<?xml version="1.0" encoding="UTF-8"?>
<testsuite xmlns:xsi="http://www.w3.org/2001/XMLSchema-instance" xsi:noNamespaceSchemaLocation="https://maven.apache.org/surefire/maven-surefire-plugin/xsd/surefire-test-report.xsd" name="org.apache.hadoop.ozone.client.rpc.TestOzoneClientRetriesOnException" time="76.367" tests="2" errors="2" skipped="0" failures="0">
  <properties>
    <property name="awt.toolkit" value="sun.awt.X11.XToolkit"/>
    <property name="file.encoding.pkg" value="sun.io"/>
    <property name="java.specification.version" value="1.8"/>
    <property name="sun.cpu.isalist" value=""/>
    <property name="sun.jnu.encoding" value="UTF-8"/>
    <property name="java.class.path" value="/tmp/workdir/hadoop-ozone/integration-test/target/test-classes:/tmp/workdir/hadoop-ozone/integration-test/target/classes:/home/user/.m2/repository/org/apache/hadoop/hadoop-ozone-common/0.5.0-SNAPSHOT/hadoop-ozone-common-0.5.0-SNAPSHOT.jar:/home/user/.m2/repository/org/apache/commons/commons-compress/1.4.1/commons-compress-1.4.1.jar:/home/user/.m2/repository/org/tukaani/xz/1.0/xz-1.0.jar:/home/user/.m2/repository/org/apache/hadoop/hadoop-common/3.2.0/hadoop-common-3.2.0.jar:/home/user/.m2/repository/org/apache/hadoop/hadoop-hdfs/3.2.0/hadoop-hdfs-3.2.0.jar:/home/user/.m2/repository/org/apache/hadoop/hadoop-hdfs-client/3.2.0/hadoop-hdfs-client-3.2.0.jar:/home/user/.m2/repository/com/fasterxml/jackson/core/jackson-annotations/2.9.5/jackson-annotations-2.9.5.jar:/home/user/.m2/repository/org/apache/hadoop/hadoop-hdds-common/0.5.0-SNAPSHOT/hadoop-hdds-common-0.5.0-SNAPSHOT.jar:/home/user/.m2/repository/javax/annotation/javax.annotation-api/1.2/javax.annotation-api-1.2.jar:/home/user/.m2/repository/org/apache/ratis/ratis-server/0.4.0-2337318-SNAPSHOT/ratis-server-0.4.0-2337318-SNAPSHOT.jar:/home/user/.m2/repository/org/apache/ratis/ratis-thirdparty-misc/0.2.0/ratis-thirdparty-misc-0.2.0.jar:/home/user/.m2/repository/org/apache/ratis/ratis-proto/0.4.0-2337318-SNAPSHOT/ratis-proto-0.4.0-2337318-SNAPSHOT.jar:/home/user/.m2/repository/org/apache/ratis/ratis-common/0.4.0-2337318-SNAPSHOT/ratis-common-0.4.0-2337318-SNAPSHOT.jar:/home/user/.m2/repository/org/apache/ratis/ratis-client/0.4.0-2337318-SNAPSHOT/ratis-client-0.4.0-2337318-SNAPSHOT.jar:/home/user/.m2/repository/org/apache/ratis/ratis-metrics/0.4.0-2337318-SNAPSHOT/ratis-metrics-0.4.0-2337318-SNAPSHOT.jar:/home/user/.m2/repository/org/apache/ratis/ratis-netty/0.4.0-2337318-SNAPSHOT/ratis-netty-0.4.0-2337318-SNAPSHOT.jar:/home/user/.m2/repository/org/apache/ratis/ratis-grpc/0.4.0-2337318-SNAPSHOT/ratis-grpc-0.4.0-2337318-SNAPSHOT.jar:/home/user/.m2/repository/org/rocksdb/rocksdbjni/6.0.1/rocksdbjni-6.0.1.jar:/home/user/.m2/repository/org/apache/logging/log4j/log4j-api/2.11.0/log4j-api-2.11.0.jar:/home/user/.m2/repository/org/apache/logging/log4j/log4j-core/2.11.0/log4j-core-2.11.0.jar:/home/user/.m2/repository/com/lmax/disruptor/3.4.2/disruptor-3.4.2.jar:/home/user/.m2/repository/org/apache/commons/commons-pool2/2.6.0/commons-pool2-2.6.0.jar:/home/user/.m2/repository/org/bouncycastle/bcpkix-jdk15on/1.60/bcpkix-jdk15on-1.60.jar:/home/user/.m2/repository/commons-validator/commons-validator/1.6/commons-validator-1.6.jar:/home/user/.m2/repository/commons-digester/commons-digester/1.8.1/commons-digester-1.8.1.jar:/home/user/.m2/repository/io/jaegertracing/jaeger-client/0.33.1/jaeger-client-0.33.1.jar:/home/user/.m2/repository/io/jaegertracing/jaeger-thrift/0.33.1/jaeger-thrift-0.33.1.jar:/home/user/.m2/repository/org/apache/thrift/libthrift/0.11.0/libthrift-0.11.0.jar:/home/user/.m2/repository/com/squareup/okhttp3/okhttp/3.9.0/okhttp-3.9.0.jar:/home/user/.m2/repository/com/squareup/okio/okio/1.13.0/okio-1.13.0.jar:/home/user/.m2/repository/io/jaegertracing/jaeger-core/0.33.1/jaeger-core-0.33.1.jar:/home/user/.m2/repository/io/jaegertracing/jaeger-tracerresolver/0.33.1/jaeger-tracerresolver-0.33.1.jar:/home/user/.m2/repository/io/opentracing/contrib/opentracing-tracerresolver/0.1.5/opentracing-tracerresolver-0.1.5.jar:/home/user/.m2/repository/io/opentracing/opentracing-util/0.31.0/opentracing-util-0.31.0.jar:/home/user/.m2/repository/io/opentracing/opentracing-api/0.31.0/opentracing-api-0.31.0.jar:/home/user/.m2/repository/io/opentracing/opentracing-noop/0.31.0/opentracing-noop-0.31.0.jar:/home/user/.m2/repository/org/apache/hadoop/hadoop-hdds-server-framework/0.5.0-SNAPSHOT/hadoop-hdds-server-framework-0.5.0-SNAPSHOT.jar:/home/user/.m2/repository/org/apache/hadoop/hadoop-hdds-container-service/0.5.0-SNAPSHOT/hadoop-hdds-container-service-0.5.0-SNAPSHOT.jar:/home/user/.m2/repository/org/apache/hadoop/hadoop-hdds-client/0.5.0-SNAPSHOT/hadoop-hdds-client-0.5.0-SNAPSHOT.jar:/home/user/.m2/repository/org/apache/hadoop/hadoop-hdds-tools/0.5.0-SNAPSHOT/hadoop-hdds-tools-0.5.0-SNAPSHOT.jar:/home/user/.m2/repository/org/apache/hadoop/hadoop-hdds-server-scm/0.5.0-SNAPSHOT/hadoop-hdds-server-scm-0.5.0-SNAPSHOT.jar:/home/user/.m2/repository/org/apache/hadoop/hadoop-hdds-docs/0.5.0-SNAPSHOT/hadoop-hdds-docs-0.5.0-SNAPSHOT.jar:/home/user/.m2/repository/io/dropwizard/metrics/metrics-core/3.2.4/metrics-core-3.2.4.jar:/home/user/.m2/repository/org/hamcrest/hamcrest-all/1.3/hamcrest-all-1.3.jar:/home/user/.m2/repository/org/bouncycastle/bcprov-jdk15on/1.60/bcprov-jdk15on-1.60.jar:/home/user/.m2/repository/info/picocli/picocli/3.9.6/picocli-3.9.6.jar:/home/user/.m2/repository/com/google/protobuf/protobuf-java/2.5.0/protobuf-java-2.5.0.jar:/home/user/.m2/repository/com/google/guava/guava/11.0.2/guava-11.0.2.jar:/home/user/.m2/repository/org/apache/hadoop/hadoop-ozone-ozone-manager/0.5.0-SNAPSHOT/hadoop-ozone-ozone-manager-0.5.0-SNAPSHOT.jar:/home/user/.m2/repository/org/apache/hadoop/hadoop-minikdc/3.2.0/hadoop-minikdc-3.2.0.jar:/home/user/.m2/repository/commons-io/commons-io/2.5/commons-io-2.5.jar:/home/user/.m2/repository/org/apache/kerby/kerb-simplekdc/1.0.1/kerb-simplekdc-1.0.1.jar:/home/user/.m2/repository/org/apache/kerby/kerb-client/1.0.1/kerb-client-1.0.1.jar:/home/user/.m2/repository/org/apache/kerby/kerby-config/1.0.1/kerby-config-1.0.1.jar:/home/user/.m2/repository/org/apache/kerby/kerb-core/1.0.1/kerb-core-1.0.1.jar:/home/user/.m2/repository/org/apache/kerby/kerby-pkix/1.0.1/kerby-pkix-1.0.1.jar:/home/user/.m2/repository/org/apache/kerby/kerby-asn1/1.0.1/kerby-asn1-1.0.1.jar:/home/user/.m2/repository/org/apache/kerby/kerby-util/1.0.1/kerby-util-1.0.1.jar:/home/user/.m2/repository/org/apache/kerby/kerb-common/1.0.1/kerb-common-1.0.1.jar:/home/user/.m2/repository/org/apache/kerby/kerb-crypto/1.0.1/kerb-crypto-1.0.1.jar:/home/user/.m2/repository/org/apache/kerby/kerb-util/1.0.1/kerb-util-1.0.1.jar:/home/user/.m2/repository/org/apache/kerby/token-provider/1.0.1/token-provider-1.0.1.jar:/home/user/.m2/repository/org/apache/kerby/kerb-admin/1.0.1/kerb-admin-1.0.1.jar:/home/user/.m2/repository/org/apache/kerby/kerb-server/1.0.1/kerb-server-1.0.1.jar:/home/user/.m2/repository/org/apache/kerby/kerb-identity/1.0.1/kerb-identity-1.0.1.jar:/home/user/.m2/repository/org/apache/kerby/kerby-xdr/1.0.1/kerby-xdr-1.0.1.jar:/home/user/.m2/repository/org/slf4j/slf4j-log4j12/1.7.25/slf4j-log4j12-1.7.25.jar:/home/user/.m2/repository/org/apache/hadoop/hadoop-ozone-objectstore-service/0.5.0-SNAPSHOT/hadoop-ozone-objectstore-service-0.5.0-SNAPSHOT.jar:/home/user/.m2/repository/org/apache/hadoop/hadoop-ozone-s3gateway/0.5.0-SNAPSHOT/hadoop-ozone-s3gateway-0.5.0-SNAPSHOT.jar:/home/user/.m2/repository/org/jboss/weld/servlet/weld-servlet/2.4.7.Final/weld-servlet-2.4.7.Final.jar:/home/user/.m2/repository/org/glassfish/jersey/containers/jersey-container-servlet-core/2.27/jersey-container-servlet-core-2.27.jar:/home/user/.m2/repository/org/glassfish/hk2/external/javax.inject/2.5.0-b42/javax.inject-2.5.0-b42.jar:/home/user/.m2/repository/org/glassfish/jersey/core/jersey-common/2.27/jersey-common-2.27.jar:/home/user/.m2/repository/org/glassfish/hk2/osgi-resource-locator/1.0.1/osgi-resource-locator-1.0.1.jar:/home/user/.m2/repository/javax/ws/rs/javax.ws.rs-api/2.1/javax.ws.rs-api-2.1.jar:/home/user/.m2/repository/org/glassfish/jersey/ext/cdi/jersey-cdi1x/2.27/jersey-cdi1x-2.27.jar:/home/user/.m2/repository/org/glassfish/jersey/inject/jersey-hk2/2.27/jersey-hk2-2.27.jar:/home/user/.m2/repository/org/glassfish/hk2/hk2-locator/2.5.0-b42/hk2-locator-2.5.0-b42.jar:/home/user/.m2/repository/org/javassist/javassist/3.22.0-CR2/javassist-3.22.0-CR2.jar:/home/user/.m2/repository/org/glassfish/hk2/hk2-api/2.5.0/hk2-api-2.5.0.jar:/home/user/.m2/repository/org/glassfish/hk2/external/jakarta.inject/2.5.0/jakarta.inject-2.5.0.jar:/home/user/.m2/repository/org/glassfish/hk2/hk2-utils/2.5.0/hk2-utils-2.5.0.jar:/home/user/.m2/repository/jakarta/annotation/jakarta.annotation-api/1.3.4/jakarta.annotation-api-1.3.4.jar:/home/user/.m2/repository/org/glassfish/hk2/external/aopalliance-repackaged/2.5.0/aopalliance-repackaged-2.5.0.jar:/home/user/.m2/repository/com/fasterxml/jackson/dataformat/jackson-dataformat-xml/2.9.0/jackson-dataformat-xml-2.9.0.jar:/home/user/.m2/repository/com/fasterxml/jackson/core/jackson-core/2.9.5/jackson-core-2.9.5.jar:/home/user/.m2/repository/com/fasterxml/jackson/module/jackson-module-jaxb-annotations/2.9.5/jackson-module-jaxb-annotations-2.9.5.jar:/home/user/.m2/repository/javax/enterprise/cdi-api/1.2/cdi-api-1.2.jar:/home/user/.m2/repository/javax/el/javax.el-api/3.0.0/javax.el-api-3.0.0.jar:/home/user/.m2/repository/javax/interceptor/javax.interceptor-api/1.2/javax.interceptor-api-1.2.jar:/home/user/.m2/repository/javax/inject/javax.inject/1/javax.inject-1.jar:/home/user/.m2/repository/com/sun/xml/bind/jaxb-impl/2.3.0.1/jaxb-impl-2.3.0.1.jar:/home/user/.m2/repository/com/sun/xml/bind/jaxb-core/2.3.0.1/jaxb-core-2.3.0.1.jar:/home/user/.m2/repository/javax/xml/bind/jaxb-api/2.3.0/jaxb-api-2.3.0.jar:/home/user/.m2/repository/javax/activation/activation/1.1.1/activation-1.1.1.jar:/home/user/.m2/repository/org/apache/hadoop/hadoop-ozone-csi/0.5.0-SNAPSHOT/hadoop-ozone-csi-0.5.0-SNAPSHOT.jar:/home/user/.m2/repository/com/google/protobuf/protobuf-java-util/3.5.1/protobuf-java-util-3.5.1.jar:/home/user/.m2/repository/org/apache/hadoop/hadoop-hdds-config/0.5.0-SNAPSHOT/hadoop-hdds-config-0.5.0-SNAPSHOT.jar:/home/user/.m2/repository/io/grpc/grpc-netty/1.17.1/grpc-netty-1.17.1.jar:/home/user/.m2/repository/io/grpc/grpc-core/1.17.1/grpc-core-1.17.1.jar:/home/user/.m2/repository/io/grpc/grpc-context/1.17.1/grpc-context-1.17.1.jar:/home/user/.m2/repository/com/google/errorprone/error_prone_annotations/2.2.0/error_prone_annotations-2.2.0.jar:/home/user/.m2/repository/org/codehaus/mojo/animal-sniffer-annotations/1.17/animal-sniffer-annotations-1.17.jar:/home/user/.m2/repository/io/opencensus/opencensus-api/0.17.0/opencensus-api-0.17.0.jar:/home/user/.m2/repository/io/opencensus/opencensus-contrib-grpc-metrics/0.17.0/opencensus-contrib-grpc-metrics-0.17.0.jar:/home/user/.m2/repository/io/netty/netty-codec-http2/4.1.30.Final/netty-codec-http2-4.1.30.Final.jar:/home/user/.m2/repository/io/netty/netty-codec-http/4.1.30.Final/netty-codec-http-4.1.30.Final.jar:/home/user/.m2/repository/io/netty/netty-codec/4.1.30.Final/netty-codec-4.1.30.Final.jar:/home/user/.m2/repository/io/netty/netty-handler/4.1.30.Final/netty-handler-4.1.30.Final.jar:/home/user/.m2/repository/io/netty/netty-handler-proxy/4.1.30.Final/netty-handler-proxy-4.1.30.Final.jar:/home/user/.m2/repository/io/netty/netty-codec-socks/4.1.30.Final/netty-codec-socks-4.1.30.Final.jar:/home/user/.m2/repository/io/netty/netty-transport-native-epoll/4.1.30.Final/netty-transport-native-epoll-4.1.30.Final.jar:/home/user/.m2/repository/io/netty/netty-common/4.1.30.Final/netty-common-4.1.30.Final.jar:/home/user/.m2/repository/io/netty/netty-buffer/4.1.30.Final/netty-buffer-4.1.30.Final.jar:/home/user/.m2/repository/io/netty/netty-transport/4.1.30.Final/netty-transport-4.1.30.Final.jar:/home/user/.m2/repository/io/netty/netty-resolver/4.1.30.Final/netty-resolver-4.1.30.Final.jar:/home/user/.m2/repository/io/netty/netty-transport-native-unix-common/4.1.30.Final/netty-transport-native-unix-common-4.1.30.Final.jar:/home/user/.m2/repository/io/grpc/grpc-protobuf/1.17.1/grpc-protobuf-1.17.1.jar:/home/user/.m2/repository/com/google/api/grpc/proto-google-common-protos/1.0.0/proto-google-common-protos-1.0.0.jar:/home/user/.m2/repository/io/grpc/grpc-protobuf-lite/1.17.1/grpc-protobuf-lite-1.17.1.jar:/home/user/.m2/repository/io/grpc/grpc-stub/1.17.1/grpc-stub-1.17.1.jar:/home/user/.m2/repository/org/apache/hadoop/hadoop-ozone-recon/0.5.0-SNAPSHOT/hadoop-ozone-recon-0.5.0-SNAPSHOT.jar:/home/user/.m2/repository/org/apache/hadoop/hadoop-ozone-reconcodegen/0.5.0-SNAPSHOT/hadoop-ozone-reconcodegen-0.5.0-SNAPSHOT.jar:/home/user/.m2/repository/com/google/inject/extensions/guice-multibindings/4.0/guice-multibindings-4.0.jar:/home/user/.m2/repository/com/google/inject/guice/4.0/guice-4.0.jar:/home/user/.m2/repository/aopalliance/aopalliance/1.0/aopalliance-1.0.jar:/home/user/.m2/repository/com/google/inject/extensions/guice-servlet/4.0/guice-servlet-4.0.jar:/home/user/.m2/repository/org/glassfish/jersey/containers/jersey-container-servlet/2.27/jersey-container-servlet-2.27.jar:/home/user/.m2/repository/org/glassfish/hk2/guice-bridge/2.5.0/guice-bridge-2.5.0.jar:/home/user/.m2/repository/org/glassfish/jersey/core/jersey-server/2.27/jersey-server-2.27.jar:/home/user/.m2/repository/org/glassfish/jersey/core/jersey-client/2.27/jersey-client-2.27.jar:/home/user/.m2/repository/org/glassfish/jersey/media/jersey-media-jaxb/2.27/jersey-media-jaxb-2.27.jar:/home/user/.m2/repository/javax/validation/validation-api/1.1.0.Final/validation-api-1.1.0.Final.jar:/home/user/.m2/repository/org/glassfish/jersey/media/jersey-media-json-jackson/2.27/jersey-media-json-jackson-2.27.jar:/home/user/.m2/repository/org/glassfish/jersey/ext/jersey-entity-filtering/2.27/jersey-entity-filtering-2.27.jar:/home/user/.m2/repository/com/google/inject/extensions/guice-assistedinject/4.0/guice-assistedinject-4.0.jar:/home/user/.m2/repository/org/jooq/jooq/3.11.10/jooq-3.11.10.jar:/home/user/.m2/repository/org/jooq/jooq-meta/3.11.10/jooq-meta-3.11.10.jar:/home/user/.m2/repository/org/jooq/jooq-codegen/3.11.10/jooq-codegen-3.11.10.jar:/home/user/.m2/repository/com/jolbox/bonecp/0.8.0.RELEASE/bonecp-0.8.0.RELEASE.jar:/home/user/.m2/repository/org/xerial/sqlite-jdbc/3.25.2/sqlite-jdbc-3.25.2.jar:/home/user/.m2/repository/org/springframework/spring-jdbc/5.1.3.RELEASE/spring-jdbc-5.1.3.RELEASE.jar:/home/user/.m2/repository/org/springframework/spring-beans/5.1.3.RELEASE/spring-beans-5.1.3.RELEASE.jar:/home/user/.m2/repository/org/springframework/spring-core/5.1.3.RELEASE/spring-core-5.1.3.RELEASE.jar:/home/user/.m2/repository/org/springframework/spring-jcl/5.1.3.RELEASE/spring-jcl-5.1.3.RELEASE.jar:/home/user/.m2/repository/org/springframework/spring-tx/5.1.3.RELEASE/spring-tx-5.1.3.RELEASE.jar:/home/user/.m2/repository/org/apache/hadoop/hadoop-ozone-client/0.5.0-SNAPSHOT/hadoop-ozone-client-0.5.0-SNAPSHOT.jar:/home/user/.m2/repository/commons-lang/commons-lang/2.6/commons-lang-2.6.jar:/home/user/.m2/repository/org/apache/hadoop/hadoop-ozone-ozone-manager/0.5.0-SNAPSHOT/hadoop-ozone-ozone-manager-0.5.0-SNAPSHOT-tests.jar:/home/user/.m2/repository/junit/junit/4.11/junit-4.11.jar:/home/user/.m2/repository/org/hamcrest/hamcrest-core/1.3/hamcrest-core-1.3.jar:/home/user/.m2/repository/org/openjdk/jmh/jmh-core/1.19/jmh-core-1.19.jar:/home/user/.m2/repository/net/sf/jopt-simple/jopt-simple/4.6/jopt-simple-4.6.jar:/home/user/.m2/repository/org/apache/commons/commons-math3/3.1.1/commons-math3-3.1.1.jar:/home/user/.m2/repository/org/openjdk/jmh/jmh-generator-annprocess/1.19/jmh-generator-annprocess-1.19.jar:/home/user/.m2/repository/org/mockito/mockito-all/1.8.5/mockito-all-1.8.5.jar:/home/user/.m2/repository/org/apache/hadoop/hadoop-kms/3.2.0/hadoop-kms-3.2.0.jar:/home/user/.m2/repository/org/apache/hadoop/hadoop-auth/3.2.0/hadoop-auth-3.2.0.jar:/home/user/.m2/repository/com/nimbusds/nimbus-jose-jwt/4.41.1/nimbus-jose-jwt-4.41.1.jar:/home/user/.m2/repository/com/github/stephenc/jcip/jcip-annotations/1.0-1/jcip-annotations-1.0-1.jar:/home/user/.m2/repository/net/minidev/json-smart/2.3/json-smart-2.3.jar:/home/user/.m2/repository/net/minidev/accessors-smart/1.2/accessors-smart-1.2.jar:/home/user/.m2/repository/org/ow2/asm/asm/5.0.4/asm-5.0.4.jar:/home/user/.m2/repository/org/apache/curator/curator-framework/2.12.0/curator-framework-2.12.0.jar:/home/user/.m2/repository/com/sun/jersey/jersey-core/1.19/jersey-core-1.19.jar:/home/user/.m2/repository/javax/ws/rs/jsr311-api/1.1.1/jsr311-api-1.1.1.jar:/home/user/.m2/repository/com/sun/jersey/jersey-server/1.19/jersey-server-1.19.jar:/home/user/.m2/repository/javax/servlet/javax.servlet-api/3.1.0/javax.servlet-api-3.1.0.jar:/home/user/.m2/repository/org/eclipse/jetty/jetty-server/9.3.24.v20180605/jetty-server-9.3.24.v20180605.jar:/home/user/.m2/repository/org/eclipse/jetty/jetty-http/9.3.24.v20180605/jetty-http-9.3.24.v20180605.jar:/home/user/.m2/repository/org/eclipse/jetty/jetty-io/9.3.24.v20180605/jetty-io-9.3.24.v20180605.jar:/home/user/.m2/repository/org/eclipse/jetty/jetty-webapp/9.3.24.v20180605/jetty-webapp-9.3.24.v20180605.jar:/home/user/.m2/repository/org/eclipse/jetty/jetty-xml/9.3.24.v20180605/jetty-xml-9.3.24.v20180605.jar:/home/user/.m2/repository/log4j/log4j/1.2.17/log4j-1.2.17.jar:/home/user/.m2/repository/org/slf4j/slf4j-api/1.7.25/slf4j-api-1.7.25.jar:/home/user/.m2/repository/org/slf4j/jul-to-slf4j/1.7.25/jul-to-slf4j-1.7.25.jar:/home/user/.m2/repository/org/eclipse/jetty/jetty-util/9.3.24.v20180605/jetty-util-9.3.24.v20180605.jar:/home/user/.m2/repository/com/fasterxml/jackson/core/jackson-databind/2.9.5/jackson-databind-2.9.5.jar:/home/user/.m2/repository/org/apache/hadoop/hadoop-kms/3.2.0/hadoop-kms-3.2.0-tests.jar:/home/user/.m2/repository/org/apache/hadoop/hadoop-hdds-server-scm/0.5.0-SNAPSHOT/hadoop-hdds-server-scm-0.5.0-SNAPSHOT-tests.jar:/home/user/.m2/repository/org/apache/hadoop/hadoop-hdds-container-service/0.5.0-SNAPSHOT/hadoop-hdds-container-service-0.5.0-SNAPSHOT-tests.jar:/home/user/.m2/repository/org/yaml/snakeyaml/1.16/snakeyaml-1.16.jar:/home/user/.m2/repository/org/apache/hadoop/hadoop-common/3.2.0/hadoop-common-3.2.0-tests.jar:/home/user/.m2/repository/org/apache/hadoop/hadoop-annotations/3.2.0/hadoop-annotations-3.2.0.jar:/usr/lib/jvm/java-1.8-openjdk/jre/../lib/tools.jar:/home/user/.m2/repository/commons-cli/commons-cli/1.2/commons-cli-1.2.jar:/home/user/.m2/repository/org/apache/httpcomponents/httpclient/4.5.2/httpclient-4.5.2.jar:/home/user/.m2/repository/org/apache/httpcomponents/httpcore/4.4.4/httpcore-4.4.4.jar:/home/user/.m2/repository/commons-codec/commons-codec/1.11/commons-codec-1.11.jar:/home/user/.m2/repository/commons-net/commons-net/3.6/commons-net-3.6.jar:/home/user/.m2/repository/commons-collections/commons-collections/3.2.2/commons-collections-3.2.2.jar:/home/user/.m2/repository/org/eclipse/jetty/jetty-servlet/9.3.24.v20180605/jetty-servlet-9.3.24.v20180605.jar:/home/user/.m2/repository/org/eclipse/jetty/jetty-security/9.3.24.v20180605/jetty-security-9.3.24.v20180605.jar:/home/user/.m2/repository/javax/servlet/jsp/jsp-api/2.1/jsp-api-2.1.jar:/home/user/.m2/repository/com/sun/jersey/jersey-servlet/1.19/jersey-servlet-1.19.jar:/home/user/.m2/repository/com/sun/jersey/jersey-json/1.19/jersey-json-1.19.jar:/home/user/.m2/repository/org/codehaus/jettison/jettison/1.1/jettison-1.1.jar:/home/user/.m2/repository/org/codehaus/jackson/jackson-core-asl/1.9.13/jackson-core-asl-1.9.13.jar:/home/user/.m2/repository/org/codehaus/jackson/jackson-mapper-asl/1.9.13/jackson-mapper-asl-1.9.13.jar:/home/user/.m2/repository/org/codehaus/jackson/jackson-jaxrs/1.9.13/jackson-jaxrs-1.9.13.jar:/home/user/.m2/repository/org/codehaus/jackson/jackson-xc/1.9.13/jackson-xc-1.9.13.jar:/home/user/.m2/repository/commons-logging/commons-logging/1.1.3/commons-logging-1.1.3.jar:/home/user/.m2/repository/commons-beanutils/commons-beanutils/1.9.3/commons-beanutils-1.9.3.jar:/home/user/.m2/repository/org/apache/commons/commons-configuration2/2.1.1/commons-configuration2-2.1.1.jar:/home/user/.m2/repository/org/apache/commons/commons-lang3/3.7/commons-lang3-3.7.jar:/home/user/.m2/repository/org/apache/commons/commons-text/1.4/commons-text-1.4.jar:/home/user/.m2/repository/org/apache/avro/avro/1.7.7/avro-1.7.7.jar:/home/user/.m2/repository/com/thoughtworks/paranamer/paranamer/2.3/paranamer-2.3.jar:/home/user/.m2/repository/org/xerial/snappy/snappy-java/1.0.5/snappy-java-1.0.5.jar:/home/user/.m2/repository/com/google/re2j/re2j/1.1/re2j-1.1.jar:/home/user/.m2/repository/com/google/code/gson/gson/2.2.4/gson-2.2.4.jar:/home/user/.m2/repository/com/jcraft/jsch/0.1.54/jsch-0.1.54.jar:/home/user/.m2/repository/org/apache/curator/curator-client/2.12.0/curator-client-2.12.0.jar:/home/user/.m2/repository/org/apache/curator/curator-recipes/2.12.0/curator-recipes-2.12.0.jar:/home/user/.m2/repository/com/google/code/findbugs/jsr305/3.0.0/jsr305-3.0.0.jar:/home/user/.m2/repository/org/apache/htrace/htrace-core4/4.1.0-incubating/htrace-core4-4.1.0-incubating.jar:/home/user/.m2/repository/org/apache/zookeeper/zookeeper/3.4.13/zookeeper-3.4.13.jar:/home/user/.m2/repository/org/apache/yetus/audience-annotations/0.5.0/audience-annotations-0.5.0.jar:/home/user/.m2/repository/org/codehaus/woodstox/stax2-api/3.1.4/stax2-api-3.1.4.jar:/home/user/.m2/repository/com/fasterxml/woodstox/woodstox-core/5.0.3/woodstox-core-5.0.3.jar:/home/user/.m2/repository/dnsjava/dnsjava/2.1.7/dnsjava-2.1.7.jar:/home/user/.m2/repository/org/apache/hadoop/hadoop-hdfs/3.2.0/hadoop-hdfs-3.2.0-tests.jar:/home/user/.m2/repository/org/eclipse/jetty/jetty-util-ajax/9.3.24.v20180605/jetty-util-ajax-9.3.24.v20180605.jar:/home/user/.m2/repository/commons-daemon/commons-daemon/1.0.13/commons-daemon-1.0.13.jar:/home/user/.m2/repository/io/netty/netty/3.10.5.Final/netty-3.10.5.Final.jar:/home/user/.m2/repository/io/netty/netty-all/4.0.52.Final/netty-all-4.0.52.Final.jar:/home/user/.m2/repository/org/fusesource/leveldbjni/leveldbjni-all/1.8/leveldbjni-all-1.8.jar:"/>
    <property name="java.vm.vendor" value="IcedTea"/>
    <property name="sun.arch.data.model" value="64"/>
    <property name="test.build.dir" value="/tmp/workdir/hadoop-ozone/integration-test/target/test-dir"/>
    <property name="test.cache.data" value=""/>
    <property name="java.vendor.url" value="https://icedtea.classpath.org"/>
    <property name="user.timezone" value=""/>
    <property name="java.vm.specification.version" value="1.8"/>
    <property name="os.name" value="Linux"/>
    <property name="test.build.data" value="/tmp/workdir/hadoop-ozone/integration-test/target/test-dir"/>
    <property name="user.country" value="US"/>
    <property name="sun.java.launcher" value="SUN_STANDARD"/>
    <property name="sun.boot.library.path" value="/usr/lib/jvm/java-1.8-openjdk/jre/lib/amd64"/>
    <property name="sun.java.command" value="/tmp/workdir/hadoop-ozone/integration-test/target/surefire/surefirebooter1265875013501637269.jar /tmp/workdir/hadoop-ozone/integration-test/target/surefire 2019-07-13T20-10-23_519-jvmRun1 surefire3535411378845717826tmp surefire_412750499162768100206tmp"/>
    <property name="surefire.test.class.path" value="/tmp/workdir/hadoop-ozone/integration-test/target/test-classes:/tmp/workdir/hadoop-ozone/integration-test/target/classes:/home/user/.m2/repository/org/apache/hadoop/hadoop-ozone-common/0.5.0-SNAPSHOT/hadoop-ozone-common-0.5.0-SNAPSHOT.jar:/home/user/.m2/repository/org/apache/commons/commons-compress/1.4.1/commons-compress-1.4.1.jar:/home/user/.m2/repository/org/tukaani/xz/1.0/xz-1.0.jar:/home/user/.m2/repository/org/apache/hadoop/hadoop-common/3.2.0/hadoop-common-3.2.0.jar:/home/user/.m2/repository/org/apache/hadoop/hadoop-hdfs/3.2.0/hadoop-hdfs-3.2.0.jar:/home/user/.m2/repository/org/apache/hadoop/hadoop-hdfs-client/3.2.0/hadoop-hdfs-client-3.2.0.jar:/home/user/.m2/repository/com/fasterxml/jackson/core/jackson-annotations/2.9.5/jackson-annotations-2.9.5.jar:/home/user/.m2/repository/org/apache/hadoop/hadoop-hdds-common/0.5.0-SNAPSHOT/hadoop-hdds-common-0.5.0-SNAPSHOT.jar:/home/user/.m2/repository/javax/annotation/javax.annotation-api/1.2/javax.annotation-api-1.2.jar:/home/user/.m2/repository/org/apache/ratis/ratis-server/0.4.0-2337318-SNAPSHOT/ratis-server-0.4.0-2337318-SNAPSHOT.jar:/home/user/.m2/repository/org/apache/ratis/ratis-thirdparty-misc/0.2.0/ratis-thirdparty-misc-0.2.0.jar:/home/user/.m2/repository/org/apache/ratis/ratis-proto/0.4.0-2337318-SNAPSHOT/ratis-proto-0.4.0-2337318-SNAPSHOT.jar:/home/user/.m2/repository/org/apache/ratis/ratis-common/0.4.0-2337318-SNAPSHOT/ratis-common-0.4.0-2337318-SNAPSHOT.jar:/home/user/.m2/repository/org/apache/ratis/ratis-client/0.4.0-2337318-SNAPSHOT/ratis-client-0.4.0-2337318-SNAPSHOT.jar:/home/user/.m2/repository/org/apache/ratis/ratis-metrics/0.4.0-2337318-SNAPSHOT/ratis-metrics-0.4.0-2337318-SNAPSHOT.jar:/home/user/.m2/repository/org/apache/ratis/ratis-netty/0.4.0-2337318-SNAPSHOT/ratis-netty-0.4.0-2337318-SNAPSHOT.jar:/home/user/.m2/repository/org/apache/ratis/ratis-grpc/0.4.0-2337318-SNAPSHOT/ratis-grpc-0.4.0-2337318-SNAPSHOT.jar:/home/user/.m2/repository/org/rocksdb/rocksdbjni/6.0.1/rocksdbjni-6.0.1.jar:/home/user/.m2/repository/org/apache/logging/log4j/log4j-api/2.11.0/log4j-api-2.11.0.jar:/home/user/.m2/repository/org/apache/logging/log4j/log4j-core/2.11.0/log4j-core-2.11.0.jar:/home/user/.m2/repository/com/lmax/disruptor/3.4.2/disruptor-3.4.2.jar:/home/user/.m2/repository/org/apache/commons/commons-pool2/2.6.0/commons-pool2-2.6.0.jar:/home/user/.m2/repository/org/bouncycastle/bcpkix-jdk15on/1.60/bcpkix-jdk15on-1.60.jar:/home/user/.m2/repository/commons-validator/commons-validator/1.6/commons-validator-1.6.jar:/home/user/.m2/repository/commons-digester/commons-digester/1.8.1/commons-digester-1.8.1.jar:/home/user/.m2/repository/io/jaegertracing/jaeger-client/0.33.1/jaeger-client-0.33.1.jar:/home/user/.m2/repository/io/jaegertracing/jaeger-thrift/0.33.1/jaeger-thrift-0.33.1.jar:/home/user/.m2/repository/org/apache/thrift/libthrift/0.11.0/libthrift-0.11.0.jar:/home/user/.m2/repository/com/squareup/okhttp3/okhttp/3.9.0/okhttp-3.9.0.jar:/home/user/.m2/repository/com/squareup/okio/okio/1.13.0/okio-1.13.0.jar:/home/user/.m2/repository/io/jaegertracing/jaeger-core/0.33.1/jaeger-core-0.33.1.jar:/home/user/.m2/repository/io/jaegertracing/jaeger-tracerresolver/0.33.1/jaeger-tracerresolver-0.33.1.jar:/home/user/.m2/repository/io/opentracing/contrib/opentracing-tracerresolver/0.1.5/opentracing-tracerresolver-0.1.5.jar:/home/user/.m2/repository/io/opentracing/opentracing-util/0.31.0/opentracing-util-0.31.0.jar:/home/user/.m2/repository/io/opentracing/opentracing-api/0.31.0/opentracing-api-0.31.0.jar:/home/user/.m2/repository/io/opentracing/opentracing-noop/0.31.0/opentracing-noop-0.31.0.jar:/home/user/.m2/repository/org/apache/hadoop/hadoop-hdds-server-framework/0.5.0-SNAPSHOT/hadoop-hdds-server-framework-0.5.0-SNAPSHOT.jar:/home/user/.m2/repository/org/apache/hadoop/hadoop-hdds-container-service/0.5.0-SNAPSHOT/hadoop-hdds-container-service-0.5.0-SNAPSHOT.jar:/home/user/.m2/repository/org/apache/hadoop/hadoop-hdds-client/0.5.0-SNAPSHOT/hadoop-hdds-client-0.5.0-SNAPSHOT.jar:/home/user/.m2/repository/org/apache/hadoop/hadoop-hdds-tools/0.5.0-SNAPSHOT/hadoop-hdds-tools-0.5.0-SNAPSHOT.jar:/home/user/.m2/repository/org/apache/hadoop/hadoop-hdds-server-scm/0.5.0-SNAPSHOT/hadoop-hdds-server-scm-0.5.0-SNAPSHOT.jar:/home/user/.m2/repository/org/apache/hadoop/hadoop-hdds-docs/0.5.0-SNAPSHOT/hadoop-hdds-docs-0.5.0-SNAPSHOT.jar:/home/user/.m2/repository/io/dropwizard/metrics/metrics-core/3.2.4/metrics-core-3.2.4.jar:/home/user/.m2/repository/org/hamcrest/hamcrest-all/1.3/hamcrest-all-1.3.jar:/home/user/.m2/repository/org/bouncycastle/bcprov-jdk15on/1.60/bcprov-jdk15on-1.60.jar:/home/user/.m2/repository/info/picocli/picocli/3.9.6/picocli-3.9.6.jar:/home/user/.m2/repository/com/google/protobuf/protobuf-java/2.5.0/protobuf-java-2.5.0.jar:/home/user/.m2/repository/com/google/guava/guava/11.0.2/guava-11.0.2.jar:/home/user/.m2/repository/org/apache/hadoop/hadoop-ozone-ozone-manager/0.5.0-SNAPSHOT/hadoop-ozone-ozone-manager-0.5.0-SNAPSHOT.jar:/home/user/.m2/repository/org/apache/hadoop/hadoop-minikdc/3.2.0/hadoop-minikdc-3.2.0.jar:/home/user/.m2/repository/commons-io/commons-io/2.5/commons-io-2.5.jar:/home/user/.m2/repository/org/apache/kerby/kerb-simplekdc/1.0.1/kerb-simplekdc-1.0.1.jar:/home/user/.m2/repository/org/apache/kerby/kerb-client/1.0.1/kerb-client-1.0.1.jar:/home/user/.m2/repository/org/apache/kerby/kerby-config/1.0.1/kerby-config-1.0.1.jar:/home/user/.m2/repository/org/apache/kerby/kerb-core/1.0.1/kerb-core-1.0.1.jar:/home/user/.m2/repository/org/apache/kerby/kerby-pkix/1.0.1/kerby-pkix-1.0.1.jar:/home/user/.m2/repository/org/apache/kerby/kerby-asn1/1.0.1/kerby-asn1-1.0.1.jar:/home/user/.m2/repository/org/apache/kerby/kerby-util/1.0.1/kerby-util-1.0.1.jar:/home/user/.m2/repository/org/apache/kerby/kerb-common/1.0.1/kerb-common-1.0.1.jar:/home/user/.m2/repository/org/apache/kerby/kerb-crypto/1.0.1/kerb-crypto-1.0.1.jar:/home/user/.m2/repository/org/apache/kerby/kerb-util/1.0.1/kerb-util-1.0.1.jar:/home/user/.m2/repository/org/apache/kerby/token-provider/1.0.1/token-provider-1.0.1.jar:/home/user/.m2/repository/org/apache/kerby/kerb-admin/1.0.1/kerb-admin-1.0.1.jar:/home/user/.m2/repository/org/apache/kerby/kerb-server/1.0.1/kerb-server-1.0.1.jar:/home/user/.m2/repository/org/apache/kerby/kerb-identity/1.0.1/kerb-identity-1.0.1.jar:/home/user/.m2/repository/org/apache/kerby/kerby-xdr/1.0.1/kerby-xdr-1.0.1.jar:/home/user/.m2/repository/org/slf4j/slf4j-log4j12/1.7.25/slf4j-log4j12-1.7.25.jar:/home/user/.m2/repository/org/apache/hadoop/hadoop-ozone-objectstore-service/0.5.0-SNAPSHOT/hadoop-ozone-objectstore-service-0.5.0-SNAPSHOT.jar:/home/user/.m2/repository/org/apache/hadoop/hadoop-ozone-s3gateway/0.5.0-SNAPSHOT/hadoop-ozone-s3gateway-0.5.0-SNAPSHOT.jar:/home/user/.m2/repository/org/jboss/weld/servlet/weld-servlet/2.4.7.Final/weld-servlet-2.4.7.Final.jar:/home/user/.m2/repository/org/glassfish/jersey/containers/jersey-container-servlet-core/2.27/jersey-container-servlet-core-2.27.jar:/home/user/.m2/repository/org/glassfish/hk2/external/javax.inject/2.5.0-b42/javax.inject-2.5.0-b42.jar:/home/user/.m2/repository/org/glassfish/jersey/core/jersey-common/2.27/jersey-common-2.27.jar:/home/user/.m2/repository/org/glassfish/hk2/osgi-resource-locator/1.0.1/osgi-resource-locator-1.0.1.jar:/home/user/.m2/repository/javax/ws/rs/javax.ws.rs-api/2.1/javax.ws.rs-api-2.1.jar:/home/user/.m2/repository/org/glassfish/jersey/ext/cdi/jersey-cdi1x/2.27/jersey-cdi1x-2.27.jar:/home/user/.m2/repository/org/glassfish/jersey/inject/jersey-hk2/2.27/jersey-hk2-2.27.jar:/home/user/.m2/repository/org/glassfish/hk2/hk2-locator/2.5.0-b42/hk2-locator-2.5.0-b42.jar:/home/user/.m2/repository/org/javassist/javassist/3.22.0-CR2/javassist-3.22.0-CR2.jar:/home/user/.m2/repository/org/glassfish/hk2/hk2-api/2.5.0/hk2-api-2.5.0.jar:/home/user/.m2/repository/org/glassfish/hk2/external/jakarta.inject/2.5.0/jakarta.inject-2.5.0.jar:/home/user/.m2/repository/org/glassfish/hk2/hk2-utils/2.5.0/hk2-utils-2.5.0.jar:/home/user/.m2/repository/jakarta/annotation/jakarta.annotation-api/1.3.4/jakarta.annotation-api-1.3.4.jar:/home/user/.m2/repository/org/glassfish/hk2/external/aopalliance-repackaged/2.5.0/aopalliance-repackaged-2.5.0.jar:/home/user/.m2/repository/com/fasterxml/jackson/dataformat/jackson-dataformat-xml/2.9.0/jackson-dataformat-xml-2.9.0.jar:/home/user/.m2/repository/com/fasterxml/jackson/core/jackson-core/2.9.5/jackson-core-2.9.5.jar:/home/user/.m2/repository/com/fasterxml/jackson/module/jackson-module-jaxb-annotations/2.9.5/jackson-module-jaxb-annotations-2.9.5.jar:/home/user/.m2/repository/javax/enterprise/cdi-api/1.2/cdi-api-1.2.jar:/home/user/.m2/repository/javax/el/javax.el-api/3.0.0/javax.el-api-3.0.0.jar:/home/user/.m2/repository/javax/interceptor/javax.interceptor-api/1.2/javax.interceptor-api-1.2.jar:/home/user/.m2/repository/javax/inject/javax.inject/1/javax.inject-1.jar:/home/user/.m2/repository/com/sun/xml/bind/jaxb-impl/2.3.0.1/jaxb-impl-2.3.0.1.jar:/home/user/.m2/repository/com/sun/xml/bind/jaxb-core/2.3.0.1/jaxb-core-2.3.0.1.jar:/home/user/.m2/repository/javax/xml/bind/jaxb-api/2.3.0/jaxb-api-2.3.0.jar:/home/user/.m2/repository/javax/activation/activation/1.1.1/activation-1.1.1.jar:/home/user/.m2/repository/org/apache/hadoop/hadoop-ozone-csi/0.5.0-SNAPSHOT/hadoop-ozone-csi-0.5.0-SNAPSHOT.jar:/home/user/.m2/repository/com/google/protobuf/protobuf-java-util/3.5.1/protobuf-java-util-3.5.1.jar:/home/user/.m2/repository/org/apache/hadoop/hadoop-hdds-config/0.5.0-SNAPSHOT/hadoop-hdds-config-0.5.0-SNAPSHOT.jar:/home/user/.m2/repository/io/grpc/grpc-netty/1.17.1/grpc-netty-1.17.1.jar:/home/user/.m2/repository/io/grpc/grpc-core/1.17.1/grpc-core-1.17.1.jar:/home/user/.m2/repository/io/grpc/grpc-context/1.17.1/grpc-context-1.17.1.jar:/home/user/.m2/repository/com/google/errorprone/error_prone_annotations/2.2.0/error_prone_annotations-2.2.0.jar:/home/user/.m2/repository/org/codehaus/mojo/animal-sniffer-annotations/1.17/animal-sniffer-annotations-1.17.jar:/home/user/.m2/repository/io/opencensus/opencensus-api/0.17.0/opencensus-api-0.17.0.jar:/home/user/.m2/repository/io/opencensus/opencensus-contrib-grpc-metrics/0.17.0/opencensus-contrib-grpc-metrics-0.17.0.jar:/home/user/.m2/repository/io/netty/netty-codec-http2/4.1.30.Final/netty-codec-http2-4.1.30.Final.jar:/home/user/.m2/repository/io/netty/netty-codec-http/4.1.30.Final/netty-codec-http-4.1.30.Final.jar:/home/user/.m2/repository/io/netty/netty-codec/4.1.30.Final/netty-codec-4.1.30.Final.jar:/home/user/.m2/repository/io/netty/netty-handler/4.1.30.Final/netty-handler-4.1.30.Final.jar:/home/user/.m2/repository/io/netty/netty-handler-proxy/4.1.30.Final/netty-handler-proxy-4.1.30.Final.jar:/home/user/.m2/repository/io/netty/netty-codec-socks/4.1.30.Final/netty-codec-socks-4.1.30.Final.jar:/home/user/.m2/repository/io/netty/netty-transport-native-epoll/4.1.30.Final/netty-transport-native-epoll-4.1.30.Final.jar:/home/user/.m2/repository/io/netty/netty-common/4.1.30.Final/netty-common-4.1.30.Final.jar:/home/user/.m2/repository/io/netty/netty-buffer/4.1.30.Final/netty-buffer-4.1.30.Final.jar:/home/user/.m2/repository/io/netty/netty-transport/4.1.30.Final/netty-transport-4.1.30.Final.jar:/home/user/.m2/repository/io/netty/netty-resolver/4.1.30.Final/netty-resolver-4.1.30.Final.jar:/home/user/.m2/repository/io/netty/netty-transport-native-unix-common/4.1.30.Final/netty-transport-native-unix-common-4.1.30.Final.jar:/home/user/.m2/repository/io/grpc/grpc-protobuf/1.17.1/grpc-protobuf-1.17.1.jar:/home/user/.m2/repository/com/google/api/grpc/proto-google-common-protos/1.0.0/proto-google-common-protos-1.0.0.jar:/home/user/.m2/repository/io/grpc/grpc-protobuf-lite/1.17.1/grpc-protobuf-lite-1.17.1.jar:/home/user/.m2/repository/io/grpc/grpc-stub/1.17.1/grpc-stub-1.17.1.jar:/home/user/.m2/repository/org/apache/hadoop/hadoop-ozone-recon/0.5.0-SNAPSHOT/hadoop-ozone-recon-0.5.0-SNAPSHOT.jar:/home/user/.m2/repository/org/apache/hadoop/hadoop-ozone-reconcodegen/0.5.0-SNAPSHOT/hadoop-ozone-reconcodegen-0.5.0-SNAPSHOT.jar:/home/user/.m2/repository/com/google/inject/extensions/guice-multibindings/4.0/guice-multibindings-4.0.jar:/home/user/.m2/repository/com/google/inject/guice/4.0/guice-4.0.jar:/home/user/.m2/repository/aopalliance/aopalliance/1.0/aopalliance-1.0.jar:/home/user/.m2/repository/com/google/inject/extensions/guice-servlet/4.0/guice-servlet-4.0.jar:/home/user/.m2/repository/org/glassfish/jersey/containers/jersey-container-servlet/2.27/jersey-container-servlet-2.27.jar:/home/user/.m2/repository/org/glassfish/hk2/guice-bridge/2.5.0/guice-bridge-2.5.0.jar:/home/user/.m2/repository/org/glassfish/jersey/core/jersey-server/2.27/jersey-server-2.27.jar:/home/user/.m2/repository/org/glassfish/jersey/core/jersey-client/2.27/jersey-client-2.27.jar:/home/user/.m2/repository/org/glassfish/jersey/media/jersey-media-jaxb/2.27/jersey-media-jaxb-2.27.jar:/home/user/.m2/repository/javax/validation/validation-api/1.1.0.Final/validation-api-1.1.0.Final.jar:/home/user/.m2/repository/org/glassfish/jersey/media/jersey-media-json-jackson/2.27/jersey-media-json-jackson-2.27.jar:/home/user/.m2/repository/org/glassfish/jersey/ext/jersey-entity-filtering/2.27/jersey-entity-filtering-2.27.jar:/home/user/.m2/repository/com/google/inject/extensions/guice-assistedinject/4.0/guice-assistedinject-4.0.jar:/home/user/.m2/repository/org/jooq/jooq/3.11.10/jooq-3.11.10.jar:/home/user/.m2/repository/org/jooq/jooq-meta/3.11.10/jooq-meta-3.11.10.jar:/home/user/.m2/repository/org/jooq/jooq-codegen/3.11.10/jooq-codegen-3.11.10.jar:/home/user/.m2/repository/com/jolbox/bonecp/0.8.0.RELEASE/bonecp-0.8.0.RELEASE.jar:/home/user/.m2/repository/org/xerial/sqlite-jdbc/3.25.2/sqlite-jdbc-3.25.2.jar:/home/user/.m2/repository/org/springframework/spring-jdbc/5.1.3.RELEASE/spring-jdbc-5.1.3.RELEASE.jar:/home/user/.m2/repository/org/springframework/spring-beans/5.1.3.RELEASE/spring-beans-5.1.3.RELEASE.jar:/home/user/.m2/repository/org/springframework/spring-core/5.1.3.RELEASE/spring-core-5.1.3.RELEASE.jar:/home/user/.m2/repository/org/springframework/spring-jcl/5.1.3.RELEASE/spring-jcl-5.1.3.RELEASE.jar:/home/user/.m2/repository/org/springframework/spring-tx/5.1.3.RELEASE/spring-tx-5.1.3.RELEASE.jar:/home/user/.m2/repository/org/apache/hadoop/hadoop-ozone-client/0.5.0-SNAPSHOT/hadoop-ozone-client-0.5.0-SNAPSHOT.jar:/home/user/.m2/repository/commons-lang/commons-lang/2.6/commons-lang-2.6.jar:/home/user/.m2/repository/org/apache/hadoop/hadoop-ozone-ozone-manager/0.5.0-SNAPSHOT/hadoop-ozone-ozone-manager-0.5.0-SNAPSHOT-tests.jar:/home/user/.m2/repository/junit/junit/4.11/junit-4.11.jar:/home/user/.m2/repository/org/hamcrest/hamcrest-core/1.3/hamcrest-core-1.3.jar:/home/user/.m2/repository/org/openjdk/jmh/jmh-core/1.19/jmh-core-1.19.jar:/home/user/.m2/repository/net/sf/jopt-simple/jopt-simple/4.6/jopt-simple-4.6.jar:/home/user/.m2/repository/org/apache/commons/commons-math3/3.1.1/commons-math3-3.1.1.jar:/home/user/.m2/repository/org/openjdk/jmh/jmh-generator-annprocess/1.19/jmh-generator-annprocess-1.19.jar:/home/user/.m2/repository/org/mockito/mockito-all/1.8.5/mockito-all-1.8.5.jar:/home/user/.m2/repository/org/apache/hadoop/hadoop-kms/3.2.0/hadoop-kms-3.2.0.jar:/home/user/.m2/repository/org/apache/hadoop/hadoop-auth/3.2.0/hadoop-auth-3.2.0.jar:/home/user/.m2/repository/com/nimbusds/nimbus-jose-jwt/4.41.1/nimbus-jose-jwt-4.41.1.jar:/home/user/.m2/repository/com/github/stephenc/jcip/jcip-annotations/1.0-1/jcip-annotations-1.0-1.jar:/home/user/.m2/repository/net/minidev/json-smart/2.3/json-smart-2.3.jar:/home/user/.m2/repository/net/minidev/accessors-smart/1.2/accessors-smart-1.2.jar:/home/user/.m2/repository/org/ow2/asm/asm/5.0.4/asm-5.0.4.jar:/home/user/.m2/repository/org/apache/curator/curator-framework/2.12.0/curator-framework-2.12.0.jar:/home/user/.m2/repository/com/sun/jersey/jersey-core/1.19/jersey-core-1.19.jar:/home/user/.m2/repository/javax/ws/rs/jsr311-api/1.1.1/jsr311-api-1.1.1.jar:/home/user/.m2/repository/com/sun/jersey/jersey-server/1.19/jersey-server-1.19.jar:/home/user/.m2/repository/javax/servlet/javax.servlet-api/3.1.0/javax.servlet-api-3.1.0.jar:/home/user/.m2/repository/org/eclipse/jetty/jetty-server/9.3.24.v20180605/jetty-server-9.3.24.v20180605.jar:/home/user/.m2/repository/org/eclipse/jetty/jetty-http/9.3.24.v20180605/jetty-http-9.3.24.v20180605.jar:/home/user/.m2/repository/org/eclipse/jetty/jetty-io/9.3.24.v20180605/jetty-io-9.3.24.v20180605.jar:/home/user/.m2/repository/org/eclipse/jetty/jetty-webapp/9.3.24.v20180605/jetty-webapp-9.3.24.v20180605.jar:/home/user/.m2/repository/org/eclipse/jetty/jetty-xml/9.3.24.v20180605/jetty-xml-9.3.24.v20180605.jar:/home/user/.m2/repository/log4j/log4j/1.2.17/log4j-1.2.17.jar:/home/user/.m2/repository/org/slf4j/slf4j-api/1.7.25/slf4j-api-1.7.25.jar:/home/user/.m2/repository/org/slf4j/jul-to-slf4j/1.7.25/jul-to-slf4j-1.7.25.jar:/home/user/.m2/repository/org/eclipse/jetty/jetty-util/9.3.24.v20180605/jetty-util-9.3.24.v20180605.jar:/home/user/.m2/repository/com/fasterxml/jackson/core/jackson-databind/2.9.5/jackson-databind-2.9.5.jar:/home/user/.m2/repository/org/apache/hadoop/hadoop-kms/3.2.0/hadoop-kms-3.2.0-tests.jar:/home/user/.m2/repository/org/apache/hadoop/hadoop-hdds-server-scm/0.5.0-SNAPSHOT/hadoop-hdds-server-scm-0.5.0-SNAPSHOT-tests.jar:/home/user/.m2/repository/org/apache/hadoop/hadoop-hdds-container-service/0.5.0-SNAPSHOT/hadoop-hdds-container-service-0.5.0-SNAPSHOT-tests.jar:/home/user/.m2/repository/org/yaml/snakeyaml/1.16/snakeyaml-1.16.jar:/home/user/.m2/repository/org/apache/hadoop/hadoop-common/3.2.0/hadoop-common-3.2.0-tests.jar:/home/user/.m2/repository/org/apache/hadoop/hadoop-annotations/3.2.0/hadoop-annotations-3.2.0.jar:/usr/lib/jvm/java-1.8-openjdk/jre/../lib/tools.jar:/home/user/.m2/repository/commons-cli/commons-cli/1.2/commons-cli-1.2.jar:/home/user/.m2/repository/org/apache/httpcomponents/httpclient/4.5.2/httpclient-4.5.2.jar:/home/user/.m2/repository/org/apache/httpcomponents/httpcore/4.4.4/httpcore-4.4.4.jar:/home/user/.m2/repository/commons-codec/commons-codec/1.11/commons-codec-1.11.jar:/home/user/.m2/repository/commons-net/commons-net/3.6/commons-net-3.6.jar:/home/user/.m2/repository/commons-collections/commons-collections/3.2.2/commons-collections-3.2.2.jar:/home/user/.m2/repository/org/eclipse/jetty/jetty-servlet/9.3.24.v20180605/jetty-servlet-9.3.24.v20180605.jar:/home/user/.m2/repository/org/eclipse/jetty/jetty-security/9.3.24.v20180605/jetty-security-9.3.24.v20180605.jar:/home/user/.m2/repository/javax/servlet/jsp/jsp-api/2.1/jsp-api-2.1.jar:/home/user/.m2/repository/com/sun/jersey/jersey-servlet/1.19/jersey-servlet-1.19.jar:/home/user/.m2/repository/com/sun/jersey/jersey-json/1.19/jersey-json-1.19.jar:/home/user/.m2/repository/org/codehaus/jettison/jettison/1.1/jettison-1.1.jar:/home/user/.m2/repository/org/codehaus/jackson/jackson-core-asl/1.9.13/jackson-core-asl-1.9.13.jar:/home/user/.m2/repository/org/codehaus/jackson/jackson-mapper-asl/1.9.13/jackson-mapper-asl-1.9.13.jar:/home/user/.m2/repository/org/codehaus/jackson/jackson-jaxrs/1.9.13/jackson-jaxrs-1.9.13.jar:/home/user/.m2/repository/org/codehaus/jackson/jackson-xc/1.9.13/jackson-xc-1.9.13.jar:/home/user/.m2/repository/commons-logging/commons-logging/1.1.3/commons-logging-1.1.3.jar:/home/user/.m2/repository/commons-beanutils/commons-beanutils/1.9.3/commons-beanutils-1.9.3.jar:/home/user/.m2/repository/org/apache/commons/commons-configuration2/2.1.1/commons-configuration2-2.1.1.jar:/home/user/.m2/repository/org/apache/commons/commons-lang3/3.7/commons-lang3-3.7.jar:/home/user/.m2/repository/org/apache/commons/commons-text/1.4/commons-text-1.4.jar:/home/user/.m2/repository/org/apache/avro/avro/1.7.7/avro-1.7.7.jar:/home/user/.m2/repository/com/thoughtworks/paranamer/paranamer/2.3/paranamer-2.3.jar:/home/user/.m2/repository/org/xerial/snappy/snappy-java/1.0.5/snappy-java-1.0.5.jar:/home/user/.m2/repository/com/google/re2j/re2j/1.1/re2j-1.1.jar:/home/user/.m2/repository/com/google/code/gson/gson/2.2.4/gson-2.2.4.jar:/home/user/.m2/repository/com/jcraft/jsch/0.1.54/jsch-0.1.54.jar:/home/user/.m2/repository/org/apache/curator/curator-client/2.12.0/curator-client-2.12.0.jar:/home/user/.m2/repository/org/apache/curator/curator-recipes/2.12.0/curator-recipes-2.12.0.jar:/home/user/.m2/repository/com/google/code/findbugs/jsr305/3.0.0/jsr305-3.0.0.jar:/home/user/.m2/repository/org/apache/htrace/htrace-core4/4.1.0-incubating/htrace-core4-4.1.0-incubating.jar:/home/user/.m2/repository/org/apache/zookeeper/zookeeper/3.4.13/zookeeper-3.4.13.jar:/home/user/.m2/repository/org/apache/yetus/audience-annotations/0.5.0/audience-annotations-0.5.0.jar:/home/user/.m2/repository/org/codehaus/woodstox/stax2-api/3.1.4/stax2-api-3.1.4.jar:/home/user/.m2/repository/com/fasterxml/woodstox/woodstox-core/5.0.3/woodstox-core-5.0.3.jar:/home/user/.m2/repository/dnsjava/dnsjava/2.1.7/dnsjava-2.1.7.jar:/home/user/.m2/repository/org/apache/hadoop/hadoop-hdfs/3.2.0/hadoop-hdfs-3.2.0-tests.jar:/home/user/.m2/repository/org/eclipse/jetty/jetty-util-ajax/9.3.24.v20180605/jetty-util-ajax-9.3.24.v20180605.jar:/home/user/.m2/repository/commons-daemon/commons-daemon/1.0.13/commons-daemon-1.0.13.jar:/home/user/.m2/repository/io/netty/netty/3.10.5.Final/netty-3.10.5.Final.jar:/home/user/.m2/repository/io/netty/netty-all/4.0.52.Final/netty-all-4.0.52.Final.jar:/home/user/.m2/repository/org/fusesource/leveldbjni/leveldbjni-all/1.8/leveldbjni-all-1.8.jar:"/>
    <property name="sun.cpu.endian" value="little"/>
    <property name="user.home" value="/home/user"/>
    <property name="user.language" value="en"/>
    <property name="java.specification.vendor" value="Oracle Corporation"/>
    <property name="java.home" value="/usr/lib/jvm/java-1.8-openjdk/jre"/>
    <property name="java.security.krb5.conf" value="/tmp/workdir/hadoop-ozone/integration-test/target/test-classes/krb5.conf"/>
    <property name="basedir" value="/tmp/workdir/hadoop-ozone/integration-test"/>
    <property name="file.separator" value="/"/>
    <property name="line.separator" value="&#10;"/>
    <property name="java.vm.specification.vendor" value="Oracle Corporation"/>
    <property name="java.specification.name" value="Java Platform API Specification"/>
    <property name="java.awt.graphicsenv" value="sun.awt.X11GraphicsEnvironment"/>
    <property name="surefire.real.class.path" value="/tmp/workdir/hadoop-ozone/integration-test/target/surefire/surefirebooter1265875013501637269.jar"/>
    <property name="hadoop.log.dir" value="/tmp/workdir/hadoop-ozone/integration-test/target/log"/>
    <property name="sun.boot.class.path" value="/usr/lib/jvm/java-1.8-openjdk/jre/lib/resources.jar:/usr/lib/jvm/java-1.8-openjdk/jre/lib/rt.jar:/usr/lib/jvm/java-1.8-openjdk/jre/lib/sunrsasign.jar:/usr/lib/jvm/java-1.8-openjdk/jre/lib/jsse.jar:/usr/lib/jvm/java-1.8-openjdk/jre/lib/jce.jar:/usr/lib/jvm/java-1.8-openjdk/jre/lib/charsets.jar:/usr/lib/jvm/java-1.8-openjdk/jre/lib/jfr.jar:/usr/lib/jvm/java-1.8-openjdk/jre/classes"/>
    <property name="sun.management.compiler" value="HotSpot 64-Bit Tiered Compilers"/>
    <property name="java.runtime.version" value="1.8.0_212-b04"/>
    <property name="java.net.preferIPv4Stack" value="true"/>
    <property name="user.name" value="jenkins1000"/>
    <property name="path.separator" value=":"/>
    <property name="java.security.egd" value="file:///dev/urandom"/>
    <property name="os.version" value="3.10.0-957.12.2.el7.x86_64"/>
    <property name="java.endorsed.dirs" value="/usr/lib/jvm/java-1.8-openjdk/jre/lib/endorsed"/>
    <property name="java.runtime.name" value="OpenJDK Runtime Environment"/>
    <property name="file.encoding" value="UTF-8"/>
    <property name="java.vm.name" value="OpenJDK 64-Bit Server VM"/>
    <property name="test.build.webapps" value=""/>
    <property name="localRepository" value="/home/user/.m2/repository"/>
    <property name="java.vendor.url.bug" value="https://icedtea.classpath.org/bugzilla"/>
    <property name="java.io.tmpdir" value="/tmp"/>
    <property name="require.test.libhadoop" value=""/>
    <property name="java.version" value="1.8.0_212"/>
    <property name="user.dir" value="/tmp/workdir/hadoop-ozone/integration-test"/>
    <property name="os.arch" value="amd64"/>
    <property name="java.vm.specification.name" value="Java Virtual Machine Specification"/>
    <property name="test.build.classes" value="/tmp/workdir/hadoop-ozone/integration-test/target/test-classes"/>
    <property name="java.awt.printerjob" value="sun.print.PSPrinterJob"/>
    <property name="sun.os.patch.level" value="unknown"/>
    <property name="hadoop.tmp.dir" value="/tmp/workdir/hadoop-ozone/integration-test/target/tmp"/>
    <property name="java.library.path" value="/usr/lib/jvm/java-1.8-openjdk/jre/lib/amd64/server:/usr/lib/jvm/java-1.8-openjdk/jre/lib/amd64:/usr/lib/jvm/java-1.8-openjdk/jre/../lib/amd64:/tmp/workdir/hadoop-ozone/integration-test/target/native/target/usr/local/lib:/tmp/workdir/hadoop-ozone/integration-test/../../hadoop-common-project/hadoop-common/target/native/target/usr/local/lib:/usr/java/packages/lib/amd64:/usr/lib64:/lib64:/lib:/usr/lib"/>
    <property name="java.vm.info" value="mixed mode"/>
    <property name="java.vendor" value="IcedTea"/>
    <property name="java.vm.version" value="25.212-b04"/>
    <property name="java.ext.dirs" value="/usr/lib/jvm/java-1.8-openjdk/jre/lib/ext:/usr/java/packages/lib/ext"/>
    <property name="sun.io.unicode.encoding" value="UnicodeLittle"/>
    <property name="java.class.version" value="52.0"/>
  </properties>
  <testcase name="testGroupMismatchExceptionHandling" classname="org.apache.hadoop.ozone.client.rpc.TestOzoneClientRetriesOnException" time="39.037">
    <error type="java.lang.IllegalArgumentException">java.lang.IllegalArgumentException
	at com.google.common.base.Preconditions.checkArgument(Preconditions.java:72)
	at org.apache.hadoop.hdds.scm.XceiverClientManager.acquireClient(XceiverClientManager.java:150)
	at org.apache.hadoop.hdds.scm.XceiverClientManager.acquireClientForReadData(XceiverClientManager.java:143)
	at org.apache.hadoop.hdds.scm.storage.BlockInputStream.getChunkInfos(BlockInputStream.java:154)
	at org.apache.hadoop.hdds.scm.storage.BlockInputStream.initialize(BlockInputStream.java:118)
	at org.apache.hadoop.hdds.scm.storage.BlockInputStream.read(BlockInputStream.java:222)
	at org.apache.hadoop.ozone.client.io.KeyInputStream.read(KeyInputStream.java:171)
	at org.apache.hadoop.ozone.client.io.OzoneInputStream.read(OzoneInputStream.java:47)
	at java.io.InputStream.read(InputStream.java:101)
	at org.apache.hadoop.ozone.container.ContainerTestHelper.validateData(ContainerTestHelper.java:709)
	at org.apache.hadoop.ozone.client.rpc.TestOzoneClientRetriesOnException.validateData(TestOzoneClientRetriesOnException.java:231)
	at org.apache.hadoop.ozone.client.rpc.TestOzoneClientRetriesOnException.testGroupMismatchExceptionHandling(TestOzoneClientRetriesOnException.java:160)
	at sun.reflect.NativeMethodAccessorImpl.invoke0(Native Method)
	at sun.reflect.NativeMethodAccessorImpl.invoke(NativeMethodAccessorImpl.java:62)
	at sun.reflect.DelegatingMethodAccessorImpl.invoke(DelegatingMethodAccessorImpl.java:43)
	at java.lang.reflect.Method.invoke(Method.java:498)
	at org.junit.runners.model.FrameworkMethod$1.runReflectiveCall(FrameworkMethod.java:47)
	at org.junit.internal.runners.model.ReflectiveCallable.run(ReflectiveCallable.java:12)
	at org.junit.runners.model.FrameworkMethod.invokeExplosively(FrameworkMethod.java:44)
	at org.junit.internal.runners.statements.InvokeMethod.evaluate(InvokeMethod.java:17)
	at org.junit.internal.runners.statements.RunBefores.evaluate(RunBefores.java:26)
	at org.junit.internal.runners.statements.RunAfters.evaluate(RunAfters.java:27)
	at org.junit.runners.ParentRunner.runLeaf(ParentRunner.java:271)
	at org.junit.runners.BlockJUnit4ClassRunner.runChild(BlockJUnit4ClassRunner.java:70)
	at org.junit.runners.BlockJUnit4ClassRunner.runChild(BlockJUnit4ClassRunner.java:50)
	at org.junit.runners.ParentRunner$3.run(ParentRunner.java:238)
	at org.junit.runners.ParentRunner$1.schedule(ParentRunner.java:63)
	at org.junit.runners.ParentRunner.runChildren(ParentRunner.java:236)
	at org.junit.runners.ParentRunner.access$000(ParentRunner.java:53)
	at org.junit.runners.ParentRunner$2.evaluate(ParentRunner.java:229)
	at org.junit.runners.ParentRunner.run(ParentRunner.java:309)
	at org.apache.maven.surefire.junit4.JUnit4Provider.execute(JUnit4Provider.java:365)
	at org.apache.maven.surefire.junit4.JUnit4Provider.executeWithRerun(JUnit4Provider.java:273)
	at org.apache.maven.surefire.junit4.JUnit4Provider.executeTestSet(JUnit4Provider.java:238)
	at org.apache.maven.surefire.junit4.JUnit4Provider.invoke(JUnit4Provider.java:159)
	at org.apache.maven.surefire.booter.ForkedBooter.invokeProviderInSameClassLoader(ForkedBooter.java:384)
	at org.apache.maven.surefire.booter.ForkedBooter.runSuitesInProcess(ForkedBooter.java:345)
	at org.apache.maven.surefire.booter.ForkedBooter.execute(ForkedBooter.java:126)
	at org.apache.maven.surefire.booter.ForkedBooter.main(ForkedBooter.java:418)
</error>
    <system-out><![CDATA[2019-07-13 20:53:15,899 WARN  server.ServerUtils (ServerUtils.java:getScmDbDir(145)) - ozone.scm.db.dirs is not configured. We recommend adding this setting. Falling back to ozone.metadata.dirs instead.
2019-07-13 20:53:15,992 WARN  server.ServerUtils (ServerUtils.java:getScmDbDir(145)) - ozone.scm.db.dirs is not configured. We recommend adding this setting. Falling back to ozone.metadata.dirs instead.
2019-07-13 20:53:15,994 WARN  server.ServerUtils (ServerUtils.java:getScmDbDir(145)) - ozone.scm.db.dirs is not configured. We recommend adding this setting. Falling back to ozone.metadata.dirs instead.
2019-07-13 20:53:16,011 INFO  util.log (Log.java:initialized(192)) - Logging initialized @727ms
2019-07-13 20:53:16,127 INFO  db.DBStoreBuilder (DBStoreBuilder.java:addTable(110)) - using custom profile for table: deletedBlocks
2019-07-13 20:53:16,127 INFO  db.DBStoreBuilder (DBStoreBuilder.java:processTables(161)) - Using default column profile:DBProfile.DISK for Table:deletedBlocks
2019-07-13 20:53:16,128 INFO  db.DBStoreBuilder (DBStoreBuilder.java:addTable(110)) - using custom profile for table: validCerts
2019-07-13 20:53:16,128 INFO  db.DBStoreBuilder (DBStoreBuilder.java:processTables(161)) - Using default column profile:DBProfile.DISK for Table:validCerts
2019-07-13 20:53:16,128 INFO  db.DBStoreBuilder (DBStoreBuilder.java:addTable(110)) - using custom profile for table: revokedCerts
2019-07-13 20:53:16,129 INFO  db.DBStoreBuilder (DBStoreBuilder.java:processTables(161)) - Using default column profile:DBProfile.DISK for Table:revokedCerts
2019-07-13 20:53:16,141 INFO  db.DBStoreBuilder (DBStoreBuilder.java:addTable(110)) - using custom profile for table: default
2019-07-13 20:53:16,141 INFO  db.DBStoreBuilder (DBStoreBuilder.java:processTables(167)) - Using default column profile:DBProfile.DISK for Table:default
2019-07-13 20:53:16,142 INFO  db.DBStoreBuilder (DBStoreBuilder.java:getDbProfile(198)) - Using default options. DBProfile.DISK
2019-07-13 20:53:16,230 INFO  net.NodeSchemaLoader (NodeSchemaLoader.java:loadSchemaFromFile(125)) - Loading file from sun.misc.CompoundEnumeration@20ce78ec
2019-07-13 20:53:16,232 INFO  net.NodeSchemaLoader (NodeSchemaLoader.java:loadSchema(171)) - Loading network topology layer schema file
2019-07-13 20:53:16,301 WARN  server.ServerUtils (ServerUtils.java:sanitizeUserArgs(70)) - ozone.scm.stale.node.interval value = 300000 is larger than max = 100000 based on the key value of ozone.scm.heartbeat.thread.interval, reset to the max value 100000.
2019-07-13 20:53:16,303 WARN  server.ServerUtils (ServerUtils.java:sanitizeUserArgs(70)) - ozone.scm.stale.node.interval value = 300000 is larger than max = 100000 based on the key value of ozone.scm.heartbeat.thread.interval, reset to the max value 100000.
2019-07-13 20:53:16,306 INFO  node.SCMNodeManager (SCMNodeManager.java:<init>(119)) - Entering startup safe mode.
2019-07-13 20:53:16,406 WARN  server.ServerUtils (ServerUtils.java:getScmDbDir(145)) - ozone.scm.db.dirs is not configured. We recommend adding this setting. Falling back to ozone.metadata.dirs instead.
2019-07-13 20:53:16,448 INFO  pipeline.SCMPipelineManager (SCMPipelineManager.java:initializePipelineState(126)) - No pipeline exists in current db
2019-07-13 20:53:16,450 WARN  server.ServerUtils (ServerUtils.java:getScmDbDir(145)) - ozone.scm.db.dirs is not configured. We recommend adding this setting. Falling back to ozone.metadata.dirs instead.
2019-07-13 20:53:16,517 WARN  events.EventQueue (EventQueue.java:fireEvent(175)) - No event handler registered for event TypedEvent{payloadType=SafeModeStatus, name='SafeModeStatus'}
2019-07-13 20:53:16,852 INFO  ipc.CallQueueManager (CallQueueManager.java:<init>(84)) - Using callQueue: class java.util.concurrent.LinkedBlockingQueue, queueCapacity: 2000, scheduler: class org.apache.hadoop.ipc.DefaultRpcScheduler, ipcBackoff: false.
2019-07-13 20:53:16,880 INFO  ipc.Server (Server.java:run(1074)) - Starting Socket Reader #1 for port 37132
2019-07-13 20:53:16,903 INFO  ipc.CallQueueManager (CallQueueManager.java:<init>(84)) - Using callQueue: class java.util.concurrent.LinkedBlockingQueue, queueCapacity: 2000, scheduler: class org.apache.hadoop.ipc.DefaultRpcScheduler, ipcBackoff: false.
2019-07-13 20:53:16,904 INFO  ipc.Server (Server.java:run(1074)) - Starting Socket Reader #1 for port 36357
2019-07-13 20:53:16,910 INFO  ipc.CallQueueManager (CallQueueManager.java:<init>(84)) - Using callQueue: class java.util.concurrent.LinkedBlockingQueue, queueCapacity: 2000, scheduler: class org.apache.hadoop.ipc.DefaultRpcScheduler, ipcBackoff: false.
2019-07-13 20:53:16,911 INFO  ipc.Server (Server.java:run(1074)) - Starting Socket Reader #1 for port 43336
2019-07-13 20:53:17,025 INFO  hdfs.DFSUtil (DFSUtil.java:httpServerTemplateForNNAndJN(1641)) - Starting Web-server for scm at: http://0.0.0.0:0
2019-07-13 20:53:17,185 INFO  server.AuthenticationFilter (AuthenticationFilter.java:constructSecretProvider(240)) - Unable to initialize FileSignerSecretProvider, falling back to use random secrets.
2019-07-13 20:53:17,192 WARN  http.HttpRequestLog (HttpRequestLog.java:getRequestLog(97)) - Jetty request log can only be enabled using Log4j
2019-07-13 20:53:17,200 INFO  http.HttpServer2 (HttpServer2.java:addGlobalFilter(975)) - Added global filter 'safety' (class=org.apache.hadoop.http.HttpServer2$QuotingInputFilter)
2019-07-13 20:53:17,203 INFO  http.HttpServer2 (HttpServer2.java:addFilter(948)) - Added filter static_user_filter (class=org.apache.hadoop.http.lib.StaticUserWebFilter$StaticUserFilter) to context scm
2019-07-13 20:53:17,203 INFO  http.HttpServer2 (HttpServer2.java:addFilter(958)) - Added filter static_user_filter (class=org.apache.hadoop.http.lib.StaticUserWebFilter$StaticUserFilter) to context static
2019-07-13 20:53:17,203 INFO  http.HttpServer2 (HttpServer2.java:addFilter(958)) - Added filter static_user_filter (class=org.apache.hadoop.http.lib.StaticUserWebFilter$StaticUserFilter) to context logs
2019-07-13 20:53:17,230 INFO  server.StorageContainerManager (StorageContainerManager.java:start(759)) - StorageContainerLocationProtocol RPC server is listening at /0.0.0.0:43336
2019-07-13 20:53:17,287 WARN  impl.MetricsConfig (MetricsConfig.java:loadFirst(134)) - Cannot locate configuration: tried hadoop-metrics2-storagecontainermanager.properties,hadoop-metrics2.properties
2019-07-13 20:53:17,300 INFO  impl.MetricsSystemImpl (MetricsSystemImpl.java:startTimer(374)) - Scheduled Metric snapshot period at 10 second(s).
2019-07-13 20:53:17,300 INFO  impl.MetricsSystemImpl (MetricsSystemImpl.java:start(191)) - StorageContainerManager metrics system started
2019-07-13 20:53:17,517 INFO  server.SCMClientProtocolServer (SCMClientProtocolServer.java:start(149)) - RPC server for Client  is listening at /0.0.0.0:43336
2019-07-13 20:53:17,518 INFO  ipc.Server (Server.java:run(1314)) - IPC Server Responder: starting
2019-07-13 20:53:17,518 INFO  ipc.Server (Server.java:run(1153)) - IPC Server listener on 43336: starting
2019-07-13 20:53:17,525 INFO  server.StorageContainerManager (StorageContainerManager.java:start(768)) - ScmBlockLocationProtocol RPC server is listening at /0.0.0.0:36357
2019-07-13 20:53:17,525 INFO  server.SCMBlockProtocolServer (SCMBlockProtocolServer.java:start(140)) - RPC server for Block Protocol is listening at /0.0.0.0:36357
2019-07-13 20:53:17,525 INFO  ipc.Server (Server.java:run(1314)) - IPC Server Responder: starting
2019-07-13 20:53:17,526 INFO  ipc.Server (Server.java:run(1153)) - IPC Server listener on 36357: starting
2019-07-13 20:53:17,530 INFO  server.StorageContainerManager (StorageContainerManager.java:start(772)) - ScmDatanodeProtocl RPC server is listening at /0.0.0.0:37132
2019-07-13 20:53:17,531 INFO  server.SCMDatanodeProtocolServer (SCMDatanodeProtocolServer.java:start(191)) - RPC server for DataNodes is listening at /0.0.0.0:37132
2019-07-13 20:53:17,532 INFO  ipc.Server (Server.java:run(1314)) - IPC Server Responder: starting
2019-07-13 20:53:17,533 INFO  ipc.Server (Server.java:run(1153)) - IPC Server listener on 37132: starting
2019-07-13 20:53:17,544 INFO  http.HttpServer2 (HttpServer2.java:bindListener(1191)) - Jetty bound to port 41749
2019-07-13 20:53:17,547 INFO  server.Server (Server.java:doStart(351)) - jetty-9.3.24.v20180605, build timestamp: 2018-06-05T17:11:56Z, git hash: 84205aa28f11a4f31f2a3b86d1bba2cc8ab69827
2019-07-13 20:53:17,586 INFO  handler.ContextHandler (ContextHandler.java:doStart(781)) - Started o.e.j.s.ServletContextHandler@635572a7{/logs,file:///tmp/workdir/hadoop-ozone/integration-test/target/log,AVAILABLE}
2019-07-13 20:53:17,587 INFO  handler.ContextHandler (ContextHandler.java:doStart(781)) - Started o.e.j.s.ServletContextHandler@4dd02341{/static,file:///tmp/workdir/hadoop-ozone/integration-test/target/test-classes/webapps/static,AVAILABLE}
2019-07-13 20:53:17,618 INFO  handler.ContextHandler (ContextHandler.java:doStart(781)) - Started o.e.j.w.WebAppContext@6fff253c{/,file:///tmp/workdir/hadoop-ozone/integration-test/target/test-classes/webapps/scm/,AVAILABLE}{/scm}
2019-07-13 20:53:17,623 INFO  server.AbstractConnector (AbstractConnector.java:doStart(278)) - Started ServerConnector@7c041b41{HTTP/1.1,[http/1.1]}{0.0.0.0:41749}
2019-07-13 20:53:17,623 INFO  server.Server (Server.java:doStart(419)) - Started @2339ms
2019-07-13 20:53:17,624 INFO  server.BaseHttpServer (BaseHttpServer.java:updateConnectorAddress(207)) - HTTP server of SCM is listening at http://0.0.0.0:41749
2019-07-13 20:53:17,631 INFO  util.JvmPauseMonitor (JvmPauseMonitor.java:run(188)) - Starting JVM pause monitor
2019-07-13 20:53:17,633 WARN  server.ServerUtils (ServerUtils.java:getDBPath(222)) - ozone.om.db.dirs is not configured. We recommend adding this setting. Falling back to ozone.metadata.dirs instead.
2019-07-13 20:53:17,722 WARN  server.ServerUtils (ServerUtils.java:getDBPath(222)) - ozone.om.db.dirs is not configured. We recommend adding this setting. Falling back to ozone.metadata.dirs instead.
2019-07-13 20:53:17,724 INFO  om.OzoneManager (OzoneManager.java:setOMNodeDetails(630)) - OM Service ID is not set. Setting it to the default ID: omServiceIdDefault
2019-07-13 20:53:17,724 INFO  om.OzoneManager (OzoneManager.java:setOMNodeDetails(636)) - OM Node ID is not set. Setting it to the OmStorage's OmID: 437e33ff-4674-4432-b3d6-71f64f864990
2019-07-13 20:53:17,725 INFO  om.OzoneManager (OzoneManager.java:loadOMHAConfigs(587)) - Found matching OM address with OMServiceId: null, OMNodeId: null, RPC Address: localhost:0 and Ratis port: 9872
2019-07-13 20:53:17,989 WARN  server.ServerUtils (ServerUtils.java:getDBPath(222)) - ozone.om.db.dirs is not configured. We recommend adding this setting. Falling back to ozone.metadata.dirs instead.
2019-07-13 20:53:17,997 INFO  db.DBStoreBuilder (DBStoreBuilder.java:addTable(110)) - using custom profile for table: userTable
2019-07-13 20:53:17,997 INFO  db.DBStoreBuilder (DBStoreBuilder.java:processTables(161)) - Using default column profile:DBProfile.DISK for Table:userTable
2019-07-13 20:53:17,997 INFO  db.DBStoreBuilder (DBStoreBuilder.java:addTable(110)) - using custom profile for table: volumeTable
2019-07-13 20:53:17,998 INFO  db.DBStoreBuilder (DBStoreBuilder.java:processTables(161)) - Using default column profile:DBProfile.DISK for Table:volumeTable
2019-07-13 20:53:17,998 INFO  db.DBStoreBuilder (DBStoreBuilder.java:addTable(110)) - using custom profile for table: bucketTable
2019-07-13 20:53:17,998 INFO  db.DBStoreBuilder (DBStoreBuilder.java:processTables(161)) - Using default column profile:DBProfile.DISK for Table:bucketTable
2019-07-13 20:53:17,998 INFO  db.DBStoreBuilder (DBStoreBuilder.java:addTable(110)) - using custom profile for table: keyTable
2019-07-13 20:53:17,999 INFO  db.DBStoreBuilder (DBStoreBuilder.java:processTables(161)) - Using default column profile:DBProfile.DISK for Table:keyTable
2019-07-13 20:53:17,999 INFO  db.DBStoreBuilder (DBStoreBuilder.java:addTable(110)) - using custom profile for table: deletedTable
2019-07-13 20:53:17,999 INFO  db.DBStoreBuilder (DBStoreBuilder.java:processTables(161)) - Using default column profile:DBProfile.DISK for Table:deletedTable
2019-07-13 20:53:17,999 INFO  db.DBStoreBuilder (DBStoreBuilder.java:addTable(110)) - using custom profile for table: openKeyTable
2019-07-13 20:53:18,000 INFO  db.DBStoreBuilder (DBStoreBuilder.java:processTables(161)) - Using default column profile:DBProfile.DISK for Table:openKeyTable
2019-07-13 20:53:18,000 INFO  db.DBStoreBuilder (DBStoreBuilder.java:addTable(110)) - using custom profile for table: s3Table
2019-07-13 20:53:18,000 INFO  db.DBStoreBuilder (DBStoreBuilder.java:processTables(161)) - Using default column profile:DBProfile.DISK for Table:s3Table
2019-07-13 20:53:18,000 INFO  db.DBStoreBuilder (DBStoreBuilder.java:addTable(110)) - using custom profile for table: multipartInfoTable
2019-07-13 20:53:18,001 INFO  db.DBStoreBuilder (DBStoreBuilder.java:processTables(161)) - Using default column profile:DBProfile.DISK for Table:multipartInfoTable
2019-07-13 20:53:18,001 INFO  db.DBStoreBuilder (DBStoreBuilder.java:addTable(110)) - using custom profile for table: dTokenTable
2019-07-13 20:53:18,001 INFO  db.DBStoreBuilder (DBStoreBuilder.java:processTables(161)) - Using default column profile:DBProfile.DISK for Table:dTokenTable
2019-07-13 20:53:18,001 INFO  db.DBStoreBuilder (DBStoreBuilder.java:addTable(110)) - using custom profile for table: s3SecretTable
2019-07-13 20:53:18,002 INFO  db.DBStoreBuilder (DBStoreBuilder.java:processTables(161)) - Using default column profile:DBProfile.DISK for Table:s3SecretTable
2019-07-13 20:53:18,002 INFO  db.DBStoreBuilder (DBStoreBuilder.java:addTable(110)) - using custom profile for table: prefixTable
2019-07-13 20:53:18,002 INFO  db.DBStoreBuilder (DBStoreBuilder.java:processTables(161)) - Using default column profile:DBProfile.DISK for Table:prefixTable
2019-07-13 20:53:18,002 INFO  db.DBStoreBuilder (DBStoreBuilder.java:addTable(110)) - using custom profile for table: default
2019-07-13 20:53:18,002 INFO  db.DBStoreBuilder (DBStoreBuilder.java:processTables(167)) - Using default column profile:DBProfile.DISK for Table:default
2019-07-13 20:53:18,003 INFO  db.DBStoreBuilder (DBStoreBuilder.java:getDbProfile(198)) - Using default options. DBProfile.DISK
2019-07-13 20:53:18,698 INFO  ipc.CallQueueManager (CallQueueManager.java:<init>(84)) - Using callQueue: class java.util.concurrent.LinkedBlockingQueue, queueCapacity: 2000, scheduler: class org.apache.hadoop.ipc.DefaultRpcScheduler, ipcBackoff: false.
2019-07-13 20:53:18,699 INFO  ipc.Server (Server.java:run(1074)) - Starting Socket Reader #1 for port 37546
2019-07-13 20:53:18,726 WARN  server.ServerUtils (ServerUtils.java:getDBPath(222)) - ozone.om.db.dirs is not configured. We recommend adding this setting. Falling back to ozone.metadata.dirs instead.
2019-07-13 20:53:18,726 INFO  om.OzoneManager (OzoneManager.java:start(1228)) - OzoneManager RPC server is listening at localhost/127.0.0.1:37546
2019-07-13 20:53:18,726 INFO  impl.MetricsSystemImpl (MetricsSystemImpl.java:init(158)) - OzoneManager metrics system started (again)
2019-07-13 20:53:18,728 INFO  ipc.Server (Server.java:run(1314)) - IPC Server Responder: starting
2019-07-13 20:53:18,729 INFO  ipc.Server (Server.java:run(1153)) - IPC Server listener on 37546: starting
2019-07-13 20:53:18,742 INFO  hdfs.DFSUtil (DFSUtil.java:httpServerTemplateForNNAndJN(1641)) - Starting Web-server for ozoneManager at: http://0.0.0.0:0
2019-07-13 20:53:18,744 INFO  server.AuthenticationFilter (AuthenticationFilter.java:constructSecretProvider(240)) - Unable to initialize FileSignerSecretProvider, falling back to use random secrets.
2019-07-13 20:53:18,745 WARN  http.HttpRequestLog (HttpRequestLog.java:getRequestLog(97)) - Jetty request log can only be enabled using Log4j
2019-07-13 20:53:18,748 INFO  http.HttpServer2 (HttpServer2.java:addGlobalFilter(975)) - Added global filter 'safety' (class=org.apache.hadoop.http.HttpServer2$QuotingInputFilter)
2019-07-13 20:53:18,750 INFO  http.HttpServer2 (HttpServer2.java:addFilter(948)) - Added filter static_user_filter (class=org.apache.hadoop.http.lib.StaticUserWebFilter$StaticUserFilter) to context ozoneManager
2019-07-13 20:53:18,750 INFO  http.HttpServer2 (HttpServer2.java:addFilter(958)) - Added filter static_user_filter (class=org.apache.hadoop.http.lib.StaticUserWebFilter$StaticUserFilter) to context static
2019-07-13 20:53:18,750 INFO  http.HttpServer2 (HttpServer2.java:addFilter(958)) - Added filter static_user_filter (class=org.apache.hadoop.http.lib.StaticUserWebFilter$StaticUserFilter) to context logs
2019-07-13 20:53:18,753 INFO  http.HttpServer2 (HttpServer2.java:bindListener(1191)) - Jetty bound to port 41221
2019-07-13 20:53:18,753 INFO  server.Server (Server.java:doStart(351)) - jetty-9.3.24.v20180605, build timestamp: 2018-06-05T17:11:56Z, git hash: 84205aa28f11a4f31f2a3b86d1bba2cc8ab69827
2019-07-13 20:53:18,756 INFO  handler.ContextHandler (ContextHandler.java:doStart(781)) - Started o.e.j.s.ServletContextHandler@2d0bfb24{/logs,file:///tmp/workdir/hadoop-ozone/integration-test/target/log,AVAILABLE}
2019-07-13 20:53:18,756 INFO  handler.ContextHandler (ContextHandler.java:doStart(781)) - Started o.e.j.s.ServletContextHandler@7b44b63d{/static,file:///tmp/workdir/hadoop-ozone/integration-test/target/test-classes/webapps/static,AVAILABLE}
2019-07-13 20:53:18,763 INFO  handler.ContextHandler (ContextHandler.java:doStart(781)) - Started o.e.j.w.WebAppContext@3e9803c2{/,file:///tmp/workdir/hadoop-ozone/integration-test/target/test-classes/webapps/ozoneManager/,AVAILABLE}{/ozoneManager}
2019-07-13 20:53:18,764 INFO  server.AbstractConnector (AbstractConnector.java:doStart(278)) - Started ServerConnector@4525d1d3{HTTP/1.1,[http/1.1]}{0.0.0.0:41221}
2019-07-13 20:53:18,765 INFO  server.Server (Server.java:doStart(419)) - Started @3481ms
2019-07-13 20:53:18,766 INFO  server.BaseHttpServer (BaseHttpServer.java:updateConnectorAddress(207)) - HTTP server of OZONEMANAGER is listening at http://0.0.0.0:41221
2019-07-13 20:53:19,124 INFO  impl.MetricsSystemImpl (MetricsSystemImpl.java:init(158)) - HddsDatanode metrics system started (again)
2019-07-13 20:53:19,208 INFO  ozone.HddsDatanodeService (HddsDatanodeService.java:start(185)) - HddsDatanodeService host:trunk-nightly-6qp7m-2461138711 ip:192.168.5.168
2019-07-13 20:53:19,238 INFO  volume.HddsVolume (HddsVolume.java:<init>(176)) - Creating Volume: /tmp/workdir/hadoop-ozone/integration-test/target/test-dir/MiniOzoneClusterImpl-1ab524e4-8b94-4416-883f-eb3cfaa6454f/datanode-0/data/containers/hdds of  storage type : DISK and capacity : 52710309888
2019-07-13 20:53:19,240 INFO  volume.VolumeSet (VolumeSet.java:initializeVolumeSet(170)) - Added Volume : /tmp/workdir/hadoop-ozone/integration-test/target/test-dir/MiniOzoneClusterImpl-1ab524e4-8b94-4416-883f-eb3cfaa6454f/datanode-0/data/containers/hdds to VolumeSet
2019-07-13 20:53:19,243 INFO  volume.ThrottledAsyncChecker (ThrottledAsyncChecker.java:schedule(140)) - Scheduling a check for org.apache.hadoop.ozone.container.common.volume.HddsVolume@59546cfe
2019-07-13 20:53:19,261 INFO  volume.HddsVolumeChecker (HddsVolumeChecker.java:checkAllVolumes(203)) - Scheduled health check for volume org.apache.hadoop.ozone.container.common.volume.HddsVolume@59546cfe
2019-07-13 20:53:19,391 INFO  impl.RaftServerProxy (ConfUtils.java:logGet(43)) - raft.rpc.type = GRPC (default)
2019-07-13 20:53:19,459 INFO  grpc.GrpcFactory (GrpcFactory.java:checkPooledByteBufAllocatorUseCacheForAllThreads(45)) - PERFORMANCE WARNING: useCacheForAllThreads is true that may cause Netty to create a lot garbage objects and, as a result, trigger GC.
	It is recommended to disable useCacheForAllThreads by setting -Dorg.apache.ratis.thirdparty.io.netty.allocator.useCacheForAllThreads=false in command line.
2019-07-13 20:53:19,464 INFO  grpc.GrpcConfigKeys$Server (ConfUtils.java:logGet(43)) - raft.grpc.server.port = 0 (default)
2019-07-13 20:53:19,465 INFO  server.GrpcService (ConfUtils.java:logGet(43)) - raft.grpc.message.size.max = 33570816 (custom)
2019-07-13 20:53:19,467 INFO  server.RaftServerConfigKeys (ConfUtils.java:logGet(43)) - raft.server.log.appender.buffer.byte-limit = 33554432 (custom)
2019-07-13 20:53:19,467 INFO  server.GrpcService (ConfUtils.java:logGet(43)) - raft.grpc.flow.control.window = 1MB (=1048576) (default)
2019-07-13 20:53:19,468 INFO  server.RaftServerConfigKeys (ConfUtils.java:logGet(43)) - raft.server.rpc.request.timeout = 3000ms (default)
2019-07-13 20:53:19,631 INFO  server.RaftServerConfigKeys (ConfUtils.java:logGet(43)) - raft.server.storage.dir = [/tmp/workdir/hadoop-ozone/integration-test/target/test-dir/MiniOzoneClusterImpl-1ab524e4-8b94-4416-883f-eb3cfaa6454f/datanode-0/data/ratis] (custom)
2019-07-13 20:53:19,668 INFO  replication.SimpleContainerDownloader (SimpleContainerDownloader.java:<init>(72)) - Starting container downloader service to copy containers to replicate.
2019-07-13 20:53:19,681 INFO  hdfs.DFSUtil (DFSUtil.java:httpServerTemplateForNNAndJN(1641)) - Starting Web-server for hddsDatanode at: http://0.0.0.0:0
2019-07-13 20:53:19,686 INFO  server.AuthenticationFilter (AuthenticationFilter.java:constructSecretProvider(240)) - Unable to initialize FileSignerSecretProvider, falling back to use random secrets.
2019-07-13 20:53:19,686 WARN  http.HttpRequestLog (HttpRequestLog.java:getRequestLog(97)) - Jetty request log can only be enabled using Log4j
2019-07-13 20:53:19,689 INFO  http.HttpServer2 (HttpServer2.java:addGlobalFilter(975)) - Added global filter 'safety' (class=org.apache.hadoop.http.HttpServer2$QuotingInputFilter)
2019-07-13 20:53:19,691 INFO  http.HttpServer2 (HttpServer2.java:addFilter(948)) - Added filter static_user_filter (class=org.apache.hadoop.http.lib.StaticUserWebFilter$StaticUserFilter) to context hddsDatanode
2019-07-13 20:53:19,691 INFO  http.HttpServer2 (HttpServer2.java:addFilter(958)) - Added filter static_user_filter (class=org.apache.hadoop.http.lib.StaticUserWebFilter$StaticUserFilter) to context static
2019-07-13 20:53:19,692 INFO  http.HttpServer2 (HttpServer2.java:addFilter(958)) - Added filter static_user_filter (class=org.apache.hadoop.http.lib.StaticUserWebFilter$StaticUserFilter) to context logs
2019-07-13 20:53:19,693 INFO  http.HttpServer2 (HttpServer2.java:bindListener(1191)) - Jetty bound to port 40615
2019-07-13 20:53:19,693 INFO  server.Server (Server.java:doStart(351)) - jetty-9.3.24.v20180605, build timestamp: 2018-06-05T17:11:56Z, git hash: 84205aa28f11a4f31f2a3b86d1bba2cc8ab69827
2019-07-13 20:53:19,696 INFO  handler.ContextHandler (ContextHandler.java:doStart(781)) - Started o.e.j.s.ServletContextHandler@36cc9385{/logs,file:///tmp/workdir/hadoop-ozone/integration-test/target/log,AVAILABLE}
2019-07-13 20:53:19,697 INFO  handler.ContextHandler (ContextHandler.java:doStart(781)) - Started o.e.j.s.ServletContextHandler@7915bca3{/static,jar:file:/home/user/.m2/repository/org/apache/hadoop/hadoop-hdds-container-service/0.5.0-SNAPSHOT/hadoop-hdds-container-service-0.5.0-SNAPSHOT.jar!/webapps/static,AVAILABLE}
2019-07-13 20:53:19,738 INFO  handler.ContextHandler (ContextHandler.java:doStart(781)) - Started o.e.j.w.WebAppContext@37e0292a{/,file:///tmp/jetty-0.0.0.0-40615-hddsDatanode-_-any-6507345445874919158.dir/webapp/,AVAILABLE}{/hddsDatanode}
2019-07-13 20:53:19,739 INFO  server.AbstractConnector (AbstractConnector.java:doStart(278)) - Started ServerConnector@4af70944{HTTP/1.1,[http/1.1]}{0.0.0.0:40615}
2019-07-13 20:53:19,741 INFO  server.Server (Server.java:doStart(419)) - Started @4456ms
2019-07-13 20:53:19,742 INFO  server.BaseHttpServer (BaseHttpServer.java:updateConnectorAddress(207)) - HTTP server of HDDSDATANODE is listening at http://0.0.0.0:40615
2019-07-13 20:53:20,920 INFO  ozone.HddsDatanodeService (HddsDatanodeService.java:startPlugins(396)) - Started plug-in org.apache.hadoop.ozone.web.OzoneHddsDatanodeService@b4732dc
2019-07-13 20:53:20,922 INFO  impl.MetricsSystemImpl (MetricsSystemImpl.java:init(158)) - HddsDatanode metrics system started (again)
2019-07-13 20:53:20,923 INFO  ozone.HddsDatanodeService (HddsDatanodeService.java:start(185)) - HddsDatanodeService host:trunk-nightly-6qp7m-2461138711 ip:192.168.5.168
2019-07-13 20:53:20,929 INFO  util.JvmPauseMonitor (JvmPauseMonitor.java:run(188)) - Starting JVM pause monitor
2019-07-13 20:53:20,937 INFO  volume.HddsVolume (HddsVolume.java:<init>(176)) - Creating Volume: /tmp/workdir/hadoop-ozone/integration-test/target/test-dir/MiniOzoneClusterImpl-1ab524e4-8b94-4416-883f-eb3cfaa6454f/datanode-1/data/containers/hdds of  storage type : DISK and capacity : 52710309888
2019-07-13 20:53:20,937 INFO  volume.VolumeSet (VolumeSet.java:initializeVolumeSet(170)) - Added Volume : /tmp/workdir/hadoop-ozone/integration-test/target/test-dir/MiniOzoneClusterImpl-1ab524e4-8b94-4416-883f-eb3cfaa6454f/datanode-1/data/containers/hdds to VolumeSet
2019-07-13 20:53:20,938 INFO  volume.ThrottledAsyncChecker (ThrottledAsyncChecker.java:schedule(140)) - Scheduling a check for org.apache.hadoop.ozone.container.common.volume.HddsVolume@778a1250
2019-07-13 20:53:20,940 INFO  volume.HddsVolumeChecker (HddsVolumeChecker.java:checkAllVolumes(203)) - Scheduled health check for volume org.apache.hadoop.ozone.container.common.volume.HddsVolume@778a1250
2019-07-13 20:53:20,959 INFO  impl.RaftServerProxy (ConfUtils.java:logGet(43)) - raft.rpc.type = GRPC (default)
2019-07-13 20:53:20,960 INFO  grpc.GrpcFactory (GrpcFactory.java:checkPooledByteBufAllocatorUseCacheForAllThreads(45)) - PERFORMANCE WARNING: useCacheForAllThreads is true that may cause Netty to create a lot garbage objects and, as a result, trigger GC.
	It is recommended to disable useCacheForAllThreads by setting -Dorg.apache.ratis.thirdparty.io.netty.allocator.useCacheForAllThreads=false in command line.
2019-07-13 20:53:20,960 INFO  grpc.GrpcConfigKeys$Server (ConfUtils.java:logGet(43)) - raft.grpc.server.port = 0 (default)
2019-07-13 20:53:20,960 INFO  server.GrpcService (ConfUtils.java:logGet(43)) - raft.grpc.message.size.max = 33570816 (custom)
2019-07-13 20:53:20,960 INFO  server.RaftServerConfigKeys (ConfUtils.java:logGet(43)) - raft.server.log.appender.buffer.byte-limit = 33554432 (custom)
2019-07-13 20:53:20,961 INFO  server.GrpcService (ConfUtils.java:logGet(43)) - raft.grpc.flow.control.window = 1MB (=1048576) (default)
2019-07-13 20:53:20,961 INFO  server.RaftServerConfigKeys (ConfUtils.java:logGet(43)) - raft.server.rpc.request.timeout = 3000ms (default)
2019-07-13 20:53:20,962 INFO  server.RaftServerConfigKeys (ConfUtils.java:logGet(43)) - raft.server.storage.dir = [/tmp/workdir/hadoop-ozone/integration-test/target/test-dir/MiniOzoneClusterImpl-1ab524e4-8b94-4416-883f-eb3cfaa6454f/datanode-1/data/ratis] (custom)
2019-07-13 20:53:20,963 INFO  replication.SimpleContainerDownloader (SimpleContainerDownloader.java:<init>(72)) - Starting container downloader service to copy containers to replicate.
2019-07-13 20:53:20,965 INFO  hdfs.DFSUtil (DFSUtil.java:httpServerTemplateForNNAndJN(1641)) - Starting Web-server for hddsDatanode at: http://0.0.0.0:0
2019-07-13 20:53:20,967 INFO  server.AuthenticationFilter (AuthenticationFilter.java:constructSecretProvider(240)) - Unable to initialize FileSignerSecretProvider, falling back to use random secrets.
2019-07-13 20:53:20,968 WARN  http.HttpRequestLog (HttpRequestLog.java:getRequestLog(97)) - Jetty request log can only be enabled using Log4j
2019-07-13 20:53:20,970 INFO  http.HttpServer2 (HttpServer2.java:addGlobalFilter(975)) - Added global filter 'safety' (class=org.apache.hadoop.http.HttpServer2$QuotingInputFilter)
2019-07-13 20:53:20,970 INFO  http.HttpServer2 (HttpServer2.java:addFilter(948)) - Added filter static_user_filter (class=org.apache.hadoop.http.lib.StaticUserWebFilter$StaticUserFilter) to context hddsDatanode
2019-07-13 20:53:20,971 INFO  http.HttpServer2 (HttpServer2.java:addFilter(958)) - Added filter static_user_filter (class=org.apache.hadoop.http.lib.StaticUserWebFilter$StaticUserFilter) to context static
2019-07-13 20:53:20,971 INFO  http.HttpServer2 (HttpServer2.java:addFilter(958)) - Added filter static_user_filter (class=org.apache.hadoop.http.lib.StaticUserWebFilter$StaticUserFilter) to context logs
2019-07-13 20:53:20,972 INFO  http.HttpServer2 (HttpServer2.java:bindListener(1191)) - Jetty bound to port 34756
2019-07-13 20:53:20,972 INFO  server.Server (Server.java:doStart(351)) - jetty-9.3.24.v20180605, build timestamp: 2018-06-05T17:11:56Z, git hash: 84205aa28f11a4f31f2a3b86d1bba2cc8ab69827
2019-07-13 20:53:20,974 INFO  handler.ContextHandler (ContextHandler.java:doStart(781)) - Started o.e.j.s.ServletContextHandler@359066bc{/logs,file:///tmp/workdir/hadoop-ozone/integration-test/target/log,AVAILABLE}
2019-07-13 20:53:20,974 INFO  handler.ContextHandler (ContextHandler.java:doStart(781)) - Started o.e.j.s.ServletContextHandler@364fd4ae{/static,jar:file:/home/user/.m2/repository/org/apache/hadoop/hadoop-hdds-container-service/0.5.0-SNAPSHOT/hadoop-hdds-container-service-0.5.0-SNAPSHOT.jar!/webapps/static,AVAILABLE}
2019-07-13 20:53:21,000 INFO  handler.ContextHandler (ContextHandler.java:doStart(781)) - Started o.e.j.w.WebAppContext@2e1eb85f{/,file:///tmp/jetty-0.0.0.0-34756-hddsDatanode-_-any-331371032999864014.dir/webapp/,AVAILABLE}{/hddsDatanode}
2019-07-13 20:53:21,000 INFO  server.AbstractConnector (AbstractConnector.java:doStart(278)) - Started ServerConnector@ea7a4c3{HTTP/1.1,[http/1.1]}{0.0.0.0:34756}
2019-07-13 20:53:21,001 INFO  server.Server (Server.java:doStart(419)) - Started @5717ms
2019-07-13 20:53:21,003 INFO  server.BaseHttpServer (BaseHttpServer.java:updateConnectorAddress(207)) - HTTP server of HDDSDATANODE is listening at http://0.0.0.0:34756
2019-07-13 20:53:21,069 INFO  datanode.InitDatanodeState (InitDatanodeState.java:persistContainerDatanodeDetails(140)) - DatanodeDetails is persisted to /tmp/workdir/hadoop-ozone/integration-test/target/test-dir/MiniOzoneClusterImpl-1ab524e4-8b94-4416-883f-eb3cfaa6454f/datanode-0/meta/datanode.id
2019-07-13 20:53:21,124 INFO  ozone.HddsDatanodeService (HddsDatanodeService.java:startPlugins(396)) - Started plug-in org.apache.hadoop.ozone.web.OzoneHddsDatanodeService@5729b410
2019-07-13 20:53:21,125 INFO  impl.MetricsSystemImpl (MetricsSystemImpl.java:init(158)) - HddsDatanode metrics system started (again)
2019-07-13 20:53:21,125 INFO  ozone.HddsDatanodeService (HddsDatanodeService.java:start(185)) - HddsDatanodeService host:trunk-nightly-6qp7m-2461138711 ip:192.168.5.168
2019-07-13 20:53:21,127 INFO  util.JvmPauseMonitor (JvmPauseMonitor.java:run(188)) - Starting JVM pause monitor
2019-07-13 20:53:21,135 INFO  volume.HddsVolume (HddsVolume.java:<init>(176)) - Creating Volume: /tmp/workdir/hadoop-ozone/integration-test/target/test-dir/MiniOzoneClusterImpl-1ab524e4-8b94-4416-883f-eb3cfaa6454f/datanode-2/data/containers/hdds of  storage type : DISK and capacity : 52710309888
2019-07-13 20:53:21,135 INFO  volume.VolumeSet (VolumeSet.java:initializeVolumeSet(170)) - Added Volume : /tmp/workdir/hadoop-ozone/integration-test/target/test-dir/MiniOzoneClusterImpl-1ab524e4-8b94-4416-883f-eb3cfaa6454f/datanode-2/data/containers/hdds to VolumeSet
2019-07-13 20:53:21,135 INFO  volume.ThrottledAsyncChecker (ThrottledAsyncChecker.java:schedule(140)) - Scheduling a check for org.apache.hadoop.ozone.container.common.volume.HddsVolume@52b959df
2019-07-13 20:53:21,136 INFO  volume.HddsVolumeChecker (HddsVolumeChecker.java:checkAllVolumes(203)) - Scheduled health check for volume org.apache.hadoop.ozone.container.common.volume.HddsVolume@52b959df
2019-07-13 20:53:21,137 INFO  datanode.InitDatanodeState (InitDatanodeState.java:persistContainerDatanodeDetails(140)) - DatanodeDetails is persisted to /tmp/workdir/hadoop-ozone/integration-test/target/test-dir/MiniOzoneClusterImpl-1ab524e4-8b94-4416-883f-eb3cfaa6454f/datanode-1/meta/datanode.id
2019-07-13 20:53:21,150 INFO  impl.RaftServerProxy (ConfUtils.java:logGet(43)) - raft.rpc.type = GRPC (default)
2019-07-13 20:53:21,151 INFO  grpc.GrpcFactory (GrpcFactory.java:checkPooledByteBufAllocatorUseCacheForAllThreads(45)) - PERFORMANCE WARNING: useCacheForAllThreads is true that may cause Netty to create a lot garbage objects and, as a result, trigger GC.
	It is recommended to disable useCacheForAllThreads by setting -Dorg.apache.ratis.thirdparty.io.netty.allocator.useCacheForAllThreads=false in command line.
2019-07-13 20:53:21,151 INFO  grpc.GrpcConfigKeys$Server (ConfUtils.java:logGet(43)) - raft.grpc.server.port = 0 (default)
2019-07-13 20:53:21,151 INFO  server.GrpcService (ConfUtils.java:logGet(43)) - raft.grpc.message.size.max = 33570816 (custom)
2019-07-13 20:53:21,151 INFO  server.RaftServerConfigKeys (ConfUtils.java:logGet(43)) - raft.server.log.appender.buffer.byte-limit = 33554432 (custom)
2019-07-13 20:53:21,151 INFO  server.GrpcService (ConfUtils.java:logGet(43)) - raft.grpc.flow.control.window = 1MB (=1048576) (default)
2019-07-13 20:53:21,152 INFO  server.RaftServerConfigKeys (ConfUtils.java:logGet(43)) - raft.server.rpc.request.timeout = 3000ms (default)
2019-07-13 20:53:21,152 INFO  server.RaftServerConfigKeys (ConfUtils.java:logGet(43)) - raft.server.storage.dir = [/tmp/workdir/hadoop-ozone/integration-test/target/test-dir/MiniOzoneClusterImpl-1ab524e4-8b94-4416-883f-eb3cfaa6454f/datanode-2/data/ratis] (custom)
2019-07-13 20:53:21,153 INFO  replication.SimpleContainerDownloader (SimpleContainerDownloader.java:<init>(72)) - Starting container downloader service to copy containers to replicate.
2019-07-13 20:53:21,154 INFO  hdfs.DFSUtil (DFSUtil.java:httpServerTemplateForNNAndJN(1641)) - Starting Web-server for hddsDatanode at: http://0.0.0.0:0
2019-07-13 20:53:21,155 INFO  server.AuthenticationFilter (AuthenticationFilter.java:constructSecretProvider(240)) - Unable to initialize FileSignerSecretProvider, falling back to use random secrets.
2019-07-13 20:53:21,156 WARN  http.HttpRequestLog (HttpRequestLog.java:getRequestLog(97)) - Jetty request log can only be enabled using Log4j
2019-07-13 20:53:21,157 INFO  http.HttpServer2 (HttpServer2.java:addGlobalFilter(975)) - Added global filter 'safety' (class=org.apache.hadoop.http.HttpServer2$QuotingInputFilter)
2019-07-13 20:53:21,158 INFO  http.HttpServer2 (HttpServer2.java:addFilter(948)) - Added filter static_user_filter (class=org.apache.hadoop.http.lib.StaticUserWebFilter$StaticUserFilter) to context hddsDatanode
2019-07-13 20:53:21,158 INFO  http.HttpServer2 (HttpServer2.java:addFilter(958)) - Added filter static_user_filter (class=org.apache.hadoop.http.lib.StaticUserWebFilter$StaticUserFilter) to context static
2019-07-13 20:53:21,158 INFO  http.HttpServer2 (HttpServer2.java:addFilter(958)) - Added filter static_user_filter (class=org.apache.hadoop.http.lib.StaticUserWebFilter$StaticUserFilter) to context logs
2019-07-13 20:53:21,158 INFO  http.HttpServer2 (HttpServer2.java:bindListener(1191)) - Jetty bound to port 46354
2019-07-13 20:53:21,159 INFO  server.Server (Server.java:doStart(351)) - jetty-9.3.24.v20180605, build timestamp: 2018-06-05T17:11:56Z, git hash: 84205aa28f11a4f31f2a3b86d1bba2cc8ab69827
2019-07-13 20:53:21,161 INFO  handler.ContextHandler (ContextHandler.java:doStart(781)) - Started o.e.j.s.ServletContextHandler@631c6d11{/logs,file:///tmp/workdir/hadoop-ozone/integration-test/target/log,AVAILABLE}
2019-07-13 20:53:21,162 INFO  handler.ContextHandler (ContextHandler.java:doStart(781)) - Started o.e.j.s.ServletContextHandler@62ade015{/static,jar:file:/home/user/.m2/repository/org/apache/hadoop/hadoop-hdds-container-service/0.5.0-SNAPSHOT/hadoop-hdds-container-service-0.5.0-SNAPSHOT.jar!/webapps/static,AVAILABLE}
2019-07-13 20:53:21,185 INFO  handler.ContextHandler (ContextHandler.java:doStart(781)) - Started o.e.j.w.WebAppContext@7197b07f{/,file:///tmp/jetty-0.0.0.0-46354-hddsDatanode-_-any-3974243183648926310.dir/webapp/,AVAILABLE}{/hddsDatanode}
2019-07-13 20:53:21,186 INFO  server.AbstractConnector (AbstractConnector.java:doStart(278)) - Started ServerConnector@1f10fec6{HTTP/1.1,[http/1.1]}{0.0.0.0:46354}
2019-07-13 20:53:21,186 INFO  server.Server (Server.java:doStart(419)) - Started @5903ms
2019-07-13 20:53:21,188 INFO  server.BaseHttpServer (BaseHttpServer.java:updateConnectorAddress(207)) - HTTP server of HDDSDATANODE is listening at http://0.0.0.0:46354
2019-07-13 20:53:21,303 INFO  ozone.HddsDatanodeService (HddsDatanodeService.java:startPlugins(396)) - Started plug-in org.apache.hadoop.ozone.web.OzoneHddsDatanodeService@7436364d
2019-07-13 20:53:21,303 INFO  impl.MetricsSystemImpl (MetricsSystemImpl.java:init(158)) - HddsDatanode metrics system started (again)
2019-07-13 20:53:21,303 INFO  ozone.HddsDatanodeService (HddsDatanodeService.java:start(185)) - HddsDatanodeService host:trunk-nightly-6qp7m-2461138711 ip:192.168.5.168
2019-07-13 20:53:21,305 INFO  util.JvmPauseMonitor (JvmPauseMonitor.java:run(188)) - Starting JVM pause monitor
2019-07-13 20:53:21,308 INFO  datanode.InitDatanodeState (InitDatanodeState.java:persistContainerDatanodeDetails(140)) - DatanodeDetails is persisted to /tmp/workdir/hadoop-ozone/integration-test/target/test-dir/MiniOzoneClusterImpl-1ab524e4-8b94-4416-883f-eb3cfaa6454f/datanode-2/meta/datanode.id
2019-07-13 20:53:21,312 INFO  volume.HddsVolume (HddsVolume.java:<init>(176)) - Creating Volume: /tmp/workdir/hadoop-ozone/integration-test/target/test-dir/MiniOzoneClusterImpl-1ab524e4-8b94-4416-883f-eb3cfaa6454f/datanode-3/data/containers/hdds of  storage type : DISK and capacity : 52710309888
2019-07-13 20:53:21,313 INFO  volume.VolumeSet (VolumeSet.java:initializeVolumeSet(170)) - Added Volume : /tmp/workdir/hadoop-ozone/integration-test/target/test-dir/MiniOzoneClusterImpl-1ab524e4-8b94-4416-883f-eb3cfaa6454f/datanode-3/data/containers/hdds to VolumeSet
2019-07-13 20:53:21,313 INFO  volume.ThrottledAsyncChecker (ThrottledAsyncChecker.java:schedule(140)) - Scheduling a check for org.apache.hadoop.ozone.container.common.volume.HddsVolume@517704
2019-07-13 20:53:21,313 INFO  volume.HddsVolumeChecker (HddsVolumeChecker.java:checkAllVolumes(203)) - Scheduled health check for volume org.apache.hadoop.ozone.container.common.volume.HddsVolume@517704
2019-07-13 20:53:21,326 INFO  impl.RaftServerProxy (ConfUtils.java:logGet(43)) - raft.rpc.type = GRPC (default)
2019-07-13 20:53:21,326 INFO  grpc.GrpcFactory (GrpcFactory.java:checkPooledByteBufAllocatorUseCacheForAllThreads(45)) - PERFORMANCE WARNING: useCacheForAllThreads is true that may cause Netty to create a lot garbage objects and, as a result, trigger GC.
	It is recommended to disable useCacheForAllThreads by setting -Dorg.apache.ratis.thirdparty.io.netty.allocator.useCacheForAllThreads=false in command line.
2019-07-13 20:53:21,327 INFO  grpc.GrpcConfigKeys$Server (ConfUtils.java:logGet(43)) - raft.grpc.server.port = 0 (default)
2019-07-13 20:53:21,327 INFO  server.GrpcService (ConfUtils.java:logGet(43)) - raft.grpc.message.size.max = 33570816 (custom)
2019-07-13 20:53:21,327 INFO  server.RaftServerConfigKeys (ConfUtils.java:logGet(43)) - raft.server.log.appender.buffer.byte-limit = 33554432 (custom)
2019-07-13 20:53:21,327 INFO  server.GrpcService (ConfUtils.java:logGet(43)) - raft.grpc.flow.control.window = 1MB (=1048576) (default)
2019-07-13 20:53:21,327 INFO  server.RaftServerConfigKeys (ConfUtils.java:logGet(43)) - raft.server.rpc.request.timeout = 3000ms (default)
2019-07-13 20:53:21,328 INFO  server.RaftServerConfigKeys (ConfUtils.java:logGet(43)) - raft.server.storage.dir = [/tmp/workdir/hadoop-ozone/integration-test/target/test-dir/MiniOzoneClusterImpl-1ab524e4-8b94-4416-883f-eb3cfaa6454f/datanode-3/data/ratis] (custom)
2019-07-13 20:53:21,328 INFO  replication.SimpleContainerDownloader (SimpleContainerDownloader.java:<init>(72)) - Starting container downloader service to copy containers to replicate.
2019-07-13 20:53:21,330 INFO  hdfs.DFSUtil (DFSUtil.java:httpServerTemplateForNNAndJN(1641)) - Starting Web-server for hddsDatanode at: http://0.0.0.0:0
2019-07-13 20:53:21,331 INFO  server.AuthenticationFilter (AuthenticationFilter.java:constructSecretProvider(240)) - Unable to initialize FileSignerSecretProvider, falling back to use random secrets.
2019-07-13 20:53:21,331 WARN  http.HttpRequestLog (HttpRequestLog.java:getRequestLog(97)) - Jetty request log can only be enabled using Log4j
2019-07-13 20:53:21,332 INFO  http.HttpServer2 (HttpServer2.java:addGlobalFilter(975)) - Added global filter 'safety' (class=org.apache.hadoop.http.HttpServer2$QuotingInputFilter)
2019-07-13 20:53:21,332 INFO  http.HttpServer2 (HttpServer2.java:addFilter(948)) - Added filter static_user_filter (class=org.apache.hadoop.http.lib.StaticUserWebFilter$StaticUserFilter) to context hddsDatanode
2019-07-13 20:53:21,333 INFO  http.HttpServer2 (HttpServer2.java:addFilter(958)) - Added filter static_user_filter (class=org.apache.hadoop.http.lib.StaticUserWebFilter$StaticUserFilter) to context static
2019-07-13 20:53:21,333 INFO  http.HttpServer2 (HttpServer2.java:addFilter(958)) - Added filter static_user_filter (class=org.apache.hadoop.http.lib.StaticUserWebFilter$StaticUserFilter) to context logs
2019-07-13 20:53:21,334 INFO  http.HttpServer2 (HttpServer2.java:bindListener(1191)) - Jetty bound to port 39087
2019-07-13 20:53:21,334 INFO  server.Server (Server.java:doStart(351)) - jetty-9.3.24.v20180605, build timestamp: 2018-06-05T17:11:56Z, git hash: 84205aa28f11a4f31f2a3b86d1bba2cc8ab69827
2019-07-13 20:53:21,336 INFO  handler.ContextHandler (ContextHandler.java:doStart(781)) - Started o.e.j.s.ServletContextHandler@1e30db85{/logs,file:///tmp/workdir/hadoop-ozone/integration-test/target/log,AVAILABLE}
2019-07-13 20:53:21,336 INFO  handler.ContextHandler (ContextHandler.java:doStart(781)) - Started o.e.j.s.ServletContextHandler@cc9ef8d{/static,jar:file:/home/user/.m2/repository/org/apache/hadoop/hadoop-hdds-container-service/0.5.0-SNAPSHOT/hadoop-hdds-container-service-0.5.0-SNAPSHOT.jar!/webapps/static,AVAILABLE}
2019-07-13 20:53:21,360 INFO  handler.ContextHandler (ContextHandler.java:doStart(781)) - Started o.e.j.w.WebAppContext@6a2d867d{/,file:///tmp/jetty-0.0.0.0-39087-hddsDatanode-_-any-5482311706837914071.dir/webapp/,AVAILABLE}{/hddsDatanode}
2019-07-13 20:53:21,360 INFO  server.AbstractConnector (AbstractConnector.java:doStart(278)) - Started ServerConnector@73bb1337{HTTP/1.1,[http/1.1]}{0.0.0.0:39087}
2019-07-13 20:53:21,361 INFO  server.Server (Server.java:doStart(419)) - Started @6077ms
2019-07-13 20:53:21,362 INFO  server.BaseHttpServer (BaseHttpServer.java:updateConnectorAddress(207)) - HTTP server of HDDSDATANODE is listening at http://0.0.0.0:39087
2019-07-13 20:53:21,467 INFO  ozone.HddsDatanodeService (HddsDatanodeService.java:startPlugins(396)) - Started plug-in org.apache.hadoop.ozone.web.OzoneHddsDatanodeService@65da01f4
2019-07-13 20:53:21,467 INFO  impl.MetricsSystemImpl (MetricsSystemImpl.java:init(158)) - HddsDatanode metrics system started (again)
2019-07-13 20:53:21,468 INFO  ozone.HddsDatanodeService (HddsDatanodeService.java:start(185)) - HddsDatanodeService host:trunk-nightly-6qp7m-2461138711 ip:192.168.5.168
2019-07-13 20:53:21,469 INFO  util.JvmPauseMonitor (JvmPauseMonitor.java:run(188)) - Starting JVM pause monitor
2019-07-13 20:53:21,472 INFO  datanode.InitDatanodeState (InitDatanodeState.java:persistContainerDatanodeDetails(140)) - DatanodeDetails is persisted to /tmp/workdir/hadoop-ozone/integration-test/target/test-dir/MiniOzoneClusterImpl-1ab524e4-8b94-4416-883f-eb3cfaa6454f/datanode-3/meta/datanode.id
2019-07-13 20:53:21,476 INFO  volume.HddsVolume (HddsVolume.java:<init>(176)) - Creating Volume: /tmp/workdir/hadoop-ozone/integration-test/target/test-dir/MiniOzoneClusterImpl-1ab524e4-8b94-4416-883f-eb3cfaa6454f/datanode-4/data/containers/hdds of  storage type : DISK and capacity : 52710309888
2019-07-13 20:53:21,477 INFO  volume.VolumeSet (VolumeSet.java:initializeVolumeSet(170)) - Added Volume : /tmp/workdir/hadoop-ozone/integration-test/target/test-dir/MiniOzoneClusterImpl-1ab524e4-8b94-4416-883f-eb3cfaa6454f/datanode-4/data/containers/hdds to VolumeSet
2019-07-13 20:53:21,477 INFO  volume.ThrottledAsyncChecker (ThrottledAsyncChecker.java:schedule(140)) - Scheduling a check for org.apache.hadoop.ozone.container.common.volume.HddsVolume@6b2fdffc
2019-07-13 20:53:21,478 INFO  volume.HddsVolumeChecker (HddsVolumeChecker.java:checkAllVolumes(203)) - Scheduled health check for volume org.apache.hadoop.ozone.container.common.volume.HddsVolume@6b2fdffc
2019-07-13 20:53:21,495 INFO  impl.RaftServerProxy (ConfUtils.java:logGet(43)) - raft.rpc.type = GRPC (default)
2019-07-13 20:53:21,495 INFO  grpc.GrpcFactory (GrpcFactory.java:checkPooledByteBufAllocatorUseCacheForAllThreads(45)) - PERFORMANCE WARNING: useCacheForAllThreads is true that may cause Netty to create a lot garbage objects and, as a result, trigger GC.
	It is recommended to disable useCacheForAllThreads by setting -Dorg.apache.ratis.thirdparty.io.netty.allocator.useCacheForAllThreads=false in command line.
2019-07-13 20:53:21,495 INFO  grpc.GrpcConfigKeys$Server (ConfUtils.java:logGet(43)) - raft.grpc.server.port = 0 (default)
2019-07-13 20:53:21,496 INFO  server.GrpcService (ConfUtils.java:logGet(43)) - raft.grpc.message.size.max = 33570816 (custom)
2019-07-13 20:53:21,496 INFO  server.RaftServerConfigKeys (ConfUtils.java:logGet(43)) - raft.server.log.appender.buffer.byte-limit = 33554432 (custom)
2019-07-13 20:53:21,496 INFO  server.GrpcService (ConfUtils.java:logGet(43)) - raft.grpc.flow.control.window = 1MB (=1048576) (default)
2019-07-13 20:53:21,497 INFO  server.RaftServerConfigKeys (ConfUtils.java:logGet(43)) - raft.server.rpc.request.timeout = 3000ms (default)
2019-07-13 20:53:21,497 INFO  server.RaftServerConfigKeys (ConfUtils.java:logGet(43)) - raft.server.storage.dir = [/tmp/workdir/hadoop-ozone/integration-test/target/test-dir/MiniOzoneClusterImpl-1ab524e4-8b94-4416-883f-eb3cfaa6454f/datanode-4/data/ratis] (custom)
2019-07-13 20:53:21,498 INFO  replication.SimpleContainerDownloader (SimpleContainerDownloader.java:<init>(72)) - Starting container downloader service to copy containers to replicate.
2019-07-13 20:53:21,499 INFO  hdfs.DFSUtil (DFSUtil.java:httpServerTemplateForNNAndJN(1641)) - Starting Web-server for hddsDatanode at: http://0.0.0.0:0
2019-07-13 20:53:21,501 INFO  server.AuthenticationFilter (AuthenticationFilter.java:constructSecretProvider(240)) - Unable to initialize FileSignerSecretProvider, falling back to use random secrets.
2019-07-13 20:53:21,501 WARN  http.HttpRequestLog (HttpRequestLog.java:getRequestLog(97)) - Jetty request log can only be enabled using Log4j
2019-07-13 20:53:21,502 INFO  http.HttpServer2 (HttpServer2.java:addGlobalFilter(975)) - Added global filter 'safety' (class=org.apache.hadoop.http.HttpServer2$QuotingInputFilter)
2019-07-13 20:53:21,503 INFO  http.HttpServer2 (HttpServer2.java:addFilter(948)) - Added filter static_user_filter (class=org.apache.hadoop.http.lib.StaticUserWebFilter$StaticUserFilter) to context hddsDatanode
2019-07-13 20:53:21,503 INFO  http.HttpServer2 (HttpServer2.java:addFilter(958)) - Added filter static_user_filter (class=org.apache.hadoop.http.lib.StaticUserWebFilter$StaticUserFilter) to context logs
2019-07-13 20:53:21,503 INFO  http.HttpServer2 (HttpServer2.java:addFilter(958)) - Added filter static_user_filter (class=org.apache.hadoop.http.lib.StaticUserWebFilter$StaticUserFilter) to context static
2019-07-13 20:53:21,504 INFO  http.HttpServer2 (HttpServer2.java:bindListener(1191)) - Jetty bound to port 34447
2019-07-13 20:53:21,504 INFO  server.Server (Server.java:doStart(351)) - jetty-9.3.24.v20180605, build timestamp: 2018-06-05T17:11:56Z, git hash: 84205aa28f11a4f31f2a3b86d1bba2cc8ab69827
2019-07-13 20:53:21,508 INFO  handler.ContextHandler (ContextHandler.java:doStart(781)) - Started o.e.j.s.ServletContextHandler@615db358{/logs,file:///tmp/workdir/hadoop-ozone/integration-test/target/log,AVAILABLE}
2019-07-13 20:53:21,508 INFO  handler.ContextHandler (ContextHandler.java:doStart(781)) - Started o.e.j.s.ServletContextHandler@5fef0c19{/static,jar:file:/home/user/.m2/repository/org/apache/hadoop/hadoop-hdds-container-service/0.5.0-SNAPSHOT/hadoop-hdds-container-service-0.5.0-SNAPSHOT.jar!/webapps/static,AVAILABLE}
2019-07-13 20:53:21,533 INFO  handler.ContextHandler (ContextHandler.java:doStart(781)) - Started o.e.j.w.WebAppContext@367d34c0{/,file:///tmp/jetty-0.0.0.0-34447-hddsDatanode-_-any-8828757545646713649.dir/webapp/,AVAILABLE}{/hddsDatanode}
2019-07-13 20:53:21,533 INFO  server.AbstractConnector (AbstractConnector.java:doStart(278)) - Started ServerConnector@4ce25e47{HTTP/1.1,[http/1.1]}{0.0.0.0:34447}
2019-07-13 20:53:21,536 INFO  server.Server (Server.java:doStart(419)) - Started @6252ms
2019-07-13 20:53:21,537 INFO  server.BaseHttpServer (BaseHttpServer.java:updateConnectorAddress(207)) - HTTP server of HDDSDATANODE is listening at http://0.0.0.0:34447
2019-07-13 20:53:21,638 INFO  ozone.HddsDatanodeService (HddsDatanodeService.java:startPlugins(396)) - Started plug-in org.apache.hadoop.ozone.web.OzoneHddsDatanodeService@15d236fd
2019-07-13 20:53:21,638 INFO  impl.MetricsSystemImpl (MetricsSystemImpl.java:init(158)) - HddsDatanode metrics system started (again)
2019-07-13 20:53:21,638 INFO  ozone.HddsDatanodeService (HddsDatanodeService.java:start(185)) - HddsDatanodeService host:trunk-nightly-6qp7m-2461138711 ip:192.168.5.168
2019-07-13 20:53:21,641 INFO  util.JvmPauseMonitor (JvmPauseMonitor.java:run(188)) - Starting JVM pause monitor
2019-07-13 20:53:21,643 INFO  datanode.InitDatanodeState (InitDatanodeState.java:persistContainerDatanodeDetails(140)) - DatanodeDetails is persisted to /tmp/workdir/hadoop-ozone/integration-test/target/test-dir/MiniOzoneClusterImpl-1ab524e4-8b94-4416-883f-eb3cfaa6454f/datanode-4/meta/datanode.id
2019-07-13 20:53:21,648 INFO  volume.HddsVolume (HddsVolume.java:<init>(176)) - Creating Volume: /tmp/workdir/hadoop-ozone/integration-test/target/test-dir/MiniOzoneClusterImpl-1ab524e4-8b94-4416-883f-eb3cfaa6454f/datanode-5/data/containers/hdds of  storage type : DISK and capacity : 52710309888
2019-07-13 20:53:21,649 INFO  volume.VolumeSet (VolumeSet.java:initializeVolumeSet(170)) - Added Volume : /tmp/workdir/hadoop-ozone/integration-test/target/test-dir/MiniOzoneClusterImpl-1ab524e4-8b94-4416-883f-eb3cfaa6454f/datanode-5/data/containers/hdds to VolumeSet
2019-07-13 20:53:21,649 INFO  volume.ThrottledAsyncChecker (ThrottledAsyncChecker.java:schedule(140)) - Scheduling a check for org.apache.hadoop.ozone.container.common.volume.HddsVolume@33eb0d4
2019-07-13 20:53:21,649 INFO  volume.HddsVolumeChecker (HddsVolumeChecker.java:checkAllVolumes(203)) - Scheduled health check for volume org.apache.hadoop.ozone.container.common.volume.HddsVolume@33eb0d4
2019-07-13 20:53:21,662 INFO  impl.RaftServerProxy (ConfUtils.java:logGet(43)) - raft.rpc.type = GRPC (default)
2019-07-13 20:53:21,663 INFO  grpc.GrpcFactory (GrpcFactory.java:checkPooledByteBufAllocatorUseCacheForAllThreads(45)) - PERFORMANCE WARNING: useCacheForAllThreads is true that may cause Netty to create a lot garbage objects and, as a result, trigger GC.
	It is recommended to disable useCacheForAllThreads by setting -Dorg.apache.ratis.thirdparty.io.netty.allocator.useCacheForAllThreads=false in command line.
2019-07-13 20:53:21,663 INFO  grpc.GrpcConfigKeys$Server (ConfUtils.java:logGet(43)) - raft.grpc.server.port = 0 (default)
2019-07-13 20:53:21,663 INFO  server.GrpcService (ConfUtils.java:logGet(43)) - raft.grpc.message.size.max = 33570816 (custom)
2019-07-13 20:53:21,663 INFO  server.RaftServerConfigKeys (ConfUtils.java:logGet(43)) - raft.server.log.appender.buffer.byte-limit = 33554432 (custom)
2019-07-13 20:53:21,663 INFO  server.GrpcService (ConfUtils.java:logGet(43)) - raft.grpc.flow.control.window = 1MB (=1048576) (default)
2019-07-13 20:53:21,663 INFO  server.RaftServerConfigKeys (ConfUtils.java:logGet(43)) - raft.server.rpc.request.timeout = 3000ms (default)
2019-07-13 20:53:21,664 INFO  server.RaftServerConfigKeys (ConfUtils.java:logGet(43)) - raft.server.storage.dir = [/tmp/workdir/hadoop-ozone/integration-test/target/test-dir/MiniOzoneClusterImpl-1ab524e4-8b94-4416-883f-eb3cfaa6454f/datanode-5/data/ratis] (custom)
2019-07-13 20:53:21,665 INFO  replication.SimpleContainerDownloader (SimpleContainerDownloader.java:<init>(72)) - Starting container downloader service to copy containers to replicate.
2019-07-13 20:53:21,666 INFO  hdfs.DFSUtil (DFSUtil.java:httpServerTemplateForNNAndJN(1641)) - Starting Web-server for hddsDatanode at: http://0.0.0.0:0
2019-07-13 20:53:21,667 INFO  server.AuthenticationFilter (AuthenticationFilter.java:constructSecretProvider(240)) - Unable to initialize FileSignerSecretProvider, falling back to use random secrets.
2019-07-13 20:53:21,667 WARN  http.HttpRequestLog (HttpRequestLog.java:getRequestLog(97)) - Jetty request log can only be enabled using Log4j
2019-07-13 20:53:21,668 INFO  http.HttpServer2 (HttpServer2.java:addGlobalFilter(975)) - Added global filter 'safety' (class=org.apache.hadoop.http.HttpServer2$QuotingInputFilter)
2019-07-13 20:53:21,669 INFO  http.HttpServer2 (HttpServer2.java:addFilter(948)) - Added filter static_user_filter (class=org.apache.hadoop.http.lib.StaticUserWebFilter$StaticUserFilter) to context hddsDatanode
2019-07-13 20:53:21,669 INFO  http.HttpServer2 (HttpServer2.java:addFilter(958)) - Added filter static_user_filter (class=org.apache.hadoop.http.lib.StaticUserWebFilter$StaticUserFilter) to context static
2019-07-13 20:53:21,669 INFO  http.HttpServer2 (HttpServer2.java:addFilter(958)) - Added filter static_user_filter (class=org.apache.hadoop.http.lib.StaticUserWebFilter$StaticUserFilter) to context logs
2019-07-13 20:53:21,669 INFO  http.HttpServer2 (HttpServer2.java:bindListener(1191)) - Jetty bound to port 37684
2019-07-13 20:53:21,670 INFO  server.Server (Server.java:doStart(351)) - jetty-9.3.24.v20180605, build timestamp: 2018-06-05T17:11:56Z, git hash: 84205aa28f11a4f31f2a3b86d1bba2cc8ab69827
2019-07-13 20:53:21,672 INFO  handler.ContextHandler (ContextHandler.java:doStart(781)) - Started o.e.j.s.ServletContextHandler@6885ed19{/logs,file:///tmp/workdir/hadoop-ozone/integration-test/target/log,AVAILABLE}
2019-07-13 20:53:21,672 INFO  handler.ContextHandler (ContextHandler.java:doStart(781)) - Started o.e.j.s.ServletContextHandler@2d4a3e13{/static,jar:file:/home/user/.m2/repository/org/apache/hadoop/hadoop-hdds-container-service/0.5.0-SNAPSHOT/hadoop-hdds-container-service-0.5.0-SNAPSHOT.jar!/webapps/static,AVAILABLE}
2019-07-13 20:53:21,696 INFO  handler.ContextHandler (ContextHandler.java:doStart(781)) - Started o.e.j.w.WebAppContext@561f9d92{/,file:///tmp/jetty-0.0.0.0-37684-hddsDatanode-_-any-8059573671078430070.dir/webapp/,AVAILABLE}{/hddsDatanode}
2019-07-13 20:53:21,697 INFO  server.AbstractConnector (AbstractConnector.java:doStart(278)) - Started ServerConnector@1c84d80a{HTTP/1.1,[http/1.1]}{0.0.0.0:37684}
2019-07-13 20:53:21,698 INFO  server.Server (Server.java:doStart(419)) - Started @6414ms
2019-07-13 20:53:21,699 INFO  server.BaseHttpServer (BaseHttpServer.java:updateConnectorAddress(207)) - HTTP server of HDDSDATANODE is listening at http://0.0.0.0:37684
2019-07-13 20:53:21,804 INFO  ozone.HddsDatanodeService (HddsDatanodeService.java:startPlugins(396)) - Started plug-in org.apache.hadoop.ozone.web.OzoneHddsDatanodeService@16f15ae9
2019-07-13 20:53:21,804 INFO  impl.MetricsSystemImpl (MetricsSystemImpl.java:init(158)) - HddsDatanode metrics system started (again)
2019-07-13 20:53:21,804 INFO  ozone.HddsDatanodeService (HddsDatanodeService.java:start(185)) - HddsDatanodeService host:trunk-nightly-6qp7m-2461138711 ip:192.168.5.168
2019-07-13 20:53:21,806 INFO  util.JvmPauseMonitor (JvmPauseMonitor.java:run(188)) - Starting JVM pause monitor
2019-07-13 20:53:21,809 INFO  datanode.InitDatanodeState (InitDatanodeState.java:persistContainerDatanodeDetails(140)) - DatanodeDetails is persisted to /tmp/workdir/hadoop-ozone/integration-test/target/test-dir/MiniOzoneClusterImpl-1ab524e4-8b94-4416-883f-eb3cfaa6454f/datanode-5/meta/datanode.id
2019-07-13 20:53:21,813 INFO  volume.HddsVolume (HddsVolume.java:<init>(176)) - Creating Volume: /tmp/workdir/hadoop-ozone/integration-test/target/test-dir/MiniOzoneClusterImpl-1ab524e4-8b94-4416-883f-eb3cfaa6454f/datanode-6/data/containers/hdds of  storage type : DISK and capacity : 52710309888
2019-07-13 20:53:21,813 INFO  volume.VolumeSet (VolumeSet.java:initializeVolumeSet(170)) - Added Volume : /tmp/workdir/hadoop-ozone/integration-test/target/test-dir/MiniOzoneClusterImpl-1ab524e4-8b94-4416-883f-eb3cfaa6454f/datanode-6/data/containers/hdds to VolumeSet
2019-07-13 20:53:21,813 INFO  volume.ThrottledAsyncChecker (ThrottledAsyncChecker.java:schedule(140)) - Scheduling a check for org.apache.hadoop.ozone.container.common.volume.HddsVolume@2b79c8ff
2019-07-13 20:53:21,814 INFO  volume.HddsVolumeChecker (HddsVolumeChecker.java:checkAllVolumes(203)) - Scheduled health check for volume org.apache.hadoop.ozone.container.common.volume.HddsVolume@2b79c8ff
2019-07-13 20:53:21,825 INFO  impl.RaftServerProxy (ConfUtils.java:logGet(43)) - raft.rpc.type = GRPC (default)
2019-07-13 20:53:21,826 INFO  grpc.GrpcFactory (GrpcFactory.java:checkPooledByteBufAllocatorUseCacheForAllThreads(45)) - PERFORMANCE WARNING: useCacheForAllThreads is true that may cause Netty to create a lot garbage objects and, as a result, trigger GC.
	It is recommended to disable useCacheForAllThreads by setting -Dorg.apache.ratis.thirdparty.io.netty.allocator.useCacheForAllThreads=false in command line.
2019-07-13 20:53:21,826 INFO  grpc.GrpcConfigKeys$Server (ConfUtils.java:logGet(43)) - raft.grpc.server.port = 0 (default)
2019-07-13 20:53:21,827 INFO  server.GrpcService (ConfUtils.java:logGet(43)) - raft.grpc.message.size.max = 33570816 (custom)
2019-07-13 20:53:21,827 INFO  server.RaftServerConfigKeys (ConfUtils.java:logGet(43)) - raft.server.log.appender.buffer.byte-limit = 33554432 (custom)
2019-07-13 20:53:21,827 INFO  server.GrpcService (ConfUtils.java:logGet(43)) - raft.grpc.flow.control.window = 1MB (=1048576) (default)
2019-07-13 20:53:21,827 INFO  server.RaftServerConfigKeys (ConfUtils.java:logGet(43)) - raft.server.rpc.request.timeout = 3000ms (default)
2019-07-13 20:53:21,828 INFO  server.RaftServerConfigKeys (ConfUtils.java:logGet(43)) - raft.server.storage.dir = [/tmp/workdir/hadoop-ozone/integration-test/target/test-dir/MiniOzoneClusterImpl-1ab524e4-8b94-4416-883f-eb3cfaa6454f/datanode-6/data/ratis] (custom)
2019-07-13 20:53:21,829 INFO  replication.SimpleContainerDownloader (SimpleContainerDownloader.java:<init>(72)) - Starting container downloader service to copy containers to replicate.
2019-07-13 20:53:21,830 INFO  hdfs.DFSUtil (DFSUtil.java:httpServerTemplateForNNAndJN(1641)) - Starting Web-server for hddsDatanode at: http://0.0.0.0:0
2019-07-13 20:53:21,831 INFO  server.AuthenticationFilter (AuthenticationFilter.java:constructSecretProvider(240)) - Unable to initialize FileSignerSecretProvider, falling back to use random secrets.
2019-07-13 20:53:21,831 WARN  http.HttpRequestLog (HttpRequestLog.java:getRequestLog(97)) - Jetty request log can only be enabled using Log4j
2019-07-13 20:53:21,832 INFO  http.HttpServer2 (HttpServer2.java:addGlobalFilter(975)) - Added global filter 'safety' (class=org.apache.hadoop.http.HttpServer2$QuotingInputFilter)
2019-07-13 20:53:21,832 INFO  http.HttpServer2 (HttpServer2.java:addFilter(948)) - Added filter static_user_filter (class=org.apache.hadoop.http.lib.StaticUserWebFilter$StaticUserFilter) to context hddsDatanode
2019-07-13 20:53:21,833 INFO  http.HttpServer2 (HttpServer2.java:addFilter(958)) - Added filter static_user_filter (class=org.apache.hadoop.http.lib.StaticUserWebFilter$StaticUserFilter) to context logs
2019-07-13 20:53:21,833 INFO  http.HttpServer2 (HttpServer2.java:addFilter(958)) - Added filter static_user_filter (class=org.apache.hadoop.http.lib.StaticUserWebFilter$StaticUserFilter) to context static
2019-07-13 20:53:21,833 INFO  http.HttpServer2 (HttpServer2.java:bindListener(1191)) - Jetty bound to port 43044
2019-07-13 20:53:21,833 INFO  server.Server (Server.java:doStart(351)) - jetty-9.3.24.v20180605, build timestamp: 2018-06-05T17:11:56Z, git hash: 84205aa28f11a4f31f2a3b86d1bba2cc8ab69827
2019-07-13 20:53:21,836 INFO  handler.ContextHandler (ContextHandler.java:doStart(781)) - Started o.e.j.s.ServletContextHandler@6568f998{/logs,file:///tmp/workdir/hadoop-ozone/integration-test/target/log,AVAILABLE}
2019-07-13 20:53:21,836 INFO  handler.ContextHandler (ContextHandler.java:doStart(781)) - Started o.e.j.s.ServletContextHandler@782fd504{/static,jar:file:/home/user/.m2/repository/org/apache/hadoop/hadoop-hdds-container-service/0.5.0-SNAPSHOT/hadoop-hdds-container-service-0.5.0-SNAPSHOT.jar!/webapps/static,AVAILABLE}
2019-07-13 20:53:21,860 INFO  handler.ContextHandler (ContextHandler.java:doStart(781)) - Started o.e.j.w.WebAppContext@418f0534{/,file:///tmp/jetty-0.0.0.0-43044-hddsDatanode-_-any-783748934603678043.dir/webapp/,AVAILABLE}{/hddsDatanode}
2019-07-13 20:53:21,861 INFO  server.AbstractConnector (AbstractConnector.java:doStart(278)) - Started ServerConnector@3dfd7eaa{HTTP/1.1,[http/1.1]}{0.0.0.0:43044}
2019-07-13 20:53:21,862 INFO  server.Server (Server.java:doStart(419)) - Started @6578ms
2019-07-13 20:53:21,862 INFO  server.BaseHttpServer (BaseHttpServer.java:updateConnectorAddress(207)) - HTTP server of HDDSDATANODE is listening at http://0.0.0.0:43044
2019-07-13 20:53:22,088 INFO  ozone.HddsDatanodeService (HddsDatanodeService.java:startPlugins(396)) - Started plug-in org.apache.hadoop.ozone.web.OzoneHddsDatanodeService@28e7bb31
2019-07-13 20:53:22,089 INFO  ozone.MiniOzoneClusterImpl (MiniOzoneClusterImpl.java:lambda$waitForClusterToBeReady$0(142)) - Waiting for cluster to be ready. Got 0 of 7 DN Heartbeats.
2019-07-13 20:53:22,090 INFO  util.JvmPauseMonitor (JvmPauseMonitor.java:run(188)) - Starting JVM pause monitor
2019-07-13 20:53:22,092 INFO  datanode.InitDatanodeState (InitDatanodeState.java:persistContainerDatanodeDetails(140)) - DatanodeDetails is persisted to /tmp/workdir/hadoop-ozone/integration-test/target/test-dir/MiniOzoneClusterImpl-1ab524e4-8b94-4416-883f-eb3cfaa6454f/datanode-6/meta/datanode.id
2019-07-13 20:53:22,991 INFO  ozoneimpl.OzoneContainer (OzoneContainer.java:start(186)) - Attempting to start container services.
2019-07-13 20:53:22,991 INFO  ozoneimpl.OzoneContainer (OzoneContainer.java:startContainerScrub(160)) - Background container scrubber has been disabled by hdds.containerscrub.enabled
2019-07-13 20:53:22,992 INFO  ratis.XceiverServerRatis (XceiverServerRatis.java:start(418)) - Starting XceiverServerRatis ce825884-2075-49ff-9409-9d7b191e36bd at port 0
2019-07-13 20:53:23,014 INFO  impl.RaftServerProxy (RaftServerProxy.java:lambda$start$3(299)) - ce825884-2075-49ff-9409-9d7b191e36bd: start RPC server
2019-07-13 20:53:23,089 INFO  ozone.MiniOzoneClusterImpl (MiniOzoneClusterImpl.java:lambda$waitForClusterToBeReady$0(142)) - Waiting for cluster to be ready. Got 0 of 7 DN Heartbeats.
2019-07-13 20:53:23,131 INFO  server.GrpcService (GrpcService.java:startImpl(149)) - ce825884-2075-49ff-9409-9d7b191e36bd: GrpcService started, listening on 0.0.0.0/0.0.0.0:33543
2019-07-13 20:53:23,132 INFO  ratis.XceiverServerRatis (XceiverServerRatis.java:start(428)) - XceiverServerRatis ce825884-2075-49ff-9409-9d7b191e36bd is started using port 33543
2019-07-13 20:53:23,134 INFO  server.XceiverServerGrpc (XceiverServerGrpc.java:start(161)) - XceiverServerGrpc ce825884-2075-49ff-9409-9d7b191e36bd is started using port 45497
2019-07-13 20:53:23,144 INFO  ozoneimpl.OzoneContainer (OzoneContainer.java:start(186)) - Attempting to start container services.
2019-07-13 20:53:23,146 INFO  ozoneimpl.OzoneContainer (OzoneContainer.java:startContainerScrub(160)) - Background container scrubber has been disabled by hdds.containerscrub.enabled
2019-07-13 20:53:23,146 INFO  ratis.XceiverServerRatis (XceiverServerRatis.java:start(418)) - Starting XceiverServerRatis 88407b66-6843-4748-95c3-9b69e6f4e794 at port 0
2019-07-13 20:53:23,154 INFO  impl.RaftServerProxy (RaftServerProxy.java:lambda$start$3(299)) - 88407b66-6843-4748-95c3-9b69e6f4e794: start RPC server
2019-07-13 20:53:23,157 INFO  server.GrpcService (GrpcService.java:startImpl(149)) - 88407b66-6843-4748-95c3-9b69e6f4e794: GrpcService started, listening on 0.0.0.0/0.0.0.0:40478
2019-07-13 20:53:23,157 INFO  ratis.XceiverServerRatis (XceiverServerRatis.java:start(428)) - XceiverServerRatis 88407b66-6843-4748-95c3-9b69e6f4e794 is started using port 40478
2019-07-13 20:53:23,159 INFO  server.XceiverServerGrpc (XceiverServerGrpc.java:start(161)) - XceiverServerGrpc 88407b66-6843-4748-95c3-9b69e6f4e794 is started using port 36968
2019-07-13 20:53:23,313 INFO  ozoneimpl.OzoneContainer (OzoneContainer.java:start(186)) - Attempting to start container services.
2019-07-13 20:53:23,316 INFO  ozoneimpl.OzoneContainer (OzoneContainer.java:startContainerScrub(160)) - Background container scrubber has been disabled by hdds.containerscrub.enabled
2019-07-13 20:53:23,316 INFO  ratis.XceiverServerRatis (XceiverServerRatis.java:start(418)) - Starting XceiverServerRatis 0fed1087-15d2-4879-9faa-ad4f57cb19ae at port 0
2019-07-13 20:53:23,327 INFO  impl.RaftServerProxy (RaftServerProxy.java:lambda$start$3(299)) - 0fed1087-15d2-4879-9faa-ad4f57cb19ae: start RPC server
2019-07-13 20:53:23,330 INFO  server.GrpcService (GrpcService.java:startImpl(149)) - 0fed1087-15d2-4879-9faa-ad4f57cb19ae: GrpcService started, listening on 0.0.0.0/0.0.0.0:46104
2019-07-13 20:53:23,330 INFO  ratis.XceiverServerRatis (XceiverServerRatis.java:start(428)) - XceiverServerRatis 0fed1087-15d2-4879-9faa-ad4f57cb19ae is started using port 46104
2019-07-13 20:53:23,334 INFO  server.XceiverServerGrpc (XceiverServerGrpc.java:start(161)) - XceiverServerGrpc 0fed1087-15d2-4879-9faa-ad4f57cb19ae is started using port 41344
2019-07-13 20:53:23,484 INFO  ozoneimpl.OzoneContainer (OzoneContainer.java:start(186)) - Attempting to start container services.
2019-07-13 20:53:23,486 INFO  ozoneimpl.OzoneContainer (OzoneContainer.java:startContainerScrub(160)) - Background container scrubber has been disabled by hdds.containerscrub.enabled
2019-07-13 20:53:23,487 INFO  ratis.XceiverServerRatis (XceiverServerRatis.java:start(418)) - Starting XceiverServerRatis 107fee82-e5db-4797-8aae-57162eed379b at port 0
2019-07-13 20:53:23,498 INFO  impl.RaftServerProxy (RaftServerProxy.java:lambda$start$3(299)) - 107fee82-e5db-4797-8aae-57162eed379b: start RPC server
2019-07-13 20:53:23,502 INFO  server.GrpcService (GrpcService.java:startImpl(149)) - 107fee82-e5db-4797-8aae-57162eed379b: GrpcService started, listening on 0.0.0.0/0.0.0.0:38874
2019-07-13 20:53:23,502 INFO  ratis.XceiverServerRatis (XceiverServerRatis.java:start(428)) - XceiverServerRatis 107fee82-e5db-4797-8aae-57162eed379b is started using port 38874
2019-07-13 20:53:23,506 INFO  server.XceiverServerGrpc (XceiverServerGrpc.java:start(161)) - XceiverServerGrpc 107fee82-e5db-4797-8aae-57162eed379b is started using port 40694
2019-07-13 20:53:23,649 INFO  ozoneimpl.OzoneContainer (OzoneContainer.java:start(186)) - Attempting to start container services.
2019-07-13 20:53:23,652 INFO  ozoneimpl.OzoneContainer (OzoneContainer.java:startContainerScrub(160)) - Background container scrubber has been disabled by hdds.containerscrub.enabled
2019-07-13 20:53:23,652 INFO  ratis.XceiverServerRatis (XceiverServerRatis.java:start(418)) - Starting XceiverServerRatis b21e3032-627d-46ac-b88e-fdc5f8b56f2f at port 0
2019-07-13 20:53:23,663 INFO  impl.RaftServerProxy (RaftServerProxy.java:lambda$start$3(299)) - b21e3032-627d-46ac-b88e-fdc5f8b56f2f: start RPC server
2019-07-13 20:53:23,667 INFO  server.GrpcService (GrpcService.java:startImpl(149)) - b21e3032-627d-46ac-b88e-fdc5f8b56f2f: GrpcService started, listening on 0.0.0.0/0.0.0.0:38077
2019-07-13 20:53:23,668 INFO  ratis.XceiverServerRatis (XceiverServerRatis.java:start(428)) - XceiverServerRatis b21e3032-627d-46ac-b88e-fdc5f8b56f2f is started using port 38077
2019-07-13 20:53:23,671 INFO  server.XceiverServerGrpc (XceiverServerGrpc.java:start(161)) - XceiverServerGrpc b21e3032-627d-46ac-b88e-fdc5f8b56f2f is started using port 36595
2019-07-13 20:53:23,821 INFO  ozoneimpl.OzoneContainer (OzoneContainer.java:start(186)) - Attempting to start container services.
2019-07-13 20:53:23,825 INFO  ozoneimpl.OzoneContainer (OzoneContainer.java:startContainerScrub(160)) - Background container scrubber has been disabled by hdds.containerscrub.enabled
2019-07-13 20:53:23,825 INFO  ratis.XceiverServerRatis (XceiverServerRatis.java:start(418)) - Starting XceiverServerRatis 3d22177d-605d-4638-aa04-41b506e5e6ef at port 0
2019-07-13 20:53:23,834 INFO  impl.RaftServerProxy (RaftServerProxy.java:lambda$start$3(299)) - 3d22177d-605d-4638-aa04-41b506e5e6ef: start RPC server
2019-07-13 20:53:23,838 INFO  server.GrpcService (GrpcService.java:startImpl(149)) - 3d22177d-605d-4638-aa04-41b506e5e6ef: GrpcService started, listening on 0.0.0.0/0.0.0.0:32985
2019-07-13 20:53:23,839 INFO  ratis.XceiverServerRatis (XceiverServerRatis.java:start(428)) - XceiverServerRatis 3d22177d-605d-4638-aa04-41b506e5e6ef is started using port 32985
2019-07-13 20:53:23,842 INFO  server.XceiverServerGrpc (XceiverServerGrpc.java:start(161)) - XceiverServerGrpc 3d22177d-605d-4638-aa04-41b506e5e6ef is started using port 46086
2019-07-13 20:53:24,090 INFO  ozone.MiniOzoneClusterImpl (MiniOzoneClusterImpl.java:lambda$waitForClusterToBeReady$0(142)) - Waiting for cluster to be ready. Got 0 of 7 DN Heartbeats.
2019-07-13 20:53:24,100 INFO  ozoneimpl.OzoneContainer (OzoneContainer.java:start(186)) - Attempting to start container services.
2019-07-13 20:53:24,103 INFO  ozoneimpl.OzoneContainer (OzoneContainer.java:startContainerScrub(160)) - Background container scrubber has been disabled by hdds.containerscrub.enabled
2019-07-13 20:53:24,104 INFO  ratis.XceiverServerRatis (XceiverServerRatis.java:start(418)) - Starting XceiverServerRatis 62121b6c-f658-49f8-8f7f-7d79aebe6ec2 at port 0
2019-07-13 20:53:24,115 INFO  impl.RaftServerProxy (RaftServerProxy.java:lambda$start$3(299)) - 62121b6c-f658-49f8-8f7f-7d79aebe6ec2: start RPC server
2019-07-13 20:53:24,120 INFO  server.GrpcService (GrpcService.java:startImpl(149)) - 62121b6c-f658-49f8-8f7f-7d79aebe6ec2: GrpcService started, listening on 0.0.0.0/0.0.0.0:37077
2019-07-13 20:53:24,120 INFO  ratis.XceiverServerRatis (XceiverServerRatis.java:start(428)) - XceiverServerRatis 62121b6c-f658-49f8-8f7f-7d79aebe6ec2 is started using port 37077
2019-07-13 20:53:24,124 INFO  server.XceiverServerGrpc (XceiverServerGrpc.java:start(161)) - XceiverServerGrpc 62121b6c-f658-49f8-8f7f-7d79aebe6ec2 is started using port 46275
2019-07-13 20:53:24,976 INFO  net.NetworkTopology (NetworkTopologyImpl.java:add(110)) - Added a new node: /default-rack/192.168.5.168
2019-07-13 20:53:24,977 INFO  node.SCMNodeManager (SCMNodeManager.java:register(269)) - Registered Data node : ce825884-2075-49ff-9409-9d7b191e36bd{ip: 192.168.5.168, host: trunk-nightly-6qp7m-2461138711, networkLocation: /default-rack, certSerialId: null}
2019-07-13 20:53:24,983 INFO  safemode.SCMSafeModeManager (DataNodeSafeModeRule.java:process(71)) - SCM in safe mode. 1 DataNodes registered, 1 required.
2019-07-13 20:53:24,983 INFO  safemode.SCMSafeModeManager (SCMSafeModeManager.java:validateSafeModeExitRules(177)) - ScmSafeModeManager, all rules are successfully validated
2019-07-13 20:53:24,983 INFO  safemode.SCMSafeModeManager (SCMSafeModeManager.java:exitSafeMode(193)) - SCM exiting safe mode.
2019-07-13 20:53:25,094 INFO  ozone.MiniOzoneClusterImpl (MiniOzoneClusterImpl.java:lambda$waitForClusterToBeReady$0(142)) - Waiting for cluster to be ready. Got 1 of 7 DN Heartbeats.
2019-07-13 20:53:25,130 INFO  node.SCMNodeManager (SCMNodeManager.java:register(269)) - Registered Data node : 88407b66-6843-4748-95c3-9b69e6f4e794{ip: 192.168.5.168, host: trunk-nightly-6qp7m-2461138711, networkLocation: /default-rack, certSerialId: null}
2019-07-13 20:53:25,309 INFO  node.SCMNodeManager (SCMNodeManager.java:register(269)) - Registered Data node : 0fed1087-15d2-4879-9faa-ad4f57cb19ae{ip: 192.168.5.168, host: trunk-nightly-6qp7m-2461138711, networkLocation: /default-rack, certSerialId: null}
2019-07-13 20:53:25,473 INFO  node.SCMNodeManager (SCMNodeManager.java:register(269)) - Registered Data node : 107fee82-e5db-4797-8aae-57162eed379b{ip: 192.168.5.168, host: trunk-nightly-6qp7m-2461138711, networkLocation: /default-rack, certSerialId: null}
2019-07-13 20:53:25,925 INFO  node.SCMNodeManager (SCMNodeManager.java:register(269)) - Registered Data node : 3d22177d-605d-4638-aa04-41b506e5e6ef{ip: 192.168.5.168, host: trunk-nightly-6qp7m-2461138711, networkLocation: /default-rack, certSerialId: null}
2019-07-13 20:53:25,926 INFO  node.SCMNodeManager (SCMNodeManager.java:register(269)) - Registered Data node : b21e3032-627d-46ac-b88e-fdc5f8b56f2f{ip: 192.168.5.168, host: trunk-nightly-6qp7m-2461138711, networkLocation: /default-rack, certSerialId: null}
2019-07-13 20:53:25,950 INFO  impl.RaftServerProxy (RaftServerProxy.java:addNew(89)) - ce825884-2075-49ff-9409-9d7b191e36bd: addNew group-4CDF8F4243AB:[ce825884-2075-49ff-9409-9d7b191e36bd:192.168.5.168:33543] returns group-4CDF8F4243AB:java.util.concurrent.CompletableFuture@76951ccb[Not completed]
2019-07-13 20:53:25,963 INFO  impl.RaftServerImpl (RaftServerImpl.java:<init>(93)) - ce825884-2075-49ff-9409-9d7b191e36bd: new RaftServerImpl for group-4CDF8F4243AB:[ce825884-2075-49ff-9409-9d7b191e36bd:192.168.5.168:33543] with ContainerStateMachine:uninitialized
2019-07-13 20:53:25,965 INFO  server.RaftServerConfigKeys (ConfUtils.java:logGet(43)) - raft.server.rpc.timeout.min = 5s (custom)
2019-07-13 20:53:25,966 INFO  server.RaftServerConfigKeys (ConfUtils.java:logGet(43)) - raft.server.rpc.timeout.max = 5200ms (custom)
2019-07-13 20:53:25,966 INFO  server.RaftServerConfigKeys (ConfUtils.java:logGet(43)) - raft.server.rpcslowness.timeout = 120s (custom)
2019-07-13 20:53:25,967 INFO  server.RaftServerConfigKeys (ConfUtils.java:logGet(43)) - raft.server.sleep.deviation.threshold = 300 (default)
2019-07-13 20:53:25,968 INFO  server.RaftServerConfigKeys (ConfUtils.java:logGet(43)) - raft.server.log.appender.install.snapshot.enabled = false (custom)
2019-07-13 20:53:25,978 INFO  impl.RaftServerImpl (ServerState.java:<init>(105)) - ce825884-2075-49ff-9409-9d7b191e36bd:group-4CDF8F4243AB ConfigurationManager, init=-1: [ce825884-2075-49ff-9409-9d7b191e36bd:192.168.5.168:33543], old=null, confs=<EMPTY_MAP>
2019-07-13 20:53:25,979 INFO  server.RaftServerConfigKeys (ConfUtils.java:logGet(43)) - raft.server.storage.dir = [/tmp/workdir/hadoop-ozone/integration-test/target/test-dir/MiniOzoneClusterImpl-1ab524e4-8b94-4416-883f-eb3cfaa6454f/datanode-0/data/ratis] (custom)
2019-07-13 20:53:25,988 INFO  storage.RaftStorageDirectory (RaftStorageDirectory.java:analyzeStorage(246)) - The storage directory /tmp/workdir/hadoop-ozone/integration-test/target/test-dir/MiniOzoneClusterImpl-1ab524e4-8b94-4416-883f-eb3cfaa6454f/datanode-0/data/ratis/034b01df-c2b8-4aca-a979-4cdf8f4243ab does not exist. Creating ...
2019-07-13 20:53:26,048 INFO  storage.RaftStorageDirectory (RaftStorageDirectory.java:tryLock(328)) - Lock on /tmp/workdir/hadoop-ozone/integration-test/target/test-dir/MiniOzoneClusterImpl-1ab524e4-8b94-4416-883f-eb3cfaa6454f/datanode-0/data/ratis/034b01df-c2b8-4aca-a979-4cdf8f4243ab/in_use.lock acquired by nodename 12100@trunk-nightly-6qp7m-2461138711
2019-07-13 20:53:26,056 INFO  storage.RaftStorage (RaftStorage.java:format(72)) - Storage directory /tmp/workdir/hadoop-ozone/integration-test/target/test-dir/MiniOzoneClusterImpl-1ab524e4-8b94-4416-883f-eb3cfaa6454f/datanode-0/data/ratis/034b01df-c2b8-4aca-a979-4cdf8f4243ab has been successfully formatted.
2019-07-13 20:53:26,059 INFO  ratis.ContainerStateMachine (ContainerStateMachine.java:loadSnapshot(200)) - The snapshot info is null.Setting the last applied index to:(t:0, i:~)
2019-07-13 20:53:26,059 INFO  server.RaftServerConfigKeys (ConfUtils.java:logGet(43)) - raft.server.leader.election.timeout = 120s (custom)
2019-07-13 20:53:26,062 INFO  server.RaftServerConfigKeys (ConfUtils.java:logGet(43)) - raft.server.log.use.memory = false (default)
2019-07-13 20:53:26,070 INFO  server.RaftServerConfigKeys (ConfUtils.java:logGet(43)) - raft.server.log.purge.gap = 1000000000 (custom)
2019-07-13 20:53:26,070 INFO  server.RaftServerConfigKeys (ConfUtils.java:logGet(43)) - raft.server.log.appender.buffer.byte-limit = 33554432 (custom)
2019-07-13 20:53:26,072 INFO  server.RaftServerConfigKeys (ConfUtils.java:logGet(43)) - raft.server.log.segment.size.max = 1048576 (custom)
2019-07-13 20:53:26,079 INFO  server.RaftServerConfigKeys (ConfUtils.java:logGet(43)) - raft.server.log.segment.cache.num.max = 2 (custom)
2019-07-13 20:53:26,086 INFO  segmented.SegmentedRaftLogWorker (SegmentedRaftLogWorker.java:<init>(172)) - new ce825884-2075-49ff-9409-9d7b191e36bd-SegmentedRaftLogWorker:Storage Directory /tmp/workdir/hadoop-ozone/integration-test/target/test-dir/MiniOzoneClusterImpl-1ab524e4-8b94-4416-883f-eb3cfaa6454f/datanode-0/data/ratis/034b01df-c2b8-4aca-a979-4cdf8f4243ab for RaftStorage:Storage Directory /tmp/workdir/hadoop-ozone/integration-test/target/test-dir/MiniOzoneClusterImpl-1ab524e4-8b94-4416-883f-eb3cfaa6454f/datanode-0/data/ratis/034b01df-c2b8-4aca-a979-4cdf8f4243ab
2019-07-13 20:53:26,094 INFO  node.SCMNodeManager (SCMNodeManager.java:register(269)) - Registered Data node : 62121b6c-f658-49f8-8f7f-7d79aebe6ec2{ip: 192.168.5.168, host: trunk-nightly-6qp7m-2461138711, networkLocation: /default-rack, certSerialId: null}
2019-07-13 20:53:26,094 INFO  ozone.MiniOzoneClusterImpl (MiniOzoneClusterImpl.java:lambda$waitForClusterToBeReady$0(142)) - Cluster is ready. Got 7 of 7 DN Heartbeats.
2019-07-13 20:53:26,105 INFO  server.RaftServerConfigKeys (ConfUtils.java:logGet(43)) - raft.server.log.queue.byte-limit = 2147483647 (custom)
2019-07-13 20:53:26,105 INFO  server.RaftServerConfigKeys (ConfUtils.java:logGet(43)) - raft.server.log.queue.element-limit = 1024 (custom)
2019-07-13 20:53:26,111 INFO  server.RaftServerConfigKeys (ConfUtils.java:logGet(43)) - raft.server.log.segment.size.max = 1048576 (custom)
2019-07-13 20:53:26,112 INFO  server.RaftServerConfigKeys (ConfUtils.java:logGet(43)) - raft.server.log.preallocated.size = 16384 (custom)
2019-07-13 20:53:26,112 INFO  server.RaftServerConfigKeys (ConfUtils.java:logGet(43)) - raft.server.log.write.buffer.size = 33554432 (custom)
2019-07-13 20:53:26,113 INFO  server.RaftServerConfigKeys (ConfUtils.java:logGet(43)) - raft.server.log.force.sync.num = 128 (default)
2019-07-13 20:53:26,114 INFO  server.RaftServerConfigKeys (ConfUtils.java:logGet(43)) - raft.server.log.statemachine.data.sync = true (default)
2019-07-13 20:53:26,114 INFO  server.RaftServerConfigKeys (ConfUtils.java:logGet(43)) - raft.server.log.statemachine.data.sync.timeout = 10s (default)
2019-07-13 20:53:26,114 INFO  server.RaftServerConfigKeys (ConfUtils.java:logGet(43)) - raft.server.log.statemachine.data.sync.timeout.retry = -1 (default)
2019-07-13 20:53:26,124 INFO  server.RaftServerConfigKeys (ConfUtils.java:logGet(43)) - raft.server.log.statemachine.data.caching.enabled = true (custom)
2019-07-13 20:53:26,129 INFO  segmented.SegmentedRaftLogWorker (SegmentedRaftLogWorker.java:lambda$new$0(132)) - ce825884-2075-49ff-9409-9d7b191e36bd-SegmentedRaftLogWorker:Storage Directory /tmp/workdir/hadoop-ozone/integration-test/target/test-dir/MiniOzoneClusterImpl-1ab524e4-8b94-4416-883f-eb3cfaa6454f/datanode-0/data/ratis/034b01df-c2b8-4aca-a979-4cdf8f4243ab: flushIndex: setUnconditionally 0 -> -1
2019-07-13 20:53:26,134 INFO  server.RaftServerConfigKeys (ConfUtils.java:logGet(43)) - raft.server.snapshot.auto.trigger.enabled = true (custom)
2019-07-13 20:53:26,135 INFO  server.RaftServerConfigKeys (ConfUtils.java:logGet(43)) - raft.server.snapshot.auto.trigger.threshold = 10000 (custom)
2019-07-13 20:53:26,135 INFO  server.RaftServerConfigKeys (ConfUtils.java:logGet(43)) - raft.server.retrycache.expirytime = 600000ms (custom)
2019-07-13 20:53:26,172 INFO  impl.RaftServerImpl (RaftServerImpl.java:start(180)) - ce825884-2075-49ff-9409-9d7b191e36bd: start group-4CDF8F4243AB
2019-07-13 20:53:26,173 INFO  impl.RaftServerImpl (RaftServerImpl.java:setRole(171)) - ce825884-2075-49ff-9409-9d7b191e36bd:group-4CDF8F4243AB changes role from null to FOLLOWER at term 0 for startAsFollower
2019-07-13 20:53:26,175 INFO  impl.RoleInfo (RoleInfo.java:updateAndGet(143)) - ce825884-2075-49ff-9409-9d7b191e36bd: start FollowerState
2019-07-13 20:53:26,177 INFO  util.JmxRegister (JmxRegister.java:tryRegister(44)) - Successfully registered JMX Bean with object name Ratis:service=RaftServer,group=group-4CDF8F4243AB,id=ce825884-2075-49ff-9409-9d7b191e36bd
2019-07-13 20:53:26,243 INFO  pipeline.PipelineStateManager (PipelineStateManager.java:addPipeline(56)) - Created pipeline Pipeline[ Id: 034b01df-c2b8-4aca-a979-4cdf8f4243ab, Nodes: ce825884-2075-49ff-9409-9d7b191e36bd{ip: 192.168.5.168, host: trunk-nightly-6qp7m-2461138711, networkLocation: /default-rack, certSerialId: null}, Type:RATIS, Factor:ONE, State:OPEN]
2019-07-13 20:53:26,270 INFO  impl.RaftServerProxy (RaftServerProxy.java:addNew(89)) - 0fed1087-15d2-4879-9faa-ad4f57cb19ae: addNew group-D777E9C373F3:[0fed1087-15d2-4879-9faa-ad4f57cb19ae:192.168.5.168:46104] returns group-D777E9C373F3:java.util.concurrent.CompletableFuture@4bf44c01[Not completed]
2019-07-13 20:53:26,321 INFO  impl.RaftServerImpl (RaftServerImpl.java:<init>(93)) - 0fed1087-15d2-4879-9faa-ad4f57cb19ae: new RaftServerImpl for group-D777E9C373F3:[0fed1087-15d2-4879-9faa-ad4f57cb19ae:192.168.5.168:46104] with ContainerStateMachine:uninitialized
2019-07-13 20:53:26,323 INFO  server.RaftServerConfigKeys (ConfUtils.java:logGet(43)) - raft.server.rpc.timeout.min = 5s (custom)
2019-07-13 20:53:26,324 INFO  server.RaftServerConfigKeys (ConfUtils.java:logGet(43)) - raft.server.rpc.timeout.max = 5200ms (custom)
2019-07-13 20:53:26,324 INFO  server.RaftServerConfigKeys (ConfUtils.java:logGet(43)) - raft.server.rpcslowness.timeout = 120s (custom)
2019-07-13 20:53:26,324 INFO  server.RaftServerConfigKeys (ConfUtils.java:logGet(43)) - raft.server.sleep.deviation.threshold = 300 (default)
2019-07-13 20:53:26,324 INFO  server.RaftServerConfigKeys (ConfUtils.java:logGet(43)) - raft.server.log.appender.install.snapshot.enabled = false (custom)
2019-07-13 20:53:26,324 INFO  impl.RaftServerImpl (ServerState.java:<init>(105)) - 0fed1087-15d2-4879-9faa-ad4f57cb19ae:group-D777E9C373F3 ConfigurationManager, init=-1: [0fed1087-15d2-4879-9faa-ad4f57cb19ae:192.168.5.168:46104], old=null, confs=<EMPTY_MAP>
2019-07-13 20:53:26,324 INFO  server.RaftServerConfigKeys (ConfUtils.java:logGet(43)) - raft.server.storage.dir = [/tmp/workdir/hadoop-ozone/integration-test/target/test-dir/MiniOzoneClusterImpl-1ab524e4-8b94-4416-883f-eb3cfaa6454f/datanode-2/data/ratis] (custom)
2019-07-13 20:53:26,325 INFO  storage.RaftStorageDirectory (RaftStorageDirectory.java:analyzeStorage(246)) - The storage directory /tmp/workdir/hadoop-ozone/integration-test/target/test-dir/MiniOzoneClusterImpl-1ab524e4-8b94-4416-883f-eb3cfaa6454f/datanode-2/data/ratis/d33c9755-61c7-465f-894f-d777e9c373f3 does not exist. Creating ...
2019-07-13 20:53:26,330 INFO  storage.RaftStorageDirectory (RaftStorageDirectory.java:tryLock(328)) - Lock on /tmp/workdir/hadoop-ozone/integration-test/target/test-dir/MiniOzoneClusterImpl-1ab524e4-8b94-4416-883f-eb3cfaa6454f/datanode-2/data/ratis/d33c9755-61c7-465f-894f-d777e9c373f3/in_use.lock acquired by nodename 12100@trunk-nightly-6qp7m-2461138711
2019-07-13 20:53:26,334 INFO  storage.RaftStorage (RaftStorage.java:format(72)) - Storage directory /tmp/workdir/hadoop-ozone/integration-test/target/test-dir/MiniOzoneClusterImpl-1ab524e4-8b94-4416-883f-eb3cfaa6454f/datanode-2/data/ratis/d33c9755-61c7-465f-894f-d777e9c373f3 has been successfully formatted.
2019-07-13 20:53:26,336 INFO  ratis.ContainerStateMachine (ContainerStateMachine.java:loadSnapshot(200)) - The snapshot info is null.Setting the last applied index to:(t:0, i:~)
2019-07-13 20:53:26,337 INFO  server.RaftServerConfigKeys (ConfUtils.java:logGet(43)) - raft.server.leader.election.timeout = 120s (custom)
2019-07-13 20:53:26,337 INFO  server.RaftServerConfigKeys (ConfUtils.java:logGet(43)) - raft.server.log.use.memory = false (default)
2019-07-13 20:53:26,337 INFO  server.RaftServerConfigKeys (ConfUtils.java:logGet(43)) - raft.server.log.purge.gap = 1000000000 (custom)
2019-07-13 20:53:26,337 INFO  server.RaftServerConfigKeys (ConfUtils.java:logGet(43)) - raft.server.log.appender.buffer.byte-limit = 33554432 (custom)
2019-07-13 20:53:26,338 INFO  server.RaftServerConfigKeys (ConfUtils.java:logGet(43)) - raft.server.log.segment.size.max = 1048576 (custom)
2019-07-13 20:53:26,338 INFO  server.RaftServerConfigKeys (ConfUtils.java:logGet(43)) - raft.server.log.segment.cache.num.max = 2 (custom)
2019-07-13 20:53:26,338 INFO  segmented.SegmentedRaftLogWorker (SegmentedRaftLogWorker.java:<init>(172)) - new 0fed1087-15d2-4879-9faa-ad4f57cb19ae-SegmentedRaftLogWorker:Storage Directory /tmp/workdir/hadoop-ozone/integration-test/target/test-dir/MiniOzoneClusterImpl-1ab524e4-8b94-4416-883f-eb3cfaa6454f/datanode-2/data/ratis/d33c9755-61c7-465f-894f-d777e9c373f3 for RaftStorage:Storage Directory /tmp/workdir/hadoop-ozone/integration-test/target/test-dir/MiniOzoneClusterImpl-1ab524e4-8b94-4416-883f-eb3cfaa6454f/datanode-2/data/ratis/d33c9755-61c7-465f-894f-d777e9c373f3
2019-07-13 20:53:26,339 INFO  server.RaftServerConfigKeys (ConfUtils.java:logGet(43)) - raft.server.log.queue.byte-limit = 2147483647 (custom)
2019-07-13 20:53:26,339 INFO  server.RaftServerConfigKeys (ConfUtils.java:logGet(43)) - raft.server.log.queue.element-limit = 1024 (custom)
2019-07-13 20:53:26,339 INFO  server.RaftServerConfigKeys (ConfUtils.java:logGet(43)) - raft.server.log.segment.size.max = 1048576 (custom)
2019-07-13 20:53:26,340 INFO  server.RaftServerConfigKeys (ConfUtils.java:logGet(43)) - raft.server.log.preallocated.size = 16384 (custom)
2019-07-13 20:53:26,340 INFO  server.RaftServerConfigKeys (ConfUtils.java:logGet(43)) - raft.server.log.write.buffer.size = 33554432 (custom)
2019-07-13 20:53:26,340 INFO  server.RaftServerConfigKeys (ConfUtils.java:logGet(43)) - raft.server.log.force.sync.num = 128 (default)
2019-07-13 20:53:26,340 INFO  server.RaftServerConfigKeys (ConfUtils.java:logGet(43)) - raft.server.log.statemachine.data.sync = true (default)
2019-07-13 20:53:26,340 INFO  server.RaftServerConfigKeys (ConfUtils.java:logGet(43)) - raft.server.log.statemachine.data.sync.timeout = 10s (default)
2019-07-13 20:53:26,340 INFO  server.RaftServerConfigKeys (ConfUtils.java:logGet(43)) - raft.server.log.statemachine.data.sync.timeout.retry = -1 (default)
2019-07-13 20:53:26,340 INFO  server.RaftServerConfigKeys (ConfUtils.java:logGet(43)) - raft.server.log.statemachine.data.caching.enabled = true (custom)
2019-07-13 20:53:26,341 INFO  segmented.SegmentedRaftLogWorker (SegmentedRaftLogWorker.java:lambda$new$0(132)) - 0fed1087-15d2-4879-9faa-ad4f57cb19ae-SegmentedRaftLogWorker:Storage Directory /tmp/workdir/hadoop-ozone/integration-test/target/test-dir/MiniOzoneClusterImpl-1ab524e4-8b94-4416-883f-eb3cfaa6454f/datanode-2/data/ratis/d33c9755-61c7-465f-894f-d777e9c373f3: flushIndex: setUnconditionally 0 -> -1
2019-07-13 20:53:26,341 INFO  server.RaftServerConfigKeys (ConfUtils.java:logGet(43)) - raft.server.snapshot.auto.trigger.enabled = true (custom)
2019-07-13 20:53:26,341 INFO  server.RaftServerConfigKeys (ConfUtils.java:logGet(43)) - raft.server.snapshot.auto.trigger.threshold = 10000 (custom)
2019-07-13 20:53:26,341 INFO  server.RaftServerConfigKeys (ConfUtils.java:logGet(43)) - raft.server.retrycache.expirytime = 600000ms (custom)
2019-07-13 20:53:26,342 INFO  impl.RaftServerImpl (RaftServerImpl.java:start(180)) - 0fed1087-15d2-4879-9faa-ad4f57cb19ae: start group-D777E9C373F3
2019-07-13 20:53:26,342 INFO  impl.RaftServerImpl (RaftServerImpl.java:setRole(171)) - 0fed1087-15d2-4879-9faa-ad4f57cb19ae:group-D777E9C373F3 changes role from null to FOLLOWER at term 0 for startAsFollower
2019-07-13 20:53:26,342 INFO  impl.RoleInfo (RoleInfo.java:updateAndGet(143)) - 0fed1087-15d2-4879-9faa-ad4f57cb19ae: start FollowerState
2019-07-13 20:53:26,343 INFO  util.JmxRegister (JmxRegister.java:tryRegister(44)) - Successfully registered JMX Bean with object name Ratis:service=RaftServer,group=group-D777E9C373F3,id=0fed1087-15d2-4879-9faa-ad4f57cb19ae
2019-07-13 20:53:26,360 INFO  pipeline.PipelineStateManager (PipelineStateManager.java:addPipeline(56)) - Created pipeline Pipeline[ Id: d33c9755-61c7-465f-894f-d777e9c373f3, Nodes: 0fed1087-15d2-4879-9faa-ad4f57cb19ae{ip: 192.168.5.168, host: trunk-nightly-6qp7m-2461138711, networkLocation: /default-rack, certSerialId: null}, Type:RATIS, Factor:ONE, State:OPEN]
2019-07-13 20:53:26,400 INFO  impl.RaftServerProxy (RaftServerProxy.java:addNew(89)) - 3d22177d-605d-4638-aa04-41b506e5e6ef: addNew group-FADC44A3899B:[3d22177d-605d-4638-aa04-41b506e5e6ef:192.168.5.168:32985] returns group-FADC44A3899B:java.util.concurrent.CompletableFuture@43a7550b[Not completed]
2019-07-13 20:53:26,410 INFO  impl.RaftServerImpl (RaftServerImpl.java:<init>(93)) - 3d22177d-605d-4638-aa04-41b506e5e6ef: new RaftServerImpl for group-FADC44A3899B:[3d22177d-605d-4638-aa04-41b506e5e6ef:192.168.5.168:32985] with ContainerStateMachine:uninitialized
2019-07-13 20:53:26,412 INFO  server.RaftServerConfigKeys (ConfUtils.java:logGet(43)) - raft.server.rpc.timeout.min = 5s (custom)
2019-07-13 20:53:26,412 INFO  server.RaftServerConfigKeys (ConfUtils.java:logGet(43)) - raft.server.rpc.timeout.max = 5200ms (custom)
2019-07-13 20:53:26,413 INFO  server.RaftServerConfigKeys (ConfUtils.java:logGet(43)) - raft.server.rpcslowness.timeout = 120s (custom)
2019-07-13 20:53:26,413 INFO  server.RaftServerConfigKeys (ConfUtils.java:logGet(43)) - raft.server.sleep.deviation.threshold = 300 (default)
2019-07-13 20:53:26,413 INFO  server.RaftServerConfigKeys (ConfUtils.java:logGet(43)) - raft.server.log.appender.install.snapshot.enabled = false (custom)
2019-07-13 20:53:26,413 INFO  impl.RaftServerImpl (ServerState.java:<init>(105)) - 3d22177d-605d-4638-aa04-41b506e5e6ef:group-FADC44A3899B ConfigurationManager, init=-1: [3d22177d-605d-4638-aa04-41b506e5e6ef:192.168.5.168:32985], old=null, confs=<EMPTY_MAP>
2019-07-13 20:53:26,413 INFO  server.RaftServerConfigKeys (ConfUtils.java:logGet(43)) - raft.server.storage.dir = [/tmp/workdir/hadoop-ozone/integration-test/target/test-dir/MiniOzoneClusterImpl-1ab524e4-8b94-4416-883f-eb3cfaa6454f/datanode-5/data/ratis] (custom)
2019-07-13 20:53:26,413 INFO  storage.RaftStorageDirectory (RaftStorageDirectory.java:analyzeStorage(246)) - The storage directory /tmp/workdir/hadoop-ozone/integration-test/target/test-dir/MiniOzoneClusterImpl-1ab524e4-8b94-4416-883f-eb3cfaa6454f/datanode-5/data/ratis/171c03ac-fc7b-4652-9db9-fadc44a3899b does not exist. Creating ...
2019-07-13 20:53:26,425 INFO  storage.RaftStorageDirectory (RaftStorageDirectory.java:tryLock(328)) - Lock on /tmp/workdir/hadoop-ozone/integration-test/target/test-dir/MiniOzoneClusterImpl-1ab524e4-8b94-4416-883f-eb3cfaa6454f/datanode-5/data/ratis/171c03ac-fc7b-4652-9db9-fadc44a3899b/in_use.lock acquired by nodename 12100@trunk-nightly-6qp7m-2461138711
2019-07-13 20:53:26,428 INFO  storage.RaftStorage (RaftStorage.java:format(72)) - Storage directory /tmp/workdir/hadoop-ozone/integration-test/target/test-dir/MiniOzoneClusterImpl-1ab524e4-8b94-4416-883f-eb3cfaa6454f/datanode-5/data/ratis/171c03ac-fc7b-4652-9db9-fadc44a3899b has been successfully formatted.
2019-07-13 20:53:26,428 INFO  ratis.ContainerStateMachine (ContainerStateMachine.java:loadSnapshot(200)) - The snapshot info is null.Setting the last applied index to:(t:0, i:~)
2019-07-13 20:53:26,429 INFO  server.RaftServerConfigKeys (ConfUtils.java:logGet(43)) - raft.server.leader.election.timeout = 120s (custom)
2019-07-13 20:53:26,429 INFO  server.RaftServerConfigKeys (ConfUtils.java:logGet(43)) - raft.server.log.use.memory = false (default)
2019-07-13 20:53:26,429 INFO  server.RaftServerConfigKeys (ConfUtils.java:logGet(43)) - raft.server.log.purge.gap = 1000000000 (custom)
2019-07-13 20:53:26,429 INFO  server.RaftServerConfigKeys (ConfUtils.java:logGet(43)) - raft.server.log.appender.buffer.byte-limit = 33554432 (custom)
2019-07-13 20:53:26,429 INFO  server.RaftServerConfigKeys (ConfUtils.java:logGet(43)) - raft.server.log.segment.size.max = 1048576 (custom)
2019-07-13 20:53:26,429 INFO  server.RaftServerConfigKeys (ConfUtils.java:logGet(43)) - raft.server.log.segment.cache.num.max = 2 (custom)
2019-07-13 20:53:26,429 INFO  segmented.SegmentedRaftLogWorker (SegmentedRaftLogWorker.java:<init>(172)) - new 3d22177d-605d-4638-aa04-41b506e5e6ef-SegmentedRaftLogWorker:Storage Directory /tmp/workdir/hadoop-ozone/integration-test/target/test-dir/MiniOzoneClusterImpl-1ab524e4-8b94-4416-883f-eb3cfaa6454f/datanode-5/data/ratis/171c03ac-fc7b-4652-9db9-fadc44a3899b for RaftStorage:Storage Directory /tmp/workdir/hadoop-ozone/integration-test/target/test-dir/MiniOzoneClusterImpl-1ab524e4-8b94-4416-883f-eb3cfaa6454f/datanode-5/data/ratis/171c03ac-fc7b-4652-9db9-fadc44a3899b
2019-07-13 20:53:26,429 INFO  server.RaftServerConfigKeys (ConfUtils.java:logGet(43)) - raft.server.log.queue.byte-limit = 2147483647 (custom)
2019-07-13 20:53:26,430 INFO  server.RaftServerConfigKeys (ConfUtils.java:logGet(43)) - raft.server.log.queue.element-limit = 1024 (custom)
2019-07-13 20:53:26,430 INFO  server.RaftServerConfigKeys (ConfUtils.java:logGet(43)) - raft.server.log.segment.size.max = 1048576 (custom)
2019-07-13 20:53:26,430 INFO  server.RaftServerConfigKeys (ConfUtils.java:logGet(43)) - raft.server.log.preallocated.size = 16384 (custom)
2019-07-13 20:53:26,430 INFO  server.RaftServerConfigKeys (ConfUtils.java:logGet(43)) - raft.server.log.write.buffer.size = 33554432 (custom)
2019-07-13 20:53:26,430 INFO  server.RaftServerConfigKeys (ConfUtils.java:logGet(43)) - raft.server.log.force.sync.num = 128 (default)
2019-07-13 20:53:26,430 INFO  server.RaftServerConfigKeys (ConfUtils.java:logGet(43)) - raft.server.log.statemachine.data.sync = true (default)
2019-07-13 20:53:26,430 INFO  server.RaftServerConfigKeys (ConfUtils.java:logGet(43)) - raft.server.log.statemachine.data.sync.timeout = 10s (default)
2019-07-13 20:53:26,431 INFO  server.RaftServerConfigKeys (ConfUtils.java:logGet(43)) - raft.server.log.statemachine.data.sync.timeout.retry = -1 (default)
2019-07-13 20:53:26,431 INFO  server.RaftServerConfigKeys (ConfUtils.java:logGet(43)) - raft.server.log.statemachine.data.caching.enabled = true (custom)
2019-07-13 20:53:26,431 INFO  segmented.SegmentedRaftLogWorker (SegmentedRaftLogWorker.java:lambda$new$0(132)) - 3d22177d-605d-4638-aa04-41b506e5e6ef-SegmentedRaftLogWorker:Storage Directory /tmp/workdir/hadoop-ozone/integration-test/target/test-dir/MiniOzoneClusterImpl-1ab524e4-8b94-4416-883f-eb3cfaa6454f/datanode-5/data/ratis/171c03ac-fc7b-4652-9db9-fadc44a3899b: flushIndex: setUnconditionally 0 -> -1
2019-07-13 20:53:26,431 INFO  server.RaftServerConfigKeys (ConfUtils.java:logGet(43)) - raft.server.snapshot.auto.trigger.enabled = true (custom)
2019-07-13 20:53:26,432 INFO  server.RaftServerConfigKeys (ConfUtils.java:logGet(43)) - raft.server.snapshot.auto.trigger.threshold = 10000 (custom)
2019-07-13 20:53:26,432 INFO  server.RaftServerConfigKeys (ConfUtils.java:logGet(43)) - raft.server.retrycache.expirytime = 600000ms (custom)
2019-07-13 20:53:26,432 INFO  impl.RaftServerImpl (RaftServerImpl.java:start(180)) - 3d22177d-605d-4638-aa04-41b506e5e6ef: start group-FADC44A3899B
2019-07-13 20:53:26,432 INFO  impl.RaftServerImpl (RaftServerImpl.java:setRole(171)) - 3d22177d-605d-4638-aa04-41b506e5e6ef:group-FADC44A3899B changes role from null to FOLLOWER at term 0 for startAsFollower
2019-07-13 20:53:26,432 INFO  impl.RoleInfo (RoleInfo.java:updateAndGet(143)) - 3d22177d-605d-4638-aa04-41b506e5e6ef: start FollowerState
2019-07-13 20:53:26,432 INFO  util.JmxRegister (JmxRegister.java:tryRegister(44)) - Successfully registered JMX Bean with object name Ratis:service=RaftServer,group=group-FADC44A3899B,id=3d22177d-605d-4638-aa04-41b506e5e6ef
2019-07-13 20:53:26,461 INFO  pipeline.PipelineStateManager (PipelineStateManager.java:addPipeline(56)) - Created pipeline Pipeline[ Id: 171c03ac-fc7b-4652-9db9-fadc44a3899b, Nodes: 3d22177d-605d-4638-aa04-41b506e5e6ef{ip: 192.168.5.168, host: trunk-nightly-6qp7m-2461138711, networkLocation: /default-rack, certSerialId: null}, Type:RATIS, Factor:ONE, State:OPEN]
2019-07-13 20:53:26,484 INFO  impl.RaftServerProxy (RaftServerProxy.java:addNew(89)) - 62121b6c-f658-49f8-8f7f-7d79aebe6ec2: addNew group-0E095090B83D:[62121b6c-f658-49f8-8f7f-7d79aebe6ec2:192.168.5.168:37077] returns group-0E095090B83D:java.util.concurrent.CompletableFuture@7a05b3cf[Not completed]
2019-07-13 20:53:26,485 INFO  impl.RaftServerImpl (RaftServerImpl.java:<init>(93)) - 62121b6c-f658-49f8-8f7f-7d79aebe6ec2: new RaftServerImpl for group-0E095090B83D:[62121b6c-f658-49f8-8f7f-7d79aebe6ec2:192.168.5.168:37077] with ContainerStateMachine:uninitialized
2019-07-13 20:53:26,486 INFO  server.RaftServerConfigKeys (ConfUtils.java:logGet(43)) - raft.server.rpc.timeout.min = 5s (custom)
2019-07-13 20:53:26,486 INFO  server.RaftServerConfigKeys (ConfUtils.java:logGet(43)) - raft.server.rpc.timeout.max = 5200ms (custom)
2019-07-13 20:53:26,486 INFO  server.RaftServerConfigKeys (ConfUtils.java:logGet(43)) - raft.server.rpcslowness.timeout = 120s (custom)
2019-07-13 20:53:26,487 INFO  server.RaftServerConfigKeys (ConfUtils.java:logGet(43)) - raft.server.sleep.deviation.threshold = 300 (default)
2019-07-13 20:53:26,487 INFO  server.RaftServerConfigKeys (ConfUtils.java:logGet(43)) - raft.server.log.appender.install.snapshot.enabled = false (custom)
2019-07-13 20:53:26,487 INFO  impl.RaftServerImpl (ServerState.java:<init>(105)) - 62121b6c-f658-49f8-8f7f-7d79aebe6ec2:group-0E095090B83D ConfigurationManager, init=-1: [62121b6c-f658-49f8-8f7f-7d79aebe6ec2:192.168.5.168:37077], old=null, confs=<EMPTY_MAP>
2019-07-13 20:53:26,487 INFO  server.RaftServerConfigKeys (ConfUtils.java:logGet(43)) - raft.server.storage.dir = [/tmp/workdir/hadoop-ozone/integration-test/target/test-dir/MiniOzoneClusterImpl-1ab524e4-8b94-4416-883f-eb3cfaa6454f/datanode-6/data/ratis] (custom)
2019-07-13 20:53:26,487 INFO  storage.RaftStorageDirectory (RaftStorageDirectory.java:analyzeStorage(246)) - The storage directory /tmp/workdir/hadoop-ozone/integration-test/target/test-dir/MiniOzoneClusterImpl-1ab524e4-8b94-4416-883f-eb3cfaa6454f/datanode-6/data/ratis/7991feae-0ea1-4837-9250-0e095090b83d does not exist. Creating ...
2019-07-13 20:53:26,492 INFO  storage.RaftStorageDirectory (RaftStorageDirectory.java:tryLock(328)) - Lock on /tmp/workdir/hadoop-ozone/integration-test/target/test-dir/MiniOzoneClusterImpl-1ab524e4-8b94-4416-883f-eb3cfaa6454f/datanode-6/data/ratis/7991feae-0ea1-4837-9250-0e095090b83d/in_use.lock acquired by nodename 12100@trunk-nightly-6qp7m-2461138711
2019-07-13 20:53:26,495 INFO  storage.RaftStorage (RaftStorage.java:format(72)) - Storage directory /tmp/workdir/hadoop-ozone/integration-test/target/test-dir/MiniOzoneClusterImpl-1ab524e4-8b94-4416-883f-eb3cfaa6454f/datanode-6/data/ratis/7991feae-0ea1-4837-9250-0e095090b83d has been successfully formatted.
2019-07-13 20:53:26,496 INFO  ratis.ContainerStateMachine (ContainerStateMachine.java:loadSnapshot(200)) - The snapshot info is null.Setting the last applied index to:(t:0, i:~)
2019-07-13 20:53:26,496 INFO  server.RaftServerConfigKeys (ConfUtils.java:logGet(43)) - raft.server.leader.election.timeout = 120s (custom)
2019-07-13 20:53:26,496 INFO  server.RaftServerConfigKeys (ConfUtils.java:logGet(43)) - raft.server.log.use.memory = false (default)
2019-07-13 20:53:26,496 INFO  server.RaftServerConfigKeys (ConfUtils.java:logGet(43)) - raft.server.log.purge.gap = 1000000000 (custom)
2019-07-13 20:53:26,497 INFO  server.RaftServerConfigKeys (ConfUtils.java:logGet(43)) - raft.server.log.appender.buffer.byte-limit = 33554432 (custom)
2019-07-13 20:53:26,497 INFO  server.RaftServerConfigKeys (ConfUtils.java:logGet(43)) - raft.server.log.segment.size.max = 1048576 (custom)
2019-07-13 20:53:26,497 INFO  server.RaftServerConfigKeys (ConfUtils.java:logGet(43)) - raft.server.log.segment.cache.num.max = 2 (custom)
2019-07-13 20:53:26,497 INFO  segmented.SegmentedRaftLogWorker (SegmentedRaftLogWorker.java:<init>(172)) - new 62121b6c-f658-49f8-8f7f-7d79aebe6ec2-SegmentedRaftLogWorker:Storage Directory /tmp/workdir/hadoop-ozone/integration-test/target/test-dir/MiniOzoneClusterImpl-1ab524e4-8b94-4416-883f-eb3cfaa6454f/datanode-6/data/ratis/7991feae-0ea1-4837-9250-0e095090b83d for RaftStorage:Storage Directory /tmp/workdir/hadoop-ozone/integration-test/target/test-dir/MiniOzoneClusterImpl-1ab524e4-8b94-4416-883f-eb3cfaa6454f/datanode-6/data/ratis/7991feae-0ea1-4837-9250-0e095090b83d
2019-07-13 20:53:26,497 INFO  server.RaftServerConfigKeys (ConfUtils.java:logGet(43)) - raft.server.log.queue.byte-limit = 2147483647 (custom)
2019-07-13 20:53:26,498 INFO  server.RaftServerConfigKeys (ConfUtils.java:logGet(43)) - raft.server.log.queue.element-limit = 1024 (custom)
2019-07-13 20:53:26,498 INFO  server.RaftServerConfigKeys (ConfUtils.java:logGet(43)) - raft.server.log.segment.size.max = 1048576 (custom)
2019-07-13 20:53:26,498 INFO  server.RaftServerConfigKeys (ConfUtils.java:logGet(43)) - raft.server.log.preallocated.size = 16384 (custom)
2019-07-13 20:53:26,498 INFO  server.RaftServerConfigKeys (ConfUtils.java:logGet(43)) - raft.server.log.write.buffer.size = 33554432 (custom)
2019-07-13 20:53:26,498 INFO  server.RaftServerConfigKeys (ConfUtils.java:logGet(43)) - raft.server.log.force.sync.num = 128 (default)
2019-07-13 20:53:26,499 INFO  server.RaftServerConfigKeys (ConfUtils.java:logGet(43)) - raft.server.log.statemachine.data.sync = true (default)
2019-07-13 20:53:26,499 INFO  server.RaftServerConfigKeys (ConfUtils.java:logGet(43)) - raft.server.log.statemachine.data.sync.timeout = 10s (default)
2019-07-13 20:53:26,499 INFO  server.RaftServerConfigKeys (ConfUtils.java:logGet(43)) - raft.server.log.statemachine.data.sync.timeout.retry = -1 (default)
2019-07-13 20:53:26,499 INFO  server.RaftServerConfigKeys (ConfUtils.java:logGet(43)) - raft.server.log.statemachine.data.caching.enabled = true (custom)
2019-07-13 20:53:26,500 INFO  segmented.SegmentedRaftLogWorker (SegmentedRaftLogWorker.java:lambda$new$0(132)) - 62121b6c-f658-49f8-8f7f-7d79aebe6ec2-SegmentedRaftLogWorker:Storage Directory /tmp/workdir/hadoop-ozone/integration-test/target/test-dir/MiniOzoneClusterImpl-1ab524e4-8b94-4416-883f-eb3cfaa6454f/datanode-6/data/ratis/7991feae-0ea1-4837-9250-0e095090b83d: flushIndex: setUnconditionally 0 -> -1
2019-07-13 20:53:26,500 INFO  server.RaftServerConfigKeys (ConfUtils.java:logGet(43)) - raft.server.snapshot.auto.trigger.enabled = true (custom)
2019-07-13 20:53:26,500 INFO  server.RaftServerConfigKeys (ConfUtils.java:logGet(43)) - raft.server.snapshot.auto.trigger.threshold = 10000 (custom)
2019-07-13 20:53:26,501 INFO  server.RaftServerConfigKeys (ConfUtils.java:logGet(43)) - raft.server.retrycache.expirytime = 600000ms (custom)
2019-07-13 20:53:26,501 INFO  impl.RaftServerImpl (RaftServerImpl.java:start(180)) - 62121b6c-f658-49f8-8f7f-7d79aebe6ec2: start group-0E095090B83D
2019-07-13 20:53:26,501 INFO  impl.RaftServerImpl (RaftServerImpl.java:setRole(171)) - 62121b6c-f658-49f8-8f7f-7d79aebe6ec2:group-0E095090B83D changes role from null to FOLLOWER at term 0 for startAsFollower
2019-07-13 20:53:26,501 INFO  impl.RoleInfo (RoleInfo.java:updateAndGet(143)) - 62121b6c-f658-49f8-8f7f-7d79aebe6ec2: start FollowerState
2019-07-13 20:53:26,502 INFO  util.JmxRegister (JmxRegister.java:tryRegister(44)) - Successfully registered JMX Bean with object name Ratis:service=RaftServer,group=group-0E095090B83D,id=62121b6c-f658-49f8-8f7f-7d79aebe6ec2
2019-07-13 20:53:26,512 INFO  pipeline.PipelineStateManager (PipelineStateManager.java:addPipeline(56)) - Created pipeline Pipeline[ Id: 7991feae-0ea1-4837-9250-0e095090b83d, Nodes: 62121b6c-f658-49f8-8f7f-7d79aebe6ec2{ip: 192.168.5.168, host: trunk-nightly-6qp7m-2461138711, networkLocation: /default-rack, certSerialId: null}, Type:RATIS, Factor:ONE, State:OPEN]
2019-07-13 20:53:26,532 INFO  impl.RaftServerProxy (RaftServerProxy.java:addNew(89)) - 88407b66-6843-4748-95c3-9b69e6f4e794: addNew group-762A0F0573EB:[88407b66-6843-4748-95c3-9b69e6f4e794:192.168.5.168:40478] returns group-762A0F0573EB:java.util.concurrent.CompletableFuture@4dfd0ca0[Not completed]
2019-07-13 20:53:26,534 INFO  impl.RaftServerImpl (RaftServerImpl.java:<init>(93)) - 88407b66-6843-4748-95c3-9b69e6f4e794: new RaftServerImpl for group-762A0F0573EB:[88407b66-6843-4748-95c3-9b69e6f4e794:192.168.5.168:40478] with ContainerStateMachine:uninitialized
2019-07-13 20:53:26,535 INFO  server.RaftServerConfigKeys (ConfUtils.java:logGet(43)) - raft.server.rpc.timeout.min = 5s (custom)
2019-07-13 20:53:26,535 INFO  server.RaftServerConfigKeys (ConfUtils.java:logGet(43)) - raft.server.rpc.timeout.max = 5200ms (custom)
2019-07-13 20:53:26,535 INFO  server.RaftServerConfigKeys (ConfUtils.java:logGet(43)) - raft.server.rpcslowness.timeout = 120s (custom)
2019-07-13 20:53:26,536 INFO  server.RaftServerConfigKeys (ConfUtils.java:logGet(43)) - raft.server.sleep.deviation.threshold = 300 (default)
2019-07-13 20:53:26,536 INFO  server.RaftServerConfigKeys (ConfUtils.java:logGet(43)) - raft.server.log.appender.install.snapshot.enabled = false (custom)
2019-07-13 20:53:26,536 INFO  impl.RaftServerImpl (ServerState.java:<init>(105)) - 88407b66-6843-4748-95c3-9b69e6f4e794:group-762A0F0573EB ConfigurationManager, init=-1: [88407b66-6843-4748-95c3-9b69e6f4e794:192.168.5.168:40478], old=null, confs=<EMPTY_MAP>
2019-07-13 20:53:26,536 INFO  server.RaftServerConfigKeys (ConfUtils.java:logGet(43)) - raft.server.storage.dir = [/tmp/workdir/hadoop-ozone/integration-test/target/test-dir/MiniOzoneClusterImpl-1ab524e4-8b94-4416-883f-eb3cfaa6454f/datanode-1/data/ratis] (custom)
2019-07-13 20:53:26,537 INFO  storage.RaftStorageDirectory (RaftStorageDirectory.java:analyzeStorage(246)) - The storage directory /tmp/workdir/hadoop-ozone/integration-test/target/test-dir/MiniOzoneClusterImpl-1ab524e4-8b94-4416-883f-eb3cfaa6454f/datanode-1/data/ratis/949d7bbf-2097-4470-8295-762a0f0573eb does not exist. Creating ...
2019-07-13 20:53:26,548 INFO  storage.RaftStorageDirectory (RaftStorageDirectory.java:tryLock(328)) - Lock on /tmp/workdir/hadoop-ozone/integration-test/target/test-dir/MiniOzoneClusterImpl-1ab524e4-8b94-4416-883f-eb3cfaa6454f/datanode-1/data/ratis/949d7bbf-2097-4470-8295-762a0f0573eb/in_use.lock acquired by nodename 12100@trunk-nightly-6qp7m-2461138711
2019-07-13 20:53:26,551 INFO  storage.RaftStorage (RaftStorage.java:format(72)) - Storage directory /tmp/workdir/hadoop-ozone/integration-test/target/test-dir/MiniOzoneClusterImpl-1ab524e4-8b94-4416-883f-eb3cfaa6454f/datanode-1/data/ratis/949d7bbf-2097-4470-8295-762a0f0573eb has been successfully formatted.
2019-07-13 20:53:26,552 INFO  ratis.ContainerStateMachine (ContainerStateMachine.java:loadSnapshot(200)) - The snapshot info is null.Setting the last applied index to:(t:0, i:~)
2019-07-13 20:53:26,552 INFO  server.RaftServerConfigKeys (ConfUtils.java:logGet(43)) - raft.server.leader.election.timeout = 120s (custom)
2019-07-13 20:53:26,552 INFO  server.RaftServerConfigKeys (ConfUtils.java:logGet(43)) - raft.server.log.use.memory = false (default)
2019-07-13 20:53:26,552 INFO  server.RaftServerConfigKeys (ConfUtils.java:logGet(43)) - raft.server.log.purge.gap = 1000000000 (custom)
2019-07-13 20:53:26,553 INFO  server.RaftServerConfigKeys (ConfUtils.java:logGet(43)) - raft.server.log.appender.buffer.byte-limit = 33554432 (custom)
2019-07-13 20:53:26,553 INFO  rpc.RpcClient (RpcClient.java:createVolume(287)) - Creating Volume: testblockoutputstreamwithretries, with jenkins1000 as owner.
2019-07-13 20:53:26,553 INFO  server.RaftServerConfigKeys (ConfUtils.java:logGet(43)) - raft.server.log.segment.size.max = 1048576 (custom)
2019-07-13 20:53:26,553 INFO  server.RaftServerConfigKeys (ConfUtils.java:logGet(43)) - raft.server.log.segment.cache.num.max = 2 (custom)
2019-07-13 20:53:26,553 INFO  segmented.SegmentedRaftLogWorker (SegmentedRaftLogWorker.java:<init>(172)) - new 88407b66-6843-4748-95c3-9b69e6f4e794-SegmentedRaftLogWorker:Storage Directory /tmp/workdir/hadoop-ozone/integration-test/target/test-dir/MiniOzoneClusterImpl-1ab524e4-8b94-4416-883f-eb3cfaa6454f/datanode-1/data/ratis/949d7bbf-2097-4470-8295-762a0f0573eb for RaftStorage:Storage Directory /tmp/workdir/hadoop-ozone/integration-test/target/test-dir/MiniOzoneClusterImpl-1ab524e4-8b94-4416-883f-eb3cfaa6454f/datanode-1/data/ratis/949d7bbf-2097-4470-8295-762a0f0573eb
2019-07-13 20:53:26,554 INFO  server.RaftServerConfigKeys (ConfUtils.java:logGet(43)) - raft.server.log.queue.byte-limit = 2147483647 (custom)
2019-07-13 20:53:26,554 INFO  server.RaftServerConfigKeys (ConfUtils.java:logGet(43)) - raft.server.log.queue.element-limit = 1024 (custom)
2019-07-13 20:53:26,554 INFO  server.RaftServerConfigKeys (ConfUtils.java:logGet(43)) - raft.server.log.segment.size.max = 1048576 (custom)
2019-07-13 20:53:26,554 INFO  server.RaftServerConfigKeys (ConfUtils.java:logGet(43)) - raft.server.log.preallocated.size = 16384 (custom)
2019-07-13 20:53:26,554 INFO  server.RaftServerConfigKeys (ConfUtils.java:logGet(43)) - raft.server.log.write.buffer.size = 33554432 (custom)
2019-07-13 20:53:26,555 INFO  server.RaftServerConfigKeys (ConfUtils.java:logGet(43)) - raft.server.log.force.sync.num = 128 (default)
2019-07-13 20:53:26,555 INFO  server.RaftServerConfigKeys (ConfUtils.java:logGet(43)) - raft.server.log.statemachine.data.sync = true (default)
2019-07-13 20:53:26,555 INFO  server.RaftServerConfigKeys (ConfUtils.java:logGet(43)) - raft.server.log.statemachine.data.sync.timeout = 10s (default)
2019-07-13 20:53:26,555 INFO  server.RaftServerConfigKeys (ConfUtils.java:logGet(43)) - raft.server.log.statemachine.data.sync.timeout.retry = -1 (default)
2019-07-13 20:53:26,556 INFO  server.RaftServerConfigKeys (ConfUtils.java:logGet(43)) - raft.server.log.statemachine.data.caching.enabled = true (custom)
2019-07-13 20:53:26,556 INFO  segmented.SegmentedRaftLogWorker (SegmentedRaftLogWorker.java:lambda$new$0(132)) - 88407b66-6843-4748-95c3-9b69e6f4e794-SegmentedRaftLogWorker:Storage Directory /tmp/workdir/hadoop-ozone/integration-test/target/test-dir/MiniOzoneClusterImpl-1ab524e4-8b94-4416-883f-eb3cfaa6454f/datanode-1/data/ratis/949d7bbf-2097-4470-8295-762a0f0573eb: flushIndex: setUnconditionally 0 -> -1
2019-07-13 20:53:26,556 INFO  server.RaftServerConfigKeys (ConfUtils.java:logGet(43)) - raft.server.snapshot.auto.trigger.enabled = true (custom)
2019-07-13 20:53:26,557 INFO  server.RaftServerConfigKeys (ConfUtils.java:logGet(43)) - raft.server.snapshot.auto.trigger.threshold = 10000 (custom)
2019-07-13 20:53:26,557 INFO  server.RaftServerConfigKeys (ConfUtils.java:logGet(43)) - raft.server.retrycache.expirytime = 600000ms (custom)
2019-07-13 20:53:26,557 INFO  impl.RaftServerImpl (RaftServerImpl.java:start(180)) - 88407b66-6843-4748-95c3-9b69e6f4e794: start group-762A0F0573EB
2019-07-13 20:53:26,557 INFO  impl.RaftServerImpl (RaftServerImpl.java:setRole(171)) - 88407b66-6843-4748-95c3-9b69e6f4e794:group-762A0F0573EB changes role from null to FOLLOWER at term 0 for startAsFollower
2019-07-13 20:53:26,557 INFO  impl.RoleInfo (RoleInfo.java:updateAndGet(143)) - 88407b66-6843-4748-95c3-9b69e6f4e794: start FollowerState
2019-07-13 20:53:26,558 INFO  util.JmxRegister (JmxRegister.java:tryRegister(44)) - Successfully registered JMX Bean with object name Ratis:service=RaftServer,group=group-762A0F0573EB,id=88407b66-6843-4748-95c3-9b69e6f4e794
2019-07-13 20:53:26,569 INFO  pipeline.PipelineStateManager (PipelineStateManager.java:addPipeline(56)) - Created pipeline Pipeline[ Id: 949d7bbf-2097-4470-8295-762a0f0573eb, Nodes: 88407b66-6843-4748-95c3-9b69e6f4e794{ip: 192.168.5.168, host: trunk-nightly-6qp7m-2461138711, networkLocation: /default-rack, certSerialId: null}, Type:RATIS, Factor:ONE, State:OPEN]
2019-07-13 20:53:26,589 INFO  impl.RaftServerProxy (RaftServerProxy.java:addNew(89)) - b21e3032-627d-46ac-b88e-fdc5f8b56f2f: addNew group-F4FAC95068E5:[b21e3032-627d-46ac-b88e-fdc5f8b56f2f:192.168.5.168:38077] returns group-F4FAC95068E5:java.util.concurrent.CompletableFuture@b9d5d77[Not completed]
2019-07-13 20:53:26,591 INFO  impl.RaftServerImpl (RaftServerImpl.java:<init>(93)) - b21e3032-627d-46ac-b88e-fdc5f8b56f2f: new RaftServerImpl for group-F4FAC95068E5:[b21e3032-627d-46ac-b88e-fdc5f8b56f2f:192.168.5.168:38077] with ContainerStateMachine:uninitialized
2019-07-13 20:53:26,593 INFO  server.RaftServerConfigKeys (ConfUtils.java:logGet(43)) - raft.server.rpc.timeout.min = 5s (custom)
2019-07-13 20:53:26,593 INFO  server.RaftServerConfigKeys (ConfUtils.java:logGet(43)) - raft.server.rpc.timeout.max = 5200ms (custom)
2019-07-13 20:53:26,593 INFO  server.RaftServerConfigKeys (ConfUtils.java:logGet(43)) - raft.server.rpcslowness.timeout = 120s (custom)
2019-07-13 20:53:26,593 INFO  server.RaftServerConfigKeys (ConfUtils.java:logGet(43)) - raft.server.sleep.deviation.threshold = 300 (default)
2019-07-13 20:53:26,594 INFO  server.RaftServerConfigKeys (ConfUtils.java:logGet(43)) - raft.server.log.appender.install.snapshot.enabled = false (custom)
2019-07-13 20:53:26,594 INFO  impl.RaftServerImpl (ServerState.java:<init>(105)) - b21e3032-627d-46ac-b88e-fdc5f8b56f2f:group-F4FAC95068E5 ConfigurationManager, init=-1: [b21e3032-627d-46ac-b88e-fdc5f8b56f2f:192.168.5.168:38077], old=null, confs=<EMPTY_MAP>
2019-07-13 20:53:26,594 INFO  server.RaftServerConfigKeys (ConfUtils.java:logGet(43)) - raft.server.storage.dir = [/tmp/workdir/hadoop-ozone/integration-test/target/test-dir/MiniOzoneClusterImpl-1ab524e4-8b94-4416-883f-eb3cfaa6454f/datanode-4/data/ratis] (custom)
2019-07-13 20:53:26,594 INFO  storage.RaftStorageDirectory (RaftStorageDirectory.java:analyzeStorage(246)) - The storage directory /tmp/workdir/hadoop-ozone/integration-test/target/test-dir/MiniOzoneClusterImpl-1ab524e4-8b94-4416-883f-eb3cfaa6454f/datanode-4/data/ratis/b522dea8-3fa6-428f-96e4-f4fac95068e5 does not exist. Creating ...
2019-07-13 20:53:26,600 INFO  rpc.RpcClient (RpcClient.java:createBucket(424)) - Creating Bucket: testblockoutputstreamwithretries/testblockoutputstreamwithretries, with Versioning false and Storage Type set to DISK and Encryption set to false 
2019-07-13 20:53:26,609 INFO  storage.RaftStorageDirectory (RaftStorageDirectory.java:tryLock(328)) - Lock on /tmp/workdir/hadoop-ozone/integration-test/target/test-dir/MiniOzoneClusterImpl-1ab524e4-8b94-4416-883f-eb3cfaa6454f/datanode-4/data/ratis/b522dea8-3fa6-428f-96e4-f4fac95068e5/in_use.lock acquired by nodename 12100@trunk-nightly-6qp7m-2461138711
2019-07-13 20:53:26,620 INFO  storage.RaftStorage (RaftStorage.java:format(72)) - Storage directory /tmp/workdir/hadoop-ozone/integration-test/target/test-dir/MiniOzoneClusterImpl-1ab524e4-8b94-4416-883f-eb3cfaa6454f/datanode-4/data/ratis/b522dea8-3fa6-428f-96e4-f4fac95068e5 has been successfully formatted.
2019-07-13 20:53:26,620 INFO  ratis.ContainerStateMachine (ContainerStateMachine.java:loadSnapshot(200)) - The snapshot info is null.Setting the last applied index to:(t:0, i:~)
2019-07-13 20:53:26,621 INFO  server.RaftServerConfigKeys (ConfUtils.java:logGet(43)) - raft.server.leader.election.timeout = 120s (custom)
2019-07-13 20:53:26,621 INFO  server.RaftServerConfigKeys (ConfUtils.java:logGet(43)) - raft.server.log.use.memory = false (default)
2019-07-13 20:53:26,621 INFO  server.RaftServerConfigKeys (ConfUtils.java:logGet(43)) - raft.server.log.purge.gap = 1000000000 (custom)
2019-07-13 20:53:26,621 INFO  server.RaftServerConfigKeys (ConfUtils.java:logGet(43)) - raft.server.log.appender.buffer.byte-limit = 33554432 (custom)
2019-07-13 20:53:26,621 INFO  server.RaftServerConfigKeys (ConfUtils.java:logGet(43)) - raft.server.log.segment.size.max = 1048576 (custom)
2019-07-13 20:53:26,621 INFO  server.RaftServerConfigKeys (ConfUtils.java:logGet(43)) - raft.server.log.segment.cache.num.max = 2 (custom)
2019-07-13 20:53:26,622 INFO  segmented.SegmentedRaftLogWorker (SegmentedRaftLogWorker.java:<init>(172)) - new b21e3032-627d-46ac-b88e-fdc5f8b56f2f-SegmentedRaftLogWorker:Storage Directory /tmp/workdir/hadoop-ozone/integration-test/target/test-dir/MiniOzoneClusterImpl-1ab524e4-8b94-4416-883f-eb3cfaa6454f/datanode-4/data/ratis/b522dea8-3fa6-428f-96e4-f4fac95068e5 for RaftStorage:Storage Directory /tmp/workdir/hadoop-ozone/integration-test/target/test-dir/MiniOzoneClusterImpl-1ab524e4-8b94-4416-883f-eb3cfaa6454f/datanode-4/data/ratis/b522dea8-3fa6-428f-96e4-f4fac95068e5
2019-07-13 20:53:26,622 INFO  server.RaftServerConfigKeys (ConfUtils.java:logGet(43)) - raft.server.log.queue.byte-limit = 2147483647 (custom)
2019-07-13 20:53:26,622 INFO  server.RaftServerConfigKeys (ConfUtils.java:logGet(43)) - raft.server.log.queue.element-limit = 1024 (custom)
2019-07-13 20:53:26,622 INFO  server.RaftServerConfigKeys (ConfUtils.java:logGet(43)) - raft.server.log.segment.size.max = 1048576 (custom)
2019-07-13 20:53:26,622 INFO  server.RaftServerConfigKeys (ConfUtils.java:logGet(43)) - raft.server.log.preallocated.size = 16384 (custom)
2019-07-13 20:53:26,637 INFO  server.RaftServerConfigKeys (ConfUtils.java:logGet(43)) - raft.server.log.write.buffer.size = 33554432 (custom)
2019-07-13 20:53:26,637 INFO  server.RaftServerConfigKeys (ConfUtils.java:logGet(43)) - raft.server.log.force.sync.num = 128 (default)
2019-07-13 20:53:26,637 INFO  server.RaftServerConfigKeys (ConfUtils.java:logGet(43)) - raft.server.log.statemachine.data.sync = true (default)
2019-07-13 20:53:26,637 INFO  server.RaftServerConfigKeys (ConfUtils.java:logGet(43)) - raft.server.log.statemachine.data.sync.timeout = 10s (default)
2019-07-13 20:53:26,638 INFO  server.RaftServerConfigKeys (ConfUtils.java:logGet(43)) - raft.server.log.statemachine.data.sync.timeout.retry = -1 (default)
2019-07-13 20:53:26,638 INFO  server.RaftServerConfigKeys (ConfUtils.java:logGet(43)) - raft.server.log.statemachine.data.caching.enabled = true (custom)
2019-07-13 20:53:26,639 INFO  segmented.SegmentedRaftLogWorker (SegmentedRaftLogWorker.java:lambda$new$0(132)) - b21e3032-627d-46ac-b88e-fdc5f8b56f2f-SegmentedRaftLogWorker:Storage Directory /tmp/workdir/hadoop-ozone/integration-test/target/test-dir/MiniOzoneClusterImpl-1ab524e4-8b94-4416-883f-eb3cfaa6454f/datanode-4/data/ratis/b522dea8-3fa6-428f-96e4-f4fac95068e5: flushIndex: setUnconditionally 0 -> -1
2019-07-13 20:53:26,639 INFO  server.RaftServerConfigKeys (ConfUtils.java:logGet(43)) - raft.server.snapshot.auto.trigger.enabled = true (custom)
2019-07-13 20:53:26,640 INFO  server.RaftServerConfigKeys (ConfUtils.java:logGet(43)) - raft.server.snapshot.auto.trigger.threshold = 10000 (custom)
2019-07-13 20:53:26,642 INFO  server.RaftServerConfigKeys (ConfUtils.java:logGet(43)) - raft.server.retrycache.expirytime = 600000ms (custom)
2019-07-13 20:53:26,642 INFO  impl.RaftServerImpl (RaftServerImpl.java:start(180)) - b21e3032-627d-46ac-b88e-fdc5f8b56f2f: start group-F4FAC95068E5
2019-07-13 20:53:26,642 INFO  impl.RaftServerImpl (RaftServerImpl.java:setRole(171)) - b21e3032-627d-46ac-b88e-fdc5f8b56f2f:group-F4FAC95068E5 changes role from null to FOLLOWER at term 0 for startAsFollower
2019-07-13 20:53:26,642 INFO  impl.RoleInfo (RoleInfo.java:updateAndGet(143)) - b21e3032-627d-46ac-b88e-fdc5f8b56f2f: start FollowerState
2019-07-13 20:53:26,643 INFO  util.JmxRegister (JmxRegister.java:tryRegister(44)) - Successfully registered JMX Bean with object name Ratis:service=RaftServer,group=group-F4FAC95068E5,id=b21e3032-627d-46ac-b88e-fdc5f8b56f2f
2019-07-13 20:53:26,654 INFO  pipeline.PipelineStateManager (PipelineStateManager.java:addPipeline(56)) - Created pipeline Pipeline[ Id: b522dea8-3fa6-428f-96e4-f4fac95068e5, Nodes: b21e3032-627d-46ac-b88e-fdc5f8b56f2f{ip: 192.168.5.168, host: trunk-nightly-6qp7m-2461138711, networkLocation: /default-rack, certSerialId: null}, Type:RATIS, Factor:ONE, State:OPEN]
2019-07-13 20:53:26,676 INFO  impl.RaftServerProxy (RaftServerProxy.java:addNew(89)) - 107fee82-e5db-4797-8aae-57162eed379b: addNew group-361C7C48F2B7:[107fee82-e5db-4797-8aae-57162eed379b:192.168.5.168:38874] returns group-361C7C48F2B7:java.util.concurrent.CompletableFuture@7b7de82a[Not completed]
2019-07-13 20:53:26,678 INFO  impl.RaftServerImpl (RaftServerImpl.java:<init>(93)) - 107fee82-e5db-4797-8aae-57162eed379b: new RaftServerImpl for group-361C7C48F2B7:[107fee82-e5db-4797-8aae-57162eed379b:192.168.5.168:38874] with ContainerStateMachine:uninitialized
2019-07-13 20:53:26,680 INFO  server.RaftServerConfigKeys (ConfUtils.java:logGet(43)) - raft.server.rpc.timeout.min = 5s (custom)
2019-07-13 20:53:26,680 INFO  server.RaftServerConfigKeys (ConfUtils.java:logGet(43)) - raft.server.rpc.timeout.max = 5200ms (custom)
2019-07-13 20:53:26,680 INFO  server.RaftServerConfigKeys (ConfUtils.java:logGet(43)) - raft.server.rpcslowness.timeout = 120s (custom)
2019-07-13 20:53:26,680 INFO  server.RaftServerConfigKeys (ConfUtils.java:logGet(43)) - raft.server.sleep.deviation.threshold = 300 (default)
2019-07-13 20:53:26,680 INFO  server.RaftServerConfigKeys (ConfUtils.java:logGet(43)) - raft.server.log.appender.install.snapshot.enabled = false (custom)
2019-07-13 20:53:26,680 INFO  impl.RaftServerImpl (ServerState.java:<init>(105)) - 107fee82-e5db-4797-8aae-57162eed379b:group-361C7C48F2B7 ConfigurationManager, init=-1: [107fee82-e5db-4797-8aae-57162eed379b:192.168.5.168:38874], old=null, confs=<EMPTY_MAP>
2019-07-13 20:53:26,681 INFO  server.RaftServerConfigKeys (ConfUtils.java:logGet(43)) - raft.server.storage.dir = [/tmp/workdir/hadoop-ozone/integration-test/target/test-dir/MiniOzoneClusterImpl-1ab524e4-8b94-4416-883f-eb3cfaa6454f/datanode-3/data/ratis] (custom)
2019-07-13 20:53:26,681 INFO  storage.RaftStorageDirectory (RaftStorageDirectory.java:analyzeStorage(246)) - The storage directory /tmp/workdir/hadoop-ozone/integration-test/target/test-dir/MiniOzoneClusterImpl-1ab524e4-8b94-4416-883f-eb3cfaa6454f/datanode-3/data/ratis/b70a13bf-1c91-4e24-9fd3-361c7c48f2b7 does not exist. Creating ...
2019-07-13 20:53:26,686 INFO  storage.RaftStorageDirectory (RaftStorageDirectory.java:tryLock(328)) - Lock on /tmp/workdir/hadoop-ozone/integration-test/target/test-dir/MiniOzoneClusterImpl-1ab524e4-8b94-4416-883f-eb3cfaa6454f/datanode-3/data/ratis/b70a13bf-1c91-4e24-9fd3-361c7c48f2b7/in_use.lock acquired by nodename 12100@trunk-nightly-6qp7m-2461138711
2019-07-13 20:53:26,689 INFO  storage.RaftStorage (RaftStorage.java:format(72)) - Storage directory /tmp/workdir/hadoop-ozone/integration-test/target/test-dir/MiniOzoneClusterImpl-1ab524e4-8b94-4416-883f-eb3cfaa6454f/datanode-3/data/ratis/b70a13bf-1c91-4e24-9fd3-361c7c48f2b7 has been successfully formatted.
2019-07-13 20:53:26,689 INFO  ratis.ContainerStateMachine (ContainerStateMachine.java:loadSnapshot(200)) - The snapshot info is null.Setting the last applied index to:(t:0, i:~)
2019-07-13 20:53:26,689 INFO  server.RaftServerConfigKeys (ConfUtils.java:logGet(43)) - raft.server.leader.election.timeout = 120s (custom)
2019-07-13 20:53:26,690 INFO  server.RaftServerConfigKeys (ConfUtils.java:logGet(43)) - raft.server.log.use.memory = false (default)
2019-07-13 20:53:26,690 INFO  server.RaftServerConfigKeys (ConfUtils.java:logGet(43)) - raft.server.log.purge.gap = 1000000000 (custom)
2019-07-13 20:53:26,690 INFO  server.RaftServerConfigKeys (ConfUtils.java:logGet(43)) - raft.server.log.appender.buffer.byte-limit = 33554432 (custom)
2019-07-13 20:53:26,690 INFO  server.RaftServerConfigKeys (ConfUtils.java:logGet(43)) - raft.server.log.segment.size.max = 1048576 (custom)
2019-07-13 20:53:26,690 INFO  server.RaftServerConfigKeys (ConfUtils.java:logGet(43)) - raft.server.log.segment.cache.num.max = 2 (custom)
2019-07-13 20:53:26,690 INFO  segmented.SegmentedRaftLogWorker (SegmentedRaftLogWorker.java:<init>(172)) - new 107fee82-e5db-4797-8aae-57162eed379b-SegmentedRaftLogWorker:Storage Directory /tmp/workdir/hadoop-ozone/integration-test/target/test-dir/MiniOzoneClusterImpl-1ab524e4-8b94-4416-883f-eb3cfaa6454f/datanode-3/data/ratis/b70a13bf-1c91-4e24-9fd3-361c7c48f2b7 for RaftStorage:Storage Directory /tmp/workdir/hadoop-ozone/integration-test/target/test-dir/MiniOzoneClusterImpl-1ab524e4-8b94-4416-883f-eb3cfaa6454f/datanode-3/data/ratis/b70a13bf-1c91-4e24-9fd3-361c7c48f2b7
2019-07-13 20:53:26,690 INFO  server.RaftServerConfigKeys (ConfUtils.java:logGet(43)) - raft.server.log.queue.byte-limit = 2147483647 (custom)
2019-07-13 20:53:26,691 INFO  server.RaftServerConfigKeys (ConfUtils.java:logGet(43)) - raft.server.log.queue.element-limit = 1024 (custom)
2019-07-13 20:53:26,691 INFO  server.RaftServerConfigKeys (ConfUtils.java:logGet(43)) - raft.server.log.segment.size.max = 1048576 (custom)
2019-07-13 20:53:26,691 INFO  server.RaftServerConfigKeys (ConfUtils.java:logGet(43)) - raft.server.log.preallocated.size = 16384 (custom)
2019-07-13 20:53:26,691 INFO  server.RaftServerConfigKeys (ConfUtils.java:logGet(43)) - raft.server.log.write.buffer.size = 33554432 (custom)
2019-07-13 20:53:26,691 INFO  server.RaftServerConfigKeys (ConfUtils.java:logGet(43)) - raft.server.log.force.sync.num = 128 (default)
2019-07-13 20:53:26,691 INFO  server.RaftServerConfigKeys (ConfUtils.java:logGet(43)) - raft.server.log.statemachine.data.sync = true (default)
2019-07-13 20:53:26,692 INFO  server.RaftServerConfigKeys (ConfUtils.java:logGet(43)) - raft.server.log.statemachine.data.sync.timeout = 10s (default)
2019-07-13 20:53:26,692 INFO  server.RaftServerConfigKeys (ConfUtils.java:logGet(43)) - raft.server.log.statemachine.data.sync.timeout.retry = -1 (default)
2019-07-13 20:53:26,692 INFO  server.RaftServerConfigKeys (ConfUtils.java:logGet(43)) - raft.server.log.statemachine.data.caching.enabled = true (custom)
2019-07-13 20:53:26,692 INFO  segmented.SegmentedRaftLogWorker (SegmentedRaftLogWorker.java:lambda$new$0(132)) - 107fee82-e5db-4797-8aae-57162eed379b-SegmentedRaftLogWorker:Storage Directory /tmp/workdir/hadoop-ozone/integration-test/target/test-dir/MiniOzoneClusterImpl-1ab524e4-8b94-4416-883f-eb3cfaa6454f/datanode-3/data/ratis/b70a13bf-1c91-4e24-9fd3-361c7c48f2b7: flushIndex: setUnconditionally 0 -> -1
2019-07-13 20:53:26,693 INFO  server.RaftServerConfigKeys (ConfUtils.java:logGet(43)) - raft.server.snapshot.auto.trigger.enabled = true (custom)
2019-07-13 20:53:26,693 INFO  server.RaftServerConfigKeys (ConfUtils.java:logGet(43)) - raft.server.snapshot.auto.trigger.threshold = 10000 (custom)
2019-07-13 20:53:26,693 INFO  server.RaftServerConfigKeys (ConfUtils.java:logGet(43)) - raft.server.retrycache.expirytime = 600000ms (custom)
2019-07-13 20:53:26,693 INFO  impl.RaftServerImpl (RaftServerImpl.java:start(180)) - 107fee82-e5db-4797-8aae-57162eed379b: start group-361C7C48F2B7
2019-07-13 20:53:26,694 INFO  impl.RaftServerImpl (RaftServerImpl.java:setRole(171)) - 107fee82-e5db-4797-8aae-57162eed379b:group-361C7C48F2B7 changes role from null to FOLLOWER at term 0 for startAsFollower
2019-07-13 20:53:26,694 INFO  impl.RoleInfo (RoleInfo.java:updateAndGet(143)) - 107fee82-e5db-4797-8aae-57162eed379b: start FollowerState
2019-07-13 20:53:26,694 INFO  util.JmxRegister (JmxRegister.java:tryRegister(44)) - Successfully registered JMX Bean with object name Ratis:service=RaftServer,group=group-361C7C48F2B7,id=107fee82-e5db-4797-8aae-57162eed379b
2019-07-13 20:53:26,713 INFO  pipeline.PipelineStateManager (PipelineStateManager.java:addPipeline(56)) - Created pipeline Pipeline[ Id: b70a13bf-1c91-4e24-9fd3-361c7c48f2b7, Nodes: 107fee82-e5db-4797-8aae-57162eed379b{ip: 192.168.5.168, host: trunk-nightly-6qp7m-2461138711, networkLocation: /default-rack, certSerialId: null}, Type:RATIS, Factor:ONE, State:OPEN]
2019-07-13 20:53:26,754 INFO  impl.RaftServerProxy (RaftServerProxy.java:addNew(89)) - 3d22177d-605d-4638-aa04-41b506e5e6ef: addNew group-8FFC8DAC8722:[0fed1087-15d2-4879-9faa-ad4f57cb19ae:192.168.5.168:46104, 3d22177d-605d-4638-aa04-41b506e5e6ef:192.168.5.168:32985, 62121b6c-f658-49f8-8f7f-7d79aebe6ec2:192.168.5.168:37077] returns group-8FFC8DAC8722:java.util.concurrent.CompletableFuture@2cdfec5c[Not completed]
2019-07-13 20:53:26,756 INFO  impl.RaftServerProxy (RaftServerProxy.java:addNew(89)) - 0fed1087-15d2-4879-9faa-ad4f57cb19ae: addNew group-8FFC8DAC8722:[0fed1087-15d2-4879-9faa-ad4f57cb19ae:192.168.5.168:46104, 3d22177d-605d-4638-aa04-41b506e5e6ef:192.168.5.168:32985, 62121b6c-f658-49f8-8f7f-7d79aebe6ec2:192.168.5.168:37077] returns group-8FFC8DAC8722:java.util.concurrent.CompletableFuture@340b4210[Not completed]
2019-07-13 20:53:26,759 INFO  impl.RaftServerImpl (RaftServerImpl.java:<init>(93)) - 3d22177d-605d-4638-aa04-41b506e5e6ef: new RaftServerImpl for group-8FFC8DAC8722:[0fed1087-15d2-4879-9faa-ad4f57cb19ae:192.168.5.168:46104, 3d22177d-605d-4638-aa04-41b506e5e6ef:192.168.5.168:32985, 62121b6c-f658-49f8-8f7f-7d79aebe6ec2:192.168.5.168:37077] with ContainerStateMachine:uninitialized
2019-07-13 20:53:26,759 INFO  impl.RaftServerProxy (RaftServerProxy.java:addNew(89)) - 62121b6c-f658-49f8-8f7f-7d79aebe6ec2: addNew group-8FFC8DAC8722:[0fed1087-15d2-4879-9faa-ad4f57cb19ae:192.168.5.168:46104, 3d22177d-605d-4638-aa04-41b506e5e6ef:192.168.5.168:32985, 62121b6c-f658-49f8-8f7f-7d79aebe6ec2:192.168.5.168:37077] returns group-8FFC8DAC8722:java.util.concurrent.CompletableFuture@69dd77a3[Not completed]
2019-07-13 20:53:26,759 INFO  server.RaftServerConfigKeys (ConfUtils.java:logGet(43)) - raft.server.rpc.timeout.min = 5s (custom)
2019-07-13 20:53:26,759 INFO  server.RaftServerConfigKeys (ConfUtils.java:logGet(43)) - raft.server.rpc.timeout.max = 5200ms (custom)
2019-07-13 20:53:26,759 INFO  server.RaftServerConfigKeys (ConfUtils.java:logGet(43)) - raft.server.rpcslowness.timeout = 120s (custom)
2019-07-13 20:53:26,759 INFO  server.RaftServerConfigKeys (ConfUtils.java:logGet(43)) - raft.server.sleep.deviation.threshold = 300 (default)
2019-07-13 20:53:26,760 INFO  server.RaftServerConfigKeys (ConfUtils.java:logGet(43)) - raft.server.log.appender.install.snapshot.enabled = false (custom)
2019-07-13 20:53:26,760 INFO  impl.RaftServerImpl (RaftServerImpl.java:<init>(93)) - 0fed1087-15d2-4879-9faa-ad4f57cb19ae: new RaftServerImpl for group-8FFC8DAC8722:[0fed1087-15d2-4879-9faa-ad4f57cb19ae:192.168.5.168:46104, 3d22177d-605d-4638-aa04-41b506e5e6ef:192.168.5.168:32985, 62121b6c-f658-49f8-8f7f-7d79aebe6ec2:192.168.5.168:37077] with ContainerStateMachine:uninitialized
2019-07-13 20:53:26,760 INFO  impl.RaftServerImpl (ServerState.java:<init>(105)) - 3d22177d-605d-4638-aa04-41b506e5e6ef:group-8FFC8DAC8722 ConfigurationManager, init=-1: [0fed1087-15d2-4879-9faa-ad4f57cb19ae:192.168.5.168:46104, 3d22177d-605d-4638-aa04-41b506e5e6ef:192.168.5.168:32985, 62121b6c-f658-49f8-8f7f-7d79aebe6ec2:192.168.5.168:37077], old=null, confs=<EMPTY_MAP>
2019-07-13 20:53:26,760 INFO  server.RaftServerConfigKeys (ConfUtils.java:logGet(43)) - raft.server.rpc.timeout.min = 5s (custom)
2019-07-13 20:53:26,760 INFO  server.RaftServerConfigKeys (ConfUtils.java:logGet(43)) - raft.server.storage.dir = [/tmp/workdir/hadoop-ozone/integration-test/target/test-dir/MiniOzoneClusterImpl-1ab524e4-8b94-4416-883f-eb3cfaa6454f/datanode-5/data/ratis] (custom)
2019-07-13 20:53:26,760 INFO  server.RaftServerConfigKeys (ConfUtils.java:logGet(43)) - raft.server.rpc.timeout.max = 5200ms (custom)
2019-07-13 20:53:26,760 INFO  server.RaftServerConfigKeys (ConfUtils.java:logGet(43)) - raft.server.rpcslowness.timeout = 120s (custom)
2019-07-13 20:53:26,760 INFO  storage.RaftStorageDirectory (RaftStorageDirectory.java:analyzeStorage(246)) - The storage directory /tmp/workdir/hadoop-ozone/integration-test/target/test-dir/MiniOzoneClusterImpl-1ab524e4-8b94-4416-883f-eb3cfaa6454f/datanode-5/data/ratis/e7542025-2384-4542-8a77-8ffc8dac8722 does not exist. Creating ...
2019-07-13 20:53:26,760 INFO  impl.RaftServerImpl (RaftServerImpl.java:<init>(93)) - 62121b6c-f658-49f8-8f7f-7d79aebe6ec2: new RaftServerImpl for group-8FFC8DAC8722:[0fed1087-15d2-4879-9faa-ad4f57cb19ae:192.168.5.168:46104, 3d22177d-605d-4638-aa04-41b506e5e6ef:192.168.5.168:32985, 62121b6c-f658-49f8-8f7f-7d79aebe6ec2:192.168.5.168:37077] with ContainerStateMachine:uninitialized
2019-07-13 20:53:26,760 INFO  server.RaftServerConfigKeys (ConfUtils.java:logGet(43)) - raft.server.sleep.deviation.threshold = 300 (default)
2019-07-13 20:53:26,761 INFO  server.RaftServerConfigKeys (ConfUtils.java:logGet(43)) - raft.server.rpc.timeout.min = 5s (custom)
2019-07-13 20:53:26,761 INFO  server.RaftServerConfigKeys (ConfUtils.java:logGet(43)) - raft.server.log.appender.install.snapshot.enabled = false (custom)
2019-07-13 20:53:26,761 INFO  server.RaftServerConfigKeys (ConfUtils.java:logGet(43)) - raft.server.rpc.timeout.max = 5200ms (custom)
2019-07-13 20:53:26,761 INFO  impl.RaftServerImpl (ServerState.java:<init>(105)) - 0fed1087-15d2-4879-9faa-ad4f57cb19ae:group-8FFC8DAC8722 ConfigurationManager, init=-1: [0fed1087-15d2-4879-9faa-ad4f57cb19ae:192.168.5.168:46104, 3d22177d-605d-4638-aa04-41b506e5e6ef:192.168.5.168:32985, 62121b6c-f658-49f8-8f7f-7d79aebe6ec2:192.168.5.168:37077], old=null, confs=<EMPTY_MAP>
2019-07-13 20:53:26,761 INFO  server.RaftServerConfigKeys (ConfUtils.java:logGet(43)) - raft.server.rpcslowness.timeout = 120s (custom)
2019-07-13 20:53:26,761 INFO  server.RaftServerConfigKeys (ConfUtils.java:logGet(43)) - raft.server.storage.dir = [/tmp/workdir/hadoop-ozone/integration-test/target/test-dir/MiniOzoneClusterImpl-1ab524e4-8b94-4416-883f-eb3cfaa6454f/datanode-2/data/ratis] (custom)
2019-07-13 20:53:26,761 INFO  server.RaftServerConfigKeys (ConfUtils.java:logGet(43)) - raft.server.sleep.deviation.threshold = 300 (default)
2019-07-13 20:53:26,762 INFO  server.RaftServerConfigKeys (ConfUtils.java:logGet(43)) - raft.server.log.appender.install.snapshot.enabled = false (custom)
2019-07-13 20:53:26,762 INFO  storage.RaftStorageDirectory (RaftStorageDirectory.java:analyzeStorage(246)) - The storage directory /tmp/workdir/hadoop-ozone/integration-test/target/test-dir/MiniOzoneClusterImpl-1ab524e4-8b94-4416-883f-eb3cfaa6454f/datanode-2/data/ratis/e7542025-2384-4542-8a77-8ffc8dac8722 does not exist. Creating ...
2019-07-13 20:53:26,762 INFO  impl.RaftServerImpl (ServerState.java:<init>(105)) - 62121b6c-f658-49f8-8f7f-7d79aebe6ec2:group-8FFC8DAC8722 ConfigurationManager, init=-1: [0fed1087-15d2-4879-9faa-ad4f57cb19ae:192.168.5.168:46104, 3d22177d-605d-4638-aa04-41b506e5e6ef:192.168.5.168:32985, 62121b6c-f658-49f8-8f7f-7d79aebe6ec2:192.168.5.168:37077], old=null, confs=<EMPTY_MAP>
2019-07-13 20:53:26,762 INFO  server.RaftServerConfigKeys (ConfUtils.java:logGet(43)) - raft.server.storage.dir = [/tmp/workdir/hadoop-ozone/integration-test/target/test-dir/MiniOzoneClusterImpl-1ab524e4-8b94-4416-883f-eb3cfaa6454f/datanode-6/data/ratis] (custom)
2019-07-13 20:53:26,762 INFO  storage.RaftStorageDirectory (RaftStorageDirectory.java:analyzeStorage(246)) - The storage directory /tmp/workdir/hadoop-ozone/integration-test/target/test-dir/MiniOzoneClusterImpl-1ab524e4-8b94-4416-883f-eb3cfaa6454f/datanode-6/data/ratis/e7542025-2384-4542-8a77-8ffc8dac8722 does not exist. Creating ...
2019-07-13 20:53:26,773 INFO  storage.RaftStorageDirectory (RaftStorageDirectory.java:tryLock(328)) - Lock on /tmp/workdir/hadoop-ozone/integration-test/target/test-dir/MiniOzoneClusterImpl-1ab524e4-8b94-4416-883f-eb3cfaa6454f/datanode-5/data/ratis/e7542025-2384-4542-8a77-8ffc8dac8722/in_use.lock acquired by nodename 12100@trunk-nightly-6qp7m-2461138711
2019-07-13 20:53:26,773 INFO  storage.RaftStorageDirectory (RaftStorageDirectory.java:tryLock(328)) - Lock on /tmp/workdir/hadoop-ozone/integration-test/target/test-dir/MiniOzoneClusterImpl-1ab524e4-8b94-4416-883f-eb3cfaa6454f/datanode-2/data/ratis/e7542025-2384-4542-8a77-8ffc8dac8722/in_use.lock acquired by nodename 12100@trunk-nightly-6qp7m-2461138711
2019-07-13 20:53:26,773 INFO  storage.RaftStorageDirectory (RaftStorageDirectory.java:tryLock(328)) - Lock on /tmp/workdir/hadoop-ozone/integration-test/target/test-dir/MiniOzoneClusterImpl-1ab524e4-8b94-4416-883f-eb3cfaa6454f/datanode-6/data/ratis/e7542025-2384-4542-8a77-8ffc8dac8722/in_use.lock acquired by nodename 12100@trunk-nightly-6qp7m-2461138711
2019-07-13 20:53:26,785 INFO  storage.RaftStorage (RaftStorage.java:format(72)) - Storage directory /tmp/workdir/hadoop-ozone/integration-test/target/test-dir/MiniOzoneClusterImpl-1ab524e4-8b94-4416-883f-eb3cfaa6454f/datanode-5/data/ratis/e7542025-2384-4542-8a77-8ffc8dac8722 has been successfully formatted.
2019-07-13 20:53:26,785 INFO  storage.RaftStorage (RaftStorage.java:format(72)) - Storage directory /tmp/workdir/hadoop-ozone/integration-test/target/test-dir/MiniOzoneClusterImpl-1ab524e4-8b94-4416-883f-eb3cfaa6454f/datanode-6/data/ratis/e7542025-2384-4542-8a77-8ffc8dac8722 has been successfully formatted.
2019-07-13 20:53:26,785 INFO  storage.RaftStorage (RaftStorage.java:format(72)) - Storage directory /tmp/workdir/hadoop-ozone/integration-test/target/test-dir/MiniOzoneClusterImpl-1ab524e4-8b94-4416-883f-eb3cfaa6454f/datanode-2/data/ratis/e7542025-2384-4542-8a77-8ffc8dac8722 has been successfully formatted.
2019-07-13 20:53:26,786 INFO  ratis.ContainerStateMachine (ContainerStateMachine.java:loadSnapshot(200)) - The snapshot info is null.Setting the last applied index to:(t:0, i:~)
2019-07-13 20:53:26,786 INFO  ratis.ContainerStateMachine (ContainerStateMachine.java:loadSnapshot(200)) - The snapshot info is null.Setting the last applied index to:(t:0, i:~)
2019-07-13 20:53:26,786 INFO  server.RaftServerConfigKeys (ConfUtils.java:logGet(43)) - raft.server.leader.election.timeout = 120s (custom)
2019-07-13 20:53:26,786 INFO  ratis.ContainerStateMachine (ContainerStateMachine.java:loadSnapshot(200)) - The snapshot info is null.Setting the last applied index to:(t:0, i:~)
2019-07-13 20:53:26,786 INFO  server.RaftServerConfigKeys (ConfUtils.java:logGet(43)) - raft.server.log.use.memory = false (default)
2019-07-13 20:53:26,786 INFO  server.RaftServerConfigKeys (ConfUtils.java:logGet(43)) - raft.server.leader.election.timeout = 120s (custom)
2019-07-13 20:53:26,787 INFO  server.RaftServerConfigKeys (ConfUtils.java:logGet(43)) - raft.server.log.purge.gap = 1000000000 (custom)
2019-07-13 20:53:26,787 INFO  server.RaftServerConfigKeys (ConfUtils.java:logGet(43)) - raft.server.leader.election.timeout = 120s (custom)
2019-07-13 20:53:26,787 INFO  server.RaftServerConfigKeys (ConfUtils.java:logGet(43)) - raft.server.log.appender.buffer.byte-limit = 33554432 (custom)
2019-07-13 20:53:26,787 INFO  server.RaftServerConfigKeys (ConfUtils.java:logGet(43)) - raft.server.log.use.memory = false (default)
2019-07-13 20:53:26,787 INFO  server.RaftServerConfigKeys (ConfUtils.java:logGet(43)) - raft.server.log.segment.size.max = 1048576 (custom)
2019-07-13 20:53:26,787 INFO  server.RaftServerConfigKeys (ConfUtils.java:logGet(43)) - raft.server.log.use.memory = false (default)
2019-07-13 20:53:26,788 INFO  server.RaftServerConfigKeys (ConfUtils.java:logGet(43)) - raft.server.log.segment.cache.num.max = 2 (custom)
2019-07-13 20:53:26,787 INFO  server.RaftServerConfigKeys (ConfUtils.java:logGet(43)) - raft.server.log.purge.gap = 1000000000 (custom)
2019-07-13 20:53:26,788 INFO  segmented.SegmentedRaftLogWorker (SegmentedRaftLogWorker.java:<init>(172)) - new 62121b6c-f658-49f8-8f7f-7d79aebe6ec2-SegmentedRaftLogWorker:Storage Directory /tmp/workdir/hadoop-ozone/integration-test/target/test-dir/MiniOzoneClusterImpl-1ab524e4-8b94-4416-883f-eb3cfaa6454f/datanode-6/data/ratis/e7542025-2384-4542-8a77-8ffc8dac8722 for RaftStorage:Storage Directory /tmp/workdir/hadoop-ozone/integration-test/target/test-dir/MiniOzoneClusterImpl-1ab524e4-8b94-4416-883f-eb3cfaa6454f/datanode-6/data/ratis/e7542025-2384-4542-8a77-8ffc8dac8722
2019-07-13 20:53:26,788 INFO  server.RaftServerConfigKeys (ConfUtils.java:logGet(43)) - raft.server.log.purge.gap = 1000000000 (custom)
2019-07-13 20:53:26,788 INFO  server.RaftServerConfigKeys (ConfUtils.java:logGet(43)) - raft.server.log.queue.byte-limit = 2147483647 (custom)
2019-07-13 20:53:26,788 INFO  server.RaftServerConfigKeys (ConfUtils.java:logGet(43)) - raft.server.log.appender.buffer.byte-limit = 33554432 (custom)
2019-07-13 20:53:26,790 INFO  server.RaftServerConfigKeys (ConfUtils.java:logGet(43)) - raft.server.log.queue.element-limit = 1024 (custom)
2019-07-13 20:53:26,788 INFO  server.RaftServerConfigKeys (ConfUtils.java:logGet(43)) - raft.server.log.appender.buffer.byte-limit = 33554432 (custom)
2019-07-13 20:53:26,791 INFO  server.RaftServerConfigKeys (ConfUtils.java:logGet(43)) - raft.server.log.segment.size.max = 1048576 (custom)
2019-07-13 20:53:26,790 INFO  server.RaftServerConfigKeys (ConfUtils.java:logGet(43)) - raft.server.log.segment.size.max = 1048576 (custom)
2019-07-13 20:53:26,791 INFO  server.RaftServerConfigKeys (ConfUtils.java:logGet(43)) - raft.server.log.preallocated.size = 16384 (custom)
2019-07-13 20:53:26,791 INFO  server.RaftServerConfigKeys (ConfUtils.java:logGet(43)) - raft.server.log.segment.size.max = 1048576 (custom)
2019-07-13 20:53:26,791 INFO  server.RaftServerConfigKeys (ConfUtils.java:logGet(43)) - raft.server.log.write.buffer.size = 33554432 (custom)
2019-07-13 20:53:26,791 INFO  server.RaftServerConfigKeys (ConfUtils.java:logGet(43)) - raft.server.log.segment.cache.num.max = 2 (custom)
2019-07-13 20:53:26,792 INFO  server.RaftServerConfigKeys (ConfUtils.java:logGet(43)) - raft.server.log.force.sync.num = 128 (default)
2019-07-13 20:53:26,791 INFO  server.RaftServerConfigKeys (ConfUtils.java:logGet(43)) - raft.server.log.segment.cache.num.max = 2 (custom)
2019-07-13 20:53:26,792 INFO  server.RaftServerConfigKeys (ConfUtils.java:logGet(43)) - raft.server.log.statemachine.data.sync = true (default)
2019-07-13 20:53:26,792 INFO  segmented.SegmentedRaftLogWorker (SegmentedRaftLogWorker.java:<init>(172)) - new 3d22177d-605d-4638-aa04-41b506e5e6ef-SegmentedRaftLogWorker:Storage Directory /tmp/workdir/hadoop-ozone/integration-test/target/test-dir/MiniOzoneClusterImpl-1ab524e4-8b94-4416-883f-eb3cfaa6454f/datanode-5/data/ratis/e7542025-2384-4542-8a77-8ffc8dac8722 for RaftStorage:Storage Directory /tmp/workdir/hadoop-ozone/integration-test/target/test-dir/MiniOzoneClusterImpl-1ab524e4-8b94-4416-883f-eb3cfaa6454f/datanode-5/data/ratis/e7542025-2384-4542-8a77-8ffc8dac8722
2019-07-13 20:53:26,792 INFO  server.RaftServerConfigKeys (ConfUtils.java:logGet(43)) - raft.server.log.statemachine.data.sync.timeout = 10s (default)
2019-07-13 20:53:26,792 INFO  segmented.SegmentedRaftLogWorker (SegmentedRaftLogWorker.java:<init>(172)) - new 0fed1087-15d2-4879-9faa-ad4f57cb19ae-SegmentedRaftLogWorker:Storage Directory /tmp/workdir/hadoop-ozone/integration-test/target/test-dir/MiniOzoneClusterImpl-1ab524e4-8b94-4416-883f-eb3cfaa6454f/datanode-2/data/ratis/e7542025-2384-4542-8a77-8ffc8dac8722 for RaftStorage:Storage Directory /tmp/workdir/hadoop-ozone/integration-test/target/test-dir/MiniOzoneClusterImpl-1ab524e4-8b94-4416-883f-eb3cfaa6454f/datanode-2/data/ratis/e7542025-2384-4542-8a77-8ffc8dac8722
2019-07-13 20:53:26,792 INFO  server.RaftServerConfigKeys (ConfUtils.java:logGet(43)) - raft.server.log.statemachine.data.sync.timeout.retry = -1 (default)
2019-07-13 20:53:26,792 INFO  server.RaftServerConfigKeys (ConfUtils.java:logGet(43)) - raft.server.log.queue.byte-limit = 2147483647 (custom)
2019-07-13 20:53:26,796 INFO  server.RaftServerConfigKeys (ConfUtils.java:logGet(43)) - raft.server.log.statemachine.data.caching.enabled = true (custom)
2019-07-13 20:53:26,794 INFO  server.RaftServerConfigKeys (ConfUtils.java:logGet(43)) - raft.server.log.queue.byte-limit = 2147483647 (custom)
2019-07-13 20:53:26,796 INFO  server.RaftServerConfigKeys (ConfUtils.java:logGet(43)) - raft.server.log.queue.element-limit = 1024 (custom)
2019-07-13 20:53:26,796 INFO  server.RaftServerConfigKeys (ConfUtils.java:logGet(43)) - raft.server.log.queue.element-limit = 1024 (custom)
2019-07-13 20:53:26,796 INFO  segmented.SegmentedRaftLogWorker (SegmentedRaftLogWorker.java:lambda$new$0(132)) - 62121b6c-f658-49f8-8f7f-7d79aebe6ec2-SegmentedRaftLogWorker:Storage Directory /tmp/workdir/hadoop-ozone/integration-test/target/test-dir/MiniOzoneClusterImpl-1ab524e4-8b94-4416-883f-eb3cfaa6454f/datanode-6/data/ratis/e7542025-2384-4542-8a77-8ffc8dac8722: flushIndex: setUnconditionally 0 -> -1
2019-07-13 20:53:26,797 INFO  server.RaftServerConfigKeys (ConfUtils.java:logGet(43)) - raft.server.log.segment.size.max = 1048576 (custom)
2019-07-13 20:53:26,797 INFO  server.RaftServerConfigKeys (ConfUtils.java:logGet(43)) - raft.server.log.segment.size.max = 1048576 (custom)
2019-07-13 20:53:26,797 INFO  server.RaftServerConfigKeys (ConfUtils.java:logGet(43)) - raft.server.log.preallocated.size = 16384 (custom)
2019-07-13 20:53:26,797 INFO  server.RaftServerConfigKeys (ConfUtils.java:logGet(43)) - raft.server.snapshot.auto.trigger.enabled = true (custom)
2019-07-13 20:53:26,797 INFO  server.RaftServerConfigKeys (ConfUtils.java:logGet(43)) - raft.server.log.write.buffer.size = 33554432 (custom)
2019-07-13 20:53:26,797 INFO  server.RaftServerConfigKeys (ConfUtils.java:logGet(43)) - raft.server.log.preallocated.size = 16384 (custom)
2019-07-13 20:53:26,798 INFO  server.RaftServerConfigKeys (ConfUtils.java:logGet(43)) - raft.server.log.force.sync.num = 128 (default)
2019-07-13 20:53:26,798 INFO  server.RaftServerConfigKeys (ConfUtils.java:logGet(43)) - raft.server.snapshot.auto.trigger.threshold = 10000 (custom)
2019-07-13 20:53:26,798 INFO  server.RaftServerConfigKeys (ConfUtils.java:logGet(43)) - raft.server.log.statemachine.data.sync = true (default)
2019-07-13 20:53:26,798 INFO  server.RaftServerConfigKeys (ConfUtils.java:logGet(43)) - raft.server.log.write.buffer.size = 33554432 (custom)
2019-07-13 20:53:26,798 INFO  server.RaftServerConfigKeys (ConfUtils.java:logGet(43)) - raft.server.log.statemachine.data.sync.timeout = 10s (default)
2019-07-13 20:53:26,798 INFO  server.RaftServerConfigKeys (ConfUtils.java:logGet(43)) - raft.server.retrycache.expirytime = 600000ms (custom)
2019-07-13 20:53:26,799 INFO  server.RaftServerConfigKeys (ConfUtils.java:logGet(43)) - raft.server.log.statemachine.data.sync.timeout.retry = -1 (default)
2019-07-13 20:53:26,799 INFO  server.RaftServerConfigKeys (ConfUtils.java:logGet(43)) - raft.server.log.force.sync.num = 128 (default)
2019-07-13 20:53:26,799 INFO  impl.RaftServerImpl (RaftServerImpl.java:start(180)) - 62121b6c-f658-49f8-8f7f-7d79aebe6ec2: start group-8FFC8DAC8722
2019-07-13 20:53:26,799 INFO  server.RaftServerConfigKeys (ConfUtils.java:logGet(43)) - raft.server.log.statemachine.data.caching.enabled = true (custom)
2019-07-13 20:53:26,799 INFO  server.RaftServerConfigKeys (ConfUtils.java:logGet(43)) - raft.server.log.statemachine.data.sync = true (default)
2019-07-13 20:53:26,799 INFO  impl.RaftServerImpl (RaftServerImpl.java:setRole(171)) - 62121b6c-f658-49f8-8f7f-7d79aebe6ec2:group-8FFC8DAC8722 changes role from null to FOLLOWER at term 0 for startAsFollower
2019-07-13 20:53:26,800 INFO  segmented.SegmentedRaftLogWorker (SegmentedRaftLogWorker.java:lambda$new$0(132)) - 0fed1087-15d2-4879-9faa-ad4f57cb19ae-SegmentedRaftLogWorker:Storage Directory /tmp/workdir/hadoop-ozone/integration-test/target/test-dir/MiniOzoneClusterImpl-1ab524e4-8b94-4416-883f-eb3cfaa6454f/datanode-2/data/ratis/e7542025-2384-4542-8a77-8ffc8dac8722: flushIndex: setUnconditionally 0 -> -1
2019-07-13 20:53:26,800 INFO  server.RaftServerConfigKeys (ConfUtils.java:logGet(43)) - raft.server.log.statemachine.data.sync.timeout = 10s (default)
2019-07-13 20:53:26,800 INFO  impl.RoleInfo (RoleInfo.java:updateAndGet(143)) - 62121b6c-f658-49f8-8f7f-7d79aebe6ec2: start FollowerState
2019-07-13 20:53:26,800 INFO  server.RaftServerConfigKeys (ConfUtils.java:logGet(43)) - raft.server.snapshot.auto.trigger.enabled = true (custom)
2019-07-13 20:53:26,800 INFO  server.RaftServerConfigKeys (ConfUtils.java:logGet(43)) - raft.server.log.statemachine.data.sync.timeout.retry = -1 (default)
2019-07-13 20:53:26,800 INFO  server.RaftServerConfigKeys (ConfUtils.java:logGet(43)) - raft.server.snapshot.auto.trigger.threshold = 10000 (custom)
2019-07-13 20:53:26,800 INFO  util.JmxRegister (JmxRegister.java:tryRegister(44)) - Successfully registered JMX Bean with object name Ratis:service=RaftServer,group=group-8FFC8DAC8722,id=62121b6c-f658-49f8-8f7f-7d79aebe6ec2
2019-07-13 20:53:26,800 INFO  server.RaftServerConfigKeys (ConfUtils.java:logGet(43)) - raft.server.log.statemachine.data.caching.enabled = true (custom)
2019-07-13 20:53:26,801 INFO  server.RaftServerConfigKeys (ConfUtils.java:logGet(43)) - raft.server.retrycache.expirytime = 600000ms (custom)
2019-07-13 20:53:26,801 INFO  segmented.SegmentedRaftLogWorker (SegmentedRaftLogWorker.java:lambda$new$0(132)) - 3d22177d-605d-4638-aa04-41b506e5e6ef-SegmentedRaftLogWorker:Storage Directory /tmp/workdir/hadoop-ozone/integration-test/target/test-dir/MiniOzoneClusterImpl-1ab524e4-8b94-4416-883f-eb3cfaa6454f/datanode-5/data/ratis/e7542025-2384-4542-8a77-8ffc8dac8722: flushIndex: setUnconditionally 0 -> -1
2019-07-13 20:53:26,801 INFO  impl.RaftServerImpl (RaftServerImpl.java:start(180)) - 0fed1087-15d2-4879-9faa-ad4f57cb19ae: start group-8FFC8DAC8722
2019-07-13 20:53:26,801 INFO  impl.RaftServerImpl (RaftServerImpl.java:setRole(171)) - 0fed1087-15d2-4879-9faa-ad4f57cb19ae:group-8FFC8DAC8722 changes role from null to FOLLOWER at term 0 for startAsFollower
2019-07-13 20:53:26,801 INFO  server.RaftServerConfigKeys (ConfUtils.java:logGet(43)) - raft.server.snapshot.auto.trigger.enabled = true (custom)
2019-07-13 20:53:26,801 INFO  impl.RoleInfo (RoleInfo.java:updateAndGet(143)) - 0fed1087-15d2-4879-9faa-ad4f57cb19ae: start FollowerState
2019-07-13 20:53:26,801 INFO  server.RaftServerConfigKeys (ConfUtils.java:logGet(43)) - raft.server.snapshot.auto.trigger.threshold = 10000 (custom)
2019-07-13 20:53:26,802 INFO  server.RaftServerConfigKeys (ConfUtils.java:logGet(43)) - raft.server.retrycache.expirytime = 600000ms (custom)
2019-07-13 20:53:26,802 INFO  impl.RaftServerImpl (RaftServerImpl.java:start(180)) - 3d22177d-605d-4638-aa04-41b506e5e6ef: start group-8FFC8DAC8722
2019-07-13 20:53:26,802 INFO  util.JmxRegister (JmxRegister.java:tryRegister(44)) - Successfully registered JMX Bean with object name Ratis:service=RaftServer,group=group-8FFC8DAC8722,id=0fed1087-15d2-4879-9faa-ad4f57cb19ae
2019-07-13 20:53:26,802 INFO  impl.RaftServerImpl (RaftServerImpl.java:setRole(171)) - 3d22177d-605d-4638-aa04-41b506e5e6ef:group-8FFC8DAC8722 changes role from null to FOLLOWER at term 0 for startAsFollower
2019-07-13 20:53:26,802 INFO  impl.RoleInfo (RoleInfo.java:updateAndGet(143)) - 3d22177d-605d-4638-aa04-41b506e5e6ef: start FollowerState
2019-07-13 20:53:26,803 INFO  util.JmxRegister (JmxRegister.java:tryRegister(44)) - Successfully registered JMX Bean with object name Ratis:service=RaftServer,group=group-8FFC8DAC8722,id=3d22177d-605d-4638-aa04-41b506e5e6ef
2019-07-13 20:53:26,824 INFO  pipeline.PipelineStateManager (PipelineStateManager.java:addPipeline(56)) - Created pipeline Pipeline[ Id: e7542025-2384-4542-8a77-8ffc8dac8722, Nodes: 0fed1087-15d2-4879-9faa-ad4f57cb19ae{ip: 192.168.5.168, host: trunk-nightly-6qp7m-2461138711, networkLocation: /default-rack, certSerialId: null}3d22177d-605d-4638-aa04-41b506e5e6ef{ip: 192.168.5.168, host: trunk-nightly-6qp7m-2461138711, networkLocation: /default-rack, certSerialId: null}62121b6c-f658-49f8-8f7f-7d79aebe6ec2{ip: 192.168.5.168, host: trunk-nightly-6qp7m-2461138711, networkLocation: /default-rack, certSerialId: null}, Type:RATIS, Factor:THREE, State:OPEN]
2019-07-13 20:53:26,860 INFO  impl.RaftServerProxy (RaftServerProxy.java:addNew(89)) - ce825884-2075-49ff-9409-9d7b191e36bd: addNew group-76EBAC406C40:[b21e3032-627d-46ac-b88e-fdc5f8b56f2f:192.168.5.168:38077, 88407b66-6843-4748-95c3-9b69e6f4e794:192.168.5.168:40478, ce825884-2075-49ff-9409-9d7b191e36bd:192.168.5.168:33543] returns group-76EBAC406C40:java.util.concurrent.CompletableFuture@587e3c0d[Not completed]
2019-07-13 20:53:26,860 INFO  impl.RaftServerProxy (RaftServerProxy.java:addNew(89)) - b21e3032-627d-46ac-b88e-fdc5f8b56f2f: addNew group-76EBAC406C40:[b21e3032-627d-46ac-b88e-fdc5f8b56f2f:192.168.5.168:38077, 88407b66-6843-4748-95c3-9b69e6f4e794:192.168.5.168:40478, ce825884-2075-49ff-9409-9d7b191e36bd:192.168.5.168:33543] returns group-76EBAC406C40:java.util.concurrent.CompletableFuture@4231638d[Not completed]
2019-07-13 20:53:26,860 INFO  impl.RaftServerProxy (RaftServerProxy.java:addNew(89)) - 88407b66-6843-4748-95c3-9b69e6f4e794: addNew group-76EBAC406C40:[b21e3032-627d-46ac-b88e-fdc5f8b56f2f:192.168.5.168:38077, 88407b66-6843-4748-95c3-9b69e6f4e794:192.168.5.168:40478, ce825884-2075-49ff-9409-9d7b191e36bd:192.168.5.168:33543] returns group-76EBAC406C40:java.util.concurrent.CompletableFuture@5696559d[Not completed]
2019-07-13 20:53:26,863 INFO  impl.RaftServerImpl (RaftServerImpl.java:<init>(93)) - ce825884-2075-49ff-9409-9d7b191e36bd: new RaftServerImpl for group-76EBAC406C40:[b21e3032-627d-46ac-b88e-fdc5f8b56f2f:192.168.5.168:38077, 88407b66-6843-4748-95c3-9b69e6f4e794:192.168.5.168:40478, ce825884-2075-49ff-9409-9d7b191e36bd:192.168.5.168:33543] with ContainerStateMachine:uninitialized
2019-07-13 20:53:26,864 INFO  server.RaftServerConfigKeys (ConfUtils.java:logGet(43)) - raft.server.rpc.timeout.min = 5s (custom)
2019-07-13 20:53:26,864 INFO  server.RaftServerConfigKeys (ConfUtils.java:logGet(43)) - raft.server.rpc.timeout.max = 5200ms (custom)
2019-07-13 20:53:26,864 INFO  server.RaftServerConfigKeys (ConfUtils.java:logGet(43)) - raft.server.rpcslowness.timeout = 120s (custom)
2019-07-13 20:53:26,864 INFO  server.RaftServerConfigKeys (ConfUtils.java:logGet(43)) - raft.server.sleep.deviation.threshold = 300 (default)
2019-07-13 20:53:26,864 INFO  server.RaftServerConfigKeys (ConfUtils.java:logGet(43)) - raft.server.log.appender.install.snapshot.enabled = false (custom)
2019-07-13 20:53:26,864 INFO  impl.RaftServerImpl (ServerState.java:<init>(105)) - ce825884-2075-49ff-9409-9d7b191e36bd:group-76EBAC406C40 ConfigurationManager, init=-1: [b21e3032-627d-46ac-b88e-fdc5f8b56f2f:192.168.5.168:38077, 88407b66-6843-4748-95c3-9b69e6f4e794:192.168.5.168:40478, ce825884-2075-49ff-9409-9d7b191e36bd:192.168.5.168:33543], old=null, confs=<EMPTY_MAP>
2019-07-13 20:53:26,865 INFO  impl.RaftServerImpl (RaftServerImpl.java:<init>(93)) - 88407b66-6843-4748-95c3-9b69e6f4e794: new RaftServerImpl for group-76EBAC406C40:[b21e3032-627d-46ac-b88e-fdc5f8b56f2f:192.168.5.168:38077, 88407b66-6843-4748-95c3-9b69e6f4e794:192.168.5.168:40478, ce825884-2075-49ff-9409-9d7b191e36bd:192.168.5.168:33543] with ContainerStateMachine:uninitialized
2019-07-13 20:53:26,865 INFO  server.RaftServerConfigKeys (ConfUtils.java:logGet(43)) - raft.server.storage.dir = [/tmp/workdir/hadoop-ozone/integration-test/target/test-dir/MiniOzoneClusterImpl-1ab524e4-8b94-4416-883f-eb3cfaa6454f/datanode-0/data/ratis] (custom)
2019-07-13 20:53:26,865 INFO  server.RaftServerConfigKeys (ConfUtils.java:logGet(43)) - raft.server.rpc.timeout.min = 5s (custom)
2019-07-13 20:53:26,865 INFO  server.RaftServerConfigKeys (ConfUtils.java:logGet(43)) - raft.server.rpc.timeout.max = 5200ms (custom)
2019-07-13 20:53:26,865 INFO  storage.RaftStorageDirectory (RaftStorageDirectory.java:analyzeStorage(246)) - The storage directory /tmp/workdir/hadoop-ozone/integration-test/target/test-dir/MiniOzoneClusterImpl-1ab524e4-8b94-4416-883f-eb3cfaa6454f/datanode-0/data/ratis/8920b91f-f4d7-47a8-8a58-76ebac406c40 does not exist. Creating ...
2019-07-13 20:53:26,865 INFO  server.RaftServerConfigKeys (ConfUtils.java:logGet(43)) - raft.server.rpcslowness.timeout = 120s (custom)
2019-07-13 20:53:26,866 INFO  impl.RaftServerImpl (RaftServerImpl.java:<init>(93)) - b21e3032-627d-46ac-b88e-fdc5f8b56f2f: new RaftServerImpl for group-76EBAC406C40:[b21e3032-627d-46ac-b88e-fdc5f8b56f2f:192.168.5.168:38077, 88407b66-6843-4748-95c3-9b69e6f4e794:192.168.5.168:40478, ce825884-2075-49ff-9409-9d7b191e36bd:192.168.5.168:33543] with ContainerStateMachine:uninitialized
2019-07-13 20:53:26,866 INFO  server.RaftServerConfigKeys (ConfUtils.java:logGet(43)) - raft.server.sleep.deviation.threshold = 300 (default)
2019-07-13 20:53:26,866 INFO  server.RaftServerConfigKeys (ConfUtils.java:logGet(43)) - raft.server.rpc.timeout.min = 5s (custom)
2019-07-13 20:53:26,866 INFO  server.RaftServerConfigKeys (ConfUtils.java:logGet(43)) - raft.server.log.appender.install.snapshot.enabled = false (custom)
2019-07-13 20:53:26,866 INFO  server.RaftServerConfigKeys (ConfUtils.java:logGet(43)) - raft.server.rpc.timeout.max = 5200ms (custom)
2019-07-13 20:53:26,866 INFO  impl.RaftServerImpl (ServerState.java:<init>(105)) - 88407b66-6843-4748-95c3-9b69e6f4e794:group-76EBAC406C40 ConfigurationManager, init=-1: [b21e3032-627d-46ac-b88e-fdc5f8b56f2f:192.168.5.168:38077, 88407b66-6843-4748-95c3-9b69e6f4e794:192.168.5.168:40478, ce825884-2075-49ff-9409-9d7b191e36bd:192.168.5.168:33543], old=null, confs=<EMPTY_MAP>
2019-07-13 20:53:26,867 INFO  server.RaftServerConfigKeys (ConfUtils.java:logGet(43)) - raft.server.rpcslowness.timeout = 120s (custom)
2019-07-13 20:53:26,867 INFO  server.RaftServerConfigKeys (ConfUtils.java:logGet(43)) - raft.server.storage.dir = [/tmp/workdir/hadoop-ozone/integration-test/target/test-dir/MiniOzoneClusterImpl-1ab524e4-8b94-4416-883f-eb3cfaa6454f/datanode-1/data/ratis] (custom)
2019-07-13 20:53:26,867 INFO  server.RaftServerConfigKeys (ConfUtils.java:logGet(43)) - raft.server.sleep.deviation.threshold = 300 (default)
2019-07-13 20:53:26,867 INFO  server.RaftServerConfigKeys (ConfUtils.java:logGet(43)) - raft.server.log.appender.install.snapshot.enabled = false (custom)
2019-07-13 20:53:26,867 INFO  storage.RaftStorageDirectory (RaftStorageDirectory.java:analyzeStorage(246)) - The storage directory /tmp/workdir/hadoop-ozone/integration-test/target/test-dir/MiniOzoneClusterImpl-1ab524e4-8b94-4416-883f-eb3cfaa6454f/datanode-1/data/ratis/8920b91f-f4d7-47a8-8a58-76ebac406c40 does not exist. Creating ...
2019-07-13 20:53:26,867 INFO  impl.RaftServerImpl (ServerState.java:<init>(105)) - b21e3032-627d-46ac-b88e-fdc5f8b56f2f:group-76EBAC406C40 ConfigurationManager, init=-1: [b21e3032-627d-46ac-b88e-fdc5f8b56f2f:192.168.5.168:38077, 88407b66-6843-4748-95c3-9b69e6f4e794:192.168.5.168:40478, ce825884-2075-49ff-9409-9d7b191e36bd:192.168.5.168:33543], old=null, confs=<EMPTY_MAP>
2019-07-13 20:53:26,868 INFO  server.RaftServerConfigKeys (ConfUtils.java:logGet(43)) - raft.server.storage.dir = [/tmp/workdir/hadoop-ozone/integration-test/target/test-dir/MiniOzoneClusterImpl-1ab524e4-8b94-4416-883f-eb3cfaa6454f/datanode-4/data/ratis] (custom)
2019-07-13 20:53:26,868 INFO  storage.RaftStorageDirectory (RaftStorageDirectory.java:analyzeStorage(246)) - The storage directory /tmp/workdir/hadoop-ozone/integration-test/target/test-dir/MiniOzoneClusterImpl-1ab524e4-8b94-4416-883f-eb3cfaa6454f/datanode-4/data/ratis/8920b91f-f4d7-47a8-8a58-76ebac406c40 does not exist. Creating ...
2019-07-13 20:53:26,873 INFO  storage.RaftStorageDirectory (RaftStorageDirectory.java:tryLock(328)) - Lock on /tmp/workdir/hadoop-ozone/integration-test/target/test-dir/MiniOzoneClusterImpl-1ab524e4-8b94-4416-883f-eb3cfaa6454f/datanode-4/data/ratis/8920b91f-f4d7-47a8-8a58-76ebac406c40/in_use.lock acquired by nodename 12100@trunk-nightly-6qp7m-2461138711
2019-07-13 20:53:26,873 INFO  storage.RaftStorageDirectory (RaftStorageDirectory.java:tryLock(328)) - Lock on /tmp/workdir/hadoop-ozone/integration-test/target/test-dir/MiniOzoneClusterImpl-1ab524e4-8b94-4416-883f-eb3cfaa6454f/datanode-0/data/ratis/8920b91f-f4d7-47a8-8a58-76ebac406c40/in_use.lock acquired by nodename 12100@trunk-nightly-6qp7m-2461138711
2019-07-13 20:53:26,873 INFO  storage.RaftStorageDirectory (RaftStorageDirectory.java:tryLock(328)) - Lock on /tmp/workdir/hadoop-ozone/integration-test/target/test-dir/MiniOzoneClusterImpl-1ab524e4-8b94-4416-883f-eb3cfaa6454f/datanode-1/data/ratis/8920b91f-f4d7-47a8-8a58-76ebac406c40/in_use.lock acquired by nodename 12100@trunk-nightly-6qp7m-2461138711
2019-07-13 20:53:26,877 INFO  storage.RaftStorage (RaftStorage.java:format(72)) - Storage directory /tmp/workdir/hadoop-ozone/integration-test/target/test-dir/MiniOzoneClusterImpl-1ab524e4-8b94-4416-883f-eb3cfaa6454f/datanode-0/data/ratis/8920b91f-f4d7-47a8-8a58-76ebac406c40 has been successfully formatted.
2019-07-13 20:53:26,877 INFO  storage.RaftStorage (RaftStorage.java:format(72)) - Storage directory /tmp/workdir/hadoop-ozone/integration-test/target/test-dir/MiniOzoneClusterImpl-1ab524e4-8b94-4416-883f-eb3cfaa6454f/datanode-1/data/ratis/8920b91f-f4d7-47a8-8a58-76ebac406c40 has been successfully formatted.
2019-07-13 20:53:26,877 INFO  storage.RaftStorage (RaftStorage.java:format(72)) - Storage directory /tmp/workdir/hadoop-ozone/integration-test/target/test-dir/MiniOzoneClusterImpl-1ab524e4-8b94-4416-883f-eb3cfaa6454f/datanode-4/data/ratis/8920b91f-f4d7-47a8-8a58-76ebac406c40 has been successfully formatted.
2019-07-13 20:53:26,878 INFO  ratis.ContainerStateMachine (ContainerStateMachine.java:loadSnapshot(200)) - The snapshot info is null.Setting the last applied index to:(t:0, i:~)
2019-07-13 20:53:26,878 INFO  ratis.ContainerStateMachine (ContainerStateMachine.java:loadSnapshot(200)) - The snapshot info is null.Setting the last applied index to:(t:0, i:~)
2019-07-13 20:53:26,878 INFO  server.RaftServerConfigKeys (ConfUtils.java:logGet(43)) - raft.server.leader.election.timeout = 120s (custom)
2019-07-13 20:53:26,878 INFO  ratis.ContainerStateMachine (ContainerStateMachine.java:loadSnapshot(200)) - The snapshot info is null.Setting the last applied index to:(t:0, i:~)
2019-07-13 20:53:26,878 INFO  server.RaftServerConfigKeys (ConfUtils.java:logGet(43)) - raft.server.log.use.memory = false (default)
2019-07-13 20:53:26,878 INFO  server.RaftServerConfigKeys (ConfUtils.java:logGet(43)) - raft.server.leader.election.timeout = 120s (custom)
2019-07-13 20:53:26,879 INFO  server.RaftServerConfigKeys (ConfUtils.java:logGet(43)) - raft.server.log.purge.gap = 1000000000 (custom)
2019-07-13 20:53:26,879 INFO  server.RaftServerConfigKeys (ConfUtils.java:logGet(43)) - raft.server.leader.election.timeout = 120s (custom)
2019-07-13 20:53:26,879 INFO  server.RaftServerConfigKeys (ConfUtils.java:logGet(43)) - raft.server.log.appender.buffer.byte-limit = 33554432 (custom)
2019-07-13 20:53:26,879 INFO  server.RaftServerConfigKeys (ConfUtils.java:logGet(43)) - raft.server.log.use.memory = false (default)
2019-07-13 20:53:26,879 INFO  server.RaftServerConfigKeys (ConfUtils.java:logGet(43)) - raft.server.log.segment.size.max = 1048576 (custom)
2019-07-13 20:53:26,879 INFO  server.RaftServerConfigKeys (ConfUtils.java:logGet(43)) - raft.server.log.use.memory = false (default)
2019-07-13 20:53:26,880 INFO  server.RaftServerConfigKeys (ConfUtils.java:logGet(43)) - raft.server.log.segment.cache.num.max = 2 (custom)
2019-07-13 20:53:26,880 INFO  server.RaftServerConfigKeys (ConfUtils.java:logGet(43)) - raft.server.log.purge.gap = 1000000000 (custom)
2019-07-13 20:53:26,880 INFO  segmented.SegmentedRaftLogWorker (SegmentedRaftLogWorker.java:<init>(172)) - new 88407b66-6843-4748-95c3-9b69e6f4e794-SegmentedRaftLogWorker:Storage Directory /tmp/workdir/hadoop-ozone/integration-test/target/test-dir/MiniOzoneClusterImpl-1ab524e4-8b94-4416-883f-eb3cfaa6454f/datanode-1/data/ratis/8920b91f-f4d7-47a8-8a58-76ebac406c40 for RaftStorage:Storage Directory /tmp/workdir/hadoop-ozone/integration-test/target/test-dir/MiniOzoneClusterImpl-1ab524e4-8b94-4416-883f-eb3cfaa6454f/datanode-1/data/ratis/8920b91f-f4d7-47a8-8a58-76ebac406c40
2019-07-13 20:53:26,880 INFO  server.RaftServerConfigKeys (ConfUtils.java:logGet(43)) - raft.server.log.purge.gap = 1000000000 (custom)
2019-07-13 20:53:26,881 INFO  server.RaftServerConfigKeys (ConfUtils.java:logGet(43)) - raft.server.log.queue.byte-limit = 2147483647 (custom)
2019-07-13 20:53:26,880 INFO  server.RaftServerConfigKeys (ConfUtils.java:logGet(43)) - raft.server.log.appender.buffer.byte-limit = 33554432 (custom)
2019-07-13 20:53:26,882 INFO  server.RaftServerConfigKeys (ConfUtils.java:logGet(43)) - raft.server.log.queue.element-limit = 1024 (custom)
2019-07-13 20:53:26,881 INFO  server.RaftServerConfigKeys (ConfUtils.java:logGet(43)) - raft.server.log.appender.buffer.byte-limit = 33554432 (custom)
2019-07-13 20:53:26,883 INFO  server.RaftServerConfigKeys (ConfUtils.java:logGet(43)) - raft.server.log.segment.size.max = 1048576 (custom)
2019-07-13 20:53:26,883 INFO  server.RaftServerConfigKeys (ConfUtils.java:logGet(43)) - raft.server.log.segment.size.max = 1048576 (custom)
2019-07-13 20:53:26,883 INFO  server.RaftServerConfigKeys (ConfUtils.java:logGet(43)) - raft.server.log.preallocated.size = 16384 (custom)
2019-07-13 20:53:26,883 INFO  server.RaftServerConfigKeys (ConfUtils.java:logGet(43)) - raft.server.log.segment.size.max = 1048576 (custom)
2019-07-13 20:53:26,883 INFO  server.RaftServerConfigKeys (ConfUtils.java:logGet(43)) - raft.server.log.write.buffer.size = 33554432 (custom)
2019-07-13 20:53:26,883 INFO  server.RaftServerConfigKeys (ConfUtils.java:logGet(43)) - raft.server.log.segment.cache.num.max = 2 (custom)
2019-07-13 20:53:26,884 INFO  server.RaftServerConfigKeys (ConfUtils.java:logGet(43)) - raft.server.log.force.sync.num = 128 (default)
2019-07-13 20:53:26,884 INFO  server.RaftServerConfigKeys (ConfUtils.java:logGet(43)) - raft.server.log.statemachine.data.sync = true (default)
2019-07-13 20:53:26,884 INFO  server.RaftServerConfigKeys (ConfUtils.java:logGet(43)) - raft.server.log.segment.cache.num.max = 2 (custom)
2019-07-13 20:53:26,884 INFO  server.RaftServerConfigKeys (ConfUtils.java:logGet(43)) - raft.server.log.statemachine.data.sync.timeout = 10s (default)
2019-07-13 20:53:26,884 INFO  segmented.SegmentedRaftLogWorker (SegmentedRaftLogWorker.java:<init>(172)) - new ce825884-2075-49ff-9409-9d7b191e36bd-SegmentedRaftLogWorker:Storage Directory /tmp/workdir/hadoop-ozone/integration-test/target/test-dir/MiniOzoneClusterImpl-1ab524e4-8b94-4416-883f-eb3cfaa6454f/datanode-0/data/ratis/8920b91f-f4d7-47a8-8a58-76ebac406c40 for RaftStorage:Storage Directory /tmp/workdir/hadoop-ozone/integration-test/target/test-dir/MiniOzoneClusterImpl-1ab524e4-8b94-4416-883f-eb3cfaa6454f/datanode-0/data/ratis/8920b91f-f4d7-47a8-8a58-76ebac406c40
2019-07-13 20:53:26,885 INFO  server.RaftServerConfigKeys (ConfUtils.java:logGet(43)) - raft.server.log.statemachine.data.sync.timeout.retry = -1 (default)
2019-07-13 20:53:26,884 INFO  segmented.SegmentedRaftLogWorker (SegmentedRaftLogWorker.java:<init>(172)) - new b21e3032-627d-46ac-b88e-fdc5f8b56f2f-SegmentedRaftLogWorker:Storage Directory /tmp/workdir/hadoop-ozone/integration-test/target/test-dir/MiniOzoneClusterImpl-1ab524e4-8b94-4416-883f-eb3cfaa6454f/datanode-4/data/ratis/8920b91f-f4d7-47a8-8a58-76ebac406c40 for RaftStorage:Storage Directory /tmp/workdir/hadoop-ozone/integration-test/target/test-dir/MiniOzoneClusterImpl-1ab524e4-8b94-4416-883f-eb3cfaa6454f/datanode-4/data/ratis/8920b91f-f4d7-47a8-8a58-76ebac406c40
2019-07-13 20:53:26,886 INFO  server.RaftServerConfigKeys (ConfUtils.java:logGet(43)) - raft.server.log.statemachine.data.caching.enabled = true (custom)
2019-07-13 20:53:26,885 INFO  server.RaftServerConfigKeys (ConfUtils.java:logGet(43)) - raft.server.log.queue.byte-limit = 2147483647 (custom)
2019-07-13 20:53:26,888 INFO  segmented.SegmentedRaftLogWorker (SegmentedRaftLogWorker.java:lambda$new$0(132)) - 88407b66-6843-4748-95c3-9b69e6f4e794-SegmentedRaftLogWorker:Storage Directory /tmp/workdir/hadoop-ozone/integration-test/target/test-dir/MiniOzoneClusterImpl-1ab524e4-8b94-4416-883f-eb3cfaa6454f/datanode-1/data/ratis/8920b91f-f4d7-47a8-8a58-76ebac406c40: flushIndex: setUnconditionally 0 -> -1
2019-07-13 20:53:26,888 INFO  server.RaftServerConfigKeys (ConfUtils.java:logGet(43)) - raft.server.log.queue.element-limit = 1024 (custom)
2019-07-13 20:53:26,889 INFO  server.RaftServerConfigKeys (ConfUtils.java:logGet(43)) - raft.server.snapshot.auto.trigger.enabled = true (custom)
2019-07-13 20:53:26,887 INFO  server.RaftServerConfigKeys (ConfUtils.java:logGet(43)) - raft.server.log.queue.byte-limit = 2147483647 (custom)
2019-07-13 20:53:26,889 INFO  server.RaftServerConfigKeys (ConfUtils.java:logGet(43)) - raft.server.snapshot.auto.trigger.threshold = 10000 (custom)
2019-07-13 20:53:26,889 INFO  server.RaftServerConfigKeys (ConfUtils.java:logGet(43)) - raft.server.log.segment.size.max = 1048576 (custom)
2019-07-13 20:53:26,889 INFO  server.RaftServerConfigKeys (ConfUtils.java:logGet(43)) - raft.server.retrycache.expirytime = 600000ms (custom)
2019-07-13 20:53:26,889 INFO  server.RaftServerConfigKeys (ConfUtils.java:logGet(43)) - raft.server.log.queue.element-limit = 1024 (custom)
2019-07-13 20:53:26,890 INFO  impl.RaftServerImpl (RaftServerImpl.java:start(180)) - 88407b66-6843-4748-95c3-9b69e6f4e794: start group-76EBAC406C40
2019-07-13 20:53:26,890 INFO  server.RaftServerConfigKeys (ConfUtils.java:logGet(43)) - raft.server.log.segment.size.max = 1048576 (custom)
2019-07-13 20:53:26,889 INFO  server.RaftServerConfigKeys (ConfUtils.java:logGet(43)) - raft.server.log.preallocated.size = 16384 (custom)
2019-07-13 20:53:26,890 INFO  server.RaftServerConfigKeys (ConfUtils.java:logGet(43)) - raft.server.log.preallocated.size = 16384 (custom)
2019-07-13 20:53:26,890 INFO  impl.RaftServerImpl (RaftServerImpl.java:setRole(171)) - 88407b66-6843-4748-95c3-9b69e6f4e794:group-76EBAC406C40 changes role from null to FOLLOWER at term 0 for startAsFollower
2019-07-13 20:53:26,890 INFO  server.RaftServerConfigKeys (ConfUtils.java:logGet(43)) - raft.server.log.write.buffer.size = 33554432 (custom)
2019-07-13 20:53:26,891 INFO  server.RaftServerConfigKeys (ConfUtils.java:logGet(43)) - raft.server.log.force.sync.num = 128 (default)
2019-07-13 20:53:26,890 INFO  server.RaftServerConfigKeys (ConfUtils.java:logGet(43)) - raft.server.log.write.buffer.size = 33554432 (custom)
2019-07-13 20:53:26,891 INFO  server.RaftServerConfigKeys (ConfUtils.java:logGet(43)) - raft.server.log.statemachine.data.sync = true (default)
2019-07-13 20:53:26,890 INFO  impl.RoleInfo (RoleInfo.java:updateAndGet(143)) - 88407b66-6843-4748-95c3-9b69e6f4e794: start FollowerState
2019-07-13 20:53:26,891 INFO  server.RaftServerConfigKeys (ConfUtils.java:logGet(43)) - raft.server.log.statemachine.data.sync.timeout = 10s (default)
2019-07-13 20:53:26,891 INFO  server.RaftServerConfigKeys (ConfUtils.java:logGet(43)) - raft.server.log.statemachine.data.sync.timeout.retry = -1 (default)
2019-07-13 20:53:26,891 INFO  server.RaftServerConfigKeys (ConfUtils.java:logGet(43)) - raft.server.log.force.sync.num = 128 (default)
2019-07-13 20:53:26,892 INFO  server.RaftServerConfigKeys (ConfUtils.java:logGet(43)) - raft.server.log.statemachine.data.caching.enabled = true (custom)
2019-07-13 20:53:26,892 INFO  util.JmxRegister (JmxRegister.java:tryRegister(44)) - Successfully registered JMX Bean with object name Ratis:service=RaftServer,group=group-76EBAC406C40,id=88407b66-6843-4748-95c3-9b69e6f4e794
2019-07-13 20:53:26,892 INFO  server.RaftServerConfigKeys (ConfUtils.java:logGet(43)) - raft.server.log.statemachine.data.sync = true (default)
2019-07-13 20:53:26,892 INFO  segmented.SegmentedRaftLogWorker (SegmentedRaftLogWorker.java:lambda$new$0(132)) - b21e3032-627d-46ac-b88e-fdc5f8b56f2f-SegmentedRaftLogWorker:Storage Directory /tmp/workdir/hadoop-ozone/integration-test/target/test-dir/MiniOzoneClusterImpl-1ab524e4-8b94-4416-883f-eb3cfaa6454f/datanode-4/data/ratis/8920b91f-f4d7-47a8-8a58-76ebac406c40: flushIndex: setUnconditionally 0 -> -1
2019-07-13 20:53:26,892 INFO  server.RaftServerConfigKeys (ConfUtils.java:logGet(43)) - raft.server.log.statemachine.data.sync.timeout = 10s (default)
2019-07-13 20:53:26,893 INFO  server.RaftServerConfigKeys (ConfUtils.java:logGet(43)) - raft.server.log.statemachine.data.sync.timeout.retry = -1 (default)
2019-07-13 20:53:26,893 INFO  server.RaftServerConfigKeys (ConfUtils.java:logGet(43)) - raft.server.snapshot.auto.trigger.enabled = true (custom)
2019-07-13 20:53:26,893 INFO  server.RaftServerConfigKeys (ConfUtils.java:logGet(43)) - raft.server.log.statemachine.data.caching.enabled = true (custom)
2019-07-13 20:53:26,893 INFO  server.RaftServerConfigKeys (ConfUtils.java:logGet(43)) - raft.server.snapshot.auto.trigger.threshold = 10000 (custom)
2019-07-13 20:53:26,893 INFO  segmented.SegmentedRaftLogWorker (SegmentedRaftLogWorker.java:lambda$new$0(132)) - ce825884-2075-49ff-9409-9d7b191e36bd-SegmentedRaftLogWorker:Storage Directory /tmp/workdir/hadoop-ozone/integration-test/target/test-dir/MiniOzoneClusterImpl-1ab524e4-8b94-4416-883f-eb3cfaa6454f/datanode-0/data/ratis/8920b91f-f4d7-47a8-8a58-76ebac406c40: flushIndex: setUnconditionally 0 -> -1
2019-07-13 20:53:26,893 INFO  server.RaftServerConfigKeys (ConfUtils.java:logGet(43)) - raft.server.retrycache.expirytime = 600000ms (custom)
2019-07-13 20:53:26,894 INFO  server.RaftServerConfigKeys (ConfUtils.java:logGet(43)) - raft.server.snapshot.auto.trigger.enabled = true (custom)
2019-07-13 20:53:26,894 INFO  impl.RaftServerImpl (RaftServerImpl.java:start(180)) - b21e3032-627d-46ac-b88e-fdc5f8b56f2f: start group-76EBAC406C40
2019-07-13 20:53:26,894 INFO  server.RaftServerConfigKeys (ConfUtils.java:logGet(43)) - raft.server.snapshot.auto.trigger.threshold = 10000 (custom)
2019-07-13 20:53:26,895 INFO  impl.RaftServerImpl (RaftServerImpl.java:setRole(171)) - b21e3032-627d-46ac-b88e-fdc5f8b56f2f:group-76EBAC406C40 changes role from null to FOLLOWER at term 0 for startAsFollower
2019-07-13 20:53:26,896 INFO  server.RaftServerConfigKeys (ConfUtils.java:logGet(43)) - raft.server.retrycache.expirytime = 600000ms (custom)
2019-07-13 20:53:26,896 INFO  impl.RoleInfo (RoleInfo.java:updateAndGet(143)) - b21e3032-627d-46ac-b88e-fdc5f8b56f2f: start FollowerState
2019-07-13 20:53:26,896 INFO  impl.RaftServerImpl (RaftServerImpl.java:start(180)) - ce825884-2075-49ff-9409-9d7b191e36bd: start group-76EBAC406C40
2019-07-13 20:53:26,897 INFO  impl.RaftServerImpl (RaftServerImpl.java:setRole(171)) - ce825884-2075-49ff-9409-9d7b191e36bd:group-76EBAC406C40 changes role from null to FOLLOWER at term 0 for startAsFollower
2019-07-13 20:53:26,899 INFO  impl.RoleInfo (RoleInfo.java:updateAndGet(143)) - ce825884-2075-49ff-9409-9d7b191e36bd: start FollowerState
2019-07-13 20:53:26,899 INFO  util.JmxRegister (JmxRegister.java:tryRegister(44)) - Successfully registered JMX Bean with object name Ratis:service=RaftServer,group=group-76EBAC406C40,id=b21e3032-627d-46ac-b88e-fdc5f8b56f2f
2019-07-13 20:53:26,901 INFO  util.JmxRegister (JmxRegister.java:tryRegister(44)) - Successfully registered JMX Bean with object name Ratis:service=RaftServer,group=group-76EBAC406C40,id=ce825884-2075-49ff-9409-9d7b191e36bd
2019-07-13 20:53:26,915 INFO  pipeline.PipelineStateManager (PipelineStateManager.java:addPipeline(56)) - Created pipeline Pipeline[ Id: 8920b91f-f4d7-47a8-8a58-76ebac406c40, Nodes: 88407b66-6843-4748-95c3-9b69e6f4e794{ip: 192.168.5.168, host: trunk-nightly-6qp7m-2461138711, networkLocation: /default-rack, certSerialId: null}b21e3032-627d-46ac-b88e-fdc5f8b56f2f{ip: 192.168.5.168, host: trunk-nightly-6qp7m-2461138711, networkLocation: /default-rack, certSerialId: null}ce825884-2075-49ff-9409-9d7b191e36bd{ip: 192.168.5.168, host: trunk-nightly-6qp7m-2461138711, networkLocation: /default-rack, certSerialId: null}, Type:RATIS, Factor:THREE, State:OPEN]
2019-07-13 20:53:27,105 INFO  client.GrpcClientProtocolClient (GrpcClientProtocolClient.java:onNext(255)) - client-8A9EC344A7FD->88407b66-6843-4748-95c3-9b69e6f4e794: receive RaftClientReply:client-8A9EC344A7FD->88407b66-6843-4748-95c3-9b69e6f4e794@group-76EBAC406C40, cid=13, FAILED org.apache.ratis.protocol.NotLeaderException: Server 88407b66-6843-4748-95c3-9b69e6f4e794 is not the leader (null). Request must be sent to leader., logIndex=0, commits[88407b66-6843-4748-95c3-9b69e6f4e794:c-1]
2019-07-13 20:53:27,986 INFO  container.ReplicationManager (ReplicationManager.java:start(155)) - Starting Replication Monitor Thread.
2019-07-13 20:53:27,993 INFO  container.ReplicationManager (ReplicationManager.java:run(207)) - Replication Monitor Thread took 4 milliseconds for processing 1 containers.
2019-07-13 20:53:28,155 INFO  client.GrpcClientProtocolClient (GrpcClientProtocolClient.java:onNext(255)) - client-8A9EC344A7FD->ce825884-2075-49ff-9409-9d7b191e36bd: receive RaftClientReply:client-8A9EC344A7FD->ce825884-2075-49ff-9409-9d7b191e36bd@group-76EBAC406C40, cid=13, FAILED org.apache.ratis.protocol.NotLeaderException: Server ce825884-2075-49ff-9409-9d7b191e36bd is not the leader (null). Request must be sent to leader., logIndex=0, commits[ce825884-2075-49ff-9409-9d7b191e36bd:c-1]
2019-07-13 20:53:29,185 INFO  client.GrpcClientProtocolClient (GrpcClientProtocolClient.java:onNext(255)) - client-8A9EC344A7FD->b21e3032-627d-46ac-b88e-fdc5f8b56f2f: receive RaftClientReply:client-8A9EC344A7FD->b21e3032-627d-46ac-b88e-fdc5f8b56f2f@group-76EBAC406C40, cid=13, FAILED org.apache.ratis.protocol.NotLeaderException: Server b21e3032-627d-46ac-b88e-fdc5f8b56f2f is not the leader (null). Request must be sent to leader., logIndex=0, commits[b21e3032-627d-46ac-b88e-fdc5f8b56f2f:c-1]
2019-07-13 20:53:30,209 INFO  client.GrpcClientProtocolClient (GrpcClientProtocolClient.java:onNext(255)) - client-8A9EC344A7FD->ce825884-2075-49ff-9409-9d7b191e36bd: receive RaftClientReply:client-8A9EC344A7FD->ce825884-2075-49ff-9409-9d7b191e36bd@group-76EBAC406C40, cid=13, FAILED org.apache.ratis.protocol.NotLeaderException: Server ce825884-2075-49ff-9409-9d7b191e36bd is not the leader (null). Request must be sent to leader., logIndex=0, commits[ce825884-2075-49ff-9409-9d7b191e36bd:c-1]
2019-07-13 20:53:31,236 INFO  client.GrpcClientProtocolClient (GrpcClientProtocolClient.java:onNext(255)) - client-8A9EC344A7FD->b21e3032-627d-46ac-b88e-fdc5f8b56f2f: receive RaftClientReply:client-8A9EC344A7FD->b21e3032-627d-46ac-b88e-fdc5f8b56f2f@group-76EBAC406C40, cid=13, FAILED org.apache.ratis.protocol.NotLeaderException: Server b21e3032-627d-46ac-b88e-fdc5f8b56f2f is not the leader (null). Request must be sent to leader., logIndex=0, commits[b21e3032-627d-46ac-b88e-fdc5f8b56f2f:c-1]
2019-07-13 20:53:31,320 INFO  impl.FollowerState (FollowerState.java:run(106)) - ce825884-2075-49ff-9409-9d7b191e36bd:group-4CDF8F4243AB changes to CANDIDATE, lastRpcTime:5145, electionTimeout:5144ms
2019-07-13 20:53:31,320 INFO  impl.RoleInfo (RoleInfo.java:shutdownFollowerState(121)) - ce825884-2075-49ff-9409-9d7b191e36bd: shutdown FollowerState
2019-07-13 20:53:31,320 INFO  impl.RaftServerImpl (RaftServerImpl.java:setRole(171)) - ce825884-2075-49ff-9409-9d7b191e36bd:group-4CDF8F4243AB changes role from FOLLOWER to CANDIDATE at term 0 for changeToCandidate
2019-07-13 20:53:31,324 INFO  impl.RoleInfo (RoleInfo.java:updateAndGet(143)) - ce825884-2075-49ff-9409-9d7b191e36bd: start LeaderElection
2019-07-13 20:53:31,338 INFO  impl.LeaderElection (LeaderElection.java:askForVotes(181)) - ce825884-2075-49ff-9409-9d7b191e36bd:group-4CDF8F4243AB:LeaderElection1: begin an election at term 1 for -1: [ce825884-2075-49ff-9409-9d7b191e36bd:192.168.5.168:33543], old=null
2019-07-13 20:53:31,340 INFO  impl.RoleInfo (RoleInfo.java:shutdownLeaderElection(134)) - ce825884-2075-49ff-9409-9d7b191e36bd: shutdown LeaderElection
2019-07-13 20:53:31,340 INFO  impl.RaftServerImpl (RaftServerImpl.java:setRole(171)) - ce825884-2075-49ff-9409-9d7b191e36bd:group-4CDF8F4243AB changes role from CANDIDATE to LEADER at term 1 for changeToLeader
2019-07-13 20:53:31,341 INFO  impl.RaftServerImpl (ServerState.java:setLeader(263)) - ce825884-2075-49ff-9409-9d7b191e36bd:group-4CDF8F4243AB change Leader from null to ce825884-2075-49ff-9409-9d7b191e36bd at term 1 for becomeLeader, leader elected after 5281ms
2019-07-13 20:53:31,347 INFO  server.RaftServerConfigKeys (ConfUtils.java:logGet(43)) - raft.server.staging.catchup.gap = 1000 (default)
2019-07-13 20:53:31,348 INFO  server.RaftServerConfigKeys (ConfUtils.java:logGet(43)) - raft.server.rpc.sleep.time = 25ms (default)
2019-07-13 20:53:31,351 INFO  server.RaftServerConfigKeys (ConfUtils.java:logGet(43)) - raft.server.write.element-limit = 4096 (default)
2019-07-13 20:53:31,362 INFO  server.RaftServerConfigKeys (ConfUtils.java:logGet(43)) - raft.server.watch.timeout = 10s (default)
2019-07-13 20:53:31,362 INFO  server.RaftServerConfigKeys (ConfUtils.java:logGet(43)) - raft.server.watch.timeout.denomination = 1s (default)
2019-07-13 20:53:31,364 INFO  server.RaftServerConfigKeys (ConfUtils.java:logGet(43)) - raft.server.watch.element-limit = 65536 (default)
2019-07-13 20:53:31,379 INFO  impl.RoleInfo (RoleInfo.java:updateAndGet(143)) - ce825884-2075-49ff-9409-9d7b191e36bd: start LeaderState
2019-07-13 20:53:31,413 INFO  segmented.SegmentedRaftLogWorker (SegmentedRaftLogWorker.java:startLogSegment(380)) - ce825884-2075-49ff-9409-9d7b191e36bd-SegmentedRaftLogWorker:Storage Directory /tmp/workdir/hadoop-ozone/integration-test/target/test-dir/MiniOzoneClusterImpl-1ab524e4-8b94-4416-883f-eb3cfaa6454f/datanode-0/data/ratis/034b01df-c2b8-4aca-a979-4cdf8f4243ab: Starting segment from index:0
2019-07-13 20:53:31,423 INFO  impl.RaftServerImpl (ServerState.java:setRaftConf(361)) - ce825884-2075-49ff-9409-9d7b191e36bd:group-4CDF8F4243AB set configuration 0: [ce825884-2075-49ff-9409-9d7b191e36bd:192.168.5.168:33543], old=null at 0
2019-07-13 20:53:31,453 INFO  impl.FollowerState (FollowerState.java:run(106)) - 3d22177d-605d-4638-aa04-41b506e5e6ef:group-FADC44A3899B changes to CANDIDATE, lastRpcTime:5020, electionTimeout:5020ms
2019-07-13 20:53:31,455 INFO  impl.RoleInfo (RoleInfo.java:shutdownFollowerState(121)) - 3d22177d-605d-4638-aa04-41b506e5e6ef: shutdown FollowerState
2019-07-13 20:53:31,455 INFO  impl.RaftServerImpl (RaftServerImpl.java:setRole(171)) - 3d22177d-605d-4638-aa04-41b506e5e6ef:group-FADC44A3899B changes role from FOLLOWER to CANDIDATE at term 0 for changeToCandidate
2019-07-13 20:53:31,455 INFO  impl.RoleInfo (RoleInfo.java:updateAndGet(143)) - 3d22177d-605d-4638-aa04-41b506e5e6ef: start LeaderElection
2019-07-13 20:53:31,458 INFO  impl.FollowerState (FollowerState.java:run(106)) - 0fed1087-15d2-4879-9faa-ad4f57cb19ae:group-D777E9C373F3 changes to CANDIDATE, lastRpcTime:5113, electionTimeout:5112ms
2019-07-13 20:53:31,462 INFO  impl.RoleInfo (RoleInfo.java:shutdownFollowerState(121)) - 0fed1087-15d2-4879-9faa-ad4f57cb19ae: shutdown FollowerState
2019-07-13 20:53:31,462 INFO  impl.RaftServerImpl (RaftServerImpl.java:setRole(171)) - 0fed1087-15d2-4879-9faa-ad4f57cb19ae:group-D777E9C373F3 changes role from FOLLOWER to CANDIDATE at term 0 for changeToCandidate
2019-07-13 20:53:31,462 INFO  impl.RoleInfo (RoleInfo.java:updateAndGet(143)) - 0fed1087-15d2-4879-9faa-ad4f57cb19ae: start LeaderElection
2019-07-13 20:53:31,476 INFO  impl.LeaderElection (LeaderElection.java:askForVotes(181)) - 3d22177d-605d-4638-aa04-41b506e5e6ef:group-FADC44A3899B:LeaderElection2: begin an election at term 1 for -1: [3d22177d-605d-4638-aa04-41b506e5e6ef:192.168.5.168:32985], old=null
2019-07-13 20:53:31,476 INFO  impl.LeaderElection (LeaderElection.java:askForVotes(181)) - 0fed1087-15d2-4879-9faa-ad4f57cb19ae:group-D777E9C373F3:LeaderElection3: begin an election at term 1 for -1: [0fed1087-15d2-4879-9faa-ad4f57cb19ae:192.168.5.168:46104], old=null
2019-07-13 20:53:31,478 INFO  impl.RoleInfo (RoleInfo.java:shutdownLeaderElection(134)) - 3d22177d-605d-4638-aa04-41b506e5e6ef: shutdown LeaderElection
2019-07-13 20:53:31,478 INFO  impl.RoleInfo (RoleInfo.java:shutdownLeaderElection(134)) - 0fed1087-15d2-4879-9faa-ad4f57cb19ae: shutdown LeaderElection
2019-07-13 20:53:31,478 INFO  impl.RaftServerImpl (RaftServerImpl.java:setRole(171)) - 3d22177d-605d-4638-aa04-41b506e5e6ef:group-FADC44A3899B changes role from CANDIDATE to LEADER at term 1 for changeToLeader
2019-07-13 20:53:31,479 INFO  impl.RaftServerImpl (RaftServerImpl.java:setRole(171)) - 0fed1087-15d2-4879-9faa-ad4f57cb19ae:group-D777E9C373F3 changes role from CANDIDATE to LEADER at term 1 for changeToLeader
2019-07-13 20:53:31,479 INFO  impl.RaftServerImpl (ServerState.java:setLeader(263)) - 3d22177d-605d-4638-aa04-41b506e5e6ef:group-FADC44A3899B change Leader from null to 3d22177d-605d-4638-aa04-41b506e5e6ef at term 1 for becomeLeader, leader elected after 5050ms
2019-07-13 20:53:31,479 INFO  impl.RaftServerImpl (ServerState.java:setLeader(263)) - 0fed1087-15d2-4879-9faa-ad4f57cb19ae:group-D777E9C373F3 change Leader from null to 0fed1087-15d2-4879-9faa-ad4f57cb19ae at term 1 for becomeLeader, leader elected after 5141ms
2019-07-13 20:53:31,479 INFO  server.RaftServerConfigKeys (ConfUtils.java:logGet(43)) - raft.server.staging.catchup.gap = 1000 (default)
2019-07-13 20:53:31,479 INFO  server.RaftServerConfigKeys (ConfUtils.java:logGet(43)) - raft.server.staging.catchup.gap = 1000 (default)
2019-07-13 20:53:31,481 INFO  server.RaftServerConfigKeys (ConfUtils.java:logGet(43)) - raft.server.rpc.sleep.time = 25ms (default)
2019-07-13 20:53:31,481 INFO  server.RaftServerConfigKeys (ConfUtils.java:logGet(43)) - raft.server.rpc.sleep.time = 25ms (default)
2019-07-13 20:53:31,482 INFO  server.RaftServerConfigKeys (ConfUtils.java:logGet(43)) - raft.server.write.element-limit = 4096 (default)
2019-07-13 20:53:31,482 INFO  server.RaftServerConfigKeys (ConfUtils.java:logGet(43)) - raft.server.write.element-limit = 4096 (default)
2019-07-13 20:53:31,482 INFO  server.RaftServerConfigKeys (ConfUtils.java:logGet(43)) - raft.server.watch.timeout = 10s (default)
2019-07-13 20:53:31,482 INFO  server.RaftServerConfigKeys (ConfUtils.java:logGet(43)) - raft.server.watch.timeout = 10s (default)
2019-07-13 20:53:31,482 INFO  server.RaftServerConfigKeys (ConfUtils.java:logGet(43)) - raft.server.watch.timeout.denomination = 1s (default)
2019-07-13 20:53:31,482 INFO  server.RaftServerConfigKeys (ConfUtils.java:logGet(43)) - raft.server.watch.timeout.denomination = 1s (default)
2019-07-13 20:53:31,483 INFO  server.RaftServerConfigKeys (ConfUtils.java:logGet(43)) - raft.server.watch.element-limit = 65536 (default)
2019-07-13 20:53:31,483 INFO  server.RaftServerConfigKeys (ConfUtils.java:logGet(43)) - raft.server.watch.element-limit = 65536 (default)
2019-07-13 20:53:31,483 INFO  impl.RoleInfo (RoleInfo.java:updateAndGet(143)) - 3d22177d-605d-4638-aa04-41b506e5e6ef: start LeaderState
2019-07-13 20:53:31,483 INFO  impl.RoleInfo (RoleInfo.java:updateAndGet(143)) - 0fed1087-15d2-4879-9faa-ad4f57cb19ae: start LeaderState
2019-07-13 20:53:31,483 INFO  segmented.SegmentedRaftLogWorker (SegmentedRaftLogWorker.java:startLogSegment(380)) - 3d22177d-605d-4638-aa04-41b506e5e6ef-SegmentedRaftLogWorker:Storage Directory /tmp/workdir/hadoop-ozone/integration-test/target/test-dir/MiniOzoneClusterImpl-1ab524e4-8b94-4416-883f-eb3cfaa6454f/datanode-5/data/ratis/171c03ac-fc7b-4652-9db9-fadc44a3899b: Starting segment from index:0
2019-07-13 20:53:31,484 INFO  segmented.SegmentedRaftLogWorker (SegmentedRaftLogWorker.java:startLogSegment(380)) - 0fed1087-15d2-4879-9faa-ad4f57cb19ae-SegmentedRaftLogWorker:Storage Directory /tmp/workdir/hadoop-ozone/integration-test/target/test-dir/MiniOzoneClusterImpl-1ab524e4-8b94-4416-883f-eb3cfaa6454f/datanode-2/data/ratis/d33c9755-61c7-465f-894f-d777e9c373f3: Starting segment from index:0
2019-07-13 20:53:31,484 INFO  impl.RaftServerImpl (ServerState.java:setRaftConf(361)) - 3d22177d-605d-4638-aa04-41b506e5e6ef:group-FADC44A3899B set configuration 0: [3d22177d-605d-4638-aa04-41b506e5e6ef:192.168.5.168:32985], old=null at 0
2019-07-13 20:53:31,484 INFO  impl.RaftServerImpl (ServerState.java:setRaftConf(361)) - 0fed1087-15d2-4879-9faa-ad4f57cb19ae:group-D777E9C373F3 set configuration 0: [0fed1087-15d2-4879-9faa-ad4f57cb19ae:192.168.5.168:46104], old=null at 0
2019-07-13 20:53:31,627 INFO  impl.FollowerState (FollowerState.java:run(106)) - 88407b66-6843-4748-95c3-9b69e6f4e794:group-762A0F0573EB changes to CANDIDATE, lastRpcTime:5069, electionTimeout:5069ms
2019-07-13 20:53:31,627 INFO  impl.RoleInfo (RoleInfo.java:shutdownFollowerState(121)) - 88407b66-6843-4748-95c3-9b69e6f4e794: shutdown FollowerState
2019-07-13 20:53:31,627 INFO  impl.RaftServerImpl (RaftServerImpl.java:setRole(171)) - 88407b66-6843-4748-95c3-9b69e6f4e794:group-762A0F0573EB changes role from FOLLOWER to CANDIDATE at term 0 for changeToCandidate
2019-07-13 20:53:31,627 INFO  impl.RoleInfo (RoleInfo.java:updateAndGet(143)) - 88407b66-6843-4748-95c3-9b69e6f4e794: start LeaderElection
2019-07-13 20:53:31,630 INFO  segmented.SegmentedRaftLogWorker (SegmentedRaftLogWorker.java:execute(569)) - 3d22177d-605d-4638-aa04-41b506e5e6ef-SegmentedRaftLogWorker:Storage Directory /tmp/workdir/hadoop-ozone/integration-test/target/test-dir/MiniOzoneClusterImpl-1ab524e4-8b94-4416-883f-eb3cfaa6454f/datanode-5/data/ratis/171c03ac-fc7b-4652-9db9-fadc44a3899b: created new log segment /tmp/workdir/hadoop-ozone/integration-test/target/test-dir/MiniOzoneClusterImpl-1ab524e4-8b94-4416-883f-eb3cfaa6454f/datanode-5/data/ratis/171c03ac-fc7b-4652-9db9-fadc44a3899b/current/log_inprogress_0
2019-07-13 20:53:31,630 INFO  segmented.SegmentedRaftLogWorker (SegmentedRaftLogWorker.java:execute(569)) - ce825884-2075-49ff-9409-9d7b191e36bd-SegmentedRaftLogWorker:Storage Directory /tmp/workdir/hadoop-ozone/integration-test/target/test-dir/MiniOzoneClusterImpl-1ab524e4-8b94-4416-883f-eb3cfaa6454f/datanode-0/data/ratis/034b01df-c2b8-4aca-a979-4cdf8f4243ab: created new log segment /tmp/workdir/hadoop-ozone/integration-test/target/test-dir/MiniOzoneClusterImpl-1ab524e4-8b94-4416-883f-eb3cfaa6454f/datanode-0/data/ratis/034b01df-c2b8-4aca-a979-4cdf8f4243ab/current/log_inprogress_0
2019-07-13 20:53:31,630 INFO  segmented.SegmentedRaftLogWorker (SegmentedRaftLogWorker.java:execute(569)) - 0fed1087-15d2-4879-9faa-ad4f57cb19ae-SegmentedRaftLogWorker:Storage Directory /tmp/workdir/hadoop-ozone/integration-test/target/test-dir/MiniOzoneClusterImpl-1ab524e4-8b94-4416-883f-eb3cfaa6454f/datanode-2/data/ratis/d33c9755-61c7-465f-894f-d777e9c373f3: created new log segment /tmp/workdir/hadoop-ozone/integration-test/target/test-dir/MiniOzoneClusterImpl-1ab524e4-8b94-4416-883f-eb3cfaa6454f/datanode-2/data/ratis/d33c9755-61c7-465f-894f-d777e9c373f3/current/log_inprogress_0
2019-07-13 20:53:31,638 INFO  impl.LeaderElection (LeaderElection.java:askForVotes(181)) - 88407b66-6843-4748-95c3-9b69e6f4e794:group-762A0F0573EB:LeaderElection4: begin an election at term 1 for -1: [88407b66-6843-4748-95c3-9b69e6f4e794:192.168.5.168:40478], old=null
2019-07-13 20:53:31,639 INFO  impl.RoleInfo (RoleInfo.java:shutdownLeaderElection(134)) - 88407b66-6843-4748-95c3-9b69e6f4e794: shutdown LeaderElection
2019-07-13 20:53:31,639 INFO  impl.RaftServerImpl (RaftServerImpl.java:setRole(171)) - 88407b66-6843-4748-95c3-9b69e6f4e794:group-762A0F0573EB changes role from CANDIDATE to LEADER at term 1 for changeToLeader
2019-07-13 20:53:31,639 INFO  impl.RaftServerImpl (ServerState.java:setLeader(263)) - 88407b66-6843-4748-95c3-9b69e6f4e794:group-762A0F0573EB change Leader from null to 88407b66-6843-4748-95c3-9b69e6f4e794 at term 1 for becomeLeader, leader elected after 5087ms
2019-07-13 20:53:31,640 INFO  server.RaftServerConfigKeys (ConfUtils.java:logGet(43)) - raft.server.staging.catchup.gap = 1000 (default)
2019-07-13 20:53:31,640 INFO  server.RaftServerConfigKeys (ConfUtils.java:logGet(43)) - raft.server.rpc.sleep.time = 25ms (default)
2019-07-13 20:53:31,640 INFO  server.RaftServerConfigKeys (ConfUtils.java:logGet(43)) - raft.server.write.element-limit = 4096 (default)
2019-07-13 20:53:31,640 INFO  server.RaftServerConfigKeys (ConfUtils.java:logGet(43)) - raft.server.watch.timeout = 10s (default)
2019-07-13 20:53:31,640 INFO  server.RaftServerConfigKeys (ConfUtils.java:logGet(43)) - raft.server.watch.timeout.denomination = 1s (default)
2019-07-13 20:53:31,641 INFO  server.RaftServerConfigKeys (ConfUtils.java:logGet(43)) - raft.server.watch.element-limit = 65536 (default)
2019-07-13 20:53:31,641 INFO  impl.RoleInfo (RoleInfo.java:updateAndGet(143)) - 88407b66-6843-4748-95c3-9b69e6f4e794: start LeaderState
2019-07-13 20:53:31,641 INFO  segmented.SegmentedRaftLogWorker (SegmentedRaftLogWorker.java:startLogSegment(380)) - 88407b66-6843-4748-95c3-9b69e6f4e794-SegmentedRaftLogWorker:Storage Directory /tmp/workdir/hadoop-ozone/integration-test/target/test-dir/MiniOzoneClusterImpl-1ab524e4-8b94-4416-883f-eb3cfaa6454f/datanode-1/data/ratis/949d7bbf-2097-4470-8295-762a0f0573eb: Starting segment from index:0
2019-07-13 20:53:31,642 INFO  impl.RaftServerImpl (ServerState.java:setRaftConf(361)) - 88407b66-6843-4748-95c3-9b69e6f4e794:group-762A0F0573EB set configuration 0: [88407b66-6843-4748-95c3-9b69e6f4e794:192.168.5.168:40478], old=null at 0
2019-07-13 20:53:31,664 INFO  segmented.SegmentedRaftLogWorker (SegmentedRaftLogWorker.java:execute(569)) - 88407b66-6843-4748-95c3-9b69e6f4e794-SegmentedRaftLogWorker:Storage Directory /tmp/workdir/hadoop-ozone/integration-test/target/test-dir/MiniOzoneClusterImpl-1ab524e4-8b94-4416-883f-eb3cfaa6454f/datanode-1/data/ratis/949d7bbf-2097-4470-8295-762a0f0573eb: created new log segment /tmp/workdir/hadoop-ozone/integration-test/target/test-dir/MiniOzoneClusterImpl-1ab524e4-8b94-4416-883f-eb3cfaa6454f/datanode-1/data/ratis/949d7bbf-2097-4470-8295-762a0f0573eb/current/log_inprogress_0
2019-07-13 20:53:31,676 INFO  impl.FollowerState (FollowerState.java:run(106)) - 62121b6c-f658-49f8-8f7f-7d79aebe6ec2:group-0E095090B83D changes to CANDIDATE, lastRpcTime:5174, electionTimeout:5174ms
2019-07-13 20:53:31,676 INFO  impl.RoleInfo (RoleInfo.java:shutdownFollowerState(121)) - 62121b6c-f658-49f8-8f7f-7d79aebe6ec2: shutdown FollowerState
2019-07-13 20:53:31,676 INFO  impl.RaftServerImpl (RaftServerImpl.java:setRole(171)) - 62121b6c-f658-49f8-8f7f-7d79aebe6ec2:group-0E095090B83D changes role from FOLLOWER to CANDIDATE at term 0 for changeToCandidate
2019-07-13 20:53:31,676 INFO  impl.RoleInfo (RoleInfo.java:updateAndGet(143)) - 62121b6c-f658-49f8-8f7f-7d79aebe6ec2: start LeaderElection
2019-07-13 20:53:31,685 INFO  impl.LeaderElection (LeaderElection.java:askForVotes(181)) - 62121b6c-f658-49f8-8f7f-7d79aebe6ec2:group-0E095090B83D:LeaderElection5: begin an election at term 1 for -1: [62121b6c-f658-49f8-8f7f-7d79aebe6ec2:192.168.5.168:37077], old=null
2019-07-13 20:53:31,687 INFO  impl.RoleInfo (RoleInfo.java:shutdownLeaderElection(134)) - 62121b6c-f658-49f8-8f7f-7d79aebe6ec2: shutdown LeaderElection
2019-07-13 20:53:31,687 INFO  impl.RaftServerImpl (RaftServerImpl.java:setRole(171)) - 62121b6c-f658-49f8-8f7f-7d79aebe6ec2:group-0E095090B83D changes role from CANDIDATE to LEADER at term 1 for changeToLeader
2019-07-13 20:53:31,687 INFO  impl.RaftServerImpl (ServerState.java:setLeader(263)) - 62121b6c-f658-49f8-8f7f-7d79aebe6ec2:group-0E095090B83D change Leader from null to 62121b6c-f658-49f8-8f7f-7d79aebe6ec2 at term 1 for becomeLeader, leader elected after 5191ms
2019-07-13 20:53:31,687 INFO  server.RaftServerConfigKeys (ConfUtils.java:logGet(43)) - raft.server.staging.catchup.gap = 1000 (default)
2019-07-13 20:53:31,687 INFO  server.RaftServerConfigKeys (ConfUtils.java:logGet(43)) - raft.server.rpc.sleep.time = 25ms (default)
2019-07-13 20:53:31,688 INFO  server.RaftServerConfigKeys (ConfUtils.java:logGet(43)) - raft.server.write.element-limit = 4096 (default)
2019-07-13 20:53:31,688 INFO  server.RaftServerConfigKeys (ConfUtils.java:logGet(43)) - raft.server.watch.timeout = 10s (default)
2019-07-13 20:53:31,688 INFO  server.RaftServerConfigKeys (ConfUtils.java:logGet(43)) - raft.server.watch.timeout.denomination = 1s (default)
2019-07-13 20:53:31,688 INFO  server.RaftServerConfigKeys (ConfUtils.java:logGet(43)) - raft.server.watch.element-limit = 65536 (default)
2019-07-13 20:53:31,688 INFO  impl.RoleInfo (RoleInfo.java:updateAndGet(143)) - 62121b6c-f658-49f8-8f7f-7d79aebe6ec2: start LeaderState
2019-07-13 20:53:31,689 INFO  segmented.SegmentedRaftLogWorker (SegmentedRaftLogWorker.java:startLogSegment(380)) - 62121b6c-f658-49f8-8f7f-7d79aebe6ec2-SegmentedRaftLogWorker:Storage Directory /tmp/workdir/hadoop-ozone/integration-test/target/test-dir/MiniOzoneClusterImpl-1ab524e4-8b94-4416-883f-eb3cfaa6454f/datanode-6/data/ratis/7991feae-0ea1-4837-9250-0e095090b83d: Starting segment from index:0
2019-07-13 20:53:31,689 INFO  impl.RaftServerImpl (ServerState.java:setRaftConf(361)) - 62121b6c-f658-49f8-8f7f-7d79aebe6ec2:group-0E095090B83D set configuration 0: [62121b6c-f658-49f8-8f7f-7d79aebe6ec2:192.168.5.168:37077], old=null at 0
2019-07-13 20:53:31,708 INFO  segmented.SegmentedRaftLogWorker (SegmentedRaftLogWorker.java:execute(569)) - 62121b6c-f658-49f8-8f7f-7d79aebe6ec2-SegmentedRaftLogWorker:Storage Directory /tmp/workdir/hadoop-ozone/integration-test/target/test-dir/MiniOzoneClusterImpl-1ab524e4-8b94-4416-883f-eb3cfaa6454f/datanode-6/data/ratis/7991feae-0ea1-4837-9250-0e095090b83d: created new log segment /tmp/workdir/hadoop-ozone/integration-test/target/test-dir/MiniOzoneClusterImpl-1ab524e4-8b94-4416-883f-eb3cfaa6454f/datanode-6/data/ratis/7991feae-0ea1-4837-9250-0e095090b83d/current/log_inprogress_0
2019-07-13 20:53:31,713 INFO  impl.FollowerState (FollowerState.java:run(106)) - b21e3032-627d-46ac-b88e-fdc5f8b56f2f:group-F4FAC95068E5 changes to CANDIDATE, lastRpcTime:5070, electionTimeout:5070ms
2019-07-13 20:53:31,713 INFO  impl.RoleInfo (RoleInfo.java:shutdownFollowerState(121)) - b21e3032-627d-46ac-b88e-fdc5f8b56f2f: shutdown FollowerState
2019-07-13 20:53:31,713 INFO  impl.RaftServerImpl (RaftServerImpl.java:setRole(171)) - b21e3032-627d-46ac-b88e-fdc5f8b56f2f:group-F4FAC95068E5 changes role from FOLLOWER to CANDIDATE at term 0 for changeToCandidate
2019-07-13 20:53:31,713 INFO  impl.RoleInfo (RoleInfo.java:updateAndGet(143)) - b21e3032-627d-46ac-b88e-fdc5f8b56f2f: start LeaderElection
2019-07-13 20:53:31,723 INFO  impl.LeaderElection (LeaderElection.java:askForVotes(181)) - b21e3032-627d-46ac-b88e-fdc5f8b56f2f:group-F4FAC95068E5:LeaderElection6: begin an election at term 1 for -1: [b21e3032-627d-46ac-b88e-fdc5f8b56f2f:192.168.5.168:38077], old=null
2019-07-13 20:53:31,733 INFO  impl.RoleInfo (RoleInfo.java:shutdownLeaderElection(134)) - b21e3032-627d-46ac-b88e-fdc5f8b56f2f: shutdown LeaderElection
2019-07-13 20:53:31,733 INFO  impl.RaftServerImpl (RaftServerImpl.java:setRole(171)) - b21e3032-627d-46ac-b88e-fdc5f8b56f2f:group-F4FAC95068E5 changes role from CANDIDATE to LEADER at term 1 for changeToLeader
2019-07-13 20:53:31,733 INFO  impl.RaftServerImpl (ServerState.java:setLeader(263)) - b21e3032-627d-46ac-b88e-fdc5f8b56f2f:group-F4FAC95068E5 change Leader from null to b21e3032-627d-46ac-b88e-fdc5f8b56f2f at term 1 for becomeLeader, leader elected after 5112ms
2019-07-13 20:53:31,733 INFO  server.RaftServerConfigKeys (ConfUtils.java:logGet(43)) - raft.server.staging.catchup.gap = 1000 (default)
2019-07-13 20:53:31,733 INFO  server.RaftServerConfigKeys (ConfUtils.java:logGet(43)) - raft.server.rpc.sleep.time = 25ms (default)
2019-07-13 20:53:31,734 INFO  server.RaftServerConfigKeys (ConfUtils.java:logGet(43)) - raft.server.write.element-limit = 4096 (default)
2019-07-13 20:53:31,734 INFO  server.RaftServerConfigKeys (ConfUtils.java:logGet(43)) - raft.server.watch.timeout = 10s (default)
2019-07-13 20:53:31,734 INFO  server.RaftServerConfigKeys (ConfUtils.java:logGet(43)) - raft.server.watch.timeout.denomination = 1s (default)
2019-07-13 20:53:31,734 INFO  server.RaftServerConfigKeys (ConfUtils.java:logGet(43)) - raft.server.watch.element-limit = 65536 (default)
2019-07-13 20:53:31,734 INFO  impl.RoleInfo (RoleInfo.java:updateAndGet(143)) - b21e3032-627d-46ac-b88e-fdc5f8b56f2f: start LeaderState
2019-07-13 20:53:31,735 INFO  segmented.SegmentedRaftLogWorker (SegmentedRaftLogWorker.java:startLogSegment(380)) - b21e3032-627d-46ac-b88e-fdc5f8b56f2f-SegmentedRaftLogWorker:Storage Directory /tmp/workdir/hadoop-ozone/integration-test/target/test-dir/MiniOzoneClusterImpl-1ab524e4-8b94-4416-883f-eb3cfaa6454f/datanode-4/data/ratis/b522dea8-3fa6-428f-96e4-f4fac95068e5: Starting segment from index:0
2019-07-13 20:53:31,735 INFO  impl.RaftServerImpl (ServerState.java:setRaftConf(361)) - b21e3032-627d-46ac-b88e-fdc5f8b56f2f:group-F4FAC95068E5 set configuration 0: [b21e3032-627d-46ac-b88e-fdc5f8b56f2f:192.168.5.168:38077], old=null at 0
2019-07-13 20:53:31,757 INFO  segmented.SegmentedRaftLogWorker (SegmentedRaftLogWorker.java:execute(569)) - b21e3032-627d-46ac-b88e-fdc5f8b56f2f-SegmentedRaftLogWorker:Storage Directory /tmp/workdir/hadoop-ozone/integration-test/target/test-dir/MiniOzoneClusterImpl-1ab524e4-8b94-4416-883f-eb3cfaa6454f/datanode-4/data/ratis/b522dea8-3fa6-428f-96e4-f4fac95068e5: created new log segment /tmp/workdir/hadoop-ozone/integration-test/target/test-dir/MiniOzoneClusterImpl-1ab524e4-8b94-4416-883f-eb3cfaa6454f/datanode-4/data/ratis/b522dea8-3fa6-428f-96e4-f4fac95068e5/current/log_inprogress_0
2019-07-13 20:53:31,836 INFO  impl.FollowerState (FollowerState.java:run(106)) - 0fed1087-15d2-4879-9faa-ad4f57cb19ae:group-8FFC8DAC8722 changes to CANDIDATE, lastRpcTime:5034, electionTimeout:5033ms
2019-07-13 20:53:31,836 INFO  impl.RoleInfo (RoleInfo.java:shutdownFollowerState(121)) - 0fed1087-15d2-4879-9faa-ad4f57cb19ae: shutdown FollowerState
2019-07-13 20:53:31,837 INFO  impl.RaftServerImpl (RaftServerImpl.java:setRole(171)) - 0fed1087-15d2-4879-9faa-ad4f57cb19ae:group-8FFC8DAC8722 changes role from FOLLOWER to CANDIDATE at term 0 for changeToCandidate
2019-07-13 20:53:31,837 INFO  impl.RoleInfo (RoleInfo.java:updateAndGet(143)) - 0fed1087-15d2-4879-9faa-ad4f57cb19ae: start LeaderElection
2019-07-13 20:53:31,854 INFO  impl.LeaderElection (LeaderElection.java:askForVotes(181)) - 0fed1087-15d2-4879-9faa-ad4f57cb19ae:group-8FFC8DAC8722:LeaderElection7: begin an election at term 1 for -1: [0fed1087-15d2-4879-9faa-ad4f57cb19ae:192.168.5.168:46104, 3d22177d-605d-4638-aa04-41b506e5e6ef:192.168.5.168:32985, 62121b6c-f658-49f8-8f7f-7d79aebe6ec2:192.168.5.168:37077], old=null
2019-07-13 20:53:31,879 INFO  impl.FollowerState (FollowerState.java:run(106)) - 62121b6c-f658-49f8-8f7f-7d79aebe6ec2:group-8FFC8DAC8722 changes to CANDIDATE, lastRpcTime:5078, electionTimeout:5078ms
2019-07-13 20:53:31,879 INFO  impl.RoleInfo (RoleInfo.java:shutdownFollowerState(121)) - 62121b6c-f658-49f8-8f7f-7d79aebe6ec2: shutdown FollowerState
2019-07-13 20:53:31,879 INFO  impl.RaftServerImpl (RaftServerImpl.java:setRole(171)) - 62121b6c-f658-49f8-8f7f-7d79aebe6ec2:group-8FFC8DAC8722 changes role from FOLLOWER to CANDIDATE at term 0 for changeToCandidate
2019-07-13 20:53:31,879 INFO  impl.RoleInfo (RoleInfo.java:updateAndGet(143)) - 62121b6c-f658-49f8-8f7f-7d79aebe6ec2: start LeaderElection
2019-07-13 20:53:31,888 INFO  impl.FollowerState (FollowerState.java:run(106)) - 107fee82-e5db-4797-8aae-57162eed379b:group-361C7C48F2B7 changes to CANDIDATE, lastRpcTime:5194, electionTimeout:5194ms
2019-07-13 20:53:31,888 INFO  impl.RoleInfo (RoleInfo.java:shutdownFollowerState(121)) - 107fee82-e5db-4797-8aae-57162eed379b: shutdown FollowerState
2019-07-13 20:53:31,888 INFO  impl.RaftServerImpl (RaftServerImpl.java:setRole(171)) - 107fee82-e5db-4797-8aae-57162eed379b:group-361C7C48F2B7 changes role from FOLLOWER to CANDIDATE at term 0 for changeToCandidate
2019-07-13 20:53:31,889 INFO  impl.RoleInfo (RoleInfo.java:updateAndGet(143)) - 107fee82-e5db-4797-8aae-57162eed379b: start LeaderElection
2019-07-13 20:53:31,901 INFO  impl.LeaderElection (LeaderElection.java:askForVotes(181)) - 107fee82-e5db-4797-8aae-57162eed379b:group-361C7C48F2B7:LeaderElection9: begin an election at term 1 for -1: [107fee82-e5db-4797-8aae-57162eed379b:192.168.5.168:38874], old=null
2019-07-13 20:53:31,901 INFO  impl.LeaderElection (LeaderElection.java:askForVotes(181)) - 62121b6c-f658-49f8-8f7f-7d79aebe6ec2:group-8FFC8DAC8722:LeaderElection8: begin an election at term 1 for -1: [0fed1087-15d2-4879-9faa-ad4f57cb19ae:192.168.5.168:46104, 3d22177d-605d-4638-aa04-41b506e5e6ef:192.168.5.168:32985, 62121b6c-f658-49f8-8f7f-7d79aebe6ec2:192.168.5.168:37077], old=null
2019-07-13 20:53:31,902 INFO  impl.RoleInfo (RoleInfo.java:shutdownLeaderElection(134)) - 107fee82-e5db-4797-8aae-57162eed379b: shutdown LeaderElection
2019-07-13 20:53:31,902 INFO  impl.RaftServerImpl (RaftServerImpl.java:setRole(171)) - 107fee82-e5db-4797-8aae-57162eed379b:group-361C7C48F2B7 changes role from CANDIDATE to LEADER at term 1 for changeToLeader
2019-07-13 20:53:31,902 INFO  impl.RaftServerImpl (ServerState.java:setLeader(263)) - 107fee82-e5db-4797-8aae-57162eed379b:group-361C7C48F2B7 change Leader from null to 107fee82-e5db-4797-8aae-57162eed379b at term 1 for becomeLeader, leader elected after 5212ms
2019-07-13 20:53:31,902 INFO  server.RaftServerConfigKeys (ConfUtils.java:logGet(43)) - raft.server.staging.catchup.gap = 1000 (default)
2019-07-13 20:53:31,903 INFO  server.RaftServerConfigKeys (ConfUtils.java:logGet(43)) - raft.server.rpc.sleep.time = 25ms (default)
2019-07-13 20:53:31,903 INFO  server.RaftServerConfigKeys (ConfUtils.java:logGet(43)) - raft.server.write.element-limit = 4096 (default)
2019-07-13 20:53:31,905 INFO  server.RaftServerConfigKeys (ConfUtils.java:logGet(43)) - raft.server.watch.timeout = 10s (default)
2019-07-13 20:53:31,905 INFO  server.RaftServerConfigKeys (ConfUtils.java:logGet(43)) - raft.server.watch.timeout.denomination = 1s (default)
2019-07-13 20:53:31,905 INFO  server.RaftServerConfigKeys (ConfUtils.java:logGet(43)) - raft.server.watch.element-limit = 65536 (default)
2019-07-13 20:53:31,908 INFO  impl.RoleInfo (RoleInfo.java:updateAndGet(143)) - 107fee82-e5db-4797-8aae-57162eed379b: start LeaderState
2019-07-13 20:53:31,911 INFO  impl.RaftServerImpl (RaftServerImpl.java:setRole(171)) - 3d22177d-605d-4638-aa04-41b506e5e6ef:group-8FFC8DAC8722 changes role from FOLLOWER to FOLLOWER at term 1 for recognizeCandidate:0fed1087-15d2-4879-9faa-ad4f57cb19ae
2019-07-13 20:53:31,911 INFO  segmented.SegmentedRaftLogWorker (SegmentedRaftLogWorker.java:startLogSegment(380)) - 107fee82-e5db-4797-8aae-57162eed379b-SegmentedRaftLogWorker:Storage Directory /tmp/workdir/hadoop-ozone/integration-test/target/test-dir/MiniOzoneClusterImpl-1ab524e4-8b94-4416-883f-eb3cfaa6454f/datanode-3/data/ratis/b70a13bf-1c91-4e24-9fd3-361c7c48f2b7: Starting segment from index:0
2019-07-13 20:53:31,911 INFO  impl.RoleInfo (RoleInfo.java:shutdownFollowerState(121)) - 3d22177d-605d-4638-aa04-41b506e5e6ef: shutdown FollowerState
2019-07-13 20:53:31,911 INFO  impl.RoleInfo (RoleInfo.java:updateAndGet(143)) - 3d22177d-605d-4638-aa04-41b506e5e6ef: start FollowerState
2019-07-13 20:53:31,911 INFO  impl.FollowerState (FollowerState.java:run(114)) - 3d22177d-605d-4638-aa04-41b506e5e6ef: FollowerState was interrupted: java.lang.InterruptedException: sleep interrupted
2019-07-13 20:53:31,933 INFO  impl.RaftServerImpl (ServerState.java:setRaftConf(361)) - 107fee82-e5db-4797-8aae-57162eed379b:group-361C7C48F2B7 set configuration 0: [107fee82-e5db-4797-8aae-57162eed379b:192.168.5.168:38874], old=null at 0
2019-07-13 20:53:31,936 INFO  segmented.SegmentedRaftLogWorker (SegmentedRaftLogWorker.java:execute(569)) - 107fee82-e5db-4797-8aae-57162eed379b-SegmentedRaftLogWorker:Storage Directory /tmp/workdir/hadoop-ozone/integration-test/target/test-dir/MiniOzoneClusterImpl-1ab524e4-8b94-4416-883f-eb3cfaa6454f/datanode-3/data/ratis/b70a13bf-1c91-4e24-9fd3-361c7c48f2b7: created new log segment /tmp/workdir/hadoop-ozone/integration-test/target/test-dir/MiniOzoneClusterImpl-1ab524e4-8b94-4416-883f-eb3cfaa6454f/datanode-3/data/ratis/b70a13bf-1c91-4e24-9fd3-361c7c48f2b7/current/log_inprogress_0
2019-07-13 20:53:31,938 INFO  impl.FollowerState (FollowerState.java:run(106)) - b21e3032-627d-46ac-b88e-fdc5f8b56f2f:group-76EBAC406C40 changes to CANDIDATE, lastRpcTime:5042, electionTimeout:5040ms
2019-07-13 20:53:31,938 INFO  impl.RoleInfo (RoleInfo.java:shutdownFollowerState(121)) - b21e3032-627d-46ac-b88e-fdc5f8b56f2f: shutdown FollowerState
2019-07-13 20:53:31,938 INFO  impl.RaftServerImpl (RaftServerImpl.java:setRole(171)) - b21e3032-627d-46ac-b88e-fdc5f8b56f2f:group-76EBAC406C40 changes role from FOLLOWER to CANDIDATE at term 0 for changeToCandidate
2019-07-13 20:53:31,941 INFO  impl.RoleInfo (RoleInfo.java:updateAndGet(143)) - b21e3032-627d-46ac-b88e-fdc5f8b56f2f: start LeaderElection
2019-07-13 20:53:31,948 INFO  impl.LeaderElection (LeaderElection.java:askForVotes(181)) - b21e3032-627d-46ac-b88e-fdc5f8b56f2f:group-76EBAC406C40:LeaderElection10: begin an election at term 1 for -1: [b21e3032-627d-46ac-b88e-fdc5f8b56f2f:192.168.5.168:38077, 88407b66-6843-4748-95c3-9b69e6f4e794:192.168.5.168:40478, ce825884-2075-49ff-9409-9d7b191e36bd:192.168.5.168:33543], old=null
2019-07-13 20:53:31,973 INFO  impl.LeaderElection (LeaderElection.java:logAndReturn(56)) - 0fed1087-15d2-4879-9faa-ad4f57cb19ae:group-8FFC8DAC8722:LeaderElection7: Election PASSED; received 2 response(s) [0fed1087-15d2-4879-9faa-ad4f57cb19ae<-3d22177d-605d-4638-aa04-41b506e5e6ef#0:OK-t1, 0fed1087-15d2-4879-9faa-ad4f57cb19ae<-62121b6c-f658-49f8-8f7f-7d79aebe6ec2#0:FAIL-t1] and 0 exception(s); 0fed1087-15d2-4879-9faa-ad4f57cb19ae:t1, leader=null, voted=0fed1087-15d2-4879-9faa-ad4f57cb19ae, raftlog=0fed1087-15d2-4879-9faa-ad4f57cb19ae-SegmentedRaftLog:OPENED:c-1,f-1,i0, conf=-1: [0fed1087-15d2-4879-9faa-ad4f57cb19ae:192.168.5.168:46104, 3d22177d-605d-4638-aa04-41b506e5e6ef:192.168.5.168:32985, 62121b6c-f658-49f8-8f7f-7d79aebe6ec2:192.168.5.168:37077], old=null
2019-07-13 20:53:31,974 INFO  impl.LeaderElection (LeaderElection.java:logAndReturn(56)) - 62121b6c-f658-49f8-8f7f-7d79aebe6ec2:group-8FFC8DAC8722:LeaderElection8: Election REJECTED; received 2 response(s) [62121b6c-f658-49f8-8f7f-7d79aebe6ec2<-0fed1087-15d2-4879-9faa-ad4f57cb19ae#0:FAIL-t1, 62121b6c-f658-49f8-8f7f-7d79aebe6ec2<-3d22177d-605d-4638-aa04-41b506e5e6ef#0:FAIL-t1] and 0 exception(s); 62121b6c-f658-49f8-8f7f-7d79aebe6ec2:t1, leader=null, voted=62121b6c-f658-49f8-8f7f-7d79aebe6ec2, raftlog=62121b6c-f658-49f8-8f7f-7d79aebe6ec2-SegmentedRaftLog:OPENED:c-1,f-1,i0, conf=-1: [0fed1087-15d2-4879-9faa-ad4f57cb19ae:192.168.5.168:46104, 3d22177d-605d-4638-aa04-41b506e5e6ef:192.168.5.168:32985, 62121b6c-f658-49f8-8f7f-7d79aebe6ec2:192.168.5.168:37077], old=null
2019-07-13 20:53:31,974 INFO  impl.RoleInfo (RoleInfo.java:shutdownLeaderElection(134)) - 0fed1087-15d2-4879-9faa-ad4f57cb19ae: shutdown LeaderElection
2019-07-13 20:53:31,976 INFO  impl.RaftServerImpl (RaftServerImpl.java:setRole(171)) - 62121b6c-f658-49f8-8f7f-7d79aebe6ec2:group-8FFC8DAC8722 changes role from CANDIDATE to FOLLOWER at term 1 for DISCOVERED_A_NEW_TERM
2019-07-13 20:53:31,981 INFO  impl.RaftServerImpl (RaftServerImpl.java:setRole(171)) - 0fed1087-15d2-4879-9faa-ad4f57cb19ae:group-8FFC8DAC8722 changes role from CANDIDATE to LEADER at term 1 for changeToLeader
2019-07-13 20:53:31,984 INFO  impl.RoleInfo (RoleInfo.java:shutdownLeaderElection(134)) - 62121b6c-f658-49f8-8f7f-7d79aebe6ec2: shutdown LeaderElection
2019-07-13 20:53:31,984 INFO  impl.RaftServerImpl (ServerState.java:setLeader(263)) - 0fed1087-15d2-4879-9faa-ad4f57cb19ae:group-8FFC8DAC8722 change Leader from null to 0fed1087-15d2-4879-9faa-ad4f57cb19ae at term 1 for becomeLeader, leader elected after 5196ms
2019-07-13 20:53:31,985 INFO  impl.RoleInfo (RoleInfo.java:updateAndGet(143)) - 62121b6c-f658-49f8-8f7f-7d79aebe6ec2: start FollowerState
2019-07-13 20:53:31,985 INFO  server.RaftServerConfigKeys (ConfUtils.java:logGet(43)) - raft.server.staging.catchup.gap = 1000 (default)
2019-07-13 20:53:31,985 INFO  server.RaftServerConfigKeys (ConfUtils.java:logGet(43)) - raft.server.rpc.sleep.time = 25ms (default)
2019-07-13 20:53:31,987 INFO  server.RaftServerConfigKeys (ConfUtils.java:logGet(43)) - raft.server.write.element-limit = 4096 (default)
2019-07-13 20:53:31,987 INFO  server.RaftServerConfigKeys (ConfUtils.java:logGet(43)) - raft.server.watch.timeout = 10s (default)
2019-07-13 20:53:31,987 INFO  server.RaftServerConfigKeys (ConfUtils.java:logGet(43)) - raft.server.watch.timeout.denomination = 1s (default)
2019-07-13 20:53:31,987 INFO  server.RaftServerConfigKeys (ConfUtils.java:logGet(43)) - raft.server.watch.element-limit = 65536 (default)
2019-07-13 20:53:31,992 INFO  impl.RaftServerImpl (RaftServerImpl.java:setRole(171)) - ce825884-2075-49ff-9409-9d7b191e36bd:group-76EBAC406C40 changes role from FOLLOWER to FOLLOWER at term 1 for recognizeCandidate:b21e3032-627d-46ac-b88e-fdc5f8b56f2f
2019-07-13 20:53:31,992 INFO  impl.RoleInfo (RoleInfo.java:shutdownFollowerState(121)) - ce825884-2075-49ff-9409-9d7b191e36bd: shutdown FollowerState
2019-07-13 20:53:31,992 INFO  impl.RaftServerImpl (RaftServerImpl.java:setRole(171)) - 88407b66-6843-4748-95c3-9b69e6f4e794:group-76EBAC406C40 changes role from FOLLOWER to FOLLOWER at term 1 for recognizeCandidate:b21e3032-627d-46ac-b88e-fdc5f8b56f2f
2019-07-13 20:53:31,992 INFO  impl.RoleInfo (RoleInfo.java:updateAndGet(143)) - ce825884-2075-49ff-9409-9d7b191e36bd: start FollowerState
2019-07-13 20:53:31,992 INFO  impl.FollowerState (FollowerState.java:run(114)) - ce825884-2075-49ff-9409-9d7b191e36bd: FollowerState was interrupted: java.lang.InterruptedException: sleep interrupted
2019-07-13 20:53:31,992 INFO  impl.RoleInfo (RoleInfo.java:shutdownFollowerState(121)) - 88407b66-6843-4748-95c3-9b69e6f4e794: shutdown FollowerState
2019-07-13 20:53:31,996 INFO  impl.RoleInfo (RoleInfo.java:updateAndGet(143)) - 88407b66-6843-4748-95c3-9b69e6f4e794: start FollowerState
2019-07-13 20:53:31,996 INFO  impl.FollowerState (FollowerState.java:run(114)) - 88407b66-6843-4748-95c3-9b69e6f4e794: FollowerState was interrupted: java.lang.InterruptedException: sleep interrupted
2019-07-13 20:53:31,998 INFO  server.RaftServerConfigKeys (ConfUtils.java:logGet(43)) - raft.server.log.appender.snapshot.chunk.size.max = 16MB (=16777216) (default)
2019-07-13 20:53:31,999 INFO  server.RaftServerConfigKeys (ConfUtils.java:logGet(43)) - raft.server.log.appender.buffer.byte-limit = 33554432 (custom)
2019-07-13 20:53:32,000 INFO  server.RaftServerConfigKeys (ConfUtils.java:logGet(43)) - raft.server.log.appender.buffer.element-limit = 1 (custom)
2019-07-13 20:53:32,003 INFO  grpc.GrpcConfigKeys$Server (ConfUtils.java:logGet(43)) - raft.grpc.server.leader.outstanding.appends.max = 128 (default)
2019-07-13 20:53:32,003 INFO  server.RaftServerConfigKeys (ConfUtils.java:logGet(43)) - raft.server.rpc.request.timeout = 3000ms (default)
2019-07-13 20:53:32,004 INFO  server.RaftServerConfigKeys (ConfUtils.java:logGet(43)) - raft.server.log.appender.install.snapshot.enabled = false (custom)
2019-07-13 20:53:32,004 INFO  server.RaftServerConfigKeys (ConfUtils.java:logGet(43)) - raft.server.log.appender.snapshot.chunk.size.max = 16MB (=16777216) (default)
2019-07-13 20:53:32,004 INFO  server.RaftServerConfigKeys (ConfUtils.java:logGet(43)) - raft.server.log.appender.buffer.byte-limit = 33554432 (custom)
2019-07-13 20:53:32,004 INFO  server.RaftServerConfigKeys (ConfUtils.java:logGet(43)) - raft.server.log.appender.buffer.element-limit = 1 (custom)
2019-07-13 20:53:32,004 INFO  grpc.GrpcConfigKeys$Server (ConfUtils.java:logGet(43)) - raft.grpc.server.leader.outstanding.appends.max = 128 (default)
2019-07-13 20:53:32,005 INFO  server.RaftServerConfigKeys (ConfUtils.java:logGet(43)) - raft.server.rpc.request.timeout = 3000ms (default)
2019-07-13 20:53:32,005 INFO  server.RaftServerConfigKeys (ConfUtils.java:logGet(43)) - raft.server.log.appender.install.snapshot.enabled = false (custom)
2019-07-13 20:53:32,006 INFO  impl.RoleInfo (RoleInfo.java:updateAndGet(143)) - 0fed1087-15d2-4879-9faa-ad4f57cb19ae: start LeaderState
2019-07-13 20:53:32,007 INFO  segmented.SegmentedRaftLogWorker (SegmentedRaftLogWorker.java:startLogSegment(380)) - 0fed1087-15d2-4879-9faa-ad4f57cb19ae-SegmentedRaftLogWorker:Storage Directory /tmp/workdir/hadoop-ozone/integration-test/target/test-dir/MiniOzoneClusterImpl-1ab524e4-8b94-4416-883f-eb3cfaa6454f/datanode-2/data/ratis/e7542025-2384-4542-8a77-8ffc8dac8722: Starting segment from index:0
2019-07-13 20:53:32,008 INFO  impl.RaftServerImpl (ServerState.java:setRaftConf(361)) - 0fed1087-15d2-4879-9faa-ad4f57cb19ae:group-8FFC8DAC8722 set configuration 0: [0fed1087-15d2-4879-9faa-ad4f57cb19ae:192.168.5.168:46104, 3d22177d-605d-4638-aa04-41b506e5e6ef:192.168.5.168:32985, 62121b6c-f658-49f8-8f7f-7d79aebe6ec2:192.168.5.168:37077], old=null at 0
2019-07-13 20:53:32,039 INFO  impl.LeaderElection (LeaderElection.java:logAndReturn(56)) - b21e3032-627d-46ac-b88e-fdc5f8b56f2f:group-76EBAC406C40:LeaderElection10: Election PASSED; received 1 response(s) [b21e3032-627d-46ac-b88e-fdc5f8b56f2f<-ce825884-2075-49ff-9409-9d7b191e36bd#0:OK-t1] and 0 exception(s); b21e3032-627d-46ac-b88e-fdc5f8b56f2f:t1, leader=null, voted=b21e3032-627d-46ac-b88e-fdc5f8b56f2f, raftlog=b21e3032-627d-46ac-b88e-fdc5f8b56f2f-SegmentedRaftLog:OPENED:c-1,f-1,i0, conf=-1: [b21e3032-627d-46ac-b88e-fdc5f8b56f2f:192.168.5.168:38077, 88407b66-6843-4748-95c3-9b69e6f4e794:192.168.5.168:40478, ce825884-2075-49ff-9409-9d7b191e36bd:192.168.5.168:33543], old=null
2019-07-13 20:53:32,040 INFO  impl.RoleInfo (RoleInfo.java:shutdownLeaderElection(134)) - b21e3032-627d-46ac-b88e-fdc5f8b56f2f: shutdown LeaderElection
2019-07-13 20:53:32,050 INFO  impl.RaftServerImpl (RaftServerImpl.java:setRole(171)) - b21e3032-627d-46ac-b88e-fdc5f8b56f2f:group-76EBAC406C40 changes role from CANDIDATE to LEADER at term 1 for changeToLeader
2019-07-13 20:53:32,054 INFO  segmented.SegmentedRaftLogWorker (SegmentedRaftLogWorker.java:execute(569)) - 0fed1087-15d2-4879-9faa-ad4f57cb19ae-SegmentedRaftLogWorker:Storage Directory /tmp/workdir/hadoop-ozone/integration-test/target/test-dir/MiniOzoneClusterImpl-1ab524e4-8b94-4416-883f-eb3cfaa6454f/datanode-2/data/ratis/e7542025-2384-4542-8a77-8ffc8dac8722: created new log segment /tmp/workdir/hadoop-ozone/integration-test/target/test-dir/MiniOzoneClusterImpl-1ab524e4-8b94-4416-883f-eb3cfaa6454f/datanode-2/data/ratis/e7542025-2384-4542-8a77-8ffc8dac8722/current/log_inprogress_0
2019-07-13 20:53:32,063 INFO  impl.RaftServerImpl (ServerState.java:setLeader(263)) - b21e3032-627d-46ac-b88e-fdc5f8b56f2f:group-76EBAC406C40 change Leader from null to b21e3032-627d-46ac-b88e-fdc5f8b56f2f at term 1 for becomeLeader, leader elected after 5177ms
2019-07-13 20:53:32,063 INFO  server.RaftServerConfigKeys (ConfUtils.java:logGet(43)) - raft.server.staging.catchup.gap = 1000 (default)
2019-07-13 20:53:32,063 INFO  server.RaftServerConfigKeys (ConfUtils.java:logGet(43)) - raft.server.rpc.sleep.time = 25ms (default)
2019-07-13 20:53:32,063 INFO  server.RaftServerConfigKeys (ConfUtils.java:logGet(43)) - raft.server.write.element-limit = 4096 (default)
2019-07-13 20:53:32,064 INFO  server.RaftServerConfigKeys (ConfUtils.java:logGet(43)) - raft.server.watch.timeout = 10s (default)
2019-07-13 20:53:32,064 INFO  server.RaftServerConfigKeys (ConfUtils.java:logGet(43)) - raft.server.watch.timeout.denomination = 1s (default)
2019-07-13 20:53:32,064 INFO  server.RaftServerConfigKeys (ConfUtils.java:logGet(43)) - raft.server.watch.element-limit = 65536 (default)
2019-07-13 20:53:32,064 INFO  server.RaftServerConfigKeys (ConfUtils.java:logGet(43)) - raft.server.log.appender.snapshot.chunk.size.max = 16MB (=16777216) (default)
2019-07-13 20:53:32,065 INFO  server.RaftServerConfigKeys (ConfUtils.java:logGet(43)) - raft.server.log.appender.buffer.byte-limit = 33554432 (custom)
2019-07-13 20:53:32,065 INFO  server.RaftServerConfigKeys (ConfUtils.java:logGet(43)) - raft.server.log.appender.buffer.element-limit = 1 (custom)
2019-07-13 20:53:32,065 INFO  grpc.GrpcConfigKeys$Server (ConfUtils.java:logGet(43)) - raft.grpc.server.leader.outstanding.appends.max = 128 (default)
2019-07-13 20:53:32,065 INFO  server.RaftServerConfigKeys (ConfUtils.java:logGet(43)) - raft.server.rpc.request.timeout = 3000ms (default)
2019-07-13 20:53:32,066 INFO  server.RaftServerConfigKeys (ConfUtils.java:logGet(43)) - raft.server.log.appender.install.snapshot.enabled = false (custom)
2019-07-13 20:53:32,066 INFO  server.RaftServerConfigKeys (ConfUtils.java:logGet(43)) - raft.server.log.appender.snapshot.chunk.size.max = 16MB (=16777216) (default)
2019-07-13 20:53:32,066 INFO  server.RaftServerConfigKeys (ConfUtils.java:logGet(43)) - raft.server.log.appender.buffer.byte-limit = 33554432 (custom)
2019-07-13 20:53:32,066 INFO  server.RaftServerConfigKeys (ConfUtils.java:logGet(43)) - raft.server.log.appender.buffer.element-limit = 1 (custom)
2019-07-13 20:53:32,066 INFO  grpc.GrpcConfigKeys$Server (ConfUtils.java:logGet(43)) - raft.grpc.server.leader.outstanding.appends.max = 128 (default)
2019-07-13 20:53:32,067 INFO  server.RaftServerConfigKeys (ConfUtils.java:logGet(43)) - raft.server.rpc.request.timeout = 3000ms (default)
2019-07-13 20:53:32,067 INFO  server.RaftServerConfigKeys (ConfUtils.java:logGet(43)) - raft.server.log.appender.install.snapshot.enabled = false (custom)
2019-07-13 20:53:32,067 INFO  impl.RoleInfo (RoleInfo.java:updateAndGet(143)) - b21e3032-627d-46ac-b88e-fdc5f8b56f2f: start LeaderState
2019-07-13 20:53:32,068 INFO  segmented.SegmentedRaftLogWorker (SegmentedRaftLogWorker.java:startLogSegment(380)) - b21e3032-627d-46ac-b88e-fdc5f8b56f2f-SegmentedRaftLogWorker:Storage Directory /tmp/workdir/hadoop-ozone/integration-test/target/test-dir/MiniOzoneClusterImpl-1ab524e4-8b94-4416-883f-eb3cfaa6454f/datanode-4/data/ratis/8920b91f-f4d7-47a8-8a58-76ebac406c40: Starting segment from index:0
2019-07-13 20:53:32,069 INFO  impl.RaftServerImpl (ServerState.java:setRaftConf(361)) - b21e3032-627d-46ac-b88e-fdc5f8b56f2f:group-76EBAC406C40 set configuration 0: [b21e3032-627d-46ac-b88e-fdc5f8b56f2f:192.168.5.168:38077, 88407b66-6843-4748-95c3-9b69e6f4e794:192.168.5.168:40478, ce825884-2075-49ff-9409-9d7b191e36bd:192.168.5.168:33543], old=null at 0
2019-07-13 20:53:32,093 INFO  segmented.SegmentedRaftLogWorker (SegmentedRaftLogWorker.java:execute(569)) - b21e3032-627d-46ac-b88e-fdc5f8b56f2f-SegmentedRaftLogWorker:Storage Directory /tmp/workdir/hadoop-ozone/integration-test/target/test-dir/MiniOzoneClusterImpl-1ab524e4-8b94-4416-883f-eb3cfaa6454f/datanode-4/data/ratis/8920b91f-f4d7-47a8-8a58-76ebac406c40: created new log segment /tmp/workdir/hadoop-ozone/integration-test/target/test-dir/MiniOzoneClusterImpl-1ab524e4-8b94-4416-883f-eb3cfaa6454f/datanode-4/data/ratis/8920b91f-f4d7-47a8-8a58-76ebac406c40/current/log_inprogress_0
2019-07-13 20:53:32,098 INFO  impl.RaftServerImpl (ServerState.java:setLeader(263)) - 62121b6c-f658-49f8-8f7f-7d79aebe6ec2:group-8FFC8DAC8722 change Leader from null to 0fed1087-15d2-4879-9faa-ad4f57cb19ae at term 1 for appendEntries, leader elected after 5312ms
2019-07-13 20:53:32,100 INFO  impl.RaftServerImpl (ServerState.java:setLeader(263)) - ce825884-2075-49ff-9409-9d7b191e36bd:group-76EBAC406C40 change Leader from null to b21e3032-627d-46ac-b88e-fdc5f8b56f2f at term 1 for appendEntries, leader elected after 5221ms
2019-07-13 20:53:32,098 INFO  impl.RaftServerImpl (ServerState.java:setLeader(263)) - 3d22177d-605d-4638-aa04-41b506e5e6ef:group-8FFC8DAC8722 change Leader from null to 0fed1087-15d2-4879-9faa-ad4f57cb19ae at term 1 for appendEntries, leader elected after 5312ms
2019-07-13 20:53:32,103 INFO  impl.RaftServerImpl (ServerState.java:setLeader(263)) - 88407b66-6843-4748-95c3-9b69e6f4e794:group-76EBAC406C40 change Leader from null to b21e3032-627d-46ac-b88e-fdc5f8b56f2f at term 1 for appendEntries, leader elected after 5224ms
2019-07-13 20:53:32,141 INFO  impl.RaftServerImpl (ServerState.java:setRaftConf(361)) - 62121b6c-f658-49f8-8f7f-7d79aebe6ec2:group-8FFC8DAC8722 set configuration 0: [0fed1087-15d2-4879-9faa-ad4f57cb19ae:192.168.5.168:46104, 3d22177d-605d-4638-aa04-41b506e5e6ef:192.168.5.168:32985, 62121b6c-f658-49f8-8f7f-7d79aebe6ec2:192.168.5.168:37077], old=null at 0
2019-07-13 20:53:32,141 INFO  impl.RaftServerImpl (ServerState.java:setRaftConf(361)) - ce825884-2075-49ff-9409-9d7b191e36bd:group-76EBAC406C40 set configuration 0: [b21e3032-627d-46ac-b88e-fdc5f8b56f2f:192.168.5.168:38077, 88407b66-6843-4748-95c3-9b69e6f4e794:192.168.5.168:40478, ce825884-2075-49ff-9409-9d7b191e36bd:192.168.5.168:33543], old=null at 0
2019-07-13 20:53:32,142 INFO  impl.RaftServerImpl (ServerState.java:setRaftConf(361)) - 3d22177d-605d-4638-aa04-41b506e5e6ef:group-8FFC8DAC8722 set configuration 0: [0fed1087-15d2-4879-9faa-ad4f57cb19ae:192.168.5.168:46104, 3d22177d-605d-4638-aa04-41b506e5e6ef:192.168.5.168:32985, 62121b6c-f658-49f8-8f7f-7d79aebe6ec2:192.168.5.168:37077], old=null at 0
2019-07-13 20:53:32,142 INFO  segmented.SegmentedRaftLogWorker (SegmentedRaftLogWorker.java:startLogSegment(380)) - 62121b6c-f658-49f8-8f7f-7d79aebe6ec2-SegmentedRaftLogWorker:Storage Directory /tmp/workdir/hadoop-ozone/integration-test/target/test-dir/MiniOzoneClusterImpl-1ab524e4-8b94-4416-883f-eb3cfaa6454f/datanode-6/data/ratis/e7542025-2384-4542-8a77-8ffc8dac8722: Starting segment from index:0
2019-07-13 20:53:32,142 INFO  segmented.SegmentedRaftLogWorker (SegmentedRaftLogWorker.java:startLogSegment(380)) - 3d22177d-605d-4638-aa04-41b506e5e6ef-SegmentedRaftLogWorker:Storage Directory /tmp/workdir/hadoop-ozone/integration-test/target/test-dir/MiniOzoneClusterImpl-1ab524e4-8b94-4416-883f-eb3cfaa6454f/datanode-5/data/ratis/e7542025-2384-4542-8a77-8ffc8dac8722: Starting segment from index:0
2019-07-13 20:53:32,142 INFO  segmented.SegmentedRaftLogWorker (SegmentedRaftLogWorker.java:startLogSegment(380)) - ce825884-2075-49ff-9409-9d7b191e36bd-SegmentedRaftLogWorker:Storage Directory /tmp/workdir/hadoop-ozone/integration-test/target/test-dir/MiniOzoneClusterImpl-1ab524e4-8b94-4416-883f-eb3cfaa6454f/datanode-0/data/ratis/8920b91f-f4d7-47a8-8a58-76ebac406c40: Starting segment from index:0
2019-07-13 20:53:32,142 INFO  impl.RaftServerImpl (ServerState.java:setRaftConf(361)) - 88407b66-6843-4748-95c3-9b69e6f4e794:group-76EBAC406C40 set configuration 0: [b21e3032-627d-46ac-b88e-fdc5f8b56f2f:192.168.5.168:38077, 88407b66-6843-4748-95c3-9b69e6f4e794:192.168.5.168:40478, ce825884-2075-49ff-9409-9d7b191e36bd:192.168.5.168:33543], old=null at 0
2019-07-13 20:53:32,143 INFO  segmented.SegmentedRaftLogWorker (SegmentedRaftLogWorker.java:startLogSegment(380)) - 88407b66-6843-4748-95c3-9b69e6f4e794-SegmentedRaftLogWorker:Storage Directory /tmp/workdir/hadoop-ozone/integration-test/target/test-dir/MiniOzoneClusterImpl-1ab524e4-8b94-4416-883f-eb3cfaa6454f/datanode-1/data/ratis/8920b91f-f4d7-47a8-8a58-76ebac406c40: Starting segment from index:0
2019-07-13 20:53:32,171 INFO  segmented.SegmentedRaftLogWorker (SegmentedRaftLogWorker.java:execute(569)) - ce825884-2075-49ff-9409-9d7b191e36bd-SegmentedRaftLogWorker:Storage Directory /tmp/workdir/hadoop-ozone/integration-test/target/test-dir/MiniOzoneClusterImpl-1ab524e4-8b94-4416-883f-eb3cfaa6454f/datanode-0/data/ratis/8920b91f-f4d7-47a8-8a58-76ebac406c40: created new log segment /tmp/workdir/hadoop-ozone/integration-test/target/test-dir/MiniOzoneClusterImpl-1ab524e4-8b94-4416-883f-eb3cfaa6454f/datanode-0/data/ratis/8920b91f-f4d7-47a8-8a58-76ebac406c40/current/log_inprogress_0
2019-07-13 20:53:32,171 INFO  segmented.SegmentedRaftLogWorker (SegmentedRaftLogWorker.java:execute(569)) - 62121b6c-f658-49f8-8f7f-7d79aebe6ec2-SegmentedRaftLogWorker:Storage Directory /tmp/workdir/hadoop-ozone/integration-test/target/test-dir/MiniOzoneClusterImpl-1ab524e4-8b94-4416-883f-eb3cfaa6454f/datanode-6/data/ratis/e7542025-2384-4542-8a77-8ffc8dac8722: created new log segment /tmp/workdir/hadoop-ozone/integration-test/target/test-dir/MiniOzoneClusterImpl-1ab524e4-8b94-4416-883f-eb3cfaa6454f/datanode-6/data/ratis/e7542025-2384-4542-8a77-8ffc8dac8722/current/log_inprogress_0
2019-07-13 20:53:32,171 INFO  segmented.SegmentedRaftLogWorker (SegmentedRaftLogWorker.java:execute(569)) - 88407b66-6843-4748-95c3-9b69e6f4e794-SegmentedRaftLogWorker:Storage Directory /tmp/workdir/hadoop-ozone/integration-test/target/test-dir/MiniOzoneClusterImpl-1ab524e4-8b94-4416-883f-eb3cfaa6454f/datanode-1/data/ratis/8920b91f-f4d7-47a8-8a58-76ebac406c40: created new log segment /tmp/workdir/hadoop-ozone/integration-test/target/test-dir/MiniOzoneClusterImpl-1ab524e4-8b94-4416-883f-eb3cfaa6454f/datanode-1/data/ratis/8920b91f-f4d7-47a8-8a58-76ebac406c40/current/log_inprogress_0
2019-07-13 20:53:32,171 INFO  segmented.SegmentedRaftLogWorker (SegmentedRaftLogWorker.java:execute(569)) - 3d22177d-605d-4638-aa04-41b506e5e6ef-SegmentedRaftLogWorker:Storage Directory /tmp/workdir/hadoop-ozone/integration-test/target/test-dir/MiniOzoneClusterImpl-1ab524e4-8b94-4416-883f-eb3cfaa6454f/datanode-5/data/ratis/e7542025-2384-4542-8a77-8ffc8dac8722: created new log segment /tmp/workdir/hadoop-ozone/integration-test/target/test-dir/MiniOzoneClusterImpl-1ab524e4-8b94-4416-883f-eb3cfaa6454f/datanode-5/data/ratis/e7542025-2384-4542-8a77-8ffc8dac8722/current/log_inprogress_0
2019-07-13 20:53:32,258 INFO  client.GrpcClientProtocolClient (GrpcClientProtocolClient.java:onNext(255)) - client-8A9EC344A7FD->88407b66-6843-4748-95c3-9b69e6f4e794: receive RaftClientReply:client-8A9EC344A7FD->88407b66-6843-4748-95c3-9b69e6f4e794@group-76EBAC406C40, cid=13, FAILED org.apache.ratis.protocol.NotLeaderException: Server 88407b66-6843-4748-95c3-9b69e6f4e794 is not the leader (b21e3032-627d-46ac-b88e-fdc5f8b56f2f:192.168.5.168:38077). Request must be sent to leader., logIndex=0, commits[88407b66-6843-4748-95c3-9b69e6f4e794:c0, b21e3032-627d-46ac-b88e-fdc5f8b56f2f:c0, ce825884-2075-49ff-9409-9d7b191e36bd:c-1]
2019-07-13 20:53:32,496 INFO  client.GrpcClientProtocolClient (GrpcClientProtocolClient.java:onNext(255)) - client-8A9EC344A7FD->b21e3032-627d-46ac-b88e-fdc5f8b56f2f: receive RaftClientReply:client-8A9EC344A7FD->b21e3032-627d-46ac-b88e-fdc5f8b56f2f@group-76EBAC406C40, cid=13, SUCCESS, logIndex=1, commits[b21e3032-627d-46ac-b88e-fdc5f8b56f2f:c1, 88407b66-6843-4748-95c3-9b69e6f4e794:c0, ce825884-2075-49ff-9409-9d7b191e36bd:c0]
2019-07-13 20:53:32,529 INFO  client.GrpcClientProtocolClient (GrpcClientProtocolClient.java:onNext(255)) - client-8A9EC344A7FD->b21e3032-627d-46ac-b88e-fdc5f8b56f2f: receive RaftClientReply:client-8A9EC344A7FD->b21e3032-627d-46ac-b88e-fdc5f8b56f2f@group-76EBAC406C40, cid=14, SUCCESS, logIndex=3, commits[b21e3032-627d-46ac-b88e-fdc5f8b56f2f:c3, 88407b66-6843-4748-95c3-9b69e6f4e794:c2, ce825884-2075-49ff-9409-9d7b191e36bd:c2]
2019-07-13 20:53:32,604 INFO  client.GrpcClientProtocolClient (GrpcClientProtocolClient.java:onNext(255)) - client-8A9EC344A7FD->b21e3032-627d-46ac-b88e-fdc5f8b56f2f: receive RaftClientReply:client-8A9EC344A7FD->b21e3032-627d-46ac-b88e-fdc5f8b56f2f@group-76EBAC406C40, cid=15, SUCCESS, logIndex=5, commits[b21e3032-627d-46ac-b88e-fdc5f8b56f2f:c12, 88407b66-6843-4748-95c3-9b69e6f4e794:c8, ce825884-2075-49ff-9409-9d7b191e36bd:c8]
2019-07-13 20:53:32,607 INFO  client.GrpcClientProtocolClient (GrpcClientProtocolClient.java:onNext(255)) - client-8A9EC344A7FD->b21e3032-627d-46ac-b88e-fdc5f8b56f2f: receive RaftClientReply:client-8A9EC344A7FD->b21e3032-627d-46ac-b88e-fdc5f8b56f2f@group-76EBAC406C40, cid=16, SUCCESS, logIndex=6, commits[b21e3032-627d-46ac-b88e-fdc5f8b56f2f:c12, 88407b66-6843-4748-95c3-9b69e6f4e794:c8, ce825884-2075-49ff-9409-9d7b191e36bd:c8]
2019-07-13 20:53:32,608 INFO  client.GrpcClientProtocolClient (GrpcClientProtocolClient.java:onNext(255)) - client-8A9EC344A7FD->b21e3032-627d-46ac-b88e-fdc5f8b56f2f: receive RaftClientReply:client-8A9EC344A7FD->b21e3032-627d-46ac-b88e-fdc5f8b56f2f@group-76EBAC406C40, cid=17, SUCCESS, logIndex=7, commits[b21e3032-627d-46ac-b88e-fdc5f8b56f2f:c12, 88407b66-6843-4748-95c3-9b69e6f4e794:c8, ce825884-2075-49ff-9409-9d7b191e36bd:c8]
2019-07-13 20:53:32,630 INFO  client.GrpcClientProtocolClient (GrpcClientProtocolClient.java:onNext(255)) - client-8A9EC344A7FD->b21e3032-627d-46ac-b88e-fdc5f8b56f2f: receive RaftClientReply:client-8A9EC344A7FD->b21e3032-627d-46ac-b88e-fdc5f8b56f2f@group-76EBAC406C40, cid=18, SUCCESS, logIndex=8, commits[b21e3032-627d-46ac-b88e-fdc5f8b56f2f:c12, 88407b66-6843-4748-95c3-9b69e6f4e794:c8, ce825884-2075-49ff-9409-9d7b191e36bd:c8]
2019-07-13 20:53:32,643 INFO  pipeline.SCMPipelineManager (SCMPipelineManager.java:finalizeAndDestroyPipeline(309)) - destroying pipeline:Pipeline[ Id: 8920b91f-f4d7-47a8-8a58-76ebac406c40, Nodes: 88407b66-6843-4748-95c3-9b69e6f4e794{ip: 192.168.5.168, host: trunk-nightly-6qp7m-2461138711, networkLocation: /default-rack, certSerialId: null}b21e3032-627d-46ac-b88e-fdc5f8b56f2f{ip: 192.168.5.168, host: trunk-nightly-6qp7m-2461138711, networkLocation: /default-rack, certSerialId: null}ce825884-2075-49ff-9409-9d7b191e36bd{ip: 192.168.5.168, host: trunk-nightly-6qp7m-2461138711, networkLocation: /default-rack, certSerialId: null}, Type:RATIS, Factor:THREE, State:OPEN]
2019-07-13 20:53:32,644 INFO  pipeline.PipelineStateManager (PipelineStateManager.java:finalizePipeline(123)) - Pipeline Pipeline[ Id: 8920b91f-f4d7-47a8-8a58-76ebac406c40, Nodes: 88407b66-6843-4748-95c3-9b69e6f4e794{ip: 192.168.5.168, host: trunk-nightly-6qp7m-2461138711, networkLocation: /default-rack, certSerialId: null}b21e3032-627d-46ac-b88e-fdc5f8b56f2f{ip: 192.168.5.168, host: trunk-nightly-6qp7m-2461138711, networkLocation: /default-rack, certSerialId: null}ce825884-2075-49ff-9409-9d7b191e36bd{ip: 192.168.5.168, host: trunk-nightly-6qp7m-2461138711, networkLocation: /default-rack, certSerialId: null}, Type:RATIS, Factor:THREE, State:CLOSED] moved to CLOSED state
2019-07-13 20:53:32,645 INFO  container.CloseContainerEventHandler (CloseContainerEventHandler.java:onMessage(61)) - Close container Event triggered for container : #1
2019-07-13 20:53:32,672 INFO  impl.RaftServerProxy (RaftServerProxy.java:remove(95)) - 88407b66-6843-4748-95c3-9b69e6f4e794: remove FOLLOWER group-76EBAC406C40 88407b66-6843-4748-95c3-9b69e6f4e794:t1, leader=b21e3032-627d-46ac-b88e-fdc5f8b56f2f, voted=b21e3032-627d-46ac-b88e-fdc5f8b56f2f, raftlog=88407b66-6843-4748-95c3-9b69e6f4e794-SegmentedRaftLog:OPENED:c8,f12,i12, conf=0: [b21e3032-627d-46ac-b88e-fdc5f8b56f2f:192.168.5.168:38077, 88407b66-6843-4748-95c3-9b69e6f4e794:192.168.5.168:40478, ce825884-2075-49ff-9409-9d7b191e36bd:192.168.5.168:33543], old=null RUNNING
2019-07-13 20:53:32,678 INFO  impl.RaftServerImpl (RaftServerImpl.java:lambda$shutdown$3(245)) - 88407b66-6843-4748-95c3-9b69e6f4e794: shutdown group-76EBAC406C40
2019-07-13 20:53:32,679 INFO  util.JmxRegister (JmxRegister.java:unregister(73)) - Successfully un-registered JMX Bean with object name Ratis:service=RaftServer,group=group-76EBAC406C40,id=88407b66-6843-4748-95c3-9b69e6f4e794
2019-07-13 20:53:32,679 INFO  impl.RoleInfo (RoleInfo.java:shutdownFollowerState(121)) - 88407b66-6843-4748-95c3-9b69e6f4e794: shutdown FollowerState
2019-07-13 20:53:32,679 INFO  impl.StateMachineUpdater (StateMachineUpdater.java:stopAndJoin(115)) - StateMachineUpdater:88407b66-6843-4748-95c3-9b69e6f4e794:group-76EBAC406C40: set stopIndex = 8
2019-07-13 20:53:32,680 INFO  ratis.ContainerStateMachine (ContainerStateMachine.java:takeSnapshot(246)) - Taking snapshot at termIndex:(t:1, i:8)
2019-07-13 20:53:32,679 INFO  impl.FollowerState (FollowerState.java:run(114)) - 88407b66-6843-4748-95c3-9b69e6f4e794: FollowerState was interrupted: java.lang.InterruptedException: sleep interrupted
2019-07-13 20:53:32,682 INFO  ratis.ContainerStateMachine (ContainerStateMachine.java:takeSnapshot(250)) - Taking a snapshot to file /tmp/workdir/hadoop-ozone/integration-test/target/test-dir/MiniOzoneClusterImpl-1ab524e4-8b94-4416-883f-eb3cfaa6454f/datanode-1/data/ratis/8920b91f-f4d7-47a8-8a58-76ebac406c40/sm/snapshot.1_8
2019-07-13 20:53:32,697 INFO  impl.StateMachineUpdater (StateMachineUpdater.java:takeSnapshot(242)) - StateMachineUpdater:88407b66-6843-4748-95c3-9b69e6f4e794:group-76EBAC406C40: Took a snapshot at index 8
2019-07-13 20:53:32,699 INFO  impl.StateMachineUpdater (StateMachineUpdater.java:lambda$new$0(80)) - StateMachineUpdater:88407b66-6843-4748-95c3-9b69e6f4e794:group-76EBAC406C40: snapshotIndex: updateIncreasingly -1 -> 8
2019-07-13 20:53:32,704 INFO  impl.RaftServerImpl (ServerState.java:close(394)) - 88407b66-6843-4748-95c3-9b69e6f4e794:group-76EBAC406C40 closes. The last applied log index is 8
2019-07-13 20:53:32,707 INFO  segmented.SegmentedRaftLogWorker (SegmentedRaftLogWorker.java:run(313)) - 88407b66-6843-4748-95c3-9b69e6f4e794-SegmentedRaftLogWorker:Storage Directory /tmp/workdir/hadoop-ozone/integration-test/target/test-dir/MiniOzoneClusterImpl-1ab524e4-8b94-4416-883f-eb3cfaa6454f/datanode-1/data/ratis/8920b91f-f4d7-47a8-8a58-76ebac406c40 was interrupted, exiting. There are 0 tasks remaining in the queue.
2019-07-13 20:53:32,711 INFO  segmented.SegmentedRaftLogWorker (SegmentedRaftLogWorker.java:close(228)) - 88407b66-6843-4748-95c3-9b69e6f4e794-SegmentedRaftLogWorker:Storage Directory /tmp/workdir/hadoop-ozone/integration-test/target/test-dir/MiniOzoneClusterImpl-1ab524e4-8b94-4416-883f-eb3cfaa6454f/datanode-1/data/ratis/8920b91f-f4d7-47a8-8a58-76ebac406c40 close()
2019-07-13 20:53:32,739 INFO  impl.RaftServerProxy (RaftServerProxy.java:remove(95)) - b21e3032-627d-46ac-b88e-fdc5f8b56f2f: remove   LEADER group-76EBAC406C40 b21e3032-627d-46ac-b88e-fdc5f8b56f2f:t1, leader=b21e3032-627d-46ac-b88e-fdc5f8b56f2f, voted=b21e3032-627d-46ac-b88e-fdc5f8b56f2f, raftlog=b21e3032-627d-46ac-b88e-fdc5f8b56f2f-SegmentedRaftLog:OPENED:c12,f12,i12, conf=0: [b21e3032-627d-46ac-b88e-fdc5f8b56f2f:192.168.5.168:38077, 88407b66-6843-4748-95c3-9b69e6f4e794:192.168.5.168:40478, ce825884-2075-49ff-9409-9d7b191e36bd:192.168.5.168:33543], old=null RUNNING
2019-07-13 20:53:32,740 INFO  impl.RaftServerImpl (RaftServerImpl.java:lambda$shutdown$3(245)) - b21e3032-627d-46ac-b88e-fdc5f8b56f2f: shutdown group-76EBAC406C40
2019-07-13 20:53:32,740 INFO  util.JmxRegister (JmxRegister.java:unregister(73)) - Successfully un-registered JMX Bean with object name Ratis:service=RaftServer,group=group-76EBAC406C40,id=b21e3032-627d-46ac-b88e-fdc5f8b56f2f
2019-07-13 20:53:32,740 INFO  impl.RoleInfo (RoleInfo.java:shutdownLeaderState(104)) - b21e3032-627d-46ac-b88e-fdc5f8b56f2f: shutdown LeaderState
2019-07-13 20:53:32,744 INFO  impl.PendingRequests (PendingRequests.java:sendNotLeaderResponses(202)) - b21e3032-627d-46ac-b88e-fdc5f8b56f2f-PendingRequests: sendNotLeaderResponses
2019-07-13 20:53:32,744 WARN  server.GrpcLogAppender (GrpcLogAppender.java:mayWait(143)) - GrpcLogAppender(b21e3032-627d-46ac-b88e-fdc5f8b56f2f->88407b66-6843-4748-95c3-9b69e6f4e794): Wait interrupted by java.lang.InterruptedException
2019-07-13 20:53:32,746 WARN  server.GrpcLogAppender (GrpcLogAppender.java:mayWait(143)) - GrpcLogAppender(b21e3032-627d-46ac-b88e-fdc5f8b56f2f->ce825884-2075-49ff-9409-9d7b191e36bd): Wait interrupted by java.lang.InterruptedException
2019-07-13 20:53:32,752 INFO  server.GrpcServerProtocolService (GrpcServerProtocolService.java:onCompleted(104)) - ce825884-2075-49ff-9409-9d7b191e36bd: appendEntries completed
2019-07-13 20:53:32,752 INFO  server.GrpcServerProtocolService (GrpcServerProtocolService.java:onCompleted(104)) - 88407b66-6843-4748-95c3-9b69e6f4e794: appendEntries completed
2019-07-13 20:53:32,758 INFO  server.GrpcLogAppender (GrpcLogAppender.java:onCompleted(292)) - b21e3032-627d-46ac-b88e-fdc5f8b56f2f->ce825884-2075-49ff-9409-9d7b191e36bd: follower responses appendEntries COMPLETED
2019-07-13 20:53:32,758 INFO  server.GrpcLogAppender (GrpcLogAppender.java:onCompleted(292)) - b21e3032-627d-46ac-b88e-fdc5f8b56f2f->88407b66-6843-4748-95c3-9b69e6f4e794: follower responses appendEntries COMPLETED
2019-07-13 20:53:32,764 INFO  impl.FollowerInfo (FollowerInfo.java:lambda$new$0(50)) - b21e3032-627d-46ac-b88e-fdc5f8b56f2f->88407b66-6843-4748-95c3-9b69e6f4e794: nextIndex: updateUnconditionally 13 -> 12
2019-07-13 20:53:32,764 INFO  impl.FollowerInfo (FollowerInfo.java:lambda$new$0(50)) - b21e3032-627d-46ac-b88e-fdc5f8b56f2f->ce825884-2075-49ff-9409-9d7b191e36bd: nextIndex: updateUnconditionally 13 -> 12
2019-07-13 20:53:32,770 INFO  impl.StateMachineUpdater (StateMachineUpdater.java:stopAndJoin(115)) - StateMachineUpdater:b21e3032-627d-46ac-b88e-fdc5f8b56f2f:group-76EBAC406C40: set stopIndex = 12
2019-07-13 20:53:32,770 INFO  ratis.ContainerStateMachine (ContainerStateMachine.java:takeSnapshot(246)) - Taking snapshot at termIndex:(t:1, i:12)
2019-07-13 20:53:32,788 INFO  ratis.ContainerStateMachine (ContainerStateMachine.java:takeSnapshot(250)) - Taking a snapshot to file /tmp/workdir/hadoop-ozone/integration-test/target/test-dir/MiniOzoneClusterImpl-1ab524e4-8b94-4416-883f-eb3cfaa6454f/datanode-4/data/ratis/8920b91f-f4d7-47a8-8a58-76ebac406c40/sm/snapshot.1_12
2019-07-13 20:53:32,790 INFO  impl.StateMachineUpdater (StateMachineUpdater.java:takeSnapshot(242)) - StateMachineUpdater:b21e3032-627d-46ac-b88e-fdc5f8b56f2f:group-76EBAC406C40: Took a snapshot at index 12
2019-07-13 20:53:32,790 INFO  impl.StateMachineUpdater (StateMachineUpdater.java:lambda$new$0(80)) - StateMachineUpdater:b21e3032-627d-46ac-b88e-fdc5f8b56f2f:group-76EBAC406C40: snapshotIndex: updateIncreasingly -1 -> 12
2019-07-13 20:53:32,790 INFO  impl.RaftServerImpl (ServerState.java:close(394)) - b21e3032-627d-46ac-b88e-fdc5f8b56f2f:group-76EBAC406C40 closes. The last applied log index is 12
2019-07-13 20:53:32,791 INFO  segmented.SegmentedRaftLogWorker (SegmentedRaftLogWorker.java:run(313)) - b21e3032-627d-46ac-b88e-fdc5f8b56f2f-SegmentedRaftLogWorker:Storage Directory /tmp/workdir/hadoop-ozone/integration-test/target/test-dir/MiniOzoneClusterImpl-1ab524e4-8b94-4416-883f-eb3cfaa6454f/datanode-4/data/ratis/8920b91f-f4d7-47a8-8a58-76ebac406c40 was interrupted, exiting. There are 0 tasks remaining in the queue.
2019-07-13 20:53:32,794 INFO  segmented.SegmentedRaftLogWorker (SegmentedRaftLogWorker.java:close(228)) - b21e3032-627d-46ac-b88e-fdc5f8b56f2f-SegmentedRaftLogWorker:Storage Directory /tmp/workdir/hadoop-ozone/integration-test/target/test-dir/MiniOzoneClusterImpl-1ab524e4-8b94-4416-883f-eb3cfaa6454f/datanode-4/data/ratis/8920b91f-f4d7-47a8-8a58-76ebac406c40 close()
2019-07-13 20:53:32,816 INFO  impl.RaftServerProxy (RaftServerProxy.java:remove(95)) - ce825884-2075-49ff-9409-9d7b191e36bd: remove FOLLOWER group-76EBAC406C40 ce825884-2075-49ff-9409-9d7b191e36bd:t1, leader=b21e3032-627d-46ac-b88e-fdc5f8b56f2f, voted=b21e3032-627d-46ac-b88e-fdc5f8b56f2f, raftlog=ce825884-2075-49ff-9409-9d7b191e36bd-SegmentedRaftLog:OPENED:c8,f12,i12, conf=0: [b21e3032-627d-46ac-b88e-fdc5f8b56f2f:192.168.5.168:38077, 88407b66-6843-4748-95c3-9b69e6f4e794:192.168.5.168:40478, ce825884-2075-49ff-9409-9d7b191e36bd:192.168.5.168:33543], old=null RUNNING
2019-07-13 20:53:32,817 INFO  impl.RaftServerImpl (RaftServerImpl.java:lambda$shutdown$3(245)) - ce825884-2075-49ff-9409-9d7b191e36bd: shutdown group-76EBAC406C40
2019-07-13 20:53:32,817 INFO  util.JmxRegister (JmxRegister.java:unregister(73)) - Successfully un-registered JMX Bean with object name Ratis:service=RaftServer,group=group-76EBAC406C40,id=ce825884-2075-49ff-9409-9d7b191e36bd
2019-07-13 20:53:32,817 INFO  impl.RoleInfo (RoleInfo.java:shutdownFollowerState(121)) - ce825884-2075-49ff-9409-9d7b191e36bd: shutdown FollowerState
2019-07-13 20:53:32,817 INFO  impl.StateMachineUpdater (StateMachineUpdater.java:stopAndJoin(115)) - StateMachineUpdater:ce825884-2075-49ff-9409-9d7b191e36bd:group-76EBAC406C40: set stopIndex = 8
2019-07-13 20:53:32,818 INFO  impl.FollowerState (FollowerState.java:run(114)) - ce825884-2075-49ff-9409-9d7b191e36bd: FollowerState was interrupted: java.lang.InterruptedException: sleep interrupted
2019-07-13 20:53:32,820 INFO  ratis.ContainerStateMachine (ContainerStateMachine.java:takeSnapshot(246)) - Taking snapshot at termIndex:(t:1, i:8)
2019-07-13 20:53:32,822 INFO  ratis.ContainerStateMachine (ContainerStateMachine.java:takeSnapshot(250)) - Taking a snapshot to file /tmp/workdir/hadoop-ozone/integration-test/target/test-dir/MiniOzoneClusterImpl-1ab524e4-8b94-4416-883f-eb3cfaa6454f/datanode-0/data/ratis/8920b91f-f4d7-47a8-8a58-76ebac406c40/sm/snapshot.1_8
2019-07-13 20:53:32,822 INFO  impl.StateMachineUpdater (StateMachineUpdater.java:takeSnapshot(242)) - StateMachineUpdater:ce825884-2075-49ff-9409-9d7b191e36bd:group-76EBAC406C40: Took a snapshot at index 8
2019-07-13 20:53:32,822 INFO  impl.StateMachineUpdater (StateMachineUpdater.java:lambda$new$0(80)) - StateMachineUpdater:ce825884-2075-49ff-9409-9d7b191e36bd:group-76EBAC406C40: snapshotIndex: updateIncreasingly -1 -> 8
2019-07-13 20:53:32,823 INFO  impl.RaftServerImpl (ServerState.java:close(394)) - ce825884-2075-49ff-9409-9d7b191e36bd:group-76EBAC406C40 closes. The last applied log index is 8
2019-07-13 20:53:32,823 INFO  segmented.SegmentedRaftLogWorker (SegmentedRaftLogWorker.java:run(313)) - ce825884-2075-49ff-9409-9d7b191e36bd-SegmentedRaftLogWorker:Storage Directory /tmp/workdir/hadoop-ozone/integration-test/target/test-dir/MiniOzoneClusterImpl-1ab524e4-8b94-4416-883f-eb3cfaa6454f/datanode-0/data/ratis/8920b91f-f4d7-47a8-8a58-76ebac406c40 was interrupted, exiting. There are 0 tasks remaining in the queue.
2019-07-13 20:53:32,825 INFO  segmented.SegmentedRaftLogWorker (SegmentedRaftLogWorker.java:close(228)) - ce825884-2075-49ff-9409-9d7b191e36bd-SegmentedRaftLogWorker:Storage Directory /tmp/workdir/hadoop-ozone/integration-test/target/test-dir/MiniOzoneClusterImpl-1ab524e4-8b94-4416-883f-eb3cfaa6454f/datanode-0/data/ratis/8920b91f-f4d7-47a8-8a58-76ebac406c40 close()
2019-07-13 20:53:32,834 INFO  pipeline.PipelineStateManager (PipelineStateManager.java:removePipeline(108)) - Pipeline Pipeline[ Id: 8920b91f-f4d7-47a8-8a58-76ebac406c40, Nodes: 88407b66-6843-4748-95c3-9b69e6f4e794{ip: 192.168.5.168, host: trunk-nightly-6qp7m-2461138711, networkLocation: /default-rack, certSerialId: null}b21e3032-627d-46ac-b88e-fdc5f8b56f2f{ip: 192.168.5.168, host: trunk-nightly-6qp7m-2461138711, networkLocation: /default-rack, certSerialId: null}ce825884-2075-49ff-9409-9d7b191e36bd{ip: 192.168.5.168, host: trunk-nightly-6qp7m-2461138711, networkLocation: /default-rack, certSerialId: null}, Type:RATIS, Factor:THREE, State:CLOSED] removed from db
2019-07-13 20:53:32,837 INFO  ratis.XceiverServerRatis (XceiverServerRatis.java:getPipelineIds(614)) - pipeline id PipelineID=949d7bbf-2097-4470-8295-762a0f0573eb
2019-07-13 20:53:32,838 INFO  ratis.XceiverServerRatis (XceiverServerRatis.java:getPipelineIds(614)) - pipeline id PipelineID=b522dea8-3fa6-428f-96e4-f4fac95068e5
2019-07-13 20:53:32,839 INFO  ratis.XceiverServerRatis (XceiverServerRatis.java:getPipelineIds(614)) - pipeline id PipelineID=034b01df-c2b8-4aca-a979-4cdf8f4243ab
2019-07-13 20:53:32,850 INFO  impl.RaftServerProxy (RaftServerProxy.java:addNew(89)) - 88407b66-6843-4748-95c3-9b69e6f4e794: addNew group-E23A50FDB1A3:[b21e3032-627d-46ac-b88e-fdc5f8b56f2f:192.168.5.168:38077, 88407b66-6843-4748-95c3-9b69e6f4e794:192.168.5.168:40478, ce825884-2075-49ff-9409-9d7b191e36bd:192.168.5.168:33543] returns group-E23A50FDB1A3:java.util.concurrent.CompletableFuture@2c058d4d[Not completed]
2019-07-13 20:53:32,854 INFO  impl.RaftServerProxy (RaftServerProxy.java:addNew(89)) - b21e3032-627d-46ac-b88e-fdc5f8b56f2f: addNew group-E23A50FDB1A3:[b21e3032-627d-46ac-b88e-fdc5f8b56f2f:192.168.5.168:38077, 88407b66-6843-4748-95c3-9b69e6f4e794:192.168.5.168:40478, ce825884-2075-49ff-9409-9d7b191e36bd:192.168.5.168:33543] returns group-E23A50FDB1A3:java.util.concurrent.CompletableFuture@4e250373[Not completed]
2019-07-13 20:53:32,856 INFO  impl.RaftServerProxy (RaftServerProxy.java:addNew(89)) - ce825884-2075-49ff-9409-9d7b191e36bd: addNew group-E23A50FDB1A3:[b21e3032-627d-46ac-b88e-fdc5f8b56f2f:192.168.5.168:38077, 88407b66-6843-4748-95c3-9b69e6f4e794:192.168.5.168:40478, ce825884-2075-49ff-9409-9d7b191e36bd:192.168.5.168:33543] returns group-E23A50FDB1A3:java.util.concurrent.CompletableFuture@148f8fa9[Not completed]
2019-07-13 20:53:32,857 INFO  impl.RaftServerImpl (RaftServerImpl.java:<init>(93)) - 88407b66-6843-4748-95c3-9b69e6f4e794: new RaftServerImpl for group-E23A50FDB1A3:[b21e3032-627d-46ac-b88e-fdc5f8b56f2f:192.168.5.168:38077, 88407b66-6843-4748-95c3-9b69e6f4e794:192.168.5.168:40478, ce825884-2075-49ff-9409-9d7b191e36bd:192.168.5.168:33543] with ContainerStateMachine:uninitialized
2019-07-13 20:53:32,857 INFO  server.RaftServerConfigKeys (ConfUtils.java:logGet(43)) - raft.server.rpc.timeout.min = 5s (custom)
2019-07-13 20:53:32,857 INFO  server.RaftServerConfigKeys (ConfUtils.java:logGet(43)) - raft.server.rpc.timeout.max = 5200ms (custom)
2019-07-13 20:53:32,858 INFO  server.RaftServerConfigKeys (ConfUtils.java:logGet(43)) - raft.server.rpcslowness.timeout = 120s (custom)
2019-07-13 20:53:32,858 INFO  server.RaftServerConfigKeys (ConfUtils.java:logGet(43)) - raft.server.sleep.deviation.threshold = 300 (default)
2019-07-13 20:53:32,858 INFO  server.RaftServerConfigKeys (ConfUtils.java:logGet(43)) - raft.server.log.appender.install.snapshot.enabled = false (custom)
2019-07-13 20:53:32,858 INFO  impl.RaftServerImpl (RaftServerImpl.java:<init>(93)) - b21e3032-627d-46ac-b88e-fdc5f8b56f2f: new RaftServerImpl for group-E23A50FDB1A3:[b21e3032-627d-46ac-b88e-fdc5f8b56f2f:192.168.5.168:38077, 88407b66-6843-4748-95c3-9b69e6f4e794:192.168.5.168:40478, ce825884-2075-49ff-9409-9d7b191e36bd:192.168.5.168:33543] with ContainerStateMachine:uninitialized
2019-07-13 20:53:32,858 INFO  impl.RaftServerImpl (ServerState.java:<init>(105)) - 88407b66-6843-4748-95c3-9b69e6f4e794:group-E23A50FDB1A3 ConfigurationManager, init=-1: [b21e3032-627d-46ac-b88e-fdc5f8b56f2f:192.168.5.168:38077, 88407b66-6843-4748-95c3-9b69e6f4e794:192.168.5.168:40478, ce825884-2075-49ff-9409-9d7b191e36bd:192.168.5.168:33543], old=null, confs=<EMPTY_MAP>
2019-07-13 20:53:32,858 INFO  server.RaftServerConfigKeys (ConfUtils.java:logGet(43)) - raft.server.rpc.timeout.min = 5s (custom)
2019-07-13 20:53:32,859 INFO  server.RaftServerConfigKeys (ConfUtils.java:logGet(43)) - raft.server.storage.dir = [/tmp/workdir/hadoop-ozone/integration-test/target/test-dir/MiniOzoneClusterImpl-1ab524e4-8b94-4416-883f-eb3cfaa6454f/datanode-1/data/ratis] (custom)
2019-07-13 20:53:32,859 INFO  server.RaftServerConfigKeys (ConfUtils.java:logGet(43)) - raft.server.rpc.timeout.max = 5200ms (custom)
2019-07-13 20:53:32,859 INFO  server.RaftServerConfigKeys (ConfUtils.java:logGet(43)) - raft.server.rpcslowness.timeout = 120s (custom)
2019-07-13 20:53:32,859 INFO  impl.RaftServerImpl (RaftServerImpl.java:<init>(93)) - ce825884-2075-49ff-9409-9d7b191e36bd: new RaftServerImpl for group-E23A50FDB1A3:[b21e3032-627d-46ac-b88e-fdc5f8b56f2f:192.168.5.168:38077, 88407b66-6843-4748-95c3-9b69e6f4e794:192.168.5.168:40478, ce825884-2075-49ff-9409-9d7b191e36bd:192.168.5.168:33543] with ContainerStateMachine:uninitialized
2019-07-13 20:53:32,859 INFO  storage.RaftStorageDirectory (RaftStorageDirectory.java:analyzeStorage(246)) - The storage directory /tmp/workdir/hadoop-ozone/integration-test/target/test-dir/MiniOzoneClusterImpl-1ab524e4-8b94-4416-883f-eb3cfaa6454f/datanode-1/data/ratis/7749b202-e5a4-4152-b9bc-e23a50fdb1a3 does not exist. Creating ...
2019-07-13 20:53:32,860 INFO  server.RaftServerConfigKeys (ConfUtils.java:logGet(43)) - raft.server.rpc.timeout.min = 5s (custom)
2019-07-13 20:53:32,859 INFO  server.RaftServerConfigKeys (ConfUtils.java:logGet(43)) - raft.server.sleep.deviation.threshold = 300 (default)
2019-07-13 20:53:32,860 INFO  server.RaftServerConfigKeys (ConfUtils.java:logGet(43)) - raft.server.rpc.timeout.max = 5200ms (custom)
2019-07-13 20:53:32,860 INFO  server.RaftServerConfigKeys (ConfUtils.java:logGet(43)) - raft.server.log.appender.install.snapshot.enabled = false (custom)
2019-07-13 20:53:32,860 INFO  server.RaftServerConfigKeys (ConfUtils.java:logGet(43)) - raft.server.rpcslowness.timeout = 120s (custom)
2019-07-13 20:53:32,860 INFO  impl.RaftServerImpl (ServerState.java:<init>(105)) - b21e3032-627d-46ac-b88e-fdc5f8b56f2f:group-E23A50FDB1A3 ConfigurationManager, init=-1: [b21e3032-627d-46ac-b88e-fdc5f8b56f2f:192.168.5.168:38077, 88407b66-6843-4748-95c3-9b69e6f4e794:192.168.5.168:40478, ce825884-2075-49ff-9409-9d7b191e36bd:192.168.5.168:33543], old=null, confs=<EMPTY_MAP>
2019-07-13 20:53:32,861 INFO  server.RaftServerConfigKeys (ConfUtils.java:logGet(43)) - raft.server.sleep.deviation.threshold = 300 (default)
2019-07-13 20:53:32,861 INFO  server.RaftServerConfigKeys (ConfUtils.java:logGet(43)) - raft.server.storage.dir = [/tmp/workdir/hadoop-ozone/integration-test/target/test-dir/MiniOzoneClusterImpl-1ab524e4-8b94-4416-883f-eb3cfaa6454f/datanode-4/data/ratis] (custom)
2019-07-13 20:53:32,861 INFO  server.RaftServerConfigKeys (ConfUtils.java:logGet(43)) - raft.server.log.appender.install.snapshot.enabled = false (custom)
2019-07-13 20:53:32,861 INFO  impl.RaftServerImpl (ServerState.java:<init>(105)) - ce825884-2075-49ff-9409-9d7b191e36bd:group-E23A50FDB1A3 ConfigurationManager, init=-1: [b21e3032-627d-46ac-b88e-fdc5f8b56f2f:192.168.5.168:38077, 88407b66-6843-4748-95c3-9b69e6f4e794:192.168.5.168:40478, ce825884-2075-49ff-9409-9d7b191e36bd:192.168.5.168:33543], old=null, confs=<EMPTY_MAP>
2019-07-13 20:53:32,861 INFO  storage.RaftStorageDirectory (RaftStorageDirectory.java:analyzeStorage(246)) - The storage directory /tmp/workdir/hadoop-ozone/integration-test/target/test-dir/MiniOzoneClusterImpl-1ab524e4-8b94-4416-883f-eb3cfaa6454f/datanode-4/data/ratis/7749b202-e5a4-4152-b9bc-e23a50fdb1a3 does not exist. Creating ...
2019-07-13 20:53:32,862 INFO  server.RaftServerConfigKeys (ConfUtils.java:logGet(43)) - raft.server.storage.dir = [/tmp/workdir/hadoop-ozone/integration-test/target/test-dir/MiniOzoneClusterImpl-1ab524e4-8b94-4416-883f-eb3cfaa6454f/datanode-0/data/ratis] (custom)
2019-07-13 20:53:32,862 INFO  storage.RaftStorageDirectory (RaftStorageDirectory.java:analyzeStorage(246)) - The storage directory /tmp/workdir/hadoop-ozone/integration-test/target/test-dir/MiniOzoneClusterImpl-1ab524e4-8b94-4416-883f-eb3cfaa6454f/datanode-0/data/ratis/7749b202-e5a4-4152-b9bc-e23a50fdb1a3 does not exist. Creating ...
2019-07-13 20:53:32,865 INFO  storage.RaftStorageDirectory (RaftStorageDirectory.java:tryLock(328)) - Lock on /tmp/workdir/hadoop-ozone/integration-test/target/test-dir/MiniOzoneClusterImpl-1ab524e4-8b94-4416-883f-eb3cfaa6454f/datanode-4/data/ratis/7749b202-e5a4-4152-b9bc-e23a50fdb1a3/in_use.lock acquired by nodename 12100@trunk-nightly-6qp7m-2461138711
2019-07-13 20:53:32,865 INFO  storage.RaftStorageDirectory (RaftStorageDirectory.java:tryLock(328)) - Lock on /tmp/workdir/hadoop-ozone/integration-test/target/test-dir/MiniOzoneClusterImpl-1ab524e4-8b94-4416-883f-eb3cfaa6454f/datanode-0/data/ratis/7749b202-e5a4-4152-b9bc-e23a50fdb1a3/in_use.lock acquired by nodename 12100@trunk-nightly-6qp7m-2461138711
2019-07-13 20:53:32,865 INFO  storage.RaftStorageDirectory (RaftStorageDirectory.java:tryLock(328)) - Lock on /tmp/workdir/hadoop-ozone/integration-test/target/test-dir/MiniOzoneClusterImpl-1ab524e4-8b94-4416-883f-eb3cfaa6454f/datanode-1/data/ratis/7749b202-e5a4-4152-b9bc-e23a50fdb1a3/in_use.lock acquired by nodename 12100@trunk-nightly-6qp7m-2461138711
2019-07-13 20:53:32,870 INFO  storage.RaftStorage (RaftStorage.java:format(72)) - Storage directory /tmp/workdir/hadoop-ozone/integration-test/target/test-dir/MiniOzoneClusterImpl-1ab524e4-8b94-4416-883f-eb3cfaa6454f/datanode-4/data/ratis/7749b202-e5a4-4152-b9bc-e23a50fdb1a3 has been successfully formatted.
2019-07-13 20:53:32,870 INFO  storage.RaftStorage (RaftStorage.java:format(72)) - Storage directory /tmp/workdir/hadoop-ozone/integration-test/target/test-dir/MiniOzoneClusterImpl-1ab524e4-8b94-4416-883f-eb3cfaa6454f/datanode-1/data/ratis/7749b202-e5a4-4152-b9bc-e23a50fdb1a3 has been successfully formatted.
2019-07-13 20:53:32,870 INFO  storage.RaftStorage (RaftStorage.java:format(72)) - Storage directory /tmp/workdir/hadoop-ozone/integration-test/target/test-dir/MiniOzoneClusterImpl-1ab524e4-8b94-4416-883f-eb3cfaa6454f/datanode-0/data/ratis/7749b202-e5a4-4152-b9bc-e23a50fdb1a3 has been successfully formatted.
2019-07-13 20:53:32,870 INFO  ratis.ContainerStateMachine (ContainerStateMachine.java:loadSnapshot(200)) - The snapshot info is null.Setting the last applied index to:(t:0, i:~)
2019-07-13 20:53:32,871 INFO  ratis.ContainerStateMachine (ContainerStateMachine.java:loadSnapshot(200)) - The snapshot info is null.Setting the last applied index to:(t:0, i:~)
2019-07-13 20:53:32,870 INFO  ratis.ContainerStateMachine (ContainerStateMachine.java:loadSnapshot(200)) - The snapshot info is null.Setting the last applied index to:(t:0, i:~)
2019-07-13 20:53:32,871 INFO  server.RaftServerConfigKeys (ConfUtils.java:logGet(43)) - raft.server.leader.election.timeout = 120s (custom)
2019-07-13 20:53:32,871 INFO  server.RaftServerConfigKeys (ConfUtils.java:logGet(43)) - raft.server.leader.election.timeout = 120s (custom)
2019-07-13 20:53:32,871 INFO  server.RaftServerConfigKeys (ConfUtils.java:logGet(43)) - raft.server.log.use.memory = false (default)
2019-07-13 20:53:32,871 INFO  server.RaftServerConfigKeys (ConfUtils.java:logGet(43)) - raft.server.leader.election.timeout = 120s (custom)
2019-07-13 20:53:32,872 INFO  server.RaftServerConfigKeys (ConfUtils.java:logGet(43)) - raft.server.log.purge.gap = 1000000000 (custom)
2019-07-13 20:53:32,872 INFO  server.RaftServerConfigKeys (ConfUtils.java:logGet(43)) - raft.server.log.use.memory = false (default)
2019-07-13 20:53:32,872 INFO  server.RaftServerConfigKeys (ConfUtils.java:logGet(43)) - raft.server.log.appender.buffer.byte-limit = 33554432 (custom)
2019-07-13 20:53:32,872 INFO  server.RaftServerConfigKeys (ConfUtils.java:logGet(43)) - raft.server.log.use.memory = false (default)
2019-07-13 20:53:32,873 INFO  server.RaftServerConfigKeys (ConfUtils.java:logGet(43)) - raft.server.log.segment.size.max = 1048576 (custom)
2019-07-13 20:53:32,872 INFO  server.RaftServerConfigKeys (ConfUtils.java:logGet(43)) - raft.server.log.purge.gap = 1000000000 (custom)
2019-07-13 20:53:32,873 INFO  server.RaftServerConfigKeys (ConfUtils.java:logGet(43)) - raft.server.log.segment.cache.num.max = 2 (custom)
2019-07-13 20:53:32,873 INFO  server.RaftServerConfigKeys (ConfUtils.java:logGet(43)) - raft.server.log.purge.gap = 1000000000 (custom)
2019-07-13 20:53:32,873 INFO  segmented.SegmentedRaftLogWorker (SegmentedRaftLogWorker.java:<init>(172)) - new ce825884-2075-49ff-9409-9d7b191e36bd-SegmentedRaftLogWorker:Storage Directory /tmp/workdir/hadoop-ozone/integration-test/target/test-dir/MiniOzoneClusterImpl-1ab524e4-8b94-4416-883f-eb3cfaa6454f/datanode-0/data/ratis/7749b202-e5a4-4152-b9bc-e23a50fdb1a3 for RaftStorage:Storage Directory /tmp/workdir/hadoop-ozone/integration-test/target/test-dir/MiniOzoneClusterImpl-1ab524e4-8b94-4416-883f-eb3cfaa6454f/datanode-0/data/ratis/7749b202-e5a4-4152-b9bc-e23a50fdb1a3
2019-07-13 20:53:32,873 INFO  server.RaftServerConfigKeys (ConfUtils.java:logGet(43)) - raft.server.log.appender.buffer.byte-limit = 33554432 (custom)
2019-07-13 20:53:32,873 INFO  server.RaftServerConfigKeys (ConfUtils.java:logGet(43)) - raft.server.log.queue.byte-limit = 2147483647 (custom)
2019-07-13 20:53:32,873 INFO  server.RaftServerConfigKeys (ConfUtils.java:logGet(43)) - raft.server.log.appender.buffer.byte-limit = 33554432 (custom)
2019-07-13 20:53:32,880 INFO  server.RaftServerConfigKeys (ConfUtils.java:logGet(43)) - raft.server.log.queue.element-limit = 1024 (custom)
2019-07-13 20:53:32,874 INFO  server.RaftServerConfigKeys (ConfUtils.java:logGet(43)) - raft.server.log.segment.size.max = 1048576 (custom)
2019-07-13 20:53:32,880 INFO  server.RaftServerConfigKeys (ConfUtils.java:logGet(43)) - raft.server.log.segment.size.max = 1048576 (custom)
2019-07-13 20:53:32,880 INFO  server.RaftServerConfigKeys (ConfUtils.java:logGet(43)) - raft.server.log.segment.size.max = 1048576 (custom)
2019-07-13 20:53:32,880 INFO  server.RaftServerConfigKeys (ConfUtils.java:logGet(43)) - raft.server.log.preallocated.size = 16384 (custom)
2019-07-13 20:53:32,881 INFO  server.RaftServerConfigKeys (ConfUtils.java:logGet(43)) - raft.server.log.write.buffer.size = 33554432 (custom)
2019-07-13 20:53:32,880 INFO  server.RaftServerConfigKeys (ConfUtils.java:logGet(43)) - raft.server.log.segment.cache.num.max = 2 (custom)
2019-07-13 20:53:32,881 INFO  server.RaftServerConfigKeys (ConfUtils.java:logGet(43)) - raft.server.log.force.sync.num = 128 (default)
2019-07-13 20:53:32,880 INFO  server.RaftServerConfigKeys (ConfUtils.java:logGet(43)) - raft.server.log.segment.cache.num.max = 2 (custom)
2019-07-13 20:53:32,881 INFO  server.RaftServerConfigKeys (ConfUtils.java:logGet(43)) - raft.server.log.statemachine.data.sync = true (default)
2019-07-13 20:53:32,881 INFO  segmented.SegmentedRaftLogWorker (SegmentedRaftLogWorker.java:<init>(172)) - new b21e3032-627d-46ac-b88e-fdc5f8b56f2f-SegmentedRaftLogWorker:Storage Directory /tmp/workdir/hadoop-ozone/integration-test/target/test-dir/MiniOzoneClusterImpl-1ab524e4-8b94-4416-883f-eb3cfaa6454f/datanode-4/data/ratis/7749b202-e5a4-4152-b9bc-e23a50fdb1a3 for RaftStorage:Storage Directory /tmp/workdir/hadoop-ozone/integration-test/target/test-dir/MiniOzoneClusterImpl-1ab524e4-8b94-4416-883f-eb3cfaa6454f/datanode-4/data/ratis/7749b202-e5a4-4152-b9bc-e23a50fdb1a3
2019-07-13 20:53:32,881 INFO  server.RaftServerConfigKeys (ConfUtils.java:logGet(43)) - raft.server.log.statemachine.data.sync.timeout = 10s (default)
2019-07-13 20:53:32,881 INFO  segmented.SegmentedRaftLogWorker (SegmentedRaftLogWorker.java:<init>(172)) - new 88407b66-6843-4748-95c3-9b69e6f4e794-SegmentedRaftLogWorker:Storage Directory /tmp/workdir/hadoop-ozone/integration-test/target/test-dir/MiniOzoneClusterImpl-1ab524e4-8b94-4416-883f-eb3cfaa6454f/datanode-1/data/ratis/7749b202-e5a4-4152-b9bc-e23a50fdb1a3 for RaftStorage:Storage Directory /tmp/workdir/hadoop-ozone/integration-test/target/test-dir/MiniOzoneClusterImpl-1ab524e4-8b94-4416-883f-eb3cfaa6454f/datanode-1/data/ratis/7749b202-e5a4-4152-b9bc-e23a50fdb1a3
2019-07-13 20:53:32,882 INFO  server.RaftServerConfigKeys (ConfUtils.java:logGet(43)) - raft.server.log.statemachine.data.sync.timeout.retry = -1 (default)
2019-07-13 20:53:32,882 INFO  server.RaftServerConfigKeys (ConfUtils.java:logGet(43)) - raft.server.log.queue.byte-limit = 2147483647 (custom)
2019-07-13 20:53:32,882 INFO  server.RaftServerConfigKeys (ConfUtils.java:logGet(43)) - raft.server.log.statemachine.data.caching.enabled = true (custom)
2019-07-13 20:53:32,882 INFO  server.RaftServerConfigKeys (ConfUtils.java:logGet(43)) - raft.server.log.queue.byte-limit = 2147483647 (custom)
2019-07-13 20:53:32,882 INFO  server.RaftServerConfigKeys (ConfUtils.java:logGet(43)) - raft.server.log.queue.element-limit = 1024 (custom)
2019-07-13 20:53:32,883 INFO  server.RaftServerConfigKeys (ConfUtils.java:logGet(43)) - raft.server.log.queue.element-limit = 1024 (custom)
2019-07-13 20:53:32,883 INFO  segmented.SegmentedRaftLogWorker (SegmentedRaftLogWorker.java:lambda$new$0(132)) - ce825884-2075-49ff-9409-9d7b191e36bd-SegmentedRaftLogWorker:Storage Directory /tmp/workdir/hadoop-ozone/integration-test/target/test-dir/MiniOzoneClusterImpl-1ab524e4-8b94-4416-883f-eb3cfaa6454f/datanode-0/data/ratis/7749b202-e5a4-4152-b9bc-e23a50fdb1a3: flushIndex: setUnconditionally 0 -> -1
2019-07-13 20:53:32,883 INFO  server.RaftServerConfigKeys (ConfUtils.java:logGet(43)) - raft.server.log.segment.size.max = 1048576 (custom)
2019-07-13 20:53:32,883 INFO  server.RaftServerConfigKeys (ConfUtils.java:logGet(43)) - raft.server.log.segment.size.max = 1048576 (custom)
2019-07-13 20:53:32,883 INFO  server.RaftServerConfigKeys (ConfUtils.java:logGet(43)) - raft.server.snapshot.auto.trigger.enabled = true (custom)
2019-07-13 20:53:32,883 INFO  server.RaftServerConfigKeys (ConfUtils.java:logGet(43)) - raft.server.log.preallocated.size = 16384 (custom)
2019-07-13 20:53:32,884 INFO  server.RaftServerConfigKeys (ConfUtils.java:logGet(43)) - raft.server.snapshot.auto.trigger.threshold = 10000 (custom)
2019-07-13 20:53:32,883 INFO  server.RaftServerConfigKeys (ConfUtils.java:logGet(43)) - raft.server.log.preallocated.size = 16384 (custom)
2019-07-13 20:53:32,884 INFO  server.RaftServerConfigKeys (ConfUtils.java:logGet(43)) - raft.server.retrycache.expirytime = 600000ms (custom)
2019-07-13 20:53:32,884 INFO  server.RaftServerConfigKeys (ConfUtils.java:logGet(43)) - raft.server.log.write.buffer.size = 33554432 (custom)
2019-07-13 20:53:32,884 INFO  server.RaftServerConfigKeys (ConfUtils.java:logGet(43)) - raft.server.log.write.buffer.size = 33554432 (custom)
2019-07-13 20:53:32,884 INFO  impl.RaftServerImpl (RaftServerImpl.java:start(180)) - ce825884-2075-49ff-9409-9d7b191e36bd: start group-E23A50FDB1A3
2019-07-13 20:53:32,884 INFO  server.RaftServerConfigKeys (ConfUtils.java:logGet(43)) - raft.server.log.force.sync.num = 128 (default)
2019-07-13 20:53:32,885 INFO  impl.RaftServerImpl (RaftServerImpl.java:setRole(171)) - ce825884-2075-49ff-9409-9d7b191e36bd:group-E23A50FDB1A3 changes role from null to FOLLOWER at term 0 for startAsFollower
2019-07-13 20:53:32,884 INFO  server.RaftServerConfigKeys (ConfUtils.java:logGet(43)) - raft.server.log.force.sync.num = 128 (default)
2019-07-13 20:53:32,885 INFO  impl.RoleInfo (RoleInfo.java:updateAndGet(143)) - ce825884-2075-49ff-9409-9d7b191e36bd: start FollowerState
2019-07-13 20:53:32,885 INFO  server.RaftServerConfigKeys (ConfUtils.java:logGet(43)) - raft.server.log.statemachine.data.sync = true (default)
2019-07-13 20:53:32,885 INFO  server.RaftServerConfigKeys (ConfUtils.java:logGet(43)) - raft.server.log.statemachine.data.sync = true (default)
2019-07-13 20:53:32,885 INFO  server.RaftServerConfigKeys (ConfUtils.java:logGet(43)) - raft.server.log.statemachine.data.sync.timeout = 10s (default)
2019-07-13 20:53:32,886 INFO  server.RaftServerConfigKeys (ConfUtils.java:logGet(43)) - raft.server.log.statemachine.data.sync.timeout = 10s (default)
2019-07-13 20:53:32,886 INFO  util.JmxRegister (JmxRegister.java:tryRegister(44)) - Successfully registered JMX Bean with object name Ratis:service=RaftServer,group=group-E23A50FDB1A3,id=ce825884-2075-49ff-9409-9d7b191e36bd
2019-07-13 20:53:32,886 INFO  server.RaftServerConfigKeys (ConfUtils.java:logGet(43)) - raft.server.log.statemachine.data.sync.timeout.retry = -1 (default)
2019-07-13 20:53:32,886 INFO  server.RaftServerConfigKeys (ConfUtils.java:logGet(43)) - raft.server.log.statemachine.data.sync.timeout.retry = -1 (default)
2019-07-13 20:53:32,886 INFO  server.RaftServerConfigKeys (ConfUtils.java:logGet(43)) - raft.server.log.statemachine.data.caching.enabled = true (custom)
2019-07-13 20:53:32,887 INFO  server.RaftServerConfigKeys (ConfUtils.java:logGet(43)) - raft.server.log.statemachine.data.caching.enabled = true (custom)
2019-07-13 20:53:32,887 INFO  segmented.SegmentedRaftLogWorker (SegmentedRaftLogWorker.java:lambda$new$0(132)) - 88407b66-6843-4748-95c3-9b69e6f4e794-SegmentedRaftLogWorker:Storage Directory /tmp/workdir/hadoop-ozone/integration-test/target/test-dir/MiniOzoneClusterImpl-1ab524e4-8b94-4416-883f-eb3cfaa6454f/datanode-1/data/ratis/7749b202-e5a4-4152-b9bc-e23a50fdb1a3: flushIndex: setUnconditionally 0 -> -1
2019-07-13 20:53:32,887 INFO  segmented.SegmentedRaftLogWorker (SegmentedRaftLogWorker.java:lambda$new$0(132)) - b21e3032-627d-46ac-b88e-fdc5f8b56f2f-SegmentedRaftLogWorker:Storage Directory /tmp/workdir/hadoop-ozone/integration-test/target/test-dir/MiniOzoneClusterImpl-1ab524e4-8b94-4416-883f-eb3cfaa6454f/datanode-4/data/ratis/7749b202-e5a4-4152-b9bc-e23a50fdb1a3: flushIndex: setUnconditionally 0 -> -1
2019-07-13 20:53:32,887 INFO  server.RaftServerConfigKeys (ConfUtils.java:logGet(43)) - raft.server.snapshot.auto.trigger.enabled = true (custom)
2019-07-13 20:53:32,887 INFO  server.RaftServerConfigKeys (ConfUtils.java:logGet(43)) - raft.server.snapshot.auto.trigger.enabled = true (custom)
2019-07-13 20:53:32,887 INFO  server.RaftServerConfigKeys (ConfUtils.java:logGet(43)) - raft.server.snapshot.auto.trigger.threshold = 10000 (custom)
2019-07-13 20:53:32,888 INFO  server.RaftServerConfigKeys (ConfUtils.java:logGet(43)) - raft.server.snapshot.auto.trigger.threshold = 10000 (custom)
2019-07-13 20:53:32,889 INFO  server.RaftServerConfigKeys (ConfUtils.java:logGet(43)) - raft.server.retrycache.expirytime = 600000ms (custom)
2019-07-13 20:53:32,889 INFO  server.RaftServerConfigKeys (ConfUtils.java:logGet(43)) - raft.server.retrycache.expirytime = 600000ms (custom)
2019-07-13 20:53:32,889 INFO  impl.RaftServerImpl (RaftServerImpl.java:start(180)) - 88407b66-6843-4748-95c3-9b69e6f4e794: start group-E23A50FDB1A3
2019-07-13 20:53:32,889 INFO  impl.RaftServerImpl (RaftServerImpl.java:start(180)) - b21e3032-627d-46ac-b88e-fdc5f8b56f2f: start group-E23A50FDB1A3
2019-07-13 20:53:32,890 INFO  impl.RaftServerImpl (RaftServerImpl.java:setRole(171)) - 88407b66-6843-4748-95c3-9b69e6f4e794:group-E23A50FDB1A3 changes role from null to FOLLOWER at term 0 for startAsFollower
2019-07-13 20:53:32,890 INFO  impl.RaftServerImpl (RaftServerImpl.java:setRole(171)) - b21e3032-627d-46ac-b88e-fdc5f8b56f2f:group-E23A50FDB1A3 changes role from null to FOLLOWER at term 0 for startAsFollower
2019-07-13 20:53:32,890 INFO  impl.RoleInfo (RoleInfo.java:updateAndGet(143)) - 88407b66-6843-4748-95c3-9b69e6f4e794: start FollowerState
2019-07-13 20:53:32,890 INFO  impl.RoleInfo (RoleInfo.java:updateAndGet(143)) - b21e3032-627d-46ac-b88e-fdc5f8b56f2f: start FollowerState
2019-07-13 20:53:32,890 INFO  util.JmxRegister (JmxRegister.java:tryRegister(44)) - Successfully registered JMX Bean with object name Ratis:service=RaftServer,group=group-E23A50FDB1A3,id=88407b66-6843-4748-95c3-9b69e6f4e794
2019-07-13 20:53:32,891 INFO  util.JmxRegister (JmxRegister.java:tryRegister(44)) - Successfully registered JMX Bean with object name Ratis:service=RaftServer,group=group-E23A50FDB1A3,id=b21e3032-627d-46ac-b88e-fdc5f8b56f2f
2019-07-13 20:53:32,897 INFO  pipeline.PipelineStateManager (PipelineStateManager.java:addPipeline(56)) - Created pipeline Pipeline[ Id: 7749b202-e5a4-4152-b9bc-e23a50fdb1a3, Nodes: 88407b66-6843-4748-95c3-9b69e6f4e794{ip: 192.168.5.168, host: trunk-nightly-6qp7m-2461138711, networkLocation: /default-rack, certSerialId: null}b21e3032-627d-46ac-b88e-fdc5f8b56f2f{ip: 192.168.5.168, host: trunk-nightly-6qp7m-2461138711, networkLocation: /default-rack, certSerialId: null}ce825884-2075-49ff-9409-9d7b191e36bd{ip: 192.168.5.168, host: trunk-nightly-6qp7m-2461138711, networkLocation: /default-rack, certSerialId: null}, Type:RATIS, Factor:THREE, State:OPEN]
2019-07-13 20:53:33,923 WARN  io.KeyOutputStream (KeyOutputStream.java:handleException(276)) - Encountered exception java.io.IOException: Unexpected Storage Container Exception: java.util.concurrent.CompletionException: java.util.concurrent.CompletionException: org.apache.ratis.protocol.GroupMismatchException: b21e3032-627d-46ac-b88e-fdc5f8b56f2f: group-76EBAC406C40 not found. on the pipeline Pipeline[ Id: 8920b91f-f4d7-47a8-8a58-76ebac406c40, Nodes: 88407b66-6843-4748-95c3-9b69e6f4e794{ip: 192.168.5.168, host: trunk-nightly-6qp7m-2461138711, networkLocation: /default-rack, certSerialId: null}b21e3032-627d-46ac-b88e-fdc5f8b56f2f{ip: 192.168.5.168, host: trunk-nightly-6qp7m-2461138711, networkLocation: /default-rack, certSerialId: null}ce825884-2075-49ff-9409-9d7b191e36bd{ip: 192.168.5.168, host: trunk-nightly-6qp7m-2461138711, networkLocation: /default-rack, certSerialId: null}, Type:RATIS, Factor:THREE, State:OPEN]. The last committed block length is 400, uncommitted data length is 50 retry count 0
2019-07-13 20:53:34,030 INFO  client.GrpcClientProtocolClient (GrpcClientProtocolClient.java:onNext(255)) - client-7123A4E027A8->0fed1087-15d2-4879-9faa-ad4f57cb19ae: receive RaftClientReply:client-7123A4E027A8->0fed1087-15d2-4879-9faa-ad4f57cb19ae@group-8FFC8DAC8722, cid=27, SUCCESS, logIndex=1, commits[0fed1087-15d2-4879-9faa-ad4f57cb19ae:c1, 3d22177d-605d-4638-aa04-41b506e5e6ef:c0, 62121b6c-f658-49f8-8f7f-7d79aebe6ec2:c0]
2019-07-13 20:53:34,217 INFO  client.GrpcClientProtocolClient (GrpcClientProtocolClient.java:onNext(255)) - client-7123A4E027A8->0fed1087-15d2-4879-9faa-ad4f57cb19ae: receive RaftClientReply:client-7123A4E027A8->0fed1087-15d2-4879-9faa-ad4f57cb19ae@group-8FFC8DAC8722, cid=28, SUCCESS, logIndex=3, commits[0fed1087-15d2-4879-9faa-ad4f57cb19ae:c4, 3d22177d-605d-4638-aa04-41b506e5e6ef:c3, 62121b6c-f658-49f8-8f7f-7d79aebe6ec2:c3]
2019-07-13 20:53:34,289 INFO  pipeline.Pipeline (Pipeline.java:getProtobufMessage(195)) - Serialize pipeline PipelineID=e7542025-2384-4542-8a77-8ffc8dac8722 with nodesInOrder{ }
2019-07-13 20:53:34,291 INFO  pipeline.Pipeline (Pipeline.java:build(342)) - Deserialize nodesInOrder [62121b6c-f658-49f8-8f7f-7d79aebe6ec2{ip: 192.168.5.168, host: trunk-nightly-6qp7m-2461138711, networkLocation: /default-rack, certSerialId: null}, 62121b6c-f658-49f8-8f7f-7d79aebe6ec2{ip: 192.168.5.168, host: trunk-nightly-6qp7m-2461138711, networkLocation: /default-rack, certSerialId: null}, 62121b6c-f658-49f8-8f7f-7d79aebe6ec2{ip: 192.168.5.168, host: trunk-nightly-6qp7m-2461138711, networkLocation: /default-rack, certSerialId: null}] in pipeline PipelineID=e7542025-2384-4542-8a77-8ffc8dac8722
2019-07-13 20:53:34,297 INFO  ozone.MiniOzoneClusterImpl (MiniOzoneClusterImpl.java:shutdown(321)) - Shutting down the Mini Ozone Cluster
2019-07-13 20:53:34,298 INFO  ozone.MiniOzoneClusterImpl (MiniOzoneClusterImpl.java:stop(336)) - Stopping the Mini Ozone Cluster
2019-07-13 20:53:34,298 INFO  ozone.MiniOzoneClusterImpl (MiniOzoneClusterImpl.java:stop(338)) - Stopping the OzoneManager
2019-07-13 20:53:34,298 INFO  ipc.Server (Server.java:stop(3082)) - Stopping server on 37546
2019-07-13 20:53:34,300 INFO  ipc.Server (Server.java:run(1185)) - Stopping IPC Server listener on 37546
2019-07-13 20:53:34,301 INFO  utils.BackgroundService (BackgroundService.java:shutdown(148)) - Shutting down service KeyDeletingService
2019-07-13 20:53:34,301 INFO  ipc.Server (Server.java:run(1319)) - Stopping IPC Server Responder
2019-07-13 20:53:34,305 INFO  handler.ContextHandler (ContextHandler.java:doStop(910)) - Stopped o.e.j.w.WebAppContext@3e9803c2{/,null,UNAVAILABLE}{/ozoneManager}
2019-07-13 20:53:34,312 INFO  server.AbstractConnector (AbstractConnector.java:doStop(318)) - Stopped ServerConnector@4525d1d3{HTTP/1.1,[http/1.1]}{0.0.0.0:0}
2019-07-13 20:53:34,313 INFO  handler.ContextHandler (ContextHandler.java:doStop(910)) - Stopped o.e.j.s.ServletContextHandler@7b44b63d{/static,file:///tmp/workdir/hadoop-ozone/integration-test/target/test-classes/webapps/static,UNAVAILABLE}
2019-07-13 20:53:34,313 INFO  handler.ContextHandler (ContextHandler.java:doStop(910)) - Stopped o.e.j.s.ServletContextHandler@2d0bfb24{/logs,file:///tmp/workdir/hadoop-ozone/integration-test/target/log,UNAVAILABLE}
2019-07-13 20:53:34,318 INFO  ozone.MiniOzoneClusterImpl (MiniOzoneClusterImpl.java:stop(344)) - Shutting the HddsDatanodes
2019-07-13 20:53:34,319 INFO  datanode.ObjectStoreHandler (ObjectStoreHandler.java:close(155)) - Closing ObjectStoreHandler.
2019-07-13 20:53:34,319 INFO  datanode.ObjectStoreHandler (ObjectStoreHandler.java:close(155)) - Closing ObjectStoreHandler.
2019-07-13 20:53:34,327 INFO  ozone.HddsDatanodeService (HddsDatanodeService.java:stop(452)) - Stopped plug-in org.apache.hadoop.ozone.web.OzoneHddsDatanodeService@15d236fd
2019-07-13 20:53:34,327 INFO  ozone.HddsDatanodeService (HddsDatanodeService.java:stop(452)) - Stopped plug-in org.apache.hadoop.ozone.web.OzoneHddsDatanodeService@5729b410
2019-07-13 20:53:34,412 INFO  statemachine.DatanodeStateMachine (DatanodeStateMachine.java:lambda$startDaemon$0(350)) - Ozone container server started.
2019-07-13 20:53:34,471 INFO  statemachine.DatanodeStateMachine (DatanodeStateMachine.java:lambda$startDaemon$0(350)) - Ozone container server started.
2019-07-13 20:53:37,923 INFO  impl.FollowerState (FollowerState.java:run(106)) - 88407b66-6843-4748-95c3-9b69e6f4e794:group-E23A50FDB1A3 changes to CANDIDATE, lastRpcTime:5032, electionTimeout:5032ms
2019-07-13 20:53:37,923 INFO  impl.RoleInfo (RoleInfo.java:shutdownFollowerState(121)) - 88407b66-6843-4748-95c3-9b69e6f4e794: shutdown FollowerState
2019-07-13 20:53:37,923 INFO  impl.RaftServerImpl (RaftServerImpl.java:setRole(171)) - 88407b66-6843-4748-95c3-9b69e6f4e794:group-E23A50FDB1A3 changes role from FOLLOWER to CANDIDATE at term 0 for changeToCandidate
2019-07-13 20:53:37,923 INFO  impl.RoleInfo (RoleInfo.java:updateAndGet(143)) - 88407b66-6843-4748-95c3-9b69e6f4e794: start LeaderElection
2019-07-13 20:53:37,944 INFO  impl.LeaderElection (LeaderElection.java:askForVotes(181)) - 88407b66-6843-4748-95c3-9b69e6f4e794:group-E23A50FDB1A3:LeaderElection11: begin an election at term 1 for -1: [b21e3032-627d-46ac-b88e-fdc5f8b56f2f:192.168.5.168:38077, 88407b66-6843-4748-95c3-9b69e6f4e794:192.168.5.168:40478, ce825884-2075-49ff-9409-9d7b191e36bd:192.168.5.168:33543], old=null
2019-07-13 20:53:37,962 INFO  impl.RaftServerImpl (RaftServerImpl.java:setRole(171)) - ce825884-2075-49ff-9409-9d7b191e36bd:group-E23A50FDB1A3 changes role from FOLLOWER to FOLLOWER at term 1 for recognizeCandidate:88407b66-6843-4748-95c3-9b69e6f4e794
2019-07-13 20:53:37,962 INFO  impl.RaftServerImpl (RaftServerImpl.java:setRole(171)) - b21e3032-627d-46ac-b88e-fdc5f8b56f2f:group-E23A50FDB1A3 changes role from FOLLOWER to FOLLOWER at term 1 for recognizeCandidate:88407b66-6843-4748-95c3-9b69e6f4e794
2019-07-13 20:53:37,962 INFO  impl.RoleInfo (RoleInfo.java:shutdownFollowerState(121)) - ce825884-2075-49ff-9409-9d7b191e36bd: shutdown FollowerState
2019-07-13 20:53:37,962 INFO  impl.RoleInfo (RoleInfo.java:shutdownFollowerState(121)) - b21e3032-627d-46ac-b88e-fdc5f8b56f2f: shutdown FollowerState
2019-07-13 20:53:37,962 INFO  impl.FollowerState (FollowerState.java:run(114)) - ce825884-2075-49ff-9409-9d7b191e36bd: FollowerState was interrupted: java.lang.InterruptedException: sleep interrupted
2019-07-13 20:53:37,962 INFO  impl.RoleInfo (RoleInfo.java:updateAndGet(143)) - ce825884-2075-49ff-9409-9d7b191e36bd: start FollowerState
2019-07-13 20:53:37,963 INFO  impl.FollowerState (FollowerState.java:run(114)) - b21e3032-627d-46ac-b88e-fdc5f8b56f2f: FollowerState was interrupted: java.lang.InterruptedException: sleep interrupted
2019-07-13 20:53:37,963 INFO  impl.RoleInfo (RoleInfo.java:updateAndGet(143)) - b21e3032-627d-46ac-b88e-fdc5f8b56f2f: start FollowerState
2019-07-13 20:53:37,994 INFO  impl.LeaderElection (LeaderElection.java:logAndReturn(56)) - 88407b66-6843-4748-95c3-9b69e6f4e794:group-E23A50FDB1A3:LeaderElection11: Election PASSED; received 1 response(s) [88407b66-6843-4748-95c3-9b69e6f4e794<-b21e3032-627d-46ac-b88e-fdc5f8b56f2f#0:OK-t1] and 0 exception(s); 88407b66-6843-4748-95c3-9b69e6f4e794:t1, leader=null, voted=88407b66-6843-4748-95c3-9b69e6f4e794, raftlog=88407b66-6843-4748-95c3-9b69e6f4e794-SegmentedRaftLog:OPENED:c-1,f-1,i0, conf=-1: [b21e3032-627d-46ac-b88e-fdc5f8b56f2f:192.168.5.168:38077, 88407b66-6843-4748-95c3-9b69e6f4e794:192.168.5.168:40478, ce825884-2075-49ff-9409-9d7b191e36bd:192.168.5.168:33543], old=null
2019-07-13 20:53:37,995 INFO  impl.RoleInfo (RoleInfo.java:shutdownLeaderElection(134)) - 88407b66-6843-4748-95c3-9b69e6f4e794: shutdown LeaderElection
2019-07-13 20:53:37,997 INFO  impl.RaftServerImpl (RaftServerImpl.java:setRole(171)) - 88407b66-6843-4748-95c3-9b69e6f4e794:group-E23A50FDB1A3 changes role from CANDIDATE to LEADER at term 1 for changeToLeader
2019-07-13 20:53:37,997 INFO  impl.RaftServerImpl (ServerState.java:setLeader(263)) - 88407b66-6843-4748-95c3-9b69e6f4e794:group-E23A50FDB1A3 change Leader from null to 88407b66-6843-4748-95c3-9b69e6f4e794 at term 1 for becomeLeader, leader elected after 5125ms
2019-07-13 20:53:37,997 INFO  server.RaftServerConfigKeys (ConfUtils.java:logGet(43)) - raft.server.staging.catchup.gap = 1000 (default)
2019-07-13 20:53:37,998 INFO  server.RaftServerConfigKeys (ConfUtils.java:logGet(43)) - raft.server.rpc.sleep.time = 25ms (default)
2019-07-13 20:53:37,998 INFO  server.RaftServerConfigKeys (ConfUtils.java:logGet(43)) - raft.server.write.element-limit = 4096 (default)
2019-07-13 20:53:37,998 INFO  server.RaftServerConfigKeys (ConfUtils.java:logGet(43)) - raft.server.watch.timeout = 10s (default)
2019-07-13 20:53:37,998 INFO  server.RaftServerConfigKeys (ConfUtils.java:logGet(43)) - raft.server.watch.timeout.denomination = 1s (default)
2019-07-13 20:53:37,998 INFO  server.RaftServerConfigKeys (ConfUtils.java:logGet(43)) - raft.server.watch.element-limit = 65536 (default)
2019-07-13 20:53:37,999 INFO  server.RaftServerConfigKeys (ConfUtils.java:logGet(43)) - raft.server.log.appender.snapshot.chunk.size.max = 16MB (=16777216) (default)
2019-07-13 20:53:37,999 INFO  server.RaftServerConfigKeys (ConfUtils.java:logGet(43)) - raft.server.log.appender.buffer.byte-limit = 33554432 (custom)
2019-07-13 20:53:37,999 INFO  server.RaftServerConfigKeys (ConfUtils.java:logGet(43)) - raft.server.log.appender.buffer.element-limit = 1 (custom)
2019-07-13 20:53:38,000 INFO  grpc.GrpcConfigKeys$Server (ConfUtils.java:logGet(43)) - raft.grpc.server.leader.outstanding.appends.max = 128 (default)
2019-07-13 20:53:38,000 INFO  server.RaftServerConfigKeys (ConfUtils.java:logGet(43)) - raft.server.rpc.request.timeout = 3000ms (default)
2019-07-13 20:53:38,000 INFO  server.RaftServerConfigKeys (ConfUtils.java:logGet(43)) - raft.server.log.appender.install.snapshot.enabled = false (custom)
2019-07-13 20:53:38,000 INFO  server.RaftServerConfigKeys (ConfUtils.java:logGet(43)) - raft.server.log.appender.snapshot.chunk.size.max = 16MB (=16777216) (default)
2019-07-13 20:53:38,001 INFO  server.RaftServerConfigKeys (ConfUtils.java:logGet(43)) - raft.server.log.appender.buffer.byte-limit = 33554432 (custom)
2019-07-13 20:53:38,001 INFO  server.RaftServerConfigKeys (ConfUtils.java:logGet(43)) - raft.server.log.appender.buffer.element-limit = 1 (custom)
2019-07-13 20:53:38,001 INFO  grpc.GrpcConfigKeys$Server (ConfUtils.java:logGet(43)) - raft.grpc.server.leader.outstanding.appends.max = 128 (default)
2019-07-13 20:53:38,001 INFO  server.RaftServerConfigKeys (ConfUtils.java:logGet(43)) - raft.server.rpc.request.timeout = 3000ms (default)
2019-07-13 20:53:38,002 INFO  server.RaftServerConfigKeys (ConfUtils.java:logGet(43)) - raft.server.log.appender.install.snapshot.enabled = false (custom)
2019-07-13 20:53:38,002 INFO  impl.RoleInfo (RoleInfo.java:updateAndGet(143)) - 88407b66-6843-4748-95c3-9b69e6f4e794: start LeaderState
2019-07-13 20:53:38,002 INFO  segmented.SegmentedRaftLogWorker (SegmentedRaftLogWorker.java:startLogSegment(380)) - 88407b66-6843-4748-95c3-9b69e6f4e794-SegmentedRaftLogWorker:Storage Directory /tmp/workdir/hadoop-ozone/integration-test/target/test-dir/MiniOzoneClusterImpl-1ab524e4-8b94-4416-883f-eb3cfaa6454f/datanode-1/data/ratis/7749b202-e5a4-4152-b9bc-e23a50fdb1a3: Starting segment from index:0
2019-07-13 20:53:38,004 INFO  impl.RaftServerImpl (ServerState.java:setRaftConf(361)) - 88407b66-6843-4748-95c3-9b69e6f4e794:group-E23A50FDB1A3 set configuration 0: [b21e3032-627d-46ac-b88e-fdc5f8b56f2f:192.168.5.168:38077, 88407b66-6843-4748-95c3-9b69e6f4e794:192.168.5.168:40478, ce825884-2075-49ff-9409-9d7b191e36bd:192.168.5.168:33543], old=null at 0
2019-07-13 20:53:38,027 INFO  impl.RaftServerImpl (ServerState.java:setLeader(263)) - b21e3032-627d-46ac-b88e-fdc5f8b56f2f:group-E23A50FDB1A3 change Leader from null to 88407b66-6843-4748-95c3-9b69e6f4e794 at term 1 for appendEntries, leader elected after 5155ms
2019-07-13 20:53:38,027 INFO  impl.RaftServerImpl (ServerState.java:setLeader(263)) - ce825884-2075-49ff-9409-9d7b191e36bd:group-E23A50FDB1A3 change Leader from null to 88407b66-6843-4748-95c3-9b69e6f4e794 at term 1 for appendEntries, leader elected after 5156ms
2019-07-13 20:53:38,035 INFO  impl.RaftServerImpl (ServerState.java:setRaftConf(361)) - b21e3032-627d-46ac-b88e-fdc5f8b56f2f:group-E23A50FDB1A3 set configuration 0: [b21e3032-627d-46ac-b88e-fdc5f8b56f2f:192.168.5.168:38077, 88407b66-6843-4748-95c3-9b69e6f4e794:192.168.5.168:40478, ce825884-2075-49ff-9409-9d7b191e36bd:192.168.5.168:33543], old=null at 0
2019-07-13 20:53:38,035 INFO  impl.RaftServerImpl (ServerState.java:setRaftConf(361)) - ce825884-2075-49ff-9409-9d7b191e36bd:group-E23A50FDB1A3 set configuration 0: [b21e3032-627d-46ac-b88e-fdc5f8b56f2f:192.168.5.168:38077, 88407b66-6843-4748-95c3-9b69e6f4e794:192.168.5.168:40478, ce825884-2075-49ff-9409-9d7b191e36bd:192.168.5.168:33543], old=null at 0
2019-07-13 20:53:38,036 INFO  segmented.SegmentedRaftLogWorker (SegmentedRaftLogWorker.java:startLogSegment(380)) - b21e3032-627d-46ac-b88e-fdc5f8b56f2f-SegmentedRaftLogWorker:Storage Directory /tmp/workdir/hadoop-ozone/integration-test/target/test-dir/MiniOzoneClusterImpl-1ab524e4-8b94-4416-883f-eb3cfaa6454f/datanode-4/data/ratis/7749b202-e5a4-4152-b9bc-e23a50fdb1a3: Starting segment from index:0
2019-07-13 20:53:38,036 INFO  segmented.SegmentedRaftLogWorker (SegmentedRaftLogWorker.java:startLogSegment(380)) - ce825884-2075-49ff-9409-9d7b191e36bd-SegmentedRaftLogWorker:Storage Directory /tmp/workdir/hadoop-ozone/integration-test/target/test-dir/MiniOzoneClusterImpl-1ab524e4-8b94-4416-883f-eb3cfaa6454f/datanode-0/data/ratis/7749b202-e5a4-4152-b9bc-e23a50fdb1a3: Starting segment from index:0
2019-07-13 20:53:38,038 INFO  segmented.SegmentedRaftLogWorker (SegmentedRaftLogWorker.java:execute(569)) - 88407b66-6843-4748-95c3-9b69e6f4e794-SegmentedRaftLogWorker:Storage Directory /tmp/workdir/hadoop-ozone/integration-test/target/test-dir/MiniOzoneClusterImpl-1ab524e4-8b94-4416-883f-eb3cfaa6454f/datanode-1/data/ratis/7749b202-e5a4-4152-b9bc-e23a50fdb1a3: created new log segment /tmp/workdir/hadoop-ozone/integration-test/target/test-dir/MiniOzoneClusterImpl-1ab524e4-8b94-4416-883f-eb3cfaa6454f/datanode-1/data/ratis/7749b202-e5a4-4152-b9bc-e23a50fdb1a3/current/log_inprogress_0
2019-07-13 20:53:38,068 INFO  segmented.SegmentedRaftLogWorker (SegmentedRaftLogWorker.java:execute(569)) - ce825884-2075-49ff-9409-9d7b191e36bd-SegmentedRaftLogWorker:Storage Directory /tmp/workdir/hadoop-ozone/integration-test/target/test-dir/MiniOzoneClusterImpl-1ab524e4-8b94-4416-883f-eb3cfaa6454f/datanode-0/data/ratis/7749b202-e5a4-4152-b9bc-e23a50fdb1a3: created new log segment /tmp/workdir/hadoop-ozone/integration-test/target/test-dir/MiniOzoneClusterImpl-1ab524e4-8b94-4416-883f-eb3cfaa6454f/datanode-0/data/ratis/7749b202-e5a4-4152-b9bc-e23a50fdb1a3/current/log_inprogress_0
2019-07-13 20:53:38,068 INFO  segmented.SegmentedRaftLogWorker (SegmentedRaftLogWorker.java:execute(569)) - b21e3032-627d-46ac-b88e-fdc5f8b56f2f-SegmentedRaftLogWorker:Storage Directory /tmp/workdir/hadoop-ozone/integration-test/target/test-dir/MiniOzoneClusterImpl-1ab524e4-8b94-4416-883f-eb3cfaa6454f/datanode-4/data/ratis/7749b202-e5a4-4152-b9bc-e23a50fdb1a3: created new log segment /tmp/workdir/hadoop-ozone/integration-test/target/test-dir/MiniOzoneClusterImpl-1ab524e4-8b94-4416-883f-eb3cfaa6454f/datanode-4/data/ratis/7749b202-e5a4-4152-b9bc-e23a50fdb1a3/current/log_inprogress_0
2019-07-13 20:53:39,330 INFO  ozoneimpl.OzoneContainer (OzoneContainer.java:stop(199)) - Attempting to stop container services.
2019-07-13 20:53:39,330 INFO  ozoneimpl.OzoneContainer (OzoneContainer.java:stop(199)) - Attempting to stop container services.
2019-07-13 20:53:39,331 INFO  impl.RaftServerProxy (RaftServerProxy.java:lambda$close$4(314)) - b21e3032-627d-46ac-b88e-fdc5f8b56f2f: close
2019-07-13 20:53:39,331 INFO  impl.RaftServerProxy (RaftServerProxy.java:lambda$close$4(314)) - 88407b66-6843-4748-95c3-9b69e6f4e794: close
2019-07-13 20:53:39,333 INFO  impl.RaftServerImpl (RaftServerImpl.java:lambda$shutdown$3(245)) - 88407b66-6843-4748-95c3-9b69e6f4e794: shutdown group-762A0F0573EB
2019-07-13 20:53:39,333 INFO  impl.RaftServerImpl (RaftServerImpl.java:lambda$shutdown$3(245)) - b21e3032-627d-46ac-b88e-fdc5f8b56f2f: shutdown group-E23A50FDB1A3
2019-07-13 20:53:39,333 INFO  util.JmxRegister (JmxRegister.java:unregister(73)) - Successfully un-registered JMX Bean with object name Ratis:service=RaftServer,group=group-762A0F0573EB,id=88407b66-6843-4748-95c3-9b69e6f4e794
2019-07-13 20:53:39,334 INFO  util.JmxRegister (JmxRegister.java:unregister(73)) - Successfully un-registered JMX Bean with object name Ratis:service=RaftServer,group=group-E23A50FDB1A3,id=b21e3032-627d-46ac-b88e-fdc5f8b56f2f
2019-07-13 20:53:39,334 INFO  impl.RoleInfo (RoleInfo.java:shutdownLeaderState(104)) - 88407b66-6843-4748-95c3-9b69e6f4e794: shutdown LeaderState
2019-07-13 20:53:39,334 INFO  impl.RoleInfo (RoleInfo.java:shutdownFollowerState(121)) - b21e3032-627d-46ac-b88e-fdc5f8b56f2f: shutdown FollowerState
2019-07-13 20:53:39,335 INFO  impl.PendingRequests (PendingRequests.java:sendNotLeaderResponses(202)) - 88407b66-6843-4748-95c3-9b69e6f4e794-PendingRequests: sendNotLeaderResponses
2019-07-13 20:53:39,335 INFO  impl.FollowerState (FollowerState.java:run(114)) - b21e3032-627d-46ac-b88e-fdc5f8b56f2f: FollowerState was interrupted: java.lang.InterruptedException: sleep interrupted
2019-07-13 20:53:39,336 INFO  impl.StateMachineUpdater (StateMachineUpdater.java:stopAndJoin(115)) - StateMachineUpdater:88407b66-6843-4748-95c3-9b69e6f4e794:group-762A0F0573EB: set stopIndex = 0
2019-07-13 20:53:39,335 INFO  ratis.ContainerStateMachine (ContainerStateMachine.java:takeSnapshot(246)) - Taking snapshot at termIndex:(t:0, i:~)
2019-07-13 20:53:39,335 INFO  impl.StateMachineUpdater (StateMachineUpdater.java:stopAndJoin(115)) - StateMachineUpdater:b21e3032-627d-46ac-b88e-fdc5f8b56f2f:group-E23A50FDB1A3: set stopIndex = -1
2019-07-13 20:53:39,336 INFO  ratis.ContainerStateMachine (ContainerStateMachine.java:takeSnapshot(246)) - Taking snapshot at termIndex:(t:0, i:~)
2019-07-13 20:53:39,341 INFO  impl.RaftServerImpl (ServerState.java:close(394)) - b21e3032-627d-46ac-b88e-fdc5f8b56f2f:group-E23A50FDB1A3 closes. The last applied log index is -1
2019-07-13 20:53:39,341 INFO  impl.RaftServerImpl (ServerState.java:close(394)) - 88407b66-6843-4748-95c3-9b69e6f4e794:group-762A0F0573EB closes. The last applied log index is 0
2019-07-13 20:53:39,342 INFO  segmented.SegmentedRaftLogWorker (SegmentedRaftLogWorker.java:run(313)) - b21e3032-627d-46ac-b88e-fdc5f8b56f2f-SegmentedRaftLogWorker:Storage Directory /tmp/workdir/hadoop-ozone/integration-test/target/test-dir/MiniOzoneClusterImpl-1ab524e4-8b94-4416-883f-eb3cfaa6454f/datanode-4/data/ratis/7749b202-e5a4-4152-b9bc-e23a50fdb1a3 was interrupted, exiting. There are 0 tasks remaining in the queue.
2019-07-13 20:53:39,342 INFO  segmented.SegmentedRaftLogWorker (SegmentedRaftLogWorker.java:run(313)) - 88407b66-6843-4748-95c3-9b69e6f4e794-SegmentedRaftLogWorker:Storage Directory /tmp/workdir/hadoop-ozone/integration-test/target/test-dir/MiniOzoneClusterImpl-1ab524e4-8b94-4416-883f-eb3cfaa6454f/datanode-1/data/ratis/949d7bbf-2097-4470-8295-762a0f0573eb was interrupted, exiting. There are 0 tasks remaining in the queue.
2019-07-13 20:53:39,346 INFO  segmented.SegmentedRaftLogWorker (SegmentedRaftLogWorker.java:close(228)) - 88407b66-6843-4748-95c3-9b69e6f4e794-SegmentedRaftLogWorker:Storage Directory /tmp/workdir/hadoop-ozone/integration-test/target/test-dir/MiniOzoneClusterImpl-1ab524e4-8b94-4416-883f-eb3cfaa6454f/datanode-1/data/ratis/949d7bbf-2097-4470-8295-762a0f0573eb close()
2019-07-13 20:53:39,346 INFO  segmented.SegmentedRaftLogWorker (SegmentedRaftLogWorker.java:close(228)) - b21e3032-627d-46ac-b88e-fdc5f8b56f2f-SegmentedRaftLogWorker:Storage Directory /tmp/workdir/hadoop-ozone/integration-test/target/test-dir/MiniOzoneClusterImpl-1ab524e4-8b94-4416-883f-eb3cfaa6454f/datanode-4/data/ratis/7749b202-e5a4-4152-b9bc-e23a50fdb1a3 close()
2019-07-13 20:53:39,351 INFO  impl.RaftServerImpl (RaftServerImpl.java:lambda$shutdown$3(245)) - 88407b66-6843-4748-95c3-9b69e6f4e794: shutdown group-E23A50FDB1A3
2019-07-13 20:53:39,355 INFO  impl.RaftServerImpl (RaftServerImpl.java:lambda$shutdown$3(245)) - b21e3032-627d-46ac-b88e-fdc5f8b56f2f: shutdown group-F4FAC95068E5
2019-07-13 20:53:39,355 INFO  util.JmxRegister (JmxRegister.java:unregister(73)) - Successfully un-registered JMX Bean with object name Ratis:service=RaftServer,group=group-E23A50FDB1A3,id=88407b66-6843-4748-95c3-9b69e6f4e794
2019-07-13 20:53:39,356 INFO  util.JmxRegister (JmxRegister.java:unregister(73)) - Successfully un-registered JMX Bean with object name Ratis:service=RaftServer,group=group-F4FAC95068E5,id=b21e3032-627d-46ac-b88e-fdc5f8b56f2f
2019-07-13 20:53:39,356 INFO  impl.RoleInfo (RoleInfo.java:shutdownLeaderState(104)) - 88407b66-6843-4748-95c3-9b69e6f4e794: shutdown LeaderState
2019-07-13 20:53:39,357 INFO  impl.RoleInfo (RoleInfo.java:shutdownLeaderState(104)) - b21e3032-627d-46ac-b88e-fdc5f8b56f2f: shutdown LeaderState
2019-07-13 20:53:39,361 WARN  server.GrpcLogAppender (GrpcLogAppender.java:mayWait(143)) - GrpcLogAppender(88407b66-6843-4748-95c3-9b69e6f4e794->b21e3032-627d-46ac-b88e-fdc5f8b56f2f): Wait interrupted by java.lang.InterruptedException
2019-07-13 20:53:39,361 INFO  impl.PendingRequests (PendingRequests.java:sendNotLeaderResponses(202)) - b21e3032-627d-46ac-b88e-fdc5f8b56f2f-PendingRequests: sendNotLeaderResponses
2019-07-13 20:53:39,361 WARN  server.GrpcLogAppender (GrpcLogAppender.java:mayWait(143)) - GrpcLogAppender(88407b66-6843-4748-95c3-9b69e6f4e794->ce825884-2075-49ff-9409-9d7b191e36bd): Wait interrupted by java.lang.InterruptedException
2019-07-13 20:53:39,361 INFO  impl.PendingRequests (PendingRequests.java:sendNotLeaderResponses(202)) - 88407b66-6843-4748-95c3-9b69e6f4e794-PendingRequests: sendNotLeaderResponses
2019-07-13 20:53:39,368 INFO  server.GrpcServerProtocolService (GrpcServerProtocolService.java:onCompleted(104)) - b21e3032-627d-46ac-b88e-fdc5f8b56f2f: appendEntries completed
2019-07-13 20:53:39,368 INFO  impl.StateMachineUpdater (StateMachineUpdater.java:stopAndJoin(115)) - StateMachineUpdater:88407b66-6843-4748-95c3-9b69e6f4e794:group-E23A50FDB1A3: set stopIndex = 0
2019-07-13 20:53:39,366 INFO  ratis.ContainerStateMachine (ContainerStateMachine.java:takeSnapshot(246)) - Taking snapshot at termIndex:(t:0, i:~)
2019-07-13 20:53:39,366 INFO  impl.StateMachineUpdater (StateMachineUpdater.java:stopAndJoin(115)) - StateMachineUpdater:b21e3032-627d-46ac-b88e-fdc5f8b56f2f:group-F4FAC95068E5: set stopIndex = 0
2019-07-13 20:53:39,373 INFO  server.GrpcLogAppender (GrpcLogAppender.java:onCompleted(292)) - 88407b66-6843-4748-95c3-9b69e6f4e794->b21e3032-627d-46ac-b88e-fdc5f8b56f2f: follower responses appendEntries COMPLETED
2019-07-13 20:53:39,369 INFO  server.GrpcServerProtocolService (GrpcServerProtocolService.java:onCompleted(104)) - ce825884-2075-49ff-9409-9d7b191e36bd: appendEntries completed
2019-07-13 20:53:39,375 INFO  impl.FollowerInfo (FollowerInfo.java:lambda$new$0(50)) - 88407b66-6843-4748-95c3-9b69e6f4e794->b21e3032-627d-46ac-b88e-fdc5f8b56f2f: nextIndex: updateUnconditionally 1 -> 0
2019-07-13 20:53:39,368 INFO  ratis.ContainerStateMachine (ContainerStateMachine.java:takeSnapshot(246)) - Taking snapshot at termIndex:(t:0, i:~)
2019-07-13 20:53:39,373 INFO  impl.RaftServerImpl (ServerState.java:close(394)) - b21e3032-627d-46ac-b88e-fdc5f8b56f2f:group-F4FAC95068E5 closes. The last applied log index is 0
2019-07-13 20:53:39,376 INFO  server.GrpcLogAppender (GrpcLogAppender.java:onCompleted(292)) - 88407b66-6843-4748-95c3-9b69e6f4e794->ce825884-2075-49ff-9409-9d7b191e36bd: follower responses appendEntries COMPLETED
2019-07-13 20:53:39,376 INFO  impl.RaftServerImpl (ServerState.java:close(394)) - 88407b66-6843-4748-95c3-9b69e6f4e794:group-E23A50FDB1A3 closes. The last applied log index is 0
2019-07-13 20:53:39,379 INFO  impl.FollowerInfo (FollowerInfo.java:lambda$new$0(50)) - 88407b66-6843-4748-95c3-9b69e6f4e794->ce825884-2075-49ff-9409-9d7b191e36bd: nextIndex: updateUnconditionally 1 -> 0
2019-07-13 20:53:39,377 INFO  segmented.SegmentedRaftLogWorker (SegmentedRaftLogWorker.java:run(313)) - b21e3032-627d-46ac-b88e-fdc5f8b56f2f-SegmentedRaftLogWorker:Storage Directory /tmp/workdir/hadoop-ozone/integration-test/target/test-dir/MiniOzoneClusterImpl-1ab524e4-8b94-4416-883f-eb3cfaa6454f/datanode-4/data/ratis/b522dea8-3fa6-428f-96e4-f4fac95068e5 was interrupted, exiting. There are 0 tasks remaining in the queue.
2019-07-13 20:53:39,379 INFO  segmented.SegmentedRaftLogWorker (SegmentedRaftLogWorker.java:run(313)) - 88407b66-6843-4748-95c3-9b69e6f4e794-SegmentedRaftLogWorker:Storage Directory /tmp/workdir/hadoop-ozone/integration-test/target/test-dir/MiniOzoneClusterImpl-1ab524e4-8b94-4416-883f-eb3cfaa6454f/datanode-1/data/ratis/7749b202-e5a4-4152-b9bc-e23a50fdb1a3 was interrupted, exiting. There are 0 tasks remaining in the queue.
2019-07-13 20:53:39,381 INFO  segmented.SegmentedRaftLogWorker (SegmentedRaftLogWorker.java:close(228)) - b21e3032-627d-46ac-b88e-fdc5f8b56f2f-SegmentedRaftLogWorker:Storage Directory /tmp/workdir/hadoop-ozone/integration-test/target/test-dir/MiniOzoneClusterImpl-1ab524e4-8b94-4416-883f-eb3cfaa6454f/datanode-4/data/ratis/b522dea8-3fa6-428f-96e4-f4fac95068e5 close()
2019-07-13 20:53:39,383 INFO  segmented.SegmentedRaftLogWorker (SegmentedRaftLogWorker.java:close(228)) - 88407b66-6843-4748-95c3-9b69e6f4e794-SegmentedRaftLogWorker:Storage Directory /tmp/workdir/hadoop-ozone/integration-test/target/test-dir/MiniOzoneClusterImpl-1ab524e4-8b94-4416-883f-eb3cfaa6454f/datanode-1/data/ratis/7749b202-e5a4-4152-b9bc-e23a50fdb1a3 close()
2019-07-13 20:53:39,391 INFO  server.GrpcService (GrpcService.java:closeImpl(155)) - b21e3032-627d-46ac-b88e-fdc5f8b56f2f: shutdown server with port 38077 now
2019-07-13 20:53:39,391 INFO  server.GrpcService (GrpcService.java:closeImpl(155)) - 88407b66-6843-4748-95c3-9b69e6f4e794: shutdown server with port 40478 now
2019-07-13 20:53:39,393 INFO  server.GrpcService (GrpcService.java:closeImpl(163)) - 88407b66-6843-4748-95c3-9b69e6f4e794: shutdown server with port 40478 successfully
2019-07-13 20:53:39,394 INFO  server.GrpcService (GrpcService.java:closeImpl(163)) - b21e3032-627d-46ac-b88e-fdc5f8b56f2f: shutdown server with port 38077 successfully
2019-07-13 20:53:39,400 INFO  utils.BackgroundService (BackgroundService.java:shutdown(148)) - Shutting down service BlockDeletingService
2019-07-13 20:53:39,402 INFO  utils.BackgroundService (BackgroundService.java:shutdown(148)) - Shutting down service BlockDeletingService
2019-07-13 20:53:39,405 WARN  fs.CachingGetSpaceUsed (CachingGetSpaceUsed.java:run(183)) - Thread Interrupted waiting to refresh disk information: sleep interrupted
2019-07-13 20:53:39,408 WARN  fs.CachingGetSpaceUsed (CachingGetSpaceUsed.java:run(183)) - Thread Interrupted waiting to refresh disk information: sleep interrupted
2019-07-13 20:53:39,435 INFO  statemachine.DatanodeStateMachine (DatanodeStateMachine.java:stopDaemon(395)) - Ozone container server stopped.
2019-07-13 20:53:39,436 INFO  statemachine.DatanodeStateMachine (DatanodeStateMachine.java:stopDaemon(395)) - Ozone container server stopped.
2019-07-13 20:53:39,441 INFO  handler.ContextHandler (ContextHandler.java:doStop(910)) - Stopped o.e.j.w.WebAppContext@2e1eb85f{/,null,UNAVAILABLE}{/hddsDatanode}
2019-07-13 20:53:39,441 INFO  handler.ContextHandler (ContextHandler.java:doStop(910)) - Stopped o.e.j.w.WebAppContext@367d34c0{/,null,UNAVAILABLE}{/hddsDatanode}
2019-07-13 20:53:39,442 INFO  server.AbstractConnector (AbstractConnector.java:doStop(318)) - Stopped ServerConnector@ea7a4c3{HTTP/1.1,[http/1.1]}{0.0.0.0:0}
2019-07-13 20:53:39,443 INFO  handler.ContextHandler (ContextHandler.java:doStop(910)) - Stopped o.e.j.s.ServletContextHandler@364fd4ae{/static,jar:file:/home/user/.m2/repository/org/apache/hadoop/hadoop-hdds-container-service/0.5.0-SNAPSHOT/hadoop-hdds-container-service-0.5.0-SNAPSHOT.jar!/webapps/static,UNAVAILABLE}
2019-07-13 20:53:39,445 INFO  server.AbstractConnector (AbstractConnector.java:doStop(318)) - Stopped ServerConnector@4ce25e47{HTTP/1.1,[http/1.1]}{0.0.0.0:0}
2019-07-13 20:53:39,445 INFO  handler.ContextHandler (ContextHandler.java:doStop(910)) - Stopped o.e.j.s.ServletContextHandler@359066bc{/logs,file:///tmp/workdir/hadoop-ozone/integration-test/target/log,UNAVAILABLE}
2019-07-13 20:53:39,445 INFO  handler.ContextHandler (ContextHandler.java:doStop(910)) - Stopped o.e.j.s.ServletContextHandler@5fef0c19{/static,jar:file:/home/user/.m2/repository/org/apache/hadoop/hadoop-hdds-container-service/0.5.0-SNAPSHOT/hadoop-hdds-container-service-0.5.0-SNAPSHOT.jar!/webapps/static,UNAVAILABLE}
2019-07-13 20:53:39,446 INFO  handler.ContextHandler (ContextHandler.java:doStop(910)) - Stopped o.e.j.s.ServletContextHandler@615db358{/logs,file:///tmp/workdir/hadoop-ozone/integration-test/target/log,UNAVAILABLE}
2019-07-13 20:53:39,446 INFO  datanode.ObjectStoreHandler (ObjectStoreHandler.java:close(155)) - Closing ObjectStoreHandler.
2019-07-13 20:53:39,447 INFO  datanode.ObjectStoreHandler (ObjectStoreHandler.java:close(155)) - Closing ObjectStoreHandler.
2019-07-13 20:53:39,448 INFO  ozone.HddsDatanodeService (HddsDatanodeService.java:stop(452)) - Stopped plug-in org.apache.hadoop.ozone.web.OzoneHddsDatanodeService@7436364d
2019-07-13 20:53:39,449 INFO  ozone.HddsDatanodeService (HddsDatanodeService.java:stop(452)) - Stopped plug-in org.apache.hadoop.ozone.web.OzoneHddsDatanodeService@65da01f4
2019-07-13 20:53:39,472 INFO  statemachine.DatanodeStateMachine (DatanodeStateMachine.java:lambda$startDaemon$0(350)) - Ozone container server started.
2019-07-13 20:53:39,997 INFO  statemachine.DatanodeStateMachine (DatanodeStateMachine.java:lambda$startDaemon$0(350)) - Ozone container server started.
2019-07-13 20:53:44,450 INFO  ozoneimpl.OzoneContainer (OzoneContainer.java:stop(199)) - Attempting to stop container services.
2019-07-13 20:53:44,450 INFO  ozoneimpl.OzoneContainer (OzoneContainer.java:stop(199)) - Attempting to stop container services.
2019-07-13 20:53:44,451 INFO  impl.RaftServerProxy (RaftServerProxy.java:lambda$close$4(314)) - 0fed1087-15d2-4879-9faa-ad4f57cb19ae: close
2019-07-13 20:53:44,451 INFO  impl.RaftServerProxy (RaftServerProxy.java:lambda$close$4(314)) - 107fee82-e5db-4797-8aae-57162eed379b: close
2019-07-13 20:53:44,451 INFO  impl.RaftServerImpl (RaftServerImpl.java:lambda$shutdown$3(245)) - 0fed1087-15d2-4879-9faa-ad4f57cb19ae: shutdown group-8FFC8DAC8722
2019-07-13 20:53:44,451 INFO  impl.RaftServerImpl (RaftServerImpl.java:lambda$shutdown$3(245)) - 107fee82-e5db-4797-8aae-57162eed379b: shutdown group-361C7C48F2B7
2019-07-13 20:53:44,452 INFO  util.JmxRegister (JmxRegister.java:unregister(73)) - Successfully un-registered JMX Bean with object name Ratis:service=RaftServer,group=group-8FFC8DAC8722,id=0fed1087-15d2-4879-9faa-ad4f57cb19ae
2019-07-13 20:53:44,452 INFO  util.JmxRegister (JmxRegister.java:unregister(73)) - Successfully un-registered JMX Bean with object name Ratis:service=RaftServer,group=group-361C7C48F2B7,id=107fee82-e5db-4797-8aae-57162eed379b
2019-07-13 20:53:44,452 INFO  impl.RoleInfo (RoleInfo.java:shutdownLeaderState(104)) - 0fed1087-15d2-4879-9faa-ad4f57cb19ae: shutdown LeaderState
2019-07-13 20:53:44,453 INFO  impl.RoleInfo (RoleInfo.java:shutdownLeaderState(104)) - 107fee82-e5db-4797-8aae-57162eed379b: shutdown LeaderState
2019-07-13 20:53:44,457 WARN  server.GrpcLogAppender (GrpcLogAppender.java:mayWait(143)) - GrpcLogAppender(0fed1087-15d2-4879-9faa-ad4f57cb19ae->3d22177d-605d-4638-aa04-41b506e5e6ef): Wait interrupted by java.lang.InterruptedException
2019-07-13 20:53:44,457 WARN  server.GrpcLogAppender (GrpcLogAppender.java:mayWait(143)) - GrpcLogAppender(0fed1087-15d2-4879-9faa-ad4f57cb19ae->62121b6c-f658-49f8-8f7f-7d79aebe6ec2): Wait interrupted by java.lang.InterruptedException
2019-07-13 20:53:44,457 INFO  impl.PendingRequests (PendingRequests.java:sendNotLeaderResponses(202)) - 0fed1087-15d2-4879-9faa-ad4f57cb19ae-PendingRequests: sendNotLeaderResponses
2019-07-13 20:53:44,457 INFO  impl.PendingRequests (PendingRequests.java:sendNotLeaderResponses(202)) - 107fee82-e5db-4797-8aae-57162eed379b-PendingRequests: sendNotLeaderResponses
2019-07-13 20:53:44,463 INFO  server.GrpcServerProtocolService (GrpcServerProtocolService.java:onCompleted(104)) - 62121b6c-f658-49f8-8f7f-7d79aebe6ec2: appendEntries completed
2019-07-13 20:53:44,464 INFO  impl.StateMachineUpdater (StateMachineUpdater.java:stopAndJoin(115)) - StateMachineUpdater:0fed1087-15d2-4879-9faa-ad4f57cb19ae:group-8FFC8DAC8722: set stopIndex = 4
2019-07-13 20:53:44,463 INFO  server.GrpcServerProtocolService (GrpcServerProtocolService.java:onCompleted(104)) - 3d22177d-605d-4638-aa04-41b506e5e6ef: appendEntries completed
2019-07-13 20:53:44,464 INFO  ratis.ContainerStateMachine (ContainerStateMachine.java:takeSnapshot(246)) - Taking snapshot at termIndex:(t:0, i:~)
2019-07-13 20:53:44,464 INFO  ratis.ContainerStateMachine (ContainerStateMachine.java:takeSnapshot(246)) - Taking snapshot at termIndex:(t:1, i:4)
2019-07-13 20:53:44,469 INFO  ratis.ContainerStateMachine (ContainerStateMachine.java:takeSnapshot(250)) - Taking a snapshot to file /tmp/workdir/hadoop-ozone/integration-test/target/test-dir/MiniOzoneClusterImpl-1ab524e4-8b94-4416-883f-eb3cfaa6454f/datanode-2/data/ratis/e7542025-2384-4542-8a77-8ffc8dac8722/sm/snapshot.1_4
2019-07-13 20:53:44,464 INFO  impl.StateMachineUpdater (StateMachineUpdater.java:stopAndJoin(115)) - StateMachineUpdater:107fee82-e5db-4797-8aae-57162eed379b:group-361C7C48F2B7: set stopIndex = 0
2019-07-13 20:53:44,469 INFO  impl.StateMachineUpdater (StateMachineUpdater.java:takeSnapshot(242)) - StateMachineUpdater:0fed1087-15d2-4879-9faa-ad4f57cb19ae:group-8FFC8DAC8722: Took a snapshot at index 4
2019-07-13 20:53:44,469 INFO  server.GrpcLogAppender (GrpcLogAppender.java:onCompleted(292)) - 0fed1087-15d2-4879-9faa-ad4f57cb19ae->62121b6c-f658-49f8-8f7f-7d79aebe6ec2: follower responses appendEntries COMPLETED
2019-07-13 20:53:44,471 INFO  impl.StateMachineUpdater (StateMachineUpdater.java:lambda$new$0(80)) - StateMachineUpdater:0fed1087-15d2-4879-9faa-ad4f57cb19ae:group-8FFC8DAC8722: snapshotIndex: updateIncreasingly -1 -> 4
2019-07-13 20:53:44,471 INFO  impl.RaftServerImpl (ServerState.java:close(394)) - 107fee82-e5db-4797-8aae-57162eed379b:group-361C7C48F2B7 closes. The last applied log index is 0
2019-07-13 20:53:44,471 INFO  server.GrpcLogAppender (GrpcLogAppender.java:onCompleted(292)) - 0fed1087-15d2-4879-9faa-ad4f57cb19ae->3d22177d-605d-4638-aa04-41b506e5e6ef: follower responses appendEntries COMPLETED
2019-07-13 20:53:44,474 INFO  impl.FollowerInfo (FollowerInfo.java:lambda$new$0(50)) - 0fed1087-15d2-4879-9faa-ad4f57cb19ae->62121b6c-f658-49f8-8f7f-7d79aebe6ec2: nextIndex: updateUnconditionally 5 -> 4
2019-07-13 20:53:44,473 INFO  impl.RaftServerImpl (ServerState.java:close(394)) - 0fed1087-15d2-4879-9faa-ad4f57cb19ae:group-8FFC8DAC8722 closes. The last applied log index is 4
2019-07-13 20:53:44,476 INFO  impl.FollowerInfo (FollowerInfo.java:lambda$new$0(50)) - 0fed1087-15d2-4879-9faa-ad4f57cb19ae->3d22177d-605d-4638-aa04-41b506e5e6ef: nextIndex: updateUnconditionally 5 -> 4
2019-07-13 20:53:44,476 INFO  segmented.SegmentedRaftLogWorker (SegmentedRaftLogWorker.java:run(313)) - 107fee82-e5db-4797-8aae-57162eed379b-SegmentedRaftLogWorker:Storage Directory /tmp/workdir/hadoop-ozone/integration-test/target/test-dir/MiniOzoneClusterImpl-1ab524e4-8b94-4416-883f-eb3cfaa6454f/datanode-3/data/ratis/b70a13bf-1c91-4e24-9fd3-361c7c48f2b7 was interrupted, exiting. There are 0 tasks remaining in the queue.
2019-07-13 20:53:44,477 INFO  segmented.SegmentedRaftLogWorker (SegmentedRaftLogWorker.java:run(313)) - 0fed1087-15d2-4879-9faa-ad4f57cb19ae-SegmentedRaftLogWorker:Storage Directory /tmp/workdir/hadoop-ozone/integration-test/target/test-dir/MiniOzoneClusterImpl-1ab524e4-8b94-4416-883f-eb3cfaa6454f/datanode-2/data/ratis/e7542025-2384-4542-8a77-8ffc8dac8722 was interrupted, exiting. There are 0 tasks remaining in the queue.
2019-07-13 20:53:44,479 INFO  segmented.SegmentedRaftLogWorker (SegmentedRaftLogWorker.java:close(228)) - 0fed1087-15d2-4879-9faa-ad4f57cb19ae-SegmentedRaftLogWorker:Storage Directory /tmp/workdir/hadoop-ozone/integration-test/target/test-dir/MiniOzoneClusterImpl-1ab524e4-8b94-4416-883f-eb3cfaa6454f/datanode-2/data/ratis/e7542025-2384-4542-8a77-8ffc8dac8722 close()
2019-07-13 20:53:44,479 INFO  segmented.SegmentedRaftLogWorker (SegmentedRaftLogWorker.java:close(228)) - 107fee82-e5db-4797-8aae-57162eed379b-SegmentedRaftLogWorker:Storage Directory /tmp/workdir/hadoop-ozone/integration-test/target/test-dir/MiniOzoneClusterImpl-1ab524e4-8b94-4416-883f-eb3cfaa6454f/datanode-3/data/ratis/b70a13bf-1c91-4e24-9fd3-361c7c48f2b7 close()
2019-07-13 20:53:44,482 INFO  impl.RaftServerImpl (RaftServerImpl.java:lambda$shutdown$3(245)) - 0fed1087-15d2-4879-9faa-ad4f57cb19ae: shutdown group-D777E9C373F3
2019-07-13 20:53:44,486 INFO  server.GrpcService (GrpcService.java:closeImpl(155)) - 107fee82-e5db-4797-8aae-57162eed379b: shutdown server with port 38874 now
2019-07-13 20:53:44,486 INFO  util.JmxRegister (JmxRegister.java:unregister(73)) - Successfully un-registered JMX Bean with object name Ratis:service=RaftServer,group=group-D777E9C373F3,id=0fed1087-15d2-4879-9faa-ad4f57cb19ae
2019-07-13 20:53:44,488 INFO  server.GrpcService (GrpcService.java:closeImpl(163)) - 107fee82-e5db-4797-8aae-57162eed379b: shutdown server with port 38874 successfully
2019-07-13 20:53:44,488 INFO  impl.RoleInfo (RoleInfo.java:shutdownLeaderState(104)) - 0fed1087-15d2-4879-9faa-ad4f57cb19ae: shutdown LeaderState
2019-07-13 20:53:44,489 INFO  impl.PendingRequests (PendingRequests.java:sendNotLeaderResponses(202)) - 0fed1087-15d2-4879-9faa-ad4f57cb19ae-PendingRequests: sendNotLeaderResponses
2019-07-13 20:53:44,490 INFO  impl.StateMachineUpdater (StateMachineUpdater.java:stopAndJoin(115)) - StateMachineUpdater:0fed1087-15d2-4879-9faa-ad4f57cb19ae:group-D777E9C373F3: set stopIndex = 0
2019-07-13 20:53:44,490 INFO  ratis.ContainerStateMachine (ContainerStateMachine.java:takeSnapshot(246)) - Taking snapshot at termIndex:(t:0, i:~)
2019-07-13 20:53:44,490 INFO  impl.RaftServerImpl (ServerState.java:close(394)) - 0fed1087-15d2-4879-9faa-ad4f57cb19ae:group-D777E9C373F3 closes. The last applied log index is 0
2019-07-13 20:53:44,491 INFO  segmented.SegmentedRaftLogWorker (SegmentedRaftLogWorker.java:run(313)) - 0fed1087-15d2-4879-9faa-ad4f57cb19ae-SegmentedRaftLogWorker:Storage Directory /tmp/workdir/hadoop-ozone/integration-test/target/test-dir/MiniOzoneClusterImpl-1ab524e4-8b94-4416-883f-eb3cfaa6454f/datanode-2/data/ratis/d33c9755-61c7-465f-894f-d777e9c373f3 was interrupted, exiting. There are 0 tasks remaining in the queue.
2019-07-13 20:53:44,493 INFO  segmented.SegmentedRaftLogWorker (SegmentedRaftLogWorker.java:close(228)) - 0fed1087-15d2-4879-9faa-ad4f57cb19ae-SegmentedRaftLogWorker:Storage Directory /tmp/workdir/hadoop-ozone/integration-test/target/test-dir/MiniOzoneClusterImpl-1ab524e4-8b94-4416-883f-eb3cfaa6454f/datanode-2/data/ratis/d33c9755-61c7-465f-894f-d777e9c373f3 close()
2019-07-13 20:53:44,502 INFO  server.GrpcService (GrpcService.java:closeImpl(155)) - 0fed1087-15d2-4879-9faa-ad4f57cb19ae: shutdown server with port 46104 now
2019-07-13 20:53:44,503 INFO  server.GrpcService (GrpcService.java:closeImpl(163)) - 0fed1087-15d2-4879-9faa-ad4f57cb19ae: shutdown server with port 46104 successfully
2019-07-13 20:53:44,504 INFO  utils.BackgroundService (BackgroundService.java:shutdown(148)) - Shutting down service BlockDeletingService
2019-07-13 20:53:44,508 WARN  fs.CachingGetSpaceUsed (CachingGetSpaceUsed.java:run(183)) - Thread Interrupted waiting to refresh disk information: sleep interrupted
2019-07-13 20:53:44,511 INFO  utils.BackgroundService (BackgroundService.java:shutdown(148)) - Shutting down service BlockDeletingService
2019-07-13 20:53:44,513 WARN  fs.CachingGetSpaceUsed (CachingGetSpaceUsed.java:run(183)) - Thread Interrupted waiting to refresh disk information: sleep interrupted
2019-07-13 20:53:44,528 INFO  statemachine.DatanodeStateMachine (DatanodeStateMachine.java:stopDaemon(395)) - Ozone container server stopped.
2019-07-13 20:53:44,530 INFO  handler.ContextHandler (ContextHandler.java:doStop(910)) - Stopped o.e.j.w.WebAppContext@6a2d867d{/,null,UNAVAILABLE}{/hddsDatanode}
2019-07-13 20:53:44,531 INFO  server.AbstractConnector (AbstractConnector.java:doStop(318)) - Stopped ServerConnector@73bb1337{HTTP/1.1,[http/1.1]}{0.0.0.0:0}
2019-07-13 20:53:44,531 INFO  handler.ContextHandler (ContextHandler.java:doStop(910)) - Stopped o.e.j.s.ServletContextHandler@cc9ef8d{/static,jar:file:/home/user/.m2/repository/org/apache/hadoop/hadoop-hdds-container-service/0.5.0-SNAPSHOT/hadoop-hdds-container-service-0.5.0-SNAPSHOT.jar!/webapps/static,UNAVAILABLE}
2019-07-13 20:53:44,532 INFO  handler.ContextHandler (ContextHandler.java:doStop(910)) - Stopped o.e.j.s.ServletContextHandler@1e30db85{/logs,file:///tmp/workdir/hadoop-ozone/integration-test/target/log,UNAVAILABLE}
2019-07-13 20:53:44,541 INFO  statemachine.DatanodeStateMachine (DatanodeStateMachine.java:stopDaemon(395)) - Ozone container server stopped.
2019-07-13 20:53:44,545 INFO  datanode.ObjectStoreHandler (ObjectStoreHandler.java:close(155)) - Closing ObjectStoreHandler.
2019-07-13 20:53:44,546 INFO  handler.ContextHandler (ContextHandler.java:doStop(910)) - Stopped o.e.j.w.WebAppContext@7197b07f{/,null,UNAVAILABLE}{/hddsDatanode}
2019-07-13 20:53:44,547 INFO  ozone.HddsDatanodeService (HddsDatanodeService.java:stop(452)) - Stopped plug-in org.apache.hadoop.ozone.web.OzoneHddsDatanodeService@28e7bb31
2019-07-13 20:53:44,547 INFO  server.AbstractConnector (AbstractConnector.java:doStop(318)) - Stopped ServerConnector@1f10fec6{HTTP/1.1,[http/1.1]}{0.0.0.0:0}
2019-07-13 20:53:44,549 INFO  handler.ContextHandler (ContextHandler.java:doStop(910)) - Stopped o.e.j.s.ServletContextHandler@62ade015{/static,jar:file:/home/user/.m2/repository/org/apache/hadoop/hadoop-hdds-container-service/0.5.0-SNAPSHOT/hadoop-hdds-container-service-0.5.0-SNAPSHOT.jar!/webapps/static,UNAVAILABLE}
2019-07-13 20:53:44,551 INFO  handler.ContextHandler (ContextHandler.java:doStop(910)) - Stopped o.e.j.s.ServletContextHandler@631c6d11{/logs,file:///tmp/workdir/hadoop-ozone/integration-test/target/log,UNAVAILABLE}
2019-07-13 20:53:44,552 INFO  datanode.ObjectStoreHandler (ObjectStoreHandler.java:close(155)) - Closing ObjectStoreHandler.
2019-07-13 20:53:44,553 INFO  ozone.HddsDatanodeService (HddsDatanodeService.java:stop(452)) - Stopped plug-in org.apache.hadoop.ozone.web.OzoneHddsDatanodeService@b4732dc
2019-07-13 20:53:45,026 INFO  statemachine.DatanodeStateMachine (DatanodeStateMachine.java:lambda$startDaemon$0(350)) - Ozone container server started.
2019-07-13 20:53:45,486 INFO  statemachine.DatanodeStateMachine (DatanodeStateMachine.java:lambda$startDaemon$0(350)) - Ozone container server started.
2019-07-13 20:53:48,207 INFO  impl.FollowerState (FollowerState.java:run(106)) - ce825884-2075-49ff-9409-9d7b191e36bd:group-E23A50FDB1A3 changes to CANDIDATE, lastRpcTime:10127, electionTimeout:5056ms
2019-07-13 20:53:48,207 INFO  impl.RoleInfo (RoleInfo.java:shutdownFollowerState(121)) - ce825884-2075-49ff-9409-9d7b191e36bd: shutdown FollowerState
2019-07-13 20:53:48,207 INFO  impl.RaftServerImpl (RaftServerImpl.java:setRole(171)) - ce825884-2075-49ff-9409-9d7b191e36bd:group-E23A50FDB1A3 changes role from FOLLOWER to CANDIDATE at term 1 for changeToCandidate
2019-07-13 20:53:48,208 INFO  impl.RoleInfo (RoleInfo.java:updateAndGet(143)) - ce825884-2075-49ff-9409-9d7b191e36bd: start LeaderElection
2019-07-13 20:53:48,214 INFO  impl.RaftServerImpl (ServerState.java:setLeader(263)) - ce825884-2075-49ff-9409-9d7b191e36bd:group-E23A50FDB1A3 change Leader from 88407b66-6843-4748-95c3-9b69e6f4e794 to null at term 1 for initElection
2019-07-13 20:53:48,241 INFO  impl.LeaderElection (LeaderElection.java:askForVotes(181)) - ce825884-2075-49ff-9409-9d7b191e36bd:group-E23A50FDB1A3:LeaderElection12: begin an election at term 2 for 0: [b21e3032-627d-46ac-b88e-fdc5f8b56f2f:192.168.5.168:38077, 88407b66-6843-4748-95c3-9b69e6f4e794:192.168.5.168:40478, ce825884-2075-49ff-9409-9d7b191e36bd:192.168.5.168:33543], old=null
2019-07-13 20:53:48,264 INFO  impl.LeaderElection (LogUtils.java:infoOrTrace(149)) - ce825884-2075-49ff-9409-9d7b191e36bd:group-E23A50FDB1A3:LeaderElection12 got exception when requesting votes: {}
java.util.concurrent.ExecutionException: org.apache.ratis.thirdparty.io.grpc.StatusRuntimeException: UNAVAILABLE: io exception
	at java.util.concurrent.FutureTask.report(FutureTask.java:122)
	at java.util.concurrent.FutureTask.get(FutureTask.java:192)
	at org.apache.ratis.server.impl.LeaderElection.waitForResults(LeaderElection.java:262)
	at org.apache.ratis.server.impl.LeaderElection.askForVotes(LeaderElection.java:200)
	at org.apache.ratis.server.impl.LeaderElection.run(LeaderElection.java:130)
	at java.lang.Thread.run(Thread.java:748)
Caused by: org.apache.ratis.thirdparty.io.grpc.StatusRuntimeException: UNAVAILABLE: io exception
	at org.apache.ratis.thirdparty.io.grpc.stub.ClientCalls.toStatusRuntimeException(ClientCalls.java:233)
	at org.apache.ratis.thirdparty.io.grpc.stub.ClientCalls.getUnchecked(ClientCalls.java:214)
	at org.apache.ratis.thirdparty.io.grpc.stub.ClientCalls.blockingUnaryCall(ClientCalls.java:139)
	at org.apache.ratis.proto.grpc.RaftServerProtocolServiceGrpc$RaftServerProtocolServiceBlockingStub.requestVote(RaftServerProtocolServiceGrpc.java:265)
	at org.apache.ratis.grpc.server.GrpcServerProtocolClient.requestVote(GrpcServerProtocolClient.java:83)
	at org.apache.ratis.grpc.server.GrpcService.requestVote(GrpcService.java:195)
	at org.apache.ratis.server.impl.LeaderElection.lambda$submitRequests$1(LeaderElection.java:237)
	at java.util.concurrent.FutureTask.run(FutureTask.java:266)
	at java.util.concurrent.Executors$RunnableAdapter.call(Executors.java:511)
	at java.util.concurrent.FutureTask.run(FutureTask.java:266)
	at java.util.concurrent.ThreadPoolExecutor.runWorker(ThreadPoolExecutor.java:1149)
	at java.util.concurrent.ThreadPoolExecutor$Worker.run(ThreadPoolExecutor.java:624)
	... 1 more
Caused by: org.apache.ratis.thirdparty.io.netty.channel.AbstractChannel$AnnotatedConnectException: Connection refused: /192.168.5.168:38077
	at sun.nio.ch.SocketChannelImpl.checkConnect(Native Method)
	at sun.nio.ch.SocketChannelImpl.finishConnect(SocketChannelImpl.java:717)
	at org.apache.ratis.thirdparty.io.netty.channel.socket.nio.NioSocketChannel.doFinishConnect(NioSocketChannel.java:327)
	at org.apache.ratis.thirdparty.io.netty.channel.nio.AbstractNioChannel$AbstractNioUnsafe.finishConnect(AbstractNioChannel.java:340)
	at org.apache.ratis.thirdparty.io.netty.channel.nio.NioEventLoop.processSelectedKey(NioEventLoop.java:632)
	at org.apache.ratis.thirdparty.io.netty.channel.nio.NioEventLoop.processSelectedKeysOptimized(NioEventLoop.java:579)
	at org.apache.ratis.thirdparty.io.netty.channel.nio.NioEventLoop.processSelectedKeys(NioEventLoop.java:496)
	at org.apache.ratis.thirdparty.io.netty.channel.nio.NioEventLoop.run(NioEventLoop.java:458)
	at org.apache.ratis.thirdparty.io.netty.util.concurrent.SingleThreadEventExecutor$5.run(SingleThreadEventExecutor.java:897)
	at org.apache.ratis.thirdparty.io.netty.util.concurrent.FastThreadLocalRunnable.run(FastThreadLocalRunnable.java:30)
	... 1 more
Caused by: java.net.ConnectException: Connection refused
	... 11 more
2019-07-13 20:53:48,268 INFO  impl.LeaderElection (LogUtils.java:infoOrTrace(149)) - ce825884-2075-49ff-9409-9d7b191e36bd:group-E23A50FDB1A3:LeaderElection12 got exception when requesting votes: {}
java.util.concurrent.ExecutionException: org.apache.ratis.thirdparty.io.grpc.StatusRuntimeException: UNAVAILABLE: io exception
	at java.util.concurrent.FutureTask.report(FutureTask.java:122)
	at java.util.concurrent.FutureTask.get(FutureTask.java:192)
	at org.apache.ratis.server.impl.LeaderElection.waitForResults(LeaderElection.java:262)
	at org.apache.ratis.server.impl.LeaderElection.askForVotes(LeaderElection.java:200)
	at org.apache.ratis.server.impl.LeaderElection.run(LeaderElection.java:130)
	at java.lang.Thread.run(Thread.java:748)
Caused by: org.apache.ratis.thirdparty.io.grpc.StatusRuntimeException: UNAVAILABLE: io exception
	at org.apache.ratis.thirdparty.io.grpc.stub.ClientCalls.toStatusRuntimeException(ClientCalls.java:233)
	at org.apache.ratis.thirdparty.io.grpc.stub.ClientCalls.getUnchecked(ClientCalls.java:214)
	at org.apache.ratis.thirdparty.io.grpc.stub.ClientCalls.blockingUnaryCall(ClientCalls.java:139)
	at org.apache.ratis.proto.grpc.RaftServerProtocolServiceGrpc$RaftServerProtocolServiceBlockingStub.requestVote(RaftServerProtocolServiceGrpc.java:265)
	at org.apache.ratis.grpc.server.GrpcServerProtocolClient.requestVote(GrpcServerProtocolClient.java:83)
	at org.apache.ratis.grpc.server.GrpcService.requestVote(GrpcService.java:195)
	at org.apache.ratis.server.impl.LeaderElection.lambda$submitRequests$1(LeaderElection.java:237)
	at java.util.concurrent.FutureTask.run(FutureTask.java:266)
	at java.util.concurrent.Executors$RunnableAdapter.call(Executors.java:511)
	at java.util.concurrent.FutureTask.run(FutureTask.java:266)
	at java.util.concurrent.ThreadPoolExecutor.runWorker(ThreadPoolExecutor.java:1149)
	at java.util.concurrent.ThreadPoolExecutor$Worker.run(ThreadPoolExecutor.java:624)
	... 1 more
Caused by: org.apache.ratis.thirdparty.io.netty.channel.AbstractChannel$AnnotatedConnectException: Connection refused: /192.168.5.168:40478
	at sun.nio.ch.SocketChannelImpl.checkConnect(Native Method)
	at sun.nio.ch.SocketChannelImpl.finishConnect(SocketChannelImpl.java:717)
	at org.apache.ratis.thirdparty.io.netty.channel.socket.nio.NioSocketChannel.doFinishConnect(NioSocketChannel.java:327)
	at org.apache.ratis.thirdparty.io.netty.channel.nio.AbstractNioChannel$AbstractNioUnsafe.finishConnect(AbstractNioChannel.java:340)
	at org.apache.ratis.thirdparty.io.netty.channel.nio.NioEventLoop.processSelectedKey(NioEventLoop.java:632)
	at org.apache.ratis.thirdparty.io.netty.channel.nio.NioEventLoop.processSelectedKeysOptimized(NioEventLoop.java:579)
	at org.apache.ratis.thirdparty.io.netty.channel.nio.NioEventLoop.processSelectedKeys(NioEventLoop.java:496)
	at org.apache.ratis.thirdparty.io.netty.channel.nio.NioEventLoop.run(NioEventLoop.java:458)
	at org.apache.ratis.thirdparty.io.netty.util.concurrent.SingleThreadEventExecutor$5.run(SingleThreadEventExecutor.java:897)
	at org.apache.ratis.thirdparty.io.netty.util.concurrent.FastThreadLocalRunnable.run(FastThreadLocalRunnable.java:30)
	... 1 more
Caused by: java.net.ConnectException: Connection refused
	... 11 more
2019-07-13 20:53:48,270 INFO  impl.LeaderElection (LeaderElection.java:logAndReturn(56)) - ce825884-2075-49ff-9409-9d7b191e36bd:group-E23A50FDB1A3:LeaderElection12: Election REJECTED; received 0 response(s) [] and 2 exception(s); ce825884-2075-49ff-9409-9d7b191e36bd:t2, leader=null, voted=ce825884-2075-49ff-9409-9d7b191e36bd, raftlog=ce825884-2075-49ff-9409-9d7b191e36bd-SegmentedRaftLog:OPENED:c-1,f0,i0, conf=0: [b21e3032-627d-46ac-b88e-fdc5f8b56f2f:192.168.5.168:38077, 88407b66-6843-4748-95c3-9b69e6f4e794:192.168.5.168:40478, ce825884-2075-49ff-9409-9d7b191e36bd:192.168.5.168:33543], old=null
2019-07-13 20:53:48,270 INFO  impl.LeaderElection (LogUtils.java:infoOrTrace(149)) -   Exception 0: {}
java.util.concurrent.ExecutionException: org.apache.ratis.thirdparty.io.grpc.StatusRuntimeException: UNAVAILABLE: io exception
	at java.util.concurrent.FutureTask.report(FutureTask.java:122)
	at java.util.concurrent.FutureTask.get(FutureTask.java:192)
	at org.apache.ratis.server.impl.LeaderElection.waitForResults(LeaderElection.java:262)
	at org.apache.ratis.server.impl.LeaderElection.askForVotes(LeaderElection.java:200)
	at org.apache.ratis.server.impl.LeaderElection.run(LeaderElection.java:130)
	at java.lang.Thread.run(Thread.java:748)
Caused by: org.apache.ratis.thirdparty.io.grpc.StatusRuntimeException: UNAVAILABLE: io exception
	at org.apache.ratis.thirdparty.io.grpc.stub.ClientCalls.toStatusRuntimeException(ClientCalls.java:233)
	at org.apache.ratis.thirdparty.io.grpc.stub.ClientCalls.getUnchecked(ClientCalls.java:214)
	at org.apache.ratis.thirdparty.io.grpc.stub.ClientCalls.blockingUnaryCall(ClientCalls.java:139)
	at org.apache.ratis.proto.grpc.RaftServerProtocolServiceGrpc$RaftServerProtocolServiceBlockingStub.requestVote(RaftServerProtocolServiceGrpc.java:265)
	at org.apache.ratis.grpc.server.GrpcServerProtocolClient.requestVote(GrpcServerProtocolClient.java:83)
	at org.apache.ratis.grpc.server.GrpcService.requestVote(GrpcService.java:195)
	at org.apache.ratis.server.impl.LeaderElection.lambda$submitRequests$1(LeaderElection.java:237)
	at java.util.concurrent.FutureTask.run(FutureTask.java:266)
	at java.util.concurrent.Executors$RunnableAdapter.call(Executors.java:511)
	at java.util.concurrent.FutureTask.run(FutureTask.java:266)
	at java.util.concurrent.ThreadPoolExecutor.runWorker(ThreadPoolExecutor.java:1149)
	at java.util.concurrent.ThreadPoolExecutor$Worker.run(ThreadPoolExecutor.java:624)
	... 1 more
Caused by: org.apache.ratis.thirdparty.io.netty.channel.AbstractChannel$AnnotatedConnectException: Connection refused: /192.168.5.168:38077
	at sun.nio.ch.SocketChannelImpl.checkConnect(Native Method)
	at sun.nio.ch.SocketChannelImpl.finishConnect(SocketChannelImpl.java:717)
	at org.apache.ratis.thirdparty.io.netty.channel.socket.nio.NioSocketChannel.doFinishConnect(NioSocketChannel.java:327)
	at org.apache.ratis.thirdparty.io.netty.channel.nio.AbstractNioChannel$AbstractNioUnsafe.finishConnect(AbstractNioChannel.java:340)
	at org.apache.ratis.thirdparty.io.netty.channel.nio.NioEventLoop.processSelectedKey(NioEventLoop.java:632)
	at org.apache.ratis.thirdparty.io.netty.channel.nio.NioEventLoop.processSelectedKeysOptimized(NioEventLoop.java:579)
	at org.apache.ratis.thirdparty.io.netty.channel.nio.NioEventLoop.processSelectedKeys(NioEventLoop.java:496)
	at org.apache.ratis.thirdparty.io.netty.channel.nio.NioEventLoop.run(NioEventLoop.java:458)
	at org.apache.ratis.thirdparty.io.netty.util.concurrent.SingleThreadEventExecutor$5.run(SingleThreadEventExecutor.java:897)
	at org.apache.ratis.thirdparty.io.netty.util.concurrent.FastThreadLocalRunnable.run(FastThreadLocalRunnable.java:30)
	... 1 more
Caused by: java.net.ConnectException: Connection refused
	... 11 more
2019-07-13 20:53:48,271 INFO  impl.LeaderElection (LogUtils.java:infoOrTrace(149)) -   Exception 1: {}
java.util.concurrent.ExecutionException: org.apache.ratis.thirdparty.io.grpc.StatusRuntimeException: UNAVAILABLE: io exception
	at java.util.concurrent.FutureTask.report(FutureTask.java:122)
	at java.util.concurrent.FutureTask.get(FutureTask.java:192)
	at org.apache.ratis.server.impl.LeaderElection.waitForResults(LeaderElection.java:262)
	at org.apache.ratis.server.impl.LeaderElection.askForVotes(LeaderElection.java:200)
	at org.apache.ratis.server.impl.LeaderElection.run(LeaderElection.java:130)
	at java.lang.Thread.run(Thread.java:748)
Caused by: org.apache.ratis.thirdparty.io.grpc.StatusRuntimeException: UNAVAILABLE: io exception
	at org.apache.ratis.thirdparty.io.grpc.stub.ClientCalls.toStatusRuntimeException(ClientCalls.java:233)
	at org.apache.ratis.thirdparty.io.grpc.stub.ClientCalls.getUnchecked(ClientCalls.java:214)
	at org.apache.ratis.thirdparty.io.grpc.stub.ClientCalls.blockingUnaryCall(ClientCalls.java:139)
	at org.apache.ratis.proto.grpc.RaftServerProtocolServiceGrpc$RaftServerProtocolServiceBlockingStub.requestVote(RaftServerProtocolServiceGrpc.java:265)
	at org.apache.ratis.grpc.server.GrpcServerProtocolClient.requestVote(GrpcServerProtocolClient.java:83)
	at org.apache.ratis.grpc.server.GrpcService.requestVote(GrpcService.java:195)
	at org.apache.ratis.server.impl.LeaderElection.lambda$submitRequests$1(LeaderElection.java:237)
	at java.util.concurrent.FutureTask.run(FutureTask.java:266)
	at java.util.concurrent.Executors$RunnableAdapter.call(Executors.java:511)
	at java.util.concurrent.FutureTask.run(FutureTask.java:266)
	at java.util.concurrent.ThreadPoolExecutor.runWorker(ThreadPoolExecutor.java:1149)
	at java.util.concurrent.ThreadPoolExecutor$Worker.run(ThreadPoolExecutor.java:624)
	... 1 more
Caused by: org.apache.ratis.thirdparty.io.netty.channel.AbstractChannel$AnnotatedConnectException: Connection refused: /192.168.5.168:40478
	at sun.nio.ch.SocketChannelImpl.checkConnect(Native Method)
	at sun.nio.ch.SocketChannelImpl.finishConnect(SocketChannelImpl.java:717)
	at org.apache.ratis.thirdparty.io.netty.channel.socket.nio.NioSocketChannel.doFinishConnect(NioSocketChannel.java:327)
	at org.apache.ratis.thirdparty.io.netty.channel.nio.AbstractNioChannel$AbstractNioUnsafe.finishConnect(AbstractNioChannel.java:340)
	at org.apache.ratis.thirdparty.io.netty.channel.nio.NioEventLoop.processSelectedKey(NioEventLoop.java:632)
	at org.apache.ratis.thirdparty.io.netty.channel.nio.NioEventLoop.processSelectedKeysOptimized(NioEventLoop.java:579)
	at org.apache.ratis.thirdparty.io.netty.channel.nio.NioEventLoop.processSelectedKeys(NioEventLoop.java:496)
	at org.apache.ratis.thirdparty.io.netty.channel.nio.NioEventLoop.run(NioEventLoop.java:458)
	at org.apache.ratis.thirdparty.io.netty.util.concurrent.SingleThreadEventExecutor$5.run(SingleThreadEventExecutor.java:897)
	at org.apache.ratis.thirdparty.io.netty.util.concurrent.FastThreadLocalRunnable.run(FastThreadLocalRunnable.java:30)
	... 1 more
Caused by: java.net.ConnectException: Connection refused
	... 11 more
2019-07-13 20:53:48,271 INFO  impl.RaftServerImpl (RaftServerImpl.java:setRole(171)) - ce825884-2075-49ff-9409-9d7b191e36bd:group-E23A50FDB1A3 changes role from CANDIDATE to FOLLOWER at term 2 for DISCOVERED_A_NEW_TERM
2019-07-13 20:53:48,273 INFO  impl.RoleInfo (RoleInfo.java:shutdownLeaderElection(134)) - ce825884-2075-49ff-9409-9d7b191e36bd: shutdown LeaderElection
2019-07-13 20:53:48,273 INFO  impl.RoleInfo (RoleInfo.java:updateAndGet(143)) - ce825884-2075-49ff-9409-9d7b191e36bd: start FollowerState
2019-07-13 20:53:49,548 INFO  ozoneimpl.OzoneContainer (OzoneContainer.java:stop(199)) - Attempting to stop container services.
2019-07-13 20:53:49,549 INFO  impl.RaftServerProxy (RaftServerProxy.java:lambda$close$4(314)) - 62121b6c-f658-49f8-8f7f-7d79aebe6ec2: close
2019-07-13 20:53:49,549 INFO  impl.RaftServerImpl (RaftServerImpl.java:lambda$shutdown$3(245)) - 62121b6c-f658-49f8-8f7f-7d79aebe6ec2: shutdown group-8FFC8DAC8722
2019-07-13 20:53:49,550 INFO  util.JmxRegister (JmxRegister.java:unregister(73)) - Successfully un-registered JMX Bean with object name Ratis:service=RaftServer,group=group-8FFC8DAC8722,id=62121b6c-f658-49f8-8f7f-7d79aebe6ec2
2019-07-13 20:53:49,550 INFO  impl.RoleInfo (RoleInfo.java:shutdownFollowerState(121)) - 62121b6c-f658-49f8-8f7f-7d79aebe6ec2: shutdown FollowerState
2019-07-13 20:53:49,551 INFO  impl.StateMachineUpdater (StateMachineUpdater.java:stopAndJoin(115)) - StateMachineUpdater:62121b6c-f658-49f8-8f7f-7d79aebe6ec2:group-8FFC8DAC8722: set stopIndex = 4
2019-07-13 20:53:49,551 INFO  ratis.ContainerStateMachine (ContainerStateMachine.java:takeSnapshot(246)) - Taking snapshot at termIndex:(t:1, i:3)
2019-07-13 20:53:49,551 INFO  impl.FollowerState (FollowerState.java:run(114)) - 62121b6c-f658-49f8-8f7f-7d79aebe6ec2: FollowerState was interrupted: java.lang.InterruptedException: sleep interrupted
2019-07-13 20:53:49,552 INFO  ratis.ContainerStateMachine (ContainerStateMachine.java:takeSnapshot(250)) - Taking a snapshot to file /tmp/workdir/hadoop-ozone/integration-test/target/test-dir/MiniOzoneClusterImpl-1ab524e4-8b94-4416-883f-eb3cfaa6454f/datanode-6/data/ratis/e7542025-2384-4542-8a77-8ffc8dac8722/sm/snapshot.1_3
2019-07-13 20:53:49,552 INFO  impl.StateMachineUpdater (StateMachineUpdater.java:takeSnapshot(242)) - StateMachineUpdater:62121b6c-f658-49f8-8f7f-7d79aebe6ec2:group-8FFC8DAC8722: Took a snapshot at index 3
2019-07-13 20:53:49,552 INFO  impl.StateMachineUpdater (StateMachineUpdater.java:lambda$new$0(80)) - StateMachineUpdater:62121b6c-f658-49f8-8f7f-7d79aebe6ec2:group-8FFC8DAC8722: snapshotIndex: updateIncreasingly -1 -> 3
2019-07-13 20:53:49,553 INFO  impl.RaftServerImpl (ServerState.java:close(394)) - 62121b6c-f658-49f8-8f7f-7d79aebe6ec2:group-8FFC8DAC8722 closes. The last applied log index is 4
2019-07-13 20:53:49,554 INFO  segmented.SegmentedRaftLogWorker (SegmentedRaftLogWorker.java:run(313)) - 62121b6c-f658-49f8-8f7f-7d79aebe6ec2-SegmentedRaftLogWorker:Storage Directory /tmp/workdir/hadoop-ozone/integration-test/target/test-dir/MiniOzoneClusterImpl-1ab524e4-8b94-4416-883f-eb3cfaa6454f/datanode-6/data/ratis/e7542025-2384-4542-8a77-8ffc8dac8722 was interrupted, exiting. There are 0 tasks remaining in the queue.
2019-07-13 20:53:49,554 INFO  ozoneimpl.OzoneContainer (OzoneContainer.java:stop(199)) - Attempting to stop container services.
2019-07-13 20:53:49,554 INFO  segmented.SegmentedRaftLogWorker (SegmentedRaftLogWorker.java:close(228)) - 62121b6c-f658-49f8-8f7f-7d79aebe6ec2-SegmentedRaftLogWorker:Storage Directory /tmp/workdir/hadoop-ozone/integration-test/target/test-dir/MiniOzoneClusterImpl-1ab524e4-8b94-4416-883f-eb3cfaa6454f/datanode-6/data/ratis/e7542025-2384-4542-8a77-8ffc8dac8722 close()
2019-07-13 20:53:49,555 INFO  impl.RaftServerProxy (RaftServerProxy.java:lambda$close$4(314)) - ce825884-2075-49ff-9409-9d7b191e36bd: close
2019-07-13 20:53:49,556 INFO  impl.RaftServerImpl (RaftServerImpl.java:lambda$shutdown$3(245)) - 62121b6c-f658-49f8-8f7f-7d79aebe6ec2: shutdown group-0E095090B83D
2019-07-13 20:53:49,557 INFO  impl.RaftServerImpl (RaftServerImpl.java:lambda$shutdown$3(245)) - ce825884-2075-49ff-9409-9d7b191e36bd: shutdown group-E23A50FDB1A3
2019-07-13 20:53:49,557 INFO  util.JmxRegister (JmxRegister.java:unregister(73)) - Successfully un-registered JMX Bean with object name Ratis:service=RaftServer,group=group-0E095090B83D,id=62121b6c-f658-49f8-8f7f-7d79aebe6ec2
2019-07-13 20:53:49,558 INFO  impl.RoleInfo (RoleInfo.java:shutdownLeaderState(104)) - 62121b6c-f658-49f8-8f7f-7d79aebe6ec2: shutdown LeaderState
2019-07-13 20:53:49,557 INFO  util.JmxRegister (JmxRegister.java:unregister(73)) - Successfully un-registered JMX Bean with object name Ratis:service=RaftServer,group=group-E23A50FDB1A3,id=ce825884-2075-49ff-9409-9d7b191e36bd
2019-07-13 20:53:49,558 INFO  impl.PendingRequests (PendingRequests.java:sendNotLeaderResponses(202)) - 62121b6c-f658-49f8-8f7f-7d79aebe6ec2-PendingRequests: sendNotLeaderResponses
2019-07-13 20:53:49,558 INFO  impl.RoleInfo (RoleInfo.java:shutdownFollowerState(121)) - ce825884-2075-49ff-9409-9d7b191e36bd: shutdown FollowerState
2019-07-13 20:53:49,559 INFO  impl.StateMachineUpdater (StateMachineUpdater.java:stopAndJoin(115)) - StateMachineUpdater:62121b6c-f658-49f8-8f7f-7d79aebe6ec2:group-0E095090B83D: set stopIndex = 0
2019-07-13 20:53:49,559 INFO  ratis.ContainerStateMachine (ContainerStateMachine.java:takeSnapshot(246)) - Taking snapshot at termIndex:(t:0, i:~)
2019-07-13 20:53:49,559 INFO  impl.FollowerState (FollowerState.java:run(114)) - ce825884-2075-49ff-9409-9d7b191e36bd: FollowerState was interrupted: java.lang.InterruptedException: sleep interrupted
2019-07-13 20:53:49,559 INFO  impl.StateMachineUpdater (StateMachineUpdater.java:stopAndJoin(115)) - StateMachineUpdater:ce825884-2075-49ff-9409-9d7b191e36bd:group-E23A50FDB1A3: set stopIndex = -1
2019-07-13 20:53:49,560 INFO  impl.RaftServerImpl (ServerState.java:close(394)) - 62121b6c-f658-49f8-8f7f-7d79aebe6ec2:group-0E095090B83D closes. The last applied log index is 0
2019-07-13 20:53:49,560 INFO  ratis.ContainerStateMachine (ContainerStateMachine.java:takeSnapshot(246)) - Taking snapshot at termIndex:(t:0, i:~)
2019-07-13 20:53:49,564 INFO  segmented.SegmentedRaftLogWorker (SegmentedRaftLogWorker.java:run(313)) - 62121b6c-f658-49f8-8f7f-7d79aebe6ec2-SegmentedRaftLogWorker:Storage Directory /tmp/workdir/hadoop-ozone/integration-test/target/test-dir/MiniOzoneClusterImpl-1ab524e4-8b94-4416-883f-eb3cfaa6454f/datanode-6/data/ratis/7991feae-0ea1-4837-9250-0e095090b83d was interrupted, exiting. There are 0 tasks remaining in the queue.
2019-07-13 20:53:49,564 INFO  impl.RaftServerImpl (ServerState.java:close(394)) - ce825884-2075-49ff-9409-9d7b191e36bd:group-E23A50FDB1A3 closes. The last applied log index is -1
2019-07-13 20:53:49,564 INFO  segmented.SegmentedRaftLogWorker (SegmentedRaftLogWorker.java:close(228)) - 62121b6c-f658-49f8-8f7f-7d79aebe6ec2-SegmentedRaftLogWorker:Storage Directory /tmp/workdir/hadoop-ozone/integration-test/target/test-dir/MiniOzoneClusterImpl-1ab524e4-8b94-4416-883f-eb3cfaa6454f/datanode-6/data/ratis/7991feae-0ea1-4837-9250-0e095090b83d close()
2019-07-13 20:53:49,564 INFO  segmented.SegmentedRaftLogWorker (SegmentedRaftLogWorker.java:run(313)) - ce825884-2075-49ff-9409-9d7b191e36bd-SegmentedRaftLogWorker:Storage Directory /tmp/workdir/hadoop-ozone/integration-test/target/test-dir/MiniOzoneClusterImpl-1ab524e4-8b94-4416-883f-eb3cfaa6454f/datanode-0/data/ratis/7749b202-e5a4-4152-b9bc-e23a50fdb1a3 was interrupted, exiting. There are 0 tasks remaining in the queue.
2019-07-13 20:53:49,566 INFO  server.GrpcService (GrpcService.java:closeImpl(155)) - 62121b6c-f658-49f8-8f7f-7d79aebe6ec2: shutdown server with port 37077 now
2019-07-13 20:53:49,566 INFO  segmented.SegmentedRaftLogWorker (SegmentedRaftLogWorker.java:close(228)) - ce825884-2075-49ff-9409-9d7b191e36bd-SegmentedRaftLogWorker:Storage Directory /tmp/workdir/hadoop-ozone/integration-test/target/test-dir/MiniOzoneClusterImpl-1ab524e4-8b94-4416-883f-eb3cfaa6454f/datanode-0/data/ratis/7749b202-e5a4-4152-b9bc-e23a50fdb1a3 close()
2019-07-13 20:53:49,569 INFO  impl.RaftServerImpl (RaftServerImpl.java:lambda$shutdown$3(245)) - ce825884-2075-49ff-9409-9d7b191e36bd: shutdown group-4CDF8F4243AB
2019-07-13 20:53:49,570 INFO  server.GrpcService (GrpcService.java:closeImpl(163)) - 62121b6c-f658-49f8-8f7f-7d79aebe6ec2: shutdown server with port 37077 successfully
2019-07-13 20:53:49,570 INFO  util.JmxRegister (JmxRegister.java:unregister(73)) - Successfully un-registered JMX Bean with object name Ratis:service=RaftServer,group=group-4CDF8F4243AB,id=ce825884-2075-49ff-9409-9d7b191e36bd
2019-07-13 20:53:49,571 INFO  impl.RoleInfo (RoleInfo.java:shutdownLeaderState(104)) - ce825884-2075-49ff-9409-9d7b191e36bd: shutdown LeaderState
2019-07-13 20:53:49,571 INFO  impl.PendingRequests (PendingRequests.java:sendNotLeaderResponses(202)) - ce825884-2075-49ff-9409-9d7b191e36bd-PendingRequests: sendNotLeaderResponses
2019-07-13 20:53:49,572 INFO  impl.StateMachineUpdater (StateMachineUpdater.java:stopAndJoin(115)) - StateMachineUpdater:ce825884-2075-49ff-9409-9d7b191e36bd:group-4CDF8F4243AB: set stopIndex = 0
2019-07-13 20:53:49,572 INFO  ratis.ContainerStateMachine (ContainerStateMachine.java:takeSnapshot(246)) - Taking snapshot at termIndex:(t:0, i:~)
2019-07-13 20:53:49,572 INFO  impl.RaftServerImpl (ServerState.java:close(394)) - ce825884-2075-49ff-9409-9d7b191e36bd:group-4CDF8F4243AB closes. The last applied log index is 0
2019-07-13 20:53:49,573 INFO  segmented.SegmentedRaftLogWorker (SegmentedRaftLogWorker.java:run(313)) - ce825884-2075-49ff-9409-9d7b191e36bd-SegmentedRaftLogWorker:Storage Directory /tmp/workdir/hadoop-ozone/integration-test/target/test-dir/MiniOzoneClusterImpl-1ab524e4-8b94-4416-883f-eb3cfaa6454f/datanode-0/data/ratis/034b01df-c2b8-4aca-a979-4cdf8f4243ab was interrupted, exiting. There are 0 tasks remaining in the queue.
2019-07-13 20:53:49,573 INFO  segmented.SegmentedRaftLogWorker (SegmentedRaftLogWorker.java:close(228)) - ce825884-2075-49ff-9409-9d7b191e36bd-SegmentedRaftLogWorker:Storage Directory /tmp/workdir/hadoop-ozone/integration-test/target/test-dir/MiniOzoneClusterImpl-1ab524e4-8b94-4416-883f-eb3cfaa6454f/datanode-0/data/ratis/034b01df-c2b8-4aca-a979-4cdf8f4243ab close()
2019-07-13 20:53:49,575 INFO  server.GrpcService (GrpcService.java:closeImpl(155)) - ce825884-2075-49ff-9409-9d7b191e36bd: shutdown server with port 33543 now
2019-07-13 20:53:49,578 INFO  server.GrpcService (GrpcService.java:closeImpl(163)) - ce825884-2075-49ff-9409-9d7b191e36bd: shutdown server with port 33543 successfully
2019-07-13 20:53:49,585 INFO  utils.BackgroundService (BackgroundService.java:shutdown(148)) - Shutting down service BlockDeletingService
2019-07-13 20:53:49,590 WARN  fs.CachingGetSpaceUsed (CachingGetSpaceUsed.java:run(183)) - Thread Interrupted waiting to refresh disk information: sleep interrupted
2019-07-13 20:53:49,600 INFO  utils.BackgroundService (BackgroundService.java:shutdown(148)) - Shutting down service BlockDeletingService
2019-07-13 20:53:49,605 WARN  fs.CachingGetSpaceUsed (CachingGetSpaceUsed.java:run(183)) - Thread Interrupted waiting to refresh disk information: sleep interrupted
2019-07-13 20:53:49,610 INFO  statemachine.DatanodeStateMachine (DatanodeStateMachine.java:stopDaemon(395)) - Ozone container server stopped.
2019-07-13 20:53:49,612 INFO  handler.ContextHandler (ContextHandler.java:doStop(910)) - Stopped o.e.j.w.WebAppContext@418f0534{/,null,UNAVAILABLE}{/hddsDatanode}
2019-07-13 20:53:49,613 INFO  server.AbstractConnector (AbstractConnector.java:doStop(318)) - Stopped ServerConnector@3dfd7eaa{HTTP/1.1,[http/1.1]}{0.0.0.0:0}
2019-07-13 20:53:49,613 INFO  handler.ContextHandler (ContextHandler.java:doStop(910)) - Stopped o.e.j.s.ServletContextHandler@782fd504{/static,jar:file:/home/user/.m2/repository/org/apache/hadoop/hadoop-hdds-container-service/0.5.0-SNAPSHOT/hadoop-hdds-container-service-0.5.0-SNAPSHOT.jar!/webapps/static,UNAVAILABLE}
2019-07-13 20:53:49,614 INFO  handler.ContextHandler (ContextHandler.java:doStop(910)) - Stopped o.e.j.s.ServletContextHandler@6568f998{/logs,file:///tmp/workdir/hadoop-ozone/integration-test/target/log,UNAVAILABLE}
2019-07-13 20:53:49,616 INFO  datanode.ObjectStoreHandler (ObjectStoreHandler.java:close(155)) - Closing ObjectStoreHandler.
2019-07-13 20:53:49,616 INFO  ozone.HddsDatanodeService (HddsDatanodeService.java:stop(452)) - Stopped plug-in org.apache.hadoop.ozone.web.OzoneHddsDatanodeService@16f15ae9
2019-07-13 20:53:49,624 INFO  statemachine.DatanodeStateMachine (DatanodeStateMachine.java:stopDaemon(395)) - Ozone container server stopped.
2019-07-13 20:53:49,628 INFO  handler.ContextHandler (ContextHandler.java:doStop(910)) - Stopped o.e.j.w.WebAppContext@37e0292a{/,null,UNAVAILABLE}{/hddsDatanode}
2019-07-13 20:53:49,628 INFO  server.AbstractConnector (AbstractConnector.java:doStop(318)) - Stopped ServerConnector@4af70944{HTTP/1.1,[http/1.1]}{0.0.0.0:0}
2019-07-13 20:53:49,629 INFO  handler.ContextHandler (ContextHandler.java:doStop(910)) - Stopped o.e.j.s.ServletContextHandler@7915bca3{/static,jar:file:/home/user/.m2/repository/org/apache/hadoop/hadoop-hdds-container-service/0.5.0-SNAPSHOT/hadoop-hdds-container-service-0.5.0-SNAPSHOT.jar!/webapps/static,UNAVAILABLE}
2019-07-13 20:53:49,631 INFO  handler.ContextHandler (ContextHandler.java:doStop(910)) - Stopped o.e.j.s.ServletContextHandler@36cc9385{/logs,file:///tmp/workdir/hadoop-ozone/integration-test/target/log,UNAVAILABLE}
2019-07-13 20:53:50,025 INFO  statemachine.DatanodeStateMachine (DatanodeStateMachine.java:lambda$startDaemon$0(350)) - Ozone container server started.
2019-07-13 20:53:52,411 INFO  impl.FollowerState (FollowerState.java:run(106)) - 3d22177d-605d-4638-aa04-41b506e5e6ef:group-8FFC8DAC8722 changes to CANDIDATE, lastRpcTime:8212, electionTimeout:5070ms
2019-07-13 20:53:52,412 INFO  impl.RoleInfo (RoleInfo.java:shutdownFollowerState(121)) - 3d22177d-605d-4638-aa04-41b506e5e6ef: shutdown FollowerState
2019-07-13 20:53:52,412 INFO  impl.RaftServerImpl (RaftServerImpl.java:setRole(171)) - 3d22177d-605d-4638-aa04-41b506e5e6ef:group-8FFC8DAC8722 changes role from FOLLOWER to CANDIDATE at term 1 for changeToCandidate
2019-07-13 20:53:52,412 INFO  impl.RoleInfo (RoleInfo.java:updateAndGet(143)) - 3d22177d-605d-4638-aa04-41b506e5e6ef: start LeaderElection
2019-07-13 20:53:52,413 INFO  impl.RaftServerImpl (ServerState.java:setLeader(263)) - 3d22177d-605d-4638-aa04-41b506e5e6ef:group-8FFC8DAC8722 change Leader from 0fed1087-15d2-4879-9faa-ad4f57cb19ae to null at term 1 for initElection
2019-07-13 20:53:52,426 INFO  impl.LeaderElection (LeaderElection.java:askForVotes(181)) - 3d22177d-605d-4638-aa04-41b506e5e6ef:group-8FFC8DAC8722:LeaderElection13: begin an election at term 2 for 0: [0fed1087-15d2-4879-9faa-ad4f57cb19ae:192.168.5.168:46104, 3d22177d-605d-4638-aa04-41b506e5e6ef:192.168.5.168:32985, 62121b6c-f658-49f8-8f7f-7d79aebe6ec2:192.168.5.168:37077], old=null
2019-07-13 20:53:52,435 INFO  impl.LeaderElection (LogUtils.java:infoOrTrace(149)) - 3d22177d-605d-4638-aa04-41b506e5e6ef:group-8FFC8DAC8722:LeaderElection13 got exception when requesting votes: {}
java.util.concurrent.ExecutionException: org.apache.ratis.thirdparty.io.grpc.StatusRuntimeException: UNAVAILABLE: io exception
	at java.util.concurrent.FutureTask.report(FutureTask.java:122)
	at java.util.concurrent.FutureTask.get(FutureTask.java:192)
	at org.apache.ratis.server.impl.LeaderElection.waitForResults(LeaderElection.java:262)
	at org.apache.ratis.server.impl.LeaderElection.askForVotes(LeaderElection.java:200)
	at org.apache.ratis.server.impl.LeaderElection.run(LeaderElection.java:130)
	at java.lang.Thread.run(Thread.java:748)
Caused by: org.apache.ratis.thirdparty.io.grpc.StatusRuntimeException: UNAVAILABLE: io exception
	at org.apache.ratis.thirdparty.io.grpc.stub.ClientCalls.toStatusRuntimeException(ClientCalls.java:233)
	at org.apache.ratis.thirdparty.io.grpc.stub.ClientCalls.getUnchecked(ClientCalls.java:214)
	at org.apache.ratis.thirdparty.io.grpc.stub.ClientCalls.blockingUnaryCall(ClientCalls.java:139)
	at org.apache.ratis.proto.grpc.RaftServerProtocolServiceGrpc$RaftServerProtocolServiceBlockingStub.requestVote(RaftServerProtocolServiceGrpc.java:265)
	at org.apache.ratis.grpc.server.GrpcServerProtocolClient.requestVote(GrpcServerProtocolClient.java:83)
	at org.apache.ratis.grpc.server.GrpcService.requestVote(GrpcService.java:195)
	at org.apache.ratis.server.impl.LeaderElection.lambda$submitRequests$1(LeaderElection.java:237)
	at java.util.concurrent.FutureTask.run(FutureTask.java:266)
	at java.util.concurrent.Executors$RunnableAdapter.call(Executors.java:511)
	at java.util.concurrent.FutureTask.run(FutureTask.java:266)
	at java.util.concurrent.ThreadPoolExecutor.runWorker(ThreadPoolExecutor.java:1149)
	at java.util.concurrent.ThreadPoolExecutor$Worker.run(ThreadPoolExecutor.java:624)
	... 1 more
Caused by: org.apache.ratis.thirdparty.io.netty.channel.AbstractChannel$AnnotatedConnectException: Connection refused: /192.168.5.168:37077
	at sun.nio.ch.SocketChannelImpl.checkConnect(Native Method)
	at sun.nio.ch.SocketChannelImpl.finishConnect(SocketChannelImpl.java:717)
	at org.apache.ratis.thirdparty.io.netty.channel.socket.nio.NioSocketChannel.doFinishConnect(NioSocketChannel.java:327)
	at org.apache.ratis.thirdparty.io.netty.channel.nio.AbstractNioChannel$AbstractNioUnsafe.finishConnect(AbstractNioChannel.java:340)
	at org.apache.ratis.thirdparty.io.netty.channel.nio.NioEventLoop.processSelectedKey(NioEventLoop.java:632)
	at org.apache.ratis.thirdparty.io.netty.channel.nio.NioEventLoop.processSelectedKeysOptimized(NioEventLoop.java:579)
	at org.apache.ratis.thirdparty.io.netty.channel.nio.NioEventLoop.processSelectedKeys(NioEventLoop.java:496)
	at org.apache.ratis.thirdparty.io.netty.channel.nio.NioEventLoop.run(NioEventLoop.java:458)
	at org.apache.ratis.thirdparty.io.netty.util.concurrent.SingleThreadEventExecutor$5.run(SingleThreadEventExecutor.java:897)
	at org.apache.ratis.thirdparty.io.netty.util.concurrent.FastThreadLocalRunnable.run(FastThreadLocalRunnable.java:30)
	... 1 more
Caused by: java.net.ConnectException: Connection refused
	... 11 more
2019-07-13 20:53:52,438 INFO  impl.LeaderElection (LogUtils.java:infoOrTrace(149)) - 3d22177d-605d-4638-aa04-41b506e5e6ef:group-8FFC8DAC8722:LeaderElection13 got exception when requesting votes: {}
java.util.concurrent.ExecutionException: org.apache.ratis.thirdparty.io.grpc.StatusRuntimeException: UNAVAILABLE: io exception
	at java.util.concurrent.FutureTask.report(FutureTask.java:122)
	at java.util.concurrent.FutureTask.get(FutureTask.java:192)
	at org.apache.ratis.server.impl.LeaderElection.waitForResults(LeaderElection.java:262)
	at org.apache.ratis.server.impl.LeaderElection.askForVotes(LeaderElection.java:200)
	at org.apache.ratis.server.impl.LeaderElection.run(LeaderElection.java:130)
	at java.lang.Thread.run(Thread.java:748)
Caused by: org.apache.ratis.thirdparty.io.grpc.StatusRuntimeException: UNAVAILABLE: io exception
	at org.apache.ratis.thirdparty.io.grpc.stub.ClientCalls.toStatusRuntimeException(ClientCalls.java:233)
	at org.apache.ratis.thirdparty.io.grpc.stub.ClientCalls.getUnchecked(ClientCalls.java:214)
	at org.apache.ratis.thirdparty.io.grpc.stub.ClientCalls.blockingUnaryCall(ClientCalls.java:139)
	at org.apache.ratis.proto.grpc.RaftServerProtocolServiceGrpc$RaftServerProtocolServiceBlockingStub.requestVote(RaftServerProtocolServiceGrpc.java:265)
	at org.apache.ratis.grpc.server.GrpcServerProtocolClient.requestVote(GrpcServerProtocolClient.java:83)
	at org.apache.ratis.grpc.server.GrpcService.requestVote(GrpcService.java:195)
	at org.apache.ratis.server.impl.LeaderElection.lambda$submitRequests$1(LeaderElection.java:237)
	at java.util.concurrent.FutureTask.run(FutureTask.java:266)
	at java.util.concurrent.Executors$RunnableAdapter.call(Executors.java:511)
	at java.util.concurrent.FutureTask.run(FutureTask.java:266)
	at java.util.concurrent.ThreadPoolExecutor.runWorker(ThreadPoolExecutor.java:1149)
	at java.util.concurrent.ThreadPoolExecutor$Worker.run(ThreadPoolExecutor.java:624)
	... 1 more
Caused by: org.apache.ratis.thirdparty.io.netty.channel.AbstractChannel$AnnotatedConnectException: Connection refused: /192.168.5.168:46104
	at sun.nio.ch.SocketChannelImpl.checkConnect(Native Method)
	at sun.nio.ch.SocketChannelImpl.finishConnect(SocketChannelImpl.java:717)
	at org.apache.ratis.thirdparty.io.netty.channel.socket.nio.NioSocketChannel.doFinishConnect(NioSocketChannel.java:327)
	at org.apache.ratis.thirdparty.io.netty.channel.nio.AbstractNioChannel$AbstractNioUnsafe.finishConnect(AbstractNioChannel.java:340)
	at org.apache.ratis.thirdparty.io.netty.channel.nio.NioEventLoop.processSelectedKey(NioEventLoop.java:632)
	at org.apache.ratis.thirdparty.io.netty.channel.nio.NioEventLoop.processSelectedKeysOptimized(NioEventLoop.java:579)
	at org.apache.ratis.thirdparty.io.netty.channel.nio.NioEventLoop.processSelectedKeys(NioEventLoop.java:496)
	at org.apache.ratis.thirdparty.io.netty.channel.nio.NioEventLoop.run(NioEventLoop.java:458)
	at org.apache.ratis.thirdparty.io.netty.util.concurrent.SingleThreadEventExecutor$5.run(SingleThreadEventExecutor.java:897)
	at org.apache.ratis.thirdparty.io.netty.util.concurrent.FastThreadLocalRunnable.run(FastThreadLocalRunnable.java:30)
	... 1 more
Caused by: java.net.ConnectException: Connection refused
	... 11 more
2019-07-13 20:53:52,439 INFO  impl.LeaderElection (LeaderElection.java:logAndReturn(56)) - 3d22177d-605d-4638-aa04-41b506e5e6ef:group-8FFC8DAC8722:LeaderElection13: Election REJECTED; received 0 response(s) [] and 2 exception(s); 3d22177d-605d-4638-aa04-41b506e5e6ef:t2, leader=null, voted=3d22177d-605d-4638-aa04-41b506e5e6ef, raftlog=3d22177d-605d-4638-aa04-41b506e5e6ef-SegmentedRaftLog:OPENED:c4,f4,i4, conf=0: [0fed1087-15d2-4879-9faa-ad4f57cb19ae:192.168.5.168:46104, 3d22177d-605d-4638-aa04-41b506e5e6ef:192.168.5.168:32985, 62121b6c-f658-49f8-8f7f-7d79aebe6ec2:192.168.5.168:37077], old=null
2019-07-13 20:53:52,440 INFO  impl.LeaderElection (LogUtils.java:infoOrTrace(149)) -   Exception 0: {}
java.util.concurrent.ExecutionException: org.apache.ratis.thirdparty.io.grpc.StatusRuntimeException: UNAVAILABLE: io exception
	at java.util.concurrent.FutureTask.report(FutureTask.java:122)
	at java.util.concurrent.FutureTask.get(FutureTask.java:192)
	at org.apache.ratis.server.impl.LeaderElection.waitForResults(LeaderElection.java:262)
	at org.apache.ratis.server.impl.LeaderElection.askForVotes(LeaderElection.java:200)
	at org.apache.ratis.server.impl.LeaderElection.run(LeaderElection.java:130)
	at java.lang.Thread.run(Thread.java:748)
Caused by: org.apache.ratis.thirdparty.io.grpc.StatusRuntimeException: UNAVAILABLE: io exception
	at org.apache.ratis.thirdparty.io.grpc.stub.ClientCalls.toStatusRuntimeException(ClientCalls.java:233)
	at org.apache.ratis.thirdparty.io.grpc.stub.ClientCalls.getUnchecked(ClientCalls.java:214)
	at org.apache.ratis.thirdparty.io.grpc.stub.ClientCalls.blockingUnaryCall(ClientCalls.java:139)
	at org.apache.ratis.proto.grpc.RaftServerProtocolServiceGrpc$RaftServerProtocolServiceBlockingStub.requestVote(RaftServerProtocolServiceGrpc.java:265)
	at org.apache.ratis.grpc.server.GrpcServerProtocolClient.requestVote(GrpcServerProtocolClient.java:83)
	at org.apache.ratis.grpc.server.GrpcService.requestVote(GrpcService.java:195)
	at org.apache.ratis.server.impl.LeaderElection.lambda$submitRequests$1(LeaderElection.java:237)
	at java.util.concurrent.FutureTask.run(FutureTask.java:266)
	at java.util.concurrent.Executors$RunnableAdapter.call(Executors.java:511)
	at java.util.concurrent.FutureTask.run(FutureTask.java:266)
	at java.util.concurrent.ThreadPoolExecutor.runWorker(ThreadPoolExecutor.java:1149)
	at java.util.concurrent.ThreadPoolExecutor$Worker.run(ThreadPoolExecutor.java:624)
	... 1 more
Caused by: org.apache.ratis.thirdparty.io.netty.channel.AbstractChannel$AnnotatedConnectException: Connection refused: /192.168.5.168:37077
	at sun.nio.ch.SocketChannelImpl.checkConnect(Native Method)
	at sun.nio.ch.SocketChannelImpl.finishConnect(SocketChannelImpl.java:717)
	at org.apache.ratis.thirdparty.io.netty.channel.socket.nio.NioSocketChannel.doFinishConnect(NioSocketChannel.java:327)
	at org.apache.ratis.thirdparty.io.netty.channel.nio.AbstractNioChannel$AbstractNioUnsafe.finishConnect(AbstractNioChannel.java:340)
	at org.apache.ratis.thirdparty.io.netty.channel.nio.NioEventLoop.processSelectedKey(NioEventLoop.java:632)
	at org.apache.ratis.thirdparty.io.netty.channel.nio.NioEventLoop.processSelectedKeysOptimized(NioEventLoop.java:579)
	at org.apache.ratis.thirdparty.io.netty.channel.nio.NioEventLoop.processSelectedKeys(NioEventLoop.java:496)
	at org.apache.ratis.thirdparty.io.netty.channel.nio.NioEventLoop.run(NioEventLoop.java:458)
	at org.apache.ratis.thirdparty.io.netty.util.concurrent.SingleThreadEventExecutor$5.run(SingleThreadEventExecutor.java:897)
	at org.apache.ratis.thirdparty.io.netty.util.concurrent.FastThreadLocalRunnable.run(FastThreadLocalRunnable.java:30)
	... 1 more
Caused by: java.net.ConnectException: Connection refused
	... 11 more
2019-07-13 20:53:52,440 INFO  impl.LeaderElection (LogUtils.java:infoOrTrace(149)) -   Exception 1: {}
java.util.concurrent.ExecutionException: org.apache.ratis.thirdparty.io.grpc.StatusRuntimeException: UNAVAILABLE: io exception
	at java.util.concurrent.FutureTask.report(FutureTask.java:122)
	at java.util.concurrent.FutureTask.get(FutureTask.java:192)
	at org.apache.ratis.server.impl.LeaderElection.waitForResults(LeaderElection.java:262)
	at org.apache.ratis.server.impl.LeaderElection.askForVotes(LeaderElection.java:200)
	at org.apache.ratis.server.impl.LeaderElection.run(LeaderElection.java:130)
	at java.lang.Thread.run(Thread.java:748)
Caused by: org.apache.ratis.thirdparty.io.grpc.StatusRuntimeException: UNAVAILABLE: io exception
	at org.apache.ratis.thirdparty.io.grpc.stub.ClientCalls.toStatusRuntimeException(ClientCalls.java:233)
	at org.apache.ratis.thirdparty.io.grpc.stub.ClientCalls.getUnchecked(ClientCalls.java:214)
	at org.apache.ratis.thirdparty.io.grpc.stub.ClientCalls.blockingUnaryCall(ClientCalls.java:139)
	at org.apache.ratis.proto.grpc.RaftServerProtocolServiceGrpc$RaftServerProtocolServiceBlockingStub.requestVote(RaftServerProtocolServiceGrpc.java:265)
	at org.apache.ratis.grpc.server.GrpcServerProtocolClient.requestVote(GrpcServerProtocolClient.java:83)
	at org.apache.ratis.grpc.server.GrpcService.requestVote(GrpcService.java:195)
	at org.apache.ratis.server.impl.LeaderElection.lambda$submitRequests$1(LeaderElection.java:237)
	at java.util.concurrent.FutureTask.run(FutureTask.java:266)
	at java.util.concurrent.Executors$RunnableAdapter.call(Executors.java:511)
	at java.util.concurrent.FutureTask.run(FutureTask.java:266)
	at java.util.concurrent.ThreadPoolExecutor.runWorker(ThreadPoolExecutor.java:1149)
	at java.util.concurrent.ThreadPoolExecutor$Worker.run(ThreadPoolExecutor.java:624)
	... 1 more
Caused by: org.apache.ratis.thirdparty.io.netty.channel.AbstractChannel$AnnotatedConnectException: Connection refused: /192.168.5.168:46104
	at sun.nio.ch.SocketChannelImpl.checkConnect(Native Method)
	at sun.nio.ch.SocketChannelImpl.finishConnect(SocketChannelImpl.java:717)
	at org.apache.ratis.thirdparty.io.netty.channel.socket.nio.NioSocketChannel.doFinishConnect(NioSocketChannel.java:327)
	at org.apache.ratis.thirdparty.io.netty.channel.nio.AbstractNioChannel$AbstractNioUnsafe.finishConnect(AbstractNioChannel.java:340)
	at org.apache.ratis.thirdparty.io.netty.channel.nio.NioEventLoop.processSelectedKey(NioEventLoop.java:632)
	at org.apache.ratis.thirdparty.io.netty.channel.nio.NioEventLoop.processSelectedKeysOptimized(NioEventLoop.java:579)
	at org.apache.ratis.thirdparty.io.netty.channel.nio.NioEventLoop.processSelectedKeys(NioEventLoop.java:496)
	at org.apache.ratis.thirdparty.io.netty.channel.nio.NioEventLoop.run(NioEventLoop.java:458)
	at org.apache.ratis.thirdparty.io.netty.util.concurrent.SingleThreadEventExecutor$5.run(SingleThreadEventExecutor.java:897)
	at org.apache.ratis.thirdparty.io.netty.util.concurrent.FastThreadLocalRunnable.run(FastThreadLocalRunnable.java:30)
	... 1 more
Caused by: java.net.ConnectException: Connection refused
	... 11 more
2019-07-13 20:53:52,442 INFO  impl.RaftServerImpl (RaftServerImpl.java:setRole(171)) - 3d22177d-605d-4638-aa04-41b506e5e6ef:group-8FFC8DAC8722 changes role from CANDIDATE to FOLLOWER at term 2 for DISCOVERED_A_NEW_TERM
2019-07-13 20:53:52,444 INFO  impl.RoleInfo (RoleInfo.java:shutdownLeaderElection(134)) - 3d22177d-605d-4638-aa04-41b506e5e6ef: shutdown LeaderElection
2019-07-13 20:53:52,445 INFO  impl.RoleInfo (RoleInfo.java:updateAndGet(143)) - 3d22177d-605d-4638-aa04-41b506e5e6ef: start FollowerState
2019-07-13 20:53:54,618 INFO  ozoneimpl.OzoneContainer (OzoneContainer.java:stop(199)) - Attempting to stop container services.
2019-07-13 20:53:54,620 INFO  impl.RaftServerProxy (RaftServerProxy.java:lambda$close$4(314)) - 3d22177d-605d-4638-aa04-41b506e5e6ef: close
2019-07-13 20:53:54,621 INFO  impl.RaftServerImpl (RaftServerImpl.java:lambda$shutdown$3(245)) - 3d22177d-605d-4638-aa04-41b506e5e6ef: shutdown group-8FFC8DAC8722
2019-07-13 20:53:54,621 INFO  util.JmxRegister (JmxRegister.java:unregister(73)) - Successfully un-registered JMX Bean with object name Ratis:service=RaftServer,group=group-8FFC8DAC8722,id=3d22177d-605d-4638-aa04-41b506e5e6ef
2019-07-13 20:53:54,622 INFO  impl.RoleInfo (RoleInfo.java:shutdownFollowerState(121)) - 3d22177d-605d-4638-aa04-41b506e5e6ef: shutdown FollowerState
2019-07-13 20:53:54,622 INFO  impl.StateMachineUpdater (StateMachineUpdater.java:stopAndJoin(115)) - StateMachineUpdater:3d22177d-605d-4638-aa04-41b506e5e6ef:group-8FFC8DAC8722: set stopIndex = 4
2019-07-13 20:53:54,622 INFO  impl.FollowerState (FollowerState.java:run(114)) - 3d22177d-605d-4638-aa04-41b506e5e6ef: FollowerState was interrupted: java.lang.InterruptedException: sleep interrupted
2019-07-13 20:53:54,623 INFO  ratis.ContainerStateMachine (ContainerStateMachine.java:takeSnapshot(246)) - Taking snapshot at termIndex:(t:1, i:3)
2019-07-13 20:53:54,625 INFO  ratis.ContainerStateMachine (ContainerStateMachine.java:takeSnapshot(250)) - Taking a snapshot to file /tmp/workdir/hadoop-ozone/integration-test/target/test-dir/MiniOzoneClusterImpl-1ab524e4-8b94-4416-883f-eb3cfaa6454f/datanode-5/data/ratis/e7542025-2384-4542-8a77-8ffc8dac8722/sm/snapshot.1_3
2019-07-13 20:53:54,625 INFO  impl.StateMachineUpdater (StateMachineUpdater.java:takeSnapshot(242)) - StateMachineUpdater:3d22177d-605d-4638-aa04-41b506e5e6ef:group-8FFC8DAC8722: Took a snapshot at index 3
2019-07-13 20:53:54,625 INFO  impl.StateMachineUpdater (StateMachineUpdater.java:lambda$new$0(80)) - StateMachineUpdater:3d22177d-605d-4638-aa04-41b506e5e6ef:group-8FFC8DAC8722: snapshotIndex: updateIncreasingly -1 -> 3
2019-07-13 20:53:54,626 INFO  impl.RaftServerImpl (ServerState.java:close(394)) - 3d22177d-605d-4638-aa04-41b506e5e6ef:group-8FFC8DAC8722 closes. The last applied log index is 4
2019-07-13 20:53:54,627 INFO  segmented.SegmentedRaftLogWorker (SegmentedRaftLogWorker.java:run(313)) - 3d22177d-605d-4638-aa04-41b506e5e6ef-SegmentedRaftLogWorker:Storage Directory /tmp/workdir/hadoop-ozone/integration-test/target/test-dir/MiniOzoneClusterImpl-1ab524e4-8b94-4416-883f-eb3cfaa6454f/datanode-5/data/ratis/e7542025-2384-4542-8a77-8ffc8dac8722 was interrupted, exiting. There are 0 tasks remaining in the queue.
2019-07-13 20:53:54,627 INFO  segmented.SegmentedRaftLogWorker (SegmentedRaftLogWorker.java:close(228)) - 3d22177d-605d-4638-aa04-41b506e5e6ef-SegmentedRaftLogWorker:Storage Directory /tmp/workdir/hadoop-ozone/integration-test/target/test-dir/MiniOzoneClusterImpl-1ab524e4-8b94-4416-883f-eb3cfaa6454f/datanode-5/data/ratis/e7542025-2384-4542-8a77-8ffc8dac8722 close()
2019-07-13 20:53:54,629 INFO  impl.RaftServerImpl (RaftServerImpl.java:lambda$shutdown$3(245)) - 3d22177d-605d-4638-aa04-41b506e5e6ef: shutdown group-FADC44A3899B
2019-07-13 20:53:54,629 INFO  util.JmxRegister (JmxRegister.java:unregister(73)) - Successfully un-registered JMX Bean with object name Ratis:service=RaftServer,group=group-FADC44A3899B,id=3d22177d-605d-4638-aa04-41b506e5e6ef
2019-07-13 20:53:54,630 INFO  impl.RoleInfo (RoleInfo.java:shutdownLeaderState(104)) - 3d22177d-605d-4638-aa04-41b506e5e6ef: shutdown LeaderState
2019-07-13 20:53:54,630 INFO  impl.PendingRequests (PendingRequests.java:sendNotLeaderResponses(202)) - 3d22177d-605d-4638-aa04-41b506e5e6ef-PendingRequests: sendNotLeaderResponses
2019-07-13 20:53:54,631 INFO  impl.StateMachineUpdater (StateMachineUpdater.java:stopAndJoin(115)) - StateMachineUpdater:3d22177d-605d-4638-aa04-41b506e5e6ef:group-FADC44A3899B: set stopIndex = 0
2019-07-13 20:53:54,631 INFO  ratis.ContainerStateMachine (ContainerStateMachine.java:takeSnapshot(246)) - Taking snapshot at termIndex:(t:0, i:~)
2019-07-13 20:53:54,631 INFO  impl.RaftServerImpl (ServerState.java:close(394)) - 3d22177d-605d-4638-aa04-41b506e5e6ef:group-FADC44A3899B closes. The last applied log index is 0
2019-07-13 20:53:54,632 INFO  segmented.SegmentedRaftLogWorker (SegmentedRaftLogWorker.java:run(313)) - 3d22177d-605d-4638-aa04-41b506e5e6ef-SegmentedRaftLogWorker:Storage Directory /tmp/workdir/hadoop-ozone/integration-test/target/test-dir/MiniOzoneClusterImpl-1ab524e4-8b94-4416-883f-eb3cfaa6454f/datanode-5/data/ratis/171c03ac-fc7b-4652-9db9-fadc44a3899b was interrupted, exiting. There are 0 tasks remaining in the queue.
2019-07-13 20:53:54,632 INFO  segmented.SegmentedRaftLogWorker (SegmentedRaftLogWorker.java:close(228)) - 3d22177d-605d-4638-aa04-41b506e5e6ef-SegmentedRaftLogWorker:Storage Directory /tmp/workdir/hadoop-ozone/integration-test/target/test-dir/MiniOzoneClusterImpl-1ab524e4-8b94-4416-883f-eb3cfaa6454f/datanode-5/data/ratis/171c03ac-fc7b-4652-9db9-fadc44a3899b close()
2019-07-13 20:53:54,634 INFO  server.GrpcService (GrpcService.java:closeImpl(155)) - 3d22177d-605d-4638-aa04-41b506e5e6ef: shutdown server with port 32985 now
2019-07-13 20:53:54,636 INFO  server.GrpcService (GrpcService.java:closeImpl(163)) - 3d22177d-605d-4638-aa04-41b506e5e6ef: shutdown server with port 32985 successfully
2019-07-13 20:53:54,638 INFO  utils.BackgroundService (BackgroundService.java:shutdown(148)) - Shutting down service BlockDeletingService
2019-07-13 20:53:54,643 WARN  fs.CachingGetSpaceUsed (CachingGetSpaceUsed.java:run(183)) - Thread Interrupted waiting to refresh disk information: sleep interrupted
2019-07-13 20:53:54,662 INFO  statemachine.DatanodeStateMachine (DatanodeStateMachine.java:stopDaemon(395)) - Ozone container server stopped.
2019-07-13 20:53:54,675 INFO  handler.ContextHandler (ContextHandler.java:doStop(910)) - Stopped o.e.j.w.WebAppContext@561f9d92{/,null,UNAVAILABLE}{/hddsDatanode}
2019-07-13 20:53:54,677 INFO  server.AbstractConnector (AbstractConnector.java:doStop(318)) - Stopped ServerConnector@1c84d80a{HTTP/1.1,[http/1.1]}{0.0.0.0:0}
2019-07-13 20:53:54,677 INFO  handler.ContextHandler (ContextHandler.java:doStop(910)) - Stopped o.e.j.s.ServletContextHandler@2d4a3e13{/static,jar:file:/home/user/.m2/repository/org/apache/hadoop/hadoop-hdds-container-service/0.5.0-SNAPSHOT/hadoop-hdds-container-service-0.5.0-SNAPSHOT.jar!/webapps/static,UNAVAILABLE}
2019-07-13 20:53:54,678 INFO  handler.ContextHandler (ContextHandler.java:doStop(910)) - Stopped o.e.j.s.ServletContextHandler@6885ed19{/logs,file:///tmp/workdir/hadoop-ozone/integration-test/target/log,UNAVAILABLE}
2019-07-13 20:53:54,680 INFO  ozone.MiniOzoneClusterImpl (MiniOzoneClusterImpl.java:stop(353)) - Stopping the StorageContainerManager
2019-07-13 20:53:54,680 INFO  server.StorageContainerManager (StorageContainerManager.java:stop(796)) - Stopping Replication Manager Service.
2019-07-13 20:53:54,680 INFO  container.ReplicationManager (ReplicationManager.java:stop(187)) - Stopping Replication Monitor Thread.
2019-07-13 20:53:54,681 INFO  server.StorageContainerManager (StorageContainerManager.java:stop(803)) - Stopping Lease Manager of the command watchers
2019-07-13 20:53:54,681 INFO  server.StorageContainerManager (StorageContainerManager.java:stop(810)) - Stopping datanode service RPC server
2019-07-13 20:53:54,681 INFO  server.SCMDatanodeProtocolServer (SCMDatanodeProtocolServer.java:stop(375)) - Stopping the RPC server for DataNodes
2019-07-13 20:53:54,681 INFO  ipc.Server (Server.java:stop(3082)) - Stopping server on 37132
2019-07-13 20:53:54,684 INFO  ipc.Server (Server.java:run(1185)) - Stopping IPC Server listener on 37132
2019-07-13 20:53:54,684 INFO  ipc.Server (Server.java:run(1319)) - Stopping IPC Server Responder
2019-07-13 20:53:54,706 WARN  node.NodeStateManager (NodeStateManager.java:scheduleNextHealthCheck(631)) - Current Thread is interrupted, shutting down HB processing thread for Node Manager.
2019-07-13 20:53:54,706 INFO  server.StorageContainerManager (StorageContainerManager.java:stop(818)) - Stopping block service RPC server
2019-07-13 20:53:54,706 INFO  server.SCMBlockProtocolServer (SCMBlockProtocolServer.java:stop(148)) - Stopping the RPC server for Block Protocol
2019-07-13 20:53:54,706 INFO  ipc.Server (Server.java:stop(3082)) - Stopping server on 36357
2019-07-13 20:53:54,709 INFO  ipc.Server (Server.java:run(1185)) - Stopping IPC Server listener on 36357
2019-07-13 20:53:54,709 INFO  server.StorageContainerManager (StorageContainerManager.java:stop(825)) - Stopping the StorageContainerLocationProtocol RPC server
2019-07-13 20:53:54,709 INFO  server.SCMClientProtocolServer (SCMClientProtocolServer.java:stop(157)) - Stopping the RPC server for Client Protocol
2019-07-13 20:53:54,710 INFO  ipc.Server (Server.java:run(1319)) - Stopping IPC Server Responder
2019-07-13 20:53:54,710 INFO  ipc.Server (Server.java:stop(3082)) - Stopping server on 43336
2019-07-13 20:53:54,712 INFO  ipc.Server (Server.java:run(1185)) - Stopping IPC Server listener on 43336
2019-07-13 20:53:54,713 INFO  server.StorageContainerManager (StorageContainerManager.java:stop(832)) - Stopping Storage Container Manager HTTP server.
2019-07-13 20:53:54,713 INFO  ipc.Server (Server.java:run(1319)) - Stopping IPC Server Responder
2019-07-13 20:53:54,715 INFO  handler.ContextHandler (ContextHandler.java:doStop(910)) - Stopped o.e.j.w.WebAppContext@6fff253c{/,null,UNAVAILABLE}{/scm}
2019-07-13 20:53:54,716 INFO  server.AbstractConnector (AbstractConnector.java:doStop(318)) - Stopped ServerConnector@7c041b41{HTTP/1.1,[http/1.1]}{0.0.0.0:0}
2019-07-13 20:53:54,716 INFO  handler.ContextHandler (ContextHandler.java:doStop(910)) - Stopped o.e.j.s.ServletContextHandler@4dd02341{/static,file:///tmp/workdir/hadoop-ozone/integration-test/target/test-classes/webapps/static,UNAVAILABLE}
2019-07-13 20:53:54,717 INFO  handler.ContextHandler (ContextHandler.java:doStop(910)) - Stopped o.e.j.s.ServletContextHandler@635572a7{/logs,file:///tmp/workdir/hadoop-ozone/integration-test/target/log,UNAVAILABLE}
2019-07-13 20:53:54,718 INFO  server.StorageContainerManager (StorageContainerManager.java:stop(843)) - Stopping Block Manager Service.
2019-07-13 20:53:54,719 INFO  utils.BackgroundService (BackgroundService.java:shutdown(148)) - Shutting down service SCMBlockDeletingService
2019-07-13 20:53:54,721 INFO  utils.BackgroundService (BackgroundService.java:shutdown(148)) - Shutting down service SCMBlockDeletingService
2019-07-13 20:53:54,721 INFO  server.StorageContainerManager (StorageContainerManager.java:stop(865)) - Stopping SCM Event Queue.
2019-07-13 20:53:54,730 INFO  impl.MetricsSystemImpl (MetricsSystemImpl.java:stop(210)) - Stopping HddsDatanode metrics system...
2019-07-13 20:53:54,739 INFO  impl.MetricsSystemImpl (MetricsSystemImpl.java:stop(216)) - HddsDatanode metrics system stopped.
]]></system-out>
    <system-err><![CDATA[ERROR StatusLogger No Log4j 2 configuration file found. Using default configuration (logging only errors to the console), or user programmatically provided configurations. Set system property 'log4j2.debug' to show Log4j 2 internal initialization logging. See https://logging.apache.org/log4j/2.x/manual/configuration.html for instructions on how to configure Log4j 2
Jul 13, 2019 8:53:19 PM com.sun.jersey.server.impl.application.WebApplicationImpl _initiate
INFO: Initiating Jersey application, version 'Jersey: 1.19 02/11/2015 03:25 AM'
Jul 13, 2019 8:53:21 PM com.sun.jersey.server.impl.application.WebApplicationImpl _initiate
INFO: Initiating Jersey application, version 'Jersey: 1.19 02/11/2015 03:25 AM'
Jul 13, 2019 8:53:21 PM com.sun.jersey.server.impl.application.WebApplicationImpl _initiate
INFO: Initiating Jersey application, version 'Jersey: 1.19 02/11/2015 03:25 AM'
Jul 13, 2019 8:53:21 PM com.sun.jersey.server.impl.application.WebApplicationImpl _initiate
INFO: Initiating Jersey application, version 'Jersey: 1.19 02/11/2015 03:25 AM'
Jul 13, 2019 8:53:21 PM com.sun.jersey.server.impl.application.WebApplicationImpl _initiate
INFO: Initiating Jersey application, version 'Jersey: 1.19 02/11/2015 03:25 AM'
Jul 13, 2019 8:53:21 PM com.sun.jersey.server.impl.application.WebApplicationImpl _initiate
INFO: Initiating Jersey application, version 'Jersey: 1.19 02/11/2015 03:25 AM'
Jul 13, 2019 8:53:21 PM com.sun.jersey.server.impl.application.WebApplicationImpl _initiate
INFO: Initiating Jersey application, version 'Jersey: 1.19 02/11/2015 03:25 AM'
]]></system-err>
  </testcase>
  <testcase name="testMaxRetriesByOzoneClient" classname="org.apache.hadoop.ozone.client.rpc.TestOzoneClientRetriesOnException" time="37.147">
    <error message="Failed to command cmdType: CreateContainer&#10;containerID: 1&#10;datanodeUuid: &quot;4b04d24d-1392-469c-a931-6fc9a672a38d&quot;&#10;createContainer {&#10;}&#10;" type="java.io.IOException">java.io.IOException: 
Failed to command cmdType: CreateContainer
containerID: 1
datanodeUuid: "4b04d24d-1392-469c-a931-6fc9a672a38d"
createContainer {
}

	at org.apache.hadoop.hdds.scm.XceiverClientSpi.sendCommand(XceiverClientSpi.java:113)
	at org.apache.hadoop.ozone.client.rpc.TestOzoneClientRetriesOnException.testMaxRetriesByOzoneClient(TestOzoneClientRetriesOnException.java:190)
	at sun.reflect.NativeMethodAccessorImpl.invoke0(Native Method)
	at sun.reflect.NativeMethodAccessorImpl.invoke(NativeMethodAccessorImpl.java:62)
	at sun.reflect.DelegatingMethodAccessorImpl.invoke(DelegatingMethodAccessorImpl.java:43)
	at java.lang.reflect.Method.invoke(Method.java:498)
	at org.junit.runners.model.FrameworkMethod$1.runReflectiveCall(FrameworkMethod.java:47)
	at org.junit.internal.runners.model.ReflectiveCallable.run(ReflectiveCallable.java:12)
	at org.junit.runners.model.FrameworkMethod.invokeExplosively(FrameworkMethod.java:44)
	at org.junit.internal.runners.statements.InvokeMethod.evaluate(InvokeMethod.java:17)
	at org.junit.internal.runners.statements.RunBefores.evaluate(RunBefores.java:26)
	at org.junit.internal.runners.statements.RunAfters.evaluate(RunAfters.java:27)
	at org.junit.runners.ParentRunner.runLeaf(ParentRunner.java:271)
	at org.junit.runners.BlockJUnit4ClassRunner.runChild(BlockJUnit4ClassRunner.java:70)
	at org.junit.runners.BlockJUnit4ClassRunner.runChild(BlockJUnit4ClassRunner.java:50)
	at org.junit.runners.ParentRunner$3.run(ParentRunner.java:238)
	at org.junit.runners.ParentRunner$1.schedule(ParentRunner.java:63)
	at org.junit.runners.ParentRunner.runChildren(ParentRunner.java:236)
	at org.junit.runners.ParentRunner.access$000(ParentRunner.java:53)
	at org.junit.runners.ParentRunner$2.evaluate(ParentRunner.java:229)
	at org.junit.runners.ParentRunner.run(ParentRunner.java:309)
	at org.apache.maven.surefire.junit4.JUnit4Provider.execute(JUnit4Provider.java:365)
	at org.apache.maven.surefire.junit4.JUnit4Provider.executeWithRerun(JUnit4Provider.java:273)
	at org.apache.maven.surefire.junit4.JUnit4Provider.executeTestSet(JUnit4Provider.java:238)
	at org.apache.maven.surefire.junit4.JUnit4Provider.invoke(JUnit4Provider.java:159)
	at org.apache.maven.surefire.booter.ForkedBooter.invokeProviderInSameClassLoader(ForkedBooter.java:384)
	at org.apache.maven.surefire.booter.ForkedBooter.runSuitesInProcess(ForkedBooter.java:345)
	at org.apache.maven.surefire.booter.ForkedBooter.execute(ForkedBooter.java:126)
	at org.apache.maven.surefire.booter.ForkedBooter.main(ForkedBooter.java:418)
Caused by: java.util.concurrent.ExecutionException: org.apache.ratis.protocol.StateMachineException: java.util.concurrent.CompletionException: java.lang.IllegalArgumentException
	at java.util.concurrent.CompletableFuture.reportGet(CompletableFuture.java:357)
	at java.util.concurrent.CompletableFuture.get(CompletableFuture.java:1895)
	at org.apache.hadoop.hdds.scm.XceiverClientSpi.sendCommand(XceiverClientSpi.java:110)
	... 28 more
Caused by: org.apache.ratis.protocol.StateMachineException: java.util.concurrent.CompletionException: java.lang.IllegalArgumentException
	at java.util.concurrent.CompletableFuture.encodeThrowable(CompletableFuture.java:273)
	at java.util.concurrent.CompletableFuture.completeThrowable(CompletableFuture.java:280)
	at java.util.concurrent.CompletableFuture$AsyncSupply.run(CompletableFuture.java:1592)
	at java.util.concurrent.ThreadPoolExecutor.runWorker(ThreadPoolExecutor.java:1149)
	at java.util.concurrent.ThreadPoolExecutor$Worker.run(ThreadPoolExecutor.java:624)
	at java.lang.Thread.run(Thread.java:748)
</error>
    <system-out><![CDATA[2019-07-13 20:53:54,814 WARN  server.ServerUtils (ServerUtils.java:getScmDbDir(145)) - ozone.scm.db.dirs is not configured. We recommend adding this setting. Falling back to ozone.metadata.dirs instead.
2019-07-13 20:53:54,829 WARN  server.ServerUtils (ServerUtils.java:getScmDbDir(145)) - ozone.scm.db.dirs is not configured. We recommend adding this setting. Falling back to ozone.metadata.dirs instead.
2019-07-13 20:53:54,829 WARN  server.ServerUtils (ServerUtils.java:getScmDbDir(145)) - ozone.scm.db.dirs is not configured. We recommend adding this setting. Falling back to ozone.metadata.dirs instead.
2019-07-13 20:53:54,830 INFO  db.DBStoreBuilder (DBStoreBuilder.java:addTable(110)) - using custom profile for table: deletedBlocks
2019-07-13 20:53:54,830 INFO  db.DBStoreBuilder (DBStoreBuilder.java:processTables(161)) - Using default column profile:DBProfile.DISK for Table:deletedBlocks
2019-07-13 20:53:54,830 INFO  db.DBStoreBuilder (DBStoreBuilder.java:addTable(110)) - using custom profile for table: validCerts
2019-07-13 20:53:54,830 INFO  db.DBStoreBuilder (DBStoreBuilder.java:processTables(161)) - Using default column profile:DBProfile.DISK for Table:validCerts
2019-07-13 20:53:54,831 INFO  db.DBStoreBuilder (DBStoreBuilder.java:addTable(110)) - using custom profile for table: revokedCerts
2019-07-13 20:53:54,831 INFO  db.DBStoreBuilder (DBStoreBuilder.java:processTables(161)) - Using default column profile:DBProfile.DISK for Table:revokedCerts
2019-07-13 20:53:54,831 INFO  db.DBStoreBuilder (DBStoreBuilder.java:addTable(110)) - using custom profile for table: default
2019-07-13 20:53:54,831 INFO  db.DBStoreBuilder (DBStoreBuilder.java:processTables(167)) - Using default column profile:DBProfile.DISK for Table:default
2019-07-13 20:53:54,832 INFO  db.DBStoreBuilder (DBStoreBuilder.java:getDbProfile(198)) - Using default options. DBProfile.DISK
2019-07-13 20:53:54,914 INFO  net.NodeSchemaLoader (NodeSchemaLoader.java:loadSchemaFromFile(125)) - Loading file from sun.misc.CompoundEnumeration@349f0ca4
2019-07-13 20:53:54,915 INFO  net.NodeSchemaLoader (NodeSchemaLoader.java:loadSchema(171)) - Loading network topology layer schema file
2019-07-13 20:53:54,920 WARN  server.ServerUtils (ServerUtils.java:sanitizeUserArgs(70)) - ozone.scm.stale.node.interval value = 300000 is larger than max = 100000 based on the key value of ozone.scm.heartbeat.thread.interval, reset to the max value 100000.
2019-07-13 20:53:54,920 WARN  server.ServerUtils (ServerUtils.java:sanitizeUserArgs(70)) - ozone.scm.stale.node.interval value = 300000 is larger than max = 100000 based on the key value of ozone.scm.heartbeat.thread.interval, reset to the max value 100000.
2019-07-13 20:53:54,921 INFO  node.SCMNodeManager (SCMNodeManager.java:<init>(119)) - Entering startup safe mode.
2019-07-13 20:53:54,922 WARN  server.ServerUtils (ServerUtils.java:getScmDbDir(145)) - ozone.scm.db.dirs is not configured. We recommend adding this setting. Falling back to ozone.metadata.dirs instead.
2019-07-13 20:53:54,944 INFO  pipeline.SCMPipelineManager (SCMPipelineManager.java:initializePipelineState(126)) - No pipeline exists in current db
2019-07-13 20:53:54,944 WARN  server.ServerUtils (ServerUtils.java:getScmDbDir(145)) - ozone.scm.db.dirs is not configured. We recommend adding this setting. Falling back to ozone.metadata.dirs instead.
2019-07-13 20:53:54,977 WARN  events.EventQueue (EventQueue.java:fireEvent(175)) - No event handler registered for event TypedEvent{payloadType=SafeModeStatus, name='SafeModeStatus'}
2019-07-13 20:53:54,978 INFO  ipc.CallQueueManager (CallQueueManager.java:<init>(84)) - Using callQueue: class java.util.concurrent.LinkedBlockingQueue, queueCapacity: 2000, scheduler: class org.apache.hadoop.ipc.DefaultRpcScheduler, ipcBackoff: false.
2019-07-13 20:53:54,980 INFO  ipc.Server (Server.java:run(1074)) - Starting Socket Reader #1 for port 40467
2019-07-13 20:53:54,982 INFO  ipc.CallQueueManager (CallQueueManager.java:<init>(84)) - Using callQueue: class java.util.concurrent.LinkedBlockingQueue, queueCapacity: 2000, scheduler: class org.apache.hadoop.ipc.DefaultRpcScheduler, ipcBackoff: false.
2019-07-13 20:53:54,982 INFO  ipc.Server (Server.java:run(1074)) - Starting Socket Reader #1 for port 40832
2019-07-13 20:53:54,984 INFO  ipc.CallQueueManager (CallQueueManager.java:<init>(84)) - Using callQueue: class java.util.concurrent.LinkedBlockingQueue, queueCapacity: 2000, scheduler: class org.apache.hadoop.ipc.DefaultRpcScheduler, ipcBackoff: false.
2019-07-13 20:53:54,985 INFO  ipc.Server (Server.java:run(1074)) - Starting Socket Reader #1 for port 43540
2019-07-13 20:53:54,989 INFO  hdfs.DFSUtil (DFSUtil.java:httpServerTemplateForNNAndJN(1641)) - Starting Web-server for scm at: http://0.0.0.0:0
2019-07-13 20:53:54,992 INFO  server.AuthenticationFilter (AuthenticationFilter.java:constructSecretProvider(240)) - Unable to initialize FileSignerSecretProvider, falling back to use random secrets.
2019-07-13 20:53:54,993 WARN  http.HttpRequestLog (HttpRequestLog.java:getRequestLog(97)) - Jetty request log can only be enabled using Log4j
2019-07-13 20:53:54,995 INFO  http.HttpServer2 (HttpServer2.java:addGlobalFilter(975)) - Added global filter 'safety' (class=org.apache.hadoop.http.HttpServer2$QuotingInputFilter)
2019-07-13 20:53:54,998 INFO  http.HttpServer2 (HttpServer2.java:addFilter(948)) - Added filter static_user_filter (class=org.apache.hadoop.http.lib.StaticUserWebFilter$StaticUserFilter) to context scm
2019-07-13 20:53:54,998 INFO  http.HttpServer2 (HttpServer2.java:addFilter(958)) - Added filter static_user_filter (class=org.apache.hadoop.http.lib.StaticUserWebFilter$StaticUserFilter) to context logs
2019-07-13 20:53:54,998 INFO  http.HttpServer2 (HttpServer2.java:addFilter(958)) - Added filter static_user_filter (class=org.apache.hadoop.http.lib.StaticUserWebFilter$StaticUserFilter) to context static
2019-07-13 20:53:55,001 INFO  server.StorageContainerManager (StorageContainerManager.java:start(759)) - StorageContainerLocationProtocol RPC server is listening at /0.0.0.0:43540
2019-07-13 20:53:55,004 WARN  impl.MetricsConfig (MetricsConfig.java:loadFirst(134)) - Cannot locate configuration: tried hadoop-metrics2-storagecontainermanager.properties,hadoop-metrics2.properties
2019-07-13 20:53:55,005 INFO  impl.MetricsSystemImpl (MetricsSystemImpl.java:startTimer(374)) - Scheduled Metric snapshot period at 10 second(s).
2019-07-13 20:53:55,005 INFO  impl.MetricsSystemImpl (MetricsSystemImpl.java:start(191)) - StorageContainerManager metrics system started
2019-07-13 20:53:55,049 INFO  server.SCMClientProtocolServer (SCMClientProtocolServer.java:start(149)) - RPC server for Client  is listening at /0.0.0.0:43540
2019-07-13 20:53:55,050 INFO  ipc.Server (Server.java:run(1314)) - IPC Server Responder: starting
2019-07-13 20:53:55,050 INFO  ipc.Server (Server.java:run(1153)) - IPC Server listener on 43540: starting
2019-07-13 20:53:55,054 INFO  server.StorageContainerManager (StorageContainerManager.java:start(768)) - ScmBlockLocationProtocol RPC server is listening at /0.0.0.0:40832
2019-07-13 20:53:55,055 INFO  server.SCMBlockProtocolServer (SCMBlockProtocolServer.java:start(140)) - RPC server for Block Protocol is listening at /0.0.0.0:40832
2019-07-13 20:53:55,055 INFO  ipc.Server (Server.java:run(1314)) - IPC Server Responder: starting
2019-07-13 20:53:55,055 INFO  ipc.Server (Server.java:run(1153)) - IPC Server listener on 40832: starting
2019-07-13 20:53:55,060 INFO  server.StorageContainerManager (StorageContainerManager.java:start(772)) - ScmDatanodeProtocl RPC server is listening at /0.0.0.0:40467
2019-07-13 20:53:55,061 INFO  server.SCMDatanodeProtocolServer (SCMDatanodeProtocolServer.java:start(191)) - RPC server for DataNodes is listening at /0.0.0.0:40467
2019-07-13 20:53:55,061 INFO  ipc.Server (Server.java:run(1314)) - IPC Server Responder: starting
2019-07-13 20:53:55,062 INFO  ipc.Server (Server.java:run(1153)) - IPC Server listener on 40467: starting
2019-07-13 20:53:55,067 INFO  http.HttpServer2 (HttpServer2.java:bindListener(1191)) - Jetty bound to port 40842
2019-07-13 20:53:55,068 INFO  server.Server (Server.java:doStart(351)) - jetty-9.3.24.v20180605, build timestamp: 2018-06-05T17:11:56Z, git hash: 84205aa28f11a4f31f2a3b86d1bba2cc8ab69827
2019-07-13 20:53:55,070 INFO  handler.ContextHandler (ContextHandler.java:doStart(781)) - Started o.e.j.s.ServletContextHandler@1b3bec6c{/logs,file:///tmp/workdir/hadoop-ozone/integration-test/target/log,AVAILABLE}
2019-07-13 20:53:55,071 INFO  handler.ContextHandler (ContextHandler.java:doStart(781)) - Started o.e.j.s.ServletContextHandler@2154652c{/static,file:///tmp/workdir/hadoop-ozone/integration-test/target/test-classes/webapps/static,AVAILABLE}
2019-07-13 20:53:55,078 INFO  handler.ContextHandler (ContextHandler.java:doStart(781)) - Started o.e.j.w.WebAppContext@5a06904{/,file:///tmp/workdir/hadoop-ozone/integration-test/target/test-classes/webapps/scm/,AVAILABLE}{/scm}
2019-07-13 20:53:55,078 INFO  server.AbstractConnector (AbstractConnector.java:doStart(278)) - Started ServerConnector@fabef2e{HTTP/1.1,[http/1.1]}{0.0.0.0:40842}
2019-07-13 20:53:55,079 INFO  server.Server (Server.java:doStart(419)) - Started @39795ms
2019-07-13 20:53:55,082 INFO  server.BaseHttpServer (BaseHttpServer.java:updateConnectorAddress(207)) - HTTP server of SCM is listening at http://0.0.0.0:40842
2019-07-13 20:53:55,082 WARN  server.ServerUtils (ServerUtils.java:getDBPath(222)) - ozone.om.db.dirs is not configured. We recommend adding this setting. Falling back to ozone.metadata.dirs instead.
2019-07-13 20:53:55,083 INFO  util.JvmPauseMonitor (JvmPauseMonitor.java:run(188)) - Starting JVM pause monitor
2019-07-13 20:53:55,097 WARN  server.ServerUtils (ServerUtils.java:getDBPath(222)) - ozone.om.db.dirs is not configured. We recommend adding this setting. Falling back to ozone.metadata.dirs instead.
2019-07-13 20:53:55,097 INFO  om.OzoneManager (OzoneManager.java:setOMNodeDetails(630)) - OM Service ID is not set. Setting it to the default ID: omServiceIdDefault
2019-07-13 20:53:55,097 INFO  om.OzoneManager (OzoneManager.java:setOMNodeDetails(636)) - OM Node ID is not set. Setting it to the OmStorage's OmID: 849964c6-6ad8-41b0-a6f5-9a072879bbf4
2019-07-13 20:53:55,098 INFO  om.OzoneManager (OzoneManager.java:loadOMHAConfigs(587)) - Found matching OM address with OMServiceId: null, OMNodeId: null, RPC Address: localhost:0 and Ratis port: 9872
2019-07-13 20:53:55,105 WARN  server.ServerUtils (ServerUtils.java:getDBPath(222)) - ozone.om.db.dirs is not configured. We recommend adding this setting. Falling back to ozone.metadata.dirs instead.
2019-07-13 20:53:55,106 INFO  db.DBStoreBuilder (DBStoreBuilder.java:addTable(110)) - using custom profile for table: userTable
2019-07-13 20:53:55,106 INFO  db.DBStoreBuilder (DBStoreBuilder.java:processTables(161)) - Using default column profile:DBProfile.DISK for Table:userTable
2019-07-13 20:53:55,106 INFO  db.DBStoreBuilder (DBStoreBuilder.java:addTable(110)) - using custom profile for table: volumeTable
2019-07-13 20:53:55,106 INFO  db.DBStoreBuilder (DBStoreBuilder.java:processTables(161)) - Using default column profile:DBProfile.DISK for Table:volumeTable
2019-07-13 20:53:55,106 INFO  db.DBStoreBuilder (DBStoreBuilder.java:addTable(110)) - using custom profile for table: bucketTable
2019-07-13 20:53:55,106 INFO  db.DBStoreBuilder (DBStoreBuilder.java:processTables(161)) - Using default column profile:DBProfile.DISK for Table:bucketTable
2019-07-13 20:53:55,107 INFO  db.DBStoreBuilder (DBStoreBuilder.java:addTable(110)) - using custom profile for table: keyTable
2019-07-13 20:53:55,107 INFO  db.DBStoreBuilder (DBStoreBuilder.java:processTables(161)) - Using default column profile:DBProfile.DISK for Table:keyTable
2019-07-13 20:53:55,107 INFO  db.DBStoreBuilder (DBStoreBuilder.java:addTable(110)) - using custom profile for table: deletedTable
2019-07-13 20:53:55,107 INFO  db.DBStoreBuilder (DBStoreBuilder.java:processTables(161)) - Using default column profile:DBProfile.DISK for Table:deletedTable
2019-07-13 20:53:55,108 INFO  db.DBStoreBuilder (DBStoreBuilder.java:addTable(110)) - using custom profile for table: openKeyTable
2019-07-13 20:53:55,108 INFO  db.DBStoreBuilder (DBStoreBuilder.java:processTables(161)) - Using default column profile:DBProfile.DISK for Table:openKeyTable
2019-07-13 20:53:55,108 INFO  db.DBStoreBuilder (DBStoreBuilder.java:addTable(110)) - using custom profile for table: s3Table
2019-07-13 20:53:55,108 INFO  db.DBStoreBuilder (DBStoreBuilder.java:processTables(161)) - Using default column profile:DBProfile.DISK for Table:s3Table
2019-07-13 20:53:55,108 INFO  db.DBStoreBuilder (DBStoreBuilder.java:addTable(110)) - using custom profile for table: multipartInfoTable
2019-07-13 20:53:55,108 INFO  db.DBStoreBuilder (DBStoreBuilder.java:processTables(161)) - Using default column profile:DBProfile.DISK for Table:multipartInfoTable
2019-07-13 20:53:55,109 INFO  db.DBStoreBuilder (DBStoreBuilder.java:addTable(110)) - using custom profile for table: dTokenTable
2019-07-13 20:53:55,109 INFO  db.DBStoreBuilder (DBStoreBuilder.java:processTables(161)) - Using default column profile:DBProfile.DISK for Table:dTokenTable
2019-07-13 20:53:55,109 INFO  db.DBStoreBuilder (DBStoreBuilder.java:addTable(110)) - using custom profile for table: s3SecretTable
2019-07-13 20:53:55,109 INFO  db.DBStoreBuilder (DBStoreBuilder.java:processTables(161)) - Using default column profile:DBProfile.DISK for Table:s3SecretTable
2019-07-13 20:53:55,109 INFO  db.DBStoreBuilder (DBStoreBuilder.java:addTable(110)) - using custom profile for table: prefixTable
2019-07-13 20:53:55,110 INFO  db.DBStoreBuilder (DBStoreBuilder.java:processTables(161)) - Using default column profile:DBProfile.DISK for Table:prefixTable
2019-07-13 20:53:55,110 INFO  db.DBStoreBuilder (DBStoreBuilder.java:addTable(110)) - using custom profile for table: default
2019-07-13 20:53:55,110 INFO  db.DBStoreBuilder (DBStoreBuilder.java:processTables(167)) - Using default column profile:DBProfile.DISK for Table:default
2019-07-13 20:53:55,110 INFO  db.DBStoreBuilder (DBStoreBuilder.java:getDbProfile(198)) - Using default options. DBProfile.DISK
2019-07-13 20:53:55,345 INFO  ipc.CallQueueManager (CallQueueManager.java:<init>(84)) - Using callQueue: class java.util.concurrent.LinkedBlockingQueue, queueCapacity: 2000, scheduler: class org.apache.hadoop.ipc.DefaultRpcScheduler, ipcBackoff: false.
2019-07-13 20:53:55,345 INFO  ipc.Server (Server.java:run(1074)) - Starting Socket Reader #1 for port 43910
2019-07-13 20:53:55,358 WARN  server.ServerUtils (ServerUtils.java:getDBPath(222)) - ozone.om.db.dirs is not configured. We recommend adding this setting. Falling back to ozone.metadata.dirs instead.
2019-07-13 20:53:55,359 INFO  om.OzoneManager (OzoneManager.java:start(1228)) - OzoneManager RPC server is listening at localhost/127.0.0.1:43910
2019-07-13 20:53:55,359 INFO  impl.MetricsSystemImpl (MetricsSystemImpl.java:init(158)) - OzoneManager metrics system started (again)
2019-07-13 20:53:55,359 INFO  ipc.Server (Server.java:run(1314)) - IPC Server Responder: starting
2019-07-13 20:53:55,360 INFO  ipc.Server (Server.java:run(1153)) - IPC Server listener on 43910: starting
2019-07-13 20:53:55,366 INFO  hdfs.DFSUtil (DFSUtil.java:httpServerTemplateForNNAndJN(1641)) - Starting Web-server for ozoneManager at: http://0.0.0.0:0
2019-07-13 20:53:55,367 INFO  server.AuthenticationFilter (AuthenticationFilter.java:constructSecretProvider(240)) - Unable to initialize FileSignerSecretProvider, falling back to use random secrets.
2019-07-13 20:53:55,368 WARN  http.HttpRequestLog (HttpRequestLog.java:getRequestLog(97)) - Jetty request log can only be enabled using Log4j
2019-07-13 20:53:55,369 INFO  http.HttpServer2 (HttpServer2.java:addGlobalFilter(975)) - Added global filter 'safety' (class=org.apache.hadoop.http.HttpServer2$QuotingInputFilter)
2019-07-13 20:53:55,370 INFO  http.HttpServer2 (HttpServer2.java:addFilter(948)) - Added filter static_user_filter (class=org.apache.hadoop.http.lib.StaticUserWebFilter$StaticUserFilter) to context ozoneManager
2019-07-13 20:53:55,370 INFO  http.HttpServer2 (HttpServer2.java:addFilter(958)) - Added filter static_user_filter (class=org.apache.hadoop.http.lib.StaticUserWebFilter$StaticUserFilter) to context static
2019-07-13 20:53:55,370 INFO  http.HttpServer2 (HttpServer2.java:addFilter(958)) - Added filter static_user_filter (class=org.apache.hadoop.http.lib.StaticUserWebFilter$StaticUserFilter) to context logs
2019-07-13 20:53:55,371 INFO  http.HttpServer2 (HttpServer2.java:bindListener(1191)) - Jetty bound to port 36414
2019-07-13 20:53:55,371 INFO  server.Server (Server.java:doStart(351)) - jetty-9.3.24.v20180605, build timestamp: 2018-06-05T17:11:56Z, git hash: 84205aa28f11a4f31f2a3b86d1bba2cc8ab69827
2019-07-13 20:53:55,372 INFO  handler.ContextHandler (ContextHandler.java:doStart(781)) - Started o.e.j.s.ServletContextHandler@37fef327{/logs,file:///tmp/workdir/hadoop-ozone/integration-test/target/log,AVAILABLE}
2019-07-13 20:53:55,373 INFO  handler.ContextHandler (ContextHandler.java:doStart(781)) - Started o.e.j.s.ServletContextHandler@55951fcd{/static,file:///tmp/workdir/hadoop-ozone/integration-test/target/test-classes/webapps/static,AVAILABLE}
2019-07-13 20:53:55,377 INFO  handler.ContextHandler (ContextHandler.java:doStart(781)) - Started o.e.j.w.WebAppContext@54be6213{/,file:///tmp/workdir/hadoop-ozone/integration-test/target/test-classes/webapps/ozoneManager/,AVAILABLE}{/ozoneManager}
2019-07-13 20:53:55,377 INFO  server.AbstractConnector (AbstractConnector.java:doStart(278)) - Started ServerConnector@48a46b0f{HTTP/1.1,[http/1.1]}{0.0.0.0:36414}
2019-07-13 20:53:55,378 INFO  server.Server (Server.java:doStart(419)) - Started @40094ms
2019-07-13 20:53:55,379 INFO  server.BaseHttpServer (BaseHttpServer.java:updateConnectorAddress(207)) - HTTP server of OZONEMANAGER is listening at http://0.0.0.0:36414
2019-07-13 20:53:55,392 INFO  impl.MetricsSystemImpl (MetricsSystemImpl.java:init(158)) - HddsDatanode metrics system started (again)
2019-07-13 20:53:55,392 INFO  ozone.HddsDatanodeService (HddsDatanodeService.java:start(185)) - HddsDatanodeService host:trunk-nightly-6qp7m-2461138711 ip:192.168.5.168
2019-07-13 20:53:55,399 INFO  volume.HddsVolume (HddsVolume.java:<init>(176)) - Creating Volume: /tmp/workdir/hadoop-ozone/integration-test/target/test-dir/MiniOzoneClusterImpl-d02a6b33-1f58-45b7-82b4-65e749d8c36b/datanode-0/data/containers/hdds of  storage type : DISK and capacity : 52710309888
2019-07-13 20:53:55,399 INFO  volume.VolumeSet (VolumeSet.java:initializeVolumeSet(170)) - Added Volume : /tmp/workdir/hadoop-ozone/integration-test/target/test-dir/MiniOzoneClusterImpl-d02a6b33-1f58-45b7-82b4-65e749d8c36b/datanode-0/data/containers/hdds to VolumeSet
2019-07-13 20:53:55,399 INFO  volume.ThrottledAsyncChecker (ThrottledAsyncChecker.java:schedule(140)) - Scheduling a check for org.apache.hadoop.ozone.container.common.volume.HddsVolume@6d0114c0
2019-07-13 20:53:55,400 INFO  volume.HddsVolumeChecker (HddsVolumeChecker.java:checkAllVolumes(203)) - Scheduled health check for volume org.apache.hadoop.ozone.container.common.volume.HddsVolume@6d0114c0
2019-07-13 20:53:55,413 INFO  impl.RaftServerProxy (ConfUtils.java:logGet(43)) - raft.rpc.type = GRPC (default)
2019-07-13 20:53:55,414 INFO  grpc.GrpcFactory (GrpcFactory.java:checkPooledByteBufAllocatorUseCacheForAllThreads(45)) - PERFORMANCE WARNING: useCacheForAllThreads is true that may cause Netty to create a lot garbage objects and, as a result, trigger GC.
	It is recommended to disable useCacheForAllThreads by setting -Dorg.apache.ratis.thirdparty.io.netty.allocator.useCacheForAllThreads=false in command line.
2019-07-13 20:53:55,414 INFO  grpc.GrpcConfigKeys$Server (ConfUtils.java:logGet(43)) - raft.grpc.server.port = 0 (default)
2019-07-13 20:53:55,414 INFO  server.GrpcService (ConfUtils.java:logGet(43)) - raft.grpc.message.size.max = 33570816 (custom)
2019-07-13 20:53:55,414 INFO  server.RaftServerConfigKeys (ConfUtils.java:logGet(43)) - raft.server.log.appender.buffer.byte-limit = 33554432 (custom)
2019-07-13 20:53:55,414 INFO  server.GrpcService (ConfUtils.java:logGet(43)) - raft.grpc.flow.control.window = 1MB (=1048576) (default)
2019-07-13 20:53:55,415 INFO  server.RaftServerConfigKeys (ConfUtils.java:logGet(43)) - raft.server.rpc.request.timeout = 3000ms (default)
2019-07-13 20:53:55,415 INFO  server.RaftServerConfigKeys (ConfUtils.java:logGet(43)) - raft.server.storage.dir = [/tmp/workdir/hadoop-ozone/integration-test/target/test-dir/MiniOzoneClusterImpl-d02a6b33-1f58-45b7-82b4-65e749d8c36b/datanode-0/data/ratis] (custom)
2019-07-13 20:53:55,416 INFO  replication.SimpleContainerDownloader (SimpleContainerDownloader.java:<init>(72)) - Starting container downloader service to copy containers to replicate.
2019-07-13 20:53:55,417 INFO  hdfs.DFSUtil (DFSUtil.java:httpServerTemplateForNNAndJN(1641)) - Starting Web-server for hddsDatanode at: http://0.0.0.0:0
2019-07-13 20:53:55,418 INFO  server.AuthenticationFilter (AuthenticationFilter.java:constructSecretProvider(240)) - Unable to initialize FileSignerSecretProvider, falling back to use random secrets.
2019-07-13 20:53:55,418 WARN  http.HttpRequestLog (HttpRequestLog.java:getRequestLog(97)) - Jetty request log can only be enabled using Log4j
2019-07-13 20:53:55,419 INFO  http.HttpServer2 (HttpServer2.java:addGlobalFilter(975)) - Added global filter 'safety' (class=org.apache.hadoop.http.HttpServer2$QuotingInputFilter)
2019-07-13 20:53:55,420 INFO  http.HttpServer2 (HttpServer2.java:addFilter(948)) - Added filter static_user_filter (class=org.apache.hadoop.http.lib.StaticUserWebFilter$StaticUserFilter) to context hddsDatanode
2019-07-13 20:53:55,420 INFO  http.HttpServer2 (HttpServer2.java:addFilter(958)) - Added filter static_user_filter (class=org.apache.hadoop.http.lib.StaticUserWebFilter$StaticUserFilter) to context logs
2019-07-13 20:53:55,420 INFO  http.HttpServer2 (HttpServer2.java:addFilter(958)) - Added filter static_user_filter (class=org.apache.hadoop.http.lib.StaticUserWebFilter$StaticUserFilter) to context static
2019-07-13 20:53:55,421 INFO  http.HttpServer2 (HttpServer2.java:bindListener(1191)) - Jetty bound to port 32968
2019-07-13 20:53:55,421 INFO  server.Server (Server.java:doStart(351)) - jetty-9.3.24.v20180605, build timestamp: 2018-06-05T17:11:56Z, git hash: 84205aa28f11a4f31f2a3b86d1bba2cc8ab69827
2019-07-13 20:53:55,423 INFO  handler.ContextHandler (ContextHandler.java:doStart(781)) - Started o.e.j.s.ServletContextHandler@15c16f19{/logs,file:///tmp/workdir/hadoop-ozone/integration-test/target/log,AVAILABLE}
2019-07-13 20:53:55,423 INFO  handler.ContextHandler (ContextHandler.java:doStart(781)) - Started o.e.j.s.ServletContextHandler@be6d228{/static,jar:file:/home/user/.m2/repository/org/apache/hadoop/hadoop-hdds-container-service/0.5.0-SNAPSHOT/hadoop-hdds-container-service-0.5.0-SNAPSHOT.jar!/webapps/static,AVAILABLE}
2019-07-13 20:53:55,451 INFO  handler.ContextHandler (ContextHandler.java:doStart(781)) - Started o.e.j.w.WebAppContext@308e87a1{/,file:///tmp/jetty-0.0.0.0-32968-hddsDatanode-_-any-121604554784627833.dir/webapp/,AVAILABLE}{/hddsDatanode}
2019-07-13 20:53:55,451 INFO  server.AbstractConnector (AbstractConnector.java:doStart(278)) - Started ServerConnector@66298fe9{HTTP/1.1,[http/1.1]}{0.0.0.0:32968}
2019-07-13 20:53:55,452 INFO  server.Server (Server.java:doStart(419)) - Started @40168ms
2019-07-13 20:53:55,453 INFO  server.BaseHttpServer (BaseHttpServer.java:updateConnectorAddress(207)) - HTTP server of HDDSDATANODE is listening at http://0.0.0.0:32968
2019-07-13 20:53:55,572 INFO  ozone.HddsDatanodeService (HddsDatanodeService.java:startPlugins(396)) - Started plug-in org.apache.hadoop.ozone.web.OzoneHddsDatanodeService@30c01c37
2019-07-13 20:53:55,573 INFO  impl.MetricsSystemImpl (MetricsSystemImpl.java:init(158)) - HddsDatanode metrics system started (again)
2019-07-13 20:53:55,574 INFO  ozone.HddsDatanodeService (HddsDatanodeService.java:start(185)) - HddsDatanodeService host:trunk-nightly-6qp7m-2461138711 ip:192.168.5.168
2019-07-13 20:53:55,576 INFO  util.JvmPauseMonitor (JvmPauseMonitor.java:run(188)) - Starting JVM pause monitor
2019-07-13 20:53:55,579 INFO  datanode.InitDatanodeState (InitDatanodeState.java:persistContainerDatanodeDetails(140)) - DatanodeDetails is persisted to /tmp/workdir/hadoop-ozone/integration-test/target/test-dir/MiniOzoneClusterImpl-d02a6b33-1f58-45b7-82b4-65e749d8c36b/datanode-0/meta/datanode.id
2019-07-13 20:53:55,582 INFO  volume.HddsVolume (HddsVolume.java:<init>(176)) - Creating Volume: /tmp/workdir/hadoop-ozone/integration-test/target/test-dir/MiniOzoneClusterImpl-d02a6b33-1f58-45b7-82b4-65e749d8c36b/datanode-1/data/containers/hdds of  storage type : DISK and capacity : 52710309888
2019-07-13 20:53:55,582 INFO  volume.VolumeSet (VolumeSet.java:initializeVolumeSet(170)) - Added Volume : /tmp/workdir/hadoop-ozone/integration-test/target/test-dir/MiniOzoneClusterImpl-d02a6b33-1f58-45b7-82b4-65e749d8c36b/datanode-1/data/containers/hdds to VolumeSet
2019-07-13 20:53:55,582 INFO  volume.ThrottledAsyncChecker (ThrottledAsyncChecker.java:schedule(140)) - Scheduling a check for org.apache.hadoop.ozone.container.common.volume.HddsVolume@c11332b
2019-07-13 20:53:55,583 INFO  volume.HddsVolumeChecker (HddsVolumeChecker.java:checkAllVolumes(203)) - Scheduled health check for volume org.apache.hadoop.ozone.container.common.volume.HddsVolume@c11332b
2019-07-13 20:53:55,597 INFO  impl.RaftServerProxy (ConfUtils.java:logGet(43)) - raft.rpc.type = GRPC (default)
2019-07-13 20:53:55,597 INFO  grpc.GrpcFactory (GrpcFactory.java:checkPooledByteBufAllocatorUseCacheForAllThreads(45)) - PERFORMANCE WARNING: useCacheForAllThreads is true that may cause Netty to create a lot garbage objects and, as a result, trigger GC.
	It is recommended to disable useCacheForAllThreads by setting -Dorg.apache.ratis.thirdparty.io.netty.allocator.useCacheForAllThreads=false in command line.
2019-07-13 20:53:55,598 INFO  grpc.GrpcConfigKeys$Server (ConfUtils.java:logGet(43)) - raft.grpc.server.port = 0 (default)
2019-07-13 20:53:55,598 INFO  server.GrpcService (ConfUtils.java:logGet(43)) - raft.grpc.message.size.max = 33570816 (custom)
2019-07-13 20:53:55,598 INFO  server.RaftServerConfigKeys (ConfUtils.java:logGet(43)) - raft.server.log.appender.buffer.byte-limit = 33554432 (custom)
2019-07-13 20:53:55,598 INFO  server.GrpcService (ConfUtils.java:logGet(43)) - raft.grpc.flow.control.window = 1MB (=1048576) (default)
2019-07-13 20:53:55,598 INFO  server.RaftServerConfigKeys (ConfUtils.java:logGet(43)) - raft.server.rpc.request.timeout = 3000ms (default)
2019-07-13 20:53:55,599 INFO  server.RaftServerConfigKeys (ConfUtils.java:logGet(43)) - raft.server.storage.dir = [/tmp/workdir/hadoop-ozone/integration-test/target/test-dir/MiniOzoneClusterImpl-d02a6b33-1f58-45b7-82b4-65e749d8c36b/datanode-1/data/ratis] (custom)
2019-07-13 20:53:55,599 INFO  replication.SimpleContainerDownloader (SimpleContainerDownloader.java:<init>(72)) - Starting container downloader service to copy containers to replicate.
2019-07-13 20:53:55,600 INFO  hdfs.DFSUtil (DFSUtil.java:httpServerTemplateForNNAndJN(1641)) - Starting Web-server for hddsDatanode at: http://0.0.0.0:0
2019-07-13 20:53:55,602 INFO  server.AuthenticationFilter (AuthenticationFilter.java:constructSecretProvider(240)) - Unable to initialize FileSignerSecretProvider, falling back to use random secrets.
2019-07-13 20:53:55,602 WARN  http.HttpRequestLog (HttpRequestLog.java:getRequestLog(97)) - Jetty request log can only be enabled using Log4j
2019-07-13 20:53:55,603 INFO  http.HttpServer2 (HttpServer2.java:addGlobalFilter(975)) - Added global filter 'safety' (class=org.apache.hadoop.http.HttpServer2$QuotingInputFilter)
2019-07-13 20:53:55,604 INFO  http.HttpServer2 (HttpServer2.java:addFilter(948)) - Added filter static_user_filter (class=org.apache.hadoop.http.lib.StaticUserWebFilter$StaticUserFilter) to context hddsDatanode
2019-07-13 20:53:55,604 INFO  http.HttpServer2 (HttpServer2.java:addFilter(958)) - Added filter static_user_filter (class=org.apache.hadoop.http.lib.StaticUserWebFilter$StaticUserFilter) to context static
2019-07-13 20:53:55,604 INFO  http.HttpServer2 (HttpServer2.java:addFilter(958)) - Added filter static_user_filter (class=org.apache.hadoop.http.lib.StaticUserWebFilter$StaticUserFilter) to context logs
2019-07-13 20:53:55,604 INFO  http.HttpServer2 (HttpServer2.java:bindListener(1191)) - Jetty bound to port 33824
2019-07-13 20:53:55,605 INFO  server.Server (Server.java:doStart(351)) - jetty-9.3.24.v20180605, build timestamp: 2018-06-05T17:11:56Z, git hash: 84205aa28f11a4f31f2a3b86d1bba2cc8ab69827
2019-07-13 20:53:55,606 INFO  handler.ContextHandler (ContextHandler.java:doStart(781)) - Started o.e.j.s.ServletContextHandler@7956f93a{/logs,file:///tmp/workdir/hadoop-ozone/integration-test/target/log,AVAILABLE}
2019-07-13 20:53:55,607 INFO  handler.ContextHandler (ContextHandler.java:doStart(781)) - Started o.e.j.s.ServletContextHandler@27bb74e1{/static,jar:file:/home/user/.m2/repository/org/apache/hadoop/hadoop-hdds-container-service/0.5.0-SNAPSHOT/hadoop-hdds-container-service-0.5.0-SNAPSHOT.jar!/webapps/static,AVAILABLE}
2019-07-13 20:53:55,634 INFO  handler.ContextHandler (ContextHandler.java:doStart(781)) - Started o.e.j.w.WebAppContext@145e958f{/,file:///tmp/jetty-0.0.0.0-33824-hddsDatanode-_-any-7295617425456072968.dir/webapp/,AVAILABLE}{/hddsDatanode}
2019-07-13 20:53:55,635 INFO  server.AbstractConnector (AbstractConnector.java:doStart(278)) - Started ServerConnector@2d2fc130{HTTP/1.1,[http/1.1]}{0.0.0.0:33824}
2019-07-13 20:53:55,636 INFO  server.Server (Server.java:doStart(419)) - Started @40352ms
2019-07-13 20:53:55,636 INFO  server.BaseHttpServer (BaseHttpServer.java:updateConnectorAddress(207)) - HTTP server of HDDSDATANODE is listening at http://0.0.0.0:33824
2019-07-13 20:53:55,789 INFO  ozone.HddsDatanodeService (HddsDatanodeService.java:startPlugins(396)) - Started plug-in org.apache.hadoop.ozone.web.OzoneHddsDatanodeService@377dbc50
2019-07-13 20:53:55,790 INFO  impl.MetricsSystemImpl (MetricsSystemImpl.java:init(158)) - HddsDatanode metrics system started (again)
2019-07-13 20:53:55,792 INFO  ozone.HddsDatanodeService (HddsDatanodeService.java:start(185)) - HddsDatanodeService host:trunk-nightly-6qp7m-2461138711 ip:192.168.5.168
2019-07-13 20:53:55,793 INFO  util.JvmPauseMonitor (JvmPauseMonitor.java:run(188)) - Starting JVM pause monitor
2019-07-13 20:53:55,795 INFO  datanode.InitDatanodeState (InitDatanodeState.java:persistContainerDatanodeDetails(140)) - DatanodeDetails is persisted to /tmp/workdir/hadoop-ozone/integration-test/target/test-dir/MiniOzoneClusterImpl-d02a6b33-1f58-45b7-82b4-65e749d8c36b/datanode-1/meta/datanode.id
2019-07-13 20:53:55,800 INFO  volume.HddsVolume (HddsVolume.java:<init>(176)) - Creating Volume: /tmp/workdir/hadoop-ozone/integration-test/target/test-dir/MiniOzoneClusterImpl-d02a6b33-1f58-45b7-82b4-65e749d8c36b/datanode-2/data/containers/hdds of  storage type : DISK and capacity : 52710309888
2019-07-13 20:53:55,800 INFO  volume.VolumeSet (VolumeSet.java:initializeVolumeSet(170)) - Added Volume : /tmp/workdir/hadoop-ozone/integration-test/target/test-dir/MiniOzoneClusterImpl-d02a6b33-1f58-45b7-82b4-65e749d8c36b/datanode-2/data/containers/hdds to VolumeSet
2019-07-13 20:53:55,800 INFO  volume.ThrottledAsyncChecker (ThrottledAsyncChecker.java:schedule(140)) - Scheduling a check for org.apache.hadoop.ozone.container.common.volume.HddsVolume@3d88ce0e
2019-07-13 20:53:55,801 INFO  volume.HddsVolumeChecker (HddsVolumeChecker.java:checkAllVolumes(203)) - Scheduled health check for volume org.apache.hadoop.ozone.container.common.volume.HddsVolume@3d88ce0e
2019-07-13 20:53:55,815 INFO  impl.RaftServerProxy (ConfUtils.java:logGet(43)) - raft.rpc.type = GRPC (default)
2019-07-13 20:53:55,815 INFO  grpc.GrpcFactory (GrpcFactory.java:checkPooledByteBufAllocatorUseCacheForAllThreads(45)) - PERFORMANCE WARNING: useCacheForAllThreads is true that may cause Netty to create a lot garbage objects and, as a result, trigger GC.
	It is recommended to disable useCacheForAllThreads by setting -Dorg.apache.ratis.thirdparty.io.netty.allocator.useCacheForAllThreads=false in command line.
2019-07-13 20:53:55,815 INFO  grpc.GrpcConfigKeys$Server (ConfUtils.java:logGet(43)) - raft.grpc.server.port = 0 (default)
2019-07-13 20:53:55,816 INFO  server.GrpcService (ConfUtils.java:logGet(43)) - raft.grpc.message.size.max = 33570816 (custom)
2019-07-13 20:53:55,816 INFO  server.RaftServerConfigKeys (ConfUtils.java:logGet(43)) - raft.server.log.appender.buffer.byte-limit = 33554432 (custom)
2019-07-13 20:53:55,816 INFO  server.GrpcService (ConfUtils.java:logGet(43)) - raft.grpc.flow.control.window = 1MB (=1048576) (default)
2019-07-13 20:53:55,816 INFO  server.RaftServerConfigKeys (ConfUtils.java:logGet(43)) - raft.server.rpc.request.timeout = 3000ms (default)
2019-07-13 20:53:55,817 INFO  server.RaftServerConfigKeys (ConfUtils.java:logGet(43)) - raft.server.storage.dir = [/tmp/workdir/hadoop-ozone/integration-test/target/test-dir/MiniOzoneClusterImpl-d02a6b33-1f58-45b7-82b4-65e749d8c36b/datanode-2/data/ratis] (custom)
2019-07-13 20:53:55,817 INFO  replication.SimpleContainerDownloader (SimpleContainerDownloader.java:<init>(72)) - Starting container downloader service to copy containers to replicate.
2019-07-13 20:53:55,818 INFO  hdfs.DFSUtil (DFSUtil.java:httpServerTemplateForNNAndJN(1641)) - Starting Web-server for hddsDatanode at: http://0.0.0.0:0
2019-07-13 20:53:55,820 INFO  server.AuthenticationFilter (AuthenticationFilter.java:constructSecretProvider(240)) - Unable to initialize FileSignerSecretProvider, falling back to use random secrets.
2019-07-13 20:53:55,820 WARN  http.HttpRequestLog (HttpRequestLog.java:getRequestLog(97)) - Jetty request log can only be enabled using Log4j
2019-07-13 20:53:55,821 INFO  http.HttpServer2 (HttpServer2.java:addGlobalFilter(975)) - Added global filter 'safety' (class=org.apache.hadoop.http.HttpServer2$QuotingInputFilter)
2019-07-13 20:53:55,822 INFO  http.HttpServer2 (HttpServer2.java:addFilter(948)) - Added filter static_user_filter (class=org.apache.hadoop.http.lib.StaticUserWebFilter$StaticUserFilter) to context hddsDatanode
2019-07-13 20:53:55,822 INFO  http.HttpServer2 (HttpServer2.java:addFilter(958)) - Added filter static_user_filter (class=org.apache.hadoop.http.lib.StaticUserWebFilter$StaticUserFilter) to context static
2019-07-13 20:53:55,822 INFO  http.HttpServer2 (HttpServer2.java:addFilter(958)) - Added filter static_user_filter (class=org.apache.hadoop.http.lib.StaticUserWebFilter$StaticUserFilter) to context logs
2019-07-13 20:53:55,823 INFO  http.HttpServer2 (HttpServer2.java:bindListener(1191)) - Jetty bound to port 43398
2019-07-13 20:53:55,823 INFO  server.Server (Server.java:doStart(351)) - jetty-9.3.24.v20180605, build timestamp: 2018-06-05T17:11:56Z, git hash: 84205aa28f11a4f31f2a3b86d1bba2cc8ab69827
2019-07-13 20:53:55,825 INFO  handler.ContextHandler (ContextHandler.java:doStart(781)) - Started o.e.j.s.ServletContextHandler@2a425cf5{/logs,file:///tmp/workdir/hadoop-ozone/integration-test/target/log,AVAILABLE}
2019-07-13 20:53:55,825 INFO  handler.ContextHandler (ContextHandler.java:doStart(781)) - Started o.e.j.s.ServletContextHandler@40b31a16{/static,jar:file:/home/user/.m2/repository/org/apache/hadoop/hadoop-hdds-container-service/0.5.0-SNAPSHOT/hadoop-hdds-container-service-0.5.0-SNAPSHOT.jar!/webapps/static,AVAILABLE}
2019-07-13 20:53:55,852 INFO  handler.ContextHandler (ContextHandler.java:doStart(781)) - Started o.e.j.w.WebAppContext@702096ef{/,file:///tmp/jetty-0.0.0.0-43398-hddsDatanode-_-any-2278081548033794583.dir/webapp/,AVAILABLE}{/hddsDatanode}
2019-07-13 20:53:55,852 INFO  server.AbstractConnector (AbstractConnector.java:doStart(278)) - Started ServerConnector@5f0d8937{HTTP/1.1,[http/1.1]}{0.0.0.0:43398}
2019-07-13 20:53:55,854 INFO  server.Server (Server.java:doStart(419)) - Started @40570ms
2019-07-13 20:53:55,854 INFO  server.BaseHttpServer (BaseHttpServer.java:updateConnectorAddress(207)) - HTTP server of HDDSDATANODE is listening at http://0.0.0.0:43398
2019-07-13 20:53:55,966 INFO  ozone.HddsDatanodeService (HddsDatanodeService.java:startPlugins(396)) - Started plug-in org.apache.hadoop.ozone.web.OzoneHddsDatanodeService@312f3050
2019-07-13 20:53:55,967 INFO  impl.MetricsSystemImpl (MetricsSystemImpl.java:init(158)) - HddsDatanode metrics system started (again)
2019-07-13 20:53:55,969 INFO  ozone.HddsDatanodeService (HddsDatanodeService.java:start(185)) - HddsDatanodeService host:trunk-nightly-6qp7m-2461138711 ip:192.168.5.168
2019-07-13 20:53:55,970 INFO  util.JvmPauseMonitor (JvmPauseMonitor.java:run(188)) - Starting JVM pause monitor
2019-07-13 20:53:55,972 INFO  datanode.InitDatanodeState (InitDatanodeState.java:persistContainerDatanodeDetails(140)) - DatanodeDetails is persisted to /tmp/workdir/hadoop-ozone/integration-test/target/test-dir/MiniOzoneClusterImpl-d02a6b33-1f58-45b7-82b4-65e749d8c36b/datanode-2/meta/datanode.id
2019-07-13 20:53:55,977 INFO  volume.HddsVolume (HddsVolume.java:<init>(176)) - Creating Volume: /tmp/workdir/hadoop-ozone/integration-test/target/test-dir/MiniOzoneClusterImpl-d02a6b33-1f58-45b7-82b4-65e749d8c36b/datanode-3/data/containers/hdds of  storage type : DISK and capacity : 52710309888
2019-07-13 20:53:55,977 INFO  volume.VolumeSet (VolumeSet.java:initializeVolumeSet(170)) - Added Volume : /tmp/workdir/hadoop-ozone/integration-test/target/test-dir/MiniOzoneClusterImpl-d02a6b33-1f58-45b7-82b4-65e749d8c36b/datanode-3/data/containers/hdds to VolumeSet
2019-07-13 20:53:55,977 INFO  volume.ThrottledAsyncChecker (ThrottledAsyncChecker.java:schedule(140)) - Scheduling a check for org.apache.hadoop.ozone.container.common.volume.HddsVolume@574ebdaf
2019-07-13 20:53:55,978 INFO  volume.HddsVolumeChecker (HddsVolumeChecker.java:checkAllVolumes(203)) - Scheduled health check for volume org.apache.hadoop.ozone.container.common.volume.HddsVolume@574ebdaf
2019-07-13 20:53:55,992 INFO  impl.RaftServerProxy (ConfUtils.java:logGet(43)) - raft.rpc.type = GRPC (default)
2019-07-13 20:53:55,992 INFO  grpc.GrpcFactory (GrpcFactory.java:checkPooledByteBufAllocatorUseCacheForAllThreads(45)) - PERFORMANCE WARNING: useCacheForAllThreads is true that may cause Netty to create a lot garbage objects and, as a result, trigger GC.
	It is recommended to disable useCacheForAllThreads by setting -Dorg.apache.ratis.thirdparty.io.netty.allocator.useCacheForAllThreads=false in command line.
2019-07-13 20:53:55,992 INFO  grpc.GrpcConfigKeys$Server (ConfUtils.java:logGet(43)) - raft.grpc.server.port = 0 (default)
2019-07-13 20:53:55,992 INFO  server.GrpcService (ConfUtils.java:logGet(43)) - raft.grpc.message.size.max = 33570816 (custom)
2019-07-13 20:53:55,993 INFO  server.RaftServerConfigKeys (ConfUtils.java:logGet(43)) - raft.server.log.appender.buffer.byte-limit = 33554432 (custom)
2019-07-13 20:53:55,993 INFO  server.GrpcService (ConfUtils.java:logGet(43)) - raft.grpc.flow.control.window = 1MB (=1048576) (default)
2019-07-13 20:53:55,993 INFO  server.RaftServerConfigKeys (ConfUtils.java:logGet(43)) - raft.server.rpc.request.timeout = 3000ms (default)
2019-07-13 20:53:55,993 INFO  server.RaftServerConfigKeys (ConfUtils.java:logGet(43)) - raft.server.storage.dir = [/tmp/workdir/hadoop-ozone/integration-test/target/test-dir/MiniOzoneClusterImpl-d02a6b33-1f58-45b7-82b4-65e749d8c36b/datanode-3/data/ratis] (custom)
2019-07-13 20:53:55,994 INFO  replication.SimpleContainerDownloader (SimpleContainerDownloader.java:<init>(72)) - Starting container downloader service to copy containers to replicate.
2019-07-13 20:53:55,995 INFO  hdfs.DFSUtil (DFSUtil.java:httpServerTemplateForNNAndJN(1641)) - Starting Web-server for hddsDatanode at: http://0.0.0.0:0
2019-07-13 20:53:55,996 INFO  server.AuthenticationFilter (AuthenticationFilter.java:constructSecretProvider(240)) - Unable to initialize FileSignerSecretProvider, falling back to use random secrets.
2019-07-13 20:53:55,997 WARN  http.HttpRequestLog (HttpRequestLog.java:getRequestLog(97)) - Jetty request log can only be enabled using Log4j
2019-07-13 20:53:55,998 INFO  http.HttpServer2 (HttpServer2.java:addGlobalFilter(975)) - Added global filter 'safety' (class=org.apache.hadoop.http.HttpServer2$QuotingInputFilter)
2019-07-13 20:53:55,998 INFO  http.HttpServer2 (HttpServer2.java:addFilter(948)) - Added filter static_user_filter (class=org.apache.hadoop.http.lib.StaticUserWebFilter$StaticUserFilter) to context hddsDatanode
2019-07-13 20:53:55,998 INFO  http.HttpServer2 (HttpServer2.java:addFilter(958)) - Added filter static_user_filter (class=org.apache.hadoop.http.lib.StaticUserWebFilter$StaticUserFilter) to context logs
2019-07-13 20:53:55,999 INFO  http.HttpServer2 (HttpServer2.java:addFilter(958)) - Added filter static_user_filter (class=org.apache.hadoop.http.lib.StaticUserWebFilter$StaticUserFilter) to context static
2019-07-13 20:53:55,999 INFO  http.HttpServer2 (HttpServer2.java:bindListener(1191)) - Jetty bound to port 33383
2019-07-13 20:53:55,999 INFO  server.Server (Server.java:doStart(351)) - jetty-9.3.24.v20180605, build timestamp: 2018-06-05T17:11:56Z, git hash: 84205aa28f11a4f31f2a3b86d1bba2cc8ab69827
2019-07-13 20:53:56,002 INFO  handler.ContextHandler (ContextHandler.java:doStart(781)) - Started o.e.j.s.ServletContextHandler@1958c0d9{/logs,file:///tmp/workdir/hadoop-ozone/integration-test/target/log,AVAILABLE}
2019-07-13 20:53:56,002 INFO  handler.ContextHandler (ContextHandler.java:doStart(781)) - Started o.e.j.s.ServletContextHandler@100807ca{/static,jar:file:/home/user/.m2/repository/org/apache/hadoop/hadoop-hdds-container-service/0.5.0-SNAPSHOT/hadoop-hdds-container-service-0.5.0-SNAPSHOT.jar!/webapps/static,AVAILABLE}
2019-07-13 20:53:56,029 INFO  handler.ContextHandler (ContextHandler.java:doStart(781)) - Started o.e.j.w.WebAppContext@37986daf{/,file:///tmp/jetty-0.0.0.0-33383-hddsDatanode-_-any-3390253495980964824.dir/webapp/,AVAILABLE}{/hddsDatanode}
2019-07-13 20:53:56,030 INFO  server.AbstractConnector (AbstractConnector.java:doStart(278)) - Started ServerConnector@c82d925{HTTP/1.1,[http/1.1]}{0.0.0.0:33383}
2019-07-13 20:53:56,032 INFO  server.Server (Server.java:doStart(419)) - Started @40748ms
2019-07-13 20:53:56,032 INFO  server.BaseHttpServer (BaseHttpServer.java:updateConnectorAddress(207)) - HTTP server of HDDSDATANODE is listening at http://0.0.0.0:33383
2019-07-13 20:53:56,180 INFO  ozone.HddsDatanodeService (HddsDatanodeService.java:startPlugins(396)) - Started plug-in org.apache.hadoop.ozone.web.OzoneHddsDatanodeService@22899683
2019-07-13 20:53:56,181 INFO  impl.MetricsSystemImpl (MetricsSystemImpl.java:init(158)) - HddsDatanode metrics system started (again)
2019-07-13 20:53:56,183 INFO  ozone.HddsDatanodeService (HddsDatanodeService.java:start(185)) - HddsDatanodeService host:trunk-nightly-6qp7m-2461138711 ip:192.168.5.168
2019-07-13 20:53:56,184 INFO  util.JvmPauseMonitor (JvmPauseMonitor.java:run(188)) - Starting JVM pause monitor
2019-07-13 20:53:56,186 INFO  datanode.InitDatanodeState (InitDatanodeState.java:persistContainerDatanodeDetails(140)) - DatanodeDetails is persisted to /tmp/workdir/hadoop-ozone/integration-test/target/test-dir/MiniOzoneClusterImpl-d02a6b33-1f58-45b7-82b4-65e749d8c36b/datanode-3/meta/datanode.id
2019-07-13 20:53:56,191 INFO  volume.HddsVolume (HddsVolume.java:<init>(176)) - Creating Volume: /tmp/workdir/hadoop-ozone/integration-test/target/test-dir/MiniOzoneClusterImpl-d02a6b33-1f58-45b7-82b4-65e749d8c36b/datanode-4/data/containers/hdds of  storage type : DISK and capacity : 52710309888
2019-07-13 20:53:56,191 INFO  volume.VolumeSet (VolumeSet.java:initializeVolumeSet(170)) - Added Volume : /tmp/workdir/hadoop-ozone/integration-test/target/test-dir/MiniOzoneClusterImpl-d02a6b33-1f58-45b7-82b4-65e749d8c36b/datanode-4/data/containers/hdds to VolumeSet
2019-07-13 20:53:56,192 INFO  volume.ThrottledAsyncChecker (ThrottledAsyncChecker.java:schedule(140)) - Scheduling a check for org.apache.hadoop.ozone.container.common.volume.HddsVolume@15914bb5
2019-07-13 20:53:56,192 INFO  volume.HddsVolumeChecker (HddsVolumeChecker.java:checkAllVolumes(203)) - Scheduled health check for volume org.apache.hadoop.ozone.container.common.volume.HddsVolume@15914bb5
2019-07-13 20:53:56,208 INFO  impl.RaftServerProxy (ConfUtils.java:logGet(43)) - raft.rpc.type = GRPC (default)
2019-07-13 20:53:56,209 INFO  grpc.GrpcFactory (GrpcFactory.java:checkPooledByteBufAllocatorUseCacheForAllThreads(45)) - PERFORMANCE WARNING: useCacheForAllThreads is true that may cause Netty to create a lot garbage objects and, as a result, trigger GC.
	It is recommended to disable useCacheForAllThreads by setting -Dorg.apache.ratis.thirdparty.io.netty.allocator.useCacheForAllThreads=false in command line.
2019-07-13 20:53:56,209 INFO  grpc.GrpcConfigKeys$Server (ConfUtils.java:logGet(43)) - raft.grpc.server.port = 0 (default)
2019-07-13 20:53:56,209 INFO  server.GrpcService (ConfUtils.java:logGet(43)) - raft.grpc.message.size.max = 33570816 (custom)
2019-07-13 20:53:56,209 INFO  server.RaftServerConfigKeys (ConfUtils.java:logGet(43)) - raft.server.log.appender.buffer.byte-limit = 33554432 (custom)
2019-07-13 20:53:56,209 INFO  server.GrpcService (ConfUtils.java:logGet(43)) - raft.grpc.flow.control.window = 1MB (=1048576) (default)
2019-07-13 20:53:56,210 INFO  server.RaftServerConfigKeys (ConfUtils.java:logGet(43)) - raft.server.rpc.request.timeout = 3000ms (default)
2019-07-13 20:53:56,210 INFO  server.RaftServerConfigKeys (ConfUtils.java:logGet(43)) - raft.server.storage.dir = [/tmp/workdir/hadoop-ozone/integration-test/target/test-dir/MiniOzoneClusterImpl-d02a6b33-1f58-45b7-82b4-65e749d8c36b/datanode-4/data/ratis] (custom)
2019-07-13 20:53:56,211 INFO  replication.SimpleContainerDownloader (SimpleContainerDownloader.java:<init>(72)) - Starting container downloader service to copy containers to replicate.
2019-07-13 20:53:56,212 INFO  hdfs.DFSUtil (DFSUtil.java:httpServerTemplateForNNAndJN(1641)) - Starting Web-server for hddsDatanode at: http://0.0.0.0:0
2019-07-13 20:53:56,215 INFO  server.AuthenticationFilter (AuthenticationFilter.java:constructSecretProvider(240)) - Unable to initialize FileSignerSecretProvider, falling back to use random secrets.
2019-07-13 20:53:56,215 WARN  http.HttpRequestLog (HttpRequestLog.java:getRequestLog(97)) - Jetty request log can only be enabled using Log4j
2019-07-13 20:53:56,218 INFO  http.HttpServer2 (HttpServer2.java:addGlobalFilter(975)) - Added global filter 'safety' (class=org.apache.hadoop.http.HttpServer2$QuotingInputFilter)
2019-07-13 20:53:56,219 INFO  http.HttpServer2 (HttpServer2.java:addFilter(948)) - Added filter static_user_filter (class=org.apache.hadoop.http.lib.StaticUserWebFilter$StaticUserFilter) to context hddsDatanode
2019-07-13 20:53:56,219 INFO  http.HttpServer2 (HttpServer2.java:addFilter(958)) - Added filter static_user_filter (class=org.apache.hadoop.http.lib.StaticUserWebFilter$StaticUserFilter) to context static
2019-07-13 20:53:56,219 INFO  http.HttpServer2 (HttpServer2.java:addFilter(958)) - Added filter static_user_filter (class=org.apache.hadoop.http.lib.StaticUserWebFilter$StaticUserFilter) to context logs
2019-07-13 20:53:56,220 INFO  http.HttpServer2 (HttpServer2.java:bindListener(1191)) - Jetty bound to port 39486
2019-07-13 20:53:56,221 INFO  server.Server (Server.java:doStart(351)) - jetty-9.3.24.v20180605, build timestamp: 2018-06-05T17:11:56Z, git hash: 84205aa28f11a4f31f2a3b86d1bba2cc8ab69827
2019-07-13 20:53:56,223 INFO  handler.ContextHandler (ContextHandler.java:doStart(781)) - Started o.e.j.s.ServletContextHandler@4ec8d9b2{/logs,file:///tmp/workdir/hadoop-ozone/integration-test/target/log,AVAILABLE}
2019-07-13 20:53:56,224 INFO  handler.ContextHandler (ContextHandler.java:doStart(781)) - Started o.e.j.s.ServletContextHandler@c0013b8{/static,jar:file:/home/user/.m2/repository/org/apache/hadoop/hadoop-hdds-container-service/0.5.0-SNAPSHOT/hadoop-hdds-container-service-0.5.0-SNAPSHOT.jar!/webapps/static,AVAILABLE}
2019-07-13 20:53:56,270 INFO  handler.ContextHandler (ContextHandler.java:doStart(781)) - Started o.e.j.w.WebAppContext@3add5e17{/,file:///tmp/jetty-0.0.0.0-39486-hddsDatanode-_-any-3173749300616635041.dir/webapp/,AVAILABLE}{/hddsDatanode}
2019-07-13 20:53:56,270 INFO  server.AbstractConnector (AbstractConnector.java:doStart(278)) - Started ServerConnector@1c58d7be{HTTP/1.1,[http/1.1]}{0.0.0.0:39486}
2019-07-13 20:53:56,272 INFO  server.Server (Server.java:doStart(419)) - Started @40988ms
2019-07-13 20:53:56,272 INFO  server.BaseHttpServer (BaseHttpServer.java:updateConnectorAddress(207)) - HTTP server of HDDSDATANODE is listening at http://0.0.0.0:39486
2019-07-13 20:53:56,498 INFO  ozone.HddsDatanodeService (HddsDatanodeService.java:startPlugins(396)) - Started plug-in org.apache.hadoop.ozone.web.OzoneHddsDatanodeService@5599dc60
2019-07-13 20:53:56,498 INFO  impl.MetricsSystemImpl (MetricsSystemImpl.java:init(158)) - HddsDatanode metrics system started (again)
2019-07-13 20:53:56,501 INFO  ozone.HddsDatanodeService (HddsDatanodeService.java:start(185)) - HddsDatanodeService host:trunk-nightly-6qp7m-2461138711 ip:192.168.5.168
2019-07-13 20:53:56,502 INFO  util.JvmPauseMonitor (JvmPauseMonitor.java:run(188)) - Starting JVM pause monitor
2019-07-13 20:53:56,504 INFO  datanode.InitDatanodeState (InitDatanodeState.java:persistContainerDatanodeDetails(140)) - DatanodeDetails is persisted to /tmp/workdir/hadoop-ozone/integration-test/target/test-dir/MiniOzoneClusterImpl-d02a6b33-1f58-45b7-82b4-65e749d8c36b/datanode-4/meta/datanode.id
2019-07-13 20:53:56,510 INFO  volume.HddsVolume (HddsVolume.java:<init>(176)) - Creating Volume: /tmp/workdir/hadoop-ozone/integration-test/target/test-dir/MiniOzoneClusterImpl-d02a6b33-1f58-45b7-82b4-65e749d8c36b/datanode-5/data/containers/hdds of  storage type : DISK and capacity : 52710309888
2019-07-13 20:53:56,511 INFO  volume.VolumeSet (VolumeSet.java:initializeVolumeSet(170)) - Added Volume : /tmp/workdir/hadoop-ozone/integration-test/target/test-dir/MiniOzoneClusterImpl-d02a6b33-1f58-45b7-82b4-65e749d8c36b/datanode-5/data/containers/hdds to VolumeSet
2019-07-13 20:53:56,511 INFO  volume.ThrottledAsyncChecker (ThrottledAsyncChecker.java:schedule(140)) - Scheduling a check for org.apache.hadoop.ozone.container.common.volume.HddsVolume@2fdf7da2
2019-07-13 20:53:56,511 INFO  volume.HddsVolumeChecker (HddsVolumeChecker.java:checkAllVolumes(203)) - Scheduled health check for volume org.apache.hadoop.ozone.container.common.volume.HddsVolume@2fdf7da2
2019-07-13 20:53:56,532 INFO  impl.RaftServerProxy (ConfUtils.java:logGet(43)) - raft.rpc.type = GRPC (default)
2019-07-13 20:53:56,532 INFO  grpc.GrpcFactory (GrpcFactory.java:checkPooledByteBufAllocatorUseCacheForAllThreads(45)) - PERFORMANCE WARNING: useCacheForAllThreads is true that may cause Netty to create a lot garbage objects and, as a result, trigger GC.
	It is recommended to disable useCacheForAllThreads by setting -Dorg.apache.ratis.thirdparty.io.netty.allocator.useCacheForAllThreads=false in command line.
2019-07-13 20:53:56,532 INFO  grpc.GrpcConfigKeys$Server (ConfUtils.java:logGet(43)) - raft.grpc.server.port = 0 (default)
2019-07-13 20:53:56,532 INFO  server.GrpcService (ConfUtils.java:logGet(43)) - raft.grpc.message.size.max = 33570816 (custom)
2019-07-13 20:53:56,533 INFO  server.RaftServerConfigKeys (ConfUtils.java:logGet(43)) - raft.server.log.appender.buffer.byte-limit = 33554432 (custom)
2019-07-13 20:53:56,533 INFO  server.GrpcService (ConfUtils.java:logGet(43)) - raft.grpc.flow.control.window = 1MB (=1048576) (default)
2019-07-13 20:53:56,533 INFO  server.RaftServerConfigKeys (ConfUtils.java:logGet(43)) - raft.server.rpc.request.timeout = 3000ms (default)
2019-07-13 20:53:56,533 INFO  server.RaftServerConfigKeys (ConfUtils.java:logGet(43)) - raft.server.storage.dir = [/tmp/workdir/hadoop-ozone/integration-test/target/test-dir/MiniOzoneClusterImpl-d02a6b33-1f58-45b7-82b4-65e749d8c36b/datanode-5/data/ratis] (custom)
2019-07-13 20:53:56,534 INFO  replication.SimpleContainerDownloader (SimpleContainerDownloader.java:<init>(72)) - Starting container downloader service to copy containers to replicate.
2019-07-13 20:53:56,535 INFO  hdfs.DFSUtil (DFSUtil.java:httpServerTemplateForNNAndJN(1641)) - Starting Web-server for hddsDatanode at: http://0.0.0.0:0
2019-07-13 20:53:56,536 INFO  server.AuthenticationFilter (AuthenticationFilter.java:constructSecretProvider(240)) - Unable to initialize FileSignerSecretProvider, falling back to use random secrets.
2019-07-13 20:53:56,537 WARN  http.HttpRequestLog (HttpRequestLog.java:getRequestLog(97)) - Jetty request log can only be enabled using Log4j
2019-07-13 20:53:56,538 INFO  http.HttpServer2 (HttpServer2.java:addGlobalFilter(975)) - Added global filter 'safety' (class=org.apache.hadoop.http.HttpServer2$QuotingInputFilter)
2019-07-13 20:53:56,539 INFO  http.HttpServer2 (HttpServer2.java:addFilter(948)) - Added filter static_user_filter (class=org.apache.hadoop.http.lib.StaticUserWebFilter$StaticUserFilter) to context hddsDatanode
2019-07-13 20:53:56,539 INFO  http.HttpServer2 (HttpServer2.java:addFilter(958)) - Added filter static_user_filter (class=org.apache.hadoop.http.lib.StaticUserWebFilter$StaticUserFilter) to context static
2019-07-13 20:53:56,539 INFO  http.HttpServer2 (HttpServer2.java:addFilter(958)) - Added filter static_user_filter (class=org.apache.hadoop.http.lib.StaticUserWebFilter$StaticUserFilter) to context logs
2019-07-13 20:53:56,540 INFO  http.HttpServer2 (HttpServer2.java:bindListener(1191)) - Jetty bound to port 33812
2019-07-13 20:53:56,540 INFO  server.Server (Server.java:doStart(351)) - jetty-9.3.24.v20180605, build timestamp: 2018-06-05T17:11:56Z, git hash: 84205aa28f11a4f31f2a3b86d1bba2cc8ab69827
2019-07-13 20:53:56,542 INFO  handler.ContextHandler (ContextHandler.java:doStart(781)) - Started o.e.j.s.ServletContextHandler@7853363c{/logs,file:///tmp/workdir/hadoop-ozone/integration-test/target/log,AVAILABLE}
2019-07-13 20:53:56,542 INFO  handler.ContextHandler (ContextHandler.java:doStart(781)) - Started o.e.j.s.ServletContextHandler@120d6cbf{/static,jar:file:/home/user/.m2/repository/org/apache/hadoop/hadoop-hdds-container-service/0.5.0-SNAPSHOT/hadoop-hdds-container-service-0.5.0-SNAPSHOT.jar!/webapps/static,AVAILABLE}
2019-07-13 20:53:56,571 INFO  handler.ContextHandler (ContextHandler.java:doStart(781)) - Started o.e.j.w.WebAppContext@432a6a69{/,file:///tmp/jetty-0.0.0.0-33812-hddsDatanode-_-any-3185666840939310480.dir/webapp/,AVAILABLE}{/hddsDatanode}
2019-07-13 20:53:56,571 INFO  server.AbstractConnector (AbstractConnector.java:doStart(278)) - Started ServerConnector@6f52a229{HTTP/1.1,[http/1.1]}{0.0.0.0:33812}
2019-07-13 20:53:56,573 INFO  server.Server (Server.java:doStart(419)) - Started @41289ms
2019-07-13 20:53:56,573 INFO  server.BaseHttpServer (BaseHttpServer.java:updateConnectorAddress(207)) - HTTP server of HDDSDATANODE is listening at http://0.0.0.0:33812
2019-07-13 20:53:56,680 INFO  ozone.HddsDatanodeService (HddsDatanodeService.java:startPlugins(396)) - Started plug-in org.apache.hadoop.ozone.web.OzoneHddsDatanodeService@35524549
2019-07-13 20:53:56,680 INFO  impl.MetricsSystemImpl (MetricsSystemImpl.java:init(158)) - HddsDatanode metrics system started (again)
2019-07-13 20:53:56,683 INFO  ozone.HddsDatanodeService (HddsDatanodeService.java:start(185)) - HddsDatanodeService host:trunk-nightly-6qp7m-2461138711 ip:192.168.5.168
2019-07-13 20:53:56,684 INFO  util.JvmPauseMonitor (JvmPauseMonitor.java:run(188)) - Starting JVM pause monitor
2019-07-13 20:53:56,687 INFO  datanode.InitDatanodeState (InitDatanodeState.java:persistContainerDatanodeDetails(140)) - DatanodeDetails is persisted to /tmp/workdir/hadoop-ozone/integration-test/target/test-dir/MiniOzoneClusterImpl-d02a6b33-1f58-45b7-82b4-65e749d8c36b/datanode-5/meta/datanode.id
2019-07-13 20:53:56,692 INFO  volume.HddsVolume (HddsVolume.java:<init>(176)) - Creating Volume: /tmp/workdir/hadoop-ozone/integration-test/target/test-dir/MiniOzoneClusterImpl-d02a6b33-1f58-45b7-82b4-65e749d8c36b/datanode-6/data/containers/hdds of  storage type : DISK and capacity : 52710309888
2019-07-13 20:53:56,692 INFO  volume.VolumeSet (VolumeSet.java:initializeVolumeSet(170)) - Added Volume : /tmp/workdir/hadoop-ozone/integration-test/target/test-dir/MiniOzoneClusterImpl-d02a6b33-1f58-45b7-82b4-65e749d8c36b/datanode-6/data/containers/hdds to VolumeSet
2019-07-13 20:53:56,693 INFO  volume.ThrottledAsyncChecker (ThrottledAsyncChecker.java:schedule(140)) - Scheduling a check for org.apache.hadoop.ozone.container.common.volume.HddsVolume@7286827b
2019-07-13 20:53:56,693 INFO  volume.HddsVolumeChecker (HddsVolumeChecker.java:checkAllVolumes(203)) - Scheduled health check for volume org.apache.hadoop.ozone.container.common.volume.HddsVolume@7286827b
2019-07-13 20:53:56,707 INFO  impl.RaftServerProxy (ConfUtils.java:logGet(43)) - raft.rpc.type = GRPC (default)
2019-07-13 20:53:56,708 INFO  grpc.GrpcFactory (GrpcFactory.java:checkPooledByteBufAllocatorUseCacheForAllThreads(45)) - PERFORMANCE WARNING: useCacheForAllThreads is true that may cause Netty to create a lot garbage objects and, as a result, trigger GC.
	It is recommended to disable useCacheForAllThreads by setting -Dorg.apache.ratis.thirdparty.io.netty.allocator.useCacheForAllThreads=false in command line.
2019-07-13 20:53:56,708 INFO  grpc.GrpcConfigKeys$Server (ConfUtils.java:logGet(43)) - raft.grpc.server.port = 0 (default)
2019-07-13 20:53:56,708 INFO  server.GrpcService (ConfUtils.java:logGet(43)) - raft.grpc.message.size.max = 33570816 (custom)
2019-07-13 20:53:56,708 INFO  server.RaftServerConfigKeys (ConfUtils.java:logGet(43)) - raft.server.log.appender.buffer.byte-limit = 33554432 (custom)
2019-07-13 20:53:56,708 INFO  server.GrpcService (ConfUtils.java:logGet(43)) - raft.grpc.flow.control.window = 1MB (=1048576) (default)
2019-07-13 20:53:56,708 INFO  server.RaftServerConfigKeys (ConfUtils.java:logGet(43)) - raft.server.rpc.request.timeout = 3000ms (default)
2019-07-13 20:53:56,709 INFO  server.RaftServerConfigKeys (ConfUtils.java:logGet(43)) - raft.server.storage.dir = [/tmp/workdir/hadoop-ozone/integration-test/target/test-dir/MiniOzoneClusterImpl-d02a6b33-1f58-45b7-82b4-65e749d8c36b/datanode-6/data/ratis] (custom)
2019-07-13 20:53:56,709 INFO  replication.SimpleContainerDownloader (SimpleContainerDownloader.java:<init>(72)) - Starting container downloader service to copy containers to replicate.
2019-07-13 20:53:56,710 INFO  hdfs.DFSUtil (DFSUtil.java:httpServerTemplateForNNAndJN(1641)) - Starting Web-server for hddsDatanode at: http://0.0.0.0:0
2019-07-13 20:53:56,711 INFO  server.AuthenticationFilter (AuthenticationFilter.java:constructSecretProvider(240)) - Unable to initialize FileSignerSecretProvider, falling back to use random secrets.
2019-07-13 20:53:56,712 WARN  http.HttpRequestLog (HttpRequestLog.java:getRequestLog(97)) - Jetty request log can only be enabled using Log4j
2019-07-13 20:53:56,713 INFO  http.HttpServer2 (HttpServer2.java:addGlobalFilter(975)) - Added global filter 'safety' (class=org.apache.hadoop.http.HttpServer2$QuotingInputFilter)
2019-07-13 20:53:56,713 INFO  http.HttpServer2 (HttpServer2.java:addFilter(948)) - Added filter static_user_filter (class=org.apache.hadoop.http.lib.StaticUserWebFilter$StaticUserFilter) to context hddsDatanode
2019-07-13 20:53:56,713 INFO  http.HttpServer2 (HttpServer2.java:addFilter(958)) - Added filter static_user_filter (class=org.apache.hadoop.http.lib.StaticUserWebFilter$StaticUserFilter) to context static
2019-07-13 20:53:56,714 INFO  http.HttpServer2 (HttpServer2.java:addFilter(958)) - Added filter static_user_filter (class=org.apache.hadoop.http.lib.StaticUserWebFilter$StaticUserFilter) to context logs
2019-07-13 20:53:56,714 INFO  http.HttpServer2 (HttpServer2.java:bindListener(1191)) - Jetty bound to port 43847
2019-07-13 20:53:56,714 INFO  server.Server (Server.java:doStart(351)) - jetty-9.3.24.v20180605, build timestamp: 2018-06-05T17:11:56Z, git hash: 84205aa28f11a4f31f2a3b86d1bba2cc8ab69827
2019-07-13 20:53:56,716 INFO  handler.ContextHandler (ContextHandler.java:doStart(781)) - Started o.e.j.s.ServletContextHandler@6f655dbd{/logs,file:///tmp/workdir/hadoop-ozone/integration-test/target/log,AVAILABLE}
2019-07-13 20:53:56,716 INFO  handler.ContextHandler (ContextHandler.java:doStart(781)) - Started o.e.j.s.ServletContextHandler@7ac1b6c0{/static,jar:file:/home/user/.m2/repository/org/apache/hadoop/hadoop-hdds-container-service/0.5.0-SNAPSHOT/hadoop-hdds-container-service-0.5.0-SNAPSHOT.jar!/webapps/static,AVAILABLE}
2019-07-13 20:53:56,743 INFO  handler.ContextHandler (ContextHandler.java:doStart(781)) - Started o.e.j.w.WebAppContext@18ac4af6{/,file:///tmp/jetty-0.0.0.0-43847-hddsDatanode-_-any-3294492893929209977.dir/webapp/,AVAILABLE}{/hddsDatanode}
2019-07-13 20:53:56,743 INFO  server.AbstractConnector (AbstractConnector.java:doStart(278)) - Started ServerConnector@117fb9ba{HTTP/1.1,[http/1.1]}{0.0.0.0:43847}
2019-07-13 20:53:56,745 INFO  server.Server (Server.java:doStart(419)) - Started @41461ms
2019-07-13 20:53:56,745 INFO  server.BaseHttpServer (BaseHttpServer.java:updateConnectorAddress(207)) - HTTP server of HDDSDATANODE is listening at http://0.0.0.0:43847
2019-07-13 20:53:56,848 INFO  ozone.HddsDatanodeService (HddsDatanodeService.java:startPlugins(396)) - Started plug-in org.apache.hadoop.ozone.web.OzoneHddsDatanodeService@115ef673
2019-07-13 20:53:56,849 INFO  ozone.MiniOzoneClusterImpl (MiniOzoneClusterImpl.java:lambda$waitForClusterToBeReady$0(142)) - Waiting for cluster to be ready. Got 0 of 7 DN Heartbeats.
2019-07-13 20:53:56,852 INFO  util.JvmPauseMonitor (JvmPauseMonitor.java:run(188)) - Starting JVM pause monitor
2019-07-13 20:53:56,854 INFO  datanode.InitDatanodeState (InitDatanodeState.java:persistContainerDatanodeDetails(140)) - DatanodeDetails is persisted to /tmp/workdir/hadoop-ozone/integration-test/target/test-dir/MiniOzoneClusterImpl-d02a6b33-1f58-45b7-82b4-65e749d8c36b/datanode-6/meta/datanode.id
2019-07-13 20:53:57,602 INFO  ozoneimpl.OzoneContainer (OzoneContainer.java:start(186)) - Attempting to start container services.
2019-07-13 20:53:57,605 INFO  ozoneimpl.OzoneContainer (OzoneContainer.java:startContainerScrub(160)) - Background container scrubber has been disabled by hdds.containerscrub.enabled
2019-07-13 20:53:57,605 INFO  ratis.XceiverServerRatis (XceiverServerRatis.java:start(418)) - Starting XceiverServerRatis 216a4753-b6ed-443c-b053-bd35568ad21c at port 0
2019-07-13 20:53:57,612 INFO  impl.RaftServerProxy (RaftServerProxy.java:lambda$start$3(299)) - 216a4753-b6ed-443c-b053-bd35568ad21c: start RPC server
2019-07-13 20:53:57,614 INFO  server.GrpcService (GrpcService.java:startImpl(149)) - 216a4753-b6ed-443c-b053-bd35568ad21c: GrpcService started, listening on 0.0.0.0/0.0.0.0:33546
2019-07-13 20:53:57,614 INFO  ratis.XceiverServerRatis (XceiverServerRatis.java:start(428)) - XceiverServerRatis 216a4753-b6ed-443c-b053-bd35568ad21c is started using port 33546
2019-07-13 20:53:57,615 INFO  server.XceiverServerGrpc (XceiverServerGrpc.java:start(161)) - XceiverServerGrpc 216a4753-b6ed-443c-b053-bd35568ad21c is started using port 34105
2019-07-13 20:53:57,810 INFO  ozoneimpl.OzoneContainer (OzoneContainer.java:start(186)) - Attempting to start container services.
2019-07-13 20:53:57,813 INFO  ozoneimpl.OzoneContainer (OzoneContainer.java:startContainerScrub(160)) - Background container scrubber has been disabled by hdds.containerscrub.enabled
2019-07-13 20:53:57,813 INFO  ratis.XceiverServerRatis (XceiverServerRatis.java:start(418)) - Starting XceiverServerRatis 0c9e860d-8934-4034-81f7-fa21ad4a8723 at port 0
2019-07-13 20:53:57,821 INFO  impl.RaftServerProxy (RaftServerProxy.java:lambda$start$3(299)) - 0c9e860d-8934-4034-81f7-fa21ad4a8723: start RPC server
2019-07-13 20:53:57,822 INFO  server.GrpcService (GrpcService.java:startImpl(149)) - 0c9e860d-8934-4034-81f7-fa21ad4a8723: GrpcService started, listening on 0.0.0.0/0.0.0.0:44552
2019-07-13 20:53:57,822 INFO  ratis.XceiverServerRatis (XceiverServerRatis.java:start(428)) - XceiverServerRatis 0c9e860d-8934-4034-81f7-fa21ad4a8723 is started using port 44552
2019-07-13 20:53:57,829 INFO  server.XceiverServerGrpc (XceiverServerGrpc.java:start(161)) - XceiverServerGrpc 0c9e860d-8934-4034-81f7-fa21ad4a8723 is started using port 33026
2019-07-13 20:53:57,849 INFO  ozone.MiniOzoneClusterImpl (MiniOzoneClusterImpl.java:lambda$waitForClusterToBeReady$0(142)) - Waiting for cluster to be ready. Got 0 of 7 DN Heartbeats.
2019-07-13 20:53:57,975 INFO  ozoneimpl.OzoneContainer (OzoneContainer.java:start(186)) - Attempting to start container services.
2019-07-13 20:53:57,981 INFO  ozoneimpl.OzoneContainer (OzoneContainer.java:startContainerScrub(160)) - Background container scrubber has been disabled by hdds.containerscrub.enabled
2019-07-13 20:53:57,981 INFO  ratis.XceiverServerRatis (XceiverServerRatis.java:start(418)) - Starting XceiverServerRatis 4b04d24d-1392-469c-a931-6fc9a672a38d at port 0
2019-07-13 20:53:57,988 INFO  impl.RaftServerProxy (RaftServerProxy.java:lambda$start$3(299)) - 4b04d24d-1392-469c-a931-6fc9a672a38d: start RPC server
2019-07-13 20:53:57,991 INFO  server.GrpcService (GrpcService.java:startImpl(149)) - 4b04d24d-1392-469c-a931-6fc9a672a38d: GrpcService started, listening on 0.0.0.0/0.0.0.0:42588
2019-07-13 20:53:57,991 INFO  ratis.XceiverServerRatis (XceiverServerRatis.java:start(428)) - XceiverServerRatis 4b04d24d-1392-469c-a931-6fc9a672a38d is started using port 42588
2019-07-13 20:53:57,999 INFO  server.XceiverServerGrpc (XceiverServerGrpc.java:start(161)) - XceiverServerGrpc 4b04d24d-1392-469c-a931-6fc9a672a38d is started using port 44473
2019-07-13 20:53:58,192 INFO  ozoneimpl.OzoneContainer (OzoneContainer.java:start(186)) - Attempting to start container services.
2019-07-13 20:53:58,192 INFO  ozoneimpl.OzoneContainer (OzoneContainer.java:startContainerScrub(160)) - Background container scrubber has been disabled by hdds.containerscrub.enabled
2019-07-13 20:53:58,192 INFO  ratis.XceiverServerRatis (XceiverServerRatis.java:start(418)) - Starting XceiverServerRatis 8a1c7d23-f7ea-4407-91b8-7f954e7d1576 at port 0
2019-07-13 20:53:58,200 INFO  impl.RaftServerProxy (RaftServerProxy.java:lambda$start$3(299)) - 8a1c7d23-f7ea-4407-91b8-7f954e7d1576: start RPC server
2019-07-13 20:53:58,204 INFO  server.GrpcService (GrpcService.java:startImpl(149)) - 8a1c7d23-f7ea-4407-91b8-7f954e7d1576: GrpcService started, listening on 0.0.0.0/0.0.0.0:33009
2019-07-13 20:53:58,204 INFO  ratis.XceiverServerRatis (XceiverServerRatis.java:start(428)) - XceiverServerRatis 8a1c7d23-f7ea-4407-91b8-7f954e7d1576 is started using port 33009
2019-07-13 20:53:58,205 INFO  server.XceiverServerGrpc (XceiverServerGrpc.java:start(161)) - XceiverServerGrpc 8a1c7d23-f7ea-4407-91b8-7f954e7d1576 is started using port 44379
2019-07-13 20:53:58,509 INFO  ozoneimpl.OzoneContainer (OzoneContainer.java:start(186)) - Attempting to start container services.
2019-07-13 20:53:58,509 INFO  ozoneimpl.OzoneContainer (OzoneContainer.java:startContainerScrub(160)) - Background container scrubber has been disabled by hdds.containerscrub.enabled
2019-07-13 20:53:58,510 INFO  ratis.XceiverServerRatis (XceiverServerRatis.java:start(418)) - Starting XceiverServerRatis 6895d720-a821-4f7b-972d-a231886c7842 at port 0
2019-07-13 20:53:58,517 INFO  impl.RaftServerProxy (RaftServerProxy.java:lambda$start$3(299)) - 6895d720-a821-4f7b-972d-a231886c7842: start RPC server
2019-07-13 20:53:58,521 INFO  server.GrpcService (GrpcService.java:startImpl(149)) - 6895d720-a821-4f7b-972d-a231886c7842: GrpcService started, listening on 0.0.0.0/0.0.0.0:38542
2019-07-13 20:53:58,521 INFO  ratis.XceiverServerRatis (XceiverServerRatis.java:start(428)) - XceiverServerRatis 6895d720-a821-4f7b-972d-a231886c7842 is started using port 38542
2019-07-13 20:53:58,524 INFO  server.XceiverServerGrpc (XceiverServerGrpc.java:start(161)) - XceiverServerGrpc 6895d720-a821-4f7b-972d-a231886c7842 is started using port 33671
2019-07-13 20:53:58,697 INFO  ozoneimpl.OzoneContainer (OzoneContainer.java:start(186)) - Attempting to start container services.
2019-07-13 20:53:58,697 INFO  ozoneimpl.OzoneContainer (OzoneContainer.java:startContainerScrub(160)) - Background container scrubber has been disabled by hdds.containerscrub.enabled
2019-07-13 20:53:58,697 INFO  ratis.XceiverServerRatis (XceiverServerRatis.java:start(418)) - Starting XceiverServerRatis a044f00e-1f1f-47f2-9345-b9fd97c8a7a9 at port 0
2019-07-13 20:53:58,705 INFO  impl.RaftServerProxy (RaftServerProxy.java:lambda$start$3(299)) - a044f00e-1f1f-47f2-9345-b9fd97c8a7a9: start RPC server
2019-07-13 20:53:58,706 INFO  server.GrpcService (GrpcService.java:startImpl(149)) - a044f00e-1f1f-47f2-9345-b9fd97c8a7a9: GrpcService started, listening on 0.0.0.0/0.0.0.0:43103
2019-07-13 20:53:58,706 INFO  ratis.XceiverServerRatis (XceiverServerRatis.java:start(428)) - XceiverServerRatis a044f00e-1f1f-47f2-9345-b9fd97c8a7a9 is started using port 43103
2019-07-13 20:53:58,707 INFO  server.XceiverServerGrpc (XceiverServerGrpc.java:start(161)) - XceiverServerGrpc a044f00e-1f1f-47f2-9345-b9fd97c8a7a9 is started using port 39068
2019-07-13 20:53:58,850 INFO  ozone.MiniOzoneClusterImpl (MiniOzoneClusterImpl.java:lambda$waitForClusterToBeReady$0(142)) - Waiting for cluster to be ready. Got 0 of 7 DN Heartbeats.
2019-07-13 20:53:58,858 INFO  ozoneimpl.OzoneContainer (OzoneContainer.java:start(186)) - Attempting to start container services.
2019-07-13 20:53:58,859 INFO  ozoneimpl.OzoneContainer (OzoneContainer.java:startContainerScrub(160)) - Background container scrubber has been disabled by hdds.containerscrub.enabled
2019-07-13 20:53:58,859 INFO  ratis.XceiverServerRatis (XceiverServerRatis.java:start(418)) - Starting XceiverServerRatis 21ac3a48-4226-4f71-b041-054c907dbe16 at port 0
2019-07-13 20:53:58,866 INFO  impl.RaftServerProxy (RaftServerProxy.java:lambda$start$3(299)) - 21ac3a48-4226-4f71-b041-054c907dbe16: start RPC server
2019-07-13 20:53:58,867 INFO  server.GrpcService (GrpcService.java:startImpl(149)) - 21ac3a48-4226-4f71-b041-054c907dbe16: GrpcService started, listening on 0.0.0.0/0.0.0.0:43918
2019-07-13 20:53:58,867 INFO  ratis.XceiverServerRatis (XceiverServerRatis.java:start(428)) - XceiverServerRatis 21ac3a48-4226-4f71-b041-054c907dbe16 is started using port 43918
2019-07-13 20:53:58,870 INFO  server.XceiverServerGrpc (XceiverServerGrpc.java:start(161)) - XceiverServerGrpc 21ac3a48-4226-4f71-b041-054c907dbe16 is started using port 34512
2019-07-13 20:53:59,582 INFO  net.NetworkTopology (NetworkTopologyImpl.java:add(110)) - Added a new node: /default-rack/192.168.5.168
2019-07-13 20:53:59,585 INFO  node.SCMNodeManager (SCMNodeManager.java:register(269)) - Registered Data node : 216a4753-b6ed-443c-b053-bd35568ad21c{ip: 192.168.5.168, host: trunk-nightly-6qp7m-2461138711, networkLocation: /default-rack, certSerialId: null}
2019-07-13 20:53:59,586 INFO  safemode.SCMSafeModeManager (DataNodeSafeModeRule.java:process(71)) - SCM in safe mode. 1 DataNodes registered, 1 required.
2019-07-13 20:53:59,588 INFO  safemode.SCMSafeModeManager (SCMSafeModeManager.java:validateSafeModeExitRules(177)) - ScmSafeModeManager, all rules are successfully validated
2019-07-13 20:53:59,589 INFO  safemode.SCMSafeModeManager (SCMSafeModeManager.java:exitSafeMode(193)) - SCM exiting safe mode.
2019-07-13 20:53:59,604 INFO  impl.RaftServerProxy (RaftServerProxy.java:addNew(89)) - 216a4753-b6ed-443c-b053-bd35568ad21c: addNew group-9D4DD3D08546:[216a4753-b6ed-443c-b053-bd35568ad21c:192.168.5.168:33546] returns group-9D4DD3D08546:java.util.concurrent.CompletableFuture@1f6d8b7b[Not completed]
2019-07-13 20:53:59,606 INFO  impl.RaftServerImpl (RaftServerImpl.java:<init>(93)) - 216a4753-b6ed-443c-b053-bd35568ad21c: new RaftServerImpl for group-9D4DD3D08546:[216a4753-b6ed-443c-b053-bd35568ad21c:192.168.5.168:33546] with ContainerStateMachine:uninitialized
2019-07-13 20:53:59,606 INFO  server.RaftServerConfigKeys (ConfUtils.java:logGet(43)) - raft.server.rpc.timeout.min = 5s (custom)
2019-07-13 20:53:59,607 INFO  server.RaftServerConfigKeys (ConfUtils.java:logGet(43)) - raft.server.rpc.timeout.max = 5200ms (custom)
2019-07-13 20:53:59,607 INFO  server.RaftServerConfigKeys (ConfUtils.java:logGet(43)) - raft.server.rpcslowness.timeout = 120s (custom)
2019-07-13 20:53:59,607 INFO  server.RaftServerConfigKeys (ConfUtils.java:logGet(43)) - raft.server.sleep.deviation.threshold = 300 (default)
2019-07-13 20:53:59,607 INFO  server.RaftServerConfigKeys (ConfUtils.java:logGet(43)) - raft.server.log.appender.install.snapshot.enabled = false (custom)
2019-07-13 20:53:59,607 INFO  impl.RaftServerImpl (ServerState.java:<init>(105)) - 216a4753-b6ed-443c-b053-bd35568ad21c:group-9D4DD3D08546 ConfigurationManager, init=-1: [216a4753-b6ed-443c-b053-bd35568ad21c:192.168.5.168:33546], old=null, confs=<EMPTY_MAP>
2019-07-13 20:53:59,608 INFO  server.RaftServerConfigKeys (ConfUtils.java:logGet(43)) - raft.server.storage.dir = [/tmp/workdir/hadoop-ozone/integration-test/target/test-dir/MiniOzoneClusterImpl-d02a6b33-1f58-45b7-82b4-65e749d8c36b/datanode-0/data/ratis] (custom)
2019-07-13 20:53:59,608 INFO  storage.RaftStorageDirectory (RaftStorageDirectory.java:analyzeStorage(246)) - The storage directory /tmp/workdir/hadoop-ozone/integration-test/target/test-dir/MiniOzoneClusterImpl-d02a6b33-1f58-45b7-82b4-65e749d8c36b/datanode-0/data/ratis/1b862a9f-5aa8-498f-a6ff-9d4dd3d08546 does not exist. Creating ...
2019-07-13 20:53:59,624 INFO  storage.RaftStorageDirectory (RaftStorageDirectory.java:tryLock(328)) - Lock on /tmp/workdir/hadoop-ozone/integration-test/target/test-dir/MiniOzoneClusterImpl-d02a6b33-1f58-45b7-82b4-65e749d8c36b/datanode-0/data/ratis/1b862a9f-5aa8-498f-a6ff-9d4dd3d08546/in_use.lock acquired by nodename 12100@trunk-nightly-6qp7m-2461138711
2019-07-13 20:53:59,627 INFO  storage.RaftStorage (RaftStorage.java:format(72)) - Storage directory /tmp/workdir/hadoop-ozone/integration-test/target/test-dir/MiniOzoneClusterImpl-d02a6b33-1f58-45b7-82b4-65e749d8c36b/datanode-0/data/ratis/1b862a9f-5aa8-498f-a6ff-9d4dd3d08546 has been successfully formatted.
2019-07-13 20:53:59,628 INFO  ratis.ContainerStateMachine (ContainerStateMachine.java:loadSnapshot(200)) - The snapshot info is null.Setting the last applied index to:(t:0, i:~)
2019-07-13 20:53:59,628 INFO  server.RaftServerConfigKeys (ConfUtils.java:logGet(43)) - raft.server.leader.election.timeout = 120s (custom)
2019-07-13 20:53:59,628 INFO  server.RaftServerConfigKeys (ConfUtils.java:logGet(43)) - raft.server.log.use.memory = false (default)
2019-07-13 20:53:59,628 INFO  server.RaftServerConfigKeys (ConfUtils.java:logGet(43)) - raft.server.log.purge.gap = 1000000000 (custom)
2019-07-13 20:53:59,628 INFO  server.RaftServerConfigKeys (ConfUtils.java:logGet(43)) - raft.server.log.appender.buffer.byte-limit = 33554432 (custom)
2019-07-13 20:53:59,629 INFO  server.RaftServerConfigKeys (ConfUtils.java:logGet(43)) - raft.server.log.segment.size.max = 1048576 (custom)
2019-07-13 20:53:59,629 INFO  server.RaftServerConfigKeys (ConfUtils.java:logGet(43)) - raft.server.log.segment.cache.num.max = 2 (custom)
2019-07-13 20:53:59,629 INFO  segmented.SegmentedRaftLogWorker (SegmentedRaftLogWorker.java:<init>(172)) - new 216a4753-b6ed-443c-b053-bd35568ad21c-SegmentedRaftLogWorker:Storage Directory /tmp/workdir/hadoop-ozone/integration-test/target/test-dir/MiniOzoneClusterImpl-d02a6b33-1f58-45b7-82b4-65e749d8c36b/datanode-0/data/ratis/1b862a9f-5aa8-498f-a6ff-9d4dd3d08546 for RaftStorage:Storage Directory /tmp/workdir/hadoop-ozone/integration-test/target/test-dir/MiniOzoneClusterImpl-d02a6b33-1f58-45b7-82b4-65e749d8c36b/datanode-0/data/ratis/1b862a9f-5aa8-498f-a6ff-9d4dd3d08546
2019-07-13 20:53:59,629 INFO  server.RaftServerConfigKeys (ConfUtils.java:logGet(43)) - raft.server.log.queue.byte-limit = 2147483647 (custom)
2019-07-13 20:53:59,629 INFO  server.RaftServerConfigKeys (ConfUtils.java:logGet(43)) - raft.server.log.queue.element-limit = 1024 (custom)
2019-07-13 20:53:59,630 INFO  server.RaftServerConfigKeys (ConfUtils.java:logGet(43)) - raft.server.log.segment.size.max = 1048576 (custom)
2019-07-13 20:53:59,630 INFO  server.RaftServerConfigKeys (ConfUtils.java:logGet(43)) - raft.server.log.preallocated.size = 16384 (custom)
2019-07-13 20:53:59,630 INFO  server.RaftServerConfigKeys (ConfUtils.java:logGet(43)) - raft.server.log.write.buffer.size = 33554432 (custom)
2019-07-13 20:53:59,631 INFO  server.RaftServerConfigKeys (ConfUtils.java:logGet(43)) - raft.server.log.force.sync.num = 128 (default)
2019-07-13 20:53:59,631 INFO  server.RaftServerConfigKeys (ConfUtils.java:logGet(43)) - raft.server.log.statemachine.data.sync = true (default)
2019-07-13 20:53:59,631 INFO  server.RaftServerConfigKeys (ConfUtils.java:logGet(43)) - raft.server.log.statemachine.data.sync.timeout = 10s (default)
2019-07-13 20:53:59,631 INFO  server.RaftServerConfigKeys (ConfUtils.java:logGet(43)) - raft.server.log.statemachine.data.sync.timeout.retry = -1 (default)
2019-07-13 20:53:59,632 INFO  server.RaftServerConfigKeys (ConfUtils.java:logGet(43)) - raft.server.log.statemachine.data.caching.enabled = true (custom)
2019-07-13 20:53:59,632 INFO  segmented.SegmentedRaftLogWorker (SegmentedRaftLogWorker.java:lambda$new$0(132)) - 216a4753-b6ed-443c-b053-bd35568ad21c-SegmentedRaftLogWorker:Storage Directory /tmp/workdir/hadoop-ozone/integration-test/target/test-dir/MiniOzoneClusterImpl-d02a6b33-1f58-45b7-82b4-65e749d8c36b/datanode-0/data/ratis/1b862a9f-5aa8-498f-a6ff-9d4dd3d08546: flushIndex: setUnconditionally 0 -> -1
2019-07-13 20:53:59,632 INFO  server.RaftServerConfigKeys (ConfUtils.java:logGet(43)) - raft.server.snapshot.auto.trigger.enabled = true (custom)
2019-07-13 20:53:59,633 INFO  server.RaftServerConfigKeys (ConfUtils.java:logGet(43)) - raft.server.snapshot.auto.trigger.threshold = 10000 (custom)
2019-07-13 20:53:59,633 INFO  server.RaftServerConfigKeys (ConfUtils.java:logGet(43)) - raft.server.retrycache.expirytime = 600000ms (custom)
2019-07-13 20:53:59,633 INFO  impl.RaftServerImpl (RaftServerImpl.java:start(180)) - 216a4753-b6ed-443c-b053-bd35568ad21c: start group-9D4DD3D08546
2019-07-13 20:53:59,633 INFO  impl.RaftServerImpl (RaftServerImpl.java:setRole(171)) - 216a4753-b6ed-443c-b053-bd35568ad21c:group-9D4DD3D08546 changes role from null to FOLLOWER at term 0 for startAsFollower
2019-07-13 20:53:59,634 INFO  impl.RoleInfo (RoleInfo.java:updateAndGet(143)) - 216a4753-b6ed-443c-b053-bd35568ad21c: start FollowerState
2019-07-13 20:53:59,635 INFO  util.JmxRegister (JmxRegister.java:tryRegister(44)) - Successfully registered JMX Bean with object name Ratis:service=RaftServer,group=group-9D4DD3D08546,id=216a4753-b6ed-443c-b053-bd35568ad21c
2019-07-13 20:53:59,642 INFO  pipeline.PipelineStateManager (PipelineStateManager.java:addPipeline(56)) - Created pipeline Pipeline[ Id: 1b862a9f-5aa8-498f-a6ff-9d4dd3d08546, Nodes: 216a4753-b6ed-443c-b053-bd35568ad21c{ip: 192.168.5.168, host: trunk-nightly-6qp7m-2461138711, networkLocation: /default-rack, certSerialId: null}, Type:RATIS, Factor:ONE, State:OPEN]
2019-07-13 20:53:59,795 INFO  node.SCMNodeManager (SCMNodeManager.java:register(269)) - Registered Data node : 0c9e860d-8934-4034-81f7-fa21ad4a8723{ip: 192.168.5.168, host: trunk-nightly-6qp7m-2461138711, networkLocation: /default-rack, certSerialId: null}
2019-07-13 20:53:59,812 INFO  impl.RaftServerProxy (RaftServerProxy.java:addNew(89)) - 0c9e860d-8934-4034-81f7-fa21ad4a8723: addNew group-487214CECC28:[0c9e860d-8934-4034-81f7-fa21ad4a8723:192.168.5.168:44552] returns group-487214CECC28:java.util.concurrent.CompletableFuture@1285393b[Not completed]
2019-07-13 20:53:59,813 INFO  impl.RaftServerImpl (RaftServerImpl.java:<init>(93)) - 0c9e860d-8934-4034-81f7-fa21ad4a8723: new RaftServerImpl for group-487214CECC28:[0c9e860d-8934-4034-81f7-fa21ad4a8723:192.168.5.168:44552] with ContainerStateMachine:uninitialized
2019-07-13 20:53:59,814 INFO  server.RaftServerConfigKeys (ConfUtils.java:logGet(43)) - raft.server.rpc.timeout.min = 5s (custom)
2019-07-13 20:53:59,814 INFO  server.RaftServerConfigKeys (ConfUtils.java:logGet(43)) - raft.server.rpc.timeout.max = 5200ms (custom)
2019-07-13 20:53:59,814 INFO  server.RaftServerConfigKeys (ConfUtils.java:logGet(43)) - raft.server.rpcslowness.timeout = 120s (custom)
2019-07-13 20:53:59,814 INFO  server.RaftServerConfigKeys (ConfUtils.java:logGet(43)) - raft.server.sleep.deviation.threshold = 300 (default)
2019-07-13 20:53:59,814 INFO  server.RaftServerConfigKeys (ConfUtils.java:logGet(43)) - raft.server.log.appender.install.snapshot.enabled = false (custom)
2019-07-13 20:53:59,814 INFO  impl.RaftServerImpl (ServerState.java:<init>(105)) - 0c9e860d-8934-4034-81f7-fa21ad4a8723:group-487214CECC28 ConfigurationManager, init=-1: [0c9e860d-8934-4034-81f7-fa21ad4a8723:192.168.5.168:44552], old=null, confs=<EMPTY_MAP>
2019-07-13 20:53:59,815 INFO  server.RaftServerConfigKeys (ConfUtils.java:logGet(43)) - raft.server.storage.dir = [/tmp/workdir/hadoop-ozone/integration-test/target/test-dir/MiniOzoneClusterImpl-d02a6b33-1f58-45b7-82b4-65e749d8c36b/datanode-1/data/ratis] (custom)
2019-07-13 20:53:59,815 INFO  storage.RaftStorageDirectory (RaftStorageDirectory.java:analyzeStorage(246)) - The storage directory /tmp/workdir/hadoop-ozone/integration-test/target/test-dir/MiniOzoneClusterImpl-d02a6b33-1f58-45b7-82b4-65e749d8c36b/datanode-1/data/ratis/df5e6243-903a-4249-ab1b-487214cecc28 does not exist. Creating ...
2019-07-13 20:53:59,828 INFO  storage.RaftStorageDirectory (RaftStorageDirectory.java:tryLock(328)) - Lock on /tmp/workdir/hadoop-ozone/integration-test/target/test-dir/MiniOzoneClusterImpl-d02a6b33-1f58-45b7-82b4-65e749d8c36b/datanode-1/data/ratis/df5e6243-903a-4249-ab1b-487214cecc28/in_use.lock acquired by nodename 12100@trunk-nightly-6qp7m-2461138711
2019-07-13 20:53:59,831 INFO  storage.RaftStorage (RaftStorage.java:format(72)) - Storage directory /tmp/workdir/hadoop-ozone/integration-test/target/test-dir/MiniOzoneClusterImpl-d02a6b33-1f58-45b7-82b4-65e749d8c36b/datanode-1/data/ratis/df5e6243-903a-4249-ab1b-487214cecc28 has been successfully formatted.
2019-07-13 20:53:59,831 INFO  ratis.ContainerStateMachine (ContainerStateMachine.java:loadSnapshot(200)) - The snapshot info is null.Setting the last applied index to:(t:0, i:~)
2019-07-13 20:53:59,831 INFO  server.RaftServerConfigKeys (ConfUtils.java:logGet(43)) - raft.server.leader.election.timeout = 120s (custom)
2019-07-13 20:53:59,831 INFO  server.RaftServerConfigKeys (ConfUtils.java:logGet(43)) - raft.server.log.use.memory = false (default)
2019-07-13 20:53:59,832 INFO  server.RaftServerConfigKeys (ConfUtils.java:logGet(43)) - raft.server.log.purge.gap = 1000000000 (custom)
2019-07-13 20:53:59,832 INFO  server.RaftServerConfigKeys (ConfUtils.java:logGet(43)) - raft.server.log.appender.buffer.byte-limit = 33554432 (custom)
2019-07-13 20:53:59,832 INFO  server.RaftServerConfigKeys (ConfUtils.java:logGet(43)) - raft.server.log.segment.size.max = 1048576 (custom)
2019-07-13 20:53:59,832 INFO  server.RaftServerConfigKeys (ConfUtils.java:logGet(43)) - raft.server.log.segment.cache.num.max = 2 (custom)
2019-07-13 20:53:59,832 INFO  segmented.SegmentedRaftLogWorker (SegmentedRaftLogWorker.java:<init>(172)) - new 0c9e860d-8934-4034-81f7-fa21ad4a8723-SegmentedRaftLogWorker:Storage Directory /tmp/workdir/hadoop-ozone/integration-test/target/test-dir/MiniOzoneClusterImpl-d02a6b33-1f58-45b7-82b4-65e749d8c36b/datanode-1/data/ratis/df5e6243-903a-4249-ab1b-487214cecc28 for RaftStorage:Storage Directory /tmp/workdir/hadoop-ozone/integration-test/target/test-dir/MiniOzoneClusterImpl-d02a6b33-1f58-45b7-82b4-65e749d8c36b/datanode-1/data/ratis/df5e6243-903a-4249-ab1b-487214cecc28
2019-07-13 20:53:59,833 INFO  server.RaftServerConfigKeys (ConfUtils.java:logGet(43)) - raft.server.log.queue.byte-limit = 2147483647 (custom)
2019-07-13 20:53:59,833 INFO  server.RaftServerConfigKeys (ConfUtils.java:logGet(43)) - raft.server.log.queue.element-limit = 1024 (custom)
2019-07-13 20:53:59,833 INFO  server.RaftServerConfigKeys (ConfUtils.java:logGet(43)) - raft.server.log.segment.size.max = 1048576 (custom)
2019-07-13 20:53:59,833 INFO  server.RaftServerConfigKeys (ConfUtils.java:logGet(43)) - raft.server.log.preallocated.size = 16384 (custom)
2019-07-13 20:53:59,833 INFO  server.RaftServerConfigKeys (ConfUtils.java:logGet(43)) - raft.server.log.write.buffer.size = 33554432 (custom)
2019-07-13 20:53:59,834 INFO  server.RaftServerConfigKeys (ConfUtils.java:logGet(43)) - raft.server.log.force.sync.num = 128 (default)
2019-07-13 20:53:59,834 INFO  server.RaftServerConfigKeys (ConfUtils.java:logGet(43)) - raft.server.log.statemachine.data.sync = true (default)
2019-07-13 20:53:59,834 INFO  server.RaftServerConfigKeys (ConfUtils.java:logGet(43)) - raft.server.log.statemachine.data.sync.timeout = 10s (default)
2019-07-13 20:53:59,834 INFO  server.RaftServerConfigKeys (ConfUtils.java:logGet(43)) - raft.server.log.statemachine.data.sync.timeout.retry = -1 (default)
2019-07-13 20:53:59,834 INFO  server.RaftServerConfigKeys (ConfUtils.java:logGet(43)) - raft.server.log.statemachine.data.caching.enabled = true (custom)
2019-07-13 20:53:59,835 INFO  segmented.SegmentedRaftLogWorker (SegmentedRaftLogWorker.java:lambda$new$0(132)) - 0c9e860d-8934-4034-81f7-fa21ad4a8723-SegmentedRaftLogWorker:Storage Directory /tmp/workdir/hadoop-ozone/integration-test/target/test-dir/MiniOzoneClusterImpl-d02a6b33-1f58-45b7-82b4-65e749d8c36b/datanode-1/data/ratis/df5e6243-903a-4249-ab1b-487214cecc28: flushIndex: setUnconditionally 0 -> -1
2019-07-13 20:53:59,835 INFO  server.RaftServerConfigKeys (ConfUtils.java:logGet(43)) - raft.server.snapshot.auto.trigger.enabled = true (custom)
2019-07-13 20:53:59,835 INFO  server.RaftServerConfigKeys (ConfUtils.java:logGet(43)) - raft.server.snapshot.auto.trigger.threshold = 10000 (custom)
2019-07-13 20:53:59,836 INFO  server.RaftServerConfigKeys (ConfUtils.java:logGet(43)) - raft.server.retrycache.expirytime = 600000ms (custom)
2019-07-13 20:53:59,836 INFO  impl.RaftServerImpl (RaftServerImpl.java:start(180)) - 0c9e860d-8934-4034-81f7-fa21ad4a8723: start group-487214CECC28
2019-07-13 20:53:59,836 INFO  impl.RaftServerImpl (RaftServerImpl.java:setRole(171)) - 0c9e860d-8934-4034-81f7-fa21ad4a8723:group-487214CECC28 changes role from null to FOLLOWER at term 0 for startAsFollower
2019-07-13 20:53:59,836 INFO  impl.RoleInfo (RoleInfo.java:updateAndGet(143)) - 0c9e860d-8934-4034-81f7-fa21ad4a8723: start FollowerState
2019-07-13 20:53:59,837 INFO  util.JmxRegister (JmxRegister.java:tryRegister(44)) - Successfully registered JMX Bean with object name Ratis:service=RaftServer,group=group-487214CECC28,id=0c9e860d-8934-4034-81f7-fa21ad4a8723
2019-07-13 20:53:59,843 INFO  pipeline.PipelineStateManager (PipelineStateManager.java:addPipeline(56)) - Created pipeline Pipeline[ Id: df5e6243-903a-4249-ab1b-487214cecc28, Nodes: 0c9e860d-8934-4034-81f7-fa21ad4a8723{ip: 192.168.5.168, host: trunk-nightly-6qp7m-2461138711, networkLocation: /default-rack, certSerialId: null}, Type:RATIS, Factor:ONE, State:OPEN]
2019-07-13 20:53:59,850 INFO  ozone.MiniOzoneClusterImpl (MiniOzoneClusterImpl.java:lambda$waitForClusterToBeReady$0(142)) - Waiting for cluster to be ready. Got 2 of 7 DN Heartbeats.
2019-07-13 20:53:59,971 INFO  node.SCMNodeManager (SCMNodeManager.java:register(269)) - Registered Data node : 4b04d24d-1392-469c-a931-6fc9a672a38d{ip: 192.168.5.168, host: trunk-nightly-6qp7m-2461138711, networkLocation: /default-rack, certSerialId: null}
2019-07-13 20:53:59,986 INFO  impl.RaftServerProxy (RaftServerProxy.java:addNew(89)) - 4b04d24d-1392-469c-a931-6fc9a672a38d: addNew group-B00E4322E801:[4b04d24d-1392-469c-a931-6fc9a672a38d:192.168.5.168:42588] returns group-B00E4322E801:java.util.concurrent.CompletableFuture@7bf7cf3f[Not completed]
2019-07-13 20:53:59,987 INFO  impl.RaftServerImpl (RaftServerImpl.java:<init>(93)) - 4b04d24d-1392-469c-a931-6fc9a672a38d: new RaftServerImpl for group-B00E4322E801:[4b04d24d-1392-469c-a931-6fc9a672a38d:192.168.5.168:42588] with ContainerStateMachine:uninitialized
2019-07-13 20:53:59,988 INFO  server.RaftServerConfigKeys (ConfUtils.java:logGet(43)) - raft.server.rpc.timeout.min = 5s (custom)
2019-07-13 20:53:59,988 INFO  server.RaftServerConfigKeys (ConfUtils.java:logGet(43)) - raft.server.rpc.timeout.max = 5200ms (custom)
2019-07-13 20:53:59,988 INFO  server.RaftServerConfigKeys (ConfUtils.java:logGet(43)) - raft.server.rpcslowness.timeout = 120s (custom)
2019-07-13 20:53:59,988 INFO  server.RaftServerConfigKeys (ConfUtils.java:logGet(43)) - raft.server.sleep.deviation.threshold = 300 (default)
2019-07-13 20:53:59,988 INFO  server.RaftServerConfigKeys (ConfUtils.java:logGet(43)) - raft.server.log.appender.install.snapshot.enabled = false (custom)
2019-07-13 20:53:59,988 INFO  impl.RaftServerImpl (ServerState.java:<init>(105)) - 4b04d24d-1392-469c-a931-6fc9a672a38d:group-B00E4322E801 ConfigurationManager, init=-1: [4b04d24d-1392-469c-a931-6fc9a672a38d:192.168.5.168:42588], old=null, confs=<EMPTY_MAP>
2019-07-13 20:53:59,989 INFO  server.RaftServerConfigKeys (ConfUtils.java:logGet(43)) - raft.server.storage.dir = [/tmp/workdir/hadoop-ozone/integration-test/target/test-dir/MiniOzoneClusterImpl-d02a6b33-1f58-45b7-82b4-65e749d8c36b/datanode-2/data/ratis] (custom)
2019-07-13 20:53:59,989 INFO  storage.RaftStorageDirectory (RaftStorageDirectory.java:analyzeStorage(246)) - The storage directory /tmp/workdir/hadoop-ozone/integration-test/target/test-dir/MiniOzoneClusterImpl-d02a6b33-1f58-45b7-82b4-65e749d8c36b/datanode-2/data/ratis/cf9bdd94-14de-4fdb-a2d8-b00e4322e801 does not exist. Creating ...
2019-07-13 20:53:59,994 INFO  storage.RaftStorageDirectory (RaftStorageDirectory.java:tryLock(328)) - Lock on /tmp/workdir/hadoop-ozone/integration-test/target/test-dir/MiniOzoneClusterImpl-d02a6b33-1f58-45b7-82b4-65e749d8c36b/datanode-2/data/ratis/cf9bdd94-14de-4fdb-a2d8-b00e4322e801/in_use.lock acquired by nodename 12100@trunk-nightly-6qp7m-2461138711
2019-07-13 20:53:59,997 INFO  storage.RaftStorage (RaftStorage.java:format(72)) - Storage directory /tmp/workdir/hadoop-ozone/integration-test/target/test-dir/MiniOzoneClusterImpl-d02a6b33-1f58-45b7-82b4-65e749d8c36b/datanode-2/data/ratis/cf9bdd94-14de-4fdb-a2d8-b00e4322e801 has been successfully formatted.
2019-07-13 20:53:59,997 INFO  ratis.ContainerStateMachine (ContainerStateMachine.java:loadSnapshot(200)) - The snapshot info is null.Setting the last applied index to:(t:0, i:~)
2019-07-13 20:53:59,997 INFO  server.RaftServerConfigKeys (ConfUtils.java:logGet(43)) - raft.server.leader.election.timeout = 120s (custom)
2019-07-13 20:53:59,997 INFO  server.RaftServerConfigKeys (ConfUtils.java:logGet(43)) - raft.server.log.use.memory = false (default)
2019-07-13 20:53:59,998 INFO  server.RaftServerConfigKeys (ConfUtils.java:logGet(43)) - raft.server.log.purge.gap = 1000000000 (custom)
2019-07-13 20:53:59,998 INFO  server.RaftServerConfigKeys (ConfUtils.java:logGet(43)) - raft.server.log.appender.buffer.byte-limit = 33554432 (custom)
2019-07-13 20:53:59,998 INFO  server.RaftServerConfigKeys (ConfUtils.java:logGet(43)) - raft.server.log.segment.size.max = 1048576 (custom)
2019-07-13 20:53:59,998 INFO  server.RaftServerConfigKeys (ConfUtils.java:logGet(43)) - raft.server.log.segment.cache.num.max = 2 (custom)
2019-07-13 20:53:59,998 INFO  segmented.SegmentedRaftLogWorker (SegmentedRaftLogWorker.java:<init>(172)) - new 4b04d24d-1392-469c-a931-6fc9a672a38d-SegmentedRaftLogWorker:Storage Directory /tmp/workdir/hadoop-ozone/integration-test/target/test-dir/MiniOzoneClusterImpl-d02a6b33-1f58-45b7-82b4-65e749d8c36b/datanode-2/data/ratis/cf9bdd94-14de-4fdb-a2d8-b00e4322e801 for RaftStorage:Storage Directory /tmp/workdir/hadoop-ozone/integration-test/target/test-dir/MiniOzoneClusterImpl-d02a6b33-1f58-45b7-82b4-65e749d8c36b/datanode-2/data/ratis/cf9bdd94-14de-4fdb-a2d8-b00e4322e801
2019-07-13 20:53:59,999 INFO  server.RaftServerConfigKeys (ConfUtils.java:logGet(43)) - raft.server.log.queue.byte-limit = 2147483647 (custom)
2019-07-13 20:53:59,999 INFO  server.RaftServerConfigKeys (ConfUtils.java:logGet(43)) - raft.server.log.queue.element-limit = 1024 (custom)
2019-07-13 20:53:59,999 INFO  server.RaftServerConfigKeys (ConfUtils.java:logGet(43)) - raft.server.log.segment.size.max = 1048576 (custom)
2019-07-13 20:53:59,999 INFO  server.RaftServerConfigKeys (ConfUtils.java:logGet(43)) - raft.server.log.preallocated.size = 16384 (custom)
2019-07-13 20:53:59,999 INFO  server.RaftServerConfigKeys (ConfUtils.java:logGet(43)) - raft.server.log.write.buffer.size = 33554432 (custom)
2019-07-13 20:54:00,000 INFO  server.RaftServerConfigKeys (ConfUtils.java:logGet(43)) - raft.server.log.force.sync.num = 128 (default)
2019-07-13 20:54:00,000 INFO  server.RaftServerConfigKeys (ConfUtils.java:logGet(43)) - raft.server.log.statemachine.data.sync = true (default)
2019-07-13 20:54:00,000 INFO  server.RaftServerConfigKeys (ConfUtils.java:logGet(43)) - raft.server.log.statemachine.data.sync.timeout = 10s (default)
2019-07-13 20:54:00,000 INFO  server.RaftServerConfigKeys (ConfUtils.java:logGet(43)) - raft.server.log.statemachine.data.sync.timeout.retry = -1 (default)
2019-07-13 20:54:00,001 INFO  server.RaftServerConfigKeys (ConfUtils.java:logGet(43)) - raft.server.log.statemachine.data.caching.enabled = true (custom)
2019-07-13 20:54:00,001 INFO  segmented.SegmentedRaftLogWorker (SegmentedRaftLogWorker.java:lambda$new$0(132)) - 4b04d24d-1392-469c-a931-6fc9a672a38d-SegmentedRaftLogWorker:Storage Directory /tmp/workdir/hadoop-ozone/integration-test/target/test-dir/MiniOzoneClusterImpl-d02a6b33-1f58-45b7-82b4-65e749d8c36b/datanode-2/data/ratis/cf9bdd94-14de-4fdb-a2d8-b00e4322e801: flushIndex: setUnconditionally 0 -> -1
2019-07-13 20:54:00,001 INFO  server.RaftServerConfigKeys (ConfUtils.java:logGet(43)) - raft.server.snapshot.auto.trigger.enabled = true (custom)
2019-07-13 20:54:00,001 INFO  server.RaftServerConfigKeys (ConfUtils.java:logGet(43)) - raft.server.snapshot.auto.trigger.threshold = 10000 (custom)
2019-07-13 20:54:00,002 INFO  server.RaftServerConfigKeys (ConfUtils.java:logGet(43)) - raft.server.retrycache.expirytime = 600000ms (custom)
2019-07-13 20:54:00,002 INFO  impl.RaftServerImpl (RaftServerImpl.java:start(180)) - 4b04d24d-1392-469c-a931-6fc9a672a38d: start group-B00E4322E801
2019-07-13 20:54:00,002 INFO  impl.RaftServerImpl (RaftServerImpl.java:setRole(171)) - 4b04d24d-1392-469c-a931-6fc9a672a38d:group-B00E4322E801 changes role from null to FOLLOWER at term 0 for startAsFollower
2019-07-13 20:54:00,002 INFO  impl.RoleInfo (RoleInfo.java:updateAndGet(143)) - 4b04d24d-1392-469c-a931-6fc9a672a38d: start FollowerState
2019-07-13 20:54:00,003 INFO  util.JmxRegister (JmxRegister.java:tryRegister(44)) - Successfully registered JMX Bean with object name Ratis:service=RaftServer,group=group-B00E4322E801,id=4b04d24d-1392-469c-a931-6fc9a672a38d
2019-07-13 20:54:00,009 INFO  pipeline.PipelineStateManager (PipelineStateManager.java:addPipeline(56)) - Created pipeline Pipeline[ Id: cf9bdd94-14de-4fdb-a2d8-b00e4322e801, Nodes: 4b04d24d-1392-469c-a931-6fc9a672a38d{ip: 192.168.5.168, host: trunk-nightly-6qp7m-2461138711, networkLocation: /default-rack, certSerialId: null}, Type:RATIS, Factor:ONE, State:OPEN]
2019-07-13 20:54:00,029 INFO  impl.RaftServerProxy (RaftServerProxy.java:addNew(89)) - 4b04d24d-1392-469c-a931-6fc9a672a38d: addNew group-D74905F0F5DC:[216a4753-b6ed-443c-b053-bd35568ad21c:192.168.5.168:33546, 0c9e860d-8934-4034-81f7-fa21ad4a8723:192.168.5.168:44552, 4b04d24d-1392-469c-a931-6fc9a672a38d:192.168.5.168:42588] returns group-D74905F0F5DC:java.util.concurrent.CompletableFuture@32fd6ded[Not completed]
2019-07-13 20:54:00,029 INFO  impl.RaftServerProxy (RaftServerProxy.java:addNew(89)) - 0c9e860d-8934-4034-81f7-fa21ad4a8723: addNew group-D74905F0F5DC:[216a4753-b6ed-443c-b053-bd35568ad21c:192.168.5.168:33546, 0c9e860d-8934-4034-81f7-fa21ad4a8723:192.168.5.168:44552, 4b04d24d-1392-469c-a931-6fc9a672a38d:192.168.5.168:42588] returns group-D74905F0F5DC:java.util.concurrent.CompletableFuture@23d1118e[Not completed]
2019-07-13 20:54:00,029 INFO  impl.RaftServerProxy (RaftServerProxy.java:addNew(89)) - 216a4753-b6ed-443c-b053-bd35568ad21c: addNew group-D74905F0F5DC:[216a4753-b6ed-443c-b053-bd35568ad21c:192.168.5.168:33546, 0c9e860d-8934-4034-81f7-fa21ad4a8723:192.168.5.168:44552, 4b04d24d-1392-469c-a931-6fc9a672a38d:192.168.5.168:42588] returns group-D74905F0F5DC:java.util.concurrent.CompletableFuture@4b045deb[Not completed]
2019-07-13 20:54:00,030 INFO  impl.RaftServerImpl (RaftServerImpl.java:<init>(93)) - 4b04d24d-1392-469c-a931-6fc9a672a38d: new RaftServerImpl for group-D74905F0F5DC:[216a4753-b6ed-443c-b053-bd35568ad21c:192.168.5.168:33546, 0c9e860d-8934-4034-81f7-fa21ad4a8723:192.168.5.168:44552, 4b04d24d-1392-469c-a931-6fc9a672a38d:192.168.5.168:42588] with ContainerStateMachine:uninitialized
2019-07-13 20:54:00,030 INFO  server.RaftServerConfigKeys (ConfUtils.java:logGet(43)) - raft.server.rpc.timeout.min = 5s (custom)
2019-07-13 20:54:00,030 INFO  server.RaftServerConfigKeys (ConfUtils.java:logGet(43)) - raft.server.rpc.timeout.max = 5200ms (custom)
2019-07-13 20:54:00,030 INFO  server.RaftServerConfigKeys (ConfUtils.java:logGet(43)) - raft.server.rpcslowness.timeout = 120s (custom)
2019-07-13 20:54:00,030 INFO  server.RaftServerConfigKeys (ConfUtils.java:logGet(43)) - raft.server.sleep.deviation.threshold = 300 (default)
2019-07-13 20:54:00,030 INFO  server.RaftServerConfigKeys (ConfUtils.java:logGet(43)) - raft.server.log.appender.install.snapshot.enabled = false (custom)
2019-07-13 20:54:00,030 INFO  impl.RaftServerImpl (RaftServerImpl.java:<init>(93)) - 216a4753-b6ed-443c-b053-bd35568ad21c: new RaftServerImpl for group-D74905F0F5DC:[216a4753-b6ed-443c-b053-bd35568ad21c:192.168.5.168:33546, 0c9e860d-8934-4034-81f7-fa21ad4a8723:192.168.5.168:44552, 4b04d24d-1392-469c-a931-6fc9a672a38d:192.168.5.168:42588] with ContainerStateMachine:uninitialized
2019-07-13 20:54:00,030 INFO  impl.RaftServerImpl (ServerState.java:<init>(105)) - 4b04d24d-1392-469c-a931-6fc9a672a38d:group-D74905F0F5DC ConfigurationManager, init=-1: [216a4753-b6ed-443c-b053-bd35568ad21c:192.168.5.168:33546, 0c9e860d-8934-4034-81f7-fa21ad4a8723:192.168.5.168:44552, 4b04d24d-1392-469c-a931-6fc9a672a38d:192.168.5.168:42588], old=null, confs=<EMPTY_MAP>
2019-07-13 20:54:00,031 INFO  server.RaftServerConfigKeys (ConfUtils.java:logGet(43)) - raft.server.rpc.timeout.min = 5s (custom)
2019-07-13 20:54:00,031 INFO  server.RaftServerConfigKeys (ConfUtils.java:logGet(43)) - raft.server.storage.dir = [/tmp/workdir/hadoop-ozone/integration-test/target/test-dir/MiniOzoneClusterImpl-d02a6b33-1f58-45b7-82b4-65e749d8c36b/datanode-2/data/ratis] (custom)
2019-07-13 20:54:00,031 INFO  server.RaftServerConfigKeys (ConfUtils.java:logGet(43)) - raft.server.rpc.timeout.max = 5200ms (custom)
2019-07-13 20:54:00,031 INFO  server.RaftServerConfigKeys (ConfUtils.java:logGet(43)) - raft.server.rpcslowness.timeout = 120s (custom)
2019-07-13 20:54:00,031 INFO  storage.RaftStorageDirectory (RaftStorageDirectory.java:analyzeStorage(246)) - The storage directory /tmp/workdir/hadoop-ozone/integration-test/target/test-dir/MiniOzoneClusterImpl-d02a6b33-1f58-45b7-82b4-65e749d8c36b/datanode-2/data/ratis/0494c33a-5d6e-4ce3-a95e-d74905f0f5dc does not exist. Creating ...
2019-07-13 20:54:00,031 INFO  server.RaftServerConfigKeys (ConfUtils.java:logGet(43)) - raft.server.sleep.deviation.threshold = 300 (default)
2019-07-13 20:54:00,032 INFO  server.RaftServerConfigKeys (ConfUtils.java:logGet(43)) - raft.server.log.appender.install.snapshot.enabled = false (custom)
2019-07-13 20:54:00,032 INFO  impl.RaftServerImpl (RaftServerImpl.java:<init>(93)) - 0c9e860d-8934-4034-81f7-fa21ad4a8723: new RaftServerImpl for group-D74905F0F5DC:[216a4753-b6ed-443c-b053-bd35568ad21c:192.168.5.168:33546, 0c9e860d-8934-4034-81f7-fa21ad4a8723:192.168.5.168:44552, 4b04d24d-1392-469c-a931-6fc9a672a38d:192.168.5.168:42588] with ContainerStateMachine:uninitialized
2019-07-13 20:54:00,033 INFO  impl.RaftServerImpl (ServerState.java:<init>(105)) - 216a4753-b6ed-443c-b053-bd35568ad21c:group-D74905F0F5DC ConfigurationManager, init=-1: [216a4753-b6ed-443c-b053-bd35568ad21c:192.168.5.168:33546, 0c9e860d-8934-4034-81f7-fa21ad4a8723:192.168.5.168:44552, 4b04d24d-1392-469c-a931-6fc9a672a38d:192.168.5.168:42588], old=null, confs=<EMPTY_MAP>
2019-07-13 20:54:00,033 INFO  server.RaftServerConfigKeys (ConfUtils.java:logGet(43)) - raft.server.rpc.timeout.min = 5s (custom)
2019-07-13 20:54:00,033 INFO  server.RaftServerConfigKeys (ConfUtils.java:logGet(43)) - raft.server.storage.dir = [/tmp/workdir/hadoop-ozone/integration-test/target/test-dir/MiniOzoneClusterImpl-d02a6b33-1f58-45b7-82b4-65e749d8c36b/datanode-0/data/ratis] (custom)
2019-07-13 20:54:00,033 INFO  server.RaftServerConfigKeys (ConfUtils.java:logGet(43)) - raft.server.rpc.timeout.max = 5200ms (custom)
2019-07-13 20:54:00,033 INFO  server.RaftServerConfigKeys (ConfUtils.java:logGet(43)) - raft.server.rpcslowness.timeout = 120s (custom)
2019-07-13 20:54:00,033 INFO  storage.RaftStorageDirectory (RaftStorageDirectory.java:analyzeStorage(246)) - The storage directory /tmp/workdir/hadoop-ozone/integration-test/target/test-dir/MiniOzoneClusterImpl-d02a6b33-1f58-45b7-82b4-65e749d8c36b/datanode-0/data/ratis/0494c33a-5d6e-4ce3-a95e-d74905f0f5dc does not exist. Creating ...
2019-07-13 20:54:00,034 INFO  server.RaftServerConfigKeys (ConfUtils.java:logGet(43)) - raft.server.sleep.deviation.threshold = 300 (default)
2019-07-13 20:54:00,034 INFO  server.RaftServerConfigKeys (ConfUtils.java:logGet(43)) - raft.server.log.appender.install.snapshot.enabled = false (custom)
2019-07-13 20:54:00,034 INFO  impl.RaftServerImpl (ServerState.java:<init>(105)) - 0c9e860d-8934-4034-81f7-fa21ad4a8723:group-D74905F0F5DC ConfigurationManager, init=-1: [216a4753-b6ed-443c-b053-bd35568ad21c:192.168.5.168:33546, 0c9e860d-8934-4034-81f7-fa21ad4a8723:192.168.5.168:44552, 4b04d24d-1392-469c-a931-6fc9a672a38d:192.168.5.168:42588], old=null, confs=<EMPTY_MAP>
2019-07-13 20:54:00,035 INFO  server.RaftServerConfigKeys (ConfUtils.java:logGet(43)) - raft.server.storage.dir = [/tmp/workdir/hadoop-ozone/integration-test/target/test-dir/MiniOzoneClusterImpl-d02a6b33-1f58-45b7-82b4-65e749d8c36b/datanode-1/data/ratis] (custom)
2019-07-13 20:54:00,035 INFO  storage.RaftStorageDirectory (RaftStorageDirectory.java:tryLock(328)) - Lock on /tmp/workdir/hadoop-ozone/integration-test/target/test-dir/MiniOzoneClusterImpl-d02a6b33-1f58-45b7-82b4-65e749d8c36b/datanode-2/data/ratis/0494c33a-5d6e-4ce3-a95e-d74905f0f5dc/in_use.lock acquired by nodename 12100@trunk-nightly-6qp7m-2461138711
2019-07-13 20:54:00,035 INFO  storage.RaftStorageDirectory (RaftStorageDirectory.java:analyzeStorage(246)) - The storage directory /tmp/workdir/hadoop-ozone/integration-test/target/test-dir/MiniOzoneClusterImpl-d02a6b33-1f58-45b7-82b4-65e749d8c36b/datanode-1/data/ratis/0494c33a-5d6e-4ce3-a95e-d74905f0f5dc does not exist. Creating ...
2019-07-13 20:54:00,037 INFO  storage.RaftStorageDirectory (RaftStorageDirectory.java:tryLock(328)) - Lock on /tmp/workdir/hadoop-ozone/integration-test/target/test-dir/MiniOzoneClusterImpl-d02a6b33-1f58-45b7-82b4-65e749d8c36b/datanode-0/data/ratis/0494c33a-5d6e-4ce3-a95e-d74905f0f5dc/in_use.lock acquired by nodename 12100@trunk-nightly-6qp7m-2461138711
2019-07-13 20:54:00,041 INFO  storage.RaftStorageDirectory (RaftStorageDirectory.java:tryLock(328)) - Lock on /tmp/workdir/hadoop-ozone/integration-test/target/test-dir/MiniOzoneClusterImpl-d02a6b33-1f58-45b7-82b4-65e749d8c36b/datanode-1/data/ratis/0494c33a-5d6e-4ce3-a95e-d74905f0f5dc/in_use.lock acquired by nodename 12100@trunk-nightly-6qp7m-2461138711
2019-07-13 20:54:00,041 INFO  storage.RaftStorage (RaftStorage.java:format(72)) - Storage directory /tmp/workdir/hadoop-ozone/integration-test/target/test-dir/MiniOzoneClusterImpl-d02a6b33-1f58-45b7-82b4-65e749d8c36b/datanode-2/data/ratis/0494c33a-5d6e-4ce3-a95e-d74905f0f5dc has been successfully formatted.
2019-07-13 20:54:00,041 INFO  ratis.ContainerStateMachine (ContainerStateMachine.java:loadSnapshot(200)) - The snapshot info is null.Setting the last applied index to:(t:0, i:~)
2019-07-13 20:54:00,041 INFO  server.RaftServerConfigKeys (ConfUtils.java:logGet(43)) - raft.server.leader.election.timeout = 120s (custom)
2019-07-13 20:54:00,041 INFO  server.RaftServerConfigKeys (ConfUtils.java:logGet(43)) - raft.server.log.use.memory = false (default)
2019-07-13 20:54:00,042 INFO  server.RaftServerConfigKeys (ConfUtils.java:logGet(43)) - raft.server.log.purge.gap = 1000000000 (custom)
2019-07-13 20:54:00,042 INFO  server.RaftServerConfigKeys (ConfUtils.java:logGet(43)) - raft.server.log.appender.buffer.byte-limit = 33554432 (custom)
2019-07-13 20:54:00,042 INFO  server.RaftServerConfigKeys (ConfUtils.java:logGet(43)) - raft.server.log.segment.size.max = 1048576 (custom)
2019-07-13 20:54:00,042 INFO  server.RaftServerConfigKeys (ConfUtils.java:logGet(43)) - raft.server.log.segment.cache.num.max = 2 (custom)
2019-07-13 20:54:00,042 INFO  segmented.SegmentedRaftLogWorker (SegmentedRaftLogWorker.java:<init>(172)) - new 4b04d24d-1392-469c-a931-6fc9a672a38d-SegmentedRaftLogWorker:Storage Directory /tmp/workdir/hadoop-ozone/integration-test/target/test-dir/MiniOzoneClusterImpl-d02a6b33-1f58-45b7-82b4-65e749d8c36b/datanode-2/data/ratis/0494c33a-5d6e-4ce3-a95e-d74905f0f5dc for RaftStorage:Storage Directory /tmp/workdir/hadoop-ozone/integration-test/target/test-dir/MiniOzoneClusterImpl-d02a6b33-1f58-45b7-82b4-65e749d8c36b/datanode-2/data/ratis/0494c33a-5d6e-4ce3-a95e-d74905f0f5dc
2019-07-13 20:54:00,042 INFO  server.RaftServerConfigKeys (ConfUtils.java:logGet(43)) - raft.server.log.queue.byte-limit = 2147483647 (custom)
2019-07-13 20:54:00,042 INFO  server.RaftServerConfigKeys (ConfUtils.java:logGet(43)) - raft.server.log.queue.element-limit = 1024 (custom)
2019-07-13 20:54:00,043 INFO  server.RaftServerConfigKeys (ConfUtils.java:logGet(43)) - raft.server.log.segment.size.max = 1048576 (custom)
2019-07-13 20:54:00,043 INFO  server.RaftServerConfigKeys (ConfUtils.java:logGet(43)) - raft.server.log.preallocated.size = 16384 (custom)
2019-07-13 20:54:00,043 INFO  server.RaftServerConfigKeys (ConfUtils.java:logGet(43)) - raft.server.log.write.buffer.size = 33554432 (custom)
2019-07-13 20:54:00,043 INFO  server.RaftServerConfigKeys (ConfUtils.java:logGet(43)) - raft.server.log.force.sync.num = 128 (default)
2019-07-13 20:54:00,043 INFO  server.RaftServerConfigKeys (ConfUtils.java:logGet(43)) - raft.server.log.statemachine.data.sync = true (default)
2019-07-13 20:54:00,043 INFO  server.RaftServerConfigKeys (ConfUtils.java:logGet(43)) - raft.server.log.statemachine.data.sync.timeout = 10s (default)
2019-07-13 20:54:00,043 INFO  server.RaftServerConfigKeys (ConfUtils.java:logGet(43)) - raft.server.log.statemachine.data.sync.timeout.retry = -1 (default)
2019-07-13 20:54:00,044 INFO  server.RaftServerConfigKeys (ConfUtils.java:logGet(43)) - raft.server.log.statemachine.data.caching.enabled = true (custom)
2019-07-13 20:54:00,044 INFO  segmented.SegmentedRaftLogWorker (SegmentedRaftLogWorker.java:lambda$new$0(132)) - 4b04d24d-1392-469c-a931-6fc9a672a38d-SegmentedRaftLogWorker:Storage Directory /tmp/workdir/hadoop-ozone/integration-test/target/test-dir/MiniOzoneClusterImpl-d02a6b33-1f58-45b7-82b4-65e749d8c36b/datanode-2/data/ratis/0494c33a-5d6e-4ce3-a95e-d74905f0f5dc: flushIndex: setUnconditionally 0 -> -1
2019-07-13 20:54:00,044 INFO  server.RaftServerConfigKeys (ConfUtils.java:logGet(43)) - raft.server.snapshot.auto.trigger.enabled = true (custom)
2019-07-13 20:54:00,044 INFO  server.RaftServerConfigKeys (ConfUtils.java:logGet(43)) - raft.server.snapshot.auto.trigger.threshold = 10000 (custom)
2019-07-13 20:54:00,044 INFO  storage.RaftStorage (RaftStorage.java:format(72)) - Storage directory /tmp/workdir/hadoop-ozone/integration-test/target/test-dir/MiniOzoneClusterImpl-d02a6b33-1f58-45b7-82b4-65e749d8c36b/datanode-0/data/ratis/0494c33a-5d6e-4ce3-a95e-d74905f0f5dc has been successfully formatted.
2019-07-13 20:54:00,045 INFO  server.RaftServerConfigKeys (ConfUtils.java:logGet(43)) - raft.server.retrycache.expirytime = 600000ms (custom)
2019-07-13 20:54:00,045 INFO  ratis.ContainerStateMachine (ContainerStateMachine.java:loadSnapshot(200)) - The snapshot info is null.Setting the last applied index to:(t:0, i:~)
2019-07-13 20:54:00,045 INFO  impl.RaftServerImpl (RaftServerImpl.java:start(180)) - 4b04d24d-1392-469c-a931-6fc9a672a38d: start group-D74905F0F5DC
2019-07-13 20:54:00,045 INFO  server.RaftServerConfigKeys (ConfUtils.java:logGet(43)) - raft.server.leader.election.timeout = 120s (custom)
2019-07-13 20:54:00,045 INFO  impl.RaftServerImpl (RaftServerImpl.java:setRole(171)) - 4b04d24d-1392-469c-a931-6fc9a672a38d:group-D74905F0F5DC changes role from null to FOLLOWER at term 0 for startAsFollower
2019-07-13 20:54:00,045 INFO  server.RaftServerConfigKeys (ConfUtils.java:logGet(43)) - raft.server.log.use.memory = false (default)
2019-07-13 20:54:00,046 INFO  impl.RoleInfo (RoleInfo.java:updateAndGet(143)) - 4b04d24d-1392-469c-a931-6fc9a672a38d: start FollowerState
2019-07-13 20:54:00,046 INFO  server.RaftServerConfigKeys (ConfUtils.java:logGet(43)) - raft.server.log.purge.gap = 1000000000 (custom)
2019-07-13 20:54:00,046 INFO  server.RaftServerConfigKeys (ConfUtils.java:logGet(43)) - raft.server.log.appender.buffer.byte-limit = 33554432 (custom)
2019-07-13 20:54:00,057 INFO  storage.RaftStorage (RaftStorage.java:format(72)) - Storage directory /tmp/workdir/hadoop-ozone/integration-test/target/test-dir/MiniOzoneClusterImpl-d02a6b33-1f58-45b7-82b4-65e749d8c36b/datanode-1/data/ratis/0494c33a-5d6e-4ce3-a95e-d74905f0f5dc has been successfully formatted.
2019-07-13 20:54:00,056 INFO  util.JmxRegister (JmxRegister.java:tryRegister(44)) - Successfully registered JMX Bean with object name Ratis:service=RaftServer,group=group-D74905F0F5DC,id=4b04d24d-1392-469c-a931-6fc9a672a38d
2019-07-13 20:54:00,057 INFO  server.RaftServerConfigKeys (ConfUtils.java:logGet(43)) - raft.server.log.segment.size.max = 1048576 (custom)
2019-07-13 20:54:00,057 INFO  ratis.ContainerStateMachine (ContainerStateMachine.java:loadSnapshot(200)) - The snapshot info is null.Setting the last applied index to:(t:0, i:~)
2019-07-13 20:54:00,058 INFO  server.RaftServerConfigKeys (ConfUtils.java:logGet(43)) - raft.server.log.segment.cache.num.max = 2 (custom)
2019-07-13 20:54:00,058 INFO  server.RaftServerConfigKeys (ConfUtils.java:logGet(43)) - raft.server.leader.election.timeout = 120s (custom)
2019-07-13 20:54:00,065 INFO  segmented.SegmentedRaftLogWorker (SegmentedRaftLogWorker.java:<init>(172)) - new 216a4753-b6ed-443c-b053-bd35568ad21c-SegmentedRaftLogWorker:Storage Directory /tmp/workdir/hadoop-ozone/integration-test/target/test-dir/MiniOzoneClusterImpl-d02a6b33-1f58-45b7-82b4-65e749d8c36b/datanode-0/data/ratis/0494c33a-5d6e-4ce3-a95e-d74905f0f5dc for RaftStorage:Storage Directory /tmp/workdir/hadoop-ozone/integration-test/target/test-dir/MiniOzoneClusterImpl-d02a6b33-1f58-45b7-82b4-65e749d8c36b/datanode-0/data/ratis/0494c33a-5d6e-4ce3-a95e-d74905f0f5dc
2019-07-13 20:54:00,066 INFO  server.RaftServerConfigKeys (ConfUtils.java:logGet(43)) - raft.server.log.use.memory = false (default)
2019-07-13 20:54:00,066 INFO  server.RaftServerConfigKeys (ConfUtils.java:logGet(43)) - raft.server.log.queue.byte-limit = 2147483647 (custom)
2019-07-13 20:54:00,066 INFO  server.RaftServerConfigKeys (ConfUtils.java:logGet(43)) - raft.server.log.purge.gap = 1000000000 (custom)
2019-07-13 20:54:00,066 INFO  server.RaftServerConfigKeys (ConfUtils.java:logGet(43)) - raft.server.log.queue.element-limit = 1024 (custom)
2019-07-13 20:54:00,067 INFO  server.RaftServerConfigKeys (ConfUtils.java:logGet(43)) - raft.server.log.appender.buffer.byte-limit = 33554432 (custom)
2019-07-13 20:54:00,067 INFO  server.RaftServerConfigKeys (ConfUtils.java:logGet(43)) - raft.server.log.segment.size.max = 1048576 (custom)
2019-07-13 20:54:00,067 INFO  server.RaftServerConfigKeys (ConfUtils.java:logGet(43)) - raft.server.log.segment.size.max = 1048576 (custom)
2019-07-13 20:54:00,067 INFO  server.RaftServerConfigKeys (ConfUtils.java:logGet(43)) - raft.server.log.preallocated.size = 16384 (custom)
2019-07-13 20:54:00,067 INFO  server.RaftServerConfigKeys (ConfUtils.java:logGet(43)) - raft.server.log.segment.cache.num.max = 2 (custom)
2019-07-13 20:54:00,067 INFO  server.RaftServerConfigKeys (ConfUtils.java:logGet(43)) - raft.server.log.write.buffer.size = 33554432 (custom)
2019-07-13 20:54:00,070 INFO  segmented.SegmentedRaftLogWorker (SegmentedRaftLogWorker.java:<init>(172)) - new 0c9e860d-8934-4034-81f7-fa21ad4a8723-SegmentedRaftLogWorker:Storage Directory /tmp/workdir/hadoop-ozone/integration-test/target/test-dir/MiniOzoneClusterImpl-d02a6b33-1f58-45b7-82b4-65e749d8c36b/datanode-1/data/ratis/0494c33a-5d6e-4ce3-a95e-d74905f0f5dc for RaftStorage:Storage Directory /tmp/workdir/hadoop-ozone/integration-test/target/test-dir/MiniOzoneClusterImpl-d02a6b33-1f58-45b7-82b4-65e749d8c36b/datanode-1/data/ratis/0494c33a-5d6e-4ce3-a95e-d74905f0f5dc
2019-07-13 20:54:00,070 INFO  server.RaftServerConfigKeys (ConfUtils.java:logGet(43)) - raft.server.log.force.sync.num = 128 (default)
2019-07-13 20:54:00,070 INFO  server.RaftServerConfigKeys (ConfUtils.java:logGet(43)) - raft.server.log.queue.byte-limit = 2147483647 (custom)
2019-07-13 20:54:00,070 INFO  server.RaftServerConfigKeys (ConfUtils.java:logGet(43)) - raft.server.log.statemachine.data.sync = true (default)
2019-07-13 20:54:00,071 INFO  server.RaftServerConfigKeys (ConfUtils.java:logGet(43)) - raft.server.log.queue.element-limit = 1024 (custom)
2019-07-13 20:54:00,071 INFO  server.RaftServerConfigKeys (ConfUtils.java:logGet(43)) - raft.server.log.statemachine.data.sync.timeout = 10s (default)
2019-07-13 20:54:00,071 INFO  server.RaftServerConfigKeys (ConfUtils.java:logGet(43)) - raft.server.log.segment.size.max = 1048576 (custom)
2019-07-13 20:54:00,071 INFO  server.RaftServerConfigKeys (ConfUtils.java:logGet(43)) - raft.server.log.statemachine.data.sync.timeout.retry = -1 (default)
2019-07-13 20:54:00,071 INFO  server.RaftServerConfigKeys (ConfUtils.java:logGet(43)) - raft.server.log.preallocated.size = 16384 (custom)
2019-07-13 20:54:00,072 INFO  server.RaftServerConfigKeys (ConfUtils.java:logGet(43)) - raft.server.log.statemachine.data.caching.enabled = true (custom)
2019-07-13 20:54:00,072 INFO  server.RaftServerConfigKeys (ConfUtils.java:logGet(43)) - raft.server.log.write.buffer.size = 33554432 (custom)
2019-07-13 20:54:00,072 INFO  server.RaftServerConfigKeys (ConfUtils.java:logGet(43)) - raft.server.log.force.sync.num = 128 (default)
2019-07-13 20:54:00,072 INFO  server.RaftServerConfigKeys (ConfUtils.java:logGet(43)) - raft.server.log.statemachine.data.sync = true (default)
2019-07-13 20:54:00,072 INFO  segmented.SegmentedRaftLogWorker (SegmentedRaftLogWorker.java:lambda$new$0(132)) - 216a4753-b6ed-443c-b053-bd35568ad21c-SegmentedRaftLogWorker:Storage Directory /tmp/workdir/hadoop-ozone/integration-test/target/test-dir/MiniOzoneClusterImpl-d02a6b33-1f58-45b7-82b4-65e749d8c36b/datanode-0/data/ratis/0494c33a-5d6e-4ce3-a95e-d74905f0f5dc: flushIndex: setUnconditionally 0 -> -1
2019-07-13 20:54:00,072 INFO  server.RaftServerConfigKeys (ConfUtils.java:logGet(43)) - raft.server.log.statemachine.data.sync.timeout = 10s (default)
2019-07-13 20:54:00,073 INFO  server.RaftServerConfigKeys (ConfUtils.java:logGet(43)) - raft.server.log.statemachine.data.sync.timeout.retry = -1 (default)
2019-07-13 20:54:00,073 INFO  server.RaftServerConfigKeys (ConfUtils.java:logGet(43)) - raft.server.snapshot.auto.trigger.enabled = true (custom)
2019-07-13 20:54:00,073 INFO  server.RaftServerConfigKeys (ConfUtils.java:logGet(43)) - raft.server.log.statemachine.data.caching.enabled = true (custom)
2019-07-13 20:54:00,073 INFO  server.RaftServerConfigKeys (ConfUtils.java:logGet(43)) - raft.server.snapshot.auto.trigger.threshold = 10000 (custom)
2019-07-13 20:54:00,073 INFO  segmented.SegmentedRaftLogWorker (SegmentedRaftLogWorker.java:lambda$new$0(132)) - 0c9e860d-8934-4034-81f7-fa21ad4a8723-SegmentedRaftLogWorker:Storage Directory /tmp/workdir/hadoop-ozone/integration-test/target/test-dir/MiniOzoneClusterImpl-d02a6b33-1f58-45b7-82b4-65e749d8c36b/datanode-1/data/ratis/0494c33a-5d6e-4ce3-a95e-d74905f0f5dc: flushIndex: setUnconditionally 0 -> -1
2019-07-13 20:54:00,073 INFO  server.RaftServerConfigKeys (ConfUtils.java:logGet(43)) - raft.server.retrycache.expirytime = 600000ms (custom)
2019-07-13 20:54:00,074 INFO  server.RaftServerConfigKeys (ConfUtils.java:logGet(43)) - raft.server.snapshot.auto.trigger.enabled = true (custom)
2019-07-13 20:54:00,074 INFO  impl.RaftServerImpl (RaftServerImpl.java:start(180)) - 216a4753-b6ed-443c-b053-bd35568ad21c: start group-D74905F0F5DC
2019-07-13 20:54:00,074 INFO  server.RaftServerConfigKeys (ConfUtils.java:logGet(43)) - raft.server.snapshot.auto.trigger.threshold = 10000 (custom)
2019-07-13 20:54:00,074 INFO  impl.RaftServerImpl (RaftServerImpl.java:setRole(171)) - 216a4753-b6ed-443c-b053-bd35568ad21c:group-D74905F0F5DC changes role from null to FOLLOWER at term 0 for startAsFollower
2019-07-13 20:54:00,074 INFO  server.RaftServerConfigKeys (ConfUtils.java:logGet(43)) - raft.server.retrycache.expirytime = 600000ms (custom)
2019-07-13 20:54:00,074 INFO  impl.RoleInfo (RoleInfo.java:updateAndGet(143)) - 216a4753-b6ed-443c-b053-bd35568ad21c: start FollowerState
2019-07-13 20:54:00,074 INFO  impl.RaftServerImpl (RaftServerImpl.java:start(180)) - 0c9e860d-8934-4034-81f7-fa21ad4a8723: start group-D74905F0F5DC
2019-07-13 20:54:00,074 INFO  impl.RaftServerImpl (RaftServerImpl.java:setRole(171)) - 0c9e860d-8934-4034-81f7-fa21ad4a8723:group-D74905F0F5DC changes role from null to FOLLOWER at term 0 for startAsFollower
2019-07-13 20:54:00,075 INFO  impl.RoleInfo (RoleInfo.java:updateAndGet(143)) - 0c9e860d-8934-4034-81f7-fa21ad4a8723: start FollowerState
2019-07-13 20:54:00,075 INFO  util.JmxRegister (JmxRegister.java:tryRegister(44)) - Successfully registered JMX Bean with object name Ratis:service=RaftServer,group=group-D74905F0F5DC,id=216a4753-b6ed-443c-b053-bd35568ad21c
2019-07-13 20:54:00,075 INFO  util.JmxRegister (JmxRegister.java:tryRegister(44)) - Successfully registered JMX Bean with object name Ratis:service=RaftServer,group=group-D74905F0F5DC,id=0c9e860d-8934-4034-81f7-fa21ad4a8723
2019-07-13 20:54:00,081 INFO  pipeline.PipelineStateManager (PipelineStateManager.java:addPipeline(56)) - Created pipeline Pipeline[ Id: 0494c33a-5d6e-4ce3-a95e-d74905f0f5dc, Nodes: 4b04d24d-1392-469c-a931-6fc9a672a38d{ip: 192.168.5.168, host: trunk-nightly-6qp7m-2461138711, networkLocation: /default-rack, certSerialId: null}216a4753-b6ed-443c-b053-bd35568ad21c{ip: 192.168.5.168, host: trunk-nightly-6qp7m-2461138711, networkLocation: /default-rack, certSerialId: null}0c9e860d-8934-4034-81f7-fa21ad4a8723{ip: 192.168.5.168, host: trunk-nightly-6qp7m-2461138711, networkLocation: /default-rack, certSerialId: null}, Type:RATIS, Factor:THREE, State:OPEN]
2019-07-13 20:54:00,186 INFO  node.SCMNodeManager (SCMNodeManager.java:register(269)) - Registered Data node : 8a1c7d23-f7ea-4407-91b8-7f954e7d1576{ip: 192.168.5.168, host: trunk-nightly-6qp7m-2461138711, networkLocation: /default-rack, certSerialId: null}
2019-07-13 20:54:00,199 INFO  impl.RaftServerProxy (RaftServerProxy.java:addNew(89)) - 8a1c7d23-f7ea-4407-91b8-7f954e7d1576: addNew group-A4E7F75F24CA:[8a1c7d23-f7ea-4407-91b8-7f954e7d1576:192.168.5.168:33009] returns group-A4E7F75F24CA:java.util.concurrent.CompletableFuture@3d061a04[Not completed]
2019-07-13 20:54:00,201 INFO  impl.RaftServerImpl (RaftServerImpl.java:<init>(93)) - 8a1c7d23-f7ea-4407-91b8-7f954e7d1576: new RaftServerImpl for group-A4E7F75F24CA:[8a1c7d23-f7ea-4407-91b8-7f954e7d1576:192.168.5.168:33009] with ContainerStateMachine:uninitialized
2019-07-13 20:54:00,201 INFO  server.RaftServerConfigKeys (ConfUtils.java:logGet(43)) - raft.server.rpc.timeout.min = 5s (custom)
2019-07-13 20:54:00,201 INFO  server.RaftServerConfigKeys (ConfUtils.java:logGet(43)) - raft.server.rpc.timeout.max = 5200ms (custom)
2019-07-13 20:54:00,202 INFO  server.RaftServerConfigKeys (ConfUtils.java:logGet(43)) - raft.server.rpcslowness.timeout = 120s (custom)
2019-07-13 20:54:00,202 INFO  server.RaftServerConfigKeys (ConfUtils.java:logGet(43)) - raft.server.sleep.deviation.threshold = 300 (default)
2019-07-13 20:54:00,202 INFO  server.RaftServerConfigKeys (ConfUtils.java:logGet(43)) - raft.server.log.appender.install.snapshot.enabled = false (custom)
2019-07-13 20:54:00,202 INFO  impl.RaftServerImpl (ServerState.java:<init>(105)) - 8a1c7d23-f7ea-4407-91b8-7f954e7d1576:group-A4E7F75F24CA ConfigurationManager, init=-1: [8a1c7d23-f7ea-4407-91b8-7f954e7d1576:192.168.5.168:33009], old=null, confs=<EMPTY_MAP>
2019-07-13 20:54:00,202 INFO  server.RaftServerConfigKeys (ConfUtils.java:logGet(43)) - raft.server.storage.dir = [/tmp/workdir/hadoop-ozone/integration-test/target/test-dir/MiniOzoneClusterImpl-d02a6b33-1f58-45b7-82b4-65e749d8c36b/datanode-3/data/ratis] (custom)
2019-07-13 20:54:00,203 INFO  storage.RaftStorageDirectory (RaftStorageDirectory.java:analyzeStorage(246)) - The storage directory /tmp/workdir/hadoop-ozone/integration-test/target/test-dir/MiniOzoneClusterImpl-d02a6b33-1f58-45b7-82b4-65e749d8c36b/datanode-3/data/ratis/1ff9a59b-9c1e-4fd2-8860-a4e7f75f24ca does not exist. Creating ...
2019-07-13 20:54:00,216 INFO  storage.RaftStorageDirectory (RaftStorageDirectory.java:tryLock(328)) - Lock on /tmp/workdir/hadoop-ozone/integration-test/target/test-dir/MiniOzoneClusterImpl-d02a6b33-1f58-45b7-82b4-65e749d8c36b/datanode-3/data/ratis/1ff9a59b-9c1e-4fd2-8860-a4e7f75f24ca/in_use.lock acquired by nodename 12100@trunk-nightly-6qp7m-2461138711
2019-07-13 20:54:00,225 INFO  storage.RaftStorage (RaftStorage.java:format(72)) - Storage directory /tmp/workdir/hadoop-ozone/integration-test/target/test-dir/MiniOzoneClusterImpl-d02a6b33-1f58-45b7-82b4-65e749d8c36b/datanode-3/data/ratis/1ff9a59b-9c1e-4fd2-8860-a4e7f75f24ca has been successfully formatted.
2019-07-13 20:54:00,225 INFO  ratis.ContainerStateMachine (ContainerStateMachine.java:loadSnapshot(200)) - The snapshot info is null.Setting the last applied index to:(t:0, i:~)
2019-07-13 20:54:00,226 INFO  server.RaftServerConfigKeys (ConfUtils.java:logGet(43)) - raft.server.leader.election.timeout = 120s (custom)
2019-07-13 20:54:00,226 INFO  server.RaftServerConfigKeys (ConfUtils.java:logGet(43)) - raft.server.log.use.memory = false (default)
2019-07-13 20:54:00,226 INFO  server.RaftServerConfigKeys (ConfUtils.java:logGet(43)) - raft.server.log.purge.gap = 1000000000 (custom)
2019-07-13 20:54:00,226 INFO  server.RaftServerConfigKeys (ConfUtils.java:logGet(43)) - raft.server.log.appender.buffer.byte-limit = 33554432 (custom)
2019-07-13 20:54:00,226 INFO  server.RaftServerConfigKeys (ConfUtils.java:logGet(43)) - raft.server.log.segment.size.max = 1048576 (custom)
2019-07-13 20:54:00,226 INFO  server.RaftServerConfigKeys (ConfUtils.java:logGet(43)) - raft.server.log.segment.cache.num.max = 2 (custom)
2019-07-13 20:54:00,227 INFO  segmented.SegmentedRaftLogWorker (SegmentedRaftLogWorker.java:<init>(172)) - new 8a1c7d23-f7ea-4407-91b8-7f954e7d1576-SegmentedRaftLogWorker:Storage Directory /tmp/workdir/hadoop-ozone/integration-test/target/test-dir/MiniOzoneClusterImpl-d02a6b33-1f58-45b7-82b4-65e749d8c36b/datanode-3/data/ratis/1ff9a59b-9c1e-4fd2-8860-a4e7f75f24ca for RaftStorage:Storage Directory /tmp/workdir/hadoop-ozone/integration-test/target/test-dir/MiniOzoneClusterImpl-d02a6b33-1f58-45b7-82b4-65e749d8c36b/datanode-3/data/ratis/1ff9a59b-9c1e-4fd2-8860-a4e7f75f24ca
2019-07-13 20:54:00,227 INFO  server.RaftServerConfigKeys (ConfUtils.java:logGet(43)) - raft.server.log.queue.byte-limit = 2147483647 (custom)
2019-07-13 20:54:00,227 INFO  server.RaftServerConfigKeys (ConfUtils.java:logGet(43)) - raft.server.log.queue.element-limit = 1024 (custom)
2019-07-13 20:54:00,227 INFO  server.RaftServerConfigKeys (ConfUtils.java:logGet(43)) - raft.server.log.segment.size.max = 1048576 (custom)
2019-07-13 20:54:00,228 INFO  server.RaftServerConfigKeys (ConfUtils.java:logGet(43)) - raft.server.log.preallocated.size = 16384 (custom)
2019-07-13 20:54:00,228 INFO  server.RaftServerConfigKeys (ConfUtils.java:logGet(43)) - raft.server.log.write.buffer.size = 33554432 (custom)
2019-07-13 20:54:00,228 INFO  server.RaftServerConfigKeys (ConfUtils.java:logGet(43)) - raft.server.log.force.sync.num = 128 (default)
2019-07-13 20:54:00,228 INFO  server.RaftServerConfigKeys (ConfUtils.java:logGet(43)) - raft.server.log.statemachine.data.sync = true (default)
2019-07-13 20:54:00,228 INFO  server.RaftServerConfigKeys (ConfUtils.java:logGet(43)) - raft.server.log.statemachine.data.sync.timeout = 10s (default)
2019-07-13 20:54:00,229 INFO  server.RaftServerConfigKeys (ConfUtils.java:logGet(43)) - raft.server.log.statemachine.data.sync.timeout.retry = -1 (default)
2019-07-13 20:54:00,229 INFO  server.RaftServerConfigKeys (ConfUtils.java:logGet(43)) - raft.server.log.statemachine.data.caching.enabled = true (custom)
2019-07-13 20:54:00,229 INFO  segmented.SegmentedRaftLogWorker (SegmentedRaftLogWorker.java:lambda$new$0(132)) - 8a1c7d23-f7ea-4407-91b8-7f954e7d1576-SegmentedRaftLogWorker:Storage Directory /tmp/workdir/hadoop-ozone/integration-test/target/test-dir/MiniOzoneClusterImpl-d02a6b33-1f58-45b7-82b4-65e749d8c36b/datanode-3/data/ratis/1ff9a59b-9c1e-4fd2-8860-a4e7f75f24ca: flushIndex: setUnconditionally 0 -> -1
2019-07-13 20:54:00,230 INFO  server.RaftServerConfigKeys (ConfUtils.java:logGet(43)) - raft.server.snapshot.auto.trigger.enabled = true (custom)
2019-07-13 20:54:00,230 INFO  server.RaftServerConfigKeys (ConfUtils.java:logGet(43)) - raft.server.snapshot.auto.trigger.threshold = 10000 (custom)
2019-07-13 20:54:00,230 INFO  server.RaftServerConfigKeys (ConfUtils.java:logGet(43)) - raft.server.retrycache.expirytime = 600000ms (custom)
2019-07-13 20:54:00,230 INFO  impl.RaftServerImpl (RaftServerImpl.java:start(180)) - 8a1c7d23-f7ea-4407-91b8-7f954e7d1576: start group-A4E7F75F24CA
2019-07-13 20:54:00,231 INFO  impl.RaftServerImpl (RaftServerImpl.java:setRole(171)) - 8a1c7d23-f7ea-4407-91b8-7f954e7d1576:group-A4E7F75F24CA changes role from null to FOLLOWER at term 0 for startAsFollower
2019-07-13 20:54:00,231 INFO  impl.RoleInfo (RoleInfo.java:updateAndGet(143)) - 8a1c7d23-f7ea-4407-91b8-7f954e7d1576: start FollowerState
2019-07-13 20:54:00,231 INFO  util.JmxRegister (JmxRegister.java:tryRegister(44)) - Successfully registered JMX Bean with object name Ratis:service=RaftServer,group=group-A4E7F75F24CA,id=8a1c7d23-f7ea-4407-91b8-7f954e7d1576
2019-07-13 20:54:00,237 INFO  pipeline.PipelineStateManager (PipelineStateManager.java:addPipeline(56)) - Created pipeline Pipeline[ Id: 1ff9a59b-9c1e-4fd2-8860-a4e7f75f24ca, Nodes: 8a1c7d23-f7ea-4407-91b8-7f954e7d1576{ip: 192.168.5.168, host: trunk-nightly-6qp7m-2461138711, networkLocation: /default-rack, certSerialId: null}, Type:RATIS, Factor:ONE, State:OPEN]
2019-07-13 20:54:00,505 INFO  node.SCMNodeManager (SCMNodeManager.java:register(269)) - Registered Data node : 6895d720-a821-4f7b-972d-a231886c7842{ip: 192.168.5.168, host: trunk-nightly-6qp7m-2461138711, networkLocation: /default-rack, certSerialId: null}
2019-07-13 20:54:00,520 INFO  impl.RaftServerProxy (RaftServerProxy.java:addNew(89)) - 6895d720-a821-4f7b-972d-a231886c7842: addNew group-C656A0034598:[6895d720-a821-4f7b-972d-a231886c7842:192.168.5.168:38542] returns group-C656A0034598:java.util.concurrent.CompletableFuture@7f644911[Not completed]
2019-07-13 20:54:00,522 INFO  impl.RaftServerImpl (RaftServerImpl.java:<init>(93)) - 6895d720-a821-4f7b-972d-a231886c7842: new RaftServerImpl for group-C656A0034598:[6895d720-a821-4f7b-972d-a231886c7842:192.168.5.168:38542] with ContainerStateMachine:uninitialized
2019-07-13 20:54:00,522 INFO  server.RaftServerConfigKeys (ConfUtils.java:logGet(43)) - raft.server.rpc.timeout.min = 5s (custom)
2019-07-13 20:54:00,522 INFO  server.RaftServerConfigKeys (ConfUtils.java:logGet(43)) - raft.server.rpc.timeout.max = 5200ms (custom)
2019-07-13 20:54:00,522 INFO  server.RaftServerConfigKeys (ConfUtils.java:logGet(43)) - raft.server.rpcslowness.timeout = 120s (custom)
2019-07-13 20:54:00,523 INFO  server.RaftServerConfigKeys (ConfUtils.java:logGet(43)) - raft.server.sleep.deviation.threshold = 300 (default)
2019-07-13 20:54:00,523 INFO  server.RaftServerConfigKeys (ConfUtils.java:logGet(43)) - raft.server.log.appender.install.snapshot.enabled = false (custom)
2019-07-13 20:54:00,523 INFO  impl.RaftServerImpl (ServerState.java:<init>(105)) - 6895d720-a821-4f7b-972d-a231886c7842:group-C656A0034598 ConfigurationManager, init=-1: [6895d720-a821-4f7b-972d-a231886c7842:192.168.5.168:38542], old=null, confs=<EMPTY_MAP>
2019-07-13 20:54:00,523 INFO  server.RaftServerConfigKeys (ConfUtils.java:logGet(43)) - raft.server.storage.dir = [/tmp/workdir/hadoop-ozone/integration-test/target/test-dir/MiniOzoneClusterImpl-d02a6b33-1f58-45b7-82b4-65e749d8c36b/datanode-4/data/ratis] (custom)
2019-07-13 20:54:00,524 INFO  storage.RaftStorageDirectory (RaftStorageDirectory.java:analyzeStorage(246)) - The storage directory /tmp/workdir/hadoop-ozone/integration-test/target/test-dir/MiniOzoneClusterImpl-d02a6b33-1f58-45b7-82b4-65e749d8c36b/datanode-4/data/ratis/b42d850e-a432-425d-8c59-c656a0034598 does not exist. Creating ...
2019-07-13 20:54:00,530 INFO  storage.RaftStorageDirectory (RaftStorageDirectory.java:tryLock(328)) - Lock on /tmp/workdir/hadoop-ozone/integration-test/target/test-dir/MiniOzoneClusterImpl-d02a6b33-1f58-45b7-82b4-65e749d8c36b/datanode-4/data/ratis/b42d850e-a432-425d-8c59-c656a0034598/in_use.lock acquired by nodename 12100@trunk-nightly-6qp7m-2461138711
2019-07-13 20:54:00,534 INFO  storage.RaftStorage (RaftStorage.java:format(72)) - Storage directory /tmp/workdir/hadoop-ozone/integration-test/target/test-dir/MiniOzoneClusterImpl-d02a6b33-1f58-45b7-82b4-65e749d8c36b/datanode-4/data/ratis/b42d850e-a432-425d-8c59-c656a0034598 has been successfully formatted.
2019-07-13 20:54:00,534 INFO  ratis.ContainerStateMachine (ContainerStateMachine.java:loadSnapshot(200)) - The snapshot info is null.Setting the last applied index to:(t:0, i:~)
2019-07-13 20:54:00,534 INFO  server.RaftServerConfigKeys (ConfUtils.java:logGet(43)) - raft.server.leader.election.timeout = 120s (custom)
2019-07-13 20:54:00,535 INFO  server.RaftServerConfigKeys (ConfUtils.java:logGet(43)) - raft.server.log.use.memory = false (default)
2019-07-13 20:54:00,535 INFO  server.RaftServerConfigKeys (ConfUtils.java:logGet(43)) - raft.server.log.purge.gap = 1000000000 (custom)
2019-07-13 20:54:00,535 INFO  server.RaftServerConfigKeys (ConfUtils.java:logGet(43)) - raft.server.log.appender.buffer.byte-limit = 33554432 (custom)
2019-07-13 20:54:00,535 INFO  server.RaftServerConfigKeys (ConfUtils.java:logGet(43)) - raft.server.log.segment.size.max = 1048576 (custom)
2019-07-13 20:54:00,535 INFO  server.RaftServerConfigKeys (ConfUtils.java:logGet(43)) - raft.server.log.segment.cache.num.max = 2 (custom)
2019-07-13 20:54:00,535 INFO  segmented.SegmentedRaftLogWorker (SegmentedRaftLogWorker.java:<init>(172)) - new 6895d720-a821-4f7b-972d-a231886c7842-SegmentedRaftLogWorker:Storage Directory /tmp/workdir/hadoop-ozone/integration-test/target/test-dir/MiniOzoneClusterImpl-d02a6b33-1f58-45b7-82b4-65e749d8c36b/datanode-4/data/ratis/b42d850e-a432-425d-8c59-c656a0034598 for RaftStorage:Storage Directory /tmp/workdir/hadoop-ozone/integration-test/target/test-dir/MiniOzoneClusterImpl-d02a6b33-1f58-45b7-82b4-65e749d8c36b/datanode-4/data/ratis/b42d850e-a432-425d-8c59-c656a0034598
2019-07-13 20:54:00,536 INFO  server.RaftServerConfigKeys (ConfUtils.java:logGet(43)) - raft.server.log.queue.byte-limit = 2147483647 (custom)
2019-07-13 20:54:00,536 INFO  server.RaftServerConfigKeys (ConfUtils.java:logGet(43)) - raft.server.log.queue.element-limit = 1024 (custom)
2019-07-13 20:54:00,536 INFO  server.RaftServerConfigKeys (ConfUtils.java:logGet(43)) - raft.server.log.segment.size.max = 1048576 (custom)
2019-07-13 20:54:00,536 INFO  server.RaftServerConfigKeys (ConfUtils.java:logGet(43)) - raft.server.log.preallocated.size = 16384 (custom)
2019-07-13 20:54:00,537 INFO  server.RaftServerConfigKeys (ConfUtils.java:logGet(43)) - raft.server.log.write.buffer.size = 33554432 (custom)
2019-07-13 20:54:00,537 INFO  server.RaftServerConfigKeys (ConfUtils.java:logGet(43)) - raft.server.log.force.sync.num = 128 (default)
2019-07-13 20:54:00,537 INFO  server.RaftServerConfigKeys (ConfUtils.java:logGet(43)) - raft.server.log.statemachine.data.sync = true (default)
2019-07-13 20:54:00,537 INFO  server.RaftServerConfigKeys (ConfUtils.java:logGet(43)) - raft.server.log.statemachine.data.sync.timeout = 10s (default)
2019-07-13 20:54:00,537 INFO  server.RaftServerConfigKeys (ConfUtils.java:logGet(43)) - raft.server.log.statemachine.data.sync.timeout.retry = -1 (default)
2019-07-13 20:54:00,538 INFO  server.RaftServerConfigKeys (ConfUtils.java:logGet(43)) - raft.server.log.statemachine.data.caching.enabled = true (custom)
2019-07-13 20:54:00,538 INFO  segmented.SegmentedRaftLogWorker (SegmentedRaftLogWorker.java:lambda$new$0(132)) - 6895d720-a821-4f7b-972d-a231886c7842-SegmentedRaftLogWorker:Storage Directory /tmp/workdir/hadoop-ozone/integration-test/target/test-dir/MiniOzoneClusterImpl-d02a6b33-1f58-45b7-82b4-65e749d8c36b/datanode-4/data/ratis/b42d850e-a432-425d-8c59-c656a0034598: flushIndex: setUnconditionally 0 -> -1
2019-07-13 20:54:00,539 INFO  server.RaftServerConfigKeys (ConfUtils.java:logGet(43)) - raft.server.snapshot.auto.trigger.enabled = true (custom)
2019-07-13 20:54:00,539 INFO  server.RaftServerConfigKeys (ConfUtils.java:logGet(43)) - raft.server.snapshot.auto.trigger.threshold = 10000 (custom)
2019-07-13 20:54:00,539 INFO  server.RaftServerConfigKeys (ConfUtils.java:logGet(43)) - raft.server.retrycache.expirytime = 600000ms (custom)
2019-07-13 20:54:00,539 INFO  impl.RaftServerImpl (RaftServerImpl.java:start(180)) - 6895d720-a821-4f7b-972d-a231886c7842: start group-C656A0034598
2019-07-13 20:54:00,539 INFO  impl.RaftServerImpl (RaftServerImpl.java:setRole(171)) - 6895d720-a821-4f7b-972d-a231886c7842:group-C656A0034598 changes role from null to FOLLOWER at term 0 for startAsFollower
2019-07-13 20:54:00,540 INFO  impl.RoleInfo (RoleInfo.java:updateAndGet(143)) - 6895d720-a821-4f7b-972d-a231886c7842: start FollowerState
2019-07-13 20:54:00,540 INFO  util.JmxRegister (JmxRegister.java:tryRegister(44)) - Successfully registered JMX Bean with object name Ratis:service=RaftServer,group=group-C656A0034598,id=6895d720-a821-4f7b-972d-a231886c7842
2019-07-13 20:54:00,546 INFO  pipeline.PipelineStateManager (PipelineStateManager.java:addPipeline(56)) - Created pipeline Pipeline[ Id: b42d850e-a432-425d-8c59-c656a0034598, Nodes: 6895d720-a821-4f7b-972d-a231886c7842{ip: 192.168.5.168, host: trunk-nightly-6qp7m-2461138711, networkLocation: /default-rack, certSerialId: null}, Type:RATIS, Factor:ONE, State:OPEN]
2019-07-13 20:54:00,686 INFO  node.SCMNodeManager (SCMNodeManager.java:register(269)) - Registered Data node : a044f00e-1f1f-47f2-9345-b9fd97c8a7a9{ip: 192.168.5.168, host: trunk-nightly-6qp7m-2461138711, networkLocation: /default-rack, certSerialId: null}
2019-07-13 20:54:00,701 INFO  impl.RaftServerProxy (RaftServerProxy.java:addNew(89)) - a044f00e-1f1f-47f2-9345-b9fd97c8a7a9: addNew group-2626E701BB0C:[a044f00e-1f1f-47f2-9345-b9fd97c8a7a9:192.168.5.168:43103] returns group-2626E701BB0C:java.util.concurrent.CompletableFuture@75f43644[Not completed]
2019-07-13 20:54:00,703 INFO  impl.RaftServerImpl (RaftServerImpl.java:<init>(93)) - a044f00e-1f1f-47f2-9345-b9fd97c8a7a9: new RaftServerImpl for group-2626E701BB0C:[a044f00e-1f1f-47f2-9345-b9fd97c8a7a9:192.168.5.168:43103] with ContainerStateMachine:uninitialized
2019-07-13 20:54:00,703 INFO  server.RaftServerConfigKeys (ConfUtils.java:logGet(43)) - raft.server.rpc.timeout.min = 5s (custom)
2019-07-13 20:54:00,703 INFO  server.RaftServerConfigKeys (ConfUtils.java:logGet(43)) - raft.server.rpc.timeout.max = 5200ms (custom)
2019-07-13 20:54:00,703 INFO  server.RaftServerConfigKeys (ConfUtils.java:logGet(43)) - raft.server.rpcslowness.timeout = 120s (custom)
2019-07-13 20:54:00,703 INFO  server.RaftServerConfigKeys (ConfUtils.java:logGet(43)) - raft.server.sleep.deviation.threshold = 300 (default)
2019-07-13 20:54:00,704 INFO  server.RaftServerConfigKeys (ConfUtils.java:logGet(43)) - raft.server.log.appender.install.snapshot.enabled = false (custom)
2019-07-13 20:54:00,704 INFO  impl.RaftServerImpl (ServerState.java:<init>(105)) - a044f00e-1f1f-47f2-9345-b9fd97c8a7a9:group-2626E701BB0C ConfigurationManager, init=-1: [a044f00e-1f1f-47f2-9345-b9fd97c8a7a9:192.168.5.168:43103], old=null, confs=<EMPTY_MAP>
2019-07-13 20:54:00,704 INFO  server.RaftServerConfigKeys (ConfUtils.java:logGet(43)) - raft.server.storage.dir = [/tmp/workdir/hadoop-ozone/integration-test/target/test-dir/MiniOzoneClusterImpl-d02a6b33-1f58-45b7-82b4-65e749d8c36b/datanode-5/data/ratis] (custom)
2019-07-13 20:54:00,704 INFO  storage.RaftStorageDirectory (RaftStorageDirectory.java:analyzeStorage(246)) - The storage directory /tmp/workdir/hadoop-ozone/integration-test/target/test-dir/MiniOzoneClusterImpl-d02a6b33-1f58-45b7-82b4-65e749d8c36b/datanode-5/data/ratis/ce505d75-f0af-47af-bad9-2626e701bb0c does not exist. Creating ...
2019-07-13 20:54:00,716 INFO  storage.RaftStorageDirectory (RaftStorageDirectory.java:tryLock(328)) - Lock on /tmp/workdir/hadoop-ozone/integration-test/target/test-dir/MiniOzoneClusterImpl-d02a6b33-1f58-45b7-82b4-65e749d8c36b/datanode-5/data/ratis/ce505d75-f0af-47af-bad9-2626e701bb0c/in_use.lock acquired by nodename 12100@trunk-nightly-6qp7m-2461138711
2019-07-13 20:54:00,727 INFO  storage.RaftStorage (RaftStorage.java:format(72)) - Storage directory /tmp/workdir/hadoop-ozone/integration-test/target/test-dir/MiniOzoneClusterImpl-d02a6b33-1f58-45b7-82b4-65e749d8c36b/datanode-5/data/ratis/ce505d75-f0af-47af-bad9-2626e701bb0c has been successfully formatted.
2019-07-13 20:54:00,727 INFO  ratis.ContainerStateMachine (ContainerStateMachine.java:loadSnapshot(200)) - The snapshot info is null.Setting the last applied index to:(t:0, i:~)
2019-07-13 20:54:00,727 INFO  server.RaftServerConfigKeys (ConfUtils.java:logGet(43)) - raft.server.leader.election.timeout = 120s (custom)
2019-07-13 20:54:00,728 INFO  server.RaftServerConfigKeys (ConfUtils.java:logGet(43)) - raft.server.log.use.memory = false (default)
2019-07-13 20:54:00,728 INFO  server.RaftServerConfigKeys (ConfUtils.java:logGet(43)) - raft.server.log.purge.gap = 1000000000 (custom)
2019-07-13 20:54:00,728 INFO  server.RaftServerConfigKeys (ConfUtils.java:logGet(43)) - raft.server.log.appender.buffer.byte-limit = 33554432 (custom)
2019-07-13 20:54:00,728 INFO  server.RaftServerConfigKeys (ConfUtils.java:logGet(43)) - raft.server.log.segment.size.max = 1048576 (custom)
2019-07-13 20:54:00,728 INFO  server.RaftServerConfigKeys (ConfUtils.java:logGet(43)) - raft.server.log.segment.cache.num.max = 2 (custom)
2019-07-13 20:54:00,729 INFO  segmented.SegmentedRaftLogWorker (SegmentedRaftLogWorker.java:<init>(172)) - new a044f00e-1f1f-47f2-9345-b9fd97c8a7a9-SegmentedRaftLogWorker:Storage Directory /tmp/workdir/hadoop-ozone/integration-test/target/test-dir/MiniOzoneClusterImpl-d02a6b33-1f58-45b7-82b4-65e749d8c36b/datanode-5/data/ratis/ce505d75-f0af-47af-bad9-2626e701bb0c for RaftStorage:Storage Directory /tmp/workdir/hadoop-ozone/integration-test/target/test-dir/MiniOzoneClusterImpl-d02a6b33-1f58-45b7-82b4-65e749d8c36b/datanode-5/data/ratis/ce505d75-f0af-47af-bad9-2626e701bb0c
2019-07-13 20:54:00,729 INFO  server.RaftServerConfigKeys (ConfUtils.java:logGet(43)) - raft.server.log.queue.byte-limit = 2147483647 (custom)
2019-07-13 20:54:00,729 INFO  server.RaftServerConfigKeys (ConfUtils.java:logGet(43)) - raft.server.log.queue.element-limit = 1024 (custom)
2019-07-13 20:54:00,729 INFO  server.RaftServerConfigKeys (ConfUtils.java:logGet(43)) - raft.server.log.segment.size.max = 1048576 (custom)
2019-07-13 20:54:00,730 INFO  server.RaftServerConfigKeys (ConfUtils.java:logGet(43)) - raft.server.log.preallocated.size = 16384 (custom)
2019-07-13 20:54:00,730 INFO  server.RaftServerConfigKeys (ConfUtils.java:logGet(43)) - raft.server.log.write.buffer.size = 33554432 (custom)
2019-07-13 20:54:00,730 INFO  server.RaftServerConfigKeys (ConfUtils.java:logGet(43)) - raft.server.log.force.sync.num = 128 (default)
2019-07-13 20:54:00,730 INFO  server.RaftServerConfigKeys (ConfUtils.java:logGet(43)) - raft.server.log.statemachine.data.sync = true (default)
2019-07-13 20:54:00,730 INFO  server.RaftServerConfigKeys (ConfUtils.java:logGet(43)) - raft.server.log.statemachine.data.sync.timeout = 10s (default)
2019-07-13 20:54:00,730 INFO  server.RaftServerConfigKeys (ConfUtils.java:logGet(43)) - raft.server.log.statemachine.data.sync.timeout.retry = -1 (default)
2019-07-13 20:54:00,731 INFO  server.RaftServerConfigKeys (ConfUtils.java:logGet(43)) - raft.server.log.statemachine.data.caching.enabled = true (custom)
2019-07-13 20:54:00,731 INFO  segmented.SegmentedRaftLogWorker (SegmentedRaftLogWorker.java:lambda$new$0(132)) - a044f00e-1f1f-47f2-9345-b9fd97c8a7a9-SegmentedRaftLogWorker:Storage Directory /tmp/workdir/hadoop-ozone/integration-test/target/test-dir/MiniOzoneClusterImpl-d02a6b33-1f58-45b7-82b4-65e749d8c36b/datanode-5/data/ratis/ce505d75-f0af-47af-bad9-2626e701bb0c: flushIndex: setUnconditionally 0 -> -1
2019-07-13 20:54:00,732 INFO  server.RaftServerConfigKeys (ConfUtils.java:logGet(43)) - raft.server.snapshot.auto.trigger.enabled = true (custom)
2019-07-13 20:54:00,732 INFO  server.RaftServerConfigKeys (ConfUtils.java:logGet(43)) - raft.server.snapshot.auto.trigger.threshold = 10000 (custom)
2019-07-13 20:54:00,732 INFO  server.RaftServerConfigKeys (ConfUtils.java:logGet(43)) - raft.server.retrycache.expirytime = 600000ms (custom)
2019-07-13 20:54:00,732 INFO  impl.RaftServerImpl (RaftServerImpl.java:start(180)) - a044f00e-1f1f-47f2-9345-b9fd97c8a7a9: start group-2626E701BB0C
2019-07-13 20:54:00,733 INFO  impl.RaftServerImpl (RaftServerImpl.java:setRole(171)) - a044f00e-1f1f-47f2-9345-b9fd97c8a7a9:group-2626E701BB0C changes role from null to FOLLOWER at term 0 for startAsFollower
2019-07-13 20:54:00,733 INFO  impl.RoleInfo (RoleInfo.java:updateAndGet(143)) - a044f00e-1f1f-47f2-9345-b9fd97c8a7a9: start FollowerState
2019-07-13 20:54:00,733 INFO  util.JmxRegister (JmxRegister.java:tryRegister(44)) - Successfully registered JMX Bean with object name Ratis:service=RaftServer,group=group-2626E701BB0C,id=a044f00e-1f1f-47f2-9345-b9fd97c8a7a9
2019-07-13 20:54:00,739 INFO  pipeline.PipelineStateManager (PipelineStateManager.java:addPipeline(56)) - Created pipeline Pipeline[ Id: ce505d75-f0af-47af-bad9-2626e701bb0c, Nodes: a044f00e-1f1f-47f2-9345-b9fd97c8a7a9{ip: 192.168.5.168, host: trunk-nightly-6qp7m-2461138711, networkLocation: /default-rack, certSerialId: null}, Type:RATIS, Factor:ONE, State:OPEN]
2019-07-13 20:54:00,761 INFO  impl.RaftServerProxy (RaftServerProxy.java:addNew(89)) - 6895d720-a821-4f7b-972d-a231886c7842: addNew group-6600B1F33927:[8a1c7d23-f7ea-4407-91b8-7f954e7d1576:192.168.5.168:33009, a044f00e-1f1f-47f2-9345-b9fd97c8a7a9:192.168.5.168:43103, 6895d720-a821-4f7b-972d-a231886c7842:192.168.5.168:38542] returns group-6600B1F33927:java.util.concurrent.CompletableFuture@7a986ffa[Not completed]
2019-07-13 20:54:00,761 INFO  impl.RaftServerProxy (RaftServerProxy.java:addNew(89)) - a044f00e-1f1f-47f2-9345-b9fd97c8a7a9: addNew group-6600B1F33927:[8a1c7d23-f7ea-4407-91b8-7f954e7d1576:192.168.5.168:33009, a044f00e-1f1f-47f2-9345-b9fd97c8a7a9:192.168.5.168:43103, 6895d720-a821-4f7b-972d-a231886c7842:192.168.5.168:38542] returns group-6600B1F33927:java.util.concurrent.CompletableFuture@5af7bf1c[Not completed]
2019-07-13 20:54:00,761 INFO  impl.RaftServerProxy (RaftServerProxy.java:addNew(89)) - 8a1c7d23-f7ea-4407-91b8-7f954e7d1576: addNew group-6600B1F33927:[8a1c7d23-f7ea-4407-91b8-7f954e7d1576:192.168.5.168:33009, a044f00e-1f1f-47f2-9345-b9fd97c8a7a9:192.168.5.168:43103, 6895d720-a821-4f7b-972d-a231886c7842:192.168.5.168:38542] returns group-6600B1F33927:java.util.concurrent.CompletableFuture@27e30b4b[Not completed]
2019-07-13 20:54:00,762 INFO  impl.RaftServerImpl (RaftServerImpl.java:<init>(93)) - 6895d720-a821-4f7b-972d-a231886c7842: new RaftServerImpl for group-6600B1F33927:[8a1c7d23-f7ea-4407-91b8-7f954e7d1576:192.168.5.168:33009, a044f00e-1f1f-47f2-9345-b9fd97c8a7a9:192.168.5.168:43103, 6895d720-a821-4f7b-972d-a231886c7842:192.168.5.168:38542] with ContainerStateMachine:uninitialized
2019-07-13 20:54:00,762 INFO  server.RaftServerConfigKeys (ConfUtils.java:logGet(43)) - raft.server.rpc.timeout.min = 5s (custom)
2019-07-13 20:54:00,762 INFO  server.RaftServerConfigKeys (ConfUtils.java:logGet(43)) - raft.server.rpc.timeout.max = 5200ms (custom)
2019-07-13 20:54:00,762 INFO  server.RaftServerConfigKeys (ConfUtils.java:logGet(43)) - raft.server.rpcslowness.timeout = 120s (custom)
2019-07-13 20:54:00,762 INFO  server.RaftServerConfigKeys (ConfUtils.java:logGet(43)) - raft.server.sleep.deviation.threshold = 300 (default)
2019-07-13 20:54:00,762 INFO  impl.RaftServerImpl (RaftServerImpl.java:<init>(93)) - 8a1c7d23-f7ea-4407-91b8-7f954e7d1576: new RaftServerImpl for group-6600B1F33927:[8a1c7d23-f7ea-4407-91b8-7f954e7d1576:192.168.5.168:33009, a044f00e-1f1f-47f2-9345-b9fd97c8a7a9:192.168.5.168:43103, 6895d720-a821-4f7b-972d-a231886c7842:192.168.5.168:38542] with ContainerStateMachine:uninitialized
2019-07-13 20:54:00,763 INFO  server.RaftServerConfigKeys (ConfUtils.java:logGet(43)) - raft.server.log.appender.install.snapshot.enabled = false (custom)
2019-07-13 20:54:00,763 INFO  server.RaftServerConfigKeys (ConfUtils.java:logGet(43)) - raft.server.rpc.timeout.min = 5s (custom)
2019-07-13 20:54:00,763 INFO  impl.RaftServerImpl (ServerState.java:<init>(105)) - 6895d720-a821-4f7b-972d-a231886c7842:group-6600B1F33927 ConfigurationManager, init=-1: [8a1c7d23-f7ea-4407-91b8-7f954e7d1576:192.168.5.168:33009, a044f00e-1f1f-47f2-9345-b9fd97c8a7a9:192.168.5.168:43103, 6895d720-a821-4f7b-972d-a231886c7842:192.168.5.168:38542], old=null, confs=<EMPTY_MAP>
2019-07-13 20:54:00,763 INFO  impl.RaftServerImpl (RaftServerImpl.java:<init>(93)) - a044f00e-1f1f-47f2-9345-b9fd97c8a7a9: new RaftServerImpl for group-6600B1F33927:[8a1c7d23-f7ea-4407-91b8-7f954e7d1576:192.168.5.168:33009, a044f00e-1f1f-47f2-9345-b9fd97c8a7a9:192.168.5.168:43103, 6895d720-a821-4f7b-972d-a231886c7842:192.168.5.168:38542] with ContainerStateMachine:uninitialized
2019-07-13 20:54:00,763 INFO  server.RaftServerConfigKeys (ConfUtils.java:logGet(43)) - raft.server.storage.dir = [/tmp/workdir/hadoop-ozone/integration-test/target/test-dir/MiniOzoneClusterImpl-d02a6b33-1f58-45b7-82b4-65e749d8c36b/datanode-4/data/ratis] (custom)
2019-07-13 20:54:00,763 INFO  server.RaftServerConfigKeys (ConfUtils.java:logGet(43)) - raft.server.rpc.timeout.max = 5200ms (custom)
2019-07-13 20:54:00,763 INFO  server.RaftServerConfigKeys (ConfUtils.java:logGet(43)) - raft.server.rpc.timeout.min = 5s (custom)
2019-07-13 20:54:00,764 INFO  storage.RaftStorageDirectory (RaftStorageDirectory.java:analyzeStorage(246)) - The storage directory /tmp/workdir/hadoop-ozone/integration-test/target/test-dir/MiniOzoneClusterImpl-d02a6b33-1f58-45b7-82b4-65e749d8c36b/datanode-4/data/ratis/e833b71b-069c-4712-ba66-6600b1f33927 does not exist. Creating ...
2019-07-13 20:54:00,764 INFO  server.RaftServerConfigKeys (ConfUtils.java:logGet(43)) - raft.server.rpcslowness.timeout = 120s (custom)
2019-07-13 20:54:00,764 INFO  server.RaftServerConfigKeys (ConfUtils.java:logGet(43)) - raft.server.sleep.deviation.threshold = 300 (default)
2019-07-13 20:54:00,764 INFO  server.RaftServerConfigKeys (ConfUtils.java:logGet(43)) - raft.server.rpc.timeout.max = 5200ms (custom)
2019-07-13 20:54:00,764 INFO  server.RaftServerConfigKeys (ConfUtils.java:logGet(43)) - raft.server.log.appender.install.snapshot.enabled = false (custom)
2019-07-13 20:54:00,764 INFO  server.RaftServerConfigKeys (ConfUtils.java:logGet(43)) - raft.server.rpcslowness.timeout = 120s (custom)
2019-07-13 20:54:00,765 INFO  impl.RaftServerImpl (ServerState.java:<init>(105)) - 8a1c7d23-f7ea-4407-91b8-7f954e7d1576:group-6600B1F33927 ConfigurationManager, init=-1: [8a1c7d23-f7ea-4407-91b8-7f954e7d1576:192.168.5.168:33009, a044f00e-1f1f-47f2-9345-b9fd97c8a7a9:192.168.5.168:43103, 6895d720-a821-4f7b-972d-a231886c7842:192.168.5.168:38542], old=null, confs=<EMPTY_MAP>
2019-07-13 20:54:00,765 INFO  server.RaftServerConfigKeys (ConfUtils.java:logGet(43)) - raft.server.sleep.deviation.threshold = 300 (default)
2019-07-13 20:54:00,765 INFO  server.RaftServerConfigKeys (ConfUtils.java:logGet(43)) - raft.server.storage.dir = [/tmp/workdir/hadoop-ozone/integration-test/target/test-dir/MiniOzoneClusterImpl-d02a6b33-1f58-45b7-82b4-65e749d8c36b/datanode-3/data/ratis] (custom)
2019-07-13 20:54:00,765 INFO  server.RaftServerConfigKeys (ConfUtils.java:logGet(43)) - raft.server.log.appender.install.snapshot.enabled = false (custom)
2019-07-13 20:54:00,765 INFO  impl.RaftServerImpl (ServerState.java:<init>(105)) - a044f00e-1f1f-47f2-9345-b9fd97c8a7a9:group-6600B1F33927 ConfigurationManager, init=-1: [8a1c7d23-f7ea-4407-91b8-7f954e7d1576:192.168.5.168:33009, a044f00e-1f1f-47f2-9345-b9fd97c8a7a9:192.168.5.168:43103, 6895d720-a821-4f7b-972d-a231886c7842:192.168.5.168:38542], old=null, confs=<EMPTY_MAP>
2019-07-13 20:54:00,765 INFO  storage.RaftStorageDirectory (RaftStorageDirectory.java:analyzeStorage(246)) - The storage directory /tmp/workdir/hadoop-ozone/integration-test/target/test-dir/MiniOzoneClusterImpl-d02a6b33-1f58-45b7-82b4-65e749d8c36b/datanode-3/data/ratis/e833b71b-069c-4712-ba66-6600b1f33927 does not exist. Creating ...
2019-07-13 20:54:00,765 INFO  server.RaftServerConfigKeys (ConfUtils.java:logGet(43)) - raft.server.storage.dir = [/tmp/workdir/hadoop-ozone/integration-test/target/test-dir/MiniOzoneClusterImpl-d02a6b33-1f58-45b7-82b4-65e749d8c36b/datanode-5/data/ratis] (custom)
2019-07-13 20:54:00,766 INFO  storage.RaftStorageDirectory (RaftStorageDirectory.java:analyzeStorage(246)) - The storage directory /tmp/workdir/hadoop-ozone/integration-test/target/test-dir/MiniOzoneClusterImpl-d02a6b33-1f58-45b7-82b4-65e749d8c36b/datanode-5/data/ratis/e833b71b-069c-4712-ba66-6600b1f33927 does not exist. Creating ...
2019-07-13 20:54:00,771 INFO  storage.RaftStorageDirectory (RaftStorageDirectory.java:tryLock(328)) - Lock on /tmp/workdir/hadoop-ozone/integration-test/target/test-dir/MiniOzoneClusterImpl-d02a6b33-1f58-45b7-82b4-65e749d8c36b/datanode-5/data/ratis/e833b71b-069c-4712-ba66-6600b1f33927/in_use.lock acquired by nodename 12100@trunk-nightly-6qp7m-2461138711
2019-07-13 20:54:00,771 INFO  storage.RaftStorageDirectory (RaftStorageDirectory.java:tryLock(328)) - Lock on /tmp/workdir/hadoop-ozone/integration-test/target/test-dir/MiniOzoneClusterImpl-d02a6b33-1f58-45b7-82b4-65e749d8c36b/datanode-3/data/ratis/e833b71b-069c-4712-ba66-6600b1f33927/in_use.lock acquired by nodename 12100@trunk-nightly-6qp7m-2461138711
2019-07-13 20:54:00,771 INFO  storage.RaftStorageDirectory (RaftStorageDirectory.java:tryLock(328)) - Lock on /tmp/workdir/hadoop-ozone/integration-test/target/test-dir/MiniOzoneClusterImpl-d02a6b33-1f58-45b7-82b4-65e749d8c36b/datanode-4/data/ratis/e833b71b-069c-4712-ba66-6600b1f33927/in_use.lock acquired by nodename 12100@trunk-nightly-6qp7m-2461138711
2019-07-13 20:54:00,778 INFO  storage.RaftStorage (RaftStorage.java:format(72)) - Storage directory /tmp/workdir/hadoop-ozone/integration-test/target/test-dir/MiniOzoneClusterImpl-d02a6b33-1f58-45b7-82b4-65e749d8c36b/datanode-4/data/ratis/e833b71b-069c-4712-ba66-6600b1f33927 has been successfully formatted.
2019-07-13 20:54:00,778 INFO  storage.RaftStorage (RaftStorage.java:format(72)) - Storage directory /tmp/workdir/hadoop-ozone/integration-test/target/test-dir/MiniOzoneClusterImpl-d02a6b33-1f58-45b7-82b4-65e749d8c36b/datanode-3/data/ratis/e833b71b-069c-4712-ba66-6600b1f33927 has been successfully formatted.
2019-07-13 20:54:00,778 INFO  ratis.ContainerStateMachine (ContainerStateMachine.java:loadSnapshot(200)) - The snapshot info is null.Setting the last applied index to:(t:0, i:~)
2019-07-13 20:54:00,778 INFO  storage.RaftStorage (RaftStorage.java:format(72)) - Storage directory /tmp/workdir/hadoop-ozone/integration-test/target/test-dir/MiniOzoneClusterImpl-d02a6b33-1f58-45b7-82b4-65e749d8c36b/datanode-5/data/ratis/e833b71b-069c-4712-ba66-6600b1f33927 has been successfully formatted.
2019-07-13 20:54:00,778 INFO  ratis.ContainerStateMachine (ContainerStateMachine.java:loadSnapshot(200)) - The snapshot info is null.Setting the last applied index to:(t:0, i:~)
2019-07-13 20:54:00,778 INFO  server.RaftServerConfigKeys (ConfUtils.java:logGet(43)) - raft.server.leader.election.timeout = 120s (custom)
2019-07-13 20:54:00,779 INFO  server.RaftServerConfigKeys (ConfUtils.java:logGet(43)) - raft.server.leader.election.timeout = 120s (custom)
2019-07-13 20:54:00,779 INFO  ratis.ContainerStateMachine (ContainerStateMachine.java:loadSnapshot(200)) - The snapshot info is null.Setting the last applied index to:(t:0, i:~)
2019-07-13 20:54:00,779 INFO  server.RaftServerConfigKeys (ConfUtils.java:logGet(43)) - raft.server.log.use.memory = false (default)
2019-07-13 20:54:00,779 INFO  server.RaftServerConfigKeys (ConfUtils.java:logGet(43)) - raft.server.log.use.memory = false (default)
2019-07-13 20:54:00,779 INFO  server.RaftServerConfigKeys (ConfUtils.java:logGet(43)) - raft.server.log.purge.gap = 1000000000 (custom)
2019-07-13 20:54:00,779 INFO  server.RaftServerConfigKeys (ConfUtils.java:logGet(43)) - raft.server.leader.election.timeout = 120s (custom)
2019-07-13 20:54:00,780 INFO  server.RaftServerConfigKeys (ConfUtils.java:logGet(43)) - raft.server.log.appender.buffer.byte-limit = 33554432 (custom)
2019-07-13 20:54:00,779 INFO  server.RaftServerConfigKeys (ConfUtils.java:logGet(43)) - raft.server.log.purge.gap = 1000000000 (custom)
2019-07-13 20:54:00,780 INFO  server.RaftServerConfigKeys (ConfUtils.java:logGet(43)) - raft.server.log.segment.size.max = 1048576 (custom)
2019-07-13 20:54:00,780 INFO  server.RaftServerConfigKeys (ConfUtils.java:logGet(43)) - raft.server.log.use.memory = false (default)
2019-07-13 20:54:00,780 INFO  server.RaftServerConfigKeys (ConfUtils.java:logGet(43)) - raft.server.log.segment.cache.num.max = 2 (custom)
2019-07-13 20:54:00,780 INFO  server.RaftServerConfigKeys (ConfUtils.java:logGet(43)) - raft.server.log.appender.buffer.byte-limit = 33554432 (custom)
2019-07-13 20:54:00,780 INFO  segmented.SegmentedRaftLogWorker (SegmentedRaftLogWorker.java:<init>(172)) - new 8a1c7d23-f7ea-4407-91b8-7f954e7d1576-SegmentedRaftLogWorker:Storage Directory /tmp/workdir/hadoop-ozone/integration-test/target/test-dir/MiniOzoneClusterImpl-d02a6b33-1f58-45b7-82b4-65e749d8c36b/datanode-3/data/ratis/e833b71b-069c-4712-ba66-6600b1f33927 for RaftStorage:Storage Directory /tmp/workdir/hadoop-ozone/integration-test/target/test-dir/MiniOzoneClusterImpl-d02a6b33-1f58-45b7-82b4-65e749d8c36b/datanode-3/data/ratis/e833b71b-069c-4712-ba66-6600b1f33927
2019-07-13 20:54:00,780 INFO  server.RaftServerConfigKeys (ConfUtils.java:logGet(43)) - raft.server.log.purge.gap = 1000000000 (custom)
2019-07-13 20:54:00,781 INFO  server.RaftServerConfigKeys (ConfUtils.java:logGet(43)) - raft.server.log.queue.byte-limit = 2147483647 (custom)
2019-07-13 20:54:00,781 INFO  server.RaftServerConfigKeys (ConfUtils.java:logGet(43)) - raft.server.log.segment.size.max = 1048576 (custom)
2019-07-13 20:54:00,781 INFO  server.RaftServerConfigKeys (ConfUtils.java:logGet(43)) - raft.server.log.queue.element-limit = 1024 (custom)
2019-07-13 20:54:00,781 INFO  server.RaftServerConfigKeys (ConfUtils.java:logGet(43)) - raft.server.log.appender.buffer.byte-limit = 33554432 (custom)
2019-07-13 20:54:00,781 INFO  server.RaftServerConfigKeys (ConfUtils.java:logGet(43)) - raft.server.log.segment.size.max = 1048576 (custom)
2019-07-13 20:54:00,781 INFO  server.RaftServerConfigKeys (ConfUtils.java:logGet(43)) - raft.server.log.segment.cache.num.max = 2 (custom)
2019-07-13 20:54:00,782 INFO  server.RaftServerConfigKeys (ConfUtils.java:logGet(43)) - raft.server.log.preallocated.size = 16384 (custom)
2019-07-13 20:54:00,782 INFO  server.RaftServerConfigKeys (ConfUtils.java:logGet(43)) - raft.server.log.segment.size.max = 1048576 (custom)
2019-07-13 20:54:00,782 INFO  server.RaftServerConfigKeys (ConfUtils.java:logGet(43)) - raft.server.log.write.buffer.size = 33554432 (custom)
2019-07-13 20:54:00,782 INFO  server.RaftServerConfigKeys (ConfUtils.java:logGet(43)) - raft.server.log.force.sync.num = 128 (default)
2019-07-13 20:54:00,782 INFO  segmented.SegmentedRaftLogWorker (SegmentedRaftLogWorker.java:<init>(172)) - new 6895d720-a821-4f7b-972d-a231886c7842-SegmentedRaftLogWorker:Storage Directory /tmp/workdir/hadoop-ozone/integration-test/target/test-dir/MiniOzoneClusterImpl-d02a6b33-1f58-45b7-82b4-65e749d8c36b/datanode-4/data/ratis/e833b71b-069c-4712-ba66-6600b1f33927 for RaftStorage:Storage Directory /tmp/workdir/hadoop-ozone/integration-test/target/test-dir/MiniOzoneClusterImpl-d02a6b33-1f58-45b7-82b4-65e749d8c36b/datanode-4/data/ratis/e833b71b-069c-4712-ba66-6600b1f33927
2019-07-13 20:54:00,783 INFO  server.RaftServerConfigKeys (ConfUtils.java:logGet(43)) - raft.server.log.statemachine.data.sync = true (default)
2019-07-13 20:54:00,782 INFO  server.RaftServerConfigKeys (ConfUtils.java:logGet(43)) - raft.server.log.segment.cache.num.max = 2 (custom)
2019-07-13 20:54:00,783 INFO  server.RaftServerConfigKeys (ConfUtils.java:logGet(43)) - raft.server.log.statemachine.data.sync.timeout = 10s (default)
2019-07-13 20:54:00,783 INFO  server.RaftServerConfigKeys (ConfUtils.java:logGet(43)) - raft.server.log.queue.byte-limit = 2147483647 (custom)
2019-07-13 20:54:00,783 INFO  server.RaftServerConfigKeys (ConfUtils.java:logGet(43)) - raft.server.log.statemachine.data.sync.timeout.retry = -1 (default)
2019-07-13 20:54:00,783 INFO  segmented.SegmentedRaftLogWorker (SegmentedRaftLogWorker.java:<init>(172)) - new a044f00e-1f1f-47f2-9345-b9fd97c8a7a9-SegmentedRaftLogWorker:Storage Directory /tmp/workdir/hadoop-ozone/integration-test/target/test-dir/MiniOzoneClusterImpl-d02a6b33-1f58-45b7-82b4-65e749d8c36b/datanode-5/data/ratis/e833b71b-069c-4712-ba66-6600b1f33927 for RaftStorage:Storage Directory /tmp/workdir/hadoop-ozone/integration-test/target/test-dir/MiniOzoneClusterImpl-d02a6b33-1f58-45b7-82b4-65e749d8c36b/datanode-5/data/ratis/e833b71b-069c-4712-ba66-6600b1f33927
2019-07-13 20:54:00,784 INFO  server.RaftServerConfigKeys (ConfUtils.java:logGet(43)) - raft.server.log.statemachine.data.caching.enabled = true (custom)
2019-07-13 20:54:00,784 INFO  server.RaftServerConfigKeys (ConfUtils.java:logGet(43)) - raft.server.log.queue.element-limit = 1024 (custom)
2019-07-13 20:54:00,784 INFO  segmented.SegmentedRaftLogWorker (SegmentedRaftLogWorker.java:lambda$new$0(132)) - 8a1c7d23-f7ea-4407-91b8-7f954e7d1576-SegmentedRaftLogWorker:Storage Directory /tmp/workdir/hadoop-ozone/integration-test/target/test-dir/MiniOzoneClusterImpl-d02a6b33-1f58-45b7-82b4-65e749d8c36b/datanode-3/data/ratis/e833b71b-069c-4712-ba66-6600b1f33927: flushIndex: setUnconditionally 0 -> -1
2019-07-13 20:54:00,784 INFO  server.RaftServerConfigKeys (ConfUtils.java:logGet(43)) - raft.server.log.queue.byte-limit = 2147483647 (custom)
2019-07-13 20:54:00,784 INFO  server.RaftServerConfigKeys (ConfUtils.java:logGet(43)) - raft.server.log.segment.size.max = 1048576 (custom)
2019-07-13 20:54:00,785 INFO  server.RaftServerConfigKeys (ConfUtils.java:logGet(43)) - raft.server.snapshot.auto.trigger.enabled = true (custom)
2019-07-13 20:54:00,785 INFO  server.RaftServerConfigKeys (ConfUtils.java:logGet(43)) - raft.server.log.queue.element-limit = 1024 (custom)
2019-07-13 20:54:00,785 INFO  server.RaftServerConfigKeys (ConfUtils.java:logGet(43)) - raft.server.snapshot.auto.trigger.threshold = 10000 (custom)
2019-07-13 20:54:00,785 INFO  server.RaftServerConfigKeys (ConfUtils.java:logGet(43)) - raft.server.log.preallocated.size = 16384 (custom)
2019-07-13 20:54:00,785 INFO  server.RaftServerConfigKeys (ConfUtils.java:logGet(43)) - raft.server.retrycache.expirytime = 600000ms (custom)
2019-07-13 20:54:00,785 INFO  server.RaftServerConfigKeys (ConfUtils.java:logGet(43)) - raft.server.log.segment.size.max = 1048576 (custom)
2019-07-13 20:54:00,786 INFO  impl.RaftServerImpl (RaftServerImpl.java:start(180)) - 8a1c7d23-f7ea-4407-91b8-7f954e7d1576: start group-6600B1F33927
2019-07-13 20:54:00,785 INFO  server.RaftServerConfigKeys (ConfUtils.java:logGet(43)) - raft.server.log.write.buffer.size = 33554432 (custom)
2019-07-13 20:54:00,786 INFO  impl.RaftServerImpl (RaftServerImpl.java:setRole(171)) - 8a1c7d23-f7ea-4407-91b8-7f954e7d1576:group-6600B1F33927 changes role from null to FOLLOWER at term 0 for startAsFollower
2019-07-13 20:54:00,786 INFO  server.RaftServerConfigKeys (ConfUtils.java:logGet(43)) - raft.server.log.preallocated.size = 16384 (custom)
2019-07-13 20:54:00,786 INFO  impl.RoleInfo (RoleInfo.java:updateAndGet(143)) - 8a1c7d23-f7ea-4407-91b8-7f954e7d1576: start FollowerState
2019-07-13 20:54:00,786 INFO  server.RaftServerConfigKeys (ConfUtils.java:logGet(43)) - raft.server.log.force.sync.num = 128 (default)
2019-07-13 20:54:00,786 INFO  server.RaftServerConfigKeys (ConfUtils.java:logGet(43)) - raft.server.log.write.buffer.size = 33554432 (custom)
2019-07-13 20:54:00,787 INFO  server.RaftServerConfigKeys (ConfUtils.java:logGet(43)) - raft.server.log.statemachine.data.sync = true (default)
2019-07-13 20:54:00,787 INFO  util.JmxRegister (JmxRegister.java:tryRegister(44)) - Successfully registered JMX Bean with object name Ratis:service=RaftServer,group=group-6600B1F33927,id=8a1c7d23-f7ea-4407-91b8-7f954e7d1576
2019-07-13 20:54:00,787 INFO  server.RaftServerConfigKeys (ConfUtils.java:logGet(43)) - raft.server.log.force.sync.num = 128 (default)
2019-07-13 20:54:00,787 INFO  server.RaftServerConfigKeys (ConfUtils.java:logGet(43)) - raft.server.log.statemachine.data.sync.timeout = 10s (default)
2019-07-13 20:54:00,787 INFO  server.RaftServerConfigKeys (ConfUtils.java:logGet(43)) - raft.server.log.statemachine.data.sync = true (default)
2019-07-13 20:54:00,787 INFO  server.RaftServerConfigKeys (ConfUtils.java:logGet(43)) - raft.server.log.statemachine.data.sync.timeout.retry = -1 (default)
2019-07-13 20:54:00,788 INFO  server.RaftServerConfigKeys (ConfUtils.java:logGet(43)) - raft.server.log.statemachine.data.sync.timeout = 10s (default)
2019-07-13 20:54:00,788 INFO  server.RaftServerConfigKeys (ConfUtils.java:logGet(43)) - raft.server.log.statemachine.data.caching.enabled = true (custom)
2019-07-13 20:54:00,788 INFO  server.RaftServerConfigKeys (ConfUtils.java:logGet(43)) - raft.server.log.statemachine.data.sync.timeout.retry = -1 (default)
2019-07-13 20:54:00,788 INFO  segmented.SegmentedRaftLogWorker (SegmentedRaftLogWorker.java:lambda$new$0(132)) - 6895d720-a821-4f7b-972d-a231886c7842-SegmentedRaftLogWorker:Storage Directory /tmp/workdir/hadoop-ozone/integration-test/target/test-dir/MiniOzoneClusterImpl-d02a6b33-1f58-45b7-82b4-65e749d8c36b/datanode-4/data/ratis/e833b71b-069c-4712-ba66-6600b1f33927: flushIndex: setUnconditionally 0 -> -1
2019-07-13 20:54:00,788 INFO  server.RaftServerConfigKeys (ConfUtils.java:logGet(43)) - raft.server.log.statemachine.data.caching.enabled = true (custom)
2019-07-13 20:54:00,789 INFO  server.RaftServerConfigKeys (ConfUtils.java:logGet(43)) - raft.server.snapshot.auto.trigger.enabled = true (custom)
2019-07-13 20:54:00,789 INFO  segmented.SegmentedRaftLogWorker (SegmentedRaftLogWorker.java:lambda$new$0(132)) - a044f00e-1f1f-47f2-9345-b9fd97c8a7a9-SegmentedRaftLogWorker:Storage Directory /tmp/workdir/hadoop-ozone/integration-test/target/test-dir/MiniOzoneClusterImpl-d02a6b33-1f58-45b7-82b4-65e749d8c36b/datanode-5/data/ratis/e833b71b-069c-4712-ba66-6600b1f33927: flushIndex: setUnconditionally 0 -> -1
2019-07-13 20:54:00,789 INFO  server.RaftServerConfigKeys (ConfUtils.java:logGet(43)) - raft.server.snapshot.auto.trigger.threshold = 10000 (custom)
2019-07-13 20:54:00,789 INFO  server.RaftServerConfigKeys (ConfUtils.java:logGet(43)) - raft.server.snapshot.auto.trigger.enabled = true (custom)
2019-07-13 20:54:00,789 INFO  server.RaftServerConfigKeys (ConfUtils.java:logGet(43)) - raft.server.retrycache.expirytime = 600000ms (custom)
2019-07-13 20:54:00,789 INFO  server.RaftServerConfigKeys (ConfUtils.java:logGet(43)) - raft.server.snapshot.auto.trigger.threshold = 10000 (custom)
2019-07-13 20:54:00,790 INFO  impl.RaftServerImpl (RaftServerImpl.java:start(180)) - 6895d720-a821-4f7b-972d-a231886c7842: start group-6600B1F33927
2019-07-13 20:54:00,790 INFO  impl.RaftServerImpl (RaftServerImpl.java:setRole(171)) - 6895d720-a821-4f7b-972d-a231886c7842:group-6600B1F33927 changes role from null to FOLLOWER at term 0 for startAsFollower
2019-07-13 20:54:00,790 INFO  server.RaftServerConfigKeys (ConfUtils.java:logGet(43)) - raft.server.retrycache.expirytime = 600000ms (custom)
2019-07-13 20:54:00,790 INFO  impl.RoleInfo (RoleInfo.java:updateAndGet(143)) - 6895d720-a821-4f7b-972d-a231886c7842: start FollowerState
2019-07-13 20:54:00,792 INFO  impl.RaftServerImpl (RaftServerImpl.java:start(180)) - a044f00e-1f1f-47f2-9345-b9fd97c8a7a9: start group-6600B1F33927
2019-07-13 20:54:00,793 INFO  impl.RaftServerImpl (RaftServerImpl.java:setRole(171)) - a044f00e-1f1f-47f2-9345-b9fd97c8a7a9:group-6600B1F33927 changes role from null to FOLLOWER at term 0 for startAsFollower
2019-07-13 20:54:00,793 INFO  impl.RoleInfo (RoleInfo.java:updateAndGet(143)) - a044f00e-1f1f-47f2-9345-b9fd97c8a7a9: start FollowerState
2019-07-13 20:54:00,793 INFO  util.JmxRegister (JmxRegister.java:tryRegister(44)) - Successfully registered JMX Bean with object name Ratis:service=RaftServer,group=group-6600B1F33927,id=6895d720-a821-4f7b-972d-a231886c7842
2019-07-13 20:54:00,794 INFO  util.JmxRegister (JmxRegister.java:tryRegister(44)) - Successfully registered JMX Bean with object name Ratis:service=RaftServer,group=group-6600B1F33927,id=a044f00e-1f1f-47f2-9345-b9fd97c8a7a9
2019-07-13 20:54:00,802 INFO  pipeline.PipelineStateManager (PipelineStateManager.java:addPipeline(56)) - Created pipeline Pipeline[ Id: e833b71b-069c-4712-ba66-6600b1f33927, Nodes: 8a1c7d23-f7ea-4407-91b8-7f954e7d1576{ip: 192.168.5.168, host: trunk-nightly-6qp7m-2461138711, networkLocation: /default-rack, certSerialId: null}6895d720-a821-4f7b-972d-a231886c7842{ip: 192.168.5.168, host: trunk-nightly-6qp7m-2461138711, networkLocation: /default-rack, certSerialId: null}a044f00e-1f1f-47f2-9345-b9fd97c8a7a9{ip: 192.168.5.168, host: trunk-nightly-6qp7m-2461138711, networkLocation: /default-rack, certSerialId: null}, Type:RATIS, Factor:THREE, State:OPEN]
2019-07-13 20:54:00,851 INFO  ozone.MiniOzoneClusterImpl (MiniOzoneClusterImpl.java:lambda$waitForClusterToBeReady$0(142)) - Waiting for cluster to be ready. Got 6 of 7 DN Heartbeats.
2019-07-13 20:54:00,855 INFO  node.SCMNodeManager (SCMNodeManager.java:register(269)) - Registered Data node : 21ac3a48-4226-4f71-b041-054c907dbe16{ip: 192.168.5.168, host: trunk-nightly-6qp7m-2461138711, networkLocation: /default-rack, certSerialId: null}
2019-07-13 20:54:00,868 INFO  impl.RaftServerProxy (RaftServerProxy.java:addNew(89)) - 21ac3a48-4226-4f71-b041-054c907dbe16: addNew group-9115F794E8BE:[21ac3a48-4226-4f71-b041-054c907dbe16:192.168.5.168:43918] returns group-9115F794E8BE:java.util.concurrent.CompletableFuture@64d38454[Not completed]
2019-07-13 20:54:00,870 INFO  impl.RaftServerImpl (RaftServerImpl.java:<init>(93)) - 21ac3a48-4226-4f71-b041-054c907dbe16: new RaftServerImpl for group-9115F794E8BE:[21ac3a48-4226-4f71-b041-054c907dbe16:192.168.5.168:43918] with ContainerStateMachine:uninitialized
2019-07-13 20:54:00,870 INFO  server.RaftServerConfigKeys (ConfUtils.java:logGet(43)) - raft.server.rpc.timeout.min = 5s (custom)
2019-07-13 20:54:00,870 INFO  server.RaftServerConfigKeys (ConfUtils.java:logGet(43)) - raft.server.rpc.timeout.max = 5200ms (custom)
2019-07-13 20:54:00,870 INFO  server.RaftServerConfigKeys (ConfUtils.java:logGet(43)) - raft.server.rpcslowness.timeout = 120s (custom)
2019-07-13 20:54:00,870 INFO  server.RaftServerConfigKeys (ConfUtils.java:logGet(43)) - raft.server.sleep.deviation.threshold = 300 (default)
2019-07-13 20:54:00,870 INFO  server.RaftServerConfigKeys (ConfUtils.java:logGet(43)) - raft.server.log.appender.install.snapshot.enabled = false (custom)
2019-07-13 20:54:00,871 INFO  impl.RaftServerImpl (ServerState.java:<init>(105)) - 21ac3a48-4226-4f71-b041-054c907dbe16:group-9115F794E8BE ConfigurationManager, init=-1: [21ac3a48-4226-4f71-b041-054c907dbe16:192.168.5.168:43918], old=null, confs=<EMPTY_MAP>
2019-07-13 20:54:00,871 INFO  server.RaftServerConfigKeys (ConfUtils.java:logGet(43)) - raft.server.storage.dir = [/tmp/workdir/hadoop-ozone/integration-test/target/test-dir/MiniOzoneClusterImpl-d02a6b33-1f58-45b7-82b4-65e749d8c36b/datanode-6/data/ratis] (custom)
2019-07-13 20:54:00,871 INFO  storage.RaftStorageDirectory (RaftStorageDirectory.java:analyzeStorage(246)) - The storage directory /tmp/workdir/hadoop-ozone/integration-test/target/test-dir/MiniOzoneClusterImpl-d02a6b33-1f58-45b7-82b4-65e749d8c36b/datanode-6/data/ratis/b781fd17-3b5d-46ac-bf07-9115f794e8be does not exist. Creating ...
2019-07-13 20:54:00,885 INFO  storage.RaftStorageDirectory (RaftStorageDirectory.java:tryLock(328)) - Lock on /tmp/workdir/hadoop-ozone/integration-test/target/test-dir/MiniOzoneClusterImpl-d02a6b33-1f58-45b7-82b4-65e749d8c36b/datanode-6/data/ratis/b781fd17-3b5d-46ac-bf07-9115f794e8be/in_use.lock acquired by nodename 12100@trunk-nightly-6qp7m-2461138711
2019-07-13 20:54:00,888 INFO  storage.RaftStorage (RaftStorage.java:format(72)) - Storage directory /tmp/workdir/hadoop-ozone/integration-test/target/test-dir/MiniOzoneClusterImpl-d02a6b33-1f58-45b7-82b4-65e749d8c36b/datanode-6/data/ratis/b781fd17-3b5d-46ac-bf07-9115f794e8be has been successfully formatted.
2019-07-13 20:54:00,889 INFO  ratis.ContainerStateMachine (ContainerStateMachine.java:loadSnapshot(200)) - The snapshot info is null.Setting the last applied index to:(t:0, i:~)
2019-07-13 20:54:00,889 INFO  server.RaftServerConfigKeys (ConfUtils.java:logGet(43)) - raft.server.leader.election.timeout = 120s (custom)
2019-07-13 20:54:00,889 INFO  server.RaftServerConfigKeys (ConfUtils.java:logGet(43)) - raft.server.log.use.memory = false (default)
2019-07-13 20:54:00,889 INFO  server.RaftServerConfigKeys (ConfUtils.java:logGet(43)) - raft.server.log.purge.gap = 1000000000 (custom)
2019-07-13 20:54:00,890 INFO  server.RaftServerConfigKeys (ConfUtils.java:logGet(43)) - raft.server.log.appender.buffer.byte-limit = 33554432 (custom)
2019-07-13 20:54:00,890 INFO  server.RaftServerConfigKeys (ConfUtils.java:logGet(43)) - raft.server.log.segment.size.max = 1048576 (custom)
2019-07-13 20:54:00,890 INFO  server.RaftServerConfigKeys (ConfUtils.java:logGet(43)) - raft.server.log.segment.cache.num.max = 2 (custom)
2019-07-13 20:54:00,890 INFO  segmented.SegmentedRaftLogWorker (SegmentedRaftLogWorker.java:<init>(172)) - new 21ac3a48-4226-4f71-b041-054c907dbe16-SegmentedRaftLogWorker:Storage Directory /tmp/workdir/hadoop-ozone/integration-test/target/test-dir/MiniOzoneClusterImpl-d02a6b33-1f58-45b7-82b4-65e749d8c36b/datanode-6/data/ratis/b781fd17-3b5d-46ac-bf07-9115f794e8be for RaftStorage:Storage Directory /tmp/workdir/hadoop-ozone/integration-test/target/test-dir/MiniOzoneClusterImpl-d02a6b33-1f58-45b7-82b4-65e749d8c36b/datanode-6/data/ratis/b781fd17-3b5d-46ac-bf07-9115f794e8be
2019-07-13 20:54:00,890 INFO  server.RaftServerConfigKeys (ConfUtils.java:logGet(43)) - raft.server.log.queue.byte-limit = 2147483647 (custom)
2019-07-13 20:54:00,891 INFO  server.RaftServerConfigKeys (ConfUtils.java:logGet(43)) - raft.server.log.queue.element-limit = 1024 (custom)
2019-07-13 20:54:00,891 INFO  server.RaftServerConfigKeys (ConfUtils.java:logGet(43)) - raft.server.log.segment.size.max = 1048576 (custom)
2019-07-13 20:54:00,891 INFO  server.RaftServerConfigKeys (ConfUtils.java:logGet(43)) - raft.server.log.preallocated.size = 16384 (custom)
2019-07-13 20:54:00,891 INFO  server.RaftServerConfigKeys (ConfUtils.java:logGet(43)) - raft.server.log.write.buffer.size = 33554432 (custom)
2019-07-13 20:54:00,891 INFO  server.RaftServerConfigKeys (ConfUtils.java:logGet(43)) - raft.server.log.force.sync.num = 128 (default)
2019-07-13 20:54:00,892 INFO  server.RaftServerConfigKeys (ConfUtils.java:logGet(43)) - raft.server.log.statemachine.data.sync = true (default)
2019-07-13 20:54:00,892 INFO  server.RaftServerConfigKeys (ConfUtils.java:logGet(43)) - raft.server.log.statemachine.data.sync.timeout = 10s (default)
2019-07-13 20:54:00,892 INFO  server.RaftServerConfigKeys (ConfUtils.java:logGet(43)) - raft.server.log.statemachine.data.sync.timeout.retry = -1 (default)
2019-07-13 20:54:00,892 INFO  server.RaftServerConfigKeys (ConfUtils.java:logGet(43)) - raft.server.log.statemachine.data.caching.enabled = true (custom)
2019-07-13 20:54:00,893 INFO  segmented.SegmentedRaftLogWorker (SegmentedRaftLogWorker.java:lambda$new$0(132)) - 21ac3a48-4226-4f71-b041-054c907dbe16-SegmentedRaftLogWorker:Storage Directory /tmp/workdir/hadoop-ozone/integration-test/target/test-dir/MiniOzoneClusterImpl-d02a6b33-1f58-45b7-82b4-65e749d8c36b/datanode-6/data/ratis/b781fd17-3b5d-46ac-bf07-9115f794e8be: flushIndex: setUnconditionally 0 -> -1
2019-07-13 20:54:00,893 INFO  server.RaftServerConfigKeys (ConfUtils.java:logGet(43)) - raft.server.snapshot.auto.trigger.enabled = true (custom)
2019-07-13 20:54:00,893 INFO  server.RaftServerConfigKeys (ConfUtils.java:logGet(43)) - raft.server.snapshot.auto.trigger.threshold = 10000 (custom)
2019-07-13 20:54:00,894 INFO  server.RaftServerConfigKeys (ConfUtils.java:logGet(43)) - raft.server.retrycache.expirytime = 600000ms (custom)
2019-07-13 20:54:00,894 INFO  impl.RaftServerImpl (RaftServerImpl.java:start(180)) - 21ac3a48-4226-4f71-b041-054c907dbe16: start group-9115F794E8BE
2019-07-13 20:54:00,894 INFO  impl.RaftServerImpl (RaftServerImpl.java:setRole(171)) - 21ac3a48-4226-4f71-b041-054c907dbe16:group-9115F794E8BE changes role from null to FOLLOWER at term 0 for startAsFollower
2019-07-13 20:54:00,894 INFO  impl.RoleInfo (RoleInfo.java:updateAndGet(143)) - 21ac3a48-4226-4f71-b041-054c907dbe16: start FollowerState
2019-07-13 20:54:00,895 INFO  util.JmxRegister (JmxRegister.java:tryRegister(44)) - Successfully registered JMX Bean with object name Ratis:service=RaftServer,group=group-9115F794E8BE,id=21ac3a48-4226-4f71-b041-054c907dbe16
2019-07-13 20:54:00,900 INFO  pipeline.PipelineStateManager (PipelineStateManager.java:addPipeline(56)) - Created pipeline Pipeline[ Id: b781fd17-3b5d-46ac-bf07-9115f794e8be, Nodes: 21ac3a48-4226-4f71-b041-054c907dbe16{ip: 192.168.5.168, host: trunk-nightly-6qp7m-2461138711, networkLocation: /default-rack, certSerialId: null}, Type:RATIS, Factor:ONE, State:OPEN]
2019-07-13 20:54:01,851 INFO  ozone.MiniOzoneClusterImpl (MiniOzoneClusterImpl.java:lambda$waitForClusterToBeReady$0(142)) - Cluster is ready. Got 7 of 7 DN Heartbeats.
2019-07-13 20:54:01,896 INFO  rpc.RpcClient (RpcClient.java:createVolume(287)) - Creating Volume: testblockoutputstreamwithretries, with jenkins1000 as owner.
2019-07-13 20:54:01,912 INFO  rpc.RpcClient (RpcClient.java:createBucket(424)) - Creating Bucket: testblockoutputstreamwithretries/testblockoutputstreamwithretries, with Versioning false and Storage Type set to DISK and Encryption set to false 
2019-07-13 20:54:01,949 INFO  client.GrpcClientProtocolClient (GrpcClientProtocolClient.java:onNext(255)) - client-9BA8715FFC54->4b04d24d-1392-469c-a931-6fc9a672a38d: receive RaftClientReply:client-9BA8715FFC54->4b04d24d-1392-469c-a931-6fc9a672a38d@group-D74905F0F5DC, cid=42, FAILED org.apache.ratis.protocol.NotLeaderException: Server 4b04d24d-1392-469c-a931-6fc9a672a38d is not the leader (null). Request must be sent to leader., logIndex=0, commits[4b04d24d-1392-469c-a931-6fc9a672a38d:c-1]
2019-07-13 20:54:02,590 INFO  container.ReplicationManager (ReplicationManager.java:start(155)) - Starting Replication Monitor Thread.
2019-07-13 20:54:02,593 INFO  container.ReplicationManager (ReplicationManager.java:run(207)) - Replication Monitor Thread took 0 milliseconds for processing 3 containers.
2019-07-13 20:54:02,988 INFO  client.GrpcClientProtocolClient (GrpcClientProtocolClient.java:onNext(255)) - client-9BA8715FFC54->216a4753-b6ed-443c-b053-bd35568ad21c: receive RaftClientReply:client-9BA8715FFC54->216a4753-b6ed-443c-b053-bd35568ad21c@group-D74905F0F5DC, cid=42, FAILED org.apache.ratis.protocol.NotLeaderException: Server 216a4753-b6ed-443c-b053-bd35568ad21c is not the leader (null). Request must be sent to leader., logIndex=0, commits[216a4753-b6ed-443c-b053-bd35568ad21c:c-1]
2019-07-13 20:54:04,014 INFO  client.GrpcClientProtocolClient (GrpcClientProtocolClient.java:onNext(255)) - client-9BA8715FFC54->4b04d24d-1392-469c-a931-6fc9a672a38d: receive RaftClientReply:client-9BA8715FFC54->4b04d24d-1392-469c-a931-6fc9a672a38d@group-D74905F0F5DC, cid=42, FAILED org.apache.ratis.protocol.NotLeaderException: Server 4b04d24d-1392-469c-a931-6fc9a672a38d is not the leader (null). Request must be sent to leader., logIndex=0, commits[4b04d24d-1392-469c-a931-6fc9a672a38d:c-1]
2019-07-13 20:54:04,795 INFO  impl.FollowerState (FollowerState.java:run(106)) - 216a4753-b6ed-443c-b053-bd35568ad21c:group-9D4DD3D08546 changes to CANDIDATE, lastRpcTime:5161, electionTimeout:5161ms
2019-07-13 20:54:04,796 INFO  impl.RoleInfo (RoleInfo.java:shutdownFollowerState(121)) - 216a4753-b6ed-443c-b053-bd35568ad21c: shutdown FollowerState
2019-07-13 20:54:04,796 INFO  impl.RaftServerImpl (RaftServerImpl.java:setRole(171)) - 216a4753-b6ed-443c-b053-bd35568ad21c:group-9D4DD3D08546 changes role from FOLLOWER to CANDIDATE at term 0 for changeToCandidate
2019-07-13 20:54:04,796 INFO  impl.RoleInfo (RoleInfo.java:updateAndGet(143)) - 216a4753-b6ed-443c-b053-bd35568ad21c: start LeaderElection
2019-07-13 20:54:04,818 INFO  impl.LeaderElection (LeaderElection.java:askForVotes(181)) - 216a4753-b6ed-443c-b053-bd35568ad21c:group-9D4DD3D08546:LeaderElection14: begin an election at term 1 for -1: [216a4753-b6ed-443c-b053-bd35568ad21c:192.168.5.168:33546], old=null
2019-07-13 20:54:04,819 INFO  impl.RoleInfo (RoleInfo.java:shutdownLeaderElection(134)) - 216a4753-b6ed-443c-b053-bd35568ad21c: shutdown LeaderElection
2019-07-13 20:54:04,819 INFO  impl.RaftServerImpl (RaftServerImpl.java:setRole(171)) - 216a4753-b6ed-443c-b053-bd35568ad21c:group-9D4DD3D08546 changes role from CANDIDATE to LEADER at term 1 for changeToLeader
2019-07-13 20:54:04,819 INFO  impl.RaftServerImpl (ServerState.java:setLeader(263)) - 216a4753-b6ed-443c-b053-bd35568ad21c:group-9D4DD3D08546 change Leader from null to 216a4753-b6ed-443c-b053-bd35568ad21c at term 1 for becomeLeader, leader elected after 5191ms
2019-07-13 20:54:04,819 INFO  server.RaftServerConfigKeys (ConfUtils.java:logGet(43)) - raft.server.staging.catchup.gap = 1000 (default)
2019-07-13 20:54:04,820 INFO  server.RaftServerConfigKeys (ConfUtils.java:logGet(43)) - raft.server.rpc.sleep.time = 25ms (default)
2019-07-13 20:54:04,820 INFO  server.RaftServerConfigKeys (ConfUtils.java:logGet(43)) - raft.server.write.element-limit = 4096 (default)
2019-07-13 20:54:04,820 INFO  server.RaftServerConfigKeys (ConfUtils.java:logGet(43)) - raft.server.watch.timeout = 10s (default)
2019-07-13 20:54:04,820 INFO  server.RaftServerConfigKeys (ConfUtils.java:logGet(43)) - raft.server.watch.timeout.denomination = 1s (default)
2019-07-13 20:54:04,820 INFO  server.RaftServerConfigKeys (ConfUtils.java:logGet(43)) - raft.server.watch.element-limit = 65536 (default)
2019-07-13 20:54:04,821 INFO  impl.RoleInfo (RoleInfo.java:updateAndGet(143)) - 216a4753-b6ed-443c-b053-bd35568ad21c: start LeaderState
2019-07-13 20:54:04,821 INFO  segmented.SegmentedRaftLogWorker (SegmentedRaftLogWorker.java:startLogSegment(380)) - 216a4753-b6ed-443c-b053-bd35568ad21c-SegmentedRaftLogWorker:Storage Directory /tmp/workdir/hadoop-ozone/integration-test/target/test-dir/MiniOzoneClusterImpl-d02a6b33-1f58-45b7-82b4-65e749d8c36b/datanode-0/data/ratis/1b862a9f-5aa8-498f-a6ff-9d4dd3d08546: Starting segment from index:0
2019-07-13 20:54:04,822 INFO  impl.RaftServerImpl (ServerState.java:setRaftConf(361)) - 216a4753-b6ed-443c-b053-bd35568ad21c:group-9D4DD3D08546 set configuration 0: [216a4753-b6ed-443c-b053-bd35568ad21c:192.168.5.168:33546], old=null at 0
2019-07-13 20:54:04,863 INFO  segmented.SegmentedRaftLogWorker (SegmentedRaftLogWorker.java:execute(569)) - 216a4753-b6ed-443c-b053-bd35568ad21c-SegmentedRaftLogWorker:Storage Directory /tmp/workdir/hadoop-ozone/integration-test/target/test-dir/MiniOzoneClusterImpl-d02a6b33-1f58-45b7-82b4-65e749d8c36b/datanode-0/data/ratis/1b862a9f-5aa8-498f-a6ff-9d4dd3d08546: created new log segment /tmp/workdir/hadoop-ozone/integration-test/target/test-dir/MiniOzoneClusterImpl-d02a6b33-1f58-45b7-82b4-65e749d8c36b/datanode-0/data/ratis/1b862a9f-5aa8-498f-a6ff-9d4dd3d08546/current/log_inprogress_0
2019-07-13 20:54:04,945 INFO  impl.FollowerState (FollowerState.java:run(106)) - 0c9e860d-8934-4034-81f7-fa21ad4a8723:group-487214CECC28 changes to CANDIDATE, lastRpcTime:5108, electionTimeout:5108ms
2019-07-13 20:54:04,945 INFO  impl.RoleInfo (RoleInfo.java:shutdownFollowerState(121)) - 0c9e860d-8934-4034-81f7-fa21ad4a8723: shutdown FollowerState
2019-07-13 20:54:04,945 INFO  impl.RaftServerImpl (RaftServerImpl.java:setRole(171)) - 0c9e860d-8934-4034-81f7-fa21ad4a8723:group-487214CECC28 changes role from FOLLOWER to CANDIDATE at term 0 for changeToCandidate
2019-07-13 20:54:04,945 INFO  impl.RoleInfo (RoleInfo.java:updateAndGet(143)) - 0c9e860d-8934-4034-81f7-fa21ad4a8723: start LeaderElection
2019-07-13 20:54:04,974 INFO  impl.LeaderElection (LeaderElection.java:askForVotes(181)) - 0c9e860d-8934-4034-81f7-fa21ad4a8723:group-487214CECC28:LeaderElection15: begin an election at term 1 for -1: [0c9e860d-8934-4034-81f7-fa21ad4a8723:192.168.5.168:44552], old=null
2019-07-13 20:54:04,974 INFO  impl.RoleInfo (RoleInfo.java:shutdownLeaderElection(134)) - 0c9e860d-8934-4034-81f7-fa21ad4a8723: shutdown LeaderElection
2019-07-13 20:54:04,974 INFO  impl.RaftServerImpl (RaftServerImpl.java:setRole(171)) - 0c9e860d-8934-4034-81f7-fa21ad4a8723:group-487214CECC28 changes role from CANDIDATE to LEADER at term 1 for changeToLeader
2019-07-13 20:54:04,974 INFO  impl.RaftServerImpl (ServerState.java:setLeader(263)) - 0c9e860d-8934-4034-81f7-fa21ad4a8723:group-487214CECC28 change Leader from null to 0c9e860d-8934-4034-81f7-fa21ad4a8723 at term 1 for becomeLeader, leader elected after 5142ms
2019-07-13 20:54:04,974 INFO  server.RaftServerConfigKeys (ConfUtils.java:logGet(43)) - raft.server.staging.catchup.gap = 1000 (default)
2019-07-13 20:54:04,974 INFO  server.RaftServerConfigKeys (ConfUtils.java:logGet(43)) - raft.server.rpc.sleep.time = 25ms (default)
2019-07-13 20:54:04,975 INFO  server.RaftServerConfigKeys (ConfUtils.java:logGet(43)) - raft.server.write.element-limit = 4096 (default)
2019-07-13 20:54:04,975 INFO  server.RaftServerConfigKeys (ConfUtils.java:logGet(43)) - raft.server.watch.timeout = 10s (default)
2019-07-13 20:54:04,975 INFO  server.RaftServerConfigKeys (ConfUtils.java:logGet(43)) - raft.server.watch.timeout.denomination = 1s (default)
2019-07-13 20:54:04,975 INFO  server.RaftServerConfigKeys (ConfUtils.java:logGet(43)) - raft.server.watch.element-limit = 65536 (default)
2019-07-13 20:54:04,975 INFO  impl.RoleInfo (RoleInfo.java:updateAndGet(143)) - 0c9e860d-8934-4034-81f7-fa21ad4a8723: start LeaderState
2019-07-13 20:54:04,976 INFO  segmented.SegmentedRaftLogWorker (SegmentedRaftLogWorker.java:startLogSegment(380)) - 0c9e860d-8934-4034-81f7-fa21ad4a8723-SegmentedRaftLogWorker:Storage Directory /tmp/workdir/hadoop-ozone/integration-test/target/test-dir/MiniOzoneClusterImpl-d02a6b33-1f58-45b7-82b4-65e749d8c36b/datanode-1/data/ratis/df5e6243-903a-4249-ab1b-487214cecc28: Starting segment from index:0
2019-07-13 20:54:04,976 INFO  impl.RaftServerImpl (ServerState.java:setRaftConf(361)) - 0c9e860d-8934-4034-81f7-fa21ad4a8723:group-487214CECC28 set configuration 0: [0c9e860d-8934-4034-81f7-fa21ad4a8723:192.168.5.168:44552], old=null at 0
2019-07-13 20:54:05,021 INFO  segmented.SegmentedRaftLogWorker (SegmentedRaftLogWorker.java:execute(569)) - 0c9e860d-8934-4034-81f7-fa21ad4a8723-SegmentedRaftLogWorker:Storage Directory /tmp/workdir/hadoop-ozone/integration-test/target/test-dir/MiniOzoneClusterImpl-d02a6b33-1f58-45b7-82b4-65e749d8c36b/datanode-1/data/ratis/df5e6243-903a-4249-ab1b-487214cecc28: created new log segment /tmp/workdir/hadoop-ozone/integration-test/target/test-dir/MiniOzoneClusterImpl-d02a6b33-1f58-45b7-82b4-65e749d8c36b/datanode-1/data/ratis/df5e6243-903a-4249-ab1b-487214cecc28/current/log_inprogress_0
2019-07-13 20:54:05,036 INFO  client.GrpcClientProtocolClient (GrpcClientProtocolClient.java:onNext(255)) - client-9BA8715FFC54->0c9e860d-8934-4034-81f7-fa21ad4a8723: receive RaftClientReply:client-9BA8715FFC54->0c9e860d-8934-4034-81f7-fa21ad4a8723@group-D74905F0F5DC, cid=42, FAILED org.apache.ratis.protocol.NotLeaderException: Server 0c9e860d-8934-4034-81f7-fa21ad4a8723 is not the leader (null). Request must be sent to leader., logIndex=0, commits[0c9e860d-8934-4034-81f7-fa21ad4a8723:c-1]
2019-07-13 20:54:05,148 INFO  impl.FollowerState (FollowerState.java:run(106)) - 0c9e860d-8934-4034-81f7-fa21ad4a8723:group-D74905F0F5DC changes to CANDIDATE, lastRpcTime:5073, electionTimeout:5073ms
2019-07-13 20:54:05,148 INFO  impl.RoleInfo (RoleInfo.java:shutdownFollowerState(121)) - 0c9e860d-8934-4034-81f7-fa21ad4a8723: shutdown FollowerState
2019-07-13 20:54:05,148 INFO  impl.RaftServerImpl (RaftServerImpl.java:setRole(171)) - 0c9e860d-8934-4034-81f7-fa21ad4a8723:group-D74905F0F5DC changes role from FOLLOWER to CANDIDATE at term 0 for changeToCandidate
2019-07-13 20:54:05,149 INFO  impl.RoleInfo (RoleInfo.java:updateAndGet(143)) - 0c9e860d-8934-4034-81f7-fa21ad4a8723: start LeaderElection
2019-07-13 20:54:05,154 INFO  impl.FollowerState (FollowerState.java:run(106)) - 4b04d24d-1392-469c-a931-6fc9a672a38d:group-D74905F0F5DC changes to CANDIDATE, lastRpcTime:5105, electionTimeout:5105ms
2019-07-13 20:54:05,157 INFO  impl.RoleInfo (RoleInfo.java:shutdownFollowerState(121)) - 4b04d24d-1392-469c-a931-6fc9a672a38d: shutdown FollowerState
2019-07-13 20:54:05,157 INFO  impl.RaftServerImpl (RaftServerImpl.java:setRole(171)) - 4b04d24d-1392-469c-a931-6fc9a672a38d:group-D74905F0F5DC changes role from FOLLOWER to CANDIDATE at term 0 for changeToCandidate
2019-07-13 20:54:05,157 INFO  impl.RoleInfo (RoleInfo.java:updateAndGet(143)) - 4b04d24d-1392-469c-a931-6fc9a672a38d: start LeaderElection
2019-07-13 20:54:05,160 INFO  impl.FollowerState (FollowerState.java:run(106)) - 216a4753-b6ed-443c-b053-bd35568ad21c:group-D74905F0F5DC changes to CANDIDATE, lastRpcTime:5085, electionTimeout:5085ms
2019-07-13 20:54:05,170 INFO  impl.FollowerState (FollowerState.java:run(106)) - 4b04d24d-1392-469c-a931-6fc9a672a38d:group-B00E4322E801 changes to CANDIDATE, lastRpcTime:5167, electionTimeout:5159ms
2019-07-13 20:54:05,170 INFO  impl.RoleInfo (RoleInfo.java:shutdownFollowerState(121)) - 216a4753-b6ed-443c-b053-bd35568ad21c: shutdown FollowerState
2019-07-13 20:54:05,170 INFO  impl.RoleInfo (RoleInfo.java:shutdownFollowerState(121)) - 4b04d24d-1392-469c-a931-6fc9a672a38d: shutdown FollowerState
2019-07-13 20:54:05,170 INFO  impl.RaftServerImpl (RaftServerImpl.java:setRole(171)) - 216a4753-b6ed-443c-b053-bd35568ad21c:group-D74905F0F5DC changes role from FOLLOWER to CANDIDATE at term 0 for changeToCandidate
2019-07-13 20:54:05,170 INFO  impl.RaftServerImpl (RaftServerImpl.java:setRole(171)) - 4b04d24d-1392-469c-a931-6fc9a672a38d:group-B00E4322E801 changes role from FOLLOWER to CANDIDATE at term 0 for changeToCandidate
2019-07-13 20:54:05,170 INFO  impl.RoleInfo (RoleInfo.java:updateAndGet(143)) - 216a4753-b6ed-443c-b053-bd35568ad21c: start LeaderElection
2019-07-13 20:54:05,170 INFO  impl.RoleInfo (RoleInfo.java:updateAndGet(143)) - 4b04d24d-1392-469c-a931-6fc9a672a38d: start LeaderElection
2019-07-13 20:54:05,178 INFO  impl.LeaderElection (LeaderElection.java:askForVotes(181)) - 0c9e860d-8934-4034-81f7-fa21ad4a8723:group-D74905F0F5DC:LeaderElection16: begin an election at term 1 for -1: [216a4753-b6ed-443c-b053-bd35568ad21c:192.168.5.168:33546, 0c9e860d-8934-4034-81f7-fa21ad4a8723:192.168.5.168:44552, 4b04d24d-1392-469c-a931-6fc9a672a38d:192.168.5.168:42588], old=null
2019-07-13 20:54:05,178 INFO  impl.LeaderElection (LeaderElection.java:askForVotes(181)) - 4b04d24d-1392-469c-a931-6fc9a672a38d:group-D74905F0F5DC:LeaderElection17: begin an election at term 1 for -1: [216a4753-b6ed-443c-b053-bd35568ad21c:192.168.5.168:33546, 0c9e860d-8934-4034-81f7-fa21ad4a8723:192.168.5.168:44552, 4b04d24d-1392-469c-a931-6fc9a672a38d:192.168.5.168:42588], old=null
2019-07-13 20:54:05,183 INFO  impl.LeaderElection (LeaderElection.java:askForVotes(181)) - 4b04d24d-1392-469c-a931-6fc9a672a38d:group-B00E4322E801:LeaderElection19: begin an election at term 1 for -1: [4b04d24d-1392-469c-a931-6fc9a672a38d:192.168.5.168:42588], old=null
2019-07-13 20:54:05,183 INFO  impl.LeaderElection (LeaderElection.java:askForVotes(181)) - 216a4753-b6ed-443c-b053-bd35568ad21c:group-D74905F0F5DC:LeaderElection18: begin an election at term 1 for -1: [216a4753-b6ed-443c-b053-bd35568ad21c:192.168.5.168:33546, 0c9e860d-8934-4034-81f7-fa21ad4a8723:192.168.5.168:44552, 4b04d24d-1392-469c-a931-6fc9a672a38d:192.168.5.168:42588], old=null
2019-07-13 20:54:05,183 INFO  impl.RoleInfo (RoleInfo.java:shutdownLeaderElection(134)) - 4b04d24d-1392-469c-a931-6fc9a672a38d: shutdown LeaderElection
2019-07-13 20:54:05,183 INFO  impl.RaftServerImpl (RaftServerImpl.java:setRole(171)) - 4b04d24d-1392-469c-a931-6fc9a672a38d:group-B00E4322E801 changes role from CANDIDATE to LEADER at term 1 for changeToLeader
2019-07-13 20:54:05,183 INFO  impl.RaftServerImpl (ServerState.java:setLeader(263)) - 4b04d24d-1392-469c-a931-6fc9a672a38d:group-B00E4322E801 change Leader from null to 4b04d24d-1392-469c-a931-6fc9a672a38d at term 1 for becomeLeader, leader elected after 5185ms
2019-07-13 20:54:05,183 INFO  server.RaftServerConfigKeys (ConfUtils.java:logGet(43)) - raft.server.staging.catchup.gap = 1000 (default)
2019-07-13 20:54:05,184 INFO  server.RaftServerConfigKeys (ConfUtils.java:logGet(43)) - raft.server.rpc.sleep.time = 25ms (default)
2019-07-13 20:54:05,184 INFO  server.RaftServerConfigKeys (ConfUtils.java:logGet(43)) - raft.server.write.element-limit = 4096 (default)
2019-07-13 20:54:05,184 INFO  server.RaftServerConfigKeys (ConfUtils.java:logGet(43)) - raft.server.watch.timeout = 10s (default)
2019-07-13 20:54:05,184 INFO  server.RaftServerConfigKeys (ConfUtils.java:logGet(43)) - raft.server.watch.timeout.denomination = 1s (default)
2019-07-13 20:54:05,187 INFO  server.RaftServerConfigKeys (ConfUtils.java:logGet(43)) - raft.server.watch.element-limit = 65536 (default)
2019-07-13 20:54:05,190 INFO  impl.RoleInfo (RoleInfo.java:updateAndGet(143)) - 4b04d24d-1392-469c-a931-6fc9a672a38d: start LeaderState
2019-07-13 20:54:05,193 INFO  segmented.SegmentedRaftLogWorker (SegmentedRaftLogWorker.java:startLogSegment(380)) - 4b04d24d-1392-469c-a931-6fc9a672a38d-SegmentedRaftLogWorker:Storage Directory /tmp/workdir/hadoop-ozone/integration-test/target/test-dir/MiniOzoneClusterImpl-d02a6b33-1f58-45b7-82b4-65e749d8c36b/datanode-2/data/ratis/cf9bdd94-14de-4fdb-a2d8-b00e4322e801: Starting segment from index:0
2019-07-13 20:54:05,193 INFO  impl.RaftServerImpl (ServerState.java:setRaftConf(361)) - 4b04d24d-1392-469c-a931-6fc9a672a38d:group-B00E4322E801 set configuration 0: [4b04d24d-1392-469c-a931-6fc9a672a38d:192.168.5.168:42588], old=null at 0
2019-07-13 20:54:05,223 INFO  segmented.SegmentedRaftLogWorker (SegmentedRaftLogWorker.java:execute(569)) - 4b04d24d-1392-469c-a931-6fc9a672a38d-SegmentedRaftLogWorker:Storage Directory /tmp/workdir/hadoop-ozone/integration-test/target/test-dir/MiniOzoneClusterImpl-d02a6b33-1f58-45b7-82b4-65e749d8c36b/datanode-2/data/ratis/cf9bdd94-14de-4fdb-a2d8-b00e4322e801: created new log segment /tmp/workdir/hadoop-ozone/integration-test/target/test-dir/MiniOzoneClusterImpl-d02a6b33-1f58-45b7-82b4-65e749d8c36b/datanode-2/data/ratis/cf9bdd94-14de-4fdb-a2d8-b00e4322e801/current/log_inprogress_0
2019-07-13 20:54:05,237 INFO  impl.LeaderElection (LeaderElection.java:logAndReturn(56)) - 4b04d24d-1392-469c-a931-6fc9a672a38d:group-D74905F0F5DC:LeaderElection17: Election REJECTED; received 2 response(s) [4b04d24d-1392-469c-a931-6fc9a672a38d<-216a4753-b6ed-443c-b053-bd35568ad21c#0:FAIL-t1, 4b04d24d-1392-469c-a931-6fc9a672a38d<-0c9e860d-8934-4034-81f7-fa21ad4a8723#0:FAIL-t1] and 0 exception(s); 4b04d24d-1392-469c-a931-6fc9a672a38d:t1, leader=null, voted=4b04d24d-1392-469c-a931-6fc9a672a38d, raftlog=4b04d24d-1392-469c-a931-6fc9a672a38d-SegmentedRaftLog:OPENED:c-1,f-1,i0, conf=-1: [216a4753-b6ed-443c-b053-bd35568ad21c:192.168.5.168:33546, 0c9e860d-8934-4034-81f7-fa21ad4a8723:192.168.5.168:44552, 4b04d24d-1392-469c-a931-6fc9a672a38d:192.168.5.168:42588], old=null
2019-07-13 20:54:05,238 INFO  impl.RaftServerImpl (RaftServerImpl.java:setRole(171)) - 4b04d24d-1392-469c-a931-6fc9a672a38d:group-D74905F0F5DC changes role from CANDIDATE to FOLLOWER at term 1 for DISCOVERED_A_NEW_TERM
2019-07-13 20:54:05,238 INFO  impl.RoleInfo (RoleInfo.java:shutdownLeaderElection(134)) - 4b04d24d-1392-469c-a931-6fc9a672a38d: shutdown LeaderElection
2019-07-13 20:54:05,238 INFO  impl.RoleInfo (RoleInfo.java:updateAndGet(143)) - 4b04d24d-1392-469c-a931-6fc9a672a38d: start FollowerState
2019-07-13 20:54:05,243 INFO  impl.LeaderElection (LeaderElection.java:logAndReturn(56)) - 0c9e860d-8934-4034-81f7-fa21ad4a8723:group-D74905F0F5DC:LeaderElection16: Election REJECTED; received 2 response(s) [0c9e860d-8934-4034-81f7-fa21ad4a8723<-216a4753-b6ed-443c-b053-bd35568ad21c#0:FAIL-t1, 0c9e860d-8934-4034-81f7-fa21ad4a8723<-4b04d24d-1392-469c-a931-6fc9a672a38d#0:FAIL-t1] and 0 exception(s); 0c9e860d-8934-4034-81f7-fa21ad4a8723:t1, leader=null, voted=0c9e860d-8934-4034-81f7-fa21ad4a8723, raftlog=0c9e860d-8934-4034-81f7-fa21ad4a8723-SegmentedRaftLog:OPENED:c-1,f-1,i0, conf=-1: [216a4753-b6ed-443c-b053-bd35568ad21c:192.168.5.168:33546, 0c9e860d-8934-4034-81f7-fa21ad4a8723:192.168.5.168:44552, 4b04d24d-1392-469c-a931-6fc9a672a38d:192.168.5.168:42588], old=null
2019-07-13 20:54:05,243 INFO  impl.RaftServerImpl (RaftServerImpl.java:setRole(171)) - 0c9e860d-8934-4034-81f7-fa21ad4a8723:group-D74905F0F5DC changes role from CANDIDATE to FOLLOWER at term 1 for DISCOVERED_A_NEW_TERM
2019-07-13 20:54:05,243 INFO  impl.RoleInfo (RoleInfo.java:shutdownLeaderElection(134)) - 0c9e860d-8934-4034-81f7-fa21ad4a8723: shutdown LeaderElection
2019-07-13 20:54:05,244 INFO  impl.RoleInfo (RoleInfo.java:updateAndGet(143)) - 0c9e860d-8934-4034-81f7-fa21ad4a8723: start FollowerState
2019-07-13 20:54:05,246 INFO  impl.LeaderElection (LeaderElection.java:logAndReturn(56)) - 216a4753-b6ed-443c-b053-bd35568ad21c:group-D74905F0F5DC:LeaderElection18: Election REJECTED; received 2 response(s) [216a4753-b6ed-443c-b053-bd35568ad21c<-0c9e860d-8934-4034-81f7-fa21ad4a8723#0:FAIL-t1, 216a4753-b6ed-443c-b053-bd35568ad21c<-4b04d24d-1392-469c-a931-6fc9a672a38d#0:FAIL-t1] and 0 exception(s); 216a4753-b6ed-443c-b053-bd35568ad21c:t1, leader=null, voted=216a4753-b6ed-443c-b053-bd35568ad21c, raftlog=216a4753-b6ed-443c-b053-bd35568ad21c-SegmentedRaftLog:OPENED:c-1,f-1,i0, conf=-1: [216a4753-b6ed-443c-b053-bd35568ad21c:192.168.5.168:33546, 0c9e860d-8934-4034-81f7-fa21ad4a8723:192.168.5.168:44552, 4b04d24d-1392-469c-a931-6fc9a672a38d:192.168.5.168:42588], old=null
2019-07-13 20:54:05,246 INFO  impl.RaftServerImpl (RaftServerImpl.java:setRole(171)) - 216a4753-b6ed-443c-b053-bd35568ad21c:group-D74905F0F5DC changes role from CANDIDATE to FOLLOWER at term 1 for DISCOVERED_A_NEW_TERM
2019-07-13 20:54:05,247 INFO  impl.RoleInfo (RoleInfo.java:shutdownLeaderElection(134)) - 216a4753-b6ed-443c-b053-bd35568ad21c: shutdown LeaderElection
2019-07-13 20:54:05,247 INFO  impl.RoleInfo (RoleInfo.java:updateAndGet(143)) - 216a4753-b6ed-443c-b053-bd35568ad21c: start FollowerState
2019-07-13 20:54:05,349 INFO  impl.FollowerState (FollowerState.java:run(106)) - 8a1c7d23-f7ea-4407-91b8-7f954e7d1576:group-A4E7F75F24CA changes to CANDIDATE, lastRpcTime:5118, electionTimeout:5118ms
2019-07-13 20:54:05,350 INFO  impl.RoleInfo (RoleInfo.java:shutdownFollowerState(121)) - 8a1c7d23-f7ea-4407-91b8-7f954e7d1576: shutdown FollowerState
2019-07-13 20:54:05,350 INFO  impl.RaftServerImpl (RaftServerImpl.java:setRole(171)) - 8a1c7d23-f7ea-4407-91b8-7f954e7d1576:group-A4E7F75F24CA changes role from FOLLOWER to CANDIDATE at term 0 for changeToCandidate
2019-07-13 20:54:05,350 INFO  impl.RoleInfo (RoleInfo.java:updateAndGet(143)) - 8a1c7d23-f7ea-4407-91b8-7f954e7d1576: start LeaderElection
2019-07-13 20:54:05,367 INFO  impl.LeaderElection (LeaderElection.java:askForVotes(181)) - 8a1c7d23-f7ea-4407-91b8-7f954e7d1576:group-A4E7F75F24CA:LeaderElection20: begin an election at term 1 for -1: [8a1c7d23-f7ea-4407-91b8-7f954e7d1576:192.168.5.168:33009], old=null
2019-07-13 20:54:05,367 INFO  impl.RoleInfo (RoleInfo.java:shutdownLeaderElection(134)) - 8a1c7d23-f7ea-4407-91b8-7f954e7d1576: shutdown LeaderElection
2019-07-13 20:54:05,367 INFO  impl.RaftServerImpl (RaftServerImpl.java:setRole(171)) - 8a1c7d23-f7ea-4407-91b8-7f954e7d1576:group-A4E7F75F24CA changes role from CANDIDATE to LEADER at term 1 for changeToLeader
2019-07-13 20:54:05,368 INFO  impl.RaftServerImpl (ServerState.java:setLeader(263)) - 8a1c7d23-f7ea-4407-91b8-7f954e7d1576:group-A4E7F75F24CA change Leader from null to 8a1c7d23-f7ea-4407-91b8-7f954e7d1576 at term 1 for becomeLeader, leader elected after 5142ms
2019-07-13 20:54:05,368 INFO  server.RaftServerConfigKeys (ConfUtils.java:logGet(43)) - raft.server.staging.catchup.gap = 1000 (default)
2019-07-13 20:54:05,368 INFO  server.RaftServerConfigKeys (ConfUtils.java:logGet(43)) - raft.server.rpc.sleep.time = 25ms (default)
2019-07-13 20:54:05,368 INFO  server.RaftServerConfigKeys (ConfUtils.java:logGet(43)) - raft.server.write.element-limit = 4096 (default)
2019-07-13 20:54:05,368 INFO  server.RaftServerConfigKeys (ConfUtils.java:logGet(43)) - raft.server.watch.timeout = 10s (default)
2019-07-13 20:54:05,369 INFO  server.RaftServerConfigKeys (ConfUtils.java:logGet(43)) - raft.server.watch.timeout.denomination = 1s (default)
2019-07-13 20:54:05,369 INFO  server.RaftServerConfigKeys (ConfUtils.java:logGet(43)) - raft.server.watch.element-limit = 65536 (default)
2019-07-13 20:54:05,372 INFO  impl.RoleInfo (RoleInfo.java:updateAndGet(143)) - 8a1c7d23-f7ea-4407-91b8-7f954e7d1576: start LeaderState
2019-07-13 20:54:05,372 INFO  segmented.SegmentedRaftLogWorker (SegmentedRaftLogWorker.java:startLogSegment(380)) - 8a1c7d23-f7ea-4407-91b8-7f954e7d1576-SegmentedRaftLogWorker:Storage Directory /tmp/workdir/hadoop-ozone/integration-test/target/test-dir/MiniOzoneClusterImpl-d02a6b33-1f58-45b7-82b4-65e749d8c36b/datanode-3/data/ratis/1ff9a59b-9c1e-4fd2-8860-a4e7f75f24ca: Starting segment from index:0
2019-07-13 20:54:05,373 INFO  impl.RaftServerImpl (ServerState.java:setRaftConf(361)) - 8a1c7d23-f7ea-4407-91b8-7f954e7d1576:group-A4E7F75F24CA set configuration 0: [8a1c7d23-f7ea-4407-91b8-7f954e7d1576:192.168.5.168:33009], old=null at 0
2019-07-13 20:54:05,397 INFO  segmented.SegmentedRaftLogWorker (SegmentedRaftLogWorker.java:execute(569)) - 8a1c7d23-f7ea-4407-91b8-7f954e7d1576-SegmentedRaftLogWorker:Storage Directory /tmp/workdir/hadoop-ozone/integration-test/target/test-dir/MiniOzoneClusterImpl-d02a6b33-1f58-45b7-82b4-65e749d8c36b/datanode-3/data/ratis/1ff9a59b-9c1e-4fd2-8860-a4e7f75f24ca: created new log segment /tmp/workdir/hadoop-ozone/integration-test/target/test-dir/MiniOzoneClusterImpl-d02a6b33-1f58-45b7-82b4-65e749d8c36b/datanode-3/data/ratis/1ff9a59b-9c1e-4fd2-8860-a4e7f75f24ca/current/log_inprogress_0
2019-07-13 20:54:05,670 INFO  impl.FollowerState (FollowerState.java:run(106)) - 6895d720-a821-4f7b-972d-a231886c7842:group-C656A0034598 changes to CANDIDATE, lastRpcTime:5130, electionTimeout:5130ms
2019-07-13 20:54:05,670 INFO  impl.RoleInfo (RoleInfo.java:shutdownFollowerState(121)) - 6895d720-a821-4f7b-972d-a231886c7842: shutdown FollowerState
2019-07-13 20:54:05,671 INFO  impl.RaftServerImpl (RaftServerImpl.java:setRole(171)) - 6895d720-a821-4f7b-972d-a231886c7842:group-C656A0034598 changes role from FOLLOWER to CANDIDATE at term 0 for changeToCandidate
2019-07-13 20:54:05,671 INFO  impl.RoleInfo (RoleInfo.java:updateAndGet(143)) - 6895d720-a821-4f7b-972d-a231886c7842: start LeaderElection
2019-07-13 20:54:05,681 INFO  impl.LeaderElection (LeaderElection.java:askForVotes(181)) - 6895d720-a821-4f7b-972d-a231886c7842:group-C656A0034598:LeaderElection21: begin an election at term 1 for -1: [6895d720-a821-4f7b-972d-a231886c7842:192.168.5.168:38542], old=null
2019-07-13 20:54:05,682 INFO  impl.RoleInfo (RoleInfo.java:shutdownLeaderElection(134)) - 6895d720-a821-4f7b-972d-a231886c7842: shutdown LeaderElection
2019-07-13 20:54:05,682 INFO  impl.RaftServerImpl (RaftServerImpl.java:setRole(171)) - 6895d720-a821-4f7b-972d-a231886c7842:group-C656A0034598 changes role from CANDIDATE to LEADER at term 1 for changeToLeader
2019-07-13 20:54:05,682 INFO  impl.RaftServerImpl (ServerState.java:setLeader(263)) - 6895d720-a821-4f7b-972d-a231886c7842:group-C656A0034598 change Leader from null to 6895d720-a821-4f7b-972d-a231886c7842 at term 1 for becomeLeader, leader elected after 5147ms
2019-07-13 20:54:05,682 INFO  server.RaftServerConfigKeys (ConfUtils.java:logGet(43)) - raft.server.staging.catchup.gap = 1000 (default)
2019-07-13 20:54:05,682 INFO  server.RaftServerConfigKeys (ConfUtils.java:logGet(43)) - raft.server.rpc.sleep.time = 25ms (default)
2019-07-13 20:54:05,683 INFO  server.RaftServerConfigKeys (ConfUtils.java:logGet(43)) - raft.server.write.element-limit = 4096 (default)
2019-07-13 20:54:05,683 INFO  server.RaftServerConfigKeys (ConfUtils.java:logGet(43)) - raft.server.watch.timeout = 10s (default)
2019-07-13 20:54:05,683 INFO  server.RaftServerConfigKeys (ConfUtils.java:logGet(43)) - raft.server.watch.timeout.denomination = 1s (default)
2019-07-13 20:54:05,683 INFO  server.RaftServerConfigKeys (ConfUtils.java:logGet(43)) - raft.server.watch.element-limit = 65536 (default)
2019-07-13 20:54:05,683 INFO  impl.RoleInfo (RoleInfo.java:updateAndGet(143)) - 6895d720-a821-4f7b-972d-a231886c7842: start LeaderState
2019-07-13 20:54:05,684 INFO  segmented.SegmentedRaftLogWorker (SegmentedRaftLogWorker.java:startLogSegment(380)) - 6895d720-a821-4f7b-972d-a231886c7842-SegmentedRaftLogWorker:Storage Directory /tmp/workdir/hadoop-ozone/integration-test/target/test-dir/MiniOzoneClusterImpl-d02a6b33-1f58-45b7-82b4-65e749d8c36b/datanode-4/data/ratis/b42d850e-a432-425d-8c59-c656a0034598: Starting segment from index:0
2019-07-13 20:54:05,684 INFO  impl.RaftServerImpl (ServerState.java:setRaftConf(361)) - 6895d720-a821-4f7b-972d-a231886c7842:group-C656A0034598 set configuration 0: [6895d720-a821-4f7b-972d-a231886c7842:192.168.5.168:38542], old=null at 0
2019-07-13 20:54:05,710 INFO  segmented.SegmentedRaftLogWorker (SegmentedRaftLogWorker.java:execute(569)) - 6895d720-a821-4f7b-972d-a231886c7842-SegmentedRaftLogWorker:Storage Directory /tmp/workdir/hadoop-ozone/integration-test/target/test-dir/MiniOzoneClusterImpl-d02a6b33-1f58-45b7-82b4-65e749d8c36b/datanode-4/data/ratis/b42d850e-a432-425d-8c59-c656a0034598: created new log segment /tmp/workdir/hadoop-ozone/integration-test/target/test-dir/MiniOzoneClusterImpl-d02a6b33-1f58-45b7-82b4-65e749d8c36b/datanode-4/data/ratis/b42d850e-a432-425d-8c59-c656a0034598/current/log_inprogress_0
2019-07-13 20:54:05,734 INFO  impl.FollowerState (FollowerState.java:run(106)) - a044f00e-1f1f-47f2-9345-b9fd97c8a7a9:group-2626E701BB0C changes to CANDIDATE, lastRpcTime:5001, electionTimeout:5001ms
2019-07-13 20:54:05,735 INFO  impl.RoleInfo (RoleInfo.java:shutdownFollowerState(121)) - a044f00e-1f1f-47f2-9345-b9fd97c8a7a9: shutdown FollowerState
2019-07-13 20:54:05,735 INFO  impl.RaftServerImpl (RaftServerImpl.java:setRole(171)) - a044f00e-1f1f-47f2-9345-b9fd97c8a7a9:group-2626E701BB0C changes role from FOLLOWER to CANDIDATE at term 0 for changeToCandidate
2019-07-13 20:54:05,735 INFO  impl.RoleInfo (RoleInfo.java:updateAndGet(143)) - a044f00e-1f1f-47f2-9345-b9fd97c8a7a9: start LeaderElection
2019-07-13 20:54:05,744 INFO  impl.LeaderElection (LeaderElection.java:askForVotes(181)) - a044f00e-1f1f-47f2-9345-b9fd97c8a7a9:group-2626E701BB0C:LeaderElection22: begin an election at term 1 for -1: [a044f00e-1f1f-47f2-9345-b9fd97c8a7a9:192.168.5.168:43103], old=null
2019-07-13 20:54:05,744 INFO  impl.RoleInfo (RoleInfo.java:shutdownLeaderElection(134)) - a044f00e-1f1f-47f2-9345-b9fd97c8a7a9: shutdown LeaderElection
2019-07-13 20:54:05,744 INFO  impl.RaftServerImpl (RaftServerImpl.java:setRole(171)) - a044f00e-1f1f-47f2-9345-b9fd97c8a7a9:group-2626E701BB0C changes role from CANDIDATE to LEADER at term 1 for changeToLeader
2019-07-13 20:54:05,744 INFO  impl.RaftServerImpl (ServerState.java:setLeader(263)) - a044f00e-1f1f-47f2-9345-b9fd97c8a7a9:group-2626E701BB0C change Leader from null to a044f00e-1f1f-47f2-9345-b9fd97c8a7a9 at term 1 for becomeLeader, leader elected after 5016ms
2019-07-13 20:54:05,744 INFO  server.RaftServerConfigKeys (ConfUtils.java:logGet(43)) - raft.server.staging.catchup.gap = 1000 (default)
2019-07-13 20:54:05,745 INFO  server.RaftServerConfigKeys (ConfUtils.java:logGet(43)) - raft.server.rpc.sleep.time = 25ms (default)
2019-07-13 20:54:05,745 INFO  server.RaftServerConfigKeys (ConfUtils.java:logGet(43)) - raft.server.write.element-limit = 4096 (default)
2019-07-13 20:54:05,745 INFO  server.RaftServerConfigKeys (ConfUtils.java:logGet(43)) - raft.server.watch.timeout = 10s (default)
2019-07-13 20:54:05,745 INFO  server.RaftServerConfigKeys (ConfUtils.java:logGet(43)) - raft.server.watch.timeout.denomination = 1s (default)
2019-07-13 20:54:05,745 INFO  server.RaftServerConfigKeys (ConfUtils.java:logGet(43)) - raft.server.watch.element-limit = 65536 (default)
2019-07-13 20:54:05,746 INFO  impl.RoleInfo (RoleInfo.java:updateAndGet(143)) - a044f00e-1f1f-47f2-9345-b9fd97c8a7a9: start LeaderState
2019-07-13 20:54:05,746 INFO  segmented.SegmentedRaftLogWorker (SegmentedRaftLogWorker.java:startLogSegment(380)) - a044f00e-1f1f-47f2-9345-b9fd97c8a7a9-SegmentedRaftLogWorker:Storage Directory /tmp/workdir/hadoop-ozone/integration-test/target/test-dir/MiniOzoneClusterImpl-d02a6b33-1f58-45b7-82b4-65e749d8c36b/datanode-5/data/ratis/ce505d75-f0af-47af-bad9-2626e701bb0c: Starting segment from index:0
2019-07-13 20:54:05,746 INFO  impl.RaftServerImpl (ServerState.java:setRaftConf(361)) - a044f00e-1f1f-47f2-9345-b9fd97c8a7a9:group-2626E701BB0C set configuration 0: [a044f00e-1f1f-47f2-9345-b9fd97c8a7a9:192.168.5.168:43103], old=null at 0
2019-07-13 20:54:05,780 INFO  segmented.SegmentedRaftLogWorker (SegmentedRaftLogWorker.java:execute(569)) - a044f00e-1f1f-47f2-9345-b9fd97c8a7a9-SegmentedRaftLogWorker:Storage Directory /tmp/workdir/hadoop-ozone/integration-test/target/test-dir/MiniOzoneClusterImpl-d02a6b33-1f58-45b7-82b4-65e749d8c36b/datanode-5/data/ratis/ce505d75-f0af-47af-bad9-2626e701bb0c: created new log segment /tmp/workdir/hadoop-ozone/integration-test/target/test-dir/MiniOzoneClusterImpl-d02a6b33-1f58-45b7-82b4-65e749d8c36b/datanode-5/data/ratis/ce505d75-f0af-47af-bad9-2626e701bb0c/current/log_inprogress_0
2019-07-13 20:54:05,826 INFO  impl.FollowerState (FollowerState.java:run(106)) - 6895d720-a821-4f7b-972d-a231886c7842:group-6600B1F33927 changes to CANDIDATE, lastRpcTime:5036, electionTimeout:5033ms
2019-07-13 20:54:05,826 INFO  impl.RoleInfo (RoleInfo.java:shutdownFollowerState(121)) - 6895d720-a821-4f7b-972d-a231886c7842: shutdown FollowerState
2019-07-13 20:54:05,826 INFO  impl.RaftServerImpl (RaftServerImpl.java:setRole(171)) - 6895d720-a821-4f7b-972d-a231886c7842:group-6600B1F33927 changes role from FOLLOWER to CANDIDATE at term 0 for changeToCandidate
2019-07-13 20:54:05,827 INFO  impl.RoleInfo (RoleInfo.java:updateAndGet(143)) - 6895d720-a821-4f7b-972d-a231886c7842: start LeaderElection
2019-07-13 20:54:05,845 INFO  impl.LeaderElection (LeaderElection.java:askForVotes(181)) - 6895d720-a821-4f7b-972d-a231886c7842:group-6600B1F33927:LeaderElection23: begin an election at term 1 for -1: [8a1c7d23-f7ea-4407-91b8-7f954e7d1576:192.168.5.168:33009, a044f00e-1f1f-47f2-9345-b9fd97c8a7a9:192.168.5.168:43103, 6895d720-a821-4f7b-972d-a231886c7842:192.168.5.168:38542], old=null
2019-07-13 20:54:05,857 INFO  impl.RaftServerImpl (RaftServerImpl.java:setRole(171)) - a044f00e-1f1f-47f2-9345-b9fd97c8a7a9:group-6600B1F33927 changes role from FOLLOWER to FOLLOWER at term 1 for recognizeCandidate:6895d720-a821-4f7b-972d-a231886c7842
2019-07-13 20:54:05,857 INFO  impl.RaftServerImpl (RaftServerImpl.java:setRole(171)) - 8a1c7d23-f7ea-4407-91b8-7f954e7d1576:group-6600B1F33927 changes role from FOLLOWER to FOLLOWER at term 1 for recognizeCandidate:6895d720-a821-4f7b-972d-a231886c7842
2019-07-13 20:54:05,857 INFO  impl.RoleInfo (RoleInfo.java:shutdownFollowerState(121)) - a044f00e-1f1f-47f2-9345-b9fd97c8a7a9: shutdown FollowerState
2019-07-13 20:54:05,857 INFO  impl.RoleInfo (RoleInfo.java:shutdownFollowerState(121)) - 8a1c7d23-f7ea-4407-91b8-7f954e7d1576: shutdown FollowerState
2019-07-13 20:54:05,858 INFO  impl.FollowerState (FollowerState.java:run(114)) - a044f00e-1f1f-47f2-9345-b9fd97c8a7a9: FollowerState was interrupted: java.lang.InterruptedException: sleep interrupted
2019-07-13 20:54:05,857 INFO  impl.RoleInfo (RoleInfo.java:updateAndGet(143)) - a044f00e-1f1f-47f2-9345-b9fd97c8a7a9: start FollowerState
2019-07-13 20:54:05,858 INFO  impl.FollowerState (FollowerState.java:run(114)) - 8a1c7d23-f7ea-4407-91b8-7f954e7d1576: FollowerState was interrupted: java.lang.InterruptedException: sleep interrupted
2019-07-13 20:54:05,858 INFO  impl.RoleInfo (RoleInfo.java:updateAndGet(143)) - 8a1c7d23-f7ea-4407-91b8-7f954e7d1576: start FollowerState
2019-07-13 20:54:05,883 INFO  impl.LeaderElection (LeaderElection.java:logAndReturn(56)) - 6895d720-a821-4f7b-972d-a231886c7842:group-6600B1F33927:LeaderElection23: Election PASSED; received 1 response(s) [6895d720-a821-4f7b-972d-a231886c7842<-a044f00e-1f1f-47f2-9345-b9fd97c8a7a9#0:OK-t1] and 0 exception(s); 6895d720-a821-4f7b-972d-a231886c7842:t1, leader=null, voted=6895d720-a821-4f7b-972d-a231886c7842, raftlog=6895d720-a821-4f7b-972d-a231886c7842-SegmentedRaftLog:OPENED:c-1,f-1,i0, conf=-1: [8a1c7d23-f7ea-4407-91b8-7f954e7d1576:192.168.5.168:33009, a044f00e-1f1f-47f2-9345-b9fd97c8a7a9:192.168.5.168:43103, 6895d720-a821-4f7b-972d-a231886c7842:192.168.5.168:38542], old=null
2019-07-13 20:54:05,883 INFO  impl.RoleInfo (RoleInfo.java:shutdownLeaderElection(134)) - 6895d720-a821-4f7b-972d-a231886c7842: shutdown LeaderElection
2019-07-13 20:54:05,884 INFO  impl.RaftServerImpl (RaftServerImpl.java:setRole(171)) - 6895d720-a821-4f7b-972d-a231886c7842:group-6600B1F33927 changes role from CANDIDATE to LEADER at term 1 for changeToLeader
2019-07-13 20:54:05,885 INFO  impl.RaftServerImpl (ServerState.java:setLeader(263)) - 6895d720-a821-4f7b-972d-a231886c7842:group-6600B1F33927 change Leader from null to 6895d720-a821-4f7b-972d-a231886c7842 at term 1 for becomeLeader, leader elected after 5106ms
2019-07-13 20:54:05,885 INFO  server.RaftServerConfigKeys (ConfUtils.java:logGet(43)) - raft.server.staging.catchup.gap = 1000 (default)
2019-07-13 20:54:05,885 INFO  server.RaftServerConfigKeys (ConfUtils.java:logGet(43)) - raft.server.rpc.sleep.time = 25ms (default)
2019-07-13 20:54:05,886 INFO  server.RaftServerConfigKeys (ConfUtils.java:logGet(43)) - raft.server.write.element-limit = 4096 (default)
2019-07-13 20:54:05,886 INFO  server.RaftServerConfigKeys (ConfUtils.java:logGet(43)) - raft.server.watch.timeout = 10s (default)
2019-07-13 20:54:05,886 INFO  server.RaftServerConfigKeys (ConfUtils.java:logGet(43)) - raft.server.watch.timeout.denomination = 1s (default)
2019-07-13 20:54:05,887 INFO  server.RaftServerConfigKeys (ConfUtils.java:logGet(43)) - raft.server.watch.element-limit = 65536 (default)
2019-07-13 20:54:05,887 INFO  server.RaftServerConfigKeys (ConfUtils.java:logGet(43)) - raft.server.log.appender.snapshot.chunk.size.max = 16MB (=16777216) (default)
2019-07-13 20:54:05,888 INFO  server.RaftServerConfigKeys (ConfUtils.java:logGet(43)) - raft.server.log.appender.buffer.byte-limit = 33554432 (custom)
2019-07-13 20:54:05,888 INFO  server.RaftServerConfigKeys (ConfUtils.java:logGet(43)) - raft.server.log.appender.buffer.element-limit = 1 (custom)
2019-07-13 20:54:05,888 INFO  grpc.GrpcConfigKeys$Server (ConfUtils.java:logGet(43)) - raft.grpc.server.leader.outstanding.appends.max = 128 (default)
2019-07-13 20:54:05,889 INFO  server.RaftServerConfigKeys (ConfUtils.java:logGet(43)) - raft.server.rpc.request.timeout = 3000ms (default)
2019-07-13 20:54:05,889 INFO  server.RaftServerConfigKeys (ConfUtils.java:logGet(43)) - raft.server.log.appender.install.snapshot.enabled = false (custom)
2019-07-13 20:54:05,889 INFO  server.RaftServerConfigKeys (ConfUtils.java:logGet(43)) - raft.server.log.appender.snapshot.chunk.size.max = 16MB (=16777216) (default)
2019-07-13 20:54:05,890 INFO  server.RaftServerConfigKeys (ConfUtils.java:logGet(43)) - raft.server.log.appender.buffer.byte-limit = 33554432 (custom)
2019-07-13 20:54:05,890 INFO  server.RaftServerConfigKeys (ConfUtils.java:logGet(43)) - raft.server.log.appender.buffer.element-limit = 1 (custom)
2019-07-13 20:54:05,890 INFO  grpc.GrpcConfigKeys$Server (ConfUtils.java:logGet(43)) - raft.grpc.server.leader.outstanding.appends.max = 128 (default)
2019-07-13 20:54:05,891 INFO  server.RaftServerConfigKeys (ConfUtils.java:logGet(43)) - raft.server.rpc.request.timeout = 3000ms (default)
2019-07-13 20:54:05,891 INFO  server.RaftServerConfigKeys (ConfUtils.java:logGet(43)) - raft.server.log.appender.install.snapshot.enabled = false (custom)
2019-07-13 20:54:05,891 INFO  impl.RoleInfo (RoleInfo.java:updateAndGet(143)) - 6895d720-a821-4f7b-972d-a231886c7842: start LeaderState
2019-07-13 20:54:05,892 INFO  segmented.SegmentedRaftLogWorker (SegmentedRaftLogWorker.java:startLogSegment(380)) - 6895d720-a821-4f7b-972d-a231886c7842-SegmentedRaftLogWorker:Storage Directory /tmp/workdir/hadoop-ozone/integration-test/target/test-dir/MiniOzoneClusterImpl-d02a6b33-1f58-45b7-82b4-65e749d8c36b/datanode-4/data/ratis/e833b71b-069c-4712-ba66-6600b1f33927: Starting segment from index:0
2019-07-13 20:54:05,893 INFO  impl.RaftServerImpl (ServerState.java:setRaftConf(361)) - 6895d720-a821-4f7b-972d-a231886c7842:group-6600B1F33927 set configuration 0: [8a1c7d23-f7ea-4407-91b8-7f954e7d1576:192.168.5.168:33009, a044f00e-1f1f-47f2-9345-b9fd97c8a7a9:192.168.5.168:43103, 6895d720-a821-4f7b-972d-a231886c7842:192.168.5.168:38542], old=null at 0
2019-07-13 20:54:05,920 INFO  impl.RaftServerImpl (ServerState.java:setLeader(263)) - 8a1c7d23-f7ea-4407-91b8-7f954e7d1576:group-6600B1F33927 change Leader from null to 6895d720-a821-4f7b-972d-a231886c7842 at term 1 for appendEntries, leader elected after 5141ms
2019-07-13 20:54:05,920 INFO  impl.RaftServerImpl (ServerState.java:setLeader(263)) - a044f00e-1f1f-47f2-9345-b9fd97c8a7a9:group-6600B1F33927 change Leader from null to 6895d720-a821-4f7b-972d-a231886c7842 at term 1 for appendEntries, leader elected after 5141ms
2019-07-13 20:54:05,924 INFO  segmented.SegmentedRaftLogWorker (SegmentedRaftLogWorker.java:execute(569)) - 6895d720-a821-4f7b-972d-a231886c7842-SegmentedRaftLogWorker:Storage Directory /tmp/workdir/hadoop-ozone/integration-test/target/test-dir/MiniOzoneClusterImpl-d02a6b33-1f58-45b7-82b4-65e749d8c36b/datanode-4/data/ratis/e833b71b-069c-4712-ba66-6600b1f33927: created new log segment /tmp/workdir/hadoop-ozone/integration-test/target/test-dir/MiniOzoneClusterImpl-d02a6b33-1f58-45b7-82b4-65e749d8c36b/datanode-4/data/ratis/e833b71b-069c-4712-ba66-6600b1f33927/current/log_inprogress_0
2019-07-13 20:54:05,929 INFO  impl.RaftServerImpl (ServerState.java:setRaftConf(361)) - a044f00e-1f1f-47f2-9345-b9fd97c8a7a9:group-6600B1F33927 set configuration 0: [8a1c7d23-f7ea-4407-91b8-7f954e7d1576:192.168.5.168:33009, a044f00e-1f1f-47f2-9345-b9fd97c8a7a9:192.168.5.168:43103, 6895d720-a821-4f7b-972d-a231886c7842:192.168.5.168:38542], old=null at 0
2019-07-13 20:54:05,929 INFO  impl.RaftServerImpl (ServerState.java:setRaftConf(361)) - 8a1c7d23-f7ea-4407-91b8-7f954e7d1576:group-6600B1F33927 set configuration 0: [8a1c7d23-f7ea-4407-91b8-7f954e7d1576:192.168.5.168:33009, a044f00e-1f1f-47f2-9345-b9fd97c8a7a9:192.168.5.168:43103, 6895d720-a821-4f7b-972d-a231886c7842:192.168.5.168:38542], old=null at 0
2019-07-13 20:54:05,929 INFO  segmented.SegmentedRaftLogWorker (SegmentedRaftLogWorker.java:startLogSegment(380)) - a044f00e-1f1f-47f2-9345-b9fd97c8a7a9-SegmentedRaftLogWorker:Storage Directory /tmp/workdir/hadoop-ozone/integration-test/target/test-dir/MiniOzoneClusterImpl-d02a6b33-1f58-45b7-82b4-65e749d8c36b/datanode-5/data/ratis/e833b71b-069c-4712-ba66-6600b1f33927: Starting segment from index:0
2019-07-13 20:54:05,930 INFO  segmented.SegmentedRaftLogWorker (SegmentedRaftLogWorker.java:startLogSegment(380)) - 8a1c7d23-f7ea-4407-91b8-7f954e7d1576-SegmentedRaftLogWorker:Storage Directory /tmp/workdir/hadoop-ozone/integration-test/target/test-dir/MiniOzoneClusterImpl-d02a6b33-1f58-45b7-82b4-65e749d8c36b/datanode-3/data/ratis/e833b71b-069c-4712-ba66-6600b1f33927: Starting segment from index:0
2019-07-13 20:54:05,952 INFO  segmented.SegmentedRaftLogWorker (SegmentedRaftLogWorker.java:execute(569)) - 8a1c7d23-f7ea-4407-91b8-7f954e7d1576-SegmentedRaftLogWorker:Storage Directory /tmp/workdir/hadoop-ozone/integration-test/target/test-dir/MiniOzoneClusterImpl-d02a6b33-1f58-45b7-82b4-65e749d8c36b/datanode-3/data/ratis/e833b71b-069c-4712-ba66-6600b1f33927: created new log segment /tmp/workdir/hadoop-ozone/integration-test/target/test-dir/MiniOzoneClusterImpl-d02a6b33-1f58-45b7-82b4-65e749d8c36b/datanode-3/data/ratis/e833b71b-069c-4712-ba66-6600b1f33927/current/log_inprogress_0
2019-07-13 20:54:05,952 INFO  segmented.SegmentedRaftLogWorker (SegmentedRaftLogWorker.java:execute(569)) - a044f00e-1f1f-47f2-9345-b9fd97c8a7a9-SegmentedRaftLogWorker:Storage Directory /tmp/workdir/hadoop-ozone/integration-test/target/test-dir/MiniOzoneClusterImpl-d02a6b33-1f58-45b7-82b4-65e749d8c36b/datanode-5/data/ratis/e833b71b-069c-4712-ba66-6600b1f33927: created new log segment /tmp/workdir/hadoop-ozone/integration-test/target/test-dir/MiniOzoneClusterImpl-d02a6b33-1f58-45b7-82b4-65e749d8c36b/datanode-5/data/ratis/e833b71b-069c-4712-ba66-6600b1f33927/current/log_inprogress_0
2019-07-13 20:54:05,973 INFO  impl.FollowerState (FollowerState.java:run(106)) - 21ac3a48-4226-4f71-b041-054c907dbe16:group-9115F794E8BE changes to CANDIDATE, lastRpcTime:5078, electionTimeout:5077ms
2019-07-13 20:54:05,973 INFO  impl.RoleInfo (RoleInfo.java:shutdownFollowerState(121)) - 21ac3a48-4226-4f71-b041-054c907dbe16: shutdown FollowerState
2019-07-13 20:54:05,973 INFO  impl.RaftServerImpl (RaftServerImpl.java:setRole(171)) - 21ac3a48-4226-4f71-b041-054c907dbe16:group-9115F794E8BE changes role from FOLLOWER to CANDIDATE at term 0 for changeToCandidate
2019-07-13 20:54:05,973 INFO  impl.RoleInfo (RoleInfo.java:updateAndGet(143)) - 21ac3a48-4226-4f71-b041-054c907dbe16: start LeaderElection
2019-07-13 20:54:05,983 INFO  impl.LeaderElection (LeaderElection.java:askForVotes(181)) - 21ac3a48-4226-4f71-b041-054c907dbe16:group-9115F794E8BE:LeaderElection24: begin an election at term 1 for -1: [21ac3a48-4226-4f71-b041-054c907dbe16:192.168.5.168:43918], old=null
2019-07-13 20:54:05,983 INFO  impl.RoleInfo (RoleInfo.java:shutdownLeaderElection(134)) - 21ac3a48-4226-4f71-b041-054c907dbe16: shutdown LeaderElection
2019-07-13 20:54:05,983 INFO  impl.RaftServerImpl (RaftServerImpl.java:setRole(171)) - 21ac3a48-4226-4f71-b041-054c907dbe16:group-9115F794E8BE changes role from CANDIDATE to LEADER at term 1 for changeToLeader
2019-07-13 20:54:05,983 INFO  impl.RaftServerImpl (ServerState.java:setLeader(263)) - 21ac3a48-4226-4f71-b041-054c907dbe16:group-9115F794E8BE change Leader from null to 21ac3a48-4226-4f71-b041-054c907dbe16 at term 1 for becomeLeader, leader elected after 5094ms
2019-07-13 20:54:05,983 INFO  server.RaftServerConfigKeys (ConfUtils.java:logGet(43)) - raft.server.staging.catchup.gap = 1000 (default)
2019-07-13 20:54:05,984 INFO  server.RaftServerConfigKeys (ConfUtils.java:logGet(43)) - raft.server.rpc.sleep.time = 25ms (default)
2019-07-13 20:54:05,984 INFO  server.RaftServerConfigKeys (ConfUtils.java:logGet(43)) - raft.server.write.element-limit = 4096 (default)
2019-07-13 20:54:05,984 INFO  server.RaftServerConfigKeys (ConfUtils.java:logGet(43)) - raft.server.watch.timeout = 10s (default)
2019-07-13 20:54:05,984 INFO  server.RaftServerConfigKeys (ConfUtils.java:logGet(43)) - raft.server.watch.timeout.denomination = 1s (default)
2019-07-13 20:54:05,984 INFO  server.RaftServerConfigKeys (ConfUtils.java:logGet(43)) - raft.server.watch.element-limit = 65536 (default)
2019-07-13 20:54:05,984 INFO  impl.RoleInfo (RoleInfo.java:updateAndGet(143)) - 21ac3a48-4226-4f71-b041-054c907dbe16: start LeaderState
2019-07-13 20:54:05,985 INFO  segmented.SegmentedRaftLogWorker (SegmentedRaftLogWorker.java:startLogSegment(380)) - 21ac3a48-4226-4f71-b041-054c907dbe16-SegmentedRaftLogWorker:Storage Directory /tmp/workdir/hadoop-ozone/integration-test/target/test-dir/MiniOzoneClusterImpl-d02a6b33-1f58-45b7-82b4-65e749d8c36b/datanode-6/data/ratis/b781fd17-3b5d-46ac-bf07-9115f794e8be: Starting segment from index:0
2019-07-13 20:54:05,985 INFO  impl.RaftServerImpl (ServerState.java:setRaftConf(361)) - 21ac3a48-4226-4f71-b041-054c907dbe16:group-9115F794E8BE set configuration 0: [21ac3a48-4226-4f71-b041-054c907dbe16:192.168.5.168:43918], old=null at 0
2019-07-13 20:54:06,007 INFO  segmented.SegmentedRaftLogWorker (SegmentedRaftLogWorker.java:execute(569)) - 21ac3a48-4226-4f71-b041-054c907dbe16-SegmentedRaftLogWorker:Storage Directory /tmp/workdir/hadoop-ozone/integration-test/target/test-dir/MiniOzoneClusterImpl-d02a6b33-1f58-45b7-82b4-65e749d8c36b/datanode-6/data/ratis/b781fd17-3b5d-46ac-bf07-9115f794e8be: created new log segment /tmp/workdir/hadoop-ozone/integration-test/target/test-dir/MiniOzoneClusterImpl-d02a6b33-1f58-45b7-82b4-65e749d8c36b/datanode-6/data/ratis/b781fd17-3b5d-46ac-bf07-9115f794e8be/current/log_inprogress_0
2019-07-13 20:54:06,059 INFO  client.GrpcClientProtocolClient (GrpcClientProtocolClient.java:onNext(255)) - client-9BA8715FFC54->4b04d24d-1392-469c-a931-6fc9a672a38d: receive RaftClientReply:client-9BA8715FFC54->4b04d24d-1392-469c-a931-6fc9a672a38d@group-D74905F0F5DC, cid=42, FAILED org.apache.ratis.protocol.NotLeaderException: Server 4b04d24d-1392-469c-a931-6fc9a672a38d is not the leader (null). Request must be sent to leader., logIndex=0, commits[4b04d24d-1392-469c-a931-6fc9a672a38d:c-1]
2019-07-13 20:54:07,079 INFO  client.GrpcClientProtocolClient (GrpcClientProtocolClient.java:onNext(255)) - client-9BA8715FFC54->216a4753-b6ed-443c-b053-bd35568ad21c: receive RaftClientReply:client-9BA8715FFC54->216a4753-b6ed-443c-b053-bd35568ad21c@group-D74905F0F5DC, cid=42, FAILED org.apache.ratis.protocol.NotLeaderException: Server 216a4753-b6ed-443c-b053-bd35568ad21c is not the leader (null). Request must be sent to leader., logIndex=0, commits[216a4753-b6ed-443c-b053-bd35568ad21c:c-1]
2019-07-13 20:54:08,106 INFO  client.GrpcClientProtocolClient (GrpcClientProtocolClient.java:onNext(255)) - client-9BA8715FFC54->0c9e860d-8934-4034-81f7-fa21ad4a8723: receive RaftClientReply:client-9BA8715FFC54->0c9e860d-8934-4034-81f7-fa21ad4a8723@group-D74905F0F5DC, cid=42, FAILED org.apache.ratis.protocol.NotLeaderException: Server 0c9e860d-8934-4034-81f7-fa21ad4a8723 is not the leader (null). Request must be sent to leader., logIndex=0, commits[0c9e860d-8934-4034-81f7-fa21ad4a8723:c-1]
2019-07-13 20:54:09,128 INFO  client.GrpcClientProtocolClient (GrpcClientProtocolClient.java:onNext(255)) - client-9BA8715FFC54->216a4753-b6ed-443c-b053-bd35568ad21c: receive RaftClientReply:client-9BA8715FFC54->216a4753-b6ed-443c-b053-bd35568ad21c@group-D74905F0F5DC, cid=42, FAILED org.apache.ratis.protocol.NotLeaderException: Server 216a4753-b6ed-443c-b053-bd35568ad21c is not the leader (null). Request must be sent to leader., logIndex=0, commits[216a4753-b6ed-443c-b053-bd35568ad21c:c-1]
2019-07-13 20:54:10,154 INFO  client.GrpcClientProtocolClient (GrpcClientProtocolClient.java:onNext(255)) - client-9BA8715FFC54->0c9e860d-8934-4034-81f7-fa21ad4a8723: receive RaftClientReply:client-9BA8715FFC54->0c9e860d-8934-4034-81f7-fa21ad4a8723@group-D74905F0F5DC, cid=42, FAILED org.apache.ratis.protocol.NotLeaderException: Server 0c9e860d-8934-4034-81f7-fa21ad4a8723 is not the leader (null). Request must be sent to leader., logIndex=0, commits[0c9e860d-8934-4034-81f7-fa21ad4a8723:c-1]
2019-07-13 20:54:10,310 INFO  impl.FollowerState (FollowerState.java:run(106)) - 216a4753-b6ed-443c-b053-bd35568ad21c:group-D74905F0F5DC changes to CANDIDATE, lastRpcTime:5063, electionTimeout:5063ms
2019-07-13 20:54:10,311 INFO  impl.RoleInfo (RoleInfo.java:shutdownFollowerState(121)) - 216a4753-b6ed-443c-b053-bd35568ad21c: shutdown FollowerState
2019-07-13 20:54:10,311 INFO  impl.RaftServerImpl (RaftServerImpl.java:setRole(171)) - 216a4753-b6ed-443c-b053-bd35568ad21c:group-D74905F0F5DC changes role from FOLLOWER to CANDIDATE at term 1 for changeToCandidate
2019-07-13 20:54:10,311 INFO  impl.RoleInfo (RoleInfo.java:updateAndGet(143)) - 216a4753-b6ed-443c-b053-bd35568ad21c: start LeaderElection
2019-07-13 20:54:10,331 INFO  impl.LeaderElection (LeaderElection.java:askForVotes(181)) - 216a4753-b6ed-443c-b053-bd35568ad21c:group-D74905F0F5DC:LeaderElection25: begin an election at term 2 for -1: [216a4753-b6ed-443c-b053-bd35568ad21c:192.168.5.168:33546, 0c9e860d-8934-4034-81f7-fa21ad4a8723:192.168.5.168:44552, 4b04d24d-1392-469c-a931-6fc9a672a38d:192.168.5.168:42588], old=null
2019-07-13 20:54:10,337 INFO  impl.RaftServerImpl (RaftServerImpl.java:setRole(171)) - 4b04d24d-1392-469c-a931-6fc9a672a38d:group-D74905F0F5DC changes role from FOLLOWER to FOLLOWER at term 2 for recognizeCandidate:216a4753-b6ed-443c-b053-bd35568ad21c
2019-07-13 20:54:10,337 INFO  impl.RaftServerImpl (RaftServerImpl.java:setRole(171)) - 0c9e860d-8934-4034-81f7-fa21ad4a8723:group-D74905F0F5DC changes role from FOLLOWER to FOLLOWER at term 2 for recognizeCandidate:216a4753-b6ed-443c-b053-bd35568ad21c
2019-07-13 20:54:10,337 INFO  impl.RoleInfo (RoleInfo.java:shutdownFollowerState(121)) - 4b04d24d-1392-469c-a931-6fc9a672a38d: shutdown FollowerState
2019-07-13 20:54:10,337 INFO  impl.RoleInfo (RoleInfo.java:shutdownFollowerState(121)) - 0c9e860d-8934-4034-81f7-fa21ad4a8723: shutdown FollowerState
2019-07-13 20:54:10,338 INFO  impl.RoleInfo (RoleInfo.java:updateAndGet(143)) - 4b04d24d-1392-469c-a931-6fc9a672a38d: start FollowerState
2019-07-13 20:54:10,338 INFO  impl.RoleInfo (RoleInfo.java:updateAndGet(143)) - 0c9e860d-8934-4034-81f7-fa21ad4a8723: start FollowerState
2019-07-13 20:54:10,338 INFO  impl.FollowerState (FollowerState.java:run(114)) - 4b04d24d-1392-469c-a931-6fc9a672a38d: FollowerState was interrupted: java.lang.InterruptedException: sleep interrupted
2019-07-13 20:54:10,338 INFO  impl.FollowerState (FollowerState.java:run(114)) - 0c9e860d-8934-4034-81f7-fa21ad4a8723: FollowerState was interrupted: java.lang.InterruptedException: sleep interrupted
2019-07-13 20:54:10,352 INFO  impl.LeaderElection (LeaderElection.java:logAndReturn(56)) - 216a4753-b6ed-443c-b053-bd35568ad21c:group-D74905F0F5DC:LeaderElection25: Election PASSED; received 1 response(s) [216a4753-b6ed-443c-b053-bd35568ad21c<-4b04d24d-1392-469c-a931-6fc9a672a38d#0:OK-t2] and 0 exception(s); 216a4753-b6ed-443c-b053-bd35568ad21c:t2, leader=null, voted=216a4753-b6ed-443c-b053-bd35568ad21c, raftlog=216a4753-b6ed-443c-b053-bd35568ad21c-SegmentedRaftLog:OPENED:c-1,f-1,i0, conf=-1: [216a4753-b6ed-443c-b053-bd35568ad21c:192.168.5.168:33546, 0c9e860d-8934-4034-81f7-fa21ad4a8723:192.168.5.168:44552, 4b04d24d-1392-469c-a931-6fc9a672a38d:192.168.5.168:42588], old=null
2019-07-13 20:54:10,352 INFO  impl.RoleInfo (RoleInfo.java:shutdownLeaderElection(134)) - 216a4753-b6ed-443c-b053-bd35568ad21c: shutdown LeaderElection
2019-07-13 20:54:10,352 INFO  impl.RaftServerImpl (RaftServerImpl.java:setRole(171)) - 216a4753-b6ed-443c-b053-bd35568ad21c:group-D74905F0F5DC changes role from CANDIDATE to LEADER at term 2 for changeToLeader
2019-07-13 20:54:10,352 INFO  impl.RaftServerImpl (ServerState.java:setLeader(263)) - 216a4753-b6ed-443c-b053-bd35568ad21c:group-D74905F0F5DC change Leader from null to 216a4753-b6ed-443c-b053-bd35568ad21c at term 2 for becomeLeader, leader elected after 10307ms
2019-07-13 20:54:10,353 INFO  server.RaftServerConfigKeys (ConfUtils.java:logGet(43)) - raft.server.staging.catchup.gap = 1000 (default)
2019-07-13 20:54:10,353 INFO  server.RaftServerConfigKeys (ConfUtils.java:logGet(43)) - raft.server.rpc.sleep.time = 25ms (default)
2019-07-13 20:54:10,353 INFO  server.RaftServerConfigKeys (ConfUtils.java:logGet(43)) - raft.server.write.element-limit = 4096 (default)
2019-07-13 20:54:10,353 INFO  server.RaftServerConfigKeys (ConfUtils.java:logGet(43)) - raft.server.watch.timeout = 10s (default)
2019-07-13 20:54:10,353 INFO  server.RaftServerConfigKeys (ConfUtils.java:logGet(43)) - raft.server.watch.timeout.denomination = 1s (default)
2019-07-13 20:54:10,353 INFO  server.RaftServerConfigKeys (ConfUtils.java:logGet(43)) - raft.server.watch.element-limit = 65536 (default)
2019-07-13 20:54:10,354 INFO  server.RaftServerConfigKeys (ConfUtils.java:logGet(43)) - raft.server.log.appender.snapshot.chunk.size.max = 16MB (=16777216) (default)
2019-07-13 20:54:10,354 INFO  server.RaftServerConfigKeys (ConfUtils.java:logGet(43)) - raft.server.log.appender.buffer.byte-limit = 33554432 (custom)
2019-07-13 20:54:10,354 INFO  server.RaftServerConfigKeys (ConfUtils.java:logGet(43)) - raft.server.log.appender.buffer.element-limit = 1 (custom)
2019-07-13 20:54:10,355 INFO  grpc.GrpcConfigKeys$Server (ConfUtils.java:logGet(43)) - raft.grpc.server.leader.outstanding.appends.max = 128 (default)
2019-07-13 20:54:10,355 INFO  server.RaftServerConfigKeys (ConfUtils.java:logGet(43)) - raft.server.rpc.request.timeout = 3000ms (default)
2019-07-13 20:54:10,355 INFO  server.RaftServerConfigKeys (ConfUtils.java:logGet(43)) - raft.server.log.appender.install.snapshot.enabled = false (custom)
2019-07-13 20:54:10,355 INFO  server.RaftServerConfigKeys (ConfUtils.java:logGet(43)) - raft.server.log.appender.snapshot.chunk.size.max = 16MB (=16777216) (default)
2019-07-13 20:54:10,355 INFO  server.RaftServerConfigKeys (ConfUtils.java:logGet(43)) - raft.server.log.appender.buffer.byte-limit = 33554432 (custom)
2019-07-13 20:54:10,355 INFO  server.RaftServerConfigKeys (ConfUtils.java:logGet(43)) - raft.server.log.appender.buffer.element-limit = 1 (custom)
2019-07-13 20:54:10,356 INFO  grpc.GrpcConfigKeys$Server (ConfUtils.java:logGet(43)) - raft.grpc.server.leader.outstanding.appends.max = 128 (default)
2019-07-13 20:54:10,356 INFO  server.RaftServerConfigKeys (ConfUtils.java:logGet(43)) - raft.server.rpc.request.timeout = 3000ms (default)
2019-07-13 20:54:10,356 INFO  server.RaftServerConfigKeys (ConfUtils.java:logGet(43)) - raft.server.log.appender.install.snapshot.enabled = false (custom)
2019-07-13 20:54:10,356 INFO  impl.RoleInfo (RoleInfo.java:updateAndGet(143)) - 216a4753-b6ed-443c-b053-bd35568ad21c: start LeaderState
2019-07-13 20:54:10,357 INFO  segmented.SegmentedRaftLogWorker (SegmentedRaftLogWorker.java:startLogSegment(380)) - 216a4753-b6ed-443c-b053-bd35568ad21c-SegmentedRaftLogWorker:Storage Directory /tmp/workdir/hadoop-ozone/integration-test/target/test-dir/MiniOzoneClusterImpl-d02a6b33-1f58-45b7-82b4-65e749d8c36b/datanode-0/data/ratis/0494c33a-5d6e-4ce3-a95e-d74905f0f5dc: Starting segment from index:0
2019-07-13 20:54:10,358 INFO  impl.RaftServerImpl (ServerState.java:setRaftConf(361)) - 216a4753-b6ed-443c-b053-bd35568ad21c:group-D74905F0F5DC set configuration 0: [216a4753-b6ed-443c-b053-bd35568ad21c:192.168.5.168:33546, 0c9e860d-8934-4034-81f7-fa21ad4a8723:192.168.5.168:44552, 4b04d24d-1392-469c-a931-6fc9a672a38d:192.168.5.168:42588], old=null at 0
2019-07-13 20:54:10,380 INFO  impl.RaftServerImpl (ServerState.java:setLeader(263)) - 4b04d24d-1392-469c-a931-6fc9a672a38d:group-D74905F0F5DC change Leader from null to 216a4753-b6ed-443c-b053-bd35568ad21c at term 2 for appendEntries, leader elected after 10339ms
2019-07-13 20:54:10,380 INFO  impl.RaftServerImpl (ServerState.java:setLeader(263)) - 0c9e860d-8934-4034-81f7-fa21ad4a8723:group-D74905F0F5DC change Leader from null to 216a4753-b6ed-443c-b053-bd35568ad21c at term 2 for appendEntries, leader elected after 10322ms
2019-07-13 20:54:10,381 INFO  segmented.SegmentedRaftLogWorker (SegmentedRaftLogWorker.java:execute(569)) - 216a4753-b6ed-443c-b053-bd35568ad21c-SegmentedRaftLogWorker:Storage Directory /tmp/workdir/hadoop-ozone/integration-test/target/test-dir/MiniOzoneClusterImpl-d02a6b33-1f58-45b7-82b4-65e749d8c36b/datanode-0/data/ratis/0494c33a-5d6e-4ce3-a95e-d74905f0f5dc: created new log segment /tmp/workdir/hadoop-ozone/integration-test/target/test-dir/MiniOzoneClusterImpl-d02a6b33-1f58-45b7-82b4-65e749d8c36b/datanode-0/data/ratis/0494c33a-5d6e-4ce3-a95e-d74905f0f5dc/current/log_inprogress_0
2019-07-13 20:54:10,384 INFO  impl.RaftServerImpl (ServerState.java:setRaftConf(361)) - 0c9e860d-8934-4034-81f7-fa21ad4a8723:group-D74905F0F5DC set configuration 0: [216a4753-b6ed-443c-b053-bd35568ad21c:192.168.5.168:33546, 0c9e860d-8934-4034-81f7-fa21ad4a8723:192.168.5.168:44552, 4b04d24d-1392-469c-a931-6fc9a672a38d:192.168.5.168:42588], old=null at 0
2019-07-13 20:54:10,384 INFO  impl.RaftServerImpl (ServerState.java:setRaftConf(361)) - 4b04d24d-1392-469c-a931-6fc9a672a38d:group-D74905F0F5DC set configuration 0: [216a4753-b6ed-443c-b053-bd35568ad21c:192.168.5.168:33546, 0c9e860d-8934-4034-81f7-fa21ad4a8723:192.168.5.168:44552, 4b04d24d-1392-469c-a931-6fc9a672a38d:192.168.5.168:42588], old=null at 0
2019-07-13 20:54:10,385 INFO  segmented.SegmentedRaftLogWorker (SegmentedRaftLogWorker.java:startLogSegment(380)) - 0c9e860d-8934-4034-81f7-fa21ad4a8723-SegmentedRaftLogWorker:Storage Directory /tmp/workdir/hadoop-ozone/integration-test/target/test-dir/MiniOzoneClusterImpl-d02a6b33-1f58-45b7-82b4-65e749d8c36b/datanode-1/data/ratis/0494c33a-5d6e-4ce3-a95e-d74905f0f5dc: Starting segment from index:0
2019-07-13 20:54:10,385 INFO  segmented.SegmentedRaftLogWorker (SegmentedRaftLogWorker.java:startLogSegment(380)) - 4b04d24d-1392-469c-a931-6fc9a672a38d-SegmentedRaftLogWorker:Storage Directory /tmp/workdir/hadoop-ozone/integration-test/target/test-dir/MiniOzoneClusterImpl-d02a6b33-1f58-45b7-82b4-65e749d8c36b/datanode-2/data/ratis/0494c33a-5d6e-4ce3-a95e-d74905f0f5dc: Starting segment from index:0
2019-07-13 20:54:10,409 INFO  segmented.SegmentedRaftLogWorker (SegmentedRaftLogWorker.java:execute(569)) - 4b04d24d-1392-469c-a931-6fc9a672a38d-SegmentedRaftLogWorker:Storage Directory /tmp/workdir/hadoop-ozone/integration-test/target/test-dir/MiniOzoneClusterImpl-d02a6b33-1f58-45b7-82b4-65e749d8c36b/datanode-2/data/ratis/0494c33a-5d6e-4ce3-a95e-d74905f0f5dc: created new log segment /tmp/workdir/hadoop-ozone/integration-test/target/test-dir/MiniOzoneClusterImpl-d02a6b33-1f58-45b7-82b4-65e749d8c36b/datanode-2/data/ratis/0494c33a-5d6e-4ce3-a95e-d74905f0f5dc/current/log_inprogress_0
2019-07-13 20:54:10,409 INFO  segmented.SegmentedRaftLogWorker (SegmentedRaftLogWorker.java:execute(569)) - 0c9e860d-8934-4034-81f7-fa21ad4a8723-SegmentedRaftLogWorker:Storage Directory /tmp/workdir/hadoop-ozone/integration-test/target/test-dir/MiniOzoneClusterImpl-d02a6b33-1f58-45b7-82b4-65e749d8c36b/datanode-1/data/ratis/0494c33a-5d6e-4ce3-a95e-d74905f0f5dc: created new log segment /tmp/workdir/hadoop-ozone/integration-test/target/test-dir/MiniOzoneClusterImpl-d02a6b33-1f58-45b7-82b4-65e749d8c36b/datanode-1/data/ratis/0494c33a-5d6e-4ce3-a95e-d74905f0f5dc/current/log_inprogress_0
2019-07-13 20:54:11,245 INFO  client.GrpcClientProtocolClient (GrpcClientProtocolClient.java:onNext(255)) - client-9BA8715FFC54->216a4753-b6ed-443c-b053-bd35568ad21c: receive RaftClientReply:client-9BA8715FFC54->216a4753-b6ed-443c-b053-bd35568ad21c@group-D74905F0F5DC, cid=42, SUCCESS, logIndex=1, commits[216a4753-b6ed-443c-b053-bd35568ad21c:c2, 0c9e860d-8934-4034-81f7-fa21ad4a8723:c1, 4b04d24d-1392-469c-a931-6fc9a672a38d:c1]
2019-07-13 20:54:11,327 INFO  client.GrpcClientProtocolClient (GrpcClientProtocolClient.java:onNext(255)) - client-9BA8715FFC54->216a4753-b6ed-443c-b053-bd35568ad21c: receive RaftClientReply:client-9BA8715FFC54->216a4753-b6ed-443c-b053-bd35568ad21c@group-D74905F0F5DC, cid=43, SUCCESS, logIndex=3, commits[216a4753-b6ed-443c-b053-bd35568ad21c:c4, 0c9e860d-8934-4034-81f7-fa21ad4a8723:c3, 4b04d24d-1392-469c-a931-6fc9a672a38d:c3]
2019-07-13 20:54:11,391 INFO  client.GrpcClientProtocolClient (GrpcClientProtocolClient.java:onNext(255)) - client-9BA8715FFC54->216a4753-b6ed-443c-b053-bd35568ad21c: receive RaftClientReply:client-9BA8715FFC54->216a4753-b6ed-443c-b053-bd35568ad21c@group-D74905F0F5DC, cid=44, SUCCESS, logIndex=5, commits[216a4753-b6ed-443c-b053-bd35568ad21c:c6, 0c9e860d-8934-4034-81f7-fa21ad4a8723:c5, 4b04d24d-1392-469c-a931-6fc9a672a38d:c5]
2019-07-13 20:54:11,417 INFO  client.GrpcClientProtocolClient (GrpcClientProtocolClient.java:onNext(255)) - client-9BA8715FFC54->216a4753-b6ed-443c-b053-bd35568ad21c: receive RaftClientReply:client-9BA8715FFC54->216a4753-b6ed-443c-b053-bd35568ad21c@group-D74905F0F5DC, cid=45, FAILED org.apache.ratis.protocol.StateMachineException: java.util.concurrent.CompletionException: java.lang.IllegalArgumentException, logIndex=7, commits[216a4753-b6ed-443c-b053-bd35568ad21c:c7, 0c9e860d-8934-4034-81f7-fa21ad4a8723:c6, 4b04d24d-1392-469c-a931-6fc9a672a38d:c5]
2019-07-13 20:54:11,455 INFO  ozone.MiniOzoneClusterImpl (MiniOzoneClusterImpl.java:shutdown(321)) - Shutting down the Mini Ozone Cluster
2019-07-13 20:54:11,455 INFO  ozone.MiniOzoneClusterImpl (MiniOzoneClusterImpl.java:stop(336)) - Stopping the Mini Ozone Cluster
2019-07-13 20:54:11,455 INFO  ozone.MiniOzoneClusterImpl (MiniOzoneClusterImpl.java:stop(338)) - Stopping the OzoneManager
2019-07-13 20:54:11,455 INFO  ipc.Server (Server.java:stop(3082)) - Stopping server on 43910
2019-07-13 20:54:11,469 INFO  ipc.Server (Server.java:run(1185)) - Stopping IPC Server listener on 43910
2019-07-13 20:54:11,486 INFO  utils.BackgroundService (BackgroundService.java:shutdown(148)) - Shutting down service KeyDeletingService
2019-07-13 20:54:11,486 INFO  ipc.Server (Server.java:run(1319)) - Stopping IPC Server Responder
2019-07-13 20:54:11,498 INFO  handler.ContextHandler (ContextHandler.java:doStop(910)) - Stopped o.e.j.w.WebAppContext@54be6213{/,null,UNAVAILABLE}{/ozoneManager}
2019-07-13 20:54:11,499 INFO  server.AbstractConnector (AbstractConnector.java:doStop(318)) - Stopped ServerConnector@48a46b0f{HTTP/1.1,[http/1.1]}{0.0.0.0:0}
2019-07-13 20:54:11,499 INFO  handler.ContextHandler (ContextHandler.java:doStop(910)) - Stopped o.e.j.s.ServletContextHandler@55951fcd{/static,file:///tmp/workdir/hadoop-ozone/integration-test/target/test-classes/webapps/static,UNAVAILABLE}
2019-07-13 20:54:11,500 INFO  handler.ContextHandler (ContextHandler.java:doStop(910)) - Stopped o.e.j.s.ServletContextHandler@37fef327{/logs,file:///tmp/workdir/hadoop-ozone/integration-test/target/log,UNAVAILABLE}
2019-07-13 20:54:11,503 INFO  ozone.MiniOzoneClusterImpl (MiniOzoneClusterImpl.java:stop(344)) - Shutting the HddsDatanodes
2019-07-13 20:54:11,503 INFO  datanode.ObjectStoreHandler (ObjectStoreHandler.java:close(155)) - Closing ObjectStoreHandler.
2019-07-13 20:54:11,503 INFO  datanode.ObjectStoreHandler (ObjectStoreHandler.java:close(155)) - Closing ObjectStoreHandler.
2019-07-13 20:54:11,504 INFO  ozone.HddsDatanodeService (HddsDatanodeService.java:stop(452)) - Stopped plug-in org.apache.hadoop.ozone.web.OzoneHddsDatanodeService@377dbc50
2019-07-13 20:54:11,504 INFO  ozone.HddsDatanodeService (HddsDatanodeService.java:stop(452)) - Stopped plug-in org.apache.hadoop.ozone.web.OzoneHddsDatanodeService@5599dc60
2019-07-13 20:54:11,505 INFO  statemachine.DatanodeStateMachine (DatanodeStateMachine.java:lambda$startDaemon$0(350)) - Ozone container server started.
2019-07-13 20:54:12,421 INFO  statemachine.DatanodeStateMachine (DatanodeStateMachine.java:lambda$startDaemon$0(350)) - Ozone container server started.
2019-07-13 20:54:16,505 INFO  ozoneimpl.OzoneContainer (OzoneContainer.java:stop(199)) - Attempting to stop container services.
2019-07-13 20:54:16,506 INFO  ozoneimpl.OzoneContainer (OzoneContainer.java:stop(199)) - Attempting to stop container services.
2019-07-13 20:54:16,506 INFO  impl.RaftServerProxy (RaftServerProxy.java:lambda$close$4(314)) - 0c9e860d-8934-4034-81f7-fa21ad4a8723: close
2019-07-13 20:54:16,506 INFO  impl.RaftServerProxy (RaftServerProxy.java:lambda$close$4(314)) - 6895d720-a821-4f7b-972d-a231886c7842: close
2019-07-13 20:54:16,507 INFO  impl.RaftServerImpl (RaftServerImpl.java:lambda$shutdown$3(245)) - 0c9e860d-8934-4034-81f7-fa21ad4a8723: shutdown group-487214CECC28
2019-07-13 20:54:16,507 INFO  impl.RaftServerImpl (RaftServerImpl.java:lambda$shutdown$3(245)) - 6895d720-a821-4f7b-972d-a231886c7842: shutdown group-6600B1F33927
2019-07-13 20:54:16,507 INFO  util.JmxRegister (JmxRegister.java:unregister(73)) - Successfully un-registered JMX Bean with object name Ratis:service=RaftServer,group=group-487214CECC28,id=0c9e860d-8934-4034-81f7-fa21ad4a8723
2019-07-13 20:54:16,508 INFO  util.JmxRegister (JmxRegister.java:unregister(73)) - Successfully un-registered JMX Bean with object name Ratis:service=RaftServer,group=group-6600B1F33927,id=6895d720-a821-4f7b-972d-a231886c7842
2019-07-13 20:54:16,508 INFO  impl.RoleInfo (RoleInfo.java:shutdownLeaderState(104)) - 0c9e860d-8934-4034-81f7-fa21ad4a8723: shutdown LeaderState
2019-07-13 20:54:16,509 INFO  impl.RoleInfo (RoleInfo.java:shutdownLeaderState(104)) - 6895d720-a821-4f7b-972d-a231886c7842: shutdown LeaderState
2019-07-13 20:54:16,509 INFO  impl.PendingRequests (PendingRequests.java:sendNotLeaderResponses(202)) - 0c9e860d-8934-4034-81f7-fa21ad4a8723-PendingRequests: sendNotLeaderResponses
2019-07-13 20:54:16,516 WARN  server.GrpcLogAppender (GrpcLogAppender.java:mayWait(143)) - GrpcLogAppender(6895d720-a821-4f7b-972d-a231886c7842->8a1c7d23-f7ea-4407-91b8-7f954e7d1576): Wait interrupted by java.lang.InterruptedException
2019-07-13 20:54:16,516 INFO  impl.PendingRequests (PendingRequests.java:sendNotLeaderResponses(202)) - 6895d720-a821-4f7b-972d-a231886c7842-PendingRequests: sendNotLeaderResponses
2019-07-13 20:54:16,516 INFO  impl.StateMachineUpdater (StateMachineUpdater.java:stopAndJoin(115)) - StateMachineUpdater:0c9e860d-8934-4034-81f7-fa21ad4a8723:group-487214CECC28: set stopIndex = 0
2019-07-13 20:54:16,516 WARN  server.GrpcLogAppender (GrpcLogAppender.java:mayWait(143)) - GrpcLogAppender(6895d720-a821-4f7b-972d-a231886c7842->a044f00e-1f1f-47f2-9345-b9fd97c8a7a9): Wait interrupted by java.lang.InterruptedException
2019-07-13 20:54:16,517 INFO  ratis.ContainerStateMachine (ContainerStateMachine.java:takeSnapshot(246)) - Taking snapshot at termIndex:(t:0, i:~)
2019-07-13 20:54:16,516 INFO  impl.StateMachineUpdater (StateMachineUpdater.java:stopAndJoin(115)) - StateMachineUpdater:6895d720-a821-4f7b-972d-a231886c7842:group-6600B1F33927: set stopIndex = 0
2019-07-13 20:54:16,518 INFO  impl.RaftServerImpl (ServerState.java:close(394)) - 6895d720-a821-4f7b-972d-a231886c7842:group-6600B1F33927 closes. The last applied log index is 0
2019-07-13 20:54:16,516 INFO  server.GrpcServerProtocolService (GrpcServerProtocolService.java:onCompleted(104)) - 8a1c7d23-f7ea-4407-91b8-7f954e7d1576: appendEntries completed
2019-07-13 20:54:16,518 INFO  segmented.SegmentedRaftLogWorker (SegmentedRaftLogWorker.java:run(313)) - 6895d720-a821-4f7b-972d-a231886c7842-SegmentedRaftLogWorker:Storage Directory /tmp/workdir/hadoop-ozone/integration-test/target/test-dir/MiniOzoneClusterImpl-d02a6b33-1f58-45b7-82b4-65e749d8c36b/datanode-4/data/ratis/e833b71b-069c-4712-ba66-6600b1f33927 was interrupted, exiting. There are 0 tasks remaining in the queue.
2019-07-13 20:54:16,516 INFO  ratis.ContainerStateMachine (ContainerStateMachine.java:takeSnapshot(246)) - Taking snapshot at termIndex:(t:0, i:~)
2019-07-13 20:54:16,517 INFO  server.GrpcServerProtocolService (GrpcServerProtocolService.java:onCompleted(104)) - a044f00e-1f1f-47f2-9345-b9fd97c8a7a9: appendEntries completed
2019-07-13 20:54:16,521 INFO  impl.RaftServerImpl (ServerState.java:close(394)) - 0c9e860d-8934-4034-81f7-fa21ad4a8723:group-487214CECC28 closes. The last applied log index is 0
2019-07-13 20:54:16,525 INFO  server.GrpcLogAppender (GrpcLogAppender.java:onCompleted(292)) - 6895d720-a821-4f7b-972d-a231886c7842->8a1c7d23-f7ea-4407-91b8-7f954e7d1576: follower responses appendEntries COMPLETED
2019-07-13 20:54:16,525 INFO  segmented.SegmentedRaftLogWorker (SegmentedRaftLogWorker.java:run(313)) - 0c9e860d-8934-4034-81f7-fa21ad4a8723-SegmentedRaftLogWorker:Storage Directory /tmp/workdir/hadoop-ozone/integration-test/target/test-dir/MiniOzoneClusterImpl-d02a6b33-1f58-45b7-82b4-65e749d8c36b/datanode-1/data/ratis/df5e6243-903a-4249-ab1b-487214cecc28 was interrupted, exiting. There are 0 tasks remaining in the queue.
2019-07-13 20:54:16,530 INFO  segmented.SegmentedRaftLogWorker (SegmentedRaftLogWorker.java:close(228)) - 6895d720-a821-4f7b-972d-a231886c7842-SegmentedRaftLogWorker:Storage Directory /tmp/workdir/hadoop-ozone/integration-test/target/test-dir/MiniOzoneClusterImpl-d02a6b33-1f58-45b7-82b4-65e749d8c36b/datanode-4/data/ratis/e833b71b-069c-4712-ba66-6600b1f33927 close()
2019-07-13 20:54:16,533 INFO  impl.FollowerInfo (FollowerInfo.java:lambda$new$0(50)) - 6895d720-a821-4f7b-972d-a231886c7842->8a1c7d23-f7ea-4407-91b8-7f954e7d1576: nextIndex: updateUnconditionally 1 -> 0
2019-07-13 20:54:16,539 INFO  impl.RaftServerImpl (RaftServerImpl.java:lambda$shutdown$3(245)) - 6895d720-a821-4f7b-972d-a231886c7842: shutdown group-C656A0034598
2019-07-13 20:54:16,533 INFO  server.GrpcLogAppender (GrpcLogAppender.java:onCompleted(292)) - 6895d720-a821-4f7b-972d-a231886c7842->a044f00e-1f1f-47f2-9345-b9fd97c8a7a9: follower responses appendEntries COMPLETED
2019-07-13 20:54:16,533 INFO  segmented.SegmentedRaftLogWorker (SegmentedRaftLogWorker.java:close(228)) - 0c9e860d-8934-4034-81f7-fa21ad4a8723-SegmentedRaftLogWorker:Storage Directory /tmp/workdir/hadoop-ozone/integration-test/target/test-dir/MiniOzoneClusterImpl-d02a6b33-1f58-45b7-82b4-65e749d8c36b/datanode-1/data/ratis/df5e6243-903a-4249-ab1b-487214cecc28 close()
2019-07-13 20:54:16,542 INFO  impl.FollowerInfo (FollowerInfo.java:lambda$new$0(50)) - 6895d720-a821-4f7b-972d-a231886c7842->a044f00e-1f1f-47f2-9345-b9fd97c8a7a9: nextIndex: updateUnconditionally 1 -> 0
2019-07-13 20:54:16,539 INFO  util.JmxRegister (JmxRegister.java:unregister(73)) - Successfully un-registered JMX Bean with object name Ratis:service=RaftServer,group=group-C656A0034598,id=6895d720-a821-4f7b-972d-a231886c7842
2019-07-13 20:54:16,547 INFO  impl.RoleInfo (RoleInfo.java:shutdownLeaderState(104)) - 6895d720-a821-4f7b-972d-a231886c7842: shutdown LeaderState
2019-07-13 20:54:16,546 INFO  impl.RaftServerImpl (RaftServerImpl.java:lambda$shutdown$3(245)) - 0c9e860d-8934-4034-81f7-fa21ad4a8723: shutdown group-D74905F0F5DC
2019-07-13 20:54:16,548 INFO  impl.PendingRequests (PendingRequests.java:sendNotLeaderResponses(202)) - 6895d720-a821-4f7b-972d-a231886c7842-PendingRequests: sendNotLeaderResponses
2019-07-13 20:54:16,548 INFO  util.JmxRegister (JmxRegister.java:unregister(73)) - Successfully un-registered JMX Bean with object name Ratis:service=RaftServer,group=group-D74905F0F5DC,id=0c9e860d-8934-4034-81f7-fa21ad4a8723
2019-07-13 20:54:16,548 INFO  impl.StateMachineUpdater (StateMachineUpdater.java:stopAndJoin(115)) - StateMachineUpdater:6895d720-a821-4f7b-972d-a231886c7842:group-C656A0034598: set stopIndex = 0
2019-07-13 20:54:16,549 INFO  ratis.ContainerStateMachine (ContainerStateMachine.java:takeSnapshot(246)) - Taking snapshot at termIndex:(t:0, i:~)
2019-07-13 20:54:16,549 INFO  impl.RoleInfo (RoleInfo.java:shutdownFollowerState(121)) - 0c9e860d-8934-4034-81f7-fa21ad4a8723: shutdown FollowerState
2019-07-13 20:54:16,549 INFO  impl.RaftServerImpl (ServerState.java:close(394)) - 6895d720-a821-4f7b-972d-a231886c7842:group-C656A0034598 closes. The last applied log index is 0
2019-07-13 20:54:16,550 INFO  ratis.ContainerStateMachine (ContainerStateMachine.java:takeSnapshot(246)) - Taking snapshot at termIndex:(t:2, i:6)
2019-07-13 20:54:16,550 INFO  impl.FollowerState (FollowerState.java:run(114)) - 0c9e860d-8934-4034-81f7-fa21ad4a8723: FollowerState was interrupted: java.lang.InterruptedException: sleep interrupted
2019-07-13 20:54:16,550 INFO  impl.StateMachineUpdater (StateMachineUpdater.java:stopAndJoin(115)) - StateMachineUpdater:0c9e860d-8934-4034-81f7-fa21ad4a8723:group-D74905F0F5DC: set stopIndex = 8
2019-07-13 20:54:16,550 INFO  segmented.SegmentedRaftLogWorker (SegmentedRaftLogWorker.java:run(313)) - 6895d720-a821-4f7b-972d-a231886c7842-SegmentedRaftLogWorker:Storage Directory /tmp/workdir/hadoop-ozone/integration-test/target/test-dir/MiniOzoneClusterImpl-d02a6b33-1f58-45b7-82b4-65e749d8c36b/datanode-4/data/ratis/b42d850e-a432-425d-8c59-c656a0034598 was interrupted, exiting. There are 0 tasks remaining in the queue.
2019-07-13 20:54:16,550 INFO  ratis.ContainerStateMachine (ContainerStateMachine.java:takeSnapshot(250)) - Taking a snapshot to file /tmp/workdir/hadoop-ozone/integration-test/target/test-dir/MiniOzoneClusterImpl-d02a6b33-1f58-45b7-82b4-65e749d8c36b/datanode-1/data/ratis/0494c33a-5d6e-4ce3-a95e-d74905f0f5dc/sm/snapshot.2_6
2019-07-13 20:54:16,556 INFO  segmented.SegmentedRaftLogWorker (SegmentedRaftLogWorker.java:close(228)) - 6895d720-a821-4f7b-972d-a231886c7842-SegmentedRaftLogWorker:Storage Directory /tmp/workdir/hadoop-ozone/integration-test/target/test-dir/MiniOzoneClusterImpl-d02a6b33-1f58-45b7-82b4-65e749d8c36b/datanode-4/data/ratis/b42d850e-a432-425d-8c59-c656a0034598 close()
2019-07-13 20:54:16,556 INFO  impl.StateMachineUpdater (StateMachineUpdater.java:takeSnapshot(242)) - StateMachineUpdater:0c9e860d-8934-4034-81f7-fa21ad4a8723:group-D74905F0F5DC: Took a snapshot at index 6
2019-07-13 20:54:16,561 INFO  server.GrpcService (GrpcService.java:closeImpl(155)) - 6895d720-a821-4f7b-972d-a231886c7842: shutdown server with port 38542 now
2019-07-13 20:54:16,561 INFO  impl.StateMachineUpdater (StateMachineUpdater.java:lambda$new$0(80)) - StateMachineUpdater:0c9e860d-8934-4034-81f7-fa21ad4a8723:group-D74905F0F5DC: snapshotIndex: updateIncreasingly -1 -> 6
2019-07-13 20:54:16,561 INFO  server.GrpcService (GrpcService.java:closeImpl(163)) - 6895d720-a821-4f7b-972d-a231886c7842: shutdown server with port 38542 successfully
2019-07-13 20:54:16,562 INFO  impl.RaftServerImpl (ServerState.java:close(394)) - 0c9e860d-8934-4034-81f7-fa21ad4a8723:group-D74905F0F5DC closes. The last applied log index is 8
2019-07-13 20:54:16,562 INFO  segmented.SegmentedRaftLogWorker (SegmentedRaftLogWorker.java:run(313)) - 0c9e860d-8934-4034-81f7-fa21ad4a8723-SegmentedRaftLogWorker:Storage Directory /tmp/workdir/hadoop-ozone/integration-test/target/test-dir/MiniOzoneClusterImpl-d02a6b33-1f58-45b7-82b4-65e749d8c36b/datanode-1/data/ratis/0494c33a-5d6e-4ce3-a95e-d74905f0f5dc was interrupted, exiting. There are 0 tasks remaining in the queue.
2019-07-13 20:54:16,565 INFO  segmented.SegmentedRaftLogWorker (SegmentedRaftLogWorker.java:close(228)) - 0c9e860d-8934-4034-81f7-fa21ad4a8723-SegmentedRaftLogWorker:Storage Directory /tmp/workdir/hadoop-ozone/integration-test/target/test-dir/MiniOzoneClusterImpl-d02a6b33-1f58-45b7-82b4-65e749d8c36b/datanode-1/data/ratis/0494c33a-5d6e-4ce3-a95e-d74905f0f5dc close()
2019-07-13 20:54:16,579 INFO  server.GrpcService (GrpcService.java:closeImpl(155)) - 0c9e860d-8934-4034-81f7-fa21ad4a8723: shutdown server with port 44552 now
2019-07-13 20:54:16,584 INFO  utils.BackgroundService (BackgroundService.java:shutdown(148)) - Shutting down service BlockDeletingService
2019-07-13 20:54:16,585 WARN  fs.CachingGetSpaceUsed (CachingGetSpaceUsed.java:run(183)) - Thread Interrupted waiting to refresh disk information: sleep interrupted
2019-07-13 20:54:16,597 WARN  server.GrpcServerProtocolService (LogUtils.java:warn(134)) - 0c9e860d-8934-4034-81f7-fa21ad4a8723: appendEntries onError: org.apache.ratis.thirdparty.io.grpc.StatusRuntimeException: CANCELLED: cancelled before receiving half close
2019-07-13 20:54:16,597 INFO  server.GrpcService (GrpcService.java:closeImpl(163)) - 0c9e860d-8934-4034-81f7-fa21ad4a8723: shutdown server with port 44552 successfully
2019-07-13 20:54:16,597 WARN  server.GrpcLogAppender (LogUtils.java:warn(134)) - 216a4753-b6ed-443c-b053-bd35568ad21c->0c9e860d-8934-4034-81f7-fa21ad4a8723: Failed appendEntries: org.apache.ratis.thirdparty.io.grpc.StatusRuntimeException: CANCELLED: HTTP/2 error code: CANCEL
Received Rst Stream
2019-07-13 20:54:16,601 INFO  impl.FollowerInfo (FollowerInfo.java:lambda$new$0(50)) - 216a4753-b6ed-443c-b053-bd35568ad21c->0c9e860d-8934-4034-81f7-fa21ad4a8723: nextIndex: updateUnconditionally 9 -> 8
2019-07-13 20:54:16,603 INFO  utils.BackgroundService (BackgroundService.java:shutdown(148)) - Shutting down service BlockDeletingService
2019-07-13 20:54:16,606 WARN  fs.CachingGetSpaceUsed (CachingGetSpaceUsed.java:run(183)) - Thread Interrupted waiting to refresh disk information: sleep interrupted
2019-07-13 20:54:16,624 INFO  statemachine.DatanodeStateMachine (DatanodeStateMachine.java:stopDaemon(395)) - Ozone container server stopped.
2019-07-13 20:54:16,625 INFO  handler.ContextHandler (ContextHandler.java:doStop(910)) - Stopped o.e.j.w.WebAppContext@3add5e17{/,null,UNAVAILABLE}{/hddsDatanode}
2019-07-13 20:54:16,626 INFO  server.AbstractConnector (AbstractConnector.java:doStop(318)) - Stopped ServerConnector@1c58d7be{HTTP/1.1,[http/1.1]}{0.0.0.0:0}
2019-07-13 20:54:16,627 INFO  handler.ContextHandler (ContextHandler.java:doStop(910)) - Stopped o.e.j.s.ServletContextHandler@c0013b8{/static,jar:file:/home/user/.m2/repository/org/apache/hadoop/hadoop-hdds-container-service/0.5.0-SNAPSHOT/hadoop-hdds-container-service-0.5.0-SNAPSHOT.jar!/webapps/static,UNAVAILABLE}
2019-07-13 20:54:16,632 INFO  statemachine.DatanodeStateMachine (DatanodeStateMachine.java:stopDaemon(395)) - Ozone container server stopped.
2019-07-13 20:54:16,637 INFO  handler.ContextHandler (ContextHandler.java:doStop(910)) - Stopped o.e.j.s.ServletContextHandler@4ec8d9b2{/logs,file:///tmp/workdir/hadoop-ozone/integration-test/target/log,UNAVAILABLE}
2019-07-13 20:54:16,639 INFO  handler.ContextHandler (ContextHandler.java:doStop(910)) - Stopped o.e.j.w.WebAppContext@145e958f{/,null,UNAVAILABLE}{/hddsDatanode}
2019-07-13 20:54:16,640 INFO  server.AbstractConnector (AbstractConnector.java:doStop(318)) - Stopped ServerConnector@2d2fc130{HTTP/1.1,[http/1.1]}{0.0.0.0:0}
2019-07-13 20:54:16,643 INFO  handler.ContextHandler (ContextHandler.java:doStop(910)) - Stopped o.e.j.s.ServletContextHandler@27bb74e1{/static,jar:file:/home/user/.m2/repository/org/apache/hadoop/hadoop-hdds-container-service/0.5.0-SNAPSHOT/hadoop-hdds-container-service-0.5.0-SNAPSHOT.jar!/webapps/static,UNAVAILABLE}
2019-07-13 20:54:16,643 INFO  datanode.ObjectStoreHandler (ObjectStoreHandler.java:close(155)) - Closing ObjectStoreHandler.
2019-07-13 20:54:16,645 INFO  handler.ContextHandler (ContextHandler.java:doStop(910)) - Stopped o.e.j.s.ServletContextHandler@7956f93a{/logs,file:///tmp/workdir/hadoop-ozone/integration-test/target/log,UNAVAILABLE}
2019-07-13 20:54:16,646 INFO  datanode.ObjectStoreHandler (ObjectStoreHandler.java:close(155)) - Closing ObjectStoreHandler.
2019-07-13 20:54:16,646 INFO  ozone.HddsDatanodeService (HddsDatanodeService.java:stop(452)) - Stopped plug-in org.apache.hadoop.ozone.web.OzoneHddsDatanodeService@22899683
2019-07-13 20:54:16,647 INFO  ozone.HddsDatanodeService (HddsDatanodeService.java:stop(452)) - Stopped plug-in org.apache.hadoop.ozone.web.OzoneHddsDatanodeService@312f3050
2019-07-13 20:54:17,187 INFO  statemachine.DatanodeStateMachine (DatanodeStateMachine.java:lambda$startDaemon$0(350)) - Ozone container server started.
2019-07-13 20:54:17,421 INFO  statemachine.DatanodeStateMachine (DatanodeStateMachine.java:lambda$startDaemon$0(350)) - Ozone container server started.
2019-07-13 20:54:18,917 WARN  server.GrpcLogAppender (LogUtils.java:warn(134)) - 216a4753-b6ed-443c-b053-bd35568ad21c->0c9e860d-8934-4034-81f7-fa21ad4a8723: Failed appendEntries: org.apache.ratis.thirdparty.io.grpc.StatusRuntimeException: UNAVAILABLE: io exception
2019-07-13 20:54:18,921 INFO  impl.FollowerInfo (FollowerInfo.java:lambda$new$0(50)) - 216a4753-b6ed-443c-b053-bd35568ad21c->0c9e860d-8934-4034-81f7-fa21ad4a8723: nextIndex: updateUnconditionally 8 -> 7
2019-07-13 20:54:21,291 INFO  impl.FollowerState (FollowerState.java:run(106)) - 8a1c7d23-f7ea-4407-91b8-7f954e7d1576:group-6600B1F33927 changes to CANDIDATE, lastRpcTime:5318, electionTimeout:5195ms
2019-07-13 20:54:21,292 INFO  impl.RoleInfo (RoleInfo.java:shutdownFollowerState(121)) - 8a1c7d23-f7ea-4407-91b8-7f954e7d1576: shutdown FollowerState
2019-07-13 20:54:21,292 INFO  impl.RaftServerImpl (RaftServerImpl.java:setRole(171)) - 8a1c7d23-f7ea-4407-91b8-7f954e7d1576:group-6600B1F33927 changes role from FOLLOWER to CANDIDATE at term 1 for changeToCandidate
2019-07-13 20:54:21,292 INFO  impl.RoleInfo (RoleInfo.java:updateAndGet(143)) - 8a1c7d23-f7ea-4407-91b8-7f954e7d1576: start LeaderElection
2019-07-13 20:54:21,296 INFO  impl.RaftServerImpl (ServerState.java:setLeader(263)) - 8a1c7d23-f7ea-4407-91b8-7f954e7d1576:group-6600B1F33927 change Leader from 6895d720-a821-4f7b-972d-a231886c7842 to null at term 1 for initElection
2019-07-13 20:54:21,331 INFO  impl.LeaderElection (LeaderElection.java:askForVotes(181)) - 8a1c7d23-f7ea-4407-91b8-7f954e7d1576:group-6600B1F33927:LeaderElection26: begin an election at term 2 for 0: [8a1c7d23-f7ea-4407-91b8-7f954e7d1576:192.168.5.168:33009, a044f00e-1f1f-47f2-9345-b9fd97c8a7a9:192.168.5.168:43103, 6895d720-a821-4f7b-972d-a231886c7842:192.168.5.168:38542], old=null
2019-07-13 20:54:21,336 INFO  impl.LeaderElection (LogUtils.java:infoOrTrace(149)) - 8a1c7d23-f7ea-4407-91b8-7f954e7d1576:group-6600B1F33927:LeaderElection26 got exception when requesting votes: {}
java.util.concurrent.ExecutionException: org.apache.ratis.thirdparty.io.grpc.StatusRuntimeException: UNAVAILABLE: io exception
	at java.util.concurrent.FutureTask.report(FutureTask.java:122)
	at java.util.concurrent.FutureTask.get(FutureTask.java:192)
	at org.apache.ratis.server.impl.LeaderElection.waitForResults(LeaderElection.java:262)
	at org.apache.ratis.server.impl.LeaderElection.askForVotes(LeaderElection.java:200)
	at org.apache.ratis.server.impl.LeaderElection.run(LeaderElection.java:130)
	at java.lang.Thread.run(Thread.java:748)
Caused by: org.apache.ratis.thirdparty.io.grpc.StatusRuntimeException: UNAVAILABLE: io exception
	at org.apache.ratis.thirdparty.io.grpc.stub.ClientCalls.toStatusRuntimeException(ClientCalls.java:233)
	at org.apache.ratis.thirdparty.io.grpc.stub.ClientCalls.getUnchecked(ClientCalls.java:214)
	at org.apache.ratis.thirdparty.io.grpc.stub.ClientCalls.blockingUnaryCall(ClientCalls.java:139)
	at org.apache.ratis.proto.grpc.RaftServerProtocolServiceGrpc$RaftServerProtocolServiceBlockingStub.requestVote(RaftServerProtocolServiceGrpc.java:265)
	at org.apache.ratis.grpc.server.GrpcServerProtocolClient.requestVote(GrpcServerProtocolClient.java:83)
	at org.apache.ratis.grpc.server.GrpcService.requestVote(GrpcService.java:195)
	at org.apache.ratis.server.impl.LeaderElection.lambda$submitRequests$1(LeaderElection.java:237)
	at java.util.concurrent.FutureTask.run(FutureTask.java:266)
	at java.util.concurrent.Executors$RunnableAdapter.call(Executors.java:511)
	at java.util.concurrent.FutureTask.run(FutureTask.java:266)
	at java.util.concurrent.ThreadPoolExecutor.runWorker(ThreadPoolExecutor.java:1149)
	at java.util.concurrent.ThreadPoolExecutor$Worker.run(ThreadPoolExecutor.java:624)
	... 1 more
Caused by: org.apache.ratis.thirdparty.io.netty.channel.AbstractChannel$AnnotatedConnectException: Connection refused: /192.168.5.168:38542
	at sun.nio.ch.SocketChannelImpl.checkConnect(Native Method)
	at sun.nio.ch.SocketChannelImpl.finishConnect(SocketChannelImpl.java:717)
	at org.apache.ratis.thirdparty.io.netty.channel.socket.nio.NioSocketChannel.doFinishConnect(NioSocketChannel.java:327)
	at org.apache.ratis.thirdparty.io.netty.channel.nio.AbstractNioChannel$AbstractNioUnsafe.finishConnect(AbstractNioChannel.java:340)
	at org.apache.ratis.thirdparty.io.netty.channel.nio.NioEventLoop.processSelectedKey(NioEventLoop.java:632)
	at org.apache.ratis.thirdparty.io.netty.channel.nio.NioEventLoop.processSelectedKeysOptimized(NioEventLoop.java:579)
	at org.apache.ratis.thirdparty.io.netty.channel.nio.NioEventLoop.processSelectedKeys(NioEventLoop.java:496)
	at org.apache.ratis.thirdparty.io.netty.channel.nio.NioEventLoop.run(NioEventLoop.java:458)
	at org.apache.ratis.thirdparty.io.netty.util.concurrent.SingleThreadEventExecutor$5.run(SingleThreadEventExecutor.java:897)
	at org.apache.ratis.thirdparty.io.netty.util.concurrent.FastThreadLocalRunnable.run(FastThreadLocalRunnable.java:30)
	... 1 more
Caused by: java.net.ConnectException: Connection refused
	... 11 more
2019-07-13 20:54:21,343 INFO  impl.RaftServerImpl (ServerState.java:setLeader(263)) - a044f00e-1f1f-47f2-9345-b9fd97c8a7a9:group-6600B1F33927 change Leader from 6895d720-a821-4f7b-972d-a231886c7842 to null at term 2 for updateCurrentTerm
2019-07-13 20:54:21,343 INFO  impl.RaftServerImpl (RaftServerImpl.java:setRole(171)) - a044f00e-1f1f-47f2-9345-b9fd97c8a7a9:group-6600B1F33927 changes role from FOLLOWER to FOLLOWER at term 2 for recognizeCandidate:8a1c7d23-f7ea-4407-91b8-7f954e7d1576
2019-07-13 20:54:21,343 INFO  impl.RoleInfo (RoleInfo.java:shutdownFollowerState(121)) - a044f00e-1f1f-47f2-9345-b9fd97c8a7a9: shutdown FollowerState
2019-07-13 20:54:21,343 INFO  impl.RoleInfo (RoleInfo.java:updateAndGet(143)) - a044f00e-1f1f-47f2-9345-b9fd97c8a7a9: start FollowerState
2019-07-13 20:54:21,343 INFO  impl.FollowerState (FollowerState.java:run(114)) - a044f00e-1f1f-47f2-9345-b9fd97c8a7a9: FollowerState was interrupted: java.lang.InterruptedException: sleep interrupted
2019-07-13 20:54:21,362 INFO  impl.LeaderElection (LeaderElection.java:logAndReturn(56)) - 8a1c7d23-f7ea-4407-91b8-7f954e7d1576:group-6600B1F33927:LeaderElection26: Election PASSED; received 1 response(s) [8a1c7d23-f7ea-4407-91b8-7f954e7d1576<-a044f00e-1f1f-47f2-9345-b9fd97c8a7a9#0:OK-t2] and 1 exception(s); 8a1c7d23-f7ea-4407-91b8-7f954e7d1576:t2, leader=null, voted=8a1c7d23-f7ea-4407-91b8-7f954e7d1576, raftlog=8a1c7d23-f7ea-4407-91b8-7f954e7d1576-SegmentedRaftLog:OPENED:c0,f0,i0, conf=0: [8a1c7d23-f7ea-4407-91b8-7f954e7d1576:192.168.5.168:33009, a044f00e-1f1f-47f2-9345-b9fd97c8a7a9:192.168.5.168:43103, 6895d720-a821-4f7b-972d-a231886c7842:192.168.5.168:38542], old=null
2019-07-13 20:54:21,362 INFO  impl.LeaderElection (LogUtils.java:infoOrTrace(149)) -   Exception 0: {}
java.util.concurrent.ExecutionException: org.apache.ratis.thirdparty.io.grpc.StatusRuntimeException: UNAVAILABLE: io exception
	at java.util.concurrent.FutureTask.report(FutureTask.java:122)
	at java.util.concurrent.FutureTask.get(FutureTask.java:192)
	at org.apache.ratis.server.impl.LeaderElection.waitForResults(LeaderElection.java:262)
	at org.apache.ratis.server.impl.LeaderElection.askForVotes(LeaderElection.java:200)
	at org.apache.ratis.server.impl.LeaderElection.run(LeaderElection.java:130)
	at java.lang.Thread.run(Thread.java:748)
Caused by: org.apache.ratis.thirdparty.io.grpc.StatusRuntimeException: UNAVAILABLE: io exception
	at org.apache.ratis.thirdparty.io.grpc.stub.ClientCalls.toStatusRuntimeException(ClientCalls.java:233)
	at org.apache.ratis.thirdparty.io.grpc.stub.ClientCalls.getUnchecked(ClientCalls.java:214)
	at org.apache.ratis.thirdparty.io.grpc.stub.ClientCalls.blockingUnaryCall(ClientCalls.java:139)
	at org.apache.ratis.proto.grpc.RaftServerProtocolServiceGrpc$RaftServerProtocolServiceBlockingStub.requestVote(RaftServerProtocolServiceGrpc.java:265)
	at org.apache.ratis.grpc.server.GrpcServerProtocolClient.requestVote(GrpcServerProtocolClient.java:83)
	at org.apache.ratis.grpc.server.GrpcService.requestVote(GrpcService.java:195)
	at org.apache.ratis.server.impl.LeaderElection.lambda$submitRequests$1(LeaderElection.java:237)
	at java.util.concurrent.FutureTask.run(FutureTask.java:266)
	at java.util.concurrent.Executors$RunnableAdapter.call(Executors.java:511)
	at java.util.concurrent.FutureTask.run(FutureTask.java:266)
	at java.util.concurrent.ThreadPoolExecutor.runWorker(ThreadPoolExecutor.java:1149)
	at java.util.concurrent.ThreadPoolExecutor$Worker.run(ThreadPoolExecutor.java:624)
	... 1 more
Caused by: org.apache.ratis.thirdparty.io.netty.channel.AbstractChannel$AnnotatedConnectException: Connection refused: /192.168.5.168:38542
	at sun.nio.ch.SocketChannelImpl.checkConnect(Native Method)
	at sun.nio.ch.SocketChannelImpl.finishConnect(SocketChannelImpl.java:717)
	at org.apache.ratis.thirdparty.io.netty.channel.socket.nio.NioSocketChannel.doFinishConnect(NioSocketChannel.java:327)
	at org.apache.ratis.thirdparty.io.netty.channel.nio.AbstractNioChannel$AbstractNioUnsafe.finishConnect(AbstractNioChannel.java:340)
	at org.apache.ratis.thirdparty.io.netty.channel.nio.NioEventLoop.processSelectedKey(NioEventLoop.java:632)
	at org.apache.ratis.thirdparty.io.netty.channel.nio.NioEventLoop.processSelectedKeysOptimized(NioEventLoop.java:579)
	at org.apache.ratis.thirdparty.io.netty.channel.nio.NioEventLoop.processSelectedKeys(NioEventLoop.java:496)
	at org.apache.ratis.thirdparty.io.netty.channel.nio.NioEventLoop.run(NioEventLoop.java:458)
	at org.apache.ratis.thirdparty.io.netty.util.concurrent.SingleThreadEventExecutor$5.run(SingleThreadEventExecutor.java:897)
	at org.apache.ratis.thirdparty.io.netty.util.concurrent.FastThreadLocalRunnable.run(FastThreadLocalRunnable.java:30)
	... 1 more
Caused by: java.net.ConnectException: Connection refused
	... 11 more
2019-07-13 20:54:21,363 INFO  impl.RoleInfo (RoleInfo.java:shutdownLeaderElection(134)) - 8a1c7d23-f7ea-4407-91b8-7f954e7d1576: shutdown LeaderElection
2019-07-13 20:54:21,363 INFO  impl.RaftServerImpl (RaftServerImpl.java:setRole(171)) - 8a1c7d23-f7ea-4407-91b8-7f954e7d1576:group-6600B1F33927 changes role from CANDIDATE to LEADER at term 2 for changeToLeader
2019-07-13 20:54:21,363 INFO  impl.RaftServerImpl (ServerState.java:setLeader(263)) - 8a1c7d23-f7ea-4407-91b8-7f954e7d1576:group-6600B1F33927 change Leader from null to 8a1c7d23-f7ea-4407-91b8-7f954e7d1576 at term 2 for becomeLeader, leader elected after 67ms
2019-07-13 20:54:21,363 INFO  server.RaftServerConfigKeys (ConfUtils.java:logGet(43)) - raft.server.staging.catchup.gap = 1000 (default)
2019-07-13 20:54:21,363 INFO  server.RaftServerConfigKeys (ConfUtils.java:logGet(43)) - raft.server.rpc.sleep.time = 25ms (default)
2019-07-13 20:54:21,364 INFO  server.RaftServerConfigKeys (ConfUtils.java:logGet(43)) - raft.server.write.element-limit = 4096 (default)
2019-07-13 20:54:21,364 INFO  server.RaftServerConfigKeys (ConfUtils.java:logGet(43)) - raft.server.watch.timeout = 10s (default)
2019-07-13 20:54:21,364 INFO  server.RaftServerConfigKeys (ConfUtils.java:logGet(43)) - raft.server.watch.timeout.denomination = 1s (default)
2019-07-13 20:54:21,364 INFO  server.RaftServerConfigKeys (ConfUtils.java:logGet(43)) - raft.server.watch.element-limit = 65536 (default)
2019-07-13 20:54:21,365 INFO  server.RaftServerConfigKeys (ConfUtils.java:logGet(43)) - raft.server.log.appender.snapshot.chunk.size.max = 16MB (=16777216) (default)
2019-07-13 20:54:21,365 INFO  server.RaftServerConfigKeys (ConfUtils.java:logGet(43)) - raft.server.log.appender.buffer.byte-limit = 33554432 (custom)
2019-07-13 20:54:21,365 INFO  server.RaftServerConfigKeys (ConfUtils.java:logGet(43)) - raft.server.log.appender.buffer.element-limit = 1 (custom)
2019-07-13 20:54:21,365 INFO  grpc.GrpcConfigKeys$Server (ConfUtils.java:logGet(43)) - raft.grpc.server.leader.outstanding.appends.max = 128 (default)
2019-07-13 20:54:21,366 INFO  server.RaftServerConfigKeys (ConfUtils.java:logGet(43)) - raft.server.rpc.request.timeout = 3000ms (default)
2019-07-13 20:54:21,366 INFO  server.RaftServerConfigKeys (ConfUtils.java:logGet(43)) - raft.server.log.appender.install.snapshot.enabled = false (custom)
2019-07-13 20:54:21,366 INFO  server.RaftServerConfigKeys (ConfUtils.java:logGet(43)) - raft.server.log.appender.snapshot.chunk.size.max = 16MB (=16777216) (default)
2019-07-13 20:54:21,366 INFO  server.RaftServerConfigKeys (ConfUtils.java:logGet(43)) - raft.server.log.appender.buffer.byte-limit = 33554432 (custom)
2019-07-13 20:54:21,367 INFO  server.RaftServerConfigKeys (ConfUtils.java:logGet(43)) - raft.server.log.appender.buffer.element-limit = 1 (custom)
2019-07-13 20:54:21,367 INFO  grpc.GrpcConfigKeys$Server (ConfUtils.java:logGet(43)) - raft.grpc.server.leader.outstanding.appends.max = 128 (default)
2019-07-13 20:54:21,367 INFO  server.RaftServerConfigKeys (ConfUtils.java:logGet(43)) - raft.server.rpc.request.timeout = 3000ms (default)
2019-07-13 20:54:21,367 INFO  server.RaftServerConfigKeys (ConfUtils.java:logGet(43)) - raft.server.log.appender.install.snapshot.enabled = false (custom)
2019-07-13 20:54:21,368 INFO  impl.RoleInfo (RoleInfo.java:updateAndGet(143)) - 8a1c7d23-f7ea-4407-91b8-7f954e7d1576: start LeaderState
2019-07-13 20:54:21,368 INFO  segmented.SegmentedRaftLogWorker (SegmentedRaftLogWorker.java:rollLogSegment(385)) - 8a1c7d23-f7ea-4407-91b8-7f954e7d1576-SegmentedRaftLogWorker:Storage Directory /tmp/workdir/hadoop-ozone/integration-test/target/test-dir/MiniOzoneClusterImpl-d02a6b33-1f58-45b7-82b4-65e749d8c36b/datanode-3/data/ratis/e833b71b-069c-4712-ba66-6600b1f33927: Rolling segment log-0_0 to index:0
2019-07-13 20:54:21,371 INFO  impl.RaftServerImpl (ServerState.java:setRaftConf(361)) - 8a1c7d23-f7ea-4407-91b8-7f954e7d1576:group-6600B1F33927 set configuration 1: [8a1c7d23-f7ea-4407-91b8-7f954e7d1576:192.168.5.168:33009, a044f00e-1f1f-47f2-9345-b9fd97c8a7a9:192.168.5.168:43103, 6895d720-a821-4f7b-972d-a231886c7842:192.168.5.168:38542], old=null at 1
2019-07-13 20:54:21,372 WARN  server.GrpcLogAppender (LogUtils.java:warn(134)) - 8a1c7d23-f7ea-4407-91b8-7f954e7d1576->6895d720-a821-4f7b-972d-a231886c7842: Failed appendEntries: org.apache.ratis.thirdparty.io.grpc.StatusRuntimeException: UNAVAILABLE: io exception
2019-07-13 20:54:21,374 INFO  segmented.SegmentedRaftLogWorker (SegmentedRaftLogWorker.java:execute(526)) - 8a1c7d23-f7ea-4407-91b8-7f954e7d1576-SegmentedRaftLogWorker:Storage Directory /tmp/workdir/hadoop-ozone/integration-test/target/test-dir/MiniOzoneClusterImpl-d02a6b33-1f58-45b7-82b4-65e749d8c36b/datanode-3/data/ratis/e833b71b-069c-4712-ba66-6600b1f33927: Rolled log segment from /tmp/workdir/hadoop-ozone/integration-test/target/test-dir/MiniOzoneClusterImpl-d02a6b33-1f58-45b7-82b4-65e749d8c36b/datanode-3/data/ratis/e833b71b-069c-4712-ba66-6600b1f33927/current/log_inprogress_0 to /tmp/workdir/hadoop-ozone/integration-test/target/test-dir/MiniOzoneClusterImpl-d02a6b33-1f58-45b7-82b4-65e749d8c36b/datanode-3/data/ratis/e833b71b-069c-4712-ba66-6600b1f33927/current/log_0-0
2019-07-13 20:54:21,374 INFO  impl.FollowerInfo (FollowerInfo.java:lambda$new$0(50)) - 8a1c7d23-f7ea-4407-91b8-7f954e7d1576->6895d720-a821-4f7b-972d-a231886c7842: nextIndex: updateUnconditionally 1 -> 0
2019-07-13 20:54:21,375 INFO  impl.RaftServerImpl (ServerState.java:setLeader(263)) - a044f00e-1f1f-47f2-9345-b9fd97c8a7a9:group-6600B1F33927 change Leader from null to 8a1c7d23-f7ea-4407-91b8-7f954e7d1576 at term 2 for appendEntries, leader elected after 32ms
2019-07-13 20:54:21,378 INFO  impl.RaftServerImpl (ServerState.java:setRaftConf(361)) - a044f00e-1f1f-47f2-9345-b9fd97c8a7a9:group-6600B1F33927 set configuration 1: [8a1c7d23-f7ea-4407-91b8-7f954e7d1576:192.168.5.168:33009, a044f00e-1f1f-47f2-9345-b9fd97c8a7a9:192.168.5.168:43103, 6895d720-a821-4f7b-972d-a231886c7842:192.168.5.168:38542], old=null at 1
2019-07-13 20:54:21,379 INFO  segmented.SegmentedRaftLogWorker (SegmentedRaftLogWorker.java:rollLogSegment(385)) - a044f00e-1f1f-47f2-9345-b9fd97c8a7a9-SegmentedRaftLogWorker:Storage Directory /tmp/workdir/hadoop-ozone/integration-test/target/test-dir/MiniOzoneClusterImpl-d02a6b33-1f58-45b7-82b4-65e749d8c36b/datanode-5/data/ratis/e833b71b-069c-4712-ba66-6600b1f33927: Rolling segment log-0_0 to index:0
2019-07-13 20:54:21,380 INFO  segmented.SegmentedRaftLogWorker (SegmentedRaftLogWorker.java:execute(526)) - a044f00e-1f1f-47f2-9345-b9fd97c8a7a9-SegmentedRaftLogWorker:Storage Directory /tmp/workdir/hadoop-ozone/integration-test/target/test-dir/MiniOzoneClusterImpl-d02a6b33-1f58-45b7-82b4-65e749d8c36b/datanode-5/data/ratis/e833b71b-069c-4712-ba66-6600b1f33927: Rolled log segment from /tmp/workdir/hadoop-ozone/integration-test/target/test-dir/MiniOzoneClusterImpl-d02a6b33-1f58-45b7-82b4-65e749d8c36b/datanode-5/data/ratis/e833b71b-069c-4712-ba66-6600b1f33927/current/log_inprogress_0 to /tmp/workdir/hadoop-ozone/integration-test/target/test-dir/MiniOzoneClusterImpl-d02a6b33-1f58-45b7-82b4-65e749d8c36b/datanode-5/data/ratis/e833b71b-069c-4712-ba66-6600b1f33927/current/log_0-0
2019-07-13 20:54:21,417 INFO  segmented.SegmentedRaftLogWorker (SegmentedRaftLogWorker.java:execute(569)) - 8a1c7d23-f7ea-4407-91b8-7f954e7d1576-SegmentedRaftLogWorker:Storage Directory /tmp/workdir/hadoop-ozone/integration-test/target/test-dir/MiniOzoneClusterImpl-d02a6b33-1f58-45b7-82b4-65e749d8c36b/datanode-3/data/ratis/e833b71b-069c-4712-ba66-6600b1f33927: created new log segment /tmp/workdir/hadoop-ozone/integration-test/target/test-dir/MiniOzoneClusterImpl-d02a6b33-1f58-45b7-82b4-65e749d8c36b/datanode-3/data/ratis/e833b71b-069c-4712-ba66-6600b1f33927/current/log_inprogress_1
2019-07-13 20:54:21,417 INFO  segmented.SegmentedRaftLogWorker (SegmentedRaftLogWorker.java:execute(569)) - a044f00e-1f1f-47f2-9345-b9fd97c8a7a9-SegmentedRaftLogWorker:Storage Directory /tmp/workdir/hadoop-ozone/integration-test/target/test-dir/MiniOzoneClusterImpl-d02a6b33-1f58-45b7-82b4-65e749d8c36b/datanode-5/data/ratis/e833b71b-069c-4712-ba66-6600b1f33927: created new log segment /tmp/workdir/hadoop-ozone/integration-test/target/test-dir/MiniOzoneClusterImpl-d02a6b33-1f58-45b7-82b4-65e749d8c36b/datanode-5/data/ratis/e833b71b-069c-4712-ba66-6600b1f33927/current/log_inprogress_1
2019-07-13 20:54:21,418 WARN  server.GrpcLogAppender (LogUtils.java:warn(134)) - 216a4753-b6ed-443c-b053-bd35568ad21c->0c9e860d-8934-4034-81f7-fa21ad4a8723: Failed appendEntries: org.apache.ratis.thirdparty.io.grpc.StatusRuntimeException: UNAVAILABLE: io exception
2019-07-13 20:54:21,422 INFO  impl.FollowerInfo (FollowerInfo.java:lambda$new$0(50)) - 216a4753-b6ed-443c-b053-bd35568ad21c->0c9e860d-8934-4034-81f7-fa21ad4a8723: nextIndex: updateUnconditionally 7 -> 6
2019-07-13 20:54:21,433 WARN  server.GrpcLogAppender (LogUtils.java:warn(134)) - 8a1c7d23-f7ea-4407-91b8-7f954e7d1576->6895d720-a821-4f7b-972d-a231886c7842: Failed appendEntries: org.apache.ratis.thirdparty.io.grpc.StatusRuntimeException: UNAVAILABLE: io exception
2019-07-13 20:54:21,436 INFO  impl.FollowerInfo (FollowerInfo.java:lambda$new$0(50)) - 8a1c7d23-f7ea-4407-91b8-7f954e7d1576->6895d720-a821-4f7b-972d-a231886c7842: nextIndex: updateUnconditionally 1 -> 0
2019-07-13 20:54:21,439 WARN  server.GrpcLogAppender (LogUtils.java:warn(134)) - 8a1c7d23-f7ea-4407-91b8-7f954e7d1576->6895d720-a821-4f7b-972d-a231886c7842: Failed appendEntries: org.apache.ratis.thirdparty.io.grpc.StatusRuntimeException: UNAVAILABLE: io exception
2019-07-13 20:54:21,441 INFO  impl.FollowerInfo (FollowerInfo.java:lambda$new$0(50)) - 8a1c7d23-f7ea-4407-91b8-7f954e7d1576->6895d720-a821-4f7b-972d-a231886c7842: nextIndex: updateUnconditionally 1 -> 0
2019-07-13 20:54:21,648 INFO  ozoneimpl.OzoneContainer (OzoneContainer.java:stop(199)) - Attempting to stop container services.
2019-07-13 20:54:21,648 INFO  ozoneimpl.OzoneContainer (OzoneContainer.java:stop(199)) - Attempting to stop container services.
2019-07-13 20:54:21,648 INFO  impl.RaftServerProxy (RaftServerProxy.java:lambda$close$4(314)) - 4b04d24d-1392-469c-a931-6fc9a672a38d: close
2019-07-13 20:54:21,649 INFO  impl.RaftServerProxy (RaftServerProxy.java:lambda$close$4(314)) - 8a1c7d23-f7ea-4407-91b8-7f954e7d1576: close
2019-07-13 20:54:21,649 INFO  impl.RaftServerImpl (RaftServerImpl.java:lambda$shutdown$3(245)) - 4b04d24d-1392-469c-a931-6fc9a672a38d: shutdown group-D74905F0F5DC
2019-07-13 20:54:21,649 INFO  impl.RaftServerImpl (RaftServerImpl.java:lambda$shutdown$3(245)) - 8a1c7d23-f7ea-4407-91b8-7f954e7d1576: shutdown group-6600B1F33927
2019-07-13 20:54:21,650 INFO  util.JmxRegister (JmxRegister.java:unregister(73)) - Successfully un-registered JMX Bean with object name Ratis:service=RaftServer,group=group-D74905F0F5DC,id=4b04d24d-1392-469c-a931-6fc9a672a38d
2019-07-13 20:54:21,650 INFO  util.JmxRegister (JmxRegister.java:unregister(73)) - Successfully un-registered JMX Bean with object name Ratis:service=RaftServer,group=group-6600B1F33927,id=8a1c7d23-f7ea-4407-91b8-7f954e7d1576
2019-07-13 20:54:21,650 INFO  impl.RoleInfo (RoleInfo.java:shutdownFollowerState(121)) - 4b04d24d-1392-469c-a931-6fc9a672a38d: shutdown FollowerState
2019-07-13 20:54:21,651 INFO  impl.RoleInfo (RoleInfo.java:shutdownLeaderState(104)) - 8a1c7d23-f7ea-4407-91b8-7f954e7d1576: shutdown LeaderState
2019-07-13 20:54:21,651 INFO  ratis.ContainerStateMachine (ContainerStateMachine.java:takeSnapshot(246)) - Taking snapshot at termIndex:(t:2, i:6)
2019-07-13 20:54:21,657 WARN  server.GrpcLogAppender (GrpcLogAppender.java:mayWait(143)) - GrpcLogAppender(8a1c7d23-f7ea-4407-91b8-7f954e7d1576->a044f00e-1f1f-47f2-9345-b9fd97c8a7a9): Wait interrupted by java.lang.InterruptedException
2019-07-13 20:54:21,651 INFO  impl.FollowerState (FollowerState.java:run(114)) - 4b04d24d-1392-469c-a931-6fc9a672a38d: FollowerState was interrupted: java.lang.InterruptedException: sleep interrupted
2019-07-13 20:54:21,651 INFO  impl.StateMachineUpdater (StateMachineUpdater.java:stopAndJoin(115)) - StateMachineUpdater:4b04d24d-1392-469c-a931-6fc9a672a38d:group-D74905F0F5DC: set stopIndex = 8
2019-07-13 20:54:21,657 WARN  server.GrpcLogAppender (GrpcLogAppender.java:mayWait(143)) - GrpcLogAppender(8a1c7d23-f7ea-4407-91b8-7f954e7d1576->6895d720-a821-4f7b-972d-a231886c7842): Wait interrupted by java.lang.InterruptedException
2019-07-13 20:54:21,660 INFO  server.GrpcServerProtocolService (GrpcServerProtocolService.java:onCompleted(104)) - a044f00e-1f1f-47f2-9345-b9fd97c8a7a9: appendEntries completed
2019-07-13 20:54:21,657 INFO  impl.PendingRequests (PendingRequests.java:sendNotLeaderResponses(202)) - 8a1c7d23-f7ea-4407-91b8-7f954e7d1576-PendingRequests: sendNotLeaderResponses
2019-07-13 20:54:21,657 INFO  ratis.ContainerStateMachine (ContainerStateMachine.java:takeSnapshot(250)) - Taking a snapshot to file /tmp/workdir/hadoop-ozone/integration-test/target/test-dir/MiniOzoneClusterImpl-d02a6b33-1f58-45b7-82b4-65e749d8c36b/datanode-2/data/ratis/0494c33a-5d6e-4ce3-a95e-d74905f0f5dc/sm/snapshot.2_6
2019-07-13 20:54:21,664 INFO  impl.StateMachineUpdater (StateMachineUpdater.java:stopAndJoin(115)) - StateMachineUpdater:8a1c7d23-f7ea-4407-91b8-7f954e7d1576:group-6600B1F33927: set stopIndex = 2
2019-07-13 20:54:21,664 INFO  impl.StateMachineUpdater (StateMachineUpdater.java:takeSnapshot(242)) - StateMachineUpdater:4b04d24d-1392-469c-a931-6fc9a672a38d:group-D74905F0F5DC: Took a snapshot at index 6
2019-07-13 20:54:21,664 INFO  ratis.ContainerStateMachine (ContainerStateMachine.java:takeSnapshot(246)) - Taking snapshot at termIndex:(t:0, i:~)
2019-07-13 20:54:21,664 INFO  server.GrpcLogAppender (GrpcLogAppender.java:onCompleted(292)) - 8a1c7d23-f7ea-4407-91b8-7f954e7d1576->a044f00e-1f1f-47f2-9345-b9fd97c8a7a9: follower responses appendEntries COMPLETED
2019-07-13 20:54:21,665 INFO  impl.RaftServerImpl (ServerState.java:close(394)) - 8a1c7d23-f7ea-4407-91b8-7f954e7d1576:group-6600B1F33927 closes. The last applied log index is 2
2019-07-13 20:54:21,665 INFO  impl.StateMachineUpdater (StateMachineUpdater.java:lambda$new$0(80)) - StateMachineUpdater:4b04d24d-1392-469c-a931-6fc9a672a38d:group-D74905F0F5DC: snapshotIndex: updateIncreasingly -1 -> 6
2019-07-13 20:54:21,667 INFO  impl.FollowerInfo (FollowerInfo.java:lambda$new$0(50)) - 8a1c7d23-f7ea-4407-91b8-7f954e7d1576->a044f00e-1f1f-47f2-9345-b9fd97c8a7a9: nextIndex: updateUnconditionally 3 -> 2
2019-07-13 20:54:21,667 INFO  segmented.SegmentedRaftLogWorker (SegmentedRaftLogWorker.java:run(313)) - 8a1c7d23-f7ea-4407-91b8-7f954e7d1576-SegmentedRaftLogWorker:Storage Directory /tmp/workdir/hadoop-ozone/integration-test/target/test-dir/MiniOzoneClusterImpl-d02a6b33-1f58-45b7-82b4-65e749d8c36b/datanode-3/data/ratis/e833b71b-069c-4712-ba66-6600b1f33927 was interrupted, exiting. There are 0 tasks remaining in the queue.
2019-07-13 20:54:21,667 INFO  impl.RaftServerImpl (ServerState.java:close(394)) - 4b04d24d-1392-469c-a931-6fc9a672a38d:group-D74905F0F5DC closes. The last applied log index is 8
2019-07-13 20:54:21,669 INFO  segmented.SegmentedRaftLogWorker (SegmentedRaftLogWorker.java:close(228)) - 8a1c7d23-f7ea-4407-91b8-7f954e7d1576-SegmentedRaftLogWorker:Storage Directory /tmp/workdir/hadoop-ozone/integration-test/target/test-dir/MiniOzoneClusterImpl-d02a6b33-1f58-45b7-82b4-65e749d8c36b/datanode-3/data/ratis/e833b71b-069c-4712-ba66-6600b1f33927 close()
2019-07-13 20:54:21,669 INFO  segmented.SegmentedRaftLogWorker (SegmentedRaftLogWorker.java:run(313)) - 4b04d24d-1392-469c-a931-6fc9a672a38d-SegmentedRaftLogWorker:Storage Directory /tmp/workdir/hadoop-ozone/integration-test/target/test-dir/MiniOzoneClusterImpl-d02a6b33-1f58-45b7-82b4-65e749d8c36b/datanode-2/data/ratis/0494c33a-5d6e-4ce3-a95e-d74905f0f5dc was interrupted, exiting. There are 0 tasks remaining in the queue.
2019-07-13 20:54:21,671 INFO  impl.RaftServerImpl (RaftServerImpl.java:lambda$shutdown$3(245)) - 8a1c7d23-f7ea-4407-91b8-7f954e7d1576: shutdown group-A4E7F75F24CA
2019-07-13 20:54:21,673 INFO  segmented.SegmentedRaftLogWorker (SegmentedRaftLogWorker.java:close(228)) - 4b04d24d-1392-469c-a931-6fc9a672a38d-SegmentedRaftLogWorker:Storage Directory /tmp/workdir/hadoop-ozone/integration-test/target/test-dir/MiniOzoneClusterImpl-d02a6b33-1f58-45b7-82b4-65e749d8c36b/datanode-2/data/ratis/0494c33a-5d6e-4ce3-a95e-d74905f0f5dc close()
2019-07-13 20:54:21,673 INFO  util.JmxRegister (JmxRegister.java:unregister(73)) - Successfully un-registered JMX Bean with object name Ratis:service=RaftServer,group=group-A4E7F75F24CA,id=8a1c7d23-f7ea-4407-91b8-7f954e7d1576
2019-07-13 20:54:21,674 INFO  impl.RaftServerImpl (RaftServerImpl.java:lambda$shutdown$3(245)) - 4b04d24d-1392-469c-a931-6fc9a672a38d: shutdown group-B00E4322E801
2019-07-13 20:54:21,675 INFO  impl.RoleInfo (RoleInfo.java:shutdownLeaderState(104)) - 8a1c7d23-f7ea-4407-91b8-7f954e7d1576: shutdown LeaderState
2019-07-13 20:54:21,675 INFO  util.JmxRegister (JmxRegister.java:unregister(73)) - Successfully un-registered JMX Bean with object name Ratis:service=RaftServer,group=group-B00E4322E801,id=4b04d24d-1392-469c-a931-6fc9a672a38d
2019-07-13 20:54:21,675 INFO  impl.PendingRequests (PendingRequests.java:sendNotLeaderResponses(202)) - 8a1c7d23-f7ea-4407-91b8-7f954e7d1576-PendingRequests: sendNotLeaderResponses
2019-07-13 20:54:21,676 INFO  impl.RoleInfo (RoleInfo.java:shutdownLeaderState(104)) - 4b04d24d-1392-469c-a931-6fc9a672a38d: shutdown LeaderState
2019-07-13 20:54:21,676 INFO  ratis.ContainerStateMachine (ContainerStateMachine.java:takeSnapshot(246)) - Taking snapshot at termIndex:(t:0, i:~)
2019-07-13 20:54:21,676 INFO  impl.StateMachineUpdater (StateMachineUpdater.java:stopAndJoin(115)) - StateMachineUpdater:8a1c7d23-f7ea-4407-91b8-7f954e7d1576:group-A4E7F75F24CA: set stopIndex = 0
2019-07-13 20:54:21,676 INFO  impl.PendingRequests (PendingRequests.java:sendNotLeaderResponses(202)) - 4b04d24d-1392-469c-a931-6fc9a672a38d-PendingRequests: sendNotLeaderResponses
2019-07-13 20:54:21,677 INFO  impl.RaftServerImpl (ServerState.java:close(394)) - 8a1c7d23-f7ea-4407-91b8-7f954e7d1576:group-A4E7F75F24CA closes. The last applied log index is 0
2019-07-13 20:54:21,677 INFO  impl.StateMachineUpdater (StateMachineUpdater.java:stopAndJoin(115)) - StateMachineUpdater:4b04d24d-1392-469c-a931-6fc9a672a38d:group-B00E4322E801: set stopIndex = 0
2019-07-13 20:54:21,678 INFO  segmented.SegmentedRaftLogWorker (SegmentedRaftLogWorker.java:run(313)) - 8a1c7d23-f7ea-4407-91b8-7f954e7d1576-SegmentedRaftLogWorker:Storage Directory /tmp/workdir/hadoop-ozone/integration-test/target/test-dir/MiniOzoneClusterImpl-d02a6b33-1f58-45b7-82b4-65e749d8c36b/datanode-3/data/ratis/1ff9a59b-9c1e-4fd2-8860-a4e7f75f24ca was interrupted, exiting. There are 0 tasks remaining in the queue.
2019-07-13 20:54:21,678 INFO  ratis.ContainerStateMachine (ContainerStateMachine.java:takeSnapshot(246)) - Taking snapshot at termIndex:(t:0, i:~)
2019-07-13 20:54:21,680 INFO  segmented.SegmentedRaftLogWorker (SegmentedRaftLogWorker.java:close(228)) - 8a1c7d23-f7ea-4407-91b8-7f954e7d1576-SegmentedRaftLogWorker:Storage Directory /tmp/workdir/hadoop-ozone/integration-test/target/test-dir/MiniOzoneClusterImpl-d02a6b33-1f58-45b7-82b4-65e749d8c36b/datanode-3/data/ratis/1ff9a59b-9c1e-4fd2-8860-a4e7f75f24ca close()
2019-07-13 20:54:21,680 INFO  impl.RaftServerImpl (ServerState.java:close(394)) - 4b04d24d-1392-469c-a931-6fc9a672a38d:group-B00E4322E801 closes. The last applied log index is 0
2019-07-13 20:54:21,682 INFO  server.GrpcService (GrpcService.java:closeImpl(155)) - 8a1c7d23-f7ea-4407-91b8-7f954e7d1576: shutdown server with port 33009 now
2019-07-13 20:54:21,683 INFO  segmented.SegmentedRaftLogWorker (SegmentedRaftLogWorker.java:run(313)) - 4b04d24d-1392-469c-a931-6fc9a672a38d-SegmentedRaftLogWorker:Storage Directory /tmp/workdir/hadoop-ozone/integration-test/target/test-dir/MiniOzoneClusterImpl-d02a6b33-1f58-45b7-82b4-65e749d8c36b/datanode-2/data/ratis/cf9bdd94-14de-4fdb-a2d8-b00e4322e801 was interrupted, exiting. There are 0 tasks remaining in the queue.
2019-07-13 20:54:21,685 INFO  server.GrpcService (GrpcService.java:closeImpl(163)) - 8a1c7d23-f7ea-4407-91b8-7f954e7d1576: shutdown server with port 33009 successfully
2019-07-13 20:54:21,685 INFO  segmented.SegmentedRaftLogWorker (SegmentedRaftLogWorker.java:close(228)) - 4b04d24d-1392-469c-a931-6fc9a672a38d-SegmentedRaftLogWorker:Storage Directory /tmp/workdir/hadoop-ozone/integration-test/target/test-dir/MiniOzoneClusterImpl-d02a6b33-1f58-45b7-82b4-65e749d8c36b/datanode-2/data/ratis/cf9bdd94-14de-4fdb-a2d8-b00e4322e801 close()
2019-07-13 20:54:21,688 INFO  server.GrpcService (GrpcService.java:closeImpl(155)) - 4b04d24d-1392-469c-a931-6fc9a672a38d: shutdown server with port 42588 now
2019-07-13 20:54:21,696 INFO  utils.BackgroundService (BackgroundService.java:shutdown(148)) - Shutting down service BlockDeletingService
2019-07-13 20:54:21,698 WARN  server.GrpcServerProtocolService (LogUtils.java:warn(134)) - 4b04d24d-1392-469c-a931-6fc9a672a38d: appendEntries onError: org.apache.ratis.thirdparty.io.grpc.StatusRuntimeException: CANCELLED: cancelled before receiving half close
2019-07-13 20:54:21,698 INFO  server.GrpcService (GrpcService.java:closeImpl(163)) - 4b04d24d-1392-469c-a931-6fc9a672a38d: shutdown server with port 42588 successfully
2019-07-13 20:54:21,698 WARN  server.GrpcLogAppender (LogUtils.java:warn(134)) - 216a4753-b6ed-443c-b053-bd35568ad21c->4b04d24d-1392-469c-a931-6fc9a672a38d: Failed appendEntries: org.apache.ratis.thirdparty.io.grpc.StatusRuntimeException: CANCELLED: HTTP/2 error code: CANCEL
Received Rst Stream
2019-07-13 20:54:21,699 INFO  impl.FollowerInfo (FollowerInfo.java:lambda$new$0(50)) - 216a4753-b6ed-443c-b053-bd35568ad21c->4b04d24d-1392-469c-a931-6fc9a672a38d: nextIndex: updateUnconditionally 9 -> 8
2019-07-13 20:54:21,700 WARN  fs.CachingGetSpaceUsed (CachingGetSpaceUsed.java:run(183)) - Thread Interrupted waiting to refresh disk information: sleep interrupted
2019-07-13 20:54:21,701 INFO  utils.BackgroundService (BackgroundService.java:shutdown(148)) - Shutting down service BlockDeletingService
2019-07-13 20:54:21,705 WARN  fs.CachingGetSpaceUsed (CachingGetSpaceUsed.java:run(183)) - Thread Interrupted waiting to refresh disk information: sleep interrupted
2019-07-13 20:54:21,720 INFO  statemachine.DatanodeStateMachine (DatanodeStateMachine.java:stopDaemon(395)) - Ozone container server stopped.
2019-07-13 20:54:21,726 INFO  statemachine.DatanodeStateMachine (DatanodeStateMachine.java:stopDaemon(395)) - Ozone container server stopped.
2019-07-13 20:54:21,733 INFO  handler.ContextHandler (ContextHandler.java:doStop(910)) - Stopped o.e.j.w.WebAppContext@702096ef{/,null,UNAVAILABLE}{/hddsDatanode}
2019-07-13 20:54:21,733 INFO  handler.ContextHandler (ContextHandler.java:doStop(910)) - Stopped o.e.j.w.WebAppContext@37986daf{/,null,UNAVAILABLE}{/hddsDatanode}
2019-07-13 20:54:21,734 INFO  server.AbstractConnector (AbstractConnector.java:doStop(318)) - Stopped ServerConnector@5f0d8937{HTTP/1.1,[http/1.1]}{0.0.0.0:0}
2019-07-13 20:54:21,734 INFO  server.AbstractConnector (AbstractConnector.java:doStop(318)) - Stopped ServerConnector@c82d925{HTTP/1.1,[http/1.1]}{0.0.0.0:0}
2019-07-13 20:54:21,735 INFO  handler.ContextHandler (ContextHandler.java:doStop(910)) - Stopped o.e.j.s.ServletContextHandler@40b31a16{/static,jar:file:/home/user/.m2/repository/org/apache/hadoop/hadoop-hdds-container-service/0.5.0-SNAPSHOT/hadoop-hdds-container-service-0.5.0-SNAPSHOT.jar!/webapps/static,UNAVAILABLE}
2019-07-13 20:54:21,735 INFO  handler.ContextHandler (ContextHandler.java:doStop(910)) - Stopped o.e.j.s.ServletContextHandler@100807ca{/static,jar:file:/home/user/.m2/repository/org/apache/hadoop/hadoop-hdds-container-service/0.5.0-SNAPSHOT/hadoop-hdds-container-service-0.5.0-SNAPSHOT.jar!/webapps/static,UNAVAILABLE}
2019-07-13 20:54:21,737 INFO  handler.ContextHandler (ContextHandler.java:doStop(910)) - Stopped o.e.j.s.ServletContextHandler@2a425cf5{/logs,file:///tmp/workdir/hadoop-ozone/integration-test/target/log,UNAVAILABLE}
2019-07-13 20:54:21,737 INFO  handler.ContextHandler (ContextHandler.java:doStop(910)) - Stopped o.e.j.s.ServletContextHandler@1958c0d9{/logs,file:///tmp/workdir/hadoop-ozone/integration-test/target/log,UNAVAILABLE}
2019-07-13 20:54:21,739 INFO  datanode.ObjectStoreHandler (ObjectStoreHandler.java:close(155)) - Closing ObjectStoreHandler.
2019-07-13 20:54:21,739 INFO  datanode.ObjectStoreHandler (ObjectStoreHandler.java:close(155)) - Closing ObjectStoreHandler.
2019-07-13 20:54:21,739 INFO  ozone.HddsDatanodeService (HddsDatanodeService.java:stop(452)) - Stopped plug-in org.apache.hadoop.ozone.web.OzoneHddsDatanodeService@30c01c37
2019-07-13 20:54:21,739 INFO  ozone.HddsDatanodeService (HddsDatanodeService.java:stop(452)) - Stopped plug-in org.apache.hadoop.ozone.web.OzoneHddsDatanodeService@115ef673
2019-07-13 20:54:21,855 INFO  statemachine.DatanodeStateMachine (DatanodeStateMachine.java:lambda$startDaemon$0(350)) - Ozone container server started.
2019-07-13 20:54:22,401 INFO  statemachine.DatanodeStateMachine (DatanodeStateMachine.java:lambda$startDaemon$0(350)) - Ozone container server started.
2019-07-13 20:54:23,919 WARN  server.GrpcLogAppender (LogUtils.java:warn(134)) - 216a4753-b6ed-443c-b053-bd35568ad21c->0c9e860d-8934-4034-81f7-fa21ad4a8723: Failed appendEntries: org.apache.ratis.thirdparty.io.grpc.StatusRuntimeException: UNAVAILABLE: io exception
2019-07-13 20:54:23,920 INFO  impl.FollowerInfo (FollowerInfo.java:lambda$new$0(50)) - 216a4753-b6ed-443c-b053-bd35568ad21c->0c9e860d-8934-4034-81f7-fa21ad4a8723: nextIndex: updateUnconditionally 6 -> 5
2019-07-13 20:54:23,927 WARN  server.GrpcLogAppender (LogUtils.java:warn(134)) - 216a4753-b6ed-443c-b053-bd35568ad21c->4b04d24d-1392-469c-a931-6fc9a672a38d: Failed appendEntries: org.apache.ratis.thirdparty.io.grpc.StatusRuntimeException: UNAVAILABLE: io exception
2019-07-13 20:54:23,927 INFO  impl.FollowerInfo (FollowerInfo.java:lambda$new$0(50)) - 216a4753-b6ed-443c-b053-bd35568ad21c->4b04d24d-1392-469c-a931-6fc9a672a38d: nextIndex: updateUnconditionally 8 -> 7
2019-07-13 20:54:26,421 WARN  server.GrpcLogAppender (LogUtils.java:warn(134)) - 216a4753-b6ed-443c-b053-bd35568ad21c->0c9e860d-8934-4034-81f7-fa21ad4a8723: Failed appendEntries: org.apache.ratis.thirdparty.io.grpc.StatusRuntimeException: UNAVAILABLE: io exception
2019-07-13 20:54:26,422 INFO  impl.FollowerInfo (FollowerInfo.java:lambda$new$0(50)) - 216a4753-b6ed-443c-b053-bd35568ad21c->0c9e860d-8934-4034-81f7-fa21ad4a8723: nextIndex: updateUnconditionally 5 -> 4
2019-07-13 20:54:26,428 WARN  server.GrpcLogAppender (LogUtils.java:warn(134)) - 216a4753-b6ed-443c-b053-bd35568ad21c->4b04d24d-1392-469c-a931-6fc9a672a38d: Failed appendEntries: org.apache.ratis.thirdparty.io.grpc.StatusRuntimeException: UNAVAILABLE: io exception
2019-07-13 20:54:26,429 INFO  impl.FollowerInfo (FollowerInfo.java:lambda$new$0(50)) - 216a4753-b6ed-443c-b053-bd35568ad21c->4b04d24d-1392-469c-a931-6fc9a672a38d: nextIndex: updateUnconditionally 7 -> 6
2019-07-13 20:54:26,740 INFO  ozoneimpl.OzoneContainer (OzoneContainer.java:stop(199)) - Attempting to stop container services.
2019-07-13 20:54:26,740 INFO  ozoneimpl.OzoneContainer (OzoneContainer.java:stop(199)) - Attempting to stop container services.
2019-07-13 20:54:26,741 INFO  impl.RaftServerProxy (RaftServerProxy.java:lambda$close$4(314)) - 216a4753-b6ed-443c-b053-bd35568ad21c: close
2019-07-13 20:54:26,741 INFO  impl.RaftServerImpl (RaftServerImpl.java:lambda$shutdown$3(245)) - 216a4753-b6ed-443c-b053-bd35568ad21c: shutdown group-D74905F0F5DC
2019-07-13 20:54:26,741 INFO  impl.RaftServerProxy (RaftServerProxy.java:lambda$close$4(314)) - 21ac3a48-4226-4f71-b041-054c907dbe16: close
2019-07-13 20:54:26,742 INFO  util.JmxRegister (JmxRegister.java:unregister(73)) - Successfully un-registered JMX Bean with object name Ratis:service=RaftServer,group=group-D74905F0F5DC,id=216a4753-b6ed-443c-b053-bd35568ad21c
2019-07-13 20:54:26,742 INFO  impl.RaftServerImpl (RaftServerImpl.java:lambda$shutdown$3(245)) - 21ac3a48-4226-4f71-b041-054c907dbe16: shutdown group-9115F794E8BE
2019-07-13 20:54:26,742 INFO  impl.RoleInfo (RoleInfo.java:shutdownLeaderState(104)) - 216a4753-b6ed-443c-b053-bd35568ad21c: shutdown LeaderState
2019-07-13 20:54:26,743 INFO  util.JmxRegister (JmxRegister.java:unregister(73)) - Successfully un-registered JMX Bean with object name Ratis:service=RaftServer,group=group-9115F794E8BE,id=21ac3a48-4226-4f71-b041-054c907dbe16
2019-07-13 20:54:26,746 WARN  server.GrpcLogAppender (GrpcLogAppender.java:mayWait(143)) - GrpcLogAppender(216a4753-b6ed-443c-b053-bd35568ad21c->4b04d24d-1392-469c-a931-6fc9a672a38d): Wait interrupted by java.lang.InterruptedException
2019-07-13 20:54:26,746 INFO  impl.PendingRequests (PendingRequests.java:sendNotLeaderResponses(202)) - 216a4753-b6ed-443c-b053-bd35568ad21c-PendingRequests: sendNotLeaderResponses
2019-07-13 20:54:26,746 WARN  server.GrpcLogAppender (GrpcLogAppender.java:mayWait(143)) - GrpcLogAppender(216a4753-b6ed-443c-b053-bd35568ad21c->0c9e860d-8934-4034-81f7-fa21ad4a8723): Wait interrupted by java.lang.InterruptedException
2019-07-13 20:54:26,746 INFO  impl.RoleInfo (RoleInfo.java:shutdownLeaderState(104)) - 21ac3a48-4226-4f71-b041-054c907dbe16: shutdown LeaderState
2019-07-13 20:54:26,750 INFO  ratis.ContainerStateMachine (ContainerStateMachine.java:takeSnapshot(246)) - Taking snapshot at termIndex:(t:2, i:6)
2019-07-13 20:54:26,750 INFO  impl.StateMachineUpdater (StateMachineUpdater.java:stopAndJoin(115)) - StateMachineUpdater:216a4753-b6ed-443c-b053-bd35568ad21c:group-D74905F0F5DC: set stopIndex = 8
2019-07-13 20:54:26,750 INFO  ratis.ContainerStateMachine (ContainerStateMachine.java:takeSnapshot(250)) - Taking a snapshot to file /tmp/workdir/hadoop-ozone/integration-test/target/test-dir/MiniOzoneClusterImpl-d02a6b33-1f58-45b7-82b4-65e749d8c36b/datanode-0/data/ratis/0494c33a-5d6e-4ce3-a95e-d74905f0f5dc/sm/snapshot.2_6
2019-07-13 20:54:26,750 INFO  impl.PendingRequests (PendingRequests.java:sendNotLeaderResponses(202)) - 21ac3a48-4226-4f71-b041-054c907dbe16-PendingRequests: sendNotLeaderResponses
2019-07-13 20:54:26,751 INFO  impl.StateMachineUpdater (StateMachineUpdater.java:takeSnapshot(242)) - StateMachineUpdater:216a4753-b6ed-443c-b053-bd35568ad21c:group-D74905F0F5DC: Took a snapshot at index 6
2019-07-13 20:54:26,752 INFO  impl.StateMachineUpdater (StateMachineUpdater.java:stopAndJoin(115)) - StateMachineUpdater:21ac3a48-4226-4f71-b041-054c907dbe16:group-9115F794E8BE: set stopIndex = 0
2019-07-13 20:54:26,752 INFO  ratis.ContainerStateMachine (ContainerStateMachine.java:takeSnapshot(246)) - Taking snapshot at termIndex:(t:0, i:~)
2019-07-13 20:54:26,752 INFO  impl.StateMachineUpdater (StateMachineUpdater.java:lambda$new$0(80)) - StateMachineUpdater:216a4753-b6ed-443c-b053-bd35568ad21c:group-D74905F0F5DC: snapshotIndex: updateIncreasingly -1 -> 6
2019-07-13 20:54:26,752 INFO  impl.RaftServerImpl (ServerState.java:close(394)) - 21ac3a48-4226-4f71-b041-054c907dbe16:group-9115F794E8BE closes. The last applied log index is 0
2019-07-13 20:54:26,753 INFO  impl.RaftServerImpl (ServerState.java:close(394)) - 216a4753-b6ed-443c-b053-bd35568ad21c:group-D74905F0F5DC closes. The last applied log index is 8
2019-07-13 20:54:26,753 INFO  segmented.SegmentedRaftLogWorker (SegmentedRaftLogWorker.java:run(313)) - 21ac3a48-4226-4f71-b041-054c907dbe16-SegmentedRaftLogWorker:Storage Directory /tmp/workdir/hadoop-ozone/integration-test/target/test-dir/MiniOzoneClusterImpl-d02a6b33-1f58-45b7-82b4-65e749d8c36b/datanode-6/data/ratis/b781fd17-3b5d-46ac-bf07-9115f794e8be was interrupted, exiting. There are 0 tasks remaining in the queue.
2019-07-13 20:54:26,753 INFO  segmented.SegmentedRaftLogWorker (SegmentedRaftLogWorker.java:run(313)) - 216a4753-b6ed-443c-b053-bd35568ad21c-SegmentedRaftLogWorker:Storage Directory /tmp/workdir/hadoop-ozone/integration-test/target/test-dir/MiniOzoneClusterImpl-d02a6b33-1f58-45b7-82b4-65e749d8c36b/datanode-0/data/ratis/0494c33a-5d6e-4ce3-a95e-d74905f0f5dc was interrupted, exiting. There are 0 tasks remaining in the queue.
2019-07-13 20:54:26,756 INFO  segmented.SegmentedRaftLogWorker (SegmentedRaftLogWorker.java:close(228)) - 21ac3a48-4226-4f71-b041-054c907dbe16-SegmentedRaftLogWorker:Storage Directory /tmp/workdir/hadoop-ozone/integration-test/target/test-dir/MiniOzoneClusterImpl-d02a6b33-1f58-45b7-82b4-65e749d8c36b/datanode-6/data/ratis/b781fd17-3b5d-46ac-bf07-9115f794e8be close()
2019-07-13 20:54:26,756 INFO  segmented.SegmentedRaftLogWorker (SegmentedRaftLogWorker.java:close(228)) - 216a4753-b6ed-443c-b053-bd35568ad21c-SegmentedRaftLogWorker:Storage Directory /tmp/workdir/hadoop-ozone/integration-test/target/test-dir/MiniOzoneClusterImpl-d02a6b33-1f58-45b7-82b4-65e749d8c36b/datanode-0/data/ratis/0494c33a-5d6e-4ce3-a95e-d74905f0f5dc close()
2019-07-13 20:54:26,758 INFO  server.GrpcService (GrpcService.java:closeImpl(155)) - 21ac3a48-4226-4f71-b041-054c907dbe16: shutdown server with port 43918 now
2019-07-13 20:54:26,764 INFO  impl.RaftServerImpl (RaftServerImpl.java:lambda$shutdown$3(245)) - 216a4753-b6ed-443c-b053-bd35568ad21c: shutdown group-9D4DD3D08546
2019-07-13 20:54:26,766 INFO  server.GrpcService (GrpcService.java:closeImpl(163)) - 21ac3a48-4226-4f71-b041-054c907dbe16: shutdown server with port 43918 successfully
2019-07-13 20:54:26,766 INFO  util.JmxRegister (JmxRegister.java:unregister(73)) - Successfully un-registered JMX Bean with object name Ratis:service=RaftServer,group=group-9D4DD3D08546,id=216a4753-b6ed-443c-b053-bd35568ad21c
2019-07-13 20:54:26,767 INFO  impl.RoleInfo (RoleInfo.java:shutdownLeaderState(104)) - 216a4753-b6ed-443c-b053-bd35568ad21c: shutdown LeaderState
2019-07-13 20:54:26,767 INFO  impl.PendingRequests (PendingRequests.java:sendNotLeaderResponses(202)) - 216a4753-b6ed-443c-b053-bd35568ad21c-PendingRequests: sendNotLeaderResponses
2019-07-13 20:54:26,768 INFO  impl.StateMachineUpdater (StateMachineUpdater.java:stopAndJoin(115)) - StateMachineUpdater:216a4753-b6ed-443c-b053-bd35568ad21c:group-9D4DD3D08546: set stopIndex = 0
2019-07-13 20:54:26,768 INFO  ratis.ContainerStateMachine (ContainerStateMachine.java:takeSnapshot(246)) - Taking snapshot at termIndex:(t:0, i:~)
2019-07-13 20:54:26,768 INFO  impl.RaftServerImpl (ServerState.java:close(394)) - 216a4753-b6ed-443c-b053-bd35568ad21c:group-9D4DD3D08546 closes. The last applied log index is 0
2019-07-13 20:54:26,769 INFO  segmented.SegmentedRaftLogWorker (SegmentedRaftLogWorker.java:run(313)) - 216a4753-b6ed-443c-b053-bd35568ad21c-SegmentedRaftLogWorker:Storage Directory /tmp/workdir/hadoop-ozone/integration-test/target/test-dir/MiniOzoneClusterImpl-d02a6b33-1f58-45b7-82b4-65e749d8c36b/datanode-0/data/ratis/1b862a9f-5aa8-498f-a6ff-9d4dd3d08546 was interrupted, exiting. There are 0 tasks remaining in the queue.
2019-07-13 20:54:26,769 INFO  segmented.SegmentedRaftLogWorker (SegmentedRaftLogWorker.java:close(228)) - 216a4753-b6ed-443c-b053-bd35568ad21c-SegmentedRaftLogWorker:Storage Directory /tmp/workdir/hadoop-ozone/integration-test/target/test-dir/MiniOzoneClusterImpl-d02a6b33-1f58-45b7-82b4-65e749d8c36b/datanode-0/data/ratis/1b862a9f-5aa8-498f-a6ff-9d4dd3d08546 close()
2019-07-13 20:54:26,769 INFO  server.GrpcService (GrpcService.java:closeImpl(155)) - 216a4753-b6ed-443c-b053-bd35568ad21c: shutdown server with port 33546 now
2019-07-13 20:54:26,770 INFO  utils.BackgroundService (BackgroundService.java:shutdown(148)) - Shutting down service BlockDeletingService
2019-07-13 20:54:26,770 INFO  server.GrpcService (GrpcService.java:closeImpl(163)) - 216a4753-b6ed-443c-b053-bd35568ad21c: shutdown server with port 33546 successfully
2019-07-13 20:54:26,773 INFO  utils.BackgroundService (BackgroundService.java:shutdown(148)) - Shutting down service BlockDeletingService
2019-07-13 20:54:26,774 WARN  fs.CachingGetSpaceUsed (CachingGetSpaceUsed.java:run(183)) - Thread Interrupted waiting to refresh disk information: sleep interrupted
2019-07-13 20:54:26,777 WARN  fs.CachingGetSpaceUsed (CachingGetSpaceUsed.java:run(183)) - Thread Interrupted waiting to refresh disk information: sleep interrupted
2019-07-13 20:54:26,789 INFO  statemachine.DatanodeStateMachine (DatanodeStateMachine.java:stopDaemon(395)) - Ozone container server stopped.
2019-07-13 20:54:26,797 INFO  statemachine.DatanodeStateMachine (DatanodeStateMachine.java:stopDaemon(395)) - Ozone container server stopped.
2019-07-13 20:54:26,802 INFO  handler.ContextHandler (ContextHandler.java:doStop(910)) - Stopped o.e.j.w.WebAppContext@18ac4af6{/,null,UNAVAILABLE}{/hddsDatanode}
2019-07-13 20:54:26,803 INFO  handler.ContextHandler (ContextHandler.java:doStop(910)) - Stopped o.e.j.w.WebAppContext@308e87a1{/,null,UNAVAILABLE}{/hddsDatanode}
2019-07-13 20:54:26,803 INFO  server.AbstractConnector (AbstractConnector.java:doStop(318)) - Stopped ServerConnector@117fb9ba{HTTP/1.1,[http/1.1]}{0.0.0.0:0}
2019-07-13 20:54:26,804 INFO  server.AbstractConnector (AbstractConnector.java:doStop(318)) - Stopped ServerConnector@66298fe9{HTTP/1.1,[http/1.1]}{0.0.0.0:0}
2019-07-13 20:54:26,804 INFO  handler.ContextHandler (ContextHandler.java:doStop(910)) - Stopped o.e.j.s.ServletContextHandler@7ac1b6c0{/static,jar:file:/home/user/.m2/repository/org/apache/hadoop/hadoop-hdds-container-service/0.5.0-SNAPSHOT/hadoop-hdds-container-service-0.5.0-SNAPSHOT.jar!/webapps/static,UNAVAILABLE}
2019-07-13 20:54:26,805 INFO  handler.ContextHandler (ContextHandler.java:doStop(910)) - Stopped o.e.j.s.ServletContextHandler@be6d228{/static,jar:file:/home/user/.m2/repository/org/apache/hadoop/hadoop-hdds-container-service/0.5.0-SNAPSHOT/hadoop-hdds-container-service-0.5.0-SNAPSHOT.jar!/webapps/static,UNAVAILABLE}
2019-07-13 20:54:26,805 INFO  handler.ContextHandler (ContextHandler.java:doStop(910)) - Stopped o.e.j.s.ServletContextHandler@6f655dbd{/logs,file:///tmp/workdir/hadoop-ozone/integration-test/target/log,UNAVAILABLE}
2019-07-13 20:54:26,806 INFO  handler.ContextHandler (ContextHandler.java:doStop(910)) - Stopped o.e.j.s.ServletContextHandler@15c16f19{/logs,file:///tmp/workdir/hadoop-ozone/integration-test/target/log,UNAVAILABLE}
2019-07-13 20:54:26,808 INFO  datanode.ObjectStoreHandler (ObjectStoreHandler.java:close(155)) - Closing ObjectStoreHandler.
2019-07-13 20:54:26,809 INFO  ozone.HddsDatanodeService (HddsDatanodeService.java:stop(452)) - Stopped plug-in org.apache.hadoop.ozone.web.OzoneHddsDatanodeService@35524549
2019-07-13 20:54:27,709 INFO  statemachine.DatanodeStateMachine (DatanodeStateMachine.java:lambda$startDaemon$0(350)) - Ozone container server started.
2019-07-13 20:54:31,489 INFO  impl.FollowerState (FollowerState.java:run(106)) - a044f00e-1f1f-47f2-9345-b9fd97c8a7a9:group-6600B1F33927 changes to CANDIDATE, lastRpcTime:10053, electionTimeout:5075ms
2019-07-13 20:54:31,489 INFO  impl.RoleInfo (RoleInfo.java:shutdownFollowerState(121)) - a044f00e-1f1f-47f2-9345-b9fd97c8a7a9: shutdown FollowerState
2019-07-13 20:54:31,489 INFO  impl.RaftServerImpl (RaftServerImpl.java:setRole(171)) - a044f00e-1f1f-47f2-9345-b9fd97c8a7a9:group-6600B1F33927 changes role from FOLLOWER to CANDIDATE at term 2 for changeToCandidate
2019-07-13 20:54:31,490 INFO  impl.RoleInfo (RoleInfo.java:updateAndGet(143)) - a044f00e-1f1f-47f2-9345-b9fd97c8a7a9: start LeaderElection
2019-07-13 20:54:31,492 INFO  impl.RaftServerImpl (ServerState.java:setLeader(263)) - a044f00e-1f1f-47f2-9345-b9fd97c8a7a9:group-6600B1F33927 change Leader from 8a1c7d23-f7ea-4407-91b8-7f954e7d1576 to null at term 2 for initElection
2019-07-13 20:54:31,511 INFO  impl.LeaderElection (LeaderElection.java:askForVotes(181)) - a044f00e-1f1f-47f2-9345-b9fd97c8a7a9:group-6600B1F33927:LeaderElection27: begin an election at term 3 for 1: [8a1c7d23-f7ea-4407-91b8-7f954e7d1576:192.168.5.168:33009, a044f00e-1f1f-47f2-9345-b9fd97c8a7a9:192.168.5.168:43103, 6895d720-a821-4f7b-972d-a231886c7842:192.168.5.168:38542], old=null
2019-07-13 20:54:31,518 INFO  impl.LeaderElection (LogUtils.java:infoOrTrace(149)) - a044f00e-1f1f-47f2-9345-b9fd97c8a7a9:group-6600B1F33927:LeaderElection27 got exception when requesting votes: {}
java.util.concurrent.ExecutionException: org.apache.ratis.thirdparty.io.grpc.StatusRuntimeException: UNAVAILABLE: io exception
	at java.util.concurrent.FutureTask.report(FutureTask.java:122)
	at java.util.concurrent.FutureTask.get(FutureTask.java:192)
	at org.apache.ratis.server.impl.LeaderElection.waitForResults(LeaderElection.java:262)
	at org.apache.ratis.server.impl.LeaderElection.askForVotes(LeaderElection.java:200)
	at org.apache.ratis.server.impl.LeaderElection.run(LeaderElection.java:130)
	at java.lang.Thread.run(Thread.java:748)
Caused by: org.apache.ratis.thirdparty.io.grpc.StatusRuntimeException: UNAVAILABLE: io exception
	at org.apache.ratis.thirdparty.io.grpc.stub.ClientCalls.toStatusRuntimeException(ClientCalls.java:233)
	at org.apache.ratis.thirdparty.io.grpc.stub.ClientCalls.getUnchecked(ClientCalls.java:214)
	at org.apache.ratis.thirdparty.io.grpc.stub.ClientCalls.blockingUnaryCall(ClientCalls.java:139)
	at org.apache.ratis.proto.grpc.RaftServerProtocolServiceGrpc$RaftServerProtocolServiceBlockingStub.requestVote(RaftServerProtocolServiceGrpc.java:265)
	at org.apache.ratis.grpc.server.GrpcServerProtocolClient.requestVote(GrpcServerProtocolClient.java:83)
	at org.apache.ratis.grpc.server.GrpcService.requestVote(GrpcService.java:195)
	at org.apache.ratis.server.impl.LeaderElection.lambda$submitRequests$1(LeaderElection.java:237)
	at java.util.concurrent.FutureTask.run(FutureTask.java:266)
	at java.util.concurrent.Executors$RunnableAdapter.call(Executors.java:511)
	at java.util.concurrent.FutureTask.run(FutureTask.java:266)
	at java.util.concurrent.ThreadPoolExecutor.runWorker(ThreadPoolExecutor.java:1149)
	at java.util.concurrent.ThreadPoolExecutor$Worker.run(ThreadPoolExecutor.java:624)
	... 1 more
Caused by: org.apache.ratis.thirdparty.io.netty.channel.AbstractChannel$AnnotatedConnectException: Connection refused: /192.168.5.168:38542
	at sun.nio.ch.SocketChannelImpl.checkConnect(Native Method)
	at sun.nio.ch.SocketChannelImpl.finishConnect(SocketChannelImpl.java:717)
	at org.apache.ratis.thirdparty.io.netty.channel.socket.nio.NioSocketChannel.doFinishConnect(NioSocketChannel.java:327)
	at org.apache.ratis.thirdparty.io.netty.channel.nio.AbstractNioChannel$AbstractNioUnsafe.finishConnect(AbstractNioChannel.java:340)
	at org.apache.ratis.thirdparty.io.netty.channel.nio.NioEventLoop.processSelectedKey(NioEventLoop.java:632)
	at org.apache.ratis.thirdparty.io.netty.channel.nio.NioEventLoop.processSelectedKeysOptimized(NioEventLoop.java:579)
	at org.apache.ratis.thirdparty.io.netty.channel.nio.NioEventLoop.processSelectedKeys(NioEventLoop.java:496)
	at org.apache.ratis.thirdparty.io.netty.channel.nio.NioEventLoop.run(NioEventLoop.java:458)
	at org.apache.ratis.thirdparty.io.netty.util.concurrent.SingleThreadEventExecutor$5.run(SingleThreadEventExecutor.java:897)
	at org.apache.ratis.thirdparty.io.netty.util.concurrent.FastThreadLocalRunnable.run(FastThreadLocalRunnable.java:30)
	... 1 more
Caused by: java.net.ConnectException: Connection refused
	... 11 more
2019-07-13 20:54:31,521 INFO  impl.LeaderElection (LogUtils.java:infoOrTrace(149)) - a044f00e-1f1f-47f2-9345-b9fd97c8a7a9:group-6600B1F33927:LeaderElection27 got exception when requesting votes: {}
java.util.concurrent.ExecutionException: org.apache.ratis.thirdparty.io.grpc.StatusRuntimeException: UNAVAILABLE: io exception
	at java.util.concurrent.FutureTask.report(FutureTask.java:122)
	at java.util.concurrent.FutureTask.get(FutureTask.java:192)
	at org.apache.ratis.server.impl.LeaderElection.waitForResults(LeaderElection.java:262)
	at org.apache.ratis.server.impl.LeaderElection.askForVotes(LeaderElection.java:200)
	at org.apache.ratis.server.impl.LeaderElection.run(LeaderElection.java:130)
	at java.lang.Thread.run(Thread.java:748)
Caused by: org.apache.ratis.thirdparty.io.grpc.StatusRuntimeException: UNAVAILABLE: io exception
	at org.apache.ratis.thirdparty.io.grpc.stub.ClientCalls.toStatusRuntimeException(ClientCalls.java:233)
	at org.apache.ratis.thirdparty.io.grpc.stub.ClientCalls.getUnchecked(ClientCalls.java:214)
	at org.apache.ratis.thirdparty.io.grpc.stub.ClientCalls.blockingUnaryCall(ClientCalls.java:139)
	at org.apache.ratis.proto.grpc.RaftServerProtocolServiceGrpc$RaftServerProtocolServiceBlockingStub.requestVote(RaftServerProtocolServiceGrpc.java:265)
	at org.apache.ratis.grpc.server.GrpcServerProtocolClient.requestVote(GrpcServerProtocolClient.java:83)
	at org.apache.ratis.grpc.server.GrpcService.requestVote(GrpcService.java:195)
	at org.apache.ratis.server.impl.LeaderElection.lambda$submitRequests$1(LeaderElection.java:237)
	at java.util.concurrent.FutureTask.run(FutureTask.java:266)
	at java.util.concurrent.Executors$RunnableAdapter.call(Executors.java:511)
	at java.util.concurrent.FutureTask.run(FutureTask.java:266)
	at java.util.concurrent.ThreadPoolExecutor.runWorker(ThreadPoolExecutor.java:1149)
	at java.util.concurrent.ThreadPoolExecutor$Worker.run(ThreadPoolExecutor.java:624)
	... 1 more
Caused by: org.apache.ratis.thirdparty.io.netty.channel.AbstractChannel$AnnotatedConnectException: Connection refused: /192.168.5.168:33009
	at sun.nio.ch.SocketChannelImpl.checkConnect(Native Method)
	at sun.nio.ch.SocketChannelImpl.finishConnect(SocketChannelImpl.java:717)
	at org.apache.ratis.thirdparty.io.netty.channel.socket.nio.NioSocketChannel.doFinishConnect(NioSocketChannel.java:327)
	at org.apache.ratis.thirdparty.io.netty.channel.nio.AbstractNioChannel$AbstractNioUnsafe.finishConnect(AbstractNioChannel.java:340)
	at org.apache.ratis.thirdparty.io.netty.channel.nio.NioEventLoop.processSelectedKey(NioEventLoop.java:632)
	at org.apache.ratis.thirdparty.io.netty.channel.nio.NioEventLoop.processSelectedKeysOptimized(NioEventLoop.java:579)
	at org.apache.ratis.thirdparty.io.netty.channel.nio.NioEventLoop.processSelectedKeys(NioEventLoop.java:496)
	at org.apache.ratis.thirdparty.io.netty.channel.nio.NioEventLoop.run(NioEventLoop.java:458)
	at org.apache.ratis.thirdparty.io.netty.util.concurrent.SingleThreadEventExecutor$5.run(SingleThreadEventExecutor.java:897)
	at org.apache.ratis.thirdparty.io.netty.util.concurrent.FastThreadLocalRunnable.run(FastThreadLocalRunnable.java:30)
	... 1 more
Caused by: java.net.ConnectException: Connection refused
	... 11 more
2019-07-13 20:54:31,523 INFO  impl.LeaderElection (LeaderElection.java:logAndReturn(56)) - a044f00e-1f1f-47f2-9345-b9fd97c8a7a9:group-6600B1F33927:LeaderElection27: Election REJECTED; received 0 response(s) [] and 2 exception(s); a044f00e-1f1f-47f2-9345-b9fd97c8a7a9:t3, leader=null, voted=a044f00e-1f1f-47f2-9345-b9fd97c8a7a9, raftlog=a044f00e-1f1f-47f2-9345-b9fd97c8a7a9-SegmentedRaftLog:OPENED:c1,f2,i2, conf=1: [8a1c7d23-f7ea-4407-91b8-7f954e7d1576:192.168.5.168:33009, a044f00e-1f1f-47f2-9345-b9fd97c8a7a9:192.168.5.168:43103, 6895d720-a821-4f7b-972d-a231886c7842:192.168.5.168:38542], old=null
2019-07-13 20:54:31,523 INFO  impl.LeaderElection (LogUtils.java:infoOrTrace(149)) -   Exception 0: {}
java.util.concurrent.ExecutionException: org.apache.ratis.thirdparty.io.grpc.StatusRuntimeException: UNAVAILABLE: io exception
	at java.util.concurrent.FutureTask.report(FutureTask.java:122)
	at java.util.concurrent.FutureTask.get(FutureTask.java:192)
	at org.apache.ratis.server.impl.LeaderElection.waitForResults(LeaderElection.java:262)
	at org.apache.ratis.server.impl.LeaderElection.askForVotes(LeaderElection.java:200)
	at org.apache.ratis.server.impl.LeaderElection.run(LeaderElection.java:130)
	at java.lang.Thread.run(Thread.java:748)
Caused by: org.apache.ratis.thirdparty.io.grpc.StatusRuntimeException: UNAVAILABLE: io exception
	at org.apache.ratis.thirdparty.io.grpc.stub.ClientCalls.toStatusRuntimeException(ClientCalls.java:233)
	at org.apache.ratis.thirdparty.io.grpc.stub.ClientCalls.getUnchecked(ClientCalls.java:214)
	at org.apache.ratis.thirdparty.io.grpc.stub.ClientCalls.blockingUnaryCall(ClientCalls.java:139)
	at org.apache.ratis.proto.grpc.RaftServerProtocolServiceGrpc$RaftServerProtocolServiceBlockingStub.requestVote(RaftServerProtocolServiceGrpc.java:265)
	at org.apache.ratis.grpc.server.GrpcServerProtocolClient.requestVote(GrpcServerProtocolClient.java:83)
	at org.apache.ratis.grpc.server.GrpcService.requestVote(GrpcService.java:195)
	at org.apache.ratis.server.impl.LeaderElection.lambda$submitRequests$1(LeaderElection.java:237)
	at java.util.concurrent.FutureTask.run(FutureTask.java:266)
	at java.util.concurrent.Executors$RunnableAdapter.call(Executors.java:511)
	at java.util.concurrent.FutureTask.run(FutureTask.java:266)
	at java.util.concurrent.ThreadPoolExecutor.runWorker(ThreadPoolExecutor.java:1149)
	at java.util.concurrent.ThreadPoolExecutor$Worker.run(ThreadPoolExecutor.java:624)
	... 1 more
Caused by: org.apache.ratis.thirdparty.io.netty.channel.AbstractChannel$AnnotatedConnectException: Connection refused: /192.168.5.168:38542
	at sun.nio.ch.SocketChannelImpl.checkConnect(Native Method)
	at sun.nio.ch.SocketChannelImpl.finishConnect(SocketChannelImpl.java:717)
	at org.apache.ratis.thirdparty.io.netty.channel.socket.nio.NioSocketChannel.doFinishConnect(NioSocketChannel.java:327)
	at org.apache.ratis.thirdparty.io.netty.channel.nio.AbstractNioChannel$AbstractNioUnsafe.finishConnect(AbstractNioChannel.java:340)
	at org.apache.ratis.thirdparty.io.netty.channel.nio.NioEventLoop.processSelectedKey(NioEventLoop.java:632)
	at org.apache.ratis.thirdparty.io.netty.channel.nio.NioEventLoop.processSelectedKeysOptimized(NioEventLoop.java:579)
	at org.apache.ratis.thirdparty.io.netty.channel.nio.NioEventLoop.processSelectedKeys(NioEventLoop.java:496)
	at org.apache.ratis.thirdparty.io.netty.channel.nio.NioEventLoop.run(NioEventLoop.java:458)
	at org.apache.ratis.thirdparty.io.netty.util.concurrent.SingleThreadEventExecutor$5.run(SingleThreadEventExecutor.java:897)
	at org.apache.ratis.thirdparty.io.netty.util.concurrent.FastThreadLocalRunnable.run(FastThreadLocalRunnable.java:30)
	... 1 more
Caused by: java.net.ConnectException: Connection refused
	... 11 more
2019-07-13 20:54:31,523 INFO  impl.LeaderElection (LogUtils.java:infoOrTrace(149)) -   Exception 1: {}
java.util.concurrent.ExecutionException: org.apache.ratis.thirdparty.io.grpc.StatusRuntimeException: UNAVAILABLE: io exception
	at java.util.concurrent.FutureTask.report(FutureTask.java:122)
	at java.util.concurrent.FutureTask.get(FutureTask.java:192)
	at org.apache.ratis.server.impl.LeaderElection.waitForResults(LeaderElection.java:262)
	at org.apache.ratis.server.impl.LeaderElection.askForVotes(LeaderElection.java:200)
	at org.apache.ratis.server.impl.LeaderElection.run(LeaderElection.java:130)
	at java.lang.Thread.run(Thread.java:748)
Caused by: org.apache.ratis.thirdparty.io.grpc.StatusRuntimeException: UNAVAILABLE: io exception
	at org.apache.ratis.thirdparty.io.grpc.stub.ClientCalls.toStatusRuntimeException(ClientCalls.java:233)
	at org.apache.ratis.thirdparty.io.grpc.stub.ClientCalls.getUnchecked(ClientCalls.java:214)
	at org.apache.ratis.thirdparty.io.grpc.stub.ClientCalls.blockingUnaryCall(ClientCalls.java:139)
	at org.apache.ratis.proto.grpc.RaftServerProtocolServiceGrpc$RaftServerProtocolServiceBlockingStub.requestVote(RaftServerProtocolServiceGrpc.java:265)
	at org.apache.ratis.grpc.server.GrpcServerProtocolClient.requestVote(GrpcServerProtocolClient.java:83)
	at org.apache.ratis.grpc.server.GrpcService.requestVote(GrpcService.java:195)
	at org.apache.ratis.server.impl.LeaderElection.lambda$submitRequests$1(LeaderElection.java:237)
	at java.util.concurrent.FutureTask.run(FutureTask.java:266)
	at java.util.concurrent.Executors$RunnableAdapter.call(Executors.java:511)
	at java.util.concurrent.FutureTask.run(FutureTask.java:266)
	at java.util.concurrent.ThreadPoolExecutor.runWorker(ThreadPoolExecutor.java:1149)
	at java.util.concurrent.ThreadPoolExecutor$Worker.run(ThreadPoolExecutor.java:624)
	... 1 more
Caused by: org.apache.ratis.thirdparty.io.netty.channel.AbstractChannel$AnnotatedConnectException: Connection refused: /192.168.5.168:33009
	at sun.nio.ch.SocketChannelImpl.checkConnect(Native Method)
	at sun.nio.ch.SocketChannelImpl.finishConnect(SocketChannelImpl.java:717)
	at org.apache.ratis.thirdparty.io.netty.channel.socket.nio.NioSocketChannel.doFinishConnect(NioSocketChannel.java:327)
	at org.apache.ratis.thirdparty.io.netty.channel.nio.AbstractNioChannel$AbstractNioUnsafe.finishConnect(AbstractNioChannel.java:340)
	at org.apache.ratis.thirdparty.io.netty.channel.nio.NioEventLoop.processSelectedKey(NioEventLoop.java:632)
	at org.apache.ratis.thirdparty.io.netty.channel.nio.NioEventLoop.processSelectedKeysOptimized(NioEventLoop.java:579)
	at org.apache.ratis.thirdparty.io.netty.channel.nio.NioEventLoop.processSelectedKeys(NioEventLoop.java:496)
	at org.apache.ratis.thirdparty.io.netty.channel.nio.NioEventLoop.run(NioEventLoop.java:458)
	at org.apache.ratis.thirdparty.io.netty.util.concurrent.SingleThreadEventExecutor$5.run(SingleThreadEventExecutor.java:897)
	at org.apache.ratis.thirdparty.io.netty.util.concurrent.FastThreadLocalRunnable.run(FastThreadLocalRunnable.java:30)
	... 1 more
Caused by: java.net.ConnectException: Connection refused
	... 11 more
2019-07-13 20:54:31,523 INFO  impl.RaftServerImpl (RaftServerImpl.java:setRole(171)) - a044f00e-1f1f-47f2-9345-b9fd97c8a7a9:group-6600B1F33927 changes role from CANDIDATE to FOLLOWER at term 3 for DISCOVERED_A_NEW_TERM
2019-07-13 20:54:31,524 INFO  impl.RoleInfo (RoleInfo.java:shutdownLeaderElection(134)) - a044f00e-1f1f-47f2-9345-b9fd97c8a7a9: shutdown LeaderElection
2019-07-13 20:54:31,524 INFO  impl.RoleInfo (RoleInfo.java:updateAndGet(143)) - a044f00e-1f1f-47f2-9345-b9fd97c8a7a9: start FollowerState
2019-07-13 20:54:31,810 INFO  ozoneimpl.OzoneContainer (OzoneContainer.java:stop(199)) - Attempting to stop container services.
2019-07-13 20:54:31,811 INFO  impl.RaftServerProxy (RaftServerProxy.java:lambda$close$4(314)) - a044f00e-1f1f-47f2-9345-b9fd97c8a7a9: close
2019-07-13 20:54:31,813 INFO  impl.RaftServerImpl (RaftServerImpl.java:lambda$shutdown$3(245)) - a044f00e-1f1f-47f2-9345-b9fd97c8a7a9: shutdown group-6600B1F33927
2019-07-13 20:54:31,813 INFO  util.JmxRegister (JmxRegister.java:unregister(73)) - Successfully un-registered JMX Bean with object name Ratis:service=RaftServer,group=group-6600B1F33927,id=a044f00e-1f1f-47f2-9345-b9fd97c8a7a9
2019-07-13 20:54:31,814 INFO  impl.RoleInfo (RoleInfo.java:shutdownFollowerState(121)) - a044f00e-1f1f-47f2-9345-b9fd97c8a7a9: shutdown FollowerState
2019-07-13 20:54:31,814 INFO  impl.StateMachineUpdater (StateMachineUpdater.java:stopAndJoin(115)) - StateMachineUpdater:a044f00e-1f1f-47f2-9345-b9fd97c8a7a9:group-6600B1F33927: set stopIndex = 1
2019-07-13 20:54:31,814 INFO  ratis.ContainerStateMachine (ContainerStateMachine.java:takeSnapshot(246)) - Taking snapshot at termIndex:(t:0, i:~)
2019-07-13 20:54:31,814 INFO  impl.FollowerState (FollowerState.java:run(114)) - a044f00e-1f1f-47f2-9345-b9fd97c8a7a9: FollowerState was interrupted: java.lang.InterruptedException: sleep interrupted
2019-07-13 20:54:31,815 INFO  impl.RaftServerImpl (ServerState.java:close(394)) - a044f00e-1f1f-47f2-9345-b9fd97c8a7a9:group-6600B1F33927 closes. The last applied log index is 1
2019-07-13 20:54:31,817 INFO  segmented.SegmentedRaftLogWorker (SegmentedRaftLogWorker.java:run(313)) - a044f00e-1f1f-47f2-9345-b9fd97c8a7a9-SegmentedRaftLogWorker:Storage Directory /tmp/workdir/hadoop-ozone/integration-test/target/test-dir/MiniOzoneClusterImpl-d02a6b33-1f58-45b7-82b4-65e749d8c36b/datanode-5/data/ratis/e833b71b-069c-4712-ba66-6600b1f33927 was interrupted, exiting. There are 0 tasks remaining in the queue.
2019-07-13 20:54:31,818 INFO  segmented.SegmentedRaftLogWorker (SegmentedRaftLogWorker.java:close(228)) - a044f00e-1f1f-47f2-9345-b9fd97c8a7a9-SegmentedRaftLogWorker:Storage Directory /tmp/workdir/hadoop-ozone/integration-test/target/test-dir/MiniOzoneClusterImpl-d02a6b33-1f58-45b7-82b4-65e749d8c36b/datanode-5/data/ratis/e833b71b-069c-4712-ba66-6600b1f33927 close()
2019-07-13 20:54:31,818 INFO  impl.RaftServerImpl (RaftServerImpl.java:lambda$shutdown$3(245)) - a044f00e-1f1f-47f2-9345-b9fd97c8a7a9: shutdown group-2626E701BB0C
2019-07-13 20:54:31,819 INFO  util.JmxRegister (JmxRegister.java:unregister(73)) - Successfully un-registered JMX Bean with object name Ratis:service=RaftServer,group=group-2626E701BB0C,id=a044f00e-1f1f-47f2-9345-b9fd97c8a7a9
2019-07-13 20:54:31,819 INFO  impl.RoleInfo (RoleInfo.java:shutdownLeaderState(104)) - a044f00e-1f1f-47f2-9345-b9fd97c8a7a9: shutdown LeaderState
2019-07-13 20:54:31,820 INFO  impl.PendingRequests (PendingRequests.java:sendNotLeaderResponses(202)) - a044f00e-1f1f-47f2-9345-b9fd97c8a7a9-PendingRequests: sendNotLeaderResponses
2019-07-13 20:54:31,821 INFO  impl.StateMachineUpdater (StateMachineUpdater.java:stopAndJoin(115)) - StateMachineUpdater:a044f00e-1f1f-47f2-9345-b9fd97c8a7a9:group-2626E701BB0C: set stopIndex = 0
2019-07-13 20:54:31,821 INFO  ratis.ContainerStateMachine (ContainerStateMachine.java:takeSnapshot(246)) - Taking snapshot at termIndex:(t:0, i:~)
2019-07-13 20:54:31,821 INFO  impl.RaftServerImpl (ServerState.java:close(394)) - a044f00e-1f1f-47f2-9345-b9fd97c8a7a9:group-2626E701BB0C closes. The last applied log index is 0
2019-07-13 20:54:31,822 INFO  segmented.SegmentedRaftLogWorker (SegmentedRaftLogWorker.java:run(313)) - a044f00e-1f1f-47f2-9345-b9fd97c8a7a9-SegmentedRaftLogWorker:Storage Directory /tmp/workdir/hadoop-ozone/integration-test/target/test-dir/MiniOzoneClusterImpl-d02a6b33-1f58-45b7-82b4-65e749d8c36b/datanode-5/data/ratis/ce505d75-f0af-47af-bad9-2626e701bb0c was interrupted, exiting. There are 0 tasks remaining in the queue.
2019-07-13 20:54:31,822 INFO  segmented.SegmentedRaftLogWorker (SegmentedRaftLogWorker.java:close(228)) - a044f00e-1f1f-47f2-9345-b9fd97c8a7a9-SegmentedRaftLogWorker:Storage Directory /tmp/workdir/hadoop-ozone/integration-test/target/test-dir/MiniOzoneClusterImpl-d02a6b33-1f58-45b7-82b4-65e749d8c36b/datanode-5/data/ratis/ce505d75-f0af-47af-bad9-2626e701bb0c close()
2019-07-13 20:54:31,823 INFO  server.GrpcService (GrpcService.java:closeImpl(155)) - a044f00e-1f1f-47f2-9345-b9fd97c8a7a9: shutdown server with port 43103 now
2019-07-13 20:54:31,824 INFO  server.GrpcService (GrpcService.java:closeImpl(163)) - a044f00e-1f1f-47f2-9345-b9fd97c8a7a9: shutdown server with port 43103 successfully
2019-07-13 20:54:31,825 INFO  utils.BackgroundService (BackgroundService.java:shutdown(148)) - Shutting down service BlockDeletingService
2019-07-13 20:54:31,830 WARN  fs.CachingGetSpaceUsed (CachingGetSpaceUsed.java:run(183)) - Thread Interrupted waiting to refresh disk information: sleep interrupted
2019-07-13 20:54:31,848 INFO  statemachine.DatanodeStateMachine (DatanodeStateMachine.java:stopDaemon(395)) - Ozone container server stopped.
2019-07-13 20:54:31,861 INFO  handler.ContextHandler (ContextHandler.java:doStop(910)) - Stopped o.e.j.w.WebAppContext@432a6a69{/,null,UNAVAILABLE}{/hddsDatanode}
2019-07-13 20:54:31,862 INFO  server.AbstractConnector (AbstractConnector.java:doStop(318)) - Stopped ServerConnector@6f52a229{HTTP/1.1,[http/1.1]}{0.0.0.0:0}
2019-07-13 20:54:31,863 INFO  handler.ContextHandler (ContextHandler.java:doStop(910)) - Stopped o.e.j.s.ServletContextHandler@120d6cbf{/static,jar:file:/home/user/.m2/repository/org/apache/hadoop/hadoop-hdds-container-service/0.5.0-SNAPSHOT/hadoop-hdds-container-service-0.5.0-SNAPSHOT.jar!/webapps/static,UNAVAILABLE}
2019-07-13 20:54:31,863 INFO  handler.ContextHandler (ContextHandler.java:doStop(910)) - Stopped o.e.j.s.ServletContextHandler@7853363c{/logs,file:///tmp/workdir/hadoop-ozone/integration-test/target/log,UNAVAILABLE}
2019-07-13 20:54:31,865 INFO  ozone.MiniOzoneClusterImpl (MiniOzoneClusterImpl.java:stop(353)) - Stopping the StorageContainerManager
2019-07-13 20:54:31,866 INFO  server.StorageContainerManager (StorageContainerManager.java:stop(796)) - Stopping Replication Manager Service.
2019-07-13 20:54:31,866 INFO  container.ReplicationManager (ReplicationManager.java:stop(187)) - Stopping Replication Monitor Thread.
2019-07-13 20:54:31,866 INFO  server.StorageContainerManager (StorageContainerManager.java:stop(803)) - Stopping Lease Manager of the command watchers
2019-07-13 20:54:31,867 INFO  server.StorageContainerManager (StorageContainerManager.java:stop(810)) - Stopping datanode service RPC server
2019-07-13 20:54:31,867 INFO  server.SCMDatanodeProtocolServer (SCMDatanodeProtocolServer.java:stop(375)) - Stopping the RPC server for DataNodes
2019-07-13 20:54:31,867 INFO  ipc.Server (Server.java:stop(3082)) - Stopping server on 40467
2019-07-13 20:54:31,870 INFO  ipc.Server (Server.java:run(1185)) - Stopping IPC Server listener on 40467
2019-07-13 20:54:31,871 INFO  ipc.Server (Server.java:run(1319)) - Stopping IPC Server Responder
2019-07-13 20:54:31,887 WARN  node.NodeStateManager (NodeStateManager.java:scheduleNextHealthCheck(631)) - Current Thread is interrupted, shutting down HB processing thread for Node Manager.
2019-07-13 20:54:31,887 INFO  server.StorageContainerManager (StorageContainerManager.java:stop(818)) - Stopping block service RPC server
2019-07-13 20:54:31,887 INFO  server.SCMBlockProtocolServer (SCMBlockProtocolServer.java:stop(148)) - Stopping the RPC server for Block Protocol
2019-07-13 20:54:31,888 INFO  ipc.Server (Server.java:stop(3082)) - Stopping server on 40832
2019-07-13 20:54:31,889 INFO  ipc.Server (Server.java:run(1185)) - Stopping IPC Server listener on 40832
2019-07-13 20:54:31,889 INFO  server.StorageContainerManager (StorageContainerManager.java:stop(825)) - Stopping the StorageContainerLocationProtocol RPC server
2019-07-13 20:54:31,890 INFO  server.SCMClientProtocolServer (SCMClientProtocolServer.java:stop(157)) - Stopping the RPC server for Client Protocol
2019-07-13 20:54:31,890 INFO  ipc.Server (Server.java:run(1319)) - Stopping IPC Server Responder
2019-07-13 20:54:31,892 INFO  ipc.Server (Server.java:stop(3082)) - Stopping server on 43540
2019-07-13 20:54:31,894 INFO  ipc.Server (Server.java:run(1185)) - Stopping IPC Server listener on 43540
2019-07-13 20:54:31,894 INFO  server.StorageContainerManager (StorageContainerManager.java:stop(832)) - Stopping Storage Container Manager HTTP server.
2019-07-13 20:54:31,895 INFO  ipc.Server (Server.java:run(1319)) - Stopping IPC Server Responder
2019-07-13 20:54:31,895 INFO  handler.ContextHandler (ContextHandler.java:doStop(910)) - Stopped o.e.j.w.WebAppContext@5a06904{/,null,UNAVAILABLE}{/scm}
2019-07-13 20:54:31,897 INFO  server.AbstractConnector (AbstractConnector.java:doStop(318)) - Stopped ServerConnector@fabef2e{HTTP/1.1,[http/1.1]}{0.0.0.0:0}
2019-07-13 20:54:31,897 INFO  handler.ContextHandler (ContextHandler.java:doStop(910)) - Stopped o.e.j.s.ServletContextHandler@2154652c{/static,file:///tmp/workdir/hadoop-ozone/integration-test/target/test-classes/webapps/static,UNAVAILABLE}
2019-07-13 20:54:31,898 INFO  handler.ContextHandler (ContextHandler.java:doStop(910)) - Stopped o.e.j.s.ServletContextHandler@1b3bec6c{/logs,file:///tmp/workdir/hadoop-ozone/integration-test/target/log,UNAVAILABLE}
2019-07-13 20:54:31,899 INFO  server.StorageContainerManager (StorageContainerManager.java:stop(843)) - Stopping Block Manager Service.
2019-07-13 20:54:31,900 INFO  utils.BackgroundService (BackgroundService.java:shutdown(148)) - Shutting down service SCMBlockDeletingService
2019-07-13 20:54:31,900 INFO  utils.BackgroundService (BackgroundService.java:shutdown(148)) - Shutting down service SCMBlockDeletingService
2019-07-13 20:54:31,901 INFO  server.StorageContainerManager (StorageContainerManager.java:stop(865)) - Stopping SCM Event Queue.
2019-07-13 20:54:31,906 INFO  impl.MetricsSystemImpl (MetricsSystemImpl.java:stop(210)) - Stopping HddsDatanode metrics system...
2019-07-13 20:54:31,913 INFO  impl.MetricsSystemImpl (MetricsSystemImpl.java:stop(216)) - HddsDatanode metrics system stopped.
]]></system-out>
    <system-err><![CDATA[Jul 13, 2019 8:53:55 PM com.sun.jersey.server.impl.application.WebApplicationImpl _initiate
INFO: Initiating Jersey application, version 'Jersey: 1.19 02/11/2015 03:25 AM'
Jul 13, 2019 8:53:55 PM com.sun.jersey.server.impl.application.WebApplicationImpl _initiate
INFO: Initiating Jersey application, version 'Jersey: 1.19 02/11/2015 03:25 AM'
Jul 13, 2019 8:53:55 PM com.sun.jersey.server.impl.application.WebApplicationImpl _initiate
INFO: Initiating Jersey application, version 'Jersey: 1.19 02/11/2015 03:25 AM'
Jul 13, 2019 8:53:56 PM com.sun.jersey.server.impl.application.WebApplicationImpl _initiate
INFO: Initiating Jersey application, version 'Jersey: 1.19 02/11/2015 03:25 AM'
Jul 13, 2019 8:53:56 PM com.sun.jersey.server.impl.application.WebApplicationImpl _initiate
INFO: Initiating Jersey application, version 'Jersey: 1.19 02/11/2015 03:25 AM'
Jul 13, 2019 8:53:56 PM com.sun.jersey.server.impl.application.WebApplicationImpl _initiate
INFO: Initiating Jersey application, version 'Jersey: 1.19 02/11/2015 03:25 AM'
Jul 13, 2019 8:53:56 PM com.sun.jersey.server.impl.application.WebApplicationImpl _initiate
INFO: Initiating Jersey application, version 'Jersey: 1.19 02/11/2015 03:25 AM'
]]></system-err>
  </testcase>
</testsuite>