<?xml version="1.0" encoding="UTF-8"?>
<testsuite xmlns:xsi="http://www.w3.org/2001/XMLSchema-instance" xsi:noNamespaceSchemaLocation="https://maven.apache.org/surefire/maven-surefire-plugin/xsd/surefire-test-report.xsd" name="org.apache.hadoop.ozone.client.rpc.TestBlockOutputStreamWithFailures" time="737.833" tests="8" errors="5" skipped="0" failures="1">
  <properties>
    <property name="awt.toolkit" value="sun.awt.X11.XToolkit"/>
    <property name="file.encoding.pkg" value="sun.io"/>
    <property name="java.specification.version" value="1.8"/>
    <property name="sun.cpu.isalist" value=""/>
    <property name="sun.jnu.encoding" value="UTF-8"/>
    <property name="java.class.path" value="/tmp/workdir/hadoop-ozone/integration-test/target/test-classes:/tmp/workdir/hadoop-ozone/integration-test/target/classes:/home/user/.m2/repository/org/apache/hadoop/hadoop-ozone-common/0.5.0-SNAPSHOT/hadoop-ozone-common-0.5.0-SNAPSHOT.jar:/home/user/.m2/repository/org/apache/commons/commons-compress/1.4.1/commons-compress-1.4.1.jar:/home/user/.m2/repository/org/tukaani/xz/1.0/xz-1.0.jar:/home/user/.m2/repository/org/apache/hadoop/hadoop-common/3.2.0/hadoop-common-3.2.0.jar:/home/user/.m2/repository/org/apache/hadoop/hadoop-hdfs/3.2.0/hadoop-hdfs-3.2.0.jar:/home/user/.m2/repository/org/apache/hadoop/hadoop-hdfs-client/3.2.0/hadoop-hdfs-client-3.2.0.jar:/home/user/.m2/repository/com/fasterxml/jackson/core/jackson-annotations/2.9.5/jackson-annotations-2.9.5.jar:/home/user/.m2/repository/org/apache/hadoop/hadoop-hdds-common/0.5.0-SNAPSHOT/hadoop-hdds-common-0.5.0-SNAPSHOT.jar:/home/user/.m2/repository/javax/annotation/javax.annotation-api/1.2/javax.annotation-api-1.2.jar:/home/user/.m2/repository/org/apache/ratis/ratis-server/0.4.0-2337318-SNAPSHOT/ratis-server-0.4.0-2337318-SNAPSHOT.jar:/home/user/.m2/repository/org/apache/ratis/ratis-thirdparty-misc/0.2.0/ratis-thirdparty-misc-0.2.0.jar:/home/user/.m2/repository/org/apache/ratis/ratis-proto/0.4.0-2337318-SNAPSHOT/ratis-proto-0.4.0-2337318-SNAPSHOT.jar:/home/user/.m2/repository/org/apache/ratis/ratis-common/0.4.0-2337318-SNAPSHOT/ratis-common-0.4.0-2337318-SNAPSHOT.jar:/home/user/.m2/repository/org/apache/ratis/ratis-client/0.4.0-2337318-SNAPSHOT/ratis-client-0.4.0-2337318-SNAPSHOT.jar:/home/user/.m2/repository/org/apache/ratis/ratis-metrics/0.4.0-2337318-SNAPSHOT/ratis-metrics-0.4.0-2337318-SNAPSHOT.jar:/home/user/.m2/repository/org/apache/ratis/ratis-netty/0.4.0-2337318-SNAPSHOT/ratis-netty-0.4.0-2337318-SNAPSHOT.jar:/home/user/.m2/repository/org/apache/ratis/ratis-grpc/0.4.0-2337318-SNAPSHOT/ratis-grpc-0.4.0-2337318-SNAPSHOT.jar:/home/user/.m2/repository/org/rocksdb/rocksdbjni/6.0.1/rocksdbjni-6.0.1.jar:/home/user/.m2/repository/org/apache/logging/log4j/log4j-api/2.11.0/log4j-api-2.11.0.jar:/home/user/.m2/repository/org/apache/logging/log4j/log4j-core/2.11.0/log4j-core-2.11.0.jar:/home/user/.m2/repository/com/lmax/disruptor/3.4.2/disruptor-3.4.2.jar:/home/user/.m2/repository/org/apache/commons/commons-pool2/2.6.0/commons-pool2-2.6.0.jar:/home/user/.m2/repository/org/bouncycastle/bcpkix-jdk15on/1.60/bcpkix-jdk15on-1.60.jar:/home/user/.m2/repository/commons-validator/commons-validator/1.6/commons-validator-1.6.jar:/home/user/.m2/repository/commons-digester/commons-digester/1.8.1/commons-digester-1.8.1.jar:/home/user/.m2/repository/io/jaegertracing/jaeger-client/0.33.1/jaeger-client-0.33.1.jar:/home/user/.m2/repository/io/jaegertracing/jaeger-thrift/0.33.1/jaeger-thrift-0.33.1.jar:/home/user/.m2/repository/org/apache/thrift/libthrift/0.11.0/libthrift-0.11.0.jar:/home/user/.m2/repository/com/squareup/okhttp3/okhttp/3.9.0/okhttp-3.9.0.jar:/home/user/.m2/repository/com/squareup/okio/okio/1.13.0/okio-1.13.0.jar:/home/user/.m2/repository/io/jaegertracing/jaeger-core/0.33.1/jaeger-core-0.33.1.jar:/home/user/.m2/repository/io/jaegertracing/jaeger-tracerresolver/0.33.1/jaeger-tracerresolver-0.33.1.jar:/home/user/.m2/repository/io/opentracing/contrib/opentracing-tracerresolver/0.1.5/opentracing-tracerresolver-0.1.5.jar:/home/user/.m2/repository/io/opentracing/opentracing-util/0.31.0/opentracing-util-0.31.0.jar:/home/user/.m2/repository/io/opentracing/opentracing-api/0.31.0/opentracing-api-0.31.0.jar:/home/user/.m2/repository/io/opentracing/opentracing-noop/0.31.0/opentracing-noop-0.31.0.jar:/home/user/.m2/repository/org/apache/hadoop/hadoop-hdds-server-framework/0.5.0-SNAPSHOT/hadoop-hdds-server-framework-0.5.0-SNAPSHOT.jar:/home/user/.m2/repository/org/apache/hadoop/hadoop-hdds-container-service/0.5.0-SNAPSHOT/hadoop-hdds-container-service-0.5.0-SNAPSHOT.jar:/home/user/.m2/repository/org/apache/hadoop/hadoop-hdds-client/0.5.0-SNAPSHOT/hadoop-hdds-client-0.5.0-SNAPSHOT.jar:/home/user/.m2/repository/org/apache/hadoop/hadoop-hdds-tools/0.5.0-SNAPSHOT/hadoop-hdds-tools-0.5.0-SNAPSHOT.jar:/home/user/.m2/repository/org/apache/hadoop/hadoop-hdds-server-scm/0.5.0-SNAPSHOT/hadoop-hdds-server-scm-0.5.0-SNAPSHOT.jar:/home/user/.m2/repository/org/apache/hadoop/hadoop-hdds-docs/0.5.0-SNAPSHOT/hadoop-hdds-docs-0.5.0-SNAPSHOT.jar:/home/user/.m2/repository/io/dropwizard/metrics/metrics-core/3.2.4/metrics-core-3.2.4.jar:/home/user/.m2/repository/org/hamcrest/hamcrest-all/1.3/hamcrest-all-1.3.jar:/home/user/.m2/repository/org/bouncycastle/bcprov-jdk15on/1.60/bcprov-jdk15on-1.60.jar:/home/user/.m2/repository/info/picocli/picocli/3.9.6/picocli-3.9.6.jar:/home/user/.m2/repository/com/google/protobuf/protobuf-java/2.5.0/protobuf-java-2.5.0.jar:/home/user/.m2/repository/com/google/guava/guava/11.0.2/guava-11.0.2.jar:/home/user/.m2/repository/org/apache/hadoop/hadoop-ozone-ozone-manager/0.5.0-SNAPSHOT/hadoop-ozone-ozone-manager-0.5.0-SNAPSHOT.jar:/home/user/.m2/repository/org/apache/hadoop/hadoop-minikdc/3.2.0/hadoop-minikdc-3.2.0.jar:/home/user/.m2/repository/commons-io/commons-io/2.5/commons-io-2.5.jar:/home/user/.m2/repository/org/apache/kerby/kerb-simplekdc/1.0.1/kerb-simplekdc-1.0.1.jar:/home/user/.m2/repository/org/apache/kerby/kerb-client/1.0.1/kerb-client-1.0.1.jar:/home/user/.m2/repository/org/apache/kerby/kerby-config/1.0.1/kerby-config-1.0.1.jar:/home/user/.m2/repository/org/apache/kerby/kerb-core/1.0.1/kerb-core-1.0.1.jar:/home/user/.m2/repository/org/apache/kerby/kerby-pkix/1.0.1/kerby-pkix-1.0.1.jar:/home/user/.m2/repository/org/apache/kerby/kerby-asn1/1.0.1/kerby-asn1-1.0.1.jar:/home/user/.m2/repository/org/apache/kerby/kerby-util/1.0.1/kerby-util-1.0.1.jar:/home/user/.m2/repository/org/apache/kerby/kerb-common/1.0.1/kerb-common-1.0.1.jar:/home/user/.m2/repository/org/apache/kerby/kerb-crypto/1.0.1/kerb-crypto-1.0.1.jar:/home/user/.m2/repository/org/apache/kerby/kerb-util/1.0.1/kerb-util-1.0.1.jar:/home/user/.m2/repository/org/apache/kerby/token-provider/1.0.1/token-provider-1.0.1.jar:/home/user/.m2/repository/org/apache/kerby/kerb-admin/1.0.1/kerb-admin-1.0.1.jar:/home/user/.m2/repository/org/apache/kerby/kerb-server/1.0.1/kerb-server-1.0.1.jar:/home/user/.m2/repository/org/apache/kerby/kerb-identity/1.0.1/kerb-identity-1.0.1.jar:/home/user/.m2/repository/org/apache/kerby/kerby-xdr/1.0.1/kerby-xdr-1.0.1.jar:/home/user/.m2/repository/org/slf4j/slf4j-log4j12/1.7.25/slf4j-log4j12-1.7.25.jar:/home/user/.m2/repository/org/apache/hadoop/hadoop-ozone-objectstore-service/0.5.0-SNAPSHOT/hadoop-ozone-objectstore-service-0.5.0-SNAPSHOT.jar:/home/user/.m2/repository/org/apache/hadoop/hadoop-ozone-s3gateway/0.5.0-SNAPSHOT/hadoop-ozone-s3gateway-0.5.0-SNAPSHOT.jar:/home/user/.m2/repository/org/jboss/weld/servlet/weld-servlet/2.4.7.Final/weld-servlet-2.4.7.Final.jar:/home/user/.m2/repository/org/glassfish/jersey/containers/jersey-container-servlet-core/2.27/jersey-container-servlet-core-2.27.jar:/home/user/.m2/repository/org/glassfish/hk2/external/javax.inject/2.5.0-b42/javax.inject-2.5.0-b42.jar:/home/user/.m2/repository/org/glassfish/jersey/core/jersey-common/2.27/jersey-common-2.27.jar:/home/user/.m2/repository/org/glassfish/hk2/osgi-resource-locator/1.0.1/osgi-resource-locator-1.0.1.jar:/home/user/.m2/repository/javax/ws/rs/javax.ws.rs-api/2.1/javax.ws.rs-api-2.1.jar:/home/user/.m2/repository/org/glassfish/jersey/ext/cdi/jersey-cdi1x/2.27/jersey-cdi1x-2.27.jar:/home/user/.m2/repository/org/glassfish/jersey/inject/jersey-hk2/2.27/jersey-hk2-2.27.jar:/home/user/.m2/repository/org/glassfish/hk2/hk2-locator/2.5.0-b42/hk2-locator-2.5.0-b42.jar:/home/user/.m2/repository/org/javassist/javassist/3.22.0-CR2/javassist-3.22.0-CR2.jar:/home/user/.m2/repository/org/glassfish/hk2/hk2-api/2.5.0/hk2-api-2.5.0.jar:/home/user/.m2/repository/org/glassfish/hk2/external/jakarta.inject/2.5.0/jakarta.inject-2.5.0.jar:/home/user/.m2/repository/org/glassfish/hk2/hk2-utils/2.5.0/hk2-utils-2.5.0.jar:/home/user/.m2/repository/jakarta/annotation/jakarta.annotation-api/1.3.4/jakarta.annotation-api-1.3.4.jar:/home/user/.m2/repository/org/glassfish/hk2/external/aopalliance-repackaged/2.5.0/aopalliance-repackaged-2.5.0.jar:/home/user/.m2/repository/com/fasterxml/jackson/dataformat/jackson-dataformat-xml/2.9.0/jackson-dataformat-xml-2.9.0.jar:/home/user/.m2/repository/com/fasterxml/jackson/core/jackson-core/2.9.5/jackson-core-2.9.5.jar:/home/user/.m2/repository/com/fasterxml/jackson/module/jackson-module-jaxb-annotations/2.9.5/jackson-module-jaxb-annotations-2.9.5.jar:/home/user/.m2/repository/javax/enterprise/cdi-api/1.2/cdi-api-1.2.jar:/home/user/.m2/repository/javax/el/javax.el-api/3.0.0/javax.el-api-3.0.0.jar:/home/user/.m2/repository/javax/interceptor/javax.interceptor-api/1.2/javax.interceptor-api-1.2.jar:/home/user/.m2/repository/javax/inject/javax.inject/1/javax.inject-1.jar:/home/user/.m2/repository/com/sun/xml/bind/jaxb-impl/2.3.0.1/jaxb-impl-2.3.0.1.jar:/home/user/.m2/repository/com/sun/xml/bind/jaxb-core/2.3.0.1/jaxb-core-2.3.0.1.jar:/home/user/.m2/repository/javax/xml/bind/jaxb-api/2.3.0/jaxb-api-2.3.0.jar:/home/user/.m2/repository/javax/activation/activation/1.1.1/activation-1.1.1.jar:/home/user/.m2/repository/org/apache/hadoop/hadoop-ozone-csi/0.5.0-SNAPSHOT/hadoop-ozone-csi-0.5.0-SNAPSHOT.jar:/home/user/.m2/repository/com/google/protobuf/protobuf-java-util/3.5.1/protobuf-java-util-3.5.1.jar:/home/user/.m2/repository/org/apache/hadoop/hadoop-hdds-config/0.5.0-SNAPSHOT/hadoop-hdds-config-0.5.0-SNAPSHOT.jar:/home/user/.m2/repository/io/grpc/grpc-netty/1.17.1/grpc-netty-1.17.1.jar:/home/user/.m2/repository/io/grpc/grpc-core/1.17.1/grpc-core-1.17.1.jar:/home/user/.m2/repository/io/grpc/grpc-context/1.17.1/grpc-context-1.17.1.jar:/home/user/.m2/repository/com/google/errorprone/error_prone_annotations/2.2.0/error_prone_annotations-2.2.0.jar:/home/user/.m2/repository/org/codehaus/mojo/animal-sniffer-annotations/1.17/animal-sniffer-annotations-1.17.jar:/home/user/.m2/repository/io/opencensus/opencensus-api/0.17.0/opencensus-api-0.17.0.jar:/home/user/.m2/repository/io/opencensus/opencensus-contrib-grpc-metrics/0.17.0/opencensus-contrib-grpc-metrics-0.17.0.jar:/home/user/.m2/repository/io/netty/netty-codec-http2/4.1.30.Final/netty-codec-http2-4.1.30.Final.jar:/home/user/.m2/repository/io/netty/netty-codec-http/4.1.30.Final/netty-codec-http-4.1.30.Final.jar:/home/user/.m2/repository/io/netty/netty-codec/4.1.30.Final/netty-codec-4.1.30.Final.jar:/home/user/.m2/repository/io/netty/netty-handler/4.1.30.Final/netty-handler-4.1.30.Final.jar:/home/user/.m2/repository/io/netty/netty-handler-proxy/4.1.30.Final/netty-handler-proxy-4.1.30.Final.jar:/home/user/.m2/repository/io/netty/netty-codec-socks/4.1.30.Final/netty-codec-socks-4.1.30.Final.jar:/home/user/.m2/repository/io/netty/netty-transport-native-epoll/4.1.30.Final/netty-transport-native-epoll-4.1.30.Final.jar:/home/user/.m2/repository/io/netty/netty-common/4.1.30.Final/netty-common-4.1.30.Final.jar:/home/user/.m2/repository/io/netty/netty-buffer/4.1.30.Final/netty-buffer-4.1.30.Final.jar:/home/user/.m2/repository/io/netty/netty-transport/4.1.30.Final/netty-transport-4.1.30.Final.jar:/home/user/.m2/repository/io/netty/netty-resolver/4.1.30.Final/netty-resolver-4.1.30.Final.jar:/home/user/.m2/repository/io/netty/netty-transport-native-unix-common/4.1.30.Final/netty-transport-native-unix-common-4.1.30.Final.jar:/home/user/.m2/repository/io/grpc/grpc-protobuf/1.17.1/grpc-protobuf-1.17.1.jar:/home/user/.m2/repository/com/google/api/grpc/proto-google-common-protos/1.0.0/proto-google-common-protos-1.0.0.jar:/home/user/.m2/repository/io/grpc/grpc-protobuf-lite/1.17.1/grpc-protobuf-lite-1.17.1.jar:/home/user/.m2/repository/io/grpc/grpc-stub/1.17.1/grpc-stub-1.17.1.jar:/home/user/.m2/repository/org/apache/hadoop/hadoop-ozone-recon/0.5.0-SNAPSHOT/hadoop-ozone-recon-0.5.0-SNAPSHOT.jar:/home/user/.m2/repository/org/apache/hadoop/hadoop-ozone-reconcodegen/0.5.0-SNAPSHOT/hadoop-ozone-reconcodegen-0.5.0-SNAPSHOT.jar:/home/user/.m2/repository/com/google/inject/extensions/guice-multibindings/4.0/guice-multibindings-4.0.jar:/home/user/.m2/repository/com/google/inject/guice/4.0/guice-4.0.jar:/home/user/.m2/repository/aopalliance/aopalliance/1.0/aopalliance-1.0.jar:/home/user/.m2/repository/com/google/inject/extensions/guice-servlet/4.0/guice-servlet-4.0.jar:/home/user/.m2/repository/org/glassfish/jersey/containers/jersey-container-servlet/2.27/jersey-container-servlet-2.27.jar:/home/user/.m2/repository/org/glassfish/hk2/guice-bridge/2.5.0/guice-bridge-2.5.0.jar:/home/user/.m2/repository/org/glassfish/jersey/core/jersey-server/2.27/jersey-server-2.27.jar:/home/user/.m2/repository/org/glassfish/jersey/core/jersey-client/2.27/jersey-client-2.27.jar:/home/user/.m2/repository/org/glassfish/jersey/media/jersey-media-jaxb/2.27/jersey-media-jaxb-2.27.jar:/home/user/.m2/repository/javax/validation/validation-api/1.1.0.Final/validation-api-1.1.0.Final.jar:/home/user/.m2/repository/org/glassfish/jersey/media/jersey-media-json-jackson/2.27/jersey-media-json-jackson-2.27.jar:/home/user/.m2/repository/org/glassfish/jersey/ext/jersey-entity-filtering/2.27/jersey-entity-filtering-2.27.jar:/home/user/.m2/repository/com/google/inject/extensions/guice-assistedinject/4.0/guice-assistedinject-4.0.jar:/home/user/.m2/repository/org/jooq/jooq/3.11.10/jooq-3.11.10.jar:/home/user/.m2/repository/org/jooq/jooq-meta/3.11.10/jooq-meta-3.11.10.jar:/home/user/.m2/repository/org/jooq/jooq-codegen/3.11.10/jooq-codegen-3.11.10.jar:/home/user/.m2/repository/com/jolbox/bonecp/0.8.0.RELEASE/bonecp-0.8.0.RELEASE.jar:/home/user/.m2/repository/org/xerial/sqlite-jdbc/3.25.2/sqlite-jdbc-3.25.2.jar:/home/user/.m2/repository/org/springframework/spring-jdbc/5.1.3.RELEASE/spring-jdbc-5.1.3.RELEASE.jar:/home/user/.m2/repository/org/springframework/spring-beans/5.1.3.RELEASE/spring-beans-5.1.3.RELEASE.jar:/home/user/.m2/repository/org/springframework/spring-core/5.1.3.RELEASE/spring-core-5.1.3.RELEASE.jar:/home/user/.m2/repository/org/springframework/spring-jcl/5.1.3.RELEASE/spring-jcl-5.1.3.RELEASE.jar:/home/user/.m2/repository/org/springframework/spring-tx/5.1.3.RELEASE/spring-tx-5.1.3.RELEASE.jar:/home/user/.m2/repository/org/apache/hadoop/hadoop-ozone-client/0.5.0-SNAPSHOT/hadoop-ozone-client-0.5.0-SNAPSHOT.jar:/home/user/.m2/repository/commons-lang/commons-lang/2.6/commons-lang-2.6.jar:/home/user/.m2/repository/org/apache/hadoop/hadoop-ozone-ozone-manager/0.5.0-SNAPSHOT/hadoop-ozone-ozone-manager-0.5.0-SNAPSHOT-tests.jar:/home/user/.m2/repository/junit/junit/4.11/junit-4.11.jar:/home/user/.m2/repository/org/hamcrest/hamcrest-core/1.3/hamcrest-core-1.3.jar:/home/user/.m2/repository/org/openjdk/jmh/jmh-core/1.19/jmh-core-1.19.jar:/home/user/.m2/repository/net/sf/jopt-simple/jopt-simple/4.6/jopt-simple-4.6.jar:/home/user/.m2/repository/org/apache/commons/commons-math3/3.1.1/commons-math3-3.1.1.jar:/home/user/.m2/repository/org/openjdk/jmh/jmh-generator-annprocess/1.19/jmh-generator-annprocess-1.19.jar:/home/user/.m2/repository/org/mockito/mockito-all/1.8.5/mockito-all-1.8.5.jar:/home/user/.m2/repository/org/apache/hadoop/hadoop-kms/3.2.0/hadoop-kms-3.2.0.jar:/home/user/.m2/repository/org/apache/hadoop/hadoop-auth/3.2.0/hadoop-auth-3.2.0.jar:/home/user/.m2/repository/com/nimbusds/nimbus-jose-jwt/4.41.1/nimbus-jose-jwt-4.41.1.jar:/home/user/.m2/repository/com/github/stephenc/jcip/jcip-annotations/1.0-1/jcip-annotations-1.0-1.jar:/home/user/.m2/repository/net/minidev/json-smart/2.3/json-smart-2.3.jar:/home/user/.m2/repository/net/minidev/accessors-smart/1.2/accessors-smart-1.2.jar:/home/user/.m2/repository/org/ow2/asm/asm/5.0.4/asm-5.0.4.jar:/home/user/.m2/repository/org/apache/curator/curator-framework/2.12.0/curator-framework-2.12.0.jar:/home/user/.m2/repository/com/sun/jersey/jersey-core/1.19/jersey-core-1.19.jar:/home/user/.m2/repository/javax/ws/rs/jsr311-api/1.1.1/jsr311-api-1.1.1.jar:/home/user/.m2/repository/com/sun/jersey/jersey-server/1.19/jersey-server-1.19.jar:/home/user/.m2/repository/javax/servlet/javax.servlet-api/3.1.0/javax.servlet-api-3.1.0.jar:/home/user/.m2/repository/org/eclipse/jetty/jetty-server/9.3.24.v20180605/jetty-server-9.3.24.v20180605.jar:/home/user/.m2/repository/org/eclipse/jetty/jetty-http/9.3.24.v20180605/jetty-http-9.3.24.v20180605.jar:/home/user/.m2/repository/org/eclipse/jetty/jetty-io/9.3.24.v20180605/jetty-io-9.3.24.v20180605.jar:/home/user/.m2/repository/org/eclipse/jetty/jetty-webapp/9.3.24.v20180605/jetty-webapp-9.3.24.v20180605.jar:/home/user/.m2/repository/org/eclipse/jetty/jetty-xml/9.3.24.v20180605/jetty-xml-9.3.24.v20180605.jar:/home/user/.m2/repository/log4j/log4j/1.2.17/log4j-1.2.17.jar:/home/user/.m2/repository/org/slf4j/slf4j-api/1.7.25/slf4j-api-1.7.25.jar:/home/user/.m2/repository/org/slf4j/jul-to-slf4j/1.7.25/jul-to-slf4j-1.7.25.jar:/home/user/.m2/repository/org/eclipse/jetty/jetty-util/9.3.24.v20180605/jetty-util-9.3.24.v20180605.jar:/home/user/.m2/repository/com/fasterxml/jackson/core/jackson-databind/2.9.5/jackson-databind-2.9.5.jar:/home/user/.m2/repository/org/apache/hadoop/hadoop-kms/3.2.0/hadoop-kms-3.2.0-tests.jar:/home/user/.m2/repository/org/apache/hadoop/hadoop-hdds-server-scm/0.5.0-SNAPSHOT/hadoop-hdds-server-scm-0.5.0-SNAPSHOT-tests.jar:/home/user/.m2/repository/org/apache/hadoop/hadoop-hdds-container-service/0.5.0-SNAPSHOT/hadoop-hdds-container-service-0.5.0-SNAPSHOT-tests.jar:/home/user/.m2/repository/org/yaml/snakeyaml/1.16/snakeyaml-1.16.jar:/home/user/.m2/repository/org/apache/hadoop/hadoop-common/3.2.0/hadoop-common-3.2.0-tests.jar:/home/user/.m2/repository/org/apache/hadoop/hadoop-annotations/3.2.0/hadoop-annotations-3.2.0.jar:/usr/lib/jvm/java-1.8-openjdk/jre/../lib/tools.jar:/home/user/.m2/repository/commons-cli/commons-cli/1.2/commons-cli-1.2.jar:/home/user/.m2/repository/org/apache/httpcomponents/httpclient/4.5.2/httpclient-4.5.2.jar:/home/user/.m2/repository/org/apache/httpcomponents/httpcore/4.4.4/httpcore-4.4.4.jar:/home/user/.m2/repository/commons-codec/commons-codec/1.11/commons-codec-1.11.jar:/home/user/.m2/repository/commons-net/commons-net/3.6/commons-net-3.6.jar:/home/user/.m2/repository/commons-collections/commons-collections/3.2.2/commons-collections-3.2.2.jar:/home/user/.m2/repository/org/eclipse/jetty/jetty-servlet/9.3.24.v20180605/jetty-servlet-9.3.24.v20180605.jar:/home/user/.m2/repository/org/eclipse/jetty/jetty-security/9.3.24.v20180605/jetty-security-9.3.24.v20180605.jar:/home/user/.m2/repository/javax/servlet/jsp/jsp-api/2.1/jsp-api-2.1.jar:/home/user/.m2/repository/com/sun/jersey/jersey-servlet/1.19/jersey-servlet-1.19.jar:/home/user/.m2/repository/com/sun/jersey/jersey-json/1.19/jersey-json-1.19.jar:/home/user/.m2/repository/org/codehaus/jettison/jettison/1.1/jettison-1.1.jar:/home/user/.m2/repository/org/codehaus/jackson/jackson-core-asl/1.9.13/jackson-core-asl-1.9.13.jar:/home/user/.m2/repository/org/codehaus/jackson/jackson-mapper-asl/1.9.13/jackson-mapper-asl-1.9.13.jar:/home/user/.m2/repository/org/codehaus/jackson/jackson-jaxrs/1.9.13/jackson-jaxrs-1.9.13.jar:/home/user/.m2/repository/org/codehaus/jackson/jackson-xc/1.9.13/jackson-xc-1.9.13.jar:/home/user/.m2/repository/commons-logging/commons-logging/1.1.3/commons-logging-1.1.3.jar:/home/user/.m2/repository/commons-beanutils/commons-beanutils/1.9.3/commons-beanutils-1.9.3.jar:/home/user/.m2/repository/org/apache/commons/commons-configuration2/2.1.1/commons-configuration2-2.1.1.jar:/home/user/.m2/repository/org/apache/commons/commons-lang3/3.7/commons-lang3-3.7.jar:/home/user/.m2/repository/org/apache/commons/commons-text/1.4/commons-text-1.4.jar:/home/user/.m2/repository/org/apache/avro/avro/1.7.7/avro-1.7.7.jar:/home/user/.m2/repository/com/thoughtworks/paranamer/paranamer/2.3/paranamer-2.3.jar:/home/user/.m2/repository/org/xerial/snappy/snappy-java/1.0.5/snappy-java-1.0.5.jar:/home/user/.m2/repository/com/google/re2j/re2j/1.1/re2j-1.1.jar:/home/user/.m2/repository/com/google/code/gson/gson/2.2.4/gson-2.2.4.jar:/home/user/.m2/repository/com/jcraft/jsch/0.1.54/jsch-0.1.54.jar:/home/user/.m2/repository/org/apache/curator/curator-client/2.12.0/curator-client-2.12.0.jar:/home/user/.m2/repository/org/apache/curator/curator-recipes/2.12.0/curator-recipes-2.12.0.jar:/home/user/.m2/repository/com/google/code/findbugs/jsr305/3.0.0/jsr305-3.0.0.jar:/home/user/.m2/repository/org/apache/htrace/htrace-core4/4.1.0-incubating/htrace-core4-4.1.0-incubating.jar:/home/user/.m2/repository/org/apache/zookeeper/zookeeper/3.4.13/zookeeper-3.4.13.jar:/home/user/.m2/repository/org/apache/yetus/audience-annotations/0.5.0/audience-annotations-0.5.0.jar:/home/user/.m2/repository/org/codehaus/woodstox/stax2-api/3.1.4/stax2-api-3.1.4.jar:/home/user/.m2/repository/com/fasterxml/woodstox/woodstox-core/5.0.3/woodstox-core-5.0.3.jar:/home/user/.m2/repository/dnsjava/dnsjava/2.1.7/dnsjava-2.1.7.jar:/home/user/.m2/repository/org/apache/hadoop/hadoop-hdfs/3.2.0/hadoop-hdfs-3.2.0-tests.jar:/home/user/.m2/repository/org/eclipse/jetty/jetty-util-ajax/9.3.24.v20180605/jetty-util-ajax-9.3.24.v20180605.jar:/home/user/.m2/repository/commons-daemon/commons-daemon/1.0.13/commons-daemon-1.0.13.jar:/home/user/.m2/repository/io/netty/netty/3.10.5.Final/netty-3.10.5.Final.jar:/home/user/.m2/repository/io/netty/netty-all/4.0.52.Final/netty-all-4.0.52.Final.jar:/home/user/.m2/repository/org/fusesource/leveldbjni/leveldbjni-all/1.8/leveldbjni-all-1.8.jar:"/>
    <property name="java.vm.vendor" value="IcedTea"/>
    <property name="sun.arch.data.model" value="64"/>
    <property name="test.build.dir" value="/tmp/workdir/hadoop-ozone/integration-test/target/test-dir"/>
    <property name="test.cache.data" value=""/>
    <property name="java.vendor.url" value="https://icedtea.classpath.org"/>
    <property name="user.timezone" value=""/>
    <property name="java.vm.specification.version" value="1.8"/>
    <property name="os.name" value="Linux"/>
    <property name="test.build.data" value="/tmp/workdir/hadoop-ozone/integration-test/target/test-dir"/>
    <property name="user.country" value="US"/>
    <property name="sun.java.launcher" value="SUN_STANDARD"/>
    <property name="sun.boot.library.path" value="/usr/lib/jvm/java-1.8-openjdk/jre/lib/amd64"/>
    <property name="sun.java.command" value="/tmp/workdir/hadoop-ozone/integration-test/target/surefire/surefirebooter6675058948564446004.jar /tmp/workdir/hadoop-ozone/integration-test/target/surefire 2019-07-13T20-10-23_519-jvmRun1 surefire1322995956452298903tmp surefire_287052009430966342589tmp"/>
    <property name="surefire.test.class.path" value="/tmp/workdir/hadoop-ozone/integration-test/target/test-classes:/tmp/workdir/hadoop-ozone/integration-test/target/classes:/home/user/.m2/repository/org/apache/hadoop/hadoop-ozone-common/0.5.0-SNAPSHOT/hadoop-ozone-common-0.5.0-SNAPSHOT.jar:/home/user/.m2/repository/org/apache/commons/commons-compress/1.4.1/commons-compress-1.4.1.jar:/home/user/.m2/repository/org/tukaani/xz/1.0/xz-1.0.jar:/home/user/.m2/repository/org/apache/hadoop/hadoop-common/3.2.0/hadoop-common-3.2.0.jar:/home/user/.m2/repository/org/apache/hadoop/hadoop-hdfs/3.2.0/hadoop-hdfs-3.2.0.jar:/home/user/.m2/repository/org/apache/hadoop/hadoop-hdfs-client/3.2.0/hadoop-hdfs-client-3.2.0.jar:/home/user/.m2/repository/com/fasterxml/jackson/core/jackson-annotations/2.9.5/jackson-annotations-2.9.5.jar:/home/user/.m2/repository/org/apache/hadoop/hadoop-hdds-common/0.5.0-SNAPSHOT/hadoop-hdds-common-0.5.0-SNAPSHOT.jar:/home/user/.m2/repository/javax/annotation/javax.annotation-api/1.2/javax.annotation-api-1.2.jar:/home/user/.m2/repository/org/apache/ratis/ratis-server/0.4.0-2337318-SNAPSHOT/ratis-server-0.4.0-2337318-SNAPSHOT.jar:/home/user/.m2/repository/org/apache/ratis/ratis-thirdparty-misc/0.2.0/ratis-thirdparty-misc-0.2.0.jar:/home/user/.m2/repository/org/apache/ratis/ratis-proto/0.4.0-2337318-SNAPSHOT/ratis-proto-0.4.0-2337318-SNAPSHOT.jar:/home/user/.m2/repository/org/apache/ratis/ratis-common/0.4.0-2337318-SNAPSHOT/ratis-common-0.4.0-2337318-SNAPSHOT.jar:/home/user/.m2/repository/org/apache/ratis/ratis-client/0.4.0-2337318-SNAPSHOT/ratis-client-0.4.0-2337318-SNAPSHOT.jar:/home/user/.m2/repository/org/apache/ratis/ratis-metrics/0.4.0-2337318-SNAPSHOT/ratis-metrics-0.4.0-2337318-SNAPSHOT.jar:/home/user/.m2/repository/org/apache/ratis/ratis-netty/0.4.0-2337318-SNAPSHOT/ratis-netty-0.4.0-2337318-SNAPSHOT.jar:/home/user/.m2/repository/org/apache/ratis/ratis-grpc/0.4.0-2337318-SNAPSHOT/ratis-grpc-0.4.0-2337318-SNAPSHOT.jar:/home/user/.m2/repository/org/rocksdb/rocksdbjni/6.0.1/rocksdbjni-6.0.1.jar:/home/user/.m2/repository/org/apache/logging/log4j/log4j-api/2.11.0/log4j-api-2.11.0.jar:/home/user/.m2/repository/org/apache/logging/log4j/log4j-core/2.11.0/log4j-core-2.11.0.jar:/home/user/.m2/repository/com/lmax/disruptor/3.4.2/disruptor-3.4.2.jar:/home/user/.m2/repository/org/apache/commons/commons-pool2/2.6.0/commons-pool2-2.6.0.jar:/home/user/.m2/repository/org/bouncycastle/bcpkix-jdk15on/1.60/bcpkix-jdk15on-1.60.jar:/home/user/.m2/repository/commons-validator/commons-validator/1.6/commons-validator-1.6.jar:/home/user/.m2/repository/commons-digester/commons-digester/1.8.1/commons-digester-1.8.1.jar:/home/user/.m2/repository/io/jaegertracing/jaeger-client/0.33.1/jaeger-client-0.33.1.jar:/home/user/.m2/repository/io/jaegertracing/jaeger-thrift/0.33.1/jaeger-thrift-0.33.1.jar:/home/user/.m2/repository/org/apache/thrift/libthrift/0.11.0/libthrift-0.11.0.jar:/home/user/.m2/repository/com/squareup/okhttp3/okhttp/3.9.0/okhttp-3.9.0.jar:/home/user/.m2/repository/com/squareup/okio/okio/1.13.0/okio-1.13.0.jar:/home/user/.m2/repository/io/jaegertracing/jaeger-core/0.33.1/jaeger-core-0.33.1.jar:/home/user/.m2/repository/io/jaegertracing/jaeger-tracerresolver/0.33.1/jaeger-tracerresolver-0.33.1.jar:/home/user/.m2/repository/io/opentracing/contrib/opentracing-tracerresolver/0.1.5/opentracing-tracerresolver-0.1.5.jar:/home/user/.m2/repository/io/opentracing/opentracing-util/0.31.0/opentracing-util-0.31.0.jar:/home/user/.m2/repository/io/opentracing/opentracing-api/0.31.0/opentracing-api-0.31.0.jar:/home/user/.m2/repository/io/opentracing/opentracing-noop/0.31.0/opentracing-noop-0.31.0.jar:/home/user/.m2/repository/org/apache/hadoop/hadoop-hdds-server-framework/0.5.0-SNAPSHOT/hadoop-hdds-server-framework-0.5.0-SNAPSHOT.jar:/home/user/.m2/repository/org/apache/hadoop/hadoop-hdds-container-service/0.5.0-SNAPSHOT/hadoop-hdds-container-service-0.5.0-SNAPSHOT.jar:/home/user/.m2/repository/org/apache/hadoop/hadoop-hdds-client/0.5.0-SNAPSHOT/hadoop-hdds-client-0.5.0-SNAPSHOT.jar:/home/user/.m2/repository/org/apache/hadoop/hadoop-hdds-tools/0.5.0-SNAPSHOT/hadoop-hdds-tools-0.5.0-SNAPSHOT.jar:/home/user/.m2/repository/org/apache/hadoop/hadoop-hdds-server-scm/0.5.0-SNAPSHOT/hadoop-hdds-server-scm-0.5.0-SNAPSHOT.jar:/home/user/.m2/repository/org/apache/hadoop/hadoop-hdds-docs/0.5.0-SNAPSHOT/hadoop-hdds-docs-0.5.0-SNAPSHOT.jar:/home/user/.m2/repository/io/dropwizard/metrics/metrics-core/3.2.4/metrics-core-3.2.4.jar:/home/user/.m2/repository/org/hamcrest/hamcrest-all/1.3/hamcrest-all-1.3.jar:/home/user/.m2/repository/org/bouncycastle/bcprov-jdk15on/1.60/bcprov-jdk15on-1.60.jar:/home/user/.m2/repository/info/picocli/picocli/3.9.6/picocli-3.9.6.jar:/home/user/.m2/repository/com/google/protobuf/protobuf-java/2.5.0/protobuf-java-2.5.0.jar:/home/user/.m2/repository/com/google/guava/guava/11.0.2/guava-11.0.2.jar:/home/user/.m2/repository/org/apache/hadoop/hadoop-ozone-ozone-manager/0.5.0-SNAPSHOT/hadoop-ozone-ozone-manager-0.5.0-SNAPSHOT.jar:/home/user/.m2/repository/org/apache/hadoop/hadoop-minikdc/3.2.0/hadoop-minikdc-3.2.0.jar:/home/user/.m2/repository/commons-io/commons-io/2.5/commons-io-2.5.jar:/home/user/.m2/repository/org/apache/kerby/kerb-simplekdc/1.0.1/kerb-simplekdc-1.0.1.jar:/home/user/.m2/repository/org/apache/kerby/kerb-client/1.0.1/kerb-client-1.0.1.jar:/home/user/.m2/repository/org/apache/kerby/kerby-config/1.0.1/kerby-config-1.0.1.jar:/home/user/.m2/repository/org/apache/kerby/kerb-core/1.0.1/kerb-core-1.0.1.jar:/home/user/.m2/repository/org/apache/kerby/kerby-pkix/1.0.1/kerby-pkix-1.0.1.jar:/home/user/.m2/repository/org/apache/kerby/kerby-asn1/1.0.1/kerby-asn1-1.0.1.jar:/home/user/.m2/repository/org/apache/kerby/kerby-util/1.0.1/kerby-util-1.0.1.jar:/home/user/.m2/repository/org/apache/kerby/kerb-common/1.0.1/kerb-common-1.0.1.jar:/home/user/.m2/repository/org/apache/kerby/kerb-crypto/1.0.1/kerb-crypto-1.0.1.jar:/home/user/.m2/repository/org/apache/kerby/kerb-util/1.0.1/kerb-util-1.0.1.jar:/home/user/.m2/repository/org/apache/kerby/token-provider/1.0.1/token-provider-1.0.1.jar:/home/user/.m2/repository/org/apache/kerby/kerb-admin/1.0.1/kerb-admin-1.0.1.jar:/home/user/.m2/repository/org/apache/kerby/kerb-server/1.0.1/kerb-server-1.0.1.jar:/home/user/.m2/repository/org/apache/kerby/kerb-identity/1.0.1/kerb-identity-1.0.1.jar:/home/user/.m2/repository/org/apache/kerby/kerby-xdr/1.0.1/kerby-xdr-1.0.1.jar:/home/user/.m2/repository/org/slf4j/slf4j-log4j12/1.7.25/slf4j-log4j12-1.7.25.jar:/home/user/.m2/repository/org/apache/hadoop/hadoop-ozone-objectstore-service/0.5.0-SNAPSHOT/hadoop-ozone-objectstore-service-0.5.0-SNAPSHOT.jar:/home/user/.m2/repository/org/apache/hadoop/hadoop-ozone-s3gateway/0.5.0-SNAPSHOT/hadoop-ozone-s3gateway-0.5.0-SNAPSHOT.jar:/home/user/.m2/repository/org/jboss/weld/servlet/weld-servlet/2.4.7.Final/weld-servlet-2.4.7.Final.jar:/home/user/.m2/repository/org/glassfish/jersey/containers/jersey-container-servlet-core/2.27/jersey-container-servlet-core-2.27.jar:/home/user/.m2/repository/org/glassfish/hk2/external/javax.inject/2.5.0-b42/javax.inject-2.5.0-b42.jar:/home/user/.m2/repository/org/glassfish/jersey/core/jersey-common/2.27/jersey-common-2.27.jar:/home/user/.m2/repository/org/glassfish/hk2/osgi-resource-locator/1.0.1/osgi-resource-locator-1.0.1.jar:/home/user/.m2/repository/javax/ws/rs/javax.ws.rs-api/2.1/javax.ws.rs-api-2.1.jar:/home/user/.m2/repository/org/glassfish/jersey/ext/cdi/jersey-cdi1x/2.27/jersey-cdi1x-2.27.jar:/home/user/.m2/repository/org/glassfish/jersey/inject/jersey-hk2/2.27/jersey-hk2-2.27.jar:/home/user/.m2/repository/org/glassfish/hk2/hk2-locator/2.5.0-b42/hk2-locator-2.5.0-b42.jar:/home/user/.m2/repository/org/javassist/javassist/3.22.0-CR2/javassist-3.22.0-CR2.jar:/home/user/.m2/repository/org/glassfish/hk2/hk2-api/2.5.0/hk2-api-2.5.0.jar:/home/user/.m2/repository/org/glassfish/hk2/external/jakarta.inject/2.5.0/jakarta.inject-2.5.0.jar:/home/user/.m2/repository/org/glassfish/hk2/hk2-utils/2.5.0/hk2-utils-2.5.0.jar:/home/user/.m2/repository/jakarta/annotation/jakarta.annotation-api/1.3.4/jakarta.annotation-api-1.3.4.jar:/home/user/.m2/repository/org/glassfish/hk2/external/aopalliance-repackaged/2.5.0/aopalliance-repackaged-2.5.0.jar:/home/user/.m2/repository/com/fasterxml/jackson/dataformat/jackson-dataformat-xml/2.9.0/jackson-dataformat-xml-2.9.0.jar:/home/user/.m2/repository/com/fasterxml/jackson/core/jackson-core/2.9.5/jackson-core-2.9.5.jar:/home/user/.m2/repository/com/fasterxml/jackson/module/jackson-module-jaxb-annotations/2.9.5/jackson-module-jaxb-annotations-2.9.5.jar:/home/user/.m2/repository/javax/enterprise/cdi-api/1.2/cdi-api-1.2.jar:/home/user/.m2/repository/javax/el/javax.el-api/3.0.0/javax.el-api-3.0.0.jar:/home/user/.m2/repository/javax/interceptor/javax.interceptor-api/1.2/javax.interceptor-api-1.2.jar:/home/user/.m2/repository/javax/inject/javax.inject/1/javax.inject-1.jar:/home/user/.m2/repository/com/sun/xml/bind/jaxb-impl/2.3.0.1/jaxb-impl-2.3.0.1.jar:/home/user/.m2/repository/com/sun/xml/bind/jaxb-core/2.3.0.1/jaxb-core-2.3.0.1.jar:/home/user/.m2/repository/javax/xml/bind/jaxb-api/2.3.0/jaxb-api-2.3.0.jar:/home/user/.m2/repository/javax/activation/activation/1.1.1/activation-1.1.1.jar:/home/user/.m2/repository/org/apache/hadoop/hadoop-ozone-csi/0.5.0-SNAPSHOT/hadoop-ozone-csi-0.5.0-SNAPSHOT.jar:/home/user/.m2/repository/com/google/protobuf/protobuf-java-util/3.5.1/protobuf-java-util-3.5.1.jar:/home/user/.m2/repository/org/apache/hadoop/hadoop-hdds-config/0.5.0-SNAPSHOT/hadoop-hdds-config-0.5.0-SNAPSHOT.jar:/home/user/.m2/repository/io/grpc/grpc-netty/1.17.1/grpc-netty-1.17.1.jar:/home/user/.m2/repository/io/grpc/grpc-core/1.17.1/grpc-core-1.17.1.jar:/home/user/.m2/repository/io/grpc/grpc-context/1.17.1/grpc-context-1.17.1.jar:/home/user/.m2/repository/com/google/errorprone/error_prone_annotations/2.2.0/error_prone_annotations-2.2.0.jar:/home/user/.m2/repository/org/codehaus/mojo/animal-sniffer-annotations/1.17/animal-sniffer-annotations-1.17.jar:/home/user/.m2/repository/io/opencensus/opencensus-api/0.17.0/opencensus-api-0.17.0.jar:/home/user/.m2/repository/io/opencensus/opencensus-contrib-grpc-metrics/0.17.0/opencensus-contrib-grpc-metrics-0.17.0.jar:/home/user/.m2/repository/io/netty/netty-codec-http2/4.1.30.Final/netty-codec-http2-4.1.30.Final.jar:/home/user/.m2/repository/io/netty/netty-codec-http/4.1.30.Final/netty-codec-http-4.1.30.Final.jar:/home/user/.m2/repository/io/netty/netty-codec/4.1.30.Final/netty-codec-4.1.30.Final.jar:/home/user/.m2/repository/io/netty/netty-handler/4.1.30.Final/netty-handler-4.1.30.Final.jar:/home/user/.m2/repository/io/netty/netty-handler-proxy/4.1.30.Final/netty-handler-proxy-4.1.30.Final.jar:/home/user/.m2/repository/io/netty/netty-codec-socks/4.1.30.Final/netty-codec-socks-4.1.30.Final.jar:/home/user/.m2/repository/io/netty/netty-transport-native-epoll/4.1.30.Final/netty-transport-native-epoll-4.1.30.Final.jar:/home/user/.m2/repository/io/netty/netty-common/4.1.30.Final/netty-common-4.1.30.Final.jar:/home/user/.m2/repository/io/netty/netty-buffer/4.1.30.Final/netty-buffer-4.1.30.Final.jar:/home/user/.m2/repository/io/netty/netty-transport/4.1.30.Final/netty-transport-4.1.30.Final.jar:/home/user/.m2/repository/io/netty/netty-resolver/4.1.30.Final/netty-resolver-4.1.30.Final.jar:/home/user/.m2/repository/io/netty/netty-transport-native-unix-common/4.1.30.Final/netty-transport-native-unix-common-4.1.30.Final.jar:/home/user/.m2/repository/io/grpc/grpc-protobuf/1.17.1/grpc-protobuf-1.17.1.jar:/home/user/.m2/repository/com/google/api/grpc/proto-google-common-protos/1.0.0/proto-google-common-protos-1.0.0.jar:/home/user/.m2/repository/io/grpc/grpc-protobuf-lite/1.17.1/grpc-protobuf-lite-1.17.1.jar:/home/user/.m2/repository/io/grpc/grpc-stub/1.17.1/grpc-stub-1.17.1.jar:/home/user/.m2/repository/org/apache/hadoop/hadoop-ozone-recon/0.5.0-SNAPSHOT/hadoop-ozone-recon-0.5.0-SNAPSHOT.jar:/home/user/.m2/repository/org/apache/hadoop/hadoop-ozone-reconcodegen/0.5.0-SNAPSHOT/hadoop-ozone-reconcodegen-0.5.0-SNAPSHOT.jar:/home/user/.m2/repository/com/google/inject/extensions/guice-multibindings/4.0/guice-multibindings-4.0.jar:/home/user/.m2/repository/com/google/inject/guice/4.0/guice-4.0.jar:/home/user/.m2/repository/aopalliance/aopalliance/1.0/aopalliance-1.0.jar:/home/user/.m2/repository/com/google/inject/extensions/guice-servlet/4.0/guice-servlet-4.0.jar:/home/user/.m2/repository/org/glassfish/jersey/containers/jersey-container-servlet/2.27/jersey-container-servlet-2.27.jar:/home/user/.m2/repository/org/glassfish/hk2/guice-bridge/2.5.0/guice-bridge-2.5.0.jar:/home/user/.m2/repository/org/glassfish/jersey/core/jersey-server/2.27/jersey-server-2.27.jar:/home/user/.m2/repository/org/glassfish/jersey/core/jersey-client/2.27/jersey-client-2.27.jar:/home/user/.m2/repository/org/glassfish/jersey/media/jersey-media-jaxb/2.27/jersey-media-jaxb-2.27.jar:/home/user/.m2/repository/javax/validation/validation-api/1.1.0.Final/validation-api-1.1.0.Final.jar:/home/user/.m2/repository/org/glassfish/jersey/media/jersey-media-json-jackson/2.27/jersey-media-json-jackson-2.27.jar:/home/user/.m2/repository/org/glassfish/jersey/ext/jersey-entity-filtering/2.27/jersey-entity-filtering-2.27.jar:/home/user/.m2/repository/com/google/inject/extensions/guice-assistedinject/4.0/guice-assistedinject-4.0.jar:/home/user/.m2/repository/org/jooq/jooq/3.11.10/jooq-3.11.10.jar:/home/user/.m2/repository/org/jooq/jooq-meta/3.11.10/jooq-meta-3.11.10.jar:/home/user/.m2/repository/org/jooq/jooq-codegen/3.11.10/jooq-codegen-3.11.10.jar:/home/user/.m2/repository/com/jolbox/bonecp/0.8.0.RELEASE/bonecp-0.8.0.RELEASE.jar:/home/user/.m2/repository/org/xerial/sqlite-jdbc/3.25.2/sqlite-jdbc-3.25.2.jar:/home/user/.m2/repository/org/springframework/spring-jdbc/5.1.3.RELEASE/spring-jdbc-5.1.3.RELEASE.jar:/home/user/.m2/repository/org/springframework/spring-beans/5.1.3.RELEASE/spring-beans-5.1.3.RELEASE.jar:/home/user/.m2/repository/org/springframework/spring-core/5.1.3.RELEASE/spring-core-5.1.3.RELEASE.jar:/home/user/.m2/repository/org/springframework/spring-jcl/5.1.3.RELEASE/spring-jcl-5.1.3.RELEASE.jar:/home/user/.m2/repository/org/springframework/spring-tx/5.1.3.RELEASE/spring-tx-5.1.3.RELEASE.jar:/home/user/.m2/repository/org/apache/hadoop/hadoop-ozone-client/0.5.0-SNAPSHOT/hadoop-ozone-client-0.5.0-SNAPSHOT.jar:/home/user/.m2/repository/commons-lang/commons-lang/2.6/commons-lang-2.6.jar:/home/user/.m2/repository/org/apache/hadoop/hadoop-ozone-ozone-manager/0.5.0-SNAPSHOT/hadoop-ozone-ozone-manager-0.5.0-SNAPSHOT-tests.jar:/home/user/.m2/repository/junit/junit/4.11/junit-4.11.jar:/home/user/.m2/repository/org/hamcrest/hamcrest-core/1.3/hamcrest-core-1.3.jar:/home/user/.m2/repository/org/openjdk/jmh/jmh-core/1.19/jmh-core-1.19.jar:/home/user/.m2/repository/net/sf/jopt-simple/jopt-simple/4.6/jopt-simple-4.6.jar:/home/user/.m2/repository/org/apache/commons/commons-math3/3.1.1/commons-math3-3.1.1.jar:/home/user/.m2/repository/org/openjdk/jmh/jmh-generator-annprocess/1.19/jmh-generator-annprocess-1.19.jar:/home/user/.m2/repository/org/mockito/mockito-all/1.8.5/mockito-all-1.8.5.jar:/home/user/.m2/repository/org/apache/hadoop/hadoop-kms/3.2.0/hadoop-kms-3.2.0.jar:/home/user/.m2/repository/org/apache/hadoop/hadoop-auth/3.2.0/hadoop-auth-3.2.0.jar:/home/user/.m2/repository/com/nimbusds/nimbus-jose-jwt/4.41.1/nimbus-jose-jwt-4.41.1.jar:/home/user/.m2/repository/com/github/stephenc/jcip/jcip-annotations/1.0-1/jcip-annotations-1.0-1.jar:/home/user/.m2/repository/net/minidev/json-smart/2.3/json-smart-2.3.jar:/home/user/.m2/repository/net/minidev/accessors-smart/1.2/accessors-smart-1.2.jar:/home/user/.m2/repository/org/ow2/asm/asm/5.0.4/asm-5.0.4.jar:/home/user/.m2/repository/org/apache/curator/curator-framework/2.12.0/curator-framework-2.12.0.jar:/home/user/.m2/repository/com/sun/jersey/jersey-core/1.19/jersey-core-1.19.jar:/home/user/.m2/repository/javax/ws/rs/jsr311-api/1.1.1/jsr311-api-1.1.1.jar:/home/user/.m2/repository/com/sun/jersey/jersey-server/1.19/jersey-server-1.19.jar:/home/user/.m2/repository/javax/servlet/javax.servlet-api/3.1.0/javax.servlet-api-3.1.0.jar:/home/user/.m2/repository/org/eclipse/jetty/jetty-server/9.3.24.v20180605/jetty-server-9.3.24.v20180605.jar:/home/user/.m2/repository/org/eclipse/jetty/jetty-http/9.3.24.v20180605/jetty-http-9.3.24.v20180605.jar:/home/user/.m2/repository/org/eclipse/jetty/jetty-io/9.3.24.v20180605/jetty-io-9.3.24.v20180605.jar:/home/user/.m2/repository/org/eclipse/jetty/jetty-webapp/9.3.24.v20180605/jetty-webapp-9.3.24.v20180605.jar:/home/user/.m2/repository/org/eclipse/jetty/jetty-xml/9.3.24.v20180605/jetty-xml-9.3.24.v20180605.jar:/home/user/.m2/repository/log4j/log4j/1.2.17/log4j-1.2.17.jar:/home/user/.m2/repository/org/slf4j/slf4j-api/1.7.25/slf4j-api-1.7.25.jar:/home/user/.m2/repository/org/slf4j/jul-to-slf4j/1.7.25/jul-to-slf4j-1.7.25.jar:/home/user/.m2/repository/org/eclipse/jetty/jetty-util/9.3.24.v20180605/jetty-util-9.3.24.v20180605.jar:/home/user/.m2/repository/com/fasterxml/jackson/core/jackson-databind/2.9.5/jackson-databind-2.9.5.jar:/home/user/.m2/repository/org/apache/hadoop/hadoop-kms/3.2.0/hadoop-kms-3.2.0-tests.jar:/home/user/.m2/repository/org/apache/hadoop/hadoop-hdds-server-scm/0.5.0-SNAPSHOT/hadoop-hdds-server-scm-0.5.0-SNAPSHOT-tests.jar:/home/user/.m2/repository/org/apache/hadoop/hadoop-hdds-container-service/0.5.0-SNAPSHOT/hadoop-hdds-container-service-0.5.0-SNAPSHOT-tests.jar:/home/user/.m2/repository/org/yaml/snakeyaml/1.16/snakeyaml-1.16.jar:/home/user/.m2/repository/org/apache/hadoop/hadoop-common/3.2.0/hadoop-common-3.2.0-tests.jar:/home/user/.m2/repository/org/apache/hadoop/hadoop-annotations/3.2.0/hadoop-annotations-3.2.0.jar:/usr/lib/jvm/java-1.8-openjdk/jre/../lib/tools.jar:/home/user/.m2/repository/commons-cli/commons-cli/1.2/commons-cli-1.2.jar:/home/user/.m2/repository/org/apache/httpcomponents/httpclient/4.5.2/httpclient-4.5.2.jar:/home/user/.m2/repository/org/apache/httpcomponents/httpcore/4.4.4/httpcore-4.4.4.jar:/home/user/.m2/repository/commons-codec/commons-codec/1.11/commons-codec-1.11.jar:/home/user/.m2/repository/commons-net/commons-net/3.6/commons-net-3.6.jar:/home/user/.m2/repository/commons-collections/commons-collections/3.2.2/commons-collections-3.2.2.jar:/home/user/.m2/repository/org/eclipse/jetty/jetty-servlet/9.3.24.v20180605/jetty-servlet-9.3.24.v20180605.jar:/home/user/.m2/repository/org/eclipse/jetty/jetty-security/9.3.24.v20180605/jetty-security-9.3.24.v20180605.jar:/home/user/.m2/repository/javax/servlet/jsp/jsp-api/2.1/jsp-api-2.1.jar:/home/user/.m2/repository/com/sun/jersey/jersey-servlet/1.19/jersey-servlet-1.19.jar:/home/user/.m2/repository/com/sun/jersey/jersey-json/1.19/jersey-json-1.19.jar:/home/user/.m2/repository/org/codehaus/jettison/jettison/1.1/jettison-1.1.jar:/home/user/.m2/repository/org/codehaus/jackson/jackson-core-asl/1.9.13/jackson-core-asl-1.9.13.jar:/home/user/.m2/repository/org/codehaus/jackson/jackson-mapper-asl/1.9.13/jackson-mapper-asl-1.9.13.jar:/home/user/.m2/repository/org/codehaus/jackson/jackson-jaxrs/1.9.13/jackson-jaxrs-1.9.13.jar:/home/user/.m2/repository/org/codehaus/jackson/jackson-xc/1.9.13/jackson-xc-1.9.13.jar:/home/user/.m2/repository/commons-logging/commons-logging/1.1.3/commons-logging-1.1.3.jar:/home/user/.m2/repository/commons-beanutils/commons-beanutils/1.9.3/commons-beanutils-1.9.3.jar:/home/user/.m2/repository/org/apache/commons/commons-configuration2/2.1.1/commons-configuration2-2.1.1.jar:/home/user/.m2/repository/org/apache/commons/commons-lang3/3.7/commons-lang3-3.7.jar:/home/user/.m2/repository/org/apache/commons/commons-text/1.4/commons-text-1.4.jar:/home/user/.m2/repository/org/apache/avro/avro/1.7.7/avro-1.7.7.jar:/home/user/.m2/repository/com/thoughtworks/paranamer/paranamer/2.3/paranamer-2.3.jar:/home/user/.m2/repository/org/xerial/snappy/snappy-java/1.0.5/snappy-java-1.0.5.jar:/home/user/.m2/repository/com/google/re2j/re2j/1.1/re2j-1.1.jar:/home/user/.m2/repository/com/google/code/gson/gson/2.2.4/gson-2.2.4.jar:/home/user/.m2/repository/com/jcraft/jsch/0.1.54/jsch-0.1.54.jar:/home/user/.m2/repository/org/apache/curator/curator-client/2.12.0/curator-client-2.12.0.jar:/home/user/.m2/repository/org/apache/curator/curator-recipes/2.12.0/curator-recipes-2.12.0.jar:/home/user/.m2/repository/com/google/code/findbugs/jsr305/3.0.0/jsr305-3.0.0.jar:/home/user/.m2/repository/org/apache/htrace/htrace-core4/4.1.0-incubating/htrace-core4-4.1.0-incubating.jar:/home/user/.m2/repository/org/apache/zookeeper/zookeeper/3.4.13/zookeeper-3.4.13.jar:/home/user/.m2/repository/org/apache/yetus/audience-annotations/0.5.0/audience-annotations-0.5.0.jar:/home/user/.m2/repository/org/codehaus/woodstox/stax2-api/3.1.4/stax2-api-3.1.4.jar:/home/user/.m2/repository/com/fasterxml/woodstox/woodstox-core/5.0.3/woodstox-core-5.0.3.jar:/home/user/.m2/repository/dnsjava/dnsjava/2.1.7/dnsjava-2.1.7.jar:/home/user/.m2/repository/org/apache/hadoop/hadoop-hdfs/3.2.0/hadoop-hdfs-3.2.0-tests.jar:/home/user/.m2/repository/org/eclipse/jetty/jetty-util-ajax/9.3.24.v20180605/jetty-util-ajax-9.3.24.v20180605.jar:/home/user/.m2/repository/commons-daemon/commons-daemon/1.0.13/commons-daemon-1.0.13.jar:/home/user/.m2/repository/io/netty/netty/3.10.5.Final/netty-3.10.5.Final.jar:/home/user/.m2/repository/io/netty/netty-all/4.0.52.Final/netty-all-4.0.52.Final.jar:/home/user/.m2/repository/org/fusesource/leveldbjni/leveldbjni-all/1.8/leveldbjni-all-1.8.jar:"/>
    <property name="sun.cpu.endian" value="little"/>
    <property name="user.home" value="/home/user"/>
    <property name="user.language" value="en"/>
    <property name="java.specification.vendor" value="Oracle Corporation"/>
    <property name="java.home" value="/usr/lib/jvm/java-1.8-openjdk/jre"/>
    <property name="java.security.krb5.conf" value="/tmp/workdir/hadoop-ozone/integration-test/target/test-classes/krb5.conf"/>
    <property name="basedir" value="/tmp/workdir/hadoop-ozone/integration-test"/>
    <property name="file.separator" value="/"/>
    <property name="line.separator" value="&#10;"/>
    <property name="java.vm.specification.vendor" value="Oracle Corporation"/>
    <property name="java.specification.name" value="Java Platform API Specification"/>
    <property name="java.awt.graphicsenv" value="sun.awt.X11GraphicsEnvironment"/>
    <property name="surefire.real.class.path" value="/tmp/workdir/hadoop-ozone/integration-test/target/surefire/surefirebooter6675058948564446004.jar"/>
    <property name="hadoop.log.dir" value="/tmp/workdir/hadoop-ozone/integration-test/target/log"/>
    <property name="sun.boot.class.path" value="/usr/lib/jvm/java-1.8-openjdk/jre/lib/resources.jar:/usr/lib/jvm/java-1.8-openjdk/jre/lib/rt.jar:/usr/lib/jvm/java-1.8-openjdk/jre/lib/sunrsasign.jar:/usr/lib/jvm/java-1.8-openjdk/jre/lib/jsse.jar:/usr/lib/jvm/java-1.8-openjdk/jre/lib/jce.jar:/usr/lib/jvm/java-1.8-openjdk/jre/lib/charsets.jar:/usr/lib/jvm/java-1.8-openjdk/jre/lib/jfr.jar:/usr/lib/jvm/java-1.8-openjdk/jre/classes"/>
    <property name="sun.management.compiler" value="HotSpot 64-Bit Tiered Compilers"/>
    <property name="java.runtime.version" value="1.8.0_212-b04"/>
    <property name="java.net.preferIPv4Stack" value="true"/>
    <property name="user.name" value="jenkins1000"/>
    <property name="path.separator" value=":"/>
    <property name="java.security.egd" value="file:///dev/urandom"/>
    <property name="os.version" value="3.10.0-957.12.2.el7.x86_64"/>
    <property name="java.endorsed.dirs" value="/usr/lib/jvm/java-1.8-openjdk/jre/lib/endorsed"/>
    <property name="java.runtime.name" value="OpenJDK Runtime Environment"/>
    <property name="file.encoding" value="UTF-8"/>
    <property name="java.vm.name" value="OpenJDK 64-Bit Server VM"/>
    <property name="test.build.webapps" value=""/>
    <property name="localRepository" value="/home/user/.m2/repository"/>
    <property name="java.vendor.url.bug" value="https://icedtea.classpath.org/bugzilla"/>
    <property name="java.io.tmpdir" value="/tmp"/>
    <property name="require.test.libhadoop" value=""/>
    <property name="java.version" value="1.8.0_212"/>
    <property name="user.dir" value="/tmp/workdir/hadoop-ozone/integration-test"/>
    <property name="os.arch" value="amd64"/>
    <property name="java.vm.specification.name" value="Java Virtual Machine Specification"/>
    <property name="test.build.classes" value="/tmp/workdir/hadoop-ozone/integration-test/target/test-classes"/>
    <property name="java.awt.printerjob" value="sun.print.PSPrinterJob"/>
    <property name="sun.os.patch.level" value="unknown"/>
    <property name="hadoop.tmp.dir" value="/tmp/workdir/hadoop-ozone/integration-test/target/tmp"/>
    <property name="java.library.path" value="/usr/lib/jvm/java-1.8-openjdk/jre/lib/amd64/server:/usr/lib/jvm/java-1.8-openjdk/jre/lib/amd64:/usr/lib/jvm/java-1.8-openjdk/jre/../lib/amd64:/tmp/workdir/hadoop-ozone/integration-test/target/native/target/usr/local/lib:/tmp/workdir/hadoop-ozone/integration-test/../../hadoop-common-project/hadoop-common/target/native/target/usr/local/lib:/usr/java/packages/lib/amd64:/usr/lib64:/lib64:/lib:/usr/lib"/>
    <property name="java.vm.info" value="mixed mode"/>
    <property name="java.vendor" value="IcedTea"/>
    <property name="java.vm.version" value="25.212-b04"/>
    <property name="java.ext.dirs" value="/usr/lib/jvm/java-1.8-openjdk/jre/lib/ext:/usr/java/packages/lib/ext"/>
    <property name="sun.io.unicode.encoding" value="UnicodeLittle"/>
    <property name="java.class.version" value="52.0"/>
  </properties>
  <testcase name="test2DatanodesFailure" classname="org.apache.hadoop.ozone.client.rpc.TestBlockOutputStreamWithFailures" time="107.164">
    <error type="java.lang.IllegalArgumentException">java.lang.IllegalArgumentException
	at com.google.common.base.Preconditions.checkArgument(Preconditions.java:72)
	at org.apache.hadoop.hdds.scm.XceiverClientManager.acquireClient(XceiverClientManager.java:150)
	at org.apache.hadoop.hdds.scm.XceiverClientManager.acquireClientForReadData(XceiverClientManager.java:143)
	at org.apache.hadoop.hdds.scm.storage.BlockInputStream.getChunkInfos(BlockInputStream.java:154)
	at org.apache.hadoop.hdds.scm.storage.BlockInputStream.initialize(BlockInputStream.java:118)
	at org.apache.hadoop.hdds.scm.storage.BlockInputStream.read(BlockInputStream.java:222)
	at org.apache.hadoop.ozone.client.io.KeyInputStream.read(KeyInputStream.java:171)
	at org.apache.hadoop.ozone.client.io.OzoneInputStream.read(OzoneInputStream.java:47)
	at java.io.InputStream.read(InputStream.java:101)
	at org.apache.hadoop.ozone.container.ContainerTestHelper.validateData(ContainerTestHelper.java:709)
	at org.apache.hadoop.ozone.client.rpc.TestBlockOutputStreamWithFailures.validateData(TestBlockOutputStreamWithFailures.java:1212)
	at org.apache.hadoop.ozone.client.rpc.TestBlockOutputStreamWithFailures.test2DatanodesFailure(TestBlockOutputStreamWithFailures.java:537)
	at sun.reflect.NativeMethodAccessorImpl.invoke0(Native Method)
	at sun.reflect.NativeMethodAccessorImpl.invoke(NativeMethodAccessorImpl.java:62)
	at sun.reflect.DelegatingMethodAccessorImpl.invoke(DelegatingMethodAccessorImpl.java:43)
	at java.lang.reflect.Method.invoke(Method.java:498)
	at org.junit.runners.model.FrameworkMethod$1.runReflectiveCall(FrameworkMethod.java:47)
	at org.junit.internal.runners.model.ReflectiveCallable.run(ReflectiveCallable.java:12)
	at org.junit.runners.model.FrameworkMethod.invokeExplosively(FrameworkMethod.java:44)
	at org.junit.internal.runners.statements.InvokeMethod.evaluate(InvokeMethod.java:17)
	at org.junit.internal.runners.statements.RunBefores.evaluate(RunBefores.java:26)
	at org.junit.internal.runners.statements.RunAfters.evaluate(RunAfters.java:27)
	at org.junit.runners.ParentRunner.runLeaf(ParentRunner.java:271)
	at org.junit.runners.BlockJUnit4ClassRunner.runChild(BlockJUnit4ClassRunner.java:70)
	at org.junit.runners.BlockJUnit4ClassRunner.runChild(BlockJUnit4ClassRunner.java:50)
	at org.junit.runners.ParentRunner$3.run(ParentRunner.java:238)
	at org.junit.runners.ParentRunner$1.schedule(ParentRunner.java:63)
	at org.junit.runners.ParentRunner.runChildren(ParentRunner.java:236)
	at org.junit.runners.ParentRunner.access$000(ParentRunner.java:53)
	at org.junit.runners.ParentRunner$2.evaluate(ParentRunner.java:229)
	at org.junit.runners.ParentRunner.run(ParentRunner.java:309)
	at org.apache.maven.surefire.junit4.JUnit4Provider.execute(JUnit4Provider.java:365)
	at org.apache.maven.surefire.junit4.JUnit4Provider.executeWithRerun(JUnit4Provider.java:273)
	at org.apache.maven.surefire.junit4.JUnit4Provider.executeTestSet(JUnit4Provider.java:238)
	at org.apache.maven.surefire.junit4.JUnit4Provider.invoke(JUnit4Provider.java:159)
	at org.apache.maven.surefire.booter.ForkedBooter.invokeProviderInSameClassLoader(ForkedBooter.java:384)
	at org.apache.maven.surefire.booter.ForkedBooter.runSuitesInProcess(ForkedBooter.java:345)
	at org.apache.maven.surefire.booter.ForkedBooter.execute(ForkedBooter.java:126)
	at org.apache.maven.surefire.booter.ForkedBooter.main(ForkedBooter.java:418)
</error>
    <system-out><![CDATA[2019-07-13 20:26:48,962 WARN  server.ServerUtils (ServerUtils.java:getScmDbDir(145)) - ozone.scm.db.dirs is not configured. We recommend adding this setting. Falling back to ozone.metadata.dirs instead.
2019-07-13 20:26:49,076 WARN  server.ServerUtils (ServerUtils.java:getScmDbDir(145)) - ozone.scm.db.dirs is not configured. We recommend adding this setting. Falling back to ozone.metadata.dirs instead.
2019-07-13 20:26:49,079 WARN  server.ServerUtils (ServerUtils.java:getScmDbDir(145)) - ozone.scm.db.dirs is not configured. We recommend adding this setting. Falling back to ozone.metadata.dirs instead.
2019-07-13 20:26:49,097 INFO  util.log (Log.java:initialized(192)) - Logging initialized @861ms
2019-07-13 20:26:49,197 INFO  db.DBStoreBuilder (DBStoreBuilder.java:addTable(110)) - using custom profile for table: deletedBlocks
2019-07-13 20:26:49,197 INFO  db.DBStoreBuilder (DBStoreBuilder.java:processTables(161)) - Using default column profile:DBProfile.DISK for Table:deletedBlocks
2019-07-13 20:26:49,198 INFO  db.DBStoreBuilder (DBStoreBuilder.java:addTable(110)) - using custom profile for table: validCerts
2019-07-13 20:26:49,198 INFO  db.DBStoreBuilder (DBStoreBuilder.java:processTables(161)) - Using default column profile:DBProfile.DISK for Table:validCerts
2019-07-13 20:26:49,198 INFO  db.DBStoreBuilder (DBStoreBuilder.java:addTable(110)) - using custom profile for table: revokedCerts
2019-07-13 20:26:49,198 INFO  db.DBStoreBuilder (DBStoreBuilder.java:processTables(161)) - Using default column profile:DBProfile.DISK for Table:revokedCerts
2019-07-13 20:26:49,210 INFO  db.DBStoreBuilder (DBStoreBuilder.java:addTable(110)) - using custom profile for table: default
2019-07-13 20:26:49,210 INFO  db.DBStoreBuilder (DBStoreBuilder.java:processTables(167)) - Using default column profile:DBProfile.DISK for Table:default
2019-07-13 20:26:49,211 INFO  db.DBStoreBuilder (DBStoreBuilder.java:getDbProfile(198)) - Using default options. DBProfile.DISK
2019-07-13 20:26:49,326 INFO  net.NodeSchemaLoader (NodeSchemaLoader.java:loadSchemaFromFile(125)) - Loading file from sun.misc.CompoundEnumeration@3835c46
2019-07-13 20:26:49,330 INFO  net.NodeSchemaLoader (NodeSchemaLoader.java:loadSchema(171)) - Loading network topology layer schema file
2019-07-13 20:26:49,422 INFO  node.SCMNodeManager (SCMNodeManager.java:<init>(119)) - Entering startup safe mode.
2019-07-13 20:26:49,509 WARN  server.ServerUtils (ServerUtils.java:getScmDbDir(145)) - ozone.scm.db.dirs is not configured. We recommend adding this setting. Falling back to ozone.metadata.dirs instead.
2019-07-13 20:26:49,578 INFO  pipeline.SCMPipelineManager (SCMPipelineManager.java:initializePipelineState(126)) - No pipeline exists in current db
2019-07-13 20:26:49,582 WARN  server.ServerUtils (ServerUtils.java:getScmDbDir(145)) - ozone.scm.db.dirs is not configured. We recommend adding this setting. Falling back to ozone.metadata.dirs instead.
2019-07-13 20:26:49,677 WARN  events.EventQueue (EventQueue.java:fireEvent(175)) - No event handler registered for event TypedEvent{payloadType=SafeModeStatus, name='SafeModeStatus'}
2019-07-13 20:26:50,014 INFO  ipc.CallQueueManager (CallQueueManager.java:<init>(84)) - Using callQueue: class java.util.concurrent.LinkedBlockingQueue, queueCapacity: 2000, scheduler: class org.apache.hadoop.ipc.DefaultRpcScheduler, ipcBackoff: false.
2019-07-13 20:26:50,042 INFO  ipc.Server (Server.java:run(1074)) - Starting Socket Reader #1 for port 43461
2019-07-13 20:26:50,065 INFO  ipc.CallQueueManager (CallQueueManager.java:<init>(84)) - Using callQueue: class java.util.concurrent.LinkedBlockingQueue, queueCapacity: 2000, scheduler: class org.apache.hadoop.ipc.DefaultRpcScheduler, ipcBackoff: false.
2019-07-13 20:26:50,067 INFO  ipc.Server (Server.java:run(1074)) - Starting Socket Reader #1 for port 41977
2019-07-13 20:26:50,073 INFO  ipc.CallQueueManager (CallQueueManager.java:<init>(84)) - Using callQueue: class java.util.concurrent.LinkedBlockingQueue, queueCapacity: 2000, scheduler: class org.apache.hadoop.ipc.DefaultRpcScheduler, ipcBackoff: false.
2019-07-13 20:26:50,074 INFO  ipc.Server (Server.java:run(1074)) - Starting Socket Reader #1 for port 38652
2019-07-13 20:26:50,193 INFO  hdfs.DFSUtil (DFSUtil.java:httpServerTemplateForNNAndJN(1641)) - Starting Web-server for scm at: http://0.0.0.0:0
2019-07-13 20:26:50,361 INFO  server.AuthenticationFilter (AuthenticationFilter.java:constructSecretProvider(240)) - Unable to initialize FileSignerSecretProvider, falling back to use random secrets.
2019-07-13 20:26:50,368 WARN  http.HttpRequestLog (HttpRequestLog.java:getRequestLog(97)) - Jetty request log can only be enabled using Log4j
2019-07-13 20:26:50,376 INFO  http.HttpServer2 (HttpServer2.java:addGlobalFilter(975)) - Added global filter 'safety' (class=org.apache.hadoop.http.HttpServer2$QuotingInputFilter)
2019-07-13 20:26:50,378 INFO  http.HttpServer2 (HttpServer2.java:addFilter(948)) - Added filter static_user_filter (class=org.apache.hadoop.http.lib.StaticUserWebFilter$StaticUserFilter) to context scm
2019-07-13 20:26:50,379 INFO  http.HttpServer2 (HttpServer2.java:addFilter(958)) - Added filter static_user_filter (class=org.apache.hadoop.http.lib.StaticUserWebFilter$StaticUserFilter) to context static
2019-07-13 20:26:50,379 INFO  http.HttpServer2 (HttpServer2.java:addFilter(958)) - Added filter static_user_filter (class=org.apache.hadoop.http.lib.StaticUserWebFilter$StaticUserFilter) to context logs
2019-07-13 20:26:50,405 INFO  server.StorageContainerManager (StorageContainerManager.java:start(759)) - StorageContainerLocationProtocol RPC server is listening at /0.0.0.0:38652
2019-07-13 20:26:50,461 WARN  impl.MetricsConfig (MetricsConfig.java:loadFirst(134)) - Cannot locate configuration: tried hadoop-metrics2-storagecontainermanager.properties,hadoop-metrics2.properties
2019-07-13 20:26:50,473 INFO  impl.MetricsSystemImpl (MetricsSystemImpl.java:startTimer(374)) - Scheduled Metric snapshot period at 10 second(s).
2019-07-13 20:26:50,473 INFO  impl.MetricsSystemImpl (MetricsSystemImpl.java:start(191)) - StorageContainerManager metrics system started
2019-07-13 20:26:50,686 INFO  server.SCMClientProtocolServer (SCMClientProtocolServer.java:start(149)) - RPC server for Client  is listening at /0.0.0.0:38652
2019-07-13 20:26:50,687 INFO  ipc.Server (Server.java:run(1314)) - IPC Server Responder: starting
2019-07-13 20:26:50,687 INFO  ipc.Server (Server.java:run(1153)) - IPC Server listener on 38652: starting
2019-07-13 20:26:50,693 INFO  server.StorageContainerManager (StorageContainerManager.java:start(768)) - ScmBlockLocationProtocol RPC server is listening at /0.0.0.0:41977
2019-07-13 20:26:50,693 INFO  server.SCMBlockProtocolServer (SCMBlockProtocolServer.java:start(140)) - RPC server for Block Protocol is listening at /0.0.0.0:41977
2019-07-13 20:26:50,694 INFO  ipc.Server (Server.java:run(1314)) - IPC Server Responder: starting
2019-07-13 20:26:50,694 INFO  ipc.Server (Server.java:run(1153)) - IPC Server listener on 41977: starting
2019-07-13 20:26:50,703 INFO  server.StorageContainerManager (StorageContainerManager.java:start(772)) - ScmDatanodeProtocl RPC server is listening at /0.0.0.0:43461
2019-07-13 20:26:50,703 INFO  server.SCMDatanodeProtocolServer (SCMDatanodeProtocolServer.java:start(191)) - RPC server for DataNodes is listening at /0.0.0.0:43461
2019-07-13 20:26:50,705 INFO  ipc.Server (Server.java:run(1314)) - IPC Server Responder: starting
2019-07-13 20:26:50,706 INFO  ipc.Server (Server.java:run(1153)) - IPC Server listener on 43461: starting
2019-07-13 20:26:50,717 INFO  http.HttpServer2 (HttpServer2.java:bindListener(1191)) - Jetty bound to port 42434
2019-07-13 20:26:50,720 INFO  server.Server (Server.java:doStart(351)) - jetty-9.3.24.v20180605, build timestamp: 2018-06-05T17:11:56Z, git hash: 84205aa28f11a4f31f2a3b86d1bba2cc8ab69827
2019-07-13 20:26:50,769 INFO  handler.ContextHandler (ContextHandler.java:doStart(781)) - Started o.e.j.s.ServletContextHandler@6bbe2511{/logs,file:///tmp/workdir/hadoop-ozone/integration-test/target/log,AVAILABLE}
2019-07-13 20:26:50,770 INFO  handler.ContextHandler (ContextHandler.java:doStart(781)) - Started o.e.j.s.ServletContextHandler@76012793{/static,file:///tmp/workdir/hadoop-ozone/integration-test/target/test-classes/webapps/static,AVAILABLE}
2019-07-13 20:26:50,805 INFO  handler.ContextHandler (ContextHandler.java:doStart(781)) - Started o.e.j.w.WebAppContext@6a1d204a{/,file:///tmp/workdir/hadoop-ozone/integration-test/target/test-classes/webapps/scm/,AVAILABLE}{/scm}
2019-07-13 20:26:50,811 INFO  server.AbstractConnector (AbstractConnector.java:doStart(278)) - Started ServerConnector@9d157ff{HTTP/1.1,[http/1.1]}{0.0.0.0:42434}
2019-07-13 20:26:50,811 INFO  server.Server (Server.java:doStart(419)) - Started @2575ms
2019-07-13 20:26:50,814 INFO  server.BaseHttpServer (BaseHttpServer.java:updateConnectorAddress(207)) - HTTP server of SCM is listening at http://0.0.0.0:42434
2019-07-13 20:26:50,823 INFO  util.JvmPauseMonitor (JvmPauseMonitor.java:run(188)) - Starting JVM pause monitor
2019-07-13 20:26:50,826 WARN  server.ServerUtils (ServerUtils.java:getDBPath(222)) - ozone.om.db.dirs is not configured. We recommend adding this setting. Falling back to ozone.metadata.dirs instead.
2019-07-13 20:26:51,108 WARN  server.ServerUtils (ServerUtils.java:getDBPath(222)) - ozone.om.db.dirs is not configured. We recommend adding this setting. Falling back to ozone.metadata.dirs instead.
2019-07-13 20:26:51,110 INFO  om.OzoneManager (OzoneManager.java:setOMNodeDetails(630)) - OM Service ID is not set. Setting it to the default ID: omServiceIdDefault
2019-07-13 20:26:51,110 INFO  om.OzoneManager (OzoneManager.java:setOMNodeDetails(636)) - OM Node ID is not set. Setting it to the OmStorage's OmID: 0c49c73c-b465-4a95-92b7-c584a0a5adaa
2019-07-13 20:26:51,111 INFO  om.OzoneManager (OzoneManager.java:loadOMHAConfigs(587)) - Found matching OM address with OMServiceId: null, OMNodeId: null, RPC Address: localhost:0 and Ratis port: 9872
2019-07-13 20:26:51,381 WARN  server.ServerUtils (ServerUtils.java:getDBPath(222)) - ozone.om.db.dirs is not configured. We recommend adding this setting. Falling back to ozone.metadata.dirs instead.
2019-07-13 20:26:51,392 INFO  db.DBStoreBuilder (DBStoreBuilder.java:addTable(110)) - using custom profile for table: userTable
2019-07-13 20:26:51,392 INFO  db.DBStoreBuilder (DBStoreBuilder.java:processTables(161)) - Using default column profile:DBProfile.DISK for Table:userTable
2019-07-13 20:26:51,393 INFO  db.DBStoreBuilder (DBStoreBuilder.java:addTable(110)) - using custom profile for table: volumeTable
2019-07-13 20:26:51,393 INFO  db.DBStoreBuilder (DBStoreBuilder.java:processTables(161)) - Using default column profile:DBProfile.DISK for Table:volumeTable
2019-07-13 20:26:51,394 INFO  db.DBStoreBuilder (DBStoreBuilder.java:addTable(110)) - using custom profile for table: bucketTable
2019-07-13 20:26:51,394 INFO  db.DBStoreBuilder (DBStoreBuilder.java:processTables(161)) - Using default column profile:DBProfile.DISK for Table:bucketTable
2019-07-13 20:26:51,395 INFO  db.DBStoreBuilder (DBStoreBuilder.java:addTable(110)) - using custom profile for table: keyTable
2019-07-13 20:26:51,395 INFO  db.DBStoreBuilder (DBStoreBuilder.java:processTables(161)) - Using default column profile:DBProfile.DISK for Table:keyTable
2019-07-13 20:26:51,396 INFO  db.DBStoreBuilder (DBStoreBuilder.java:addTable(110)) - using custom profile for table: deletedTable
2019-07-13 20:26:51,396 INFO  db.DBStoreBuilder (DBStoreBuilder.java:processTables(161)) - Using default column profile:DBProfile.DISK for Table:deletedTable
2019-07-13 20:26:51,397 INFO  db.DBStoreBuilder (DBStoreBuilder.java:addTable(110)) - using custom profile for table: openKeyTable
2019-07-13 20:26:51,397 INFO  db.DBStoreBuilder (DBStoreBuilder.java:processTables(161)) - Using default column profile:DBProfile.DISK for Table:openKeyTable
2019-07-13 20:26:51,397 INFO  db.DBStoreBuilder (DBStoreBuilder.java:addTable(110)) - using custom profile for table: s3Table
2019-07-13 20:26:51,398 INFO  db.DBStoreBuilder (DBStoreBuilder.java:processTables(161)) - Using default column profile:DBProfile.DISK for Table:s3Table
2019-07-13 20:26:51,398 INFO  db.DBStoreBuilder (DBStoreBuilder.java:addTable(110)) - using custom profile for table: multipartInfoTable
2019-07-13 20:26:51,398 INFO  db.DBStoreBuilder (DBStoreBuilder.java:processTables(161)) - Using default column profile:DBProfile.DISK for Table:multipartInfoTable
2019-07-13 20:26:51,399 INFO  db.DBStoreBuilder (DBStoreBuilder.java:addTable(110)) - using custom profile for table: dTokenTable
2019-07-13 20:26:51,399 INFO  db.DBStoreBuilder (DBStoreBuilder.java:processTables(161)) - Using default column profile:DBProfile.DISK for Table:dTokenTable
2019-07-13 20:26:51,400 INFO  db.DBStoreBuilder (DBStoreBuilder.java:addTable(110)) - using custom profile for table: s3SecretTable
2019-07-13 20:26:51,400 INFO  db.DBStoreBuilder (DBStoreBuilder.java:processTables(161)) - Using default column profile:DBProfile.DISK for Table:s3SecretTable
2019-07-13 20:26:51,400 INFO  db.DBStoreBuilder (DBStoreBuilder.java:addTable(110)) - using custom profile for table: prefixTable
2019-07-13 20:26:51,401 INFO  db.DBStoreBuilder (DBStoreBuilder.java:processTables(161)) - Using default column profile:DBProfile.DISK for Table:prefixTable
2019-07-13 20:26:51,401 INFO  db.DBStoreBuilder (DBStoreBuilder.java:addTable(110)) - using custom profile for table: default
2019-07-13 20:26:51,402 INFO  db.DBStoreBuilder (DBStoreBuilder.java:processTables(167)) - Using default column profile:DBProfile.DISK for Table:default
2019-07-13 20:26:51,402 INFO  db.DBStoreBuilder (DBStoreBuilder.java:getDbProfile(198)) - Using default options. DBProfile.DISK
2019-07-13 20:26:52,081 INFO  ipc.CallQueueManager (CallQueueManager.java:<init>(84)) - Using callQueue: class java.util.concurrent.LinkedBlockingQueue, queueCapacity: 2000, scheduler: class org.apache.hadoop.ipc.DefaultRpcScheduler, ipcBackoff: false.
2019-07-13 20:26:52,083 INFO  ipc.Server (Server.java:run(1074)) - Starting Socket Reader #1 for port 40475
2019-07-13 20:26:52,111 WARN  server.ServerUtils (ServerUtils.java:getDBPath(222)) - ozone.om.db.dirs is not configured. We recommend adding this setting. Falling back to ozone.metadata.dirs instead.
2019-07-13 20:26:52,111 INFO  om.OzoneManager (OzoneManager.java:start(1228)) - OzoneManager RPC server is listening at localhost/127.0.0.1:40475
2019-07-13 20:26:52,111 INFO  impl.MetricsSystemImpl (MetricsSystemImpl.java:init(158)) - OzoneManager metrics system started (again)
2019-07-13 20:26:52,113 INFO  ipc.Server (Server.java:run(1314)) - IPC Server Responder: starting
2019-07-13 20:26:52,114 INFO  ipc.Server (Server.java:run(1153)) - IPC Server listener on 40475: starting
2019-07-13 20:26:52,127 INFO  hdfs.DFSUtil (DFSUtil.java:httpServerTemplateForNNAndJN(1641)) - Starting Web-server for ozoneManager at: http://0.0.0.0:0
2019-07-13 20:26:52,129 INFO  server.AuthenticationFilter (AuthenticationFilter.java:constructSecretProvider(240)) - Unable to initialize FileSignerSecretProvider, falling back to use random secrets.
2019-07-13 20:26:52,130 WARN  http.HttpRequestLog (HttpRequestLog.java:getRequestLog(97)) - Jetty request log can only be enabled using Log4j
2019-07-13 20:26:52,133 INFO  http.HttpServer2 (HttpServer2.java:addGlobalFilter(975)) - Added global filter 'safety' (class=org.apache.hadoop.http.HttpServer2$QuotingInputFilter)
2019-07-13 20:26:52,135 INFO  http.HttpServer2 (HttpServer2.java:addFilter(948)) - Added filter static_user_filter (class=org.apache.hadoop.http.lib.StaticUserWebFilter$StaticUserFilter) to context ozoneManager
2019-07-13 20:26:52,135 INFO  http.HttpServer2 (HttpServer2.java:addFilter(958)) - Added filter static_user_filter (class=org.apache.hadoop.http.lib.StaticUserWebFilter$StaticUserFilter) to context static
2019-07-13 20:26:52,135 INFO  http.HttpServer2 (HttpServer2.java:addFilter(958)) - Added filter static_user_filter (class=org.apache.hadoop.http.lib.StaticUserWebFilter$StaticUserFilter) to context logs
2019-07-13 20:26:52,138 INFO  http.HttpServer2 (HttpServer2.java:bindListener(1191)) - Jetty bound to port 36629
2019-07-13 20:26:52,138 INFO  server.Server (Server.java:doStart(351)) - jetty-9.3.24.v20180605, build timestamp: 2018-06-05T17:11:56Z, git hash: 84205aa28f11a4f31f2a3b86d1bba2cc8ab69827
2019-07-13 20:26:52,140 INFO  handler.ContextHandler (ContextHandler.java:doStart(781)) - Started o.e.j.s.ServletContextHandler@6ac97b84{/logs,file:///tmp/workdir/hadoop-ozone/integration-test/target/log,AVAILABLE}
2019-07-13 20:26:52,141 INFO  handler.ContextHandler (ContextHandler.java:doStart(781)) - Started o.e.j.s.ServletContextHandler@35c09b94{/static,file:///tmp/workdir/hadoop-ozone/integration-test/target/test-classes/webapps/static,AVAILABLE}
2019-07-13 20:26:52,146 INFO  handler.ContextHandler (ContextHandler.java:doStart(781)) - Started o.e.j.w.WebAppContext@1b9c1b51{/,file:///tmp/workdir/hadoop-ozone/integration-test/target/test-classes/webapps/ozoneManager/,AVAILABLE}{/ozoneManager}
2019-07-13 20:26:52,147 INFO  server.AbstractConnector (AbstractConnector.java:doStart(278)) - Started ServerConnector@2e52fb3e{HTTP/1.1,[http/1.1]}{0.0.0.0:36629}
2019-07-13 20:26:52,147 INFO  server.Server (Server.java:doStart(419)) - Started @3911ms
2019-07-13 20:26:52,148 INFO  server.BaseHttpServer (BaseHttpServer.java:updateConnectorAddress(207)) - HTTP server of OZONEMANAGER is listening at http://0.0.0.0:36629
2019-07-13 20:26:52,470 INFO  impl.MetricsSystemImpl (MetricsSystemImpl.java:init(158)) - HddsDatanode metrics system started (again)
2019-07-13 20:26:52,588 INFO  ozone.HddsDatanodeService (HddsDatanodeService.java:start(185)) - HddsDatanodeService host:trunk-nightly-6qp7m-2461138711 ip:192.168.5.168
2019-07-13 20:26:52,623 INFO  volume.HddsVolume (HddsVolume.java:<init>(176)) - Creating Volume: /tmp/workdir/hadoop-ozone/integration-test/target/test-dir/MiniOzoneClusterImpl-872b95be-ab77-4531-967a-8b14dc65ac0a/datanode-0/data/containers/hdds of  storage type : DISK and capacity : 52710309888
2019-07-13 20:26:52,625 INFO  volume.VolumeSet (VolumeSet.java:initializeVolumeSet(170)) - Added Volume : /tmp/workdir/hadoop-ozone/integration-test/target/test-dir/MiniOzoneClusterImpl-872b95be-ab77-4531-967a-8b14dc65ac0a/datanode-0/data/containers/hdds to VolumeSet
2019-07-13 20:26:52,628 INFO  volume.ThrottledAsyncChecker (ThrottledAsyncChecker.java:schedule(140)) - Scheduling a check for org.apache.hadoop.ozone.container.common.volume.HddsVolume@6fc3e1a4
2019-07-13 20:26:52,647 INFO  volume.HddsVolumeChecker (HddsVolumeChecker.java:checkAllVolumes(203)) - Scheduled health check for volume org.apache.hadoop.ozone.container.common.volume.HddsVolume@6fc3e1a4
2019-07-13 20:26:52,762 INFO  impl.RaftServerProxy (ConfUtils.java:logGet(43)) - raft.rpc.type = GRPC (default)
2019-07-13 20:26:52,830 INFO  grpc.GrpcFactory (GrpcFactory.java:checkPooledByteBufAllocatorUseCacheForAllThreads(45)) - PERFORMANCE WARNING: useCacheForAllThreads is true that may cause Netty to create a lot garbage objects and, as a result, trigger GC.
	It is recommended to disable useCacheForAllThreads by setting -Dorg.apache.ratis.thirdparty.io.netty.allocator.useCacheForAllThreads=false in command line.
2019-07-13 20:26:52,834 INFO  grpc.GrpcConfigKeys$Server (ConfUtils.java:logGet(43)) - raft.grpc.server.port = 0 (default)
2019-07-13 20:26:52,835 INFO  server.GrpcService (ConfUtils.java:logGet(43)) - raft.grpc.message.size.max = 33570816 (custom)
2019-07-13 20:26:52,837 INFO  server.RaftServerConfigKeys (ConfUtils.java:logGet(43)) - raft.server.log.appender.buffer.byte-limit = 33554432 (custom)
2019-07-13 20:26:52,837 INFO  server.GrpcService (ConfUtils.java:logGet(43)) - raft.grpc.flow.control.window = 1MB (=1048576) (default)
2019-07-13 20:26:52,838 INFO  server.RaftServerConfigKeys (ConfUtils.java:logGet(43)) - raft.server.rpc.request.timeout = 3000ms (default)
2019-07-13 20:26:52,995 INFO  server.RaftServerConfigKeys (ConfUtils.java:logGet(43)) - raft.server.storage.dir = [/tmp/workdir/hadoop-ozone/integration-test/target/test-dir/MiniOzoneClusterImpl-872b95be-ab77-4531-967a-8b14dc65ac0a/datanode-0/data/ratis] (custom)
2019-07-13 20:26:53,031 INFO  replication.SimpleContainerDownloader (SimpleContainerDownloader.java:<init>(72)) - Starting container downloader service to copy containers to replicate.
2019-07-13 20:26:53,044 INFO  hdfs.DFSUtil (DFSUtil.java:httpServerTemplateForNNAndJN(1641)) - Starting Web-server for hddsDatanode at: http://0.0.0.0:0
2019-07-13 20:26:53,047 INFO  server.AuthenticationFilter (AuthenticationFilter.java:constructSecretProvider(240)) - Unable to initialize FileSignerSecretProvider, falling back to use random secrets.
2019-07-13 20:26:53,048 WARN  http.HttpRequestLog (HttpRequestLog.java:getRequestLog(97)) - Jetty request log can only be enabled using Log4j
2019-07-13 20:26:53,053 INFO  http.HttpServer2 (HttpServer2.java:addGlobalFilter(975)) - Added global filter 'safety' (class=org.apache.hadoop.http.HttpServer2$QuotingInputFilter)
2019-07-13 20:26:53,054 INFO  http.HttpServer2 (HttpServer2.java:addFilter(948)) - Added filter static_user_filter (class=org.apache.hadoop.http.lib.StaticUserWebFilter$StaticUserFilter) to context hddsDatanode
2019-07-13 20:26:53,055 INFO  http.HttpServer2 (HttpServer2.java:addFilter(958)) - Added filter static_user_filter (class=org.apache.hadoop.http.lib.StaticUserWebFilter$StaticUserFilter) to context logs
2019-07-13 20:26:53,055 INFO  http.HttpServer2 (HttpServer2.java:addFilter(958)) - Added filter static_user_filter (class=org.apache.hadoop.http.lib.StaticUserWebFilter$StaticUserFilter) to context static
2019-07-13 20:26:53,057 INFO  http.HttpServer2 (HttpServer2.java:bindListener(1191)) - Jetty bound to port 38385
2019-07-13 20:26:53,057 INFO  server.Server (Server.java:doStart(351)) - jetty-9.3.24.v20180605, build timestamp: 2018-06-05T17:11:56Z, git hash: 84205aa28f11a4f31f2a3b86d1bba2cc8ab69827
2019-07-13 20:26:53,061 INFO  handler.ContextHandler (ContextHandler.java:doStart(781)) - Started o.e.j.s.ServletContextHandler@304d0259{/logs,file:///tmp/workdir/hadoop-ozone/integration-test/target/log,AVAILABLE}
2019-07-13 20:26:53,061 INFO  handler.ContextHandler (ContextHandler.java:doStart(781)) - Started o.e.j.s.ServletContextHandler@2133661d{/static,jar:file:/home/user/.m2/repository/org/apache/hadoop/hadoop-hdds-container-service/0.5.0-SNAPSHOT/hadoop-hdds-container-service-0.5.0-SNAPSHOT.jar!/webapps/static,AVAILABLE}
2019-07-13 20:26:53,131 INFO  handler.ContextHandler (ContextHandler.java:doStart(781)) - Started o.e.j.w.WebAppContext@24e83d19{/,file:///tmp/jetty-0.0.0.0-38385-hddsDatanode-_-any-3814578309084199380.dir/webapp/,AVAILABLE}{/hddsDatanode}
2019-07-13 20:26:53,138 INFO  server.AbstractConnector (AbstractConnector.java:doStart(278)) - Started ServerConnector@5c080ef3{HTTP/1.1,[http/1.1]}{0.0.0.0:38385}
2019-07-13 20:26:53,139 INFO  server.Server (Server.java:doStart(419)) - Started @4903ms
2019-07-13 20:26:53,141 INFO  server.BaseHttpServer (BaseHttpServer.java:updateConnectorAddress(207)) - HTTP server of HDDSDATANODE is listening at http://0.0.0.0:38385
2019-07-13 20:26:54,295 INFO  ozone.HddsDatanodeService (HddsDatanodeService.java:startPlugins(396)) - Started plug-in org.apache.hadoop.ozone.web.OzoneHddsDatanodeService@b4732dc
2019-07-13 20:26:54,299 INFO  impl.MetricsSystemImpl (MetricsSystemImpl.java:init(158)) - HddsDatanode metrics system started (again)
2019-07-13 20:26:54,300 INFO  ozone.HddsDatanodeService (HddsDatanodeService.java:start(185)) - HddsDatanodeService host:trunk-nightly-6qp7m-2461138711 ip:192.168.5.168
2019-07-13 20:26:54,307 INFO  util.JvmPauseMonitor (JvmPauseMonitor.java:run(188)) - Starting JVM pause monitor
2019-07-13 20:26:54,312 INFO  volume.HddsVolume (HddsVolume.java:<init>(176)) - Creating Volume: /tmp/workdir/hadoop-ozone/integration-test/target/test-dir/MiniOzoneClusterImpl-872b95be-ab77-4531-967a-8b14dc65ac0a/datanode-1/data/containers/hdds of  storage type : DISK and capacity : 52710309888
2019-07-13 20:26:54,313 INFO  volume.VolumeSet (VolumeSet.java:initializeVolumeSet(170)) - Added Volume : /tmp/workdir/hadoop-ozone/integration-test/target/test-dir/MiniOzoneClusterImpl-872b95be-ab77-4531-967a-8b14dc65ac0a/datanode-1/data/containers/hdds to VolumeSet
2019-07-13 20:26:54,313 INFO  volume.ThrottledAsyncChecker (ThrottledAsyncChecker.java:schedule(140)) - Scheduling a check for org.apache.hadoop.ozone.container.common.volume.HddsVolume@778a1250
2019-07-13 20:26:54,315 INFO  volume.HddsVolumeChecker (HddsVolumeChecker.java:checkAllVolumes(203)) - Scheduled health check for volume org.apache.hadoop.ozone.container.common.volume.HddsVolume@778a1250
2019-07-13 20:26:54,342 INFO  impl.RaftServerProxy (ConfUtils.java:logGet(43)) - raft.rpc.type = GRPC (default)
2019-07-13 20:26:54,342 INFO  grpc.GrpcFactory (GrpcFactory.java:checkPooledByteBufAllocatorUseCacheForAllThreads(45)) - PERFORMANCE WARNING: useCacheForAllThreads is true that may cause Netty to create a lot garbage objects and, as a result, trigger GC.
	It is recommended to disable useCacheForAllThreads by setting -Dorg.apache.ratis.thirdparty.io.netty.allocator.useCacheForAllThreads=false in command line.
2019-07-13 20:26:54,343 INFO  grpc.GrpcConfigKeys$Server (ConfUtils.java:logGet(43)) - raft.grpc.server.port = 0 (default)
2019-07-13 20:26:54,343 INFO  server.GrpcService (ConfUtils.java:logGet(43)) - raft.grpc.message.size.max = 33570816 (custom)
2019-07-13 20:26:54,343 INFO  server.RaftServerConfigKeys (ConfUtils.java:logGet(43)) - raft.server.log.appender.buffer.byte-limit = 33554432 (custom)
2019-07-13 20:26:54,344 INFO  server.GrpcService (ConfUtils.java:logGet(43)) - raft.grpc.flow.control.window = 1MB (=1048576) (default)
2019-07-13 20:26:54,344 INFO  server.RaftServerConfigKeys (ConfUtils.java:logGet(43)) - raft.server.rpc.request.timeout = 3000ms (default)
2019-07-13 20:26:54,346 INFO  server.RaftServerConfigKeys (ConfUtils.java:logGet(43)) - raft.server.storage.dir = [/tmp/workdir/hadoop-ozone/integration-test/target/test-dir/MiniOzoneClusterImpl-872b95be-ab77-4531-967a-8b14dc65ac0a/datanode-1/data/ratis] (custom)
2019-07-13 20:26:54,347 INFO  replication.SimpleContainerDownloader (SimpleContainerDownloader.java:<init>(72)) - Starting container downloader service to copy containers to replicate.
2019-07-13 20:26:54,349 INFO  hdfs.DFSUtil (DFSUtil.java:httpServerTemplateForNNAndJN(1641)) - Starting Web-server for hddsDatanode at: http://0.0.0.0:0
2019-07-13 20:26:54,351 INFO  server.AuthenticationFilter (AuthenticationFilter.java:constructSecretProvider(240)) - Unable to initialize FileSignerSecretProvider, falling back to use random secrets.
2019-07-13 20:26:54,353 WARN  http.HttpRequestLog (HttpRequestLog.java:getRequestLog(97)) - Jetty request log can only be enabled using Log4j
2019-07-13 20:26:54,355 INFO  http.HttpServer2 (HttpServer2.java:addGlobalFilter(975)) - Added global filter 'safety' (class=org.apache.hadoop.http.HttpServer2$QuotingInputFilter)
2019-07-13 20:26:54,356 INFO  http.HttpServer2 (HttpServer2.java:addFilter(948)) - Added filter static_user_filter (class=org.apache.hadoop.http.lib.StaticUserWebFilter$StaticUserFilter) to context hddsDatanode
2019-07-13 20:26:54,356 INFO  http.HttpServer2 (HttpServer2.java:addFilter(958)) - Added filter static_user_filter (class=org.apache.hadoop.http.lib.StaticUserWebFilter$StaticUserFilter) to context static
2019-07-13 20:26:54,356 INFO  http.HttpServer2 (HttpServer2.java:addFilter(958)) - Added filter static_user_filter (class=org.apache.hadoop.http.lib.StaticUserWebFilter$StaticUserFilter) to context logs
2019-07-13 20:26:54,358 INFO  http.HttpServer2 (HttpServer2.java:bindListener(1191)) - Jetty bound to port 42790
2019-07-13 20:26:54,358 INFO  server.Server (Server.java:doStart(351)) - jetty-9.3.24.v20180605, build timestamp: 2018-06-05T17:11:56Z, git hash: 84205aa28f11a4f31f2a3b86d1bba2cc8ab69827
2019-07-13 20:26:54,361 INFO  handler.ContextHandler (ContextHandler.java:doStart(781)) - Started o.e.j.s.ServletContextHandler@359066bc{/logs,file:///tmp/workdir/hadoop-ozone/integration-test/target/log,AVAILABLE}
2019-07-13 20:26:54,362 INFO  handler.ContextHandler (ContextHandler.java:doStart(781)) - Started o.e.j.s.ServletContextHandler@364fd4ae{/static,jar:file:/home/user/.m2/repository/org/apache/hadoop/hadoop-hdds-container-service/0.5.0-SNAPSHOT/hadoop-hdds-container-service-0.5.0-SNAPSHOT.jar!/webapps/static,AVAILABLE}
2019-07-13 20:26:54,406 INFO  handler.ContextHandler (ContextHandler.java:doStart(781)) - Started o.e.j.w.WebAppContext@2e1eb85f{/,file:///tmp/jetty-0.0.0.0-42790-hddsDatanode-_-any-3427350735630371185.dir/webapp/,AVAILABLE}{/hddsDatanode}
2019-07-13 20:26:54,408 INFO  server.AbstractConnector (AbstractConnector.java:doStart(278)) - Started ServerConnector@ea7a4c3{HTTP/1.1,[http/1.1]}{0.0.0.0:42790}
2019-07-13 20:26:54,410 INFO  server.Server (Server.java:doStart(419)) - Started @6174ms
2019-07-13 20:26:54,411 INFO  server.BaseHttpServer (BaseHttpServer.java:updateConnectorAddress(207)) - HTTP server of HDDSDATANODE is listening at http://0.0.0.0:42790
2019-07-13 20:26:54,446 INFO  datanode.InitDatanodeState (InitDatanodeState.java:persistContainerDatanodeDetails(140)) - DatanodeDetails is persisted to /tmp/workdir/hadoop-ozone/integration-test/target/test-dir/MiniOzoneClusterImpl-872b95be-ab77-4531-967a-8b14dc65ac0a/datanode-0/meta/datanode.id
2019-07-13 20:26:54,584 INFO  ozone.HddsDatanodeService (HddsDatanodeService.java:startPlugins(396)) - Started plug-in org.apache.hadoop.ozone.web.OzoneHddsDatanodeService@5729b410
2019-07-13 20:26:54,585 INFO  impl.MetricsSystemImpl (MetricsSystemImpl.java:init(158)) - HddsDatanode metrics system started (again)
2019-07-13 20:26:54,586 INFO  ozone.HddsDatanodeService (HddsDatanodeService.java:start(185)) - HddsDatanodeService host:trunk-nightly-6qp7m-2461138711 ip:192.168.5.168
2019-07-13 20:26:54,587 INFO  util.JvmPauseMonitor (JvmPauseMonitor.java:run(188)) - Starting JVM pause monitor
2019-07-13 20:26:54,597 INFO  volume.HddsVolume (HddsVolume.java:<init>(176)) - Creating Volume: /tmp/workdir/hadoop-ozone/integration-test/target/test-dir/MiniOzoneClusterImpl-872b95be-ab77-4531-967a-8b14dc65ac0a/datanode-2/data/containers/hdds of  storage type : DISK and capacity : 52710309888
2019-07-13 20:26:54,597 INFO  volume.VolumeSet (VolumeSet.java:initializeVolumeSet(170)) - Added Volume : /tmp/workdir/hadoop-ozone/integration-test/target/test-dir/MiniOzoneClusterImpl-872b95be-ab77-4531-967a-8b14dc65ac0a/datanode-2/data/containers/hdds to VolumeSet
2019-07-13 20:26:54,597 INFO  volume.ThrottledAsyncChecker (ThrottledAsyncChecker.java:schedule(140)) - Scheduling a check for org.apache.hadoop.ozone.container.common.volume.HddsVolume@52b959df
2019-07-13 20:26:54,598 INFO  volume.HddsVolumeChecker (HddsVolumeChecker.java:checkAllVolumes(203)) - Scheduled health check for volume org.apache.hadoop.ozone.container.common.volume.HddsVolume@52b959df
2019-07-13 20:26:54,599 INFO  datanode.InitDatanodeState (InitDatanodeState.java:persistContainerDatanodeDetails(140)) - DatanodeDetails is persisted to /tmp/workdir/hadoop-ozone/integration-test/target/test-dir/MiniOzoneClusterImpl-872b95be-ab77-4531-967a-8b14dc65ac0a/datanode-1/meta/datanode.id
2019-07-13 20:26:54,613 INFO  impl.RaftServerProxy (ConfUtils.java:logGet(43)) - raft.rpc.type = GRPC (default)
2019-07-13 20:26:54,613 INFO  grpc.GrpcFactory (GrpcFactory.java:checkPooledByteBufAllocatorUseCacheForAllThreads(45)) - PERFORMANCE WARNING: useCacheForAllThreads is true that may cause Netty to create a lot garbage objects and, as a result, trigger GC.
	It is recommended to disable useCacheForAllThreads by setting -Dorg.apache.ratis.thirdparty.io.netty.allocator.useCacheForAllThreads=false in command line.
2019-07-13 20:26:54,613 INFO  grpc.GrpcConfigKeys$Server (ConfUtils.java:logGet(43)) - raft.grpc.server.port = 0 (default)
2019-07-13 20:26:54,613 INFO  server.GrpcService (ConfUtils.java:logGet(43)) - raft.grpc.message.size.max = 33570816 (custom)
2019-07-13 20:26:54,614 INFO  server.RaftServerConfigKeys (ConfUtils.java:logGet(43)) - raft.server.log.appender.buffer.byte-limit = 33554432 (custom)
2019-07-13 20:26:54,614 INFO  server.GrpcService (ConfUtils.java:logGet(43)) - raft.grpc.flow.control.window = 1MB (=1048576) (default)
2019-07-13 20:26:54,614 INFO  server.RaftServerConfigKeys (ConfUtils.java:logGet(43)) - raft.server.rpc.request.timeout = 3000ms (default)
2019-07-13 20:26:54,615 INFO  server.RaftServerConfigKeys (ConfUtils.java:logGet(43)) - raft.server.storage.dir = [/tmp/workdir/hadoop-ozone/integration-test/target/test-dir/MiniOzoneClusterImpl-872b95be-ab77-4531-967a-8b14dc65ac0a/datanode-2/data/ratis] (custom)
2019-07-13 20:26:54,616 INFO  replication.SimpleContainerDownloader (SimpleContainerDownloader.java:<init>(72)) - Starting container downloader service to copy containers to replicate.
2019-07-13 20:26:54,617 INFO  hdfs.DFSUtil (DFSUtil.java:httpServerTemplateForNNAndJN(1641)) - Starting Web-server for hddsDatanode at: http://0.0.0.0:0
2019-07-13 20:26:54,619 INFO  server.AuthenticationFilter (AuthenticationFilter.java:constructSecretProvider(240)) - Unable to initialize FileSignerSecretProvider, falling back to use random secrets.
2019-07-13 20:26:54,620 WARN  http.HttpRequestLog (HttpRequestLog.java:getRequestLog(97)) - Jetty request log can only be enabled using Log4j
2019-07-13 20:26:54,622 INFO  http.HttpServer2 (HttpServer2.java:addGlobalFilter(975)) - Added global filter 'safety' (class=org.apache.hadoop.http.HttpServer2$QuotingInputFilter)
2019-07-13 20:26:54,623 INFO  http.HttpServer2 (HttpServer2.java:addFilter(948)) - Added filter static_user_filter (class=org.apache.hadoop.http.lib.StaticUserWebFilter$StaticUserFilter) to context hddsDatanode
2019-07-13 20:26:54,624 INFO  http.HttpServer2 (HttpServer2.java:addFilter(958)) - Added filter static_user_filter (class=org.apache.hadoop.http.lib.StaticUserWebFilter$StaticUserFilter) to context static
2019-07-13 20:26:54,624 INFO  http.HttpServer2 (HttpServer2.java:addFilter(958)) - Added filter static_user_filter (class=org.apache.hadoop.http.lib.StaticUserWebFilter$StaticUserFilter) to context logs
2019-07-13 20:26:54,625 INFO  http.HttpServer2 (HttpServer2.java:bindListener(1191)) - Jetty bound to port 42525
2019-07-13 20:26:54,626 INFO  server.Server (Server.java:doStart(351)) - jetty-9.3.24.v20180605, build timestamp: 2018-06-05T17:11:56Z, git hash: 84205aa28f11a4f31f2a3b86d1bba2cc8ab69827
2019-07-13 20:26:54,630 INFO  handler.ContextHandler (ContextHandler.java:doStart(781)) - Started o.e.j.s.ServletContextHandler@631c6d11{/logs,file:///tmp/workdir/hadoop-ozone/integration-test/target/log,AVAILABLE}
2019-07-13 20:26:54,631 INFO  handler.ContextHandler (ContextHandler.java:doStart(781)) - Started o.e.j.s.ServletContextHandler@62ade015{/static,jar:file:/home/user/.m2/repository/org/apache/hadoop/hadoop-hdds-container-service/0.5.0-SNAPSHOT/hadoop-hdds-container-service-0.5.0-SNAPSHOT.jar!/webapps/static,AVAILABLE}
2019-07-13 20:26:54,675 INFO  handler.ContextHandler (ContextHandler.java:doStart(781)) - Started o.e.j.w.WebAppContext@7197b07f{/,file:///tmp/jetty-0.0.0.0-42525-hddsDatanode-_-any-6365484312767017747.dir/webapp/,AVAILABLE}{/hddsDatanode}
2019-07-13 20:26:54,676 INFO  server.AbstractConnector (AbstractConnector.java:doStart(278)) - Started ServerConnector@1f10fec6{HTTP/1.1,[http/1.1]}{0.0.0.0:42525}
2019-07-13 20:26:54,678 INFO  server.Server (Server.java:doStart(419)) - Started @6442ms
2019-07-13 20:26:54,679 INFO  server.BaseHttpServer (BaseHttpServer.java:updateConnectorAddress(207)) - HTTP server of HDDSDATANODE is listening at http://0.0.0.0:42525
2019-07-13 20:26:54,862 INFO  ozone.HddsDatanodeService (HddsDatanodeService.java:startPlugins(396)) - Started plug-in org.apache.hadoop.ozone.web.OzoneHddsDatanodeService@7436364d
2019-07-13 20:26:54,862 INFO  impl.MetricsSystemImpl (MetricsSystemImpl.java:init(158)) - HddsDatanode metrics system started (again)
2019-07-13 20:26:54,864 INFO  ozone.HddsDatanodeService (HddsDatanodeService.java:start(185)) - HddsDatanodeService host:trunk-nightly-6qp7m-2461138711 ip:192.168.5.168
2019-07-13 20:26:54,866 INFO  util.JvmPauseMonitor (JvmPauseMonitor.java:run(188)) - Starting JVM pause monitor
2019-07-13 20:26:54,869 INFO  datanode.InitDatanodeState (InitDatanodeState.java:persistContainerDatanodeDetails(140)) - DatanodeDetails is persisted to /tmp/workdir/hadoop-ozone/integration-test/target/test-dir/MiniOzoneClusterImpl-872b95be-ab77-4531-967a-8b14dc65ac0a/datanode-2/meta/datanode.id
2019-07-13 20:26:54,873 INFO  volume.HddsVolume (HddsVolume.java:<init>(176)) - Creating Volume: /tmp/workdir/hadoop-ozone/integration-test/target/test-dir/MiniOzoneClusterImpl-872b95be-ab77-4531-967a-8b14dc65ac0a/datanode-3/data/containers/hdds of  storage type : DISK and capacity : 52710309888
2019-07-13 20:26:54,875 INFO  volume.VolumeSet (VolumeSet.java:initializeVolumeSet(170)) - Added Volume : /tmp/workdir/hadoop-ozone/integration-test/target/test-dir/MiniOzoneClusterImpl-872b95be-ab77-4531-967a-8b14dc65ac0a/datanode-3/data/containers/hdds to VolumeSet
2019-07-13 20:26:54,876 INFO  volume.ThrottledAsyncChecker (ThrottledAsyncChecker.java:schedule(140)) - Scheduling a check for org.apache.hadoop.ozone.container.common.volume.HddsVolume@517704
2019-07-13 20:26:54,876 INFO  volume.HddsVolumeChecker (HddsVolumeChecker.java:checkAllVolumes(203)) - Scheduled health check for volume org.apache.hadoop.ozone.container.common.volume.HddsVolume@517704
2019-07-13 20:26:54,890 INFO  impl.RaftServerProxy (ConfUtils.java:logGet(43)) - raft.rpc.type = GRPC (default)
2019-07-13 20:26:54,890 INFO  grpc.GrpcFactory (GrpcFactory.java:checkPooledByteBufAllocatorUseCacheForAllThreads(45)) - PERFORMANCE WARNING: useCacheForAllThreads is true that may cause Netty to create a lot garbage objects and, as a result, trigger GC.
	It is recommended to disable useCacheForAllThreads by setting -Dorg.apache.ratis.thirdparty.io.netty.allocator.useCacheForAllThreads=false in command line.
2019-07-13 20:26:54,891 INFO  grpc.GrpcConfigKeys$Server (ConfUtils.java:logGet(43)) - raft.grpc.server.port = 0 (default)
2019-07-13 20:26:54,891 INFO  server.GrpcService (ConfUtils.java:logGet(43)) - raft.grpc.message.size.max = 33570816 (custom)
2019-07-13 20:26:54,891 INFO  server.RaftServerConfigKeys (ConfUtils.java:logGet(43)) - raft.server.log.appender.buffer.byte-limit = 33554432 (custom)
2019-07-13 20:26:54,891 INFO  server.GrpcService (ConfUtils.java:logGet(43)) - raft.grpc.flow.control.window = 1MB (=1048576) (default)
2019-07-13 20:26:54,891 INFO  server.RaftServerConfigKeys (ConfUtils.java:logGet(43)) - raft.server.rpc.request.timeout = 3000ms (default)
2019-07-13 20:26:54,892 INFO  server.RaftServerConfigKeys (ConfUtils.java:logGet(43)) - raft.server.storage.dir = [/tmp/workdir/hadoop-ozone/integration-test/target/test-dir/MiniOzoneClusterImpl-872b95be-ab77-4531-967a-8b14dc65ac0a/datanode-3/data/ratis] (custom)
2019-07-13 20:26:54,893 INFO  replication.SimpleContainerDownloader (SimpleContainerDownloader.java:<init>(72)) - Starting container downloader service to copy containers to replicate.
2019-07-13 20:26:54,894 INFO  hdfs.DFSUtil (DFSUtil.java:httpServerTemplateForNNAndJN(1641)) - Starting Web-server for hddsDatanode at: http://0.0.0.0:0
2019-07-13 20:26:54,896 INFO  server.AuthenticationFilter (AuthenticationFilter.java:constructSecretProvider(240)) - Unable to initialize FileSignerSecretProvider, falling back to use random secrets.
2019-07-13 20:26:54,897 WARN  http.HttpRequestLog (HttpRequestLog.java:getRequestLog(97)) - Jetty request log can only be enabled using Log4j
2019-07-13 20:26:54,899 INFO  http.HttpServer2 (HttpServer2.java:addGlobalFilter(975)) - Added global filter 'safety' (class=org.apache.hadoop.http.HttpServer2$QuotingInputFilter)
2019-07-13 20:26:54,900 INFO  http.HttpServer2 (HttpServer2.java:addFilter(948)) - Added filter static_user_filter (class=org.apache.hadoop.http.lib.StaticUserWebFilter$StaticUserFilter) to context hddsDatanode
2019-07-13 20:26:54,900 INFO  http.HttpServer2 (HttpServer2.java:addFilter(958)) - Added filter static_user_filter (class=org.apache.hadoop.http.lib.StaticUserWebFilter$StaticUserFilter) to context static
2019-07-13 20:26:54,901 INFO  http.HttpServer2 (HttpServer2.java:addFilter(958)) - Added filter static_user_filter (class=org.apache.hadoop.http.lib.StaticUserWebFilter$StaticUserFilter) to context logs
2019-07-13 20:26:54,902 INFO  http.HttpServer2 (HttpServer2.java:bindListener(1191)) - Jetty bound to port 39138
2019-07-13 20:26:54,902 INFO  server.Server (Server.java:doStart(351)) - jetty-9.3.24.v20180605, build timestamp: 2018-06-05T17:11:56Z, git hash: 84205aa28f11a4f31f2a3b86d1bba2cc8ab69827
2019-07-13 20:26:54,905 INFO  handler.ContextHandler (ContextHandler.java:doStart(781)) - Started o.e.j.s.ServletContextHandler@1e30db85{/logs,file:///tmp/workdir/hadoop-ozone/integration-test/target/log,AVAILABLE}
2019-07-13 20:26:54,906 INFO  handler.ContextHandler (ContextHandler.java:doStart(781)) - Started o.e.j.s.ServletContextHandler@cc9ef8d{/static,jar:file:/home/user/.m2/repository/org/apache/hadoop/hadoop-hdds-container-service/0.5.0-SNAPSHOT/hadoop-hdds-container-service-0.5.0-SNAPSHOT.jar!/webapps/static,AVAILABLE}
2019-07-13 20:26:54,950 INFO  handler.ContextHandler (ContextHandler.java:doStart(781)) - Started o.e.j.w.WebAppContext@6a2d867d{/,file:///tmp/jetty-0.0.0.0-39138-hddsDatanode-_-any-300062129557857434.dir/webapp/,AVAILABLE}{/hddsDatanode}
2019-07-13 20:26:54,951 INFO  server.AbstractConnector (AbstractConnector.java:doStart(278)) - Started ServerConnector@73bb1337{HTTP/1.1,[http/1.1]}{0.0.0.0:39138}
2019-07-13 20:26:54,953 INFO  server.Server (Server.java:doStart(419)) - Started @6717ms
2019-07-13 20:26:54,954 INFO  server.BaseHttpServer (BaseHttpServer.java:updateConnectorAddress(207)) - HTTP server of HDDSDATANODE is listening at http://0.0.0.0:39138
2019-07-13 20:26:55,113 INFO  ozone.HddsDatanodeService (HddsDatanodeService.java:startPlugins(396)) - Started plug-in org.apache.hadoop.ozone.web.OzoneHddsDatanodeService@65da01f4
2019-07-13 20:26:55,114 INFO  impl.MetricsSystemImpl (MetricsSystemImpl.java:init(158)) - HddsDatanode metrics system started (again)
2019-07-13 20:26:55,115 INFO  ozone.HddsDatanodeService (HddsDatanodeService.java:start(185)) - HddsDatanodeService host:trunk-nightly-6qp7m-2461138711 ip:192.168.5.168
2019-07-13 20:26:55,117 INFO  util.JvmPauseMonitor (JvmPauseMonitor.java:run(188)) - Starting JVM pause monitor
2019-07-13 20:26:55,121 INFO  datanode.InitDatanodeState (InitDatanodeState.java:persistContainerDatanodeDetails(140)) - DatanodeDetails is persisted to /tmp/workdir/hadoop-ozone/integration-test/target/test-dir/MiniOzoneClusterImpl-872b95be-ab77-4531-967a-8b14dc65ac0a/datanode-3/meta/datanode.id
2019-07-13 20:26:55,125 INFO  volume.HddsVolume (HddsVolume.java:<init>(176)) - Creating Volume: /tmp/workdir/hadoop-ozone/integration-test/target/test-dir/MiniOzoneClusterImpl-872b95be-ab77-4531-967a-8b14dc65ac0a/datanode-4/data/containers/hdds of  storage type : DISK and capacity : 52710309888
2019-07-13 20:26:55,125 INFO  volume.VolumeSet (VolumeSet.java:initializeVolumeSet(170)) - Added Volume : /tmp/workdir/hadoop-ozone/integration-test/target/test-dir/MiniOzoneClusterImpl-872b95be-ab77-4531-967a-8b14dc65ac0a/datanode-4/data/containers/hdds to VolumeSet
2019-07-13 20:26:55,125 INFO  volume.ThrottledAsyncChecker (ThrottledAsyncChecker.java:schedule(140)) - Scheduling a check for org.apache.hadoop.ozone.container.common.volume.HddsVolume@6b2fdffc
2019-07-13 20:26:55,126 INFO  volume.HddsVolumeChecker (HddsVolumeChecker.java:checkAllVolumes(203)) - Scheduled health check for volume org.apache.hadoop.ozone.container.common.volume.HddsVolume@6b2fdffc
2019-07-13 20:26:55,139 INFO  impl.RaftServerProxy (ConfUtils.java:logGet(43)) - raft.rpc.type = GRPC (default)
2019-07-13 20:26:55,140 INFO  grpc.GrpcFactory (GrpcFactory.java:checkPooledByteBufAllocatorUseCacheForAllThreads(45)) - PERFORMANCE WARNING: useCacheForAllThreads is true that may cause Netty to create a lot garbage objects and, as a result, trigger GC.
	It is recommended to disable useCacheForAllThreads by setting -Dorg.apache.ratis.thirdparty.io.netty.allocator.useCacheForAllThreads=false in command line.
2019-07-13 20:26:55,140 INFO  grpc.GrpcConfigKeys$Server (ConfUtils.java:logGet(43)) - raft.grpc.server.port = 0 (default)
2019-07-13 20:26:55,140 INFO  server.GrpcService (ConfUtils.java:logGet(43)) - raft.grpc.message.size.max = 33570816 (custom)
2019-07-13 20:26:55,141 INFO  server.RaftServerConfigKeys (ConfUtils.java:logGet(43)) - raft.server.log.appender.buffer.byte-limit = 33554432 (custom)
2019-07-13 20:26:55,141 INFO  server.GrpcService (ConfUtils.java:logGet(43)) - raft.grpc.flow.control.window = 1MB (=1048576) (default)
2019-07-13 20:26:55,141 INFO  server.RaftServerConfigKeys (ConfUtils.java:logGet(43)) - raft.server.rpc.request.timeout = 3000ms (default)
2019-07-13 20:26:55,142 INFO  server.RaftServerConfigKeys (ConfUtils.java:logGet(43)) - raft.server.storage.dir = [/tmp/workdir/hadoop-ozone/integration-test/target/test-dir/MiniOzoneClusterImpl-872b95be-ab77-4531-967a-8b14dc65ac0a/datanode-4/data/ratis] (custom)
2019-07-13 20:26:55,142 INFO  replication.SimpleContainerDownloader (SimpleContainerDownloader.java:<init>(72)) - Starting container downloader service to copy containers to replicate.
2019-07-13 20:26:55,143 INFO  hdfs.DFSUtil (DFSUtil.java:httpServerTemplateForNNAndJN(1641)) - Starting Web-server for hddsDatanode at: http://0.0.0.0:0
2019-07-13 20:26:55,145 INFO  server.AuthenticationFilter (AuthenticationFilter.java:constructSecretProvider(240)) - Unable to initialize FileSignerSecretProvider, falling back to use random secrets.
2019-07-13 20:26:55,145 WARN  http.HttpRequestLog (HttpRequestLog.java:getRequestLog(97)) - Jetty request log can only be enabled using Log4j
2019-07-13 20:26:55,147 INFO  http.HttpServer2 (HttpServer2.java:addGlobalFilter(975)) - Added global filter 'safety' (class=org.apache.hadoop.http.HttpServer2$QuotingInputFilter)
2019-07-13 20:26:55,147 INFO  http.HttpServer2 (HttpServer2.java:addFilter(948)) - Added filter static_user_filter (class=org.apache.hadoop.http.lib.StaticUserWebFilter$StaticUserFilter) to context hddsDatanode
2019-07-13 20:26:55,148 INFO  http.HttpServer2 (HttpServer2.java:addFilter(958)) - Added filter static_user_filter (class=org.apache.hadoop.http.lib.StaticUserWebFilter$StaticUserFilter) to context logs
2019-07-13 20:26:55,148 INFO  http.HttpServer2 (HttpServer2.java:addFilter(958)) - Added filter static_user_filter (class=org.apache.hadoop.http.lib.StaticUserWebFilter$StaticUserFilter) to context static
2019-07-13 20:26:55,148 INFO  http.HttpServer2 (HttpServer2.java:bindListener(1191)) - Jetty bound to port 40070
2019-07-13 20:26:55,149 INFO  server.Server (Server.java:doStart(351)) - jetty-9.3.24.v20180605, build timestamp: 2018-06-05T17:11:56Z, git hash: 84205aa28f11a4f31f2a3b86d1bba2cc8ab69827
2019-07-13 20:26:55,154 INFO  handler.ContextHandler (ContextHandler.java:doStart(781)) - Started o.e.j.s.ServletContextHandler@615db358{/logs,file:///tmp/workdir/hadoop-ozone/integration-test/target/log,AVAILABLE}
2019-07-13 20:26:55,154 INFO  handler.ContextHandler (ContextHandler.java:doStart(781)) - Started o.e.j.s.ServletContextHandler@5fef0c19{/static,jar:file:/home/user/.m2/repository/org/apache/hadoop/hadoop-hdds-container-service/0.5.0-SNAPSHOT/hadoop-hdds-container-service-0.5.0-SNAPSHOT.jar!/webapps/static,AVAILABLE}
2019-07-13 20:26:55,182 INFO  handler.ContextHandler (ContextHandler.java:doStart(781)) - Started o.e.j.w.WebAppContext@367d34c0{/,file:///tmp/jetty-0.0.0.0-40070-hddsDatanode-_-any-6704223036229224799.dir/webapp/,AVAILABLE}{/hddsDatanode}
2019-07-13 20:26:55,182 INFO  server.AbstractConnector (AbstractConnector.java:doStart(278)) - Started ServerConnector@4ce25e47{HTTP/1.1,[http/1.1]}{0.0.0.0:40070}
2019-07-13 20:26:55,183 INFO  server.Server (Server.java:doStart(419)) - Started @6947ms
2019-07-13 20:26:55,184 INFO  server.BaseHttpServer (BaseHttpServer.java:updateConnectorAddress(207)) - HTTP server of HDDSDATANODE is listening at http://0.0.0.0:40070
2019-07-13 20:26:55,307 INFO  ozone.HddsDatanodeService (HddsDatanodeService.java:startPlugins(396)) - Started plug-in org.apache.hadoop.ozone.web.OzoneHddsDatanodeService@15d236fd
2019-07-13 20:26:55,307 INFO  impl.MetricsSystemImpl (MetricsSystemImpl.java:init(158)) - HddsDatanode metrics system started (again)
2019-07-13 20:26:55,309 INFO  ozone.HddsDatanodeService (HddsDatanodeService.java:start(185)) - HddsDatanodeService host:trunk-nightly-6qp7m-2461138711 ip:192.168.5.168
2019-07-13 20:26:55,311 INFO  util.JvmPauseMonitor (JvmPauseMonitor.java:run(188)) - Starting JVM pause monitor
2019-07-13 20:26:55,315 INFO  datanode.InitDatanodeState (InitDatanodeState.java:persistContainerDatanodeDetails(140)) - DatanodeDetails is persisted to /tmp/workdir/hadoop-ozone/integration-test/target/test-dir/MiniOzoneClusterImpl-872b95be-ab77-4531-967a-8b14dc65ac0a/datanode-4/meta/datanode.id
2019-07-13 20:26:55,319 INFO  volume.HddsVolume (HddsVolume.java:<init>(176)) - Creating Volume: /tmp/workdir/hadoop-ozone/integration-test/target/test-dir/MiniOzoneClusterImpl-872b95be-ab77-4531-967a-8b14dc65ac0a/datanode-5/data/containers/hdds of  storage type : DISK and capacity : 52710309888
2019-07-13 20:26:55,319 INFO  volume.VolumeSet (VolumeSet.java:initializeVolumeSet(170)) - Added Volume : /tmp/workdir/hadoop-ozone/integration-test/target/test-dir/MiniOzoneClusterImpl-872b95be-ab77-4531-967a-8b14dc65ac0a/datanode-5/data/containers/hdds to VolumeSet
2019-07-13 20:26:55,319 INFO  volume.ThrottledAsyncChecker (ThrottledAsyncChecker.java:schedule(140)) - Scheduling a check for org.apache.hadoop.ozone.container.common.volume.HddsVolume@33eb0d4
2019-07-13 20:26:55,320 INFO  volume.HddsVolumeChecker (HddsVolumeChecker.java:checkAllVolumes(203)) - Scheduled health check for volume org.apache.hadoop.ozone.container.common.volume.HddsVolume@33eb0d4
2019-07-13 20:26:55,336 INFO  impl.RaftServerProxy (ConfUtils.java:logGet(43)) - raft.rpc.type = GRPC (default)
2019-07-13 20:26:55,336 INFO  grpc.GrpcFactory (GrpcFactory.java:checkPooledByteBufAllocatorUseCacheForAllThreads(45)) - PERFORMANCE WARNING: useCacheForAllThreads is true that may cause Netty to create a lot garbage objects and, as a result, trigger GC.
	It is recommended to disable useCacheForAllThreads by setting -Dorg.apache.ratis.thirdparty.io.netty.allocator.useCacheForAllThreads=false in command line.
2019-07-13 20:26:55,336 INFO  grpc.GrpcConfigKeys$Server (ConfUtils.java:logGet(43)) - raft.grpc.server.port = 0 (default)
2019-07-13 20:26:55,337 INFO  server.GrpcService (ConfUtils.java:logGet(43)) - raft.grpc.message.size.max = 33570816 (custom)
2019-07-13 20:26:55,337 INFO  server.RaftServerConfigKeys (ConfUtils.java:logGet(43)) - raft.server.log.appender.buffer.byte-limit = 33554432 (custom)
2019-07-13 20:26:55,337 INFO  server.GrpcService (ConfUtils.java:logGet(43)) - raft.grpc.flow.control.window = 1MB (=1048576) (default)
2019-07-13 20:26:55,337 INFO  server.RaftServerConfigKeys (ConfUtils.java:logGet(43)) - raft.server.rpc.request.timeout = 3000ms (default)
2019-07-13 20:26:55,338 INFO  server.RaftServerConfigKeys (ConfUtils.java:logGet(43)) - raft.server.storage.dir = [/tmp/workdir/hadoop-ozone/integration-test/target/test-dir/MiniOzoneClusterImpl-872b95be-ab77-4531-967a-8b14dc65ac0a/datanode-5/data/ratis] (custom)
2019-07-13 20:26:55,338 INFO  replication.SimpleContainerDownloader (SimpleContainerDownloader.java:<init>(72)) - Starting container downloader service to copy containers to replicate.
2019-07-13 20:26:55,340 INFO  hdfs.DFSUtil (DFSUtil.java:httpServerTemplateForNNAndJN(1641)) - Starting Web-server for hddsDatanode at: http://0.0.0.0:0
2019-07-13 20:26:55,341 INFO  server.AuthenticationFilter (AuthenticationFilter.java:constructSecretProvider(240)) - Unable to initialize FileSignerSecretProvider, falling back to use random secrets.
2019-07-13 20:26:55,341 WARN  http.HttpRequestLog (HttpRequestLog.java:getRequestLog(97)) - Jetty request log can only be enabled using Log4j
2019-07-13 20:26:55,342 INFO  http.HttpServer2 (HttpServer2.java:addGlobalFilter(975)) - Added global filter 'safety' (class=org.apache.hadoop.http.HttpServer2$QuotingInputFilter)
2019-07-13 20:26:55,343 INFO  http.HttpServer2 (HttpServer2.java:addFilter(948)) - Added filter static_user_filter (class=org.apache.hadoop.http.lib.StaticUserWebFilter$StaticUserFilter) to context hddsDatanode
2019-07-13 20:26:55,343 INFO  http.HttpServer2 (HttpServer2.java:addFilter(958)) - Added filter static_user_filter (class=org.apache.hadoop.http.lib.StaticUserWebFilter$StaticUserFilter) to context static
2019-07-13 20:26:55,343 INFO  http.HttpServer2 (HttpServer2.java:addFilter(958)) - Added filter static_user_filter (class=org.apache.hadoop.http.lib.StaticUserWebFilter$StaticUserFilter) to context logs
2019-07-13 20:26:55,344 INFO  http.HttpServer2 (HttpServer2.java:bindListener(1191)) - Jetty bound to port 39292
2019-07-13 20:26:55,344 INFO  server.Server (Server.java:doStart(351)) - jetty-9.3.24.v20180605, build timestamp: 2018-06-05T17:11:56Z, git hash: 84205aa28f11a4f31f2a3b86d1bba2cc8ab69827
2019-07-13 20:26:55,346 INFO  handler.ContextHandler (ContextHandler.java:doStart(781)) - Started o.e.j.s.ServletContextHandler@6885ed19{/logs,file:///tmp/workdir/hadoop-ozone/integration-test/target/log,AVAILABLE}
2019-07-13 20:26:55,347 INFO  handler.ContextHandler (ContextHandler.java:doStart(781)) - Started o.e.j.s.ServletContextHandler@2d4a3e13{/static,jar:file:/home/user/.m2/repository/org/apache/hadoop/hadoop-hdds-container-service/0.5.0-SNAPSHOT/hadoop-hdds-container-service-0.5.0-SNAPSHOT.jar!/webapps/static,AVAILABLE}
2019-07-13 20:26:55,388 INFO  handler.ContextHandler (ContextHandler.java:doStart(781)) - Started o.e.j.w.WebAppContext@561f9d92{/,file:///tmp/jetty-0.0.0.0-39292-hddsDatanode-_-any-1480751819113539517.dir/webapp/,AVAILABLE}{/hddsDatanode}
2019-07-13 20:26:55,390 INFO  server.AbstractConnector (AbstractConnector.java:doStart(278)) - Started ServerConnector@1c84d80a{HTTP/1.1,[http/1.1]}{0.0.0.0:39292}
2019-07-13 20:26:55,390 INFO  server.Server (Server.java:doStart(419)) - Started @7154ms
2019-07-13 20:26:55,391 INFO  server.BaseHttpServer (BaseHttpServer.java:updateConnectorAddress(207)) - HTTP server of HDDSDATANODE is listening at http://0.0.0.0:39292
2019-07-13 20:26:55,505 INFO  ozone.HddsDatanodeService (HddsDatanodeService.java:startPlugins(396)) - Started plug-in org.apache.hadoop.ozone.web.OzoneHddsDatanodeService@16f15ae9
2019-07-13 20:26:55,505 INFO  impl.MetricsSystemImpl (MetricsSystemImpl.java:init(158)) - HddsDatanode metrics system started (again)
2019-07-13 20:26:55,507 INFO  ozone.HddsDatanodeService (HddsDatanodeService.java:start(185)) - HddsDatanodeService host:trunk-nightly-6qp7m-2461138711 ip:192.168.5.168
2019-07-13 20:26:55,555 INFO  util.JvmPauseMonitor (JvmPauseMonitor.java:run(188)) - Starting JVM pause monitor
2019-07-13 20:26:55,560 INFO  datanode.InitDatanodeState (InitDatanodeState.java:persistContainerDatanodeDetails(140)) - DatanodeDetails is persisted to /tmp/workdir/hadoop-ozone/integration-test/target/test-dir/MiniOzoneClusterImpl-872b95be-ab77-4531-967a-8b14dc65ac0a/datanode-5/meta/datanode.id
2019-07-13 20:26:55,566 INFO  volume.HddsVolume (HddsVolume.java:<init>(176)) - Creating Volume: /tmp/workdir/hadoop-ozone/integration-test/target/test-dir/MiniOzoneClusterImpl-872b95be-ab77-4531-967a-8b14dc65ac0a/datanode-6/data/containers/hdds of  storage type : DISK and capacity : 52710309888
2019-07-13 20:26:55,566 INFO  volume.VolumeSet (VolumeSet.java:initializeVolumeSet(170)) - Added Volume : /tmp/workdir/hadoop-ozone/integration-test/target/test-dir/MiniOzoneClusterImpl-872b95be-ab77-4531-967a-8b14dc65ac0a/datanode-6/data/containers/hdds to VolumeSet
2019-07-13 20:26:55,567 INFO  volume.ThrottledAsyncChecker (ThrottledAsyncChecker.java:schedule(140)) - Scheduling a check for org.apache.hadoop.ozone.container.common.volume.HddsVolume@2b79c8ff
2019-07-13 20:26:55,571 INFO  volume.HddsVolumeChecker (HddsVolumeChecker.java:checkAllVolumes(203)) - Scheduled health check for volume org.apache.hadoop.ozone.container.common.volume.HddsVolume@2b79c8ff
2019-07-13 20:26:55,601 INFO  impl.RaftServerProxy (ConfUtils.java:logGet(43)) - raft.rpc.type = GRPC (default)
2019-07-13 20:26:55,601 INFO  grpc.GrpcFactory (GrpcFactory.java:checkPooledByteBufAllocatorUseCacheForAllThreads(45)) - PERFORMANCE WARNING: useCacheForAllThreads is true that may cause Netty to create a lot garbage objects and, as a result, trigger GC.
	It is recommended to disable useCacheForAllThreads by setting -Dorg.apache.ratis.thirdparty.io.netty.allocator.useCacheForAllThreads=false in command line.
2019-07-13 20:26:55,602 INFO  grpc.GrpcConfigKeys$Server (ConfUtils.java:logGet(43)) - raft.grpc.server.port = 0 (default)
2019-07-13 20:26:55,602 INFO  server.GrpcService (ConfUtils.java:logGet(43)) - raft.grpc.message.size.max = 33570816 (custom)
2019-07-13 20:26:55,602 INFO  server.RaftServerConfigKeys (ConfUtils.java:logGet(43)) - raft.server.log.appender.buffer.byte-limit = 33554432 (custom)
2019-07-13 20:26:55,603 INFO  server.GrpcService (ConfUtils.java:logGet(43)) - raft.grpc.flow.control.window = 1MB (=1048576) (default)
2019-07-13 20:26:55,603 INFO  server.RaftServerConfigKeys (ConfUtils.java:logGet(43)) - raft.server.rpc.request.timeout = 3000ms (default)
2019-07-13 20:26:55,604 INFO  server.RaftServerConfigKeys (ConfUtils.java:logGet(43)) - raft.server.storage.dir = [/tmp/workdir/hadoop-ozone/integration-test/target/test-dir/MiniOzoneClusterImpl-872b95be-ab77-4531-967a-8b14dc65ac0a/datanode-6/data/ratis] (custom)
2019-07-13 20:26:55,604 INFO  replication.SimpleContainerDownloader (SimpleContainerDownloader.java:<init>(72)) - Starting container downloader service to copy containers to replicate.
2019-07-13 20:26:55,606 INFO  hdfs.DFSUtil (DFSUtil.java:httpServerTemplateForNNAndJN(1641)) - Starting Web-server for hddsDatanode at: http://0.0.0.0:0
2019-07-13 20:26:55,607 INFO  server.AuthenticationFilter (AuthenticationFilter.java:constructSecretProvider(240)) - Unable to initialize FileSignerSecretProvider, falling back to use random secrets.
2019-07-13 20:26:55,608 WARN  http.HttpRequestLog (HttpRequestLog.java:getRequestLog(97)) - Jetty request log can only be enabled using Log4j
2019-07-13 20:26:55,610 INFO  http.HttpServer2 (HttpServer2.java:addGlobalFilter(975)) - Added global filter 'safety' (class=org.apache.hadoop.http.HttpServer2$QuotingInputFilter)
2019-07-13 20:26:55,610 INFO  http.HttpServer2 (HttpServer2.java:addFilter(948)) - Added filter static_user_filter (class=org.apache.hadoop.http.lib.StaticUserWebFilter$StaticUserFilter) to context hddsDatanode
2019-07-13 20:26:55,610 INFO  http.HttpServer2 (HttpServer2.java:addFilter(958)) - Added filter static_user_filter (class=org.apache.hadoop.http.lib.StaticUserWebFilter$StaticUserFilter) to context logs
2019-07-13 20:26:55,611 INFO  http.HttpServer2 (HttpServer2.java:addFilter(958)) - Added filter static_user_filter (class=org.apache.hadoop.http.lib.StaticUserWebFilter$StaticUserFilter) to context static
2019-07-13 20:26:55,612 INFO  http.HttpServer2 (HttpServer2.java:bindListener(1191)) - Jetty bound to port 33025
2019-07-13 20:26:55,612 INFO  server.Server (Server.java:doStart(351)) - jetty-9.3.24.v20180605, build timestamp: 2018-06-05T17:11:56Z, git hash: 84205aa28f11a4f31f2a3b86d1bba2cc8ab69827
2019-07-13 20:26:55,614 INFO  handler.ContextHandler (ContextHandler.java:doStart(781)) - Started o.e.j.s.ServletContextHandler@6568f998{/logs,file:///tmp/workdir/hadoop-ozone/integration-test/target/log,AVAILABLE}
2019-07-13 20:26:55,615 INFO  handler.ContextHandler (ContextHandler.java:doStart(781)) - Started o.e.j.s.ServletContextHandler@782fd504{/static,jar:file:/home/user/.m2/repository/org/apache/hadoop/hadoop-hdds-container-service/0.5.0-SNAPSHOT/hadoop-hdds-container-service-0.5.0-SNAPSHOT.jar!/webapps/static,AVAILABLE}
2019-07-13 20:26:55,647 INFO  handler.ContextHandler (ContextHandler.java:doStart(781)) - Started o.e.j.w.WebAppContext@418f0534{/,file:///tmp/jetty-0.0.0.0-33025-hddsDatanode-_-any-3398471773775753689.dir/webapp/,AVAILABLE}{/hddsDatanode}
2019-07-13 20:26:55,648 INFO  server.AbstractConnector (AbstractConnector.java:doStart(278)) - Started ServerConnector@3dfd7eaa{HTTP/1.1,[http/1.1]}{0.0.0.0:33025}
2019-07-13 20:26:55,649 INFO  server.Server (Server.java:doStart(419)) - Started @7413ms
2019-07-13 20:26:55,649 INFO  server.BaseHttpServer (BaseHttpServer.java:updateConnectorAddress(207)) - HTTP server of HDDSDATANODE is listening at http://0.0.0.0:33025
2019-07-13 20:26:55,817 INFO  ozone.HddsDatanodeService (HddsDatanodeService.java:startPlugins(396)) - Started plug-in org.apache.hadoop.ozone.web.OzoneHddsDatanodeService@28e7bb31
2019-07-13 20:26:55,820 INFO  ozone.MiniOzoneClusterImpl (MiniOzoneClusterImpl.java:lambda$waitForClusterToBeReady$0(142)) - Waiting for cluster to be ready. Got 0 of 7 DN Heartbeats.
2019-07-13 20:26:55,821 INFO  util.JvmPauseMonitor (JvmPauseMonitor.java:run(188)) - Starting JVM pause monitor
2019-07-13 20:26:55,824 INFO  datanode.InitDatanodeState (InitDatanodeState.java:persistContainerDatanodeDetails(140)) - DatanodeDetails is persisted to /tmp/workdir/hadoop-ozone/integration-test/target/test-dir/MiniOzoneClusterImpl-872b95be-ab77-4531-967a-8b14dc65ac0a/datanode-6/meta/datanode.id
2019-07-13 20:26:56,367 INFO  ozoneimpl.OzoneContainer (OzoneContainer.java:start(186)) - Attempting to start container services.
2019-07-13 20:26:56,369 INFO  ozoneimpl.OzoneContainer (OzoneContainer.java:startContainerScrub(160)) - Background container scrubber has been disabled by hdds.containerscrub.enabled
2019-07-13 20:26:56,369 INFO  ratis.XceiverServerRatis (XceiverServerRatis.java:start(418)) - Starting XceiverServerRatis b24d28ba-ba43-4860-82ca-0d27d18e3528 at port 0
2019-07-13 20:26:56,384 INFO  impl.RaftServerProxy (RaftServerProxy.java:lambda$start$3(299)) - b24d28ba-ba43-4860-82ca-0d27d18e3528: start RPC server
2019-07-13 20:26:56,519 INFO  server.GrpcService (GrpcService.java:startImpl(149)) - b24d28ba-ba43-4860-82ca-0d27d18e3528: GrpcService started, listening on 0.0.0.0/0.0.0.0:44191
2019-07-13 20:26:56,521 INFO  ratis.XceiverServerRatis (XceiverServerRatis.java:start(428)) - XceiverServerRatis b24d28ba-ba43-4860-82ca-0d27d18e3528 is started using port 44191
2019-07-13 20:26:56,523 INFO  server.XceiverServerGrpc (XceiverServerGrpc.java:start(161)) - XceiverServerGrpc b24d28ba-ba43-4860-82ca-0d27d18e3528 is started using port 42837
2019-07-13 20:26:56,605 INFO  ozoneimpl.OzoneContainer (OzoneContainer.java:start(186)) - Attempting to start container services.
2019-07-13 20:26:56,607 INFO  ozoneimpl.OzoneContainer (OzoneContainer.java:startContainerScrub(160)) - Background container scrubber has been disabled by hdds.containerscrub.enabled
2019-07-13 20:26:56,608 INFO  ratis.XceiverServerRatis (XceiverServerRatis.java:start(418)) - Starting XceiverServerRatis 1d967e2d-b700-42c4-a2b3-153b0a458c5c at port 0
2019-07-13 20:26:56,616 INFO  impl.RaftServerProxy (RaftServerProxy.java:lambda$start$3(299)) - 1d967e2d-b700-42c4-a2b3-153b0a458c5c: start RPC server
2019-07-13 20:26:56,619 INFO  server.GrpcService (GrpcService.java:startImpl(149)) - 1d967e2d-b700-42c4-a2b3-153b0a458c5c: GrpcService started, listening on 0.0.0.0/0.0.0.0:46665
2019-07-13 20:26:56,620 INFO  ratis.XceiverServerRatis (XceiverServerRatis.java:start(428)) - XceiverServerRatis 1d967e2d-b700-42c4-a2b3-153b0a458c5c is started using port 46665
2019-07-13 20:26:56,622 INFO  server.XceiverServerGrpc (XceiverServerGrpc.java:start(161)) - XceiverServerGrpc 1d967e2d-b700-42c4-a2b3-153b0a458c5c is started using port 34453
2019-07-13 20:26:56,821 INFO  ozone.MiniOzoneClusterImpl (MiniOzoneClusterImpl.java:lambda$waitForClusterToBeReady$0(142)) - Waiting for cluster to be ready. Got 0 of 7 DN Heartbeats.
2019-07-13 20:26:56,882 INFO  ozoneimpl.OzoneContainer (OzoneContainer.java:start(186)) - Attempting to start container services.
2019-07-13 20:26:56,884 INFO  ozoneimpl.OzoneContainer (OzoneContainer.java:startContainerScrub(160)) - Background container scrubber has been disabled by hdds.containerscrub.enabled
2019-07-13 20:26:56,884 INFO  ratis.XceiverServerRatis (XceiverServerRatis.java:start(418)) - Starting XceiverServerRatis 4d4605e1-ea6f-4e85-b73e-f1014d13b8b6 at port 0
2019-07-13 20:26:56,893 INFO  impl.RaftServerProxy (RaftServerProxy.java:lambda$start$3(299)) - 4d4605e1-ea6f-4e85-b73e-f1014d13b8b6: start RPC server
2019-07-13 20:26:56,897 INFO  server.GrpcService (GrpcService.java:startImpl(149)) - 4d4605e1-ea6f-4e85-b73e-f1014d13b8b6: GrpcService started, listening on 0.0.0.0/0.0.0.0:34965
2019-07-13 20:26:56,897 INFO  ratis.XceiverServerRatis (XceiverServerRatis.java:start(428)) - XceiverServerRatis 4d4605e1-ea6f-4e85-b73e-f1014d13b8b6 is started using port 34965
2019-07-13 20:26:56,900 INFO  server.XceiverServerGrpc (XceiverServerGrpc.java:start(161)) - XceiverServerGrpc 4d4605e1-ea6f-4e85-b73e-f1014d13b8b6 is started using port 37794
2019-07-13 20:26:57,125 INFO  ozoneimpl.OzoneContainer (OzoneContainer.java:start(186)) - Attempting to start container services.
2019-07-13 20:26:57,131 INFO  ozoneimpl.OzoneContainer (OzoneContainer.java:startContainerScrub(160)) - Background container scrubber has been disabled by hdds.containerscrub.enabled
2019-07-13 20:26:57,132 INFO  ratis.XceiverServerRatis (XceiverServerRatis.java:start(418)) - Starting XceiverServerRatis 825fc8cb-e295-459a-823c-e1bcea5ab3c4 at port 0
2019-07-13 20:26:57,142 INFO  impl.RaftServerProxy (RaftServerProxy.java:lambda$start$3(299)) - 825fc8cb-e295-459a-823c-e1bcea5ab3c4: start RPC server
2019-07-13 20:26:57,145 INFO  server.GrpcService (GrpcService.java:startImpl(149)) - 825fc8cb-e295-459a-823c-e1bcea5ab3c4: GrpcService started, listening on 0.0.0.0/0.0.0.0:45388
2019-07-13 20:26:57,146 INFO  ratis.XceiverServerRatis (XceiverServerRatis.java:start(428)) - XceiverServerRatis 825fc8cb-e295-459a-823c-e1bcea5ab3c4 is started using port 45388
2019-07-13 20:26:57,149 INFO  server.XceiverServerGrpc (XceiverServerGrpc.java:start(161)) - XceiverServerGrpc 825fc8cb-e295-459a-823c-e1bcea5ab3c4 is started using port 45777
2019-07-13 20:26:57,320 INFO  ozoneimpl.OzoneContainer (OzoneContainer.java:start(186)) - Attempting to start container services.
2019-07-13 20:26:57,320 INFO  ozoneimpl.OzoneContainer (OzoneContainer.java:startContainerScrub(160)) - Background container scrubber has been disabled by hdds.containerscrub.enabled
2019-07-13 20:26:57,320 INFO  ratis.XceiverServerRatis (XceiverServerRatis.java:start(418)) - Starting XceiverServerRatis 5129a9c2-d56f-42da-9a5a-6b0534561310 at port 0
2019-07-13 20:26:57,331 INFO  impl.RaftServerProxy (RaftServerProxy.java:lambda$start$3(299)) - 5129a9c2-d56f-42da-9a5a-6b0534561310: start RPC server
2019-07-13 20:26:57,335 INFO  server.GrpcService (GrpcService.java:startImpl(149)) - 5129a9c2-d56f-42da-9a5a-6b0534561310: GrpcService started, listening on 0.0.0.0/0.0.0.0:41026
2019-07-13 20:26:57,335 INFO  ratis.XceiverServerRatis (XceiverServerRatis.java:start(428)) - XceiverServerRatis 5129a9c2-d56f-42da-9a5a-6b0534561310 is started using port 41026
2019-07-13 20:26:57,339 INFO  server.XceiverServerGrpc (XceiverServerGrpc.java:start(161)) - XceiverServerGrpc 5129a9c2-d56f-42da-9a5a-6b0534561310 is started using port 38081
2019-07-13 20:26:57,575 INFO  ozoneimpl.OzoneContainer (OzoneContainer.java:start(186)) - Attempting to start container services.
2019-07-13 20:26:57,576 INFO  ozoneimpl.OzoneContainer (OzoneContainer.java:startContainerScrub(160)) - Background container scrubber has been disabled by hdds.containerscrub.enabled
2019-07-13 20:26:57,576 INFO  ratis.XceiverServerRatis (XceiverServerRatis.java:start(418)) - Starting XceiverServerRatis 4968f71e-b86a-4dba-9a34-2f43601aaff0 at port 0
2019-07-13 20:26:57,585 INFO  impl.RaftServerProxy (RaftServerProxy.java:lambda$start$3(299)) - 4968f71e-b86a-4dba-9a34-2f43601aaff0: start RPC server
2019-07-13 20:26:57,589 INFO  server.GrpcService (GrpcService.java:startImpl(149)) - 4968f71e-b86a-4dba-9a34-2f43601aaff0: GrpcService started, listening on 0.0.0.0/0.0.0.0:45613
2019-07-13 20:26:57,590 INFO  ratis.XceiverServerRatis (XceiverServerRatis.java:start(428)) - XceiverServerRatis 4968f71e-b86a-4dba-9a34-2f43601aaff0 is started using port 45613
2019-07-13 20:26:57,594 INFO  server.XceiverServerGrpc (XceiverServerGrpc.java:start(161)) - XceiverServerGrpc 4968f71e-b86a-4dba-9a34-2f43601aaff0 is started using port 38567
2019-07-13 20:26:57,821 INFO  ozone.MiniOzoneClusterImpl (MiniOzoneClusterImpl.java:lambda$waitForClusterToBeReady$0(142)) - Waiting for cluster to be ready. Got 0 of 7 DN Heartbeats.
2019-07-13 20:26:57,837 INFO  ozoneimpl.OzoneContainer (OzoneContainer.java:start(186)) - Attempting to start container services.
2019-07-13 20:26:57,838 INFO  ozoneimpl.OzoneContainer (OzoneContainer.java:startContainerScrub(160)) - Background container scrubber has been disabled by hdds.containerscrub.enabled
2019-07-13 20:26:57,838 INFO  ratis.XceiverServerRatis (XceiverServerRatis.java:start(418)) - Starting XceiverServerRatis 679e13b5-cbeb-48af-8f93-74b3a1ecf3c4 at port 0
2019-07-13 20:26:57,847 INFO  impl.RaftServerProxy (RaftServerProxy.java:lambda$start$3(299)) - 679e13b5-cbeb-48af-8f93-74b3a1ecf3c4: start RPC server
2019-07-13 20:26:57,852 INFO  server.GrpcService (GrpcService.java:startImpl(149)) - 679e13b5-cbeb-48af-8f93-74b3a1ecf3c4: GrpcService started, listening on 0.0.0.0/0.0.0.0:36078
2019-07-13 20:26:57,852 INFO  ratis.XceiverServerRatis (XceiverServerRatis.java:start(428)) - XceiverServerRatis 679e13b5-cbeb-48af-8f93-74b3a1ecf3c4 is started using port 36078
2019-07-13 20:26:57,857 INFO  server.XceiverServerGrpc (XceiverServerGrpc.java:start(161)) - XceiverServerGrpc 679e13b5-cbeb-48af-8f93-74b3a1ecf3c4 is started using port 46766
2019-07-13 20:26:58,356 INFO  net.NetworkTopology (NetworkTopologyImpl.java:add(110)) - Added a new node: /default-rack/192.168.5.168
2019-07-13 20:26:58,357 INFO  node.SCMNodeManager (SCMNodeManager.java:register(269)) - Registered Data node : b24d28ba-ba43-4860-82ca-0d27d18e3528{ip: 192.168.5.168, host: trunk-nightly-6qp7m-2461138711, networkLocation: /default-rack, certSerialId: null}
2019-07-13 20:26:58,363 INFO  safemode.SCMSafeModeManager (DataNodeSafeModeRule.java:process(71)) - SCM in safe mode. 1 DataNodes registered, 1 required.
2019-07-13 20:26:58,363 INFO  safemode.SCMSafeModeManager (SCMSafeModeManager.java:validateSafeModeExitRules(177)) - ScmSafeModeManager, all rules are successfully validated
2019-07-13 20:26:58,364 INFO  safemode.SCMSafeModeManager (SCMSafeModeManager.java:exitSafeMode(193)) - SCM exiting safe mode.
2019-07-13 20:26:58,591 INFO  node.SCMNodeManager (SCMNodeManager.java:register(269)) - Registered Data node : 1d967e2d-b700-42c4-a2b3-153b0a458c5c{ip: 192.168.5.168, host: trunk-nightly-6qp7m-2461138711, networkLocation: /default-rack, certSerialId: null}
2019-07-13 20:26:58,822 INFO  ozone.MiniOzoneClusterImpl (MiniOzoneClusterImpl.java:lambda$waitForClusterToBeReady$0(142)) - Waiting for cluster to be ready. Got 2 of 7 DN Heartbeats.
2019-07-13 20:26:58,869 INFO  node.SCMNodeManager (SCMNodeManager.java:register(269)) - Registered Data node : 4d4605e1-ea6f-4e85-b73e-f1014d13b8b6{ip: 192.168.5.168, host: trunk-nightly-6qp7m-2461138711, networkLocation: /default-rack, certSerialId: null}
2019-07-13 20:26:59,304 INFO  node.SCMNodeManager (SCMNodeManager.java:register(269)) - Registered Data node : 825fc8cb-e295-459a-823c-e1bcea5ab3c4{ip: 192.168.5.168, host: trunk-nightly-6qp7m-2461138711, networkLocation: /default-rack, certSerialId: null}
2019-07-13 20:26:59,316 INFO  node.SCMNodeManager (SCMNodeManager.java:register(269)) - Registered Data node : 5129a9c2-d56f-42da-9a5a-6b0534561310{ip: 192.168.5.168, host: trunk-nightly-6qp7m-2461138711, networkLocation: /default-rack, certSerialId: null}
2019-07-13 20:26:59,331 INFO  impl.RaftServerProxy (RaftServerProxy.java:addNew(89)) - b24d28ba-ba43-4860-82ca-0d27d18e3528: addNew group-355A82AC74B3:[b24d28ba-ba43-4860-82ca-0d27d18e3528:192.168.5.168:44191] returns group-355A82AC74B3:java.util.concurrent.CompletableFuture@58f728fe[Not completed]
2019-07-13 20:26:59,353 INFO  impl.RaftServerImpl (RaftServerImpl.java:<init>(93)) - b24d28ba-ba43-4860-82ca-0d27d18e3528: new RaftServerImpl for group-355A82AC74B3:[b24d28ba-ba43-4860-82ca-0d27d18e3528:192.168.5.168:44191] with ContainerStateMachine:uninitialized
2019-07-13 20:26:59,355 INFO  server.RaftServerConfigKeys (ConfUtils.java:logGet(43)) - raft.server.rpc.timeout.min = 5s (custom)
2019-07-13 20:26:59,357 INFO  server.RaftServerConfigKeys (ConfUtils.java:logGet(43)) - raft.server.rpc.timeout.max = 5200ms (custom)
2019-07-13 20:26:59,357 INFO  server.RaftServerConfigKeys (ConfUtils.java:logGet(43)) - raft.server.rpcslowness.timeout = 120s (custom)
2019-07-13 20:26:59,359 INFO  server.RaftServerConfigKeys (ConfUtils.java:logGet(43)) - raft.server.sleep.deviation.threshold = 300 (default)
2019-07-13 20:26:59,360 INFO  server.RaftServerConfigKeys (ConfUtils.java:logGet(43)) - raft.server.log.appender.install.snapshot.enabled = false (custom)
2019-07-13 20:26:59,370 INFO  impl.RaftServerImpl (ServerState.java:<init>(105)) - b24d28ba-ba43-4860-82ca-0d27d18e3528:group-355A82AC74B3 ConfigurationManager, init=-1: [b24d28ba-ba43-4860-82ca-0d27d18e3528:192.168.5.168:44191], old=null, confs=<EMPTY_MAP>
2019-07-13 20:26:59,370 INFO  server.RaftServerConfigKeys (ConfUtils.java:logGet(43)) - raft.server.storage.dir = [/tmp/workdir/hadoop-ozone/integration-test/target/test-dir/MiniOzoneClusterImpl-872b95be-ab77-4531-967a-8b14dc65ac0a/datanode-0/data/ratis] (custom)
2019-07-13 20:26:59,380 INFO  storage.RaftStorageDirectory (RaftStorageDirectory.java:analyzeStorage(246)) - The storage directory /tmp/workdir/hadoop-ozone/integration-test/target/test-dir/MiniOzoneClusterImpl-872b95be-ab77-4531-967a-8b14dc65ac0a/datanode-0/data/ratis/243341e6-ce80-4d82-97cb-355a82ac74b3 does not exist. Creating ...
2019-07-13 20:26:59,409 INFO  storage.RaftStorageDirectory (RaftStorageDirectory.java:tryLock(328)) - Lock on /tmp/workdir/hadoop-ozone/integration-test/target/test-dir/MiniOzoneClusterImpl-872b95be-ab77-4531-967a-8b14dc65ac0a/datanode-0/data/ratis/243341e6-ce80-4d82-97cb-355a82ac74b3/in_use.lock acquired by nodename 32015@trunk-nightly-6qp7m-2461138711
2019-07-13 20:26:59,426 INFO  storage.RaftStorage (RaftStorage.java:format(72)) - Storage directory /tmp/workdir/hadoop-ozone/integration-test/target/test-dir/MiniOzoneClusterImpl-872b95be-ab77-4531-967a-8b14dc65ac0a/datanode-0/data/ratis/243341e6-ce80-4d82-97cb-355a82ac74b3 has been successfully formatted.
2019-07-13 20:26:59,428 INFO  ratis.ContainerStateMachine (ContainerStateMachine.java:loadSnapshot(200)) - The snapshot info is null.Setting the last applied index to:(t:0, i:~)
2019-07-13 20:26:59,428 INFO  server.RaftServerConfigKeys (ConfUtils.java:logGet(43)) - raft.server.leader.election.timeout = 120s (custom)
2019-07-13 20:26:59,430 INFO  server.RaftServerConfigKeys (ConfUtils.java:logGet(43)) - raft.server.log.use.memory = false (default)
2019-07-13 20:26:59,436 INFO  server.RaftServerConfigKeys (ConfUtils.java:logGet(43)) - raft.server.log.purge.gap = 1000000000 (custom)
2019-07-13 20:26:59,436 INFO  server.RaftServerConfigKeys (ConfUtils.java:logGet(43)) - raft.server.log.appender.buffer.byte-limit = 33554432 (custom)
2019-07-13 20:26:59,438 INFO  server.RaftServerConfigKeys (ConfUtils.java:logGet(43)) - raft.server.log.segment.size.max = 1048576 (custom)
2019-07-13 20:26:59,443 INFO  server.RaftServerConfigKeys (ConfUtils.java:logGet(43)) - raft.server.log.segment.cache.num.max = 2 (custom)
2019-07-13 20:26:59,448 INFO  segmented.SegmentedRaftLogWorker (SegmentedRaftLogWorker.java:<init>(172)) - new b24d28ba-ba43-4860-82ca-0d27d18e3528-SegmentedRaftLogWorker:Storage Directory /tmp/workdir/hadoop-ozone/integration-test/target/test-dir/MiniOzoneClusterImpl-872b95be-ab77-4531-967a-8b14dc65ac0a/datanode-0/data/ratis/243341e6-ce80-4d82-97cb-355a82ac74b3 for RaftStorage:Storage Directory /tmp/workdir/hadoop-ozone/integration-test/target/test-dir/MiniOzoneClusterImpl-872b95be-ab77-4531-967a-8b14dc65ac0a/datanode-0/data/ratis/243341e6-ce80-4d82-97cb-355a82ac74b3
2019-07-13 20:26:59,461 INFO  server.RaftServerConfigKeys (ConfUtils.java:logGet(43)) - raft.server.log.queue.byte-limit = 2147483647 (custom)
2019-07-13 20:26:59,461 INFO  server.RaftServerConfigKeys (ConfUtils.java:logGet(43)) - raft.server.log.queue.element-limit = 1024 (custom)
2019-07-13 20:26:59,466 INFO  server.RaftServerConfigKeys (ConfUtils.java:logGet(43)) - raft.server.log.segment.size.max = 1048576 (custom)
2019-07-13 20:26:59,466 INFO  server.RaftServerConfigKeys (ConfUtils.java:logGet(43)) - raft.server.log.preallocated.size = 16384 (custom)
2019-07-13 20:26:59,467 INFO  server.RaftServerConfigKeys (ConfUtils.java:logGet(43)) - raft.server.log.write.buffer.size = 33554432 (custom)
2019-07-13 20:26:59,467 INFO  server.RaftServerConfigKeys (ConfUtils.java:logGet(43)) - raft.server.log.force.sync.num = 128 (default)
2019-07-13 20:26:59,468 INFO  server.RaftServerConfigKeys (ConfUtils.java:logGet(43)) - raft.server.log.statemachine.data.sync = true (default)
2019-07-13 20:26:59,468 INFO  server.RaftServerConfigKeys (ConfUtils.java:logGet(43)) - raft.server.log.statemachine.data.sync.timeout = 10s (default)
2019-07-13 20:26:59,469 INFO  server.RaftServerConfigKeys (ConfUtils.java:logGet(43)) - raft.server.log.statemachine.data.sync.timeout.retry = -1 (default)
2019-07-13 20:26:59,477 INFO  server.RaftServerConfigKeys (ConfUtils.java:logGet(43)) - raft.server.log.statemachine.data.caching.enabled = true (custom)
2019-07-13 20:26:59,481 INFO  segmented.SegmentedRaftLogWorker (SegmentedRaftLogWorker.java:lambda$new$0(132)) - b24d28ba-ba43-4860-82ca-0d27d18e3528-SegmentedRaftLogWorker:Storage Directory /tmp/workdir/hadoop-ozone/integration-test/target/test-dir/MiniOzoneClusterImpl-872b95be-ab77-4531-967a-8b14dc65ac0a/datanode-0/data/ratis/243341e6-ce80-4d82-97cb-355a82ac74b3: flushIndex: setUnconditionally 0 -> -1
2019-07-13 20:26:59,485 INFO  server.RaftServerConfigKeys (ConfUtils.java:logGet(43)) - raft.server.snapshot.auto.trigger.enabled = true (custom)
2019-07-13 20:26:59,486 INFO  server.RaftServerConfigKeys (ConfUtils.java:logGet(43)) - raft.server.snapshot.auto.trigger.threshold = 10000 (custom)
2019-07-13 20:26:59,486 INFO  server.RaftServerConfigKeys (ConfUtils.java:logGet(43)) - raft.server.retrycache.expirytime = 600000ms (custom)
2019-07-13 20:26:59,505 INFO  impl.RaftServerImpl (RaftServerImpl.java:start(180)) - b24d28ba-ba43-4860-82ca-0d27d18e3528: start group-355A82AC74B3
2019-07-13 20:26:59,506 INFO  impl.RaftServerImpl (RaftServerImpl.java:setRole(171)) - b24d28ba-ba43-4860-82ca-0d27d18e3528:group-355A82AC74B3 changes role from null to FOLLOWER at term 0 for startAsFollower
2019-07-13 20:26:59,507 INFO  impl.RoleInfo (RoleInfo.java:updateAndGet(143)) - b24d28ba-ba43-4860-82ca-0d27d18e3528: start FollowerState
2019-07-13 20:26:59,509 INFO  util.JmxRegister (JmxRegister.java:tryRegister(44)) - Successfully registered JMX Bean with object name Ratis:service=RaftServer,group=group-355A82AC74B3,id=b24d28ba-ba43-4860-82ca-0d27d18e3528
2019-07-13 20:26:59,559 INFO  node.SCMNodeManager (SCMNodeManager.java:register(269)) - Registered Data node : 4968f71e-b86a-4dba-9a34-2f43601aaff0{ip: 192.168.5.168, host: trunk-nightly-6qp7m-2461138711, networkLocation: /default-rack, certSerialId: null}
2019-07-13 20:26:59,581 INFO  pipeline.PipelineStateManager (PipelineStateManager.java:addPipeline(56)) - Created pipeline Pipeline[ Id: 243341e6-ce80-4d82-97cb-355a82ac74b3, Nodes: b24d28ba-ba43-4860-82ca-0d27d18e3528{ip: 192.168.5.168, host: trunk-nightly-6qp7m-2461138711, networkLocation: /default-rack, certSerialId: null}, Type:RATIS, Factor:ONE, State:OPEN]
2019-07-13 20:26:59,614 INFO  impl.RaftServerProxy (RaftServerProxy.java:addNew(89)) - 825fc8cb-e295-459a-823c-e1bcea5ab3c4: addNew group-8E8A31082FD4:[825fc8cb-e295-459a-823c-e1bcea5ab3c4:192.168.5.168:45388] returns group-8E8A31082FD4:java.util.concurrent.CompletableFuture@5ba086ce[Not completed]
2019-07-13 20:26:59,664 INFO  impl.RaftServerImpl (RaftServerImpl.java:<init>(93)) - 825fc8cb-e295-459a-823c-e1bcea5ab3c4: new RaftServerImpl for group-8E8A31082FD4:[825fc8cb-e295-459a-823c-e1bcea5ab3c4:192.168.5.168:45388] with ContainerStateMachine:uninitialized
2019-07-13 20:26:59,665 INFO  server.RaftServerConfigKeys (ConfUtils.java:logGet(43)) - raft.server.rpc.timeout.min = 5s (custom)
2019-07-13 20:26:59,665 INFO  server.RaftServerConfigKeys (ConfUtils.java:logGet(43)) - raft.server.rpc.timeout.max = 5200ms (custom)
2019-07-13 20:26:59,665 INFO  server.RaftServerConfigKeys (ConfUtils.java:logGet(43)) - raft.server.rpcslowness.timeout = 120s (custom)
2019-07-13 20:26:59,665 INFO  server.RaftServerConfigKeys (ConfUtils.java:logGet(43)) - raft.server.sleep.deviation.threshold = 300 (default)
2019-07-13 20:26:59,666 INFO  server.RaftServerConfigKeys (ConfUtils.java:logGet(43)) - raft.server.log.appender.install.snapshot.enabled = false (custom)
2019-07-13 20:26:59,666 INFO  impl.RaftServerImpl (ServerState.java:<init>(105)) - 825fc8cb-e295-459a-823c-e1bcea5ab3c4:group-8E8A31082FD4 ConfigurationManager, init=-1: [825fc8cb-e295-459a-823c-e1bcea5ab3c4:192.168.5.168:45388], old=null, confs=<EMPTY_MAP>
2019-07-13 20:26:59,666 INFO  server.RaftServerConfigKeys (ConfUtils.java:logGet(43)) - raft.server.storage.dir = [/tmp/workdir/hadoop-ozone/integration-test/target/test-dir/MiniOzoneClusterImpl-872b95be-ab77-4531-967a-8b14dc65ac0a/datanode-3/data/ratis] (custom)
2019-07-13 20:26:59,667 INFO  storage.RaftStorageDirectory (RaftStorageDirectory.java:analyzeStorage(246)) - The storage directory /tmp/workdir/hadoop-ozone/integration-test/target/test-dir/MiniOzoneClusterImpl-872b95be-ab77-4531-967a-8b14dc65ac0a/datanode-3/data/ratis/a50daff0-1fe5-4cbc-a10d-8e8a31082fd4 does not exist. Creating ...
2019-07-13 20:26:59,679 INFO  storage.RaftStorageDirectory (RaftStorageDirectory.java:tryLock(328)) - Lock on /tmp/workdir/hadoop-ozone/integration-test/target/test-dir/MiniOzoneClusterImpl-872b95be-ab77-4531-967a-8b14dc65ac0a/datanode-3/data/ratis/a50daff0-1fe5-4cbc-a10d-8e8a31082fd4/in_use.lock acquired by nodename 32015@trunk-nightly-6qp7m-2461138711
2019-07-13 20:26:59,683 INFO  storage.RaftStorage (RaftStorage.java:format(72)) - Storage directory /tmp/workdir/hadoop-ozone/integration-test/target/test-dir/MiniOzoneClusterImpl-872b95be-ab77-4531-967a-8b14dc65ac0a/datanode-3/data/ratis/a50daff0-1fe5-4cbc-a10d-8e8a31082fd4 has been successfully formatted.
2019-07-13 20:26:59,685 INFO  ratis.ContainerStateMachine (ContainerStateMachine.java:loadSnapshot(200)) - The snapshot info is null.Setting the last applied index to:(t:0, i:~)
2019-07-13 20:26:59,686 INFO  server.RaftServerConfigKeys (ConfUtils.java:logGet(43)) - raft.server.leader.election.timeout = 120s (custom)
2019-07-13 20:26:59,686 INFO  server.RaftServerConfigKeys (ConfUtils.java:logGet(43)) - raft.server.log.use.memory = false (default)
2019-07-13 20:26:59,686 INFO  server.RaftServerConfigKeys (ConfUtils.java:logGet(43)) - raft.server.log.purge.gap = 1000000000 (custom)
2019-07-13 20:26:59,686 INFO  server.RaftServerConfigKeys (ConfUtils.java:logGet(43)) - raft.server.log.appender.buffer.byte-limit = 33554432 (custom)
2019-07-13 20:26:59,687 INFO  server.RaftServerConfigKeys (ConfUtils.java:logGet(43)) - raft.server.log.segment.size.max = 1048576 (custom)
2019-07-13 20:26:59,687 INFO  server.RaftServerConfigKeys (ConfUtils.java:logGet(43)) - raft.server.log.segment.cache.num.max = 2 (custom)
2019-07-13 20:26:59,687 INFO  segmented.SegmentedRaftLogWorker (SegmentedRaftLogWorker.java:<init>(172)) - new 825fc8cb-e295-459a-823c-e1bcea5ab3c4-SegmentedRaftLogWorker:Storage Directory /tmp/workdir/hadoop-ozone/integration-test/target/test-dir/MiniOzoneClusterImpl-872b95be-ab77-4531-967a-8b14dc65ac0a/datanode-3/data/ratis/a50daff0-1fe5-4cbc-a10d-8e8a31082fd4 for RaftStorage:Storage Directory /tmp/workdir/hadoop-ozone/integration-test/target/test-dir/MiniOzoneClusterImpl-872b95be-ab77-4531-967a-8b14dc65ac0a/datanode-3/data/ratis/a50daff0-1fe5-4cbc-a10d-8e8a31082fd4
2019-07-13 20:26:59,688 INFO  server.RaftServerConfigKeys (ConfUtils.java:logGet(43)) - raft.server.log.queue.byte-limit = 2147483647 (custom)
2019-07-13 20:26:59,689 INFO  server.RaftServerConfigKeys (ConfUtils.java:logGet(43)) - raft.server.log.queue.element-limit = 1024 (custom)
2019-07-13 20:26:59,689 INFO  server.RaftServerConfigKeys (ConfUtils.java:logGet(43)) - raft.server.log.segment.size.max = 1048576 (custom)
2019-07-13 20:26:59,689 INFO  server.RaftServerConfigKeys (ConfUtils.java:logGet(43)) - raft.server.log.preallocated.size = 16384 (custom)
2019-07-13 20:26:59,689 INFO  server.RaftServerConfigKeys (ConfUtils.java:logGet(43)) - raft.server.log.write.buffer.size = 33554432 (custom)
2019-07-13 20:26:59,690 INFO  server.RaftServerConfigKeys (ConfUtils.java:logGet(43)) - raft.server.log.force.sync.num = 128 (default)
2019-07-13 20:26:59,690 INFO  server.RaftServerConfigKeys (ConfUtils.java:logGet(43)) - raft.server.log.statemachine.data.sync = true (default)
2019-07-13 20:26:59,690 INFO  server.RaftServerConfigKeys (ConfUtils.java:logGet(43)) - raft.server.log.statemachine.data.sync.timeout = 10s (default)
2019-07-13 20:26:59,690 INFO  server.RaftServerConfigKeys (ConfUtils.java:logGet(43)) - raft.server.log.statemachine.data.sync.timeout.retry = -1 (default)
2019-07-13 20:26:59,691 INFO  server.RaftServerConfigKeys (ConfUtils.java:logGet(43)) - raft.server.log.statemachine.data.caching.enabled = true (custom)
2019-07-13 20:26:59,691 INFO  segmented.SegmentedRaftLogWorker (SegmentedRaftLogWorker.java:lambda$new$0(132)) - 825fc8cb-e295-459a-823c-e1bcea5ab3c4-SegmentedRaftLogWorker:Storage Directory /tmp/workdir/hadoop-ozone/integration-test/target/test-dir/MiniOzoneClusterImpl-872b95be-ab77-4531-967a-8b14dc65ac0a/datanode-3/data/ratis/a50daff0-1fe5-4cbc-a10d-8e8a31082fd4: flushIndex: setUnconditionally 0 -> -1
2019-07-13 20:26:59,691 INFO  server.RaftServerConfigKeys (ConfUtils.java:logGet(43)) - raft.server.snapshot.auto.trigger.enabled = true (custom)
2019-07-13 20:26:59,691 INFO  server.RaftServerConfigKeys (ConfUtils.java:logGet(43)) - raft.server.snapshot.auto.trigger.threshold = 10000 (custom)
2019-07-13 20:26:59,692 INFO  server.RaftServerConfigKeys (ConfUtils.java:logGet(43)) - raft.server.retrycache.expirytime = 600000ms (custom)
2019-07-13 20:26:59,692 INFO  impl.RaftServerImpl (RaftServerImpl.java:start(180)) - 825fc8cb-e295-459a-823c-e1bcea5ab3c4: start group-8E8A31082FD4
2019-07-13 20:26:59,692 INFO  impl.RaftServerImpl (RaftServerImpl.java:setRole(171)) - 825fc8cb-e295-459a-823c-e1bcea5ab3c4:group-8E8A31082FD4 changes role from null to FOLLOWER at term 0 for startAsFollower
2019-07-13 20:26:59,692 INFO  impl.RoleInfo (RoleInfo.java:updateAndGet(143)) - 825fc8cb-e295-459a-823c-e1bcea5ab3c4: start FollowerState
2019-07-13 20:26:59,694 INFO  util.JmxRegister (JmxRegister.java:tryRegister(44)) - Successfully registered JMX Bean with object name Ratis:service=RaftServer,group=group-8E8A31082FD4,id=825fc8cb-e295-459a-823c-e1bcea5ab3c4
2019-07-13 20:26:59,707 INFO  pipeline.PipelineStateManager (PipelineStateManager.java:addPipeline(56)) - Created pipeline Pipeline[ Id: a50daff0-1fe5-4cbc-a10d-8e8a31082fd4, Nodes: 825fc8cb-e295-459a-823c-e1bcea5ab3c4{ip: 192.168.5.168, host: trunk-nightly-6qp7m-2461138711, networkLocation: /default-rack, certSerialId: null}, Type:RATIS, Factor:ONE, State:OPEN]
2019-07-13 20:26:59,732 INFO  impl.RaftServerProxy (RaftServerProxy.java:addNew(89)) - 4d4605e1-ea6f-4e85-b73e-f1014d13b8b6: addNew group-4B94FC18E307:[4d4605e1-ea6f-4e85-b73e-f1014d13b8b6:192.168.5.168:34965] returns group-4B94FC18E307:java.util.concurrent.CompletableFuture@48a74d6a[Not completed]
2019-07-13 20:26:59,741 INFO  impl.RaftServerImpl (RaftServerImpl.java:<init>(93)) - 4d4605e1-ea6f-4e85-b73e-f1014d13b8b6: new RaftServerImpl for group-4B94FC18E307:[4d4605e1-ea6f-4e85-b73e-f1014d13b8b6:192.168.5.168:34965] with ContainerStateMachine:uninitialized
2019-07-13 20:26:59,741 INFO  server.RaftServerConfigKeys (ConfUtils.java:logGet(43)) - raft.server.rpc.timeout.min = 5s (custom)
2019-07-13 20:26:59,742 INFO  server.RaftServerConfigKeys (ConfUtils.java:logGet(43)) - raft.server.rpc.timeout.max = 5200ms (custom)
2019-07-13 20:26:59,742 INFO  server.RaftServerConfigKeys (ConfUtils.java:logGet(43)) - raft.server.rpcslowness.timeout = 120s (custom)
2019-07-13 20:26:59,742 INFO  server.RaftServerConfigKeys (ConfUtils.java:logGet(43)) - raft.server.sleep.deviation.threshold = 300 (default)
2019-07-13 20:26:59,742 INFO  server.RaftServerConfigKeys (ConfUtils.java:logGet(43)) - raft.server.log.appender.install.snapshot.enabled = false (custom)
2019-07-13 20:26:59,742 INFO  impl.RaftServerImpl (ServerState.java:<init>(105)) - 4d4605e1-ea6f-4e85-b73e-f1014d13b8b6:group-4B94FC18E307 ConfigurationManager, init=-1: [4d4605e1-ea6f-4e85-b73e-f1014d13b8b6:192.168.5.168:34965], old=null, confs=<EMPTY_MAP>
2019-07-13 20:26:59,743 INFO  server.RaftServerConfigKeys (ConfUtils.java:logGet(43)) - raft.server.storage.dir = [/tmp/workdir/hadoop-ozone/integration-test/target/test-dir/MiniOzoneClusterImpl-872b95be-ab77-4531-967a-8b14dc65ac0a/datanode-2/data/ratis] (custom)
2019-07-13 20:26:59,743 INFO  storage.RaftStorageDirectory (RaftStorageDirectory.java:analyzeStorage(246)) - The storage directory /tmp/workdir/hadoop-ozone/integration-test/target/test-dir/MiniOzoneClusterImpl-872b95be-ab77-4531-967a-8b14dc65ac0a/datanode-2/data/ratis/59e767e2-5ad3-414c-a3a8-4b94fc18e307 does not exist. Creating ...
2019-07-13 20:26:59,755 INFO  storage.RaftStorageDirectory (RaftStorageDirectory.java:tryLock(328)) - Lock on /tmp/workdir/hadoop-ozone/integration-test/target/test-dir/MiniOzoneClusterImpl-872b95be-ab77-4531-967a-8b14dc65ac0a/datanode-2/data/ratis/59e767e2-5ad3-414c-a3a8-4b94fc18e307/in_use.lock acquired by nodename 32015@trunk-nightly-6qp7m-2461138711
2019-07-13 20:26:59,759 INFO  storage.RaftStorage (RaftStorage.java:format(72)) - Storage directory /tmp/workdir/hadoop-ozone/integration-test/target/test-dir/MiniOzoneClusterImpl-872b95be-ab77-4531-967a-8b14dc65ac0a/datanode-2/data/ratis/59e767e2-5ad3-414c-a3a8-4b94fc18e307 has been successfully formatted.
2019-07-13 20:26:59,759 INFO  ratis.ContainerStateMachine (ContainerStateMachine.java:loadSnapshot(200)) - The snapshot info is null.Setting the last applied index to:(t:0, i:~)
2019-07-13 20:26:59,760 INFO  server.RaftServerConfigKeys (ConfUtils.java:logGet(43)) - raft.server.leader.election.timeout = 120s (custom)
2019-07-13 20:26:59,760 INFO  server.RaftServerConfigKeys (ConfUtils.java:logGet(43)) - raft.server.log.use.memory = false (default)
2019-07-13 20:26:59,760 INFO  server.RaftServerConfigKeys (ConfUtils.java:logGet(43)) - raft.server.log.purge.gap = 1000000000 (custom)
2019-07-13 20:26:59,760 INFO  server.RaftServerConfigKeys (ConfUtils.java:logGet(43)) - raft.server.log.appender.buffer.byte-limit = 33554432 (custom)
2019-07-13 20:26:59,760 INFO  server.RaftServerConfigKeys (ConfUtils.java:logGet(43)) - raft.server.log.segment.size.max = 1048576 (custom)
2019-07-13 20:26:59,761 INFO  server.RaftServerConfigKeys (ConfUtils.java:logGet(43)) - raft.server.log.segment.cache.num.max = 2 (custom)
2019-07-13 20:26:59,761 INFO  segmented.SegmentedRaftLogWorker (SegmentedRaftLogWorker.java:<init>(172)) - new 4d4605e1-ea6f-4e85-b73e-f1014d13b8b6-SegmentedRaftLogWorker:Storage Directory /tmp/workdir/hadoop-ozone/integration-test/target/test-dir/MiniOzoneClusterImpl-872b95be-ab77-4531-967a-8b14dc65ac0a/datanode-2/data/ratis/59e767e2-5ad3-414c-a3a8-4b94fc18e307 for RaftStorage:Storage Directory /tmp/workdir/hadoop-ozone/integration-test/target/test-dir/MiniOzoneClusterImpl-872b95be-ab77-4531-967a-8b14dc65ac0a/datanode-2/data/ratis/59e767e2-5ad3-414c-a3a8-4b94fc18e307
2019-07-13 20:26:59,761 INFO  server.RaftServerConfigKeys (ConfUtils.java:logGet(43)) - raft.server.log.queue.byte-limit = 2147483647 (custom)
2019-07-13 20:26:59,761 INFO  server.RaftServerConfigKeys (ConfUtils.java:logGet(43)) - raft.server.log.queue.element-limit = 1024 (custom)
2019-07-13 20:26:59,761 INFO  server.RaftServerConfigKeys (ConfUtils.java:logGet(43)) - raft.server.log.segment.size.max = 1048576 (custom)
2019-07-13 20:26:59,762 INFO  server.RaftServerConfigKeys (ConfUtils.java:logGet(43)) - raft.server.log.preallocated.size = 16384 (custom)
2019-07-13 20:26:59,762 INFO  server.RaftServerConfigKeys (ConfUtils.java:logGet(43)) - raft.server.log.write.buffer.size = 33554432 (custom)
2019-07-13 20:26:59,762 INFO  server.RaftServerConfigKeys (ConfUtils.java:logGet(43)) - raft.server.log.force.sync.num = 128 (default)
2019-07-13 20:26:59,762 INFO  server.RaftServerConfigKeys (ConfUtils.java:logGet(43)) - raft.server.log.statemachine.data.sync = true (default)
2019-07-13 20:26:59,762 INFO  server.RaftServerConfigKeys (ConfUtils.java:logGet(43)) - raft.server.log.statemachine.data.sync.timeout = 10s (default)
2019-07-13 20:26:59,763 INFO  server.RaftServerConfigKeys (ConfUtils.java:logGet(43)) - raft.server.log.statemachine.data.sync.timeout.retry = -1 (default)
2019-07-13 20:26:59,763 INFO  server.RaftServerConfigKeys (ConfUtils.java:logGet(43)) - raft.server.log.statemachine.data.caching.enabled = true (custom)
2019-07-13 20:26:59,763 INFO  segmented.SegmentedRaftLogWorker (SegmentedRaftLogWorker.java:lambda$new$0(132)) - 4d4605e1-ea6f-4e85-b73e-f1014d13b8b6-SegmentedRaftLogWorker:Storage Directory /tmp/workdir/hadoop-ozone/integration-test/target/test-dir/MiniOzoneClusterImpl-872b95be-ab77-4531-967a-8b14dc65ac0a/datanode-2/data/ratis/59e767e2-5ad3-414c-a3a8-4b94fc18e307: flushIndex: setUnconditionally 0 -> -1
2019-07-13 20:26:59,764 INFO  server.RaftServerConfigKeys (ConfUtils.java:logGet(43)) - raft.server.snapshot.auto.trigger.enabled = true (custom)
2019-07-13 20:26:59,764 INFO  server.RaftServerConfigKeys (ConfUtils.java:logGet(43)) - raft.server.snapshot.auto.trigger.threshold = 10000 (custom)
2019-07-13 20:26:59,764 INFO  server.RaftServerConfigKeys (ConfUtils.java:logGet(43)) - raft.server.retrycache.expirytime = 600000ms (custom)
2019-07-13 20:26:59,765 INFO  impl.RaftServerImpl (RaftServerImpl.java:start(180)) - 4d4605e1-ea6f-4e85-b73e-f1014d13b8b6: start group-4B94FC18E307
2019-07-13 20:26:59,765 INFO  impl.RaftServerImpl (RaftServerImpl.java:setRole(171)) - 4d4605e1-ea6f-4e85-b73e-f1014d13b8b6:group-4B94FC18E307 changes role from null to FOLLOWER at term 0 for startAsFollower
2019-07-13 20:26:59,765 INFO  impl.RoleInfo (RoleInfo.java:updateAndGet(143)) - 4d4605e1-ea6f-4e85-b73e-f1014d13b8b6: start FollowerState
2019-07-13 20:26:59,765 INFO  util.JmxRegister (JmxRegister.java:tryRegister(44)) - Successfully registered JMX Bean with object name Ratis:service=RaftServer,group=group-4B94FC18E307,id=4d4605e1-ea6f-4e85-b73e-f1014d13b8b6
2019-07-13 20:26:59,778 INFO  pipeline.PipelineStateManager (PipelineStateManager.java:addPipeline(56)) - Created pipeline Pipeline[ Id: 59e767e2-5ad3-414c-a3a8-4b94fc18e307, Nodes: 4d4605e1-ea6f-4e85-b73e-f1014d13b8b6{ip: 192.168.5.168, host: trunk-nightly-6qp7m-2461138711, networkLocation: /default-rack, certSerialId: null}, Type:RATIS, Factor:ONE, State:OPEN]
2019-07-13 20:26:59,811 INFO  impl.RaftServerProxy (RaftServerProxy.java:addNew(89)) - 5129a9c2-d56f-42da-9a5a-6b0534561310: addNew group-20AAA7C2B727:[5129a9c2-d56f-42da-9a5a-6b0534561310:192.168.5.168:41026] returns group-20AAA7C2B727:java.util.concurrent.CompletableFuture@6b3cfd4b[Not completed]
2019-07-13 20:26:59,812 INFO  impl.RaftServerImpl (RaftServerImpl.java:<init>(93)) - 5129a9c2-d56f-42da-9a5a-6b0534561310: new RaftServerImpl for group-20AAA7C2B727:[5129a9c2-d56f-42da-9a5a-6b0534561310:192.168.5.168:41026] with ContainerStateMachine:uninitialized
2019-07-13 20:26:59,813 INFO  server.RaftServerConfigKeys (ConfUtils.java:logGet(43)) - raft.server.rpc.timeout.min = 5s (custom)
2019-07-13 20:26:59,813 INFO  server.RaftServerConfigKeys (ConfUtils.java:logGet(43)) - raft.server.rpc.timeout.max = 5200ms (custom)
2019-07-13 20:26:59,813 INFO  server.RaftServerConfigKeys (ConfUtils.java:logGet(43)) - raft.server.rpcslowness.timeout = 120s (custom)
2019-07-13 20:26:59,813 INFO  server.RaftServerConfigKeys (ConfUtils.java:logGet(43)) - raft.server.sleep.deviation.threshold = 300 (default)
2019-07-13 20:26:59,813 INFO  server.RaftServerConfigKeys (ConfUtils.java:logGet(43)) - raft.server.log.appender.install.snapshot.enabled = false (custom)
2019-07-13 20:26:59,813 INFO  impl.RaftServerImpl (ServerState.java:<init>(105)) - 5129a9c2-d56f-42da-9a5a-6b0534561310:group-20AAA7C2B727 ConfigurationManager, init=-1: [5129a9c2-d56f-42da-9a5a-6b0534561310:192.168.5.168:41026], old=null, confs=<EMPTY_MAP>
2019-07-13 20:26:59,813 INFO  server.RaftServerConfigKeys (ConfUtils.java:logGet(43)) - raft.server.storage.dir = [/tmp/workdir/hadoop-ozone/integration-test/target/test-dir/MiniOzoneClusterImpl-872b95be-ab77-4531-967a-8b14dc65ac0a/datanode-4/data/ratis] (custom)
2019-07-13 20:26:59,814 INFO  storage.RaftStorageDirectory (RaftStorageDirectory.java:analyzeStorage(246)) - The storage directory /tmp/workdir/hadoop-ozone/integration-test/target/test-dir/MiniOzoneClusterImpl-872b95be-ab77-4531-967a-8b14dc65ac0a/datanode-4/data/ratis/62935099-5989-457c-a417-20aaa7c2b727 does not exist. Creating ...
2019-07-13 20:26:59,823 INFO  ozone.MiniOzoneClusterImpl (MiniOzoneClusterImpl.java:lambda$waitForClusterToBeReady$0(142)) - Waiting for cluster to be ready. Got 6 of 7 DN Heartbeats.
2019-07-13 20:26:59,824 INFO  node.SCMNodeManager (SCMNodeManager.java:register(269)) - Registered Data node : 679e13b5-cbeb-48af-8f93-74b3a1ecf3c4{ip: 192.168.5.168, host: trunk-nightly-6qp7m-2461138711, networkLocation: /default-rack, certSerialId: null}
2019-07-13 20:26:59,826 INFO  storage.RaftStorageDirectory (RaftStorageDirectory.java:tryLock(328)) - Lock on /tmp/workdir/hadoop-ozone/integration-test/target/test-dir/MiniOzoneClusterImpl-872b95be-ab77-4531-967a-8b14dc65ac0a/datanode-4/data/ratis/62935099-5989-457c-a417-20aaa7c2b727/in_use.lock acquired by nodename 32015@trunk-nightly-6qp7m-2461138711
2019-07-13 20:26:59,831 INFO  storage.RaftStorage (RaftStorage.java:format(72)) - Storage directory /tmp/workdir/hadoop-ozone/integration-test/target/test-dir/MiniOzoneClusterImpl-872b95be-ab77-4531-967a-8b14dc65ac0a/datanode-4/data/ratis/62935099-5989-457c-a417-20aaa7c2b727 has been successfully formatted.
2019-07-13 20:26:59,832 INFO  ratis.ContainerStateMachine (ContainerStateMachine.java:loadSnapshot(200)) - The snapshot info is null.Setting the last applied index to:(t:0, i:~)
2019-07-13 20:26:59,832 INFO  server.RaftServerConfigKeys (ConfUtils.java:logGet(43)) - raft.server.leader.election.timeout = 120s (custom)
2019-07-13 20:26:59,832 INFO  server.RaftServerConfigKeys (ConfUtils.java:logGet(43)) - raft.server.log.use.memory = false (default)
2019-07-13 20:26:59,832 INFO  server.RaftServerConfigKeys (ConfUtils.java:logGet(43)) - raft.server.log.purge.gap = 1000000000 (custom)
2019-07-13 20:26:59,832 INFO  server.RaftServerConfigKeys (ConfUtils.java:logGet(43)) - raft.server.log.appender.buffer.byte-limit = 33554432 (custom)
2019-07-13 20:26:59,832 INFO  server.RaftServerConfigKeys (ConfUtils.java:logGet(43)) - raft.server.log.segment.size.max = 1048576 (custom)
2019-07-13 20:26:59,833 INFO  server.RaftServerConfigKeys (ConfUtils.java:logGet(43)) - raft.server.log.segment.cache.num.max = 2 (custom)
2019-07-13 20:26:59,833 INFO  segmented.SegmentedRaftLogWorker (SegmentedRaftLogWorker.java:<init>(172)) - new 5129a9c2-d56f-42da-9a5a-6b0534561310-SegmentedRaftLogWorker:Storage Directory /tmp/workdir/hadoop-ozone/integration-test/target/test-dir/MiniOzoneClusterImpl-872b95be-ab77-4531-967a-8b14dc65ac0a/datanode-4/data/ratis/62935099-5989-457c-a417-20aaa7c2b727 for RaftStorage:Storage Directory /tmp/workdir/hadoop-ozone/integration-test/target/test-dir/MiniOzoneClusterImpl-872b95be-ab77-4531-967a-8b14dc65ac0a/datanode-4/data/ratis/62935099-5989-457c-a417-20aaa7c2b727
2019-07-13 20:26:59,833 INFO  server.RaftServerConfigKeys (ConfUtils.java:logGet(43)) - raft.server.log.queue.byte-limit = 2147483647 (custom)
2019-07-13 20:26:59,833 INFO  server.RaftServerConfigKeys (ConfUtils.java:logGet(43)) - raft.server.log.queue.element-limit = 1024 (custom)
2019-07-13 20:26:59,833 INFO  server.RaftServerConfigKeys (ConfUtils.java:logGet(43)) - raft.server.log.segment.size.max = 1048576 (custom)
2019-07-13 20:26:59,833 INFO  server.RaftServerConfigKeys (ConfUtils.java:logGet(43)) - raft.server.log.preallocated.size = 16384 (custom)
2019-07-13 20:26:59,834 INFO  server.RaftServerConfigKeys (ConfUtils.java:logGet(43)) - raft.server.log.write.buffer.size = 33554432 (custom)
2019-07-13 20:26:59,834 INFO  server.RaftServerConfigKeys (ConfUtils.java:logGet(43)) - raft.server.log.force.sync.num = 128 (default)
2019-07-13 20:26:59,834 INFO  server.RaftServerConfigKeys (ConfUtils.java:logGet(43)) - raft.server.log.statemachine.data.sync = true (default)
2019-07-13 20:26:59,834 INFO  server.RaftServerConfigKeys (ConfUtils.java:logGet(43)) - raft.server.log.statemachine.data.sync.timeout = 10s (default)
2019-07-13 20:26:59,834 INFO  server.RaftServerConfigKeys (ConfUtils.java:logGet(43)) - raft.server.log.statemachine.data.sync.timeout.retry = -1 (default)
2019-07-13 20:26:59,835 INFO  server.RaftServerConfigKeys (ConfUtils.java:logGet(43)) - raft.server.log.statemachine.data.caching.enabled = true (custom)
2019-07-13 20:26:59,835 INFO  segmented.SegmentedRaftLogWorker (SegmentedRaftLogWorker.java:lambda$new$0(132)) - 5129a9c2-d56f-42da-9a5a-6b0534561310-SegmentedRaftLogWorker:Storage Directory /tmp/workdir/hadoop-ozone/integration-test/target/test-dir/MiniOzoneClusterImpl-872b95be-ab77-4531-967a-8b14dc65ac0a/datanode-4/data/ratis/62935099-5989-457c-a417-20aaa7c2b727: flushIndex: setUnconditionally 0 -> -1
2019-07-13 20:26:59,835 INFO  server.RaftServerConfigKeys (ConfUtils.java:logGet(43)) - raft.server.snapshot.auto.trigger.enabled = true (custom)
2019-07-13 20:26:59,835 INFO  server.RaftServerConfigKeys (ConfUtils.java:logGet(43)) - raft.server.snapshot.auto.trigger.threshold = 10000 (custom)
2019-07-13 20:26:59,836 INFO  server.RaftServerConfigKeys (ConfUtils.java:logGet(43)) - raft.server.retrycache.expirytime = 600000ms (custom)
2019-07-13 20:26:59,836 INFO  impl.RaftServerImpl (RaftServerImpl.java:start(180)) - 5129a9c2-d56f-42da-9a5a-6b0534561310: start group-20AAA7C2B727
2019-07-13 20:26:59,836 INFO  impl.RaftServerImpl (RaftServerImpl.java:setRole(171)) - 5129a9c2-d56f-42da-9a5a-6b0534561310:group-20AAA7C2B727 changes role from null to FOLLOWER at term 0 for startAsFollower
2019-07-13 20:26:59,836 INFO  impl.RoleInfo (RoleInfo.java:updateAndGet(143)) - 5129a9c2-d56f-42da-9a5a-6b0534561310: start FollowerState
2019-07-13 20:26:59,837 INFO  util.JmxRegister (JmxRegister.java:tryRegister(44)) - Successfully registered JMX Bean with object name Ratis:service=RaftServer,group=group-20AAA7C2B727,id=5129a9c2-d56f-42da-9a5a-6b0534561310
2019-07-13 20:26:59,849 INFO  pipeline.PipelineStateManager (PipelineStateManager.java:addPipeline(56)) - Created pipeline Pipeline[ Id: 62935099-5989-457c-a417-20aaa7c2b727, Nodes: 5129a9c2-d56f-42da-9a5a-6b0534561310{ip: 192.168.5.168, host: trunk-nightly-6qp7m-2461138711, networkLocation: /default-rack, certSerialId: null}, Type:RATIS, Factor:ONE, State:OPEN]
2019-07-13 20:26:59,871 INFO  impl.RaftServerProxy (RaftServerProxy.java:addNew(89)) - 679e13b5-cbeb-48af-8f93-74b3a1ecf3c4: addNew group-AD15D622ADE9:[679e13b5-cbeb-48af-8f93-74b3a1ecf3c4:192.168.5.168:36078] returns group-AD15D622ADE9:java.util.concurrent.CompletableFuture@2beecfa3[Not completed]
2019-07-13 20:26:59,872 INFO  impl.RaftServerImpl (RaftServerImpl.java:<init>(93)) - 679e13b5-cbeb-48af-8f93-74b3a1ecf3c4: new RaftServerImpl for group-AD15D622ADE9:[679e13b5-cbeb-48af-8f93-74b3a1ecf3c4:192.168.5.168:36078] with ContainerStateMachine:uninitialized
2019-07-13 20:26:59,873 INFO  server.RaftServerConfigKeys (ConfUtils.java:logGet(43)) - raft.server.rpc.timeout.min = 5s (custom)
2019-07-13 20:26:59,873 INFO  server.RaftServerConfigKeys (ConfUtils.java:logGet(43)) - raft.server.rpc.timeout.max = 5200ms (custom)
2019-07-13 20:26:59,873 INFO  server.RaftServerConfigKeys (ConfUtils.java:logGet(43)) - raft.server.rpcslowness.timeout = 120s (custom)
2019-07-13 20:26:59,873 INFO  server.RaftServerConfigKeys (ConfUtils.java:logGet(43)) - raft.server.sleep.deviation.threshold = 300 (default)
2019-07-13 20:26:59,873 INFO  server.RaftServerConfigKeys (ConfUtils.java:logGet(43)) - raft.server.log.appender.install.snapshot.enabled = false (custom)
2019-07-13 20:26:59,873 INFO  impl.RaftServerImpl (ServerState.java:<init>(105)) - 679e13b5-cbeb-48af-8f93-74b3a1ecf3c4:group-AD15D622ADE9 ConfigurationManager, init=-1: [679e13b5-cbeb-48af-8f93-74b3a1ecf3c4:192.168.5.168:36078], old=null, confs=<EMPTY_MAP>
2019-07-13 20:26:59,874 INFO  server.RaftServerConfigKeys (ConfUtils.java:logGet(43)) - raft.server.storage.dir = [/tmp/workdir/hadoop-ozone/integration-test/target/test-dir/MiniOzoneClusterImpl-872b95be-ab77-4531-967a-8b14dc65ac0a/datanode-6/data/ratis] (custom)
2019-07-13 20:26:59,874 INFO  storage.RaftStorageDirectory (RaftStorageDirectory.java:analyzeStorage(246)) - The storage directory /tmp/workdir/hadoop-ozone/integration-test/target/test-dir/MiniOzoneClusterImpl-872b95be-ab77-4531-967a-8b14dc65ac0a/datanode-6/data/ratis/260dad8d-99a3-48d2-9aec-ad15d622ade9 does not exist. Creating ...
2019-07-13 20:26:59,885 INFO  storage.RaftStorageDirectory (RaftStorageDirectory.java:tryLock(328)) - Lock on /tmp/workdir/hadoop-ozone/integration-test/target/test-dir/MiniOzoneClusterImpl-872b95be-ab77-4531-967a-8b14dc65ac0a/datanode-6/data/ratis/260dad8d-99a3-48d2-9aec-ad15d622ade9/in_use.lock acquired by nodename 32015@trunk-nightly-6qp7m-2461138711
2019-07-13 20:26:59,889 INFO  storage.RaftStorage (RaftStorage.java:format(72)) - Storage directory /tmp/workdir/hadoop-ozone/integration-test/target/test-dir/MiniOzoneClusterImpl-872b95be-ab77-4531-967a-8b14dc65ac0a/datanode-6/data/ratis/260dad8d-99a3-48d2-9aec-ad15d622ade9 has been successfully formatted.
2019-07-13 20:26:59,890 INFO  ratis.ContainerStateMachine (ContainerStateMachine.java:loadSnapshot(200)) - The snapshot info is null.Setting the last applied index to:(t:0, i:~)
2019-07-13 20:26:59,890 INFO  server.RaftServerConfigKeys (ConfUtils.java:logGet(43)) - raft.server.leader.election.timeout = 120s (custom)
2019-07-13 20:26:59,890 INFO  server.RaftServerConfigKeys (ConfUtils.java:logGet(43)) - raft.server.log.use.memory = false (default)
2019-07-13 20:26:59,890 INFO  server.RaftServerConfigKeys (ConfUtils.java:logGet(43)) - raft.server.log.purge.gap = 1000000000 (custom)
2019-07-13 20:26:59,890 INFO  server.RaftServerConfigKeys (ConfUtils.java:logGet(43)) - raft.server.log.appender.buffer.byte-limit = 33554432 (custom)
2019-07-13 20:26:59,890 INFO  server.RaftServerConfigKeys (ConfUtils.java:logGet(43)) - raft.server.log.segment.size.max = 1048576 (custom)
2019-07-13 20:26:59,891 INFO  server.RaftServerConfigKeys (ConfUtils.java:logGet(43)) - raft.server.log.segment.cache.num.max = 2 (custom)
2019-07-13 20:26:59,891 INFO  segmented.SegmentedRaftLogWorker (SegmentedRaftLogWorker.java:<init>(172)) - new 679e13b5-cbeb-48af-8f93-74b3a1ecf3c4-SegmentedRaftLogWorker:Storage Directory /tmp/workdir/hadoop-ozone/integration-test/target/test-dir/MiniOzoneClusterImpl-872b95be-ab77-4531-967a-8b14dc65ac0a/datanode-6/data/ratis/260dad8d-99a3-48d2-9aec-ad15d622ade9 for RaftStorage:Storage Directory /tmp/workdir/hadoop-ozone/integration-test/target/test-dir/MiniOzoneClusterImpl-872b95be-ab77-4531-967a-8b14dc65ac0a/datanode-6/data/ratis/260dad8d-99a3-48d2-9aec-ad15d622ade9
2019-07-13 20:26:59,891 INFO  server.RaftServerConfigKeys (ConfUtils.java:logGet(43)) - raft.server.log.queue.byte-limit = 2147483647 (custom)
2019-07-13 20:26:59,891 INFO  server.RaftServerConfigKeys (ConfUtils.java:logGet(43)) - raft.server.log.queue.element-limit = 1024 (custom)
2019-07-13 20:26:59,891 INFO  server.RaftServerConfigKeys (ConfUtils.java:logGet(43)) - raft.server.log.segment.size.max = 1048576 (custom)
2019-07-13 20:26:59,891 INFO  server.RaftServerConfigKeys (ConfUtils.java:logGet(43)) - raft.server.log.preallocated.size = 16384 (custom)
2019-07-13 20:26:59,892 INFO  server.RaftServerConfigKeys (ConfUtils.java:logGet(43)) - raft.server.log.write.buffer.size = 33554432 (custom)
2019-07-13 20:26:59,892 INFO  server.RaftServerConfigKeys (ConfUtils.java:logGet(43)) - raft.server.log.force.sync.num = 128 (default)
2019-07-13 20:26:59,892 INFO  server.RaftServerConfigKeys (ConfUtils.java:logGet(43)) - raft.server.log.statemachine.data.sync = true (default)
2019-07-13 20:26:59,892 INFO  server.RaftServerConfigKeys (ConfUtils.java:logGet(43)) - raft.server.log.statemachine.data.sync.timeout = 10s (default)
2019-07-13 20:26:59,892 INFO  server.RaftServerConfigKeys (ConfUtils.java:logGet(43)) - raft.server.log.statemachine.data.sync.timeout.retry = -1 (default)
2019-07-13 20:26:59,893 INFO  server.RaftServerConfigKeys (ConfUtils.java:logGet(43)) - raft.server.log.statemachine.data.caching.enabled = true (custom)
2019-07-13 20:26:59,893 INFO  segmented.SegmentedRaftLogWorker (SegmentedRaftLogWorker.java:lambda$new$0(132)) - 679e13b5-cbeb-48af-8f93-74b3a1ecf3c4-SegmentedRaftLogWorker:Storage Directory /tmp/workdir/hadoop-ozone/integration-test/target/test-dir/MiniOzoneClusterImpl-872b95be-ab77-4531-967a-8b14dc65ac0a/datanode-6/data/ratis/260dad8d-99a3-48d2-9aec-ad15d622ade9: flushIndex: setUnconditionally 0 -> -1
2019-07-13 20:26:59,893 INFO  server.RaftServerConfigKeys (ConfUtils.java:logGet(43)) - raft.server.snapshot.auto.trigger.enabled = true (custom)
2019-07-13 20:26:59,894 INFO  server.RaftServerConfigKeys (ConfUtils.java:logGet(43)) - raft.server.snapshot.auto.trigger.threshold = 10000 (custom)
2019-07-13 20:26:59,894 INFO  server.RaftServerConfigKeys (ConfUtils.java:logGet(43)) - raft.server.retrycache.expirytime = 600000ms (custom)
2019-07-13 20:26:59,894 INFO  impl.RaftServerImpl (RaftServerImpl.java:start(180)) - 679e13b5-cbeb-48af-8f93-74b3a1ecf3c4: start group-AD15D622ADE9
2019-07-13 20:26:59,894 INFO  impl.RaftServerImpl (RaftServerImpl.java:setRole(171)) - 679e13b5-cbeb-48af-8f93-74b3a1ecf3c4:group-AD15D622ADE9 changes role from null to FOLLOWER at term 0 for startAsFollower
2019-07-13 20:26:59,894 INFO  impl.RoleInfo (RoleInfo.java:updateAndGet(143)) - 679e13b5-cbeb-48af-8f93-74b3a1ecf3c4: start FollowerState
2019-07-13 20:26:59,895 INFO  util.JmxRegister (JmxRegister.java:tryRegister(44)) - Successfully registered JMX Bean with object name Ratis:service=RaftServer,group=group-AD15D622ADE9,id=679e13b5-cbeb-48af-8f93-74b3a1ecf3c4
2019-07-13 20:26:59,908 INFO  pipeline.PipelineStateManager (PipelineStateManager.java:addPipeline(56)) - Created pipeline Pipeline[ Id: 260dad8d-99a3-48d2-9aec-ad15d622ade9, Nodes: 679e13b5-cbeb-48af-8f93-74b3a1ecf3c4{ip: 192.168.5.168, host: trunk-nightly-6qp7m-2461138711, networkLocation: /default-rack, certSerialId: null}, Type:RATIS, Factor:ONE, State:OPEN]
2019-07-13 20:26:59,933 INFO  impl.RaftServerProxy (RaftServerProxy.java:addNew(89)) - 4968f71e-b86a-4dba-9a34-2f43601aaff0: addNew group-77C419D563DB:[4968f71e-b86a-4dba-9a34-2f43601aaff0:192.168.5.168:45613] returns group-77C419D563DB:java.util.concurrent.CompletableFuture@13719219[Not completed]
2019-07-13 20:26:59,934 INFO  impl.RaftServerImpl (RaftServerImpl.java:<init>(93)) - 4968f71e-b86a-4dba-9a34-2f43601aaff0: new RaftServerImpl for group-77C419D563DB:[4968f71e-b86a-4dba-9a34-2f43601aaff0:192.168.5.168:45613] with ContainerStateMachine:uninitialized
2019-07-13 20:26:59,934 INFO  server.RaftServerConfigKeys (ConfUtils.java:logGet(43)) - raft.server.rpc.timeout.min = 5s (custom)
2019-07-13 20:26:59,934 INFO  server.RaftServerConfigKeys (ConfUtils.java:logGet(43)) - raft.server.rpc.timeout.max = 5200ms (custom)
2019-07-13 20:26:59,935 INFO  server.RaftServerConfigKeys (ConfUtils.java:logGet(43)) - raft.server.rpcslowness.timeout = 120s (custom)
2019-07-13 20:26:59,935 INFO  server.RaftServerConfigKeys (ConfUtils.java:logGet(43)) - raft.server.sleep.deviation.threshold = 300 (default)
2019-07-13 20:26:59,935 INFO  server.RaftServerConfigKeys (ConfUtils.java:logGet(43)) - raft.server.log.appender.install.snapshot.enabled = false (custom)
2019-07-13 20:26:59,935 INFO  impl.RaftServerImpl (ServerState.java:<init>(105)) - 4968f71e-b86a-4dba-9a34-2f43601aaff0:group-77C419D563DB ConfigurationManager, init=-1: [4968f71e-b86a-4dba-9a34-2f43601aaff0:192.168.5.168:45613], old=null, confs=<EMPTY_MAP>
2019-07-13 20:26:59,935 INFO  server.RaftServerConfigKeys (ConfUtils.java:logGet(43)) - raft.server.storage.dir = [/tmp/workdir/hadoop-ozone/integration-test/target/test-dir/MiniOzoneClusterImpl-872b95be-ab77-4531-967a-8b14dc65ac0a/datanode-5/data/ratis] (custom)
2019-07-13 20:26:59,936 INFO  storage.RaftStorageDirectory (RaftStorageDirectory.java:analyzeStorage(246)) - The storage directory /tmp/workdir/hadoop-ozone/integration-test/target/test-dir/MiniOzoneClusterImpl-872b95be-ab77-4531-967a-8b14dc65ac0a/datanode-5/data/ratis/f232efdc-58b0-44fb-9106-77c419d563db does not exist. Creating ...
2019-07-13 20:26:59,940 INFO  storage.RaftStorageDirectory (RaftStorageDirectory.java:tryLock(328)) - Lock on /tmp/workdir/hadoop-ozone/integration-test/target/test-dir/MiniOzoneClusterImpl-872b95be-ab77-4531-967a-8b14dc65ac0a/datanode-5/data/ratis/f232efdc-58b0-44fb-9106-77c419d563db/in_use.lock acquired by nodename 32015@trunk-nightly-6qp7m-2461138711
2019-07-13 20:26:59,944 INFO  storage.RaftStorage (RaftStorage.java:format(72)) - Storage directory /tmp/workdir/hadoop-ozone/integration-test/target/test-dir/MiniOzoneClusterImpl-872b95be-ab77-4531-967a-8b14dc65ac0a/datanode-5/data/ratis/f232efdc-58b0-44fb-9106-77c419d563db has been successfully formatted.
2019-07-13 20:26:59,944 INFO  ratis.ContainerStateMachine (ContainerStateMachine.java:loadSnapshot(200)) - The snapshot info is null.Setting the last applied index to:(t:0, i:~)
2019-07-13 20:26:59,944 INFO  server.RaftServerConfigKeys (ConfUtils.java:logGet(43)) - raft.server.leader.election.timeout = 120s (custom)
2019-07-13 20:26:59,944 INFO  server.RaftServerConfigKeys (ConfUtils.java:logGet(43)) - raft.server.log.use.memory = false (default)
2019-07-13 20:26:59,944 INFO  server.RaftServerConfigKeys (ConfUtils.java:logGet(43)) - raft.server.log.purge.gap = 1000000000 (custom)
2019-07-13 20:26:59,944 INFO  server.RaftServerConfigKeys (ConfUtils.java:logGet(43)) - raft.server.log.appender.buffer.byte-limit = 33554432 (custom)
2019-07-13 20:26:59,945 INFO  server.RaftServerConfigKeys (ConfUtils.java:logGet(43)) - raft.server.log.segment.size.max = 1048576 (custom)
2019-07-13 20:26:59,945 INFO  server.RaftServerConfigKeys (ConfUtils.java:logGet(43)) - raft.server.log.segment.cache.num.max = 2 (custom)
2019-07-13 20:26:59,945 INFO  segmented.SegmentedRaftLogWorker (SegmentedRaftLogWorker.java:<init>(172)) - new 4968f71e-b86a-4dba-9a34-2f43601aaff0-SegmentedRaftLogWorker:Storage Directory /tmp/workdir/hadoop-ozone/integration-test/target/test-dir/MiniOzoneClusterImpl-872b95be-ab77-4531-967a-8b14dc65ac0a/datanode-5/data/ratis/f232efdc-58b0-44fb-9106-77c419d563db for RaftStorage:Storage Directory /tmp/workdir/hadoop-ozone/integration-test/target/test-dir/MiniOzoneClusterImpl-872b95be-ab77-4531-967a-8b14dc65ac0a/datanode-5/data/ratis/f232efdc-58b0-44fb-9106-77c419d563db
2019-07-13 20:26:59,945 INFO  server.RaftServerConfigKeys (ConfUtils.java:logGet(43)) - raft.server.log.queue.byte-limit = 2147483647 (custom)
2019-07-13 20:26:59,945 INFO  server.RaftServerConfigKeys (ConfUtils.java:logGet(43)) - raft.server.log.queue.element-limit = 1024 (custom)
2019-07-13 20:26:59,946 INFO  server.RaftServerConfigKeys (ConfUtils.java:logGet(43)) - raft.server.log.segment.size.max = 1048576 (custom)
2019-07-13 20:26:59,946 INFO  server.RaftServerConfigKeys (ConfUtils.java:logGet(43)) - raft.server.log.preallocated.size = 16384 (custom)
2019-07-13 20:26:59,946 INFO  server.RaftServerConfigKeys (ConfUtils.java:logGet(43)) - raft.server.log.write.buffer.size = 33554432 (custom)
2019-07-13 20:26:59,946 INFO  server.RaftServerConfigKeys (ConfUtils.java:logGet(43)) - raft.server.log.force.sync.num = 128 (default)
2019-07-13 20:26:59,946 INFO  server.RaftServerConfigKeys (ConfUtils.java:logGet(43)) - raft.server.log.statemachine.data.sync = true (default)
2019-07-13 20:26:59,946 INFO  server.RaftServerConfigKeys (ConfUtils.java:logGet(43)) - raft.server.log.statemachine.data.sync.timeout = 10s (default)
2019-07-13 20:26:59,946 INFO  server.RaftServerConfigKeys (ConfUtils.java:logGet(43)) - raft.server.log.statemachine.data.sync.timeout.retry = -1 (default)
2019-07-13 20:26:59,947 INFO  server.RaftServerConfigKeys (ConfUtils.java:logGet(43)) - raft.server.log.statemachine.data.caching.enabled = true (custom)
2019-07-13 20:26:59,947 INFO  segmented.SegmentedRaftLogWorker (SegmentedRaftLogWorker.java:lambda$new$0(132)) - 4968f71e-b86a-4dba-9a34-2f43601aaff0-SegmentedRaftLogWorker:Storage Directory /tmp/workdir/hadoop-ozone/integration-test/target/test-dir/MiniOzoneClusterImpl-872b95be-ab77-4531-967a-8b14dc65ac0a/datanode-5/data/ratis/f232efdc-58b0-44fb-9106-77c419d563db: flushIndex: setUnconditionally 0 -> -1
2019-07-13 20:26:59,947 INFO  server.RaftServerConfigKeys (ConfUtils.java:logGet(43)) - raft.server.snapshot.auto.trigger.enabled = true (custom)
2019-07-13 20:26:59,948 INFO  server.RaftServerConfigKeys (ConfUtils.java:logGet(43)) - raft.server.snapshot.auto.trigger.threshold = 10000 (custom)
2019-07-13 20:26:59,948 INFO  server.RaftServerConfigKeys (ConfUtils.java:logGet(43)) - raft.server.retrycache.expirytime = 600000ms (custom)
2019-07-13 20:26:59,948 INFO  impl.RaftServerImpl (RaftServerImpl.java:start(180)) - 4968f71e-b86a-4dba-9a34-2f43601aaff0: start group-77C419D563DB
2019-07-13 20:26:59,948 INFO  impl.RaftServerImpl (RaftServerImpl.java:setRole(171)) - 4968f71e-b86a-4dba-9a34-2f43601aaff0:group-77C419D563DB changes role from null to FOLLOWER at term 0 for startAsFollower
2019-07-13 20:26:59,948 INFO  impl.RoleInfo (RoleInfo.java:updateAndGet(143)) - 4968f71e-b86a-4dba-9a34-2f43601aaff0: start FollowerState
2019-07-13 20:26:59,949 INFO  util.JmxRegister (JmxRegister.java:tryRegister(44)) - Successfully registered JMX Bean with object name Ratis:service=RaftServer,group=group-77C419D563DB,id=4968f71e-b86a-4dba-9a34-2f43601aaff0
2019-07-13 20:26:59,958 INFO  pipeline.PipelineStateManager (PipelineStateManager.java:addPipeline(56)) - Created pipeline Pipeline[ Id: f232efdc-58b0-44fb-9106-77c419d563db, Nodes: 4968f71e-b86a-4dba-9a34-2f43601aaff0{ip: 192.168.5.168, host: trunk-nightly-6qp7m-2461138711, networkLocation: /default-rack, certSerialId: null}, Type:RATIS, Factor:ONE, State:OPEN]
2019-07-13 20:26:59,974 INFO  impl.RaftServerProxy (RaftServerProxy.java:addNew(89)) - 1d967e2d-b700-42c4-a2b3-153b0a458c5c: addNew group-E25856522DB7:[1d967e2d-b700-42c4-a2b3-153b0a458c5c:192.168.5.168:46665] returns group-E25856522DB7:java.util.concurrent.CompletableFuture@419abb4d[Not completed]
2019-07-13 20:26:59,977 INFO  impl.RaftServerImpl (RaftServerImpl.java:<init>(93)) - 1d967e2d-b700-42c4-a2b3-153b0a458c5c: new RaftServerImpl for group-E25856522DB7:[1d967e2d-b700-42c4-a2b3-153b0a458c5c:192.168.5.168:46665] with ContainerStateMachine:uninitialized
2019-07-13 20:26:59,977 INFO  server.RaftServerConfigKeys (ConfUtils.java:logGet(43)) - raft.server.rpc.timeout.min = 5s (custom)
2019-07-13 20:26:59,977 INFO  server.RaftServerConfigKeys (ConfUtils.java:logGet(43)) - raft.server.rpc.timeout.max = 5200ms (custom)
2019-07-13 20:26:59,977 INFO  server.RaftServerConfigKeys (ConfUtils.java:logGet(43)) - raft.server.rpcslowness.timeout = 120s (custom)
2019-07-13 20:26:59,977 INFO  server.RaftServerConfigKeys (ConfUtils.java:logGet(43)) - raft.server.sleep.deviation.threshold = 300 (default)
2019-07-13 20:26:59,977 INFO  server.RaftServerConfigKeys (ConfUtils.java:logGet(43)) - raft.server.log.appender.install.snapshot.enabled = false (custom)
2019-07-13 20:26:59,977 INFO  impl.RaftServerImpl (ServerState.java:<init>(105)) - 1d967e2d-b700-42c4-a2b3-153b0a458c5c:group-E25856522DB7 ConfigurationManager, init=-1: [1d967e2d-b700-42c4-a2b3-153b0a458c5c:192.168.5.168:46665], old=null, confs=<EMPTY_MAP>
2019-07-13 20:26:59,978 INFO  server.RaftServerConfigKeys (ConfUtils.java:logGet(43)) - raft.server.storage.dir = [/tmp/workdir/hadoop-ozone/integration-test/target/test-dir/MiniOzoneClusterImpl-872b95be-ab77-4531-967a-8b14dc65ac0a/datanode-1/data/ratis] (custom)
2019-07-13 20:26:59,978 INFO  storage.RaftStorageDirectory (RaftStorageDirectory.java:analyzeStorage(246)) - The storage directory /tmp/workdir/hadoop-ozone/integration-test/target/test-dir/MiniOzoneClusterImpl-872b95be-ab77-4531-967a-8b14dc65ac0a/datanode-1/data/ratis/c789731e-32c0-4225-9722-e25856522db7 does not exist. Creating ...
2019-07-13 20:26:59,982 INFO  storage.RaftStorageDirectory (RaftStorageDirectory.java:tryLock(328)) - Lock on /tmp/workdir/hadoop-ozone/integration-test/target/test-dir/MiniOzoneClusterImpl-872b95be-ab77-4531-967a-8b14dc65ac0a/datanode-1/data/ratis/c789731e-32c0-4225-9722-e25856522db7/in_use.lock acquired by nodename 32015@trunk-nightly-6qp7m-2461138711
2019-07-13 20:26:59,985 INFO  storage.RaftStorage (RaftStorage.java:format(72)) - Storage directory /tmp/workdir/hadoop-ozone/integration-test/target/test-dir/MiniOzoneClusterImpl-872b95be-ab77-4531-967a-8b14dc65ac0a/datanode-1/data/ratis/c789731e-32c0-4225-9722-e25856522db7 has been successfully formatted.
2019-07-13 20:26:59,986 INFO  ratis.ContainerStateMachine (ContainerStateMachine.java:loadSnapshot(200)) - The snapshot info is null.Setting the last applied index to:(t:0, i:~)
2019-07-13 20:26:59,986 INFO  server.RaftServerConfigKeys (ConfUtils.java:logGet(43)) - raft.server.leader.election.timeout = 120s (custom)
2019-07-13 20:26:59,986 INFO  server.RaftServerConfigKeys (ConfUtils.java:logGet(43)) - raft.server.log.use.memory = false (default)
2019-07-13 20:26:59,986 INFO  server.RaftServerConfigKeys (ConfUtils.java:logGet(43)) - raft.server.log.purge.gap = 1000000000 (custom)
2019-07-13 20:26:59,986 INFO  server.RaftServerConfigKeys (ConfUtils.java:logGet(43)) - raft.server.log.appender.buffer.byte-limit = 33554432 (custom)
2019-07-13 20:26:59,986 INFO  server.RaftServerConfigKeys (ConfUtils.java:logGet(43)) - raft.server.log.segment.size.max = 1048576 (custom)
2019-07-13 20:26:59,987 INFO  server.RaftServerConfigKeys (ConfUtils.java:logGet(43)) - raft.server.log.segment.cache.num.max = 2 (custom)
2019-07-13 20:26:59,987 INFO  segmented.SegmentedRaftLogWorker (SegmentedRaftLogWorker.java:<init>(172)) - new 1d967e2d-b700-42c4-a2b3-153b0a458c5c-SegmentedRaftLogWorker:Storage Directory /tmp/workdir/hadoop-ozone/integration-test/target/test-dir/MiniOzoneClusterImpl-872b95be-ab77-4531-967a-8b14dc65ac0a/datanode-1/data/ratis/c789731e-32c0-4225-9722-e25856522db7 for RaftStorage:Storage Directory /tmp/workdir/hadoop-ozone/integration-test/target/test-dir/MiniOzoneClusterImpl-872b95be-ab77-4531-967a-8b14dc65ac0a/datanode-1/data/ratis/c789731e-32c0-4225-9722-e25856522db7
2019-07-13 20:26:59,987 INFO  server.RaftServerConfigKeys (ConfUtils.java:logGet(43)) - raft.server.log.queue.byte-limit = 2147483647 (custom)
2019-07-13 20:26:59,987 INFO  server.RaftServerConfigKeys (ConfUtils.java:logGet(43)) - raft.server.log.queue.element-limit = 1024 (custom)
2019-07-13 20:26:59,987 INFO  server.RaftServerConfigKeys (ConfUtils.java:logGet(43)) - raft.server.log.segment.size.max = 1048576 (custom)
2019-07-13 20:26:59,987 INFO  server.RaftServerConfigKeys (ConfUtils.java:logGet(43)) - raft.server.log.preallocated.size = 16384 (custom)
2019-07-13 20:26:59,988 INFO  server.RaftServerConfigKeys (ConfUtils.java:logGet(43)) - raft.server.log.write.buffer.size = 33554432 (custom)
2019-07-13 20:26:59,988 INFO  server.RaftServerConfigKeys (ConfUtils.java:logGet(43)) - raft.server.log.force.sync.num = 128 (default)
2019-07-13 20:26:59,988 INFO  server.RaftServerConfigKeys (ConfUtils.java:logGet(43)) - raft.server.log.statemachine.data.sync = true (default)
2019-07-13 20:26:59,988 INFO  server.RaftServerConfigKeys (ConfUtils.java:logGet(43)) - raft.server.log.statemachine.data.sync.timeout = 10s (default)
2019-07-13 20:26:59,988 INFO  server.RaftServerConfigKeys (ConfUtils.java:logGet(43)) - raft.server.log.statemachine.data.sync.timeout.retry = -1 (default)
2019-07-13 20:26:59,989 INFO  server.RaftServerConfigKeys (ConfUtils.java:logGet(43)) - raft.server.log.statemachine.data.caching.enabled = true (custom)
2019-07-13 20:26:59,989 INFO  segmented.SegmentedRaftLogWorker (SegmentedRaftLogWorker.java:lambda$new$0(132)) - 1d967e2d-b700-42c4-a2b3-153b0a458c5c-SegmentedRaftLogWorker:Storage Directory /tmp/workdir/hadoop-ozone/integration-test/target/test-dir/MiniOzoneClusterImpl-872b95be-ab77-4531-967a-8b14dc65ac0a/datanode-1/data/ratis/c789731e-32c0-4225-9722-e25856522db7: flushIndex: setUnconditionally 0 -> -1
2019-07-13 20:26:59,989 INFO  server.RaftServerConfigKeys (ConfUtils.java:logGet(43)) - raft.server.snapshot.auto.trigger.enabled = true (custom)
2019-07-13 20:26:59,989 INFO  server.RaftServerConfigKeys (ConfUtils.java:logGet(43)) - raft.server.snapshot.auto.trigger.threshold = 10000 (custom)
2019-07-13 20:26:59,990 INFO  server.RaftServerConfigKeys (ConfUtils.java:logGet(43)) - raft.server.retrycache.expirytime = 600000ms (custom)
2019-07-13 20:26:59,990 INFO  impl.RaftServerImpl (RaftServerImpl.java:start(180)) - 1d967e2d-b700-42c4-a2b3-153b0a458c5c: start group-E25856522DB7
2019-07-13 20:26:59,990 INFO  impl.RaftServerImpl (RaftServerImpl.java:setRole(171)) - 1d967e2d-b700-42c4-a2b3-153b0a458c5c:group-E25856522DB7 changes role from null to FOLLOWER at term 0 for startAsFollower
2019-07-13 20:26:59,990 INFO  impl.RoleInfo (RoleInfo.java:updateAndGet(143)) - 1d967e2d-b700-42c4-a2b3-153b0a458c5c: start FollowerState
2019-07-13 20:26:59,991 INFO  util.JmxRegister (JmxRegister.java:tryRegister(44)) - Successfully registered JMX Bean with object name Ratis:service=RaftServer,group=group-E25856522DB7,id=1d967e2d-b700-42c4-a2b3-153b0a458c5c
2019-07-13 20:27:00,005 INFO  pipeline.PipelineStateManager (PipelineStateManager.java:addPipeline(56)) - Created pipeline Pipeline[ Id: c789731e-32c0-4225-9722-e25856522db7, Nodes: 1d967e2d-b700-42c4-a2b3-153b0a458c5c{ip: 192.168.5.168, host: trunk-nightly-6qp7m-2461138711, networkLocation: /default-rack, certSerialId: null}, Type:RATIS, Factor:ONE, State:OPEN]
2019-07-13 20:27:00,046 INFO  impl.RaftServerProxy (RaftServerProxy.java:addNew(89)) - 4d4605e1-ea6f-4e85-b73e-f1014d13b8b6: addNew group-E24B9D14126E:[825fc8cb-e295-459a-823c-e1bcea5ab3c4:192.168.5.168:45388, 4d4605e1-ea6f-4e85-b73e-f1014d13b8b6:192.168.5.168:34965, 5129a9c2-d56f-42da-9a5a-6b0534561310:192.168.5.168:41026] returns group-E24B9D14126E:java.util.concurrent.CompletableFuture@3a8c419a[Not completed]
2019-07-13 20:27:00,047 INFO  impl.RaftServerImpl (RaftServerImpl.java:<init>(93)) - 4d4605e1-ea6f-4e85-b73e-f1014d13b8b6: new RaftServerImpl for group-E24B9D14126E:[825fc8cb-e295-459a-823c-e1bcea5ab3c4:192.168.5.168:45388, 4d4605e1-ea6f-4e85-b73e-f1014d13b8b6:192.168.5.168:34965, 5129a9c2-d56f-42da-9a5a-6b0534561310:192.168.5.168:41026] with ContainerStateMachine:uninitialized
2019-07-13 20:27:00,049 INFO  server.RaftServerConfigKeys (ConfUtils.java:logGet(43)) - raft.server.rpc.timeout.min = 5s (custom)
2019-07-13 20:27:00,049 INFO  impl.RaftServerProxy (RaftServerProxy.java:addNew(89)) - 825fc8cb-e295-459a-823c-e1bcea5ab3c4: addNew group-E24B9D14126E:[825fc8cb-e295-459a-823c-e1bcea5ab3c4:192.168.5.168:45388, 4d4605e1-ea6f-4e85-b73e-f1014d13b8b6:192.168.5.168:34965, 5129a9c2-d56f-42da-9a5a-6b0534561310:192.168.5.168:41026] returns group-E24B9D14126E:java.util.concurrent.CompletableFuture@7ae138e7[Not completed]
2019-07-13 20:27:00,050 INFO  server.RaftServerConfigKeys (ConfUtils.java:logGet(43)) - raft.server.rpc.timeout.max = 5200ms (custom)
2019-07-13 20:27:00,050 INFO  server.RaftServerConfigKeys (ConfUtils.java:logGet(43)) - raft.server.rpcslowness.timeout = 120s (custom)
2019-07-13 20:27:00,050 INFO  server.RaftServerConfigKeys (ConfUtils.java:logGet(43)) - raft.server.sleep.deviation.threshold = 300 (default)
2019-07-13 20:27:00,050 INFO  impl.RaftServerProxy (RaftServerProxy.java:addNew(89)) - 5129a9c2-d56f-42da-9a5a-6b0534561310: addNew group-E24B9D14126E:[825fc8cb-e295-459a-823c-e1bcea5ab3c4:192.168.5.168:45388, 4d4605e1-ea6f-4e85-b73e-f1014d13b8b6:192.168.5.168:34965, 5129a9c2-d56f-42da-9a5a-6b0534561310:192.168.5.168:41026] returns group-E24B9D14126E:java.util.concurrent.CompletableFuture@79204303[Not completed]
2019-07-13 20:27:00,050 INFO  server.RaftServerConfigKeys (ConfUtils.java:logGet(43)) - raft.server.log.appender.install.snapshot.enabled = false (custom)
2019-07-13 20:27:00,050 INFO  impl.RaftServerImpl (ServerState.java:<init>(105)) - 4d4605e1-ea6f-4e85-b73e-f1014d13b8b6:group-E24B9D14126E ConfigurationManager, init=-1: [825fc8cb-e295-459a-823c-e1bcea5ab3c4:192.168.5.168:45388, 4d4605e1-ea6f-4e85-b73e-f1014d13b8b6:192.168.5.168:34965, 5129a9c2-d56f-42da-9a5a-6b0534561310:192.168.5.168:41026], old=null, confs=<EMPTY_MAP>
2019-07-13 20:27:00,051 INFO  server.RaftServerConfigKeys (ConfUtils.java:logGet(43)) - raft.server.storage.dir = [/tmp/workdir/hadoop-ozone/integration-test/target/test-dir/MiniOzoneClusterImpl-872b95be-ab77-4531-967a-8b14dc65ac0a/datanode-2/data/ratis] (custom)
2019-07-13 20:27:00,051 INFO  impl.RaftServerImpl (RaftServerImpl.java:<init>(93)) - 825fc8cb-e295-459a-823c-e1bcea5ab3c4: new RaftServerImpl for group-E24B9D14126E:[825fc8cb-e295-459a-823c-e1bcea5ab3c4:192.168.5.168:45388, 4d4605e1-ea6f-4e85-b73e-f1014d13b8b6:192.168.5.168:34965, 5129a9c2-d56f-42da-9a5a-6b0534561310:192.168.5.168:41026] with ContainerStateMachine:uninitialized
2019-07-13 20:27:00,051 INFO  storage.RaftStorageDirectory (RaftStorageDirectory.java:analyzeStorage(246)) - The storage directory /tmp/workdir/hadoop-ozone/integration-test/target/test-dir/MiniOzoneClusterImpl-872b95be-ab77-4531-967a-8b14dc65ac0a/datanode-2/data/ratis/8737a65d-ccfe-4136-87a4-e24b9d14126e does not exist. Creating ...
2019-07-13 20:27:00,051 INFO  server.RaftServerConfigKeys (ConfUtils.java:logGet(43)) - raft.server.rpc.timeout.min = 5s (custom)
2019-07-13 20:27:00,051 INFO  server.RaftServerConfigKeys (ConfUtils.java:logGet(43)) - raft.server.rpc.timeout.max = 5200ms (custom)
2019-07-13 20:27:00,052 INFO  impl.RaftServerImpl (RaftServerImpl.java:<init>(93)) - 5129a9c2-d56f-42da-9a5a-6b0534561310: new RaftServerImpl for group-E24B9D14126E:[825fc8cb-e295-459a-823c-e1bcea5ab3c4:192.168.5.168:45388, 4d4605e1-ea6f-4e85-b73e-f1014d13b8b6:192.168.5.168:34965, 5129a9c2-d56f-42da-9a5a-6b0534561310:192.168.5.168:41026] with ContainerStateMachine:uninitialized
2019-07-13 20:27:00,052 INFO  server.RaftServerConfigKeys (ConfUtils.java:logGet(43)) - raft.server.rpcslowness.timeout = 120s (custom)
2019-07-13 20:27:00,052 INFO  server.RaftServerConfigKeys (ConfUtils.java:logGet(43)) - raft.server.rpc.timeout.min = 5s (custom)
2019-07-13 20:27:00,052 INFO  server.RaftServerConfigKeys (ConfUtils.java:logGet(43)) - raft.server.sleep.deviation.threshold = 300 (default)
2019-07-13 20:27:00,052 INFO  server.RaftServerConfigKeys (ConfUtils.java:logGet(43)) - raft.server.rpc.timeout.max = 5200ms (custom)
2019-07-13 20:27:00,052 INFO  server.RaftServerConfigKeys (ConfUtils.java:logGet(43)) - raft.server.log.appender.install.snapshot.enabled = false (custom)
2019-07-13 20:27:00,052 INFO  server.RaftServerConfigKeys (ConfUtils.java:logGet(43)) - raft.server.rpcslowness.timeout = 120s (custom)
2019-07-13 20:27:00,052 INFO  impl.RaftServerImpl (ServerState.java:<init>(105)) - 825fc8cb-e295-459a-823c-e1bcea5ab3c4:group-E24B9D14126E ConfigurationManager, init=-1: [825fc8cb-e295-459a-823c-e1bcea5ab3c4:192.168.5.168:45388, 4d4605e1-ea6f-4e85-b73e-f1014d13b8b6:192.168.5.168:34965, 5129a9c2-d56f-42da-9a5a-6b0534561310:192.168.5.168:41026], old=null, confs=<EMPTY_MAP>
2019-07-13 20:27:00,052 INFO  server.RaftServerConfigKeys (ConfUtils.java:logGet(43)) - raft.server.sleep.deviation.threshold = 300 (default)
2019-07-13 20:27:00,053 INFO  server.RaftServerConfigKeys (ConfUtils.java:logGet(43)) - raft.server.storage.dir = [/tmp/workdir/hadoop-ozone/integration-test/target/test-dir/MiniOzoneClusterImpl-872b95be-ab77-4531-967a-8b14dc65ac0a/datanode-3/data/ratis] (custom)
2019-07-13 20:27:00,053 INFO  server.RaftServerConfigKeys (ConfUtils.java:logGet(43)) - raft.server.log.appender.install.snapshot.enabled = false (custom)
2019-07-13 20:27:00,053 INFO  impl.RaftServerImpl (ServerState.java:<init>(105)) - 5129a9c2-d56f-42da-9a5a-6b0534561310:group-E24B9D14126E ConfigurationManager, init=-1: [825fc8cb-e295-459a-823c-e1bcea5ab3c4:192.168.5.168:45388, 4d4605e1-ea6f-4e85-b73e-f1014d13b8b6:192.168.5.168:34965, 5129a9c2-d56f-42da-9a5a-6b0534561310:192.168.5.168:41026], old=null, confs=<EMPTY_MAP>
2019-07-13 20:27:00,053 INFO  storage.RaftStorageDirectory (RaftStorageDirectory.java:analyzeStorage(246)) - The storage directory /tmp/workdir/hadoop-ozone/integration-test/target/test-dir/MiniOzoneClusterImpl-872b95be-ab77-4531-967a-8b14dc65ac0a/datanode-3/data/ratis/8737a65d-ccfe-4136-87a4-e24b9d14126e does not exist. Creating ...
2019-07-13 20:27:00,053 INFO  server.RaftServerConfigKeys (ConfUtils.java:logGet(43)) - raft.server.storage.dir = [/tmp/workdir/hadoop-ozone/integration-test/target/test-dir/MiniOzoneClusterImpl-872b95be-ab77-4531-967a-8b14dc65ac0a/datanode-4/data/ratis] (custom)
2019-07-13 20:27:00,054 INFO  storage.RaftStorageDirectory (RaftStorageDirectory.java:analyzeStorage(246)) - The storage directory /tmp/workdir/hadoop-ozone/integration-test/target/test-dir/MiniOzoneClusterImpl-872b95be-ab77-4531-967a-8b14dc65ac0a/datanode-4/data/ratis/8737a65d-ccfe-4136-87a4-e24b9d14126e does not exist. Creating ...
2019-07-13 20:27:00,066 INFO  storage.RaftStorageDirectory (RaftStorageDirectory.java:tryLock(328)) - Lock on /tmp/workdir/hadoop-ozone/integration-test/target/test-dir/MiniOzoneClusterImpl-872b95be-ab77-4531-967a-8b14dc65ac0a/datanode-2/data/ratis/8737a65d-ccfe-4136-87a4-e24b9d14126e/in_use.lock acquired by nodename 32015@trunk-nightly-6qp7m-2461138711
2019-07-13 20:27:00,066 INFO  storage.RaftStorageDirectory (RaftStorageDirectory.java:tryLock(328)) - Lock on /tmp/workdir/hadoop-ozone/integration-test/target/test-dir/MiniOzoneClusterImpl-872b95be-ab77-4531-967a-8b14dc65ac0a/datanode-4/data/ratis/8737a65d-ccfe-4136-87a4-e24b9d14126e/in_use.lock acquired by nodename 32015@trunk-nightly-6qp7m-2461138711
2019-07-13 20:27:00,066 INFO  storage.RaftStorageDirectory (RaftStorageDirectory.java:tryLock(328)) - Lock on /tmp/workdir/hadoop-ozone/integration-test/target/test-dir/MiniOzoneClusterImpl-872b95be-ab77-4531-967a-8b14dc65ac0a/datanode-3/data/ratis/8737a65d-ccfe-4136-87a4-e24b9d14126e/in_use.lock acquired by nodename 32015@trunk-nightly-6qp7m-2461138711
2019-07-13 20:27:00,073 INFO  storage.RaftStorage (RaftStorage.java:format(72)) - Storage directory /tmp/workdir/hadoop-ozone/integration-test/target/test-dir/MiniOzoneClusterImpl-872b95be-ab77-4531-967a-8b14dc65ac0a/datanode-2/data/ratis/8737a65d-ccfe-4136-87a4-e24b9d14126e has been successfully formatted.
2019-07-13 20:27:00,073 INFO  storage.RaftStorage (RaftStorage.java:format(72)) - Storage directory /tmp/workdir/hadoop-ozone/integration-test/target/test-dir/MiniOzoneClusterImpl-872b95be-ab77-4531-967a-8b14dc65ac0a/datanode-3/data/ratis/8737a65d-ccfe-4136-87a4-e24b9d14126e has been successfully formatted.
2019-07-13 20:27:00,073 INFO  storage.RaftStorage (RaftStorage.java:format(72)) - Storage directory /tmp/workdir/hadoop-ozone/integration-test/target/test-dir/MiniOzoneClusterImpl-872b95be-ab77-4531-967a-8b14dc65ac0a/datanode-4/data/ratis/8737a65d-ccfe-4136-87a4-e24b9d14126e has been successfully formatted.
2019-07-13 20:27:00,073 INFO  ratis.ContainerStateMachine (ContainerStateMachine.java:loadSnapshot(200)) - The snapshot info is null.Setting the last applied index to:(t:0, i:~)
2019-07-13 20:27:00,074 INFO  ratis.ContainerStateMachine (ContainerStateMachine.java:loadSnapshot(200)) - The snapshot info is null.Setting the last applied index to:(t:0, i:~)
2019-07-13 20:27:00,073 INFO  ratis.ContainerStateMachine (ContainerStateMachine.java:loadSnapshot(200)) - The snapshot info is null.Setting the last applied index to:(t:0, i:~)
2019-07-13 20:27:00,074 INFO  server.RaftServerConfigKeys (ConfUtils.java:logGet(43)) - raft.server.leader.election.timeout = 120s (custom)
2019-07-13 20:27:00,074 INFO  server.RaftServerConfigKeys (ConfUtils.java:logGet(43)) - raft.server.leader.election.timeout = 120s (custom)
2019-07-13 20:27:00,074 INFO  server.RaftServerConfigKeys (ConfUtils.java:logGet(43)) - raft.server.log.use.memory = false (default)
2019-07-13 20:27:00,074 INFO  server.RaftServerConfigKeys (ConfUtils.java:logGet(43)) - raft.server.leader.election.timeout = 120s (custom)
2019-07-13 20:27:00,075 INFO  server.RaftServerConfigKeys (ConfUtils.java:logGet(43)) - raft.server.log.purge.gap = 1000000000 (custom)
2019-07-13 20:27:00,074 INFO  server.RaftServerConfigKeys (ConfUtils.java:logGet(43)) - raft.server.log.use.memory = false (default)
2019-07-13 20:27:00,075 INFO  server.RaftServerConfigKeys (ConfUtils.java:logGet(43)) - raft.server.log.appender.buffer.byte-limit = 33554432 (custom)
2019-07-13 20:27:00,075 INFO  server.RaftServerConfigKeys (ConfUtils.java:logGet(43)) - raft.server.log.use.memory = false (default)
2019-07-13 20:27:00,075 INFO  server.RaftServerConfigKeys (ConfUtils.java:logGet(43)) - raft.server.log.segment.size.max = 1048576 (custom)
2019-07-13 20:27:00,075 INFO  server.RaftServerConfigKeys (ConfUtils.java:logGet(43)) - raft.server.log.purge.gap = 1000000000 (custom)
2019-07-13 20:27:00,075 INFO  server.RaftServerConfigKeys (ConfUtils.java:logGet(43)) - raft.server.log.segment.cache.num.max = 2 (custom)
2019-07-13 20:27:00,075 INFO  server.RaftServerConfigKeys (ConfUtils.java:logGet(43)) - raft.server.log.purge.gap = 1000000000 (custom)
2019-07-13 20:27:00,076 INFO  segmented.SegmentedRaftLogWorker (SegmentedRaftLogWorker.java:<init>(172)) - new 5129a9c2-d56f-42da-9a5a-6b0534561310-SegmentedRaftLogWorker:Storage Directory /tmp/workdir/hadoop-ozone/integration-test/target/test-dir/MiniOzoneClusterImpl-872b95be-ab77-4531-967a-8b14dc65ac0a/datanode-4/data/ratis/8737a65d-ccfe-4136-87a4-e24b9d14126e for RaftStorage:Storage Directory /tmp/workdir/hadoop-ozone/integration-test/target/test-dir/MiniOzoneClusterImpl-872b95be-ab77-4531-967a-8b14dc65ac0a/datanode-4/data/ratis/8737a65d-ccfe-4136-87a4-e24b9d14126e
2019-07-13 20:27:00,076 INFO  server.RaftServerConfigKeys (ConfUtils.java:logGet(43)) - raft.server.log.appender.buffer.byte-limit = 33554432 (custom)
2019-07-13 20:27:00,076 INFO  server.RaftServerConfigKeys (ConfUtils.java:logGet(43)) - raft.server.log.queue.byte-limit = 2147483647 (custom)
2019-07-13 20:27:00,076 INFO  server.RaftServerConfigKeys (ConfUtils.java:logGet(43)) - raft.server.log.appender.buffer.byte-limit = 33554432 (custom)
2019-07-13 20:27:00,078 INFO  server.RaftServerConfigKeys (ConfUtils.java:logGet(43)) - raft.server.log.queue.element-limit = 1024 (custom)
2019-07-13 20:27:00,078 INFO  server.RaftServerConfigKeys (ConfUtils.java:logGet(43)) - raft.server.log.segment.size.max = 1048576 (custom)
2019-07-13 20:27:00,079 INFO  server.RaftServerConfigKeys (ConfUtils.java:logGet(43)) - raft.server.log.segment.size.max = 1048576 (custom)
2019-07-13 20:27:00,078 INFO  server.RaftServerConfigKeys (ConfUtils.java:logGet(43)) - raft.server.log.segment.size.max = 1048576 (custom)
2019-07-13 20:27:00,079 INFO  server.RaftServerConfigKeys (ConfUtils.java:logGet(43)) - raft.server.log.preallocated.size = 16384 (custom)
2019-07-13 20:27:00,079 INFO  server.RaftServerConfigKeys (ConfUtils.java:logGet(43)) - raft.server.log.segment.cache.num.max = 2 (custom)
2019-07-13 20:27:00,079 INFO  server.RaftServerConfigKeys (ConfUtils.java:logGet(43)) - raft.server.log.write.buffer.size = 33554432 (custom)
2019-07-13 20:27:00,079 INFO  server.RaftServerConfigKeys (ConfUtils.java:logGet(43)) - raft.server.log.segment.cache.num.max = 2 (custom)
2019-07-13 20:27:00,080 INFO  server.RaftServerConfigKeys (ConfUtils.java:logGet(43)) - raft.server.log.force.sync.num = 128 (default)
2019-07-13 20:27:00,079 INFO  segmented.SegmentedRaftLogWorker (SegmentedRaftLogWorker.java:<init>(172)) - new 825fc8cb-e295-459a-823c-e1bcea5ab3c4-SegmentedRaftLogWorker:Storage Directory /tmp/workdir/hadoop-ozone/integration-test/target/test-dir/MiniOzoneClusterImpl-872b95be-ab77-4531-967a-8b14dc65ac0a/datanode-3/data/ratis/8737a65d-ccfe-4136-87a4-e24b9d14126e for RaftStorage:Storage Directory /tmp/workdir/hadoop-ozone/integration-test/target/test-dir/MiniOzoneClusterImpl-872b95be-ab77-4531-967a-8b14dc65ac0a/datanode-3/data/ratis/8737a65d-ccfe-4136-87a4-e24b9d14126e
2019-07-13 20:27:00,080 INFO  server.RaftServerConfigKeys (ConfUtils.java:logGet(43)) - raft.server.log.statemachine.data.sync = true (default)
2019-07-13 20:27:00,080 INFO  segmented.SegmentedRaftLogWorker (SegmentedRaftLogWorker.java:<init>(172)) - new 4d4605e1-ea6f-4e85-b73e-f1014d13b8b6-SegmentedRaftLogWorker:Storage Directory /tmp/workdir/hadoop-ozone/integration-test/target/test-dir/MiniOzoneClusterImpl-872b95be-ab77-4531-967a-8b14dc65ac0a/datanode-2/data/ratis/8737a65d-ccfe-4136-87a4-e24b9d14126e for RaftStorage:Storage Directory /tmp/workdir/hadoop-ozone/integration-test/target/test-dir/MiniOzoneClusterImpl-872b95be-ab77-4531-967a-8b14dc65ac0a/datanode-2/data/ratis/8737a65d-ccfe-4136-87a4-e24b9d14126e
2019-07-13 20:27:00,082 INFO  server.RaftServerConfigKeys (ConfUtils.java:logGet(43)) - raft.server.log.statemachine.data.sync.timeout = 10s (default)
2019-07-13 20:27:00,080 INFO  server.RaftServerConfigKeys (ConfUtils.java:logGet(43)) - raft.server.log.queue.byte-limit = 2147483647 (custom)
2019-07-13 20:27:00,082 INFO  server.RaftServerConfigKeys (ConfUtils.java:logGet(43)) - raft.server.log.statemachine.data.sync.timeout.retry = -1 (default)
2019-07-13 20:27:00,082 INFO  server.RaftServerConfigKeys (ConfUtils.java:logGet(43)) - raft.server.log.queue.byte-limit = 2147483647 (custom)
2019-07-13 20:27:00,084 INFO  server.RaftServerConfigKeys (ConfUtils.java:logGet(43)) - raft.server.log.statemachine.data.caching.enabled = true (custom)
2019-07-13 20:27:00,084 INFO  server.RaftServerConfigKeys (ConfUtils.java:logGet(43)) - raft.server.log.queue.element-limit = 1024 (custom)
2019-07-13 20:27:00,084 INFO  server.RaftServerConfigKeys (ConfUtils.java:logGet(43)) - raft.server.log.queue.element-limit = 1024 (custom)
2019-07-13 20:27:00,085 INFO  server.RaftServerConfigKeys (ConfUtils.java:logGet(43)) - raft.server.log.segment.size.max = 1048576 (custom)
2019-07-13 20:27:00,085 INFO  segmented.SegmentedRaftLogWorker (SegmentedRaftLogWorker.java:lambda$new$0(132)) - 5129a9c2-d56f-42da-9a5a-6b0534561310-SegmentedRaftLogWorker:Storage Directory /tmp/workdir/hadoop-ozone/integration-test/target/test-dir/MiniOzoneClusterImpl-872b95be-ab77-4531-967a-8b14dc65ac0a/datanode-4/data/ratis/8737a65d-ccfe-4136-87a4-e24b9d14126e: flushIndex: setUnconditionally 0 -> -1
2019-07-13 20:27:00,085 INFO  server.RaftServerConfigKeys (ConfUtils.java:logGet(43)) - raft.server.log.preallocated.size = 16384 (custom)
2019-07-13 20:27:00,085 INFO  server.RaftServerConfigKeys (ConfUtils.java:logGet(43)) - raft.server.log.segment.size.max = 1048576 (custom)
2019-07-13 20:27:00,085 INFO  server.RaftServerConfigKeys (ConfUtils.java:logGet(43)) - raft.server.snapshot.auto.trigger.enabled = true (custom)
2019-07-13 20:27:00,085 INFO  server.RaftServerConfigKeys (ConfUtils.java:logGet(43)) - raft.server.log.write.buffer.size = 33554432 (custom)
2019-07-13 20:27:00,086 INFO  server.RaftServerConfigKeys (ConfUtils.java:logGet(43)) - raft.server.snapshot.auto.trigger.threshold = 10000 (custom)
2019-07-13 20:27:00,085 INFO  server.RaftServerConfigKeys (ConfUtils.java:logGet(43)) - raft.server.log.preallocated.size = 16384 (custom)
2019-07-13 20:27:00,086 INFO  server.RaftServerConfigKeys (ConfUtils.java:logGet(43)) - raft.server.retrycache.expirytime = 600000ms (custom)
2019-07-13 20:27:00,086 INFO  server.RaftServerConfigKeys (ConfUtils.java:logGet(43)) - raft.server.log.force.sync.num = 128 (default)
2019-07-13 20:27:00,086 INFO  impl.RaftServerImpl (RaftServerImpl.java:start(180)) - 5129a9c2-d56f-42da-9a5a-6b0534561310: start group-E24B9D14126E
2019-07-13 20:27:00,086 INFO  impl.RaftServerImpl (RaftServerImpl.java:setRole(171)) - 5129a9c2-d56f-42da-9a5a-6b0534561310:group-E24B9D14126E changes role from null to FOLLOWER at term 0 for startAsFollower
2019-07-13 20:27:00,086 INFO  server.RaftServerConfigKeys (ConfUtils.java:logGet(43)) - raft.server.log.write.buffer.size = 33554432 (custom)
2019-07-13 20:27:00,087 INFO  impl.RoleInfo (RoleInfo.java:updateAndGet(143)) - 5129a9c2-d56f-42da-9a5a-6b0534561310: start FollowerState
2019-07-13 20:27:00,086 INFO  server.RaftServerConfigKeys (ConfUtils.java:logGet(43)) - raft.server.log.statemachine.data.sync = true (default)
2019-07-13 20:27:00,087 INFO  server.RaftServerConfigKeys (ConfUtils.java:logGet(43)) - raft.server.log.force.sync.num = 128 (default)
2019-07-13 20:27:00,087 INFO  util.JmxRegister (JmxRegister.java:tryRegister(44)) - Successfully registered JMX Bean with object name Ratis:service=RaftServer,group=group-E24B9D14126E,id=5129a9c2-d56f-42da-9a5a-6b0534561310
2019-07-13 20:27:00,087 INFO  server.RaftServerConfigKeys (ConfUtils.java:logGet(43)) - raft.server.log.statemachine.data.sync.timeout = 10s (default)
2019-07-13 20:27:00,087 INFO  server.RaftServerConfigKeys (ConfUtils.java:logGet(43)) - raft.server.log.statemachine.data.sync = true (default)
2019-07-13 20:27:00,088 INFO  server.RaftServerConfigKeys (ConfUtils.java:logGet(43)) - raft.server.log.statemachine.data.sync.timeout.retry = -1 (default)
2019-07-13 20:27:00,088 INFO  server.RaftServerConfigKeys (ConfUtils.java:logGet(43)) - raft.server.log.statemachine.data.sync.timeout = 10s (default)
2019-07-13 20:27:00,088 INFO  server.RaftServerConfigKeys (ConfUtils.java:logGet(43)) - raft.server.log.statemachine.data.caching.enabled = true (custom)
2019-07-13 20:27:00,088 INFO  server.RaftServerConfigKeys (ConfUtils.java:logGet(43)) - raft.server.log.statemachine.data.sync.timeout.retry = -1 (default)
2019-07-13 20:27:00,089 INFO  server.RaftServerConfigKeys (ConfUtils.java:logGet(43)) - raft.server.log.statemachine.data.caching.enabled = true (custom)
2019-07-13 20:27:00,089 INFO  segmented.SegmentedRaftLogWorker (SegmentedRaftLogWorker.java:lambda$new$0(132)) - 825fc8cb-e295-459a-823c-e1bcea5ab3c4-SegmentedRaftLogWorker:Storage Directory /tmp/workdir/hadoop-ozone/integration-test/target/test-dir/MiniOzoneClusterImpl-872b95be-ab77-4531-967a-8b14dc65ac0a/datanode-3/data/ratis/8737a65d-ccfe-4136-87a4-e24b9d14126e: flushIndex: setUnconditionally 0 -> -1
2019-07-13 20:27:00,089 INFO  segmented.SegmentedRaftLogWorker (SegmentedRaftLogWorker.java:lambda$new$0(132)) - 4d4605e1-ea6f-4e85-b73e-f1014d13b8b6-SegmentedRaftLogWorker:Storage Directory /tmp/workdir/hadoop-ozone/integration-test/target/test-dir/MiniOzoneClusterImpl-872b95be-ab77-4531-967a-8b14dc65ac0a/datanode-2/data/ratis/8737a65d-ccfe-4136-87a4-e24b9d14126e: flushIndex: setUnconditionally 0 -> -1
2019-07-13 20:27:00,089 INFO  server.RaftServerConfigKeys (ConfUtils.java:logGet(43)) - raft.server.snapshot.auto.trigger.enabled = true (custom)
2019-07-13 20:27:00,089 INFO  server.RaftServerConfigKeys (ConfUtils.java:logGet(43)) - raft.server.snapshot.auto.trigger.threshold = 10000 (custom)
2019-07-13 20:27:00,089 INFO  server.RaftServerConfigKeys (ConfUtils.java:logGet(43)) - raft.server.snapshot.auto.trigger.enabled = true (custom)
2019-07-13 20:27:00,090 INFO  server.RaftServerConfigKeys (ConfUtils.java:logGet(43)) - raft.server.retrycache.expirytime = 600000ms (custom)
2019-07-13 20:27:00,090 INFO  server.RaftServerConfigKeys (ConfUtils.java:logGet(43)) - raft.server.snapshot.auto.trigger.threshold = 10000 (custom)
2019-07-13 20:27:00,090 INFO  impl.RaftServerImpl (RaftServerImpl.java:start(180)) - 825fc8cb-e295-459a-823c-e1bcea5ab3c4: start group-E24B9D14126E
2019-07-13 20:27:00,090 INFO  server.RaftServerConfigKeys (ConfUtils.java:logGet(43)) - raft.server.retrycache.expirytime = 600000ms (custom)
2019-07-13 20:27:00,092 INFO  impl.RaftServerImpl (RaftServerImpl.java:setRole(171)) - 825fc8cb-e295-459a-823c-e1bcea5ab3c4:group-E24B9D14126E changes role from null to FOLLOWER at term 0 for startAsFollower
2019-07-13 20:27:00,092 INFO  impl.RaftServerImpl (RaftServerImpl.java:start(180)) - 4d4605e1-ea6f-4e85-b73e-f1014d13b8b6: start group-E24B9D14126E
2019-07-13 20:27:00,092 INFO  impl.RoleInfo (RoleInfo.java:updateAndGet(143)) - 825fc8cb-e295-459a-823c-e1bcea5ab3c4: start FollowerState
2019-07-13 20:27:00,092 INFO  impl.RaftServerImpl (RaftServerImpl.java:setRole(171)) - 4d4605e1-ea6f-4e85-b73e-f1014d13b8b6:group-E24B9D14126E changes role from null to FOLLOWER at term 0 for startAsFollower
2019-07-13 20:27:00,094 INFO  impl.RoleInfo (RoleInfo.java:updateAndGet(143)) - 4d4605e1-ea6f-4e85-b73e-f1014d13b8b6: start FollowerState
2019-07-13 20:27:00,094 INFO  util.JmxRegister (JmxRegister.java:tryRegister(44)) - Successfully registered JMX Bean with object name Ratis:service=RaftServer,group=group-E24B9D14126E,id=825fc8cb-e295-459a-823c-e1bcea5ab3c4
2019-07-13 20:27:00,097 INFO  util.JmxRegister (JmxRegister.java:tryRegister(44)) - Successfully registered JMX Bean with object name Ratis:service=RaftServer,group=group-E24B9D14126E,id=4d4605e1-ea6f-4e85-b73e-f1014d13b8b6
2019-07-13 20:27:00,112 INFO  pipeline.PipelineStateManager (PipelineStateManager.java:addPipeline(56)) - Created pipeline Pipeline[ Id: 8737a65d-ccfe-4136-87a4-e24b9d14126e, Nodes: 825fc8cb-e295-459a-823c-e1bcea5ab3c4{ip: 192.168.5.168, host: trunk-nightly-6qp7m-2461138711, networkLocation: /default-rack, certSerialId: null}4d4605e1-ea6f-4e85-b73e-f1014d13b8b6{ip: 192.168.5.168, host: trunk-nightly-6qp7m-2461138711, networkLocation: /default-rack, certSerialId: null}5129a9c2-d56f-42da-9a5a-6b0534561310{ip: 192.168.5.168, host: trunk-nightly-6qp7m-2461138711, networkLocation: /default-rack, certSerialId: null}, Type:RATIS, Factor:THREE, State:OPEN]
2019-07-13 20:27:00,153 INFO  impl.RaftServerProxy (RaftServerProxy.java:addNew(89)) - 1d967e2d-b700-42c4-a2b3-153b0a458c5c: addNew group-023D0F14E27C:[4968f71e-b86a-4dba-9a34-2f43601aaff0:192.168.5.168:45613, 1d967e2d-b700-42c4-a2b3-153b0a458c5c:192.168.5.168:46665, 679e13b5-cbeb-48af-8f93-74b3a1ecf3c4:192.168.5.168:36078] returns group-023D0F14E27C:java.util.concurrent.CompletableFuture@e0bee04[Not completed]
2019-07-13 20:27:00,153 INFO  impl.RaftServerProxy (RaftServerProxy.java:addNew(89)) - 4968f71e-b86a-4dba-9a34-2f43601aaff0: addNew group-023D0F14E27C:[4968f71e-b86a-4dba-9a34-2f43601aaff0:192.168.5.168:45613, 1d967e2d-b700-42c4-a2b3-153b0a458c5c:192.168.5.168:46665, 679e13b5-cbeb-48af-8f93-74b3a1ecf3c4:192.168.5.168:36078] returns group-023D0F14E27C:java.util.concurrent.CompletableFuture@27bbf91[Not completed]
2019-07-13 20:27:00,155 INFO  impl.RaftServerProxy (RaftServerProxy.java:addNew(89)) - 679e13b5-cbeb-48af-8f93-74b3a1ecf3c4: addNew group-023D0F14E27C:[4968f71e-b86a-4dba-9a34-2f43601aaff0:192.168.5.168:45613, 1d967e2d-b700-42c4-a2b3-153b0a458c5c:192.168.5.168:46665, 679e13b5-cbeb-48af-8f93-74b3a1ecf3c4:192.168.5.168:36078] returns group-023D0F14E27C:java.util.concurrent.CompletableFuture@260d325b[Not completed]
2019-07-13 20:27:00,156 INFO  impl.RaftServerImpl (RaftServerImpl.java:<init>(93)) - 1d967e2d-b700-42c4-a2b3-153b0a458c5c: new RaftServerImpl for group-023D0F14E27C:[4968f71e-b86a-4dba-9a34-2f43601aaff0:192.168.5.168:45613, 1d967e2d-b700-42c4-a2b3-153b0a458c5c:192.168.5.168:46665, 679e13b5-cbeb-48af-8f93-74b3a1ecf3c4:192.168.5.168:36078] with ContainerStateMachine:uninitialized
2019-07-13 20:27:00,157 INFO  server.RaftServerConfigKeys (ConfUtils.java:logGet(43)) - raft.server.rpc.timeout.min = 5s (custom)
2019-07-13 20:27:00,157 INFO  server.RaftServerConfigKeys (ConfUtils.java:logGet(43)) - raft.server.rpc.timeout.max = 5200ms (custom)
2019-07-13 20:27:00,157 INFO  server.RaftServerConfigKeys (ConfUtils.java:logGet(43)) - raft.server.rpcslowness.timeout = 120s (custom)
2019-07-13 20:27:00,157 INFO  server.RaftServerConfigKeys (ConfUtils.java:logGet(43)) - raft.server.sleep.deviation.threshold = 300 (default)
2019-07-13 20:27:00,157 INFO  server.RaftServerConfigKeys (ConfUtils.java:logGet(43)) - raft.server.log.appender.install.snapshot.enabled = false (custom)
2019-07-13 20:27:00,157 INFO  impl.RaftServerImpl (RaftServerImpl.java:<init>(93)) - 679e13b5-cbeb-48af-8f93-74b3a1ecf3c4: new RaftServerImpl for group-023D0F14E27C:[4968f71e-b86a-4dba-9a34-2f43601aaff0:192.168.5.168:45613, 1d967e2d-b700-42c4-a2b3-153b0a458c5c:192.168.5.168:46665, 679e13b5-cbeb-48af-8f93-74b3a1ecf3c4:192.168.5.168:36078] with ContainerStateMachine:uninitialized
2019-07-13 20:27:00,158 INFO  impl.RaftServerImpl (ServerState.java:<init>(105)) - 1d967e2d-b700-42c4-a2b3-153b0a458c5c:group-023D0F14E27C ConfigurationManager, init=-1: [4968f71e-b86a-4dba-9a34-2f43601aaff0:192.168.5.168:45613, 1d967e2d-b700-42c4-a2b3-153b0a458c5c:192.168.5.168:46665, 679e13b5-cbeb-48af-8f93-74b3a1ecf3c4:192.168.5.168:36078], old=null, confs=<EMPTY_MAP>
2019-07-13 20:27:00,158 INFO  server.RaftServerConfigKeys (ConfUtils.java:logGet(43)) - raft.server.rpc.timeout.min = 5s (custom)
2019-07-13 20:27:00,158 INFO  server.RaftServerConfigKeys (ConfUtils.java:logGet(43)) - raft.server.storage.dir = [/tmp/workdir/hadoop-ozone/integration-test/target/test-dir/MiniOzoneClusterImpl-872b95be-ab77-4531-967a-8b14dc65ac0a/datanode-1/data/ratis] (custom)
2019-07-13 20:27:00,158 INFO  server.RaftServerConfigKeys (ConfUtils.java:logGet(43)) - raft.server.rpc.timeout.max = 5200ms (custom)
2019-07-13 20:27:00,158 INFO  server.RaftServerConfigKeys (ConfUtils.java:logGet(43)) - raft.server.rpcslowness.timeout = 120s (custom)
2019-07-13 20:27:00,158 INFO  server.RaftServerConfigKeys (ConfUtils.java:logGet(43)) - raft.server.sleep.deviation.threshold = 300 (default)
2019-07-13 20:27:00,159 INFO  impl.RaftServerImpl (RaftServerImpl.java:<init>(93)) - 4968f71e-b86a-4dba-9a34-2f43601aaff0: new RaftServerImpl for group-023D0F14E27C:[4968f71e-b86a-4dba-9a34-2f43601aaff0:192.168.5.168:45613, 1d967e2d-b700-42c4-a2b3-153b0a458c5c:192.168.5.168:46665, 679e13b5-cbeb-48af-8f93-74b3a1ecf3c4:192.168.5.168:36078] with ContainerStateMachine:uninitialized
2019-07-13 20:27:00,158 INFO  storage.RaftStorageDirectory (RaftStorageDirectory.java:analyzeStorage(246)) - The storage directory /tmp/workdir/hadoop-ozone/integration-test/target/test-dir/MiniOzoneClusterImpl-872b95be-ab77-4531-967a-8b14dc65ac0a/datanode-1/data/ratis/7bb24e09-687d-4467-9665-023d0f14e27c does not exist. Creating ...
2019-07-13 20:27:00,159 INFO  server.RaftServerConfigKeys (ConfUtils.java:logGet(43)) - raft.server.rpc.timeout.min = 5s (custom)
2019-07-13 20:27:00,159 INFO  server.RaftServerConfigKeys (ConfUtils.java:logGet(43)) - raft.server.log.appender.install.snapshot.enabled = false (custom)
2019-07-13 20:27:00,159 INFO  server.RaftServerConfigKeys (ConfUtils.java:logGet(43)) - raft.server.rpc.timeout.max = 5200ms (custom)
2019-07-13 20:27:00,159 INFO  impl.RaftServerImpl (ServerState.java:<init>(105)) - 679e13b5-cbeb-48af-8f93-74b3a1ecf3c4:group-023D0F14E27C ConfigurationManager, init=-1: [4968f71e-b86a-4dba-9a34-2f43601aaff0:192.168.5.168:45613, 1d967e2d-b700-42c4-a2b3-153b0a458c5c:192.168.5.168:46665, 679e13b5-cbeb-48af-8f93-74b3a1ecf3c4:192.168.5.168:36078], old=null, confs=<EMPTY_MAP>
2019-07-13 20:27:00,159 INFO  server.RaftServerConfigKeys (ConfUtils.java:logGet(43)) - raft.server.rpcslowness.timeout = 120s (custom)
2019-07-13 20:27:00,160 INFO  server.RaftServerConfigKeys (ConfUtils.java:logGet(43)) - raft.server.storage.dir = [/tmp/workdir/hadoop-ozone/integration-test/target/test-dir/MiniOzoneClusterImpl-872b95be-ab77-4531-967a-8b14dc65ac0a/datanode-6/data/ratis] (custom)
2019-07-13 20:27:00,160 INFO  server.RaftServerConfigKeys (ConfUtils.java:logGet(43)) - raft.server.sleep.deviation.threshold = 300 (default)
2019-07-13 20:27:00,160 INFO  server.RaftServerConfigKeys (ConfUtils.java:logGet(43)) - raft.server.log.appender.install.snapshot.enabled = false (custom)
2019-07-13 20:27:00,160 INFO  storage.RaftStorageDirectory (RaftStorageDirectory.java:analyzeStorage(246)) - The storage directory /tmp/workdir/hadoop-ozone/integration-test/target/test-dir/MiniOzoneClusterImpl-872b95be-ab77-4531-967a-8b14dc65ac0a/datanode-6/data/ratis/7bb24e09-687d-4467-9665-023d0f14e27c does not exist. Creating ...
2019-07-13 20:27:00,160 INFO  impl.RaftServerImpl (ServerState.java:<init>(105)) - 4968f71e-b86a-4dba-9a34-2f43601aaff0:group-023D0F14E27C ConfigurationManager, init=-1: [4968f71e-b86a-4dba-9a34-2f43601aaff0:192.168.5.168:45613, 1d967e2d-b700-42c4-a2b3-153b0a458c5c:192.168.5.168:46665, 679e13b5-cbeb-48af-8f93-74b3a1ecf3c4:192.168.5.168:36078], old=null, confs=<EMPTY_MAP>
2019-07-13 20:27:00,160 INFO  server.RaftServerConfigKeys (ConfUtils.java:logGet(43)) - raft.server.storage.dir = [/tmp/workdir/hadoop-ozone/integration-test/target/test-dir/MiniOzoneClusterImpl-872b95be-ab77-4531-967a-8b14dc65ac0a/datanode-5/data/ratis] (custom)
2019-07-13 20:27:00,161 INFO  storage.RaftStorageDirectory (RaftStorageDirectory.java:analyzeStorage(246)) - The storage directory /tmp/workdir/hadoop-ozone/integration-test/target/test-dir/MiniOzoneClusterImpl-872b95be-ab77-4531-967a-8b14dc65ac0a/datanode-5/data/ratis/7bb24e09-687d-4467-9665-023d0f14e27c does not exist. Creating ...
2019-07-13 20:27:00,173 INFO  storage.RaftStorageDirectory (RaftStorageDirectory.java:tryLock(328)) - Lock on /tmp/workdir/hadoop-ozone/integration-test/target/test-dir/MiniOzoneClusterImpl-872b95be-ab77-4531-967a-8b14dc65ac0a/datanode-1/data/ratis/7bb24e09-687d-4467-9665-023d0f14e27c/in_use.lock acquired by nodename 32015@trunk-nightly-6qp7m-2461138711
2019-07-13 20:27:00,173 INFO  storage.RaftStorageDirectory (RaftStorageDirectory.java:tryLock(328)) - Lock on /tmp/workdir/hadoop-ozone/integration-test/target/test-dir/MiniOzoneClusterImpl-872b95be-ab77-4531-967a-8b14dc65ac0a/datanode-6/data/ratis/7bb24e09-687d-4467-9665-023d0f14e27c/in_use.lock acquired by nodename 32015@trunk-nightly-6qp7m-2461138711
2019-07-13 20:27:00,173 INFO  storage.RaftStorageDirectory (RaftStorageDirectory.java:tryLock(328)) - Lock on /tmp/workdir/hadoop-ozone/integration-test/target/test-dir/MiniOzoneClusterImpl-872b95be-ab77-4531-967a-8b14dc65ac0a/datanode-5/data/ratis/7bb24e09-687d-4467-9665-023d0f14e27c/in_use.lock acquired by nodename 32015@trunk-nightly-6qp7m-2461138711
2019-07-13 20:27:00,178 INFO  storage.RaftStorage (RaftStorage.java:format(72)) - Storage directory /tmp/workdir/hadoop-ozone/integration-test/target/test-dir/MiniOzoneClusterImpl-872b95be-ab77-4531-967a-8b14dc65ac0a/datanode-1/data/ratis/7bb24e09-687d-4467-9665-023d0f14e27c has been successfully formatted.
2019-07-13 20:27:00,178 INFO  storage.RaftStorage (RaftStorage.java:format(72)) - Storage directory /tmp/workdir/hadoop-ozone/integration-test/target/test-dir/MiniOzoneClusterImpl-872b95be-ab77-4531-967a-8b14dc65ac0a/datanode-6/data/ratis/7bb24e09-687d-4467-9665-023d0f14e27c has been successfully formatted.
2019-07-13 20:27:00,178 INFO  storage.RaftStorage (RaftStorage.java:format(72)) - Storage directory /tmp/workdir/hadoop-ozone/integration-test/target/test-dir/MiniOzoneClusterImpl-872b95be-ab77-4531-967a-8b14dc65ac0a/datanode-5/data/ratis/7bb24e09-687d-4467-9665-023d0f14e27c has been successfully formatted.
2019-07-13 20:27:00,178 INFO  ratis.ContainerStateMachine (ContainerStateMachine.java:loadSnapshot(200)) - The snapshot info is null.Setting the last applied index to:(t:0, i:~)
2019-07-13 20:27:00,179 INFO  ratis.ContainerStateMachine (ContainerStateMachine.java:loadSnapshot(200)) - The snapshot info is null.Setting the last applied index to:(t:0, i:~)
2019-07-13 20:27:00,179 INFO  server.RaftServerConfigKeys (ConfUtils.java:logGet(43)) - raft.server.leader.election.timeout = 120s (custom)
2019-07-13 20:27:00,179 INFO  server.RaftServerConfigKeys (ConfUtils.java:logGet(43)) - raft.server.leader.election.timeout = 120s (custom)
2019-07-13 20:27:00,179 INFO  ratis.ContainerStateMachine (ContainerStateMachine.java:loadSnapshot(200)) - The snapshot info is null.Setting the last applied index to:(t:0, i:~)
2019-07-13 20:27:00,179 INFO  server.RaftServerConfigKeys (ConfUtils.java:logGet(43)) - raft.server.log.use.memory = false (default)
2019-07-13 20:27:00,179 INFO  server.RaftServerConfigKeys (ConfUtils.java:logGet(43)) - raft.server.log.use.memory = false (default)
2019-07-13 20:27:00,180 INFO  server.RaftServerConfigKeys (ConfUtils.java:logGet(43)) - raft.server.log.purge.gap = 1000000000 (custom)
2019-07-13 20:27:00,179 INFO  server.RaftServerConfigKeys (ConfUtils.java:logGet(43)) - raft.server.leader.election.timeout = 120s (custom)
2019-07-13 20:27:00,180 INFO  server.RaftServerConfigKeys (ConfUtils.java:logGet(43)) - raft.server.log.appender.buffer.byte-limit = 33554432 (custom)
2019-07-13 20:27:00,180 INFO  server.RaftServerConfigKeys (ConfUtils.java:logGet(43)) - raft.server.log.purge.gap = 1000000000 (custom)
2019-07-13 20:27:00,180 INFO  server.RaftServerConfigKeys (ConfUtils.java:logGet(43)) - raft.server.log.segment.size.max = 1048576 (custom)
2019-07-13 20:27:00,180 INFO  server.RaftServerConfigKeys (ConfUtils.java:logGet(43)) - raft.server.log.use.memory = false (default)
2019-07-13 20:27:00,180 INFO  server.RaftServerConfigKeys (ConfUtils.java:logGet(43)) - raft.server.log.segment.cache.num.max = 2 (custom)
2019-07-13 20:27:00,180 INFO  server.RaftServerConfigKeys (ConfUtils.java:logGet(43)) - raft.server.log.appender.buffer.byte-limit = 33554432 (custom)
2019-07-13 20:27:00,181 INFO  segmented.SegmentedRaftLogWorker (SegmentedRaftLogWorker.java:<init>(172)) - new 4968f71e-b86a-4dba-9a34-2f43601aaff0-SegmentedRaftLogWorker:Storage Directory /tmp/workdir/hadoop-ozone/integration-test/target/test-dir/MiniOzoneClusterImpl-872b95be-ab77-4531-967a-8b14dc65ac0a/datanode-5/data/ratis/7bb24e09-687d-4467-9665-023d0f14e27c for RaftStorage:Storage Directory /tmp/workdir/hadoop-ozone/integration-test/target/test-dir/MiniOzoneClusterImpl-872b95be-ab77-4531-967a-8b14dc65ac0a/datanode-5/data/ratis/7bb24e09-687d-4467-9665-023d0f14e27c
2019-07-13 20:27:00,181 INFO  server.RaftServerConfigKeys (ConfUtils.java:logGet(43)) - raft.server.log.purge.gap = 1000000000 (custom)
2019-07-13 20:27:00,181 INFO  server.RaftServerConfigKeys (ConfUtils.java:logGet(43)) - raft.server.log.queue.byte-limit = 2147483647 (custom)
2019-07-13 20:27:00,181 INFO  server.RaftServerConfigKeys (ConfUtils.java:logGet(43)) - raft.server.log.segment.size.max = 1048576 (custom)
2019-07-13 20:27:00,183 INFO  server.RaftServerConfigKeys (ConfUtils.java:logGet(43)) - raft.server.log.queue.element-limit = 1024 (custom)
2019-07-13 20:27:00,181 INFO  server.RaftServerConfigKeys (ConfUtils.java:logGet(43)) - raft.server.log.appender.buffer.byte-limit = 33554432 (custom)
2019-07-13 20:27:00,184 INFO  server.RaftServerConfigKeys (ConfUtils.java:logGet(43)) - raft.server.log.segment.size.max = 1048576 (custom)
2019-07-13 20:27:00,184 INFO  server.RaftServerConfigKeys (ConfUtils.java:logGet(43)) - raft.server.log.segment.cache.num.max = 2 (custom)
2019-07-13 20:27:00,184 INFO  server.RaftServerConfigKeys (ConfUtils.java:logGet(43)) - raft.server.log.preallocated.size = 16384 (custom)
2019-07-13 20:27:00,184 INFO  server.RaftServerConfigKeys (ConfUtils.java:logGet(43)) - raft.server.log.segment.size.max = 1048576 (custom)
2019-07-13 20:27:00,184 INFO  server.RaftServerConfigKeys (ConfUtils.java:logGet(43)) - raft.server.log.write.buffer.size = 33554432 (custom)
2019-07-13 20:27:00,184 INFO  segmented.SegmentedRaftLogWorker (SegmentedRaftLogWorker.java:<init>(172)) - new 1d967e2d-b700-42c4-a2b3-153b0a458c5c-SegmentedRaftLogWorker:Storage Directory /tmp/workdir/hadoop-ozone/integration-test/target/test-dir/MiniOzoneClusterImpl-872b95be-ab77-4531-967a-8b14dc65ac0a/datanode-1/data/ratis/7bb24e09-687d-4467-9665-023d0f14e27c for RaftStorage:Storage Directory /tmp/workdir/hadoop-ozone/integration-test/target/test-dir/MiniOzoneClusterImpl-872b95be-ab77-4531-967a-8b14dc65ac0a/datanode-1/data/ratis/7bb24e09-687d-4467-9665-023d0f14e27c
2019-07-13 20:27:00,185 INFO  server.RaftServerConfigKeys (ConfUtils.java:logGet(43)) - raft.server.log.force.sync.num = 128 (default)
2019-07-13 20:27:00,185 INFO  server.RaftServerConfigKeys (ConfUtils.java:logGet(43)) - raft.server.log.segment.cache.num.max = 2 (custom)
2019-07-13 20:27:00,185 INFO  server.RaftServerConfigKeys (ConfUtils.java:logGet(43)) - raft.server.log.statemachine.data.sync = true (default)
2019-07-13 20:27:00,185 INFO  server.RaftServerConfigKeys (ConfUtils.java:logGet(43)) - raft.server.log.queue.byte-limit = 2147483647 (custom)
2019-07-13 20:27:00,187 INFO  server.RaftServerConfigKeys (ConfUtils.java:logGet(43)) - raft.server.log.statemachine.data.sync.timeout = 10s (default)
2019-07-13 20:27:00,187 INFO  segmented.SegmentedRaftLogWorker (SegmentedRaftLogWorker.java:<init>(172)) - new 679e13b5-cbeb-48af-8f93-74b3a1ecf3c4-SegmentedRaftLogWorker:Storage Directory /tmp/workdir/hadoop-ozone/integration-test/target/test-dir/MiniOzoneClusterImpl-872b95be-ab77-4531-967a-8b14dc65ac0a/datanode-6/data/ratis/7bb24e09-687d-4467-9665-023d0f14e27c for RaftStorage:Storage Directory /tmp/workdir/hadoop-ozone/integration-test/target/test-dir/MiniOzoneClusterImpl-872b95be-ab77-4531-967a-8b14dc65ac0a/datanode-6/data/ratis/7bb24e09-687d-4467-9665-023d0f14e27c
2019-07-13 20:27:00,188 INFO  server.RaftServerConfigKeys (ConfUtils.java:logGet(43)) - raft.server.log.statemachine.data.sync.timeout.retry = -1 (default)
2019-07-13 20:27:00,188 INFO  server.RaftServerConfigKeys (ConfUtils.java:logGet(43)) - raft.server.log.queue.element-limit = 1024 (custom)
2019-07-13 20:27:00,190 INFO  server.RaftServerConfigKeys (ConfUtils.java:logGet(43)) - raft.server.log.statemachine.data.caching.enabled = true (custom)
2019-07-13 20:27:00,188 INFO  server.RaftServerConfigKeys (ConfUtils.java:logGet(43)) - raft.server.log.queue.byte-limit = 2147483647 (custom)
2019-07-13 20:27:00,191 INFO  segmented.SegmentedRaftLogWorker (SegmentedRaftLogWorker.java:lambda$new$0(132)) - 4968f71e-b86a-4dba-9a34-2f43601aaff0-SegmentedRaftLogWorker:Storage Directory /tmp/workdir/hadoop-ozone/integration-test/target/test-dir/MiniOzoneClusterImpl-872b95be-ab77-4531-967a-8b14dc65ac0a/datanode-5/data/ratis/7bb24e09-687d-4467-9665-023d0f14e27c: flushIndex: setUnconditionally 0 -> -1
2019-07-13 20:27:00,190 INFO  server.RaftServerConfigKeys (ConfUtils.java:logGet(43)) - raft.server.log.segment.size.max = 1048576 (custom)
2019-07-13 20:27:00,191 INFO  server.RaftServerConfigKeys (ConfUtils.java:logGet(43)) - raft.server.log.queue.element-limit = 1024 (custom)
2019-07-13 20:27:00,191 INFO  server.RaftServerConfigKeys (ConfUtils.java:logGet(43)) - raft.server.snapshot.auto.trigger.enabled = true (custom)
2019-07-13 20:27:00,191 INFO  server.RaftServerConfigKeys (ConfUtils.java:logGet(43)) - raft.server.log.preallocated.size = 16384 (custom)
2019-07-13 20:27:00,191 INFO  server.RaftServerConfigKeys (ConfUtils.java:logGet(43)) - raft.server.snapshot.auto.trigger.threshold = 10000 (custom)
2019-07-13 20:27:00,191 INFO  server.RaftServerConfigKeys (ConfUtils.java:logGet(43)) - raft.server.log.segment.size.max = 1048576 (custom)
2019-07-13 20:27:00,192 INFO  server.RaftServerConfigKeys (ConfUtils.java:logGet(43)) - raft.server.retrycache.expirytime = 600000ms (custom)
2019-07-13 20:27:00,192 INFO  server.RaftServerConfigKeys (ConfUtils.java:logGet(43)) - raft.server.log.write.buffer.size = 33554432 (custom)
2019-07-13 20:27:00,192 INFO  impl.RaftServerImpl (RaftServerImpl.java:start(180)) - 4968f71e-b86a-4dba-9a34-2f43601aaff0: start group-023D0F14E27C
2019-07-13 20:27:00,192 INFO  server.RaftServerConfigKeys (ConfUtils.java:logGet(43)) - raft.server.log.preallocated.size = 16384 (custom)
2019-07-13 20:27:00,192 INFO  impl.RaftServerImpl (RaftServerImpl.java:setRole(171)) - 4968f71e-b86a-4dba-9a34-2f43601aaff0:group-023D0F14E27C changes role from null to FOLLOWER at term 0 for startAsFollower
2019-07-13 20:27:00,192 INFO  server.RaftServerConfigKeys (ConfUtils.java:logGet(43)) - raft.server.log.force.sync.num = 128 (default)
2019-07-13 20:27:00,193 INFO  impl.RoleInfo (RoleInfo.java:updateAndGet(143)) - 4968f71e-b86a-4dba-9a34-2f43601aaff0: start FollowerState
2019-07-13 20:27:00,193 INFO  server.RaftServerConfigKeys (ConfUtils.java:logGet(43)) - raft.server.log.write.buffer.size = 33554432 (custom)
2019-07-13 20:27:00,193 INFO  server.RaftServerConfigKeys (ConfUtils.java:logGet(43)) - raft.server.log.statemachine.data.sync = true (default)
2019-07-13 20:27:00,193 INFO  util.JmxRegister (JmxRegister.java:tryRegister(44)) - Successfully registered JMX Bean with object name Ratis:service=RaftServer,group=group-023D0F14E27C,id=4968f71e-b86a-4dba-9a34-2f43601aaff0
2019-07-13 20:27:00,193 INFO  server.RaftServerConfigKeys (ConfUtils.java:logGet(43)) - raft.server.log.force.sync.num = 128 (default)
2019-07-13 20:27:00,194 INFO  server.RaftServerConfigKeys (ConfUtils.java:logGet(43)) - raft.server.log.statemachine.data.sync.timeout = 10s (default)
2019-07-13 20:27:00,194 INFO  server.RaftServerConfigKeys (ConfUtils.java:logGet(43)) - raft.server.log.statemachine.data.sync = true (default)
2019-07-13 20:27:00,194 INFO  server.RaftServerConfigKeys (ConfUtils.java:logGet(43)) - raft.server.log.statemachine.data.sync.timeout.retry = -1 (default)
2019-07-13 20:27:00,194 INFO  server.RaftServerConfigKeys (ConfUtils.java:logGet(43)) - raft.server.log.statemachine.data.sync.timeout = 10s (default)
2019-07-13 20:27:00,195 INFO  server.RaftServerConfigKeys (ConfUtils.java:logGet(43)) - raft.server.log.statemachine.data.caching.enabled = true (custom)
2019-07-13 20:27:00,195 INFO  server.RaftServerConfigKeys (ConfUtils.java:logGet(43)) - raft.server.log.statemachine.data.sync.timeout.retry = -1 (default)
2019-07-13 20:27:00,195 INFO  segmented.SegmentedRaftLogWorker (SegmentedRaftLogWorker.java:lambda$new$0(132)) - 1d967e2d-b700-42c4-a2b3-153b0a458c5c-SegmentedRaftLogWorker:Storage Directory /tmp/workdir/hadoop-ozone/integration-test/target/test-dir/MiniOzoneClusterImpl-872b95be-ab77-4531-967a-8b14dc65ac0a/datanode-1/data/ratis/7bb24e09-687d-4467-9665-023d0f14e27c: flushIndex: setUnconditionally 0 -> -1
2019-07-13 20:27:00,195 INFO  server.RaftServerConfigKeys (ConfUtils.java:logGet(43)) - raft.server.log.statemachine.data.caching.enabled = true (custom)
2019-07-13 20:27:00,195 INFO  server.RaftServerConfigKeys (ConfUtils.java:logGet(43)) - raft.server.snapshot.auto.trigger.enabled = true (custom)
2019-07-13 20:27:00,197 INFO  segmented.SegmentedRaftLogWorker (SegmentedRaftLogWorker.java:lambda$new$0(132)) - 679e13b5-cbeb-48af-8f93-74b3a1ecf3c4-SegmentedRaftLogWorker:Storage Directory /tmp/workdir/hadoop-ozone/integration-test/target/test-dir/MiniOzoneClusterImpl-872b95be-ab77-4531-967a-8b14dc65ac0a/datanode-6/data/ratis/7bb24e09-687d-4467-9665-023d0f14e27c: flushIndex: setUnconditionally 0 -> -1
2019-07-13 20:27:00,198 INFO  server.RaftServerConfigKeys (ConfUtils.java:logGet(43)) - raft.server.snapshot.auto.trigger.threshold = 10000 (custom)
2019-07-13 20:27:00,198 INFO  server.RaftServerConfigKeys (ConfUtils.java:logGet(43)) - raft.server.snapshot.auto.trigger.enabled = true (custom)
2019-07-13 20:27:00,198 INFO  server.RaftServerConfigKeys (ConfUtils.java:logGet(43)) - raft.server.retrycache.expirytime = 600000ms (custom)
2019-07-13 20:27:00,198 INFO  server.RaftServerConfigKeys (ConfUtils.java:logGet(43)) - raft.server.snapshot.auto.trigger.threshold = 10000 (custom)
2019-07-13 20:27:00,200 INFO  impl.RaftServerImpl (RaftServerImpl.java:start(180)) - 1d967e2d-b700-42c4-a2b3-153b0a458c5c: start group-023D0F14E27C
2019-07-13 20:27:00,201 INFO  server.RaftServerConfigKeys (ConfUtils.java:logGet(43)) - raft.server.retrycache.expirytime = 600000ms (custom)
2019-07-13 20:27:00,201 INFO  impl.RaftServerImpl (RaftServerImpl.java:setRole(171)) - 1d967e2d-b700-42c4-a2b3-153b0a458c5c:group-023D0F14E27C changes role from null to FOLLOWER at term 0 for startAsFollower
2019-07-13 20:27:00,201 INFO  impl.RaftServerImpl (RaftServerImpl.java:start(180)) - 679e13b5-cbeb-48af-8f93-74b3a1ecf3c4: start group-023D0F14E27C
2019-07-13 20:27:00,203 INFO  impl.RoleInfo (RoleInfo.java:updateAndGet(143)) - 1d967e2d-b700-42c4-a2b3-153b0a458c5c: start FollowerState
2019-07-13 20:27:00,203 INFO  impl.RaftServerImpl (RaftServerImpl.java:setRole(171)) - 679e13b5-cbeb-48af-8f93-74b3a1ecf3c4:group-023D0F14E27C changes role from null to FOLLOWER at term 0 for startAsFollower
2019-07-13 20:27:00,205 INFO  util.JmxRegister (JmxRegister.java:tryRegister(44)) - Successfully registered JMX Bean with object name Ratis:service=RaftServer,group=group-023D0F14E27C,id=1d967e2d-b700-42c4-a2b3-153b0a458c5c
2019-07-13 20:27:00,205 INFO  impl.RoleInfo (RoleInfo.java:updateAndGet(143)) - 679e13b5-cbeb-48af-8f93-74b3a1ecf3c4: start FollowerState
2019-07-13 20:27:00,206 INFO  util.JmxRegister (JmxRegister.java:tryRegister(44)) - Successfully registered JMX Bean with object name Ratis:service=RaftServer,group=group-023D0F14E27C,id=679e13b5-cbeb-48af-8f93-74b3a1ecf3c4
2019-07-13 20:27:00,225 INFO  pipeline.PipelineStateManager (PipelineStateManager.java:addPipeline(56)) - Created pipeline Pipeline[ Id: 7bb24e09-687d-4467-9665-023d0f14e27c, Nodes: 679e13b5-cbeb-48af-8f93-74b3a1ecf3c4{ip: 192.168.5.168, host: trunk-nightly-6qp7m-2461138711, networkLocation: /default-rack, certSerialId: null}4968f71e-b86a-4dba-9a34-2f43601aaff0{ip: 192.168.5.168, host: trunk-nightly-6qp7m-2461138711, networkLocation: /default-rack, certSerialId: null}1d967e2d-b700-42c4-a2b3-153b0a458c5c{ip: 192.168.5.168, host: trunk-nightly-6qp7m-2461138711, networkLocation: /default-rack, certSerialId: null}, Type:RATIS, Factor:THREE, State:OPEN]
2019-07-13 20:27:00,825 INFO  ozone.MiniOzoneClusterImpl (MiniOzoneClusterImpl.java:lambda$waitForClusterToBeReady$0(142)) - Cluster is ready. Got 7 of 7 DN Heartbeats.
2019-07-13 20:27:01,166 INFO  rpc.RpcClient (RpcClient.java:createVolume(287)) - Creating Volume: testblockoutputstream, with jenkins1000 as owner.
2019-07-13 20:27:01,225 INFO  rpc.RpcClient (RpcClient.java:createBucket(424)) - Creating Bucket: testblockoutputstream/testblockoutputstream, with Versioning false and Storage Type set to DISK and Encryption set to false 
2019-07-13 20:27:01,366 INFO  container.ReplicationManager (ReplicationManager.java:start(155)) - Starting Replication Monitor Thread.
2019-07-13 20:27:01,372 INFO  container.ReplicationManager (ReplicationManager.java:run(207)) - Replication Monitor Thread took 3 milliseconds for processing 1 containers.
2019-07-13 20:27:01,535 INFO  client.GrpcClientProtocolClient (GrpcClientProtocolClient.java:onNext(255)) - client-08EAE4BC020C->679e13b5-cbeb-48af-8f93-74b3a1ecf3c4: receive RaftClientReply:client-08EAE4BC020C->679e13b5-cbeb-48af-8f93-74b3a1ecf3c4@group-023D0F14E27C, cid=13, FAILED org.apache.ratis.protocol.NotLeaderException: Server 679e13b5-cbeb-48af-8f93-74b3a1ecf3c4 is not the leader (null). Request must be sent to leader., logIndex=0, commits[679e13b5-cbeb-48af-8f93-74b3a1ecf3c4:c-1]
2019-07-13 20:27:02,582 INFO  client.GrpcClientProtocolClient (GrpcClientProtocolClient.java:onNext(255)) - client-08EAE4BC020C->4968f71e-b86a-4dba-9a34-2f43601aaff0: receive RaftClientReply:client-08EAE4BC020C->4968f71e-b86a-4dba-9a34-2f43601aaff0@group-023D0F14E27C, cid=13, FAILED org.apache.ratis.protocol.NotLeaderException: Server 4968f71e-b86a-4dba-9a34-2f43601aaff0 is not the leader (null). Request must be sent to leader., logIndex=0, commits[4968f71e-b86a-4dba-9a34-2f43601aaff0:c-1]
2019-07-13 20:27:03,607 INFO  client.GrpcClientProtocolClient (GrpcClientProtocolClient.java:onNext(255)) - client-08EAE4BC020C->679e13b5-cbeb-48af-8f93-74b3a1ecf3c4: receive RaftClientReply:client-08EAE4BC020C->679e13b5-cbeb-48af-8f93-74b3a1ecf3c4@group-023D0F14E27C, cid=13, FAILED org.apache.ratis.protocol.NotLeaderException: Server 679e13b5-cbeb-48af-8f93-74b3a1ecf3c4 is not the leader (null). Request must be sent to leader., logIndex=0, commits[679e13b5-cbeb-48af-8f93-74b3a1ecf3c4:c-1]
2019-07-13 20:27:04,633 INFO  client.GrpcClientProtocolClient (GrpcClientProtocolClient.java:onNext(255)) - client-08EAE4BC020C->4968f71e-b86a-4dba-9a34-2f43601aaff0: receive RaftClientReply:client-08EAE4BC020C->4968f71e-b86a-4dba-9a34-2f43601aaff0@group-023D0F14E27C, cid=13, FAILED org.apache.ratis.protocol.NotLeaderException: Server 4968f71e-b86a-4dba-9a34-2f43601aaff0 is not the leader (null). Request must be sent to leader., logIndex=0, commits[4968f71e-b86a-4dba-9a34-2f43601aaff0:c-1]
2019-07-13 20:27:04,707 INFO  impl.FollowerState (FollowerState.java:run(106)) - b24d28ba-ba43-4860-82ca-0d27d18e3528:group-355A82AC74B3 changes to CANDIDATE, lastRpcTime:5200, electionTimeout:5199ms
2019-07-13 20:27:04,707 INFO  impl.RoleInfo (RoleInfo.java:shutdownFollowerState(121)) - b24d28ba-ba43-4860-82ca-0d27d18e3528: shutdown FollowerState
2019-07-13 20:27:04,708 INFO  impl.RaftServerImpl (RaftServerImpl.java:setRole(171)) - b24d28ba-ba43-4860-82ca-0d27d18e3528:group-355A82AC74B3 changes role from FOLLOWER to CANDIDATE at term 0 for changeToCandidate
2019-07-13 20:27:04,715 INFO  impl.RoleInfo (RoleInfo.java:updateAndGet(143)) - b24d28ba-ba43-4860-82ca-0d27d18e3528: start LeaderElection
2019-07-13 20:27:04,731 INFO  impl.LeaderElection (LeaderElection.java:askForVotes(181)) - b24d28ba-ba43-4860-82ca-0d27d18e3528:group-355A82AC74B3:LeaderElection1: begin an election at term 1 for -1: [b24d28ba-ba43-4860-82ca-0d27d18e3528:192.168.5.168:44191], old=null
2019-07-13 20:27:04,733 INFO  impl.RoleInfo (RoleInfo.java:shutdownLeaderElection(134)) - b24d28ba-ba43-4860-82ca-0d27d18e3528: shutdown LeaderElection
2019-07-13 20:27:04,734 INFO  impl.RaftServerImpl (RaftServerImpl.java:setRole(171)) - b24d28ba-ba43-4860-82ca-0d27d18e3528:group-355A82AC74B3 changes role from CANDIDATE to LEADER at term 1 for changeToLeader
2019-07-13 20:27:04,734 INFO  impl.RaftServerImpl (ServerState.java:setLeader(263)) - b24d28ba-ba43-4860-82ca-0d27d18e3528:group-355A82AC74B3 change Leader from null to b24d28ba-ba43-4860-82ca-0d27d18e3528 at term 1 for becomeLeader, leader elected after 5305ms
2019-07-13 20:27:04,743 INFO  server.RaftServerConfigKeys (ConfUtils.java:logGet(43)) - raft.server.staging.catchup.gap = 1000 (default)
2019-07-13 20:27:04,744 INFO  server.RaftServerConfigKeys (ConfUtils.java:logGet(43)) - raft.server.rpc.sleep.time = 25ms (default)
2019-07-13 20:27:04,747 INFO  server.RaftServerConfigKeys (ConfUtils.java:logGet(43)) - raft.server.write.element-limit = 4096 (default)
2019-07-13 20:27:04,750 INFO  server.RaftServerConfigKeys (ConfUtils.java:logGet(43)) - raft.server.watch.timeout = 10s (default)
2019-07-13 20:27:04,750 INFO  server.RaftServerConfigKeys (ConfUtils.java:logGet(43)) - raft.server.watch.timeout.denomination = 1s (default)
2019-07-13 20:27:04,752 INFO  server.RaftServerConfigKeys (ConfUtils.java:logGet(43)) - raft.server.watch.element-limit = 65536 (default)
2019-07-13 20:27:04,762 INFO  impl.RoleInfo (RoleInfo.java:updateAndGet(143)) - b24d28ba-ba43-4860-82ca-0d27d18e3528: start LeaderState
2019-07-13 20:27:04,792 INFO  segmented.SegmentedRaftLogWorker (SegmentedRaftLogWorker.java:startLogSegment(380)) - b24d28ba-ba43-4860-82ca-0d27d18e3528-SegmentedRaftLogWorker:Storage Directory /tmp/workdir/hadoop-ozone/integration-test/target/test-dir/MiniOzoneClusterImpl-872b95be-ab77-4531-967a-8b14dc65ac0a/datanode-0/data/ratis/243341e6-ce80-4d82-97cb-355a82ac74b3: Starting segment from index:0
2019-07-13 20:27:04,802 INFO  impl.RaftServerImpl (ServerState.java:setRaftConf(361)) - b24d28ba-ba43-4860-82ca-0d27d18e3528:group-355A82AC74B3 set configuration 0: [b24d28ba-ba43-4860-82ca-0d27d18e3528:192.168.5.168:44191], old=null at 0
2019-07-13 20:27:04,828 INFO  impl.FollowerState (FollowerState.java:run(106)) - 825fc8cb-e295-459a-823c-e1bcea5ab3c4:group-8E8A31082FD4 changes to CANDIDATE, lastRpcTime:5135, electionTimeout:5134ms
2019-07-13 20:27:04,830 INFO  impl.RoleInfo (RoleInfo.java:shutdownFollowerState(121)) - 825fc8cb-e295-459a-823c-e1bcea5ab3c4: shutdown FollowerState
2019-07-13 20:27:04,830 INFO  impl.RaftServerImpl (RaftServerImpl.java:setRole(171)) - 825fc8cb-e295-459a-823c-e1bcea5ab3c4:group-8E8A31082FD4 changes role from FOLLOWER to CANDIDATE at term 0 for changeToCandidate
2019-07-13 20:27:04,830 INFO  impl.RoleInfo (RoleInfo.java:updateAndGet(143)) - 825fc8cb-e295-459a-823c-e1bcea5ab3c4: start LeaderElection
2019-07-13 20:27:04,851 INFO  impl.LeaderElection (LeaderElection.java:askForVotes(181)) - 825fc8cb-e295-459a-823c-e1bcea5ab3c4:group-8E8A31082FD4:LeaderElection2: begin an election at term 1 for -1: [825fc8cb-e295-459a-823c-e1bcea5ab3c4:192.168.5.168:45388], old=null
2019-07-13 20:27:04,854 INFO  impl.RoleInfo (RoleInfo.java:shutdownLeaderElection(134)) - 825fc8cb-e295-459a-823c-e1bcea5ab3c4: shutdown LeaderElection
2019-07-13 20:27:04,854 INFO  impl.RaftServerImpl (RaftServerImpl.java:setRole(171)) - 825fc8cb-e295-459a-823c-e1bcea5ab3c4:group-8E8A31082FD4 changes role from CANDIDATE to LEADER at term 1 for changeToLeader
2019-07-13 20:27:04,854 INFO  impl.RaftServerImpl (ServerState.java:setLeader(263)) - 825fc8cb-e295-459a-823c-e1bcea5ab3c4:group-8E8A31082FD4 change Leader from null to 825fc8cb-e295-459a-823c-e1bcea5ab3c4 at term 1 for becomeLeader, leader elected after 5168ms
2019-07-13 20:27:04,856 INFO  server.RaftServerConfigKeys (ConfUtils.java:logGet(43)) - raft.server.staging.catchup.gap = 1000 (default)
2019-07-13 20:27:04,856 INFO  server.RaftServerConfigKeys (ConfUtils.java:logGet(43)) - raft.server.rpc.sleep.time = 25ms (default)
2019-07-13 20:27:04,856 INFO  server.RaftServerConfigKeys (ConfUtils.java:logGet(43)) - raft.server.write.element-limit = 4096 (default)
2019-07-13 20:27:04,857 INFO  server.RaftServerConfigKeys (ConfUtils.java:logGet(43)) - raft.server.watch.timeout = 10s (default)
2019-07-13 20:27:04,857 INFO  server.RaftServerConfigKeys (ConfUtils.java:logGet(43)) - raft.server.watch.timeout.denomination = 1s (default)
2019-07-13 20:27:04,857 INFO  server.RaftServerConfigKeys (ConfUtils.java:logGet(43)) - raft.server.watch.element-limit = 65536 (default)
2019-07-13 20:27:04,857 INFO  impl.RoleInfo (RoleInfo.java:updateAndGet(143)) - 825fc8cb-e295-459a-823c-e1bcea5ab3c4: start LeaderState
2019-07-13 20:27:04,857 INFO  segmented.SegmentedRaftLogWorker (SegmentedRaftLogWorker.java:startLogSegment(380)) - 825fc8cb-e295-459a-823c-e1bcea5ab3c4-SegmentedRaftLogWorker:Storage Directory /tmp/workdir/hadoop-ozone/integration-test/target/test-dir/MiniOzoneClusterImpl-872b95be-ab77-4531-967a-8b14dc65ac0a/datanode-3/data/ratis/a50daff0-1fe5-4cbc-a10d-8e8a31082fd4: Starting segment from index:0
2019-07-13 20:27:04,858 INFO  impl.RaftServerImpl (ServerState.java:setRaftConf(361)) - 825fc8cb-e295-459a-823c-e1bcea5ab3c4:group-8E8A31082FD4 set configuration 0: [825fc8cb-e295-459a-823c-e1bcea5ab3c4:192.168.5.168:45388], old=null at 0
2019-07-13 20:27:04,858 INFO  impl.FollowerState (FollowerState.java:run(106)) - 4d4605e1-ea6f-4e85-b73e-f1014d13b8b6:group-4B94FC18E307 changes to CANDIDATE, lastRpcTime:5093, electionTimeout:5093ms
2019-07-13 20:27:04,860 INFO  impl.RoleInfo (RoleInfo.java:shutdownFollowerState(121)) - 4d4605e1-ea6f-4e85-b73e-f1014d13b8b6: shutdown FollowerState
2019-07-13 20:27:04,861 INFO  impl.RaftServerImpl (RaftServerImpl.java:setRole(171)) - 4d4605e1-ea6f-4e85-b73e-f1014d13b8b6:group-4B94FC18E307 changes role from FOLLOWER to CANDIDATE at term 0 for changeToCandidate
2019-07-13 20:27:04,861 INFO  impl.RoleInfo (RoleInfo.java:updateAndGet(143)) - 4d4605e1-ea6f-4e85-b73e-f1014d13b8b6: start LeaderElection
2019-07-13 20:27:04,869 INFO  impl.LeaderElection (LeaderElection.java:askForVotes(181)) - 4d4605e1-ea6f-4e85-b73e-f1014d13b8b6:group-4B94FC18E307:LeaderElection3: begin an election at term 1 for -1: [4d4605e1-ea6f-4e85-b73e-f1014d13b8b6:192.168.5.168:34965], old=null
2019-07-13 20:27:04,869 INFO  impl.RoleInfo (RoleInfo.java:shutdownLeaderElection(134)) - 4d4605e1-ea6f-4e85-b73e-f1014d13b8b6: shutdown LeaderElection
2019-07-13 20:27:04,869 INFO  impl.RaftServerImpl (RaftServerImpl.java:setRole(171)) - 4d4605e1-ea6f-4e85-b73e-f1014d13b8b6:group-4B94FC18E307 changes role from CANDIDATE to LEADER at term 1 for changeToLeader
2019-07-13 20:27:04,870 INFO  impl.RaftServerImpl (ServerState.java:setLeader(263)) - 4d4605e1-ea6f-4e85-b73e-f1014d13b8b6:group-4B94FC18E307 change Leader from null to 4d4605e1-ea6f-4e85-b73e-f1014d13b8b6 at term 1 for becomeLeader, leader elected after 5109ms
2019-07-13 20:27:04,872 INFO  server.RaftServerConfigKeys (ConfUtils.java:logGet(43)) - raft.server.staging.catchup.gap = 1000 (default)
2019-07-13 20:27:04,872 INFO  server.RaftServerConfigKeys (ConfUtils.java:logGet(43)) - raft.server.rpc.sleep.time = 25ms (default)
2019-07-13 20:27:04,872 INFO  server.RaftServerConfigKeys (ConfUtils.java:logGet(43)) - raft.server.write.element-limit = 4096 (default)
2019-07-13 20:27:04,872 INFO  server.RaftServerConfigKeys (ConfUtils.java:logGet(43)) - raft.server.watch.timeout = 10s (default)
2019-07-13 20:27:04,872 INFO  server.RaftServerConfigKeys (ConfUtils.java:logGet(43)) - raft.server.watch.timeout.denomination = 1s (default)
2019-07-13 20:27:04,873 INFO  server.RaftServerConfigKeys (ConfUtils.java:logGet(43)) - raft.server.watch.element-limit = 65536 (default)
2019-07-13 20:27:04,873 INFO  impl.RoleInfo (RoleInfo.java:updateAndGet(143)) - 4d4605e1-ea6f-4e85-b73e-f1014d13b8b6: start LeaderState
2019-07-13 20:27:04,873 INFO  segmented.SegmentedRaftLogWorker (SegmentedRaftLogWorker.java:startLogSegment(380)) - 4d4605e1-ea6f-4e85-b73e-f1014d13b8b6-SegmentedRaftLogWorker:Storage Directory /tmp/workdir/hadoop-ozone/integration-test/target/test-dir/MiniOzoneClusterImpl-872b95be-ab77-4531-967a-8b14dc65ac0a/datanode-2/data/ratis/59e767e2-5ad3-414c-a3a8-4b94fc18e307: Starting segment from index:0
2019-07-13 20:27:04,874 INFO  impl.RaftServerImpl (ServerState.java:setRaftConf(361)) - 4d4605e1-ea6f-4e85-b73e-f1014d13b8b6:group-4B94FC18E307 set configuration 0: [4d4605e1-ea6f-4e85-b73e-f1014d13b8b6:192.168.5.168:34965], old=null at 0
2019-07-13 20:27:04,983 INFO  impl.FollowerState (FollowerState.java:run(106)) - 5129a9c2-d56f-42da-9a5a-6b0534561310:group-20AAA7C2B727 changes to CANDIDATE, lastRpcTime:5146, electionTimeout:5146ms
2019-07-13 20:27:04,983 INFO  impl.RoleInfo (RoleInfo.java:shutdownFollowerState(121)) - 5129a9c2-d56f-42da-9a5a-6b0534561310: shutdown FollowerState
2019-07-13 20:27:04,983 INFO  impl.RaftServerImpl (RaftServerImpl.java:setRole(171)) - 5129a9c2-d56f-42da-9a5a-6b0534561310:group-20AAA7C2B727 changes role from FOLLOWER to CANDIDATE at term 0 for changeToCandidate
2019-07-13 20:27:04,983 INFO  impl.RoleInfo (RoleInfo.java:updateAndGet(143)) - 5129a9c2-d56f-42da-9a5a-6b0534561310: start LeaderElection
2019-07-13 20:27:05,000 INFO  impl.LeaderElection (LeaderElection.java:askForVotes(181)) - 5129a9c2-d56f-42da-9a5a-6b0534561310:group-20AAA7C2B727:LeaderElection4: begin an election at term 1 for -1: [5129a9c2-d56f-42da-9a5a-6b0534561310:192.168.5.168:41026], old=null
2019-07-13 20:27:05,000 INFO  impl.RoleInfo (RoleInfo.java:shutdownLeaderElection(134)) - 5129a9c2-d56f-42da-9a5a-6b0534561310: shutdown LeaderElection
2019-07-13 20:27:05,001 INFO  impl.RaftServerImpl (RaftServerImpl.java:setRole(171)) - 5129a9c2-d56f-42da-9a5a-6b0534561310:group-20AAA7C2B727 changes role from CANDIDATE to LEADER at term 1 for changeToLeader
2019-07-13 20:27:05,001 INFO  impl.RaftServerImpl (ServerState.java:setLeader(263)) - 5129a9c2-d56f-42da-9a5a-6b0534561310:group-20AAA7C2B727 change Leader from null to 5129a9c2-d56f-42da-9a5a-6b0534561310 at term 1 for becomeLeader, leader elected after 5169ms
2019-07-13 20:27:05,003 INFO  server.RaftServerConfigKeys (ConfUtils.java:logGet(43)) - raft.server.staging.catchup.gap = 1000 (default)
2019-07-13 20:27:05,003 INFO  server.RaftServerConfigKeys (ConfUtils.java:logGet(43)) - raft.server.rpc.sleep.time = 25ms (default)
2019-07-13 20:27:05,003 INFO  server.RaftServerConfigKeys (ConfUtils.java:logGet(43)) - raft.server.write.element-limit = 4096 (default)
2019-07-13 20:27:05,004 INFO  server.RaftServerConfigKeys (ConfUtils.java:logGet(43)) - raft.server.watch.timeout = 10s (default)
2019-07-13 20:27:05,004 INFO  server.RaftServerConfigKeys (ConfUtils.java:logGet(43)) - raft.server.watch.timeout.denomination = 1s (default)
2019-07-13 20:27:05,004 INFO  server.RaftServerConfigKeys (ConfUtils.java:logGet(43)) - raft.server.watch.element-limit = 65536 (default)
2019-07-13 20:27:05,005 INFO  impl.RoleInfo (RoleInfo.java:updateAndGet(143)) - 5129a9c2-d56f-42da-9a5a-6b0534561310: start LeaderState
2019-07-13 20:27:05,005 INFO  segmented.SegmentedRaftLogWorker (SegmentedRaftLogWorker.java:startLogSegment(380)) - 5129a9c2-d56f-42da-9a5a-6b0534561310-SegmentedRaftLogWorker:Storage Directory /tmp/workdir/hadoop-ozone/integration-test/target/test-dir/MiniOzoneClusterImpl-872b95be-ab77-4531-967a-8b14dc65ac0a/datanode-4/data/ratis/62935099-5989-457c-a417-20aaa7c2b727: Starting segment from index:0
2019-07-13 20:27:05,005 INFO  impl.RaftServerImpl (ServerState.java:setRaftConf(361)) - 5129a9c2-d56f-42da-9a5a-6b0534561310:group-20AAA7C2B727 set configuration 0: [5129a9c2-d56f-42da-9a5a-6b0534561310:192.168.5.168:41026], old=null at 0
2019-07-13 20:27:05,009 INFO  impl.FollowerState (FollowerState.java:run(106)) - 679e13b5-cbeb-48af-8f93-74b3a1ecf3c4:group-AD15D622ADE9 changes to CANDIDATE, lastRpcTime:5114, electionTimeout:5114ms
2019-07-13 20:27:05,009 INFO  impl.RoleInfo (RoleInfo.java:shutdownFollowerState(121)) - 679e13b5-cbeb-48af-8f93-74b3a1ecf3c4: shutdown FollowerState
2019-07-13 20:27:05,009 INFO  impl.RaftServerImpl (RaftServerImpl.java:setRole(171)) - 679e13b5-cbeb-48af-8f93-74b3a1ecf3c4:group-AD15D622ADE9 changes role from FOLLOWER to CANDIDATE at term 0 for changeToCandidate
2019-07-13 20:27:05,009 INFO  impl.RoleInfo (RoleInfo.java:updateAndGet(143)) - 679e13b5-cbeb-48af-8f93-74b3a1ecf3c4: start LeaderElection
2019-07-13 20:27:05,018 INFO  impl.FollowerState (FollowerState.java:run(106)) - 1d967e2d-b700-42c4-a2b3-153b0a458c5c:group-E25856522DB7 changes to CANDIDATE, lastRpcTime:5027, electionTimeout:5027ms
2019-07-13 20:27:05,018 INFO  impl.RoleInfo (RoleInfo.java:shutdownFollowerState(121)) - 1d967e2d-b700-42c4-a2b3-153b0a458c5c: shutdown FollowerState
2019-07-13 20:27:05,018 INFO  impl.RaftServerImpl (RaftServerImpl.java:setRole(171)) - 1d967e2d-b700-42c4-a2b3-153b0a458c5c:group-E25856522DB7 changes role from FOLLOWER to CANDIDATE at term 0 for changeToCandidate
2019-07-13 20:27:05,018 INFO  impl.RoleInfo (RoleInfo.java:updateAndGet(143)) - 1d967e2d-b700-42c4-a2b3-153b0a458c5c: start LeaderElection
2019-07-13 20:27:05,041 INFO  impl.LeaderElection (LeaderElection.java:askForVotes(181)) - 679e13b5-cbeb-48af-8f93-74b3a1ecf3c4:group-AD15D622ADE9:LeaderElection5: begin an election at term 1 for -1: [679e13b5-cbeb-48af-8f93-74b3a1ecf3c4:192.168.5.168:36078], old=null
2019-07-13 20:27:05,041 INFO  impl.RoleInfo (RoleInfo.java:shutdownLeaderElection(134)) - 679e13b5-cbeb-48af-8f93-74b3a1ecf3c4: shutdown LeaderElection
2019-07-13 20:27:05,041 INFO  impl.RaftServerImpl (RaftServerImpl.java:setRole(171)) - 679e13b5-cbeb-48af-8f93-74b3a1ecf3c4:group-AD15D622ADE9 changes role from CANDIDATE to LEADER at term 1 for changeToLeader
2019-07-13 20:27:05,042 INFO  impl.RaftServerImpl (ServerState.java:setLeader(263)) - 679e13b5-cbeb-48af-8f93-74b3a1ecf3c4:group-AD15D622ADE9 change Leader from null to 679e13b5-cbeb-48af-8f93-74b3a1ecf3c4 at term 1 for becomeLeader, leader elected after 5151ms
2019-07-13 20:27:05,043 INFO  server.RaftServerConfigKeys (ConfUtils.java:logGet(43)) - raft.server.staging.catchup.gap = 1000 (default)
2019-07-13 20:27:05,044 INFO  server.RaftServerConfigKeys (ConfUtils.java:logGet(43)) - raft.server.rpc.sleep.time = 25ms (default)
2019-07-13 20:27:05,044 INFO  server.RaftServerConfigKeys (ConfUtils.java:logGet(43)) - raft.server.write.element-limit = 4096 (default)
2019-07-13 20:27:05,044 INFO  server.RaftServerConfigKeys (ConfUtils.java:logGet(43)) - raft.server.watch.timeout = 10s (default)
2019-07-13 20:27:05,045 INFO  server.RaftServerConfigKeys (ConfUtils.java:logGet(43)) - raft.server.watch.timeout.denomination = 1s (default)
2019-07-13 20:27:05,045 INFO  impl.LeaderElection (LeaderElection.java:askForVotes(181)) - 1d967e2d-b700-42c4-a2b3-153b0a458c5c:group-E25856522DB7:LeaderElection6: begin an election at term 1 for -1: [1d967e2d-b700-42c4-a2b3-153b0a458c5c:192.168.5.168:46665], old=null
2019-07-13 20:27:05,045 INFO  server.RaftServerConfigKeys (ConfUtils.java:logGet(43)) - raft.server.watch.element-limit = 65536 (default)
2019-07-13 20:27:05,045 INFO  impl.RoleInfo (RoleInfo.java:shutdownLeaderElection(134)) - 1d967e2d-b700-42c4-a2b3-153b0a458c5c: shutdown LeaderElection
2019-07-13 20:27:05,045 INFO  impl.RaftServerImpl (RaftServerImpl.java:setRole(171)) - 1d967e2d-b700-42c4-a2b3-153b0a458c5c:group-E25856522DB7 changes role from CANDIDATE to LEADER at term 1 for changeToLeader
2019-07-13 20:27:05,046 INFO  impl.RoleInfo (RoleInfo.java:updateAndGet(143)) - 679e13b5-cbeb-48af-8f93-74b3a1ecf3c4: start LeaderState
2019-07-13 20:27:05,046 INFO  impl.RaftServerImpl (ServerState.java:setLeader(263)) - 1d967e2d-b700-42c4-a2b3-153b0a458c5c:group-E25856522DB7 change Leader from null to 1d967e2d-b700-42c4-a2b3-153b0a458c5c at term 1 for becomeLeader, leader elected after 5059ms
2019-07-13 20:27:05,048 INFO  server.RaftServerConfigKeys (ConfUtils.java:logGet(43)) - raft.server.staging.catchup.gap = 1000 (default)
2019-07-13 20:27:05,048 INFO  segmented.SegmentedRaftLogWorker (SegmentedRaftLogWorker.java:startLogSegment(380)) - 679e13b5-cbeb-48af-8f93-74b3a1ecf3c4-SegmentedRaftLogWorker:Storage Directory /tmp/workdir/hadoop-ozone/integration-test/target/test-dir/MiniOzoneClusterImpl-872b95be-ab77-4531-967a-8b14dc65ac0a/datanode-6/data/ratis/260dad8d-99a3-48d2-9aec-ad15d622ade9: Starting segment from index:0
2019-07-13 20:27:05,048 INFO  server.RaftServerConfigKeys (ConfUtils.java:logGet(43)) - raft.server.rpc.sleep.time = 25ms (default)
2019-07-13 20:27:05,049 INFO  server.RaftServerConfigKeys (ConfUtils.java:logGet(43)) - raft.server.write.element-limit = 4096 (default)
2019-07-13 20:27:05,049 INFO  server.RaftServerConfigKeys (ConfUtils.java:logGet(43)) - raft.server.watch.timeout = 10s (default)
2019-07-13 20:27:05,049 INFO  impl.RaftServerImpl (ServerState.java:setRaftConf(361)) - 679e13b5-cbeb-48af-8f93-74b3a1ecf3c4:group-AD15D622ADE9 set configuration 0: [679e13b5-cbeb-48af-8f93-74b3a1ecf3c4:192.168.5.168:36078], old=null at 0
2019-07-13 20:27:05,049 INFO  server.RaftServerConfigKeys (ConfUtils.java:logGet(43)) - raft.server.watch.timeout.denomination = 1s (default)
2019-07-13 20:27:05,049 INFO  server.RaftServerConfigKeys (ConfUtils.java:logGet(43)) - raft.server.watch.element-limit = 65536 (default)
2019-07-13 20:27:05,067 INFO  segmented.SegmentedRaftLogWorker (SegmentedRaftLogWorker.java:execute(569)) - 825fc8cb-e295-459a-823c-e1bcea5ab3c4-SegmentedRaftLogWorker:Storage Directory /tmp/workdir/hadoop-ozone/integration-test/target/test-dir/MiniOzoneClusterImpl-872b95be-ab77-4531-967a-8b14dc65ac0a/datanode-3/data/ratis/a50daff0-1fe5-4cbc-a10d-8e8a31082fd4: created new log segment /tmp/workdir/hadoop-ozone/integration-test/target/test-dir/MiniOzoneClusterImpl-872b95be-ab77-4531-967a-8b14dc65ac0a/datanode-3/data/ratis/a50daff0-1fe5-4cbc-a10d-8e8a31082fd4/current/log_inprogress_0
2019-07-13 20:27:05,067 INFO  segmented.SegmentedRaftLogWorker (SegmentedRaftLogWorker.java:execute(569)) - 5129a9c2-d56f-42da-9a5a-6b0534561310-SegmentedRaftLogWorker:Storage Directory /tmp/workdir/hadoop-ozone/integration-test/target/test-dir/MiniOzoneClusterImpl-872b95be-ab77-4531-967a-8b14dc65ac0a/datanode-4/data/ratis/62935099-5989-457c-a417-20aaa7c2b727: created new log segment /tmp/workdir/hadoop-ozone/integration-test/target/test-dir/MiniOzoneClusterImpl-872b95be-ab77-4531-967a-8b14dc65ac0a/datanode-4/data/ratis/62935099-5989-457c-a417-20aaa7c2b727/current/log_inprogress_0
2019-07-13 20:27:05,068 INFO  impl.RoleInfo (RoleInfo.java:updateAndGet(143)) - 1d967e2d-b700-42c4-a2b3-153b0a458c5c: start LeaderState
2019-07-13 20:27:05,067 INFO  segmented.SegmentedRaftLogWorker (SegmentedRaftLogWorker.java:execute(569)) - 4d4605e1-ea6f-4e85-b73e-f1014d13b8b6-SegmentedRaftLogWorker:Storage Directory /tmp/workdir/hadoop-ozone/integration-test/target/test-dir/MiniOzoneClusterImpl-872b95be-ab77-4531-967a-8b14dc65ac0a/datanode-2/data/ratis/59e767e2-5ad3-414c-a3a8-4b94fc18e307: created new log segment /tmp/workdir/hadoop-ozone/integration-test/target/test-dir/MiniOzoneClusterImpl-872b95be-ab77-4531-967a-8b14dc65ac0a/datanode-2/data/ratis/59e767e2-5ad3-414c-a3a8-4b94fc18e307/current/log_inprogress_0
2019-07-13 20:27:05,067 INFO  segmented.SegmentedRaftLogWorker (SegmentedRaftLogWorker.java:execute(569)) - b24d28ba-ba43-4860-82ca-0d27d18e3528-SegmentedRaftLogWorker:Storage Directory /tmp/workdir/hadoop-ozone/integration-test/target/test-dir/MiniOzoneClusterImpl-872b95be-ab77-4531-967a-8b14dc65ac0a/datanode-0/data/ratis/243341e6-ce80-4d82-97cb-355a82ac74b3: created new log segment /tmp/workdir/hadoop-ozone/integration-test/target/test-dir/MiniOzoneClusterImpl-872b95be-ab77-4531-967a-8b14dc65ac0a/datanode-0/data/ratis/243341e6-ce80-4d82-97cb-355a82ac74b3/current/log_inprogress_0
2019-07-13 20:27:05,072 INFO  segmented.SegmentedRaftLogWorker (SegmentedRaftLogWorker.java:startLogSegment(380)) - 1d967e2d-b700-42c4-a2b3-153b0a458c5c-SegmentedRaftLogWorker:Storage Directory /tmp/workdir/hadoop-ozone/integration-test/target/test-dir/MiniOzoneClusterImpl-872b95be-ab77-4531-967a-8b14dc65ac0a/datanode-1/data/ratis/c789731e-32c0-4225-9722-e25856522db7: Starting segment from index:0
2019-07-13 20:27:05,071 INFO  segmented.SegmentedRaftLogWorker (SegmentedRaftLogWorker.java:execute(569)) - 679e13b5-cbeb-48af-8f93-74b3a1ecf3c4-SegmentedRaftLogWorker:Storage Directory /tmp/workdir/hadoop-ozone/integration-test/target/test-dir/MiniOzoneClusterImpl-872b95be-ab77-4531-967a-8b14dc65ac0a/datanode-6/data/ratis/260dad8d-99a3-48d2-9aec-ad15d622ade9: created new log segment /tmp/workdir/hadoop-ozone/integration-test/target/test-dir/MiniOzoneClusterImpl-872b95be-ab77-4531-967a-8b14dc65ac0a/datanode-6/data/ratis/260dad8d-99a3-48d2-9aec-ad15d622ade9/current/log_inprogress_0
2019-07-13 20:27:05,076 INFO  impl.RaftServerImpl (ServerState.java:setRaftConf(361)) - 1d967e2d-b700-42c4-a2b3-153b0a458c5c:group-E25856522DB7 set configuration 0: [1d967e2d-b700-42c4-a2b3-153b0a458c5c:192.168.5.168:46665], old=null at 0
2019-07-13 20:27:05,098 INFO  segmented.SegmentedRaftLogWorker (SegmentedRaftLogWorker.java:execute(569)) - 1d967e2d-b700-42c4-a2b3-153b0a458c5c-SegmentedRaftLogWorker:Storage Directory /tmp/workdir/hadoop-ozone/integration-test/target/test-dir/MiniOzoneClusterImpl-872b95be-ab77-4531-967a-8b14dc65ac0a/datanode-1/data/ratis/c789731e-32c0-4225-9722-e25856522db7: created new log segment /tmp/workdir/hadoop-ozone/integration-test/target/test-dir/MiniOzoneClusterImpl-872b95be-ab77-4531-967a-8b14dc65ac0a/datanode-1/data/ratis/c789731e-32c0-4225-9722-e25856522db7/current/log_inprogress_0
2019-07-13 20:27:05,111 INFO  impl.FollowerState (FollowerState.java:run(106)) - 4968f71e-b86a-4dba-9a34-2f43601aaff0:group-77C419D563DB changes to CANDIDATE, lastRpcTime:5162, electionTimeout:5162ms
2019-07-13 20:27:05,113 INFO  impl.RoleInfo (RoleInfo.java:shutdownFollowerState(121)) - 4968f71e-b86a-4dba-9a34-2f43601aaff0: shutdown FollowerState
2019-07-13 20:27:05,113 INFO  impl.RaftServerImpl (RaftServerImpl.java:setRole(171)) - 4968f71e-b86a-4dba-9a34-2f43601aaff0:group-77C419D563DB changes role from FOLLOWER to CANDIDATE at term 0 for changeToCandidate
2019-07-13 20:27:05,113 INFO  impl.RoleInfo (RoleInfo.java:updateAndGet(143)) - 4968f71e-b86a-4dba-9a34-2f43601aaff0: start LeaderElection
2019-07-13 20:27:05,115 INFO  impl.FollowerState (FollowerState.java:run(106)) - 825fc8cb-e295-459a-823c-e1bcea5ab3c4:group-E24B9D14126E changes to CANDIDATE, lastRpcTime:5022, electionTimeout:5020ms
2019-07-13 20:27:05,117 INFO  impl.RoleInfo (RoleInfo.java:shutdownFollowerState(121)) - 825fc8cb-e295-459a-823c-e1bcea5ab3c4: shutdown FollowerState
2019-07-13 20:27:05,117 INFO  impl.RaftServerImpl (RaftServerImpl.java:setRole(171)) - 825fc8cb-e295-459a-823c-e1bcea5ab3c4:group-E24B9D14126E changes role from FOLLOWER to CANDIDATE at term 0 for changeToCandidate
2019-07-13 20:27:05,120 INFO  impl.RoleInfo (RoleInfo.java:updateAndGet(143)) - 825fc8cb-e295-459a-823c-e1bcea5ab3c4: start LeaderElection
2019-07-13 20:27:05,130 INFO  impl.LeaderElection (LeaderElection.java:askForVotes(181)) - 4968f71e-b86a-4dba-9a34-2f43601aaff0:group-77C419D563DB:LeaderElection7: begin an election at term 1 for -1: [4968f71e-b86a-4dba-9a34-2f43601aaff0:192.168.5.168:45613], old=null
2019-07-13 20:27:05,130 INFO  impl.LeaderElection (LeaderElection.java:askForVotes(181)) - 825fc8cb-e295-459a-823c-e1bcea5ab3c4:group-E24B9D14126E:LeaderElection8: begin an election at term 1 for -1: [825fc8cb-e295-459a-823c-e1bcea5ab3c4:192.168.5.168:45388, 4d4605e1-ea6f-4e85-b73e-f1014d13b8b6:192.168.5.168:34965, 5129a9c2-d56f-42da-9a5a-6b0534561310:192.168.5.168:41026], old=null
2019-07-13 20:27:05,130 INFO  impl.RoleInfo (RoleInfo.java:shutdownLeaderElection(134)) - 4968f71e-b86a-4dba-9a34-2f43601aaff0: shutdown LeaderElection
2019-07-13 20:27:05,130 INFO  impl.RaftServerImpl (RaftServerImpl.java:setRole(171)) - 4968f71e-b86a-4dba-9a34-2f43601aaff0:group-77C419D563DB changes role from CANDIDATE to LEADER at term 1 for changeToLeader
2019-07-13 20:27:05,130 INFO  impl.RaftServerImpl (ServerState.java:setLeader(263)) - 4968f71e-b86a-4dba-9a34-2f43601aaff0:group-77C419D563DB change Leader from null to 4968f71e-b86a-4dba-9a34-2f43601aaff0 at term 1 for becomeLeader, leader elected after 5186ms
2019-07-13 20:27:05,132 INFO  server.RaftServerConfigKeys (ConfUtils.java:logGet(43)) - raft.server.staging.catchup.gap = 1000 (default)
2019-07-13 20:27:05,132 INFO  server.RaftServerConfigKeys (ConfUtils.java:logGet(43)) - raft.server.rpc.sleep.time = 25ms (default)
2019-07-13 20:27:05,132 INFO  server.RaftServerConfigKeys (ConfUtils.java:logGet(43)) - raft.server.write.element-limit = 4096 (default)
2019-07-13 20:27:05,132 INFO  server.RaftServerConfigKeys (ConfUtils.java:logGet(43)) - raft.server.watch.timeout = 10s (default)
2019-07-13 20:27:05,132 INFO  server.RaftServerConfigKeys (ConfUtils.java:logGet(43)) - raft.server.watch.timeout.denomination = 1s (default)
2019-07-13 20:27:05,133 INFO  server.RaftServerConfigKeys (ConfUtils.java:logGet(43)) - raft.server.watch.element-limit = 65536 (default)
2019-07-13 20:27:05,133 INFO  impl.RoleInfo (RoleInfo.java:updateAndGet(143)) - 4968f71e-b86a-4dba-9a34-2f43601aaff0: start LeaderState
2019-07-13 20:27:05,133 INFO  segmented.SegmentedRaftLogWorker (SegmentedRaftLogWorker.java:startLogSegment(380)) - 4968f71e-b86a-4dba-9a34-2f43601aaff0-SegmentedRaftLogWorker:Storage Directory /tmp/workdir/hadoop-ozone/integration-test/target/test-dir/MiniOzoneClusterImpl-872b95be-ab77-4531-967a-8b14dc65ac0a/datanode-5/data/ratis/f232efdc-58b0-44fb-9106-77c419d563db: Starting segment from index:0
2019-07-13 20:27:05,134 INFO  impl.RaftServerImpl (ServerState.java:setRaftConf(361)) - 4968f71e-b86a-4dba-9a34-2f43601aaff0:group-77C419D563DB set configuration 0: [4968f71e-b86a-4dba-9a34-2f43601aaff0:192.168.5.168:45613], old=null at 0
2019-07-13 20:27:05,154 INFO  segmented.SegmentedRaftLogWorker (SegmentedRaftLogWorker.java:execute(569)) - 4968f71e-b86a-4dba-9a34-2f43601aaff0-SegmentedRaftLogWorker:Storage Directory /tmp/workdir/hadoop-ozone/integration-test/target/test-dir/MiniOzoneClusterImpl-872b95be-ab77-4531-967a-8b14dc65ac0a/datanode-5/data/ratis/f232efdc-58b0-44fb-9106-77c419d563db: created new log segment /tmp/workdir/hadoop-ozone/integration-test/target/test-dir/MiniOzoneClusterImpl-872b95be-ab77-4531-967a-8b14dc65ac0a/datanode-5/data/ratis/f232efdc-58b0-44fb-9106-77c419d563db/current/log_inprogress_0
2019-07-13 20:27:05,172 INFO  impl.RaftServerImpl (RaftServerImpl.java:setRole(171)) - 4d4605e1-ea6f-4e85-b73e-f1014d13b8b6:group-E24B9D14126E changes role from FOLLOWER to FOLLOWER at term 1 for recognizeCandidate:825fc8cb-e295-459a-823c-e1bcea5ab3c4
2019-07-13 20:27:05,172 INFO  impl.RaftServerImpl (RaftServerImpl.java:setRole(171)) - 5129a9c2-d56f-42da-9a5a-6b0534561310:group-E24B9D14126E changes role from FOLLOWER to FOLLOWER at term 1 for recognizeCandidate:825fc8cb-e295-459a-823c-e1bcea5ab3c4
2019-07-13 20:27:05,172 INFO  impl.RoleInfo (RoleInfo.java:shutdownFollowerState(121)) - 4d4605e1-ea6f-4e85-b73e-f1014d13b8b6: shutdown FollowerState
2019-07-13 20:27:05,173 INFO  impl.RoleInfo (RoleInfo.java:shutdownFollowerState(121)) - 5129a9c2-d56f-42da-9a5a-6b0534561310: shutdown FollowerState
2019-07-13 20:27:05,174 INFO  impl.FollowerState (FollowerState.java:run(114)) - 4d4605e1-ea6f-4e85-b73e-f1014d13b8b6: FollowerState was interrupted: java.lang.InterruptedException: sleep interrupted
2019-07-13 20:27:05,174 INFO  impl.RoleInfo (RoleInfo.java:updateAndGet(143)) - 4d4605e1-ea6f-4e85-b73e-f1014d13b8b6: start FollowerState
2019-07-13 20:27:05,174 INFO  impl.FollowerState (FollowerState.java:run(114)) - 5129a9c2-d56f-42da-9a5a-6b0534561310: FollowerState was interrupted: java.lang.InterruptedException: sleep interrupted
2019-07-13 20:27:05,174 INFO  impl.RoleInfo (RoleInfo.java:updateAndGet(143)) - 5129a9c2-d56f-42da-9a5a-6b0534561310: start FollowerState
2019-07-13 20:27:05,193 INFO  impl.LeaderElection (LeaderElection.java:logAndReturn(56)) - 825fc8cb-e295-459a-823c-e1bcea5ab3c4:group-E24B9D14126E:LeaderElection8: Election PASSED; received 1 response(s) [825fc8cb-e295-459a-823c-e1bcea5ab3c4<-4d4605e1-ea6f-4e85-b73e-f1014d13b8b6#0:OK-t1] and 0 exception(s); 825fc8cb-e295-459a-823c-e1bcea5ab3c4:t1, leader=null, voted=825fc8cb-e295-459a-823c-e1bcea5ab3c4, raftlog=825fc8cb-e295-459a-823c-e1bcea5ab3c4-SegmentedRaftLog:OPENED:c-1,f-1,i0, conf=-1: [825fc8cb-e295-459a-823c-e1bcea5ab3c4:192.168.5.168:45388, 4d4605e1-ea6f-4e85-b73e-f1014d13b8b6:192.168.5.168:34965, 5129a9c2-d56f-42da-9a5a-6b0534561310:192.168.5.168:41026], old=null
2019-07-13 20:27:05,193 INFO  impl.RoleInfo (RoleInfo.java:shutdownLeaderElection(134)) - 825fc8cb-e295-459a-823c-e1bcea5ab3c4: shutdown LeaderElection
2019-07-13 20:27:05,193 INFO  impl.RaftServerImpl (RaftServerImpl.java:setRole(171)) - 825fc8cb-e295-459a-823c-e1bcea5ab3c4:group-E24B9D14126E changes role from CANDIDATE to LEADER at term 1 for changeToLeader
2019-07-13 20:27:05,196 INFO  impl.RaftServerImpl (ServerState.java:setLeader(263)) - 825fc8cb-e295-459a-823c-e1bcea5ab3c4:group-E24B9D14126E change Leader from null to 825fc8cb-e295-459a-823c-e1bcea5ab3c4 at term 1 for becomeLeader, leader elected after 5122ms
2019-07-13 20:27:05,196 INFO  server.RaftServerConfigKeys (ConfUtils.java:logGet(43)) - raft.server.staging.catchup.gap = 1000 (default)
2019-07-13 20:27:05,196 INFO  server.RaftServerConfigKeys (ConfUtils.java:logGet(43)) - raft.server.rpc.sleep.time = 25ms (default)
2019-07-13 20:27:05,196 INFO  server.RaftServerConfigKeys (ConfUtils.java:logGet(43)) - raft.server.write.element-limit = 4096 (default)
2019-07-13 20:27:05,197 INFO  server.RaftServerConfigKeys (ConfUtils.java:logGet(43)) - raft.server.watch.timeout = 10s (default)
2019-07-13 20:27:05,197 INFO  server.RaftServerConfigKeys (ConfUtils.java:logGet(43)) - raft.server.watch.timeout.denomination = 1s (default)
2019-07-13 20:27:05,197 INFO  server.RaftServerConfigKeys (ConfUtils.java:logGet(43)) - raft.server.watch.element-limit = 65536 (default)
2019-07-13 20:27:05,199 INFO  server.RaftServerConfigKeys (ConfUtils.java:logGet(43)) - raft.server.log.appender.snapshot.chunk.size.max = 16MB (=16777216) (default)
2019-07-13 20:27:05,200 INFO  server.RaftServerConfigKeys (ConfUtils.java:logGet(43)) - raft.server.log.appender.buffer.byte-limit = 33554432 (custom)
2019-07-13 20:27:05,200 INFO  server.RaftServerConfigKeys (ConfUtils.java:logGet(43)) - raft.server.log.appender.buffer.element-limit = 1 (custom)
2019-07-13 20:27:05,204 INFO  grpc.GrpcConfigKeys$Server (ConfUtils.java:logGet(43)) - raft.grpc.server.leader.outstanding.appends.max = 128 (default)
2019-07-13 20:27:05,206 INFO  server.RaftServerConfigKeys (ConfUtils.java:logGet(43)) - raft.server.rpc.request.timeout = 3000ms (default)
2019-07-13 20:27:05,206 INFO  server.RaftServerConfigKeys (ConfUtils.java:logGet(43)) - raft.server.log.appender.install.snapshot.enabled = false (custom)
2019-07-13 20:27:05,206 INFO  server.RaftServerConfigKeys (ConfUtils.java:logGet(43)) - raft.server.log.appender.snapshot.chunk.size.max = 16MB (=16777216) (default)
2019-07-13 20:27:05,206 INFO  server.RaftServerConfigKeys (ConfUtils.java:logGet(43)) - raft.server.log.appender.buffer.byte-limit = 33554432 (custom)
2019-07-13 20:27:05,206 INFO  server.RaftServerConfigKeys (ConfUtils.java:logGet(43)) - raft.server.log.appender.buffer.element-limit = 1 (custom)
2019-07-13 20:27:05,206 INFO  grpc.GrpcConfigKeys$Server (ConfUtils.java:logGet(43)) - raft.grpc.server.leader.outstanding.appends.max = 128 (default)
2019-07-13 20:27:05,207 INFO  server.RaftServerConfigKeys (ConfUtils.java:logGet(43)) - raft.server.rpc.request.timeout = 3000ms (default)
2019-07-13 20:27:05,207 INFO  server.RaftServerConfigKeys (ConfUtils.java:logGet(43)) - raft.server.log.appender.install.snapshot.enabled = false (custom)
2019-07-13 20:27:05,208 INFO  impl.RoleInfo (RoleInfo.java:updateAndGet(143)) - 825fc8cb-e295-459a-823c-e1bcea5ab3c4: start LeaderState
2019-07-13 20:27:05,208 INFO  segmented.SegmentedRaftLogWorker (SegmentedRaftLogWorker.java:startLogSegment(380)) - 825fc8cb-e295-459a-823c-e1bcea5ab3c4-SegmentedRaftLogWorker:Storage Directory /tmp/workdir/hadoop-ozone/integration-test/target/test-dir/MiniOzoneClusterImpl-872b95be-ab77-4531-967a-8b14dc65ac0a/datanode-3/data/ratis/8737a65d-ccfe-4136-87a4-e24b9d14126e: Starting segment from index:0
2019-07-13 20:27:05,209 INFO  impl.RaftServerImpl (ServerState.java:setRaftConf(361)) - 825fc8cb-e295-459a-823c-e1bcea5ab3c4:group-E24B9D14126E set configuration 0: [825fc8cb-e295-459a-823c-e1bcea5ab3c4:192.168.5.168:45388, 4d4605e1-ea6f-4e85-b73e-f1014d13b8b6:192.168.5.168:34965, 5129a9c2-d56f-42da-9a5a-6b0534561310:192.168.5.168:41026], old=null at 0
2019-07-13 20:27:05,236 INFO  segmented.SegmentedRaftLogWorker (SegmentedRaftLogWorker.java:execute(569)) - 825fc8cb-e295-459a-823c-e1bcea5ab3c4-SegmentedRaftLogWorker:Storage Directory /tmp/workdir/hadoop-ozone/integration-test/target/test-dir/MiniOzoneClusterImpl-872b95be-ab77-4531-967a-8b14dc65ac0a/datanode-3/data/ratis/8737a65d-ccfe-4136-87a4-e24b9d14126e: created new log segment /tmp/workdir/hadoop-ozone/integration-test/target/test-dir/MiniOzoneClusterImpl-872b95be-ab77-4531-967a-8b14dc65ac0a/datanode-3/data/ratis/8737a65d-ccfe-4136-87a4-e24b9d14126e/current/log_inprogress_0
2019-07-13 20:27:05,260 INFO  impl.RaftServerImpl (ServerState.java:setLeader(263)) - 5129a9c2-d56f-42da-9a5a-6b0534561310:group-E24B9D14126E change Leader from null to 825fc8cb-e295-459a-823c-e1bcea5ab3c4 at term 1 for appendEntries, leader elected after 5186ms
2019-07-13 20:27:05,260 INFO  impl.RaftServerImpl (ServerState.java:setLeader(263)) - 4d4605e1-ea6f-4e85-b73e-f1014d13b8b6:group-E24B9D14126E change Leader from null to 825fc8cb-e295-459a-823c-e1bcea5ab3c4 at term 1 for appendEntries, leader elected after 5185ms
2019-07-13 20:27:05,302 INFO  impl.FollowerState (FollowerState.java:run(106)) - 679e13b5-cbeb-48af-8f93-74b3a1ecf3c4:group-023D0F14E27C changes to CANDIDATE, lastRpcTime:5096, electionTimeout:5092ms
2019-07-13 20:27:05,302 INFO  impl.RoleInfo (RoleInfo.java:shutdownFollowerState(121)) - 679e13b5-cbeb-48af-8f93-74b3a1ecf3c4: shutdown FollowerState
2019-07-13 20:27:05,302 INFO  impl.RaftServerImpl (RaftServerImpl.java:setRole(171)) - 679e13b5-cbeb-48af-8f93-74b3a1ecf3c4:group-023D0F14E27C changes role from FOLLOWER to CANDIDATE at term 0 for changeToCandidate
2019-07-13 20:27:05,306 INFO  impl.RoleInfo (RoleInfo.java:updateAndGet(143)) - 679e13b5-cbeb-48af-8f93-74b3a1ecf3c4: start LeaderElection
2019-07-13 20:27:05,316 INFO  impl.LeaderElection (LeaderElection.java:askForVotes(181)) - 679e13b5-cbeb-48af-8f93-74b3a1ecf3c4:group-023D0F14E27C:LeaderElection9: begin an election at term 1 for -1: [4968f71e-b86a-4dba-9a34-2f43601aaff0:192.168.5.168:45613, 1d967e2d-b700-42c4-a2b3-153b0a458c5c:192.168.5.168:46665, 679e13b5-cbeb-48af-8f93-74b3a1ecf3c4:192.168.5.168:36078], old=null
2019-07-13 20:27:05,337 INFO  impl.FollowerState (FollowerState.java:run(106)) - 4968f71e-b86a-4dba-9a34-2f43601aaff0:group-023D0F14E27C changes to CANDIDATE, lastRpcTime:5144, electionTimeout:5129ms
2019-07-13 20:27:05,338 INFO  impl.RoleInfo (RoleInfo.java:shutdownFollowerState(121)) - 4968f71e-b86a-4dba-9a34-2f43601aaff0: shutdown FollowerState
2019-07-13 20:27:05,338 INFO  impl.RaftServerImpl (RaftServerImpl.java:setRole(171)) - 4968f71e-b86a-4dba-9a34-2f43601aaff0:group-023D0F14E27C changes role from FOLLOWER to CANDIDATE at term 0 for changeToCandidate
2019-07-13 20:27:05,338 INFO  impl.RoleInfo (RoleInfo.java:updateAndGet(143)) - 4968f71e-b86a-4dba-9a34-2f43601aaff0: start LeaderElection
2019-07-13 20:27:05,345 INFO  impl.LeaderElection (LeaderElection.java:askForVotes(181)) - 4968f71e-b86a-4dba-9a34-2f43601aaff0:group-023D0F14E27C:LeaderElection10: begin an election at term 1 for -1: [4968f71e-b86a-4dba-9a34-2f43601aaff0:192.168.5.168:45613, 1d967e2d-b700-42c4-a2b3-153b0a458c5c:192.168.5.168:46665, 679e13b5-cbeb-48af-8f93-74b3a1ecf3c4:192.168.5.168:36078], old=null
2019-07-13 20:27:05,351 INFO  impl.RaftServerImpl (ServerState.java:setRaftConf(361)) - 4d4605e1-ea6f-4e85-b73e-f1014d13b8b6:group-E24B9D14126E set configuration 0: [825fc8cb-e295-459a-823c-e1bcea5ab3c4:192.168.5.168:45388, 4d4605e1-ea6f-4e85-b73e-f1014d13b8b6:192.168.5.168:34965, 5129a9c2-d56f-42da-9a5a-6b0534561310:192.168.5.168:41026], old=null at 0
2019-07-13 20:27:05,351 INFO  impl.RaftServerImpl (ServerState.java:setRaftConf(361)) - 5129a9c2-d56f-42da-9a5a-6b0534561310:group-E24B9D14126E set configuration 0: [825fc8cb-e295-459a-823c-e1bcea5ab3c4:192.168.5.168:45388, 4d4605e1-ea6f-4e85-b73e-f1014d13b8b6:192.168.5.168:34965, 5129a9c2-d56f-42da-9a5a-6b0534561310:192.168.5.168:41026], old=null at 0
2019-07-13 20:27:05,351 INFO  segmented.SegmentedRaftLogWorker (SegmentedRaftLogWorker.java:startLogSegment(380)) - 4d4605e1-ea6f-4e85-b73e-f1014d13b8b6-SegmentedRaftLogWorker:Storage Directory /tmp/workdir/hadoop-ozone/integration-test/target/test-dir/MiniOzoneClusterImpl-872b95be-ab77-4531-967a-8b14dc65ac0a/datanode-2/data/ratis/8737a65d-ccfe-4136-87a4-e24b9d14126e: Starting segment from index:0
2019-07-13 20:27:05,358 INFO  segmented.SegmentedRaftLogWorker (SegmentedRaftLogWorker.java:startLogSegment(380)) - 5129a9c2-d56f-42da-9a5a-6b0534561310-SegmentedRaftLogWorker:Storage Directory /tmp/workdir/hadoop-ozone/integration-test/target/test-dir/MiniOzoneClusterImpl-872b95be-ab77-4531-967a-8b14dc65ac0a/datanode-4/data/ratis/8737a65d-ccfe-4136-87a4-e24b9d14126e: Starting segment from index:0
2019-07-13 20:27:05,375 INFO  impl.RaftServerImpl (RaftServerImpl.java:setRole(171)) - 1d967e2d-b700-42c4-a2b3-153b0a458c5c:group-023D0F14E27C changes role from FOLLOWER to FOLLOWER at term 1 for recognizeCandidate:679e13b5-cbeb-48af-8f93-74b3a1ecf3c4
2019-07-13 20:27:05,375 INFO  impl.RoleInfo (RoleInfo.java:shutdownFollowerState(121)) - 1d967e2d-b700-42c4-a2b3-153b0a458c5c: shutdown FollowerState
2019-07-13 20:27:05,376 INFO  impl.RoleInfo (RoleInfo.java:updateAndGet(143)) - 1d967e2d-b700-42c4-a2b3-153b0a458c5c: start FollowerState
2019-07-13 20:27:05,376 INFO  impl.FollowerState (FollowerState.java:run(114)) - 1d967e2d-b700-42c4-a2b3-153b0a458c5c: FollowerState was interrupted: java.lang.InterruptedException: sleep interrupted
2019-07-13 20:27:05,394 INFO  segmented.SegmentedRaftLogWorker (SegmentedRaftLogWorker.java:execute(569)) - 4d4605e1-ea6f-4e85-b73e-f1014d13b8b6-SegmentedRaftLogWorker:Storage Directory /tmp/workdir/hadoop-ozone/integration-test/target/test-dir/MiniOzoneClusterImpl-872b95be-ab77-4531-967a-8b14dc65ac0a/datanode-2/data/ratis/8737a65d-ccfe-4136-87a4-e24b9d14126e: created new log segment /tmp/workdir/hadoop-ozone/integration-test/target/test-dir/MiniOzoneClusterImpl-872b95be-ab77-4531-967a-8b14dc65ac0a/datanode-2/data/ratis/8737a65d-ccfe-4136-87a4-e24b9d14126e/current/log_inprogress_0
2019-07-13 20:27:05,403 INFO  segmented.SegmentedRaftLogWorker (SegmentedRaftLogWorker.java:execute(569)) - 5129a9c2-d56f-42da-9a5a-6b0534561310-SegmentedRaftLogWorker:Storage Directory /tmp/workdir/hadoop-ozone/integration-test/target/test-dir/MiniOzoneClusterImpl-872b95be-ab77-4531-967a-8b14dc65ac0a/datanode-4/data/ratis/8737a65d-ccfe-4136-87a4-e24b9d14126e: created new log segment /tmp/workdir/hadoop-ozone/integration-test/target/test-dir/MiniOzoneClusterImpl-872b95be-ab77-4531-967a-8b14dc65ac0a/datanode-4/data/ratis/8737a65d-ccfe-4136-87a4-e24b9d14126e/current/log_inprogress_0
2019-07-13 20:27:05,408 INFO  impl.LeaderElection (LeaderElection.java:logAndReturn(56)) - 679e13b5-cbeb-48af-8f93-74b3a1ecf3c4:group-023D0F14E27C:LeaderElection9: Election PASSED; received 2 response(s) [679e13b5-cbeb-48af-8f93-74b3a1ecf3c4<-4968f71e-b86a-4dba-9a34-2f43601aaff0#0:FAIL-t1, 679e13b5-cbeb-48af-8f93-74b3a1ecf3c4<-1d967e2d-b700-42c4-a2b3-153b0a458c5c#0:OK-t1] and 0 exception(s); 679e13b5-cbeb-48af-8f93-74b3a1ecf3c4:t1, leader=null, voted=679e13b5-cbeb-48af-8f93-74b3a1ecf3c4, raftlog=679e13b5-cbeb-48af-8f93-74b3a1ecf3c4-SegmentedRaftLog:OPENED:c-1,f-1,i0, conf=-1: [4968f71e-b86a-4dba-9a34-2f43601aaff0:192.168.5.168:45613, 1d967e2d-b700-42c4-a2b3-153b0a458c5c:192.168.5.168:46665, 679e13b5-cbeb-48af-8f93-74b3a1ecf3c4:192.168.5.168:36078], old=null
2019-07-13 20:27:05,410 INFO  impl.RoleInfo (RoleInfo.java:shutdownLeaderElection(134)) - 679e13b5-cbeb-48af-8f93-74b3a1ecf3c4: shutdown LeaderElection
2019-07-13 20:27:05,412 INFO  impl.RaftServerImpl (RaftServerImpl.java:setRole(171)) - 679e13b5-cbeb-48af-8f93-74b3a1ecf3c4:group-023D0F14E27C changes role from CANDIDATE to LEADER at term 1 for changeToLeader
2019-07-13 20:27:05,414 INFO  impl.RaftServerImpl (ServerState.java:setLeader(263)) - 679e13b5-cbeb-48af-8f93-74b3a1ecf3c4:group-023D0F14E27C change Leader from null to 679e13b5-cbeb-48af-8f93-74b3a1ecf3c4 at term 1 for becomeLeader, leader elected after 5234ms
2019-07-13 20:27:05,414 INFO  server.RaftServerConfigKeys (ConfUtils.java:logGet(43)) - raft.server.staging.catchup.gap = 1000 (default)
2019-07-13 20:27:05,415 INFO  server.RaftServerConfigKeys (ConfUtils.java:logGet(43)) - raft.server.rpc.sleep.time = 25ms (default)
2019-07-13 20:27:05,415 INFO  server.RaftServerConfigKeys (ConfUtils.java:logGet(43)) - raft.server.write.element-limit = 4096 (default)
2019-07-13 20:27:05,417 INFO  server.RaftServerConfigKeys (ConfUtils.java:logGet(43)) - raft.server.watch.timeout = 10s (default)
2019-07-13 20:27:05,417 INFO  server.RaftServerConfigKeys (ConfUtils.java:logGet(43)) - raft.server.watch.timeout.denomination = 1s (default)
2019-07-13 20:27:05,417 INFO  server.RaftServerConfigKeys (ConfUtils.java:logGet(43)) - raft.server.watch.element-limit = 65536 (default)
2019-07-13 20:27:05,418 INFO  server.RaftServerConfigKeys (ConfUtils.java:logGet(43)) - raft.server.log.appender.snapshot.chunk.size.max = 16MB (=16777216) (default)
2019-07-13 20:27:05,418 INFO  server.RaftServerConfigKeys (ConfUtils.java:logGet(43)) - raft.server.log.appender.buffer.byte-limit = 33554432 (custom)
2019-07-13 20:27:05,418 INFO  server.RaftServerConfigKeys (ConfUtils.java:logGet(43)) - raft.server.log.appender.buffer.element-limit = 1 (custom)
2019-07-13 20:27:05,419 INFO  grpc.GrpcConfigKeys$Server (ConfUtils.java:logGet(43)) - raft.grpc.server.leader.outstanding.appends.max = 128 (default)
2019-07-13 20:27:05,420 INFO  server.RaftServerConfigKeys (ConfUtils.java:logGet(43)) - raft.server.rpc.request.timeout = 3000ms (default)
2019-07-13 20:27:05,421 INFO  server.RaftServerConfigKeys (ConfUtils.java:logGet(43)) - raft.server.log.appender.install.snapshot.enabled = false (custom)
2019-07-13 20:27:05,421 INFO  server.RaftServerConfigKeys (ConfUtils.java:logGet(43)) - raft.server.log.appender.snapshot.chunk.size.max = 16MB (=16777216) (default)
2019-07-13 20:27:05,421 INFO  server.RaftServerConfigKeys (ConfUtils.java:logGet(43)) - raft.server.log.appender.buffer.byte-limit = 33554432 (custom)
2019-07-13 20:27:05,421 INFO  server.RaftServerConfigKeys (ConfUtils.java:logGet(43)) - raft.server.log.appender.buffer.element-limit = 1 (custom)
2019-07-13 20:27:05,422 INFO  grpc.GrpcConfigKeys$Server (ConfUtils.java:logGet(43)) - raft.grpc.server.leader.outstanding.appends.max = 128 (default)
2019-07-13 20:27:05,422 INFO  server.RaftServerConfigKeys (ConfUtils.java:logGet(43)) - raft.server.rpc.request.timeout = 3000ms (default)
2019-07-13 20:27:05,422 INFO  server.RaftServerConfigKeys (ConfUtils.java:logGet(43)) - raft.server.log.appender.install.snapshot.enabled = false (custom)
2019-07-13 20:27:05,422 INFO  impl.RoleInfo (RoleInfo.java:updateAndGet(143)) - 679e13b5-cbeb-48af-8f93-74b3a1ecf3c4: start LeaderState
2019-07-13 20:27:05,423 INFO  segmented.SegmentedRaftLogWorker (SegmentedRaftLogWorker.java:startLogSegment(380)) - 679e13b5-cbeb-48af-8f93-74b3a1ecf3c4-SegmentedRaftLogWorker:Storage Directory /tmp/workdir/hadoop-ozone/integration-test/target/test-dir/MiniOzoneClusterImpl-872b95be-ab77-4531-967a-8b14dc65ac0a/datanode-6/data/ratis/7bb24e09-687d-4467-9665-023d0f14e27c: Starting segment from index:0
2019-07-13 20:27:05,424 INFO  impl.RaftServerImpl (ServerState.java:setRaftConf(361)) - 679e13b5-cbeb-48af-8f93-74b3a1ecf3c4:group-023D0F14E27C set configuration 0: [4968f71e-b86a-4dba-9a34-2f43601aaff0:192.168.5.168:45613, 1d967e2d-b700-42c4-a2b3-153b0a458c5c:192.168.5.168:46665, 679e13b5-cbeb-48af-8f93-74b3a1ecf3c4:192.168.5.168:36078], old=null at 0
2019-07-13 20:27:05,424 INFO  impl.RaftServerImpl (RaftServerImpl.java:requestVote(754)) - 679e13b5-cbeb-48af-8f93-74b3a1ecf3c4-LEADER: Withhold vote from candidate 4968f71e-b86a-4dba-9a34-2f43601aaff0 with term 1. State: leader=679e13b5-cbeb-48af-8f93-74b3a1ecf3c4, term=1, lastRpcElapsed=null
2019-07-13 20:27:05,447 INFO  impl.RaftServerImpl (RaftServerImpl.java:setRole(171)) - 4968f71e-b86a-4dba-9a34-2f43601aaff0:group-023D0F14E27C changes role from CANDIDATE to FOLLOWER at term 1 for appendEntries
2019-07-13 20:27:05,447 INFO  impl.RoleInfo (RoleInfo.java:shutdownLeaderElection(134)) - 4968f71e-b86a-4dba-9a34-2f43601aaff0: shutdown LeaderElection
2019-07-13 20:27:05,448 INFO  impl.RoleInfo (RoleInfo.java:updateAndGet(143)) - 4968f71e-b86a-4dba-9a34-2f43601aaff0: start FollowerState
2019-07-13 20:27:05,448 INFO  impl.LeaderElection (LeaderElection.java:logAndReturn(56)) - 4968f71e-b86a-4dba-9a34-2f43601aaff0:group-023D0F14E27C:LeaderElection10: Election REJECTED; received 2 response(s) [4968f71e-b86a-4dba-9a34-2f43601aaff0<-1d967e2d-b700-42c4-a2b3-153b0a458c5c#0:FAIL-t1, 4968f71e-b86a-4dba-9a34-2f43601aaff0<-679e13b5-cbeb-48af-8f93-74b3a1ecf3c4#0:FAIL-t1] and 0 exception(s); 4968f71e-b86a-4dba-9a34-2f43601aaff0:t1, leader=null, voted=4968f71e-b86a-4dba-9a34-2f43601aaff0, raftlog=4968f71e-b86a-4dba-9a34-2f43601aaff0-SegmentedRaftLog:OPENED:c-1,f-1,i0, conf=-1: [4968f71e-b86a-4dba-9a34-2f43601aaff0:192.168.5.168:45613, 1d967e2d-b700-42c4-a2b3-153b0a458c5c:192.168.5.168:46665, 679e13b5-cbeb-48af-8f93-74b3a1ecf3c4:192.168.5.168:36078], old=null
2019-07-13 20:27:05,448 INFO  impl.RaftServerImpl (ServerState.java:setLeader(263)) - 4968f71e-b86a-4dba-9a34-2f43601aaff0:group-023D0F14E27C change Leader from null to 679e13b5-cbeb-48af-8f93-74b3a1ecf3c4 at term 1 for appendEntries, leader elected after 5269ms
2019-07-13 20:27:05,452 INFO  segmented.SegmentedRaftLogWorker (SegmentedRaftLogWorker.java:execute(569)) - 679e13b5-cbeb-48af-8f93-74b3a1ecf3c4-SegmentedRaftLogWorker:Storage Directory /tmp/workdir/hadoop-ozone/integration-test/target/test-dir/MiniOzoneClusterImpl-872b95be-ab77-4531-967a-8b14dc65ac0a/datanode-6/data/ratis/7bb24e09-687d-4467-9665-023d0f14e27c: created new log segment /tmp/workdir/hadoop-ozone/integration-test/target/test-dir/MiniOzoneClusterImpl-872b95be-ab77-4531-967a-8b14dc65ac0a/datanode-6/data/ratis/7bb24e09-687d-4467-9665-023d0f14e27c/current/log_inprogress_0
2019-07-13 20:27:05,452 INFO  impl.RaftServerImpl (ServerState.java:setLeader(263)) - 1d967e2d-b700-42c4-a2b3-153b0a458c5c:group-023D0F14E27C change Leader from null to 679e13b5-cbeb-48af-8f93-74b3a1ecf3c4 at term 1 for appendEntries, leader elected after 5271ms
2019-07-13 20:27:05,459 INFO  impl.RaftServerImpl (ServerState.java:setRaftConf(361)) - 4968f71e-b86a-4dba-9a34-2f43601aaff0:group-023D0F14E27C set configuration 0: [4968f71e-b86a-4dba-9a34-2f43601aaff0:192.168.5.168:45613, 1d967e2d-b700-42c4-a2b3-153b0a458c5c:192.168.5.168:46665, 679e13b5-cbeb-48af-8f93-74b3a1ecf3c4:192.168.5.168:36078], old=null at 0
2019-07-13 20:27:05,460 INFO  segmented.SegmentedRaftLogWorker (SegmentedRaftLogWorker.java:startLogSegment(380)) - 4968f71e-b86a-4dba-9a34-2f43601aaff0-SegmentedRaftLogWorker:Storage Directory /tmp/workdir/hadoop-ozone/integration-test/target/test-dir/MiniOzoneClusterImpl-872b95be-ab77-4531-967a-8b14dc65ac0a/datanode-5/data/ratis/7bb24e09-687d-4467-9665-023d0f14e27c: Starting segment from index:0
2019-07-13 20:27:05,460 INFO  impl.RaftServerImpl (ServerState.java:setRaftConf(361)) - 1d967e2d-b700-42c4-a2b3-153b0a458c5c:group-023D0F14E27C set configuration 0: [4968f71e-b86a-4dba-9a34-2f43601aaff0:192.168.5.168:45613, 1d967e2d-b700-42c4-a2b3-153b0a458c5c:192.168.5.168:46665, 679e13b5-cbeb-48af-8f93-74b3a1ecf3c4:192.168.5.168:36078], old=null at 0
2019-07-13 20:27:05,462 INFO  segmented.SegmentedRaftLogWorker (SegmentedRaftLogWorker.java:startLogSegment(380)) - 1d967e2d-b700-42c4-a2b3-153b0a458c5c-SegmentedRaftLogWorker:Storage Directory /tmp/workdir/hadoop-ozone/integration-test/target/test-dir/MiniOzoneClusterImpl-872b95be-ab77-4531-967a-8b14dc65ac0a/datanode-1/data/ratis/7bb24e09-687d-4467-9665-023d0f14e27c: Starting segment from index:0
2019-07-13 20:27:05,482 INFO  segmented.SegmentedRaftLogWorker (SegmentedRaftLogWorker.java:execute(569)) - 1d967e2d-b700-42c4-a2b3-153b0a458c5c-SegmentedRaftLogWorker:Storage Directory /tmp/workdir/hadoop-ozone/integration-test/target/test-dir/MiniOzoneClusterImpl-872b95be-ab77-4531-967a-8b14dc65ac0a/datanode-1/data/ratis/7bb24e09-687d-4467-9665-023d0f14e27c: created new log segment /tmp/workdir/hadoop-ozone/integration-test/target/test-dir/MiniOzoneClusterImpl-872b95be-ab77-4531-967a-8b14dc65ac0a/datanode-1/data/ratis/7bb24e09-687d-4467-9665-023d0f14e27c/current/log_inprogress_0
2019-07-13 20:27:05,484 INFO  segmented.SegmentedRaftLogWorker (SegmentedRaftLogWorker.java:execute(569)) - 4968f71e-b86a-4dba-9a34-2f43601aaff0-SegmentedRaftLogWorker:Storage Directory /tmp/workdir/hadoop-ozone/integration-test/target/test-dir/MiniOzoneClusterImpl-872b95be-ab77-4531-967a-8b14dc65ac0a/datanode-5/data/ratis/7bb24e09-687d-4467-9665-023d0f14e27c: created new log segment /tmp/workdir/hadoop-ozone/integration-test/target/test-dir/MiniOzoneClusterImpl-872b95be-ab77-4531-967a-8b14dc65ac0a/datanode-5/data/ratis/7bb24e09-687d-4467-9665-023d0f14e27c/current/log_inprogress_0
2019-07-13 20:27:05,659 INFO  client.GrpcClientProtocolClient (GrpcClientProtocolClient.java:onNext(255)) - client-08EAE4BC020C->1d967e2d-b700-42c4-a2b3-153b0a458c5c: receive RaftClientReply:client-08EAE4BC020C->1d967e2d-b700-42c4-a2b3-153b0a458c5c@group-023D0F14E27C, cid=13, FAILED org.apache.ratis.protocol.NotLeaderException: Server 1d967e2d-b700-42c4-a2b3-153b0a458c5c is not the leader (679e13b5-cbeb-48af-8f93-74b3a1ecf3c4:192.168.5.168:36078). Request must be sent to leader., logIndex=0, commits[1d967e2d-b700-42c4-a2b3-153b0a458c5c:c0, 4968f71e-b86a-4dba-9a34-2f43601aaff0:c-1, 679e13b5-cbeb-48af-8f93-74b3a1ecf3c4:c0]
2019-07-13 20:27:05,916 INFO  client.GrpcClientProtocolClient (GrpcClientProtocolClient.java:onNext(255)) - client-08EAE4BC020C->679e13b5-cbeb-48af-8f93-74b3a1ecf3c4: receive RaftClientReply:client-08EAE4BC020C->679e13b5-cbeb-48af-8f93-74b3a1ecf3c4@group-023D0F14E27C, cid=13, SUCCESS, logIndex=1, commits[679e13b5-cbeb-48af-8f93-74b3a1ecf3c4:c1, 4968f71e-b86a-4dba-9a34-2f43601aaff0:c0, 1d967e2d-b700-42c4-a2b3-153b0a458c5c:c0]
2019-07-13 20:27:05,959 INFO  client.GrpcClientProtocolClient (GrpcClientProtocolClient.java:onNext(255)) - client-08EAE4BC020C->679e13b5-cbeb-48af-8f93-74b3a1ecf3c4: receive RaftClientReply:client-08EAE4BC020C->679e13b5-cbeb-48af-8f93-74b3a1ecf3c4@group-023D0F14E27C, cid=14, SUCCESS, logIndex=3, commits[679e13b5-cbeb-48af-8f93-74b3a1ecf3c4:c3, 4968f71e-b86a-4dba-9a34-2f43601aaff0:c2, 1d967e2d-b700-42c4-a2b3-153b0a458c5c:c2]
2019-07-13 20:27:06,019 INFO  client.GrpcClientProtocolClient (GrpcClientProtocolClient.java:onNext(255)) - client-08EAE4BC020C->679e13b5-cbeb-48af-8f93-74b3a1ecf3c4: receive RaftClientReply:client-08EAE4BC020C->679e13b5-cbeb-48af-8f93-74b3a1ecf3c4@group-023D0F14E27C, cid=15, SUCCESS, logIndex=4, commits[679e13b5-cbeb-48af-8f93-74b3a1ecf3c4:c12, 4968f71e-b86a-4dba-9a34-2f43601aaff0:c9, 1d967e2d-b700-42c4-a2b3-153b0a458c5c:c9]
2019-07-13 20:27:06,025 INFO  client.GrpcClientProtocolClient (GrpcClientProtocolClient.java:onNext(255)) - client-08EAE4BC020C->679e13b5-cbeb-48af-8f93-74b3a1ecf3c4: receive RaftClientReply:client-08EAE4BC020C->679e13b5-cbeb-48af-8f93-74b3a1ecf3c4@group-023D0F14E27C, cid=16, SUCCESS, logIndex=5, commits[679e13b5-cbeb-48af-8f93-74b3a1ecf3c4:c12, 4968f71e-b86a-4dba-9a34-2f43601aaff0:c9, 1d967e2d-b700-42c4-a2b3-153b0a458c5c:c9]
2019-07-13 20:27:06,026 INFO  client.GrpcClientProtocolClient (GrpcClientProtocolClient.java:onNext(255)) - client-08EAE4BC020C->679e13b5-cbeb-48af-8f93-74b3a1ecf3c4: receive RaftClientReply:client-08EAE4BC020C->679e13b5-cbeb-48af-8f93-74b3a1ecf3c4@group-023D0F14E27C, cid=17, SUCCESS, logIndex=7, commits[679e13b5-cbeb-48af-8f93-74b3a1ecf3c4:c12, 4968f71e-b86a-4dba-9a34-2f43601aaff0:c9, 1d967e2d-b700-42c4-a2b3-153b0a458c5c:c9]
2019-07-13 20:27:06,073 INFO  client.GrpcClientProtocolClient (GrpcClientProtocolClient.java:onNext(255)) - client-08EAE4BC020C->679e13b5-cbeb-48af-8f93-74b3a1ecf3c4: receive RaftClientReply:client-08EAE4BC020C->679e13b5-cbeb-48af-8f93-74b3a1ecf3c4@group-023D0F14E27C, cid=18, SUCCESS, logIndex=9, commits[679e13b5-cbeb-48af-8f93-74b3a1ecf3c4:c12, 4968f71e-b86a-4dba-9a34-2f43601aaff0:c9, 1d967e2d-b700-42c4-a2b3-153b0a458c5c:c9]
2019-07-13 20:27:06,101 INFO  client.GrpcClientProtocolClient (GrpcClientProtocolClient.java:onNext(255)) - client-08EAE4BC020C->679e13b5-cbeb-48af-8f93-74b3a1ecf3c4: receive RaftClientReply:client-08EAE4BC020C->679e13b5-cbeb-48af-8f93-74b3a1ecf3c4@group-023D0F14E27C, cid=19, SUCCESS, logIndex=13, commits[679e13b5-cbeb-48af-8f93-74b3a1ecf3c4:c14, 4968f71e-b86a-4dba-9a34-2f43601aaff0:c12, 1d967e2d-b700-42c4-a2b3-153b0a458c5c:c12]
2019-07-13 20:27:06,102 INFO  client.GrpcClientProtocolClient (GrpcClientProtocolClient.java:onNext(255)) - client-08EAE4BC020C->679e13b5-cbeb-48af-8f93-74b3a1ecf3c4: receive RaftClientReply:client-08EAE4BC020C->679e13b5-cbeb-48af-8f93-74b3a1ecf3c4@group-023D0F14E27C, cid=20, SUCCESS, logIndex=14, commits[679e13b5-cbeb-48af-8f93-74b3a1ecf3c4:c14, 4968f71e-b86a-4dba-9a34-2f43601aaff0:c12, 1d967e2d-b700-42c4-a2b3-153b0a458c5c:c12]
2019-07-13 20:27:06,126 INFO  client.GrpcClientProtocolClient (GrpcClientProtocolClient.java:onNext(255)) - client-08EAE4BC020C->679e13b5-cbeb-48af-8f93-74b3a1ecf3c4: receive RaftClientReply:client-08EAE4BC020C->679e13b5-cbeb-48af-8f93-74b3a1ecf3c4@group-023D0F14E27C, cid=21, SUCCESS, logIndex=0, commits[679e13b5-cbeb-48af-8f93-74b3a1ecf3c4:c16, 4968f71e-b86a-4dba-9a34-2f43601aaff0:c14, 1d967e2d-b700-42c4-a2b3-153b0a458c5c:c14]
2019-07-13 20:27:06,127 INFO  datanode.ObjectStoreHandler (ObjectStoreHandler.java:close(155)) - Closing ObjectStoreHandler.
2019-07-13 20:27:06,128 INFO  ozone.HddsDatanodeService (HddsDatanodeService.java:stop(452)) - Stopped plug-in org.apache.hadoop.ozone.web.OzoneHddsDatanodeService@28e7bb31
2019-07-13 20:27:06,818 INFO  statemachine.DatanodeStateMachine (DatanodeStateMachine.java:lambda$startDaemon$0(350)) - Ozone container server started.
2019-07-13 20:27:10,918 INFO  node.StaleNodeHandler (StaleNodeHandler.java:onMessage(58)) - Datanode 679e13b5-cbeb-48af-8f93-74b3a1ecf3c4{ip: 192.168.5.168, host: trunk-nightly-6qp7m-2461138711, networkLocation: /default-rack, certSerialId: null} moved to stale state. Finalizing its pipelines [PipelineID=7bb24e09-687d-4467-9665-023d0f14e27c, PipelineID=260dad8d-99a3-48d2-9aec-ad15d622ade9]
2019-07-13 20:27:10,918 INFO  pipeline.SCMPipelineManager (SCMPipelineManager.java:finalizeAndDestroyPipeline(309)) - destroying pipeline:Pipeline[ Id: 7bb24e09-687d-4467-9665-023d0f14e27c, Nodes: 679e13b5-cbeb-48af-8f93-74b3a1ecf3c4{ip: 192.168.5.168, host: trunk-nightly-6qp7m-2461138711, networkLocation: /default-rack, certSerialId: null}4968f71e-b86a-4dba-9a34-2f43601aaff0{ip: 192.168.5.168, host: trunk-nightly-6qp7m-2461138711, networkLocation: /default-rack, certSerialId: null}1d967e2d-b700-42c4-a2b3-153b0a458c5c{ip: 192.168.5.168, host: trunk-nightly-6qp7m-2461138711, networkLocation: /default-rack, certSerialId: null}, Type:RATIS, Factor:THREE, State:OPEN]
2019-07-13 20:27:10,920 INFO  pipeline.PipelineStateManager (PipelineStateManager.java:finalizePipeline(123)) - Pipeline Pipeline[ Id: 7bb24e09-687d-4467-9665-023d0f14e27c, Nodes: 679e13b5-cbeb-48af-8f93-74b3a1ecf3c4{ip: 192.168.5.168, host: trunk-nightly-6qp7m-2461138711, networkLocation: /default-rack, certSerialId: null}4968f71e-b86a-4dba-9a34-2f43601aaff0{ip: 192.168.5.168, host: trunk-nightly-6qp7m-2461138711, networkLocation: /default-rack, certSerialId: null}1d967e2d-b700-42c4-a2b3-153b0a458c5c{ip: 192.168.5.168, host: trunk-nightly-6qp7m-2461138711, networkLocation: /default-rack, certSerialId: null}, Type:RATIS, Factor:THREE, State:CLOSED] moved to CLOSED state
2019-07-13 20:27:10,921 INFO  container.CloseContainerEventHandler (CloseContainerEventHandler.java:onMessage(61)) - Close container Event triggered for container : #1
2019-07-13 20:27:10,926 INFO  pipeline.SCMPipelineManager (SCMPipelineManager.java:finalizeAndDestroyPipeline(309)) - destroying pipeline:Pipeline[ Id: 260dad8d-99a3-48d2-9aec-ad15d622ade9, Nodes: 679e13b5-cbeb-48af-8f93-74b3a1ecf3c4{ip: 192.168.5.168, host: trunk-nightly-6qp7m-2461138711, networkLocation: /default-rack, certSerialId: null}, Type:RATIS, Factor:ONE, State:OPEN]
2019-07-13 20:27:10,928 INFO  pipeline.PipelineStateManager (PipelineStateManager.java:finalizePipeline(123)) - Pipeline Pipeline[ Id: 260dad8d-99a3-48d2-9aec-ad15d622ade9, Nodes: 679e13b5-cbeb-48af-8f93-74b3a1ecf3c4{ip: 192.168.5.168, host: trunk-nightly-6qp7m-2461138711, networkLocation: /default-rack, certSerialId: null}, Type:RATIS, Factor:ONE, State:CLOSED] moved to CLOSED state
2019-07-13 20:27:11,130 INFO  ozoneimpl.OzoneContainer (OzoneContainer.java:stop(199)) - Attempting to stop container services.
2019-07-13 20:27:11,131 INFO  impl.RaftServerProxy (RaftServerProxy.java:lambda$close$4(314)) - 679e13b5-cbeb-48af-8f93-74b3a1ecf3c4: close
2019-07-13 20:27:11,133 INFO  impl.RaftServerImpl (RaftServerImpl.java:lambda$shutdown$3(245)) - 679e13b5-cbeb-48af-8f93-74b3a1ecf3c4: shutdown group-023D0F14E27C
2019-07-13 20:27:11,134 INFO  util.JmxRegister (JmxRegister.java:unregister(73)) - Successfully un-registered JMX Bean with object name Ratis:service=RaftServer,group=group-023D0F14E27C,id=679e13b5-cbeb-48af-8f93-74b3a1ecf3c4
2019-07-13 20:27:11,134 INFO  impl.RoleInfo (RoleInfo.java:shutdownLeaderState(104)) - 679e13b5-cbeb-48af-8f93-74b3a1ecf3c4: shutdown LeaderState
2019-07-13 20:27:11,139 WARN  server.GrpcLogAppender (GrpcLogAppender.java:mayWait(143)) - GrpcLogAppender(679e13b5-cbeb-48af-8f93-74b3a1ecf3c4->4968f71e-b86a-4dba-9a34-2f43601aaff0): Wait interrupted by java.lang.InterruptedException
2019-07-13 20:27:11,139 WARN  server.GrpcLogAppender (GrpcLogAppender.java:mayWait(143)) - GrpcLogAppender(679e13b5-cbeb-48af-8f93-74b3a1ecf3c4->1d967e2d-b700-42c4-a2b3-153b0a458c5c): Wait interrupted by java.lang.InterruptedException
2019-07-13 20:27:11,139 INFO  impl.PendingRequests (PendingRequests.java:sendNotLeaderResponses(202)) - 679e13b5-cbeb-48af-8f93-74b3a1ecf3c4-PendingRequests: sendNotLeaderResponses
2019-07-13 20:27:11,145 INFO  server.GrpcServerProtocolService (GrpcServerProtocolService.java:onCompleted(104)) - 4968f71e-b86a-4dba-9a34-2f43601aaff0: appendEntries completed
2019-07-13 20:27:11,145 INFO  server.GrpcServerProtocolService (GrpcServerProtocolService.java:onCompleted(104)) - 1d967e2d-b700-42c4-a2b3-153b0a458c5c: appendEntries completed
2019-07-13 20:27:11,161 INFO  server.GrpcLogAppender (GrpcLogAppender.java:onCompleted(292)) - 679e13b5-cbeb-48af-8f93-74b3a1ecf3c4->4968f71e-b86a-4dba-9a34-2f43601aaff0: follower responses appendEntries COMPLETED
2019-07-13 20:27:11,161 INFO  server.GrpcLogAppender (GrpcLogAppender.java:onCompleted(292)) - 679e13b5-cbeb-48af-8f93-74b3a1ecf3c4->1d967e2d-b700-42c4-a2b3-153b0a458c5c: follower responses appendEntries COMPLETED
2019-07-13 20:27:11,169 INFO  impl.FollowerInfo (FollowerInfo.java:lambda$new$0(50)) - 679e13b5-cbeb-48af-8f93-74b3a1ecf3c4->4968f71e-b86a-4dba-9a34-2f43601aaff0: nextIndex: updateUnconditionally 17 -> 16
2019-07-13 20:27:11,169 INFO  impl.FollowerInfo (FollowerInfo.java:lambda$new$0(50)) - 679e13b5-cbeb-48af-8f93-74b3a1ecf3c4->1d967e2d-b700-42c4-a2b3-153b0a458c5c: nextIndex: updateUnconditionally 17 -> 16
2019-07-13 20:27:11,176 INFO  impl.StateMachineUpdater (StateMachineUpdater.java:stopAndJoin(115)) - StateMachineUpdater:679e13b5-cbeb-48af-8f93-74b3a1ecf3c4:group-023D0F14E27C: set stopIndex = 16
2019-07-13 20:27:11,176 INFO  ratis.ContainerStateMachine (ContainerStateMachine.java:takeSnapshot(246)) - Taking snapshot at termIndex:(t:1, i:14)
2019-07-13 20:27:11,179 INFO  ratis.ContainerStateMachine (ContainerStateMachine.java:takeSnapshot(250)) - Taking a snapshot to file /tmp/workdir/hadoop-ozone/integration-test/target/test-dir/MiniOzoneClusterImpl-872b95be-ab77-4531-967a-8b14dc65ac0a/datanode-6/data/ratis/7bb24e09-687d-4467-9665-023d0f14e27c/sm/snapshot.1_14
2019-07-13 20:27:11,193 INFO  impl.StateMachineUpdater (StateMachineUpdater.java:takeSnapshot(242)) - StateMachineUpdater:679e13b5-cbeb-48af-8f93-74b3a1ecf3c4:group-023D0F14E27C: Took a snapshot at index 14
2019-07-13 20:27:11,195 INFO  impl.StateMachineUpdater (StateMachineUpdater.java:lambda$new$0(80)) - StateMachineUpdater:679e13b5-cbeb-48af-8f93-74b3a1ecf3c4:group-023D0F14E27C: snapshotIndex: updateIncreasingly -1 -> 14
2019-07-13 20:27:11,200 INFO  impl.RaftServerImpl (ServerState.java:close(394)) - 679e13b5-cbeb-48af-8f93-74b3a1ecf3c4:group-023D0F14E27C closes. The last applied log index is 16
2019-07-13 20:27:11,202 INFO  segmented.SegmentedRaftLogWorker (SegmentedRaftLogWorker.java:run(313)) - 679e13b5-cbeb-48af-8f93-74b3a1ecf3c4-SegmentedRaftLogWorker:Storage Directory /tmp/workdir/hadoop-ozone/integration-test/target/test-dir/MiniOzoneClusterImpl-872b95be-ab77-4531-967a-8b14dc65ac0a/datanode-6/data/ratis/7bb24e09-687d-4467-9665-023d0f14e27c was interrupted, exiting. There are 0 tasks remaining in the queue.
2019-07-13 20:27:11,204 INFO  segmented.SegmentedRaftLogWorker (SegmentedRaftLogWorker.java:close(228)) - 679e13b5-cbeb-48af-8f93-74b3a1ecf3c4-SegmentedRaftLogWorker:Storage Directory /tmp/workdir/hadoop-ozone/integration-test/target/test-dir/MiniOzoneClusterImpl-872b95be-ab77-4531-967a-8b14dc65ac0a/datanode-6/data/ratis/7bb24e09-687d-4467-9665-023d0f14e27c close()
2019-07-13 20:27:11,208 INFO  impl.RaftServerImpl (RaftServerImpl.java:lambda$shutdown$3(245)) - 679e13b5-cbeb-48af-8f93-74b3a1ecf3c4: shutdown group-AD15D622ADE9
2019-07-13 20:27:11,209 INFO  util.JmxRegister (JmxRegister.java:unregister(73)) - Successfully un-registered JMX Bean with object name Ratis:service=RaftServer,group=group-AD15D622ADE9,id=679e13b5-cbeb-48af-8f93-74b3a1ecf3c4
2019-07-13 20:27:11,209 INFO  impl.RoleInfo (RoleInfo.java:shutdownLeaderState(104)) - 679e13b5-cbeb-48af-8f93-74b3a1ecf3c4: shutdown LeaderState
2019-07-13 20:27:11,209 INFO  impl.PendingRequests (PendingRequests.java:sendNotLeaderResponses(202)) - 679e13b5-cbeb-48af-8f93-74b3a1ecf3c4-PendingRequests: sendNotLeaderResponses
2019-07-13 20:27:11,210 INFO  impl.StateMachineUpdater (StateMachineUpdater.java:stopAndJoin(115)) - StateMachineUpdater:679e13b5-cbeb-48af-8f93-74b3a1ecf3c4:group-AD15D622ADE9: set stopIndex = 0
2019-07-13 20:27:11,210 INFO  ratis.ContainerStateMachine (ContainerStateMachine.java:takeSnapshot(246)) - Taking snapshot at termIndex:(t:0, i:~)
2019-07-13 20:27:11,217 INFO  impl.RaftServerImpl (ServerState.java:close(394)) - 679e13b5-cbeb-48af-8f93-74b3a1ecf3c4:group-AD15D622ADE9 closes. The last applied log index is 0
2019-07-13 20:27:11,217 INFO  segmented.SegmentedRaftLogWorker (SegmentedRaftLogWorker.java:run(313)) - 679e13b5-cbeb-48af-8f93-74b3a1ecf3c4-SegmentedRaftLogWorker:Storage Directory /tmp/workdir/hadoop-ozone/integration-test/target/test-dir/MiniOzoneClusterImpl-872b95be-ab77-4531-967a-8b14dc65ac0a/datanode-6/data/ratis/260dad8d-99a3-48d2-9aec-ad15d622ade9 was interrupted, exiting. There are 0 tasks remaining in the queue.
2019-07-13 20:27:11,219 INFO  segmented.SegmentedRaftLogWorker (SegmentedRaftLogWorker.java:close(228)) - 679e13b5-cbeb-48af-8f93-74b3a1ecf3c4-SegmentedRaftLogWorker:Storage Directory /tmp/workdir/hadoop-ozone/integration-test/target/test-dir/MiniOzoneClusterImpl-872b95be-ab77-4531-967a-8b14dc65ac0a/datanode-6/data/ratis/260dad8d-99a3-48d2-9aec-ad15d622ade9 close()
2019-07-13 20:27:11,223 INFO  server.GrpcService (GrpcService.java:closeImpl(155)) - 679e13b5-cbeb-48af-8f93-74b3a1ecf3c4: shutdown server with port 36078 now
2019-07-13 20:27:11,229 INFO  server.GrpcService (GrpcService.java:closeImpl(163)) - 679e13b5-cbeb-48af-8f93-74b3a1ecf3c4: shutdown server with port 36078 successfully
2019-07-13 20:27:11,229 WARN  client.GrpcClientProtocolService (LogUtils.java:warn(134)) - 3-UnorderedRequestStreamObserver3: onError: org.apache.ratis.thirdparty.io.grpc.StatusRuntimeException: CANCELLED: cancelled before receiving half close
2019-07-13 20:27:11,243 INFO  utils.BackgroundService (BackgroundService.java:shutdown(148)) - Shutting down service BlockDeletingService
2019-07-13 20:27:11,244 WARN  fs.CachingGetSpaceUsed (CachingGetSpaceUsed.java:run(183)) - Thread Interrupted waiting to refresh disk information: sleep interrupted
2019-07-13 20:27:11,263 INFO  statemachine.DatanodeStateMachine (DatanodeStateMachine.java:stopDaemon(395)) - Ozone container server stopped.
2019-07-13 20:27:11,266 INFO  handler.ContextHandler (ContextHandler.java:doStop(910)) - Stopped o.e.j.w.WebAppContext@418f0534{/,null,UNAVAILABLE}{/hddsDatanode}
2019-07-13 20:27:11,272 INFO  server.AbstractConnector (AbstractConnector.java:doStop(318)) - Stopped ServerConnector@3dfd7eaa{HTTP/1.1,[http/1.1]}{0.0.0.0:0}
2019-07-13 20:27:11,272 INFO  handler.ContextHandler (ContextHandler.java:doStop(910)) - Stopped o.e.j.s.ServletContextHandler@782fd504{/static,jar:file:/home/user/.m2/repository/org/apache/hadoop/hadoop-hdds-container-service/0.5.0-SNAPSHOT/hadoop-hdds-container-service-0.5.0-SNAPSHOT.jar!/webapps/static,UNAVAILABLE}
2019-07-13 20:27:11,273 INFO  handler.ContextHandler (ContextHandler.java:doStop(910)) - Stopped o.e.j.s.ServletContextHandler@6568f998{/logs,file:///tmp/workdir/hadoop-ozone/integration-test/target/log,UNAVAILABLE}
2019-07-13 20:27:11,275 INFO  datanode.ObjectStoreHandler (ObjectStoreHandler.java:close(155)) - Closing ObjectStoreHandler.
2019-07-13 20:27:11,275 INFO  ozone.HddsDatanodeService (HddsDatanodeService.java:stop(452)) - Stopped plug-in org.apache.hadoop.ozone.web.OzoneHddsDatanodeService@16f15ae9
2019-07-13 20:27:11,886 INFO  statemachine.DatanodeStateMachine (DatanodeStateMachine.java:lambda$startDaemon$0(350)) - Ozone container server started.
2019-07-13 20:27:15,933 INFO  node.StaleNodeHandler (StaleNodeHandler.java:onMessage(58)) - Datanode 4968f71e-b86a-4dba-9a34-2f43601aaff0{ip: 192.168.5.168, host: trunk-nightly-6qp7m-2461138711, networkLocation: /default-rack, certSerialId: null} moved to stale state. Finalizing its pipelines [PipelineID=7bb24e09-687d-4467-9665-023d0f14e27c, PipelineID=f232efdc-58b0-44fb-9106-77c419d563db]
2019-07-13 20:27:15,933 INFO  pipeline.SCMPipelineManager (SCMPipelineManager.java:finalizeAndDestroyPipeline(309)) - destroying pipeline:Pipeline[ Id: 7bb24e09-687d-4467-9665-023d0f14e27c, Nodes: 679e13b5-cbeb-48af-8f93-74b3a1ecf3c4{ip: 192.168.5.168, host: trunk-nightly-6qp7m-2461138711, networkLocation: /default-rack, certSerialId: null}4968f71e-b86a-4dba-9a34-2f43601aaff0{ip: 192.168.5.168, host: trunk-nightly-6qp7m-2461138711, networkLocation: /default-rack, certSerialId: null}1d967e2d-b700-42c4-a2b3-153b0a458c5c{ip: 192.168.5.168, host: trunk-nightly-6qp7m-2461138711, networkLocation: /default-rack, certSerialId: null}, Type:RATIS, Factor:THREE, State:CLOSED]
2019-07-13 20:27:15,933 INFO  pipeline.SCMPipelineManager (SCMPipelineManager.java:finalizeAndDestroyPipeline(309)) - destroying pipeline:Pipeline[ Id: f232efdc-58b0-44fb-9106-77c419d563db, Nodes: 4968f71e-b86a-4dba-9a34-2f43601aaff0{ip: 192.168.5.168, host: trunk-nightly-6qp7m-2461138711, networkLocation: /default-rack, certSerialId: null}, Type:RATIS, Factor:ONE, State:OPEN]
2019-07-13 20:27:15,934 INFO  pipeline.PipelineStateManager (PipelineStateManager.java:finalizePipeline(123)) - Pipeline Pipeline[ Id: f232efdc-58b0-44fb-9106-77c419d563db, Nodes: 4968f71e-b86a-4dba-9a34-2f43601aaff0{ip: 192.168.5.168, host: trunk-nightly-6qp7m-2461138711, networkLocation: /default-rack, certSerialId: null}, Type:RATIS, Factor:ONE, State:CLOSED] moved to CLOSED state
2019-07-13 20:27:16,276 INFO  ozoneimpl.OzoneContainer (OzoneContainer.java:stop(199)) - Attempting to stop container services.
2019-07-13 20:27:16,279 INFO  impl.RaftServerProxy (RaftServerProxy.java:lambda$close$4(314)) - 4968f71e-b86a-4dba-9a34-2f43601aaff0: close
2019-07-13 20:27:16,280 INFO  impl.RaftServerImpl (RaftServerImpl.java:lambda$shutdown$3(245)) - 4968f71e-b86a-4dba-9a34-2f43601aaff0: shutdown group-023D0F14E27C
2019-07-13 20:27:16,280 INFO  impl.RaftServerImpl (RaftServerImpl.java:lambda$shutdown$3(245)) - 4968f71e-b86a-4dba-9a34-2f43601aaff0: shutdown group-77C419D563DB
2019-07-13 20:27:16,280 INFO  util.JmxRegister (JmxRegister.java:unregister(73)) - Successfully un-registered JMX Bean with object name Ratis:service=RaftServer,group=group-023D0F14E27C,id=4968f71e-b86a-4dba-9a34-2f43601aaff0
2019-07-13 20:27:16,281 INFO  util.JmxRegister (JmxRegister.java:unregister(73)) - Successfully un-registered JMX Bean with object name Ratis:service=RaftServer,group=group-77C419D563DB,id=4968f71e-b86a-4dba-9a34-2f43601aaff0
2019-07-13 20:27:16,281 INFO  impl.RoleInfo (RoleInfo.java:shutdownFollowerState(121)) - 4968f71e-b86a-4dba-9a34-2f43601aaff0: shutdown FollowerState
2019-07-13 20:27:16,281 INFO  impl.RoleInfo (RoleInfo.java:shutdownLeaderState(104)) - 4968f71e-b86a-4dba-9a34-2f43601aaff0: shutdown LeaderState
2019-07-13 20:27:16,282 INFO  impl.FollowerState (FollowerState.java:run(114)) - 4968f71e-b86a-4dba-9a34-2f43601aaff0: FollowerState was interrupted: java.lang.InterruptedException: sleep interrupted
2019-07-13 20:27:16,282 INFO  ratis.ContainerStateMachine (ContainerStateMachine.java:takeSnapshot(246)) - Taking snapshot at termIndex:(t:1, i:14)
2019-07-13 20:27:16,281 INFO  impl.StateMachineUpdater (StateMachineUpdater.java:stopAndJoin(115)) - StateMachineUpdater:4968f71e-b86a-4dba-9a34-2f43601aaff0:group-023D0F14E27C: set stopIndex = 16
2019-07-13 20:27:16,284 INFO  ratis.ContainerStateMachine (ContainerStateMachine.java:takeSnapshot(250)) - Taking a snapshot to file /tmp/workdir/hadoop-ozone/integration-test/target/test-dir/MiniOzoneClusterImpl-872b95be-ab77-4531-967a-8b14dc65ac0a/datanode-5/data/ratis/7bb24e09-687d-4467-9665-023d0f14e27c/sm/snapshot.1_14
2019-07-13 20:27:16,282 INFO  impl.PendingRequests (PendingRequests.java:sendNotLeaderResponses(202)) - 4968f71e-b86a-4dba-9a34-2f43601aaff0-PendingRequests: sendNotLeaderResponses
2019-07-13 20:27:16,285 INFO  impl.StateMachineUpdater (StateMachineUpdater.java:stopAndJoin(115)) - StateMachineUpdater:4968f71e-b86a-4dba-9a34-2f43601aaff0:group-77C419D563DB: set stopIndex = 0
2019-07-13 20:27:16,285 INFO  ratis.ContainerStateMachine (ContainerStateMachine.java:takeSnapshot(246)) - Taking snapshot at termIndex:(t:0, i:~)
2019-07-13 20:27:16,285 INFO  impl.RaftServerImpl (ServerState.java:close(394)) - 4968f71e-b86a-4dba-9a34-2f43601aaff0:group-77C419D563DB closes. The last applied log index is 0
2019-07-13 20:27:16,286 INFO  segmented.SegmentedRaftLogWorker (SegmentedRaftLogWorker.java:run(313)) - 4968f71e-b86a-4dba-9a34-2f43601aaff0-SegmentedRaftLogWorker:Storage Directory /tmp/workdir/hadoop-ozone/integration-test/target/test-dir/MiniOzoneClusterImpl-872b95be-ab77-4531-967a-8b14dc65ac0a/datanode-5/data/ratis/f232efdc-58b0-44fb-9106-77c419d563db was interrupted, exiting. There are 0 tasks remaining in the queue.
2019-07-13 20:27:16,297 INFO  impl.StateMachineUpdater (StateMachineUpdater.java:takeSnapshot(242)) - StateMachineUpdater:4968f71e-b86a-4dba-9a34-2f43601aaff0:group-023D0F14E27C: Took a snapshot at index 14
2019-07-13 20:27:16,297 INFO  segmented.SegmentedRaftLogWorker (SegmentedRaftLogWorker.java:close(228)) - 4968f71e-b86a-4dba-9a34-2f43601aaff0-SegmentedRaftLogWorker:Storage Directory /tmp/workdir/hadoop-ozone/integration-test/target/test-dir/MiniOzoneClusterImpl-872b95be-ab77-4531-967a-8b14dc65ac0a/datanode-5/data/ratis/f232efdc-58b0-44fb-9106-77c419d563db close()
2019-07-13 20:27:16,297 INFO  impl.StateMachineUpdater (StateMachineUpdater.java:lambda$new$0(80)) - StateMachineUpdater:4968f71e-b86a-4dba-9a34-2f43601aaff0:group-023D0F14E27C: snapshotIndex: updateIncreasingly -1 -> 14
2019-07-13 20:27:16,302 INFO  impl.RaftServerImpl (ServerState.java:close(394)) - 4968f71e-b86a-4dba-9a34-2f43601aaff0:group-023D0F14E27C closes. The last applied log index is 16
2019-07-13 20:27:16,302 INFO  segmented.SegmentedRaftLogWorker (SegmentedRaftLogWorker.java:run(313)) - 4968f71e-b86a-4dba-9a34-2f43601aaff0-SegmentedRaftLogWorker:Storage Directory /tmp/workdir/hadoop-ozone/integration-test/target/test-dir/MiniOzoneClusterImpl-872b95be-ab77-4531-967a-8b14dc65ac0a/datanode-5/data/ratis/7bb24e09-687d-4467-9665-023d0f14e27c was interrupted, exiting. There are 0 tasks remaining in the queue.
2019-07-13 20:27:16,304 INFO  segmented.SegmentedRaftLogWorker (SegmentedRaftLogWorker.java:close(228)) - 4968f71e-b86a-4dba-9a34-2f43601aaff0-SegmentedRaftLogWorker:Storage Directory /tmp/workdir/hadoop-ozone/integration-test/target/test-dir/MiniOzoneClusterImpl-872b95be-ab77-4531-967a-8b14dc65ac0a/datanode-5/data/ratis/7bb24e09-687d-4467-9665-023d0f14e27c close()
2019-07-13 20:27:16,308 INFO  server.GrpcService (GrpcService.java:closeImpl(155)) - 4968f71e-b86a-4dba-9a34-2f43601aaff0: shutdown server with port 45613 now
2019-07-13 20:27:16,314 INFO  server.GrpcService (GrpcService.java:closeImpl(163)) - 4968f71e-b86a-4dba-9a34-2f43601aaff0: shutdown server with port 45613 successfully
2019-07-13 20:27:16,330 INFO  utils.BackgroundService (BackgroundService.java:shutdown(148)) - Shutting down service BlockDeletingService
2019-07-13 20:27:16,332 WARN  fs.CachingGetSpaceUsed (CachingGetSpaceUsed.java:run(183)) - Thread Interrupted waiting to refresh disk information: sleep interrupted
2019-07-13 20:27:16,361 INFO  statemachine.DatanodeStateMachine (DatanodeStateMachine.java:stopDaemon(395)) - Ozone container server stopped.
2019-07-13 20:27:16,363 INFO  handler.ContextHandler (ContextHandler.java:doStop(910)) - Stopped o.e.j.w.WebAppContext@561f9d92{/,null,UNAVAILABLE}{/hddsDatanode}
2019-07-13 20:27:16,364 INFO  server.AbstractConnector (AbstractConnector.java:doStop(318)) - Stopped ServerConnector@1c84d80a{HTTP/1.1,[http/1.1]}{0.0.0.0:0}
2019-07-13 20:27:16,365 INFO  handler.ContextHandler (ContextHandler.java:doStop(910)) - Stopped o.e.j.s.ServletContextHandler@2d4a3e13{/static,jar:file:/home/user/.m2/repository/org/apache/hadoop/hadoop-hdds-container-service/0.5.0-SNAPSHOT/hadoop-hdds-container-service-0.5.0-SNAPSHOT.jar!/webapps/static,UNAVAILABLE}
2019-07-13 20:27:16,365 INFO  handler.ContextHandler (ContextHandler.java:doStop(910)) - Stopped o.e.j.s.ServletContextHandler@6885ed19{/logs,file:///tmp/workdir/hadoop-ozone/integration-test/target/log,UNAVAILABLE}
2019-07-13 20:27:20,694 INFO  impl.FollowerState (FollowerState.java:run(106)) - 1d967e2d-b700-42c4-a2b3-153b0a458c5c:group-023D0F14E27C changes to CANDIDATE, lastRpcTime:9577, electionTimeout:5065ms
2019-07-13 20:27:20,694 INFO  impl.RoleInfo (RoleInfo.java:shutdownFollowerState(121)) - 1d967e2d-b700-42c4-a2b3-153b0a458c5c: shutdown FollowerState
2019-07-13 20:27:20,694 INFO  impl.RaftServerImpl (RaftServerImpl.java:setRole(171)) - 1d967e2d-b700-42c4-a2b3-153b0a458c5c:group-023D0F14E27C changes role from FOLLOWER to CANDIDATE at term 1 for changeToCandidate
2019-07-13 20:27:20,694 INFO  impl.RoleInfo (RoleInfo.java:updateAndGet(143)) - 1d967e2d-b700-42c4-a2b3-153b0a458c5c: start LeaderElection
2019-07-13 20:27:20,697 INFO  impl.RaftServerImpl (ServerState.java:setLeader(263)) - 1d967e2d-b700-42c4-a2b3-153b0a458c5c:group-023D0F14E27C change Leader from 679e13b5-cbeb-48af-8f93-74b3a1ecf3c4 to null at term 1 for initElection
2019-07-13 20:27:20,723 INFO  impl.LeaderElection (LeaderElection.java:askForVotes(181)) - 1d967e2d-b700-42c4-a2b3-153b0a458c5c:group-023D0F14E27C:LeaderElection11: begin an election at term 2 for 0: [4968f71e-b86a-4dba-9a34-2f43601aaff0:192.168.5.168:45613, 1d967e2d-b700-42c4-a2b3-153b0a458c5c:192.168.5.168:46665, 679e13b5-cbeb-48af-8f93-74b3a1ecf3c4:192.168.5.168:36078], old=null
2019-07-13 20:27:20,739 INFO  impl.LeaderElection (LogUtils.java:infoOrTrace(149)) - 1d967e2d-b700-42c4-a2b3-153b0a458c5c:group-023D0F14E27C:LeaderElection11 got exception when requesting votes: {}
java.util.concurrent.ExecutionException: org.apache.ratis.thirdparty.io.grpc.StatusRuntimeException: UNAVAILABLE: io exception
	at java.util.concurrent.FutureTask.report(FutureTask.java:122)
	at java.util.concurrent.FutureTask.get(FutureTask.java:192)
	at org.apache.ratis.server.impl.LeaderElection.waitForResults(LeaderElection.java:262)
	at org.apache.ratis.server.impl.LeaderElection.askForVotes(LeaderElection.java:200)
	at org.apache.ratis.server.impl.LeaderElection.run(LeaderElection.java:130)
	at java.lang.Thread.run(Thread.java:748)
Caused by: org.apache.ratis.thirdparty.io.grpc.StatusRuntimeException: UNAVAILABLE: io exception
	at org.apache.ratis.thirdparty.io.grpc.stub.ClientCalls.toStatusRuntimeException(ClientCalls.java:233)
	at org.apache.ratis.thirdparty.io.grpc.stub.ClientCalls.getUnchecked(ClientCalls.java:214)
	at org.apache.ratis.thirdparty.io.grpc.stub.ClientCalls.blockingUnaryCall(ClientCalls.java:139)
	at org.apache.ratis.proto.grpc.RaftServerProtocolServiceGrpc$RaftServerProtocolServiceBlockingStub.requestVote(RaftServerProtocolServiceGrpc.java:265)
	at org.apache.ratis.grpc.server.GrpcServerProtocolClient.requestVote(GrpcServerProtocolClient.java:83)
	at org.apache.ratis.grpc.server.GrpcService.requestVote(GrpcService.java:195)
	at org.apache.ratis.server.impl.LeaderElection.lambda$submitRequests$1(LeaderElection.java:237)
	at java.util.concurrent.FutureTask.run(FutureTask.java:266)
	at java.util.concurrent.Executors$RunnableAdapter.call(Executors.java:511)
	at java.util.concurrent.FutureTask.run(FutureTask.java:266)
	at java.util.concurrent.ThreadPoolExecutor.runWorker(ThreadPoolExecutor.java:1149)
	at java.util.concurrent.ThreadPoolExecutor$Worker.run(ThreadPoolExecutor.java:624)
	... 1 more
Caused by: org.apache.ratis.thirdparty.io.netty.channel.AbstractChannel$AnnotatedConnectException: Connection refused: /192.168.5.168:36078
	at sun.nio.ch.SocketChannelImpl.checkConnect(Native Method)
	at sun.nio.ch.SocketChannelImpl.finishConnect(SocketChannelImpl.java:717)
	at org.apache.ratis.thirdparty.io.netty.channel.socket.nio.NioSocketChannel.doFinishConnect(NioSocketChannel.java:327)
	at org.apache.ratis.thirdparty.io.netty.channel.nio.AbstractNioChannel$AbstractNioUnsafe.finishConnect(AbstractNioChannel.java:340)
	at org.apache.ratis.thirdparty.io.netty.channel.nio.NioEventLoop.processSelectedKey(NioEventLoop.java:632)
	at org.apache.ratis.thirdparty.io.netty.channel.nio.NioEventLoop.processSelectedKeysOptimized(NioEventLoop.java:579)
	at org.apache.ratis.thirdparty.io.netty.channel.nio.NioEventLoop.processSelectedKeys(NioEventLoop.java:496)
	at org.apache.ratis.thirdparty.io.netty.channel.nio.NioEventLoop.run(NioEventLoop.java:458)
	at org.apache.ratis.thirdparty.io.netty.util.concurrent.SingleThreadEventExecutor$5.run(SingleThreadEventExecutor.java:897)
	at org.apache.ratis.thirdparty.io.netty.util.concurrent.FastThreadLocalRunnable.run(FastThreadLocalRunnable.java:30)
	... 1 more
Caused by: java.net.ConnectException: Connection refused
	... 11 more
2019-07-13 20:27:20,744 INFO  impl.LeaderElection (LogUtils.java:infoOrTrace(149)) - 1d967e2d-b700-42c4-a2b3-153b0a458c5c:group-023D0F14E27C:LeaderElection11 got exception when requesting votes: {}
java.util.concurrent.ExecutionException: org.apache.ratis.thirdparty.io.grpc.StatusRuntimeException: UNAVAILABLE: io exception
	at java.util.concurrent.FutureTask.report(FutureTask.java:122)
	at java.util.concurrent.FutureTask.get(FutureTask.java:192)
	at org.apache.ratis.server.impl.LeaderElection.waitForResults(LeaderElection.java:262)
	at org.apache.ratis.server.impl.LeaderElection.askForVotes(LeaderElection.java:200)
	at org.apache.ratis.server.impl.LeaderElection.run(LeaderElection.java:130)
	at java.lang.Thread.run(Thread.java:748)
Caused by: org.apache.ratis.thirdparty.io.grpc.StatusRuntimeException: UNAVAILABLE: io exception
	at org.apache.ratis.thirdparty.io.grpc.stub.ClientCalls.toStatusRuntimeException(ClientCalls.java:233)
	at org.apache.ratis.thirdparty.io.grpc.stub.ClientCalls.getUnchecked(ClientCalls.java:214)
	at org.apache.ratis.thirdparty.io.grpc.stub.ClientCalls.blockingUnaryCall(ClientCalls.java:139)
	at org.apache.ratis.proto.grpc.RaftServerProtocolServiceGrpc$RaftServerProtocolServiceBlockingStub.requestVote(RaftServerProtocolServiceGrpc.java:265)
	at org.apache.ratis.grpc.server.GrpcServerProtocolClient.requestVote(GrpcServerProtocolClient.java:83)
	at org.apache.ratis.grpc.server.GrpcService.requestVote(GrpcService.java:195)
	at org.apache.ratis.server.impl.LeaderElection.lambda$submitRequests$1(LeaderElection.java:237)
	at java.util.concurrent.FutureTask.run(FutureTask.java:266)
	at java.util.concurrent.Executors$RunnableAdapter.call(Executors.java:511)
	at java.util.concurrent.FutureTask.run(FutureTask.java:266)
	at java.util.concurrent.ThreadPoolExecutor.runWorker(ThreadPoolExecutor.java:1149)
	at java.util.concurrent.ThreadPoolExecutor$Worker.run(ThreadPoolExecutor.java:624)
	... 1 more
Caused by: org.apache.ratis.thirdparty.io.netty.channel.AbstractChannel$AnnotatedConnectException: Connection refused: /192.168.5.168:45613
	at sun.nio.ch.SocketChannelImpl.checkConnect(Native Method)
	at sun.nio.ch.SocketChannelImpl.finishConnect(SocketChannelImpl.java:717)
	at org.apache.ratis.thirdparty.io.netty.channel.socket.nio.NioSocketChannel.doFinishConnect(NioSocketChannel.java:327)
	at org.apache.ratis.thirdparty.io.netty.channel.nio.AbstractNioChannel$AbstractNioUnsafe.finishConnect(AbstractNioChannel.java:340)
	at org.apache.ratis.thirdparty.io.netty.channel.nio.NioEventLoop.processSelectedKey(NioEventLoop.java:632)
	at org.apache.ratis.thirdparty.io.netty.channel.nio.NioEventLoop.processSelectedKeysOptimized(NioEventLoop.java:579)
	at org.apache.ratis.thirdparty.io.netty.channel.nio.NioEventLoop.processSelectedKeys(NioEventLoop.java:496)
	at org.apache.ratis.thirdparty.io.netty.channel.nio.NioEventLoop.run(NioEventLoop.java:458)
	at org.apache.ratis.thirdparty.io.netty.util.concurrent.SingleThreadEventExecutor$5.run(SingleThreadEventExecutor.java:897)
	at org.apache.ratis.thirdparty.io.netty.util.concurrent.FastThreadLocalRunnable.run(FastThreadLocalRunnable.java:30)
	... 1 more
Caused by: java.net.ConnectException: Connection refused
	... 11 more
2019-07-13 20:27:20,747 INFO  impl.LeaderElection (LeaderElection.java:logAndReturn(56)) - 1d967e2d-b700-42c4-a2b3-153b0a458c5c:group-023D0F14E27C:LeaderElection11: Election REJECTED; received 0 response(s) [] and 2 exception(s); 1d967e2d-b700-42c4-a2b3-153b0a458c5c:t2, leader=null, voted=1d967e2d-b700-42c4-a2b3-153b0a458c5c, raftlog=1d967e2d-b700-42c4-a2b3-153b0a458c5c-SegmentedRaftLog:OPENED:c16,f16,i16, conf=0: [4968f71e-b86a-4dba-9a34-2f43601aaff0:192.168.5.168:45613, 1d967e2d-b700-42c4-a2b3-153b0a458c5c:192.168.5.168:46665, 679e13b5-cbeb-48af-8f93-74b3a1ecf3c4:192.168.5.168:36078], old=null
2019-07-13 20:27:20,748 INFO  impl.LeaderElection (LogUtils.java:infoOrTrace(149)) -   Exception 0: {}
java.util.concurrent.ExecutionException: org.apache.ratis.thirdparty.io.grpc.StatusRuntimeException: UNAVAILABLE: io exception
	at java.util.concurrent.FutureTask.report(FutureTask.java:122)
	at java.util.concurrent.FutureTask.get(FutureTask.java:192)
	at org.apache.ratis.server.impl.LeaderElection.waitForResults(LeaderElection.java:262)
	at org.apache.ratis.server.impl.LeaderElection.askForVotes(LeaderElection.java:200)
	at org.apache.ratis.server.impl.LeaderElection.run(LeaderElection.java:130)
	at java.lang.Thread.run(Thread.java:748)
Caused by: org.apache.ratis.thirdparty.io.grpc.StatusRuntimeException: UNAVAILABLE: io exception
	at org.apache.ratis.thirdparty.io.grpc.stub.ClientCalls.toStatusRuntimeException(ClientCalls.java:233)
	at org.apache.ratis.thirdparty.io.grpc.stub.ClientCalls.getUnchecked(ClientCalls.java:214)
	at org.apache.ratis.thirdparty.io.grpc.stub.ClientCalls.blockingUnaryCall(ClientCalls.java:139)
	at org.apache.ratis.proto.grpc.RaftServerProtocolServiceGrpc$RaftServerProtocolServiceBlockingStub.requestVote(RaftServerProtocolServiceGrpc.java:265)
	at org.apache.ratis.grpc.server.GrpcServerProtocolClient.requestVote(GrpcServerProtocolClient.java:83)
	at org.apache.ratis.grpc.server.GrpcService.requestVote(GrpcService.java:195)
	at org.apache.ratis.server.impl.LeaderElection.lambda$submitRequests$1(LeaderElection.java:237)
	at java.util.concurrent.FutureTask.run(FutureTask.java:266)
	at java.util.concurrent.Executors$RunnableAdapter.call(Executors.java:511)
	at java.util.concurrent.FutureTask.run(FutureTask.java:266)
	at java.util.concurrent.ThreadPoolExecutor.runWorker(ThreadPoolExecutor.java:1149)
	at java.util.concurrent.ThreadPoolExecutor$Worker.run(ThreadPoolExecutor.java:624)
	... 1 more
Caused by: org.apache.ratis.thirdparty.io.netty.channel.AbstractChannel$AnnotatedConnectException: Connection refused: /192.168.5.168:36078
	at sun.nio.ch.SocketChannelImpl.checkConnect(Native Method)
	at sun.nio.ch.SocketChannelImpl.finishConnect(SocketChannelImpl.java:717)
	at org.apache.ratis.thirdparty.io.netty.channel.socket.nio.NioSocketChannel.doFinishConnect(NioSocketChannel.java:327)
	at org.apache.ratis.thirdparty.io.netty.channel.nio.AbstractNioChannel$AbstractNioUnsafe.finishConnect(AbstractNioChannel.java:340)
	at org.apache.ratis.thirdparty.io.netty.channel.nio.NioEventLoop.processSelectedKey(NioEventLoop.java:632)
	at org.apache.ratis.thirdparty.io.netty.channel.nio.NioEventLoop.processSelectedKeysOptimized(NioEventLoop.java:579)
	at org.apache.ratis.thirdparty.io.netty.channel.nio.NioEventLoop.processSelectedKeys(NioEventLoop.java:496)
	at org.apache.ratis.thirdparty.io.netty.channel.nio.NioEventLoop.run(NioEventLoop.java:458)
	at org.apache.ratis.thirdparty.io.netty.util.concurrent.SingleThreadEventExecutor$5.run(SingleThreadEventExecutor.java:897)
	at org.apache.ratis.thirdparty.io.netty.util.concurrent.FastThreadLocalRunnable.run(FastThreadLocalRunnable.java:30)
	... 1 more
Caused by: java.net.ConnectException: Connection refused
	... 11 more
2019-07-13 20:27:20,748 INFO  impl.LeaderElection (LogUtils.java:infoOrTrace(149)) -   Exception 1: {}
java.util.concurrent.ExecutionException: org.apache.ratis.thirdparty.io.grpc.StatusRuntimeException: UNAVAILABLE: io exception
	at java.util.concurrent.FutureTask.report(FutureTask.java:122)
	at java.util.concurrent.FutureTask.get(FutureTask.java:192)
	at org.apache.ratis.server.impl.LeaderElection.waitForResults(LeaderElection.java:262)
	at org.apache.ratis.server.impl.LeaderElection.askForVotes(LeaderElection.java:200)
	at org.apache.ratis.server.impl.LeaderElection.run(LeaderElection.java:130)
	at java.lang.Thread.run(Thread.java:748)
Caused by: org.apache.ratis.thirdparty.io.grpc.StatusRuntimeException: UNAVAILABLE: io exception
	at org.apache.ratis.thirdparty.io.grpc.stub.ClientCalls.toStatusRuntimeException(ClientCalls.java:233)
	at org.apache.ratis.thirdparty.io.grpc.stub.ClientCalls.getUnchecked(ClientCalls.java:214)
	at org.apache.ratis.thirdparty.io.grpc.stub.ClientCalls.blockingUnaryCall(ClientCalls.java:139)
	at org.apache.ratis.proto.grpc.RaftServerProtocolServiceGrpc$RaftServerProtocolServiceBlockingStub.requestVote(RaftServerProtocolServiceGrpc.java:265)
	at org.apache.ratis.grpc.server.GrpcServerProtocolClient.requestVote(GrpcServerProtocolClient.java:83)
	at org.apache.ratis.grpc.server.GrpcService.requestVote(GrpcService.java:195)
	at org.apache.ratis.server.impl.LeaderElection.lambda$submitRequests$1(LeaderElection.java:237)
	at java.util.concurrent.FutureTask.run(FutureTask.java:266)
	at java.util.concurrent.Executors$RunnableAdapter.call(Executors.java:511)
	at java.util.concurrent.FutureTask.run(FutureTask.java:266)
	at java.util.concurrent.ThreadPoolExecutor.runWorker(ThreadPoolExecutor.java:1149)
	at java.util.concurrent.ThreadPoolExecutor$Worker.run(ThreadPoolExecutor.java:624)
	... 1 more
Caused by: org.apache.ratis.thirdparty.io.netty.channel.AbstractChannel$AnnotatedConnectException: Connection refused: /192.168.5.168:45613
	at sun.nio.ch.SocketChannelImpl.checkConnect(Native Method)
	at sun.nio.ch.SocketChannelImpl.finishConnect(SocketChannelImpl.java:717)
	at org.apache.ratis.thirdparty.io.netty.channel.socket.nio.NioSocketChannel.doFinishConnect(NioSocketChannel.java:327)
	at org.apache.ratis.thirdparty.io.netty.channel.nio.AbstractNioChannel$AbstractNioUnsafe.finishConnect(AbstractNioChannel.java:340)
	at org.apache.ratis.thirdparty.io.netty.channel.nio.NioEventLoop.processSelectedKey(NioEventLoop.java:632)
	at org.apache.ratis.thirdparty.io.netty.channel.nio.NioEventLoop.processSelectedKeysOptimized(NioEventLoop.java:579)
	at org.apache.ratis.thirdparty.io.netty.channel.nio.NioEventLoop.processSelectedKeys(NioEventLoop.java:496)
	at org.apache.ratis.thirdparty.io.netty.channel.nio.NioEventLoop.run(NioEventLoop.java:458)
	at org.apache.ratis.thirdparty.io.netty.util.concurrent.SingleThreadEventExecutor$5.run(SingleThreadEventExecutor.java:897)
	at org.apache.ratis.thirdparty.io.netty.util.concurrent.FastThreadLocalRunnable.run(FastThreadLocalRunnable.java:30)
	... 1 more
Caused by: java.net.ConnectException: Connection refused
	... 11 more
2019-07-13 20:27:20,749 INFO  impl.RaftServerImpl (RaftServerImpl.java:setRole(171)) - 1d967e2d-b700-42c4-a2b3-153b0a458c5c:group-023D0F14E27C changes role from CANDIDATE to FOLLOWER at term 2 for DISCOVERED_A_NEW_TERM
2019-07-13 20:27:20,751 INFO  impl.RoleInfo (RoleInfo.java:shutdownLeaderElection(134)) - 1d967e2d-b700-42c4-a2b3-153b0a458c5c: shutdown LeaderElection
2019-07-13 20:27:20,751 INFO  impl.RoleInfo (RoleInfo.java:updateAndGet(143)) - 1d967e2d-b700-42c4-a2b3-153b0a458c5c: start FollowerState
2019-07-13 20:27:25,908 INFO  impl.FollowerState (FollowerState.java:run(106)) - 1d967e2d-b700-42c4-a2b3-153b0a458c5c:group-023D0F14E27C changes to CANDIDATE, lastRpcTime:5157, electionTimeout:5155ms
2019-07-13 20:27:25,910 INFO  impl.RoleInfo (RoleInfo.java:shutdownFollowerState(121)) - 1d967e2d-b700-42c4-a2b3-153b0a458c5c: shutdown FollowerState
2019-07-13 20:27:25,911 INFO  impl.RaftServerImpl (RaftServerImpl.java:setRole(171)) - 1d967e2d-b700-42c4-a2b3-153b0a458c5c:group-023D0F14E27C changes role from FOLLOWER to CANDIDATE at term 2 for changeToCandidate
2019-07-13 20:27:25,911 INFO  impl.RoleInfo (RoleInfo.java:updateAndGet(143)) - 1d967e2d-b700-42c4-a2b3-153b0a458c5c: start LeaderElection
2019-07-13 20:27:25,927 INFO  impl.LeaderElection (LeaderElection.java:askForVotes(181)) - 1d967e2d-b700-42c4-a2b3-153b0a458c5c:group-023D0F14E27C:LeaderElection12: begin an election at term 3 for 0: [4968f71e-b86a-4dba-9a34-2f43601aaff0:192.168.5.168:45613, 1d967e2d-b700-42c4-a2b3-153b0a458c5c:192.168.5.168:46665, 679e13b5-cbeb-48af-8f93-74b3a1ecf3c4:192.168.5.168:36078], old=null
2019-07-13 20:27:25,929 INFO  impl.LeaderElection (LogUtils.java:infoOrTrace(149)) - 1d967e2d-b700-42c4-a2b3-153b0a458c5c:group-023D0F14E27C:LeaderElection12 got exception when requesting votes: {}
java.util.concurrent.ExecutionException: org.apache.ratis.thirdparty.io.grpc.StatusRuntimeException: UNAVAILABLE: io exception
	at java.util.concurrent.FutureTask.report(FutureTask.java:122)
	at java.util.concurrent.FutureTask.get(FutureTask.java:192)
	at org.apache.ratis.server.impl.LeaderElection.waitForResults(LeaderElection.java:262)
	at org.apache.ratis.server.impl.LeaderElection.askForVotes(LeaderElection.java:200)
	at org.apache.ratis.server.impl.LeaderElection.run(LeaderElection.java:130)
	at java.lang.Thread.run(Thread.java:748)
Caused by: org.apache.ratis.thirdparty.io.grpc.StatusRuntimeException: UNAVAILABLE: io exception
	at org.apache.ratis.thirdparty.io.grpc.stub.ClientCalls.toStatusRuntimeException(ClientCalls.java:233)
	at org.apache.ratis.thirdparty.io.grpc.stub.ClientCalls.getUnchecked(ClientCalls.java:214)
	at org.apache.ratis.thirdparty.io.grpc.stub.ClientCalls.blockingUnaryCall(ClientCalls.java:139)
	at org.apache.ratis.proto.grpc.RaftServerProtocolServiceGrpc$RaftServerProtocolServiceBlockingStub.requestVote(RaftServerProtocolServiceGrpc.java:265)
	at org.apache.ratis.grpc.server.GrpcServerProtocolClient.requestVote(GrpcServerProtocolClient.java:83)
	at org.apache.ratis.grpc.server.GrpcService.requestVote(GrpcService.java:195)
	at org.apache.ratis.server.impl.LeaderElection.lambda$submitRequests$1(LeaderElection.java:237)
	at java.util.concurrent.FutureTask.run(FutureTask.java:266)
	at java.util.concurrent.Executors$RunnableAdapter.call(Executors.java:511)
	at java.util.concurrent.FutureTask.run(FutureTask.java:266)
	at java.util.concurrent.ThreadPoolExecutor.runWorker(ThreadPoolExecutor.java:1149)
	at java.util.concurrent.ThreadPoolExecutor$Worker.run(ThreadPoolExecutor.java:624)
	... 1 more
Caused by: org.apache.ratis.thirdparty.io.netty.channel.AbstractChannel$AnnotatedConnectException: Connection refused: /192.168.5.168:45613
	at sun.nio.ch.SocketChannelImpl.checkConnect(Native Method)
	at sun.nio.ch.SocketChannelImpl.finishConnect(SocketChannelImpl.java:717)
	at org.apache.ratis.thirdparty.io.netty.channel.socket.nio.NioSocketChannel.doFinishConnect(NioSocketChannel.java:327)
	at org.apache.ratis.thirdparty.io.netty.channel.nio.AbstractNioChannel$AbstractNioUnsafe.finishConnect(AbstractNioChannel.java:340)
	at org.apache.ratis.thirdparty.io.netty.channel.nio.NioEventLoop.processSelectedKey(NioEventLoop.java:632)
	at org.apache.ratis.thirdparty.io.netty.channel.nio.NioEventLoop.processSelectedKeysOptimized(NioEventLoop.java:579)
	at org.apache.ratis.thirdparty.io.netty.channel.nio.NioEventLoop.processSelectedKeys(NioEventLoop.java:496)
	at org.apache.ratis.thirdparty.io.netty.channel.nio.NioEventLoop.run(NioEventLoop.java:458)
	at org.apache.ratis.thirdparty.io.netty.util.concurrent.SingleThreadEventExecutor$5.run(SingleThreadEventExecutor.java:897)
	at org.apache.ratis.thirdparty.io.netty.util.concurrent.FastThreadLocalRunnable.run(FastThreadLocalRunnable.java:30)
	... 1 more
Caused by: java.net.ConnectException: Connection refused
	... 11 more
2019-07-13 20:27:25,933 INFO  impl.LeaderElection (LogUtils.java:infoOrTrace(149)) - 1d967e2d-b700-42c4-a2b3-153b0a458c5c:group-023D0F14E27C:LeaderElection12 got exception when requesting votes: {}
java.util.concurrent.ExecutionException: org.apache.ratis.thirdparty.io.grpc.StatusRuntimeException: UNAVAILABLE: io exception
	at java.util.concurrent.FutureTask.report(FutureTask.java:122)
	at java.util.concurrent.FutureTask.get(FutureTask.java:192)
	at org.apache.ratis.server.impl.LeaderElection.waitForResults(LeaderElection.java:262)
	at org.apache.ratis.server.impl.LeaderElection.askForVotes(LeaderElection.java:200)
	at org.apache.ratis.server.impl.LeaderElection.run(LeaderElection.java:130)
	at java.lang.Thread.run(Thread.java:748)
Caused by: org.apache.ratis.thirdparty.io.grpc.StatusRuntimeException: UNAVAILABLE: io exception
	at org.apache.ratis.thirdparty.io.grpc.stub.ClientCalls.toStatusRuntimeException(ClientCalls.java:233)
	at org.apache.ratis.thirdparty.io.grpc.stub.ClientCalls.getUnchecked(ClientCalls.java:214)
	at org.apache.ratis.thirdparty.io.grpc.stub.ClientCalls.blockingUnaryCall(ClientCalls.java:139)
	at org.apache.ratis.proto.grpc.RaftServerProtocolServiceGrpc$RaftServerProtocolServiceBlockingStub.requestVote(RaftServerProtocolServiceGrpc.java:265)
	at org.apache.ratis.grpc.server.GrpcServerProtocolClient.requestVote(GrpcServerProtocolClient.java:83)
	at org.apache.ratis.grpc.server.GrpcService.requestVote(GrpcService.java:195)
	at org.apache.ratis.server.impl.LeaderElection.lambda$submitRequests$1(LeaderElection.java:237)
	at java.util.concurrent.FutureTask.run(FutureTask.java:266)
	at java.util.concurrent.Executors$RunnableAdapter.call(Executors.java:511)
	at java.util.concurrent.FutureTask.run(FutureTask.java:266)
	at java.util.concurrent.ThreadPoolExecutor.runWorker(ThreadPoolExecutor.java:1149)
	at java.util.concurrent.ThreadPoolExecutor$Worker.run(ThreadPoolExecutor.java:624)
	... 1 more
Caused by: org.apache.ratis.thirdparty.io.netty.channel.AbstractChannel$AnnotatedConnectException: Connection refused: /192.168.5.168:36078
	at sun.nio.ch.SocketChannelImpl.checkConnect(Native Method)
	at sun.nio.ch.SocketChannelImpl.finishConnect(SocketChannelImpl.java:717)
	at org.apache.ratis.thirdparty.io.netty.channel.socket.nio.NioSocketChannel.doFinishConnect(NioSocketChannel.java:327)
	at org.apache.ratis.thirdparty.io.netty.channel.nio.AbstractNioChannel$AbstractNioUnsafe.finishConnect(AbstractNioChannel.java:340)
	at org.apache.ratis.thirdparty.io.netty.channel.nio.NioEventLoop.processSelectedKey(NioEventLoop.java:632)
	at org.apache.ratis.thirdparty.io.netty.channel.nio.NioEventLoop.processSelectedKeysOptimized(NioEventLoop.java:579)
	at org.apache.ratis.thirdparty.io.netty.channel.nio.NioEventLoop.processSelectedKeys(NioEventLoop.java:496)
	at org.apache.ratis.thirdparty.io.netty.channel.nio.NioEventLoop.run(NioEventLoop.java:458)
	at org.apache.ratis.thirdparty.io.netty.util.concurrent.SingleThreadEventExecutor$5.run(SingleThreadEventExecutor.java:897)
	at org.apache.ratis.thirdparty.io.netty.util.concurrent.FastThreadLocalRunnable.run(FastThreadLocalRunnable.java:30)
	... 1 more
Caused by: java.net.ConnectException: Connection refused
	... 11 more
2019-07-13 20:27:25,935 INFO  impl.LeaderElection (LeaderElection.java:logAndReturn(56)) - 1d967e2d-b700-42c4-a2b3-153b0a458c5c:group-023D0F14E27C:LeaderElection12: Election REJECTED; received 0 response(s) [] and 2 exception(s); 1d967e2d-b700-42c4-a2b3-153b0a458c5c:t3, leader=null, voted=1d967e2d-b700-42c4-a2b3-153b0a458c5c, raftlog=1d967e2d-b700-42c4-a2b3-153b0a458c5c-SegmentedRaftLog:OPENED:c16,f16,i16, conf=0: [4968f71e-b86a-4dba-9a34-2f43601aaff0:192.168.5.168:45613, 1d967e2d-b700-42c4-a2b3-153b0a458c5c:192.168.5.168:46665, 679e13b5-cbeb-48af-8f93-74b3a1ecf3c4:192.168.5.168:36078], old=null
2019-07-13 20:27:25,935 INFO  impl.LeaderElection (LogUtils.java:infoOrTrace(149)) -   Exception 0: {}
java.util.concurrent.ExecutionException: org.apache.ratis.thirdparty.io.grpc.StatusRuntimeException: UNAVAILABLE: io exception
	at java.util.concurrent.FutureTask.report(FutureTask.java:122)
	at java.util.concurrent.FutureTask.get(FutureTask.java:192)
	at org.apache.ratis.server.impl.LeaderElection.waitForResults(LeaderElection.java:262)
	at org.apache.ratis.server.impl.LeaderElection.askForVotes(LeaderElection.java:200)
	at org.apache.ratis.server.impl.LeaderElection.run(LeaderElection.java:130)
	at java.lang.Thread.run(Thread.java:748)
Caused by: org.apache.ratis.thirdparty.io.grpc.StatusRuntimeException: UNAVAILABLE: io exception
	at org.apache.ratis.thirdparty.io.grpc.stub.ClientCalls.toStatusRuntimeException(ClientCalls.java:233)
	at org.apache.ratis.thirdparty.io.grpc.stub.ClientCalls.getUnchecked(ClientCalls.java:214)
	at org.apache.ratis.thirdparty.io.grpc.stub.ClientCalls.blockingUnaryCall(ClientCalls.java:139)
	at org.apache.ratis.proto.grpc.RaftServerProtocolServiceGrpc$RaftServerProtocolServiceBlockingStub.requestVote(RaftServerProtocolServiceGrpc.java:265)
	at org.apache.ratis.grpc.server.GrpcServerProtocolClient.requestVote(GrpcServerProtocolClient.java:83)
	at org.apache.ratis.grpc.server.GrpcService.requestVote(GrpcService.java:195)
	at org.apache.ratis.server.impl.LeaderElection.lambda$submitRequests$1(LeaderElection.java:237)
	at java.util.concurrent.FutureTask.run(FutureTask.java:266)
	at java.util.concurrent.Executors$RunnableAdapter.call(Executors.java:511)
	at java.util.concurrent.FutureTask.run(FutureTask.java:266)
	at java.util.concurrent.ThreadPoolExecutor.runWorker(ThreadPoolExecutor.java:1149)
	at java.util.concurrent.ThreadPoolExecutor$Worker.run(ThreadPoolExecutor.java:624)
	... 1 more
Caused by: org.apache.ratis.thirdparty.io.netty.channel.AbstractChannel$AnnotatedConnectException: Connection refused: /192.168.5.168:45613
	at sun.nio.ch.SocketChannelImpl.checkConnect(Native Method)
	at sun.nio.ch.SocketChannelImpl.finishConnect(SocketChannelImpl.java:717)
	at org.apache.ratis.thirdparty.io.netty.channel.socket.nio.NioSocketChannel.doFinishConnect(NioSocketChannel.java:327)
	at org.apache.ratis.thirdparty.io.netty.channel.nio.AbstractNioChannel$AbstractNioUnsafe.finishConnect(AbstractNioChannel.java:340)
	at org.apache.ratis.thirdparty.io.netty.channel.nio.NioEventLoop.processSelectedKey(NioEventLoop.java:632)
	at org.apache.ratis.thirdparty.io.netty.channel.nio.NioEventLoop.processSelectedKeysOptimized(NioEventLoop.java:579)
	at org.apache.ratis.thirdparty.io.netty.channel.nio.NioEventLoop.processSelectedKeys(NioEventLoop.java:496)
	at org.apache.ratis.thirdparty.io.netty.channel.nio.NioEventLoop.run(NioEventLoop.java:458)
	at org.apache.ratis.thirdparty.io.netty.util.concurrent.SingleThreadEventExecutor$5.run(SingleThreadEventExecutor.java:897)
	at org.apache.ratis.thirdparty.io.netty.util.concurrent.FastThreadLocalRunnable.run(FastThreadLocalRunnable.java:30)
	... 1 more
Caused by: java.net.ConnectException: Connection refused
	... 11 more
2019-07-13 20:27:25,936 INFO  impl.LeaderElection (LogUtils.java:infoOrTrace(149)) -   Exception 1: {}
java.util.concurrent.ExecutionException: org.apache.ratis.thirdparty.io.grpc.StatusRuntimeException: UNAVAILABLE: io exception
	at java.util.concurrent.FutureTask.report(FutureTask.java:122)
	at java.util.concurrent.FutureTask.get(FutureTask.java:192)
	at org.apache.ratis.server.impl.LeaderElection.waitForResults(LeaderElection.java:262)
	at org.apache.ratis.server.impl.LeaderElection.askForVotes(LeaderElection.java:200)
	at org.apache.ratis.server.impl.LeaderElection.run(LeaderElection.java:130)
	at java.lang.Thread.run(Thread.java:748)
Caused by: org.apache.ratis.thirdparty.io.grpc.StatusRuntimeException: UNAVAILABLE: io exception
	at org.apache.ratis.thirdparty.io.grpc.stub.ClientCalls.toStatusRuntimeException(ClientCalls.java:233)
	at org.apache.ratis.thirdparty.io.grpc.stub.ClientCalls.getUnchecked(ClientCalls.java:214)
	at org.apache.ratis.thirdparty.io.grpc.stub.ClientCalls.blockingUnaryCall(ClientCalls.java:139)
	at org.apache.ratis.proto.grpc.RaftServerProtocolServiceGrpc$RaftServerProtocolServiceBlockingStub.requestVote(RaftServerProtocolServiceGrpc.java:265)
	at org.apache.ratis.grpc.server.GrpcServerProtocolClient.requestVote(GrpcServerProtocolClient.java:83)
	at org.apache.ratis.grpc.server.GrpcService.requestVote(GrpcService.java:195)
	at org.apache.ratis.server.impl.LeaderElection.lambda$submitRequests$1(LeaderElection.java:237)
	at java.util.concurrent.FutureTask.run(FutureTask.java:266)
	at java.util.concurrent.Executors$RunnableAdapter.call(Executors.java:511)
	at java.util.concurrent.FutureTask.run(FutureTask.java:266)
	at java.util.concurrent.ThreadPoolExecutor.runWorker(ThreadPoolExecutor.java:1149)
	at java.util.concurrent.ThreadPoolExecutor$Worker.run(ThreadPoolExecutor.java:624)
	... 1 more
Caused by: org.apache.ratis.thirdparty.io.netty.channel.AbstractChannel$AnnotatedConnectException: Connection refused: /192.168.5.168:36078
	at sun.nio.ch.SocketChannelImpl.checkConnect(Native Method)
	at sun.nio.ch.SocketChannelImpl.finishConnect(SocketChannelImpl.java:717)
	at org.apache.ratis.thirdparty.io.netty.channel.socket.nio.NioSocketChannel.doFinishConnect(NioSocketChannel.java:327)
	at org.apache.ratis.thirdparty.io.netty.channel.nio.AbstractNioChannel$AbstractNioUnsafe.finishConnect(AbstractNioChannel.java:340)
	at org.apache.ratis.thirdparty.io.netty.channel.nio.NioEventLoop.processSelectedKey(NioEventLoop.java:632)
	at org.apache.ratis.thirdparty.io.netty.channel.nio.NioEventLoop.processSelectedKeysOptimized(NioEventLoop.java:579)
	at org.apache.ratis.thirdparty.io.netty.channel.nio.NioEventLoop.processSelectedKeys(NioEventLoop.java:496)
	at org.apache.ratis.thirdparty.io.netty.channel.nio.NioEventLoop.run(NioEventLoop.java:458)
	at org.apache.ratis.thirdparty.io.netty.util.concurrent.SingleThreadEventExecutor$5.run(SingleThreadEventExecutor.java:897)
	at org.apache.ratis.thirdparty.io.netty.util.concurrent.FastThreadLocalRunnable.run(FastThreadLocalRunnable.java:30)
	... 1 more
Caused by: java.net.ConnectException: Connection refused
	... 11 more
2019-07-13 20:27:25,938 INFO  impl.RaftServerImpl (RaftServerImpl.java:setRole(171)) - 1d967e2d-b700-42c4-a2b3-153b0a458c5c:group-023D0F14E27C changes role from CANDIDATE to FOLLOWER at term 3 for DISCOVERED_A_NEW_TERM
2019-07-13 20:27:25,939 INFO  impl.RoleInfo (RoleInfo.java:shutdownLeaderElection(134)) - 1d967e2d-b700-42c4-a2b3-153b0a458c5c: shutdown LeaderElection
2019-07-13 20:27:25,940 INFO  impl.RoleInfo (RoleInfo.java:updateAndGet(143)) - 1d967e2d-b700-42c4-a2b3-153b0a458c5c: start FollowerState
2019-07-13 20:27:26,508 INFO  client.GrpcClientProtocolClient (GrpcClientProtocolClient.java:onNext(255)) - client-08EAE4BC020C->1d967e2d-b700-42c4-a2b3-153b0a458c5c: receive RaftClientReply:client-08EAE4BC020C->1d967e2d-b700-42c4-a2b3-153b0a458c5c@group-023D0F14E27C, cid=22, FAILED org.apache.ratis.protocol.NotLeaderException: Server 1d967e2d-b700-42c4-a2b3-153b0a458c5c is not the leader (null). Request must be sent to leader., logIndex=0, commits[1d967e2d-b700-42c4-a2b3-153b0a458c5c:c16, 4968f71e-b86a-4dba-9a34-2f43601aaff0:c16, 679e13b5-cbeb-48af-8f93-74b3a1ecf3c4:c16]
2019-07-13 20:27:31,112 INFO  impl.FollowerState (FollowerState.java:run(106)) - 1d967e2d-b700-42c4-a2b3-153b0a458c5c:group-023D0F14E27C changes to CANDIDATE, lastRpcTime:5172, electionTimeout:5170ms
2019-07-13 20:27:31,112 INFO  impl.RoleInfo (RoleInfo.java:shutdownFollowerState(121)) - 1d967e2d-b700-42c4-a2b3-153b0a458c5c: shutdown FollowerState
2019-07-13 20:27:31,112 INFO  impl.RaftServerImpl (RaftServerImpl.java:setRole(171)) - 1d967e2d-b700-42c4-a2b3-153b0a458c5c:group-023D0F14E27C changes role from FOLLOWER to CANDIDATE at term 3 for changeToCandidate
2019-07-13 20:27:31,113 INFO  impl.RoleInfo (RoleInfo.java:updateAndGet(143)) - 1d967e2d-b700-42c4-a2b3-153b0a458c5c: start LeaderElection
2019-07-13 20:27:31,131 INFO  impl.LeaderElection (LeaderElection.java:askForVotes(181)) - 1d967e2d-b700-42c4-a2b3-153b0a458c5c:group-023D0F14E27C:LeaderElection13: begin an election at term 4 for 0: [4968f71e-b86a-4dba-9a34-2f43601aaff0:192.168.5.168:45613, 1d967e2d-b700-42c4-a2b3-153b0a458c5c:192.168.5.168:46665, 679e13b5-cbeb-48af-8f93-74b3a1ecf3c4:192.168.5.168:36078], old=null
2019-07-13 20:27:31,134 INFO  impl.LeaderElection (LogUtils.java:infoOrTrace(149)) - 1d967e2d-b700-42c4-a2b3-153b0a458c5c:group-023D0F14E27C:LeaderElection13 got exception when requesting votes: {}
java.util.concurrent.ExecutionException: org.apache.ratis.thirdparty.io.grpc.StatusRuntimeException: UNAVAILABLE: io exception
	at java.util.concurrent.FutureTask.report(FutureTask.java:122)
	at java.util.concurrent.FutureTask.get(FutureTask.java:192)
	at org.apache.ratis.server.impl.LeaderElection.waitForResults(LeaderElection.java:262)
	at org.apache.ratis.server.impl.LeaderElection.askForVotes(LeaderElection.java:200)
	at org.apache.ratis.server.impl.LeaderElection.run(LeaderElection.java:130)
	at java.lang.Thread.run(Thread.java:748)
Caused by: org.apache.ratis.thirdparty.io.grpc.StatusRuntimeException: UNAVAILABLE: io exception
	at org.apache.ratis.thirdparty.io.grpc.stub.ClientCalls.toStatusRuntimeException(ClientCalls.java:233)
	at org.apache.ratis.thirdparty.io.grpc.stub.ClientCalls.getUnchecked(ClientCalls.java:214)
	at org.apache.ratis.thirdparty.io.grpc.stub.ClientCalls.blockingUnaryCall(ClientCalls.java:139)
	at org.apache.ratis.proto.grpc.RaftServerProtocolServiceGrpc$RaftServerProtocolServiceBlockingStub.requestVote(RaftServerProtocolServiceGrpc.java:265)
	at org.apache.ratis.grpc.server.GrpcServerProtocolClient.requestVote(GrpcServerProtocolClient.java:83)
	at org.apache.ratis.grpc.server.GrpcService.requestVote(GrpcService.java:195)
	at org.apache.ratis.server.impl.LeaderElection.lambda$submitRequests$1(LeaderElection.java:237)
	at java.util.concurrent.FutureTask.run(FutureTask.java:266)
	at java.util.concurrent.Executors$RunnableAdapter.call(Executors.java:511)
	at java.util.concurrent.FutureTask.run(FutureTask.java:266)
	at java.util.concurrent.ThreadPoolExecutor.runWorker(ThreadPoolExecutor.java:1149)
	at java.util.concurrent.ThreadPoolExecutor$Worker.run(ThreadPoolExecutor.java:624)
	... 1 more
Caused by: org.apache.ratis.thirdparty.io.netty.channel.AbstractChannel$AnnotatedConnectException: Connection refused: /192.168.5.168:45613
	at sun.nio.ch.SocketChannelImpl.checkConnect(Native Method)
	at sun.nio.ch.SocketChannelImpl.finishConnect(SocketChannelImpl.java:717)
	at org.apache.ratis.thirdparty.io.netty.channel.socket.nio.NioSocketChannel.doFinishConnect(NioSocketChannel.java:327)
	at org.apache.ratis.thirdparty.io.netty.channel.nio.AbstractNioChannel$AbstractNioUnsafe.finishConnect(AbstractNioChannel.java:340)
	at org.apache.ratis.thirdparty.io.netty.channel.nio.NioEventLoop.processSelectedKey(NioEventLoop.java:632)
	at org.apache.ratis.thirdparty.io.netty.channel.nio.NioEventLoop.processSelectedKeysOptimized(NioEventLoop.java:579)
	at org.apache.ratis.thirdparty.io.netty.channel.nio.NioEventLoop.processSelectedKeys(NioEventLoop.java:496)
	at org.apache.ratis.thirdparty.io.netty.channel.nio.NioEventLoop.run(NioEventLoop.java:458)
	at org.apache.ratis.thirdparty.io.netty.util.concurrent.SingleThreadEventExecutor$5.run(SingleThreadEventExecutor.java:897)
	at org.apache.ratis.thirdparty.io.netty.util.concurrent.FastThreadLocalRunnable.run(FastThreadLocalRunnable.java:30)
	... 1 more
Caused by: java.net.ConnectException: Connection refused
	... 11 more
2019-07-13 20:27:31,137 INFO  impl.LeaderElection (LogUtils.java:infoOrTrace(149)) - 1d967e2d-b700-42c4-a2b3-153b0a458c5c:group-023D0F14E27C:LeaderElection13 got exception when requesting votes: {}
java.util.concurrent.ExecutionException: org.apache.ratis.thirdparty.io.grpc.StatusRuntimeException: UNAVAILABLE: io exception
	at java.util.concurrent.FutureTask.report(FutureTask.java:122)
	at java.util.concurrent.FutureTask.get(FutureTask.java:192)
	at org.apache.ratis.server.impl.LeaderElection.waitForResults(LeaderElection.java:262)
	at org.apache.ratis.server.impl.LeaderElection.askForVotes(LeaderElection.java:200)
	at org.apache.ratis.server.impl.LeaderElection.run(LeaderElection.java:130)
	at java.lang.Thread.run(Thread.java:748)
Caused by: org.apache.ratis.thirdparty.io.grpc.StatusRuntimeException: UNAVAILABLE: io exception
	at org.apache.ratis.thirdparty.io.grpc.stub.ClientCalls.toStatusRuntimeException(ClientCalls.java:233)
	at org.apache.ratis.thirdparty.io.grpc.stub.ClientCalls.getUnchecked(ClientCalls.java:214)
	at org.apache.ratis.thirdparty.io.grpc.stub.ClientCalls.blockingUnaryCall(ClientCalls.java:139)
	at org.apache.ratis.proto.grpc.RaftServerProtocolServiceGrpc$RaftServerProtocolServiceBlockingStub.requestVote(RaftServerProtocolServiceGrpc.java:265)
	at org.apache.ratis.grpc.server.GrpcServerProtocolClient.requestVote(GrpcServerProtocolClient.java:83)
	at org.apache.ratis.grpc.server.GrpcService.requestVote(GrpcService.java:195)
	at org.apache.ratis.server.impl.LeaderElection.lambda$submitRequests$1(LeaderElection.java:237)
	at java.util.concurrent.FutureTask.run(FutureTask.java:266)
	at java.util.concurrent.Executors$RunnableAdapter.call(Executors.java:511)
	at java.util.concurrent.FutureTask.run(FutureTask.java:266)
	at java.util.concurrent.ThreadPoolExecutor.runWorker(ThreadPoolExecutor.java:1149)
	at java.util.concurrent.ThreadPoolExecutor$Worker.run(ThreadPoolExecutor.java:624)
	... 1 more
Caused by: org.apache.ratis.thirdparty.io.netty.channel.AbstractChannel$AnnotatedConnectException: Connection refused: /192.168.5.168:36078
	at sun.nio.ch.SocketChannelImpl.checkConnect(Native Method)
	at sun.nio.ch.SocketChannelImpl.finishConnect(SocketChannelImpl.java:717)
	at org.apache.ratis.thirdparty.io.netty.channel.socket.nio.NioSocketChannel.doFinishConnect(NioSocketChannel.java:327)
	at org.apache.ratis.thirdparty.io.netty.channel.nio.AbstractNioChannel$AbstractNioUnsafe.finishConnect(AbstractNioChannel.java:340)
	at org.apache.ratis.thirdparty.io.netty.channel.nio.NioEventLoop.processSelectedKey(NioEventLoop.java:632)
	at org.apache.ratis.thirdparty.io.netty.channel.nio.NioEventLoop.processSelectedKeysOptimized(NioEventLoop.java:579)
	at org.apache.ratis.thirdparty.io.netty.channel.nio.NioEventLoop.processSelectedKeys(NioEventLoop.java:496)
	at org.apache.ratis.thirdparty.io.netty.channel.nio.NioEventLoop.run(NioEventLoop.java:458)
	at org.apache.ratis.thirdparty.io.netty.util.concurrent.SingleThreadEventExecutor$5.run(SingleThreadEventExecutor.java:897)
	at org.apache.ratis.thirdparty.io.netty.util.concurrent.FastThreadLocalRunnable.run(FastThreadLocalRunnable.java:30)
	... 1 more
Caused by: java.net.ConnectException: Connection refused
	... 11 more
2019-07-13 20:27:31,139 INFO  impl.LeaderElection (LeaderElection.java:logAndReturn(56)) - 1d967e2d-b700-42c4-a2b3-153b0a458c5c:group-023D0F14E27C:LeaderElection13: Election REJECTED; received 0 response(s) [] and 2 exception(s); 1d967e2d-b700-42c4-a2b3-153b0a458c5c:t4, leader=null, voted=1d967e2d-b700-42c4-a2b3-153b0a458c5c, raftlog=1d967e2d-b700-42c4-a2b3-153b0a458c5c-SegmentedRaftLog:OPENED:c16,f16,i16, conf=0: [4968f71e-b86a-4dba-9a34-2f43601aaff0:192.168.5.168:45613, 1d967e2d-b700-42c4-a2b3-153b0a458c5c:192.168.5.168:46665, 679e13b5-cbeb-48af-8f93-74b3a1ecf3c4:192.168.5.168:36078], old=null
2019-07-13 20:27:31,139 INFO  impl.LeaderElection (LogUtils.java:infoOrTrace(149)) -   Exception 0: {}
java.util.concurrent.ExecutionException: org.apache.ratis.thirdparty.io.grpc.StatusRuntimeException: UNAVAILABLE: io exception
	at java.util.concurrent.FutureTask.report(FutureTask.java:122)
	at java.util.concurrent.FutureTask.get(FutureTask.java:192)
	at org.apache.ratis.server.impl.LeaderElection.waitForResults(LeaderElection.java:262)
	at org.apache.ratis.server.impl.LeaderElection.askForVotes(LeaderElection.java:200)
	at org.apache.ratis.server.impl.LeaderElection.run(LeaderElection.java:130)
	at java.lang.Thread.run(Thread.java:748)
Caused by: org.apache.ratis.thirdparty.io.grpc.StatusRuntimeException: UNAVAILABLE: io exception
	at org.apache.ratis.thirdparty.io.grpc.stub.ClientCalls.toStatusRuntimeException(ClientCalls.java:233)
	at org.apache.ratis.thirdparty.io.grpc.stub.ClientCalls.getUnchecked(ClientCalls.java:214)
	at org.apache.ratis.thirdparty.io.grpc.stub.ClientCalls.blockingUnaryCall(ClientCalls.java:139)
	at org.apache.ratis.proto.grpc.RaftServerProtocolServiceGrpc$RaftServerProtocolServiceBlockingStub.requestVote(RaftServerProtocolServiceGrpc.java:265)
	at org.apache.ratis.grpc.server.GrpcServerProtocolClient.requestVote(GrpcServerProtocolClient.java:83)
	at org.apache.ratis.grpc.server.GrpcService.requestVote(GrpcService.java:195)
	at org.apache.ratis.server.impl.LeaderElection.lambda$submitRequests$1(LeaderElection.java:237)
	at java.util.concurrent.FutureTask.run(FutureTask.java:266)
	at java.util.concurrent.Executors$RunnableAdapter.call(Executors.java:511)
	at java.util.concurrent.FutureTask.run(FutureTask.java:266)
	at java.util.concurrent.ThreadPoolExecutor.runWorker(ThreadPoolExecutor.java:1149)
	at java.util.concurrent.ThreadPoolExecutor$Worker.run(ThreadPoolExecutor.java:624)
	... 1 more
Caused by: org.apache.ratis.thirdparty.io.netty.channel.AbstractChannel$AnnotatedConnectException: Connection refused: /192.168.5.168:45613
	at sun.nio.ch.SocketChannelImpl.checkConnect(Native Method)
	at sun.nio.ch.SocketChannelImpl.finishConnect(SocketChannelImpl.java:717)
	at org.apache.ratis.thirdparty.io.netty.channel.socket.nio.NioSocketChannel.doFinishConnect(NioSocketChannel.java:327)
	at org.apache.ratis.thirdparty.io.netty.channel.nio.AbstractNioChannel$AbstractNioUnsafe.finishConnect(AbstractNioChannel.java:340)
	at org.apache.ratis.thirdparty.io.netty.channel.nio.NioEventLoop.processSelectedKey(NioEventLoop.java:632)
	at org.apache.ratis.thirdparty.io.netty.channel.nio.NioEventLoop.processSelectedKeysOptimized(NioEventLoop.java:579)
	at org.apache.ratis.thirdparty.io.netty.channel.nio.NioEventLoop.processSelectedKeys(NioEventLoop.java:496)
	at org.apache.ratis.thirdparty.io.netty.channel.nio.NioEventLoop.run(NioEventLoop.java:458)
	at org.apache.ratis.thirdparty.io.netty.util.concurrent.SingleThreadEventExecutor$5.run(SingleThreadEventExecutor.java:897)
	at org.apache.ratis.thirdparty.io.netty.util.concurrent.FastThreadLocalRunnable.run(FastThreadLocalRunnable.java:30)
	... 1 more
Caused by: java.net.ConnectException: Connection refused
	... 11 more
2019-07-13 20:27:31,140 INFO  impl.LeaderElection (LogUtils.java:infoOrTrace(149)) -   Exception 1: {}
java.util.concurrent.ExecutionException: org.apache.ratis.thirdparty.io.grpc.StatusRuntimeException: UNAVAILABLE: io exception
	at java.util.concurrent.FutureTask.report(FutureTask.java:122)
	at java.util.concurrent.FutureTask.get(FutureTask.java:192)
	at org.apache.ratis.server.impl.LeaderElection.waitForResults(LeaderElection.java:262)
	at org.apache.ratis.server.impl.LeaderElection.askForVotes(LeaderElection.java:200)
	at org.apache.ratis.server.impl.LeaderElection.run(LeaderElection.java:130)
	at java.lang.Thread.run(Thread.java:748)
Caused by: org.apache.ratis.thirdparty.io.grpc.StatusRuntimeException: UNAVAILABLE: io exception
	at org.apache.ratis.thirdparty.io.grpc.stub.ClientCalls.toStatusRuntimeException(ClientCalls.java:233)
	at org.apache.ratis.thirdparty.io.grpc.stub.ClientCalls.getUnchecked(ClientCalls.java:214)
	at org.apache.ratis.thirdparty.io.grpc.stub.ClientCalls.blockingUnaryCall(ClientCalls.java:139)
	at org.apache.ratis.proto.grpc.RaftServerProtocolServiceGrpc$RaftServerProtocolServiceBlockingStub.requestVote(RaftServerProtocolServiceGrpc.java:265)
	at org.apache.ratis.grpc.server.GrpcServerProtocolClient.requestVote(GrpcServerProtocolClient.java:83)
	at org.apache.ratis.grpc.server.GrpcService.requestVote(GrpcService.java:195)
	at org.apache.ratis.server.impl.LeaderElection.lambda$submitRequests$1(LeaderElection.java:237)
	at java.util.concurrent.FutureTask.run(FutureTask.java:266)
	at java.util.concurrent.Executors$RunnableAdapter.call(Executors.java:511)
	at java.util.concurrent.FutureTask.run(FutureTask.java:266)
	at java.util.concurrent.ThreadPoolExecutor.runWorker(ThreadPoolExecutor.java:1149)
	at java.util.concurrent.ThreadPoolExecutor$Worker.run(ThreadPoolExecutor.java:624)
	... 1 more
Caused by: org.apache.ratis.thirdparty.io.netty.channel.AbstractChannel$AnnotatedConnectException: Connection refused: /192.168.5.168:36078
	at sun.nio.ch.SocketChannelImpl.checkConnect(Native Method)
	at sun.nio.ch.SocketChannelImpl.finishConnect(SocketChannelImpl.java:717)
	at org.apache.ratis.thirdparty.io.netty.channel.socket.nio.NioSocketChannel.doFinishConnect(NioSocketChannel.java:327)
	at org.apache.ratis.thirdparty.io.netty.channel.nio.AbstractNioChannel$AbstractNioUnsafe.finishConnect(AbstractNioChannel.java:340)
	at org.apache.ratis.thirdparty.io.netty.channel.nio.NioEventLoop.processSelectedKey(NioEventLoop.java:632)
	at org.apache.ratis.thirdparty.io.netty.channel.nio.NioEventLoop.processSelectedKeysOptimized(NioEventLoop.java:579)
	at org.apache.ratis.thirdparty.io.netty.channel.nio.NioEventLoop.processSelectedKeys(NioEventLoop.java:496)
	at org.apache.ratis.thirdparty.io.netty.channel.nio.NioEventLoop.run(NioEventLoop.java:458)
	at org.apache.ratis.thirdparty.io.netty.util.concurrent.SingleThreadEventExecutor$5.run(SingleThreadEventExecutor.java:897)
	at org.apache.ratis.thirdparty.io.netty.util.concurrent.FastThreadLocalRunnable.run(FastThreadLocalRunnable.java:30)
	... 1 more
Caused by: java.net.ConnectException: Connection refused
	... 11 more
2019-07-13 20:27:31,140 INFO  impl.RaftServerImpl (RaftServerImpl.java:setRole(171)) - 1d967e2d-b700-42c4-a2b3-153b0a458c5c:group-023D0F14E27C changes role from CANDIDATE to FOLLOWER at term 4 for DISCOVERED_A_NEW_TERM
2019-07-13 20:27:31,142 INFO  impl.RoleInfo (RoleInfo.java:shutdownLeaderElection(134)) - 1d967e2d-b700-42c4-a2b3-153b0a458c5c: shutdown LeaderElection
2019-07-13 20:27:31,142 INFO  impl.RoleInfo (RoleInfo.java:updateAndGet(143)) - 1d967e2d-b700-42c4-a2b3-153b0a458c5c: start FollowerState
2019-07-13 20:27:33,617 INFO  client.GrpcClientProtocolClient (GrpcClientProtocolClient.java:onNext(255)) - client-08EAE4BC020C->1d967e2d-b700-42c4-a2b3-153b0a458c5c: receive RaftClientReply:client-08EAE4BC020C->1d967e2d-b700-42c4-a2b3-153b0a458c5c@group-023D0F14E27C, cid=22, FAILED org.apache.ratis.protocol.NotLeaderException: Server 1d967e2d-b700-42c4-a2b3-153b0a458c5c is not the leader (null). Request must be sent to leader., logIndex=0, commits[1d967e2d-b700-42c4-a2b3-153b0a458c5c:c16, 4968f71e-b86a-4dba-9a34-2f43601aaff0:c16, 679e13b5-cbeb-48af-8f93-74b3a1ecf3c4:c16]
2019-07-13 20:27:35,647 INFO  client.GrpcClientProtocolClient (GrpcClientProtocolClient.java:onNext(255)) - client-08EAE4BC020C->1d967e2d-b700-42c4-a2b3-153b0a458c5c: receive RaftClientReply:client-08EAE4BC020C->1d967e2d-b700-42c4-a2b3-153b0a458c5c@group-023D0F14E27C, cid=22, FAILED org.apache.ratis.protocol.NotLeaderException: Server 1d967e2d-b700-42c4-a2b3-153b0a458c5c is not the leader (null). Request must be sent to leader., logIndex=0, commits[1d967e2d-b700-42c4-a2b3-153b0a458c5c:c16, 4968f71e-b86a-4dba-9a34-2f43601aaff0:c16, 679e13b5-cbeb-48af-8f93-74b3a1ecf3c4:c16]
2019-07-13 20:27:36,195 INFO  impl.FollowerState (FollowerState.java:run(106)) - 1d967e2d-b700-42c4-a2b3-153b0a458c5c:group-023D0F14E27C changes to CANDIDATE, lastRpcTime:5053, electionTimeout:5051ms
2019-07-13 20:27:36,199 INFO  impl.RoleInfo (RoleInfo.java:shutdownFollowerState(121)) - 1d967e2d-b700-42c4-a2b3-153b0a458c5c: shutdown FollowerState
2019-07-13 20:27:36,199 INFO  impl.RaftServerImpl (RaftServerImpl.java:setRole(171)) - 1d967e2d-b700-42c4-a2b3-153b0a458c5c:group-023D0F14E27C changes role from FOLLOWER to CANDIDATE at term 4 for changeToCandidate
2019-07-13 20:27:36,199 INFO  impl.RoleInfo (RoleInfo.java:updateAndGet(143)) - 1d967e2d-b700-42c4-a2b3-153b0a458c5c: start LeaderElection
2019-07-13 20:27:36,216 INFO  impl.LeaderElection (LeaderElection.java:askForVotes(181)) - 1d967e2d-b700-42c4-a2b3-153b0a458c5c:group-023D0F14E27C:LeaderElection14: begin an election at term 5 for 0: [4968f71e-b86a-4dba-9a34-2f43601aaff0:192.168.5.168:45613, 1d967e2d-b700-42c4-a2b3-153b0a458c5c:192.168.5.168:46665, 679e13b5-cbeb-48af-8f93-74b3a1ecf3c4:192.168.5.168:36078], old=null
2019-07-13 20:27:36,219 INFO  impl.LeaderElection (LogUtils.java:infoOrTrace(149)) - 1d967e2d-b700-42c4-a2b3-153b0a458c5c:group-023D0F14E27C:LeaderElection14 got exception when requesting votes: {}
java.util.concurrent.ExecutionException: org.apache.ratis.thirdparty.io.grpc.StatusRuntimeException: UNAVAILABLE: io exception
	at java.util.concurrent.FutureTask.report(FutureTask.java:122)
	at java.util.concurrent.FutureTask.get(FutureTask.java:192)
	at org.apache.ratis.server.impl.LeaderElection.waitForResults(LeaderElection.java:262)
	at org.apache.ratis.server.impl.LeaderElection.askForVotes(LeaderElection.java:200)
	at org.apache.ratis.server.impl.LeaderElection.run(LeaderElection.java:130)
	at java.lang.Thread.run(Thread.java:748)
Caused by: org.apache.ratis.thirdparty.io.grpc.StatusRuntimeException: UNAVAILABLE: io exception
	at org.apache.ratis.thirdparty.io.grpc.stub.ClientCalls.toStatusRuntimeException(ClientCalls.java:233)
	at org.apache.ratis.thirdparty.io.grpc.stub.ClientCalls.getUnchecked(ClientCalls.java:214)
	at org.apache.ratis.thirdparty.io.grpc.stub.ClientCalls.blockingUnaryCall(ClientCalls.java:139)
	at org.apache.ratis.proto.grpc.RaftServerProtocolServiceGrpc$RaftServerProtocolServiceBlockingStub.requestVote(RaftServerProtocolServiceGrpc.java:265)
	at org.apache.ratis.grpc.server.GrpcServerProtocolClient.requestVote(GrpcServerProtocolClient.java:83)
	at org.apache.ratis.grpc.server.GrpcService.requestVote(GrpcService.java:195)
	at org.apache.ratis.server.impl.LeaderElection.lambda$submitRequests$1(LeaderElection.java:237)
	at java.util.concurrent.FutureTask.run(FutureTask.java:266)
	at java.util.concurrent.Executors$RunnableAdapter.call(Executors.java:511)
	at java.util.concurrent.FutureTask.run(FutureTask.java:266)
	at java.util.concurrent.ThreadPoolExecutor.runWorker(ThreadPoolExecutor.java:1149)
	at java.util.concurrent.ThreadPoolExecutor$Worker.run(ThreadPoolExecutor.java:624)
	... 1 more
Caused by: org.apache.ratis.thirdparty.io.netty.channel.AbstractChannel$AnnotatedConnectException: Connection refused: /192.168.5.168:45613
	at sun.nio.ch.SocketChannelImpl.checkConnect(Native Method)
	at sun.nio.ch.SocketChannelImpl.finishConnect(SocketChannelImpl.java:717)
	at org.apache.ratis.thirdparty.io.netty.channel.socket.nio.NioSocketChannel.doFinishConnect(NioSocketChannel.java:327)
	at org.apache.ratis.thirdparty.io.netty.channel.nio.AbstractNioChannel$AbstractNioUnsafe.finishConnect(AbstractNioChannel.java:340)
	at org.apache.ratis.thirdparty.io.netty.channel.nio.NioEventLoop.processSelectedKey(NioEventLoop.java:632)
	at org.apache.ratis.thirdparty.io.netty.channel.nio.NioEventLoop.processSelectedKeysOptimized(NioEventLoop.java:579)
	at org.apache.ratis.thirdparty.io.netty.channel.nio.NioEventLoop.processSelectedKeys(NioEventLoop.java:496)
	at org.apache.ratis.thirdparty.io.netty.channel.nio.NioEventLoop.run(NioEventLoop.java:458)
	at org.apache.ratis.thirdparty.io.netty.util.concurrent.SingleThreadEventExecutor$5.run(SingleThreadEventExecutor.java:897)
	at org.apache.ratis.thirdparty.io.netty.util.concurrent.FastThreadLocalRunnable.run(FastThreadLocalRunnable.java:30)
	... 1 more
Caused by: java.net.ConnectException: Connection refused
	... 11 more
2019-07-13 20:27:36,222 INFO  impl.LeaderElection (LogUtils.java:infoOrTrace(149)) - 1d967e2d-b700-42c4-a2b3-153b0a458c5c:group-023D0F14E27C:LeaderElection14 got exception when requesting votes: {}
java.util.concurrent.ExecutionException: org.apache.ratis.thirdparty.io.grpc.StatusRuntimeException: UNAVAILABLE: io exception
	at java.util.concurrent.FutureTask.report(FutureTask.java:122)
	at java.util.concurrent.FutureTask.get(FutureTask.java:192)
	at org.apache.ratis.server.impl.LeaderElection.waitForResults(LeaderElection.java:262)
	at org.apache.ratis.server.impl.LeaderElection.askForVotes(LeaderElection.java:200)
	at org.apache.ratis.server.impl.LeaderElection.run(LeaderElection.java:130)
	at java.lang.Thread.run(Thread.java:748)
Caused by: org.apache.ratis.thirdparty.io.grpc.StatusRuntimeException: UNAVAILABLE: io exception
	at org.apache.ratis.thirdparty.io.grpc.stub.ClientCalls.toStatusRuntimeException(ClientCalls.java:233)
	at org.apache.ratis.thirdparty.io.grpc.stub.ClientCalls.getUnchecked(ClientCalls.java:214)
	at org.apache.ratis.thirdparty.io.grpc.stub.ClientCalls.blockingUnaryCall(ClientCalls.java:139)
	at org.apache.ratis.proto.grpc.RaftServerProtocolServiceGrpc$RaftServerProtocolServiceBlockingStub.requestVote(RaftServerProtocolServiceGrpc.java:265)
	at org.apache.ratis.grpc.server.GrpcServerProtocolClient.requestVote(GrpcServerProtocolClient.java:83)
	at org.apache.ratis.grpc.server.GrpcService.requestVote(GrpcService.java:195)
	at org.apache.ratis.server.impl.LeaderElection.lambda$submitRequests$1(LeaderElection.java:237)
	at java.util.concurrent.FutureTask.run(FutureTask.java:266)
	at java.util.concurrent.Executors$RunnableAdapter.call(Executors.java:511)
	at java.util.concurrent.FutureTask.run(FutureTask.java:266)
	at java.util.concurrent.ThreadPoolExecutor.runWorker(ThreadPoolExecutor.java:1149)
	at java.util.concurrent.ThreadPoolExecutor$Worker.run(ThreadPoolExecutor.java:624)
	... 1 more
Caused by: org.apache.ratis.thirdparty.io.netty.channel.AbstractChannel$AnnotatedConnectException: Connection refused: /192.168.5.168:36078
	at sun.nio.ch.SocketChannelImpl.checkConnect(Native Method)
	at sun.nio.ch.SocketChannelImpl.finishConnect(SocketChannelImpl.java:717)
	at org.apache.ratis.thirdparty.io.netty.channel.socket.nio.NioSocketChannel.doFinishConnect(NioSocketChannel.java:327)
	at org.apache.ratis.thirdparty.io.netty.channel.nio.AbstractNioChannel$AbstractNioUnsafe.finishConnect(AbstractNioChannel.java:340)
	at org.apache.ratis.thirdparty.io.netty.channel.nio.NioEventLoop.processSelectedKey(NioEventLoop.java:632)
	at org.apache.ratis.thirdparty.io.netty.channel.nio.NioEventLoop.processSelectedKeysOptimized(NioEventLoop.java:579)
	at org.apache.ratis.thirdparty.io.netty.channel.nio.NioEventLoop.processSelectedKeys(NioEventLoop.java:496)
	at org.apache.ratis.thirdparty.io.netty.channel.nio.NioEventLoop.run(NioEventLoop.java:458)
	at org.apache.ratis.thirdparty.io.netty.util.concurrent.SingleThreadEventExecutor$5.run(SingleThreadEventExecutor.java:897)
	at org.apache.ratis.thirdparty.io.netty.util.concurrent.FastThreadLocalRunnable.run(FastThreadLocalRunnable.java:30)
	... 1 more
Caused by: java.net.ConnectException: Connection refused
	... 11 more
2019-07-13 20:27:36,224 INFO  impl.LeaderElection (LeaderElection.java:logAndReturn(56)) - 1d967e2d-b700-42c4-a2b3-153b0a458c5c:group-023D0F14E27C:LeaderElection14: Election REJECTED; received 0 response(s) [] and 2 exception(s); 1d967e2d-b700-42c4-a2b3-153b0a458c5c:t5, leader=null, voted=1d967e2d-b700-42c4-a2b3-153b0a458c5c, raftlog=1d967e2d-b700-42c4-a2b3-153b0a458c5c-SegmentedRaftLog:OPENED:c16,f16,i16, conf=0: [4968f71e-b86a-4dba-9a34-2f43601aaff0:192.168.5.168:45613, 1d967e2d-b700-42c4-a2b3-153b0a458c5c:192.168.5.168:46665, 679e13b5-cbeb-48af-8f93-74b3a1ecf3c4:192.168.5.168:36078], old=null
2019-07-13 20:27:36,224 INFO  impl.LeaderElection (LogUtils.java:infoOrTrace(149)) -   Exception 0: {}
java.util.concurrent.ExecutionException: org.apache.ratis.thirdparty.io.grpc.StatusRuntimeException: UNAVAILABLE: io exception
	at java.util.concurrent.FutureTask.report(FutureTask.java:122)
	at java.util.concurrent.FutureTask.get(FutureTask.java:192)
	at org.apache.ratis.server.impl.LeaderElection.waitForResults(LeaderElection.java:262)
	at org.apache.ratis.server.impl.LeaderElection.askForVotes(LeaderElection.java:200)
	at org.apache.ratis.server.impl.LeaderElection.run(LeaderElection.java:130)
	at java.lang.Thread.run(Thread.java:748)
Caused by: org.apache.ratis.thirdparty.io.grpc.StatusRuntimeException: UNAVAILABLE: io exception
	at org.apache.ratis.thirdparty.io.grpc.stub.ClientCalls.toStatusRuntimeException(ClientCalls.java:233)
	at org.apache.ratis.thirdparty.io.grpc.stub.ClientCalls.getUnchecked(ClientCalls.java:214)
	at org.apache.ratis.thirdparty.io.grpc.stub.ClientCalls.blockingUnaryCall(ClientCalls.java:139)
	at org.apache.ratis.proto.grpc.RaftServerProtocolServiceGrpc$RaftServerProtocolServiceBlockingStub.requestVote(RaftServerProtocolServiceGrpc.java:265)
	at org.apache.ratis.grpc.server.GrpcServerProtocolClient.requestVote(GrpcServerProtocolClient.java:83)
	at org.apache.ratis.grpc.server.GrpcService.requestVote(GrpcService.java:195)
	at org.apache.ratis.server.impl.LeaderElection.lambda$submitRequests$1(LeaderElection.java:237)
	at java.util.concurrent.FutureTask.run(FutureTask.java:266)
	at java.util.concurrent.Executors$RunnableAdapter.call(Executors.java:511)
	at java.util.concurrent.FutureTask.run(FutureTask.java:266)
	at java.util.concurrent.ThreadPoolExecutor.runWorker(ThreadPoolExecutor.java:1149)
	at java.util.concurrent.ThreadPoolExecutor$Worker.run(ThreadPoolExecutor.java:624)
	... 1 more
Caused by: org.apache.ratis.thirdparty.io.netty.channel.AbstractChannel$AnnotatedConnectException: Connection refused: /192.168.5.168:45613
	at sun.nio.ch.SocketChannelImpl.checkConnect(Native Method)
	at sun.nio.ch.SocketChannelImpl.finishConnect(SocketChannelImpl.java:717)
	at org.apache.ratis.thirdparty.io.netty.channel.socket.nio.NioSocketChannel.doFinishConnect(NioSocketChannel.java:327)
	at org.apache.ratis.thirdparty.io.netty.channel.nio.AbstractNioChannel$AbstractNioUnsafe.finishConnect(AbstractNioChannel.java:340)
	at org.apache.ratis.thirdparty.io.netty.channel.nio.NioEventLoop.processSelectedKey(NioEventLoop.java:632)
	at org.apache.ratis.thirdparty.io.netty.channel.nio.NioEventLoop.processSelectedKeysOptimized(NioEventLoop.java:579)
	at org.apache.ratis.thirdparty.io.netty.channel.nio.NioEventLoop.processSelectedKeys(NioEventLoop.java:496)
	at org.apache.ratis.thirdparty.io.netty.channel.nio.NioEventLoop.run(NioEventLoop.java:458)
	at org.apache.ratis.thirdparty.io.netty.util.concurrent.SingleThreadEventExecutor$5.run(SingleThreadEventExecutor.java:897)
	at org.apache.ratis.thirdparty.io.netty.util.concurrent.FastThreadLocalRunnable.run(FastThreadLocalRunnable.java:30)
	... 1 more
Caused by: java.net.ConnectException: Connection refused
	... 11 more
2019-07-13 20:27:36,225 INFO  impl.LeaderElection (LogUtils.java:infoOrTrace(149)) -   Exception 1: {}
java.util.concurrent.ExecutionException: org.apache.ratis.thirdparty.io.grpc.StatusRuntimeException: UNAVAILABLE: io exception
	at java.util.concurrent.FutureTask.report(FutureTask.java:122)
	at java.util.concurrent.FutureTask.get(FutureTask.java:192)
	at org.apache.ratis.server.impl.LeaderElection.waitForResults(LeaderElection.java:262)
	at org.apache.ratis.server.impl.LeaderElection.askForVotes(LeaderElection.java:200)
	at org.apache.ratis.server.impl.LeaderElection.run(LeaderElection.java:130)
	at java.lang.Thread.run(Thread.java:748)
Caused by: org.apache.ratis.thirdparty.io.grpc.StatusRuntimeException: UNAVAILABLE: io exception
	at org.apache.ratis.thirdparty.io.grpc.stub.ClientCalls.toStatusRuntimeException(ClientCalls.java:233)
	at org.apache.ratis.thirdparty.io.grpc.stub.ClientCalls.getUnchecked(ClientCalls.java:214)
	at org.apache.ratis.thirdparty.io.grpc.stub.ClientCalls.blockingUnaryCall(ClientCalls.java:139)
	at org.apache.ratis.proto.grpc.RaftServerProtocolServiceGrpc$RaftServerProtocolServiceBlockingStub.requestVote(RaftServerProtocolServiceGrpc.java:265)
	at org.apache.ratis.grpc.server.GrpcServerProtocolClient.requestVote(GrpcServerProtocolClient.java:83)
	at org.apache.ratis.grpc.server.GrpcService.requestVote(GrpcService.java:195)
	at org.apache.ratis.server.impl.LeaderElection.lambda$submitRequests$1(LeaderElection.java:237)
	at java.util.concurrent.FutureTask.run(FutureTask.java:266)
	at java.util.concurrent.Executors$RunnableAdapter.call(Executors.java:511)
	at java.util.concurrent.FutureTask.run(FutureTask.java:266)
	at java.util.concurrent.ThreadPoolExecutor.runWorker(ThreadPoolExecutor.java:1149)
	at java.util.concurrent.ThreadPoolExecutor$Worker.run(ThreadPoolExecutor.java:624)
	... 1 more
Caused by: org.apache.ratis.thirdparty.io.netty.channel.AbstractChannel$AnnotatedConnectException: Connection refused: /192.168.5.168:36078
	at sun.nio.ch.SocketChannelImpl.checkConnect(Native Method)
	at sun.nio.ch.SocketChannelImpl.finishConnect(SocketChannelImpl.java:717)
	at org.apache.ratis.thirdparty.io.netty.channel.socket.nio.NioSocketChannel.doFinishConnect(NioSocketChannel.java:327)
	at org.apache.ratis.thirdparty.io.netty.channel.nio.AbstractNioChannel$AbstractNioUnsafe.finishConnect(AbstractNioChannel.java:340)
	at org.apache.ratis.thirdparty.io.netty.channel.nio.NioEventLoop.processSelectedKey(NioEventLoop.java:632)
	at org.apache.ratis.thirdparty.io.netty.channel.nio.NioEventLoop.processSelectedKeysOptimized(NioEventLoop.java:579)
	at org.apache.ratis.thirdparty.io.netty.channel.nio.NioEventLoop.processSelectedKeys(NioEventLoop.java:496)
	at org.apache.ratis.thirdparty.io.netty.channel.nio.NioEventLoop.run(NioEventLoop.java:458)
	at org.apache.ratis.thirdparty.io.netty.util.concurrent.SingleThreadEventExecutor$5.run(SingleThreadEventExecutor.java:897)
	at org.apache.ratis.thirdparty.io.netty.util.concurrent.FastThreadLocalRunnable.run(FastThreadLocalRunnable.java:30)
	... 1 more
Caused by: java.net.ConnectException: Connection refused
	... 11 more
2019-07-13 20:27:36,225 INFO  impl.RaftServerImpl (RaftServerImpl.java:setRole(171)) - 1d967e2d-b700-42c4-a2b3-153b0a458c5c:group-023D0F14E27C changes role from CANDIDATE to FOLLOWER at term 5 for DISCOVERED_A_NEW_TERM
2019-07-13 20:27:36,227 INFO  impl.RoleInfo (RoleInfo.java:shutdownLeaderElection(134)) - 1d967e2d-b700-42c4-a2b3-153b0a458c5c: shutdown LeaderElection
2019-07-13 20:27:36,227 INFO  impl.RoleInfo (RoleInfo.java:updateAndGet(143)) - 1d967e2d-b700-42c4-a2b3-153b0a458c5c: start FollowerState
2019-07-13 20:27:37,677 INFO  client.GrpcClientProtocolClient (GrpcClientProtocolClient.java:onNext(255)) - client-08EAE4BC020C->1d967e2d-b700-42c4-a2b3-153b0a458c5c: receive RaftClientReply:client-08EAE4BC020C->1d967e2d-b700-42c4-a2b3-153b0a458c5c@group-023D0F14E27C, cid=22, FAILED org.apache.ratis.protocol.NotLeaderException: Server 1d967e2d-b700-42c4-a2b3-153b0a458c5c is not the leader (null). Request must be sent to leader., logIndex=0, commits[1d967e2d-b700-42c4-a2b3-153b0a458c5c:c16, 4968f71e-b86a-4dba-9a34-2f43601aaff0:c16, 679e13b5-cbeb-48af-8f93-74b3a1ecf3c4:c16]
2019-07-13 20:27:39,708 INFO  client.GrpcClientProtocolClient (GrpcClientProtocolClient.java:onNext(255)) - client-08EAE4BC020C->1d967e2d-b700-42c4-a2b3-153b0a458c5c: receive RaftClientReply:client-08EAE4BC020C->1d967e2d-b700-42c4-a2b3-153b0a458c5c@group-023D0F14E27C, cid=22, FAILED org.apache.ratis.protocol.NotLeaderException: Server 1d967e2d-b700-42c4-a2b3-153b0a458c5c is not the leader (null). Request must be sent to leader., logIndex=0, commits[1d967e2d-b700-42c4-a2b3-153b0a458c5c:c16, 4968f71e-b86a-4dba-9a34-2f43601aaff0:c16, 679e13b5-cbeb-48af-8f93-74b3a1ecf3c4:c16]
2019-07-13 20:27:41,261 INFO  impl.FollowerState (FollowerState.java:run(106)) - 1d967e2d-b700-42c4-a2b3-153b0a458c5c:group-023D0F14E27C changes to CANDIDATE, lastRpcTime:5033, electionTimeout:5031ms
2019-07-13 20:27:41,264 INFO  impl.RoleInfo (RoleInfo.java:shutdownFollowerState(121)) - 1d967e2d-b700-42c4-a2b3-153b0a458c5c: shutdown FollowerState
2019-07-13 20:27:41,264 INFO  impl.RaftServerImpl (RaftServerImpl.java:setRole(171)) - 1d967e2d-b700-42c4-a2b3-153b0a458c5c:group-023D0F14E27C changes role from FOLLOWER to CANDIDATE at term 5 for changeToCandidate
2019-07-13 20:27:41,264 INFO  impl.RoleInfo (RoleInfo.java:updateAndGet(143)) - 1d967e2d-b700-42c4-a2b3-153b0a458c5c: start LeaderElection
2019-07-13 20:27:41,273 INFO  impl.LeaderElection (LeaderElection.java:askForVotes(181)) - 1d967e2d-b700-42c4-a2b3-153b0a458c5c:group-023D0F14E27C:LeaderElection15: begin an election at term 6 for 0: [4968f71e-b86a-4dba-9a34-2f43601aaff0:192.168.5.168:45613, 1d967e2d-b700-42c4-a2b3-153b0a458c5c:192.168.5.168:46665, 679e13b5-cbeb-48af-8f93-74b3a1ecf3c4:192.168.5.168:36078], old=null
2019-07-13 20:27:41,276 INFO  impl.LeaderElection (LogUtils.java:infoOrTrace(149)) - 1d967e2d-b700-42c4-a2b3-153b0a458c5c:group-023D0F14E27C:LeaderElection15 got exception when requesting votes: {}
java.util.concurrent.ExecutionException: org.apache.ratis.thirdparty.io.grpc.StatusRuntimeException: UNAVAILABLE: io exception
	at java.util.concurrent.FutureTask.report(FutureTask.java:122)
	at java.util.concurrent.FutureTask.get(FutureTask.java:192)
	at org.apache.ratis.server.impl.LeaderElection.waitForResults(LeaderElection.java:262)
	at org.apache.ratis.server.impl.LeaderElection.askForVotes(LeaderElection.java:200)
	at org.apache.ratis.server.impl.LeaderElection.run(LeaderElection.java:130)
	at java.lang.Thread.run(Thread.java:748)
Caused by: org.apache.ratis.thirdparty.io.grpc.StatusRuntimeException: UNAVAILABLE: io exception
	at org.apache.ratis.thirdparty.io.grpc.stub.ClientCalls.toStatusRuntimeException(ClientCalls.java:233)
	at org.apache.ratis.thirdparty.io.grpc.stub.ClientCalls.getUnchecked(ClientCalls.java:214)
	at org.apache.ratis.thirdparty.io.grpc.stub.ClientCalls.blockingUnaryCall(ClientCalls.java:139)
	at org.apache.ratis.proto.grpc.RaftServerProtocolServiceGrpc$RaftServerProtocolServiceBlockingStub.requestVote(RaftServerProtocolServiceGrpc.java:265)
	at org.apache.ratis.grpc.server.GrpcServerProtocolClient.requestVote(GrpcServerProtocolClient.java:83)
	at org.apache.ratis.grpc.server.GrpcService.requestVote(GrpcService.java:195)
	at org.apache.ratis.server.impl.LeaderElection.lambda$submitRequests$1(LeaderElection.java:237)
	at java.util.concurrent.FutureTask.run(FutureTask.java:266)
	at java.util.concurrent.Executors$RunnableAdapter.call(Executors.java:511)
	at java.util.concurrent.FutureTask.run(FutureTask.java:266)
	at java.util.concurrent.ThreadPoolExecutor.runWorker(ThreadPoolExecutor.java:1149)
	at java.util.concurrent.ThreadPoolExecutor$Worker.run(ThreadPoolExecutor.java:624)
	... 1 more
Caused by: org.apache.ratis.thirdparty.io.netty.channel.AbstractChannel$AnnotatedConnectException: Connection refused: /192.168.5.168:45613
	at sun.nio.ch.SocketChannelImpl.checkConnect(Native Method)
	at sun.nio.ch.SocketChannelImpl.finishConnect(SocketChannelImpl.java:717)
	at org.apache.ratis.thirdparty.io.netty.channel.socket.nio.NioSocketChannel.doFinishConnect(NioSocketChannel.java:327)
	at org.apache.ratis.thirdparty.io.netty.channel.nio.AbstractNioChannel$AbstractNioUnsafe.finishConnect(AbstractNioChannel.java:340)
	at org.apache.ratis.thirdparty.io.netty.channel.nio.NioEventLoop.processSelectedKey(NioEventLoop.java:632)
	at org.apache.ratis.thirdparty.io.netty.channel.nio.NioEventLoop.processSelectedKeysOptimized(NioEventLoop.java:579)
	at org.apache.ratis.thirdparty.io.netty.channel.nio.NioEventLoop.processSelectedKeys(NioEventLoop.java:496)
	at org.apache.ratis.thirdparty.io.netty.channel.nio.NioEventLoop.run(NioEventLoop.java:458)
	at org.apache.ratis.thirdparty.io.netty.util.concurrent.SingleThreadEventExecutor$5.run(SingleThreadEventExecutor.java:897)
	at org.apache.ratis.thirdparty.io.netty.util.concurrent.FastThreadLocalRunnable.run(FastThreadLocalRunnable.java:30)
	... 1 more
Caused by: java.net.ConnectException: Connection refused
	... 11 more
2019-07-13 20:27:41,279 INFO  impl.LeaderElection (LogUtils.java:infoOrTrace(149)) - 1d967e2d-b700-42c4-a2b3-153b0a458c5c:group-023D0F14E27C:LeaderElection15 got exception when requesting votes: {}
java.util.concurrent.ExecutionException: org.apache.ratis.thirdparty.io.grpc.StatusRuntimeException: UNAVAILABLE: io exception
	at java.util.concurrent.FutureTask.report(FutureTask.java:122)
	at java.util.concurrent.FutureTask.get(FutureTask.java:192)
	at org.apache.ratis.server.impl.LeaderElection.waitForResults(LeaderElection.java:262)
	at org.apache.ratis.server.impl.LeaderElection.askForVotes(LeaderElection.java:200)
	at org.apache.ratis.server.impl.LeaderElection.run(LeaderElection.java:130)
	at java.lang.Thread.run(Thread.java:748)
Caused by: org.apache.ratis.thirdparty.io.grpc.StatusRuntimeException: UNAVAILABLE: io exception
	at org.apache.ratis.thirdparty.io.grpc.stub.ClientCalls.toStatusRuntimeException(ClientCalls.java:233)
	at org.apache.ratis.thirdparty.io.grpc.stub.ClientCalls.getUnchecked(ClientCalls.java:214)
	at org.apache.ratis.thirdparty.io.grpc.stub.ClientCalls.blockingUnaryCall(ClientCalls.java:139)
	at org.apache.ratis.proto.grpc.RaftServerProtocolServiceGrpc$RaftServerProtocolServiceBlockingStub.requestVote(RaftServerProtocolServiceGrpc.java:265)
	at org.apache.ratis.grpc.server.GrpcServerProtocolClient.requestVote(GrpcServerProtocolClient.java:83)
	at org.apache.ratis.grpc.server.GrpcService.requestVote(GrpcService.java:195)
	at org.apache.ratis.server.impl.LeaderElection.lambda$submitRequests$1(LeaderElection.java:237)
	at java.util.concurrent.FutureTask.run(FutureTask.java:266)
	at java.util.concurrent.Executors$RunnableAdapter.call(Executors.java:511)
	at java.util.concurrent.FutureTask.run(FutureTask.java:266)
	at java.util.concurrent.ThreadPoolExecutor.runWorker(ThreadPoolExecutor.java:1149)
	at java.util.concurrent.ThreadPoolExecutor$Worker.run(ThreadPoolExecutor.java:624)
	... 1 more
Caused by: org.apache.ratis.thirdparty.io.netty.channel.AbstractChannel$AnnotatedConnectException: Connection refused: /192.168.5.168:36078
	at sun.nio.ch.SocketChannelImpl.checkConnect(Native Method)
	at sun.nio.ch.SocketChannelImpl.finishConnect(SocketChannelImpl.java:717)
	at org.apache.ratis.thirdparty.io.netty.channel.socket.nio.NioSocketChannel.doFinishConnect(NioSocketChannel.java:327)
	at org.apache.ratis.thirdparty.io.netty.channel.nio.AbstractNioChannel$AbstractNioUnsafe.finishConnect(AbstractNioChannel.java:340)
	at org.apache.ratis.thirdparty.io.netty.channel.nio.NioEventLoop.processSelectedKey(NioEventLoop.java:632)
	at org.apache.ratis.thirdparty.io.netty.channel.nio.NioEventLoop.processSelectedKeysOptimized(NioEventLoop.java:579)
	at org.apache.ratis.thirdparty.io.netty.channel.nio.NioEventLoop.processSelectedKeys(NioEventLoop.java:496)
	at org.apache.ratis.thirdparty.io.netty.channel.nio.NioEventLoop.run(NioEventLoop.java:458)
	at org.apache.ratis.thirdparty.io.netty.util.concurrent.SingleThreadEventExecutor$5.run(SingleThreadEventExecutor.java:897)
	at org.apache.ratis.thirdparty.io.netty.util.concurrent.FastThreadLocalRunnable.run(FastThreadLocalRunnable.java:30)
	... 1 more
Caused by: java.net.ConnectException: Connection refused
	... 11 more
2019-07-13 20:27:41,281 INFO  impl.LeaderElection (LeaderElection.java:logAndReturn(56)) - 1d967e2d-b700-42c4-a2b3-153b0a458c5c:group-023D0F14E27C:LeaderElection15: Election REJECTED; received 0 response(s) [] and 2 exception(s); 1d967e2d-b700-42c4-a2b3-153b0a458c5c:t6, leader=null, voted=1d967e2d-b700-42c4-a2b3-153b0a458c5c, raftlog=1d967e2d-b700-42c4-a2b3-153b0a458c5c-SegmentedRaftLog:OPENED:c16,f16,i16, conf=0: [4968f71e-b86a-4dba-9a34-2f43601aaff0:192.168.5.168:45613, 1d967e2d-b700-42c4-a2b3-153b0a458c5c:192.168.5.168:46665, 679e13b5-cbeb-48af-8f93-74b3a1ecf3c4:192.168.5.168:36078], old=null
2019-07-13 20:27:41,281 INFO  impl.LeaderElection (LogUtils.java:infoOrTrace(149)) -   Exception 0: {}
java.util.concurrent.ExecutionException: org.apache.ratis.thirdparty.io.grpc.StatusRuntimeException: UNAVAILABLE: io exception
	at java.util.concurrent.FutureTask.report(FutureTask.java:122)
	at java.util.concurrent.FutureTask.get(FutureTask.java:192)
	at org.apache.ratis.server.impl.LeaderElection.waitForResults(LeaderElection.java:262)
	at org.apache.ratis.server.impl.LeaderElection.askForVotes(LeaderElection.java:200)
	at org.apache.ratis.server.impl.LeaderElection.run(LeaderElection.java:130)
	at java.lang.Thread.run(Thread.java:748)
Caused by: org.apache.ratis.thirdparty.io.grpc.StatusRuntimeException: UNAVAILABLE: io exception
	at org.apache.ratis.thirdparty.io.grpc.stub.ClientCalls.toStatusRuntimeException(ClientCalls.java:233)
	at org.apache.ratis.thirdparty.io.grpc.stub.ClientCalls.getUnchecked(ClientCalls.java:214)
	at org.apache.ratis.thirdparty.io.grpc.stub.ClientCalls.blockingUnaryCall(ClientCalls.java:139)
	at org.apache.ratis.proto.grpc.RaftServerProtocolServiceGrpc$RaftServerProtocolServiceBlockingStub.requestVote(RaftServerProtocolServiceGrpc.java:265)
	at org.apache.ratis.grpc.server.GrpcServerProtocolClient.requestVote(GrpcServerProtocolClient.java:83)
	at org.apache.ratis.grpc.server.GrpcService.requestVote(GrpcService.java:195)
	at org.apache.ratis.server.impl.LeaderElection.lambda$submitRequests$1(LeaderElection.java:237)
	at java.util.concurrent.FutureTask.run(FutureTask.java:266)
	at java.util.concurrent.Executors$RunnableAdapter.call(Executors.java:511)
	at java.util.concurrent.FutureTask.run(FutureTask.java:266)
	at java.util.concurrent.ThreadPoolExecutor.runWorker(ThreadPoolExecutor.java:1149)
	at java.util.concurrent.ThreadPoolExecutor$Worker.run(ThreadPoolExecutor.java:624)
	... 1 more
Caused by: org.apache.ratis.thirdparty.io.netty.channel.AbstractChannel$AnnotatedConnectException: Connection refused: /192.168.5.168:45613
	at sun.nio.ch.SocketChannelImpl.checkConnect(Native Method)
	at sun.nio.ch.SocketChannelImpl.finishConnect(SocketChannelImpl.java:717)
	at org.apache.ratis.thirdparty.io.netty.channel.socket.nio.NioSocketChannel.doFinishConnect(NioSocketChannel.java:327)
	at org.apache.ratis.thirdparty.io.netty.channel.nio.AbstractNioChannel$AbstractNioUnsafe.finishConnect(AbstractNioChannel.java:340)
	at org.apache.ratis.thirdparty.io.netty.channel.nio.NioEventLoop.processSelectedKey(NioEventLoop.java:632)
	at org.apache.ratis.thirdparty.io.netty.channel.nio.NioEventLoop.processSelectedKeysOptimized(NioEventLoop.java:579)
	at org.apache.ratis.thirdparty.io.netty.channel.nio.NioEventLoop.processSelectedKeys(NioEventLoop.java:496)
	at org.apache.ratis.thirdparty.io.netty.channel.nio.NioEventLoop.run(NioEventLoop.java:458)
	at org.apache.ratis.thirdparty.io.netty.util.concurrent.SingleThreadEventExecutor$5.run(SingleThreadEventExecutor.java:897)
	at org.apache.ratis.thirdparty.io.netty.util.concurrent.FastThreadLocalRunnable.run(FastThreadLocalRunnable.java:30)
	... 1 more
Caused by: java.net.ConnectException: Connection refused
	... 11 more
2019-07-13 20:27:41,282 INFO  impl.LeaderElection (LogUtils.java:infoOrTrace(149)) -   Exception 1: {}
java.util.concurrent.ExecutionException: org.apache.ratis.thirdparty.io.grpc.StatusRuntimeException: UNAVAILABLE: io exception
	at java.util.concurrent.FutureTask.report(FutureTask.java:122)
	at java.util.concurrent.FutureTask.get(FutureTask.java:192)
	at org.apache.ratis.server.impl.LeaderElection.waitForResults(LeaderElection.java:262)
	at org.apache.ratis.server.impl.LeaderElection.askForVotes(LeaderElection.java:200)
	at org.apache.ratis.server.impl.LeaderElection.run(LeaderElection.java:130)
	at java.lang.Thread.run(Thread.java:748)
Caused by: org.apache.ratis.thirdparty.io.grpc.StatusRuntimeException: UNAVAILABLE: io exception
	at org.apache.ratis.thirdparty.io.grpc.stub.ClientCalls.toStatusRuntimeException(ClientCalls.java:233)
	at org.apache.ratis.thirdparty.io.grpc.stub.ClientCalls.getUnchecked(ClientCalls.java:214)
	at org.apache.ratis.thirdparty.io.grpc.stub.ClientCalls.blockingUnaryCall(ClientCalls.java:139)
	at org.apache.ratis.proto.grpc.RaftServerProtocolServiceGrpc$RaftServerProtocolServiceBlockingStub.requestVote(RaftServerProtocolServiceGrpc.java:265)
	at org.apache.ratis.grpc.server.GrpcServerProtocolClient.requestVote(GrpcServerProtocolClient.java:83)
	at org.apache.ratis.grpc.server.GrpcService.requestVote(GrpcService.java:195)
	at org.apache.ratis.server.impl.LeaderElection.lambda$submitRequests$1(LeaderElection.java:237)
	at java.util.concurrent.FutureTask.run(FutureTask.java:266)
	at java.util.concurrent.Executors$RunnableAdapter.call(Executors.java:511)
	at java.util.concurrent.FutureTask.run(FutureTask.java:266)
	at java.util.concurrent.ThreadPoolExecutor.runWorker(ThreadPoolExecutor.java:1149)
	at java.util.concurrent.ThreadPoolExecutor$Worker.run(ThreadPoolExecutor.java:624)
	... 1 more
Caused by: org.apache.ratis.thirdparty.io.netty.channel.AbstractChannel$AnnotatedConnectException: Connection refused: /192.168.5.168:36078
	at sun.nio.ch.SocketChannelImpl.checkConnect(Native Method)
	at sun.nio.ch.SocketChannelImpl.finishConnect(SocketChannelImpl.java:717)
	at org.apache.ratis.thirdparty.io.netty.channel.socket.nio.NioSocketChannel.doFinishConnect(NioSocketChannel.java:327)
	at org.apache.ratis.thirdparty.io.netty.channel.nio.AbstractNioChannel$AbstractNioUnsafe.finishConnect(AbstractNioChannel.java:340)
	at org.apache.ratis.thirdparty.io.netty.channel.nio.NioEventLoop.processSelectedKey(NioEventLoop.java:632)
	at org.apache.ratis.thirdparty.io.netty.channel.nio.NioEventLoop.processSelectedKeysOptimized(NioEventLoop.java:579)
	at org.apache.ratis.thirdparty.io.netty.channel.nio.NioEventLoop.processSelectedKeys(NioEventLoop.java:496)
	at org.apache.ratis.thirdparty.io.netty.channel.nio.NioEventLoop.run(NioEventLoop.java:458)
	at org.apache.ratis.thirdparty.io.netty.util.concurrent.SingleThreadEventExecutor$5.run(SingleThreadEventExecutor.java:897)
	at org.apache.ratis.thirdparty.io.netty.util.concurrent.FastThreadLocalRunnable.run(FastThreadLocalRunnable.java:30)
	... 1 more
Caused by: java.net.ConnectException: Connection refused
	... 11 more
2019-07-13 20:27:41,282 INFO  impl.RaftServerImpl (RaftServerImpl.java:setRole(171)) - 1d967e2d-b700-42c4-a2b3-153b0a458c5c:group-023D0F14E27C changes role from CANDIDATE to FOLLOWER at term 6 for DISCOVERED_A_NEW_TERM
2019-07-13 20:27:41,286 INFO  impl.RoleInfo (RoleInfo.java:shutdownLeaderElection(134)) - 1d967e2d-b700-42c4-a2b3-153b0a458c5c: shutdown LeaderElection
2019-07-13 20:27:41,286 INFO  impl.RoleInfo (RoleInfo.java:updateAndGet(143)) - 1d967e2d-b700-42c4-a2b3-153b0a458c5c: start FollowerState
2019-07-13 20:27:41,738 INFO  client.GrpcClientProtocolClient (GrpcClientProtocolClient.java:onNext(255)) - client-08EAE4BC020C->1d967e2d-b700-42c4-a2b3-153b0a458c5c: receive RaftClientReply:client-08EAE4BC020C->1d967e2d-b700-42c4-a2b3-153b0a458c5c@group-023D0F14E27C, cid=22, FAILED org.apache.ratis.protocol.NotLeaderException: Server 1d967e2d-b700-42c4-a2b3-153b0a458c5c is not the leader (null). Request must be sent to leader., logIndex=0, commits[1d967e2d-b700-42c4-a2b3-153b0a458c5c:c16, 4968f71e-b86a-4dba-9a34-2f43601aaff0:c16, 679e13b5-cbeb-48af-8f93-74b3a1ecf3c4:c16]
2019-07-13 20:27:43,775 INFO  client.GrpcClientProtocolClient (GrpcClientProtocolClient.java:onNext(255)) - client-08EAE4BC020C->1d967e2d-b700-42c4-a2b3-153b0a458c5c: receive RaftClientReply:client-08EAE4BC020C->1d967e2d-b700-42c4-a2b3-153b0a458c5c@group-023D0F14E27C, cid=22, FAILED org.apache.ratis.protocol.NotLeaderException: Server 1d967e2d-b700-42c4-a2b3-153b0a458c5c is not the leader (null). Request must be sent to leader., logIndex=0, commits[1d967e2d-b700-42c4-a2b3-153b0a458c5c:c16, 4968f71e-b86a-4dba-9a34-2f43601aaff0:c16, 679e13b5-cbeb-48af-8f93-74b3a1ecf3c4:c16]
2019-07-13 20:27:46,478 INFO  impl.FollowerState (FollowerState.java:run(106)) - 1d967e2d-b700-42c4-a2b3-153b0a458c5c:group-023D0F14E27C changes to CANDIDATE, lastRpcTime:5192, electionTimeout:5190ms
2019-07-13 20:27:46,481 INFO  impl.RoleInfo (RoleInfo.java:shutdownFollowerState(121)) - 1d967e2d-b700-42c4-a2b3-153b0a458c5c: shutdown FollowerState
2019-07-13 20:27:46,481 INFO  impl.RaftServerImpl (RaftServerImpl.java:setRole(171)) - 1d967e2d-b700-42c4-a2b3-153b0a458c5c:group-023D0F14E27C changes role from FOLLOWER to CANDIDATE at term 6 for changeToCandidate
2019-07-13 20:27:46,482 INFO  impl.RoleInfo (RoleInfo.java:updateAndGet(143)) - 1d967e2d-b700-42c4-a2b3-153b0a458c5c: start LeaderElection
2019-07-13 20:27:46,509 INFO  impl.LeaderElection (LeaderElection.java:askForVotes(181)) - 1d967e2d-b700-42c4-a2b3-153b0a458c5c:group-023D0F14E27C:LeaderElection16: begin an election at term 7 for 0: [4968f71e-b86a-4dba-9a34-2f43601aaff0:192.168.5.168:45613, 1d967e2d-b700-42c4-a2b3-153b0a458c5c:192.168.5.168:46665, 679e13b5-cbeb-48af-8f93-74b3a1ecf3c4:192.168.5.168:36078], old=null
2019-07-13 20:27:46,512 INFO  impl.LeaderElection (LogUtils.java:infoOrTrace(149)) - 1d967e2d-b700-42c4-a2b3-153b0a458c5c:group-023D0F14E27C:LeaderElection16 got exception when requesting votes: {}
java.util.concurrent.ExecutionException: org.apache.ratis.thirdparty.io.grpc.StatusRuntimeException: UNAVAILABLE: io exception
	at java.util.concurrent.FutureTask.report(FutureTask.java:122)
	at java.util.concurrent.FutureTask.get(FutureTask.java:192)
	at org.apache.ratis.server.impl.LeaderElection.waitForResults(LeaderElection.java:262)
	at org.apache.ratis.server.impl.LeaderElection.askForVotes(LeaderElection.java:200)
	at org.apache.ratis.server.impl.LeaderElection.run(LeaderElection.java:130)
	at java.lang.Thread.run(Thread.java:748)
Caused by: org.apache.ratis.thirdparty.io.grpc.StatusRuntimeException: UNAVAILABLE: io exception
	at org.apache.ratis.thirdparty.io.grpc.stub.ClientCalls.toStatusRuntimeException(ClientCalls.java:233)
	at org.apache.ratis.thirdparty.io.grpc.stub.ClientCalls.getUnchecked(ClientCalls.java:214)
	at org.apache.ratis.thirdparty.io.grpc.stub.ClientCalls.blockingUnaryCall(ClientCalls.java:139)
	at org.apache.ratis.proto.grpc.RaftServerProtocolServiceGrpc$RaftServerProtocolServiceBlockingStub.requestVote(RaftServerProtocolServiceGrpc.java:265)
	at org.apache.ratis.grpc.server.GrpcServerProtocolClient.requestVote(GrpcServerProtocolClient.java:83)
	at org.apache.ratis.grpc.server.GrpcService.requestVote(GrpcService.java:195)
	at org.apache.ratis.server.impl.LeaderElection.lambda$submitRequests$1(LeaderElection.java:237)
	at java.util.concurrent.FutureTask.run(FutureTask.java:266)
	at java.util.concurrent.Executors$RunnableAdapter.call(Executors.java:511)
	at java.util.concurrent.FutureTask.run(FutureTask.java:266)
	at java.util.concurrent.ThreadPoolExecutor.runWorker(ThreadPoolExecutor.java:1149)
	at java.util.concurrent.ThreadPoolExecutor$Worker.run(ThreadPoolExecutor.java:624)
	... 1 more
Caused by: org.apache.ratis.thirdparty.io.netty.channel.AbstractChannel$AnnotatedConnectException: Connection refused: /192.168.5.168:45613
	at sun.nio.ch.SocketChannelImpl.checkConnect(Native Method)
	at sun.nio.ch.SocketChannelImpl.finishConnect(SocketChannelImpl.java:717)
	at org.apache.ratis.thirdparty.io.netty.channel.socket.nio.NioSocketChannel.doFinishConnect(NioSocketChannel.java:327)
	at org.apache.ratis.thirdparty.io.netty.channel.nio.AbstractNioChannel$AbstractNioUnsafe.finishConnect(AbstractNioChannel.java:340)
	at org.apache.ratis.thirdparty.io.netty.channel.nio.NioEventLoop.processSelectedKey(NioEventLoop.java:632)
	at org.apache.ratis.thirdparty.io.netty.channel.nio.NioEventLoop.processSelectedKeysOptimized(NioEventLoop.java:579)
	at org.apache.ratis.thirdparty.io.netty.channel.nio.NioEventLoop.processSelectedKeys(NioEventLoop.java:496)
	at org.apache.ratis.thirdparty.io.netty.channel.nio.NioEventLoop.run(NioEventLoop.java:458)
	at org.apache.ratis.thirdparty.io.netty.util.concurrent.SingleThreadEventExecutor$5.run(SingleThreadEventExecutor.java:897)
	at org.apache.ratis.thirdparty.io.netty.util.concurrent.FastThreadLocalRunnable.run(FastThreadLocalRunnable.java:30)
	... 1 more
Caused by: java.net.ConnectException: Connection refused
	... 11 more
2019-07-13 20:27:46,514 INFO  impl.LeaderElection (LogUtils.java:infoOrTrace(149)) - 1d967e2d-b700-42c4-a2b3-153b0a458c5c:group-023D0F14E27C:LeaderElection16 got exception when requesting votes: {}
java.util.concurrent.ExecutionException: org.apache.ratis.thirdparty.io.grpc.StatusRuntimeException: UNAVAILABLE: io exception
	at java.util.concurrent.FutureTask.report(FutureTask.java:122)
	at java.util.concurrent.FutureTask.get(FutureTask.java:192)
	at org.apache.ratis.server.impl.LeaderElection.waitForResults(LeaderElection.java:262)
	at org.apache.ratis.server.impl.LeaderElection.askForVotes(LeaderElection.java:200)
	at org.apache.ratis.server.impl.LeaderElection.run(LeaderElection.java:130)
	at java.lang.Thread.run(Thread.java:748)
Caused by: org.apache.ratis.thirdparty.io.grpc.StatusRuntimeException: UNAVAILABLE: io exception
	at org.apache.ratis.thirdparty.io.grpc.stub.ClientCalls.toStatusRuntimeException(ClientCalls.java:233)
	at org.apache.ratis.thirdparty.io.grpc.stub.ClientCalls.getUnchecked(ClientCalls.java:214)
	at org.apache.ratis.thirdparty.io.grpc.stub.ClientCalls.blockingUnaryCall(ClientCalls.java:139)
	at org.apache.ratis.proto.grpc.RaftServerProtocolServiceGrpc$RaftServerProtocolServiceBlockingStub.requestVote(RaftServerProtocolServiceGrpc.java:265)
	at org.apache.ratis.grpc.server.GrpcServerProtocolClient.requestVote(GrpcServerProtocolClient.java:83)
	at org.apache.ratis.grpc.server.GrpcService.requestVote(GrpcService.java:195)
	at org.apache.ratis.server.impl.LeaderElection.lambda$submitRequests$1(LeaderElection.java:237)
	at java.util.concurrent.FutureTask.run(FutureTask.java:266)
	at java.util.concurrent.Executors$RunnableAdapter.call(Executors.java:511)
	at java.util.concurrent.FutureTask.run(FutureTask.java:266)
	at java.util.concurrent.ThreadPoolExecutor.runWorker(ThreadPoolExecutor.java:1149)
	at java.util.concurrent.ThreadPoolExecutor$Worker.run(ThreadPoolExecutor.java:624)
	... 1 more
Caused by: org.apache.ratis.thirdparty.io.netty.channel.AbstractChannel$AnnotatedConnectException: Connection refused: /192.168.5.168:36078
	at sun.nio.ch.SocketChannelImpl.checkConnect(Native Method)
	at sun.nio.ch.SocketChannelImpl.finishConnect(SocketChannelImpl.java:717)
	at org.apache.ratis.thirdparty.io.netty.channel.socket.nio.NioSocketChannel.doFinishConnect(NioSocketChannel.java:327)
	at org.apache.ratis.thirdparty.io.netty.channel.nio.AbstractNioChannel$AbstractNioUnsafe.finishConnect(AbstractNioChannel.java:340)
	at org.apache.ratis.thirdparty.io.netty.channel.nio.NioEventLoop.processSelectedKey(NioEventLoop.java:632)
	at org.apache.ratis.thirdparty.io.netty.channel.nio.NioEventLoop.processSelectedKeysOptimized(NioEventLoop.java:579)
	at org.apache.ratis.thirdparty.io.netty.channel.nio.NioEventLoop.processSelectedKeys(NioEventLoop.java:496)
	at org.apache.ratis.thirdparty.io.netty.channel.nio.NioEventLoop.run(NioEventLoop.java:458)
	at org.apache.ratis.thirdparty.io.netty.util.concurrent.SingleThreadEventExecutor$5.run(SingleThreadEventExecutor.java:897)
	at org.apache.ratis.thirdparty.io.netty.util.concurrent.FastThreadLocalRunnable.run(FastThreadLocalRunnable.java:30)
	... 1 more
Caused by: java.net.ConnectException: Connection refused
	... 11 more
2019-07-13 20:27:46,516 INFO  impl.LeaderElection (LeaderElection.java:logAndReturn(56)) - 1d967e2d-b700-42c4-a2b3-153b0a458c5c:group-023D0F14E27C:LeaderElection16: Election REJECTED; received 0 response(s) [] and 2 exception(s); 1d967e2d-b700-42c4-a2b3-153b0a458c5c:t7, leader=null, voted=1d967e2d-b700-42c4-a2b3-153b0a458c5c, raftlog=1d967e2d-b700-42c4-a2b3-153b0a458c5c-SegmentedRaftLog:OPENED:c16,f16,i16, conf=0: [4968f71e-b86a-4dba-9a34-2f43601aaff0:192.168.5.168:45613, 1d967e2d-b700-42c4-a2b3-153b0a458c5c:192.168.5.168:46665, 679e13b5-cbeb-48af-8f93-74b3a1ecf3c4:192.168.5.168:36078], old=null
2019-07-13 20:27:46,516 INFO  impl.LeaderElection (LogUtils.java:infoOrTrace(149)) -   Exception 0: {}
java.util.concurrent.ExecutionException: org.apache.ratis.thirdparty.io.grpc.StatusRuntimeException: UNAVAILABLE: io exception
	at java.util.concurrent.FutureTask.report(FutureTask.java:122)
	at java.util.concurrent.FutureTask.get(FutureTask.java:192)
	at org.apache.ratis.server.impl.LeaderElection.waitForResults(LeaderElection.java:262)
	at org.apache.ratis.server.impl.LeaderElection.askForVotes(LeaderElection.java:200)
	at org.apache.ratis.server.impl.LeaderElection.run(LeaderElection.java:130)
	at java.lang.Thread.run(Thread.java:748)
Caused by: org.apache.ratis.thirdparty.io.grpc.StatusRuntimeException: UNAVAILABLE: io exception
	at org.apache.ratis.thirdparty.io.grpc.stub.ClientCalls.toStatusRuntimeException(ClientCalls.java:233)
	at org.apache.ratis.thirdparty.io.grpc.stub.ClientCalls.getUnchecked(ClientCalls.java:214)
	at org.apache.ratis.thirdparty.io.grpc.stub.ClientCalls.blockingUnaryCall(ClientCalls.java:139)
	at org.apache.ratis.proto.grpc.RaftServerProtocolServiceGrpc$RaftServerProtocolServiceBlockingStub.requestVote(RaftServerProtocolServiceGrpc.java:265)
	at org.apache.ratis.grpc.server.GrpcServerProtocolClient.requestVote(GrpcServerProtocolClient.java:83)
	at org.apache.ratis.grpc.server.GrpcService.requestVote(GrpcService.java:195)
	at org.apache.ratis.server.impl.LeaderElection.lambda$submitRequests$1(LeaderElection.java:237)
	at java.util.concurrent.FutureTask.run(FutureTask.java:266)
	at java.util.concurrent.Executors$RunnableAdapter.call(Executors.java:511)
	at java.util.concurrent.FutureTask.run(FutureTask.java:266)
	at java.util.concurrent.ThreadPoolExecutor.runWorker(ThreadPoolExecutor.java:1149)
	at java.util.concurrent.ThreadPoolExecutor$Worker.run(ThreadPoolExecutor.java:624)
	... 1 more
Caused by: org.apache.ratis.thirdparty.io.netty.channel.AbstractChannel$AnnotatedConnectException: Connection refused: /192.168.5.168:45613
	at sun.nio.ch.SocketChannelImpl.checkConnect(Native Method)
	at sun.nio.ch.SocketChannelImpl.finishConnect(SocketChannelImpl.java:717)
	at org.apache.ratis.thirdparty.io.netty.channel.socket.nio.NioSocketChannel.doFinishConnect(NioSocketChannel.java:327)
	at org.apache.ratis.thirdparty.io.netty.channel.nio.AbstractNioChannel$AbstractNioUnsafe.finishConnect(AbstractNioChannel.java:340)
	at org.apache.ratis.thirdparty.io.netty.channel.nio.NioEventLoop.processSelectedKey(NioEventLoop.java:632)
	at org.apache.ratis.thirdparty.io.netty.channel.nio.NioEventLoop.processSelectedKeysOptimized(NioEventLoop.java:579)
	at org.apache.ratis.thirdparty.io.netty.channel.nio.NioEventLoop.processSelectedKeys(NioEventLoop.java:496)
	at org.apache.ratis.thirdparty.io.netty.channel.nio.NioEventLoop.run(NioEventLoop.java:458)
	at org.apache.ratis.thirdparty.io.netty.util.concurrent.SingleThreadEventExecutor$5.run(SingleThreadEventExecutor.java:897)
	at org.apache.ratis.thirdparty.io.netty.util.concurrent.FastThreadLocalRunnable.run(FastThreadLocalRunnable.java:30)
	... 1 more
Caused by: java.net.ConnectException: Connection refused
	... 11 more
2019-07-13 20:27:46,516 INFO  impl.LeaderElection (LogUtils.java:infoOrTrace(149)) -   Exception 1: {}
java.util.concurrent.ExecutionException: org.apache.ratis.thirdparty.io.grpc.StatusRuntimeException: UNAVAILABLE: io exception
	at java.util.concurrent.FutureTask.report(FutureTask.java:122)
	at java.util.concurrent.FutureTask.get(FutureTask.java:192)
	at org.apache.ratis.server.impl.LeaderElection.waitForResults(LeaderElection.java:262)
	at org.apache.ratis.server.impl.LeaderElection.askForVotes(LeaderElection.java:200)
	at org.apache.ratis.server.impl.LeaderElection.run(LeaderElection.java:130)
	at java.lang.Thread.run(Thread.java:748)
Caused by: org.apache.ratis.thirdparty.io.grpc.StatusRuntimeException: UNAVAILABLE: io exception
	at org.apache.ratis.thirdparty.io.grpc.stub.ClientCalls.toStatusRuntimeException(ClientCalls.java:233)
	at org.apache.ratis.thirdparty.io.grpc.stub.ClientCalls.getUnchecked(ClientCalls.java:214)
	at org.apache.ratis.thirdparty.io.grpc.stub.ClientCalls.blockingUnaryCall(ClientCalls.java:139)
	at org.apache.ratis.proto.grpc.RaftServerProtocolServiceGrpc$RaftServerProtocolServiceBlockingStub.requestVote(RaftServerProtocolServiceGrpc.java:265)
	at org.apache.ratis.grpc.server.GrpcServerProtocolClient.requestVote(GrpcServerProtocolClient.java:83)
	at org.apache.ratis.grpc.server.GrpcService.requestVote(GrpcService.java:195)
	at org.apache.ratis.server.impl.LeaderElection.lambda$submitRequests$1(LeaderElection.java:237)
	at java.util.concurrent.FutureTask.run(FutureTask.java:266)
	at java.util.concurrent.Executors$RunnableAdapter.call(Executors.java:511)
	at java.util.concurrent.FutureTask.run(FutureTask.java:266)
	at java.util.concurrent.ThreadPoolExecutor.runWorker(ThreadPoolExecutor.java:1149)
	at java.util.concurrent.ThreadPoolExecutor$Worker.run(ThreadPoolExecutor.java:624)
	... 1 more
Caused by: org.apache.ratis.thirdparty.io.netty.channel.AbstractChannel$AnnotatedConnectException: Connection refused: /192.168.5.168:36078
	at sun.nio.ch.SocketChannelImpl.checkConnect(Native Method)
	at sun.nio.ch.SocketChannelImpl.finishConnect(SocketChannelImpl.java:717)
	at org.apache.ratis.thirdparty.io.netty.channel.socket.nio.NioSocketChannel.doFinishConnect(NioSocketChannel.java:327)
	at org.apache.ratis.thirdparty.io.netty.channel.nio.AbstractNioChannel$AbstractNioUnsafe.finishConnect(AbstractNioChannel.java:340)
	at org.apache.ratis.thirdparty.io.netty.channel.nio.NioEventLoop.processSelectedKey(NioEventLoop.java:632)
	at org.apache.ratis.thirdparty.io.netty.channel.nio.NioEventLoop.processSelectedKeysOptimized(NioEventLoop.java:579)
	at org.apache.ratis.thirdparty.io.netty.channel.nio.NioEventLoop.processSelectedKeys(NioEventLoop.java:496)
	at org.apache.ratis.thirdparty.io.netty.channel.nio.NioEventLoop.run(NioEventLoop.java:458)
	at org.apache.ratis.thirdparty.io.netty.util.concurrent.SingleThreadEventExecutor$5.run(SingleThreadEventExecutor.java:897)
	at org.apache.ratis.thirdparty.io.netty.util.concurrent.FastThreadLocalRunnable.run(FastThreadLocalRunnable.java:30)
	... 1 more
Caused by: java.net.ConnectException: Connection refused
	... 11 more
2019-07-13 20:27:46,517 INFO  impl.RaftServerImpl (RaftServerImpl.java:setRole(171)) - 1d967e2d-b700-42c4-a2b3-153b0a458c5c:group-023D0F14E27C changes role from CANDIDATE to FOLLOWER at term 7 for DISCOVERED_A_NEW_TERM
2019-07-13 20:27:46,519 INFO  impl.RoleInfo (RoleInfo.java:shutdownLeaderElection(134)) - 1d967e2d-b700-42c4-a2b3-153b0a458c5c: shutdown LeaderElection
2019-07-13 20:27:46,519 INFO  impl.RoleInfo (RoleInfo.java:updateAndGet(143)) - 1d967e2d-b700-42c4-a2b3-153b0a458c5c: start FollowerState
2019-07-13 20:27:46,815 INFO  client.GrpcClientProtocolClient (GrpcClientProtocolClient.java:onNext(255)) - client-08EAE4BC020C->1d967e2d-b700-42c4-a2b3-153b0a458c5c: receive RaftClientReply:client-08EAE4BC020C->1d967e2d-b700-42c4-a2b3-153b0a458c5c@group-023D0F14E27C, cid=22, FAILED org.apache.ratis.protocol.NotLeaderException: Server 1d967e2d-b700-42c4-a2b3-153b0a458c5c is not the leader (null). Request must be sent to leader., logIndex=0, commits[1d967e2d-b700-42c4-a2b3-153b0a458c5c:c16, 4968f71e-b86a-4dba-9a34-2f43601aaff0:c16, 679e13b5-cbeb-48af-8f93-74b3a1ecf3c4:c16]
2019-07-13 20:27:48,851 INFO  client.GrpcClientProtocolClient (GrpcClientProtocolClient.java:onNext(255)) - client-08EAE4BC020C->1d967e2d-b700-42c4-a2b3-153b0a458c5c: receive RaftClientReply:client-08EAE4BC020C->1d967e2d-b700-42c4-a2b3-153b0a458c5c@group-023D0F14E27C, cid=22, FAILED org.apache.ratis.protocol.NotLeaderException: Server 1d967e2d-b700-42c4-a2b3-153b0a458c5c is not the leader (null). Request must be sent to leader., logIndex=0, commits[1d967e2d-b700-42c4-a2b3-153b0a458c5c:c16, 4968f71e-b86a-4dba-9a34-2f43601aaff0:c16, 679e13b5-cbeb-48af-8f93-74b3a1ecf3c4:c16]
2019-07-13 20:27:50,885 INFO  client.GrpcClientProtocolClient (GrpcClientProtocolClient.java:onNext(255)) - client-08EAE4BC020C->1d967e2d-b700-42c4-a2b3-153b0a458c5c: receive RaftClientReply:client-08EAE4BC020C->1d967e2d-b700-42c4-a2b3-153b0a458c5c@group-023D0F14E27C, cid=22, FAILED org.apache.ratis.protocol.NotLeaderException: Server 1d967e2d-b700-42c4-a2b3-153b0a458c5c is not the leader (null). Request must be sent to leader., logIndex=0, commits[1d967e2d-b700-42c4-a2b3-153b0a458c5c:c16, 4968f71e-b86a-4dba-9a34-2f43601aaff0:c16, 679e13b5-cbeb-48af-8f93-74b3a1ecf3c4:c16]
2019-07-13 20:27:51,611 INFO  impl.FollowerState (FollowerState.java:run(106)) - 1d967e2d-b700-42c4-a2b3-153b0a458c5c:group-023D0F14E27C changes to CANDIDATE, lastRpcTime:5092, electionTimeout:5090ms
2019-07-13 20:27:51,614 INFO  impl.RoleInfo (RoleInfo.java:shutdownFollowerState(121)) - 1d967e2d-b700-42c4-a2b3-153b0a458c5c: shutdown FollowerState
2019-07-13 20:27:51,614 INFO  impl.RaftServerImpl (RaftServerImpl.java:setRole(171)) - 1d967e2d-b700-42c4-a2b3-153b0a458c5c:group-023D0F14E27C changes role from FOLLOWER to CANDIDATE at term 7 for changeToCandidate
2019-07-13 20:27:51,614 INFO  impl.RoleInfo (RoleInfo.java:updateAndGet(143)) - 1d967e2d-b700-42c4-a2b3-153b0a458c5c: start LeaderElection
2019-07-13 20:27:51,629 INFO  impl.LeaderElection (LeaderElection.java:askForVotes(181)) - 1d967e2d-b700-42c4-a2b3-153b0a458c5c:group-023D0F14E27C:LeaderElection17: begin an election at term 8 for 0: [4968f71e-b86a-4dba-9a34-2f43601aaff0:192.168.5.168:45613, 1d967e2d-b700-42c4-a2b3-153b0a458c5c:192.168.5.168:46665, 679e13b5-cbeb-48af-8f93-74b3a1ecf3c4:192.168.5.168:36078], old=null
2019-07-13 20:27:51,632 INFO  impl.LeaderElection (LogUtils.java:infoOrTrace(149)) - 1d967e2d-b700-42c4-a2b3-153b0a458c5c:group-023D0F14E27C:LeaderElection17 got exception when requesting votes: {}
java.util.concurrent.ExecutionException: org.apache.ratis.thirdparty.io.grpc.StatusRuntimeException: UNAVAILABLE: io exception
	at java.util.concurrent.FutureTask.report(FutureTask.java:122)
	at java.util.concurrent.FutureTask.get(FutureTask.java:192)
	at org.apache.ratis.server.impl.LeaderElection.waitForResults(LeaderElection.java:262)
	at org.apache.ratis.server.impl.LeaderElection.askForVotes(LeaderElection.java:200)
	at org.apache.ratis.server.impl.LeaderElection.run(LeaderElection.java:130)
	at java.lang.Thread.run(Thread.java:748)
Caused by: org.apache.ratis.thirdparty.io.grpc.StatusRuntimeException: UNAVAILABLE: io exception
	at org.apache.ratis.thirdparty.io.grpc.stub.ClientCalls.toStatusRuntimeException(ClientCalls.java:233)
	at org.apache.ratis.thirdparty.io.grpc.stub.ClientCalls.getUnchecked(ClientCalls.java:214)
	at org.apache.ratis.thirdparty.io.grpc.stub.ClientCalls.blockingUnaryCall(ClientCalls.java:139)
	at org.apache.ratis.proto.grpc.RaftServerProtocolServiceGrpc$RaftServerProtocolServiceBlockingStub.requestVote(RaftServerProtocolServiceGrpc.java:265)
	at org.apache.ratis.grpc.server.GrpcServerProtocolClient.requestVote(GrpcServerProtocolClient.java:83)
	at org.apache.ratis.grpc.server.GrpcService.requestVote(GrpcService.java:195)
	at org.apache.ratis.server.impl.LeaderElection.lambda$submitRequests$1(LeaderElection.java:237)
	at java.util.concurrent.FutureTask.run(FutureTask.java:266)
	at java.util.concurrent.Executors$RunnableAdapter.call(Executors.java:511)
	at java.util.concurrent.FutureTask.run(FutureTask.java:266)
	at java.util.concurrent.ThreadPoolExecutor.runWorker(ThreadPoolExecutor.java:1149)
	at java.util.concurrent.ThreadPoolExecutor$Worker.run(ThreadPoolExecutor.java:624)
	... 1 more
Caused by: org.apache.ratis.thirdparty.io.netty.channel.AbstractChannel$AnnotatedConnectException: Connection refused: /192.168.5.168:36078
	at sun.nio.ch.SocketChannelImpl.checkConnect(Native Method)
	at sun.nio.ch.SocketChannelImpl.finishConnect(SocketChannelImpl.java:717)
	at org.apache.ratis.thirdparty.io.netty.channel.socket.nio.NioSocketChannel.doFinishConnect(NioSocketChannel.java:327)
	at org.apache.ratis.thirdparty.io.netty.channel.nio.AbstractNioChannel$AbstractNioUnsafe.finishConnect(AbstractNioChannel.java:340)
	at org.apache.ratis.thirdparty.io.netty.channel.nio.NioEventLoop.processSelectedKey(NioEventLoop.java:632)
	at org.apache.ratis.thirdparty.io.netty.channel.nio.NioEventLoop.processSelectedKeysOptimized(NioEventLoop.java:579)
	at org.apache.ratis.thirdparty.io.netty.channel.nio.NioEventLoop.processSelectedKeys(NioEventLoop.java:496)
	at org.apache.ratis.thirdparty.io.netty.channel.nio.NioEventLoop.run(NioEventLoop.java:458)
	at org.apache.ratis.thirdparty.io.netty.util.concurrent.SingleThreadEventExecutor$5.run(SingleThreadEventExecutor.java:897)
	at org.apache.ratis.thirdparty.io.netty.util.concurrent.FastThreadLocalRunnable.run(FastThreadLocalRunnable.java:30)
	... 1 more
Caused by: java.net.ConnectException: Connection refused
	... 11 more
2019-07-13 20:27:51,634 INFO  impl.LeaderElection (LogUtils.java:infoOrTrace(149)) - 1d967e2d-b700-42c4-a2b3-153b0a458c5c:group-023D0F14E27C:LeaderElection17 got exception when requesting votes: {}
java.util.concurrent.ExecutionException: org.apache.ratis.thirdparty.io.grpc.StatusRuntimeException: UNAVAILABLE: io exception
	at java.util.concurrent.FutureTask.report(FutureTask.java:122)
	at java.util.concurrent.FutureTask.get(FutureTask.java:192)
	at org.apache.ratis.server.impl.LeaderElection.waitForResults(LeaderElection.java:262)
	at org.apache.ratis.server.impl.LeaderElection.askForVotes(LeaderElection.java:200)
	at org.apache.ratis.server.impl.LeaderElection.run(LeaderElection.java:130)
	at java.lang.Thread.run(Thread.java:748)
Caused by: org.apache.ratis.thirdparty.io.grpc.StatusRuntimeException: UNAVAILABLE: io exception
	at org.apache.ratis.thirdparty.io.grpc.stub.ClientCalls.toStatusRuntimeException(ClientCalls.java:233)
	at org.apache.ratis.thirdparty.io.grpc.stub.ClientCalls.getUnchecked(ClientCalls.java:214)
	at org.apache.ratis.thirdparty.io.grpc.stub.ClientCalls.blockingUnaryCall(ClientCalls.java:139)
	at org.apache.ratis.proto.grpc.RaftServerProtocolServiceGrpc$RaftServerProtocolServiceBlockingStub.requestVote(RaftServerProtocolServiceGrpc.java:265)
	at org.apache.ratis.grpc.server.GrpcServerProtocolClient.requestVote(GrpcServerProtocolClient.java:83)
	at org.apache.ratis.grpc.server.GrpcService.requestVote(GrpcService.java:195)
	at org.apache.ratis.server.impl.LeaderElection.lambda$submitRequests$1(LeaderElection.java:237)
	at java.util.concurrent.FutureTask.run(FutureTask.java:266)
	at java.util.concurrent.Executors$RunnableAdapter.call(Executors.java:511)
	at java.util.concurrent.FutureTask.run(FutureTask.java:266)
	at java.util.concurrent.ThreadPoolExecutor.runWorker(ThreadPoolExecutor.java:1149)
	at java.util.concurrent.ThreadPoolExecutor$Worker.run(ThreadPoolExecutor.java:624)
	... 1 more
Caused by: org.apache.ratis.thirdparty.io.netty.channel.AbstractChannel$AnnotatedConnectException: Connection refused: /192.168.5.168:45613
	at sun.nio.ch.SocketChannelImpl.checkConnect(Native Method)
	at sun.nio.ch.SocketChannelImpl.finishConnect(SocketChannelImpl.java:717)
	at org.apache.ratis.thirdparty.io.netty.channel.socket.nio.NioSocketChannel.doFinishConnect(NioSocketChannel.java:327)
	at org.apache.ratis.thirdparty.io.netty.channel.nio.AbstractNioChannel$AbstractNioUnsafe.finishConnect(AbstractNioChannel.java:340)
	at org.apache.ratis.thirdparty.io.netty.channel.nio.NioEventLoop.processSelectedKey(NioEventLoop.java:632)
	at org.apache.ratis.thirdparty.io.netty.channel.nio.NioEventLoop.processSelectedKeysOptimized(NioEventLoop.java:579)
	at org.apache.ratis.thirdparty.io.netty.channel.nio.NioEventLoop.processSelectedKeys(NioEventLoop.java:496)
	at org.apache.ratis.thirdparty.io.netty.channel.nio.NioEventLoop.run(NioEventLoop.java:458)
	at org.apache.ratis.thirdparty.io.netty.util.concurrent.SingleThreadEventExecutor$5.run(SingleThreadEventExecutor.java:897)
	at org.apache.ratis.thirdparty.io.netty.util.concurrent.FastThreadLocalRunnable.run(FastThreadLocalRunnable.java:30)
	... 1 more
Caused by: java.net.ConnectException: Connection refused
	... 11 more
2019-07-13 20:27:51,636 INFO  impl.LeaderElection (LeaderElection.java:logAndReturn(56)) - 1d967e2d-b700-42c4-a2b3-153b0a458c5c:group-023D0F14E27C:LeaderElection17: Election REJECTED; received 0 response(s) [] and 2 exception(s); 1d967e2d-b700-42c4-a2b3-153b0a458c5c:t8, leader=null, voted=1d967e2d-b700-42c4-a2b3-153b0a458c5c, raftlog=1d967e2d-b700-42c4-a2b3-153b0a458c5c-SegmentedRaftLog:OPENED:c16,f16,i16, conf=0: [4968f71e-b86a-4dba-9a34-2f43601aaff0:192.168.5.168:45613, 1d967e2d-b700-42c4-a2b3-153b0a458c5c:192.168.5.168:46665, 679e13b5-cbeb-48af-8f93-74b3a1ecf3c4:192.168.5.168:36078], old=null
2019-07-13 20:27:51,637 INFO  impl.LeaderElection (LogUtils.java:infoOrTrace(149)) -   Exception 0: {}
java.util.concurrent.ExecutionException: org.apache.ratis.thirdparty.io.grpc.StatusRuntimeException: UNAVAILABLE: io exception
	at java.util.concurrent.FutureTask.report(FutureTask.java:122)
	at java.util.concurrent.FutureTask.get(FutureTask.java:192)
	at org.apache.ratis.server.impl.LeaderElection.waitForResults(LeaderElection.java:262)
	at org.apache.ratis.server.impl.LeaderElection.askForVotes(LeaderElection.java:200)
	at org.apache.ratis.server.impl.LeaderElection.run(LeaderElection.java:130)
	at java.lang.Thread.run(Thread.java:748)
Caused by: org.apache.ratis.thirdparty.io.grpc.StatusRuntimeException: UNAVAILABLE: io exception
	at org.apache.ratis.thirdparty.io.grpc.stub.ClientCalls.toStatusRuntimeException(ClientCalls.java:233)
	at org.apache.ratis.thirdparty.io.grpc.stub.ClientCalls.getUnchecked(ClientCalls.java:214)
	at org.apache.ratis.thirdparty.io.grpc.stub.ClientCalls.blockingUnaryCall(ClientCalls.java:139)
	at org.apache.ratis.proto.grpc.RaftServerProtocolServiceGrpc$RaftServerProtocolServiceBlockingStub.requestVote(RaftServerProtocolServiceGrpc.java:265)
	at org.apache.ratis.grpc.server.GrpcServerProtocolClient.requestVote(GrpcServerProtocolClient.java:83)
	at org.apache.ratis.grpc.server.GrpcService.requestVote(GrpcService.java:195)
	at org.apache.ratis.server.impl.LeaderElection.lambda$submitRequests$1(LeaderElection.java:237)
	at java.util.concurrent.FutureTask.run(FutureTask.java:266)
	at java.util.concurrent.Executors$RunnableAdapter.call(Executors.java:511)
	at java.util.concurrent.FutureTask.run(FutureTask.java:266)
	at java.util.concurrent.ThreadPoolExecutor.runWorker(ThreadPoolExecutor.java:1149)
	at java.util.concurrent.ThreadPoolExecutor$Worker.run(ThreadPoolExecutor.java:624)
	... 1 more
Caused by: org.apache.ratis.thirdparty.io.netty.channel.AbstractChannel$AnnotatedConnectException: Connection refused: /192.168.5.168:36078
	at sun.nio.ch.SocketChannelImpl.checkConnect(Native Method)
	at sun.nio.ch.SocketChannelImpl.finishConnect(SocketChannelImpl.java:717)
	at org.apache.ratis.thirdparty.io.netty.channel.socket.nio.NioSocketChannel.doFinishConnect(NioSocketChannel.java:327)
	at org.apache.ratis.thirdparty.io.netty.channel.nio.AbstractNioChannel$AbstractNioUnsafe.finishConnect(AbstractNioChannel.java:340)
	at org.apache.ratis.thirdparty.io.netty.channel.nio.NioEventLoop.processSelectedKey(NioEventLoop.java:632)
	at org.apache.ratis.thirdparty.io.netty.channel.nio.NioEventLoop.processSelectedKeysOptimized(NioEventLoop.java:579)
	at org.apache.ratis.thirdparty.io.netty.channel.nio.NioEventLoop.processSelectedKeys(NioEventLoop.java:496)
	at org.apache.ratis.thirdparty.io.netty.channel.nio.NioEventLoop.run(NioEventLoop.java:458)
	at org.apache.ratis.thirdparty.io.netty.util.concurrent.SingleThreadEventExecutor$5.run(SingleThreadEventExecutor.java:897)
	at org.apache.ratis.thirdparty.io.netty.util.concurrent.FastThreadLocalRunnable.run(FastThreadLocalRunnable.java:30)
	... 1 more
Caused by: java.net.ConnectException: Connection refused
	... 11 more
2019-07-13 20:27:51,637 INFO  impl.LeaderElection (LogUtils.java:infoOrTrace(149)) -   Exception 1: {}
java.util.concurrent.ExecutionException: org.apache.ratis.thirdparty.io.grpc.StatusRuntimeException: UNAVAILABLE: io exception
	at java.util.concurrent.FutureTask.report(FutureTask.java:122)
	at java.util.concurrent.FutureTask.get(FutureTask.java:192)
	at org.apache.ratis.server.impl.LeaderElection.waitForResults(LeaderElection.java:262)
	at org.apache.ratis.server.impl.LeaderElection.askForVotes(LeaderElection.java:200)
	at org.apache.ratis.server.impl.LeaderElection.run(LeaderElection.java:130)
	at java.lang.Thread.run(Thread.java:748)
Caused by: org.apache.ratis.thirdparty.io.grpc.StatusRuntimeException: UNAVAILABLE: io exception
	at org.apache.ratis.thirdparty.io.grpc.stub.ClientCalls.toStatusRuntimeException(ClientCalls.java:233)
	at org.apache.ratis.thirdparty.io.grpc.stub.ClientCalls.getUnchecked(ClientCalls.java:214)
	at org.apache.ratis.thirdparty.io.grpc.stub.ClientCalls.blockingUnaryCall(ClientCalls.java:139)
	at org.apache.ratis.proto.grpc.RaftServerProtocolServiceGrpc$RaftServerProtocolServiceBlockingStub.requestVote(RaftServerProtocolServiceGrpc.java:265)
	at org.apache.ratis.grpc.server.GrpcServerProtocolClient.requestVote(GrpcServerProtocolClient.java:83)
	at org.apache.ratis.grpc.server.GrpcService.requestVote(GrpcService.java:195)
	at org.apache.ratis.server.impl.LeaderElection.lambda$submitRequests$1(LeaderElection.java:237)
	at java.util.concurrent.FutureTask.run(FutureTask.java:266)
	at java.util.concurrent.Executors$RunnableAdapter.call(Executors.java:511)
	at java.util.concurrent.FutureTask.run(FutureTask.java:266)
	at java.util.concurrent.ThreadPoolExecutor.runWorker(ThreadPoolExecutor.java:1149)
	at java.util.concurrent.ThreadPoolExecutor$Worker.run(ThreadPoolExecutor.java:624)
	... 1 more
Caused by: org.apache.ratis.thirdparty.io.netty.channel.AbstractChannel$AnnotatedConnectException: Connection refused: /192.168.5.168:45613
	at sun.nio.ch.SocketChannelImpl.checkConnect(Native Method)
	at sun.nio.ch.SocketChannelImpl.finishConnect(SocketChannelImpl.java:717)
	at org.apache.ratis.thirdparty.io.netty.channel.socket.nio.NioSocketChannel.doFinishConnect(NioSocketChannel.java:327)
	at org.apache.ratis.thirdparty.io.netty.channel.nio.AbstractNioChannel$AbstractNioUnsafe.finishConnect(AbstractNioChannel.java:340)
	at org.apache.ratis.thirdparty.io.netty.channel.nio.NioEventLoop.processSelectedKey(NioEventLoop.java:632)
	at org.apache.ratis.thirdparty.io.netty.channel.nio.NioEventLoop.processSelectedKeysOptimized(NioEventLoop.java:579)
	at org.apache.ratis.thirdparty.io.netty.channel.nio.NioEventLoop.processSelectedKeys(NioEventLoop.java:496)
	at org.apache.ratis.thirdparty.io.netty.channel.nio.NioEventLoop.run(NioEventLoop.java:458)
	at org.apache.ratis.thirdparty.io.netty.util.concurrent.SingleThreadEventExecutor$5.run(SingleThreadEventExecutor.java:897)
	at org.apache.ratis.thirdparty.io.netty.util.concurrent.FastThreadLocalRunnable.run(FastThreadLocalRunnable.java:30)
	... 1 more
Caused by: java.net.ConnectException: Connection refused
	... 11 more
2019-07-13 20:27:51,637 INFO  impl.RaftServerImpl (RaftServerImpl.java:setRole(171)) - 1d967e2d-b700-42c4-a2b3-153b0a458c5c:group-023D0F14E27C changes role from CANDIDATE to FOLLOWER at term 8 for DISCOVERED_A_NEW_TERM
2019-07-13 20:27:51,639 INFO  impl.RoleInfo (RoleInfo.java:shutdownLeaderElection(134)) - 1d967e2d-b700-42c4-a2b3-153b0a458c5c: shutdown LeaderElection
2019-07-13 20:27:51,639 INFO  impl.RoleInfo (RoleInfo.java:updateAndGet(143)) - 1d967e2d-b700-42c4-a2b3-153b0a458c5c: start FollowerState
2019-07-13 20:27:55,942 INFO  client.GrpcClientProtocolClient (GrpcClientProtocolClient.java:onNext(255)) - client-08EAE4BC020C->1d967e2d-b700-42c4-a2b3-153b0a458c5c: receive RaftClientReply:client-08EAE4BC020C->1d967e2d-b700-42c4-a2b3-153b0a458c5c@group-023D0F14E27C, cid=22, FAILED org.apache.ratis.protocol.NotLeaderException: Server 1d967e2d-b700-42c4-a2b3-153b0a458c5c is not the leader (null). Request must be sent to leader., logIndex=0, commits[1d967e2d-b700-42c4-a2b3-153b0a458c5c:c16, 4968f71e-b86a-4dba-9a34-2f43601aaff0:c16, 679e13b5-cbeb-48af-8f93-74b3a1ecf3c4:c16]
2019-07-13 20:27:56,751 INFO  impl.FollowerState (FollowerState.java:run(106)) - 1d967e2d-b700-42c4-a2b3-153b0a458c5c:group-023D0F14E27C changes to CANDIDATE, lastRpcTime:5111, electionTimeout:5110ms
2019-07-13 20:27:56,751 INFO  impl.RoleInfo (RoleInfo.java:shutdownFollowerState(121)) - 1d967e2d-b700-42c4-a2b3-153b0a458c5c: shutdown FollowerState
2019-07-13 20:27:56,752 INFO  impl.RaftServerImpl (RaftServerImpl.java:setRole(171)) - 1d967e2d-b700-42c4-a2b3-153b0a458c5c:group-023D0F14E27C changes role from FOLLOWER to CANDIDATE at term 8 for changeToCandidate
2019-07-13 20:27:56,752 INFO  impl.RoleInfo (RoleInfo.java:updateAndGet(143)) - 1d967e2d-b700-42c4-a2b3-153b0a458c5c: start LeaderElection
2019-07-13 20:27:56,770 INFO  impl.LeaderElection (LeaderElection.java:askForVotes(181)) - 1d967e2d-b700-42c4-a2b3-153b0a458c5c:group-023D0F14E27C:LeaderElection18: begin an election at term 9 for 0: [4968f71e-b86a-4dba-9a34-2f43601aaff0:192.168.5.168:45613, 1d967e2d-b700-42c4-a2b3-153b0a458c5c:192.168.5.168:46665, 679e13b5-cbeb-48af-8f93-74b3a1ecf3c4:192.168.5.168:36078], old=null
2019-07-13 20:27:56,773 INFO  impl.LeaderElection (LogUtils.java:infoOrTrace(149)) - 1d967e2d-b700-42c4-a2b3-153b0a458c5c:group-023D0F14E27C:LeaderElection18 got exception when requesting votes: {}
java.util.concurrent.ExecutionException: org.apache.ratis.thirdparty.io.grpc.StatusRuntimeException: UNAVAILABLE: io exception
	at java.util.concurrent.FutureTask.report(FutureTask.java:122)
	at java.util.concurrent.FutureTask.get(FutureTask.java:192)
	at org.apache.ratis.server.impl.LeaderElection.waitForResults(LeaderElection.java:262)
	at org.apache.ratis.server.impl.LeaderElection.askForVotes(LeaderElection.java:200)
	at org.apache.ratis.server.impl.LeaderElection.run(LeaderElection.java:130)
	at java.lang.Thread.run(Thread.java:748)
Caused by: org.apache.ratis.thirdparty.io.grpc.StatusRuntimeException: UNAVAILABLE: io exception
	at org.apache.ratis.thirdparty.io.grpc.stub.ClientCalls.toStatusRuntimeException(ClientCalls.java:233)
	at org.apache.ratis.thirdparty.io.grpc.stub.ClientCalls.getUnchecked(ClientCalls.java:214)
	at org.apache.ratis.thirdparty.io.grpc.stub.ClientCalls.blockingUnaryCall(ClientCalls.java:139)
	at org.apache.ratis.proto.grpc.RaftServerProtocolServiceGrpc$RaftServerProtocolServiceBlockingStub.requestVote(RaftServerProtocolServiceGrpc.java:265)
	at org.apache.ratis.grpc.server.GrpcServerProtocolClient.requestVote(GrpcServerProtocolClient.java:83)
	at org.apache.ratis.grpc.server.GrpcService.requestVote(GrpcService.java:195)
	at org.apache.ratis.server.impl.LeaderElection.lambda$submitRequests$1(LeaderElection.java:237)
	at java.util.concurrent.FutureTask.run(FutureTask.java:266)
	at java.util.concurrent.Executors$RunnableAdapter.call(Executors.java:511)
	at java.util.concurrent.FutureTask.run(FutureTask.java:266)
	at java.util.concurrent.ThreadPoolExecutor.runWorker(ThreadPoolExecutor.java:1149)
	at java.util.concurrent.ThreadPoolExecutor$Worker.run(ThreadPoolExecutor.java:624)
	... 1 more
Caused by: org.apache.ratis.thirdparty.io.netty.channel.AbstractChannel$AnnotatedConnectException: Connection refused: /192.168.5.168:45613
	at sun.nio.ch.SocketChannelImpl.checkConnect(Native Method)
	at sun.nio.ch.SocketChannelImpl.finishConnect(SocketChannelImpl.java:717)
	at org.apache.ratis.thirdparty.io.netty.channel.socket.nio.NioSocketChannel.doFinishConnect(NioSocketChannel.java:327)
	at org.apache.ratis.thirdparty.io.netty.channel.nio.AbstractNioChannel$AbstractNioUnsafe.finishConnect(AbstractNioChannel.java:340)
	at org.apache.ratis.thirdparty.io.netty.channel.nio.NioEventLoop.processSelectedKey(NioEventLoop.java:632)
	at org.apache.ratis.thirdparty.io.netty.channel.nio.NioEventLoop.processSelectedKeysOptimized(NioEventLoop.java:579)
	at org.apache.ratis.thirdparty.io.netty.channel.nio.NioEventLoop.processSelectedKeys(NioEventLoop.java:496)
	at org.apache.ratis.thirdparty.io.netty.channel.nio.NioEventLoop.run(NioEventLoop.java:458)
	at org.apache.ratis.thirdparty.io.netty.util.concurrent.SingleThreadEventExecutor$5.run(SingleThreadEventExecutor.java:897)
	at org.apache.ratis.thirdparty.io.netty.util.concurrent.FastThreadLocalRunnable.run(FastThreadLocalRunnable.java:30)
	... 1 more
Caused by: java.net.ConnectException: Connection refused
	... 11 more
2019-07-13 20:27:56,776 INFO  impl.LeaderElection (LogUtils.java:infoOrTrace(149)) - 1d967e2d-b700-42c4-a2b3-153b0a458c5c:group-023D0F14E27C:LeaderElection18 got exception when requesting votes: {}
java.util.concurrent.ExecutionException: org.apache.ratis.thirdparty.io.grpc.StatusRuntimeException: UNAVAILABLE: io exception
	at java.util.concurrent.FutureTask.report(FutureTask.java:122)
	at java.util.concurrent.FutureTask.get(FutureTask.java:192)
	at org.apache.ratis.server.impl.LeaderElection.waitForResults(LeaderElection.java:262)
	at org.apache.ratis.server.impl.LeaderElection.askForVotes(LeaderElection.java:200)
	at org.apache.ratis.server.impl.LeaderElection.run(LeaderElection.java:130)
	at java.lang.Thread.run(Thread.java:748)
Caused by: org.apache.ratis.thirdparty.io.grpc.StatusRuntimeException: UNAVAILABLE: io exception
	at org.apache.ratis.thirdparty.io.grpc.stub.ClientCalls.toStatusRuntimeException(ClientCalls.java:233)
	at org.apache.ratis.thirdparty.io.grpc.stub.ClientCalls.getUnchecked(ClientCalls.java:214)
	at org.apache.ratis.thirdparty.io.grpc.stub.ClientCalls.blockingUnaryCall(ClientCalls.java:139)
	at org.apache.ratis.proto.grpc.RaftServerProtocolServiceGrpc$RaftServerProtocolServiceBlockingStub.requestVote(RaftServerProtocolServiceGrpc.java:265)
	at org.apache.ratis.grpc.server.GrpcServerProtocolClient.requestVote(GrpcServerProtocolClient.java:83)
	at org.apache.ratis.grpc.server.GrpcService.requestVote(GrpcService.java:195)
	at org.apache.ratis.server.impl.LeaderElection.lambda$submitRequests$1(LeaderElection.java:237)
	at java.util.concurrent.FutureTask.run(FutureTask.java:266)
	at java.util.concurrent.Executors$RunnableAdapter.call(Executors.java:511)
	at java.util.concurrent.FutureTask.run(FutureTask.java:266)
	at java.util.concurrent.ThreadPoolExecutor.runWorker(ThreadPoolExecutor.java:1149)
	at java.util.concurrent.ThreadPoolExecutor$Worker.run(ThreadPoolExecutor.java:624)
	... 1 more
Caused by: org.apache.ratis.thirdparty.io.netty.channel.AbstractChannel$AnnotatedConnectException: Connection refused: /192.168.5.168:36078
	at sun.nio.ch.SocketChannelImpl.checkConnect(Native Method)
	at sun.nio.ch.SocketChannelImpl.finishConnect(SocketChannelImpl.java:717)
	at org.apache.ratis.thirdparty.io.netty.channel.socket.nio.NioSocketChannel.doFinishConnect(NioSocketChannel.java:327)
	at org.apache.ratis.thirdparty.io.netty.channel.nio.AbstractNioChannel$AbstractNioUnsafe.finishConnect(AbstractNioChannel.java:340)
	at org.apache.ratis.thirdparty.io.netty.channel.nio.NioEventLoop.processSelectedKey(NioEventLoop.java:632)
	at org.apache.ratis.thirdparty.io.netty.channel.nio.NioEventLoop.processSelectedKeysOptimized(NioEventLoop.java:579)
	at org.apache.ratis.thirdparty.io.netty.channel.nio.NioEventLoop.processSelectedKeys(NioEventLoop.java:496)
	at org.apache.ratis.thirdparty.io.netty.channel.nio.NioEventLoop.run(NioEventLoop.java:458)
	at org.apache.ratis.thirdparty.io.netty.util.concurrent.SingleThreadEventExecutor$5.run(SingleThreadEventExecutor.java:897)
	at org.apache.ratis.thirdparty.io.netty.util.concurrent.FastThreadLocalRunnable.run(FastThreadLocalRunnable.java:30)
	... 1 more
Caused by: java.net.ConnectException: Connection refused
	... 11 more
2019-07-13 20:27:56,778 INFO  impl.LeaderElection (LeaderElection.java:logAndReturn(56)) - 1d967e2d-b700-42c4-a2b3-153b0a458c5c:group-023D0F14E27C:LeaderElection18: Election REJECTED; received 0 response(s) [] and 2 exception(s); 1d967e2d-b700-42c4-a2b3-153b0a458c5c:t9, leader=null, voted=1d967e2d-b700-42c4-a2b3-153b0a458c5c, raftlog=1d967e2d-b700-42c4-a2b3-153b0a458c5c-SegmentedRaftLog:OPENED:c16,f16,i16, conf=0: [4968f71e-b86a-4dba-9a34-2f43601aaff0:192.168.5.168:45613, 1d967e2d-b700-42c4-a2b3-153b0a458c5c:192.168.5.168:46665, 679e13b5-cbeb-48af-8f93-74b3a1ecf3c4:192.168.5.168:36078], old=null
2019-07-13 20:27:56,779 INFO  impl.LeaderElection (LogUtils.java:infoOrTrace(149)) -   Exception 0: {}
java.util.concurrent.ExecutionException: org.apache.ratis.thirdparty.io.grpc.StatusRuntimeException: UNAVAILABLE: io exception
	at java.util.concurrent.FutureTask.report(FutureTask.java:122)
	at java.util.concurrent.FutureTask.get(FutureTask.java:192)
	at org.apache.ratis.server.impl.LeaderElection.waitForResults(LeaderElection.java:262)
	at org.apache.ratis.server.impl.LeaderElection.askForVotes(LeaderElection.java:200)
	at org.apache.ratis.server.impl.LeaderElection.run(LeaderElection.java:130)
	at java.lang.Thread.run(Thread.java:748)
Caused by: org.apache.ratis.thirdparty.io.grpc.StatusRuntimeException: UNAVAILABLE: io exception
	at org.apache.ratis.thirdparty.io.grpc.stub.ClientCalls.toStatusRuntimeException(ClientCalls.java:233)
	at org.apache.ratis.thirdparty.io.grpc.stub.ClientCalls.getUnchecked(ClientCalls.java:214)
	at org.apache.ratis.thirdparty.io.grpc.stub.ClientCalls.blockingUnaryCall(ClientCalls.java:139)
	at org.apache.ratis.proto.grpc.RaftServerProtocolServiceGrpc$RaftServerProtocolServiceBlockingStub.requestVote(RaftServerProtocolServiceGrpc.java:265)
	at org.apache.ratis.grpc.server.GrpcServerProtocolClient.requestVote(GrpcServerProtocolClient.java:83)
	at org.apache.ratis.grpc.server.GrpcService.requestVote(GrpcService.java:195)
	at org.apache.ratis.server.impl.LeaderElection.lambda$submitRequests$1(LeaderElection.java:237)
	at java.util.concurrent.FutureTask.run(FutureTask.java:266)
	at java.util.concurrent.Executors$RunnableAdapter.call(Executors.java:511)
	at java.util.concurrent.FutureTask.run(FutureTask.java:266)
	at java.util.concurrent.ThreadPoolExecutor.runWorker(ThreadPoolExecutor.java:1149)
	at java.util.concurrent.ThreadPoolExecutor$Worker.run(ThreadPoolExecutor.java:624)
	... 1 more
Caused by: org.apache.ratis.thirdparty.io.netty.channel.AbstractChannel$AnnotatedConnectException: Connection refused: /192.168.5.168:45613
	at sun.nio.ch.SocketChannelImpl.checkConnect(Native Method)
	at sun.nio.ch.SocketChannelImpl.finishConnect(SocketChannelImpl.java:717)
	at org.apache.ratis.thirdparty.io.netty.channel.socket.nio.NioSocketChannel.doFinishConnect(NioSocketChannel.java:327)
	at org.apache.ratis.thirdparty.io.netty.channel.nio.AbstractNioChannel$AbstractNioUnsafe.finishConnect(AbstractNioChannel.java:340)
	at org.apache.ratis.thirdparty.io.netty.channel.nio.NioEventLoop.processSelectedKey(NioEventLoop.java:632)
	at org.apache.ratis.thirdparty.io.netty.channel.nio.NioEventLoop.processSelectedKeysOptimized(NioEventLoop.java:579)
	at org.apache.ratis.thirdparty.io.netty.channel.nio.NioEventLoop.processSelectedKeys(NioEventLoop.java:496)
	at org.apache.ratis.thirdparty.io.netty.channel.nio.NioEventLoop.run(NioEventLoop.java:458)
	at org.apache.ratis.thirdparty.io.netty.util.concurrent.SingleThreadEventExecutor$5.run(SingleThreadEventExecutor.java:897)
	at org.apache.ratis.thirdparty.io.netty.util.concurrent.FastThreadLocalRunnable.run(FastThreadLocalRunnable.java:30)
	... 1 more
Caused by: java.net.ConnectException: Connection refused
	... 11 more
2019-07-13 20:27:56,779 INFO  impl.LeaderElection (LogUtils.java:infoOrTrace(149)) -   Exception 1: {}
java.util.concurrent.ExecutionException: org.apache.ratis.thirdparty.io.grpc.StatusRuntimeException: UNAVAILABLE: io exception
	at java.util.concurrent.FutureTask.report(FutureTask.java:122)
	at java.util.concurrent.FutureTask.get(FutureTask.java:192)
	at org.apache.ratis.server.impl.LeaderElection.waitForResults(LeaderElection.java:262)
	at org.apache.ratis.server.impl.LeaderElection.askForVotes(LeaderElection.java:200)
	at org.apache.ratis.server.impl.LeaderElection.run(LeaderElection.java:130)
	at java.lang.Thread.run(Thread.java:748)
Caused by: org.apache.ratis.thirdparty.io.grpc.StatusRuntimeException: UNAVAILABLE: io exception
	at org.apache.ratis.thirdparty.io.grpc.stub.ClientCalls.toStatusRuntimeException(ClientCalls.java:233)
	at org.apache.ratis.thirdparty.io.grpc.stub.ClientCalls.getUnchecked(ClientCalls.java:214)
	at org.apache.ratis.thirdparty.io.grpc.stub.ClientCalls.blockingUnaryCall(ClientCalls.java:139)
	at org.apache.ratis.proto.grpc.RaftServerProtocolServiceGrpc$RaftServerProtocolServiceBlockingStub.requestVote(RaftServerProtocolServiceGrpc.java:265)
	at org.apache.ratis.grpc.server.GrpcServerProtocolClient.requestVote(GrpcServerProtocolClient.java:83)
	at org.apache.ratis.grpc.server.GrpcService.requestVote(GrpcService.java:195)
	at org.apache.ratis.server.impl.LeaderElection.lambda$submitRequests$1(LeaderElection.java:237)
	at java.util.concurrent.FutureTask.run(FutureTask.java:266)
	at java.util.concurrent.Executors$RunnableAdapter.call(Executors.java:511)
	at java.util.concurrent.FutureTask.run(FutureTask.java:266)
	at java.util.concurrent.ThreadPoolExecutor.runWorker(ThreadPoolExecutor.java:1149)
	at java.util.concurrent.ThreadPoolExecutor$Worker.run(ThreadPoolExecutor.java:624)
	... 1 more
Caused by: org.apache.ratis.thirdparty.io.netty.channel.AbstractChannel$AnnotatedConnectException: Connection refused: /192.168.5.168:36078
	at sun.nio.ch.SocketChannelImpl.checkConnect(Native Method)
	at sun.nio.ch.SocketChannelImpl.finishConnect(SocketChannelImpl.java:717)
	at org.apache.ratis.thirdparty.io.netty.channel.socket.nio.NioSocketChannel.doFinishConnect(NioSocketChannel.java:327)
	at org.apache.ratis.thirdparty.io.netty.channel.nio.AbstractNioChannel$AbstractNioUnsafe.finishConnect(AbstractNioChannel.java:340)
	at org.apache.ratis.thirdparty.io.netty.channel.nio.NioEventLoop.processSelectedKey(NioEventLoop.java:632)
	at org.apache.ratis.thirdparty.io.netty.channel.nio.NioEventLoop.processSelectedKeysOptimized(NioEventLoop.java:579)
	at org.apache.ratis.thirdparty.io.netty.channel.nio.NioEventLoop.processSelectedKeys(NioEventLoop.java:496)
	at org.apache.ratis.thirdparty.io.netty.channel.nio.NioEventLoop.run(NioEventLoop.java:458)
	at org.apache.ratis.thirdparty.io.netty.util.concurrent.SingleThreadEventExecutor$5.run(SingleThreadEventExecutor.java:897)
	at org.apache.ratis.thirdparty.io.netty.util.concurrent.FastThreadLocalRunnable.run(FastThreadLocalRunnable.java:30)
	... 1 more
Caused by: java.net.ConnectException: Connection refused
	... 11 more
2019-07-13 20:27:56,779 INFO  impl.RaftServerImpl (RaftServerImpl.java:setRole(171)) - 1d967e2d-b700-42c4-a2b3-153b0a458c5c:group-023D0F14E27C changes role from CANDIDATE to FOLLOWER at term 9 for DISCOVERED_A_NEW_TERM
2019-07-13 20:27:56,783 INFO  impl.RoleInfo (RoleInfo.java:shutdownLeaderElection(134)) - 1d967e2d-b700-42c4-a2b3-153b0a458c5c: shutdown LeaderElection
2019-07-13 20:27:56,783 INFO  impl.RoleInfo (RoleInfo.java:updateAndGet(143)) - 1d967e2d-b700-42c4-a2b3-153b0a458c5c: start FollowerState
2019-07-13 20:27:57,963 INFO  client.GrpcClientProtocolClient (GrpcClientProtocolClient.java:onNext(255)) - client-08EAE4BC020C->1d967e2d-b700-42c4-a2b3-153b0a458c5c: receive RaftClientReply:client-08EAE4BC020C->1d967e2d-b700-42c4-a2b3-153b0a458c5c@group-023D0F14E27C, cid=22, FAILED org.apache.ratis.protocol.NotLeaderException: Server 1d967e2d-b700-42c4-a2b3-153b0a458c5c is not the leader (null). Request must be sent to leader., logIndex=0, commits[1d967e2d-b700-42c4-a2b3-153b0a458c5c:c16, 4968f71e-b86a-4dba-9a34-2f43601aaff0:c16, 679e13b5-cbeb-48af-8f93-74b3a1ecf3c4:c16]
2019-07-13 20:27:59,990 INFO  client.GrpcClientProtocolClient (GrpcClientProtocolClient.java:onNext(255)) - client-08EAE4BC020C->1d967e2d-b700-42c4-a2b3-153b0a458c5c: receive RaftClientReply:client-08EAE4BC020C->1d967e2d-b700-42c4-a2b3-153b0a458c5c@group-023D0F14E27C, cid=22, FAILED org.apache.ratis.protocol.NotLeaderException: Server 1d967e2d-b700-42c4-a2b3-153b0a458c5c is not the leader (null). Request must be sent to leader., logIndex=0, commits[1d967e2d-b700-42c4-a2b3-153b0a458c5c:c16, 4968f71e-b86a-4dba-9a34-2f43601aaff0:c16, 679e13b5-cbeb-48af-8f93-74b3a1ecf3c4:c16]
2019-07-13 20:28:01,934 INFO  impl.FollowerState (FollowerState.java:run(106)) - 1d967e2d-b700-42c4-a2b3-153b0a458c5c:group-023D0F14E27C changes to CANDIDATE, lastRpcTime:5150, electionTimeout:5148ms
2019-07-13 20:28:01,938 INFO  impl.RoleInfo (RoleInfo.java:shutdownFollowerState(121)) - 1d967e2d-b700-42c4-a2b3-153b0a458c5c: shutdown FollowerState
2019-07-13 20:28:01,938 INFO  impl.RaftServerImpl (RaftServerImpl.java:setRole(171)) - 1d967e2d-b700-42c4-a2b3-153b0a458c5c:group-023D0F14E27C changes role from FOLLOWER to CANDIDATE at term 9 for changeToCandidate
2019-07-13 20:28:01,938 INFO  impl.RoleInfo (RoleInfo.java:updateAndGet(143)) - 1d967e2d-b700-42c4-a2b3-153b0a458c5c: start LeaderElection
2019-07-13 20:28:01,953 INFO  impl.LeaderElection (LeaderElection.java:askForVotes(181)) - 1d967e2d-b700-42c4-a2b3-153b0a458c5c:group-023D0F14E27C:LeaderElection19: begin an election at term 10 for 0: [4968f71e-b86a-4dba-9a34-2f43601aaff0:192.168.5.168:45613, 1d967e2d-b700-42c4-a2b3-153b0a458c5c:192.168.5.168:46665, 679e13b5-cbeb-48af-8f93-74b3a1ecf3c4:192.168.5.168:36078], old=null
2019-07-13 20:28:01,956 INFO  impl.LeaderElection (LogUtils.java:infoOrTrace(149)) - 1d967e2d-b700-42c4-a2b3-153b0a458c5c:group-023D0F14E27C:LeaderElection19 got exception when requesting votes: {}
java.util.concurrent.ExecutionException: org.apache.ratis.thirdparty.io.grpc.StatusRuntimeException: UNAVAILABLE: io exception
	at java.util.concurrent.FutureTask.report(FutureTask.java:122)
	at java.util.concurrent.FutureTask.get(FutureTask.java:192)
	at org.apache.ratis.server.impl.LeaderElection.waitForResults(LeaderElection.java:262)
	at org.apache.ratis.server.impl.LeaderElection.askForVotes(LeaderElection.java:200)
	at org.apache.ratis.server.impl.LeaderElection.run(LeaderElection.java:130)
	at java.lang.Thread.run(Thread.java:748)
Caused by: org.apache.ratis.thirdparty.io.grpc.StatusRuntimeException: UNAVAILABLE: io exception
	at org.apache.ratis.thirdparty.io.grpc.stub.ClientCalls.toStatusRuntimeException(ClientCalls.java:233)
	at org.apache.ratis.thirdparty.io.grpc.stub.ClientCalls.getUnchecked(ClientCalls.java:214)
	at org.apache.ratis.thirdparty.io.grpc.stub.ClientCalls.blockingUnaryCall(ClientCalls.java:139)
	at org.apache.ratis.proto.grpc.RaftServerProtocolServiceGrpc$RaftServerProtocolServiceBlockingStub.requestVote(RaftServerProtocolServiceGrpc.java:265)
	at org.apache.ratis.grpc.server.GrpcServerProtocolClient.requestVote(GrpcServerProtocolClient.java:83)
	at org.apache.ratis.grpc.server.GrpcService.requestVote(GrpcService.java:195)
	at org.apache.ratis.server.impl.LeaderElection.lambda$submitRequests$1(LeaderElection.java:237)
	at java.util.concurrent.FutureTask.run(FutureTask.java:266)
	at java.util.concurrent.Executors$RunnableAdapter.call(Executors.java:511)
	at java.util.concurrent.FutureTask.run(FutureTask.java:266)
	at java.util.concurrent.ThreadPoolExecutor.runWorker(ThreadPoolExecutor.java:1149)
	at java.util.concurrent.ThreadPoolExecutor$Worker.run(ThreadPoolExecutor.java:624)
	... 1 more
Caused by: org.apache.ratis.thirdparty.io.netty.channel.AbstractChannel$AnnotatedConnectException: Connection refused: /192.168.5.168:45613
	at sun.nio.ch.SocketChannelImpl.checkConnect(Native Method)
	at sun.nio.ch.SocketChannelImpl.finishConnect(SocketChannelImpl.java:717)
	at org.apache.ratis.thirdparty.io.netty.channel.socket.nio.NioSocketChannel.doFinishConnect(NioSocketChannel.java:327)
	at org.apache.ratis.thirdparty.io.netty.channel.nio.AbstractNioChannel$AbstractNioUnsafe.finishConnect(AbstractNioChannel.java:340)
	at org.apache.ratis.thirdparty.io.netty.channel.nio.NioEventLoop.processSelectedKey(NioEventLoop.java:632)
	at org.apache.ratis.thirdparty.io.netty.channel.nio.NioEventLoop.processSelectedKeysOptimized(NioEventLoop.java:579)
	at org.apache.ratis.thirdparty.io.netty.channel.nio.NioEventLoop.processSelectedKeys(NioEventLoop.java:496)
	at org.apache.ratis.thirdparty.io.netty.channel.nio.NioEventLoop.run(NioEventLoop.java:458)
	at org.apache.ratis.thirdparty.io.netty.util.concurrent.SingleThreadEventExecutor$5.run(SingleThreadEventExecutor.java:897)
	at org.apache.ratis.thirdparty.io.netty.util.concurrent.FastThreadLocalRunnable.run(FastThreadLocalRunnable.java:30)
	... 1 more
Caused by: java.net.ConnectException: Connection refused
	... 11 more
2019-07-13 20:28:01,958 INFO  impl.LeaderElection (LogUtils.java:infoOrTrace(149)) - 1d967e2d-b700-42c4-a2b3-153b0a458c5c:group-023D0F14E27C:LeaderElection19 got exception when requesting votes: {}
java.util.concurrent.ExecutionException: org.apache.ratis.thirdparty.io.grpc.StatusRuntimeException: UNAVAILABLE: io exception
	at java.util.concurrent.FutureTask.report(FutureTask.java:122)
	at java.util.concurrent.FutureTask.get(FutureTask.java:192)
	at org.apache.ratis.server.impl.LeaderElection.waitForResults(LeaderElection.java:262)
	at org.apache.ratis.server.impl.LeaderElection.askForVotes(LeaderElection.java:200)
	at org.apache.ratis.server.impl.LeaderElection.run(LeaderElection.java:130)
	at java.lang.Thread.run(Thread.java:748)
Caused by: org.apache.ratis.thirdparty.io.grpc.StatusRuntimeException: UNAVAILABLE: io exception
	at org.apache.ratis.thirdparty.io.grpc.stub.ClientCalls.toStatusRuntimeException(ClientCalls.java:233)
	at org.apache.ratis.thirdparty.io.grpc.stub.ClientCalls.getUnchecked(ClientCalls.java:214)
	at org.apache.ratis.thirdparty.io.grpc.stub.ClientCalls.blockingUnaryCall(ClientCalls.java:139)
	at org.apache.ratis.proto.grpc.RaftServerProtocolServiceGrpc$RaftServerProtocolServiceBlockingStub.requestVote(RaftServerProtocolServiceGrpc.java:265)
	at org.apache.ratis.grpc.server.GrpcServerProtocolClient.requestVote(GrpcServerProtocolClient.java:83)
	at org.apache.ratis.grpc.server.GrpcService.requestVote(GrpcService.java:195)
	at org.apache.ratis.server.impl.LeaderElection.lambda$submitRequests$1(LeaderElection.java:237)
	at java.util.concurrent.FutureTask.run(FutureTask.java:266)
	at java.util.concurrent.Executors$RunnableAdapter.call(Executors.java:511)
	at java.util.concurrent.FutureTask.run(FutureTask.java:266)
	at java.util.concurrent.ThreadPoolExecutor.runWorker(ThreadPoolExecutor.java:1149)
	at java.util.concurrent.ThreadPoolExecutor$Worker.run(ThreadPoolExecutor.java:624)
	... 1 more
Caused by: org.apache.ratis.thirdparty.io.netty.channel.AbstractChannel$AnnotatedConnectException: Connection refused: /192.168.5.168:36078
	at sun.nio.ch.SocketChannelImpl.checkConnect(Native Method)
	at sun.nio.ch.SocketChannelImpl.finishConnect(SocketChannelImpl.java:717)
	at org.apache.ratis.thirdparty.io.netty.channel.socket.nio.NioSocketChannel.doFinishConnect(NioSocketChannel.java:327)
	at org.apache.ratis.thirdparty.io.netty.channel.nio.AbstractNioChannel$AbstractNioUnsafe.finishConnect(AbstractNioChannel.java:340)
	at org.apache.ratis.thirdparty.io.netty.channel.nio.NioEventLoop.processSelectedKey(NioEventLoop.java:632)
	at org.apache.ratis.thirdparty.io.netty.channel.nio.NioEventLoop.processSelectedKeysOptimized(NioEventLoop.java:579)
	at org.apache.ratis.thirdparty.io.netty.channel.nio.NioEventLoop.processSelectedKeys(NioEventLoop.java:496)
	at org.apache.ratis.thirdparty.io.netty.channel.nio.NioEventLoop.run(NioEventLoop.java:458)
	at org.apache.ratis.thirdparty.io.netty.util.concurrent.SingleThreadEventExecutor$5.run(SingleThreadEventExecutor.java:897)
	at org.apache.ratis.thirdparty.io.netty.util.concurrent.FastThreadLocalRunnable.run(FastThreadLocalRunnable.java:30)
	... 1 more
Caused by: java.net.ConnectException: Connection refused
	... 11 more
2019-07-13 20:28:01,961 INFO  impl.LeaderElection (LeaderElection.java:logAndReturn(56)) - 1d967e2d-b700-42c4-a2b3-153b0a458c5c:group-023D0F14E27C:LeaderElection19: Election REJECTED; received 0 response(s) [] and 2 exception(s); 1d967e2d-b700-42c4-a2b3-153b0a458c5c:t10, leader=null, voted=1d967e2d-b700-42c4-a2b3-153b0a458c5c, raftlog=1d967e2d-b700-42c4-a2b3-153b0a458c5c-SegmentedRaftLog:OPENED:c16,f16,i16, conf=0: [4968f71e-b86a-4dba-9a34-2f43601aaff0:192.168.5.168:45613, 1d967e2d-b700-42c4-a2b3-153b0a458c5c:192.168.5.168:46665, 679e13b5-cbeb-48af-8f93-74b3a1ecf3c4:192.168.5.168:36078], old=null
2019-07-13 20:28:01,961 INFO  impl.LeaderElection (LogUtils.java:infoOrTrace(149)) -   Exception 0: {}
java.util.concurrent.ExecutionException: org.apache.ratis.thirdparty.io.grpc.StatusRuntimeException: UNAVAILABLE: io exception
	at java.util.concurrent.FutureTask.report(FutureTask.java:122)
	at java.util.concurrent.FutureTask.get(FutureTask.java:192)
	at org.apache.ratis.server.impl.LeaderElection.waitForResults(LeaderElection.java:262)
	at org.apache.ratis.server.impl.LeaderElection.askForVotes(LeaderElection.java:200)
	at org.apache.ratis.server.impl.LeaderElection.run(LeaderElection.java:130)
	at java.lang.Thread.run(Thread.java:748)
Caused by: org.apache.ratis.thirdparty.io.grpc.StatusRuntimeException: UNAVAILABLE: io exception
	at org.apache.ratis.thirdparty.io.grpc.stub.ClientCalls.toStatusRuntimeException(ClientCalls.java:233)
	at org.apache.ratis.thirdparty.io.grpc.stub.ClientCalls.getUnchecked(ClientCalls.java:214)
	at org.apache.ratis.thirdparty.io.grpc.stub.ClientCalls.blockingUnaryCall(ClientCalls.java:139)
	at org.apache.ratis.proto.grpc.RaftServerProtocolServiceGrpc$RaftServerProtocolServiceBlockingStub.requestVote(RaftServerProtocolServiceGrpc.java:265)
	at org.apache.ratis.grpc.server.GrpcServerProtocolClient.requestVote(GrpcServerProtocolClient.java:83)
	at org.apache.ratis.grpc.server.GrpcService.requestVote(GrpcService.java:195)
	at org.apache.ratis.server.impl.LeaderElection.lambda$submitRequests$1(LeaderElection.java:237)
	at java.util.concurrent.FutureTask.run(FutureTask.java:266)
	at java.util.concurrent.Executors$RunnableAdapter.call(Executors.java:511)
	at java.util.concurrent.FutureTask.run(FutureTask.java:266)
	at java.util.concurrent.ThreadPoolExecutor.runWorker(ThreadPoolExecutor.java:1149)
	at java.util.concurrent.ThreadPoolExecutor$Worker.run(ThreadPoolExecutor.java:624)
	... 1 more
Caused by: org.apache.ratis.thirdparty.io.netty.channel.AbstractChannel$AnnotatedConnectException: Connection refused: /192.168.5.168:45613
	at sun.nio.ch.SocketChannelImpl.checkConnect(Native Method)
	at sun.nio.ch.SocketChannelImpl.finishConnect(SocketChannelImpl.java:717)
	at org.apache.ratis.thirdparty.io.netty.channel.socket.nio.NioSocketChannel.doFinishConnect(NioSocketChannel.java:327)
	at org.apache.ratis.thirdparty.io.netty.channel.nio.AbstractNioChannel$AbstractNioUnsafe.finishConnect(AbstractNioChannel.java:340)
	at org.apache.ratis.thirdparty.io.netty.channel.nio.NioEventLoop.processSelectedKey(NioEventLoop.java:632)
	at org.apache.ratis.thirdparty.io.netty.channel.nio.NioEventLoop.processSelectedKeysOptimized(NioEventLoop.java:579)
	at org.apache.ratis.thirdparty.io.netty.channel.nio.NioEventLoop.processSelectedKeys(NioEventLoop.java:496)
	at org.apache.ratis.thirdparty.io.netty.channel.nio.NioEventLoop.run(NioEventLoop.java:458)
	at org.apache.ratis.thirdparty.io.netty.util.concurrent.SingleThreadEventExecutor$5.run(SingleThreadEventExecutor.java:897)
	at org.apache.ratis.thirdparty.io.netty.util.concurrent.FastThreadLocalRunnable.run(FastThreadLocalRunnable.java:30)
	... 1 more
Caused by: java.net.ConnectException: Connection refused
	... 11 more
2019-07-13 20:28:01,961 INFO  impl.LeaderElection (LogUtils.java:infoOrTrace(149)) -   Exception 1: {}
java.util.concurrent.ExecutionException: org.apache.ratis.thirdparty.io.grpc.StatusRuntimeException: UNAVAILABLE: io exception
	at java.util.concurrent.FutureTask.report(FutureTask.java:122)
	at java.util.concurrent.FutureTask.get(FutureTask.java:192)
	at org.apache.ratis.server.impl.LeaderElection.waitForResults(LeaderElection.java:262)
	at org.apache.ratis.server.impl.LeaderElection.askForVotes(LeaderElection.java:200)
	at org.apache.ratis.server.impl.LeaderElection.run(LeaderElection.java:130)
	at java.lang.Thread.run(Thread.java:748)
Caused by: org.apache.ratis.thirdparty.io.grpc.StatusRuntimeException: UNAVAILABLE: io exception
	at org.apache.ratis.thirdparty.io.grpc.stub.ClientCalls.toStatusRuntimeException(ClientCalls.java:233)
	at org.apache.ratis.thirdparty.io.grpc.stub.ClientCalls.getUnchecked(ClientCalls.java:214)
	at org.apache.ratis.thirdparty.io.grpc.stub.ClientCalls.blockingUnaryCall(ClientCalls.java:139)
	at org.apache.ratis.proto.grpc.RaftServerProtocolServiceGrpc$RaftServerProtocolServiceBlockingStub.requestVote(RaftServerProtocolServiceGrpc.java:265)
	at org.apache.ratis.grpc.server.GrpcServerProtocolClient.requestVote(GrpcServerProtocolClient.java:83)
	at org.apache.ratis.grpc.server.GrpcService.requestVote(GrpcService.java:195)
	at org.apache.ratis.server.impl.LeaderElection.lambda$submitRequests$1(LeaderElection.java:237)
	at java.util.concurrent.FutureTask.run(FutureTask.java:266)
	at java.util.concurrent.Executors$RunnableAdapter.call(Executors.java:511)
	at java.util.concurrent.FutureTask.run(FutureTask.java:266)
	at java.util.concurrent.ThreadPoolExecutor.runWorker(ThreadPoolExecutor.java:1149)
	at java.util.concurrent.ThreadPoolExecutor$Worker.run(ThreadPoolExecutor.java:624)
	... 1 more
Caused by: org.apache.ratis.thirdparty.io.netty.channel.AbstractChannel$AnnotatedConnectException: Connection refused: /192.168.5.168:36078
	at sun.nio.ch.SocketChannelImpl.checkConnect(Native Method)
	at sun.nio.ch.SocketChannelImpl.finishConnect(SocketChannelImpl.java:717)
	at org.apache.ratis.thirdparty.io.netty.channel.socket.nio.NioSocketChannel.doFinishConnect(NioSocketChannel.java:327)
	at org.apache.ratis.thirdparty.io.netty.channel.nio.AbstractNioChannel$AbstractNioUnsafe.finishConnect(AbstractNioChannel.java:340)
	at org.apache.ratis.thirdparty.io.netty.channel.nio.NioEventLoop.processSelectedKey(NioEventLoop.java:632)
	at org.apache.ratis.thirdparty.io.netty.channel.nio.NioEventLoop.processSelectedKeysOptimized(NioEventLoop.java:579)
	at org.apache.ratis.thirdparty.io.netty.channel.nio.NioEventLoop.processSelectedKeys(NioEventLoop.java:496)
	at org.apache.ratis.thirdparty.io.netty.channel.nio.NioEventLoop.run(NioEventLoop.java:458)
	at org.apache.ratis.thirdparty.io.netty.util.concurrent.SingleThreadEventExecutor$5.run(SingleThreadEventExecutor.java:897)
	at org.apache.ratis.thirdparty.io.netty.util.concurrent.FastThreadLocalRunnable.run(FastThreadLocalRunnable.java:30)
	... 1 more
Caused by: java.net.ConnectException: Connection refused
	... 11 more
2019-07-13 20:28:01,962 INFO  impl.RaftServerImpl (RaftServerImpl.java:setRole(171)) - 1d967e2d-b700-42c4-a2b3-153b0a458c5c:group-023D0F14E27C changes role from CANDIDATE to FOLLOWER at term 10 for DISCOVERED_A_NEW_TERM
2019-07-13 20:28:01,964 INFO  impl.RoleInfo (RoleInfo.java:shutdownLeaderElection(134)) - 1d967e2d-b700-42c4-a2b3-153b0a458c5c: shutdown LeaderElection
2019-07-13 20:28:01,964 INFO  impl.RoleInfo (RoleInfo.java:updateAndGet(143)) - 1d967e2d-b700-42c4-a2b3-153b0a458c5c: start FollowerState
2019-07-13 20:28:04,026 INFO  client.GrpcClientProtocolClient (GrpcClientProtocolClient.java:onNext(255)) - client-08EAE4BC020C->1d967e2d-b700-42c4-a2b3-153b0a458c5c: receive RaftClientReply:client-08EAE4BC020C->1d967e2d-b700-42c4-a2b3-153b0a458c5c@group-023D0F14E27C, cid=22, FAILED org.apache.ratis.protocol.NotLeaderException: Server 1d967e2d-b700-42c4-a2b3-153b0a458c5c is not the leader (null). Request must be sent to leader., logIndex=0, commits[1d967e2d-b700-42c4-a2b3-153b0a458c5c:c16, 4968f71e-b86a-4dba-9a34-2f43601aaff0:c16, 679e13b5-cbeb-48af-8f93-74b3a1ecf3c4:c16]
2019-07-13 20:28:06,047 INFO  client.GrpcClientProtocolClient (GrpcClientProtocolClient.java:onNext(255)) - client-08EAE4BC020C->1d967e2d-b700-42c4-a2b3-153b0a458c5c: receive RaftClientReply:client-08EAE4BC020C->1d967e2d-b700-42c4-a2b3-153b0a458c5c@group-023D0F14E27C, cid=22, FAILED org.apache.ratis.protocol.NotLeaderException: Server 1d967e2d-b700-42c4-a2b3-153b0a458c5c is not the leader (null). Request must be sent to leader., logIndex=0, commits[1d967e2d-b700-42c4-a2b3-153b0a458c5c:c16, 4968f71e-b86a-4dba-9a34-2f43601aaff0:c16, 679e13b5-cbeb-48af-8f93-74b3a1ecf3c4:c16]
2019-07-13 20:28:07,127 INFO  impl.FollowerState (FollowerState.java:run(106)) - 1d967e2d-b700-42c4-a2b3-153b0a458c5c:group-023D0F14E27C changes to CANDIDATE, lastRpcTime:5163, electionTimeout:5161ms
2019-07-13 20:28:07,136 INFO  impl.RoleInfo (RoleInfo.java:shutdownFollowerState(121)) - 1d967e2d-b700-42c4-a2b3-153b0a458c5c: shutdown FollowerState
2019-07-13 20:28:07,136 INFO  impl.RaftServerImpl (RaftServerImpl.java:setRole(171)) - 1d967e2d-b700-42c4-a2b3-153b0a458c5c:group-023D0F14E27C changes role from FOLLOWER to CANDIDATE at term 10 for changeToCandidate
2019-07-13 20:28:07,136 INFO  impl.RoleInfo (RoleInfo.java:updateAndGet(143)) - 1d967e2d-b700-42c4-a2b3-153b0a458c5c: start LeaderElection
2019-07-13 20:28:07,153 INFO  impl.LeaderElection (LeaderElection.java:askForVotes(181)) - 1d967e2d-b700-42c4-a2b3-153b0a458c5c:group-023D0F14E27C:LeaderElection20: begin an election at term 11 for 0: [4968f71e-b86a-4dba-9a34-2f43601aaff0:192.168.5.168:45613, 1d967e2d-b700-42c4-a2b3-153b0a458c5c:192.168.5.168:46665, 679e13b5-cbeb-48af-8f93-74b3a1ecf3c4:192.168.5.168:36078], old=null
2019-07-13 20:28:07,157 INFO  impl.LeaderElection (LogUtils.java:infoOrTrace(149)) - 1d967e2d-b700-42c4-a2b3-153b0a458c5c:group-023D0F14E27C:LeaderElection20 got exception when requesting votes: {}
java.util.concurrent.ExecutionException: org.apache.ratis.thirdparty.io.grpc.StatusRuntimeException: UNAVAILABLE: io exception
	at java.util.concurrent.FutureTask.report(FutureTask.java:122)
	at java.util.concurrent.FutureTask.get(FutureTask.java:192)
	at org.apache.ratis.server.impl.LeaderElection.waitForResults(LeaderElection.java:262)
	at org.apache.ratis.server.impl.LeaderElection.askForVotes(LeaderElection.java:200)
	at org.apache.ratis.server.impl.LeaderElection.run(LeaderElection.java:130)
	at java.lang.Thread.run(Thread.java:748)
Caused by: org.apache.ratis.thirdparty.io.grpc.StatusRuntimeException: UNAVAILABLE: io exception
	at org.apache.ratis.thirdparty.io.grpc.stub.ClientCalls.toStatusRuntimeException(ClientCalls.java:233)
	at org.apache.ratis.thirdparty.io.grpc.stub.ClientCalls.getUnchecked(ClientCalls.java:214)
	at org.apache.ratis.thirdparty.io.grpc.stub.ClientCalls.blockingUnaryCall(ClientCalls.java:139)
	at org.apache.ratis.proto.grpc.RaftServerProtocolServiceGrpc$RaftServerProtocolServiceBlockingStub.requestVote(RaftServerProtocolServiceGrpc.java:265)
	at org.apache.ratis.grpc.server.GrpcServerProtocolClient.requestVote(GrpcServerProtocolClient.java:83)
	at org.apache.ratis.grpc.server.GrpcService.requestVote(GrpcService.java:195)
	at org.apache.ratis.server.impl.LeaderElection.lambda$submitRequests$1(LeaderElection.java:237)
	at java.util.concurrent.FutureTask.run(FutureTask.java:266)
	at java.util.concurrent.Executors$RunnableAdapter.call(Executors.java:511)
	at java.util.concurrent.FutureTask.run(FutureTask.java:266)
	at java.util.concurrent.ThreadPoolExecutor.runWorker(ThreadPoolExecutor.java:1149)
	at java.util.concurrent.ThreadPoolExecutor$Worker.run(ThreadPoolExecutor.java:624)
	... 1 more
Caused by: org.apache.ratis.thirdparty.io.netty.channel.AbstractChannel$AnnotatedConnectException: Connection refused: /192.168.5.168:45613
	at sun.nio.ch.SocketChannelImpl.checkConnect(Native Method)
	at sun.nio.ch.SocketChannelImpl.finishConnect(SocketChannelImpl.java:717)
	at org.apache.ratis.thirdparty.io.netty.channel.socket.nio.NioSocketChannel.doFinishConnect(NioSocketChannel.java:327)
	at org.apache.ratis.thirdparty.io.netty.channel.nio.AbstractNioChannel$AbstractNioUnsafe.finishConnect(AbstractNioChannel.java:340)
	at org.apache.ratis.thirdparty.io.netty.channel.nio.NioEventLoop.processSelectedKey(NioEventLoop.java:632)
	at org.apache.ratis.thirdparty.io.netty.channel.nio.NioEventLoop.processSelectedKeysOptimized(NioEventLoop.java:579)
	at org.apache.ratis.thirdparty.io.netty.channel.nio.NioEventLoop.processSelectedKeys(NioEventLoop.java:496)
	at org.apache.ratis.thirdparty.io.netty.channel.nio.NioEventLoop.run(NioEventLoop.java:458)
	at org.apache.ratis.thirdparty.io.netty.util.concurrent.SingleThreadEventExecutor$5.run(SingleThreadEventExecutor.java:897)
	at org.apache.ratis.thirdparty.io.netty.util.concurrent.FastThreadLocalRunnable.run(FastThreadLocalRunnable.java:30)
	... 1 more
Caused by: java.net.ConnectException: Connection refused
	... 11 more
2019-07-13 20:28:07,159 INFO  impl.LeaderElection (LogUtils.java:infoOrTrace(149)) - 1d967e2d-b700-42c4-a2b3-153b0a458c5c:group-023D0F14E27C:LeaderElection20 got exception when requesting votes: {}
java.util.concurrent.ExecutionException: org.apache.ratis.thirdparty.io.grpc.StatusRuntimeException: UNAVAILABLE: io exception
	at java.util.concurrent.FutureTask.report(FutureTask.java:122)
	at java.util.concurrent.FutureTask.get(FutureTask.java:192)
	at org.apache.ratis.server.impl.LeaderElection.waitForResults(LeaderElection.java:262)
	at org.apache.ratis.server.impl.LeaderElection.askForVotes(LeaderElection.java:200)
	at org.apache.ratis.server.impl.LeaderElection.run(LeaderElection.java:130)
	at java.lang.Thread.run(Thread.java:748)
Caused by: org.apache.ratis.thirdparty.io.grpc.StatusRuntimeException: UNAVAILABLE: io exception
	at org.apache.ratis.thirdparty.io.grpc.stub.ClientCalls.toStatusRuntimeException(ClientCalls.java:233)
	at org.apache.ratis.thirdparty.io.grpc.stub.ClientCalls.getUnchecked(ClientCalls.java:214)
	at org.apache.ratis.thirdparty.io.grpc.stub.ClientCalls.blockingUnaryCall(ClientCalls.java:139)
	at org.apache.ratis.proto.grpc.RaftServerProtocolServiceGrpc$RaftServerProtocolServiceBlockingStub.requestVote(RaftServerProtocolServiceGrpc.java:265)
	at org.apache.ratis.grpc.server.GrpcServerProtocolClient.requestVote(GrpcServerProtocolClient.java:83)
	at org.apache.ratis.grpc.server.GrpcService.requestVote(GrpcService.java:195)
	at org.apache.ratis.server.impl.LeaderElection.lambda$submitRequests$1(LeaderElection.java:237)
	at java.util.concurrent.FutureTask.run(FutureTask.java:266)
	at java.util.concurrent.Executors$RunnableAdapter.call(Executors.java:511)
	at java.util.concurrent.FutureTask.run(FutureTask.java:266)
	at java.util.concurrent.ThreadPoolExecutor.runWorker(ThreadPoolExecutor.java:1149)
	at java.util.concurrent.ThreadPoolExecutor$Worker.run(ThreadPoolExecutor.java:624)
	... 1 more
Caused by: org.apache.ratis.thirdparty.io.netty.channel.AbstractChannel$AnnotatedConnectException: Connection refused: /192.168.5.168:36078
	at sun.nio.ch.SocketChannelImpl.checkConnect(Native Method)
	at sun.nio.ch.SocketChannelImpl.finishConnect(SocketChannelImpl.java:717)
	at org.apache.ratis.thirdparty.io.netty.channel.socket.nio.NioSocketChannel.doFinishConnect(NioSocketChannel.java:327)
	at org.apache.ratis.thirdparty.io.netty.channel.nio.AbstractNioChannel$AbstractNioUnsafe.finishConnect(AbstractNioChannel.java:340)
	at org.apache.ratis.thirdparty.io.netty.channel.nio.NioEventLoop.processSelectedKey(NioEventLoop.java:632)
	at org.apache.ratis.thirdparty.io.netty.channel.nio.NioEventLoop.processSelectedKeysOptimized(NioEventLoop.java:579)
	at org.apache.ratis.thirdparty.io.netty.channel.nio.NioEventLoop.processSelectedKeys(NioEventLoop.java:496)
	at org.apache.ratis.thirdparty.io.netty.channel.nio.NioEventLoop.run(NioEventLoop.java:458)
	at org.apache.ratis.thirdparty.io.netty.util.concurrent.SingleThreadEventExecutor$5.run(SingleThreadEventExecutor.java:897)
	at org.apache.ratis.thirdparty.io.netty.util.concurrent.FastThreadLocalRunnable.run(FastThreadLocalRunnable.java:30)
	... 1 more
Caused by: java.net.ConnectException: Connection refused
	... 11 more
2019-07-13 20:28:07,173 INFO  impl.LeaderElection (LeaderElection.java:logAndReturn(56)) - 1d967e2d-b700-42c4-a2b3-153b0a458c5c:group-023D0F14E27C:LeaderElection20: Election REJECTED; received 0 response(s) [] and 2 exception(s); 1d967e2d-b700-42c4-a2b3-153b0a458c5c:t11, leader=null, voted=1d967e2d-b700-42c4-a2b3-153b0a458c5c, raftlog=1d967e2d-b700-42c4-a2b3-153b0a458c5c-SegmentedRaftLog:OPENED:c16,f16,i16, conf=0: [4968f71e-b86a-4dba-9a34-2f43601aaff0:192.168.5.168:45613, 1d967e2d-b700-42c4-a2b3-153b0a458c5c:192.168.5.168:46665, 679e13b5-cbeb-48af-8f93-74b3a1ecf3c4:192.168.5.168:36078], old=null
2019-07-13 20:28:07,173 INFO  impl.LeaderElection (LogUtils.java:infoOrTrace(149)) -   Exception 0: {}
java.util.concurrent.ExecutionException: org.apache.ratis.thirdparty.io.grpc.StatusRuntimeException: UNAVAILABLE: io exception
	at java.util.concurrent.FutureTask.report(FutureTask.java:122)
	at java.util.concurrent.FutureTask.get(FutureTask.java:192)
	at org.apache.ratis.server.impl.LeaderElection.waitForResults(LeaderElection.java:262)
	at org.apache.ratis.server.impl.LeaderElection.askForVotes(LeaderElection.java:200)
	at org.apache.ratis.server.impl.LeaderElection.run(LeaderElection.java:130)
	at java.lang.Thread.run(Thread.java:748)
Caused by: org.apache.ratis.thirdparty.io.grpc.StatusRuntimeException: UNAVAILABLE: io exception
	at org.apache.ratis.thirdparty.io.grpc.stub.ClientCalls.toStatusRuntimeException(ClientCalls.java:233)
	at org.apache.ratis.thirdparty.io.grpc.stub.ClientCalls.getUnchecked(ClientCalls.java:214)
	at org.apache.ratis.thirdparty.io.grpc.stub.ClientCalls.blockingUnaryCall(ClientCalls.java:139)
	at org.apache.ratis.proto.grpc.RaftServerProtocolServiceGrpc$RaftServerProtocolServiceBlockingStub.requestVote(RaftServerProtocolServiceGrpc.java:265)
	at org.apache.ratis.grpc.server.GrpcServerProtocolClient.requestVote(GrpcServerProtocolClient.java:83)
	at org.apache.ratis.grpc.server.GrpcService.requestVote(GrpcService.java:195)
	at org.apache.ratis.server.impl.LeaderElection.lambda$submitRequests$1(LeaderElection.java:237)
	at java.util.concurrent.FutureTask.run(FutureTask.java:266)
	at java.util.concurrent.Executors$RunnableAdapter.call(Executors.java:511)
	at java.util.concurrent.FutureTask.run(FutureTask.java:266)
	at java.util.concurrent.ThreadPoolExecutor.runWorker(ThreadPoolExecutor.java:1149)
	at java.util.concurrent.ThreadPoolExecutor$Worker.run(ThreadPoolExecutor.java:624)
	... 1 more
Caused by: org.apache.ratis.thirdparty.io.netty.channel.AbstractChannel$AnnotatedConnectException: Connection refused: /192.168.5.168:45613
	at sun.nio.ch.SocketChannelImpl.checkConnect(Native Method)
	at sun.nio.ch.SocketChannelImpl.finishConnect(SocketChannelImpl.java:717)
	at org.apache.ratis.thirdparty.io.netty.channel.socket.nio.NioSocketChannel.doFinishConnect(NioSocketChannel.java:327)
	at org.apache.ratis.thirdparty.io.netty.channel.nio.AbstractNioChannel$AbstractNioUnsafe.finishConnect(AbstractNioChannel.java:340)
	at org.apache.ratis.thirdparty.io.netty.channel.nio.NioEventLoop.processSelectedKey(NioEventLoop.java:632)
	at org.apache.ratis.thirdparty.io.netty.channel.nio.NioEventLoop.processSelectedKeysOptimized(NioEventLoop.java:579)
	at org.apache.ratis.thirdparty.io.netty.channel.nio.NioEventLoop.processSelectedKeys(NioEventLoop.java:496)
	at org.apache.ratis.thirdparty.io.netty.channel.nio.NioEventLoop.run(NioEventLoop.java:458)
	at org.apache.ratis.thirdparty.io.netty.util.concurrent.SingleThreadEventExecutor$5.run(SingleThreadEventExecutor.java:897)
	at org.apache.ratis.thirdparty.io.netty.util.concurrent.FastThreadLocalRunnable.run(FastThreadLocalRunnable.java:30)
	... 1 more
Caused by: java.net.ConnectException: Connection refused
	... 11 more
2019-07-13 20:28:07,173 INFO  impl.LeaderElection (LogUtils.java:infoOrTrace(149)) -   Exception 1: {}
java.util.concurrent.ExecutionException: org.apache.ratis.thirdparty.io.grpc.StatusRuntimeException: UNAVAILABLE: io exception
	at java.util.concurrent.FutureTask.report(FutureTask.java:122)
	at java.util.concurrent.FutureTask.get(FutureTask.java:192)
	at org.apache.ratis.server.impl.LeaderElection.waitForResults(LeaderElection.java:262)
	at org.apache.ratis.server.impl.LeaderElection.askForVotes(LeaderElection.java:200)
	at org.apache.ratis.server.impl.LeaderElection.run(LeaderElection.java:130)
	at java.lang.Thread.run(Thread.java:748)
Caused by: org.apache.ratis.thirdparty.io.grpc.StatusRuntimeException: UNAVAILABLE: io exception
	at org.apache.ratis.thirdparty.io.grpc.stub.ClientCalls.toStatusRuntimeException(ClientCalls.java:233)
	at org.apache.ratis.thirdparty.io.grpc.stub.ClientCalls.getUnchecked(ClientCalls.java:214)
	at org.apache.ratis.thirdparty.io.grpc.stub.ClientCalls.blockingUnaryCall(ClientCalls.java:139)
	at org.apache.ratis.proto.grpc.RaftServerProtocolServiceGrpc$RaftServerProtocolServiceBlockingStub.requestVote(RaftServerProtocolServiceGrpc.java:265)
	at org.apache.ratis.grpc.server.GrpcServerProtocolClient.requestVote(GrpcServerProtocolClient.java:83)
	at org.apache.ratis.grpc.server.GrpcService.requestVote(GrpcService.java:195)
	at org.apache.ratis.server.impl.LeaderElection.lambda$submitRequests$1(LeaderElection.java:237)
	at java.util.concurrent.FutureTask.run(FutureTask.java:266)
	at java.util.concurrent.Executors$RunnableAdapter.call(Executors.java:511)
	at java.util.concurrent.FutureTask.run(FutureTask.java:266)
	at java.util.concurrent.ThreadPoolExecutor.runWorker(ThreadPoolExecutor.java:1149)
	at java.util.concurrent.ThreadPoolExecutor$Worker.run(ThreadPoolExecutor.java:624)
	... 1 more
Caused by: org.apache.ratis.thirdparty.io.netty.channel.AbstractChannel$AnnotatedConnectException: Connection refused: /192.168.5.168:36078
	at sun.nio.ch.SocketChannelImpl.checkConnect(Native Method)
	at sun.nio.ch.SocketChannelImpl.finishConnect(SocketChannelImpl.java:717)
	at org.apache.ratis.thirdparty.io.netty.channel.socket.nio.NioSocketChannel.doFinishConnect(NioSocketChannel.java:327)
	at org.apache.ratis.thirdparty.io.netty.channel.nio.AbstractNioChannel$AbstractNioUnsafe.finishConnect(AbstractNioChannel.java:340)
	at org.apache.ratis.thirdparty.io.netty.channel.nio.NioEventLoop.processSelectedKey(NioEventLoop.java:632)
	at org.apache.ratis.thirdparty.io.netty.channel.nio.NioEventLoop.processSelectedKeysOptimized(NioEventLoop.java:579)
	at org.apache.ratis.thirdparty.io.netty.channel.nio.NioEventLoop.processSelectedKeys(NioEventLoop.java:496)
	at org.apache.ratis.thirdparty.io.netty.channel.nio.NioEventLoop.run(NioEventLoop.java:458)
	at org.apache.ratis.thirdparty.io.netty.util.concurrent.SingleThreadEventExecutor$5.run(SingleThreadEventExecutor.java:897)
	at org.apache.ratis.thirdparty.io.netty.util.concurrent.FastThreadLocalRunnable.run(FastThreadLocalRunnable.java:30)
	... 1 more
Caused by: java.net.ConnectException: Connection refused
	... 11 more
2019-07-13 20:28:07,174 INFO  impl.RaftServerImpl (RaftServerImpl.java:setRole(171)) - 1d967e2d-b700-42c4-a2b3-153b0a458c5c:group-023D0F14E27C changes role from CANDIDATE to FOLLOWER at term 11 for DISCOVERED_A_NEW_TERM
2019-07-13 20:28:07,180 INFO  impl.RoleInfo (RoleInfo.java:shutdownLeaderElection(134)) - 1d967e2d-b700-42c4-a2b3-153b0a458c5c: shutdown LeaderElection
2019-07-13 20:28:07,180 INFO  impl.RoleInfo (RoleInfo.java:updateAndGet(143)) - 1d967e2d-b700-42c4-a2b3-153b0a458c5c: start FollowerState
2019-07-13 20:28:09,077 INFO  client.GrpcClientProtocolClient (GrpcClientProtocolClient.java:onNext(255)) - client-08EAE4BC020C->1d967e2d-b700-42c4-a2b3-153b0a458c5c: receive RaftClientReply:client-08EAE4BC020C->1d967e2d-b700-42c4-a2b3-153b0a458c5c@group-023D0F14E27C, cid=22, FAILED org.apache.ratis.protocol.NotLeaderException: Server 1d967e2d-b700-42c4-a2b3-153b0a458c5c is not the leader (null). Request must be sent to leader., logIndex=0, commits[1d967e2d-b700-42c4-a2b3-153b0a458c5c:c16, 4968f71e-b86a-4dba-9a34-2f43601aaff0:c16, 679e13b5-cbeb-48af-8f93-74b3a1ecf3c4:c16]
2019-07-13 20:28:12,204 INFO  impl.FollowerState (FollowerState.java:run(106)) - 1d967e2d-b700-42c4-a2b3-153b0a458c5c:group-023D0F14E27C changes to CANDIDATE, lastRpcTime:5023, electionTimeout:5023ms
2019-07-13 20:28:12,204 INFO  impl.RoleInfo (RoleInfo.java:shutdownFollowerState(121)) - 1d967e2d-b700-42c4-a2b3-153b0a458c5c: shutdown FollowerState
2019-07-13 20:28:12,204 INFO  impl.RaftServerImpl (RaftServerImpl.java:setRole(171)) - 1d967e2d-b700-42c4-a2b3-153b0a458c5c:group-023D0F14E27C changes role from FOLLOWER to CANDIDATE at term 11 for changeToCandidate
2019-07-13 20:28:12,204 INFO  impl.RoleInfo (RoleInfo.java:updateAndGet(143)) - 1d967e2d-b700-42c4-a2b3-153b0a458c5c: start LeaderElection
2019-07-13 20:28:12,217 INFO  impl.LeaderElection (LeaderElection.java:askForVotes(181)) - 1d967e2d-b700-42c4-a2b3-153b0a458c5c:group-023D0F14E27C:LeaderElection21: begin an election at term 12 for 0: [4968f71e-b86a-4dba-9a34-2f43601aaff0:192.168.5.168:45613, 1d967e2d-b700-42c4-a2b3-153b0a458c5c:192.168.5.168:46665, 679e13b5-cbeb-48af-8f93-74b3a1ecf3c4:192.168.5.168:36078], old=null
2019-07-13 20:28:12,220 INFO  impl.LeaderElection (LogUtils.java:infoOrTrace(149)) - 1d967e2d-b700-42c4-a2b3-153b0a458c5c:group-023D0F14E27C:LeaderElection21 got exception when requesting votes: {}
java.util.concurrent.ExecutionException: org.apache.ratis.thirdparty.io.grpc.StatusRuntimeException: UNAVAILABLE: io exception
	at java.util.concurrent.FutureTask.report(FutureTask.java:122)
	at java.util.concurrent.FutureTask.get(FutureTask.java:192)
	at org.apache.ratis.server.impl.LeaderElection.waitForResults(LeaderElection.java:262)
	at org.apache.ratis.server.impl.LeaderElection.askForVotes(LeaderElection.java:200)
	at org.apache.ratis.server.impl.LeaderElection.run(LeaderElection.java:130)
	at java.lang.Thread.run(Thread.java:748)
Caused by: org.apache.ratis.thirdparty.io.grpc.StatusRuntimeException: UNAVAILABLE: io exception
	at org.apache.ratis.thirdparty.io.grpc.stub.ClientCalls.toStatusRuntimeException(ClientCalls.java:233)
	at org.apache.ratis.thirdparty.io.grpc.stub.ClientCalls.getUnchecked(ClientCalls.java:214)
	at org.apache.ratis.thirdparty.io.grpc.stub.ClientCalls.blockingUnaryCall(ClientCalls.java:139)
	at org.apache.ratis.proto.grpc.RaftServerProtocolServiceGrpc$RaftServerProtocolServiceBlockingStub.requestVote(RaftServerProtocolServiceGrpc.java:265)
	at org.apache.ratis.grpc.server.GrpcServerProtocolClient.requestVote(GrpcServerProtocolClient.java:83)
	at org.apache.ratis.grpc.server.GrpcService.requestVote(GrpcService.java:195)
	at org.apache.ratis.server.impl.LeaderElection.lambda$submitRequests$1(LeaderElection.java:237)
	at java.util.concurrent.FutureTask.run(FutureTask.java:266)
	at java.util.concurrent.Executors$RunnableAdapter.call(Executors.java:511)
	at java.util.concurrent.FutureTask.run(FutureTask.java:266)
	at java.util.concurrent.ThreadPoolExecutor.runWorker(ThreadPoolExecutor.java:1149)
	at java.util.concurrent.ThreadPoolExecutor$Worker.run(ThreadPoolExecutor.java:624)
	... 1 more
Caused by: org.apache.ratis.thirdparty.io.netty.channel.AbstractChannel$AnnotatedConnectException: Connection refused: /192.168.5.168:45613
	at sun.nio.ch.SocketChannelImpl.checkConnect(Native Method)
	at sun.nio.ch.SocketChannelImpl.finishConnect(SocketChannelImpl.java:717)
	at org.apache.ratis.thirdparty.io.netty.channel.socket.nio.NioSocketChannel.doFinishConnect(NioSocketChannel.java:327)
	at org.apache.ratis.thirdparty.io.netty.channel.nio.AbstractNioChannel$AbstractNioUnsafe.finishConnect(AbstractNioChannel.java:340)
	at org.apache.ratis.thirdparty.io.netty.channel.nio.NioEventLoop.processSelectedKey(NioEventLoop.java:632)
	at org.apache.ratis.thirdparty.io.netty.channel.nio.NioEventLoop.processSelectedKeysOptimized(NioEventLoop.java:579)
	at org.apache.ratis.thirdparty.io.netty.channel.nio.NioEventLoop.processSelectedKeys(NioEventLoop.java:496)
	at org.apache.ratis.thirdparty.io.netty.channel.nio.NioEventLoop.run(NioEventLoop.java:458)
	at org.apache.ratis.thirdparty.io.netty.util.concurrent.SingleThreadEventExecutor$5.run(SingleThreadEventExecutor.java:897)
	at org.apache.ratis.thirdparty.io.netty.util.concurrent.FastThreadLocalRunnable.run(FastThreadLocalRunnable.java:30)
	... 1 more
Caused by: java.net.ConnectException: Connection refused
	... 11 more
2019-07-13 20:28:12,222 INFO  impl.LeaderElection (LogUtils.java:infoOrTrace(149)) - 1d967e2d-b700-42c4-a2b3-153b0a458c5c:group-023D0F14E27C:LeaderElection21 got exception when requesting votes: {}
java.util.concurrent.ExecutionException: org.apache.ratis.thirdparty.io.grpc.StatusRuntimeException: UNAVAILABLE: io exception
	at java.util.concurrent.FutureTask.report(FutureTask.java:122)
	at java.util.concurrent.FutureTask.get(FutureTask.java:192)
	at org.apache.ratis.server.impl.LeaderElection.waitForResults(LeaderElection.java:262)
	at org.apache.ratis.server.impl.LeaderElection.askForVotes(LeaderElection.java:200)
	at org.apache.ratis.server.impl.LeaderElection.run(LeaderElection.java:130)
	at java.lang.Thread.run(Thread.java:748)
Caused by: org.apache.ratis.thirdparty.io.grpc.StatusRuntimeException: UNAVAILABLE: io exception
	at org.apache.ratis.thirdparty.io.grpc.stub.ClientCalls.toStatusRuntimeException(ClientCalls.java:233)
	at org.apache.ratis.thirdparty.io.grpc.stub.ClientCalls.getUnchecked(ClientCalls.java:214)
	at org.apache.ratis.thirdparty.io.grpc.stub.ClientCalls.blockingUnaryCall(ClientCalls.java:139)
	at org.apache.ratis.proto.grpc.RaftServerProtocolServiceGrpc$RaftServerProtocolServiceBlockingStub.requestVote(RaftServerProtocolServiceGrpc.java:265)
	at org.apache.ratis.grpc.server.GrpcServerProtocolClient.requestVote(GrpcServerProtocolClient.java:83)
	at org.apache.ratis.grpc.server.GrpcService.requestVote(GrpcService.java:195)
	at org.apache.ratis.server.impl.LeaderElection.lambda$submitRequests$1(LeaderElection.java:237)
	at java.util.concurrent.FutureTask.run(FutureTask.java:266)
	at java.util.concurrent.Executors$RunnableAdapter.call(Executors.java:511)
	at java.util.concurrent.FutureTask.run(FutureTask.java:266)
	at java.util.concurrent.ThreadPoolExecutor.runWorker(ThreadPoolExecutor.java:1149)
	at java.util.concurrent.ThreadPoolExecutor$Worker.run(ThreadPoolExecutor.java:624)
	... 1 more
Caused by: org.apache.ratis.thirdparty.io.netty.channel.AbstractChannel$AnnotatedConnectException: Connection refused: /192.168.5.168:36078
	at sun.nio.ch.SocketChannelImpl.checkConnect(Native Method)
	at sun.nio.ch.SocketChannelImpl.finishConnect(SocketChannelImpl.java:717)
	at org.apache.ratis.thirdparty.io.netty.channel.socket.nio.NioSocketChannel.doFinishConnect(NioSocketChannel.java:327)
	at org.apache.ratis.thirdparty.io.netty.channel.nio.AbstractNioChannel$AbstractNioUnsafe.finishConnect(AbstractNioChannel.java:340)
	at org.apache.ratis.thirdparty.io.netty.channel.nio.NioEventLoop.processSelectedKey(NioEventLoop.java:632)
	at org.apache.ratis.thirdparty.io.netty.channel.nio.NioEventLoop.processSelectedKeysOptimized(NioEventLoop.java:579)
	at org.apache.ratis.thirdparty.io.netty.channel.nio.NioEventLoop.processSelectedKeys(NioEventLoop.java:496)
	at org.apache.ratis.thirdparty.io.netty.channel.nio.NioEventLoop.run(NioEventLoop.java:458)
	at org.apache.ratis.thirdparty.io.netty.util.concurrent.SingleThreadEventExecutor$5.run(SingleThreadEventExecutor.java:897)
	at org.apache.ratis.thirdparty.io.netty.util.concurrent.FastThreadLocalRunnable.run(FastThreadLocalRunnable.java:30)
	... 1 more
Caused by: java.net.ConnectException: Connection refused
	... 11 more
2019-07-13 20:28:12,225 INFO  impl.LeaderElection (LeaderElection.java:logAndReturn(56)) - 1d967e2d-b700-42c4-a2b3-153b0a458c5c:group-023D0F14E27C:LeaderElection21: Election REJECTED; received 0 response(s) [] and 2 exception(s); 1d967e2d-b700-42c4-a2b3-153b0a458c5c:t12, leader=null, voted=1d967e2d-b700-42c4-a2b3-153b0a458c5c, raftlog=1d967e2d-b700-42c4-a2b3-153b0a458c5c-SegmentedRaftLog:OPENED:c16,f16,i16, conf=0: [4968f71e-b86a-4dba-9a34-2f43601aaff0:192.168.5.168:45613, 1d967e2d-b700-42c4-a2b3-153b0a458c5c:192.168.5.168:46665, 679e13b5-cbeb-48af-8f93-74b3a1ecf3c4:192.168.5.168:36078], old=null
2019-07-13 20:28:12,225 INFO  impl.LeaderElection (LogUtils.java:infoOrTrace(149)) -   Exception 0: {}
java.util.concurrent.ExecutionException: org.apache.ratis.thirdparty.io.grpc.StatusRuntimeException: UNAVAILABLE: io exception
	at java.util.concurrent.FutureTask.report(FutureTask.java:122)
	at java.util.concurrent.FutureTask.get(FutureTask.java:192)
	at org.apache.ratis.server.impl.LeaderElection.waitForResults(LeaderElection.java:262)
	at org.apache.ratis.server.impl.LeaderElection.askForVotes(LeaderElection.java:200)
	at org.apache.ratis.server.impl.LeaderElection.run(LeaderElection.java:130)
	at java.lang.Thread.run(Thread.java:748)
Caused by: org.apache.ratis.thirdparty.io.grpc.StatusRuntimeException: UNAVAILABLE: io exception
	at org.apache.ratis.thirdparty.io.grpc.stub.ClientCalls.toStatusRuntimeException(ClientCalls.java:233)
	at org.apache.ratis.thirdparty.io.grpc.stub.ClientCalls.getUnchecked(ClientCalls.java:214)
	at org.apache.ratis.thirdparty.io.grpc.stub.ClientCalls.blockingUnaryCall(ClientCalls.java:139)
	at org.apache.ratis.proto.grpc.RaftServerProtocolServiceGrpc$RaftServerProtocolServiceBlockingStub.requestVote(RaftServerProtocolServiceGrpc.java:265)
	at org.apache.ratis.grpc.server.GrpcServerProtocolClient.requestVote(GrpcServerProtocolClient.java:83)
	at org.apache.ratis.grpc.server.GrpcService.requestVote(GrpcService.java:195)
	at org.apache.ratis.server.impl.LeaderElection.lambda$submitRequests$1(LeaderElection.java:237)
	at java.util.concurrent.FutureTask.run(FutureTask.java:266)
	at java.util.concurrent.Executors$RunnableAdapter.call(Executors.java:511)
	at java.util.concurrent.FutureTask.run(FutureTask.java:266)
	at java.util.concurrent.ThreadPoolExecutor.runWorker(ThreadPoolExecutor.java:1149)
	at java.util.concurrent.ThreadPoolExecutor$Worker.run(ThreadPoolExecutor.java:624)
	... 1 more
Caused by: org.apache.ratis.thirdparty.io.netty.channel.AbstractChannel$AnnotatedConnectException: Connection refused: /192.168.5.168:45613
	at sun.nio.ch.SocketChannelImpl.checkConnect(Native Method)
	at sun.nio.ch.SocketChannelImpl.finishConnect(SocketChannelImpl.java:717)
	at org.apache.ratis.thirdparty.io.netty.channel.socket.nio.NioSocketChannel.doFinishConnect(NioSocketChannel.java:327)
	at org.apache.ratis.thirdparty.io.netty.channel.nio.AbstractNioChannel$AbstractNioUnsafe.finishConnect(AbstractNioChannel.java:340)
	at org.apache.ratis.thirdparty.io.netty.channel.nio.NioEventLoop.processSelectedKey(NioEventLoop.java:632)
	at org.apache.ratis.thirdparty.io.netty.channel.nio.NioEventLoop.processSelectedKeysOptimized(NioEventLoop.java:579)
	at org.apache.ratis.thirdparty.io.netty.channel.nio.NioEventLoop.processSelectedKeys(NioEventLoop.java:496)
	at org.apache.ratis.thirdparty.io.netty.channel.nio.NioEventLoop.run(NioEventLoop.java:458)
	at org.apache.ratis.thirdparty.io.netty.util.concurrent.SingleThreadEventExecutor$5.run(SingleThreadEventExecutor.java:897)
	at org.apache.ratis.thirdparty.io.netty.util.concurrent.FastThreadLocalRunnable.run(FastThreadLocalRunnable.java:30)
	... 1 more
Caused by: java.net.ConnectException: Connection refused
	... 11 more
2019-07-13 20:28:12,226 INFO  impl.LeaderElection (LogUtils.java:infoOrTrace(149)) -   Exception 1: {}
java.util.concurrent.ExecutionException: org.apache.ratis.thirdparty.io.grpc.StatusRuntimeException: UNAVAILABLE: io exception
	at java.util.concurrent.FutureTask.report(FutureTask.java:122)
	at java.util.concurrent.FutureTask.get(FutureTask.java:192)
	at org.apache.ratis.server.impl.LeaderElection.waitForResults(LeaderElection.java:262)
	at org.apache.ratis.server.impl.LeaderElection.askForVotes(LeaderElection.java:200)
	at org.apache.ratis.server.impl.LeaderElection.run(LeaderElection.java:130)
	at java.lang.Thread.run(Thread.java:748)
Caused by: org.apache.ratis.thirdparty.io.grpc.StatusRuntimeException: UNAVAILABLE: io exception
	at org.apache.ratis.thirdparty.io.grpc.stub.ClientCalls.toStatusRuntimeException(ClientCalls.java:233)
	at org.apache.ratis.thirdparty.io.grpc.stub.ClientCalls.getUnchecked(ClientCalls.java:214)
	at org.apache.ratis.thirdparty.io.grpc.stub.ClientCalls.blockingUnaryCall(ClientCalls.java:139)
	at org.apache.ratis.proto.grpc.RaftServerProtocolServiceGrpc$RaftServerProtocolServiceBlockingStub.requestVote(RaftServerProtocolServiceGrpc.java:265)
	at org.apache.ratis.grpc.server.GrpcServerProtocolClient.requestVote(GrpcServerProtocolClient.java:83)
	at org.apache.ratis.grpc.server.GrpcService.requestVote(GrpcService.java:195)
	at org.apache.ratis.server.impl.LeaderElection.lambda$submitRequests$1(LeaderElection.java:237)
	at java.util.concurrent.FutureTask.run(FutureTask.java:266)
	at java.util.concurrent.Executors$RunnableAdapter.call(Executors.java:511)
	at java.util.concurrent.FutureTask.run(FutureTask.java:266)
	at java.util.concurrent.ThreadPoolExecutor.runWorker(ThreadPoolExecutor.java:1149)
	at java.util.concurrent.ThreadPoolExecutor$Worker.run(ThreadPoolExecutor.java:624)
	... 1 more
Caused by: org.apache.ratis.thirdparty.io.netty.channel.AbstractChannel$AnnotatedConnectException: Connection refused: /192.168.5.168:36078
	at sun.nio.ch.SocketChannelImpl.checkConnect(Native Method)
	at sun.nio.ch.SocketChannelImpl.finishConnect(SocketChannelImpl.java:717)
	at org.apache.ratis.thirdparty.io.netty.channel.socket.nio.NioSocketChannel.doFinishConnect(NioSocketChannel.java:327)
	at org.apache.ratis.thirdparty.io.netty.channel.nio.AbstractNioChannel$AbstractNioUnsafe.finishConnect(AbstractNioChannel.java:340)
	at org.apache.ratis.thirdparty.io.netty.channel.nio.NioEventLoop.processSelectedKey(NioEventLoop.java:632)
	at org.apache.ratis.thirdparty.io.netty.channel.nio.NioEventLoop.processSelectedKeysOptimized(NioEventLoop.java:579)
	at org.apache.ratis.thirdparty.io.netty.channel.nio.NioEventLoop.processSelectedKeys(NioEventLoop.java:496)
	at org.apache.ratis.thirdparty.io.netty.channel.nio.NioEventLoop.run(NioEventLoop.java:458)
	at org.apache.ratis.thirdparty.io.netty.util.concurrent.SingleThreadEventExecutor$5.run(SingleThreadEventExecutor.java:897)
	at org.apache.ratis.thirdparty.io.netty.util.concurrent.FastThreadLocalRunnable.run(FastThreadLocalRunnable.java:30)
	... 1 more
Caused by: java.net.ConnectException: Connection refused
	... 11 more
2019-07-13 20:28:12,226 INFO  impl.RaftServerImpl (RaftServerImpl.java:setRole(171)) - 1d967e2d-b700-42c4-a2b3-153b0a458c5c:group-023D0F14E27C changes role from CANDIDATE to FOLLOWER at term 12 for DISCOVERED_A_NEW_TERM
2019-07-13 20:28:12,228 INFO  impl.RoleInfo (RoleInfo.java:shutdownLeaderElection(134)) - 1d967e2d-b700-42c4-a2b3-153b0a458c5c: shutdown LeaderElection
2019-07-13 20:28:12,228 INFO  impl.RoleInfo (RoleInfo.java:updateAndGet(143)) - 1d967e2d-b700-42c4-a2b3-153b0a458c5c: start FollowerState
2019-07-13 20:28:14,119 INFO  client.GrpcClientProtocolClient (GrpcClientProtocolClient.java:onNext(255)) - client-08EAE4BC020C->1d967e2d-b700-42c4-a2b3-153b0a458c5c: receive RaftClientReply:client-08EAE4BC020C->1d967e2d-b700-42c4-a2b3-153b0a458c5c@group-023D0F14E27C, cid=22, FAILED org.apache.ratis.protocol.NotLeaderException: Server 1d967e2d-b700-42c4-a2b3-153b0a458c5c is not the leader (null). Request must be sent to leader., logIndex=0, commits[1d967e2d-b700-42c4-a2b3-153b0a458c5c:c16, 4968f71e-b86a-4dba-9a34-2f43601aaff0:c16, 679e13b5-cbeb-48af-8f93-74b3a1ecf3c4:c16]
2019-07-13 20:28:16,941 WARN  pipeline.RatisPipelineUtils (RatisPipelineUtils.java:destroyPipeline(66)) - Pipeline destroy failed for pipeline=PipelineID=7bb24e09-687d-4467-9665-023d0f14e27c dn=679e13b5-cbeb-48af-8f93-74b3a1ecf3c4{ip: 192.168.5.168, host: trunk-nightly-6qp7m-2461138711, networkLocation: /default-rack, certSerialId: null}
2019-07-13 20:28:16,944 WARN  pipeline.RatisPipelineUtils (RatisPipelineUtils.java:destroyPipeline(66)) - Pipeline destroy failed for pipeline=PipelineID=7bb24e09-687d-4467-9665-023d0f14e27c dn=4968f71e-b86a-4dba-9a34-2f43601aaff0{ip: 192.168.5.168, host: trunk-nightly-6qp7m-2461138711, networkLocation: /default-rack, certSerialId: null}
2019-07-13 20:28:16,954 INFO  impl.RaftServerProxy (RaftServerProxy.java:remove(95)) - 1d967e2d-b700-42c4-a2b3-153b0a458c5c: remove FOLLOWER group-023D0F14E27C 1d967e2d-b700-42c4-a2b3-153b0a458c5c:t12, leader=null, voted=1d967e2d-b700-42c4-a2b3-153b0a458c5c, raftlog=1d967e2d-b700-42c4-a2b3-153b0a458c5c-SegmentedRaftLog:OPENED:c16,f16,i16, conf=0: [4968f71e-b86a-4dba-9a34-2f43601aaff0:192.168.5.168:45613, 1d967e2d-b700-42c4-a2b3-153b0a458c5c:192.168.5.168:46665, 679e13b5-cbeb-48af-8f93-74b3a1ecf3c4:192.168.5.168:36078], old=null RUNNING
2019-07-13 20:28:16,961 INFO  impl.RaftServerImpl (RaftServerImpl.java:lambda$shutdown$3(245)) - 1d967e2d-b700-42c4-a2b3-153b0a458c5c: shutdown group-023D0F14E27C
2019-07-13 20:28:16,962 INFO  util.JmxRegister (JmxRegister.java:unregister(73)) - Successfully un-registered JMX Bean with object name Ratis:service=RaftServer,group=group-023D0F14E27C,id=1d967e2d-b700-42c4-a2b3-153b0a458c5c
2019-07-13 20:28:16,962 INFO  impl.RoleInfo (RoleInfo.java:shutdownFollowerState(121)) - 1d967e2d-b700-42c4-a2b3-153b0a458c5c: shutdown FollowerState
2019-07-13 20:28:16,962 INFO  impl.StateMachineUpdater (StateMachineUpdater.java:stopAndJoin(115)) - StateMachineUpdater:1d967e2d-b700-42c4-a2b3-153b0a458c5c:group-023D0F14E27C: set stopIndex = 16
2019-07-13 20:28:16,962 INFO  ratis.ContainerStateMachine (ContainerStateMachine.java:takeSnapshot(246)) - Taking snapshot at termIndex:(t:1, i:14)
2019-07-13 20:28:16,962 INFO  impl.FollowerState (FollowerState.java:run(114)) - 1d967e2d-b700-42c4-a2b3-153b0a458c5c: FollowerState was interrupted: java.lang.InterruptedException: sleep interrupted
2019-07-13 20:28:16,965 INFO  ratis.ContainerStateMachine (ContainerStateMachine.java:takeSnapshot(250)) - Taking a snapshot to file /tmp/workdir/hadoop-ozone/integration-test/target/test-dir/MiniOzoneClusterImpl-872b95be-ab77-4531-967a-8b14dc65ac0a/datanode-1/data/ratis/7bb24e09-687d-4467-9665-023d0f14e27c/sm/snapshot.1_14
2019-07-13 20:28:16,967 INFO  impl.StateMachineUpdater (StateMachineUpdater.java:takeSnapshot(242)) - StateMachineUpdater:1d967e2d-b700-42c4-a2b3-153b0a458c5c:group-023D0F14E27C: Took a snapshot at index 14
2019-07-13 20:28:16,968 INFO  impl.StateMachineUpdater (StateMachineUpdater.java:lambda$new$0(80)) - StateMachineUpdater:1d967e2d-b700-42c4-a2b3-153b0a458c5c:group-023D0F14E27C: snapshotIndex: updateIncreasingly -1 -> 14
2019-07-13 20:28:16,968 INFO  impl.RaftServerImpl (ServerState.java:close(394)) - 1d967e2d-b700-42c4-a2b3-153b0a458c5c:group-023D0F14E27C closes. The last applied log index is 16
2019-07-13 20:28:16,969 INFO  segmented.SegmentedRaftLogWorker (SegmentedRaftLogWorker.java:run(313)) - 1d967e2d-b700-42c4-a2b3-153b0a458c5c-SegmentedRaftLogWorker:Storage Directory /tmp/workdir/hadoop-ozone/integration-test/target/test-dir/MiniOzoneClusterImpl-872b95be-ab77-4531-967a-8b14dc65ac0a/datanode-1/data/ratis/7bb24e09-687d-4467-9665-023d0f14e27c was interrupted, exiting. There are 0 tasks remaining in the queue.
2019-07-13 20:28:16,971 INFO  segmented.SegmentedRaftLogWorker (SegmentedRaftLogWorker.java:close(228)) - 1d967e2d-b700-42c4-a2b3-153b0a458c5c-SegmentedRaftLogWorker:Storage Directory /tmp/workdir/hadoop-ozone/integration-test/target/test-dir/MiniOzoneClusterImpl-872b95be-ab77-4531-967a-8b14dc65ac0a/datanode-1/data/ratis/7bb24e09-687d-4467-9665-023d0f14e27c close()
2019-07-13 20:28:16,987 INFO  pipeline.PipelineStateManager (PipelineStateManager.java:removePipeline(108)) - Pipeline Pipeline[ Id: 7bb24e09-687d-4467-9665-023d0f14e27c, Nodes: 679e13b5-cbeb-48af-8f93-74b3a1ecf3c4{ip: 192.168.5.168, host: trunk-nightly-6qp7m-2461138711, networkLocation: /default-rack, certSerialId: null}4968f71e-b86a-4dba-9a34-2f43601aaff0{ip: 192.168.5.168, host: trunk-nightly-6qp7m-2461138711, networkLocation: /default-rack, certSerialId: null}1d967e2d-b700-42c4-a2b3-153b0a458c5c{ip: 192.168.5.168, host: trunk-nightly-6qp7m-2461138711, networkLocation: /default-rack, certSerialId: null}, Type:RATIS, Factor:THREE, State:CLOSED] removed from db
2019-07-13 20:28:16,992 WARN  pipeline.RatisPipelineUtils (RatisPipelineUtils.java:destroyPipeline(66)) - Pipeline destroy failed for pipeline=PipelineID=260dad8d-99a3-48d2-9aec-ad15d622ade9 dn=679e13b5-cbeb-48af-8f93-74b3a1ecf3c4{ip: 192.168.5.168, host: trunk-nightly-6qp7m-2461138711, networkLocation: /default-rack, certSerialId: null}
2019-07-13 20:28:16,992 INFO  pipeline.PipelineStateManager (PipelineStateManager.java:removePipeline(108)) - Pipeline Pipeline[ Id: 260dad8d-99a3-48d2-9aec-ad15d622ade9, Nodes: 679e13b5-cbeb-48af-8f93-74b3a1ecf3c4{ip: 192.168.5.168, host: trunk-nightly-6qp7m-2461138711, networkLocation: /default-rack, certSerialId: null}, Type:RATIS, Factor:ONE, State:CLOSED] removed from db
2019-07-13 20:28:20,224 WARN  io.KeyOutputStream (KeyOutputStream.java:handleException(276)) - Encountered exception java.io.IOException: Unexpected Storage Container Exception: java.util.concurrent.CompletionException: java.util.concurrent.CompletionException: org.apache.ratis.protocol.GroupMismatchException: 1d967e2d-b700-42c4-a2b3-153b0a458c5c: group-023D0F14E27C not found. on the pipeline Pipeline[ Id: 7bb24e09-687d-4467-9665-023d0f14e27c, Nodes: 679e13b5-cbeb-48af-8f93-74b3a1ecf3c4{ip: 192.168.5.168, host: trunk-nightly-6qp7m-2461138711, networkLocation: /default-rack, certSerialId: null}4968f71e-b86a-4dba-9a34-2f43601aaff0{ip: 192.168.5.168, host: trunk-nightly-6qp7m-2461138711, networkLocation: /default-rack, certSerialId: null}1d967e2d-b700-42c4-a2b3-153b0a458c5c{ip: 192.168.5.168, host: trunk-nightly-6qp7m-2461138711, networkLocation: /default-rack, certSerialId: null}, Type:RATIS, Factor:THREE, State:OPEN]. The last committed block length is 450, uncommitted data length is 350 retry count 0
2019-07-13 20:28:20,393 INFO  client.GrpcClientProtocolClient (GrpcClientProtocolClient.java:onNext(255)) - client-AE9A34657B64->825fc8cb-e295-459a-823c-e1bcea5ab3c4: receive RaftClientReply:client-AE9A34657B64->825fc8cb-e295-459a-823c-e1bcea5ab3c4@group-E24B9D14126E, cid=32, SUCCESS, logIndex=1, commits[825fc8cb-e295-459a-823c-e1bcea5ab3c4:c1, 4d4605e1-ea6f-4e85-b73e-f1014d13b8b6:c0, 5129a9c2-d56f-42da-9a5a-6b0534561310:c0]
2019-07-13 20:28:20,413 INFO  client.GrpcClientProtocolClient (GrpcClientProtocolClient.java:onNext(255)) - client-AE9A34657B64->825fc8cb-e295-459a-823c-e1bcea5ab3c4: receive RaftClientReply:client-AE9A34657B64->825fc8cb-e295-459a-823c-e1bcea5ab3c4@group-E24B9D14126E, cid=33, SUCCESS, logIndex=3, commits[825fc8cb-e295-459a-823c-e1bcea5ab3c4:c4, 4d4605e1-ea6f-4e85-b73e-f1014d13b8b6:c2, 5129a9c2-d56f-42da-9a5a-6b0534561310:c2]
2019-07-13 20:28:20,442 INFO  client.GrpcClientProtocolClient (GrpcClientProtocolClient.java:onNext(255)) - client-AE9A34657B64->825fc8cb-e295-459a-823c-e1bcea5ab3c4: receive RaftClientReply:client-AE9A34657B64->825fc8cb-e295-459a-823c-e1bcea5ab3c4@group-E24B9D14126E, cid=34, SUCCESS, logIndex=4, commits[825fc8cb-e295-459a-823c-e1bcea5ab3c4:c12, 4d4605e1-ea6f-4e85-b73e-f1014d13b8b6:c8, 5129a9c2-d56f-42da-9a5a-6b0534561310:c7]
2019-07-13 20:28:20,444 INFO  client.GrpcClientProtocolClient (GrpcClientProtocolClient.java:onNext(255)) - client-AE9A34657B64->825fc8cb-e295-459a-823c-e1bcea5ab3c4: receive RaftClientReply:client-AE9A34657B64->825fc8cb-e295-459a-823c-e1bcea5ab3c4@group-E24B9D14126E, cid=35, SUCCESS, logIndex=5, commits[825fc8cb-e295-459a-823c-e1bcea5ab3c4:c12, 4d4605e1-ea6f-4e85-b73e-f1014d13b8b6:c8, 5129a9c2-d56f-42da-9a5a-6b0534561310:c7]
2019-07-13 20:28:20,444 INFO  client.GrpcClientProtocolClient (GrpcClientProtocolClient.java:onNext(255)) - client-AE9A34657B64->825fc8cb-e295-459a-823c-e1bcea5ab3c4: receive RaftClientReply:client-AE9A34657B64->825fc8cb-e295-459a-823c-e1bcea5ab3c4@group-E24B9D14126E, cid=36, SUCCESS, logIndex=6, commits[825fc8cb-e295-459a-823c-e1bcea5ab3c4:c12, 4d4605e1-ea6f-4e85-b73e-f1014d13b8b6:c8, 5129a9c2-d56f-42da-9a5a-6b0534561310:c7]
2019-07-13 20:28:20,489 INFO  client.GrpcClientProtocolClient (GrpcClientProtocolClient.java:onNext(255)) - client-AE9A34657B64->825fc8cb-e295-459a-823c-e1bcea5ab3c4: receive RaftClientReply:client-AE9A34657B64->825fc8cb-e295-459a-823c-e1bcea5ab3c4@group-E24B9D14126E, cid=37, SUCCESS, logIndex=7, commits[825fc8cb-e295-459a-823c-e1bcea5ab3c4:c12, 4d4605e1-ea6f-4e85-b73e-f1014d13b8b6:c8, 5129a9c2-d56f-42da-9a5a-6b0534561310:c7]
2019-07-13 20:28:20,506 INFO  client.GrpcClientProtocolClient (GrpcClientProtocolClient.java:onNext(255)) - client-AE9A34657B64->825fc8cb-e295-459a-823c-e1bcea5ab3c4: receive RaftClientReply:client-AE9A34657B64->825fc8cb-e295-459a-823c-e1bcea5ab3c4@group-E24B9D14126E, cid=38, SUCCESS, logIndex=13, commits[825fc8cb-e295-459a-823c-e1bcea5ab3c4:c13, 4d4605e1-ea6f-4e85-b73e-f1014d13b8b6:c12, 5129a9c2-d56f-42da-9a5a-6b0534561310:c7]
2019-07-13 20:28:20,508 INFO  client.GrpcClientProtocolClient (GrpcClientProtocolClient.java:onNext(255)) - client-AE9A34657B64->825fc8cb-e295-459a-823c-e1bcea5ab3c4: receive RaftClientReply:client-AE9A34657B64->825fc8cb-e295-459a-823c-e1bcea5ab3c4@group-E24B9D14126E, cid=39, SUCCESS, logIndex=14, commits[825fc8cb-e295-459a-823c-e1bcea5ab3c4:c14, 4d4605e1-ea6f-4e85-b73e-f1014d13b8b6:c12, 5129a9c2-d56f-42da-9a5a-6b0534561310:c12]
2019-07-13 20:28:20,523 INFO  client.GrpcClientProtocolClient (GrpcClientProtocolClient.java:onNext(255)) - client-AE9A34657B64->825fc8cb-e295-459a-823c-e1bcea5ab3c4: receive RaftClientReply:client-AE9A34657B64->825fc8cb-e295-459a-823c-e1bcea5ab3c4@group-E24B9D14126E, cid=40, SUCCESS, logIndex=0, commits[825fc8cb-e295-459a-823c-e1bcea5ab3c4:c16, 4d4605e1-ea6f-4e85-b73e-f1014d13b8b6:c14, 5129a9c2-d56f-42da-9a5a-6b0534561310:c14]
2019-07-13 20:28:20,580 INFO  pipeline.Pipeline (Pipeline.java:getProtobufMessage(195)) - Serialize pipeline PipelineID=8737a65d-ccfe-4136-87a4-e24b9d14126e with nodesInOrder{ }
2019-07-13 20:28:20,586 INFO  ozone.MiniOzoneClusterImpl (MiniOzoneClusterImpl.java:shutdown(321)) - Shutting down the Mini Ozone Cluster
2019-07-13 20:28:20,586 INFO  ozone.MiniOzoneClusterImpl (MiniOzoneClusterImpl.java:stop(336)) - Stopping the Mini Ozone Cluster
2019-07-13 20:28:20,587 INFO  ozone.MiniOzoneClusterImpl (MiniOzoneClusterImpl.java:stop(338)) - Stopping the OzoneManager
2019-07-13 20:28:20,587 INFO  ipc.Server (Server.java:stop(3082)) - Stopping server on 40475
2019-07-13 20:28:20,588 INFO  ipc.Server (Server.java:run(1185)) - Stopping IPC Server listener on 40475
2019-07-13 20:28:20,588 INFO  utils.BackgroundService (BackgroundService.java:shutdown(148)) - Shutting down service KeyDeletingService
2019-07-13 20:28:20,589 INFO  ipc.Server (Server.java:run(1319)) - Stopping IPC Server Responder
2019-07-13 20:28:20,592 INFO  handler.ContextHandler (ContextHandler.java:doStop(910)) - Stopped o.e.j.w.WebAppContext@1b9c1b51{/,null,UNAVAILABLE}{/ozoneManager}
2019-07-13 20:28:20,593 INFO  server.AbstractConnector (AbstractConnector.java:doStop(318)) - Stopped ServerConnector@2e52fb3e{HTTP/1.1,[http/1.1]}{0.0.0.0:0}
2019-07-13 20:28:20,593 INFO  handler.ContextHandler (ContextHandler.java:doStop(910)) - Stopped o.e.j.s.ServletContextHandler@35c09b94{/static,file:///tmp/workdir/hadoop-ozone/integration-test/target/test-classes/webapps/static,UNAVAILABLE}
2019-07-13 20:28:20,594 INFO  handler.ContextHandler (ContextHandler.java:doStop(910)) - Stopped o.e.j.s.ServletContextHandler@6ac97b84{/logs,file:///tmp/workdir/hadoop-ozone/integration-test/target/log,UNAVAILABLE}
2019-07-13 20:28:20,598 INFO  ozone.MiniOzoneClusterImpl (MiniOzoneClusterImpl.java:stop(344)) - Shutting the HddsDatanodes
2019-07-13 20:28:20,599 INFO  datanode.ObjectStoreHandler (ObjectStoreHandler.java:close(155)) - Closing ObjectStoreHandler.
2019-07-13 20:28:20,599 INFO  datanode.ObjectStoreHandler (ObjectStoreHandler.java:close(155)) - Closing ObjectStoreHandler.
2019-07-13 20:28:20,601 INFO  ozone.HddsDatanodeService (HddsDatanodeService.java:stop(452)) - Stopped plug-in org.apache.hadoop.ozone.web.OzoneHddsDatanodeService@15d236fd
2019-07-13 20:28:20,601 INFO  ozone.HddsDatanodeService (HddsDatanodeService.java:stop(452)) - Stopped plug-in org.apache.hadoop.ozone.web.OzoneHddsDatanodeService@5729b410
2019-07-13 20:28:20,922 INFO  statemachine.DatanodeStateMachine (DatanodeStateMachine.java:lambda$startDaemon$0(350)) - Ozone container server started.
2019-07-13 20:28:21,376 INFO  statemachine.DatanodeStateMachine (DatanodeStateMachine.java:lambda$startDaemon$0(350)) - Ozone container server started.
2019-07-13 20:28:21,939 WARN  pipeline.RatisPipelineUtils (RatisPipelineUtils.java:destroyPipeline(66)) - Pipeline destroy failed for pipeline=PipelineID=7bb24e09-687d-4467-9665-023d0f14e27c dn=679e13b5-cbeb-48af-8f93-74b3a1ecf3c4{ip: 192.168.5.168, host: trunk-nightly-6qp7m-2461138711, networkLocation: /default-rack, certSerialId: null}
2019-07-13 20:28:21,942 WARN  pipeline.RatisPipelineUtils (RatisPipelineUtils.java:destroyPipeline(66)) - Pipeline destroy failed for pipeline=PipelineID=7bb24e09-687d-4467-9665-023d0f14e27c dn=4968f71e-b86a-4dba-9a34-2f43601aaff0{ip: 192.168.5.168, host: trunk-nightly-6qp7m-2461138711, networkLocation: /default-rack, certSerialId: null}
2019-07-13 20:28:21,951 INFO  impl.RaftServerProxy (RaftServerProxy.java:remove(95)) - 1d967e2d-b700-42c4-a2b3-153b0a458c5c: remove group-023D0F14E27C:null
2019-07-13 20:28:21,969 WARN  pipeline.RatisPipelineUtils (RatisPipelineUtils.java:destroyPipeline(66)) - Pipeline destroy failed for pipeline=PipelineID=7bb24e09-687d-4467-9665-023d0f14e27c dn=1d967e2d-b700-42c4-a2b3-153b0a458c5c{ip: 192.168.5.168, host: trunk-nightly-6qp7m-2461138711, networkLocation: /default-rack, certSerialId: null}
2019-07-13 20:28:21,969 ERROR pipeline.SCMPipelineManager (Scheduler.java:lambda$schedule$1(70)) - Destroy pipeline failed for pipeline:Pipeline[ Id: 7bb24e09-687d-4467-9665-023d0f14e27c, Nodes: 679e13b5-cbeb-48af-8f93-74b3a1ecf3c4{ip: 192.168.5.168, host: trunk-nightly-6qp7m-2461138711, networkLocation: /default-rack, certSerialId: null}4968f71e-b86a-4dba-9a34-2f43601aaff0{ip: 192.168.5.168, host: trunk-nightly-6qp7m-2461138711, networkLocation: /default-rack, certSerialId: null}1d967e2d-b700-42c4-a2b3-153b0a458c5c{ip: 192.168.5.168, host: trunk-nightly-6qp7m-2461138711, networkLocation: /default-rack, certSerialId: null}, Type:RATIS, Factor:THREE, State:CLOSED]
org.apache.hadoop.hdds.scm.pipeline.PipelineNotFoundException: PipelineID=7bb24e09-687d-4467-9665-023d0f14e27c not found
	at org.apache.hadoop.hdds.scm.pipeline.PipelineStateMap.getPipeline(PipelineStateMap.java:132)
	at org.apache.hadoop.hdds.scm.pipeline.PipelineStateMap.removePipeline(PipelineStateMap.java:322)
	at org.apache.hadoop.hdds.scm.pipeline.PipelineStateManager.removePipeline(PipelineStateManager.java:107)
	at org.apache.hadoop.hdds.scm.pipeline.SCMPipelineManager.removePipeline(SCMPipelineManager.java:397)
	at org.apache.hadoop.hdds.scm.pipeline.SCMPipelineManager.destroyPipeline(SCMPipelineManager.java:383)
	at org.apache.hadoop.hdds.scm.pipeline.SCMPipelineManager.lambda$finalizeAndDestroyPipeline$0(SCMPipelineManager.java:316)
	at org.apache.hadoop.utils.Scheduler.lambda$schedule$1(Scheduler.java:68)
	at java.util.concurrent.Executors$RunnableAdapter.call(Executors.java:511)
	at java.util.concurrent.FutureTask.run(FutureTask.java:266)
	at java.util.concurrent.ScheduledThreadPoolExecutor$ScheduledFutureTask.access$201(ScheduledThreadPoolExecutor.java:180)
	at java.util.concurrent.ScheduledThreadPoolExecutor$ScheduledFutureTask.run(ScheduledThreadPoolExecutor.java:293)
	at java.util.concurrent.ThreadPoolExecutor.runWorker(ThreadPoolExecutor.java:1149)
	at java.util.concurrent.ThreadPoolExecutor$Worker.run(ThreadPoolExecutor.java:624)
	at java.lang.Thread.run(Thread.java:748)
2019-07-13 20:28:21,973 WARN  pipeline.RatisPipelineUtils (RatisPipelineUtils.java:destroyPipeline(66)) - Pipeline destroy failed for pipeline=PipelineID=f232efdc-58b0-44fb-9106-77c419d563db dn=4968f71e-b86a-4dba-9a34-2f43601aaff0{ip: 192.168.5.168, host: trunk-nightly-6qp7m-2461138711, networkLocation: /default-rack, certSerialId: null}
2019-07-13 20:28:21,973 INFO  pipeline.PipelineStateManager (PipelineStateManager.java:removePipeline(108)) - Pipeline Pipeline[ Id: f232efdc-58b0-44fb-9106-77c419d563db, Nodes: 4968f71e-b86a-4dba-9a34-2f43601aaff0{ip: 192.168.5.168, host: trunk-nightly-6qp7m-2461138711, networkLocation: /default-rack, certSerialId: null}, Type:RATIS, Factor:ONE, State:CLOSED] removed from db
2019-07-13 20:28:24,975 INFO  node.StaleNodeHandler (StaleNodeHandler.java:onMessage(58)) - Datanode 1d967e2d-b700-42c4-a2b3-153b0a458c5c{ip: 192.168.5.168, host: trunk-nightly-6qp7m-2461138711, networkLocation: /default-rack, certSerialId: null} moved to stale state. Finalizing its pipelines [PipelineID=c789731e-32c0-4225-9722-e25856522db7]
2019-07-13 20:28:24,978 INFO  pipeline.SCMPipelineManager (SCMPipelineManager.java:finalizeAndDestroyPipeline(309)) - destroying pipeline:Pipeline[ Id: c789731e-32c0-4225-9722-e25856522db7, Nodes: 1d967e2d-b700-42c4-a2b3-153b0a458c5c{ip: 192.168.5.168, host: trunk-nightly-6qp7m-2461138711, networkLocation: /default-rack, certSerialId: null}, Type:RATIS, Factor:ONE, State:OPEN]
2019-07-13 20:28:24,978 INFO  pipeline.PipelineStateManager (PipelineStateManager.java:finalizePipeline(123)) - Pipeline Pipeline[ Id: c789731e-32c0-4225-9722-e25856522db7, Nodes: 1d967e2d-b700-42c4-a2b3-153b0a458c5c{ip: 192.168.5.168, host: trunk-nightly-6qp7m-2461138711, networkLocation: /default-rack, certSerialId: null}, Type:RATIS, Factor:ONE, State:CLOSED] moved to CLOSED state
2019-07-13 20:28:25,475 INFO  node.StaleNodeHandler (StaleNodeHandler.java:onMessage(58)) - Datanode 5129a9c2-d56f-42da-9a5a-6b0534561310{ip: 192.168.5.168, host: trunk-nightly-6qp7m-2461138711, networkLocation: /default-rack, certSerialId: null} moved to stale state. Finalizing its pipelines [PipelineID=62935099-5989-457c-a417-20aaa7c2b727, PipelineID=8737a65d-ccfe-4136-87a4-e24b9d14126e]
2019-07-13 20:28:25,476 INFO  pipeline.SCMPipelineManager (SCMPipelineManager.java:finalizeAndDestroyPipeline(309)) - destroying pipeline:Pipeline[ Id: 62935099-5989-457c-a417-20aaa7c2b727, Nodes: 5129a9c2-d56f-42da-9a5a-6b0534561310{ip: 192.168.5.168, host: trunk-nightly-6qp7m-2461138711, networkLocation: /default-rack, certSerialId: null}, Type:RATIS, Factor:ONE, State:OPEN]
2019-07-13 20:28:25,476 INFO  pipeline.PipelineStateManager (PipelineStateManager.java:finalizePipeline(123)) - Pipeline Pipeline[ Id: 62935099-5989-457c-a417-20aaa7c2b727, Nodes: 5129a9c2-d56f-42da-9a5a-6b0534561310{ip: 192.168.5.168, host: trunk-nightly-6qp7m-2461138711, networkLocation: /default-rack, certSerialId: null}, Type:RATIS, Factor:ONE, State:CLOSED] moved to CLOSED state
2019-07-13 20:28:25,476 INFO  pipeline.SCMPipelineManager (SCMPipelineManager.java:finalizeAndDestroyPipeline(309)) - destroying pipeline:Pipeline[ Id: 8737a65d-ccfe-4136-87a4-e24b9d14126e, Nodes: 825fc8cb-e295-459a-823c-e1bcea5ab3c4{ip: 192.168.5.168, host: trunk-nightly-6qp7m-2461138711, networkLocation: /default-rack, certSerialId: null}4d4605e1-ea6f-4e85-b73e-f1014d13b8b6{ip: 192.168.5.168, host: trunk-nightly-6qp7m-2461138711, networkLocation: /default-rack, certSerialId: null}5129a9c2-d56f-42da-9a5a-6b0534561310{ip: 192.168.5.168, host: trunk-nightly-6qp7m-2461138711, networkLocation: /default-rack, certSerialId: null}, Type:RATIS, Factor:THREE, State:OPEN]
2019-07-13 20:28:25,476 INFO  pipeline.PipelineStateManager (PipelineStateManager.java:finalizePipeline(123)) - Pipeline Pipeline[ Id: 8737a65d-ccfe-4136-87a4-e24b9d14126e, Nodes: 825fc8cb-e295-459a-823c-e1bcea5ab3c4{ip: 192.168.5.168, host: trunk-nightly-6qp7m-2461138711, networkLocation: /default-rack, certSerialId: null}4d4605e1-ea6f-4e85-b73e-f1014d13b8b6{ip: 192.168.5.168, host: trunk-nightly-6qp7m-2461138711, networkLocation: /default-rack, certSerialId: null}5129a9c2-d56f-42da-9a5a-6b0534561310{ip: 192.168.5.168, host: trunk-nightly-6qp7m-2461138711, networkLocation: /default-rack, certSerialId: null}, Type:RATIS, Factor:THREE, State:CLOSED] moved to CLOSED state
2019-07-13 20:28:25,477 INFO  container.CloseContainerEventHandler (CloseContainerEventHandler.java:onMessage(61)) - Close container Event triggered for container : #2
2019-07-13 20:28:25,602 INFO  ozoneimpl.OzoneContainer (OzoneContainer.java:stop(199)) - Attempting to stop container services.
2019-07-13 20:28:25,605 INFO  ozoneimpl.OzoneContainer (OzoneContainer.java:stop(199)) - Attempting to stop container services.
2019-07-13 20:28:25,605 INFO  impl.RaftServerProxy (RaftServerProxy.java:lambda$close$4(314)) - 5129a9c2-d56f-42da-9a5a-6b0534561310: close
2019-07-13 20:28:25,606 INFO  impl.RaftServerProxy (RaftServerProxy.java:lambda$close$4(314)) - 1d967e2d-b700-42c4-a2b3-153b0a458c5c: close
2019-07-13 20:28:25,606 INFO  impl.RaftServerImpl (RaftServerImpl.java:lambda$shutdown$3(245)) - 5129a9c2-d56f-42da-9a5a-6b0534561310: shutdown group-20AAA7C2B727
2019-07-13 20:28:25,606 INFO  impl.RaftServerImpl (RaftServerImpl.java:lambda$shutdown$3(245)) - 1d967e2d-b700-42c4-a2b3-153b0a458c5c: shutdown group-E25856522DB7
2019-07-13 20:28:25,606 INFO  util.JmxRegister (JmxRegister.java:unregister(73)) - Successfully un-registered JMX Bean with object name Ratis:service=RaftServer,group=group-20AAA7C2B727,id=5129a9c2-d56f-42da-9a5a-6b0534561310
2019-07-13 20:28:25,607 INFO  util.JmxRegister (JmxRegister.java:unregister(73)) - Successfully un-registered JMX Bean with object name Ratis:service=RaftServer,group=group-E25856522DB7,id=1d967e2d-b700-42c4-a2b3-153b0a458c5c
2019-07-13 20:28:25,607 INFO  impl.RoleInfo (RoleInfo.java:shutdownLeaderState(104)) - 5129a9c2-d56f-42da-9a5a-6b0534561310: shutdown LeaderState
2019-07-13 20:28:25,607 INFO  impl.RoleInfo (RoleInfo.java:shutdownLeaderState(104)) - 1d967e2d-b700-42c4-a2b3-153b0a458c5c: shutdown LeaderState
2019-07-13 20:28:25,608 INFO  impl.PendingRequests (PendingRequests.java:sendNotLeaderResponses(202)) - 5129a9c2-d56f-42da-9a5a-6b0534561310-PendingRequests: sendNotLeaderResponses
2019-07-13 20:28:25,608 INFO  impl.PendingRequests (PendingRequests.java:sendNotLeaderResponses(202)) - 1d967e2d-b700-42c4-a2b3-153b0a458c5c-PendingRequests: sendNotLeaderResponses
2019-07-13 20:28:25,609 INFO  impl.StateMachineUpdater (StateMachineUpdater.java:stopAndJoin(115)) - StateMachineUpdater:5129a9c2-d56f-42da-9a5a-6b0534561310:group-20AAA7C2B727: set stopIndex = 0
2019-07-13 20:28:25,609 INFO  ratis.ContainerStateMachine (ContainerStateMachine.java:takeSnapshot(246)) - Taking snapshot at termIndex:(t:0, i:~)
2019-07-13 20:28:25,609 INFO  impl.StateMachineUpdater (StateMachineUpdater.java:stopAndJoin(115)) - StateMachineUpdater:1d967e2d-b700-42c4-a2b3-153b0a458c5c:group-E25856522DB7: set stopIndex = 0
2019-07-13 20:28:25,610 INFO  impl.RaftServerImpl (ServerState.java:close(394)) - 1d967e2d-b700-42c4-a2b3-153b0a458c5c:group-E25856522DB7 closes. The last applied log index is 0
2019-07-13 20:28:25,609 INFO  ratis.ContainerStateMachine (ContainerStateMachine.java:takeSnapshot(246)) - Taking snapshot at termIndex:(t:0, i:~)
2019-07-13 20:28:25,611 INFO  impl.RaftServerImpl (ServerState.java:close(394)) - 5129a9c2-d56f-42da-9a5a-6b0534561310:group-20AAA7C2B727 closes. The last applied log index is 0
2019-07-13 20:28:25,611 INFO  segmented.SegmentedRaftLogWorker (SegmentedRaftLogWorker.java:run(313)) - 1d967e2d-b700-42c4-a2b3-153b0a458c5c-SegmentedRaftLogWorker:Storage Directory /tmp/workdir/hadoop-ozone/integration-test/target/test-dir/MiniOzoneClusterImpl-872b95be-ab77-4531-967a-8b14dc65ac0a/datanode-1/data/ratis/c789731e-32c0-4225-9722-e25856522db7 was interrupted, exiting. There are 0 tasks remaining in the queue.
2019-07-13 20:28:25,611 INFO  segmented.SegmentedRaftLogWorker (SegmentedRaftLogWorker.java:run(313)) - 5129a9c2-d56f-42da-9a5a-6b0534561310-SegmentedRaftLogWorker:Storage Directory /tmp/workdir/hadoop-ozone/integration-test/target/test-dir/MiniOzoneClusterImpl-872b95be-ab77-4531-967a-8b14dc65ac0a/datanode-4/data/ratis/62935099-5989-457c-a417-20aaa7c2b727 was interrupted, exiting. There are 0 tasks remaining in the queue.
2019-07-13 20:28:25,613 INFO  segmented.SegmentedRaftLogWorker (SegmentedRaftLogWorker.java:close(228)) - 1d967e2d-b700-42c4-a2b3-153b0a458c5c-SegmentedRaftLogWorker:Storage Directory /tmp/workdir/hadoop-ozone/integration-test/target/test-dir/MiniOzoneClusterImpl-872b95be-ab77-4531-967a-8b14dc65ac0a/datanode-1/data/ratis/c789731e-32c0-4225-9722-e25856522db7 close()
2019-07-13 20:28:25,616 INFO  segmented.SegmentedRaftLogWorker (SegmentedRaftLogWorker.java:close(228)) - 5129a9c2-d56f-42da-9a5a-6b0534561310-SegmentedRaftLogWorker:Storage Directory /tmp/workdir/hadoop-ozone/integration-test/target/test-dir/MiniOzoneClusterImpl-872b95be-ab77-4531-967a-8b14dc65ac0a/datanode-4/data/ratis/62935099-5989-457c-a417-20aaa7c2b727 close()
2019-07-13 20:28:25,620 INFO  server.GrpcService (GrpcService.java:closeImpl(155)) - 1d967e2d-b700-42c4-a2b3-153b0a458c5c: shutdown server with port 46665 now
2019-07-13 20:28:25,624 INFO  impl.RaftServerImpl (RaftServerImpl.java:lambda$shutdown$3(245)) - 5129a9c2-d56f-42da-9a5a-6b0534561310: shutdown group-E24B9D14126E
2019-07-13 20:28:25,624 INFO  util.JmxRegister (JmxRegister.java:unregister(73)) - Successfully un-registered JMX Bean with object name Ratis:service=RaftServer,group=group-E24B9D14126E,id=5129a9c2-d56f-42da-9a5a-6b0534561310
2019-07-13 20:28:25,624 INFO  server.GrpcService (GrpcService.java:closeImpl(163)) - 1d967e2d-b700-42c4-a2b3-153b0a458c5c: shutdown server with port 46665 successfully
2019-07-13 20:28:25,625 INFO  impl.RoleInfo (RoleInfo.java:shutdownFollowerState(121)) - 5129a9c2-d56f-42da-9a5a-6b0534561310: shutdown FollowerState
2019-07-13 20:28:25,625 INFO  impl.StateMachineUpdater (StateMachineUpdater.java:stopAndJoin(115)) - StateMachineUpdater:5129a9c2-d56f-42da-9a5a-6b0534561310:group-E24B9D14126E: set stopIndex = 16
2019-07-13 20:28:25,625 INFO  ratis.ContainerStateMachine (ContainerStateMachine.java:takeSnapshot(246)) - Taking snapshot at termIndex:(t:1, i:14)
2019-07-13 20:28:25,626 INFO  ratis.ContainerStateMachine (ContainerStateMachine.java:takeSnapshot(250)) - Taking a snapshot to file /tmp/workdir/hadoop-ozone/integration-test/target/test-dir/MiniOzoneClusterImpl-872b95be-ab77-4531-967a-8b14dc65ac0a/datanode-4/data/ratis/8737a65d-ccfe-4136-87a4-e24b9d14126e/sm/snapshot.1_14
2019-07-13 20:28:25,625 INFO  impl.FollowerState (FollowerState.java:run(114)) - 5129a9c2-d56f-42da-9a5a-6b0534561310: FollowerState was interrupted: java.lang.InterruptedException: sleep interrupted
2019-07-13 20:28:25,626 INFO  utils.BackgroundService (BackgroundService.java:shutdown(148)) - Shutting down service BlockDeletingService
2019-07-13 20:28:25,626 INFO  impl.StateMachineUpdater (StateMachineUpdater.java:takeSnapshot(242)) - StateMachineUpdater:5129a9c2-d56f-42da-9a5a-6b0534561310:group-E24B9D14126E: Took a snapshot at index 14
2019-07-13 20:28:25,627 INFO  impl.StateMachineUpdater (StateMachineUpdater.java:lambda$new$0(80)) - StateMachineUpdater:5129a9c2-d56f-42da-9a5a-6b0534561310:group-E24B9D14126E: snapshotIndex: updateIncreasingly -1 -> 14
2019-07-13 20:28:25,627 INFO  impl.RaftServerImpl (ServerState.java:close(394)) - 5129a9c2-d56f-42da-9a5a-6b0534561310:group-E24B9D14126E closes. The last applied log index is 16
2019-07-13 20:28:25,628 WARN  fs.CachingGetSpaceUsed (CachingGetSpaceUsed.java:run(183)) - Thread Interrupted waiting to refresh disk information: sleep interrupted
2019-07-13 20:28:25,628 INFO  segmented.SegmentedRaftLogWorker (SegmentedRaftLogWorker.java:run(313)) - 5129a9c2-d56f-42da-9a5a-6b0534561310-SegmentedRaftLogWorker:Storage Directory /tmp/workdir/hadoop-ozone/integration-test/target/test-dir/MiniOzoneClusterImpl-872b95be-ab77-4531-967a-8b14dc65ac0a/datanode-4/data/ratis/8737a65d-ccfe-4136-87a4-e24b9d14126e was interrupted, exiting. There are 0 tasks remaining in the queue.
2019-07-13 20:28:25,630 INFO  segmented.SegmentedRaftLogWorker (SegmentedRaftLogWorker.java:close(228)) - 5129a9c2-d56f-42da-9a5a-6b0534561310-SegmentedRaftLogWorker:Storage Directory /tmp/workdir/hadoop-ozone/integration-test/target/test-dir/MiniOzoneClusterImpl-872b95be-ab77-4531-967a-8b14dc65ac0a/datanode-4/data/ratis/8737a65d-ccfe-4136-87a4-e24b9d14126e close()
2019-07-13 20:28:25,635 INFO  server.GrpcService (GrpcService.java:closeImpl(155)) - 5129a9c2-d56f-42da-9a5a-6b0534561310: shutdown server with port 41026 now
2019-07-13 20:28:25,636 INFO  server.GrpcService (GrpcService.java:closeImpl(163)) - 5129a9c2-d56f-42da-9a5a-6b0534561310: shutdown server with port 41026 successfully
2019-07-13 20:28:25,637 WARN  server.GrpcServerProtocolService (LogUtils.java:warn(134)) - 5129a9c2-d56f-42da-9a5a-6b0534561310: appendEntries onError: org.apache.ratis.thirdparty.io.grpc.StatusRuntimeException: CANCELLED: cancelled before receiving half close
2019-07-13 20:28:25,642 WARN  server.GrpcLogAppender (LogUtils.java:warn(134)) - 825fc8cb-e295-459a-823c-e1bcea5ab3c4->5129a9c2-d56f-42da-9a5a-6b0534561310: Failed appendEntries: org.apache.ratis.thirdparty.io.grpc.StatusRuntimeException: CANCELLED: HTTP/2 error code: CANCEL
Received Rst Stream
2019-07-13 20:28:25,642 INFO  impl.FollowerInfo (FollowerInfo.java:lambda$new$0(50)) - 825fc8cb-e295-459a-823c-e1bcea5ab3c4->5129a9c2-d56f-42da-9a5a-6b0534561310: nextIndex: updateUnconditionally 17 -> 16
2019-07-13 20:28:25,659 INFO  statemachine.DatanodeStateMachine (DatanodeStateMachine.java:stopDaemon(395)) - Ozone container server stopped.
2019-07-13 20:28:25,664 INFO  utils.BackgroundService (BackgroundService.java:shutdown(148)) - Shutting down service BlockDeletingService
2019-07-13 20:28:25,666 INFO  handler.ContextHandler (ContextHandler.java:doStop(910)) - Stopped o.e.j.w.WebAppContext@2e1eb85f{/,null,UNAVAILABLE}{/hddsDatanode}
2019-07-13 20:28:25,669 INFO  server.AbstractConnector (AbstractConnector.java:doStop(318)) - Stopped ServerConnector@ea7a4c3{HTTP/1.1,[http/1.1]}{0.0.0.0:0}
2019-07-13 20:28:25,671 WARN  fs.CachingGetSpaceUsed (CachingGetSpaceUsed.java:run(183)) - Thread Interrupted waiting to refresh disk information: sleep interrupted
2019-07-13 20:28:25,671 INFO  handler.ContextHandler (ContextHandler.java:doStop(910)) - Stopped o.e.j.s.ServletContextHandler@364fd4ae{/static,jar:file:/home/user/.m2/repository/org/apache/hadoop/hadoop-hdds-container-service/0.5.0-SNAPSHOT/hadoop-hdds-container-service-0.5.0-SNAPSHOT.jar!/webapps/static,UNAVAILABLE}
2019-07-13 20:28:25,673 INFO  handler.ContextHandler (ContextHandler.java:doStop(910)) - Stopped o.e.j.s.ServletContextHandler@359066bc{/logs,file:///tmp/workdir/hadoop-ozone/integration-test/target/log,UNAVAILABLE}
2019-07-13 20:28:25,674 INFO  datanode.ObjectStoreHandler (ObjectStoreHandler.java:close(155)) - Closing ObjectStoreHandler.
2019-07-13 20:28:25,675 INFO  ozone.HddsDatanodeService (HddsDatanodeService.java:stop(452)) - Stopped plug-in org.apache.hadoop.ozone.web.OzoneHddsDatanodeService@7436364d
2019-07-13 20:28:25,686 INFO  statemachine.DatanodeStateMachine (DatanodeStateMachine.java:stopDaemon(395)) - Ozone container server stopped.
2019-07-13 20:28:25,687 INFO  handler.ContextHandler (ContextHandler.java:doStop(910)) - Stopped o.e.j.w.WebAppContext@367d34c0{/,null,UNAVAILABLE}{/hddsDatanode}
2019-07-13 20:28:25,688 INFO  server.AbstractConnector (AbstractConnector.java:doStop(318)) - Stopped ServerConnector@4ce25e47{HTTP/1.1,[http/1.1]}{0.0.0.0:0}
2019-07-13 20:28:25,689 INFO  handler.ContextHandler (ContextHandler.java:doStop(910)) - Stopped o.e.j.s.ServletContextHandler@5fef0c19{/static,jar:file:/home/user/.m2/repository/org/apache/hadoop/hadoop-hdds-container-service/0.5.0-SNAPSHOT/hadoop-hdds-container-service-0.5.0-SNAPSHOT.jar!/webapps/static,UNAVAILABLE}
2019-07-13 20:28:25,689 INFO  handler.ContextHandler (ContextHandler.java:doStop(910)) - Stopped o.e.j.s.ServletContextHandler@615db358{/logs,file:///tmp/workdir/hadoop-ozone/integration-test/target/log,UNAVAILABLE}
2019-07-13 20:28:25,690 INFO  datanode.ObjectStoreHandler (ObjectStoreHandler.java:close(155)) - Closing ObjectStoreHandler.
2019-07-13 20:28:25,691 INFO  ozone.HddsDatanodeService (HddsDatanodeService.java:stop(452)) - Stopped plug-in org.apache.hadoop.ozone.web.OzoneHddsDatanodeService@65da01f4
2019-07-13 20:28:26,369 INFO  statemachine.DatanodeStateMachine (DatanodeStateMachine.java:lambda$startDaemon$0(350)) - Ozone container server started.
2019-07-13 20:28:26,374 INFO  statemachine.DatanodeStateMachine (DatanodeStateMachine.java:lambda$startDaemon$0(350)) - Ozone container server started.
2019-07-13 20:28:28,029 WARN  server.GrpcLogAppender (LogUtils.java:warn(134)) - 825fc8cb-e295-459a-823c-e1bcea5ab3c4->5129a9c2-d56f-42da-9a5a-6b0534561310: Failed appendEntries: org.apache.ratis.thirdparty.io.grpc.StatusRuntimeException: UNAVAILABLE: io exception
2019-07-13 20:28:28,030 INFO  impl.FollowerInfo (FollowerInfo.java:lambda$new$0(50)) - 825fc8cb-e295-459a-823c-e1bcea5ab3c4->5129a9c2-d56f-42da-9a5a-6b0534561310: nextIndex: updateUnconditionally 16 -> 15
2019-07-13 20:28:30,383 INFO  node.StaleNodeHandler (StaleNodeHandler.java:onMessage(58)) - Datanode 825fc8cb-e295-459a-823c-e1bcea5ab3c4{ip: 192.168.5.168, host: trunk-nightly-6qp7m-2461138711, networkLocation: /default-rack, certSerialId: null} moved to stale state. Finalizing its pipelines [PipelineID=8737a65d-ccfe-4136-87a4-e24b9d14126e, PipelineID=a50daff0-1fe5-4cbc-a10d-8e8a31082fd4]
2019-07-13 20:28:30,383 INFO  pipeline.SCMPipelineManager (SCMPipelineManager.java:finalizeAndDestroyPipeline(309)) - destroying pipeline:Pipeline[ Id: 8737a65d-ccfe-4136-87a4-e24b9d14126e, Nodes: 825fc8cb-e295-459a-823c-e1bcea5ab3c4{ip: 192.168.5.168, host: trunk-nightly-6qp7m-2461138711, networkLocation: /default-rack, certSerialId: null}4d4605e1-ea6f-4e85-b73e-f1014d13b8b6{ip: 192.168.5.168, host: trunk-nightly-6qp7m-2461138711, networkLocation: /default-rack, certSerialId: null}5129a9c2-d56f-42da-9a5a-6b0534561310{ip: 192.168.5.168, host: trunk-nightly-6qp7m-2461138711, networkLocation: /default-rack, certSerialId: null}, Type:RATIS, Factor:THREE, State:CLOSED]
2019-07-13 20:28:30,384 INFO  pipeline.SCMPipelineManager (SCMPipelineManager.java:finalizeAndDestroyPipeline(309)) - destroying pipeline:Pipeline[ Id: a50daff0-1fe5-4cbc-a10d-8e8a31082fd4, Nodes: 825fc8cb-e295-459a-823c-e1bcea5ab3c4{ip: 192.168.5.168, host: trunk-nightly-6qp7m-2461138711, networkLocation: /default-rack, certSerialId: null}, Type:RATIS, Factor:ONE, State:OPEN]
2019-07-13 20:28:30,384 INFO  pipeline.PipelineStateManager (PipelineStateManager.java:finalizePipeline(123)) - Pipeline Pipeline[ Id: a50daff0-1fe5-4cbc-a10d-8e8a31082fd4, Nodes: 825fc8cb-e295-459a-823c-e1bcea5ab3c4{ip: 192.168.5.168, host: trunk-nightly-6qp7m-2461138711, networkLocation: /default-rack, certSerialId: null}, Type:RATIS, Factor:ONE, State:CLOSED] moved to CLOSED state
2019-07-13 20:28:30,384 INFO  node.StaleNodeHandler (StaleNodeHandler.java:onMessage(58)) - Datanode 4d4605e1-ea6f-4e85-b73e-f1014d13b8b6{ip: 192.168.5.168, host: trunk-nightly-6qp7m-2461138711, networkLocation: /default-rack, certSerialId: null} moved to stale state. Finalizing its pipelines [PipelineID=8737a65d-ccfe-4136-87a4-e24b9d14126e, PipelineID=59e767e2-5ad3-414c-a3a8-4b94fc18e307]
2019-07-13 20:28:30,384 INFO  pipeline.SCMPipelineManager (SCMPipelineManager.java:finalizeAndDestroyPipeline(309)) - destroying pipeline:Pipeline[ Id: 8737a65d-ccfe-4136-87a4-e24b9d14126e, Nodes: 825fc8cb-e295-459a-823c-e1bcea5ab3c4{ip: 192.168.5.168, host: trunk-nightly-6qp7m-2461138711, networkLocation: /default-rack, certSerialId: null}4d4605e1-ea6f-4e85-b73e-f1014d13b8b6{ip: 192.168.5.168, host: trunk-nightly-6qp7m-2461138711, networkLocation: /default-rack, certSerialId: null}5129a9c2-d56f-42da-9a5a-6b0534561310{ip: 192.168.5.168, host: trunk-nightly-6qp7m-2461138711, networkLocation: /default-rack, certSerialId: null}, Type:RATIS, Factor:THREE, State:CLOSED]
2019-07-13 20:28:30,385 INFO  pipeline.SCMPipelineManager (SCMPipelineManager.java:finalizeAndDestroyPipeline(309)) - destroying pipeline:Pipeline[ Id: 59e767e2-5ad3-414c-a3a8-4b94fc18e307, Nodes: 4d4605e1-ea6f-4e85-b73e-f1014d13b8b6{ip: 192.168.5.168, host: trunk-nightly-6qp7m-2461138711, networkLocation: /default-rack, certSerialId: null}, Type:RATIS, Factor:ONE, State:OPEN]
2019-07-13 20:28:30,385 INFO  pipeline.PipelineStateManager (PipelineStateManager.java:finalizePipeline(123)) - Pipeline Pipeline[ Id: 59e767e2-5ad3-414c-a3a8-4b94fc18e307, Nodes: 4d4605e1-ea6f-4e85-b73e-f1014d13b8b6{ip: 192.168.5.168, host: trunk-nightly-6qp7m-2461138711, networkLocation: /default-rack, certSerialId: null}, Type:RATIS, Factor:ONE, State:CLOSED] moved to CLOSED state
2019-07-13 20:28:30,531 WARN  server.GrpcLogAppender (LogUtils.java:warn(134)) - 825fc8cb-e295-459a-823c-e1bcea5ab3c4->5129a9c2-d56f-42da-9a5a-6b0534561310: Failed appendEntries: org.apache.ratis.thirdparty.io.grpc.StatusRuntimeException: UNAVAILABLE: io exception
2019-07-13 20:28:30,534 INFO  impl.FollowerInfo (FollowerInfo.java:lambda$new$0(50)) - 825fc8cb-e295-459a-823c-e1bcea5ab3c4->5129a9c2-d56f-42da-9a5a-6b0534561310: nextIndex: updateUnconditionally 15 -> 14
2019-07-13 20:28:30,676 INFO  ozoneimpl.OzoneContainer (OzoneContainer.java:stop(199)) - Attempting to stop container services.
2019-07-13 20:28:30,676 INFO  impl.RaftServerProxy (RaftServerProxy.java:lambda$close$4(314)) - 4d4605e1-ea6f-4e85-b73e-f1014d13b8b6: close
2019-07-13 20:28:30,676 INFO  impl.RaftServerImpl (RaftServerImpl.java:lambda$shutdown$3(245)) - 4d4605e1-ea6f-4e85-b73e-f1014d13b8b6: shutdown group-E24B9D14126E
2019-07-13 20:28:30,677 INFO  util.JmxRegister (JmxRegister.java:unregister(73)) - Successfully un-registered JMX Bean with object name Ratis:service=RaftServer,group=group-E24B9D14126E,id=4d4605e1-ea6f-4e85-b73e-f1014d13b8b6
2019-07-13 20:28:30,677 INFO  impl.RoleInfo (RoleInfo.java:shutdownFollowerState(121)) - 4d4605e1-ea6f-4e85-b73e-f1014d13b8b6: shutdown FollowerState
2019-07-13 20:28:30,677 INFO  impl.StateMachineUpdater (StateMachineUpdater.java:stopAndJoin(115)) - StateMachineUpdater:4d4605e1-ea6f-4e85-b73e-f1014d13b8b6:group-E24B9D14126E: set stopIndex = 16
2019-07-13 20:28:30,677 INFO  impl.FollowerState (FollowerState.java:run(114)) - 4d4605e1-ea6f-4e85-b73e-f1014d13b8b6: FollowerState was interrupted: java.lang.InterruptedException: sleep interrupted
2019-07-13 20:28:30,677 INFO  ratis.ContainerStateMachine (ContainerStateMachine.java:takeSnapshot(246)) - Taking snapshot at termIndex:(t:1, i:14)
2019-07-13 20:28:30,678 INFO  ratis.ContainerStateMachine (ContainerStateMachine.java:takeSnapshot(250)) - Taking a snapshot to file /tmp/workdir/hadoop-ozone/integration-test/target/test-dir/MiniOzoneClusterImpl-872b95be-ab77-4531-967a-8b14dc65ac0a/datanode-2/data/ratis/8737a65d-ccfe-4136-87a4-e24b9d14126e/sm/snapshot.1_14
2019-07-13 20:28:30,679 INFO  impl.StateMachineUpdater (StateMachineUpdater.java:takeSnapshot(242)) - StateMachineUpdater:4d4605e1-ea6f-4e85-b73e-f1014d13b8b6:group-E24B9D14126E: Took a snapshot at index 14
2019-07-13 20:28:30,679 INFO  impl.StateMachineUpdater (StateMachineUpdater.java:lambda$new$0(80)) - StateMachineUpdater:4d4605e1-ea6f-4e85-b73e-f1014d13b8b6:group-E24B9D14126E: snapshotIndex: updateIncreasingly -1 -> 14
2019-07-13 20:28:30,679 INFO  impl.RaftServerImpl (ServerState.java:close(394)) - 4d4605e1-ea6f-4e85-b73e-f1014d13b8b6:group-E24B9D14126E closes. The last applied log index is 16
2019-07-13 20:28:30,680 INFO  segmented.SegmentedRaftLogWorker (SegmentedRaftLogWorker.java:run(313)) - 4d4605e1-ea6f-4e85-b73e-f1014d13b8b6-SegmentedRaftLogWorker:Storage Directory /tmp/workdir/hadoop-ozone/integration-test/target/test-dir/MiniOzoneClusterImpl-872b95be-ab77-4531-967a-8b14dc65ac0a/datanode-2/data/ratis/8737a65d-ccfe-4136-87a4-e24b9d14126e was interrupted, exiting. There are 0 tasks remaining in the queue.
2019-07-13 20:28:30,682 INFO  segmented.SegmentedRaftLogWorker (SegmentedRaftLogWorker.java:close(228)) - 4d4605e1-ea6f-4e85-b73e-f1014d13b8b6-SegmentedRaftLogWorker:Storage Directory /tmp/workdir/hadoop-ozone/integration-test/target/test-dir/MiniOzoneClusterImpl-872b95be-ab77-4531-967a-8b14dc65ac0a/datanode-2/data/ratis/8737a65d-ccfe-4136-87a4-e24b9d14126e close()
2019-07-13 20:28:30,685 INFO  impl.RaftServerImpl (RaftServerImpl.java:lambda$shutdown$3(245)) - 4d4605e1-ea6f-4e85-b73e-f1014d13b8b6: shutdown group-4B94FC18E307
2019-07-13 20:28:30,685 INFO  util.JmxRegister (JmxRegister.java:unregister(73)) - Successfully un-registered JMX Bean with object name Ratis:service=RaftServer,group=group-4B94FC18E307,id=4d4605e1-ea6f-4e85-b73e-f1014d13b8b6
2019-07-13 20:28:30,686 INFO  impl.RoleInfo (RoleInfo.java:shutdownLeaderState(104)) - 4d4605e1-ea6f-4e85-b73e-f1014d13b8b6: shutdown LeaderState
2019-07-13 20:28:30,686 INFO  impl.PendingRequests (PendingRequests.java:sendNotLeaderResponses(202)) - 4d4605e1-ea6f-4e85-b73e-f1014d13b8b6-PendingRequests: sendNotLeaderResponses
2019-07-13 20:28:30,686 INFO  impl.StateMachineUpdater (StateMachineUpdater.java:stopAndJoin(115)) - StateMachineUpdater:4d4605e1-ea6f-4e85-b73e-f1014d13b8b6:group-4B94FC18E307: set stopIndex = 0
2019-07-13 20:28:30,686 INFO  ratis.ContainerStateMachine (ContainerStateMachine.java:takeSnapshot(246)) - Taking snapshot at termIndex:(t:0, i:~)
2019-07-13 20:28:30,687 INFO  impl.RaftServerImpl (ServerState.java:close(394)) - 4d4605e1-ea6f-4e85-b73e-f1014d13b8b6:group-4B94FC18E307 closes. The last applied log index is 0
2019-07-13 20:28:30,687 INFO  segmented.SegmentedRaftLogWorker (SegmentedRaftLogWorker.java:run(313)) - 4d4605e1-ea6f-4e85-b73e-f1014d13b8b6-SegmentedRaftLogWorker:Storage Directory /tmp/workdir/hadoop-ozone/integration-test/target/test-dir/MiniOzoneClusterImpl-872b95be-ab77-4531-967a-8b14dc65ac0a/datanode-2/data/ratis/59e767e2-5ad3-414c-a3a8-4b94fc18e307 was interrupted, exiting. There are 0 tasks remaining in the queue.
2019-07-13 20:28:30,689 INFO  segmented.SegmentedRaftLogWorker (SegmentedRaftLogWorker.java:close(228)) - 4d4605e1-ea6f-4e85-b73e-f1014d13b8b6-SegmentedRaftLogWorker:Storage Directory /tmp/workdir/hadoop-ozone/integration-test/target/test-dir/MiniOzoneClusterImpl-872b95be-ab77-4531-967a-8b14dc65ac0a/datanode-2/data/ratis/59e767e2-5ad3-414c-a3a8-4b94fc18e307 close()
2019-07-13 20:28:30,697 INFO  server.GrpcService (GrpcService.java:closeImpl(155)) - 4d4605e1-ea6f-4e85-b73e-f1014d13b8b6: shutdown server with port 34965 now
2019-07-13 20:28:30,697 INFO  ozoneimpl.OzoneContainer (OzoneContainer.java:stop(199)) - Attempting to stop container services.
2019-07-13 20:28:30,698 INFO  impl.RaftServerProxy (RaftServerProxy.java:lambda$close$4(314)) - 825fc8cb-e295-459a-823c-e1bcea5ab3c4: close
2019-07-13 20:28:30,698 WARN  server.GrpcServerProtocolService (LogUtils.java:warn(134)) - 4d4605e1-ea6f-4e85-b73e-f1014d13b8b6: appendEntries onError: org.apache.ratis.thirdparty.io.grpc.StatusRuntimeException: CANCELLED: cancelled before receiving half close
2019-07-13 20:28:30,698 WARN  server.GrpcLogAppender (LogUtils.java:warn(134)) - 825fc8cb-e295-459a-823c-e1bcea5ab3c4->4d4605e1-ea6f-4e85-b73e-f1014d13b8b6: Failed appendEntries: org.apache.ratis.thirdparty.io.grpc.StatusRuntimeException: CANCELLED: HTTP/2 error code: CANCEL
Received Rst Stream
2019-07-13 20:28:30,698 INFO  impl.RaftServerImpl (RaftServerImpl.java:lambda$shutdown$3(245)) - 825fc8cb-e295-459a-823c-e1bcea5ab3c4: shutdown group-E24B9D14126E
2019-07-13 20:28:30,698 INFO  server.GrpcService (GrpcService.java:closeImpl(163)) - 4d4605e1-ea6f-4e85-b73e-f1014d13b8b6: shutdown server with port 34965 successfully
2019-07-13 20:28:30,701 INFO  util.JmxRegister (JmxRegister.java:unregister(73)) - Successfully un-registered JMX Bean with object name Ratis:service=RaftServer,group=group-E24B9D14126E,id=825fc8cb-e295-459a-823c-e1bcea5ab3c4
2019-07-13 20:28:30,701 INFO  impl.RoleInfo (RoleInfo.java:shutdownLeaderState(104)) - 825fc8cb-e295-459a-823c-e1bcea5ab3c4: shutdown LeaderState
2019-07-13 20:28:30,700 INFO  impl.FollowerInfo (FollowerInfo.java:lambda$new$0(50)) - 825fc8cb-e295-459a-823c-e1bcea5ab3c4->4d4605e1-ea6f-4e85-b73e-f1014d13b8b6: nextIndex: updateUnconditionally 17 -> 16
2019-07-13 20:28:30,705 WARN  server.GrpcLogAppender (GrpcLogAppender.java:mayWait(143)) - GrpcLogAppender(825fc8cb-e295-459a-823c-e1bcea5ab3c4->5129a9c2-d56f-42da-9a5a-6b0534561310): Wait interrupted by java.lang.InterruptedException
2019-07-13 20:28:30,705 INFO  impl.PendingRequests (PendingRequests.java:sendNotLeaderResponses(202)) - 825fc8cb-e295-459a-823c-e1bcea5ab3c4-PendingRequests: sendNotLeaderResponses
2019-07-13 20:28:30,702 INFO  utils.BackgroundService (BackgroundService.java:shutdown(148)) - Shutting down service BlockDeletingService
2019-07-13 20:28:30,706 WARN  server.GrpcLogAppender (GrpcLogAppender.java:mayWait(143)) - GrpcLogAppender(825fc8cb-e295-459a-823c-e1bcea5ab3c4->4d4605e1-ea6f-4e85-b73e-f1014d13b8b6): Wait interrupted by java.lang.InterruptedException
2019-07-13 20:28:30,710 INFO  ratis.ContainerStateMachine (ContainerStateMachine.java:takeSnapshot(246)) - Taking snapshot at termIndex:(t:1, i:14)
2019-07-13 20:28:30,710 INFO  impl.StateMachineUpdater (StateMachineUpdater.java:stopAndJoin(115)) - StateMachineUpdater:825fc8cb-e295-459a-823c-e1bcea5ab3c4:group-E24B9D14126E: set stopIndex = 16
2019-07-13 20:28:30,710 INFO  ratis.ContainerStateMachine (ContainerStateMachine.java:takeSnapshot(250)) - Taking a snapshot to file /tmp/workdir/hadoop-ozone/integration-test/target/test-dir/MiniOzoneClusterImpl-872b95be-ab77-4531-967a-8b14dc65ac0a/datanode-3/data/ratis/8737a65d-ccfe-4136-87a4-e24b9d14126e/sm/snapshot.1_14
2019-07-13 20:28:30,713 INFO  impl.StateMachineUpdater (StateMachineUpdater.java:takeSnapshot(242)) - StateMachineUpdater:825fc8cb-e295-459a-823c-e1bcea5ab3c4:group-E24B9D14126E: Took a snapshot at index 14
2019-07-13 20:28:30,713 INFO  impl.StateMachineUpdater (StateMachineUpdater.java:lambda$new$0(80)) - StateMachineUpdater:825fc8cb-e295-459a-823c-e1bcea5ab3c4:group-E24B9D14126E: snapshotIndex: updateIncreasingly -1 -> 14
2019-07-13 20:28:30,713 INFO  impl.RaftServerImpl (ServerState.java:close(394)) - 825fc8cb-e295-459a-823c-e1bcea5ab3c4:group-E24B9D14126E closes. The last applied log index is 16
2019-07-13 20:28:30,714 INFO  segmented.SegmentedRaftLogWorker (SegmentedRaftLogWorker.java:run(313)) - 825fc8cb-e295-459a-823c-e1bcea5ab3c4-SegmentedRaftLogWorker:Storage Directory /tmp/workdir/hadoop-ozone/integration-test/target/test-dir/MiniOzoneClusterImpl-872b95be-ab77-4531-967a-8b14dc65ac0a/datanode-3/data/ratis/8737a65d-ccfe-4136-87a4-e24b9d14126e was interrupted, exiting. There are 0 tasks remaining in the queue.
2019-07-13 20:28:30,714 INFO  segmented.SegmentedRaftLogWorker (SegmentedRaftLogWorker.java:close(228)) - 825fc8cb-e295-459a-823c-e1bcea5ab3c4-SegmentedRaftLogWorker:Storage Directory /tmp/workdir/hadoop-ozone/integration-test/target/test-dir/MiniOzoneClusterImpl-872b95be-ab77-4531-967a-8b14dc65ac0a/datanode-3/data/ratis/8737a65d-ccfe-4136-87a4-e24b9d14126e close()
2019-07-13 20:28:30,715 WARN  fs.CachingGetSpaceUsed (CachingGetSpaceUsed.java:run(183)) - Thread Interrupted waiting to refresh disk information: sleep interrupted
2019-07-13 20:28:30,716 INFO  impl.RaftServerImpl (RaftServerImpl.java:lambda$shutdown$3(245)) - 825fc8cb-e295-459a-823c-e1bcea5ab3c4: shutdown group-8E8A31082FD4
2019-07-13 20:28:30,717 INFO  util.JmxRegister (JmxRegister.java:unregister(73)) - Successfully un-registered JMX Bean with object name Ratis:service=RaftServer,group=group-8E8A31082FD4,id=825fc8cb-e295-459a-823c-e1bcea5ab3c4
2019-07-13 20:28:30,718 INFO  impl.RoleInfo (RoleInfo.java:shutdownLeaderState(104)) - 825fc8cb-e295-459a-823c-e1bcea5ab3c4: shutdown LeaderState
2019-07-13 20:28:30,718 INFO  impl.PendingRequests (PendingRequests.java:sendNotLeaderResponses(202)) - 825fc8cb-e295-459a-823c-e1bcea5ab3c4-PendingRequests: sendNotLeaderResponses
2019-07-13 20:28:30,719 INFO  impl.StateMachineUpdater (StateMachineUpdater.java:stopAndJoin(115)) - StateMachineUpdater:825fc8cb-e295-459a-823c-e1bcea5ab3c4:group-8E8A31082FD4: set stopIndex = 0
2019-07-13 20:28:30,722 INFO  ratis.ContainerStateMachine (ContainerStateMachine.java:takeSnapshot(246)) - Taking snapshot at termIndex:(t:0, i:~)
2019-07-13 20:28:30,722 INFO  impl.RaftServerImpl (ServerState.java:close(394)) - 825fc8cb-e295-459a-823c-e1bcea5ab3c4:group-8E8A31082FD4 closes. The last applied log index is 0
2019-07-13 20:28:30,723 INFO  segmented.SegmentedRaftLogWorker (SegmentedRaftLogWorker.java:run(313)) - 825fc8cb-e295-459a-823c-e1bcea5ab3c4-SegmentedRaftLogWorker:Storage Directory /tmp/workdir/hadoop-ozone/integration-test/target/test-dir/MiniOzoneClusterImpl-872b95be-ab77-4531-967a-8b14dc65ac0a/datanode-3/data/ratis/a50daff0-1fe5-4cbc-a10d-8e8a31082fd4 was interrupted, exiting. There are 0 tasks remaining in the queue.
2019-07-13 20:28:30,724 INFO  segmented.SegmentedRaftLogWorker (SegmentedRaftLogWorker.java:close(228)) - 825fc8cb-e295-459a-823c-e1bcea5ab3c4-SegmentedRaftLogWorker:Storage Directory /tmp/workdir/hadoop-ozone/integration-test/target/test-dir/MiniOzoneClusterImpl-872b95be-ab77-4531-967a-8b14dc65ac0a/datanode-3/data/ratis/a50daff0-1fe5-4cbc-a10d-8e8a31082fd4 close()
2019-07-13 20:28:30,725 INFO  server.GrpcService (GrpcService.java:closeImpl(155)) - 825fc8cb-e295-459a-823c-e1bcea5ab3c4: shutdown server with port 45388 now
2019-07-13 20:28:30,731 WARN  client.GrpcClientProtocolService (LogUtils.java:warn(134)) - 1-UnorderedRequestStreamObserver1: onError: org.apache.ratis.thirdparty.io.grpc.StatusRuntimeException: CANCELLED: cancelled before receiving half close
2019-07-13 20:28:30,731 INFO  server.GrpcService (GrpcService.java:closeImpl(163)) - 825fc8cb-e295-459a-823c-e1bcea5ab3c4: shutdown server with port 45388 successfully
2019-07-13 20:28:30,738 INFO  utils.BackgroundService (BackgroundService.java:shutdown(148)) - Shutting down service BlockDeletingService
2019-07-13 20:28:30,747 WARN  fs.CachingGetSpaceUsed (CachingGetSpaceUsed.java:run(183)) - Thread Interrupted waiting to refresh disk information: sleep interrupted
2019-07-13 20:28:30,749 INFO  statemachine.DatanodeStateMachine (DatanodeStateMachine.java:stopDaemon(395)) - Ozone container server stopped.
2019-07-13 20:28:30,763 INFO  statemachine.DatanodeStateMachine (DatanodeStateMachine.java:stopDaemon(395)) - Ozone container server stopped.
2019-07-13 20:28:30,765 INFO  handler.ContextHandler (ContextHandler.java:doStop(910)) - Stopped o.e.j.w.WebAppContext@7197b07f{/,null,UNAVAILABLE}{/hddsDatanode}
2019-07-13 20:28:30,765 INFO  handler.ContextHandler (ContextHandler.java:doStop(910)) - Stopped o.e.j.w.WebAppContext@6a2d867d{/,null,UNAVAILABLE}{/hddsDatanode}
2019-07-13 20:28:30,766 INFO  server.AbstractConnector (AbstractConnector.java:doStop(318)) - Stopped ServerConnector@1f10fec6{HTTP/1.1,[http/1.1]}{0.0.0.0:0}
2019-07-13 20:28:30,767 INFO  server.AbstractConnector (AbstractConnector.java:doStop(318)) - Stopped ServerConnector@73bb1337{HTTP/1.1,[http/1.1]}{0.0.0.0:0}
2019-07-13 20:28:30,768 INFO  handler.ContextHandler (ContextHandler.java:doStop(910)) - Stopped o.e.j.s.ServletContextHandler@62ade015{/static,jar:file:/home/user/.m2/repository/org/apache/hadoop/hadoop-hdds-container-service/0.5.0-SNAPSHOT/hadoop-hdds-container-service-0.5.0-SNAPSHOT.jar!/webapps/static,UNAVAILABLE}
2019-07-13 20:28:30,768 INFO  handler.ContextHandler (ContextHandler.java:doStop(910)) - Stopped o.e.j.s.ServletContextHandler@cc9ef8d{/static,jar:file:/home/user/.m2/repository/org/apache/hadoop/hadoop-hdds-container-service/0.5.0-SNAPSHOT/hadoop-hdds-container-service-0.5.0-SNAPSHOT.jar!/webapps/static,UNAVAILABLE}
2019-07-13 20:28:30,770 INFO  handler.ContextHandler (ContextHandler.java:doStop(910)) - Stopped o.e.j.s.ServletContextHandler@631c6d11{/logs,file:///tmp/workdir/hadoop-ozone/integration-test/target/log,UNAVAILABLE}
2019-07-13 20:28:30,770 INFO  handler.ContextHandler (ContextHandler.java:doStop(910)) - Stopped o.e.j.s.ServletContextHandler@1e30db85{/logs,file:///tmp/workdir/hadoop-ozone/integration-test/target/log,UNAVAILABLE}
2019-07-13 20:28:30,771 INFO  datanode.ObjectStoreHandler (ObjectStoreHandler.java:close(155)) - Closing ObjectStoreHandler.
2019-07-13 20:28:30,771 INFO  ozone.HddsDatanodeService (HddsDatanodeService.java:stop(452)) - Stopped plug-in org.apache.hadoop.ozone.web.OzoneHddsDatanodeService@b4732dc
2019-07-13 20:28:31,320 INFO  statemachine.DatanodeStateMachine (DatanodeStateMachine.java:lambda$startDaemon$0(350)) - Ozone container server started.
2019-07-13 20:28:35,391 INFO  node.StaleNodeHandler (StaleNodeHandler.java:onMessage(58)) - Datanode b24d28ba-ba43-4860-82ca-0d27d18e3528{ip: 192.168.5.168, host: trunk-nightly-6qp7m-2461138711, networkLocation: /default-rack, certSerialId: null} moved to stale state. Finalizing its pipelines [PipelineID=243341e6-ce80-4d82-97cb-355a82ac74b3]
2019-07-13 20:28:35,392 INFO  pipeline.SCMPipelineManager (SCMPipelineManager.java:finalizeAndDestroyPipeline(309)) - destroying pipeline:Pipeline[ Id: 243341e6-ce80-4d82-97cb-355a82ac74b3, Nodes: b24d28ba-ba43-4860-82ca-0d27d18e3528{ip: 192.168.5.168, host: trunk-nightly-6qp7m-2461138711, networkLocation: /default-rack, certSerialId: null}, Type:RATIS, Factor:ONE, State:OPEN]
2019-07-13 20:28:35,392 INFO  pipeline.PipelineStateManager (PipelineStateManager.java:finalizePipeline(123)) - Pipeline Pipeline[ Id: 243341e6-ce80-4d82-97cb-355a82ac74b3, Nodes: b24d28ba-ba43-4860-82ca-0d27d18e3528{ip: 192.168.5.168, host: trunk-nightly-6qp7m-2461138711, networkLocation: /default-rack, certSerialId: null}, Type:RATIS, Factor:ONE, State:CLOSED] moved to CLOSED state
2019-07-13 20:28:35,772 INFO  ozoneimpl.OzoneContainer (OzoneContainer.java:stop(199)) - Attempting to stop container services.
2019-07-13 20:28:35,773 INFO  impl.RaftServerProxy (RaftServerProxy.java:lambda$close$4(314)) - b24d28ba-ba43-4860-82ca-0d27d18e3528: close
2019-07-13 20:28:35,773 INFO  impl.RaftServerImpl (RaftServerImpl.java:lambda$shutdown$3(245)) - b24d28ba-ba43-4860-82ca-0d27d18e3528: shutdown group-355A82AC74B3
2019-07-13 20:28:35,773 INFO  util.JmxRegister (JmxRegister.java:unregister(73)) - Successfully un-registered JMX Bean with object name Ratis:service=RaftServer,group=group-355A82AC74B3,id=b24d28ba-ba43-4860-82ca-0d27d18e3528
2019-07-13 20:28:35,774 INFO  impl.RoleInfo (RoleInfo.java:shutdownLeaderState(104)) - b24d28ba-ba43-4860-82ca-0d27d18e3528: shutdown LeaderState
2019-07-13 20:28:35,774 INFO  impl.PendingRequests (PendingRequests.java:sendNotLeaderResponses(202)) - b24d28ba-ba43-4860-82ca-0d27d18e3528-PendingRequests: sendNotLeaderResponses
2019-07-13 20:28:35,774 INFO  impl.StateMachineUpdater (StateMachineUpdater.java:stopAndJoin(115)) - StateMachineUpdater:b24d28ba-ba43-4860-82ca-0d27d18e3528:group-355A82AC74B3: set stopIndex = 0
2019-07-13 20:28:35,775 INFO  ratis.ContainerStateMachine (ContainerStateMachine.java:takeSnapshot(246)) - Taking snapshot at termIndex:(t:0, i:~)
2019-07-13 20:28:35,775 INFO  impl.RaftServerImpl (ServerState.java:close(394)) - b24d28ba-ba43-4860-82ca-0d27d18e3528:group-355A82AC74B3 closes. The last applied log index is 0
2019-07-13 20:28:35,775 INFO  segmented.SegmentedRaftLogWorker (SegmentedRaftLogWorker.java:run(313)) - b24d28ba-ba43-4860-82ca-0d27d18e3528-SegmentedRaftLogWorker:Storage Directory /tmp/workdir/hadoop-ozone/integration-test/target/test-dir/MiniOzoneClusterImpl-872b95be-ab77-4531-967a-8b14dc65ac0a/datanode-0/data/ratis/243341e6-ce80-4d82-97cb-355a82ac74b3 was interrupted, exiting. There are 0 tasks remaining in the queue.
2019-07-13 20:28:35,776 INFO  segmented.SegmentedRaftLogWorker (SegmentedRaftLogWorker.java:close(228)) - b24d28ba-ba43-4860-82ca-0d27d18e3528-SegmentedRaftLogWorker:Storage Directory /tmp/workdir/hadoop-ozone/integration-test/target/test-dir/MiniOzoneClusterImpl-872b95be-ab77-4531-967a-8b14dc65ac0a/datanode-0/data/ratis/243341e6-ce80-4d82-97cb-355a82ac74b3 close()
2019-07-13 20:28:35,778 INFO  server.GrpcService (GrpcService.java:closeImpl(155)) - b24d28ba-ba43-4860-82ca-0d27d18e3528: shutdown server with port 44191 now
2019-07-13 20:28:35,780 INFO  server.GrpcService (GrpcService.java:closeImpl(163)) - b24d28ba-ba43-4860-82ca-0d27d18e3528: shutdown server with port 44191 successfully
2019-07-13 20:28:35,782 INFO  utils.BackgroundService (BackgroundService.java:shutdown(148)) - Shutting down service BlockDeletingService
2019-07-13 20:28:35,783 WARN  fs.CachingGetSpaceUsed (CachingGetSpaceUsed.java:run(183)) - Thread Interrupted waiting to refresh disk information: sleep interrupted
2019-07-13 20:28:35,805 INFO  statemachine.DatanodeStateMachine (DatanodeStateMachine.java:stopDaemon(395)) - Ozone container server stopped.
2019-07-13 20:28:35,821 INFO  handler.ContextHandler (ContextHandler.java:doStop(910)) - Stopped o.e.j.w.WebAppContext@24e83d19{/,null,UNAVAILABLE}{/hddsDatanode}
2019-07-13 20:28:35,822 INFO  server.AbstractConnector (AbstractConnector.java:doStop(318)) - Stopped ServerConnector@5c080ef3{HTTP/1.1,[http/1.1]}{0.0.0.0:0}
2019-07-13 20:28:35,823 INFO  handler.ContextHandler (ContextHandler.java:doStop(910)) - Stopped o.e.j.s.ServletContextHandler@2133661d{/static,jar:file:/home/user/.m2/repository/org/apache/hadoop/hadoop-hdds-container-service/0.5.0-SNAPSHOT/hadoop-hdds-container-service-0.5.0-SNAPSHOT.jar!/webapps/static,UNAVAILABLE}
2019-07-13 20:28:35,824 INFO  handler.ContextHandler (ContextHandler.java:doStop(910)) - Stopped o.e.j.s.ServletContextHandler@304d0259{/logs,file:///tmp/workdir/hadoop-ozone/integration-test/target/log,UNAVAILABLE}
2019-07-13 20:28:35,826 INFO  ozone.MiniOzoneClusterImpl (MiniOzoneClusterImpl.java:stop(353)) - Stopping the StorageContainerManager
2019-07-13 20:28:35,826 INFO  server.StorageContainerManager (StorageContainerManager.java:stop(796)) - Stopping Replication Manager Service.
2019-07-13 20:28:35,826 INFO  container.ReplicationManager (ReplicationManager.java:stop(187)) - Stopping Replication Monitor Thread.
2019-07-13 20:28:35,826 INFO  server.StorageContainerManager (StorageContainerManager.java:stop(803)) - Stopping Lease Manager of the command watchers
2019-07-13 20:28:35,827 INFO  server.StorageContainerManager (StorageContainerManager.java:stop(810)) - Stopping datanode service RPC server
2019-07-13 20:28:35,827 INFO  server.SCMDatanodeProtocolServer (SCMDatanodeProtocolServer.java:stop(375)) - Stopping the RPC server for DataNodes
2019-07-13 20:28:35,827 INFO  ipc.Server (Server.java:stop(3082)) - Stopping server on 43461
2019-07-13 20:28:35,830 INFO  ipc.Server (Server.java:run(1185)) - Stopping IPC Server listener on 43461
2019-07-13 20:28:35,831 INFO  ipc.Server (Server.java:run(1319)) - Stopping IPC Server Responder
2019-07-13 20:28:35,892 WARN  node.NodeStateManager (NodeStateManager.java:scheduleNextHealthCheck(631)) - Current Thread is interrupted, shutting down HB processing thread for Node Manager.
2019-07-13 20:28:35,892 INFO  server.StorageContainerManager (StorageContainerManager.java:stop(818)) - Stopping block service RPC server
2019-07-13 20:28:35,892 INFO  server.SCMBlockProtocolServer (SCMBlockProtocolServer.java:stop(148)) - Stopping the RPC server for Block Protocol
2019-07-13 20:28:35,892 INFO  ipc.Server (Server.java:stop(3082)) - Stopping server on 41977
2019-07-13 20:28:35,893 INFO  ipc.Server (Server.java:run(1185)) - Stopping IPC Server listener on 41977
2019-07-13 20:28:35,893 INFO  server.StorageContainerManager (StorageContainerManager.java:stop(825)) - Stopping the StorageContainerLocationProtocol RPC server
2019-07-13 20:28:35,894 INFO  server.SCMClientProtocolServer (SCMClientProtocolServer.java:stop(157)) - Stopping the RPC server for Client Protocol
2019-07-13 20:28:35,894 INFO  ipc.Server (Server.java:stop(3082)) - Stopping server on 38652
2019-07-13 20:28:35,896 INFO  ipc.Server (Server.java:run(1185)) - Stopping IPC Server listener on 38652
2019-07-13 20:28:35,896 INFO  server.StorageContainerManager (StorageContainerManager.java:stop(832)) - Stopping Storage Container Manager HTTP server.
2019-07-13 20:28:35,897 INFO  handler.ContextHandler (ContextHandler.java:doStop(910)) - Stopped o.e.j.w.WebAppContext@6a1d204a{/,null,UNAVAILABLE}{/scm}
2019-07-13 20:28:35,898 INFO  ipc.Server (Server.java:run(1319)) - Stopping IPC Server Responder
2019-07-13 20:28:35,898 INFO  ipc.Server (Server.java:run(1319)) - Stopping IPC Server Responder
2019-07-13 20:28:35,899 INFO  server.AbstractConnector (AbstractConnector.java:doStop(318)) - Stopped ServerConnector@9d157ff{HTTP/1.1,[http/1.1]}{0.0.0.0:0}
2019-07-13 20:28:35,900 INFO  handler.ContextHandler (ContextHandler.java:doStop(910)) - Stopped o.e.j.s.ServletContextHandler@76012793{/static,file:///tmp/workdir/hadoop-ozone/integration-test/target/test-classes/webapps/static,UNAVAILABLE}
2019-07-13 20:28:35,900 INFO  handler.ContextHandler (ContextHandler.java:doStop(910)) - Stopped o.e.j.s.ServletContextHandler@6bbe2511{/logs,file:///tmp/workdir/hadoop-ozone/integration-test/target/log,UNAVAILABLE}
2019-07-13 20:28:35,901 INFO  server.StorageContainerManager (StorageContainerManager.java:stop(843)) - Stopping Block Manager Service.
2019-07-13 20:28:35,902 INFO  utils.BackgroundService (BackgroundService.java:shutdown(148)) - Shutting down service SCMBlockDeletingService
2019-07-13 20:28:35,902 INFO  utils.BackgroundService (BackgroundService.java:shutdown(148)) - Shutting down service SCMBlockDeletingService
2019-07-13 20:28:35,902 INFO  server.StorageContainerManager (StorageContainerManager.java:stop(865)) - Stopping SCM Event Queue.
2019-07-13 20:28:35,908 INFO  impl.MetricsSystemImpl (MetricsSystemImpl.java:stop(210)) - Stopping HddsDatanode metrics system...
2019-07-13 20:28:35,917 INFO  impl.MetricsSystemImpl (MetricsSystemImpl.java:stop(216)) - HddsDatanode metrics system stopped.
]]></system-out>
    <system-err><![CDATA[ERROR StatusLogger No Log4j 2 configuration file found. Using default configuration (logging only errors to the console), or user programmatically provided configurations. Set system property 'log4j2.debug' to show Log4j 2 internal initialization logging. See https://logging.apache.org/log4j/2.x/manual/configuration.html for instructions on how to configure Log4j 2
Jul 13, 2019 8:26:53 PM com.sun.jersey.server.impl.application.WebApplicationImpl _initiate
INFO: Initiating Jersey application, version 'Jersey: 1.19 02/11/2015 03:25 AM'
Jul 13, 2019 8:26:54 PM com.sun.jersey.server.impl.application.WebApplicationImpl _initiate
INFO: Initiating Jersey application, version 'Jersey: 1.19 02/11/2015 03:25 AM'
Jul 13, 2019 8:26:54 PM com.sun.jersey.server.impl.application.WebApplicationImpl _initiate
INFO: Initiating Jersey application, version 'Jersey: 1.19 02/11/2015 03:25 AM'
Jul 13, 2019 8:26:54 PM com.sun.jersey.server.impl.application.WebApplicationImpl _initiate
INFO: Initiating Jersey application, version 'Jersey: 1.19 02/11/2015 03:25 AM'
Jul 13, 2019 8:26:55 PM com.sun.jersey.server.impl.application.WebApplicationImpl _initiate
INFO: Initiating Jersey application, version 'Jersey: 1.19 02/11/2015 03:25 AM'
Jul 13, 2019 8:26:55 PM com.sun.jersey.server.impl.application.WebApplicationImpl _initiate
INFO: Initiating Jersey application, version 'Jersey: 1.19 02/11/2015 03:25 AM'
Jul 13, 2019 8:26:55 PM com.sun.jersey.server.impl.application.WebApplicationImpl _initiate
INFO: Initiating Jersey application, version 'Jersey: 1.19 02/11/2015 03:25 AM'
]]></system-err>
  </testcase>
  <testcase name="testDatanodeFailureWithPreAllocation" classname="org.apache.hadoop.ozone.client.rpc.TestBlockOutputStreamWithFailures" time="224.156"/>
  <testcase name="testDatanodeFailureWithSingleNodeRatis" classname="org.apache.hadoop.ozone.client.rpc.TestBlockOutputStreamWithFailures" time="224.177"/>
  <testcase name="testWatchForCommitWithSingleNodeRatis" classname="org.apache.hadoop.ozone.client.rpc.TestBlockOutputStreamWithFailures" time="36.17">
    <error type="java.lang.IllegalArgumentException">java.lang.IllegalArgumentException
	at com.google.common.base.Preconditions.checkArgument(Preconditions.java:72)
	at org.apache.hadoop.hdds.scm.XceiverClientManager.acquireClient(XceiverClientManager.java:150)
	at org.apache.hadoop.hdds.scm.XceiverClientManager.acquireClientForReadData(XceiverClientManager.java:143)
	at org.apache.hadoop.hdds.scm.storage.BlockInputStream.getChunkInfos(BlockInputStream.java:154)
	at org.apache.hadoop.hdds.scm.storage.BlockInputStream.initialize(BlockInputStream.java:118)
	at org.apache.hadoop.hdds.scm.storage.BlockInputStream.read(BlockInputStream.java:222)
	at org.apache.hadoop.ozone.client.io.KeyInputStream.read(KeyInputStream.java:171)
	at org.apache.hadoop.ozone.client.io.OzoneInputStream.read(OzoneInputStream.java:47)
	at java.io.InputStream.read(InputStream.java:101)
	at org.apache.hadoop.ozone.container.ContainerTestHelper.validateData(ContainerTestHelper.java:709)
	at org.apache.hadoop.ozone.client.rpc.TestBlockOutputStreamWithFailures.validateData(TestBlockOutputStreamWithFailures.java:1212)
	at org.apache.hadoop.ozone.client.rpc.TestBlockOutputStreamWithFailures.testWatchForCommitWithSingleNodeRatis(TestBlockOutputStreamWithFailures.java:914)
	at sun.reflect.NativeMethodAccessorImpl.invoke0(Native Method)
	at sun.reflect.NativeMethodAccessorImpl.invoke(NativeMethodAccessorImpl.java:62)
	at sun.reflect.DelegatingMethodAccessorImpl.invoke(DelegatingMethodAccessorImpl.java:43)
	at java.lang.reflect.Method.invoke(Method.java:498)
	at org.junit.runners.model.FrameworkMethod$1.runReflectiveCall(FrameworkMethod.java:47)
	at org.junit.internal.runners.model.ReflectiveCallable.run(ReflectiveCallable.java:12)
	at org.junit.runners.model.FrameworkMethod.invokeExplosively(FrameworkMethod.java:44)
	at org.junit.internal.runners.statements.InvokeMethod.evaluate(InvokeMethod.java:17)
	at org.junit.internal.runners.statements.RunBefores.evaluate(RunBefores.java:26)
	at org.junit.internal.runners.statements.RunAfters.evaluate(RunAfters.java:27)
	at org.junit.runners.ParentRunner.runLeaf(ParentRunner.java:271)
	at org.junit.runners.BlockJUnit4ClassRunner.runChild(BlockJUnit4ClassRunner.java:70)
	at org.junit.runners.BlockJUnit4ClassRunner.runChild(BlockJUnit4ClassRunner.java:50)
	at org.junit.runners.ParentRunner$3.run(ParentRunner.java:238)
	at org.junit.runners.ParentRunner$1.schedule(ParentRunner.java:63)
	at org.junit.runners.ParentRunner.runChildren(ParentRunner.java:236)
	at org.junit.runners.ParentRunner.access$000(ParentRunner.java:53)
	at org.junit.runners.ParentRunner$2.evaluate(ParentRunner.java:229)
	at org.junit.runners.ParentRunner.run(ParentRunner.java:309)
	at org.apache.maven.surefire.junit4.JUnit4Provider.execute(JUnit4Provider.java:365)
	at org.apache.maven.surefire.junit4.JUnit4Provider.executeWithRerun(JUnit4Provider.java:273)
	at org.apache.maven.surefire.junit4.JUnit4Provider.executeTestSet(JUnit4Provider.java:238)
	at org.apache.maven.surefire.junit4.JUnit4Provider.invoke(JUnit4Provider.java:159)
	at org.apache.maven.surefire.booter.ForkedBooter.invokeProviderInSameClassLoader(ForkedBooter.java:384)
	at org.apache.maven.surefire.booter.ForkedBooter.runSuitesInProcess(ForkedBooter.java:345)
	at org.apache.maven.surefire.booter.ForkedBooter.execute(ForkedBooter.java:126)
	at org.apache.maven.surefire.booter.ForkedBooter.main(ForkedBooter.java:418)
</error>
    <system-out><![CDATA[2019-07-13 20:36:04,318 WARN  server.ServerUtils (ServerUtils.java:getScmDbDir(145)) - ozone.scm.db.dirs is not configured. We recommend adding this setting. Falling back to ozone.metadata.dirs instead.
2019-07-13 20:36:04,345 WARN  server.ServerUtils (ServerUtils.java:getScmDbDir(145)) - ozone.scm.db.dirs is not configured. We recommend adding this setting. Falling back to ozone.metadata.dirs instead.
2019-07-13 20:36:04,345 WARN  server.ServerUtils (ServerUtils.java:getScmDbDir(145)) - ozone.scm.db.dirs is not configured. We recommend adding this setting. Falling back to ozone.metadata.dirs instead.
2019-07-13 20:36:04,346 INFO  db.DBStoreBuilder (DBStoreBuilder.java:addTable(110)) - using custom profile for table: deletedBlocks
2019-07-13 20:36:04,346 INFO  db.DBStoreBuilder (DBStoreBuilder.java:processTables(161)) - Using default column profile:DBProfile.DISK for Table:deletedBlocks
2019-07-13 20:36:04,346 INFO  db.DBStoreBuilder (DBStoreBuilder.java:addTable(110)) - using custom profile for table: validCerts
2019-07-13 20:36:04,347 INFO  db.DBStoreBuilder (DBStoreBuilder.java:processTables(161)) - Using default column profile:DBProfile.DISK for Table:validCerts
2019-07-13 20:36:04,347 INFO  db.DBStoreBuilder (DBStoreBuilder.java:addTable(110)) - using custom profile for table: revokedCerts
2019-07-13 20:36:04,347 INFO  db.DBStoreBuilder (DBStoreBuilder.java:processTables(161)) - Using default column profile:DBProfile.DISK for Table:revokedCerts
2019-07-13 20:36:04,348 INFO  db.DBStoreBuilder (DBStoreBuilder.java:addTable(110)) - using custom profile for table: default
2019-07-13 20:36:04,348 INFO  db.DBStoreBuilder (DBStoreBuilder.java:processTables(167)) - Using default column profile:DBProfile.DISK for Table:default
2019-07-13 20:36:04,348 INFO  db.DBStoreBuilder (DBStoreBuilder.java:getDbProfile(198)) - Using default options. DBProfile.DISK
2019-07-13 20:36:04,450 INFO  net.NodeSchemaLoader (NodeSchemaLoader.java:loadSchemaFromFile(125)) - Loading file from sun.misc.CompoundEnumeration@400d1c30
2019-07-13 20:36:04,450 INFO  net.NodeSchemaLoader (NodeSchemaLoader.java:loadSchema(171)) - Loading network topology layer schema file
2019-07-13 20:36:04,457 INFO  node.SCMNodeManager (SCMNodeManager.java:<init>(119)) - Entering startup safe mode.
2019-07-13 20:36:04,457 WARN  server.ServerUtils (ServerUtils.java:getScmDbDir(145)) - ozone.scm.db.dirs is not configured. We recommend adding this setting. Falling back to ozone.metadata.dirs instead.
2019-07-13 20:36:04,481 INFO  pipeline.SCMPipelineManager (SCMPipelineManager.java:initializePipelineState(126)) - No pipeline exists in current db
2019-07-13 20:36:04,481 WARN  server.ServerUtils (ServerUtils.java:getScmDbDir(145)) - ozone.scm.db.dirs is not configured. We recommend adding this setting. Falling back to ozone.metadata.dirs instead.
2019-07-13 20:36:04,508 WARN  events.EventQueue (EventQueue.java:fireEvent(175)) - No event handler registered for event TypedEvent{payloadType=SafeModeStatus, name='SafeModeStatus'}
2019-07-13 20:36:04,509 INFO  ipc.CallQueueManager (CallQueueManager.java:<init>(84)) - Using callQueue: class java.util.concurrent.LinkedBlockingQueue, queueCapacity: 2000, scheduler: class org.apache.hadoop.ipc.DefaultRpcScheduler, ipcBackoff: false.
2019-07-13 20:36:04,510 INFO  ipc.Server (Server.java:run(1074)) - Starting Socket Reader #1 for port 37679
2019-07-13 20:36:04,512 INFO  ipc.CallQueueManager (CallQueueManager.java:<init>(84)) - Using callQueue: class java.util.concurrent.LinkedBlockingQueue, queueCapacity: 2000, scheduler: class org.apache.hadoop.ipc.DefaultRpcScheduler, ipcBackoff: false.
2019-07-13 20:36:04,513 INFO  ipc.Server (Server.java:run(1074)) - Starting Socket Reader #1 for port 41112
2019-07-13 20:36:04,514 INFO  ipc.CallQueueManager (CallQueueManager.java:<init>(84)) - Using callQueue: class java.util.concurrent.LinkedBlockingQueue, queueCapacity: 2000, scheduler: class org.apache.hadoop.ipc.DefaultRpcScheduler, ipcBackoff: false.
2019-07-13 20:36:04,515 INFO  ipc.Server (Server.java:run(1074)) - Starting Socket Reader #1 for port 41318
2019-07-13 20:36:04,519 INFO  hdfs.DFSUtil (DFSUtil.java:httpServerTemplateForNNAndJN(1641)) - Starting Web-server for scm at: http://0.0.0.0:0
2019-07-13 20:36:04,521 INFO  server.AuthenticationFilter (AuthenticationFilter.java:constructSecretProvider(240)) - Unable to initialize FileSignerSecretProvider, falling back to use random secrets.
2019-07-13 20:36:04,522 WARN  http.HttpRequestLog (HttpRequestLog.java:getRequestLog(97)) - Jetty request log can only be enabled using Log4j
2019-07-13 20:36:04,524 INFO  http.HttpServer2 (HttpServer2.java:addGlobalFilter(975)) - Added global filter 'safety' (class=org.apache.hadoop.http.HttpServer2$QuotingInputFilter)
2019-07-13 20:36:04,524 INFO  http.HttpServer2 (HttpServer2.java:addFilter(948)) - Added filter static_user_filter (class=org.apache.hadoop.http.lib.StaticUserWebFilter$StaticUserFilter) to context scm
2019-07-13 20:36:04,525 INFO  http.HttpServer2 (HttpServer2.java:addFilter(958)) - Added filter static_user_filter (class=org.apache.hadoop.http.lib.StaticUserWebFilter$StaticUserFilter) to context logs
2019-07-13 20:36:04,525 INFO  http.HttpServer2 (HttpServer2.java:addFilter(958)) - Added filter static_user_filter (class=org.apache.hadoop.http.lib.StaticUserWebFilter$StaticUserFilter) to context static
2019-07-13 20:36:04,528 INFO  server.StorageContainerManager (StorageContainerManager.java:start(759)) - StorageContainerLocationProtocol RPC server is listening at /0.0.0.0:41318
2019-07-13 20:36:04,530 WARN  impl.MetricsConfig (MetricsConfig.java:loadFirst(134)) - Cannot locate configuration: tried hadoop-metrics2-storagecontainermanager.properties,hadoop-metrics2.properties
2019-07-13 20:36:04,531 INFO  impl.MetricsSystemImpl (MetricsSystemImpl.java:startTimer(374)) - Scheduled Metric snapshot period at 10 second(s).
2019-07-13 20:36:04,531 INFO  impl.MetricsSystemImpl (MetricsSystemImpl.java:start(191)) - StorageContainerManager metrics system started
2019-07-13 20:36:04,594 INFO  server.SCMClientProtocolServer (SCMClientProtocolServer.java:start(149)) - RPC server for Client  is listening at /0.0.0.0:41318
2019-07-13 20:36:04,594 INFO  ipc.Server (Server.java:run(1314)) - IPC Server Responder: starting
2019-07-13 20:36:04,594 INFO  ipc.Server (Server.java:run(1153)) - IPC Server listener on 41318: starting
2019-07-13 20:36:04,599 INFO  server.StorageContainerManager (StorageContainerManager.java:start(768)) - ScmBlockLocationProtocol RPC server is listening at /0.0.0.0:41112
2019-07-13 20:36:04,599 INFO  server.SCMBlockProtocolServer (SCMBlockProtocolServer.java:start(140)) - RPC server for Block Protocol is listening at /0.0.0.0:41112
2019-07-13 20:36:04,599 INFO  ipc.Server (Server.java:run(1314)) - IPC Server Responder: starting
2019-07-13 20:36:04,600 INFO  ipc.Server (Server.java:run(1153)) - IPC Server listener on 41112: starting
2019-07-13 20:36:04,604 INFO  server.StorageContainerManager (StorageContainerManager.java:start(772)) - ScmDatanodeProtocl RPC server is listening at /0.0.0.0:37679
2019-07-13 20:36:04,604 INFO  server.SCMDatanodeProtocolServer (SCMDatanodeProtocolServer.java:start(191)) - RPC server for DataNodes is listening at /0.0.0.0:37679
2019-07-13 20:36:04,604 INFO  ipc.Server (Server.java:run(1314)) - IPC Server Responder: starting
2019-07-13 20:36:04,605 INFO  ipc.Server (Server.java:run(1153)) - IPC Server listener on 37679: starting
2019-07-13 20:36:04,609 INFO  http.HttpServer2 (HttpServer2.java:bindListener(1191)) - Jetty bound to port 37693
2019-07-13 20:36:04,609 INFO  server.Server (Server.java:doStart(351)) - jetty-9.3.24.v20180605, build timestamp: 2018-06-05T17:11:56Z, git hash: 84205aa28f11a4f31f2a3b86d1bba2cc8ab69827
2019-07-13 20:36:04,611 INFO  handler.ContextHandler (ContextHandler.java:doStart(781)) - Started o.e.j.s.ServletContextHandler@1977b0df{/logs,file:///tmp/workdir/hadoop-ozone/integration-test/target/log,AVAILABLE}
2019-07-13 20:36:04,612 INFO  handler.ContextHandler (ContextHandler.java:doStart(781)) - Started o.e.j.s.ServletContextHandler@7890fbf9{/static,file:///tmp/workdir/hadoop-ozone/integration-test/target/test-classes/webapps/static,AVAILABLE}
2019-07-13 20:36:04,616 INFO  handler.ContextHandler (ContextHandler.java:doStart(781)) - Started o.e.j.w.WebAppContext@1c512bb{/,file:///tmp/workdir/hadoop-ozone/integration-test/target/test-classes/webapps/scm/,AVAILABLE}{/scm}
2019-07-13 20:36:04,616 INFO  server.AbstractConnector (AbstractConnector.java:doStart(278)) - Started ServerConnector@4d142b53{HTTP/1.1,[http/1.1]}{0.0.0.0:37693}
2019-07-13 20:36:04,617 INFO  server.Server (Server.java:doStart(419)) - Started @556381ms
2019-07-13 20:36:04,620 INFO  server.BaseHttpServer (BaseHttpServer.java:updateConnectorAddress(207)) - HTTP server of SCM is listening at http://0.0.0.0:37693
2019-07-13 20:36:04,620 WARN  server.ServerUtils (ServerUtils.java:getDBPath(222)) - ozone.om.db.dirs is not configured. We recommend adding this setting. Falling back to ozone.metadata.dirs instead.
2019-07-13 20:36:04,621 INFO  util.JvmPauseMonitor (JvmPauseMonitor.java:run(188)) - Starting JVM pause monitor
2019-07-13 20:36:04,625 WARN  server.ServerUtils (ServerUtils.java:getDBPath(222)) - ozone.om.db.dirs is not configured. We recommend adding this setting. Falling back to ozone.metadata.dirs instead.
2019-07-13 20:36:04,626 INFO  om.OzoneManager (OzoneManager.java:setOMNodeDetails(630)) - OM Service ID is not set. Setting it to the default ID: omServiceIdDefault
2019-07-13 20:36:04,626 INFO  om.OzoneManager (OzoneManager.java:setOMNodeDetails(636)) - OM Node ID is not set. Setting it to the OmStorage's OmID: 963922a6-82c9-4dc0-ad54-ab89f6a2bec5
2019-07-13 20:36:04,626 INFO  om.OzoneManager (OzoneManager.java:loadOMHAConfigs(587)) - Found matching OM address with OMServiceId: null, OMNodeId: null, RPC Address: localhost:0 and Ratis port: 9872
2019-07-13 20:36:04,634 WARN  server.ServerUtils (ServerUtils.java:getDBPath(222)) - ozone.om.db.dirs is not configured. We recommend adding this setting. Falling back to ozone.metadata.dirs instead.
2019-07-13 20:36:04,635 INFO  db.DBStoreBuilder (DBStoreBuilder.java:addTable(110)) - using custom profile for table: userTable
2019-07-13 20:36:04,635 INFO  db.DBStoreBuilder (DBStoreBuilder.java:processTables(161)) - Using default column profile:DBProfile.DISK for Table:userTable
2019-07-13 20:36:04,635 INFO  db.DBStoreBuilder (DBStoreBuilder.java:addTable(110)) - using custom profile for table: volumeTable
2019-07-13 20:36:04,635 INFO  db.DBStoreBuilder (DBStoreBuilder.java:processTables(161)) - Using default column profile:DBProfile.DISK for Table:volumeTable
2019-07-13 20:36:04,636 INFO  db.DBStoreBuilder (DBStoreBuilder.java:addTable(110)) - using custom profile for table: bucketTable
2019-07-13 20:36:04,636 INFO  db.DBStoreBuilder (DBStoreBuilder.java:processTables(161)) - Using default column profile:DBProfile.DISK for Table:bucketTable
2019-07-13 20:36:04,636 INFO  db.DBStoreBuilder (DBStoreBuilder.java:addTable(110)) - using custom profile for table: keyTable
2019-07-13 20:36:04,636 INFO  db.DBStoreBuilder (DBStoreBuilder.java:processTables(161)) - Using default column profile:DBProfile.DISK for Table:keyTable
2019-07-13 20:36:04,636 INFO  db.DBStoreBuilder (DBStoreBuilder.java:addTable(110)) - using custom profile for table: deletedTable
2019-07-13 20:36:04,637 INFO  db.DBStoreBuilder (DBStoreBuilder.java:processTables(161)) - Using default column profile:DBProfile.DISK for Table:deletedTable
2019-07-13 20:36:04,637 INFO  db.DBStoreBuilder (DBStoreBuilder.java:addTable(110)) - using custom profile for table: openKeyTable
2019-07-13 20:36:04,637 INFO  db.DBStoreBuilder (DBStoreBuilder.java:processTables(161)) - Using default column profile:DBProfile.DISK for Table:openKeyTable
2019-07-13 20:36:04,637 INFO  db.DBStoreBuilder (DBStoreBuilder.java:addTable(110)) - using custom profile for table: s3Table
2019-07-13 20:36:04,637 INFO  db.DBStoreBuilder (DBStoreBuilder.java:processTables(161)) - Using default column profile:DBProfile.DISK for Table:s3Table
2019-07-13 20:36:04,638 INFO  db.DBStoreBuilder (DBStoreBuilder.java:addTable(110)) - using custom profile for table: multipartInfoTable
2019-07-13 20:36:04,638 INFO  db.DBStoreBuilder (DBStoreBuilder.java:processTables(161)) - Using default column profile:DBProfile.DISK for Table:multipartInfoTable
2019-07-13 20:36:04,638 INFO  db.DBStoreBuilder (DBStoreBuilder.java:addTable(110)) - using custom profile for table: dTokenTable
2019-07-13 20:36:04,638 INFO  db.DBStoreBuilder (DBStoreBuilder.java:processTables(161)) - Using default column profile:DBProfile.DISK for Table:dTokenTable
2019-07-13 20:36:04,638 INFO  db.DBStoreBuilder (DBStoreBuilder.java:addTable(110)) - using custom profile for table: s3SecretTable
2019-07-13 20:36:04,638 INFO  db.DBStoreBuilder (DBStoreBuilder.java:processTables(161)) - Using default column profile:DBProfile.DISK for Table:s3SecretTable
2019-07-13 20:36:04,639 INFO  db.DBStoreBuilder (DBStoreBuilder.java:addTable(110)) - using custom profile for table: prefixTable
2019-07-13 20:36:04,639 INFO  db.DBStoreBuilder (DBStoreBuilder.java:processTables(161)) - Using default column profile:DBProfile.DISK for Table:prefixTable
2019-07-13 20:36:04,639 INFO  db.DBStoreBuilder (DBStoreBuilder.java:addTable(110)) - using custom profile for table: default
2019-07-13 20:36:04,639 INFO  db.DBStoreBuilder (DBStoreBuilder.java:processTables(167)) - Using default column profile:DBProfile.DISK for Table:default
2019-07-13 20:36:04,639 INFO  db.DBStoreBuilder (DBStoreBuilder.java:getDbProfile(198)) - Using default options. DBProfile.DISK
2019-07-13 20:36:04,875 INFO  ipc.CallQueueManager (CallQueueManager.java:<init>(84)) - Using callQueue: class java.util.concurrent.LinkedBlockingQueue, queueCapacity: 2000, scheduler: class org.apache.hadoop.ipc.DefaultRpcScheduler, ipcBackoff: false.
2019-07-13 20:36:04,876 INFO  ipc.Server (Server.java:run(1074)) - Starting Socket Reader #1 for port 36203
2019-07-13 20:36:04,888 WARN  server.ServerUtils (ServerUtils.java:getDBPath(222)) - ozone.om.db.dirs is not configured. We recommend adding this setting. Falling back to ozone.metadata.dirs instead.
2019-07-13 20:36:04,888 INFO  om.OzoneManager (OzoneManager.java:start(1228)) - OzoneManager RPC server is listening at localhost/127.0.0.1:36203
2019-07-13 20:36:04,889 INFO  impl.MetricsSystemImpl (MetricsSystemImpl.java:init(158)) - OzoneManager metrics system started (again)
2019-07-13 20:36:05,055 INFO  ipc.Server (Server.java:run(1314)) - IPC Server Responder: starting
2019-07-13 20:36:05,056 INFO  ipc.Server (Server.java:run(1153)) - IPC Server listener on 36203: starting
2019-07-13 20:36:05,075 INFO  hdfs.DFSUtil (DFSUtil.java:httpServerTemplateForNNAndJN(1641)) - Starting Web-server for ozoneManager at: http://0.0.0.0:0
2019-07-13 20:36:05,077 INFO  server.AuthenticationFilter (AuthenticationFilter.java:constructSecretProvider(240)) - Unable to initialize FileSignerSecretProvider, falling back to use random secrets.
2019-07-13 20:36:05,078 WARN  http.HttpRequestLog (HttpRequestLog.java:getRequestLog(97)) - Jetty request log can only be enabled using Log4j
2019-07-13 20:36:05,080 INFO  http.HttpServer2 (HttpServer2.java:addGlobalFilter(975)) - Added global filter 'safety' (class=org.apache.hadoop.http.HttpServer2$QuotingInputFilter)
2019-07-13 20:36:05,081 INFO  http.HttpServer2 (HttpServer2.java:addFilter(948)) - Added filter static_user_filter (class=org.apache.hadoop.http.lib.StaticUserWebFilter$StaticUserFilter) to context ozoneManager
2019-07-13 20:36:05,081 INFO  http.HttpServer2 (HttpServer2.java:addFilter(958)) - Added filter static_user_filter (class=org.apache.hadoop.http.lib.StaticUserWebFilter$StaticUserFilter) to context static
2019-07-13 20:36:05,081 INFO  http.HttpServer2 (HttpServer2.java:addFilter(958)) - Added filter static_user_filter (class=org.apache.hadoop.http.lib.StaticUserWebFilter$StaticUserFilter) to context logs
2019-07-13 20:36:05,083 INFO  http.HttpServer2 (HttpServer2.java:bindListener(1191)) - Jetty bound to port 45447
2019-07-13 20:36:05,088 INFO  server.Server (Server.java:doStart(351)) - jetty-9.3.24.v20180605, build timestamp: 2018-06-05T17:11:56Z, git hash: 84205aa28f11a4f31f2a3b86d1bba2cc8ab69827
2019-07-13 20:36:05,090 INFO  handler.ContextHandler (ContextHandler.java:doStart(781)) - Started o.e.j.s.ServletContextHandler@7ed5cc8c{/logs,file:///tmp/workdir/hadoop-ozone/integration-test/target/log,AVAILABLE}
2019-07-13 20:36:05,090 INFO  handler.ContextHandler (ContextHandler.java:doStart(781)) - Started o.e.j.s.ServletContextHandler@47400608{/static,file:///tmp/workdir/hadoop-ozone/integration-test/target/test-classes/webapps/static,AVAILABLE}
2019-07-13 20:36:05,096 INFO  handler.ContextHandler (ContextHandler.java:doStart(781)) - Started o.e.j.w.WebAppContext@7091a016{/,file:///tmp/workdir/hadoop-ozone/integration-test/target/test-classes/webapps/ozoneManager/,AVAILABLE}{/ozoneManager}
2019-07-13 20:36:05,097 INFO  server.AbstractConnector (AbstractConnector.java:doStart(278)) - Started ServerConnector@14580edc{HTTP/1.1,[http/1.1]}{0.0.0.0:45447}
2019-07-13 20:36:05,098 INFO  server.Server (Server.java:doStart(419)) - Started @556862ms
2019-07-13 20:36:05,099 INFO  server.BaseHttpServer (BaseHttpServer.java:updateConnectorAddress(207)) - HTTP server of OZONEMANAGER is listening at http://0.0.0.0:45447
2019-07-13 20:36:05,117 INFO  impl.MetricsSystemImpl (MetricsSystemImpl.java:init(158)) - HddsDatanode metrics system started (again)
2019-07-13 20:36:05,117 INFO  ozone.HddsDatanodeService (HddsDatanodeService.java:start(185)) - HddsDatanodeService host:trunk-nightly-6qp7m-2461138711 ip:192.168.5.168
2019-07-13 20:36:05,128 INFO  volume.HddsVolume (HddsVolume.java:<init>(176)) - Creating Volume: /tmp/workdir/hadoop-ozone/integration-test/target/test-dir/MiniOzoneClusterImpl-48a0a603-d656-4a4b-8099-b970855239bb/datanode-0/data/containers/hdds of  storage type : DISK and capacity : 52710309888
2019-07-13 20:36:05,129 INFO  volume.VolumeSet (VolumeSet.java:initializeVolumeSet(170)) - Added Volume : /tmp/workdir/hadoop-ozone/integration-test/target/test-dir/MiniOzoneClusterImpl-48a0a603-d656-4a4b-8099-b970855239bb/datanode-0/data/containers/hdds to VolumeSet
2019-07-13 20:36:05,129 INFO  volume.ThrottledAsyncChecker (ThrottledAsyncChecker.java:schedule(140)) - Scheduling a check for org.apache.hadoop.ozone.container.common.volume.HddsVolume@65294247
2019-07-13 20:36:05,133 INFO  volume.HddsVolumeChecker (HddsVolumeChecker.java:checkAllVolumes(203)) - Scheduled health check for volume org.apache.hadoop.ozone.container.common.volume.HddsVolume@65294247
2019-07-13 20:36:05,153 INFO  impl.RaftServerProxy (ConfUtils.java:logGet(43)) - raft.rpc.type = GRPC (default)
2019-07-13 20:36:05,153 INFO  grpc.GrpcFactory (GrpcFactory.java:checkPooledByteBufAllocatorUseCacheForAllThreads(45)) - PERFORMANCE WARNING: useCacheForAllThreads is true that may cause Netty to create a lot garbage objects and, as a result, trigger GC.
	It is recommended to disable useCacheForAllThreads by setting -Dorg.apache.ratis.thirdparty.io.netty.allocator.useCacheForAllThreads=false in command line.
2019-07-13 20:36:05,153 INFO  grpc.GrpcConfigKeys$Server (ConfUtils.java:logGet(43)) - raft.grpc.server.port = 0 (default)
2019-07-13 20:36:05,154 INFO  server.GrpcService (ConfUtils.java:logGet(43)) - raft.grpc.message.size.max = 33570816 (custom)
2019-07-13 20:36:05,154 INFO  server.RaftServerConfigKeys (ConfUtils.java:logGet(43)) - raft.server.log.appender.buffer.byte-limit = 33554432 (custom)
2019-07-13 20:36:05,154 INFO  server.GrpcService (ConfUtils.java:logGet(43)) - raft.grpc.flow.control.window = 1MB (=1048576) (default)
2019-07-13 20:36:05,154 INFO  server.RaftServerConfigKeys (ConfUtils.java:logGet(43)) - raft.server.rpc.request.timeout = 3000ms (default)
2019-07-13 20:36:05,155 INFO  server.RaftServerConfigKeys (ConfUtils.java:logGet(43)) - raft.server.storage.dir = [/tmp/workdir/hadoop-ozone/integration-test/target/test-dir/MiniOzoneClusterImpl-48a0a603-d656-4a4b-8099-b970855239bb/datanode-0/data/ratis] (custom)
2019-07-13 20:36:05,156 INFO  replication.SimpleContainerDownloader (SimpleContainerDownloader.java:<init>(72)) - Starting container downloader service to copy containers to replicate.
2019-07-13 20:36:05,157 INFO  hdfs.DFSUtil (DFSUtil.java:httpServerTemplateForNNAndJN(1641)) - Starting Web-server for hddsDatanode at: http://0.0.0.0:0
2019-07-13 20:36:05,159 INFO  server.AuthenticationFilter (AuthenticationFilter.java:constructSecretProvider(240)) - Unable to initialize FileSignerSecretProvider, falling back to use random secrets.
2019-07-13 20:36:05,159 WARN  http.HttpRequestLog (HttpRequestLog.java:getRequestLog(97)) - Jetty request log can only be enabled using Log4j
2019-07-13 20:36:05,161 INFO  http.HttpServer2 (HttpServer2.java:addGlobalFilter(975)) - Added global filter 'safety' (class=org.apache.hadoop.http.HttpServer2$QuotingInputFilter)
2019-07-13 20:36:05,161 INFO  http.HttpServer2 (HttpServer2.java:addFilter(948)) - Added filter static_user_filter (class=org.apache.hadoop.http.lib.StaticUserWebFilter$StaticUserFilter) to context hddsDatanode
2019-07-13 20:36:05,161 INFO  http.HttpServer2 (HttpServer2.java:addFilter(958)) - Added filter static_user_filter (class=org.apache.hadoop.http.lib.StaticUserWebFilter$StaticUserFilter) to context logs
2019-07-13 20:36:05,161 INFO  http.HttpServer2 (HttpServer2.java:addFilter(958)) - Added filter static_user_filter (class=org.apache.hadoop.http.lib.StaticUserWebFilter$StaticUserFilter) to context static
2019-07-13 20:36:05,162 INFO  http.HttpServer2 (HttpServer2.java:bindListener(1191)) - Jetty bound to port 38022
2019-07-13 20:36:05,162 INFO  server.Server (Server.java:doStart(351)) - jetty-9.3.24.v20180605, build timestamp: 2018-06-05T17:11:56Z, git hash: 84205aa28f11a4f31f2a3b86d1bba2cc8ab69827
2019-07-13 20:36:05,164 INFO  handler.ContextHandler (ContextHandler.java:doStart(781)) - Started o.e.j.s.ServletContextHandler@6a26eee6{/logs,file:///tmp/workdir/hadoop-ozone/integration-test/target/log,AVAILABLE}
2019-07-13 20:36:05,165 INFO  handler.ContextHandler (ContextHandler.java:doStart(781)) - Started o.e.j.s.ServletContextHandler@76bdfc19{/static,jar:file:/home/user/.m2/repository/org/apache/hadoop/hadoop-hdds-container-service/0.5.0-SNAPSHOT/hadoop-hdds-container-service-0.5.0-SNAPSHOT.jar!/webapps/static,AVAILABLE}
2019-07-13 20:36:05,200 INFO  handler.ContextHandler (ContextHandler.java:doStart(781)) - Started o.e.j.w.WebAppContext@1cc42abe{/,file:///tmp/jetty-0.0.0.0-38022-hddsDatanode-_-any-4168565317238186211.dir/webapp/,AVAILABLE}{/hddsDatanode}
2019-07-13 20:36:05,201 INFO  server.AbstractConnector (AbstractConnector.java:doStart(278)) - Started ServerConnector@6f071d0c{HTTP/1.1,[http/1.1]}{0.0.0.0:38022}
2019-07-13 20:36:05,202 INFO  server.Server (Server.java:doStart(419)) - Started @556966ms
2019-07-13 20:36:05,203 INFO  server.BaseHttpServer (BaseHttpServer.java:updateConnectorAddress(207)) - HTTP server of HDDSDATANODE is listening at http://0.0.0.0:38022
2019-07-13 20:36:05,308 INFO  ozone.HddsDatanodeService (HddsDatanodeService.java:startPlugins(396)) - Started plug-in org.apache.hadoop.ozone.web.OzoneHddsDatanodeService@eea0b48
2019-07-13 20:36:05,308 INFO  impl.MetricsSystemImpl (MetricsSystemImpl.java:init(158)) - HddsDatanode metrics system started (again)
2019-07-13 20:36:05,310 INFO  ozone.HddsDatanodeService (HddsDatanodeService.java:start(185)) - HddsDatanodeService host:trunk-nightly-6qp7m-2461138711 ip:192.168.5.168
2019-07-13 20:36:05,312 INFO  util.JvmPauseMonitor (JvmPauseMonitor.java:run(188)) - Starting JVM pause monitor
2019-07-13 20:36:05,313 INFO  datanode.InitDatanodeState (InitDatanodeState.java:persistContainerDatanodeDetails(140)) - DatanodeDetails is persisted to /tmp/workdir/hadoop-ozone/integration-test/target/test-dir/MiniOzoneClusterImpl-48a0a603-d656-4a4b-8099-b970855239bb/datanode-0/meta/datanode.id
2019-07-13 20:36:05,320 INFO  volume.HddsVolume (HddsVolume.java:<init>(176)) - Creating Volume: /tmp/workdir/hadoop-ozone/integration-test/target/test-dir/MiniOzoneClusterImpl-48a0a603-d656-4a4b-8099-b970855239bb/datanode-1/data/containers/hdds of  storage type : DISK and capacity : 52710309888
2019-07-13 20:36:05,321 INFO  volume.VolumeSet (VolumeSet.java:initializeVolumeSet(170)) - Added Volume : /tmp/workdir/hadoop-ozone/integration-test/target/test-dir/MiniOzoneClusterImpl-48a0a603-d656-4a4b-8099-b970855239bb/datanode-1/data/containers/hdds to VolumeSet
2019-07-13 20:36:05,321 INFO  volume.ThrottledAsyncChecker (ThrottledAsyncChecker.java:schedule(140)) - Scheduling a check for org.apache.hadoop.ozone.container.common.volume.HddsVolume@4f3e65f4
2019-07-13 20:36:05,321 INFO  volume.HddsVolumeChecker (HddsVolumeChecker.java:checkAllVolumes(203)) - Scheduled health check for volume org.apache.hadoop.ozone.container.common.volume.HddsVolume@4f3e65f4
2019-07-13 20:36:05,335 INFO  impl.RaftServerProxy (ConfUtils.java:logGet(43)) - raft.rpc.type = GRPC (default)
2019-07-13 20:36:05,335 INFO  grpc.GrpcFactory (GrpcFactory.java:checkPooledByteBufAllocatorUseCacheForAllThreads(45)) - PERFORMANCE WARNING: useCacheForAllThreads is true that may cause Netty to create a lot garbage objects and, as a result, trigger GC.
	It is recommended to disable useCacheForAllThreads by setting -Dorg.apache.ratis.thirdparty.io.netty.allocator.useCacheForAllThreads=false in command line.
2019-07-13 20:36:05,335 INFO  grpc.GrpcConfigKeys$Server (ConfUtils.java:logGet(43)) - raft.grpc.server.port = 0 (default)
2019-07-13 20:36:05,335 INFO  server.GrpcService (ConfUtils.java:logGet(43)) - raft.grpc.message.size.max = 33570816 (custom)
2019-07-13 20:36:05,335 INFO  server.RaftServerConfigKeys (ConfUtils.java:logGet(43)) - raft.server.log.appender.buffer.byte-limit = 33554432 (custom)
2019-07-13 20:36:05,335 INFO  server.GrpcService (ConfUtils.java:logGet(43)) - raft.grpc.flow.control.window = 1MB (=1048576) (default)
2019-07-13 20:36:05,336 INFO  server.RaftServerConfigKeys (ConfUtils.java:logGet(43)) - raft.server.rpc.request.timeout = 3000ms (default)
2019-07-13 20:36:05,336 INFO  server.RaftServerConfigKeys (ConfUtils.java:logGet(43)) - raft.server.storage.dir = [/tmp/workdir/hadoop-ozone/integration-test/target/test-dir/MiniOzoneClusterImpl-48a0a603-d656-4a4b-8099-b970855239bb/datanode-1/data/ratis] (custom)
2019-07-13 20:36:05,336 INFO  replication.SimpleContainerDownloader (SimpleContainerDownloader.java:<init>(72)) - Starting container downloader service to copy containers to replicate.
2019-07-13 20:36:05,337 INFO  hdfs.DFSUtil (DFSUtil.java:httpServerTemplateForNNAndJN(1641)) - Starting Web-server for hddsDatanode at: http://0.0.0.0:0
2019-07-13 20:36:05,338 INFO  server.AuthenticationFilter (AuthenticationFilter.java:constructSecretProvider(240)) - Unable to initialize FileSignerSecretProvider, falling back to use random secrets.
2019-07-13 20:36:05,339 WARN  http.HttpRequestLog (HttpRequestLog.java:getRequestLog(97)) - Jetty request log can only be enabled using Log4j
2019-07-13 20:36:05,340 INFO  http.HttpServer2 (HttpServer2.java:addGlobalFilter(975)) - Added global filter 'safety' (class=org.apache.hadoop.http.HttpServer2$QuotingInputFilter)
2019-07-13 20:36:05,340 INFO  http.HttpServer2 (HttpServer2.java:addFilter(948)) - Added filter static_user_filter (class=org.apache.hadoop.http.lib.StaticUserWebFilter$StaticUserFilter) to context hddsDatanode
2019-07-13 20:36:05,340 INFO  http.HttpServer2 (HttpServer2.java:addFilter(958)) - Added filter static_user_filter (class=org.apache.hadoop.http.lib.StaticUserWebFilter$StaticUserFilter) to context logs
2019-07-13 20:36:05,341 INFO  http.HttpServer2 (HttpServer2.java:addFilter(958)) - Added filter static_user_filter (class=org.apache.hadoop.http.lib.StaticUserWebFilter$StaticUserFilter) to context static
2019-07-13 20:36:05,341 INFO  http.HttpServer2 (HttpServer2.java:bindListener(1191)) - Jetty bound to port 34863
2019-07-13 20:36:05,341 INFO  server.Server (Server.java:doStart(351)) - jetty-9.3.24.v20180605, build timestamp: 2018-06-05T17:11:56Z, git hash: 84205aa28f11a4f31f2a3b86d1bba2cc8ab69827
2019-07-13 20:36:05,343 INFO  handler.ContextHandler (ContextHandler.java:doStart(781)) - Started o.e.j.s.ServletContextHandler@5bbc033f{/logs,file:///tmp/workdir/hadoop-ozone/integration-test/target/log,AVAILABLE}
2019-07-13 20:36:05,343 INFO  handler.ContextHandler (ContextHandler.java:doStart(781)) - Started o.e.j.s.ServletContextHandler@2d1f9ec3{/static,jar:file:/home/user/.m2/repository/org/apache/hadoop/hadoop-hdds-container-service/0.5.0-SNAPSHOT/hadoop-hdds-container-service-0.5.0-SNAPSHOT.jar!/webapps/static,AVAILABLE}
2019-07-13 20:36:05,370 INFO  handler.ContextHandler (ContextHandler.java:doStart(781)) - Started o.e.j.w.WebAppContext@3cc5408c{/,file:///tmp/jetty-0.0.0.0-34863-hddsDatanode-_-any-4854140633483103102.dir/webapp/,AVAILABLE}{/hddsDatanode}
2019-07-13 20:36:05,370 INFO  server.AbstractConnector (AbstractConnector.java:doStart(278)) - Started ServerConnector@1ecd09d5{HTTP/1.1,[http/1.1]}{0.0.0.0:34863}
2019-07-13 20:36:05,371 INFO  server.Server (Server.java:doStart(419)) - Started @557135ms
2019-07-13 20:36:05,372 INFO  server.BaseHttpServer (BaseHttpServer.java:updateConnectorAddress(207)) - HTTP server of HDDSDATANODE is listening at http://0.0.0.0:34863
2019-07-13 20:36:05,472 INFO  ozone.HddsDatanodeService (HddsDatanodeService.java:startPlugins(396)) - Started plug-in org.apache.hadoop.ozone.web.OzoneHddsDatanodeService@43cf97a8
2019-07-13 20:36:05,472 INFO  impl.MetricsSystemImpl (MetricsSystemImpl.java:init(158)) - HddsDatanode metrics system started (again)
2019-07-13 20:36:05,473 INFO  ozone.HddsDatanodeService (HddsDatanodeService.java:start(185)) - HddsDatanodeService host:trunk-nightly-6qp7m-2461138711 ip:192.168.5.168
2019-07-13 20:36:05,475 INFO  util.JvmPauseMonitor (JvmPauseMonitor.java:run(188)) - Starting JVM pause monitor
2019-07-13 20:36:05,477 INFO  datanode.InitDatanodeState (InitDatanodeState.java:persistContainerDatanodeDetails(140)) - DatanodeDetails is persisted to /tmp/workdir/hadoop-ozone/integration-test/target/test-dir/MiniOzoneClusterImpl-48a0a603-d656-4a4b-8099-b970855239bb/datanode-1/meta/datanode.id
2019-07-13 20:36:05,484 INFO  volume.HddsVolume (HddsVolume.java:<init>(176)) - Creating Volume: /tmp/workdir/hadoop-ozone/integration-test/target/test-dir/MiniOzoneClusterImpl-48a0a603-d656-4a4b-8099-b970855239bb/datanode-2/data/containers/hdds of  storage type : DISK and capacity : 52710309888
2019-07-13 20:36:05,485 INFO  volume.VolumeSet (VolumeSet.java:initializeVolumeSet(170)) - Added Volume : /tmp/workdir/hadoop-ozone/integration-test/target/test-dir/MiniOzoneClusterImpl-48a0a603-d656-4a4b-8099-b970855239bb/datanode-2/data/containers/hdds to VolumeSet
2019-07-13 20:36:05,485 INFO  volume.ThrottledAsyncChecker (ThrottledAsyncChecker.java:schedule(140)) - Scheduling a check for org.apache.hadoop.ozone.container.common.volume.HddsVolume@66df362c
2019-07-13 20:36:05,485 INFO  volume.HddsVolumeChecker (HddsVolumeChecker.java:checkAllVolumes(203)) - Scheduled health check for volume org.apache.hadoop.ozone.container.common.volume.HddsVolume@66df362c
2019-07-13 20:36:05,498 INFO  impl.RaftServerProxy (ConfUtils.java:logGet(43)) - raft.rpc.type = GRPC (default)
2019-07-13 20:36:05,498 INFO  grpc.GrpcFactory (GrpcFactory.java:checkPooledByteBufAllocatorUseCacheForAllThreads(45)) - PERFORMANCE WARNING: useCacheForAllThreads is true that may cause Netty to create a lot garbage objects and, as a result, trigger GC.
	It is recommended to disable useCacheForAllThreads by setting -Dorg.apache.ratis.thirdparty.io.netty.allocator.useCacheForAllThreads=false in command line.
2019-07-13 20:36:05,498 INFO  grpc.GrpcConfigKeys$Server (ConfUtils.java:logGet(43)) - raft.grpc.server.port = 0 (default)
2019-07-13 20:36:05,498 INFO  server.GrpcService (ConfUtils.java:logGet(43)) - raft.grpc.message.size.max = 33570816 (custom)
2019-07-13 20:36:05,498 INFO  server.RaftServerConfigKeys (ConfUtils.java:logGet(43)) - raft.server.log.appender.buffer.byte-limit = 33554432 (custom)
2019-07-13 20:36:05,499 INFO  server.GrpcService (ConfUtils.java:logGet(43)) - raft.grpc.flow.control.window = 1MB (=1048576) (default)
2019-07-13 20:36:05,499 INFO  server.RaftServerConfigKeys (ConfUtils.java:logGet(43)) - raft.server.rpc.request.timeout = 3000ms (default)
2019-07-13 20:36:05,499 INFO  server.RaftServerConfigKeys (ConfUtils.java:logGet(43)) - raft.server.storage.dir = [/tmp/workdir/hadoop-ozone/integration-test/target/test-dir/MiniOzoneClusterImpl-48a0a603-d656-4a4b-8099-b970855239bb/datanode-2/data/ratis] (custom)
2019-07-13 20:36:05,500 INFO  replication.SimpleContainerDownloader (SimpleContainerDownloader.java:<init>(72)) - Starting container downloader service to copy containers to replicate.
2019-07-13 20:36:05,501 INFO  hdfs.DFSUtil (DFSUtil.java:httpServerTemplateForNNAndJN(1641)) - Starting Web-server for hddsDatanode at: http://0.0.0.0:0
2019-07-13 20:36:05,502 INFO  server.AuthenticationFilter (AuthenticationFilter.java:constructSecretProvider(240)) - Unable to initialize FileSignerSecretProvider, falling back to use random secrets.
2019-07-13 20:36:05,502 WARN  http.HttpRequestLog (HttpRequestLog.java:getRequestLog(97)) - Jetty request log can only be enabled using Log4j
2019-07-13 20:36:05,503 INFO  http.HttpServer2 (HttpServer2.java:addGlobalFilter(975)) - Added global filter 'safety' (class=org.apache.hadoop.http.HttpServer2$QuotingInputFilter)
2019-07-13 20:36:05,503 INFO  http.HttpServer2 (HttpServer2.java:addFilter(948)) - Added filter static_user_filter (class=org.apache.hadoop.http.lib.StaticUserWebFilter$StaticUserFilter) to context hddsDatanode
2019-07-13 20:36:05,504 INFO  http.HttpServer2 (HttpServer2.java:addFilter(958)) - Added filter static_user_filter (class=org.apache.hadoop.http.lib.StaticUserWebFilter$StaticUserFilter) to context static
2019-07-13 20:36:05,504 INFO  http.HttpServer2 (HttpServer2.java:addFilter(958)) - Added filter static_user_filter (class=org.apache.hadoop.http.lib.StaticUserWebFilter$StaticUserFilter) to context logs
2019-07-13 20:36:05,504 INFO  http.HttpServer2 (HttpServer2.java:bindListener(1191)) - Jetty bound to port 36113
2019-07-13 20:36:05,504 INFO  server.Server (Server.java:doStart(351)) - jetty-9.3.24.v20180605, build timestamp: 2018-06-05T17:11:56Z, git hash: 84205aa28f11a4f31f2a3b86d1bba2cc8ab69827
2019-07-13 20:36:05,506 INFO  handler.ContextHandler (ContextHandler.java:doStart(781)) - Started o.e.j.s.ServletContextHandler@574e4184{/logs,file:///tmp/workdir/hadoop-ozone/integration-test/target/log,AVAILABLE}
2019-07-13 20:36:05,506 INFO  handler.ContextHandler (ContextHandler.java:doStart(781)) - Started o.e.j.s.ServletContextHandler@50d6af87{/static,jar:file:/home/user/.m2/repository/org/apache/hadoop/hadoop-hdds-container-service/0.5.0-SNAPSHOT/hadoop-hdds-container-service-0.5.0-SNAPSHOT.jar!/webapps/static,AVAILABLE}
2019-07-13 20:36:05,533 INFO  handler.ContextHandler (ContextHandler.java:doStart(781)) - Started o.e.j.w.WebAppContext@30a1b2ad{/,file:///tmp/jetty-0.0.0.0-36113-hddsDatanode-_-any-5768404806168527315.dir/webapp/,AVAILABLE}{/hddsDatanode}
2019-07-13 20:36:05,533 INFO  server.AbstractConnector (AbstractConnector.java:doStart(278)) - Started ServerConnector@436d2bb9{HTTP/1.1,[http/1.1]}{0.0.0.0:36113}
2019-07-13 20:36:05,534 INFO  server.Server (Server.java:doStart(419)) - Started @557298ms
2019-07-13 20:36:05,535 INFO  server.BaseHttpServer (BaseHttpServer.java:updateConnectorAddress(207)) - HTTP server of HDDSDATANODE is listening at http://0.0.0.0:36113
2019-07-13 20:36:05,635 INFO  ozone.HddsDatanodeService (HddsDatanodeService.java:startPlugins(396)) - Started plug-in org.apache.hadoop.ozone.web.OzoneHddsDatanodeService@14091e24
2019-07-13 20:36:05,635 INFO  impl.MetricsSystemImpl (MetricsSystemImpl.java:init(158)) - HddsDatanode metrics system started (again)
2019-07-13 20:36:05,637 INFO  ozone.HddsDatanodeService (HddsDatanodeService.java:start(185)) - HddsDatanodeService host:trunk-nightly-6qp7m-2461138711 ip:192.168.5.168
2019-07-13 20:36:05,639 INFO  util.JvmPauseMonitor (JvmPauseMonitor.java:run(188)) - Starting JVM pause monitor
2019-07-13 20:36:05,640 INFO  datanode.InitDatanodeState (InitDatanodeState.java:persistContainerDatanodeDetails(140)) - DatanodeDetails is persisted to /tmp/workdir/hadoop-ozone/integration-test/target/test-dir/MiniOzoneClusterImpl-48a0a603-d656-4a4b-8099-b970855239bb/datanode-2/meta/datanode.id
2019-07-13 20:36:05,647 INFO  volume.HddsVolume (HddsVolume.java:<init>(176)) - Creating Volume: /tmp/workdir/hadoop-ozone/integration-test/target/test-dir/MiniOzoneClusterImpl-48a0a603-d656-4a4b-8099-b970855239bb/datanode-3/data/containers/hdds of  storage type : DISK and capacity : 52710309888
2019-07-13 20:36:05,648 INFO  volume.VolumeSet (VolumeSet.java:initializeVolumeSet(170)) - Added Volume : /tmp/workdir/hadoop-ozone/integration-test/target/test-dir/MiniOzoneClusterImpl-48a0a603-d656-4a4b-8099-b970855239bb/datanode-3/data/containers/hdds to VolumeSet
2019-07-13 20:36:05,648 INFO  volume.ThrottledAsyncChecker (ThrottledAsyncChecker.java:schedule(140)) - Scheduling a check for org.apache.hadoop.ozone.container.common.volume.HddsVolume@1be4f05c
2019-07-13 20:36:05,648 INFO  volume.HddsVolumeChecker (HddsVolumeChecker.java:checkAllVolumes(203)) - Scheduled health check for volume org.apache.hadoop.ozone.container.common.volume.HddsVolume@1be4f05c
2019-07-13 20:36:05,662 INFO  impl.RaftServerProxy (ConfUtils.java:logGet(43)) - raft.rpc.type = GRPC (default)
2019-07-13 20:36:05,662 INFO  grpc.GrpcFactory (GrpcFactory.java:checkPooledByteBufAllocatorUseCacheForAllThreads(45)) - PERFORMANCE WARNING: useCacheForAllThreads is true that may cause Netty to create a lot garbage objects and, as a result, trigger GC.
	It is recommended to disable useCacheForAllThreads by setting -Dorg.apache.ratis.thirdparty.io.netty.allocator.useCacheForAllThreads=false in command line.
2019-07-13 20:36:05,662 INFO  grpc.GrpcConfigKeys$Server (ConfUtils.java:logGet(43)) - raft.grpc.server.port = 0 (default)
2019-07-13 20:36:05,662 INFO  server.GrpcService (ConfUtils.java:logGet(43)) - raft.grpc.message.size.max = 33570816 (custom)
2019-07-13 20:36:05,663 INFO  server.RaftServerConfigKeys (ConfUtils.java:logGet(43)) - raft.server.log.appender.buffer.byte-limit = 33554432 (custom)
2019-07-13 20:36:05,663 INFO  server.GrpcService (ConfUtils.java:logGet(43)) - raft.grpc.flow.control.window = 1MB (=1048576) (default)
2019-07-13 20:36:05,663 INFO  server.RaftServerConfigKeys (ConfUtils.java:logGet(43)) - raft.server.rpc.request.timeout = 3000ms (default)
2019-07-13 20:36:05,663 INFO  server.RaftServerConfigKeys (ConfUtils.java:logGet(43)) - raft.server.storage.dir = [/tmp/workdir/hadoop-ozone/integration-test/target/test-dir/MiniOzoneClusterImpl-48a0a603-d656-4a4b-8099-b970855239bb/datanode-3/data/ratis] (custom)
2019-07-13 20:36:05,664 INFO  replication.SimpleContainerDownloader (SimpleContainerDownloader.java:<init>(72)) - Starting container downloader service to copy containers to replicate.
2019-07-13 20:36:05,665 INFO  hdfs.DFSUtil (DFSUtil.java:httpServerTemplateForNNAndJN(1641)) - Starting Web-server for hddsDatanode at: http://0.0.0.0:0
2019-07-13 20:36:05,666 INFO  server.AuthenticationFilter (AuthenticationFilter.java:constructSecretProvider(240)) - Unable to initialize FileSignerSecretProvider, falling back to use random secrets.
2019-07-13 20:36:05,666 WARN  http.HttpRequestLog (HttpRequestLog.java:getRequestLog(97)) - Jetty request log can only be enabled using Log4j
2019-07-13 20:36:05,667 INFO  http.HttpServer2 (HttpServer2.java:addGlobalFilter(975)) - Added global filter 'safety' (class=org.apache.hadoop.http.HttpServer2$QuotingInputFilter)
2019-07-13 20:36:05,667 INFO  http.HttpServer2 (HttpServer2.java:addFilter(948)) - Added filter static_user_filter (class=org.apache.hadoop.http.lib.StaticUserWebFilter$StaticUserFilter) to context hddsDatanode
2019-07-13 20:36:05,668 INFO  http.HttpServer2 (HttpServer2.java:addFilter(958)) - Added filter static_user_filter (class=org.apache.hadoop.http.lib.StaticUserWebFilter$StaticUserFilter) to context static
2019-07-13 20:36:05,668 INFO  http.HttpServer2 (HttpServer2.java:addFilter(958)) - Added filter static_user_filter (class=org.apache.hadoop.http.lib.StaticUserWebFilter$StaticUserFilter) to context logs
2019-07-13 20:36:05,668 INFO  http.HttpServer2 (HttpServer2.java:bindListener(1191)) - Jetty bound to port 41031
2019-07-13 20:36:05,668 INFO  server.Server (Server.java:doStart(351)) - jetty-9.3.24.v20180605, build timestamp: 2018-06-05T17:11:56Z, git hash: 84205aa28f11a4f31f2a3b86d1bba2cc8ab69827
2019-07-13 20:36:05,670 INFO  handler.ContextHandler (ContextHandler.java:doStart(781)) - Started o.e.j.s.ServletContextHandler@b332eda{/logs,file:///tmp/workdir/hadoop-ozone/integration-test/target/log,AVAILABLE}
2019-07-13 20:36:05,671 INFO  handler.ContextHandler (ContextHandler.java:doStart(781)) - Started o.e.j.s.ServletContextHandler@3ca5da54{/static,jar:file:/home/user/.m2/repository/org/apache/hadoop/hadoop-hdds-container-service/0.5.0-SNAPSHOT/hadoop-hdds-container-service-0.5.0-SNAPSHOT.jar!/webapps/static,AVAILABLE}
2019-07-13 20:36:05,697 INFO  handler.ContextHandler (ContextHandler.java:doStart(781)) - Started o.e.j.w.WebAppContext@5c8e7687{/,file:///tmp/jetty-0.0.0.0-41031-hddsDatanode-_-any-2022862512384702255.dir/webapp/,AVAILABLE}{/hddsDatanode}
2019-07-13 20:36:05,697 INFO  server.AbstractConnector (AbstractConnector.java:doStart(278)) - Started ServerConnector@2d093067{HTTP/1.1,[http/1.1]}{0.0.0.0:41031}
2019-07-13 20:36:05,698 INFO  server.Server (Server.java:doStart(419)) - Started @557462ms
2019-07-13 20:36:05,699 INFO  server.BaseHttpServer (BaseHttpServer.java:updateConnectorAddress(207)) - HTTP server of HDDSDATANODE is listening at http://0.0.0.0:41031
2019-07-13 20:36:05,798 INFO  ozone.HddsDatanodeService (HddsDatanodeService.java:startPlugins(396)) - Started plug-in org.apache.hadoop.ozone.web.OzoneHddsDatanodeService@5b27d03d
2019-07-13 20:36:05,798 INFO  impl.MetricsSystemImpl (MetricsSystemImpl.java:init(158)) - HddsDatanode metrics system started (again)
2019-07-13 20:36:05,801 INFO  ozone.HddsDatanodeService (HddsDatanodeService.java:start(185)) - HddsDatanodeService host:trunk-nightly-6qp7m-2461138711 ip:192.168.5.168
2019-07-13 20:36:05,802 INFO  util.JvmPauseMonitor (JvmPauseMonitor.java:run(188)) - Starting JVM pause monitor
2019-07-13 20:36:05,804 INFO  datanode.InitDatanodeState (InitDatanodeState.java:persistContainerDatanodeDetails(140)) - DatanodeDetails is persisted to /tmp/workdir/hadoop-ozone/integration-test/target/test-dir/MiniOzoneClusterImpl-48a0a603-d656-4a4b-8099-b970855239bb/datanode-3/meta/datanode.id
2019-07-13 20:36:05,811 INFO  volume.HddsVolume (HddsVolume.java:<init>(176)) - Creating Volume: /tmp/workdir/hadoop-ozone/integration-test/target/test-dir/MiniOzoneClusterImpl-48a0a603-d656-4a4b-8099-b970855239bb/datanode-4/data/containers/hdds of  storage type : DISK and capacity : 52710309888
2019-07-13 20:36:05,811 INFO  volume.VolumeSet (VolumeSet.java:initializeVolumeSet(170)) - Added Volume : /tmp/workdir/hadoop-ozone/integration-test/target/test-dir/MiniOzoneClusterImpl-48a0a603-d656-4a4b-8099-b970855239bb/datanode-4/data/containers/hdds to VolumeSet
2019-07-13 20:36:05,812 INFO  volume.ThrottledAsyncChecker (ThrottledAsyncChecker.java:schedule(140)) - Scheduling a check for org.apache.hadoop.ozone.container.common.volume.HddsVolume@56fc2cea
2019-07-13 20:36:05,812 INFO  volume.HddsVolumeChecker (HddsVolumeChecker.java:checkAllVolumes(203)) - Scheduled health check for volume org.apache.hadoop.ozone.container.common.volume.HddsVolume@56fc2cea
2019-07-13 20:36:05,825 INFO  impl.RaftServerProxy (ConfUtils.java:logGet(43)) - raft.rpc.type = GRPC (default)
2019-07-13 20:36:05,825 INFO  grpc.GrpcFactory (GrpcFactory.java:checkPooledByteBufAllocatorUseCacheForAllThreads(45)) - PERFORMANCE WARNING: useCacheForAllThreads is true that may cause Netty to create a lot garbage objects and, as a result, trigger GC.
	It is recommended to disable useCacheForAllThreads by setting -Dorg.apache.ratis.thirdparty.io.netty.allocator.useCacheForAllThreads=false in command line.
2019-07-13 20:36:05,826 INFO  grpc.GrpcConfigKeys$Server (ConfUtils.java:logGet(43)) - raft.grpc.server.port = 0 (default)
2019-07-13 20:36:05,826 INFO  server.GrpcService (ConfUtils.java:logGet(43)) - raft.grpc.message.size.max = 33570816 (custom)
2019-07-13 20:36:05,826 INFO  server.RaftServerConfigKeys (ConfUtils.java:logGet(43)) - raft.server.log.appender.buffer.byte-limit = 33554432 (custom)
2019-07-13 20:36:05,826 INFO  server.GrpcService (ConfUtils.java:logGet(43)) - raft.grpc.flow.control.window = 1MB (=1048576) (default)
2019-07-13 20:36:05,826 INFO  server.RaftServerConfigKeys (ConfUtils.java:logGet(43)) - raft.server.rpc.request.timeout = 3000ms (default)
2019-07-13 20:36:05,827 INFO  server.RaftServerConfigKeys (ConfUtils.java:logGet(43)) - raft.server.storage.dir = [/tmp/workdir/hadoop-ozone/integration-test/target/test-dir/MiniOzoneClusterImpl-48a0a603-d656-4a4b-8099-b970855239bb/datanode-4/data/ratis] (custom)
2019-07-13 20:36:05,827 INFO  replication.SimpleContainerDownloader (SimpleContainerDownloader.java:<init>(72)) - Starting container downloader service to copy containers to replicate.
2019-07-13 20:36:05,828 INFO  hdfs.DFSUtil (DFSUtil.java:httpServerTemplateForNNAndJN(1641)) - Starting Web-server for hddsDatanode at: http://0.0.0.0:0
2019-07-13 20:36:05,829 INFO  server.AuthenticationFilter (AuthenticationFilter.java:constructSecretProvider(240)) - Unable to initialize FileSignerSecretProvider, falling back to use random secrets.
2019-07-13 20:36:05,829 WARN  http.HttpRequestLog (HttpRequestLog.java:getRequestLog(97)) - Jetty request log can only be enabled using Log4j
2019-07-13 20:36:05,831 INFO  http.HttpServer2 (HttpServer2.java:addGlobalFilter(975)) - Added global filter 'safety' (class=org.apache.hadoop.http.HttpServer2$QuotingInputFilter)
2019-07-13 20:36:05,831 INFO  http.HttpServer2 (HttpServer2.java:addFilter(948)) - Added filter static_user_filter (class=org.apache.hadoop.http.lib.StaticUserWebFilter$StaticUserFilter) to context hddsDatanode
2019-07-13 20:36:05,831 INFO  http.HttpServer2 (HttpServer2.java:addFilter(958)) - Added filter static_user_filter (class=org.apache.hadoop.http.lib.StaticUserWebFilter$StaticUserFilter) to context static
2019-07-13 20:36:05,831 INFO  http.HttpServer2 (HttpServer2.java:addFilter(958)) - Added filter static_user_filter (class=org.apache.hadoop.http.lib.StaticUserWebFilter$StaticUserFilter) to context logs
2019-07-13 20:36:05,832 INFO  http.HttpServer2 (HttpServer2.java:bindListener(1191)) - Jetty bound to port 44807
2019-07-13 20:36:05,832 INFO  server.Server (Server.java:doStart(351)) - jetty-9.3.24.v20180605, build timestamp: 2018-06-05T17:11:56Z, git hash: 84205aa28f11a4f31f2a3b86d1bba2cc8ab69827
2019-07-13 20:36:05,834 INFO  handler.ContextHandler (ContextHandler.java:doStart(781)) - Started o.e.j.s.ServletContextHandler@73dc7db0{/logs,file:///tmp/workdir/hadoop-ozone/integration-test/target/log,AVAILABLE}
2019-07-13 20:36:05,834 INFO  handler.ContextHandler (ContextHandler.java:doStart(781)) - Started o.e.j.s.ServletContextHandler@319ea996{/static,jar:file:/home/user/.m2/repository/org/apache/hadoop/hadoop-hdds-container-service/0.5.0-SNAPSHOT/hadoop-hdds-container-service-0.5.0-SNAPSHOT.jar!/webapps/static,AVAILABLE}
2019-07-13 20:36:05,860 INFO  handler.ContextHandler (ContextHandler.java:doStart(781)) - Started o.e.j.w.WebAppContext@21457b14{/,file:///tmp/jetty-0.0.0.0-44807-hddsDatanode-_-any-6770603125550259268.dir/webapp/,AVAILABLE}{/hddsDatanode}
2019-07-13 20:36:05,861 INFO  server.AbstractConnector (AbstractConnector.java:doStart(278)) - Started ServerConnector@7e484bd{HTTP/1.1,[http/1.1]}{0.0.0.0:44807}
2019-07-13 20:36:05,862 INFO  server.Server (Server.java:doStart(419)) - Started @557626ms
2019-07-13 20:36:05,863 INFO  server.BaseHttpServer (BaseHttpServer.java:updateConnectorAddress(207)) - HTTP server of HDDSDATANODE is listening at http://0.0.0.0:44807
2019-07-13 20:36:05,967 INFO  ozone.HddsDatanodeService (HddsDatanodeService.java:startPlugins(396)) - Started plug-in org.apache.hadoop.ozone.web.OzoneHddsDatanodeService@3c7f8c25
2019-07-13 20:36:05,968 INFO  impl.MetricsSystemImpl (MetricsSystemImpl.java:init(158)) - HddsDatanode metrics system started (again)
2019-07-13 20:36:05,970 INFO  ozone.HddsDatanodeService (HddsDatanodeService.java:start(185)) - HddsDatanodeService host:trunk-nightly-6qp7m-2461138711 ip:192.168.5.168
2019-07-13 20:36:05,972 INFO  util.JvmPauseMonitor (JvmPauseMonitor.java:run(188)) - Starting JVM pause monitor
2019-07-13 20:36:05,973 INFO  datanode.InitDatanodeState (InitDatanodeState.java:persistContainerDatanodeDetails(140)) - DatanodeDetails is persisted to /tmp/workdir/hadoop-ozone/integration-test/target/test-dir/MiniOzoneClusterImpl-48a0a603-d656-4a4b-8099-b970855239bb/datanode-4/meta/datanode.id
2019-07-13 20:36:05,981 INFO  volume.HddsVolume (HddsVolume.java:<init>(176)) - Creating Volume: /tmp/workdir/hadoop-ozone/integration-test/target/test-dir/MiniOzoneClusterImpl-48a0a603-d656-4a4b-8099-b970855239bb/datanode-5/data/containers/hdds of  storage type : DISK and capacity : 52710309888
2019-07-13 20:36:05,981 INFO  volume.VolumeSet (VolumeSet.java:initializeVolumeSet(170)) - Added Volume : /tmp/workdir/hadoop-ozone/integration-test/target/test-dir/MiniOzoneClusterImpl-48a0a603-d656-4a4b-8099-b970855239bb/datanode-5/data/containers/hdds to VolumeSet
2019-07-13 20:36:05,982 INFO  volume.ThrottledAsyncChecker (ThrottledAsyncChecker.java:schedule(140)) - Scheduling a check for org.apache.hadoop.ozone.container.common.volume.HddsVolume@5e0602ff
2019-07-13 20:36:05,982 INFO  volume.HddsVolumeChecker (HddsVolumeChecker.java:checkAllVolumes(203)) - Scheduled health check for volume org.apache.hadoop.ozone.container.common.volume.HddsVolume@5e0602ff
2019-07-13 20:36:05,996 INFO  impl.RaftServerProxy (ConfUtils.java:logGet(43)) - raft.rpc.type = GRPC (default)
2019-07-13 20:36:05,996 INFO  grpc.GrpcFactory (GrpcFactory.java:checkPooledByteBufAllocatorUseCacheForAllThreads(45)) - PERFORMANCE WARNING: useCacheForAllThreads is true that may cause Netty to create a lot garbage objects and, as a result, trigger GC.
	It is recommended to disable useCacheForAllThreads by setting -Dorg.apache.ratis.thirdparty.io.netty.allocator.useCacheForAllThreads=false in command line.
2019-07-13 20:36:05,996 INFO  grpc.GrpcConfigKeys$Server (ConfUtils.java:logGet(43)) - raft.grpc.server.port = 0 (default)
2019-07-13 20:36:05,996 INFO  server.GrpcService (ConfUtils.java:logGet(43)) - raft.grpc.message.size.max = 33570816 (custom)
2019-07-13 20:36:05,997 INFO  server.RaftServerConfigKeys (ConfUtils.java:logGet(43)) - raft.server.log.appender.buffer.byte-limit = 33554432 (custom)
2019-07-13 20:36:05,997 INFO  server.GrpcService (ConfUtils.java:logGet(43)) - raft.grpc.flow.control.window = 1MB (=1048576) (default)
2019-07-13 20:36:05,997 INFO  server.RaftServerConfigKeys (ConfUtils.java:logGet(43)) - raft.server.rpc.request.timeout = 3000ms (default)
2019-07-13 20:36:05,997 INFO  server.RaftServerConfigKeys (ConfUtils.java:logGet(43)) - raft.server.storage.dir = [/tmp/workdir/hadoop-ozone/integration-test/target/test-dir/MiniOzoneClusterImpl-48a0a603-d656-4a4b-8099-b970855239bb/datanode-5/data/ratis] (custom)
2019-07-13 20:36:05,998 INFO  replication.SimpleContainerDownloader (SimpleContainerDownloader.java:<init>(72)) - Starting container downloader service to copy containers to replicate.
2019-07-13 20:36:05,999 INFO  hdfs.DFSUtil (DFSUtil.java:httpServerTemplateForNNAndJN(1641)) - Starting Web-server for hddsDatanode at: http://0.0.0.0:0
2019-07-13 20:36:06,000 INFO  server.AuthenticationFilter (AuthenticationFilter.java:constructSecretProvider(240)) - Unable to initialize FileSignerSecretProvider, falling back to use random secrets.
2019-07-13 20:36:06,000 WARN  http.HttpRequestLog (HttpRequestLog.java:getRequestLog(97)) - Jetty request log can only be enabled using Log4j
2019-07-13 20:36:06,001 INFO  http.HttpServer2 (HttpServer2.java:addGlobalFilter(975)) - Added global filter 'safety' (class=org.apache.hadoop.http.HttpServer2$QuotingInputFilter)
2019-07-13 20:36:06,002 INFO  http.HttpServer2 (HttpServer2.java:addFilter(948)) - Added filter static_user_filter (class=org.apache.hadoop.http.lib.StaticUserWebFilter$StaticUserFilter) to context hddsDatanode
2019-07-13 20:36:06,002 INFO  http.HttpServer2 (HttpServer2.java:addFilter(958)) - Added filter static_user_filter (class=org.apache.hadoop.http.lib.StaticUserWebFilter$StaticUserFilter) to context logs
2019-07-13 20:36:06,002 INFO  http.HttpServer2 (HttpServer2.java:addFilter(958)) - Added filter static_user_filter (class=org.apache.hadoop.http.lib.StaticUserWebFilter$StaticUserFilter) to context static
2019-07-13 20:36:06,002 INFO  http.HttpServer2 (HttpServer2.java:bindListener(1191)) - Jetty bound to port 36710
2019-07-13 20:36:06,003 INFO  server.Server (Server.java:doStart(351)) - jetty-9.3.24.v20180605, build timestamp: 2018-06-05T17:11:56Z, git hash: 84205aa28f11a4f31f2a3b86d1bba2cc8ab69827
2019-07-13 20:36:06,004 INFO  handler.ContextHandler (ContextHandler.java:doStart(781)) - Started o.e.j.s.ServletContextHandler@28705150{/logs,file:///tmp/workdir/hadoop-ozone/integration-test/target/log,AVAILABLE}
2019-07-13 20:36:06,004 INFO  handler.ContextHandler (ContextHandler.java:doStart(781)) - Started o.e.j.s.ServletContextHandler@28b286c0{/static,jar:file:/home/user/.m2/repository/org/apache/hadoop/hadoop-hdds-container-service/0.5.0-SNAPSHOT/hadoop-hdds-container-service-0.5.0-SNAPSHOT.jar!/webapps/static,AVAILABLE}
2019-07-13 20:36:06,031 INFO  handler.ContextHandler (ContextHandler.java:doStart(781)) - Started o.e.j.w.WebAppContext@6fb2b972{/,file:///tmp/jetty-0.0.0.0-36710-hddsDatanode-_-any-7543163915202679015.dir/webapp/,AVAILABLE}{/hddsDatanode}
2019-07-13 20:36:06,031 INFO  server.AbstractConnector (AbstractConnector.java:doStart(278)) - Started ServerConnector@5fa3df{HTTP/1.1,[http/1.1]}{0.0.0.0:36710}
2019-07-13 20:36:06,032 INFO  server.Server (Server.java:doStart(419)) - Started @557796ms
2019-07-13 20:36:06,033 INFO  server.BaseHttpServer (BaseHttpServer.java:updateConnectorAddress(207)) - HTTP server of HDDSDATANODE is listening at http://0.0.0.0:36710
2019-07-13 20:36:06,131 INFO  ozone.HddsDatanodeService (HddsDatanodeService.java:startPlugins(396)) - Started plug-in org.apache.hadoop.ozone.web.OzoneHddsDatanodeService@698daff6
2019-07-13 20:36:06,132 INFO  impl.MetricsSystemImpl (MetricsSystemImpl.java:init(158)) - HddsDatanode metrics system started (again)
2019-07-13 20:36:06,134 INFO  ozone.HddsDatanodeService (HddsDatanodeService.java:start(185)) - HddsDatanodeService host:trunk-nightly-6qp7m-2461138711 ip:192.168.5.168
2019-07-13 20:36:06,135 INFO  util.JvmPauseMonitor (JvmPauseMonitor.java:run(188)) - Starting JVM pause monitor
2019-07-13 20:36:06,137 INFO  datanode.InitDatanodeState (InitDatanodeState.java:persistContainerDatanodeDetails(140)) - DatanodeDetails is persisted to /tmp/workdir/hadoop-ozone/integration-test/target/test-dir/MiniOzoneClusterImpl-48a0a603-d656-4a4b-8099-b970855239bb/datanode-5/meta/datanode.id
2019-07-13 20:36:06,145 INFO  volume.HddsVolume (HddsVolume.java:<init>(176)) - Creating Volume: /tmp/workdir/hadoop-ozone/integration-test/target/test-dir/MiniOzoneClusterImpl-48a0a603-d656-4a4b-8099-b970855239bb/datanode-6/data/containers/hdds of  storage type : DISK and capacity : 52710309888
2019-07-13 20:36:06,145 INFO  volume.VolumeSet (VolumeSet.java:initializeVolumeSet(170)) - Added Volume : /tmp/workdir/hadoop-ozone/integration-test/target/test-dir/MiniOzoneClusterImpl-48a0a603-d656-4a4b-8099-b970855239bb/datanode-6/data/containers/hdds to VolumeSet
2019-07-13 20:36:06,146 INFO  volume.ThrottledAsyncChecker (ThrottledAsyncChecker.java:schedule(140)) - Scheduling a check for org.apache.hadoop.ozone.container.common.volume.HddsVolume@5a0b550a
2019-07-13 20:36:06,146 INFO  volume.HddsVolumeChecker (HddsVolumeChecker.java:checkAllVolumes(203)) - Scheduled health check for volume org.apache.hadoop.ozone.container.common.volume.HddsVolume@5a0b550a
2019-07-13 20:36:06,159 INFO  impl.RaftServerProxy (ConfUtils.java:logGet(43)) - raft.rpc.type = GRPC (default)
2019-07-13 20:36:06,159 INFO  grpc.GrpcFactory (GrpcFactory.java:checkPooledByteBufAllocatorUseCacheForAllThreads(45)) - PERFORMANCE WARNING: useCacheForAllThreads is true that may cause Netty to create a lot garbage objects and, as a result, trigger GC.
	It is recommended to disable useCacheForAllThreads by setting -Dorg.apache.ratis.thirdparty.io.netty.allocator.useCacheForAllThreads=false in command line.
2019-07-13 20:36:06,160 INFO  grpc.GrpcConfigKeys$Server (ConfUtils.java:logGet(43)) - raft.grpc.server.port = 0 (default)
2019-07-13 20:36:06,160 INFO  server.GrpcService (ConfUtils.java:logGet(43)) - raft.grpc.message.size.max = 33570816 (custom)
2019-07-13 20:36:06,160 INFO  server.RaftServerConfigKeys (ConfUtils.java:logGet(43)) - raft.server.log.appender.buffer.byte-limit = 33554432 (custom)
2019-07-13 20:36:06,160 INFO  server.GrpcService (ConfUtils.java:logGet(43)) - raft.grpc.flow.control.window = 1MB (=1048576) (default)
2019-07-13 20:36:06,160 INFO  server.RaftServerConfigKeys (ConfUtils.java:logGet(43)) - raft.server.rpc.request.timeout = 3000ms (default)
2019-07-13 20:36:06,161 INFO  server.RaftServerConfigKeys (ConfUtils.java:logGet(43)) - raft.server.storage.dir = [/tmp/workdir/hadoop-ozone/integration-test/target/test-dir/MiniOzoneClusterImpl-48a0a603-d656-4a4b-8099-b970855239bb/datanode-6/data/ratis] (custom)
2019-07-13 20:36:06,161 INFO  replication.SimpleContainerDownloader (SimpleContainerDownloader.java:<init>(72)) - Starting container downloader service to copy containers to replicate.
2019-07-13 20:36:06,162 INFO  hdfs.DFSUtil (DFSUtil.java:httpServerTemplateForNNAndJN(1641)) - Starting Web-server for hddsDatanode at: http://0.0.0.0:0
2019-07-13 20:36:06,163 INFO  server.AuthenticationFilter (AuthenticationFilter.java:constructSecretProvider(240)) - Unable to initialize FileSignerSecretProvider, falling back to use random secrets.
2019-07-13 20:36:06,163 WARN  http.HttpRequestLog (HttpRequestLog.java:getRequestLog(97)) - Jetty request log can only be enabled using Log4j
2019-07-13 20:36:06,164 INFO  http.HttpServer2 (HttpServer2.java:addGlobalFilter(975)) - Added global filter 'safety' (class=org.apache.hadoop.http.HttpServer2$QuotingInputFilter)
2019-07-13 20:36:06,165 INFO  http.HttpServer2 (HttpServer2.java:addFilter(948)) - Added filter static_user_filter (class=org.apache.hadoop.http.lib.StaticUserWebFilter$StaticUserFilter) to context hddsDatanode
2019-07-13 20:36:06,165 INFO  http.HttpServer2 (HttpServer2.java:addFilter(958)) - Added filter static_user_filter (class=org.apache.hadoop.http.lib.StaticUserWebFilter$StaticUserFilter) to context logs
2019-07-13 20:36:06,165 INFO  http.HttpServer2 (HttpServer2.java:addFilter(958)) - Added filter static_user_filter (class=org.apache.hadoop.http.lib.StaticUserWebFilter$StaticUserFilter) to context static
2019-07-13 20:36:06,166 INFO  http.HttpServer2 (HttpServer2.java:bindListener(1191)) - Jetty bound to port 35886
2019-07-13 20:36:06,166 INFO  server.Server (Server.java:doStart(351)) - jetty-9.3.24.v20180605, build timestamp: 2018-06-05T17:11:56Z, git hash: 84205aa28f11a4f31f2a3b86d1bba2cc8ab69827
2019-07-13 20:36:06,168 INFO  handler.ContextHandler (ContextHandler.java:doStart(781)) - Started o.e.j.s.ServletContextHandler@6f9e6a85{/logs,file:///tmp/workdir/hadoop-ozone/integration-test/target/log,AVAILABLE}
2019-07-13 20:36:06,168 INFO  handler.ContextHandler (ContextHandler.java:doStart(781)) - Started o.e.j.s.ServletContextHandler@6a1b4854{/static,jar:file:/home/user/.m2/repository/org/apache/hadoop/hadoop-hdds-container-service/0.5.0-SNAPSHOT/hadoop-hdds-container-service-0.5.0-SNAPSHOT.jar!/webapps/static,AVAILABLE}
2019-07-13 20:36:06,195 INFO  handler.ContextHandler (ContextHandler.java:doStart(781)) - Started o.e.j.w.WebAppContext@5e97da56{/,file:///tmp/jetty-0.0.0.0-35886-hddsDatanode-_-any-2961843492211167066.dir/webapp/,AVAILABLE}{/hddsDatanode}
2019-07-13 20:36:06,195 INFO  server.AbstractConnector (AbstractConnector.java:doStart(278)) - Started ServerConnector@6e8f3b76{HTTP/1.1,[http/1.1]}{0.0.0.0:35886}
2019-07-13 20:36:06,197 INFO  server.Server (Server.java:doStart(419)) - Started @557960ms
2019-07-13 20:36:06,197 INFO  server.BaseHttpServer (BaseHttpServer.java:updateConnectorAddress(207)) - HTTP server of HDDSDATANODE is listening at http://0.0.0.0:35886
2019-07-13 20:36:06,297 INFO  ozone.HddsDatanodeService (HddsDatanodeService.java:startPlugins(396)) - Started plug-in org.apache.hadoop.ozone.web.OzoneHddsDatanodeService@1267adbe
2019-07-13 20:36:06,298 INFO  ozone.MiniOzoneClusterImpl (MiniOzoneClusterImpl.java:lambda$waitForClusterToBeReady$0(142)) - Waiting for cluster to be ready. Got 0 of 7 DN Heartbeats.
2019-07-13 20:36:06,305 INFO  util.JvmPauseMonitor (JvmPauseMonitor.java:run(188)) - Starting JVM pause monitor
2019-07-13 20:36:06,308 INFO  datanode.InitDatanodeState (InitDatanodeState.java:persistContainerDatanodeDetails(140)) - DatanodeDetails is persisted to /tmp/workdir/hadoop-ozone/integration-test/target/test-dir/MiniOzoneClusterImpl-48a0a603-d656-4a4b-8099-b970855239bb/datanode-6/meta/datanode.id
2019-07-13 20:36:07,298 INFO  ozone.MiniOzoneClusterImpl (MiniOzoneClusterImpl.java:lambda$waitForClusterToBeReady$0(142)) - Waiting for cluster to be ready. Got 0 of 7 DN Heartbeats.
2019-07-13 20:36:07,335 INFO  ozoneimpl.OzoneContainer (OzoneContainer.java:start(186)) - Attempting to start container services.
2019-07-13 20:36:07,336 INFO  ozoneimpl.OzoneContainer (OzoneContainer.java:startContainerScrub(160)) - Background container scrubber has been disabled by hdds.containerscrub.enabled
2019-07-13 20:36:07,336 INFO  ratis.XceiverServerRatis (XceiverServerRatis.java:start(418)) - Starting XceiverServerRatis c6c7b2d1-c5af-4dcc-9988-da4b3ff32668 at port 0
2019-07-13 20:36:07,343 INFO  impl.RaftServerProxy (RaftServerProxy.java:lambda$start$3(299)) - c6c7b2d1-c5af-4dcc-9988-da4b3ff32668: start RPC server
2019-07-13 20:36:07,345 INFO  server.GrpcService (GrpcService.java:startImpl(149)) - c6c7b2d1-c5af-4dcc-9988-da4b3ff32668: GrpcService started, listening on 0.0.0.0/0.0.0.0:43966
2019-07-13 20:36:07,345 INFO  ratis.XceiverServerRatis (XceiverServerRatis.java:start(428)) - XceiverServerRatis c6c7b2d1-c5af-4dcc-9988-da4b3ff32668 is started using port 43966
2019-07-13 20:36:07,355 INFO  server.XceiverServerGrpc (XceiverServerGrpc.java:start(161)) - XceiverServerGrpc c6c7b2d1-c5af-4dcc-9988-da4b3ff32668 is started using port 37473
2019-07-13 20:36:07,490 INFO  ozoneimpl.OzoneContainer (OzoneContainer.java:start(186)) - Attempting to start container services.
2019-07-13 20:36:07,490 INFO  ozoneimpl.OzoneContainer (OzoneContainer.java:startContainerScrub(160)) - Background container scrubber has been disabled by hdds.containerscrub.enabled
2019-07-13 20:36:07,491 INFO  ratis.XceiverServerRatis (XceiverServerRatis.java:start(418)) - Starting XceiverServerRatis b300cdca-4c3f-4339-81c3-14529db45052 at port 0
2019-07-13 20:36:07,498 INFO  impl.RaftServerProxy (RaftServerProxy.java:lambda$start$3(299)) - b300cdca-4c3f-4339-81c3-14529db45052: start RPC server
2019-07-13 20:36:07,498 INFO  server.GrpcService (GrpcService.java:startImpl(149)) - b300cdca-4c3f-4339-81c3-14529db45052: GrpcService started, listening on 0.0.0.0/0.0.0.0:34007
2019-07-13 20:36:07,499 INFO  ratis.XceiverServerRatis (XceiverServerRatis.java:start(428)) - XceiverServerRatis b300cdca-4c3f-4339-81c3-14529db45052 is started using port 34007
2019-07-13 20:36:07,501 INFO  server.XceiverServerGrpc (XceiverServerGrpc.java:start(161)) - XceiverServerGrpc b300cdca-4c3f-4339-81c3-14529db45052 is started using port 40852
2019-07-13 20:36:07,644 INFO  ozoneimpl.OzoneContainer (OzoneContainer.java:start(186)) - Attempting to start container services.
2019-07-13 20:36:07,645 INFO  ozoneimpl.OzoneContainer (OzoneContainer.java:startContainerScrub(160)) - Background container scrubber has been disabled by hdds.containerscrub.enabled
2019-07-13 20:36:07,645 INFO  ratis.XceiverServerRatis (XceiverServerRatis.java:start(418)) - Starting XceiverServerRatis 5b0d4a84-082a-4cf9-abb4-218c274b1155 at port 0
2019-07-13 20:36:07,652 INFO  impl.RaftServerProxy (RaftServerProxy.java:lambda$start$3(299)) - 5b0d4a84-082a-4cf9-abb4-218c274b1155: start RPC server
2019-07-13 20:36:07,653 INFO  server.GrpcService (GrpcService.java:startImpl(149)) - 5b0d4a84-082a-4cf9-abb4-218c274b1155: GrpcService started, listening on 0.0.0.0/0.0.0.0:35531
2019-07-13 20:36:07,653 INFO  ratis.XceiverServerRatis (XceiverServerRatis.java:start(428)) - XceiverServerRatis 5b0d4a84-082a-4cf9-abb4-218c274b1155 is started using port 35531
2019-07-13 20:36:07,654 INFO  server.XceiverServerGrpc (XceiverServerGrpc.java:start(161)) - XceiverServerGrpc 5b0d4a84-082a-4cf9-abb4-218c274b1155 is started using port 41502
2019-07-13 20:36:07,814 INFO  ozoneimpl.OzoneContainer (OzoneContainer.java:start(186)) - Attempting to start container services.
2019-07-13 20:36:07,814 INFO  ozoneimpl.OzoneContainer (OzoneContainer.java:startContainerScrub(160)) - Background container scrubber has been disabled by hdds.containerscrub.enabled
2019-07-13 20:36:07,815 INFO  ratis.XceiverServerRatis (XceiverServerRatis.java:start(418)) - Starting XceiverServerRatis 97ec5d92-66e9-452b-868d-25d7b088b941 at port 0
2019-07-13 20:36:07,822 INFO  impl.RaftServerProxy (RaftServerProxy.java:lambda$start$3(299)) - 97ec5d92-66e9-452b-868d-25d7b088b941: start RPC server
2019-07-13 20:36:07,823 INFO  server.GrpcService (GrpcService.java:startImpl(149)) - 97ec5d92-66e9-452b-868d-25d7b088b941: GrpcService started, listening on 0.0.0.0/0.0.0.0:44391
2019-07-13 20:36:07,823 INFO  ratis.XceiverServerRatis (XceiverServerRatis.java:start(428)) - XceiverServerRatis 97ec5d92-66e9-452b-868d-25d7b088b941 is started using port 44391
2019-07-13 20:36:07,824 INFO  server.XceiverServerGrpc (XceiverServerGrpc.java:start(161)) - XceiverServerGrpc 97ec5d92-66e9-452b-868d-25d7b088b941 is started using port 37423
2019-07-13 20:36:07,978 INFO  ozoneimpl.OzoneContainer (OzoneContainer.java:start(186)) - Attempting to start container services.
2019-07-13 20:36:07,978 INFO  ozoneimpl.OzoneContainer (OzoneContainer.java:startContainerScrub(160)) - Background container scrubber has been disabled by hdds.containerscrub.enabled
2019-07-13 20:36:07,978 INFO  ratis.XceiverServerRatis (XceiverServerRatis.java:start(418)) - Starting XceiverServerRatis 5b1afcc0-ccc7-4c94-addb-bd60614cc333 at port 0
2019-07-13 20:36:07,986 INFO  impl.RaftServerProxy (RaftServerProxy.java:lambda$start$3(299)) - 5b1afcc0-ccc7-4c94-addb-bd60614cc333: start RPC server
2019-07-13 20:36:07,986 INFO  server.GrpcService (GrpcService.java:startImpl(149)) - 5b1afcc0-ccc7-4c94-addb-bd60614cc333: GrpcService started, listening on 0.0.0.0/0.0.0.0:39889
2019-07-13 20:36:07,986 INFO  ratis.XceiverServerRatis (XceiverServerRatis.java:start(428)) - XceiverServerRatis 5b1afcc0-ccc7-4c94-addb-bd60614cc333 is started using port 39889
2019-07-13 20:36:07,987 INFO  server.XceiverServerGrpc (XceiverServerGrpc.java:start(161)) - XceiverServerGrpc 5b1afcc0-ccc7-4c94-addb-bd60614cc333 is started using port 37296
2019-07-13 20:36:08,149 INFO  ozoneimpl.OzoneContainer (OzoneContainer.java:start(186)) - Attempting to start container services.
2019-07-13 20:36:08,149 INFO  ozoneimpl.OzoneContainer (OzoneContainer.java:startContainerScrub(160)) - Background container scrubber has been disabled by hdds.containerscrub.enabled
2019-07-13 20:36:08,150 INFO  ratis.XceiverServerRatis (XceiverServerRatis.java:start(418)) - Starting XceiverServerRatis aca216f7-8a74-4471-98d0-6caf821f75e2 at port 0
2019-07-13 20:36:08,157 INFO  impl.RaftServerProxy (RaftServerProxy.java:lambda$start$3(299)) - aca216f7-8a74-4471-98d0-6caf821f75e2: start RPC server
2019-07-13 20:36:08,158 INFO  server.GrpcService (GrpcService.java:startImpl(149)) - aca216f7-8a74-4471-98d0-6caf821f75e2: GrpcService started, listening on 0.0.0.0/0.0.0.0:36617
2019-07-13 20:36:08,158 INFO  ratis.XceiverServerRatis (XceiverServerRatis.java:start(428)) - XceiverServerRatis aca216f7-8a74-4471-98d0-6caf821f75e2 is started using port 36617
2019-07-13 20:36:08,159 INFO  server.XceiverServerGrpc (XceiverServerGrpc.java:start(161)) - XceiverServerGrpc aca216f7-8a74-4471-98d0-6caf821f75e2 is started using port 44414
2019-07-13 20:36:08,298 INFO  ozone.MiniOzoneClusterImpl (MiniOzoneClusterImpl.java:lambda$waitForClusterToBeReady$0(142)) - Waiting for cluster to be ready. Got 0 of 7 DN Heartbeats.
2019-07-13 20:36:08,311 INFO  ozoneimpl.OzoneContainer (OzoneContainer.java:start(186)) - Attempting to start container services.
2019-07-13 20:36:08,311 INFO  ozoneimpl.OzoneContainer (OzoneContainer.java:startContainerScrub(160)) - Background container scrubber has been disabled by hdds.containerscrub.enabled
2019-07-13 20:36:08,311 INFO  ratis.XceiverServerRatis (XceiverServerRatis.java:start(418)) - Starting XceiverServerRatis 43bbb1e3-d8e3-43e7-9a1a-0cd13e6b3848 at port 0
2019-07-13 20:36:08,318 INFO  impl.RaftServerProxy (RaftServerProxy.java:lambda$start$3(299)) - 43bbb1e3-d8e3-43e7-9a1a-0cd13e6b3848: start RPC server
2019-07-13 20:36:08,319 INFO  server.GrpcService (GrpcService.java:startImpl(149)) - 43bbb1e3-d8e3-43e7-9a1a-0cd13e6b3848: GrpcService started, listening on 0.0.0.0/0.0.0.0:43802
2019-07-13 20:36:08,319 INFO  ratis.XceiverServerRatis (XceiverServerRatis.java:start(428)) - XceiverServerRatis 43bbb1e3-d8e3-43e7-9a1a-0cd13e6b3848 is started using port 43802
2019-07-13 20:36:08,319 INFO  server.XceiverServerGrpc (XceiverServerGrpc.java:start(161)) - XceiverServerGrpc 43bbb1e3-d8e3-43e7-9a1a-0cd13e6b3848 is started using port 42164
2019-07-13 20:36:09,299 INFO  ozone.MiniOzoneClusterImpl (MiniOzoneClusterImpl.java:lambda$waitForClusterToBeReady$0(142)) - Waiting for cluster to be ready. Got 0 of 7 DN Heartbeats.
2019-07-13 20:36:09,317 INFO  net.NetworkTopology (NetworkTopologyImpl.java:add(110)) - Added a new node: /default-rack/192.168.5.168
2019-07-13 20:36:09,320 INFO  node.SCMNodeManager (SCMNodeManager.java:register(269)) - Registered Data node : c6c7b2d1-c5af-4dcc-9988-da4b3ff32668{ip: 192.168.5.168, host: trunk-nightly-6qp7m-2461138711, networkLocation: /default-rack, certSerialId: null}
2019-07-13 20:36:09,321 INFO  safemode.SCMSafeModeManager (DataNodeSafeModeRule.java:process(71)) - SCM in safe mode. 1 DataNodes registered, 1 required.
2019-07-13 20:36:09,323 INFO  safemode.SCMSafeModeManager (SCMSafeModeManager.java:validateSafeModeExitRules(177)) - ScmSafeModeManager, all rules are successfully validated
2019-07-13 20:36:09,324 INFO  safemode.SCMSafeModeManager (SCMSafeModeManager.java:exitSafeMode(193)) - SCM exiting safe mode.
2019-07-13 20:36:09,345 INFO  impl.RaftServerProxy (RaftServerProxy.java:addNew(89)) - c6c7b2d1-c5af-4dcc-9988-da4b3ff32668: addNew group-027324E926D5:[c6c7b2d1-c5af-4dcc-9988-da4b3ff32668:192.168.5.168:43966] returns group-027324E926D5:java.util.concurrent.CompletableFuture@25a70519[Not completed]
2019-07-13 20:36:09,346 INFO  impl.RaftServerImpl (RaftServerImpl.java:<init>(93)) - c6c7b2d1-c5af-4dcc-9988-da4b3ff32668: new RaftServerImpl for group-027324E926D5:[c6c7b2d1-c5af-4dcc-9988-da4b3ff32668:192.168.5.168:43966] with ContainerStateMachine:uninitialized
2019-07-13 20:36:09,347 INFO  server.RaftServerConfigKeys (ConfUtils.java:logGet(43)) - raft.server.rpc.timeout.min = 5s (custom)
2019-07-13 20:36:09,347 INFO  server.RaftServerConfigKeys (ConfUtils.java:logGet(43)) - raft.server.rpc.timeout.max = 5200ms (custom)
2019-07-13 20:36:09,347 INFO  server.RaftServerConfigKeys (ConfUtils.java:logGet(43)) - raft.server.rpcslowness.timeout = 120s (custom)
2019-07-13 20:36:09,347 INFO  server.RaftServerConfigKeys (ConfUtils.java:logGet(43)) - raft.server.sleep.deviation.threshold = 300 (default)
2019-07-13 20:36:09,347 INFO  server.RaftServerConfigKeys (ConfUtils.java:logGet(43)) - raft.server.log.appender.install.snapshot.enabled = false (custom)
2019-07-13 20:36:09,347 INFO  impl.RaftServerImpl (ServerState.java:<init>(105)) - c6c7b2d1-c5af-4dcc-9988-da4b3ff32668:group-027324E926D5 ConfigurationManager, init=-1: [c6c7b2d1-c5af-4dcc-9988-da4b3ff32668:192.168.5.168:43966], old=null, confs=<EMPTY_MAP>
2019-07-13 20:36:09,348 INFO  server.RaftServerConfigKeys (ConfUtils.java:logGet(43)) - raft.server.storage.dir = [/tmp/workdir/hadoop-ozone/integration-test/target/test-dir/MiniOzoneClusterImpl-48a0a603-d656-4a4b-8099-b970855239bb/datanode-0/data/ratis] (custom)
2019-07-13 20:36:09,348 INFO  storage.RaftStorageDirectory (RaftStorageDirectory.java:analyzeStorage(246)) - The storage directory /tmp/workdir/hadoop-ozone/integration-test/target/test-dir/MiniOzoneClusterImpl-48a0a603-d656-4a4b-8099-b970855239bb/datanode-0/data/ratis/979cca2c-d013-4f48-a6a7-027324e926d5 does not exist. Creating ...
2019-07-13 20:36:09,361 INFO  storage.RaftStorageDirectory (RaftStorageDirectory.java:tryLock(328)) - Lock on /tmp/workdir/hadoop-ozone/integration-test/target/test-dir/MiniOzoneClusterImpl-48a0a603-d656-4a4b-8099-b970855239bb/datanode-0/data/ratis/979cca2c-d013-4f48-a6a7-027324e926d5/in_use.lock acquired by nodename 32015@trunk-nightly-6qp7m-2461138711
2019-07-13 20:36:09,376 INFO  storage.RaftStorage (RaftStorage.java:format(72)) - Storage directory /tmp/workdir/hadoop-ozone/integration-test/target/test-dir/MiniOzoneClusterImpl-48a0a603-d656-4a4b-8099-b970855239bb/datanode-0/data/ratis/979cca2c-d013-4f48-a6a7-027324e926d5 has been successfully formatted.
2019-07-13 20:36:09,376 INFO  ratis.ContainerStateMachine (ContainerStateMachine.java:loadSnapshot(200)) - The snapshot info is null.Setting the last applied index to:(t:0, i:~)
2019-07-13 20:36:09,377 INFO  server.RaftServerConfigKeys (ConfUtils.java:logGet(43)) - raft.server.leader.election.timeout = 120s (custom)
2019-07-13 20:36:09,377 INFO  server.RaftServerConfigKeys (ConfUtils.java:logGet(43)) - raft.server.log.use.memory = false (default)
2019-07-13 20:36:09,377 INFO  server.RaftServerConfigKeys (ConfUtils.java:logGet(43)) - raft.server.log.purge.gap = 1000000000 (custom)
2019-07-13 20:36:09,377 INFO  server.RaftServerConfigKeys (ConfUtils.java:logGet(43)) - raft.server.log.appender.buffer.byte-limit = 33554432 (custom)
2019-07-13 20:36:09,377 INFO  server.RaftServerConfigKeys (ConfUtils.java:logGet(43)) - raft.server.log.segment.size.max = 1048576 (custom)
2019-07-13 20:36:09,377 INFO  server.RaftServerConfigKeys (ConfUtils.java:logGet(43)) - raft.server.log.segment.cache.num.max = 2 (custom)
2019-07-13 20:36:09,378 INFO  segmented.SegmentedRaftLogWorker (SegmentedRaftLogWorker.java:<init>(172)) - new c6c7b2d1-c5af-4dcc-9988-da4b3ff32668-SegmentedRaftLogWorker:Storage Directory /tmp/workdir/hadoop-ozone/integration-test/target/test-dir/MiniOzoneClusterImpl-48a0a603-d656-4a4b-8099-b970855239bb/datanode-0/data/ratis/979cca2c-d013-4f48-a6a7-027324e926d5 for RaftStorage:Storage Directory /tmp/workdir/hadoop-ozone/integration-test/target/test-dir/MiniOzoneClusterImpl-48a0a603-d656-4a4b-8099-b970855239bb/datanode-0/data/ratis/979cca2c-d013-4f48-a6a7-027324e926d5
2019-07-13 20:36:09,378 INFO  server.RaftServerConfigKeys (ConfUtils.java:logGet(43)) - raft.server.log.queue.byte-limit = 2147483647 (custom)
2019-07-13 20:36:09,378 INFO  server.RaftServerConfigKeys (ConfUtils.java:logGet(43)) - raft.server.log.queue.element-limit = 1024 (custom)
2019-07-13 20:36:09,378 INFO  server.RaftServerConfigKeys (ConfUtils.java:logGet(43)) - raft.server.log.segment.size.max = 1048576 (custom)
2019-07-13 20:36:09,379 INFO  server.RaftServerConfigKeys (ConfUtils.java:logGet(43)) - raft.server.log.preallocated.size = 16384 (custom)
2019-07-13 20:36:09,379 INFO  server.RaftServerConfigKeys (ConfUtils.java:logGet(43)) - raft.server.log.write.buffer.size = 33554432 (custom)
2019-07-13 20:36:09,379 INFO  server.RaftServerConfigKeys (ConfUtils.java:logGet(43)) - raft.server.log.force.sync.num = 128 (default)
2019-07-13 20:36:09,379 INFO  server.RaftServerConfigKeys (ConfUtils.java:logGet(43)) - raft.server.log.statemachine.data.sync = true (default)
2019-07-13 20:36:09,379 INFO  server.RaftServerConfigKeys (ConfUtils.java:logGet(43)) - raft.server.log.statemachine.data.sync.timeout = 10s (default)
2019-07-13 20:36:09,379 INFO  server.RaftServerConfigKeys (ConfUtils.java:logGet(43)) - raft.server.log.statemachine.data.sync.timeout.retry = -1 (default)
2019-07-13 20:36:09,380 INFO  server.RaftServerConfigKeys (ConfUtils.java:logGet(43)) - raft.server.log.statemachine.data.caching.enabled = true (custom)
2019-07-13 20:36:09,380 INFO  segmented.SegmentedRaftLogWorker (SegmentedRaftLogWorker.java:lambda$new$0(132)) - c6c7b2d1-c5af-4dcc-9988-da4b3ff32668-SegmentedRaftLogWorker:Storage Directory /tmp/workdir/hadoop-ozone/integration-test/target/test-dir/MiniOzoneClusterImpl-48a0a603-d656-4a4b-8099-b970855239bb/datanode-0/data/ratis/979cca2c-d013-4f48-a6a7-027324e926d5: flushIndex: setUnconditionally 0 -> -1
2019-07-13 20:36:09,380 INFO  server.RaftServerConfigKeys (ConfUtils.java:logGet(43)) - raft.server.snapshot.auto.trigger.enabled = true (custom)
2019-07-13 20:36:09,381 INFO  server.RaftServerConfigKeys (ConfUtils.java:logGet(43)) - raft.server.snapshot.auto.trigger.threshold = 10000 (custom)
2019-07-13 20:36:09,381 INFO  server.RaftServerConfigKeys (ConfUtils.java:logGet(43)) - raft.server.retrycache.expirytime = 600000ms (custom)
2019-07-13 20:36:09,381 INFO  impl.RaftServerImpl (RaftServerImpl.java:start(180)) - c6c7b2d1-c5af-4dcc-9988-da4b3ff32668: start group-027324E926D5
2019-07-13 20:36:09,381 INFO  impl.RaftServerImpl (RaftServerImpl.java:setRole(171)) - c6c7b2d1-c5af-4dcc-9988-da4b3ff32668:group-027324E926D5 changes role from null to FOLLOWER at term 0 for startAsFollower
2019-07-13 20:36:09,381 INFO  impl.RoleInfo (RoleInfo.java:updateAndGet(143)) - c6c7b2d1-c5af-4dcc-9988-da4b3ff32668: start FollowerState
2019-07-13 20:36:09,383 INFO  util.JmxRegister (JmxRegister.java:tryRegister(44)) - Successfully registered JMX Bean with object name Ratis:service=RaftServer,group=group-027324E926D5,id=c6c7b2d1-c5af-4dcc-9988-da4b3ff32668
2019-07-13 20:36:09,388 INFO  pipeline.PipelineStateManager (PipelineStateManager.java:addPipeline(56)) - Created pipeline Pipeline[ Id: 979cca2c-d013-4f48-a6a7-027324e926d5, Nodes: c6c7b2d1-c5af-4dcc-9988-da4b3ff32668{ip: 192.168.5.168, host: trunk-nightly-6qp7m-2461138711, networkLocation: /default-rack, certSerialId: null}, Type:RATIS, Factor:ONE, State:OPEN]
2019-07-13 20:36:09,476 INFO  node.SCMNodeManager (SCMNodeManager.java:register(269)) - Registered Data node : b300cdca-4c3f-4339-81c3-14529db45052{ip: 192.168.5.168, host: trunk-nightly-6qp7m-2461138711, networkLocation: /default-rack, certSerialId: null}
2019-07-13 20:36:09,483 INFO  impl.RaftServerProxy (RaftServerProxy.java:addNew(89)) - b300cdca-4c3f-4339-81c3-14529db45052: addNew group-5D346F2BD7D7:[b300cdca-4c3f-4339-81c3-14529db45052:192.168.5.168:34007] returns group-5D346F2BD7D7:java.util.concurrent.CompletableFuture@16431a61[Not completed]
2019-07-13 20:36:09,484 INFO  impl.RaftServerImpl (RaftServerImpl.java:<init>(93)) - b300cdca-4c3f-4339-81c3-14529db45052: new RaftServerImpl for group-5D346F2BD7D7:[b300cdca-4c3f-4339-81c3-14529db45052:192.168.5.168:34007] with ContainerStateMachine:uninitialized
2019-07-13 20:36:09,484 INFO  server.RaftServerConfigKeys (ConfUtils.java:logGet(43)) - raft.server.rpc.timeout.min = 5s (custom)
2019-07-13 20:36:09,484 INFO  server.RaftServerConfigKeys (ConfUtils.java:logGet(43)) - raft.server.rpc.timeout.max = 5200ms (custom)
2019-07-13 20:36:09,484 INFO  server.RaftServerConfigKeys (ConfUtils.java:logGet(43)) - raft.server.rpcslowness.timeout = 120s (custom)
2019-07-13 20:36:09,485 INFO  server.RaftServerConfigKeys (ConfUtils.java:logGet(43)) - raft.server.sleep.deviation.threshold = 300 (default)
2019-07-13 20:36:09,485 INFO  server.RaftServerConfigKeys (ConfUtils.java:logGet(43)) - raft.server.log.appender.install.snapshot.enabled = false (custom)
2019-07-13 20:36:09,485 INFO  impl.RaftServerImpl (ServerState.java:<init>(105)) - b300cdca-4c3f-4339-81c3-14529db45052:group-5D346F2BD7D7 ConfigurationManager, init=-1: [b300cdca-4c3f-4339-81c3-14529db45052:192.168.5.168:34007], old=null, confs=<EMPTY_MAP>
2019-07-13 20:36:09,485 INFO  server.RaftServerConfigKeys (ConfUtils.java:logGet(43)) - raft.server.storage.dir = [/tmp/workdir/hadoop-ozone/integration-test/target/test-dir/MiniOzoneClusterImpl-48a0a603-d656-4a4b-8099-b970855239bb/datanode-1/data/ratis] (custom)
2019-07-13 20:36:09,485 INFO  storage.RaftStorageDirectory (RaftStorageDirectory.java:analyzeStorage(246)) - The storage directory /tmp/workdir/hadoop-ozone/integration-test/target/test-dir/MiniOzoneClusterImpl-48a0a603-d656-4a4b-8099-b970855239bb/datanode-1/data/ratis/0bde529f-f2a6-4660-8866-5d346f2bd7d7 does not exist. Creating ...
2019-07-13 20:36:09,500 INFO  storage.RaftStorageDirectory (RaftStorageDirectory.java:tryLock(328)) - Lock on /tmp/workdir/hadoop-ozone/integration-test/target/test-dir/MiniOzoneClusterImpl-48a0a603-d656-4a4b-8099-b970855239bb/datanode-1/data/ratis/0bde529f-f2a6-4660-8866-5d346f2bd7d7/in_use.lock acquired by nodename 32015@trunk-nightly-6qp7m-2461138711
2019-07-13 20:36:09,512 INFO  storage.RaftStorage (RaftStorage.java:format(72)) - Storage directory /tmp/workdir/hadoop-ozone/integration-test/target/test-dir/MiniOzoneClusterImpl-48a0a603-d656-4a4b-8099-b970855239bb/datanode-1/data/ratis/0bde529f-f2a6-4660-8866-5d346f2bd7d7 has been successfully formatted.
2019-07-13 20:36:09,513 INFO  ratis.ContainerStateMachine (ContainerStateMachine.java:loadSnapshot(200)) - The snapshot info is null.Setting the last applied index to:(t:0, i:~)
2019-07-13 20:36:09,513 INFO  server.RaftServerConfigKeys (ConfUtils.java:logGet(43)) - raft.server.leader.election.timeout = 120s (custom)
2019-07-13 20:36:09,513 INFO  server.RaftServerConfigKeys (ConfUtils.java:logGet(43)) - raft.server.log.use.memory = false (default)
2019-07-13 20:36:09,513 INFO  server.RaftServerConfigKeys (ConfUtils.java:logGet(43)) - raft.server.log.purge.gap = 1000000000 (custom)
2019-07-13 20:36:09,513 INFO  server.RaftServerConfigKeys (ConfUtils.java:logGet(43)) - raft.server.log.appender.buffer.byte-limit = 33554432 (custom)
2019-07-13 20:36:09,514 INFO  server.RaftServerConfigKeys (ConfUtils.java:logGet(43)) - raft.server.log.segment.size.max = 1048576 (custom)
2019-07-13 20:36:09,514 INFO  server.RaftServerConfigKeys (ConfUtils.java:logGet(43)) - raft.server.log.segment.cache.num.max = 2 (custom)
2019-07-13 20:36:09,514 INFO  segmented.SegmentedRaftLogWorker (SegmentedRaftLogWorker.java:<init>(172)) - new b300cdca-4c3f-4339-81c3-14529db45052-SegmentedRaftLogWorker:Storage Directory /tmp/workdir/hadoop-ozone/integration-test/target/test-dir/MiniOzoneClusterImpl-48a0a603-d656-4a4b-8099-b970855239bb/datanode-1/data/ratis/0bde529f-f2a6-4660-8866-5d346f2bd7d7 for RaftStorage:Storage Directory /tmp/workdir/hadoop-ozone/integration-test/target/test-dir/MiniOzoneClusterImpl-48a0a603-d656-4a4b-8099-b970855239bb/datanode-1/data/ratis/0bde529f-f2a6-4660-8866-5d346f2bd7d7
2019-07-13 20:36:09,514 INFO  server.RaftServerConfigKeys (ConfUtils.java:logGet(43)) - raft.server.log.queue.byte-limit = 2147483647 (custom)
2019-07-13 20:36:09,514 INFO  server.RaftServerConfigKeys (ConfUtils.java:logGet(43)) - raft.server.log.queue.element-limit = 1024 (custom)
2019-07-13 20:36:09,514 INFO  server.RaftServerConfigKeys (ConfUtils.java:logGet(43)) - raft.server.log.segment.size.max = 1048576 (custom)
2019-07-13 20:36:09,515 INFO  server.RaftServerConfigKeys (ConfUtils.java:logGet(43)) - raft.server.log.preallocated.size = 16384 (custom)
2019-07-13 20:36:09,515 INFO  server.RaftServerConfigKeys (ConfUtils.java:logGet(43)) - raft.server.log.write.buffer.size = 33554432 (custom)
2019-07-13 20:36:09,515 INFO  server.RaftServerConfigKeys (ConfUtils.java:logGet(43)) - raft.server.log.force.sync.num = 128 (default)
2019-07-13 20:36:09,515 INFO  server.RaftServerConfigKeys (ConfUtils.java:logGet(43)) - raft.server.log.statemachine.data.sync = true (default)
2019-07-13 20:36:09,515 INFO  server.RaftServerConfigKeys (ConfUtils.java:logGet(43)) - raft.server.log.statemachine.data.sync.timeout = 10s (default)
2019-07-13 20:36:09,515 INFO  server.RaftServerConfigKeys (ConfUtils.java:logGet(43)) - raft.server.log.statemachine.data.sync.timeout.retry = -1 (default)
2019-07-13 20:36:09,516 INFO  server.RaftServerConfigKeys (ConfUtils.java:logGet(43)) - raft.server.log.statemachine.data.caching.enabled = true (custom)
2019-07-13 20:36:09,516 INFO  segmented.SegmentedRaftLogWorker (SegmentedRaftLogWorker.java:lambda$new$0(132)) - b300cdca-4c3f-4339-81c3-14529db45052-SegmentedRaftLogWorker:Storage Directory /tmp/workdir/hadoop-ozone/integration-test/target/test-dir/MiniOzoneClusterImpl-48a0a603-d656-4a4b-8099-b970855239bb/datanode-1/data/ratis/0bde529f-f2a6-4660-8866-5d346f2bd7d7: flushIndex: setUnconditionally 0 -> -1
2019-07-13 20:36:09,516 INFO  server.RaftServerConfigKeys (ConfUtils.java:logGet(43)) - raft.server.snapshot.auto.trigger.enabled = true (custom)
2019-07-13 20:36:09,516 INFO  server.RaftServerConfigKeys (ConfUtils.java:logGet(43)) - raft.server.snapshot.auto.trigger.threshold = 10000 (custom)
2019-07-13 20:36:09,517 INFO  server.RaftServerConfigKeys (ConfUtils.java:logGet(43)) - raft.server.retrycache.expirytime = 600000ms (custom)
2019-07-13 20:36:09,517 INFO  impl.RaftServerImpl (RaftServerImpl.java:start(180)) - b300cdca-4c3f-4339-81c3-14529db45052: start group-5D346F2BD7D7
2019-07-13 20:36:09,517 INFO  impl.RaftServerImpl (RaftServerImpl.java:setRole(171)) - b300cdca-4c3f-4339-81c3-14529db45052:group-5D346F2BD7D7 changes role from null to FOLLOWER at term 0 for startAsFollower
2019-07-13 20:36:09,517 INFO  impl.RoleInfo (RoleInfo.java:updateAndGet(143)) - b300cdca-4c3f-4339-81c3-14529db45052: start FollowerState
2019-07-13 20:36:09,517 INFO  util.JmxRegister (JmxRegister.java:tryRegister(44)) - Successfully registered JMX Bean with object name Ratis:service=RaftServer,group=group-5D346F2BD7D7,id=b300cdca-4c3f-4339-81c3-14529db45052
2019-07-13 20:36:09,522 INFO  pipeline.PipelineStateManager (PipelineStateManager.java:addPipeline(56)) - Created pipeline Pipeline[ Id: 0bde529f-f2a6-4660-8866-5d346f2bd7d7, Nodes: b300cdca-4c3f-4339-81c3-14529db45052{ip: 192.168.5.168, host: trunk-nightly-6qp7m-2461138711, networkLocation: /default-rack, certSerialId: null}, Type:RATIS, Factor:ONE, State:OPEN]
2019-07-13 20:36:09,639 INFO  node.SCMNodeManager (SCMNodeManager.java:register(269)) - Registered Data node : 5b0d4a84-082a-4cf9-abb4-218c274b1155{ip: 192.168.5.168, host: trunk-nightly-6qp7m-2461138711, networkLocation: /default-rack, certSerialId: null}
2019-07-13 20:36:09,646 INFO  impl.RaftServerProxy (RaftServerProxy.java:addNew(89)) - 5b0d4a84-082a-4cf9-abb4-218c274b1155: addNew group-28A36F599A47:[5b0d4a84-082a-4cf9-abb4-218c274b1155:192.168.5.168:35531] returns group-28A36F599A47:java.util.concurrent.CompletableFuture@23d97291[Not completed]
2019-07-13 20:36:09,647 INFO  impl.RaftServerImpl (RaftServerImpl.java:<init>(93)) - 5b0d4a84-082a-4cf9-abb4-218c274b1155: new RaftServerImpl for group-28A36F599A47:[5b0d4a84-082a-4cf9-abb4-218c274b1155:192.168.5.168:35531] with ContainerStateMachine:uninitialized
2019-07-13 20:36:09,647 INFO  server.RaftServerConfigKeys (ConfUtils.java:logGet(43)) - raft.server.rpc.timeout.min = 5s (custom)
2019-07-13 20:36:09,647 INFO  server.RaftServerConfigKeys (ConfUtils.java:logGet(43)) - raft.server.rpc.timeout.max = 5200ms (custom)
2019-07-13 20:36:09,647 INFO  server.RaftServerConfigKeys (ConfUtils.java:logGet(43)) - raft.server.rpcslowness.timeout = 120s (custom)
2019-07-13 20:36:09,648 INFO  server.RaftServerConfigKeys (ConfUtils.java:logGet(43)) - raft.server.sleep.deviation.threshold = 300 (default)
2019-07-13 20:36:09,648 INFO  server.RaftServerConfigKeys (ConfUtils.java:logGet(43)) - raft.server.log.appender.install.snapshot.enabled = false (custom)
2019-07-13 20:36:09,648 INFO  impl.RaftServerImpl (ServerState.java:<init>(105)) - 5b0d4a84-082a-4cf9-abb4-218c274b1155:group-28A36F599A47 ConfigurationManager, init=-1: [5b0d4a84-082a-4cf9-abb4-218c274b1155:192.168.5.168:35531], old=null, confs=<EMPTY_MAP>
2019-07-13 20:36:09,648 INFO  server.RaftServerConfigKeys (ConfUtils.java:logGet(43)) - raft.server.storage.dir = [/tmp/workdir/hadoop-ozone/integration-test/target/test-dir/MiniOzoneClusterImpl-48a0a603-d656-4a4b-8099-b970855239bb/datanode-2/data/ratis] (custom)
2019-07-13 20:36:09,648 INFO  storage.RaftStorageDirectory (RaftStorageDirectory.java:analyzeStorage(246)) - The storage directory /tmp/workdir/hadoop-ozone/integration-test/target/test-dir/MiniOzoneClusterImpl-48a0a603-d656-4a4b-8099-b970855239bb/datanode-2/data/ratis/a35f85fa-afec-483d-986f-28a36f599a47 does not exist. Creating ...
2019-07-13 20:36:09,661 INFO  storage.RaftStorageDirectory (RaftStorageDirectory.java:tryLock(328)) - Lock on /tmp/workdir/hadoop-ozone/integration-test/target/test-dir/MiniOzoneClusterImpl-48a0a603-d656-4a4b-8099-b970855239bb/datanode-2/data/ratis/a35f85fa-afec-483d-986f-28a36f599a47/in_use.lock acquired by nodename 32015@trunk-nightly-6qp7m-2461138711
2019-07-13 20:36:09,680 INFO  storage.RaftStorage (RaftStorage.java:format(72)) - Storage directory /tmp/workdir/hadoop-ozone/integration-test/target/test-dir/MiniOzoneClusterImpl-48a0a603-d656-4a4b-8099-b970855239bb/datanode-2/data/ratis/a35f85fa-afec-483d-986f-28a36f599a47 has been successfully formatted.
2019-07-13 20:36:09,681 INFO  ratis.ContainerStateMachine (ContainerStateMachine.java:loadSnapshot(200)) - The snapshot info is null.Setting the last applied index to:(t:0, i:~)
2019-07-13 20:36:09,681 INFO  server.RaftServerConfigKeys (ConfUtils.java:logGet(43)) - raft.server.leader.election.timeout = 120s (custom)
2019-07-13 20:36:09,681 INFO  server.RaftServerConfigKeys (ConfUtils.java:logGet(43)) - raft.server.log.use.memory = false (default)
2019-07-13 20:36:09,681 INFO  server.RaftServerConfigKeys (ConfUtils.java:logGet(43)) - raft.server.log.purge.gap = 1000000000 (custom)
2019-07-13 20:36:09,681 INFO  server.RaftServerConfigKeys (ConfUtils.java:logGet(43)) - raft.server.log.appender.buffer.byte-limit = 33554432 (custom)
2019-07-13 20:36:09,681 INFO  server.RaftServerConfigKeys (ConfUtils.java:logGet(43)) - raft.server.log.segment.size.max = 1048576 (custom)
2019-07-13 20:36:09,682 INFO  server.RaftServerConfigKeys (ConfUtils.java:logGet(43)) - raft.server.log.segment.cache.num.max = 2 (custom)
2019-07-13 20:36:09,682 INFO  segmented.SegmentedRaftLogWorker (SegmentedRaftLogWorker.java:<init>(172)) - new 5b0d4a84-082a-4cf9-abb4-218c274b1155-SegmentedRaftLogWorker:Storage Directory /tmp/workdir/hadoop-ozone/integration-test/target/test-dir/MiniOzoneClusterImpl-48a0a603-d656-4a4b-8099-b970855239bb/datanode-2/data/ratis/a35f85fa-afec-483d-986f-28a36f599a47 for RaftStorage:Storage Directory /tmp/workdir/hadoop-ozone/integration-test/target/test-dir/MiniOzoneClusterImpl-48a0a603-d656-4a4b-8099-b970855239bb/datanode-2/data/ratis/a35f85fa-afec-483d-986f-28a36f599a47
2019-07-13 20:36:09,682 INFO  server.RaftServerConfigKeys (ConfUtils.java:logGet(43)) - raft.server.log.queue.byte-limit = 2147483647 (custom)
2019-07-13 20:36:09,682 INFO  server.RaftServerConfigKeys (ConfUtils.java:logGet(43)) - raft.server.log.queue.element-limit = 1024 (custom)
2019-07-13 20:36:09,682 INFO  server.RaftServerConfigKeys (ConfUtils.java:logGet(43)) - raft.server.log.segment.size.max = 1048576 (custom)
2019-07-13 20:36:09,682 INFO  server.RaftServerConfigKeys (ConfUtils.java:logGet(43)) - raft.server.log.preallocated.size = 16384 (custom)
2019-07-13 20:36:09,683 INFO  server.RaftServerConfigKeys (ConfUtils.java:logGet(43)) - raft.server.log.write.buffer.size = 33554432 (custom)
2019-07-13 20:36:09,683 INFO  server.RaftServerConfigKeys (ConfUtils.java:logGet(43)) - raft.server.log.force.sync.num = 128 (default)
2019-07-13 20:36:09,683 INFO  server.RaftServerConfigKeys (ConfUtils.java:logGet(43)) - raft.server.log.statemachine.data.sync = true (default)
2019-07-13 20:36:09,683 INFO  server.RaftServerConfigKeys (ConfUtils.java:logGet(43)) - raft.server.log.statemachine.data.sync.timeout = 10s (default)
2019-07-13 20:36:09,683 INFO  server.RaftServerConfigKeys (ConfUtils.java:logGet(43)) - raft.server.log.statemachine.data.sync.timeout.retry = -1 (default)
2019-07-13 20:36:09,684 INFO  server.RaftServerConfigKeys (ConfUtils.java:logGet(43)) - raft.server.log.statemachine.data.caching.enabled = true (custom)
2019-07-13 20:36:09,684 INFO  segmented.SegmentedRaftLogWorker (SegmentedRaftLogWorker.java:lambda$new$0(132)) - 5b0d4a84-082a-4cf9-abb4-218c274b1155-SegmentedRaftLogWorker:Storage Directory /tmp/workdir/hadoop-ozone/integration-test/target/test-dir/MiniOzoneClusterImpl-48a0a603-d656-4a4b-8099-b970855239bb/datanode-2/data/ratis/a35f85fa-afec-483d-986f-28a36f599a47: flushIndex: setUnconditionally 0 -> -1
2019-07-13 20:36:09,684 INFO  server.RaftServerConfigKeys (ConfUtils.java:logGet(43)) - raft.server.snapshot.auto.trigger.enabled = true (custom)
2019-07-13 20:36:09,684 INFO  server.RaftServerConfigKeys (ConfUtils.java:logGet(43)) - raft.server.snapshot.auto.trigger.threshold = 10000 (custom)
2019-07-13 20:36:09,685 INFO  server.RaftServerConfigKeys (ConfUtils.java:logGet(43)) - raft.server.retrycache.expirytime = 600000ms (custom)
2019-07-13 20:36:09,685 INFO  impl.RaftServerImpl (RaftServerImpl.java:start(180)) - 5b0d4a84-082a-4cf9-abb4-218c274b1155: start group-28A36F599A47
2019-07-13 20:36:09,685 INFO  impl.RaftServerImpl (RaftServerImpl.java:setRole(171)) - 5b0d4a84-082a-4cf9-abb4-218c274b1155:group-28A36F599A47 changes role from null to FOLLOWER at term 0 for startAsFollower
2019-07-13 20:36:09,685 INFO  impl.RoleInfo (RoleInfo.java:updateAndGet(143)) - 5b0d4a84-082a-4cf9-abb4-218c274b1155: start FollowerState
2019-07-13 20:36:09,685 INFO  util.JmxRegister (JmxRegister.java:tryRegister(44)) - Successfully registered JMX Bean with object name Ratis:service=RaftServer,group=group-28A36F599A47,id=5b0d4a84-082a-4cf9-abb4-218c274b1155
2019-07-13 20:36:09,705 INFO  pipeline.PipelineStateManager (PipelineStateManager.java:addPipeline(56)) - Created pipeline Pipeline[ Id: a35f85fa-afec-483d-986f-28a36f599a47, Nodes: 5b0d4a84-082a-4cf9-abb4-218c274b1155{ip: 192.168.5.168, host: trunk-nightly-6qp7m-2461138711, networkLocation: /default-rack, certSerialId: null}, Type:RATIS, Factor:ONE, State:OPEN]
2019-07-13 20:36:09,719 INFO  impl.RaftServerProxy (RaftServerProxy.java:addNew(89)) - c6c7b2d1-c5af-4dcc-9988-da4b3ff32668: addNew group-D9E3D089E5CF:[c6c7b2d1-c5af-4dcc-9988-da4b3ff32668:192.168.5.168:43966, b300cdca-4c3f-4339-81c3-14529db45052:192.168.5.168:34007, 5b0d4a84-082a-4cf9-abb4-218c274b1155:192.168.5.168:35531] returns group-D9E3D089E5CF:java.util.concurrent.CompletableFuture@42a7e925[Not completed]
2019-07-13 20:36:09,719 INFO  impl.RaftServerProxy (RaftServerProxy.java:addNew(89)) - 5b0d4a84-082a-4cf9-abb4-218c274b1155: addNew group-D9E3D089E5CF:[c6c7b2d1-c5af-4dcc-9988-da4b3ff32668:192.168.5.168:43966, b300cdca-4c3f-4339-81c3-14529db45052:192.168.5.168:34007, 5b0d4a84-082a-4cf9-abb4-218c274b1155:192.168.5.168:35531] returns group-D9E3D089E5CF:java.util.concurrent.CompletableFuture@7c1d2cd4[Not completed]
2019-07-13 20:36:09,719 INFO  impl.RaftServerProxy (RaftServerProxy.java:addNew(89)) - b300cdca-4c3f-4339-81c3-14529db45052: addNew group-D9E3D089E5CF:[c6c7b2d1-c5af-4dcc-9988-da4b3ff32668:192.168.5.168:43966, b300cdca-4c3f-4339-81c3-14529db45052:192.168.5.168:34007, 5b0d4a84-082a-4cf9-abb4-218c274b1155:192.168.5.168:35531] returns group-D9E3D089E5CF:java.util.concurrent.CompletableFuture@2c44c1fe[Not completed]
2019-07-13 20:36:09,720 INFO  impl.RaftServerImpl (RaftServerImpl.java:<init>(93)) - c6c7b2d1-c5af-4dcc-9988-da4b3ff32668: new RaftServerImpl for group-D9E3D089E5CF:[c6c7b2d1-c5af-4dcc-9988-da4b3ff32668:192.168.5.168:43966, b300cdca-4c3f-4339-81c3-14529db45052:192.168.5.168:34007, 5b0d4a84-082a-4cf9-abb4-218c274b1155:192.168.5.168:35531] with ContainerStateMachine:uninitialized
2019-07-13 20:36:09,720 INFO  server.RaftServerConfigKeys (ConfUtils.java:logGet(43)) - raft.server.rpc.timeout.min = 5s (custom)
2019-07-13 20:36:09,720 INFO  server.RaftServerConfigKeys (ConfUtils.java:logGet(43)) - raft.server.rpc.timeout.max = 5200ms (custom)
2019-07-13 20:36:09,720 INFO  server.RaftServerConfigKeys (ConfUtils.java:logGet(43)) - raft.server.rpcslowness.timeout = 120s (custom)
2019-07-13 20:36:09,720 INFO  impl.RaftServerImpl (RaftServerImpl.java:<init>(93)) - b300cdca-4c3f-4339-81c3-14529db45052: new RaftServerImpl for group-D9E3D089E5CF:[c6c7b2d1-c5af-4dcc-9988-da4b3ff32668:192.168.5.168:43966, b300cdca-4c3f-4339-81c3-14529db45052:192.168.5.168:34007, 5b0d4a84-082a-4cf9-abb4-218c274b1155:192.168.5.168:35531] with ContainerStateMachine:uninitialized
2019-07-13 20:36:09,720 INFO  server.RaftServerConfigKeys (ConfUtils.java:logGet(43)) - raft.server.sleep.deviation.threshold = 300 (default)
2019-07-13 20:36:09,721 INFO  server.RaftServerConfigKeys (ConfUtils.java:logGet(43)) - raft.server.rpc.timeout.min = 5s (custom)
2019-07-13 20:36:09,721 INFO  server.RaftServerConfigKeys (ConfUtils.java:logGet(43)) - raft.server.log.appender.install.snapshot.enabled = false (custom)
2019-07-13 20:36:09,721 INFO  server.RaftServerConfigKeys (ConfUtils.java:logGet(43)) - raft.server.rpc.timeout.max = 5200ms (custom)
2019-07-13 20:36:09,721 INFO  impl.RaftServerImpl (RaftServerImpl.java:<init>(93)) - 5b0d4a84-082a-4cf9-abb4-218c274b1155: new RaftServerImpl for group-D9E3D089E5CF:[c6c7b2d1-c5af-4dcc-9988-da4b3ff32668:192.168.5.168:43966, b300cdca-4c3f-4339-81c3-14529db45052:192.168.5.168:34007, 5b0d4a84-082a-4cf9-abb4-218c274b1155:192.168.5.168:35531] with ContainerStateMachine:uninitialized
2019-07-13 20:36:09,721 INFO  server.RaftServerConfigKeys (ConfUtils.java:logGet(43)) - raft.server.rpcslowness.timeout = 120s (custom)
2019-07-13 20:36:09,721 INFO  impl.RaftServerImpl (ServerState.java:<init>(105)) - c6c7b2d1-c5af-4dcc-9988-da4b3ff32668:group-D9E3D089E5CF ConfigurationManager, init=-1: [c6c7b2d1-c5af-4dcc-9988-da4b3ff32668:192.168.5.168:43966, b300cdca-4c3f-4339-81c3-14529db45052:192.168.5.168:34007, 5b0d4a84-082a-4cf9-abb4-218c274b1155:192.168.5.168:35531], old=null, confs=<EMPTY_MAP>
2019-07-13 20:36:09,721 INFO  server.RaftServerConfigKeys (ConfUtils.java:logGet(43)) - raft.server.sleep.deviation.threshold = 300 (default)
2019-07-13 20:36:09,722 INFO  server.RaftServerConfigKeys (ConfUtils.java:logGet(43)) - raft.server.log.appender.install.snapshot.enabled = false (custom)
2019-07-13 20:36:09,721 INFO  server.RaftServerConfigKeys (ConfUtils.java:logGet(43)) - raft.server.rpc.timeout.min = 5s (custom)
2019-07-13 20:36:09,722 INFO  impl.RaftServerImpl (ServerState.java:<init>(105)) - b300cdca-4c3f-4339-81c3-14529db45052:group-D9E3D089E5CF ConfigurationManager, init=-1: [c6c7b2d1-c5af-4dcc-9988-da4b3ff32668:192.168.5.168:43966, b300cdca-4c3f-4339-81c3-14529db45052:192.168.5.168:34007, 5b0d4a84-082a-4cf9-abb4-218c274b1155:192.168.5.168:35531], old=null, confs=<EMPTY_MAP>
2019-07-13 20:36:09,722 INFO  server.RaftServerConfigKeys (ConfUtils.java:logGet(43)) - raft.server.storage.dir = [/tmp/workdir/hadoop-ozone/integration-test/target/test-dir/MiniOzoneClusterImpl-48a0a603-d656-4a4b-8099-b970855239bb/datanode-0/data/ratis] (custom)
2019-07-13 20:36:09,722 INFO  server.RaftServerConfigKeys (ConfUtils.java:logGet(43)) - raft.server.storage.dir = [/tmp/workdir/hadoop-ozone/integration-test/target/test-dir/MiniOzoneClusterImpl-48a0a603-d656-4a4b-8099-b970855239bb/datanode-1/data/ratis] (custom)
2019-07-13 20:36:09,722 INFO  server.RaftServerConfigKeys (ConfUtils.java:logGet(43)) - raft.server.rpc.timeout.max = 5200ms (custom)
2019-07-13 20:36:09,722 INFO  storage.RaftStorageDirectory (RaftStorageDirectory.java:analyzeStorage(246)) - The storage directory /tmp/workdir/hadoop-ozone/integration-test/target/test-dir/MiniOzoneClusterImpl-48a0a603-d656-4a4b-8099-b970855239bb/datanode-0/data/ratis/7464763b-ab55-441d-861e-d9e3d089e5cf does not exist. Creating ...
2019-07-13 20:36:09,723 INFO  server.RaftServerConfigKeys (ConfUtils.java:logGet(43)) - raft.server.rpcslowness.timeout = 120s (custom)
2019-07-13 20:36:09,723 INFO  storage.RaftStorageDirectory (RaftStorageDirectory.java:analyzeStorage(246)) - The storage directory /tmp/workdir/hadoop-ozone/integration-test/target/test-dir/MiniOzoneClusterImpl-48a0a603-d656-4a4b-8099-b970855239bb/datanode-1/data/ratis/7464763b-ab55-441d-861e-d9e3d089e5cf does not exist. Creating ...
2019-07-13 20:36:09,723 INFO  server.RaftServerConfigKeys (ConfUtils.java:logGet(43)) - raft.server.sleep.deviation.threshold = 300 (default)
2019-07-13 20:36:09,723 INFO  server.RaftServerConfigKeys (ConfUtils.java:logGet(43)) - raft.server.log.appender.install.snapshot.enabled = false (custom)
2019-07-13 20:36:09,723 INFO  impl.RaftServerImpl (ServerState.java:<init>(105)) - 5b0d4a84-082a-4cf9-abb4-218c274b1155:group-D9E3D089E5CF ConfigurationManager, init=-1: [c6c7b2d1-c5af-4dcc-9988-da4b3ff32668:192.168.5.168:43966, b300cdca-4c3f-4339-81c3-14529db45052:192.168.5.168:34007, 5b0d4a84-082a-4cf9-abb4-218c274b1155:192.168.5.168:35531], old=null, confs=<EMPTY_MAP>
2019-07-13 20:36:09,723 INFO  server.RaftServerConfigKeys (ConfUtils.java:logGet(43)) - raft.server.storage.dir = [/tmp/workdir/hadoop-ozone/integration-test/target/test-dir/MiniOzoneClusterImpl-48a0a603-d656-4a4b-8099-b970855239bb/datanode-2/data/ratis] (custom)
2019-07-13 20:36:09,724 INFO  storage.RaftStorageDirectory (RaftStorageDirectory.java:analyzeStorage(246)) - The storage directory /tmp/workdir/hadoop-ozone/integration-test/target/test-dir/MiniOzoneClusterImpl-48a0a603-d656-4a4b-8099-b970855239bb/datanode-2/data/ratis/7464763b-ab55-441d-861e-d9e3d089e5cf does not exist. Creating ...
2019-07-13 20:36:09,728 INFO  storage.RaftStorageDirectory (RaftStorageDirectory.java:tryLock(328)) - Lock on /tmp/workdir/hadoop-ozone/integration-test/target/test-dir/MiniOzoneClusterImpl-48a0a603-d656-4a4b-8099-b970855239bb/datanode-1/data/ratis/7464763b-ab55-441d-861e-d9e3d089e5cf/in_use.lock acquired by nodename 32015@trunk-nightly-6qp7m-2461138711
2019-07-13 20:36:09,728 INFO  storage.RaftStorageDirectory (RaftStorageDirectory.java:tryLock(328)) - Lock on /tmp/workdir/hadoop-ozone/integration-test/target/test-dir/MiniOzoneClusterImpl-48a0a603-d656-4a4b-8099-b970855239bb/datanode-2/data/ratis/7464763b-ab55-441d-861e-d9e3d089e5cf/in_use.lock acquired by nodename 32015@trunk-nightly-6qp7m-2461138711
2019-07-13 20:36:09,728 INFO  storage.RaftStorageDirectory (RaftStorageDirectory.java:tryLock(328)) - Lock on /tmp/workdir/hadoop-ozone/integration-test/target/test-dir/MiniOzoneClusterImpl-48a0a603-d656-4a4b-8099-b970855239bb/datanode-0/data/ratis/7464763b-ab55-441d-861e-d9e3d089e5cf/in_use.lock acquired by nodename 32015@trunk-nightly-6qp7m-2461138711
2019-07-13 20:36:09,732 INFO  storage.RaftStorage (RaftStorage.java:format(72)) - Storage directory /tmp/workdir/hadoop-ozone/integration-test/target/test-dir/MiniOzoneClusterImpl-48a0a603-d656-4a4b-8099-b970855239bb/datanode-0/data/ratis/7464763b-ab55-441d-861e-d9e3d089e5cf has been successfully formatted.
2019-07-13 20:36:09,732 INFO  storage.RaftStorage (RaftStorage.java:format(72)) - Storage directory /tmp/workdir/hadoop-ozone/integration-test/target/test-dir/MiniOzoneClusterImpl-48a0a603-d656-4a4b-8099-b970855239bb/datanode-1/data/ratis/7464763b-ab55-441d-861e-d9e3d089e5cf has been successfully formatted.
2019-07-13 20:36:09,732 INFO  storage.RaftStorage (RaftStorage.java:format(72)) - Storage directory /tmp/workdir/hadoop-ozone/integration-test/target/test-dir/MiniOzoneClusterImpl-48a0a603-d656-4a4b-8099-b970855239bb/datanode-2/data/ratis/7464763b-ab55-441d-861e-d9e3d089e5cf has been successfully formatted.
2019-07-13 20:36:09,733 INFO  ratis.ContainerStateMachine (ContainerStateMachine.java:loadSnapshot(200)) - The snapshot info is null.Setting the last applied index to:(t:0, i:~)
2019-07-13 20:36:09,733 INFO  ratis.ContainerStateMachine (ContainerStateMachine.java:loadSnapshot(200)) - The snapshot info is null.Setting the last applied index to:(t:0, i:~)
2019-07-13 20:36:09,732 INFO  ratis.ContainerStateMachine (ContainerStateMachine.java:loadSnapshot(200)) - The snapshot info is null.Setting the last applied index to:(t:0, i:~)
2019-07-13 20:36:09,733 INFO  server.RaftServerConfigKeys (ConfUtils.java:logGet(43)) - raft.server.leader.election.timeout = 120s (custom)
2019-07-13 20:36:09,733 INFO  server.RaftServerConfigKeys (ConfUtils.java:logGet(43)) - raft.server.leader.election.timeout = 120s (custom)
2019-07-13 20:36:09,733 INFO  server.RaftServerConfigKeys (ConfUtils.java:logGet(43)) - raft.server.log.use.memory = false (default)
2019-07-13 20:36:09,733 INFO  server.RaftServerConfigKeys (ConfUtils.java:logGet(43)) - raft.server.leader.election.timeout = 120s (custom)
2019-07-13 20:36:09,734 INFO  server.RaftServerConfigKeys (ConfUtils.java:logGet(43)) - raft.server.log.purge.gap = 1000000000 (custom)
2019-07-13 20:36:09,734 INFO  server.RaftServerConfigKeys (ConfUtils.java:logGet(43)) - raft.server.log.appender.buffer.byte-limit = 33554432 (custom)
2019-07-13 20:36:09,734 INFO  server.RaftServerConfigKeys (ConfUtils.java:logGet(43)) - raft.server.log.use.memory = false (default)
2019-07-13 20:36:09,734 INFO  server.RaftServerConfigKeys (ConfUtils.java:logGet(43)) - raft.server.log.segment.size.max = 1048576 (custom)
2019-07-13 20:36:09,734 INFO  server.RaftServerConfigKeys (ConfUtils.java:logGet(43)) - raft.server.log.use.memory = false (default)
2019-07-13 20:36:09,734 INFO  server.RaftServerConfigKeys (ConfUtils.java:logGet(43)) - raft.server.log.segment.cache.num.max = 2 (custom)
2019-07-13 20:36:09,734 INFO  server.RaftServerConfigKeys (ConfUtils.java:logGet(43)) - raft.server.log.purge.gap = 1000000000 (custom)
2019-07-13 20:36:09,735 INFO  segmented.SegmentedRaftLogWorker (SegmentedRaftLogWorker.java:<init>(172)) - new 5b0d4a84-082a-4cf9-abb4-218c274b1155-SegmentedRaftLogWorker:Storage Directory /tmp/workdir/hadoop-ozone/integration-test/target/test-dir/MiniOzoneClusterImpl-48a0a603-d656-4a4b-8099-b970855239bb/datanode-2/data/ratis/7464763b-ab55-441d-861e-d9e3d089e5cf for RaftStorage:Storage Directory /tmp/workdir/hadoop-ozone/integration-test/target/test-dir/MiniOzoneClusterImpl-48a0a603-d656-4a4b-8099-b970855239bb/datanode-2/data/ratis/7464763b-ab55-441d-861e-d9e3d089e5cf
2019-07-13 20:36:09,735 INFO  server.RaftServerConfigKeys (ConfUtils.java:logGet(43)) - raft.server.log.purge.gap = 1000000000 (custom)
2019-07-13 20:36:09,735 INFO  server.RaftServerConfigKeys (ConfUtils.java:logGet(43)) - raft.server.log.queue.byte-limit = 2147483647 (custom)
2019-07-13 20:36:09,735 INFO  server.RaftServerConfigKeys (ConfUtils.java:logGet(43)) - raft.server.log.appender.buffer.byte-limit = 33554432 (custom)
2019-07-13 20:36:09,735 INFO  server.RaftServerConfigKeys (ConfUtils.java:logGet(43)) - raft.server.log.queue.element-limit = 1024 (custom)
2019-07-13 20:36:09,735 INFO  server.RaftServerConfigKeys (ConfUtils.java:logGet(43)) - raft.server.log.appender.buffer.byte-limit = 33554432 (custom)
2019-07-13 20:36:09,736 INFO  server.RaftServerConfigKeys (ConfUtils.java:logGet(43)) - raft.server.log.segment.size.max = 1048576 (custom)
2019-07-13 20:36:09,736 INFO  server.RaftServerConfigKeys (ConfUtils.java:logGet(43)) - raft.server.log.segment.size.max = 1048576 (custom)
2019-07-13 20:36:09,736 INFO  server.RaftServerConfigKeys (ConfUtils.java:logGet(43)) - raft.server.log.preallocated.size = 16384 (custom)
2019-07-13 20:36:09,736 INFO  server.RaftServerConfigKeys (ConfUtils.java:logGet(43)) - raft.server.log.write.buffer.size = 33554432 (custom)
2019-07-13 20:36:09,736 INFO  server.RaftServerConfigKeys (ConfUtils.java:logGet(43)) - raft.server.log.segment.size.max = 1048576 (custom)
2019-07-13 20:36:09,737 INFO  server.RaftServerConfigKeys (ConfUtils.java:logGet(43)) - raft.server.log.force.sync.num = 128 (default)
2019-07-13 20:36:09,736 INFO  server.RaftServerConfigKeys (ConfUtils.java:logGet(43)) - raft.server.log.segment.cache.num.max = 2 (custom)
2019-07-13 20:36:09,737 INFO  server.RaftServerConfigKeys (ConfUtils.java:logGet(43)) - raft.server.log.statemachine.data.sync = true (default)
2019-07-13 20:36:09,737 INFO  server.RaftServerConfigKeys (ConfUtils.java:logGet(43)) - raft.server.log.segment.cache.num.max = 2 (custom)
2019-07-13 20:36:09,737 INFO  server.RaftServerConfigKeys (ConfUtils.java:logGet(43)) - raft.server.log.statemachine.data.sync.timeout = 10s (default)
2019-07-13 20:36:09,737 INFO  segmented.SegmentedRaftLogWorker (SegmentedRaftLogWorker.java:<init>(172)) - new b300cdca-4c3f-4339-81c3-14529db45052-SegmentedRaftLogWorker:Storage Directory /tmp/workdir/hadoop-ozone/integration-test/target/test-dir/MiniOzoneClusterImpl-48a0a603-d656-4a4b-8099-b970855239bb/datanode-1/data/ratis/7464763b-ab55-441d-861e-d9e3d089e5cf for RaftStorage:Storage Directory /tmp/workdir/hadoop-ozone/integration-test/target/test-dir/MiniOzoneClusterImpl-48a0a603-d656-4a4b-8099-b970855239bb/datanode-1/data/ratis/7464763b-ab55-441d-861e-d9e3d089e5cf
2019-07-13 20:36:09,738 INFO  server.RaftServerConfigKeys (ConfUtils.java:logGet(43)) - raft.server.log.statemachine.data.sync.timeout.retry = -1 (default)
2019-07-13 20:36:09,737 INFO  segmented.SegmentedRaftLogWorker (SegmentedRaftLogWorker.java:<init>(172)) - new c6c7b2d1-c5af-4dcc-9988-da4b3ff32668-SegmentedRaftLogWorker:Storage Directory /tmp/workdir/hadoop-ozone/integration-test/target/test-dir/MiniOzoneClusterImpl-48a0a603-d656-4a4b-8099-b970855239bb/datanode-0/data/ratis/7464763b-ab55-441d-861e-d9e3d089e5cf for RaftStorage:Storage Directory /tmp/workdir/hadoop-ozone/integration-test/target/test-dir/MiniOzoneClusterImpl-48a0a603-d656-4a4b-8099-b970855239bb/datanode-0/data/ratis/7464763b-ab55-441d-861e-d9e3d089e5cf
2019-07-13 20:36:09,738 INFO  server.RaftServerConfigKeys (ConfUtils.java:logGet(43)) - raft.server.log.statemachine.data.caching.enabled = true (custom)
2019-07-13 20:36:09,738 INFO  server.RaftServerConfigKeys (ConfUtils.java:logGet(43)) - raft.server.log.queue.byte-limit = 2147483647 (custom)
2019-07-13 20:36:09,738 INFO  server.RaftServerConfigKeys (ConfUtils.java:logGet(43)) - raft.server.log.queue.byte-limit = 2147483647 (custom)
2019-07-13 20:36:09,738 INFO  segmented.SegmentedRaftLogWorker (SegmentedRaftLogWorker.java:lambda$new$0(132)) - 5b0d4a84-082a-4cf9-abb4-218c274b1155-SegmentedRaftLogWorker:Storage Directory /tmp/workdir/hadoop-ozone/integration-test/target/test-dir/MiniOzoneClusterImpl-48a0a603-d656-4a4b-8099-b970855239bb/datanode-2/data/ratis/7464763b-ab55-441d-861e-d9e3d089e5cf: flushIndex: setUnconditionally 0 -> -1
2019-07-13 20:36:09,738 INFO  server.RaftServerConfigKeys (ConfUtils.java:logGet(43)) - raft.server.log.queue.element-limit = 1024 (custom)
2019-07-13 20:36:09,738 INFO  server.RaftServerConfigKeys (ConfUtils.java:logGet(43)) - raft.server.log.queue.element-limit = 1024 (custom)
2019-07-13 20:36:09,739 INFO  server.RaftServerConfigKeys (ConfUtils.java:logGet(43)) - raft.server.snapshot.auto.trigger.enabled = true (custom)
2019-07-13 20:36:09,739 INFO  server.RaftServerConfigKeys (ConfUtils.java:logGet(43)) - raft.server.log.segment.size.max = 1048576 (custom)
2019-07-13 20:36:09,739 INFO  server.RaftServerConfigKeys (ConfUtils.java:logGet(43)) - raft.server.snapshot.auto.trigger.threshold = 10000 (custom)
2019-07-13 20:36:09,739 INFO  server.RaftServerConfigKeys (ConfUtils.java:logGet(43)) - raft.server.log.segment.size.max = 1048576 (custom)
2019-07-13 20:36:09,739 INFO  server.RaftServerConfigKeys (ConfUtils.java:logGet(43)) - raft.server.retrycache.expirytime = 600000ms (custom)
2019-07-13 20:36:09,739 INFO  server.RaftServerConfigKeys (ConfUtils.java:logGet(43)) - raft.server.log.preallocated.size = 16384 (custom)
2019-07-13 20:36:09,740 INFO  impl.RaftServerImpl (RaftServerImpl.java:start(180)) - 5b0d4a84-082a-4cf9-abb4-218c274b1155: start group-D9E3D089E5CF
2019-07-13 20:36:09,740 INFO  server.RaftServerConfigKeys (ConfUtils.java:logGet(43)) - raft.server.log.preallocated.size = 16384 (custom)
2019-07-13 20:36:09,740 INFO  impl.RaftServerImpl (RaftServerImpl.java:setRole(171)) - 5b0d4a84-082a-4cf9-abb4-218c274b1155:group-D9E3D089E5CF changes role from null to FOLLOWER at term 0 for startAsFollower
2019-07-13 20:36:09,740 INFO  server.RaftServerConfigKeys (ConfUtils.java:logGet(43)) - raft.server.log.write.buffer.size = 33554432 (custom)
2019-07-13 20:36:09,740 INFO  impl.RoleInfo (RoleInfo.java:updateAndGet(143)) - 5b0d4a84-082a-4cf9-abb4-218c274b1155: start FollowerState
2019-07-13 20:36:09,740 INFO  server.RaftServerConfigKeys (ConfUtils.java:logGet(43)) - raft.server.log.write.buffer.size = 33554432 (custom)
2019-07-13 20:36:09,740 INFO  server.RaftServerConfigKeys (ConfUtils.java:logGet(43)) - raft.server.log.force.sync.num = 128 (default)
2019-07-13 20:36:09,741 INFO  server.RaftServerConfigKeys (ConfUtils.java:logGet(43)) - raft.server.log.force.sync.num = 128 (default)
2019-07-13 20:36:09,741 INFO  util.JmxRegister (JmxRegister.java:tryRegister(44)) - Successfully registered JMX Bean with object name Ratis:service=RaftServer,group=group-D9E3D089E5CF,id=5b0d4a84-082a-4cf9-abb4-218c274b1155
2019-07-13 20:36:09,741 INFO  server.RaftServerConfigKeys (ConfUtils.java:logGet(43)) - raft.server.log.statemachine.data.sync = true (default)
2019-07-13 20:36:09,741 INFO  server.RaftServerConfigKeys (ConfUtils.java:logGet(43)) - raft.server.log.statemachine.data.sync = true (default)
2019-07-13 20:36:09,741 INFO  server.RaftServerConfigKeys (ConfUtils.java:logGet(43)) - raft.server.log.statemachine.data.sync.timeout = 10s (default)
2019-07-13 20:36:09,741 INFO  server.RaftServerConfigKeys (ConfUtils.java:logGet(43)) - raft.server.log.statemachine.data.sync.timeout = 10s (default)
2019-07-13 20:36:09,742 INFO  server.RaftServerConfigKeys (ConfUtils.java:logGet(43)) - raft.server.log.statemachine.data.sync.timeout.retry = -1 (default)
2019-07-13 20:36:09,742 INFO  server.RaftServerConfigKeys (ConfUtils.java:logGet(43)) - raft.server.log.statemachine.data.sync.timeout.retry = -1 (default)
2019-07-13 20:36:09,742 INFO  server.RaftServerConfigKeys (ConfUtils.java:logGet(43)) - raft.server.log.statemachine.data.caching.enabled = true (custom)
2019-07-13 20:36:09,742 INFO  server.RaftServerConfigKeys (ConfUtils.java:logGet(43)) - raft.server.log.statemachine.data.caching.enabled = true (custom)
2019-07-13 20:36:09,745 INFO  segmented.SegmentedRaftLogWorker (SegmentedRaftLogWorker.java:lambda$new$0(132)) - b300cdca-4c3f-4339-81c3-14529db45052-SegmentedRaftLogWorker:Storage Directory /tmp/workdir/hadoop-ozone/integration-test/target/test-dir/MiniOzoneClusterImpl-48a0a603-d656-4a4b-8099-b970855239bb/datanode-1/data/ratis/7464763b-ab55-441d-861e-d9e3d089e5cf: flushIndex: setUnconditionally 0 -> -1
2019-07-13 20:36:09,745 INFO  segmented.SegmentedRaftLogWorker (SegmentedRaftLogWorker.java:lambda$new$0(132)) - c6c7b2d1-c5af-4dcc-9988-da4b3ff32668-SegmentedRaftLogWorker:Storage Directory /tmp/workdir/hadoop-ozone/integration-test/target/test-dir/MiniOzoneClusterImpl-48a0a603-d656-4a4b-8099-b970855239bb/datanode-0/data/ratis/7464763b-ab55-441d-861e-d9e3d089e5cf: flushIndex: setUnconditionally 0 -> -1
2019-07-13 20:36:09,745 INFO  server.RaftServerConfigKeys (ConfUtils.java:logGet(43)) - raft.server.snapshot.auto.trigger.enabled = true (custom)
2019-07-13 20:36:09,745 INFO  server.RaftServerConfigKeys (ConfUtils.java:logGet(43)) - raft.server.snapshot.auto.trigger.threshold = 10000 (custom)
2019-07-13 20:36:09,745 INFO  server.RaftServerConfigKeys (ConfUtils.java:logGet(43)) - raft.server.snapshot.auto.trigger.enabled = true (custom)
2019-07-13 20:36:09,745 INFO  server.RaftServerConfigKeys (ConfUtils.java:logGet(43)) - raft.server.retrycache.expirytime = 600000ms (custom)
2019-07-13 20:36:09,745 INFO  server.RaftServerConfigKeys (ConfUtils.java:logGet(43)) - raft.server.snapshot.auto.trigger.threshold = 10000 (custom)
2019-07-13 20:36:09,746 INFO  impl.RaftServerImpl (RaftServerImpl.java:start(180)) - b300cdca-4c3f-4339-81c3-14529db45052: start group-D9E3D089E5CF
2019-07-13 20:36:09,746 INFO  server.RaftServerConfigKeys (ConfUtils.java:logGet(43)) - raft.server.retrycache.expirytime = 600000ms (custom)
2019-07-13 20:36:09,746 INFO  impl.RaftServerImpl (RaftServerImpl.java:setRole(171)) - b300cdca-4c3f-4339-81c3-14529db45052:group-D9E3D089E5CF changes role from null to FOLLOWER at term 0 for startAsFollower
2019-07-13 20:36:09,746 INFO  impl.RaftServerImpl (RaftServerImpl.java:start(180)) - c6c7b2d1-c5af-4dcc-9988-da4b3ff32668: start group-D9E3D089E5CF
2019-07-13 20:36:09,746 INFO  impl.RoleInfo (RoleInfo.java:updateAndGet(143)) - b300cdca-4c3f-4339-81c3-14529db45052: start FollowerState
2019-07-13 20:36:09,746 INFO  impl.RaftServerImpl (RaftServerImpl.java:setRole(171)) - c6c7b2d1-c5af-4dcc-9988-da4b3ff32668:group-D9E3D089E5CF changes role from null to FOLLOWER at term 0 for startAsFollower
2019-07-13 20:36:09,746 INFO  impl.RoleInfo (RoleInfo.java:updateAndGet(143)) - c6c7b2d1-c5af-4dcc-9988-da4b3ff32668: start FollowerState
2019-07-13 20:36:09,747 INFO  util.JmxRegister (JmxRegister.java:tryRegister(44)) - Successfully registered JMX Bean with object name Ratis:service=RaftServer,group=group-D9E3D089E5CF,id=c6c7b2d1-c5af-4dcc-9988-da4b3ff32668
2019-07-13 20:36:09,747 INFO  util.JmxRegister (JmxRegister.java:tryRegister(44)) - Successfully registered JMX Bean with object name Ratis:service=RaftServer,group=group-D9E3D089E5CF,id=b300cdca-4c3f-4339-81c3-14529db45052
2019-07-13 20:36:09,752 INFO  pipeline.PipelineStateManager (PipelineStateManager.java:addPipeline(56)) - Created pipeline Pipeline[ Id: 7464763b-ab55-441d-861e-d9e3d089e5cf, Nodes: b300cdca-4c3f-4339-81c3-14529db45052{ip: 192.168.5.168, host: trunk-nightly-6qp7m-2461138711, networkLocation: /default-rack, certSerialId: null}5b0d4a84-082a-4cf9-abb4-218c274b1155{ip: 192.168.5.168, host: trunk-nightly-6qp7m-2461138711, networkLocation: /default-rack, certSerialId: null}c6c7b2d1-c5af-4dcc-9988-da4b3ff32668{ip: 192.168.5.168, host: trunk-nightly-6qp7m-2461138711, networkLocation: /default-rack, certSerialId: null}, Type:RATIS, Factor:THREE, State:OPEN]
2019-07-13 20:36:09,804 INFO  node.SCMNodeManager (SCMNodeManager.java:register(269)) - Registered Data node : 97ec5d92-66e9-452b-868d-25d7b088b941{ip: 192.168.5.168, host: trunk-nightly-6qp7m-2461138711, networkLocation: /default-rack, certSerialId: null}
2019-07-13 20:36:09,814 INFO  impl.RaftServerProxy (RaftServerProxy.java:addNew(89)) - 97ec5d92-66e9-452b-868d-25d7b088b941: addNew group-1EAE80F66EE1:[97ec5d92-66e9-452b-868d-25d7b088b941:192.168.5.168:44391] returns group-1EAE80F66EE1:java.util.concurrent.CompletableFuture@5eb91571[Not completed]
2019-07-13 20:36:09,815 INFO  impl.RaftServerImpl (RaftServerImpl.java:<init>(93)) - 97ec5d92-66e9-452b-868d-25d7b088b941: new RaftServerImpl for group-1EAE80F66EE1:[97ec5d92-66e9-452b-868d-25d7b088b941:192.168.5.168:44391] with ContainerStateMachine:uninitialized
2019-07-13 20:36:09,816 INFO  server.RaftServerConfigKeys (ConfUtils.java:logGet(43)) - raft.server.rpc.timeout.min = 5s (custom)
2019-07-13 20:36:09,816 INFO  server.RaftServerConfigKeys (ConfUtils.java:logGet(43)) - raft.server.rpc.timeout.max = 5200ms (custom)
2019-07-13 20:36:09,816 INFO  server.RaftServerConfigKeys (ConfUtils.java:logGet(43)) - raft.server.rpcslowness.timeout = 120s (custom)
2019-07-13 20:36:09,816 INFO  server.RaftServerConfigKeys (ConfUtils.java:logGet(43)) - raft.server.sleep.deviation.threshold = 300 (default)
2019-07-13 20:36:09,816 INFO  server.RaftServerConfigKeys (ConfUtils.java:logGet(43)) - raft.server.log.appender.install.snapshot.enabled = false (custom)
2019-07-13 20:36:09,816 INFO  impl.RaftServerImpl (ServerState.java:<init>(105)) - 97ec5d92-66e9-452b-868d-25d7b088b941:group-1EAE80F66EE1 ConfigurationManager, init=-1: [97ec5d92-66e9-452b-868d-25d7b088b941:192.168.5.168:44391], old=null, confs=<EMPTY_MAP>
2019-07-13 20:36:09,816 INFO  server.RaftServerConfigKeys (ConfUtils.java:logGet(43)) - raft.server.storage.dir = [/tmp/workdir/hadoop-ozone/integration-test/target/test-dir/MiniOzoneClusterImpl-48a0a603-d656-4a4b-8099-b970855239bb/datanode-3/data/ratis] (custom)
2019-07-13 20:36:09,817 INFO  storage.RaftStorageDirectory (RaftStorageDirectory.java:analyzeStorage(246)) - The storage directory /tmp/workdir/hadoop-ozone/integration-test/target/test-dir/MiniOzoneClusterImpl-48a0a603-d656-4a4b-8099-b970855239bb/datanode-3/data/ratis/5352f80e-06b1-4d94-9ec8-1eae80f66ee1 does not exist. Creating ...
2019-07-13 20:36:09,821 INFO  storage.RaftStorageDirectory (RaftStorageDirectory.java:tryLock(328)) - Lock on /tmp/workdir/hadoop-ozone/integration-test/target/test-dir/MiniOzoneClusterImpl-48a0a603-d656-4a4b-8099-b970855239bb/datanode-3/data/ratis/5352f80e-06b1-4d94-9ec8-1eae80f66ee1/in_use.lock acquired by nodename 32015@trunk-nightly-6qp7m-2461138711
2019-07-13 20:36:09,824 INFO  storage.RaftStorage (RaftStorage.java:format(72)) - Storage directory /tmp/workdir/hadoop-ozone/integration-test/target/test-dir/MiniOzoneClusterImpl-48a0a603-d656-4a4b-8099-b970855239bb/datanode-3/data/ratis/5352f80e-06b1-4d94-9ec8-1eae80f66ee1 has been successfully formatted.
2019-07-13 20:36:09,825 INFO  ratis.ContainerStateMachine (ContainerStateMachine.java:loadSnapshot(200)) - The snapshot info is null.Setting the last applied index to:(t:0, i:~)
2019-07-13 20:36:09,825 INFO  server.RaftServerConfigKeys (ConfUtils.java:logGet(43)) - raft.server.leader.election.timeout = 120s (custom)
2019-07-13 20:36:09,825 INFO  server.RaftServerConfigKeys (ConfUtils.java:logGet(43)) - raft.server.log.use.memory = false (default)
2019-07-13 20:36:09,825 INFO  server.RaftServerConfigKeys (ConfUtils.java:logGet(43)) - raft.server.log.purge.gap = 1000000000 (custom)
2019-07-13 20:36:09,825 INFO  server.RaftServerConfigKeys (ConfUtils.java:logGet(43)) - raft.server.log.appender.buffer.byte-limit = 33554432 (custom)
2019-07-13 20:36:09,825 INFO  server.RaftServerConfigKeys (ConfUtils.java:logGet(43)) - raft.server.log.segment.size.max = 1048576 (custom)
2019-07-13 20:36:09,825 INFO  server.RaftServerConfigKeys (ConfUtils.java:logGet(43)) - raft.server.log.segment.cache.num.max = 2 (custom)
2019-07-13 20:36:09,825 INFO  segmented.SegmentedRaftLogWorker (SegmentedRaftLogWorker.java:<init>(172)) - new 97ec5d92-66e9-452b-868d-25d7b088b941-SegmentedRaftLogWorker:Storage Directory /tmp/workdir/hadoop-ozone/integration-test/target/test-dir/MiniOzoneClusterImpl-48a0a603-d656-4a4b-8099-b970855239bb/datanode-3/data/ratis/5352f80e-06b1-4d94-9ec8-1eae80f66ee1 for RaftStorage:Storage Directory /tmp/workdir/hadoop-ozone/integration-test/target/test-dir/MiniOzoneClusterImpl-48a0a603-d656-4a4b-8099-b970855239bb/datanode-3/data/ratis/5352f80e-06b1-4d94-9ec8-1eae80f66ee1
2019-07-13 20:36:09,826 INFO  server.RaftServerConfigKeys (ConfUtils.java:logGet(43)) - raft.server.log.queue.byte-limit = 2147483647 (custom)
2019-07-13 20:36:09,826 INFO  server.RaftServerConfigKeys (ConfUtils.java:logGet(43)) - raft.server.log.queue.element-limit = 1024 (custom)
2019-07-13 20:36:09,826 INFO  server.RaftServerConfigKeys (ConfUtils.java:logGet(43)) - raft.server.log.segment.size.max = 1048576 (custom)
2019-07-13 20:36:09,826 INFO  server.RaftServerConfigKeys (ConfUtils.java:logGet(43)) - raft.server.log.preallocated.size = 16384 (custom)
2019-07-13 20:36:09,826 INFO  server.RaftServerConfigKeys (ConfUtils.java:logGet(43)) - raft.server.log.write.buffer.size = 33554432 (custom)
2019-07-13 20:36:09,826 INFO  server.RaftServerConfigKeys (ConfUtils.java:logGet(43)) - raft.server.log.force.sync.num = 128 (default)
2019-07-13 20:36:09,826 INFO  server.RaftServerConfigKeys (ConfUtils.java:logGet(43)) - raft.server.log.statemachine.data.sync = true (default)
2019-07-13 20:36:09,827 INFO  server.RaftServerConfigKeys (ConfUtils.java:logGet(43)) - raft.server.log.statemachine.data.sync.timeout = 10s (default)
2019-07-13 20:36:09,827 INFO  server.RaftServerConfigKeys (ConfUtils.java:logGet(43)) - raft.server.log.statemachine.data.sync.timeout.retry = -1 (default)
2019-07-13 20:36:09,827 INFO  server.RaftServerConfigKeys (ConfUtils.java:logGet(43)) - raft.server.log.statemachine.data.caching.enabled = true (custom)
2019-07-13 20:36:09,827 INFO  segmented.SegmentedRaftLogWorker (SegmentedRaftLogWorker.java:lambda$new$0(132)) - 97ec5d92-66e9-452b-868d-25d7b088b941-SegmentedRaftLogWorker:Storage Directory /tmp/workdir/hadoop-ozone/integration-test/target/test-dir/MiniOzoneClusterImpl-48a0a603-d656-4a4b-8099-b970855239bb/datanode-3/data/ratis/5352f80e-06b1-4d94-9ec8-1eae80f66ee1: flushIndex: setUnconditionally 0 -> -1
2019-07-13 20:36:09,828 INFO  server.RaftServerConfigKeys (ConfUtils.java:logGet(43)) - raft.server.snapshot.auto.trigger.enabled = true (custom)
2019-07-13 20:36:09,828 INFO  server.RaftServerConfigKeys (ConfUtils.java:logGet(43)) - raft.server.snapshot.auto.trigger.threshold = 10000 (custom)
2019-07-13 20:36:09,828 INFO  server.RaftServerConfigKeys (ConfUtils.java:logGet(43)) - raft.server.retrycache.expirytime = 600000ms (custom)
2019-07-13 20:36:09,828 INFO  impl.RaftServerImpl (RaftServerImpl.java:start(180)) - 97ec5d92-66e9-452b-868d-25d7b088b941: start group-1EAE80F66EE1
2019-07-13 20:36:09,828 INFO  impl.RaftServerImpl (RaftServerImpl.java:setRole(171)) - 97ec5d92-66e9-452b-868d-25d7b088b941:group-1EAE80F66EE1 changes role from null to FOLLOWER at term 0 for startAsFollower
2019-07-13 20:36:09,828 INFO  impl.RoleInfo (RoleInfo.java:updateAndGet(143)) - 97ec5d92-66e9-452b-868d-25d7b088b941: start FollowerState
2019-07-13 20:36:09,829 INFO  util.JmxRegister (JmxRegister.java:tryRegister(44)) - Successfully registered JMX Bean with object name Ratis:service=RaftServer,group=group-1EAE80F66EE1,id=97ec5d92-66e9-452b-868d-25d7b088b941
2019-07-13 20:36:09,833 INFO  pipeline.PipelineStateManager (PipelineStateManager.java:addPipeline(56)) - Created pipeline Pipeline[ Id: 5352f80e-06b1-4d94-9ec8-1eae80f66ee1, Nodes: 97ec5d92-66e9-452b-868d-25d7b088b941{ip: 192.168.5.168, host: trunk-nightly-6qp7m-2461138711, networkLocation: /default-rack, certSerialId: null}, Type:RATIS, Factor:ONE, State:OPEN]
2019-07-13 20:36:09,973 INFO  node.SCMNodeManager (SCMNodeManager.java:register(269)) - Registered Data node : 5b1afcc0-ccc7-4c94-addb-bd60614cc333{ip: 192.168.5.168, host: trunk-nightly-6qp7m-2461138711, networkLocation: /default-rack, certSerialId: null}
2019-07-13 20:36:09,981 INFO  impl.RaftServerProxy (RaftServerProxy.java:addNew(89)) - 5b1afcc0-ccc7-4c94-addb-bd60614cc333: addNew group-6A92939AF9EF:[5b1afcc0-ccc7-4c94-addb-bd60614cc333:192.168.5.168:39889] returns group-6A92939AF9EF:java.util.concurrent.CompletableFuture@110754e8[Not completed]
2019-07-13 20:36:09,982 INFO  impl.RaftServerImpl (RaftServerImpl.java:<init>(93)) - 5b1afcc0-ccc7-4c94-addb-bd60614cc333: new RaftServerImpl for group-6A92939AF9EF:[5b1afcc0-ccc7-4c94-addb-bd60614cc333:192.168.5.168:39889] with ContainerStateMachine:uninitialized
2019-07-13 20:36:09,982 INFO  server.RaftServerConfigKeys (ConfUtils.java:logGet(43)) - raft.server.rpc.timeout.min = 5s (custom)
2019-07-13 20:36:09,982 INFO  server.RaftServerConfigKeys (ConfUtils.java:logGet(43)) - raft.server.rpc.timeout.max = 5200ms (custom)
2019-07-13 20:36:09,982 INFO  server.RaftServerConfigKeys (ConfUtils.java:logGet(43)) - raft.server.rpcslowness.timeout = 120s (custom)
2019-07-13 20:36:09,982 INFO  server.RaftServerConfigKeys (ConfUtils.java:logGet(43)) - raft.server.sleep.deviation.threshold = 300 (default)
2019-07-13 20:36:09,982 INFO  server.RaftServerConfigKeys (ConfUtils.java:logGet(43)) - raft.server.log.appender.install.snapshot.enabled = false (custom)
2019-07-13 20:36:09,983 INFO  impl.RaftServerImpl (ServerState.java:<init>(105)) - 5b1afcc0-ccc7-4c94-addb-bd60614cc333:group-6A92939AF9EF ConfigurationManager, init=-1: [5b1afcc0-ccc7-4c94-addb-bd60614cc333:192.168.5.168:39889], old=null, confs=<EMPTY_MAP>
2019-07-13 20:36:09,983 INFO  server.RaftServerConfigKeys (ConfUtils.java:logGet(43)) - raft.server.storage.dir = [/tmp/workdir/hadoop-ozone/integration-test/target/test-dir/MiniOzoneClusterImpl-48a0a603-d656-4a4b-8099-b970855239bb/datanode-4/data/ratis] (custom)
2019-07-13 20:36:09,983 INFO  storage.RaftStorageDirectory (RaftStorageDirectory.java:analyzeStorage(246)) - The storage directory /tmp/workdir/hadoop-ozone/integration-test/target/test-dir/MiniOzoneClusterImpl-48a0a603-d656-4a4b-8099-b970855239bb/datanode-4/data/ratis/7e7a5ad9-1cfd-4dee-b4b7-6a92939af9ef does not exist. Creating ...
2019-07-13 20:36:09,995 INFO  storage.RaftStorageDirectory (RaftStorageDirectory.java:tryLock(328)) - Lock on /tmp/workdir/hadoop-ozone/integration-test/target/test-dir/MiniOzoneClusterImpl-48a0a603-d656-4a4b-8099-b970855239bb/datanode-4/data/ratis/7e7a5ad9-1cfd-4dee-b4b7-6a92939af9ef/in_use.lock acquired by nodename 32015@trunk-nightly-6qp7m-2461138711
2019-07-13 20:36:10,004 INFO  storage.RaftStorage (RaftStorage.java:format(72)) - Storage directory /tmp/workdir/hadoop-ozone/integration-test/target/test-dir/MiniOzoneClusterImpl-48a0a603-d656-4a4b-8099-b970855239bb/datanode-4/data/ratis/7e7a5ad9-1cfd-4dee-b4b7-6a92939af9ef has been successfully formatted.
2019-07-13 20:36:10,004 INFO  ratis.ContainerStateMachine (ContainerStateMachine.java:loadSnapshot(200)) - The snapshot info is null.Setting the last applied index to:(t:0, i:~)
2019-07-13 20:36:10,005 INFO  server.RaftServerConfigKeys (ConfUtils.java:logGet(43)) - raft.server.leader.election.timeout = 120s (custom)
2019-07-13 20:36:10,005 INFO  server.RaftServerConfigKeys (ConfUtils.java:logGet(43)) - raft.server.log.use.memory = false (default)
2019-07-13 20:36:10,005 INFO  server.RaftServerConfigKeys (ConfUtils.java:logGet(43)) - raft.server.log.purge.gap = 1000000000 (custom)
2019-07-13 20:36:10,005 INFO  server.RaftServerConfigKeys (ConfUtils.java:logGet(43)) - raft.server.log.appender.buffer.byte-limit = 33554432 (custom)
2019-07-13 20:36:10,005 INFO  server.RaftServerConfigKeys (ConfUtils.java:logGet(43)) - raft.server.log.segment.size.max = 1048576 (custom)
2019-07-13 20:36:10,005 INFO  server.RaftServerConfigKeys (ConfUtils.java:logGet(43)) - raft.server.log.segment.cache.num.max = 2 (custom)
2019-07-13 20:36:10,005 INFO  segmented.SegmentedRaftLogWorker (SegmentedRaftLogWorker.java:<init>(172)) - new 5b1afcc0-ccc7-4c94-addb-bd60614cc333-SegmentedRaftLogWorker:Storage Directory /tmp/workdir/hadoop-ozone/integration-test/target/test-dir/MiniOzoneClusterImpl-48a0a603-d656-4a4b-8099-b970855239bb/datanode-4/data/ratis/7e7a5ad9-1cfd-4dee-b4b7-6a92939af9ef for RaftStorage:Storage Directory /tmp/workdir/hadoop-ozone/integration-test/target/test-dir/MiniOzoneClusterImpl-48a0a603-d656-4a4b-8099-b970855239bb/datanode-4/data/ratis/7e7a5ad9-1cfd-4dee-b4b7-6a92939af9ef
2019-07-13 20:36:10,006 INFO  server.RaftServerConfigKeys (ConfUtils.java:logGet(43)) - raft.server.log.queue.byte-limit = 2147483647 (custom)
2019-07-13 20:36:10,006 INFO  server.RaftServerConfigKeys (ConfUtils.java:logGet(43)) - raft.server.log.queue.element-limit = 1024 (custom)
2019-07-13 20:36:10,006 INFO  server.RaftServerConfigKeys (ConfUtils.java:logGet(43)) - raft.server.log.segment.size.max = 1048576 (custom)
2019-07-13 20:36:10,006 INFO  server.RaftServerConfigKeys (ConfUtils.java:logGet(43)) - raft.server.log.preallocated.size = 16384 (custom)
2019-07-13 20:36:10,006 INFO  server.RaftServerConfigKeys (ConfUtils.java:logGet(43)) - raft.server.log.write.buffer.size = 33554432 (custom)
2019-07-13 20:36:10,006 INFO  server.RaftServerConfigKeys (ConfUtils.java:logGet(43)) - raft.server.log.force.sync.num = 128 (default)
2019-07-13 20:36:10,007 INFO  server.RaftServerConfigKeys (ConfUtils.java:logGet(43)) - raft.server.log.statemachine.data.sync = true (default)
2019-07-13 20:36:10,007 INFO  server.RaftServerConfigKeys (ConfUtils.java:logGet(43)) - raft.server.log.statemachine.data.sync.timeout = 10s (default)
2019-07-13 20:36:10,007 INFO  server.RaftServerConfigKeys (ConfUtils.java:logGet(43)) - raft.server.log.statemachine.data.sync.timeout.retry = -1 (default)
2019-07-13 20:36:10,007 INFO  server.RaftServerConfigKeys (ConfUtils.java:logGet(43)) - raft.server.log.statemachine.data.caching.enabled = true (custom)
2019-07-13 20:36:10,008 INFO  segmented.SegmentedRaftLogWorker (SegmentedRaftLogWorker.java:lambda$new$0(132)) - 5b1afcc0-ccc7-4c94-addb-bd60614cc333-SegmentedRaftLogWorker:Storage Directory /tmp/workdir/hadoop-ozone/integration-test/target/test-dir/MiniOzoneClusterImpl-48a0a603-d656-4a4b-8099-b970855239bb/datanode-4/data/ratis/7e7a5ad9-1cfd-4dee-b4b7-6a92939af9ef: flushIndex: setUnconditionally 0 -> -1
2019-07-13 20:36:10,008 INFO  server.RaftServerConfigKeys (ConfUtils.java:logGet(43)) - raft.server.snapshot.auto.trigger.enabled = true (custom)
2019-07-13 20:36:10,008 INFO  server.RaftServerConfigKeys (ConfUtils.java:logGet(43)) - raft.server.snapshot.auto.trigger.threshold = 10000 (custom)
2019-07-13 20:36:10,008 INFO  server.RaftServerConfigKeys (ConfUtils.java:logGet(43)) - raft.server.retrycache.expirytime = 600000ms (custom)
2019-07-13 20:36:10,008 INFO  impl.RaftServerImpl (RaftServerImpl.java:start(180)) - 5b1afcc0-ccc7-4c94-addb-bd60614cc333: start group-6A92939AF9EF
2019-07-13 20:36:10,009 INFO  impl.RaftServerImpl (RaftServerImpl.java:setRole(171)) - 5b1afcc0-ccc7-4c94-addb-bd60614cc333:group-6A92939AF9EF changes role from null to FOLLOWER at term 0 for startAsFollower
2019-07-13 20:36:10,009 INFO  impl.RoleInfo (RoleInfo.java:updateAndGet(143)) - 5b1afcc0-ccc7-4c94-addb-bd60614cc333: start FollowerState
2019-07-13 20:36:10,009 INFO  util.JmxRegister (JmxRegister.java:tryRegister(44)) - Successfully registered JMX Bean with object name Ratis:service=RaftServer,group=group-6A92939AF9EF,id=5b1afcc0-ccc7-4c94-addb-bd60614cc333
2019-07-13 20:36:10,014 INFO  pipeline.PipelineStateManager (PipelineStateManager.java:addPipeline(56)) - Created pipeline Pipeline[ Id: 7e7a5ad9-1cfd-4dee-b4b7-6a92939af9ef, Nodes: 5b1afcc0-ccc7-4c94-addb-bd60614cc333{ip: 192.168.5.168, host: trunk-nightly-6qp7m-2461138711, networkLocation: /default-rack, certSerialId: null}, Type:RATIS, Factor:ONE, State:OPEN]
2019-07-13 20:36:10,138 INFO  node.SCMNodeManager (SCMNodeManager.java:register(269)) - Registered Data node : aca216f7-8a74-4471-98d0-6caf821f75e2{ip: 192.168.5.168, host: trunk-nightly-6qp7m-2461138711, networkLocation: /default-rack, certSerialId: null}
2019-07-13 20:36:10,147 INFO  impl.RaftServerProxy (RaftServerProxy.java:addNew(89)) - aca216f7-8a74-4471-98d0-6caf821f75e2: addNew group-C148C60C849D:[aca216f7-8a74-4471-98d0-6caf821f75e2:192.168.5.168:36617] returns group-C148C60C849D:java.util.concurrent.CompletableFuture@720106fb[Not completed]
2019-07-13 20:36:10,148 INFO  impl.RaftServerImpl (RaftServerImpl.java:<init>(93)) - aca216f7-8a74-4471-98d0-6caf821f75e2: new RaftServerImpl for group-C148C60C849D:[aca216f7-8a74-4471-98d0-6caf821f75e2:192.168.5.168:36617] with ContainerStateMachine:uninitialized
2019-07-13 20:36:10,149 INFO  server.RaftServerConfigKeys (ConfUtils.java:logGet(43)) - raft.server.rpc.timeout.min = 5s (custom)
2019-07-13 20:36:10,149 INFO  server.RaftServerConfigKeys (ConfUtils.java:logGet(43)) - raft.server.rpc.timeout.max = 5200ms (custom)
2019-07-13 20:36:10,149 INFO  server.RaftServerConfigKeys (ConfUtils.java:logGet(43)) - raft.server.rpcslowness.timeout = 120s (custom)
2019-07-13 20:36:10,149 INFO  server.RaftServerConfigKeys (ConfUtils.java:logGet(43)) - raft.server.sleep.deviation.threshold = 300 (default)
2019-07-13 20:36:10,149 INFO  server.RaftServerConfigKeys (ConfUtils.java:logGet(43)) - raft.server.log.appender.install.snapshot.enabled = false (custom)
2019-07-13 20:36:10,149 INFO  impl.RaftServerImpl (ServerState.java:<init>(105)) - aca216f7-8a74-4471-98d0-6caf821f75e2:group-C148C60C849D ConfigurationManager, init=-1: [aca216f7-8a74-4471-98d0-6caf821f75e2:192.168.5.168:36617], old=null, confs=<EMPTY_MAP>
2019-07-13 20:36:10,149 INFO  server.RaftServerConfigKeys (ConfUtils.java:logGet(43)) - raft.server.storage.dir = [/tmp/workdir/hadoop-ozone/integration-test/target/test-dir/MiniOzoneClusterImpl-48a0a603-d656-4a4b-8099-b970855239bb/datanode-5/data/ratis] (custom)
2019-07-13 20:36:10,150 INFO  storage.RaftStorageDirectory (RaftStorageDirectory.java:analyzeStorage(246)) - The storage directory /tmp/workdir/hadoop-ozone/integration-test/target/test-dir/MiniOzoneClusterImpl-48a0a603-d656-4a4b-8099-b970855239bb/datanode-5/data/ratis/822b6f07-68d2-46a2-b445-c148c60c849d does not exist. Creating ...
2019-07-13 20:36:10,157 INFO  storage.RaftStorageDirectory (RaftStorageDirectory.java:tryLock(328)) - Lock on /tmp/workdir/hadoop-ozone/integration-test/target/test-dir/MiniOzoneClusterImpl-48a0a603-d656-4a4b-8099-b970855239bb/datanode-5/data/ratis/822b6f07-68d2-46a2-b445-c148c60c849d/in_use.lock acquired by nodename 32015@trunk-nightly-6qp7m-2461138711
2019-07-13 20:36:10,161 INFO  storage.RaftStorage (RaftStorage.java:format(72)) - Storage directory /tmp/workdir/hadoop-ozone/integration-test/target/test-dir/MiniOzoneClusterImpl-48a0a603-d656-4a4b-8099-b970855239bb/datanode-5/data/ratis/822b6f07-68d2-46a2-b445-c148c60c849d has been successfully formatted.
2019-07-13 20:36:10,161 INFO  ratis.ContainerStateMachine (ContainerStateMachine.java:loadSnapshot(200)) - The snapshot info is null.Setting the last applied index to:(t:0, i:~)
2019-07-13 20:36:10,161 INFO  server.RaftServerConfigKeys (ConfUtils.java:logGet(43)) - raft.server.leader.election.timeout = 120s (custom)
2019-07-13 20:36:10,161 INFO  server.RaftServerConfigKeys (ConfUtils.java:logGet(43)) - raft.server.log.use.memory = false (default)
2019-07-13 20:36:10,162 INFO  server.RaftServerConfigKeys (ConfUtils.java:logGet(43)) - raft.server.log.purge.gap = 1000000000 (custom)
2019-07-13 20:36:10,162 INFO  server.RaftServerConfigKeys (ConfUtils.java:logGet(43)) - raft.server.log.appender.buffer.byte-limit = 33554432 (custom)
2019-07-13 20:36:10,162 INFO  server.RaftServerConfigKeys (ConfUtils.java:logGet(43)) - raft.server.log.segment.size.max = 1048576 (custom)
2019-07-13 20:36:10,162 INFO  server.RaftServerConfigKeys (ConfUtils.java:logGet(43)) - raft.server.log.segment.cache.num.max = 2 (custom)
2019-07-13 20:36:10,162 INFO  segmented.SegmentedRaftLogWorker (SegmentedRaftLogWorker.java:<init>(172)) - new aca216f7-8a74-4471-98d0-6caf821f75e2-SegmentedRaftLogWorker:Storage Directory /tmp/workdir/hadoop-ozone/integration-test/target/test-dir/MiniOzoneClusterImpl-48a0a603-d656-4a4b-8099-b970855239bb/datanode-5/data/ratis/822b6f07-68d2-46a2-b445-c148c60c849d for RaftStorage:Storage Directory /tmp/workdir/hadoop-ozone/integration-test/target/test-dir/MiniOzoneClusterImpl-48a0a603-d656-4a4b-8099-b970855239bb/datanode-5/data/ratis/822b6f07-68d2-46a2-b445-c148c60c849d
2019-07-13 20:36:10,162 INFO  server.RaftServerConfigKeys (ConfUtils.java:logGet(43)) - raft.server.log.queue.byte-limit = 2147483647 (custom)
2019-07-13 20:36:10,163 INFO  server.RaftServerConfigKeys (ConfUtils.java:logGet(43)) - raft.server.log.queue.element-limit = 1024 (custom)
2019-07-13 20:36:10,163 INFO  server.RaftServerConfigKeys (ConfUtils.java:logGet(43)) - raft.server.log.segment.size.max = 1048576 (custom)
2019-07-13 20:36:10,163 INFO  server.RaftServerConfigKeys (ConfUtils.java:logGet(43)) - raft.server.log.preallocated.size = 16384 (custom)
2019-07-13 20:36:10,163 INFO  server.RaftServerConfigKeys (ConfUtils.java:logGet(43)) - raft.server.log.write.buffer.size = 33554432 (custom)
2019-07-13 20:36:10,163 INFO  server.RaftServerConfigKeys (ConfUtils.java:logGet(43)) - raft.server.log.force.sync.num = 128 (default)
2019-07-13 20:36:10,163 INFO  server.RaftServerConfigKeys (ConfUtils.java:logGet(43)) - raft.server.log.statemachine.data.sync = true (default)
2019-07-13 20:36:10,164 INFO  server.RaftServerConfigKeys (ConfUtils.java:logGet(43)) - raft.server.log.statemachine.data.sync.timeout = 10s (default)
2019-07-13 20:36:10,164 INFO  server.RaftServerConfigKeys (ConfUtils.java:logGet(43)) - raft.server.log.statemachine.data.sync.timeout.retry = -1 (default)
2019-07-13 20:36:10,164 INFO  server.RaftServerConfigKeys (ConfUtils.java:logGet(43)) - raft.server.log.statemachine.data.caching.enabled = true (custom)
2019-07-13 20:36:10,164 INFO  segmented.SegmentedRaftLogWorker (SegmentedRaftLogWorker.java:lambda$new$0(132)) - aca216f7-8a74-4471-98d0-6caf821f75e2-SegmentedRaftLogWorker:Storage Directory /tmp/workdir/hadoop-ozone/integration-test/target/test-dir/MiniOzoneClusterImpl-48a0a603-d656-4a4b-8099-b970855239bb/datanode-5/data/ratis/822b6f07-68d2-46a2-b445-c148c60c849d: flushIndex: setUnconditionally 0 -> -1
2019-07-13 20:36:10,165 INFO  server.RaftServerConfigKeys (ConfUtils.java:logGet(43)) - raft.server.snapshot.auto.trigger.enabled = true (custom)
2019-07-13 20:36:10,165 INFO  server.RaftServerConfigKeys (ConfUtils.java:logGet(43)) - raft.server.snapshot.auto.trigger.threshold = 10000 (custom)
2019-07-13 20:36:10,165 INFO  server.RaftServerConfigKeys (ConfUtils.java:logGet(43)) - raft.server.retrycache.expirytime = 600000ms (custom)
2019-07-13 20:36:10,165 INFO  impl.RaftServerImpl (RaftServerImpl.java:start(180)) - aca216f7-8a74-4471-98d0-6caf821f75e2: start group-C148C60C849D
2019-07-13 20:36:10,165 INFO  impl.RaftServerImpl (RaftServerImpl.java:setRole(171)) - aca216f7-8a74-4471-98d0-6caf821f75e2:group-C148C60C849D changes role from null to FOLLOWER at term 0 for startAsFollower
2019-07-13 20:36:10,166 INFO  impl.RoleInfo (RoleInfo.java:updateAndGet(143)) - aca216f7-8a74-4471-98d0-6caf821f75e2: start FollowerState
2019-07-13 20:36:10,166 INFO  util.JmxRegister (JmxRegister.java:tryRegister(44)) - Successfully registered JMX Bean with object name Ratis:service=RaftServer,group=group-C148C60C849D,id=aca216f7-8a74-4471-98d0-6caf821f75e2
2019-07-13 20:36:10,171 INFO  pipeline.PipelineStateManager (PipelineStateManager.java:addPipeline(56)) - Created pipeline Pipeline[ Id: 822b6f07-68d2-46a2-b445-c148c60c849d, Nodes: aca216f7-8a74-4471-98d0-6caf821f75e2{ip: 192.168.5.168, host: trunk-nightly-6qp7m-2461138711, networkLocation: /default-rack, certSerialId: null}, Type:RATIS, Factor:ONE, State:OPEN]
2019-07-13 20:36:10,184 INFO  impl.RaftServerProxy (RaftServerProxy.java:addNew(89)) - aca216f7-8a74-4471-98d0-6caf821f75e2: addNew group-5F514C095CB9:[aca216f7-8a74-4471-98d0-6caf821f75e2:192.168.5.168:36617, 97ec5d92-66e9-452b-868d-25d7b088b941:192.168.5.168:44391, 5b1afcc0-ccc7-4c94-addb-bd60614cc333:192.168.5.168:39889] returns group-5F514C095CB9:java.util.concurrent.CompletableFuture@4752c0e[Not completed]
2019-07-13 20:36:10,184 INFO  impl.RaftServerProxy (RaftServerProxy.java:addNew(89)) - 97ec5d92-66e9-452b-868d-25d7b088b941: addNew group-5F514C095CB9:[aca216f7-8a74-4471-98d0-6caf821f75e2:192.168.5.168:36617, 97ec5d92-66e9-452b-868d-25d7b088b941:192.168.5.168:44391, 5b1afcc0-ccc7-4c94-addb-bd60614cc333:192.168.5.168:39889] returns group-5F514C095CB9:java.util.concurrent.CompletableFuture@6f503cf4[Not completed]
2019-07-13 20:36:10,184 INFO  impl.RaftServerProxy (RaftServerProxy.java:addNew(89)) - 5b1afcc0-ccc7-4c94-addb-bd60614cc333: addNew group-5F514C095CB9:[aca216f7-8a74-4471-98d0-6caf821f75e2:192.168.5.168:36617, 97ec5d92-66e9-452b-868d-25d7b088b941:192.168.5.168:44391, 5b1afcc0-ccc7-4c94-addb-bd60614cc333:192.168.5.168:39889] returns group-5F514C095CB9:java.util.concurrent.CompletableFuture@405904ab[Not completed]
2019-07-13 20:36:10,185 INFO  impl.RaftServerImpl (RaftServerImpl.java:<init>(93)) - 5b1afcc0-ccc7-4c94-addb-bd60614cc333: new RaftServerImpl for group-5F514C095CB9:[aca216f7-8a74-4471-98d0-6caf821f75e2:192.168.5.168:36617, 97ec5d92-66e9-452b-868d-25d7b088b941:192.168.5.168:44391, 5b1afcc0-ccc7-4c94-addb-bd60614cc333:192.168.5.168:39889] with ContainerStateMachine:uninitialized
2019-07-13 20:36:10,185 INFO  server.RaftServerConfigKeys (ConfUtils.java:logGet(43)) - raft.server.rpc.timeout.min = 5s (custom)
2019-07-13 20:36:10,185 INFO  server.RaftServerConfigKeys (ConfUtils.java:logGet(43)) - raft.server.rpc.timeout.max = 5200ms (custom)
2019-07-13 20:36:10,186 INFO  server.RaftServerConfigKeys (ConfUtils.java:logGet(43)) - raft.server.rpcslowness.timeout = 120s (custom)
2019-07-13 20:36:10,186 INFO  impl.RaftServerImpl (RaftServerImpl.java:<init>(93)) - aca216f7-8a74-4471-98d0-6caf821f75e2: new RaftServerImpl for group-5F514C095CB9:[aca216f7-8a74-4471-98d0-6caf821f75e2:192.168.5.168:36617, 97ec5d92-66e9-452b-868d-25d7b088b941:192.168.5.168:44391, 5b1afcc0-ccc7-4c94-addb-bd60614cc333:192.168.5.168:39889] with ContainerStateMachine:uninitialized
2019-07-13 20:36:10,186 INFO  server.RaftServerConfigKeys (ConfUtils.java:logGet(43)) - raft.server.rpc.timeout.min = 5s (custom)
2019-07-13 20:36:10,186 INFO  server.RaftServerConfigKeys (ConfUtils.java:logGet(43)) - raft.server.rpc.timeout.max = 5200ms (custom)
2019-07-13 20:36:10,186 INFO  server.RaftServerConfigKeys (ConfUtils.java:logGet(43)) - raft.server.rpcslowness.timeout = 120s (custom)
2019-07-13 20:36:10,186 INFO  impl.RaftServerImpl (RaftServerImpl.java:<init>(93)) - 97ec5d92-66e9-452b-868d-25d7b088b941: new RaftServerImpl for group-5F514C095CB9:[aca216f7-8a74-4471-98d0-6caf821f75e2:192.168.5.168:36617, 97ec5d92-66e9-452b-868d-25d7b088b941:192.168.5.168:44391, 5b1afcc0-ccc7-4c94-addb-bd60614cc333:192.168.5.168:39889] with ContainerStateMachine:uninitialized
2019-07-13 20:36:10,187 INFO  server.RaftServerConfigKeys (ConfUtils.java:logGet(43)) - raft.server.rpc.timeout.min = 5s (custom)
2019-07-13 20:36:10,187 INFO  server.RaftServerConfigKeys (ConfUtils.java:logGet(43)) - raft.server.sleep.deviation.threshold = 300 (default)
2019-07-13 20:36:10,187 INFO  server.RaftServerConfigKeys (ConfUtils.java:logGet(43)) - raft.server.sleep.deviation.threshold = 300 (default)
2019-07-13 20:36:10,187 INFO  server.RaftServerConfigKeys (ConfUtils.java:logGet(43)) - raft.server.rpc.timeout.max = 5200ms (custom)
2019-07-13 20:36:10,187 INFO  server.RaftServerConfigKeys (ConfUtils.java:logGet(43)) - raft.server.log.appender.install.snapshot.enabled = false (custom)
2019-07-13 20:36:10,187 INFO  server.RaftServerConfigKeys (ConfUtils.java:logGet(43)) - raft.server.log.appender.install.snapshot.enabled = false (custom)
2019-07-13 20:36:10,187 INFO  impl.RaftServerImpl (ServerState.java:<init>(105)) - 5b1afcc0-ccc7-4c94-addb-bd60614cc333:group-5F514C095CB9 ConfigurationManager, init=-1: [aca216f7-8a74-4471-98d0-6caf821f75e2:192.168.5.168:36617, 97ec5d92-66e9-452b-868d-25d7b088b941:192.168.5.168:44391, 5b1afcc0-ccc7-4c94-addb-bd60614cc333:192.168.5.168:39889], old=null, confs=<EMPTY_MAP>
2019-07-13 20:36:10,187 INFO  server.RaftServerConfigKeys (ConfUtils.java:logGet(43)) - raft.server.rpcslowness.timeout = 120s (custom)
2019-07-13 20:36:10,188 INFO  server.RaftServerConfigKeys (ConfUtils.java:logGet(43)) - raft.server.storage.dir = [/tmp/workdir/hadoop-ozone/integration-test/target/test-dir/MiniOzoneClusterImpl-48a0a603-d656-4a4b-8099-b970855239bb/datanode-4/data/ratis] (custom)
2019-07-13 20:36:10,187 INFO  impl.RaftServerImpl (ServerState.java:<init>(105)) - aca216f7-8a74-4471-98d0-6caf821f75e2:group-5F514C095CB9 ConfigurationManager, init=-1: [aca216f7-8a74-4471-98d0-6caf821f75e2:192.168.5.168:36617, 97ec5d92-66e9-452b-868d-25d7b088b941:192.168.5.168:44391, 5b1afcc0-ccc7-4c94-addb-bd60614cc333:192.168.5.168:39889], old=null, confs=<EMPTY_MAP>
2019-07-13 20:36:10,188 INFO  server.RaftServerConfigKeys (ConfUtils.java:logGet(43)) - raft.server.sleep.deviation.threshold = 300 (default)
2019-07-13 20:36:10,188 INFO  storage.RaftStorageDirectory (RaftStorageDirectory.java:analyzeStorage(246)) - The storage directory /tmp/workdir/hadoop-ozone/integration-test/target/test-dir/MiniOzoneClusterImpl-48a0a603-d656-4a4b-8099-b970855239bb/datanode-4/data/ratis/a1e574df-02cd-406c-849a-5f514c095cb9 does not exist. Creating ...
2019-07-13 20:36:10,188 INFO  server.RaftServerConfigKeys (ConfUtils.java:logGet(43)) - raft.server.storage.dir = [/tmp/workdir/hadoop-ozone/integration-test/target/test-dir/MiniOzoneClusterImpl-48a0a603-d656-4a4b-8099-b970855239bb/datanode-5/data/ratis] (custom)
2019-07-13 20:36:10,188 INFO  server.RaftServerConfigKeys (ConfUtils.java:logGet(43)) - raft.server.log.appender.install.snapshot.enabled = false (custom)
2019-07-13 20:36:10,189 INFO  impl.RaftServerImpl (ServerState.java:<init>(105)) - 97ec5d92-66e9-452b-868d-25d7b088b941:group-5F514C095CB9 ConfigurationManager, init=-1: [aca216f7-8a74-4471-98d0-6caf821f75e2:192.168.5.168:36617, 97ec5d92-66e9-452b-868d-25d7b088b941:192.168.5.168:44391, 5b1afcc0-ccc7-4c94-addb-bd60614cc333:192.168.5.168:39889], old=null, confs=<EMPTY_MAP>
2019-07-13 20:36:10,189 INFO  storage.RaftStorageDirectory (RaftStorageDirectory.java:analyzeStorage(246)) - The storage directory /tmp/workdir/hadoop-ozone/integration-test/target/test-dir/MiniOzoneClusterImpl-48a0a603-d656-4a4b-8099-b970855239bb/datanode-5/data/ratis/a1e574df-02cd-406c-849a-5f514c095cb9 does not exist. Creating ...
2019-07-13 20:36:10,189 INFO  server.RaftServerConfigKeys (ConfUtils.java:logGet(43)) - raft.server.storage.dir = [/tmp/workdir/hadoop-ozone/integration-test/target/test-dir/MiniOzoneClusterImpl-48a0a603-d656-4a4b-8099-b970855239bb/datanode-3/data/ratis] (custom)
2019-07-13 20:36:10,189 INFO  storage.RaftStorageDirectory (RaftStorageDirectory.java:analyzeStorage(246)) - The storage directory /tmp/workdir/hadoop-ozone/integration-test/target/test-dir/MiniOzoneClusterImpl-48a0a603-d656-4a4b-8099-b970855239bb/datanode-3/data/ratis/a1e574df-02cd-406c-849a-5f514c095cb9 does not exist. Creating ...
2019-07-13 20:36:10,195 INFO  storage.RaftStorageDirectory (RaftStorageDirectory.java:tryLock(328)) - Lock on /tmp/workdir/hadoop-ozone/integration-test/target/test-dir/MiniOzoneClusterImpl-48a0a603-d656-4a4b-8099-b970855239bb/datanode-4/data/ratis/a1e574df-02cd-406c-849a-5f514c095cb9/in_use.lock acquired by nodename 32015@trunk-nightly-6qp7m-2461138711
2019-07-13 20:36:10,195 INFO  storage.RaftStorageDirectory (RaftStorageDirectory.java:tryLock(328)) - Lock on /tmp/workdir/hadoop-ozone/integration-test/target/test-dir/MiniOzoneClusterImpl-48a0a603-d656-4a4b-8099-b970855239bb/datanode-5/data/ratis/a1e574df-02cd-406c-849a-5f514c095cb9/in_use.lock acquired by nodename 32015@trunk-nightly-6qp7m-2461138711
2019-07-13 20:36:10,195 INFO  storage.RaftStorageDirectory (RaftStorageDirectory.java:tryLock(328)) - Lock on /tmp/workdir/hadoop-ozone/integration-test/target/test-dir/MiniOzoneClusterImpl-48a0a603-d656-4a4b-8099-b970855239bb/datanode-3/data/ratis/a1e574df-02cd-406c-849a-5f514c095cb9/in_use.lock acquired by nodename 32015@trunk-nightly-6qp7m-2461138711
2019-07-13 20:36:10,199 INFO  storage.RaftStorage (RaftStorage.java:format(72)) - Storage directory /tmp/workdir/hadoop-ozone/integration-test/target/test-dir/MiniOzoneClusterImpl-48a0a603-d656-4a4b-8099-b970855239bb/datanode-4/data/ratis/a1e574df-02cd-406c-849a-5f514c095cb9 has been successfully formatted.
2019-07-13 20:36:10,199 INFO  storage.RaftStorage (RaftStorage.java:format(72)) - Storage directory /tmp/workdir/hadoop-ozone/integration-test/target/test-dir/MiniOzoneClusterImpl-48a0a603-d656-4a4b-8099-b970855239bb/datanode-5/data/ratis/a1e574df-02cd-406c-849a-5f514c095cb9 has been successfully formatted.
2019-07-13 20:36:10,199 INFO  storage.RaftStorage (RaftStorage.java:format(72)) - Storage directory /tmp/workdir/hadoop-ozone/integration-test/target/test-dir/MiniOzoneClusterImpl-48a0a603-d656-4a4b-8099-b970855239bb/datanode-3/data/ratis/a1e574df-02cd-406c-849a-5f514c095cb9 has been successfully formatted.
2019-07-13 20:36:10,200 INFO  ratis.ContainerStateMachine (ContainerStateMachine.java:loadSnapshot(200)) - The snapshot info is null.Setting the last applied index to:(t:0, i:~)
2019-07-13 20:36:10,199 INFO  ratis.ContainerStateMachine (ContainerStateMachine.java:loadSnapshot(200)) - The snapshot info is null.Setting the last applied index to:(t:0, i:~)
2019-07-13 20:36:10,200 INFO  ratis.ContainerStateMachine (ContainerStateMachine.java:loadSnapshot(200)) - The snapshot info is null.Setting the last applied index to:(t:0, i:~)
2019-07-13 20:36:10,200 INFO  server.RaftServerConfigKeys (ConfUtils.java:logGet(43)) - raft.server.leader.election.timeout = 120s (custom)
2019-07-13 20:36:10,200 INFO  server.RaftServerConfigKeys (ConfUtils.java:logGet(43)) - raft.server.leader.election.timeout = 120s (custom)
2019-07-13 20:36:10,200 INFO  server.RaftServerConfigKeys (ConfUtils.java:logGet(43)) - raft.server.leader.election.timeout = 120s (custom)
2019-07-13 20:36:10,201 INFO  server.RaftServerConfigKeys (ConfUtils.java:logGet(43)) - raft.server.log.use.memory = false (default)
2019-07-13 20:36:10,200 INFO  server.RaftServerConfigKeys (ConfUtils.java:logGet(43)) - raft.server.log.use.memory = false (default)
2019-07-13 20:36:10,201 INFO  server.RaftServerConfigKeys (ConfUtils.java:logGet(43)) - raft.server.log.purge.gap = 1000000000 (custom)
2019-07-13 20:36:10,201 INFO  server.RaftServerConfigKeys (ConfUtils.java:logGet(43)) - raft.server.log.use.memory = false (default)
2019-07-13 20:36:10,201 INFO  server.RaftServerConfigKeys (ConfUtils.java:logGet(43)) - raft.server.log.appender.buffer.byte-limit = 33554432 (custom)
2019-07-13 20:36:10,201 INFO  server.RaftServerConfigKeys (ConfUtils.java:logGet(43)) - raft.server.log.purge.gap = 1000000000 (custom)
2019-07-13 20:36:10,201 INFO  server.RaftServerConfigKeys (ConfUtils.java:logGet(43)) - raft.server.log.segment.size.max = 1048576 (custom)
2019-07-13 20:36:10,201 INFO  server.RaftServerConfigKeys (ConfUtils.java:logGet(43)) - raft.server.log.purge.gap = 1000000000 (custom)
2019-07-13 20:36:10,202 INFO  server.RaftServerConfigKeys (ConfUtils.java:logGet(43)) - raft.server.log.segment.cache.num.max = 2 (custom)
2019-07-13 20:36:10,202 INFO  segmented.SegmentedRaftLogWorker (SegmentedRaftLogWorker.java:<init>(172)) - new 97ec5d92-66e9-452b-868d-25d7b088b941-SegmentedRaftLogWorker:Storage Directory /tmp/workdir/hadoop-ozone/integration-test/target/test-dir/MiniOzoneClusterImpl-48a0a603-d656-4a4b-8099-b970855239bb/datanode-3/data/ratis/a1e574df-02cd-406c-849a-5f514c095cb9 for RaftStorage:Storage Directory /tmp/workdir/hadoop-ozone/integration-test/target/test-dir/MiniOzoneClusterImpl-48a0a603-d656-4a4b-8099-b970855239bb/datanode-3/data/ratis/a1e574df-02cd-406c-849a-5f514c095cb9
2019-07-13 20:36:10,202 INFO  server.RaftServerConfigKeys (ConfUtils.java:logGet(43)) - raft.server.log.appender.buffer.byte-limit = 33554432 (custom)
2019-07-13 20:36:10,202 INFO  server.RaftServerConfigKeys (ConfUtils.java:logGet(43)) - raft.server.log.queue.byte-limit = 2147483647 (custom)
2019-07-13 20:36:10,202 INFO  server.RaftServerConfigKeys (ConfUtils.java:logGet(43)) - raft.server.log.appender.buffer.byte-limit = 33554432 (custom)
2019-07-13 20:36:10,203 INFO  server.RaftServerConfigKeys (ConfUtils.java:logGet(43)) - raft.server.log.queue.element-limit = 1024 (custom)
2019-07-13 20:36:10,203 INFO  server.RaftServerConfigKeys (ConfUtils.java:logGet(43)) - raft.server.log.segment.size.max = 1048576 (custom)
2019-07-13 20:36:10,203 INFO  server.RaftServerConfigKeys (ConfUtils.java:logGet(43)) - raft.server.log.segment.size.max = 1048576 (custom)
2019-07-13 20:36:10,203 INFO  server.RaftServerConfigKeys (ConfUtils.java:logGet(43)) - raft.server.log.segment.size.max = 1048576 (custom)
2019-07-13 20:36:10,203 INFO  server.RaftServerConfigKeys (ConfUtils.java:logGet(43)) - raft.server.log.preallocated.size = 16384 (custom)
2019-07-13 20:36:10,204 INFO  server.RaftServerConfigKeys (ConfUtils.java:logGet(43)) - raft.server.log.write.buffer.size = 33554432 (custom)
2019-07-13 20:36:10,203 INFO  server.RaftServerConfigKeys (ConfUtils.java:logGet(43)) - raft.server.log.segment.cache.num.max = 2 (custom)
2019-07-13 20:36:10,204 INFO  server.RaftServerConfigKeys (ConfUtils.java:logGet(43)) - raft.server.log.force.sync.num = 128 (default)
2019-07-13 20:36:10,204 INFO  server.RaftServerConfigKeys (ConfUtils.java:logGet(43)) - raft.server.log.segment.cache.num.max = 2 (custom)
2019-07-13 20:36:10,204 INFO  server.RaftServerConfigKeys (ConfUtils.java:logGet(43)) - raft.server.log.statemachine.data.sync = true (default)
2019-07-13 20:36:10,204 INFO  server.RaftServerConfigKeys (ConfUtils.java:logGet(43)) - raft.server.log.statemachine.data.sync.timeout = 10s (default)
2019-07-13 20:36:10,204 INFO  segmented.SegmentedRaftLogWorker (SegmentedRaftLogWorker.java:<init>(172)) - new aca216f7-8a74-4471-98d0-6caf821f75e2-SegmentedRaftLogWorker:Storage Directory /tmp/workdir/hadoop-ozone/integration-test/target/test-dir/MiniOzoneClusterImpl-48a0a603-d656-4a4b-8099-b970855239bb/datanode-5/data/ratis/a1e574df-02cd-406c-849a-5f514c095cb9 for RaftStorage:Storage Directory /tmp/workdir/hadoop-ozone/integration-test/target/test-dir/MiniOzoneClusterImpl-48a0a603-d656-4a4b-8099-b970855239bb/datanode-5/data/ratis/a1e574df-02cd-406c-849a-5f514c095cb9
2019-07-13 20:36:10,205 INFO  server.RaftServerConfigKeys (ConfUtils.java:logGet(43)) - raft.server.log.statemachine.data.sync.timeout.retry = -1 (default)
2019-07-13 20:36:10,204 INFO  segmented.SegmentedRaftLogWorker (SegmentedRaftLogWorker.java:<init>(172)) - new 5b1afcc0-ccc7-4c94-addb-bd60614cc333-SegmentedRaftLogWorker:Storage Directory /tmp/workdir/hadoop-ozone/integration-test/target/test-dir/MiniOzoneClusterImpl-48a0a603-d656-4a4b-8099-b970855239bb/datanode-4/data/ratis/a1e574df-02cd-406c-849a-5f514c095cb9 for RaftStorage:Storage Directory /tmp/workdir/hadoop-ozone/integration-test/target/test-dir/MiniOzoneClusterImpl-48a0a603-d656-4a4b-8099-b970855239bb/datanode-4/data/ratis/a1e574df-02cd-406c-849a-5f514c095cb9
2019-07-13 20:36:10,205 INFO  server.RaftServerConfigKeys (ConfUtils.java:logGet(43)) - raft.server.log.statemachine.data.caching.enabled = true (custom)
2019-07-13 20:36:10,205 INFO  server.RaftServerConfigKeys (ConfUtils.java:logGet(43)) - raft.server.log.queue.byte-limit = 2147483647 (custom)
2019-07-13 20:36:10,205 INFO  server.RaftServerConfigKeys (ConfUtils.java:logGet(43)) - raft.server.log.queue.byte-limit = 2147483647 (custom)
2019-07-13 20:36:10,206 INFO  segmented.SegmentedRaftLogWorker (SegmentedRaftLogWorker.java:lambda$new$0(132)) - 97ec5d92-66e9-452b-868d-25d7b088b941-SegmentedRaftLogWorker:Storage Directory /tmp/workdir/hadoop-ozone/integration-test/target/test-dir/MiniOzoneClusterImpl-48a0a603-d656-4a4b-8099-b970855239bb/datanode-3/data/ratis/a1e574df-02cd-406c-849a-5f514c095cb9: flushIndex: setUnconditionally 0 -> -1
2019-07-13 20:36:10,205 INFO  server.RaftServerConfigKeys (ConfUtils.java:logGet(43)) - raft.server.log.queue.element-limit = 1024 (custom)
2019-07-13 20:36:10,206 INFO  server.RaftServerConfigKeys (ConfUtils.java:logGet(43)) - raft.server.snapshot.auto.trigger.enabled = true (custom)
2019-07-13 20:36:10,206 INFO  server.RaftServerConfigKeys (ConfUtils.java:logGet(43)) - raft.server.log.queue.element-limit = 1024 (custom)
2019-07-13 20:36:10,206 INFO  server.RaftServerConfigKeys (ConfUtils.java:logGet(43)) - raft.server.snapshot.auto.trigger.threshold = 10000 (custom)
2019-07-13 20:36:10,206 INFO  server.RaftServerConfigKeys (ConfUtils.java:logGet(43)) - raft.server.log.segment.size.max = 1048576 (custom)
2019-07-13 20:36:10,207 INFO  server.RaftServerConfigKeys (ConfUtils.java:logGet(43)) - raft.server.retrycache.expirytime = 600000ms (custom)
2019-07-13 20:36:10,206 INFO  server.RaftServerConfigKeys (ConfUtils.java:logGet(43)) - raft.server.log.segment.size.max = 1048576 (custom)
2019-07-13 20:36:10,207 INFO  impl.RaftServerImpl (RaftServerImpl.java:start(180)) - 97ec5d92-66e9-452b-868d-25d7b088b941: start group-5F514C095CB9
2019-07-13 20:36:10,207 INFO  server.RaftServerConfigKeys (ConfUtils.java:logGet(43)) - raft.server.log.preallocated.size = 16384 (custom)
2019-07-13 20:36:10,207 INFO  impl.RaftServerImpl (RaftServerImpl.java:setRole(171)) - 97ec5d92-66e9-452b-868d-25d7b088b941:group-5F514C095CB9 changes role from null to FOLLOWER at term 0 for startAsFollower
2019-07-13 20:36:10,207 INFO  server.RaftServerConfigKeys (ConfUtils.java:logGet(43)) - raft.server.log.preallocated.size = 16384 (custom)
2019-07-13 20:36:10,208 INFO  impl.RoleInfo (RoleInfo.java:updateAndGet(143)) - 97ec5d92-66e9-452b-868d-25d7b088b941: start FollowerState
2019-07-13 20:36:10,207 INFO  server.RaftServerConfigKeys (ConfUtils.java:logGet(43)) - raft.server.log.write.buffer.size = 33554432 (custom)
2019-07-13 20:36:10,208 INFO  server.RaftServerConfigKeys (ConfUtils.java:logGet(43)) - raft.server.log.force.sync.num = 128 (default)
2019-07-13 20:36:10,208 INFO  server.RaftServerConfigKeys (ConfUtils.java:logGet(43)) - raft.server.log.write.buffer.size = 33554432 (custom)
2019-07-13 20:36:10,208 INFO  util.JmxRegister (JmxRegister.java:tryRegister(44)) - Successfully registered JMX Bean with object name Ratis:service=RaftServer,group=group-5F514C095CB9,id=97ec5d92-66e9-452b-868d-25d7b088b941
2019-07-13 20:36:10,208 INFO  server.RaftServerConfigKeys (ConfUtils.java:logGet(43)) - raft.server.log.statemachine.data.sync = true (default)
2019-07-13 20:36:10,209 INFO  server.RaftServerConfigKeys (ConfUtils.java:logGet(43)) - raft.server.log.statemachine.data.sync.timeout = 10s (default)
2019-07-13 20:36:10,208 INFO  server.RaftServerConfigKeys (ConfUtils.java:logGet(43)) - raft.server.log.force.sync.num = 128 (default)
2019-07-13 20:36:10,209 INFO  server.RaftServerConfigKeys (ConfUtils.java:logGet(43)) - raft.server.log.statemachine.data.sync.timeout.retry = -1 (default)
2019-07-13 20:36:10,209 INFO  server.RaftServerConfigKeys (ConfUtils.java:logGet(43)) - raft.server.log.statemachine.data.sync = true (default)
2019-07-13 20:36:10,209 INFO  server.RaftServerConfigKeys (ConfUtils.java:logGet(43)) - raft.server.log.statemachine.data.caching.enabled = true (custom)
2019-07-13 20:36:10,209 INFO  server.RaftServerConfigKeys (ConfUtils.java:logGet(43)) - raft.server.log.statemachine.data.sync.timeout = 10s (default)
2019-07-13 20:36:10,213 INFO  server.RaftServerConfigKeys (ConfUtils.java:logGet(43)) - raft.server.log.statemachine.data.sync.timeout.retry = -1 (default)
2019-07-13 20:36:10,213 INFO  segmented.SegmentedRaftLogWorker (SegmentedRaftLogWorker.java:lambda$new$0(132)) - aca216f7-8a74-4471-98d0-6caf821f75e2-SegmentedRaftLogWorker:Storage Directory /tmp/workdir/hadoop-ozone/integration-test/target/test-dir/MiniOzoneClusterImpl-48a0a603-d656-4a4b-8099-b970855239bb/datanode-5/data/ratis/a1e574df-02cd-406c-849a-5f514c095cb9: flushIndex: setUnconditionally 0 -> -1
2019-07-13 20:36:10,213 INFO  server.RaftServerConfigKeys (ConfUtils.java:logGet(43)) - raft.server.log.statemachine.data.caching.enabled = true (custom)
2019-07-13 20:36:10,213 INFO  server.RaftServerConfigKeys (ConfUtils.java:logGet(43)) - raft.server.snapshot.auto.trigger.enabled = true (custom)
2019-07-13 20:36:10,213 INFO  segmented.SegmentedRaftLogWorker (SegmentedRaftLogWorker.java:lambda$new$0(132)) - 5b1afcc0-ccc7-4c94-addb-bd60614cc333-SegmentedRaftLogWorker:Storage Directory /tmp/workdir/hadoop-ozone/integration-test/target/test-dir/MiniOzoneClusterImpl-48a0a603-d656-4a4b-8099-b970855239bb/datanode-4/data/ratis/a1e574df-02cd-406c-849a-5f514c095cb9: flushIndex: setUnconditionally 0 -> -1
2019-07-13 20:36:10,213 INFO  server.RaftServerConfigKeys (ConfUtils.java:logGet(43)) - raft.server.snapshot.auto.trigger.threshold = 10000 (custom)
2019-07-13 20:36:10,214 INFO  server.RaftServerConfigKeys (ConfUtils.java:logGet(43)) - raft.server.retrycache.expirytime = 600000ms (custom)
2019-07-13 20:36:10,214 INFO  server.RaftServerConfigKeys (ConfUtils.java:logGet(43)) - raft.server.snapshot.auto.trigger.enabled = true (custom)
2019-07-13 20:36:10,214 INFO  impl.RaftServerImpl (RaftServerImpl.java:start(180)) - aca216f7-8a74-4471-98d0-6caf821f75e2: start group-5F514C095CB9
2019-07-13 20:36:10,214 INFO  server.RaftServerConfigKeys (ConfUtils.java:logGet(43)) - raft.server.snapshot.auto.trigger.threshold = 10000 (custom)
2019-07-13 20:36:10,214 INFO  impl.RaftServerImpl (RaftServerImpl.java:setRole(171)) - aca216f7-8a74-4471-98d0-6caf821f75e2:group-5F514C095CB9 changes role from null to FOLLOWER at term 0 for startAsFollower
2019-07-13 20:36:10,214 INFO  server.RaftServerConfigKeys (ConfUtils.java:logGet(43)) - raft.server.retrycache.expirytime = 600000ms (custom)
2019-07-13 20:36:10,214 INFO  impl.RoleInfo (RoleInfo.java:updateAndGet(143)) - aca216f7-8a74-4471-98d0-6caf821f75e2: start FollowerState
2019-07-13 20:36:10,215 INFO  impl.RaftServerImpl (RaftServerImpl.java:start(180)) - 5b1afcc0-ccc7-4c94-addb-bd60614cc333: start group-5F514C095CB9
2019-07-13 20:36:10,215 INFO  impl.RaftServerImpl (RaftServerImpl.java:setRole(171)) - 5b1afcc0-ccc7-4c94-addb-bd60614cc333:group-5F514C095CB9 changes role from null to FOLLOWER at term 0 for startAsFollower
2019-07-13 20:36:10,215 INFO  impl.RoleInfo (RoleInfo.java:updateAndGet(143)) - 5b1afcc0-ccc7-4c94-addb-bd60614cc333: start FollowerState
2019-07-13 20:36:10,215 INFO  util.JmxRegister (JmxRegister.java:tryRegister(44)) - Successfully registered JMX Bean with object name Ratis:service=RaftServer,group=group-5F514C095CB9,id=aca216f7-8a74-4471-98d0-6caf821f75e2
2019-07-13 20:36:10,215 INFO  util.JmxRegister (JmxRegister.java:tryRegister(44)) - Successfully registered JMX Bean with object name Ratis:service=RaftServer,group=group-5F514C095CB9,id=5b1afcc0-ccc7-4c94-addb-bd60614cc333
2019-07-13 20:36:10,223 INFO  pipeline.PipelineStateManager (PipelineStateManager.java:addPipeline(56)) - Created pipeline Pipeline[ Id: a1e574df-02cd-406c-849a-5f514c095cb9, Nodes: aca216f7-8a74-4471-98d0-6caf821f75e2{ip: 192.168.5.168, host: trunk-nightly-6qp7m-2461138711, networkLocation: /default-rack, certSerialId: null}5b1afcc0-ccc7-4c94-addb-bd60614cc333{ip: 192.168.5.168, host: trunk-nightly-6qp7m-2461138711, networkLocation: /default-rack, certSerialId: null}97ec5d92-66e9-452b-868d-25d7b088b941{ip: 192.168.5.168, host: trunk-nightly-6qp7m-2461138711, networkLocation: /default-rack, certSerialId: null}, Type:RATIS, Factor:THREE, State:OPEN]
2019-07-13 20:36:10,224 WARN  nio.NioEventLoop (NioEventLoop.java:select(786)) - Selector.select() returned prematurely {} times in a row; rebuilding Selector {}.
2019-07-13 20:36:10,226 WARN  nio.NioEventLoop (NioEventLoop.java:select(786)) - Selector.select() returned prematurely {} times in a row; rebuilding Selector {}.
2019-07-13 20:36:10,226 INFO  nio.NioEventLoop (NioEventLoop.java:rebuildSelector0(396)) - Migrated 0 channel(s) to the new Selector.
2019-07-13 20:36:10,226 INFO  nio.NioEventLoop (NioEventLoop.java:rebuildSelector0(396)) - Migrated 0 channel(s) to the new Selector.
2019-07-13 20:36:10,299 INFO  ozone.MiniOzoneClusterImpl (MiniOzoneClusterImpl.java:lambda$waitForClusterToBeReady$0(142)) - Waiting for cluster to be ready. Got 6 of 7 DN Heartbeats.
2019-07-13 20:36:10,307 INFO  node.SCMNodeManager (SCMNodeManager.java:register(269)) - Registered Data node : 43bbb1e3-d8e3-43e7-9a1a-0cd13e6b3848{ip: 192.168.5.168, host: trunk-nightly-6qp7m-2461138711, networkLocation: /default-rack, certSerialId: null}
2019-07-13 20:36:10,328 INFO  impl.RaftServerProxy (RaftServerProxy.java:addNew(89)) - 43bbb1e3-d8e3-43e7-9a1a-0cd13e6b3848: addNew group-8BF6A04A4543:[43bbb1e3-d8e3-43e7-9a1a-0cd13e6b3848:192.168.5.168:43802] returns group-8BF6A04A4543:java.util.concurrent.CompletableFuture@5fa30a28[Not completed]
2019-07-13 20:36:10,329 INFO  impl.RaftServerImpl (RaftServerImpl.java:<init>(93)) - 43bbb1e3-d8e3-43e7-9a1a-0cd13e6b3848: new RaftServerImpl for group-8BF6A04A4543:[43bbb1e3-d8e3-43e7-9a1a-0cd13e6b3848:192.168.5.168:43802] with ContainerStateMachine:uninitialized
2019-07-13 20:36:10,329 INFO  server.RaftServerConfigKeys (ConfUtils.java:logGet(43)) - raft.server.rpc.timeout.min = 5s (custom)
2019-07-13 20:36:10,329 INFO  server.RaftServerConfigKeys (ConfUtils.java:logGet(43)) - raft.server.rpc.timeout.max = 5200ms (custom)
2019-07-13 20:36:10,329 INFO  server.RaftServerConfigKeys (ConfUtils.java:logGet(43)) - raft.server.rpcslowness.timeout = 120s (custom)
2019-07-13 20:36:10,329 INFO  server.RaftServerConfigKeys (ConfUtils.java:logGet(43)) - raft.server.sleep.deviation.threshold = 300 (default)
2019-07-13 20:36:10,329 INFO  server.RaftServerConfigKeys (ConfUtils.java:logGet(43)) - raft.server.log.appender.install.snapshot.enabled = false (custom)
2019-07-13 20:36:10,330 INFO  impl.RaftServerImpl (ServerState.java:<init>(105)) - 43bbb1e3-d8e3-43e7-9a1a-0cd13e6b3848:group-8BF6A04A4543 ConfigurationManager, init=-1: [43bbb1e3-d8e3-43e7-9a1a-0cd13e6b3848:192.168.5.168:43802], old=null, confs=<EMPTY_MAP>
2019-07-13 20:36:10,330 INFO  server.RaftServerConfigKeys (ConfUtils.java:logGet(43)) - raft.server.storage.dir = [/tmp/workdir/hadoop-ozone/integration-test/target/test-dir/MiniOzoneClusterImpl-48a0a603-d656-4a4b-8099-b970855239bb/datanode-6/data/ratis] (custom)
2019-07-13 20:36:10,330 INFO  storage.RaftStorageDirectory (RaftStorageDirectory.java:analyzeStorage(246)) - The storage directory /tmp/workdir/hadoop-ozone/integration-test/target/test-dir/MiniOzoneClusterImpl-48a0a603-d656-4a4b-8099-b970855239bb/datanode-6/data/ratis/ebfe3356-0975-422d-a67b-8bf6a04a4543 does not exist. Creating ...
2019-07-13 20:36:10,338 INFO  storage.RaftStorageDirectory (RaftStorageDirectory.java:tryLock(328)) - Lock on /tmp/workdir/hadoop-ozone/integration-test/target/test-dir/MiniOzoneClusterImpl-48a0a603-d656-4a4b-8099-b970855239bb/datanode-6/data/ratis/ebfe3356-0975-422d-a67b-8bf6a04a4543/in_use.lock acquired by nodename 32015@trunk-nightly-6qp7m-2461138711
2019-07-13 20:36:10,341 INFO  storage.RaftStorage (RaftStorage.java:format(72)) - Storage directory /tmp/workdir/hadoop-ozone/integration-test/target/test-dir/MiniOzoneClusterImpl-48a0a603-d656-4a4b-8099-b970855239bb/datanode-6/data/ratis/ebfe3356-0975-422d-a67b-8bf6a04a4543 has been successfully formatted.
2019-07-13 20:36:10,341 INFO  ratis.ContainerStateMachine (ContainerStateMachine.java:loadSnapshot(200)) - The snapshot info is null.Setting the last applied index to:(t:0, i:~)
2019-07-13 20:36:10,342 INFO  server.RaftServerConfigKeys (ConfUtils.java:logGet(43)) - raft.server.leader.election.timeout = 120s (custom)
2019-07-13 20:36:10,342 INFO  server.RaftServerConfigKeys (ConfUtils.java:logGet(43)) - raft.server.log.use.memory = false (default)
2019-07-13 20:36:10,342 INFO  server.RaftServerConfigKeys (ConfUtils.java:logGet(43)) - raft.server.log.purge.gap = 1000000000 (custom)
2019-07-13 20:36:10,342 INFO  server.RaftServerConfigKeys (ConfUtils.java:logGet(43)) - raft.server.log.appender.buffer.byte-limit = 33554432 (custom)
2019-07-13 20:36:10,342 INFO  server.RaftServerConfigKeys (ConfUtils.java:logGet(43)) - raft.server.log.segment.size.max = 1048576 (custom)
2019-07-13 20:36:10,342 INFO  server.RaftServerConfigKeys (ConfUtils.java:logGet(43)) - raft.server.log.segment.cache.num.max = 2 (custom)
2019-07-13 20:36:10,342 INFO  segmented.SegmentedRaftLogWorker (SegmentedRaftLogWorker.java:<init>(172)) - new 43bbb1e3-d8e3-43e7-9a1a-0cd13e6b3848-SegmentedRaftLogWorker:Storage Directory /tmp/workdir/hadoop-ozone/integration-test/target/test-dir/MiniOzoneClusterImpl-48a0a603-d656-4a4b-8099-b970855239bb/datanode-6/data/ratis/ebfe3356-0975-422d-a67b-8bf6a04a4543 for RaftStorage:Storage Directory /tmp/workdir/hadoop-ozone/integration-test/target/test-dir/MiniOzoneClusterImpl-48a0a603-d656-4a4b-8099-b970855239bb/datanode-6/data/ratis/ebfe3356-0975-422d-a67b-8bf6a04a4543
2019-07-13 20:36:10,343 INFO  server.RaftServerConfigKeys (ConfUtils.java:logGet(43)) - raft.server.log.queue.byte-limit = 2147483647 (custom)
2019-07-13 20:36:10,343 INFO  server.RaftServerConfigKeys (ConfUtils.java:logGet(43)) - raft.server.log.queue.element-limit = 1024 (custom)
2019-07-13 20:36:10,343 INFO  server.RaftServerConfigKeys (ConfUtils.java:logGet(43)) - raft.server.log.segment.size.max = 1048576 (custom)
2019-07-13 20:36:10,343 INFO  server.RaftServerConfigKeys (ConfUtils.java:logGet(43)) - raft.server.log.preallocated.size = 16384 (custom)
2019-07-13 20:36:10,343 INFO  server.RaftServerConfigKeys (ConfUtils.java:logGet(43)) - raft.server.log.write.buffer.size = 33554432 (custom)
2019-07-13 20:36:10,343 INFO  server.RaftServerConfigKeys (ConfUtils.java:logGet(43)) - raft.server.log.force.sync.num = 128 (default)
2019-07-13 20:36:10,344 INFO  server.RaftServerConfigKeys (ConfUtils.java:logGet(43)) - raft.server.log.statemachine.data.sync = true (default)
2019-07-13 20:36:10,344 INFO  server.RaftServerConfigKeys (ConfUtils.java:logGet(43)) - raft.server.log.statemachine.data.sync.timeout = 10s (default)
2019-07-13 20:36:10,344 INFO  server.RaftServerConfigKeys (ConfUtils.java:logGet(43)) - raft.server.log.statemachine.data.sync.timeout.retry = -1 (default)
2019-07-13 20:36:10,344 INFO  server.RaftServerConfigKeys (ConfUtils.java:logGet(43)) - raft.server.log.statemachine.data.caching.enabled = true (custom)
2019-07-13 20:36:10,345 INFO  segmented.SegmentedRaftLogWorker (SegmentedRaftLogWorker.java:lambda$new$0(132)) - 43bbb1e3-d8e3-43e7-9a1a-0cd13e6b3848-SegmentedRaftLogWorker:Storage Directory /tmp/workdir/hadoop-ozone/integration-test/target/test-dir/MiniOzoneClusterImpl-48a0a603-d656-4a4b-8099-b970855239bb/datanode-6/data/ratis/ebfe3356-0975-422d-a67b-8bf6a04a4543: flushIndex: setUnconditionally 0 -> -1
2019-07-13 20:36:10,345 INFO  server.RaftServerConfigKeys (ConfUtils.java:logGet(43)) - raft.server.snapshot.auto.trigger.enabled = true (custom)
2019-07-13 20:36:10,345 INFO  server.RaftServerConfigKeys (ConfUtils.java:logGet(43)) - raft.server.snapshot.auto.trigger.threshold = 10000 (custom)
2019-07-13 20:36:10,345 INFO  server.RaftServerConfigKeys (ConfUtils.java:logGet(43)) - raft.server.retrycache.expirytime = 600000ms (custom)
2019-07-13 20:36:10,345 INFO  impl.RaftServerImpl (RaftServerImpl.java:start(180)) - 43bbb1e3-d8e3-43e7-9a1a-0cd13e6b3848: start group-8BF6A04A4543
2019-07-13 20:36:10,346 INFO  impl.RaftServerImpl (RaftServerImpl.java:setRole(171)) - 43bbb1e3-d8e3-43e7-9a1a-0cd13e6b3848:group-8BF6A04A4543 changes role from null to FOLLOWER at term 0 for startAsFollower
2019-07-13 20:36:10,346 INFO  impl.RoleInfo (RoleInfo.java:updateAndGet(143)) - 43bbb1e3-d8e3-43e7-9a1a-0cd13e6b3848: start FollowerState
2019-07-13 20:36:10,346 INFO  util.JmxRegister (JmxRegister.java:tryRegister(44)) - Successfully registered JMX Bean with object name Ratis:service=RaftServer,group=group-8BF6A04A4543,id=43bbb1e3-d8e3-43e7-9a1a-0cd13e6b3848
2019-07-13 20:36:10,351 INFO  pipeline.PipelineStateManager (PipelineStateManager.java:addPipeline(56)) - Created pipeline Pipeline[ Id: ebfe3356-0975-422d-a67b-8bf6a04a4543, Nodes: 43bbb1e3-d8e3-43e7-9a1a-0cd13e6b3848{ip: 192.168.5.168, host: trunk-nightly-6qp7m-2461138711, networkLocation: /default-rack, certSerialId: null}, Type:RATIS, Factor:ONE, State:OPEN]
2019-07-13 20:36:11,300 INFO  ozone.MiniOzoneClusterImpl (MiniOzoneClusterImpl.java:lambda$waitForClusterToBeReady$0(142)) - Cluster is ready. Got 7 of 7 DN Heartbeats.
2019-07-13 20:36:11,343 INFO  rpc.RpcClient (RpcClient.java:createVolume(287)) - Creating Volume: testblockoutputstream, with jenkins1000 as owner.
2019-07-13 20:36:11,365 INFO  rpc.RpcClient (RpcClient.java:createBucket(424)) - Creating Bucket: testblockoutputstream/testblockoutputstream, with Versioning false and Storage Type set to DISK and Encryption set to false 
2019-07-13 20:36:11,393 INFO  client.GrpcClientProtocolClient (GrpcClientProtocolClient.java:onNext(255)) - client-80C08A2ED797->43bbb1e3-d8e3-43e7-9a1a-0cd13e6b3848: receive RaftClientReply:client-80C08A2ED797->43bbb1e3-d8e3-43e7-9a1a-0cd13e6b3848@group-8BF6A04A4543, cid=148, FAILED org.apache.ratis.protocol.NotLeaderException: Server 43bbb1e3-d8e3-43e7-9a1a-0cd13e6b3848 is not the leader (null). Request must be sent to leader., logIndex=0, commits[43bbb1e3-d8e3-43e7-9a1a-0cd13e6b3848:c-1]
2019-07-13 20:36:12,329 INFO  container.ReplicationManager (ReplicationManager.java:start(155)) - Starting Replication Monitor Thread.
2019-07-13 20:36:12,337 INFO  container.ReplicationManager (ReplicationManager.java:run(207)) - Replication Monitor Thread took 0 milliseconds for processing 1 containers.
2019-07-13 20:36:13,414 INFO  client.GrpcClientProtocolClient (GrpcClientProtocolClient.java:onNext(255)) - client-80C08A2ED797->43bbb1e3-d8e3-43e7-9a1a-0cd13e6b3848: receive RaftClientReply:client-80C08A2ED797->43bbb1e3-d8e3-43e7-9a1a-0cd13e6b3848@group-8BF6A04A4543, cid=148, FAILED org.apache.ratis.protocol.NotLeaderException: Server 43bbb1e3-d8e3-43e7-9a1a-0cd13e6b3848 is not the leader (null). Request must be sent to leader., logIndex=0, commits[43bbb1e3-d8e3-43e7-9a1a-0cd13e6b3848:c-1]
2019-07-13 20:36:14,446 INFO  impl.FollowerState (FollowerState.java:run(106)) - c6c7b2d1-c5af-4dcc-9988-da4b3ff32668:group-027324E926D5 changes to CANDIDATE, lastRpcTime:5064, electionTimeout:5064ms
2019-07-13 20:36:14,446 INFO  impl.RoleInfo (RoleInfo.java:shutdownFollowerState(121)) - c6c7b2d1-c5af-4dcc-9988-da4b3ff32668: shutdown FollowerState
2019-07-13 20:36:14,447 INFO  impl.RaftServerImpl (RaftServerImpl.java:setRole(171)) - c6c7b2d1-c5af-4dcc-9988-da4b3ff32668:group-027324E926D5 changes role from FOLLOWER to CANDIDATE at term 0 for changeToCandidate
2019-07-13 20:36:14,447 INFO  impl.RoleInfo (RoleInfo.java:updateAndGet(143)) - c6c7b2d1-c5af-4dcc-9988-da4b3ff32668: start LeaderElection
2019-07-13 20:36:14,469 INFO  impl.LeaderElection (LeaderElection.java:askForVotes(181)) - c6c7b2d1-c5af-4dcc-9988-da4b3ff32668:group-027324E926D5:LeaderElection49: begin an election at term 1 for -1: [c6c7b2d1-c5af-4dcc-9988-da4b3ff32668:192.168.5.168:43966], old=null
2019-07-13 20:36:14,469 INFO  impl.RoleInfo (RoleInfo.java:shutdownLeaderElection(134)) - c6c7b2d1-c5af-4dcc-9988-da4b3ff32668: shutdown LeaderElection
2019-07-13 20:36:14,469 INFO  impl.RaftServerImpl (RaftServerImpl.java:setRole(171)) - c6c7b2d1-c5af-4dcc-9988-da4b3ff32668:group-027324E926D5 changes role from CANDIDATE to LEADER at term 1 for changeToLeader
2019-07-13 20:36:14,470 INFO  impl.RaftServerImpl (ServerState.java:setLeader(263)) - c6c7b2d1-c5af-4dcc-9988-da4b3ff32668:group-027324E926D5 change Leader from null to c6c7b2d1-c5af-4dcc-9988-da4b3ff32668 at term 1 for becomeLeader, leader elected after 5092ms
2019-07-13 20:36:14,472 INFO  server.RaftServerConfigKeys (ConfUtils.java:logGet(43)) - raft.server.staging.catchup.gap = 1000 (default)
2019-07-13 20:36:14,472 INFO  server.RaftServerConfigKeys (ConfUtils.java:logGet(43)) - raft.server.rpc.sleep.time = 25ms (default)
2019-07-13 20:36:14,473 INFO  server.RaftServerConfigKeys (ConfUtils.java:logGet(43)) - raft.server.write.element-limit = 4096 (default)
2019-07-13 20:36:14,473 INFO  server.RaftServerConfigKeys (ConfUtils.java:logGet(43)) - raft.server.watch.timeout = 10s (default)
2019-07-13 20:36:14,473 INFO  server.RaftServerConfigKeys (ConfUtils.java:logGet(43)) - raft.server.watch.timeout.denomination = 1s (default)
2019-07-13 20:36:14,473 INFO  server.RaftServerConfigKeys (ConfUtils.java:logGet(43)) - raft.server.watch.element-limit = 65536 (default)
2019-07-13 20:36:14,473 INFO  impl.RoleInfo (RoleInfo.java:updateAndGet(143)) - c6c7b2d1-c5af-4dcc-9988-da4b3ff32668: start LeaderState
2019-07-13 20:36:14,474 INFO  segmented.SegmentedRaftLogWorker (SegmentedRaftLogWorker.java:startLogSegment(380)) - c6c7b2d1-c5af-4dcc-9988-da4b3ff32668-SegmentedRaftLogWorker:Storage Directory /tmp/workdir/hadoop-ozone/integration-test/target/test-dir/MiniOzoneClusterImpl-48a0a603-d656-4a4b-8099-b970855239bb/datanode-0/data/ratis/979cca2c-d013-4f48-a6a7-027324e926d5: Starting segment from index:0
2019-07-13 20:36:14,475 INFO  impl.RaftServerImpl (ServerState.java:setRaftConf(361)) - c6c7b2d1-c5af-4dcc-9988-da4b3ff32668:group-027324E926D5 set configuration 0: [c6c7b2d1-c5af-4dcc-9988-da4b3ff32668:192.168.5.168:43966], old=null at 0
2019-07-13 20:36:14,510 INFO  segmented.SegmentedRaftLogWorker (SegmentedRaftLogWorker.java:execute(569)) - c6c7b2d1-c5af-4dcc-9988-da4b3ff32668-SegmentedRaftLogWorker:Storage Directory /tmp/workdir/hadoop-ozone/integration-test/target/test-dir/MiniOzoneClusterImpl-48a0a603-d656-4a4b-8099-b970855239bb/datanode-0/data/ratis/979cca2c-d013-4f48-a6a7-027324e926d5: created new log segment /tmp/workdir/hadoop-ozone/integration-test/target/test-dir/MiniOzoneClusterImpl-48a0a603-d656-4a4b-8099-b970855239bb/datanode-0/data/ratis/979cca2c-d013-4f48-a6a7-027324e926d5/current/log_inprogress_0
2019-07-13 20:36:14,666 INFO  impl.FollowerState (FollowerState.java:run(106)) - b300cdca-4c3f-4339-81c3-14529db45052:group-5D346F2BD7D7 changes to CANDIDATE, lastRpcTime:5148, electionTimeout:5148ms
2019-07-13 20:36:14,666 INFO  impl.RoleInfo (RoleInfo.java:shutdownFollowerState(121)) - b300cdca-4c3f-4339-81c3-14529db45052: shutdown FollowerState
2019-07-13 20:36:14,666 INFO  impl.RaftServerImpl (RaftServerImpl.java:setRole(171)) - b300cdca-4c3f-4339-81c3-14529db45052:group-5D346F2BD7D7 changes role from FOLLOWER to CANDIDATE at term 0 for changeToCandidate
2019-07-13 20:36:14,666 INFO  impl.RoleInfo (RoleInfo.java:updateAndGet(143)) - b300cdca-4c3f-4339-81c3-14529db45052: start LeaderElection
2019-07-13 20:36:14,688 INFO  impl.LeaderElection (LeaderElection.java:askForVotes(181)) - b300cdca-4c3f-4339-81c3-14529db45052:group-5D346F2BD7D7:LeaderElection50: begin an election at term 1 for -1: [b300cdca-4c3f-4339-81c3-14529db45052:192.168.5.168:34007], old=null
2019-07-13 20:36:14,688 INFO  impl.RoleInfo (RoleInfo.java:shutdownLeaderElection(134)) - b300cdca-4c3f-4339-81c3-14529db45052: shutdown LeaderElection
2019-07-13 20:36:14,688 INFO  impl.RaftServerImpl (RaftServerImpl.java:setRole(171)) - b300cdca-4c3f-4339-81c3-14529db45052:group-5D346F2BD7D7 changes role from CANDIDATE to LEADER at term 1 for changeToLeader
2019-07-13 20:36:14,689 INFO  impl.RaftServerImpl (ServerState.java:setLeader(263)) - b300cdca-4c3f-4339-81c3-14529db45052:group-5D346F2BD7D7 change Leader from null to b300cdca-4c3f-4339-81c3-14529db45052 at term 1 for becomeLeader, leader elected after 5175ms
2019-07-13 20:36:14,691 INFO  server.RaftServerConfigKeys (ConfUtils.java:logGet(43)) - raft.server.staging.catchup.gap = 1000 (default)
2019-07-13 20:36:14,691 INFO  server.RaftServerConfigKeys (ConfUtils.java:logGet(43)) - raft.server.rpc.sleep.time = 25ms (default)
2019-07-13 20:36:14,692 INFO  server.RaftServerConfigKeys (ConfUtils.java:logGet(43)) - raft.server.write.element-limit = 4096 (default)
2019-07-13 20:36:14,692 INFO  server.RaftServerConfigKeys (ConfUtils.java:logGet(43)) - raft.server.watch.timeout = 10s (default)
2019-07-13 20:36:14,692 INFO  server.RaftServerConfigKeys (ConfUtils.java:logGet(43)) - raft.server.watch.timeout.denomination = 1s (default)
2019-07-13 20:36:14,692 INFO  server.RaftServerConfigKeys (ConfUtils.java:logGet(43)) - raft.server.watch.element-limit = 65536 (default)
2019-07-13 20:36:14,692 INFO  impl.RoleInfo (RoleInfo.java:updateAndGet(143)) - b300cdca-4c3f-4339-81c3-14529db45052: start LeaderState
2019-07-13 20:36:14,693 INFO  segmented.SegmentedRaftLogWorker (SegmentedRaftLogWorker.java:startLogSegment(380)) - b300cdca-4c3f-4339-81c3-14529db45052-SegmentedRaftLogWorker:Storage Directory /tmp/workdir/hadoop-ozone/integration-test/target/test-dir/MiniOzoneClusterImpl-48a0a603-d656-4a4b-8099-b970855239bb/datanode-1/data/ratis/0bde529f-f2a6-4660-8866-5d346f2bd7d7: Starting segment from index:0
2019-07-13 20:36:14,693 INFO  impl.RaftServerImpl (ServerState.java:setRaftConf(361)) - b300cdca-4c3f-4339-81c3-14529db45052:group-5D346F2BD7D7 set configuration 0: [b300cdca-4c3f-4339-81c3-14529db45052:192.168.5.168:34007], old=null at 0
2019-07-13 20:36:14,738 INFO  segmented.SegmentedRaftLogWorker (SegmentedRaftLogWorker.java:execute(569)) - b300cdca-4c3f-4339-81c3-14529db45052-SegmentedRaftLogWorker:Storage Directory /tmp/workdir/hadoop-ozone/integration-test/target/test-dir/MiniOzoneClusterImpl-48a0a603-d656-4a4b-8099-b970855239bb/datanode-1/data/ratis/0bde529f-f2a6-4660-8866-5d346f2bd7d7: created new log segment /tmp/workdir/hadoop-ozone/integration-test/target/test-dir/MiniOzoneClusterImpl-48a0a603-d656-4a4b-8099-b970855239bb/datanode-1/data/ratis/0bde529f-f2a6-4660-8866-5d346f2bd7d7/current/log_inprogress_0
2019-07-13 20:36:14,748 INFO  impl.FollowerState (FollowerState.java:run(106)) - b300cdca-4c3f-4339-81c3-14529db45052:group-D9E3D089E5CF changes to CANDIDATE, lastRpcTime:5001, electionTimeout:5001ms
2019-07-13 20:36:14,748 INFO  impl.RoleInfo (RoleInfo.java:shutdownFollowerState(121)) - b300cdca-4c3f-4339-81c3-14529db45052: shutdown FollowerState
2019-07-13 20:36:14,748 INFO  impl.RaftServerImpl (RaftServerImpl.java:setRole(171)) - b300cdca-4c3f-4339-81c3-14529db45052:group-D9E3D089E5CF changes role from FOLLOWER to CANDIDATE at term 0 for changeToCandidate
2019-07-13 20:36:14,749 INFO  impl.RoleInfo (RoleInfo.java:updateAndGet(143)) - b300cdca-4c3f-4339-81c3-14529db45052: start LeaderElection
2019-07-13 20:36:14,756 INFO  impl.FollowerState (FollowerState.java:run(106)) - 5b0d4a84-082a-4cf9-abb4-218c274b1155:group-D9E3D089E5CF changes to CANDIDATE, lastRpcTime:5016, electionTimeout:5014ms
2019-07-13 20:36:14,757 INFO  impl.RoleInfo (RoleInfo.java:shutdownFollowerState(121)) - 5b0d4a84-082a-4cf9-abb4-218c274b1155: shutdown FollowerState
2019-07-13 20:36:14,757 INFO  impl.RaftServerImpl (RaftServerImpl.java:setRole(171)) - 5b0d4a84-082a-4cf9-abb4-218c274b1155:group-D9E3D089E5CF changes role from FOLLOWER to CANDIDATE at term 0 for changeToCandidate
2019-07-13 20:36:14,757 INFO  impl.RoleInfo (RoleInfo.java:updateAndGet(143)) - 5b0d4a84-082a-4cf9-abb4-218c274b1155: start LeaderElection
2019-07-13 20:36:14,774 INFO  impl.FollowerState (FollowerState.java:run(106)) - c6c7b2d1-c5af-4dcc-9988-da4b3ff32668:group-D9E3D089E5CF changes to CANDIDATE, lastRpcTime:5027, electionTimeout:5016ms
2019-07-13 20:36:14,774 INFO  impl.LeaderElection (LeaderElection.java:askForVotes(181)) - b300cdca-4c3f-4339-81c3-14529db45052:group-D9E3D089E5CF:LeaderElection51: begin an election at term 1 for -1: [c6c7b2d1-c5af-4dcc-9988-da4b3ff32668:192.168.5.168:43966, b300cdca-4c3f-4339-81c3-14529db45052:192.168.5.168:34007, 5b0d4a84-082a-4cf9-abb4-218c274b1155:192.168.5.168:35531], old=null
2019-07-13 20:36:14,779 INFO  impl.RoleInfo (RoleInfo.java:shutdownFollowerState(121)) - c6c7b2d1-c5af-4dcc-9988-da4b3ff32668: shutdown FollowerState
2019-07-13 20:36:14,779 INFO  impl.RaftServerImpl (RaftServerImpl.java:setRole(171)) - c6c7b2d1-c5af-4dcc-9988-da4b3ff32668:group-D9E3D089E5CF changes role from FOLLOWER to CANDIDATE at term 0 for changeToCandidate
2019-07-13 20:36:14,779 INFO  impl.RoleInfo (RoleInfo.java:updateAndGet(143)) - c6c7b2d1-c5af-4dcc-9988-da4b3ff32668: start LeaderElection
2019-07-13 20:36:14,784 INFO  impl.LeaderElection (LeaderElection.java:askForVotes(181)) - 5b0d4a84-082a-4cf9-abb4-218c274b1155:group-D9E3D089E5CF:LeaderElection52: begin an election at term 1 for -1: [c6c7b2d1-c5af-4dcc-9988-da4b3ff32668:192.168.5.168:43966, b300cdca-4c3f-4339-81c3-14529db45052:192.168.5.168:34007, 5b0d4a84-082a-4cf9-abb4-218c274b1155:192.168.5.168:35531], old=null
2019-07-13 20:36:14,788 INFO  impl.LeaderElection (LeaderElection.java:askForVotes(181)) - c6c7b2d1-c5af-4dcc-9988-da4b3ff32668:group-D9E3D089E5CF:LeaderElection53: begin an election at term 1 for -1: [c6c7b2d1-c5af-4dcc-9988-da4b3ff32668:192.168.5.168:43966, b300cdca-4c3f-4339-81c3-14529db45052:192.168.5.168:34007, 5b0d4a84-082a-4cf9-abb4-218c274b1155:192.168.5.168:35531], old=null
2019-07-13 20:36:14,800 INFO  impl.LeaderElection (LeaderElection.java:logAndReturn(56)) - b300cdca-4c3f-4339-81c3-14529db45052:group-D9E3D089E5CF:LeaderElection51: Election REJECTED; received 2 response(s) [b300cdca-4c3f-4339-81c3-14529db45052<-c6c7b2d1-c5af-4dcc-9988-da4b3ff32668#0:FAIL-t1, b300cdca-4c3f-4339-81c3-14529db45052<-5b0d4a84-082a-4cf9-abb4-218c274b1155#0:FAIL-t1] and 0 exception(s); b300cdca-4c3f-4339-81c3-14529db45052:t1, leader=null, voted=b300cdca-4c3f-4339-81c3-14529db45052, raftlog=b300cdca-4c3f-4339-81c3-14529db45052-SegmentedRaftLog:OPENED:c-1,f-1,i0, conf=-1: [c6c7b2d1-c5af-4dcc-9988-da4b3ff32668:192.168.5.168:43966, b300cdca-4c3f-4339-81c3-14529db45052:192.168.5.168:34007, 5b0d4a84-082a-4cf9-abb4-218c274b1155:192.168.5.168:35531], old=null
2019-07-13 20:36:14,802 INFO  impl.RaftServerImpl (RaftServerImpl.java:setRole(171)) - b300cdca-4c3f-4339-81c3-14529db45052:group-D9E3D089E5CF changes role from CANDIDATE to FOLLOWER at term 1 for DISCOVERED_A_NEW_TERM
2019-07-13 20:36:14,804 INFO  impl.LeaderElection (LeaderElection.java:logAndReturn(56)) - 5b0d4a84-082a-4cf9-abb4-218c274b1155:group-D9E3D089E5CF:LeaderElection52: Election REJECTED; received 2 response(s) [5b0d4a84-082a-4cf9-abb4-218c274b1155<-c6c7b2d1-c5af-4dcc-9988-da4b3ff32668#0:FAIL-t1, 5b0d4a84-082a-4cf9-abb4-218c274b1155<-b300cdca-4c3f-4339-81c3-14529db45052#0:FAIL-t1] and 0 exception(s); 5b0d4a84-082a-4cf9-abb4-218c274b1155:t1, leader=null, voted=5b0d4a84-082a-4cf9-abb4-218c274b1155, raftlog=5b0d4a84-082a-4cf9-abb4-218c274b1155-SegmentedRaftLog:OPENED:c-1,f-1,i0, conf=-1: [c6c7b2d1-c5af-4dcc-9988-da4b3ff32668:192.168.5.168:43966, b300cdca-4c3f-4339-81c3-14529db45052:192.168.5.168:34007, 5b0d4a84-082a-4cf9-abb4-218c274b1155:192.168.5.168:35531], old=null
2019-07-13 20:36:14,805 INFO  impl.RoleInfo (RoleInfo.java:shutdownLeaderElection(134)) - b300cdca-4c3f-4339-81c3-14529db45052: shutdown LeaderElection
2019-07-13 20:36:14,805 INFO  impl.RaftServerImpl (RaftServerImpl.java:setRole(171)) - 5b0d4a84-082a-4cf9-abb4-218c274b1155:group-D9E3D089E5CF changes role from CANDIDATE to FOLLOWER at term 1 for DISCOVERED_A_NEW_TERM
2019-07-13 20:36:14,809 INFO  impl.RoleInfo (RoleInfo.java:updateAndGet(143)) - b300cdca-4c3f-4339-81c3-14529db45052: start FollowerState
2019-07-13 20:36:14,809 INFO  impl.RoleInfo (RoleInfo.java:shutdownLeaderElection(134)) - 5b0d4a84-082a-4cf9-abb4-218c274b1155: shutdown LeaderElection
2019-07-13 20:36:14,811 INFO  impl.RoleInfo (RoleInfo.java:updateAndGet(143)) - 5b0d4a84-082a-4cf9-abb4-218c274b1155: start FollowerState
2019-07-13 20:36:14,813 INFO  impl.LeaderElection (LeaderElection.java:logAndReturn(56)) - c6c7b2d1-c5af-4dcc-9988-da4b3ff32668:group-D9E3D089E5CF:LeaderElection53: Election REJECTED; received 2 response(s) [c6c7b2d1-c5af-4dcc-9988-da4b3ff32668<-b300cdca-4c3f-4339-81c3-14529db45052#0:FAIL-t1, c6c7b2d1-c5af-4dcc-9988-da4b3ff32668<-5b0d4a84-082a-4cf9-abb4-218c274b1155#0:FAIL-t1] and 0 exception(s); c6c7b2d1-c5af-4dcc-9988-da4b3ff32668:t1, leader=null, voted=c6c7b2d1-c5af-4dcc-9988-da4b3ff32668, raftlog=c6c7b2d1-c5af-4dcc-9988-da4b3ff32668-SegmentedRaftLog:OPENED:c-1,f-1,i0, conf=-1: [c6c7b2d1-c5af-4dcc-9988-da4b3ff32668:192.168.5.168:43966, b300cdca-4c3f-4339-81c3-14529db45052:192.168.5.168:34007, 5b0d4a84-082a-4cf9-abb4-218c274b1155:192.168.5.168:35531], old=null
2019-07-13 20:36:14,813 INFO  impl.RaftServerImpl (RaftServerImpl.java:setRole(171)) - c6c7b2d1-c5af-4dcc-9988-da4b3ff32668:group-D9E3D089E5CF changes role from CANDIDATE to FOLLOWER at term 1 for DISCOVERED_A_NEW_TERM
2019-07-13 20:36:14,815 INFO  impl.RoleInfo (RoleInfo.java:shutdownLeaderElection(134)) - c6c7b2d1-c5af-4dcc-9988-da4b3ff32668: shutdown LeaderElection
2019-07-13 20:36:14,819 INFO  impl.RoleInfo (RoleInfo.java:updateAndGet(143)) - c6c7b2d1-c5af-4dcc-9988-da4b3ff32668: start FollowerState
2019-07-13 20:36:14,877 INFO  impl.FollowerState (FollowerState.java:run(106)) - 5b0d4a84-082a-4cf9-abb4-218c274b1155:group-28A36F599A47 changes to CANDIDATE, lastRpcTime:5191, electionTimeout:5191ms
2019-07-13 20:36:14,877 INFO  impl.RoleInfo (RoleInfo.java:shutdownFollowerState(121)) - 5b0d4a84-082a-4cf9-abb4-218c274b1155: shutdown FollowerState
2019-07-13 20:36:14,877 INFO  impl.RaftServerImpl (RaftServerImpl.java:setRole(171)) - 5b0d4a84-082a-4cf9-abb4-218c274b1155:group-28A36F599A47 changes role from FOLLOWER to CANDIDATE at term 0 for changeToCandidate
2019-07-13 20:36:14,877 INFO  impl.RoleInfo (RoleInfo.java:updateAndGet(143)) - 5b0d4a84-082a-4cf9-abb4-218c274b1155: start LeaderElection
2019-07-13 20:36:14,884 INFO  impl.FollowerState (FollowerState.java:run(106)) - 97ec5d92-66e9-452b-868d-25d7b088b941:group-1EAE80F66EE1 changes to CANDIDATE, lastRpcTime:5055, electionTimeout:5055ms
2019-07-13 20:36:14,884 INFO  impl.RoleInfo (RoleInfo.java:shutdownFollowerState(121)) - 97ec5d92-66e9-452b-868d-25d7b088b941: shutdown FollowerState
2019-07-13 20:36:14,884 INFO  impl.RaftServerImpl (RaftServerImpl.java:setRole(171)) - 97ec5d92-66e9-452b-868d-25d7b088b941:group-1EAE80F66EE1 changes role from FOLLOWER to CANDIDATE at term 0 for changeToCandidate
2019-07-13 20:36:14,884 INFO  impl.RoleInfo (RoleInfo.java:updateAndGet(143)) - 97ec5d92-66e9-452b-868d-25d7b088b941: start LeaderElection
2019-07-13 20:36:14,895 INFO  impl.LeaderElection (LeaderElection.java:askForVotes(181)) - 5b0d4a84-082a-4cf9-abb4-218c274b1155:group-28A36F599A47:LeaderElection54: begin an election at term 1 for -1: [5b0d4a84-082a-4cf9-abb4-218c274b1155:192.168.5.168:35531], old=null
2019-07-13 20:36:14,895 INFO  impl.LeaderElection (LeaderElection.java:askForVotes(181)) - 97ec5d92-66e9-452b-868d-25d7b088b941:group-1EAE80F66EE1:LeaderElection55: begin an election at term 1 for -1: [97ec5d92-66e9-452b-868d-25d7b088b941:192.168.5.168:44391], old=null
2019-07-13 20:36:14,895 INFO  impl.RoleInfo (RoleInfo.java:shutdownLeaderElection(134)) - 5b0d4a84-082a-4cf9-abb4-218c274b1155: shutdown LeaderElection
2019-07-13 20:36:14,895 INFO  impl.RoleInfo (RoleInfo.java:shutdownLeaderElection(134)) - 97ec5d92-66e9-452b-868d-25d7b088b941: shutdown LeaderElection
2019-07-13 20:36:14,895 INFO  impl.RaftServerImpl (RaftServerImpl.java:setRole(171)) - 5b0d4a84-082a-4cf9-abb4-218c274b1155:group-28A36F599A47 changes role from CANDIDATE to LEADER at term 1 for changeToLeader
2019-07-13 20:36:14,895 INFO  impl.RaftServerImpl (RaftServerImpl.java:setRole(171)) - 97ec5d92-66e9-452b-868d-25d7b088b941:group-1EAE80F66EE1 changes role from CANDIDATE to LEADER at term 1 for changeToLeader
2019-07-13 20:36:14,896 INFO  impl.RaftServerImpl (ServerState.java:setLeader(263)) - 5b0d4a84-082a-4cf9-abb4-218c274b1155:group-28A36F599A47 change Leader from null to 5b0d4a84-082a-4cf9-abb4-218c274b1155 at term 1 for becomeLeader, leader elected after 5214ms
2019-07-13 20:36:14,896 INFO  impl.RaftServerImpl (ServerState.java:setLeader(263)) - 97ec5d92-66e9-452b-868d-25d7b088b941:group-1EAE80F66EE1 change Leader from null to 97ec5d92-66e9-452b-868d-25d7b088b941 at term 1 for becomeLeader, leader elected after 5071ms
2019-07-13 20:36:14,898 INFO  server.RaftServerConfigKeys (ConfUtils.java:logGet(43)) - raft.server.staging.catchup.gap = 1000 (default)
2019-07-13 20:36:14,900 INFO  server.RaftServerConfigKeys (ConfUtils.java:logGet(43)) - raft.server.staging.catchup.gap = 1000 (default)
2019-07-13 20:36:14,900 INFO  server.RaftServerConfigKeys (ConfUtils.java:logGet(43)) - raft.server.rpc.sleep.time = 25ms (default)
2019-07-13 20:36:14,900 INFO  server.RaftServerConfigKeys (ConfUtils.java:logGet(43)) - raft.server.rpc.sleep.time = 25ms (default)
2019-07-13 20:36:14,900 INFO  server.RaftServerConfigKeys (ConfUtils.java:logGet(43)) - raft.server.write.element-limit = 4096 (default)
2019-07-13 20:36:14,900 INFO  server.RaftServerConfigKeys (ConfUtils.java:logGet(43)) - raft.server.write.element-limit = 4096 (default)
2019-07-13 20:36:14,901 INFO  server.RaftServerConfigKeys (ConfUtils.java:logGet(43)) - raft.server.watch.timeout = 10s (default)
2019-07-13 20:36:14,901 INFO  server.RaftServerConfigKeys (ConfUtils.java:logGet(43)) - raft.server.watch.timeout = 10s (default)
2019-07-13 20:36:14,901 INFO  server.RaftServerConfigKeys (ConfUtils.java:logGet(43)) - raft.server.watch.timeout.denomination = 1s (default)
2019-07-13 20:36:14,901 INFO  server.RaftServerConfigKeys (ConfUtils.java:logGet(43)) - raft.server.watch.timeout.denomination = 1s (default)
2019-07-13 20:36:14,901 INFO  server.RaftServerConfigKeys (ConfUtils.java:logGet(43)) - raft.server.watch.element-limit = 65536 (default)
2019-07-13 20:36:14,901 INFO  server.RaftServerConfigKeys (ConfUtils.java:logGet(43)) - raft.server.watch.element-limit = 65536 (default)
2019-07-13 20:36:14,901 INFO  impl.RoleInfo (RoleInfo.java:updateAndGet(143)) - 5b0d4a84-082a-4cf9-abb4-218c274b1155: start LeaderState
2019-07-13 20:36:14,902 INFO  impl.RoleInfo (RoleInfo.java:updateAndGet(143)) - 97ec5d92-66e9-452b-868d-25d7b088b941: start LeaderState
2019-07-13 20:36:14,902 INFO  segmented.SegmentedRaftLogWorker (SegmentedRaftLogWorker.java:startLogSegment(380)) - 5b0d4a84-082a-4cf9-abb4-218c274b1155-SegmentedRaftLogWorker:Storage Directory /tmp/workdir/hadoop-ozone/integration-test/target/test-dir/MiniOzoneClusterImpl-48a0a603-d656-4a4b-8099-b970855239bb/datanode-2/data/ratis/a35f85fa-afec-483d-986f-28a36f599a47: Starting segment from index:0
2019-07-13 20:36:14,902 INFO  segmented.SegmentedRaftLogWorker (SegmentedRaftLogWorker.java:startLogSegment(380)) - 97ec5d92-66e9-452b-868d-25d7b088b941-SegmentedRaftLogWorker:Storage Directory /tmp/workdir/hadoop-ozone/integration-test/target/test-dir/MiniOzoneClusterImpl-48a0a603-d656-4a4b-8099-b970855239bb/datanode-3/data/ratis/5352f80e-06b1-4d94-9ec8-1eae80f66ee1: Starting segment from index:0
2019-07-13 20:36:14,902 INFO  impl.RaftServerImpl (ServerState.java:setRaftConf(361)) - 5b0d4a84-082a-4cf9-abb4-218c274b1155:group-28A36F599A47 set configuration 0: [5b0d4a84-082a-4cf9-abb4-218c274b1155:192.168.5.168:35531], old=null at 0
2019-07-13 20:36:14,923 INFO  impl.RaftServerImpl (ServerState.java:setRaftConf(361)) - 97ec5d92-66e9-452b-868d-25d7b088b941:group-1EAE80F66EE1 set configuration 0: [97ec5d92-66e9-452b-868d-25d7b088b941:192.168.5.168:44391], old=null at 0
2019-07-13 20:36:14,943 INFO  segmented.SegmentedRaftLogWorker (SegmentedRaftLogWorker.java:execute(569)) - 5b0d4a84-082a-4cf9-abb4-218c274b1155-SegmentedRaftLogWorker:Storage Directory /tmp/workdir/hadoop-ozone/integration-test/target/test-dir/MiniOzoneClusterImpl-48a0a603-d656-4a4b-8099-b970855239bb/datanode-2/data/ratis/a35f85fa-afec-483d-986f-28a36f599a47: created new log segment /tmp/workdir/hadoop-ozone/integration-test/target/test-dir/MiniOzoneClusterImpl-48a0a603-d656-4a4b-8099-b970855239bb/datanode-2/data/ratis/a35f85fa-afec-483d-986f-28a36f599a47/current/log_inprogress_0
2019-07-13 20:36:14,947 INFO  segmented.SegmentedRaftLogWorker (SegmentedRaftLogWorker.java:execute(569)) - 97ec5d92-66e9-452b-868d-25d7b088b941-SegmentedRaftLogWorker:Storage Directory /tmp/workdir/hadoop-ozone/integration-test/target/test-dir/MiniOzoneClusterImpl-48a0a603-d656-4a4b-8099-b970855239bb/datanode-3/data/ratis/5352f80e-06b1-4d94-9ec8-1eae80f66ee1: created new log segment /tmp/workdir/hadoop-ozone/integration-test/target/test-dir/MiniOzoneClusterImpl-48a0a603-d656-4a4b-8099-b970855239bb/datanode-3/data/ratis/5352f80e-06b1-4d94-9ec8-1eae80f66ee1/current/log_inprogress_0
2019-07-13 20:36:15,147 INFO  impl.FollowerState (FollowerState.java:run(106)) - 5b1afcc0-ccc7-4c94-addb-bd60614cc333:group-6A92939AF9EF changes to CANDIDATE, lastRpcTime:5138, electionTimeout:5138ms
2019-07-13 20:36:15,148 INFO  impl.RoleInfo (RoleInfo.java:shutdownFollowerState(121)) - 5b1afcc0-ccc7-4c94-addb-bd60614cc333: shutdown FollowerState
2019-07-13 20:36:15,148 INFO  impl.RaftServerImpl (RaftServerImpl.java:setRole(171)) - 5b1afcc0-ccc7-4c94-addb-bd60614cc333:group-6A92939AF9EF changes role from FOLLOWER to CANDIDATE at term 0 for changeToCandidate
2019-07-13 20:36:15,148 INFO  impl.RoleInfo (RoleInfo.java:updateAndGet(143)) - 5b1afcc0-ccc7-4c94-addb-bd60614cc333: start LeaderElection
2019-07-13 20:36:15,157 INFO  impl.LeaderElection (LeaderElection.java:askForVotes(181)) - 5b1afcc0-ccc7-4c94-addb-bd60614cc333:group-6A92939AF9EF:LeaderElection56: begin an election at term 1 for -1: [5b1afcc0-ccc7-4c94-addb-bd60614cc333:192.168.5.168:39889], old=null
2019-07-13 20:36:15,157 INFO  impl.RoleInfo (RoleInfo.java:shutdownLeaderElection(134)) - 5b1afcc0-ccc7-4c94-addb-bd60614cc333: shutdown LeaderElection
2019-07-13 20:36:15,158 INFO  impl.RaftServerImpl (RaftServerImpl.java:setRole(171)) - 5b1afcc0-ccc7-4c94-addb-bd60614cc333:group-6A92939AF9EF changes role from CANDIDATE to LEADER at term 1 for changeToLeader
2019-07-13 20:36:15,158 INFO  impl.RaftServerImpl (ServerState.java:setLeader(263)) - 5b1afcc0-ccc7-4c94-addb-bd60614cc333:group-6A92939AF9EF change Leader from null to 5b1afcc0-ccc7-4c94-addb-bd60614cc333 at term 1 for becomeLeader, leader elected after 5153ms
2019-07-13 20:36:15,160 INFO  server.RaftServerConfigKeys (ConfUtils.java:logGet(43)) - raft.server.staging.catchup.gap = 1000 (default)
2019-07-13 20:36:15,160 INFO  server.RaftServerConfigKeys (ConfUtils.java:logGet(43)) - raft.server.rpc.sleep.time = 25ms (default)
2019-07-13 20:36:15,160 INFO  server.RaftServerConfigKeys (ConfUtils.java:logGet(43)) - raft.server.write.element-limit = 4096 (default)
2019-07-13 20:36:15,160 INFO  server.RaftServerConfigKeys (ConfUtils.java:logGet(43)) - raft.server.watch.timeout = 10s (default)
2019-07-13 20:36:15,161 INFO  server.RaftServerConfigKeys (ConfUtils.java:logGet(43)) - raft.server.watch.timeout.denomination = 1s (default)
2019-07-13 20:36:15,161 INFO  server.RaftServerConfigKeys (ConfUtils.java:logGet(43)) - raft.server.watch.element-limit = 65536 (default)
2019-07-13 20:36:15,161 INFO  impl.RoleInfo (RoleInfo.java:updateAndGet(143)) - 5b1afcc0-ccc7-4c94-addb-bd60614cc333: start LeaderState
2019-07-13 20:36:15,161 INFO  segmented.SegmentedRaftLogWorker (SegmentedRaftLogWorker.java:startLogSegment(380)) - 5b1afcc0-ccc7-4c94-addb-bd60614cc333-SegmentedRaftLogWorker:Storage Directory /tmp/workdir/hadoop-ozone/integration-test/target/test-dir/MiniOzoneClusterImpl-48a0a603-d656-4a4b-8099-b970855239bb/datanode-4/data/ratis/7e7a5ad9-1cfd-4dee-b4b7-6a92939af9ef: Starting segment from index:0
2019-07-13 20:36:15,162 INFO  impl.RaftServerImpl (ServerState.java:setRaftConf(361)) - 5b1afcc0-ccc7-4c94-addb-bd60614cc333:group-6A92939AF9EF set configuration 0: [5b1afcc0-ccc7-4c94-addb-bd60614cc333:192.168.5.168:39889], old=null at 0
2019-07-13 20:36:15,185 INFO  segmented.SegmentedRaftLogWorker (SegmentedRaftLogWorker.java:execute(569)) - 5b1afcc0-ccc7-4c94-addb-bd60614cc333-SegmentedRaftLogWorker:Storage Directory /tmp/workdir/hadoop-ozone/integration-test/target/test-dir/MiniOzoneClusterImpl-48a0a603-d656-4a4b-8099-b970855239bb/datanode-4/data/ratis/7e7a5ad9-1cfd-4dee-b4b7-6a92939af9ef: created new log segment /tmp/workdir/hadoop-ozone/integration-test/target/test-dir/MiniOzoneClusterImpl-48a0a603-d656-4a4b-8099-b970855239bb/datanode-4/data/ratis/7e7a5ad9-1cfd-4dee-b4b7-6a92939af9ef/current/log_inprogress_0
2019-07-13 20:36:15,255 INFO  impl.FollowerState (FollowerState.java:run(106)) - 97ec5d92-66e9-452b-868d-25d7b088b941:group-5F514C095CB9 changes to CANDIDATE, lastRpcTime:5047, electionTimeout:5047ms
2019-07-13 20:36:15,255 INFO  impl.RoleInfo (RoleInfo.java:shutdownFollowerState(121)) - 97ec5d92-66e9-452b-868d-25d7b088b941: shutdown FollowerState
2019-07-13 20:36:15,256 INFO  impl.RaftServerImpl (RaftServerImpl.java:setRole(171)) - 97ec5d92-66e9-452b-868d-25d7b088b941:group-5F514C095CB9 changes role from FOLLOWER to CANDIDATE at term 0 for changeToCandidate
2019-07-13 20:36:15,256 INFO  impl.RoleInfo (RoleInfo.java:updateAndGet(143)) - 97ec5d92-66e9-452b-868d-25d7b088b941: start LeaderElection
2019-07-13 20:36:15,273 INFO  impl.LeaderElection (LeaderElection.java:askForVotes(181)) - 97ec5d92-66e9-452b-868d-25d7b088b941:group-5F514C095CB9:LeaderElection57: begin an election at term 1 for -1: [aca216f7-8a74-4471-98d0-6caf821f75e2:192.168.5.168:36617, 97ec5d92-66e9-452b-868d-25d7b088b941:192.168.5.168:44391, 5b1afcc0-ccc7-4c94-addb-bd60614cc333:192.168.5.168:39889], old=null
2019-07-13 20:36:15,282 INFO  impl.RaftServerImpl (RaftServerImpl.java:setRole(171)) - aca216f7-8a74-4471-98d0-6caf821f75e2:group-5F514C095CB9 changes role from FOLLOWER to FOLLOWER at term 1 for recognizeCandidate:97ec5d92-66e9-452b-868d-25d7b088b941
2019-07-13 20:36:15,282 INFO  impl.RaftServerImpl (RaftServerImpl.java:setRole(171)) - 5b1afcc0-ccc7-4c94-addb-bd60614cc333:group-5F514C095CB9 changes role from FOLLOWER to FOLLOWER at term 1 for recognizeCandidate:97ec5d92-66e9-452b-868d-25d7b088b941
2019-07-13 20:36:15,282 INFO  impl.RoleInfo (RoleInfo.java:shutdownFollowerState(121)) - aca216f7-8a74-4471-98d0-6caf821f75e2: shutdown FollowerState
2019-07-13 20:36:15,283 INFO  impl.RoleInfo (RoleInfo.java:shutdownFollowerState(121)) - 5b1afcc0-ccc7-4c94-addb-bd60614cc333: shutdown FollowerState
2019-07-13 20:36:15,283 INFO  impl.RoleInfo (RoleInfo.java:updateAndGet(143)) - aca216f7-8a74-4471-98d0-6caf821f75e2: start FollowerState
2019-07-13 20:36:15,283 INFO  impl.FollowerState (FollowerState.java:run(114)) - aca216f7-8a74-4471-98d0-6caf821f75e2: FollowerState was interrupted: java.lang.InterruptedException: sleep interrupted
2019-07-13 20:36:15,283 INFO  impl.RoleInfo (RoleInfo.java:updateAndGet(143)) - 5b1afcc0-ccc7-4c94-addb-bd60614cc333: start FollowerState
2019-07-13 20:36:15,283 INFO  impl.FollowerState (FollowerState.java:run(114)) - 5b1afcc0-ccc7-4c94-addb-bd60614cc333: FollowerState was interrupted: java.lang.InterruptedException: sleep interrupted
2019-07-13 20:36:15,300 INFO  impl.LeaderElection (LeaderElection.java:logAndReturn(56)) - 97ec5d92-66e9-452b-868d-25d7b088b941:group-5F514C095CB9:LeaderElection57: Election PASSED; received 1 response(s) [97ec5d92-66e9-452b-868d-25d7b088b941<-5b1afcc0-ccc7-4c94-addb-bd60614cc333#0:OK-t1] and 0 exception(s); 97ec5d92-66e9-452b-868d-25d7b088b941:t1, leader=null, voted=97ec5d92-66e9-452b-868d-25d7b088b941, raftlog=97ec5d92-66e9-452b-868d-25d7b088b941-SegmentedRaftLog:OPENED:c-1,f-1,i0, conf=-1: [aca216f7-8a74-4471-98d0-6caf821f75e2:192.168.5.168:36617, 97ec5d92-66e9-452b-868d-25d7b088b941:192.168.5.168:44391, 5b1afcc0-ccc7-4c94-addb-bd60614cc333:192.168.5.168:39889], old=null
2019-07-13 20:36:15,301 INFO  impl.RoleInfo (RoleInfo.java:shutdownLeaderElection(134)) - 97ec5d92-66e9-452b-868d-25d7b088b941: shutdown LeaderElection
2019-07-13 20:36:15,303 INFO  impl.RaftServerImpl (RaftServerImpl.java:setRole(171)) - 97ec5d92-66e9-452b-868d-25d7b088b941:group-5F514C095CB9 changes role from CANDIDATE to LEADER at term 1 for changeToLeader
2019-07-13 20:36:15,303 INFO  impl.RaftServerImpl (ServerState.java:setLeader(263)) - 97ec5d92-66e9-452b-868d-25d7b088b941:group-5F514C095CB9 change Leader from null to 97ec5d92-66e9-452b-868d-25d7b088b941 at term 1 for becomeLeader, leader elected after 5102ms
2019-07-13 20:36:15,303 INFO  server.RaftServerConfigKeys (ConfUtils.java:logGet(43)) - raft.server.staging.catchup.gap = 1000 (default)
2019-07-13 20:36:15,304 INFO  server.RaftServerConfigKeys (ConfUtils.java:logGet(43)) - raft.server.rpc.sleep.time = 25ms (default)
2019-07-13 20:36:15,304 INFO  server.RaftServerConfigKeys (ConfUtils.java:logGet(43)) - raft.server.write.element-limit = 4096 (default)
2019-07-13 20:36:15,304 INFO  server.RaftServerConfigKeys (ConfUtils.java:logGet(43)) - raft.server.watch.timeout = 10s (default)
2019-07-13 20:36:15,304 INFO  server.RaftServerConfigKeys (ConfUtils.java:logGet(43)) - raft.server.watch.timeout.denomination = 1s (default)
2019-07-13 20:36:15,304 INFO  server.RaftServerConfigKeys (ConfUtils.java:logGet(43)) - raft.server.watch.element-limit = 65536 (default)
2019-07-13 20:36:15,305 INFO  server.RaftServerConfigKeys (ConfUtils.java:logGet(43)) - raft.server.log.appender.snapshot.chunk.size.max = 16MB (=16777216) (default)
2019-07-13 20:36:15,305 INFO  server.RaftServerConfigKeys (ConfUtils.java:logGet(43)) - raft.server.log.appender.buffer.byte-limit = 33554432 (custom)
2019-07-13 20:36:15,305 INFO  server.RaftServerConfigKeys (ConfUtils.java:logGet(43)) - raft.server.log.appender.buffer.element-limit = 1 (custom)
2019-07-13 20:36:15,305 INFO  grpc.GrpcConfigKeys$Server (ConfUtils.java:logGet(43)) - raft.grpc.server.leader.outstanding.appends.max = 128 (default)
2019-07-13 20:36:15,306 INFO  server.RaftServerConfigKeys (ConfUtils.java:logGet(43)) - raft.server.rpc.request.timeout = 3000ms (default)
2019-07-13 20:36:15,306 INFO  server.RaftServerConfigKeys (ConfUtils.java:logGet(43)) - raft.server.log.appender.install.snapshot.enabled = false (custom)
2019-07-13 20:36:15,306 INFO  server.RaftServerConfigKeys (ConfUtils.java:logGet(43)) - raft.server.log.appender.snapshot.chunk.size.max = 16MB (=16777216) (default)
2019-07-13 20:36:15,306 INFO  server.RaftServerConfigKeys (ConfUtils.java:logGet(43)) - raft.server.log.appender.buffer.byte-limit = 33554432 (custom)
2019-07-13 20:36:15,306 INFO  server.RaftServerConfigKeys (ConfUtils.java:logGet(43)) - raft.server.log.appender.buffer.element-limit = 1 (custom)
2019-07-13 20:36:15,307 INFO  grpc.GrpcConfigKeys$Server (ConfUtils.java:logGet(43)) - raft.grpc.server.leader.outstanding.appends.max = 128 (default)
2019-07-13 20:36:15,307 INFO  server.RaftServerConfigKeys (ConfUtils.java:logGet(43)) - raft.server.rpc.request.timeout = 3000ms (default)
2019-07-13 20:36:15,307 INFO  server.RaftServerConfigKeys (ConfUtils.java:logGet(43)) - raft.server.log.appender.install.snapshot.enabled = false (custom)
2019-07-13 20:36:15,307 INFO  impl.RoleInfo (RoleInfo.java:updateAndGet(143)) - 97ec5d92-66e9-452b-868d-25d7b088b941: start LeaderState
2019-07-13 20:36:15,308 INFO  segmented.SegmentedRaftLogWorker (SegmentedRaftLogWorker.java:startLogSegment(380)) - 97ec5d92-66e9-452b-868d-25d7b088b941-SegmentedRaftLogWorker:Storage Directory /tmp/workdir/hadoop-ozone/integration-test/target/test-dir/MiniOzoneClusterImpl-48a0a603-d656-4a4b-8099-b970855239bb/datanode-3/data/ratis/a1e574df-02cd-406c-849a-5f514c095cb9: Starting segment from index:0
2019-07-13 20:36:15,309 INFO  impl.RaftServerImpl (ServerState.java:setRaftConf(361)) - 97ec5d92-66e9-452b-868d-25d7b088b941:group-5F514C095CB9 set configuration 0: [aca216f7-8a74-4471-98d0-6caf821f75e2:192.168.5.168:36617, 97ec5d92-66e9-452b-868d-25d7b088b941:192.168.5.168:44391, 5b1afcc0-ccc7-4c94-addb-bd60614cc333:192.168.5.168:39889], old=null at 0
2019-07-13 20:36:15,329 INFO  impl.FollowerState (FollowerState.java:run(106)) - aca216f7-8a74-4471-98d0-6caf821f75e2:group-C148C60C849D changes to CANDIDATE, lastRpcTime:5163, electionTimeout:5146ms
2019-07-13 20:36:15,329 INFO  impl.RoleInfo (RoleInfo.java:shutdownFollowerState(121)) - aca216f7-8a74-4471-98d0-6caf821f75e2: shutdown FollowerState
2019-07-13 20:36:15,330 INFO  impl.RaftServerImpl (RaftServerImpl.java:setRole(171)) - aca216f7-8a74-4471-98d0-6caf821f75e2:group-C148C60C849D changes role from FOLLOWER to CANDIDATE at term 0 for changeToCandidate
2019-07-13 20:36:15,330 INFO  impl.RoleInfo (RoleInfo.java:updateAndGet(143)) - aca216f7-8a74-4471-98d0-6caf821f75e2: start LeaderElection
2019-07-13 20:36:15,339 INFO  impl.RaftServerImpl (ServerState.java:setLeader(263)) - 5b1afcc0-ccc7-4c94-addb-bd60614cc333:group-5F514C095CB9 change Leader from null to 97ec5d92-66e9-452b-868d-25d7b088b941 at term 1 for appendEntries, leader elected after 5138ms
2019-07-13 20:36:15,339 INFO  impl.RaftServerImpl (ServerState.java:setLeader(263)) - aca216f7-8a74-4471-98d0-6caf821f75e2:group-5F514C095CB9 change Leader from null to 97ec5d92-66e9-452b-868d-25d7b088b941 at term 1 for appendEntries, leader elected after 5138ms
2019-07-13 20:36:15,341 INFO  segmented.SegmentedRaftLogWorker (SegmentedRaftLogWorker.java:execute(569)) - 97ec5d92-66e9-452b-868d-25d7b088b941-SegmentedRaftLogWorker:Storage Directory /tmp/workdir/hadoop-ozone/integration-test/target/test-dir/MiniOzoneClusterImpl-48a0a603-d656-4a4b-8099-b970855239bb/datanode-3/data/ratis/a1e574df-02cd-406c-849a-5f514c095cb9: created new log segment /tmp/workdir/hadoop-ozone/integration-test/target/test-dir/MiniOzoneClusterImpl-48a0a603-d656-4a4b-8099-b970855239bb/datanode-3/data/ratis/a1e574df-02cd-406c-849a-5f514c095cb9/current/log_inprogress_0
2019-07-13 20:36:15,341 INFO  impl.LeaderElection (LeaderElection.java:askForVotes(181)) - aca216f7-8a74-4471-98d0-6caf821f75e2:group-C148C60C849D:LeaderElection58: begin an election at term 1 for -1: [aca216f7-8a74-4471-98d0-6caf821f75e2:192.168.5.168:36617], old=null
2019-07-13 20:36:15,341 INFO  impl.RoleInfo (RoleInfo.java:shutdownLeaderElection(134)) - aca216f7-8a74-4471-98d0-6caf821f75e2: shutdown LeaderElection
2019-07-13 20:36:15,341 INFO  impl.RaftServerImpl (RaftServerImpl.java:setRole(171)) - aca216f7-8a74-4471-98d0-6caf821f75e2:group-C148C60C849D changes role from CANDIDATE to LEADER at term 1 for changeToLeader
2019-07-13 20:36:15,341 INFO  impl.RaftServerImpl (ServerState.java:setLeader(263)) - aca216f7-8a74-4471-98d0-6caf821f75e2:group-C148C60C849D change Leader from null to aca216f7-8a74-4471-98d0-6caf821f75e2 at term 1 for becomeLeader, leader elected after 5180ms
2019-07-13 20:36:15,344 INFO  server.RaftServerConfigKeys (ConfUtils.java:logGet(43)) - raft.server.staging.catchup.gap = 1000 (default)
2019-07-13 20:36:15,344 INFO  server.RaftServerConfigKeys (ConfUtils.java:logGet(43)) - raft.server.rpc.sleep.time = 25ms (default)
2019-07-13 20:36:15,344 INFO  server.RaftServerConfigKeys (ConfUtils.java:logGet(43)) - raft.server.write.element-limit = 4096 (default)
2019-07-13 20:36:15,344 INFO  server.RaftServerConfigKeys (ConfUtils.java:logGet(43)) - raft.server.watch.timeout = 10s (default)
2019-07-13 20:36:15,344 INFO  server.RaftServerConfigKeys (ConfUtils.java:logGet(43)) - raft.server.watch.timeout.denomination = 1s (default)
2019-07-13 20:36:15,344 INFO  impl.RaftServerImpl (ServerState.java:setRaftConf(361)) - 5b1afcc0-ccc7-4c94-addb-bd60614cc333:group-5F514C095CB9 set configuration 0: [aca216f7-8a74-4471-98d0-6caf821f75e2:192.168.5.168:36617, 97ec5d92-66e9-452b-868d-25d7b088b941:192.168.5.168:44391, 5b1afcc0-ccc7-4c94-addb-bd60614cc333:192.168.5.168:39889], old=null at 0
2019-07-13 20:36:15,344 INFO  server.RaftServerConfigKeys (ConfUtils.java:logGet(43)) - raft.server.watch.element-limit = 65536 (default)
2019-07-13 20:36:15,344 INFO  impl.RaftServerImpl (ServerState.java:setRaftConf(361)) - aca216f7-8a74-4471-98d0-6caf821f75e2:group-5F514C095CB9 set configuration 0: [aca216f7-8a74-4471-98d0-6caf821f75e2:192.168.5.168:36617, 97ec5d92-66e9-452b-868d-25d7b088b941:192.168.5.168:44391, 5b1afcc0-ccc7-4c94-addb-bd60614cc333:192.168.5.168:39889], old=null at 0
2019-07-13 20:36:15,345 INFO  impl.RoleInfo (RoleInfo.java:updateAndGet(143)) - aca216f7-8a74-4471-98d0-6caf821f75e2: start LeaderState
2019-07-13 20:36:15,345 INFO  segmented.SegmentedRaftLogWorker (SegmentedRaftLogWorker.java:startLogSegment(380)) - 5b1afcc0-ccc7-4c94-addb-bd60614cc333-SegmentedRaftLogWorker:Storage Directory /tmp/workdir/hadoop-ozone/integration-test/target/test-dir/MiniOzoneClusterImpl-48a0a603-d656-4a4b-8099-b970855239bb/datanode-4/data/ratis/a1e574df-02cd-406c-849a-5f514c095cb9: Starting segment from index:0
2019-07-13 20:36:15,345 INFO  segmented.SegmentedRaftLogWorker (SegmentedRaftLogWorker.java:startLogSegment(380)) - aca216f7-8a74-4471-98d0-6caf821f75e2-SegmentedRaftLogWorker:Storage Directory /tmp/workdir/hadoop-ozone/integration-test/target/test-dir/MiniOzoneClusterImpl-48a0a603-d656-4a4b-8099-b970855239bb/datanode-5/data/ratis/822b6f07-68d2-46a2-b445-c148c60c849d: Starting segment from index:0
2019-07-13 20:36:15,345 INFO  segmented.SegmentedRaftLogWorker (SegmentedRaftLogWorker.java:startLogSegment(380)) - aca216f7-8a74-4471-98d0-6caf821f75e2-SegmentedRaftLogWorker:Storage Directory /tmp/workdir/hadoop-ozone/integration-test/target/test-dir/MiniOzoneClusterImpl-48a0a603-d656-4a4b-8099-b970855239bb/datanode-5/data/ratis/a1e574df-02cd-406c-849a-5f514c095cb9: Starting segment from index:0
2019-07-13 20:36:15,346 INFO  impl.RaftServerImpl (ServerState.java:setRaftConf(361)) - aca216f7-8a74-4471-98d0-6caf821f75e2:group-C148C60C849D set configuration 0: [aca216f7-8a74-4471-98d0-6caf821f75e2:192.168.5.168:36617], old=null at 0
2019-07-13 20:36:15,373 INFO  segmented.SegmentedRaftLogWorker (SegmentedRaftLogWorker.java:execute(569)) - 5b1afcc0-ccc7-4c94-addb-bd60614cc333-SegmentedRaftLogWorker:Storage Directory /tmp/workdir/hadoop-ozone/integration-test/target/test-dir/MiniOzoneClusterImpl-48a0a603-d656-4a4b-8099-b970855239bb/datanode-4/data/ratis/a1e574df-02cd-406c-849a-5f514c095cb9: created new log segment /tmp/workdir/hadoop-ozone/integration-test/target/test-dir/MiniOzoneClusterImpl-48a0a603-d656-4a4b-8099-b970855239bb/datanode-4/data/ratis/a1e574df-02cd-406c-849a-5f514c095cb9/current/log_inprogress_0
2019-07-13 20:36:15,373 INFO  segmented.SegmentedRaftLogWorker (SegmentedRaftLogWorker.java:execute(569)) - aca216f7-8a74-4471-98d0-6caf821f75e2-SegmentedRaftLogWorker:Storage Directory /tmp/workdir/hadoop-ozone/integration-test/target/test-dir/MiniOzoneClusterImpl-48a0a603-d656-4a4b-8099-b970855239bb/datanode-5/data/ratis/822b6f07-68d2-46a2-b445-c148c60c849d: created new log segment /tmp/workdir/hadoop-ozone/integration-test/target/test-dir/MiniOzoneClusterImpl-48a0a603-d656-4a4b-8099-b970855239bb/datanode-5/data/ratis/822b6f07-68d2-46a2-b445-c148c60c849d/current/log_inprogress_0
2019-07-13 20:36:15,391 INFO  segmented.SegmentedRaftLogWorker (SegmentedRaftLogWorker.java:execute(569)) - aca216f7-8a74-4471-98d0-6caf821f75e2-SegmentedRaftLogWorker:Storage Directory /tmp/workdir/hadoop-ozone/integration-test/target/test-dir/MiniOzoneClusterImpl-48a0a603-d656-4a4b-8099-b970855239bb/datanode-5/data/ratis/a1e574df-02cd-406c-849a-5f514c095cb9: created new log segment /tmp/workdir/hadoop-ozone/integration-test/target/test-dir/MiniOzoneClusterImpl-48a0a603-d656-4a4b-8099-b970855239bb/datanode-5/data/ratis/a1e574df-02cd-406c-849a-5f514c095cb9/current/log_inprogress_0
2019-07-13 20:36:15,424 INFO  client.GrpcClientProtocolClient (GrpcClientProtocolClient.java:onNext(255)) - client-80C08A2ED797->43bbb1e3-d8e3-43e7-9a1a-0cd13e6b3848: receive RaftClientReply:client-80C08A2ED797->43bbb1e3-d8e3-43e7-9a1a-0cd13e6b3848@group-8BF6A04A4543, cid=148, FAILED org.apache.ratis.protocol.NotLeaderException: Server 43bbb1e3-d8e3-43e7-9a1a-0cd13e6b3848 is not the leader (null). Request must be sent to leader., logIndex=0, commits[43bbb1e3-d8e3-43e7-9a1a-0cd13e6b3848:c-1]
2019-07-13 20:36:15,442 INFO  impl.FollowerState (FollowerState.java:run(106)) - 43bbb1e3-d8e3-43e7-9a1a-0cd13e6b3848:group-8BF6A04A4543 changes to CANDIDATE, lastRpcTime:5096, electionTimeout:5096ms
2019-07-13 20:36:15,442 INFO  impl.RoleInfo (RoleInfo.java:shutdownFollowerState(121)) - 43bbb1e3-d8e3-43e7-9a1a-0cd13e6b3848: shutdown FollowerState
2019-07-13 20:36:15,443 INFO  impl.RaftServerImpl (RaftServerImpl.java:setRole(171)) - 43bbb1e3-d8e3-43e7-9a1a-0cd13e6b3848:group-8BF6A04A4543 changes role from FOLLOWER to CANDIDATE at term 0 for changeToCandidate
2019-07-13 20:36:15,443 INFO  impl.RoleInfo (RoleInfo.java:updateAndGet(143)) - 43bbb1e3-d8e3-43e7-9a1a-0cd13e6b3848: start LeaderElection
2019-07-13 20:36:15,458 INFO  impl.LeaderElection (LeaderElection.java:askForVotes(181)) - 43bbb1e3-d8e3-43e7-9a1a-0cd13e6b3848:group-8BF6A04A4543:LeaderElection59: begin an election at term 1 for -1: [43bbb1e3-d8e3-43e7-9a1a-0cd13e6b3848:192.168.5.168:43802], old=null
2019-07-13 20:36:15,458 INFO  impl.RoleInfo (RoleInfo.java:shutdownLeaderElection(134)) - 43bbb1e3-d8e3-43e7-9a1a-0cd13e6b3848: shutdown LeaderElection
2019-07-13 20:36:15,458 INFO  impl.RaftServerImpl (RaftServerImpl.java:setRole(171)) - 43bbb1e3-d8e3-43e7-9a1a-0cd13e6b3848:group-8BF6A04A4543 changes role from CANDIDATE to LEADER at term 1 for changeToLeader
2019-07-13 20:36:15,458 INFO  impl.RaftServerImpl (ServerState.java:setLeader(263)) - 43bbb1e3-d8e3-43e7-9a1a-0cd13e6b3848:group-8BF6A04A4543 change Leader from null to 43bbb1e3-d8e3-43e7-9a1a-0cd13e6b3848 at term 1 for becomeLeader, leader elected after 5116ms
2019-07-13 20:36:15,461 INFO  server.RaftServerConfigKeys (ConfUtils.java:logGet(43)) - raft.server.staging.catchup.gap = 1000 (default)
2019-07-13 20:36:15,461 INFO  server.RaftServerConfigKeys (ConfUtils.java:logGet(43)) - raft.server.rpc.sleep.time = 25ms (default)
2019-07-13 20:36:15,462 INFO  server.RaftServerConfigKeys (ConfUtils.java:logGet(43)) - raft.server.write.element-limit = 4096 (default)
2019-07-13 20:36:15,462 INFO  server.RaftServerConfigKeys (ConfUtils.java:logGet(43)) - raft.server.watch.timeout = 10s (default)
2019-07-13 20:36:15,462 INFO  server.RaftServerConfigKeys (ConfUtils.java:logGet(43)) - raft.server.watch.timeout.denomination = 1s (default)
2019-07-13 20:36:15,462 INFO  server.RaftServerConfigKeys (ConfUtils.java:logGet(43)) - raft.server.watch.element-limit = 65536 (default)
2019-07-13 20:36:15,462 INFO  impl.RoleInfo (RoleInfo.java:updateAndGet(143)) - 43bbb1e3-d8e3-43e7-9a1a-0cd13e6b3848: start LeaderState
2019-07-13 20:36:15,463 INFO  segmented.SegmentedRaftLogWorker (SegmentedRaftLogWorker.java:startLogSegment(380)) - 43bbb1e3-d8e3-43e7-9a1a-0cd13e6b3848-SegmentedRaftLogWorker:Storage Directory /tmp/workdir/hadoop-ozone/integration-test/target/test-dir/MiniOzoneClusterImpl-48a0a603-d656-4a4b-8099-b970855239bb/datanode-6/data/ratis/ebfe3356-0975-422d-a67b-8bf6a04a4543: Starting segment from index:0
2019-07-13 20:36:15,463 INFO  impl.RaftServerImpl (ServerState.java:setRaftConf(361)) - 43bbb1e3-d8e3-43e7-9a1a-0cd13e6b3848:group-8BF6A04A4543 set configuration 0: [43bbb1e3-d8e3-43e7-9a1a-0cd13e6b3848:192.168.5.168:43802], old=null at 0
2019-07-13 20:36:15,496 INFO  segmented.SegmentedRaftLogWorker (SegmentedRaftLogWorker.java:execute(569)) - 43bbb1e3-d8e3-43e7-9a1a-0cd13e6b3848-SegmentedRaftLogWorker:Storage Directory /tmp/workdir/hadoop-ozone/integration-test/target/test-dir/MiniOzoneClusterImpl-48a0a603-d656-4a4b-8099-b970855239bb/datanode-6/data/ratis/ebfe3356-0975-422d-a67b-8bf6a04a4543: created new log segment /tmp/workdir/hadoop-ozone/integration-test/target/test-dir/MiniOzoneClusterImpl-48a0a603-d656-4a4b-8099-b970855239bb/datanode-6/data/ratis/ebfe3356-0975-422d-a67b-8bf6a04a4543/current/log_inprogress_0
2019-07-13 20:36:17,544 INFO  client.GrpcClientProtocolClient (GrpcClientProtocolClient.java:onNext(255)) - client-80C08A2ED797->43bbb1e3-d8e3-43e7-9a1a-0cd13e6b3848: receive RaftClientReply:client-80C08A2ED797->43bbb1e3-d8e3-43e7-9a1a-0cd13e6b3848@group-8BF6A04A4543, cid=148, SUCCESS, logIndex=1, commits[43bbb1e3-d8e3-43e7-9a1a-0cd13e6b3848:c1]
2019-07-13 20:36:17,566 INFO  client.GrpcClientProtocolClient (GrpcClientProtocolClient.java:onNext(255)) - client-80C08A2ED797->43bbb1e3-d8e3-43e7-9a1a-0cd13e6b3848: receive RaftClientReply:client-80C08A2ED797->43bbb1e3-d8e3-43e7-9a1a-0cd13e6b3848@group-8BF6A04A4543, cid=149, SUCCESS, logIndex=3, commits[43bbb1e3-d8e3-43e7-9a1a-0cd13e6b3848:c7]
2019-07-13 20:36:17,613 INFO  client.GrpcClientProtocolClient (GrpcClientProtocolClient.java:onNext(255)) - client-80C08A2ED797->43bbb1e3-d8e3-43e7-9a1a-0cd13e6b3848: receive RaftClientReply:client-80C08A2ED797->43bbb1e3-d8e3-43e7-9a1a-0cd13e6b3848@group-8BF6A04A4543, cid=150, SUCCESS, logIndex=4, commits[43bbb1e3-d8e3-43e7-9a1a-0cd13e6b3848:c9]
2019-07-13 20:36:17,616 INFO  client.GrpcClientProtocolClient (GrpcClientProtocolClient.java:onNext(255)) - client-80C08A2ED797->43bbb1e3-d8e3-43e7-9a1a-0cd13e6b3848: receive RaftClientReply:client-80C08A2ED797->43bbb1e3-d8e3-43e7-9a1a-0cd13e6b3848@group-8BF6A04A4543, cid=151, SUCCESS, logIndex=5, commits[43bbb1e3-d8e3-43e7-9a1a-0cd13e6b3848:c9]
2019-07-13 20:36:17,617 INFO  client.GrpcClientProtocolClient (GrpcClientProtocolClient.java:onNext(255)) - client-80C08A2ED797->43bbb1e3-d8e3-43e7-9a1a-0cd13e6b3848: receive RaftClientReply:client-80C08A2ED797->43bbb1e3-d8e3-43e7-9a1a-0cd13e6b3848@group-8BF6A04A4543, cid=152, SUCCESS, logIndex=6, commits[43bbb1e3-d8e3-43e7-9a1a-0cd13e6b3848:c9]
2019-07-13 20:36:17,618 INFO  client.GrpcClientProtocolClient (GrpcClientProtocolClient.java:onNext(255)) - client-80C08A2ED797->43bbb1e3-d8e3-43e7-9a1a-0cd13e6b3848: receive RaftClientReply:client-80C08A2ED797->43bbb1e3-d8e3-43e7-9a1a-0cd13e6b3848@group-8BF6A04A4543, cid=153, SUCCESS, logIndex=7, commits[43bbb1e3-d8e3-43e7-9a1a-0cd13e6b3848:c9]
2019-07-13 20:36:17,641 INFO  client.GrpcClientProtocolClient (GrpcClientProtocolClient.java:onNext(255)) - client-80C08A2ED797->43bbb1e3-d8e3-43e7-9a1a-0cd13e6b3848: receive RaftClientReply:client-80C08A2ED797->43bbb1e3-d8e3-43e7-9a1a-0cd13e6b3848@group-8BF6A04A4543, cid=154, SUCCESS, logIndex=10, commits[43bbb1e3-d8e3-43e7-9a1a-0cd13e6b3848:c11]
2019-07-13 20:36:17,642 INFO  client.GrpcClientProtocolClient (GrpcClientProtocolClient.java:onNext(255)) - client-80C08A2ED797->43bbb1e3-d8e3-43e7-9a1a-0cd13e6b3848: receive RaftClientReply:client-80C08A2ED797->43bbb1e3-d8e3-43e7-9a1a-0cd13e6b3848@group-8BF6A04A4543, cid=155, SUCCESS, logIndex=11, commits[43bbb1e3-d8e3-43e7-9a1a-0cd13e6b3848:c12]
2019-07-13 20:36:17,646 INFO  container.CloseContainerEventHandler (CloseContainerEventHandler.java:onMessage(61)) - Close container Event triggered for container : #1
2019-07-13 20:36:19,581 INFO  interfaces.Container (KeyValueContainer.java:compactDB(356)) - Container 1 is closed with bcsId 11.
20:36:19.654 [grpc-default-executor-7] ERROR DNAudit - user=null | ip=null | op=WRITE_CHUNK {blockData=conID: 1 locID: 102436056031297547 bcsId: 11} | ret=FAILURE
org.apache.hadoop.hdds.scm.container.common.helpers.ContainerNotOpenException: Container 1 in CLOSED state
	at org.apache.hadoop.ozone.container.common.impl.HddsDispatcher.validateContainerCommand(HddsDispatcher.java:408) ~[hadoop-hdds-container-service-0.5.0-SNAPSHOT.jar:?]
	at org.apache.hadoop.ozone.container.common.transport.server.ratis.ContainerStateMachine.startTransaction(ContainerStateMachine.java:271) ~[hadoop-hdds-container-service-0.5.0-SNAPSHOT.jar:?]
	at org.apache.ratis.server.impl.RaftServerImpl.submitClientRequestAsync(RaftServerImpl.java:566) ~[ratis-server-0.4.0-2337318-SNAPSHOT.jar:0.4.0-2337318-SNAPSHOT]
	at org.apache.ratis.server.impl.RaftServerProxy.lambda$submitClientRequestAsync$7(RaftServerProxy.java:333) ~[ratis-server-0.4.0-2337318-SNAPSHOT.jar:0.4.0-2337318-SNAPSHOT]
	at org.apache.ratis.server.impl.RaftServerProxy.lambda$null$5(RaftServerProxy.java:328) ~[ratis-server-0.4.0-2337318-SNAPSHOT.jar:0.4.0-2337318-SNAPSHOT]
	at org.apache.ratis.util.JavaUtils.callAsUnchecked(JavaUtils.java:109) ~[ratis-common-0.4.0-2337318-SNAPSHOT.jar:0.4.0-2337318-SNAPSHOT]
	at org.apache.ratis.server.impl.RaftServerProxy.lambda$submitRequest$6(RaftServerProxy.java:328) ~[ratis-server-0.4.0-2337318-SNAPSHOT.jar:0.4.0-2337318-SNAPSHOT]
	at java.util.concurrent.CompletableFuture.uniComposeStage(CompletableFuture.java:981) ~[?:1.8.0_212]
	at java.util.concurrent.CompletableFuture.thenCompose(CompletableFuture.java:2124) ~[?:1.8.0_212]
	at org.apache.ratis.server.impl.RaftServerProxy.submitRequest(RaftServerProxy.java:327) ~[ratis-server-0.4.0-2337318-SNAPSHOT.jar:0.4.0-2337318-SNAPSHOT]
	at org.apache.ratis.server.impl.RaftServerProxy.submitClientRequestAsync(RaftServerProxy.java:333) ~[ratis-server-0.4.0-2337318-SNAPSHOT.jar:0.4.0-2337318-SNAPSHOT]
	at org.apache.ratis.grpc.client.GrpcClientProtocolService$RequestStreamObserver.processClientRequest(GrpcClientProtocolService.java:220) ~[ratis-grpc-0.4.0-2337318-SNAPSHOT.jar:0.4.0-2337318-SNAPSHOT]
	at org.apache.ratis.grpc.client.GrpcClientProtocolService$OrderedRequestStreamObserver.processClientRequest(GrpcClientProtocolService.java:326) ~[ratis-grpc-0.4.0-2337318-SNAPSHOT.jar:0.4.0-2337318-SNAPSHOT]
	at org.apache.ratis.util.SlidingWindow$Server.processRequestsFromHead(SlidingWindow.java:429) [ratis-common-0.4.0-2337318-SNAPSHOT.jar:0.4.0-2337318-SNAPSHOT]
	at org.apache.ratis.util.SlidingWindow$Server.receivedRequest(SlidingWindow.java:421) [ratis-common-0.4.0-2337318-SNAPSHOT.jar:0.4.0-2337318-SNAPSHOT]
	at org.apache.ratis.grpc.client.GrpcClientProtocolService$OrderedRequestStreamObserver.processClientRequest(GrpcClientProtocolService.java:345) [ratis-grpc-0.4.0-2337318-SNAPSHOT.jar:0.4.0-2337318-SNAPSHOT]
	at org.apache.ratis.grpc.client.GrpcClientProtocolService$RequestStreamObserver.onNext(GrpcClientProtocolService.java:240) [ratis-grpc-0.4.0-2337318-SNAPSHOT.jar:0.4.0-2337318-SNAPSHOT]
	at org.apache.ratis.grpc.client.GrpcClientProtocolService$RequestStreamObserver.onNext(GrpcClientProtocolService.java:168) [ratis-grpc-0.4.0-2337318-SNAPSHOT.jar:0.4.0-2337318-SNAPSHOT]
	at org.apache.ratis.thirdparty.io.grpc.stub.ServerCalls$StreamingServerCallHandler$StreamingServerCallListener.onMessage(ServerCalls.java:248) [ratis-thirdparty-misc-0.2.0.jar:0.2.0]
	at org.apache.ratis.thirdparty.io.grpc.internal.ServerCallImpl$ServerStreamListenerImpl.messagesAvailable(ServerCallImpl.java:263) [ratis-thirdparty-misc-0.2.0.jar:0.2.0]
	at org.apache.ratis.thirdparty.io.grpc.internal.ServerImpl$JumpToApplicationThreadServerStreamListener$1MessagesAvailable.runInContext(ServerImpl.java:686) [ratis-thirdparty-misc-0.2.0.jar:0.2.0]
	at org.apache.ratis.thirdparty.io.grpc.internal.ContextRunnable.run(ContextRunnable.java:37) [ratis-thirdparty-misc-0.2.0.jar:0.2.0]
	at org.apache.ratis.thirdparty.io.grpc.internal.SerializingExecutor.run(SerializingExecutor.java:123) [ratis-thirdparty-misc-0.2.0.jar:0.2.0]
	at java.util.concurrent.ThreadPoolExecutor.runWorker(ThreadPoolExecutor.java:1149) [?:1.8.0_212]
	at java.util.concurrent.ThreadPoolExecutor$Worker.run(ThreadPoolExecutor.java:624) [?:1.8.0_212]
	at java.lang.Thread.run(Thread.java:748) [?:1.8.0_212]
20:36:19.685 [grpc-default-executor-7] ERROR DNAudit - user=null | ip=null | op=WRITE_CHUNK {blockData=conID: 1 locID: 102436056031297547 bcsId: 11} | ret=FAILURE
org.apache.hadoop.hdds.scm.container.common.helpers.ContainerNotOpenException: Container 1 in CLOSED state
	at org.apache.hadoop.ozone.container.common.impl.HddsDispatcher.validateContainerCommand(HddsDispatcher.java:408) ~[hadoop-hdds-container-service-0.5.0-SNAPSHOT.jar:?]
	at org.apache.hadoop.ozone.container.common.transport.server.ratis.ContainerStateMachine.startTransaction(ContainerStateMachine.java:271) ~[hadoop-hdds-container-service-0.5.0-SNAPSHOT.jar:?]
	at org.apache.ratis.server.impl.RaftServerImpl.submitClientRequestAsync(RaftServerImpl.java:566) ~[ratis-server-0.4.0-2337318-SNAPSHOT.jar:0.4.0-2337318-SNAPSHOT]
	at org.apache.ratis.server.impl.RaftServerProxy.lambda$submitClientRequestAsync$7(RaftServerProxy.java:333) ~[ratis-server-0.4.0-2337318-SNAPSHOT.jar:0.4.0-2337318-SNAPSHOT]
	at org.apache.ratis.server.impl.RaftServerProxy.lambda$null$5(RaftServerProxy.java:328) ~[ratis-server-0.4.0-2337318-SNAPSHOT.jar:0.4.0-2337318-SNAPSHOT]
	at org.apache.ratis.util.JavaUtils.callAsUnchecked(JavaUtils.java:109) ~[ratis-common-0.4.0-2337318-SNAPSHOT.jar:0.4.0-2337318-SNAPSHOT]
	at org.apache.ratis.server.impl.RaftServerProxy.lambda$submitRequest$6(RaftServerProxy.java:328) ~[ratis-server-0.4.0-2337318-SNAPSHOT.jar:0.4.0-2337318-SNAPSHOT]
	at java.util.concurrent.CompletableFuture.uniComposeStage(CompletableFuture.java:981) ~[?:1.8.0_212]
	at java.util.concurrent.CompletableFuture.thenCompose(CompletableFuture.java:2124) ~[?:1.8.0_212]
	at org.apache.ratis.server.impl.RaftServerProxy.submitRequest(RaftServerProxy.java:327) ~[ratis-server-0.4.0-2337318-SNAPSHOT.jar:0.4.0-2337318-SNAPSHOT]
	at org.apache.ratis.server.impl.RaftServerProxy.submitClientRequestAsync(RaftServerProxy.java:333) ~[ratis-server-0.4.0-2337318-SNAPSHOT.jar:0.4.0-2337318-SNAPSHOT]
	at org.apache.ratis.grpc.client.GrpcClientProtocolService$RequestStreamObserver.processClientRequest(GrpcClientProtocolService.java:220) ~[ratis-grpc-0.4.0-2337318-SNAPSHOT.jar:0.4.0-2337318-SNAPSHOT]
	at org.apache.ratis.grpc.client.GrpcClientProtocolService$OrderedRequestStreamObserver.processClientRequest(GrpcClientProtocolService.java:326) ~[ratis-grpc-0.4.0-2337318-SNAPSHOT.jar:0.4.0-2337318-SNAPSHOT]
	at org.apache.ratis.util.SlidingWindow$Server.processRequestsFromHead(SlidingWindow.java:429) [ratis-common-0.4.0-2337318-SNAPSHOT.jar:0.4.0-2337318-SNAPSHOT]
	at org.apache.ratis.util.SlidingWindow$Server.receivedRequest(SlidingWindow.java:421) [ratis-common-0.4.0-2337318-SNAPSHOT.jar:0.4.0-2337318-SNAPSHOT]
	at org.apache.ratis.grpc.client.GrpcClientProtocolService$OrderedRequestStreamObserver.processClientRequest(GrpcClientProtocolService.java:345) [ratis-grpc-0.4.0-2337318-SNAPSHOT.jar:0.4.0-2337318-SNAPSHOT]
	at org.apache.ratis.grpc.client.GrpcClientProtocolService$RequestStreamObserver.onNext(GrpcClientProtocolService.java:240) [ratis-grpc-0.4.0-2337318-SNAPSHOT.jar:0.4.0-2337318-SNAPSHOT]
	at org.apache.ratis.grpc.client.GrpcClientProtocolService$RequestStreamObserver.onNext(GrpcClientProtocolService.java:168) [ratis-grpc-0.4.0-2337318-SNAPSHOT.jar:0.4.0-2337318-SNAPSHOT]
	at org.apache.ratis.thirdparty.io.grpc.stub.ServerCalls$StreamingServerCallHandler$StreamingServerCallListener.onMessage(ServerCalls.java:248) [ratis-thirdparty-misc-0.2.0.jar:0.2.0]
	at org.apache.ratis.thirdparty.io.grpc.internal.ServerCallImpl$ServerStreamListenerImpl.messagesAvailable(ServerCallImpl.java:263) [ratis-thirdparty-misc-0.2.0.jar:0.2.0]
	at org.apache.ratis.thirdparty.io.grpc.internal.ServerImpl$JumpToApplicationThreadServerStreamListener$1MessagesAvailable.runInContext(ServerImpl.java:686) [ratis-thirdparty-misc-0.2.0.jar:0.2.0]
	at org.apache.ratis.thirdparty.io.grpc.internal.ContextRunnable.run(ContextRunnable.java:37) [ratis-thirdparty-misc-0.2.0.jar:0.2.0]
	at org.apache.ratis.thirdparty.io.grpc.internal.SerializingExecutor.run(SerializingExecutor.java:123) [ratis-thirdparty-misc-0.2.0.jar:0.2.0]
	at java.util.concurrent.ThreadPoolExecutor.runWorker(ThreadPoolExecutor.java:1149) [?:1.8.0_212]
	at java.util.concurrent.ThreadPoolExecutor$Worker.run(ThreadPoolExecutor.java:624) [?:1.8.0_212]
	at java.lang.Thread.run(Thread.java:748) [?:1.8.0_212]
20:36:19.688 [grpc-default-executor-7] ERROR DNAudit - user=null | ip=null | op=PUT_BLOCK {blockData=[blockId=conID: 1 locID: 102436056031297547 bcsId: 0,size=650]} | ret=FAILURE
org.apache.hadoop.hdds.scm.container.common.helpers.ContainerNotOpenException: Container 1 in CLOSED state
	at org.apache.hadoop.ozone.container.common.impl.HddsDispatcher.validateContainerCommand(HddsDispatcher.java:408) ~[hadoop-hdds-container-service-0.5.0-SNAPSHOT.jar:?]
	at org.apache.hadoop.ozone.container.common.transport.server.ratis.ContainerStateMachine.startTransaction(ContainerStateMachine.java:271) ~[hadoop-hdds-container-service-0.5.0-SNAPSHOT.jar:?]
	at org.apache.ratis.server.impl.RaftServerImpl.submitClientRequestAsync(RaftServerImpl.java:566) ~[ratis-server-0.4.0-2337318-SNAPSHOT.jar:0.4.0-2337318-SNAPSHOT]
	at org.apache.ratis.server.impl.RaftServerProxy.lambda$submitClientRequestAsync$7(RaftServerProxy.java:333) ~[ratis-server-0.4.0-2337318-SNAPSHOT.jar:0.4.0-2337318-SNAPSHOT]
	at org.apache.ratis.server.impl.RaftServerProxy.lambda$null$5(RaftServerProxy.java:328) ~[ratis-server-0.4.0-2337318-SNAPSHOT.jar:0.4.0-2337318-SNAPSHOT]
	at org.apache.ratis.util.JavaUtils.callAsUnchecked(JavaUtils.java:109) ~[ratis-common-0.4.0-2337318-SNAPSHOT.jar:0.4.0-2337318-SNAPSHOT]
	at org.apache.ratis.server.impl.RaftServerProxy.lambda$submitRequest$6(RaftServerProxy.java:328) ~[ratis-server-0.4.0-2337318-SNAPSHOT.jar:0.4.0-2337318-SNAPSHOT]
	at java.util.concurrent.CompletableFuture.uniComposeStage(CompletableFuture.java:981) ~[?:1.8.0_212]
	at java.util.concurrent.CompletableFuture.thenCompose(CompletableFuture.java:2124) ~[?:1.8.0_212]
	at org.apache.ratis.server.impl.RaftServerProxy.submitRequest(RaftServerProxy.java:327) ~[ratis-server-0.4.0-2337318-SNAPSHOT.jar:0.4.0-2337318-SNAPSHOT]
	at org.apache.ratis.server.impl.RaftServerProxy.submitClientRequestAsync(RaftServerProxy.java:333) ~[ratis-server-0.4.0-2337318-SNAPSHOT.jar:0.4.0-2337318-SNAPSHOT]
	at org.apache.ratis.grpc.client.GrpcClientProtocolService$RequestStreamObserver.processClientRequest(GrpcClientProtocolService.java:220) ~[ratis-grpc-0.4.0-2337318-SNAPSHOT.jar:0.4.0-2337318-SNAPSHOT]
	at org.apache.ratis.grpc.client.GrpcClientProtocolService$OrderedRequestStreamObserver.processClientRequest(GrpcClientProtocolService.java:326) ~[ratis-grpc-0.4.0-2337318-SNAPSHOT.jar:0.4.0-2337318-SNAPSHOT]
	at org.apache.ratis.util.SlidingWindow$Server.processRequestsFromHead(SlidingWindow.java:429) [ratis-common-0.4.0-2337318-SNAPSHOT.jar:0.4.0-2337318-SNAPSHOT]
	at org.apache.ratis.util.SlidingWindow$Server.receivedRequest(SlidingWindow.java:421) [ratis-common-0.4.0-2337318-SNAPSHOT.jar:0.4.0-2337318-SNAPSHOT]
	at org.apache.ratis.grpc.client.GrpcClientProtocolService$OrderedRequestStreamObserver.processClientRequest(GrpcClientProtocolService.java:345) [ratis-grpc-0.4.0-2337318-SNAPSHOT.jar:0.4.0-2337318-SNAPSHOT]
	at org.apache.ratis.grpc.client.GrpcClientProtocolService$RequestStreamObserver.onNext(GrpcClientProtocolService.java:240) [ratis-grpc-0.4.0-2337318-SNAPSHOT.jar:0.4.0-2337318-SNAPSHOT]
	at org.apache.ratis.grpc.client.GrpcClientProtocolService$RequestStreamObserver.onNext(GrpcClientProtocolService.java:168) [ratis-grpc-0.4.0-2337318-SNAPSHOT.jar:0.4.0-2337318-SNAPSHOT]
	at org.apache.ratis.thirdparty.io.grpc.stub.ServerCalls$StreamingServerCallHandler$StreamingServerCallListener.onMessage(ServerCalls.java:248) [ratis-thirdparty-misc-0.2.0.jar:0.2.0]
	at org.apache.ratis.thirdparty.io.grpc.internal.ServerCallImpl$ServerStreamListenerImpl.messagesAvailable(ServerCallImpl.java:263) [ratis-thirdparty-misc-0.2.0.jar:0.2.0]
	at org.apache.ratis.thirdparty.io.grpc.internal.ServerImpl$JumpToApplicationThreadServerStreamListener$1MessagesAvailable.runInContext(ServerImpl.java:686) [ratis-thirdparty-misc-0.2.0.jar:0.2.0]
	at org.apache.ratis.thirdparty.io.grpc.internal.ContextRunnable.run(ContextRunnable.java:37) [ratis-thirdparty-misc-0.2.0.jar:0.2.0]
	at org.apache.ratis.thirdparty.io.grpc.internal.SerializingExecutor.run(SerializingExecutor.java:123) [ratis-thirdparty-misc-0.2.0.jar:0.2.0]
	at java.util.concurrent.ThreadPoolExecutor.runWorker(ThreadPoolExecutor.java:1149) [?:1.8.0_212]
	at java.util.concurrent.ThreadPoolExecutor$Worker.run(ThreadPoolExecutor.java:624) [?:1.8.0_212]
	at java.lang.Thread.run(Thread.java:748) [?:1.8.0_212]
2019-07-13 20:36:19,688 INFO  client.GrpcClientProtocolClient (GrpcClientProtocolClient.java:onNext(255)) - client-80C08A2ED797->43bbb1e3-d8e3-43e7-9a1a-0cd13e6b3848: receive RaftClientReply:client-80C08A2ED797->43bbb1e3-d8e3-43e7-9a1a-0cd13e6b3848@group-8BF6A04A4543, cid=156, FAILED org.apache.ratis.protocol.StateMachineException: org.apache.hadoop.hdds.scm.container.common.helpers.ContainerNotOpenException from Server 43bbb1e3-d8e3-43e7-9a1a-0cd13e6b3848: Container 1 in CLOSED state, logIndex=0, commits[43bbb1e3-d8e3-43e7-9a1a-0cd13e6b3848:c14]
2019-07-13 20:36:19,703 INFO  client.GrpcClientProtocolClient (GrpcClientProtocolClient.java:onNext(255)) - client-80C08A2ED797->43bbb1e3-d8e3-43e7-9a1a-0cd13e6b3848: receive RaftClientReply:client-80C08A2ED797->43bbb1e3-d8e3-43e7-9a1a-0cd13e6b3848@group-8BF6A04A4543, cid=157, FAILED org.apache.ratis.protocol.StateMachineException: org.apache.hadoop.hdds.scm.container.common.helpers.ContainerNotOpenException from Server 43bbb1e3-d8e3-43e7-9a1a-0cd13e6b3848: Container 1 in CLOSED state, logIndex=0, commits[43bbb1e3-d8e3-43e7-9a1a-0cd13e6b3848:c14]
20:36:19.703 [grpc-default-executor-7] ERROR DNAudit - user=null | ip=null | op=WRITE_CHUNK {blockData=conID: 1 locID: 102436056031297547 bcsId: 11} | ret=FAILURE
org.apache.hadoop.hdds.scm.container.common.helpers.ContainerNotOpenException: Container 1 in CLOSED state
	at org.apache.hadoop.ozone.container.common.impl.HddsDispatcher.validateContainerCommand(HddsDispatcher.java:408) ~[hadoop-hdds-container-service-0.5.0-SNAPSHOT.jar:?]
	at org.apache.hadoop.ozone.container.common.transport.server.ratis.ContainerStateMachine.startTransaction(ContainerStateMachine.java:271) ~[hadoop-hdds-container-service-0.5.0-SNAPSHOT.jar:?]
	at org.apache.ratis.server.impl.RaftServerImpl.submitClientRequestAsync(RaftServerImpl.java:566) ~[ratis-server-0.4.0-2337318-SNAPSHOT.jar:0.4.0-2337318-SNAPSHOT]
	at org.apache.ratis.server.impl.RaftServerProxy.lambda$submitClientRequestAsync$7(RaftServerProxy.java:333) ~[ratis-server-0.4.0-2337318-SNAPSHOT.jar:0.4.0-2337318-SNAPSHOT]
	at org.apache.ratis.server.impl.RaftServerProxy.lambda$null$5(RaftServerProxy.java:328) ~[ratis-server-0.4.0-2337318-SNAPSHOT.jar:0.4.0-2337318-SNAPSHOT]
	at org.apache.ratis.util.JavaUtils.callAsUnchecked(JavaUtils.java:109) ~[ratis-common-0.4.0-2337318-SNAPSHOT.jar:0.4.0-2337318-SNAPSHOT]
	at org.apache.ratis.server.impl.RaftServerProxy.lambda$submitRequest$6(RaftServerProxy.java:328) ~[ratis-server-0.4.0-2337318-SNAPSHOT.jar:0.4.0-2337318-SNAPSHOT]
	at java.util.concurrent.CompletableFuture.uniComposeStage(CompletableFuture.java:981) ~[?:1.8.0_212]
	at java.util.concurrent.CompletableFuture.thenCompose(CompletableFuture.java:2124) ~[?:1.8.0_212]
	at org.apache.ratis.server.impl.RaftServerProxy.submitRequest(RaftServerProxy.java:327) ~[ratis-server-0.4.0-2337318-SNAPSHOT.jar:0.4.0-2337318-SNAPSHOT]
	at org.apache.ratis.server.impl.RaftServerProxy.submitClientRequestAsync(RaftServerProxy.java:333) ~[ratis-server-0.4.0-2337318-SNAPSHOT.jar:0.4.0-2337318-SNAPSHOT]
	at org.apache.ratis.grpc.client.GrpcClientProtocolService$RequestStreamObserver.processClientRequest(GrpcClientProtocolService.java:220) ~[ratis-grpc-0.4.0-2337318-SNAPSHOT.jar:0.4.0-2337318-SNAPSHOT]
	at org.apache.ratis.grpc.client.GrpcClientProtocolService$OrderedRequestStreamObserver.processClientRequest(GrpcClientProtocolService.java:326) ~[ratis-grpc-0.4.0-2337318-SNAPSHOT.jar:0.4.0-2337318-SNAPSHOT]
	at org.apache.ratis.util.SlidingWindow$Server.processRequestsFromHead(SlidingWindow.java:429) [ratis-common-0.4.0-2337318-SNAPSHOT.jar:0.4.0-2337318-SNAPSHOT]
	at org.apache.ratis.util.SlidingWindow$Server.receivedRequest(SlidingWindow.java:421) [ratis-common-0.4.0-2337318-SNAPSHOT.jar:0.4.0-2337318-SNAPSHOT]
	at org.apache.ratis.grpc.client.GrpcClientProtocolService$OrderedRequestStreamObserver.processClientRequest(GrpcClientProtocolService.java:345) [ratis-grpc-0.4.0-2337318-SNAPSHOT.jar:0.4.0-2337318-SNAPSHOT]
	at org.apache.ratis.grpc.client.GrpcClientProtocolService$RequestStreamObserver.onNext(GrpcClientProtocolService.java:240) [ratis-grpc-0.4.0-2337318-SNAPSHOT.jar:0.4.0-2337318-SNAPSHOT]
	at org.apache.ratis.grpc.client.GrpcClientProtocolService$RequestStreamObserver.onNext(GrpcClientProtocolService.java:168) [ratis-grpc-0.4.0-2337318-SNAPSHOT.jar:0.4.0-2337318-SNAPSHOT]
	at org.apache.ratis.thirdparty.io.grpc.stub.ServerCalls$StreamingServerCallHandler$StreamingServerCallListener.onMessage(ServerCalls.java:248) [ratis-thirdparty-misc-0.2.0.jar:0.2.0]
	at org.apache.ratis.thirdparty.io.grpc.internal.ServerCallImpl$ServerStreamListenerImpl.messagesAvailable(ServerCallImpl.java:263) [ratis-thirdparty-misc-0.2.0.jar:0.2.0]
	at org.apache.ratis.thirdparty.io.grpc.internal.ServerImpl$JumpToApplicationThreadServerStreamListener$1MessagesAvailable.runInContext(ServerImpl.java:686) [ratis-thirdparty-misc-0.2.0.jar:0.2.0]
	at org.apache.ratis.thirdparty.io.grpc.internal.ContextRunnable.run(ContextRunnable.java:37) [ratis-thirdparty-misc-0.2.0.jar:0.2.0]
	at org.apache.ratis.thirdparty.io.grpc.internal.SerializingExecutor.run(SerializingExecutor.java:123) [ratis-thirdparty-misc-0.2.0.jar:0.2.0]
	at java.util.concurrent.ThreadPoolExecutor.runWorker(ThreadPoolExecutor.java:1149) [?:1.8.0_212]
	at java.util.concurrent.ThreadPoolExecutor$Worker.run(ThreadPoolExecutor.java:624) [?:1.8.0_212]
	at java.lang.Thread.run(Thread.java:748) [?:1.8.0_212]
2019-07-13 20:36:19,708 INFO  client.GrpcClientProtocolClient (GrpcClientProtocolClient.java:onNext(255)) - client-80C08A2ED797->43bbb1e3-d8e3-43e7-9a1a-0cd13e6b3848: receive RaftClientReply:client-80C08A2ED797->43bbb1e3-d8e3-43e7-9a1a-0cd13e6b3848@group-8BF6A04A4543, cid=158, FAILED org.apache.ratis.protocol.StateMachineException: org.apache.hadoop.hdds.scm.container.common.helpers.ContainerNotOpenException from Server 43bbb1e3-d8e3-43e7-9a1a-0cd13e6b3848: Container 1 in CLOSED state, logIndex=0, commits[43bbb1e3-d8e3-43e7-9a1a-0cd13e6b3848:c14]
20:36:19.710 [grpc-default-executor-7] ERROR DNAudit - user=null | ip=null | op=WRITE_CHUNK {blockData=conID: 1 locID: 102436056031297547 bcsId: 11} | ret=FAILURE
org.apache.hadoop.hdds.scm.container.common.helpers.ContainerNotOpenException: Container 1 in CLOSED state
	at org.apache.hadoop.ozone.container.common.impl.HddsDispatcher.validateContainerCommand(HddsDispatcher.java:408) ~[hadoop-hdds-container-service-0.5.0-SNAPSHOT.jar:?]
	at org.apache.hadoop.ozone.container.common.transport.server.ratis.ContainerStateMachine.startTransaction(ContainerStateMachine.java:271) ~[hadoop-hdds-container-service-0.5.0-SNAPSHOT.jar:?]
	at org.apache.ratis.server.impl.RaftServerImpl.submitClientRequestAsync(RaftServerImpl.java:566) ~[ratis-server-0.4.0-2337318-SNAPSHOT.jar:0.4.0-2337318-SNAPSHOT]
	at org.apache.ratis.server.impl.RaftServerProxy.lambda$submitClientRequestAsync$7(RaftServerProxy.java:333) ~[ratis-server-0.4.0-2337318-SNAPSHOT.jar:0.4.0-2337318-SNAPSHOT]
	at org.apache.ratis.server.impl.RaftServerProxy.lambda$null$5(RaftServerProxy.java:328) ~[ratis-server-0.4.0-2337318-SNAPSHOT.jar:0.4.0-2337318-SNAPSHOT]
	at org.apache.ratis.util.JavaUtils.callAsUnchecked(JavaUtils.java:109) ~[ratis-common-0.4.0-2337318-SNAPSHOT.jar:0.4.0-2337318-SNAPSHOT]
	at org.apache.ratis.server.impl.RaftServerProxy.lambda$submitRequest$6(RaftServerProxy.java:328) ~[ratis-server-0.4.0-2337318-SNAPSHOT.jar:0.4.0-2337318-SNAPSHOT]
	at java.util.concurrent.CompletableFuture.uniComposeStage(CompletableFuture.java:981) ~[?:1.8.0_212]
	at java.util.concurrent.CompletableFuture.thenCompose(CompletableFuture.java:2124) ~[?:1.8.0_212]
	at org.apache.ratis.server.impl.RaftServerProxy.submitRequest(RaftServerProxy.java:327) ~[ratis-server-0.4.0-2337318-SNAPSHOT.jar:0.4.0-2337318-SNAPSHOT]
	at org.apache.ratis.server.impl.RaftServerProxy.submitClientRequestAsync(RaftServerProxy.java:333) ~[ratis-server-0.4.0-2337318-SNAPSHOT.jar:0.4.0-2337318-SNAPSHOT]
	at org.apache.ratis.grpc.client.GrpcClientProtocolService$RequestStreamObserver.processClientRequest(GrpcClientProtocolService.java:220) ~[ratis-grpc-0.4.0-2337318-SNAPSHOT.jar:0.4.0-2337318-SNAPSHOT]
	at org.apache.ratis.grpc.client.GrpcClientProtocolService$OrderedRequestStreamObserver.processClientRequest(GrpcClientProtocolService.java:326) ~[ratis-grpc-0.4.0-2337318-SNAPSHOT.jar:0.4.0-2337318-SNAPSHOT]
	at org.apache.ratis.util.SlidingWindow$Server.processRequestsFromHead(SlidingWindow.java:429) [ratis-common-0.4.0-2337318-SNAPSHOT.jar:0.4.0-2337318-SNAPSHOT]
	at org.apache.ratis.util.SlidingWindow$Server.receivedRequest(SlidingWindow.java:421) [ratis-common-0.4.0-2337318-SNAPSHOT.jar:0.4.0-2337318-SNAPSHOT]
	at org.apache.ratis.grpc.client.GrpcClientProtocolService$OrderedRequestStreamObserver.processClientRequest(GrpcClientProtocolService.java:345) [ratis-grpc-0.4.0-2337318-SNAPSHOT.jar:0.4.0-2337318-SNAPSHOT]
	at org.apache.ratis.grpc.client.GrpcClientProtocolService$RequestStreamObserver.onNext(GrpcClientProtocolService.java:240) [ratis-grpc-0.4.0-2337318-SNAPSHOT.jar:0.4.0-2337318-SNAPSHOT]
	at org.apache.ratis.grpc.client.GrpcClientProtocolService$RequestStreamObserver.onNext(GrpcClientProtocolService.java:168) [ratis-grpc-0.4.0-2337318-SNAPSHOT.jar:0.4.0-2337318-SNAPSHOT]
	at org.apache.ratis.thirdparty.io.grpc.stub.ServerCalls$StreamingServerCallHandler$StreamingServerCallListener.onMessage(ServerCalls.java:248) [ratis-thirdparty-misc-0.2.0.jar:0.2.0]
	at org.apache.ratis.thirdparty.io.grpc.internal.ServerCallImpl$ServerStreamListenerImpl.messagesAvailable(ServerCallImpl.java:263) [ratis-thirdparty-misc-0.2.0.jar:0.2.0]
	at org.apache.ratis.thirdparty.io.grpc.internal.ServerImpl$JumpToApplicationThreadServerStreamListener$1MessagesAvailable.runInContext(ServerImpl.java:686) [ratis-thirdparty-misc-0.2.0.jar:0.2.0]
	at org.apache.ratis.thirdparty.io.grpc.internal.ContextRunnable.run(ContextRunnable.java:37) [ratis-thirdparty-misc-0.2.0.jar:0.2.0]
	at org.apache.ratis.thirdparty.io.grpc.internal.SerializingExecutor.run(SerializingExecutor.java:123) [ratis-thirdparty-misc-0.2.0.jar:0.2.0]
	at java.util.concurrent.ThreadPoolExecutor.runWorker(ThreadPoolExecutor.java:1149) [?:1.8.0_212]
	at java.util.concurrent.ThreadPoolExecutor$Worker.run(ThreadPoolExecutor.java:624) [?:1.8.0_212]
	at java.lang.Thread.run(Thread.java:748) [?:1.8.0_212]
2019-07-13 20:36:19,716 INFO  client.GrpcClientProtocolClient (GrpcClientProtocolClient.java:onNext(255)) - client-80C08A2ED797->43bbb1e3-d8e3-43e7-9a1a-0cd13e6b3848: receive RaftClientReply:client-80C08A2ED797->43bbb1e3-d8e3-43e7-9a1a-0cd13e6b3848@group-8BF6A04A4543, cid=159, FAILED org.apache.ratis.protocol.StateMachineException: org.apache.hadoop.hdds.scm.container.common.helpers.ContainerNotOpenException from Server 43bbb1e3-d8e3-43e7-9a1a-0cd13e6b3848: Container 1 in CLOSED state, logIndex=0, commits[43bbb1e3-d8e3-43e7-9a1a-0cd13e6b3848:c14]
20:36:19.720 [grpc-default-executor-7] ERROR DNAudit - user=null | ip=null | op=PUT_BLOCK {blockData=[blockId=conID: 1 locID: 102436056031297547 bcsId: 0,size=800]} | ret=FAILURE
org.apache.hadoop.hdds.scm.container.common.helpers.ContainerNotOpenException: Container 1 in CLOSED state
	at org.apache.hadoop.ozone.container.common.impl.HddsDispatcher.validateContainerCommand(HddsDispatcher.java:408) ~[hadoop-hdds-container-service-0.5.0-SNAPSHOT.jar:?]
	at org.apache.hadoop.ozone.container.common.transport.server.ratis.ContainerStateMachine.startTransaction(ContainerStateMachine.java:271) ~[hadoop-hdds-container-service-0.5.0-SNAPSHOT.jar:?]
	at org.apache.ratis.server.impl.RaftServerImpl.submitClientRequestAsync(RaftServerImpl.java:566) ~[ratis-server-0.4.0-2337318-SNAPSHOT.jar:0.4.0-2337318-SNAPSHOT]
	at org.apache.ratis.server.impl.RaftServerProxy.lambda$submitClientRequestAsync$7(RaftServerProxy.java:333) ~[ratis-server-0.4.0-2337318-SNAPSHOT.jar:0.4.0-2337318-SNAPSHOT]
	at org.apache.ratis.server.impl.RaftServerProxy.lambda$null$5(RaftServerProxy.java:328) ~[ratis-server-0.4.0-2337318-SNAPSHOT.jar:0.4.0-2337318-SNAPSHOT]
	at org.apache.ratis.util.JavaUtils.callAsUnchecked(JavaUtils.java:109) ~[ratis-common-0.4.0-2337318-SNAPSHOT.jar:0.4.0-2337318-SNAPSHOT]
	at org.apache.ratis.server.impl.RaftServerProxy.lambda$submitRequest$6(RaftServerProxy.java:328) ~[ratis-server-0.4.0-2337318-SNAPSHOT.jar:0.4.0-2337318-SNAPSHOT]
	at java.util.concurrent.CompletableFuture.uniComposeStage(CompletableFuture.java:981) ~[?:1.8.0_212]
	at java.util.concurrent.CompletableFuture.thenCompose(CompletableFuture.java:2124) ~[?:1.8.0_212]
	at org.apache.ratis.server.impl.RaftServerProxy.submitRequest(RaftServerProxy.java:327) ~[ratis-server-0.4.0-2337318-SNAPSHOT.jar:0.4.0-2337318-SNAPSHOT]
	at org.apache.ratis.server.impl.RaftServerProxy.submitClientRequestAsync(RaftServerProxy.java:333) ~[ratis-server-0.4.0-2337318-SNAPSHOT.jar:0.4.0-2337318-SNAPSHOT]
	at org.apache.ratis.grpc.client.GrpcClientProtocolService$RequestStreamObserver.processClientRequest(GrpcClientProtocolService.java:220) ~[ratis-grpc-0.4.0-2337318-SNAPSHOT.jar:0.4.0-2337318-SNAPSHOT]
	at org.apache.ratis.grpc.client.GrpcClientProtocolService$OrderedRequestStreamObserver.processClientRequest(GrpcClientProtocolService.java:326) ~[ratis-grpc-0.4.0-2337318-SNAPSHOT.jar:0.4.0-2337318-SNAPSHOT]
	at org.apache.ratis.util.SlidingWindow$Server.processRequestsFromHead(SlidingWindow.java:429) [ratis-common-0.4.0-2337318-SNAPSHOT.jar:0.4.0-2337318-SNAPSHOT]
	at org.apache.ratis.util.SlidingWindow$Server.receivedRequest(SlidingWindow.java:421) [ratis-common-0.4.0-2337318-SNAPSHOT.jar:0.4.0-2337318-SNAPSHOT]
	at org.apache.ratis.grpc.client.GrpcClientProtocolService$OrderedRequestStreamObserver.processClientRequest(GrpcClientProtocolService.java:345) [ratis-grpc-0.4.0-2337318-SNAPSHOT.jar:0.4.0-2337318-SNAPSHOT]
	at org.apache.ratis.grpc.client.GrpcClientProtocolService$RequestStreamObserver.onNext(GrpcClientProtocolService.java:240) [ratis-grpc-0.4.0-2337318-SNAPSHOT.jar:0.4.0-2337318-SNAPSHOT]
	at org.apache.ratis.grpc.client.GrpcClientProtocolService$RequestStreamObserver.onNext(GrpcClientProtocolService.java:168) [ratis-grpc-0.4.0-2337318-SNAPSHOT.jar:0.4.0-2337318-SNAPSHOT]
	at org.apache.ratis.thirdparty.io.grpc.stub.ServerCalls$StreamingServerCallHandler$StreamingServerCallListener.onMessage(ServerCalls.java:248) [ratis-thirdparty-misc-0.2.0.jar:0.2.0]
	at org.apache.ratis.thirdparty.io.grpc.internal.ServerCallImpl$ServerStreamListenerImpl.messagesAvailable(ServerCallImpl.java:263) [ratis-thirdparty-misc-0.2.0.jar:0.2.0]
	at org.apache.ratis.thirdparty.io.grpc.internal.ServerImpl$JumpToApplicationThreadServerStreamListener$1MessagesAvailable.runInContext(ServerImpl.java:686) [ratis-thirdparty-misc-0.2.0.jar:0.2.0]
	at org.apache.ratis.thirdparty.io.grpc.internal.ContextRunnable.run(ContextRunnable.java:37) [ratis-thirdparty-misc-0.2.0.jar:0.2.0]
	at org.apache.ratis.thirdparty.io.grpc.internal.SerializingExecutor.run(SerializingExecutor.java:123) [ratis-thirdparty-misc-0.2.0.jar:0.2.0]
	at java.util.concurrent.ThreadPoolExecutor.runWorker(ThreadPoolExecutor.java:1149) [?:1.8.0_212]
	at java.util.concurrent.ThreadPoolExecutor$Worker.run(ThreadPoolExecutor.java:624) [?:1.8.0_212]
	at java.lang.Thread.run(Thread.java:748) [?:1.8.0_212]
2019-07-13 20:36:19,721 INFO  client.GrpcClientProtocolClient (GrpcClientProtocolClient.java:onNext(255)) - client-80C08A2ED797->43bbb1e3-d8e3-43e7-9a1a-0cd13e6b3848: receive RaftClientReply:client-80C08A2ED797->43bbb1e3-d8e3-43e7-9a1a-0cd13e6b3848@group-8BF6A04A4543, cid=160, FAILED org.apache.ratis.protocol.StateMachineException: org.apache.hadoop.hdds.scm.container.common.helpers.ContainerNotOpenException from Server 43bbb1e3-d8e3-43e7-9a1a-0cd13e6b3848: Container 1 in CLOSED state, logIndex=0, commits[43bbb1e3-d8e3-43e7-9a1a-0cd13e6b3848:c14]
2019-07-13 20:36:19,728 INFO  client.GrpcClientProtocolClient (GrpcClientProtocolClient.java:onNext(255)) - client-80C08A2ED797->43bbb1e3-d8e3-43e7-9a1a-0cd13e6b3848: receive RaftClientReply:client-80C08A2ED797->43bbb1e3-d8e3-43e7-9a1a-0cd13e6b3848@group-8BF6A04A4543, cid=161, FAILED org.apache.ratis.protocol.StateMachineException: org.apache.hadoop.hdds.scm.container.common.helpers.ContainerNotOpenException from Server 43bbb1e3-d8e3-43e7-9a1a-0cd13e6b3848: Container 1 in CLOSED state, logIndex=0, commits[43bbb1e3-d8e3-43e7-9a1a-0cd13e6b3848:c14]
2019-07-13 20:36:19,848 INFO  impl.FollowerState (FollowerState.java:run(106)) - 5b0d4a84-082a-4cf9-abb4-218c274b1155:group-D9E3D089E5CF changes to CANDIDATE, lastRpcTime:5036, electionTimeout:5027ms
2019-07-13 20:36:19,848 INFO  impl.RoleInfo (RoleInfo.java:shutdownFollowerState(121)) - 5b0d4a84-082a-4cf9-abb4-218c274b1155: shutdown FollowerState
2019-07-13 20:36:19,848 INFO  impl.RaftServerImpl (RaftServerImpl.java:setRole(171)) - 5b0d4a84-082a-4cf9-abb4-218c274b1155:group-D9E3D089E5CF changes role from FOLLOWER to CANDIDATE at term 1 for changeToCandidate
2019-07-13 20:36:19,849 INFO  impl.RoleInfo (RoleInfo.java:updateAndGet(143)) - 5b0d4a84-082a-4cf9-abb4-218c274b1155: start LeaderElection
2019-07-13 20:36:19,864 INFO  impl.LeaderElection (LeaderElection.java:askForVotes(181)) - 5b0d4a84-082a-4cf9-abb4-218c274b1155:group-D9E3D089E5CF:LeaderElection60: begin an election at term 2 for -1: [c6c7b2d1-c5af-4dcc-9988-da4b3ff32668:192.168.5.168:43966, b300cdca-4c3f-4339-81c3-14529db45052:192.168.5.168:34007, 5b0d4a84-082a-4cf9-abb4-218c274b1155:192.168.5.168:35531], old=null
2019-07-13 20:36:19,865 INFO  client.GrpcClientProtocolClient (GrpcClientProtocolClient.java:onNext(255)) - client-2C376DFAA1F0->5b0d4a84-082a-4cf9-abb4-218c274b1155: receive RaftClientReply:client-2C376DFAA1F0->5b0d4a84-082a-4cf9-abb4-218c274b1155@group-28A36F599A47, cid=162, SUCCESS, logIndex=1, commits[5b0d4a84-082a-4cf9-abb4-218c274b1155:c1]
2019-07-13 20:36:19,872 INFO  impl.RaftServerImpl (RaftServerImpl.java:setRole(171)) - c6c7b2d1-c5af-4dcc-9988-da4b3ff32668:group-D9E3D089E5CF changes role from FOLLOWER to FOLLOWER at term 2 for recognizeCandidate:5b0d4a84-082a-4cf9-abb4-218c274b1155
2019-07-13 20:36:19,872 INFO  impl.RaftServerImpl (RaftServerImpl.java:setRole(171)) - b300cdca-4c3f-4339-81c3-14529db45052:group-D9E3D089E5CF changes role from FOLLOWER to FOLLOWER at term 2 for recognizeCandidate:5b0d4a84-082a-4cf9-abb4-218c274b1155
2019-07-13 20:36:19,872 INFO  impl.RoleInfo (RoleInfo.java:shutdownFollowerState(121)) - c6c7b2d1-c5af-4dcc-9988-da4b3ff32668: shutdown FollowerState
2019-07-13 20:36:19,872 INFO  impl.RoleInfo (RoleInfo.java:shutdownFollowerState(121)) - b300cdca-4c3f-4339-81c3-14529db45052: shutdown FollowerState
2019-07-13 20:36:19,873 INFO  impl.FollowerState (FollowerState.java:run(114)) - c6c7b2d1-c5af-4dcc-9988-da4b3ff32668: FollowerState was interrupted: java.lang.InterruptedException: sleep interrupted
2019-07-13 20:36:19,873 INFO  impl.FollowerState (FollowerState.java:run(114)) - b300cdca-4c3f-4339-81c3-14529db45052: FollowerState was interrupted: java.lang.InterruptedException: sleep interrupted
2019-07-13 20:36:19,873 INFO  impl.RoleInfo (RoleInfo.java:updateAndGet(143)) - c6c7b2d1-c5af-4dcc-9988-da4b3ff32668: start FollowerState
2019-07-13 20:36:19,873 INFO  impl.RoleInfo (RoleInfo.java:updateAndGet(143)) - b300cdca-4c3f-4339-81c3-14529db45052: start FollowerState
2019-07-13 20:36:19,883 INFO  client.GrpcClientProtocolClient (GrpcClientProtocolClient.java:onNext(255)) - client-2C376DFAA1F0->5b0d4a84-082a-4cf9-abb4-218c274b1155: receive RaftClientReply:client-2C376DFAA1F0->5b0d4a84-082a-4cf9-abb4-218c274b1155@group-28A36F599A47, cid=163, SUCCESS, logIndex=3, commits[5b0d4a84-082a-4cf9-abb4-218c274b1155:c3]
2019-07-13 20:36:19,889 INFO  impl.LeaderElection (LeaderElection.java:logAndReturn(56)) - 5b0d4a84-082a-4cf9-abb4-218c274b1155:group-D9E3D089E5CF:LeaderElection60: Election PASSED; received 1 response(s) [5b0d4a84-082a-4cf9-abb4-218c274b1155<-b300cdca-4c3f-4339-81c3-14529db45052#0:OK-t2] and 0 exception(s); 5b0d4a84-082a-4cf9-abb4-218c274b1155:t2, leader=null, voted=5b0d4a84-082a-4cf9-abb4-218c274b1155, raftlog=5b0d4a84-082a-4cf9-abb4-218c274b1155-SegmentedRaftLog:OPENED:c-1,f-1,i0, conf=-1: [c6c7b2d1-c5af-4dcc-9988-da4b3ff32668:192.168.5.168:43966, b300cdca-4c3f-4339-81c3-14529db45052:192.168.5.168:34007, 5b0d4a84-082a-4cf9-abb4-218c274b1155:192.168.5.168:35531], old=null
2019-07-13 20:36:19,889 INFO  impl.RoleInfo (RoleInfo.java:shutdownLeaderElection(134)) - 5b0d4a84-082a-4cf9-abb4-218c274b1155: shutdown LeaderElection
2019-07-13 20:36:19,889 INFO  impl.RaftServerImpl (RaftServerImpl.java:setRole(171)) - 5b0d4a84-082a-4cf9-abb4-218c274b1155:group-D9E3D089E5CF changes role from CANDIDATE to LEADER at term 2 for changeToLeader
2019-07-13 20:36:19,889 INFO  impl.RaftServerImpl (ServerState.java:setLeader(263)) - 5b0d4a84-082a-4cf9-abb4-218c274b1155:group-D9E3D089E5CF change Leader from null to 5b0d4a84-082a-4cf9-abb4-218c274b1155 at term 2 for becomeLeader, leader elected after 10156ms
2019-07-13 20:36:19,889 INFO  server.RaftServerConfigKeys (ConfUtils.java:logGet(43)) - raft.server.staging.catchup.gap = 1000 (default)
2019-07-13 20:36:19,890 INFO  server.RaftServerConfigKeys (ConfUtils.java:logGet(43)) - raft.server.rpc.sleep.time = 25ms (default)
2019-07-13 20:36:19,890 INFO  server.RaftServerConfigKeys (ConfUtils.java:logGet(43)) - raft.server.write.element-limit = 4096 (default)
2019-07-13 20:36:19,890 INFO  server.RaftServerConfigKeys (ConfUtils.java:logGet(43)) - raft.server.watch.timeout = 10s (default)
2019-07-13 20:36:19,890 INFO  server.RaftServerConfigKeys (ConfUtils.java:logGet(43)) - raft.server.watch.timeout.denomination = 1s (default)
2019-07-13 20:36:19,890 INFO  server.RaftServerConfigKeys (ConfUtils.java:logGet(43)) - raft.server.watch.element-limit = 65536 (default)
2019-07-13 20:36:19,890 INFO  server.RaftServerConfigKeys (ConfUtils.java:logGet(43)) - raft.server.log.appender.snapshot.chunk.size.max = 16MB (=16777216) (default)
2019-07-13 20:36:19,891 INFO  server.RaftServerConfigKeys (ConfUtils.java:logGet(43)) - raft.server.log.appender.buffer.byte-limit = 33554432 (custom)
2019-07-13 20:36:19,891 INFO  server.RaftServerConfigKeys (ConfUtils.java:logGet(43)) - raft.server.log.appender.buffer.element-limit = 1 (custom)
2019-07-13 20:36:19,891 INFO  grpc.GrpcConfigKeys$Server (ConfUtils.java:logGet(43)) - raft.grpc.server.leader.outstanding.appends.max = 128 (default)
2019-07-13 20:36:19,892 INFO  server.RaftServerConfigKeys (ConfUtils.java:logGet(43)) - raft.server.rpc.request.timeout = 3000ms (default)
2019-07-13 20:36:19,892 INFO  server.RaftServerConfigKeys (ConfUtils.java:logGet(43)) - raft.server.log.appender.install.snapshot.enabled = false (custom)
2019-07-13 20:36:19,892 INFO  server.RaftServerConfigKeys (ConfUtils.java:logGet(43)) - raft.server.log.appender.snapshot.chunk.size.max = 16MB (=16777216) (default)
2019-07-13 20:36:19,892 INFO  server.RaftServerConfigKeys (ConfUtils.java:logGet(43)) - raft.server.log.appender.buffer.byte-limit = 33554432 (custom)
2019-07-13 20:36:19,892 INFO  server.RaftServerConfigKeys (ConfUtils.java:logGet(43)) - raft.server.log.appender.buffer.element-limit = 1 (custom)
2019-07-13 20:36:19,892 INFO  grpc.GrpcConfigKeys$Server (ConfUtils.java:logGet(43)) - raft.grpc.server.leader.outstanding.appends.max = 128 (default)
2019-07-13 20:36:19,893 INFO  server.RaftServerConfigKeys (ConfUtils.java:logGet(43)) - raft.server.rpc.request.timeout = 3000ms (default)
2019-07-13 20:36:19,893 INFO  server.RaftServerConfigKeys (ConfUtils.java:logGet(43)) - raft.server.log.appender.install.snapshot.enabled = false (custom)
2019-07-13 20:36:19,893 INFO  impl.RoleInfo (RoleInfo.java:updateAndGet(143)) - 5b0d4a84-082a-4cf9-abb4-218c274b1155: start LeaderState
2019-07-13 20:36:19,893 INFO  segmented.SegmentedRaftLogWorker (SegmentedRaftLogWorker.java:startLogSegment(380)) - 5b0d4a84-082a-4cf9-abb4-218c274b1155-SegmentedRaftLogWorker:Storage Directory /tmp/workdir/hadoop-ozone/integration-test/target/test-dir/MiniOzoneClusterImpl-48a0a603-d656-4a4b-8099-b970855239bb/datanode-2/data/ratis/7464763b-ab55-441d-861e-d9e3d089e5cf: Starting segment from index:0
2019-07-13 20:36:19,894 INFO  impl.RaftServerImpl (ServerState.java:setRaftConf(361)) - 5b0d4a84-082a-4cf9-abb4-218c274b1155:group-D9E3D089E5CF set configuration 0: [c6c7b2d1-c5af-4dcc-9988-da4b3ff32668:192.168.5.168:43966, b300cdca-4c3f-4339-81c3-14529db45052:192.168.5.168:34007, 5b0d4a84-082a-4cf9-abb4-218c274b1155:192.168.5.168:35531], old=null at 0
2019-07-13 20:36:19,896 INFO  impl.RaftServerImpl (ServerState.java:setLeader(263)) - b300cdca-4c3f-4339-81c3-14529db45052:group-D9E3D089E5CF change Leader from null to 5b0d4a84-082a-4cf9-abb4-218c274b1155 at term 2 for appendEntries, leader elected after 10162ms
2019-07-13 20:36:19,896 INFO  impl.RaftServerImpl (ServerState.java:setLeader(263)) - c6c7b2d1-c5af-4dcc-9988-da4b3ff32668:group-D9E3D089E5CF change Leader from null to 5b0d4a84-082a-4cf9-abb4-218c274b1155 at term 2 for appendEntries, leader elected after 10162ms
2019-07-13 20:36:19,899 INFO  impl.RaftServerImpl (ServerState.java:setRaftConf(361)) - b300cdca-4c3f-4339-81c3-14529db45052:group-D9E3D089E5CF set configuration 0: [c6c7b2d1-c5af-4dcc-9988-da4b3ff32668:192.168.5.168:43966, b300cdca-4c3f-4339-81c3-14529db45052:192.168.5.168:34007, 5b0d4a84-082a-4cf9-abb4-218c274b1155:192.168.5.168:35531], old=null at 0
2019-07-13 20:36:19,899 INFO  impl.RaftServerImpl (ServerState.java:setRaftConf(361)) - c6c7b2d1-c5af-4dcc-9988-da4b3ff32668:group-D9E3D089E5CF set configuration 0: [c6c7b2d1-c5af-4dcc-9988-da4b3ff32668:192.168.5.168:43966, b300cdca-4c3f-4339-81c3-14529db45052:192.168.5.168:34007, 5b0d4a84-082a-4cf9-abb4-218c274b1155:192.168.5.168:35531], old=null at 0
2019-07-13 20:36:19,900 INFO  segmented.SegmentedRaftLogWorker (SegmentedRaftLogWorker.java:startLogSegment(380)) - b300cdca-4c3f-4339-81c3-14529db45052-SegmentedRaftLogWorker:Storage Directory /tmp/workdir/hadoop-ozone/integration-test/target/test-dir/MiniOzoneClusterImpl-48a0a603-d656-4a4b-8099-b970855239bb/datanode-1/data/ratis/7464763b-ab55-441d-861e-d9e3d089e5cf: Starting segment from index:0
2019-07-13 20:36:19,900 INFO  segmented.SegmentedRaftLogWorker (SegmentedRaftLogWorker.java:startLogSegment(380)) - c6c7b2d1-c5af-4dcc-9988-da4b3ff32668-SegmentedRaftLogWorker:Storage Directory /tmp/workdir/hadoop-ozone/integration-test/target/test-dir/MiniOzoneClusterImpl-48a0a603-d656-4a4b-8099-b970855239bb/datanode-0/data/ratis/7464763b-ab55-441d-861e-d9e3d089e5cf: Starting segment from index:0
2019-07-13 20:36:19,915 INFO  segmented.SegmentedRaftLogWorker (SegmentedRaftLogWorker.java:execute(569)) - 5b0d4a84-082a-4cf9-abb4-218c274b1155-SegmentedRaftLogWorker:Storage Directory /tmp/workdir/hadoop-ozone/integration-test/target/test-dir/MiniOzoneClusterImpl-48a0a603-d656-4a4b-8099-b970855239bb/datanode-2/data/ratis/7464763b-ab55-441d-861e-d9e3d089e5cf: created new log segment /tmp/workdir/hadoop-ozone/integration-test/target/test-dir/MiniOzoneClusterImpl-48a0a603-d656-4a4b-8099-b970855239bb/datanode-2/data/ratis/7464763b-ab55-441d-861e-d9e3d089e5cf/current/log_inprogress_0
2019-07-13 20:36:19,939 INFO  segmented.SegmentedRaftLogWorker (SegmentedRaftLogWorker.java:execute(569)) - b300cdca-4c3f-4339-81c3-14529db45052-SegmentedRaftLogWorker:Storage Directory /tmp/workdir/hadoop-ozone/integration-test/target/test-dir/MiniOzoneClusterImpl-48a0a603-d656-4a4b-8099-b970855239bb/datanode-1/data/ratis/7464763b-ab55-441d-861e-d9e3d089e5cf: created new log segment /tmp/workdir/hadoop-ozone/integration-test/target/test-dir/MiniOzoneClusterImpl-48a0a603-d656-4a4b-8099-b970855239bb/datanode-1/data/ratis/7464763b-ab55-441d-861e-d9e3d089e5cf/current/log_inprogress_0
2019-07-13 20:36:19,939 INFO  segmented.SegmentedRaftLogWorker (SegmentedRaftLogWorker.java:execute(569)) - c6c7b2d1-c5af-4dcc-9988-da4b3ff32668-SegmentedRaftLogWorker:Storage Directory /tmp/workdir/hadoop-ozone/integration-test/target/test-dir/MiniOzoneClusterImpl-48a0a603-d656-4a4b-8099-b970855239bb/datanode-0/data/ratis/7464763b-ab55-441d-861e-d9e3d089e5cf: created new log segment /tmp/workdir/hadoop-ozone/integration-test/target/test-dir/MiniOzoneClusterImpl-48a0a603-d656-4a4b-8099-b970855239bb/datanode-0/data/ratis/7464763b-ab55-441d-861e-d9e3d089e5cf/current/log_inprogress_0
2019-07-13 20:36:19,940 INFO  client.GrpcClientProtocolClient (GrpcClientProtocolClient.java:onNext(255)) - client-2C376DFAA1F0->5b0d4a84-082a-4cf9-abb4-218c274b1155: receive RaftClientReply:client-2C376DFAA1F0->5b0d4a84-082a-4cf9-abb4-218c274b1155@group-28A36F599A47, cid=164, SUCCESS, logIndex=5, commits[5b0d4a84-082a-4cf9-abb4-218c274b1155:c10]
2019-07-13 20:36:19,943 INFO  client.GrpcClientProtocolClient (GrpcClientProtocolClient.java:onNext(255)) - client-2C376DFAA1F0->5b0d4a84-082a-4cf9-abb4-218c274b1155: receive RaftClientReply:client-2C376DFAA1F0->5b0d4a84-082a-4cf9-abb4-218c274b1155@group-28A36F599A47, cid=165, SUCCESS, logIndex=6, commits[5b0d4a84-082a-4cf9-abb4-218c274b1155:c10]
2019-07-13 20:36:19,944 INFO  client.GrpcClientProtocolClient (GrpcClientProtocolClient.java:onNext(255)) - client-2C376DFAA1F0->5b0d4a84-082a-4cf9-abb4-218c274b1155: receive RaftClientReply:client-2C376DFAA1F0->5b0d4a84-082a-4cf9-abb4-218c274b1155@group-28A36F599A47, cid=166, SUCCESS, logIndex=7, commits[5b0d4a84-082a-4cf9-abb4-218c274b1155:c10]
2019-07-13 20:36:19,944 INFO  client.GrpcClientProtocolClient (GrpcClientProtocolClient.java:onNext(255)) - client-2C376DFAA1F0->5b0d4a84-082a-4cf9-abb4-218c274b1155: receive RaftClientReply:client-2C376DFAA1F0->5b0d4a84-082a-4cf9-abb4-218c274b1155@group-28A36F599A47, cid=167, SUCCESS, logIndex=9, commits[5b0d4a84-082a-4cf9-abb4-218c274b1155:c10]
2019-07-13 20:36:19,952 INFO  client.GrpcClientProtocolClient (GrpcClientProtocolClient.java:onNext(255)) - client-2C376DFAA1F0->5b0d4a84-082a-4cf9-abb4-218c274b1155: receive RaftClientReply:client-2C376DFAA1F0->5b0d4a84-082a-4cf9-abb4-218c274b1155@group-28A36F599A47, cid=168, SUCCESS, logIndex=11, commits[5b0d4a84-082a-4cf9-abb4-218c274b1155:c11]
2019-07-13 20:36:19,954 INFO  client.GrpcClientProtocolClient (GrpcClientProtocolClient.java:onNext(255)) - client-2C376DFAA1F0->5b0d4a84-082a-4cf9-abb4-218c274b1155: receive RaftClientReply:client-2C376DFAA1F0->5b0d4a84-082a-4cf9-abb4-218c274b1155@group-28A36F599A47, cid=169, SUCCESS, logIndex=12, commits[5b0d4a84-082a-4cf9-abb4-218c274b1155:c12]
2019-07-13 20:36:19,974 INFO  pipeline.Pipeline (Pipeline.java:getProtobufMessage(195)) - Serialize pipeline PipelineID=a35f85fa-afec-483d-986f-28a36f599a47 with nodesInOrder{ }
2019-07-13 20:36:19,976 INFO  ozone.MiniOzoneClusterImpl (MiniOzoneClusterImpl.java:shutdown(321)) - Shutting down the Mini Ozone Cluster
2019-07-13 20:36:19,976 INFO  ozone.MiniOzoneClusterImpl (MiniOzoneClusterImpl.java:stop(336)) - Stopping the Mini Ozone Cluster
2019-07-13 20:36:19,976 INFO  ozone.MiniOzoneClusterImpl (MiniOzoneClusterImpl.java:stop(338)) - Stopping the OzoneManager
2019-07-13 20:36:19,976 INFO  ipc.Server (Server.java:stop(3082)) - Stopping server on 36203
2019-07-13 20:36:19,982 INFO  ipc.Server (Server.java:run(1185)) - Stopping IPC Server listener on 36203
2019-07-13 20:36:19,983 INFO  utils.BackgroundService (BackgroundService.java:shutdown(148)) - Shutting down service KeyDeletingService
2019-07-13 20:36:19,985 INFO  ipc.Server (Server.java:run(1319)) - Stopping IPC Server Responder
2019-07-13 20:36:20,013 INFO  handler.ContextHandler (ContextHandler.java:doStop(910)) - Stopped o.e.j.w.WebAppContext@7091a016{/,null,UNAVAILABLE}{/ozoneManager}
2019-07-13 20:36:20,014 INFO  server.AbstractConnector (AbstractConnector.java:doStop(318)) - Stopped ServerConnector@14580edc{HTTP/1.1,[http/1.1]}{0.0.0.0:0}
2019-07-13 20:36:20,014 INFO  handler.ContextHandler (ContextHandler.java:doStop(910)) - Stopped o.e.j.s.ServletContextHandler@47400608{/static,file:///tmp/workdir/hadoop-ozone/integration-test/target/test-classes/webapps/static,UNAVAILABLE}
2019-07-13 20:36:20,015 INFO  handler.ContextHandler (ContextHandler.java:doStop(910)) - Stopped o.e.j.s.ServletContextHandler@7ed5cc8c{/logs,file:///tmp/workdir/hadoop-ozone/integration-test/target/log,UNAVAILABLE}
2019-07-13 20:36:20,019 INFO  ozone.MiniOzoneClusterImpl (MiniOzoneClusterImpl.java:stop(344)) - Shutting the HddsDatanodes
2019-07-13 20:36:20,019 INFO  datanode.ObjectStoreHandler (ObjectStoreHandler.java:close(155)) - Closing ObjectStoreHandler.
2019-07-13 20:36:20,019 INFO  datanode.ObjectStoreHandler (ObjectStoreHandler.java:close(155)) - Closing ObjectStoreHandler.
2019-07-13 20:36:20,020 INFO  ozone.HddsDatanodeService (HddsDatanodeService.java:stop(452)) - Stopped plug-in org.apache.hadoop.ozone.web.OzoneHddsDatanodeService@3c7f8c25
2019-07-13 20:36:20,020 INFO  ozone.HddsDatanodeService (HddsDatanodeService.java:stop(452)) - Stopped plug-in org.apache.hadoop.ozone.web.OzoneHddsDatanodeService@43cf97a8
2019-07-13 20:36:20,499 INFO  statemachine.DatanodeStateMachine (DatanodeStateMachine.java:lambda$startDaemon$0(350)) - Ozone container server started.
2019-07-13 20:36:20,973 INFO  statemachine.DatanodeStateMachine (DatanodeStateMachine.java:lambda$startDaemon$0(350)) - Ozone container server started.
2019-07-13 20:36:24,502 INFO  node.StaleNodeHandler (StaleNodeHandler.java:onMessage(58)) - Datanode b300cdca-4c3f-4339-81c3-14529db45052{ip: 192.168.5.168, host: trunk-nightly-6qp7m-2461138711, networkLocation: /default-rack, certSerialId: null} moved to stale state. Finalizing its pipelines [PipelineID=0bde529f-f2a6-4660-8866-5d346f2bd7d7, PipelineID=7464763b-ab55-441d-861e-d9e3d089e5cf]
2019-07-13 20:36:24,503 INFO  pipeline.SCMPipelineManager (SCMPipelineManager.java:finalizeAndDestroyPipeline(309)) - destroying pipeline:Pipeline[ Id: 0bde529f-f2a6-4660-8866-5d346f2bd7d7, Nodes: b300cdca-4c3f-4339-81c3-14529db45052{ip: 192.168.5.168, host: trunk-nightly-6qp7m-2461138711, networkLocation: /default-rack, certSerialId: null}, Type:RATIS, Factor:ONE, State:OPEN]
2019-07-13 20:36:24,503 INFO  pipeline.PipelineStateManager (PipelineStateManager.java:finalizePipeline(123)) - Pipeline Pipeline[ Id: 0bde529f-f2a6-4660-8866-5d346f2bd7d7, Nodes: b300cdca-4c3f-4339-81c3-14529db45052{ip: 192.168.5.168, host: trunk-nightly-6qp7m-2461138711, networkLocation: /default-rack, certSerialId: null}, Type:RATIS, Factor:ONE, State:CLOSED] moved to CLOSED state
2019-07-13 20:36:24,503 INFO  pipeline.SCMPipelineManager (SCMPipelineManager.java:finalizeAndDestroyPipeline(309)) - destroying pipeline:Pipeline[ Id: 7464763b-ab55-441d-861e-d9e3d089e5cf, Nodes: b300cdca-4c3f-4339-81c3-14529db45052{ip: 192.168.5.168, host: trunk-nightly-6qp7m-2461138711, networkLocation: /default-rack, certSerialId: null}5b0d4a84-082a-4cf9-abb4-218c274b1155{ip: 192.168.5.168, host: trunk-nightly-6qp7m-2461138711, networkLocation: /default-rack, certSerialId: null}c6c7b2d1-c5af-4dcc-9988-da4b3ff32668{ip: 192.168.5.168, host: trunk-nightly-6qp7m-2461138711, networkLocation: /default-rack, certSerialId: null}, Type:RATIS, Factor:THREE, State:OPEN]
2019-07-13 20:36:24,504 INFO  pipeline.PipelineStateManager (PipelineStateManager.java:finalizePipeline(123)) - Pipeline Pipeline[ Id: 7464763b-ab55-441d-861e-d9e3d089e5cf, Nodes: b300cdca-4c3f-4339-81c3-14529db45052{ip: 192.168.5.168, host: trunk-nightly-6qp7m-2461138711, networkLocation: /default-rack, certSerialId: null}5b0d4a84-082a-4cf9-abb4-218c274b1155{ip: 192.168.5.168, host: trunk-nightly-6qp7m-2461138711, networkLocation: /default-rack, certSerialId: null}c6c7b2d1-c5af-4dcc-9988-da4b3ff32668{ip: 192.168.5.168, host: trunk-nightly-6qp7m-2461138711, networkLocation: /default-rack, certSerialId: null}, Type:RATIS, Factor:THREE, State:CLOSED] moved to CLOSED state
2019-07-13 20:36:25,003 INFO  node.StaleNodeHandler (StaleNodeHandler.java:onMessage(58)) - Datanode 5b1afcc0-ccc7-4c94-addb-bd60614cc333{ip: 192.168.5.168, host: trunk-nightly-6qp7m-2461138711, networkLocation: /default-rack, certSerialId: null} moved to stale state. Finalizing its pipelines [PipelineID=7e7a5ad9-1cfd-4dee-b4b7-6a92939af9ef, PipelineID=a1e574df-02cd-406c-849a-5f514c095cb9]
2019-07-13 20:36:25,003 INFO  pipeline.SCMPipelineManager (SCMPipelineManager.java:finalizeAndDestroyPipeline(309)) - destroying pipeline:Pipeline[ Id: 7e7a5ad9-1cfd-4dee-b4b7-6a92939af9ef, Nodes: 5b1afcc0-ccc7-4c94-addb-bd60614cc333{ip: 192.168.5.168, host: trunk-nightly-6qp7m-2461138711, networkLocation: /default-rack, certSerialId: null}, Type:RATIS, Factor:ONE, State:OPEN]
2019-07-13 20:36:25,003 INFO  pipeline.PipelineStateManager (PipelineStateManager.java:finalizePipeline(123)) - Pipeline Pipeline[ Id: 7e7a5ad9-1cfd-4dee-b4b7-6a92939af9ef, Nodes: 5b1afcc0-ccc7-4c94-addb-bd60614cc333{ip: 192.168.5.168, host: trunk-nightly-6qp7m-2461138711, networkLocation: /default-rack, certSerialId: null}, Type:RATIS, Factor:ONE, State:CLOSED] moved to CLOSED state
2019-07-13 20:36:25,004 INFO  pipeline.SCMPipelineManager (SCMPipelineManager.java:finalizeAndDestroyPipeline(309)) - destroying pipeline:Pipeline[ Id: a1e574df-02cd-406c-849a-5f514c095cb9, Nodes: aca216f7-8a74-4471-98d0-6caf821f75e2{ip: 192.168.5.168, host: trunk-nightly-6qp7m-2461138711, networkLocation: /default-rack, certSerialId: null}5b1afcc0-ccc7-4c94-addb-bd60614cc333{ip: 192.168.5.168, host: trunk-nightly-6qp7m-2461138711, networkLocation: /default-rack, certSerialId: null}97ec5d92-66e9-452b-868d-25d7b088b941{ip: 192.168.5.168, host: trunk-nightly-6qp7m-2461138711, networkLocation: /default-rack, certSerialId: null}, Type:RATIS, Factor:THREE, State:OPEN]
2019-07-13 20:36:25,004 INFO  pipeline.PipelineStateManager (PipelineStateManager.java:finalizePipeline(123)) - Pipeline Pipeline[ Id: a1e574df-02cd-406c-849a-5f514c095cb9, Nodes: aca216f7-8a74-4471-98d0-6caf821f75e2{ip: 192.168.5.168, host: trunk-nightly-6qp7m-2461138711, networkLocation: /default-rack, certSerialId: null}5b1afcc0-ccc7-4c94-addb-bd60614cc333{ip: 192.168.5.168, host: trunk-nightly-6qp7m-2461138711, networkLocation: /default-rack, certSerialId: null}97ec5d92-66e9-452b-868d-25d7b088b941{ip: 192.168.5.168, host: trunk-nightly-6qp7m-2461138711, networkLocation: /default-rack, certSerialId: null}, Type:RATIS, Factor:THREE, State:CLOSED] moved to CLOSED state
2019-07-13 20:36:25,020 INFO  ozoneimpl.OzoneContainer (OzoneContainer.java:stop(199)) - Attempting to stop container services.
2019-07-13 20:36:25,021 INFO  ozoneimpl.OzoneContainer (OzoneContainer.java:stop(199)) - Attempting to stop container services.
2019-07-13 20:36:25,021 INFO  impl.RaftServerProxy (RaftServerProxy.java:lambda$close$4(314)) - 5b1afcc0-ccc7-4c94-addb-bd60614cc333: close
2019-07-13 20:36:25,021 INFO  impl.RaftServerProxy (RaftServerProxy.java:lambda$close$4(314)) - b300cdca-4c3f-4339-81c3-14529db45052: close
2019-07-13 20:36:25,022 INFO  impl.RaftServerImpl (RaftServerImpl.java:lambda$shutdown$3(245)) - 5b1afcc0-ccc7-4c94-addb-bd60614cc333: shutdown group-6A92939AF9EF
2019-07-13 20:36:25,022 INFO  impl.RaftServerImpl (RaftServerImpl.java:lambda$shutdown$3(245)) - b300cdca-4c3f-4339-81c3-14529db45052: shutdown group-5D346F2BD7D7
2019-07-13 20:36:25,022 INFO  util.JmxRegister (JmxRegister.java:unregister(73)) - Successfully un-registered JMX Bean with object name Ratis:service=RaftServer,group=group-6A92939AF9EF,id=5b1afcc0-ccc7-4c94-addb-bd60614cc333
2019-07-13 20:36:25,023 INFO  util.JmxRegister (JmxRegister.java:unregister(73)) - Successfully un-registered JMX Bean with object name Ratis:service=RaftServer,group=group-5D346F2BD7D7,id=b300cdca-4c3f-4339-81c3-14529db45052
2019-07-13 20:36:25,023 INFO  impl.RoleInfo (RoleInfo.java:shutdownLeaderState(104)) - 5b1afcc0-ccc7-4c94-addb-bd60614cc333: shutdown LeaderState
2019-07-13 20:36:25,023 INFO  impl.RoleInfo (RoleInfo.java:shutdownLeaderState(104)) - b300cdca-4c3f-4339-81c3-14529db45052: shutdown LeaderState
2019-07-13 20:36:25,024 INFO  impl.PendingRequests (PendingRequests.java:sendNotLeaderResponses(202)) - 5b1afcc0-ccc7-4c94-addb-bd60614cc333-PendingRequests: sendNotLeaderResponses
2019-07-13 20:36:25,024 INFO  impl.PendingRequests (PendingRequests.java:sendNotLeaderResponses(202)) - b300cdca-4c3f-4339-81c3-14529db45052-PendingRequests: sendNotLeaderResponses
2019-07-13 20:36:25,025 INFO  ratis.ContainerStateMachine (ContainerStateMachine.java:takeSnapshot(246)) - Taking snapshot at termIndex:(t:0, i:~)
2019-07-13 20:36:25,025 INFO  impl.StateMachineUpdater (StateMachineUpdater.java:stopAndJoin(115)) - StateMachineUpdater:5b1afcc0-ccc7-4c94-addb-bd60614cc333:group-6A92939AF9EF: set stopIndex = 0
2019-07-13 20:36:25,026 INFO  impl.RaftServerImpl (ServerState.java:close(394)) - 5b1afcc0-ccc7-4c94-addb-bd60614cc333:group-6A92939AF9EF closes. The last applied log index is 0
2019-07-13 20:36:25,025 INFO  ratis.ContainerStateMachine (ContainerStateMachine.java:takeSnapshot(246)) - Taking snapshot at termIndex:(t:0, i:~)
2019-07-13 20:36:25,025 INFO  impl.StateMachineUpdater (StateMachineUpdater.java:stopAndJoin(115)) - StateMachineUpdater:b300cdca-4c3f-4339-81c3-14529db45052:group-5D346F2BD7D7: set stopIndex = 0
2019-07-13 20:36:25,026 INFO  segmented.SegmentedRaftLogWorker (SegmentedRaftLogWorker.java:run(313)) - 5b1afcc0-ccc7-4c94-addb-bd60614cc333-SegmentedRaftLogWorker:Storage Directory /tmp/workdir/hadoop-ozone/integration-test/target/test-dir/MiniOzoneClusterImpl-48a0a603-d656-4a4b-8099-b970855239bb/datanode-4/data/ratis/7e7a5ad9-1cfd-4dee-b4b7-6a92939af9ef was interrupted, exiting. There are 0 tasks remaining in the queue.
2019-07-13 20:36:25,026 INFO  impl.RaftServerImpl (ServerState.java:close(394)) - b300cdca-4c3f-4339-81c3-14529db45052:group-5D346F2BD7D7 closes. The last applied log index is 0
2019-07-13 20:36:25,030 INFO  segmented.SegmentedRaftLogWorker (SegmentedRaftLogWorker.java:close(228)) - 5b1afcc0-ccc7-4c94-addb-bd60614cc333-SegmentedRaftLogWorker:Storage Directory /tmp/workdir/hadoop-ozone/integration-test/target/test-dir/MiniOzoneClusterImpl-48a0a603-d656-4a4b-8099-b970855239bb/datanode-4/data/ratis/7e7a5ad9-1cfd-4dee-b4b7-6a92939af9ef close()
2019-07-13 20:36:25,031 INFO  segmented.SegmentedRaftLogWorker (SegmentedRaftLogWorker.java:run(313)) - b300cdca-4c3f-4339-81c3-14529db45052-SegmentedRaftLogWorker:Storage Directory /tmp/workdir/hadoop-ozone/integration-test/target/test-dir/MiniOzoneClusterImpl-48a0a603-d656-4a4b-8099-b970855239bb/datanode-1/data/ratis/0bde529f-f2a6-4660-8866-5d346f2bd7d7 was interrupted, exiting. There are 0 tasks remaining in the queue.
2019-07-13 20:36:25,046 INFO  impl.RaftServerImpl (RaftServerImpl.java:lambda$shutdown$3(245)) - 5b1afcc0-ccc7-4c94-addb-bd60614cc333: shutdown group-5F514C095CB9
2019-07-13 20:36:25,048 INFO  segmented.SegmentedRaftLogWorker (SegmentedRaftLogWorker.java:close(228)) - b300cdca-4c3f-4339-81c3-14529db45052-SegmentedRaftLogWorker:Storage Directory /tmp/workdir/hadoop-ozone/integration-test/target/test-dir/MiniOzoneClusterImpl-48a0a603-d656-4a4b-8099-b970855239bb/datanode-1/data/ratis/0bde529f-f2a6-4660-8866-5d346f2bd7d7 close()
2019-07-13 20:36:25,049 INFO  util.JmxRegister (JmxRegister.java:unregister(73)) - Successfully un-registered JMX Bean with object name Ratis:service=RaftServer,group=group-5F514C095CB9,id=5b1afcc0-ccc7-4c94-addb-bd60614cc333
2019-07-13 20:36:25,051 INFO  impl.RaftServerImpl (RaftServerImpl.java:lambda$shutdown$3(245)) - b300cdca-4c3f-4339-81c3-14529db45052: shutdown group-D9E3D089E5CF
2019-07-13 20:36:25,051 INFO  impl.RoleInfo (RoleInfo.java:shutdownFollowerState(121)) - 5b1afcc0-ccc7-4c94-addb-bd60614cc333: shutdown FollowerState
2019-07-13 20:36:25,052 INFO  impl.StateMachineUpdater (StateMachineUpdater.java:stopAndJoin(115)) - StateMachineUpdater:5b1afcc0-ccc7-4c94-addb-bd60614cc333:group-5F514C095CB9: set stopIndex = 0
2019-07-13 20:36:25,052 INFO  util.JmxRegister (JmxRegister.java:unregister(73)) - Successfully un-registered JMX Bean with object name Ratis:service=RaftServer,group=group-D9E3D089E5CF,id=b300cdca-4c3f-4339-81c3-14529db45052
2019-07-13 20:36:25,053 INFO  impl.RoleInfo (RoleInfo.java:shutdownFollowerState(121)) - b300cdca-4c3f-4339-81c3-14529db45052: shutdown FollowerState
2019-07-13 20:36:25,052 INFO  impl.FollowerState (FollowerState.java:run(114)) - 5b1afcc0-ccc7-4c94-addb-bd60614cc333: FollowerState was interrupted: java.lang.InterruptedException: sleep interrupted
2019-07-13 20:36:25,053 INFO  impl.FollowerState (FollowerState.java:run(114)) - b300cdca-4c3f-4339-81c3-14529db45052: FollowerState was interrupted: java.lang.InterruptedException: sleep interrupted
2019-07-13 20:36:25,052 INFO  ratis.ContainerStateMachine (ContainerStateMachine.java:takeSnapshot(246)) - Taking snapshot at termIndex:(t:0, i:~)
2019-07-13 20:36:25,053 INFO  ratis.ContainerStateMachine (ContainerStateMachine.java:takeSnapshot(246)) - Taking snapshot at termIndex:(t:0, i:~)
2019-07-13 20:36:25,053 INFO  impl.StateMachineUpdater (StateMachineUpdater.java:stopAndJoin(115)) - StateMachineUpdater:b300cdca-4c3f-4339-81c3-14529db45052:group-D9E3D089E5CF: set stopIndex = 0
2019-07-13 20:36:25,058 INFO  impl.RaftServerImpl (ServerState.java:close(394)) - b300cdca-4c3f-4339-81c3-14529db45052:group-D9E3D089E5CF closes. The last applied log index is 0
2019-07-13 20:36:25,057 INFO  impl.RaftServerImpl (ServerState.java:close(394)) - 5b1afcc0-ccc7-4c94-addb-bd60614cc333:group-5F514C095CB9 closes. The last applied log index is 0
2019-07-13 20:36:25,058 INFO  segmented.SegmentedRaftLogWorker (SegmentedRaftLogWorker.java:run(313)) - b300cdca-4c3f-4339-81c3-14529db45052-SegmentedRaftLogWorker:Storage Directory /tmp/workdir/hadoop-ozone/integration-test/target/test-dir/MiniOzoneClusterImpl-48a0a603-d656-4a4b-8099-b970855239bb/datanode-1/data/ratis/7464763b-ab55-441d-861e-d9e3d089e5cf was interrupted, exiting. There are 0 tasks remaining in the queue.
2019-07-13 20:36:25,059 INFO  segmented.SegmentedRaftLogWorker (SegmentedRaftLogWorker.java:run(313)) - 5b1afcc0-ccc7-4c94-addb-bd60614cc333-SegmentedRaftLogWorker:Storage Directory /tmp/workdir/hadoop-ozone/integration-test/target/test-dir/MiniOzoneClusterImpl-48a0a603-d656-4a4b-8099-b970855239bb/datanode-4/data/ratis/a1e574df-02cd-406c-849a-5f514c095cb9 was interrupted, exiting. There are 0 tasks remaining in the queue.
2019-07-13 20:36:25,061 INFO  segmented.SegmentedRaftLogWorker (SegmentedRaftLogWorker.java:close(228)) - b300cdca-4c3f-4339-81c3-14529db45052-SegmentedRaftLogWorker:Storage Directory /tmp/workdir/hadoop-ozone/integration-test/target/test-dir/MiniOzoneClusterImpl-48a0a603-d656-4a4b-8099-b970855239bb/datanode-1/data/ratis/7464763b-ab55-441d-861e-d9e3d089e5cf close()
2019-07-13 20:36:25,063 INFO  segmented.SegmentedRaftLogWorker (SegmentedRaftLogWorker.java:close(228)) - 5b1afcc0-ccc7-4c94-addb-bd60614cc333-SegmentedRaftLogWorker:Storage Directory /tmp/workdir/hadoop-ozone/integration-test/target/test-dir/MiniOzoneClusterImpl-48a0a603-d656-4a4b-8099-b970855239bb/datanode-4/data/ratis/a1e574df-02cd-406c-849a-5f514c095cb9 close()
2019-07-13 20:36:25,065 INFO  server.GrpcService (GrpcService.java:closeImpl(155)) - b300cdca-4c3f-4339-81c3-14529db45052: shutdown server with port 34007 now
2019-07-13 20:36:25,067 INFO  server.GrpcService (GrpcService.java:closeImpl(155)) - 5b1afcc0-ccc7-4c94-addb-bd60614cc333: shutdown server with port 39889 now
2019-07-13 20:36:25,068 WARN  server.GrpcServerProtocolService (LogUtils.java:warn(134)) - b300cdca-4c3f-4339-81c3-14529db45052: appendEntries onError: org.apache.ratis.thirdparty.io.grpc.StatusRuntimeException: CANCELLED: cancelled before receiving half close
2019-07-13 20:36:25,068 INFO  server.GrpcService (GrpcService.java:closeImpl(163)) - b300cdca-4c3f-4339-81c3-14529db45052: shutdown server with port 34007 successfully
2019-07-13 20:36:25,068 WARN  server.GrpcLogAppender (LogUtils.java:warn(134)) - 5b0d4a84-082a-4cf9-abb4-218c274b1155->b300cdca-4c3f-4339-81c3-14529db45052: Failed appendEntries: org.apache.ratis.thirdparty.io.grpc.StatusRuntimeException: CANCELLED: HTTP/2 error code: CANCEL
Received Rst Stream
2019-07-13 20:36:25,069 INFO  server.GrpcService (GrpcService.java:closeImpl(163)) - 5b1afcc0-ccc7-4c94-addb-bd60614cc333: shutdown server with port 39889 successfully
2019-07-13 20:36:25,068 WARN  server.GrpcServerProtocolService (LogUtils.java:warn(134)) - 5b1afcc0-ccc7-4c94-addb-bd60614cc333: appendEntries onError: org.apache.ratis.thirdparty.io.grpc.StatusRuntimeException: CANCELLED: cancelled before receiving half close
2019-07-13 20:36:25,069 INFO  impl.FollowerInfo (FollowerInfo.java:lambda$new$0(50)) - 5b0d4a84-082a-4cf9-abb4-218c274b1155->b300cdca-4c3f-4339-81c3-14529db45052: nextIndex: updateUnconditionally 1 -> 0
2019-07-13 20:36:25,069 WARN  server.GrpcLogAppender (LogUtils.java:warn(134)) - 97ec5d92-66e9-452b-868d-25d7b088b941->5b1afcc0-ccc7-4c94-addb-bd60614cc333: Failed appendEntries: org.apache.ratis.thirdparty.io.grpc.StatusRuntimeException: CANCELLED: HTTP/2 error code: CANCEL
Received Rst Stream
2019-07-13 20:36:25,070 INFO  impl.FollowerInfo (FollowerInfo.java:lambda$new$0(50)) - 97ec5d92-66e9-452b-868d-25d7b088b941->5b1afcc0-ccc7-4c94-addb-bd60614cc333: nextIndex: updateUnconditionally 1 -> 0
2019-07-13 20:36:25,071 INFO  utils.BackgroundService (BackgroundService.java:shutdown(148)) - Shutting down service BlockDeletingService
2019-07-13 20:36:25,071 INFO  utils.BackgroundService (BackgroundService.java:shutdown(148)) - Shutting down service BlockDeletingService
2019-07-13 20:36:25,073 WARN  fs.CachingGetSpaceUsed (CachingGetSpaceUsed.java:run(183)) - Thread Interrupted waiting to refresh disk information: sleep interrupted
2019-07-13 20:36:25,080 WARN  fs.CachingGetSpaceUsed (CachingGetSpaceUsed.java:run(183)) - Thread Interrupted waiting to refresh disk information: sleep interrupted
2019-07-13 20:36:25,099 INFO  statemachine.DatanodeStateMachine (DatanodeStateMachine.java:stopDaemon(395)) - Ozone container server stopped.
2019-07-13 20:36:25,105 INFO  statemachine.DatanodeStateMachine (DatanodeStateMachine.java:stopDaemon(395)) - Ozone container server stopped.
2019-07-13 20:36:25,105 INFO  handler.ContextHandler (ContextHandler.java:doStop(910)) - Stopped o.e.j.w.WebAppContext@21457b14{/,null,UNAVAILABLE}{/hddsDatanode}
2019-07-13 20:36:25,109 INFO  server.AbstractConnector (AbstractConnector.java:doStop(318)) - Stopped ServerConnector@7e484bd{HTTP/1.1,[http/1.1]}{0.0.0.0:0}
2019-07-13 20:36:25,111 INFO  handler.ContextHandler (ContextHandler.java:doStop(910)) - Stopped o.e.j.w.WebAppContext@3cc5408c{/,null,UNAVAILABLE}{/hddsDatanode}
2019-07-13 20:36:25,111 INFO  handler.ContextHandler (ContextHandler.java:doStop(910)) - Stopped o.e.j.s.ServletContextHandler@319ea996{/static,jar:file:/home/user/.m2/repository/org/apache/hadoop/hadoop-hdds-container-service/0.5.0-SNAPSHOT/hadoop-hdds-container-service-0.5.0-SNAPSHOT.jar!/webapps/static,UNAVAILABLE}
2019-07-13 20:36:25,111 INFO  handler.ContextHandler (ContextHandler.java:doStop(910)) - Stopped o.e.j.s.ServletContextHandler@73dc7db0{/logs,file:///tmp/workdir/hadoop-ozone/integration-test/target/log,UNAVAILABLE}
2019-07-13 20:36:25,111 INFO  server.AbstractConnector (AbstractConnector.java:doStop(318)) - Stopped ServerConnector@1ecd09d5{HTTP/1.1,[http/1.1]}{0.0.0.0:0}
2019-07-13 20:36:25,114 INFO  handler.ContextHandler (ContextHandler.java:doStop(910)) - Stopped o.e.j.s.ServletContextHandler@2d1f9ec3{/static,jar:file:/home/user/.m2/repository/org/apache/hadoop/hadoop-hdds-container-service/0.5.0-SNAPSHOT/hadoop-hdds-container-service-0.5.0-SNAPSHOT.jar!/webapps/static,UNAVAILABLE}
2019-07-13 20:36:25,116 INFO  handler.ContextHandler (ContextHandler.java:doStop(910)) - Stopped o.e.j.s.ServletContextHandler@5bbc033f{/logs,file:///tmp/workdir/hadoop-ozone/integration-test/target/log,UNAVAILABLE}
2019-07-13 20:36:25,117 INFO  datanode.ObjectStoreHandler (ObjectStoreHandler.java:close(155)) - Closing ObjectStoreHandler.
2019-07-13 20:36:25,117 INFO  ozone.HddsDatanodeService (HddsDatanodeService.java:stop(452)) - Stopped plug-in org.apache.hadoop.ozone.web.OzoneHddsDatanodeService@5b27d03d
2019-07-13 20:36:25,117 INFO  datanode.ObjectStoreHandler (ObjectStoreHandler.java:close(155)) - Closing ObjectStoreHandler.
2019-07-13 20:36:25,118 INFO  ozone.HddsDatanodeService (HddsDatanodeService.java:stop(452)) - Stopped plug-in org.apache.hadoop.ozone.web.OzoneHddsDatanodeService@14091e24
2019-07-13 20:36:25,385 WARN  server.GrpcLogAppender (LogUtils.java:warn(134)) - 97ec5d92-66e9-452b-868d-25d7b088b941->5b1afcc0-ccc7-4c94-addb-bd60614cc333: Failed appendEntries: org.apache.ratis.thirdparty.io.grpc.StatusRuntimeException: UNAVAILABLE: io exception
2019-07-13 20:36:25,386 INFO  impl.FollowerInfo (FollowerInfo.java:lambda$new$0(50)) - 97ec5d92-66e9-452b-868d-25d7b088b941->5b1afcc0-ccc7-4c94-addb-bd60614cc333: nextIndex: updateUnconditionally 0 -> 0
2019-07-13 20:36:25,807 INFO  statemachine.DatanodeStateMachine (DatanodeStateMachine.java:lambda$startDaemon$0(350)) - Ozone container server started.
2019-07-13 20:36:25,849 INFO  statemachine.DatanodeStateMachine (DatanodeStateMachine.java:lambda$startDaemon$0(350)) - Ozone container server started.
2019-07-13 20:36:27,451 WARN  server.GrpcLogAppender (LogUtils.java:warn(134)) - 5b0d4a84-082a-4cf9-abb4-218c274b1155->b300cdca-4c3f-4339-81c3-14529db45052: Failed appendEntries: org.apache.ratis.thirdparty.io.grpc.StatusRuntimeException: UNAVAILABLE: io exception
2019-07-13 20:36:27,452 INFO  impl.FollowerInfo (FollowerInfo.java:lambda$new$0(50)) - 5b0d4a84-082a-4cf9-abb4-218c274b1155->b300cdca-4c3f-4339-81c3-14529db45052: nextIndex: updateUnconditionally 0 -> 0
2019-07-13 20:36:27,886 WARN  server.GrpcLogAppender (LogUtils.java:warn(134)) - 97ec5d92-66e9-452b-868d-25d7b088b941->5b1afcc0-ccc7-4c94-addb-bd60614cc333: Failed appendEntries: org.apache.ratis.thirdparty.io.grpc.StatusRuntimeException: UNAVAILABLE: io exception
2019-07-13 20:36:27,886 INFO  impl.FollowerInfo (FollowerInfo.java:lambda$new$0(50)) - 97ec5d92-66e9-452b-868d-25d7b088b941->5b1afcc0-ccc7-4c94-addb-bd60614cc333: nextIndex: updateUnconditionally 0 -> 0
2019-07-13 20:36:29,809 INFO  node.StaleNodeHandler (StaleNodeHandler.java:onMessage(58)) - Datanode 97ec5d92-66e9-452b-868d-25d7b088b941{ip: 192.168.5.168, host: trunk-nightly-6qp7m-2461138711, networkLocation: /default-rack, certSerialId: null} moved to stale state. Finalizing its pipelines [PipelineID=a1e574df-02cd-406c-849a-5f514c095cb9, PipelineID=5352f80e-06b1-4d94-9ec8-1eae80f66ee1]
2019-07-13 20:36:29,810 INFO  pipeline.SCMPipelineManager (SCMPipelineManager.java:finalizeAndDestroyPipeline(309)) - destroying pipeline:Pipeline[ Id: a1e574df-02cd-406c-849a-5f514c095cb9, Nodes: aca216f7-8a74-4471-98d0-6caf821f75e2{ip: 192.168.5.168, host: trunk-nightly-6qp7m-2461138711, networkLocation: /default-rack, certSerialId: null}5b1afcc0-ccc7-4c94-addb-bd60614cc333{ip: 192.168.5.168, host: trunk-nightly-6qp7m-2461138711, networkLocation: /default-rack, certSerialId: null}97ec5d92-66e9-452b-868d-25d7b088b941{ip: 192.168.5.168, host: trunk-nightly-6qp7m-2461138711, networkLocation: /default-rack, certSerialId: null}, Type:RATIS, Factor:THREE, State:CLOSED]
2019-07-13 20:36:29,810 INFO  pipeline.SCMPipelineManager (SCMPipelineManager.java:finalizeAndDestroyPipeline(309)) - destroying pipeline:Pipeline[ Id: 5352f80e-06b1-4d94-9ec8-1eae80f66ee1, Nodes: 97ec5d92-66e9-452b-868d-25d7b088b941{ip: 192.168.5.168, host: trunk-nightly-6qp7m-2461138711, networkLocation: /default-rack, certSerialId: null}, Type:RATIS, Factor:ONE, State:OPEN]
2019-07-13 20:36:29,810 INFO  pipeline.PipelineStateManager (PipelineStateManager.java:finalizePipeline(123)) - Pipeline Pipeline[ Id: 5352f80e-06b1-4d94-9ec8-1eae80f66ee1, Nodes: 97ec5d92-66e9-452b-868d-25d7b088b941{ip: 192.168.5.168, host: trunk-nightly-6qp7m-2461138711, networkLocation: /default-rack, certSerialId: null}, Type:RATIS, Factor:ONE, State:CLOSED] moved to CLOSED state
2019-07-13 20:36:29,909 INFO  node.StaleNodeHandler (StaleNodeHandler.java:onMessage(58)) - Datanode 5b0d4a84-082a-4cf9-abb4-218c274b1155{ip: 192.168.5.168, host: trunk-nightly-6qp7m-2461138711, networkLocation: /default-rack, certSerialId: null} moved to stale state. Finalizing its pipelines [PipelineID=a35f85fa-afec-483d-986f-28a36f599a47, PipelineID=7464763b-ab55-441d-861e-d9e3d089e5cf]
2019-07-13 20:36:29,910 INFO  pipeline.SCMPipelineManager (SCMPipelineManager.java:finalizeAndDestroyPipeline(309)) - destroying pipeline:Pipeline[ Id: a35f85fa-afec-483d-986f-28a36f599a47, Nodes: 5b0d4a84-082a-4cf9-abb4-218c274b1155{ip: 192.168.5.168, host: trunk-nightly-6qp7m-2461138711, networkLocation: /default-rack, certSerialId: null}, Type:RATIS, Factor:ONE, State:OPEN]
2019-07-13 20:36:29,910 INFO  pipeline.PipelineStateManager (PipelineStateManager.java:finalizePipeline(123)) - Pipeline Pipeline[ Id: a35f85fa-afec-483d-986f-28a36f599a47, Nodes: 5b0d4a84-082a-4cf9-abb4-218c274b1155{ip: 192.168.5.168, host: trunk-nightly-6qp7m-2461138711, networkLocation: /default-rack, certSerialId: null}, Type:RATIS, Factor:ONE, State:CLOSED] moved to CLOSED state
2019-07-13 20:36:29,910 INFO  pipeline.SCMPipelineManager (SCMPipelineManager.java:finalizeAndDestroyPipeline(309)) - destroying pipeline:Pipeline[ Id: 7464763b-ab55-441d-861e-d9e3d089e5cf, Nodes: b300cdca-4c3f-4339-81c3-14529db45052{ip: 192.168.5.168, host: trunk-nightly-6qp7m-2461138711, networkLocation: /default-rack, certSerialId: null}5b0d4a84-082a-4cf9-abb4-218c274b1155{ip: 192.168.5.168, host: trunk-nightly-6qp7m-2461138711, networkLocation: /default-rack, certSerialId: null}c6c7b2d1-c5af-4dcc-9988-da4b3ff32668{ip: 192.168.5.168, host: trunk-nightly-6qp7m-2461138711, networkLocation: /default-rack, certSerialId: null}, Type:RATIS, Factor:THREE, State:CLOSED]
2019-07-13 20:36:29,910 INFO  container.CloseContainerEventHandler (CloseContainerEventHandler.java:onMessage(61)) - Close container Event triggered for container : #2
2019-07-13 20:36:29,952 WARN  server.GrpcLogAppender (LogUtils.java:warn(134)) - 5b0d4a84-082a-4cf9-abb4-218c274b1155->b300cdca-4c3f-4339-81c3-14529db45052: Failed appendEntries: org.apache.ratis.thirdparty.io.grpc.StatusRuntimeException: UNAVAILABLE: io exception
2019-07-13 20:36:29,952 INFO  impl.FollowerInfo (FollowerInfo.java:lambda$new$0(50)) - 5b0d4a84-082a-4cf9-abb4-218c274b1155->b300cdca-4c3f-4339-81c3-14529db45052: nextIndex: updateUnconditionally 0 -> 0
2019-07-13 20:36:30,118 INFO  ozoneimpl.OzoneContainer (OzoneContainer.java:stop(199)) - Attempting to stop container services.
2019-07-13 20:36:30,118 INFO  impl.RaftServerProxy (RaftServerProxy.java:lambda$close$4(314)) - 97ec5d92-66e9-452b-868d-25d7b088b941: close
2019-07-13 20:36:30,119 INFO  ozoneimpl.OzoneContainer (OzoneContainer.java:stop(199)) - Attempting to stop container services.
2019-07-13 20:36:30,119 INFO  impl.RaftServerImpl (RaftServerImpl.java:lambda$shutdown$3(245)) - 97ec5d92-66e9-452b-868d-25d7b088b941: shutdown group-5F514C095CB9
2019-07-13 20:36:30,119 INFO  impl.RaftServerProxy (RaftServerProxy.java:lambda$close$4(314)) - 5b0d4a84-082a-4cf9-abb4-218c274b1155: close
2019-07-13 20:36:30,119 INFO  util.JmxRegister (JmxRegister.java:unregister(73)) - Successfully un-registered JMX Bean with object name Ratis:service=RaftServer,group=group-5F514C095CB9,id=97ec5d92-66e9-452b-868d-25d7b088b941
2019-07-13 20:36:30,120 INFO  impl.RaftServerImpl (RaftServerImpl.java:lambda$shutdown$3(245)) - 5b0d4a84-082a-4cf9-abb4-218c274b1155: shutdown group-28A36F599A47
2019-07-13 20:36:30,120 INFO  impl.RoleInfo (RoleInfo.java:shutdownLeaderState(104)) - 97ec5d92-66e9-452b-868d-25d7b088b941: shutdown LeaderState
2019-07-13 20:36:30,120 INFO  util.JmxRegister (JmxRegister.java:unregister(73)) - Successfully un-registered JMX Bean with object name Ratis:service=RaftServer,group=group-28A36F599A47,id=5b0d4a84-082a-4cf9-abb4-218c274b1155
2019-07-13 20:36:30,126 WARN  server.GrpcLogAppender (GrpcLogAppender.java:mayWait(143)) - GrpcLogAppender(97ec5d92-66e9-452b-868d-25d7b088b941->aca216f7-8a74-4471-98d0-6caf821f75e2): Wait interrupted by java.lang.InterruptedException
2019-07-13 20:36:30,126 WARN  server.GrpcLogAppender (GrpcLogAppender.java:mayWait(143)) - GrpcLogAppender(97ec5d92-66e9-452b-868d-25d7b088b941->5b1afcc0-ccc7-4c94-addb-bd60614cc333): Wait interrupted by java.lang.InterruptedException
2019-07-13 20:36:30,126 INFO  impl.PendingRequests (PendingRequests.java:sendNotLeaderResponses(202)) - 97ec5d92-66e9-452b-868d-25d7b088b941-PendingRequests: sendNotLeaderResponses
2019-07-13 20:36:30,126 INFO  server.GrpcServerProtocolService (GrpcServerProtocolService.java:onCompleted(104)) - aca216f7-8a74-4471-98d0-6caf821f75e2: appendEntries completed
2019-07-13 20:36:30,126 INFO  impl.RoleInfo (RoleInfo.java:shutdownLeaderState(104)) - 5b0d4a84-082a-4cf9-abb4-218c274b1155: shutdown LeaderState
2019-07-13 20:36:30,127 INFO  ratis.ContainerStateMachine (ContainerStateMachine.java:takeSnapshot(246)) - Taking snapshot at termIndex:(t:0, i:~)
2019-07-13 20:36:30,127 INFO  impl.StateMachineUpdater (StateMachineUpdater.java:stopAndJoin(115)) - StateMachineUpdater:97ec5d92-66e9-452b-868d-25d7b088b941:group-5F514C095CB9: set stopIndex = 0
2019-07-13 20:36:30,127 INFO  server.GrpcLogAppender (GrpcLogAppender.java:onCompleted(292)) - 97ec5d92-66e9-452b-868d-25d7b088b941->aca216f7-8a74-4471-98d0-6caf821f75e2: follower responses appendEntries COMPLETED
2019-07-13 20:36:30,127 INFO  impl.PendingRequests (PendingRequests.java:sendNotLeaderResponses(202)) - 5b0d4a84-082a-4cf9-abb4-218c274b1155-PendingRequests: sendNotLeaderResponses
2019-07-13 20:36:30,128 INFO  impl.FollowerInfo (FollowerInfo.java:lambda$new$0(50)) - 97ec5d92-66e9-452b-868d-25d7b088b941->aca216f7-8a74-4471-98d0-6caf821f75e2: nextIndex: updateUnconditionally 1 -> 0
2019-07-13 20:36:30,128 INFO  impl.RaftServerImpl (ServerState.java:close(394)) - 97ec5d92-66e9-452b-868d-25d7b088b941:group-5F514C095CB9 closes. The last applied log index is 0
2019-07-13 20:36:30,136 INFO  ratis.ContainerStateMachine (ContainerStateMachine.java:takeSnapshot(246)) - Taking snapshot at termIndex:(t:1, i:12)
2019-07-13 20:36:30,136 INFO  segmented.SegmentedRaftLogWorker (SegmentedRaftLogWorker.java:run(313)) - 97ec5d92-66e9-452b-868d-25d7b088b941-SegmentedRaftLogWorker:Storage Directory /tmp/workdir/hadoop-ozone/integration-test/target/test-dir/MiniOzoneClusterImpl-48a0a603-d656-4a4b-8099-b970855239bb/datanode-3/data/ratis/a1e574df-02cd-406c-849a-5f514c095cb9 was interrupted, exiting. There are 0 tasks remaining in the queue.
2019-07-13 20:36:30,135 INFO  impl.StateMachineUpdater (StateMachineUpdater.java:stopAndJoin(115)) - StateMachineUpdater:5b0d4a84-082a-4cf9-abb4-218c274b1155:group-28A36F599A47: set stopIndex = 14
2019-07-13 20:36:30,139 INFO  segmented.SegmentedRaftLogWorker (SegmentedRaftLogWorker.java:close(228)) - 97ec5d92-66e9-452b-868d-25d7b088b941-SegmentedRaftLogWorker:Storage Directory /tmp/workdir/hadoop-ozone/integration-test/target/test-dir/MiniOzoneClusterImpl-48a0a603-d656-4a4b-8099-b970855239bb/datanode-3/data/ratis/a1e574df-02cd-406c-849a-5f514c095cb9 close()
2019-07-13 20:36:30,136 INFO  ratis.ContainerStateMachine (ContainerStateMachine.java:takeSnapshot(250)) - Taking a snapshot to file /tmp/workdir/hadoop-ozone/integration-test/target/test-dir/MiniOzoneClusterImpl-48a0a603-d656-4a4b-8099-b970855239bb/datanode-2/data/ratis/a35f85fa-afec-483d-986f-28a36f599a47/sm/snapshot.1_12
2019-07-13 20:36:30,142 INFO  impl.RaftServerImpl (RaftServerImpl.java:lambda$shutdown$3(245)) - 97ec5d92-66e9-452b-868d-25d7b088b941: shutdown group-1EAE80F66EE1
2019-07-13 20:36:30,143 INFO  impl.StateMachineUpdater (StateMachineUpdater.java:takeSnapshot(242)) - StateMachineUpdater:5b0d4a84-082a-4cf9-abb4-218c274b1155:group-28A36F599A47: Took a snapshot at index 12
2019-07-13 20:36:30,143 INFO  util.JmxRegister (JmxRegister.java:unregister(73)) - Successfully un-registered JMX Bean with object name Ratis:service=RaftServer,group=group-1EAE80F66EE1,id=97ec5d92-66e9-452b-868d-25d7b088b941
2019-07-13 20:36:30,143 INFO  impl.StateMachineUpdater (StateMachineUpdater.java:lambda$new$0(80)) - StateMachineUpdater:5b0d4a84-082a-4cf9-abb4-218c274b1155:group-28A36F599A47: snapshotIndex: updateIncreasingly -1 -> 12
2019-07-13 20:36:30,143 INFO  impl.RoleInfo (RoleInfo.java:shutdownLeaderState(104)) - 97ec5d92-66e9-452b-868d-25d7b088b941: shutdown LeaderState
2019-07-13 20:36:30,144 INFO  impl.RaftServerImpl (ServerState.java:close(394)) - 5b0d4a84-082a-4cf9-abb4-218c274b1155:group-28A36F599A47 closes. The last applied log index is 14
2019-07-13 20:36:30,144 INFO  impl.PendingRequests (PendingRequests.java:sendNotLeaderResponses(202)) - 97ec5d92-66e9-452b-868d-25d7b088b941-PendingRequests: sendNotLeaderResponses
2019-07-13 20:36:30,144 INFO  segmented.SegmentedRaftLogWorker (SegmentedRaftLogWorker.java:run(313)) - 5b0d4a84-082a-4cf9-abb4-218c274b1155-SegmentedRaftLogWorker:Storage Directory /tmp/workdir/hadoop-ozone/integration-test/target/test-dir/MiniOzoneClusterImpl-48a0a603-d656-4a4b-8099-b970855239bb/datanode-2/data/ratis/a35f85fa-afec-483d-986f-28a36f599a47 was interrupted, exiting. There are 0 tasks remaining in the queue.
2019-07-13 20:36:30,144 INFO  impl.StateMachineUpdater (StateMachineUpdater.java:stopAndJoin(115)) - StateMachineUpdater:97ec5d92-66e9-452b-868d-25d7b088b941:group-1EAE80F66EE1: set stopIndex = 0
2019-07-13 20:36:30,147 INFO  segmented.SegmentedRaftLogWorker (SegmentedRaftLogWorker.java:close(228)) - 5b0d4a84-082a-4cf9-abb4-218c274b1155-SegmentedRaftLogWorker:Storage Directory /tmp/workdir/hadoop-ozone/integration-test/target/test-dir/MiniOzoneClusterImpl-48a0a603-d656-4a4b-8099-b970855239bb/datanode-2/data/ratis/a35f85fa-afec-483d-986f-28a36f599a47 close()
2019-07-13 20:36:30,145 INFO  ratis.ContainerStateMachine (ContainerStateMachine.java:takeSnapshot(246)) - Taking snapshot at termIndex:(t:0, i:~)
2019-07-13 20:36:30,149 INFO  impl.RaftServerImpl (RaftServerImpl.java:lambda$shutdown$3(245)) - 5b0d4a84-082a-4cf9-abb4-218c274b1155: shutdown group-D9E3D089E5CF
2019-07-13 20:36:30,149 INFO  impl.RaftServerImpl (ServerState.java:close(394)) - 97ec5d92-66e9-452b-868d-25d7b088b941:group-1EAE80F66EE1 closes. The last applied log index is 0
2019-07-13 20:36:30,149 INFO  util.JmxRegister (JmxRegister.java:unregister(73)) - Successfully un-registered JMX Bean with object name Ratis:service=RaftServer,group=group-D9E3D089E5CF,id=5b0d4a84-082a-4cf9-abb4-218c274b1155
2019-07-13 20:36:30,150 INFO  segmented.SegmentedRaftLogWorker (SegmentedRaftLogWorker.java:run(313)) - 97ec5d92-66e9-452b-868d-25d7b088b941-SegmentedRaftLogWorker:Storage Directory /tmp/workdir/hadoop-ozone/integration-test/target/test-dir/MiniOzoneClusterImpl-48a0a603-d656-4a4b-8099-b970855239bb/datanode-3/data/ratis/5352f80e-06b1-4d94-9ec8-1eae80f66ee1 was interrupted, exiting. There are 0 tasks remaining in the queue.
2019-07-13 20:36:30,150 INFO  impl.RoleInfo (RoleInfo.java:shutdownLeaderState(104)) - 5b0d4a84-082a-4cf9-abb4-218c274b1155: shutdown LeaderState
2019-07-13 20:36:30,152 INFO  segmented.SegmentedRaftLogWorker (SegmentedRaftLogWorker.java:close(228)) - 97ec5d92-66e9-452b-868d-25d7b088b941-SegmentedRaftLogWorker:Storage Directory /tmp/workdir/hadoop-ozone/integration-test/target/test-dir/MiniOzoneClusterImpl-48a0a603-d656-4a4b-8099-b970855239bb/datanode-3/data/ratis/5352f80e-06b1-4d94-9ec8-1eae80f66ee1 close()
2019-07-13 20:36:30,156 WARN  server.GrpcLogAppender (GrpcLogAppender.java:mayWait(143)) - GrpcLogAppender(5b0d4a84-082a-4cf9-abb4-218c274b1155->c6c7b2d1-c5af-4dcc-9988-da4b3ff32668): Wait interrupted by java.lang.InterruptedException
2019-07-13 20:36:30,158 INFO  server.GrpcService (GrpcService.java:closeImpl(155)) - 97ec5d92-66e9-452b-868d-25d7b088b941: shutdown server with port 44391 now
2019-07-13 20:36:30,159 INFO  server.GrpcServerProtocolService (GrpcServerProtocolService.java:onCompleted(104)) - c6c7b2d1-c5af-4dcc-9988-da4b3ff32668: appendEntries completed
2019-07-13 20:36:30,156 WARN  server.GrpcLogAppender (GrpcLogAppender.java:mayWait(143)) - GrpcLogAppender(5b0d4a84-082a-4cf9-abb4-218c274b1155->b300cdca-4c3f-4339-81c3-14529db45052): Wait interrupted by java.lang.InterruptedException
2019-07-13 20:36:30,156 INFO  impl.PendingRequests (PendingRequests.java:sendNotLeaderResponses(202)) - 5b0d4a84-082a-4cf9-abb4-218c274b1155-PendingRequests: sendNotLeaderResponses
2019-07-13 20:36:30,159 INFO  server.GrpcLogAppender (GrpcLogAppender.java:onCompleted(292)) - 5b0d4a84-082a-4cf9-abb4-218c274b1155->c6c7b2d1-c5af-4dcc-9988-da4b3ff32668: follower responses appendEntries COMPLETED
2019-07-13 20:36:30,159 INFO  server.GrpcService (GrpcService.java:closeImpl(163)) - 97ec5d92-66e9-452b-868d-25d7b088b941: shutdown server with port 44391 successfully
2019-07-13 20:36:30,160 INFO  impl.FollowerInfo (FollowerInfo.java:lambda$new$0(50)) - 5b0d4a84-082a-4cf9-abb4-218c274b1155->c6c7b2d1-c5af-4dcc-9988-da4b3ff32668: nextIndex: updateUnconditionally 1 -> 0
2019-07-13 20:36:30,160 INFO  ratis.ContainerStateMachine (ContainerStateMachine.java:takeSnapshot(246)) - Taking snapshot at termIndex:(t:0, i:~)
2019-07-13 20:36:30,160 INFO  impl.StateMachineUpdater (StateMachineUpdater.java:stopAndJoin(115)) - StateMachineUpdater:5b0d4a84-082a-4cf9-abb4-218c274b1155:group-D9E3D089E5CF: set stopIndex = 0
2019-07-13 20:36:30,161 INFO  impl.RaftServerImpl (ServerState.java:close(394)) - 5b0d4a84-082a-4cf9-abb4-218c274b1155:group-D9E3D089E5CF closes. The last applied log index is 0
2019-07-13 20:36:30,161 INFO  segmented.SegmentedRaftLogWorker (SegmentedRaftLogWorker.java:run(313)) - 5b0d4a84-082a-4cf9-abb4-218c274b1155-SegmentedRaftLogWorker:Storage Directory /tmp/workdir/hadoop-ozone/integration-test/target/test-dir/MiniOzoneClusterImpl-48a0a603-d656-4a4b-8099-b970855239bb/datanode-2/data/ratis/7464763b-ab55-441d-861e-d9e3d089e5cf was interrupted, exiting. There are 0 tasks remaining in the queue.
2019-07-13 20:36:30,161 INFO  utils.BackgroundService (BackgroundService.java:shutdown(148)) - Shutting down service BlockDeletingService
2019-07-13 20:36:30,163 INFO  segmented.SegmentedRaftLogWorker (SegmentedRaftLogWorker.java:close(228)) - 5b0d4a84-082a-4cf9-abb4-218c274b1155-SegmentedRaftLogWorker:Storage Directory /tmp/workdir/hadoop-ozone/integration-test/target/test-dir/MiniOzoneClusterImpl-48a0a603-d656-4a4b-8099-b970855239bb/datanode-2/data/ratis/7464763b-ab55-441d-861e-d9e3d089e5cf close()
2019-07-13 20:36:30,166 INFO  server.GrpcService (GrpcService.java:closeImpl(155)) - 5b0d4a84-082a-4cf9-abb4-218c274b1155: shutdown server with port 35531 now
2019-07-13 20:36:30,167 INFO  server.GrpcService (GrpcService.java:closeImpl(163)) - 5b0d4a84-082a-4cf9-abb4-218c274b1155: shutdown server with port 35531 successfully
2019-07-13 20:36:30,169 WARN  fs.CachingGetSpaceUsed (CachingGetSpaceUsed.java:run(183)) - Thread Interrupted waiting to refresh disk information: sleep interrupted
2019-07-13 20:36:30,169 INFO  utils.BackgroundService (BackgroundService.java:shutdown(148)) - Shutting down service BlockDeletingService
2019-07-13 20:36:30,176 WARN  fs.CachingGetSpaceUsed (CachingGetSpaceUsed.java:run(183)) - Thread Interrupted waiting to refresh disk information: sleep interrupted
2019-07-13 20:36:30,193 INFO  statemachine.DatanodeStateMachine (DatanodeStateMachine.java:stopDaemon(395)) - Ozone container server stopped.
2019-07-13 20:36:30,199 INFO  statemachine.DatanodeStateMachine (DatanodeStateMachine.java:stopDaemon(395)) - Ozone container server stopped.
2019-07-13 20:36:30,206 INFO  handler.ContextHandler (ContextHandler.java:doStop(910)) - Stopped o.e.j.w.WebAppContext@5c8e7687{/,null,UNAVAILABLE}{/hddsDatanode}
2019-07-13 20:36:30,207 INFO  handler.ContextHandler (ContextHandler.java:doStop(910)) - Stopped o.e.j.w.WebAppContext@30a1b2ad{/,null,UNAVAILABLE}{/hddsDatanode}
2019-07-13 20:36:30,208 INFO  server.AbstractConnector (AbstractConnector.java:doStop(318)) - Stopped ServerConnector@2d093067{HTTP/1.1,[http/1.1]}{0.0.0.0:0}
2019-07-13 20:36:30,208 INFO  server.AbstractConnector (AbstractConnector.java:doStop(318)) - Stopped ServerConnector@436d2bb9{HTTP/1.1,[http/1.1]}{0.0.0.0:0}
2019-07-13 20:36:30,208 INFO  handler.ContextHandler (ContextHandler.java:doStop(910)) - Stopped o.e.j.s.ServletContextHandler@3ca5da54{/static,jar:file:/home/user/.m2/repository/org/apache/hadoop/hadoop-hdds-container-service/0.5.0-SNAPSHOT/hadoop-hdds-container-service-0.5.0-SNAPSHOT.jar!/webapps/static,UNAVAILABLE}
2019-07-13 20:36:30,210 INFO  handler.ContextHandler (ContextHandler.java:doStop(910)) - Stopped o.e.j.s.ServletContextHandler@50d6af87{/static,jar:file:/home/user/.m2/repository/org/apache/hadoop/hadoop-hdds-container-service/0.5.0-SNAPSHOT/hadoop-hdds-container-service-0.5.0-SNAPSHOT.jar!/webapps/static,UNAVAILABLE}
2019-07-13 20:36:30,210 INFO  handler.ContextHandler (ContextHandler.java:doStop(910)) - Stopped o.e.j.s.ServletContextHandler@b332eda{/logs,file:///tmp/workdir/hadoop-ozone/integration-test/target/log,UNAVAILABLE}
2019-07-13 20:36:30,212 INFO  handler.ContextHandler (ContextHandler.java:doStop(910)) - Stopped o.e.j.s.ServletContextHandler@574e4184{/logs,file:///tmp/workdir/hadoop-ozone/integration-test/target/log,UNAVAILABLE}
2019-07-13 20:36:30,214 INFO  datanode.ObjectStoreHandler (ObjectStoreHandler.java:close(155)) - Closing ObjectStoreHandler.
2019-07-13 20:36:30,214 INFO  datanode.ObjectStoreHandler (ObjectStoreHandler.java:close(155)) - Closing ObjectStoreHandler.
2019-07-13 20:36:30,215 INFO  ozone.HddsDatanodeService (HddsDatanodeService.java:stop(452)) - Stopped plug-in org.apache.hadoop.ozone.web.OzoneHddsDatanodeService@1267adbe
2019-07-13 20:36:30,215 INFO  ozone.HddsDatanodeService (HddsDatanodeService.java:stop(452)) - Stopped plug-in org.apache.hadoop.ozone.web.OzoneHddsDatanodeService@eea0b48
2019-07-13 20:36:30,329 INFO  statemachine.DatanodeStateMachine (DatanodeStateMachine.java:lambda$startDaemon$0(350)) - Ozone container server started.
2019-07-13 20:36:30,583 INFO  statemachine.DatanodeStateMachine (DatanodeStateMachine.java:lambda$startDaemon$0(350)) - Ozone container server started.
2019-07-13 20:36:34,416 INFO  node.StaleNodeHandler (StaleNodeHandler.java:onMessage(58)) - Datanode c6c7b2d1-c5af-4dcc-9988-da4b3ff32668{ip: 192.168.5.168, host: trunk-nightly-6qp7m-2461138711, networkLocation: /default-rack, certSerialId: null} moved to stale state. Finalizing its pipelines [PipelineID=979cca2c-d013-4f48-a6a7-027324e926d5, PipelineID=7464763b-ab55-441d-861e-d9e3d089e5cf]
2019-07-13 20:36:34,416 INFO  pipeline.SCMPipelineManager (SCMPipelineManager.java:finalizeAndDestroyPipeline(309)) - destroying pipeline:Pipeline[ Id: 979cca2c-d013-4f48-a6a7-027324e926d5, Nodes: c6c7b2d1-c5af-4dcc-9988-da4b3ff32668{ip: 192.168.5.168, host: trunk-nightly-6qp7m-2461138711, networkLocation: /default-rack, certSerialId: null}, Type:RATIS, Factor:ONE, State:OPEN]
2019-07-13 20:36:34,416 INFO  pipeline.PipelineStateManager (PipelineStateManager.java:finalizePipeline(123)) - Pipeline Pipeline[ Id: 979cca2c-d013-4f48-a6a7-027324e926d5, Nodes: c6c7b2d1-c5af-4dcc-9988-da4b3ff32668{ip: 192.168.5.168, host: trunk-nightly-6qp7m-2461138711, networkLocation: /default-rack, certSerialId: null}, Type:RATIS, Factor:ONE, State:CLOSED] moved to CLOSED state
2019-07-13 20:36:34,417 INFO  pipeline.SCMPipelineManager (SCMPipelineManager.java:finalizeAndDestroyPipeline(309)) - destroying pipeline:Pipeline[ Id: 7464763b-ab55-441d-861e-d9e3d089e5cf, Nodes: b300cdca-4c3f-4339-81c3-14529db45052{ip: 192.168.5.168, host: trunk-nightly-6qp7m-2461138711, networkLocation: /default-rack, certSerialId: null}5b0d4a84-082a-4cf9-abb4-218c274b1155{ip: 192.168.5.168, host: trunk-nightly-6qp7m-2461138711, networkLocation: /default-rack, certSerialId: null}c6c7b2d1-c5af-4dcc-9988-da4b3ff32668{ip: 192.168.5.168, host: trunk-nightly-6qp7m-2461138711, networkLocation: /default-rack, certSerialId: null}, Type:RATIS, Factor:THREE, State:CLOSED]
2019-07-13 20:36:34,616 INFO  node.StaleNodeHandler (StaleNodeHandler.java:onMessage(58)) - Datanode 43bbb1e3-d8e3-43e7-9a1a-0cd13e6b3848{ip: 192.168.5.168, host: trunk-nightly-6qp7m-2461138711, networkLocation: /default-rack, certSerialId: null} moved to stale state. Finalizing its pipelines [PipelineID=ebfe3356-0975-422d-a67b-8bf6a04a4543]
2019-07-13 20:36:34,616 INFO  pipeline.SCMPipelineManager (SCMPipelineManager.java:finalizeAndDestroyPipeline(309)) - destroying pipeline:Pipeline[ Id: ebfe3356-0975-422d-a67b-8bf6a04a4543, Nodes: 43bbb1e3-d8e3-43e7-9a1a-0cd13e6b3848{ip: 192.168.5.168, host: trunk-nightly-6qp7m-2461138711, networkLocation: /default-rack, certSerialId: null}, Type:RATIS, Factor:ONE, State:OPEN]
2019-07-13 20:36:34,616 INFO  pipeline.PipelineStateManager (PipelineStateManager.java:finalizePipeline(123)) - Pipeline Pipeline[ Id: ebfe3356-0975-422d-a67b-8bf6a04a4543, Nodes: 43bbb1e3-d8e3-43e7-9a1a-0cd13e6b3848{ip: 192.168.5.168, host: trunk-nightly-6qp7m-2461138711, networkLocation: /default-rack, certSerialId: null}, Type:RATIS, Factor:ONE, State:CLOSED] moved to CLOSED state
2019-07-13 20:36:35,216 INFO  ozoneimpl.OzoneContainer (OzoneContainer.java:stop(199)) - Attempting to stop container services.
2019-07-13 20:36:35,216 INFO  ozoneimpl.OzoneContainer (OzoneContainer.java:stop(199)) - Attempting to stop container services.
2019-07-13 20:36:35,217 INFO  impl.RaftServerProxy (RaftServerProxy.java:lambda$close$4(314)) - 43bbb1e3-d8e3-43e7-9a1a-0cd13e6b3848: close
2019-07-13 20:36:35,217 INFO  impl.RaftServerProxy (RaftServerProxy.java:lambda$close$4(314)) - c6c7b2d1-c5af-4dcc-9988-da4b3ff32668: close
2019-07-13 20:36:35,218 INFO  impl.RaftServerImpl (RaftServerImpl.java:lambda$shutdown$3(245)) - 43bbb1e3-d8e3-43e7-9a1a-0cd13e6b3848: shutdown group-8BF6A04A4543
2019-07-13 20:36:35,218 INFO  impl.RaftServerImpl (RaftServerImpl.java:lambda$shutdown$3(245)) - c6c7b2d1-c5af-4dcc-9988-da4b3ff32668: shutdown group-027324E926D5
2019-07-13 20:36:35,218 INFO  util.JmxRegister (JmxRegister.java:unregister(73)) - Successfully un-registered JMX Bean with object name Ratis:service=RaftServer,group=group-8BF6A04A4543,id=43bbb1e3-d8e3-43e7-9a1a-0cd13e6b3848
2019-07-13 20:36:35,219 INFO  util.JmxRegister (JmxRegister.java:unregister(73)) - Successfully un-registered JMX Bean with object name Ratis:service=RaftServer,group=group-027324E926D5,id=c6c7b2d1-c5af-4dcc-9988-da4b3ff32668
2019-07-13 20:36:35,219 INFO  impl.RoleInfo (RoleInfo.java:shutdownLeaderState(104)) - 43bbb1e3-d8e3-43e7-9a1a-0cd13e6b3848: shutdown LeaderState
2019-07-13 20:36:35,220 INFO  impl.RoleInfo (RoleInfo.java:shutdownLeaderState(104)) - c6c7b2d1-c5af-4dcc-9988-da4b3ff32668: shutdown LeaderState
2019-07-13 20:36:35,220 INFO  impl.PendingRequests (PendingRequests.java:sendNotLeaderResponses(202)) - 43bbb1e3-d8e3-43e7-9a1a-0cd13e6b3848-PendingRequests: sendNotLeaderResponses
2019-07-13 20:36:35,221 INFO  impl.PendingRequests (PendingRequests.java:sendNotLeaderResponses(202)) - c6c7b2d1-c5af-4dcc-9988-da4b3ff32668-PendingRequests: sendNotLeaderResponses
2019-07-13 20:36:35,228 INFO  impl.StateMachineUpdater (StateMachineUpdater.java:stopAndJoin(115)) - StateMachineUpdater:43bbb1e3-d8e3-43e7-9a1a-0cd13e6b3848:group-8BF6A04A4543: set stopIndex = 14
2019-07-13 20:36:35,228 INFO  ratis.ContainerStateMachine (ContainerStateMachine.java:takeSnapshot(246)) - Taking snapshot at termIndex:(t:0, i:~)
2019-07-13 20:36:35,228 INFO  impl.StateMachineUpdater (StateMachineUpdater.java:stopAndJoin(115)) - StateMachineUpdater:c6c7b2d1-c5af-4dcc-9988-da4b3ff32668:group-027324E926D5: set stopIndex = 0
2019-07-13 20:36:35,229 INFO  impl.RaftServerImpl (ServerState.java:close(394)) - c6c7b2d1-c5af-4dcc-9988-da4b3ff32668:group-027324E926D5 closes. The last applied log index is 0
2019-07-13 20:36:35,228 INFO  ratis.ContainerStateMachine (ContainerStateMachine.java:takeSnapshot(246)) - Taking snapshot at termIndex:(t:1, i:14)
2019-07-13 20:36:35,230 INFO  ratis.ContainerStateMachine (ContainerStateMachine.java:takeSnapshot(250)) - Taking a snapshot to file /tmp/workdir/hadoop-ozone/integration-test/target/test-dir/MiniOzoneClusterImpl-48a0a603-d656-4a4b-8099-b970855239bb/datanode-6/data/ratis/ebfe3356-0975-422d-a67b-8bf6a04a4543/sm/snapshot.1_14
2019-07-13 20:36:35,230 INFO  segmented.SegmentedRaftLogWorker (SegmentedRaftLogWorker.java:run(313)) - c6c7b2d1-c5af-4dcc-9988-da4b3ff32668-SegmentedRaftLogWorker:Storage Directory /tmp/workdir/hadoop-ozone/integration-test/target/test-dir/MiniOzoneClusterImpl-48a0a603-d656-4a4b-8099-b970855239bb/datanode-0/data/ratis/979cca2c-d013-4f48-a6a7-027324e926d5 was interrupted, exiting. There are 0 tasks remaining in the queue.
2019-07-13 20:36:35,232 INFO  impl.StateMachineUpdater (StateMachineUpdater.java:takeSnapshot(242)) - StateMachineUpdater:43bbb1e3-d8e3-43e7-9a1a-0cd13e6b3848:group-8BF6A04A4543: Took a snapshot at index 14
2019-07-13 20:36:35,232 INFO  impl.StateMachineUpdater (StateMachineUpdater.java:lambda$new$0(80)) - StateMachineUpdater:43bbb1e3-d8e3-43e7-9a1a-0cd13e6b3848:group-8BF6A04A4543: snapshotIndex: updateIncreasingly -1 -> 14
2019-07-13 20:36:35,232 INFO  impl.RaftServerImpl (ServerState.java:close(394)) - 43bbb1e3-d8e3-43e7-9a1a-0cd13e6b3848:group-8BF6A04A4543 closes. The last applied log index is 14
2019-07-13 20:36:35,233 INFO  segmented.SegmentedRaftLogWorker (SegmentedRaftLogWorker.java:run(313)) - 43bbb1e3-d8e3-43e7-9a1a-0cd13e6b3848-SegmentedRaftLogWorker:Storage Directory /tmp/workdir/hadoop-ozone/integration-test/target/test-dir/MiniOzoneClusterImpl-48a0a603-d656-4a4b-8099-b970855239bb/datanode-6/data/ratis/ebfe3356-0975-422d-a67b-8bf6a04a4543 was interrupted, exiting. There are 0 tasks remaining in the queue.
2019-07-13 20:36:35,234 INFO  segmented.SegmentedRaftLogWorker (SegmentedRaftLogWorker.java:close(228)) - c6c7b2d1-c5af-4dcc-9988-da4b3ff32668-SegmentedRaftLogWorker:Storage Directory /tmp/workdir/hadoop-ozone/integration-test/target/test-dir/MiniOzoneClusterImpl-48a0a603-d656-4a4b-8099-b970855239bb/datanode-0/data/ratis/979cca2c-d013-4f48-a6a7-027324e926d5 close()
2019-07-13 20:36:35,234 INFO  segmented.SegmentedRaftLogWorker (SegmentedRaftLogWorker.java:close(228)) - 43bbb1e3-d8e3-43e7-9a1a-0cd13e6b3848-SegmentedRaftLogWorker:Storage Directory /tmp/workdir/hadoop-ozone/integration-test/target/test-dir/MiniOzoneClusterImpl-48a0a603-d656-4a4b-8099-b970855239bb/datanode-6/data/ratis/ebfe3356-0975-422d-a67b-8bf6a04a4543 close()
2019-07-13 20:36:35,236 INFO  impl.RaftServerImpl (RaftServerImpl.java:lambda$shutdown$3(245)) - c6c7b2d1-c5af-4dcc-9988-da4b3ff32668: shutdown group-D9E3D089E5CF
2019-07-13 20:36:35,243 INFO  server.GrpcService (GrpcService.java:closeImpl(155)) - 43bbb1e3-d8e3-43e7-9a1a-0cd13e6b3848: shutdown server with port 43802 now
2019-07-13 20:36:35,243 INFO  util.JmxRegister (JmxRegister.java:unregister(73)) - Successfully un-registered JMX Bean with object name Ratis:service=RaftServer,group=group-D9E3D089E5CF,id=c6c7b2d1-c5af-4dcc-9988-da4b3ff32668
2019-07-13 20:36:35,244 INFO  impl.RoleInfo (RoleInfo.java:shutdownFollowerState(121)) - c6c7b2d1-c5af-4dcc-9988-da4b3ff32668: shutdown FollowerState
2019-07-13 20:36:35,244 INFO  impl.StateMachineUpdater (StateMachineUpdater.java:stopAndJoin(115)) - StateMachineUpdater:c6c7b2d1-c5af-4dcc-9988-da4b3ff32668:group-D9E3D089E5CF: set stopIndex = 0
2019-07-13 20:36:35,244 INFO  impl.FollowerState (FollowerState.java:run(114)) - c6c7b2d1-c5af-4dcc-9988-da4b3ff32668: FollowerState was interrupted: java.lang.InterruptedException: sleep interrupted
2019-07-13 20:36:35,244 INFO  ratis.ContainerStateMachine (ContainerStateMachine.java:takeSnapshot(246)) - Taking snapshot at termIndex:(t:0, i:~)
2019-07-13 20:36:35,244 INFO  server.GrpcService (GrpcService.java:closeImpl(163)) - 43bbb1e3-d8e3-43e7-9a1a-0cd13e6b3848: shutdown server with port 43802 successfully
2019-07-13 20:36:35,246 INFO  impl.RaftServerImpl (ServerState.java:close(394)) - c6c7b2d1-c5af-4dcc-9988-da4b3ff32668:group-D9E3D089E5CF closes. The last applied log index is 0
2019-07-13 20:36:35,248 INFO  segmented.SegmentedRaftLogWorker (SegmentedRaftLogWorker.java:run(313)) - c6c7b2d1-c5af-4dcc-9988-da4b3ff32668-SegmentedRaftLogWorker:Storage Directory /tmp/workdir/hadoop-ozone/integration-test/target/test-dir/MiniOzoneClusterImpl-48a0a603-d656-4a4b-8099-b970855239bb/datanode-0/data/ratis/7464763b-ab55-441d-861e-d9e3d089e5cf was interrupted, exiting. There are 0 tasks remaining in the queue.
2019-07-13 20:36:35,248 INFO  utils.BackgroundService (BackgroundService.java:shutdown(148)) - Shutting down service BlockDeletingService
2019-07-13 20:36:35,248 INFO  segmented.SegmentedRaftLogWorker (SegmentedRaftLogWorker.java:close(228)) - c6c7b2d1-c5af-4dcc-9988-da4b3ff32668-SegmentedRaftLogWorker:Storage Directory /tmp/workdir/hadoop-ozone/integration-test/target/test-dir/MiniOzoneClusterImpl-48a0a603-d656-4a4b-8099-b970855239bb/datanode-0/data/ratis/7464763b-ab55-441d-861e-d9e3d089e5cf close()
2019-07-13 20:36:35,249 INFO  server.GrpcService (GrpcService.java:closeImpl(155)) - c6c7b2d1-c5af-4dcc-9988-da4b3ff32668: shutdown server with port 43966 now
2019-07-13 20:36:35,249 INFO  server.GrpcService (GrpcService.java:closeImpl(163)) - c6c7b2d1-c5af-4dcc-9988-da4b3ff32668: shutdown server with port 43966 successfully
2019-07-13 20:36:35,250 WARN  fs.CachingGetSpaceUsed (CachingGetSpaceUsed.java:run(183)) - Thread Interrupted waiting to refresh disk information: sleep interrupted
2019-07-13 20:36:35,252 INFO  utils.BackgroundService (BackgroundService.java:shutdown(148)) - Shutting down service BlockDeletingService
2019-07-13 20:36:35,258 WARN  fs.CachingGetSpaceUsed (CachingGetSpaceUsed.java:run(183)) - Thread Interrupted waiting to refresh disk information: sleep interrupted
2019-07-13 20:36:35,275 INFO  statemachine.DatanodeStateMachine (DatanodeStateMachine.java:stopDaemon(395)) - Ozone container server stopped.
2019-07-13 20:36:35,276 INFO  handler.ContextHandler (ContextHandler.java:doStop(910)) - Stopped o.e.j.w.WebAppContext@5e97da56{/,null,UNAVAILABLE}{/hddsDatanode}
2019-07-13 20:36:35,277 INFO  server.AbstractConnector (AbstractConnector.java:doStop(318)) - Stopped ServerConnector@6e8f3b76{HTTP/1.1,[http/1.1]}{0.0.0.0:0}
2019-07-13 20:36:35,280 INFO  statemachine.DatanodeStateMachine (DatanodeStateMachine.java:stopDaemon(395)) - Ozone container server stopped.
2019-07-13 20:36:35,280 INFO  handler.ContextHandler (ContextHandler.java:doStop(910)) - Stopped o.e.j.s.ServletContextHandler@6a1b4854{/static,jar:file:/home/user/.m2/repository/org/apache/hadoop/hadoop-hdds-container-service/0.5.0-SNAPSHOT/hadoop-hdds-container-service-0.5.0-SNAPSHOT.jar!/webapps/static,UNAVAILABLE}
2019-07-13 20:36:35,283 INFO  handler.ContextHandler (ContextHandler.java:doStop(910)) - Stopped o.e.j.s.ServletContextHandler@6f9e6a85{/logs,file:///tmp/workdir/hadoop-ozone/integration-test/target/log,UNAVAILABLE}
2019-07-13 20:36:35,284 INFO  handler.ContextHandler (ContextHandler.java:doStop(910)) - Stopped o.e.j.w.WebAppContext@1cc42abe{/,null,UNAVAILABLE}{/hddsDatanode}
2019-07-13 20:36:35,285 INFO  server.AbstractConnector (AbstractConnector.java:doStop(318)) - Stopped ServerConnector@6f071d0c{HTTP/1.1,[http/1.1]}{0.0.0.0:0}
2019-07-13 20:36:35,287 INFO  handler.ContextHandler (ContextHandler.java:doStop(910)) - Stopped o.e.j.s.ServletContextHandler@76bdfc19{/static,jar:file:/home/user/.m2/repository/org/apache/hadoop/hadoop-hdds-container-service/0.5.0-SNAPSHOT/hadoop-hdds-container-service-0.5.0-SNAPSHOT.jar!/webapps/static,UNAVAILABLE}
2019-07-13 20:36:35,287 INFO  datanode.ObjectStoreHandler (ObjectStoreHandler.java:close(155)) - Closing ObjectStoreHandler.
2019-07-13 20:36:35,288 INFO  handler.ContextHandler (ContextHandler.java:doStop(910)) - Stopped o.e.j.s.ServletContextHandler@6a26eee6{/logs,file:///tmp/workdir/hadoop-ozone/integration-test/target/log,UNAVAILABLE}
2019-07-13 20:36:35,289 INFO  ozone.HddsDatanodeService (HddsDatanodeService.java:stop(452)) - Stopped plug-in org.apache.hadoop.ozone.web.OzoneHddsDatanodeService@698daff6
2019-07-13 20:36:35,585 INFO  impl.FollowerState (FollowerState.java:run(106)) - aca216f7-8a74-4471-98d0-6caf821f75e2:group-5F514C095CB9 changes to CANDIDATE, lastRpcTime:7684, electionTimeout:5098ms
2019-07-13 20:36:35,585 INFO  impl.RoleInfo (RoleInfo.java:shutdownFollowerState(121)) - aca216f7-8a74-4471-98d0-6caf821f75e2: shutdown FollowerState
2019-07-13 20:36:35,585 INFO  impl.RaftServerImpl (RaftServerImpl.java:setRole(171)) - aca216f7-8a74-4471-98d0-6caf821f75e2:group-5F514C095CB9 changes role from FOLLOWER to CANDIDATE at term 1 for changeToCandidate
2019-07-13 20:36:35,586 INFO  impl.RoleInfo (RoleInfo.java:updateAndGet(143)) - aca216f7-8a74-4471-98d0-6caf821f75e2: start LeaderElection
2019-07-13 20:36:35,587 INFO  impl.RaftServerImpl (ServerState.java:setLeader(263)) - aca216f7-8a74-4471-98d0-6caf821f75e2:group-5F514C095CB9 change Leader from 97ec5d92-66e9-452b-868d-25d7b088b941 to null at term 1 for initElection
2019-07-13 20:36:35,604 INFO  impl.LeaderElection (LeaderElection.java:askForVotes(181)) - aca216f7-8a74-4471-98d0-6caf821f75e2:group-5F514C095CB9:LeaderElection61: begin an election at term 2 for 0: [aca216f7-8a74-4471-98d0-6caf821f75e2:192.168.5.168:36617, 97ec5d92-66e9-452b-868d-25d7b088b941:192.168.5.168:44391, 5b1afcc0-ccc7-4c94-addb-bd60614cc333:192.168.5.168:39889], old=null
2019-07-13 20:36:35,607 INFO  impl.LeaderElection (LogUtils.java:infoOrTrace(149)) - aca216f7-8a74-4471-98d0-6caf821f75e2:group-5F514C095CB9:LeaderElection61 got exception when requesting votes: {}
java.util.concurrent.ExecutionException: org.apache.ratis.thirdparty.io.grpc.StatusRuntimeException: UNAVAILABLE: io exception
	at java.util.concurrent.FutureTask.report(FutureTask.java:122)
	at java.util.concurrent.FutureTask.get(FutureTask.java:192)
	at org.apache.ratis.server.impl.LeaderElection.waitForResults(LeaderElection.java:262)
	at org.apache.ratis.server.impl.LeaderElection.askForVotes(LeaderElection.java:200)
	at org.apache.ratis.server.impl.LeaderElection.run(LeaderElection.java:130)
	at java.lang.Thread.run(Thread.java:748)
Caused by: org.apache.ratis.thirdparty.io.grpc.StatusRuntimeException: UNAVAILABLE: io exception
	at org.apache.ratis.thirdparty.io.grpc.stub.ClientCalls.toStatusRuntimeException(ClientCalls.java:233)
	at org.apache.ratis.thirdparty.io.grpc.stub.ClientCalls.getUnchecked(ClientCalls.java:214)
	at org.apache.ratis.thirdparty.io.grpc.stub.ClientCalls.blockingUnaryCall(ClientCalls.java:139)
	at org.apache.ratis.proto.grpc.RaftServerProtocolServiceGrpc$RaftServerProtocolServiceBlockingStub.requestVote(RaftServerProtocolServiceGrpc.java:265)
	at org.apache.ratis.grpc.server.GrpcServerProtocolClient.requestVote(GrpcServerProtocolClient.java:83)
	at org.apache.ratis.grpc.server.GrpcService.requestVote(GrpcService.java:195)
	at org.apache.ratis.server.impl.LeaderElection.lambda$submitRequests$1(LeaderElection.java:237)
	at java.util.concurrent.FutureTask.run(FutureTask.java:266)
	at java.util.concurrent.Executors$RunnableAdapter.call(Executors.java:511)
	at java.util.concurrent.FutureTask.run(FutureTask.java:266)
	at java.util.concurrent.ThreadPoolExecutor.runWorker(ThreadPoolExecutor.java:1149)
	at java.util.concurrent.ThreadPoolExecutor$Worker.run(ThreadPoolExecutor.java:624)
	... 1 more
Caused by: org.apache.ratis.thirdparty.io.netty.channel.AbstractChannel$AnnotatedConnectException: Connection refused: /192.168.5.168:44391
	at sun.nio.ch.SocketChannelImpl.checkConnect(Native Method)
	at sun.nio.ch.SocketChannelImpl.finishConnect(SocketChannelImpl.java:717)
	at org.apache.ratis.thirdparty.io.netty.channel.socket.nio.NioSocketChannel.doFinishConnect(NioSocketChannel.java:327)
	at org.apache.ratis.thirdparty.io.netty.channel.nio.AbstractNioChannel$AbstractNioUnsafe.finishConnect(AbstractNioChannel.java:340)
	at org.apache.ratis.thirdparty.io.netty.channel.nio.NioEventLoop.processSelectedKey(NioEventLoop.java:632)
	at org.apache.ratis.thirdparty.io.netty.channel.nio.NioEventLoop.processSelectedKeysOptimized(NioEventLoop.java:579)
	at org.apache.ratis.thirdparty.io.netty.channel.nio.NioEventLoop.processSelectedKeys(NioEventLoop.java:496)
	at org.apache.ratis.thirdparty.io.netty.channel.nio.NioEventLoop.run(NioEventLoop.java:458)
	at org.apache.ratis.thirdparty.io.netty.util.concurrent.SingleThreadEventExecutor$5.run(SingleThreadEventExecutor.java:897)
	at org.apache.ratis.thirdparty.io.netty.util.concurrent.FastThreadLocalRunnable.run(FastThreadLocalRunnable.java:30)
	... 1 more
Caused by: java.net.ConnectException: Connection refused
	... 11 more
2019-07-13 20:36:35,609 INFO  impl.LeaderElection (LogUtils.java:infoOrTrace(149)) - aca216f7-8a74-4471-98d0-6caf821f75e2:group-5F514C095CB9:LeaderElection61 got exception when requesting votes: {}
java.util.concurrent.ExecutionException: org.apache.ratis.thirdparty.io.grpc.StatusRuntimeException: UNAVAILABLE: io exception
	at java.util.concurrent.FutureTask.report(FutureTask.java:122)
	at java.util.concurrent.FutureTask.get(FutureTask.java:192)
	at org.apache.ratis.server.impl.LeaderElection.waitForResults(LeaderElection.java:262)
	at org.apache.ratis.server.impl.LeaderElection.askForVotes(LeaderElection.java:200)
	at org.apache.ratis.server.impl.LeaderElection.run(LeaderElection.java:130)
	at java.lang.Thread.run(Thread.java:748)
Caused by: org.apache.ratis.thirdparty.io.grpc.StatusRuntimeException: UNAVAILABLE: io exception
	at org.apache.ratis.thirdparty.io.grpc.stub.ClientCalls.toStatusRuntimeException(ClientCalls.java:233)
	at org.apache.ratis.thirdparty.io.grpc.stub.ClientCalls.getUnchecked(ClientCalls.java:214)
	at org.apache.ratis.thirdparty.io.grpc.stub.ClientCalls.blockingUnaryCall(ClientCalls.java:139)
	at org.apache.ratis.proto.grpc.RaftServerProtocolServiceGrpc$RaftServerProtocolServiceBlockingStub.requestVote(RaftServerProtocolServiceGrpc.java:265)
	at org.apache.ratis.grpc.server.GrpcServerProtocolClient.requestVote(GrpcServerProtocolClient.java:83)
	at org.apache.ratis.grpc.server.GrpcService.requestVote(GrpcService.java:195)
	at org.apache.ratis.server.impl.LeaderElection.lambda$submitRequests$1(LeaderElection.java:237)
	at java.util.concurrent.FutureTask.run(FutureTask.java:266)
	at java.util.concurrent.Executors$RunnableAdapter.call(Executors.java:511)
	at java.util.concurrent.FutureTask.run(FutureTask.java:266)
	at java.util.concurrent.ThreadPoolExecutor.runWorker(ThreadPoolExecutor.java:1149)
	at java.util.concurrent.ThreadPoolExecutor$Worker.run(ThreadPoolExecutor.java:624)
	... 1 more
Caused by: org.apache.ratis.thirdparty.io.netty.channel.AbstractChannel$AnnotatedConnectException: Connection refused: /192.168.5.168:39889
	at sun.nio.ch.SocketChannelImpl.checkConnect(Native Method)
	at sun.nio.ch.SocketChannelImpl.finishConnect(SocketChannelImpl.java:717)
	at org.apache.ratis.thirdparty.io.netty.channel.socket.nio.NioSocketChannel.doFinishConnect(NioSocketChannel.java:327)
	at org.apache.ratis.thirdparty.io.netty.channel.nio.AbstractNioChannel$AbstractNioUnsafe.finishConnect(AbstractNioChannel.java:340)
	at org.apache.ratis.thirdparty.io.netty.channel.nio.NioEventLoop.processSelectedKey(NioEventLoop.java:632)
	at org.apache.ratis.thirdparty.io.netty.channel.nio.NioEventLoop.processSelectedKeysOptimized(NioEventLoop.java:579)
	at org.apache.ratis.thirdparty.io.netty.channel.nio.NioEventLoop.processSelectedKeys(NioEventLoop.java:496)
	at org.apache.ratis.thirdparty.io.netty.channel.nio.NioEventLoop.run(NioEventLoop.java:458)
	at org.apache.ratis.thirdparty.io.netty.util.concurrent.SingleThreadEventExecutor$5.run(SingleThreadEventExecutor.java:897)
	at org.apache.ratis.thirdparty.io.netty.util.concurrent.FastThreadLocalRunnable.run(FastThreadLocalRunnable.java:30)
	... 1 more
Caused by: java.net.ConnectException: Connection refused
	... 11 more
2019-07-13 20:36:35,610 INFO  impl.LeaderElection (LeaderElection.java:logAndReturn(56)) - aca216f7-8a74-4471-98d0-6caf821f75e2:group-5F514C095CB9:LeaderElection61: Election REJECTED; received 0 response(s) [] and 2 exception(s); aca216f7-8a74-4471-98d0-6caf821f75e2:t2, leader=null, voted=aca216f7-8a74-4471-98d0-6caf821f75e2, raftlog=aca216f7-8a74-4471-98d0-6caf821f75e2-SegmentedRaftLog:OPENED:c0,f0,i0, conf=0: [aca216f7-8a74-4471-98d0-6caf821f75e2:192.168.5.168:36617, 97ec5d92-66e9-452b-868d-25d7b088b941:192.168.5.168:44391, 5b1afcc0-ccc7-4c94-addb-bd60614cc333:192.168.5.168:39889], old=null
2019-07-13 20:36:35,610 INFO  impl.LeaderElection (LogUtils.java:infoOrTrace(149)) -   Exception 0: {}
java.util.concurrent.ExecutionException: org.apache.ratis.thirdparty.io.grpc.StatusRuntimeException: UNAVAILABLE: io exception
	at java.util.concurrent.FutureTask.report(FutureTask.java:122)
	at java.util.concurrent.FutureTask.get(FutureTask.java:192)
	at org.apache.ratis.server.impl.LeaderElection.waitForResults(LeaderElection.java:262)
	at org.apache.ratis.server.impl.LeaderElection.askForVotes(LeaderElection.java:200)
	at org.apache.ratis.server.impl.LeaderElection.run(LeaderElection.java:130)
	at java.lang.Thread.run(Thread.java:748)
Caused by: org.apache.ratis.thirdparty.io.grpc.StatusRuntimeException: UNAVAILABLE: io exception
	at org.apache.ratis.thirdparty.io.grpc.stub.ClientCalls.toStatusRuntimeException(ClientCalls.java:233)
	at org.apache.ratis.thirdparty.io.grpc.stub.ClientCalls.getUnchecked(ClientCalls.java:214)
	at org.apache.ratis.thirdparty.io.grpc.stub.ClientCalls.blockingUnaryCall(ClientCalls.java:139)
	at org.apache.ratis.proto.grpc.RaftServerProtocolServiceGrpc$RaftServerProtocolServiceBlockingStub.requestVote(RaftServerProtocolServiceGrpc.java:265)
	at org.apache.ratis.grpc.server.GrpcServerProtocolClient.requestVote(GrpcServerProtocolClient.java:83)
	at org.apache.ratis.grpc.server.GrpcService.requestVote(GrpcService.java:195)
	at org.apache.ratis.server.impl.LeaderElection.lambda$submitRequests$1(LeaderElection.java:237)
	at java.util.concurrent.FutureTask.run(FutureTask.java:266)
	at java.util.concurrent.Executors$RunnableAdapter.call(Executors.java:511)
	at java.util.concurrent.FutureTask.run(FutureTask.java:266)
	at java.util.concurrent.ThreadPoolExecutor.runWorker(ThreadPoolExecutor.java:1149)
	at java.util.concurrent.ThreadPoolExecutor$Worker.run(ThreadPoolExecutor.java:624)
	... 1 more
Caused by: org.apache.ratis.thirdparty.io.netty.channel.AbstractChannel$AnnotatedConnectException: Connection refused: /192.168.5.168:44391
	at sun.nio.ch.SocketChannelImpl.checkConnect(Native Method)
	at sun.nio.ch.SocketChannelImpl.finishConnect(SocketChannelImpl.java:717)
	at org.apache.ratis.thirdparty.io.netty.channel.socket.nio.NioSocketChannel.doFinishConnect(NioSocketChannel.java:327)
	at org.apache.ratis.thirdparty.io.netty.channel.nio.AbstractNioChannel$AbstractNioUnsafe.finishConnect(AbstractNioChannel.java:340)
	at org.apache.ratis.thirdparty.io.netty.channel.nio.NioEventLoop.processSelectedKey(NioEventLoop.java:632)
	at org.apache.ratis.thirdparty.io.netty.channel.nio.NioEventLoop.processSelectedKeysOptimized(NioEventLoop.java:579)
	at org.apache.ratis.thirdparty.io.netty.channel.nio.NioEventLoop.processSelectedKeys(NioEventLoop.java:496)
	at org.apache.ratis.thirdparty.io.netty.channel.nio.NioEventLoop.run(NioEventLoop.java:458)
	at org.apache.ratis.thirdparty.io.netty.util.concurrent.SingleThreadEventExecutor$5.run(SingleThreadEventExecutor.java:897)
	at org.apache.ratis.thirdparty.io.netty.util.concurrent.FastThreadLocalRunnable.run(FastThreadLocalRunnable.java:30)
	... 1 more
Caused by: java.net.ConnectException: Connection refused
	... 11 more
2019-07-13 20:36:35,611 INFO  impl.LeaderElection (LogUtils.java:infoOrTrace(149)) -   Exception 1: {}
java.util.concurrent.ExecutionException: org.apache.ratis.thirdparty.io.grpc.StatusRuntimeException: UNAVAILABLE: io exception
	at java.util.concurrent.FutureTask.report(FutureTask.java:122)
	at java.util.concurrent.FutureTask.get(FutureTask.java:192)
	at org.apache.ratis.server.impl.LeaderElection.waitForResults(LeaderElection.java:262)
	at org.apache.ratis.server.impl.LeaderElection.askForVotes(LeaderElection.java:200)
	at org.apache.ratis.server.impl.LeaderElection.run(LeaderElection.java:130)
	at java.lang.Thread.run(Thread.java:748)
Caused by: org.apache.ratis.thirdparty.io.grpc.StatusRuntimeException: UNAVAILABLE: io exception
	at org.apache.ratis.thirdparty.io.grpc.stub.ClientCalls.toStatusRuntimeException(ClientCalls.java:233)
	at org.apache.ratis.thirdparty.io.grpc.stub.ClientCalls.getUnchecked(ClientCalls.java:214)
	at org.apache.ratis.thirdparty.io.grpc.stub.ClientCalls.blockingUnaryCall(ClientCalls.java:139)
	at org.apache.ratis.proto.grpc.RaftServerProtocolServiceGrpc$RaftServerProtocolServiceBlockingStub.requestVote(RaftServerProtocolServiceGrpc.java:265)
	at org.apache.ratis.grpc.server.GrpcServerProtocolClient.requestVote(GrpcServerProtocolClient.java:83)
	at org.apache.ratis.grpc.server.GrpcService.requestVote(GrpcService.java:195)
	at org.apache.ratis.server.impl.LeaderElection.lambda$submitRequests$1(LeaderElection.java:237)
	at java.util.concurrent.FutureTask.run(FutureTask.java:266)
	at java.util.concurrent.Executors$RunnableAdapter.call(Executors.java:511)
	at java.util.concurrent.FutureTask.run(FutureTask.java:266)
	at java.util.concurrent.ThreadPoolExecutor.runWorker(ThreadPoolExecutor.java:1149)
	at java.util.concurrent.ThreadPoolExecutor$Worker.run(ThreadPoolExecutor.java:624)
	... 1 more
Caused by: org.apache.ratis.thirdparty.io.netty.channel.AbstractChannel$AnnotatedConnectException: Connection refused: /192.168.5.168:39889
	at sun.nio.ch.SocketChannelImpl.checkConnect(Native Method)
	at sun.nio.ch.SocketChannelImpl.finishConnect(SocketChannelImpl.java:717)
	at org.apache.ratis.thirdparty.io.netty.channel.socket.nio.NioSocketChannel.doFinishConnect(NioSocketChannel.java:327)
	at org.apache.ratis.thirdparty.io.netty.channel.nio.AbstractNioChannel$AbstractNioUnsafe.finishConnect(AbstractNioChannel.java:340)
	at org.apache.ratis.thirdparty.io.netty.channel.nio.NioEventLoop.processSelectedKey(NioEventLoop.java:632)
	at org.apache.ratis.thirdparty.io.netty.channel.nio.NioEventLoop.processSelectedKeysOptimized(NioEventLoop.java:579)
	at org.apache.ratis.thirdparty.io.netty.channel.nio.NioEventLoop.processSelectedKeys(NioEventLoop.java:496)
	at org.apache.ratis.thirdparty.io.netty.channel.nio.NioEventLoop.run(NioEventLoop.java:458)
	at org.apache.ratis.thirdparty.io.netty.util.concurrent.SingleThreadEventExecutor$5.run(SingleThreadEventExecutor.java:897)
	at org.apache.ratis.thirdparty.io.netty.util.concurrent.FastThreadLocalRunnable.run(FastThreadLocalRunnable.java:30)
	... 1 more
Caused by: java.net.ConnectException: Connection refused
	... 11 more
2019-07-13 20:36:35,611 INFO  impl.RaftServerImpl (RaftServerImpl.java:setRole(171)) - aca216f7-8a74-4471-98d0-6caf821f75e2:group-5F514C095CB9 changes role from CANDIDATE to FOLLOWER at term 2 for DISCOVERED_A_NEW_TERM
2019-07-13 20:36:35,611 INFO  impl.RoleInfo (RoleInfo.java:shutdownLeaderElection(134)) - aca216f7-8a74-4471-98d0-6caf821f75e2: shutdown LeaderElection
2019-07-13 20:36:35,611 INFO  impl.RoleInfo (RoleInfo.java:updateAndGet(143)) - aca216f7-8a74-4471-98d0-6caf821f75e2: start FollowerState
2019-07-13 20:36:36,140 INFO  statemachine.DatanodeStateMachine (DatanodeStateMachine.java:lambda$startDaemon$0(350)) - Ozone container server started.
2019-07-13 20:36:40,223 INFO  node.StaleNodeHandler (StaleNodeHandler.java:onMessage(58)) - Datanode aca216f7-8a74-4471-98d0-6caf821f75e2{ip: 192.168.5.168, host: trunk-nightly-6qp7m-2461138711, networkLocation: /default-rack, certSerialId: null} moved to stale state. Finalizing its pipelines [PipelineID=822b6f07-68d2-46a2-b445-c148c60c849d, PipelineID=a1e574df-02cd-406c-849a-5f514c095cb9]
2019-07-13 20:36:40,224 INFO  pipeline.SCMPipelineManager (SCMPipelineManager.java:finalizeAndDestroyPipeline(309)) - destroying pipeline:Pipeline[ Id: 822b6f07-68d2-46a2-b445-c148c60c849d, Nodes: aca216f7-8a74-4471-98d0-6caf821f75e2{ip: 192.168.5.168, host: trunk-nightly-6qp7m-2461138711, networkLocation: /default-rack, certSerialId: null}, Type:RATIS, Factor:ONE, State:OPEN]
2019-07-13 20:36:40,224 INFO  pipeline.PipelineStateManager (PipelineStateManager.java:finalizePipeline(123)) - Pipeline Pipeline[ Id: 822b6f07-68d2-46a2-b445-c148c60c849d, Nodes: aca216f7-8a74-4471-98d0-6caf821f75e2{ip: 192.168.5.168, host: trunk-nightly-6qp7m-2461138711, networkLocation: /default-rack, certSerialId: null}, Type:RATIS, Factor:ONE, State:CLOSED] moved to CLOSED state
2019-07-13 20:36:40,224 INFO  pipeline.SCMPipelineManager (SCMPipelineManager.java:finalizeAndDestroyPipeline(309)) - destroying pipeline:Pipeline[ Id: a1e574df-02cd-406c-849a-5f514c095cb9, Nodes: aca216f7-8a74-4471-98d0-6caf821f75e2{ip: 192.168.5.168, host: trunk-nightly-6qp7m-2461138711, networkLocation: /default-rack, certSerialId: null}5b1afcc0-ccc7-4c94-addb-bd60614cc333{ip: 192.168.5.168, host: trunk-nightly-6qp7m-2461138711, networkLocation: /default-rack, certSerialId: null}97ec5d92-66e9-452b-868d-25d7b088b941{ip: 192.168.5.168, host: trunk-nightly-6qp7m-2461138711, networkLocation: /default-rack, certSerialId: null}, Type:RATIS, Factor:THREE, State:CLOSED]
2019-07-13 20:36:40,290 INFO  ozoneimpl.OzoneContainer (OzoneContainer.java:stop(199)) - Attempting to stop container services.
2019-07-13 20:36:40,291 INFO  impl.RaftServerProxy (RaftServerProxy.java:lambda$close$4(314)) - aca216f7-8a74-4471-98d0-6caf821f75e2: close
2019-07-13 20:36:40,291 INFO  impl.RaftServerImpl (RaftServerImpl.java:lambda$shutdown$3(245)) - aca216f7-8a74-4471-98d0-6caf821f75e2: shutdown group-C148C60C849D
2019-07-13 20:36:40,292 INFO  util.JmxRegister (JmxRegister.java:unregister(73)) - Successfully un-registered JMX Bean with object name Ratis:service=RaftServer,group=group-C148C60C849D,id=aca216f7-8a74-4471-98d0-6caf821f75e2
2019-07-13 20:36:40,292 INFO  impl.RoleInfo (RoleInfo.java:shutdownLeaderState(104)) - aca216f7-8a74-4471-98d0-6caf821f75e2: shutdown LeaderState
2019-07-13 20:36:40,293 INFO  impl.PendingRequests (PendingRequests.java:sendNotLeaderResponses(202)) - aca216f7-8a74-4471-98d0-6caf821f75e2-PendingRequests: sendNotLeaderResponses
2019-07-13 20:36:40,293 INFO  impl.StateMachineUpdater (StateMachineUpdater.java:stopAndJoin(115)) - StateMachineUpdater:aca216f7-8a74-4471-98d0-6caf821f75e2:group-C148C60C849D: set stopIndex = 0
2019-07-13 20:36:40,293 INFO  ratis.ContainerStateMachine (ContainerStateMachine.java:takeSnapshot(246)) - Taking snapshot at termIndex:(t:0, i:~)
2019-07-13 20:36:40,294 INFO  impl.RaftServerImpl (ServerState.java:close(394)) - aca216f7-8a74-4471-98d0-6caf821f75e2:group-C148C60C849D closes. The last applied log index is 0
2019-07-13 20:36:40,294 INFO  segmented.SegmentedRaftLogWorker (SegmentedRaftLogWorker.java:run(313)) - aca216f7-8a74-4471-98d0-6caf821f75e2-SegmentedRaftLogWorker:Storage Directory /tmp/workdir/hadoop-ozone/integration-test/target/test-dir/MiniOzoneClusterImpl-48a0a603-d656-4a4b-8099-b970855239bb/datanode-5/data/ratis/822b6f07-68d2-46a2-b445-c148c60c849d was interrupted, exiting. There are 0 tasks remaining in the queue.
2019-07-13 20:36:40,295 INFO  segmented.SegmentedRaftLogWorker (SegmentedRaftLogWorker.java:close(228)) - aca216f7-8a74-4471-98d0-6caf821f75e2-SegmentedRaftLogWorker:Storage Directory /tmp/workdir/hadoop-ozone/integration-test/target/test-dir/MiniOzoneClusterImpl-48a0a603-d656-4a4b-8099-b970855239bb/datanode-5/data/ratis/822b6f07-68d2-46a2-b445-c148c60c849d close()
2019-07-13 20:36:40,295 INFO  impl.RaftServerImpl (RaftServerImpl.java:lambda$shutdown$3(245)) - aca216f7-8a74-4471-98d0-6caf821f75e2: shutdown group-5F514C095CB9
2019-07-13 20:36:40,296 INFO  util.JmxRegister (JmxRegister.java:unregister(73)) - Successfully un-registered JMX Bean with object name Ratis:service=RaftServer,group=group-5F514C095CB9,id=aca216f7-8a74-4471-98d0-6caf821f75e2
2019-07-13 20:36:40,296 INFO  impl.RoleInfo (RoleInfo.java:shutdownFollowerState(121)) - aca216f7-8a74-4471-98d0-6caf821f75e2: shutdown FollowerState
2019-07-13 20:36:40,297 INFO  impl.StateMachineUpdater (StateMachineUpdater.java:stopAndJoin(115)) - StateMachineUpdater:aca216f7-8a74-4471-98d0-6caf821f75e2:group-5F514C095CB9: set stopIndex = 0
2019-07-13 20:36:40,297 INFO  impl.FollowerState (FollowerState.java:run(114)) - aca216f7-8a74-4471-98d0-6caf821f75e2: FollowerState was interrupted: java.lang.InterruptedException: sleep interrupted
2019-07-13 20:36:40,297 INFO  ratis.ContainerStateMachine (ContainerStateMachine.java:takeSnapshot(246)) - Taking snapshot at termIndex:(t:0, i:~)
2019-07-13 20:36:40,299 INFO  impl.RaftServerImpl (ServerState.java:close(394)) - aca216f7-8a74-4471-98d0-6caf821f75e2:group-5F514C095CB9 closes. The last applied log index is 0
2019-07-13 20:36:40,299 INFO  segmented.SegmentedRaftLogWorker (SegmentedRaftLogWorker.java:run(313)) - aca216f7-8a74-4471-98d0-6caf821f75e2-SegmentedRaftLogWorker:Storage Directory /tmp/workdir/hadoop-ozone/integration-test/target/test-dir/MiniOzoneClusterImpl-48a0a603-d656-4a4b-8099-b970855239bb/datanode-5/data/ratis/a1e574df-02cd-406c-849a-5f514c095cb9 was interrupted, exiting. There are 0 tasks remaining in the queue.
2019-07-13 20:36:40,300 INFO  segmented.SegmentedRaftLogWorker (SegmentedRaftLogWorker.java:close(228)) - aca216f7-8a74-4471-98d0-6caf821f75e2-SegmentedRaftLogWorker:Storage Directory /tmp/workdir/hadoop-ozone/integration-test/target/test-dir/MiniOzoneClusterImpl-48a0a603-d656-4a4b-8099-b970855239bb/datanode-5/data/ratis/a1e574df-02cd-406c-849a-5f514c095cb9 close()
2019-07-13 20:36:40,300 INFO  server.GrpcService (GrpcService.java:closeImpl(155)) - aca216f7-8a74-4471-98d0-6caf821f75e2: shutdown server with port 36617 now
2019-07-13 20:36:40,301 INFO  server.GrpcService (GrpcService.java:closeImpl(163)) - aca216f7-8a74-4471-98d0-6caf821f75e2: shutdown server with port 36617 successfully
2019-07-13 20:36:40,302 INFO  utils.BackgroundService (BackgroundService.java:shutdown(148)) - Shutting down service BlockDeletingService
2019-07-13 20:36:40,307 WARN  fs.CachingGetSpaceUsed (CachingGetSpaceUsed.java:run(183)) - Thread Interrupted waiting to refresh disk information: sleep interrupted
2019-07-13 20:36:40,323 INFO  statemachine.DatanodeStateMachine (DatanodeStateMachine.java:stopDaemon(395)) - Ozone container server stopped.
2019-07-13 20:36:40,343 INFO  handler.ContextHandler (ContextHandler.java:doStop(910)) - Stopped o.e.j.w.WebAppContext@6fb2b972{/,null,UNAVAILABLE}{/hddsDatanode}
2019-07-13 20:36:40,344 INFO  server.AbstractConnector (AbstractConnector.java:doStop(318)) - Stopped ServerConnector@5fa3df{HTTP/1.1,[http/1.1]}{0.0.0.0:0}
2019-07-13 20:36:40,344 INFO  handler.ContextHandler (ContextHandler.java:doStop(910)) - Stopped o.e.j.s.ServletContextHandler@28b286c0{/static,jar:file:/home/user/.m2/repository/org/apache/hadoop/hadoop-hdds-container-service/0.5.0-SNAPSHOT/hadoop-hdds-container-service-0.5.0-SNAPSHOT.jar!/webapps/static,UNAVAILABLE}
2019-07-13 20:36:40,345 INFO  handler.ContextHandler (ContextHandler.java:doStop(910)) - Stopped o.e.j.s.ServletContextHandler@28705150{/logs,file:///tmp/workdir/hadoop-ozone/integration-test/target/log,UNAVAILABLE}
2019-07-13 20:36:40,347 INFO  ozone.MiniOzoneClusterImpl (MiniOzoneClusterImpl.java:stop(353)) - Stopping the StorageContainerManager
2019-07-13 20:36:40,347 INFO  server.StorageContainerManager (StorageContainerManager.java:stop(796)) - Stopping Replication Manager Service.
2019-07-13 20:36:40,347 INFO  container.ReplicationManager (ReplicationManager.java:stop(187)) - Stopping Replication Monitor Thread.
2019-07-13 20:36:40,347 INFO  server.StorageContainerManager (StorageContainerManager.java:stop(803)) - Stopping Lease Manager of the command watchers
2019-07-13 20:36:40,348 INFO  server.StorageContainerManager (StorageContainerManager.java:stop(810)) - Stopping datanode service RPC server
2019-07-13 20:36:40,348 INFO  server.SCMDatanodeProtocolServer (SCMDatanodeProtocolServer.java:stop(375)) - Stopping the RPC server for DataNodes
2019-07-13 20:36:40,348 INFO  ipc.Server (Server.java:stop(3082)) - Stopping server on 37679
2019-07-13 20:36:40,351 INFO  ipc.Server (Server.java:run(1185)) - Stopping IPC Server listener on 37679
2019-07-13 20:36:40,351 INFO  ipc.Server (Server.java:run(1319)) - Stopping IPC Server Responder
2019-07-13 20:36:40,423 WARN  node.NodeStateManager (NodeStateManager.java:scheduleNextHealthCheck(631)) - Current Thread is interrupted, shutting down HB processing thread for Node Manager.
2019-07-13 20:36:40,424 INFO  server.StorageContainerManager (StorageContainerManager.java:stop(818)) - Stopping block service RPC server
2019-07-13 20:36:40,424 INFO  server.SCMBlockProtocolServer (SCMBlockProtocolServer.java:stop(148)) - Stopping the RPC server for Block Protocol
2019-07-13 20:36:40,424 INFO  ipc.Server (Server.java:stop(3082)) - Stopping server on 41112
2019-07-13 20:36:40,426 INFO  server.StorageContainerManager (StorageContainerManager.java:stop(825)) - Stopping the StorageContainerLocationProtocol RPC server
2019-07-13 20:36:40,427 INFO  server.SCMClientProtocolServer (SCMClientProtocolServer.java:stop(157)) - Stopping the RPC server for Client Protocol
2019-07-13 20:36:40,427 INFO  ipc.Server (Server.java:stop(3082)) - Stopping server on 41318
2019-07-13 20:36:40,426 INFO  ipc.Server (Server.java:run(1185)) - Stopping IPC Server listener on 41112
2019-07-13 20:36:40,427 INFO  ipc.Server (Server.java:run(1319)) - Stopping IPC Server Responder
2019-07-13 20:36:40,430 INFO  server.StorageContainerManager (StorageContainerManager.java:stop(832)) - Stopping Storage Container Manager HTTP server.
2019-07-13 20:36:40,430 INFO  ipc.Server (Server.java:run(1185)) - Stopping IPC Server listener on 41318
2019-07-13 20:36:40,432 INFO  handler.ContextHandler (ContextHandler.java:doStop(910)) - Stopped o.e.j.w.WebAppContext@1c512bb{/,null,UNAVAILABLE}{/scm}
2019-07-13 20:36:40,432 INFO  ipc.Server (Server.java:run(1319)) - Stopping IPC Server Responder
2019-07-13 20:36:40,433 INFO  server.AbstractConnector (AbstractConnector.java:doStop(318)) - Stopped ServerConnector@4d142b53{HTTP/1.1,[http/1.1]}{0.0.0.0:0}
2019-07-13 20:36:40,434 INFO  handler.ContextHandler (ContextHandler.java:doStop(910)) - Stopped o.e.j.s.ServletContextHandler@7890fbf9{/static,file:///tmp/workdir/hadoop-ozone/integration-test/target/test-classes/webapps/static,UNAVAILABLE}
2019-07-13 20:36:40,434 INFO  handler.ContextHandler (ContextHandler.java:doStop(910)) - Stopped o.e.j.s.ServletContextHandler@1977b0df{/logs,file:///tmp/workdir/hadoop-ozone/integration-test/target/log,UNAVAILABLE}
2019-07-13 20:36:40,436 INFO  server.StorageContainerManager (StorageContainerManager.java:stop(843)) - Stopping Block Manager Service.
2019-07-13 20:36:40,436 INFO  utils.BackgroundService (BackgroundService.java:shutdown(148)) - Shutting down service SCMBlockDeletingService
2019-07-13 20:36:40,437 INFO  utils.BackgroundService (BackgroundService.java:shutdown(148)) - Shutting down service SCMBlockDeletingService
2019-07-13 20:36:40,437 INFO  server.StorageContainerManager (StorageContainerManager.java:stop(865)) - Stopping SCM Event Queue.
2019-07-13 20:36:40,442 INFO  impl.MetricsSystemImpl (MetricsSystemImpl.java:stop(210)) - Stopping HddsDatanode metrics system...
2019-07-13 20:36:40,447 INFO  impl.MetricsSystemImpl (MetricsSystemImpl.java:stop(216)) - HddsDatanode metrics system stopped.
]]></system-out>
    <system-err><![CDATA[Jul 13, 2019 8:36:05 PM com.sun.jersey.server.impl.application.WebApplicationImpl _initiate
INFO: Initiating Jersey application, version 'Jersey: 1.19 02/11/2015 03:25 AM'
Jul 13, 2019 8:36:05 PM com.sun.jersey.server.impl.application.WebApplicationImpl _initiate
INFO: Initiating Jersey application, version 'Jersey: 1.19 02/11/2015 03:25 AM'
Jul 13, 2019 8:36:05 PM com.sun.jersey.server.impl.application.WebApplicationImpl _initiate
INFO: Initiating Jersey application, version 'Jersey: 1.19 02/11/2015 03:25 AM'
Jul 13, 2019 8:36:05 PM com.sun.jersey.server.impl.application.WebApplicationImpl _initiate
INFO: Initiating Jersey application, version 'Jersey: 1.19 02/11/2015 03:25 AM'
Jul 13, 2019 8:36:05 PM com.sun.jersey.server.impl.application.WebApplicationImpl _initiate
INFO: Initiating Jersey application, version 'Jersey: 1.19 02/11/2015 03:25 AM'
Jul 13, 2019 8:36:06 PM com.sun.jersey.server.impl.application.WebApplicationImpl _initiate
INFO: Initiating Jersey application, version 'Jersey: 1.19 02/11/2015 03:25 AM'
Jul 13, 2019 8:36:06 PM com.sun.jersey.server.impl.application.WebApplicationImpl _initiate
INFO: Initiating Jersey application, version 'Jersey: 1.19 02/11/2015 03:25 AM'
Jul 13, 2019 8:36:09 PM org.apache.ratis.thirdparty.io.grpc.internal.ManagedChannelOrphanWrapper$ManagedChannelReference cleanQueue
SEVERE: *~*~*~ Channel ManagedChannelImpl{logId=2647, target=192.168.5.168:36369} was not shutdown properly!!! ~*~*~*
    Make sure to call shutdown()/shutdownNow() and wait until awaitTermination() returns true.
java.lang.RuntimeException: ManagedChannel allocation site
	at org.apache.ratis.thirdparty.io.grpc.internal.ManagedChannelOrphanWrapper$ManagedChannelReference.<init>(ManagedChannelOrphanWrapper.java:103)
	at org.apache.ratis.thirdparty.io.grpc.internal.ManagedChannelOrphanWrapper.<init>(ManagedChannelOrphanWrapper.java:53)
	at org.apache.ratis.thirdparty.io.grpc.internal.ManagedChannelOrphanWrapper.<init>(ManagedChannelOrphanWrapper.java:44)
	at org.apache.ratis.thirdparty.io.grpc.internal.AbstractManagedChannelImplBuilder.build(AbstractManagedChannelImplBuilder.java:411)
	at org.apache.ratis.grpc.client.GrpcClientProtocolClient.<init>(GrpcClientProtocolClient.java:119)
	at org.apache.ratis.grpc.client.GrpcClientRpc.lambda$new$0(GrpcClientRpc.java:55)
	at org.apache.ratis.util.PeerProxyMap$PeerAndProxy.lambda$getProxy$0(PeerProxyMap.java:61)
	at org.apache.ratis.util.LifeCycle.startAndTransition(LifeCycle.java:202)
	at org.apache.ratis.util.PeerProxyMap$PeerAndProxy.getProxy(PeerProxyMap.java:60)
	at org.apache.ratis.util.PeerProxyMap.getProxy(PeerProxyMap.java:107)
	at org.apache.ratis.grpc.client.GrpcClientRpc.sendRequestAsync(GrpcClientRpc.java:66)
	at org.apache.ratis.client.impl.OrderedAsync.sendRequest(OrderedAsync.java:208)
	at org.apache.ratis.client.impl.OrderedAsync.sendRequestWithRetry(OrderedAsync.java:169)
	at org.apache.ratis.util.SlidingWindow$Client.sendOrDelayRequest(SlidingWindow.java:278)
	at org.apache.ratis.util.SlidingWindow$Client.submitNewRequest(SlidingWindow.java:257)
	at org.apache.ratis.client.impl.OrderedAsync.send(OrderedAsync.java:155)
	at org.apache.ratis.client.impl.RaftClientImpl.sendAsync(RaftClientImpl.java:145)
	at org.apache.ratis.client.impl.RaftClientImpl.sendAsync(RaftClientImpl.java:125)
	at org.apache.hadoop.hdds.scm.XceiverClientRatis.sendRequestAsync(XceiverClientRatis.java:224)
	at org.apache.hadoop.hdds.scm.XceiverClientRatis.sendCommandAsync(XceiverClientRatis.java:302)
	at org.apache.hadoop.hdds.scm.storage.ContainerProtocolCalls.writeChunkAsync(ContainerProtocolCalls.java:310)
	at org.apache.hadoop.hdds.scm.storage.BlockOutputStream.writeChunkToContainer(BlockOutputStream.java:610)
	at org.apache.hadoop.hdds.scm.storage.BlockOutputStream.writeChunk(BlockOutputStream.java:467)
	at org.apache.hadoop.hdds.scm.storage.BlockOutputStream.writeOnRetry(BlockOutputStream.java:293)
	at org.apache.hadoop.ozone.client.io.BlockOutputStreamEntry.writeOnRetry(BlockOutputStreamEntry.java:200)
	at org.apache.hadoop.ozone.client.io.KeyOutputStream.handleWrite(KeyOutputStream.java:209)
	at org.apache.hadoop.ozone.client.io.KeyOutputStream.handleRetry(KeyOutputStream.java:376)
	at org.apache.hadoop.ozone.client.io.KeyOutputStream.handleException(KeyOutputStream.java:325)
	at org.apache.hadoop.ozone.client.io.KeyOutputStream.handleFlushOrClose(KeyOutputStream.java:448)
	at org.apache.hadoop.ozone.client.io.KeyOutputStream.handleWrite(KeyOutputStream.java:235)
	at org.apache.hadoop.ozone.client.io.KeyOutputStream.write(KeyOutputStream.java:193)
	at org.apache.hadoop.ozone.client.io.OzoneOutputStream.write(OzoneOutputStream.java:49)
	at java.io.OutputStream.write(OutputStream.java:75)
	at org.apache.hadoop.ozone.client.rpc.TestBlockOutputStreamWithFailures.testDatanodeFailureWithSingleNodeRatis(TestBlockOutputStreamWithFailures.java:1017)
	at sun.reflect.NativeMethodAccessorImpl.invoke0(Native Method)
	at sun.reflect.NativeMethodAccessorImpl.invoke(NativeMethodAccessorImpl.java:62)
	at sun.reflect.DelegatingMethodAccessorImpl.invoke(DelegatingMethodAccessorImpl.java:43)
	at java.lang.reflect.Method.invoke(Method.java:498)
	at org.junit.runners.model.FrameworkMethod$1.runReflectiveCall(FrameworkMethod.java:47)
	at org.junit.internal.runners.model.ReflectiveCallable.run(ReflectiveCallable.java:12)
	at org.junit.runners.model.FrameworkMethod.invokeExplosively(FrameworkMethod.java:44)
	at org.junit.internal.runners.statements.InvokeMethod.evaluate(InvokeMethod.java:17)
	at org.junit.internal.runners.statements.RunBefores.evaluate(RunBefores.java:26)
	at org.junit.internal.runners.statements.RunAfters.evaluate(RunAfters.java:27)
	at org.junit.runners.ParentRunner.runLeaf(ParentRunner.java:271)
	at org.junit.runners.BlockJUnit4ClassRunner.runChild(BlockJUnit4ClassRunner.java:70)
	at org.junit.runners.BlockJUnit4ClassRunner.runChild(BlockJUnit4ClassRunner.java:50)
	at org.junit.runners.ParentRunner$3.run(ParentRunner.java:238)
	at org.junit.runners.ParentRunner$1.schedule(ParentRunner.java:63)
	at org.junit.runners.ParentRunner.runChildren(ParentRunner.java:236)
	at org.junit.runners.ParentRunner.access$000(ParentRunner.java:53)
	at org.junit.runners.ParentRunner$2.evaluate(ParentRunner.java:229)
	at org.junit.runners.ParentRunner.run(ParentRunner.java:309)
	at org.apache.maven.surefire.junit4.JUnit4Provider.execute(JUnit4Provider.java:365)
	at org.apache.maven.surefire.junit4.JUnit4Provider.executeWithRerun(JUnit4Provider.java:273)
	at org.apache.maven.surefire.junit4.JUnit4Provider.executeTestSet(JUnit4Provider.java:238)
	at org.apache.maven.surefire.junit4.JUnit4Provider.invoke(JUnit4Provider.java:159)
	at org.apache.maven.surefire.booter.ForkedBooter.invokeProviderInSameClassLoader(ForkedBooter.java:384)
	at org.apache.maven.surefire.booter.ForkedBooter.runSuitesInProcess(ForkedBooter.java:345)
	at org.apache.maven.surefire.booter.ForkedBooter.execute(ForkedBooter.java:126)
	at org.apache.maven.surefire.booter.ForkedBooter.main(ForkedBooter.java:418)

Jul 13, 2019 8:36:09 PM org.apache.ratis.thirdparty.io.grpc.internal.ManagedChannelOrphanWrapper$ManagedChannelReference cleanQueue
SEVERE: *~*~*~ Channel ManagedChannelImpl{logId=2677, target=192.168.5.168:41571} was not shutdown properly!!! ~*~*~*
    Make sure to call shutdown()/shutdownNow() and wait until awaitTermination() returns true.
java.lang.RuntimeException: ManagedChannel allocation site
	at org.apache.ratis.thirdparty.io.grpc.internal.ManagedChannelOrphanWrapper$ManagedChannelReference.<init>(ManagedChannelOrphanWrapper.java:103)
	at org.apache.ratis.thirdparty.io.grpc.internal.ManagedChannelOrphanWrapper.<init>(ManagedChannelOrphanWrapper.java:53)
	at org.apache.ratis.thirdparty.io.grpc.internal.ManagedChannelOrphanWrapper.<init>(ManagedChannelOrphanWrapper.java:44)
	at org.apache.ratis.thirdparty.io.grpc.internal.AbstractManagedChannelImplBuilder.build(AbstractManagedChannelImplBuilder.java:411)
	at org.apache.hadoop.hdds.scm.XceiverClientGrpc.connectToDatanode(XceiverClientGrpc.java:172)
	at org.apache.hadoop.hdds.scm.XceiverClientGrpc.reconnect(XceiverClientGrpc.java:417)
	at org.apache.hadoop.hdds.scm.XceiverClientGrpc.sendCommandAsync(XceiverClientGrpc.java:366)
	at org.apache.hadoop.hdds.scm.XceiverClientGrpc.sendCommandWithRetry(XceiverClientGrpc.java:279)
	at org.apache.hadoop.hdds.scm.XceiverClientGrpc.sendCommandWithTraceIDAndRetry(XceiverClientGrpc.java:248)
	at org.apache.hadoop.hdds.scm.XceiverClientGrpc.sendCommand(XceiverClientGrpc.java:231)
	at org.apache.hadoop.hdds.scm.storage.ContainerProtocolCalls.getBlock(ContainerProtocolCalls.java:118)
	at org.apache.hadoop.hdds.scm.storage.BlockInputStream.getChunkInfos(BlockInputStream.java:167)
	at org.apache.hadoop.hdds.scm.storage.BlockInputStream.initialize(BlockInputStream.java:118)
	at org.apache.hadoop.hdds.scm.storage.BlockInputStream.read(BlockInputStream.java:222)
	at org.apache.hadoop.ozone.client.io.KeyInputStream.read(KeyInputStream.java:171)
	at org.apache.hadoop.ozone.client.io.OzoneInputStream.read(OzoneInputStream.java:47)
	at java.io.InputStream.read(InputStream.java:101)
	at org.apache.hadoop.ozone.container.ContainerTestHelper.validateData(ContainerTestHelper.java:709)
	at org.apache.hadoop.ozone.client.rpc.TestBlockOutputStreamWithFailures.validateData(TestBlockOutputStreamWithFailures.java:1212)
	at org.apache.hadoop.ozone.client.rpc.TestBlockOutputStreamWithFailures.testDatanodeFailureWithSingleNodeRatis(TestBlockOutputStreamWithFailures.java:1054)
	at sun.reflect.NativeMethodAccessorImpl.invoke0(Native Method)
	at sun.reflect.NativeMethodAccessorImpl.invoke(NativeMethodAccessorImpl.java:62)
	at sun.reflect.DelegatingMethodAccessorImpl.invoke(DelegatingMethodAccessorImpl.java:43)
	at java.lang.reflect.Method.invoke(Method.java:498)
	at org.junit.runners.model.FrameworkMethod$1.runReflectiveCall(FrameworkMethod.java:47)
	at org.junit.internal.runners.model.ReflectiveCallable.run(ReflectiveCallable.java:12)
	at org.junit.runners.model.FrameworkMethod.invokeExplosively(FrameworkMethod.java:44)
	at org.junit.internal.runners.statements.InvokeMethod.evaluate(InvokeMethod.java:17)
	at org.junit.internal.runners.statements.RunBefores.evaluate(RunBefores.java:26)
	at org.junit.internal.runners.statements.RunAfters.evaluate(RunAfters.java:27)
	at org.junit.runners.ParentRunner.runLeaf(ParentRunner.java:271)
	at org.junit.runners.BlockJUnit4ClassRunner.runChild(BlockJUnit4ClassRunner.java:70)
	at org.junit.runners.BlockJUnit4ClassRunner.runChild(BlockJUnit4ClassRunner.java:50)
	at org.junit.runners.ParentRunner$3.run(ParentRunner.java:238)
	at org.junit.runners.ParentRunner$1.schedule(ParentRunner.java:63)
	at org.junit.runners.ParentRunner.runChildren(ParentRunner.java:236)
	at org.junit.runners.ParentRunner.access$000(ParentRunner.java:53)
	at org.junit.runners.ParentRunner$2.evaluate(ParentRunner.java:229)
	at org.junit.runners.ParentRunner.run(ParentRunner.java:309)
	at org.apache.maven.surefire.junit4.JUnit4Provider.execute(JUnit4Provider.java:365)
	at org.apache.maven.surefire.junit4.JUnit4Provider.executeWithRerun(JUnit4Provider.java:273)
	at org.apache.maven.surefire.junit4.JUnit4Provider.executeTestSet(JUnit4Provider.java:238)
	at org.apache.maven.surefire.junit4.JUnit4Provider.invoke(JUnit4Provider.java:159)
	at org.apache.maven.surefire.booter.ForkedBooter.invokeProviderInSameClassLoader(ForkedBooter.java:384)
	at org.apache.maven.surefire.booter.ForkedBooter.runSuitesInProcess(ForkedBooter.java:345)
	at org.apache.maven.surefire.booter.ForkedBooter.execute(ForkedBooter.java:126)
	at org.apache.maven.surefire.booter.ForkedBooter.main(ForkedBooter.java:418)

Jul 13, 2019 8:36:09 PM org.apache.ratis.thirdparty.io.grpc.internal.ManagedChannelOrphanWrapper$ManagedChannelReference cleanQueue
SEVERE: *~*~*~ Channel ManagedChannelImpl{logId=2682, target=192.168.5.168:39804} was not shutdown properly!!! ~*~*~*
    Make sure to call shutdown()/shutdownNow() and wait until awaitTermination() returns true.
java.lang.RuntimeException: ManagedChannel allocation site
	at org.apache.ratis.thirdparty.io.grpc.internal.ManagedChannelOrphanWrapper$ManagedChannelReference.<init>(ManagedChannelOrphanWrapper.java:103)
	at org.apache.ratis.thirdparty.io.grpc.internal.ManagedChannelOrphanWrapper.<init>(ManagedChannelOrphanWrapper.java:53)
	at org.apache.ratis.thirdparty.io.grpc.internal.ManagedChannelOrphanWrapper.<init>(ManagedChannelOrphanWrapper.java:44)
	at org.apache.ratis.thirdparty.io.grpc.internal.AbstractManagedChannelImplBuilder.build(AbstractManagedChannelImplBuilder.java:411)
	at org.apache.hadoop.hdds.scm.XceiverClientGrpc.connectToDatanode(XceiverClientGrpc.java:172)
	at org.apache.hadoop.hdds.scm.XceiverClientGrpc.reconnect(XceiverClientGrpc.java:417)
	at org.apache.hadoop.hdds.scm.XceiverClientGrpc.sendCommandAsync(XceiverClientGrpc.java:366)
	at org.apache.hadoop.hdds.scm.XceiverClientGrpc.sendCommandWithRetry(XceiverClientGrpc.java:279)
	at org.apache.hadoop.hdds.scm.XceiverClientGrpc.sendCommandWithTraceIDAndRetry(XceiverClientGrpc.java:248)
	at org.apache.hadoop.hdds.scm.XceiverClientGrpc.sendCommand(XceiverClientGrpc.java:231)
	at org.apache.hadoop.hdds.scm.storage.ContainerProtocolCalls.getBlock(ContainerProtocolCalls.java:118)
	at org.apache.hadoop.hdds.scm.storage.BlockInputStream.getChunkInfos(BlockInputStream.java:167)
	at org.apache.hadoop.hdds.scm.storage.BlockInputStream.initialize(BlockInputStream.java:118)
	at org.apache.hadoop.hdds.scm.storage.BlockInputStream.read(BlockInputStream.java:222)
	at org.apache.hadoop.ozone.client.io.KeyInputStream.read(KeyInputStream.java:171)
	at org.apache.hadoop.ozone.client.io.OzoneInputStream.read(OzoneInputStream.java:47)
	at java.io.InputStream.read(InputStream.java:101)
	at org.apache.hadoop.ozone.container.ContainerTestHelper.validateData(ContainerTestHelper.java:709)
	at org.apache.hadoop.ozone.client.rpc.TestBlockOutputStreamWithFailures.validateData(TestBlockOutputStreamWithFailures.java:1212)
	at org.apache.hadoop.ozone.client.rpc.TestBlockOutputStreamWithFailures.testDatanodeFailureWithSingleNodeRatis(TestBlockOutputStreamWithFailures.java:1054)
	at sun.reflect.NativeMethodAccessorImpl.invoke0(Native Method)
	at sun.reflect.NativeMethodAccessorImpl.invoke(NativeMethodAccessorImpl.java:62)
	at sun.reflect.DelegatingMethodAccessorImpl.invoke(DelegatingMethodAccessorImpl.java:43)
	at java.lang.reflect.Method.invoke(Method.java:498)
	at org.junit.runners.model.FrameworkMethod$1.runReflectiveCall(FrameworkMethod.java:47)
	at org.junit.internal.runners.model.ReflectiveCallable.run(ReflectiveCallable.java:12)
	at org.junit.runners.model.FrameworkMethod.invokeExplosively(FrameworkMethod.java:44)
	at org.junit.internal.runners.statements.InvokeMethod.evaluate(InvokeMethod.java:17)
	at org.junit.internal.runners.statements.RunBefores.evaluate(RunBefores.java:26)
	at org.junit.internal.runners.statements.RunAfters.evaluate(RunAfters.java:27)
	at org.junit.runners.ParentRunner.runLeaf(ParentRunner.java:271)
	at org.junit.runners.BlockJUnit4ClassRunner.runChild(BlockJUnit4ClassRunner.java:70)
	at org.junit.runners.BlockJUnit4ClassRunner.runChild(BlockJUnit4ClassRunner.java:50)
	at org.junit.runners.ParentRunner$3.run(ParentRunner.java:238)
	at org.junit.runners.ParentRunner$1.schedule(ParentRunner.java:63)
	at org.junit.runners.ParentRunner.runChildren(ParentRunner.java:236)
	at org.junit.runners.ParentRunner.access$000(ParentRunner.java:53)
	at org.junit.runners.ParentRunner$2.evaluate(ParentRunner.java:229)
	at org.junit.runners.ParentRunner.run(ParentRunner.java:309)
	at org.apache.maven.surefire.junit4.JUnit4Provider.execute(JUnit4Provider.java:365)
	at org.apache.maven.surefire.junit4.JUnit4Provider.executeWithRerun(JUnit4Provider.java:273)
	at org.apache.maven.surefire.junit4.JUnit4Provider.executeTestSet(JUnit4Provider.java:238)
	at org.apache.maven.surefire.junit4.JUnit4Provider.invoke(JUnit4Provider.java:159)
	at org.apache.maven.surefire.booter.ForkedBooter.invokeProviderInSameClassLoader(ForkedBooter.java:384)
	at org.apache.maven.surefire.booter.ForkedBooter.runSuitesInProcess(ForkedBooter.java:345)
	at org.apache.maven.surefire.booter.ForkedBooter.execute(ForkedBooter.java:126)
	at org.apache.maven.surefire.booter.ForkedBooter.main(ForkedBooter.java:418)

]]></system-err>
  </testcase>
  <testcase name="testWatchForCommitDatanodeFailure" classname="org.apache.hadoop.ozone.client.rpc.TestBlockOutputStreamWithFailures" time="42.159">
    <failure message="expected:&lt;2&gt; but was:&lt;3&gt;" type="java.lang.AssertionError"><![CDATA[java.lang.AssertionError: expected:<2> but was:<3>
	at org.junit.Assert.fail(Assert.java:88)
	at org.junit.Assert.failNotEquals(Assert.java:743)
	at org.junit.Assert.assertEquals(Assert.java:118)
	at org.junit.Assert.assertEquals(Assert.java:555)
	at org.junit.Assert.assertEquals(Assert.java:542)
	at org.apache.hadoop.ozone.client.rpc.TestBlockOutputStreamWithFailures.testWatchForCommitDatanodeFailure(TestBlockOutputStreamWithFailures.java:366)
	at sun.reflect.NativeMethodAccessorImpl.invoke0(Native Method)
	at sun.reflect.NativeMethodAccessorImpl.invoke(NativeMethodAccessorImpl.java:62)
	at sun.reflect.DelegatingMethodAccessorImpl.invoke(DelegatingMethodAccessorImpl.java:43)
	at java.lang.reflect.Method.invoke(Method.java:498)
	at org.junit.runners.model.FrameworkMethod$1.runReflectiveCall(FrameworkMethod.java:47)
	at org.junit.internal.runners.model.ReflectiveCallable.run(ReflectiveCallable.java:12)
	at org.junit.runners.model.FrameworkMethod.invokeExplosively(FrameworkMethod.java:44)
	at org.junit.internal.runners.statements.InvokeMethod.evaluate(InvokeMethod.java:17)
	at org.junit.internal.runners.statements.RunBefores.evaluate(RunBefores.java:26)
	at org.junit.internal.runners.statements.RunAfters.evaluate(RunAfters.java:27)
	at org.junit.runners.ParentRunner.runLeaf(ParentRunner.java:271)
	at org.junit.runners.BlockJUnit4ClassRunner.runChild(BlockJUnit4ClassRunner.java:70)
	at org.junit.runners.BlockJUnit4ClassRunner.runChild(BlockJUnit4ClassRunner.java:50)
	at org.junit.runners.ParentRunner$3.run(ParentRunner.java:238)
	at org.junit.runners.ParentRunner$1.schedule(ParentRunner.java:63)
	at org.junit.runners.ParentRunner.runChildren(ParentRunner.java:236)
	at org.junit.runners.ParentRunner.access$000(ParentRunner.java:53)
	at org.junit.runners.ParentRunner$2.evaluate(ParentRunner.java:229)
	at org.junit.runners.ParentRunner.run(ParentRunner.java:309)
	at org.apache.maven.surefire.junit4.JUnit4Provider.execute(JUnit4Provider.java:365)
	at org.apache.maven.surefire.junit4.JUnit4Provider.executeWithRerun(JUnit4Provider.java:273)
	at org.apache.maven.surefire.junit4.JUnit4Provider.executeTestSet(JUnit4Provider.java:238)
	at org.apache.maven.surefire.junit4.JUnit4Provider.invoke(JUnit4Provider.java:159)
	at org.apache.maven.surefire.booter.ForkedBooter.invokeProviderInSameClassLoader(ForkedBooter.java:384)
	at org.apache.maven.surefire.booter.ForkedBooter.runSuitesInProcess(ForkedBooter.java:345)
	at org.apache.maven.surefire.booter.ForkedBooter.execute(ForkedBooter.java:126)
	at org.apache.maven.surefire.booter.ForkedBooter.main(ForkedBooter.java:418)
]]></failure>
    <system-out><![CDATA[2019-07-13 20:36:40,488 WARN  server.ServerUtils (ServerUtils.java:getScmDbDir(145)) - ozone.scm.db.dirs is not configured. We recommend adding this setting. Falling back to ozone.metadata.dirs instead.
2019-07-13 20:36:40,495 WARN  server.ServerUtils (ServerUtils.java:getScmDbDir(145)) - ozone.scm.db.dirs is not configured. We recommend adding this setting. Falling back to ozone.metadata.dirs instead.
2019-07-13 20:36:40,495 WARN  server.ServerUtils (ServerUtils.java:getScmDbDir(145)) - ozone.scm.db.dirs is not configured. We recommend adding this setting. Falling back to ozone.metadata.dirs instead.
2019-07-13 20:36:40,496 INFO  db.DBStoreBuilder (DBStoreBuilder.java:addTable(110)) - using custom profile for table: deletedBlocks
2019-07-13 20:36:40,496 INFO  db.DBStoreBuilder (DBStoreBuilder.java:processTables(161)) - Using default column profile:DBProfile.DISK for Table:deletedBlocks
2019-07-13 20:36:40,496 INFO  db.DBStoreBuilder (DBStoreBuilder.java:addTable(110)) - using custom profile for table: validCerts
2019-07-13 20:36:40,496 INFO  db.DBStoreBuilder (DBStoreBuilder.java:processTables(161)) - Using default column profile:DBProfile.DISK for Table:validCerts
2019-07-13 20:36:40,496 INFO  db.DBStoreBuilder (DBStoreBuilder.java:addTable(110)) - using custom profile for table: revokedCerts
2019-07-13 20:36:40,497 INFO  db.DBStoreBuilder (DBStoreBuilder.java:processTables(161)) - Using default column profile:DBProfile.DISK for Table:revokedCerts
2019-07-13 20:36:40,497 INFO  db.DBStoreBuilder (DBStoreBuilder.java:addTable(110)) - using custom profile for table: default
2019-07-13 20:36:40,497 INFO  db.DBStoreBuilder (DBStoreBuilder.java:processTables(167)) - Using default column profile:DBProfile.DISK for Table:default
2019-07-13 20:36:40,497 INFO  db.DBStoreBuilder (DBStoreBuilder.java:getDbProfile(198)) - Using default options. DBProfile.DISK
2019-07-13 20:36:40,563 INFO  net.NodeSchemaLoader (NodeSchemaLoader.java:loadSchemaFromFile(125)) - Loading file from sun.misc.CompoundEnumeration@2bfe4df9
2019-07-13 20:36:40,564 INFO  net.NodeSchemaLoader (NodeSchemaLoader.java:loadSchema(171)) - Loading network topology layer schema file
2019-07-13 20:36:40,570 INFO  node.SCMNodeManager (SCMNodeManager.java:<init>(119)) - Entering startup safe mode.
2019-07-13 20:36:40,570 WARN  server.ServerUtils (ServerUtils.java:getScmDbDir(145)) - ozone.scm.db.dirs is not configured. We recommend adding this setting. Falling back to ozone.metadata.dirs instead.
2019-07-13 20:36:40,593 INFO  pipeline.SCMPipelineManager (SCMPipelineManager.java:initializePipelineState(126)) - No pipeline exists in current db
2019-07-13 20:36:40,593 WARN  server.ServerUtils (ServerUtils.java:getScmDbDir(145)) - ozone.scm.db.dirs is not configured. We recommend adding this setting. Falling back to ozone.metadata.dirs instead.
2019-07-13 20:36:40,617 WARN  events.EventQueue (EventQueue.java:fireEvent(175)) - No event handler registered for event TypedEvent{payloadType=SafeModeStatus, name='SafeModeStatus'}
2019-07-13 20:36:40,618 INFO  ipc.CallQueueManager (CallQueueManager.java:<init>(84)) - Using callQueue: class java.util.concurrent.LinkedBlockingQueue, queueCapacity: 2000, scheduler: class org.apache.hadoop.ipc.DefaultRpcScheduler, ipcBackoff: false.
2019-07-13 20:36:40,619 INFO  ipc.Server (Server.java:run(1074)) - Starting Socket Reader #1 for port 43762
2019-07-13 20:36:40,621 INFO  ipc.CallQueueManager (CallQueueManager.java:<init>(84)) - Using callQueue: class java.util.concurrent.LinkedBlockingQueue, queueCapacity: 2000, scheduler: class org.apache.hadoop.ipc.DefaultRpcScheduler, ipcBackoff: false.
2019-07-13 20:36:40,621 INFO  ipc.Server (Server.java:run(1074)) - Starting Socket Reader #1 for port 43830
2019-07-13 20:36:40,623 INFO  ipc.CallQueueManager (CallQueueManager.java:<init>(84)) - Using callQueue: class java.util.concurrent.LinkedBlockingQueue, queueCapacity: 2000, scheduler: class org.apache.hadoop.ipc.DefaultRpcScheduler, ipcBackoff: false.
2019-07-13 20:36:40,623 INFO  ipc.Server (Server.java:run(1074)) - Starting Socket Reader #1 for port 43977
2019-07-13 20:36:40,627 INFO  hdfs.DFSUtil (DFSUtil.java:httpServerTemplateForNNAndJN(1641)) - Starting Web-server for scm at: http://0.0.0.0:0
2019-07-13 20:36:40,630 INFO  server.AuthenticationFilter (AuthenticationFilter.java:constructSecretProvider(240)) - Unable to initialize FileSignerSecretProvider, falling back to use random secrets.
2019-07-13 20:36:40,630 WARN  http.HttpRequestLog (HttpRequestLog.java:getRequestLog(97)) - Jetty request log can only be enabled using Log4j
2019-07-13 20:36:40,633 INFO  http.HttpServer2 (HttpServer2.java:addGlobalFilter(975)) - Added global filter 'safety' (class=org.apache.hadoop.http.HttpServer2$QuotingInputFilter)
2019-07-13 20:36:40,633 INFO  http.HttpServer2 (HttpServer2.java:addFilter(948)) - Added filter static_user_filter (class=org.apache.hadoop.http.lib.StaticUserWebFilter$StaticUserFilter) to context scm
2019-07-13 20:36:40,634 INFO  http.HttpServer2 (HttpServer2.java:addFilter(958)) - Added filter static_user_filter (class=org.apache.hadoop.http.lib.StaticUserWebFilter$StaticUserFilter) to context logs
2019-07-13 20:36:40,634 INFO  http.HttpServer2 (HttpServer2.java:addFilter(958)) - Added filter static_user_filter (class=org.apache.hadoop.http.lib.StaticUserWebFilter$StaticUserFilter) to context static
2019-07-13 20:36:40,637 INFO  server.StorageContainerManager (StorageContainerManager.java:start(759)) - StorageContainerLocationProtocol RPC server is listening at /0.0.0.0:43977
2019-07-13 20:36:40,639 WARN  impl.MetricsConfig (MetricsConfig.java:loadFirst(134)) - Cannot locate configuration: tried hadoop-metrics2-storagecontainermanager.properties,hadoop-metrics2.properties
2019-07-13 20:36:40,640 INFO  impl.MetricsSystemImpl (MetricsSystemImpl.java:startTimer(374)) - Scheduled Metric snapshot period at 10 second(s).
2019-07-13 20:36:40,641 INFO  impl.MetricsSystemImpl (MetricsSystemImpl.java:start(191)) - StorageContainerManager metrics system started
2019-07-13 20:36:40,688 INFO  server.SCMClientProtocolServer (SCMClientProtocolServer.java:start(149)) - RPC server for Client  is listening at /0.0.0.0:43977
2019-07-13 20:36:40,689 INFO  ipc.Server (Server.java:run(1314)) - IPC Server Responder: starting
2019-07-13 20:36:40,689 INFO  ipc.Server (Server.java:run(1153)) - IPC Server listener on 43977: starting
2019-07-13 20:36:40,695 INFO  server.StorageContainerManager (StorageContainerManager.java:start(768)) - ScmBlockLocationProtocol RPC server is listening at /0.0.0.0:43830
2019-07-13 20:36:40,695 INFO  server.SCMBlockProtocolServer (SCMBlockProtocolServer.java:start(140)) - RPC server for Block Protocol is listening at /0.0.0.0:43830
2019-07-13 20:36:40,696 INFO  ipc.Server (Server.java:run(1314)) - IPC Server Responder: starting
2019-07-13 20:36:40,696 INFO  ipc.Server (Server.java:run(1153)) - IPC Server listener on 43830: starting
2019-07-13 20:36:40,699 INFO  server.StorageContainerManager (StorageContainerManager.java:start(772)) - ScmDatanodeProtocl RPC server is listening at /0.0.0.0:43762
2019-07-13 20:36:40,699 INFO  server.SCMDatanodeProtocolServer (SCMDatanodeProtocolServer.java:start(191)) - RPC server for DataNodes is listening at /0.0.0.0:43762
2019-07-13 20:36:40,700 INFO  ipc.Server (Server.java:run(1314)) - IPC Server Responder: starting
2019-07-13 20:36:40,700 INFO  ipc.Server (Server.java:run(1153)) - IPC Server listener on 43762: starting
2019-07-13 20:36:40,704 INFO  http.HttpServer2 (HttpServer2.java:bindListener(1191)) - Jetty bound to port 40352
2019-07-13 20:36:40,704 INFO  server.Server (Server.java:doStart(351)) - jetty-9.3.24.v20180605, build timestamp: 2018-06-05T17:11:56Z, git hash: 84205aa28f11a4f31f2a3b86d1bba2cc8ab69827
2019-07-13 20:36:40,706 INFO  handler.ContextHandler (ContextHandler.java:doStart(781)) - Started o.e.j.s.ServletContextHandler@57eb2555{/logs,file:///tmp/workdir/hadoop-ozone/integration-test/target/log,AVAILABLE}
2019-07-13 20:36:40,707 INFO  handler.ContextHandler (ContextHandler.java:doStart(781)) - Started o.e.j.s.ServletContextHandler@3ed3e66d{/static,file:///tmp/workdir/hadoop-ozone/integration-test/target/test-classes/webapps/static,AVAILABLE}
2019-07-13 20:36:40,711 INFO  handler.ContextHandler (ContextHandler.java:doStart(781)) - Started o.e.j.w.WebAppContext@30a99b85{/,file:///tmp/workdir/hadoop-ozone/integration-test/target/test-classes/webapps/scm/,AVAILABLE}{/scm}
2019-07-13 20:36:40,712 INFO  server.AbstractConnector (AbstractConnector.java:doStart(278)) - Started ServerConnector@386d41cb{HTTP/1.1,[http/1.1]}{0.0.0.0:40352}
2019-07-13 20:36:40,712 INFO  server.Server (Server.java:doStart(419)) - Started @592476ms
2019-07-13 20:36:40,713 INFO  server.BaseHttpServer (BaseHttpServer.java:updateConnectorAddress(207)) - HTTP server of SCM is listening at http://0.0.0.0:40352
2019-07-13 20:36:40,714 WARN  server.ServerUtils (ServerUtils.java:getDBPath(222)) - ozone.om.db.dirs is not configured. We recommend adding this setting. Falling back to ozone.metadata.dirs instead.
2019-07-13 20:36:40,714 INFO  util.JvmPauseMonitor (JvmPauseMonitor.java:run(188)) - Starting JVM pause monitor
2019-07-13 20:36:40,719 WARN  server.ServerUtils (ServerUtils.java:getDBPath(222)) - ozone.om.db.dirs is not configured. We recommend adding this setting. Falling back to ozone.metadata.dirs instead.
2019-07-13 20:36:40,719 INFO  om.OzoneManager (OzoneManager.java:setOMNodeDetails(630)) - OM Service ID is not set. Setting it to the default ID: omServiceIdDefault
2019-07-13 20:36:40,720 INFO  om.OzoneManager (OzoneManager.java:setOMNodeDetails(636)) - OM Node ID is not set. Setting it to the OmStorage's OmID: fc66d7c0-3213-4cc5-bb9c-5c4fcc1e876a
2019-07-13 20:36:40,720 INFO  om.OzoneManager (OzoneManager.java:loadOMHAConfigs(587)) - Found matching OM address with OMServiceId: null, OMNodeId: null, RPC Address: localhost:0 and Ratis port: 9872
2019-07-13 20:36:40,726 WARN  server.ServerUtils (ServerUtils.java:getDBPath(222)) - ozone.om.db.dirs is not configured. We recommend adding this setting. Falling back to ozone.metadata.dirs instead.
2019-07-13 20:36:40,727 INFO  db.DBStoreBuilder (DBStoreBuilder.java:addTable(110)) - using custom profile for table: userTable
2019-07-13 20:36:40,727 INFO  db.DBStoreBuilder (DBStoreBuilder.java:processTables(161)) - Using default column profile:DBProfile.DISK for Table:userTable
2019-07-13 20:36:40,727 INFO  db.DBStoreBuilder (DBStoreBuilder.java:addTable(110)) - using custom profile for table: volumeTable
2019-07-13 20:36:40,727 INFO  db.DBStoreBuilder (DBStoreBuilder.java:processTables(161)) - Using default column profile:DBProfile.DISK for Table:volumeTable
2019-07-13 20:36:40,727 INFO  db.DBStoreBuilder (DBStoreBuilder.java:addTable(110)) - using custom profile for table: bucketTable
2019-07-13 20:36:40,727 INFO  db.DBStoreBuilder (DBStoreBuilder.java:processTables(161)) - Using default column profile:DBProfile.DISK for Table:bucketTable
2019-07-13 20:36:40,728 INFO  db.DBStoreBuilder (DBStoreBuilder.java:addTable(110)) - using custom profile for table: keyTable
2019-07-13 20:36:40,728 INFO  db.DBStoreBuilder (DBStoreBuilder.java:processTables(161)) - Using default column profile:DBProfile.DISK for Table:keyTable
2019-07-13 20:36:40,728 INFO  db.DBStoreBuilder (DBStoreBuilder.java:addTable(110)) - using custom profile for table: deletedTable
2019-07-13 20:36:40,728 INFO  db.DBStoreBuilder (DBStoreBuilder.java:processTables(161)) - Using default column profile:DBProfile.DISK for Table:deletedTable
2019-07-13 20:36:40,728 INFO  db.DBStoreBuilder (DBStoreBuilder.java:addTable(110)) - using custom profile for table: openKeyTable
2019-07-13 20:36:40,729 INFO  db.DBStoreBuilder (DBStoreBuilder.java:processTables(161)) - Using default column profile:DBProfile.DISK for Table:openKeyTable
2019-07-13 20:36:40,729 INFO  db.DBStoreBuilder (DBStoreBuilder.java:addTable(110)) - using custom profile for table: s3Table
2019-07-13 20:36:40,729 INFO  db.DBStoreBuilder (DBStoreBuilder.java:processTables(161)) - Using default column profile:DBProfile.DISK for Table:s3Table
2019-07-13 20:36:40,729 INFO  db.DBStoreBuilder (DBStoreBuilder.java:addTable(110)) - using custom profile for table: multipartInfoTable
2019-07-13 20:36:40,729 INFO  db.DBStoreBuilder (DBStoreBuilder.java:processTables(161)) - Using default column profile:DBProfile.DISK for Table:multipartInfoTable
2019-07-13 20:36:40,730 INFO  db.DBStoreBuilder (DBStoreBuilder.java:addTable(110)) - using custom profile for table: dTokenTable
2019-07-13 20:36:40,730 INFO  db.DBStoreBuilder (DBStoreBuilder.java:processTables(161)) - Using default column profile:DBProfile.DISK for Table:dTokenTable
2019-07-13 20:36:40,730 INFO  db.DBStoreBuilder (DBStoreBuilder.java:addTable(110)) - using custom profile for table: s3SecretTable
2019-07-13 20:36:40,730 INFO  db.DBStoreBuilder (DBStoreBuilder.java:processTables(161)) - Using default column profile:DBProfile.DISK for Table:s3SecretTable
2019-07-13 20:36:40,730 INFO  db.DBStoreBuilder (DBStoreBuilder.java:addTable(110)) - using custom profile for table: prefixTable
2019-07-13 20:36:40,730 INFO  db.DBStoreBuilder (DBStoreBuilder.java:processTables(161)) - Using default column profile:DBProfile.DISK for Table:prefixTable
2019-07-13 20:36:40,731 INFO  db.DBStoreBuilder (DBStoreBuilder.java:addTable(110)) - using custom profile for table: default
2019-07-13 20:36:40,731 INFO  db.DBStoreBuilder (DBStoreBuilder.java:processTables(167)) - Using default column profile:DBProfile.DISK for Table:default
2019-07-13 20:36:40,731 INFO  db.DBStoreBuilder (DBStoreBuilder.java:getDbProfile(198)) - Using default options. DBProfile.DISK
2019-07-13 20:36:40,953 INFO  ipc.CallQueueManager (CallQueueManager.java:<init>(84)) - Using callQueue: class java.util.concurrent.LinkedBlockingQueue, queueCapacity: 2000, scheduler: class org.apache.hadoop.ipc.DefaultRpcScheduler, ipcBackoff: false.
2019-07-13 20:36:40,954 INFO  ipc.Server (Server.java:run(1074)) - Starting Socket Reader #1 for port 43743
2019-07-13 20:36:40,966 WARN  server.ServerUtils (ServerUtils.java:getDBPath(222)) - ozone.om.db.dirs is not configured. We recommend adding this setting. Falling back to ozone.metadata.dirs instead.
2019-07-13 20:36:40,966 INFO  om.OzoneManager (OzoneManager.java:start(1228)) - OzoneManager RPC server is listening at localhost/127.0.0.1:43743
2019-07-13 20:36:40,966 INFO  impl.MetricsSystemImpl (MetricsSystemImpl.java:init(158)) - OzoneManager metrics system started (again)
2019-07-13 20:36:40,967 INFO  ipc.Server (Server.java:run(1153)) - IPC Server listener on 43743: starting
2019-07-13 20:36:40,967 INFO  ipc.Server (Server.java:run(1314)) - IPC Server Responder: starting
2019-07-13 20:36:40,972 INFO  hdfs.DFSUtil (DFSUtil.java:httpServerTemplateForNNAndJN(1641)) - Starting Web-server for ozoneManager at: http://0.0.0.0:0
2019-07-13 20:36:40,973 INFO  server.AuthenticationFilter (AuthenticationFilter.java:constructSecretProvider(240)) - Unable to initialize FileSignerSecretProvider, falling back to use random secrets.
2019-07-13 20:36:40,973 WARN  http.HttpRequestLog (HttpRequestLog.java:getRequestLog(97)) - Jetty request log can only be enabled using Log4j
2019-07-13 20:36:40,975 INFO  http.HttpServer2 (HttpServer2.java:addGlobalFilter(975)) - Added global filter 'safety' (class=org.apache.hadoop.http.HttpServer2$QuotingInputFilter)
2019-07-13 20:36:40,975 INFO  http.HttpServer2 (HttpServer2.java:addFilter(948)) - Added filter static_user_filter (class=org.apache.hadoop.http.lib.StaticUserWebFilter$StaticUserFilter) to context ozoneManager
2019-07-13 20:36:40,975 INFO  http.HttpServer2 (HttpServer2.java:addFilter(958)) - Added filter static_user_filter (class=org.apache.hadoop.http.lib.StaticUserWebFilter$StaticUserFilter) to context static
2019-07-13 20:36:40,975 INFO  http.HttpServer2 (HttpServer2.java:addFilter(958)) - Added filter static_user_filter (class=org.apache.hadoop.http.lib.StaticUserWebFilter$StaticUserFilter) to context logs
2019-07-13 20:36:40,976 INFO  http.HttpServer2 (HttpServer2.java:bindListener(1191)) - Jetty bound to port 40842
2019-07-13 20:36:40,976 INFO  server.Server (Server.java:doStart(351)) - jetty-9.3.24.v20180605, build timestamp: 2018-06-05T17:11:56Z, git hash: 84205aa28f11a4f31f2a3b86d1bba2cc8ab69827
2019-07-13 20:36:40,977 INFO  handler.ContextHandler (ContextHandler.java:doStart(781)) - Started o.e.j.s.ServletContextHandler@3437fc4f{/logs,file:///tmp/workdir/hadoop-ozone/integration-test/target/log,AVAILABLE}
2019-07-13 20:36:40,978 INFO  handler.ContextHandler (ContextHandler.java:doStart(781)) - Started o.e.j.s.ServletContextHandler@5924ea91{/static,file:///tmp/workdir/hadoop-ozone/integration-test/target/test-classes/webapps/static,AVAILABLE}
2019-07-13 20:36:40,981 INFO  handler.ContextHandler (ContextHandler.java:doStart(781)) - Started o.e.j.w.WebAppContext@60cbba57{/,file:///tmp/workdir/hadoop-ozone/integration-test/target/test-classes/webapps/ozoneManager/,AVAILABLE}{/ozoneManager}
2019-07-13 20:36:40,982 INFO  server.AbstractConnector (AbstractConnector.java:doStart(278)) - Started ServerConnector@614d01b{HTTP/1.1,[http/1.1]}{0.0.0.0:40842}
2019-07-13 20:36:40,983 INFO  server.Server (Server.java:doStart(419)) - Started @592746ms
2019-07-13 20:36:40,983 INFO  server.BaseHttpServer (BaseHttpServer.java:updateConnectorAddress(207)) - HTTP server of OZONEMANAGER is listening at http://0.0.0.0:40842
2019-07-13 20:36:40,995 INFO  impl.MetricsSystemImpl (MetricsSystemImpl.java:init(158)) - HddsDatanode metrics system started (again)
2019-07-13 20:36:40,995 INFO  ozone.HddsDatanodeService (HddsDatanodeService.java:start(185)) - HddsDatanodeService host:trunk-nightly-6qp7m-2461138711 ip:192.168.5.168
2019-07-13 20:36:41,006 INFO  volume.HddsVolume (HddsVolume.java:<init>(176)) - Creating Volume: /tmp/workdir/hadoop-ozone/integration-test/target/test-dir/MiniOzoneClusterImpl-16e5dc73-174f-42e0-b18c-cc1c204265a8/datanode-0/data/containers/hdds of  storage type : DISK and capacity : 52710309888
2019-07-13 20:36:41,007 INFO  volume.VolumeSet (VolumeSet.java:initializeVolumeSet(170)) - Added Volume : /tmp/workdir/hadoop-ozone/integration-test/target/test-dir/MiniOzoneClusterImpl-16e5dc73-174f-42e0-b18c-cc1c204265a8/datanode-0/data/containers/hdds to VolumeSet
2019-07-13 20:36:41,007 INFO  volume.ThrottledAsyncChecker (ThrottledAsyncChecker.java:schedule(140)) - Scheduling a check for org.apache.hadoop.ozone.container.common.volume.HddsVolume@5a183fa6
2019-07-13 20:36:41,007 INFO  volume.HddsVolumeChecker (HddsVolumeChecker.java:checkAllVolumes(203)) - Scheduled health check for volume org.apache.hadoop.ozone.container.common.volume.HddsVolume@5a183fa6
2019-07-13 20:36:41,020 INFO  impl.RaftServerProxy (ConfUtils.java:logGet(43)) - raft.rpc.type = GRPC (default)
2019-07-13 20:36:41,020 INFO  grpc.GrpcFactory (GrpcFactory.java:checkPooledByteBufAllocatorUseCacheForAllThreads(45)) - PERFORMANCE WARNING: useCacheForAllThreads is true that may cause Netty to create a lot garbage objects and, as a result, trigger GC.
	It is recommended to disable useCacheForAllThreads by setting -Dorg.apache.ratis.thirdparty.io.netty.allocator.useCacheForAllThreads=false in command line.
2019-07-13 20:36:41,021 INFO  grpc.GrpcConfigKeys$Server (ConfUtils.java:logGet(43)) - raft.grpc.server.port = 0 (default)
2019-07-13 20:36:41,021 INFO  server.GrpcService (ConfUtils.java:logGet(43)) - raft.grpc.message.size.max = 33570816 (custom)
2019-07-13 20:36:41,021 INFO  server.RaftServerConfigKeys (ConfUtils.java:logGet(43)) - raft.server.log.appender.buffer.byte-limit = 33554432 (custom)
2019-07-13 20:36:41,021 INFO  server.GrpcService (ConfUtils.java:logGet(43)) - raft.grpc.flow.control.window = 1MB (=1048576) (default)
2019-07-13 20:36:41,021 INFO  server.RaftServerConfigKeys (ConfUtils.java:logGet(43)) - raft.server.rpc.request.timeout = 3000ms (default)
2019-07-13 20:36:41,022 INFO  server.RaftServerConfigKeys (ConfUtils.java:logGet(43)) - raft.server.storage.dir = [/tmp/workdir/hadoop-ozone/integration-test/target/test-dir/MiniOzoneClusterImpl-16e5dc73-174f-42e0-b18c-cc1c204265a8/datanode-0/data/ratis] (custom)
2019-07-13 20:36:41,022 INFO  replication.SimpleContainerDownloader (SimpleContainerDownloader.java:<init>(72)) - Starting container downloader service to copy containers to replicate.
2019-07-13 20:36:41,023 INFO  hdfs.DFSUtil (DFSUtil.java:httpServerTemplateForNNAndJN(1641)) - Starting Web-server for hddsDatanode at: http://0.0.0.0:0
2019-07-13 20:36:41,024 INFO  server.AuthenticationFilter (AuthenticationFilter.java:constructSecretProvider(240)) - Unable to initialize FileSignerSecretProvider, falling back to use random secrets.
2019-07-13 20:36:41,025 WARN  http.HttpRequestLog (HttpRequestLog.java:getRequestLog(97)) - Jetty request log can only be enabled using Log4j
2019-07-13 20:36:41,026 INFO  http.HttpServer2 (HttpServer2.java:addGlobalFilter(975)) - Added global filter 'safety' (class=org.apache.hadoop.http.HttpServer2$QuotingInputFilter)
2019-07-13 20:36:41,026 INFO  http.HttpServer2 (HttpServer2.java:addFilter(948)) - Added filter static_user_filter (class=org.apache.hadoop.http.lib.StaticUserWebFilter$StaticUserFilter) to context hddsDatanode
2019-07-13 20:36:41,026 INFO  http.HttpServer2 (HttpServer2.java:addFilter(958)) - Added filter static_user_filter (class=org.apache.hadoop.http.lib.StaticUserWebFilter$StaticUserFilter) to context static
2019-07-13 20:36:41,027 INFO  http.HttpServer2 (HttpServer2.java:addFilter(958)) - Added filter static_user_filter (class=org.apache.hadoop.http.lib.StaticUserWebFilter$StaticUserFilter) to context logs
2019-07-13 20:36:41,027 INFO  http.HttpServer2 (HttpServer2.java:bindListener(1191)) - Jetty bound to port 40185
2019-07-13 20:36:41,027 INFO  server.Server (Server.java:doStart(351)) - jetty-9.3.24.v20180605, build timestamp: 2018-06-05T17:11:56Z, git hash: 84205aa28f11a4f31f2a3b86d1bba2cc8ab69827
2019-07-13 20:36:41,029 INFO  handler.ContextHandler (ContextHandler.java:doStart(781)) - Started o.e.j.s.ServletContextHandler@113a89c5{/logs,file:///tmp/workdir/hadoop-ozone/integration-test/target/log,AVAILABLE}
2019-07-13 20:36:41,029 INFO  handler.ContextHandler (ContextHandler.java:doStart(781)) - Started o.e.j.s.ServletContextHandler@3a0f5141{/static,jar:file:/home/user/.m2/repository/org/apache/hadoop/hadoop-hdds-container-service/0.5.0-SNAPSHOT/hadoop-hdds-container-service-0.5.0-SNAPSHOT.jar!/webapps/static,AVAILABLE}
2019-07-13 20:36:41,056 INFO  handler.ContextHandler (ContextHandler.java:doStart(781)) - Started o.e.j.w.WebAppContext@7cd2d3b6{/,file:///tmp/jetty-0.0.0.0-40185-hddsDatanode-_-any-6281498264215866925.dir/webapp/,AVAILABLE}{/hddsDatanode}
2019-07-13 20:36:41,056 INFO  server.AbstractConnector (AbstractConnector.java:doStart(278)) - Started ServerConnector@7f922523{HTTP/1.1,[http/1.1]}{0.0.0.0:40185}
2019-07-13 20:36:41,056 INFO  server.Server (Server.java:doStart(419)) - Started @592820ms
2019-07-13 20:36:41,058 INFO  server.BaseHttpServer (BaseHttpServer.java:updateConnectorAddress(207)) - HTTP server of HDDSDATANODE is listening at http://0.0.0.0:40185
2019-07-13 20:36:41,160 INFO  ozone.HddsDatanodeService (HddsDatanodeService.java:startPlugins(396)) - Started plug-in org.apache.hadoop.ozone.web.OzoneHddsDatanodeService@193710c3
2019-07-13 20:36:41,161 INFO  impl.MetricsSystemImpl (MetricsSystemImpl.java:init(158)) - HddsDatanode metrics system started (again)
2019-07-13 20:36:41,162 INFO  ozone.HddsDatanodeService (HddsDatanodeService.java:start(185)) - HddsDatanodeService host:trunk-nightly-6qp7m-2461138711 ip:192.168.5.168
2019-07-13 20:36:41,164 INFO  util.JvmPauseMonitor (JvmPauseMonitor.java:run(188)) - Starting JVM pause monitor
2019-07-13 20:36:41,165 INFO  datanode.InitDatanodeState (InitDatanodeState.java:persistContainerDatanodeDetails(140)) - DatanodeDetails is persisted to /tmp/workdir/hadoop-ozone/integration-test/target/test-dir/MiniOzoneClusterImpl-16e5dc73-174f-42e0-b18c-cc1c204265a8/datanode-0/meta/datanode.id
2019-07-13 20:36:41,173 INFO  volume.HddsVolume (HddsVolume.java:<init>(176)) - Creating Volume: /tmp/workdir/hadoop-ozone/integration-test/target/test-dir/MiniOzoneClusterImpl-16e5dc73-174f-42e0-b18c-cc1c204265a8/datanode-1/data/containers/hdds of  storage type : DISK and capacity : 52710309888
2019-07-13 20:36:41,173 INFO  volume.VolumeSet (VolumeSet.java:initializeVolumeSet(170)) - Added Volume : /tmp/workdir/hadoop-ozone/integration-test/target/test-dir/MiniOzoneClusterImpl-16e5dc73-174f-42e0-b18c-cc1c204265a8/datanode-1/data/containers/hdds to VolumeSet
2019-07-13 20:36:41,173 INFO  volume.ThrottledAsyncChecker (ThrottledAsyncChecker.java:schedule(140)) - Scheduling a check for org.apache.hadoop.ozone.container.common.volume.HddsVolume@5013c6bc
2019-07-13 20:36:41,174 INFO  volume.HddsVolumeChecker (HddsVolumeChecker.java:checkAllVolumes(203)) - Scheduled health check for volume org.apache.hadoop.ozone.container.common.volume.HddsVolume@5013c6bc
2019-07-13 20:36:41,187 INFO  impl.RaftServerProxy (ConfUtils.java:logGet(43)) - raft.rpc.type = GRPC (default)
2019-07-13 20:36:41,187 INFO  grpc.GrpcFactory (GrpcFactory.java:checkPooledByteBufAllocatorUseCacheForAllThreads(45)) - PERFORMANCE WARNING: useCacheForAllThreads is true that may cause Netty to create a lot garbage objects and, as a result, trigger GC.
	It is recommended to disable useCacheForAllThreads by setting -Dorg.apache.ratis.thirdparty.io.netty.allocator.useCacheForAllThreads=false in command line.
2019-07-13 20:36:41,188 INFO  grpc.GrpcConfigKeys$Server (ConfUtils.java:logGet(43)) - raft.grpc.server.port = 0 (default)
2019-07-13 20:36:41,188 INFO  server.GrpcService (ConfUtils.java:logGet(43)) - raft.grpc.message.size.max = 33570816 (custom)
2019-07-13 20:36:41,188 INFO  server.RaftServerConfigKeys (ConfUtils.java:logGet(43)) - raft.server.log.appender.buffer.byte-limit = 33554432 (custom)
2019-07-13 20:36:41,188 INFO  server.GrpcService (ConfUtils.java:logGet(43)) - raft.grpc.flow.control.window = 1MB (=1048576) (default)
2019-07-13 20:36:41,188 INFO  server.RaftServerConfigKeys (ConfUtils.java:logGet(43)) - raft.server.rpc.request.timeout = 3000ms (default)
2019-07-13 20:36:41,189 INFO  server.RaftServerConfigKeys (ConfUtils.java:logGet(43)) - raft.server.storage.dir = [/tmp/workdir/hadoop-ozone/integration-test/target/test-dir/MiniOzoneClusterImpl-16e5dc73-174f-42e0-b18c-cc1c204265a8/datanode-1/data/ratis] (custom)
2019-07-13 20:36:41,189 INFO  replication.SimpleContainerDownloader (SimpleContainerDownloader.java:<init>(72)) - Starting container downloader service to copy containers to replicate.
2019-07-13 20:36:41,190 INFO  hdfs.DFSUtil (DFSUtil.java:httpServerTemplateForNNAndJN(1641)) - Starting Web-server for hddsDatanode at: http://0.0.0.0:0
2019-07-13 20:36:41,191 INFO  server.AuthenticationFilter (AuthenticationFilter.java:constructSecretProvider(240)) - Unable to initialize FileSignerSecretProvider, falling back to use random secrets.
2019-07-13 20:36:41,191 WARN  http.HttpRequestLog (HttpRequestLog.java:getRequestLog(97)) - Jetty request log can only be enabled using Log4j
2019-07-13 20:36:41,192 INFO  http.HttpServer2 (HttpServer2.java:addGlobalFilter(975)) - Added global filter 'safety' (class=org.apache.hadoop.http.HttpServer2$QuotingInputFilter)
2019-07-13 20:36:41,193 INFO  http.HttpServer2 (HttpServer2.java:addFilter(948)) - Added filter static_user_filter (class=org.apache.hadoop.http.lib.StaticUserWebFilter$StaticUserFilter) to context hddsDatanode
2019-07-13 20:36:41,193 INFO  http.HttpServer2 (HttpServer2.java:addFilter(958)) - Added filter static_user_filter (class=org.apache.hadoop.http.lib.StaticUserWebFilter$StaticUserFilter) to context static
2019-07-13 20:36:41,193 INFO  http.HttpServer2 (HttpServer2.java:addFilter(958)) - Added filter static_user_filter (class=org.apache.hadoop.http.lib.StaticUserWebFilter$StaticUserFilter) to context logs
2019-07-13 20:36:41,193 INFO  http.HttpServer2 (HttpServer2.java:bindListener(1191)) - Jetty bound to port 38261
2019-07-13 20:36:41,194 INFO  server.Server (Server.java:doStart(351)) - jetty-9.3.24.v20180605, build timestamp: 2018-06-05T17:11:56Z, git hash: 84205aa28f11a4f31f2a3b86d1bba2cc8ab69827
2019-07-13 20:36:41,195 INFO  handler.ContextHandler (ContextHandler.java:doStart(781)) - Started o.e.j.s.ServletContextHandler@1071f3ad{/logs,file:///tmp/workdir/hadoop-ozone/integration-test/target/log,AVAILABLE}
2019-07-13 20:36:41,195 INFO  handler.ContextHandler (ContextHandler.java:doStart(781)) - Started o.e.j.s.ServletContextHandler@9bd477c{/static,jar:file:/home/user/.m2/repository/org/apache/hadoop/hadoop-hdds-container-service/0.5.0-SNAPSHOT/hadoop-hdds-container-service-0.5.0-SNAPSHOT.jar!/webapps/static,AVAILABLE}
2019-07-13 20:36:41,222 INFO  handler.ContextHandler (ContextHandler.java:doStart(781)) - Started o.e.j.w.WebAppContext@1abf38d1{/,file:///tmp/jetty-0.0.0.0-38261-hddsDatanode-_-any-4512163859075315992.dir/webapp/,AVAILABLE}{/hddsDatanode}
2019-07-13 20:36:41,223 INFO  server.AbstractConnector (AbstractConnector.java:doStart(278)) - Started ServerConnector@1d3bf0af{HTTP/1.1,[http/1.1]}{0.0.0.0:38261}
2019-07-13 20:36:41,223 INFO  server.Server (Server.java:doStart(419)) - Started @592987ms
2019-07-13 20:36:41,224 INFO  server.BaseHttpServer (BaseHttpServer.java:updateConnectorAddress(207)) - HTTP server of HDDSDATANODE is listening at http://0.0.0.0:38261
2019-07-13 20:36:41,328 INFO  ozone.HddsDatanodeService (HddsDatanodeService.java:startPlugins(396)) - Started plug-in org.apache.hadoop.ozone.web.OzoneHddsDatanodeService@7843b65e
2019-07-13 20:36:41,328 INFO  impl.MetricsSystemImpl (MetricsSystemImpl.java:init(158)) - HddsDatanode metrics system started (again)
2019-07-13 20:36:41,330 INFO  ozone.HddsDatanodeService (HddsDatanodeService.java:start(185)) - HddsDatanodeService host:trunk-nightly-6qp7m-2461138711 ip:192.168.5.168
2019-07-13 20:36:41,332 INFO  util.JvmPauseMonitor (JvmPauseMonitor.java:run(188)) - Starting JVM pause monitor
2019-07-13 20:36:41,333 INFO  datanode.InitDatanodeState (InitDatanodeState.java:persistContainerDatanodeDetails(140)) - DatanodeDetails is persisted to /tmp/workdir/hadoop-ozone/integration-test/target/test-dir/MiniOzoneClusterImpl-16e5dc73-174f-42e0-b18c-cc1c204265a8/datanode-1/meta/datanode.id
2019-07-13 20:36:41,340 INFO  volume.HddsVolume (HddsVolume.java:<init>(176)) - Creating Volume: /tmp/workdir/hadoop-ozone/integration-test/target/test-dir/MiniOzoneClusterImpl-16e5dc73-174f-42e0-b18c-cc1c204265a8/datanode-2/data/containers/hdds of  storage type : DISK and capacity : 52710309888
2019-07-13 20:36:41,340 INFO  volume.VolumeSet (VolumeSet.java:initializeVolumeSet(170)) - Added Volume : /tmp/workdir/hadoop-ozone/integration-test/target/test-dir/MiniOzoneClusterImpl-16e5dc73-174f-42e0-b18c-cc1c204265a8/datanode-2/data/containers/hdds to VolumeSet
2019-07-13 20:36:41,341 INFO  volume.ThrottledAsyncChecker (ThrottledAsyncChecker.java:schedule(140)) - Scheduling a check for org.apache.hadoop.ozone.container.common.volume.HddsVolume@6f404bc6
2019-07-13 20:36:41,341 INFO  volume.HddsVolumeChecker (HddsVolumeChecker.java:checkAllVolumes(203)) - Scheduled health check for volume org.apache.hadoop.ozone.container.common.volume.HddsVolume@6f404bc6
2019-07-13 20:36:41,354 INFO  impl.RaftServerProxy (ConfUtils.java:logGet(43)) - raft.rpc.type = GRPC (default)
2019-07-13 20:36:41,354 INFO  grpc.GrpcFactory (GrpcFactory.java:checkPooledByteBufAllocatorUseCacheForAllThreads(45)) - PERFORMANCE WARNING: useCacheForAllThreads is true that may cause Netty to create a lot garbage objects and, as a result, trigger GC.
	It is recommended to disable useCacheForAllThreads by setting -Dorg.apache.ratis.thirdparty.io.netty.allocator.useCacheForAllThreads=false in command line.
2019-07-13 20:36:41,354 INFO  grpc.GrpcConfigKeys$Server (ConfUtils.java:logGet(43)) - raft.grpc.server.port = 0 (default)
2019-07-13 20:36:41,354 INFO  server.GrpcService (ConfUtils.java:logGet(43)) - raft.grpc.message.size.max = 33570816 (custom)
2019-07-13 20:36:41,355 INFO  server.RaftServerConfigKeys (ConfUtils.java:logGet(43)) - raft.server.log.appender.buffer.byte-limit = 33554432 (custom)
2019-07-13 20:36:41,355 INFO  server.GrpcService (ConfUtils.java:logGet(43)) - raft.grpc.flow.control.window = 1MB (=1048576) (default)
2019-07-13 20:36:41,355 INFO  server.RaftServerConfigKeys (ConfUtils.java:logGet(43)) - raft.server.rpc.request.timeout = 3000ms (default)
2019-07-13 20:36:41,355 INFO  server.RaftServerConfigKeys (ConfUtils.java:logGet(43)) - raft.server.storage.dir = [/tmp/workdir/hadoop-ozone/integration-test/target/test-dir/MiniOzoneClusterImpl-16e5dc73-174f-42e0-b18c-cc1c204265a8/datanode-2/data/ratis] (custom)
2019-07-13 20:36:41,356 INFO  replication.SimpleContainerDownloader (SimpleContainerDownloader.java:<init>(72)) - Starting container downloader service to copy containers to replicate.
2019-07-13 20:36:41,358 INFO  hdfs.DFSUtil (DFSUtil.java:httpServerTemplateForNNAndJN(1641)) - Starting Web-server for hddsDatanode at: http://0.0.0.0:0
2019-07-13 20:36:41,359 INFO  server.AuthenticationFilter (AuthenticationFilter.java:constructSecretProvider(240)) - Unable to initialize FileSignerSecretProvider, falling back to use random secrets.
2019-07-13 20:36:41,360 WARN  http.HttpRequestLog (HttpRequestLog.java:getRequestLog(97)) - Jetty request log can only be enabled using Log4j
2019-07-13 20:36:41,361 INFO  http.HttpServer2 (HttpServer2.java:addGlobalFilter(975)) - Added global filter 'safety' (class=org.apache.hadoop.http.HttpServer2$QuotingInputFilter)
2019-07-13 20:36:41,361 INFO  http.HttpServer2 (HttpServer2.java:addFilter(948)) - Added filter static_user_filter (class=org.apache.hadoop.http.lib.StaticUserWebFilter$StaticUserFilter) to context hddsDatanode
2019-07-13 20:36:41,361 INFO  http.HttpServer2 (HttpServer2.java:addFilter(958)) - Added filter static_user_filter (class=org.apache.hadoop.http.lib.StaticUserWebFilter$StaticUserFilter) to context static
2019-07-13 20:36:41,361 INFO  http.HttpServer2 (HttpServer2.java:addFilter(958)) - Added filter static_user_filter (class=org.apache.hadoop.http.lib.StaticUserWebFilter$StaticUserFilter) to context logs
2019-07-13 20:36:41,362 INFO  http.HttpServer2 (HttpServer2.java:bindListener(1191)) - Jetty bound to port 43867
2019-07-13 20:36:41,362 INFO  server.Server (Server.java:doStart(351)) - jetty-9.3.24.v20180605, build timestamp: 2018-06-05T17:11:56Z, git hash: 84205aa28f11a4f31f2a3b86d1bba2cc8ab69827
2019-07-13 20:36:41,364 INFO  handler.ContextHandler (ContextHandler.java:doStart(781)) - Started o.e.j.s.ServletContextHandler@3993cecb{/logs,file:///tmp/workdir/hadoop-ozone/integration-test/target/log,AVAILABLE}
2019-07-13 20:36:41,364 INFO  handler.ContextHandler (ContextHandler.java:doStart(781)) - Started o.e.j.s.ServletContextHandler@731bdcca{/static,jar:file:/home/user/.m2/repository/org/apache/hadoop/hadoop-hdds-container-service/0.5.0-SNAPSHOT/hadoop-hdds-container-service-0.5.0-SNAPSHOT.jar!/webapps/static,AVAILABLE}
2019-07-13 20:36:41,396 INFO  handler.ContextHandler (ContextHandler.java:doStart(781)) - Started o.e.j.w.WebAppContext@5e7fc012{/,file:///tmp/jetty-0.0.0.0-43867-hddsDatanode-_-any-1671038412594781052.dir/webapp/,AVAILABLE}{/hddsDatanode}
2019-07-13 20:36:41,396 INFO  server.AbstractConnector (AbstractConnector.java:doStart(278)) - Started ServerConnector@63e0c744{HTTP/1.1,[http/1.1]}{0.0.0.0:43867}
2019-07-13 20:36:41,396 INFO  server.Server (Server.java:doStart(419)) - Started @593160ms
2019-07-13 20:36:41,398 INFO  server.BaseHttpServer (BaseHttpServer.java:updateConnectorAddress(207)) - HTTP server of HDDSDATANODE is listening at http://0.0.0.0:43867
2019-07-13 20:36:41,590 INFO  ozone.HddsDatanodeService (HddsDatanodeService.java:startPlugins(396)) - Started plug-in org.apache.hadoop.ozone.web.OzoneHddsDatanodeService@6d21a69f
2019-07-13 20:36:41,592 INFO  impl.MetricsSystemImpl (MetricsSystemImpl.java:init(158)) - HddsDatanode metrics system started (again)
2019-07-13 20:36:41,594 INFO  ozone.HddsDatanodeService (HddsDatanodeService.java:start(185)) - HddsDatanodeService host:trunk-nightly-6qp7m-2461138711 ip:192.168.5.168
2019-07-13 20:36:41,599 INFO  util.JvmPauseMonitor (JvmPauseMonitor.java:run(188)) - Starting JVM pause monitor
2019-07-13 20:36:41,602 INFO  datanode.InitDatanodeState (InitDatanodeState.java:persistContainerDatanodeDetails(140)) - DatanodeDetails is persisted to /tmp/workdir/hadoop-ozone/integration-test/target/test-dir/MiniOzoneClusterImpl-16e5dc73-174f-42e0-b18c-cc1c204265a8/datanode-2/meta/datanode.id
2019-07-13 20:36:41,611 INFO  volume.HddsVolume (HddsVolume.java:<init>(176)) - Creating Volume: /tmp/workdir/hadoop-ozone/integration-test/target/test-dir/MiniOzoneClusterImpl-16e5dc73-174f-42e0-b18c-cc1c204265a8/datanode-3/data/containers/hdds of  storage type : DISK and capacity : 52710309888
2019-07-13 20:36:41,611 INFO  volume.VolumeSet (VolumeSet.java:initializeVolumeSet(170)) - Added Volume : /tmp/workdir/hadoop-ozone/integration-test/target/test-dir/MiniOzoneClusterImpl-16e5dc73-174f-42e0-b18c-cc1c204265a8/datanode-3/data/containers/hdds to VolumeSet
2019-07-13 20:36:41,611 INFO  volume.ThrottledAsyncChecker (ThrottledAsyncChecker.java:schedule(140)) - Scheduling a check for org.apache.hadoop.ozone.container.common.volume.HddsVolume@52b2c255
2019-07-13 20:36:41,612 INFO  volume.HddsVolumeChecker (HddsVolumeChecker.java:checkAllVolumes(203)) - Scheduled health check for volume org.apache.hadoop.ozone.container.common.volume.HddsVolume@52b2c255
2019-07-13 20:36:41,628 INFO  impl.RaftServerProxy (ConfUtils.java:logGet(43)) - raft.rpc.type = GRPC (default)
2019-07-13 20:36:41,628 INFO  grpc.GrpcFactory (GrpcFactory.java:checkPooledByteBufAllocatorUseCacheForAllThreads(45)) - PERFORMANCE WARNING: useCacheForAllThreads is true that may cause Netty to create a lot garbage objects and, as a result, trigger GC.
	It is recommended to disable useCacheForAllThreads by setting -Dorg.apache.ratis.thirdparty.io.netty.allocator.useCacheForAllThreads=false in command line.
2019-07-13 20:36:41,628 INFO  grpc.GrpcConfigKeys$Server (ConfUtils.java:logGet(43)) - raft.grpc.server.port = 0 (default)
2019-07-13 20:36:41,628 INFO  server.GrpcService (ConfUtils.java:logGet(43)) - raft.grpc.message.size.max = 33570816 (custom)
2019-07-13 20:36:41,629 INFO  server.RaftServerConfigKeys (ConfUtils.java:logGet(43)) - raft.server.log.appender.buffer.byte-limit = 33554432 (custom)
2019-07-13 20:36:41,629 INFO  server.GrpcService (ConfUtils.java:logGet(43)) - raft.grpc.flow.control.window = 1MB (=1048576) (default)
2019-07-13 20:36:41,629 INFO  server.RaftServerConfigKeys (ConfUtils.java:logGet(43)) - raft.server.rpc.request.timeout = 3000ms (default)
2019-07-13 20:36:41,630 INFO  server.RaftServerConfigKeys (ConfUtils.java:logGet(43)) - raft.server.storage.dir = [/tmp/workdir/hadoop-ozone/integration-test/target/test-dir/MiniOzoneClusterImpl-16e5dc73-174f-42e0-b18c-cc1c204265a8/datanode-3/data/ratis] (custom)
2019-07-13 20:36:41,630 INFO  replication.SimpleContainerDownloader (SimpleContainerDownloader.java:<init>(72)) - Starting container downloader service to copy containers to replicate.
2019-07-13 20:36:41,631 INFO  hdfs.DFSUtil (DFSUtil.java:httpServerTemplateForNNAndJN(1641)) - Starting Web-server for hddsDatanode at: http://0.0.0.0:0
2019-07-13 20:36:41,632 INFO  server.AuthenticationFilter (AuthenticationFilter.java:constructSecretProvider(240)) - Unable to initialize FileSignerSecretProvider, falling back to use random secrets.
2019-07-13 20:36:41,633 WARN  http.HttpRequestLog (HttpRequestLog.java:getRequestLog(97)) - Jetty request log can only be enabled using Log4j
2019-07-13 20:36:41,634 INFO  http.HttpServer2 (HttpServer2.java:addGlobalFilter(975)) - Added global filter 'safety' (class=org.apache.hadoop.http.HttpServer2$QuotingInputFilter)
2019-07-13 20:36:41,635 INFO  http.HttpServer2 (HttpServer2.java:addFilter(948)) - Added filter static_user_filter (class=org.apache.hadoop.http.lib.StaticUserWebFilter$StaticUserFilter) to context hddsDatanode
2019-07-13 20:36:41,635 INFO  http.HttpServer2 (HttpServer2.java:addFilter(958)) - Added filter static_user_filter (class=org.apache.hadoop.http.lib.StaticUserWebFilter$StaticUserFilter) to context logs
2019-07-13 20:36:41,635 INFO  http.HttpServer2 (HttpServer2.java:addFilter(958)) - Added filter static_user_filter (class=org.apache.hadoop.http.lib.StaticUserWebFilter$StaticUserFilter) to context static
2019-07-13 20:36:41,636 INFO  http.HttpServer2 (HttpServer2.java:bindListener(1191)) - Jetty bound to port 44625
2019-07-13 20:36:41,636 INFO  server.Server (Server.java:doStart(351)) - jetty-9.3.24.v20180605, build timestamp: 2018-06-05T17:11:56Z, git hash: 84205aa28f11a4f31f2a3b86d1bba2cc8ab69827
2019-07-13 20:36:41,637 INFO  handler.ContextHandler (ContextHandler.java:doStart(781)) - Started o.e.j.s.ServletContextHandler@64b242b3{/logs,file:///tmp/workdir/hadoop-ozone/integration-test/target/log,AVAILABLE}
2019-07-13 20:36:41,638 INFO  handler.ContextHandler (ContextHandler.java:doStart(781)) - Started o.e.j.s.ServletContextHandler@2250deae{/static,jar:file:/home/user/.m2/repository/org/apache/hadoop/hadoop-hdds-container-service/0.5.0-SNAPSHOT/hadoop-hdds-container-service-0.5.0-SNAPSHOT.jar!/webapps/static,AVAILABLE}
2019-07-13 20:36:41,669 INFO  handler.ContextHandler (ContextHandler.java:doStart(781)) - Started o.e.j.w.WebAppContext@7712c315{/,file:///tmp/jetty-0.0.0.0-44625-hddsDatanode-_-any-8477926694765848428.dir/webapp/,AVAILABLE}{/hddsDatanode}
2019-07-13 20:36:41,669 INFO  server.AbstractConnector (AbstractConnector.java:doStart(278)) - Started ServerConnector@5a9a187b{HTTP/1.1,[http/1.1]}{0.0.0.0:44625}
2019-07-13 20:36:41,669 INFO  server.Server (Server.java:doStart(419)) - Started @593433ms
2019-07-13 20:36:41,671 INFO  server.BaseHttpServer (BaseHttpServer.java:updateConnectorAddress(207)) - HTTP server of HDDSDATANODE is listening at http://0.0.0.0:44625
2019-07-13 20:36:41,772 INFO  ozone.HddsDatanodeService (HddsDatanodeService.java:startPlugins(396)) - Started plug-in org.apache.hadoop.ozone.web.OzoneHddsDatanodeService@17d606c9
2019-07-13 20:36:41,773 INFO  impl.MetricsSystemImpl (MetricsSystemImpl.java:init(158)) - HddsDatanode metrics system started (again)
2019-07-13 20:36:41,774 INFO  ozone.HddsDatanodeService (HddsDatanodeService.java:start(185)) - HddsDatanodeService host:trunk-nightly-6qp7m-2461138711 ip:192.168.5.168
2019-07-13 20:36:41,775 INFO  util.JvmPauseMonitor (JvmPauseMonitor.java:run(188)) - Starting JVM pause monitor
2019-07-13 20:36:41,776 INFO  datanode.InitDatanodeState (InitDatanodeState.java:persistContainerDatanodeDetails(140)) - DatanodeDetails is persisted to /tmp/workdir/hadoop-ozone/integration-test/target/test-dir/MiniOzoneClusterImpl-16e5dc73-174f-42e0-b18c-cc1c204265a8/datanode-3/meta/datanode.id
2019-07-13 20:36:41,784 INFO  volume.HddsVolume (HddsVolume.java:<init>(176)) - Creating Volume: /tmp/workdir/hadoop-ozone/integration-test/target/test-dir/MiniOzoneClusterImpl-16e5dc73-174f-42e0-b18c-cc1c204265a8/datanode-4/data/containers/hdds of  storage type : DISK and capacity : 52710309888
2019-07-13 20:36:41,785 INFO  volume.VolumeSet (VolumeSet.java:initializeVolumeSet(170)) - Added Volume : /tmp/workdir/hadoop-ozone/integration-test/target/test-dir/MiniOzoneClusterImpl-16e5dc73-174f-42e0-b18c-cc1c204265a8/datanode-4/data/containers/hdds to VolumeSet
2019-07-13 20:36:41,785 INFO  volume.ThrottledAsyncChecker (ThrottledAsyncChecker.java:schedule(140)) - Scheduling a check for org.apache.hadoop.ozone.container.common.volume.HddsVolume@741f8cf
2019-07-13 20:36:41,785 INFO  volume.HddsVolumeChecker (HddsVolumeChecker.java:checkAllVolumes(203)) - Scheduled health check for volume org.apache.hadoop.ozone.container.common.volume.HddsVolume@741f8cf
2019-07-13 20:36:41,798 INFO  impl.RaftServerProxy (ConfUtils.java:logGet(43)) - raft.rpc.type = GRPC (default)
2019-07-13 20:36:41,799 INFO  grpc.GrpcFactory (GrpcFactory.java:checkPooledByteBufAllocatorUseCacheForAllThreads(45)) - PERFORMANCE WARNING: useCacheForAllThreads is true that may cause Netty to create a lot garbage objects and, as a result, trigger GC.
	It is recommended to disable useCacheForAllThreads by setting -Dorg.apache.ratis.thirdparty.io.netty.allocator.useCacheForAllThreads=false in command line.
2019-07-13 20:36:41,799 INFO  grpc.GrpcConfigKeys$Server (ConfUtils.java:logGet(43)) - raft.grpc.server.port = 0 (default)
2019-07-13 20:36:41,799 INFO  server.GrpcService (ConfUtils.java:logGet(43)) - raft.grpc.message.size.max = 33570816 (custom)
2019-07-13 20:36:41,799 INFO  server.RaftServerConfigKeys (ConfUtils.java:logGet(43)) - raft.server.log.appender.buffer.byte-limit = 33554432 (custom)
2019-07-13 20:36:41,799 INFO  server.GrpcService (ConfUtils.java:logGet(43)) - raft.grpc.flow.control.window = 1MB (=1048576) (default)
2019-07-13 20:36:41,799 INFO  server.RaftServerConfigKeys (ConfUtils.java:logGet(43)) - raft.server.rpc.request.timeout = 3000ms (default)
2019-07-13 20:36:41,800 INFO  server.RaftServerConfigKeys (ConfUtils.java:logGet(43)) - raft.server.storage.dir = [/tmp/workdir/hadoop-ozone/integration-test/target/test-dir/MiniOzoneClusterImpl-16e5dc73-174f-42e0-b18c-cc1c204265a8/datanode-4/data/ratis] (custom)
2019-07-13 20:36:41,800 INFO  replication.SimpleContainerDownloader (SimpleContainerDownloader.java:<init>(72)) - Starting container downloader service to copy containers to replicate.
2019-07-13 20:36:41,801 INFO  hdfs.DFSUtil (DFSUtil.java:httpServerTemplateForNNAndJN(1641)) - Starting Web-server for hddsDatanode at: http://0.0.0.0:0
2019-07-13 20:36:41,802 INFO  server.AuthenticationFilter (AuthenticationFilter.java:constructSecretProvider(240)) - Unable to initialize FileSignerSecretProvider, falling back to use random secrets.
2019-07-13 20:36:41,803 WARN  http.HttpRequestLog (HttpRequestLog.java:getRequestLog(97)) - Jetty request log can only be enabled using Log4j
2019-07-13 20:36:41,804 INFO  http.HttpServer2 (HttpServer2.java:addGlobalFilter(975)) - Added global filter 'safety' (class=org.apache.hadoop.http.HttpServer2$QuotingInputFilter)
2019-07-13 20:36:41,804 INFO  http.HttpServer2 (HttpServer2.java:addFilter(948)) - Added filter static_user_filter (class=org.apache.hadoop.http.lib.StaticUserWebFilter$StaticUserFilter) to context hddsDatanode
2019-07-13 20:36:41,804 INFO  http.HttpServer2 (HttpServer2.java:addFilter(958)) - Added filter static_user_filter (class=org.apache.hadoop.http.lib.StaticUserWebFilter$StaticUserFilter) to context logs
2019-07-13 20:36:41,804 INFO  http.HttpServer2 (HttpServer2.java:addFilter(958)) - Added filter static_user_filter (class=org.apache.hadoop.http.lib.StaticUserWebFilter$StaticUserFilter) to context static
2019-07-13 20:36:41,805 INFO  http.HttpServer2 (HttpServer2.java:bindListener(1191)) - Jetty bound to port 42692
2019-07-13 20:36:41,805 INFO  server.Server (Server.java:doStart(351)) - jetty-9.3.24.v20180605, build timestamp: 2018-06-05T17:11:56Z, git hash: 84205aa28f11a4f31f2a3b86d1bba2cc8ab69827
2019-07-13 20:36:41,806 INFO  handler.ContextHandler (ContextHandler.java:doStart(781)) - Started o.e.j.s.ServletContextHandler@57e83608{/logs,file:///tmp/workdir/hadoop-ozone/integration-test/target/log,AVAILABLE}
2019-07-13 20:36:41,807 INFO  handler.ContextHandler (ContextHandler.java:doStart(781)) - Started o.e.j.s.ServletContextHandler@2f726cf4{/static,jar:file:/home/user/.m2/repository/org/apache/hadoop/hadoop-hdds-container-service/0.5.0-SNAPSHOT/hadoop-hdds-container-service-0.5.0-SNAPSHOT.jar!/webapps/static,AVAILABLE}
2019-07-13 20:36:41,833 INFO  handler.ContextHandler (ContextHandler.java:doStart(781)) - Started o.e.j.w.WebAppContext@d319d2c{/,file:///tmp/jetty-0.0.0.0-42692-hddsDatanode-_-any-982670780805309568.dir/webapp/,AVAILABLE}{/hddsDatanode}
2019-07-13 20:36:41,833 INFO  server.AbstractConnector (AbstractConnector.java:doStart(278)) - Started ServerConnector@23acd55e{HTTP/1.1,[http/1.1]}{0.0.0.0:42692}
2019-07-13 20:36:41,834 INFO  server.Server (Server.java:doStart(419)) - Started @593598ms
2019-07-13 20:36:41,835 INFO  server.BaseHttpServer (BaseHttpServer.java:updateConnectorAddress(207)) - HTTP server of HDDSDATANODE is listening at http://0.0.0.0:42692
2019-07-13 20:36:41,934 INFO  ozone.HddsDatanodeService (HddsDatanodeService.java:startPlugins(396)) - Started plug-in org.apache.hadoop.ozone.web.OzoneHddsDatanodeService@27e42fe8
2019-07-13 20:36:41,935 INFO  impl.MetricsSystemImpl (MetricsSystemImpl.java:init(158)) - HddsDatanode metrics system started (again)
2019-07-13 20:36:41,937 INFO  ozone.HddsDatanodeService (HddsDatanodeService.java:start(185)) - HddsDatanodeService host:trunk-nightly-6qp7m-2461138711 ip:192.168.5.168
2019-07-13 20:36:41,938 INFO  util.JvmPauseMonitor (JvmPauseMonitor.java:run(188)) - Starting JVM pause monitor
2019-07-13 20:36:41,940 INFO  datanode.InitDatanodeState (InitDatanodeState.java:persistContainerDatanodeDetails(140)) - DatanodeDetails is persisted to /tmp/workdir/hadoop-ozone/integration-test/target/test-dir/MiniOzoneClusterImpl-16e5dc73-174f-42e0-b18c-cc1c204265a8/datanode-4/meta/datanode.id
2019-07-13 20:36:41,949 INFO  volume.HddsVolume (HddsVolume.java:<init>(176)) - Creating Volume: /tmp/workdir/hadoop-ozone/integration-test/target/test-dir/MiniOzoneClusterImpl-16e5dc73-174f-42e0-b18c-cc1c204265a8/datanode-5/data/containers/hdds of  storage type : DISK and capacity : 52710309888
2019-07-13 20:36:41,949 INFO  volume.VolumeSet (VolumeSet.java:initializeVolumeSet(170)) - Added Volume : /tmp/workdir/hadoop-ozone/integration-test/target/test-dir/MiniOzoneClusterImpl-16e5dc73-174f-42e0-b18c-cc1c204265a8/datanode-5/data/containers/hdds to VolumeSet
2019-07-13 20:36:41,949 INFO  volume.ThrottledAsyncChecker (ThrottledAsyncChecker.java:schedule(140)) - Scheduling a check for org.apache.hadoop.ozone.container.common.volume.HddsVolume@7a9e44ff
2019-07-13 20:36:41,950 INFO  volume.HddsVolumeChecker (HddsVolumeChecker.java:checkAllVolumes(203)) - Scheduled health check for volume org.apache.hadoop.ozone.container.common.volume.HddsVolume@7a9e44ff
2019-07-13 20:36:41,964 INFO  impl.RaftServerProxy (ConfUtils.java:logGet(43)) - raft.rpc.type = GRPC (default)
2019-07-13 20:36:41,964 INFO  grpc.GrpcFactory (GrpcFactory.java:checkPooledByteBufAllocatorUseCacheForAllThreads(45)) - PERFORMANCE WARNING: useCacheForAllThreads is true that may cause Netty to create a lot garbage objects and, as a result, trigger GC.
	It is recommended to disable useCacheForAllThreads by setting -Dorg.apache.ratis.thirdparty.io.netty.allocator.useCacheForAllThreads=false in command line.
2019-07-13 20:36:41,964 INFO  grpc.GrpcConfigKeys$Server (ConfUtils.java:logGet(43)) - raft.grpc.server.port = 0 (default)
2019-07-13 20:36:41,964 INFO  server.GrpcService (ConfUtils.java:logGet(43)) - raft.grpc.message.size.max = 33570816 (custom)
2019-07-13 20:36:41,964 INFO  server.RaftServerConfigKeys (ConfUtils.java:logGet(43)) - raft.server.log.appender.buffer.byte-limit = 33554432 (custom)
2019-07-13 20:36:41,965 INFO  server.GrpcService (ConfUtils.java:logGet(43)) - raft.grpc.flow.control.window = 1MB (=1048576) (default)
2019-07-13 20:36:41,965 INFO  server.RaftServerConfigKeys (ConfUtils.java:logGet(43)) - raft.server.rpc.request.timeout = 3000ms (default)
2019-07-13 20:36:41,965 INFO  server.RaftServerConfigKeys (ConfUtils.java:logGet(43)) - raft.server.storage.dir = [/tmp/workdir/hadoop-ozone/integration-test/target/test-dir/MiniOzoneClusterImpl-16e5dc73-174f-42e0-b18c-cc1c204265a8/datanode-5/data/ratis] (custom)
2019-07-13 20:36:41,966 INFO  replication.SimpleContainerDownloader (SimpleContainerDownloader.java:<init>(72)) - Starting container downloader service to copy containers to replicate.
2019-07-13 20:36:41,967 INFO  hdfs.DFSUtil (DFSUtil.java:httpServerTemplateForNNAndJN(1641)) - Starting Web-server for hddsDatanode at: http://0.0.0.0:0
2019-07-13 20:36:41,968 INFO  server.AuthenticationFilter (AuthenticationFilter.java:constructSecretProvider(240)) - Unable to initialize FileSignerSecretProvider, falling back to use random secrets.
2019-07-13 20:36:41,968 WARN  http.HttpRequestLog (HttpRequestLog.java:getRequestLog(97)) - Jetty request log can only be enabled using Log4j
2019-07-13 20:36:41,969 INFO  http.HttpServer2 (HttpServer2.java:addGlobalFilter(975)) - Added global filter 'safety' (class=org.apache.hadoop.http.HttpServer2$QuotingInputFilter)
2019-07-13 20:36:41,969 INFO  http.HttpServer2 (HttpServer2.java:addFilter(948)) - Added filter static_user_filter (class=org.apache.hadoop.http.lib.StaticUserWebFilter$StaticUserFilter) to context hddsDatanode
2019-07-13 20:36:41,970 INFO  http.HttpServer2 (HttpServer2.java:addFilter(958)) - Added filter static_user_filter (class=org.apache.hadoop.http.lib.StaticUserWebFilter$StaticUserFilter) to context static
2019-07-13 20:36:41,970 INFO  http.HttpServer2 (HttpServer2.java:addFilter(958)) - Added filter static_user_filter (class=org.apache.hadoop.http.lib.StaticUserWebFilter$StaticUserFilter) to context logs
2019-07-13 20:36:41,970 INFO  http.HttpServer2 (HttpServer2.java:bindListener(1191)) - Jetty bound to port 43860
2019-07-13 20:36:41,970 INFO  server.Server (Server.java:doStart(351)) - jetty-9.3.24.v20180605, build timestamp: 2018-06-05T17:11:56Z, git hash: 84205aa28f11a4f31f2a3b86d1bba2cc8ab69827
2019-07-13 20:36:41,972 INFO  handler.ContextHandler (ContextHandler.java:doStart(781)) - Started o.e.j.s.ServletContextHandler@556a5e70{/logs,file:///tmp/workdir/hadoop-ozone/integration-test/target/log,AVAILABLE}
2019-07-13 20:36:41,972 INFO  handler.ContextHandler (ContextHandler.java:doStart(781)) - Started o.e.j.s.ServletContextHandler@296a350{/static,jar:file:/home/user/.m2/repository/org/apache/hadoop/hadoop-hdds-container-service/0.5.0-SNAPSHOT/hadoop-hdds-container-service-0.5.0-SNAPSHOT.jar!/webapps/static,AVAILABLE}
2019-07-13 20:36:41,998 INFO  handler.ContextHandler (ContextHandler.java:doStart(781)) - Started o.e.j.w.WebAppContext@48a32c4f{/,file:///tmp/jetty-0.0.0.0-43860-hddsDatanode-_-any-7184587361889640319.dir/webapp/,AVAILABLE}{/hddsDatanode}
2019-07-13 20:36:41,999 INFO  server.AbstractConnector (AbstractConnector.java:doStart(278)) - Started ServerConnector@25af2afe{HTTP/1.1,[http/1.1]}{0.0.0.0:43860}
2019-07-13 20:36:41,999 INFO  server.Server (Server.java:doStart(419)) - Started @593763ms
2019-07-13 20:36:42,001 INFO  server.BaseHttpServer (BaseHttpServer.java:updateConnectorAddress(207)) - HTTP server of HDDSDATANODE is listening at http://0.0.0.0:43860
2019-07-13 20:36:42,097 INFO  ozone.HddsDatanodeService (HddsDatanodeService.java:startPlugins(396)) - Started plug-in org.apache.hadoop.ozone.web.OzoneHddsDatanodeService@446dc997
2019-07-13 20:36:42,098 INFO  impl.MetricsSystemImpl (MetricsSystemImpl.java:init(158)) - HddsDatanode metrics system started (again)
2019-07-13 20:36:42,100 INFO  ozone.HddsDatanodeService (HddsDatanodeService.java:start(185)) - HddsDatanodeService host:trunk-nightly-6qp7m-2461138711 ip:192.168.5.168
2019-07-13 20:36:42,102 INFO  util.JvmPauseMonitor (JvmPauseMonitor.java:run(188)) - Starting JVM pause monitor
2019-07-13 20:36:42,103 INFO  datanode.InitDatanodeState (InitDatanodeState.java:persistContainerDatanodeDetails(140)) - DatanodeDetails is persisted to /tmp/workdir/hadoop-ozone/integration-test/target/test-dir/MiniOzoneClusterImpl-16e5dc73-174f-42e0-b18c-cc1c204265a8/datanode-5/meta/datanode.id
2019-07-13 20:36:42,112 INFO  volume.HddsVolume (HddsVolume.java:<init>(176)) - Creating Volume: /tmp/workdir/hadoop-ozone/integration-test/target/test-dir/MiniOzoneClusterImpl-16e5dc73-174f-42e0-b18c-cc1c204265a8/datanode-6/data/containers/hdds of  storage type : DISK and capacity : 52710309888
2019-07-13 20:36:42,112 INFO  volume.VolumeSet (VolumeSet.java:initializeVolumeSet(170)) - Added Volume : /tmp/workdir/hadoop-ozone/integration-test/target/test-dir/MiniOzoneClusterImpl-16e5dc73-174f-42e0-b18c-cc1c204265a8/datanode-6/data/containers/hdds to VolumeSet
2019-07-13 20:36:42,113 INFO  volume.ThrottledAsyncChecker (ThrottledAsyncChecker.java:schedule(140)) - Scheduling a check for org.apache.hadoop.ozone.container.common.volume.HddsVolume@4a29520e
2019-07-13 20:36:42,113 INFO  volume.HddsVolumeChecker (HddsVolumeChecker.java:checkAllVolumes(203)) - Scheduled health check for volume org.apache.hadoop.ozone.container.common.volume.HddsVolume@4a29520e
2019-07-13 20:36:42,133 INFO  impl.RaftServerProxy (ConfUtils.java:logGet(43)) - raft.rpc.type = GRPC (default)
2019-07-13 20:36:42,134 INFO  grpc.GrpcFactory (GrpcFactory.java:checkPooledByteBufAllocatorUseCacheForAllThreads(45)) - PERFORMANCE WARNING: useCacheForAllThreads is true that may cause Netty to create a lot garbage objects and, as a result, trigger GC.
	It is recommended to disable useCacheForAllThreads by setting -Dorg.apache.ratis.thirdparty.io.netty.allocator.useCacheForAllThreads=false in command line.
2019-07-13 20:36:42,134 INFO  grpc.GrpcConfigKeys$Server (ConfUtils.java:logGet(43)) - raft.grpc.server.port = 0 (default)
2019-07-13 20:36:42,134 INFO  server.GrpcService (ConfUtils.java:logGet(43)) - raft.grpc.message.size.max = 33570816 (custom)
2019-07-13 20:36:42,134 INFO  server.RaftServerConfigKeys (ConfUtils.java:logGet(43)) - raft.server.log.appender.buffer.byte-limit = 33554432 (custom)
2019-07-13 20:36:42,134 INFO  server.GrpcService (ConfUtils.java:logGet(43)) - raft.grpc.flow.control.window = 1MB (=1048576) (default)
2019-07-13 20:36:42,134 INFO  server.RaftServerConfigKeys (ConfUtils.java:logGet(43)) - raft.server.rpc.request.timeout = 3000ms (default)
2019-07-13 20:36:42,135 INFO  server.RaftServerConfigKeys (ConfUtils.java:logGet(43)) - raft.server.storage.dir = [/tmp/workdir/hadoop-ozone/integration-test/target/test-dir/MiniOzoneClusterImpl-16e5dc73-174f-42e0-b18c-cc1c204265a8/datanode-6/data/ratis] (custom)
2019-07-13 20:36:42,135 INFO  replication.SimpleContainerDownloader (SimpleContainerDownloader.java:<init>(72)) - Starting container downloader service to copy containers to replicate.
2019-07-13 20:36:42,136 INFO  hdfs.DFSUtil (DFSUtil.java:httpServerTemplateForNNAndJN(1641)) - Starting Web-server for hddsDatanode at: http://0.0.0.0:0
2019-07-13 20:36:42,137 INFO  server.AuthenticationFilter (AuthenticationFilter.java:constructSecretProvider(240)) - Unable to initialize FileSignerSecretProvider, falling back to use random secrets.
2019-07-13 20:36:42,138 WARN  http.HttpRequestLog (HttpRequestLog.java:getRequestLog(97)) - Jetty request log can only be enabled using Log4j
2019-07-13 20:36:42,139 INFO  http.HttpServer2 (HttpServer2.java:addGlobalFilter(975)) - Added global filter 'safety' (class=org.apache.hadoop.http.HttpServer2$QuotingInputFilter)
2019-07-13 20:36:42,139 INFO  http.HttpServer2 (HttpServer2.java:addFilter(948)) - Added filter static_user_filter (class=org.apache.hadoop.http.lib.StaticUserWebFilter$StaticUserFilter) to context hddsDatanode
2019-07-13 20:36:42,140 INFO  http.HttpServer2 (HttpServer2.java:addFilter(958)) - Added filter static_user_filter (class=org.apache.hadoop.http.lib.StaticUserWebFilter$StaticUserFilter) to context logs
2019-07-13 20:36:42,140 INFO  http.HttpServer2 (HttpServer2.java:addFilter(958)) - Added filter static_user_filter (class=org.apache.hadoop.http.lib.StaticUserWebFilter$StaticUserFilter) to context static
2019-07-13 20:36:42,140 INFO  http.HttpServer2 (HttpServer2.java:bindListener(1191)) - Jetty bound to port 35034
2019-07-13 20:36:42,140 INFO  server.Server (Server.java:doStart(351)) - jetty-9.3.24.v20180605, build timestamp: 2018-06-05T17:11:56Z, git hash: 84205aa28f11a4f31f2a3b86d1bba2cc8ab69827
2019-07-13 20:36:42,142 INFO  handler.ContextHandler (ContextHandler.java:doStart(781)) - Started o.e.j.s.ServletContextHandler@6d0d5147{/logs,file:///tmp/workdir/hadoop-ozone/integration-test/target/log,AVAILABLE}
2019-07-13 20:36:42,142 INFO  handler.ContextHandler (ContextHandler.java:doStart(781)) - Started o.e.j.s.ServletContextHandler@63f08f9f{/static,jar:file:/home/user/.m2/repository/org/apache/hadoop/hadoop-hdds-container-service/0.5.0-SNAPSHOT/hadoop-hdds-container-service-0.5.0-SNAPSHOT.jar!/webapps/static,AVAILABLE}
2019-07-13 20:36:42,169 INFO  handler.ContextHandler (ContextHandler.java:doStart(781)) - Started o.e.j.w.WebAppContext@1b914e36{/,file:///tmp/jetty-0.0.0.0-35034-hddsDatanode-_-any-3276250222301776682.dir/webapp/,AVAILABLE}{/hddsDatanode}
2019-07-13 20:36:42,169 INFO  server.AbstractConnector (AbstractConnector.java:doStart(278)) - Started ServerConnector@29f3ea39{HTTP/1.1,[http/1.1]}{0.0.0.0:35034}
2019-07-13 20:36:42,169 INFO  server.Server (Server.java:doStart(419)) - Started @593933ms
2019-07-13 20:36:42,174 INFO  server.BaseHttpServer (BaseHttpServer.java:updateConnectorAddress(207)) - HTTP server of HDDSDATANODE is listening at http://0.0.0.0:35034
2019-07-13 20:36:42,272 INFO  ozone.HddsDatanodeService (HddsDatanodeService.java:startPlugins(396)) - Started plug-in org.apache.hadoop.ozone.web.OzoneHddsDatanodeService@77035caa
2019-07-13 20:36:42,272 INFO  ozone.MiniOzoneClusterImpl (MiniOzoneClusterImpl.java:lambda$waitForClusterToBeReady$0(142)) - Waiting for cluster to be ready. Got 0 of 7 DN Heartbeats.
2019-07-13 20:36:42,276 INFO  util.JvmPauseMonitor (JvmPauseMonitor.java:run(188)) - Starting JVM pause monitor
2019-07-13 20:36:42,277 INFO  datanode.InitDatanodeState (InitDatanodeState.java:persistContainerDatanodeDetails(140)) - DatanodeDetails is persisted to /tmp/workdir/hadoop-ozone/integration-test/target/test-dir/MiniOzoneClusterImpl-16e5dc73-174f-42e0-b18c-cc1c204265a8/datanode-6/meta/datanode.id
2019-07-13 20:36:43,197 INFO  ozoneimpl.OzoneContainer (OzoneContainer.java:start(186)) - Attempting to start container services.
2019-07-13 20:36:43,200 INFO  ozoneimpl.OzoneContainer (OzoneContainer.java:startContainerScrub(160)) - Background container scrubber has been disabled by hdds.containerscrub.enabled
2019-07-13 20:36:43,200 INFO  ratis.XceiverServerRatis (XceiverServerRatis.java:start(418)) - Starting XceiverServerRatis ac4886d7-4657-4eaa-a4f0-9d9681fb35b9 at port 0
2019-07-13 20:36:43,209 INFO  impl.RaftServerProxy (RaftServerProxy.java:lambda$start$3(299)) - ac4886d7-4657-4eaa-a4f0-9d9681fb35b9: start RPC server
2019-07-13 20:36:43,210 INFO  server.GrpcService (GrpcService.java:startImpl(149)) - ac4886d7-4657-4eaa-a4f0-9d9681fb35b9: GrpcService started, listening on 0.0.0.0/0.0.0.0:34537
2019-07-13 20:36:43,211 INFO  ratis.XceiverServerRatis (XceiverServerRatis.java:start(428)) - XceiverServerRatis ac4886d7-4657-4eaa-a4f0-9d9681fb35b9 is started using port 34537
2019-07-13 20:36:43,217 INFO  server.XceiverServerGrpc (XceiverServerGrpc.java:start(161)) - XceiverServerGrpc ac4886d7-4657-4eaa-a4f0-9d9681fb35b9 is started using port 41390
2019-07-13 20:36:43,272 INFO  ozone.MiniOzoneClusterImpl (MiniOzoneClusterImpl.java:lambda$waitForClusterToBeReady$0(142)) - Waiting for cluster to be ready. Got 0 of 7 DN Heartbeats.
2019-07-13 20:36:43,348 INFO  ozoneimpl.OzoneContainer (OzoneContainer.java:start(186)) - Attempting to start container services.
2019-07-13 20:36:43,351 INFO  ozoneimpl.OzoneContainer (OzoneContainer.java:startContainerScrub(160)) - Background container scrubber has been disabled by hdds.containerscrub.enabled
2019-07-13 20:36:43,351 INFO  ratis.XceiverServerRatis (XceiverServerRatis.java:start(418)) - Starting XceiverServerRatis df9f50e8-bd32-4f3b-ae1d-0a839bc9434d at port 0
2019-07-13 20:36:43,358 INFO  impl.RaftServerProxy (RaftServerProxy.java:lambda$start$3(299)) - df9f50e8-bd32-4f3b-ae1d-0a839bc9434d: start RPC server
2019-07-13 20:36:43,359 INFO  server.GrpcService (GrpcService.java:startImpl(149)) - df9f50e8-bd32-4f3b-ae1d-0a839bc9434d: GrpcService started, listening on 0.0.0.0/0.0.0.0:43752
2019-07-13 20:36:43,359 INFO  ratis.XceiverServerRatis (XceiverServerRatis.java:start(428)) - XceiverServerRatis df9f50e8-bd32-4f3b-ae1d-0a839bc9434d is started using port 43752
2019-07-13 20:36:43,360 INFO  server.XceiverServerGrpc (XceiverServerGrpc.java:start(161)) - XceiverServerGrpc df9f50e8-bd32-4f3b-ae1d-0a839bc9434d is started using port 38298
2019-07-13 20:36:43,604 INFO  ozoneimpl.OzoneContainer (OzoneContainer.java:start(186)) - Attempting to start container services.
2019-07-13 20:36:43,612 INFO  ozoneimpl.OzoneContainer (OzoneContainer.java:startContainerScrub(160)) - Background container scrubber has been disabled by hdds.containerscrub.enabled
2019-07-13 20:36:43,612 INFO  ratis.XceiverServerRatis (XceiverServerRatis.java:start(418)) - Starting XceiverServerRatis 48ee16ca-761e-4141-a55c-dd081db6ecd0 at port 0
2019-07-13 20:36:43,620 INFO  impl.RaftServerProxy (RaftServerProxy.java:lambda$start$3(299)) - 48ee16ca-761e-4141-a55c-dd081db6ecd0: start RPC server
2019-07-13 20:36:43,622 INFO  server.GrpcService (GrpcService.java:startImpl(149)) - 48ee16ca-761e-4141-a55c-dd081db6ecd0: GrpcService started, listening on 0.0.0.0/0.0.0.0:35948
2019-07-13 20:36:43,622 INFO  ratis.XceiverServerRatis (XceiverServerRatis.java:start(428)) - XceiverServerRatis 48ee16ca-761e-4141-a55c-dd081db6ecd0 is started using port 35948
2019-07-13 20:36:43,623 INFO  server.XceiverServerGrpc (XceiverServerGrpc.java:start(161)) - XceiverServerGrpc 48ee16ca-761e-4141-a55c-dd081db6ecd0 is started using port 36848
2019-07-13 20:36:43,781 INFO  ozoneimpl.OzoneContainer (OzoneContainer.java:start(186)) - Attempting to start container services.
2019-07-13 20:36:43,781 INFO  ozoneimpl.OzoneContainer (OzoneContainer.java:startContainerScrub(160)) - Background container scrubber has been disabled by hdds.containerscrub.enabled
2019-07-13 20:36:43,781 INFO  ratis.XceiverServerRatis (XceiverServerRatis.java:start(418)) - Starting XceiverServerRatis a6dfa705-7af2-43a8-a839-787b9abaa6e5 at port 0
2019-07-13 20:36:43,788 INFO  impl.RaftServerProxy (RaftServerProxy.java:lambda$start$3(299)) - a6dfa705-7af2-43a8-a839-787b9abaa6e5: start RPC server
2019-07-13 20:36:43,791 INFO  server.GrpcService (GrpcService.java:startImpl(149)) - a6dfa705-7af2-43a8-a839-787b9abaa6e5: GrpcService started, listening on 0.0.0.0/0.0.0.0:36229
2019-07-13 20:36:43,791 INFO  ratis.XceiverServerRatis (XceiverServerRatis.java:start(428)) - XceiverServerRatis a6dfa705-7af2-43a8-a839-787b9abaa6e5 is started using port 36229
2019-07-13 20:36:43,792 INFO  server.XceiverServerGrpc (XceiverServerGrpc.java:start(161)) - XceiverServerGrpc a6dfa705-7af2-43a8-a839-787b9abaa6e5 is started using port 35682
2019-07-13 20:36:43,951 INFO  ozoneimpl.OzoneContainer (OzoneContainer.java:start(186)) - Attempting to start container services.
2019-07-13 20:36:43,951 INFO  ozoneimpl.OzoneContainer (OzoneContainer.java:startContainerScrub(160)) - Background container scrubber has been disabled by hdds.containerscrub.enabled
2019-07-13 20:36:43,951 INFO  ratis.XceiverServerRatis (XceiverServerRatis.java:start(418)) - Starting XceiverServerRatis 65f6e63d-e463-4e76-8bb6-dba3a9205235 at port 0
2019-07-13 20:36:43,959 INFO  impl.RaftServerProxy (RaftServerProxy.java:lambda$start$3(299)) - 65f6e63d-e463-4e76-8bb6-dba3a9205235: start RPC server
2019-07-13 20:36:43,959 INFO  server.GrpcService (GrpcService.java:startImpl(149)) - 65f6e63d-e463-4e76-8bb6-dba3a9205235: GrpcService started, listening on 0.0.0.0/0.0.0.0:44436
2019-07-13 20:36:43,959 INFO  ratis.XceiverServerRatis (XceiverServerRatis.java:start(428)) - XceiverServerRatis 65f6e63d-e463-4e76-8bb6-dba3a9205235 is started using port 44436
2019-07-13 20:36:43,960 INFO  server.XceiverServerGrpc (XceiverServerGrpc.java:start(161)) - XceiverServerGrpc 65f6e63d-e463-4e76-8bb6-dba3a9205235 is started using port 45094
2019-07-13 20:36:44,107 INFO  ozoneimpl.OzoneContainer (OzoneContainer.java:start(186)) - Attempting to start container services.
2019-07-13 20:36:44,107 INFO  ozoneimpl.OzoneContainer (OzoneContainer.java:startContainerScrub(160)) - Background container scrubber has been disabled by hdds.containerscrub.enabled
2019-07-13 20:36:44,107 INFO  ratis.XceiverServerRatis (XceiverServerRatis.java:start(418)) - Starting XceiverServerRatis 2c4950fd-1e5d-47b3-a656-44c486ef0704 at port 0
2019-07-13 20:36:44,115 INFO  impl.RaftServerProxy (RaftServerProxy.java:lambda$start$3(299)) - 2c4950fd-1e5d-47b3-a656-44c486ef0704: start RPC server
2019-07-13 20:36:44,119 INFO  server.GrpcService (GrpcService.java:startImpl(149)) - 2c4950fd-1e5d-47b3-a656-44c486ef0704: GrpcService started, listening on 0.0.0.0/0.0.0.0:45212
2019-07-13 20:36:44,119 INFO  ratis.XceiverServerRatis (XceiverServerRatis.java:start(428)) - XceiverServerRatis 2c4950fd-1e5d-47b3-a656-44c486ef0704 is started using port 45212
2019-07-13 20:36:44,121 INFO  server.XceiverServerGrpc (XceiverServerGrpc.java:start(161)) - XceiverServerGrpc 2c4950fd-1e5d-47b3-a656-44c486ef0704 is started using port 43711
2019-07-13 20:36:44,273 INFO  ozone.MiniOzoneClusterImpl (MiniOzoneClusterImpl.java:lambda$waitForClusterToBeReady$0(142)) - Waiting for cluster to be ready. Got 0 of 7 DN Heartbeats.
2019-07-13 20:36:44,289 INFO  ozoneimpl.OzoneContainer (OzoneContainer.java:start(186)) - Attempting to start container services.
2019-07-13 20:36:44,290 INFO  ozoneimpl.OzoneContainer (OzoneContainer.java:startContainerScrub(160)) - Background container scrubber has been disabled by hdds.containerscrub.enabled
2019-07-13 20:36:44,290 INFO  ratis.XceiverServerRatis (XceiverServerRatis.java:start(418)) - Starting XceiverServerRatis 7143e291-f33c-4113-a11b-5be6d385291d at port 0
2019-07-13 20:36:44,297 INFO  impl.RaftServerProxy (RaftServerProxy.java:lambda$start$3(299)) - 7143e291-f33c-4113-a11b-5be6d385291d: start RPC server
2019-07-13 20:36:44,300 INFO  server.GrpcService (GrpcService.java:startImpl(149)) - 7143e291-f33c-4113-a11b-5be6d385291d: GrpcService started, listening on 0.0.0.0/0.0.0.0:41884
2019-07-13 20:36:44,300 INFO  ratis.XceiverServerRatis (XceiverServerRatis.java:start(428)) - XceiverServerRatis 7143e291-f33c-4113-a11b-5be6d385291d is started using port 41884
2019-07-13 20:36:44,301 INFO  server.XceiverServerGrpc (XceiverServerGrpc.java:start(161)) - XceiverServerGrpc 7143e291-f33c-4113-a11b-5be6d385291d is started using port 41154
2019-07-13 20:36:45,168 INFO  net.NetworkTopology (NetworkTopologyImpl.java:add(110)) - Added a new node: /default-rack/192.168.5.168
2019-07-13 20:36:45,168 INFO  node.SCMNodeManager (SCMNodeManager.java:register(269)) - Registered Data node : ac4886d7-4657-4eaa-a4f0-9d9681fb35b9{ip: 192.168.5.168, host: trunk-nightly-6qp7m-2461138711, networkLocation: /default-rack, certSerialId: null}
2019-07-13 20:36:45,171 INFO  safemode.SCMSafeModeManager (DataNodeSafeModeRule.java:process(71)) - SCM in safe mode. 1 DataNodes registered, 1 required.
2019-07-13 20:36:45,174 INFO  safemode.SCMSafeModeManager (SCMSafeModeManager.java:validateSafeModeExitRules(177)) - ScmSafeModeManager, all rules are successfully validated
2019-07-13 20:36:45,174 INFO  safemode.SCMSafeModeManager (SCMSafeModeManager.java:exitSafeMode(193)) - SCM exiting safe mode.
2019-07-13 20:36:45,192 INFO  impl.RaftServerProxy (RaftServerProxy.java:addNew(89)) - ac4886d7-4657-4eaa-a4f0-9d9681fb35b9: addNew group-8D2990709E07:[ac4886d7-4657-4eaa-a4f0-9d9681fb35b9:192.168.5.168:34537] returns group-8D2990709E07:java.util.concurrent.CompletableFuture@37a5978b[Not completed]
2019-07-13 20:36:45,194 INFO  impl.RaftServerImpl (RaftServerImpl.java:<init>(93)) - ac4886d7-4657-4eaa-a4f0-9d9681fb35b9: new RaftServerImpl for group-8D2990709E07:[ac4886d7-4657-4eaa-a4f0-9d9681fb35b9:192.168.5.168:34537] with ContainerStateMachine:uninitialized
2019-07-13 20:36:45,194 INFO  server.RaftServerConfigKeys (ConfUtils.java:logGet(43)) - raft.server.rpc.timeout.min = 5s (custom)
2019-07-13 20:36:45,194 INFO  server.RaftServerConfigKeys (ConfUtils.java:logGet(43)) - raft.server.rpc.timeout.max = 5200ms (custom)
2019-07-13 20:36:45,194 INFO  server.RaftServerConfigKeys (ConfUtils.java:logGet(43)) - raft.server.rpcslowness.timeout = 120s (custom)
2019-07-13 20:36:45,194 INFO  server.RaftServerConfigKeys (ConfUtils.java:logGet(43)) - raft.server.sleep.deviation.threshold = 300 (default)
2019-07-13 20:36:45,194 INFO  server.RaftServerConfigKeys (ConfUtils.java:logGet(43)) - raft.server.log.appender.install.snapshot.enabled = false (custom)
2019-07-13 20:36:45,195 INFO  impl.RaftServerImpl (ServerState.java:<init>(105)) - ac4886d7-4657-4eaa-a4f0-9d9681fb35b9:group-8D2990709E07 ConfigurationManager, init=-1: [ac4886d7-4657-4eaa-a4f0-9d9681fb35b9:192.168.5.168:34537], old=null, confs=<EMPTY_MAP>
2019-07-13 20:36:45,195 INFO  server.RaftServerConfigKeys (ConfUtils.java:logGet(43)) - raft.server.storage.dir = [/tmp/workdir/hadoop-ozone/integration-test/target/test-dir/MiniOzoneClusterImpl-16e5dc73-174f-42e0-b18c-cc1c204265a8/datanode-0/data/ratis] (custom)
2019-07-13 20:36:45,195 INFO  storage.RaftStorageDirectory (RaftStorageDirectory.java:analyzeStorage(246)) - The storage directory /tmp/workdir/hadoop-ozone/integration-test/target/test-dir/MiniOzoneClusterImpl-16e5dc73-174f-42e0-b18c-cc1c204265a8/datanode-0/data/ratis/bae35619-b07a-4559-bbcb-8d2990709e07 does not exist. Creating ...
2019-07-13 20:36:45,211 INFO  storage.RaftStorageDirectory (RaftStorageDirectory.java:tryLock(328)) - Lock on /tmp/workdir/hadoop-ozone/integration-test/target/test-dir/MiniOzoneClusterImpl-16e5dc73-174f-42e0-b18c-cc1c204265a8/datanode-0/data/ratis/bae35619-b07a-4559-bbcb-8d2990709e07/in_use.lock acquired by nodename 32015@trunk-nightly-6qp7m-2461138711
2019-07-13 20:36:45,215 INFO  storage.RaftStorage (RaftStorage.java:format(72)) - Storage directory /tmp/workdir/hadoop-ozone/integration-test/target/test-dir/MiniOzoneClusterImpl-16e5dc73-174f-42e0-b18c-cc1c204265a8/datanode-0/data/ratis/bae35619-b07a-4559-bbcb-8d2990709e07 has been successfully formatted.
2019-07-13 20:36:45,216 INFO  ratis.ContainerStateMachine (ContainerStateMachine.java:loadSnapshot(200)) - The snapshot info is null.Setting the last applied index to:(t:0, i:~)
2019-07-13 20:36:45,216 INFO  server.RaftServerConfigKeys (ConfUtils.java:logGet(43)) - raft.server.leader.election.timeout = 120s (custom)
2019-07-13 20:36:45,216 INFO  server.RaftServerConfigKeys (ConfUtils.java:logGet(43)) - raft.server.log.use.memory = false (default)
2019-07-13 20:36:45,216 INFO  server.RaftServerConfigKeys (ConfUtils.java:logGet(43)) - raft.server.log.purge.gap = 1000000000 (custom)
2019-07-13 20:36:45,216 INFO  server.RaftServerConfigKeys (ConfUtils.java:logGet(43)) - raft.server.log.appender.buffer.byte-limit = 33554432 (custom)
2019-07-13 20:36:45,216 INFO  server.RaftServerConfigKeys (ConfUtils.java:logGet(43)) - raft.server.log.segment.size.max = 1048576 (custom)
2019-07-13 20:36:45,217 INFO  server.RaftServerConfigKeys (ConfUtils.java:logGet(43)) - raft.server.log.segment.cache.num.max = 2 (custom)
2019-07-13 20:36:45,217 INFO  segmented.SegmentedRaftLogWorker (SegmentedRaftLogWorker.java:<init>(172)) - new ac4886d7-4657-4eaa-a4f0-9d9681fb35b9-SegmentedRaftLogWorker:Storage Directory /tmp/workdir/hadoop-ozone/integration-test/target/test-dir/MiniOzoneClusterImpl-16e5dc73-174f-42e0-b18c-cc1c204265a8/datanode-0/data/ratis/bae35619-b07a-4559-bbcb-8d2990709e07 for RaftStorage:Storage Directory /tmp/workdir/hadoop-ozone/integration-test/target/test-dir/MiniOzoneClusterImpl-16e5dc73-174f-42e0-b18c-cc1c204265a8/datanode-0/data/ratis/bae35619-b07a-4559-bbcb-8d2990709e07
2019-07-13 20:36:45,217 INFO  server.RaftServerConfigKeys (ConfUtils.java:logGet(43)) - raft.server.log.queue.byte-limit = 2147483647 (custom)
2019-07-13 20:36:45,217 INFO  server.RaftServerConfigKeys (ConfUtils.java:logGet(43)) - raft.server.log.queue.element-limit = 1024 (custom)
2019-07-13 20:36:45,218 INFO  server.RaftServerConfigKeys (ConfUtils.java:logGet(43)) - raft.server.log.segment.size.max = 1048576 (custom)
2019-07-13 20:36:45,218 INFO  server.RaftServerConfigKeys (ConfUtils.java:logGet(43)) - raft.server.log.preallocated.size = 16384 (custom)
2019-07-13 20:36:45,218 INFO  server.RaftServerConfigKeys (ConfUtils.java:logGet(43)) - raft.server.log.write.buffer.size = 33554432 (custom)
2019-07-13 20:36:45,218 INFO  server.RaftServerConfigKeys (ConfUtils.java:logGet(43)) - raft.server.log.force.sync.num = 128 (default)
2019-07-13 20:36:45,218 INFO  server.RaftServerConfigKeys (ConfUtils.java:logGet(43)) - raft.server.log.statemachine.data.sync = true (default)
2019-07-13 20:36:45,218 INFO  server.RaftServerConfigKeys (ConfUtils.java:logGet(43)) - raft.server.log.statemachine.data.sync.timeout = 10s (default)
2019-07-13 20:36:45,218 INFO  server.RaftServerConfigKeys (ConfUtils.java:logGet(43)) - raft.server.log.statemachine.data.sync.timeout.retry = -1 (default)
2019-07-13 20:36:45,219 INFO  server.RaftServerConfigKeys (ConfUtils.java:logGet(43)) - raft.server.log.statemachine.data.caching.enabled = true (custom)
2019-07-13 20:36:45,219 INFO  segmented.SegmentedRaftLogWorker (SegmentedRaftLogWorker.java:lambda$new$0(132)) - ac4886d7-4657-4eaa-a4f0-9d9681fb35b9-SegmentedRaftLogWorker:Storage Directory /tmp/workdir/hadoop-ozone/integration-test/target/test-dir/MiniOzoneClusterImpl-16e5dc73-174f-42e0-b18c-cc1c204265a8/datanode-0/data/ratis/bae35619-b07a-4559-bbcb-8d2990709e07: flushIndex: setUnconditionally 0 -> -1
2019-07-13 20:36:45,220 INFO  server.RaftServerConfigKeys (ConfUtils.java:logGet(43)) - raft.server.snapshot.auto.trigger.enabled = true (custom)
2019-07-13 20:36:45,220 INFO  server.RaftServerConfigKeys (ConfUtils.java:logGet(43)) - raft.server.snapshot.auto.trigger.threshold = 10000 (custom)
2019-07-13 20:36:45,220 INFO  server.RaftServerConfigKeys (ConfUtils.java:logGet(43)) - raft.server.retrycache.expirytime = 600000ms (custom)
2019-07-13 20:36:45,220 INFO  impl.RaftServerImpl (RaftServerImpl.java:start(180)) - ac4886d7-4657-4eaa-a4f0-9d9681fb35b9: start group-8D2990709E07
2019-07-13 20:36:45,220 INFO  impl.RaftServerImpl (RaftServerImpl.java:setRole(171)) - ac4886d7-4657-4eaa-a4f0-9d9681fb35b9:group-8D2990709E07 changes role from null to FOLLOWER at term 0 for startAsFollower
2019-07-13 20:36:45,221 INFO  impl.RoleInfo (RoleInfo.java:updateAndGet(143)) - ac4886d7-4657-4eaa-a4f0-9d9681fb35b9: start FollowerState
2019-07-13 20:36:45,222 INFO  util.JmxRegister (JmxRegister.java:tryRegister(44)) - Successfully registered JMX Bean with object name Ratis:service=RaftServer,group=group-8D2990709E07,id=ac4886d7-4657-4eaa-a4f0-9d9681fb35b9
2019-07-13 20:36:45,224 INFO  pipeline.PipelineStateManager (PipelineStateManager.java:addPipeline(56)) - Created pipeline Pipeline[ Id: bae35619-b07a-4559-bbcb-8d2990709e07, Nodes: ac4886d7-4657-4eaa-a4f0-9d9681fb35b9{ip: 192.168.5.168, host: trunk-nightly-6qp7m-2461138711, networkLocation: /default-rack, certSerialId: null}, Type:RATIS, Factor:ONE, State:OPEN]
2019-07-13 20:36:45,273 INFO  ozone.MiniOzoneClusterImpl (MiniOzoneClusterImpl.java:lambda$waitForClusterToBeReady$0(142)) - Waiting for cluster to be ready. Got 1 of 7 DN Heartbeats.
2019-07-13 20:36:45,332 INFO  node.SCMNodeManager (SCMNodeManager.java:register(269)) - Registered Data node : df9f50e8-bd32-4f3b-ae1d-0a839bc9434d{ip: 192.168.5.168, host: trunk-nightly-6qp7m-2461138711, networkLocation: /default-rack, certSerialId: null}
2019-07-13 20:36:45,341 INFO  impl.RaftServerProxy (RaftServerProxy.java:addNew(89)) - df9f50e8-bd32-4f3b-ae1d-0a839bc9434d: addNew group-A60AB185678E:[df9f50e8-bd32-4f3b-ae1d-0a839bc9434d:192.168.5.168:43752] returns group-A60AB185678E:java.util.concurrent.CompletableFuture@618188c6[Not completed]
2019-07-13 20:36:45,342 INFO  impl.RaftServerImpl (RaftServerImpl.java:<init>(93)) - df9f50e8-bd32-4f3b-ae1d-0a839bc9434d: new RaftServerImpl for group-A60AB185678E:[df9f50e8-bd32-4f3b-ae1d-0a839bc9434d:192.168.5.168:43752] with ContainerStateMachine:uninitialized
2019-07-13 20:36:45,342 INFO  server.RaftServerConfigKeys (ConfUtils.java:logGet(43)) - raft.server.rpc.timeout.min = 5s (custom)
2019-07-13 20:36:45,342 INFO  server.RaftServerConfigKeys (ConfUtils.java:logGet(43)) - raft.server.rpc.timeout.max = 5200ms (custom)
2019-07-13 20:36:45,342 INFO  server.RaftServerConfigKeys (ConfUtils.java:logGet(43)) - raft.server.rpcslowness.timeout = 120s (custom)
2019-07-13 20:36:45,342 INFO  server.RaftServerConfigKeys (ConfUtils.java:logGet(43)) - raft.server.sleep.deviation.threshold = 300 (default)
2019-07-13 20:36:45,343 INFO  server.RaftServerConfigKeys (ConfUtils.java:logGet(43)) - raft.server.log.appender.install.snapshot.enabled = false (custom)
2019-07-13 20:36:45,343 INFO  impl.RaftServerImpl (ServerState.java:<init>(105)) - df9f50e8-bd32-4f3b-ae1d-0a839bc9434d:group-A60AB185678E ConfigurationManager, init=-1: [df9f50e8-bd32-4f3b-ae1d-0a839bc9434d:192.168.5.168:43752], old=null, confs=<EMPTY_MAP>
2019-07-13 20:36:45,343 INFO  server.RaftServerConfigKeys (ConfUtils.java:logGet(43)) - raft.server.storage.dir = [/tmp/workdir/hadoop-ozone/integration-test/target/test-dir/MiniOzoneClusterImpl-16e5dc73-174f-42e0-b18c-cc1c204265a8/datanode-1/data/ratis] (custom)
2019-07-13 20:36:45,343 INFO  storage.RaftStorageDirectory (RaftStorageDirectory.java:analyzeStorage(246)) - The storage directory /tmp/workdir/hadoop-ozone/integration-test/target/test-dir/MiniOzoneClusterImpl-16e5dc73-174f-42e0-b18c-cc1c204265a8/datanode-1/data/ratis/3fc993a9-e548-431a-939a-a60ab185678e does not exist. Creating ...
2019-07-13 20:36:45,357 INFO  storage.RaftStorageDirectory (RaftStorageDirectory.java:tryLock(328)) - Lock on /tmp/workdir/hadoop-ozone/integration-test/target/test-dir/MiniOzoneClusterImpl-16e5dc73-174f-42e0-b18c-cc1c204265a8/datanode-1/data/ratis/3fc993a9-e548-431a-939a-a60ab185678e/in_use.lock acquired by nodename 32015@trunk-nightly-6qp7m-2461138711
2019-07-13 20:36:45,361 INFO  storage.RaftStorage (RaftStorage.java:format(72)) - Storage directory /tmp/workdir/hadoop-ozone/integration-test/target/test-dir/MiniOzoneClusterImpl-16e5dc73-174f-42e0-b18c-cc1c204265a8/datanode-1/data/ratis/3fc993a9-e548-431a-939a-a60ab185678e has been successfully formatted.
2019-07-13 20:36:45,361 INFO  ratis.ContainerStateMachine (ContainerStateMachine.java:loadSnapshot(200)) - The snapshot info is null.Setting the last applied index to:(t:0, i:~)
2019-07-13 20:36:45,361 INFO  server.RaftServerConfigKeys (ConfUtils.java:logGet(43)) - raft.server.leader.election.timeout = 120s (custom)
2019-07-13 20:36:45,361 INFO  server.RaftServerConfigKeys (ConfUtils.java:logGet(43)) - raft.server.log.use.memory = false (default)
2019-07-13 20:36:45,361 INFO  server.RaftServerConfigKeys (ConfUtils.java:logGet(43)) - raft.server.log.purge.gap = 1000000000 (custom)
2019-07-13 20:36:45,362 INFO  server.RaftServerConfigKeys (ConfUtils.java:logGet(43)) - raft.server.log.appender.buffer.byte-limit = 33554432 (custom)
2019-07-13 20:36:45,362 INFO  server.RaftServerConfigKeys (ConfUtils.java:logGet(43)) - raft.server.log.segment.size.max = 1048576 (custom)
2019-07-13 20:36:45,362 INFO  server.RaftServerConfigKeys (ConfUtils.java:logGet(43)) - raft.server.log.segment.cache.num.max = 2 (custom)
2019-07-13 20:36:45,362 INFO  segmented.SegmentedRaftLogWorker (SegmentedRaftLogWorker.java:<init>(172)) - new df9f50e8-bd32-4f3b-ae1d-0a839bc9434d-SegmentedRaftLogWorker:Storage Directory /tmp/workdir/hadoop-ozone/integration-test/target/test-dir/MiniOzoneClusterImpl-16e5dc73-174f-42e0-b18c-cc1c204265a8/datanode-1/data/ratis/3fc993a9-e548-431a-939a-a60ab185678e for RaftStorage:Storage Directory /tmp/workdir/hadoop-ozone/integration-test/target/test-dir/MiniOzoneClusterImpl-16e5dc73-174f-42e0-b18c-cc1c204265a8/datanode-1/data/ratis/3fc993a9-e548-431a-939a-a60ab185678e
2019-07-13 20:36:45,362 INFO  server.RaftServerConfigKeys (ConfUtils.java:logGet(43)) - raft.server.log.queue.byte-limit = 2147483647 (custom)
2019-07-13 20:36:45,362 INFO  server.RaftServerConfigKeys (ConfUtils.java:logGet(43)) - raft.server.log.queue.element-limit = 1024 (custom)
2019-07-13 20:36:45,363 INFO  server.RaftServerConfigKeys (ConfUtils.java:logGet(43)) - raft.server.log.segment.size.max = 1048576 (custom)
2019-07-13 20:36:45,363 INFO  server.RaftServerConfigKeys (ConfUtils.java:logGet(43)) - raft.server.log.preallocated.size = 16384 (custom)
2019-07-13 20:36:45,363 INFO  server.RaftServerConfigKeys (ConfUtils.java:logGet(43)) - raft.server.log.write.buffer.size = 33554432 (custom)
2019-07-13 20:36:45,363 INFO  server.RaftServerConfigKeys (ConfUtils.java:logGet(43)) - raft.server.log.force.sync.num = 128 (default)
2019-07-13 20:36:45,363 INFO  server.RaftServerConfigKeys (ConfUtils.java:logGet(43)) - raft.server.log.statemachine.data.sync = true (default)
2019-07-13 20:36:45,363 INFO  server.RaftServerConfigKeys (ConfUtils.java:logGet(43)) - raft.server.log.statemachine.data.sync.timeout = 10s (default)
2019-07-13 20:36:45,364 INFO  server.RaftServerConfigKeys (ConfUtils.java:logGet(43)) - raft.server.log.statemachine.data.sync.timeout.retry = -1 (default)
2019-07-13 20:36:45,364 INFO  server.RaftServerConfigKeys (ConfUtils.java:logGet(43)) - raft.server.log.statemachine.data.caching.enabled = true (custom)
2019-07-13 20:36:45,364 INFO  segmented.SegmentedRaftLogWorker (SegmentedRaftLogWorker.java:lambda$new$0(132)) - df9f50e8-bd32-4f3b-ae1d-0a839bc9434d-SegmentedRaftLogWorker:Storage Directory /tmp/workdir/hadoop-ozone/integration-test/target/test-dir/MiniOzoneClusterImpl-16e5dc73-174f-42e0-b18c-cc1c204265a8/datanode-1/data/ratis/3fc993a9-e548-431a-939a-a60ab185678e: flushIndex: setUnconditionally 0 -> -1
2019-07-13 20:36:45,365 INFO  server.RaftServerConfigKeys (ConfUtils.java:logGet(43)) - raft.server.snapshot.auto.trigger.enabled = true (custom)
2019-07-13 20:36:45,365 INFO  server.RaftServerConfigKeys (ConfUtils.java:logGet(43)) - raft.server.snapshot.auto.trigger.threshold = 10000 (custom)
2019-07-13 20:36:45,365 INFO  server.RaftServerConfigKeys (ConfUtils.java:logGet(43)) - raft.server.retrycache.expirytime = 600000ms (custom)
2019-07-13 20:36:45,365 INFO  impl.RaftServerImpl (RaftServerImpl.java:start(180)) - df9f50e8-bd32-4f3b-ae1d-0a839bc9434d: start group-A60AB185678E
2019-07-13 20:36:45,365 INFO  impl.RaftServerImpl (RaftServerImpl.java:setRole(171)) - df9f50e8-bd32-4f3b-ae1d-0a839bc9434d:group-A60AB185678E changes role from null to FOLLOWER at term 0 for startAsFollower
2019-07-13 20:36:45,365 INFO  impl.RoleInfo (RoleInfo.java:updateAndGet(143)) - df9f50e8-bd32-4f3b-ae1d-0a839bc9434d: start FollowerState
2019-07-13 20:36:45,366 INFO  util.JmxRegister (JmxRegister.java:tryRegister(44)) - Successfully registered JMX Bean with object name Ratis:service=RaftServer,group=group-A60AB185678E,id=df9f50e8-bd32-4f3b-ae1d-0a839bc9434d
2019-07-13 20:36:45,368 INFO  pipeline.PipelineStateManager (PipelineStateManager.java:addPipeline(56)) - Created pipeline Pipeline[ Id: 3fc993a9-e548-431a-939a-a60ab185678e, Nodes: df9f50e8-bd32-4f3b-ae1d-0a839bc9434d{ip: 192.168.5.168, host: trunk-nightly-6qp7m-2461138711, networkLocation: /default-rack, certSerialId: null}, Type:RATIS, Factor:ONE, State:OPEN]
2019-07-13 20:36:45,600 INFO  node.SCMNodeManager (SCMNodeManager.java:register(269)) - Registered Data node : 48ee16ca-761e-4141-a55c-dd081db6ecd0{ip: 192.168.5.168, host: trunk-nightly-6qp7m-2461138711, networkLocation: /default-rack, certSerialId: null}
2019-07-13 20:36:45,607 INFO  impl.RaftServerProxy (RaftServerProxy.java:addNew(89)) - 48ee16ca-761e-4141-a55c-dd081db6ecd0: addNew group-FFB748149D72:[48ee16ca-761e-4141-a55c-dd081db6ecd0:192.168.5.168:35948] returns group-FFB748149D72:java.util.concurrent.CompletableFuture@1c78b00a[Not completed]
2019-07-13 20:36:45,608 INFO  impl.RaftServerImpl (RaftServerImpl.java:<init>(93)) - 48ee16ca-761e-4141-a55c-dd081db6ecd0: new RaftServerImpl for group-FFB748149D72:[48ee16ca-761e-4141-a55c-dd081db6ecd0:192.168.5.168:35948] with ContainerStateMachine:uninitialized
2019-07-13 20:36:45,608 INFO  server.RaftServerConfigKeys (ConfUtils.java:logGet(43)) - raft.server.rpc.timeout.min = 5s (custom)
2019-07-13 20:36:45,608 INFO  server.RaftServerConfigKeys (ConfUtils.java:logGet(43)) - raft.server.rpc.timeout.max = 5200ms (custom)
2019-07-13 20:36:45,608 INFO  server.RaftServerConfigKeys (ConfUtils.java:logGet(43)) - raft.server.rpcslowness.timeout = 120s (custom)
2019-07-13 20:36:45,608 INFO  server.RaftServerConfigKeys (ConfUtils.java:logGet(43)) - raft.server.sleep.deviation.threshold = 300 (default)
2019-07-13 20:36:45,608 INFO  server.RaftServerConfigKeys (ConfUtils.java:logGet(43)) - raft.server.log.appender.install.snapshot.enabled = false (custom)
2019-07-13 20:36:45,609 INFO  impl.RaftServerImpl (ServerState.java:<init>(105)) - 48ee16ca-761e-4141-a55c-dd081db6ecd0:group-FFB748149D72 ConfigurationManager, init=-1: [48ee16ca-761e-4141-a55c-dd081db6ecd0:192.168.5.168:35948], old=null, confs=<EMPTY_MAP>
2019-07-13 20:36:45,609 INFO  server.RaftServerConfigKeys (ConfUtils.java:logGet(43)) - raft.server.storage.dir = [/tmp/workdir/hadoop-ozone/integration-test/target/test-dir/MiniOzoneClusterImpl-16e5dc73-174f-42e0-b18c-cc1c204265a8/datanode-2/data/ratis] (custom)
2019-07-13 20:36:45,609 INFO  storage.RaftStorageDirectory (RaftStorageDirectory.java:analyzeStorage(246)) - The storage directory /tmp/workdir/hadoop-ozone/integration-test/target/test-dir/MiniOzoneClusterImpl-16e5dc73-174f-42e0-b18c-cc1c204265a8/datanode-2/data/ratis/d3f23544-1c13-4655-b635-ffb748149d72 does not exist. Creating ...
2019-07-13 20:36:45,613 INFO  storage.RaftStorageDirectory (RaftStorageDirectory.java:tryLock(328)) - Lock on /tmp/workdir/hadoop-ozone/integration-test/target/test-dir/MiniOzoneClusterImpl-16e5dc73-174f-42e0-b18c-cc1c204265a8/datanode-2/data/ratis/d3f23544-1c13-4655-b635-ffb748149d72/in_use.lock acquired by nodename 32015@trunk-nightly-6qp7m-2461138711
2019-07-13 20:36:45,617 INFO  storage.RaftStorage (RaftStorage.java:format(72)) - Storage directory /tmp/workdir/hadoop-ozone/integration-test/target/test-dir/MiniOzoneClusterImpl-16e5dc73-174f-42e0-b18c-cc1c204265a8/datanode-2/data/ratis/d3f23544-1c13-4655-b635-ffb748149d72 has been successfully formatted.
2019-07-13 20:36:45,617 INFO  ratis.ContainerStateMachine (ContainerStateMachine.java:loadSnapshot(200)) - The snapshot info is null.Setting the last applied index to:(t:0, i:~)
2019-07-13 20:36:45,618 INFO  server.RaftServerConfigKeys (ConfUtils.java:logGet(43)) - raft.server.leader.election.timeout = 120s (custom)
2019-07-13 20:36:45,618 INFO  server.RaftServerConfigKeys (ConfUtils.java:logGet(43)) - raft.server.log.use.memory = false (default)
2019-07-13 20:36:45,618 INFO  server.RaftServerConfigKeys (ConfUtils.java:logGet(43)) - raft.server.log.purge.gap = 1000000000 (custom)
2019-07-13 20:36:45,618 INFO  server.RaftServerConfigKeys (ConfUtils.java:logGet(43)) - raft.server.log.appender.buffer.byte-limit = 33554432 (custom)
2019-07-13 20:36:45,618 INFO  server.RaftServerConfigKeys (ConfUtils.java:logGet(43)) - raft.server.log.segment.size.max = 1048576 (custom)
2019-07-13 20:36:45,618 INFO  server.RaftServerConfigKeys (ConfUtils.java:logGet(43)) - raft.server.log.segment.cache.num.max = 2 (custom)
2019-07-13 20:36:45,618 INFO  segmented.SegmentedRaftLogWorker (SegmentedRaftLogWorker.java:<init>(172)) - new 48ee16ca-761e-4141-a55c-dd081db6ecd0-SegmentedRaftLogWorker:Storage Directory /tmp/workdir/hadoop-ozone/integration-test/target/test-dir/MiniOzoneClusterImpl-16e5dc73-174f-42e0-b18c-cc1c204265a8/datanode-2/data/ratis/d3f23544-1c13-4655-b635-ffb748149d72 for RaftStorage:Storage Directory /tmp/workdir/hadoop-ozone/integration-test/target/test-dir/MiniOzoneClusterImpl-16e5dc73-174f-42e0-b18c-cc1c204265a8/datanode-2/data/ratis/d3f23544-1c13-4655-b635-ffb748149d72
2019-07-13 20:36:45,619 INFO  server.RaftServerConfigKeys (ConfUtils.java:logGet(43)) - raft.server.log.queue.byte-limit = 2147483647 (custom)
2019-07-13 20:36:45,619 INFO  server.RaftServerConfigKeys (ConfUtils.java:logGet(43)) - raft.server.log.queue.element-limit = 1024 (custom)
2019-07-13 20:36:45,619 INFO  server.RaftServerConfigKeys (ConfUtils.java:logGet(43)) - raft.server.log.segment.size.max = 1048576 (custom)
2019-07-13 20:36:45,619 INFO  server.RaftServerConfigKeys (ConfUtils.java:logGet(43)) - raft.server.log.preallocated.size = 16384 (custom)
2019-07-13 20:36:45,619 INFO  server.RaftServerConfigKeys (ConfUtils.java:logGet(43)) - raft.server.log.write.buffer.size = 33554432 (custom)
2019-07-13 20:36:45,619 INFO  server.RaftServerConfigKeys (ConfUtils.java:logGet(43)) - raft.server.log.force.sync.num = 128 (default)
2019-07-13 20:36:45,620 INFO  server.RaftServerConfigKeys (ConfUtils.java:logGet(43)) - raft.server.log.statemachine.data.sync = true (default)
2019-07-13 20:36:45,620 INFO  server.RaftServerConfigKeys (ConfUtils.java:logGet(43)) - raft.server.log.statemachine.data.sync.timeout = 10s (default)
2019-07-13 20:36:45,620 INFO  server.RaftServerConfigKeys (ConfUtils.java:logGet(43)) - raft.server.log.statemachine.data.sync.timeout.retry = -1 (default)
2019-07-13 20:36:45,620 INFO  server.RaftServerConfigKeys (ConfUtils.java:logGet(43)) - raft.server.log.statemachine.data.caching.enabled = true (custom)
2019-07-13 20:36:45,620 INFO  segmented.SegmentedRaftLogWorker (SegmentedRaftLogWorker.java:lambda$new$0(132)) - 48ee16ca-761e-4141-a55c-dd081db6ecd0-SegmentedRaftLogWorker:Storage Directory /tmp/workdir/hadoop-ozone/integration-test/target/test-dir/MiniOzoneClusterImpl-16e5dc73-174f-42e0-b18c-cc1c204265a8/datanode-2/data/ratis/d3f23544-1c13-4655-b635-ffb748149d72: flushIndex: setUnconditionally 0 -> -1
2019-07-13 20:36:45,621 INFO  server.RaftServerConfigKeys (ConfUtils.java:logGet(43)) - raft.server.snapshot.auto.trigger.enabled = true (custom)
2019-07-13 20:36:45,621 INFO  server.RaftServerConfigKeys (ConfUtils.java:logGet(43)) - raft.server.snapshot.auto.trigger.threshold = 10000 (custom)
2019-07-13 20:36:45,621 INFO  server.RaftServerConfigKeys (ConfUtils.java:logGet(43)) - raft.server.retrycache.expirytime = 600000ms (custom)
2019-07-13 20:36:45,621 INFO  impl.RaftServerImpl (RaftServerImpl.java:start(180)) - 48ee16ca-761e-4141-a55c-dd081db6ecd0: start group-FFB748149D72
2019-07-13 20:36:45,621 INFO  impl.RaftServerImpl (RaftServerImpl.java:setRole(171)) - 48ee16ca-761e-4141-a55c-dd081db6ecd0:group-FFB748149D72 changes role from null to FOLLOWER at term 0 for startAsFollower
2019-07-13 20:36:45,622 INFO  impl.RoleInfo (RoleInfo.java:updateAndGet(143)) - 48ee16ca-761e-4141-a55c-dd081db6ecd0: start FollowerState
2019-07-13 20:36:45,622 INFO  util.JmxRegister (JmxRegister.java:tryRegister(44)) - Successfully registered JMX Bean with object name Ratis:service=RaftServer,group=group-FFB748149D72,id=48ee16ca-761e-4141-a55c-dd081db6ecd0
2019-07-13 20:36:45,624 INFO  pipeline.PipelineStateManager (PipelineStateManager.java:addPipeline(56)) - Created pipeline Pipeline[ Id: d3f23544-1c13-4655-b635-ffb748149d72, Nodes: 48ee16ca-761e-4141-a55c-dd081db6ecd0{ip: 192.168.5.168, host: trunk-nightly-6qp7m-2461138711, networkLocation: /default-rack, certSerialId: null}, Type:RATIS, Factor:ONE, State:OPEN]
2019-07-13 20:36:45,638 INFO  impl.RaftServerProxy (RaftServerProxy.java:addNew(89)) - df9f50e8-bd32-4f3b-ae1d-0a839bc9434d: addNew group-72DFDBB7E477:[ac4886d7-4657-4eaa-a4f0-9d9681fb35b9:192.168.5.168:34537, 48ee16ca-761e-4141-a55c-dd081db6ecd0:192.168.5.168:35948, df9f50e8-bd32-4f3b-ae1d-0a839bc9434d:192.168.5.168:43752] returns group-72DFDBB7E477:java.util.concurrent.CompletableFuture@fee2e0[Not completed]
2019-07-13 20:36:45,638 INFO  impl.RaftServerProxy (RaftServerProxy.java:addNew(89)) - 48ee16ca-761e-4141-a55c-dd081db6ecd0: addNew group-72DFDBB7E477:[ac4886d7-4657-4eaa-a4f0-9d9681fb35b9:192.168.5.168:34537, 48ee16ca-761e-4141-a55c-dd081db6ecd0:192.168.5.168:35948, df9f50e8-bd32-4f3b-ae1d-0a839bc9434d:192.168.5.168:43752] returns group-72DFDBB7E477:java.util.concurrent.CompletableFuture@550bcdb2[Not completed]
2019-07-13 20:36:45,639 INFO  impl.RaftServerProxy (RaftServerProxy.java:addNew(89)) - ac4886d7-4657-4eaa-a4f0-9d9681fb35b9: addNew group-72DFDBB7E477:[ac4886d7-4657-4eaa-a4f0-9d9681fb35b9:192.168.5.168:34537, 48ee16ca-761e-4141-a55c-dd081db6ecd0:192.168.5.168:35948, df9f50e8-bd32-4f3b-ae1d-0a839bc9434d:192.168.5.168:43752] returns group-72DFDBB7E477:java.util.concurrent.CompletableFuture@11a496b1[Not completed]
2019-07-13 20:36:45,639 INFO  impl.RaftServerImpl (RaftServerImpl.java:<init>(93)) - df9f50e8-bd32-4f3b-ae1d-0a839bc9434d: new RaftServerImpl for group-72DFDBB7E477:[ac4886d7-4657-4eaa-a4f0-9d9681fb35b9:192.168.5.168:34537, 48ee16ca-761e-4141-a55c-dd081db6ecd0:192.168.5.168:35948, df9f50e8-bd32-4f3b-ae1d-0a839bc9434d:192.168.5.168:43752] with ContainerStateMachine:uninitialized
2019-07-13 20:36:45,639 INFO  server.RaftServerConfigKeys (ConfUtils.java:logGet(43)) - raft.server.rpc.timeout.min = 5s (custom)
2019-07-13 20:36:45,639 INFO  server.RaftServerConfigKeys (ConfUtils.java:logGet(43)) - raft.server.rpc.timeout.max = 5200ms (custom)
2019-07-13 20:36:45,639 INFO  server.RaftServerConfigKeys (ConfUtils.java:logGet(43)) - raft.server.rpcslowness.timeout = 120s (custom)
2019-07-13 20:36:45,640 INFO  impl.RaftServerImpl (RaftServerImpl.java:<init>(93)) - 48ee16ca-761e-4141-a55c-dd081db6ecd0: new RaftServerImpl for group-72DFDBB7E477:[ac4886d7-4657-4eaa-a4f0-9d9681fb35b9:192.168.5.168:34537, 48ee16ca-761e-4141-a55c-dd081db6ecd0:192.168.5.168:35948, df9f50e8-bd32-4f3b-ae1d-0a839bc9434d:192.168.5.168:43752] with ContainerStateMachine:uninitialized
2019-07-13 20:36:45,640 INFO  server.RaftServerConfigKeys (ConfUtils.java:logGet(43)) - raft.server.sleep.deviation.threshold = 300 (default)
2019-07-13 20:36:45,640 INFO  server.RaftServerConfigKeys (ConfUtils.java:logGet(43)) - raft.server.rpc.timeout.min = 5s (custom)
2019-07-13 20:36:45,640 INFO  server.RaftServerConfigKeys (ConfUtils.java:logGet(43)) - raft.server.log.appender.install.snapshot.enabled = false (custom)
2019-07-13 20:36:45,640 INFO  server.RaftServerConfigKeys (ConfUtils.java:logGet(43)) - raft.server.rpc.timeout.max = 5200ms (custom)
2019-07-13 20:36:45,640 INFO  impl.RaftServerImpl (RaftServerImpl.java:<init>(93)) - ac4886d7-4657-4eaa-a4f0-9d9681fb35b9: new RaftServerImpl for group-72DFDBB7E477:[ac4886d7-4657-4eaa-a4f0-9d9681fb35b9:192.168.5.168:34537, 48ee16ca-761e-4141-a55c-dd081db6ecd0:192.168.5.168:35948, df9f50e8-bd32-4f3b-ae1d-0a839bc9434d:192.168.5.168:43752] with ContainerStateMachine:uninitialized
2019-07-13 20:36:45,640 INFO  impl.RaftServerImpl (ServerState.java:<init>(105)) - df9f50e8-bd32-4f3b-ae1d-0a839bc9434d:group-72DFDBB7E477 ConfigurationManager, init=-1: [ac4886d7-4657-4eaa-a4f0-9d9681fb35b9:192.168.5.168:34537, 48ee16ca-761e-4141-a55c-dd081db6ecd0:192.168.5.168:35948, df9f50e8-bd32-4f3b-ae1d-0a839bc9434d:192.168.5.168:43752], old=null, confs=<EMPTY_MAP>
2019-07-13 20:36:45,640 INFO  server.RaftServerConfigKeys (ConfUtils.java:logGet(43)) - raft.server.rpc.timeout.min = 5s (custom)
2019-07-13 20:36:45,640 INFO  server.RaftServerConfigKeys (ConfUtils.java:logGet(43)) - raft.server.rpcslowness.timeout = 120s (custom)
2019-07-13 20:36:45,641 INFO  server.RaftServerConfigKeys (ConfUtils.java:logGet(43)) - raft.server.rpc.timeout.max = 5200ms (custom)
2019-07-13 20:36:45,641 INFO  server.RaftServerConfigKeys (ConfUtils.java:logGet(43)) - raft.server.rpcslowness.timeout = 120s (custom)
2019-07-13 20:36:45,641 INFO  server.RaftServerConfigKeys (ConfUtils.java:logGet(43)) - raft.server.storage.dir = [/tmp/workdir/hadoop-ozone/integration-test/target/test-dir/MiniOzoneClusterImpl-16e5dc73-174f-42e0-b18c-cc1c204265a8/datanode-1/data/ratis] (custom)
2019-07-13 20:36:45,641 INFO  server.RaftServerConfigKeys (ConfUtils.java:logGet(43)) - raft.server.sleep.deviation.threshold = 300 (default)
2019-07-13 20:36:45,641 INFO  server.RaftServerConfigKeys (ConfUtils.java:logGet(43)) - raft.server.sleep.deviation.threshold = 300 (default)
2019-07-13 20:36:45,641 INFO  storage.RaftStorageDirectory (RaftStorageDirectory.java:analyzeStorage(246)) - The storage directory /tmp/workdir/hadoop-ozone/integration-test/target/test-dir/MiniOzoneClusterImpl-16e5dc73-174f-42e0-b18c-cc1c204265a8/datanode-1/data/ratis/9b2efdae-10d3-4cda-8384-72dfdbb7e477 does not exist. Creating ...
2019-07-13 20:36:45,641 INFO  server.RaftServerConfigKeys (ConfUtils.java:logGet(43)) - raft.server.log.appender.install.snapshot.enabled = false (custom)
2019-07-13 20:36:45,642 INFO  server.RaftServerConfigKeys (ConfUtils.java:logGet(43)) - raft.server.log.appender.install.snapshot.enabled = false (custom)
2019-07-13 20:36:45,642 INFO  impl.RaftServerImpl (ServerState.java:<init>(105)) - ac4886d7-4657-4eaa-a4f0-9d9681fb35b9:group-72DFDBB7E477 ConfigurationManager, init=-1: [ac4886d7-4657-4eaa-a4f0-9d9681fb35b9:192.168.5.168:34537, 48ee16ca-761e-4141-a55c-dd081db6ecd0:192.168.5.168:35948, df9f50e8-bd32-4f3b-ae1d-0a839bc9434d:192.168.5.168:43752], old=null, confs=<EMPTY_MAP>
2019-07-13 20:36:45,642 INFO  impl.RaftServerImpl (ServerState.java:<init>(105)) - 48ee16ca-761e-4141-a55c-dd081db6ecd0:group-72DFDBB7E477 ConfigurationManager, init=-1: [ac4886d7-4657-4eaa-a4f0-9d9681fb35b9:192.168.5.168:34537, 48ee16ca-761e-4141-a55c-dd081db6ecd0:192.168.5.168:35948, df9f50e8-bd32-4f3b-ae1d-0a839bc9434d:192.168.5.168:43752], old=null, confs=<EMPTY_MAP>
2019-07-13 20:36:45,642 INFO  server.RaftServerConfigKeys (ConfUtils.java:logGet(43)) - raft.server.storage.dir = [/tmp/workdir/hadoop-ozone/integration-test/target/test-dir/MiniOzoneClusterImpl-16e5dc73-174f-42e0-b18c-cc1c204265a8/datanode-0/data/ratis] (custom)
2019-07-13 20:36:45,642 INFO  server.RaftServerConfigKeys (ConfUtils.java:logGet(43)) - raft.server.storage.dir = [/tmp/workdir/hadoop-ozone/integration-test/target/test-dir/MiniOzoneClusterImpl-16e5dc73-174f-42e0-b18c-cc1c204265a8/datanode-2/data/ratis] (custom)
2019-07-13 20:36:45,643 INFO  storage.RaftStorageDirectory (RaftStorageDirectory.java:analyzeStorage(246)) - The storage directory /tmp/workdir/hadoop-ozone/integration-test/target/test-dir/MiniOzoneClusterImpl-16e5dc73-174f-42e0-b18c-cc1c204265a8/datanode-0/data/ratis/9b2efdae-10d3-4cda-8384-72dfdbb7e477 does not exist. Creating ...
2019-07-13 20:36:45,643 INFO  storage.RaftStorageDirectory (RaftStorageDirectory.java:analyzeStorage(246)) - The storage directory /tmp/workdir/hadoop-ozone/integration-test/target/test-dir/MiniOzoneClusterImpl-16e5dc73-174f-42e0-b18c-cc1c204265a8/datanode-2/data/ratis/9b2efdae-10d3-4cda-8384-72dfdbb7e477 does not exist. Creating ...
2019-07-13 20:36:45,646 INFO  storage.RaftStorageDirectory (RaftStorageDirectory.java:tryLock(328)) - Lock on /tmp/workdir/hadoop-ozone/integration-test/target/test-dir/MiniOzoneClusterImpl-16e5dc73-174f-42e0-b18c-cc1c204265a8/datanode-0/data/ratis/9b2efdae-10d3-4cda-8384-72dfdbb7e477/in_use.lock acquired by nodename 32015@trunk-nightly-6qp7m-2461138711
2019-07-13 20:36:45,646 INFO  storage.RaftStorageDirectory (RaftStorageDirectory.java:tryLock(328)) - Lock on /tmp/workdir/hadoop-ozone/integration-test/target/test-dir/MiniOzoneClusterImpl-16e5dc73-174f-42e0-b18c-cc1c204265a8/datanode-1/data/ratis/9b2efdae-10d3-4cda-8384-72dfdbb7e477/in_use.lock acquired by nodename 32015@trunk-nightly-6qp7m-2461138711
2019-07-13 20:36:45,646 INFO  storage.RaftStorageDirectory (RaftStorageDirectory.java:tryLock(328)) - Lock on /tmp/workdir/hadoop-ozone/integration-test/target/test-dir/MiniOzoneClusterImpl-16e5dc73-174f-42e0-b18c-cc1c204265a8/datanode-2/data/ratis/9b2efdae-10d3-4cda-8384-72dfdbb7e477/in_use.lock acquired by nodename 32015@trunk-nightly-6qp7m-2461138711
2019-07-13 20:36:45,653 INFO  storage.RaftStorage (RaftStorage.java:format(72)) - Storage directory /tmp/workdir/hadoop-ozone/integration-test/target/test-dir/MiniOzoneClusterImpl-16e5dc73-174f-42e0-b18c-cc1c204265a8/datanode-0/data/ratis/9b2efdae-10d3-4cda-8384-72dfdbb7e477 has been successfully formatted.
2019-07-13 20:36:45,653 INFO  storage.RaftStorage (RaftStorage.java:format(72)) - Storage directory /tmp/workdir/hadoop-ozone/integration-test/target/test-dir/MiniOzoneClusterImpl-16e5dc73-174f-42e0-b18c-cc1c204265a8/datanode-2/data/ratis/9b2efdae-10d3-4cda-8384-72dfdbb7e477 has been successfully formatted.
2019-07-13 20:36:45,653 INFO  ratis.ContainerStateMachine (ContainerStateMachine.java:loadSnapshot(200)) - The snapshot info is null.Setting the last applied index to:(t:0, i:~)
2019-07-13 20:36:45,653 INFO  ratis.ContainerStateMachine (ContainerStateMachine.java:loadSnapshot(200)) - The snapshot info is null.Setting the last applied index to:(t:0, i:~)
2019-07-13 20:36:45,653 INFO  storage.RaftStorage (RaftStorage.java:format(72)) - Storage directory /tmp/workdir/hadoop-ozone/integration-test/target/test-dir/MiniOzoneClusterImpl-16e5dc73-174f-42e0-b18c-cc1c204265a8/datanode-1/data/ratis/9b2efdae-10d3-4cda-8384-72dfdbb7e477 has been successfully formatted.
2019-07-13 20:36:45,654 INFO  server.RaftServerConfigKeys (ConfUtils.java:logGet(43)) - raft.server.leader.election.timeout = 120s (custom)
2019-07-13 20:36:45,653 INFO  server.RaftServerConfigKeys (ConfUtils.java:logGet(43)) - raft.server.leader.election.timeout = 120s (custom)
2019-07-13 20:36:45,654 INFO  server.RaftServerConfigKeys (ConfUtils.java:logGet(43)) - raft.server.log.use.memory = false (default)
2019-07-13 20:36:45,654 INFO  ratis.ContainerStateMachine (ContainerStateMachine.java:loadSnapshot(200)) - The snapshot info is null.Setting the last applied index to:(t:0, i:~)
2019-07-13 20:36:45,654 INFO  server.RaftServerConfigKeys (ConfUtils.java:logGet(43)) - raft.server.log.purge.gap = 1000000000 (custom)
2019-07-13 20:36:45,654 INFO  server.RaftServerConfigKeys (ConfUtils.java:logGet(43)) - raft.server.log.appender.buffer.byte-limit = 33554432 (custom)
2019-07-13 20:36:45,654 INFO  server.RaftServerConfigKeys (ConfUtils.java:logGet(43)) - raft.server.log.use.memory = false (default)
2019-07-13 20:36:45,655 INFO  server.RaftServerConfigKeys (ConfUtils.java:logGet(43)) - raft.server.log.segment.size.max = 1048576 (custom)
2019-07-13 20:36:45,655 INFO  server.RaftServerConfigKeys (ConfUtils.java:logGet(43)) - raft.server.log.segment.cache.num.max = 2 (custom)
2019-07-13 20:36:45,654 INFO  server.RaftServerConfigKeys (ConfUtils.java:logGet(43)) - raft.server.leader.election.timeout = 120s (custom)
2019-07-13 20:36:45,655 INFO  segmented.SegmentedRaftLogWorker (SegmentedRaftLogWorker.java:<init>(172)) - new 48ee16ca-761e-4141-a55c-dd081db6ecd0-SegmentedRaftLogWorker:Storage Directory /tmp/workdir/hadoop-ozone/integration-test/target/test-dir/MiniOzoneClusterImpl-16e5dc73-174f-42e0-b18c-cc1c204265a8/datanode-2/data/ratis/9b2efdae-10d3-4cda-8384-72dfdbb7e477 for RaftStorage:Storage Directory /tmp/workdir/hadoop-ozone/integration-test/target/test-dir/MiniOzoneClusterImpl-16e5dc73-174f-42e0-b18c-cc1c204265a8/datanode-2/data/ratis/9b2efdae-10d3-4cda-8384-72dfdbb7e477
2019-07-13 20:36:45,655 INFO  server.RaftServerConfigKeys (ConfUtils.java:logGet(43)) - raft.server.log.purge.gap = 1000000000 (custom)
2019-07-13 20:36:45,655 INFO  server.RaftServerConfigKeys (ConfUtils.java:logGet(43)) - raft.server.log.queue.byte-limit = 2147483647 (custom)
2019-07-13 20:36:45,655 INFO  server.RaftServerConfigKeys (ConfUtils.java:logGet(43)) - raft.server.log.use.memory = false (default)
2019-07-13 20:36:45,656 INFO  server.RaftServerConfigKeys (ConfUtils.java:logGet(43)) - raft.server.log.queue.element-limit = 1024 (custom)
2019-07-13 20:36:45,656 INFO  server.RaftServerConfigKeys (ConfUtils.java:logGet(43)) - raft.server.log.segment.size.max = 1048576 (custom)
2019-07-13 20:36:45,656 INFO  server.RaftServerConfigKeys (ConfUtils.java:logGet(43)) - raft.server.log.appender.buffer.byte-limit = 33554432 (custom)
2019-07-13 20:36:45,656 INFO  server.RaftServerConfigKeys (ConfUtils.java:logGet(43)) - raft.server.log.preallocated.size = 16384 (custom)
2019-07-13 20:36:45,657 INFO  server.RaftServerConfigKeys (ConfUtils.java:logGet(43)) - raft.server.log.write.buffer.size = 33554432 (custom)
2019-07-13 20:36:45,656 INFO  server.RaftServerConfigKeys (ConfUtils.java:logGet(43)) - raft.server.log.purge.gap = 1000000000 (custom)
2019-07-13 20:36:45,657 INFO  server.RaftServerConfigKeys (ConfUtils.java:logGet(43)) - raft.server.log.force.sync.num = 128 (default)
2019-07-13 20:36:45,657 INFO  server.RaftServerConfigKeys (ConfUtils.java:logGet(43)) - raft.server.log.statemachine.data.sync = true (default)
2019-07-13 20:36:45,656 INFO  server.RaftServerConfigKeys (ConfUtils.java:logGet(43)) - raft.server.log.segment.size.max = 1048576 (custom)
2019-07-13 20:36:45,657 INFO  server.RaftServerConfigKeys (ConfUtils.java:logGet(43)) - raft.server.log.statemachine.data.sync.timeout = 10s (default)
2019-07-13 20:36:45,658 INFO  server.RaftServerConfigKeys (ConfUtils.java:logGet(43)) - raft.server.log.statemachine.data.sync.timeout.retry = -1 (default)
2019-07-13 20:36:45,657 INFO  server.RaftServerConfigKeys (ConfUtils.java:logGet(43)) - raft.server.log.appender.buffer.byte-limit = 33554432 (custom)
2019-07-13 20:36:45,658 INFO  server.RaftServerConfigKeys (ConfUtils.java:logGet(43)) - raft.server.log.statemachine.data.caching.enabled = true (custom)
2019-07-13 20:36:45,657 INFO  server.RaftServerConfigKeys (ConfUtils.java:logGet(43)) - raft.server.log.segment.cache.num.max = 2 (custom)
2019-07-13 20:36:45,658 INFO  segmented.SegmentedRaftLogWorker (SegmentedRaftLogWorker.java:lambda$new$0(132)) - 48ee16ca-761e-4141-a55c-dd081db6ecd0-SegmentedRaftLogWorker:Storage Directory /tmp/workdir/hadoop-ozone/integration-test/target/test-dir/MiniOzoneClusterImpl-16e5dc73-174f-42e0-b18c-cc1c204265a8/datanode-2/data/ratis/9b2efdae-10d3-4cda-8384-72dfdbb7e477: flushIndex: setUnconditionally 0 -> -1
2019-07-13 20:36:45,658 INFO  server.RaftServerConfigKeys (ConfUtils.java:logGet(43)) - raft.server.log.segment.size.max = 1048576 (custom)
2019-07-13 20:36:45,659 INFO  server.RaftServerConfigKeys (ConfUtils.java:logGet(43)) - raft.server.log.segment.cache.num.max = 2 (custom)
2019-07-13 20:36:45,658 INFO  segmented.SegmentedRaftLogWorker (SegmentedRaftLogWorker.java:<init>(172)) - new ac4886d7-4657-4eaa-a4f0-9d9681fb35b9-SegmentedRaftLogWorker:Storage Directory /tmp/workdir/hadoop-ozone/integration-test/target/test-dir/MiniOzoneClusterImpl-16e5dc73-174f-42e0-b18c-cc1c204265a8/datanode-0/data/ratis/9b2efdae-10d3-4cda-8384-72dfdbb7e477 for RaftStorage:Storage Directory /tmp/workdir/hadoop-ozone/integration-test/target/test-dir/MiniOzoneClusterImpl-16e5dc73-174f-42e0-b18c-cc1c204265a8/datanode-0/data/ratis/9b2efdae-10d3-4cda-8384-72dfdbb7e477
2019-07-13 20:36:45,659 INFO  segmented.SegmentedRaftLogWorker (SegmentedRaftLogWorker.java:<init>(172)) - new df9f50e8-bd32-4f3b-ae1d-0a839bc9434d-SegmentedRaftLogWorker:Storage Directory /tmp/workdir/hadoop-ozone/integration-test/target/test-dir/MiniOzoneClusterImpl-16e5dc73-174f-42e0-b18c-cc1c204265a8/datanode-1/data/ratis/9b2efdae-10d3-4cda-8384-72dfdbb7e477 for RaftStorage:Storage Directory /tmp/workdir/hadoop-ozone/integration-test/target/test-dir/MiniOzoneClusterImpl-16e5dc73-174f-42e0-b18c-cc1c204265a8/datanode-1/data/ratis/9b2efdae-10d3-4cda-8384-72dfdbb7e477
2019-07-13 20:36:45,659 INFO  server.RaftServerConfigKeys (ConfUtils.java:logGet(43)) - raft.server.snapshot.auto.trigger.enabled = true (custom)
2019-07-13 20:36:45,659 INFO  server.RaftServerConfigKeys (ConfUtils.java:logGet(43)) - raft.server.log.queue.byte-limit = 2147483647 (custom)
2019-07-13 20:36:45,659 INFO  server.RaftServerConfigKeys (ConfUtils.java:logGet(43)) - raft.server.log.queue.element-limit = 1024 (custom)
2019-07-13 20:36:45,659 INFO  server.RaftServerConfigKeys (ConfUtils.java:logGet(43)) - raft.server.log.queue.byte-limit = 2147483647 (custom)
2019-07-13 20:36:45,659 INFO  server.RaftServerConfigKeys (ConfUtils.java:logGet(43)) - raft.server.log.segment.size.max = 1048576 (custom)
2019-07-13 20:36:45,659 INFO  server.RaftServerConfigKeys (ConfUtils.java:logGet(43)) - raft.server.snapshot.auto.trigger.threshold = 10000 (custom)
2019-07-13 20:36:45,660 INFO  server.RaftServerConfigKeys (ConfUtils.java:logGet(43)) - raft.server.log.preallocated.size = 16384 (custom)
2019-07-13 20:36:45,660 INFO  server.RaftServerConfigKeys (ConfUtils.java:logGet(43)) - raft.server.log.write.buffer.size = 33554432 (custom)
2019-07-13 20:36:45,660 INFO  server.RaftServerConfigKeys (ConfUtils.java:logGet(43)) - raft.server.log.queue.element-limit = 1024 (custom)
2019-07-13 20:36:45,660 INFO  server.RaftServerConfigKeys (ConfUtils.java:logGet(43)) - raft.server.log.force.sync.num = 128 (default)
2019-07-13 20:36:45,661 INFO  server.RaftServerConfigKeys (ConfUtils.java:logGet(43)) - raft.server.log.statemachine.data.sync = true (default)
2019-07-13 20:36:45,660 INFO  server.RaftServerConfigKeys (ConfUtils.java:logGet(43)) - raft.server.retrycache.expirytime = 600000ms (custom)
2019-07-13 20:36:45,661 INFO  server.RaftServerConfigKeys (ConfUtils.java:logGet(43)) - raft.server.log.statemachine.data.sync.timeout = 10s (default)
2019-07-13 20:36:45,661 INFO  server.RaftServerConfigKeys (ConfUtils.java:logGet(43)) - raft.server.log.statemachine.data.sync.timeout.retry = -1 (default)
2019-07-13 20:36:45,660 INFO  server.RaftServerConfigKeys (ConfUtils.java:logGet(43)) - raft.server.log.segment.size.max = 1048576 (custom)
2019-07-13 20:36:45,661 INFO  server.RaftServerConfigKeys (ConfUtils.java:logGet(43)) - raft.server.log.statemachine.data.caching.enabled = true (custom)
2019-07-13 20:36:45,661 INFO  impl.RaftServerImpl (RaftServerImpl.java:start(180)) - 48ee16ca-761e-4141-a55c-dd081db6ecd0: start group-72DFDBB7E477
2019-07-13 20:36:45,661 INFO  server.RaftServerConfigKeys (ConfUtils.java:logGet(43)) - raft.server.log.preallocated.size = 16384 (custom)
2019-07-13 20:36:45,662 INFO  segmented.SegmentedRaftLogWorker (SegmentedRaftLogWorker.java:lambda$new$0(132)) - df9f50e8-bd32-4f3b-ae1d-0a839bc9434d-SegmentedRaftLogWorker:Storage Directory /tmp/workdir/hadoop-ozone/integration-test/target/test-dir/MiniOzoneClusterImpl-16e5dc73-174f-42e0-b18c-cc1c204265a8/datanode-1/data/ratis/9b2efdae-10d3-4cda-8384-72dfdbb7e477: flushIndex: setUnconditionally 0 -> -1
2019-07-13 20:36:45,662 INFO  impl.RaftServerImpl (RaftServerImpl.java:setRole(171)) - 48ee16ca-761e-4141-a55c-dd081db6ecd0:group-72DFDBB7E477 changes role from null to FOLLOWER at term 0 for startAsFollower
2019-07-13 20:36:45,662 INFO  server.RaftServerConfigKeys (ConfUtils.java:logGet(43)) - raft.server.snapshot.auto.trigger.enabled = true (custom)
2019-07-13 20:36:45,662 INFO  server.RaftServerConfigKeys (ConfUtils.java:logGet(43)) - raft.server.log.write.buffer.size = 33554432 (custom)
2019-07-13 20:36:45,662 INFO  server.RaftServerConfigKeys (ConfUtils.java:logGet(43)) - raft.server.snapshot.auto.trigger.threshold = 10000 (custom)
2019-07-13 20:36:45,662 INFO  impl.RoleInfo (RoleInfo.java:updateAndGet(143)) - 48ee16ca-761e-4141-a55c-dd081db6ecd0: start FollowerState
2019-07-13 20:36:45,663 INFO  server.RaftServerConfigKeys (ConfUtils.java:logGet(43)) - raft.server.retrycache.expirytime = 600000ms (custom)
2019-07-13 20:36:45,663 INFO  server.RaftServerConfigKeys (ConfUtils.java:logGet(43)) - raft.server.log.force.sync.num = 128 (default)
2019-07-13 20:36:45,674 INFO  util.JmxRegister (JmxRegister.java:tryRegister(44)) - Successfully registered JMX Bean with object name Ratis:service=RaftServer,group=group-72DFDBB7E477,id=48ee16ca-761e-4141-a55c-dd081db6ecd0
2019-07-13 20:36:45,663 INFO  impl.RaftServerImpl (RaftServerImpl.java:start(180)) - df9f50e8-bd32-4f3b-ae1d-0a839bc9434d: start group-72DFDBB7E477
2019-07-13 20:36:45,675 INFO  impl.RaftServerImpl (RaftServerImpl.java:setRole(171)) - df9f50e8-bd32-4f3b-ae1d-0a839bc9434d:group-72DFDBB7E477 changes role from null to FOLLOWER at term 0 for startAsFollower
2019-07-13 20:36:45,674 INFO  server.RaftServerConfigKeys (ConfUtils.java:logGet(43)) - raft.server.log.statemachine.data.sync = true (default)
2019-07-13 20:36:45,675 INFO  impl.RoleInfo (RoleInfo.java:updateAndGet(143)) - df9f50e8-bd32-4f3b-ae1d-0a839bc9434d: start FollowerState
2019-07-13 20:36:45,683 INFO  server.RaftServerConfigKeys (ConfUtils.java:logGet(43)) - raft.server.log.statemachine.data.sync.timeout = 10s (default)
2019-07-13 20:36:45,683 INFO  server.RaftServerConfigKeys (ConfUtils.java:logGet(43)) - raft.server.log.statemachine.data.sync.timeout.retry = -1 (default)
2019-07-13 20:36:45,683 INFO  util.JmxRegister (JmxRegister.java:tryRegister(44)) - Successfully registered JMX Bean with object name Ratis:service=RaftServer,group=group-72DFDBB7E477,id=df9f50e8-bd32-4f3b-ae1d-0a839bc9434d
2019-07-13 20:36:45,683 INFO  server.RaftServerConfigKeys (ConfUtils.java:logGet(43)) - raft.server.log.statemachine.data.caching.enabled = true (custom)
2019-07-13 20:36:45,684 INFO  segmented.SegmentedRaftLogWorker (SegmentedRaftLogWorker.java:lambda$new$0(132)) - ac4886d7-4657-4eaa-a4f0-9d9681fb35b9-SegmentedRaftLogWorker:Storage Directory /tmp/workdir/hadoop-ozone/integration-test/target/test-dir/MiniOzoneClusterImpl-16e5dc73-174f-42e0-b18c-cc1c204265a8/datanode-0/data/ratis/9b2efdae-10d3-4cda-8384-72dfdbb7e477: flushIndex: setUnconditionally 0 -> -1
2019-07-13 20:36:45,684 INFO  server.RaftServerConfigKeys (ConfUtils.java:logGet(43)) - raft.server.snapshot.auto.trigger.enabled = true (custom)
2019-07-13 20:36:45,684 INFO  server.RaftServerConfigKeys (ConfUtils.java:logGet(43)) - raft.server.snapshot.auto.trigger.threshold = 10000 (custom)
2019-07-13 20:36:45,685 INFO  server.RaftServerConfigKeys (ConfUtils.java:logGet(43)) - raft.server.retrycache.expirytime = 600000ms (custom)
2019-07-13 20:36:45,685 INFO  impl.RaftServerImpl (RaftServerImpl.java:start(180)) - ac4886d7-4657-4eaa-a4f0-9d9681fb35b9: start group-72DFDBB7E477
2019-07-13 20:36:45,685 INFO  impl.RaftServerImpl (RaftServerImpl.java:setRole(171)) - ac4886d7-4657-4eaa-a4f0-9d9681fb35b9:group-72DFDBB7E477 changes role from null to FOLLOWER at term 0 for startAsFollower
2019-07-13 20:36:45,685 INFO  impl.RoleInfo (RoleInfo.java:updateAndGet(143)) - ac4886d7-4657-4eaa-a4f0-9d9681fb35b9: start FollowerState
2019-07-13 20:36:45,686 INFO  util.JmxRegister (JmxRegister.java:tryRegister(44)) - Successfully registered JMX Bean with object name Ratis:service=RaftServer,group=group-72DFDBB7E477,id=ac4886d7-4657-4eaa-a4f0-9d9681fb35b9
2019-07-13 20:36:45,687 INFO  pipeline.PipelineStateManager (PipelineStateManager.java:addPipeline(56)) - Created pipeline Pipeline[ Id: 9b2efdae-10d3-4cda-8384-72dfdbb7e477, Nodes: df9f50e8-bd32-4f3b-ae1d-0a839bc9434d{ip: 192.168.5.168, host: trunk-nightly-6qp7m-2461138711, networkLocation: /default-rack, certSerialId: null}ac4886d7-4657-4eaa-a4f0-9d9681fb35b9{ip: 192.168.5.168, host: trunk-nightly-6qp7m-2461138711, networkLocation: /default-rack, certSerialId: null}48ee16ca-761e-4141-a55c-dd081db6ecd0{ip: 192.168.5.168, host: trunk-nightly-6qp7m-2461138711, networkLocation: /default-rack, certSerialId: null}, Type:RATIS, Factor:THREE, State:OPEN]
2019-07-13 20:36:45,776 INFO  node.SCMNodeManager (SCMNodeManager.java:register(269)) - Registered Data node : a6dfa705-7af2-43a8-a839-787b9abaa6e5{ip: 192.168.5.168, host: trunk-nightly-6qp7m-2461138711, networkLocation: /default-rack, certSerialId: null}
2019-07-13 20:36:45,788 INFO  impl.RaftServerProxy (RaftServerProxy.java:addNew(89)) - a6dfa705-7af2-43a8-a839-787b9abaa6e5: addNew group-B49FBF119B19:[a6dfa705-7af2-43a8-a839-787b9abaa6e5:192.168.5.168:36229] returns group-B49FBF119B19:java.util.concurrent.CompletableFuture@1e60977[Not completed]
2019-07-13 20:36:45,789 INFO  impl.RaftServerImpl (RaftServerImpl.java:<init>(93)) - a6dfa705-7af2-43a8-a839-787b9abaa6e5: new RaftServerImpl for group-B49FBF119B19:[a6dfa705-7af2-43a8-a839-787b9abaa6e5:192.168.5.168:36229] with ContainerStateMachine:uninitialized
2019-07-13 20:36:45,789 INFO  server.RaftServerConfigKeys (ConfUtils.java:logGet(43)) - raft.server.rpc.timeout.min = 5s (custom)
2019-07-13 20:36:45,789 INFO  server.RaftServerConfigKeys (ConfUtils.java:logGet(43)) - raft.server.rpc.timeout.max = 5200ms (custom)
2019-07-13 20:36:45,789 INFO  server.RaftServerConfigKeys (ConfUtils.java:logGet(43)) - raft.server.rpcslowness.timeout = 120s (custom)
2019-07-13 20:36:45,789 INFO  server.RaftServerConfigKeys (ConfUtils.java:logGet(43)) - raft.server.sleep.deviation.threshold = 300 (default)
2019-07-13 20:36:45,790 INFO  server.RaftServerConfigKeys (ConfUtils.java:logGet(43)) - raft.server.log.appender.install.snapshot.enabled = false (custom)
2019-07-13 20:36:45,790 INFO  impl.RaftServerImpl (ServerState.java:<init>(105)) - a6dfa705-7af2-43a8-a839-787b9abaa6e5:group-B49FBF119B19 ConfigurationManager, init=-1: [a6dfa705-7af2-43a8-a839-787b9abaa6e5:192.168.5.168:36229], old=null, confs=<EMPTY_MAP>
2019-07-13 20:36:45,790 INFO  server.RaftServerConfigKeys (ConfUtils.java:logGet(43)) - raft.server.storage.dir = [/tmp/workdir/hadoop-ozone/integration-test/target/test-dir/MiniOzoneClusterImpl-16e5dc73-174f-42e0-b18c-cc1c204265a8/datanode-3/data/ratis] (custom)
2019-07-13 20:36:45,790 INFO  storage.RaftStorageDirectory (RaftStorageDirectory.java:analyzeStorage(246)) - The storage directory /tmp/workdir/hadoop-ozone/integration-test/target/test-dir/MiniOzoneClusterImpl-16e5dc73-174f-42e0-b18c-cc1c204265a8/datanode-3/data/ratis/65e72158-8fe2-4aca-be3a-b49fbf119b19 does not exist. Creating ...
2019-07-13 20:36:45,805 INFO  storage.RaftStorageDirectory (RaftStorageDirectory.java:tryLock(328)) - Lock on /tmp/workdir/hadoop-ozone/integration-test/target/test-dir/MiniOzoneClusterImpl-16e5dc73-174f-42e0-b18c-cc1c204265a8/datanode-3/data/ratis/65e72158-8fe2-4aca-be3a-b49fbf119b19/in_use.lock acquired by nodename 32015@trunk-nightly-6qp7m-2461138711
2019-07-13 20:36:45,808 INFO  storage.RaftStorage (RaftStorage.java:format(72)) - Storage directory /tmp/workdir/hadoop-ozone/integration-test/target/test-dir/MiniOzoneClusterImpl-16e5dc73-174f-42e0-b18c-cc1c204265a8/datanode-3/data/ratis/65e72158-8fe2-4aca-be3a-b49fbf119b19 has been successfully formatted.
2019-07-13 20:36:45,808 INFO  ratis.ContainerStateMachine (ContainerStateMachine.java:loadSnapshot(200)) - The snapshot info is null.Setting the last applied index to:(t:0, i:~)
2019-07-13 20:36:45,809 INFO  server.RaftServerConfigKeys (ConfUtils.java:logGet(43)) - raft.server.leader.election.timeout = 120s (custom)
2019-07-13 20:36:45,809 INFO  server.RaftServerConfigKeys (ConfUtils.java:logGet(43)) - raft.server.log.use.memory = false (default)
2019-07-13 20:36:45,809 INFO  server.RaftServerConfigKeys (ConfUtils.java:logGet(43)) - raft.server.log.purge.gap = 1000000000 (custom)
2019-07-13 20:36:45,809 INFO  server.RaftServerConfigKeys (ConfUtils.java:logGet(43)) - raft.server.log.appender.buffer.byte-limit = 33554432 (custom)
2019-07-13 20:36:45,809 INFO  server.RaftServerConfigKeys (ConfUtils.java:logGet(43)) - raft.server.log.segment.size.max = 1048576 (custom)
2019-07-13 20:36:45,809 INFO  server.RaftServerConfigKeys (ConfUtils.java:logGet(43)) - raft.server.log.segment.cache.num.max = 2 (custom)
2019-07-13 20:36:45,810 INFO  segmented.SegmentedRaftLogWorker (SegmentedRaftLogWorker.java:<init>(172)) - new a6dfa705-7af2-43a8-a839-787b9abaa6e5-SegmentedRaftLogWorker:Storage Directory /tmp/workdir/hadoop-ozone/integration-test/target/test-dir/MiniOzoneClusterImpl-16e5dc73-174f-42e0-b18c-cc1c204265a8/datanode-3/data/ratis/65e72158-8fe2-4aca-be3a-b49fbf119b19 for RaftStorage:Storage Directory /tmp/workdir/hadoop-ozone/integration-test/target/test-dir/MiniOzoneClusterImpl-16e5dc73-174f-42e0-b18c-cc1c204265a8/datanode-3/data/ratis/65e72158-8fe2-4aca-be3a-b49fbf119b19
2019-07-13 20:36:45,810 INFO  server.RaftServerConfigKeys (ConfUtils.java:logGet(43)) - raft.server.log.queue.byte-limit = 2147483647 (custom)
2019-07-13 20:36:45,810 INFO  server.RaftServerConfigKeys (ConfUtils.java:logGet(43)) - raft.server.log.queue.element-limit = 1024 (custom)
2019-07-13 20:36:45,810 INFO  server.RaftServerConfigKeys (ConfUtils.java:logGet(43)) - raft.server.log.segment.size.max = 1048576 (custom)
2019-07-13 20:36:45,810 INFO  server.RaftServerConfigKeys (ConfUtils.java:logGet(43)) - raft.server.log.preallocated.size = 16384 (custom)
2019-07-13 20:36:45,810 INFO  server.RaftServerConfigKeys (ConfUtils.java:logGet(43)) - raft.server.log.write.buffer.size = 33554432 (custom)
2019-07-13 20:36:45,811 INFO  server.RaftServerConfigKeys (ConfUtils.java:logGet(43)) - raft.server.log.force.sync.num = 128 (default)
2019-07-13 20:36:45,811 INFO  server.RaftServerConfigKeys (ConfUtils.java:logGet(43)) - raft.server.log.statemachine.data.sync = true (default)
2019-07-13 20:36:45,811 INFO  server.RaftServerConfigKeys (ConfUtils.java:logGet(43)) - raft.server.log.statemachine.data.sync.timeout = 10s (default)
2019-07-13 20:36:45,811 INFO  server.RaftServerConfigKeys (ConfUtils.java:logGet(43)) - raft.server.log.statemachine.data.sync.timeout.retry = -1 (default)
2019-07-13 20:36:45,811 INFO  server.RaftServerConfigKeys (ConfUtils.java:logGet(43)) - raft.server.log.statemachine.data.caching.enabled = true (custom)
2019-07-13 20:36:45,812 INFO  segmented.SegmentedRaftLogWorker (SegmentedRaftLogWorker.java:lambda$new$0(132)) - a6dfa705-7af2-43a8-a839-787b9abaa6e5-SegmentedRaftLogWorker:Storage Directory /tmp/workdir/hadoop-ozone/integration-test/target/test-dir/MiniOzoneClusterImpl-16e5dc73-174f-42e0-b18c-cc1c204265a8/datanode-3/data/ratis/65e72158-8fe2-4aca-be3a-b49fbf119b19: flushIndex: setUnconditionally 0 -> -1
2019-07-13 20:36:45,812 INFO  server.RaftServerConfigKeys (ConfUtils.java:logGet(43)) - raft.server.snapshot.auto.trigger.enabled = true (custom)
2019-07-13 20:36:45,812 INFO  server.RaftServerConfigKeys (ConfUtils.java:logGet(43)) - raft.server.snapshot.auto.trigger.threshold = 10000 (custom)
2019-07-13 20:36:45,812 INFO  server.RaftServerConfigKeys (ConfUtils.java:logGet(43)) - raft.server.retrycache.expirytime = 600000ms (custom)
2019-07-13 20:36:45,812 INFO  impl.RaftServerImpl (RaftServerImpl.java:start(180)) - a6dfa705-7af2-43a8-a839-787b9abaa6e5: start group-B49FBF119B19
2019-07-13 20:36:45,813 INFO  impl.RaftServerImpl (RaftServerImpl.java:setRole(171)) - a6dfa705-7af2-43a8-a839-787b9abaa6e5:group-B49FBF119B19 changes role from null to FOLLOWER at term 0 for startAsFollower
2019-07-13 20:36:45,813 INFO  impl.RoleInfo (RoleInfo.java:updateAndGet(143)) - a6dfa705-7af2-43a8-a839-787b9abaa6e5: start FollowerState
2019-07-13 20:36:45,813 INFO  util.JmxRegister (JmxRegister.java:tryRegister(44)) - Successfully registered JMX Bean with object name Ratis:service=RaftServer,group=group-B49FBF119B19,id=a6dfa705-7af2-43a8-a839-787b9abaa6e5
2019-07-13 20:36:45,815 INFO  pipeline.PipelineStateManager (PipelineStateManager.java:addPipeline(56)) - Created pipeline Pipeline[ Id: 65e72158-8fe2-4aca-be3a-b49fbf119b19, Nodes: a6dfa705-7af2-43a8-a839-787b9abaa6e5{ip: 192.168.5.168, host: trunk-nightly-6qp7m-2461138711, networkLocation: /default-rack, certSerialId: null}, Type:RATIS, Factor:ONE, State:OPEN]
2019-07-13 20:36:45,940 INFO  node.SCMNodeManager (SCMNodeManager.java:register(269)) - Registered Data node : 65f6e63d-e463-4e76-8bb6-dba3a9205235{ip: 192.168.5.168, host: trunk-nightly-6qp7m-2461138711, networkLocation: /default-rack, certSerialId: null}
2019-07-13 20:36:45,946 INFO  impl.RaftServerProxy (RaftServerProxy.java:addNew(89)) - 65f6e63d-e463-4e76-8bb6-dba3a9205235: addNew group-2593141E74A5:[65f6e63d-e463-4e76-8bb6-dba3a9205235:192.168.5.168:44436] returns group-2593141E74A5:java.util.concurrent.CompletableFuture@65ca1268[Not completed]
2019-07-13 20:36:45,947 INFO  impl.RaftServerImpl (RaftServerImpl.java:<init>(93)) - 65f6e63d-e463-4e76-8bb6-dba3a9205235: new RaftServerImpl for group-2593141E74A5:[65f6e63d-e463-4e76-8bb6-dba3a9205235:192.168.5.168:44436] with ContainerStateMachine:uninitialized
2019-07-13 20:36:45,947 INFO  server.RaftServerConfigKeys (ConfUtils.java:logGet(43)) - raft.server.rpc.timeout.min = 5s (custom)
2019-07-13 20:36:45,947 INFO  server.RaftServerConfigKeys (ConfUtils.java:logGet(43)) - raft.server.rpc.timeout.max = 5200ms (custom)
2019-07-13 20:36:45,947 INFO  server.RaftServerConfigKeys (ConfUtils.java:logGet(43)) - raft.server.rpcslowness.timeout = 120s (custom)
2019-07-13 20:36:45,948 INFO  server.RaftServerConfigKeys (ConfUtils.java:logGet(43)) - raft.server.sleep.deviation.threshold = 300 (default)
2019-07-13 20:36:45,948 INFO  server.RaftServerConfigKeys (ConfUtils.java:logGet(43)) - raft.server.log.appender.install.snapshot.enabled = false (custom)
2019-07-13 20:36:45,948 INFO  impl.RaftServerImpl (ServerState.java:<init>(105)) - 65f6e63d-e463-4e76-8bb6-dba3a9205235:group-2593141E74A5 ConfigurationManager, init=-1: [65f6e63d-e463-4e76-8bb6-dba3a9205235:192.168.5.168:44436], old=null, confs=<EMPTY_MAP>
2019-07-13 20:36:45,948 INFO  server.RaftServerConfigKeys (ConfUtils.java:logGet(43)) - raft.server.storage.dir = [/tmp/workdir/hadoop-ozone/integration-test/target/test-dir/MiniOzoneClusterImpl-16e5dc73-174f-42e0-b18c-cc1c204265a8/datanode-4/data/ratis] (custom)
2019-07-13 20:36:45,948 INFO  storage.RaftStorageDirectory (RaftStorageDirectory.java:analyzeStorage(246)) - The storage directory /tmp/workdir/hadoop-ozone/integration-test/target/test-dir/MiniOzoneClusterImpl-16e5dc73-174f-42e0-b18c-cc1c204265a8/datanode-4/data/ratis/233227bf-e748-4f65-af12-2593141e74a5 does not exist. Creating ...
2019-07-13 20:36:45,952 INFO  storage.RaftStorageDirectory (RaftStorageDirectory.java:tryLock(328)) - Lock on /tmp/workdir/hadoop-ozone/integration-test/target/test-dir/MiniOzoneClusterImpl-16e5dc73-174f-42e0-b18c-cc1c204265a8/datanode-4/data/ratis/233227bf-e748-4f65-af12-2593141e74a5/in_use.lock acquired by nodename 32015@trunk-nightly-6qp7m-2461138711
2019-07-13 20:36:45,955 INFO  storage.RaftStorage (RaftStorage.java:format(72)) - Storage directory /tmp/workdir/hadoop-ozone/integration-test/target/test-dir/MiniOzoneClusterImpl-16e5dc73-174f-42e0-b18c-cc1c204265a8/datanode-4/data/ratis/233227bf-e748-4f65-af12-2593141e74a5 has been successfully formatted.
2019-07-13 20:36:45,956 INFO  ratis.ContainerStateMachine (ContainerStateMachine.java:loadSnapshot(200)) - The snapshot info is null.Setting the last applied index to:(t:0, i:~)
2019-07-13 20:36:45,956 INFO  server.RaftServerConfigKeys (ConfUtils.java:logGet(43)) - raft.server.leader.election.timeout = 120s (custom)
2019-07-13 20:36:45,956 INFO  server.RaftServerConfigKeys (ConfUtils.java:logGet(43)) - raft.server.log.use.memory = false (default)
2019-07-13 20:36:45,956 INFO  server.RaftServerConfigKeys (ConfUtils.java:logGet(43)) - raft.server.log.purge.gap = 1000000000 (custom)
2019-07-13 20:36:45,956 INFO  server.RaftServerConfigKeys (ConfUtils.java:logGet(43)) - raft.server.log.appender.buffer.byte-limit = 33554432 (custom)
2019-07-13 20:36:45,957 INFO  server.RaftServerConfigKeys (ConfUtils.java:logGet(43)) - raft.server.log.segment.size.max = 1048576 (custom)
2019-07-13 20:36:45,957 INFO  server.RaftServerConfigKeys (ConfUtils.java:logGet(43)) - raft.server.log.segment.cache.num.max = 2 (custom)
2019-07-13 20:36:45,957 INFO  segmented.SegmentedRaftLogWorker (SegmentedRaftLogWorker.java:<init>(172)) - new 65f6e63d-e463-4e76-8bb6-dba3a9205235-SegmentedRaftLogWorker:Storage Directory /tmp/workdir/hadoop-ozone/integration-test/target/test-dir/MiniOzoneClusterImpl-16e5dc73-174f-42e0-b18c-cc1c204265a8/datanode-4/data/ratis/233227bf-e748-4f65-af12-2593141e74a5 for RaftStorage:Storage Directory /tmp/workdir/hadoop-ozone/integration-test/target/test-dir/MiniOzoneClusterImpl-16e5dc73-174f-42e0-b18c-cc1c204265a8/datanode-4/data/ratis/233227bf-e748-4f65-af12-2593141e74a5
2019-07-13 20:36:45,957 INFO  server.RaftServerConfigKeys (ConfUtils.java:logGet(43)) - raft.server.log.queue.byte-limit = 2147483647 (custom)
2019-07-13 20:36:45,957 INFO  server.RaftServerConfigKeys (ConfUtils.java:logGet(43)) - raft.server.log.queue.element-limit = 1024 (custom)
2019-07-13 20:36:45,957 INFO  server.RaftServerConfigKeys (ConfUtils.java:logGet(43)) - raft.server.log.segment.size.max = 1048576 (custom)
2019-07-13 20:36:45,958 INFO  server.RaftServerConfigKeys (ConfUtils.java:logGet(43)) - raft.server.log.preallocated.size = 16384 (custom)
2019-07-13 20:36:45,958 INFO  server.RaftServerConfigKeys (ConfUtils.java:logGet(43)) - raft.server.log.write.buffer.size = 33554432 (custom)
2019-07-13 20:36:45,958 INFO  server.RaftServerConfigKeys (ConfUtils.java:logGet(43)) - raft.server.log.force.sync.num = 128 (default)
2019-07-13 20:36:45,958 INFO  server.RaftServerConfigKeys (ConfUtils.java:logGet(43)) - raft.server.log.statemachine.data.sync = true (default)
2019-07-13 20:36:45,958 INFO  server.RaftServerConfigKeys (ConfUtils.java:logGet(43)) - raft.server.log.statemachine.data.sync.timeout = 10s (default)
2019-07-13 20:36:45,958 INFO  server.RaftServerConfigKeys (ConfUtils.java:logGet(43)) - raft.server.log.statemachine.data.sync.timeout.retry = -1 (default)
2019-07-13 20:36:45,959 INFO  server.RaftServerConfigKeys (ConfUtils.java:logGet(43)) - raft.server.log.statemachine.data.caching.enabled = true (custom)
2019-07-13 20:36:45,959 INFO  segmented.SegmentedRaftLogWorker (SegmentedRaftLogWorker.java:lambda$new$0(132)) - 65f6e63d-e463-4e76-8bb6-dba3a9205235-SegmentedRaftLogWorker:Storage Directory /tmp/workdir/hadoop-ozone/integration-test/target/test-dir/MiniOzoneClusterImpl-16e5dc73-174f-42e0-b18c-cc1c204265a8/datanode-4/data/ratis/233227bf-e748-4f65-af12-2593141e74a5: flushIndex: setUnconditionally 0 -> -1
2019-07-13 20:36:45,959 INFO  server.RaftServerConfigKeys (ConfUtils.java:logGet(43)) - raft.server.snapshot.auto.trigger.enabled = true (custom)
2019-07-13 20:36:45,959 INFO  server.RaftServerConfigKeys (ConfUtils.java:logGet(43)) - raft.server.snapshot.auto.trigger.threshold = 10000 (custom)
2019-07-13 20:36:45,960 INFO  server.RaftServerConfigKeys (ConfUtils.java:logGet(43)) - raft.server.retrycache.expirytime = 600000ms (custom)
2019-07-13 20:36:45,960 INFO  impl.RaftServerImpl (RaftServerImpl.java:start(180)) - 65f6e63d-e463-4e76-8bb6-dba3a9205235: start group-2593141E74A5
2019-07-13 20:36:45,960 INFO  impl.RaftServerImpl (RaftServerImpl.java:setRole(171)) - 65f6e63d-e463-4e76-8bb6-dba3a9205235:group-2593141E74A5 changes role from null to FOLLOWER at term 0 for startAsFollower
2019-07-13 20:36:45,960 INFO  impl.RoleInfo (RoleInfo.java:updateAndGet(143)) - 65f6e63d-e463-4e76-8bb6-dba3a9205235: start FollowerState
2019-07-13 20:36:45,961 INFO  util.JmxRegister (JmxRegister.java:tryRegister(44)) - Successfully registered JMX Bean with object name Ratis:service=RaftServer,group=group-2593141E74A5,id=65f6e63d-e463-4e76-8bb6-dba3a9205235
2019-07-13 20:36:45,962 INFO  pipeline.PipelineStateManager (PipelineStateManager.java:addPipeline(56)) - Created pipeline Pipeline[ Id: 233227bf-e748-4f65-af12-2593141e74a5, Nodes: 65f6e63d-e463-4e76-8bb6-dba3a9205235{ip: 192.168.5.168, host: trunk-nightly-6qp7m-2461138711, networkLocation: /default-rack, certSerialId: null}, Type:RATIS, Factor:ONE, State:OPEN]
2019-07-13 20:36:46,103 INFO  node.SCMNodeManager (SCMNodeManager.java:register(269)) - Registered Data node : 2c4950fd-1e5d-47b3-a656-44c486ef0704{ip: 192.168.5.168, host: trunk-nightly-6qp7m-2461138711, networkLocation: /default-rack, certSerialId: null}
2019-07-13 20:36:46,112 INFO  impl.RaftServerProxy (RaftServerProxy.java:addNew(89)) - 2c4950fd-1e5d-47b3-a656-44c486ef0704: addNew group-AA704957962C:[2c4950fd-1e5d-47b3-a656-44c486ef0704:192.168.5.168:45212] returns group-AA704957962C:java.util.concurrent.CompletableFuture@c4537a2[Not completed]
2019-07-13 20:36:46,114 INFO  impl.RaftServerImpl (RaftServerImpl.java:<init>(93)) - 2c4950fd-1e5d-47b3-a656-44c486ef0704: new RaftServerImpl for group-AA704957962C:[2c4950fd-1e5d-47b3-a656-44c486ef0704:192.168.5.168:45212] with ContainerStateMachine:uninitialized
2019-07-13 20:36:46,114 INFO  server.RaftServerConfigKeys (ConfUtils.java:logGet(43)) - raft.server.rpc.timeout.min = 5s (custom)
2019-07-13 20:36:46,114 INFO  server.RaftServerConfigKeys (ConfUtils.java:logGet(43)) - raft.server.rpc.timeout.max = 5200ms (custom)
2019-07-13 20:36:46,114 INFO  server.RaftServerConfigKeys (ConfUtils.java:logGet(43)) - raft.server.rpcslowness.timeout = 120s (custom)
2019-07-13 20:36:46,114 INFO  server.RaftServerConfigKeys (ConfUtils.java:logGet(43)) - raft.server.sleep.deviation.threshold = 300 (default)
2019-07-13 20:36:46,115 INFO  server.RaftServerConfigKeys (ConfUtils.java:logGet(43)) - raft.server.log.appender.install.snapshot.enabled = false (custom)
2019-07-13 20:36:46,115 INFO  impl.RaftServerImpl (ServerState.java:<init>(105)) - 2c4950fd-1e5d-47b3-a656-44c486ef0704:group-AA704957962C ConfigurationManager, init=-1: [2c4950fd-1e5d-47b3-a656-44c486ef0704:192.168.5.168:45212], old=null, confs=<EMPTY_MAP>
2019-07-13 20:36:46,115 INFO  server.RaftServerConfigKeys (ConfUtils.java:logGet(43)) - raft.server.storage.dir = [/tmp/workdir/hadoop-ozone/integration-test/target/test-dir/MiniOzoneClusterImpl-16e5dc73-174f-42e0-b18c-cc1c204265a8/datanode-5/data/ratis] (custom)
2019-07-13 20:36:46,116 INFO  storage.RaftStorageDirectory (RaftStorageDirectory.java:analyzeStorage(246)) - The storage directory /tmp/workdir/hadoop-ozone/integration-test/target/test-dir/MiniOzoneClusterImpl-16e5dc73-174f-42e0-b18c-cc1c204265a8/datanode-5/data/ratis/48b26156-451b-449a-a580-aa704957962c does not exist. Creating ...
2019-07-13 20:36:46,131 INFO  storage.RaftStorageDirectory (RaftStorageDirectory.java:tryLock(328)) - Lock on /tmp/workdir/hadoop-ozone/integration-test/target/test-dir/MiniOzoneClusterImpl-16e5dc73-174f-42e0-b18c-cc1c204265a8/datanode-5/data/ratis/48b26156-451b-449a-a580-aa704957962c/in_use.lock acquired by nodename 32015@trunk-nightly-6qp7m-2461138711
2019-07-13 20:36:46,134 INFO  storage.RaftStorage (RaftStorage.java:format(72)) - Storage directory /tmp/workdir/hadoop-ozone/integration-test/target/test-dir/MiniOzoneClusterImpl-16e5dc73-174f-42e0-b18c-cc1c204265a8/datanode-5/data/ratis/48b26156-451b-449a-a580-aa704957962c has been successfully formatted.
2019-07-13 20:36:46,135 INFO  ratis.ContainerStateMachine (ContainerStateMachine.java:loadSnapshot(200)) - The snapshot info is null.Setting the last applied index to:(t:0, i:~)
2019-07-13 20:36:46,135 INFO  server.RaftServerConfigKeys (ConfUtils.java:logGet(43)) - raft.server.leader.election.timeout = 120s (custom)
2019-07-13 20:36:46,135 INFO  server.RaftServerConfigKeys (ConfUtils.java:logGet(43)) - raft.server.log.use.memory = false (default)
2019-07-13 20:36:46,135 INFO  server.RaftServerConfigKeys (ConfUtils.java:logGet(43)) - raft.server.log.purge.gap = 1000000000 (custom)
2019-07-13 20:36:46,135 INFO  server.RaftServerConfigKeys (ConfUtils.java:logGet(43)) - raft.server.log.appender.buffer.byte-limit = 33554432 (custom)
2019-07-13 20:36:46,136 INFO  server.RaftServerConfigKeys (ConfUtils.java:logGet(43)) - raft.server.log.segment.size.max = 1048576 (custom)
2019-07-13 20:36:46,136 INFO  server.RaftServerConfigKeys (ConfUtils.java:logGet(43)) - raft.server.log.segment.cache.num.max = 2 (custom)
2019-07-13 20:36:46,136 INFO  segmented.SegmentedRaftLogWorker (SegmentedRaftLogWorker.java:<init>(172)) - new 2c4950fd-1e5d-47b3-a656-44c486ef0704-SegmentedRaftLogWorker:Storage Directory /tmp/workdir/hadoop-ozone/integration-test/target/test-dir/MiniOzoneClusterImpl-16e5dc73-174f-42e0-b18c-cc1c204265a8/datanode-5/data/ratis/48b26156-451b-449a-a580-aa704957962c for RaftStorage:Storage Directory /tmp/workdir/hadoop-ozone/integration-test/target/test-dir/MiniOzoneClusterImpl-16e5dc73-174f-42e0-b18c-cc1c204265a8/datanode-5/data/ratis/48b26156-451b-449a-a580-aa704957962c
2019-07-13 20:36:46,136 INFO  server.RaftServerConfigKeys (ConfUtils.java:logGet(43)) - raft.server.log.queue.byte-limit = 2147483647 (custom)
2019-07-13 20:36:46,136 INFO  server.RaftServerConfigKeys (ConfUtils.java:logGet(43)) - raft.server.log.queue.element-limit = 1024 (custom)
2019-07-13 20:36:46,137 INFO  server.RaftServerConfigKeys (ConfUtils.java:logGet(43)) - raft.server.log.segment.size.max = 1048576 (custom)
2019-07-13 20:36:46,137 INFO  server.RaftServerConfigKeys (ConfUtils.java:logGet(43)) - raft.server.log.preallocated.size = 16384 (custom)
2019-07-13 20:36:46,137 INFO  server.RaftServerConfigKeys (ConfUtils.java:logGet(43)) - raft.server.log.write.buffer.size = 33554432 (custom)
2019-07-13 20:36:46,137 INFO  server.RaftServerConfigKeys (ConfUtils.java:logGet(43)) - raft.server.log.force.sync.num = 128 (default)
2019-07-13 20:36:46,137 INFO  server.RaftServerConfigKeys (ConfUtils.java:logGet(43)) - raft.server.log.statemachine.data.sync = true (default)
2019-07-13 20:36:46,137 INFO  server.RaftServerConfigKeys (ConfUtils.java:logGet(43)) - raft.server.log.statemachine.data.sync.timeout = 10s (default)
2019-07-13 20:36:46,138 INFO  server.RaftServerConfigKeys (ConfUtils.java:logGet(43)) - raft.server.log.statemachine.data.sync.timeout.retry = -1 (default)
2019-07-13 20:36:46,138 INFO  server.RaftServerConfigKeys (ConfUtils.java:logGet(43)) - raft.server.log.statemachine.data.caching.enabled = true (custom)
2019-07-13 20:36:46,138 INFO  segmented.SegmentedRaftLogWorker (SegmentedRaftLogWorker.java:lambda$new$0(132)) - 2c4950fd-1e5d-47b3-a656-44c486ef0704-SegmentedRaftLogWorker:Storage Directory /tmp/workdir/hadoop-ozone/integration-test/target/test-dir/MiniOzoneClusterImpl-16e5dc73-174f-42e0-b18c-cc1c204265a8/datanode-5/data/ratis/48b26156-451b-449a-a580-aa704957962c: flushIndex: setUnconditionally 0 -> -1
2019-07-13 20:36:46,139 INFO  server.RaftServerConfigKeys (ConfUtils.java:logGet(43)) - raft.server.snapshot.auto.trigger.enabled = true (custom)
2019-07-13 20:36:46,139 INFO  server.RaftServerConfigKeys (ConfUtils.java:logGet(43)) - raft.server.snapshot.auto.trigger.threshold = 10000 (custom)
2019-07-13 20:36:46,139 INFO  server.RaftServerConfigKeys (ConfUtils.java:logGet(43)) - raft.server.retrycache.expirytime = 600000ms (custom)
2019-07-13 20:36:46,139 INFO  impl.RaftServerImpl (RaftServerImpl.java:start(180)) - 2c4950fd-1e5d-47b3-a656-44c486ef0704: start group-AA704957962C
2019-07-13 20:36:46,139 INFO  impl.RaftServerImpl (RaftServerImpl.java:setRole(171)) - 2c4950fd-1e5d-47b3-a656-44c486ef0704:group-AA704957962C changes role from null to FOLLOWER at term 0 for startAsFollower
2019-07-13 20:36:46,140 INFO  impl.RoleInfo (RoleInfo.java:updateAndGet(143)) - 2c4950fd-1e5d-47b3-a656-44c486ef0704: start FollowerState
2019-07-13 20:36:46,140 INFO  util.JmxRegister (JmxRegister.java:tryRegister(44)) - Successfully registered JMX Bean with object name Ratis:service=RaftServer,group=group-AA704957962C,id=2c4950fd-1e5d-47b3-a656-44c486ef0704
2019-07-13 20:36:46,142 INFO  pipeline.PipelineStateManager (PipelineStateManager.java:addPipeline(56)) - Created pipeline Pipeline[ Id: 48b26156-451b-449a-a580-aa704957962c, Nodes: 2c4950fd-1e5d-47b3-a656-44c486ef0704{ip: 192.168.5.168, host: trunk-nightly-6qp7m-2461138711, networkLocation: /default-rack, certSerialId: null}, Type:RATIS, Factor:ONE, State:OPEN]
2019-07-13 20:36:46,155 INFO  impl.RaftServerProxy (RaftServerProxy.java:addNew(89)) - a6dfa705-7af2-43a8-a839-787b9abaa6e5: addNew group-EE371F6605C5:[65f6e63d-e463-4e76-8bb6-dba3a9205235:192.168.5.168:44436, 2c4950fd-1e5d-47b3-a656-44c486ef0704:192.168.5.168:45212, a6dfa705-7af2-43a8-a839-787b9abaa6e5:192.168.5.168:36229] returns group-EE371F6605C5:java.util.concurrent.CompletableFuture@3ae3be63[Not completed]
2019-07-13 20:36:46,156 INFO  impl.RaftServerProxy (RaftServerProxy.java:addNew(89)) - 2c4950fd-1e5d-47b3-a656-44c486ef0704: addNew group-EE371F6605C5:[65f6e63d-e463-4e76-8bb6-dba3a9205235:192.168.5.168:44436, 2c4950fd-1e5d-47b3-a656-44c486ef0704:192.168.5.168:45212, a6dfa705-7af2-43a8-a839-787b9abaa6e5:192.168.5.168:36229] returns group-EE371F6605C5:java.util.concurrent.CompletableFuture@6d607b78[Not completed]
2019-07-13 20:36:46,156 INFO  impl.RaftServerProxy (RaftServerProxy.java:addNew(89)) - 65f6e63d-e463-4e76-8bb6-dba3a9205235: addNew group-EE371F6605C5:[65f6e63d-e463-4e76-8bb6-dba3a9205235:192.168.5.168:44436, 2c4950fd-1e5d-47b3-a656-44c486ef0704:192.168.5.168:45212, a6dfa705-7af2-43a8-a839-787b9abaa6e5:192.168.5.168:36229] returns group-EE371F6605C5:java.util.concurrent.CompletableFuture@5d8bc698[Not completed]
2019-07-13 20:36:46,156 INFO  impl.RaftServerImpl (RaftServerImpl.java:<init>(93)) - a6dfa705-7af2-43a8-a839-787b9abaa6e5: new RaftServerImpl for group-EE371F6605C5:[65f6e63d-e463-4e76-8bb6-dba3a9205235:192.168.5.168:44436, 2c4950fd-1e5d-47b3-a656-44c486ef0704:192.168.5.168:45212, a6dfa705-7af2-43a8-a839-787b9abaa6e5:192.168.5.168:36229] with ContainerStateMachine:uninitialized
2019-07-13 20:36:46,156 INFO  server.RaftServerConfigKeys (ConfUtils.java:logGet(43)) - raft.server.rpc.timeout.min = 5s (custom)
2019-07-13 20:36:46,157 INFO  server.RaftServerConfigKeys (ConfUtils.java:logGet(43)) - raft.server.rpc.timeout.max = 5200ms (custom)
2019-07-13 20:36:46,157 INFO  server.RaftServerConfigKeys (ConfUtils.java:logGet(43)) - raft.server.rpcslowness.timeout = 120s (custom)
2019-07-13 20:36:46,157 INFO  impl.RaftServerImpl (RaftServerImpl.java:<init>(93)) - 65f6e63d-e463-4e76-8bb6-dba3a9205235: new RaftServerImpl for group-EE371F6605C5:[65f6e63d-e463-4e76-8bb6-dba3a9205235:192.168.5.168:44436, 2c4950fd-1e5d-47b3-a656-44c486ef0704:192.168.5.168:45212, a6dfa705-7af2-43a8-a839-787b9abaa6e5:192.168.5.168:36229] with ContainerStateMachine:uninitialized
2019-07-13 20:36:46,157 INFO  server.RaftServerConfigKeys (ConfUtils.java:logGet(43)) - raft.server.sleep.deviation.threshold = 300 (default)
2019-07-13 20:36:46,157 INFO  server.RaftServerConfigKeys (ConfUtils.java:logGet(43)) - raft.server.rpc.timeout.min = 5s (custom)
2019-07-13 20:36:46,157 INFO  server.RaftServerConfigKeys (ConfUtils.java:logGet(43)) - raft.server.log.appender.install.snapshot.enabled = false (custom)
2019-07-13 20:36:46,157 INFO  impl.RaftServerImpl (RaftServerImpl.java:<init>(93)) - 2c4950fd-1e5d-47b3-a656-44c486ef0704: new RaftServerImpl for group-EE371F6605C5:[65f6e63d-e463-4e76-8bb6-dba3a9205235:192.168.5.168:44436, 2c4950fd-1e5d-47b3-a656-44c486ef0704:192.168.5.168:45212, a6dfa705-7af2-43a8-a839-787b9abaa6e5:192.168.5.168:36229] with ContainerStateMachine:uninitialized
2019-07-13 20:36:46,157 INFO  impl.RaftServerImpl (ServerState.java:<init>(105)) - a6dfa705-7af2-43a8-a839-787b9abaa6e5:group-EE371F6605C5 ConfigurationManager, init=-1: [65f6e63d-e463-4e76-8bb6-dba3a9205235:192.168.5.168:44436, 2c4950fd-1e5d-47b3-a656-44c486ef0704:192.168.5.168:45212, a6dfa705-7af2-43a8-a839-787b9abaa6e5:192.168.5.168:36229], old=null, confs=<EMPTY_MAP>
2019-07-13 20:36:46,157 INFO  server.RaftServerConfigKeys (ConfUtils.java:logGet(43)) - raft.server.rpc.timeout.max = 5200ms (custom)
2019-07-13 20:36:46,158 INFO  server.RaftServerConfigKeys (ConfUtils.java:logGet(43)) - raft.server.storage.dir = [/tmp/workdir/hadoop-ozone/integration-test/target/test-dir/MiniOzoneClusterImpl-16e5dc73-174f-42e0-b18c-cc1c204265a8/datanode-3/data/ratis] (custom)
2019-07-13 20:36:46,157 INFO  server.RaftServerConfigKeys (ConfUtils.java:logGet(43)) - raft.server.rpc.timeout.min = 5s (custom)
2019-07-13 20:36:46,158 INFO  server.RaftServerConfigKeys (ConfUtils.java:logGet(43)) - raft.server.rpcslowness.timeout = 120s (custom)
2019-07-13 20:36:46,158 INFO  storage.RaftStorageDirectory (RaftStorageDirectory.java:analyzeStorage(246)) - The storage directory /tmp/workdir/hadoop-ozone/integration-test/target/test-dir/MiniOzoneClusterImpl-16e5dc73-174f-42e0-b18c-cc1c204265a8/datanode-3/data/ratis/a195431b-977b-496a-bc6f-ee371f6605c5 does not exist. Creating ...
2019-07-13 20:36:46,158 INFO  server.RaftServerConfigKeys (ConfUtils.java:logGet(43)) - raft.server.rpc.timeout.max = 5200ms (custom)
2019-07-13 20:36:46,158 INFO  server.RaftServerConfigKeys (ConfUtils.java:logGet(43)) - raft.server.sleep.deviation.threshold = 300 (default)
2019-07-13 20:36:46,159 INFO  server.RaftServerConfigKeys (ConfUtils.java:logGet(43)) - raft.server.rpcslowness.timeout = 120s (custom)
2019-07-13 20:36:46,159 INFO  server.RaftServerConfigKeys (ConfUtils.java:logGet(43)) - raft.server.log.appender.install.snapshot.enabled = false (custom)
2019-07-13 20:36:46,159 INFO  server.RaftServerConfigKeys (ConfUtils.java:logGet(43)) - raft.server.sleep.deviation.threshold = 300 (default)
2019-07-13 20:36:46,159 INFO  impl.RaftServerImpl (ServerState.java:<init>(105)) - 65f6e63d-e463-4e76-8bb6-dba3a9205235:group-EE371F6605C5 ConfigurationManager, init=-1: [65f6e63d-e463-4e76-8bb6-dba3a9205235:192.168.5.168:44436, 2c4950fd-1e5d-47b3-a656-44c486ef0704:192.168.5.168:45212, a6dfa705-7af2-43a8-a839-787b9abaa6e5:192.168.5.168:36229], old=null, confs=<EMPTY_MAP>
2019-07-13 20:36:46,159 INFO  server.RaftServerConfigKeys (ConfUtils.java:logGet(43)) - raft.server.log.appender.install.snapshot.enabled = false (custom)
2019-07-13 20:36:46,159 INFO  server.RaftServerConfigKeys (ConfUtils.java:logGet(43)) - raft.server.storage.dir = [/tmp/workdir/hadoop-ozone/integration-test/target/test-dir/MiniOzoneClusterImpl-16e5dc73-174f-42e0-b18c-cc1c204265a8/datanode-4/data/ratis] (custom)
2019-07-13 20:36:46,159 INFO  impl.RaftServerImpl (ServerState.java:<init>(105)) - 2c4950fd-1e5d-47b3-a656-44c486ef0704:group-EE371F6605C5 ConfigurationManager, init=-1: [65f6e63d-e463-4e76-8bb6-dba3a9205235:192.168.5.168:44436, 2c4950fd-1e5d-47b3-a656-44c486ef0704:192.168.5.168:45212, a6dfa705-7af2-43a8-a839-787b9abaa6e5:192.168.5.168:36229], old=null, confs=<EMPTY_MAP>
2019-07-13 20:36:46,160 INFO  server.RaftServerConfigKeys (ConfUtils.java:logGet(43)) - raft.server.storage.dir = [/tmp/workdir/hadoop-ozone/integration-test/target/test-dir/MiniOzoneClusterImpl-16e5dc73-174f-42e0-b18c-cc1c204265a8/datanode-5/data/ratis] (custom)
2019-07-13 20:36:46,160 INFO  storage.RaftStorageDirectory (RaftStorageDirectory.java:analyzeStorage(246)) - The storage directory /tmp/workdir/hadoop-ozone/integration-test/target/test-dir/MiniOzoneClusterImpl-16e5dc73-174f-42e0-b18c-cc1c204265a8/datanode-4/data/ratis/a195431b-977b-496a-bc6f-ee371f6605c5 does not exist. Creating ...
2019-07-13 20:36:46,160 INFO  storage.RaftStorageDirectory (RaftStorageDirectory.java:analyzeStorage(246)) - The storage directory /tmp/workdir/hadoop-ozone/integration-test/target/test-dir/MiniOzoneClusterImpl-16e5dc73-174f-42e0-b18c-cc1c204265a8/datanode-5/data/ratis/a195431b-977b-496a-bc6f-ee371f6605c5 does not exist. Creating ...
2019-07-13 20:36:46,165 INFO  storage.RaftStorageDirectory (RaftStorageDirectory.java:tryLock(328)) - Lock on /tmp/workdir/hadoop-ozone/integration-test/target/test-dir/MiniOzoneClusterImpl-16e5dc73-174f-42e0-b18c-cc1c204265a8/datanode-3/data/ratis/a195431b-977b-496a-bc6f-ee371f6605c5/in_use.lock acquired by nodename 32015@trunk-nightly-6qp7m-2461138711
2019-07-13 20:36:46,167 INFO  storage.RaftStorageDirectory (RaftStorageDirectory.java:tryLock(328)) - Lock on /tmp/workdir/hadoop-ozone/integration-test/target/test-dir/MiniOzoneClusterImpl-16e5dc73-174f-42e0-b18c-cc1c204265a8/datanode-5/data/ratis/a195431b-977b-496a-bc6f-ee371f6605c5/in_use.lock acquired by nodename 32015@trunk-nightly-6qp7m-2461138711
2019-07-13 20:36:46,167 INFO  storage.RaftStorageDirectory (RaftStorageDirectory.java:tryLock(328)) - Lock on /tmp/workdir/hadoop-ozone/integration-test/target/test-dir/MiniOzoneClusterImpl-16e5dc73-174f-42e0-b18c-cc1c204265a8/datanode-4/data/ratis/a195431b-977b-496a-bc6f-ee371f6605c5/in_use.lock acquired by nodename 32015@trunk-nightly-6qp7m-2461138711
2019-07-13 20:36:46,169 INFO  storage.RaftStorage (RaftStorage.java:format(72)) - Storage directory /tmp/workdir/hadoop-ozone/integration-test/target/test-dir/MiniOzoneClusterImpl-16e5dc73-174f-42e0-b18c-cc1c204265a8/datanode-3/data/ratis/a195431b-977b-496a-bc6f-ee371f6605c5 has been successfully formatted.
2019-07-13 20:36:46,169 INFO  ratis.ContainerStateMachine (ContainerStateMachine.java:loadSnapshot(200)) - The snapshot info is null.Setting the last applied index to:(t:0, i:~)
2019-07-13 20:36:46,169 INFO  server.RaftServerConfigKeys (ConfUtils.java:logGet(43)) - raft.server.leader.election.timeout = 120s (custom)
2019-07-13 20:36:46,169 INFO  server.RaftServerConfigKeys (ConfUtils.java:logGet(43)) - raft.server.log.use.memory = false (default)
2019-07-13 20:36:46,170 INFO  server.RaftServerConfigKeys (ConfUtils.java:logGet(43)) - raft.server.log.purge.gap = 1000000000 (custom)
2019-07-13 20:36:46,170 INFO  server.RaftServerConfigKeys (ConfUtils.java:logGet(43)) - raft.server.log.appender.buffer.byte-limit = 33554432 (custom)
2019-07-13 20:36:46,170 INFO  server.RaftServerConfigKeys (ConfUtils.java:logGet(43)) - raft.server.log.segment.size.max = 1048576 (custom)
2019-07-13 20:36:46,170 INFO  server.RaftServerConfigKeys (ConfUtils.java:logGet(43)) - raft.server.log.segment.cache.num.max = 2 (custom)
2019-07-13 20:36:46,170 INFO  segmented.SegmentedRaftLogWorker (SegmentedRaftLogWorker.java:<init>(172)) - new a6dfa705-7af2-43a8-a839-787b9abaa6e5-SegmentedRaftLogWorker:Storage Directory /tmp/workdir/hadoop-ozone/integration-test/target/test-dir/MiniOzoneClusterImpl-16e5dc73-174f-42e0-b18c-cc1c204265a8/datanode-3/data/ratis/a195431b-977b-496a-bc6f-ee371f6605c5 for RaftStorage:Storage Directory /tmp/workdir/hadoop-ozone/integration-test/target/test-dir/MiniOzoneClusterImpl-16e5dc73-174f-42e0-b18c-cc1c204265a8/datanode-3/data/ratis/a195431b-977b-496a-bc6f-ee371f6605c5
2019-07-13 20:36:46,170 INFO  server.RaftServerConfigKeys (ConfUtils.java:logGet(43)) - raft.server.log.queue.byte-limit = 2147483647 (custom)
2019-07-13 20:36:46,170 INFO  server.RaftServerConfigKeys (ConfUtils.java:logGet(43)) - raft.server.log.queue.element-limit = 1024 (custom)
2019-07-13 20:36:46,171 INFO  server.RaftServerConfigKeys (ConfUtils.java:logGet(43)) - raft.server.log.segment.size.max = 1048576 (custom)
2019-07-13 20:36:46,171 INFO  server.RaftServerConfigKeys (ConfUtils.java:logGet(43)) - raft.server.log.preallocated.size = 16384 (custom)
2019-07-13 20:36:46,171 INFO  server.RaftServerConfigKeys (ConfUtils.java:logGet(43)) - raft.server.log.write.buffer.size = 33554432 (custom)
2019-07-13 20:36:46,171 INFO  server.RaftServerConfigKeys (ConfUtils.java:logGet(43)) - raft.server.log.force.sync.num = 128 (default)
2019-07-13 20:36:46,171 INFO  server.RaftServerConfigKeys (ConfUtils.java:logGet(43)) - raft.server.log.statemachine.data.sync = true (default)
2019-07-13 20:36:46,171 INFO  server.RaftServerConfigKeys (ConfUtils.java:logGet(43)) - raft.server.log.statemachine.data.sync.timeout = 10s (default)
2019-07-13 20:36:46,171 INFO  server.RaftServerConfigKeys (ConfUtils.java:logGet(43)) - raft.server.log.statemachine.data.sync.timeout.retry = -1 (default)
2019-07-13 20:36:46,172 INFO  server.RaftServerConfigKeys (ConfUtils.java:logGet(43)) - raft.server.log.statemachine.data.caching.enabled = true (custom)
2019-07-13 20:36:46,173 INFO  segmented.SegmentedRaftLogWorker (SegmentedRaftLogWorker.java:lambda$new$0(132)) - a6dfa705-7af2-43a8-a839-787b9abaa6e5-SegmentedRaftLogWorker:Storage Directory /tmp/workdir/hadoop-ozone/integration-test/target/test-dir/MiniOzoneClusterImpl-16e5dc73-174f-42e0-b18c-cc1c204265a8/datanode-3/data/ratis/a195431b-977b-496a-bc6f-ee371f6605c5: flushIndex: setUnconditionally 0 -> -1
2019-07-13 20:36:46,173 INFO  server.RaftServerConfigKeys (ConfUtils.java:logGet(43)) - raft.server.snapshot.auto.trigger.enabled = true (custom)
2019-07-13 20:36:46,173 INFO  server.RaftServerConfigKeys (ConfUtils.java:logGet(43)) - raft.server.snapshot.auto.trigger.threshold = 10000 (custom)
2019-07-13 20:36:46,174 INFO  storage.RaftStorage (RaftStorage.java:format(72)) - Storage directory /tmp/workdir/hadoop-ozone/integration-test/target/test-dir/MiniOzoneClusterImpl-16e5dc73-174f-42e0-b18c-cc1c204265a8/datanode-5/data/ratis/a195431b-977b-496a-bc6f-ee371f6605c5 has been successfully formatted.
2019-07-13 20:36:46,174 INFO  storage.RaftStorage (RaftStorage.java:format(72)) - Storage directory /tmp/workdir/hadoop-ozone/integration-test/target/test-dir/MiniOzoneClusterImpl-16e5dc73-174f-42e0-b18c-cc1c204265a8/datanode-4/data/ratis/a195431b-977b-496a-bc6f-ee371f6605c5 has been successfully formatted.
2019-07-13 20:36:46,174 INFO  ratis.ContainerStateMachine (ContainerStateMachine.java:loadSnapshot(200)) - The snapshot info is null.Setting the last applied index to:(t:0, i:~)
2019-07-13 20:36:46,174 INFO  server.RaftServerConfigKeys (ConfUtils.java:logGet(43)) - raft.server.leader.election.timeout = 120s (custom)
2019-07-13 20:36:46,174 INFO  server.RaftServerConfigKeys (ConfUtils.java:logGet(43)) - raft.server.retrycache.expirytime = 600000ms (custom)
2019-07-13 20:36:46,174 INFO  server.RaftServerConfigKeys (ConfUtils.java:logGet(43)) - raft.server.log.use.memory = false (default)
2019-07-13 20:36:46,174 INFO  ratis.ContainerStateMachine (ContainerStateMachine.java:loadSnapshot(200)) - The snapshot info is null.Setting the last applied index to:(t:0, i:~)
2019-07-13 20:36:46,175 INFO  server.RaftServerConfigKeys (ConfUtils.java:logGet(43)) - raft.server.log.purge.gap = 1000000000 (custom)
2019-07-13 20:36:46,175 INFO  server.RaftServerConfigKeys (ConfUtils.java:logGet(43)) - raft.server.log.appender.buffer.byte-limit = 33554432 (custom)
2019-07-13 20:36:46,174 INFO  impl.RaftServerImpl (RaftServerImpl.java:start(180)) - a6dfa705-7af2-43a8-a839-787b9abaa6e5: start group-EE371F6605C5
2019-07-13 20:36:46,175 INFO  server.RaftServerConfigKeys (ConfUtils.java:logGet(43)) - raft.server.log.segment.size.max = 1048576 (custom)
2019-07-13 20:36:46,175 INFO  server.RaftServerConfigKeys (ConfUtils.java:logGet(43)) - raft.server.leader.election.timeout = 120s (custom)
2019-07-13 20:36:46,175 INFO  server.RaftServerConfigKeys (ConfUtils.java:logGet(43)) - raft.server.log.segment.cache.num.max = 2 (custom)
2019-07-13 20:36:46,175 INFO  impl.RaftServerImpl (RaftServerImpl.java:setRole(171)) - a6dfa705-7af2-43a8-a839-787b9abaa6e5:group-EE371F6605C5 changes role from null to FOLLOWER at term 0 for startAsFollower
2019-07-13 20:36:46,176 INFO  segmented.SegmentedRaftLogWorker (SegmentedRaftLogWorker.java:<init>(172)) - new 2c4950fd-1e5d-47b3-a656-44c486ef0704-SegmentedRaftLogWorker:Storage Directory /tmp/workdir/hadoop-ozone/integration-test/target/test-dir/MiniOzoneClusterImpl-16e5dc73-174f-42e0-b18c-cc1c204265a8/datanode-5/data/ratis/a195431b-977b-496a-bc6f-ee371f6605c5 for RaftStorage:Storage Directory /tmp/workdir/hadoop-ozone/integration-test/target/test-dir/MiniOzoneClusterImpl-16e5dc73-174f-42e0-b18c-cc1c204265a8/datanode-5/data/ratis/a195431b-977b-496a-bc6f-ee371f6605c5
2019-07-13 20:36:46,176 INFO  server.RaftServerConfigKeys (ConfUtils.java:logGet(43)) - raft.server.log.queue.byte-limit = 2147483647 (custom)
2019-07-13 20:36:46,176 INFO  server.RaftServerConfigKeys (ConfUtils.java:logGet(43)) - raft.server.log.use.memory = false (default)
2019-07-13 20:36:46,176 INFO  server.RaftServerConfigKeys (ConfUtils.java:logGet(43)) - raft.server.log.queue.element-limit = 1024 (custom)
2019-07-13 20:36:46,177 INFO  server.RaftServerConfigKeys (ConfUtils.java:logGet(43)) - raft.server.log.segment.size.max = 1048576 (custom)
2019-07-13 20:36:46,176 INFO  impl.RoleInfo (RoleInfo.java:updateAndGet(143)) - a6dfa705-7af2-43a8-a839-787b9abaa6e5: start FollowerState
2019-07-13 20:36:46,177 INFO  server.RaftServerConfigKeys (ConfUtils.java:logGet(43)) - raft.server.log.preallocated.size = 16384 (custom)
2019-07-13 20:36:46,177 INFO  server.RaftServerConfigKeys (ConfUtils.java:logGet(43)) - raft.server.log.write.buffer.size = 33554432 (custom)
2019-07-13 20:36:46,176 INFO  server.RaftServerConfigKeys (ConfUtils.java:logGet(43)) - raft.server.log.purge.gap = 1000000000 (custom)
2019-07-13 20:36:46,177 INFO  util.JmxRegister (JmxRegister.java:tryRegister(44)) - Successfully registered JMX Bean with object name Ratis:service=RaftServer,group=group-EE371F6605C5,id=a6dfa705-7af2-43a8-a839-787b9abaa6e5
2019-07-13 20:36:46,177 INFO  server.RaftServerConfigKeys (ConfUtils.java:logGet(43)) - raft.server.log.force.sync.num = 128 (default)
2019-07-13 20:36:46,178 INFO  server.RaftServerConfigKeys (ConfUtils.java:logGet(43)) - raft.server.log.statemachine.data.sync = true (default)
2019-07-13 20:36:46,177 INFO  server.RaftServerConfigKeys (ConfUtils.java:logGet(43)) - raft.server.log.appender.buffer.byte-limit = 33554432 (custom)
2019-07-13 20:36:46,178 INFO  server.RaftServerConfigKeys (ConfUtils.java:logGet(43)) - raft.server.log.statemachine.data.sync.timeout = 10s (default)
2019-07-13 20:36:46,178 INFO  server.RaftServerConfigKeys (ConfUtils.java:logGet(43)) - raft.server.log.segment.size.max = 1048576 (custom)
2019-07-13 20:36:46,178 INFO  server.RaftServerConfigKeys (ConfUtils.java:logGet(43)) - raft.server.log.statemachine.data.sync.timeout.retry = -1 (default)
2019-07-13 20:36:46,178 INFO  server.RaftServerConfigKeys (ConfUtils.java:logGet(43)) - raft.server.log.segment.cache.num.max = 2 (custom)
2019-07-13 20:36:46,179 INFO  server.RaftServerConfigKeys (ConfUtils.java:logGet(43)) - raft.server.log.statemachine.data.caching.enabled = true (custom)
2019-07-13 20:36:46,179 INFO  segmented.SegmentedRaftLogWorker (SegmentedRaftLogWorker.java:<init>(172)) - new 65f6e63d-e463-4e76-8bb6-dba3a9205235-SegmentedRaftLogWorker:Storage Directory /tmp/workdir/hadoop-ozone/integration-test/target/test-dir/MiniOzoneClusterImpl-16e5dc73-174f-42e0-b18c-cc1c204265a8/datanode-4/data/ratis/a195431b-977b-496a-bc6f-ee371f6605c5 for RaftStorage:Storage Directory /tmp/workdir/hadoop-ozone/integration-test/target/test-dir/MiniOzoneClusterImpl-16e5dc73-174f-42e0-b18c-cc1c204265a8/datanode-4/data/ratis/a195431b-977b-496a-bc6f-ee371f6605c5
2019-07-13 20:36:46,179 INFO  server.RaftServerConfigKeys (ConfUtils.java:logGet(43)) - raft.server.log.queue.byte-limit = 2147483647 (custom)
2019-07-13 20:36:46,179 INFO  segmented.SegmentedRaftLogWorker (SegmentedRaftLogWorker.java:lambda$new$0(132)) - 2c4950fd-1e5d-47b3-a656-44c486ef0704-SegmentedRaftLogWorker:Storage Directory /tmp/workdir/hadoop-ozone/integration-test/target/test-dir/MiniOzoneClusterImpl-16e5dc73-174f-42e0-b18c-cc1c204265a8/datanode-5/data/ratis/a195431b-977b-496a-bc6f-ee371f6605c5: flushIndex: setUnconditionally 0 -> -1
2019-07-13 20:36:46,179 INFO  server.RaftServerConfigKeys (ConfUtils.java:logGet(43)) - raft.server.log.queue.element-limit = 1024 (custom)
2019-07-13 20:36:46,179 INFO  server.RaftServerConfigKeys (ConfUtils.java:logGet(43)) - raft.server.log.segment.size.max = 1048576 (custom)
2019-07-13 20:36:46,179 INFO  server.RaftServerConfigKeys (ConfUtils.java:logGet(43)) - raft.server.snapshot.auto.trigger.enabled = true (custom)
2019-07-13 20:36:46,180 INFO  server.RaftServerConfigKeys (ConfUtils.java:logGet(43)) - raft.server.log.preallocated.size = 16384 (custom)
2019-07-13 20:36:46,180 INFO  server.RaftServerConfigKeys (ConfUtils.java:logGet(43)) - raft.server.snapshot.auto.trigger.threshold = 10000 (custom)
2019-07-13 20:36:46,180 INFO  server.RaftServerConfigKeys (ConfUtils.java:logGet(43)) - raft.server.log.write.buffer.size = 33554432 (custom)
2019-07-13 20:36:46,180 INFO  server.RaftServerConfigKeys (ConfUtils.java:logGet(43)) - raft.server.retrycache.expirytime = 600000ms (custom)
2019-07-13 20:36:46,180 INFO  server.RaftServerConfigKeys (ConfUtils.java:logGet(43)) - raft.server.log.force.sync.num = 128 (default)
2019-07-13 20:36:46,180 INFO  impl.RaftServerImpl (RaftServerImpl.java:start(180)) - 2c4950fd-1e5d-47b3-a656-44c486ef0704: start group-EE371F6605C5
2019-07-13 20:36:46,180 INFO  server.RaftServerConfigKeys (ConfUtils.java:logGet(43)) - raft.server.log.statemachine.data.sync = true (default)
2019-07-13 20:36:46,181 INFO  impl.RaftServerImpl (RaftServerImpl.java:setRole(171)) - 2c4950fd-1e5d-47b3-a656-44c486ef0704:group-EE371F6605C5 changes role from null to FOLLOWER at term 0 for startAsFollower
2019-07-13 20:36:46,181 INFO  server.RaftServerConfigKeys (ConfUtils.java:logGet(43)) - raft.server.log.statemachine.data.sync.timeout = 10s (default)
2019-07-13 20:36:46,181 INFO  impl.RoleInfo (RoleInfo.java:updateAndGet(143)) - 2c4950fd-1e5d-47b3-a656-44c486ef0704: start FollowerState
2019-07-13 20:36:46,181 INFO  server.RaftServerConfigKeys (ConfUtils.java:logGet(43)) - raft.server.log.statemachine.data.sync.timeout.retry = -1 (default)
2019-07-13 20:36:46,181 INFO  server.RaftServerConfigKeys (ConfUtils.java:logGet(43)) - raft.server.log.statemachine.data.caching.enabled = true (custom)
2019-07-13 20:36:46,181 INFO  util.JmxRegister (JmxRegister.java:tryRegister(44)) - Successfully registered JMX Bean with object name Ratis:service=RaftServer,group=group-EE371F6605C5,id=2c4950fd-1e5d-47b3-a656-44c486ef0704
2019-07-13 20:36:46,182 INFO  segmented.SegmentedRaftLogWorker (SegmentedRaftLogWorker.java:lambda$new$0(132)) - 65f6e63d-e463-4e76-8bb6-dba3a9205235-SegmentedRaftLogWorker:Storage Directory /tmp/workdir/hadoop-ozone/integration-test/target/test-dir/MiniOzoneClusterImpl-16e5dc73-174f-42e0-b18c-cc1c204265a8/datanode-4/data/ratis/a195431b-977b-496a-bc6f-ee371f6605c5: flushIndex: setUnconditionally 0 -> -1
2019-07-13 20:36:46,182 INFO  server.RaftServerConfigKeys (ConfUtils.java:logGet(43)) - raft.server.snapshot.auto.trigger.enabled = true (custom)
2019-07-13 20:36:46,182 INFO  server.RaftServerConfigKeys (ConfUtils.java:logGet(43)) - raft.server.snapshot.auto.trigger.threshold = 10000 (custom)
2019-07-13 20:36:46,182 INFO  server.RaftServerConfigKeys (ConfUtils.java:logGet(43)) - raft.server.retrycache.expirytime = 600000ms (custom)
2019-07-13 20:36:46,183 INFO  impl.RaftServerImpl (RaftServerImpl.java:start(180)) - 65f6e63d-e463-4e76-8bb6-dba3a9205235: start group-EE371F6605C5
2019-07-13 20:36:46,183 INFO  impl.RaftServerImpl (RaftServerImpl.java:setRole(171)) - 65f6e63d-e463-4e76-8bb6-dba3a9205235:group-EE371F6605C5 changes role from null to FOLLOWER at term 0 for startAsFollower
2019-07-13 20:36:46,183 INFO  impl.RoleInfo (RoleInfo.java:updateAndGet(143)) - 65f6e63d-e463-4e76-8bb6-dba3a9205235: start FollowerState
2019-07-13 20:36:46,183 INFO  util.JmxRegister (JmxRegister.java:tryRegister(44)) - Successfully registered JMX Bean with object name Ratis:service=RaftServer,group=group-EE371F6605C5,id=65f6e63d-e463-4e76-8bb6-dba3a9205235
2019-07-13 20:36:46,185 INFO  pipeline.PipelineStateManager (PipelineStateManager.java:addPipeline(56)) - Created pipeline Pipeline[ Id: a195431b-977b-496a-bc6f-ee371f6605c5, Nodes: 2c4950fd-1e5d-47b3-a656-44c486ef0704{ip: 192.168.5.168, host: trunk-nightly-6qp7m-2461138711, networkLocation: /default-rack, certSerialId: null}a6dfa705-7af2-43a8-a839-787b9abaa6e5{ip: 192.168.5.168, host: trunk-nightly-6qp7m-2461138711, networkLocation: /default-rack, certSerialId: null}65f6e63d-e463-4e76-8bb6-dba3a9205235{ip: 192.168.5.168, host: trunk-nightly-6qp7m-2461138711, networkLocation: /default-rack, certSerialId: null}, Type:RATIS, Factor:THREE, State:OPEN]
2019-07-13 20:36:46,274 INFO  ozone.MiniOzoneClusterImpl (MiniOzoneClusterImpl.java:lambda$waitForClusterToBeReady$0(142)) - Waiting for cluster to be ready. Got 6 of 7 DN Heartbeats.
2019-07-13 20:36:46,277 INFO  node.SCMNodeManager (SCMNodeManager.java:register(269)) - Registered Data node : 7143e291-f33c-4113-a11b-5be6d385291d{ip: 192.168.5.168, host: trunk-nightly-6qp7m-2461138711, networkLocation: /default-rack, certSerialId: null}
2019-07-13 20:36:46,285 INFO  impl.RaftServerProxy (RaftServerProxy.java:addNew(89)) - 7143e291-f33c-4113-a11b-5be6d385291d: addNew group-3E7252DD65C4:[7143e291-f33c-4113-a11b-5be6d385291d:192.168.5.168:41884] returns group-3E7252DD65C4:java.util.concurrent.CompletableFuture@46f404c6[Not completed]
2019-07-13 20:36:46,286 INFO  impl.RaftServerImpl (RaftServerImpl.java:<init>(93)) - 7143e291-f33c-4113-a11b-5be6d385291d: new RaftServerImpl for group-3E7252DD65C4:[7143e291-f33c-4113-a11b-5be6d385291d:192.168.5.168:41884] with ContainerStateMachine:uninitialized
2019-07-13 20:36:46,287 INFO  server.RaftServerConfigKeys (ConfUtils.java:logGet(43)) - raft.server.rpc.timeout.min = 5s (custom)
2019-07-13 20:36:46,287 INFO  server.RaftServerConfigKeys (ConfUtils.java:logGet(43)) - raft.server.rpc.timeout.max = 5200ms (custom)
2019-07-13 20:36:46,287 INFO  server.RaftServerConfigKeys (ConfUtils.java:logGet(43)) - raft.server.rpcslowness.timeout = 120s (custom)
2019-07-13 20:36:46,287 INFO  server.RaftServerConfigKeys (ConfUtils.java:logGet(43)) - raft.server.sleep.deviation.threshold = 300 (default)
2019-07-13 20:36:46,287 INFO  server.RaftServerConfigKeys (ConfUtils.java:logGet(43)) - raft.server.log.appender.install.snapshot.enabled = false (custom)
2019-07-13 20:36:46,287 INFO  impl.RaftServerImpl (ServerState.java:<init>(105)) - 7143e291-f33c-4113-a11b-5be6d385291d:group-3E7252DD65C4 ConfigurationManager, init=-1: [7143e291-f33c-4113-a11b-5be6d385291d:192.168.5.168:41884], old=null, confs=<EMPTY_MAP>
2019-07-13 20:36:46,287 INFO  server.RaftServerConfigKeys (ConfUtils.java:logGet(43)) - raft.server.storage.dir = [/tmp/workdir/hadoop-ozone/integration-test/target/test-dir/MiniOzoneClusterImpl-16e5dc73-174f-42e0-b18c-cc1c204265a8/datanode-6/data/ratis] (custom)
2019-07-13 20:36:46,288 INFO  storage.RaftStorageDirectory (RaftStorageDirectory.java:analyzeStorage(246)) - The storage directory /tmp/workdir/hadoop-ozone/integration-test/target/test-dir/MiniOzoneClusterImpl-16e5dc73-174f-42e0-b18c-cc1c204265a8/datanode-6/data/ratis/663ee9d2-7f97-424d-bb60-3e7252dd65c4 does not exist. Creating ...
2019-07-13 20:36:46,293 INFO  storage.RaftStorageDirectory (RaftStorageDirectory.java:tryLock(328)) - Lock on /tmp/workdir/hadoop-ozone/integration-test/target/test-dir/MiniOzoneClusterImpl-16e5dc73-174f-42e0-b18c-cc1c204265a8/datanode-6/data/ratis/663ee9d2-7f97-424d-bb60-3e7252dd65c4/in_use.lock acquired by nodename 32015@trunk-nightly-6qp7m-2461138711
2019-07-13 20:36:46,296 INFO  storage.RaftStorage (RaftStorage.java:format(72)) - Storage directory /tmp/workdir/hadoop-ozone/integration-test/target/test-dir/MiniOzoneClusterImpl-16e5dc73-174f-42e0-b18c-cc1c204265a8/datanode-6/data/ratis/663ee9d2-7f97-424d-bb60-3e7252dd65c4 has been successfully formatted.
2019-07-13 20:36:46,297 INFO  ratis.ContainerStateMachine (ContainerStateMachine.java:loadSnapshot(200)) - The snapshot info is null.Setting the last applied index to:(t:0, i:~)
2019-07-13 20:36:46,297 INFO  server.RaftServerConfigKeys (ConfUtils.java:logGet(43)) - raft.server.leader.election.timeout = 120s (custom)
2019-07-13 20:36:46,297 INFO  server.RaftServerConfigKeys (ConfUtils.java:logGet(43)) - raft.server.log.use.memory = false (default)
2019-07-13 20:36:46,297 INFO  server.RaftServerConfigKeys (ConfUtils.java:logGet(43)) - raft.server.log.purge.gap = 1000000000 (custom)
2019-07-13 20:36:46,297 INFO  server.RaftServerConfigKeys (ConfUtils.java:logGet(43)) - raft.server.log.appender.buffer.byte-limit = 33554432 (custom)
2019-07-13 20:36:46,297 INFO  server.RaftServerConfigKeys (ConfUtils.java:logGet(43)) - raft.server.log.segment.size.max = 1048576 (custom)
2019-07-13 20:36:46,298 INFO  server.RaftServerConfigKeys (ConfUtils.java:logGet(43)) - raft.server.log.segment.cache.num.max = 2 (custom)
2019-07-13 20:36:46,298 INFO  segmented.SegmentedRaftLogWorker (SegmentedRaftLogWorker.java:<init>(172)) - new 7143e291-f33c-4113-a11b-5be6d385291d-SegmentedRaftLogWorker:Storage Directory /tmp/workdir/hadoop-ozone/integration-test/target/test-dir/MiniOzoneClusterImpl-16e5dc73-174f-42e0-b18c-cc1c204265a8/datanode-6/data/ratis/663ee9d2-7f97-424d-bb60-3e7252dd65c4 for RaftStorage:Storage Directory /tmp/workdir/hadoop-ozone/integration-test/target/test-dir/MiniOzoneClusterImpl-16e5dc73-174f-42e0-b18c-cc1c204265a8/datanode-6/data/ratis/663ee9d2-7f97-424d-bb60-3e7252dd65c4
2019-07-13 20:36:46,298 INFO  server.RaftServerConfigKeys (ConfUtils.java:logGet(43)) - raft.server.log.queue.byte-limit = 2147483647 (custom)
2019-07-13 20:36:46,298 INFO  server.RaftServerConfigKeys (ConfUtils.java:logGet(43)) - raft.server.log.queue.element-limit = 1024 (custom)
2019-07-13 20:36:46,298 INFO  server.RaftServerConfigKeys (ConfUtils.java:logGet(43)) - raft.server.log.segment.size.max = 1048576 (custom)
2019-07-13 20:36:46,298 INFO  server.RaftServerConfigKeys (ConfUtils.java:logGet(43)) - raft.server.log.preallocated.size = 16384 (custom)
2019-07-13 20:36:46,299 INFO  server.RaftServerConfigKeys (ConfUtils.java:logGet(43)) - raft.server.log.write.buffer.size = 33554432 (custom)
2019-07-13 20:36:46,299 INFO  server.RaftServerConfigKeys (ConfUtils.java:logGet(43)) - raft.server.log.force.sync.num = 128 (default)
2019-07-13 20:36:46,299 INFO  server.RaftServerConfigKeys (ConfUtils.java:logGet(43)) - raft.server.log.statemachine.data.sync = true (default)
2019-07-13 20:36:46,299 INFO  server.RaftServerConfigKeys (ConfUtils.java:logGet(43)) - raft.server.log.statemachine.data.sync.timeout = 10s (default)
2019-07-13 20:36:46,299 INFO  server.RaftServerConfigKeys (ConfUtils.java:logGet(43)) - raft.server.log.statemachine.data.sync.timeout.retry = -1 (default)
2019-07-13 20:36:46,299 INFO  server.RaftServerConfigKeys (ConfUtils.java:logGet(43)) - raft.server.log.statemachine.data.caching.enabled = true (custom)
2019-07-13 20:36:46,300 INFO  segmented.SegmentedRaftLogWorker (SegmentedRaftLogWorker.java:lambda$new$0(132)) - 7143e291-f33c-4113-a11b-5be6d385291d-SegmentedRaftLogWorker:Storage Directory /tmp/workdir/hadoop-ozone/integration-test/target/test-dir/MiniOzoneClusterImpl-16e5dc73-174f-42e0-b18c-cc1c204265a8/datanode-6/data/ratis/663ee9d2-7f97-424d-bb60-3e7252dd65c4: flushIndex: setUnconditionally 0 -> -1
2019-07-13 20:36:46,300 INFO  server.RaftServerConfigKeys (ConfUtils.java:logGet(43)) - raft.server.snapshot.auto.trigger.enabled = true (custom)
2019-07-13 20:36:46,300 INFO  server.RaftServerConfigKeys (ConfUtils.java:logGet(43)) - raft.server.snapshot.auto.trigger.threshold = 10000 (custom)
2019-07-13 20:36:46,300 INFO  server.RaftServerConfigKeys (ConfUtils.java:logGet(43)) - raft.server.retrycache.expirytime = 600000ms (custom)
2019-07-13 20:36:46,301 INFO  impl.RaftServerImpl (RaftServerImpl.java:start(180)) - 7143e291-f33c-4113-a11b-5be6d385291d: start group-3E7252DD65C4
2019-07-13 20:36:46,301 INFO  impl.RaftServerImpl (RaftServerImpl.java:setRole(171)) - 7143e291-f33c-4113-a11b-5be6d385291d:group-3E7252DD65C4 changes role from null to FOLLOWER at term 0 for startAsFollower
2019-07-13 20:36:46,301 INFO  impl.RoleInfo (RoleInfo.java:updateAndGet(143)) - 7143e291-f33c-4113-a11b-5be6d385291d: start FollowerState
2019-07-13 20:36:46,301 INFO  util.JmxRegister (JmxRegister.java:tryRegister(44)) - Successfully registered JMX Bean with object name Ratis:service=RaftServer,group=group-3E7252DD65C4,id=7143e291-f33c-4113-a11b-5be6d385291d
2019-07-13 20:36:46,303 INFO  pipeline.PipelineStateManager (PipelineStateManager.java:addPipeline(56)) - Created pipeline Pipeline[ Id: 663ee9d2-7f97-424d-bb60-3e7252dd65c4, Nodes: 7143e291-f33c-4113-a11b-5be6d385291d{ip: 192.168.5.168, host: trunk-nightly-6qp7m-2461138711, networkLocation: /default-rack, certSerialId: null}, Type:RATIS, Factor:ONE, State:OPEN]
2019-07-13 20:36:47,274 INFO  ozone.MiniOzoneClusterImpl (MiniOzoneClusterImpl.java:lambda$waitForClusterToBeReady$0(142)) - Cluster is ready. Got 7 of 7 DN Heartbeats.
2019-07-13 20:36:47,316 INFO  rpc.RpcClient (RpcClient.java:createVolume(287)) - Creating Volume: testblockoutputstream, with jenkins1000 as owner.
2019-07-13 20:36:47,331 INFO  rpc.RpcClient (RpcClient.java:createBucket(424)) - Creating Bucket: testblockoutputstream/testblockoutputstream, with Versioning false and Storage Type set to DISK and Encryption set to false 
2019-07-13 20:36:47,363 INFO  client.GrpcClientProtocolClient (GrpcClientProtocolClient.java:onNext(255)) - client-690F39B299DB->df9f50e8-bd32-4f3b-ae1d-0a839bc9434d: receive RaftClientReply:client-690F39B299DB->df9f50e8-bd32-4f3b-ae1d-0a839bc9434d@group-72DFDBB7E477, cid=183, FAILED org.apache.ratis.protocol.NotLeaderException: Server df9f50e8-bd32-4f3b-ae1d-0a839bc9434d is not the leader (null). Request must be sent to leader., logIndex=0, commits[df9f50e8-bd32-4f3b-ae1d-0a839bc9434d:c-1]
2019-07-13 20:36:48,180 INFO  container.ReplicationManager (ReplicationManager.java:start(155)) - Starting Replication Monitor Thread.
2019-07-13 20:36:48,183 INFO  container.ReplicationManager (ReplicationManager.java:run(207)) - Replication Monitor Thread took 0 milliseconds for processing 1 containers.
2019-07-13 20:36:48,379 INFO  client.GrpcClientProtocolClient (GrpcClientProtocolClient.java:onNext(255)) - client-690F39B299DB->48ee16ca-761e-4141-a55c-dd081db6ecd0: receive RaftClientReply:client-690F39B299DB->48ee16ca-761e-4141-a55c-dd081db6ecd0@group-72DFDBB7E477, cid=183, FAILED org.apache.ratis.protocol.NotLeaderException: Server 48ee16ca-761e-4141-a55c-dd081db6ecd0 is not the leader (null). Request must be sent to leader., logIndex=0, commits[48ee16ca-761e-4141-a55c-dd081db6ecd0:c-1]
2019-07-13 20:36:49,394 INFO  client.GrpcClientProtocolClient (GrpcClientProtocolClient.java:onNext(255)) - client-690F39B299DB->ac4886d7-4657-4eaa-a4f0-9d9681fb35b9: receive RaftClientReply:client-690F39B299DB->ac4886d7-4657-4eaa-a4f0-9d9681fb35b9@group-72DFDBB7E477, cid=183, FAILED org.apache.ratis.protocol.NotLeaderException: Server ac4886d7-4657-4eaa-a4f0-9d9681fb35b9 is not the leader (null). Request must be sent to leader., logIndex=0, commits[ac4886d7-4657-4eaa-a4f0-9d9681fb35b9:c-1]
2019-07-13 20:36:50,386 INFO  impl.FollowerState (FollowerState.java:run(106)) - ac4886d7-4657-4eaa-a4f0-9d9681fb35b9:group-8D2990709E07 changes to CANDIDATE, lastRpcTime:5165, electionTimeout:5165ms
2019-07-13 20:36:50,386 INFO  impl.RoleInfo (RoleInfo.java:shutdownFollowerState(121)) - ac4886d7-4657-4eaa-a4f0-9d9681fb35b9: shutdown FollowerState
2019-07-13 20:36:50,387 INFO  impl.RaftServerImpl (RaftServerImpl.java:setRole(171)) - ac4886d7-4657-4eaa-a4f0-9d9681fb35b9:group-8D2990709E07 changes role from FOLLOWER to CANDIDATE at term 0 for changeToCandidate
2019-07-13 20:36:50,387 INFO  impl.RoleInfo (RoleInfo.java:updateAndGet(143)) - ac4886d7-4657-4eaa-a4f0-9d9681fb35b9: start LeaderElection
2019-07-13 20:36:50,415 INFO  client.GrpcClientProtocolClient (GrpcClientProtocolClient.java:onNext(255)) - client-690F39B299DB->48ee16ca-761e-4141-a55c-dd081db6ecd0: receive RaftClientReply:client-690F39B299DB->48ee16ca-761e-4141-a55c-dd081db6ecd0@group-72DFDBB7E477, cid=183, FAILED org.apache.ratis.protocol.NotLeaderException: Server 48ee16ca-761e-4141-a55c-dd081db6ecd0 is not the leader (null). Request must be sent to leader., logIndex=0, commits[48ee16ca-761e-4141-a55c-dd081db6ecd0:c-1]
2019-07-13 20:36:50,434 INFO  impl.LeaderElection (LeaderElection.java:askForVotes(181)) - ac4886d7-4657-4eaa-a4f0-9d9681fb35b9:group-8D2990709E07:LeaderElection62: begin an election at term 1 for -1: [ac4886d7-4657-4eaa-a4f0-9d9681fb35b9:192.168.5.168:34537], old=null
2019-07-13 20:36:50,434 INFO  impl.RoleInfo (RoleInfo.java:shutdownLeaderElection(134)) - ac4886d7-4657-4eaa-a4f0-9d9681fb35b9: shutdown LeaderElection
2019-07-13 20:36:50,434 INFO  impl.RaftServerImpl (RaftServerImpl.java:setRole(171)) - ac4886d7-4657-4eaa-a4f0-9d9681fb35b9:group-8D2990709E07 changes role from CANDIDATE to LEADER at term 1 for changeToLeader
2019-07-13 20:36:50,434 INFO  impl.RaftServerImpl (ServerState.java:setLeader(263)) - ac4886d7-4657-4eaa-a4f0-9d9681fb35b9:group-8D2990709E07 change Leader from null to ac4886d7-4657-4eaa-a4f0-9d9681fb35b9 at term 1 for becomeLeader, leader elected after 5218ms
2019-07-13 20:36:50,436 INFO  server.RaftServerConfigKeys (ConfUtils.java:logGet(43)) - raft.server.staging.catchup.gap = 1000 (default)
2019-07-13 20:36:50,437 INFO  server.RaftServerConfigKeys (ConfUtils.java:logGet(43)) - raft.server.rpc.sleep.time = 25ms (default)
2019-07-13 20:36:50,437 INFO  server.RaftServerConfigKeys (ConfUtils.java:logGet(43)) - raft.server.write.element-limit = 4096 (default)
2019-07-13 20:36:50,437 INFO  server.RaftServerConfigKeys (ConfUtils.java:logGet(43)) - raft.server.watch.timeout = 10s (default)
2019-07-13 20:36:50,437 INFO  server.RaftServerConfigKeys (ConfUtils.java:logGet(43)) - raft.server.watch.timeout.denomination = 1s (default)
2019-07-13 20:36:50,437 INFO  server.RaftServerConfigKeys (ConfUtils.java:logGet(43)) - raft.server.watch.element-limit = 65536 (default)
2019-07-13 20:36:50,438 INFO  impl.RoleInfo (RoleInfo.java:updateAndGet(143)) - ac4886d7-4657-4eaa-a4f0-9d9681fb35b9: start LeaderState
2019-07-13 20:36:50,438 INFO  segmented.SegmentedRaftLogWorker (SegmentedRaftLogWorker.java:startLogSegment(380)) - ac4886d7-4657-4eaa-a4f0-9d9681fb35b9-SegmentedRaftLogWorker:Storage Directory /tmp/workdir/hadoop-ozone/integration-test/target/test-dir/MiniOzoneClusterImpl-16e5dc73-174f-42e0-b18c-cc1c204265a8/datanode-0/data/ratis/bae35619-b07a-4559-bbcb-8d2990709e07: Starting segment from index:0
2019-07-13 20:36:50,438 INFO  impl.RaftServerImpl (ServerState.java:setRaftConf(361)) - ac4886d7-4657-4eaa-a4f0-9d9681fb35b9:group-8D2990709E07 set configuration 0: [ac4886d7-4657-4eaa-a4f0-9d9681fb35b9:192.168.5.168:34537], old=null at 0
2019-07-13 20:36:50,472 INFO  segmented.SegmentedRaftLogWorker (SegmentedRaftLogWorker.java:execute(569)) - ac4886d7-4657-4eaa-a4f0-9d9681fb35b9-SegmentedRaftLogWorker:Storage Directory /tmp/workdir/hadoop-ozone/integration-test/target/test-dir/MiniOzoneClusterImpl-16e5dc73-174f-42e0-b18c-cc1c204265a8/datanode-0/data/ratis/bae35619-b07a-4559-bbcb-8d2990709e07: created new log segment /tmp/workdir/hadoop-ozone/integration-test/target/test-dir/MiniOzoneClusterImpl-16e5dc73-174f-42e0-b18c-cc1c204265a8/datanode-0/data/ratis/bae35619-b07a-4559-bbcb-8d2990709e07/current/log_inprogress_0
2019-07-13 20:36:50,506 INFO  impl.FollowerState (FollowerState.java:run(106)) - df9f50e8-bd32-4f3b-ae1d-0a839bc9434d:group-A60AB185678E changes to CANDIDATE, lastRpcTime:5140, electionTimeout:5140ms
2019-07-13 20:36:50,506 INFO  impl.RoleInfo (RoleInfo.java:shutdownFollowerState(121)) - df9f50e8-bd32-4f3b-ae1d-0a839bc9434d: shutdown FollowerState
2019-07-13 20:36:50,506 INFO  impl.RaftServerImpl (RaftServerImpl.java:setRole(171)) - df9f50e8-bd32-4f3b-ae1d-0a839bc9434d:group-A60AB185678E changes role from FOLLOWER to CANDIDATE at term 0 for changeToCandidate
2019-07-13 20:36:50,506 INFO  impl.RoleInfo (RoleInfo.java:updateAndGet(143)) - df9f50e8-bd32-4f3b-ae1d-0a839bc9434d: start LeaderElection
2019-07-13 20:36:50,524 INFO  impl.LeaderElection (LeaderElection.java:askForVotes(181)) - df9f50e8-bd32-4f3b-ae1d-0a839bc9434d:group-A60AB185678E:LeaderElection63: begin an election at term 1 for -1: [df9f50e8-bd32-4f3b-ae1d-0a839bc9434d:192.168.5.168:43752], old=null
2019-07-13 20:36:50,524 INFO  impl.RoleInfo (RoleInfo.java:shutdownLeaderElection(134)) - df9f50e8-bd32-4f3b-ae1d-0a839bc9434d: shutdown LeaderElection
2019-07-13 20:36:50,525 INFO  impl.RaftServerImpl (RaftServerImpl.java:setRole(171)) - df9f50e8-bd32-4f3b-ae1d-0a839bc9434d:group-A60AB185678E changes role from CANDIDATE to LEADER at term 1 for changeToLeader
2019-07-13 20:36:50,525 INFO  impl.RaftServerImpl (ServerState.java:setLeader(263)) - df9f50e8-bd32-4f3b-ae1d-0a839bc9434d:group-A60AB185678E change Leader from null to df9f50e8-bd32-4f3b-ae1d-0a839bc9434d at term 1 for becomeLeader, leader elected after 5163ms
2019-07-13 20:36:50,527 INFO  server.RaftServerConfigKeys (ConfUtils.java:logGet(43)) - raft.server.staging.catchup.gap = 1000 (default)
2019-07-13 20:36:50,527 INFO  server.RaftServerConfigKeys (ConfUtils.java:logGet(43)) - raft.server.rpc.sleep.time = 25ms (default)
2019-07-13 20:36:50,527 INFO  server.RaftServerConfigKeys (ConfUtils.java:logGet(43)) - raft.server.write.element-limit = 4096 (default)
2019-07-13 20:36:50,528 INFO  server.RaftServerConfigKeys (ConfUtils.java:logGet(43)) - raft.server.watch.timeout = 10s (default)
2019-07-13 20:36:50,528 INFO  server.RaftServerConfigKeys (ConfUtils.java:logGet(43)) - raft.server.watch.timeout.denomination = 1s (default)
2019-07-13 20:36:50,528 INFO  server.RaftServerConfigKeys (ConfUtils.java:logGet(43)) - raft.server.watch.element-limit = 65536 (default)
2019-07-13 20:36:50,528 INFO  impl.RoleInfo (RoleInfo.java:updateAndGet(143)) - df9f50e8-bd32-4f3b-ae1d-0a839bc9434d: start LeaderState
2019-07-13 20:36:50,528 INFO  segmented.SegmentedRaftLogWorker (SegmentedRaftLogWorker.java:startLogSegment(380)) - df9f50e8-bd32-4f3b-ae1d-0a839bc9434d-SegmentedRaftLogWorker:Storage Directory /tmp/workdir/hadoop-ozone/integration-test/target/test-dir/MiniOzoneClusterImpl-16e5dc73-174f-42e0-b18c-cc1c204265a8/datanode-1/data/ratis/3fc993a9-e548-431a-939a-a60ab185678e: Starting segment from index:0
2019-07-13 20:36:50,529 INFO  impl.RaftServerImpl (ServerState.java:setRaftConf(361)) - df9f50e8-bd32-4f3b-ae1d-0a839bc9434d:group-A60AB185678E set configuration 0: [df9f50e8-bd32-4f3b-ae1d-0a839bc9434d:192.168.5.168:43752], old=null at 0
2019-07-13 20:36:50,575 INFO  segmented.SegmentedRaftLogWorker (SegmentedRaftLogWorker.java:execute(569)) - df9f50e8-bd32-4f3b-ae1d-0a839bc9434d-SegmentedRaftLogWorker:Storage Directory /tmp/workdir/hadoop-ozone/integration-test/target/test-dir/MiniOzoneClusterImpl-16e5dc73-174f-42e0-b18c-cc1c204265a8/datanode-1/data/ratis/3fc993a9-e548-431a-939a-a60ab185678e: created new log segment /tmp/workdir/hadoop-ozone/integration-test/target/test-dir/MiniOzoneClusterImpl-16e5dc73-174f-42e0-b18c-cc1c204265a8/datanode-1/data/ratis/3fc993a9-e548-431a-939a-a60ab185678e/current/log_inprogress_0
2019-07-13 20:36:50,711 INFO  impl.FollowerState (FollowerState.java:run(106)) - df9f50e8-bd32-4f3b-ae1d-0a839bc9434d:group-72DFDBB7E477 changes to CANDIDATE, lastRpcTime:5036, electionTimeout:5028ms
2019-07-13 20:36:50,712 INFO  impl.RoleInfo (RoleInfo.java:shutdownFollowerState(121)) - df9f50e8-bd32-4f3b-ae1d-0a839bc9434d: shutdown FollowerState
2019-07-13 20:36:50,712 INFO  impl.RaftServerImpl (RaftServerImpl.java:setRole(171)) - df9f50e8-bd32-4f3b-ae1d-0a839bc9434d:group-72DFDBB7E477 changes role from FOLLOWER to CANDIDATE at term 0 for changeToCandidate
2019-07-13 20:36:50,712 INFO  impl.RoleInfo (RoleInfo.java:updateAndGet(143)) - df9f50e8-bd32-4f3b-ae1d-0a839bc9434d: start LeaderElection
2019-07-13 20:36:50,720 INFO  impl.FollowerState (FollowerState.java:run(106)) - ac4886d7-4657-4eaa-a4f0-9d9681fb35b9:group-72DFDBB7E477 changes to CANDIDATE, lastRpcTime:5034, electionTimeout:5034ms
2019-07-13 20:36:50,720 INFO  impl.RoleInfo (RoleInfo.java:shutdownFollowerState(121)) - ac4886d7-4657-4eaa-a4f0-9d9681fb35b9: shutdown FollowerState
2019-07-13 20:36:50,720 INFO  impl.RaftServerImpl (RaftServerImpl.java:setRole(171)) - ac4886d7-4657-4eaa-a4f0-9d9681fb35b9:group-72DFDBB7E477 changes role from FOLLOWER to CANDIDATE at term 0 for changeToCandidate
2019-07-13 20:36:50,720 INFO  impl.RoleInfo (RoleInfo.java:updateAndGet(143)) - ac4886d7-4657-4eaa-a4f0-9d9681fb35b9: start LeaderElection
2019-07-13 20:36:50,723 INFO  impl.LeaderElection (LeaderElection.java:askForVotes(181)) - df9f50e8-bd32-4f3b-ae1d-0a839bc9434d:group-72DFDBB7E477:LeaderElection64: begin an election at term 1 for -1: [ac4886d7-4657-4eaa-a4f0-9d9681fb35b9:192.168.5.168:34537, 48ee16ca-761e-4141-a55c-dd081db6ecd0:192.168.5.168:35948, df9f50e8-bd32-4f3b-ae1d-0a839bc9434d:192.168.5.168:43752], old=null
2019-07-13 20:36:50,729 INFO  impl.LeaderElection (LeaderElection.java:askForVotes(181)) - ac4886d7-4657-4eaa-a4f0-9d9681fb35b9:group-72DFDBB7E477:LeaderElection65: begin an election at term 1 for -1: [ac4886d7-4657-4eaa-a4f0-9d9681fb35b9:192.168.5.168:34537, 48ee16ca-761e-4141-a55c-dd081db6ecd0:192.168.5.168:35948, df9f50e8-bd32-4f3b-ae1d-0a839bc9434d:192.168.5.168:43752], old=null
2019-07-13 20:36:50,732 INFO  impl.RaftServerImpl (RaftServerImpl.java:setRole(171)) - 48ee16ca-761e-4141-a55c-dd081db6ecd0:group-72DFDBB7E477 changes role from FOLLOWER to FOLLOWER at term 1 for recognizeCandidate:df9f50e8-bd32-4f3b-ae1d-0a839bc9434d
2019-07-13 20:36:50,732 INFO  impl.RoleInfo (RoleInfo.java:shutdownFollowerState(121)) - 48ee16ca-761e-4141-a55c-dd081db6ecd0: shutdown FollowerState
2019-07-13 20:36:50,732 INFO  impl.RoleInfo (RoleInfo.java:updateAndGet(143)) - 48ee16ca-761e-4141-a55c-dd081db6ecd0: start FollowerState
2019-07-13 20:36:50,733 INFO  impl.FollowerState (FollowerState.java:run(114)) - 48ee16ca-761e-4141-a55c-dd081db6ecd0: FollowerState was interrupted: java.lang.InterruptedException: sleep interrupted
2019-07-13 20:36:50,741 INFO  impl.LeaderElection (LeaderElection.java:logAndReturn(56)) - df9f50e8-bd32-4f3b-ae1d-0a839bc9434d:group-72DFDBB7E477:LeaderElection64: Election PASSED; received 2 response(s) [df9f50e8-bd32-4f3b-ae1d-0a839bc9434d<-ac4886d7-4657-4eaa-a4f0-9d9681fb35b9#0:FAIL-t1, df9f50e8-bd32-4f3b-ae1d-0a839bc9434d<-48ee16ca-761e-4141-a55c-dd081db6ecd0#0:OK-t1] and 0 exception(s); df9f50e8-bd32-4f3b-ae1d-0a839bc9434d:t1, leader=null, voted=df9f50e8-bd32-4f3b-ae1d-0a839bc9434d, raftlog=df9f50e8-bd32-4f3b-ae1d-0a839bc9434d-SegmentedRaftLog:OPENED:c-1,f-1,i0, conf=-1: [ac4886d7-4657-4eaa-a4f0-9d9681fb35b9:192.168.5.168:34537, 48ee16ca-761e-4141-a55c-dd081db6ecd0:192.168.5.168:35948, df9f50e8-bd32-4f3b-ae1d-0a839bc9434d:192.168.5.168:43752], old=null
2019-07-13 20:36:50,742 INFO  impl.RoleInfo (RoleInfo.java:shutdownLeaderElection(134)) - df9f50e8-bd32-4f3b-ae1d-0a839bc9434d: shutdown LeaderElection
2019-07-13 20:36:50,742 INFO  impl.RaftServerImpl (RaftServerImpl.java:setRole(171)) - df9f50e8-bd32-4f3b-ae1d-0a839bc9434d:group-72DFDBB7E477 changes role from CANDIDATE to LEADER at term 1 for changeToLeader
2019-07-13 20:36:50,742 INFO  impl.RaftServerImpl (ServerState.java:setLeader(263)) - df9f50e8-bd32-4f3b-ae1d-0a839bc9434d:group-72DFDBB7E477 change Leader from null to df9f50e8-bd32-4f3b-ae1d-0a839bc9434d at term 1 for becomeLeader, leader elected after 5087ms
2019-07-13 20:36:50,742 INFO  server.RaftServerConfigKeys (ConfUtils.java:logGet(43)) - raft.server.staging.catchup.gap = 1000 (default)
2019-07-13 20:36:50,742 INFO  server.RaftServerConfigKeys (ConfUtils.java:logGet(43)) - raft.server.rpc.sleep.time = 25ms (default)
2019-07-13 20:36:50,742 INFO  server.RaftServerConfigKeys (ConfUtils.java:logGet(43)) - raft.server.write.element-limit = 4096 (default)
2019-07-13 20:36:50,743 INFO  server.RaftServerConfigKeys (ConfUtils.java:logGet(43)) - raft.server.watch.timeout = 10s (default)
2019-07-13 20:36:50,743 INFO  server.RaftServerConfigKeys (ConfUtils.java:logGet(43)) - raft.server.watch.timeout.denomination = 1s (default)
2019-07-13 20:36:50,743 INFO  server.RaftServerConfigKeys (ConfUtils.java:logGet(43)) - raft.server.watch.element-limit = 65536 (default)
2019-07-13 20:36:50,743 INFO  server.RaftServerConfigKeys (ConfUtils.java:logGet(43)) - raft.server.log.appender.snapshot.chunk.size.max = 16MB (=16777216) (default)
2019-07-13 20:36:50,743 INFO  server.RaftServerConfigKeys (ConfUtils.java:logGet(43)) - raft.server.log.appender.buffer.byte-limit = 33554432 (custom)
2019-07-13 20:36:50,744 INFO  server.RaftServerConfigKeys (ConfUtils.java:logGet(43)) - raft.server.log.appender.buffer.element-limit = 1 (custom)
2019-07-13 20:36:50,744 INFO  grpc.GrpcConfigKeys$Server (ConfUtils.java:logGet(43)) - raft.grpc.server.leader.outstanding.appends.max = 128 (default)
2019-07-13 20:36:50,744 INFO  server.RaftServerConfigKeys (ConfUtils.java:logGet(43)) - raft.server.rpc.request.timeout = 3000ms (default)
2019-07-13 20:36:50,744 INFO  server.RaftServerConfigKeys (ConfUtils.java:logGet(43)) - raft.server.log.appender.install.snapshot.enabled = false (custom)
2019-07-13 20:36:50,744 INFO  server.RaftServerConfigKeys (ConfUtils.java:logGet(43)) - raft.server.log.appender.snapshot.chunk.size.max = 16MB (=16777216) (default)
2019-07-13 20:36:50,745 INFO  server.RaftServerConfigKeys (ConfUtils.java:logGet(43)) - raft.server.log.appender.buffer.byte-limit = 33554432 (custom)
2019-07-13 20:36:50,745 INFO  server.RaftServerConfigKeys (ConfUtils.java:logGet(43)) - raft.server.log.appender.buffer.element-limit = 1 (custom)
2019-07-13 20:36:50,745 INFO  grpc.GrpcConfigKeys$Server (ConfUtils.java:logGet(43)) - raft.grpc.server.leader.outstanding.appends.max = 128 (default)
2019-07-13 20:36:50,745 INFO  server.RaftServerConfigKeys (ConfUtils.java:logGet(43)) - raft.server.rpc.request.timeout = 3000ms (default)
2019-07-13 20:36:50,745 INFO  server.RaftServerConfigKeys (ConfUtils.java:logGet(43)) - raft.server.log.appender.install.snapshot.enabled = false (custom)
2019-07-13 20:36:50,746 INFO  impl.RoleInfo (RoleInfo.java:updateAndGet(143)) - df9f50e8-bd32-4f3b-ae1d-0a839bc9434d: start LeaderState
2019-07-13 20:36:50,746 INFO  segmented.SegmentedRaftLogWorker (SegmentedRaftLogWorker.java:startLogSegment(380)) - df9f50e8-bd32-4f3b-ae1d-0a839bc9434d-SegmentedRaftLogWorker:Storage Directory /tmp/workdir/hadoop-ozone/integration-test/target/test-dir/MiniOzoneClusterImpl-16e5dc73-174f-42e0-b18c-cc1c204265a8/datanode-1/data/ratis/9b2efdae-10d3-4cda-8384-72dfdbb7e477: Starting segment from index:0
2019-07-13 20:36:50,747 INFO  impl.RaftServerImpl (ServerState.java:setRaftConf(361)) - df9f50e8-bd32-4f3b-ae1d-0a839bc9434d:group-72DFDBB7E477 set configuration 0: [ac4886d7-4657-4eaa-a4f0-9d9681fb35b9:192.168.5.168:34537, 48ee16ca-761e-4141-a55c-dd081db6ecd0:192.168.5.168:35948, df9f50e8-bd32-4f3b-ae1d-0a839bc9434d:192.168.5.168:43752], old=null at 0
2019-07-13 20:36:50,747 INFO  impl.RaftServerImpl (RaftServerImpl.java:requestVote(754)) - df9f50e8-bd32-4f3b-ae1d-0a839bc9434d-LEADER: Withhold vote from candidate ac4886d7-4657-4eaa-a4f0-9d9681fb35b9 with term 1. State: leader=df9f50e8-bd32-4f3b-ae1d-0a839bc9434d, term=1, lastRpcElapsed=null
2019-07-13 20:36:50,749 INFO  impl.RaftServerImpl (RaftServerImpl.java:setRole(171)) - ac4886d7-4657-4eaa-a4f0-9d9681fb35b9:group-72DFDBB7E477 changes role from CANDIDATE to FOLLOWER at term 1 for appendEntries
2019-07-13 20:36:50,749 INFO  impl.LeaderElection (LeaderElection.java:logAndReturn(56)) - ac4886d7-4657-4eaa-a4f0-9d9681fb35b9:group-72DFDBB7E477:LeaderElection65: Election REJECTED; received 2 response(s) [ac4886d7-4657-4eaa-a4f0-9d9681fb35b9<-48ee16ca-761e-4141-a55c-dd081db6ecd0#0:FAIL-t1, ac4886d7-4657-4eaa-a4f0-9d9681fb35b9<-df9f50e8-bd32-4f3b-ae1d-0a839bc9434d#0:FAIL-t1] and 0 exception(s); ac4886d7-4657-4eaa-a4f0-9d9681fb35b9:t1, leader=null, voted=ac4886d7-4657-4eaa-a4f0-9d9681fb35b9, raftlog=ac4886d7-4657-4eaa-a4f0-9d9681fb35b9-SegmentedRaftLog:OPENED:c-1,f-1,i0, conf=-1: [ac4886d7-4657-4eaa-a4f0-9d9681fb35b9:192.168.5.168:34537, 48ee16ca-761e-4141-a55c-dd081db6ecd0:192.168.5.168:35948, df9f50e8-bd32-4f3b-ae1d-0a839bc9434d:192.168.5.168:43752], old=null
2019-07-13 20:36:50,749 INFO  impl.RoleInfo (RoleInfo.java:shutdownLeaderElection(134)) - ac4886d7-4657-4eaa-a4f0-9d9681fb35b9: shutdown LeaderElection
2019-07-13 20:36:50,750 INFO  impl.RoleInfo (RoleInfo.java:updateAndGet(143)) - ac4886d7-4657-4eaa-a4f0-9d9681fb35b9: start FollowerState
2019-07-13 20:36:50,750 INFO  impl.RaftServerImpl (ServerState.java:setLeader(263)) - 48ee16ca-761e-4141-a55c-dd081db6ecd0:group-72DFDBB7E477 change Leader from null to df9f50e8-bd32-4f3b-ae1d-0a839bc9434d at term 1 for appendEntries, leader elected after 5096ms
2019-07-13 20:36:50,751 INFO  impl.RaftServerImpl (ServerState.java:setLeader(263)) - ac4886d7-4657-4eaa-a4f0-9d9681fb35b9:group-72DFDBB7E477 change Leader from null to df9f50e8-bd32-4f3b-ae1d-0a839bc9434d at term 1 for appendEntries, leader elected after 5097ms
2019-07-13 20:36:50,756 INFO  impl.RaftServerImpl (ServerState.java:setRaftConf(361)) - 48ee16ca-761e-4141-a55c-dd081db6ecd0:group-72DFDBB7E477 set configuration 0: [ac4886d7-4657-4eaa-a4f0-9d9681fb35b9:192.168.5.168:34537, 48ee16ca-761e-4141-a55c-dd081db6ecd0:192.168.5.168:35948, df9f50e8-bd32-4f3b-ae1d-0a839bc9434d:192.168.5.168:43752], old=null at 0
2019-07-13 20:36:50,757 INFO  impl.RaftServerImpl (ServerState.java:setRaftConf(361)) - ac4886d7-4657-4eaa-a4f0-9d9681fb35b9:group-72DFDBB7E477 set configuration 0: [ac4886d7-4657-4eaa-a4f0-9d9681fb35b9:192.168.5.168:34537, 48ee16ca-761e-4141-a55c-dd081db6ecd0:192.168.5.168:35948, df9f50e8-bd32-4f3b-ae1d-0a839bc9434d:192.168.5.168:43752], old=null at 0
2019-07-13 20:36:50,757 INFO  segmented.SegmentedRaftLogWorker (SegmentedRaftLogWorker.java:startLogSegment(380)) - 48ee16ca-761e-4141-a55c-dd081db6ecd0-SegmentedRaftLogWorker:Storage Directory /tmp/workdir/hadoop-ozone/integration-test/target/test-dir/MiniOzoneClusterImpl-16e5dc73-174f-42e0-b18c-cc1c204265a8/datanode-2/data/ratis/9b2efdae-10d3-4cda-8384-72dfdbb7e477: Starting segment from index:0
2019-07-13 20:36:50,757 INFO  segmented.SegmentedRaftLogWorker (SegmentedRaftLogWorker.java:startLogSegment(380)) - ac4886d7-4657-4eaa-a4f0-9d9681fb35b9-SegmentedRaftLogWorker:Storage Directory /tmp/workdir/hadoop-ozone/integration-test/target/test-dir/MiniOzoneClusterImpl-16e5dc73-174f-42e0-b18c-cc1c204265a8/datanode-0/data/ratis/9b2efdae-10d3-4cda-8384-72dfdbb7e477: Starting segment from index:0
2019-07-13 20:36:50,770 INFO  segmented.SegmentedRaftLogWorker (SegmentedRaftLogWorker.java:execute(569)) - df9f50e8-bd32-4f3b-ae1d-0a839bc9434d-SegmentedRaftLogWorker:Storage Directory /tmp/workdir/hadoop-ozone/integration-test/target/test-dir/MiniOzoneClusterImpl-16e5dc73-174f-42e0-b18c-cc1c204265a8/datanode-1/data/ratis/9b2efdae-10d3-4cda-8384-72dfdbb7e477: created new log segment /tmp/workdir/hadoop-ozone/integration-test/target/test-dir/MiniOzoneClusterImpl-16e5dc73-174f-42e0-b18c-cc1c204265a8/datanode-1/data/ratis/9b2efdae-10d3-4cda-8384-72dfdbb7e477/current/log_inprogress_0
2019-07-13 20:36:50,779 INFO  segmented.SegmentedRaftLogWorker (SegmentedRaftLogWorker.java:execute(569)) - ac4886d7-4657-4eaa-a4f0-9d9681fb35b9-SegmentedRaftLogWorker:Storage Directory /tmp/workdir/hadoop-ozone/integration-test/target/test-dir/MiniOzoneClusterImpl-16e5dc73-174f-42e0-b18c-cc1c204265a8/datanode-0/data/ratis/9b2efdae-10d3-4cda-8384-72dfdbb7e477: created new log segment /tmp/workdir/hadoop-ozone/integration-test/target/test-dir/MiniOzoneClusterImpl-16e5dc73-174f-42e0-b18c-cc1c204265a8/datanode-0/data/ratis/9b2efdae-10d3-4cda-8384-72dfdbb7e477/current/log_inprogress_0
2019-07-13 20:36:50,779 INFO  segmented.SegmentedRaftLogWorker (SegmentedRaftLogWorker.java:execute(569)) - 48ee16ca-761e-4141-a55c-dd081db6ecd0-SegmentedRaftLogWorker:Storage Directory /tmp/workdir/hadoop-ozone/integration-test/target/test-dir/MiniOzoneClusterImpl-16e5dc73-174f-42e0-b18c-cc1c204265a8/datanode-2/data/ratis/9b2efdae-10d3-4cda-8384-72dfdbb7e477: created new log segment /tmp/workdir/hadoop-ozone/integration-test/target/test-dir/MiniOzoneClusterImpl-16e5dc73-174f-42e0-b18c-cc1c204265a8/datanode-2/data/ratis/9b2efdae-10d3-4cda-8384-72dfdbb7e477/current/log_inprogress_0
2019-07-13 20:36:50,794 INFO  impl.FollowerState (FollowerState.java:run(106)) - 48ee16ca-761e-4141-a55c-dd081db6ecd0:group-FFB748149D72 changes to CANDIDATE, lastRpcTime:5172, electionTimeout:5172ms
2019-07-13 20:36:50,794 INFO  impl.RoleInfo (RoleInfo.java:shutdownFollowerState(121)) - 48ee16ca-761e-4141-a55c-dd081db6ecd0: shutdown FollowerState
2019-07-13 20:36:50,794 INFO  impl.RaftServerImpl (RaftServerImpl.java:setRole(171)) - 48ee16ca-761e-4141-a55c-dd081db6ecd0:group-FFB748149D72 changes role from FOLLOWER to CANDIDATE at term 0 for changeToCandidate
2019-07-13 20:36:50,795 INFO  impl.RoleInfo (RoleInfo.java:updateAndGet(143)) - 48ee16ca-761e-4141-a55c-dd081db6ecd0: start LeaderElection
2019-07-13 20:36:50,813 INFO  impl.LeaderElection (LeaderElection.java:askForVotes(181)) - 48ee16ca-761e-4141-a55c-dd081db6ecd0:group-FFB748149D72:LeaderElection66: begin an election at term 1 for -1: [48ee16ca-761e-4141-a55c-dd081db6ecd0:192.168.5.168:35948], old=null
2019-07-13 20:36:50,814 INFO  impl.RoleInfo (RoleInfo.java:shutdownLeaderElection(134)) - 48ee16ca-761e-4141-a55c-dd081db6ecd0: shutdown LeaderElection
2019-07-13 20:36:50,814 INFO  impl.RaftServerImpl (RaftServerImpl.java:setRole(171)) - 48ee16ca-761e-4141-a55c-dd081db6ecd0:group-FFB748149D72 changes role from CANDIDATE to LEADER at term 1 for changeToLeader
2019-07-13 20:36:50,814 INFO  impl.RaftServerImpl (ServerState.java:setLeader(263)) - 48ee16ca-761e-4141-a55c-dd081db6ecd0:group-FFB748149D72 change Leader from null to 48ee16ca-761e-4141-a55c-dd081db6ecd0 at term 1 for becomeLeader, leader elected after 5196ms
2019-07-13 20:36:50,816 INFO  server.RaftServerConfigKeys (ConfUtils.java:logGet(43)) - raft.server.staging.catchup.gap = 1000 (default)
2019-07-13 20:36:50,816 INFO  server.RaftServerConfigKeys (ConfUtils.java:logGet(43)) - raft.server.rpc.sleep.time = 25ms (default)
2019-07-13 20:36:50,817 INFO  server.RaftServerConfigKeys (ConfUtils.java:logGet(43)) - raft.server.write.element-limit = 4096 (default)
2019-07-13 20:36:50,817 INFO  server.RaftServerConfigKeys (ConfUtils.java:logGet(43)) - raft.server.watch.timeout = 10s (default)
2019-07-13 20:36:50,817 INFO  server.RaftServerConfigKeys (ConfUtils.java:logGet(43)) - raft.server.watch.timeout.denomination = 1s (default)
2019-07-13 20:36:50,817 INFO  server.RaftServerConfigKeys (ConfUtils.java:logGet(43)) - raft.server.watch.element-limit = 65536 (default)
2019-07-13 20:36:50,817 INFO  impl.RoleInfo (RoleInfo.java:updateAndGet(143)) - 48ee16ca-761e-4141-a55c-dd081db6ecd0: start LeaderState
2019-07-13 20:36:50,818 INFO  segmented.SegmentedRaftLogWorker (SegmentedRaftLogWorker.java:startLogSegment(380)) - 48ee16ca-761e-4141-a55c-dd081db6ecd0-SegmentedRaftLogWorker:Storage Directory /tmp/workdir/hadoop-ozone/integration-test/target/test-dir/MiniOzoneClusterImpl-16e5dc73-174f-42e0-b18c-cc1c204265a8/datanode-2/data/ratis/d3f23544-1c13-4655-b635-ffb748149d72: Starting segment from index:0
2019-07-13 20:36:50,819 INFO  impl.RaftServerImpl (ServerState.java:setRaftConf(361)) - 48ee16ca-761e-4141-a55c-dd081db6ecd0:group-FFB748149D72 set configuration 0: [48ee16ca-761e-4141-a55c-dd081db6ecd0:192.168.5.168:35948], old=null at 0
2019-07-13 20:36:50,843 INFO  segmented.SegmentedRaftLogWorker (SegmentedRaftLogWorker.java:execute(569)) - 48ee16ca-761e-4141-a55c-dd081db6ecd0-SegmentedRaftLogWorker:Storage Directory /tmp/workdir/hadoop-ozone/integration-test/target/test-dir/MiniOzoneClusterImpl-16e5dc73-174f-42e0-b18c-cc1c204265a8/datanode-2/data/ratis/d3f23544-1c13-4655-b635-ffb748149d72: created new log segment /tmp/workdir/hadoop-ozone/integration-test/target/test-dir/MiniOzoneClusterImpl-16e5dc73-174f-42e0-b18c-cc1c204265a8/datanode-2/data/ratis/d3f23544-1c13-4655-b635-ffb748149d72/current/log_inprogress_0
2019-07-13 20:36:50,857 INFO  impl.FollowerState (FollowerState.java:run(106)) - a6dfa705-7af2-43a8-a839-787b9abaa6e5:group-B49FBF119B19 changes to CANDIDATE, lastRpcTime:5044, electionTimeout:5044ms
2019-07-13 20:36:50,857 INFO  impl.RoleInfo (RoleInfo.java:shutdownFollowerState(121)) - a6dfa705-7af2-43a8-a839-787b9abaa6e5: shutdown FollowerState
2019-07-13 20:36:50,858 INFO  impl.RaftServerImpl (RaftServerImpl.java:setRole(171)) - a6dfa705-7af2-43a8-a839-787b9abaa6e5:group-B49FBF119B19 changes role from FOLLOWER to CANDIDATE at term 0 for changeToCandidate
2019-07-13 20:36:50,858 INFO  impl.RoleInfo (RoleInfo.java:updateAndGet(143)) - a6dfa705-7af2-43a8-a839-787b9abaa6e5: start LeaderElection
2019-07-13 20:36:50,866 INFO  impl.LeaderElection (LeaderElection.java:askForVotes(181)) - a6dfa705-7af2-43a8-a839-787b9abaa6e5:group-B49FBF119B19:LeaderElection67: begin an election at term 1 for -1: [a6dfa705-7af2-43a8-a839-787b9abaa6e5:192.168.5.168:36229], old=null
2019-07-13 20:36:50,866 INFO  impl.RoleInfo (RoleInfo.java:shutdownLeaderElection(134)) - a6dfa705-7af2-43a8-a839-787b9abaa6e5: shutdown LeaderElection
2019-07-13 20:36:50,866 INFO  impl.RaftServerImpl (RaftServerImpl.java:setRole(171)) - a6dfa705-7af2-43a8-a839-787b9abaa6e5:group-B49FBF119B19 changes role from CANDIDATE to LEADER at term 1 for changeToLeader
2019-07-13 20:36:50,866 INFO  impl.RaftServerImpl (ServerState.java:setLeader(263)) - a6dfa705-7af2-43a8-a839-787b9abaa6e5:group-B49FBF119B19 change Leader from null to a6dfa705-7af2-43a8-a839-787b9abaa6e5 at term 1 for becomeLeader, leader elected after 5057ms
2019-07-13 20:36:50,869 INFO  server.RaftServerConfigKeys (ConfUtils.java:logGet(43)) - raft.server.staging.catchup.gap = 1000 (default)
2019-07-13 20:36:50,869 INFO  server.RaftServerConfigKeys (ConfUtils.java:logGet(43)) - raft.server.rpc.sleep.time = 25ms (default)
2019-07-13 20:36:50,869 INFO  server.RaftServerConfigKeys (ConfUtils.java:logGet(43)) - raft.server.write.element-limit = 4096 (default)
2019-07-13 20:36:50,869 INFO  server.RaftServerConfigKeys (ConfUtils.java:logGet(43)) - raft.server.watch.timeout = 10s (default)
2019-07-13 20:36:50,869 INFO  server.RaftServerConfigKeys (ConfUtils.java:logGet(43)) - raft.server.watch.timeout.denomination = 1s (default)
2019-07-13 20:36:50,869 INFO  server.RaftServerConfigKeys (ConfUtils.java:logGet(43)) - raft.server.watch.element-limit = 65536 (default)
2019-07-13 20:36:50,870 INFO  impl.RoleInfo (RoleInfo.java:updateAndGet(143)) - a6dfa705-7af2-43a8-a839-787b9abaa6e5: start LeaderState
2019-07-13 20:36:50,870 INFO  segmented.SegmentedRaftLogWorker (SegmentedRaftLogWorker.java:startLogSegment(380)) - a6dfa705-7af2-43a8-a839-787b9abaa6e5-SegmentedRaftLogWorker:Storage Directory /tmp/workdir/hadoop-ozone/integration-test/target/test-dir/MiniOzoneClusterImpl-16e5dc73-174f-42e0-b18c-cc1c204265a8/datanode-3/data/ratis/65e72158-8fe2-4aca-be3a-b49fbf119b19: Starting segment from index:0
2019-07-13 20:36:50,870 INFO  impl.RaftServerImpl (ServerState.java:setRaftConf(361)) - a6dfa705-7af2-43a8-a839-787b9abaa6e5:group-B49FBF119B19 set configuration 0: [a6dfa705-7af2-43a8-a839-787b9abaa6e5:192.168.5.168:36229], old=null at 0
2019-07-13 20:36:50,893 INFO  segmented.SegmentedRaftLogWorker (SegmentedRaftLogWorker.java:execute(569)) - a6dfa705-7af2-43a8-a839-787b9abaa6e5-SegmentedRaftLogWorker:Storage Directory /tmp/workdir/hadoop-ozone/integration-test/target/test-dir/MiniOzoneClusterImpl-16e5dc73-174f-42e0-b18c-cc1c204265a8/datanode-3/data/ratis/65e72158-8fe2-4aca-be3a-b49fbf119b19: created new log segment /tmp/workdir/hadoop-ozone/integration-test/target/test-dir/MiniOzoneClusterImpl-16e5dc73-174f-42e0-b18c-cc1c204265a8/datanode-3/data/ratis/65e72158-8fe2-4aca-be3a-b49fbf119b19/current/log_inprogress_0
2019-07-13 20:36:51,081 INFO  impl.FollowerState (FollowerState.java:run(106)) - 65f6e63d-e463-4e76-8bb6-dba3a9205235:group-2593141E74A5 changes to CANDIDATE, lastRpcTime:5120, electionTimeout:5120ms
2019-07-13 20:36:51,081 INFO  impl.RoleInfo (RoleInfo.java:shutdownFollowerState(121)) - 65f6e63d-e463-4e76-8bb6-dba3a9205235: shutdown FollowerState
2019-07-13 20:36:51,081 INFO  impl.RaftServerImpl (RaftServerImpl.java:setRole(171)) - 65f6e63d-e463-4e76-8bb6-dba3a9205235:group-2593141E74A5 changes role from FOLLOWER to CANDIDATE at term 0 for changeToCandidate
2019-07-13 20:36:51,081 INFO  impl.RoleInfo (RoleInfo.java:updateAndGet(143)) - 65f6e63d-e463-4e76-8bb6-dba3a9205235: start LeaderElection
2019-07-13 20:36:51,091 INFO  impl.LeaderElection (LeaderElection.java:askForVotes(181)) - 65f6e63d-e463-4e76-8bb6-dba3a9205235:group-2593141E74A5:LeaderElection68: begin an election at term 1 for -1: [65f6e63d-e463-4e76-8bb6-dba3a9205235:192.168.5.168:44436], old=null
2019-07-13 20:36:51,091 INFO  impl.RoleInfo (RoleInfo.java:shutdownLeaderElection(134)) - 65f6e63d-e463-4e76-8bb6-dba3a9205235: shutdown LeaderElection
2019-07-13 20:36:51,091 INFO  impl.RaftServerImpl (RaftServerImpl.java:setRole(171)) - 65f6e63d-e463-4e76-8bb6-dba3a9205235:group-2593141E74A5 changes role from CANDIDATE to LEADER at term 1 for changeToLeader
2019-07-13 20:36:51,091 INFO  impl.RaftServerImpl (ServerState.java:setLeader(263)) - 65f6e63d-e463-4e76-8bb6-dba3a9205235:group-2593141E74A5 change Leader from null to 65f6e63d-e463-4e76-8bb6-dba3a9205235 at term 1 for becomeLeader, leader elected after 5135ms
2019-07-13 20:36:51,094 INFO  server.RaftServerConfigKeys (ConfUtils.java:logGet(43)) - raft.server.staging.catchup.gap = 1000 (default)
2019-07-13 20:36:51,094 INFO  server.RaftServerConfigKeys (ConfUtils.java:logGet(43)) - raft.server.rpc.sleep.time = 25ms (default)
2019-07-13 20:36:51,094 INFO  server.RaftServerConfigKeys (ConfUtils.java:logGet(43)) - raft.server.write.element-limit = 4096 (default)
2019-07-13 20:36:51,094 INFO  server.RaftServerConfigKeys (ConfUtils.java:logGet(43)) - raft.server.watch.timeout = 10s (default)
2019-07-13 20:36:51,094 INFO  server.RaftServerConfigKeys (ConfUtils.java:logGet(43)) - raft.server.watch.timeout.denomination = 1s (default)
2019-07-13 20:36:51,095 INFO  server.RaftServerConfigKeys (ConfUtils.java:logGet(43)) - raft.server.watch.element-limit = 65536 (default)
2019-07-13 20:36:51,095 INFO  impl.RoleInfo (RoleInfo.java:updateAndGet(143)) - 65f6e63d-e463-4e76-8bb6-dba3a9205235: start LeaderState
2019-07-13 20:36:51,095 INFO  segmented.SegmentedRaftLogWorker (SegmentedRaftLogWorker.java:startLogSegment(380)) - 65f6e63d-e463-4e76-8bb6-dba3a9205235-SegmentedRaftLogWorker:Storage Directory /tmp/workdir/hadoop-ozone/integration-test/target/test-dir/MiniOzoneClusterImpl-16e5dc73-174f-42e0-b18c-cc1c204265a8/datanode-4/data/ratis/233227bf-e748-4f65-af12-2593141e74a5: Starting segment from index:0
2019-07-13 20:36:51,095 INFO  impl.RaftServerImpl (ServerState.java:setRaftConf(361)) - 65f6e63d-e463-4e76-8bb6-dba3a9205235:group-2593141E74A5 set configuration 0: [65f6e63d-e463-4e76-8bb6-dba3a9205235:192.168.5.168:44436], old=null at 0
2019-07-13 20:36:51,119 INFO  segmented.SegmentedRaftLogWorker (SegmentedRaftLogWorker.java:execute(569)) - 65f6e63d-e463-4e76-8bb6-dba3a9205235-SegmentedRaftLogWorker:Storage Directory /tmp/workdir/hadoop-ozone/integration-test/target/test-dir/MiniOzoneClusterImpl-16e5dc73-174f-42e0-b18c-cc1c204265a8/datanode-4/data/ratis/233227bf-e748-4f65-af12-2593141e74a5: created new log segment /tmp/workdir/hadoop-ozone/integration-test/target/test-dir/MiniOzoneClusterImpl-16e5dc73-174f-42e0-b18c-cc1c204265a8/datanode-4/data/ratis/233227bf-e748-4f65-af12-2593141e74a5/current/log_inprogress_0
2019-07-13 20:36:51,224 INFO  impl.FollowerState (FollowerState.java:run(106)) - 65f6e63d-e463-4e76-8bb6-dba3a9205235:group-EE371F6605C5 changes to CANDIDATE, lastRpcTime:5041, electionTimeout:5041ms
2019-07-13 20:36:51,225 INFO  impl.RoleInfo (RoleInfo.java:shutdownFollowerState(121)) - 65f6e63d-e463-4e76-8bb6-dba3a9205235: shutdown FollowerState
2019-07-13 20:36:51,225 INFO  impl.RaftServerImpl (RaftServerImpl.java:setRole(171)) - 65f6e63d-e463-4e76-8bb6-dba3a9205235:group-EE371F6605C5 changes role from FOLLOWER to CANDIDATE at term 0 for changeToCandidate
2019-07-13 20:36:51,225 INFO  impl.RoleInfo (RoleInfo.java:updateAndGet(143)) - 65f6e63d-e463-4e76-8bb6-dba3a9205235: start LeaderElection
2019-07-13 20:36:51,236 INFO  impl.LeaderElection (LeaderElection.java:askForVotes(181)) - 65f6e63d-e463-4e76-8bb6-dba3a9205235:group-EE371F6605C5:LeaderElection69: begin an election at term 1 for -1: [65f6e63d-e463-4e76-8bb6-dba3a9205235:192.168.5.168:44436, 2c4950fd-1e5d-47b3-a656-44c486ef0704:192.168.5.168:45212, a6dfa705-7af2-43a8-a839-787b9abaa6e5:192.168.5.168:36229], old=null
2019-07-13 20:36:51,241 INFO  impl.RaftServerImpl (RaftServerImpl.java:setRole(171)) - 2c4950fd-1e5d-47b3-a656-44c486ef0704:group-EE371F6605C5 changes role from FOLLOWER to FOLLOWER at term 1 for recognizeCandidate:65f6e63d-e463-4e76-8bb6-dba3a9205235
2019-07-13 20:36:51,241 INFO  impl.RaftServerImpl (RaftServerImpl.java:setRole(171)) - a6dfa705-7af2-43a8-a839-787b9abaa6e5:group-EE371F6605C5 changes role from FOLLOWER to FOLLOWER at term 1 for recognizeCandidate:65f6e63d-e463-4e76-8bb6-dba3a9205235
2019-07-13 20:36:51,241 INFO  impl.RoleInfo (RoleInfo.java:shutdownFollowerState(121)) - 2c4950fd-1e5d-47b3-a656-44c486ef0704: shutdown FollowerState
2019-07-13 20:36:51,241 INFO  impl.RoleInfo (RoleInfo.java:shutdownFollowerState(121)) - a6dfa705-7af2-43a8-a839-787b9abaa6e5: shutdown FollowerState
2019-07-13 20:36:51,241 INFO  impl.FollowerState (FollowerState.java:run(114)) - 2c4950fd-1e5d-47b3-a656-44c486ef0704: FollowerState was interrupted: java.lang.InterruptedException: sleep interrupted
2019-07-13 20:36:51,241 INFO  impl.RoleInfo (RoleInfo.java:updateAndGet(143)) - 2c4950fd-1e5d-47b3-a656-44c486ef0704: start FollowerState
2019-07-13 20:36:51,242 INFO  impl.FollowerState (FollowerState.java:run(114)) - a6dfa705-7af2-43a8-a839-787b9abaa6e5: FollowerState was interrupted: java.lang.InterruptedException: sleep interrupted
2019-07-13 20:36:51,241 INFO  impl.RoleInfo (RoleInfo.java:updateAndGet(143)) - a6dfa705-7af2-43a8-a839-787b9abaa6e5: start FollowerState
2019-07-13 20:36:51,254 INFO  impl.LeaderElection (LeaderElection.java:logAndReturn(56)) - 65f6e63d-e463-4e76-8bb6-dba3a9205235:group-EE371F6605C5:LeaderElection69: Election PASSED; received 1 response(s) [65f6e63d-e463-4e76-8bb6-dba3a9205235<-2c4950fd-1e5d-47b3-a656-44c486ef0704#0:OK-t1] and 0 exception(s); 65f6e63d-e463-4e76-8bb6-dba3a9205235:t1, leader=null, voted=65f6e63d-e463-4e76-8bb6-dba3a9205235, raftlog=65f6e63d-e463-4e76-8bb6-dba3a9205235-SegmentedRaftLog:OPENED:c-1,f-1,i0, conf=-1: [65f6e63d-e463-4e76-8bb6-dba3a9205235:192.168.5.168:44436, 2c4950fd-1e5d-47b3-a656-44c486ef0704:192.168.5.168:45212, a6dfa705-7af2-43a8-a839-787b9abaa6e5:192.168.5.168:36229], old=null
2019-07-13 20:36:51,254 INFO  impl.RoleInfo (RoleInfo.java:shutdownLeaderElection(134)) - 65f6e63d-e463-4e76-8bb6-dba3a9205235: shutdown LeaderElection
2019-07-13 20:36:51,254 INFO  impl.RaftServerImpl (RaftServerImpl.java:setRole(171)) - 65f6e63d-e463-4e76-8bb6-dba3a9205235:group-EE371F6605C5 changes role from CANDIDATE to LEADER at term 1 for changeToLeader
2019-07-13 20:36:51,254 INFO  impl.RaftServerImpl (ServerState.java:setLeader(263)) - 65f6e63d-e463-4e76-8bb6-dba3a9205235:group-EE371F6605C5 change Leader from null to 65f6e63d-e463-4e76-8bb6-dba3a9205235 at term 1 for becomeLeader, leader elected after 5079ms
2019-07-13 20:36:51,254 INFO  server.RaftServerConfigKeys (ConfUtils.java:logGet(43)) - raft.server.staging.catchup.gap = 1000 (default)
2019-07-13 20:36:51,254 INFO  server.RaftServerConfigKeys (ConfUtils.java:logGet(43)) - raft.server.rpc.sleep.time = 25ms (default)
2019-07-13 20:36:51,255 INFO  server.RaftServerConfigKeys (ConfUtils.java:logGet(43)) - raft.server.write.element-limit = 4096 (default)
2019-07-13 20:36:51,255 INFO  server.RaftServerConfigKeys (ConfUtils.java:logGet(43)) - raft.server.watch.timeout = 10s (default)
2019-07-13 20:36:51,255 INFO  server.RaftServerConfigKeys (ConfUtils.java:logGet(43)) - raft.server.watch.timeout.denomination = 1s (default)
2019-07-13 20:36:51,255 INFO  server.RaftServerConfigKeys (ConfUtils.java:logGet(43)) - raft.server.watch.element-limit = 65536 (default)
2019-07-13 20:36:51,255 INFO  server.RaftServerConfigKeys (ConfUtils.java:logGet(43)) - raft.server.log.appender.snapshot.chunk.size.max = 16MB (=16777216) (default)
2019-07-13 20:36:51,256 INFO  server.RaftServerConfigKeys (ConfUtils.java:logGet(43)) - raft.server.log.appender.buffer.byte-limit = 33554432 (custom)
2019-07-13 20:36:51,256 INFO  server.RaftServerConfigKeys (ConfUtils.java:logGet(43)) - raft.server.log.appender.buffer.element-limit = 1 (custom)
2019-07-13 20:36:51,256 INFO  grpc.GrpcConfigKeys$Server (ConfUtils.java:logGet(43)) - raft.grpc.server.leader.outstanding.appends.max = 128 (default)
2019-07-13 20:36:51,256 INFO  server.RaftServerConfigKeys (ConfUtils.java:logGet(43)) - raft.server.rpc.request.timeout = 3000ms (default)
2019-07-13 20:36:51,256 INFO  server.RaftServerConfigKeys (ConfUtils.java:logGet(43)) - raft.server.log.appender.install.snapshot.enabled = false (custom)
2019-07-13 20:36:51,257 INFO  server.RaftServerConfigKeys (ConfUtils.java:logGet(43)) - raft.server.log.appender.snapshot.chunk.size.max = 16MB (=16777216) (default)
2019-07-13 20:36:51,257 INFO  server.RaftServerConfigKeys (ConfUtils.java:logGet(43)) - raft.server.log.appender.buffer.byte-limit = 33554432 (custom)
2019-07-13 20:36:51,257 INFO  server.RaftServerConfigKeys (ConfUtils.java:logGet(43)) - raft.server.log.appender.buffer.element-limit = 1 (custom)
2019-07-13 20:36:51,257 INFO  grpc.GrpcConfigKeys$Server (ConfUtils.java:logGet(43)) - raft.grpc.server.leader.outstanding.appends.max = 128 (default)
2019-07-13 20:36:51,257 INFO  server.RaftServerConfigKeys (ConfUtils.java:logGet(43)) - raft.server.rpc.request.timeout = 3000ms (default)
2019-07-13 20:36:51,257 INFO  server.RaftServerConfigKeys (ConfUtils.java:logGet(43)) - raft.server.log.appender.install.snapshot.enabled = false (custom)
2019-07-13 20:36:51,258 INFO  impl.RoleInfo (RoleInfo.java:updateAndGet(143)) - 65f6e63d-e463-4e76-8bb6-dba3a9205235: start LeaderState
2019-07-13 20:36:51,258 INFO  segmented.SegmentedRaftLogWorker (SegmentedRaftLogWorker.java:startLogSegment(380)) - 65f6e63d-e463-4e76-8bb6-dba3a9205235-SegmentedRaftLogWorker:Storage Directory /tmp/workdir/hadoop-ozone/integration-test/target/test-dir/MiniOzoneClusterImpl-16e5dc73-174f-42e0-b18c-cc1c204265a8/datanode-4/data/ratis/a195431b-977b-496a-bc6f-ee371f6605c5: Starting segment from index:0
2019-07-13 20:36:51,260 INFO  impl.RaftServerImpl (ServerState.java:setRaftConf(361)) - 65f6e63d-e463-4e76-8bb6-dba3a9205235:group-EE371F6605C5 set configuration 0: [65f6e63d-e463-4e76-8bb6-dba3a9205235:192.168.5.168:44436, 2c4950fd-1e5d-47b3-a656-44c486ef0704:192.168.5.168:45212, a6dfa705-7af2-43a8-a839-787b9abaa6e5:192.168.5.168:36229], old=null at 0
2019-07-13 20:36:51,280 INFO  impl.RaftServerImpl (ServerState.java:setLeader(263)) - a6dfa705-7af2-43a8-a839-787b9abaa6e5:group-EE371F6605C5 change Leader from null to 65f6e63d-e463-4e76-8bb6-dba3a9205235 at term 1 for appendEntries, leader elected after 5110ms
2019-07-13 20:36:51,280 INFO  impl.RaftServerImpl (ServerState.java:setLeader(263)) - 2c4950fd-1e5d-47b3-a656-44c486ef0704:group-EE371F6605C5 change Leader from null to 65f6e63d-e463-4e76-8bb6-dba3a9205235 at term 1 for appendEntries, leader elected after 5105ms
2019-07-13 20:36:51,283 INFO  segmented.SegmentedRaftLogWorker (SegmentedRaftLogWorker.java:execute(569)) - 65f6e63d-e463-4e76-8bb6-dba3a9205235-SegmentedRaftLogWorker:Storage Directory /tmp/workdir/hadoop-ozone/integration-test/target/test-dir/MiniOzoneClusterImpl-16e5dc73-174f-42e0-b18c-cc1c204265a8/datanode-4/data/ratis/a195431b-977b-496a-bc6f-ee371f6605c5: created new log segment /tmp/workdir/hadoop-ozone/integration-test/target/test-dir/MiniOzoneClusterImpl-16e5dc73-174f-42e0-b18c-cc1c204265a8/datanode-4/data/ratis/a195431b-977b-496a-bc6f-ee371f6605c5/current/log_inprogress_0
2019-07-13 20:36:51,287 INFO  impl.RaftServerImpl (ServerState.java:setRaftConf(361)) - 2c4950fd-1e5d-47b3-a656-44c486ef0704:group-EE371F6605C5 set configuration 0: [65f6e63d-e463-4e76-8bb6-dba3a9205235:192.168.5.168:44436, 2c4950fd-1e5d-47b3-a656-44c486ef0704:192.168.5.168:45212, a6dfa705-7af2-43a8-a839-787b9abaa6e5:192.168.5.168:36229], old=null at 0
2019-07-13 20:36:51,287 INFO  segmented.SegmentedRaftLogWorker (SegmentedRaftLogWorker.java:startLogSegment(380)) - 2c4950fd-1e5d-47b3-a656-44c486ef0704-SegmentedRaftLogWorker:Storage Directory /tmp/workdir/hadoop-ozone/integration-test/target/test-dir/MiniOzoneClusterImpl-16e5dc73-174f-42e0-b18c-cc1c204265a8/datanode-5/data/ratis/a195431b-977b-496a-bc6f-ee371f6605c5: Starting segment from index:0
2019-07-13 20:36:51,288 INFO  impl.RaftServerImpl (ServerState.java:setRaftConf(361)) - a6dfa705-7af2-43a8-a839-787b9abaa6e5:group-EE371F6605C5 set configuration 0: [65f6e63d-e463-4e76-8bb6-dba3a9205235:192.168.5.168:44436, 2c4950fd-1e5d-47b3-a656-44c486ef0704:192.168.5.168:45212, a6dfa705-7af2-43a8-a839-787b9abaa6e5:192.168.5.168:36229], old=null at 0
2019-07-13 20:36:51,288 INFO  segmented.SegmentedRaftLogWorker (SegmentedRaftLogWorker.java:startLogSegment(380)) - a6dfa705-7af2-43a8-a839-787b9abaa6e5-SegmentedRaftLogWorker:Storage Directory /tmp/workdir/hadoop-ozone/integration-test/target/test-dir/MiniOzoneClusterImpl-16e5dc73-174f-42e0-b18c-cc1c204265a8/datanode-3/data/ratis/a195431b-977b-496a-bc6f-ee371f6605c5: Starting segment from index:0
2019-07-13 20:36:51,310 INFO  segmented.SegmentedRaftLogWorker (SegmentedRaftLogWorker.java:execute(569)) - a6dfa705-7af2-43a8-a839-787b9abaa6e5-SegmentedRaftLogWorker:Storage Directory /tmp/workdir/hadoop-ozone/integration-test/target/test-dir/MiniOzoneClusterImpl-16e5dc73-174f-42e0-b18c-cc1c204265a8/datanode-3/data/ratis/a195431b-977b-496a-bc6f-ee371f6605c5: created new log segment /tmp/workdir/hadoop-ozone/integration-test/target/test-dir/MiniOzoneClusterImpl-16e5dc73-174f-42e0-b18c-cc1c204265a8/datanode-3/data/ratis/a195431b-977b-496a-bc6f-ee371f6605c5/current/log_inprogress_0
2019-07-13 20:36:51,310 INFO  segmented.SegmentedRaftLogWorker (SegmentedRaftLogWorker.java:execute(569)) - 2c4950fd-1e5d-47b3-a656-44c486ef0704-SegmentedRaftLogWorker:Storage Directory /tmp/workdir/hadoop-ozone/integration-test/target/test-dir/MiniOzoneClusterImpl-16e5dc73-174f-42e0-b18c-cc1c204265a8/datanode-5/data/ratis/a195431b-977b-496a-bc6f-ee371f6605c5: created new log segment /tmp/workdir/hadoop-ozone/integration-test/target/test-dir/MiniOzoneClusterImpl-16e5dc73-174f-42e0-b18c-cc1c204265a8/datanode-5/data/ratis/a195431b-977b-496a-bc6f-ee371f6605c5/current/log_inprogress_0
2019-07-13 20:36:51,319 INFO  impl.FollowerState (FollowerState.java:run(106)) - 2c4950fd-1e5d-47b3-a656-44c486ef0704:group-AA704957962C changes to CANDIDATE, lastRpcTime:5179, electionTimeout:5179ms
2019-07-13 20:36:51,319 INFO  impl.RoleInfo (RoleInfo.java:shutdownFollowerState(121)) - 2c4950fd-1e5d-47b3-a656-44c486ef0704: shutdown FollowerState
2019-07-13 20:36:51,319 INFO  impl.RaftServerImpl (RaftServerImpl.java:setRole(171)) - 2c4950fd-1e5d-47b3-a656-44c486ef0704:group-AA704957962C changes role from FOLLOWER to CANDIDATE at term 0 for changeToCandidate
2019-07-13 20:36:51,319 INFO  impl.RoleInfo (RoleInfo.java:updateAndGet(143)) - 2c4950fd-1e5d-47b3-a656-44c486ef0704: start LeaderElection
2019-07-13 20:36:51,328 INFO  impl.LeaderElection (LeaderElection.java:askForVotes(181)) - 2c4950fd-1e5d-47b3-a656-44c486ef0704:group-AA704957962C:LeaderElection70: begin an election at term 1 for -1: [2c4950fd-1e5d-47b3-a656-44c486ef0704:192.168.5.168:45212], old=null
2019-07-13 20:36:51,329 INFO  impl.RoleInfo (RoleInfo.java:shutdownLeaderElection(134)) - 2c4950fd-1e5d-47b3-a656-44c486ef0704: shutdown LeaderElection
2019-07-13 20:36:51,329 INFO  impl.RaftServerImpl (RaftServerImpl.java:setRole(171)) - 2c4950fd-1e5d-47b3-a656-44c486ef0704:group-AA704957962C changes role from CANDIDATE to LEADER at term 1 for changeToLeader
2019-07-13 20:36:51,329 INFO  impl.RaftServerImpl (ServerState.java:setLeader(263)) - 2c4950fd-1e5d-47b3-a656-44c486ef0704:group-AA704957962C change Leader from null to 2c4950fd-1e5d-47b3-a656-44c486ef0704 at term 1 for becomeLeader, leader elected after 5194ms
2019-07-13 20:36:51,332 INFO  server.RaftServerConfigKeys (ConfUtils.java:logGet(43)) - raft.server.staging.catchup.gap = 1000 (default)
2019-07-13 20:36:51,332 INFO  server.RaftServerConfigKeys (ConfUtils.java:logGet(43)) - raft.server.rpc.sleep.time = 25ms (default)
2019-07-13 20:36:51,332 INFO  server.RaftServerConfigKeys (ConfUtils.java:logGet(43)) - raft.server.write.element-limit = 4096 (default)
2019-07-13 20:36:51,332 INFO  server.RaftServerConfigKeys (ConfUtils.java:logGet(43)) - raft.server.watch.timeout = 10s (default)
2019-07-13 20:36:51,332 INFO  server.RaftServerConfigKeys (ConfUtils.java:logGet(43)) - raft.server.watch.timeout.denomination = 1s (default)
2019-07-13 20:36:51,332 INFO  server.RaftServerConfigKeys (ConfUtils.java:logGet(43)) - raft.server.watch.element-limit = 65536 (default)
2019-07-13 20:36:51,333 INFO  impl.RoleInfo (RoleInfo.java:updateAndGet(143)) - 2c4950fd-1e5d-47b3-a656-44c486ef0704: start LeaderState
2019-07-13 20:36:51,333 INFO  segmented.SegmentedRaftLogWorker (SegmentedRaftLogWorker.java:startLogSegment(380)) - 2c4950fd-1e5d-47b3-a656-44c486ef0704-SegmentedRaftLogWorker:Storage Directory /tmp/workdir/hadoop-ozone/integration-test/target/test-dir/MiniOzoneClusterImpl-16e5dc73-174f-42e0-b18c-cc1c204265a8/datanode-5/data/ratis/48b26156-451b-449a-a580-aa704957962c: Starting segment from index:0
2019-07-13 20:36:51,333 INFO  impl.RaftServerImpl (ServerState.java:setRaftConf(361)) - 2c4950fd-1e5d-47b3-a656-44c486ef0704:group-AA704957962C set configuration 0: [2c4950fd-1e5d-47b3-a656-44c486ef0704:192.168.5.168:45212], old=null at 0
2019-07-13 20:36:51,358 INFO  segmented.SegmentedRaftLogWorker (SegmentedRaftLogWorker.java:execute(569)) - 2c4950fd-1e5d-47b3-a656-44c486ef0704-SegmentedRaftLogWorker:Storage Directory /tmp/workdir/hadoop-ozone/integration-test/target/test-dir/MiniOzoneClusterImpl-16e5dc73-174f-42e0-b18c-cc1c204265a8/datanode-5/data/ratis/48b26156-451b-449a-a580-aa704957962c: created new log segment /tmp/workdir/hadoop-ozone/integration-test/target/test-dir/MiniOzoneClusterImpl-16e5dc73-174f-42e0-b18c-cc1c204265a8/datanode-5/data/ratis/48b26156-451b-449a-a580-aa704957962c/current/log_inprogress_0
2019-07-13 20:36:51,418 INFO  impl.FollowerState (FollowerState.java:run(106)) - 7143e291-f33c-4113-a11b-5be6d385291d:group-3E7252DD65C4 changes to CANDIDATE, lastRpcTime:5117, electionTimeout:5117ms
2019-07-13 20:36:51,419 INFO  impl.RoleInfo (RoleInfo.java:shutdownFollowerState(121)) - 7143e291-f33c-4113-a11b-5be6d385291d: shutdown FollowerState
2019-07-13 20:36:51,419 INFO  impl.RaftServerImpl (RaftServerImpl.java:setRole(171)) - 7143e291-f33c-4113-a11b-5be6d385291d:group-3E7252DD65C4 changes role from FOLLOWER to CANDIDATE at term 0 for changeToCandidate
2019-07-13 20:36:51,419 INFO  impl.RoleInfo (RoleInfo.java:updateAndGet(143)) - 7143e291-f33c-4113-a11b-5be6d385291d: start LeaderElection
2019-07-13 20:36:51,434 INFO  impl.LeaderElection (LeaderElection.java:askForVotes(181)) - 7143e291-f33c-4113-a11b-5be6d385291d:group-3E7252DD65C4:LeaderElection71: begin an election at term 1 for -1: [7143e291-f33c-4113-a11b-5be6d385291d:192.168.5.168:41884], old=null
2019-07-13 20:36:51,434 INFO  impl.RoleInfo (RoleInfo.java:shutdownLeaderElection(134)) - 7143e291-f33c-4113-a11b-5be6d385291d: shutdown LeaderElection
2019-07-13 20:36:51,435 INFO  impl.RaftServerImpl (RaftServerImpl.java:setRole(171)) - 7143e291-f33c-4113-a11b-5be6d385291d:group-3E7252DD65C4 changes role from CANDIDATE to LEADER at term 1 for changeToLeader
2019-07-13 20:36:51,435 INFO  impl.RaftServerImpl (ServerState.java:setLeader(263)) - 7143e291-f33c-4113-a11b-5be6d385291d:group-3E7252DD65C4 change Leader from null to 7143e291-f33c-4113-a11b-5be6d385291d at term 1 for becomeLeader, leader elected after 5137ms
2019-07-13 20:36:51,437 INFO  server.RaftServerConfigKeys (ConfUtils.java:logGet(43)) - raft.server.staging.catchup.gap = 1000 (default)
2019-07-13 20:36:51,437 INFO  server.RaftServerConfigKeys (ConfUtils.java:logGet(43)) - raft.server.rpc.sleep.time = 25ms (default)
2019-07-13 20:36:51,437 INFO  server.RaftServerConfigKeys (ConfUtils.java:logGet(43)) - raft.server.write.element-limit = 4096 (default)
2019-07-13 20:36:51,437 INFO  server.RaftServerConfigKeys (ConfUtils.java:logGet(43)) - raft.server.watch.timeout = 10s (default)
2019-07-13 20:36:51,437 INFO  server.RaftServerConfigKeys (ConfUtils.java:logGet(43)) - raft.server.watch.timeout.denomination = 1s (default)
2019-07-13 20:36:51,438 INFO  server.RaftServerConfigKeys (ConfUtils.java:logGet(43)) - raft.server.watch.element-limit = 65536 (default)
2019-07-13 20:36:51,438 INFO  impl.RoleInfo (RoleInfo.java:updateAndGet(143)) - 7143e291-f33c-4113-a11b-5be6d385291d: start LeaderState
2019-07-13 20:36:51,438 INFO  segmented.SegmentedRaftLogWorker (SegmentedRaftLogWorker.java:startLogSegment(380)) - 7143e291-f33c-4113-a11b-5be6d385291d-SegmentedRaftLogWorker:Storage Directory /tmp/workdir/hadoop-ozone/integration-test/target/test-dir/MiniOzoneClusterImpl-16e5dc73-174f-42e0-b18c-cc1c204265a8/datanode-6/data/ratis/663ee9d2-7f97-424d-bb60-3e7252dd65c4: Starting segment from index:0
2019-07-13 20:36:51,439 INFO  impl.RaftServerImpl (ServerState.java:setRaftConf(361)) - 7143e291-f33c-4113-a11b-5be6d385291d:group-3E7252DD65C4 set configuration 0: [7143e291-f33c-4113-a11b-5be6d385291d:192.168.5.168:41884], old=null at 0
2019-07-13 20:36:51,464 INFO  segmented.SegmentedRaftLogWorker (SegmentedRaftLogWorker.java:execute(569)) - 7143e291-f33c-4113-a11b-5be6d385291d-SegmentedRaftLogWorker:Storage Directory /tmp/workdir/hadoop-ozone/integration-test/target/test-dir/MiniOzoneClusterImpl-16e5dc73-174f-42e0-b18c-cc1c204265a8/datanode-6/data/ratis/663ee9d2-7f97-424d-bb60-3e7252dd65c4: created new log segment /tmp/workdir/hadoop-ozone/integration-test/target/test-dir/MiniOzoneClusterImpl-16e5dc73-174f-42e0-b18c-cc1c204265a8/datanode-6/data/ratis/663ee9d2-7f97-424d-bb60-3e7252dd65c4/current/log_inprogress_0
2019-07-13 20:36:51,506 INFO  client.GrpcClientProtocolClient (GrpcClientProtocolClient.java:onNext(255)) - client-690F39B299DB->df9f50e8-bd32-4f3b-ae1d-0a839bc9434d: receive RaftClientReply:client-690F39B299DB->df9f50e8-bd32-4f3b-ae1d-0a839bc9434d@group-72DFDBB7E477, cid=183, SUCCESS, logIndex=1, commits[df9f50e8-bd32-4f3b-ae1d-0a839bc9434d:c1, ac4886d7-4657-4eaa-a4f0-9d9681fb35b9:c-1, 48ee16ca-761e-4141-a55c-dd081db6ecd0:c0]
2019-07-13 20:36:51,524 INFO  client.GrpcClientProtocolClient (GrpcClientProtocolClient.java:onNext(255)) - client-690F39B299DB->df9f50e8-bd32-4f3b-ae1d-0a839bc9434d: receive RaftClientReply:client-690F39B299DB->df9f50e8-bd32-4f3b-ae1d-0a839bc9434d@group-72DFDBB7E477, cid=184, SUCCESS, logIndex=3, commits[df9f50e8-bd32-4f3b-ae1d-0a839bc9434d:c4, ac4886d7-4657-4eaa-a4f0-9d9681fb35b9:c1, 48ee16ca-761e-4141-a55c-dd081db6ecd0:c2]
2019-07-13 20:36:51,552 INFO  client.GrpcClientProtocolClient (GrpcClientProtocolClient.java:onNext(255)) - client-690F39B299DB->df9f50e8-bd32-4f3b-ae1d-0a839bc9434d: receive RaftClientReply:client-690F39B299DB->df9f50e8-bd32-4f3b-ae1d-0a839bc9434d@group-72DFDBB7E477, cid=185, SUCCESS, logIndex=4, commits[df9f50e8-bd32-4f3b-ae1d-0a839bc9434d:c12, ac4886d7-4657-4eaa-a4f0-9d9681fb35b9:c7, 48ee16ca-761e-4141-a55c-dd081db6ecd0:c7]
2019-07-13 20:36:51,553 INFO  client.GrpcClientProtocolClient (GrpcClientProtocolClient.java:onNext(255)) - client-690F39B299DB->df9f50e8-bd32-4f3b-ae1d-0a839bc9434d: receive RaftClientReply:client-690F39B299DB->df9f50e8-bd32-4f3b-ae1d-0a839bc9434d@group-72DFDBB7E477, cid=186, SUCCESS, logIndex=5, commits[df9f50e8-bd32-4f3b-ae1d-0a839bc9434d:c12, ac4886d7-4657-4eaa-a4f0-9d9681fb35b9:c7, 48ee16ca-761e-4141-a55c-dd081db6ecd0:c7]
2019-07-13 20:36:51,562 INFO  client.GrpcClientProtocolClient (GrpcClientProtocolClient.java:onNext(255)) - client-690F39B299DB->df9f50e8-bd32-4f3b-ae1d-0a839bc9434d: receive RaftClientReply:client-690F39B299DB->df9f50e8-bd32-4f3b-ae1d-0a839bc9434d@group-72DFDBB7E477, cid=187, SUCCESS, logIndex=6, commits[df9f50e8-bd32-4f3b-ae1d-0a839bc9434d:c12, ac4886d7-4657-4eaa-a4f0-9d9681fb35b9:c7, 48ee16ca-761e-4141-a55c-dd081db6ecd0:c7]
2019-07-13 20:36:51,593 INFO  client.GrpcClientProtocolClient (GrpcClientProtocolClient.java:onNext(255)) - client-690F39B299DB->df9f50e8-bd32-4f3b-ae1d-0a839bc9434d: receive RaftClientReply:client-690F39B299DB->df9f50e8-bd32-4f3b-ae1d-0a839bc9434d@group-72DFDBB7E477, cid=188, SUCCESS, logIndex=7, commits[df9f50e8-bd32-4f3b-ae1d-0a839bc9434d:c12, ac4886d7-4657-4eaa-a4f0-9d9681fb35b9:c7, 48ee16ca-761e-4141-a55c-dd081db6ecd0:c7]
2019-07-13 20:36:51,603 INFO  client.GrpcClientProtocolClient (GrpcClientProtocolClient.java:onNext(255)) - client-690F39B299DB->df9f50e8-bd32-4f3b-ae1d-0a839bc9434d: receive RaftClientReply:client-690F39B299DB->df9f50e8-bd32-4f3b-ae1d-0a839bc9434d@group-72DFDBB7E477, cid=189, SUCCESS, logIndex=13, commits[df9f50e8-bd32-4f3b-ae1d-0a839bc9434d:c14, ac4886d7-4657-4eaa-a4f0-9d9681fb35b9:c7, 48ee16ca-761e-4141-a55c-dd081db6ecd0:c12]
2019-07-13 20:36:51,603 INFO  client.GrpcClientProtocolClient (GrpcClientProtocolClient.java:onNext(255)) - client-690F39B299DB->df9f50e8-bd32-4f3b-ae1d-0a839bc9434d: receive RaftClientReply:client-690F39B299DB->df9f50e8-bd32-4f3b-ae1d-0a839bc9434d@group-72DFDBB7E477, cid=190, SUCCESS, logIndex=14, commits[df9f50e8-bd32-4f3b-ae1d-0a839bc9434d:c14, ac4886d7-4657-4eaa-a4f0-9d9681fb35b9:c12, 48ee16ca-761e-4141-a55c-dd081db6ecd0:c12]
2019-07-13 20:36:51,609 INFO  client.GrpcClientProtocolClient (GrpcClientProtocolClient.java:onNext(255)) - client-690F39B299DB->df9f50e8-bd32-4f3b-ae1d-0a839bc9434d: receive RaftClientReply:client-690F39B299DB->df9f50e8-bd32-4f3b-ae1d-0a839bc9434d@group-72DFDBB7E477, cid=191, SUCCESS, logIndex=0, commits[df9f50e8-bd32-4f3b-ae1d-0a839bc9434d:c16, ac4886d7-4657-4eaa-a4f0-9d9681fb35b9:c14, 48ee16ca-761e-4141-a55c-dd081db6ecd0:c14]
2019-07-13 20:36:51,610 INFO  datanode.ObjectStoreHandler (ObjectStoreHandler.java:close(155)) - Closing ObjectStoreHandler.
2019-07-13 20:36:51,610 INFO  ozone.HddsDatanodeService (HddsDatanodeService.java:stop(452)) - Stopped plug-in org.apache.hadoop.ozone.web.OzoneHddsDatanodeService@7843b65e
2019-07-13 20:36:52,493 INFO  statemachine.DatanodeStateMachine (DatanodeStateMachine.java:lambda$startDaemon$0(350)) - Ozone container server started.
2019-07-13 20:36:56,523 INFO  node.StaleNodeHandler (StaleNodeHandler.java:onMessage(58)) - Datanode df9f50e8-bd32-4f3b-ae1d-0a839bc9434d{ip: 192.168.5.168, host: trunk-nightly-6qp7m-2461138711, networkLocation: /default-rack, certSerialId: null} moved to stale state. Finalizing its pipelines [PipelineID=9b2efdae-10d3-4cda-8384-72dfdbb7e477, PipelineID=3fc993a9-e548-431a-939a-a60ab185678e]
2019-07-13 20:36:56,524 INFO  pipeline.SCMPipelineManager (SCMPipelineManager.java:finalizeAndDestroyPipeline(309)) - destroying pipeline:Pipeline[ Id: 9b2efdae-10d3-4cda-8384-72dfdbb7e477, Nodes: df9f50e8-bd32-4f3b-ae1d-0a839bc9434d{ip: 192.168.5.168, host: trunk-nightly-6qp7m-2461138711, networkLocation: /default-rack, certSerialId: null}ac4886d7-4657-4eaa-a4f0-9d9681fb35b9{ip: 192.168.5.168, host: trunk-nightly-6qp7m-2461138711, networkLocation: /default-rack, certSerialId: null}48ee16ca-761e-4141-a55c-dd081db6ecd0{ip: 192.168.5.168, host: trunk-nightly-6qp7m-2461138711, networkLocation: /default-rack, certSerialId: null}, Type:RATIS, Factor:THREE, State:OPEN]
2019-07-13 20:36:56,524 INFO  pipeline.PipelineStateManager (PipelineStateManager.java:finalizePipeline(123)) - Pipeline Pipeline[ Id: 9b2efdae-10d3-4cda-8384-72dfdbb7e477, Nodes: df9f50e8-bd32-4f3b-ae1d-0a839bc9434d{ip: 192.168.5.168, host: trunk-nightly-6qp7m-2461138711, networkLocation: /default-rack, certSerialId: null}ac4886d7-4657-4eaa-a4f0-9d9681fb35b9{ip: 192.168.5.168, host: trunk-nightly-6qp7m-2461138711, networkLocation: /default-rack, certSerialId: null}48ee16ca-761e-4141-a55c-dd081db6ecd0{ip: 192.168.5.168, host: trunk-nightly-6qp7m-2461138711, networkLocation: /default-rack, certSerialId: null}, Type:RATIS, Factor:THREE, State:CLOSED] moved to CLOSED state
2019-07-13 20:36:56,525 INFO  pipeline.SCMPipelineManager (SCMPipelineManager.java:finalizeAndDestroyPipeline(309)) - destroying pipeline:Pipeline[ Id: 3fc993a9-e548-431a-939a-a60ab185678e, Nodes: df9f50e8-bd32-4f3b-ae1d-0a839bc9434d{ip: 192.168.5.168, host: trunk-nightly-6qp7m-2461138711, networkLocation: /default-rack, certSerialId: null}, Type:RATIS, Factor:ONE, State:OPEN]
2019-07-13 20:36:56,525 INFO  container.CloseContainerEventHandler (CloseContainerEventHandler.java:onMessage(61)) - Close container Event triggered for container : #1
2019-07-13 20:36:56,525 INFO  pipeline.PipelineStateManager (PipelineStateManager.java:finalizePipeline(123)) - Pipeline Pipeline[ Id: 3fc993a9-e548-431a-939a-a60ab185678e, Nodes: df9f50e8-bd32-4f3b-ae1d-0a839bc9434d{ip: 192.168.5.168, host: trunk-nightly-6qp7m-2461138711, networkLocation: /default-rack, certSerialId: null}, Type:RATIS, Factor:ONE, State:CLOSED] moved to CLOSED state
2019-07-13 20:36:56,611 INFO  ozoneimpl.OzoneContainer (OzoneContainer.java:stop(199)) - Attempting to stop container services.
2019-07-13 20:36:56,612 INFO  impl.RaftServerProxy (RaftServerProxy.java:lambda$close$4(314)) - df9f50e8-bd32-4f3b-ae1d-0a839bc9434d: close
2019-07-13 20:36:56,612 INFO  impl.RaftServerImpl (RaftServerImpl.java:lambda$shutdown$3(245)) - df9f50e8-bd32-4f3b-ae1d-0a839bc9434d: shutdown group-72DFDBB7E477
2019-07-13 20:36:56,613 INFO  impl.RaftServerImpl (RaftServerImpl.java:lambda$shutdown$3(245)) - df9f50e8-bd32-4f3b-ae1d-0a839bc9434d: shutdown group-A60AB185678E
2019-07-13 20:36:56,613 INFO  util.JmxRegister (JmxRegister.java:unregister(73)) - Successfully un-registered JMX Bean with object name Ratis:service=RaftServer,group=group-72DFDBB7E477,id=df9f50e8-bd32-4f3b-ae1d-0a839bc9434d
2019-07-13 20:36:56,617 INFO  util.JmxRegister (JmxRegister.java:unregister(73)) - Successfully un-registered JMX Bean with object name Ratis:service=RaftServer,group=group-A60AB185678E,id=df9f50e8-bd32-4f3b-ae1d-0a839bc9434d
2019-07-13 20:36:56,617 INFO  impl.RoleInfo (RoleInfo.java:shutdownLeaderState(104)) - df9f50e8-bd32-4f3b-ae1d-0a839bc9434d: shutdown LeaderState
2019-07-13 20:36:56,617 INFO  impl.RoleInfo (RoleInfo.java:shutdownLeaderState(104)) - df9f50e8-bd32-4f3b-ae1d-0a839bc9434d: shutdown LeaderState
2019-07-13 20:36:56,623 INFO  impl.PendingRequests (PendingRequests.java:sendNotLeaderResponses(202)) - df9f50e8-bd32-4f3b-ae1d-0a839bc9434d-PendingRequests: sendNotLeaderResponses
2019-07-13 20:36:56,623 WARN  server.GrpcLogAppender (GrpcLogAppender.java:mayWait(143)) - GrpcLogAppender(df9f50e8-bd32-4f3b-ae1d-0a839bc9434d->ac4886d7-4657-4eaa-a4f0-9d9681fb35b9): Wait interrupted by java.lang.InterruptedException
2019-07-13 20:36:56,623 WARN  server.GrpcLogAppender (GrpcLogAppender.java:mayWait(143)) - GrpcLogAppender(df9f50e8-bd32-4f3b-ae1d-0a839bc9434d->48ee16ca-761e-4141-a55c-dd081db6ecd0): Wait interrupted by java.lang.InterruptedException
2019-07-13 20:36:56,623 INFO  impl.PendingRequests (PendingRequests.java:sendNotLeaderResponses(202)) - df9f50e8-bd32-4f3b-ae1d-0a839bc9434d-PendingRequests: sendNotLeaderResponses
2019-07-13 20:36:56,639 INFO  ratis.ContainerStateMachine (ContainerStateMachine.java:takeSnapshot(246)) - Taking snapshot at termIndex:(t:1, i:14)
2019-07-13 20:36:56,639 INFO  impl.StateMachineUpdater (StateMachineUpdater.java:stopAndJoin(115)) - StateMachineUpdater:df9f50e8-bd32-4f3b-ae1d-0a839bc9434d:group-72DFDBB7E477: set stopIndex = 16
2019-07-13 20:36:56,639 INFO  server.GrpcServerProtocolService (GrpcServerProtocolService.java:onCompleted(104)) - 48ee16ca-761e-4141-a55c-dd081db6ecd0: appendEntries completed
2019-07-13 20:36:56,639 INFO  ratis.ContainerStateMachine (ContainerStateMachine.java:takeSnapshot(250)) - Taking a snapshot to file /tmp/workdir/hadoop-ozone/integration-test/target/test-dir/MiniOzoneClusterImpl-16e5dc73-174f-42e0-b18c-cc1c204265a8/datanode-1/data/ratis/9b2efdae-10d3-4cda-8384-72dfdbb7e477/sm/snapshot.1_14
2019-07-13 20:36:56,639 INFO  ratis.ContainerStateMachine (ContainerStateMachine.java:takeSnapshot(246)) - Taking snapshot at termIndex:(t:0, i:~)
2019-07-13 20:36:56,639 INFO  server.GrpcServerProtocolService (GrpcServerProtocolService.java:onCompleted(104)) - ac4886d7-4657-4eaa-a4f0-9d9681fb35b9: appendEntries completed
2019-07-13 20:36:56,641 INFO  impl.StateMachineUpdater (StateMachineUpdater.java:takeSnapshot(242)) - StateMachineUpdater:df9f50e8-bd32-4f3b-ae1d-0a839bc9434d:group-72DFDBB7E477: Took a snapshot at index 14
2019-07-13 20:36:56,639 INFO  impl.StateMachineUpdater (StateMachineUpdater.java:stopAndJoin(115)) - StateMachineUpdater:df9f50e8-bd32-4f3b-ae1d-0a839bc9434d:group-A60AB185678E: set stopIndex = 0
2019-07-13 20:36:56,641 INFO  impl.StateMachineUpdater (StateMachineUpdater.java:lambda$new$0(80)) - StateMachineUpdater:df9f50e8-bd32-4f3b-ae1d-0a839bc9434d:group-72DFDBB7E477: snapshotIndex: updateIncreasingly -1 -> 14
2019-07-13 20:36:56,640 INFO  server.GrpcLogAppender (GrpcLogAppender.java:onCompleted(292)) - df9f50e8-bd32-4f3b-ae1d-0a839bc9434d->48ee16ca-761e-4141-a55c-dd081db6ecd0: follower responses appendEntries COMPLETED
2019-07-13 20:36:56,641 INFO  impl.RaftServerImpl (ServerState.java:close(394)) - df9f50e8-bd32-4f3b-ae1d-0a839bc9434d:group-72DFDBB7E477 closes. The last applied log index is 16
2019-07-13 20:36:56,641 INFO  impl.RaftServerImpl (ServerState.java:close(394)) - df9f50e8-bd32-4f3b-ae1d-0a839bc9434d:group-A60AB185678E closes. The last applied log index is 0
2019-07-13 20:36:56,641 INFO  server.GrpcLogAppender (GrpcLogAppender.java:onCompleted(292)) - df9f50e8-bd32-4f3b-ae1d-0a839bc9434d->ac4886d7-4657-4eaa-a4f0-9d9681fb35b9: follower responses appendEntries COMPLETED
2019-07-13 20:36:56,642 INFO  segmented.SegmentedRaftLogWorker (SegmentedRaftLogWorker.java:run(313)) - df9f50e8-bd32-4f3b-ae1d-0a839bc9434d-SegmentedRaftLogWorker:Storage Directory /tmp/workdir/hadoop-ozone/integration-test/target/test-dir/MiniOzoneClusterImpl-16e5dc73-174f-42e0-b18c-cc1c204265a8/datanode-1/data/ratis/3fc993a9-e548-431a-939a-a60ab185678e was interrupted, exiting. There are 0 tasks remaining in the queue.
2019-07-13 20:36:56,642 INFO  segmented.SegmentedRaftLogWorker (SegmentedRaftLogWorker.java:run(313)) - df9f50e8-bd32-4f3b-ae1d-0a839bc9434d-SegmentedRaftLogWorker:Storage Directory /tmp/workdir/hadoop-ozone/integration-test/target/test-dir/MiniOzoneClusterImpl-16e5dc73-174f-42e0-b18c-cc1c204265a8/datanode-1/data/ratis/9b2efdae-10d3-4cda-8384-72dfdbb7e477 was interrupted, exiting. There are 0 tasks remaining in the queue.
2019-07-13 20:36:56,642 INFO  impl.FollowerInfo (FollowerInfo.java:lambda$new$0(50)) - df9f50e8-bd32-4f3b-ae1d-0a839bc9434d->48ee16ca-761e-4141-a55c-dd081db6ecd0: nextIndex: updateUnconditionally 17 -> 16
2019-07-13 20:36:56,642 INFO  impl.FollowerInfo (FollowerInfo.java:lambda$new$0(50)) - df9f50e8-bd32-4f3b-ae1d-0a839bc9434d->ac4886d7-4657-4eaa-a4f0-9d9681fb35b9: nextIndex: updateUnconditionally 17 -> 16
2019-07-13 20:36:56,652 INFO  segmented.SegmentedRaftLogWorker (SegmentedRaftLogWorker.java:close(228)) - df9f50e8-bd32-4f3b-ae1d-0a839bc9434d-SegmentedRaftLogWorker:Storage Directory /tmp/workdir/hadoop-ozone/integration-test/target/test-dir/MiniOzoneClusterImpl-16e5dc73-174f-42e0-b18c-cc1c204265a8/datanode-1/data/ratis/3fc993a9-e548-431a-939a-a60ab185678e close()
2019-07-13 20:36:56,652 INFO  segmented.SegmentedRaftLogWorker (SegmentedRaftLogWorker.java:close(228)) - df9f50e8-bd32-4f3b-ae1d-0a839bc9434d-SegmentedRaftLogWorker:Storage Directory /tmp/workdir/hadoop-ozone/integration-test/target/test-dir/MiniOzoneClusterImpl-16e5dc73-174f-42e0-b18c-cc1c204265a8/datanode-1/data/ratis/9b2efdae-10d3-4cda-8384-72dfdbb7e477 close()
2019-07-13 20:36:56,661 INFO  server.GrpcService (GrpcService.java:closeImpl(155)) - df9f50e8-bd32-4f3b-ae1d-0a839bc9434d: shutdown server with port 43752 now
2019-07-13 20:36:56,662 WARN  client.GrpcClientProtocolService (LogUtils.java:warn(134)) - 2-UnorderedRequestStreamObserver2: onError: org.apache.ratis.thirdparty.io.grpc.StatusRuntimeException: CANCELLED: cancelled before receiving half close
2019-07-13 20:36:56,664 INFO  server.GrpcService (GrpcService.java:closeImpl(163)) - df9f50e8-bd32-4f3b-ae1d-0a839bc9434d: shutdown server with port 43752 successfully
2019-07-13 20:36:56,669 INFO  utils.BackgroundService (BackgroundService.java:shutdown(148)) - Shutting down service BlockDeletingService
2019-07-13 20:36:56,670 WARN  fs.CachingGetSpaceUsed (CachingGetSpaceUsed.java:run(183)) - Thread Interrupted waiting to refresh disk information: sleep interrupted
2019-07-13 20:36:56,692 INFO  statemachine.DatanodeStateMachine (DatanodeStateMachine.java:stopDaemon(395)) - Ozone container server stopped.
2019-07-13 20:36:56,693 INFO  handler.ContextHandler (ContextHandler.java:doStop(910)) - Stopped o.e.j.w.WebAppContext@1abf38d1{/,null,UNAVAILABLE}{/hddsDatanode}
2019-07-13 20:36:56,694 INFO  server.AbstractConnector (AbstractConnector.java:doStop(318)) - Stopped ServerConnector@1d3bf0af{HTTP/1.1,[http/1.1]}{0.0.0.0:0}
2019-07-13 20:36:56,694 INFO  handler.ContextHandler (ContextHandler.java:doStop(910)) - Stopped o.e.j.s.ServletContextHandler@9bd477c{/static,jar:file:/home/user/.m2/repository/org/apache/hadoop/hadoop-hdds-container-service/0.5.0-SNAPSHOT/hadoop-hdds-container-service-0.5.0-SNAPSHOT.jar!/webapps/static,UNAVAILABLE}
2019-07-13 20:36:56,695 INFO  handler.ContextHandler (ContextHandler.java:doStop(910)) - Stopped o.e.j.s.ServletContextHandler@1071f3ad{/logs,file:///tmp/workdir/hadoop-ozone/integration-test/target/log,UNAVAILABLE}
2019-07-13 20:36:58,709 INFO  client.GrpcClientProtocolClient (GrpcClientProtocolClient.java:onNext(255)) - client-690F39B299DB->48ee16ca-761e-4141-a55c-dd081db6ecd0: receive RaftClientReply:client-690F39B299DB->48ee16ca-761e-4141-a55c-dd081db6ecd0@group-72DFDBB7E477, cid=192, FAILED org.apache.ratis.protocol.NotLeaderException: Server 48ee16ca-761e-4141-a55c-dd081db6ecd0 is not the leader (df9f50e8-bd32-4f3b-ae1d-0a839bc9434d:192.168.5.168:43752). Request must be sent to leader., logIndex=0, commits[48ee16ca-761e-4141-a55c-dd081db6ecd0:c16, ac4886d7-4657-4eaa-a4f0-9d9681fb35b9:c16, df9f50e8-bd32-4f3b-ae1d-0a839bc9434d:c16]
2019-07-13 20:36:59,731 INFO  client.GrpcClientProtocolClient (GrpcClientProtocolClient.java:onNext(255)) - client-690F39B299DB->ac4886d7-4657-4eaa-a4f0-9d9681fb35b9: receive RaftClientReply:client-690F39B299DB->ac4886d7-4657-4eaa-a4f0-9d9681fb35b9@group-72DFDBB7E477, cid=192, FAILED org.apache.ratis.protocol.NotLeaderException: Server ac4886d7-4657-4eaa-a4f0-9d9681fb35b9 is not the leader (df9f50e8-bd32-4f3b-ae1d-0a839bc9434d:192.168.5.168:43752). Request must be sent to leader., logIndex=0, commits[ac4886d7-4657-4eaa-a4f0-9d9681fb35b9:c16, 48ee16ca-761e-4141-a55c-dd081db6ecd0:c16, df9f50e8-bd32-4f3b-ae1d-0a839bc9434d:c16]
2019-07-13 20:37:00,753 INFO  client.GrpcClientProtocolClient (GrpcClientProtocolClient.java:onNext(255)) - client-690F39B299DB->ac4886d7-4657-4eaa-a4f0-9d9681fb35b9: receive RaftClientReply:client-690F39B299DB->ac4886d7-4657-4eaa-a4f0-9d9681fb35b9@group-72DFDBB7E477, cid=192, FAILED org.apache.ratis.protocol.NotLeaderException: Server ac4886d7-4657-4eaa-a4f0-9d9681fb35b9 is not the leader (df9f50e8-bd32-4f3b-ae1d-0a839bc9434d:192.168.5.168:43752). Request must be sent to leader., logIndex=0, commits[ac4886d7-4657-4eaa-a4f0-9d9681fb35b9:c16, 48ee16ca-761e-4141-a55c-dd081db6ecd0:c16, df9f50e8-bd32-4f3b-ae1d-0a839bc9434d:c16]
2019-07-13 20:37:01,767 INFO  client.GrpcClientProtocolClient (GrpcClientProtocolClient.java:onNext(255)) - client-690F39B299DB->48ee16ca-761e-4141-a55c-dd081db6ecd0: receive RaftClientReply:client-690F39B299DB->48ee16ca-761e-4141-a55c-dd081db6ecd0@group-72DFDBB7E477, cid=192, FAILED org.apache.ratis.protocol.NotLeaderException: Server 48ee16ca-761e-4141-a55c-dd081db6ecd0 is not the leader (df9f50e8-bd32-4f3b-ae1d-0a839bc9434d:192.168.5.168:43752). Request must be sent to leader., logIndex=0, commits[48ee16ca-761e-4141-a55c-dd081db6ecd0:c16, ac4886d7-4657-4eaa-a4f0-9d9681fb35b9:c16, df9f50e8-bd32-4f3b-ae1d-0a839bc9434d:c16]
2019-07-13 20:37:02,789 INFO  client.GrpcClientProtocolClient (GrpcClientProtocolClient.java:onNext(255)) - client-690F39B299DB->48ee16ca-761e-4141-a55c-dd081db6ecd0: receive RaftClientReply:client-690F39B299DB->48ee16ca-761e-4141-a55c-dd081db6ecd0@group-72DFDBB7E477, cid=192, FAILED org.apache.ratis.protocol.NotLeaderException: Server 48ee16ca-761e-4141-a55c-dd081db6ecd0 is not the leader (df9f50e8-bd32-4f3b-ae1d-0a839bc9434d:192.168.5.168:43752). Request must be sent to leader., logIndex=0, commits[48ee16ca-761e-4141-a55c-dd081db6ecd0:c16, ac4886d7-4657-4eaa-a4f0-9d9681fb35b9:c16, df9f50e8-bd32-4f3b-ae1d-0a839bc9434d:c16]
2019-07-13 20:37:03,805 INFO  client.GrpcClientProtocolClient (GrpcClientProtocolClient.java:onNext(255)) - client-690F39B299DB->ac4886d7-4657-4eaa-a4f0-9d9681fb35b9: receive RaftClientReply:client-690F39B299DB->ac4886d7-4657-4eaa-a4f0-9d9681fb35b9@group-72DFDBB7E477, cid=192, FAILED org.apache.ratis.protocol.NotLeaderException: Server ac4886d7-4657-4eaa-a4f0-9d9681fb35b9 is not the leader (df9f50e8-bd32-4f3b-ae1d-0a839bc9434d:192.168.5.168:43752). Request must be sent to leader., logIndex=0, commits[ac4886d7-4657-4eaa-a4f0-9d9681fb35b9:c16, 48ee16ca-761e-4141-a55c-dd081db6ecd0:c16, df9f50e8-bd32-4f3b-ae1d-0a839bc9434d:c16]
2019-07-13 20:37:04,819 INFO  client.GrpcClientProtocolClient (GrpcClientProtocolClient.java:onNext(255)) - client-690F39B299DB->ac4886d7-4657-4eaa-a4f0-9d9681fb35b9: receive RaftClientReply:client-690F39B299DB->ac4886d7-4657-4eaa-a4f0-9d9681fb35b9@group-72DFDBB7E477, cid=192, FAILED org.apache.ratis.protocol.NotLeaderException: Server ac4886d7-4657-4eaa-a4f0-9d9681fb35b9 is not the leader (df9f50e8-bd32-4f3b-ae1d-0a839bc9434d:192.168.5.168:43752). Request must be sent to leader., logIndex=0, commits[ac4886d7-4657-4eaa-a4f0-9d9681fb35b9:c16, 48ee16ca-761e-4141-a55c-dd081db6ecd0:c16, df9f50e8-bd32-4f3b-ae1d-0a839bc9434d:c16]
2019-07-13 20:37:05,831 INFO  client.GrpcClientProtocolClient (GrpcClientProtocolClient.java:onNext(255)) - client-690F39B299DB->ac4886d7-4657-4eaa-a4f0-9d9681fb35b9: receive RaftClientReply:client-690F39B299DB->ac4886d7-4657-4eaa-a4f0-9d9681fb35b9@group-72DFDBB7E477, cid=192, FAILED org.apache.ratis.protocol.NotLeaderException: Server ac4886d7-4657-4eaa-a4f0-9d9681fb35b9 is not the leader (df9f50e8-bd32-4f3b-ae1d-0a839bc9434d:192.168.5.168:43752). Request must be sent to leader., logIndex=0, commits[ac4886d7-4657-4eaa-a4f0-9d9681fb35b9:c16, 48ee16ca-761e-4141-a55c-dd081db6ecd0:c16, df9f50e8-bd32-4f3b-ae1d-0a839bc9434d:c16]
2019-07-13 20:37:05,954 INFO  impl.FollowerState (FollowerState.java:run(106)) - 48ee16ca-761e-4141-a55c-dd081db6ecd0:group-72DFDBB7E477 changes to CANDIDATE, lastRpcTime:9344, electionTimeout:5127ms
2019-07-13 20:37:05,954 INFO  impl.RoleInfo (RoleInfo.java:shutdownFollowerState(121)) - 48ee16ca-761e-4141-a55c-dd081db6ecd0: shutdown FollowerState
2019-07-13 20:37:05,954 INFO  impl.RaftServerImpl (RaftServerImpl.java:setRole(171)) - 48ee16ca-761e-4141-a55c-dd081db6ecd0:group-72DFDBB7E477 changes role from FOLLOWER to CANDIDATE at term 1 for changeToCandidate
2019-07-13 20:37:05,955 INFO  impl.RoleInfo (RoleInfo.java:updateAndGet(143)) - 48ee16ca-761e-4141-a55c-dd081db6ecd0: start LeaderElection
2019-07-13 20:37:05,958 INFO  impl.RaftServerImpl (ServerState.java:setLeader(263)) - 48ee16ca-761e-4141-a55c-dd081db6ecd0:group-72DFDBB7E477 change Leader from df9f50e8-bd32-4f3b-ae1d-0a839bc9434d to null at term 1 for initElection
2019-07-13 20:37:05,984 INFO  impl.LeaderElection (LeaderElection.java:askForVotes(181)) - 48ee16ca-761e-4141-a55c-dd081db6ecd0:group-72DFDBB7E477:LeaderElection72: begin an election at term 2 for 0: [ac4886d7-4657-4eaa-a4f0-9d9681fb35b9:192.168.5.168:34537, 48ee16ca-761e-4141-a55c-dd081db6ecd0:192.168.5.168:35948, df9f50e8-bd32-4f3b-ae1d-0a839bc9434d:192.168.5.168:43752], old=null
2019-07-13 20:37:05,986 INFO  impl.LeaderElection (LogUtils.java:infoOrTrace(149)) - 48ee16ca-761e-4141-a55c-dd081db6ecd0:group-72DFDBB7E477:LeaderElection72 got exception when requesting votes: {}
java.util.concurrent.ExecutionException: org.apache.ratis.thirdparty.io.grpc.StatusRuntimeException: UNAVAILABLE: io exception
	at java.util.concurrent.FutureTask.report(FutureTask.java:122)
	at java.util.concurrent.FutureTask.get(FutureTask.java:192)
	at org.apache.ratis.server.impl.LeaderElection.waitForResults(LeaderElection.java:262)
	at org.apache.ratis.server.impl.LeaderElection.askForVotes(LeaderElection.java:200)
	at org.apache.ratis.server.impl.LeaderElection.run(LeaderElection.java:130)
	at java.lang.Thread.run(Thread.java:748)
Caused by: org.apache.ratis.thirdparty.io.grpc.StatusRuntimeException: UNAVAILABLE: io exception
	at org.apache.ratis.thirdparty.io.grpc.stub.ClientCalls.toStatusRuntimeException(ClientCalls.java:233)
	at org.apache.ratis.thirdparty.io.grpc.stub.ClientCalls.getUnchecked(ClientCalls.java:214)
	at org.apache.ratis.thirdparty.io.grpc.stub.ClientCalls.blockingUnaryCall(ClientCalls.java:139)
	at org.apache.ratis.proto.grpc.RaftServerProtocolServiceGrpc$RaftServerProtocolServiceBlockingStub.requestVote(RaftServerProtocolServiceGrpc.java:265)
	at org.apache.ratis.grpc.server.GrpcServerProtocolClient.requestVote(GrpcServerProtocolClient.java:83)
	at org.apache.ratis.grpc.server.GrpcService.requestVote(GrpcService.java:195)
	at org.apache.ratis.server.impl.LeaderElection.lambda$submitRequests$1(LeaderElection.java:237)
	at java.util.concurrent.FutureTask.run(FutureTask.java:266)
	at java.util.concurrent.Executors$RunnableAdapter.call(Executors.java:511)
	at java.util.concurrent.FutureTask.run(FutureTask.java:266)
	at java.util.concurrent.ThreadPoolExecutor.runWorker(ThreadPoolExecutor.java:1149)
	at java.util.concurrent.ThreadPoolExecutor$Worker.run(ThreadPoolExecutor.java:624)
	... 1 more
Caused by: org.apache.ratis.thirdparty.io.netty.channel.AbstractChannel$AnnotatedConnectException: Connection refused: /192.168.5.168:43752
	at sun.nio.ch.SocketChannelImpl.checkConnect(Native Method)
	at sun.nio.ch.SocketChannelImpl.finishConnect(SocketChannelImpl.java:717)
	at org.apache.ratis.thirdparty.io.netty.channel.socket.nio.NioSocketChannel.doFinishConnect(NioSocketChannel.java:327)
	at org.apache.ratis.thirdparty.io.netty.channel.nio.AbstractNioChannel$AbstractNioUnsafe.finishConnect(AbstractNioChannel.java:340)
	at org.apache.ratis.thirdparty.io.netty.channel.nio.NioEventLoop.processSelectedKey(NioEventLoop.java:632)
	at org.apache.ratis.thirdparty.io.netty.channel.nio.NioEventLoop.processSelectedKeysOptimized(NioEventLoop.java:579)
	at org.apache.ratis.thirdparty.io.netty.channel.nio.NioEventLoop.processSelectedKeys(NioEventLoop.java:496)
	at org.apache.ratis.thirdparty.io.netty.channel.nio.NioEventLoop.run(NioEventLoop.java:458)
	at org.apache.ratis.thirdparty.io.netty.util.concurrent.SingleThreadEventExecutor$5.run(SingleThreadEventExecutor.java:897)
	at org.apache.ratis.thirdparty.io.netty.util.concurrent.FastThreadLocalRunnable.run(FastThreadLocalRunnable.java:30)
	... 1 more
Caused by: java.net.ConnectException: Connection refused
	... 11 more
2019-07-13 20:37:05,990 INFO  impl.RaftServerImpl (ServerState.java:setLeader(263)) - ac4886d7-4657-4eaa-a4f0-9d9681fb35b9:group-72DFDBB7E477 change Leader from df9f50e8-bd32-4f3b-ae1d-0a839bc9434d to null at term 2 for updateCurrentTerm
2019-07-13 20:37:05,991 INFO  impl.RaftServerImpl (RaftServerImpl.java:setRole(171)) - ac4886d7-4657-4eaa-a4f0-9d9681fb35b9:group-72DFDBB7E477 changes role from FOLLOWER to FOLLOWER at term 2 for recognizeCandidate:48ee16ca-761e-4141-a55c-dd081db6ecd0
2019-07-13 20:37:05,991 INFO  impl.RoleInfo (RoleInfo.java:shutdownFollowerState(121)) - ac4886d7-4657-4eaa-a4f0-9d9681fb35b9: shutdown FollowerState
2019-07-13 20:37:05,991 INFO  impl.RoleInfo (RoleInfo.java:updateAndGet(143)) - ac4886d7-4657-4eaa-a4f0-9d9681fb35b9: start FollowerState
2019-07-13 20:37:05,991 INFO  impl.FollowerState (FollowerState.java:run(114)) - ac4886d7-4657-4eaa-a4f0-9d9681fb35b9: FollowerState was interrupted: java.lang.InterruptedException: sleep interrupted
2019-07-13 20:37:06,008 INFO  impl.LeaderElection (LeaderElection.java:logAndReturn(56)) - 48ee16ca-761e-4141-a55c-dd081db6ecd0:group-72DFDBB7E477:LeaderElection72: Election PASSED; received 1 response(s) [48ee16ca-761e-4141-a55c-dd081db6ecd0<-ac4886d7-4657-4eaa-a4f0-9d9681fb35b9#0:OK-t2] and 1 exception(s); 48ee16ca-761e-4141-a55c-dd081db6ecd0:t2, leader=null, voted=48ee16ca-761e-4141-a55c-dd081db6ecd0, raftlog=48ee16ca-761e-4141-a55c-dd081db6ecd0-SegmentedRaftLog:OPENED:c16,f16,i16, conf=0: [ac4886d7-4657-4eaa-a4f0-9d9681fb35b9:192.168.5.168:34537, 48ee16ca-761e-4141-a55c-dd081db6ecd0:192.168.5.168:35948, df9f50e8-bd32-4f3b-ae1d-0a839bc9434d:192.168.5.168:43752], old=null
2019-07-13 20:37:06,008 INFO  impl.LeaderElection (LogUtils.java:infoOrTrace(149)) -   Exception 0: {}
java.util.concurrent.ExecutionException: org.apache.ratis.thirdparty.io.grpc.StatusRuntimeException: UNAVAILABLE: io exception
	at java.util.concurrent.FutureTask.report(FutureTask.java:122)
	at java.util.concurrent.FutureTask.get(FutureTask.java:192)
	at org.apache.ratis.server.impl.LeaderElection.waitForResults(LeaderElection.java:262)
	at org.apache.ratis.server.impl.LeaderElection.askForVotes(LeaderElection.java:200)
	at org.apache.ratis.server.impl.LeaderElection.run(LeaderElection.java:130)
	at java.lang.Thread.run(Thread.java:748)
Caused by: org.apache.ratis.thirdparty.io.grpc.StatusRuntimeException: UNAVAILABLE: io exception
	at org.apache.ratis.thirdparty.io.grpc.stub.ClientCalls.toStatusRuntimeException(ClientCalls.java:233)
	at org.apache.ratis.thirdparty.io.grpc.stub.ClientCalls.getUnchecked(ClientCalls.java:214)
	at org.apache.ratis.thirdparty.io.grpc.stub.ClientCalls.blockingUnaryCall(ClientCalls.java:139)
	at org.apache.ratis.proto.grpc.RaftServerProtocolServiceGrpc$RaftServerProtocolServiceBlockingStub.requestVote(RaftServerProtocolServiceGrpc.java:265)
	at org.apache.ratis.grpc.server.GrpcServerProtocolClient.requestVote(GrpcServerProtocolClient.java:83)
	at org.apache.ratis.grpc.server.GrpcService.requestVote(GrpcService.java:195)
	at org.apache.ratis.server.impl.LeaderElection.lambda$submitRequests$1(LeaderElection.java:237)
	at java.util.concurrent.FutureTask.run(FutureTask.java:266)
	at java.util.concurrent.Executors$RunnableAdapter.call(Executors.java:511)
	at java.util.concurrent.FutureTask.run(FutureTask.java:266)
	at java.util.concurrent.ThreadPoolExecutor.runWorker(ThreadPoolExecutor.java:1149)
	at java.util.concurrent.ThreadPoolExecutor$Worker.run(ThreadPoolExecutor.java:624)
	... 1 more
Caused by: org.apache.ratis.thirdparty.io.netty.channel.AbstractChannel$AnnotatedConnectException: Connection refused: /192.168.5.168:43752
	at sun.nio.ch.SocketChannelImpl.checkConnect(Native Method)
	at sun.nio.ch.SocketChannelImpl.finishConnect(SocketChannelImpl.java:717)
	at org.apache.ratis.thirdparty.io.netty.channel.socket.nio.NioSocketChannel.doFinishConnect(NioSocketChannel.java:327)
	at org.apache.ratis.thirdparty.io.netty.channel.nio.AbstractNioChannel$AbstractNioUnsafe.finishConnect(AbstractNioChannel.java:340)
	at org.apache.ratis.thirdparty.io.netty.channel.nio.NioEventLoop.processSelectedKey(NioEventLoop.java:632)
	at org.apache.ratis.thirdparty.io.netty.channel.nio.NioEventLoop.processSelectedKeysOptimized(NioEventLoop.java:579)
	at org.apache.ratis.thirdparty.io.netty.channel.nio.NioEventLoop.processSelectedKeys(NioEventLoop.java:496)
	at org.apache.ratis.thirdparty.io.netty.channel.nio.NioEventLoop.run(NioEventLoop.java:458)
	at org.apache.ratis.thirdparty.io.netty.util.concurrent.SingleThreadEventExecutor$5.run(SingleThreadEventExecutor.java:897)
	at org.apache.ratis.thirdparty.io.netty.util.concurrent.FastThreadLocalRunnable.run(FastThreadLocalRunnable.java:30)
	... 1 more
Caused by: java.net.ConnectException: Connection refused
	... 11 more
2019-07-13 20:37:06,008 INFO  impl.RoleInfo (RoleInfo.java:shutdownLeaderElection(134)) - 48ee16ca-761e-4141-a55c-dd081db6ecd0: shutdown LeaderElection
2019-07-13 20:37:06,008 INFO  impl.RaftServerImpl (RaftServerImpl.java:setRole(171)) - 48ee16ca-761e-4141-a55c-dd081db6ecd0:group-72DFDBB7E477 changes role from CANDIDATE to LEADER at term 2 for changeToLeader
2019-07-13 20:37:06,009 INFO  impl.RaftServerImpl (ServerState.java:setLeader(263)) - 48ee16ca-761e-4141-a55c-dd081db6ecd0:group-72DFDBB7E477 change Leader from null to 48ee16ca-761e-4141-a55c-dd081db6ecd0 at term 2 for becomeLeader, leader elected after 50ms
2019-07-13 20:37:06,009 INFO  server.RaftServerConfigKeys (ConfUtils.java:logGet(43)) - raft.server.staging.catchup.gap = 1000 (default)
2019-07-13 20:37:06,009 INFO  server.RaftServerConfigKeys (ConfUtils.java:logGet(43)) - raft.server.rpc.sleep.time = 25ms (default)
2019-07-13 20:37:06,009 INFO  server.RaftServerConfigKeys (ConfUtils.java:logGet(43)) - raft.server.write.element-limit = 4096 (default)
2019-07-13 20:37:06,010 INFO  server.RaftServerConfigKeys (ConfUtils.java:logGet(43)) - raft.server.watch.timeout = 10s (default)
2019-07-13 20:37:06,010 INFO  server.RaftServerConfigKeys (ConfUtils.java:logGet(43)) - raft.server.watch.timeout.denomination = 1s (default)
2019-07-13 20:37:06,010 INFO  server.RaftServerConfigKeys (ConfUtils.java:logGet(43)) - raft.server.watch.element-limit = 65536 (default)
2019-07-13 20:37:06,010 INFO  server.RaftServerConfigKeys (ConfUtils.java:logGet(43)) - raft.server.log.appender.snapshot.chunk.size.max = 16MB (=16777216) (default)
2019-07-13 20:37:06,011 INFO  server.RaftServerConfigKeys (ConfUtils.java:logGet(43)) - raft.server.log.appender.buffer.byte-limit = 33554432 (custom)
2019-07-13 20:37:06,011 INFO  server.RaftServerConfigKeys (ConfUtils.java:logGet(43)) - raft.server.log.appender.buffer.element-limit = 1 (custom)
2019-07-13 20:37:06,011 INFO  grpc.GrpcConfigKeys$Server (ConfUtils.java:logGet(43)) - raft.grpc.server.leader.outstanding.appends.max = 128 (default)
2019-07-13 20:37:06,011 INFO  server.RaftServerConfigKeys (ConfUtils.java:logGet(43)) - raft.server.rpc.request.timeout = 3000ms (default)
2019-07-13 20:37:06,012 INFO  server.RaftServerConfigKeys (ConfUtils.java:logGet(43)) - raft.server.log.appender.install.snapshot.enabled = false (custom)
2019-07-13 20:37:06,012 INFO  server.RaftServerConfigKeys (ConfUtils.java:logGet(43)) - raft.server.log.appender.snapshot.chunk.size.max = 16MB (=16777216) (default)
2019-07-13 20:37:06,012 INFO  server.RaftServerConfigKeys (ConfUtils.java:logGet(43)) - raft.server.log.appender.buffer.byte-limit = 33554432 (custom)
2019-07-13 20:37:06,012 INFO  server.RaftServerConfigKeys (ConfUtils.java:logGet(43)) - raft.server.log.appender.buffer.element-limit = 1 (custom)
2019-07-13 20:37:06,012 INFO  grpc.GrpcConfigKeys$Server (ConfUtils.java:logGet(43)) - raft.grpc.server.leader.outstanding.appends.max = 128 (default)
2019-07-13 20:37:06,013 INFO  server.RaftServerConfigKeys (ConfUtils.java:logGet(43)) - raft.server.rpc.request.timeout = 3000ms (default)
2019-07-13 20:37:06,013 INFO  server.RaftServerConfigKeys (ConfUtils.java:logGet(43)) - raft.server.log.appender.install.snapshot.enabled = false (custom)
2019-07-13 20:37:06,013 INFO  impl.RoleInfo (RoleInfo.java:updateAndGet(143)) - 48ee16ca-761e-4141-a55c-dd081db6ecd0: start LeaderState
2019-07-13 20:37:06,014 INFO  segmented.SegmentedRaftLogWorker (SegmentedRaftLogWorker.java:rollLogSegment(385)) - 48ee16ca-761e-4141-a55c-dd081db6ecd0-SegmentedRaftLogWorker:Storage Directory /tmp/workdir/hadoop-ozone/integration-test/target/test-dir/MiniOzoneClusterImpl-16e5dc73-174f-42e0-b18c-cc1c204265a8/datanode-2/data/ratis/9b2efdae-10d3-4cda-8384-72dfdbb7e477: Rolling segment log-0_16 to index:16
2019-07-13 20:37:06,015 INFO  segmented.SegmentedRaftLogWorker (SegmentedRaftLogWorker.java:execute(526)) - 48ee16ca-761e-4141-a55c-dd081db6ecd0-SegmentedRaftLogWorker:Storage Directory /tmp/workdir/hadoop-ozone/integration-test/target/test-dir/MiniOzoneClusterImpl-16e5dc73-174f-42e0-b18c-cc1c204265a8/datanode-2/data/ratis/9b2efdae-10d3-4cda-8384-72dfdbb7e477: Rolled log segment from /tmp/workdir/hadoop-ozone/integration-test/target/test-dir/MiniOzoneClusterImpl-16e5dc73-174f-42e0-b18c-cc1c204265a8/datanode-2/data/ratis/9b2efdae-10d3-4cda-8384-72dfdbb7e477/current/log_inprogress_0 to /tmp/workdir/hadoop-ozone/integration-test/target/test-dir/MiniOzoneClusterImpl-16e5dc73-174f-42e0-b18c-cc1c204265a8/datanode-2/data/ratis/9b2efdae-10d3-4cda-8384-72dfdbb7e477/current/log_0-16
2019-07-13 20:37:06,015 INFO  impl.RaftServerImpl (ServerState.java:setRaftConf(361)) - 48ee16ca-761e-4141-a55c-dd081db6ecd0:group-72DFDBB7E477 set configuration 17: [ac4886d7-4657-4eaa-a4f0-9d9681fb35b9:192.168.5.168:34537, 48ee16ca-761e-4141-a55c-dd081db6ecd0:192.168.5.168:35948, df9f50e8-bd32-4f3b-ae1d-0a839bc9434d:192.168.5.168:43752], old=null at 17
2019-07-13 20:37:06,016 WARN  server.GrpcLogAppender (LogUtils.java:warn(134)) - 48ee16ca-761e-4141-a55c-dd081db6ecd0->df9f50e8-bd32-4f3b-ae1d-0a839bc9434d: Failed appendEntries: org.apache.ratis.thirdparty.io.grpc.StatusRuntimeException: UNAVAILABLE: io exception
2019-07-13 20:37:06,016 INFO  impl.RaftServerImpl (ServerState.java:setLeader(263)) - ac4886d7-4657-4eaa-a4f0-9d9681fb35b9:group-72DFDBB7E477 change Leader from null to 48ee16ca-761e-4141-a55c-dd081db6ecd0 at term 2 for appendEntries, leader elected after 26ms
2019-07-13 20:37:06,017 INFO  impl.FollowerInfo (FollowerInfo.java:lambda$new$0(50)) - 48ee16ca-761e-4141-a55c-dd081db6ecd0->df9f50e8-bd32-4f3b-ae1d-0a839bc9434d: nextIndex: updateUnconditionally 17 -> 1
2019-07-13 20:37:06,020 INFO  impl.RaftServerImpl (ServerState.java:setRaftConf(361)) - ac4886d7-4657-4eaa-a4f0-9d9681fb35b9:group-72DFDBB7E477 set configuration 17: [ac4886d7-4657-4eaa-a4f0-9d9681fb35b9:192.168.5.168:34537, 48ee16ca-761e-4141-a55c-dd081db6ecd0:192.168.5.168:35948, df9f50e8-bd32-4f3b-ae1d-0a839bc9434d:192.168.5.168:43752], old=null at 17
2019-07-13 20:37:06,020 INFO  segmented.SegmentedRaftLogWorker (SegmentedRaftLogWorker.java:rollLogSegment(385)) - ac4886d7-4657-4eaa-a4f0-9d9681fb35b9-SegmentedRaftLogWorker:Storage Directory /tmp/workdir/hadoop-ozone/integration-test/target/test-dir/MiniOzoneClusterImpl-16e5dc73-174f-42e0-b18c-cc1c204265a8/datanode-0/data/ratis/9b2efdae-10d3-4cda-8384-72dfdbb7e477: Rolling segment log-0_16 to index:16
2019-07-13 20:37:06,021 INFO  segmented.SegmentedRaftLogWorker (SegmentedRaftLogWorker.java:execute(526)) - ac4886d7-4657-4eaa-a4f0-9d9681fb35b9-SegmentedRaftLogWorker:Storage Directory /tmp/workdir/hadoop-ozone/integration-test/target/test-dir/MiniOzoneClusterImpl-16e5dc73-174f-42e0-b18c-cc1c204265a8/datanode-0/data/ratis/9b2efdae-10d3-4cda-8384-72dfdbb7e477: Rolled log segment from /tmp/workdir/hadoop-ozone/integration-test/target/test-dir/MiniOzoneClusterImpl-16e5dc73-174f-42e0-b18c-cc1c204265a8/datanode-0/data/ratis/9b2efdae-10d3-4cda-8384-72dfdbb7e477/current/log_inprogress_0 to /tmp/workdir/hadoop-ozone/integration-test/target/test-dir/MiniOzoneClusterImpl-16e5dc73-174f-42e0-b18c-cc1c204265a8/datanode-0/data/ratis/9b2efdae-10d3-4cda-8384-72dfdbb7e477/current/log_0-16
2019-07-13 20:37:06,048 INFO  segmented.SegmentedRaftLogWorker (SegmentedRaftLogWorker.java:execute(569)) - 48ee16ca-761e-4141-a55c-dd081db6ecd0-SegmentedRaftLogWorker:Storage Directory /tmp/workdir/hadoop-ozone/integration-test/target/test-dir/MiniOzoneClusterImpl-16e5dc73-174f-42e0-b18c-cc1c204265a8/datanode-2/data/ratis/9b2efdae-10d3-4cda-8384-72dfdbb7e477: created new log segment /tmp/workdir/hadoop-ozone/integration-test/target/test-dir/MiniOzoneClusterImpl-16e5dc73-174f-42e0-b18c-cc1c204265a8/datanode-2/data/ratis/9b2efdae-10d3-4cda-8384-72dfdbb7e477/current/log_inprogress_17
2019-07-13 20:37:06,048 INFO  segmented.SegmentedRaftLogWorker (SegmentedRaftLogWorker.java:execute(569)) - ac4886d7-4657-4eaa-a4f0-9d9681fb35b9-SegmentedRaftLogWorker:Storage Directory /tmp/workdir/hadoop-ozone/integration-test/target/test-dir/MiniOzoneClusterImpl-16e5dc73-174f-42e0-b18c-cc1c204265a8/datanode-0/data/ratis/9b2efdae-10d3-4cda-8384-72dfdbb7e477: created new log segment /tmp/workdir/hadoop-ozone/integration-test/target/test-dir/MiniOzoneClusterImpl-16e5dc73-174f-42e0-b18c-cc1c204265a8/datanode-0/data/ratis/9b2efdae-10d3-4cda-8384-72dfdbb7e477/current/log_inprogress_17
2019-07-13 20:37:06,076 WARN  server.GrpcLogAppender (LogUtils.java:warn(134)) - 48ee16ca-761e-4141-a55c-dd081db6ecd0->df9f50e8-bd32-4f3b-ae1d-0a839bc9434d: Failed appendEntries: org.apache.ratis.thirdparty.io.grpc.StatusRuntimeException: UNAVAILABLE: io exception
2019-07-13 20:37:06,077 INFO  impl.FollowerInfo (FollowerInfo.java:lambda$new$0(50)) - 48ee16ca-761e-4141-a55c-dd081db6ecd0->df9f50e8-bd32-4f3b-ae1d-0a839bc9434d: nextIndex: updateUnconditionally 2 -> 1
2019-07-13 20:37:06,081 WARN  server.GrpcLogAppender (LogUtils.java:warn(134)) - 48ee16ca-761e-4141-a55c-dd081db6ecd0->df9f50e8-bd32-4f3b-ae1d-0a839bc9434d: Failed appendEntries: org.apache.ratis.thirdparty.io.grpc.StatusRuntimeException: UNAVAILABLE: io exception
2019-07-13 20:37:06,081 INFO  impl.FollowerInfo (FollowerInfo.java:lambda$new$0(50)) - 48ee16ca-761e-4141-a55c-dd081db6ecd0->df9f50e8-bd32-4f3b-ae1d-0a839bc9434d: nextIndex: updateUnconditionally 2 -> 1
20:37:06.840 [grpc-default-executor-5] ERROR DNAudit - user=null | ip=null | op=WRITE_CHUNK {blockData=conID: 1 locID: 102436058388824078 bcsId: 14} | ret=FAILURE
org.apache.hadoop.hdds.scm.container.common.helpers.ContainerNotOpenException: Container 1 in CLOSING state
	at org.apache.hadoop.ozone.container.common.impl.HddsDispatcher.validateContainerCommand(HddsDispatcher.java:408) ~[hadoop-hdds-container-service-0.5.0-SNAPSHOT.jar:?]
	at org.apache.hadoop.ozone.container.common.transport.server.ratis.ContainerStateMachine.startTransaction(ContainerStateMachine.java:271) ~[hadoop-hdds-container-service-0.5.0-SNAPSHOT.jar:?]
	at org.apache.ratis.server.impl.RaftServerImpl.submitClientRequestAsync(RaftServerImpl.java:566) ~[ratis-server-0.4.0-2337318-SNAPSHOT.jar:0.4.0-2337318-SNAPSHOT]
	at org.apache.ratis.server.impl.RaftServerProxy.lambda$submitClientRequestAsync$7(RaftServerProxy.java:333) ~[ratis-server-0.4.0-2337318-SNAPSHOT.jar:0.4.0-2337318-SNAPSHOT]
	at org.apache.ratis.server.impl.RaftServerProxy.lambda$null$5(RaftServerProxy.java:328) ~[ratis-server-0.4.0-2337318-SNAPSHOT.jar:0.4.0-2337318-SNAPSHOT]
	at org.apache.ratis.util.JavaUtils.callAsUnchecked(JavaUtils.java:109) ~[ratis-common-0.4.0-2337318-SNAPSHOT.jar:0.4.0-2337318-SNAPSHOT]
	at org.apache.ratis.server.impl.RaftServerProxy.lambda$submitRequest$6(RaftServerProxy.java:328) ~[ratis-server-0.4.0-2337318-SNAPSHOT.jar:0.4.0-2337318-SNAPSHOT]
	at java.util.concurrent.CompletableFuture.uniComposeStage(CompletableFuture.java:981) ~[?:1.8.0_212]
	at java.util.concurrent.CompletableFuture.thenCompose(CompletableFuture.java:2124) ~[?:1.8.0_212]
	at org.apache.ratis.server.impl.RaftServerProxy.submitRequest(RaftServerProxy.java:327) ~[ratis-server-0.4.0-2337318-SNAPSHOT.jar:0.4.0-2337318-SNAPSHOT]
	at org.apache.ratis.server.impl.RaftServerProxy.submitClientRequestAsync(RaftServerProxy.java:333) ~[ratis-server-0.4.0-2337318-SNAPSHOT.jar:0.4.0-2337318-SNAPSHOT]
	at org.apache.ratis.grpc.client.GrpcClientProtocolService$RequestStreamObserver.processClientRequest(GrpcClientProtocolService.java:220) ~[ratis-grpc-0.4.0-2337318-SNAPSHOT.jar:0.4.0-2337318-SNAPSHOT]
	at org.apache.ratis.grpc.client.GrpcClientProtocolService$OrderedRequestStreamObserver.processClientRequest(GrpcClientProtocolService.java:326) ~[ratis-grpc-0.4.0-2337318-SNAPSHOT.jar:0.4.0-2337318-SNAPSHOT]
	at org.apache.ratis.util.SlidingWindow$Server.processRequestsFromHead(SlidingWindow.java:429) [ratis-common-0.4.0-2337318-SNAPSHOT.jar:0.4.0-2337318-SNAPSHOT]
	at org.apache.ratis.util.SlidingWindow$Server.receivedRequest(SlidingWindow.java:421) [ratis-common-0.4.0-2337318-SNAPSHOT.jar:0.4.0-2337318-SNAPSHOT]
	at org.apache.ratis.grpc.client.GrpcClientProtocolService$OrderedRequestStreamObserver.processClientRequest(GrpcClientProtocolService.java:345) [ratis-grpc-0.4.0-2337318-SNAPSHOT.jar:0.4.0-2337318-SNAPSHOT]
	at org.apache.ratis.grpc.client.GrpcClientProtocolService$RequestStreamObserver.onNext(GrpcClientProtocolService.java:240) [ratis-grpc-0.4.0-2337318-SNAPSHOT.jar:0.4.0-2337318-SNAPSHOT]
	at org.apache.ratis.grpc.client.GrpcClientProtocolService$RequestStreamObserver.onNext(GrpcClientProtocolService.java:168) [ratis-grpc-0.4.0-2337318-SNAPSHOT.jar:0.4.0-2337318-SNAPSHOT]
	at org.apache.ratis.thirdparty.io.grpc.stub.ServerCalls$StreamingServerCallHandler$StreamingServerCallListener.onMessage(ServerCalls.java:248) [ratis-thirdparty-misc-0.2.0.jar:0.2.0]
	at org.apache.ratis.thirdparty.io.grpc.internal.ServerCallImpl$ServerStreamListenerImpl.messagesAvailable(ServerCallImpl.java:263) [ratis-thirdparty-misc-0.2.0.jar:0.2.0]
	at org.apache.ratis.thirdparty.io.grpc.internal.ServerImpl$JumpToApplicationThreadServerStreamListener$1MessagesAvailable.runInContext(ServerImpl.java:686) [ratis-thirdparty-misc-0.2.0.jar:0.2.0]
	at org.apache.ratis.thirdparty.io.grpc.internal.ContextRunnable.run(ContextRunnable.java:37) [ratis-thirdparty-misc-0.2.0.jar:0.2.0]
	at org.apache.ratis.thirdparty.io.grpc.internal.SerializingExecutor.run(SerializingExecutor.java:123) [ratis-thirdparty-misc-0.2.0.jar:0.2.0]
	at java.util.concurrent.ThreadPoolExecutor.runWorker(ThreadPoolExecutor.java:1149) [?:1.8.0_212]
	at java.util.concurrent.ThreadPoolExecutor$Worker.run(ThreadPoolExecutor.java:624) [?:1.8.0_212]
	at java.lang.Thread.run(Thread.java:748) [?:1.8.0_212]
2019-07-13 20:37:06,855 INFO  client.GrpcClientProtocolClient (GrpcClientProtocolClient.java:onNext(255)) - client-690F39B299DB->48ee16ca-761e-4141-a55c-dd081db6ecd0: receive RaftClientReply:client-690F39B299DB->48ee16ca-761e-4141-a55c-dd081db6ecd0@group-72DFDBB7E477, cid=192, FAILED org.apache.ratis.protocol.StateMachineException: org.apache.hadoop.hdds.scm.container.common.helpers.ContainerNotOpenException from Server 48ee16ca-761e-4141-a55c-dd081db6ecd0: Container 1 in CLOSING state, logIndex=0, commits[48ee16ca-761e-4141-a55c-dd081db6ecd0:c18, ac4886d7-4657-4eaa-a4f0-9d9681fb35b9:c17, df9f50e8-bd32-4f3b-ae1d-0a839bc9434d:c16]
20:37:06.856 [grpc-default-executor-9] ERROR DNAudit - user=null | ip=null | op=WRITE_CHUNK {blockData=conID: 1 locID: 102436058388824078 bcsId: 14} | ret=FAILURE
org.apache.hadoop.hdds.scm.container.common.helpers.ContainerNotOpenException: Container 1 in CLOSING state
	at org.apache.hadoop.ozone.container.common.impl.HddsDispatcher.validateContainerCommand(HddsDispatcher.java:408) ~[hadoop-hdds-container-service-0.5.0-SNAPSHOT.jar:?]
	at org.apache.hadoop.ozone.container.common.transport.server.ratis.ContainerStateMachine.startTransaction(ContainerStateMachine.java:271) ~[hadoop-hdds-container-service-0.5.0-SNAPSHOT.jar:?]
	at org.apache.ratis.server.impl.RaftServerImpl.submitClientRequestAsync(RaftServerImpl.java:566) ~[ratis-server-0.4.0-2337318-SNAPSHOT.jar:0.4.0-2337318-SNAPSHOT]
	at org.apache.ratis.server.impl.RaftServerProxy.lambda$submitClientRequestAsync$7(RaftServerProxy.java:333) ~[ratis-server-0.4.0-2337318-SNAPSHOT.jar:0.4.0-2337318-SNAPSHOT]
	at org.apache.ratis.server.impl.RaftServerProxy.lambda$null$5(RaftServerProxy.java:328) ~[ratis-server-0.4.0-2337318-SNAPSHOT.jar:0.4.0-2337318-SNAPSHOT]
	at org.apache.ratis.util.JavaUtils.callAsUnchecked(JavaUtils.java:109) ~[ratis-common-0.4.0-2337318-SNAPSHOT.jar:0.4.0-2337318-SNAPSHOT]
	at org.apache.ratis.server.impl.RaftServerProxy.lambda$submitRequest$6(RaftServerProxy.java:328) ~[ratis-server-0.4.0-2337318-SNAPSHOT.jar:0.4.0-2337318-SNAPSHOT]
	at java.util.concurrent.CompletableFuture.uniComposeStage(CompletableFuture.java:981) ~[?:1.8.0_212]
	at java.util.concurrent.CompletableFuture.thenCompose(CompletableFuture.java:2124) ~[?:1.8.0_212]
	at org.apache.ratis.server.impl.RaftServerProxy.submitRequest(RaftServerProxy.java:327) ~[ratis-server-0.4.0-2337318-SNAPSHOT.jar:0.4.0-2337318-SNAPSHOT]
	at org.apache.ratis.server.impl.RaftServerProxy.submitClientRequestAsync(RaftServerProxy.java:333) ~[ratis-server-0.4.0-2337318-SNAPSHOT.jar:0.4.0-2337318-SNAPSHOT]
	at org.apache.ratis.grpc.client.GrpcClientProtocolService$RequestStreamObserver.processClientRequest(GrpcClientProtocolService.java:220) ~[ratis-grpc-0.4.0-2337318-SNAPSHOT.jar:0.4.0-2337318-SNAPSHOT]
	at org.apache.ratis.grpc.client.GrpcClientProtocolService$OrderedRequestStreamObserver.processClientRequest(GrpcClientProtocolService.java:326) ~[ratis-grpc-0.4.0-2337318-SNAPSHOT.jar:0.4.0-2337318-SNAPSHOT]
	at org.apache.ratis.util.SlidingWindow$Server.processRequestsFromHead(SlidingWindow.java:429) [ratis-common-0.4.0-2337318-SNAPSHOT.jar:0.4.0-2337318-SNAPSHOT]
	at org.apache.ratis.util.SlidingWindow$Server.receivedRequest(SlidingWindow.java:421) [ratis-common-0.4.0-2337318-SNAPSHOT.jar:0.4.0-2337318-SNAPSHOT]
	at org.apache.ratis.grpc.client.GrpcClientProtocolService$OrderedRequestStreamObserver.processClientRequest(GrpcClientProtocolService.java:345) [ratis-grpc-0.4.0-2337318-SNAPSHOT.jar:0.4.0-2337318-SNAPSHOT]
	at org.apache.ratis.grpc.client.GrpcClientProtocolService$RequestStreamObserver.onNext(GrpcClientProtocolService.java:240) [ratis-grpc-0.4.0-2337318-SNAPSHOT.jar:0.4.0-2337318-SNAPSHOT]
	at org.apache.ratis.grpc.client.GrpcClientProtocolService$RequestStreamObserver.onNext(GrpcClientProtocolService.java:168) [ratis-grpc-0.4.0-2337318-SNAPSHOT.jar:0.4.0-2337318-SNAPSHOT]
	at org.apache.ratis.thirdparty.io.grpc.stub.ServerCalls$StreamingServerCallHandler$StreamingServerCallListener.onMessage(ServerCalls.java:248) [ratis-thirdparty-misc-0.2.0.jar:0.2.0]
	at org.apache.ratis.thirdparty.io.grpc.internal.ServerCallImpl$ServerStreamListenerImpl.messagesAvailable(ServerCallImpl.java:263) [ratis-thirdparty-misc-0.2.0.jar:0.2.0]
	at org.apache.ratis.thirdparty.io.grpc.internal.ServerImpl$JumpToApplicationThreadServerStreamListener$1MessagesAvailable.runInContext(ServerImpl.java:686) [ratis-thirdparty-misc-0.2.0.jar:0.2.0]
	at org.apache.ratis.thirdparty.io.grpc.internal.ContextRunnable.run(ContextRunnable.java:37) [ratis-thirdparty-misc-0.2.0.jar:0.2.0]
	at org.apache.ratis.thirdparty.io.grpc.internal.SerializingExecutor.run(SerializingExecutor.java:123) [ratis-thirdparty-misc-0.2.0.jar:0.2.0]
	at java.util.concurrent.ThreadPoolExecutor.runWorker(ThreadPoolExecutor.java:1149) [?:1.8.0_212]
	at java.util.concurrent.ThreadPoolExecutor$Worker.run(ThreadPoolExecutor.java:624) [?:1.8.0_212]
	at java.lang.Thread.run(Thread.java:748) [?:1.8.0_212]
20:37:06.859 [grpc-default-executor-9] ERROR DNAudit - user=null | ip=null | op=PUT_BLOCK {blockData=[blockId=conID: 1 locID: 102436058388824078 bcsId: 0,size=650]} | ret=FAILURE
org.apache.hadoop.hdds.scm.container.common.helpers.ContainerNotOpenException: Container 1 in CLOSING state
	at org.apache.hadoop.ozone.container.common.impl.HddsDispatcher.validateContainerCommand(HddsDispatcher.java:408) ~[hadoop-hdds-container-service-0.5.0-SNAPSHOT.jar:?]
	at org.apache.hadoop.ozone.container.common.transport.server.ratis.ContainerStateMachine.startTransaction(ContainerStateMachine.java:271) ~[hadoop-hdds-container-service-0.5.0-SNAPSHOT.jar:?]
	at org.apache.ratis.server.impl.RaftServerImpl.submitClientRequestAsync(RaftServerImpl.java:566) ~[ratis-server-0.4.0-2337318-SNAPSHOT.jar:0.4.0-2337318-SNAPSHOT]
	at org.apache.ratis.server.impl.RaftServerProxy.lambda$submitClientRequestAsync$7(RaftServerProxy.java:333) ~[ratis-server-0.4.0-2337318-SNAPSHOT.jar:0.4.0-2337318-SNAPSHOT]
	at org.apache.ratis.server.impl.RaftServerProxy.lambda$null$5(RaftServerProxy.java:328) ~[ratis-server-0.4.0-2337318-SNAPSHOT.jar:0.4.0-2337318-SNAPSHOT]
	at org.apache.ratis.util.JavaUtils.callAsUnchecked(JavaUtils.java:109) ~[ratis-common-0.4.0-2337318-SNAPSHOT.jar:0.4.0-2337318-SNAPSHOT]
	at org.apache.ratis.server.impl.RaftServerProxy.lambda$submitRequest$6(RaftServerProxy.java:328) ~[ratis-server-0.4.0-2337318-SNAPSHOT.jar:0.4.0-2337318-SNAPSHOT]
	at java.util.concurrent.CompletableFuture.uniComposeStage(CompletableFuture.java:981) ~[?:1.8.0_212]
	at java.util.concurrent.CompletableFuture.thenCompose(CompletableFuture.java:2124) ~[?:1.8.0_212]
	at org.apache.ratis.server.impl.RaftServerProxy.submitRequest(RaftServerProxy.java:327) ~[ratis-server-0.4.0-2337318-SNAPSHOT.jar:0.4.0-2337318-SNAPSHOT]
	at org.apache.ratis.server.impl.RaftServerProxy.submitClientRequestAsync(RaftServerProxy.java:333) ~[ratis-server-0.4.0-2337318-SNAPSHOT.jar:0.4.0-2337318-SNAPSHOT]
	at org.apache.ratis.grpc.client.GrpcClientProtocolService$RequestStreamObserver.processClientRequest(GrpcClientProtocolService.java:220) ~[ratis-grpc-0.4.0-2337318-SNAPSHOT.jar:0.4.0-2337318-SNAPSHOT]
	at org.apache.ratis.grpc.client.GrpcClientProtocolService$OrderedRequestStreamObserver.processClientRequest(GrpcClientProtocolService.java:326) ~[ratis-grpc-0.4.0-2337318-SNAPSHOT.jar:0.4.0-2337318-SNAPSHOT]
	at org.apache.ratis.util.SlidingWindow$Server.processRequestsFromHead(SlidingWindow.java:429) [ratis-common-0.4.0-2337318-SNAPSHOT.jar:0.4.0-2337318-SNAPSHOT]
	at org.apache.ratis.util.SlidingWindow$Server.receivedRequest(SlidingWindow.java:421) [ratis-common-0.4.0-2337318-SNAPSHOT.jar:0.4.0-2337318-SNAPSHOT]
	at org.apache.ratis.grpc.client.GrpcClientProtocolService$OrderedRequestStreamObserver.processClientRequest(GrpcClientProtocolService.java:345) [ratis-grpc-0.4.0-2337318-SNAPSHOT.jar:0.4.0-2337318-SNAPSHOT]
	at org.apache.ratis.grpc.client.GrpcClientProtocolService$RequestStreamObserver.onNext(GrpcClientProtocolService.java:240) [ratis-grpc-0.4.0-2337318-SNAPSHOT.jar:0.4.0-2337318-SNAPSHOT]
	at org.apache.ratis.grpc.client.GrpcClientProtocolService$RequestStreamObserver.onNext(GrpcClientProtocolService.java:168) [ratis-grpc-0.4.0-2337318-SNAPSHOT.jar:0.4.0-2337318-SNAPSHOT]
	at org.apache.ratis.thirdparty.io.grpc.stub.ServerCalls$StreamingServerCallHandler$StreamingServerCallListener.onMessage(ServerCalls.java:248) [ratis-thirdparty-misc-0.2.0.jar:0.2.0]
	at org.apache.ratis.thirdparty.io.grpc.internal.ServerCallImpl$ServerStreamListenerImpl.messagesAvailable(ServerCallImpl.java:263) [ratis-thirdparty-misc-0.2.0.jar:0.2.0]
	at org.apache.ratis.thirdparty.io.grpc.internal.ServerImpl$JumpToApplicationThreadServerStreamListener$1MessagesAvailable.runInContext(ServerImpl.java:686) [ratis-thirdparty-misc-0.2.0.jar:0.2.0]
	at org.apache.ratis.thirdparty.io.grpc.internal.ContextRunnable.run(ContextRunnable.java:37) [ratis-thirdparty-misc-0.2.0.jar:0.2.0]
	at org.apache.ratis.thirdparty.io.grpc.internal.SerializingExecutor.run(SerializingExecutor.java:123) [ratis-thirdparty-misc-0.2.0.jar:0.2.0]
	at java.util.concurrent.ThreadPoolExecutor.runWorker(ThreadPoolExecutor.java:1149) [?:1.8.0_212]
	at java.util.concurrent.ThreadPoolExecutor$Worker.run(ThreadPoolExecutor.java:624) [?:1.8.0_212]
	at java.lang.Thread.run(Thread.java:748) [?:1.8.0_212]
20:37:06.869 [grpc-default-executor-9] ERROR DNAudit - user=null | ip=null | op=WRITE_CHUNK {blockData=conID: 1 locID: 102436058388824078 bcsId: 14} | ret=FAILURE
org.apache.hadoop.hdds.scm.container.common.helpers.ContainerNotOpenException: Container 1 in CLOSING state
	at org.apache.hadoop.ozone.container.common.impl.HddsDispatcher.validateContainerCommand(HddsDispatcher.java:408) ~[hadoop-hdds-container-service-0.5.0-SNAPSHOT.jar:?]
	at org.apache.hadoop.ozone.container.common.transport.server.ratis.ContainerStateMachine.startTransaction(ContainerStateMachine.java:271) ~[hadoop-hdds-container-service-0.5.0-SNAPSHOT.jar:?]
	at org.apache.ratis.server.impl.RaftServerImpl.submitClientRequestAsync(RaftServerImpl.java:566) ~[ratis-server-0.4.0-2337318-SNAPSHOT.jar:0.4.0-2337318-SNAPSHOT]
	at org.apache.ratis.server.impl.RaftServerProxy.lambda$submitClientRequestAsync$7(RaftServerProxy.java:333) ~[ratis-server-0.4.0-2337318-SNAPSHOT.jar:0.4.0-2337318-SNAPSHOT]
	at org.apache.ratis.server.impl.RaftServerProxy.lambda$null$5(RaftServerProxy.java:328) ~[ratis-server-0.4.0-2337318-SNAPSHOT.jar:0.4.0-2337318-SNAPSHOT]
	at org.apache.ratis.util.JavaUtils.callAsUnchecked(JavaUtils.java:109) ~[ratis-common-0.4.0-2337318-SNAPSHOT.jar:0.4.0-2337318-SNAPSHOT]
	at org.apache.ratis.server.impl.RaftServerProxy.lambda$submitRequest$6(RaftServerProxy.java:328) ~[ratis-server-0.4.0-2337318-SNAPSHOT.jar:0.4.0-2337318-SNAPSHOT]
	at java.util.concurrent.CompletableFuture.uniComposeStage(CompletableFuture.java:981) ~[?:1.8.0_212]
	at java.util.concurrent.CompletableFuture.thenCompose(CompletableFuture.java:2124) ~[?:1.8.0_212]
	at org.apache.ratis.server.impl.RaftServerProxy.submitRequest(RaftServerProxy.java:327) ~[ratis-server-0.4.0-2337318-SNAPSHOT.jar:0.4.0-2337318-SNAPSHOT]
	at org.apache.ratis.server.impl.RaftServerProxy.submitClientRequestAsync(RaftServerProxy.java:333) ~[ratis-server-0.4.0-2337318-SNAPSHOT.jar:0.4.0-2337318-SNAPSHOT]
	at org.apache.ratis.grpc.client.GrpcClientProtocolService$RequestStreamObserver.processClientRequest(GrpcClientProtocolService.java:220) ~[ratis-grpc-0.4.0-2337318-SNAPSHOT.jar:0.4.0-2337318-SNAPSHOT]
	at org.apache.ratis.grpc.client.GrpcClientProtocolService$OrderedRequestStreamObserver.processClientRequest(GrpcClientProtocolService.java:326) ~[ratis-grpc-0.4.0-2337318-SNAPSHOT.jar:0.4.0-2337318-SNAPSHOT]
	at org.apache.ratis.util.SlidingWindow$Server.processRequestsFromHead(SlidingWindow.java:429) [ratis-common-0.4.0-2337318-SNAPSHOT.jar:0.4.0-2337318-SNAPSHOT]
	at org.apache.ratis.util.SlidingWindow$Server.receivedRequest(SlidingWindow.java:421) [ratis-common-0.4.0-2337318-SNAPSHOT.jar:0.4.0-2337318-SNAPSHOT]
	at org.apache.ratis.grpc.client.GrpcClientProtocolService$OrderedRequestStreamObserver.processClientRequest(GrpcClientProtocolService.java:345) [ratis-grpc-0.4.0-2337318-SNAPSHOT.jar:0.4.0-2337318-SNAPSHOT]
	at org.apache.ratis.grpc.client.GrpcClientProtocolService$RequestStreamObserver.onNext(GrpcClientProtocolService.java:240) [ratis-grpc-0.4.0-2337318-SNAPSHOT.jar:0.4.0-2337318-SNAPSHOT]
	at org.apache.ratis.grpc.client.GrpcClientProtocolService$RequestStreamObserver.onNext(GrpcClientProtocolService.java:168) [ratis-grpc-0.4.0-2337318-SNAPSHOT.jar:0.4.0-2337318-SNAPSHOT]
	at org.apache.ratis.thirdparty.io.grpc.stub.ServerCalls$StreamingServerCallHandler$StreamingServerCallListener.onMessage(ServerCalls.java:248) [ratis-thirdparty-misc-0.2.0.jar:0.2.0]
	at org.apache.ratis.thirdparty.io.grpc.internal.ServerCallImpl$ServerStreamListenerImpl.messagesAvailable(ServerCallImpl.java:263) [ratis-thirdparty-misc-0.2.0.jar:0.2.0]
	at org.apache.ratis.thirdparty.io.grpc.internal.ServerImpl$JumpToApplicationThreadServerStreamListener$1MessagesAvailable.runInContext(ServerImpl.java:686) [ratis-thirdparty-misc-0.2.0.jar:0.2.0]
	at org.apache.ratis.thirdparty.io.grpc.internal.ContextRunnable.run(ContextRunnable.java:37) [ratis-thirdparty-misc-0.2.0.jar:0.2.0]
	at org.apache.ratis.thirdparty.io.grpc.internal.SerializingExecutor.run(SerializingExecutor.java:123) [ratis-thirdparty-misc-0.2.0.jar:0.2.0]
	at java.util.concurrent.ThreadPoolExecutor.runWorker(ThreadPoolExecutor.java:1149) [?:1.8.0_212]
	at java.util.concurrent.ThreadPoolExecutor$Worker.run(ThreadPoolExecutor.java:624) [?:1.8.0_212]
	at java.lang.Thread.run(Thread.java:748) [?:1.8.0_212]
2019-07-13 20:37:06,871 INFO  client.GrpcClientProtocolClient (GrpcClientProtocolClient.java:onNext(255)) - client-690F39B299DB->48ee16ca-761e-4141-a55c-dd081db6ecd0: receive RaftClientReply:client-690F39B299DB->48ee16ca-761e-4141-a55c-dd081db6ecd0@group-72DFDBB7E477, cid=193, FAILED org.apache.ratis.protocol.StateMachineException: org.apache.hadoop.hdds.scm.container.common.helpers.ContainerNotOpenException from Server 48ee16ca-761e-4141-a55c-dd081db6ecd0: Container 1 in CLOSING state, logIndex=0, commits[48ee16ca-761e-4141-a55c-dd081db6ecd0:c18, ac4886d7-4657-4eaa-a4f0-9d9681fb35b9:c17, df9f50e8-bd32-4f3b-ae1d-0a839bc9434d:c16]
20:37:06.876 [grpc-default-executor-9] ERROR DNAudit - user=null | ip=null | op=WRITE_CHUNK {blockData=conID: 1 locID: 102436058388824078 bcsId: 14} | ret=FAILURE
org.apache.hadoop.hdds.scm.container.common.helpers.ContainerNotOpenException: Container 1 in CLOSING state
	at org.apache.hadoop.ozone.container.common.impl.HddsDispatcher.validateContainerCommand(HddsDispatcher.java:408) ~[hadoop-hdds-container-service-0.5.0-SNAPSHOT.jar:?]
	at org.apache.hadoop.ozone.container.common.transport.server.ratis.ContainerStateMachine.startTransaction(ContainerStateMachine.java:271) ~[hadoop-hdds-container-service-0.5.0-SNAPSHOT.jar:?]
	at org.apache.ratis.server.impl.RaftServerImpl.submitClientRequestAsync(RaftServerImpl.java:566) ~[ratis-server-0.4.0-2337318-SNAPSHOT.jar:0.4.0-2337318-SNAPSHOT]
	at org.apache.ratis.server.impl.RaftServerProxy.lambda$submitClientRequestAsync$7(RaftServerProxy.java:333) ~[ratis-server-0.4.0-2337318-SNAPSHOT.jar:0.4.0-2337318-SNAPSHOT]
	at org.apache.ratis.server.impl.RaftServerProxy.lambda$null$5(RaftServerProxy.java:328) ~[ratis-server-0.4.0-2337318-SNAPSHOT.jar:0.4.0-2337318-SNAPSHOT]
	at org.apache.ratis.util.JavaUtils.callAsUnchecked(JavaUtils.java:109) ~[ratis-common-0.4.0-2337318-SNAPSHOT.jar:0.4.0-2337318-SNAPSHOT]
	at org.apache.ratis.server.impl.RaftServerProxy.lambda$submitRequest$6(RaftServerProxy.java:328) ~[ratis-server-0.4.0-2337318-SNAPSHOT.jar:0.4.0-2337318-SNAPSHOT]
	at java.util.concurrent.CompletableFuture.uniComposeStage(CompletableFuture.java:981) ~[?:1.8.0_212]
	at java.util.concurrent.CompletableFuture.thenCompose(CompletableFuture.java:2124) ~[?:1.8.0_212]
	at org.apache.ratis.server.impl.RaftServerProxy.submitRequest(RaftServerProxy.java:327) ~[ratis-server-0.4.0-2337318-SNAPSHOT.jar:0.4.0-2337318-SNAPSHOT]
	at org.apache.ratis.server.impl.RaftServerProxy.submitClientRequestAsync(RaftServerProxy.java:333) ~[ratis-server-0.4.0-2337318-SNAPSHOT.jar:0.4.0-2337318-SNAPSHOT]
	at org.apache.ratis.grpc.client.GrpcClientProtocolService$RequestStreamObserver.processClientRequest(GrpcClientProtocolService.java:220) ~[ratis-grpc-0.4.0-2337318-SNAPSHOT.jar:0.4.0-2337318-SNAPSHOT]
	at org.apache.ratis.grpc.client.GrpcClientProtocolService$OrderedRequestStreamObserver.processClientRequest(GrpcClientProtocolService.java:326) ~[ratis-grpc-0.4.0-2337318-SNAPSHOT.jar:0.4.0-2337318-SNAPSHOT]
	at org.apache.ratis.util.SlidingWindow$Server.processRequestsFromHead(SlidingWindow.java:429) [ratis-common-0.4.0-2337318-SNAPSHOT.jar:0.4.0-2337318-SNAPSHOT]
	at org.apache.ratis.util.SlidingWindow$Server.receivedRequest(SlidingWindow.java:421) [ratis-common-0.4.0-2337318-SNAPSHOT.jar:0.4.0-2337318-SNAPSHOT]
	at org.apache.ratis.grpc.client.GrpcClientProtocolService$OrderedRequestStreamObserver.processClientRequest(GrpcClientProtocolService.java:345) [ratis-grpc-0.4.0-2337318-SNAPSHOT.jar:0.4.0-2337318-SNAPSHOT]
	at org.apache.ratis.grpc.client.GrpcClientProtocolService$RequestStreamObserver.onNext(GrpcClientProtocolService.java:240) [ratis-grpc-0.4.0-2337318-SNAPSHOT.jar:0.4.0-2337318-SNAPSHOT]
	at org.apache.ratis.grpc.client.GrpcClientProtocolService$RequestStreamObserver.onNext(GrpcClientProtocolService.java:168) [ratis-grpc-0.4.0-2337318-SNAPSHOT.jar:0.4.0-2337318-SNAPSHOT]
	at org.apache.ratis.thirdparty.io.grpc.stub.ServerCalls$StreamingServerCallHandler$StreamingServerCallListener.onMessage(ServerCalls.java:248) [ratis-thirdparty-misc-0.2.0.jar:0.2.0]
	at org.apache.ratis.thirdparty.io.grpc.internal.ServerCallImpl$ServerStreamListenerImpl.messagesAvailable(ServerCallImpl.java:263) [ratis-thirdparty-misc-0.2.0.jar:0.2.0]
	at org.apache.ratis.thirdparty.io.grpc.internal.ServerImpl$JumpToApplicationThreadServerStreamListener$1MessagesAvailable.runInContext(ServerImpl.java:686) [ratis-thirdparty-misc-0.2.0.jar:0.2.0]
	at org.apache.ratis.thirdparty.io.grpc.internal.ContextRunnable.run(ContextRunnable.java:37) [ratis-thirdparty-misc-0.2.0.jar:0.2.0]
	at org.apache.ratis.thirdparty.io.grpc.internal.SerializingExecutor.run(SerializingExecutor.java:123) [ratis-thirdparty-misc-0.2.0.jar:0.2.0]
	at java.util.concurrent.ThreadPoolExecutor.runWorker(ThreadPoolExecutor.java:1149) [?:1.8.0_212]
	at java.util.concurrent.ThreadPoolExecutor$Worker.run(ThreadPoolExecutor.java:624) [?:1.8.0_212]
	at java.lang.Thread.run(Thread.java:748) [?:1.8.0_212]
2019-07-13 20:37:06,878 INFO  client.GrpcClientProtocolClient (GrpcClientProtocolClient.java:onNext(255)) - client-690F39B299DB->48ee16ca-761e-4141-a55c-dd081db6ecd0: receive RaftClientReply:client-690F39B299DB->48ee16ca-761e-4141-a55c-dd081db6ecd0@group-72DFDBB7E477, cid=194, FAILED org.apache.ratis.protocol.StateMachineException: org.apache.hadoop.hdds.scm.container.common.helpers.ContainerNotOpenException from Server 48ee16ca-761e-4141-a55c-dd081db6ecd0: Container 1 in CLOSING state, logIndex=0, commits[48ee16ca-761e-4141-a55c-dd081db6ecd0:c18, ac4886d7-4657-4eaa-a4f0-9d9681fb35b9:c17, df9f50e8-bd32-4f3b-ae1d-0a839bc9434d:c16]
20:37:06.884 [grpc-default-executor-9] ERROR DNAudit - user=null | ip=null | op=PUT_BLOCK {blockData=[blockId=conID: 1 locID: 102436058388824078 bcsId: 0,size=800]} | ret=FAILURE
org.apache.hadoop.hdds.scm.container.common.helpers.ContainerNotOpenException: Container 1 in CLOSING state
	at org.apache.hadoop.ozone.container.common.impl.HddsDispatcher.validateContainerCommand(HddsDispatcher.java:408) ~[hadoop-hdds-container-service-0.5.0-SNAPSHOT.jar:?]
	at org.apache.hadoop.ozone.container.common.transport.server.ratis.ContainerStateMachine.startTransaction(ContainerStateMachine.java:271) ~[hadoop-hdds-container-service-0.5.0-SNAPSHOT.jar:?]
	at org.apache.ratis.server.impl.RaftServerImpl.submitClientRequestAsync(RaftServerImpl.java:566) ~[ratis-server-0.4.0-2337318-SNAPSHOT.jar:0.4.0-2337318-SNAPSHOT]
	at org.apache.ratis.server.impl.RaftServerProxy.lambda$submitClientRequestAsync$7(RaftServerProxy.java:333) ~[ratis-server-0.4.0-2337318-SNAPSHOT.jar:0.4.0-2337318-SNAPSHOT]
	at org.apache.ratis.server.impl.RaftServerProxy.lambda$null$5(RaftServerProxy.java:328) ~[ratis-server-0.4.0-2337318-SNAPSHOT.jar:0.4.0-2337318-SNAPSHOT]
	at org.apache.ratis.util.JavaUtils.callAsUnchecked(JavaUtils.java:109) ~[ratis-common-0.4.0-2337318-SNAPSHOT.jar:0.4.0-2337318-SNAPSHOT]
	at org.apache.ratis.server.impl.RaftServerProxy.lambda$submitRequest$6(RaftServerProxy.java:328) ~[ratis-server-0.4.0-2337318-SNAPSHOT.jar:0.4.0-2337318-SNAPSHOT]
	at java.util.concurrent.CompletableFuture.uniComposeStage(CompletableFuture.java:981) ~[?:1.8.0_212]
	at java.util.concurrent.CompletableFuture.thenCompose(CompletableFuture.java:2124) ~[?:1.8.0_212]
	at org.apache.ratis.server.impl.RaftServerProxy.submitRequest(RaftServerProxy.java:327) ~[ratis-server-0.4.0-2337318-SNAPSHOT.jar:0.4.0-2337318-SNAPSHOT]
	at org.apache.ratis.server.impl.RaftServerProxy.submitClientRequestAsync(RaftServerProxy.java:333) ~[ratis-server-0.4.0-2337318-SNAPSHOT.jar:0.4.0-2337318-SNAPSHOT]
	at org.apache.ratis.grpc.client.GrpcClientProtocolService$RequestStreamObserver.processClientRequest(GrpcClientProtocolService.java:220) ~[ratis-grpc-0.4.0-2337318-SNAPSHOT.jar:0.4.0-2337318-SNAPSHOT]
	at org.apache.ratis.grpc.client.GrpcClientProtocolService$OrderedRequestStreamObserver.processClientRequest(GrpcClientProtocolService.java:326) ~[ratis-grpc-0.4.0-2337318-SNAPSHOT.jar:0.4.0-2337318-SNAPSHOT]
	at org.apache.ratis.util.SlidingWindow$Server.processRequestsFromHead(SlidingWindow.java:429) [ratis-common-0.4.0-2337318-SNAPSHOT.jar:0.4.0-2337318-SNAPSHOT]
	at org.apache.ratis.util.SlidingWindow$Server.receivedRequest(SlidingWindow.java:421) [ratis-common-0.4.0-2337318-SNAPSHOT.jar:0.4.0-2337318-SNAPSHOT]
	at org.apache.ratis.grpc.client.GrpcClientProtocolService$OrderedRequestStreamObserver.processClientRequest(GrpcClientProtocolService.java:345) [ratis-grpc-0.4.0-2337318-SNAPSHOT.jar:0.4.0-2337318-SNAPSHOT]
	at org.apache.ratis.grpc.client.GrpcClientProtocolService$RequestStreamObserver.onNext(GrpcClientProtocolService.java:240) [ratis-grpc-0.4.0-2337318-SNAPSHOT.jar:0.4.0-2337318-SNAPSHOT]
	at org.apache.ratis.grpc.client.GrpcClientProtocolService$RequestStreamObserver.onNext(GrpcClientProtocolService.java:168) [ratis-grpc-0.4.0-2337318-SNAPSHOT.jar:0.4.0-2337318-SNAPSHOT]
	at org.apache.ratis.thirdparty.io.grpc.stub.ServerCalls$StreamingServerCallHandler$StreamingServerCallListener.onMessage(ServerCalls.java:248) [ratis-thirdparty-misc-0.2.0.jar:0.2.0]
	at org.apache.ratis.thirdparty.io.grpc.internal.ServerCallImpl$ServerStreamListenerImpl.messagesAvailable(ServerCallImpl.java:263) [ratis-thirdparty-misc-0.2.0.jar:0.2.0]
	at org.apache.ratis.thirdparty.io.grpc.internal.ServerImpl$JumpToApplicationThreadServerStreamListener$1MessagesAvailable.runInContext(ServerImpl.java:686) [ratis-thirdparty-misc-0.2.0.jar:0.2.0]
	at org.apache.ratis.thirdparty.io.grpc.internal.ContextRunnable.run(ContextRunnable.java:37) [ratis-thirdparty-misc-0.2.0.jar:0.2.0]
	at org.apache.ratis.thirdparty.io.grpc.internal.SerializingExecutor.run(SerializingExecutor.java:123) [ratis-thirdparty-misc-0.2.0.jar:0.2.0]
	at java.util.concurrent.ThreadPoolExecutor.runWorker(ThreadPoolExecutor.java:1149) [?:1.8.0_212]
	at java.util.concurrent.ThreadPoolExecutor$Worker.run(ThreadPoolExecutor.java:624) [?:1.8.0_212]
	at java.lang.Thread.run(Thread.java:748) [?:1.8.0_212]
2019-07-13 20:37:06,885 INFO  client.GrpcClientProtocolClient (GrpcClientProtocolClient.java:onNext(255)) - client-690F39B299DB->48ee16ca-761e-4141-a55c-dd081db6ecd0: receive RaftClientReply:client-690F39B299DB->48ee16ca-761e-4141-a55c-dd081db6ecd0@group-72DFDBB7E477, cid=195, FAILED org.apache.ratis.protocol.StateMachineException: org.apache.hadoop.hdds.scm.container.common.helpers.ContainerNotOpenException from Server 48ee16ca-761e-4141-a55c-dd081db6ecd0: Container 1 in CLOSING state, logIndex=0, commits[48ee16ca-761e-4141-a55c-dd081db6ecd0:c18, ac4886d7-4657-4eaa-a4f0-9d9681fb35b9:c17, df9f50e8-bd32-4f3b-ae1d-0a839bc9434d:c16]
2019-07-13 20:37:06,896 INFO  client.GrpcClientProtocolClient (GrpcClientProtocolClient.java:onNext(255)) - client-690F39B299DB->48ee16ca-761e-4141-a55c-dd081db6ecd0: receive RaftClientReply:client-690F39B299DB->48ee16ca-761e-4141-a55c-dd081db6ecd0@group-72DFDBB7E477, cid=196, FAILED org.apache.ratis.protocol.StateMachineException: org.apache.hadoop.hdds.scm.container.common.helpers.ContainerNotOpenException from Server 48ee16ca-761e-4141-a55c-dd081db6ecd0: Container 1 in CLOSING state, logIndex=0, commits[48ee16ca-761e-4141-a55c-dd081db6ecd0:c18, ac4886d7-4657-4eaa-a4f0-9d9681fb35b9:c17, df9f50e8-bd32-4f3b-ae1d-0a839bc9434d:c16]
2019-07-13 20:37:06,898 INFO  client.GrpcClientProtocolClient (GrpcClientProtocolClient.java:onNext(255)) - client-690F39B299DB->48ee16ca-761e-4141-a55c-dd081db6ecd0: receive RaftClientReply:client-690F39B299DB->48ee16ca-761e-4141-a55c-dd081db6ecd0@group-72DFDBB7E477, cid=197, FAILED org.apache.ratis.protocol.StateMachineException: org.apache.hadoop.hdds.scm.container.common.helpers.ContainerNotOpenException from Server 48ee16ca-761e-4141-a55c-dd081db6ecd0: Container 1 in CLOSING state, logIndex=0, commits[48ee16ca-761e-4141-a55c-dd081db6ecd0:c18, ac4886d7-4657-4eaa-a4f0-9d9681fb35b9:c17, df9f50e8-bd32-4f3b-ae1d-0a839bc9434d:c16]
2019-07-13 20:37:06,944 INFO  client.GrpcClientProtocolClient (GrpcClientProtocolClient.java:onNext(255)) - client-FA0DD0B45D60->2c4950fd-1e5d-47b3-a656-44c486ef0704: receive RaftClientReply:client-FA0DD0B45D60->2c4950fd-1e5d-47b3-a656-44c486ef0704@group-EE371F6605C5, cid=198, FAILED org.apache.ratis.protocol.NotLeaderException: Server 2c4950fd-1e5d-47b3-a656-44c486ef0704 is not the leader (65f6e63d-e463-4e76-8bb6-dba3a9205235:192.168.5.168:44436). Request must be sent to leader., logIndex=0, commits[2c4950fd-1e5d-47b3-a656-44c486ef0704:c0, 65f6e63d-e463-4e76-8bb6-dba3a9205235:c0, a6dfa705-7af2-43a8-a839-787b9abaa6e5:c0]
2019-07-13 20:37:07,058 INFO  client.GrpcClientProtocolClient (GrpcClientProtocolClient.java:onNext(255)) - client-FA0DD0B45D60->65f6e63d-e463-4e76-8bb6-dba3a9205235: receive RaftClientReply:client-FA0DD0B45D60->65f6e63d-e463-4e76-8bb6-dba3a9205235@group-EE371F6605C5, cid=198, SUCCESS, logIndex=1, commits[65f6e63d-e463-4e76-8bb6-dba3a9205235:c1, 2c4950fd-1e5d-47b3-a656-44c486ef0704:c0, a6dfa705-7af2-43a8-a839-787b9abaa6e5:c0]
2019-07-13 20:37:07,076 INFO  client.GrpcClientProtocolClient (GrpcClientProtocolClient.java:onNext(255)) - client-FA0DD0B45D60->65f6e63d-e463-4e76-8bb6-dba3a9205235: receive RaftClientReply:client-FA0DD0B45D60->65f6e63d-e463-4e76-8bb6-dba3a9205235@group-EE371F6605C5, cid=199, SUCCESS, logIndex=3, commits[65f6e63d-e463-4e76-8bb6-dba3a9205235:c4, 2c4950fd-1e5d-47b3-a656-44c486ef0704:c2, a6dfa705-7af2-43a8-a839-787b9abaa6e5:c2]
2019-07-13 20:37:07,098 INFO  client.GrpcClientProtocolClient (GrpcClientProtocolClient.java:onNext(255)) - client-FA0DD0B45D60->65f6e63d-e463-4e76-8bb6-dba3a9205235: receive RaftClientReply:client-FA0DD0B45D60->65f6e63d-e463-4e76-8bb6-dba3a9205235@group-EE371F6605C5, cid=200, SUCCESS, logIndex=4, commits[65f6e63d-e463-4e76-8bb6-dba3a9205235:c12, 2c4950fd-1e5d-47b3-a656-44c486ef0704:c7, a6dfa705-7af2-43a8-a839-787b9abaa6e5:c7]
2019-07-13 20:37:07,098 INFO  client.GrpcClientProtocolClient (GrpcClientProtocolClient.java:onNext(255)) - client-FA0DD0B45D60->65f6e63d-e463-4e76-8bb6-dba3a9205235: receive RaftClientReply:client-FA0DD0B45D60->65f6e63d-e463-4e76-8bb6-dba3a9205235@group-EE371F6605C5, cid=201, SUCCESS, logIndex=5, commits[65f6e63d-e463-4e76-8bb6-dba3a9205235:c12, 2c4950fd-1e5d-47b3-a656-44c486ef0704:c7, a6dfa705-7af2-43a8-a839-787b9abaa6e5:c7]
2019-07-13 20:37:07,099 INFO  client.GrpcClientProtocolClient (GrpcClientProtocolClient.java:onNext(255)) - client-FA0DD0B45D60->65f6e63d-e463-4e76-8bb6-dba3a9205235: receive RaftClientReply:client-FA0DD0B45D60->65f6e63d-e463-4e76-8bb6-dba3a9205235@group-EE371F6605C5, cid=202, SUCCESS, logIndex=6, commits[65f6e63d-e463-4e76-8bb6-dba3a9205235:c12, 2c4950fd-1e5d-47b3-a656-44c486ef0704:c7, a6dfa705-7af2-43a8-a839-787b9abaa6e5:c7]
2019-07-13 20:37:07,146 INFO  client.GrpcClientProtocolClient (GrpcClientProtocolClient.java:onNext(255)) - client-FA0DD0B45D60->65f6e63d-e463-4e76-8bb6-dba3a9205235: receive RaftClientReply:client-FA0DD0B45D60->65f6e63d-e463-4e76-8bb6-dba3a9205235@group-EE371F6605C5, cid=203, SUCCESS, logIndex=7, commits[65f6e63d-e463-4e76-8bb6-dba3a9205235:c12, 2c4950fd-1e5d-47b3-a656-44c486ef0704:c7, a6dfa705-7af2-43a8-a839-787b9abaa6e5:c7]
2019-07-13 20:37:07,155 INFO  client.GrpcClientProtocolClient (GrpcClientProtocolClient.java:onNext(255)) - client-FA0DD0B45D60->65f6e63d-e463-4e76-8bb6-dba3a9205235: receive RaftClientReply:client-FA0DD0B45D60->65f6e63d-e463-4e76-8bb6-dba3a9205235@group-EE371F6605C5, cid=204, SUCCESS, logIndex=13, commits[65f6e63d-e463-4e76-8bb6-dba3a9205235:c13, 2c4950fd-1e5d-47b3-a656-44c486ef0704:c12, a6dfa705-7af2-43a8-a839-787b9abaa6e5:c7]
2019-07-13 20:37:07,156 INFO  client.GrpcClientProtocolClient (GrpcClientProtocolClient.java:onNext(255)) - client-FA0DD0B45D60->65f6e63d-e463-4e76-8bb6-dba3a9205235: receive RaftClientReply:client-FA0DD0B45D60->65f6e63d-e463-4e76-8bb6-dba3a9205235@group-EE371F6605C5, cid=205, SUCCESS, logIndex=14, commits[65f6e63d-e463-4e76-8bb6-dba3a9205235:c14, 2c4950fd-1e5d-47b3-a656-44c486ef0704:c12, a6dfa705-7af2-43a8-a839-787b9abaa6e5:c12]
2019-07-13 20:37:07,166 INFO  client.GrpcClientProtocolClient (GrpcClientProtocolClient.java:onNext(255)) - client-FA0DD0B45D60->65f6e63d-e463-4e76-8bb6-dba3a9205235: receive RaftClientReply:client-FA0DD0B45D60->65f6e63d-e463-4e76-8bb6-dba3a9205235@group-EE371F6605C5, cid=206, SUCCESS, logIndex=0, commits[65f6e63d-e463-4e76-8bb6-dba3a9205235:c16, 2c4950fd-1e5d-47b3-a656-44c486ef0704:c14, a6dfa705-7af2-43a8-a839-787b9abaa6e5:c14]
2019-07-13 20:37:07,167 INFO  ozone.MiniOzoneClusterImpl (MiniOzoneClusterImpl.java:shutdown(321)) - Shutting down the Mini Ozone Cluster
2019-07-13 20:37:07,167 INFO  ozone.MiniOzoneClusterImpl (MiniOzoneClusterImpl.java:stop(336)) - Stopping the Mini Ozone Cluster
2019-07-13 20:37:07,167 INFO  ozone.MiniOzoneClusterImpl (MiniOzoneClusterImpl.java:stop(338)) - Stopping the OzoneManager
2019-07-13 20:37:07,167 INFO  ipc.Server (Server.java:stop(3082)) - Stopping server on 43743
2019-07-13 20:37:07,186 INFO  ipc.Server (Server.java:run(1185)) - Stopping IPC Server listener on 43743
2019-07-13 20:37:07,189 INFO  ipc.Server (Server.java:run(1319)) - Stopping IPC Server Responder
2019-07-13 20:37:07,189 INFO  utils.BackgroundService (BackgroundService.java:shutdown(148)) - Shutting down service KeyDeletingService
2019-07-13 20:37:07,211 INFO  handler.ContextHandler (ContextHandler.java:doStop(910)) - Stopped o.e.j.w.WebAppContext@60cbba57{/,null,UNAVAILABLE}{/ozoneManager}
2019-07-13 20:37:07,211 INFO  server.AbstractConnector (AbstractConnector.java:doStop(318)) - Stopped ServerConnector@614d01b{HTTP/1.1,[http/1.1]}{0.0.0.0:0}
2019-07-13 20:37:07,212 INFO  handler.ContextHandler (ContextHandler.java:doStop(910)) - Stopped o.e.j.s.ServletContextHandler@5924ea91{/static,file:///tmp/workdir/hadoop-ozone/integration-test/target/test-classes/webapps/static,UNAVAILABLE}
2019-07-13 20:37:07,212 INFO  handler.ContextHandler (ContextHandler.java:doStop(910)) - Stopped o.e.j.s.ServletContextHandler@3437fc4f{/logs,file:///tmp/workdir/hadoop-ozone/integration-test/target/log,UNAVAILABLE}
2019-07-13 20:37:07,216 INFO  ozone.MiniOzoneClusterImpl (MiniOzoneClusterImpl.java:stop(344)) - Shutting the HddsDatanodes
2019-07-13 20:37:07,216 INFO  datanode.ObjectStoreHandler (ObjectStoreHandler.java:close(155)) - Closing ObjectStoreHandler.
2019-07-13 20:37:07,216 INFO  datanode.ObjectStoreHandler (ObjectStoreHandler.java:close(155)) - Closing ObjectStoreHandler.
2019-07-13 20:37:07,217 INFO  ozone.HddsDatanodeService (HddsDatanodeService.java:stop(452)) - Stopped plug-in org.apache.hadoop.ozone.web.OzoneHddsDatanodeService@27e42fe8
2019-07-13 20:37:07,217 INFO  ozone.HddsDatanodeService (HddsDatanodeService.java:stop(452)) - Stopped plug-in org.apache.hadoop.ozone.web.OzoneHddsDatanodeService@6d21a69f
2019-07-13 20:37:07,502 INFO  statemachine.DatanodeStateMachine (DatanodeStateMachine.java:lambda$startDaemon$0(350)) - Ozone container server started.
2019-07-13 20:37:08,012 INFO  statemachine.DatanodeStateMachine (DatanodeStateMachine.java:lambda$startDaemon$0(350)) - Ozone container server started.
2019-07-13 20:37:08,582 WARN  server.GrpcLogAppender (LogUtils.java:warn(134)) - 48ee16ca-761e-4141-a55c-dd081db6ecd0->df9f50e8-bd32-4f3b-ae1d-0a839bc9434d: Failed appendEntries: org.apache.ratis.thirdparty.io.grpc.StatusRuntimeException: UNAVAILABLE: io exception
2019-07-13 20:37:08,585 INFO  impl.FollowerInfo (FollowerInfo.java:lambda$new$0(50)) - 48ee16ca-761e-4141-a55c-dd081db6ecd0->df9f50e8-bd32-4f3b-ae1d-0a839bc9434d: nextIndex: updateUnconditionally 1 -> 0
2019-07-13 20:37:11,083 WARN  server.GrpcLogAppender (LogUtils.java:warn(134)) - 48ee16ca-761e-4141-a55c-dd081db6ecd0->df9f50e8-bd32-4f3b-ae1d-0a839bc9434d: Failed appendEntries: org.apache.ratis.thirdparty.io.grpc.StatusRuntimeException: UNAVAILABLE: io exception
2019-07-13 20:37:11,083 INFO  impl.FollowerInfo (FollowerInfo.java:lambda$new$0(50)) - 48ee16ca-761e-4141-a55c-dd081db6ecd0->df9f50e8-bd32-4f3b-ae1d-0a839bc9434d: nextIndex: updateUnconditionally 0 -> 0
2019-07-13 20:37:11,552 INFO  node.StaleNodeHandler (StaleNodeHandler.java:onMessage(58)) - Datanode 48ee16ca-761e-4141-a55c-dd081db6ecd0{ip: 192.168.5.168, host: trunk-nightly-6qp7m-2461138711, networkLocation: /default-rack, certSerialId: null} moved to stale state. Finalizing its pipelines [PipelineID=9b2efdae-10d3-4cda-8384-72dfdbb7e477, PipelineID=d3f23544-1c13-4655-b635-ffb748149d72]
2019-07-13 20:37:11,553 INFO  pipeline.SCMPipelineManager (SCMPipelineManager.java:finalizeAndDestroyPipeline(309)) - destroying pipeline:Pipeline[ Id: 9b2efdae-10d3-4cda-8384-72dfdbb7e477, Nodes: df9f50e8-bd32-4f3b-ae1d-0a839bc9434d{ip: 192.168.5.168, host: trunk-nightly-6qp7m-2461138711, networkLocation: /default-rack, certSerialId: null}ac4886d7-4657-4eaa-a4f0-9d9681fb35b9{ip: 192.168.5.168, host: trunk-nightly-6qp7m-2461138711, networkLocation: /default-rack, certSerialId: null}48ee16ca-761e-4141-a55c-dd081db6ecd0{ip: 192.168.5.168, host: trunk-nightly-6qp7m-2461138711, networkLocation: /default-rack, certSerialId: null}, Type:RATIS, Factor:THREE, State:CLOSED]
2019-07-13 20:37:11,553 INFO  pipeline.SCMPipelineManager (SCMPipelineManager.java:finalizeAndDestroyPipeline(309)) - destroying pipeline:Pipeline[ Id: d3f23544-1c13-4655-b635-ffb748149d72, Nodes: 48ee16ca-761e-4141-a55c-dd081db6ecd0{ip: 192.168.5.168, host: trunk-nightly-6qp7m-2461138711, networkLocation: /default-rack, certSerialId: null}, Type:RATIS, Factor:ONE, State:OPEN]
2019-07-13 20:37:11,553 INFO  pipeline.PipelineStateManager (PipelineStateManager.java:finalizePipeline(123)) - Pipeline Pipeline[ Id: d3f23544-1c13-4655-b635-ffb748149d72, Nodes: 48ee16ca-761e-4141-a55c-dd081db6ecd0{ip: 192.168.5.168, host: trunk-nightly-6qp7m-2461138711, networkLocation: /default-rack, certSerialId: null}, Type:RATIS, Factor:ONE, State:CLOSED] moved to CLOSED state
2019-07-13 20:37:12,053 INFO  node.StaleNodeHandler (StaleNodeHandler.java:onMessage(58)) - Datanode 65f6e63d-e463-4e76-8bb6-dba3a9205235{ip: 192.168.5.168, host: trunk-nightly-6qp7m-2461138711, networkLocation: /default-rack, certSerialId: null} moved to stale state. Finalizing its pipelines [PipelineID=a195431b-977b-496a-bc6f-ee371f6605c5, PipelineID=233227bf-e748-4f65-af12-2593141e74a5]
2019-07-13 20:37:12,054 INFO  pipeline.SCMPipelineManager (SCMPipelineManager.java:finalizeAndDestroyPipeline(309)) - destroying pipeline:Pipeline[ Id: a195431b-977b-496a-bc6f-ee371f6605c5, Nodes: 2c4950fd-1e5d-47b3-a656-44c486ef0704{ip: 192.168.5.168, host: trunk-nightly-6qp7m-2461138711, networkLocation: /default-rack, certSerialId: null}a6dfa705-7af2-43a8-a839-787b9abaa6e5{ip: 192.168.5.168, host: trunk-nightly-6qp7m-2461138711, networkLocation: /default-rack, certSerialId: null}65f6e63d-e463-4e76-8bb6-dba3a9205235{ip: 192.168.5.168, host: trunk-nightly-6qp7m-2461138711, networkLocation: /default-rack, certSerialId: null}, Type:RATIS, Factor:THREE, State:OPEN]
2019-07-13 20:37:12,054 INFO  pipeline.PipelineStateManager (PipelineStateManager.java:finalizePipeline(123)) - Pipeline Pipeline[ Id: a195431b-977b-496a-bc6f-ee371f6605c5, Nodes: 2c4950fd-1e5d-47b3-a656-44c486ef0704{ip: 192.168.5.168, host: trunk-nightly-6qp7m-2461138711, networkLocation: /default-rack, certSerialId: null}a6dfa705-7af2-43a8-a839-787b9abaa6e5{ip: 192.168.5.168, host: trunk-nightly-6qp7m-2461138711, networkLocation: /default-rack, certSerialId: null}65f6e63d-e463-4e76-8bb6-dba3a9205235{ip: 192.168.5.168, host: trunk-nightly-6qp7m-2461138711, networkLocation: /default-rack, certSerialId: null}, Type:RATIS, Factor:THREE, State:CLOSED] moved to CLOSED state
2019-07-13 20:37:12,054 INFO  container.CloseContainerEventHandler (CloseContainerEventHandler.java:onMessage(61)) - Close container Event triggered for container : #2
2019-07-13 20:37:12,054 INFO  pipeline.SCMPipelineManager (SCMPipelineManager.java:finalizeAndDestroyPipeline(309)) - destroying pipeline:Pipeline[ Id: 233227bf-e748-4f65-af12-2593141e74a5, Nodes: 65f6e63d-e463-4e76-8bb6-dba3a9205235{ip: 192.168.5.168, host: trunk-nightly-6qp7m-2461138711, networkLocation: /default-rack, certSerialId: null}, Type:RATIS, Factor:ONE, State:OPEN]
2019-07-13 20:37:12,054 INFO  pipeline.PipelineStateManager (PipelineStateManager.java:finalizePipeline(123)) - Pipeline Pipeline[ Id: 233227bf-e748-4f65-af12-2593141e74a5, Nodes: 65f6e63d-e463-4e76-8bb6-dba3a9205235{ip: 192.168.5.168, host: trunk-nightly-6qp7m-2461138711, networkLocation: /default-rack, certSerialId: null}, Type:RATIS, Factor:ONE, State:CLOSED] moved to CLOSED state
2019-07-13 20:37:12,218 INFO  ozoneimpl.OzoneContainer (OzoneContainer.java:stop(199)) - Attempting to stop container services.
2019-07-13 20:37:12,218 INFO  ozoneimpl.OzoneContainer (OzoneContainer.java:stop(199)) - Attempting to stop container services.
2019-07-13 20:37:12,218 INFO  impl.RaftServerProxy (RaftServerProxy.java:lambda$close$4(314)) - 65f6e63d-e463-4e76-8bb6-dba3a9205235: close
2019-07-13 20:37:12,219 INFO  impl.RaftServerProxy (RaftServerProxy.java:lambda$close$4(314)) - 48ee16ca-761e-4141-a55c-dd081db6ecd0: close
2019-07-13 20:37:12,219 INFO  impl.RaftServerImpl (RaftServerImpl.java:lambda$shutdown$3(245)) - 65f6e63d-e463-4e76-8bb6-dba3a9205235: shutdown group-EE371F6605C5
2019-07-13 20:37:12,219 INFO  impl.RaftServerImpl (RaftServerImpl.java:lambda$shutdown$3(245)) - 48ee16ca-761e-4141-a55c-dd081db6ecd0: shutdown group-72DFDBB7E477
2019-07-13 20:37:12,220 INFO  util.JmxRegister (JmxRegister.java:unregister(73)) - Successfully un-registered JMX Bean with object name Ratis:service=RaftServer,group=group-EE371F6605C5,id=65f6e63d-e463-4e76-8bb6-dba3a9205235
2019-07-13 20:37:12,220 INFO  util.JmxRegister (JmxRegister.java:unregister(73)) - Successfully un-registered JMX Bean with object name Ratis:service=RaftServer,group=group-72DFDBB7E477,id=48ee16ca-761e-4141-a55c-dd081db6ecd0
2019-07-13 20:37:12,220 INFO  impl.RoleInfo (RoleInfo.java:shutdownLeaderState(104)) - 65f6e63d-e463-4e76-8bb6-dba3a9205235: shutdown LeaderState
2019-07-13 20:37:12,221 INFO  impl.RoleInfo (RoleInfo.java:shutdownLeaderState(104)) - 48ee16ca-761e-4141-a55c-dd081db6ecd0: shutdown LeaderState
2019-07-13 20:37:12,227 WARN  server.GrpcLogAppender (GrpcLogAppender.java:mayWait(143)) - GrpcLogAppender(65f6e63d-e463-4e76-8bb6-dba3a9205235->a6dfa705-7af2-43a8-a839-787b9abaa6e5): Wait interrupted by java.lang.InterruptedException
2019-07-13 20:37:12,232 INFO  impl.PendingRequests (PendingRequests.java:sendNotLeaderResponses(202)) - 48ee16ca-761e-4141-a55c-dd081db6ecd0-PendingRequests: sendNotLeaderResponses
2019-07-13 20:37:12,227 WARN  server.GrpcLogAppender (GrpcLogAppender.java:mayWait(143)) - GrpcLogAppender(65f6e63d-e463-4e76-8bb6-dba3a9205235->2c4950fd-1e5d-47b3-a656-44c486ef0704): Wait interrupted by java.lang.InterruptedException
2019-07-13 20:37:12,227 INFO  impl.PendingRequests (PendingRequests.java:sendNotLeaderResponses(202)) - 65f6e63d-e463-4e76-8bb6-dba3a9205235-PendingRequests: sendNotLeaderResponses
2019-07-13 20:37:12,233 INFO  server.GrpcServerProtocolService (GrpcServerProtocolService.java:onCompleted(104)) - 2c4950fd-1e5d-47b3-a656-44c486ef0704: appendEntries completed
2019-07-13 20:37:12,233 INFO  ratis.ContainerStateMachine (ContainerStateMachine.java:takeSnapshot(246)) - Taking snapshot at termIndex:(t:1, i:14)
2019-07-13 20:37:12,238 INFO  ratis.ContainerStateMachine (ContainerStateMachine.java:takeSnapshot(250)) - Taking a snapshot to file /tmp/workdir/hadoop-ozone/integration-test/target/test-dir/MiniOzoneClusterImpl-16e5dc73-174f-42e0-b18c-cc1c204265a8/datanode-2/data/ratis/9b2efdae-10d3-4cda-8384-72dfdbb7e477/sm/snapshot.1_14
2019-07-13 20:37:12,233 INFO  impl.StateMachineUpdater (StateMachineUpdater.java:stopAndJoin(115)) - StateMachineUpdater:48ee16ca-761e-4141-a55c-dd081db6ecd0:group-72DFDBB7E477: set stopIndex = 18
2019-07-13 20:37:12,232 INFO  server.GrpcServerProtocolService (GrpcServerProtocolService.java:onCompleted(104)) - a6dfa705-7af2-43a8-a839-787b9abaa6e5: appendEntries completed
2019-07-13 20:37:12,232 WARN  server.GrpcLogAppender (GrpcLogAppender.java:mayWait(143)) - GrpcLogAppender(48ee16ca-761e-4141-a55c-dd081db6ecd0->ac4886d7-4657-4eaa-a4f0-9d9681fb35b9): Wait interrupted by java.lang.InterruptedException
2019-07-13 20:37:12,232 WARN  server.GrpcLogAppender (GrpcLogAppender.java:mayWait(143)) - GrpcLogAppender(48ee16ca-761e-4141-a55c-dd081db6ecd0->df9f50e8-bd32-4f3b-ae1d-0a839bc9434d): Wait interrupted by java.lang.InterruptedException
2019-07-13 20:37:12,238 INFO  server.GrpcLogAppender (GrpcLogAppender.java:onCompleted(292)) - 65f6e63d-e463-4e76-8bb6-dba3a9205235->2c4950fd-1e5d-47b3-a656-44c486ef0704: follower responses appendEntries COMPLETED
2019-07-13 20:37:12,239 INFO  server.GrpcServerProtocolService (GrpcServerProtocolService.java:onCompleted(104)) - ac4886d7-4657-4eaa-a4f0-9d9681fb35b9: appendEntries completed
2019-07-13 20:37:12,238 INFO  ratis.ContainerStateMachine (ContainerStateMachine.java:takeSnapshot(246)) - Taking snapshot at termIndex:(t:1, i:14)
2019-07-13 20:37:12,238 INFO  impl.StateMachineUpdater (StateMachineUpdater.java:stopAndJoin(115)) - StateMachineUpdater:65f6e63d-e463-4e76-8bb6-dba3a9205235:group-EE371F6605C5: set stopIndex = 16
2019-07-13 20:37:12,240 INFO  server.GrpcLogAppender (GrpcLogAppender.java:onCompleted(292)) - 48ee16ca-761e-4141-a55c-dd081db6ecd0->ac4886d7-4657-4eaa-a4f0-9d9681fb35b9: follower responses appendEntries COMPLETED
2019-07-13 20:37:12,239 INFO  ratis.ContainerStateMachine (ContainerStateMachine.java:takeSnapshot(250)) - Taking a snapshot to file /tmp/workdir/hadoop-ozone/integration-test/target/test-dir/MiniOzoneClusterImpl-16e5dc73-174f-42e0-b18c-cc1c204265a8/datanode-4/data/ratis/a195431b-977b-496a-bc6f-ee371f6605c5/sm/snapshot.1_14
2019-07-13 20:37:12,239 INFO  impl.FollowerInfo (FollowerInfo.java:lambda$new$0(50)) - 65f6e63d-e463-4e76-8bb6-dba3a9205235->2c4950fd-1e5d-47b3-a656-44c486ef0704: nextIndex: updateUnconditionally 17 -> 16
2019-07-13 20:37:12,239 INFO  server.GrpcLogAppender (GrpcLogAppender.java:onCompleted(292)) - 65f6e63d-e463-4e76-8bb6-dba3a9205235->a6dfa705-7af2-43a8-a839-787b9abaa6e5: follower responses appendEntries COMPLETED
2019-07-13 20:37:12,240 INFO  impl.FollowerInfo (FollowerInfo.java:lambda$new$0(50)) - 48ee16ca-761e-4141-a55c-dd081db6ecd0->ac4886d7-4657-4eaa-a4f0-9d9681fb35b9: nextIndex: updateUnconditionally 19 -> 18
2019-07-13 20:37:12,241 INFO  impl.FollowerInfo (FollowerInfo.java:lambda$new$0(50)) - 65f6e63d-e463-4e76-8bb6-dba3a9205235->a6dfa705-7af2-43a8-a839-787b9abaa6e5: nextIndex: updateUnconditionally 17 -> 16
2019-07-13 20:37:12,252 INFO  impl.StateMachineUpdater (StateMachineUpdater.java:takeSnapshot(242)) - StateMachineUpdater:48ee16ca-761e-4141-a55c-dd081db6ecd0:group-72DFDBB7E477: Took a snapshot at index 14
2019-07-13 20:37:12,252 INFO  impl.StateMachineUpdater (StateMachineUpdater.java:lambda$new$0(80)) - StateMachineUpdater:48ee16ca-761e-4141-a55c-dd081db6ecd0:group-72DFDBB7E477: snapshotIndex: updateIncreasingly -1 -> 14
2019-07-13 20:37:12,252 INFO  impl.StateMachineUpdater (StateMachineUpdater.java:takeSnapshot(242)) - StateMachineUpdater:65f6e63d-e463-4e76-8bb6-dba3a9205235:group-EE371F6605C5: Took a snapshot at index 14
2019-07-13 20:37:12,252 INFO  impl.StateMachineUpdater (StateMachineUpdater.java:lambda$new$0(80)) - StateMachineUpdater:65f6e63d-e463-4e76-8bb6-dba3a9205235:group-EE371F6605C5: snapshotIndex: updateIncreasingly -1 -> 14
2019-07-13 20:37:12,252 INFO  impl.RaftServerImpl (ServerState.java:close(394)) - 48ee16ca-761e-4141-a55c-dd081db6ecd0:group-72DFDBB7E477 closes. The last applied log index is 18
2019-07-13 20:37:12,252 INFO  impl.RaftServerImpl (ServerState.java:close(394)) - 65f6e63d-e463-4e76-8bb6-dba3a9205235:group-EE371F6605C5 closes. The last applied log index is 16
2019-07-13 20:37:12,253 INFO  segmented.SegmentedRaftLogWorker (SegmentedRaftLogWorker.java:run(313)) - 48ee16ca-761e-4141-a55c-dd081db6ecd0-SegmentedRaftLogWorker:Storage Directory /tmp/workdir/hadoop-ozone/integration-test/target/test-dir/MiniOzoneClusterImpl-16e5dc73-174f-42e0-b18c-cc1c204265a8/datanode-2/data/ratis/9b2efdae-10d3-4cda-8384-72dfdbb7e477 was interrupted, exiting. There are 0 tasks remaining in the queue.
2019-07-13 20:37:12,253 INFO  segmented.SegmentedRaftLogWorker (SegmentedRaftLogWorker.java:run(313)) - 65f6e63d-e463-4e76-8bb6-dba3a9205235-SegmentedRaftLogWorker:Storage Directory /tmp/workdir/hadoop-ozone/integration-test/target/test-dir/MiniOzoneClusterImpl-16e5dc73-174f-42e0-b18c-cc1c204265a8/datanode-4/data/ratis/a195431b-977b-496a-bc6f-ee371f6605c5 was interrupted, exiting. There are 0 tasks remaining in the queue.
2019-07-13 20:37:12,255 INFO  segmented.SegmentedRaftLogWorker (SegmentedRaftLogWorker.java:close(228)) - 48ee16ca-761e-4141-a55c-dd081db6ecd0-SegmentedRaftLogWorker:Storage Directory /tmp/workdir/hadoop-ozone/integration-test/target/test-dir/MiniOzoneClusterImpl-16e5dc73-174f-42e0-b18c-cc1c204265a8/datanode-2/data/ratis/9b2efdae-10d3-4cda-8384-72dfdbb7e477 close()
2019-07-13 20:37:12,258 INFO  segmented.SegmentedRaftLogWorker (SegmentedRaftLogWorker.java:close(228)) - 65f6e63d-e463-4e76-8bb6-dba3a9205235-SegmentedRaftLogWorker:Storage Directory /tmp/workdir/hadoop-ozone/integration-test/target/test-dir/MiniOzoneClusterImpl-16e5dc73-174f-42e0-b18c-cc1c204265a8/datanode-4/data/ratis/a195431b-977b-496a-bc6f-ee371f6605c5 close()
2019-07-13 20:37:12,262 INFO  impl.RaftServerImpl (RaftServerImpl.java:lambda$shutdown$3(245)) - 48ee16ca-761e-4141-a55c-dd081db6ecd0: shutdown group-FFB748149D72
2019-07-13 20:37:12,265 INFO  util.JmxRegister (JmxRegister.java:unregister(73)) - Successfully un-registered JMX Bean with object name Ratis:service=RaftServer,group=group-FFB748149D72,id=48ee16ca-761e-4141-a55c-dd081db6ecd0
2019-07-13 20:37:12,265 INFO  impl.RoleInfo (RoleInfo.java:shutdownLeaderState(104)) - 48ee16ca-761e-4141-a55c-dd081db6ecd0: shutdown LeaderState
2019-07-13 20:37:12,266 INFO  impl.PendingRequests (PendingRequests.java:sendNotLeaderResponses(202)) - 48ee16ca-761e-4141-a55c-dd081db6ecd0-PendingRequests: sendNotLeaderResponses
2019-07-13 20:37:12,269 INFO  impl.RaftServerImpl (RaftServerImpl.java:lambda$shutdown$3(245)) - 65f6e63d-e463-4e76-8bb6-dba3a9205235: shutdown group-2593141E74A5
2019-07-13 20:37:12,269 INFO  ratis.ContainerStateMachine (ContainerStateMachine.java:takeSnapshot(246)) - Taking snapshot at termIndex:(t:0, i:~)
2019-07-13 20:37:12,269 INFO  impl.StateMachineUpdater (StateMachineUpdater.java:stopAndJoin(115)) - StateMachineUpdater:48ee16ca-761e-4141-a55c-dd081db6ecd0:group-FFB748149D72: set stopIndex = 0
2019-07-13 20:37:12,270 INFO  impl.RaftServerImpl (ServerState.java:close(394)) - 48ee16ca-761e-4141-a55c-dd081db6ecd0:group-FFB748149D72 closes. The last applied log index is 0
2019-07-13 20:37:12,270 INFO  util.JmxRegister (JmxRegister.java:unregister(73)) - Successfully un-registered JMX Bean with object name Ratis:service=RaftServer,group=group-2593141E74A5,id=65f6e63d-e463-4e76-8bb6-dba3a9205235
2019-07-13 20:37:12,270 INFO  segmented.SegmentedRaftLogWorker (SegmentedRaftLogWorker.java:run(313)) - 48ee16ca-761e-4141-a55c-dd081db6ecd0-SegmentedRaftLogWorker:Storage Directory /tmp/workdir/hadoop-ozone/integration-test/target/test-dir/MiniOzoneClusterImpl-16e5dc73-174f-42e0-b18c-cc1c204265a8/datanode-2/data/ratis/d3f23544-1c13-4655-b635-ffb748149d72 was interrupted, exiting. There are 0 tasks remaining in the queue.
2019-07-13 20:37:12,271 INFO  impl.RoleInfo (RoleInfo.java:shutdownLeaderState(104)) - 65f6e63d-e463-4e76-8bb6-dba3a9205235: shutdown LeaderState
2019-07-13 20:37:12,273 INFO  segmented.SegmentedRaftLogWorker (SegmentedRaftLogWorker.java:close(228)) - 48ee16ca-761e-4141-a55c-dd081db6ecd0-SegmentedRaftLogWorker:Storage Directory /tmp/workdir/hadoop-ozone/integration-test/target/test-dir/MiniOzoneClusterImpl-16e5dc73-174f-42e0-b18c-cc1c204265a8/datanode-2/data/ratis/d3f23544-1c13-4655-b635-ffb748149d72 close()
2019-07-13 20:37:12,273 INFO  impl.PendingRequests (PendingRequests.java:sendNotLeaderResponses(202)) - 65f6e63d-e463-4e76-8bb6-dba3a9205235-PendingRequests: sendNotLeaderResponses
2019-07-13 20:37:12,278 INFO  server.GrpcService (GrpcService.java:closeImpl(155)) - 48ee16ca-761e-4141-a55c-dd081db6ecd0: shutdown server with port 35948 now
2019-07-13 20:37:12,278 INFO  ratis.ContainerStateMachine (ContainerStateMachine.java:takeSnapshot(246)) - Taking snapshot at termIndex:(t:0, i:~)
2019-07-13 20:37:12,278 INFO  impl.StateMachineUpdater (StateMachineUpdater.java:stopAndJoin(115)) - StateMachineUpdater:65f6e63d-e463-4e76-8bb6-dba3a9205235:group-2593141E74A5: set stopIndex = 0
2019-07-13 20:37:12,279 INFO  impl.RaftServerImpl (ServerState.java:close(394)) - 65f6e63d-e463-4e76-8bb6-dba3a9205235:group-2593141E74A5 closes. The last applied log index is 0
2019-07-13 20:37:12,279 INFO  server.GrpcService (GrpcService.java:closeImpl(163)) - 48ee16ca-761e-4141-a55c-dd081db6ecd0: shutdown server with port 35948 successfully
2019-07-13 20:37:12,279 INFO  segmented.SegmentedRaftLogWorker (SegmentedRaftLogWorker.java:run(313)) - 65f6e63d-e463-4e76-8bb6-dba3a9205235-SegmentedRaftLogWorker:Storage Directory /tmp/workdir/hadoop-ozone/integration-test/target/test-dir/MiniOzoneClusterImpl-16e5dc73-174f-42e0-b18c-cc1c204265a8/datanode-4/data/ratis/233227bf-e748-4f65-af12-2593141e74a5 was interrupted, exiting. There are 0 tasks remaining in the queue.
2019-07-13 20:37:12,283 INFO  segmented.SegmentedRaftLogWorker (SegmentedRaftLogWorker.java:close(228)) - 65f6e63d-e463-4e76-8bb6-dba3a9205235-SegmentedRaftLogWorker:Storage Directory /tmp/workdir/hadoop-ozone/integration-test/target/test-dir/MiniOzoneClusterImpl-16e5dc73-174f-42e0-b18c-cc1c204265a8/datanode-4/data/ratis/233227bf-e748-4f65-af12-2593141e74a5 close()
2019-07-13 20:37:12,288 INFO  server.GrpcService (GrpcService.java:closeImpl(155)) - 65f6e63d-e463-4e76-8bb6-dba3a9205235: shutdown server with port 44436 now
2019-07-13 20:37:12,288 INFO  utils.BackgroundService (BackgroundService.java:shutdown(148)) - Shutting down service BlockDeletingService
2019-07-13 20:37:12,290 INFO  server.GrpcService (GrpcService.java:closeImpl(163)) - 65f6e63d-e463-4e76-8bb6-dba3a9205235: shutdown server with port 44436 successfully
2019-07-13 20:37:12,290 WARN  client.GrpcClientProtocolService (LogUtils.java:warn(134)) - 1-UnorderedRequestStreamObserver1: onError: org.apache.ratis.thirdparty.io.grpc.StatusRuntimeException: CANCELLED: cancelled before receiving half close
2019-07-13 20:37:12,292 WARN  fs.CachingGetSpaceUsed (CachingGetSpaceUsed.java:run(183)) - Thread Interrupted waiting to refresh disk information: sleep interrupted
2019-07-13 20:37:12,292 INFO  utils.BackgroundService (BackgroundService.java:shutdown(148)) - Shutting down service BlockDeletingService
2019-07-13 20:37:12,294 WARN  fs.CachingGetSpaceUsed (CachingGetSpaceUsed.java:run(183)) - Thread Interrupted waiting to refresh disk information: sleep interrupted
2019-07-13 20:37:12,318 INFO  statemachine.DatanodeStateMachine (DatanodeStateMachine.java:stopDaemon(395)) - Ozone container server stopped.
2019-07-13 20:37:12,322 INFO  statemachine.DatanodeStateMachine (DatanodeStateMachine.java:stopDaemon(395)) - Ozone container server stopped.
2019-07-13 20:37:12,326 INFO  handler.ContextHandler (ContextHandler.java:doStop(910)) - Stopped o.e.j.w.WebAppContext@5e7fc012{/,null,UNAVAILABLE}{/hddsDatanode}
2019-07-13 20:37:12,326 INFO  handler.ContextHandler (ContextHandler.java:doStop(910)) - Stopped o.e.j.w.WebAppContext@d319d2c{/,null,UNAVAILABLE}{/hddsDatanode}
2019-07-13 20:37:12,327 INFO  server.AbstractConnector (AbstractConnector.java:doStop(318)) - Stopped ServerConnector@63e0c744{HTTP/1.1,[http/1.1]}{0.0.0.0:0}
2019-07-13 20:37:12,329 INFO  server.AbstractConnector (AbstractConnector.java:doStop(318)) - Stopped ServerConnector@23acd55e{HTTP/1.1,[http/1.1]}{0.0.0.0:0}
2019-07-13 20:37:12,329 INFO  handler.ContextHandler (ContextHandler.java:doStop(910)) - Stopped o.e.j.s.ServletContextHandler@731bdcca{/static,jar:file:/home/user/.m2/repository/org/apache/hadoop/hadoop-hdds-container-service/0.5.0-SNAPSHOT/hadoop-hdds-container-service-0.5.0-SNAPSHOT.jar!/webapps/static,UNAVAILABLE}
2019-07-13 20:37:12,329 INFO  handler.ContextHandler (ContextHandler.java:doStop(910)) - Stopped o.e.j.s.ServletContextHandler@2f726cf4{/static,jar:file:/home/user/.m2/repository/org/apache/hadoop/hadoop-hdds-container-service/0.5.0-SNAPSHOT/hadoop-hdds-container-service-0.5.0-SNAPSHOT.jar!/webapps/static,UNAVAILABLE}
2019-07-13 20:37:12,331 INFO  handler.ContextHandler (ContextHandler.java:doStop(910)) - Stopped o.e.j.s.ServletContextHandler@3993cecb{/logs,file:///tmp/workdir/hadoop-ozone/integration-test/target/log,UNAVAILABLE}
2019-07-13 20:37:12,331 INFO  handler.ContextHandler (ContextHandler.java:doStop(910)) - Stopped o.e.j.s.ServletContextHandler@57e83608{/logs,file:///tmp/workdir/hadoop-ozone/integration-test/target/log,UNAVAILABLE}
2019-07-13 20:37:12,332 INFO  datanode.ObjectStoreHandler (ObjectStoreHandler.java:close(155)) - Closing ObjectStoreHandler.
2019-07-13 20:37:12,333 INFO  datanode.ObjectStoreHandler (ObjectStoreHandler.java:close(155)) - Closing ObjectStoreHandler.
2019-07-13 20:37:12,333 INFO  ozone.HddsDatanodeService (HddsDatanodeService.java:stop(452)) - Stopped plug-in org.apache.hadoop.ozone.web.OzoneHddsDatanodeService@193710c3
2019-07-13 20:37:12,333 INFO  ozone.HddsDatanodeService (HddsDatanodeService.java:stop(452)) - Stopped plug-in org.apache.hadoop.ozone.web.OzoneHddsDatanodeService@17d606c9
2019-07-13 20:37:12,509 INFO  statemachine.DatanodeStateMachine (DatanodeStateMachine.java:lambda$startDaemon$0(350)) - Ozone container server started.
2019-07-13 20:37:13,050 INFO  statemachine.DatanodeStateMachine (DatanodeStateMachine.java:lambda$startDaemon$0(350)) - Ozone container server started.
2019-07-13 20:37:16,163 INFO  impl.FollowerState (FollowerState.java:run(106)) - ac4886d7-4657-4eaa-a4f0-9d9681fb35b9:group-72DFDBB7E477 changes to CANDIDATE, lastRpcTime:5078, electionTimeout:5039ms
2019-07-13 20:37:16,163 INFO  impl.RoleInfo (RoleInfo.java:shutdownFollowerState(121)) - ac4886d7-4657-4eaa-a4f0-9d9681fb35b9: shutdown FollowerState
2019-07-13 20:37:16,164 INFO  impl.RaftServerImpl (RaftServerImpl.java:setRole(171)) - ac4886d7-4657-4eaa-a4f0-9d9681fb35b9:group-72DFDBB7E477 changes role from FOLLOWER to CANDIDATE at term 2 for changeToCandidate
2019-07-13 20:37:16,164 INFO  impl.RoleInfo (RoleInfo.java:updateAndGet(143)) - ac4886d7-4657-4eaa-a4f0-9d9681fb35b9: start LeaderElection
2019-07-13 20:37:16,167 INFO  impl.RaftServerImpl (ServerState.java:setLeader(263)) - ac4886d7-4657-4eaa-a4f0-9d9681fb35b9:group-72DFDBB7E477 change Leader from 48ee16ca-761e-4141-a55c-dd081db6ecd0 to null at term 2 for initElection
2019-07-13 20:37:16,178 INFO  impl.LeaderElection (LeaderElection.java:askForVotes(181)) - ac4886d7-4657-4eaa-a4f0-9d9681fb35b9:group-72DFDBB7E477:LeaderElection73: begin an election at term 3 for 17: [ac4886d7-4657-4eaa-a4f0-9d9681fb35b9:192.168.5.168:34537, 48ee16ca-761e-4141-a55c-dd081db6ecd0:192.168.5.168:35948, df9f50e8-bd32-4f3b-ae1d-0a839bc9434d:192.168.5.168:43752], old=null
2019-07-13 20:37:16,181 INFO  impl.LeaderElection (LogUtils.java:infoOrTrace(149)) - ac4886d7-4657-4eaa-a4f0-9d9681fb35b9:group-72DFDBB7E477:LeaderElection73 got exception when requesting votes: {}
java.util.concurrent.ExecutionException: org.apache.ratis.thirdparty.io.grpc.StatusRuntimeException: UNAVAILABLE: io exception
	at java.util.concurrent.FutureTask.report(FutureTask.java:122)
	at java.util.concurrent.FutureTask.get(FutureTask.java:192)
	at org.apache.ratis.server.impl.LeaderElection.waitForResults(LeaderElection.java:262)
	at org.apache.ratis.server.impl.LeaderElection.askForVotes(LeaderElection.java:200)
	at org.apache.ratis.server.impl.LeaderElection.run(LeaderElection.java:130)
	at java.lang.Thread.run(Thread.java:748)
Caused by: org.apache.ratis.thirdparty.io.grpc.StatusRuntimeException: UNAVAILABLE: io exception
	at org.apache.ratis.thirdparty.io.grpc.stub.ClientCalls.toStatusRuntimeException(ClientCalls.java:233)
	at org.apache.ratis.thirdparty.io.grpc.stub.ClientCalls.getUnchecked(ClientCalls.java:214)
	at org.apache.ratis.thirdparty.io.grpc.stub.ClientCalls.blockingUnaryCall(ClientCalls.java:139)
	at org.apache.ratis.proto.grpc.RaftServerProtocolServiceGrpc$RaftServerProtocolServiceBlockingStub.requestVote(RaftServerProtocolServiceGrpc.java:265)
	at org.apache.ratis.grpc.server.GrpcServerProtocolClient.requestVote(GrpcServerProtocolClient.java:83)
	at org.apache.ratis.grpc.server.GrpcService.requestVote(GrpcService.java:195)
	at org.apache.ratis.server.impl.LeaderElection.lambda$submitRequests$1(LeaderElection.java:237)
	at java.util.concurrent.FutureTask.run(FutureTask.java:266)
	at java.util.concurrent.Executors$RunnableAdapter.call(Executors.java:511)
	at java.util.concurrent.FutureTask.run(FutureTask.java:266)
	at java.util.concurrent.ThreadPoolExecutor.runWorker(ThreadPoolExecutor.java:1149)
	at java.util.concurrent.ThreadPoolExecutor$Worker.run(ThreadPoolExecutor.java:624)
	... 1 more
Caused by: org.apache.ratis.thirdparty.io.netty.channel.AbstractChannel$AnnotatedConnectException: Connection refused: /192.168.5.168:35948
	at sun.nio.ch.SocketChannelImpl.checkConnect(Native Method)
	at sun.nio.ch.SocketChannelImpl.finishConnect(SocketChannelImpl.java:717)
	at org.apache.ratis.thirdparty.io.netty.channel.socket.nio.NioSocketChannel.doFinishConnect(NioSocketChannel.java:327)
	at org.apache.ratis.thirdparty.io.netty.channel.nio.AbstractNioChannel$AbstractNioUnsafe.finishConnect(AbstractNioChannel.java:340)
	at org.apache.ratis.thirdparty.io.netty.channel.nio.NioEventLoop.processSelectedKey(NioEventLoop.java:632)
	at org.apache.ratis.thirdparty.io.netty.channel.nio.NioEventLoop.processSelectedKeysOptimized(NioEventLoop.java:579)
	at org.apache.ratis.thirdparty.io.netty.channel.nio.NioEventLoop.processSelectedKeys(NioEventLoop.java:496)
	at org.apache.ratis.thirdparty.io.netty.channel.nio.NioEventLoop.run(NioEventLoop.java:458)
	at org.apache.ratis.thirdparty.io.netty.util.concurrent.SingleThreadEventExecutor$5.run(SingleThreadEventExecutor.java:897)
	at org.apache.ratis.thirdparty.io.netty.util.concurrent.FastThreadLocalRunnable.run(FastThreadLocalRunnable.java:30)
	... 1 more
Caused by: java.net.ConnectException: Connection refused
	... 11 more
2019-07-13 20:37:16,183 INFO  impl.LeaderElection (LogUtils.java:infoOrTrace(149)) - ac4886d7-4657-4eaa-a4f0-9d9681fb35b9:group-72DFDBB7E477:LeaderElection73 got exception when requesting votes: {}
java.util.concurrent.ExecutionException: org.apache.ratis.thirdparty.io.grpc.StatusRuntimeException: UNAVAILABLE: io exception
	at java.util.concurrent.FutureTask.report(FutureTask.java:122)
	at java.util.concurrent.FutureTask.get(FutureTask.java:192)
	at org.apache.ratis.server.impl.LeaderElection.waitForResults(LeaderElection.java:262)
	at org.apache.ratis.server.impl.LeaderElection.askForVotes(LeaderElection.java:200)
	at org.apache.ratis.server.impl.LeaderElection.run(LeaderElection.java:130)
	at java.lang.Thread.run(Thread.java:748)
Caused by: org.apache.ratis.thirdparty.io.grpc.StatusRuntimeException: UNAVAILABLE: io exception
	at org.apache.ratis.thirdparty.io.grpc.stub.ClientCalls.toStatusRuntimeException(ClientCalls.java:233)
	at org.apache.ratis.thirdparty.io.grpc.stub.ClientCalls.getUnchecked(ClientCalls.java:214)
	at org.apache.ratis.thirdparty.io.grpc.stub.ClientCalls.blockingUnaryCall(ClientCalls.java:139)
	at org.apache.ratis.proto.grpc.RaftServerProtocolServiceGrpc$RaftServerProtocolServiceBlockingStub.requestVote(RaftServerProtocolServiceGrpc.java:265)
	at org.apache.ratis.grpc.server.GrpcServerProtocolClient.requestVote(GrpcServerProtocolClient.java:83)
	at org.apache.ratis.grpc.server.GrpcService.requestVote(GrpcService.java:195)
	at org.apache.ratis.server.impl.LeaderElection.lambda$submitRequests$1(LeaderElection.java:237)
	at java.util.concurrent.FutureTask.run(FutureTask.java:266)
	at java.util.concurrent.Executors$RunnableAdapter.call(Executors.java:511)
	at java.util.concurrent.FutureTask.run(FutureTask.java:266)
	at java.util.concurrent.ThreadPoolExecutor.runWorker(ThreadPoolExecutor.java:1149)
	at java.util.concurrent.ThreadPoolExecutor$Worker.run(ThreadPoolExecutor.java:624)
	... 1 more
Caused by: org.apache.ratis.thirdparty.io.netty.channel.AbstractChannel$AnnotatedConnectException: Connection refused: /192.168.5.168:43752
	at sun.nio.ch.SocketChannelImpl.checkConnect(Native Method)
	at sun.nio.ch.SocketChannelImpl.finishConnect(SocketChannelImpl.java:717)
	at org.apache.ratis.thirdparty.io.netty.channel.socket.nio.NioSocketChannel.doFinishConnect(NioSocketChannel.java:327)
	at org.apache.ratis.thirdparty.io.netty.channel.nio.AbstractNioChannel$AbstractNioUnsafe.finishConnect(AbstractNioChannel.java:340)
	at org.apache.ratis.thirdparty.io.netty.channel.nio.NioEventLoop.processSelectedKey(NioEventLoop.java:632)
	at org.apache.ratis.thirdparty.io.netty.channel.nio.NioEventLoop.processSelectedKeysOptimized(NioEventLoop.java:579)
	at org.apache.ratis.thirdparty.io.netty.channel.nio.NioEventLoop.processSelectedKeys(NioEventLoop.java:496)
	at org.apache.ratis.thirdparty.io.netty.channel.nio.NioEventLoop.run(NioEventLoop.java:458)
	at org.apache.ratis.thirdparty.io.netty.util.concurrent.SingleThreadEventExecutor$5.run(SingleThreadEventExecutor.java:897)
	at org.apache.ratis.thirdparty.io.netty.util.concurrent.FastThreadLocalRunnable.run(FastThreadLocalRunnable.java:30)
	... 1 more
Caused by: java.net.ConnectException: Connection refused
	... 11 more
2019-07-13 20:37:16,186 INFO  impl.LeaderElection (LeaderElection.java:logAndReturn(56)) - ac4886d7-4657-4eaa-a4f0-9d9681fb35b9:group-72DFDBB7E477:LeaderElection73: Election REJECTED; received 0 response(s) [] and 2 exception(s); ac4886d7-4657-4eaa-a4f0-9d9681fb35b9:t3, leader=null, voted=ac4886d7-4657-4eaa-a4f0-9d9681fb35b9, raftlog=ac4886d7-4657-4eaa-a4f0-9d9681fb35b9-SegmentedRaftLog:OPENED:c18,f18,i18, conf=17: [ac4886d7-4657-4eaa-a4f0-9d9681fb35b9:192.168.5.168:34537, 48ee16ca-761e-4141-a55c-dd081db6ecd0:192.168.5.168:35948, df9f50e8-bd32-4f3b-ae1d-0a839bc9434d:192.168.5.168:43752], old=null
2019-07-13 20:37:16,186 INFO  impl.LeaderElection (LogUtils.java:infoOrTrace(149)) -   Exception 0: {}
java.util.concurrent.ExecutionException: org.apache.ratis.thirdparty.io.grpc.StatusRuntimeException: UNAVAILABLE: io exception
	at java.util.concurrent.FutureTask.report(FutureTask.java:122)
	at java.util.concurrent.FutureTask.get(FutureTask.java:192)
	at org.apache.ratis.server.impl.LeaderElection.waitForResults(LeaderElection.java:262)
	at org.apache.ratis.server.impl.LeaderElection.askForVotes(LeaderElection.java:200)
	at org.apache.ratis.server.impl.LeaderElection.run(LeaderElection.java:130)
	at java.lang.Thread.run(Thread.java:748)
Caused by: org.apache.ratis.thirdparty.io.grpc.StatusRuntimeException: UNAVAILABLE: io exception
	at org.apache.ratis.thirdparty.io.grpc.stub.ClientCalls.toStatusRuntimeException(ClientCalls.java:233)
	at org.apache.ratis.thirdparty.io.grpc.stub.ClientCalls.getUnchecked(ClientCalls.java:214)
	at org.apache.ratis.thirdparty.io.grpc.stub.ClientCalls.blockingUnaryCall(ClientCalls.java:139)
	at org.apache.ratis.proto.grpc.RaftServerProtocolServiceGrpc$RaftServerProtocolServiceBlockingStub.requestVote(RaftServerProtocolServiceGrpc.java:265)
	at org.apache.ratis.grpc.server.GrpcServerProtocolClient.requestVote(GrpcServerProtocolClient.java:83)
	at org.apache.ratis.grpc.server.GrpcService.requestVote(GrpcService.java:195)
	at org.apache.ratis.server.impl.LeaderElection.lambda$submitRequests$1(LeaderElection.java:237)
	at java.util.concurrent.FutureTask.run(FutureTask.java:266)
	at java.util.concurrent.Executors$RunnableAdapter.call(Executors.java:511)
	at java.util.concurrent.FutureTask.run(FutureTask.java:266)
	at java.util.concurrent.ThreadPoolExecutor.runWorker(ThreadPoolExecutor.java:1149)
	at java.util.concurrent.ThreadPoolExecutor$Worker.run(ThreadPoolExecutor.java:624)
	... 1 more
Caused by: org.apache.ratis.thirdparty.io.netty.channel.AbstractChannel$AnnotatedConnectException: Connection refused: /192.168.5.168:35948
	at sun.nio.ch.SocketChannelImpl.checkConnect(Native Method)
	at sun.nio.ch.SocketChannelImpl.finishConnect(SocketChannelImpl.java:717)
	at org.apache.ratis.thirdparty.io.netty.channel.socket.nio.NioSocketChannel.doFinishConnect(NioSocketChannel.java:327)
	at org.apache.ratis.thirdparty.io.netty.channel.nio.AbstractNioChannel$AbstractNioUnsafe.finishConnect(AbstractNioChannel.java:340)
	at org.apache.ratis.thirdparty.io.netty.channel.nio.NioEventLoop.processSelectedKey(NioEventLoop.java:632)
	at org.apache.ratis.thirdparty.io.netty.channel.nio.NioEventLoop.processSelectedKeysOptimized(NioEventLoop.java:579)
	at org.apache.ratis.thirdparty.io.netty.channel.nio.NioEventLoop.processSelectedKeys(NioEventLoop.java:496)
	at org.apache.ratis.thirdparty.io.netty.channel.nio.NioEventLoop.run(NioEventLoop.java:458)
	at org.apache.ratis.thirdparty.io.netty.util.concurrent.SingleThreadEventExecutor$5.run(SingleThreadEventExecutor.java:897)
	at org.apache.ratis.thirdparty.io.netty.util.concurrent.FastThreadLocalRunnable.run(FastThreadLocalRunnable.java:30)
	... 1 more
Caused by: java.net.ConnectException: Connection refused
	... 11 more
2019-07-13 20:37:16,186 INFO  impl.LeaderElection (LogUtils.java:infoOrTrace(149)) -   Exception 1: {}
java.util.concurrent.ExecutionException: org.apache.ratis.thirdparty.io.grpc.StatusRuntimeException: UNAVAILABLE: io exception
	at java.util.concurrent.FutureTask.report(FutureTask.java:122)
	at java.util.concurrent.FutureTask.get(FutureTask.java:192)
	at org.apache.ratis.server.impl.LeaderElection.waitForResults(LeaderElection.java:262)
	at org.apache.ratis.server.impl.LeaderElection.askForVotes(LeaderElection.java:200)
	at org.apache.ratis.server.impl.LeaderElection.run(LeaderElection.java:130)
	at java.lang.Thread.run(Thread.java:748)
Caused by: org.apache.ratis.thirdparty.io.grpc.StatusRuntimeException: UNAVAILABLE: io exception
	at org.apache.ratis.thirdparty.io.grpc.stub.ClientCalls.toStatusRuntimeException(ClientCalls.java:233)
	at org.apache.ratis.thirdparty.io.grpc.stub.ClientCalls.getUnchecked(ClientCalls.java:214)
	at org.apache.ratis.thirdparty.io.grpc.stub.ClientCalls.blockingUnaryCall(ClientCalls.java:139)
	at org.apache.ratis.proto.grpc.RaftServerProtocolServiceGrpc$RaftServerProtocolServiceBlockingStub.requestVote(RaftServerProtocolServiceGrpc.java:265)
	at org.apache.ratis.grpc.server.GrpcServerProtocolClient.requestVote(GrpcServerProtocolClient.java:83)
	at org.apache.ratis.grpc.server.GrpcService.requestVote(GrpcService.java:195)
	at org.apache.ratis.server.impl.LeaderElection.lambda$submitRequests$1(LeaderElection.java:237)
	at java.util.concurrent.FutureTask.run(FutureTask.java:266)
	at java.util.concurrent.Executors$RunnableAdapter.call(Executors.java:511)
	at java.util.concurrent.FutureTask.run(FutureTask.java:266)
	at java.util.concurrent.ThreadPoolExecutor.runWorker(ThreadPoolExecutor.java:1149)
	at java.util.concurrent.ThreadPoolExecutor$Worker.run(ThreadPoolExecutor.java:624)
	... 1 more
Caused by: org.apache.ratis.thirdparty.io.netty.channel.AbstractChannel$AnnotatedConnectException: Connection refused: /192.168.5.168:43752
	at sun.nio.ch.SocketChannelImpl.checkConnect(Native Method)
	at sun.nio.ch.SocketChannelImpl.finishConnect(SocketChannelImpl.java:717)
	at org.apache.ratis.thirdparty.io.netty.channel.socket.nio.NioSocketChannel.doFinishConnect(NioSocketChannel.java:327)
	at org.apache.ratis.thirdparty.io.netty.channel.nio.AbstractNioChannel$AbstractNioUnsafe.finishConnect(AbstractNioChannel.java:340)
	at org.apache.ratis.thirdparty.io.netty.channel.nio.NioEventLoop.processSelectedKey(NioEventLoop.java:632)
	at org.apache.ratis.thirdparty.io.netty.channel.nio.NioEventLoop.processSelectedKeysOptimized(NioEventLoop.java:579)
	at org.apache.ratis.thirdparty.io.netty.channel.nio.NioEventLoop.processSelectedKeys(NioEventLoop.java:496)
	at org.apache.ratis.thirdparty.io.netty.channel.nio.NioEventLoop.run(NioEventLoop.java:458)
	at org.apache.ratis.thirdparty.io.netty.util.concurrent.SingleThreadEventExecutor$5.run(SingleThreadEventExecutor.java:897)
	at org.apache.ratis.thirdparty.io.netty.util.concurrent.FastThreadLocalRunnable.run(FastThreadLocalRunnable.java:30)
	... 1 more
Caused by: java.net.ConnectException: Connection refused
	... 11 more
2019-07-13 20:37:16,186 INFO  impl.RaftServerImpl (RaftServerImpl.java:setRole(171)) - ac4886d7-4657-4eaa-a4f0-9d9681fb35b9:group-72DFDBB7E477 changes role from CANDIDATE to FOLLOWER at term 3 for DISCOVERED_A_NEW_TERM
2019-07-13 20:37:16,187 INFO  impl.RoleInfo (RoleInfo.java:shutdownLeaderElection(134)) - ac4886d7-4657-4eaa-a4f0-9d9681fb35b9: shutdown LeaderElection
2019-07-13 20:37:16,187 INFO  impl.RoleInfo (RoleInfo.java:updateAndGet(143)) - ac4886d7-4657-4eaa-a4f0-9d9681fb35b9: start FollowerState
2019-07-13 20:37:16,561 INFO  node.StaleNodeHandler (StaleNodeHandler.java:onMessage(58)) - Datanode ac4886d7-4657-4eaa-a4f0-9d9681fb35b9{ip: 192.168.5.168, host: trunk-nightly-6qp7m-2461138711, networkLocation: /default-rack, certSerialId: null} moved to stale state. Finalizing its pipelines [PipelineID=9b2efdae-10d3-4cda-8384-72dfdbb7e477, PipelineID=bae35619-b07a-4559-bbcb-8d2990709e07]
2019-07-13 20:37:16,561 INFO  pipeline.SCMPipelineManager (SCMPipelineManager.java:finalizeAndDestroyPipeline(309)) - destroying pipeline:Pipeline[ Id: 9b2efdae-10d3-4cda-8384-72dfdbb7e477, Nodes: df9f50e8-bd32-4f3b-ae1d-0a839bc9434d{ip: 192.168.5.168, host: trunk-nightly-6qp7m-2461138711, networkLocation: /default-rack, certSerialId: null}ac4886d7-4657-4eaa-a4f0-9d9681fb35b9{ip: 192.168.5.168, host: trunk-nightly-6qp7m-2461138711, networkLocation: /default-rack, certSerialId: null}48ee16ca-761e-4141-a55c-dd081db6ecd0{ip: 192.168.5.168, host: trunk-nightly-6qp7m-2461138711, networkLocation: /default-rack, certSerialId: null}, Type:RATIS, Factor:THREE, State:CLOSED]
2019-07-13 20:37:16,562 INFO  pipeline.SCMPipelineManager (SCMPipelineManager.java:finalizeAndDestroyPipeline(309)) - destroying pipeline:Pipeline[ Id: bae35619-b07a-4559-bbcb-8d2990709e07, Nodes: ac4886d7-4657-4eaa-a4f0-9d9681fb35b9{ip: 192.168.5.168, host: trunk-nightly-6qp7m-2461138711, networkLocation: /default-rack, certSerialId: null}, Type:RATIS, Factor:ONE, State:OPEN]
2019-07-13 20:37:16,562 INFO  pipeline.PipelineStateManager (PipelineStateManager.java:finalizePipeline(123)) - Pipeline Pipeline[ Id: bae35619-b07a-4559-bbcb-8d2990709e07, Nodes: ac4886d7-4657-4eaa-a4f0-9d9681fb35b9{ip: 192.168.5.168, host: trunk-nightly-6qp7m-2461138711, networkLocation: /default-rack, certSerialId: null}, Type:RATIS, Factor:ONE, State:CLOSED] moved to CLOSED state
2019-07-13 20:37:17,062 INFO  node.StaleNodeHandler (StaleNodeHandler.java:onMessage(58)) - Datanode a6dfa705-7af2-43a8-a839-787b9abaa6e5{ip: 192.168.5.168, host: trunk-nightly-6qp7m-2461138711, networkLocation: /default-rack, certSerialId: null} moved to stale state. Finalizing its pipelines [PipelineID=a195431b-977b-496a-bc6f-ee371f6605c5, PipelineID=65e72158-8fe2-4aca-be3a-b49fbf119b19]
2019-07-13 20:37:17,062 INFO  pipeline.SCMPipelineManager (SCMPipelineManager.java:finalizeAndDestroyPipeline(309)) - destroying pipeline:Pipeline[ Id: a195431b-977b-496a-bc6f-ee371f6605c5, Nodes: 2c4950fd-1e5d-47b3-a656-44c486ef0704{ip: 192.168.5.168, host: trunk-nightly-6qp7m-2461138711, networkLocation: /default-rack, certSerialId: null}a6dfa705-7af2-43a8-a839-787b9abaa6e5{ip: 192.168.5.168, host: trunk-nightly-6qp7m-2461138711, networkLocation: /default-rack, certSerialId: null}65f6e63d-e463-4e76-8bb6-dba3a9205235{ip: 192.168.5.168, host: trunk-nightly-6qp7m-2461138711, networkLocation: /default-rack, certSerialId: null}, Type:RATIS, Factor:THREE, State:CLOSED]
2019-07-13 20:37:17,062 INFO  pipeline.SCMPipelineManager (SCMPipelineManager.java:finalizeAndDestroyPipeline(309)) - destroying pipeline:Pipeline[ Id: 65e72158-8fe2-4aca-be3a-b49fbf119b19, Nodes: a6dfa705-7af2-43a8-a839-787b9abaa6e5{ip: 192.168.5.168, host: trunk-nightly-6qp7m-2461138711, networkLocation: /default-rack, certSerialId: null}, Type:RATIS, Factor:ONE, State:OPEN]
2019-07-13 20:37:17,062 INFO  pipeline.PipelineStateManager (PipelineStateManager.java:finalizePipeline(123)) - Pipeline Pipeline[ Id: 65e72158-8fe2-4aca-be3a-b49fbf119b19, Nodes: a6dfa705-7af2-43a8-a839-787b9abaa6e5{ip: 192.168.5.168, host: trunk-nightly-6qp7m-2461138711, networkLocation: /default-rack, certSerialId: null}, Type:RATIS, Factor:ONE, State:CLOSED] moved to CLOSED state
2019-07-13 20:37:17,334 INFO  ozoneimpl.OzoneContainer (OzoneContainer.java:stop(199)) - Attempting to stop container services.
2019-07-13 20:37:17,334 INFO  ozoneimpl.OzoneContainer (OzoneContainer.java:stop(199)) - Attempting to stop container services.
2019-07-13 20:37:17,334 INFO  impl.RaftServerProxy (RaftServerProxy.java:lambda$close$4(314)) - ac4886d7-4657-4eaa-a4f0-9d9681fb35b9: close
2019-07-13 20:37:17,336 INFO  impl.RaftServerProxy (RaftServerProxy.java:lambda$close$4(314)) - a6dfa705-7af2-43a8-a839-787b9abaa6e5: close
2019-07-13 20:37:17,336 INFO  impl.RaftServerImpl (RaftServerImpl.java:lambda$shutdown$3(245)) - ac4886d7-4657-4eaa-a4f0-9d9681fb35b9: shutdown group-72DFDBB7E477
2019-07-13 20:37:17,337 INFO  impl.RaftServerImpl (RaftServerImpl.java:lambda$shutdown$3(245)) - a6dfa705-7af2-43a8-a839-787b9abaa6e5: shutdown group-EE371F6605C5
2019-07-13 20:37:17,337 INFO  util.JmxRegister (JmxRegister.java:unregister(73)) - Successfully un-registered JMX Bean with object name Ratis:service=RaftServer,group=group-72DFDBB7E477,id=ac4886d7-4657-4eaa-a4f0-9d9681fb35b9
2019-07-13 20:37:17,338 INFO  util.JmxRegister (JmxRegister.java:unregister(73)) - Successfully un-registered JMX Bean with object name Ratis:service=RaftServer,group=group-EE371F6605C5,id=a6dfa705-7af2-43a8-a839-787b9abaa6e5
2019-07-13 20:37:17,338 INFO  impl.RoleInfo (RoleInfo.java:shutdownFollowerState(121)) - ac4886d7-4657-4eaa-a4f0-9d9681fb35b9: shutdown FollowerState
2019-07-13 20:37:17,338 INFO  impl.RoleInfo (RoleInfo.java:shutdownFollowerState(121)) - a6dfa705-7af2-43a8-a839-787b9abaa6e5: shutdown FollowerState
2019-07-13 20:37:17,339 INFO  ratis.ContainerStateMachine (ContainerStateMachine.java:takeSnapshot(246)) - Taking snapshot at termIndex:(t:1, i:14)
2019-07-13 20:37:17,339 INFO  ratis.ContainerStateMachine (ContainerStateMachine.java:takeSnapshot(246)) - Taking snapshot at termIndex:(t:1, i:14)
2019-07-13 20:37:17,339 INFO  impl.FollowerState (FollowerState.java:run(114)) - ac4886d7-4657-4eaa-a4f0-9d9681fb35b9: FollowerState was interrupted: java.lang.InterruptedException: sleep interrupted
2019-07-13 20:37:17,339 INFO  impl.StateMachineUpdater (StateMachineUpdater.java:stopAndJoin(115)) - StateMachineUpdater:ac4886d7-4657-4eaa-a4f0-9d9681fb35b9:group-72DFDBB7E477: set stopIndex = 18
2019-07-13 20:37:17,339 INFO  ratis.ContainerStateMachine (ContainerStateMachine.java:takeSnapshot(250)) - Taking a snapshot to file /tmp/workdir/hadoop-ozone/integration-test/target/test-dir/MiniOzoneClusterImpl-16e5dc73-174f-42e0-b18c-cc1c204265a8/datanode-3/data/ratis/a195431b-977b-496a-bc6f-ee371f6605c5/sm/snapshot.1_14
2019-07-13 20:37:17,339 INFO  impl.FollowerState (FollowerState.java:run(114)) - a6dfa705-7af2-43a8-a839-787b9abaa6e5: FollowerState was interrupted: java.lang.InterruptedException: sleep interrupted
2019-07-13 20:37:17,339 INFO  ratis.ContainerStateMachine (ContainerStateMachine.java:takeSnapshot(250)) - Taking a snapshot to file /tmp/workdir/hadoop-ozone/integration-test/target/test-dir/MiniOzoneClusterImpl-16e5dc73-174f-42e0-b18c-cc1c204265a8/datanode-0/data/ratis/9b2efdae-10d3-4cda-8384-72dfdbb7e477/sm/snapshot.1_14
2019-07-13 20:37:17,339 INFO  impl.StateMachineUpdater (StateMachineUpdater.java:stopAndJoin(115)) - StateMachineUpdater:a6dfa705-7af2-43a8-a839-787b9abaa6e5:group-EE371F6605C5: set stopIndex = 16
2019-07-13 20:37:17,345 INFO  impl.StateMachineUpdater (StateMachineUpdater.java:takeSnapshot(242)) - StateMachineUpdater:ac4886d7-4657-4eaa-a4f0-9d9681fb35b9:group-72DFDBB7E477: Took a snapshot at index 14
2019-07-13 20:37:17,345 INFO  impl.StateMachineUpdater (StateMachineUpdater.java:takeSnapshot(242)) - StateMachineUpdater:a6dfa705-7af2-43a8-a839-787b9abaa6e5:group-EE371F6605C5: Took a snapshot at index 14
2019-07-13 20:37:17,346 INFO  impl.StateMachineUpdater (StateMachineUpdater.java:lambda$new$0(80)) - StateMachineUpdater:ac4886d7-4657-4eaa-a4f0-9d9681fb35b9:group-72DFDBB7E477: snapshotIndex: updateIncreasingly -1 -> 14
2019-07-13 20:37:17,346 INFO  impl.StateMachineUpdater (StateMachineUpdater.java:lambda$new$0(80)) - StateMachineUpdater:a6dfa705-7af2-43a8-a839-787b9abaa6e5:group-EE371F6605C5: snapshotIndex: updateIncreasingly -1 -> 14
2019-07-13 20:37:17,346 INFO  impl.RaftServerImpl (ServerState.java:close(394)) - ac4886d7-4657-4eaa-a4f0-9d9681fb35b9:group-72DFDBB7E477 closes. The last applied log index is 18
2019-07-13 20:37:17,346 INFO  impl.RaftServerImpl (ServerState.java:close(394)) - a6dfa705-7af2-43a8-a839-787b9abaa6e5:group-EE371F6605C5 closes. The last applied log index is 16
2019-07-13 20:37:17,347 INFO  segmented.SegmentedRaftLogWorker (SegmentedRaftLogWorker.java:run(313)) - ac4886d7-4657-4eaa-a4f0-9d9681fb35b9-SegmentedRaftLogWorker:Storage Directory /tmp/workdir/hadoop-ozone/integration-test/target/test-dir/MiniOzoneClusterImpl-16e5dc73-174f-42e0-b18c-cc1c204265a8/datanode-0/data/ratis/9b2efdae-10d3-4cda-8384-72dfdbb7e477 was interrupted, exiting. There are 0 tasks remaining in the queue.
2019-07-13 20:37:17,347 INFO  segmented.SegmentedRaftLogWorker (SegmentedRaftLogWorker.java:run(313)) - a6dfa705-7af2-43a8-a839-787b9abaa6e5-SegmentedRaftLogWorker:Storage Directory /tmp/workdir/hadoop-ozone/integration-test/target/test-dir/MiniOzoneClusterImpl-16e5dc73-174f-42e0-b18c-cc1c204265a8/datanode-3/data/ratis/a195431b-977b-496a-bc6f-ee371f6605c5 was interrupted, exiting. There are 0 tasks remaining in the queue.
2019-07-13 20:37:17,351 INFO  segmented.SegmentedRaftLogWorker (SegmentedRaftLogWorker.java:close(228)) - ac4886d7-4657-4eaa-a4f0-9d9681fb35b9-SegmentedRaftLogWorker:Storage Directory /tmp/workdir/hadoop-ozone/integration-test/target/test-dir/MiniOzoneClusterImpl-16e5dc73-174f-42e0-b18c-cc1c204265a8/datanode-0/data/ratis/9b2efdae-10d3-4cda-8384-72dfdbb7e477 close()
2019-07-13 20:37:17,351 INFO  segmented.SegmentedRaftLogWorker (SegmentedRaftLogWorker.java:close(228)) - a6dfa705-7af2-43a8-a839-787b9abaa6e5-SegmentedRaftLogWorker:Storage Directory /tmp/workdir/hadoop-ozone/integration-test/target/test-dir/MiniOzoneClusterImpl-16e5dc73-174f-42e0-b18c-cc1c204265a8/datanode-3/data/ratis/a195431b-977b-496a-bc6f-ee371f6605c5 close()
2019-07-13 20:37:17,355 INFO  impl.RaftServerImpl (RaftServerImpl.java:lambda$shutdown$3(245)) - ac4886d7-4657-4eaa-a4f0-9d9681fb35b9: shutdown group-8D2990709E07
2019-07-13 20:37:17,358 INFO  impl.RaftServerImpl (RaftServerImpl.java:lambda$shutdown$3(245)) - a6dfa705-7af2-43a8-a839-787b9abaa6e5: shutdown group-B49FBF119B19
2019-07-13 20:37:17,359 INFO  util.JmxRegister (JmxRegister.java:unregister(73)) - Successfully un-registered JMX Bean with object name Ratis:service=RaftServer,group=group-8D2990709E07,id=ac4886d7-4657-4eaa-a4f0-9d9681fb35b9
2019-07-13 20:37:17,359 INFO  util.JmxRegister (JmxRegister.java:unregister(73)) - Successfully un-registered JMX Bean with object name Ratis:service=RaftServer,group=group-B49FBF119B19,id=a6dfa705-7af2-43a8-a839-787b9abaa6e5
2019-07-13 20:37:17,360 INFO  impl.RoleInfo (RoleInfo.java:shutdownLeaderState(104)) - a6dfa705-7af2-43a8-a839-787b9abaa6e5: shutdown LeaderState
2019-07-13 20:37:17,359 INFO  impl.RoleInfo (RoleInfo.java:shutdownLeaderState(104)) - ac4886d7-4657-4eaa-a4f0-9d9681fb35b9: shutdown LeaderState
2019-07-13 20:37:17,360 INFO  impl.PendingRequests (PendingRequests.java:sendNotLeaderResponses(202)) - a6dfa705-7af2-43a8-a839-787b9abaa6e5-PendingRequests: sendNotLeaderResponses
2019-07-13 20:37:17,361 INFO  impl.PendingRequests (PendingRequests.java:sendNotLeaderResponses(202)) - ac4886d7-4657-4eaa-a4f0-9d9681fb35b9-PendingRequests: sendNotLeaderResponses
2019-07-13 20:37:17,361 INFO  ratis.ContainerStateMachine (ContainerStateMachine.java:takeSnapshot(246)) - Taking snapshot at termIndex:(t:0, i:~)
2019-07-13 20:37:17,362 INFO  impl.StateMachineUpdater (StateMachineUpdater.java:stopAndJoin(115)) - StateMachineUpdater:ac4886d7-4657-4eaa-a4f0-9d9681fb35b9:group-8D2990709E07: set stopIndex = 0
2019-07-13 20:37:17,361 INFO  impl.StateMachineUpdater (StateMachineUpdater.java:stopAndJoin(115)) - StateMachineUpdater:a6dfa705-7af2-43a8-a839-787b9abaa6e5:group-B49FBF119B19: set stopIndex = 0
2019-07-13 20:37:17,362 INFO  impl.RaftServerImpl (ServerState.java:close(394)) - a6dfa705-7af2-43a8-a839-787b9abaa6e5:group-B49FBF119B19 closes. The last applied log index is 0
2019-07-13 20:37:17,362 INFO  ratis.ContainerStateMachine (ContainerStateMachine.java:takeSnapshot(246)) - Taking snapshot at termIndex:(t:0, i:~)
2019-07-13 20:37:17,363 INFO  segmented.SegmentedRaftLogWorker (SegmentedRaftLogWorker.java:run(313)) - a6dfa705-7af2-43a8-a839-787b9abaa6e5-SegmentedRaftLogWorker:Storage Directory /tmp/workdir/hadoop-ozone/integration-test/target/test-dir/MiniOzoneClusterImpl-16e5dc73-174f-42e0-b18c-cc1c204265a8/datanode-3/data/ratis/65e72158-8fe2-4aca-be3a-b49fbf119b19 was interrupted, exiting. There are 0 tasks remaining in the queue.
2019-07-13 20:37:17,363 INFO  impl.RaftServerImpl (ServerState.java:close(394)) - ac4886d7-4657-4eaa-a4f0-9d9681fb35b9:group-8D2990709E07 closes. The last applied log index is 0
2019-07-13 20:37:17,365 INFO  segmented.SegmentedRaftLogWorker (SegmentedRaftLogWorker.java:close(228)) - a6dfa705-7af2-43a8-a839-787b9abaa6e5-SegmentedRaftLogWorker:Storage Directory /tmp/workdir/hadoop-ozone/integration-test/target/test-dir/MiniOzoneClusterImpl-16e5dc73-174f-42e0-b18c-cc1c204265a8/datanode-3/data/ratis/65e72158-8fe2-4aca-be3a-b49fbf119b19 close()
2019-07-13 20:37:17,365 INFO  segmented.SegmentedRaftLogWorker (SegmentedRaftLogWorker.java:run(313)) - ac4886d7-4657-4eaa-a4f0-9d9681fb35b9-SegmentedRaftLogWorker:Storage Directory /tmp/workdir/hadoop-ozone/integration-test/target/test-dir/MiniOzoneClusterImpl-16e5dc73-174f-42e0-b18c-cc1c204265a8/datanode-0/data/ratis/bae35619-b07a-4559-bbcb-8d2990709e07 was interrupted, exiting. There are 0 tasks remaining in the queue.
2019-07-13 20:37:17,369 INFO  server.GrpcService (GrpcService.java:closeImpl(155)) - a6dfa705-7af2-43a8-a839-787b9abaa6e5: shutdown server with port 36229 now
2019-07-13 20:37:17,371 INFO  segmented.SegmentedRaftLogWorker (SegmentedRaftLogWorker.java:close(228)) - ac4886d7-4657-4eaa-a4f0-9d9681fb35b9-SegmentedRaftLogWorker:Storage Directory /tmp/workdir/hadoop-ozone/integration-test/target/test-dir/MiniOzoneClusterImpl-16e5dc73-174f-42e0-b18c-cc1c204265a8/datanode-0/data/ratis/bae35619-b07a-4559-bbcb-8d2990709e07 close()
2019-07-13 20:37:17,371 INFO  server.GrpcService (GrpcService.java:closeImpl(163)) - a6dfa705-7af2-43a8-a839-787b9abaa6e5: shutdown server with port 36229 successfully
2019-07-13 20:37:17,375 INFO  server.GrpcService (GrpcService.java:closeImpl(155)) - ac4886d7-4657-4eaa-a4f0-9d9681fb35b9: shutdown server with port 34537 now
2019-07-13 20:37:17,376 INFO  server.GrpcService (GrpcService.java:closeImpl(163)) - ac4886d7-4657-4eaa-a4f0-9d9681fb35b9: shutdown server with port 34537 successfully
2019-07-13 20:37:17,380 INFO  utils.BackgroundService (BackgroundService.java:shutdown(148)) - Shutting down service BlockDeletingService
2019-07-13 20:37:17,384 INFO  utils.BackgroundService (BackgroundService.java:shutdown(148)) - Shutting down service BlockDeletingService
2019-07-13 20:37:17,384 WARN  fs.CachingGetSpaceUsed (CachingGetSpaceUsed.java:run(183)) - Thread Interrupted waiting to refresh disk information: sleep interrupted
2019-07-13 20:37:17,387 WARN  fs.CachingGetSpaceUsed (CachingGetSpaceUsed.java:run(183)) - Thread Interrupted waiting to refresh disk information: sleep interrupted
2019-07-13 20:37:17,409 INFO  statemachine.DatanodeStateMachine (DatanodeStateMachine.java:stopDaemon(395)) - Ozone container server stopped.
2019-07-13 20:37:17,409 INFO  statemachine.DatanodeStateMachine (DatanodeStateMachine.java:stopDaemon(395)) - Ozone container server stopped.
2019-07-13 20:37:17,413 INFO  handler.ContextHandler (ContextHandler.java:doStop(910)) - Stopped o.e.j.w.WebAppContext@7712c315{/,null,UNAVAILABLE}{/hddsDatanode}
2019-07-13 20:37:17,414 INFO  handler.ContextHandler (ContextHandler.java:doStop(910)) - Stopped o.e.j.w.WebAppContext@7cd2d3b6{/,null,UNAVAILABLE}{/hddsDatanode}
2019-07-13 20:37:17,415 INFO  server.AbstractConnector (AbstractConnector.java:doStop(318)) - Stopped ServerConnector@5a9a187b{HTTP/1.1,[http/1.1]}{0.0.0.0:0}
2019-07-13 20:37:17,415 INFO  server.AbstractConnector (AbstractConnector.java:doStop(318)) - Stopped ServerConnector@7f922523{HTTP/1.1,[http/1.1]}{0.0.0.0:0}
2019-07-13 20:37:17,415 INFO  handler.ContextHandler (ContextHandler.java:doStop(910)) - Stopped o.e.j.s.ServletContextHandler@2250deae{/static,jar:file:/home/user/.m2/repository/org/apache/hadoop/hadoop-hdds-container-service/0.5.0-SNAPSHOT/hadoop-hdds-container-service-0.5.0-SNAPSHOT.jar!/webapps/static,UNAVAILABLE}
2019-07-13 20:37:17,417 INFO  handler.ContextHandler (ContextHandler.java:doStop(910)) - Stopped o.e.j.s.ServletContextHandler@3a0f5141{/static,jar:file:/home/user/.m2/repository/org/apache/hadoop/hadoop-hdds-container-service/0.5.0-SNAPSHOT/hadoop-hdds-container-service-0.5.0-SNAPSHOT.jar!/webapps/static,UNAVAILABLE}
2019-07-13 20:37:17,417 INFO  handler.ContextHandler (ContextHandler.java:doStop(910)) - Stopped o.e.j.s.ServletContextHandler@64b242b3{/logs,file:///tmp/workdir/hadoop-ozone/integration-test/target/log,UNAVAILABLE}
2019-07-13 20:37:17,419 INFO  handler.ContextHandler (ContextHandler.java:doStop(910)) - Stopped o.e.j.s.ServletContextHandler@113a89c5{/logs,file:///tmp/workdir/hadoop-ozone/integration-test/target/log,UNAVAILABLE}
2019-07-13 20:37:17,420 INFO  datanode.ObjectStoreHandler (ObjectStoreHandler.java:close(155)) - Closing ObjectStoreHandler.
2019-07-13 20:37:17,421 INFO  datanode.ObjectStoreHandler (ObjectStoreHandler.java:close(155)) - Closing ObjectStoreHandler.
2019-07-13 20:37:17,421 INFO  ozone.HddsDatanodeService (HddsDatanodeService.java:stop(452)) - Stopped plug-in org.apache.hadoop.ozone.web.OzoneHddsDatanodeService@446dc997
2019-07-13 20:37:17,421 INFO  ozone.HddsDatanodeService (HddsDatanodeService.java:stop(452)) - Stopped plug-in org.apache.hadoop.ozone.web.OzoneHddsDatanodeService@77035caa
2019-07-13 20:37:18,051 INFO  statemachine.DatanodeStateMachine (DatanodeStateMachine.java:lambda$startDaemon$0(350)) - Ozone container server started.
2019-07-13 20:37:18,283 INFO  statemachine.DatanodeStateMachine (DatanodeStateMachine.java:lambda$startDaemon$0(350)) - Ozone container server started.
2019-07-13 20:37:21,882 INFO  impl.FollowerState (FollowerState.java:run(106)) - 2c4950fd-1e5d-47b3-a656-44c486ef0704:group-EE371F6605C5 changes to CANDIDATE, lastRpcTime:9719, electionTimeout:5155ms
2019-07-13 20:37:21,882 INFO  impl.RoleInfo (RoleInfo.java:shutdownFollowerState(121)) - 2c4950fd-1e5d-47b3-a656-44c486ef0704: shutdown FollowerState
2019-07-13 20:37:21,882 INFO  impl.RaftServerImpl (RaftServerImpl.java:setRole(171)) - 2c4950fd-1e5d-47b3-a656-44c486ef0704:group-EE371F6605C5 changes role from FOLLOWER to CANDIDATE at term 1 for changeToCandidate
2019-07-13 20:37:21,883 INFO  impl.RoleInfo (RoleInfo.java:updateAndGet(143)) - 2c4950fd-1e5d-47b3-a656-44c486ef0704: start LeaderElection
2019-07-13 20:37:21,891 INFO  impl.RaftServerImpl (ServerState.java:setLeader(263)) - 2c4950fd-1e5d-47b3-a656-44c486ef0704:group-EE371F6605C5 change Leader from 65f6e63d-e463-4e76-8bb6-dba3a9205235 to null at term 1 for initElection
2019-07-13 20:37:21,903 INFO  impl.LeaderElection (LeaderElection.java:askForVotes(181)) - 2c4950fd-1e5d-47b3-a656-44c486ef0704:group-EE371F6605C5:LeaderElection74: begin an election at term 2 for 0: [65f6e63d-e463-4e76-8bb6-dba3a9205235:192.168.5.168:44436, 2c4950fd-1e5d-47b3-a656-44c486ef0704:192.168.5.168:45212, a6dfa705-7af2-43a8-a839-787b9abaa6e5:192.168.5.168:36229], old=null
2019-07-13 20:37:21,907 INFO  impl.LeaderElection (LogUtils.java:infoOrTrace(149)) - 2c4950fd-1e5d-47b3-a656-44c486ef0704:group-EE371F6605C5:LeaderElection74 got exception when requesting votes: {}
java.util.concurrent.ExecutionException: org.apache.ratis.thirdparty.io.grpc.StatusRuntimeException: UNAVAILABLE: io exception
	at java.util.concurrent.FutureTask.report(FutureTask.java:122)
	at java.util.concurrent.FutureTask.get(FutureTask.java:192)
	at org.apache.ratis.server.impl.LeaderElection.waitForResults(LeaderElection.java:262)
	at org.apache.ratis.server.impl.LeaderElection.askForVotes(LeaderElection.java:200)
	at org.apache.ratis.server.impl.LeaderElection.run(LeaderElection.java:130)
	at java.lang.Thread.run(Thread.java:748)
Caused by: org.apache.ratis.thirdparty.io.grpc.StatusRuntimeException: UNAVAILABLE: io exception
	at org.apache.ratis.thirdparty.io.grpc.stub.ClientCalls.toStatusRuntimeException(ClientCalls.java:233)
	at org.apache.ratis.thirdparty.io.grpc.stub.ClientCalls.getUnchecked(ClientCalls.java:214)
	at org.apache.ratis.thirdparty.io.grpc.stub.ClientCalls.blockingUnaryCall(ClientCalls.java:139)
	at org.apache.ratis.proto.grpc.RaftServerProtocolServiceGrpc$RaftServerProtocolServiceBlockingStub.requestVote(RaftServerProtocolServiceGrpc.java:265)
	at org.apache.ratis.grpc.server.GrpcServerProtocolClient.requestVote(GrpcServerProtocolClient.java:83)
	at org.apache.ratis.grpc.server.GrpcService.requestVote(GrpcService.java:195)
	at org.apache.ratis.server.impl.LeaderElection.lambda$submitRequests$1(LeaderElection.java:237)
	at java.util.concurrent.FutureTask.run(FutureTask.java:266)
	at java.util.concurrent.Executors$RunnableAdapter.call(Executors.java:511)
	at java.util.concurrent.FutureTask.run(FutureTask.java:266)
	at java.util.concurrent.ThreadPoolExecutor.runWorker(ThreadPoolExecutor.java:1149)
	at java.util.concurrent.ThreadPoolExecutor$Worker.run(ThreadPoolExecutor.java:624)
	... 1 more
Caused by: org.apache.ratis.thirdparty.io.netty.channel.AbstractChannel$AnnotatedConnectException: Connection refused: /192.168.5.168:44436
	at sun.nio.ch.SocketChannelImpl.checkConnect(Native Method)
	at sun.nio.ch.SocketChannelImpl.finishConnect(SocketChannelImpl.java:717)
	at org.apache.ratis.thirdparty.io.netty.channel.socket.nio.NioSocketChannel.doFinishConnect(NioSocketChannel.java:327)
	at org.apache.ratis.thirdparty.io.netty.channel.nio.AbstractNioChannel$AbstractNioUnsafe.finishConnect(AbstractNioChannel.java:340)
	at org.apache.ratis.thirdparty.io.netty.channel.nio.NioEventLoop.processSelectedKey(NioEventLoop.java:632)
	at org.apache.ratis.thirdparty.io.netty.channel.nio.NioEventLoop.processSelectedKeysOptimized(NioEventLoop.java:579)
	at org.apache.ratis.thirdparty.io.netty.channel.nio.NioEventLoop.processSelectedKeys(NioEventLoop.java:496)
	at org.apache.ratis.thirdparty.io.netty.channel.nio.NioEventLoop.run(NioEventLoop.java:458)
	at org.apache.ratis.thirdparty.io.netty.util.concurrent.SingleThreadEventExecutor$5.run(SingleThreadEventExecutor.java:897)
	at org.apache.ratis.thirdparty.io.netty.util.concurrent.FastThreadLocalRunnable.run(FastThreadLocalRunnable.java:30)
	... 1 more
Caused by: java.net.ConnectException: Connection refused
	... 11 more
2019-07-13 20:37:21,909 INFO  impl.LeaderElection (LogUtils.java:infoOrTrace(149)) - 2c4950fd-1e5d-47b3-a656-44c486ef0704:group-EE371F6605C5:LeaderElection74 got exception when requesting votes: {}
java.util.concurrent.ExecutionException: org.apache.ratis.thirdparty.io.grpc.StatusRuntimeException: UNAVAILABLE: io exception
	at java.util.concurrent.FutureTask.report(FutureTask.java:122)
	at java.util.concurrent.FutureTask.get(FutureTask.java:192)
	at org.apache.ratis.server.impl.LeaderElection.waitForResults(LeaderElection.java:262)
	at org.apache.ratis.server.impl.LeaderElection.askForVotes(LeaderElection.java:200)
	at org.apache.ratis.server.impl.LeaderElection.run(LeaderElection.java:130)
	at java.lang.Thread.run(Thread.java:748)
Caused by: org.apache.ratis.thirdparty.io.grpc.StatusRuntimeException: UNAVAILABLE: io exception
	at org.apache.ratis.thirdparty.io.grpc.stub.ClientCalls.toStatusRuntimeException(ClientCalls.java:233)
	at org.apache.ratis.thirdparty.io.grpc.stub.ClientCalls.getUnchecked(ClientCalls.java:214)
	at org.apache.ratis.thirdparty.io.grpc.stub.ClientCalls.blockingUnaryCall(ClientCalls.java:139)
	at org.apache.ratis.proto.grpc.RaftServerProtocolServiceGrpc$RaftServerProtocolServiceBlockingStub.requestVote(RaftServerProtocolServiceGrpc.java:265)
	at org.apache.ratis.grpc.server.GrpcServerProtocolClient.requestVote(GrpcServerProtocolClient.java:83)
	at org.apache.ratis.grpc.server.GrpcService.requestVote(GrpcService.java:195)
	at org.apache.ratis.server.impl.LeaderElection.lambda$submitRequests$1(LeaderElection.java:237)
	at java.util.concurrent.FutureTask.run(FutureTask.java:266)
	at java.util.concurrent.Executors$RunnableAdapter.call(Executors.java:511)
	at java.util.concurrent.FutureTask.run(FutureTask.java:266)
	at java.util.concurrent.ThreadPoolExecutor.runWorker(ThreadPoolExecutor.java:1149)
	at java.util.concurrent.ThreadPoolExecutor$Worker.run(ThreadPoolExecutor.java:624)
	... 1 more
Caused by: org.apache.ratis.thirdparty.io.netty.channel.AbstractChannel$AnnotatedConnectException: Connection refused: /192.168.5.168:36229
	at sun.nio.ch.SocketChannelImpl.checkConnect(Native Method)
	at sun.nio.ch.SocketChannelImpl.finishConnect(SocketChannelImpl.java:717)
	at org.apache.ratis.thirdparty.io.netty.channel.socket.nio.NioSocketChannel.doFinishConnect(NioSocketChannel.java:327)
	at org.apache.ratis.thirdparty.io.netty.channel.nio.AbstractNioChannel$AbstractNioUnsafe.finishConnect(AbstractNioChannel.java:340)
	at org.apache.ratis.thirdparty.io.netty.channel.nio.NioEventLoop.processSelectedKey(NioEventLoop.java:632)
	at org.apache.ratis.thirdparty.io.netty.channel.nio.NioEventLoop.processSelectedKeysOptimized(NioEventLoop.java:579)
	at org.apache.ratis.thirdparty.io.netty.channel.nio.NioEventLoop.processSelectedKeys(NioEventLoop.java:496)
	at org.apache.ratis.thirdparty.io.netty.channel.nio.NioEventLoop.run(NioEventLoop.java:458)
	at org.apache.ratis.thirdparty.io.netty.util.concurrent.SingleThreadEventExecutor$5.run(SingleThreadEventExecutor.java:897)
	at org.apache.ratis.thirdparty.io.netty.util.concurrent.FastThreadLocalRunnable.run(FastThreadLocalRunnable.java:30)
	... 1 more
Caused by: java.net.ConnectException: Connection refused
	... 11 more
2019-07-13 20:37:21,911 INFO  impl.LeaderElection (LeaderElection.java:logAndReturn(56)) - 2c4950fd-1e5d-47b3-a656-44c486ef0704:group-EE371F6605C5:LeaderElection74: Election REJECTED; received 0 response(s) [] and 2 exception(s); 2c4950fd-1e5d-47b3-a656-44c486ef0704:t2, leader=null, voted=2c4950fd-1e5d-47b3-a656-44c486ef0704, raftlog=2c4950fd-1e5d-47b3-a656-44c486ef0704-SegmentedRaftLog:OPENED:c16,f16,i16, conf=0: [65f6e63d-e463-4e76-8bb6-dba3a9205235:192.168.5.168:44436, 2c4950fd-1e5d-47b3-a656-44c486ef0704:192.168.5.168:45212, a6dfa705-7af2-43a8-a839-787b9abaa6e5:192.168.5.168:36229], old=null
2019-07-13 20:37:21,911 INFO  impl.LeaderElection (LogUtils.java:infoOrTrace(149)) -   Exception 0: {}
java.util.concurrent.ExecutionException: org.apache.ratis.thirdparty.io.grpc.StatusRuntimeException: UNAVAILABLE: io exception
	at java.util.concurrent.FutureTask.report(FutureTask.java:122)
	at java.util.concurrent.FutureTask.get(FutureTask.java:192)
	at org.apache.ratis.server.impl.LeaderElection.waitForResults(LeaderElection.java:262)
	at org.apache.ratis.server.impl.LeaderElection.askForVotes(LeaderElection.java:200)
	at org.apache.ratis.server.impl.LeaderElection.run(LeaderElection.java:130)
	at java.lang.Thread.run(Thread.java:748)
Caused by: org.apache.ratis.thirdparty.io.grpc.StatusRuntimeException: UNAVAILABLE: io exception
	at org.apache.ratis.thirdparty.io.grpc.stub.ClientCalls.toStatusRuntimeException(ClientCalls.java:233)
	at org.apache.ratis.thirdparty.io.grpc.stub.ClientCalls.getUnchecked(ClientCalls.java:214)
	at org.apache.ratis.thirdparty.io.grpc.stub.ClientCalls.blockingUnaryCall(ClientCalls.java:139)
	at org.apache.ratis.proto.grpc.RaftServerProtocolServiceGrpc$RaftServerProtocolServiceBlockingStub.requestVote(RaftServerProtocolServiceGrpc.java:265)
	at org.apache.ratis.grpc.server.GrpcServerProtocolClient.requestVote(GrpcServerProtocolClient.java:83)
	at org.apache.ratis.grpc.server.GrpcService.requestVote(GrpcService.java:195)
	at org.apache.ratis.server.impl.LeaderElection.lambda$submitRequests$1(LeaderElection.java:237)
	at java.util.concurrent.FutureTask.run(FutureTask.java:266)
	at java.util.concurrent.Executors$RunnableAdapter.call(Executors.java:511)
	at java.util.concurrent.FutureTask.run(FutureTask.java:266)
	at java.util.concurrent.ThreadPoolExecutor.runWorker(ThreadPoolExecutor.java:1149)
	at java.util.concurrent.ThreadPoolExecutor$Worker.run(ThreadPoolExecutor.java:624)
	... 1 more
Caused by: org.apache.ratis.thirdparty.io.netty.channel.AbstractChannel$AnnotatedConnectException: Connection refused: /192.168.5.168:44436
	at sun.nio.ch.SocketChannelImpl.checkConnect(Native Method)
	at sun.nio.ch.SocketChannelImpl.finishConnect(SocketChannelImpl.java:717)
	at org.apache.ratis.thirdparty.io.netty.channel.socket.nio.NioSocketChannel.doFinishConnect(NioSocketChannel.java:327)
	at org.apache.ratis.thirdparty.io.netty.channel.nio.AbstractNioChannel$AbstractNioUnsafe.finishConnect(AbstractNioChannel.java:340)
	at org.apache.ratis.thirdparty.io.netty.channel.nio.NioEventLoop.processSelectedKey(NioEventLoop.java:632)
	at org.apache.ratis.thirdparty.io.netty.channel.nio.NioEventLoop.processSelectedKeysOptimized(NioEventLoop.java:579)
	at org.apache.ratis.thirdparty.io.netty.channel.nio.NioEventLoop.processSelectedKeys(NioEventLoop.java:496)
	at org.apache.ratis.thirdparty.io.netty.channel.nio.NioEventLoop.run(NioEventLoop.java:458)
	at org.apache.ratis.thirdparty.io.netty.util.concurrent.SingleThreadEventExecutor$5.run(SingleThreadEventExecutor.java:897)
	at org.apache.ratis.thirdparty.io.netty.util.concurrent.FastThreadLocalRunnable.run(FastThreadLocalRunnable.java:30)
	... 1 more
Caused by: java.net.ConnectException: Connection refused
	... 11 more
2019-07-13 20:37:21,911 INFO  impl.LeaderElection (LogUtils.java:infoOrTrace(149)) -   Exception 1: {}
java.util.concurrent.ExecutionException: org.apache.ratis.thirdparty.io.grpc.StatusRuntimeException: UNAVAILABLE: io exception
	at java.util.concurrent.FutureTask.report(FutureTask.java:122)
	at java.util.concurrent.FutureTask.get(FutureTask.java:192)
	at org.apache.ratis.server.impl.LeaderElection.waitForResults(LeaderElection.java:262)
	at org.apache.ratis.server.impl.LeaderElection.askForVotes(LeaderElection.java:200)
	at org.apache.ratis.server.impl.LeaderElection.run(LeaderElection.java:130)
	at java.lang.Thread.run(Thread.java:748)
Caused by: org.apache.ratis.thirdparty.io.grpc.StatusRuntimeException: UNAVAILABLE: io exception
	at org.apache.ratis.thirdparty.io.grpc.stub.ClientCalls.toStatusRuntimeException(ClientCalls.java:233)
	at org.apache.ratis.thirdparty.io.grpc.stub.ClientCalls.getUnchecked(ClientCalls.java:214)
	at org.apache.ratis.thirdparty.io.grpc.stub.ClientCalls.blockingUnaryCall(ClientCalls.java:139)
	at org.apache.ratis.proto.grpc.RaftServerProtocolServiceGrpc$RaftServerProtocolServiceBlockingStub.requestVote(RaftServerProtocolServiceGrpc.java:265)
	at org.apache.ratis.grpc.server.GrpcServerProtocolClient.requestVote(GrpcServerProtocolClient.java:83)
	at org.apache.ratis.grpc.server.GrpcService.requestVote(GrpcService.java:195)
	at org.apache.ratis.server.impl.LeaderElection.lambda$submitRequests$1(LeaderElection.java:237)
	at java.util.concurrent.FutureTask.run(FutureTask.java:266)
	at java.util.concurrent.Executors$RunnableAdapter.call(Executors.java:511)
	at java.util.concurrent.FutureTask.run(FutureTask.java:266)
	at java.util.concurrent.ThreadPoolExecutor.runWorker(ThreadPoolExecutor.java:1149)
	at java.util.concurrent.ThreadPoolExecutor$Worker.run(ThreadPoolExecutor.java:624)
	... 1 more
Caused by: org.apache.ratis.thirdparty.io.netty.channel.AbstractChannel$AnnotatedConnectException: Connection refused: /192.168.5.168:36229
	at sun.nio.ch.SocketChannelImpl.checkConnect(Native Method)
	at sun.nio.ch.SocketChannelImpl.finishConnect(SocketChannelImpl.java:717)
	at org.apache.ratis.thirdparty.io.netty.channel.socket.nio.NioSocketChannel.doFinishConnect(NioSocketChannel.java:327)
	at org.apache.ratis.thirdparty.io.netty.channel.nio.AbstractNioChannel$AbstractNioUnsafe.finishConnect(AbstractNioChannel.java:340)
	at org.apache.ratis.thirdparty.io.netty.channel.nio.NioEventLoop.processSelectedKey(NioEventLoop.java:632)
	at org.apache.ratis.thirdparty.io.netty.channel.nio.NioEventLoop.processSelectedKeysOptimized(NioEventLoop.java:579)
	at org.apache.ratis.thirdparty.io.netty.channel.nio.NioEventLoop.processSelectedKeys(NioEventLoop.java:496)
	at org.apache.ratis.thirdparty.io.netty.channel.nio.NioEventLoop.run(NioEventLoop.java:458)
	at org.apache.ratis.thirdparty.io.netty.util.concurrent.SingleThreadEventExecutor$5.run(SingleThreadEventExecutor.java:897)
	at org.apache.ratis.thirdparty.io.netty.util.concurrent.FastThreadLocalRunnable.run(FastThreadLocalRunnable.java:30)
	... 1 more
Caused by: java.net.ConnectException: Connection refused
	... 11 more
2019-07-13 20:37:21,911 INFO  impl.RaftServerImpl (RaftServerImpl.java:setRole(171)) - 2c4950fd-1e5d-47b3-a656-44c486ef0704:group-EE371F6605C5 changes role from CANDIDATE to FOLLOWER at term 2 for DISCOVERED_A_NEW_TERM
2019-07-13 20:37:21,911 INFO  impl.RoleInfo (RoleInfo.java:shutdownLeaderElection(134)) - 2c4950fd-1e5d-47b3-a656-44c486ef0704: shutdown LeaderElection
2019-07-13 20:37:21,912 INFO  impl.RoleInfo (RoleInfo.java:updateAndGet(143)) - 2c4950fd-1e5d-47b3-a656-44c486ef0704: start FollowerState
2019-07-13 20:37:22,069 INFO  node.StaleNodeHandler (StaleNodeHandler.java:onMessage(58)) - Datanode 2c4950fd-1e5d-47b3-a656-44c486ef0704{ip: 192.168.5.168, host: trunk-nightly-6qp7m-2461138711, networkLocation: /default-rack, certSerialId: null} moved to stale state. Finalizing its pipelines [PipelineID=a195431b-977b-496a-bc6f-ee371f6605c5, PipelineID=48b26156-451b-449a-a580-aa704957962c]
2019-07-13 20:37:22,069 INFO  pipeline.SCMPipelineManager (SCMPipelineManager.java:finalizeAndDestroyPipeline(309)) - destroying pipeline:Pipeline[ Id: a195431b-977b-496a-bc6f-ee371f6605c5, Nodes: 2c4950fd-1e5d-47b3-a656-44c486ef0704{ip: 192.168.5.168, host: trunk-nightly-6qp7m-2461138711, networkLocation: /default-rack, certSerialId: null}a6dfa705-7af2-43a8-a839-787b9abaa6e5{ip: 192.168.5.168, host: trunk-nightly-6qp7m-2461138711, networkLocation: /default-rack, certSerialId: null}65f6e63d-e463-4e76-8bb6-dba3a9205235{ip: 192.168.5.168, host: trunk-nightly-6qp7m-2461138711, networkLocation: /default-rack, certSerialId: null}, Type:RATIS, Factor:THREE, State:CLOSED]
2019-07-13 20:37:22,069 INFO  pipeline.SCMPipelineManager (SCMPipelineManager.java:finalizeAndDestroyPipeline(309)) - destroying pipeline:Pipeline[ Id: 48b26156-451b-449a-a580-aa704957962c, Nodes: 2c4950fd-1e5d-47b3-a656-44c486ef0704{ip: 192.168.5.168, host: trunk-nightly-6qp7m-2461138711, networkLocation: /default-rack, certSerialId: null}, Type:RATIS, Factor:ONE, State:OPEN]
2019-07-13 20:37:22,069 INFO  pipeline.PipelineStateManager (PipelineStateManager.java:finalizePipeline(123)) - Pipeline Pipeline[ Id: 48b26156-451b-449a-a580-aa704957962c, Nodes: 2c4950fd-1e5d-47b3-a656-44c486ef0704{ip: 192.168.5.168, host: trunk-nightly-6qp7m-2461138711, networkLocation: /default-rack, certSerialId: null}, Type:RATIS, Factor:ONE, State:CLOSED] moved to CLOSED state
2019-07-13 20:37:22,369 INFO  node.StaleNodeHandler (StaleNodeHandler.java:onMessage(58)) - Datanode 7143e291-f33c-4113-a11b-5be6d385291d{ip: 192.168.5.168, host: trunk-nightly-6qp7m-2461138711, networkLocation: /default-rack, certSerialId: null} moved to stale state. Finalizing its pipelines [PipelineID=663ee9d2-7f97-424d-bb60-3e7252dd65c4]
2019-07-13 20:37:22,369 INFO  pipeline.SCMPipelineManager (SCMPipelineManager.java:finalizeAndDestroyPipeline(309)) - destroying pipeline:Pipeline[ Id: 663ee9d2-7f97-424d-bb60-3e7252dd65c4, Nodes: 7143e291-f33c-4113-a11b-5be6d385291d{ip: 192.168.5.168, host: trunk-nightly-6qp7m-2461138711, networkLocation: /default-rack, certSerialId: null}, Type:RATIS, Factor:ONE, State:OPEN]
2019-07-13 20:37:22,369 INFO  pipeline.PipelineStateManager (PipelineStateManager.java:finalizePipeline(123)) - Pipeline Pipeline[ Id: 663ee9d2-7f97-424d-bb60-3e7252dd65c4, Nodes: 7143e291-f33c-4113-a11b-5be6d385291d{ip: 192.168.5.168, host: trunk-nightly-6qp7m-2461138711, networkLocation: /default-rack, certSerialId: null}, Type:RATIS, Factor:ONE, State:CLOSED] moved to CLOSED state
2019-07-13 20:37:22,422 INFO  ozoneimpl.OzoneContainer (OzoneContainer.java:stop(199)) - Attempting to stop container services.
2019-07-13 20:37:22,422 INFO  ozoneimpl.OzoneContainer (OzoneContainer.java:stop(199)) - Attempting to stop container services.
2019-07-13 20:37:22,423 INFO  impl.RaftServerProxy (RaftServerProxy.java:lambda$close$4(314)) - 2c4950fd-1e5d-47b3-a656-44c486ef0704: close
2019-07-13 20:37:22,423 INFO  impl.RaftServerProxy (RaftServerProxy.java:lambda$close$4(314)) - 7143e291-f33c-4113-a11b-5be6d385291d: close
2019-07-13 20:37:22,423 INFO  impl.RaftServerImpl (RaftServerImpl.java:lambda$shutdown$3(245)) - 2c4950fd-1e5d-47b3-a656-44c486ef0704: shutdown group-EE371F6605C5
2019-07-13 20:37:22,424 INFO  impl.RaftServerImpl (RaftServerImpl.java:lambda$shutdown$3(245)) - 7143e291-f33c-4113-a11b-5be6d385291d: shutdown group-3E7252DD65C4
2019-07-13 20:37:22,424 INFO  util.JmxRegister (JmxRegister.java:unregister(73)) - Successfully un-registered JMX Bean with object name Ratis:service=RaftServer,group=group-EE371F6605C5,id=2c4950fd-1e5d-47b3-a656-44c486ef0704
2019-07-13 20:37:22,424 INFO  util.JmxRegister (JmxRegister.java:unregister(73)) - Successfully un-registered JMX Bean with object name Ratis:service=RaftServer,group=group-3E7252DD65C4,id=7143e291-f33c-4113-a11b-5be6d385291d
2019-07-13 20:37:22,425 INFO  impl.RoleInfo (RoleInfo.java:shutdownFollowerState(121)) - 2c4950fd-1e5d-47b3-a656-44c486ef0704: shutdown FollowerState
2019-07-13 20:37:22,425 INFO  impl.RoleInfo (RoleInfo.java:shutdownLeaderState(104)) - 7143e291-f33c-4113-a11b-5be6d385291d: shutdown LeaderState
2019-07-13 20:37:22,426 INFO  ratis.ContainerStateMachine (ContainerStateMachine.java:takeSnapshot(246)) - Taking snapshot at termIndex:(t:1, i:14)
2019-07-13 20:37:22,426 INFO  impl.FollowerState (FollowerState.java:run(114)) - 2c4950fd-1e5d-47b3-a656-44c486ef0704: FollowerState was interrupted: java.lang.InterruptedException: sleep interrupted
2019-07-13 20:37:22,426 INFO  impl.StateMachineUpdater (StateMachineUpdater.java:stopAndJoin(115)) - StateMachineUpdater:2c4950fd-1e5d-47b3-a656-44c486ef0704:group-EE371F6605C5: set stopIndex = 16
2019-07-13 20:37:22,426 INFO  ratis.ContainerStateMachine (ContainerStateMachine.java:takeSnapshot(250)) - Taking a snapshot to file /tmp/workdir/hadoop-ozone/integration-test/target/test-dir/MiniOzoneClusterImpl-16e5dc73-174f-42e0-b18c-cc1c204265a8/datanode-5/data/ratis/a195431b-977b-496a-bc6f-ee371f6605c5/sm/snapshot.1_14
2019-07-13 20:37:22,426 INFO  impl.PendingRequests (PendingRequests.java:sendNotLeaderResponses(202)) - 7143e291-f33c-4113-a11b-5be6d385291d-PendingRequests: sendNotLeaderResponses
2019-07-13 20:37:22,429 INFO  impl.StateMachineUpdater (StateMachineUpdater.java:takeSnapshot(242)) - StateMachineUpdater:2c4950fd-1e5d-47b3-a656-44c486ef0704:group-EE371F6605C5: Took a snapshot at index 14
2019-07-13 20:37:22,429 INFO  impl.StateMachineUpdater (StateMachineUpdater.java:lambda$new$0(80)) - StateMachineUpdater:2c4950fd-1e5d-47b3-a656-44c486ef0704:group-EE371F6605C5: snapshotIndex: updateIncreasingly -1 -> 14
2019-07-13 20:37:22,429 INFO  impl.StateMachineUpdater (StateMachineUpdater.java:stopAndJoin(115)) - StateMachineUpdater:7143e291-f33c-4113-a11b-5be6d385291d:group-3E7252DD65C4: set stopIndex = 0
2019-07-13 20:37:22,430 INFO  impl.RaftServerImpl (ServerState.java:close(394)) - 2c4950fd-1e5d-47b3-a656-44c486ef0704:group-EE371F6605C5 closes. The last applied log index is 16
2019-07-13 20:37:22,429 INFO  ratis.ContainerStateMachine (ContainerStateMachine.java:takeSnapshot(246)) - Taking snapshot at termIndex:(t:0, i:~)
2019-07-13 20:37:22,430 INFO  segmented.SegmentedRaftLogWorker (SegmentedRaftLogWorker.java:run(313)) - 2c4950fd-1e5d-47b3-a656-44c486ef0704-SegmentedRaftLogWorker:Storage Directory /tmp/workdir/hadoop-ozone/integration-test/target/test-dir/MiniOzoneClusterImpl-16e5dc73-174f-42e0-b18c-cc1c204265a8/datanode-5/data/ratis/a195431b-977b-496a-bc6f-ee371f6605c5 was interrupted, exiting. There are 0 tasks remaining in the queue.
2019-07-13 20:37:22,431 INFO  impl.RaftServerImpl (ServerState.java:close(394)) - 7143e291-f33c-4113-a11b-5be6d385291d:group-3E7252DD65C4 closes. The last applied log index is 0
2019-07-13 20:37:22,432 INFO  segmented.SegmentedRaftLogWorker (SegmentedRaftLogWorker.java:close(228)) - 2c4950fd-1e5d-47b3-a656-44c486ef0704-SegmentedRaftLogWorker:Storage Directory /tmp/workdir/hadoop-ozone/integration-test/target/test-dir/MiniOzoneClusterImpl-16e5dc73-174f-42e0-b18c-cc1c204265a8/datanode-5/data/ratis/a195431b-977b-496a-bc6f-ee371f6605c5 close()
2019-07-13 20:37:22,439 INFO  segmented.SegmentedRaftLogWorker (SegmentedRaftLogWorker.java:run(313)) - 7143e291-f33c-4113-a11b-5be6d385291d-SegmentedRaftLogWorker:Storage Directory /tmp/workdir/hadoop-ozone/integration-test/target/test-dir/MiniOzoneClusterImpl-16e5dc73-174f-42e0-b18c-cc1c204265a8/datanode-6/data/ratis/663ee9d2-7f97-424d-bb60-3e7252dd65c4 was interrupted, exiting. There are 0 tasks remaining in the queue.
2019-07-13 20:37:22,440 INFO  impl.RaftServerImpl (RaftServerImpl.java:lambda$shutdown$3(245)) - 2c4950fd-1e5d-47b3-a656-44c486ef0704: shutdown group-AA704957962C
2019-07-13 20:37:22,446 INFO  segmented.SegmentedRaftLogWorker (SegmentedRaftLogWorker.java:close(228)) - 7143e291-f33c-4113-a11b-5be6d385291d-SegmentedRaftLogWorker:Storage Directory /tmp/workdir/hadoop-ozone/integration-test/target/test-dir/MiniOzoneClusterImpl-16e5dc73-174f-42e0-b18c-cc1c204265a8/datanode-6/data/ratis/663ee9d2-7f97-424d-bb60-3e7252dd65c4 close()
2019-07-13 20:37:22,447 INFO  util.JmxRegister (JmxRegister.java:unregister(73)) - Successfully un-registered JMX Bean with object name Ratis:service=RaftServer,group=group-AA704957962C,id=2c4950fd-1e5d-47b3-a656-44c486ef0704
2019-07-13 20:37:22,449 INFO  server.GrpcService (GrpcService.java:closeImpl(155)) - 7143e291-f33c-4113-a11b-5be6d385291d: shutdown server with port 41884 now
2019-07-13 20:37:22,449 INFO  impl.RoleInfo (RoleInfo.java:shutdownLeaderState(104)) - 2c4950fd-1e5d-47b3-a656-44c486ef0704: shutdown LeaderState
2019-07-13 20:37:22,454 INFO  impl.PendingRequests (PendingRequests.java:sendNotLeaderResponses(202)) - 2c4950fd-1e5d-47b3-a656-44c486ef0704-PendingRequests: sendNotLeaderResponses
2019-07-13 20:37:22,454 INFO  server.GrpcService (GrpcService.java:closeImpl(163)) - 7143e291-f33c-4113-a11b-5be6d385291d: shutdown server with port 41884 successfully
2019-07-13 20:37:22,455 INFO  impl.StateMachineUpdater (StateMachineUpdater.java:stopAndJoin(115)) - StateMachineUpdater:2c4950fd-1e5d-47b3-a656-44c486ef0704:group-AA704957962C: set stopIndex = 0
2019-07-13 20:37:22,455 INFO  ratis.ContainerStateMachine (ContainerStateMachine.java:takeSnapshot(246)) - Taking snapshot at termIndex:(t:0, i:~)
2019-07-13 20:37:22,456 INFO  impl.RaftServerImpl (ServerState.java:close(394)) - 2c4950fd-1e5d-47b3-a656-44c486ef0704:group-AA704957962C closes. The last applied log index is 0
2019-07-13 20:37:22,456 INFO  segmented.SegmentedRaftLogWorker (SegmentedRaftLogWorker.java:run(313)) - 2c4950fd-1e5d-47b3-a656-44c486ef0704-SegmentedRaftLogWorker:Storage Directory /tmp/workdir/hadoop-ozone/integration-test/target/test-dir/MiniOzoneClusterImpl-16e5dc73-174f-42e0-b18c-cc1c204265a8/datanode-5/data/ratis/48b26156-451b-449a-a580-aa704957962c was interrupted, exiting. There are 0 tasks remaining in the queue.
2019-07-13 20:37:22,457 INFO  segmented.SegmentedRaftLogWorker (SegmentedRaftLogWorker.java:close(228)) - 2c4950fd-1e5d-47b3-a656-44c486ef0704-SegmentedRaftLogWorker:Storage Directory /tmp/workdir/hadoop-ozone/integration-test/target/test-dir/MiniOzoneClusterImpl-16e5dc73-174f-42e0-b18c-cc1c204265a8/datanode-5/data/ratis/48b26156-451b-449a-a580-aa704957962c close()
2019-07-13 20:37:22,460 INFO  server.GrpcService (GrpcService.java:closeImpl(155)) - 2c4950fd-1e5d-47b3-a656-44c486ef0704: shutdown server with port 45212 now
2019-07-13 20:37:22,460 INFO  utils.BackgroundService (BackgroundService.java:shutdown(148)) - Shutting down service BlockDeletingService
2019-07-13 20:37:22,463 INFO  server.GrpcService (GrpcService.java:closeImpl(163)) - 2c4950fd-1e5d-47b3-a656-44c486ef0704: shutdown server with port 45212 successfully
2019-07-13 20:37:22,465 WARN  fs.CachingGetSpaceUsed (CachingGetSpaceUsed.java:run(183)) - Thread Interrupted waiting to refresh disk information: sleep interrupted
2019-07-13 20:37:22,466 INFO  utils.BackgroundService (BackgroundService.java:shutdown(148)) - Shutting down service BlockDeletingService
2019-07-13 20:37:22,469 WARN  fs.CachingGetSpaceUsed (CachingGetSpaceUsed.java:run(183)) - Thread Interrupted waiting to refresh disk information: sleep interrupted
2019-07-13 20:37:22,490 INFO  statemachine.DatanodeStateMachine (DatanodeStateMachine.java:stopDaemon(395)) - Ozone container server stopped.
2019-07-13 20:37:22,490 INFO  statemachine.DatanodeStateMachine (DatanodeStateMachine.java:stopDaemon(395)) - Ozone container server stopped.
2019-07-13 20:37:22,495 INFO  handler.ContextHandler (ContextHandler.java:doStop(910)) - Stopped o.e.j.w.WebAppContext@48a32c4f{/,null,UNAVAILABLE}{/hddsDatanode}
2019-07-13 20:37:22,495 INFO  handler.ContextHandler (ContextHandler.java:doStop(910)) - Stopped o.e.j.w.WebAppContext@1b914e36{/,null,UNAVAILABLE}{/hddsDatanode}
2019-07-13 20:37:22,497 INFO  server.AbstractConnector (AbstractConnector.java:doStop(318)) - Stopped ServerConnector@29f3ea39{HTTP/1.1,[http/1.1]}{0.0.0.0:0}
2019-07-13 20:37:22,497 INFO  server.AbstractConnector (AbstractConnector.java:doStop(318)) - Stopped ServerConnector@25af2afe{HTTP/1.1,[http/1.1]}{0.0.0.0:0}
2019-07-13 20:37:22,497 INFO  handler.ContextHandler (ContextHandler.java:doStop(910)) - Stopped o.e.j.s.ServletContextHandler@63f08f9f{/static,jar:file:/home/user/.m2/repository/org/apache/hadoop/hadoop-hdds-container-service/0.5.0-SNAPSHOT/hadoop-hdds-container-service-0.5.0-SNAPSHOT.jar!/webapps/static,UNAVAILABLE}
2019-07-13 20:37:22,498 INFO  handler.ContextHandler (ContextHandler.java:doStop(910)) - Stopped o.e.j.s.ServletContextHandler@296a350{/static,jar:file:/home/user/.m2/repository/org/apache/hadoop/hadoop-hdds-container-service/0.5.0-SNAPSHOT/hadoop-hdds-container-service-0.5.0-SNAPSHOT.jar!/webapps/static,UNAVAILABLE}
2019-07-13 20:37:22,499 INFO  handler.ContextHandler (ContextHandler.java:doStop(910)) - Stopped o.e.j.s.ServletContextHandler@6d0d5147{/logs,file:///tmp/workdir/hadoop-ozone/integration-test/target/log,UNAVAILABLE}
2019-07-13 20:37:22,500 INFO  handler.ContextHandler (ContextHandler.java:doStop(910)) - Stopped o.e.j.s.ServletContextHandler@556a5e70{/logs,file:///tmp/workdir/hadoop-ozone/integration-test/target/log,UNAVAILABLE}
2019-07-13 20:37:22,502 INFO  ozone.MiniOzoneClusterImpl (MiniOzoneClusterImpl.java:stop(353)) - Stopping the StorageContainerManager
2019-07-13 20:37:22,502 INFO  server.StorageContainerManager (StorageContainerManager.java:stop(796)) - Stopping Replication Manager Service.
2019-07-13 20:37:22,502 INFO  container.ReplicationManager (ReplicationManager.java:stop(187)) - Stopping Replication Monitor Thread.
2019-07-13 20:37:22,502 INFO  server.StorageContainerManager (StorageContainerManager.java:stop(803)) - Stopping Lease Manager of the command watchers
2019-07-13 20:37:22,502 INFO  server.StorageContainerManager (StorageContainerManager.java:stop(810)) - Stopping datanode service RPC server
2019-07-13 20:37:22,502 INFO  server.SCMDatanodeProtocolServer (SCMDatanodeProtocolServer.java:stop(375)) - Stopping the RPC server for DataNodes
2019-07-13 20:37:22,503 INFO  ipc.Server (Server.java:stop(3082)) - Stopping server on 43762
2019-07-13 20:37:22,507 INFO  ipc.Server (Server.java:run(1185)) - Stopping IPC Server listener on 43762
2019-07-13 20:37:22,507 INFO  ipc.Server (Server.java:run(1319)) - Stopping IPC Server Responder
2019-07-13 20:37:22,571 WARN  node.NodeStateManager (NodeStateManager.java:scheduleNextHealthCheck(631)) - Current Thread is interrupted, shutting down HB processing thread for Node Manager.
2019-07-13 20:37:22,572 INFO  server.StorageContainerManager (StorageContainerManager.java:stop(818)) - Stopping block service RPC server
2019-07-13 20:37:22,572 INFO  server.SCMBlockProtocolServer (SCMBlockProtocolServer.java:stop(148)) - Stopping the RPC server for Block Protocol
2019-07-13 20:37:22,572 INFO  ipc.Server (Server.java:stop(3082)) - Stopping server on 43830
2019-07-13 20:37:22,575 INFO  ipc.Server (Server.java:run(1185)) - Stopping IPC Server listener on 43830
2019-07-13 20:37:22,575 INFO  server.StorageContainerManager (StorageContainerManager.java:stop(825)) - Stopping the StorageContainerLocationProtocol RPC server
2019-07-13 20:37:22,575 INFO  ipc.Server (Server.java:run(1319)) - Stopping IPC Server Responder
2019-07-13 20:37:22,576 INFO  server.SCMClientProtocolServer (SCMClientProtocolServer.java:stop(157)) - Stopping the RPC server for Client Protocol
2019-07-13 20:37:22,576 INFO  ipc.Server (Server.java:stop(3082)) - Stopping server on 43977
2019-07-13 20:37:22,579 INFO  ipc.Server (Server.java:run(1185)) - Stopping IPC Server listener on 43977
2019-07-13 20:37:22,579 INFO  server.StorageContainerManager (StorageContainerManager.java:stop(832)) - Stopping Storage Container Manager HTTP server.
2019-07-13 20:37:22,579 INFO  ipc.Server (Server.java:run(1319)) - Stopping IPC Server Responder
2019-07-13 20:37:22,580 INFO  handler.ContextHandler (ContextHandler.java:doStop(910)) - Stopped o.e.j.w.WebAppContext@30a99b85{/,null,UNAVAILABLE}{/scm}
2019-07-13 20:37:22,581 INFO  server.AbstractConnector (AbstractConnector.java:doStop(318)) - Stopped ServerConnector@386d41cb{HTTP/1.1,[http/1.1]}{0.0.0.0:0}
2019-07-13 20:37:22,581 INFO  handler.ContextHandler (ContextHandler.java:doStop(910)) - Stopped o.e.j.s.ServletContextHandler@3ed3e66d{/static,file:///tmp/workdir/hadoop-ozone/integration-test/target/test-classes/webapps/static,UNAVAILABLE}
2019-07-13 20:37:22,582 INFO  handler.ContextHandler (ContextHandler.java:doStop(910)) - Stopped o.e.j.s.ServletContextHandler@57eb2555{/logs,file:///tmp/workdir/hadoop-ozone/integration-test/target/log,UNAVAILABLE}
2019-07-13 20:37:22,583 INFO  server.StorageContainerManager (StorageContainerManager.java:stop(843)) - Stopping Block Manager Service.
2019-07-13 20:37:22,583 INFO  utils.BackgroundService (BackgroundService.java:shutdown(148)) - Shutting down service SCMBlockDeletingService
2019-07-13 20:37:22,583 INFO  utils.BackgroundService (BackgroundService.java:shutdown(148)) - Shutting down service SCMBlockDeletingService
2019-07-13 20:37:22,584 INFO  server.StorageContainerManager (StorageContainerManager.java:stop(865)) - Stopping SCM Event Queue.
2019-07-13 20:37:22,589 INFO  impl.MetricsSystemImpl (MetricsSystemImpl.java:stop(210)) - Stopping HddsDatanode metrics system...
2019-07-13 20:37:22,599 INFO  impl.MetricsSystemImpl (MetricsSystemImpl.java:stop(216)) - HddsDatanode metrics system stopped.
]]></system-out>
    <system-err><![CDATA[Jul 13, 2019 8:36:41 PM com.sun.jersey.server.impl.application.WebApplicationImpl _initiate
INFO: Initiating Jersey application, version 'Jersey: 1.19 02/11/2015 03:25 AM'
Jul 13, 2019 8:36:41 PM com.sun.jersey.server.impl.application.WebApplicationImpl _initiate
INFO: Initiating Jersey application, version 'Jersey: 1.19 02/11/2015 03:25 AM'
Jul 13, 2019 8:36:41 PM com.sun.jersey.server.impl.application.WebApplicationImpl _initiate
INFO: Initiating Jersey application, version 'Jersey: 1.19 02/11/2015 03:25 AM'
Jul 13, 2019 8:36:41 PM com.sun.jersey.server.impl.application.WebApplicationImpl _initiate
INFO: Initiating Jersey application, version 'Jersey: 1.19 02/11/2015 03:25 AM'
Jul 13, 2019 8:36:41 PM com.sun.jersey.server.impl.application.WebApplicationImpl _initiate
INFO: Initiating Jersey application, version 'Jersey: 1.19 02/11/2015 03:25 AM'
Jul 13, 2019 8:36:42 PM com.sun.jersey.server.impl.application.WebApplicationImpl _initiate
INFO: Initiating Jersey application, version 'Jersey: 1.19 02/11/2015 03:25 AM'
Jul 13, 2019 8:36:42 PM com.sun.jersey.server.impl.application.WebApplicationImpl _initiate
INFO: Initiating Jersey application, version 'Jersey: 1.19 02/11/2015 03:25 AM'
Jul 13, 2019 8:36:45 PM org.apache.ratis.thirdparty.io.grpc.internal.ManagedChannelOrphanWrapper$ManagedChannelReference cleanQueue
SEVERE: *~*~*~ Channel ManagedChannelImpl{logId=2897, target=192.168.5.168:43802} was not shutdown properly!!! ~*~*~*
    Make sure to call shutdown()/shutdownNow() and wait until awaitTermination() returns true.
java.lang.RuntimeException: ManagedChannel allocation site
	at org.apache.ratis.thirdparty.io.grpc.internal.ManagedChannelOrphanWrapper$ManagedChannelReference.<init>(ManagedChannelOrphanWrapper.java:103)
	at org.apache.ratis.thirdparty.io.grpc.internal.ManagedChannelOrphanWrapper.<init>(ManagedChannelOrphanWrapper.java:53)
	at org.apache.ratis.thirdparty.io.grpc.internal.ManagedChannelOrphanWrapper.<init>(ManagedChannelOrphanWrapper.java:44)
	at org.apache.ratis.thirdparty.io.grpc.internal.AbstractManagedChannelImplBuilder.build(AbstractManagedChannelImplBuilder.java:411)
	at org.apache.ratis.grpc.client.GrpcClientProtocolClient.<init>(GrpcClientProtocolClient.java:119)
	at org.apache.ratis.grpc.client.GrpcClientRpc.lambda$new$0(GrpcClientRpc.java:55)
	at org.apache.ratis.util.PeerProxyMap$PeerAndProxy.lambda$getProxy$0(PeerProxyMap.java:61)
	at org.apache.ratis.util.LifeCycle.startAndTransition(LifeCycle.java:202)
	at org.apache.ratis.util.PeerProxyMap$PeerAndProxy.getProxy(PeerProxyMap.java:60)
	at org.apache.ratis.util.PeerProxyMap.getProxy(PeerProxyMap.java:107)
	at org.apache.ratis.grpc.client.GrpcClientRpc.sendRequestAsync(GrpcClientRpc.java:66)
	at org.apache.ratis.client.impl.OrderedAsync.sendRequest(OrderedAsync.java:208)
	at org.apache.ratis.client.impl.OrderedAsync.sendRequestWithRetry(OrderedAsync.java:169)
	at org.apache.ratis.util.SlidingWindow$Client.sendOrDelayRequest(SlidingWindow.java:278)
	at org.apache.ratis.util.SlidingWindow$Client.retry(SlidingWindow.java:294)
	at org.apache.ratis.client.impl.OrderedAsync.lambda$scheduleWithTimeout$7(OrderedAsync.java:195)
	at org.apache.ratis.util.TimeoutScheduler.lambda$onTimeout$0(TimeoutScheduler.java:85)
	at org.apache.ratis.util.TimeoutScheduler.lambda$onTimeout$1(TimeoutScheduler.java:104)
	at org.apache.ratis.util.LogUtils.runAndLog(LogUtils.java:50)
	at org.apache.ratis.util.LogUtils$1.run(LogUtils.java:91)
	at java.util.concurrent.Executors$RunnableAdapter.call(Executors.java:511)
	at java.util.concurrent.FutureTask.run(FutureTask.java:266)
	at java.util.concurrent.ScheduledThreadPoolExecutor$ScheduledFutureTask.access$201(ScheduledThreadPoolExecutor.java:180)
	at java.util.concurrent.ScheduledThreadPoolExecutor$ScheduledFutureTask.run(ScheduledThreadPoolExecutor.java:293)
	at java.util.concurrent.ThreadPoolExecutor.runWorker(ThreadPoolExecutor.java:1149)
	at java.util.concurrent.ThreadPoolExecutor$Worker.run(ThreadPoolExecutor.java:624)
	at java.lang.Thread.run(Thread.java:748)

Jul 13, 2019 8:36:45 PM org.apache.ratis.thirdparty.io.grpc.internal.ManagedChannelOrphanWrapper$ManagedChannelReference cleanQueue
SEVERE: *~*~*~ Channel ManagedChannelImpl{logId=2902, target=192.168.5.168:35531} was not shutdown properly!!! ~*~*~*
    Make sure to call shutdown()/shutdownNow() and wait until awaitTermination() returns true.
java.lang.RuntimeException: ManagedChannel allocation site
	at org.apache.ratis.thirdparty.io.grpc.internal.ManagedChannelOrphanWrapper$ManagedChannelReference.<init>(ManagedChannelOrphanWrapper.java:103)
	at org.apache.ratis.thirdparty.io.grpc.internal.ManagedChannelOrphanWrapper.<init>(ManagedChannelOrphanWrapper.java:53)
	at org.apache.ratis.thirdparty.io.grpc.internal.ManagedChannelOrphanWrapper.<init>(ManagedChannelOrphanWrapper.java:44)
	at org.apache.ratis.thirdparty.io.grpc.internal.AbstractManagedChannelImplBuilder.build(AbstractManagedChannelImplBuilder.java:411)
	at org.apache.ratis.grpc.client.GrpcClientProtocolClient.<init>(GrpcClientProtocolClient.java:119)
	at org.apache.ratis.grpc.client.GrpcClientRpc.lambda$new$0(GrpcClientRpc.java:55)
	at org.apache.ratis.util.PeerProxyMap$PeerAndProxy.lambda$getProxy$0(PeerProxyMap.java:61)
	at org.apache.ratis.util.LifeCycle.startAndTransition(LifeCycle.java:202)
	at org.apache.ratis.util.PeerProxyMap$PeerAndProxy.getProxy(PeerProxyMap.java:60)
	at org.apache.ratis.util.PeerProxyMap.getProxy(PeerProxyMap.java:107)
	at org.apache.ratis.grpc.client.GrpcClientRpc.sendRequestAsync(GrpcClientRpc.java:66)
	at org.apache.ratis.client.impl.OrderedAsync.sendRequest(OrderedAsync.java:208)
	at org.apache.ratis.client.impl.OrderedAsync.sendRequestWithRetry(OrderedAsync.java:169)
	at org.apache.ratis.util.SlidingWindow$Client.sendOrDelayRequest(SlidingWindow.java:278)
	at org.apache.ratis.util.SlidingWindow$Client.submitNewRequest(SlidingWindow.java:257)
	at org.apache.ratis.client.impl.OrderedAsync.send(OrderedAsync.java:155)
	at org.apache.ratis.client.impl.RaftClientImpl.sendAsync(RaftClientImpl.java:145)
	at org.apache.ratis.client.impl.RaftClientImpl.sendAsync(RaftClientImpl.java:125)
	at org.apache.hadoop.hdds.scm.XceiverClientRatis.sendRequestAsync(XceiverClientRatis.java:224)
	at org.apache.hadoop.hdds.scm.XceiverClientRatis.sendCommandAsync(XceiverClientRatis.java:302)
	at org.apache.hadoop.hdds.scm.storage.ContainerProtocolCalls.writeChunkAsync(ContainerProtocolCalls.java:310)
	at org.apache.hadoop.hdds.scm.storage.BlockOutputStream.writeChunkToContainer(BlockOutputStream.java:610)
	at org.apache.hadoop.hdds.scm.storage.BlockOutputStream.writeChunk(BlockOutputStream.java:467)
	at org.apache.hadoop.hdds.scm.storage.BlockOutputStream.writeOnRetry(BlockOutputStream.java:293)
	at org.apache.hadoop.ozone.client.io.BlockOutputStreamEntry.writeOnRetry(BlockOutputStreamEntry.java:200)
	at org.apache.hadoop.ozone.client.io.KeyOutputStream.handleWrite(KeyOutputStream.java:209)
	at org.apache.hadoop.ozone.client.io.KeyOutputStream.handleRetry(KeyOutputStream.java:376)
	at org.apache.hadoop.ozone.client.io.KeyOutputStream.handleException(KeyOutputStream.java:325)
	at org.apache.hadoop.ozone.client.io.KeyOutputStream.handleFlushOrClose(KeyOutputStream.java:448)
	at org.apache.hadoop.ozone.client.io.KeyOutputStream.handleWrite(KeyOutputStream.java:235)
	at org.apache.hadoop.ozone.client.io.KeyOutputStream.write(KeyOutputStream.java:193)
	at org.apache.hadoop.ozone.client.io.OzoneOutputStream.write(OzoneOutputStream.java:49)
	at java.io.OutputStream.write(OutputStream.java:75)
	at org.apache.hadoop.ozone.client.rpc.TestBlockOutputStreamWithFailures.testWatchForCommitWithSingleNodeRatis(TestBlockOutputStreamWithFailures.java:881)
	at sun.reflect.NativeMethodAccessorImpl.invoke0(Native Method)
	at sun.reflect.NativeMethodAccessorImpl.invoke(NativeMethodAccessorImpl.java:62)
	at sun.reflect.DelegatingMethodAccessorImpl.invoke(DelegatingMethodAccessorImpl.java:43)
	at java.lang.reflect.Method.invoke(Method.java:498)
	at org.junit.runners.model.FrameworkMethod$1.runReflectiveCall(FrameworkMethod.java:47)
	at org.junit.internal.runners.model.ReflectiveCallable.run(ReflectiveCallable.java:12)
	at org.junit.runners.model.FrameworkMethod.invokeExplosively(FrameworkMethod.java:44)
	at org.junit.internal.runners.statements.InvokeMethod.evaluate(InvokeMethod.java:17)
	at org.junit.internal.runners.statements.RunBefores.evaluate(RunBefores.java:26)
	at org.junit.internal.runners.statements.RunAfters.evaluate(RunAfters.java:27)
	at org.junit.runners.ParentRunner.runLeaf(ParentRunner.java:271)
	at org.junit.runners.BlockJUnit4ClassRunner.runChild(BlockJUnit4ClassRunner.java:70)
	at org.junit.runners.BlockJUnit4ClassRunner.runChild(BlockJUnit4ClassRunner.java:50)
	at org.junit.runners.ParentRunner$3.run(ParentRunner.java:238)
	at org.junit.runners.ParentRunner$1.schedule(ParentRunner.java:63)
	at org.junit.runners.ParentRunner.runChildren(ParentRunner.java:236)
	at org.junit.runners.ParentRunner.access$000(ParentRunner.java:53)
	at org.junit.runners.ParentRunner$2.evaluate(ParentRunner.java:229)
	at org.junit.runners.ParentRunner.run(ParentRunner.java:309)
	at org.apache.maven.surefire.junit4.JUnit4Provider.execute(JUnit4Provider.java:365)
	at org.apache.maven.surefire.junit4.JUnit4Provider.executeWithRerun(JUnit4Provider.java:273)
	at org.apache.maven.surefire.junit4.JUnit4Provider.executeTestSet(JUnit4Provider.java:238)
	at org.apache.maven.surefire.junit4.JUnit4Provider.invoke(JUnit4Provider.java:159)
	at org.apache.maven.surefire.booter.ForkedBooter.invokeProviderInSameClassLoader(ForkedBooter.java:384)
	at org.apache.maven.surefire.booter.ForkedBooter.runSuitesInProcess(ForkedBooter.java:345)
	at org.apache.maven.surefire.booter.ForkedBooter.execute(ForkedBooter.java:126)
	at org.apache.maven.surefire.booter.ForkedBooter.main(ForkedBooter.java:418)

]]></system-err>
  </testcase>
  <testcase name="testFailureWithPrimeSizedData" classname="org.apache.hadoop.ozone.client.rpc.TestBlockOutputStreamWithFailures" time="33.147">
    <error type="java.lang.IllegalArgumentException">java.lang.IllegalArgumentException
	at com.google.common.base.Preconditions.checkArgument(Preconditions.java:72)
	at org.apache.hadoop.hdds.scm.XceiverClientManager.acquireClient(XceiverClientManager.java:150)
	at org.apache.hadoop.hdds.scm.XceiverClientManager.acquireClientForReadData(XceiverClientManager.java:143)
	at org.apache.hadoop.hdds.scm.storage.BlockInputStream.getChunkInfos(BlockInputStream.java:154)
	at org.apache.hadoop.hdds.scm.storage.BlockInputStream.initialize(BlockInputStream.java:118)
	at org.apache.hadoop.hdds.scm.storage.BlockInputStream.read(BlockInputStream.java:222)
	at org.apache.hadoop.ozone.client.io.KeyInputStream.read(KeyInputStream.java:171)
	at org.apache.hadoop.ozone.client.io.OzoneInputStream.read(OzoneInputStream.java:47)
	at java.io.InputStream.read(InputStream.java:101)
	at org.apache.hadoop.ozone.container.ContainerTestHelper.validateData(ContainerTestHelper.java:709)
	at org.apache.hadoop.ozone.client.rpc.TestBlockOutputStreamWithFailures.validateData(TestBlockOutputStreamWithFailures.java:1212)
	at org.apache.hadoop.ozone.client.rpc.TestBlockOutputStreamWithFailures.testFailureWithPrimeSizedData(TestBlockOutputStreamWithFailures.java:658)
	at sun.reflect.NativeMethodAccessorImpl.invoke0(Native Method)
	at sun.reflect.NativeMethodAccessorImpl.invoke(NativeMethodAccessorImpl.java:62)
	at sun.reflect.DelegatingMethodAccessorImpl.invoke(DelegatingMethodAccessorImpl.java:43)
	at java.lang.reflect.Method.invoke(Method.java:498)
	at org.junit.runners.model.FrameworkMethod$1.runReflectiveCall(FrameworkMethod.java:47)
	at org.junit.internal.runners.model.ReflectiveCallable.run(ReflectiveCallable.java:12)
	at org.junit.runners.model.FrameworkMethod.invokeExplosively(FrameworkMethod.java:44)
	at org.junit.internal.runners.statements.InvokeMethod.evaluate(InvokeMethod.java:17)
	at org.junit.internal.runners.statements.RunBefores.evaluate(RunBefores.java:26)
	at org.junit.internal.runners.statements.RunAfters.evaluate(RunAfters.java:27)
	at org.junit.runners.ParentRunner.runLeaf(ParentRunner.java:271)
	at org.junit.runners.BlockJUnit4ClassRunner.runChild(BlockJUnit4ClassRunner.java:70)
	at org.junit.runners.BlockJUnit4ClassRunner.runChild(BlockJUnit4ClassRunner.java:50)
	at org.junit.runners.ParentRunner$3.run(ParentRunner.java:238)
	at org.junit.runners.ParentRunner$1.schedule(ParentRunner.java:63)
	at org.junit.runners.ParentRunner.runChildren(ParentRunner.java:236)
	at org.junit.runners.ParentRunner.access$000(ParentRunner.java:53)
	at org.junit.runners.ParentRunner$2.evaluate(ParentRunner.java:229)
	at org.junit.runners.ParentRunner.run(ParentRunner.java:309)
	at org.apache.maven.surefire.junit4.JUnit4Provider.execute(JUnit4Provider.java:365)
	at org.apache.maven.surefire.junit4.JUnit4Provider.executeWithRerun(JUnit4Provider.java:273)
	at org.apache.maven.surefire.junit4.JUnit4Provider.executeTestSet(JUnit4Provider.java:238)
	at org.apache.maven.surefire.junit4.JUnit4Provider.invoke(JUnit4Provider.java:159)
	at org.apache.maven.surefire.booter.ForkedBooter.invokeProviderInSameClassLoader(ForkedBooter.java:384)
	at org.apache.maven.surefire.booter.ForkedBooter.runSuitesInProcess(ForkedBooter.java:345)
	at org.apache.maven.surefire.booter.ForkedBooter.execute(ForkedBooter.java:126)
	at org.apache.maven.surefire.booter.ForkedBooter.main(ForkedBooter.java:418)
</error>
    <system-out><![CDATA[2019-07-13 20:37:22,649 WARN  server.ServerUtils (ServerUtils.java:getScmDbDir(145)) - ozone.scm.db.dirs is not configured. We recommend adding this setting. Falling back to ozone.metadata.dirs instead.
2019-07-13 20:37:22,665 WARN  server.ServerUtils (ServerUtils.java:getScmDbDir(145)) - ozone.scm.db.dirs is not configured. We recommend adding this setting. Falling back to ozone.metadata.dirs instead.
2019-07-13 20:37:22,665 WARN  server.ServerUtils (ServerUtils.java:getScmDbDir(145)) - ozone.scm.db.dirs is not configured. We recommend adding this setting. Falling back to ozone.metadata.dirs instead.
2019-07-13 20:37:22,666 INFO  db.DBStoreBuilder (DBStoreBuilder.java:addTable(110)) - using custom profile for table: deletedBlocks
2019-07-13 20:37:22,666 INFO  db.DBStoreBuilder (DBStoreBuilder.java:processTables(161)) - Using default column profile:DBProfile.DISK for Table:deletedBlocks
2019-07-13 20:37:22,666 INFO  db.DBStoreBuilder (DBStoreBuilder.java:addTable(110)) - using custom profile for table: validCerts
2019-07-13 20:37:22,666 INFO  db.DBStoreBuilder (DBStoreBuilder.java:processTables(161)) - Using default column profile:DBProfile.DISK for Table:validCerts
2019-07-13 20:37:22,667 INFO  db.DBStoreBuilder (DBStoreBuilder.java:addTable(110)) - using custom profile for table: revokedCerts
2019-07-13 20:37:22,667 INFO  db.DBStoreBuilder (DBStoreBuilder.java:processTables(161)) - Using default column profile:DBProfile.DISK for Table:revokedCerts
2019-07-13 20:37:22,667 INFO  db.DBStoreBuilder (DBStoreBuilder.java:addTable(110)) - using custom profile for table: default
2019-07-13 20:37:22,667 INFO  db.DBStoreBuilder (DBStoreBuilder.java:processTables(167)) - Using default column profile:DBProfile.DISK for Table:default
2019-07-13 20:37:22,667 INFO  db.DBStoreBuilder (DBStoreBuilder.java:getDbProfile(198)) - Using default options. DBProfile.DISK
2019-07-13 20:37:22,742 INFO  net.NodeSchemaLoader (NodeSchemaLoader.java:loadSchemaFromFile(125)) - Loading file from sun.misc.CompoundEnumeration@23938caa
2019-07-13 20:37:22,742 INFO  net.NodeSchemaLoader (NodeSchemaLoader.java:loadSchema(171)) - Loading network topology layer schema file
2019-07-13 20:37:22,747 INFO  node.SCMNodeManager (SCMNodeManager.java:<init>(119)) - Entering startup safe mode.
2019-07-13 20:37:22,748 WARN  server.ServerUtils (ServerUtils.java:getScmDbDir(145)) - ozone.scm.db.dirs is not configured. We recommend adding this setting. Falling back to ozone.metadata.dirs instead.
2019-07-13 20:37:22,769 INFO  pipeline.SCMPipelineManager (SCMPipelineManager.java:initializePipelineState(126)) - No pipeline exists in current db
2019-07-13 20:37:22,769 WARN  server.ServerUtils (ServerUtils.java:getScmDbDir(145)) - ozone.scm.db.dirs is not configured. We recommend adding this setting. Falling back to ozone.metadata.dirs instead.
2019-07-13 20:37:22,797 WARN  events.EventQueue (EventQueue.java:fireEvent(175)) - No event handler registered for event TypedEvent{payloadType=SafeModeStatus, name='SafeModeStatus'}
2019-07-13 20:37:22,798 INFO  ipc.CallQueueManager (CallQueueManager.java:<init>(84)) - Using callQueue: class java.util.concurrent.LinkedBlockingQueue, queueCapacity: 2000, scheduler: class org.apache.hadoop.ipc.DefaultRpcScheduler, ipcBackoff: false.
2019-07-13 20:37:22,799 INFO  ipc.Server (Server.java:run(1074)) - Starting Socket Reader #1 for port 33781
2019-07-13 20:37:22,801 INFO  ipc.CallQueueManager (CallQueueManager.java:<init>(84)) - Using callQueue: class java.util.concurrent.LinkedBlockingQueue, queueCapacity: 2000, scheduler: class org.apache.hadoop.ipc.DefaultRpcScheduler, ipcBackoff: false.
2019-07-13 20:37:22,802 INFO  ipc.Server (Server.java:run(1074)) - Starting Socket Reader #1 for port 38488
2019-07-13 20:37:22,803 INFO  ipc.CallQueueManager (CallQueueManager.java:<init>(84)) - Using callQueue: class java.util.concurrent.LinkedBlockingQueue, queueCapacity: 2000, scheduler: class org.apache.hadoop.ipc.DefaultRpcScheduler, ipcBackoff: false.
2019-07-13 20:37:22,803 INFO  ipc.Server (Server.java:run(1074)) - Starting Socket Reader #1 for port 38526
2019-07-13 20:37:22,807 INFO  hdfs.DFSUtil (DFSUtil.java:httpServerTemplateForNNAndJN(1641)) - Starting Web-server for scm at: http://0.0.0.0:0
2019-07-13 20:37:22,812 INFO  server.AuthenticationFilter (AuthenticationFilter.java:constructSecretProvider(240)) - Unable to initialize FileSignerSecretProvider, falling back to use random secrets.
2019-07-13 20:37:22,813 WARN  http.HttpRequestLog (HttpRequestLog.java:getRequestLog(97)) - Jetty request log can only be enabled using Log4j
2019-07-13 20:37:22,815 INFO  http.HttpServer2 (HttpServer2.java:addGlobalFilter(975)) - Added global filter 'safety' (class=org.apache.hadoop.http.HttpServer2$QuotingInputFilter)
2019-07-13 20:37:22,816 INFO  http.HttpServer2 (HttpServer2.java:addFilter(948)) - Added filter static_user_filter (class=org.apache.hadoop.http.lib.StaticUserWebFilter$StaticUserFilter) to context scm
2019-07-13 20:37:22,816 INFO  http.HttpServer2 (HttpServer2.java:addFilter(958)) - Added filter static_user_filter (class=org.apache.hadoop.http.lib.StaticUserWebFilter$StaticUserFilter) to context static
2019-07-13 20:37:22,816 INFO  http.HttpServer2 (HttpServer2.java:addFilter(958)) - Added filter static_user_filter (class=org.apache.hadoop.http.lib.StaticUserWebFilter$StaticUserFilter) to context logs
2019-07-13 20:37:22,819 INFO  server.StorageContainerManager (StorageContainerManager.java:start(759)) - StorageContainerLocationProtocol RPC server is listening at /0.0.0.0:38526
2019-07-13 20:37:22,822 WARN  impl.MetricsConfig (MetricsConfig.java:loadFirst(134)) - Cannot locate configuration: tried hadoop-metrics2-storagecontainermanager.properties,hadoop-metrics2.properties
2019-07-13 20:37:22,823 INFO  impl.MetricsSystemImpl (MetricsSystemImpl.java:startTimer(374)) - Scheduled Metric snapshot period at 10 second(s).
2019-07-13 20:37:22,824 INFO  impl.MetricsSystemImpl (MetricsSystemImpl.java:start(191)) - StorageContainerManager metrics system started
2019-07-13 20:37:22,891 INFO  server.SCMClientProtocolServer (SCMClientProtocolServer.java:start(149)) - RPC server for Client  is listening at /0.0.0.0:38526
2019-07-13 20:37:22,892 INFO  ipc.Server (Server.java:run(1314)) - IPC Server Responder: starting
2019-07-13 20:37:22,892 INFO  ipc.Server (Server.java:run(1153)) - IPC Server listener on 38526: starting
2019-07-13 20:37:22,897 INFO  server.StorageContainerManager (StorageContainerManager.java:start(768)) - ScmBlockLocationProtocol RPC server is listening at /0.0.0.0:38488
2019-07-13 20:37:22,897 INFO  server.SCMBlockProtocolServer (SCMBlockProtocolServer.java:start(140)) - RPC server for Block Protocol is listening at /0.0.0.0:38488
2019-07-13 20:37:22,898 INFO  ipc.Server (Server.java:run(1314)) - IPC Server Responder: starting
2019-07-13 20:37:22,898 INFO  ipc.Server (Server.java:run(1153)) - IPC Server listener on 38488: starting
2019-07-13 20:37:22,903 INFO  server.StorageContainerManager (StorageContainerManager.java:start(772)) - ScmDatanodeProtocl RPC server is listening at /0.0.0.0:33781
2019-07-13 20:37:22,903 INFO  server.SCMDatanodeProtocolServer (SCMDatanodeProtocolServer.java:start(191)) - RPC server for DataNodes is listening at /0.0.0.0:33781
2019-07-13 20:37:22,903 INFO  ipc.Server (Server.java:run(1314)) - IPC Server Responder: starting
2019-07-13 20:37:22,905 INFO  ipc.Server (Server.java:run(1153)) - IPC Server listener on 33781: starting
2019-07-13 20:37:22,909 INFO  http.HttpServer2 (HttpServer2.java:bindListener(1191)) - Jetty bound to port 39425
2019-07-13 20:37:22,909 INFO  server.Server (Server.java:doStart(351)) - jetty-9.3.24.v20180605, build timestamp: 2018-06-05T17:11:56Z, git hash: 84205aa28f11a4f31f2a3b86d1bba2cc8ab69827
2019-07-13 20:37:22,911 INFO  handler.ContextHandler (ContextHandler.java:doStart(781)) - Started o.e.j.s.ServletContextHandler@a1143cc{/logs,file:///tmp/workdir/hadoop-ozone/integration-test/target/log,AVAILABLE}
2019-07-13 20:37:22,912 INFO  handler.ContextHandler (ContextHandler.java:doStart(781)) - Started o.e.j.s.ServletContextHandler@48149568{/static,file:///tmp/workdir/hadoop-ozone/integration-test/target/test-classes/webapps/static,AVAILABLE}
2019-07-13 20:37:22,917 INFO  handler.ContextHandler (ContextHandler.java:doStart(781)) - Started o.e.j.w.WebAppContext@201f0e84{/,file:///tmp/workdir/hadoop-ozone/integration-test/target/test-classes/webapps/scm/,AVAILABLE}{/scm}
2019-07-13 20:37:22,917 INFO  server.AbstractConnector (AbstractConnector.java:doStart(278)) - Started ServerConnector@5629e904{HTTP/1.1,[http/1.1]}{0.0.0.0:39425}
2019-07-13 20:37:22,919 INFO  server.Server (Server.java:doStart(419)) - Started @634683ms
2019-07-13 20:37:22,921 INFO  server.BaseHttpServer (BaseHttpServer.java:updateConnectorAddress(207)) - HTTP server of SCM is listening at http://0.0.0.0:39425
2019-07-13 20:37:22,923 WARN  server.ServerUtils (ServerUtils.java:getDBPath(222)) - ozone.om.db.dirs is not configured. We recommend adding this setting. Falling back to ozone.metadata.dirs instead.
2019-07-13 20:37:22,923 INFO  util.JvmPauseMonitor (JvmPauseMonitor.java:run(188)) - Starting JVM pause monitor
2019-07-13 20:37:22,928 WARN  server.ServerUtils (ServerUtils.java:getDBPath(222)) - ozone.om.db.dirs is not configured. We recommend adding this setting. Falling back to ozone.metadata.dirs instead.
2019-07-13 20:37:22,929 INFO  om.OzoneManager (OzoneManager.java:setOMNodeDetails(630)) - OM Service ID is not set. Setting it to the default ID: omServiceIdDefault
2019-07-13 20:37:22,929 INFO  om.OzoneManager (OzoneManager.java:setOMNodeDetails(636)) - OM Node ID is not set. Setting it to the OmStorage's OmID: ecd12297-b3dc-400d-b909-f129f18d379a
2019-07-13 20:37:22,930 INFO  om.OzoneManager (OzoneManager.java:loadOMHAConfigs(587)) - Found matching OM address with OMServiceId: null, OMNodeId: null, RPC Address: localhost:0 and Ratis port: 9872
2019-07-13 20:37:22,938 WARN  server.ServerUtils (ServerUtils.java:getDBPath(222)) - ozone.om.db.dirs is not configured. We recommend adding this setting. Falling back to ozone.metadata.dirs instead.
2019-07-13 20:37:22,938 INFO  db.DBStoreBuilder (DBStoreBuilder.java:addTable(110)) - using custom profile for table: userTable
2019-07-13 20:37:22,938 INFO  db.DBStoreBuilder (DBStoreBuilder.java:processTables(161)) - Using default column profile:DBProfile.DISK for Table:userTable
2019-07-13 20:37:22,939 INFO  db.DBStoreBuilder (DBStoreBuilder.java:addTable(110)) - using custom profile for table: volumeTable
2019-07-13 20:37:22,939 INFO  db.DBStoreBuilder (DBStoreBuilder.java:processTables(161)) - Using default column profile:DBProfile.DISK for Table:volumeTable
2019-07-13 20:37:22,939 INFO  db.DBStoreBuilder (DBStoreBuilder.java:addTable(110)) - using custom profile for table: bucketTable
2019-07-13 20:37:22,939 INFO  db.DBStoreBuilder (DBStoreBuilder.java:processTables(161)) - Using default column profile:DBProfile.DISK for Table:bucketTable
2019-07-13 20:37:22,940 INFO  db.DBStoreBuilder (DBStoreBuilder.java:addTable(110)) - using custom profile for table: keyTable
2019-07-13 20:37:22,940 INFO  db.DBStoreBuilder (DBStoreBuilder.java:processTables(161)) - Using default column profile:DBProfile.DISK for Table:keyTable
2019-07-13 20:37:22,940 INFO  db.DBStoreBuilder (DBStoreBuilder.java:addTable(110)) - using custom profile for table: deletedTable
2019-07-13 20:37:22,941 INFO  db.DBStoreBuilder (DBStoreBuilder.java:processTables(161)) - Using default column profile:DBProfile.DISK for Table:deletedTable
2019-07-13 20:37:22,941 INFO  db.DBStoreBuilder (DBStoreBuilder.java:addTable(110)) - using custom profile for table: openKeyTable
2019-07-13 20:37:22,941 INFO  db.DBStoreBuilder (DBStoreBuilder.java:processTables(161)) - Using default column profile:DBProfile.DISK for Table:openKeyTable
2019-07-13 20:37:22,941 INFO  db.DBStoreBuilder (DBStoreBuilder.java:addTable(110)) - using custom profile for table: s3Table
2019-07-13 20:37:22,942 INFO  db.DBStoreBuilder (DBStoreBuilder.java:processTables(161)) - Using default column profile:DBProfile.DISK for Table:s3Table
2019-07-13 20:37:22,942 INFO  db.DBStoreBuilder (DBStoreBuilder.java:addTable(110)) - using custom profile for table: multipartInfoTable
2019-07-13 20:37:22,942 INFO  db.DBStoreBuilder (DBStoreBuilder.java:processTables(161)) - Using default column profile:DBProfile.DISK for Table:multipartInfoTable
2019-07-13 20:37:22,943 INFO  db.DBStoreBuilder (DBStoreBuilder.java:addTable(110)) - using custom profile for table: dTokenTable
2019-07-13 20:37:22,943 INFO  db.DBStoreBuilder (DBStoreBuilder.java:processTables(161)) - Using default column profile:DBProfile.DISK for Table:dTokenTable
2019-07-13 20:37:22,943 INFO  db.DBStoreBuilder (DBStoreBuilder.java:addTable(110)) - using custom profile for table: s3SecretTable
2019-07-13 20:37:22,943 INFO  db.DBStoreBuilder (DBStoreBuilder.java:processTables(161)) - Using default column profile:DBProfile.DISK for Table:s3SecretTable
2019-07-13 20:37:22,943 INFO  db.DBStoreBuilder (DBStoreBuilder.java:addTable(110)) - using custom profile for table: prefixTable
2019-07-13 20:37:22,943 INFO  db.DBStoreBuilder (DBStoreBuilder.java:processTables(161)) - Using default column profile:DBProfile.DISK for Table:prefixTable
2019-07-13 20:37:22,944 INFO  db.DBStoreBuilder (DBStoreBuilder.java:addTable(110)) - using custom profile for table: default
2019-07-13 20:37:22,944 INFO  db.DBStoreBuilder (DBStoreBuilder.java:processTables(167)) - Using default column profile:DBProfile.DISK for Table:default
2019-07-13 20:37:22,944 INFO  db.DBStoreBuilder (DBStoreBuilder.java:getDbProfile(198)) - Using default options. DBProfile.DISK
2019-07-13 20:37:23,158 INFO  ipc.CallQueueManager (CallQueueManager.java:<init>(84)) - Using callQueue: class java.util.concurrent.LinkedBlockingQueue, queueCapacity: 2000, scheduler: class org.apache.hadoop.ipc.DefaultRpcScheduler, ipcBackoff: false.
2019-07-13 20:37:23,159 INFO  ipc.Server (Server.java:run(1074)) - Starting Socket Reader #1 for port 39924
2019-07-13 20:37:23,181 WARN  server.ServerUtils (ServerUtils.java:getDBPath(222)) - ozone.om.db.dirs is not configured. We recommend adding this setting. Falling back to ozone.metadata.dirs instead.
2019-07-13 20:37:23,181 INFO  om.OzoneManager (OzoneManager.java:start(1228)) - OzoneManager RPC server is listening at localhost/127.0.0.1:39924
2019-07-13 20:37:23,181 INFO  impl.MetricsSystemImpl (MetricsSystemImpl.java:init(158)) - OzoneManager metrics system started (again)
2019-07-13 20:37:23,182 INFO  ipc.Server (Server.java:run(1314)) - IPC Server Responder: starting
2019-07-13 20:37:23,182 INFO  ipc.Server (Server.java:run(1153)) - IPC Server listener on 39924: starting
2019-07-13 20:37:23,191 INFO  hdfs.DFSUtil (DFSUtil.java:httpServerTemplateForNNAndJN(1641)) - Starting Web-server for ozoneManager at: http://0.0.0.0:0
2019-07-13 20:37:23,193 INFO  server.AuthenticationFilter (AuthenticationFilter.java:constructSecretProvider(240)) - Unable to initialize FileSignerSecretProvider, falling back to use random secrets.
2019-07-13 20:37:23,194 WARN  http.HttpRequestLog (HttpRequestLog.java:getRequestLog(97)) - Jetty request log can only be enabled using Log4j
2019-07-13 20:37:23,195 INFO  http.HttpServer2 (HttpServer2.java:addGlobalFilter(975)) - Added global filter 'safety' (class=org.apache.hadoop.http.HttpServer2$QuotingInputFilter)
2019-07-13 20:37:23,196 INFO  http.HttpServer2 (HttpServer2.java:addFilter(948)) - Added filter static_user_filter (class=org.apache.hadoop.http.lib.StaticUserWebFilter$StaticUserFilter) to context ozoneManager
2019-07-13 20:37:23,196 INFO  http.HttpServer2 (HttpServer2.java:addFilter(958)) - Added filter static_user_filter (class=org.apache.hadoop.http.lib.StaticUserWebFilter$StaticUserFilter) to context logs
2019-07-13 20:37:23,196 INFO  http.HttpServer2 (HttpServer2.java:addFilter(958)) - Added filter static_user_filter (class=org.apache.hadoop.http.lib.StaticUserWebFilter$StaticUserFilter) to context static
2019-07-13 20:37:23,197 INFO  http.HttpServer2 (HttpServer2.java:bindListener(1191)) - Jetty bound to port 39472
2019-07-13 20:37:23,197 INFO  server.Server (Server.java:doStart(351)) - jetty-9.3.24.v20180605, build timestamp: 2018-06-05T17:11:56Z, git hash: 84205aa28f11a4f31f2a3b86d1bba2cc8ab69827
2019-07-13 20:37:23,199 INFO  handler.ContextHandler (ContextHandler.java:doStart(781)) - Started o.e.j.s.ServletContextHandler@45382749{/logs,file:///tmp/workdir/hadoop-ozone/integration-test/target/log,AVAILABLE}
2019-07-13 20:37:23,199 INFO  handler.ContextHandler (ContextHandler.java:doStart(781)) - Started o.e.j.s.ServletContextHandler@7d412ab5{/static,file:///tmp/workdir/hadoop-ozone/integration-test/target/test-classes/webapps/static,AVAILABLE}
2019-07-13 20:37:23,204 INFO  handler.ContextHandler (ContextHandler.java:doStart(781)) - Started o.e.j.w.WebAppContext@4104b6a6{/,file:///tmp/workdir/hadoop-ozone/integration-test/target/test-classes/webapps/ozoneManager/,AVAILABLE}{/ozoneManager}
2019-07-13 20:37:23,205 INFO  server.AbstractConnector (AbstractConnector.java:doStart(278)) - Started ServerConnector@21dd405a{HTTP/1.1,[http/1.1]}{0.0.0.0:39472}
2019-07-13 20:37:23,206 INFO  server.Server (Server.java:doStart(419)) - Started @634970ms
2019-07-13 20:37:23,207 INFO  server.BaseHttpServer (BaseHttpServer.java:updateConnectorAddress(207)) - HTTP server of OZONEMANAGER is listening at http://0.0.0.0:39472
2019-07-13 20:37:23,221 INFO  impl.MetricsSystemImpl (MetricsSystemImpl.java:init(158)) - HddsDatanode metrics system started (again)
2019-07-13 20:37:23,222 INFO  ozone.HddsDatanodeService (HddsDatanodeService.java:start(185)) - HddsDatanodeService host:trunk-nightly-6qp7m-2461138711 ip:192.168.5.168
2019-07-13 20:37:23,234 INFO  volume.HddsVolume (HddsVolume.java:<init>(176)) - Creating Volume: /tmp/workdir/hadoop-ozone/integration-test/target/test-dir/MiniOzoneClusterImpl-beb3fd2f-7e95-4f96-8d8e-fa3147c0110a/datanode-0/data/containers/hdds of  storage type : DISK and capacity : 52710309888
2019-07-13 20:37:23,234 INFO  volume.VolumeSet (VolumeSet.java:initializeVolumeSet(170)) - Added Volume : /tmp/workdir/hadoop-ozone/integration-test/target/test-dir/MiniOzoneClusterImpl-beb3fd2f-7e95-4f96-8d8e-fa3147c0110a/datanode-0/data/containers/hdds to VolumeSet
2019-07-13 20:37:23,234 INFO  volume.ThrottledAsyncChecker (ThrottledAsyncChecker.java:schedule(140)) - Scheduling a check for org.apache.hadoop.ozone.container.common.volume.HddsVolume@3e02988
2019-07-13 20:37:23,235 INFO  volume.HddsVolumeChecker (HddsVolumeChecker.java:checkAllVolumes(203)) - Scheduled health check for volume org.apache.hadoop.ozone.container.common.volume.HddsVolume@3e02988
2019-07-13 20:37:23,247 INFO  impl.RaftServerProxy (ConfUtils.java:logGet(43)) - raft.rpc.type = GRPC (default)
2019-07-13 20:37:23,247 INFO  grpc.GrpcFactory (GrpcFactory.java:checkPooledByteBufAllocatorUseCacheForAllThreads(45)) - PERFORMANCE WARNING: useCacheForAllThreads is true that may cause Netty to create a lot garbage objects and, as a result, trigger GC.
	It is recommended to disable useCacheForAllThreads by setting -Dorg.apache.ratis.thirdparty.io.netty.allocator.useCacheForAllThreads=false in command line.
2019-07-13 20:37:23,247 INFO  grpc.GrpcConfigKeys$Server (ConfUtils.java:logGet(43)) - raft.grpc.server.port = 0 (default)
2019-07-13 20:37:23,247 INFO  server.GrpcService (ConfUtils.java:logGet(43)) - raft.grpc.message.size.max = 33570816 (custom)
2019-07-13 20:37:23,247 INFO  server.RaftServerConfigKeys (ConfUtils.java:logGet(43)) - raft.server.log.appender.buffer.byte-limit = 33554432 (custom)
2019-07-13 20:37:23,248 INFO  server.GrpcService (ConfUtils.java:logGet(43)) - raft.grpc.flow.control.window = 1MB (=1048576) (default)
2019-07-13 20:37:23,248 INFO  server.RaftServerConfigKeys (ConfUtils.java:logGet(43)) - raft.server.rpc.request.timeout = 3000ms (default)
2019-07-13 20:37:23,248 INFO  server.RaftServerConfigKeys (ConfUtils.java:logGet(43)) - raft.server.storage.dir = [/tmp/workdir/hadoop-ozone/integration-test/target/test-dir/MiniOzoneClusterImpl-beb3fd2f-7e95-4f96-8d8e-fa3147c0110a/datanode-0/data/ratis] (custom)
2019-07-13 20:37:23,249 INFO  replication.SimpleContainerDownloader (SimpleContainerDownloader.java:<init>(72)) - Starting container downloader service to copy containers to replicate.
2019-07-13 20:37:23,250 INFO  hdfs.DFSUtil (DFSUtil.java:httpServerTemplateForNNAndJN(1641)) - Starting Web-server for hddsDatanode at: http://0.0.0.0:0
2019-07-13 20:37:23,251 INFO  server.AuthenticationFilter (AuthenticationFilter.java:constructSecretProvider(240)) - Unable to initialize FileSignerSecretProvider, falling back to use random secrets.
2019-07-13 20:37:23,251 WARN  http.HttpRequestLog (HttpRequestLog.java:getRequestLog(97)) - Jetty request log can only be enabled using Log4j
2019-07-13 20:37:23,252 INFO  http.HttpServer2 (HttpServer2.java:addGlobalFilter(975)) - Added global filter 'safety' (class=org.apache.hadoop.http.HttpServer2$QuotingInputFilter)
2019-07-13 20:37:23,252 INFO  http.HttpServer2 (HttpServer2.java:addFilter(948)) - Added filter static_user_filter (class=org.apache.hadoop.http.lib.StaticUserWebFilter$StaticUserFilter) to context hddsDatanode
2019-07-13 20:37:23,253 INFO  http.HttpServer2 (HttpServer2.java:addFilter(958)) - Added filter static_user_filter (class=org.apache.hadoop.http.lib.StaticUserWebFilter$StaticUserFilter) to context static
2019-07-13 20:37:23,253 INFO  http.HttpServer2 (HttpServer2.java:addFilter(958)) - Added filter static_user_filter (class=org.apache.hadoop.http.lib.StaticUserWebFilter$StaticUserFilter) to context logs
2019-07-13 20:37:23,253 INFO  http.HttpServer2 (HttpServer2.java:bindListener(1191)) - Jetty bound to port 34023
2019-07-13 20:37:23,254 INFO  server.Server (Server.java:doStart(351)) - jetty-9.3.24.v20180605, build timestamp: 2018-06-05T17:11:56Z, git hash: 84205aa28f11a4f31f2a3b86d1bba2cc8ab69827
2019-07-13 20:37:23,255 INFO  handler.ContextHandler (ContextHandler.java:doStart(781)) - Started o.e.j.s.ServletContextHandler@65448932{/logs,file:///tmp/workdir/hadoop-ozone/integration-test/target/log,AVAILABLE}
2019-07-13 20:37:23,255 INFO  handler.ContextHandler (ContextHandler.java:doStart(781)) - Started o.e.j.s.ServletContextHandler@1acd952e{/static,jar:file:/home/user/.m2/repository/org/apache/hadoop/hadoop-hdds-container-service/0.5.0-SNAPSHOT/hadoop-hdds-container-service-0.5.0-SNAPSHOT.jar!/webapps/static,AVAILABLE}
2019-07-13 20:37:23,281 INFO  handler.ContextHandler (ContextHandler.java:doStart(781)) - Started o.e.j.w.WebAppContext@21298c3a{/,file:///tmp/jetty-0.0.0.0-34023-hddsDatanode-_-any-7853570115727775362.dir/webapp/,AVAILABLE}{/hddsDatanode}
2019-07-13 20:37:23,282 INFO  server.AbstractConnector (AbstractConnector.java:doStart(278)) - Started ServerConnector@4f63219e{HTTP/1.1,[http/1.1]}{0.0.0.0:34023}
2019-07-13 20:37:23,283 INFO  server.Server (Server.java:doStart(419)) - Started @635047ms
2019-07-13 20:37:23,284 INFO  server.BaseHttpServer (BaseHttpServer.java:updateConnectorAddress(207)) - HTTP server of HDDSDATANODE is listening at http://0.0.0.0:34023
2019-07-13 20:37:23,390 INFO  ozone.HddsDatanodeService (HddsDatanodeService.java:startPlugins(396)) - Started plug-in org.apache.hadoop.ozone.web.OzoneHddsDatanodeService@65b639e1
2019-07-13 20:37:23,391 INFO  impl.MetricsSystemImpl (MetricsSystemImpl.java:init(158)) - HddsDatanode metrics system started (again)
2019-07-13 20:37:23,393 INFO  ozone.HddsDatanodeService (HddsDatanodeService.java:start(185)) - HddsDatanodeService host:trunk-nightly-6qp7m-2461138711 ip:192.168.5.168
2019-07-13 20:37:23,394 INFO  util.JvmPauseMonitor (JvmPauseMonitor.java:run(188)) - Starting JVM pause monitor
2019-07-13 20:37:23,396 INFO  datanode.InitDatanodeState (InitDatanodeState.java:persistContainerDatanodeDetails(140)) - DatanodeDetails is persisted to /tmp/workdir/hadoop-ozone/integration-test/target/test-dir/MiniOzoneClusterImpl-beb3fd2f-7e95-4f96-8d8e-fa3147c0110a/datanode-0/meta/datanode.id
2019-07-13 20:37:23,405 INFO  volume.HddsVolume (HddsVolume.java:<init>(176)) - Creating Volume: /tmp/workdir/hadoop-ozone/integration-test/target/test-dir/MiniOzoneClusterImpl-beb3fd2f-7e95-4f96-8d8e-fa3147c0110a/datanode-1/data/containers/hdds of  storage type : DISK and capacity : 52710309888
2019-07-13 20:37:23,405 INFO  volume.VolumeSet (VolumeSet.java:initializeVolumeSet(170)) - Added Volume : /tmp/workdir/hadoop-ozone/integration-test/target/test-dir/MiniOzoneClusterImpl-beb3fd2f-7e95-4f96-8d8e-fa3147c0110a/datanode-1/data/containers/hdds to VolumeSet
2019-07-13 20:37:23,405 INFO  volume.ThrottledAsyncChecker (ThrottledAsyncChecker.java:schedule(140)) - Scheduling a check for org.apache.hadoop.ozone.container.common.volume.HddsVolume@414d5660
2019-07-13 20:37:23,406 INFO  volume.HddsVolumeChecker (HddsVolumeChecker.java:checkAllVolumes(203)) - Scheduled health check for volume org.apache.hadoop.ozone.container.common.volume.HddsVolume@414d5660
2019-07-13 20:37:23,419 INFO  impl.RaftServerProxy (ConfUtils.java:logGet(43)) - raft.rpc.type = GRPC (default)
2019-07-13 20:37:23,420 INFO  grpc.GrpcFactory (GrpcFactory.java:checkPooledByteBufAllocatorUseCacheForAllThreads(45)) - PERFORMANCE WARNING: useCacheForAllThreads is true that may cause Netty to create a lot garbage objects and, as a result, trigger GC.
	It is recommended to disable useCacheForAllThreads by setting -Dorg.apache.ratis.thirdparty.io.netty.allocator.useCacheForAllThreads=false in command line.
2019-07-13 20:37:23,420 INFO  grpc.GrpcConfigKeys$Server (ConfUtils.java:logGet(43)) - raft.grpc.server.port = 0 (default)
2019-07-13 20:37:23,420 INFO  server.GrpcService (ConfUtils.java:logGet(43)) - raft.grpc.message.size.max = 33570816 (custom)
2019-07-13 20:37:23,420 INFO  server.RaftServerConfigKeys (ConfUtils.java:logGet(43)) - raft.server.log.appender.buffer.byte-limit = 33554432 (custom)
2019-07-13 20:37:23,420 INFO  server.GrpcService (ConfUtils.java:logGet(43)) - raft.grpc.flow.control.window = 1MB (=1048576) (default)
2019-07-13 20:37:23,420 INFO  server.RaftServerConfigKeys (ConfUtils.java:logGet(43)) - raft.server.rpc.request.timeout = 3000ms (default)
2019-07-13 20:37:23,421 INFO  server.RaftServerConfigKeys (ConfUtils.java:logGet(43)) - raft.server.storage.dir = [/tmp/workdir/hadoop-ozone/integration-test/target/test-dir/MiniOzoneClusterImpl-beb3fd2f-7e95-4f96-8d8e-fa3147c0110a/datanode-1/data/ratis] (custom)
2019-07-13 20:37:23,421 INFO  replication.SimpleContainerDownloader (SimpleContainerDownloader.java:<init>(72)) - Starting container downloader service to copy containers to replicate.
2019-07-13 20:37:23,422 INFO  hdfs.DFSUtil (DFSUtil.java:httpServerTemplateForNNAndJN(1641)) - Starting Web-server for hddsDatanode at: http://0.0.0.0:0
2019-07-13 20:37:23,423 INFO  server.AuthenticationFilter (AuthenticationFilter.java:constructSecretProvider(240)) - Unable to initialize FileSignerSecretProvider, falling back to use random secrets.
2019-07-13 20:37:23,424 WARN  http.HttpRequestLog (HttpRequestLog.java:getRequestLog(97)) - Jetty request log can only be enabled using Log4j
2019-07-13 20:37:23,425 INFO  http.HttpServer2 (HttpServer2.java:addGlobalFilter(975)) - Added global filter 'safety' (class=org.apache.hadoop.http.HttpServer2$QuotingInputFilter)
2019-07-13 20:37:23,425 INFO  http.HttpServer2 (HttpServer2.java:addFilter(948)) - Added filter static_user_filter (class=org.apache.hadoop.http.lib.StaticUserWebFilter$StaticUserFilter) to context hddsDatanode
2019-07-13 20:37:23,425 INFO  http.HttpServer2 (HttpServer2.java:addFilter(958)) - Added filter static_user_filter (class=org.apache.hadoop.http.lib.StaticUserWebFilter$StaticUserFilter) to context logs
2019-07-13 20:37:23,426 INFO  http.HttpServer2 (HttpServer2.java:addFilter(958)) - Added filter static_user_filter (class=org.apache.hadoop.http.lib.StaticUserWebFilter$StaticUserFilter) to context static
2019-07-13 20:37:23,426 INFO  http.HttpServer2 (HttpServer2.java:bindListener(1191)) - Jetty bound to port 39365
2019-07-13 20:37:23,426 INFO  server.Server (Server.java:doStart(351)) - jetty-9.3.24.v20180605, build timestamp: 2018-06-05T17:11:56Z, git hash: 84205aa28f11a4f31f2a3b86d1bba2cc8ab69827
2019-07-13 20:37:23,428 INFO  handler.ContextHandler (ContextHandler.java:doStart(781)) - Started o.e.j.s.ServletContextHandler@66f15ce5{/logs,file:///tmp/workdir/hadoop-ozone/integration-test/target/log,AVAILABLE}
2019-07-13 20:37:23,428 INFO  handler.ContextHandler (ContextHandler.java:doStart(781)) - Started o.e.j.s.ServletContextHandler@3ab7b0f{/static,jar:file:/home/user/.m2/repository/org/apache/hadoop/hadoop-hdds-container-service/0.5.0-SNAPSHOT/hadoop-hdds-container-service-0.5.0-SNAPSHOT.jar!/webapps/static,AVAILABLE}
2019-07-13 20:37:23,455 INFO  handler.ContextHandler (ContextHandler.java:doStart(781)) - Started o.e.j.w.WebAppContext@1465914{/,file:///tmp/jetty-0.0.0.0-39365-hddsDatanode-_-any-485226902233094123.dir/webapp/,AVAILABLE}{/hddsDatanode}
2019-07-13 20:37:23,455 INFO  server.AbstractConnector (AbstractConnector.java:doStart(278)) - Started ServerConnector@3a7deba5{HTTP/1.1,[http/1.1]}{0.0.0.0:39365}
2019-07-13 20:37:23,457 INFO  server.Server (Server.java:doStart(419)) - Started @635221ms
2019-07-13 20:37:23,458 INFO  server.BaseHttpServer (BaseHttpServer.java:updateConnectorAddress(207)) - HTTP server of HDDSDATANODE is listening at http://0.0.0.0:39365
2019-07-13 20:37:23,567 INFO  ozone.HddsDatanodeService (HddsDatanodeService.java:startPlugins(396)) - Started plug-in org.apache.hadoop.ozone.web.OzoneHddsDatanodeService@1b32aaca
2019-07-13 20:37:23,568 INFO  impl.MetricsSystemImpl (MetricsSystemImpl.java:init(158)) - HddsDatanode metrics system started (again)
2019-07-13 20:37:23,570 INFO  ozone.HddsDatanodeService (HddsDatanodeService.java:start(185)) - HddsDatanodeService host:trunk-nightly-6qp7m-2461138711 ip:192.168.5.168
2019-07-13 20:37:23,571 INFO  util.JvmPauseMonitor (JvmPauseMonitor.java:run(188)) - Starting JVM pause monitor
2019-07-13 20:37:23,573 INFO  datanode.InitDatanodeState (InitDatanodeState.java:persistContainerDatanodeDetails(140)) - DatanodeDetails is persisted to /tmp/workdir/hadoop-ozone/integration-test/target/test-dir/MiniOzoneClusterImpl-beb3fd2f-7e95-4f96-8d8e-fa3147c0110a/datanode-1/meta/datanode.id
2019-07-13 20:37:23,582 INFO  volume.HddsVolume (HddsVolume.java:<init>(176)) - Creating Volume: /tmp/workdir/hadoop-ozone/integration-test/target/test-dir/MiniOzoneClusterImpl-beb3fd2f-7e95-4f96-8d8e-fa3147c0110a/datanode-2/data/containers/hdds of  storage type : DISK and capacity : 52710309888
2019-07-13 20:37:23,582 INFO  volume.VolumeSet (VolumeSet.java:initializeVolumeSet(170)) - Added Volume : /tmp/workdir/hadoop-ozone/integration-test/target/test-dir/MiniOzoneClusterImpl-beb3fd2f-7e95-4f96-8d8e-fa3147c0110a/datanode-2/data/containers/hdds to VolumeSet
2019-07-13 20:37:23,582 INFO  volume.ThrottledAsyncChecker (ThrottledAsyncChecker.java:schedule(140)) - Scheduling a check for org.apache.hadoop.ozone.container.common.volume.HddsVolume@55a7f0af
2019-07-13 20:37:23,583 INFO  volume.HddsVolumeChecker (HddsVolumeChecker.java:checkAllVolumes(203)) - Scheduled health check for volume org.apache.hadoop.ozone.container.common.volume.HddsVolume@55a7f0af
2019-07-13 20:37:23,596 INFO  impl.RaftServerProxy (ConfUtils.java:logGet(43)) - raft.rpc.type = GRPC (default)
2019-07-13 20:37:23,596 INFO  grpc.GrpcFactory (GrpcFactory.java:checkPooledByteBufAllocatorUseCacheForAllThreads(45)) - PERFORMANCE WARNING: useCacheForAllThreads is true that may cause Netty to create a lot garbage objects and, as a result, trigger GC.
	It is recommended to disable useCacheForAllThreads by setting -Dorg.apache.ratis.thirdparty.io.netty.allocator.useCacheForAllThreads=false in command line.
2019-07-13 20:37:23,596 INFO  grpc.GrpcConfigKeys$Server (ConfUtils.java:logGet(43)) - raft.grpc.server.port = 0 (default)
2019-07-13 20:37:23,596 INFO  server.GrpcService (ConfUtils.java:logGet(43)) - raft.grpc.message.size.max = 33570816 (custom)
2019-07-13 20:37:23,597 INFO  server.RaftServerConfigKeys (ConfUtils.java:logGet(43)) - raft.server.log.appender.buffer.byte-limit = 33554432 (custom)
2019-07-13 20:37:23,597 INFO  server.GrpcService (ConfUtils.java:logGet(43)) - raft.grpc.flow.control.window = 1MB (=1048576) (default)
2019-07-13 20:37:23,597 INFO  server.RaftServerConfigKeys (ConfUtils.java:logGet(43)) - raft.server.rpc.request.timeout = 3000ms (default)
2019-07-13 20:37:23,597 INFO  server.RaftServerConfigKeys (ConfUtils.java:logGet(43)) - raft.server.storage.dir = [/tmp/workdir/hadoop-ozone/integration-test/target/test-dir/MiniOzoneClusterImpl-beb3fd2f-7e95-4f96-8d8e-fa3147c0110a/datanode-2/data/ratis] (custom)
2019-07-13 20:37:23,598 INFO  replication.SimpleContainerDownloader (SimpleContainerDownloader.java:<init>(72)) - Starting container downloader service to copy containers to replicate.
2019-07-13 20:37:23,599 INFO  hdfs.DFSUtil (DFSUtil.java:httpServerTemplateForNNAndJN(1641)) - Starting Web-server for hddsDatanode at: http://0.0.0.0:0
2019-07-13 20:37:23,600 INFO  server.AuthenticationFilter (AuthenticationFilter.java:constructSecretProvider(240)) - Unable to initialize FileSignerSecretProvider, falling back to use random secrets.
2019-07-13 20:37:23,600 WARN  http.HttpRequestLog (HttpRequestLog.java:getRequestLog(97)) - Jetty request log can only be enabled using Log4j
2019-07-13 20:37:23,602 INFO  http.HttpServer2 (HttpServer2.java:addGlobalFilter(975)) - Added global filter 'safety' (class=org.apache.hadoop.http.HttpServer2$QuotingInputFilter)
2019-07-13 20:37:23,602 INFO  http.HttpServer2 (HttpServer2.java:addFilter(948)) - Added filter static_user_filter (class=org.apache.hadoop.http.lib.StaticUserWebFilter$StaticUserFilter) to context hddsDatanode
2019-07-13 20:37:23,602 INFO  http.HttpServer2 (HttpServer2.java:addFilter(958)) - Added filter static_user_filter (class=org.apache.hadoop.http.lib.StaticUserWebFilter$StaticUserFilter) to context logs
2019-07-13 20:37:23,602 INFO  http.HttpServer2 (HttpServer2.java:addFilter(958)) - Added filter static_user_filter (class=org.apache.hadoop.http.lib.StaticUserWebFilter$StaticUserFilter) to context static
2019-07-13 20:37:23,603 INFO  http.HttpServer2 (HttpServer2.java:bindListener(1191)) - Jetty bound to port 43213
2019-07-13 20:37:23,603 INFO  server.Server (Server.java:doStart(351)) - jetty-9.3.24.v20180605, build timestamp: 2018-06-05T17:11:56Z, git hash: 84205aa28f11a4f31f2a3b86d1bba2cc8ab69827
2019-07-13 20:37:23,604 INFO  handler.ContextHandler (ContextHandler.java:doStart(781)) - Started o.e.j.s.ServletContextHandler@22ca5fe1{/logs,file:///tmp/workdir/hadoop-ozone/integration-test/target/log,AVAILABLE}
2019-07-13 20:37:23,605 INFO  handler.ContextHandler (ContextHandler.java:doStart(781)) - Started o.e.j.s.ServletContextHandler@8fe054{/static,jar:file:/home/user/.m2/repository/org/apache/hadoop/hadoop-hdds-container-service/0.5.0-SNAPSHOT/hadoop-hdds-container-service-0.5.0-SNAPSHOT.jar!/webapps/static,AVAILABLE}
2019-07-13 20:37:23,631 INFO  handler.ContextHandler (ContextHandler.java:doStart(781)) - Started o.e.j.w.WebAppContext@712a5de4{/,file:///tmp/jetty-0.0.0.0-43213-hddsDatanode-_-any-1170987033235024493.dir/webapp/,AVAILABLE}{/hddsDatanode}
2019-07-13 20:37:23,631 INFO  server.AbstractConnector (AbstractConnector.java:doStart(278)) - Started ServerConnector@364c4ba9{HTTP/1.1,[http/1.1]}{0.0.0.0:43213}
2019-07-13 20:37:23,631 INFO  server.Server (Server.java:doStart(419)) - Started @635395ms
2019-07-13 20:37:23,633 INFO  server.BaseHttpServer (BaseHttpServer.java:updateConnectorAddress(207)) - HTTP server of HDDSDATANODE is listening at http://0.0.0.0:43213
2019-07-13 20:37:23,731 INFO  ozone.HddsDatanodeService (HddsDatanodeService.java:startPlugins(396)) - Started plug-in org.apache.hadoop.ozone.web.OzoneHddsDatanodeService@726e780a
2019-07-13 20:37:23,732 INFO  impl.MetricsSystemImpl (MetricsSystemImpl.java:init(158)) - HddsDatanode metrics system started (again)
2019-07-13 20:37:23,735 INFO  ozone.HddsDatanodeService (HddsDatanodeService.java:start(185)) - HddsDatanodeService host:trunk-nightly-6qp7m-2461138711 ip:192.168.5.168
2019-07-13 20:37:23,736 INFO  util.JvmPauseMonitor (JvmPauseMonitor.java:run(188)) - Starting JVM pause monitor
2019-07-13 20:37:23,737 INFO  datanode.InitDatanodeState (InitDatanodeState.java:persistContainerDatanodeDetails(140)) - DatanodeDetails is persisted to /tmp/workdir/hadoop-ozone/integration-test/target/test-dir/MiniOzoneClusterImpl-beb3fd2f-7e95-4f96-8d8e-fa3147c0110a/datanode-2/meta/datanode.id
2019-07-13 20:37:23,746 INFO  volume.HddsVolume (HddsVolume.java:<init>(176)) - Creating Volume: /tmp/workdir/hadoop-ozone/integration-test/target/test-dir/MiniOzoneClusterImpl-beb3fd2f-7e95-4f96-8d8e-fa3147c0110a/datanode-3/data/containers/hdds of  storage type : DISK and capacity : 52710309888
2019-07-13 20:37:23,746 INFO  volume.VolumeSet (VolumeSet.java:initializeVolumeSet(170)) - Added Volume : /tmp/workdir/hadoop-ozone/integration-test/target/test-dir/MiniOzoneClusterImpl-beb3fd2f-7e95-4f96-8d8e-fa3147c0110a/datanode-3/data/containers/hdds to VolumeSet
2019-07-13 20:37:23,746 INFO  volume.ThrottledAsyncChecker (ThrottledAsyncChecker.java:schedule(140)) - Scheduling a check for org.apache.hadoop.ozone.container.common.volume.HddsVolume@4723445c
2019-07-13 20:37:23,746 INFO  volume.HddsVolumeChecker (HddsVolumeChecker.java:checkAllVolumes(203)) - Scheduled health check for volume org.apache.hadoop.ozone.container.common.volume.HddsVolume@4723445c
2019-07-13 20:37:23,760 INFO  impl.RaftServerProxy (ConfUtils.java:logGet(43)) - raft.rpc.type = GRPC (default)
2019-07-13 20:37:23,761 INFO  grpc.GrpcFactory (GrpcFactory.java:checkPooledByteBufAllocatorUseCacheForAllThreads(45)) - PERFORMANCE WARNING: useCacheForAllThreads is true that may cause Netty to create a lot garbage objects and, as a result, trigger GC.
	It is recommended to disable useCacheForAllThreads by setting -Dorg.apache.ratis.thirdparty.io.netty.allocator.useCacheForAllThreads=false in command line.
2019-07-13 20:37:23,761 INFO  grpc.GrpcConfigKeys$Server (ConfUtils.java:logGet(43)) - raft.grpc.server.port = 0 (default)
2019-07-13 20:37:23,761 INFO  server.GrpcService (ConfUtils.java:logGet(43)) - raft.grpc.message.size.max = 33570816 (custom)
2019-07-13 20:37:23,761 INFO  server.RaftServerConfigKeys (ConfUtils.java:logGet(43)) - raft.server.log.appender.buffer.byte-limit = 33554432 (custom)
2019-07-13 20:37:23,761 INFO  server.GrpcService (ConfUtils.java:logGet(43)) - raft.grpc.flow.control.window = 1MB (=1048576) (default)
2019-07-13 20:37:23,762 INFO  server.RaftServerConfigKeys (ConfUtils.java:logGet(43)) - raft.server.rpc.request.timeout = 3000ms (default)
2019-07-13 20:37:23,762 INFO  server.RaftServerConfigKeys (ConfUtils.java:logGet(43)) - raft.server.storage.dir = [/tmp/workdir/hadoop-ozone/integration-test/target/test-dir/MiniOzoneClusterImpl-beb3fd2f-7e95-4f96-8d8e-fa3147c0110a/datanode-3/data/ratis] (custom)
2019-07-13 20:37:23,762 INFO  replication.SimpleContainerDownloader (SimpleContainerDownloader.java:<init>(72)) - Starting container downloader service to copy containers to replicate.
2019-07-13 20:37:23,763 INFO  hdfs.DFSUtil (DFSUtil.java:httpServerTemplateForNNAndJN(1641)) - Starting Web-server for hddsDatanode at: http://0.0.0.0:0
2019-07-13 20:37:23,764 INFO  server.AuthenticationFilter (AuthenticationFilter.java:constructSecretProvider(240)) - Unable to initialize FileSignerSecretProvider, falling back to use random secrets.
2019-07-13 20:37:23,765 WARN  http.HttpRequestLog (HttpRequestLog.java:getRequestLog(97)) - Jetty request log can only be enabled using Log4j
2019-07-13 20:37:23,766 INFO  http.HttpServer2 (HttpServer2.java:addGlobalFilter(975)) - Added global filter 'safety' (class=org.apache.hadoop.http.HttpServer2$QuotingInputFilter)
2019-07-13 20:37:23,766 INFO  http.HttpServer2 (HttpServer2.java:addFilter(948)) - Added filter static_user_filter (class=org.apache.hadoop.http.lib.StaticUserWebFilter$StaticUserFilter) to context hddsDatanode
2019-07-13 20:37:23,766 INFO  http.HttpServer2 (HttpServer2.java:addFilter(958)) - Added filter static_user_filter (class=org.apache.hadoop.http.lib.StaticUserWebFilter$StaticUserFilter) to context static
2019-07-13 20:37:23,766 INFO  http.HttpServer2 (HttpServer2.java:addFilter(958)) - Added filter static_user_filter (class=org.apache.hadoop.http.lib.StaticUserWebFilter$StaticUserFilter) to context logs
2019-07-13 20:37:23,767 INFO  http.HttpServer2 (HttpServer2.java:bindListener(1191)) - Jetty bound to port 44538
2019-07-13 20:37:23,767 INFO  server.Server (Server.java:doStart(351)) - jetty-9.3.24.v20180605, build timestamp: 2018-06-05T17:11:56Z, git hash: 84205aa28f11a4f31f2a3b86d1bba2cc8ab69827
2019-07-13 20:37:23,768 INFO  handler.ContextHandler (ContextHandler.java:doStart(781)) - Started o.e.j.s.ServletContextHandler@4ee8ea84{/logs,file:///tmp/workdir/hadoop-ozone/integration-test/target/log,AVAILABLE}
2019-07-13 20:37:23,769 INFO  handler.ContextHandler (ContextHandler.java:doStart(781)) - Started o.e.j.s.ServletContextHandler@1b0709e7{/static,jar:file:/home/user/.m2/repository/org/apache/hadoop/hadoop-hdds-container-service/0.5.0-SNAPSHOT/hadoop-hdds-container-service-0.5.0-SNAPSHOT.jar!/webapps/static,AVAILABLE}
2019-07-13 20:37:23,795 INFO  handler.ContextHandler (ContextHandler.java:doStart(781)) - Started o.e.j.w.WebAppContext@78b3f926{/,file:///tmp/jetty-0.0.0.0-44538-hddsDatanode-_-any-2506779469327338574.dir/webapp/,AVAILABLE}{/hddsDatanode}
2019-07-13 20:37:23,796 INFO  server.AbstractConnector (AbstractConnector.java:doStart(278)) - Started ServerConnector@1ec690bd{HTTP/1.1,[http/1.1]}{0.0.0.0:44538}
2019-07-13 20:37:23,797 INFO  server.Server (Server.java:doStart(419)) - Started @635561ms
2019-07-13 20:37:23,798 INFO  server.BaseHttpServer (BaseHttpServer.java:updateConnectorAddress(207)) - HTTP server of HDDSDATANODE is listening at http://0.0.0.0:44538
2019-07-13 20:37:23,893 INFO  ozone.HddsDatanodeService (HddsDatanodeService.java:startPlugins(396)) - Started plug-in org.apache.hadoop.ozone.web.OzoneHddsDatanodeService@6b0bcea5
2019-07-13 20:37:23,893 INFO  impl.MetricsSystemImpl (MetricsSystemImpl.java:init(158)) - HddsDatanode metrics system started (again)
2019-07-13 20:37:23,896 INFO  ozone.HddsDatanodeService (HddsDatanodeService.java:start(185)) - HddsDatanodeService host:trunk-nightly-6qp7m-2461138711 ip:192.168.5.168
2019-07-13 20:37:23,897 INFO  util.JvmPauseMonitor (JvmPauseMonitor.java:run(188)) - Starting JVM pause monitor
2019-07-13 20:37:23,898 INFO  datanode.InitDatanodeState (InitDatanodeState.java:persistContainerDatanodeDetails(140)) - DatanodeDetails is persisted to /tmp/workdir/hadoop-ozone/integration-test/target/test-dir/MiniOzoneClusterImpl-beb3fd2f-7e95-4f96-8d8e-fa3147c0110a/datanode-3/meta/datanode.id
2019-07-13 20:37:23,908 INFO  volume.HddsVolume (HddsVolume.java:<init>(176)) - Creating Volume: /tmp/workdir/hadoop-ozone/integration-test/target/test-dir/MiniOzoneClusterImpl-beb3fd2f-7e95-4f96-8d8e-fa3147c0110a/datanode-4/data/containers/hdds of  storage type : DISK and capacity : 52710309888
2019-07-13 20:37:23,908 INFO  volume.VolumeSet (VolumeSet.java:initializeVolumeSet(170)) - Added Volume : /tmp/workdir/hadoop-ozone/integration-test/target/test-dir/MiniOzoneClusterImpl-beb3fd2f-7e95-4f96-8d8e-fa3147c0110a/datanode-4/data/containers/hdds to VolumeSet
2019-07-13 20:37:23,909 INFO  volume.ThrottledAsyncChecker (ThrottledAsyncChecker.java:schedule(140)) - Scheduling a check for org.apache.hadoop.ozone.container.common.volume.HddsVolume@33f5d807
2019-07-13 20:37:23,909 INFO  volume.HddsVolumeChecker (HddsVolumeChecker.java:checkAllVolumes(203)) - Scheduled health check for volume org.apache.hadoop.ozone.container.common.volume.HddsVolume@33f5d807
2019-07-13 20:37:23,924 INFO  impl.RaftServerProxy (ConfUtils.java:logGet(43)) - raft.rpc.type = GRPC (default)
2019-07-13 20:37:23,924 INFO  grpc.GrpcFactory (GrpcFactory.java:checkPooledByteBufAllocatorUseCacheForAllThreads(45)) - PERFORMANCE WARNING: useCacheForAllThreads is true that may cause Netty to create a lot garbage objects and, as a result, trigger GC.
	It is recommended to disable useCacheForAllThreads by setting -Dorg.apache.ratis.thirdparty.io.netty.allocator.useCacheForAllThreads=false in command line.
2019-07-13 20:37:23,924 INFO  grpc.GrpcConfigKeys$Server (ConfUtils.java:logGet(43)) - raft.grpc.server.port = 0 (default)
2019-07-13 20:37:23,924 INFO  server.GrpcService (ConfUtils.java:logGet(43)) - raft.grpc.message.size.max = 33570816 (custom)
2019-07-13 20:37:23,924 INFO  server.RaftServerConfigKeys (ConfUtils.java:logGet(43)) - raft.server.log.appender.buffer.byte-limit = 33554432 (custom)
2019-07-13 20:37:23,925 INFO  server.GrpcService (ConfUtils.java:logGet(43)) - raft.grpc.flow.control.window = 1MB (=1048576) (default)
2019-07-13 20:37:23,925 INFO  server.RaftServerConfigKeys (ConfUtils.java:logGet(43)) - raft.server.rpc.request.timeout = 3000ms (default)
2019-07-13 20:37:23,925 INFO  server.RaftServerConfigKeys (ConfUtils.java:logGet(43)) - raft.server.storage.dir = [/tmp/workdir/hadoop-ozone/integration-test/target/test-dir/MiniOzoneClusterImpl-beb3fd2f-7e95-4f96-8d8e-fa3147c0110a/datanode-4/data/ratis] (custom)
2019-07-13 20:37:23,925 INFO  replication.SimpleContainerDownloader (SimpleContainerDownloader.java:<init>(72)) - Starting container downloader service to copy containers to replicate.
2019-07-13 20:37:23,927 INFO  hdfs.DFSUtil (DFSUtil.java:httpServerTemplateForNNAndJN(1641)) - Starting Web-server for hddsDatanode at: http://0.0.0.0:0
2019-07-13 20:37:23,928 INFO  server.AuthenticationFilter (AuthenticationFilter.java:constructSecretProvider(240)) - Unable to initialize FileSignerSecretProvider, falling back to use random secrets.
2019-07-13 20:37:23,928 WARN  http.HttpRequestLog (HttpRequestLog.java:getRequestLog(97)) - Jetty request log can only be enabled using Log4j
2019-07-13 20:37:23,930 INFO  http.HttpServer2 (HttpServer2.java:addGlobalFilter(975)) - Added global filter 'safety' (class=org.apache.hadoop.http.HttpServer2$QuotingInputFilter)
2019-07-13 20:37:23,930 INFO  http.HttpServer2 (HttpServer2.java:addFilter(948)) - Added filter static_user_filter (class=org.apache.hadoop.http.lib.StaticUserWebFilter$StaticUserFilter) to context hddsDatanode
2019-07-13 20:37:23,930 INFO  http.HttpServer2 (HttpServer2.java:addFilter(958)) - Added filter static_user_filter (class=org.apache.hadoop.http.lib.StaticUserWebFilter$StaticUserFilter) to context logs
2019-07-13 20:37:23,930 INFO  http.HttpServer2 (HttpServer2.java:addFilter(958)) - Added filter static_user_filter (class=org.apache.hadoop.http.lib.StaticUserWebFilter$StaticUserFilter) to context static
2019-07-13 20:37:23,931 INFO  http.HttpServer2 (HttpServer2.java:bindListener(1191)) - Jetty bound to port 42422
2019-07-13 20:37:23,931 INFO  server.Server (Server.java:doStart(351)) - jetty-9.3.24.v20180605, build timestamp: 2018-06-05T17:11:56Z, git hash: 84205aa28f11a4f31f2a3b86d1bba2cc8ab69827
2019-07-13 20:37:23,932 INFO  handler.ContextHandler (ContextHandler.java:doStart(781)) - Started o.e.j.s.ServletContextHandler@2fc2d1f0{/logs,file:///tmp/workdir/hadoop-ozone/integration-test/target/log,AVAILABLE}
2019-07-13 20:37:23,933 INFO  handler.ContextHandler (ContextHandler.java:doStart(781)) - Started o.e.j.s.ServletContextHandler@6354a50a{/static,jar:file:/home/user/.m2/repository/org/apache/hadoop/hadoop-hdds-container-service/0.5.0-SNAPSHOT/hadoop-hdds-container-service-0.5.0-SNAPSHOT.jar!/webapps/static,AVAILABLE}
2019-07-13 20:37:23,959 INFO  handler.ContextHandler (ContextHandler.java:doStart(781)) - Started o.e.j.w.WebAppContext@5a564a61{/,file:///tmp/jetty-0.0.0.0-42422-hddsDatanode-_-any-3814914688928066640.dir/webapp/,AVAILABLE}{/hddsDatanode}
2019-07-13 20:37:23,959 INFO  server.AbstractConnector (AbstractConnector.java:doStart(278)) - Started ServerConnector@3aee72d8{HTTP/1.1,[http/1.1]}{0.0.0.0:42422}
2019-07-13 20:37:23,961 INFO  server.Server (Server.java:doStart(419)) - Started @635723ms
2019-07-13 20:37:23,962 INFO  server.BaseHttpServer (BaseHttpServer.java:updateConnectorAddress(207)) - HTTP server of HDDSDATANODE is listening at http://0.0.0.0:42422
2019-07-13 20:37:24,258 INFO  ozone.HddsDatanodeService (HddsDatanodeService.java:startPlugins(396)) - Started plug-in org.apache.hadoop.ozone.web.OzoneHddsDatanodeService@59df8444
2019-07-13 20:37:24,259 INFO  impl.MetricsSystemImpl (MetricsSystemImpl.java:init(158)) - HddsDatanode metrics system started (again)
2019-07-13 20:37:24,262 INFO  ozone.HddsDatanodeService (HddsDatanodeService.java:start(185)) - HddsDatanodeService host:trunk-nightly-6qp7m-2461138711 ip:192.168.5.168
2019-07-13 20:37:24,263 INFO  util.JvmPauseMonitor (JvmPauseMonitor.java:run(188)) - Starting JVM pause monitor
2019-07-13 20:37:24,265 INFO  datanode.InitDatanodeState (InitDatanodeState.java:persistContainerDatanodeDetails(140)) - DatanodeDetails is persisted to /tmp/workdir/hadoop-ozone/integration-test/target/test-dir/MiniOzoneClusterImpl-beb3fd2f-7e95-4f96-8d8e-fa3147c0110a/datanode-4/meta/datanode.id
2019-07-13 20:37:24,280 INFO  volume.HddsVolume (HddsVolume.java:<init>(176)) - Creating Volume: /tmp/workdir/hadoop-ozone/integration-test/target/test-dir/MiniOzoneClusterImpl-beb3fd2f-7e95-4f96-8d8e-fa3147c0110a/datanode-5/data/containers/hdds of  storage type : DISK and capacity : 52710309888
2019-07-13 20:37:24,280 INFO  volume.VolumeSet (VolumeSet.java:initializeVolumeSet(170)) - Added Volume : /tmp/workdir/hadoop-ozone/integration-test/target/test-dir/MiniOzoneClusterImpl-beb3fd2f-7e95-4f96-8d8e-fa3147c0110a/datanode-5/data/containers/hdds to VolumeSet
2019-07-13 20:37:24,281 INFO  volume.ThrottledAsyncChecker (ThrottledAsyncChecker.java:schedule(140)) - Scheduling a check for org.apache.hadoop.ozone.container.common.volume.HddsVolume@5ae06c93
2019-07-13 20:37:24,281 INFO  volume.HddsVolumeChecker (HddsVolumeChecker.java:checkAllVolumes(203)) - Scheduled health check for volume org.apache.hadoop.ozone.container.common.volume.HddsVolume@5ae06c93
2019-07-13 20:37:24,300 INFO  impl.RaftServerProxy (ConfUtils.java:logGet(43)) - raft.rpc.type = GRPC (default)
2019-07-13 20:37:24,300 INFO  grpc.GrpcFactory (GrpcFactory.java:checkPooledByteBufAllocatorUseCacheForAllThreads(45)) - PERFORMANCE WARNING: useCacheForAllThreads is true that may cause Netty to create a lot garbage objects and, as a result, trigger GC.
	It is recommended to disable useCacheForAllThreads by setting -Dorg.apache.ratis.thirdparty.io.netty.allocator.useCacheForAllThreads=false in command line.
2019-07-13 20:37:24,301 INFO  grpc.GrpcConfigKeys$Server (ConfUtils.java:logGet(43)) - raft.grpc.server.port = 0 (default)
2019-07-13 20:37:24,301 INFO  server.GrpcService (ConfUtils.java:logGet(43)) - raft.grpc.message.size.max = 33570816 (custom)
2019-07-13 20:37:24,301 INFO  server.RaftServerConfigKeys (ConfUtils.java:logGet(43)) - raft.server.log.appender.buffer.byte-limit = 33554432 (custom)
2019-07-13 20:37:24,302 INFO  server.GrpcService (ConfUtils.java:logGet(43)) - raft.grpc.flow.control.window = 1MB (=1048576) (default)
2019-07-13 20:37:24,302 INFO  server.RaftServerConfigKeys (ConfUtils.java:logGet(43)) - raft.server.rpc.request.timeout = 3000ms (default)
2019-07-13 20:37:24,303 INFO  server.RaftServerConfigKeys (ConfUtils.java:logGet(43)) - raft.server.storage.dir = [/tmp/workdir/hadoop-ozone/integration-test/target/test-dir/MiniOzoneClusterImpl-beb3fd2f-7e95-4f96-8d8e-fa3147c0110a/datanode-5/data/ratis] (custom)
2019-07-13 20:37:24,303 INFO  replication.SimpleContainerDownloader (SimpleContainerDownloader.java:<init>(72)) - Starting container downloader service to copy containers to replicate.
2019-07-13 20:37:24,305 INFO  hdfs.DFSUtil (DFSUtil.java:httpServerTemplateForNNAndJN(1641)) - Starting Web-server for hddsDatanode at: http://0.0.0.0:0
2019-07-13 20:37:24,307 INFO  server.AuthenticationFilter (AuthenticationFilter.java:constructSecretProvider(240)) - Unable to initialize FileSignerSecretProvider, falling back to use random secrets.
2019-07-13 20:37:24,308 WARN  http.HttpRequestLog (HttpRequestLog.java:getRequestLog(97)) - Jetty request log can only be enabled using Log4j
2019-07-13 20:37:24,310 INFO  http.HttpServer2 (HttpServer2.java:addGlobalFilter(975)) - Added global filter 'safety' (class=org.apache.hadoop.http.HttpServer2$QuotingInputFilter)
2019-07-13 20:37:24,310 INFO  http.HttpServer2 (HttpServer2.java:addFilter(948)) - Added filter static_user_filter (class=org.apache.hadoop.http.lib.StaticUserWebFilter$StaticUserFilter) to context hddsDatanode
2019-07-13 20:37:24,311 INFO  http.HttpServer2 (HttpServer2.java:addFilter(958)) - Added filter static_user_filter (class=org.apache.hadoop.http.lib.StaticUserWebFilter$StaticUserFilter) to context static
2019-07-13 20:37:24,311 INFO  http.HttpServer2 (HttpServer2.java:addFilter(958)) - Added filter static_user_filter (class=org.apache.hadoop.http.lib.StaticUserWebFilter$StaticUserFilter) to context logs
2019-07-13 20:37:24,312 INFO  http.HttpServer2 (HttpServer2.java:bindListener(1191)) - Jetty bound to port 36682
2019-07-13 20:37:24,312 INFO  server.Server (Server.java:doStart(351)) - jetty-9.3.24.v20180605, build timestamp: 2018-06-05T17:11:56Z, git hash: 84205aa28f11a4f31f2a3b86d1bba2cc8ab69827
2019-07-13 20:37:24,314 INFO  handler.ContextHandler (ContextHandler.java:doStart(781)) - Started o.e.j.s.ServletContextHandler@11a88d87{/logs,file:///tmp/workdir/hadoop-ozone/integration-test/target/log,AVAILABLE}
2019-07-13 20:37:24,315 INFO  handler.ContextHandler (ContextHandler.java:doStart(781)) - Started o.e.j.s.ServletContextHandler@496101d1{/static,jar:file:/home/user/.m2/repository/org/apache/hadoop/hadoop-hdds-container-service/0.5.0-SNAPSHOT/hadoop-hdds-container-service-0.5.0-SNAPSHOT.jar!/webapps/static,AVAILABLE}
2019-07-13 20:37:24,357 INFO  handler.ContextHandler (ContextHandler.java:doStart(781)) - Started o.e.j.w.WebAppContext@5f8089d2{/,file:///tmp/jetty-0.0.0.0-36682-hddsDatanode-_-any-4526696269020885352.dir/webapp/,AVAILABLE}{/hddsDatanode}
2019-07-13 20:37:24,358 INFO  server.AbstractConnector (AbstractConnector.java:doStart(278)) - Started ServerConnector@6e1ac80e{HTTP/1.1,[http/1.1]}{0.0.0.0:36682}
2019-07-13 20:37:24,359 INFO  server.Server (Server.java:doStart(419)) - Started @636123ms
2019-07-13 20:37:24,360 INFO  server.BaseHttpServer (BaseHttpServer.java:updateConnectorAddress(207)) - HTTP server of HDDSDATANODE is listening at http://0.0.0.0:36682
2019-07-13 20:37:24,469 INFO  ozone.HddsDatanodeService (HddsDatanodeService.java:startPlugins(396)) - Started plug-in org.apache.hadoop.ozone.web.OzoneHddsDatanodeService@1d9e511c
2019-07-13 20:37:24,470 INFO  impl.MetricsSystemImpl (MetricsSystemImpl.java:init(158)) - HddsDatanode metrics system started (again)
2019-07-13 20:37:24,473 INFO  ozone.HddsDatanodeService (HddsDatanodeService.java:start(185)) - HddsDatanodeService host:trunk-nightly-6qp7m-2461138711 ip:192.168.5.168
2019-07-13 20:37:24,474 INFO  util.JvmPauseMonitor (JvmPauseMonitor.java:run(188)) - Starting JVM pause monitor
2019-07-13 20:37:24,475 INFO  datanode.InitDatanodeState (InitDatanodeState.java:persistContainerDatanodeDetails(140)) - DatanodeDetails is persisted to /tmp/workdir/hadoop-ozone/integration-test/target/test-dir/MiniOzoneClusterImpl-beb3fd2f-7e95-4f96-8d8e-fa3147c0110a/datanode-5/meta/datanode.id
2019-07-13 20:37:24,485 INFO  volume.HddsVolume (HddsVolume.java:<init>(176)) - Creating Volume: /tmp/workdir/hadoop-ozone/integration-test/target/test-dir/MiniOzoneClusterImpl-beb3fd2f-7e95-4f96-8d8e-fa3147c0110a/datanode-6/data/containers/hdds of  storage type : DISK and capacity : 52710309888
2019-07-13 20:37:24,485 INFO  volume.VolumeSet (VolumeSet.java:initializeVolumeSet(170)) - Added Volume : /tmp/workdir/hadoop-ozone/integration-test/target/test-dir/MiniOzoneClusterImpl-beb3fd2f-7e95-4f96-8d8e-fa3147c0110a/datanode-6/data/containers/hdds to VolumeSet
2019-07-13 20:37:24,485 INFO  volume.ThrottledAsyncChecker (ThrottledAsyncChecker.java:schedule(140)) - Scheduling a check for org.apache.hadoop.ozone.container.common.volume.HddsVolume@255eadf5
2019-07-13 20:37:24,486 INFO  volume.HddsVolumeChecker (HddsVolumeChecker.java:checkAllVolumes(203)) - Scheduled health check for volume org.apache.hadoop.ozone.container.common.volume.HddsVolume@255eadf5
2019-07-13 20:37:24,500 INFO  impl.RaftServerProxy (ConfUtils.java:logGet(43)) - raft.rpc.type = GRPC (default)
2019-07-13 20:37:24,500 INFO  grpc.GrpcFactory (GrpcFactory.java:checkPooledByteBufAllocatorUseCacheForAllThreads(45)) - PERFORMANCE WARNING: useCacheForAllThreads is true that may cause Netty to create a lot garbage objects and, as a result, trigger GC.
	It is recommended to disable useCacheForAllThreads by setting -Dorg.apache.ratis.thirdparty.io.netty.allocator.useCacheForAllThreads=false in command line.
2019-07-13 20:37:24,500 INFO  grpc.GrpcConfigKeys$Server (ConfUtils.java:logGet(43)) - raft.grpc.server.port = 0 (default)
2019-07-13 20:37:24,501 INFO  server.GrpcService (ConfUtils.java:logGet(43)) - raft.grpc.message.size.max = 33570816 (custom)
2019-07-13 20:37:24,501 INFO  server.RaftServerConfigKeys (ConfUtils.java:logGet(43)) - raft.server.log.appender.buffer.byte-limit = 33554432 (custom)
2019-07-13 20:37:24,501 INFO  server.GrpcService (ConfUtils.java:logGet(43)) - raft.grpc.flow.control.window = 1MB (=1048576) (default)
2019-07-13 20:37:24,501 INFO  server.RaftServerConfigKeys (ConfUtils.java:logGet(43)) - raft.server.rpc.request.timeout = 3000ms (default)
2019-07-13 20:37:24,502 INFO  server.RaftServerConfigKeys (ConfUtils.java:logGet(43)) - raft.server.storage.dir = [/tmp/workdir/hadoop-ozone/integration-test/target/test-dir/MiniOzoneClusterImpl-beb3fd2f-7e95-4f96-8d8e-fa3147c0110a/datanode-6/data/ratis] (custom)
2019-07-13 20:37:24,503 INFO  replication.SimpleContainerDownloader (SimpleContainerDownloader.java:<init>(72)) - Starting container downloader service to copy containers to replicate.
2019-07-13 20:37:24,504 INFO  hdfs.DFSUtil (DFSUtil.java:httpServerTemplateForNNAndJN(1641)) - Starting Web-server for hddsDatanode at: http://0.0.0.0:0
2019-07-13 20:37:24,505 INFO  server.AuthenticationFilter (AuthenticationFilter.java:constructSecretProvider(240)) - Unable to initialize FileSignerSecretProvider, falling back to use random secrets.
2019-07-13 20:37:24,506 WARN  http.HttpRequestLog (HttpRequestLog.java:getRequestLog(97)) - Jetty request log can only be enabled using Log4j
2019-07-13 20:37:24,507 INFO  http.HttpServer2 (HttpServer2.java:addGlobalFilter(975)) - Added global filter 'safety' (class=org.apache.hadoop.http.HttpServer2$QuotingInputFilter)
2019-07-13 20:37:24,507 INFO  http.HttpServer2 (HttpServer2.java:addFilter(948)) - Added filter static_user_filter (class=org.apache.hadoop.http.lib.StaticUserWebFilter$StaticUserFilter) to context hddsDatanode
2019-07-13 20:37:24,507 INFO  http.HttpServer2 (HttpServer2.java:addFilter(958)) - Added filter static_user_filter (class=org.apache.hadoop.http.lib.StaticUserWebFilter$StaticUserFilter) to context logs
2019-07-13 20:37:24,507 INFO  http.HttpServer2 (HttpServer2.java:addFilter(958)) - Added filter static_user_filter (class=org.apache.hadoop.http.lib.StaticUserWebFilter$StaticUserFilter) to context static
2019-07-13 20:37:24,508 INFO  http.HttpServer2 (HttpServer2.java:bindListener(1191)) - Jetty bound to port 46672
2019-07-13 20:37:24,508 INFO  server.Server (Server.java:doStart(351)) - jetty-9.3.24.v20180605, build timestamp: 2018-06-05T17:11:56Z, git hash: 84205aa28f11a4f31f2a3b86d1bba2cc8ab69827
2019-07-13 20:37:24,509 INFO  handler.ContextHandler (ContextHandler.java:doStart(781)) - Started o.e.j.s.ServletContextHandler@5f33123{/logs,file:///tmp/workdir/hadoop-ozone/integration-test/target/log,AVAILABLE}
2019-07-13 20:37:24,510 INFO  handler.ContextHandler (ContextHandler.java:doStart(781)) - Started o.e.j.s.ServletContextHandler@48b1f8f5{/static,jar:file:/home/user/.m2/repository/org/apache/hadoop/hadoop-hdds-container-service/0.5.0-SNAPSHOT/hadoop-hdds-container-service-0.5.0-SNAPSHOT.jar!/webapps/static,AVAILABLE}
2019-07-13 20:37:24,536 INFO  handler.ContextHandler (ContextHandler.java:doStart(781)) - Started o.e.j.w.WebAppContext@69a8617c{/,file:///tmp/jetty-0.0.0.0-46672-hddsDatanode-_-any-5190671823355625816.dir/webapp/,AVAILABLE}{/hddsDatanode}
2019-07-13 20:37:24,536 INFO  server.AbstractConnector (AbstractConnector.java:doStart(278)) - Started ServerConnector@6ad703cd{HTTP/1.1,[http/1.1]}{0.0.0.0:46672}
2019-07-13 20:37:24,538 INFO  server.Server (Server.java:doStart(419)) - Started @636302ms
2019-07-13 20:37:24,539 INFO  server.BaseHttpServer (BaseHttpServer.java:updateConnectorAddress(207)) - HTTP server of HDDSDATANODE is listening at http://0.0.0.0:46672
2019-07-13 20:37:24,635 INFO  ozone.HddsDatanodeService (HddsDatanodeService.java:startPlugins(396)) - Started plug-in org.apache.hadoop.ozone.web.OzoneHddsDatanodeService@3b5769b3
2019-07-13 20:37:24,635 INFO  ozone.MiniOzoneClusterImpl (MiniOzoneClusterImpl.java:lambda$waitForClusterToBeReady$0(142)) - Waiting for cluster to be ready. Got 0 of 7 DN Heartbeats.
2019-07-13 20:37:24,639 INFO  util.JvmPauseMonitor (JvmPauseMonitor.java:run(188)) - Starting JVM pause monitor
2019-07-13 20:37:24,640 INFO  datanode.InitDatanodeState (InitDatanodeState.java:persistContainerDatanodeDetails(140)) - DatanodeDetails is persisted to /tmp/workdir/hadoop-ozone/integration-test/target/test-dir/MiniOzoneClusterImpl-beb3fd2f-7e95-4f96-8d8e-fa3147c0110a/datanode-6/meta/datanode.id
2019-07-13 20:37:25,412 INFO  ozoneimpl.OzoneContainer (OzoneContainer.java:start(186)) - Attempting to start container services.
2019-07-13 20:37:25,415 INFO  ozoneimpl.OzoneContainer (OzoneContainer.java:startContainerScrub(160)) - Background container scrubber has been disabled by hdds.containerscrub.enabled
2019-07-13 20:37:25,415 INFO  ratis.XceiverServerRatis (XceiverServerRatis.java:start(418)) - Starting XceiverServerRatis d96a1763-cd6d-4bf5-9130-827c7273c33d at port 0
2019-07-13 20:37:25,423 INFO  impl.RaftServerProxy (RaftServerProxy.java:lambda$start$3(299)) - d96a1763-cd6d-4bf5-9130-827c7273c33d: start RPC server
2019-07-13 20:37:25,425 INFO  server.GrpcService (GrpcService.java:startImpl(149)) - d96a1763-cd6d-4bf5-9130-827c7273c33d: GrpcService started, listening on 0.0.0.0/0.0.0.0:40514
2019-07-13 20:37:25,425 INFO  ratis.XceiverServerRatis (XceiverServerRatis.java:start(428)) - XceiverServerRatis d96a1763-cd6d-4bf5-9130-827c7273c33d is started using port 40514
2019-07-13 20:37:25,433 INFO  server.XceiverServerGrpc (XceiverServerGrpc.java:start(161)) - XceiverServerGrpc d96a1763-cd6d-4bf5-9130-827c7273c33d is started using port 45221
2019-07-13 20:37:25,587 INFO  ozoneimpl.OzoneContainer (OzoneContainer.java:start(186)) - Attempting to start container services.
2019-07-13 20:37:25,590 INFO  ozoneimpl.OzoneContainer (OzoneContainer.java:startContainerScrub(160)) - Background container scrubber has been disabled by hdds.containerscrub.enabled
2019-07-13 20:37:25,590 INFO  ratis.XceiverServerRatis (XceiverServerRatis.java:start(418)) - Starting XceiverServerRatis b75b127d-5cec-4fc5-8ee8-f57a3a9e36d1 at port 0
2019-07-13 20:37:25,598 INFO  impl.RaftServerProxy (RaftServerProxy.java:lambda$start$3(299)) - b75b127d-5cec-4fc5-8ee8-f57a3a9e36d1: start RPC server
2019-07-13 20:37:25,599 INFO  server.GrpcService (GrpcService.java:startImpl(149)) - b75b127d-5cec-4fc5-8ee8-f57a3a9e36d1: GrpcService started, listening on 0.0.0.0/0.0.0.0:33283
2019-07-13 20:37:25,599 INFO  ratis.XceiverServerRatis (XceiverServerRatis.java:start(428)) - XceiverServerRatis b75b127d-5cec-4fc5-8ee8-f57a3a9e36d1 is started using port 33283
2019-07-13 20:37:25,599 INFO  server.XceiverServerGrpc (XceiverServerGrpc.java:start(161)) - XceiverServerGrpc b75b127d-5cec-4fc5-8ee8-f57a3a9e36d1 is started using port 46154
2019-07-13 20:37:25,636 INFO  ozone.MiniOzoneClusterImpl (MiniOzoneClusterImpl.java:lambda$waitForClusterToBeReady$0(142)) - Waiting for cluster to be ready. Got 0 of 7 DN Heartbeats.
2019-07-13 20:37:25,741 INFO  ozoneimpl.OzoneContainer (OzoneContainer.java:start(186)) - Attempting to start container services.
2019-07-13 20:37:25,748 INFO  ozoneimpl.OzoneContainer (OzoneContainer.java:startContainerScrub(160)) - Background container scrubber has been disabled by hdds.containerscrub.enabled
2019-07-13 20:37:25,748 INFO  ratis.XceiverServerRatis (XceiverServerRatis.java:start(418)) - Starting XceiverServerRatis 1c78e758-fb4e-4394-b5b7-5dfaecdfbdb6 at port 0
2019-07-13 20:37:25,755 INFO  impl.RaftServerProxy (RaftServerProxy.java:lambda$start$3(299)) - 1c78e758-fb4e-4394-b5b7-5dfaecdfbdb6: start RPC server
2019-07-13 20:37:25,756 INFO  server.GrpcService (GrpcService.java:startImpl(149)) - 1c78e758-fb4e-4394-b5b7-5dfaecdfbdb6: GrpcService started, listening on 0.0.0.0/0.0.0.0:37735
2019-07-13 20:37:25,756 INFO  ratis.XceiverServerRatis (XceiverServerRatis.java:start(428)) - XceiverServerRatis 1c78e758-fb4e-4394-b5b7-5dfaecdfbdb6 is started using port 37735
2019-07-13 20:37:25,764 INFO  server.XceiverServerGrpc (XceiverServerGrpc.java:start(161)) - XceiverServerGrpc 1c78e758-fb4e-4394-b5b7-5dfaecdfbdb6 is started using port 46862
2019-07-13 20:37:25,910 INFO  ozoneimpl.OzoneContainer (OzoneContainer.java:start(186)) - Attempting to start container services.
2019-07-13 20:37:25,910 INFO  ozoneimpl.OzoneContainer (OzoneContainer.java:startContainerScrub(160)) - Background container scrubber has been disabled by hdds.containerscrub.enabled
2019-07-13 20:37:25,911 INFO  ratis.XceiverServerRatis (XceiverServerRatis.java:start(418)) - Starting XceiverServerRatis 82b47179-ae1c-4828-8266-167abf0010c1 at port 0
2019-07-13 20:37:25,918 INFO  impl.RaftServerProxy (RaftServerProxy.java:lambda$start$3(299)) - 82b47179-ae1c-4828-8266-167abf0010c1: start RPC server
2019-07-13 20:37:25,920 INFO  server.GrpcService (GrpcService.java:startImpl(149)) - 82b47179-ae1c-4828-8266-167abf0010c1: GrpcService started, listening on 0.0.0.0/0.0.0.0:43562
2019-07-13 20:37:25,920 INFO  ratis.XceiverServerRatis (XceiverServerRatis.java:start(428)) - XceiverServerRatis 82b47179-ae1c-4828-8266-167abf0010c1 is started using port 43562
2019-07-13 20:37:25,921 INFO  server.XceiverServerGrpc (XceiverServerGrpc.java:start(161)) - XceiverServerGrpc 82b47179-ae1c-4828-8266-167abf0010c1 is started using port 43521
2019-07-13 20:37:26,272 INFO  ozoneimpl.OzoneContainer (OzoneContainer.java:start(186)) - Attempting to start container services.
2019-07-13 20:37:26,273 INFO  ozoneimpl.OzoneContainer (OzoneContainer.java:startContainerScrub(160)) - Background container scrubber has been disabled by hdds.containerscrub.enabled
2019-07-13 20:37:26,273 INFO  ratis.XceiverServerRatis (XceiverServerRatis.java:start(418)) - Starting XceiverServerRatis 5f3a79b9-cbc4-4548-98b3-fb34771e4c89 at port 0
2019-07-13 20:37:26,280 INFO  impl.RaftServerProxy (RaftServerProxy.java:lambda$start$3(299)) - 5f3a79b9-cbc4-4548-98b3-fb34771e4c89: start RPC server
2019-07-13 20:37:26,285 INFO  server.GrpcService (GrpcService.java:startImpl(149)) - 5f3a79b9-cbc4-4548-98b3-fb34771e4c89: GrpcService started, listening on 0.0.0.0/0.0.0.0:44101
2019-07-13 20:37:26,285 INFO  ratis.XceiverServerRatis (XceiverServerRatis.java:start(428)) - XceiverServerRatis 5f3a79b9-cbc4-4548-98b3-fb34771e4c89 is started using port 44101
2019-07-13 20:37:26,287 INFO  server.XceiverServerGrpc (XceiverServerGrpc.java:start(161)) - XceiverServerGrpc 5f3a79b9-cbc4-4548-98b3-fb34771e4c89 is started using port 40684
2019-07-13 20:37:26,488 INFO  ozoneimpl.OzoneContainer (OzoneContainer.java:start(186)) - Attempting to start container services.
2019-07-13 20:37:26,488 INFO  ozoneimpl.OzoneContainer (OzoneContainer.java:startContainerScrub(160)) - Background container scrubber has been disabled by hdds.containerscrub.enabled
2019-07-13 20:37:26,488 INFO  ratis.XceiverServerRatis (XceiverServerRatis.java:start(418)) - Starting XceiverServerRatis bdfd8e89-8012-4ce1-987e-8446dc669c65 at port 0
2019-07-13 20:37:26,496 INFO  impl.RaftServerProxy (RaftServerProxy.java:lambda$start$3(299)) - bdfd8e89-8012-4ce1-987e-8446dc669c65: start RPC server
2019-07-13 20:37:26,496 INFO  server.GrpcService (GrpcService.java:startImpl(149)) - bdfd8e89-8012-4ce1-987e-8446dc669c65: GrpcService started, listening on 0.0.0.0/0.0.0.0:46256
2019-07-13 20:37:26,497 INFO  ratis.XceiverServerRatis (XceiverServerRatis.java:start(428)) - XceiverServerRatis bdfd8e89-8012-4ce1-987e-8446dc669c65 is started using port 46256
2019-07-13 20:37:26,497 INFO  server.XceiverServerGrpc (XceiverServerGrpc.java:start(161)) - XceiverServerGrpc bdfd8e89-8012-4ce1-987e-8446dc669c65 is started using port 33660
2019-07-13 20:37:26,636 INFO  ozone.MiniOzoneClusterImpl (MiniOzoneClusterImpl.java:lambda$waitForClusterToBeReady$0(142)) - Waiting for cluster to be ready. Got 0 of 7 DN Heartbeats.
2019-07-13 20:37:26,645 INFO  ozoneimpl.OzoneContainer (OzoneContainer.java:start(186)) - Attempting to start container services.
2019-07-13 20:37:26,646 INFO  ozoneimpl.OzoneContainer (OzoneContainer.java:startContainerScrub(160)) - Background container scrubber has been disabled by hdds.containerscrub.enabled
2019-07-13 20:37:26,646 INFO  ratis.XceiverServerRatis (XceiverServerRatis.java:start(418)) - Starting XceiverServerRatis db6fb076-c625-4ffe-8c3c-b474a25b20c8 at port 0
2019-07-13 20:37:26,653 INFO  impl.RaftServerProxy (RaftServerProxy.java:lambda$start$3(299)) - db6fb076-c625-4ffe-8c3c-b474a25b20c8: start RPC server
2019-07-13 20:37:26,654 INFO  server.GrpcService (GrpcService.java:startImpl(149)) - db6fb076-c625-4ffe-8c3c-b474a25b20c8: GrpcService started, listening on 0.0.0.0/0.0.0.0:43615
2019-07-13 20:37:26,654 INFO  ratis.XceiverServerRatis (XceiverServerRatis.java:start(428)) - XceiverServerRatis db6fb076-c625-4ffe-8c3c-b474a25b20c8 is started using port 43615
2019-07-13 20:37:26,655 INFO  server.XceiverServerGrpc (XceiverServerGrpc.java:start(161)) - XceiverServerGrpc db6fb076-c625-4ffe-8c3c-b474a25b20c8 is started using port 40557
2019-07-13 20:37:27,400 INFO  net.NetworkTopology (NetworkTopologyImpl.java:add(110)) - Added a new node: /default-rack/192.168.5.168
2019-07-13 20:37:27,402 INFO  node.SCMNodeManager (SCMNodeManager.java:register(269)) - Registered Data node : d96a1763-cd6d-4bf5-9130-827c7273c33d{ip: 192.168.5.168, host: trunk-nightly-6qp7m-2461138711, networkLocation: /default-rack, certSerialId: null}
2019-07-13 20:37:27,404 INFO  safemode.SCMSafeModeManager (DataNodeSafeModeRule.java:process(71)) - SCM in safe mode. 1 DataNodes registered, 1 required.
2019-07-13 20:37:27,406 INFO  safemode.SCMSafeModeManager (SCMSafeModeManager.java:validateSafeModeExitRules(177)) - ScmSafeModeManager, all rules are successfully validated
2019-07-13 20:37:27,407 INFO  safemode.SCMSafeModeManager (SCMSafeModeManager.java:exitSafeMode(193)) - SCM exiting safe mode.
2019-07-13 20:37:27,427 INFO  impl.RaftServerProxy (RaftServerProxy.java:addNew(89)) - d96a1763-cd6d-4bf5-9130-827c7273c33d: addNew group-045C1D15AAF3:[d96a1763-cd6d-4bf5-9130-827c7273c33d:192.168.5.168:40514] returns group-045C1D15AAF3:java.util.concurrent.CompletableFuture@6a7d1f8f[Not completed]
2019-07-13 20:37:27,428 INFO  impl.RaftServerImpl (RaftServerImpl.java:<init>(93)) - d96a1763-cd6d-4bf5-9130-827c7273c33d: new RaftServerImpl for group-045C1D15AAF3:[d96a1763-cd6d-4bf5-9130-827c7273c33d:192.168.5.168:40514] with ContainerStateMachine:uninitialized
2019-07-13 20:37:27,428 INFO  server.RaftServerConfigKeys (ConfUtils.java:logGet(43)) - raft.server.rpc.timeout.min = 5s (custom)
2019-07-13 20:37:27,428 INFO  server.RaftServerConfigKeys (ConfUtils.java:logGet(43)) - raft.server.rpc.timeout.max = 5200ms (custom)
2019-07-13 20:37:27,428 INFO  server.RaftServerConfigKeys (ConfUtils.java:logGet(43)) - raft.server.rpcslowness.timeout = 120s (custom)
2019-07-13 20:37:27,428 INFO  server.RaftServerConfigKeys (ConfUtils.java:logGet(43)) - raft.server.sleep.deviation.threshold = 300 (default)
2019-07-13 20:37:27,428 INFO  server.RaftServerConfigKeys (ConfUtils.java:logGet(43)) - raft.server.log.appender.install.snapshot.enabled = false (custom)
2019-07-13 20:37:27,428 INFO  impl.RaftServerImpl (ServerState.java:<init>(105)) - d96a1763-cd6d-4bf5-9130-827c7273c33d:group-045C1D15AAF3 ConfigurationManager, init=-1: [d96a1763-cd6d-4bf5-9130-827c7273c33d:192.168.5.168:40514], old=null, confs=<EMPTY_MAP>
2019-07-13 20:37:27,429 INFO  server.RaftServerConfigKeys (ConfUtils.java:logGet(43)) - raft.server.storage.dir = [/tmp/workdir/hadoop-ozone/integration-test/target/test-dir/MiniOzoneClusterImpl-beb3fd2f-7e95-4f96-8d8e-fa3147c0110a/datanode-0/data/ratis] (custom)
2019-07-13 20:37:27,429 INFO  storage.RaftStorageDirectory (RaftStorageDirectory.java:analyzeStorage(246)) - The storage directory /tmp/workdir/hadoop-ozone/integration-test/target/test-dir/MiniOzoneClusterImpl-beb3fd2f-7e95-4f96-8d8e-fa3147c0110a/datanode-0/data/ratis/15233730-61c9-4016-8f91-045c1d15aaf3 does not exist. Creating ...
2019-07-13 20:37:27,434 INFO  storage.RaftStorageDirectory (RaftStorageDirectory.java:tryLock(328)) - Lock on /tmp/workdir/hadoop-ozone/integration-test/target/test-dir/MiniOzoneClusterImpl-beb3fd2f-7e95-4f96-8d8e-fa3147c0110a/datanode-0/data/ratis/15233730-61c9-4016-8f91-045c1d15aaf3/in_use.lock acquired by nodename 32015@trunk-nightly-6qp7m-2461138711
2019-07-13 20:37:27,437 INFO  storage.RaftStorage (RaftStorage.java:format(72)) - Storage directory /tmp/workdir/hadoop-ozone/integration-test/target/test-dir/MiniOzoneClusterImpl-beb3fd2f-7e95-4f96-8d8e-fa3147c0110a/datanode-0/data/ratis/15233730-61c9-4016-8f91-045c1d15aaf3 has been successfully formatted.
2019-07-13 20:37:27,437 INFO  ratis.ContainerStateMachine (ContainerStateMachine.java:loadSnapshot(200)) - The snapshot info is null.Setting the last applied index to:(t:0, i:~)
2019-07-13 20:37:27,438 INFO  server.RaftServerConfigKeys (ConfUtils.java:logGet(43)) - raft.server.leader.election.timeout = 120s (custom)
2019-07-13 20:37:27,438 INFO  server.RaftServerConfigKeys (ConfUtils.java:logGet(43)) - raft.server.log.use.memory = false (default)
2019-07-13 20:37:27,438 INFO  server.RaftServerConfigKeys (ConfUtils.java:logGet(43)) - raft.server.log.purge.gap = 1000000000 (custom)
2019-07-13 20:37:27,438 INFO  server.RaftServerConfigKeys (ConfUtils.java:logGet(43)) - raft.server.log.appender.buffer.byte-limit = 33554432 (custom)
2019-07-13 20:37:27,438 INFO  server.RaftServerConfigKeys (ConfUtils.java:logGet(43)) - raft.server.log.segment.size.max = 1048576 (custom)
2019-07-13 20:37:27,438 INFO  server.RaftServerConfigKeys (ConfUtils.java:logGet(43)) - raft.server.log.segment.cache.num.max = 2 (custom)
2019-07-13 20:37:27,439 INFO  segmented.SegmentedRaftLogWorker (SegmentedRaftLogWorker.java:<init>(172)) - new d96a1763-cd6d-4bf5-9130-827c7273c33d-SegmentedRaftLogWorker:Storage Directory /tmp/workdir/hadoop-ozone/integration-test/target/test-dir/MiniOzoneClusterImpl-beb3fd2f-7e95-4f96-8d8e-fa3147c0110a/datanode-0/data/ratis/15233730-61c9-4016-8f91-045c1d15aaf3 for RaftStorage:Storage Directory /tmp/workdir/hadoop-ozone/integration-test/target/test-dir/MiniOzoneClusterImpl-beb3fd2f-7e95-4f96-8d8e-fa3147c0110a/datanode-0/data/ratis/15233730-61c9-4016-8f91-045c1d15aaf3
2019-07-13 20:37:27,439 INFO  server.RaftServerConfigKeys (ConfUtils.java:logGet(43)) - raft.server.log.queue.byte-limit = 2147483647 (custom)
2019-07-13 20:37:27,439 INFO  server.RaftServerConfigKeys (ConfUtils.java:logGet(43)) - raft.server.log.queue.element-limit = 1024 (custom)
2019-07-13 20:37:27,439 INFO  server.RaftServerConfigKeys (ConfUtils.java:logGet(43)) - raft.server.log.segment.size.max = 1048576 (custom)
2019-07-13 20:37:27,440 INFO  server.RaftServerConfigKeys (ConfUtils.java:logGet(43)) - raft.server.log.preallocated.size = 16384 (custom)
2019-07-13 20:37:27,440 INFO  server.RaftServerConfigKeys (ConfUtils.java:logGet(43)) - raft.server.log.write.buffer.size = 33554432 (custom)
2019-07-13 20:37:27,440 INFO  server.RaftServerConfigKeys (ConfUtils.java:logGet(43)) - raft.server.log.force.sync.num = 128 (default)
2019-07-13 20:37:27,440 INFO  server.RaftServerConfigKeys (ConfUtils.java:logGet(43)) - raft.server.log.statemachine.data.sync = true (default)
2019-07-13 20:37:27,440 INFO  server.RaftServerConfigKeys (ConfUtils.java:logGet(43)) - raft.server.log.statemachine.data.sync.timeout = 10s (default)
2019-07-13 20:37:27,440 INFO  server.RaftServerConfigKeys (ConfUtils.java:logGet(43)) - raft.server.log.statemachine.data.sync.timeout.retry = -1 (default)
2019-07-13 20:37:27,441 INFO  server.RaftServerConfigKeys (ConfUtils.java:logGet(43)) - raft.server.log.statemachine.data.caching.enabled = true (custom)
2019-07-13 20:37:27,441 INFO  segmented.SegmentedRaftLogWorker (SegmentedRaftLogWorker.java:lambda$new$0(132)) - d96a1763-cd6d-4bf5-9130-827c7273c33d-SegmentedRaftLogWorker:Storage Directory /tmp/workdir/hadoop-ozone/integration-test/target/test-dir/MiniOzoneClusterImpl-beb3fd2f-7e95-4f96-8d8e-fa3147c0110a/datanode-0/data/ratis/15233730-61c9-4016-8f91-045c1d15aaf3: flushIndex: setUnconditionally 0 -> -1
2019-07-13 20:37:27,441 INFO  server.RaftServerConfigKeys (ConfUtils.java:logGet(43)) - raft.server.snapshot.auto.trigger.enabled = true (custom)
2019-07-13 20:37:27,442 INFO  server.RaftServerConfigKeys (ConfUtils.java:logGet(43)) - raft.server.snapshot.auto.trigger.threshold = 10000 (custom)
2019-07-13 20:37:27,442 INFO  server.RaftServerConfigKeys (ConfUtils.java:logGet(43)) - raft.server.retrycache.expirytime = 600000ms (custom)
2019-07-13 20:37:27,442 INFO  impl.RaftServerImpl (RaftServerImpl.java:start(180)) - d96a1763-cd6d-4bf5-9130-827c7273c33d: start group-045C1D15AAF3
2019-07-13 20:37:27,442 INFO  impl.RaftServerImpl (RaftServerImpl.java:setRole(171)) - d96a1763-cd6d-4bf5-9130-827c7273c33d:group-045C1D15AAF3 changes role from null to FOLLOWER at term 0 for startAsFollower
2019-07-13 20:37:27,442 INFO  impl.RoleInfo (RoleInfo.java:updateAndGet(143)) - d96a1763-cd6d-4bf5-9130-827c7273c33d: start FollowerState
2019-07-13 20:37:27,444 INFO  util.JmxRegister (JmxRegister.java:tryRegister(44)) - Successfully registered JMX Bean with object name Ratis:service=RaftServer,group=group-045C1D15AAF3,id=d96a1763-cd6d-4bf5-9130-827c7273c33d
2019-07-13 20:37:27,446 INFO  pipeline.PipelineStateManager (PipelineStateManager.java:addPipeline(56)) - Created pipeline Pipeline[ Id: 15233730-61c9-4016-8f91-045c1d15aaf3, Nodes: d96a1763-cd6d-4bf5-9130-827c7273c33d{ip: 192.168.5.168, host: trunk-nightly-6qp7m-2461138711, networkLocation: /default-rack, certSerialId: null}, Type:RATIS, Factor:ONE, State:OPEN]
2019-07-13 20:37:27,573 INFO  node.SCMNodeManager (SCMNodeManager.java:register(269)) - Registered Data node : b75b127d-5cec-4fc5-8ee8-f57a3a9e36d1{ip: 192.168.5.168, host: trunk-nightly-6qp7m-2461138711, networkLocation: /default-rack, certSerialId: null}
2019-07-13 20:37:27,581 INFO  impl.RaftServerProxy (RaftServerProxy.java:addNew(89)) - b75b127d-5cec-4fc5-8ee8-f57a3a9e36d1: addNew group-66C7026B87F1:[b75b127d-5cec-4fc5-8ee8-f57a3a9e36d1:192.168.5.168:33283] returns group-66C7026B87F1:java.util.concurrent.CompletableFuture@42a1aef1[Not completed]
2019-07-13 20:37:27,582 INFO  impl.RaftServerImpl (RaftServerImpl.java:<init>(93)) - b75b127d-5cec-4fc5-8ee8-f57a3a9e36d1: new RaftServerImpl for group-66C7026B87F1:[b75b127d-5cec-4fc5-8ee8-f57a3a9e36d1:192.168.5.168:33283] with ContainerStateMachine:uninitialized
2019-07-13 20:37:27,582 INFO  server.RaftServerConfigKeys (ConfUtils.java:logGet(43)) - raft.server.rpc.timeout.min = 5s (custom)
2019-07-13 20:37:27,582 INFO  server.RaftServerConfigKeys (ConfUtils.java:logGet(43)) - raft.server.rpc.timeout.max = 5200ms (custom)
2019-07-13 20:37:27,582 INFO  server.RaftServerConfigKeys (ConfUtils.java:logGet(43)) - raft.server.rpcslowness.timeout = 120s (custom)
2019-07-13 20:37:27,582 INFO  server.RaftServerConfigKeys (ConfUtils.java:logGet(43)) - raft.server.sleep.deviation.threshold = 300 (default)
2019-07-13 20:37:27,583 INFO  server.RaftServerConfigKeys (ConfUtils.java:logGet(43)) - raft.server.log.appender.install.snapshot.enabled = false (custom)
2019-07-13 20:37:27,583 INFO  impl.RaftServerImpl (ServerState.java:<init>(105)) - b75b127d-5cec-4fc5-8ee8-f57a3a9e36d1:group-66C7026B87F1 ConfigurationManager, init=-1: [b75b127d-5cec-4fc5-8ee8-f57a3a9e36d1:192.168.5.168:33283], old=null, confs=<EMPTY_MAP>
2019-07-13 20:37:27,583 INFO  server.RaftServerConfigKeys (ConfUtils.java:logGet(43)) - raft.server.storage.dir = [/tmp/workdir/hadoop-ozone/integration-test/target/test-dir/MiniOzoneClusterImpl-beb3fd2f-7e95-4f96-8d8e-fa3147c0110a/datanode-1/data/ratis] (custom)
2019-07-13 20:37:27,583 INFO  storage.RaftStorageDirectory (RaftStorageDirectory.java:analyzeStorage(246)) - The storage directory /tmp/workdir/hadoop-ozone/integration-test/target/test-dir/MiniOzoneClusterImpl-beb3fd2f-7e95-4f96-8d8e-fa3147c0110a/datanode-1/data/ratis/e1488b53-fab3-4538-b4ef-66c7026b87f1 does not exist. Creating ...
2019-07-13 20:37:27,596 INFO  storage.RaftStorageDirectory (RaftStorageDirectory.java:tryLock(328)) - Lock on /tmp/workdir/hadoop-ozone/integration-test/target/test-dir/MiniOzoneClusterImpl-beb3fd2f-7e95-4f96-8d8e-fa3147c0110a/datanode-1/data/ratis/e1488b53-fab3-4538-b4ef-66c7026b87f1/in_use.lock acquired by nodename 32015@trunk-nightly-6qp7m-2461138711
2019-07-13 20:37:27,599 INFO  storage.RaftStorage (RaftStorage.java:format(72)) - Storage directory /tmp/workdir/hadoop-ozone/integration-test/target/test-dir/MiniOzoneClusterImpl-beb3fd2f-7e95-4f96-8d8e-fa3147c0110a/datanode-1/data/ratis/e1488b53-fab3-4538-b4ef-66c7026b87f1 has been successfully formatted.
2019-07-13 20:37:27,600 INFO  ratis.ContainerStateMachine (ContainerStateMachine.java:loadSnapshot(200)) - The snapshot info is null.Setting the last applied index to:(t:0, i:~)
2019-07-13 20:37:27,600 INFO  server.RaftServerConfigKeys (ConfUtils.java:logGet(43)) - raft.server.leader.election.timeout = 120s (custom)
2019-07-13 20:37:27,600 INFO  server.RaftServerConfigKeys (ConfUtils.java:logGet(43)) - raft.server.log.use.memory = false (default)
2019-07-13 20:37:27,600 INFO  server.RaftServerConfigKeys (ConfUtils.java:logGet(43)) - raft.server.log.purge.gap = 1000000000 (custom)
2019-07-13 20:37:27,600 INFO  server.RaftServerConfigKeys (ConfUtils.java:logGet(43)) - raft.server.log.appender.buffer.byte-limit = 33554432 (custom)
2019-07-13 20:37:27,600 INFO  server.RaftServerConfigKeys (ConfUtils.java:logGet(43)) - raft.server.log.segment.size.max = 1048576 (custom)
2019-07-13 20:37:27,601 INFO  server.RaftServerConfigKeys (ConfUtils.java:logGet(43)) - raft.server.log.segment.cache.num.max = 2 (custom)
2019-07-13 20:37:27,601 INFO  segmented.SegmentedRaftLogWorker (SegmentedRaftLogWorker.java:<init>(172)) - new b75b127d-5cec-4fc5-8ee8-f57a3a9e36d1-SegmentedRaftLogWorker:Storage Directory /tmp/workdir/hadoop-ozone/integration-test/target/test-dir/MiniOzoneClusterImpl-beb3fd2f-7e95-4f96-8d8e-fa3147c0110a/datanode-1/data/ratis/e1488b53-fab3-4538-b4ef-66c7026b87f1 for RaftStorage:Storage Directory /tmp/workdir/hadoop-ozone/integration-test/target/test-dir/MiniOzoneClusterImpl-beb3fd2f-7e95-4f96-8d8e-fa3147c0110a/datanode-1/data/ratis/e1488b53-fab3-4538-b4ef-66c7026b87f1
2019-07-13 20:37:27,601 INFO  server.RaftServerConfigKeys (ConfUtils.java:logGet(43)) - raft.server.log.queue.byte-limit = 2147483647 (custom)
2019-07-13 20:37:27,601 INFO  server.RaftServerConfigKeys (ConfUtils.java:logGet(43)) - raft.server.log.queue.element-limit = 1024 (custom)
2019-07-13 20:37:27,602 INFO  server.RaftServerConfigKeys (ConfUtils.java:logGet(43)) - raft.server.log.segment.size.max = 1048576 (custom)
2019-07-13 20:37:27,602 INFO  server.RaftServerConfigKeys (ConfUtils.java:logGet(43)) - raft.server.log.preallocated.size = 16384 (custom)
2019-07-13 20:37:27,602 INFO  server.RaftServerConfigKeys (ConfUtils.java:logGet(43)) - raft.server.log.write.buffer.size = 33554432 (custom)
2019-07-13 20:37:27,602 INFO  server.RaftServerConfigKeys (ConfUtils.java:logGet(43)) - raft.server.log.force.sync.num = 128 (default)
2019-07-13 20:37:27,602 INFO  server.RaftServerConfigKeys (ConfUtils.java:logGet(43)) - raft.server.log.statemachine.data.sync = true (default)
2019-07-13 20:37:27,602 INFO  server.RaftServerConfigKeys (ConfUtils.java:logGet(43)) - raft.server.log.statemachine.data.sync.timeout = 10s (default)
2019-07-13 20:37:27,603 INFO  server.RaftServerConfigKeys (ConfUtils.java:logGet(43)) - raft.server.log.statemachine.data.sync.timeout.retry = -1 (default)
2019-07-13 20:37:27,603 INFO  server.RaftServerConfigKeys (ConfUtils.java:logGet(43)) - raft.server.log.statemachine.data.caching.enabled = true (custom)
2019-07-13 20:37:27,603 INFO  segmented.SegmentedRaftLogWorker (SegmentedRaftLogWorker.java:lambda$new$0(132)) - b75b127d-5cec-4fc5-8ee8-f57a3a9e36d1-SegmentedRaftLogWorker:Storage Directory /tmp/workdir/hadoop-ozone/integration-test/target/test-dir/MiniOzoneClusterImpl-beb3fd2f-7e95-4f96-8d8e-fa3147c0110a/datanode-1/data/ratis/e1488b53-fab3-4538-b4ef-66c7026b87f1: flushIndex: setUnconditionally 0 -> -1
2019-07-13 20:37:27,604 INFO  server.RaftServerConfigKeys (ConfUtils.java:logGet(43)) - raft.server.snapshot.auto.trigger.enabled = true (custom)
2019-07-13 20:37:27,604 INFO  server.RaftServerConfigKeys (ConfUtils.java:logGet(43)) - raft.server.snapshot.auto.trigger.threshold = 10000 (custom)
2019-07-13 20:37:27,604 INFO  server.RaftServerConfigKeys (ConfUtils.java:logGet(43)) - raft.server.retrycache.expirytime = 600000ms (custom)
2019-07-13 20:37:27,604 INFO  impl.RaftServerImpl (RaftServerImpl.java:start(180)) - b75b127d-5cec-4fc5-8ee8-f57a3a9e36d1: start group-66C7026B87F1
2019-07-13 20:37:27,604 INFO  impl.RaftServerImpl (RaftServerImpl.java:setRole(171)) - b75b127d-5cec-4fc5-8ee8-f57a3a9e36d1:group-66C7026B87F1 changes role from null to FOLLOWER at term 0 for startAsFollower
2019-07-13 20:37:27,605 INFO  impl.RoleInfo (RoleInfo.java:updateAndGet(143)) - b75b127d-5cec-4fc5-8ee8-f57a3a9e36d1: start FollowerState
2019-07-13 20:37:27,605 INFO  util.JmxRegister (JmxRegister.java:tryRegister(44)) - Successfully registered JMX Bean with object name Ratis:service=RaftServer,group=group-66C7026B87F1,id=b75b127d-5cec-4fc5-8ee8-f57a3a9e36d1
2019-07-13 20:37:27,607 INFO  pipeline.PipelineStateManager (PipelineStateManager.java:addPipeline(56)) - Created pipeline Pipeline[ Id: e1488b53-fab3-4538-b4ef-66c7026b87f1, Nodes: b75b127d-5cec-4fc5-8ee8-f57a3a9e36d1{ip: 192.168.5.168, host: trunk-nightly-6qp7m-2461138711, networkLocation: /default-rack, certSerialId: null}, Type:RATIS, Factor:ONE, State:OPEN]
2019-07-13 20:37:27,637 INFO  ozone.MiniOzoneClusterImpl (MiniOzoneClusterImpl.java:lambda$waitForClusterToBeReady$0(142)) - Waiting for cluster to be ready. Got 2 of 7 DN Heartbeats.
2019-07-13 20:37:27,736 INFO  node.SCMNodeManager (SCMNodeManager.java:register(269)) - Registered Data node : 1c78e758-fb4e-4394-b5b7-5dfaecdfbdb6{ip: 192.168.5.168, host: trunk-nightly-6qp7m-2461138711, networkLocation: /default-rack, certSerialId: null}
2019-07-13 20:37:27,744 INFO  impl.RaftServerProxy (RaftServerProxy.java:addNew(89)) - 1c78e758-fb4e-4394-b5b7-5dfaecdfbdb6: addNew group-237B98F89251:[1c78e758-fb4e-4394-b5b7-5dfaecdfbdb6:192.168.5.168:37735] returns group-237B98F89251:java.util.concurrent.CompletableFuture@19ef6545[Not completed]
2019-07-13 20:37:27,745 INFO  impl.RaftServerImpl (RaftServerImpl.java:<init>(93)) - 1c78e758-fb4e-4394-b5b7-5dfaecdfbdb6: new RaftServerImpl for group-237B98F89251:[1c78e758-fb4e-4394-b5b7-5dfaecdfbdb6:192.168.5.168:37735] with ContainerStateMachine:uninitialized
2019-07-13 20:37:27,745 INFO  server.RaftServerConfigKeys (ConfUtils.java:logGet(43)) - raft.server.rpc.timeout.min = 5s (custom)
2019-07-13 20:37:27,745 INFO  server.RaftServerConfigKeys (ConfUtils.java:logGet(43)) - raft.server.rpc.timeout.max = 5200ms (custom)
2019-07-13 20:37:27,745 INFO  server.RaftServerConfigKeys (ConfUtils.java:logGet(43)) - raft.server.rpcslowness.timeout = 120s (custom)
2019-07-13 20:37:27,745 INFO  server.RaftServerConfigKeys (ConfUtils.java:logGet(43)) - raft.server.sleep.deviation.threshold = 300 (default)
2019-07-13 20:37:27,745 INFO  server.RaftServerConfigKeys (ConfUtils.java:logGet(43)) - raft.server.log.appender.install.snapshot.enabled = false (custom)
2019-07-13 20:37:27,746 INFO  impl.RaftServerImpl (ServerState.java:<init>(105)) - 1c78e758-fb4e-4394-b5b7-5dfaecdfbdb6:group-237B98F89251 ConfigurationManager, init=-1: [1c78e758-fb4e-4394-b5b7-5dfaecdfbdb6:192.168.5.168:37735], old=null, confs=<EMPTY_MAP>
2019-07-13 20:37:27,746 INFO  server.RaftServerConfigKeys (ConfUtils.java:logGet(43)) - raft.server.storage.dir = [/tmp/workdir/hadoop-ozone/integration-test/target/test-dir/MiniOzoneClusterImpl-beb3fd2f-7e95-4f96-8d8e-fa3147c0110a/datanode-2/data/ratis] (custom)
2019-07-13 20:37:27,746 INFO  storage.RaftStorageDirectory (RaftStorageDirectory.java:analyzeStorage(246)) - The storage directory /tmp/workdir/hadoop-ozone/integration-test/target/test-dir/MiniOzoneClusterImpl-beb3fd2f-7e95-4f96-8d8e-fa3147c0110a/datanode-2/data/ratis/f60268c2-920f-4977-8b4f-237b98f89251 does not exist. Creating ...
2019-07-13 20:37:27,752 INFO  storage.RaftStorageDirectory (RaftStorageDirectory.java:tryLock(328)) - Lock on /tmp/workdir/hadoop-ozone/integration-test/target/test-dir/MiniOzoneClusterImpl-beb3fd2f-7e95-4f96-8d8e-fa3147c0110a/datanode-2/data/ratis/f60268c2-920f-4977-8b4f-237b98f89251/in_use.lock acquired by nodename 32015@trunk-nightly-6qp7m-2461138711
2019-07-13 20:37:27,755 INFO  storage.RaftStorage (RaftStorage.java:format(72)) - Storage directory /tmp/workdir/hadoop-ozone/integration-test/target/test-dir/MiniOzoneClusterImpl-beb3fd2f-7e95-4f96-8d8e-fa3147c0110a/datanode-2/data/ratis/f60268c2-920f-4977-8b4f-237b98f89251 has been successfully formatted.
2019-07-13 20:37:27,755 INFO  ratis.ContainerStateMachine (ContainerStateMachine.java:loadSnapshot(200)) - The snapshot info is null.Setting the last applied index to:(t:0, i:~)
2019-07-13 20:37:27,756 INFO  server.RaftServerConfigKeys (ConfUtils.java:logGet(43)) - raft.server.leader.election.timeout = 120s (custom)
2019-07-13 20:37:27,756 INFO  server.RaftServerConfigKeys (ConfUtils.java:logGet(43)) - raft.server.log.use.memory = false (default)
2019-07-13 20:37:27,756 INFO  server.RaftServerConfigKeys (ConfUtils.java:logGet(43)) - raft.server.log.purge.gap = 1000000000 (custom)
2019-07-13 20:37:27,756 INFO  server.RaftServerConfigKeys (ConfUtils.java:logGet(43)) - raft.server.log.appender.buffer.byte-limit = 33554432 (custom)
2019-07-13 20:37:27,756 INFO  server.RaftServerConfigKeys (ConfUtils.java:logGet(43)) - raft.server.log.segment.size.max = 1048576 (custom)
2019-07-13 20:37:27,756 INFO  server.RaftServerConfigKeys (ConfUtils.java:logGet(43)) - raft.server.log.segment.cache.num.max = 2 (custom)
2019-07-13 20:37:27,757 INFO  segmented.SegmentedRaftLogWorker (SegmentedRaftLogWorker.java:<init>(172)) - new 1c78e758-fb4e-4394-b5b7-5dfaecdfbdb6-SegmentedRaftLogWorker:Storage Directory /tmp/workdir/hadoop-ozone/integration-test/target/test-dir/MiniOzoneClusterImpl-beb3fd2f-7e95-4f96-8d8e-fa3147c0110a/datanode-2/data/ratis/f60268c2-920f-4977-8b4f-237b98f89251 for RaftStorage:Storage Directory /tmp/workdir/hadoop-ozone/integration-test/target/test-dir/MiniOzoneClusterImpl-beb3fd2f-7e95-4f96-8d8e-fa3147c0110a/datanode-2/data/ratis/f60268c2-920f-4977-8b4f-237b98f89251
2019-07-13 20:37:27,757 INFO  server.RaftServerConfigKeys (ConfUtils.java:logGet(43)) - raft.server.log.queue.byte-limit = 2147483647 (custom)
2019-07-13 20:37:27,757 INFO  server.RaftServerConfigKeys (ConfUtils.java:logGet(43)) - raft.server.log.queue.element-limit = 1024 (custom)
2019-07-13 20:37:27,757 INFO  server.RaftServerConfigKeys (ConfUtils.java:logGet(43)) - raft.server.log.segment.size.max = 1048576 (custom)
2019-07-13 20:37:27,757 INFO  server.RaftServerConfigKeys (ConfUtils.java:logGet(43)) - raft.server.log.preallocated.size = 16384 (custom)
2019-07-13 20:37:27,758 INFO  server.RaftServerConfigKeys (ConfUtils.java:logGet(43)) - raft.server.log.write.buffer.size = 33554432 (custom)
2019-07-13 20:37:27,758 INFO  server.RaftServerConfigKeys (ConfUtils.java:logGet(43)) - raft.server.log.force.sync.num = 128 (default)
2019-07-13 20:37:27,758 INFO  server.RaftServerConfigKeys (ConfUtils.java:logGet(43)) - raft.server.log.statemachine.data.sync = true (default)
2019-07-13 20:37:27,758 INFO  server.RaftServerConfigKeys (ConfUtils.java:logGet(43)) - raft.server.log.statemachine.data.sync.timeout = 10s (default)
2019-07-13 20:37:27,758 INFO  server.RaftServerConfigKeys (ConfUtils.java:logGet(43)) - raft.server.log.statemachine.data.sync.timeout.retry = -1 (default)
2019-07-13 20:37:27,759 INFO  server.RaftServerConfigKeys (ConfUtils.java:logGet(43)) - raft.server.log.statemachine.data.caching.enabled = true (custom)
2019-07-13 20:37:27,759 INFO  segmented.SegmentedRaftLogWorker (SegmentedRaftLogWorker.java:lambda$new$0(132)) - 1c78e758-fb4e-4394-b5b7-5dfaecdfbdb6-SegmentedRaftLogWorker:Storage Directory /tmp/workdir/hadoop-ozone/integration-test/target/test-dir/MiniOzoneClusterImpl-beb3fd2f-7e95-4f96-8d8e-fa3147c0110a/datanode-2/data/ratis/f60268c2-920f-4977-8b4f-237b98f89251: flushIndex: setUnconditionally 0 -> -1
2019-07-13 20:37:27,759 INFO  server.RaftServerConfigKeys (ConfUtils.java:logGet(43)) - raft.server.snapshot.auto.trigger.enabled = true (custom)
2019-07-13 20:37:27,759 INFO  server.RaftServerConfigKeys (ConfUtils.java:logGet(43)) - raft.server.snapshot.auto.trigger.threshold = 10000 (custom)
2019-07-13 20:37:27,760 INFO  server.RaftServerConfigKeys (ConfUtils.java:logGet(43)) - raft.server.retrycache.expirytime = 600000ms (custom)
2019-07-13 20:37:27,760 INFO  impl.RaftServerImpl (RaftServerImpl.java:start(180)) - 1c78e758-fb4e-4394-b5b7-5dfaecdfbdb6: start group-237B98F89251
2019-07-13 20:37:27,760 INFO  impl.RaftServerImpl (RaftServerImpl.java:setRole(171)) - 1c78e758-fb4e-4394-b5b7-5dfaecdfbdb6:group-237B98F89251 changes role from null to FOLLOWER at term 0 for startAsFollower
2019-07-13 20:37:27,760 INFO  impl.RoleInfo (RoleInfo.java:updateAndGet(143)) - 1c78e758-fb4e-4394-b5b7-5dfaecdfbdb6: start FollowerState
2019-07-13 20:37:27,761 INFO  util.JmxRegister (JmxRegister.java:tryRegister(44)) - Successfully registered JMX Bean with object name Ratis:service=RaftServer,group=group-237B98F89251,id=1c78e758-fb4e-4394-b5b7-5dfaecdfbdb6
2019-07-13 20:37:27,763 INFO  pipeline.PipelineStateManager (PipelineStateManager.java:addPipeline(56)) - Created pipeline Pipeline[ Id: f60268c2-920f-4977-8b4f-237b98f89251, Nodes: 1c78e758-fb4e-4394-b5b7-5dfaecdfbdb6{ip: 192.168.5.168, host: trunk-nightly-6qp7m-2461138711, networkLocation: /default-rack, certSerialId: null}, Type:RATIS, Factor:ONE, State:OPEN]
2019-07-13 20:37:27,774 INFO  impl.RaftServerProxy (RaftServerProxy.java:addNew(89)) - d96a1763-cd6d-4bf5-9130-827c7273c33d: addNew group-B39C3EDF44B2:[b75b127d-5cec-4fc5-8ee8-f57a3a9e36d1:192.168.5.168:33283, 1c78e758-fb4e-4394-b5b7-5dfaecdfbdb6:192.168.5.168:37735, d96a1763-cd6d-4bf5-9130-827c7273c33d:192.168.5.168:40514] returns group-B39C3EDF44B2:java.util.concurrent.CompletableFuture@4bcdf3ff[Not completed]
2019-07-13 20:37:27,774 INFO  impl.RaftServerProxy (RaftServerProxy.java:addNew(89)) - 1c78e758-fb4e-4394-b5b7-5dfaecdfbdb6: addNew group-B39C3EDF44B2:[b75b127d-5cec-4fc5-8ee8-f57a3a9e36d1:192.168.5.168:33283, 1c78e758-fb4e-4394-b5b7-5dfaecdfbdb6:192.168.5.168:37735, d96a1763-cd6d-4bf5-9130-827c7273c33d:192.168.5.168:40514] returns group-B39C3EDF44B2:java.util.concurrent.CompletableFuture@4049404[Not completed]
2019-07-13 20:37:27,774 INFO  impl.RaftServerProxy (RaftServerProxy.java:addNew(89)) - b75b127d-5cec-4fc5-8ee8-f57a3a9e36d1: addNew group-B39C3EDF44B2:[b75b127d-5cec-4fc5-8ee8-f57a3a9e36d1:192.168.5.168:33283, 1c78e758-fb4e-4394-b5b7-5dfaecdfbdb6:192.168.5.168:37735, d96a1763-cd6d-4bf5-9130-827c7273c33d:192.168.5.168:40514] returns group-B39C3EDF44B2:java.util.concurrent.CompletableFuture@495109b[Not completed]
2019-07-13 20:37:27,775 INFO  impl.RaftServerImpl (RaftServerImpl.java:<init>(93)) - d96a1763-cd6d-4bf5-9130-827c7273c33d: new RaftServerImpl for group-B39C3EDF44B2:[b75b127d-5cec-4fc5-8ee8-f57a3a9e36d1:192.168.5.168:33283, 1c78e758-fb4e-4394-b5b7-5dfaecdfbdb6:192.168.5.168:37735, d96a1763-cd6d-4bf5-9130-827c7273c33d:192.168.5.168:40514] with ContainerStateMachine:uninitialized
2019-07-13 20:37:27,775 INFO  server.RaftServerConfigKeys (ConfUtils.java:logGet(43)) - raft.server.rpc.timeout.min = 5s (custom)
2019-07-13 20:37:27,775 INFO  server.RaftServerConfigKeys (ConfUtils.java:logGet(43)) - raft.server.rpc.timeout.max = 5200ms (custom)
2019-07-13 20:37:27,775 INFO  impl.RaftServerImpl (RaftServerImpl.java:<init>(93)) - b75b127d-5cec-4fc5-8ee8-f57a3a9e36d1: new RaftServerImpl for group-B39C3EDF44B2:[b75b127d-5cec-4fc5-8ee8-f57a3a9e36d1:192.168.5.168:33283, 1c78e758-fb4e-4394-b5b7-5dfaecdfbdb6:192.168.5.168:37735, d96a1763-cd6d-4bf5-9130-827c7273c33d:192.168.5.168:40514] with ContainerStateMachine:uninitialized
2019-07-13 20:37:27,775 INFO  server.RaftServerConfigKeys (ConfUtils.java:logGet(43)) - raft.server.rpcslowness.timeout = 120s (custom)
2019-07-13 20:37:27,776 INFO  server.RaftServerConfigKeys (ConfUtils.java:logGet(43)) - raft.server.rpc.timeout.min = 5s (custom)
2019-07-13 20:37:27,776 INFO  server.RaftServerConfigKeys (ConfUtils.java:logGet(43)) - raft.server.sleep.deviation.threshold = 300 (default)
2019-07-13 20:37:27,776 INFO  impl.RaftServerImpl (RaftServerImpl.java:<init>(93)) - 1c78e758-fb4e-4394-b5b7-5dfaecdfbdb6: new RaftServerImpl for group-B39C3EDF44B2:[b75b127d-5cec-4fc5-8ee8-f57a3a9e36d1:192.168.5.168:33283, 1c78e758-fb4e-4394-b5b7-5dfaecdfbdb6:192.168.5.168:37735, d96a1763-cd6d-4bf5-9130-827c7273c33d:192.168.5.168:40514] with ContainerStateMachine:uninitialized
2019-07-13 20:37:27,776 INFO  server.RaftServerConfigKeys (ConfUtils.java:logGet(43)) - raft.server.log.appender.install.snapshot.enabled = false (custom)
2019-07-13 20:37:27,776 INFO  server.RaftServerConfigKeys (ConfUtils.java:logGet(43)) - raft.server.rpc.timeout.max = 5200ms (custom)
2019-07-13 20:37:27,776 INFO  impl.RaftServerImpl (ServerState.java:<init>(105)) - d96a1763-cd6d-4bf5-9130-827c7273c33d:group-B39C3EDF44B2 ConfigurationManager, init=-1: [b75b127d-5cec-4fc5-8ee8-f57a3a9e36d1:192.168.5.168:33283, 1c78e758-fb4e-4394-b5b7-5dfaecdfbdb6:192.168.5.168:37735, d96a1763-cd6d-4bf5-9130-827c7273c33d:192.168.5.168:40514], old=null, confs=<EMPTY_MAP>
2019-07-13 20:37:27,776 INFO  server.RaftServerConfigKeys (ConfUtils.java:logGet(43)) - raft.server.rpc.timeout.min = 5s (custom)
2019-07-13 20:37:27,777 INFO  server.RaftServerConfigKeys (ConfUtils.java:logGet(43)) - raft.server.storage.dir = [/tmp/workdir/hadoop-ozone/integration-test/target/test-dir/MiniOzoneClusterImpl-beb3fd2f-7e95-4f96-8d8e-fa3147c0110a/datanode-0/data/ratis] (custom)
2019-07-13 20:37:27,777 INFO  server.RaftServerConfigKeys (ConfUtils.java:logGet(43)) - raft.server.rpcslowness.timeout = 120s (custom)
2019-07-13 20:37:27,777 INFO  server.RaftServerConfigKeys (ConfUtils.java:logGet(43)) - raft.server.rpc.timeout.max = 5200ms (custom)
2019-07-13 20:37:27,777 INFO  storage.RaftStorageDirectory (RaftStorageDirectory.java:analyzeStorage(246)) - The storage directory /tmp/workdir/hadoop-ozone/integration-test/target/test-dir/MiniOzoneClusterImpl-beb3fd2f-7e95-4f96-8d8e-fa3147c0110a/datanode-0/data/ratis/151d9154-96cb-4cb6-9f5e-b39c3edf44b2 does not exist. Creating ...
2019-07-13 20:37:27,777 INFO  server.RaftServerConfigKeys (ConfUtils.java:logGet(43)) - raft.server.sleep.deviation.threshold = 300 (default)
2019-07-13 20:37:27,777 INFO  server.RaftServerConfigKeys (ConfUtils.java:logGet(43)) - raft.server.rpcslowness.timeout = 120s (custom)
2019-07-13 20:37:27,778 INFO  server.RaftServerConfigKeys (ConfUtils.java:logGet(43)) - raft.server.log.appender.install.snapshot.enabled = false (custom)
2019-07-13 20:37:27,778 INFO  server.RaftServerConfigKeys (ConfUtils.java:logGet(43)) - raft.server.sleep.deviation.threshold = 300 (default)
2019-07-13 20:37:27,778 INFO  impl.RaftServerImpl (ServerState.java:<init>(105)) - b75b127d-5cec-4fc5-8ee8-f57a3a9e36d1:group-B39C3EDF44B2 ConfigurationManager, init=-1: [b75b127d-5cec-4fc5-8ee8-f57a3a9e36d1:192.168.5.168:33283, 1c78e758-fb4e-4394-b5b7-5dfaecdfbdb6:192.168.5.168:37735, d96a1763-cd6d-4bf5-9130-827c7273c33d:192.168.5.168:40514], old=null, confs=<EMPTY_MAP>
2019-07-13 20:37:27,778 INFO  server.RaftServerConfigKeys (ConfUtils.java:logGet(43)) - raft.server.log.appender.install.snapshot.enabled = false (custom)
2019-07-13 20:37:27,778 INFO  server.RaftServerConfigKeys (ConfUtils.java:logGet(43)) - raft.server.storage.dir = [/tmp/workdir/hadoop-ozone/integration-test/target/test-dir/MiniOzoneClusterImpl-beb3fd2f-7e95-4f96-8d8e-fa3147c0110a/datanode-1/data/ratis] (custom)
2019-07-13 20:37:27,778 INFO  impl.RaftServerImpl (ServerState.java:<init>(105)) - 1c78e758-fb4e-4394-b5b7-5dfaecdfbdb6:group-B39C3EDF44B2 ConfigurationManager, init=-1: [b75b127d-5cec-4fc5-8ee8-f57a3a9e36d1:192.168.5.168:33283, 1c78e758-fb4e-4394-b5b7-5dfaecdfbdb6:192.168.5.168:37735, d96a1763-cd6d-4bf5-9130-827c7273c33d:192.168.5.168:40514], old=null, confs=<EMPTY_MAP>
2019-07-13 20:37:27,779 INFO  server.RaftServerConfigKeys (ConfUtils.java:logGet(43)) - raft.server.storage.dir = [/tmp/workdir/hadoop-ozone/integration-test/target/test-dir/MiniOzoneClusterImpl-beb3fd2f-7e95-4f96-8d8e-fa3147c0110a/datanode-2/data/ratis] (custom)
2019-07-13 20:37:27,779 INFO  storage.RaftStorageDirectory (RaftStorageDirectory.java:analyzeStorage(246)) - The storage directory /tmp/workdir/hadoop-ozone/integration-test/target/test-dir/MiniOzoneClusterImpl-beb3fd2f-7e95-4f96-8d8e-fa3147c0110a/datanode-1/data/ratis/151d9154-96cb-4cb6-9f5e-b39c3edf44b2 does not exist. Creating ...
2019-07-13 20:37:27,779 INFO  storage.RaftStorageDirectory (RaftStorageDirectory.java:analyzeStorage(246)) - The storage directory /tmp/workdir/hadoop-ozone/integration-test/target/test-dir/MiniOzoneClusterImpl-beb3fd2f-7e95-4f96-8d8e-fa3147c0110a/datanode-2/data/ratis/151d9154-96cb-4cb6-9f5e-b39c3edf44b2 does not exist. Creating ...
2019-07-13 20:37:27,782 INFO  storage.RaftStorageDirectory (RaftStorageDirectory.java:tryLock(328)) - Lock on /tmp/workdir/hadoop-ozone/integration-test/target/test-dir/MiniOzoneClusterImpl-beb3fd2f-7e95-4f96-8d8e-fa3147c0110a/datanode-1/data/ratis/151d9154-96cb-4cb6-9f5e-b39c3edf44b2/in_use.lock acquired by nodename 32015@trunk-nightly-6qp7m-2461138711
2019-07-13 20:37:27,782 INFO  storage.RaftStorageDirectory (RaftStorageDirectory.java:tryLock(328)) - Lock on /tmp/workdir/hadoop-ozone/integration-test/target/test-dir/MiniOzoneClusterImpl-beb3fd2f-7e95-4f96-8d8e-fa3147c0110a/datanode-0/data/ratis/151d9154-96cb-4cb6-9f5e-b39c3edf44b2/in_use.lock acquired by nodename 32015@trunk-nightly-6qp7m-2461138711
2019-07-13 20:37:27,782 INFO  storage.RaftStorageDirectory (RaftStorageDirectory.java:tryLock(328)) - Lock on /tmp/workdir/hadoop-ozone/integration-test/target/test-dir/MiniOzoneClusterImpl-beb3fd2f-7e95-4f96-8d8e-fa3147c0110a/datanode-2/data/ratis/151d9154-96cb-4cb6-9f5e-b39c3edf44b2/in_use.lock acquired by nodename 32015@trunk-nightly-6qp7m-2461138711
2019-07-13 20:37:27,789 INFO  storage.RaftStorage (RaftStorage.java:format(72)) - Storage directory /tmp/workdir/hadoop-ozone/integration-test/target/test-dir/MiniOzoneClusterImpl-beb3fd2f-7e95-4f96-8d8e-fa3147c0110a/datanode-0/data/ratis/151d9154-96cb-4cb6-9f5e-b39c3edf44b2 has been successfully formatted.
2019-07-13 20:37:27,789 INFO  storage.RaftStorage (RaftStorage.java:format(72)) - Storage directory /tmp/workdir/hadoop-ozone/integration-test/target/test-dir/MiniOzoneClusterImpl-beb3fd2f-7e95-4f96-8d8e-fa3147c0110a/datanode-1/data/ratis/151d9154-96cb-4cb6-9f5e-b39c3edf44b2 has been successfully formatted.
2019-07-13 20:37:27,789 INFO  storage.RaftStorage (RaftStorage.java:format(72)) - Storage directory /tmp/workdir/hadoop-ozone/integration-test/target/test-dir/MiniOzoneClusterImpl-beb3fd2f-7e95-4f96-8d8e-fa3147c0110a/datanode-2/data/ratis/151d9154-96cb-4cb6-9f5e-b39c3edf44b2 has been successfully formatted.
2019-07-13 20:37:27,789 INFO  ratis.ContainerStateMachine (ContainerStateMachine.java:loadSnapshot(200)) - The snapshot info is null.Setting the last applied index to:(t:0, i:~)
2019-07-13 20:37:27,789 INFO  ratis.ContainerStateMachine (ContainerStateMachine.java:loadSnapshot(200)) - The snapshot info is null.Setting the last applied index to:(t:0, i:~)
2019-07-13 20:37:27,789 INFO  server.RaftServerConfigKeys (ConfUtils.java:logGet(43)) - raft.server.leader.election.timeout = 120s (custom)
2019-07-13 20:37:27,789 INFO  ratis.ContainerStateMachine (ContainerStateMachine.java:loadSnapshot(200)) - The snapshot info is null.Setting the last applied index to:(t:0, i:~)
2019-07-13 20:37:27,790 INFO  server.RaftServerConfigKeys (ConfUtils.java:logGet(43)) - raft.server.log.use.memory = false (default)
2019-07-13 20:37:27,789 INFO  server.RaftServerConfigKeys (ConfUtils.java:logGet(43)) - raft.server.leader.election.timeout = 120s (custom)
2019-07-13 20:37:27,790 INFO  server.RaftServerConfigKeys (ConfUtils.java:logGet(43)) - raft.server.log.purge.gap = 1000000000 (custom)
2019-07-13 20:37:27,790 INFO  server.RaftServerConfigKeys (ConfUtils.java:logGet(43)) - raft.server.leader.election.timeout = 120s (custom)
2019-07-13 20:37:27,790 INFO  server.RaftServerConfigKeys (ConfUtils.java:logGet(43)) - raft.server.log.appender.buffer.byte-limit = 33554432 (custom)
2019-07-13 20:37:27,790 INFO  server.RaftServerConfigKeys (ConfUtils.java:logGet(43)) - raft.server.log.use.memory = false (default)
2019-07-13 20:37:27,791 INFO  server.RaftServerConfigKeys (ConfUtils.java:logGet(43)) - raft.server.log.segment.size.max = 1048576 (custom)
2019-07-13 20:37:27,790 INFO  server.RaftServerConfigKeys (ConfUtils.java:logGet(43)) - raft.server.log.use.memory = false (default)
2019-07-13 20:37:27,791 INFO  server.RaftServerConfigKeys (ConfUtils.java:logGet(43)) - raft.server.log.segment.cache.num.max = 2 (custom)
2019-07-13 20:37:27,791 INFO  server.RaftServerConfigKeys (ConfUtils.java:logGet(43)) - raft.server.log.purge.gap = 1000000000 (custom)
2019-07-13 20:37:27,791 INFO  segmented.SegmentedRaftLogWorker (SegmentedRaftLogWorker.java:<init>(172)) - new b75b127d-5cec-4fc5-8ee8-f57a3a9e36d1-SegmentedRaftLogWorker:Storage Directory /tmp/workdir/hadoop-ozone/integration-test/target/test-dir/MiniOzoneClusterImpl-beb3fd2f-7e95-4f96-8d8e-fa3147c0110a/datanode-1/data/ratis/151d9154-96cb-4cb6-9f5e-b39c3edf44b2 for RaftStorage:Storage Directory /tmp/workdir/hadoop-ozone/integration-test/target/test-dir/MiniOzoneClusterImpl-beb3fd2f-7e95-4f96-8d8e-fa3147c0110a/datanode-1/data/ratis/151d9154-96cb-4cb6-9f5e-b39c3edf44b2
2019-07-13 20:37:27,791 INFO  server.RaftServerConfigKeys (ConfUtils.java:logGet(43)) - raft.server.log.purge.gap = 1000000000 (custom)
2019-07-13 20:37:27,792 INFO  server.RaftServerConfigKeys (ConfUtils.java:logGet(43)) - raft.server.log.queue.byte-limit = 2147483647 (custom)
2019-07-13 20:37:27,791 INFO  server.RaftServerConfigKeys (ConfUtils.java:logGet(43)) - raft.server.log.appender.buffer.byte-limit = 33554432 (custom)
2019-07-13 20:37:27,792 INFO  server.RaftServerConfigKeys (ConfUtils.java:logGet(43)) - raft.server.log.queue.element-limit = 1024 (custom)
2019-07-13 20:37:27,792 INFO  server.RaftServerConfigKeys (ConfUtils.java:logGet(43)) - raft.server.log.appender.buffer.byte-limit = 33554432 (custom)
2019-07-13 20:37:27,792 INFO  server.RaftServerConfigKeys (ConfUtils.java:logGet(43)) - raft.server.log.segment.size.max = 1048576 (custom)
2019-07-13 20:37:27,792 INFO  server.RaftServerConfigKeys (ConfUtils.java:logGet(43)) - raft.server.log.preallocated.size = 16384 (custom)
2019-07-13 20:37:27,792 INFO  server.RaftServerConfigKeys (ConfUtils.java:logGet(43)) - raft.server.log.segment.size.max = 1048576 (custom)
2019-07-13 20:37:27,793 INFO  server.RaftServerConfigKeys (ConfUtils.java:logGet(43)) - raft.server.log.write.buffer.size = 33554432 (custom)
2019-07-13 20:37:27,793 INFO  server.RaftServerConfigKeys (ConfUtils.java:logGet(43)) - raft.server.log.force.sync.num = 128 (default)
2019-07-13 20:37:27,792 INFO  server.RaftServerConfigKeys (ConfUtils.java:logGet(43)) - raft.server.log.segment.size.max = 1048576 (custom)
2019-07-13 20:37:27,793 INFO  server.RaftServerConfigKeys (ConfUtils.java:logGet(43)) - raft.server.log.statemachine.data.sync = true (default)
2019-07-13 20:37:27,793 INFO  server.RaftServerConfigKeys (ConfUtils.java:logGet(43)) - raft.server.log.segment.cache.num.max = 2 (custom)
2019-07-13 20:37:27,793 INFO  server.RaftServerConfigKeys (ConfUtils.java:logGet(43)) - raft.server.log.statemachine.data.sync.timeout = 10s (default)
2019-07-13 20:37:27,794 INFO  server.RaftServerConfigKeys (ConfUtils.java:logGet(43)) - raft.server.log.statemachine.data.sync.timeout.retry = -1 (default)
2019-07-13 20:37:27,793 INFO  server.RaftServerConfigKeys (ConfUtils.java:logGet(43)) - raft.server.log.segment.cache.num.max = 2 (custom)
2019-07-13 20:37:27,794 INFO  server.RaftServerConfigKeys (ConfUtils.java:logGet(43)) - raft.server.log.statemachine.data.caching.enabled = true (custom)
2019-07-13 20:37:27,794 INFO  segmented.SegmentedRaftLogWorker (SegmentedRaftLogWorker.java:<init>(172)) - new d96a1763-cd6d-4bf5-9130-827c7273c33d-SegmentedRaftLogWorker:Storage Directory /tmp/workdir/hadoop-ozone/integration-test/target/test-dir/MiniOzoneClusterImpl-beb3fd2f-7e95-4f96-8d8e-fa3147c0110a/datanode-0/data/ratis/151d9154-96cb-4cb6-9f5e-b39c3edf44b2 for RaftStorage:Storage Directory /tmp/workdir/hadoop-ozone/integration-test/target/test-dir/MiniOzoneClusterImpl-beb3fd2f-7e95-4f96-8d8e-fa3147c0110a/datanode-0/data/ratis/151d9154-96cb-4cb6-9f5e-b39c3edf44b2
2019-07-13 20:37:27,794 INFO  segmented.SegmentedRaftLogWorker (SegmentedRaftLogWorker.java:<init>(172)) - new 1c78e758-fb4e-4394-b5b7-5dfaecdfbdb6-SegmentedRaftLogWorker:Storage Directory /tmp/workdir/hadoop-ozone/integration-test/target/test-dir/MiniOzoneClusterImpl-beb3fd2f-7e95-4f96-8d8e-fa3147c0110a/datanode-2/data/ratis/151d9154-96cb-4cb6-9f5e-b39c3edf44b2 for RaftStorage:Storage Directory /tmp/workdir/hadoop-ozone/integration-test/target/test-dir/MiniOzoneClusterImpl-beb3fd2f-7e95-4f96-8d8e-fa3147c0110a/datanode-2/data/ratis/151d9154-96cb-4cb6-9f5e-b39c3edf44b2
2019-07-13 20:37:27,794 INFO  server.RaftServerConfigKeys (ConfUtils.java:logGet(43)) - raft.server.log.queue.byte-limit = 2147483647 (custom)
2019-07-13 20:37:27,794 INFO  segmented.SegmentedRaftLogWorker (SegmentedRaftLogWorker.java:lambda$new$0(132)) - b75b127d-5cec-4fc5-8ee8-f57a3a9e36d1-SegmentedRaftLogWorker:Storage Directory /tmp/workdir/hadoop-ozone/integration-test/target/test-dir/MiniOzoneClusterImpl-beb3fd2f-7e95-4f96-8d8e-fa3147c0110a/datanode-1/data/ratis/151d9154-96cb-4cb6-9f5e-b39c3edf44b2: flushIndex: setUnconditionally 0 -> -1
2019-07-13 20:37:27,795 INFO  server.RaftServerConfigKeys (ConfUtils.java:logGet(43)) - raft.server.log.queue.element-limit = 1024 (custom)
2019-07-13 20:37:27,794 INFO  server.RaftServerConfigKeys (ConfUtils.java:logGet(43)) - raft.server.log.queue.byte-limit = 2147483647 (custom)
2019-07-13 20:37:27,795 INFO  server.RaftServerConfigKeys (ConfUtils.java:logGet(43)) - raft.server.snapshot.auto.trigger.enabled = true (custom)
2019-07-13 20:37:27,795 INFO  server.RaftServerConfigKeys (ConfUtils.java:logGet(43)) - raft.server.log.segment.size.max = 1048576 (custom)
2019-07-13 20:37:27,795 INFO  server.RaftServerConfigKeys (ConfUtils.java:logGet(43)) - raft.server.snapshot.auto.trigger.threshold = 10000 (custom)
2019-07-13 20:37:27,795 INFO  server.RaftServerConfigKeys (ConfUtils.java:logGet(43)) - raft.server.log.queue.element-limit = 1024 (custom)
2019-07-13 20:37:27,796 INFO  server.RaftServerConfigKeys (ConfUtils.java:logGet(43)) - raft.server.retrycache.expirytime = 600000ms (custom)
2019-07-13 20:37:27,795 INFO  server.RaftServerConfigKeys (ConfUtils.java:logGet(43)) - raft.server.log.preallocated.size = 16384 (custom)
2019-07-13 20:37:27,796 INFO  impl.RaftServerImpl (RaftServerImpl.java:start(180)) - b75b127d-5cec-4fc5-8ee8-f57a3a9e36d1: start group-B39C3EDF44B2
2019-07-13 20:37:27,796 INFO  server.RaftServerConfigKeys (ConfUtils.java:logGet(43)) - raft.server.log.segment.size.max = 1048576 (custom)
2019-07-13 20:37:27,796 INFO  impl.RaftServerImpl (RaftServerImpl.java:setRole(171)) - b75b127d-5cec-4fc5-8ee8-f57a3a9e36d1:group-B39C3EDF44B2 changes role from null to FOLLOWER at term 0 for startAsFollower
2019-07-13 20:37:27,796 INFO  server.RaftServerConfigKeys (ConfUtils.java:logGet(43)) - raft.server.log.write.buffer.size = 33554432 (custom)
2019-07-13 20:37:27,797 INFO  impl.RoleInfo (RoleInfo.java:updateAndGet(143)) - b75b127d-5cec-4fc5-8ee8-f57a3a9e36d1: start FollowerState
2019-07-13 20:37:27,796 INFO  server.RaftServerConfigKeys (ConfUtils.java:logGet(43)) - raft.server.log.preallocated.size = 16384 (custom)
2019-07-13 20:37:27,797 INFO  server.RaftServerConfigKeys (ConfUtils.java:logGet(43)) - raft.server.log.write.buffer.size = 33554432 (custom)
2019-07-13 20:37:27,797 INFO  server.RaftServerConfigKeys (ConfUtils.java:logGet(43)) - raft.server.log.force.sync.num = 128 (default)
2019-07-13 20:37:27,797 INFO  server.RaftServerConfigKeys (ConfUtils.java:logGet(43)) - raft.server.log.force.sync.num = 128 (default)
2019-07-13 20:37:27,797 INFO  util.JmxRegister (JmxRegister.java:tryRegister(44)) - Successfully registered JMX Bean with object name Ratis:service=RaftServer,group=group-B39C3EDF44B2,id=b75b127d-5cec-4fc5-8ee8-f57a3a9e36d1
2019-07-13 20:37:27,798 INFO  server.RaftServerConfigKeys (ConfUtils.java:logGet(43)) - raft.server.log.statemachine.data.sync = true (default)
2019-07-13 20:37:27,798 INFO  server.RaftServerConfigKeys (ConfUtils.java:logGet(43)) - raft.server.log.statemachine.data.sync.timeout = 10s (default)
2019-07-13 20:37:27,797 INFO  server.RaftServerConfigKeys (ConfUtils.java:logGet(43)) - raft.server.log.statemachine.data.sync = true (default)
2019-07-13 20:37:27,798 INFO  server.RaftServerConfigKeys (ConfUtils.java:logGet(43)) - raft.server.log.statemachine.data.sync.timeout.retry = -1 (default)
2019-07-13 20:37:27,798 INFO  server.RaftServerConfigKeys (ConfUtils.java:logGet(43)) - raft.server.log.statemachine.data.sync.timeout = 10s (default)
2019-07-13 20:37:27,798 INFO  server.RaftServerConfigKeys (ConfUtils.java:logGet(43)) - raft.server.log.statemachine.data.caching.enabled = true (custom)
2019-07-13 20:37:27,799 INFO  server.RaftServerConfigKeys (ConfUtils.java:logGet(43)) - raft.server.log.statemachine.data.sync.timeout.retry = -1 (default)
2019-07-13 20:37:27,799 INFO  segmented.SegmentedRaftLogWorker (SegmentedRaftLogWorker.java:lambda$new$0(132)) - 1c78e758-fb4e-4394-b5b7-5dfaecdfbdb6-SegmentedRaftLogWorker:Storage Directory /tmp/workdir/hadoop-ozone/integration-test/target/test-dir/MiniOzoneClusterImpl-beb3fd2f-7e95-4f96-8d8e-fa3147c0110a/datanode-2/data/ratis/151d9154-96cb-4cb6-9f5e-b39c3edf44b2: flushIndex: setUnconditionally 0 -> -1
2019-07-13 20:37:27,799 INFO  server.RaftServerConfigKeys (ConfUtils.java:logGet(43)) - raft.server.log.statemachine.data.caching.enabled = true (custom)
2019-07-13 20:37:27,799 INFO  server.RaftServerConfigKeys (ConfUtils.java:logGet(43)) - raft.server.snapshot.auto.trigger.enabled = true (custom)
2019-07-13 20:37:27,800 INFO  segmented.SegmentedRaftLogWorker (SegmentedRaftLogWorker.java:lambda$new$0(132)) - d96a1763-cd6d-4bf5-9130-827c7273c33d-SegmentedRaftLogWorker:Storage Directory /tmp/workdir/hadoop-ozone/integration-test/target/test-dir/MiniOzoneClusterImpl-beb3fd2f-7e95-4f96-8d8e-fa3147c0110a/datanode-0/data/ratis/151d9154-96cb-4cb6-9f5e-b39c3edf44b2: flushIndex: setUnconditionally 0 -> -1
2019-07-13 20:37:27,800 INFO  server.RaftServerConfigKeys (ConfUtils.java:logGet(43)) - raft.server.snapshot.auto.trigger.threshold = 10000 (custom)
2019-07-13 20:37:27,800 INFO  server.RaftServerConfigKeys (ConfUtils.java:logGet(43)) - raft.server.retrycache.expirytime = 600000ms (custom)
2019-07-13 20:37:27,800 INFO  server.RaftServerConfigKeys (ConfUtils.java:logGet(43)) - raft.server.snapshot.auto.trigger.enabled = true (custom)
2019-07-13 20:37:27,800 INFO  impl.RaftServerImpl (RaftServerImpl.java:start(180)) - 1c78e758-fb4e-4394-b5b7-5dfaecdfbdb6: start group-B39C3EDF44B2
2019-07-13 20:37:27,800 INFO  server.RaftServerConfigKeys (ConfUtils.java:logGet(43)) - raft.server.snapshot.auto.trigger.threshold = 10000 (custom)
2019-07-13 20:37:27,800 INFO  impl.RaftServerImpl (RaftServerImpl.java:setRole(171)) - 1c78e758-fb4e-4394-b5b7-5dfaecdfbdb6:group-B39C3EDF44B2 changes role from null to FOLLOWER at term 0 for startAsFollower
2019-07-13 20:37:27,801 INFO  server.RaftServerConfigKeys (ConfUtils.java:logGet(43)) - raft.server.retrycache.expirytime = 600000ms (custom)
2019-07-13 20:37:27,801 INFO  impl.RoleInfo (RoleInfo.java:updateAndGet(143)) - 1c78e758-fb4e-4394-b5b7-5dfaecdfbdb6: start FollowerState
2019-07-13 20:37:27,801 INFO  impl.RaftServerImpl (RaftServerImpl.java:start(180)) - d96a1763-cd6d-4bf5-9130-827c7273c33d: start group-B39C3EDF44B2
2019-07-13 20:37:27,801 INFO  impl.RaftServerImpl (RaftServerImpl.java:setRole(171)) - d96a1763-cd6d-4bf5-9130-827c7273c33d:group-B39C3EDF44B2 changes role from null to FOLLOWER at term 0 for startAsFollower
2019-07-13 20:37:27,801 INFO  impl.RoleInfo (RoleInfo.java:updateAndGet(143)) - d96a1763-cd6d-4bf5-9130-827c7273c33d: start FollowerState
2019-07-13 20:37:27,801 INFO  util.JmxRegister (JmxRegister.java:tryRegister(44)) - Successfully registered JMX Bean with object name Ratis:service=RaftServer,group=group-B39C3EDF44B2,id=1c78e758-fb4e-4394-b5b7-5dfaecdfbdb6
2019-07-13 20:37:27,802 INFO  util.JmxRegister (JmxRegister.java:tryRegister(44)) - Successfully registered JMX Bean with object name Ratis:service=RaftServer,group=group-B39C3EDF44B2,id=d96a1763-cd6d-4bf5-9130-827c7273c33d
2019-07-13 20:37:27,804 INFO  pipeline.PipelineStateManager (PipelineStateManager.java:addPipeline(56)) - Created pipeline Pipeline[ Id: 151d9154-96cb-4cb6-9f5e-b39c3edf44b2, Nodes: b75b127d-5cec-4fc5-8ee8-f57a3a9e36d1{ip: 192.168.5.168, host: trunk-nightly-6qp7m-2461138711, networkLocation: /default-rack, certSerialId: null}d96a1763-cd6d-4bf5-9130-827c7273c33d{ip: 192.168.5.168, host: trunk-nightly-6qp7m-2461138711, networkLocation: /default-rack, certSerialId: null}1c78e758-fb4e-4394-b5b7-5dfaecdfbdb6{ip: 192.168.5.168, host: trunk-nightly-6qp7m-2461138711, networkLocation: /default-rack, certSerialId: null}, Type:RATIS, Factor:THREE, State:OPEN]
2019-07-13 20:37:27,898 INFO  node.SCMNodeManager (SCMNodeManager.java:register(269)) - Registered Data node : 82b47179-ae1c-4828-8266-167abf0010c1{ip: 192.168.5.168, host: trunk-nightly-6qp7m-2461138711, networkLocation: /default-rack, certSerialId: null}
2019-07-13 20:37:27,917 INFO  impl.RaftServerProxy (RaftServerProxy.java:addNew(89)) - 82b47179-ae1c-4828-8266-167abf0010c1: addNew group-2D1108F8F275:[82b47179-ae1c-4828-8266-167abf0010c1:192.168.5.168:43562] returns group-2D1108F8F275:java.util.concurrent.CompletableFuture@5080860a[Not completed]
2019-07-13 20:37:27,918 INFO  impl.RaftServerImpl (RaftServerImpl.java:<init>(93)) - 82b47179-ae1c-4828-8266-167abf0010c1: new RaftServerImpl for group-2D1108F8F275:[82b47179-ae1c-4828-8266-167abf0010c1:192.168.5.168:43562] with ContainerStateMachine:uninitialized
2019-07-13 20:37:27,919 INFO  server.RaftServerConfigKeys (ConfUtils.java:logGet(43)) - raft.server.rpc.timeout.min = 5s (custom)
2019-07-13 20:37:27,919 INFO  server.RaftServerConfigKeys (ConfUtils.java:logGet(43)) - raft.server.rpc.timeout.max = 5200ms (custom)
2019-07-13 20:37:27,919 INFO  server.RaftServerConfigKeys (ConfUtils.java:logGet(43)) - raft.server.rpcslowness.timeout = 120s (custom)
2019-07-13 20:37:27,919 INFO  server.RaftServerConfigKeys (ConfUtils.java:logGet(43)) - raft.server.sleep.deviation.threshold = 300 (default)
2019-07-13 20:37:27,919 INFO  server.RaftServerConfigKeys (ConfUtils.java:logGet(43)) - raft.server.log.appender.install.snapshot.enabled = false (custom)
2019-07-13 20:37:27,919 INFO  impl.RaftServerImpl (ServerState.java:<init>(105)) - 82b47179-ae1c-4828-8266-167abf0010c1:group-2D1108F8F275 ConfigurationManager, init=-1: [82b47179-ae1c-4828-8266-167abf0010c1:192.168.5.168:43562], old=null, confs=<EMPTY_MAP>
2019-07-13 20:37:27,919 INFO  server.RaftServerConfigKeys (ConfUtils.java:logGet(43)) - raft.server.storage.dir = [/tmp/workdir/hadoop-ozone/integration-test/target/test-dir/MiniOzoneClusterImpl-beb3fd2f-7e95-4f96-8d8e-fa3147c0110a/datanode-3/data/ratis] (custom)
2019-07-13 20:37:27,920 INFO  storage.RaftStorageDirectory (RaftStorageDirectory.java:analyzeStorage(246)) - The storage directory /tmp/workdir/hadoop-ozone/integration-test/target/test-dir/MiniOzoneClusterImpl-beb3fd2f-7e95-4f96-8d8e-fa3147c0110a/datanode-3/data/ratis/6c97e019-1b67-4e9b-83a4-2d1108f8f275 does not exist. Creating ...
2019-07-13 20:37:27,924 INFO  storage.RaftStorageDirectory (RaftStorageDirectory.java:tryLock(328)) - Lock on /tmp/workdir/hadoop-ozone/integration-test/target/test-dir/MiniOzoneClusterImpl-beb3fd2f-7e95-4f96-8d8e-fa3147c0110a/datanode-3/data/ratis/6c97e019-1b67-4e9b-83a4-2d1108f8f275/in_use.lock acquired by nodename 32015@trunk-nightly-6qp7m-2461138711
2019-07-13 20:37:27,927 INFO  storage.RaftStorage (RaftStorage.java:format(72)) - Storage directory /tmp/workdir/hadoop-ozone/integration-test/target/test-dir/MiniOzoneClusterImpl-beb3fd2f-7e95-4f96-8d8e-fa3147c0110a/datanode-3/data/ratis/6c97e019-1b67-4e9b-83a4-2d1108f8f275 has been successfully formatted.
2019-07-13 20:37:27,928 INFO  ratis.ContainerStateMachine (ContainerStateMachine.java:loadSnapshot(200)) - The snapshot info is null.Setting the last applied index to:(t:0, i:~)
2019-07-13 20:37:27,928 INFO  server.RaftServerConfigKeys (ConfUtils.java:logGet(43)) - raft.server.leader.election.timeout = 120s (custom)
2019-07-13 20:37:27,928 INFO  server.RaftServerConfigKeys (ConfUtils.java:logGet(43)) - raft.server.log.use.memory = false (default)
2019-07-13 20:37:27,928 INFO  server.RaftServerConfigKeys (ConfUtils.java:logGet(43)) - raft.server.log.purge.gap = 1000000000 (custom)
2019-07-13 20:37:27,928 INFO  server.RaftServerConfigKeys (ConfUtils.java:logGet(43)) - raft.server.log.appender.buffer.byte-limit = 33554432 (custom)
2019-07-13 20:37:27,929 INFO  server.RaftServerConfigKeys (ConfUtils.java:logGet(43)) - raft.server.log.segment.size.max = 1048576 (custom)
2019-07-13 20:37:27,929 INFO  server.RaftServerConfigKeys (ConfUtils.java:logGet(43)) - raft.server.log.segment.cache.num.max = 2 (custom)
2019-07-13 20:37:27,929 INFO  segmented.SegmentedRaftLogWorker (SegmentedRaftLogWorker.java:<init>(172)) - new 82b47179-ae1c-4828-8266-167abf0010c1-SegmentedRaftLogWorker:Storage Directory /tmp/workdir/hadoop-ozone/integration-test/target/test-dir/MiniOzoneClusterImpl-beb3fd2f-7e95-4f96-8d8e-fa3147c0110a/datanode-3/data/ratis/6c97e019-1b67-4e9b-83a4-2d1108f8f275 for RaftStorage:Storage Directory /tmp/workdir/hadoop-ozone/integration-test/target/test-dir/MiniOzoneClusterImpl-beb3fd2f-7e95-4f96-8d8e-fa3147c0110a/datanode-3/data/ratis/6c97e019-1b67-4e9b-83a4-2d1108f8f275
2019-07-13 20:37:27,929 INFO  server.RaftServerConfigKeys (ConfUtils.java:logGet(43)) - raft.server.log.queue.byte-limit = 2147483647 (custom)
2019-07-13 20:37:27,929 INFO  server.RaftServerConfigKeys (ConfUtils.java:logGet(43)) - raft.server.log.queue.element-limit = 1024 (custom)
2019-07-13 20:37:27,929 INFO  server.RaftServerConfigKeys (ConfUtils.java:logGet(43)) - raft.server.log.segment.size.max = 1048576 (custom)
2019-07-13 20:37:27,930 INFO  server.RaftServerConfigKeys (ConfUtils.java:logGet(43)) - raft.server.log.preallocated.size = 16384 (custom)
2019-07-13 20:37:27,930 INFO  server.RaftServerConfigKeys (ConfUtils.java:logGet(43)) - raft.server.log.write.buffer.size = 33554432 (custom)
2019-07-13 20:37:27,930 INFO  server.RaftServerConfigKeys (ConfUtils.java:logGet(43)) - raft.server.log.force.sync.num = 128 (default)
2019-07-13 20:37:27,930 INFO  server.RaftServerConfigKeys (ConfUtils.java:logGet(43)) - raft.server.log.statemachine.data.sync = true (default)
2019-07-13 20:37:27,930 INFO  server.RaftServerConfigKeys (ConfUtils.java:logGet(43)) - raft.server.log.statemachine.data.sync.timeout = 10s (default)
2019-07-13 20:37:27,930 INFO  server.RaftServerConfigKeys (ConfUtils.java:logGet(43)) - raft.server.log.statemachine.data.sync.timeout.retry = -1 (default)
2019-07-13 20:37:27,931 INFO  server.RaftServerConfigKeys (ConfUtils.java:logGet(43)) - raft.server.log.statemachine.data.caching.enabled = true (custom)
2019-07-13 20:37:27,931 INFO  segmented.SegmentedRaftLogWorker (SegmentedRaftLogWorker.java:lambda$new$0(132)) - 82b47179-ae1c-4828-8266-167abf0010c1-SegmentedRaftLogWorker:Storage Directory /tmp/workdir/hadoop-ozone/integration-test/target/test-dir/MiniOzoneClusterImpl-beb3fd2f-7e95-4f96-8d8e-fa3147c0110a/datanode-3/data/ratis/6c97e019-1b67-4e9b-83a4-2d1108f8f275: flushIndex: setUnconditionally 0 -> -1
2019-07-13 20:37:27,931 INFO  server.RaftServerConfigKeys (ConfUtils.java:logGet(43)) - raft.server.snapshot.auto.trigger.enabled = true (custom)
2019-07-13 20:37:27,932 INFO  server.RaftServerConfigKeys (ConfUtils.java:logGet(43)) - raft.server.snapshot.auto.trigger.threshold = 10000 (custom)
2019-07-13 20:37:27,932 INFO  server.RaftServerConfigKeys (ConfUtils.java:logGet(43)) - raft.server.retrycache.expirytime = 600000ms (custom)
2019-07-13 20:37:27,932 INFO  impl.RaftServerImpl (RaftServerImpl.java:start(180)) - 82b47179-ae1c-4828-8266-167abf0010c1: start group-2D1108F8F275
2019-07-13 20:37:27,932 INFO  impl.RaftServerImpl (RaftServerImpl.java:setRole(171)) - 82b47179-ae1c-4828-8266-167abf0010c1:group-2D1108F8F275 changes role from null to FOLLOWER at term 0 for startAsFollower
2019-07-13 20:37:27,932 INFO  impl.RoleInfo (RoleInfo.java:updateAndGet(143)) - 82b47179-ae1c-4828-8266-167abf0010c1: start FollowerState
2019-07-13 20:37:27,933 INFO  util.JmxRegister (JmxRegister.java:tryRegister(44)) - Successfully registered JMX Bean with object name Ratis:service=RaftServer,group=group-2D1108F8F275,id=82b47179-ae1c-4828-8266-167abf0010c1
2019-07-13 20:37:27,937 INFO  pipeline.PipelineStateManager (PipelineStateManager.java:addPipeline(56)) - Created pipeline Pipeline[ Id: 6c97e019-1b67-4e9b-83a4-2d1108f8f275, Nodes: 82b47179-ae1c-4828-8266-167abf0010c1{ip: 192.168.5.168, host: trunk-nightly-6qp7m-2461138711, networkLocation: /default-rack, certSerialId: null}, Type:RATIS, Factor:ONE, State:OPEN]
2019-07-13 20:37:28,265 INFO  node.SCMNodeManager (SCMNodeManager.java:register(269)) - Registered Data node : 5f3a79b9-cbc4-4548-98b3-fb34771e4c89{ip: 192.168.5.168, host: trunk-nightly-6qp7m-2461138711, networkLocation: /default-rack, certSerialId: null}
2019-07-13 20:37:28,276 INFO  impl.RaftServerProxy (RaftServerProxy.java:addNew(89)) - 5f3a79b9-cbc4-4548-98b3-fb34771e4c89: addNew group-8EAA6D0E94F2:[5f3a79b9-cbc4-4548-98b3-fb34771e4c89:192.168.5.168:44101] returns group-8EAA6D0E94F2:java.util.concurrent.CompletableFuture@28211530[Not completed]
2019-07-13 20:37:28,277 INFO  impl.RaftServerImpl (RaftServerImpl.java:<init>(93)) - 5f3a79b9-cbc4-4548-98b3-fb34771e4c89: new RaftServerImpl for group-8EAA6D0E94F2:[5f3a79b9-cbc4-4548-98b3-fb34771e4c89:192.168.5.168:44101] with ContainerStateMachine:uninitialized
2019-07-13 20:37:28,277 INFO  server.RaftServerConfigKeys (ConfUtils.java:logGet(43)) - raft.server.rpc.timeout.min = 5s (custom)
2019-07-13 20:37:28,277 INFO  server.RaftServerConfigKeys (ConfUtils.java:logGet(43)) - raft.server.rpc.timeout.max = 5200ms (custom)
2019-07-13 20:37:28,277 INFO  server.RaftServerConfigKeys (ConfUtils.java:logGet(43)) - raft.server.rpcslowness.timeout = 120s (custom)
2019-07-13 20:37:28,278 INFO  server.RaftServerConfigKeys (ConfUtils.java:logGet(43)) - raft.server.sleep.deviation.threshold = 300 (default)
2019-07-13 20:37:28,278 INFO  server.RaftServerConfigKeys (ConfUtils.java:logGet(43)) - raft.server.log.appender.install.snapshot.enabled = false (custom)
2019-07-13 20:37:28,278 INFO  impl.RaftServerImpl (ServerState.java:<init>(105)) - 5f3a79b9-cbc4-4548-98b3-fb34771e4c89:group-8EAA6D0E94F2 ConfigurationManager, init=-1: [5f3a79b9-cbc4-4548-98b3-fb34771e4c89:192.168.5.168:44101], old=null, confs=<EMPTY_MAP>
2019-07-13 20:37:28,278 INFO  server.RaftServerConfigKeys (ConfUtils.java:logGet(43)) - raft.server.storage.dir = [/tmp/workdir/hadoop-ozone/integration-test/target/test-dir/MiniOzoneClusterImpl-beb3fd2f-7e95-4f96-8d8e-fa3147c0110a/datanode-4/data/ratis] (custom)
2019-07-13 20:37:28,278 INFO  storage.RaftStorageDirectory (RaftStorageDirectory.java:analyzeStorage(246)) - The storage directory /tmp/workdir/hadoop-ozone/integration-test/target/test-dir/MiniOzoneClusterImpl-beb3fd2f-7e95-4f96-8d8e-fa3147c0110a/datanode-4/data/ratis/c9638744-3e05-47bb-be98-8eaa6d0e94f2 does not exist. Creating ...
2019-07-13 20:37:28,283 INFO  storage.RaftStorageDirectory (RaftStorageDirectory.java:tryLock(328)) - Lock on /tmp/workdir/hadoop-ozone/integration-test/target/test-dir/MiniOzoneClusterImpl-beb3fd2f-7e95-4f96-8d8e-fa3147c0110a/datanode-4/data/ratis/c9638744-3e05-47bb-be98-8eaa6d0e94f2/in_use.lock acquired by nodename 32015@trunk-nightly-6qp7m-2461138711
2019-07-13 20:37:28,290 INFO  storage.RaftStorage (RaftStorage.java:format(72)) - Storage directory /tmp/workdir/hadoop-ozone/integration-test/target/test-dir/MiniOzoneClusterImpl-beb3fd2f-7e95-4f96-8d8e-fa3147c0110a/datanode-4/data/ratis/c9638744-3e05-47bb-be98-8eaa6d0e94f2 has been successfully formatted.
2019-07-13 20:37:28,291 INFO  ratis.ContainerStateMachine (ContainerStateMachine.java:loadSnapshot(200)) - The snapshot info is null.Setting the last applied index to:(t:0, i:~)
2019-07-13 20:37:28,291 INFO  server.RaftServerConfigKeys (ConfUtils.java:logGet(43)) - raft.server.leader.election.timeout = 120s (custom)
2019-07-13 20:37:28,291 INFO  server.RaftServerConfigKeys (ConfUtils.java:logGet(43)) - raft.server.log.use.memory = false (default)
2019-07-13 20:37:28,291 INFO  server.RaftServerConfigKeys (ConfUtils.java:logGet(43)) - raft.server.log.purge.gap = 1000000000 (custom)
2019-07-13 20:37:28,291 INFO  server.RaftServerConfigKeys (ConfUtils.java:logGet(43)) - raft.server.log.appender.buffer.byte-limit = 33554432 (custom)
2019-07-13 20:37:28,291 INFO  server.RaftServerConfigKeys (ConfUtils.java:logGet(43)) - raft.server.log.segment.size.max = 1048576 (custom)
2019-07-13 20:37:28,292 INFO  server.RaftServerConfigKeys (ConfUtils.java:logGet(43)) - raft.server.log.segment.cache.num.max = 2 (custom)
2019-07-13 20:37:28,292 INFO  segmented.SegmentedRaftLogWorker (SegmentedRaftLogWorker.java:<init>(172)) - new 5f3a79b9-cbc4-4548-98b3-fb34771e4c89-SegmentedRaftLogWorker:Storage Directory /tmp/workdir/hadoop-ozone/integration-test/target/test-dir/MiniOzoneClusterImpl-beb3fd2f-7e95-4f96-8d8e-fa3147c0110a/datanode-4/data/ratis/c9638744-3e05-47bb-be98-8eaa6d0e94f2 for RaftStorage:Storage Directory /tmp/workdir/hadoop-ozone/integration-test/target/test-dir/MiniOzoneClusterImpl-beb3fd2f-7e95-4f96-8d8e-fa3147c0110a/datanode-4/data/ratis/c9638744-3e05-47bb-be98-8eaa6d0e94f2
2019-07-13 20:37:28,292 INFO  server.RaftServerConfigKeys (ConfUtils.java:logGet(43)) - raft.server.log.queue.byte-limit = 2147483647 (custom)
2019-07-13 20:37:28,292 INFO  server.RaftServerConfigKeys (ConfUtils.java:logGet(43)) - raft.server.log.queue.element-limit = 1024 (custom)
2019-07-13 20:37:28,292 INFO  server.RaftServerConfigKeys (ConfUtils.java:logGet(43)) - raft.server.log.segment.size.max = 1048576 (custom)
2019-07-13 20:37:28,293 INFO  server.RaftServerConfigKeys (ConfUtils.java:logGet(43)) - raft.server.log.preallocated.size = 16384 (custom)
2019-07-13 20:37:28,293 INFO  server.RaftServerConfigKeys (ConfUtils.java:logGet(43)) - raft.server.log.write.buffer.size = 33554432 (custom)
2019-07-13 20:37:28,293 INFO  server.RaftServerConfigKeys (ConfUtils.java:logGet(43)) - raft.server.log.force.sync.num = 128 (default)
2019-07-13 20:37:28,293 INFO  server.RaftServerConfigKeys (ConfUtils.java:logGet(43)) - raft.server.log.statemachine.data.sync = true (default)
2019-07-13 20:37:28,293 INFO  server.RaftServerConfigKeys (ConfUtils.java:logGet(43)) - raft.server.log.statemachine.data.sync.timeout = 10s (default)
2019-07-13 20:37:28,293 INFO  server.RaftServerConfigKeys (ConfUtils.java:logGet(43)) - raft.server.log.statemachine.data.sync.timeout.retry = -1 (default)
2019-07-13 20:37:28,294 INFO  server.RaftServerConfigKeys (ConfUtils.java:logGet(43)) - raft.server.log.statemachine.data.caching.enabled = true (custom)
2019-07-13 20:37:28,294 INFO  segmented.SegmentedRaftLogWorker (SegmentedRaftLogWorker.java:lambda$new$0(132)) - 5f3a79b9-cbc4-4548-98b3-fb34771e4c89-SegmentedRaftLogWorker:Storage Directory /tmp/workdir/hadoop-ozone/integration-test/target/test-dir/MiniOzoneClusterImpl-beb3fd2f-7e95-4f96-8d8e-fa3147c0110a/datanode-4/data/ratis/c9638744-3e05-47bb-be98-8eaa6d0e94f2: flushIndex: setUnconditionally 0 -> -1
2019-07-13 20:37:28,294 INFO  server.RaftServerConfigKeys (ConfUtils.java:logGet(43)) - raft.server.snapshot.auto.trigger.enabled = true (custom)
2019-07-13 20:37:28,295 INFO  server.RaftServerConfigKeys (ConfUtils.java:logGet(43)) - raft.server.snapshot.auto.trigger.threshold = 10000 (custom)
2019-07-13 20:37:28,295 INFO  server.RaftServerConfigKeys (ConfUtils.java:logGet(43)) - raft.server.retrycache.expirytime = 600000ms (custom)
2019-07-13 20:37:28,295 INFO  impl.RaftServerImpl (RaftServerImpl.java:start(180)) - 5f3a79b9-cbc4-4548-98b3-fb34771e4c89: start group-8EAA6D0E94F2
2019-07-13 20:37:28,295 INFO  impl.RaftServerImpl (RaftServerImpl.java:setRole(171)) - 5f3a79b9-cbc4-4548-98b3-fb34771e4c89:group-8EAA6D0E94F2 changes role from null to FOLLOWER at term 0 for startAsFollower
2019-07-13 20:37:28,295 INFO  impl.RoleInfo (RoleInfo.java:updateAndGet(143)) - 5f3a79b9-cbc4-4548-98b3-fb34771e4c89: start FollowerState
2019-07-13 20:37:28,296 INFO  util.JmxRegister (JmxRegister.java:tryRegister(44)) - Successfully registered JMX Bean with object name Ratis:service=RaftServer,group=group-8EAA6D0E94F2,id=5f3a79b9-cbc4-4548-98b3-fb34771e4c89
2019-07-13 20:37:28,298 INFO  pipeline.PipelineStateManager (PipelineStateManager.java:addPipeline(56)) - Created pipeline Pipeline[ Id: c9638744-3e05-47bb-be98-8eaa6d0e94f2, Nodes: 5f3a79b9-cbc4-4548-98b3-fb34771e4c89{ip: 192.168.5.168, host: trunk-nightly-6qp7m-2461138711, networkLocation: /default-rack, certSerialId: null}, Type:RATIS, Factor:ONE, State:OPEN]
2019-07-13 20:37:28,477 INFO  node.SCMNodeManager (SCMNodeManager.java:register(269)) - Registered Data node : bdfd8e89-8012-4ce1-987e-8446dc669c65{ip: 192.168.5.168, host: trunk-nightly-6qp7m-2461138711, networkLocation: /default-rack, certSerialId: null}
2019-07-13 20:37:28,484 INFO  impl.RaftServerProxy (RaftServerProxy.java:addNew(89)) - bdfd8e89-8012-4ce1-987e-8446dc669c65: addNew group-5D983FFAFCE3:[bdfd8e89-8012-4ce1-987e-8446dc669c65:192.168.5.168:46256] returns group-5D983FFAFCE3:java.util.concurrent.CompletableFuture@7c861d79[Not completed]
2019-07-13 20:37:28,486 INFO  impl.RaftServerImpl (RaftServerImpl.java:<init>(93)) - bdfd8e89-8012-4ce1-987e-8446dc669c65: new RaftServerImpl for group-5D983FFAFCE3:[bdfd8e89-8012-4ce1-987e-8446dc669c65:192.168.5.168:46256] with ContainerStateMachine:uninitialized
2019-07-13 20:37:28,486 INFO  server.RaftServerConfigKeys (ConfUtils.java:logGet(43)) - raft.server.rpc.timeout.min = 5s (custom)
2019-07-13 20:37:28,486 INFO  server.RaftServerConfigKeys (ConfUtils.java:logGet(43)) - raft.server.rpc.timeout.max = 5200ms (custom)
2019-07-13 20:37:28,487 INFO  server.RaftServerConfigKeys (ConfUtils.java:logGet(43)) - raft.server.rpcslowness.timeout = 120s (custom)
2019-07-13 20:37:28,487 INFO  server.RaftServerConfigKeys (ConfUtils.java:logGet(43)) - raft.server.sleep.deviation.threshold = 300 (default)
2019-07-13 20:37:28,487 INFO  server.RaftServerConfigKeys (ConfUtils.java:logGet(43)) - raft.server.log.appender.install.snapshot.enabled = false (custom)
2019-07-13 20:37:28,487 INFO  impl.RaftServerImpl (ServerState.java:<init>(105)) - bdfd8e89-8012-4ce1-987e-8446dc669c65:group-5D983FFAFCE3 ConfigurationManager, init=-1: [bdfd8e89-8012-4ce1-987e-8446dc669c65:192.168.5.168:46256], old=null, confs=<EMPTY_MAP>
2019-07-13 20:37:28,487 INFO  server.RaftServerConfigKeys (ConfUtils.java:logGet(43)) - raft.server.storage.dir = [/tmp/workdir/hadoop-ozone/integration-test/target/test-dir/MiniOzoneClusterImpl-beb3fd2f-7e95-4f96-8d8e-fa3147c0110a/datanode-5/data/ratis] (custom)
2019-07-13 20:37:28,488 INFO  storage.RaftStorageDirectory (RaftStorageDirectory.java:analyzeStorage(246)) - The storage directory /tmp/workdir/hadoop-ozone/integration-test/target/test-dir/MiniOzoneClusterImpl-beb3fd2f-7e95-4f96-8d8e-fa3147c0110a/datanode-5/data/ratis/f0dd2c91-3354-4c86-83b5-5d983ffafce3 does not exist. Creating ...
2019-07-13 20:37:28,500 INFO  storage.RaftStorageDirectory (RaftStorageDirectory.java:tryLock(328)) - Lock on /tmp/workdir/hadoop-ozone/integration-test/target/test-dir/MiniOzoneClusterImpl-beb3fd2f-7e95-4f96-8d8e-fa3147c0110a/datanode-5/data/ratis/f0dd2c91-3354-4c86-83b5-5d983ffafce3/in_use.lock acquired by nodename 32015@trunk-nightly-6qp7m-2461138711
2019-07-13 20:37:28,504 INFO  storage.RaftStorage (RaftStorage.java:format(72)) - Storage directory /tmp/workdir/hadoop-ozone/integration-test/target/test-dir/MiniOzoneClusterImpl-beb3fd2f-7e95-4f96-8d8e-fa3147c0110a/datanode-5/data/ratis/f0dd2c91-3354-4c86-83b5-5d983ffafce3 has been successfully formatted.
2019-07-13 20:37:28,504 INFO  ratis.ContainerStateMachine (ContainerStateMachine.java:loadSnapshot(200)) - The snapshot info is null.Setting the last applied index to:(t:0, i:~)
2019-07-13 20:37:28,504 INFO  server.RaftServerConfigKeys (ConfUtils.java:logGet(43)) - raft.server.leader.election.timeout = 120s (custom)
2019-07-13 20:37:28,504 INFO  server.RaftServerConfigKeys (ConfUtils.java:logGet(43)) - raft.server.log.use.memory = false (default)
2019-07-13 20:37:28,504 INFO  server.RaftServerConfigKeys (ConfUtils.java:logGet(43)) - raft.server.log.purge.gap = 1000000000 (custom)
2019-07-13 20:37:28,505 INFO  server.RaftServerConfigKeys (ConfUtils.java:logGet(43)) - raft.server.log.appender.buffer.byte-limit = 33554432 (custom)
2019-07-13 20:37:28,505 INFO  server.RaftServerConfigKeys (ConfUtils.java:logGet(43)) - raft.server.log.segment.size.max = 1048576 (custom)
2019-07-13 20:37:28,505 INFO  server.RaftServerConfigKeys (ConfUtils.java:logGet(43)) - raft.server.log.segment.cache.num.max = 2 (custom)
2019-07-13 20:37:28,505 INFO  segmented.SegmentedRaftLogWorker (SegmentedRaftLogWorker.java:<init>(172)) - new bdfd8e89-8012-4ce1-987e-8446dc669c65-SegmentedRaftLogWorker:Storage Directory /tmp/workdir/hadoop-ozone/integration-test/target/test-dir/MiniOzoneClusterImpl-beb3fd2f-7e95-4f96-8d8e-fa3147c0110a/datanode-5/data/ratis/f0dd2c91-3354-4c86-83b5-5d983ffafce3 for RaftStorage:Storage Directory /tmp/workdir/hadoop-ozone/integration-test/target/test-dir/MiniOzoneClusterImpl-beb3fd2f-7e95-4f96-8d8e-fa3147c0110a/datanode-5/data/ratis/f0dd2c91-3354-4c86-83b5-5d983ffafce3
2019-07-13 20:37:28,505 INFO  server.RaftServerConfigKeys (ConfUtils.java:logGet(43)) - raft.server.log.queue.byte-limit = 2147483647 (custom)
2019-07-13 20:37:28,505 INFO  server.RaftServerConfigKeys (ConfUtils.java:logGet(43)) - raft.server.log.queue.element-limit = 1024 (custom)
2019-07-13 20:37:28,506 INFO  server.RaftServerConfigKeys (ConfUtils.java:logGet(43)) - raft.server.log.segment.size.max = 1048576 (custom)
2019-07-13 20:37:28,506 INFO  server.RaftServerConfigKeys (ConfUtils.java:logGet(43)) - raft.server.log.preallocated.size = 16384 (custom)
2019-07-13 20:37:28,506 INFO  server.RaftServerConfigKeys (ConfUtils.java:logGet(43)) - raft.server.log.write.buffer.size = 33554432 (custom)
2019-07-13 20:37:28,506 INFO  server.RaftServerConfigKeys (ConfUtils.java:logGet(43)) - raft.server.log.force.sync.num = 128 (default)
2019-07-13 20:37:28,506 INFO  server.RaftServerConfigKeys (ConfUtils.java:logGet(43)) - raft.server.log.statemachine.data.sync = true (default)
2019-07-13 20:37:28,506 INFO  server.RaftServerConfigKeys (ConfUtils.java:logGet(43)) - raft.server.log.statemachine.data.sync.timeout = 10s (default)
2019-07-13 20:37:28,506 INFO  server.RaftServerConfigKeys (ConfUtils.java:logGet(43)) - raft.server.log.statemachine.data.sync.timeout.retry = -1 (default)
2019-07-13 20:37:28,507 INFO  server.RaftServerConfigKeys (ConfUtils.java:logGet(43)) - raft.server.log.statemachine.data.caching.enabled = true (custom)
2019-07-13 20:37:28,507 INFO  segmented.SegmentedRaftLogWorker (SegmentedRaftLogWorker.java:lambda$new$0(132)) - bdfd8e89-8012-4ce1-987e-8446dc669c65-SegmentedRaftLogWorker:Storage Directory /tmp/workdir/hadoop-ozone/integration-test/target/test-dir/MiniOzoneClusterImpl-beb3fd2f-7e95-4f96-8d8e-fa3147c0110a/datanode-5/data/ratis/f0dd2c91-3354-4c86-83b5-5d983ffafce3: flushIndex: setUnconditionally 0 -> -1
2019-07-13 20:37:28,507 INFO  server.RaftServerConfigKeys (ConfUtils.java:logGet(43)) - raft.server.snapshot.auto.trigger.enabled = true (custom)
2019-07-13 20:37:28,508 INFO  server.RaftServerConfigKeys (ConfUtils.java:logGet(43)) - raft.server.snapshot.auto.trigger.threshold = 10000 (custom)
2019-07-13 20:37:28,508 INFO  server.RaftServerConfigKeys (ConfUtils.java:logGet(43)) - raft.server.retrycache.expirytime = 600000ms (custom)
2019-07-13 20:37:28,508 INFO  impl.RaftServerImpl (RaftServerImpl.java:start(180)) - bdfd8e89-8012-4ce1-987e-8446dc669c65: start group-5D983FFAFCE3
2019-07-13 20:37:28,508 INFO  impl.RaftServerImpl (RaftServerImpl.java:setRole(171)) - bdfd8e89-8012-4ce1-987e-8446dc669c65:group-5D983FFAFCE3 changes role from null to FOLLOWER at term 0 for startAsFollower
2019-07-13 20:37:28,508 INFO  impl.RoleInfo (RoleInfo.java:updateAndGet(143)) - bdfd8e89-8012-4ce1-987e-8446dc669c65: start FollowerState
2019-07-13 20:37:28,509 INFO  util.JmxRegister (JmxRegister.java:tryRegister(44)) - Successfully registered JMX Bean with object name Ratis:service=RaftServer,group=group-5D983FFAFCE3,id=bdfd8e89-8012-4ce1-987e-8446dc669c65
2019-07-13 20:37:28,511 INFO  pipeline.PipelineStateManager (PipelineStateManager.java:addPipeline(56)) - Created pipeline Pipeline[ Id: f0dd2c91-3354-4c86-83b5-5d983ffafce3, Nodes: bdfd8e89-8012-4ce1-987e-8446dc669c65{ip: 192.168.5.168, host: trunk-nightly-6qp7m-2461138711, networkLocation: /default-rack, certSerialId: null}, Type:RATIS, Factor:ONE, State:OPEN]
2019-07-13 20:37:28,532 INFO  impl.RaftServerProxy (RaftServerProxy.java:addNew(89)) - bdfd8e89-8012-4ce1-987e-8446dc669c65: addNew group-5E2758FE06C2:[82b47179-ae1c-4828-8266-167abf0010c1:192.168.5.168:43562, 5f3a79b9-cbc4-4548-98b3-fb34771e4c89:192.168.5.168:44101, bdfd8e89-8012-4ce1-987e-8446dc669c65:192.168.5.168:46256] returns group-5E2758FE06C2:java.util.concurrent.CompletableFuture@403f4b9e[Not completed]
2019-07-13 20:37:28,532 INFO  impl.RaftServerProxy (RaftServerProxy.java:addNew(89)) - 5f3a79b9-cbc4-4548-98b3-fb34771e4c89: addNew group-5E2758FE06C2:[82b47179-ae1c-4828-8266-167abf0010c1:192.168.5.168:43562, 5f3a79b9-cbc4-4548-98b3-fb34771e4c89:192.168.5.168:44101, bdfd8e89-8012-4ce1-987e-8446dc669c65:192.168.5.168:46256] returns group-5E2758FE06C2:java.util.concurrent.CompletableFuture@1c4b6f17[Not completed]
2019-07-13 20:37:28,532 INFO  impl.RaftServerProxy (RaftServerProxy.java:addNew(89)) - 82b47179-ae1c-4828-8266-167abf0010c1: addNew group-5E2758FE06C2:[82b47179-ae1c-4828-8266-167abf0010c1:192.168.5.168:43562, 5f3a79b9-cbc4-4548-98b3-fb34771e4c89:192.168.5.168:44101, bdfd8e89-8012-4ce1-987e-8446dc669c65:192.168.5.168:46256] returns group-5E2758FE06C2:java.util.concurrent.CompletableFuture@b8b4017[Not completed]
2019-07-13 20:37:28,533 INFO  impl.RaftServerImpl (RaftServerImpl.java:<init>(93)) - bdfd8e89-8012-4ce1-987e-8446dc669c65: new RaftServerImpl for group-5E2758FE06C2:[82b47179-ae1c-4828-8266-167abf0010c1:192.168.5.168:43562, 5f3a79b9-cbc4-4548-98b3-fb34771e4c89:192.168.5.168:44101, bdfd8e89-8012-4ce1-987e-8446dc669c65:192.168.5.168:46256] with ContainerStateMachine:uninitialized
2019-07-13 20:37:28,533 INFO  server.RaftServerConfigKeys (ConfUtils.java:logGet(43)) - raft.server.rpc.timeout.min = 5s (custom)
2019-07-13 20:37:28,533 INFO  server.RaftServerConfigKeys (ConfUtils.java:logGet(43)) - raft.server.rpc.timeout.max = 5200ms (custom)
2019-07-13 20:37:28,533 INFO  impl.RaftServerImpl (RaftServerImpl.java:<init>(93)) - 82b47179-ae1c-4828-8266-167abf0010c1: new RaftServerImpl for group-5E2758FE06C2:[82b47179-ae1c-4828-8266-167abf0010c1:192.168.5.168:43562, 5f3a79b9-cbc4-4548-98b3-fb34771e4c89:192.168.5.168:44101, bdfd8e89-8012-4ce1-987e-8446dc669c65:192.168.5.168:46256] with ContainerStateMachine:uninitialized
2019-07-13 20:37:28,533 INFO  server.RaftServerConfigKeys (ConfUtils.java:logGet(43)) - raft.server.rpcslowness.timeout = 120s (custom)
2019-07-13 20:37:28,533 INFO  server.RaftServerConfigKeys (ConfUtils.java:logGet(43)) - raft.server.rpc.timeout.min = 5s (custom)
2019-07-13 20:37:28,533 INFO  server.RaftServerConfigKeys (ConfUtils.java:logGet(43)) - raft.server.sleep.deviation.threshold = 300 (default)
2019-07-13 20:37:28,534 INFO  server.RaftServerConfigKeys (ConfUtils.java:logGet(43)) - raft.server.rpc.timeout.max = 5200ms (custom)
2019-07-13 20:37:28,534 INFO  impl.RaftServerImpl (RaftServerImpl.java:<init>(93)) - 5f3a79b9-cbc4-4548-98b3-fb34771e4c89: new RaftServerImpl for group-5E2758FE06C2:[82b47179-ae1c-4828-8266-167abf0010c1:192.168.5.168:43562, 5f3a79b9-cbc4-4548-98b3-fb34771e4c89:192.168.5.168:44101, bdfd8e89-8012-4ce1-987e-8446dc669c65:192.168.5.168:46256] with ContainerStateMachine:uninitialized
2019-07-13 20:37:28,534 INFO  server.RaftServerConfigKeys (ConfUtils.java:logGet(43)) - raft.server.rpcslowness.timeout = 120s (custom)
2019-07-13 20:37:28,534 INFO  server.RaftServerConfigKeys (ConfUtils.java:logGet(43)) - raft.server.sleep.deviation.threshold = 300 (default)
2019-07-13 20:37:28,534 INFO  server.RaftServerConfigKeys (ConfUtils.java:logGet(43)) - raft.server.log.appender.install.snapshot.enabled = false (custom)
2019-07-13 20:37:28,534 INFO  server.RaftServerConfigKeys (ConfUtils.java:logGet(43)) - raft.server.log.appender.install.snapshot.enabled = false (custom)
2019-07-13 20:37:28,534 INFO  server.RaftServerConfigKeys (ConfUtils.java:logGet(43)) - raft.server.rpc.timeout.min = 5s (custom)
2019-07-13 20:37:28,535 INFO  impl.RaftServerImpl (ServerState.java:<init>(105)) - 82b47179-ae1c-4828-8266-167abf0010c1:group-5E2758FE06C2 ConfigurationManager, init=-1: [82b47179-ae1c-4828-8266-167abf0010c1:192.168.5.168:43562, 5f3a79b9-cbc4-4548-98b3-fb34771e4c89:192.168.5.168:44101, bdfd8e89-8012-4ce1-987e-8446dc669c65:192.168.5.168:46256], old=null, confs=<EMPTY_MAP>
2019-07-13 20:37:28,534 INFO  impl.RaftServerImpl (ServerState.java:<init>(105)) - bdfd8e89-8012-4ce1-987e-8446dc669c65:group-5E2758FE06C2 ConfigurationManager, init=-1: [82b47179-ae1c-4828-8266-167abf0010c1:192.168.5.168:43562, 5f3a79b9-cbc4-4548-98b3-fb34771e4c89:192.168.5.168:44101, bdfd8e89-8012-4ce1-987e-8446dc669c65:192.168.5.168:46256], old=null, confs=<EMPTY_MAP>
2019-07-13 20:37:28,535 INFO  server.RaftServerConfigKeys (ConfUtils.java:logGet(43)) - raft.server.storage.dir = [/tmp/workdir/hadoop-ozone/integration-test/target/test-dir/MiniOzoneClusterImpl-beb3fd2f-7e95-4f96-8d8e-fa3147c0110a/datanode-3/data/ratis] (custom)
2019-07-13 20:37:28,535 INFO  server.RaftServerConfigKeys (ConfUtils.java:logGet(43)) - raft.server.rpc.timeout.max = 5200ms (custom)
2019-07-13 20:37:28,535 INFO  server.RaftServerConfigKeys (ConfUtils.java:logGet(43)) - raft.server.storage.dir = [/tmp/workdir/hadoop-ozone/integration-test/target/test-dir/MiniOzoneClusterImpl-beb3fd2f-7e95-4f96-8d8e-fa3147c0110a/datanode-5/data/ratis] (custom)
2019-07-13 20:37:28,535 INFO  storage.RaftStorageDirectory (RaftStorageDirectory.java:analyzeStorage(246)) - The storage directory /tmp/workdir/hadoop-ozone/integration-test/target/test-dir/MiniOzoneClusterImpl-beb3fd2f-7e95-4f96-8d8e-fa3147c0110a/datanode-3/data/ratis/3e0671dc-f1d2-4cc3-b305-5e2758fe06c2 does not exist. Creating ...
2019-07-13 20:37:28,535 INFO  server.RaftServerConfigKeys (ConfUtils.java:logGet(43)) - raft.server.rpcslowness.timeout = 120s (custom)
2019-07-13 20:37:28,536 INFO  storage.RaftStorageDirectory (RaftStorageDirectory.java:analyzeStorage(246)) - The storage directory /tmp/workdir/hadoop-ozone/integration-test/target/test-dir/MiniOzoneClusterImpl-beb3fd2f-7e95-4f96-8d8e-fa3147c0110a/datanode-5/data/ratis/3e0671dc-f1d2-4cc3-b305-5e2758fe06c2 does not exist. Creating ...
2019-07-13 20:37:28,536 INFO  server.RaftServerConfigKeys (ConfUtils.java:logGet(43)) - raft.server.sleep.deviation.threshold = 300 (default)
2019-07-13 20:37:28,536 INFO  server.RaftServerConfigKeys (ConfUtils.java:logGet(43)) - raft.server.log.appender.install.snapshot.enabled = false (custom)
2019-07-13 20:37:28,536 INFO  impl.RaftServerImpl (ServerState.java:<init>(105)) - 5f3a79b9-cbc4-4548-98b3-fb34771e4c89:group-5E2758FE06C2 ConfigurationManager, init=-1: [82b47179-ae1c-4828-8266-167abf0010c1:192.168.5.168:43562, 5f3a79b9-cbc4-4548-98b3-fb34771e4c89:192.168.5.168:44101, bdfd8e89-8012-4ce1-987e-8446dc669c65:192.168.5.168:46256], old=null, confs=<EMPTY_MAP>
2019-07-13 20:37:28,536 INFO  server.RaftServerConfigKeys (ConfUtils.java:logGet(43)) - raft.server.storage.dir = [/tmp/workdir/hadoop-ozone/integration-test/target/test-dir/MiniOzoneClusterImpl-beb3fd2f-7e95-4f96-8d8e-fa3147c0110a/datanode-4/data/ratis] (custom)
2019-07-13 20:37:28,537 INFO  storage.RaftStorageDirectory (RaftStorageDirectory.java:analyzeStorage(246)) - The storage directory /tmp/workdir/hadoop-ozone/integration-test/target/test-dir/MiniOzoneClusterImpl-beb3fd2f-7e95-4f96-8d8e-fa3147c0110a/datanode-4/data/ratis/3e0671dc-f1d2-4cc3-b305-5e2758fe06c2 does not exist. Creating ...
2019-07-13 20:37:28,549 INFO  storage.RaftStorageDirectory (RaftStorageDirectory.java:tryLock(328)) - Lock on /tmp/workdir/hadoop-ozone/integration-test/target/test-dir/MiniOzoneClusterImpl-beb3fd2f-7e95-4f96-8d8e-fa3147c0110a/datanode-4/data/ratis/3e0671dc-f1d2-4cc3-b305-5e2758fe06c2/in_use.lock acquired by nodename 32015@trunk-nightly-6qp7m-2461138711
2019-07-13 20:37:28,549 INFO  storage.RaftStorageDirectory (RaftStorageDirectory.java:tryLock(328)) - Lock on /tmp/workdir/hadoop-ozone/integration-test/target/test-dir/MiniOzoneClusterImpl-beb3fd2f-7e95-4f96-8d8e-fa3147c0110a/datanode-3/data/ratis/3e0671dc-f1d2-4cc3-b305-5e2758fe06c2/in_use.lock acquired by nodename 32015@trunk-nightly-6qp7m-2461138711
2019-07-13 20:37:28,549 INFO  storage.RaftStorageDirectory (RaftStorageDirectory.java:tryLock(328)) - Lock on /tmp/workdir/hadoop-ozone/integration-test/target/test-dir/MiniOzoneClusterImpl-beb3fd2f-7e95-4f96-8d8e-fa3147c0110a/datanode-5/data/ratis/3e0671dc-f1d2-4cc3-b305-5e2758fe06c2/in_use.lock acquired by nodename 32015@trunk-nightly-6qp7m-2461138711
2019-07-13 20:37:28,569 INFO  storage.RaftStorage (RaftStorage.java:format(72)) - Storage directory /tmp/workdir/hadoop-ozone/integration-test/target/test-dir/MiniOzoneClusterImpl-beb3fd2f-7e95-4f96-8d8e-fa3147c0110a/datanode-3/data/ratis/3e0671dc-f1d2-4cc3-b305-5e2758fe06c2 has been successfully formatted.
2019-07-13 20:37:28,569 INFO  storage.RaftStorage (RaftStorage.java:format(72)) - Storage directory /tmp/workdir/hadoop-ozone/integration-test/target/test-dir/MiniOzoneClusterImpl-beb3fd2f-7e95-4f96-8d8e-fa3147c0110a/datanode-4/data/ratis/3e0671dc-f1d2-4cc3-b305-5e2758fe06c2 has been successfully formatted.
2019-07-13 20:37:28,569 INFO  storage.RaftStorage (RaftStorage.java:format(72)) - Storage directory /tmp/workdir/hadoop-ozone/integration-test/target/test-dir/MiniOzoneClusterImpl-beb3fd2f-7e95-4f96-8d8e-fa3147c0110a/datanode-5/data/ratis/3e0671dc-f1d2-4cc3-b305-5e2758fe06c2 has been successfully formatted.
2019-07-13 20:37:28,570 INFO  ratis.ContainerStateMachine (ContainerStateMachine.java:loadSnapshot(200)) - The snapshot info is null.Setting the last applied index to:(t:0, i:~)
2019-07-13 20:37:28,570 INFO  ratis.ContainerStateMachine (ContainerStateMachine.java:loadSnapshot(200)) - The snapshot info is null.Setting the last applied index to:(t:0, i:~)
2019-07-13 20:37:28,570 INFO  server.RaftServerConfigKeys (ConfUtils.java:logGet(43)) - raft.server.leader.election.timeout = 120s (custom)
2019-07-13 20:37:28,570 INFO  ratis.ContainerStateMachine (ContainerStateMachine.java:loadSnapshot(200)) - The snapshot info is null.Setting the last applied index to:(t:0, i:~)
2019-07-13 20:37:28,570 INFO  server.RaftServerConfigKeys (ConfUtils.java:logGet(43)) - raft.server.log.use.memory = false (default)
2019-07-13 20:37:28,570 INFO  server.RaftServerConfigKeys (ConfUtils.java:logGet(43)) - raft.server.leader.election.timeout = 120s (custom)
2019-07-13 20:37:28,571 INFO  server.RaftServerConfigKeys (ConfUtils.java:logGet(43)) - raft.server.log.purge.gap = 1000000000 (custom)
2019-07-13 20:37:28,570 INFO  server.RaftServerConfigKeys (ConfUtils.java:logGet(43)) - raft.server.leader.election.timeout = 120s (custom)
2019-07-13 20:37:28,571 INFO  server.RaftServerConfigKeys (ConfUtils.java:logGet(43)) - raft.server.log.appender.buffer.byte-limit = 33554432 (custom)
2019-07-13 20:37:28,571 INFO  server.RaftServerConfigKeys (ConfUtils.java:logGet(43)) - raft.server.log.use.memory = false (default)
2019-07-13 20:37:28,571 INFO  server.RaftServerConfigKeys (ConfUtils.java:logGet(43)) - raft.server.log.segment.size.max = 1048576 (custom)
2019-07-13 20:37:28,571 INFO  server.RaftServerConfigKeys (ConfUtils.java:logGet(43)) - raft.server.log.use.memory = false (default)
2019-07-13 20:37:28,571 INFO  server.RaftServerConfigKeys (ConfUtils.java:logGet(43)) - raft.server.log.segment.cache.num.max = 2 (custom)
2019-07-13 20:37:28,571 INFO  server.RaftServerConfigKeys (ConfUtils.java:logGet(43)) - raft.server.log.purge.gap = 1000000000 (custom)
2019-07-13 20:37:28,572 INFO  segmented.SegmentedRaftLogWorker (SegmentedRaftLogWorker.java:<init>(172)) - new 5f3a79b9-cbc4-4548-98b3-fb34771e4c89-SegmentedRaftLogWorker:Storage Directory /tmp/workdir/hadoop-ozone/integration-test/target/test-dir/MiniOzoneClusterImpl-beb3fd2f-7e95-4f96-8d8e-fa3147c0110a/datanode-4/data/ratis/3e0671dc-f1d2-4cc3-b305-5e2758fe06c2 for RaftStorage:Storage Directory /tmp/workdir/hadoop-ozone/integration-test/target/test-dir/MiniOzoneClusterImpl-beb3fd2f-7e95-4f96-8d8e-fa3147c0110a/datanode-4/data/ratis/3e0671dc-f1d2-4cc3-b305-5e2758fe06c2
2019-07-13 20:37:28,572 INFO  server.RaftServerConfigKeys (ConfUtils.java:logGet(43)) - raft.server.log.purge.gap = 1000000000 (custom)
2019-07-13 20:37:28,572 INFO  server.RaftServerConfigKeys (ConfUtils.java:logGet(43)) - raft.server.log.queue.byte-limit = 2147483647 (custom)
2019-07-13 20:37:28,572 INFO  server.RaftServerConfigKeys (ConfUtils.java:logGet(43)) - raft.server.log.queue.element-limit = 1024 (custom)
2019-07-13 20:37:28,572 INFO  server.RaftServerConfigKeys (ConfUtils.java:logGet(43)) - raft.server.log.appender.buffer.byte-limit = 33554432 (custom)
2019-07-13 20:37:28,573 INFO  server.RaftServerConfigKeys (ConfUtils.java:logGet(43)) - raft.server.log.segment.size.max = 1048576 (custom)
2019-07-13 20:37:28,572 INFO  server.RaftServerConfigKeys (ConfUtils.java:logGet(43)) - raft.server.log.appender.buffer.byte-limit = 33554432 (custom)
2019-07-13 20:37:28,573 INFO  server.RaftServerConfigKeys (ConfUtils.java:logGet(43)) - raft.server.log.preallocated.size = 16384 (custom)
2019-07-13 20:37:28,573 INFO  server.RaftServerConfigKeys (ConfUtils.java:logGet(43)) - raft.server.log.segment.size.max = 1048576 (custom)
2019-07-13 20:37:28,573 INFO  server.RaftServerConfigKeys (ConfUtils.java:logGet(43)) - raft.server.log.write.buffer.size = 33554432 (custom)
2019-07-13 20:37:28,574 INFO  server.RaftServerConfigKeys (ConfUtils.java:logGet(43)) - raft.server.log.force.sync.num = 128 (default)
2019-07-13 20:37:28,573 INFO  server.RaftServerConfigKeys (ConfUtils.java:logGet(43)) - raft.server.log.segment.size.max = 1048576 (custom)
2019-07-13 20:37:28,574 INFO  server.RaftServerConfigKeys (ConfUtils.java:logGet(43)) - raft.server.log.statemachine.data.sync = true (default)
2019-07-13 20:37:28,574 INFO  server.RaftServerConfigKeys (ConfUtils.java:logGet(43)) - raft.server.log.statemachine.data.sync.timeout = 10s (default)
2019-07-13 20:37:28,573 INFO  server.RaftServerConfigKeys (ConfUtils.java:logGet(43)) - raft.server.log.segment.cache.num.max = 2 (custom)
2019-07-13 20:37:28,574 INFO  server.RaftServerConfigKeys (ConfUtils.java:logGet(43)) - raft.server.log.statemachine.data.sync.timeout.retry = -1 (default)
2019-07-13 20:37:28,574 INFO  server.RaftServerConfigKeys (ConfUtils.java:logGet(43)) - raft.server.log.segment.cache.num.max = 2 (custom)
2019-07-13 20:37:28,575 INFO  server.RaftServerConfigKeys (ConfUtils.java:logGet(43)) - raft.server.log.statemachine.data.caching.enabled = true (custom)
2019-07-13 20:37:28,574 INFO  segmented.SegmentedRaftLogWorker (SegmentedRaftLogWorker.java:<init>(172)) - new 82b47179-ae1c-4828-8266-167abf0010c1-SegmentedRaftLogWorker:Storage Directory /tmp/workdir/hadoop-ozone/integration-test/target/test-dir/MiniOzoneClusterImpl-beb3fd2f-7e95-4f96-8d8e-fa3147c0110a/datanode-3/data/ratis/3e0671dc-f1d2-4cc3-b305-5e2758fe06c2 for RaftStorage:Storage Directory /tmp/workdir/hadoop-ozone/integration-test/target/test-dir/MiniOzoneClusterImpl-beb3fd2f-7e95-4f96-8d8e-fa3147c0110a/datanode-3/data/ratis/3e0671dc-f1d2-4cc3-b305-5e2758fe06c2
2019-07-13 20:37:28,575 INFO  segmented.SegmentedRaftLogWorker (SegmentedRaftLogWorker.java:<init>(172)) - new bdfd8e89-8012-4ce1-987e-8446dc669c65-SegmentedRaftLogWorker:Storage Directory /tmp/workdir/hadoop-ozone/integration-test/target/test-dir/MiniOzoneClusterImpl-beb3fd2f-7e95-4f96-8d8e-fa3147c0110a/datanode-5/data/ratis/3e0671dc-f1d2-4cc3-b305-5e2758fe06c2 for RaftStorage:Storage Directory /tmp/workdir/hadoop-ozone/integration-test/target/test-dir/MiniOzoneClusterImpl-beb3fd2f-7e95-4f96-8d8e-fa3147c0110a/datanode-5/data/ratis/3e0671dc-f1d2-4cc3-b305-5e2758fe06c2
2019-07-13 20:37:28,575 INFO  server.RaftServerConfigKeys (ConfUtils.java:logGet(43)) - raft.server.log.queue.byte-limit = 2147483647 (custom)
2019-07-13 20:37:28,575 INFO  segmented.SegmentedRaftLogWorker (SegmentedRaftLogWorker.java:lambda$new$0(132)) - 5f3a79b9-cbc4-4548-98b3-fb34771e4c89-SegmentedRaftLogWorker:Storage Directory /tmp/workdir/hadoop-ozone/integration-test/target/test-dir/MiniOzoneClusterImpl-beb3fd2f-7e95-4f96-8d8e-fa3147c0110a/datanode-4/data/ratis/3e0671dc-f1d2-4cc3-b305-5e2758fe06c2: flushIndex: setUnconditionally 0 -> -1
2019-07-13 20:37:28,575 INFO  server.RaftServerConfigKeys (ConfUtils.java:logGet(43)) - raft.server.log.queue.element-limit = 1024 (custom)
2019-07-13 20:37:28,575 INFO  server.RaftServerConfigKeys (ConfUtils.java:logGet(43)) - raft.server.log.queue.byte-limit = 2147483647 (custom)
2019-07-13 20:37:28,576 INFO  server.RaftServerConfigKeys (ConfUtils.java:logGet(43)) - raft.server.snapshot.auto.trigger.enabled = true (custom)
2019-07-13 20:37:28,576 INFO  server.RaftServerConfigKeys (ConfUtils.java:logGet(43)) - raft.server.log.segment.size.max = 1048576 (custom)
2019-07-13 20:37:28,576 INFO  server.RaftServerConfigKeys (ConfUtils.java:logGet(43)) - raft.server.snapshot.auto.trigger.threshold = 10000 (custom)
2019-07-13 20:37:28,576 INFO  server.RaftServerConfigKeys (ConfUtils.java:logGet(43)) - raft.server.log.queue.element-limit = 1024 (custom)
2019-07-13 20:37:28,576 INFO  server.RaftServerConfigKeys (ConfUtils.java:logGet(43)) - raft.server.retrycache.expirytime = 600000ms (custom)
2019-07-13 20:37:28,576 INFO  server.RaftServerConfigKeys (ConfUtils.java:logGet(43)) - raft.server.log.preallocated.size = 16384 (custom)
2019-07-13 20:37:28,576 INFO  impl.RaftServerImpl (RaftServerImpl.java:start(180)) - 5f3a79b9-cbc4-4548-98b3-fb34771e4c89: start group-5E2758FE06C2
2019-07-13 20:37:28,576 INFO  server.RaftServerConfigKeys (ConfUtils.java:logGet(43)) - raft.server.log.segment.size.max = 1048576 (custom)
2019-07-13 20:37:28,577 INFO  impl.RaftServerImpl (RaftServerImpl.java:setRole(171)) - 5f3a79b9-cbc4-4548-98b3-fb34771e4c89:group-5E2758FE06C2 changes role from null to FOLLOWER at term 0 for startAsFollower
2019-07-13 20:37:28,577 INFO  impl.RoleInfo (RoleInfo.java:updateAndGet(143)) - 5f3a79b9-cbc4-4548-98b3-fb34771e4c89: start FollowerState
2019-07-13 20:37:28,577 INFO  server.RaftServerConfigKeys (ConfUtils.java:logGet(43)) - raft.server.log.write.buffer.size = 33554432 (custom)
2019-07-13 20:37:28,577 INFO  server.RaftServerConfigKeys (ConfUtils.java:logGet(43)) - raft.server.log.preallocated.size = 16384 (custom)
2019-07-13 20:37:28,577 INFO  util.JmxRegister (JmxRegister.java:tryRegister(44)) - Successfully registered JMX Bean with object name Ratis:service=RaftServer,group=group-5E2758FE06C2,id=5f3a79b9-cbc4-4548-98b3-fb34771e4c89
2019-07-13 20:37:28,577 INFO  server.RaftServerConfigKeys (ConfUtils.java:logGet(43)) - raft.server.log.force.sync.num = 128 (default)
2019-07-13 20:37:28,577 INFO  server.RaftServerConfigKeys (ConfUtils.java:logGet(43)) - raft.server.log.write.buffer.size = 33554432 (custom)
2019-07-13 20:37:28,578 INFO  server.RaftServerConfigKeys (ConfUtils.java:logGet(43)) - raft.server.log.statemachine.data.sync = true (default)
2019-07-13 20:37:28,578 INFO  server.RaftServerConfigKeys (ConfUtils.java:logGet(43)) - raft.server.log.force.sync.num = 128 (default)
2019-07-13 20:37:28,578 INFO  server.RaftServerConfigKeys (ConfUtils.java:logGet(43)) - raft.server.log.statemachine.data.sync.timeout = 10s (default)
2019-07-13 20:37:28,578 INFO  server.RaftServerConfigKeys (ConfUtils.java:logGet(43)) - raft.server.log.statemachine.data.sync = true (default)
2019-07-13 20:37:28,578 INFO  server.RaftServerConfigKeys (ConfUtils.java:logGet(43)) - raft.server.log.statemachine.data.sync.timeout.retry = -1 (default)
2019-07-13 20:37:28,579 INFO  server.RaftServerConfigKeys (ConfUtils.java:logGet(43)) - raft.server.log.statemachine.data.sync.timeout = 10s (default)
2019-07-13 20:37:28,579 INFO  server.RaftServerConfigKeys (ConfUtils.java:logGet(43)) - raft.server.log.statemachine.data.caching.enabled = true (custom)
2019-07-13 20:37:28,579 INFO  server.RaftServerConfigKeys (ConfUtils.java:logGet(43)) - raft.server.log.statemachine.data.sync.timeout.retry = -1 (default)
2019-07-13 20:37:28,579 INFO  segmented.SegmentedRaftLogWorker (SegmentedRaftLogWorker.java:lambda$new$0(132)) - 82b47179-ae1c-4828-8266-167abf0010c1-SegmentedRaftLogWorker:Storage Directory /tmp/workdir/hadoop-ozone/integration-test/target/test-dir/MiniOzoneClusterImpl-beb3fd2f-7e95-4f96-8d8e-fa3147c0110a/datanode-3/data/ratis/3e0671dc-f1d2-4cc3-b305-5e2758fe06c2: flushIndex: setUnconditionally 0 -> -1
2019-07-13 20:37:28,579 INFO  server.RaftServerConfigKeys (ConfUtils.java:logGet(43)) - raft.server.log.statemachine.data.caching.enabled = true (custom)
2019-07-13 20:37:28,580 INFO  server.RaftServerConfigKeys (ConfUtils.java:logGet(43)) - raft.server.snapshot.auto.trigger.enabled = true (custom)
2019-07-13 20:37:28,580 INFO  segmented.SegmentedRaftLogWorker (SegmentedRaftLogWorker.java:lambda$new$0(132)) - bdfd8e89-8012-4ce1-987e-8446dc669c65-SegmentedRaftLogWorker:Storage Directory /tmp/workdir/hadoop-ozone/integration-test/target/test-dir/MiniOzoneClusterImpl-beb3fd2f-7e95-4f96-8d8e-fa3147c0110a/datanode-5/data/ratis/3e0671dc-f1d2-4cc3-b305-5e2758fe06c2: flushIndex: setUnconditionally 0 -> -1
2019-07-13 20:37:28,580 INFO  server.RaftServerConfigKeys (ConfUtils.java:logGet(43)) - raft.server.snapshot.auto.trigger.threshold = 10000 (custom)
2019-07-13 20:37:28,580 INFO  server.RaftServerConfigKeys (ConfUtils.java:logGet(43)) - raft.server.retrycache.expirytime = 600000ms (custom)
2019-07-13 20:37:28,580 INFO  server.RaftServerConfigKeys (ConfUtils.java:logGet(43)) - raft.server.snapshot.auto.trigger.enabled = true (custom)
2019-07-13 20:37:28,580 INFO  impl.RaftServerImpl (RaftServerImpl.java:start(180)) - 82b47179-ae1c-4828-8266-167abf0010c1: start group-5E2758FE06C2
2019-07-13 20:37:28,580 INFO  server.RaftServerConfigKeys (ConfUtils.java:logGet(43)) - raft.server.snapshot.auto.trigger.threshold = 10000 (custom)
2019-07-13 20:37:28,580 INFO  impl.RaftServerImpl (RaftServerImpl.java:setRole(171)) - 82b47179-ae1c-4828-8266-167abf0010c1:group-5E2758FE06C2 changes role from null to FOLLOWER at term 0 for startAsFollower
2019-07-13 20:37:28,581 INFO  server.RaftServerConfigKeys (ConfUtils.java:logGet(43)) - raft.server.retrycache.expirytime = 600000ms (custom)
2019-07-13 20:37:28,581 INFO  impl.RoleInfo (RoleInfo.java:updateAndGet(143)) - 82b47179-ae1c-4828-8266-167abf0010c1: start FollowerState
2019-07-13 20:37:28,581 INFO  impl.RaftServerImpl (RaftServerImpl.java:start(180)) - bdfd8e89-8012-4ce1-987e-8446dc669c65: start group-5E2758FE06C2
2019-07-13 20:37:28,581 INFO  impl.RaftServerImpl (RaftServerImpl.java:setRole(171)) - bdfd8e89-8012-4ce1-987e-8446dc669c65:group-5E2758FE06C2 changes role from null to FOLLOWER at term 0 for startAsFollower
2019-07-13 20:37:28,581 INFO  impl.RoleInfo (RoleInfo.java:updateAndGet(143)) - bdfd8e89-8012-4ce1-987e-8446dc669c65: start FollowerState
2019-07-13 20:37:28,581 INFO  util.JmxRegister (JmxRegister.java:tryRegister(44)) - Successfully registered JMX Bean with object name Ratis:service=RaftServer,group=group-5E2758FE06C2,id=82b47179-ae1c-4828-8266-167abf0010c1
2019-07-13 20:37:28,582 INFO  util.JmxRegister (JmxRegister.java:tryRegister(44)) - Successfully registered JMX Bean with object name Ratis:service=RaftServer,group=group-5E2758FE06C2,id=bdfd8e89-8012-4ce1-987e-8446dc669c65
2019-07-13 20:37:28,583 INFO  pipeline.PipelineStateManager (PipelineStateManager.java:addPipeline(56)) - Created pipeline Pipeline[ Id: 3e0671dc-f1d2-4cc3-b305-5e2758fe06c2, Nodes: 82b47179-ae1c-4828-8266-167abf0010c1{ip: 192.168.5.168, host: trunk-nightly-6qp7m-2461138711, networkLocation: /default-rack, certSerialId: null}bdfd8e89-8012-4ce1-987e-8446dc669c65{ip: 192.168.5.168, host: trunk-nightly-6qp7m-2461138711, networkLocation: /default-rack, certSerialId: null}5f3a79b9-cbc4-4548-98b3-fb34771e4c89{ip: 192.168.5.168, host: trunk-nightly-6qp7m-2461138711, networkLocation: /default-rack, certSerialId: null}, Type:RATIS, Factor:THREE, State:OPEN]
2019-07-13 20:37:28,637 INFO  ozone.MiniOzoneClusterImpl (MiniOzoneClusterImpl.java:lambda$waitForClusterToBeReady$0(142)) - Waiting for cluster to be ready. Got 6 of 7 DN Heartbeats.
2019-07-13 20:37:28,640 INFO  node.SCMNodeManager (SCMNodeManager.java:register(269)) - Registered Data node : db6fb076-c625-4ffe-8c3c-b474a25b20c8{ip: 192.168.5.168, host: trunk-nightly-6qp7m-2461138711, networkLocation: /default-rack, certSerialId: null}
2019-07-13 20:37:28,647 INFO  impl.RaftServerProxy (RaftServerProxy.java:addNew(89)) - db6fb076-c625-4ffe-8c3c-b474a25b20c8: addNew group-E53EA57475A1:[db6fb076-c625-4ffe-8c3c-b474a25b20c8:192.168.5.168:43615] returns group-E53EA57475A1:java.util.concurrent.CompletableFuture@7c4be72[Not completed]
2019-07-13 20:37:28,649 INFO  impl.RaftServerImpl (RaftServerImpl.java:<init>(93)) - db6fb076-c625-4ffe-8c3c-b474a25b20c8: new RaftServerImpl for group-E53EA57475A1:[db6fb076-c625-4ffe-8c3c-b474a25b20c8:192.168.5.168:43615] with ContainerStateMachine:uninitialized
2019-07-13 20:37:28,649 INFO  server.RaftServerConfigKeys (ConfUtils.java:logGet(43)) - raft.server.rpc.timeout.min = 5s (custom)
2019-07-13 20:37:28,649 INFO  server.RaftServerConfigKeys (ConfUtils.java:logGet(43)) - raft.server.rpc.timeout.max = 5200ms (custom)
2019-07-13 20:37:28,649 INFO  server.RaftServerConfigKeys (ConfUtils.java:logGet(43)) - raft.server.rpcslowness.timeout = 120s (custom)
2019-07-13 20:37:28,649 INFO  server.RaftServerConfigKeys (ConfUtils.java:logGet(43)) - raft.server.sleep.deviation.threshold = 300 (default)
2019-07-13 20:37:28,649 INFO  server.RaftServerConfigKeys (ConfUtils.java:logGet(43)) - raft.server.log.appender.install.snapshot.enabled = false (custom)
2019-07-13 20:37:28,649 INFO  impl.RaftServerImpl (ServerState.java:<init>(105)) - db6fb076-c625-4ffe-8c3c-b474a25b20c8:group-E53EA57475A1 ConfigurationManager, init=-1: [db6fb076-c625-4ffe-8c3c-b474a25b20c8:192.168.5.168:43615], old=null, confs=<EMPTY_MAP>
2019-07-13 20:37:28,650 INFO  server.RaftServerConfigKeys (ConfUtils.java:logGet(43)) - raft.server.storage.dir = [/tmp/workdir/hadoop-ozone/integration-test/target/test-dir/MiniOzoneClusterImpl-beb3fd2f-7e95-4f96-8d8e-fa3147c0110a/datanode-6/data/ratis] (custom)
2019-07-13 20:37:28,650 INFO  storage.RaftStorageDirectory (RaftStorageDirectory.java:analyzeStorage(246)) - The storage directory /tmp/workdir/hadoop-ozone/integration-test/target/test-dir/MiniOzoneClusterImpl-beb3fd2f-7e95-4f96-8d8e-fa3147c0110a/datanode-6/data/ratis/e4097033-0a66-4535-94bb-e53ea57475a1 does not exist. Creating ...
2019-07-13 20:37:28,655 INFO  storage.RaftStorageDirectory (RaftStorageDirectory.java:tryLock(328)) - Lock on /tmp/workdir/hadoop-ozone/integration-test/target/test-dir/MiniOzoneClusterImpl-beb3fd2f-7e95-4f96-8d8e-fa3147c0110a/datanode-6/data/ratis/e4097033-0a66-4535-94bb-e53ea57475a1/in_use.lock acquired by nodename 32015@trunk-nightly-6qp7m-2461138711
2019-07-13 20:37:28,662 INFO  storage.RaftStorage (RaftStorage.java:format(72)) - Storage directory /tmp/workdir/hadoop-ozone/integration-test/target/test-dir/MiniOzoneClusterImpl-beb3fd2f-7e95-4f96-8d8e-fa3147c0110a/datanode-6/data/ratis/e4097033-0a66-4535-94bb-e53ea57475a1 has been successfully formatted.
2019-07-13 20:37:28,662 INFO  ratis.ContainerStateMachine (ContainerStateMachine.java:loadSnapshot(200)) - The snapshot info is null.Setting the last applied index to:(t:0, i:~)
2019-07-13 20:37:28,662 INFO  server.RaftServerConfigKeys (ConfUtils.java:logGet(43)) - raft.server.leader.election.timeout = 120s (custom)
2019-07-13 20:37:28,662 INFO  server.RaftServerConfigKeys (ConfUtils.java:logGet(43)) - raft.server.log.use.memory = false (default)
2019-07-13 20:37:28,662 INFO  server.RaftServerConfigKeys (ConfUtils.java:logGet(43)) - raft.server.log.purge.gap = 1000000000 (custom)
2019-07-13 20:37:28,663 INFO  server.RaftServerConfigKeys (ConfUtils.java:logGet(43)) - raft.server.log.appender.buffer.byte-limit = 33554432 (custom)
2019-07-13 20:37:28,663 INFO  server.RaftServerConfigKeys (ConfUtils.java:logGet(43)) - raft.server.log.segment.size.max = 1048576 (custom)
2019-07-13 20:37:28,663 INFO  server.RaftServerConfigKeys (ConfUtils.java:logGet(43)) - raft.server.log.segment.cache.num.max = 2 (custom)
2019-07-13 20:37:28,663 INFO  segmented.SegmentedRaftLogWorker (SegmentedRaftLogWorker.java:<init>(172)) - new db6fb076-c625-4ffe-8c3c-b474a25b20c8-SegmentedRaftLogWorker:Storage Directory /tmp/workdir/hadoop-ozone/integration-test/target/test-dir/MiniOzoneClusterImpl-beb3fd2f-7e95-4f96-8d8e-fa3147c0110a/datanode-6/data/ratis/e4097033-0a66-4535-94bb-e53ea57475a1 for RaftStorage:Storage Directory /tmp/workdir/hadoop-ozone/integration-test/target/test-dir/MiniOzoneClusterImpl-beb3fd2f-7e95-4f96-8d8e-fa3147c0110a/datanode-6/data/ratis/e4097033-0a66-4535-94bb-e53ea57475a1
2019-07-13 20:37:28,663 INFO  server.RaftServerConfigKeys (ConfUtils.java:logGet(43)) - raft.server.log.queue.byte-limit = 2147483647 (custom)
2019-07-13 20:37:28,663 INFO  server.RaftServerConfigKeys (ConfUtils.java:logGet(43)) - raft.server.log.queue.element-limit = 1024 (custom)
2019-07-13 20:37:28,664 INFO  server.RaftServerConfigKeys (ConfUtils.java:logGet(43)) - raft.server.log.segment.size.max = 1048576 (custom)
2019-07-13 20:37:28,664 INFO  server.RaftServerConfigKeys (ConfUtils.java:logGet(43)) - raft.server.log.preallocated.size = 16384 (custom)
2019-07-13 20:37:28,664 INFO  server.RaftServerConfigKeys (ConfUtils.java:logGet(43)) - raft.server.log.write.buffer.size = 33554432 (custom)
2019-07-13 20:37:28,664 INFO  server.RaftServerConfigKeys (ConfUtils.java:logGet(43)) - raft.server.log.force.sync.num = 128 (default)
2019-07-13 20:37:28,664 INFO  server.RaftServerConfigKeys (ConfUtils.java:logGet(43)) - raft.server.log.statemachine.data.sync = true (default)
2019-07-13 20:37:28,664 INFO  server.RaftServerConfigKeys (ConfUtils.java:logGet(43)) - raft.server.log.statemachine.data.sync.timeout = 10s (default)
2019-07-13 20:37:28,664 INFO  server.RaftServerConfigKeys (ConfUtils.java:logGet(43)) - raft.server.log.statemachine.data.sync.timeout.retry = -1 (default)
2019-07-13 20:37:28,665 INFO  server.RaftServerConfigKeys (ConfUtils.java:logGet(43)) - raft.server.log.statemachine.data.caching.enabled = true (custom)
2019-07-13 20:37:28,665 INFO  segmented.SegmentedRaftLogWorker (SegmentedRaftLogWorker.java:lambda$new$0(132)) - db6fb076-c625-4ffe-8c3c-b474a25b20c8-SegmentedRaftLogWorker:Storage Directory /tmp/workdir/hadoop-ozone/integration-test/target/test-dir/MiniOzoneClusterImpl-beb3fd2f-7e95-4f96-8d8e-fa3147c0110a/datanode-6/data/ratis/e4097033-0a66-4535-94bb-e53ea57475a1: flushIndex: setUnconditionally 0 -> -1
2019-07-13 20:37:28,665 INFO  server.RaftServerConfigKeys (ConfUtils.java:logGet(43)) - raft.server.snapshot.auto.trigger.enabled = true (custom)
2019-07-13 20:37:28,666 INFO  server.RaftServerConfigKeys (ConfUtils.java:logGet(43)) - raft.server.snapshot.auto.trigger.threshold = 10000 (custom)
2019-07-13 20:37:28,666 INFO  server.RaftServerConfigKeys (ConfUtils.java:logGet(43)) - raft.server.retrycache.expirytime = 600000ms (custom)
2019-07-13 20:37:28,666 INFO  impl.RaftServerImpl (RaftServerImpl.java:start(180)) - db6fb076-c625-4ffe-8c3c-b474a25b20c8: start group-E53EA57475A1
2019-07-13 20:37:28,666 INFO  impl.RaftServerImpl (RaftServerImpl.java:setRole(171)) - db6fb076-c625-4ffe-8c3c-b474a25b20c8:group-E53EA57475A1 changes role from null to FOLLOWER at term 0 for startAsFollower
2019-07-13 20:37:28,666 INFO  impl.RoleInfo (RoleInfo.java:updateAndGet(143)) - db6fb076-c625-4ffe-8c3c-b474a25b20c8: start FollowerState
2019-07-13 20:37:28,667 INFO  util.JmxRegister (JmxRegister.java:tryRegister(44)) - Successfully registered JMX Bean with object name Ratis:service=RaftServer,group=group-E53EA57475A1,id=db6fb076-c625-4ffe-8c3c-b474a25b20c8
2019-07-13 20:37:28,668 INFO  pipeline.PipelineStateManager (PipelineStateManager.java:addPipeline(56)) - Created pipeline Pipeline[ Id: e4097033-0a66-4535-94bb-e53ea57475a1, Nodes: db6fb076-c625-4ffe-8c3c-b474a25b20c8{ip: 192.168.5.168, host: trunk-nightly-6qp7m-2461138711, networkLocation: /default-rack, certSerialId: null}, Type:RATIS, Factor:ONE, State:OPEN]
2019-07-13 20:37:29,638 INFO  ozone.MiniOzoneClusterImpl (MiniOzoneClusterImpl.java:lambda$waitForClusterToBeReady$0(142)) - Cluster is ready. Got 7 of 7 DN Heartbeats.
2019-07-13 20:37:29,697 INFO  rpc.RpcClient (RpcClient.java:createVolume(287)) - Creating Volume: testblockoutputstream, with jenkins1000 as owner.
2019-07-13 20:37:29,713 INFO  rpc.RpcClient (RpcClient.java:createBucket(424)) - Creating Bucket: testblockoutputstream/testblockoutputstream, with Versioning false and Storage Type set to DISK and Encryption set to false 
2019-07-13 20:37:29,745 INFO  client.GrpcClientProtocolClient (GrpcClientProtocolClient.java:onNext(255)) - client-25357D9DF011->82b47179-ae1c-4828-8266-167abf0010c1: receive RaftClientReply:client-25357D9DF011->82b47179-ae1c-4828-8266-167abf0010c1@group-5E2758FE06C2, cid=220, FAILED org.apache.ratis.protocol.NotLeaderException: Server 82b47179-ae1c-4828-8266-167abf0010c1 is not the leader (null). Request must be sent to leader., logIndex=0, commits[82b47179-ae1c-4828-8266-167abf0010c1:c-1]
2019-07-13 20:37:30,412 INFO  container.ReplicationManager (ReplicationManager.java:start(155)) - Starting Replication Monitor Thread.
2019-07-13 20:37:30,417 INFO  container.ReplicationManager (ReplicationManager.java:run(207)) - Replication Monitor Thread took 0 milliseconds for processing 1 containers.
2019-07-13 20:37:30,761 INFO  client.GrpcClientProtocolClient (GrpcClientProtocolClient.java:onNext(255)) - client-25357D9DF011->5f3a79b9-cbc4-4548-98b3-fb34771e4c89: receive RaftClientReply:client-25357D9DF011->5f3a79b9-cbc4-4548-98b3-fb34771e4c89@group-5E2758FE06C2, cid=220, FAILED org.apache.ratis.protocol.NotLeaderException: Server 5f3a79b9-cbc4-4548-98b3-fb34771e4c89 is not the leader (null). Request must be sent to leader., logIndex=0, commits[5f3a79b9-cbc4-4548-98b3-fb34771e4c89:c-1]
2019-07-13 20:37:31,771 INFO  client.GrpcClientProtocolClient (GrpcClientProtocolClient.java:onNext(255)) - client-25357D9DF011->82b47179-ae1c-4828-8266-167abf0010c1: receive RaftClientReply:client-25357D9DF011->82b47179-ae1c-4828-8266-167abf0010c1@group-5E2758FE06C2, cid=220, FAILED org.apache.ratis.protocol.NotLeaderException: Server 82b47179-ae1c-4828-8266-167abf0010c1 is not the leader (null). Request must be sent to leader., logIndex=0, commits[82b47179-ae1c-4828-8266-167abf0010c1:c-1]
2019-07-13 20:37:32,503 INFO  impl.FollowerState (FollowerState.java:run(106)) - d96a1763-cd6d-4bf5-9130-827c7273c33d:group-045C1D15AAF3 changes to CANDIDATE, lastRpcTime:5060, electionTimeout:5060ms
2019-07-13 20:37:32,503 INFO  impl.RoleInfo (RoleInfo.java:shutdownFollowerState(121)) - d96a1763-cd6d-4bf5-9130-827c7273c33d: shutdown FollowerState
2019-07-13 20:37:32,503 INFO  impl.RaftServerImpl (RaftServerImpl.java:setRole(171)) - d96a1763-cd6d-4bf5-9130-827c7273c33d:group-045C1D15AAF3 changes role from FOLLOWER to CANDIDATE at term 0 for changeToCandidate
2019-07-13 20:37:32,504 INFO  impl.RoleInfo (RoleInfo.java:updateAndGet(143)) - d96a1763-cd6d-4bf5-9130-827c7273c33d: start LeaderElection
2019-07-13 20:37:32,531 INFO  impl.LeaderElection (LeaderElection.java:askForVotes(181)) - d96a1763-cd6d-4bf5-9130-827c7273c33d:group-045C1D15AAF3:LeaderElection75: begin an election at term 1 for -1: [d96a1763-cd6d-4bf5-9130-827c7273c33d:192.168.5.168:40514], old=null
2019-07-13 20:37:32,531 INFO  impl.RoleInfo (RoleInfo.java:shutdownLeaderElection(134)) - d96a1763-cd6d-4bf5-9130-827c7273c33d: shutdown LeaderElection
2019-07-13 20:37:32,531 INFO  impl.RaftServerImpl (RaftServerImpl.java:setRole(171)) - d96a1763-cd6d-4bf5-9130-827c7273c33d:group-045C1D15AAF3 changes role from CANDIDATE to LEADER at term 1 for changeToLeader
2019-07-13 20:37:32,531 INFO  impl.RaftServerImpl (ServerState.java:setLeader(263)) - d96a1763-cd6d-4bf5-9130-827c7273c33d:group-045C1D15AAF3 change Leader from null to d96a1763-cd6d-4bf5-9130-827c7273c33d at term 1 for becomeLeader, leader elected after 5093ms
2019-07-13 20:37:32,534 INFO  server.RaftServerConfigKeys (ConfUtils.java:logGet(43)) - raft.server.staging.catchup.gap = 1000 (default)
2019-07-13 20:37:32,534 INFO  server.RaftServerConfigKeys (ConfUtils.java:logGet(43)) - raft.server.rpc.sleep.time = 25ms (default)
2019-07-13 20:37:32,534 INFO  server.RaftServerConfigKeys (ConfUtils.java:logGet(43)) - raft.server.write.element-limit = 4096 (default)
2019-07-13 20:37:32,534 INFO  server.RaftServerConfigKeys (ConfUtils.java:logGet(43)) - raft.server.watch.timeout = 10s (default)
2019-07-13 20:37:32,535 INFO  server.RaftServerConfigKeys (ConfUtils.java:logGet(43)) - raft.server.watch.timeout.denomination = 1s (default)
2019-07-13 20:37:32,535 INFO  server.RaftServerConfigKeys (ConfUtils.java:logGet(43)) - raft.server.watch.element-limit = 65536 (default)
2019-07-13 20:37:32,535 INFO  impl.RoleInfo (RoleInfo.java:updateAndGet(143)) - d96a1763-cd6d-4bf5-9130-827c7273c33d: start LeaderState
2019-07-13 20:37:32,535 INFO  segmented.SegmentedRaftLogWorker (SegmentedRaftLogWorker.java:startLogSegment(380)) - d96a1763-cd6d-4bf5-9130-827c7273c33d-SegmentedRaftLogWorker:Storage Directory /tmp/workdir/hadoop-ozone/integration-test/target/test-dir/MiniOzoneClusterImpl-beb3fd2f-7e95-4f96-8d8e-fa3147c0110a/datanode-0/data/ratis/15233730-61c9-4016-8f91-045c1d15aaf3: Starting segment from index:0
2019-07-13 20:37:32,536 INFO  impl.RaftServerImpl (ServerState.java:setRaftConf(361)) - d96a1763-cd6d-4bf5-9130-827c7273c33d:group-045C1D15AAF3 set configuration 0: [d96a1763-cd6d-4bf5-9130-827c7273c33d:192.168.5.168:40514], old=null at 0
2019-07-13 20:37:32,558 INFO  segmented.SegmentedRaftLogWorker (SegmentedRaftLogWorker.java:execute(569)) - d96a1763-cd6d-4bf5-9130-827c7273c33d-SegmentedRaftLogWorker:Storage Directory /tmp/workdir/hadoop-ozone/integration-test/target/test-dir/MiniOzoneClusterImpl-beb3fd2f-7e95-4f96-8d8e-fa3147c0110a/datanode-0/data/ratis/15233730-61c9-4016-8f91-045c1d15aaf3: created new log segment /tmp/workdir/hadoop-ozone/integration-test/target/test-dir/MiniOzoneClusterImpl-beb3fd2f-7e95-4f96-8d8e-fa3147c0110a/datanode-0/data/ratis/15233730-61c9-4016-8f91-045c1d15aaf3/current/log_inprogress_0
2019-07-13 20:37:32,757 INFO  impl.FollowerState (FollowerState.java:run(106)) - b75b127d-5cec-4fc5-8ee8-f57a3a9e36d1:group-66C7026B87F1 changes to CANDIDATE, lastRpcTime:5152, electionTimeout:5152ms
2019-07-13 20:37:32,757 INFO  impl.RoleInfo (RoleInfo.java:shutdownFollowerState(121)) - b75b127d-5cec-4fc5-8ee8-f57a3a9e36d1: shutdown FollowerState
2019-07-13 20:37:32,757 INFO  impl.RaftServerImpl (RaftServerImpl.java:setRole(171)) - b75b127d-5cec-4fc5-8ee8-f57a3a9e36d1:group-66C7026B87F1 changes role from FOLLOWER to CANDIDATE at term 0 for changeToCandidate
2019-07-13 20:37:32,758 INFO  impl.RoleInfo (RoleInfo.java:updateAndGet(143)) - b75b127d-5cec-4fc5-8ee8-f57a3a9e36d1: start LeaderElection
2019-07-13 20:37:32,779 INFO  impl.LeaderElection (LeaderElection.java:askForVotes(181)) - b75b127d-5cec-4fc5-8ee8-f57a3a9e36d1:group-66C7026B87F1:LeaderElection76: begin an election at term 1 for -1: [b75b127d-5cec-4fc5-8ee8-f57a3a9e36d1:192.168.5.168:33283], old=null
2019-07-13 20:37:32,779 INFO  impl.RoleInfo (RoleInfo.java:shutdownLeaderElection(134)) - b75b127d-5cec-4fc5-8ee8-f57a3a9e36d1: shutdown LeaderElection
2019-07-13 20:37:32,780 INFO  impl.RaftServerImpl (RaftServerImpl.java:setRole(171)) - b75b127d-5cec-4fc5-8ee8-f57a3a9e36d1:group-66C7026B87F1 changes role from CANDIDATE to LEADER at term 1 for changeToLeader
2019-07-13 20:37:32,780 INFO  impl.RaftServerImpl (ServerState.java:setLeader(263)) - b75b127d-5cec-4fc5-8ee8-f57a3a9e36d1:group-66C7026B87F1 change Leader from null to b75b127d-5cec-4fc5-8ee8-f57a3a9e36d1 at term 1 for becomeLeader, leader elected after 5179ms
2019-07-13 20:37:32,782 INFO  server.RaftServerConfigKeys (ConfUtils.java:logGet(43)) - raft.server.staging.catchup.gap = 1000 (default)
2019-07-13 20:37:32,782 INFO  client.GrpcClientProtocolClient (GrpcClientProtocolClient.java:onNext(255)) - client-25357D9DF011->5f3a79b9-cbc4-4548-98b3-fb34771e4c89: receive RaftClientReply:client-25357D9DF011->5f3a79b9-cbc4-4548-98b3-fb34771e4c89@group-5E2758FE06C2, cid=220, FAILED org.apache.ratis.protocol.NotLeaderException: Server 5f3a79b9-cbc4-4548-98b3-fb34771e4c89 is not the leader (null). Request must be sent to leader., logIndex=0, commits[5f3a79b9-cbc4-4548-98b3-fb34771e4c89:c-1]
2019-07-13 20:37:32,782 INFO  server.RaftServerConfigKeys (ConfUtils.java:logGet(43)) - raft.server.rpc.sleep.time = 25ms (default)
2019-07-13 20:37:32,783 INFO  server.RaftServerConfigKeys (ConfUtils.java:logGet(43)) - raft.server.write.element-limit = 4096 (default)
2019-07-13 20:37:32,783 INFO  server.RaftServerConfigKeys (ConfUtils.java:logGet(43)) - raft.server.watch.timeout = 10s (default)
2019-07-13 20:37:32,783 INFO  server.RaftServerConfigKeys (ConfUtils.java:logGet(43)) - raft.server.watch.timeout.denomination = 1s (default)
2019-07-13 20:37:32,786 INFO  server.RaftServerConfigKeys (ConfUtils.java:logGet(43)) - raft.server.watch.element-limit = 65536 (default)
2019-07-13 20:37:32,786 INFO  impl.RoleInfo (RoleInfo.java:updateAndGet(143)) - b75b127d-5cec-4fc5-8ee8-f57a3a9e36d1: start LeaderState
2019-07-13 20:37:32,787 INFO  segmented.SegmentedRaftLogWorker (SegmentedRaftLogWorker.java:startLogSegment(380)) - b75b127d-5cec-4fc5-8ee8-f57a3a9e36d1-SegmentedRaftLogWorker:Storage Directory /tmp/workdir/hadoop-ozone/integration-test/target/test-dir/MiniOzoneClusterImpl-beb3fd2f-7e95-4f96-8d8e-fa3147c0110a/datanode-1/data/ratis/e1488b53-fab3-4538-b4ef-66c7026b87f1: Starting segment from index:0
2019-07-13 20:37:32,787 INFO  impl.RaftServerImpl (ServerState.java:setRaftConf(361)) - b75b127d-5cec-4fc5-8ee8-f57a3a9e36d1:group-66C7026B87F1 set configuration 0: [b75b127d-5cec-4fc5-8ee8-f57a3a9e36d1:192.168.5.168:33283], old=null at 0
2019-07-13 20:37:32,811 INFO  segmented.SegmentedRaftLogWorker (SegmentedRaftLogWorker.java:execute(569)) - b75b127d-5cec-4fc5-8ee8-f57a3a9e36d1-SegmentedRaftLogWorker:Storage Directory /tmp/workdir/hadoop-ozone/integration-test/target/test-dir/MiniOzoneClusterImpl-beb3fd2f-7e95-4f96-8d8e-fa3147c0110a/datanode-1/data/ratis/e1488b53-fab3-4538-b4ef-66c7026b87f1: created new log segment /tmp/workdir/hadoop-ozone/integration-test/target/test-dir/MiniOzoneClusterImpl-beb3fd2f-7e95-4f96-8d8e-fa3147c0110a/datanode-1/data/ratis/e1488b53-fab3-4538-b4ef-66c7026b87f1/current/log_inprogress_0
2019-07-13 20:37:32,827 INFO  impl.FollowerState (FollowerState.java:run(106)) - 1c78e758-fb4e-4394-b5b7-5dfaecdfbdb6:group-237B98F89251 changes to CANDIDATE, lastRpcTime:5066, electionTimeout:5066ms
2019-07-13 20:37:32,827 INFO  impl.RoleInfo (RoleInfo.java:shutdownFollowerState(121)) - 1c78e758-fb4e-4394-b5b7-5dfaecdfbdb6: shutdown FollowerState
2019-07-13 20:37:32,827 INFO  impl.RaftServerImpl (RaftServerImpl.java:setRole(171)) - 1c78e758-fb4e-4394-b5b7-5dfaecdfbdb6:group-237B98F89251 changes role from FOLLOWER to CANDIDATE at term 0 for changeToCandidate
2019-07-13 20:37:32,827 INFO  impl.RoleInfo (RoleInfo.java:updateAndGet(143)) - 1c78e758-fb4e-4394-b5b7-5dfaecdfbdb6: start LeaderElection
2019-07-13 20:37:32,837 INFO  impl.FollowerState (FollowerState.java:run(106)) - 1c78e758-fb4e-4394-b5b7-5dfaecdfbdb6:group-B39C3EDF44B2 changes to CANDIDATE, lastRpcTime:5036, electionTimeout:5036ms
2019-07-13 20:37:32,837 INFO  impl.RoleInfo (RoleInfo.java:shutdownFollowerState(121)) - 1c78e758-fb4e-4394-b5b7-5dfaecdfbdb6: shutdown FollowerState
2019-07-13 20:37:32,838 INFO  impl.RaftServerImpl (RaftServerImpl.java:setRole(171)) - 1c78e758-fb4e-4394-b5b7-5dfaecdfbdb6:group-B39C3EDF44B2 changes role from FOLLOWER to CANDIDATE at term 0 for changeToCandidate
2019-07-13 20:37:32,838 INFO  impl.RoleInfo (RoleInfo.java:updateAndGet(143)) - 1c78e758-fb4e-4394-b5b7-5dfaecdfbdb6: start LeaderElection
2019-07-13 20:37:32,840 INFO  impl.FollowerState (FollowerState.java:run(106)) - b75b127d-5cec-4fc5-8ee8-f57a3a9e36d1:group-B39C3EDF44B2 changes to CANDIDATE, lastRpcTime:5043, electionTimeout:5042ms
2019-07-13 20:37:32,840 INFO  impl.RoleInfo (RoleInfo.java:shutdownFollowerState(121)) - b75b127d-5cec-4fc5-8ee8-f57a3a9e36d1: shutdown FollowerState
2019-07-13 20:37:32,840 INFO  impl.RaftServerImpl (RaftServerImpl.java:setRole(171)) - b75b127d-5cec-4fc5-8ee8-f57a3a9e36d1:group-B39C3EDF44B2 changes role from FOLLOWER to CANDIDATE at term 0 for changeToCandidate
2019-07-13 20:37:32,841 INFO  impl.RoleInfo (RoleInfo.java:updateAndGet(143)) - b75b127d-5cec-4fc5-8ee8-f57a3a9e36d1: start LeaderElection
2019-07-13 20:37:32,845 INFO  impl.LeaderElection (LeaderElection.java:askForVotes(181)) - 1c78e758-fb4e-4394-b5b7-5dfaecdfbdb6:group-237B98F89251:LeaderElection77: begin an election at term 1 for -1: [1c78e758-fb4e-4394-b5b7-5dfaecdfbdb6:192.168.5.168:37735], old=null
2019-07-13 20:37:32,845 INFO  impl.RoleInfo (RoleInfo.java:shutdownLeaderElection(134)) - 1c78e758-fb4e-4394-b5b7-5dfaecdfbdb6: shutdown LeaderElection
2019-07-13 20:37:32,848 INFO  impl.RaftServerImpl (RaftServerImpl.java:setRole(171)) - 1c78e758-fb4e-4394-b5b7-5dfaecdfbdb6:group-237B98F89251 changes role from CANDIDATE to LEADER at term 1 for changeToLeader
2019-07-13 20:37:32,852 INFO  impl.RaftServerImpl (ServerState.java:setLeader(263)) - 1c78e758-fb4e-4394-b5b7-5dfaecdfbdb6:group-237B98F89251 change Leader from null to 1c78e758-fb4e-4394-b5b7-5dfaecdfbdb6 at term 1 for becomeLeader, leader elected after 5096ms
2019-07-13 20:37:32,855 INFO  server.RaftServerConfigKeys (ConfUtils.java:logGet(43)) - raft.server.staging.catchup.gap = 1000 (default)
2019-07-13 20:37:32,855 INFO  server.RaftServerConfigKeys (ConfUtils.java:logGet(43)) - raft.server.rpc.sleep.time = 25ms (default)
2019-07-13 20:37:32,855 INFO  server.RaftServerConfigKeys (ConfUtils.java:logGet(43)) - raft.server.write.element-limit = 4096 (default)
2019-07-13 20:37:32,855 INFO  server.RaftServerConfigKeys (ConfUtils.java:logGet(43)) - raft.server.watch.timeout = 10s (default)
2019-07-13 20:37:32,855 INFO  server.RaftServerConfigKeys (ConfUtils.java:logGet(43)) - raft.server.watch.timeout.denomination = 1s (default)
2019-07-13 20:37:32,855 INFO  server.RaftServerConfigKeys (ConfUtils.java:logGet(43)) - raft.server.watch.element-limit = 65536 (default)
2019-07-13 20:37:32,856 INFO  impl.RoleInfo (RoleInfo.java:updateAndGet(143)) - 1c78e758-fb4e-4394-b5b7-5dfaecdfbdb6: start LeaderState
2019-07-13 20:37:32,856 INFO  segmented.SegmentedRaftLogWorker (SegmentedRaftLogWorker.java:startLogSegment(380)) - 1c78e758-fb4e-4394-b5b7-5dfaecdfbdb6-SegmentedRaftLogWorker:Storage Directory /tmp/workdir/hadoop-ozone/integration-test/target/test-dir/MiniOzoneClusterImpl-beb3fd2f-7e95-4f96-8d8e-fa3147c0110a/datanode-2/data/ratis/f60268c2-920f-4977-8b4f-237b98f89251: Starting segment from index:0
2019-07-13 20:37:32,856 INFO  impl.RaftServerImpl (ServerState.java:setRaftConf(361)) - 1c78e758-fb4e-4394-b5b7-5dfaecdfbdb6:group-237B98F89251 set configuration 0: [1c78e758-fb4e-4394-b5b7-5dfaecdfbdb6:192.168.5.168:37735], old=null at 0
2019-07-13 20:37:32,859 INFO  impl.LeaderElection (LeaderElection.java:askForVotes(181)) - 1c78e758-fb4e-4394-b5b7-5dfaecdfbdb6:group-B39C3EDF44B2:LeaderElection78: begin an election at term 1 for -1: [b75b127d-5cec-4fc5-8ee8-f57a3a9e36d1:192.168.5.168:33283, 1c78e758-fb4e-4394-b5b7-5dfaecdfbdb6:192.168.5.168:37735, d96a1763-cd6d-4bf5-9130-827c7273c33d:192.168.5.168:40514], old=null
2019-07-13 20:37:32,859 INFO  impl.LeaderElection (LeaderElection.java:askForVotes(181)) - b75b127d-5cec-4fc5-8ee8-f57a3a9e36d1:group-B39C3EDF44B2:LeaderElection79: begin an election at term 1 for -1: [b75b127d-5cec-4fc5-8ee8-f57a3a9e36d1:192.168.5.168:33283, 1c78e758-fb4e-4394-b5b7-5dfaecdfbdb6:192.168.5.168:37735, d96a1763-cd6d-4bf5-9130-827c7273c33d:192.168.5.168:40514], old=null
2019-07-13 20:37:32,883 INFO  impl.RaftServerImpl (RaftServerImpl.java:setRole(171)) - d96a1763-cd6d-4bf5-9130-827c7273c33d:group-B39C3EDF44B2 changes role from FOLLOWER to FOLLOWER at term 1 for recognizeCandidate:1c78e758-fb4e-4394-b5b7-5dfaecdfbdb6
2019-07-13 20:37:32,884 INFO  impl.RoleInfo (RoleInfo.java:shutdownFollowerState(121)) - d96a1763-cd6d-4bf5-9130-827c7273c33d: shutdown FollowerState
2019-07-13 20:37:32,884 INFO  impl.RoleInfo (RoleInfo.java:updateAndGet(143)) - d96a1763-cd6d-4bf5-9130-827c7273c33d: start FollowerState
2019-07-13 20:37:32,884 INFO  impl.FollowerState (FollowerState.java:run(114)) - d96a1763-cd6d-4bf5-9130-827c7273c33d: FollowerState was interrupted: java.lang.InterruptedException: sleep interrupted
2019-07-13 20:37:32,891 INFO  segmented.SegmentedRaftLogWorker (SegmentedRaftLogWorker.java:execute(569)) - 1c78e758-fb4e-4394-b5b7-5dfaecdfbdb6-SegmentedRaftLogWorker:Storage Directory /tmp/workdir/hadoop-ozone/integration-test/target/test-dir/MiniOzoneClusterImpl-beb3fd2f-7e95-4f96-8d8e-fa3147c0110a/datanode-2/data/ratis/f60268c2-920f-4977-8b4f-237b98f89251: created new log segment /tmp/workdir/hadoop-ozone/integration-test/target/test-dir/MiniOzoneClusterImpl-beb3fd2f-7e95-4f96-8d8e-fa3147c0110a/datanode-2/data/ratis/f60268c2-920f-4977-8b4f-237b98f89251/current/log_inprogress_0
2019-07-13 20:37:32,898 INFO  impl.LeaderElection (LeaderElection.java:logAndReturn(56)) - 1c78e758-fb4e-4394-b5b7-5dfaecdfbdb6:group-B39C3EDF44B2:LeaderElection78: Election PASSED; received 2 response(s) [1c78e758-fb4e-4394-b5b7-5dfaecdfbdb6<-b75b127d-5cec-4fc5-8ee8-f57a3a9e36d1#0:FAIL-t1, 1c78e758-fb4e-4394-b5b7-5dfaecdfbdb6<-d96a1763-cd6d-4bf5-9130-827c7273c33d#0:OK-t1] and 0 exception(s); 1c78e758-fb4e-4394-b5b7-5dfaecdfbdb6:t1, leader=null, voted=1c78e758-fb4e-4394-b5b7-5dfaecdfbdb6, raftlog=1c78e758-fb4e-4394-b5b7-5dfaecdfbdb6-SegmentedRaftLog:OPENED:c-1,f-1,i0, conf=-1: [b75b127d-5cec-4fc5-8ee8-f57a3a9e36d1:192.168.5.168:33283, 1c78e758-fb4e-4394-b5b7-5dfaecdfbdb6:192.168.5.168:37735, d96a1763-cd6d-4bf5-9130-827c7273c33d:192.168.5.168:40514], old=null
2019-07-13 20:37:32,898 INFO  impl.LeaderElection (LeaderElection.java:logAndReturn(56)) - b75b127d-5cec-4fc5-8ee8-f57a3a9e36d1:group-B39C3EDF44B2:LeaderElection79: Election REJECTED; received 2 response(s) [b75b127d-5cec-4fc5-8ee8-f57a3a9e36d1<-1c78e758-fb4e-4394-b5b7-5dfaecdfbdb6#0:FAIL-t1, b75b127d-5cec-4fc5-8ee8-f57a3a9e36d1<-d96a1763-cd6d-4bf5-9130-827c7273c33d#0:FAIL-t1] and 0 exception(s); b75b127d-5cec-4fc5-8ee8-f57a3a9e36d1:t1, leader=null, voted=b75b127d-5cec-4fc5-8ee8-f57a3a9e36d1, raftlog=b75b127d-5cec-4fc5-8ee8-f57a3a9e36d1-SegmentedRaftLog:OPENED:c-1,f-1,i0, conf=-1: [b75b127d-5cec-4fc5-8ee8-f57a3a9e36d1:192.168.5.168:33283, 1c78e758-fb4e-4394-b5b7-5dfaecdfbdb6:192.168.5.168:37735, d96a1763-cd6d-4bf5-9130-827c7273c33d:192.168.5.168:40514], old=null
2019-07-13 20:37:32,898 INFO  impl.RoleInfo (RoleInfo.java:shutdownLeaderElection(134)) - 1c78e758-fb4e-4394-b5b7-5dfaecdfbdb6: shutdown LeaderElection
2019-07-13 20:37:32,898 INFO  impl.RaftServerImpl (RaftServerImpl.java:setRole(171)) - b75b127d-5cec-4fc5-8ee8-f57a3a9e36d1:group-B39C3EDF44B2 changes role from CANDIDATE to FOLLOWER at term 1 for DISCOVERED_A_NEW_TERM
2019-07-13 20:37:32,898 INFO  impl.RaftServerImpl (RaftServerImpl.java:setRole(171)) - 1c78e758-fb4e-4394-b5b7-5dfaecdfbdb6:group-B39C3EDF44B2 changes role from CANDIDATE to LEADER at term 1 for changeToLeader
2019-07-13 20:37:32,898 INFO  impl.RoleInfo (RoleInfo.java:shutdownLeaderElection(134)) - b75b127d-5cec-4fc5-8ee8-f57a3a9e36d1: shutdown LeaderElection
2019-07-13 20:37:32,899 INFO  impl.RaftServerImpl (ServerState.java:setLeader(263)) - 1c78e758-fb4e-4394-b5b7-5dfaecdfbdb6:group-B39C3EDF44B2 change Leader from null to 1c78e758-fb4e-4394-b5b7-5dfaecdfbdb6 at term 1 for becomeLeader, leader elected after 5108ms
2019-07-13 20:37:32,899 INFO  impl.RoleInfo (RoleInfo.java:updateAndGet(143)) - b75b127d-5cec-4fc5-8ee8-f57a3a9e36d1: start FollowerState
2019-07-13 20:37:32,899 INFO  server.RaftServerConfigKeys (ConfUtils.java:logGet(43)) - raft.server.staging.catchup.gap = 1000 (default)
2019-07-13 20:37:32,899 INFO  server.RaftServerConfigKeys (ConfUtils.java:logGet(43)) - raft.server.rpc.sleep.time = 25ms (default)
2019-07-13 20:37:32,899 INFO  server.RaftServerConfigKeys (ConfUtils.java:logGet(43)) - raft.server.write.element-limit = 4096 (default)
2019-07-13 20:37:32,899 INFO  server.RaftServerConfigKeys (ConfUtils.java:logGet(43)) - raft.server.watch.timeout = 10s (default)
2019-07-13 20:37:32,900 INFO  server.RaftServerConfigKeys (ConfUtils.java:logGet(43)) - raft.server.watch.timeout.denomination = 1s (default)
2019-07-13 20:37:32,900 INFO  server.RaftServerConfigKeys (ConfUtils.java:logGet(43)) - raft.server.watch.element-limit = 65536 (default)
2019-07-13 20:37:32,900 INFO  server.RaftServerConfigKeys (ConfUtils.java:logGet(43)) - raft.server.log.appender.snapshot.chunk.size.max = 16MB (=16777216) (default)
2019-07-13 20:37:32,901 INFO  server.RaftServerConfigKeys (ConfUtils.java:logGet(43)) - raft.server.log.appender.buffer.byte-limit = 33554432 (custom)
2019-07-13 20:37:32,901 INFO  server.RaftServerConfigKeys (ConfUtils.java:logGet(43)) - raft.server.log.appender.buffer.element-limit = 1 (custom)
2019-07-13 20:37:32,902 INFO  grpc.GrpcConfigKeys$Server (ConfUtils.java:logGet(43)) - raft.grpc.server.leader.outstanding.appends.max = 128 (default)
2019-07-13 20:37:32,902 INFO  server.RaftServerConfigKeys (ConfUtils.java:logGet(43)) - raft.server.rpc.request.timeout = 3000ms (default)
2019-07-13 20:37:32,902 INFO  server.RaftServerConfigKeys (ConfUtils.java:logGet(43)) - raft.server.log.appender.install.snapshot.enabled = false (custom)
2019-07-13 20:37:32,902 INFO  server.RaftServerConfigKeys (ConfUtils.java:logGet(43)) - raft.server.log.appender.snapshot.chunk.size.max = 16MB (=16777216) (default)
2019-07-13 20:37:32,902 INFO  server.RaftServerConfigKeys (ConfUtils.java:logGet(43)) - raft.server.log.appender.buffer.byte-limit = 33554432 (custom)
2019-07-13 20:37:32,903 INFO  server.RaftServerConfigKeys (ConfUtils.java:logGet(43)) - raft.server.log.appender.buffer.element-limit = 1 (custom)
2019-07-13 20:37:32,903 INFO  grpc.GrpcConfigKeys$Server (ConfUtils.java:logGet(43)) - raft.grpc.server.leader.outstanding.appends.max = 128 (default)
2019-07-13 20:37:32,903 INFO  server.RaftServerConfigKeys (ConfUtils.java:logGet(43)) - raft.server.rpc.request.timeout = 3000ms (default)
2019-07-13 20:37:32,903 INFO  server.RaftServerConfigKeys (ConfUtils.java:logGet(43)) - raft.server.log.appender.install.snapshot.enabled = false (custom)
2019-07-13 20:37:32,903 INFO  impl.RoleInfo (RoleInfo.java:updateAndGet(143)) - 1c78e758-fb4e-4394-b5b7-5dfaecdfbdb6: start LeaderState
2019-07-13 20:37:32,904 INFO  segmented.SegmentedRaftLogWorker (SegmentedRaftLogWorker.java:startLogSegment(380)) - 1c78e758-fb4e-4394-b5b7-5dfaecdfbdb6-SegmentedRaftLogWorker:Storage Directory /tmp/workdir/hadoop-ozone/integration-test/target/test-dir/MiniOzoneClusterImpl-beb3fd2f-7e95-4f96-8d8e-fa3147c0110a/datanode-2/data/ratis/151d9154-96cb-4cb6-9f5e-b39c3edf44b2: Starting segment from index:0
2019-07-13 20:37:32,905 INFO  impl.RaftServerImpl (ServerState.java:setRaftConf(361)) - 1c78e758-fb4e-4394-b5b7-5dfaecdfbdb6:group-B39C3EDF44B2 set configuration 0: [b75b127d-5cec-4fc5-8ee8-f57a3a9e36d1:192.168.5.168:33283, 1c78e758-fb4e-4394-b5b7-5dfaecdfbdb6:192.168.5.168:37735, d96a1763-cd6d-4bf5-9130-827c7273c33d:192.168.5.168:40514], old=null at 0
2019-07-13 20:37:32,907 INFO  impl.RaftServerImpl (ServerState.java:setLeader(263)) - d96a1763-cd6d-4bf5-9130-827c7273c33d:group-B39C3EDF44B2 change Leader from null to 1c78e758-fb4e-4394-b5b7-5dfaecdfbdb6 at term 1 for appendEntries, leader elected after 5117ms
2019-07-13 20:37:32,907 INFO  impl.RaftServerImpl (ServerState.java:setLeader(263)) - b75b127d-5cec-4fc5-8ee8-f57a3a9e36d1:group-B39C3EDF44B2 change Leader from null to 1c78e758-fb4e-4394-b5b7-5dfaecdfbdb6 at term 1 for appendEntries, leader elected after 5118ms
2019-07-13 20:37:32,911 INFO  impl.RaftServerImpl (ServerState.java:setRaftConf(361)) - d96a1763-cd6d-4bf5-9130-827c7273c33d:group-B39C3EDF44B2 set configuration 0: [b75b127d-5cec-4fc5-8ee8-f57a3a9e36d1:192.168.5.168:33283, 1c78e758-fb4e-4394-b5b7-5dfaecdfbdb6:192.168.5.168:37735, d96a1763-cd6d-4bf5-9130-827c7273c33d:192.168.5.168:40514], old=null at 0
2019-07-13 20:37:32,911 INFO  impl.RaftServerImpl (ServerState.java:setRaftConf(361)) - b75b127d-5cec-4fc5-8ee8-f57a3a9e36d1:group-B39C3EDF44B2 set configuration 0: [b75b127d-5cec-4fc5-8ee8-f57a3a9e36d1:192.168.5.168:33283, 1c78e758-fb4e-4394-b5b7-5dfaecdfbdb6:192.168.5.168:37735, d96a1763-cd6d-4bf5-9130-827c7273c33d:192.168.5.168:40514], old=null at 0
2019-07-13 20:37:32,911 INFO  segmented.SegmentedRaftLogWorker (SegmentedRaftLogWorker.java:startLogSegment(380)) - d96a1763-cd6d-4bf5-9130-827c7273c33d-SegmentedRaftLogWorker:Storage Directory /tmp/workdir/hadoop-ozone/integration-test/target/test-dir/MiniOzoneClusterImpl-beb3fd2f-7e95-4f96-8d8e-fa3147c0110a/datanode-0/data/ratis/151d9154-96cb-4cb6-9f5e-b39c3edf44b2: Starting segment from index:0
2019-07-13 20:37:32,911 INFO  segmented.SegmentedRaftLogWorker (SegmentedRaftLogWorker.java:startLogSegment(380)) - b75b127d-5cec-4fc5-8ee8-f57a3a9e36d1-SegmentedRaftLogWorker:Storage Directory /tmp/workdir/hadoop-ozone/integration-test/target/test-dir/MiniOzoneClusterImpl-beb3fd2f-7e95-4f96-8d8e-fa3147c0110a/datanode-1/data/ratis/151d9154-96cb-4cb6-9f5e-b39c3edf44b2: Starting segment from index:0
2019-07-13 20:37:32,926 INFO  segmented.SegmentedRaftLogWorker (SegmentedRaftLogWorker.java:execute(569)) - 1c78e758-fb4e-4394-b5b7-5dfaecdfbdb6-SegmentedRaftLogWorker:Storage Directory /tmp/workdir/hadoop-ozone/integration-test/target/test-dir/MiniOzoneClusterImpl-beb3fd2f-7e95-4f96-8d8e-fa3147c0110a/datanode-2/data/ratis/151d9154-96cb-4cb6-9f5e-b39c3edf44b2: created new log segment /tmp/workdir/hadoop-ozone/integration-test/target/test-dir/MiniOzoneClusterImpl-beb3fd2f-7e95-4f96-8d8e-fa3147c0110a/datanode-2/data/ratis/151d9154-96cb-4cb6-9f5e-b39c3edf44b2/current/log_inprogress_0
2019-07-13 20:37:32,931 INFO  segmented.SegmentedRaftLogWorker (SegmentedRaftLogWorker.java:execute(569)) - b75b127d-5cec-4fc5-8ee8-f57a3a9e36d1-SegmentedRaftLogWorker:Storage Directory /tmp/workdir/hadoop-ozone/integration-test/target/test-dir/MiniOzoneClusterImpl-beb3fd2f-7e95-4f96-8d8e-fa3147c0110a/datanode-1/data/ratis/151d9154-96cb-4cb6-9f5e-b39c3edf44b2: created new log segment /tmp/workdir/hadoop-ozone/integration-test/target/test-dir/MiniOzoneClusterImpl-beb3fd2f-7e95-4f96-8d8e-fa3147c0110a/datanode-1/data/ratis/151d9154-96cb-4cb6-9f5e-b39c3edf44b2/current/log_inprogress_0
2019-07-13 20:37:32,931 INFO  segmented.SegmentedRaftLogWorker (SegmentedRaftLogWorker.java:execute(569)) - d96a1763-cd6d-4bf5-9130-827c7273c33d-SegmentedRaftLogWorker:Storage Directory /tmp/workdir/hadoop-ozone/integration-test/target/test-dir/MiniOzoneClusterImpl-beb3fd2f-7e95-4f96-8d8e-fa3147c0110a/datanode-0/data/ratis/151d9154-96cb-4cb6-9f5e-b39c3edf44b2: created new log segment /tmp/workdir/hadoop-ozone/integration-test/target/test-dir/MiniOzoneClusterImpl-beb3fd2f-7e95-4f96-8d8e-fa3147c0110a/datanode-0/data/ratis/151d9154-96cb-4cb6-9f5e-b39c3edf44b2/current/log_inprogress_0
2019-07-13 20:37:33,116 INFO  impl.FollowerState (FollowerState.java:run(106)) - 82b47179-ae1c-4828-8266-167abf0010c1:group-2D1108F8F275 changes to CANDIDATE, lastRpcTime:5183, electionTimeout:5183ms
2019-07-13 20:37:33,116 INFO  impl.RoleInfo (RoleInfo.java:shutdownFollowerState(121)) - 82b47179-ae1c-4828-8266-167abf0010c1: shutdown FollowerState
2019-07-13 20:37:33,116 INFO  impl.RaftServerImpl (RaftServerImpl.java:setRole(171)) - 82b47179-ae1c-4828-8266-167abf0010c1:group-2D1108F8F275 changes role from FOLLOWER to CANDIDATE at term 0 for changeToCandidate
2019-07-13 20:37:33,116 INFO  impl.RoleInfo (RoleInfo.java:updateAndGet(143)) - 82b47179-ae1c-4828-8266-167abf0010c1: start LeaderElection
2019-07-13 20:37:33,130 INFO  impl.LeaderElection (LeaderElection.java:askForVotes(181)) - 82b47179-ae1c-4828-8266-167abf0010c1:group-2D1108F8F275:LeaderElection80: begin an election at term 1 for -1: [82b47179-ae1c-4828-8266-167abf0010c1:192.168.5.168:43562], old=null
2019-07-13 20:37:33,130 INFO  impl.RoleInfo (RoleInfo.java:shutdownLeaderElection(134)) - 82b47179-ae1c-4828-8266-167abf0010c1: shutdown LeaderElection
2019-07-13 20:37:33,131 INFO  impl.RaftServerImpl (RaftServerImpl.java:setRole(171)) - 82b47179-ae1c-4828-8266-167abf0010c1:group-2D1108F8F275 changes role from CANDIDATE to LEADER at term 1 for changeToLeader
2019-07-13 20:37:33,131 INFO  impl.RaftServerImpl (ServerState.java:setLeader(263)) - 82b47179-ae1c-4828-8266-167abf0010c1:group-2D1108F8F275 change Leader from null to 82b47179-ae1c-4828-8266-167abf0010c1 at term 1 for becomeLeader, leader elected after 5202ms
2019-07-13 20:37:33,133 INFO  server.RaftServerConfigKeys (ConfUtils.java:logGet(43)) - raft.server.staging.catchup.gap = 1000 (default)
2019-07-13 20:37:33,133 INFO  server.RaftServerConfigKeys (ConfUtils.java:logGet(43)) - raft.server.rpc.sleep.time = 25ms (default)
2019-07-13 20:37:33,134 INFO  server.RaftServerConfigKeys (ConfUtils.java:logGet(43)) - raft.server.write.element-limit = 4096 (default)
2019-07-13 20:37:33,134 INFO  server.RaftServerConfigKeys (ConfUtils.java:logGet(43)) - raft.server.watch.timeout = 10s (default)
2019-07-13 20:37:33,134 INFO  server.RaftServerConfigKeys (ConfUtils.java:logGet(43)) - raft.server.watch.timeout.denomination = 1s (default)
2019-07-13 20:37:33,134 INFO  server.RaftServerConfigKeys (ConfUtils.java:logGet(43)) - raft.server.watch.element-limit = 65536 (default)
2019-07-13 20:37:33,134 INFO  impl.RoleInfo (RoleInfo.java:updateAndGet(143)) - 82b47179-ae1c-4828-8266-167abf0010c1: start LeaderState
2019-07-13 20:37:33,135 INFO  segmented.SegmentedRaftLogWorker (SegmentedRaftLogWorker.java:startLogSegment(380)) - 82b47179-ae1c-4828-8266-167abf0010c1-SegmentedRaftLogWorker:Storage Directory /tmp/workdir/hadoop-ozone/integration-test/target/test-dir/MiniOzoneClusterImpl-beb3fd2f-7e95-4f96-8d8e-fa3147c0110a/datanode-3/data/ratis/6c97e019-1b67-4e9b-83a4-2d1108f8f275: Starting segment from index:0
2019-07-13 20:37:33,135 INFO  impl.RaftServerImpl (ServerState.java:setRaftConf(361)) - 82b47179-ae1c-4828-8266-167abf0010c1:group-2D1108F8F275 set configuration 0: [82b47179-ae1c-4828-8266-167abf0010c1:192.168.5.168:43562], old=null at 0
2019-07-13 20:37:33,154 INFO  segmented.SegmentedRaftLogWorker (SegmentedRaftLogWorker.java:execute(569)) - 82b47179-ae1c-4828-8266-167abf0010c1-SegmentedRaftLogWorker:Storage Directory /tmp/workdir/hadoop-ozone/integration-test/target/test-dir/MiniOzoneClusterImpl-beb3fd2f-7e95-4f96-8d8e-fa3147c0110a/datanode-3/data/ratis/6c97e019-1b67-4e9b-83a4-2d1108f8f275: created new log segment /tmp/workdir/hadoop-ozone/integration-test/target/test-dir/MiniOzoneClusterImpl-beb3fd2f-7e95-4f96-8d8e-fa3147c0110a/datanode-3/data/ratis/6c97e019-1b67-4e9b-83a4-2d1108f8f275/current/log_inprogress_0
2019-07-13 20:37:33,441 INFO  impl.FollowerState (FollowerState.java:run(106)) - 5f3a79b9-cbc4-4548-98b3-fb34771e4c89:group-8EAA6D0E94F2 changes to CANDIDATE, lastRpcTime:5145, electionTimeout:5145ms
2019-07-13 20:37:33,441 INFO  impl.RoleInfo (RoleInfo.java:shutdownFollowerState(121)) - 5f3a79b9-cbc4-4548-98b3-fb34771e4c89: shutdown FollowerState
2019-07-13 20:37:33,441 INFO  impl.RaftServerImpl (RaftServerImpl.java:setRole(171)) - 5f3a79b9-cbc4-4548-98b3-fb34771e4c89:group-8EAA6D0E94F2 changes role from FOLLOWER to CANDIDATE at term 0 for changeToCandidate
2019-07-13 20:37:33,441 INFO  impl.RoleInfo (RoleInfo.java:updateAndGet(143)) - 5f3a79b9-cbc4-4548-98b3-fb34771e4c89: start LeaderElection
2019-07-13 20:37:33,455 INFO  impl.LeaderElection (LeaderElection.java:askForVotes(181)) - 5f3a79b9-cbc4-4548-98b3-fb34771e4c89:group-8EAA6D0E94F2:LeaderElection81: begin an election at term 1 for -1: [5f3a79b9-cbc4-4548-98b3-fb34771e4c89:192.168.5.168:44101], old=null
2019-07-13 20:37:33,455 INFO  impl.RoleInfo (RoleInfo.java:shutdownLeaderElection(134)) - 5f3a79b9-cbc4-4548-98b3-fb34771e4c89: shutdown LeaderElection
2019-07-13 20:37:33,455 INFO  impl.RaftServerImpl (RaftServerImpl.java:setRole(171)) - 5f3a79b9-cbc4-4548-98b3-fb34771e4c89:group-8EAA6D0E94F2 changes role from CANDIDATE to LEADER at term 1 for changeToLeader
2019-07-13 20:37:33,455 INFO  impl.RaftServerImpl (ServerState.java:setLeader(263)) - 5f3a79b9-cbc4-4548-98b3-fb34771e4c89:group-8EAA6D0E94F2 change Leader from null to 5f3a79b9-cbc4-4548-98b3-fb34771e4c89 at term 1 for becomeLeader, leader elected after 5164ms
2019-07-13 20:37:33,457 INFO  server.RaftServerConfigKeys (ConfUtils.java:logGet(43)) - raft.server.staging.catchup.gap = 1000 (default)
2019-07-13 20:37:33,458 INFO  server.RaftServerConfigKeys (ConfUtils.java:logGet(43)) - raft.server.rpc.sleep.time = 25ms (default)
2019-07-13 20:37:33,458 INFO  server.RaftServerConfigKeys (ConfUtils.java:logGet(43)) - raft.server.write.element-limit = 4096 (default)
2019-07-13 20:37:33,458 INFO  server.RaftServerConfigKeys (ConfUtils.java:logGet(43)) - raft.server.watch.timeout = 10s (default)
2019-07-13 20:37:33,458 INFO  server.RaftServerConfigKeys (ConfUtils.java:logGet(43)) - raft.server.watch.timeout.denomination = 1s (default)
2019-07-13 20:37:33,458 INFO  server.RaftServerConfigKeys (ConfUtils.java:logGet(43)) - raft.server.watch.element-limit = 65536 (default)
2019-07-13 20:37:33,458 INFO  impl.RoleInfo (RoleInfo.java:updateAndGet(143)) - 5f3a79b9-cbc4-4548-98b3-fb34771e4c89: start LeaderState
2019-07-13 20:37:33,459 INFO  segmented.SegmentedRaftLogWorker (SegmentedRaftLogWorker.java:startLogSegment(380)) - 5f3a79b9-cbc4-4548-98b3-fb34771e4c89-SegmentedRaftLogWorker:Storage Directory /tmp/workdir/hadoop-ozone/integration-test/target/test-dir/MiniOzoneClusterImpl-beb3fd2f-7e95-4f96-8d8e-fa3147c0110a/datanode-4/data/ratis/c9638744-3e05-47bb-be98-8eaa6d0e94f2: Starting segment from index:0
2019-07-13 20:37:33,459 INFO  impl.RaftServerImpl (ServerState.java:setRaftConf(361)) - 5f3a79b9-cbc4-4548-98b3-fb34771e4c89:group-8EAA6D0E94F2 set configuration 0: [5f3a79b9-cbc4-4548-98b3-fb34771e4c89:192.168.5.168:44101], old=null at 0
2019-07-13 20:37:33,483 INFO  segmented.SegmentedRaftLogWorker (SegmentedRaftLogWorker.java:execute(569)) - 5f3a79b9-cbc4-4548-98b3-fb34771e4c89-SegmentedRaftLogWorker:Storage Directory /tmp/workdir/hadoop-ozone/integration-test/target/test-dir/MiniOzoneClusterImpl-beb3fd2f-7e95-4f96-8d8e-fa3147c0110a/datanode-4/data/ratis/c9638744-3e05-47bb-be98-8eaa6d0e94f2: created new log segment /tmp/workdir/hadoop-ozone/integration-test/target/test-dir/MiniOzoneClusterImpl-beb3fd2f-7e95-4f96-8d8e-fa3147c0110a/datanode-4/data/ratis/c9638744-3e05-47bb-be98-8eaa6d0e94f2/current/log_inprogress_0
2019-07-13 20:37:33,596 INFO  impl.FollowerState (FollowerState.java:run(106)) - 82b47179-ae1c-4828-8266-167abf0010c1:group-5E2758FE06C2 changes to CANDIDATE, lastRpcTime:5015, electionTimeout:5015ms
2019-07-13 20:37:33,596 INFO  impl.RoleInfo (RoleInfo.java:shutdownFollowerState(121)) - 82b47179-ae1c-4828-8266-167abf0010c1: shutdown FollowerState
2019-07-13 20:37:33,597 INFO  impl.RaftServerImpl (RaftServerImpl.java:setRole(171)) - 82b47179-ae1c-4828-8266-167abf0010c1:group-5E2758FE06C2 changes role from FOLLOWER to CANDIDATE at term 0 for changeToCandidate
2019-07-13 20:37:33,597 INFO  impl.RoleInfo (RoleInfo.java:updateAndGet(143)) - 82b47179-ae1c-4828-8266-167abf0010c1: start LeaderElection
2019-07-13 20:37:33,608 INFO  impl.FollowerState (FollowerState.java:run(106)) - bdfd8e89-8012-4ce1-987e-8446dc669c65:group-5E2758FE06C2 changes to CANDIDATE, lastRpcTime:5026, electionTimeout:5026ms
2019-07-13 20:37:33,608 INFO  impl.RoleInfo (RoleInfo.java:shutdownFollowerState(121)) - bdfd8e89-8012-4ce1-987e-8446dc669c65: shutdown FollowerState
2019-07-13 20:37:33,608 INFO  impl.RaftServerImpl (RaftServerImpl.java:setRole(171)) - bdfd8e89-8012-4ce1-987e-8446dc669c65:group-5E2758FE06C2 changes role from FOLLOWER to CANDIDATE at term 0 for changeToCandidate
2019-07-13 20:37:33,608 INFO  impl.RoleInfo (RoleInfo.java:updateAndGet(143)) - bdfd8e89-8012-4ce1-987e-8446dc669c65: start LeaderElection
2019-07-13 20:37:33,623 INFO  impl.FollowerState (FollowerState.java:run(106)) - bdfd8e89-8012-4ce1-987e-8446dc669c65:group-5D983FFAFCE3 changes to CANDIDATE, lastRpcTime:5114, electionTimeout:5114ms
2019-07-13 20:37:33,623 INFO  impl.RoleInfo (RoleInfo.java:shutdownFollowerState(121)) - bdfd8e89-8012-4ce1-987e-8446dc669c65: shutdown FollowerState
2019-07-13 20:37:33,623 INFO  impl.RaftServerImpl (RaftServerImpl.java:setRole(171)) - bdfd8e89-8012-4ce1-987e-8446dc669c65:group-5D983FFAFCE3 changes role from FOLLOWER to CANDIDATE at term 0 for changeToCandidate
2019-07-13 20:37:33,623 INFO  impl.RoleInfo (RoleInfo.java:updateAndGet(143)) - bdfd8e89-8012-4ce1-987e-8446dc669c65: start LeaderElection
2019-07-13 20:37:33,627 INFO  impl.LeaderElection (LeaderElection.java:askForVotes(181)) - 82b47179-ae1c-4828-8266-167abf0010c1:group-5E2758FE06C2:LeaderElection82: begin an election at term 1 for -1: [82b47179-ae1c-4828-8266-167abf0010c1:192.168.5.168:43562, 5f3a79b9-cbc4-4548-98b3-fb34771e4c89:192.168.5.168:44101, bdfd8e89-8012-4ce1-987e-8446dc669c65:192.168.5.168:46256], old=null
2019-07-13 20:37:33,634 INFO  impl.LeaderElection (LeaderElection.java:askForVotes(181)) - bdfd8e89-8012-4ce1-987e-8446dc669c65:group-5E2758FE06C2:LeaderElection83: begin an election at term 1 for -1: [82b47179-ae1c-4828-8266-167abf0010c1:192.168.5.168:43562, 5f3a79b9-cbc4-4548-98b3-fb34771e4c89:192.168.5.168:44101, bdfd8e89-8012-4ce1-987e-8446dc669c65:192.168.5.168:46256], old=null
2019-07-13 20:37:33,639 INFO  impl.RaftServerImpl (RaftServerImpl.java:setRole(171)) - 5f3a79b9-cbc4-4548-98b3-fb34771e4c89:group-5E2758FE06C2 changes role from FOLLOWER to FOLLOWER at term 1 for recognizeCandidate:82b47179-ae1c-4828-8266-167abf0010c1
2019-07-13 20:37:33,642 INFO  impl.RoleInfo (RoleInfo.java:shutdownFollowerState(121)) - 5f3a79b9-cbc4-4548-98b3-fb34771e4c89: shutdown FollowerState
2019-07-13 20:37:33,642 INFO  impl.RoleInfo (RoleInfo.java:updateAndGet(143)) - 5f3a79b9-cbc4-4548-98b3-fb34771e4c89: start FollowerState
2019-07-13 20:37:33,642 INFO  impl.FollowerState (FollowerState.java:run(114)) - 5f3a79b9-cbc4-4548-98b3-fb34771e4c89: FollowerState was interrupted: java.lang.InterruptedException: sleep interrupted
2019-07-13 20:37:33,651 INFO  impl.LeaderElection (LeaderElection.java:askForVotes(181)) - bdfd8e89-8012-4ce1-987e-8446dc669c65:group-5D983FFAFCE3:LeaderElection84: begin an election at term 1 for -1: [bdfd8e89-8012-4ce1-987e-8446dc669c65:192.168.5.168:46256], old=null
2019-07-13 20:37:33,651 INFO  impl.RoleInfo (RoleInfo.java:shutdownLeaderElection(134)) - bdfd8e89-8012-4ce1-987e-8446dc669c65: shutdown LeaderElection
2019-07-13 20:37:33,651 INFO  impl.RaftServerImpl (RaftServerImpl.java:setRole(171)) - bdfd8e89-8012-4ce1-987e-8446dc669c65:group-5D983FFAFCE3 changes role from CANDIDATE to LEADER at term 1 for changeToLeader
2019-07-13 20:37:33,651 INFO  impl.RaftServerImpl (ServerState.java:setLeader(263)) - bdfd8e89-8012-4ce1-987e-8446dc669c65:group-5D983FFAFCE3 change Leader from null to bdfd8e89-8012-4ce1-987e-8446dc669c65 at term 1 for becomeLeader, leader elected after 5147ms
2019-07-13 20:37:33,654 INFO  server.RaftServerConfigKeys (ConfUtils.java:logGet(43)) - raft.server.staging.catchup.gap = 1000 (default)
2019-07-13 20:37:33,654 INFO  server.RaftServerConfigKeys (ConfUtils.java:logGet(43)) - raft.server.rpc.sleep.time = 25ms (default)
2019-07-13 20:37:33,654 INFO  server.RaftServerConfigKeys (ConfUtils.java:logGet(43)) - raft.server.write.element-limit = 4096 (default)
2019-07-13 20:37:33,654 INFO  impl.LeaderElection (LeaderElection.java:logAndReturn(56)) - bdfd8e89-8012-4ce1-987e-8446dc669c65:group-5E2758FE06C2:LeaderElection83: Election REJECTED; received 2 response(s) [bdfd8e89-8012-4ce1-987e-8446dc669c65<-82b47179-ae1c-4828-8266-167abf0010c1#0:FAIL-t1, bdfd8e89-8012-4ce1-987e-8446dc669c65<-5f3a79b9-cbc4-4548-98b3-fb34771e4c89#0:FAIL-t1] and 0 exception(s); bdfd8e89-8012-4ce1-987e-8446dc669c65:t1, leader=null, voted=bdfd8e89-8012-4ce1-987e-8446dc669c65, raftlog=bdfd8e89-8012-4ce1-987e-8446dc669c65-SegmentedRaftLog:OPENED:c-1,f-1,i0, conf=-1: [82b47179-ae1c-4828-8266-167abf0010c1:192.168.5.168:43562, 5f3a79b9-cbc4-4548-98b3-fb34771e4c89:192.168.5.168:44101, bdfd8e89-8012-4ce1-987e-8446dc669c65:192.168.5.168:46256], old=null
2019-07-13 20:37:33,654 INFO  impl.LeaderElection (LeaderElection.java:logAndReturn(56)) - 82b47179-ae1c-4828-8266-167abf0010c1:group-5E2758FE06C2:LeaderElection82: Election PASSED; received 2 response(s) [82b47179-ae1c-4828-8266-167abf0010c1<-5f3a79b9-cbc4-4548-98b3-fb34771e4c89#0:OK-t1, 82b47179-ae1c-4828-8266-167abf0010c1<-bdfd8e89-8012-4ce1-987e-8446dc669c65#0:FAIL-t1] and 0 exception(s); 82b47179-ae1c-4828-8266-167abf0010c1:t1, leader=null, voted=82b47179-ae1c-4828-8266-167abf0010c1, raftlog=82b47179-ae1c-4828-8266-167abf0010c1-SegmentedRaftLog:OPENED:c-1,f-1,i0, conf=-1: [82b47179-ae1c-4828-8266-167abf0010c1:192.168.5.168:43562, 5f3a79b9-cbc4-4548-98b3-fb34771e4c89:192.168.5.168:44101, bdfd8e89-8012-4ce1-987e-8446dc669c65:192.168.5.168:46256], old=null
2019-07-13 20:37:33,654 INFO  server.RaftServerConfigKeys (ConfUtils.java:logGet(43)) - raft.server.watch.timeout = 10s (default)
2019-07-13 20:37:33,655 INFO  impl.RoleInfo (RoleInfo.java:shutdownLeaderElection(134)) - 82b47179-ae1c-4828-8266-167abf0010c1: shutdown LeaderElection
2019-07-13 20:37:33,655 INFO  impl.RaftServerImpl (RaftServerImpl.java:setRole(171)) - 82b47179-ae1c-4828-8266-167abf0010c1:group-5E2758FE06C2 changes role from CANDIDATE to LEADER at term 1 for changeToLeader
2019-07-13 20:37:33,655 INFO  impl.RaftServerImpl (ServerState.java:setLeader(263)) - 82b47179-ae1c-4828-8266-167abf0010c1:group-5E2758FE06C2 change Leader from null to 82b47179-ae1c-4828-8266-167abf0010c1 at term 1 for becomeLeader, leader elected after 5084ms
2019-07-13 20:37:33,654 INFO  impl.RaftServerImpl (RaftServerImpl.java:setRole(171)) - bdfd8e89-8012-4ce1-987e-8446dc669c65:group-5E2758FE06C2 changes role from CANDIDATE to FOLLOWER at term 1 for DISCOVERED_A_NEW_TERM
2019-07-13 20:37:33,655 INFO  server.RaftServerConfigKeys (ConfUtils.java:logGet(43)) - raft.server.staging.catchup.gap = 1000 (default)
2019-07-13 20:37:33,655 INFO  server.RaftServerConfigKeys (ConfUtils.java:logGet(43)) - raft.server.watch.timeout.denomination = 1s (default)
2019-07-13 20:37:33,655 INFO  server.RaftServerConfigKeys (ConfUtils.java:logGet(43)) - raft.server.rpc.sleep.time = 25ms (default)
2019-07-13 20:37:33,655 INFO  impl.RoleInfo (RoleInfo.java:shutdownLeaderElection(134)) - bdfd8e89-8012-4ce1-987e-8446dc669c65: shutdown LeaderElection
2019-07-13 20:37:33,656 INFO  server.RaftServerConfigKeys (ConfUtils.java:logGet(43)) - raft.server.write.element-limit = 4096 (default)
2019-07-13 20:37:33,656 INFO  server.RaftServerConfigKeys (ConfUtils.java:logGet(43)) - raft.server.watch.element-limit = 65536 (default)
2019-07-13 20:37:33,656 INFO  server.RaftServerConfigKeys (ConfUtils.java:logGet(43)) - raft.server.watch.timeout = 10s (default)
2019-07-13 20:37:33,656 INFO  impl.RoleInfo (RoleInfo.java:updateAndGet(143)) - bdfd8e89-8012-4ce1-987e-8446dc669c65: start LeaderState
2019-07-13 20:37:33,656 INFO  impl.RoleInfo (RoleInfo.java:updateAndGet(143)) - bdfd8e89-8012-4ce1-987e-8446dc669c65: start FollowerState
2019-07-13 20:37:33,657 INFO  segmented.SegmentedRaftLogWorker (SegmentedRaftLogWorker.java:startLogSegment(380)) - bdfd8e89-8012-4ce1-987e-8446dc669c65-SegmentedRaftLogWorker:Storage Directory /tmp/workdir/hadoop-ozone/integration-test/target/test-dir/MiniOzoneClusterImpl-beb3fd2f-7e95-4f96-8d8e-fa3147c0110a/datanode-5/data/ratis/f0dd2c91-3354-4c86-83b5-5d983ffafce3: Starting segment from index:0
2019-07-13 20:37:33,656 INFO  server.RaftServerConfigKeys (ConfUtils.java:logGet(43)) - raft.server.watch.timeout.denomination = 1s (default)
2019-07-13 20:37:33,657 INFO  server.RaftServerConfigKeys (ConfUtils.java:logGet(43)) - raft.server.watch.element-limit = 65536 (default)
2019-07-13 20:37:33,657 INFO  server.RaftServerConfigKeys (ConfUtils.java:logGet(43)) - raft.server.log.appender.snapshot.chunk.size.max = 16MB (=16777216) (default)
2019-07-13 20:37:33,657 INFO  impl.RaftServerImpl (ServerState.java:setRaftConf(361)) - bdfd8e89-8012-4ce1-987e-8446dc669c65:group-5D983FFAFCE3 set configuration 0: [bdfd8e89-8012-4ce1-987e-8446dc669c65:192.168.5.168:46256], old=null at 0
2019-07-13 20:37:33,657 INFO  server.RaftServerConfigKeys (ConfUtils.java:logGet(43)) - raft.server.log.appender.buffer.byte-limit = 33554432 (custom)
2019-07-13 20:37:33,658 INFO  server.RaftServerConfigKeys (ConfUtils.java:logGet(43)) - raft.server.log.appender.buffer.element-limit = 1 (custom)
2019-07-13 20:37:33,658 INFO  grpc.GrpcConfigKeys$Server (ConfUtils.java:logGet(43)) - raft.grpc.server.leader.outstanding.appends.max = 128 (default)
2019-07-13 20:37:33,658 INFO  server.RaftServerConfigKeys (ConfUtils.java:logGet(43)) - raft.server.rpc.request.timeout = 3000ms (default)
2019-07-13 20:37:33,658 INFO  server.RaftServerConfigKeys (ConfUtils.java:logGet(43)) - raft.server.log.appender.install.snapshot.enabled = false (custom)
2019-07-13 20:37:33,658 INFO  server.RaftServerConfigKeys (ConfUtils.java:logGet(43)) - raft.server.log.appender.snapshot.chunk.size.max = 16MB (=16777216) (default)
2019-07-13 20:37:33,659 INFO  server.RaftServerConfigKeys (ConfUtils.java:logGet(43)) - raft.server.log.appender.buffer.byte-limit = 33554432 (custom)
2019-07-13 20:37:33,659 INFO  server.RaftServerConfigKeys (ConfUtils.java:logGet(43)) - raft.server.log.appender.buffer.element-limit = 1 (custom)
2019-07-13 20:37:33,659 INFO  grpc.GrpcConfigKeys$Server (ConfUtils.java:logGet(43)) - raft.grpc.server.leader.outstanding.appends.max = 128 (default)
2019-07-13 20:37:33,659 INFO  server.RaftServerConfigKeys (ConfUtils.java:logGet(43)) - raft.server.rpc.request.timeout = 3000ms (default)
2019-07-13 20:37:33,659 INFO  server.RaftServerConfigKeys (ConfUtils.java:logGet(43)) - raft.server.log.appender.install.snapshot.enabled = false (custom)
2019-07-13 20:37:33,659 INFO  impl.RoleInfo (RoleInfo.java:updateAndGet(143)) - 82b47179-ae1c-4828-8266-167abf0010c1: start LeaderState
2019-07-13 20:37:33,660 INFO  segmented.SegmentedRaftLogWorker (SegmentedRaftLogWorker.java:startLogSegment(380)) - 82b47179-ae1c-4828-8266-167abf0010c1-SegmentedRaftLogWorker:Storage Directory /tmp/workdir/hadoop-ozone/integration-test/target/test-dir/MiniOzoneClusterImpl-beb3fd2f-7e95-4f96-8d8e-fa3147c0110a/datanode-3/data/ratis/3e0671dc-f1d2-4cc3-b305-5e2758fe06c2: Starting segment from index:0
2019-07-13 20:37:33,661 INFO  impl.RaftServerImpl (ServerState.java:setRaftConf(361)) - 82b47179-ae1c-4828-8266-167abf0010c1:group-5E2758FE06C2 set configuration 0: [82b47179-ae1c-4828-8266-167abf0010c1:192.168.5.168:43562, 5f3a79b9-cbc4-4548-98b3-fb34771e4c89:192.168.5.168:44101, bdfd8e89-8012-4ce1-987e-8446dc669c65:192.168.5.168:46256], old=null at 0
2019-07-13 20:37:33,663 INFO  impl.RaftServerImpl (ServerState.java:setLeader(263)) - 5f3a79b9-cbc4-4548-98b3-fb34771e4c89:group-5E2758FE06C2 change Leader from null to 82b47179-ae1c-4828-8266-167abf0010c1 at term 1 for appendEntries, leader elected after 5092ms
2019-07-13 20:37:33,664 INFO  impl.RaftServerImpl (ServerState.java:setLeader(263)) - bdfd8e89-8012-4ce1-987e-8446dc669c65:group-5E2758FE06C2 change Leader from null to 82b47179-ae1c-4828-8266-167abf0010c1 at term 1 for appendEntries, leader elected after 5093ms
2019-07-13 20:37:33,669 INFO  impl.RaftServerImpl (ServerState.java:setRaftConf(361)) - 5f3a79b9-cbc4-4548-98b3-fb34771e4c89:group-5E2758FE06C2 set configuration 0: [82b47179-ae1c-4828-8266-167abf0010c1:192.168.5.168:43562, 5f3a79b9-cbc4-4548-98b3-fb34771e4c89:192.168.5.168:44101, bdfd8e89-8012-4ce1-987e-8446dc669c65:192.168.5.168:46256], old=null at 0
2019-07-13 20:37:33,669 INFO  impl.RaftServerImpl (ServerState.java:setRaftConf(361)) - bdfd8e89-8012-4ce1-987e-8446dc669c65:group-5E2758FE06C2 set configuration 0: [82b47179-ae1c-4828-8266-167abf0010c1:192.168.5.168:43562, 5f3a79b9-cbc4-4548-98b3-fb34771e4c89:192.168.5.168:44101, bdfd8e89-8012-4ce1-987e-8446dc669c65:192.168.5.168:46256], old=null at 0
2019-07-13 20:37:33,669 INFO  segmented.SegmentedRaftLogWorker (SegmentedRaftLogWorker.java:startLogSegment(380)) - 5f3a79b9-cbc4-4548-98b3-fb34771e4c89-SegmentedRaftLogWorker:Storage Directory /tmp/workdir/hadoop-ozone/integration-test/target/test-dir/MiniOzoneClusterImpl-beb3fd2f-7e95-4f96-8d8e-fa3147c0110a/datanode-4/data/ratis/3e0671dc-f1d2-4cc3-b305-5e2758fe06c2: Starting segment from index:0
2019-07-13 20:37:33,670 INFO  segmented.SegmentedRaftLogWorker (SegmentedRaftLogWorker.java:startLogSegment(380)) - bdfd8e89-8012-4ce1-987e-8446dc669c65-SegmentedRaftLogWorker:Storage Directory /tmp/workdir/hadoop-ozone/integration-test/target/test-dir/MiniOzoneClusterImpl-beb3fd2f-7e95-4f96-8d8e-fa3147c0110a/datanode-5/data/ratis/3e0671dc-f1d2-4cc3-b305-5e2758fe06c2: Starting segment from index:0
2019-07-13 20:37:33,683 INFO  segmented.SegmentedRaftLogWorker (SegmentedRaftLogWorker.java:execute(569)) - bdfd8e89-8012-4ce1-987e-8446dc669c65-SegmentedRaftLogWorker:Storage Directory /tmp/workdir/hadoop-ozone/integration-test/target/test-dir/MiniOzoneClusterImpl-beb3fd2f-7e95-4f96-8d8e-fa3147c0110a/datanode-5/data/ratis/f0dd2c91-3354-4c86-83b5-5d983ffafce3: created new log segment /tmp/workdir/hadoop-ozone/integration-test/target/test-dir/MiniOzoneClusterImpl-beb3fd2f-7e95-4f96-8d8e-fa3147c0110a/datanode-5/data/ratis/f0dd2c91-3354-4c86-83b5-5d983ffafce3/current/log_inprogress_0
2019-07-13 20:37:33,689 INFO  segmented.SegmentedRaftLogWorker (SegmentedRaftLogWorker.java:execute(569)) - 82b47179-ae1c-4828-8266-167abf0010c1-SegmentedRaftLogWorker:Storage Directory /tmp/workdir/hadoop-ozone/integration-test/target/test-dir/MiniOzoneClusterImpl-beb3fd2f-7e95-4f96-8d8e-fa3147c0110a/datanode-3/data/ratis/3e0671dc-f1d2-4cc3-b305-5e2758fe06c2: created new log segment /tmp/workdir/hadoop-ozone/integration-test/target/test-dir/MiniOzoneClusterImpl-beb3fd2f-7e95-4f96-8d8e-fa3147c0110a/datanode-3/data/ratis/3e0671dc-f1d2-4cc3-b305-5e2758fe06c2/current/log_inprogress_0
2019-07-13 20:37:33,689 INFO  segmented.SegmentedRaftLogWorker (SegmentedRaftLogWorker.java:execute(569)) - 5f3a79b9-cbc4-4548-98b3-fb34771e4c89-SegmentedRaftLogWorker:Storage Directory /tmp/workdir/hadoop-ozone/integration-test/target/test-dir/MiniOzoneClusterImpl-beb3fd2f-7e95-4f96-8d8e-fa3147c0110a/datanode-4/data/ratis/3e0671dc-f1d2-4cc3-b305-5e2758fe06c2: created new log segment /tmp/workdir/hadoop-ozone/integration-test/target/test-dir/MiniOzoneClusterImpl-beb3fd2f-7e95-4f96-8d8e-fa3147c0110a/datanode-4/data/ratis/3e0671dc-f1d2-4cc3-b305-5e2758fe06c2/current/log_inprogress_0
2019-07-13 20:37:33,693 INFO  segmented.SegmentedRaftLogWorker (SegmentedRaftLogWorker.java:execute(569)) - bdfd8e89-8012-4ce1-987e-8446dc669c65-SegmentedRaftLogWorker:Storage Directory /tmp/workdir/hadoop-ozone/integration-test/target/test-dir/MiniOzoneClusterImpl-beb3fd2f-7e95-4f96-8d8e-fa3147c0110a/datanode-5/data/ratis/3e0671dc-f1d2-4cc3-b305-5e2758fe06c2: created new log segment /tmp/workdir/hadoop-ozone/integration-test/target/test-dir/MiniOzoneClusterImpl-beb3fd2f-7e95-4f96-8d8e-fa3147c0110a/datanode-5/data/ratis/3e0671dc-f1d2-4cc3-b305-5e2758fe06c2/current/log_inprogress_0
2019-07-13 20:37:33,706 INFO  impl.FollowerState (FollowerState.java:run(106)) - db6fb076-c625-4ffe-8c3c-b474a25b20c8:group-E53EA57475A1 changes to CANDIDATE, lastRpcTime:5039, electionTimeout:5039ms
2019-07-13 20:37:33,706 INFO  impl.RoleInfo (RoleInfo.java:shutdownFollowerState(121)) - db6fb076-c625-4ffe-8c3c-b474a25b20c8: shutdown FollowerState
2019-07-13 20:37:33,706 INFO  impl.RaftServerImpl (RaftServerImpl.java:setRole(171)) - db6fb076-c625-4ffe-8c3c-b474a25b20c8:group-E53EA57475A1 changes role from FOLLOWER to CANDIDATE at term 0 for changeToCandidate
2019-07-13 20:37:33,706 INFO  impl.RoleInfo (RoleInfo.java:updateAndGet(143)) - db6fb076-c625-4ffe-8c3c-b474a25b20c8: start LeaderElection
2019-07-13 20:37:33,718 INFO  impl.LeaderElection (LeaderElection.java:askForVotes(181)) - db6fb076-c625-4ffe-8c3c-b474a25b20c8:group-E53EA57475A1:LeaderElection85: begin an election at term 1 for -1: [db6fb076-c625-4ffe-8c3c-b474a25b20c8:192.168.5.168:43615], old=null
2019-07-13 20:37:33,718 INFO  impl.RoleInfo (RoleInfo.java:shutdownLeaderElection(134)) - db6fb076-c625-4ffe-8c3c-b474a25b20c8: shutdown LeaderElection
2019-07-13 20:37:33,718 INFO  impl.RaftServerImpl (RaftServerImpl.java:setRole(171)) - db6fb076-c625-4ffe-8c3c-b474a25b20c8:group-E53EA57475A1 changes role from CANDIDATE to LEADER at term 1 for changeToLeader
2019-07-13 20:37:33,718 INFO  impl.RaftServerImpl (ServerState.java:setLeader(263)) - db6fb076-c625-4ffe-8c3c-b474a25b20c8:group-E53EA57475A1 change Leader from null to db6fb076-c625-4ffe-8c3c-b474a25b20c8 at term 1 for becomeLeader, leader elected after 5056ms
2019-07-13 20:37:33,721 INFO  server.RaftServerConfigKeys (ConfUtils.java:logGet(43)) - raft.server.staging.catchup.gap = 1000 (default)
2019-07-13 20:37:33,721 INFO  server.RaftServerConfigKeys (ConfUtils.java:logGet(43)) - raft.server.rpc.sleep.time = 25ms (default)
2019-07-13 20:37:33,721 INFO  server.RaftServerConfigKeys (ConfUtils.java:logGet(43)) - raft.server.write.element-limit = 4096 (default)
2019-07-13 20:37:33,722 INFO  server.RaftServerConfigKeys (ConfUtils.java:logGet(43)) - raft.server.watch.timeout = 10s (default)
2019-07-13 20:37:33,722 INFO  server.RaftServerConfigKeys (ConfUtils.java:logGet(43)) - raft.server.watch.timeout.denomination = 1s (default)
2019-07-13 20:37:33,722 INFO  server.RaftServerConfigKeys (ConfUtils.java:logGet(43)) - raft.server.watch.element-limit = 65536 (default)
2019-07-13 20:37:33,722 INFO  impl.RoleInfo (RoleInfo.java:updateAndGet(143)) - db6fb076-c625-4ffe-8c3c-b474a25b20c8: start LeaderState
2019-07-13 20:37:33,722 INFO  segmented.SegmentedRaftLogWorker (SegmentedRaftLogWorker.java:startLogSegment(380)) - db6fb076-c625-4ffe-8c3c-b474a25b20c8-SegmentedRaftLogWorker:Storage Directory /tmp/workdir/hadoop-ozone/integration-test/target/test-dir/MiniOzoneClusterImpl-beb3fd2f-7e95-4f96-8d8e-fa3147c0110a/datanode-6/data/ratis/e4097033-0a66-4535-94bb-e53ea57475a1: Starting segment from index:0
2019-07-13 20:37:33,723 INFO  impl.RaftServerImpl (ServerState.java:setRaftConf(361)) - db6fb076-c625-4ffe-8c3c-b474a25b20c8:group-E53EA57475A1 set configuration 0: [db6fb076-c625-4ffe-8c3c-b474a25b20c8:192.168.5.168:43615], old=null at 0
2019-07-13 20:37:33,741 INFO  segmented.SegmentedRaftLogWorker (SegmentedRaftLogWorker.java:execute(569)) - db6fb076-c625-4ffe-8c3c-b474a25b20c8-SegmentedRaftLogWorker:Storage Directory /tmp/workdir/hadoop-ozone/integration-test/target/test-dir/MiniOzoneClusterImpl-beb3fd2f-7e95-4f96-8d8e-fa3147c0110a/datanode-6/data/ratis/e4097033-0a66-4535-94bb-e53ea57475a1: created new log segment /tmp/workdir/hadoop-ozone/integration-test/target/test-dir/MiniOzoneClusterImpl-beb3fd2f-7e95-4f96-8d8e-fa3147c0110a/datanode-6/data/ratis/e4097033-0a66-4535-94bb-e53ea57475a1/current/log_inprogress_0
2019-07-13 20:37:33,790 INFO  client.GrpcClientProtocolClient (GrpcClientProtocolClient.java:onNext(255)) - client-25357D9DF011->bdfd8e89-8012-4ce1-987e-8446dc669c65: receive RaftClientReply:client-25357D9DF011->bdfd8e89-8012-4ce1-987e-8446dc669c65@group-5E2758FE06C2, cid=220, FAILED org.apache.ratis.protocol.NotLeaderException: Server bdfd8e89-8012-4ce1-987e-8446dc669c65 is not the leader (82b47179-ae1c-4828-8266-167abf0010c1:192.168.5.168:43562). Request must be sent to leader., logIndex=0, commits[bdfd8e89-8012-4ce1-987e-8446dc669c65:c-1, 82b47179-ae1c-4828-8266-167abf0010c1:c-1, 5f3a79b9-cbc4-4548-98b3-fb34771e4c89:c-1]
2019-07-13 20:37:33,880 INFO  client.GrpcClientProtocolClient (GrpcClientProtocolClient.java:onNext(255)) - client-25357D9DF011->82b47179-ae1c-4828-8266-167abf0010c1: receive RaftClientReply:client-25357D9DF011->82b47179-ae1c-4828-8266-167abf0010c1@group-5E2758FE06C2, cid=220, SUCCESS, logIndex=1, commits[82b47179-ae1c-4828-8266-167abf0010c1:c1, 5f3a79b9-cbc4-4548-98b3-fb34771e4c89:c0, bdfd8e89-8012-4ce1-987e-8446dc669c65:c0]
2019-07-13 20:37:33,899 INFO  client.GrpcClientProtocolClient (GrpcClientProtocolClient.java:onNext(255)) - client-25357D9DF011->82b47179-ae1c-4828-8266-167abf0010c1: receive RaftClientReply:client-25357D9DF011->82b47179-ae1c-4828-8266-167abf0010c1@group-5E2758FE06C2, cid=221, SUCCESS, logIndex=3, commits[82b47179-ae1c-4828-8266-167abf0010c1:c4, 5f3a79b9-cbc4-4548-98b3-fb34771e4c89:c2, bdfd8e89-8012-4ce1-987e-8446dc669c65:c2]
2019-07-13 20:37:33,924 INFO  client.GrpcClientProtocolClient (GrpcClientProtocolClient.java:onNext(255)) - client-25357D9DF011->82b47179-ae1c-4828-8266-167abf0010c1: receive RaftClientReply:client-25357D9DF011->82b47179-ae1c-4828-8266-167abf0010c1@group-5E2758FE06C2, cid=222, SUCCESS, logIndex=4, commits[82b47179-ae1c-4828-8266-167abf0010c1:c6, 5f3a79b9-cbc4-4548-98b3-fb34771e4c89:c4, bdfd8e89-8012-4ce1-987e-8446dc669c65:c4]
2019-07-13 20:37:33,925 INFO  container.CloseContainerEventHandler (CloseContainerEventHandler.java:onMessage(61)) - Close container Event triggered for container : #1
2019-07-13 20:37:33,925 INFO  container.CloseContainerEventHandler (CloseContainerEventHandler.java:onMessage(61)) - Close container Event triggered for container : #1
2019-07-13 20:37:33,926 INFO  container.CloseContainerEventHandler (CloseContainerEventHandler.java:onMessage(61)) - Close container Event triggered for container : #1
20:37:34.927 [grpc-default-executor-7] ERROR DNAudit - user=null | ip=null | op=WRITE_CHUNK {blockData=conID: 1 locID: 102436061166108689 bcsId: 4} | ret=FAILURE
org.apache.hadoop.hdds.scm.container.common.helpers.ContainerNotOpenException: Container 1 in CLOSED state
	at org.apache.hadoop.ozone.container.common.impl.HddsDispatcher.validateContainerCommand(HddsDispatcher.java:408) ~[hadoop-hdds-container-service-0.5.0-SNAPSHOT.jar:?]
	at org.apache.hadoop.ozone.container.common.transport.server.ratis.ContainerStateMachine.startTransaction(ContainerStateMachine.java:271) ~[hadoop-hdds-container-service-0.5.0-SNAPSHOT.jar:?]
	at org.apache.ratis.server.impl.RaftServerImpl.submitClientRequestAsync(RaftServerImpl.java:566) ~[ratis-server-0.4.0-2337318-SNAPSHOT.jar:0.4.0-2337318-SNAPSHOT]
	at org.apache.ratis.server.impl.RaftServerProxy.lambda$submitClientRequestAsync$7(RaftServerProxy.java:333) ~[ratis-server-0.4.0-2337318-SNAPSHOT.jar:0.4.0-2337318-SNAPSHOT]
	at org.apache.ratis.server.impl.RaftServerProxy.lambda$null$5(RaftServerProxy.java:328) ~[ratis-server-0.4.0-2337318-SNAPSHOT.jar:0.4.0-2337318-SNAPSHOT]
	at org.apache.ratis.util.JavaUtils.callAsUnchecked(JavaUtils.java:109) ~[ratis-common-0.4.0-2337318-SNAPSHOT.jar:0.4.0-2337318-SNAPSHOT]
	at org.apache.ratis.server.impl.RaftServerProxy.lambda$submitRequest$6(RaftServerProxy.java:328) ~[ratis-server-0.4.0-2337318-SNAPSHOT.jar:0.4.0-2337318-SNAPSHOT]
	at java.util.concurrent.CompletableFuture.uniComposeStage(CompletableFuture.java:981) ~[?:1.8.0_212]
	at java.util.concurrent.CompletableFuture.thenCompose(CompletableFuture.java:2124) ~[?:1.8.0_212]
	at org.apache.ratis.server.impl.RaftServerProxy.submitRequest(RaftServerProxy.java:327) ~[ratis-server-0.4.0-2337318-SNAPSHOT.jar:0.4.0-2337318-SNAPSHOT]
	at org.apache.ratis.server.impl.RaftServerProxy.submitClientRequestAsync(RaftServerProxy.java:333) ~[ratis-server-0.4.0-2337318-SNAPSHOT.jar:0.4.0-2337318-SNAPSHOT]
	at org.apache.ratis.grpc.client.GrpcClientProtocolService$RequestStreamObserver.processClientRequest(GrpcClientProtocolService.java:220) ~[ratis-grpc-0.4.0-2337318-SNAPSHOT.jar:0.4.0-2337318-SNAPSHOT]
	at org.apache.ratis.grpc.client.GrpcClientProtocolService$OrderedRequestStreamObserver.processClientRequest(GrpcClientProtocolService.java:326) ~[ratis-grpc-0.4.0-2337318-SNAPSHOT.jar:0.4.0-2337318-SNAPSHOT]
	at org.apache.ratis.util.SlidingWindow$Server.processRequestsFromHead(SlidingWindow.java:429) [ratis-common-0.4.0-2337318-SNAPSHOT.jar:0.4.0-2337318-SNAPSHOT]
	at org.apache.ratis.util.SlidingWindow$Server.receivedRequest(SlidingWindow.java:421) [ratis-common-0.4.0-2337318-SNAPSHOT.jar:0.4.0-2337318-SNAPSHOT]
	at org.apache.ratis.grpc.client.GrpcClientProtocolService$OrderedRequestStreamObserver.processClientRequest(GrpcClientProtocolService.java:345) [ratis-grpc-0.4.0-2337318-SNAPSHOT.jar:0.4.0-2337318-SNAPSHOT]
	at org.apache.ratis.grpc.client.GrpcClientProtocolService$RequestStreamObserver.onNext(GrpcClientProtocolService.java:240) [ratis-grpc-0.4.0-2337318-SNAPSHOT.jar:0.4.0-2337318-SNAPSHOT]
	at org.apache.ratis.grpc.client.GrpcClientProtocolService$RequestStreamObserver.onNext(GrpcClientProtocolService.java:168) [ratis-grpc-0.4.0-2337318-SNAPSHOT.jar:0.4.0-2337318-SNAPSHOT]
	at org.apache.ratis.thirdparty.io.grpc.stub.ServerCalls$StreamingServerCallHandler$StreamingServerCallListener.onMessage(ServerCalls.java:248) [ratis-thirdparty-misc-0.2.0.jar:0.2.0]
	at org.apache.ratis.thirdparty.io.grpc.internal.ServerCallImpl$ServerStreamListenerImpl.messagesAvailable(ServerCallImpl.java:263) [ratis-thirdparty-misc-0.2.0.jar:0.2.0]
	at org.apache.ratis.thirdparty.io.grpc.internal.ServerImpl$JumpToApplicationThreadServerStreamListener$1MessagesAvailable.runInContext(ServerImpl.java:686) [ratis-thirdparty-misc-0.2.0.jar:0.2.0]
	at org.apache.ratis.thirdparty.io.grpc.internal.ContextRunnable.run(ContextRunnable.java:37) [ratis-thirdparty-misc-0.2.0.jar:0.2.0]
	at org.apache.ratis.thirdparty.io.grpc.internal.SerializingExecutor.run(SerializingExecutor.java:123) [ratis-thirdparty-misc-0.2.0.jar:0.2.0]
	at java.util.concurrent.ThreadPoolExecutor.runWorker(ThreadPoolExecutor.java:1149) [?:1.8.0_212]
	at java.util.concurrent.ThreadPoolExecutor$Worker.run(ThreadPoolExecutor.java:624) [?:1.8.0_212]
	at java.lang.Thread.run(Thread.java:748) [?:1.8.0_212]
20:37:34.936 [grpc-default-executor-7] ERROR DNAudit - user=null | ip=null | op=WRITE_CHUNK {blockData=conID: 1 locID: 102436061166108689 bcsId: 4} | ret=FAILURE
org.apache.hadoop.hdds.scm.container.common.helpers.ContainerNotOpenException: Container 1 in CLOSED state
	at org.apache.hadoop.ozone.container.common.impl.HddsDispatcher.validateContainerCommand(HddsDispatcher.java:408) ~[hadoop-hdds-container-service-0.5.0-SNAPSHOT.jar:?]
	at org.apache.hadoop.ozone.container.common.transport.server.ratis.ContainerStateMachine.startTransaction(ContainerStateMachine.java:271) ~[hadoop-hdds-container-service-0.5.0-SNAPSHOT.jar:?]
	at org.apache.ratis.server.impl.RaftServerImpl.submitClientRequestAsync(RaftServerImpl.java:566) ~[ratis-server-0.4.0-2337318-SNAPSHOT.jar:0.4.0-2337318-SNAPSHOT]
	at org.apache.ratis.server.impl.RaftServerProxy.lambda$submitClientRequestAsync$7(RaftServerProxy.java:333) ~[ratis-server-0.4.0-2337318-SNAPSHOT.jar:0.4.0-2337318-SNAPSHOT]
	at org.apache.ratis.server.impl.RaftServerProxy.lambda$null$5(RaftServerProxy.java:328) ~[ratis-server-0.4.0-2337318-SNAPSHOT.jar:0.4.0-2337318-SNAPSHOT]
	at org.apache.ratis.util.JavaUtils.callAsUnchecked(JavaUtils.java:109) ~[ratis-common-0.4.0-2337318-SNAPSHOT.jar:0.4.0-2337318-SNAPSHOT]
	at org.apache.ratis.server.impl.RaftServerProxy.lambda$submitRequest$6(RaftServerProxy.java:328) ~[ratis-server-0.4.0-2337318-SNAPSHOT.jar:0.4.0-2337318-SNAPSHOT]
	at java.util.concurrent.CompletableFuture.uniComposeStage(CompletableFuture.java:981) ~[?:1.8.0_212]
	at java.util.concurrent.CompletableFuture.thenCompose(CompletableFuture.java:2124) ~[?:1.8.0_212]
	at org.apache.ratis.server.impl.RaftServerProxy.submitRequest(RaftServerProxy.java:327) ~[ratis-server-0.4.0-2337318-SNAPSHOT.jar:0.4.0-2337318-SNAPSHOT]
	at org.apache.ratis.server.impl.RaftServerProxy.submitClientRequestAsync(RaftServerProxy.java:333) ~[ratis-server-0.4.0-2337318-SNAPSHOT.jar:0.4.0-2337318-SNAPSHOT]
	at org.apache.ratis.grpc.client.GrpcClientProtocolService$RequestStreamObserver.processClientRequest(GrpcClientProtocolService.java:220) ~[ratis-grpc-0.4.0-2337318-SNAPSHOT.jar:0.4.0-2337318-SNAPSHOT]
	at org.apache.ratis.grpc.client.GrpcClientProtocolService$OrderedRequestStreamObserver.processClientRequest(GrpcClientProtocolService.java:326) ~[ratis-grpc-0.4.0-2337318-SNAPSHOT.jar:0.4.0-2337318-SNAPSHOT]
	at org.apache.ratis.util.SlidingWindow$Server.processRequestsFromHead(SlidingWindow.java:429) [ratis-common-0.4.0-2337318-SNAPSHOT.jar:0.4.0-2337318-SNAPSHOT]
	at org.apache.ratis.util.SlidingWindow$Server.receivedRequest(SlidingWindow.java:421) [ratis-common-0.4.0-2337318-SNAPSHOT.jar:0.4.0-2337318-SNAPSHOT]
	at org.apache.ratis.grpc.client.GrpcClientProtocolService$OrderedRequestStreamObserver.processClientRequest(GrpcClientProtocolService.java:345) [ratis-grpc-0.4.0-2337318-SNAPSHOT.jar:0.4.0-2337318-SNAPSHOT]
	at org.apache.ratis.grpc.client.GrpcClientProtocolService$RequestStreamObserver.onNext(GrpcClientProtocolService.java:240) [ratis-grpc-0.4.0-2337318-SNAPSHOT.jar:0.4.0-2337318-SNAPSHOT]
	at org.apache.ratis.grpc.client.GrpcClientProtocolService$RequestStreamObserver.onNext(GrpcClientProtocolService.java:168) [ratis-grpc-0.4.0-2337318-SNAPSHOT.jar:0.4.0-2337318-SNAPSHOT]
	at org.apache.ratis.thirdparty.io.grpc.stub.ServerCalls$StreamingServerCallHandler$StreamingServerCallListener.onMessage(ServerCalls.java:248) [ratis-thirdparty-misc-0.2.0.jar:0.2.0]
	at org.apache.ratis.thirdparty.io.grpc.internal.ServerCallImpl$ServerStreamListenerImpl.messagesAvailable(ServerCallImpl.java:263) [ratis-thirdparty-misc-0.2.0.jar:0.2.0]
	at org.apache.ratis.thirdparty.io.grpc.internal.ServerImpl$JumpToApplicationThreadServerStreamListener$1MessagesAvailable.runInContext(ServerImpl.java:686) [ratis-thirdparty-misc-0.2.0.jar:0.2.0]
	at org.apache.ratis.thirdparty.io.grpc.internal.ContextRunnable.run(ContextRunnable.java:37) [ratis-thirdparty-misc-0.2.0.jar:0.2.0]
	at org.apache.ratis.thirdparty.io.grpc.internal.SerializingExecutor.run(SerializingExecutor.java:123) [ratis-thirdparty-misc-0.2.0.jar:0.2.0]
	at java.util.concurrent.ThreadPoolExecutor.runWorker(ThreadPoolExecutor.java:1149) [?:1.8.0_212]
	at java.util.concurrent.ThreadPoolExecutor$Worker.run(ThreadPoolExecutor.java:624) [?:1.8.0_212]
	at java.lang.Thread.run(Thread.java:748) [?:1.8.0_212]
2019-07-13 20:37:34,940 INFO  client.GrpcClientProtocolClient (GrpcClientProtocolClient.java:onNext(255)) - client-25357D9DF011->82b47179-ae1c-4828-8266-167abf0010c1: receive RaftClientReply:client-25357D9DF011->82b47179-ae1c-4828-8266-167abf0010c1@group-5E2758FE06C2, cid=223, FAILED org.apache.ratis.protocol.StateMachineException: org.apache.hadoop.hdds.scm.container.common.helpers.ContainerNotOpenException from Server 82b47179-ae1c-4828-8266-167abf0010c1: Container 1 in CLOSED state, logIndex=0, commits[82b47179-ae1c-4828-8266-167abf0010c1:c8, 5f3a79b9-cbc4-4548-98b3-fb34771e4c89:c7, bdfd8e89-8012-4ce1-987e-8446dc669c65:c7]
2019-07-13 20:37:34,945 INFO  client.GrpcClientProtocolClient (GrpcClientProtocolClient.java:onNext(255)) - client-25357D9DF011->82b47179-ae1c-4828-8266-167abf0010c1: receive RaftClientReply:client-25357D9DF011->82b47179-ae1c-4828-8266-167abf0010c1@group-5E2758FE06C2, cid=224, FAILED org.apache.ratis.protocol.StateMachineException: org.apache.hadoop.hdds.scm.container.common.helpers.ContainerNotOpenException from Server 82b47179-ae1c-4828-8266-167abf0010c1: Container 1 in CLOSED state, logIndex=0, commits[82b47179-ae1c-4828-8266-167abf0010c1:c8, 5f3a79b9-cbc4-4548-98b3-fb34771e4c89:c7, bdfd8e89-8012-4ce1-987e-8446dc669c65:c7]
20:37:34.944 [grpc-default-executor-7] ERROR DNAudit - user=null | ip=null | op=PUT_BLOCK {blockData=[blockId=conID: 1 locID: 102436061166108689 bcsId: 0,size=334]} | ret=FAILURE
org.apache.hadoop.hdds.scm.container.common.helpers.ContainerNotOpenException: Container 1 in CLOSED state
	at org.apache.hadoop.ozone.container.common.impl.HddsDispatcher.validateContainerCommand(HddsDispatcher.java:408) ~[hadoop-hdds-container-service-0.5.0-SNAPSHOT.jar:?]
	at org.apache.hadoop.ozone.container.common.transport.server.ratis.ContainerStateMachine.startTransaction(ContainerStateMachine.java:271) ~[hadoop-hdds-container-service-0.5.0-SNAPSHOT.jar:?]
	at org.apache.ratis.server.impl.RaftServerImpl.submitClientRequestAsync(RaftServerImpl.java:566) ~[ratis-server-0.4.0-2337318-SNAPSHOT.jar:0.4.0-2337318-SNAPSHOT]
	at org.apache.ratis.server.impl.RaftServerProxy.lambda$submitClientRequestAsync$7(RaftServerProxy.java:333) ~[ratis-server-0.4.0-2337318-SNAPSHOT.jar:0.4.0-2337318-SNAPSHOT]
	at org.apache.ratis.server.impl.RaftServerProxy.lambda$null$5(RaftServerProxy.java:328) ~[ratis-server-0.4.0-2337318-SNAPSHOT.jar:0.4.0-2337318-SNAPSHOT]
	at org.apache.ratis.util.JavaUtils.callAsUnchecked(JavaUtils.java:109) ~[ratis-common-0.4.0-2337318-SNAPSHOT.jar:0.4.0-2337318-SNAPSHOT]
	at org.apache.ratis.server.impl.RaftServerProxy.lambda$submitRequest$6(RaftServerProxy.java:328) ~[ratis-server-0.4.0-2337318-SNAPSHOT.jar:0.4.0-2337318-SNAPSHOT]
	at java.util.concurrent.CompletableFuture.uniComposeStage(CompletableFuture.java:981) ~[?:1.8.0_212]
	at java.util.concurrent.CompletableFuture.thenCompose(CompletableFuture.java:2124) ~[?:1.8.0_212]
	at org.apache.ratis.server.impl.RaftServerProxy.submitRequest(RaftServerProxy.java:327) ~[ratis-server-0.4.0-2337318-SNAPSHOT.jar:0.4.0-2337318-SNAPSHOT]
	at org.apache.ratis.server.impl.RaftServerProxy.submitClientRequestAsync(RaftServerProxy.java:333) ~[ratis-server-0.4.0-2337318-SNAPSHOT.jar:0.4.0-2337318-SNAPSHOT]
	at org.apache.ratis.grpc.client.GrpcClientProtocolService$RequestStreamObserver.processClientRequest(GrpcClientProtocolService.java:220) ~[ratis-grpc-0.4.0-2337318-SNAPSHOT.jar:0.4.0-2337318-SNAPSHOT]
	at org.apache.ratis.grpc.client.GrpcClientProtocolService$OrderedRequestStreamObserver.processClientRequest(GrpcClientProtocolService.java:326) ~[ratis-grpc-0.4.0-2337318-SNAPSHOT.jar:0.4.0-2337318-SNAPSHOT]
	at org.apache.ratis.util.SlidingWindow$Server.processRequestsFromHead(SlidingWindow.java:429) [ratis-common-0.4.0-2337318-SNAPSHOT.jar:0.4.0-2337318-SNAPSHOT]
	at org.apache.ratis.util.SlidingWindow$Server.receivedRequest(SlidingWindow.java:421) [ratis-common-0.4.0-2337318-SNAPSHOT.jar:0.4.0-2337318-SNAPSHOT]
	at org.apache.ratis.grpc.client.GrpcClientProtocolService$OrderedRequestStreamObserver.processClientRequest(GrpcClientProtocolService.java:345) [ratis-grpc-0.4.0-2337318-SNAPSHOT.jar:0.4.0-2337318-SNAPSHOT]
	at org.apache.ratis.grpc.client.GrpcClientProtocolService$RequestStreamObserver.onNext(GrpcClientProtocolService.java:240) [ratis-grpc-0.4.0-2337318-SNAPSHOT.jar:0.4.0-2337318-SNAPSHOT]
	at org.apache.ratis.grpc.client.GrpcClientProtocolService$RequestStreamObserver.onNext(GrpcClientProtocolService.java:168) [ratis-grpc-0.4.0-2337318-SNAPSHOT.jar:0.4.0-2337318-SNAPSHOT]
	at org.apache.ratis.thirdparty.io.grpc.stub.ServerCalls$StreamingServerCallHandler$StreamingServerCallListener.onMessage(ServerCalls.java:248) [ratis-thirdparty-misc-0.2.0.jar:0.2.0]
	at org.apache.ratis.thirdparty.io.grpc.internal.ServerCallImpl$ServerStreamListenerImpl.messagesAvailable(ServerCallImpl.java:263) [ratis-thirdparty-misc-0.2.0.jar:0.2.0]
	at org.apache.ratis.thirdparty.io.grpc.internal.ServerImpl$JumpToApplicationThreadServerStreamListener$1MessagesAvailable.runInContext(ServerImpl.java:686) [ratis-thirdparty-misc-0.2.0.jar:0.2.0]
	at org.apache.ratis.thirdparty.io.grpc.internal.ContextRunnable.run(ContextRunnable.java:37) [ratis-thirdparty-misc-0.2.0.jar:0.2.0]
	at org.apache.ratis.thirdparty.io.grpc.internal.SerializingExecutor.run(SerializingExecutor.java:123) [ratis-thirdparty-misc-0.2.0.jar:0.2.0]
	at java.util.concurrent.ThreadPoolExecutor.runWorker(ThreadPoolExecutor.java:1149) [?:1.8.0_212]
	at java.util.concurrent.ThreadPoolExecutor$Worker.run(ThreadPoolExecutor.java:624) [?:1.8.0_212]
	at java.lang.Thread.run(Thread.java:748) [?:1.8.0_212]
2019-07-13 20:37:34,952 INFO  client.GrpcClientProtocolClient (GrpcClientProtocolClient.java:onNext(255)) - client-25357D9DF011->82b47179-ae1c-4828-8266-167abf0010c1: receive RaftClientReply:client-25357D9DF011->82b47179-ae1c-4828-8266-167abf0010c1@group-5E2758FE06C2, cid=225, FAILED org.apache.ratis.protocol.StateMachineException: org.apache.hadoop.hdds.scm.container.common.helpers.ContainerNotOpenException from Server 82b47179-ae1c-4828-8266-167abf0010c1: Container 1 in CLOSED state, logIndex=0, commits[82b47179-ae1c-4828-8266-167abf0010c1:c8, 5f3a79b9-cbc4-4548-98b3-fb34771e4c89:c7, bdfd8e89-8012-4ce1-987e-8446dc669c65:c7]
2019-07-13 20:37:34,955 INFO  interfaces.Container (KeyValueContainer.java:compactDB(356)) - Container 1 is closed with bcsId 4.
2019-07-13 20:37:34,981 INFO  client.GrpcClientProtocolClient (GrpcClientProtocolClient.java:onNext(255)) - client-B4F4F2BFE430->b75b127d-5cec-4fc5-8ee8-f57a3a9e36d1: receive RaftClientReply:client-B4F4F2BFE430->b75b127d-5cec-4fc5-8ee8-f57a3a9e36d1@group-B39C3EDF44B2, cid=226, FAILED org.apache.ratis.protocol.NotLeaderException: Server b75b127d-5cec-4fc5-8ee8-f57a3a9e36d1 is not the leader (1c78e758-fb4e-4394-b5b7-5dfaecdfbdb6:192.168.5.168:37735). Request must be sent to leader., logIndex=0, commits[b75b127d-5cec-4fc5-8ee8-f57a3a9e36d1:c-1, 1c78e758-fb4e-4394-b5b7-5dfaecdfbdb6:c-1, d96a1763-cd6d-4bf5-9130-827c7273c33d:c-1]
2019-07-13 20:37:34,981 INFO  interfaces.Container (KeyValueContainer.java:compactDB(356)) - Container 1 is closed with bcsId 4.
2019-07-13 20:37:34,987 INFO  interfaces.Container (KeyValueContainer.java:compactDB(356)) - Container 1 is closed with bcsId 4.
2019-07-13 20:37:35,101 INFO  client.GrpcClientProtocolClient (GrpcClientProtocolClient.java:onNext(255)) - client-B4F4F2BFE430->1c78e758-fb4e-4394-b5b7-5dfaecdfbdb6: receive RaftClientReply:client-B4F4F2BFE430->1c78e758-fb4e-4394-b5b7-5dfaecdfbdb6@group-B39C3EDF44B2, cid=226, SUCCESS, logIndex=1, commits[1c78e758-fb4e-4394-b5b7-5dfaecdfbdb6:c1, b75b127d-5cec-4fc5-8ee8-f57a3a9e36d1:c0, d96a1763-cd6d-4bf5-9130-827c7273c33d:c0]
2019-07-13 20:37:35,115 INFO  client.GrpcClientProtocolClient (GrpcClientProtocolClient.java:onNext(255)) - client-B4F4F2BFE430->1c78e758-fb4e-4394-b5b7-5dfaecdfbdb6: receive RaftClientReply:client-B4F4F2BFE430->1c78e758-fb4e-4394-b5b7-5dfaecdfbdb6@group-B39C3EDF44B2, cid=227, SUCCESS, logIndex=3, commits[1c78e758-fb4e-4394-b5b7-5dfaecdfbdb6:c4, b75b127d-5cec-4fc5-8ee8-f57a3a9e36d1:c2, d96a1763-cd6d-4bf5-9130-827c7273c33d:c2]
2019-07-13 20:37:35,142 INFO  client.GrpcClientProtocolClient (GrpcClientProtocolClient.java:onNext(255)) - client-B4F4F2BFE430->1c78e758-fb4e-4394-b5b7-5dfaecdfbdb6: receive RaftClientReply:client-B4F4F2BFE430->1c78e758-fb4e-4394-b5b7-5dfaecdfbdb6@group-B39C3EDF44B2, cid=228, SUCCESS, logIndex=4, commits[1c78e758-fb4e-4394-b5b7-5dfaecdfbdb6:c6, b75b127d-5cec-4fc5-8ee8-f57a3a9e36d1:c4, d96a1763-cd6d-4bf5-9130-827c7273c33d:c4]
2019-07-13 20:37:35,156 INFO  pipeline.Pipeline (Pipeline.java:getProtobufMessage(195)) - Serialize pipeline PipelineID=151d9154-96cb-4cb6-9f5e-b39c3edf44b2 with nodesInOrder{ }
2019-07-13 20:37:35,157 INFO  ozone.MiniOzoneClusterImpl (MiniOzoneClusterImpl.java:shutdown(321)) - Shutting down the Mini Ozone Cluster
2019-07-13 20:37:35,158 INFO  ozone.MiniOzoneClusterImpl (MiniOzoneClusterImpl.java:stop(336)) - Stopping the Mini Ozone Cluster
2019-07-13 20:37:35,158 INFO  ozone.MiniOzoneClusterImpl (MiniOzoneClusterImpl.java:stop(338)) - Stopping the OzoneManager
2019-07-13 20:37:35,158 INFO  ipc.Server (Server.java:stop(3082)) - Stopping server on 39924
2019-07-13 20:37:35,179 INFO  ipc.Server (Server.java:run(1185)) - Stopping IPC Server listener on 39924
2019-07-13 20:37:35,179 INFO  utils.BackgroundService (BackgroundService.java:shutdown(148)) - Shutting down service KeyDeletingService
2019-07-13 20:37:35,179 INFO  ipc.Server (Server.java:run(1319)) - Stopping IPC Server Responder
2019-07-13 20:37:35,213 INFO  handler.ContextHandler (ContextHandler.java:doStop(910)) - Stopped o.e.j.w.WebAppContext@4104b6a6{/,null,UNAVAILABLE}{/ozoneManager}
2019-07-13 20:37:35,214 INFO  server.AbstractConnector (AbstractConnector.java:doStop(318)) - Stopped ServerConnector@21dd405a{HTTP/1.1,[http/1.1]}{0.0.0.0:0}
2019-07-13 20:37:35,214 INFO  handler.ContextHandler (ContextHandler.java:doStop(910)) - Stopped o.e.j.s.ServletContextHandler@7d412ab5{/static,file:///tmp/workdir/hadoop-ozone/integration-test/target/test-classes/webapps/static,UNAVAILABLE}
2019-07-13 20:37:35,215 INFO  handler.ContextHandler (ContextHandler.java:doStop(910)) - Stopped o.e.j.s.ServletContextHandler@45382749{/logs,file:///tmp/workdir/hadoop-ozone/integration-test/target/log,UNAVAILABLE}
2019-07-13 20:37:35,217 INFO  ozone.MiniOzoneClusterImpl (MiniOzoneClusterImpl.java:stop(344)) - Shutting the HddsDatanodes
2019-07-13 20:37:35,217 INFO  datanode.ObjectStoreHandler (ObjectStoreHandler.java:close(155)) - Closing ObjectStoreHandler.
2019-07-13 20:37:35,217 INFO  datanode.ObjectStoreHandler (ObjectStoreHandler.java:close(155)) - Closing ObjectStoreHandler.
2019-07-13 20:37:35,217 INFO  ozone.HddsDatanodeService (HddsDatanodeService.java:stop(452)) - Stopped plug-in org.apache.hadoop.ozone.web.OzoneHddsDatanodeService@59df8444
2019-07-13 20:37:35,218 INFO  ozone.HddsDatanodeService (HddsDatanodeService.java:stop(452)) - Stopped plug-in org.apache.hadoop.ozone.web.OzoneHddsDatanodeService@1b32aaca
2019-07-13 20:37:35,991 INFO  statemachine.DatanodeStateMachine (DatanodeStateMachine.java:lambda$startDaemon$0(350)) - Ozone container server started.
2019-07-13 20:37:36,094 INFO  statemachine.DatanodeStateMachine (DatanodeStateMachine.java:lambda$startDaemon$0(350)) - Ozone container server started.
2019-07-13 20:37:39,992 INFO  node.StaleNodeHandler (StaleNodeHandler.java:onMessage(58)) - Datanode 5f3a79b9-cbc4-4548-98b3-fb34771e4c89{ip: 192.168.5.168, host: trunk-nightly-6qp7m-2461138711, networkLocation: /default-rack, certSerialId: null} moved to stale state. Finalizing its pipelines [PipelineID=3e0671dc-f1d2-4cc3-b305-5e2758fe06c2, PipelineID=c9638744-3e05-47bb-be98-8eaa6d0e94f2]
2019-07-13 20:37:39,993 INFO  pipeline.SCMPipelineManager (SCMPipelineManager.java:finalizeAndDestroyPipeline(309)) - destroying pipeline:Pipeline[ Id: 3e0671dc-f1d2-4cc3-b305-5e2758fe06c2, Nodes: 82b47179-ae1c-4828-8266-167abf0010c1{ip: 192.168.5.168, host: trunk-nightly-6qp7m-2461138711, networkLocation: /default-rack, certSerialId: null}bdfd8e89-8012-4ce1-987e-8446dc669c65{ip: 192.168.5.168, host: trunk-nightly-6qp7m-2461138711, networkLocation: /default-rack, certSerialId: null}5f3a79b9-cbc4-4548-98b3-fb34771e4c89{ip: 192.168.5.168, host: trunk-nightly-6qp7m-2461138711, networkLocation: /default-rack, certSerialId: null}, Type:RATIS, Factor:THREE, State:OPEN]
2019-07-13 20:37:39,993 INFO  pipeline.PipelineStateManager (PipelineStateManager.java:finalizePipeline(123)) - Pipeline Pipeline[ Id: 3e0671dc-f1d2-4cc3-b305-5e2758fe06c2, Nodes: 82b47179-ae1c-4828-8266-167abf0010c1{ip: 192.168.5.168, host: trunk-nightly-6qp7m-2461138711, networkLocation: /default-rack, certSerialId: null}bdfd8e89-8012-4ce1-987e-8446dc669c65{ip: 192.168.5.168, host: trunk-nightly-6qp7m-2461138711, networkLocation: /default-rack, certSerialId: null}5f3a79b9-cbc4-4548-98b3-fb34771e4c89{ip: 192.168.5.168, host: trunk-nightly-6qp7m-2461138711, networkLocation: /default-rack, certSerialId: null}, Type:RATIS, Factor:THREE, State:CLOSED] moved to CLOSED state
2019-07-13 20:37:39,993 INFO  pipeline.SCMPipelineManager (SCMPipelineManager.java:finalizeAndDestroyPipeline(309)) - destroying pipeline:Pipeline[ Id: c9638744-3e05-47bb-be98-8eaa6d0e94f2, Nodes: 5f3a79b9-cbc4-4548-98b3-fb34771e4c89{ip: 192.168.5.168, host: trunk-nightly-6qp7m-2461138711, networkLocation: /default-rack, certSerialId: null}, Type:RATIS, Factor:ONE, State:OPEN]
2019-07-13 20:37:39,993 INFO  pipeline.PipelineStateManager (PipelineStateManager.java:finalizePipeline(123)) - Pipeline Pipeline[ Id: c9638744-3e05-47bb-be98-8eaa6d0e94f2, Nodes: 5f3a79b9-cbc4-4548-98b3-fb34771e4c89{ip: 192.168.5.168, host: trunk-nightly-6qp7m-2461138711, networkLocation: /default-rack, certSerialId: null}, Type:RATIS, Factor:ONE, State:CLOSED] moved to CLOSED state
2019-07-13 20:37:40,193 INFO  node.StaleNodeHandler (StaleNodeHandler.java:onMessage(58)) - Datanode b75b127d-5cec-4fc5-8ee8-f57a3a9e36d1{ip: 192.168.5.168, host: trunk-nightly-6qp7m-2461138711, networkLocation: /default-rack, certSerialId: null} moved to stale state. Finalizing its pipelines [PipelineID=e1488b53-fab3-4538-b4ef-66c7026b87f1, PipelineID=151d9154-96cb-4cb6-9f5e-b39c3edf44b2]
2019-07-13 20:37:40,193 INFO  pipeline.SCMPipelineManager (SCMPipelineManager.java:finalizeAndDestroyPipeline(309)) - destroying pipeline:Pipeline[ Id: e1488b53-fab3-4538-b4ef-66c7026b87f1, Nodes: b75b127d-5cec-4fc5-8ee8-f57a3a9e36d1{ip: 192.168.5.168, host: trunk-nightly-6qp7m-2461138711, networkLocation: /default-rack, certSerialId: null}, Type:RATIS, Factor:ONE, State:OPEN]
2019-07-13 20:37:40,193 INFO  pipeline.PipelineStateManager (PipelineStateManager.java:finalizePipeline(123)) - Pipeline Pipeline[ Id: e1488b53-fab3-4538-b4ef-66c7026b87f1, Nodes: b75b127d-5cec-4fc5-8ee8-f57a3a9e36d1{ip: 192.168.5.168, host: trunk-nightly-6qp7m-2461138711, networkLocation: /default-rack, certSerialId: null}, Type:RATIS, Factor:ONE, State:CLOSED] moved to CLOSED state
2019-07-13 20:37:40,193 INFO  pipeline.SCMPipelineManager (SCMPipelineManager.java:finalizeAndDestroyPipeline(309)) - destroying pipeline:Pipeline[ Id: 151d9154-96cb-4cb6-9f5e-b39c3edf44b2, Nodes: b75b127d-5cec-4fc5-8ee8-f57a3a9e36d1{ip: 192.168.5.168, host: trunk-nightly-6qp7m-2461138711, networkLocation: /default-rack, certSerialId: null}d96a1763-cd6d-4bf5-9130-827c7273c33d{ip: 192.168.5.168, host: trunk-nightly-6qp7m-2461138711, networkLocation: /default-rack, certSerialId: null}1c78e758-fb4e-4394-b5b7-5dfaecdfbdb6{ip: 192.168.5.168, host: trunk-nightly-6qp7m-2461138711, networkLocation: /default-rack, certSerialId: null}, Type:RATIS, Factor:THREE, State:OPEN]
2019-07-13 20:37:40,193 INFO  pipeline.PipelineStateManager (PipelineStateManager.java:finalizePipeline(123)) - Pipeline Pipeline[ Id: 151d9154-96cb-4cb6-9f5e-b39c3edf44b2, Nodes: b75b127d-5cec-4fc5-8ee8-f57a3a9e36d1{ip: 192.168.5.168, host: trunk-nightly-6qp7m-2461138711, networkLocation: /default-rack, certSerialId: null}d96a1763-cd6d-4bf5-9130-827c7273c33d{ip: 192.168.5.168, host: trunk-nightly-6qp7m-2461138711, networkLocation: /default-rack, certSerialId: null}1c78e758-fb4e-4394-b5b7-5dfaecdfbdb6{ip: 192.168.5.168, host: trunk-nightly-6qp7m-2461138711, networkLocation: /default-rack, certSerialId: null}, Type:RATIS, Factor:THREE, State:CLOSED] moved to CLOSED state
2019-07-13 20:37:40,193 INFO  container.CloseContainerEventHandler (CloseContainerEventHandler.java:onMessage(61)) - Close container Event triggered for container : #2
2019-07-13 20:37:40,218 INFO  ozoneimpl.OzoneContainer (OzoneContainer.java:stop(199)) - Attempting to stop container services.
2019-07-13 20:37:40,219 INFO  ozoneimpl.OzoneContainer (OzoneContainer.java:stop(199)) - Attempting to stop container services.
2019-07-13 20:37:40,219 INFO  impl.RaftServerProxy (RaftServerProxy.java:lambda$close$4(314)) - 5f3a79b9-cbc4-4548-98b3-fb34771e4c89: close
2019-07-13 20:37:40,219 INFO  impl.RaftServerProxy (RaftServerProxy.java:lambda$close$4(314)) - b75b127d-5cec-4fc5-8ee8-f57a3a9e36d1: close
2019-07-13 20:37:40,219 INFO  impl.RaftServerImpl (RaftServerImpl.java:lambda$shutdown$3(245)) - 5f3a79b9-cbc4-4548-98b3-fb34771e4c89: shutdown group-5E2758FE06C2
2019-07-13 20:37:40,220 INFO  impl.RaftServerImpl (RaftServerImpl.java:lambda$shutdown$3(245)) - b75b127d-5cec-4fc5-8ee8-f57a3a9e36d1: shutdown group-66C7026B87F1
2019-07-13 20:37:40,220 INFO  util.JmxRegister (JmxRegister.java:unregister(73)) - Successfully un-registered JMX Bean with object name Ratis:service=RaftServer,group=group-5E2758FE06C2,id=5f3a79b9-cbc4-4548-98b3-fb34771e4c89
2019-07-13 20:37:40,220 INFO  util.JmxRegister (JmxRegister.java:unregister(73)) - Successfully un-registered JMX Bean with object name Ratis:service=RaftServer,group=group-66C7026B87F1,id=b75b127d-5cec-4fc5-8ee8-f57a3a9e36d1
2019-07-13 20:37:40,221 INFO  impl.RoleInfo (RoleInfo.java:shutdownFollowerState(121)) - 5f3a79b9-cbc4-4548-98b3-fb34771e4c89: shutdown FollowerState
2019-07-13 20:37:40,222 INFO  impl.StateMachineUpdater (StateMachineUpdater.java:stopAndJoin(115)) - StateMachineUpdater:5f3a79b9-cbc4-4548-98b3-fb34771e4c89:group-5E2758FE06C2: set stopIndex = 8
2019-07-13 20:37:40,221 INFO  impl.RoleInfo (RoleInfo.java:shutdownLeaderState(104)) - b75b127d-5cec-4fc5-8ee8-f57a3a9e36d1: shutdown LeaderState
2019-07-13 20:37:40,222 INFO  impl.FollowerState (FollowerState.java:run(114)) - 5f3a79b9-cbc4-4548-98b3-fb34771e4c89: FollowerState was interrupted: java.lang.InterruptedException: sleep interrupted
2019-07-13 20:37:40,222 INFO  ratis.ContainerStateMachine (ContainerStateMachine.java:takeSnapshot(246)) - Taking snapshot at termIndex:(t:1, i:7)
2019-07-13 20:37:40,235 INFO  ratis.ContainerStateMachine (ContainerStateMachine.java:takeSnapshot(250)) - Taking a snapshot to file /tmp/workdir/hadoop-ozone/integration-test/target/test-dir/MiniOzoneClusterImpl-beb3fd2f-7e95-4f96-8d8e-fa3147c0110a/datanode-4/data/ratis/3e0671dc-f1d2-4cc3-b305-5e2758fe06c2/sm/snapshot.1_7
2019-07-13 20:37:40,222 INFO  impl.PendingRequests (PendingRequests.java:sendNotLeaderResponses(202)) - b75b127d-5cec-4fc5-8ee8-f57a3a9e36d1-PendingRequests: sendNotLeaderResponses
2019-07-13 20:37:40,236 INFO  impl.StateMachineUpdater (StateMachineUpdater.java:stopAndJoin(115)) - StateMachineUpdater:b75b127d-5cec-4fc5-8ee8-f57a3a9e36d1:group-66C7026B87F1: set stopIndex = 0
2019-07-13 20:37:40,236 INFO  ratis.ContainerStateMachine (ContainerStateMachine.java:takeSnapshot(246)) - Taking snapshot at termIndex:(t:0, i:~)
2019-07-13 20:37:40,237 INFO  impl.RaftServerImpl (ServerState.java:close(394)) - b75b127d-5cec-4fc5-8ee8-f57a3a9e36d1:group-66C7026B87F1 closes. The last applied log index is 0
2019-07-13 20:37:40,237 INFO  segmented.SegmentedRaftLogWorker (SegmentedRaftLogWorker.java:run(313)) - b75b127d-5cec-4fc5-8ee8-f57a3a9e36d1-SegmentedRaftLogWorker:Storage Directory /tmp/workdir/hadoop-ozone/integration-test/target/test-dir/MiniOzoneClusterImpl-beb3fd2f-7e95-4f96-8d8e-fa3147c0110a/datanode-1/data/ratis/e1488b53-fab3-4538-b4ef-66c7026b87f1 was interrupted, exiting. There are 0 tasks remaining in the queue.
2019-07-13 20:37:40,247 INFO  impl.StateMachineUpdater (StateMachineUpdater.java:takeSnapshot(242)) - StateMachineUpdater:5f3a79b9-cbc4-4548-98b3-fb34771e4c89:group-5E2758FE06C2: Took a snapshot at index 7
2019-07-13 20:37:40,247 INFO  segmented.SegmentedRaftLogWorker (SegmentedRaftLogWorker.java:close(228)) - b75b127d-5cec-4fc5-8ee8-f57a3a9e36d1-SegmentedRaftLogWorker:Storage Directory /tmp/workdir/hadoop-ozone/integration-test/target/test-dir/MiniOzoneClusterImpl-beb3fd2f-7e95-4f96-8d8e-fa3147c0110a/datanode-1/data/ratis/e1488b53-fab3-4538-b4ef-66c7026b87f1 close()
2019-07-13 20:37:40,247 INFO  impl.StateMachineUpdater (StateMachineUpdater.java:lambda$new$0(80)) - StateMachineUpdater:5f3a79b9-cbc4-4548-98b3-fb34771e4c89:group-5E2758FE06C2: snapshotIndex: updateIncreasingly -1 -> 7
2019-07-13 20:37:40,252 INFO  impl.RaftServerImpl (RaftServerImpl.java:lambda$shutdown$3(245)) - b75b127d-5cec-4fc5-8ee8-f57a3a9e36d1: shutdown group-B39C3EDF44B2
2019-07-13 20:37:40,253 INFO  impl.RaftServerImpl (ServerState.java:close(394)) - 5f3a79b9-cbc4-4548-98b3-fb34771e4c89:group-5E2758FE06C2 closes. The last applied log index is 8
2019-07-13 20:37:40,253 INFO  util.JmxRegister (JmxRegister.java:unregister(73)) - Successfully un-registered JMX Bean with object name Ratis:service=RaftServer,group=group-B39C3EDF44B2,id=b75b127d-5cec-4fc5-8ee8-f57a3a9e36d1
2019-07-13 20:37:40,254 INFO  segmented.SegmentedRaftLogWorker (SegmentedRaftLogWorker.java:run(313)) - 5f3a79b9-cbc4-4548-98b3-fb34771e4c89-SegmentedRaftLogWorker:Storage Directory /tmp/workdir/hadoop-ozone/integration-test/target/test-dir/MiniOzoneClusterImpl-beb3fd2f-7e95-4f96-8d8e-fa3147c0110a/datanode-4/data/ratis/3e0671dc-f1d2-4cc3-b305-5e2758fe06c2 was interrupted, exiting. There are 0 tasks remaining in the queue.
2019-07-13 20:37:40,254 INFO  impl.RoleInfo (RoleInfo.java:shutdownFollowerState(121)) - b75b127d-5cec-4fc5-8ee8-f57a3a9e36d1: shutdown FollowerState
2019-07-13 20:37:40,256 INFO  segmented.SegmentedRaftLogWorker (SegmentedRaftLogWorker.java:close(228)) - 5f3a79b9-cbc4-4548-98b3-fb34771e4c89-SegmentedRaftLogWorker:Storage Directory /tmp/workdir/hadoop-ozone/integration-test/target/test-dir/MiniOzoneClusterImpl-beb3fd2f-7e95-4f96-8d8e-fa3147c0110a/datanode-4/data/ratis/3e0671dc-f1d2-4cc3-b305-5e2758fe06c2 close()
2019-07-13 20:37:40,257 INFO  impl.FollowerState (FollowerState.java:run(114)) - b75b127d-5cec-4fc5-8ee8-f57a3a9e36d1: FollowerState was interrupted: java.lang.InterruptedException: sleep interrupted
2019-07-13 20:37:40,257 INFO  ratis.ContainerStateMachine (ContainerStateMachine.java:takeSnapshot(246)) - Taking snapshot at termIndex:(t:1, i:4)
2019-07-13 20:37:40,264 INFO  ratis.ContainerStateMachine (ContainerStateMachine.java:takeSnapshot(250)) - Taking a snapshot to file /tmp/workdir/hadoop-ozone/integration-test/target/test-dir/MiniOzoneClusterImpl-beb3fd2f-7e95-4f96-8d8e-fa3147c0110a/datanode-1/data/ratis/151d9154-96cb-4cb6-9f5e-b39c3edf44b2/sm/snapshot.1_4
2019-07-13 20:37:40,257 INFO  impl.StateMachineUpdater (StateMachineUpdater.java:stopAndJoin(115)) - StateMachineUpdater:b75b127d-5cec-4fc5-8ee8-f57a3a9e36d1:group-B39C3EDF44B2: set stopIndex = 6
2019-07-13 20:37:40,265 INFO  impl.StateMachineUpdater (StateMachineUpdater.java:takeSnapshot(242)) - StateMachineUpdater:b75b127d-5cec-4fc5-8ee8-f57a3a9e36d1:group-B39C3EDF44B2: Took a snapshot at index 4
2019-07-13 20:37:40,265 INFO  impl.StateMachineUpdater (StateMachineUpdater.java:lambda$new$0(80)) - StateMachineUpdater:b75b127d-5cec-4fc5-8ee8-f57a3a9e36d1:group-B39C3EDF44B2: snapshotIndex: updateIncreasingly -1 -> 4
2019-07-13 20:37:40,262 INFO  impl.RaftServerImpl (RaftServerImpl.java:lambda$shutdown$3(245)) - 5f3a79b9-cbc4-4548-98b3-fb34771e4c89: shutdown group-8EAA6D0E94F2
2019-07-13 20:37:40,265 INFO  impl.RaftServerImpl (ServerState.java:close(394)) - b75b127d-5cec-4fc5-8ee8-f57a3a9e36d1:group-B39C3EDF44B2 closes. The last applied log index is 6
2019-07-13 20:37:40,265 INFO  util.JmxRegister (JmxRegister.java:unregister(73)) - Successfully un-registered JMX Bean with object name Ratis:service=RaftServer,group=group-8EAA6D0E94F2,id=5f3a79b9-cbc4-4548-98b3-fb34771e4c89
2019-07-13 20:37:40,266 INFO  segmented.SegmentedRaftLogWorker (SegmentedRaftLogWorker.java:run(313)) - b75b127d-5cec-4fc5-8ee8-f57a3a9e36d1-SegmentedRaftLogWorker:Storage Directory /tmp/workdir/hadoop-ozone/integration-test/target/test-dir/MiniOzoneClusterImpl-beb3fd2f-7e95-4f96-8d8e-fa3147c0110a/datanode-1/data/ratis/151d9154-96cb-4cb6-9f5e-b39c3edf44b2 was interrupted, exiting. There are 0 tasks remaining in the queue.
2019-07-13 20:37:40,266 INFO  impl.RoleInfo (RoleInfo.java:shutdownLeaderState(104)) - 5f3a79b9-cbc4-4548-98b3-fb34771e4c89: shutdown LeaderState
2019-07-13 20:37:40,269 INFO  segmented.SegmentedRaftLogWorker (SegmentedRaftLogWorker.java:close(228)) - b75b127d-5cec-4fc5-8ee8-f57a3a9e36d1-SegmentedRaftLogWorker:Storage Directory /tmp/workdir/hadoop-ozone/integration-test/target/test-dir/MiniOzoneClusterImpl-beb3fd2f-7e95-4f96-8d8e-fa3147c0110a/datanode-1/data/ratis/151d9154-96cb-4cb6-9f5e-b39c3edf44b2 close()
2019-07-13 20:37:40,269 INFO  impl.PendingRequests (PendingRequests.java:sendNotLeaderResponses(202)) - 5f3a79b9-cbc4-4548-98b3-fb34771e4c89-PendingRequests: sendNotLeaderResponses
2019-07-13 20:37:40,274 INFO  server.GrpcService (GrpcService.java:closeImpl(155)) - b75b127d-5cec-4fc5-8ee8-f57a3a9e36d1: shutdown server with port 33283 now
2019-07-13 20:37:40,274 INFO  ratis.ContainerStateMachine (ContainerStateMachine.java:takeSnapshot(246)) - Taking snapshot at termIndex:(t:0, i:~)
2019-07-13 20:37:40,274 INFO  impl.StateMachineUpdater (StateMachineUpdater.java:stopAndJoin(115)) - StateMachineUpdater:5f3a79b9-cbc4-4548-98b3-fb34771e4c89:group-8EAA6D0E94F2: set stopIndex = 0
2019-07-13 20:37:40,275 INFO  impl.RaftServerImpl (ServerState.java:close(394)) - 5f3a79b9-cbc4-4548-98b3-fb34771e4c89:group-8EAA6D0E94F2 closes. The last applied log index is 0
2019-07-13 20:37:40,275 INFO  segmented.SegmentedRaftLogWorker (SegmentedRaftLogWorker.java:run(313)) - 5f3a79b9-cbc4-4548-98b3-fb34771e4c89-SegmentedRaftLogWorker:Storage Directory /tmp/workdir/hadoop-ozone/integration-test/target/test-dir/MiniOzoneClusterImpl-beb3fd2f-7e95-4f96-8d8e-fa3147c0110a/datanode-4/data/ratis/c9638744-3e05-47bb-be98-8eaa6d0e94f2 was interrupted, exiting. There are 0 tasks remaining in the queue.
2019-07-13 20:37:40,278 WARN  server.GrpcServerProtocolService (LogUtils.java:warn(134)) - b75b127d-5cec-4fc5-8ee8-f57a3a9e36d1: appendEntries onError: org.apache.ratis.thirdparty.io.grpc.StatusRuntimeException: CANCELLED: cancelled before receiving half close
2019-07-13 20:37:40,279 INFO  server.GrpcService (GrpcService.java:closeImpl(163)) - b75b127d-5cec-4fc5-8ee8-f57a3a9e36d1: shutdown server with port 33283 successfully
2019-07-13 20:37:40,278 INFO  segmented.SegmentedRaftLogWorker (SegmentedRaftLogWorker.java:close(228)) - 5f3a79b9-cbc4-4548-98b3-fb34771e4c89-SegmentedRaftLogWorker:Storage Directory /tmp/workdir/hadoop-ozone/integration-test/target/test-dir/MiniOzoneClusterImpl-beb3fd2f-7e95-4f96-8d8e-fa3147c0110a/datanode-4/data/ratis/c9638744-3e05-47bb-be98-8eaa6d0e94f2 close()
2019-07-13 20:37:40,279 WARN  server.GrpcLogAppender (LogUtils.java:warn(134)) - 1c78e758-fb4e-4394-b5b7-5dfaecdfbdb6->b75b127d-5cec-4fc5-8ee8-f57a3a9e36d1: Failed appendEntries: org.apache.ratis.thirdparty.io.grpc.StatusRuntimeException: CANCELLED: HTTP/2 error code: CANCEL
Received Rst Stream
2019-07-13 20:37:40,284 INFO  server.GrpcService (GrpcService.java:closeImpl(155)) - 5f3a79b9-cbc4-4548-98b3-fb34771e4c89: shutdown server with port 44101 now
2019-07-13 20:37:40,285 INFO  utils.BackgroundService (BackgroundService.java:shutdown(148)) - Shutting down service BlockDeletingService
2019-07-13 20:37:40,285 INFO  impl.FollowerInfo (FollowerInfo.java:lambda$new$0(50)) - 1c78e758-fb4e-4394-b5b7-5dfaecdfbdb6->b75b127d-5cec-4fc5-8ee8-f57a3a9e36d1: nextIndex: updateUnconditionally 7 -> 6
2019-07-13 20:37:40,286 WARN  server.GrpcServerProtocolService (LogUtils.java:warn(134)) - 5f3a79b9-cbc4-4548-98b3-fb34771e4c89: appendEntries onError: org.apache.ratis.thirdparty.io.grpc.StatusRuntimeException: CANCELLED: cancelled before receiving half close
2019-07-13 20:37:40,286 INFO  server.GrpcService (GrpcService.java:closeImpl(163)) - 5f3a79b9-cbc4-4548-98b3-fb34771e4c89: shutdown server with port 44101 successfully
2019-07-13 20:37:40,287 WARN  server.GrpcLogAppender (LogUtils.java:warn(134)) - 82b47179-ae1c-4828-8266-167abf0010c1->5f3a79b9-cbc4-4548-98b3-fb34771e4c89: Failed appendEntries: org.apache.ratis.thirdparty.io.grpc.StatusRuntimeException: CANCELLED: HTTP/2 error code: CANCEL
Received Rst Stream
2019-07-13 20:37:40,287 WARN  fs.CachingGetSpaceUsed (CachingGetSpaceUsed.java:run(183)) - Thread Interrupted waiting to refresh disk information: sleep interrupted
2019-07-13 20:37:40,287 INFO  impl.FollowerInfo (FollowerInfo.java:lambda$new$0(50)) - 82b47179-ae1c-4828-8266-167abf0010c1->5f3a79b9-cbc4-4548-98b3-fb34771e4c89: nextIndex: updateUnconditionally 9 -> 8
2019-07-13 20:37:40,290 INFO  utils.BackgroundService (BackgroundService.java:shutdown(148)) - Shutting down service BlockDeletingService
2019-07-13 20:37:40,294 WARN  fs.CachingGetSpaceUsed (CachingGetSpaceUsed.java:run(183)) - Thread Interrupted waiting to refresh disk information: sleep interrupted
2019-07-13 20:37:40,317 INFO  statemachine.DatanodeStateMachine (DatanodeStateMachine.java:stopDaemon(395)) - Ozone container server stopped.
2019-07-13 20:37:40,320 INFO  statemachine.DatanodeStateMachine (DatanodeStateMachine.java:stopDaemon(395)) - Ozone container server stopped.
2019-07-13 20:37:40,345 INFO  handler.ContextHandler (ContextHandler.java:doStop(910)) - Stopped o.e.j.w.WebAppContext@5a564a61{/,null,UNAVAILABLE}{/hddsDatanode}
2019-07-13 20:37:40,347 INFO  handler.ContextHandler (ContextHandler.java:doStop(910)) - Stopped o.e.j.w.WebAppContext@1465914{/,null,UNAVAILABLE}{/hddsDatanode}
2019-07-13 20:37:40,348 INFO  server.AbstractConnector (AbstractConnector.java:doStop(318)) - Stopped ServerConnector@3aee72d8{HTTP/1.1,[http/1.1]}{0.0.0.0:0}
2019-07-13 20:37:40,348 INFO  server.AbstractConnector (AbstractConnector.java:doStop(318)) - Stopped ServerConnector@3a7deba5{HTTP/1.1,[http/1.1]}{0.0.0.0:0}
2019-07-13 20:37:40,348 INFO  handler.ContextHandler (ContextHandler.java:doStop(910)) - Stopped o.e.j.s.ServletContextHandler@6354a50a{/static,jar:file:/home/user/.m2/repository/org/apache/hadoop/hadoop-hdds-container-service/0.5.0-SNAPSHOT/hadoop-hdds-container-service-0.5.0-SNAPSHOT.jar!/webapps/static,UNAVAILABLE}
2019-07-13 20:37:40,367 INFO  handler.ContextHandler (ContextHandler.java:doStop(910)) - Stopped o.e.j.s.ServletContextHandler@3ab7b0f{/static,jar:file:/home/user/.m2/repository/org/apache/hadoop/hadoop-hdds-container-service/0.5.0-SNAPSHOT/hadoop-hdds-container-service-0.5.0-SNAPSHOT.jar!/webapps/static,UNAVAILABLE}
2019-07-13 20:37:40,367 INFO  handler.ContextHandler (ContextHandler.java:doStop(910)) - Stopped o.e.j.s.ServletContextHandler@2fc2d1f0{/logs,file:///tmp/workdir/hadoop-ozone/integration-test/target/log,UNAVAILABLE}
2019-07-13 20:37:40,368 INFO  handler.ContextHandler (ContextHandler.java:doStop(910)) - Stopped o.e.j.s.ServletContextHandler@66f15ce5{/logs,file:///tmp/workdir/hadoop-ozone/integration-test/target/log,UNAVAILABLE}
2019-07-13 20:37:40,369 INFO  datanode.ObjectStoreHandler (ObjectStoreHandler.java:close(155)) - Closing ObjectStoreHandler.
2019-07-13 20:37:40,370 INFO  datanode.ObjectStoreHandler (ObjectStoreHandler.java:close(155)) - Closing ObjectStoreHandler.
2019-07-13 20:37:40,370 INFO  ozone.HddsDatanodeService (HddsDatanodeService.java:stop(452)) - Stopped plug-in org.apache.hadoop.ozone.web.OzoneHddsDatanodeService@6b0bcea5
2019-07-13 20:37:40,370 INFO  ozone.HddsDatanodeService (HddsDatanodeService.java:stop(452)) - Stopped plug-in org.apache.hadoop.ozone.web.OzoneHddsDatanodeService@726e780a
2019-07-13 20:37:40,968 INFO  statemachine.DatanodeStateMachine (DatanodeStateMachine.java:lambda$startDaemon$0(350)) - Ozone container server started.
2019-07-13 20:37:41,091 INFO  statemachine.DatanodeStateMachine (DatanodeStateMachine.java:lambda$startDaemon$0(350)) - Ozone container server started.
2019-07-13 20:37:42,419 WARN  server.GrpcLogAppender (LogUtils.java:warn(134)) - 82b47179-ae1c-4828-8266-167abf0010c1->5f3a79b9-cbc4-4548-98b3-fb34771e4c89: Failed appendEntries: org.apache.ratis.thirdparty.io.grpc.StatusRuntimeException: UNAVAILABLE: io exception
2019-07-13 20:37:42,420 INFO  impl.FollowerInfo (FollowerInfo.java:lambda$new$0(50)) - 82b47179-ae1c-4828-8266-167abf0010c1->5f3a79b9-cbc4-4548-98b3-fb34771e4c89: nextIndex: updateUnconditionally 8 -> 7
2019-07-13 20:37:42,627 WARN  server.GrpcLogAppender (LogUtils.java:warn(134)) - 1c78e758-fb4e-4394-b5b7-5dfaecdfbdb6->b75b127d-5cec-4fc5-8ee8-f57a3a9e36d1: Failed appendEntries: org.apache.ratis.thirdparty.io.grpc.StatusRuntimeException: UNAVAILABLE: io exception
2019-07-13 20:37:42,628 INFO  impl.FollowerInfo (FollowerInfo.java:lambda$new$0(50)) - 1c78e758-fb4e-4394-b5b7-5dfaecdfbdb6->b75b127d-5cec-4fc5-8ee8-f57a3a9e36d1: nextIndex: updateUnconditionally 6 -> 5
2019-07-13 20:37:44,919 WARN  server.GrpcLogAppender (LogUtils.java:warn(134)) - 82b47179-ae1c-4828-8266-167abf0010c1->5f3a79b9-cbc4-4548-98b3-fb34771e4c89: Failed appendEntries: org.apache.ratis.thirdparty.io.grpc.StatusRuntimeException: UNAVAILABLE: io exception
2019-07-13 20:37:44,919 INFO  impl.FollowerInfo (FollowerInfo.java:lambda$new$0(50)) - 82b47179-ae1c-4828-8266-167abf0010c1->5f3a79b9-cbc4-4548-98b3-fb34771e4c89: nextIndex: updateUnconditionally 7 -> 6
2019-07-13 20:37:45,001 INFO  node.StaleNodeHandler (StaleNodeHandler.java:onMessage(58)) - Datanode 82b47179-ae1c-4828-8266-167abf0010c1{ip: 192.168.5.168, host: trunk-nightly-6qp7m-2461138711, networkLocation: /default-rack, certSerialId: null} moved to stale state. Finalizing its pipelines [PipelineID=3e0671dc-f1d2-4cc3-b305-5e2758fe06c2, PipelineID=6c97e019-1b67-4e9b-83a4-2d1108f8f275]
2019-07-13 20:37:45,001 INFO  pipeline.SCMPipelineManager (SCMPipelineManager.java:finalizeAndDestroyPipeline(309)) - destroying pipeline:Pipeline[ Id: 3e0671dc-f1d2-4cc3-b305-5e2758fe06c2, Nodes: 82b47179-ae1c-4828-8266-167abf0010c1{ip: 192.168.5.168, host: trunk-nightly-6qp7m-2461138711, networkLocation: /default-rack, certSerialId: null}bdfd8e89-8012-4ce1-987e-8446dc669c65{ip: 192.168.5.168, host: trunk-nightly-6qp7m-2461138711, networkLocation: /default-rack, certSerialId: null}5f3a79b9-cbc4-4548-98b3-fb34771e4c89{ip: 192.168.5.168, host: trunk-nightly-6qp7m-2461138711, networkLocation: /default-rack, certSerialId: null}, Type:RATIS, Factor:THREE, State:CLOSED]
2019-07-13 20:37:45,002 INFO  pipeline.SCMPipelineManager (SCMPipelineManager.java:finalizeAndDestroyPipeline(309)) - destroying pipeline:Pipeline[ Id: 6c97e019-1b67-4e9b-83a4-2d1108f8f275, Nodes: 82b47179-ae1c-4828-8266-167abf0010c1{ip: 192.168.5.168, host: trunk-nightly-6qp7m-2461138711, networkLocation: /default-rack, certSerialId: null}, Type:RATIS, Factor:ONE, State:OPEN]
2019-07-13 20:37:45,002 INFO  pipeline.PipelineStateManager (PipelineStateManager.java:finalizePipeline(123)) - Pipeline Pipeline[ Id: 6c97e019-1b67-4e9b-83a4-2d1108f8f275, Nodes: 82b47179-ae1c-4828-8266-167abf0010c1{ip: 192.168.5.168, host: trunk-nightly-6qp7m-2461138711, networkLocation: /default-rack, certSerialId: null}, Type:RATIS, Factor:ONE, State:CLOSED] moved to CLOSED state
2019-07-13 20:37:45,101 INFO  node.StaleNodeHandler (StaleNodeHandler.java:onMessage(58)) - Datanode 1c78e758-fb4e-4394-b5b7-5dfaecdfbdb6{ip: 192.168.5.168, host: trunk-nightly-6qp7m-2461138711, networkLocation: /default-rack, certSerialId: null} moved to stale state. Finalizing its pipelines [PipelineID=f60268c2-920f-4977-8b4f-237b98f89251, PipelineID=151d9154-96cb-4cb6-9f5e-b39c3edf44b2]
2019-07-13 20:37:45,101 INFO  pipeline.SCMPipelineManager (SCMPipelineManager.java:finalizeAndDestroyPipeline(309)) - destroying pipeline:Pipeline[ Id: f60268c2-920f-4977-8b4f-237b98f89251, Nodes: 1c78e758-fb4e-4394-b5b7-5dfaecdfbdb6{ip: 192.168.5.168, host: trunk-nightly-6qp7m-2461138711, networkLocation: /default-rack, certSerialId: null}, Type:RATIS, Factor:ONE, State:OPEN]
2019-07-13 20:37:45,101 INFO  pipeline.PipelineStateManager (PipelineStateManager.java:finalizePipeline(123)) - Pipeline Pipeline[ Id: f60268c2-920f-4977-8b4f-237b98f89251, Nodes: 1c78e758-fb4e-4394-b5b7-5dfaecdfbdb6{ip: 192.168.5.168, host: trunk-nightly-6qp7m-2461138711, networkLocation: /default-rack, certSerialId: null}, Type:RATIS, Factor:ONE, State:CLOSED] moved to CLOSED state
2019-07-13 20:37:45,102 INFO  pipeline.SCMPipelineManager (SCMPipelineManager.java:finalizeAndDestroyPipeline(309)) - destroying pipeline:Pipeline[ Id: 151d9154-96cb-4cb6-9f5e-b39c3edf44b2, Nodes: b75b127d-5cec-4fc5-8ee8-f57a3a9e36d1{ip: 192.168.5.168, host: trunk-nightly-6qp7m-2461138711, networkLocation: /default-rack, certSerialId: null}d96a1763-cd6d-4bf5-9130-827c7273c33d{ip: 192.168.5.168, host: trunk-nightly-6qp7m-2461138711, networkLocation: /default-rack, certSerialId: null}1c78e758-fb4e-4394-b5b7-5dfaecdfbdb6{ip: 192.168.5.168, host: trunk-nightly-6qp7m-2461138711, networkLocation: /default-rack, certSerialId: null}, Type:RATIS, Factor:THREE, State:CLOSED]
2019-07-13 20:37:45,128 WARN  server.GrpcLogAppender (LogUtils.java:warn(134)) - 1c78e758-fb4e-4394-b5b7-5dfaecdfbdb6->b75b127d-5cec-4fc5-8ee8-f57a3a9e36d1: Failed appendEntries: org.apache.ratis.thirdparty.io.grpc.StatusRuntimeException: UNAVAILABLE: io exception
2019-07-13 20:37:45,128 INFO  impl.FollowerInfo (FollowerInfo.java:lambda$new$0(50)) - 1c78e758-fb4e-4394-b5b7-5dfaecdfbdb6->b75b127d-5cec-4fc5-8ee8-f57a3a9e36d1: nextIndex: updateUnconditionally 5 -> 4
2019-07-13 20:37:45,371 INFO  ozoneimpl.OzoneContainer (OzoneContainer.java:stop(199)) - Attempting to stop container services.
2019-07-13 20:37:45,371 INFO  ozoneimpl.OzoneContainer (OzoneContainer.java:stop(199)) - Attempting to stop container services.
2019-07-13 20:37:45,372 INFO  impl.RaftServerProxy (RaftServerProxy.java:lambda$close$4(314)) - 82b47179-ae1c-4828-8266-167abf0010c1: close
2019-07-13 20:37:45,372 INFO  impl.RaftServerProxy (RaftServerProxy.java:lambda$close$4(314)) - 1c78e758-fb4e-4394-b5b7-5dfaecdfbdb6: close
2019-07-13 20:37:45,372 INFO  impl.RaftServerImpl (RaftServerImpl.java:lambda$shutdown$3(245)) - 82b47179-ae1c-4828-8266-167abf0010c1: shutdown group-5E2758FE06C2
2019-07-13 20:37:45,372 INFO  impl.RaftServerImpl (RaftServerImpl.java:lambda$shutdown$3(245)) - 1c78e758-fb4e-4394-b5b7-5dfaecdfbdb6: shutdown group-237B98F89251
2019-07-13 20:37:45,373 INFO  util.JmxRegister (JmxRegister.java:unregister(73)) - Successfully un-registered JMX Bean with object name Ratis:service=RaftServer,group=group-5E2758FE06C2,id=82b47179-ae1c-4828-8266-167abf0010c1
2019-07-13 20:37:45,374 INFO  impl.RoleInfo (RoleInfo.java:shutdownLeaderState(104)) - 82b47179-ae1c-4828-8266-167abf0010c1: shutdown LeaderState
2019-07-13 20:37:45,373 INFO  util.JmxRegister (JmxRegister.java:unregister(73)) - Successfully un-registered JMX Bean with object name Ratis:service=RaftServer,group=group-237B98F89251,id=1c78e758-fb4e-4394-b5b7-5dfaecdfbdb6
2019-07-13 20:37:45,380 WARN  server.GrpcLogAppender (GrpcLogAppender.java:mayWait(143)) - GrpcLogAppender(82b47179-ae1c-4828-8266-167abf0010c1->5f3a79b9-cbc4-4548-98b3-fb34771e4c89): Wait interrupted by java.lang.InterruptedException
2019-07-13 20:37:45,380 WARN  server.GrpcLogAppender (GrpcLogAppender.java:mayWait(143)) - GrpcLogAppender(82b47179-ae1c-4828-8266-167abf0010c1->bdfd8e89-8012-4ce1-987e-8446dc669c65): Wait interrupted by java.lang.InterruptedException
2019-07-13 20:37:45,380 INFO  impl.PendingRequests (PendingRequests.java:sendNotLeaderResponses(202)) - 82b47179-ae1c-4828-8266-167abf0010c1-PendingRequests: sendNotLeaderResponses
2019-07-13 20:37:45,381 INFO  server.GrpcServerProtocolService (GrpcServerProtocolService.java:onCompleted(104)) - bdfd8e89-8012-4ce1-987e-8446dc669c65: appendEntries completed
2019-07-13 20:37:45,380 INFO  impl.RoleInfo (RoleInfo.java:shutdownLeaderState(104)) - 1c78e758-fb4e-4394-b5b7-5dfaecdfbdb6: shutdown LeaderState
2019-07-13 20:37:45,385 INFO  ratis.ContainerStateMachine (ContainerStateMachine.java:takeSnapshot(246)) - Taking snapshot at termIndex:(t:1, i:8)
2019-07-13 20:37:45,385 INFO  ratis.ContainerStateMachine (ContainerStateMachine.java:takeSnapshot(250)) - Taking a snapshot to file /tmp/workdir/hadoop-ozone/integration-test/target/test-dir/MiniOzoneClusterImpl-beb3fd2f-7e95-4f96-8d8e-fa3147c0110a/datanode-3/data/ratis/3e0671dc-f1d2-4cc3-b305-5e2758fe06c2/sm/snapshot.1_8
2019-07-13 20:37:45,385 INFO  impl.StateMachineUpdater (StateMachineUpdater.java:stopAndJoin(115)) - StateMachineUpdater:82b47179-ae1c-4828-8266-167abf0010c1:group-5E2758FE06C2: set stopIndex = 8
2019-07-13 20:37:45,385 INFO  server.GrpcLogAppender (GrpcLogAppender.java:onCompleted(292)) - 82b47179-ae1c-4828-8266-167abf0010c1->bdfd8e89-8012-4ce1-987e-8446dc669c65: follower responses appendEntries COMPLETED
2019-07-13 20:37:45,385 INFO  impl.PendingRequests (PendingRequests.java:sendNotLeaderResponses(202)) - 1c78e758-fb4e-4394-b5b7-5dfaecdfbdb6-PendingRequests: sendNotLeaderResponses
2019-07-13 20:37:45,386 INFO  impl.FollowerInfo (FollowerInfo.java:lambda$new$0(50)) - 82b47179-ae1c-4828-8266-167abf0010c1->bdfd8e89-8012-4ce1-987e-8446dc669c65: nextIndex: updateUnconditionally 9 -> 8
2019-07-13 20:37:45,387 INFO  ratis.ContainerStateMachine (ContainerStateMachine.java:takeSnapshot(246)) - Taking snapshot at termIndex:(t:0, i:~)
2019-07-13 20:37:45,387 INFO  impl.StateMachineUpdater (StateMachineUpdater.java:stopAndJoin(115)) - StateMachineUpdater:1c78e758-fb4e-4394-b5b7-5dfaecdfbdb6:group-237B98F89251: set stopIndex = 0
2019-07-13 20:37:45,388 INFO  impl.RaftServerImpl (ServerState.java:close(394)) - 1c78e758-fb4e-4394-b5b7-5dfaecdfbdb6:group-237B98F89251 closes. The last applied log index is 0
2019-07-13 20:37:45,388 INFO  segmented.SegmentedRaftLogWorker (SegmentedRaftLogWorker.java:run(313)) - 1c78e758-fb4e-4394-b5b7-5dfaecdfbdb6-SegmentedRaftLogWorker:Storage Directory /tmp/workdir/hadoop-ozone/integration-test/target/test-dir/MiniOzoneClusterImpl-beb3fd2f-7e95-4f96-8d8e-fa3147c0110a/datanode-2/data/ratis/f60268c2-920f-4977-8b4f-237b98f89251 was interrupted, exiting. There are 0 tasks remaining in the queue.
2019-07-13 20:37:45,398 INFO  segmented.SegmentedRaftLogWorker (SegmentedRaftLogWorker.java:close(228)) - 1c78e758-fb4e-4394-b5b7-5dfaecdfbdb6-SegmentedRaftLogWorker:Storage Directory /tmp/workdir/hadoop-ozone/integration-test/target/test-dir/MiniOzoneClusterImpl-beb3fd2f-7e95-4f96-8d8e-fa3147c0110a/datanode-2/data/ratis/f60268c2-920f-4977-8b4f-237b98f89251 close()
2019-07-13 20:37:45,398 INFO  impl.StateMachineUpdater (StateMachineUpdater.java:takeSnapshot(242)) - StateMachineUpdater:82b47179-ae1c-4828-8266-167abf0010c1:group-5E2758FE06C2: Took a snapshot at index 8
2019-07-13 20:37:45,400 INFO  impl.StateMachineUpdater (StateMachineUpdater.java:lambda$new$0(80)) - StateMachineUpdater:82b47179-ae1c-4828-8266-167abf0010c1:group-5E2758FE06C2: snapshotIndex: updateIncreasingly -1 -> 8
2019-07-13 20:37:45,402 INFO  impl.RaftServerImpl (RaftServerImpl.java:lambda$shutdown$3(245)) - 1c78e758-fb4e-4394-b5b7-5dfaecdfbdb6: shutdown group-B39C3EDF44B2
2019-07-13 20:37:45,403 INFO  impl.RaftServerImpl (ServerState.java:close(394)) - 82b47179-ae1c-4828-8266-167abf0010c1:group-5E2758FE06C2 closes. The last applied log index is 8
2019-07-13 20:37:45,403 INFO  util.JmxRegister (JmxRegister.java:unregister(73)) - Successfully un-registered JMX Bean with object name Ratis:service=RaftServer,group=group-B39C3EDF44B2,id=1c78e758-fb4e-4394-b5b7-5dfaecdfbdb6
2019-07-13 20:37:45,403 INFO  impl.RoleInfo (RoleInfo.java:shutdownLeaderState(104)) - 1c78e758-fb4e-4394-b5b7-5dfaecdfbdb6: shutdown LeaderState
2019-07-13 20:37:45,403 INFO  segmented.SegmentedRaftLogWorker (SegmentedRaftLogWorker.java:run(313)) - 82b47179-ae1c-4828-8266-167abf0010c1-SegmentedRaftLogWorker:Storage Directory /tmp/workdir/hadoop-ozone/integration-test/target/test-dir/MiniOzoneClusterImpl-beb3fd2f-7e95-4f96-8d8e-fa3147c0110a/datanode-3/data/ratis/3e0671dc-f1d2-4cc3-b305-5e2758fe06c2 was interrupted, exiting. There are 0 tasks remaining in the queue.
2019-07-13 20:37:45,408 WARN  server.GrpcLogAppender (GrpcLogAppender.java:mayWait(143)) - GrpcLogAppender(1c78e758-fb4e-4394-b5b7-5dfaecdfbdb6->d96a1763-cd6d-4bf5-9130-827c7273c33d): Wait interrupted by java.lang.InterruptedException
2019-07-13 20:37:45,408 INFO  impl.PendingRequests (PendingRequests.java:sendNotLeaderResponses(202)) - 1c78e758-fb4e-4394-b5b7-5dfaecdfbdb6-PendingRequests: sendNotLeaderResponses
2019-07-13 20:37:45,408 WARN  server.GrpcLogAppender (GrpcLogAppender.java:mayWait(143)) - GrpcLogAppender(1c78e758-fb4e-4394-b5b7-5dfaecdfbdb6->b75b127d-5cec-4fc5-8ee8-f57a3a9e36d1): Wait interrupted by java.lang.InterruptedException
2019-07-13 20:37:45,416 INFO  impl.StateMachineUpdater (StateMachineUpdater.java:stopAndJoin(115)) - StateMachineUpdater:1c78e758-fb4e-4394-b5b7-5dfaecdfbdb6:group-B39C3EDF44B2: set stopIndex = 6
2019-07-13 20:37:45,410 INFO  server.GrpcServerProtocolService (GrpcServerProtocolService.java:onCompleted(104)) - d96a1763-cd6d-4bf5-9130-827c7273c33d: appendEntries completed
2019-07-13 20:37:45,410 INFO  segmented.SegmentedRaftLogWorker (SegmentedRaftLogWorker.java:close(228)) - 82b47179-ae1c-4828-8266-167abf0010c1-SegmentedRaftLogWorker:Storage Directory /tmp/workdir/hadoop-ozone/integration-test/target/test-dir/MiniOzoneClusterImpl-beb3fd2f-7e95-4f96-8d8e-fa3147c0110a/datanode-3/data/ratis/3e0671dc-f1d2-4cc3-b305-5e2758fe06c2 close()
2019-07-13 20:37:45,417 INFO  server.GrpcLogAppender (GrpcLogAppender.java:onCompleted(292)) - 1c78e758-fb4e-4394-b5b7-5dfaecdfbdb6->d96a1763-cd6d-4bf5-9130-827c7273c33d: follower responses appendEntries COMPLETED
2019-07-13 20:37:45,416 INFO  ratis.ContainerStateMachine (ContainerStateMachine.java:takeSnapshot(246)) - Taking snapshot at termIndex:(t:1, i:6)
2019-07-13 20:37:45,421 INFO  impl.FollowerInfo (FollowerInfo.java:lambda$new$0(50)) - 1c78e758-fb4e-4394-b5b7-5dfaecdfbdb6->d96a1763-cd6d-4bf5-9130-827c7273c33d: nextIndex: updateUnconditionally 7 -> 6
2019-07-13 20:37:45,421 INFO  impl.RaftServerImpl (RaftServerImpl.java:lambda$shutdown$3(245)) - 82b47179-ae1c-4828-8266-167abf0010c1: shutdown group-2D1108F8F275
2019-07-13 20:37:45,421 INFO  ratis.ContainerStateMachine (ContainerStateMachine.java:takeSnapshot(250)) - Taking a snapshot to file /tmp/workdir/hadoop-ozone/integration-test/target/test-dir/MiniOzoneClusterImpl-beb3fd2f-7e95-4f96-8d8e-fa3147c0110a/datanode-2/data/ratis/151d9154-96cb-4cb6-9f5e-b39c3edf44b2/sm/snapshot.1_6
2019-07-13 20:37:45,422 INFO  util.JmxRegister (JmxRegister.java:unregister(73)) - Successfully un-registered JMX Bean with object name Ratis:service=RaftServer,group=group-2D1108F8F275,id=82b47179-ae1c-4828-8266-167abf0010c1
2019-07-13 20:37:45,422 INFO  impl.StateMachineUpdater (StateMachineUpdater.java:takeSnapshot(242)) - StateMachineUpdater:1c78e758-fb4e-4394-b5b7-5dfaecdfbdb6:group-B39C3EDF44B2: Took a snapshot at index 6
2019-07-13 20:37:45,422 INFO  impl.RoleInfo (RoleInfo.java:shutdownLeaderState(104)) - 82b47179-ae1c-4828-8266-167abf0010c1: shutdown LeaderState
2019-07-13 20:37:45,422 INFO  impl.StateMachineUpdater (StateMachineUpdater.java:lambda$new$0(80)) - StateMachineUpdater:1c78e758-fb4e-4394-b5b7-5dfaecdfbdb6:group-B39C3EDF44B2: snapshotIndex: updateIncreasingly -1 -> 6
2019-07-13 20:37:45,423 INFO  impl.PendingRequests (PendingRequests.java:sendNotLeaderResponses(202)) - 82b47179-ae1c-4828-8266-167abf0010c1-PendingRequests: sendNotLeaderResponses
2019-07-13 20:37:45,423 INFO  impl.RaftServerImpl (ServerState.java:close(394)) - 1c78e758-fb4e-4394-b5b7-5dfaecdfbdb6:group-B39C3EDF44B2 closes. The last applied log index is 6
2019-07-13 20:37:45,424 INFO  ratis.ContainerStateMachine (ContainerStateMachine.java:takeSnapshot(246)) - Taking snapshot at termIndex:(t:0, i:~)
2019-07-13 20:37:45,423 INFO  impl.StateMachineUpdater (StateMachineUpdater.java:stopAndJoin(115)) - StateMachineUpdater:82b47179-ae1c-4828-8266-167abf0010c1:group-2D1108F8F275: set stopIndex = 0
2019-07-13 20:37:45,424 INFO  segmented.SegmentedRaftLogWorker (SegmentedRaftLogWorker.java:run(313)) - 1c78e758-fb4e-4394-b5b7-5dfaecdfbdb6-SegmentedRaftLogWorker:Storage Directory /tmp/workdir/hadoop-ozone/integration-test/target/test-dir/MiniOzoneClusterImpl-beb3fd2f-7e95-4f96-8d8e-fa3147c0110a/datanode-2/data/ratis/151d9154-96cb-4cb6-9f5e-b39c3edf44b2 was interrupted, exiting. There are 0 tasks remaining in the queue.
2019-07-13 20:37:45,424 INFO  impl.RaftServerImpl (ServerState.java:close(394)) - 82b47179-ae1c-4828-8266-167abf0010c1:group-2D1108F8F275 closes. The last applied log index is 0
2019-07-13 20:37:45,427 INFO  segmented.SegmentedRaftLogWorker (SegmentedRaftLogWorker.java:close(228)) - 1c78e758-fb4e-4394-b5b7-5dfaecdfbdb6-SegmentedRaftLogWorker:Storage Directory /tmp/workdir/hadoop-ozone/integration-test/target/test-dir/MiniOzoneClusterImpl-beb3fd2f-7e95-4f96-8d8e-fa3147c0110a/datanode-2/data/ratis/151d9154-96cb-4cb6-9f5e-b39c3edf44b2 close()
2019-07-13 20:37:45,427 INFO  segmented.SegmentedRaftLogWorker (SegmentedRaftLogWorker.java:run(313)) - 82b47179-ae1c-4828-8266-167abf0010c1-SegmentedRaftLogWorker:Storage Directory /tmp/workdir/hadoop-ozone/integration-test/target/test-dir/MiniOzoneClusterImpl-beb3fd2f-7e95-4f96-8d8e-fa3147c0110a/datanode-3/data/ratis/6c97e019-1b67-4e9b-83a4-2d1108f8f275 was interrupted, exiting. There are 0 tasks remaining in the queue.
2019-07-13 20:37:45,438 INFO  server.GrpcService (GrpcService.java:closeImpl(155)) - 1c78e758-fb4e-4394-b5b7-5dfaecdfbdb6: shutdown server with port 37735 now
2019-07-13 20:37:45,440 INFO  segmented.SegmentedRaftLogWorker (SegmentedRaftLogWorker.java:close(228)) - 82b47179-ae1c-4828-8266-167abf0010c1-SegmentedRaftLogWorker:Storage Directory /tmp/workdir/hadoop-ozone/integration-test/target/test-dir/MiniOzoneClusterImpl-beb3fd2f-7e95-4f96-8d8e-fa3147c0110a/datanode-3/data/ratis/6c97e019-1b67-4e9b-83a4-2d1108f8f275 close()
2019-07-13 20:37:45,441 INFO  server.GrpcService (GrpcService.java:closeImpl(163)) - 1c78e758-fb4e-4394-b5b7-5dfaecdfbdb6: shutdown server with port 37735 successfully
2019-07-13 20:37:45,444 INFO  server.GrpcService (GrpcService.java:closeImpl(155)) - 82b47179-ae1c-4828-8266-167abf0010c1: shutdown server with port 43562 now
2019-07-13 20:37:45,445 INFO  server.GrpcService (GrpcService.java:closeImpl(163)) - 82b47179-ae1c-4828-8266-167abf0010c1: shutdown server with port 43562 successfully
2019-07-13 20:37:45,448 INFO  utils.BackgroundService (BackgroundService.java:shutdown(148)) - Shutting down service BlockDeletingService
2019-07-13 20:37:45,450 WARN  fs.CachingGetSpaceUsed (CachingGetSpaceUsed.java:run(183)) - Thread Interrupted waiting to refresh disk information: sleep interrupted
2019-07-13 20:37:45,453 INFO  utils.BackgroundService (BackgroundService.java:shutdown(148)) - Shutting down service BlockDeletingService
2019-07-13 20:37:45,455 WARN  fs.CachingGetSpaceUsed (CachingGetSpaceUsed.java:run(183)) - Thread Interrupted waiting to refresh disk information: sleep interrupted
2019-07-13 20:37:45,473 INFO  statemachine.DatanodeStateMachine (DatanodeStateMachine.java:stopDaemon(395)) - Ozone container server stopped.
2019-07-13 20:37:45,490 INFO  statemachine.DatanodeStateMachine (DatanodeStateMachine.java:stopDaemon(395)) - Ozone container server stopped.
2019-07-13 20:37:45,492 INFO  handler.ContextHandler (ContextHandler.java:doStop(910)) - Stopped o.e.j.w.WebAppContext@712a5de4{/,null,UNAVAILABLE}{/hddsDatanode}
2019-07-13 20:37:45,493 INFO  handler.ContextHandler (ContextHandler.java:doStop(910)) - Stopped o.e.j.w.WebAppContext@78b3f926{/,null,UNAVAILABLE}{/hddsDatanode}
2019-07-13 20:37:45,493 INFO  server.AbstractConnector (AbstractConnector.java:doStop(318)) - Stopped ServerConnector@364c4ba9{HTTP/1.1,[http/1.1]}{0.0.0.0:0}
2019-07-13 20:37:45,493 INFO  handler.ContextHandler (ContextHandler.java:doStop(910)) - Stopped o.e.j.s.ServletContextHandler@8fe054{/static,jar:file:/home/user/.m2/repository/org/apache/hadoop/hadoop-hdds-container-service/0.5.0-SNAPSHOT/hadoop-hdds-container-service-0.5.0-SNAPSHOT.jar!/webapps/static,UNAVAILABLE}
2019-07-13 20:37:45,493 INFO  server.AbstractConnector (AbstractConnector.java:doStop(318)) - Stopped ServerConnector@1ec690bd{HTTP/1.1,[http/1.1]}{0.0.0.0:0}
2019-07-13 20:37:45,494 INFO  handler.ContextHandler (ContextHandler.java:doStop(910)) - Stopped o.e.j.s.ServletContextHandler@22ca5fe1{/logs,file:///tmp/workdir/hadoop-ozone/integration-test/target/log,UNAVAILABLE}
2019-07-13 20:37:45,494 INFO  handler.ContextHandler (ContextHandler.java:doStop(910)) - Stopped o.e.j.s.ServletContextHandler@1b0709e7{/static,jar:file:/home/user/.m2/repository/org/apache/hadoop/hadoop-hdds-container-service/0.5.0-SNAPSHOT/hadoop-hdds-container-service-0.5.0-SNAPSHOT.jar!/webapps/static,UNAVAILABLE}
2019-07-13 20:37:45,495 INFO  handler.ContextHandler (ContextHandler.java:doStop(910)) - Stopped o.e.j.s.ServletContextHandler@4ee8ea84{/logs,file:///tmp/workdir/hadoop-ozone/integration-test/target/log,UNAVAILABLE}
2019-07-13 20:37:45,495 INFO  datanode.ObjectStoreHandler (ObjectStoreHandler.java:close(155)) - Closing ObjectStoreHandler.
2019-07-13 20:37:45,495 INFO  ozone.HddsDatanodeService (HddsDatanodeService.java:stop(452)) - Stopped plug-in org.apache.hadoop.ozone.web.OzoneHddsDatanodeService@65b639e1
2019-07-13 20:37:45,496 INFO  datanode.ObjectStoreHandler (ObjectStoreHandler.java:close(155)) - Closing ObjectStoreHandler.
2019-07-13 20:37:45,496 INFO  ozone.HddsDatanodeService (HddsDatanodeService.java:stop(452)) - Stopped plug-in org.apache.hadoop.ozone.web.OzoneHddsDatanodeService@3b5769b3
2019-07-13 20:37:45,639 INFO  statemachine.DatanodeStateMachine (DatanodeStateMachine.java:lambda$startDaemon$0(350)) - Ozone container server started.
2019-07-13 20:37:46,096 INFO  statemachine.DatanodeStateMachine (DatanodeStateMachine.java:lambda$startDaemon$0(350)) - Ozone container server started.
2019-07-13 20:37:49,708 INFO  node.StaleNodeHandler (StaleNodeHandler.java:onMessage(58)) - Datanode db6fb076-c625-4ffe-8c3c-b474a25b20c8{ip: 192.168.5.168, host: trunk-nightly-6qp7m-2461138711, networkLocation: /default-rack, certSerialId: null} moved to stale state. Finalizing its pipelines [PipelineID=e4097033-0a66-4535-94bb-e53ea57475a1]
2019-07-13 20:37:49,708 INFO  pipeline.SCMPipelineManager (SCMPipelineManager.java:finalizeAndDestroyPipeline(309)) - destroying pipeline:Pipeline[ Id: e4097033-0a66-4535-94bb-e53ea57475a1, Nodes: db6fb076-c625-4ffe-8c3c-b474a25b20c8{ip: 192.168.5.168, host: trunk-nightly-6qp7m-2461138711, networkLocation: /default-rack, certSerialId: null}, Type:RATIS, Factor:ONE, State:OPEN]
2019-07-13 20:37:49,709 INFO  pipeline.PipelineStateManager (PipelineStateManager.java:finalizePipeline(123)) - Pipeline Pipeline[ Id: e4097033-0a66-4535-94bb-e53ea57475a1, Nodes: db6fb076-c625-4ffe-8c3c-b474a25b20c8{ip: 192.168.5.168, host: trunk-nightly-6qp7m-2461138711, networkLocation: /default-rack, certSerialId: null}, Type:RATIS, Factor:ONE, State:CLOSED] moved to CLOSED state
2019-07-13 20:37:50,109 INFO  node.StaleNodeHandler (StaleNodeHandler.java:onMessage(58)) - Datanode d96a1763-cd6d-4bf5-9130-827c7273c33d{ip: 192.168.5.168, host: trunk-nightly-6qp7m-2461138711, networkLocation: /default-rack, certSerialId: null} moved to stale state. Finalizing its pipelines [PipelineID=15233730-61c9-4016-8f91-045c1d15aaf3, PipelineID=151d9154-96cb-4cb6-9f5e-b39c3edf44b2]
2019-07-13 20:37:50,109 INFO  pipeline.SCMPipelineManager (SCMPipelineManager.java:finalizeAndDestroyPipeline(309)) - destroying pipeline:Pipeline[ Id: 15233730-61c9-4016-8f91-045c1d15aaf3, Nodes: d96a1763-cd6d-4bf5-9130-827c7273c33d{ip: 192.168.5.168, host: trunk-nightly-6qp7m-2461138711, networkLocation: /default-rack, certSerialId: null}, Type:RATIS, Factor:ONE, State:OPEN]
2019-07-13 20:37:50,109 INFO  pipeline.PipelineStateManager (PipelineStateManager.java:finalizePipeline(123)) - Pipeline Pipeline[ Id: 15233730-61c9-4016-8f91-045c1d15aaf3, Nodes: d96a1763-cd6d-4bf5-9130-827c7273c33d{ip: 192.168.5.168, host: trunk-nightly-6qp7m-2461138711, networkLocation: /default-rack, certSerialId: null}, Type:RATIS, Factor:ONE, State:CLOSED] moved to CLOSED state
2019-07-13 20:37:50,109 INFO  pipeline.SCMPipelineManager (SCMPipelineManager.java:finalizeAndDestroyPipeline(309)) - destroying pipeline:Pipeline[ Id: 151d9154-96cb-4cb6-9f5e-b39c3edf44b2, Nodes: b75b127d-5cec-4fc5-8ee8-f57a3a9e36d1{ip: 192.168.5.168, host: trunk-nightly-6qp7m-2461138711, networkLocation: /default-rack, certSerialId: null}d96a1763-cd6d-4bf5-9130-827c7273c33d{ip: 192.168.5.168, host: trunk-nightly-6qp7m-2461138711, networkLocation: /default-rack, certSerialId: null}1c78e758-fb4e-4394-b5b7-5dfaecdfbdb6{ip: 192.168.5.168, host: trunk-nightly-6qp7m-2461138711, networkLocation: /default-rack, certSerialId: null}, Type:RATIS, Factor:THREE, State:CLOSED]
2019-07-13 20:37:50,496 INFO  ozoneimpl.OzoneContainer (OzoneContainer.java:stop(199)) - Attempting to stop container services.
2019-07-13 20:37:50,497 INFO  ozoneimpl.OzoneContainer (OzoneContainer.java:stop(199)) - Attempting to stop container services.
2019-07-13 20:37:50,497 INFO  impl.RaftServerProxy (RaftServerProxy.java:lambda$close$4(314)) - d96a1763-cd6d-4bf5-9130-827c7273c33d: close
2019-07-13 20:37:50,498 INFO  impl.RaftServerProxy (RaftServerProxy.java:lambda$close$4(314)) - db6fb076-c625-4ffe-8c3c-b474a25b20c8: close
2019-07-13 20:37:50,498 INFO  impl.RaftServerImpl (RaftServerImpl.java:lambda$shutdown$3(245)) - d96a1763-cd6d-4bf5-9130-827c7273c33d: shutdown group-045C1D15AAF3
2019-07-13 20:37:50,498 INFO  impl.RaftServerImpl (RaftServerImpl.java:lambda$shutdown$3(245)) - db6fb076-c625-4ffe-8c3c-b474a25b20c8: shutdown group-E53EA57475A1
2019-07-13 20:37:50,498 INFO  util.JmxRegister (JmxRegister.java:unregister(73)) - Successfully un-registered JMX Bean with object name Ratis:service=RaftServer,group=group-045C1D15AAF3,id=d96a1763-cd6d-4bf5-9130-827c7273c33d
2019-07-13 20:37:50,499 INFO  util.JmxRegister (JmxRegister.java:unregister(73)) - Successfully un-registered JMX Bean with object name Ratis:service=RaftServer,group=group-E53EA57475A1,id=db6fb076-c625-4ffe-8c3c-b474a25b20c8
2019-07-13 20:37:50,499 INFO  impl.RoleInfo (RoleInfo.java:shutdownLeaderState(104)) - db6fb076-c625-4ffe-8c3c-b474a25b20c8: shutdown LeaderState
2019-07-13 20:37:50,499 INFO  impl.RoleInfo (RoleInfo.java:shutdownLeaderState(104)) - d96a1763-cd6d-4bf5-9130-827c7273c33d: shutdown LeaderState
2019-07-13 20:37:50,500 INFO  impl.PendingRequests (PendingRequests.java:sendNotLeaderResponses(202)) - db6fb076-c625-4ffe-8c3c-b474a25b20c8-PendingRequests: sendNotLeaderResponses
2019-07-13 20:37:50,500 INFO  impl.PendingRequests (PendingRequests.java:sendNotLeaderResponses(202)) - d96a1763-cd6d-4bf5-9130-827c7273c33d-PendingRequests: sendNotLeaderResponses
2019-07-13 20:37:50,501 INFO  ratis.ContainerStateMachine (ContainerStateMachine.java:takeSnapshot(246)) - Taking snapshot at termIndex:(t:0, i:~)
2019-07-13 20:37:50,501 INFO  impl.StateMachineUpdater (StateMachineUpdater.java:stopAndJoin(115)) - StateMachineUpdater:db6fb076-c625-4ffe-8c3c-b474a25b20c8:group-E53EA57475A1: set stopIndex = 0
2019-07-13 20:37:50,502 INFO  impl.RaftServerImpl (ServerState.java:close(394)) - db6fb076-c625-4ffe-8c3c-b474a25b20c8:group-E53EA57475A1 closes. The last applied log index is 0
2019-07-13 20:37:50,501 INFO  ratis.ContainerStateMachine (ContainerStateMachine.java:takeSnapshot(246)) - Taking snapshot at termIndex:(t:0, i:~)
2019-07-13 20:37:50,501 INFO  impl.StateMachineUpdater (StateMachineUpdater.java:stopAndJoin(115)) - StateMachineUpdater:d96a1763-cd6d-4bf5-9130-827c7273c33d:group-045C1D15AAF3: set stopIndex = 0
2019-07-13 20:37:50,503 INFO  impl.RaftServerImpl (ServerState.java:close(394)) - d96a1763-cd6d-4bf5-9130-827c7273c33d:group-045C1D15AAF3 closes. The last applied log index is 0
2019-07-13 20:37:50,502 INFO  segmented.SegmentedRaftLogWorker (SegmentedRaftLogWorker.java:run(313)) - db6fb076-c625-4ffe-8c3c-b474a25b20c8-SegmentedRaftLogWorker:Storage Directory /tmp/workdir/hadoop-ozone/integration-test/target/test-dir/MiniOzoneClusterImpl-beb3fd2f-7e95-4f96-8d8e-fa3147c0110a/datanode-6/data/ratis/e4097033-0a66-4535-94bb-e53ea57475a1 was interrupted, exiting. There are 0 tasks remaining in the queue.
2019-07-13 20:37:50,503 INFO  segmented.SegmentedRaftLogWorker (SegmentedRaftLogWorker.java:run(313)) - d96a1763-cd6d-4bf5-9130-827c7273c33d-SegmentedRaftLogWorker:Storage Directory /tmp/workdir/hadoop-ozone/integration-test/target/test-dir/MiniOzoneClusterImpl-beb3fd2f-7e95-4f96-8d8e-fa3147c0110a/datanode-0/data/ratis/15233730-61c9-4016-8f91-045c1d15aaf3 was interrupted, exiting. There are 0 tasks remaining in the queue.
2019-07-13 20:37:50,508 INFO  segmented.SegmentedRaftLogWorker (SegmentedRaftLogWorker.java:close(228)) - db6fb076-c625-4ffe-8c3c-b474a25b20c8-SegmentedRaftLogWorker:Storage Directory /tmp/workdir/hadoop-ozone/integration-test/target/test-dir/MiniOzoneClusterImpl-beb3fd2f-7e95-4f96-8d8e-fa3147c0110a/datanode-6/data/ratis/e4097033-0a66-4535-94bb-e53ea57475a1 close()
2019-07-13 20:37:50,510 INFO  server.GrpcService (GrpcService.java:closeImpl(155)) - db6fb076-c625-4ffe-8c3c-b474a25b20c8: shutdown server with port 43615 now
2019-07-13 20:37:50,512 INFO  server.GrpcService (GrpcService.java:closeImpl(163)) - db6fb076-c625-4ffe-8c3c-b474a25b20c8: shutdown server with port 43615 successfully
2019-07-13 20:37:50,515 INFO  utils.BackgroundService (BackgroundService.java:shutdown(148)) - Shutting down service BlockDeletingService
2019-07-13 20:37:50,518 INFO  segmented.SegmentedRaftLogWorker (SegmentedRaftLogWorker.java:close(228)) - d96a1763-cd6d-4bf5-9130-827c7273c33d-SegmentedRaftLogWorker:Storage Directory /tmp/workdir/hadoop-ozone/integration-test/target/test-dir/MiniOzoneClusterImpl-beb3fd2f-7e95-4f96-8d8e-fa3147c0110a/datanode-0/data/ratis/15233730-61c9-4016-8f91-045c1d15aaf3 close()
2019-07-13 20:37:50,519 WARN  fs.CachingGetSpaceUsed (CachingGetSpaceUsed.java:run(183)) - Thread Interrupted waiting to refresh disk information: sleep interrupted
2019-07-13 20:37:50,521 INFO  impl.RaftServerImpl (RaftServerImpl.java:lambda$shutdown$3(245)) - d96a1763-cd6d-4bf5-9130-827c7273c33d: shutdown group-B39C3EDF44B2
2019-07-13 20:37:50,521 INFO  util.JmxRegister (JmxRegister.java:unregister(73)) - Successfully un-registered JMX Bean with object name Ratis:service=RaftServer,group=group-B39C3EDF44B2,id=d96a1763-cd6d-4bf5-9130-827c7273c33d
2019-07-13 20:37:50,522 INFO  impl.RoleInfo (RoleInfo.java:shutdownFollowerState(121)) - d96a1763-cd6d-4bf5-9130-827c7273c33d: shutdown FollowerState
2019-07-13 20:37:50,522 INFO  impl.StateMachineUpdater (StateMachineUpdater.java:stopAndJoin(115)) - StateMachineUpdater:d96a1763-cd6d-4bf5-9130-827c7273c33d:group-B39C3EDF44B2: set stopIndex = 6
2019-07-13 20:37:50,522 INFO  impl.FollowerState (FollowerState.java:run(114)) - d96a1763-cd6d-4bf5-9130-827c7273c33d: FollowerState was interrupted: java.lang.InterruptedException: sleep interrupted
2019-07-13 20:37:50,522 INFO  ratis.ContainerStateMachine (ContainerStateMachine.java:takeSnapshot(246)) - Taking snapshot at termIndex:(t:1, i:4)
2019-07-13 20:37:50,524 INFO  ratis.ContainerStateMachine (ContainerStateMachine.java:takeSnapshot(250)) - Taking a snapshot to file /tmp/workdir/hadoop-ozone/integration-test/target/test-dir/MiniOzoneClusterImpl-beb3fd2f-7e95-4f96-8d8e-fa3147c0110a/datanode-0/data/ratis/151d9154-96cb-4cb6-9f5e-b39c3edf44b2/sm/snapshot.1_4
2019-07-13 20:37:50,524 INFO  impl.StateMachineUpdater (StateMachineUpdater.java:takeSnapshot(242)) - StateMachineUpdater:d96a1763-cd6d-4bf5-9130-827c7273c33d:group-B39C3EDF44B2: Took a snapshot at index 4
2019-07-13 20:37:50,525 INFO  impl.StateMachineUpdater (StateMachineUpdater.java:lambda$new$0(80)) - StateMachineUpdater:d96a1763-cd6d-4bf5-9130-827c7273c33d:group-B39C3EDF44B2: snapshotIndex: updateIncreasingly -1 -> 4
2019-07-13 20:37:50,525 INFO  impl.RaftServerImpl (ServerState.java:close(394)) - d96a1763-cd6d-4bf5-9130-827c7273c33d:group-B39C3EDF44B2 closes. The last applied log index is 6
2019-07-13 20:37:50,525 INFO  segmented.SegmentedRaftLogWorker (SegmentedRaftLogWorker.java:run(313)) - d96a1763-cd6d-4bf5-9130-827c7273c33d-SegmentedRaftLogWorker:Storage Directory /tmp/workdir/hadoop-ozone/integration-test/target/test-dir/MiniOzoneClusterImpl-beb3fd2f-7e95-4f96-8d8e-fa3147c0110a/datanode-0/data/ratis/151d9154-96cb-4cb6-9f5e-b39c3edf44b2 was interrupted, exiting. There are 0 tasks remaining in the queue.
2019-07-13 20:37:50,527 INFO  segmented.SegmentedRaftLogWorker (SegmentedRaftLogWorker.java:close(228)) - d96a1763-cd6d-4bf5-9130-827c7273c33d-SegmentedRaftLogWorker:Storage Directory /tmp/workdir/hadoop-ozone/integration-test/target/test-dir/MiniOzoneClusterImpl-beb3fd2f-7e95-4f96-8d8e-fa3147c0110a/datanode-0/data/ratis/151d9154-96cb-4cb6-9f5e-b39c3edf44b2 close()
2019-07-13 20:37:50,529 INFO  server.GrpcService (GrpcService.java:closeImpl(155)) - d96a1763-cd6d-4bf5-9130-827c7273c33d: shutdown server with port 40514 now
2019-07-13 20:37:50,529 INFO  server.GrpcService (GrpcService.java:closeImpl(163)) - d96a1763-cd6d-4bf5-9130-827c7273c33d: shutdown server with port 40514 successfully
2019-07-13 20:37:50,531 INFO  utils.BackgroundService (BackgroundService.java:shutdown(148)) - Shutting down service BlockDeletingService
2019-07-13 20:37:50,532 WARN  fs.CachingGetSpaceUsed (CachingGetSpaceUsed.java:run(183)) - Thread Interrupted waiting to refresh disk information: sleep interrupted
2019-07-13 20:37:50,544 INFO  statemachine.DatanodeStateMachine (DatanodeStateMachine.java:stopDaemon(395)) - Ozone container server stopped.
2019-07-13 20:37:50,558 INFO  statemachine.DatanodeStateMachine (DatanodeStateMachine.java:stopDaemon(395)) - Ozone container server stopped.
2019-07-13 20:37:50,564 INFO  handler.ContextHandler (ContextHandler.java:doStop(910)) - Stopped o.e.j.w.WebAppContext@69a8617c{/,null,UNAVAILABLE}{/hddsDatanode}
2019-07-13 20:37:50,565 INFO  handler.ContextHandler (ContextHandler.java:doStop(910)) - Stopped o.e.j.w.WebAppContext@21298c3a{/,null,UNAVAILABLE}{/hddsDatanode}
2019-07-13 20:37:50,566 INFO  server.AbstractConnector (AbstractConnector.java:doStop(318)) - Stopped ServerConnector@6ad703cd{HTTP/1.1,[http/1.1]}{0.0.0.0:0}
2019-07-13 20:37:50,567 INFO  server.AbstractConnector (AbstractConnector.java:doStop(318)) - Stopped ServerConnector@4f63219e{HTTP/1.1,[http/1.1]}{0.0.0.0:0}
2019-07-13 20:37:50,567 INFO  handler.ContextHandler (ContextHandler.java:doStop(910)) - Stopped o.e.j.s.ServletContextHandler@48b1f8f5{/static,jar:file:/home/user/.m2/repository/org/apache/hadoop/hadoop-hdds-container-service/0.5.0-SNAPSHOT/hadoop-hdds-container-service-0.5.0-SNAPSHOT.jar!/webapps/static,UNAVAILABLE}
2019-07-13 20:37:50,567 INFO  handler.ContextHandler (ContextHandler.java:doStop(910)) - Stopped o.e.j.s.ServletContextHandler@1acd952e{/static,jar:file:/home/user/.m2/repository/org/apache/hadoop/hadoop-hdds-container-service/0.5.0-SNAPSHOT/hadoop-hdds-container-service-0.5.0-SNAPSHOT.jar!/webapps/static,UNAVAILABLE}
2019-07-13 20:37:50,567 INFO  handler.ContextHandler (ContextHandler.java:doStop(910)) - Stopped o.e.j.s.ServletContextHandler@5f33123{/logs,file:///tmp/workdir/hadoop-ozone/integration-test/target/log,UNAVAILABLE}
2019-07-13 20:37:50,567 INFO  handler.ContextHandler (ContextHandler.java:doStop(910)) - Stopped o.e.j.s.ServletContextHandler@65448932{/logs,file:///tmp/workdir/hadoop-ozone/integration-test/target/log,UNAVAILABLE}
2019-07-13 20:37:50,568 INFO  datanode.ObjectStoreHandler (ObjectStoreHandler.java:close(155)) - Closing ObjectStoreHandler.
2019-07-13 20:37:50,568 INFO  ozone.HddsDatanodeService (HddsDatanodeService.java:stop(452)) - Stopped plug-in org.apache.hadoop.ozone.web.OzoneHddsDatanodeService@1d9e511c
2019-07-13 20:37:50,986 INFO  statemachine.DatanodeStateMachine (DatanodeStateMachine.java:lambda$startDaemon$0(350)) - Ozone container server started.
2019-07-13 20:37:54,122 INFO  impl.FollowerState (FollowerState.java:run(106)) - bdfd8e89-8012-4ce1-987e-8446dc669c65:group-5E2758FE06C2 changes to CANDIDATE, lastRpcTime:9201, electionTimeout:5172ms
2019-07-13 20:37:54,122 INFO  impl.RoleInfo (RoleInfo.java:shutdownFollowerState(121)) - bdfd8e89-8012-4ce1-987e-8446dc669c65: shutdown FollowerState
2019-07-13 20:37:54,122 INFO  impl.RaftServerImpl (RaftServerImpl.java:setRole(171)) - bdfd8e89-8012-4ce1-987e-8446dc669c65:group-5E2758FE06C2 changes role from FOLLOWER to CANDIDATE at term 1 for changeToCandidate
2019-07-13 20:37:54,122 INFO  impl.RoleInfo (RoleInfo.java:updateAndGet(143)) - bdfd8e89-8012-4ce1-987e-8446dc669c65: start LeaderElection
2019-07-13 20:37:54,125 INFO  impl.RaftServerImpl (ServerState.java:setLeader(263)) - bdfd8e89-8012-4ce1-987e-8446dc669c65:group-5E2758FE06C2 change Leader from 82b47179-ae1c-4828-8266-167abf0010c1 to null at term 1 for initElection
2019-07-13 20:37:54,152 INFO  impl.LeaderElection (LeaderElection.java:askForVotes(181)) - bdfd8e89-8012-4ce1-987e-8446dc669c65:group-5E2758FE06C2:LeaderElection86: begin an election at term 2 for 0: [82b47179-ae1c-4828-8266-167abf0010c1:192.168.5.168:43562, 5f3a79b9-cbc4-4548-98b3-fb34771e4c89:192.168.5.168:44101, bdfd8e89-8012-4ce1-987e-8446dc669c65:192.168.5.168:46256], old=null
2019-07-13 20:37:54,154 INFO  impl.LeaderElection (LogUtils.java:infoOrTrace(149)) - bdfd8e89-8012-4ce1-987e-8446dc669c65:group-5E2758FE06C2:LeaderElection86 got exception when requesting votes: {}
java.util.concurrent.ExecutionException: org.apache.ratis.thirdparty.io.grpc.StatusRuntimeException: UNAVAILABLE: io exception
	at java.util.concurrent.FutureTask.report(FutureTask.java:122)
	at java.util.concurrent.FutureTask.get(FutureTask.java:192)
	at org.apache.ratis.server.impl.LeaderElection.waitForResults(LeaderElection.java:262)
	at org.apache.ratis.server.impl.LeaderElection.askForVotes(LeaderElection.java:200)
	at org.apache.ratis.server.impl.LeaderElection.run(LeaderElection.java:130)
	at java.lang.Thread.run(Thread.java:748)
Caused by: org.apache.ratis.thirdparty.io.grpc.StatusRuntimeException: UNAVAILABLE: io exception
	at org.apache.ratis.thirdparty.io.grpc.stub.ClientCalls.toStatusRuntimeException(ClientCalls.java:233)
	at org.apache.ratis.thirdparty.io.grpc.stub.ClientCalls.getUnchecked(ClientCalls.java:214)
	at org.apache.ratis.thirdparty.io.grpc.stub.ClientCalls.blockingUnaryCall(ClientCalls.java:139)
	at org.apache.ratis.proto.grpc.RaftServerProtocolServiceGrpc$RaftServerProtocolServiceBlockingStub.requestVote(RaftServerProtocolServiceGrpc.java:265)
	at org.apache.ratis.grpc.server.GrpcServerProtocolClient.requestVote(GrpcServerProtocolClient.java:83)
	at org.apache.ratis.grpc.server.GrpcService.requestVote(GrpcService.java:195)
	at org.apache.ratis.server.impl.LeaderElection.lambda$submitRequests$1(LeaderElection.java:237)
	at java.util.concurrent.FutureTask.run(FutureTask.java:266)
	at java.util.concurrent.Executors$RunnableAdapter.call(Executors.java:511)
	at java.util.concurrent.FutureTask.run(FutureTask.java:266)
	at java.util.concurrent.ThreadPoolExecutor.runWorker(ThreadPoolExecutor.java:1149)
	at java.util.concurrent.ThreadPoolExecutor$Worker.run(ThreadPoolExecutor.java:624)
	... 1 more
Caused by: org.apache.ratis.thirdparty.io.netty.channel.AbstractChannel$AnnotatedConnectException: Connection refused: /192.168.5.168:44101
	at sun.nio.ch.SocketChannelImpl.checkConnect(Native Method)
	at sun.nio.ch.SocketChannelImpl.finishConnect(SocketChannelImpl.java:717)
	at org.apache.ratis.thirdparty.io.netty.channel.socket.nio.NioSocketChannel.doFinishConnect(NioSocketChannel.java:327)
	at org.apache.ratis.thirdparty.io.netty.channel.nio.AbstractNioChannel$AbstractNioUnsafe.finishConnect(AbstractNioChannel.java:340)
	at org.apache.ratis.thirdparty.io.netty.channel.nio.NioEventLoop.processSelectedKey(NioEventLoop.java:632)
	at org.apache.ratis.thirdparty.io.netty.channel.nio.NioEventLoop.processSelectedKeysOptimized(NioEventLoop.java:579)
	at org.apache.ratis.thirdparty.io.netty.channel.nio.NioEventLoop.processSelectedKeys(NioEventLoop.java:496)
	at org.apache.ratis.thirdparty.io.netty.channel.nio.NioEventLoop.run(NioEventLoop.java:458)
	at org.apache.ratis.thirdparty.io.netty.util.concurrent.SingleThreadEventExecutor$5.run(SingleThreadEventExecutor.java:897)
	at org.apache.ratis.thirdparty.io.netty.util.concurrent.FastThreadLocalRunnable.run(FastThreadLocalRunnable.java:30)
	... 1 more
Caused by: java.net.ConnectException: Connection refused
	... 11 more
2019-07-13 20:37:54,156 INFO  impl.LeaderElection (LogUtils.java:infoOrTrace(149)) - bdfd8e89-8012-4ce1-987e-8446dc669c65:group-5E2758FE06C2:LeaderElection86 got exception when requesting votes: {}
java.util.concurrent.ExecutionException: org.apache.ratis.thirdparty.io.grpc.StatusRuntimeException: UNAVAILABLE: io exception
	at java.util.concurrent.FutureTask.report(FutureTask.java:122)
	at java.util.concurrent.FutureTask.get(FutureTask.java:192)
	at org.apache.ratis.server.impl.LeaderElection.waitForResults(LeaderElection.java:262)
	at org.apache.ratis.server.impl.LeaderElection.askForVotes(LeaderElection.java:200)
	at org.apache.ratis.server.impl.LeaderElection.run(LeaderElection.java:130)
	at java.lang.Thread.run(Thread.java:748)
Caused by: org.apache.ratis.thirdparty.io.grpc.StatusRuntimeException: UNAVAILABLE: io exception
	at org.apache.ratis.thirdparty.io.grpc.stub.ClientCalls.toStatusRuntimeException(ClientCalls.java:233)
	at org.apache.ratis.thirdparty.io.grpc.stub.ClientCalls.getUnchecked(ClientCalls.java:214)
	at org.apache.ratis.thirdparty.io.grpc.stub.ClientCalls.blockingUnaryCall(ClientCalls.java:139)
	at org.apache.ratis.proto.grpc.RaftServerProtocolServiceGrpc$RaftServerProtocolServiceBlockingStub.requestVote(RaftServerProtocolServiceGrpc.java:265)
	at org.apache.ratis.grpc.server.GrpcServerProtocolClient.requestVote(GrpcServerProtocolClient.java:83)
	at org.apache.ratis.grpc.server.GrpcService.requestVote(GrpcService.java:195)
	at org.apache.ratis.server.impl.LeaderElection.lambda$submitRequests$1(LeaderElection.java:237)
	at java.util.concurrent.FutureTask.run(FutureTask.java:266)
	at java.util.concurrent.Executors$RunnableAdapter.call(Executors.java:511)
	at java.util.concurrent.FutureTask.run(FutureTask.java:266)
	at java.util.concurrent.ThreadPoolExecutor.runWorker(ThreadPoolExecutor.java:1149)
	at java.util.concurrent.ThreadPoolExecutor$Worker.run(ThreadPoolExecutor.java:624)
	... 1 more
Caused by: org.apache.ratis.thirdparty.io.netty.channel.AbstractChannel$AnnotatedConnectException: Connection refused: /192.168.5.168:43562
	at sun.nio.ch.SocketChannelImpl.checkConnect(Native Method)
	at sun.nio.ch.SocketChannelImpl.finishConnect(SocketChannelImpl.java:717)
	at org.apache.ratis.thirdparty.io.netty.channel.socket.nio.NioSocketChannel.doFinishConnect(NioSocketChannel.java:327)
	at org.apache.ratis.thirdparty.io.netty.channel.nio.AbstractNioChannel$AbstractNioUnsafe.finishConnect(AbstractNioChannel.java:340)
	at org.apache.ratis.thirdparty.io.netty.channel.nio.NioEventLoop.processSelectedKey(NioEventLoop.java:632)
	at org.apache.ratis.thirdparty.io.netty.channel.nio.NioEventLoop.processSelectedKeysOptimized(NioEventLoop.java:579)
	at org.apache.ratis.thirdparty.io.netty.channel.nio.NioEventLoop.processSelectedKeys(NioEventLoop.java:496)
	at org.apache.ratis.thirdparty.io.netty.channel.nio.NioEventLoop.run(NioEventLoop.java:458)
	at org.apache.ratis.thirdparty.io.netty.util.concurrent.SingleThreadEventExecutor$5.run(SingleThreadEventExecutor.java:897)
	at org.apache.ratis.thirdparty.io.netty.util.concurrent.FastThreadLocalRunnable.run(FastThreadLocalRunnable.java:30)
	... 1 more
Caused by: java.net.ConnectException: Connection refused
	... 11 more
2019-07-13 20:37:54,158 INFO  impl.LeaderElection (LeaderElection.java:logAndReturn(56)) - bdfd8e89-8012-4ce1-987e-8446dc669c65:group-5E2758FE06C2:LeaderElection86: Election REJECTED; received 0 response(s) [] and 2 exception(s); bdfd8e89-8012-4ce1-987e-8446dc669c65:t2, leader=null, voted=bdfd8e89-8012-4ce1-987e-8446dc669c65, raftlog=bdfd8e89-8012-4ce1-987e-8446dc669c65-SegmentedRaftLog:OPENED:c8,f8,i8, conf=0: [82b47179-ae1c-4828-8266-167abf0010c1:192.168.5.168:43562, 5f3a79b9-cbc4-4548-98b3-fb34771e4c89:192.168.5.168:44101, bdfd8e89-8012-4ce1-987e-8446dc669c65:192.168.5.168:46256], old=null
2019-07-13 20:37:54,158 INFO  impl.LeaderElection (LogUtils.java:infoOrTrace(149)) -   Exception 0: {}
java.util.concurrent.ExecutionException: org.apache.ratis.thirdparty.io.grpc.StatusRuntimeException: UNAVAILABLE: io exception
	at java.util.concurrent.FutureTask.report(FutureTask.java:122)
	at java.util.concurrent.FutureTask.get(FutureTask.java:192)
	at org.apache.ratis.server.impl.LeaderElection.waitForResults(LeaderElection.java:262)
	at org.apache.ratis.server.impl.LeaderElection.askForVotes(LeaderElection.java:200)
	at org.apache.ratis.server.impl.LeaderElection.run(LeaderElection.java:130)
	at java.lang.Thread.run(Thread.java:748)
Caused by: org.apache.ratis.thirdparty.io.grpc.StatusRuntimeException: UNAVAILABLE: io exception
	at org.apache.ratis.thirdparty.io.grpc.stub.ClientCalls.toStatusRuntimeException(ClientCalls.java:233)
	at org.apache.ratis.thirdparty.io.grpc.stub.ClientCalls.getUnchecked(ClientCalls.java:214)
	at org.apache.ratis.thirdparty.io.grpc.stub.ClientCalls.blockingUnaryCall(ClientCalls.java:139)
	at org.apache.ratis.proto.grpc.RaftServerProtocolServiceGrpc$RaftServerProtocolServiceBlockingStub.requestVote(RaftServerProtocolServiceGrpc.java:265)
	at org.apache.ratis.grpc.server.GrpcServerProtocolClient.requestVote(GrpcServerProtocolClient.java:83)
	at org.apache.ratis.grpc.server.GrpcService.requestVote(GrpcService.java:195)
	at org.apache.ratis.server.impl.LeaderElection.lambda$submitRequests$1(LeaderElection.java:237)
	at java.util.concurrent.FutureTask.run(FutureTask.java:266)
	at java.util.concurrent.Executors$RunnableAdapter.call(Executors.java:511)
	at java.util.concurrent.FutureTask.run(FutureTask.java:266)
	at java.util.concurrent.ThreadPoolExecutor.runWorker(ThreadPoolExecutor.java:1149)
	at java.util.concurrent.ThreadPoolExecutor$Worker.run(ThreadPoolExecutor.java:624)
	... 1 more
Caused by: org.apache.ratis.thirdparty.io.netty.channel.AbstractChannel$AnnotatedConnectException: Connection refused: /192.168.5.168:44101
	at sun.nio.ch.SocketChannelImpl.checkConnect(Native Method)
	at sun.nio.ch.SocketChannelImpl.finishConnect(SocketChannelImpl.java:717)
	at org.apache.ratis.thirdparty.io.netty.channel.socket.nio.NioSocketChannel.doFinishConnect(NioSocketChannel.java:327)
	at org.apache.ratis.thirdparty.io.netty.channel.nio.AbstractNioChannel$AbstractNioUnsafe.finishConnect(AbstractNioChannel.java:340)
	at org.apache.ratis.thirdparty.io.netty.channel.nio.NioEventLoop.processSelectedKey(NioEventLoop.java:632)
	at org.apache.ratis.thirdparty.io.netty.channel.nio.NioEventLoop.processSelectedKeysOptimized(NioEventLoop.java:579)
	at org.apache.ratis.thirdparty.io.netty.channel.nio.NioEventLoop.processSelectedKeys(NioEventLoop.java:496)
	at org.apache.ratis.thirdparty.io.netty.channel.nio.NioEventLoop.run(NioEventLoop.java:458)
	at org.apache.ratis.thirdparty.io.netty.util.concurrent.SingleThreadEventExecutor$5.run(SingleThreadEventExecutor.java:897)
	at org.apache.ratis.thirdparty.io.netty.util.concurrent.FastThreadLocalRunnable.run(FastThreadLocalRunnable.java:30)
	... 1 more
Caused by: java.net.ConnectException: Connection refused
	... 11 more
2019-07-13 20:37:54,158 INFO  impl.LeaderElection (LogUtils.java:infoOrTrace(149)) -   Exception 1: {}
java.util.concurrent.ExecutionException: org.apache.ratis.thirdparty.io.grpc.StatusRuntimeException: UNAVAILABLE: io exception
	at java.util.concurrent.FutureTask.report(FutureTask.java:122)
	at java.util.concurrent.FutureTask.get(FutureTask.java:192)
	at org.apache.ratis.server.impl.LeaderElection.waitForResults(LeaderElection.java:262)
	at org.apache.ratis.server.impl.LeaderElection.askForVotes(LeaderElection.java:200)
	at org.apache.ratis.server.impl.LeaderElection.run(LeaderElection.java:130)
	at java.lang.Thread.run(Thread.java:748)
Caused by: org.apache.ratis.thirdparty.io.grpc.StatusRuntimeException: UNAVAILABLE: io exception
	at org.apache.ratis.thirdparty.io.grpc.stub.ClientCalls.toStatusRuntimeException(ClientCalls.java:233)
	at org.apache.ratis.thirdparty.io.grpc.stub.ClientCalls.getUnchecked(ClientCalls.java:214)
	at org.apache.ratis.thirdparty.io.grpc.stub.ClientCalls.blockingUnaryCall(ClientCalls.java:139)
	at org.apache.ratis.proto.grpc.RaftServerProtocolServiceGrpc$RaftServerProtocolServiceBlockingStub.requestVote(RaftServerProtocolServiceGrpc.java:265)
	at org.apache.ratis.grpc.server.GrpcServerProtocolClient.requestVote(GrpcServerProtocolClient.java:83)
	at org.apache.ratis.grpc.server.GrpcService.requestVote(GrpcService.java:195)
	at org.apache.ratis.server.impl.LeaderElection.lambda$submitRequests$1(LeaderElection.java:237)
	at java.util.concurrent.FutureTask.run(FutureTask.java:266)
	at java.util.concurrent.Executors$RunnableAdapter.call(Executors.java:511)
	at java.util.concurrent.FutureTask.run(FutureTask.java:266)
	at java.util.concurrent.ThreadPoolExecutor.runWorker(ThreadPoolExecutor.java:1149)
	at java.util.concurrent.ThreadPoolExecutor$Worker.run(ThreadPoolExecutor.java:624)
	... 1 more
Caused by: org.apache.ratis.thirdparty.io.netty.channel.AbstractChannel$AnnotatedConnectException: Connection refused: /192.168.5.168:43562
	at sun.nio.ch.SocketChannelImpl.checkConnect(Native Method)
	at sun.nio.ch.SocketChannelImpl.finishConnect(SocketChannelImpl.java:717)
	at org.apache.ratis.thirdparty.io.netty.channel.socket.nio.NioSocketChannel.doFinishConnect(NioSocketChannel.java:327)
	at org.apache.ratis.thirdparty.io.netty.channel.nio.AbstractNioChannel$AbstractNioUnsafe.finishConnect(AbstractNioChannel.java:340)
	at org.apache.ratis.thirdparty.io.netty.channel.nio.NioEventLoop.processSelectedKey(NioEventLoop.java:632)
	at org.apache.ratis.thirdparty.io.netty.channel.nio.NioEventLoop.processSelectedKeysOptimized(NioEventLoop.java:579)
	at org.apache.ratis.thirdparty.io.netty.channel.nio.NioEventLoop.processSelectedKeys(NioEventLoop.java:496)
	at org.apache.ratis.thirdparty.io.netty.channel.nio.NioEventLoop.run(NioEventLoop.java:458)
	at org.apache.ratis.thirdparty.io.netty.util.concurrent.SingleThreadEventExecutor$5.run(SingleThreadEventExecutor.java:897)
	at org.apache.ratis.thirdparty.io.netty.util.concurrent.FastThreadLocalRunnable.run(FastThreadLocalRunnable.java:30)
	... 1 more
Caused by: java.net.ConnectException: Connection refused
	... 11 more
2019-07-13 20:37:54,159 INFO  impl.RaftServerImpl (RaftServerImpl.java:setRole(171)) - bdfd8e89-8012-4ce1-987e-8446dc669c65:group-5E2758FE06C2 changes role from CANDIDATE to FOLLOWER at term 2 for DISCOVERED_A_NEW_TERM
2019-07-13 20:37:54,159 INFO  impl.RoleInfo (RoleInfo.java:shutdownLeaderElection(134)) - bdfd8e89-8012-4ce1-987e-8446dc669c65: shutdown LeaderElection
2019-07-13 20:37:54,159 INFO  impl.RoleInfo (RoleInfo.java:updateAndGet(143)) - bdfd8e89-8012-4ce1-987e-8446dc669c65: start FollowerState
2019-07-13 20:37:55,016 INFO  node.StaleNodeHandler (StaleNodeHandler.java:onMessage(58)) - Datanode bdfd8e89-8012-4ce1-987e-8446dc669c65{ip: 192.168.5.168, host: trunk-nightly-6qp7m-2461138711, networkLocation: /default-rack, certSerialId: null} moved to stale state. Finalizing its pipelines [PipelineID=3e0671dc-f1d2-4cc3-b305-5e2758fe06c2, PipelineID=f0dd2c91-3354-4c86-83b5-5d983ffafce3]
2019-07-13 20:37:55,016 INFO  pipeline.SCMPipelineManager (SCMPipelineManager.java:finalizeAndDestroyPipeline(309)) - destroying pipeline:Pipeline[ Id: 3e0671dc-f1d2-4cc3-b305-5e2758fe06c2, Nodes: 82b47179-ae1c-4828-8266-167abf0010c1{ip: 192.168.5.168, host: trunk-nightly-6qp7m-2461138711, networkLocation: /default-rack, certSerialId: null}bdfd8e89-8012-4ce1-987e-8446dc669c65{ip: 192.168.5.168, host: trunk-nightly-6qp7m-2461138711, networkLocation: /default-rack, certSerialId: null}5f3a79b9-cbc4-4548-98b3-fb34771e4c89{ip: 192.168.5.168, host: trunk-nightly-6qp7m-2461138711, networkLocation: /default-rack, certSerialId: null}, Type:RATIS, Factor:THREE, State:CLOSED]
2019-07-13 20:37:55,016 INFO  pipeline.SCMPipelineManager (SCMPipelineManager.java:finalizeAndDestroyPipeline(309)) - destroying pipeline:Pipeline[ Id: f0dd2c91-3354-4c86-83b5-5d983ffafce3, Nodes: bdfd8e89-8012-4ce1-987e-8446dc669c65{ip: 192.168.5.168, host: trunk-nightly-6qp7m-2461138711, networkLocation: /default-rack, certSerialId: null}, Type:RATIS, Factor:ONE, State:OPEN]
2019-07-13 20:37:55,017 INFO  pipeline.PipelineStateManager (PipelineStateManager.java:finalizePipeline(123)) - Pipeline Pipeline[ Id: f0dd2c91-3354-4c86-83b5-5d983ffafce3, Nodes: bdfd8e89-8012-4ce1-987e-8446dc669c65{ip: 192.168.5.168, host: trunk-nightly-6qp7m-2461138711, networkLocation: /default-rack, certSerialId: null}, Type:RATIS, Factor:ONE, State:CLOSED] moved to CLOSED state
2019-07-13 20:37:55,569 INFO  ozoneimpl.OzoneContainer (OzoneContainer.java:stop(199)) - Attempting to stop container services.
2019-07-13 20:37:55,570 INFO  impl.RaftServerProxy (RaftServerProxy.java:lambda$close$4(314)) - bdfd8e89-8012-4ce1-987e-8446dc669c65: close
2019-07-13 20:37:55,571 INFO  impl.RaftServerImpl (RaftServerImpl.java:lambda$shutdown$3(245)) - bdfd8e89-8012-4ce1-987e-8446dc669c65: shutdown group-5E2758FE06C2
2019-07-13 20:37:55,571 INFO  impl.RaftServerImpl (RaftServerImpl.java:lambda$shutdown$3(245)) - bdfd8e89-8012-4ce1-987e-8446dc669c65: shutdown group-5D983FFAFCE3
2019-07-13 20:37:55,571 INFO  util.JmxRegister (JmxRegister.java:unregister(73)) - Successfully un-registered JMX Bean with object name Ratis:service=RaftServer,group=group-5E2758FE06C2,id=bdfd8e89-8012-4ce1-987e-8446dc669c65
2019-07-13 20:37:55,572 INFO  impl.RoleInfo (RoleInfo.java:shutdownFollowerState(121)) - bdfd8e89-8012-4ce1-987e-8446dc669c65: shutdown FollowerState
2019-07-13 20:37:55,572 INFO  util.JmxRegister (JmxRegister.java:unregister(73)) - Successfully un-registered JMX Bean with object name Ratis:service=RaftServer,group=group-5D983FFAFCE3,id=bdfd8e89-8012-4ce1-987e-8446dc669c65
2019-07-13 20:37:55,573 INFO  ratis.ContainerStateMachine (ContainerStateMachine.java:takeSnapshot(246)) - Taking snapshot at termIndex:(t:1, i:7)
2019-07-13 20:37:55,573 INFO  ratis.ContainerStateMachine (ContainerStateMachine.java:takeSnapshot(250)) - Taking a snapshot to file /tmp/workdir/hadoop-ozone/integration-test/target/test-dir/MiniOzoneClusterImpl-beb3fd2f-7e95-4f96-8d8e-fa3147c0110a/datanode-5/data/ratis/3e0671dc-f1d2-4cc3-b305-5e2758fe06c2/sm/snapshot.1_7
2019-07-13 20:37:55,573 INFO  impl.FollowerState (FollowerState.java:run(114)) - bdfd8e89-8012-4ce1-987e-8446dc669c65: FollowerState was interrupted: java.lang.InterruptedException: sleep interrupted
2019-07-13 20:37:55,572 INFO  impl.StateMachineUpdater (StateMachineUpdater.java:stopAndJoin(115)) - StateMachineUpdater:bdfd8e89-8012-4ce1-987e-8446dc669c65:group-5E2758FE06C2: set stopIndex = 8
2019-07-13 20:37:55,575 INFO  impl.StateMachineUpdater (StateMachineUpdater.java:takeSnapshot(242)) - StateMachineUpdater:bdfd8e89-8012-4ce1-987e-8446dc669c65:group-5E2758FE06C2: Took a snapshot at index 7
2019-07-13 20:37:55,573 INFO  impl.RoleInfo (RoleInfo.java:shutdownLeaderState(104)) - bdfd8e89-8012-4ce1-987e-8446dc669c65: shutdown LeaderState
2019-07-13 20:37:55,576 INFO  impl.StateMachineUpdater (StateMachineUpdater.java:lambda$new$0(80)) - StateMachineUpdater:bdfd8e89-8012-4ce1-987e-8446dc669c65:group-5E2758FE06C2: snapshotIndex: updateIncreasingly -1 -> 7
2019-07-13 20:37:55,576 INFO  impl.PendingRequests (PendingRequests.java:sendNotLeaderResponses(202)) - bdfd8e89-8012-4ce1-987e-8446dc669c65-PendingRequests: sendNotLeaderResponses
2019-07-13 20:37:55,576 INFO  impl.RaftServerImpl (ServerState.java:close(394)) - bdfd8e89-8012-4ce1-987e-8446dc669c65:group-5E2758FE06C2 closes. The last applied log index is 8
2019-07-13 20:37:55,576 INFO  ratis.ContainerStateMachine (ContainerStateMachine.java:takeSnapshot(246)) - Taking snapshot at termIndex:(t:0, i:~)
2019-07-13 20:37:55,576 INFO  impl.StateMachineUpdater (StateMachineUpdater.java:stopAndJoin(115)) - StateMachineUpdater:bdfd8e89-8012-4ce1-987e-8446dc669c65:group-5D983FFAFCE3: set stopIndex = 0
2019-07-13 20:37:55,577 INFO  segmented.SegmentedRaftLogWorker (SegmentedRaftLogWorker.java:run(313)) - bdfd8e89-8012-4ce1-987e-8446dc669c65-SegmentedRaftLogWorker:Storage Directory /tmp/workdir/hadoop-ozone/integration-test/target/test-dir/MiniOzoneClusterImpl-beb3fd2f-7e95-4f96-8d8e-fa3147c0110a/datanode-5/data/ratis/3e0671dc-f1d2-4cc3-b305-5e2758fe06c2 was interrupted, exiting. There are 0 tasks remaining in the queue.
2019-07-13 20:37:55,577 INFO  impl.RaftServerImpl (ServerState.java:close(394)) - bdfd8e89-8012-4ce1-987e-8446dc669c65:group-5D983FFAFCE3 closes. The last applied log index is 0
2019-07-13 20:37:55,579 INFO  segmented.SegmentedRaftLogWorker (SegmentedRaftLogWorker.java:close(228)) - bdfd8e89-8012-4ce1-987e-8446dc669c65-SegmentedRaftLogWorker:Storage Directory /tmp/workdir/hadoop-ozone/integration-test/target/test-dir/MiniOzoneClusterImpl-beb3fd2f-7e95-4f96-8d8e-fa3147c0110a/datanode-5/data/ratis/3e0671dc-f1d2-4cc3-b305-5e2758fe06c2 close()
2019-07-13 20:37:55,579 INFO  segmented.SegmentedRaftLogWorker (SegmentedRaftLogWorker.java:run(313)) - bdfd8e89-8012-4ce1-987e-8446dc669c65-SegmentedRaftLogWorker:Storage Directory /tmp/workdir/hadoop-ozone/integration-test/target/test-dir/MiniOzoneClusterImpl-beb3fd2f-7e95-4f96-8d8e-fa3147c0110a/datanode-5/data/ratis/f0dd2c91-3354-4c86-83b5-5d983ffafce3 was interrupted, exiting. There are 0 tasks remaining in the queue.
2019-07-13 20:37:55,582 INFO  segmented.SegmentedRaftLogWorker (SegmentedRaftLogWorker.java:close(228)) - bdfd8e89-8012-4ce1-987e-8446dc669c65-SegmentedRaftLogWorker:Storage Directory /tmp/workdir/hadoop-ozone/integration-test/target/test-dir/MiniOzoneClusterImpl-beb3fd2f-7e95-4f96-8d8e-fa3147c0110a/datanode-5/data/ratis/f0dd2c91-3354-4c86-83b5-5d983ffafce3 close()
2019-07-13 20:37:55,584 INFO  server.GrpcService (GrpcService.java:closeImpl(155)) - bdfd8e89-8012-4ce1-987e-8446dc669c65: shutdown server with port 46256 now
2019-07-13 20:37:55,585 INFO  server.GrpcService (GrpcService.java:closeImpl(163)) - bdfd8e89-8012-4ce1-987e-8446dc669c65: shutdown server with port 46256 successfully
2019-07-13 20:37:55,586 INFO  utils.BackgroundService (BackgroundService.java:shutdown(148)) - Shutting down service BlockDeletingService
2019-07-13 20:37:55,587 WARN  fs.CachingGetSpaceUsed (CachingGetSpaceUsed.java:run(183)) - Thread Interrupted waiting to refresh disk information: sleep interrupted
2019-07-13 20:37:55,605 INFO  statemachine.DatanodeStateMachine (DatanodeStateMachine.java:stopDaemon(395)) - Ozone container server stopped.
2019-07-13 20:37:55,617 INFO  handler.ContextHandler (ContextHandler.java:doStop(910)) - Stopped o.e.j.w.WebAppContext@5f8089d2{/,null,UNAVAILABLE}{/hddsDatanode}
2019-07-13 20:37:55,618 INFO  server.AbstractConnector (AbstractConnector.java:doStop(318)) - Stopped ServerConnector@6e1ac80e{HTTP/1.1,[http/1.1]}{0.0.0.0:0}
2019-07-13 20:37:55,618 INFO  handler.ContextHandler (ContextHandler.java:doStop(910)) - Stopped o.e.j.s.ServletContextHandler@496101d1{/static,jar:file:/home/user/.m2/repository/org/apache/hadoop/hadoop-hdds-container-service/0.5.0-SNAPSHOT/hadoop-hdds-container-service-0.5.0-SNAPSHOT.jar!/webapps/static,UNAVAILABLE}
2019-07-13 20:37:55,619 INFO  handler.ContextHandler (ContextHandler.java:doStop(910)) - Stopped o.e.j.s.ServletContextHandler@11a88d87{/logs,file:///tmp/workdir/hadoop-ozone/integration-test/target/log,UNAVAILABLE}
2019-07-13 20:37:55,620 INFO  ozone.MiniOzoneClusterImpl (MiniOzoneClusterImpl.java:stop(353)) - Stopping the StorageContainerManager
2019-07-13 20:37:55,620 INFO  server.StorageContainerManager (StorageContainerManager.java:stop(796)) - Stopping Replication Manager Service.
2019-07-13 20:37:55,620 INFO  container.ReplicationManager (ReplicationManager.java:stop(187)) - Stopping Replication Monitor Thread.
2019-07-13 20:37:55,620 INFO  server.StorageContainerManager (StorageContainerManager.java:stop(803)) - Stopping Lease Manager of the command watchers
2019-07-13 20:37:55,621 INFO  server.StorageContainerManager (StorageContainerManager.java:stop(810)) - Stopping datanode service RPC server
2019-07-13 20:37:55,621 INFO  server.SCMDatanodeProtocolServer (SCMDatanodeProtocolServer.java:stop(375)) - Stopping the RPC server for DataNodes
2019-07-13 20:37:55,621 INFO  ipc.Server (Server.java:stop(3082)) - Stopping server on 33781
2019-07-13 20:37:55,624 INFO  ipc.Server (Server.java:run(1185)) - Stopping IPC Server listener on 33781
2019-07-13 20:37:55,624 INFO  ipc.Server (Server.java:run(1319)) - Stopping IPC Server Responder
2019-07-13 20:37:55,717 WARN  node.NodeStateManager (NodeStateManager.java:scheduleNextHealthCheck(631)) - Current Thread is interrupted, shutting down HB processing thread for Node Manager.
2019-07-13 20:37:55,717 INFO  server.StorageContainerManager (StorageContainerManager.java:stop(818)) - Stopping block service RPC server
2019-07-13 20:37:55,717 INFO  server.SCMBlockProtocolServer (SCMBlockProtocolServer.java:stop(148)) - Stopping the RPC server for Block Protocol
2019-07-13 20:37:55,717 INFO  ipc.Server (Server.java:stop(3082)) - Stopping server on 38488
2019-07-13 20:37:55,720 INFO  ipc.Server (Server.java:run(1185)) - Stopping IPC Server listener on 38488
2019-07-13 20:37:55,720 INFO  ipc.Server (Server.java:run(1319)) - Stopping IPC Server Responder
2019-07-13 20:37:55,720 INFO  server.StorageContainerManager (StorageContainerManager.java:stop(825)) - Stopping the StorageContainerLocationProtocol RPC server
2019-07-13 20:37:55,721 INFO  server.SCMClientProtocolServer (SCMClientProtocolServer.java:stop(157)) - Stopping the RPC server for Client Protocol
2019-07-13 20:37:55,722 INFO  ipc.Server (Server.java:stop(3082)) - Stopping server on 38526
2019-07-13 20:37:55,724 INFO  ipc.Server (Server.java:run(1185)) - Stopping IPC Server listener on 38526
2019-07-13 20:37:55,728 INFO  server.StorageContainerManager (StorageContainerManager.java:stop(832)) - Stopping Storage Container Manager HTTP server.
2019-07-13 20:37:55,728 INFO  ipc.Server (Server.java:run(1319)) - Stopping IPC Server Responder
2019-07-13 20:37:55,730 INFO  handler.ContextHandler (ContextHandler.java:doStop(910)) - Stopped o.e.j.w.WebAppContext@201f0e84{/,null,UNAVAILABLE}{/scm}
2019-07-13 20:37:55,731 INFO  server.AbstractConnector (AbstractConnector.java:doStop(318)) - Stopped ServerConnector@5629e904{HTTP/1.1,[http/1.1]}{0.0.0.0:0}
2019-07-13 20:37:55,731 INFO  handler.ContextHandler (ContextHandler.java:doStop(910)) - Stopped o.e.j.s.ServletContextHandler@48149568{/static,file:///tmp/workdir/hadoop-ozone/integration-test/target/test-classes/webapps/static,UNAVAILABLE}
2019-07-13 20:37:55,732 INFO  handler.ContextHandler (ContextHandler.java:doStop(910)) - Stopped o.e.j.s.ServletContextHandler@a1143cc{/logs,file:///tmp/workdir/hadoop-ozone/integration-test/target/log,UNAVAILABLE}
2019-07-13 20:37:55,732 INFO  server.StorageContainerManager (StorageContainerManager.java:stop(843)) - Stopping Block Manager Service.
2019-07-13 20:37:55,732 INFO  utils.BackgroundService (BackgroundService.java:shutdown(148)) - Shutting down service SCMBlockDeletingService
2019-07-13 20:37:55,733 INFO  utils.BackgroundService (BackgroundService.java:shutdown(148)) - Shutting down service SCMBlockDeletingService
2019-07-13 20:37:55,733 INFO  server.StorageContainerManager (StorageContainerManager.java:stop(865)) - Stopping SCM Event Queue.
2019-07-13 20:37:55,738 INFO  impl.MetricsSystemImpl (MetricsSystemImpl.java:stop(210)) - Stopping HddsDatanode metrics system...
2019-07-13 20:37:55,747 INFO  impl.MetricsSystemImpl (MetricsSystemImpl.java:stop(216)) - HddsDatanode metrics system stopped.
]]></system-out>
    <system-err><![CDATA[Jul 13, 2019 8:37:23 PM com.sun.jersey.server.impl.application.WebApplicationImpl _initiate
INFO: Initiating Jersey application, version 'Jersey: 1.19 02/11/2015 03:25 AM'
Jul 13, 2019 8:37:23 PM com.sun.jersey.server.impl.application.WebApplicationImpl _initiate
INFO: Initiating Jersey application, version 'Jersey: 1.19 02/11/2015 03:25 AM'
Jul 13, 2019 8:37:23 PM com.sun.jersey.server.impl.application.WebApplicationImpl _initiate
INFO: Initiating Jersey application, version 'Jersey: 1.19 02/11/2015 03:25 AM'
Jul 13, 2019 8:37:23 PM com.sun.jersey.server.impl.application.WebApplicationImpl _initiate
INFO: Initiating Jersey application, version 'Jersey: 1.19 02/11/2015 03:25 AM'
Jul 13, 2019 8:37:23 PM com.sun.jersey.server.impl.application.WebApplicationImpl _initiate
INFO: Initiating Jersey application, version 'Jersey: 1.19 02/11/2015 03:25 AM'
Jul 13, 2019 8:37:24 PM com.sun.jersey.server.impl.application.WebApplicationImpl _initiate
INFO: Initiating Jersey application, version 'Jersey: 1.19 02/11/2015 03:25 AM'
Jul 13, 2019 8:37:24 PM com.sun.jersey.server.impl.application.WebApplicationImpl _initiate
INFO: Initiating Jersey application, version 'Jersey: 1.19 02/11/2015 03:25 AM'
Jul 13, 2019 8:37:27 PM org.apache.ratis.thirdparty.io.grpc.internal.ManagedChannelOrphanWrapper$ManagedChannelReference cleanQueue
SEVERE: *~*~*~ Channel ManagedChannelImpl{logId=3200, target=192.168.5.168:44436} was not shutdown properly!!! ~*~*~*
    Make sure to call shutdown()/shutdownNow() and wait until awaitTermination() returns true.
java.lang.RuntimeException: ManagedChannel allocation site
	at org.apache.ratis.thirdparty.io.grpc.internal.ManagedChannelOrphanWrapper$ManagedChannelReference.<init>(ManagedChannelOrphanWrapper.java:103)
	at org.apache.ratis.thirdparty.io.grpc.internal.ManagedChannelOrphanWrapper.<init>(ManagedChannelOrphanWrapper.java:53)
	at org.apache.ratis.thirdparty.io.grpc.internal.ManagedChannelOrphanWrapper.<init>(ManagedChannelOrphanWrapper.java:44)
	at org.apache.ratis.thirdparty.io.grpc.internal.AbstractManagedChannelImplBuilder.build(AbstractManagedChannelImplBuilder.java:411)
	at org.apache.ratis.grpc.client.GrpcClientProtocolClient.<init>(GrpcClientProtocolClient.java:119)
	at org.apache.ratis.grpc.client.GrpcClientRpc.lambda$new$0(GrpcClientRpc.java:55)
	at org.apache.ratis.util.PeerProxyMap$PeerAndProxy.lambda$getProxy$0(PeerProxyMap.java:61)
	at org.apache.ratis.util.LifeCycle.startAndTransition(LifeCycle.java:202)
	at org.apache.ratis.util.PeerProxyMap$PeerAndProxy.getProxy(PeerProxyMap.java:60)
	at org.apache.ratis.util.PeerProxyMap.getProxy(PeerProxyMap.java:107)
	at org.apache.ratis.grpc.client.GrpcClientRpc.sendRequestAsync(GrpcClientRpc.java:66)
	at org.apache.ratis.client.impl.OrderedAsync.sendRequest(OrderedAsync.java:208)
	at org.apache.ratis.client.impl.OrderedAsync.sendRequestWithRetry(OrderedAsync.java:169)
	at org.apache.ratis.util.SlidingWindow$Client.sendOrDelayRequest(SlidingWindow.java:278)
	at org.apache.ratis.util.SlidingWindow$Client.retry(SlidingWindow.java:294)
	at org.apache.ratis.client.impl.OrderedAsync.lambda$scheduleWithTimeout$7(OrderedAsync.java:195)
	at org.apache.ratis.util.TimeoutScheduler.lambda$onTimeout$0(TimeoutScheduler.java:85)
	at org.apache.ratis.util.TimeoutScheduler.lambda$onTimeout$1(TimeoutScheduler.java:104)
	at org.apache.ratis.util.LogUtils.runAndLog(LogUtils.java:50)
	at org.apache.ratis.util.LogUtils$1.run(LogUtils.java:91)
	at java.util.concurrent.Executors$RunnableAdapter.call(Executors.java:511)
	at java.util.concurrent.FutureTask.run(FutureTask.java:266)
	at java.util.concurrent.ScheduledThreadPoolExecutor$ScheduledFutureTask.access$201(ScheduledThreadPoolExecutor.java:180)
	at java.util.concurrent.ScheduledThreadPoolExecutor$ScheduledFutureTask.run(ScheduledThreadPoolExecutor.java:293)
	at java.util.concurrent.ThreadPoolExecutor.runWorker(ThreadPoolExecutor.java:1149)
	at java.util.concurrent.ThreadPoolExecutor$Worker.run(ThreadPoolExecutor.java:624)
	at java.lang.Thread.run(Thread.java:748)

Jul 13, 2019 8:37:27 PM org.apache.ratis.thirdparty.io.grpc.internal.ManagedChannelOrphanWrapper$ManagedChannelReference cleanQueue
SEVERE: *~*~*~ Channel ManagedChannelImpl{logId=3190, target=192.168.5.168:35948} was not shutdown properly!!! ~*~*~*
    Make sure to call shutdown()/shutdownNow() and wait until awaitTermination() returns true.
java.lang.RuntimeException: ManagedChannel allocation site
	at org.apache.ratis.thirdparty.io.grpc.internal.ManagedChannelOrphanWrapper$ManagedChannelReference.<init>(ManagedChannelOrphanWrapper.java:103)
	at org.apache.ratis.thirdparty.io.grpc.internal.ManagedChannelOrphanWrapper.<init>(ManagedChannelOrphanWrapper.java:53)
	at org.apache.ratis.thirdparty.io.grpc.internal.ManagedChannelOrphanWrapper.<init>(ManagedChannelOrphanWrapper.java:44)
	at org.apache.ratis.thirdparty.io.grpc.internal.AbstractManagedChannelImplBuilder.build(AbstractManagedChannelImplBuilder.java:411)
	at org.apache.ratis.grpc.client.GrpcClientProtocolClient.<init>(GrpcClientProtocolClient.java:119)
	at org.apache.ratis.grpc.client.GrpcClientRpc.lambda$new$0(GrpcClientRpc.java:55)
	at org.apache.ratis.util.PeerProxyMap$PeerAndProxy.lambda$getProxy$0(PeerProxyMap.java:61)
	at org.apache.ratis.util.LifeCycle.startAndTransition(LifeCycle.java:202)
	at org.apache.ratis.util.PeerProxyMap$PeerAndProxy.getProxy(PeerProxyMap.java:60)
	at org.apache.ratis.util.PeerProxyMap.getProxy(PeerProxyMap.java:107)
	at org.apache.ratis.grpc.client.GrpcClientRpc.sendRequestAsync(GrpcClientRpc.java:66)
	at org.apache.ratis.client.impl.OrderedAsync.sendRequest(OrderedAsync.java:208)
	at org.apache.ratis.client.impl.OrderedAsync.sendRequestWithRetry(OrderedAsync.java:169)
	at org.apache.ratis.util.SlidingWindow$Client.sendOrDelayRequest(SlidingWindow.java:278)
	at org.apache.ratis.util.SlidingWindow$Client.retry(SlidingWindow.java:294)
	at org.apache.ratis.client.impl.OrderedAsync.lambda$scheduleWithTimeout$7(OrderedAsync.java:195)
	at org.apache.ratis.util.TimeoutScheduler.lambda$onTimeout$0(TimeoutScheduler.java:85)
	at org.apache.ratis.util.TimeoutScheduler.lambda$onTimeout$1(TimeoutScheduler.java:104)
	at org.apache.ratis.util.LogUtils.runAndLog(LogUtils.java:50)
	at org.apache.ratis.util.LogUtils$1.run(LogUtils.java:91)
	at java.util.concurrent.Executors$RunnableAdapter.call(Executors.java:511)
	at java.util.concurrent.FutureTask.run(FutureTask.java:266)
	at java.util.concurrent.ScheduledThreadPoolExecutor$ScheduledFutureTask.access$201(ScheduledThreadPoolExecutor.java:180)
	at java.util.concurrent.ScheduledThreadPoolExecutor$ScheduledFutureTask.run(ScheduledThreadPoolExecutor.java:293)
	at java.util.concurrent.ThreadPoolExecutor.runWorker(ThreadPoolExecutor.java:1149)
	at java.util.concurrent.ThreadPoolExecutor$Worker.run(ThreadPoolExecutor.java:624)
	at java.lang.Thread.run(Thread.java:748)

]]></system-err>
  </testcase>
  <testcase name="testWatchForCommitWithCloseContainerException" classname="org.apache.hadoop.ozone.client.rpc.TestBlockOutputStreamWithFailures" time="36.795">
    <error type="java.lang.IllegalArgumentException">java.lang.IllegalArgumentException
	at com.google.common.base.Preconditions.checkArgument(Preconditions.java:72)
	at org.apache.hadoop.hdds.scm.XceiverClientManager.acquireClient(XceiverClientManager.java:150)
	at org.apache.hadoop.hdds.scm.XceiverClientManager.acquireClientForReadData(XceiverClientManager.java:143)
	at org.apache.hadoop.hdds.scm.storage.BlockInputStream.getChunkInfos(BlockInputStream.java:154)
	at org.apache.hadoop.hdds.scm.storage.BlockInputStream.initialize(BlockInputStream.java:118)
	at org.apache.hadoop.hdds.scm.storage.BlockInputStream.read(BlockInputStream.java:222)
	at org.apache.hadoop.ozone.client.io.KeyInputStream.read(KeyInputStream.java:171)
	at org.apache.hadoop.ozone.client.io.OzoneInputStream.read(OzoneInputStream.java:47)
	at java.io.InputStream.read(InputStream.java:101)
	at org.apache.hadoop.ozone.container.ContainerTestHelper.validateData(ContainerTestHelper.java:709)
	at org.apache.hadoop.ozone.client.rpc.TestBlockOutputStreamWithFailures.validateData(TestBlockOutputStreamWithFailures.java:1212)
	at org.apache.hadoop.ozone.client.rpc.TestBlockOutputStreamWithFailures.testWatchForCommitWithCloseContainerException(TestBlockOutputStreamWithFailures.java:260)
	at sun.reflect.NativeMethodAccessorImpl.invoke0(Native Method)
	at sun.reflect.NativeMethodAccessorImpl.invoke(NativeMethodAccessorImpl.java:62)
	at sun.reflect.DelegatingMethodAccessorImpl.invoke(DelegatingMethodAccessorImpl.java:43)
	at java.lang.reflect.Method.invoke(Method.java:498)
	at org.junit.runners.model.FrameworkMethod$1.runReflectiveCall(FrameworkMethod.java:47)
	at org.junit.internal.runners.model.ReflectiveCallable.run(ReflectiveCallable.java:12)
	at org.junit.runners.model.FrameworkMethod.invokeExplosively(FrameworkMethod.java:44)
	at org.junit.internal.runners.statements.InvokeMethod.evaluate(InvokeMethod.java:17)
	at org.junit.internal.runners.statements.RunBefores.evaluate(RunBefores.java:26)
	at org.junit.internal.runners.statements.RunAfters.evaluate(RunAfters.java:27)
	at org.junit.runners.ParentRunner.runLeaf(ParentRunner.java:271)
	at org.junit.runners.BlockJUnit4ClassRunner.runChild(BlockJUnit4ClassRunner.java:70)
	at org.junit.runners.BlockJUnit4ClassRunner.runChild(BlockJUnit4ClassRunner.java:50)
	at org.junit.runners.ParentRunner$3.run(ParentRunner.java:238)
	at org.junit.runners.ParentRunner$1.schedule(ParentRunner.java:63)
	at org.junit.runners.ParentRunner.runChildren(ParentRunner.java:236)
	at org.junit.runners.ParentRunner.access$000(ParentRunner.java:53)
	at org.junit.runners.ParentRunner$2.evaluate(ParentRunner.java:229)
	at org.junit.runners.ParentRunner.run(ParentRunner.java:309)
	at org.apache.maven.surefire.junit4.JUnit4Provider.execute(JUnit4Provider.java:365)
	at org.apache.maven.surefire.junit4.JUnit4Provider.executeWithRerun(JUnit4Provider.java:273)
	at org.apache.maven.surefire.junit4.JUnit4Provider.executeTestSet(JUnit4Provider.java:238)
	at org.apache.maven.surefire.junit4.JUnit4Provider.invoke(JUnit4Provider.java:159)
	at org.apache.maven.surefire.booter.ForkedBooter.invokeProviderInSameClassLoader(ForkedBooter.java:384)
	at org.apache.maven.surefire.booter.ForkedBooter.runSuitesInProcess(ForkedBooter.java:345)
	at org.apache.maven.surefire.booter.ForkedBooter.execute(ForkedBooter.java:126)
	at org.apache.maven.surefire.booter.ForkedBooter.main(ForkedBooter.java:418)
</error>
    <system-out><![CDATA[2019-07-13 20:37:55,799 WARN  server.ServerUtils (ServerUtils.java:getScmDbDir(145)) - ozone.scm.db.dirs is not configured. We recommend adding this setting. Falling back to ozone.metadata.dirs instead.
2019-07-13 20:37:55,815 WARN  server.ServerUtils (ServerUtils.java:getScmDbDir(145)) - ozone.scm.db.dirs is not configured. We recommend adding this setting. Falling back to ozone.metadata.dirs instead.
2019-07-13 20:37:55,815 WARN  server.ServerUtils (ServerUtils.java:getScmDbDir(145)) - ozone.scm.db.dirs is not configured. We recommend adding this setting. Falling back to ozone.metadata.dirs instead.
2019-07-13 20:37:55,815 INFO  db.DBStoreBuilder (DBStoreBuilder.java:addTable(110)) - using custom profile for table: deletedBlocks
2019-07-13 20:37:55,816 INFO  db.DBStoreBuilder (DBStoreBuilder.java:processTables(161)) - Using default column profile:DBProfile.DISK for Table:deletedBlocks
2019-07-13 20:37:55,816 INFO  db.DBStoreBuilder (DBStoreBuilder.java:addTable(110)) - using custom profile for table: validCerts
2019-07-13 20:37:55,816 INFO  db.DBStoreBuilder (DBStoreBuilder.java:processTables(161)) - Using default column profile:DBProfile.DISK for Table:validCerts
2019-07-13 20:37:55,816 INFO  db.DBStoreBuilder (DBStoreBuilder.java:addTable(110)) - using custom profile for table: revokedCerts
2019-07-13 20:37:55,817 INFO  db.DBStoreBuilder (DBStoreBuilder.java:processTables(161)) - Using default column profile:DBProfile.DISK for Table:revokedCerts
2019-07-13 20:37:55,817 INFO  db.DBStoreBuilder (DBStoreBuilder.java:addTable(110)) - using custom profile for table: default
2019-07-13 20:37:55,817 INFO  db.DBStoreBuilder (DBStoreBuilder.java:processTables(167)) - Using default column profile:DBProfile.DISK for Table:default
2019-07-13 20:37:55,817 INFO  db.DBStoreBuilder (DBStoreBuilder.java:getDbProfile(198)) - Using default options. DBProfile.DISK
2019-07-13 20:37:55,899 INFO  net.NodeSchemaLoader (NodeSchemaLoader.java:loadSchemaFromFile(125)) - Loading file from sun.misc.CompoundEnumeration@227cba85
2019-07-13 20:37:55,899 INFO  net.NodeSchemaLoader (NodeSchemaLoader.java:loadSchema(171)) - Loading network topology layer schema file
2019-07-13 20:37:55,904 INFO  node.SCMNodeManager (SCMNodeManager.java:<init>(119)) - Entering startup safe mode.
2019-07-13 20:37:55,905 WARN  server.ServerUtils (ServerUtils.java:getScmDbDir(145)) - ozone.scm.db.dirs is not configured. We recommend adding this setting. Falling back to ozone.metadata.dirs instead.
2019-07-13 20:37:55,929 INFO  pipeline.SCMPipelineManager (SCMPipelineManager.java:initializePipelineState(126)) - No pipeline exists in current db
2019-07-13 20:37:55,929 WARN  server.ServerUtils (ServerUtils.java:getScmDbDir(145)) - ozone.scm.db.dirs is not configured. We recommend adding this setting. Falling back to ozone.metadata.dirs instead.
2019-07-13 20:37:55,955 WARN  events.EventQueue (EventQueue.java:fireEvent(175)) - No event handler registered for event TypedEvent{payloadType=SafeModeStatus, name='SafeModeStatus'}
2019-07-13 20:37:55,956 INFO  ipc.CallQueueManager (CallQueueManager.java:<init>(84)) - Using callQueue: class java.util.concurrent.LinkedBlockingQueue, queueCapacity: 2000, scheduler: class org.apache.hadoop.ipc.DefaultRpcScheduler, ipcBackoff: false.
2019-07-13 20:37:55,957 INFO  ipc.Server (Server.java:run(1074)) - Starting Socket Reader #1 for port 46415
2019-07-13 20:37:55,959 INFO  ipc.CallQueueManager (CallQueueManager.java:<init>(84)) - Using callQueue: class java.util.concurrent.LinkedBlockingQueue, queueCapacity: 2000, scheduler: class org.apache.hadoop.ipc.DefaultRpcScheduler, ipcBackoff: false.
2019-07-13 20:37:55,960 INFO  ipc.Server (Server.java:run(1074)) - Starting Socket Reader #1 for port 41644
2019-07-13 20:37:55,961 INFO  ipc.CallQueueManager (CallQueueManager.java:<init>(84)) - Using callQueue: class java.util.concurrent.LinkedBlockingQueue, queueCapacity: 2000, scheduler: class org.apache.hadoop.ipc.DefaultRpcScheduler, ipcBackoff: false.
2019-07-13 20:37:55,962 INFO  ipc.Server (Server.java:run(1074)) - Starting Socket Reader #1 for port 35516
2019-07-13 20:37:55,966 INFO  hdfs.DFSUtil (DFSUtil.java:httpServerTemplateForNNAndJN(1641)) - Starting Web-server for scm at: http://0.0.0.0:0
2019-07-13 20:37:55,968 INFO  server.AuthenticationFilter (AuthenticationFilter.java:constructSecretProvider(240)) - Unable to initialize FileSignerSecretProvider, falling back to use random secrets.
2019-07-13 20:37:55,969 WARN  http.HttpRequestLog (HttpRequestLog.java:getRequestLog(97)) - Jetty request log can only be enabled using Log4j
2019-07-13 20:37:55,971 INFO  http.HttpServer2 (HttpServer2.java:addGlobalFilter(975)) - Added global filter 'safety' (class=org.apache.hadoop.http.HttpServer2$QuotingInputFilter)
2019-07-13 20:37:55,972 INFO  http.HttpServer2 (HttpServer2.java:addFilter(948)) - Added filter static_user_filter (class=org.apache.hadoop.http.lib.StaticUserWebFilter$StaticUserFilter) to context scm
2019-07-13 20:37:55,972 INFO  http.HttpServer2 (HttpServer2.java:addFilter(958)) - Added filter static_user_filter (class=org.apache.hadoop.http.lib.StaticUserWebFilter$StaticUserFilter) to context logs
2019-07-13 20:37:55,972 INFO  http.HttpServer2 (HttpServer2.java:addFilter(958)) - Added filter static_user_filter (class=org.apache.hadoop.http.lib.StaticUserWebFilter$StaticUserFilter) to context static
2019-07-13 20:37:55,974 INFO  server.StorageContainerManager (StorageContainerManager.java:start(759)) - StorageContainerLocationProtocol RPC server is listening at /0.0.0.0:35516
2019-07-13 20:37:55,977 WARN  impl.MetricsConfig (MetricsConfig.java:loadFirst(134)) - Cannot locate configuration: tried hadoop-metrics2-storagecontainermanager.properties,hadoop-metrics2.properties
2019-07-13 20:37:55,978 INFO  impl.MetricsSystemImpl (MetricsSystemImpl.java:startTimer(374)) - Scheduled Metric snapshot period at 10 second(s).
2019-07-13 20:37:55,978 INFO  impl.MetricsSystemImpl (MetricsSystemImpl.java:start(191)) - StorageContainerManager metrics system started
2019-07-13 20:37:56,043 INFO  server.SCMClientProtocolServer (SCMClientProtocolServer.java:start(149)) - RPC server for Client  is listening at /0.0.0.0:35516
2019-07-13 20:37:56,045 INFO  ipc.Server (Server.java:run(1314)) - IPC Server Responder: starting
2019-07-13 20:37:56,045 INFO  ipc.Server (Server.java:run(1153)) - IPC Server listener on 35516: starting
2019-07-13 20:37:56,050 INFO  server.StorageContainerManager (StorageContainerManager.java:start(768)) - ScmBlockLocationProtocol RPC server is listening at /0.0.0.0:41644
2019-07-13 20:37:56,050 INFO  server.SCMBlockProtocolServer (SCMBlockProtocolServer.java:start(140)) - RPC server for Block Protocol is listening at /0.0.0.0:41644
2019-07-13 20:37:56,051 INFO  ipc.Server (Server.java:run(1153)) - IPC Server listener on 41644: starting
2019-07-13 20:37:56,055 INFO  ipc.Server (Server.java:run(1314)) - IPC Server Responder: starting
2019-07-13 20:37:56,057 INFO  server.StorageContainerManager (StorageContainerManager.java:start(772)) - ScmDatanodeProtocl RPC server is listening at /0.0.0.0:46415
2019-07-13 20:37:56,058 INFO  server.SCMDatanodeProtocolServer (SCMDatanodeProtocolServer.java:start(191)) - RPC server for DataNodes is listening at /0.0.0.0:46415
2019-07-13 20:37:56,058 INFO  ipc.Server (Server.java:run(1314)) - IPC Server Responder: starting
2019-07-13 20:37:56,058 INFO  ipc.Server (Server.java:run(1153)) - IPC Server listener on 46415: starting
2019-07-13 20:37:56,063 INFO  http.HttpServer2 (HttpServer2.java:bindListener(1191)) - Jetty bound to port 40024
2019-07-13 20:37:56,063 INFO  server.Server (Server.java:doStart(351)) - jetty-9.3.24.v20180605, build timestamp: 2018-06-05T17:11:56Z, git hash: 84205aa28f11a4f31f2a3b86d1bba2cc8ab69827
2019-07-13 20:37:56,065 INFO  handler.ContextHandler (ContextHandler.java:doStart(781)) - Started o.e.j.s.ServletContextHandler@1c7159d5{/logs,file:///tmp/workdir/hadoop-ozone/integration-test/target/log,AVAILABLE}
2019-07-13 20:37:56,066 INFO  handler.ContextHandler (ContextHandler.java:doStart(781)) - Started o.e.j.s.ServletContextHandler@1659a0ff{/static,file:///tmp/workdir/hadoop-ozone/integration-test/target/test-classes/webapps/static,AVAILABLE}
2019-07-13 20:37:56,071 INFO  handler.ContextHandler (ContextHandler.java:doStart(781)) - Started o.e.j.w.WebAppContext@10faebc9{/,file:///tmp/workdir/hadoop-ozone/integration-test/target/test-classes/webapps/scm/,AVAILABLE}{/scm}
2019-07-13 20:37:56,072 INFO  server.AbstractConnector (AbstractConnector.java:doStart(278)) - Started ServerConnector@3927de0e{HTTP/1.1,[http/1.1]}{0.0.0.0:40024}
2019-07-13 20:37:56,073 INFO  server.Server (Server.java:doStart(419)) - Started @667837ms
2019-07-13 20:37:56,074 INFO  server.BaseHttpServer (BaseHttpServer.java:updateConnectorAddress(207)) - HTTP server of SCM is listening at http://0.0.0.0:40024
2019-07-13 20:37:56,074 WARN  server.ServerUtils (ServerUtils.java:getDBPath(222)) - ozone.om.db.dirs is not configured. We recommend adding this setting. Falling back to ozone.metadata.dirs instead.
2019-07-13 20:37:56,075 INFO  util.JvmPauseMonitor (JvmPauseMonitor.java:run(188)) - Starting JVM pause monitor
2019-07-13 20:37:56,087 WARN  server.ServerUtils (ServerUtils.java:getDBPath(222)) - ozone.om.db.dirs is not configured. We recommend adding this setting. Falling back to ozone.metadata.dirs instead.
2019-07-13 20:37:56,088 INFO  om.OzoneManager (OzoneManager.java:setOMNodeDetails(630)) - OM Service ID is not set. Setting it to the default ID: omServiceIdDefault
2019-07-13 20:37:56,088 INFO  om.OzoneManager (OzoneManager.java:setOMNodeDetails(636)) - OM Node ID is not set. Setting it to the OmStorage's OmID: 51a79b29-a884-457a-bf89-e45145d39426
2019-07-13 20:37:56,088 INFO  om.OzoneManager (OzoneManager.java:loadOMHAConfigs(587)) - Found matching OM address with OMServiceId: null, OMNodeId: null, RPC Address: localhost:0 and Ratis port: 9872
2019-07-13 20:37:56,095 WARN  server.ServerUtils (ServerUtils.java:getDBPath(222)) - ozone.om.db.dirs is not configured. We recommend adding this setting. Falling back to ozone.metadata.dirs instead.
2019-07-13 20:37:56,095 INFO  db.DBStoreBuilder (DBStoreBuilder.java:addTable(110)) - using custom profile for table: userTable
2019-07-13 20:37:56,095 INFO  db.DBStoreBuilder (DBStoreBuilder.java:processTables(161)) - Using default column profile:DBProfile.DISK for Table:userTable
2019-07-13 20:37:56,095 INFO  db.DBStoreBuilder (DBStoreBuilder.java:addTable(110)) - using custom profile for table: volumeTable
2019-07-13 20:37:56,095 INFO  db.DBStoreBuilder (DBStoreBuilder.java:processTables(161)) - Using default column profile:DBProfile.DISK for Table:volumeTable
2019-07-13 20:37:56,096 INFO  db.DBStoreBuilder (DBStoreBuilder.java:addTable(110)) - using custom profile for table: bucketTable
2019-07-13 20:37:56,096 INFO  db.DBStoreBuilder (DBStoreBuilder.java:processTables(161)) - Using default column profile:DBProfile.DISK for Table:bucketTable
2019-07-13 20:37:56,096 INFO  db.DBStoreBuilder (DBStoreBuilder.java:addTable(110)) - using custom profile for table: keyTable
2019-07-13 20:37:56,096 INFO  db.DBStoreBuilder (DBStoreBuilder.java:processTables(161)) - Using default column profile:DBProfile.DISK for Table:keyTable
2019-07-13 20:37:56,096 INFO  db.DBStoreBuilder (DBStoreBuilder.java:addTable(110)) - using custom profile for table: deletedTable
2019-07-13 20:37:56,096 INFO  db.DBStoreBuilder (DBStoreBuilder.java:processTables(161)) - Using default column profile:DBProfile.DISK for Table:deletedTable
2019-07-13 20:37:56,097 INFO  db.DBStoreBuilder (DBStoreBuilder.java:addTable(110)) - using custom profile for table: openKeyTable
2019-07-13 20:37:56,097 INFO  db.DBStoreBuilder (DBStoreBuilder.java:processTables(161)) - Using default column profile:DBProfile.DISK for Table:openKeyTable
2019-07-13 20:37:56,097 INFO  db.DBStoreBuilder (DBStoreBuilder.java:addTable(110)) - using custom profile for table: s3Table
2019-07-13 20:37:56,097 INFO  db.DBStoreBuilder (DBStoreBuilder.java:processTables(161)) - Using default column profile:DBProfile.DISK for Table:s3Table
2019-07-13 20:37:56,097 INFO  db.DBStoreBuilder (DBStoreBuilder.java:addTable(110)) - using custom profile for table: multipartInfoTable
2019-07-13 20:37:56,097 INFO  db.DBStoreBuilder (DBStoreBuilder.java:processTables(161)) - Using default column profile:DBProfile.DISK for Table:multipartInfoTable
2019-07-13 20:37:56,098 INFO  db.DBStoreBuilder (DBStoreBuilder.java:addTable(110)) - using custom profile for table: dTokenTable
2019-07-13 20:37:56,098 INFO  db.DBStoreBuilder (DBStoreBuilder.java:processTables(161)) - Using default column profile:DBProfile.DISK for Table:dTokenTable
2019-07-13 20:37:56,098 INFO  db.DBStoreBuilder (DBStoreBuilder.java:addTable(110)) - using custom profile for table: s3SecretTable
2019-07-13 20:37:56,098 INFO  db.DBStoreBuilder (DBStoreBuilder.java:processTables(161)) - Using default column profile:DBProfile.DISK for Table:s3SecretTable
2019-07-13 20:37:56,098 INFO  db.DBStoreBuilder (DBStoreBuilder.java:addTable(110)) - using custom profile for table: prefixTable
2019-07-13 20:37:56,098 INFO  db.DBStoreBuilder (DBStoreBuilder.java:processTables(161)) - Using default column profile:DBProfile.DISK for Table:prefixTable
2019-07-13 20:37:56,098 INFO  db.DBStoreBuilder (DBStoreBuilder.java:addTable(110)) - using custom profile for table: default
2019-07-13 20:37:56,099 INFO  db.DBStoreBuilder (DBStoreBuilder.java:processTables(167)) - Using default column profile:DBProfile.DISK for Table:default
2019-07-13 20:37:56,099 INFO  db.DBStoreBuilder (DBStoreBuilder.java:getDbProfile(198)) - Using default options. DBProfile.DISK
2019-07-13 20:37:56,325 INFO  ipc.CallQueueManager (CallQueueManager.java:<init>(84)) - Using callQueue: class java.util.concurrent.LinkedBlockingQueue, queueCapacity: 2000, scheduler: class org.apache.hadoop.ipc.DefaultRpcScheduler, ipcBackoff: false.
2019-07-13 20:37:56,325 INFO  ipc.Server (Server.java:run(1074)) - Starting Socket Reader #1 for port 35288
2019-07-13 20:37:56,338 WARN  server.ServerUtils (ServerUtils.java:getDBPath(222)) - ozone.om.db.dirs is not configured. We recommend adding this setting. Falling back to ozone.metadata.dirs instead.
2019-07-13 20:37:56,338 INFO  om.OzoneManager (OzoneManager.java:start(1228)) - OzoneManager RPC server is listening at localhost/127.0.0.1:35288
2019-07-13 20:37:56,338 INFO  impl.MetricsSystemImpl (MetricsSystemImpl.java:init(158)) - OzoneManager metrics system started (again)
2019-07-13 20:37:56,339 INFO  ipc.Server (Server.java:run(1314)) - IPC Server Responder: starting
2019-07-13 20:37:56,340 INFO  ipc.Server (Server.java:run(1153)) - IPC Server listener on 35288: starting
2019-07-13 20:37:56,345 INFO  hdfs.DFSUtil (DFSUtil.java:httpServerTemplateForNNAndJN(1641)) - Starting Web-server for ozoneManager at: http://0.0.0.0:0
2019-07-13 20:37:56,346 INFO  server.AuthenticationFilter (AuthenticationFilter.java:constructSecretProvider(240)) - Unable to initialize FileSignerSecretProvider, falling back to use random secrets.
2019-07-13 20:37:56,346 WARN  http.HttpRequestLog (HttpRequestLog.java:getRequestLog(97)) - Jetty request log can only be enabled using Log4j
2019-07-13 20:37:56,348 INFO  http.HttpServer2 (HttpServer2.java:addGlobalFilter(975)) - Added global filter 'safety' (class=org.apache.hadoop.http.HttpServer2$QuotingInputFilter)
2019-07-13 20:37:56,348 INFO  http.HttpServer2 (HttpServer2.java:addFilter(948)) - Added filter static_user_filter (class=org.apache.hadoop.http.lib.StaticUserWebFilter$StaticUserFilter) to context ozoneManager
2019-07-13 20:37:56,348 INFO  http.HttpServer2 (HttpServer2.java:addFilter(958)) - Added filter static_user_filter (class=org.apache.hadoop.http.lib.StaticUserWebFilter$StaticUserFilter) to context static
2019-07-13 20:37:56,348 INFO  http.HttpServer2 (HttpServer2.java:addFilter(958)) - Added filter static_user_filter (class=org.apache.hadoop.http.lib.StaticUserWebFilter$StaticUserFilter) to context logs
2019-07-13 20:37:56,349 INFO  http.HttpServer2 (HttpServer2.java:bindListener(1191)) - Jetty bound to port 41945
2019-07-13 20:37:56,349 INFO  server.Server (Server.java:doStart(351)) - jetty-9.3.24.v20180605, build timestamp: 2018-06-05T17:11:56Z, git hash: 84205aa28f11a4f31f2a3b86d1bba2cc8ab69827
2019-07-13 20:37:56,350 INFO  handler.ContextHandler (ContextHandler.java:doStart(781)) - Started o.e.j.s.ServletContextHandler@25874884{/logs,file:///tmp/workdir/hadoop-ozone/integration-test/target/log,AVAILABLE}
2019-07-13 20:37:56,351 INFO  handler.ContextHandler (ContextHandler.java:doStart(781)) - Started o.e.j.s.ServletContextHandler@274f51ad{/static,file:///tmp/workdir/hadoop-ozone/integration-test/target/test-classes/webapps/static,AVAILABLE}
2019-07-13 20:37:56,354 INFO  handler.ContextHandler (ContextHandler.java:doStart(781)) - Started o.e.j.w.WebAppContext@1f9b86f5{/,file:///tmp/workdir/hadoop-ozone/integration-test/target/test-classes/webapps/ozoneManager/,AVAILABLE}{/ozoneManager}
2019-07-13 20:37:56,354 INFO  server.AbstractConnector (AbstractConnector.java:doStart(278)) - Started ServerConnector@15aa3084{HTTP/1.1,[http/1.1]}{0.0.0.0:41945}
2019-07-13 20:37:56,354 INFO  server.Server (Server.java:doStart(419)) - Started @668118ms
2019-07-13 20:37:56,356 INFO  server.BaseHttpServer (BaseHttpServer.java:updateConnectorAddress(207)) - HTTP server of OZONEMANAGER is listening at http://0.0.0.0:41945
2019-07-13 20:37:56,367 INFO  impl.MetricsSystemImpl (MetricsSystemImpl.java:init(158)) - HddsDatanode metrics system started (again)
2019-07-13 20:37:56,367 INFO  ozone.HddsDatanodeService (HddsDatanodeService.java:start(185)) - HddsDatanodeService host:trunk-nightly-6qp7m-2461138711 ip:192.168.5.168
2019-07-13 20:37:56,379 INFO  volume.HddsVolume (HddsVolume.java:<init>(176)) - Creating Volume: /tmp/workdir/hadoop-ozone/integration-test/target/test-dir/MiniOzoneClusterImpl-1f1962dc-bf0d-43a8-81db-407fa95944b0/datanode-0/data/containers/hdds of  storage type : DISK and capacity : 52710309888
2019-07-13 20:37:56,380 INFO  volume.VolumeSet (VolumeSet.java:initializeVolumeSet(170)) - Added Volume : /tmp/workdir/hadoop-ozone/integration-test/target/test-dir/MiniOzoneClusterImpl-1f1962dc-bf0d-43a8-81db-407fa95944b0/datanode-0/data/containers/hdds to VolumeSet
2019-07-13 20:37:56,380 INFO  volume.ThrottledAsyncChecker (ThrottledAsyncChecker.java:schedule(140)) - Scheduling a check for org.apache.hadoop.ozone.container.common.volume.HddsVolume@626967a0
2019-07-13 20:37:56,380 INFO  volume.HddsVolumeChecker (HddsVolumeChecker.java:checkAllVolumes(203)) - Scheduled health check for volume org.apache.hadoop.ozone.container.common.volume.HddsVolume@626967a0
2019-07-13 20:37:56,393 INFO  impl.RaftServerProxy (ConfUtils.java:logGet(43)) - raft.rpc.type = GRPC (default)
2019-07-13 20:37:56,394 INFO  grpc.GrpcFactory (GrpcFactory.java:checkPooledByteBufAllocatorUseCacheForAllThreads(45)) - PERFORMANCE WARNING: useCacheForAllThreads is true that may cause Netty to create a lot garbage objects and, as a result, trigger GC.
	It is recommended to disable useCacheForAllThreads by setting -Dorg.apache.ratis.thirdparty.io.netty.allocator.useCacheForAllThreads=false in command line.
2019-07-13 20:37:56,394 INFO  grpc.GrpcConfigKeys$Server (ConfUtils.java:logGet(43)) - raft.grpc.server.port = 0 (default)
2019-07-13 20:37:56,394 INFO  server.GrpcService (ConfUtils.java:logGet(43)) - raft.grpc.message.size.max = 33570816 (custom)
2019-07-13 20:37:56,394 INFO  server.RaftServerConfigKeys (ConfUtils.java:logGet(43)) - raft.server.log.appender.buffer.byte-limit = 33554432 (custom)
2019-07-13 20:37:56,394 INFO  server.GrpcService (ConfUtils.java:logGet(43)) - raft.grpc.flow.control.window = 1MB (=1048576) (default)
2019-07-13 20:37:56,395 INFO  server.RaftServerConfigKeys (ConfUtils.java:logGet(43)) - raft.server.rpc.request.timeout = 3000ms (default)
2019-07-13 20:37:56,395 INFO  server.RaftServerConfigKeys (ConfUtils.java:logGet(43)) - raft.server.storage.dir = [/tmp/workdir/hadoop-ozone/integration-test/target/test-dir/MiniOzoneClusterImpl-1f1962dc-bf0d-43a8-81db-407fa95944b0/datanode-0/data/ratis] (custom)
2019-07-13 20:37:56,395 INFO  replication.SimpleContainerDownloader (SimpleContainerDownloader.java:<init>(72)) - Starting container downloader service to copy containers to replicate.
2019-07-13 20:37:56,396 INFO  hdfs.DFSUtil (DFSUtil.java:httpServerTemplateForNNAndJN(1641)) - Starting Web-server for hddsDatanode at: http://0.0.0.0:0
2019-07-13 20:37:56,397 INFO  server.AuthenticationFilter (AuthenticationFilter.java:constructSecretProvider(240)) - Unable to initialize FileSignerSecretProvider, falling back to use random secrets.
2019-07-13 20:37:56,398 WARN  http.HttpRequestLog (HttpRequestLog.java:getRequestLog(97)) - Jetty request log can only be enabled using Log4j
2019-07-13 20:37:56,399 INFO  http.HttpServer2 (HttpServer2.java:addGlobalFilter(975)) - Added global filter 'safety' (class=org.apache.hadoop.http.HttpServer2$QuotingInputFilter)
2019-07-13 20:37:56,399 INFO  http.HttpServer2 (HttpServer2.java:addFilter(948)) - Added filter static_user_filter (class=org.apache.hadoop.http.lib.StaticUserWebFilter$StaticUserFilter) to context hddsDatanode
2019-07-13 20:37:56,399 INFO  http.HttpServer2 (HttpServer2.java:addFilter(958)) - Added filter static_user_filter (class=org.apache.hadoop.http.lib.StaticUserWebFilter$StaticUserFilter) to context logs
2019-07-13 20:37:56,399 INFO  http.HttpServer2 (HttpServer2.java:addFilter(958)) - Added filter static_user_filter (class=org.apache.hadoop.http.lib.StaticUserWebFilter$StaticUserFilter) to context static
2019-07-13 20:37:56,400 INFO  http.HttpServer2 (HttpServer2.java:bindListener(1191)) - Jetty bound to port 32950
2019-07-13 20:37:56,400 INFO  server.Server (Server.java:doStart(351)) - jetty-9.3.24.v20180605, build timestamp: 2018-06-05T17:11:56Z, git hash: 84205aa28f11a4f31f2a3b86d1bba2cc8ab69827
2019-07-13 20:37:56,401 INFO  handler.ContextHandler (ContextHandler.java:doStart(781)) - Started o.e.j.s.ServletContextHandler@4f143176{/logs,file:///tmp/workdir/hadoop-ozone/integration-test/target/log,AVAILABLE}
2019-07-13 20:37:56,402 INFO  handler.ContextHandler (ContextHandler.java:doStart(781)) - Started o.e.j.s.ServletContextHandler@4f8186a5{/static,jar:file:/home/user/.m2/repository/org/apache/hadoop/hadoop-hdds-container-service/0.5.0-SNAPSHOT/hadoop-hdds-container-service-0.5.0-SNAPSHOT.jar!/webapps/static,AVAILABLE}
2019-07-13 20:37:56,430 INFO  handler.ContextHandler (ContextHandler.java:doStart(781)) - Started o.e.j.w.WebAppContext@1ad4ff2a{/,file:///tmp/jetty-0.0.0.0-32950-hddsDatanode-_-any-6914652072136544152.dir/webapp/,AVAILABLE}{/hddsDatanode}
2019-07-13 20:37:56,430 INFO  server.AbstractConnector (AbstractConnector.java:doStart(278)) - Started ServerConnector@625ae6d{HTTP/1.1,[http/1.1]}{0.0.0.0:32950}
2019-07-13 20:37:56,431 INFO  server.Server (Server.java:doStart(419)) - Started @668194ms
2019-07-13 20:37:56,432 INFO  server.BaseHttpServer (BaseHttpServer.java:updateConnectorAddress(207)) - HTTP server of HDDSDATANODE is listening at http://0.0.0.0:32950
2019-07-13 20:37:56,544 INFO  ozone.HddsDatanodeService (HddsDatanodeService.java:startPlugins(396)) - Started plug-in org.apache.hadoop.ozone.web.OzoneHddsDatanodeService@6f914212
2019-07-13 20:37:56,545 INFO  impl.MetricsSystemImpl (MetricsSystemImpl.java:init(158)) - HddsDatanode metrics system started (again)
2019-07-13 20:37:56,547 INFO  ozone.HddsDatanodeService (HddsDatanodeService.java:start(185)) - HddsDatanodeService host:trunk-nightly-6qp7m-2461138711 ip:192.168.5.168
2019-07-13 20:37:56,548 INFO  util.JvmPauseMonitor (JvmPauseMonitor.java:run(188)) - Starting JVM pause monitor
2019-07-13 20:37:56,550 INFO  datanode.InitDatanodeState (InitDatanodeState.java:persistContainerDatanodeDetails(140)) - DatanodeDetails is persisted to /tmp/workdir/hadoop-ozone/integration-test/target/test-dir/MiniOzoneClusterImpl-1f1962dc-bf0d-43a8-81db-407fa95944b0/datanode-0/meta/datanode.id
2019-07-13 20:37:56,560 INFO  volume.HddsVolume (HddsVolume.java:<init>(176)) - Creating Volume: /tmp/workdir/hadoop-ozone/integration-test/target/test-dir/MiniOzoneClusterImpl-1f1962dc-bf0d-43a8-81db-407fa95944b0/datanode-1/data/containers/hdds of  storage type : DISK and capacity : 52710309888
2019-07-13 20:37:56,560 INFO  volume.VolumeSet (VolumeSet.java:initializeVolumeSet(170)) - Added Volume : /tmp/workdir/hadoop-ozone/integration-test/target/test-dir/MiniOzoneClusterImpl-1f1962dc-bf0d-43a8-81db-407fa95944b0/datanode-1/data/containers/hdds to VolumeSet
2019-07-13 20:37:56,560 INFO  volume.ThrottledAsyncChecker (ThrottledAsyncChecker.java:schedule(140)) - Scheduling a check for org.apache.hadoop.ozone.container.common.volume.HddsVolume@20de9df
2019-07-13 20:37:56,561 INFO  volume.HddsVolumeChecker (HddsVolumeChecker.java:checkAllVolumes(203)) - Scheduled health check for volume org.apache.hadoop.ozone.container.common.volume.HddsVolume@20de9df
2019-07-13 20:37:56,574 INFO  impl.RaftServerProxy (ConfUtils.java:logGet(43)) - raft.rpc.type = GRPC (default)
2019-07-13 20:37:56,574 INFO  grpc.GrpcFactory (GrpcFactory.java:checkPooledByteBufAllocatorUseCacheForAllThreads(45)) - PERFORMANCE WARNING: useCacheForAllThreads is true that may cause Netty to create a lot garbage objects and, as a result, trigger GC.
	It is recommended to disable useCacheForAllThreads by setting -Dorg.apache.ratis.thirdparty.io.netty.allocator.useCacheForAllThreads=false in command line.
2019-07-13 20:37:56,575 INFO  grpc.GrpcConfigKeys$Server (ConfUtils.java:logGet(43)) - raft.grpc.server.port = 0 (default)
2019-07-13 20:37:56,575 INFO  server.GrpcService (ConfUtils.java:logGet(43)) - raft.grpc.message.size.max = 33570816 (custom)
2019-07-13 20:37:56,575 INFO  server.RaftServerConfigKeys (ConfUtils.java:logGet(43)) - raft.server.log.appender.buffer.byte-limit = 33554432 (custom)
2019-07-13 20:37:56,575 INFO  server.GrpcService (ConfUtils.java:logGet(43)) - raft.grpc.flow.control.window = 1MB (=1048576) (default)
2019-07-13 20:37:56,575 INFO  server.RaftServerConfigKeys (ConfUtils.java:logGet(43)) - raft.server.rpc.request.timeout = 3000ms (default)
2019-07-13 20:37:56,576 INFO  server.RaftServerConfigKeys (ConfUtils.java:logGet(43)) - raft.server.storage.dir = [/tmp/workdir/hadoop-ozone/integration-test/target/test-dir/MiniOzoneClusterImpl-1f1962dc-bf0d-43a8-81db-407fa95944b0/datanode-1/data/ratis] (custom)
2019-07-13 20:37:56,576 INFO  replication.SimpleContainerDownloader (SimpleContainerDownloader.java:<init>(72)) - Starting container downloader service to copy containers to replicate.
2019-07-13 20:37:56,580 INFO  hdfs.DFSUtil (DFSUtil.java:httpServerTemplateForNNAndJN(1641)) - Starting Web-server for hddsDatanode at: http://0.0.0.0:0
2019-07-13 20:37:56,581 INFO  server.AuthenticationFilter (AuthenticationFilter.java:constructSecretProvider(240)) - Unable to initialize FileSignerSecretProvider, falling back to use random secrets.
2019-07-13 20:37:56,581 WARN  http.HttpRequestLog (HttpRequestLog.java:getRequestLog(97)) - Jetty request log can only be enabled using Log4j
2019-07-13 20:37:56,582 INFO  http.HttpServer2 (HttpServer2.java:addGlobalFilter(975)) - Added global filter 'safety' (class=org.apache.hadoop.http.HttpServer2$QuotingInputFilter)
2019-07-13 20:37:56,582 INFO  http.HttpServer2 (HttpServer2.java:addFilter(948)) - Added filter static_user_filter (class=org.apache.hadoop.http.lib.StaticUserWebFilter$StaticUserFilter) to context hddsDatanode
2019-07-13 20:37:56,583 INFO  http.HttpServer2 (HttpServer2.java:addFilter(958)) - Added filter static_user_filter (class=org.apache.hadoop.http.lib.StaticUserWebFilter$StaticUserFilter) to context static
2019-07-13 20:37:56,583 INFO  http.HttpServer2 (HttpServer2.java:addFilter(958)) - Added filter static_user_filter (class=org.apache.hadoop.http.lib.StaticUserWebFilter$StaticUserFilter) to context logs
2019-07-13 20:37:56,583 INFO  http.HttpServer2 (HttpServer2.java:bindListener(1191)) - Jetty bound to port 37286
2019-07-13 20:37:56,584 INFO  server.Server (Server.java:doStart(351)) - jetty-9.3.24.v20180605, build timestamp: 2018-06-05T17:11:56Z, git hash: 84205aa28f11a4f31f2a3b86d1bba2cc8ab69827
2019-07-13 20:37:56,585 INFO  handler.ContextHandler (ContextHandler.java:doStart(781)) - Started o.e.j.s.ServletContextHandler@26c6be2d{/logs,file:///tmp/workdir/hadoop-ozone/integration-test/target/log,AVAILABLE}
2019-07-13 20:37:56,585 INFO  handler.ContextHandler (ContextHandler.java:doStart(781)) - Started o.e.j.s.ServletContextHandler@56313529{/static,jar:file:/home/user/.m2/repository/org/apache/hadoop/hadoop-hdds-container-service/0.5.0-SNAPSHOT/hadoop-hdds-container-service-0.5.0-SNAPSHOT.jar!/webapps/static,AVAILABLE}
2019-07-13 20:37:56,617 INFO  handler.ContextHandler (ContextHandler.java:doStart(781)) - Started o.e.j.w.WebAppContext@6231bb88{/,file:///tmp/jetty-0.0.0.0-37286-hddsDatanode-_-any-4270235272405060091.dir/webapp/,AVAILABLE}{/hddsDatanode}
2019-07-13 20:37:56,617 INFO  server.AbstractConnector (AbstractConnector.java:doStart(278)) - Started ServerConnector@331886ac{HTTP/1.1,[http/1.1]}{0.0.0.0:37286}
2019-07-13 20:37:56,617 INFO  server.Server (Server.java:doStart(419)) - Started @668381ms
2019-07-13 20:37:56,620 INFO  server.BaseHttpServer (BaseHttpServer.java:updateConnectorAddress(207)) - HTTP server of HDDSDATANODE is listening at http://0.0.0.0:37286
2019-07-13 20:37:56,730 INFO  ozone.HddsDatanodeService (HddsDatanodeService.java:startPlugins(396)) - Started plug-in org.apache.hadoop.ozone.web.OzoneHddsDatanodeService@4e1fd34b
2019-07-13 20:37:56,730 INFO  impl.MetricsSystemImpl (MetricsSystemImpl.java:init(158)) - HddsDatanode metrics system started (again)
2019-07-13 20:37:56,733 INFO  ozone.HddsDatanodeService (HddsDatanodeService.java:start(185)) - HddsDatanodeService host:trunk-nightly-6qp7m-2461138711 ip:192.168.5.168
2019-07-13 20:37:56,734 INFO  util.JvmPauseMonitor (JvmPauseMonitor.java:run(188)) - Starting JVM pause monitor
2019-07-13 20:37:56,736 INFO  datanode.InitDatanodeState (InitDatanodeState.java:persistContainerDatanodeDetails(140)) - DatanodeDetails is persisted to /tmp/workdir/hadoop-ozone/integration-test/target/test-dir/MiniOzoneClusterImpl-1f1962dc-bf0d-43a8-81db-407fa95944b0/datanode-1/meta/datanode.id
2019-07-13 20:37:56,746 INFO  volume.HddsVolume (HddsVolume.java:<init>(176)) - Creating Volume: /tmp/workdir/hadoop-ozone/integration-test/target/test-dir/MiniOzoneClusterImpl-1f1962dc-bf0d-43a8-81db-407fa95944b0/datanode-2/data/containers/hdds of  storage type : DISK and capacity : 52710309888
2019-07-13 20:37:56,747 INFO  volume.VolumeSet (VolumeSet.java:initializeVolumeSet(170)) - Added Volume : /tmp/workdir/hadoop-ozone/integration-test/target/test-dir/MiniOzoneClusterImpl-1f1962dc-bf0d-43a8-81db-407fa95944b0/datanode-2/data/containers/hdds to VolumeSet
2019-07-13 20:37:56,747 INFO  volume.ThrottledAsyncChecker (ThrottledAsyncChecker.java:schedule(140)) - Scheduling a check for org.apache.hadoop.ozone.container.common.volume.HddsVolume@32a37d12
2019-07-13 20:37:56,747 INFO  volume.HddsVolumeChecker (HddsVolumeChecker.java:checkAllVolumes(203)) - Scheduled health check for volume org.apache.hadoop.ozone.container.common.volume.HddsVolume@32a37d12
2019-07-13 20:37:56,761 INFO  impl.RaftServerProxy (ConfUtils.java:logGet(43)) - raft.rpc.type = GRPC (default)
2019-07-13 20:37:56,761 INFO  grpc.GrpcFactory (GrpcFactory.java:checkPooledByteBufAllocatorUseCacheForAllThreads(45)) - PERFORMANCE WARNING: useCacheForAllThreads is true that may cause Netty to create a lot garbage objects and, as a result, trigger GC.
	It is recommended to disable useCacheForAllThreads by setting -Dorg.apache.ratis.thirdparty.io.netty.allocator.useCacheForAllThreads=false in command line.
2019-07-13 20:37:56,761 INFO  grpc.GrpcConfigKeys$Server (ConfUtils.java:logGet(43)) - raft.grpc.server.port = 0 (default)
2019-07-13 20:37:56,762 INFO  server.GrpcService (ConfUtils.java:logGet(43)) - raft.grpc.message.size.max = 33570816 (custom)
2019-07-13 20:37:56,762 INFO  server.RaftServerConfigKeys (ConfUtils.java:logGet(43)) - raft.server.log.appender.buffer.byte-limit = 33554432 (custom)
2019-07-13 20:37:56,762 INFO  server.GrpcService (ConfUtils.java:logGet(43)) - raft.grpc.flow.control.window = 1MB (=1048576) (default)
2019-07-13 20:37:56,762 INFO  server.RaftServerConfigKeys (ConfUtils.java:logGet(43)) - raft.server.rpc.request.timeout = 3000ms (default)
2019-07-13 20:37:56,763 INFO  server.RaftServerConfigKeys (ConfUtils.java:logGet(43)) - raft.server.storage.dir = [/tmp/workdir/hadoop-ozone/integration-test/target/test-dir/MiniOzoneClusterImpl-1f1962dc-bf0d-43a8-81db-407fa95944b0/datanode-2/data/ratis] (custom)
2019-07-13 20:37:56,763 INFO  replication.SimpleContainerDownloader (SimpleContainerDownloader.java:<init>(72)) - Starting container downloader service to copy containers to replicate.
2019-07-13 20:37:56,764 INFO  hdfs.DFSUtil (DFSUtil.java:httpServerTemplateForNNAndJN(1641)) - Starting Web-server for hddsDatanode at: http://0.0.0.0:0
2019-07-13 20:37:56,766 INFO  server.AuthenticationFilter (AuthenticationFilter.java:constructSecretProvider(240)) - Unable to initialize FileSignerSecretProvider, falling back to use random secrets.
2019-07-13 20:37:56,766 WARN  http.HttpRequestLog (HttpRequestLog.java:getRequestLog(97)) - Jetty request log can only be enabled using Log4j
2019-07-13 20:37:56,767 INFO  http.HttpServer2 (HttpServer2.java:addGlobalFilter(975)) - Added global filter 'safety' (class=org.apache.hadoop.http.HttpServer2$QuotingInputFilter)
2019-07-13 20:37:56,768 INFO  http.HttpServer2 (HttpServer2.java:addFilter(948)) - Added filter static_user_filter (class=org.apache.hadoop.http.lib.StaticUserWebFilter$StaticUserFilter) to context hddsDatanode
2019-07-13 20:37:56,768 INFO  http.HttpServer2 (HttpServer2.java:addFilter(958)) - Added filter static_user_filter (class=org.apache.hadoop.http.lib.StaticUserWebFilter$StaticUserFilter) to context static
2019-07-13 20:37:56,768 INFO  http.HttpServer2 (HttpServer2.java:addFilter(958)) - Added filter static_user_filter (class=org.apache.hadoop.http.lib.StaticUserWebFilter$StaticUserFilter) to context logs
2019-07-13 20:37:56,769 INFO  http.HttpServer2 (HttpServer2.java:bindListener(1191)) - Jetty bound to port 36526
2019-07-13 20:37:56,769 INFO  server.Server (Server.java:doStart(351)) - jetty-9.3.24.v20180605, build timestamp: 2018-06-05T17:11:56Z, git hash: 84205aa28f11a4f31f2a3b86d1bba2cc8ab69827
2019-07-13 20:37:56,770 INFO  handler.ContextHandler (ContextHandler.java:doStart(781)) - Started o.e.j.s.ServletContextHandler@5920c4ed{/logs,file:///tmp/workdir/hadoop-ozone/integration-test/target/log,AVAILABLE}
2019-07-13 20:37:56,770 INFO  handler.ContextHandler (ContextHandler.java:doStart(781)) - Started o.e.j.s.ServletContextHandler@4f8eb97c{/static,jar:file:/home/user/.m2/repository/org/apache/hadoop/hadoop-hdds-container-service/0.5.0-SNAPSHOT/hadoop-hdds-container-service-0.5.0-SNAPSHOT.jar!/webapps/static,AVAILABLE}
2019-07-13 20:37:56,797 INFO  handler.ContextHandler (ContextHandler.java:doStart(781)) - Started o.e.j.w.WebAppContext@cd8e702{/,file:///tmp/jetty-0.0.0.0-36526-hddsDatanode-_-any-3373929112684710465.dir/webapp/,AVAILABLE}{/hddsDatanode}
2019-07-13 20:37:56,797 INFO  server.AbstractConnector (AbstractConnector.java:doStart(278)) - Started ServerConnector@28897ca{HTTP/1.1,[http/1.1]}{0.0.0.0:36526}
2019-07-13 20:37:56,797 INFO  server.Server (Server.java:doStart(419)) - Started @668561ms
2019-07-13 20:37:56,799 INFO  server.BaseHttpServer (BaseHttpServer.java:updateConnectorAddress(207)) - HTTP server of HDDSDATANODE is listening at http://0.0.0.0:36526
2019-07-13 20:37:56,917 INFO  ozone.HddsDatanodeService (HddsDatanodeService.java:startPlugins(396)) - Started plug-in org.apache.hadoop.ozone.web.OzoneHddsDatanodeService@43c76550
2019-07-13 20:37:56,917 INFO  impl.MetricsSystemImpl (MetricsSystemImpl.java:init(158)) - HddsDatanode metrics system started (again)
2019-07-13 20:37:56,920 INFO  ozone.HddsDatanodeService (HddsDatanodeService.java:start(185)) - HddsDatanodeService host:trunk-nightly-6qp7m-2461138711 ip:192.168.5.168
2019-07-13 20:37:56,921 INFO  util.JvmPauseMonitor (JvmPauseMonitor.java:run(188)) - Starting JVM pause monitor
2019-07-13 20:37:56,923 INFO  datanode.InitDatanodeState (InitDatanodeState.java:persistContainerDatanodeDetails(140)) - DatanodeDetails is persisted to /tmp/workdir/hadoop-ozone/integration-test/target/test-dir/MiniOzoneClusterImpl-1f1962dc-bf0d-43a8-81db-407fa95944b0/datanode-2/meta/datanode.id
2019-07-13 20:37:56,933 INFO  volume.HddsVolume (HddsVolume.java:<init>(176)) - Creating Volume: /tmp/workdir/hadoop-ozone/integration-test/target/test-dir/MiniOzoneClusterImpl-1f1962dc-bf0d-43a8-81db-407fa95944b0/datanode-3/data/containers/hdds of  storage type : DISK and capacity : 52710309888
2019-07-13 20:37:56,933 INFO  volume.VolumeSet (VolumeSet.java:initializeVolumeSet(170)) - Added Volume : /tmp/workdir/hadoop-ozone/integration-test/target/test-dir/MiniOzoneClusterImpl-1f1962dc-bf0d-43a8-81db-407fa95944b0/datanode-3/data/containers/hdds to VolumeSet
2019-07-13 20:37:56,933 INFO  volume.ThrottledAsyncChecker (ThrottledAsyncChecker.java:schedule(140)) - Scheduling a check for org.apache.hadoop.ozone.container.common.volume.HddsVolume@5cdf6bb1
2019-07-13 20:37:56,934 INFO  volume.HddsVolumeChecker (HddsVolumeChecker.java:checkAllVolumes(203)) - Scheduled health check for volume org.apache.hadoop.ozone.container.common.volume.HddsVolume@5cdf6bb1
2019-07-13 20:37:56,948 INFO  impl.RaftServerProxy (ConfUtils.java:logGet(43)) - raft.rpc.type = GRPC (default)
2019-07-13 20:37:56,948 INFO  grpc.GrpcFactory (GrpcFactory.java:checkPooledByteBufAllocatorUseCacheForAllThreads(45)) - PERFORMANCE WARNING: useCacheForAllThreads is true that may cause Netty to create a lot garbage objects and, as a result, trigger GC.
	It is recommended to disable useCacheForAllThreads by setting -Dorg.apache.ratis.thirdparty.io.netty.allocator.useCacheForAllThreads=false in command line.
2019-07-13 20:37:56,949 INFO  grpc.GrpcConfigKeys$Server (ConfUtils.java:logGet(43)) - raft.grpc.server.port = 0 (default)
2019-07-13 20:37:56,949 INFO  server.GrpcService (ConfUtils.java:logGet(43)) - raft.grpc.message.size.max = 33570816 (custom)
2019-07-13 20:37:56,949 INFO  server.RaftServerConfigKeys (ConfUtils.java:logGet(43)) - raft.server.log.appender.buffer.byte-limit = 33554432 (custom)
2019-07-13 20:37:56,949 INFO  server.GrpcService (ConfUtils.java:logGet(43)) - raft.grpc.flow.control.window = 1MB (=1048576) (default)
2019-07-13 20:37:56,949 INFO  server.RaftServerConfigKeys (ConfUtils.java:logGet(43)) - raft.server.rpc.request.timeout = 3000ms (default)
2019-07-13 20:37:56,950 INFO  server.RaftServerConfigKeys (ConfUtils.java:logGet(43)) - raft.server.storage.dir = [/tmp/workdir/hadoop-ozone/integration-test/target/test-dir/MiniOzoneClusterImpl-1f1962dc-bf0d-43a8-81db-407fa95944b0/datanode-3/data/ratis] (custom)
2019-07-13 20:37:56,951 INFO  replication.SimpleContainerDownloader (SimpleContainerDownloader.java:<init>(72)) - Starting container downloader service to copy containers to replicate.
2019-07-13 20:37:56,952 INFO  hdfs.DFSUtil (DFSUtil.java:httpServerTemplateForNNAndJN(1641)) - Starting Web-server for hddsDatanode at: http://0.0.0.0:0
2019-07-13 20:37:56,953 INFO  server.AuthenticationFilter (AuthenticationFilter.java:constructSecretProvider(240)) - Unable to initialize FileSignerSecretProvider, falling back to use random secrets.
2019-07-13 20:37:56,954 WARN  http.HttpRequestLog (HttpRequestLog.java:getRequestLog(97)) - Jetty request log can only be enabled using Log4j
2019-07-13 20:37:56,955 INFO  http.HttpServer2 (HttpServer2.java:addGlobalFilter(975)) - Added global filter 'safety' (class=org.apache.hadoop.http.HttpServer2$QuotingInputFilter)
2019-07-13 20:37:56,956 INFO  http.HttpServer2 (HttpServer2.java:addFilter(948)) - Added filter static_user_filter (class=org.apache.hadoop.http.lib.StaticUserWebFilter$StaticUserFilter) to context hddsDatanode
2019-07-13 20:37:56,956 INFO  http.HttpServer2 (HttpServer2.java:addFilter(958)) - Added filter static_user_filter (class=org.apache.hadoop.http.lib.StaticUserWebFilter$StaticUserFilter) to context static
2019-07-13 20:37:56,956 INFO  http.HttpServer2 (HttpServer2.java:addFilter(958)) - Added filter static_user_filter (class=org.apache.hadoop.http.lib.StaticUserWebFilter$StaticUserFilter) to context logs
2019-07-13 20:37:56,957 INFO  http.HttpServer2 (HttpServer2.java:bindListener(1191)) - Jetty bound to port 40077
2019-07-13 20:37:56,957 INFO  server.Server (Server.java:doStart(351)) - jetty-9.3.24.v20180605, build timestamp: 2018-06-05T17:11:56Z, git hash: 84205aa28f11a4f31f2a3b86d1bba2cc8ab69827
2019-07-13 20:37:56,959 INFO  handler.ContextHandler (ContextHandler.java:doStart(781)) - Started o.e.j.s.ServletContextHandler@6ff879e5{/logs,file:///tmp/workdir/hadoop-ozone/integration-test/target/log,AVAILABLE}
2019-07-13 20:37:56,959 INFO  handler.ContextHandler (ContextHandler.java:doStart(781)) - Started o.e.j.s.ServletContextHandler@7b9e4a2a{/static,jar:file:/home/user/.m2/repository/org/apache/hadoop/hadoop-hdds-container-service/0.5.0-SNAPSHOT/hadoop-hdds-container-service-0.5.0-SNAPSHOT.jar!/webapps/static,AVAILABLE}
2019-07-13 20:37:56,986 INFO  handler.ContextHandler (ContextHandler.java:doStart(781)) - Started o.e.j.w.WebAppContext@72c8af69{/,file:///tmp/jetty-0.0.0.0-40077-hddsDatanode-_-any-3140896600807918941.dir/webapp/,AVAILABLE}{/hddsDatanode}
2019-07-13 20:37:56,987 INFO  server.AbstractConnector (AbstractConnector.java:doStart(278)) - Started ServerConnector@6d921d6b{HTTP/1.1,[http/1.1]}{0.0.0.0:40077}
2019-07-13 20:37:56,988 INFO  server.Server (Server.java:doStart(419)) - Started @668751ms
2019-07-13 20:37:56,989 INFO  server.BaseHttpServer (BaseHttpServer.java:updateConnectorAddress(207)) - HTTP server of HDDSDATANODE is listening at http://0.0.0.0:40077
2019-07-13 20:37:57,100 INFO  ozone.HddsDatanodeService (HddsDatanodeService.java:startPlugins(396)) - Started plug-in org.apache.hadoop.ozone.web.OzoneHddsDatanodeService@2338eeef
2019-07-13 20:37:57,100 INFO  impl.MetricsSystemImpl (MetricsSystemImpl.java:init(158)) - HddsDatanode metrics system started (again)
2019-07-13 20:37:57,104 INFO  ozone.HddsDatanodeService (HddsDatanodeService.java:start(185)) - HddsDatanodeService host:trunk-nightly-6qp7m-2461138711 ip:192.168.5.168
2019-07-13 20:37:57,105 INFO  util.JvmPauseMonitor (JvmPauseMonitor.java:run(188)) - Starting JVM pause monitor
2019-07-13 20:37:57,108 INFO  datanode.InitDatanodeState (InitDatanodeState.java:persistContainerDatanodeDetails(140)) - DatanodeDetails is persisted to /tmp/workdir/hadoop-ozone/integration-test/target/test-dir/MiniOzoneClusterImpl-1f1962dc-bf0d-43a8-81db-407fa95944b0/datanode-3/meta/datanode.id
2019-07-13 20:37:57,119 INFO  volume.HddsVolume (HddsVolume.java:<init>(176)) - Creating Volume: /tmp/workdir/hadoop-ozone/integration-test/target/test-dir/MiniOzoneClusterImpl-1f1962dc-bf0d-43a8-81db-407fa95944b0/datanode-4/data/containers/hdds of  storage type : DISK and capacity : 52710309888
2019-07-13 20:37:57,119 INFO  volume.VolumeSet (VolumeSet.java:initializeVolumeSet(170)) - Added Volume : /tmp/workdir/hadoop-ozone/integration-test/target/test-dir/MiniOzoneClusterImpl-1f1962dc-bf0d-43a8-81db-407fa95944b0/datanode-4/data/containers/hdds to VolumeSet
2019-07-13 20:37:57,119 INFO  volume.ThrottledAsyncChecker (ThrottledAsyncChecker.java:schedule(140)) - Scheduling a check for org.apache.hadoop.ozone.container.common.volume.HddsVolume@3e13a74
2019-07-13 20:37:57,120 INFO  volume.HddsVolumeChecker (HddsVolumeChecker.java:checkAllVolumes(203)) - Scheduled health check for volume org.apache.hadoop.ozone.container.common.volume.HddsVolume@3e13a74
2019-07-13 20:37:57,135 INFO  impl.RaftServerProxy (ConfUtils.java:logGet(43)) - raft.rpc.type = GRPC (default)
2019-07-13 20:37:57,135 INFO  grpc.GrpcFactory (GrpcFactory.java:checkPooledByteBufAllocatorUseCacheForAllThreads(45)) - PERFORMANCE WARNING: useCacheForAllThreads is true that may cause Netty to create a lot garbage objects and, as a result, trigger GC.
	It is recommended to disable useCacheForAllThreads by setting -Dorg.apache.ratis.thirdparty.io.netty.allocator.useCacheForAllThreads=false in command line.
2019-07-13 20:37:57,135 INFO  grpc.GrpcConfigKeys$Server (ConfUtils.java:logGet(43)) - raft.grpc.server.port = 0 (default)
2019-07-13 20:37:57,135 INFO  server.GrpcService (ConfUtils.java:logGet(43)) - raft.grpc.message.size.max = 33570816 (custom)
2019-07-13 20:37:57,136 INFO  server.RaftServerConfigKeys (ConfUtils.java:logGet(43)) - raft.server.log.appender.buffer.byte-limit = 33554432 (custom)
2019-07-13 20:37:57,136 INFO  server.GrpcService (ConfUtils.java:logGet(43)) - raft.grpc.flow.control.window = 1MB (=1048576) (default)
2019-07-13 20:37:57,136 INFO  server.RaftServerConfigKeys (ConfUtils.java:logGet(43)) - raft.server.rpc.request.timeout = 3000ms (default)
2019-07-13 20:37:57,136 INFO  server.RaftServerConfigKeys (ConfUtils.java:logGet(43)) - raft.server.storage.dir = [/tmp/workdir/hadoop-ozone/integration-test/target/test-dir/MiniOzoneClusterImpl-1f1962dc-bf0d-43a8-81db-407fa95944b0/datanode-4/data/ratis] (custom)
2019-07-13 20:37:57,137 INFO  replication.SimpleContainerDownloader (SimpleContainerDownloader.java:<init>(72)) - Starting container downloader service to copy containers to replicate.
2019-07-13 20:37:57,138 INFO  hdfs.DFSUtil (DFSUtil.java:httpServerTemplateForNNAndJN(1641)) - Starting Web-server for hddsDatanode at: http://0.0.0.0:0
2019-07-13 20:37:57,139 INFO  server.AuthenticationFilter (AuthenticationFilter.java:constructSecretProvider(240)) - Unable to initialize FileSignerSecretProvider, falling back to use random secrets.
2019-07-13 20:37:57,140 WARN  http.HttpRequestLog (HttpRequestLog.java:getRequestLog(97)) - Jetty request log can only be enabled using Log4j
2019-07-13 20:37:57,141 INFO  http.HttpServer2 (HttpServer2.java:addGlobalFilter(975)) - Added global filter 'safety' (class=org.apache.hadoop.http.HttpServer2$QuotingInputFilter)
2019-07-13 20:37:57,142 INFO  http.HttpServer2 (HttpServer2.java:addFilter(948)) - Added filter static_user_filter (class=org.apache.hadoop.http.lib.StaticUserWebFilter$StaticUserFilter) to context hddsDatanode
2019-07-13 20:37:57,142 INFO  http.HttpServer2 (HttpServer2.java:addFilter(958)) - Added filter static_user_filter (class=org.apache.hadoop.http.lib.StaticUserWebFilter$StaticUserFilter) to context static
2019-07-13 20:37:57,142 INFO  http.HttpServer2 (HttpServer2.java:addFilter(958)) - Added filter static_user_filter (class=org.apache.hadoop.http.lib.StaticUserWebFilter$StaticUserFilter) to context logs
2019-07-13 20:37:57,143 INFO  http.HttpServer2 (HttpServer2.java:bindListener(1191)) - Jetty bound to port 40881
2019-07-13 20:37:57,143 INFO  server.Server (Server.java:doStart(351)) - jetty-9.3.24.v20180605, build timestamp: 2018-06-05T17:11:56Z, git hash: 84205aa28f11a4f31f2a3b86d1bba2cc8ab69827
2019-07-13 20:37:57,145 INFO  handler.ContextHandler (ContextHandler.java:doStart(781)) - Started o.e.j.s.ServletContextHandler@1fdc2d45{/logs,file:///tmp/workdir/hadoop-ozone/integration-test/target/log,AVAILABLE}
2019-07-13 20:37:57,146 INFO  handler.ContextHandler (ContextHandler.java:doStart(781)) - Started o.e.j.s.ServletContextHandler@2bae0ac8{/static,jar:file:/home/user/.m2/repository/org/apache/hadoop/hadoop-hdds-container-service/0.5.0-SNAPSHOT/hadoop-hdds-container-service-0.5.0-SNAPSHOT.jar!/webapps/static,AVAILABLE}
2019-07-13 20:37:57,175 INFO  handler.ContextHandler (ContextHandler.java:doStart(781)) - Started o.e.j.w.WebAppContext@a6017f9{/,file:///tmp/jetty-0.0.0.0-40881-hddsDatanode-_-any-2238594390448804178.dir/webapp/,AVAILABLE}{/hddsDatanode}
2019-07-13 20:37:57,176 INFO  server.AbstractConnector (AbstractConnector.java:doStart(278)) - Started ServerConnector@14a204f{HTTP/1.1,[http/1.1]}{0.0.0.0:40881}
2019-07-13 20:37:57,178 INFO  server.Server (Server.java:doStart(419)) - Started @668942ms
2019-07-13 20:37:57,179 INFO  server.BaseHttpServer (BaseHttpServer.java:updateConnectorAddress(207)) - HTTP server of HDDSDATANODE is listening at http://0.0.0.0:40881
2019-07-13 20:37:57,288 INFO  ozone.HddsDatanodeService (HddsDatanodeService.java:startPlugins(396)) - Started plug-in org.apache.hadoop.ozone.web.OzoneHddsDatanodeService@31360632
2019-07-13 20:37:57,289 INFO  impl.MetricsSystemImpl (MetricsSystemImpl.java:init(158)) - HddsDatanode metrics system started (again)
2019-07-13 20:37:57,292 INFO  ozone.HddsDatanodeService (HddsDatanodeService.java:start(185)) - HddsDatanodeService host:trunk-nightly-6qp7m-2461138711 ip:192.168.5.168
2019-07-13 20:37:57,294 INFO  util.JvmPauseMonitor (JvmPauseMonitor.java:run(188)) - Starting JVM pause monitor
2019-07-13 20:37:57,295 INFO  datanode.InitDatanodeState (InitDatanodeState.java:persistContainerDatanodeDetails(140)) - DatanodeDetails is persisted to /tmp/workdir/hadoop-ozone/integration-test/target/test-dir/MiniOzoneClusterImpl-1f1962dc-bf0d-43a8-81db-407fa95944b0/datanode-4/meta/datanode.id
2019-07-13 20:37:57,307 INFO  volume.HddsVolume (HddsVolume.java:<init>(176)) - Creating Volume: /tmp/workdir/hadoop-ozone/integration-test/target/test-dir/MiniOzoneClusterImpl-1f1962dc-bf0d-43a8-81db-407fa95944b0/datanode-5/data/containers/hdds of  storage type : DISK and capacity : 52710309888
2019-07-13 20:37:57,307 INFO  volume.VolumeSet (VolumeSet.java:initializeVolumeSet(170)) - Added Volume : /tmp/workdir/hadoop-ozone/integration-test/target/test-dir/MiniOzoneClusterImpl-1f1962dc-bf0d-43a8-81db-407fa95944b0/datanode-5/data/containers/hdds to VolumeSet
2019-07-13 20:37:57,307 INFO  volume.ThrottledAsyncChecker (ThrottledAsyncChecker.java:schedule(140)) - Scheduling a check for org.apache.hadoop.ozone.container.common.volume.HddsVolume@4037a204
2019-07-13 20:37:57,308 INFO  volume.HddsVolumeChecker (HddsVolumeChecker.java:checkAllVolumes(203)) - Scheduled health check for volume org.apache.hadoop.ozone.container.common.volume.HddsVolume@4037a204
2019-07-13 20:37:57,327 INFO  impl.RaftServerProxy (ConfUtils.java:logGet(43)) - raft.rpc.type = GRPC (default)
2019-07-13 20:37:57,327 INFO  grpc.GrpcFactory (GrpcFactory.java:checkPooledByteBufAllocatorUseCacheForAllThreads(45)) - PERFORMANCE WARNING: useCacheForAllThreads is true that may cause Netty to create a lot garbage objects and, as a result, trigger GC.
	It is recommended to disable useCacheForAllThreads by setting -Dorg.apache.ratis.thirdparty.io.netty.allocator.useCacheForAllThreads=false in command line.
2019-07-13 20:37:57,327 INFO  grpc.GrpcConfigKeys$Server (ConfUtils.java:logGet(43)) - raft.grpc.server.port = 0 (default)
2019-07-13 20:37:57,327 INFO  server.GrpcService (ConfUtils.java:logGet(43)) - raft.grpc.message.size.max = 33570816 (custom)
2019-07-13 20:37:57,328 INFO  server.RaftServerConfigKeys (ConfUtils.java:logGet(43)) - raft.server.log.appender.buffer.byte-limit = 33554432 (custom)
2019-07-13 20:37:57,328 INFO  server.GrpcService (ConfUtils.java:logGet(43)) - raft.grpc.flow.control.window = 1MB (=1048576) (default)
2019-07-13 20:37:57,328 INFO  server.RaftServerConfigKeys (ConfUtils.java:logGet(43)) - raft.server.rpc.request.timeout = 3000ms (default)
2019-07-13 20:37:57,329 INFO  server.RaftServerConfigKeys (ConfUtils.java:logGet(43)) - raft.server.storage.dir = [/tmp/workdir/hadoop-ozone/integration-test/target/test-dir/MiniOzoneClusterImpl-1f1962dc-bf0d-43a8-81db-407fa95944b0/datanode-5/data/ratis] (custom)
2019-07-13 20:37:57,329 INFO  replication.SimpleContainerDownloader (SimpleContainerDownloader.java:<init>(72)) - Starting container downloader service to copy containers to replicate.
2019-07-13 20:37:57,331 INFO  hdfs.DFSUtil (DFSUtil.java:httpServerTemplateForNNAndJN(1641)) - Starting Web-server for hddsDatanode at: http://0.0.0.0:0
2019-07-13 20:37:57,332 INFO  server.AuthenticationFilter (AuthenticationFilter.java:constructSecretProvider(240)) - Unable to initialize FileSignerSecretProvider, falling back to use random secrets.
2019-07-13 20:37:57,333 WARN  http.HttpRequestLog (HttpRequestLog.java:getRequestLog(97)) - Jetty request log can only be enabled using Log4j
2019-07-13 20:37:57,335 INFO  http.HttpServer2 (HttpServer2.java:addGlobalFilter(975)) - Added global filter 'safety' (class=org.apache.hadoop.http.HttpServer2$QuotingInputFilter)
2019-07-13 20:37:57,335 INFO  http.HttpServer2 (HttpServer2.java:addFilter(948)) - Added filter static_user_filter (class=org.apache.hadoop.http.lib.StaticUserWebFilter$StaticUserFilter) to context hddsDatanode
2019-07-13 20:37:57,335 INFO  http.HttpServer2 (HttpServer2.java:addFilter(958)) - Added filter static_user_filter (class=org.apache.hadoop.http.lib.StaticUserWebFilter$StaticUserFilter) to context static
2019-07-13 20:37:57,335 INFO  http.HttpServer2 (HttpServer2.java:addFilter(958)) - Added filter static_user_filter (class=org.apache.hadoop.http.lib.StaticUserWebFilter$StaticUserFilter) to context logs
2019-07-13 20:37:57,336 INFO  http.HttpServer2 (HttpServer2.java:bindListener(1191)) - Jetty bound to port 34724
2019-07-13 20:37:57,336 INFO  server.Server (Server.java:doStart(351)) - jetty-9.3.24.v20180605, build timestamp: 2018-06-05T17:11:56Z, git hash: 84205aa28f11a4f31f2a3b86d1bba2cc8ab69827
2019-07-13 20:37:57,338 INFO  handler.ContextHandler (ContextHandler.java:doStart(781)) - Started o.e.j.s.ServletContextHandler@184d73af{/logs,file:///tmp/workdir/hadoop-ozone/integration-test/target/log,AVAILABLE}
2019-07-13 20:37:57,339 INFO  handler.ContextHandler (ContextHandler.java:doStart(781)) - Started o.e.j.s.ServletContextHandler@580581b4{/static,jar:file:/home/user/.m2/repository/org/apache/hadoop/hadoop-hdds-container-service/0.5.0-SNAPSHOT/hadoop-hdds-container-service-0.5.0-SNAPSHOT.jar!/webapps/static,AVAILABLE}
2019-07-13 20:37:57,375 INFO  handler.ContextHandler (ContextHandler.java:doStart(781)) - Started o.e.j.w.WebAppContext@7e4f42c0{/,file:///tmp/jetty-0.0.0.0-34724-hddsDatanode-_-any-2425367715526464266.dir/webapp/,AVAILABLE}{/hddsDatanode}
2019-07-13 20:37:57,376 INFO  server.AbstractConnector (AbstractConnector.java:doStart(278)) - Started ServerConnector@22265a8d{HTTP/1.1,[http/1.1]}{0.0.0.0:34724}
2019-07-13 20:37:57,378 INFO  server.Server (Server.java:doStart(419)) - Started @669142ms
2019-07-13 20:37:57,379 INFO  server.BaseHttpServer (BaseHttpServer.java:updateConnectorAddress(207)) - HTTP server of HDDSDATANODE is listening at http://0.0.0.0:34724
2019-07-13 20:37:57,501 INFO  ozone.HddsDatanodeService (HddsDatanodeService.java:startPlugins(396)) - Started plug-in org.apache.hadoop.ozone.web.OzoneHddsDatanodeService@4af44e42
2019-07-13 20:37:57,501 INFO  impl.MetricsSystemImpl (MetricsSystemImpl.java:init(158)) - HddsDatanode metrics system started (again)
2019-07-13 20:37:57,505 INFO  ozone.HddsDatanodeService (HddsDatanodeService.java:start(185)) - HddsDatanodeService host:trunk-nightly-6qp7m-2461138711 ip:192.168.5.168
2019-07-13 20:37:57,506 INFO  util.JvmPauseMonitor (JvmPauseMonitor.java:run(188)) - Starting JVM pause monitor
2019-07-13 20:37:57,507 INFO  datanode.InitDatanodeState (InitDatanodeState.java:persistContainerDatanodeDetails(140)) - DatanodeDetails is persisted to /tmp/workdir/hadoop-ozone/integration-test/target/test-dir/MiniOzoneClusterImpl-1f1962dc-bf0d-43a8-81db-407fa95944b0/datanode-5/meta/datanode.id
2019-07-13 20:37:57,519 INFO  volume.HddsVolume (HddsVolume.java:<init>(176)) - Creating Volume: /tmp/workdir/hadoop-ozone/integration-test/target/test-dir/MiniOzoneClusterImpl-1f1962dc-bf0d-43a8-81db-407fa95944b0/datanode-6/data/containers/hdds of  storage type : DISK and capacity : 52710309888
2019-07-13 20:37:57,520 INFO  volume.VolumeSet (VolumeSet.java:initializeVolumeSet(170)) - Added Volume : /tmp/workdir/hadoop-ozone/integration-test/target/test-dir/MiniOzoneClusterImpl-1f1962dc-bf0d-43a8-81db-407fa95944b0/datanode-6/data/containers/hdds to VolumeSet
2019-07-13 20:37:57,520 INFO  volume.ThrottledAsyncChecker (ThrottledAsyncChecker.java:schedule(140)) - Scheduling a check for org.apache.hadoop.ozone.container.common.volume.HddsVolume@6537dc79
2019-07-13 20:37:57,520 INFO  volume.HddsVolumeChecker (HddsVolumeChecker.java:checkAllVolumes(203)) - Scheduled health check for volume org.apache.hadoop.ozone.container.common.volume.HddsVolume@6537dc79
2019-07-13 20:37:57,539 INFO  impl.RaftServerProxy (ConfUtils.java:logGet(43)) - raft.rpc.type = GRPC (default)
2019-07-13 20:37:57,539 INFO  grpc.GrpcFactory (GrpcFactory.java:checkPooledByteBufAllocatorUseCacheForAllThreads(45)) - PERFORMANCE WARNING: useCacheForAllThreads is true that may cause Netty to create a lot garbage objects and, as a result, trigger GC.
	It is recommended to disable useCacheForAllThreads by setting -Dorg.apache.ratis.thirdparty.io.netty.allocator.useCacheForAllThreads=false in command line.
2019-07-13 20:37:57,540 INFO  grpc.GrpcConfigKeys$Server (ConfUtils.java:logGet(43)) - raft.grpc.server.port = 0 (default)
2019-07-13 20:37:57,540 INFO  server.GrpcService (ConfUtils.java:logGet(43)) - raft.grpc.message.size.max = 33570816 (custom)
2019-07-13 20:37:57,540 INFO  server.RaftServerConfigKeys (ConfUtils.java:logGet(43)) - raft.server.log.appender.buffer.byte-limit = 33554432 (custom)
2019-07-13 20:37:57,541 INFO  server.GrpcService (ConfUtils.java:logGet(43)) - raft.grpc.flow.control.window = 1MB (=1048576) (default)
2019-07-13 20:37:57,541 INFO  server.RaftServerConfigKeys (ConfUtils.java:logGet(43)) - raft.server.rpc.request.timeout = 3000ms (default)
2019-07-13 20:37:57,542 INFO  server.RaftServerConfigKeys (ConfUtils.java:logGet(43)) - raft.server.storage.dir = [/tmp/workdir/hadoop-ozone/integration-test/target/test-dir/MiniOzoneClusterImpl-1f1962dc-bf0d-43a8-81db-407fa95944b0/datanode-6/data/ratis] (custom)
2019-07-13 20:37:57,542 INFO  replication.SimpleContainerDownloader (SimpleContainerDownloader.java:<init>(72)) - Starting container downloader service to copy containers to replicate.
2019-07-13 20:37:57,544 INFO  hdfs.DFSUtil (DFSUtil.java:httpServerTemplateForNNAndJN(1641)) - Starting Web-server for hddsDatanode at: http://0.0.0.0:0
2019-07-13 20:37:57,546 INFO  server.AuthenticationFilter (AuthenticationFilter.java:constructSecretProvider(240)) - Unable to initialize FileSignerSecretProvider, falling back to use random secrets.
2019-07-13 20:37:57,546 WARN  http.HttpRequestLog (HttpRequestLog.java:getRequestLog(97)) - Jetty request log can only be enabled using Log4j
2019-07-13 20:37:57,548 INFO  http.HttpServer2 (HttpServer2.java:addGlobalFilter(975)) - Added global filter 'safety' (class=org.apache.hadoop.http.HttpServer2$QuotingInputFilter)
2019-07-13 20:37:57,549 INFO  http.HttpServer2 (HttpServer2.java:addFilter(948)) - Added filter static_user_filter (class=org.apache.hadoop.http.lib.StaticUserWebFilter$StaticUserFilter) to context hddsDatanode
2019-07-13 20:37:57,549 INFO  http.HttpServer2 (HttpServer2.java:addFilter(958)) - Added filter static_user_filter (class=org.apache.hadoop.http.lib.StaticUserWebFilter$StaticUserFilter) to context static
2019-07-13 20:37:57,549 INFO  http.HttpServer2 (HttpServer2.java:addFilter(958)) - Added filter static_user_filter (class=org.apache.hadoop.http.lib.StaticUserWebFilter$StaticUserFilter) to context logs
2019-07-13 20:37:57,550 INFO  http.HttpServer2 (HttpServer2.java:bindListener(1191)) - Jetty bound to port 39080
2019-07-13 20:37:57,551 INFO  server.Server (Server.java:doStart(351)) - jetty-9.3.24.v20180605, build timestamp: 2018-06-05T17:11:56Z, git hash: 84205aa28f11a4f31f2a3b86d1bba2cc8ab69827
2019-07-13 20:37:57,553 INFO  handler.ContextHandler (ContextHandler.java:doStart(781)) - Started o.e.j.s.ServletContextHandler@64f248ea{/logs,file:///tmp/workdir/hadoop-ozone/integration-test/target/log,AVAILABLE}
2019-07-13 20:37:57,553 INFO  handler.ContextHandler (ContextHandler.java:doStart(781)) - Started o.e.j.s.ServletContextHandler@1b357db2{/static,jar:file:/home/user/.m2/repository/org/apache/hadoop/hadoop-hdds-container-service/0.5.0-SNAPSHOT/hadoop-hdds-container-service-0.5.0-SNAPSHOT.jar!/webapps/static,AVAILABLE}
2019-07-13 20:37:57,601 INFO  handler.ContextHandler (ContextHandler.java:doStart(781)) - Started o.e.j.w.WebAppContext@1f799f4c{/,file:///tmp/jetty-0.0.0.0-39080-hddsDatanode-_-any-6624383634735185854.dir/webapp/,AVAILABLE}{/hddsDatanode}
2019-07-13 20:37:57,602 INFO  server.AbstractConnector (AbstractConnector.java:doStart(278)) - Started ServerConnector@66be0ea{HTTP/1.1,[http/1.1]}{0.0.0.0:39080}
2019-07-13 20:37:57,604 INFO  server.Server (Server.java:doStart(419)) - Started @669368ms
2019-07-13 20:37:57,605 INFO  server.BaseHttpServer (BaseHttpServer.java:updateConnectorAddress(207)) - HTTP server of HDDSDATANODE is listening at http://0.0.0.0:39080
2019-07-13 20:37:57,897 INFO  ozone.HddsDatanodeService (HddsDatanodeService.java:startPlugins(396)) - Started plug-in org.apache.hadoop.ozone.web.OzoneHddsDatanodeService@3ed3f72a
2019-07-13 20:37:57,897 INFO  ozone.MiniOzoneClusterImpl (MiniOzoneClusterImpl.java:lambda$waitForClusterToBeReady$0(142)) - Waiting for cluster to be ready. Got 0 of 7 DN Heartbeats.
2019-07-13 20:37:57,905 INFO  util.JvmPauseMonitor (JvmPauseMonitor.java:run(188)) - Starting JVM pause monitor
2019-07-13 20:37:57,907 INFO  datanode.InitDatanodeState (InitDatanodeState.java:persistContainerDatanodeDetails(140)) - DatanodeDetails is persisted to /tmp/workdir/hadoop-ozone/integration-test/target/test-dir/MiniOzoneClusterImpl-1f1962dc-bf0d-43a8-81db-407fa95944b0/datanode-6/meta/datanode.id
2019-07-13 20:37:58,571 INFO  ozoneimpl.OzoneContainer (OzoneContainer.java:start(186)) - Attempting to start container services.
2019-07-13 20:37:58,574 INFO  ozoneimpl.OzoneContainer (OzoneContainer.java:startContainerScrub(160)) - Background container scrubber has been disabled by hdds.containerscrub.enabled
2019-07-13 20:37:58,574 INFO  ratis.XceiverServerRatis (XceiverServerRatis.java:start(418)) - Starting XceiverServerRatis 2b1dba72-76ce-479e-bfd9-d2d1840a5e57 at port 0
2019-07-13 20:37:58,580 INFO  impl.RaftServerProxy (RaftServerProxy.java:lambda$start$3(299)) - 2b1dba72-76ce-479e-bfd9-d2d1840a5e57: start RPC server
2019-07-13 20:37:58,582 INFO  server.GrpcService (GrpcService.java:startImpl(149)) - 2b1dba72-76ce-479e-bfd9-d2d1840a5e57: GrpcService started, listening on 0.0.0.0/0.0.0.0:45504
2019-07-13 20:37:58,582 INFO  ratis.XceiverServerRatis (XceiverServerRatis.java:start(428)) - XceiverServerRatis 2b1dba72-76ce-479e-bfd9-d2d1840a5e57 is started using port 45504
2019-07-13 20:37:58,583 INFO  server.XceiverServerGrpc (XceiverServerGrpc.java:start(161)) - XceiverServerGrpc 2b1dba72-76ce-479e-bfd9-d2d1840a5e57 is started using port 45477
2019-07-13 20:37:58,751 INFO  ozoneimpl.OzoneContainer (OzoneContainer.java:start(186)) - Attempting to start container services.
2019-07-13 20:37:58,754 INFO  ozoneimpl.OzoneContainer (OzoneContainer.java:startContainerScrub(160)) - Background container scrubber has been disabled by hdds.containerscrub.enabled
2019-07-13 20:37:58,754 INFO  ratis.XceiverServerRatis (XceiverServerRatis.java:start(418)) - Starting XceiverServerRatis 31278a13-9f55-45e2-8070-d10d1ed70f22 at port 0
2019-07-13 20:37:58,761 INFO  impl.RaftServerProxy (RaftServerProxy.java:lambda$start$3(299)) - 31278a13-9f55-45e2-8070-d10d1ed70f22: start RPC server
2019-07-13 20:37:58,762 INFO  server.GrpcService (GrpcService.java:startImpl(149)) - 31278a13-9f55-45e2-8070-d10d1ed70f22: GrpcService started, listening on 0.0.0.0/0.0.0.0:46640
2019-07-13 20:37:58,762 INFO  ratis.XceiverServerRatis (XceiverServerRatis.java:start(428)) - XceiverServerRatis 31278a13-9f55-45e2-8070-d10d1ed70f22 is started using port 46640
2019-07-13 20:37:58,770 INFO  server.XceiverServerGrpc (XceiverServerGrpc.java:start(161)) - XceiverServerGrpc 31278a13-9f55-45e2-8070-d10d1ed70f22 is started using port 45047
2019-07-13 20:37:58,900 INFO  ozone.MiniOzoneClusterImpl (MiniOzoneClusterImpl.java:lambda$waitForClusterToBeReady$0(142)) - Waiting for cluster to be ready. Got 0 of 7 DN Heartbeats.
2019-07-13 20:37:58,928 INFO  ozoneimpl.OzoneContainer (OzoneContainer.java:start(186)) - Attempting to start container services.
2019-07-13 20:37:58,934 INFO  ozoneimpl.OzoneContainer (OzoneContainer.java:startContainerScrub(160)) - Background container scrubber has been disabled by hdds.containerscrub.enabled
2019-07-13 20:37:58,935 INFO  ratis.XceiverServerRatis (XceiverServerRatis.java:start(418)) - Starting XceiverServerRatis e7c229a5-1cc5-44f9-aeda-838bc679e27e at port 0
2019-07-13 20:37:58,941 INFO  impl.RaftServerProxy (RaftServerProxy.java:lambda$start$3(299)) - e7c229a5-1cc5-44f9-aeda-838bc679e27e: start RPC server
2019-07-13 20:37:58,943 INFO  server.GrpcService (GrpcService.java:startImpl(149)) - e7c229a5-1cc5-44f9-aeda-838bc679e27e: GrpcService started, listening on 0.0.0.0/0.0.0.0:35219
2019-07-13 20:37:58,943 INFO  ratis.XceiverServerRatis (XceiverServerRatis.java:start(428)) - XceiverServerRatis e7c229a5-1cc5-44f9-aeda-838bc679e27e is started using port 35219
2019-07-13 20:37:58,944 INFO  server.XceiverServerGrpc (XceiverServerGrpc.java:start(161)) - XceiverServerGrpc e7c229a5-1cc5-44f9-aeda-838bc679e27e is started using port 46540
2019-07-13 20:37:59,120 INFO  ozoneimpl.OzoneContainer (OzoneContainer.java:start(186)) - Attempting to start container services.
2019-07-13 20:37:59,120 INFO  ozoneimpl.OzoneContainer (OzoneContainer.java:startContainerScrub(160)) - Background container scrubber has been disabled by hdds.containerscrub.enabled
2019-07-13 20:37:59,120 INFO  ratis.XceiverServerRatis (XceiverServerRatis.java:start(418)) - Starting XceiverServerRatis 875fe4f1-c2a4-463d-b92a-7c6961af5b75 at port 0
2019-07-13 20:37:59,127 INFO  impl.RaftServerProxy (RaftServerProxy.java:lambda$start$3(299)) - 875fe4f1-c2a4-463d-b92a-7c6961af5b75: start RPC server
2019-07-13 20:37:59,127 INFO  server.GrpcService (GrpcService.java:startImpl(149)) - 875fe4f1-c2a4-463d-b92a-7c6961af5b75: GrpcService started, listening on 0.0.0.0/0.0.0.0:43142
2019-07-13 20:37:59,127 INFO  ratis.XceiverServerRatis (XceiverServerRatis.java:start(428)) - XceiverServerRatis 875fe4f1-c2a4-463d-b92a-7c6961af5b75 is started using port 43142
2019-07-13 20:37:59,128 INFO  server.XceiverServerGrpc (XceiverServerGrpc.java:start(161)) - XceiverServerGrpc 875fe4f1-c2a4-463d-b92a-7c6961af5b75 is started using port 45303
2019-07-13 20:37:59,297 INFO  ozoneimpl.OzoneContainer (OzoneContainer.java:start(186)) - Attempting to start container services.
2019-07-13 20:37:59,298 INFO  ozoneimpl.OzoneContainer (OzoneContainer.java:startContainerScrub(160)) - Background container scrubber has been disabled by hdds.containerscrub.enabled
2019-07-13 20:37:59,298 INFO  ratis.XceiverServerRatis (XceiverServerRatis.java:start(418)) - Starting XceiverServerRatis f5735acc-57de-4427-a3b1-fc2c39969951 at port 0
2019-07-13 20:37:59,304 INFO  impl.RaftServerProxy (RaftServerProxy.java:lambda$start$3(299)) - f5735acc-57de-4427-a3b1-fc2c39969951: start RPC server
2019-07-13 20:37:59,304 INFO  server.GrpcService (GrpcService.java:startImpl(149)) - f5735acc-57de-4427-a3b1-fc2c39969951: GrpcService started, listening on 0.0.0.0/0.0.0.0:33915
2019-07-13 20:37:59,304 INFO  ratis.XceiverServerRatis (XceiverServerRatis.java:start(428)) - XceiverServerRatis f5735acc-57de-4427-a3b1-fc2c39969951 is started using port 33915
2019-07-13 20:37:59,305 INFO  server.XceiverServerGrpc (XceiverServerGrpc.java:start(161)) - XceiverServerGrpc f5735acc-57de-4427-a3b1-fc2c39969951 is started using port 38075
2019-07-13 20:37:59,512 INFO  ozoneimpl.OzoneContainer (OzoneContainer.java:start(186)) - Attempting to start container services.
2019-07-13 20:37:59,512 INFO  ozoneimpl.OzoneContainer (OzoneContainer.java:startContainerScrub(160)) - Background container scrubber has been disabled by hdds.containerscrub.enabled
2019-07-13 20:37:59,512 INFO  ratis.XceiverServerRatis (XceiverServerRatis.java:start(418)) - Starting XceiverServerRatis 68c54cb8-7b58-41e0-acca-8e491e4edd3d at port 0
2019-07-13 20:37:59,518 INFO  impl.RaftServerProxy (RaftServerProxy.java:lambda$start$3(299)) - 68c54cb8-7b58-41e0-acca-8e491e4edd3d: start RPC server
2019-07-13 20:37:59,519 INFO  server.GrpcService (GrpcService.java:startImpl(149)) - 68c54cb8-7b58-41e0-acca-8e491e4edd3d: GrpcService started, listening on 0.0.0.0/0.0.0.0:39684
2019-07-13 20:37:59,519 INFO  ratis.XceiverServerRatis (XceiverServerRatis.java:start(428)) - XceiverServerRatis 68c54cb8-7b58-41e0-acca-8e491e4edd3d is started using port 39684
2019-07-13 20:37:59,520 INFO  server.XceiverServerGrpc (XceiverServerGrpc.java:start(161)) - XceiverServerGrpc 68c54cb8-7b58-41e0-acca-8e491e4edd3d is started using port 39879
2019-07-13 20:37:59,901 INFO  ozone.MiniOzoneClusterImpl (MiniOzoneClusterImpl.java:lambda$waitForClusterToBeReady$0(142)) - Waiting for cluster to be ready. Got 0 of 7 DN Heartbeats.
2019-07-13 20:37:59,912 INFO  ozoneimpl.OzoneContainer (OzoneContainer.java:start(186)) - Attempting to start container services.
2019-07-13 20:37:59,912 INFO  ozoneimpl.OzoneContainer (OzoneContainer.java:startContainerScrub(160)) - Background container scrubber has been disabled by hdds.containerscrub.enabled
2019-07-13 20:37:59,912 INFO  ratis.XceiverServerRatis (XceiverServerRatis.java:start(418)) - Starting XceiverServerRatis 0650c02c-951a-413b-9329-3ac90d0b990b at port 0
2019-07-13 20:37:59,920 INFO  impl.RaftServerProxy (RaftServerProxy.java:lambda$start$3(299)) - 0650c02c-951a-413b-9329-3ac90d0b990b: start RPC server
2019-07-13 20:37:59,920 INFO  server.GrpcService (GrpcService.java:startImpl(149)) - 0650c02c-951a-413b-9329-3ac90d0b990b: GrpcService started, listening on 0.0.0.0/0.0.0.0:46451
2019-07-13 20:37:59,920 INFO  ratis.XceiverServerRatis (XceiverServerRatis.java:start(428)) - XceiverServerRatis 0650c02c-951a-413b-9329-3ac90d0b990b is started using port 46451
2019-07-13 20:37:59,921 INFO  server.XceiverServerGrpc (XceiverServerGrpc.java:start(161)) - XceiverServerGrpc 0650c02c-951a-413b-9329-3ac90d0b990b is started using port 38093
2019-07-13 20:38:00,554 INFO  net.NetworkTopology (NetworkTopologyImpl.java:add(110)) - Added a new node: /default-rack/192.168.5.168
2019-07-13 20:38:00,557 INFO  node.SCMNodeManager (SCMNodeManager.java:register(269)) - Registered Data node : 2b1dba72-76ce-479e-bfd9-d2d1840a5e57{ip: 192.168.5.168, host: trunk-nightly-6qp7m-2461138711, networkLocation: /default-rack, certSerialId: null}
2019-07-13 20:38:00,558 INFO  safemode.SCMSafeModeManager (DataNodeSafeModeRule.java:process(71)) - SCM in safe mode. 1 DataNodes registered, 1 required.
2019-07-13 20:38:00,561 INFO  safemode.SCMSafeModeManager (SCMSafeModeManager.java:validateSafeModeExitRules(177)) - ScmSafeModeManager, all rules are successfully validated
2019-07-13 20:38:00,561 INFO  safemode.SCMSafeModeManager (SCMSafeModeManager.java:exitSafeMode(193)) - SCM exiting safe mode.
2019-07-13 20:38:00,584 INFO  impl.RaftServerProxy (RaftServerProxy.java:addNew(89)) - 2b1dba72-76ce-479e-bfd9-d2d1840a5e57: addNew group-58894F136E6F:[2b1dba72-76ce-479e-bfd9-d2d1840a5e57:192.168.5.168:45504] returns group-58894F136E6F:java.util.concurrent.CompletableFuture@93cbada[Not completed]
2019-07-13 20:38:00,585 INFO  impl.RaftServerImpl (RaftServerImpl.java:<init>(93)) - 2b1dba72-76ce-479e-bfd9-d2d1840a5e57: new RaftServerImpl for group-58894F136E6F:[2b1dba72-76ce-479e-bfd9-d2d1840a5e57:192.168.5.168:45504] with ContainerStateMachine:uninitialized
2019-07-13 20:38:00,585 INFO  server.RaftServerConfigKeys (ConfUtils.java:logGet(43)) - raft.server.rpc.timeout.min = 5s (custom)
2019-07-13 20:38:00,586 INFO  server.RaftServerConfigKeys (ConfUtils.java:logGet(43)) - raft.server.rpc.timeout.max = 5200ms (custom)
2019-07-13 20:38:00,586 INFO  server.RaftServerConfigKeys (ConfUtils.java:logGet(43)) - raft.server.rpcslowness.timeout = 120s (custom)
2019-07-13 20:38:00,586 INFO  server.RaftServerConfigKeys (ConfUtils.java:logGet(43)) - raft.server.sleep.deviation.threshold = 300 (default)
2019-07-13 20:38:00,586 INFO  server.RaftServerConfigKeys (ConfUtils.java:logGet(43)) - raft.server.log.appender.install.snapshot.enabled = false (custom)
2019-07-13 20:38:00,586 INFO  impl.RaftServerImpl (ServerState.java:<init>(105)) - 2b1dba72-76ce-479e-bfd9-d2d1840a5e57:group-58894F136E6F ConfigurationManager, init=-1: [2b1dba72-76ce-479e-bfd9-d2d1840a5e57:192.168.5.168:45504], old=null, confs=<EMPTY_MAP>
2019-07-13 20:38:00,586 INFO  server.RaftServerConfigKeys (ConfUtils.java:logGet(43)) - raft.server.storage.dir = [/tmp/workdir/hadoop-ozone/integration-test/target/test-dir/MiniOzoneClusterImpl-1f1962dc-bf0d-43a8-81db-407fa95944b0/datanode-0/data/ratis] (custom)
2019-07-13 20:38:00,587 INFO  storage.RaftStorageDirectory (RaftStorageDirectory.java:analyzeStorage(246)) - The storage directory /tmp/workdir/hadoop-ozone/integration-test/target/test-dir/MiniOzoneClusterImpl-1f1962dc-bf0d-43a8-81db-407fa95944b0/datanode-0/data/ratis/be153212-6989-4bc5-a895-58894f136e6f does not exist. Creating ...
2019-07-13 20:38:00,592 INFO  storage.RaftStorageDirectory (RaftStorageDirectory.java:tryLock(328)) - Lock on /tmp/workdir/hadoop-ozone/integration-test/target/test-dir/MiniOzoneClusterImpl-1f1962dc-bf0d-43a8-81db-407fa95944b0/datanode-0/data/ratis/be153212-6989-4bc5-a895-58894f136e6f/in_use.lock acquired by nodename 32015@trunk-nightly-6qp7m-2461138711
2019-07-13 20:38:00,595 INFO  storage.RaftStorage (RaftStorage.java:format(72)) - Storage directory /tmp/workdir/hadoop-ozone/integration-test/target/test-dir/MiniOzoneClusterImpl-1f1962dc-bf0d-43a8-81db-407fa95944b0/datanode-0/data/ratis/be153212-6989-4bc5-a895-58894f136e6f has been successfully formatted.
2019-07-13 20:38:00,596 INFO  ratis.ContainerStateMachine (ContainerStateMachine.java:loadSnapshot(200)) - The snapshot info is null.Setting the last applied index to:(t:0, i:~)
2019-07-13 20:38:00,596 INFO  server.RaftServerConfigKeys (ConfUtils.java:logGet(43)) - raft.server.leader.election.timeout = 120s (custom)
2019-07-13 20:38:00,596 INFO  server.RaftServerConfigKeys (ConfUtils.java:logGet(43)) - raft.server.log.use.memory = false (default)
2019-07-13 20:38:00,596 INFO  server.RaftServerConfigKeys (ConfUtils.java:logGet(43)) - raft.server.log.purge.gap = 1000000000 (custom)
2019-07-13 20:38:00,596 INFO  server.RaftServerConfigKeys (ConfUtils.java:logGet(43)) - raft.server.log.appender.buffer.byte-limit = 33554432 (custom)
2019-07-13 20:38:00,597 INFO  server.RaftServerConfigKeys (ConfUtils.java:logGet(43)) - raft.server.log.segment.size.max = 1048576 (custom)
2019-07-13 20:38:00,597 INFO  server.RaftServerConfigKeys (ConfUtils.java:logGet(43)) - raft.server.log.segment.cache.num.max = 2 (custom)
2019-07-13 20:38:00,597 INFO  segmented.SegmentedRaftLogWorker (SegmentedRaftLogWorker.java:<init>(172)) - new 2b1dba72-76ce-479e-bfd9-d2d1840a5e57-SegmentedRaftLogWorker:Storage Directory /tmp/workdir/hadoop-ozone/integration-test/target/test-dir/MiniOzoneClusterImpl-1f1962dc-bf0d-43a8-81db-407fa95944b0/datanode-0/data/ratis/be153212-6989-4bc5-a895-58894f136e6f for RaftStorage:Storage Directory /tmp/workdir/hadoop-ozone/integration-test/target/test-dir/MiniOzoneClusterImpl-1f1962dc-bf0d-43a8-81db-407fa95944b0/datanode-0/data/ratis/be153212-6989-4bc5-a895-58894f136e6f
2019-07-13 20:38:00,597 INFO  server.RaftServerConfigKeys (ConfUtils.java:logGet(43)) - raft.server.log.queue.byte-limit = 2147483647 (custom)
2019-07-13 20:38:00,598 INFO  server.RaftServerConfigKeys (ConfUtils.java:logGet(43)) - raft.server.log.queue.element-limit = 1024 (custom)
2019-07-13 20:38:00,598 INFO  server.RaftServerConfigKeys (ConfUtils.java:logGet(43)) - raft.server.log.segment.size.max = 1048576 (custom)
2019-07-13 20:38:00,598 INFO  server.RaftServerConfigKeys (ConfUtils.java:logGet(43)) - raft.server.log.preallocated.size = 16384 (custom)
2019-07-13 20:38:00,598 INFO  server.RaftServerConfigKeys (ConfUtils.java:logGet(43)) - raft.server.log.write.buffer.size = 33554432 (custom)
2019-07-13 20:38:00,599 INFO  server.RaftServerConfigKeys (ConfUtils.java:logGet(43)) - raft.server.log.force.sync.num = 128 (default)
2019-07-13 20:38:00,599 INFO  server.RaftServerConfigKeys (ConfUtils.java:logGet(43)) - raft.server.log.statemachine.data.sync = true (default)
2019-07-13 20:38:00,599 INFO  server.RaftServerConfigKeys (ConfUtils.java:logGet(43)) - raft.server.log.statemachine.data.sync.timeout = 10s (default)
2019-07-13 20:38:00,599 INFO  server.RaftServerConfigKeys (ConfUtils.java:logGet(43)) - raft.server.log.statemachine.data.sync.timeout.retry = -1 (default)
2019-07-13 20:38:00,599 INFO  server.RaftServerConfigKeys (ConfUtils.java:logGet(43)) - raft.server.log.statemachine.data.caching.enabled = true (custom)
2019-07-13 20:38:00,600 INFO  segmented.SegmentedRaftLogWorker (SegmentedRaftLogWorker.java:lambda$new$0(132)) - 2b1dba72-76ce-479e-bfd9-d2d1840a5e57-SegmentedRaftLogWorker:Storage Directory /tmp/workdir/hadoop-ozone/integration-test/target/test-dir/MiniOzoneClusterImpl-1f1962dc-bf0d-43a8-81db-407fa95944b0/datanode-0/data/ratis/be153212-6989-4bc5-a895-58894f136e6f: flushIndex: setUnconditionally 0 -> -1
2019-07-13 20:38:00,600 INFO  server.RaftServerConfigKeys (ConfUtils.java:logGet(43)) - raft.server.snapshot.auto.trigger.enabled = true (custom)
2019-07-13 20:38:00,601 INFO  server.RaftServerConfigKeys (ConfUtils.java:logGet(43)) - raft.server.snapshot.auto.trigger.threshold = 10000 (custom)
2019-07-13 20:38:00,601 INFO  server.RaftServerConfigKeys (ConfUtils.java:logGet(43)) - raft.server.retrycache.expirytime = 600000ms (custom)
2019-07-13 20:38:00,601 INFO  impl.RaftServerImpl (RaftServerImpl.java:start(180)) - 2b1dba72-76ce-479e-bfd9-d2d1840a5e57: start group-58894F136E6F
2019-07-13 20:38:00,601 INFO  impl.RaftServerImpl (RaftServerImpl.java:setRole(171)) - 2b1dba72-76ce-479e-bfd9-d2d1840a5e57:group-58894F136E6F changes role from null to FOLLOWER at term 0 for startAsFollower
2019-07-13 20:38:00,601 INFO  impl.RoleInfo (RoleInfo.java:updateAndGet(143)) - 2b1dba72-76ce-479e-bfd9-d2d1840a5e57: start FollowerState
2019-07-13 20:38:00,603 INFO  util.JmxRegister (JmxRegister.java:tryRegister(44)) - Successfully registered JMX Bean with object name Ratis:service=RaftServer,group=group-58894F136E6F,id=2b1dba72-76ce-479e-bfd9-d2d1840a5e57
2019-07-13 20:38:00,606 INFO  pipeline.PipelineStateManager (PipelineStateManager.java:addPipeline(56)) - Created pipeline Pipeline[ Id: be153212-6989-4bc5-a895-58894f136e6f, Nodes: 2b1dba72-76ce-479e-bfd9-d2d1840a5e57{ip: 192.168.5.168, host: trunk-nightly-6qp7m-2461138711, networkLocation: /default-rack, certSerialId: null}, Type:RATIS, Factor:ONE, State:OPEN]
2019-07-13 20:38:00,735 INFO  node.SCMNodeManager (SCMNodeManager.java:register(269)) - Registered Data node : 31278a13-9f55-45e2-8070-d10d1ed70f22{ip: 192.168.5.168, host: trunk-nightly-6qp7m-2461138711, networkLocation: /default-rack, certSerialId: null}
2019-07-13 20:38:00,754 INFO  impl.RaftServerProxy (RaftServerProxy.java:addNew(89)) - 31278a13-9f55-45e2-8070-d10d1ed70f22: addNew group-DF4C918C4BD1:[31278a13-9f55-45e2-8070-d10d1ed70f22:192.168.5.168:46640] returns group-DF4C918C4BD1:java.util.concurrent.CompletableFuture@28a81cc2[Not completed]
2019-07-13 20:38:00,756 INFO  impl.RaftServerImpl (RaftServerImpl.java:<init>(93)) - 31278a13-9f55-45e2-8070-d10d1ed70f22: new RaftServerImpl for group-DF4C918C4BD1:[31278a13-9f55-45e2-8070-d10d1ed70f22:192.168.5.168:46640] with ContainerStateMachine:uninitialized
2019-07-13 20:38:00,756 INFO  server.RaftServerConfigKeys (ConfUtils.java:logGet(43)) - raft.server.rpc.timeout.min = 5s (custom)
2019-07-13 20:38:00,756 INFO  server.RaftServerConfigKeys (ConfUtils.java:logGet(43)) - raft.server.rpc.timeout.max = 5200ms (custom)
2019-07-13 20:38:00,756 INFO  server.RaftServerConfigKeys (ConfUtils.java:logGet(43)) - raft.server.rpcslowness.timeout = 120s (custom)
2019-07-13 20:38:00,756 INFO  server.RaftServerConfigKeys (ConfUtils.java:logGet(43)) - raft.server.sleep.deviation.threshold = 300 (default)
2019-07-13 20:38:00,756 INFO  server.RaftServerConfigKeys (ConfUtils.java:logGet(43)) - raft.server.log.appender.install.snapshot.enabled = false (custom)
2019-07-13 20:38:00,757 INFO  impl.RaftServerImpl (ServerState.java:<init>(105)) - 31278a13-9f55-45e2-8070-d10d1ed70f22:group-DF4C918C4BD1 ConfigurationManager, init=-1: [31278a13-9f55-45e2-8070-d10d1ed70f22:192.168.5.168:46640], old=null, confs=<EMPTY_MAP>
2019-07-13 20:38:00,757 INFO  server.RaftServerConfigKeys (ConfUtils.java:logGet(43)) - raft.server.storage.dir = [/tmp/workdir/hadoop-ozone/integration-test/target/test-dir/MiniOzoneClusterImpl-1f1962dc-bf0d-43a8-81db-407fa95944b0/datanode-1/data/ratis] (custom)
2019-07-13 20:38:00,757 INFO  storage.RaftStorageDirectory (RaftStorageDirectory.java:analyzeStorage(246)) - The storage directory /tmp/workdir/hadoop-ozone/integration-test/target/test-dir/MiniOzoneClusterImpl-1f1962dc-bf0d-43a8-81db-407fa95944b0/datanode-1/data/ratis/de6de20c-66fc-4d64-93e8-df4c918c4bd1 does not exist. Creating ...
2019-07-13 20:38:00,770 INFO  storage.RaftStorageDirectory (RaftStorageDirectory.java:tryLock(328)) - Lock on /tmp/workdir/hadoop-ozone/integration-test/target/test-dir/MiniOzoneClusterImpl-1f1962dc-bf0d-43a8-81db-407fa95944b0/datanode-1/data/ratis/de6de20c-66fc-4d64-93e8-df4c918c4bd1/in_use.lock acquired by nodename 32015@trunk-nightly-6qp7m-2461138711
2019-07-13 20:38:00,773 INFO  storage.RaftStorage (RaftStorage.java:format(72)) - Storage directory /tmp/workdir/hadoop-ozone/integration-test/target/test-dir/MiniOzoneClusterImpl-1f1962dc-bf0d-43a8-81db-407fa95944b0/datanode-1/data/ratis/de6de20c-66fc-4d64-93e8-df4c918c4bd1 has been successfully formatted.
2019-07-13 20:38:00,774 INFO  ratis.ContainerStateMachine (ContainerStateMachine.java:loadSnapshot(200)) - The snapshot info is null.Setting the last applied index to:(t:0, i:~)
2019-07-13 20:38:00,774 INFO  server.RaftServerConfigKeys (ConfUtils.java:logGet(43)) - raft.server.leader.election.timeout = 120s (custom)
2019-07-13 20:38:00,774 INFO  server.RaftServerConfigKeys (ConfUtils.java:logGet(43)) - raft.server.log.use.memory = false (default)
2019-07-13 20:38:00,774 INFO  server.RaftServerConfigKeys (ConfUtils.java:logGet(43)) - raft.server.log.purge.gap = 1000000000 (custom)
2019-07-13 20:38:00,774 INFO  server.RaftServerConfigKeys (ConfUtils.java:logGet(43)) - raft.server.log.appender.buffer.byte-limit = 33554432 (custom)
2019-07-13 20:38:00,775 INFO  server.RaftServerConfigKeys (ConfUtils.java:logGet(43)) - raft.server.log.segment.size.max = 1048576 (custom)
2019-07-13 20:38:00,775 INFO  server.RaftServerConfigKeys (ConfUtils.java:logGet(43)) - raft.server.log.segment.cache.num.max = 2 (custom)
2019-07-13 20:38:00,775 INFO  segmented.SegmentedRaftLogWorker (SegmentedRaftLogWorker.java:<init>(172)) - new 31278a13-9f55-45e2-8070-d10d1ed70f22-SegmentedRaftLogWorker:Storage Directory /tmp/workdir/hadoop-ozone/integration-test/target/test-dir/MiniOzoneClusterImpl-1f1962dc-bf0d-43a8-81db-407fa95944b0/datanode-1/data/ratis/de6de20c-66fc-4d64-93e8-df4c918c4bd1 for RaftStorage:Storage Directory /tmp/workdir/hadoop-ozone/integration-test/target/test-dir/MiniOzoneClusterImpl-1f1962dc-bf0d-43a8-81db-407fa95944b0/datanode-1/data/ratis/de6de20c-66fc-4d64-93e8-df4c918c4bd1
2019-07-13 20:38:00,775 INFO  server.RaftServerConfigKeys (ConfUtils.java:logGet(43)) - raft.server.log.queue.byte-limit = 2147483647 (custom)
2019-07-13 20:38:00,775 INFO  server.RaftServerConfigKeys (ConfUtils.java:logGet(43)) - raft.server.log.queue.element-limit = 1024 (custom)
2019-07-13 20:38:00,775 INFO  server.RaftServerConfigKeys (ConfUtils.java:logGet(43)) - raft.server.log.segment.size.max = 1048576 (custom)
2019-07-13 20:38:00,776 INFO  server.RaftServerConfigKeys (ConfUtils.java:logGet(43)) - raft.server.log.preallocated.size = 16384 (custom)
2019-07-13 20:38:00,776 INFO  server.RaftServerConfigKeys (ConfUtils.java:logGet(43)) - raft.server.log.write.buffer.size = 33554432 (custom)
2019-07-13 20:38:00,776 INFO  server.RaftServerConfigKeys (ConfUtils.java:logGet(43)) - raft.server.log.force.sync.num = 128 (default)
2019-07-13 20:38:00,776 INFO  server.RaftServerConfigKeys (ConfUtils.java:logGet(43)) - raft.server.log.statemachine.data.sync = true (default)
2019-07-13 20:38:00,776 INFO  server.RaftServerConfigKeys (ConfUtils.java:logGet(43)) - raft.server.log.statemachine.data.sync.timeout = 10s (default)
2019-07-13 20:38:00,776 INFO  server.RaftServerConfigKeys (ConfUtils.java:logGet(43)) - raft.server.log.statemachine.data.sync.timeout.retry = -1 (default)
2019-07-13 20:38:00,777 INFO  server.RaftServerConfigKeys (ConfUtils.java:logGet(43)) - raft.server.log.statemachine.data.caching.enabled = true (custom)
2019-07-13 20:38:00,777 INFO  segmented.SegmentedRaftLogWorker (SegmentedRaftLogWorker.java:lambda$new$0(132)) - 31278a13-9f55-45e2-8070-d10d1ed70f22-SegmentedRaftLogWorker:Storage Directory /tmp/workdir/hadoop-ozone/integration-test/target/test-dir/MiniOzoneClusterImpl-1f1962dc-bf0d-43a8-81db-407fa95944b0/datanode-1/data/ratis/de6de20c-66fc-4d64-93e8-df4c918c4bd1: flushIndex: setUnconditionally 0 -> -1
2019-07-13 20:38:00,777 INFO  server.RaftServerConfigKeys (ConfUtils.java:logGet(43)) - raft.server.snapshot.auto.trigger.enabled = true (custom)
2019-07-13 20:38:00,778 INFO  server.RaftServerConfigKeys (ConfUtils.java:logGet(43)) - raft.server.snapshot.auto.trigger.threshold = 10000 (custom)
2019-07-13 20:38:00,778 INFO  server.RaftServerConfigKeys (ConfUtils.java:logGet(43)) - raft.server.retrycache.expirytime = 600000ms (custom)
2019-07-13 20:38:00,778 INFO  impl.RaftServerImpl (RaftServerImpl.java:start(180)) - 31278a13-9f55-45e2-8070-d10d1ed70f22: start group-DF4C918C4BD1
2019-07-13 20:38:00,778 INFO  impl.RaftServerImpl (RaftServerImpl.java:setRole(171)) - 31278a13-9f55-45e2-8070-d10d1ed70f22:group-DF4C918C4BD1 changes role from null to FOLLOWER at term 0 for startAsFollower
2019-07-13 20:38:00,778 INFO  impl.RoleInfo (RoleInfo.java:updateAndGet(143)) - 31278a13-9f55-45e2-8070-d10d1ed70f22: start FollowerState
2019-07-13 20:38:00,779 INFO  util.JmxRegister (JmxRegister.java:tryRegister(44)) - Successfully registered JMX Bean with object name Ratis:service=RaftServer,group=group-DF4C918C4BD1,id=31278a13-9f55-45e2-8070-d10d1ed70f22
2019-07-13 20:38:00,781 INFO  pipeline.PipelineStateManager (PipelineStateManager.java:addPipeline(56)) - Created pipeline Pipeline[ Id: de6de20c-66fc-4d64-93e8-df4c918c4bd1, Nodes: 31278a13-9f55-45e2-8070-d10d1ed70f22{ip: 192.168.5.168, host: trunk-nightly-6qp7m-2461138711, networkLocation: /default-rack, certSerialId: null}, Type:RATIS, Factor:ONE, State:OPEN]
2019-07-13 20:38:00,901 INFO  ozone.MiniOzoneClusterImpl (MiniOzoneClusterImpl.java:lambda$waitForClusterToBeReady$0(142)) - Waiting for cluster to be ready. Got 2 of 7 DN Heartbeats.
2019-07-13 20:38:00,922 INFO  node.SCMNodeManager (SCMNodeManager.java:register(269)) - Registered Data node : e7c229a5-1cc5-44f9-aeda-838bc679e27e{ip: 192.168.5.168, host: trunk-nightly-6qp7m-2461138711, networkLocation: /default-rack, certSerialId: null}
2019-07-13 20:38:00,929 INFO  impl.RaftServerProxy (RaftServerProxy.java:addNew(89)) - e7c229a5-1cc5-44f9-aeda-838bc679e27e: addNew group-BE92E8D527E2:[e7c229a5-1cc5-44f9-aeda-838bc679e27e:192.168.5.168:35219] returns group-BE92E8D527E2:java.util.concurrent.CompletableFuture@6894408b[Not completed]
2019-07-13 20:38:00,930 INFO  impl.RaftServerImpl (RaftServerImpl.java:<init>(93)) - e7c229a5-1cc5-44f9-aeda-838bc679e27e: new RaftServerImpl for group-BE92E8D527E2:[e7c229a5-1cc5-44f9-aeda-838bc679e27e:192.168.5.168:35219] with ContainerStateMachine:uninitialized
2019-07-13 20:38:00,930 INFO  server.RaftServerConfigKeys (ConfUtils.java:logGet(43)) - raft.server.rpc.timeout.min = 5s (custom)
2019-07-13 20:38:00,930 INFO  server.RaftServerConfigKeys (ConfUtils.java:logGet(43)) - raft.server.rpc.timeout.max = 5200ms (custom)
2019-07-13 20:38:00,930 INFO  server.RaftServerConfigKeys (ConfUtils.java:logGet(43)) - raft.server.rpcslowness.timeout = 120s (custom)
2019-07-13 20:38:00,930 INFO  server.RaftServerConfigKeys (ConfUtils.java:logGet(43)) - raft.server.sleep.deviation.threshold = 300 (default)
2019-07-13 20:38:00,931 INFO  server.RaftServerConfigKeys (ConfUtils.java:logGet(43)) - raft.server.log.appender.install.snapshot.enabled = false (custom)
2019-07-13 20:38:00,931 INFO  impl.RaftServerImpl (ServerState.java:<init>(105)) - e7c229a5-1cc5-44f9-aeda-838bc679e27e:group-BE92E8D527E2 ConfigurationManager, init=-1: [e7c229a5-1cc5-44f9-aeda-838bc679e27e:192.168.5.168:35219], old=null, confs=<EMPTY_MAP>
2019-07-13 20:38:00,931 INFO  server.RaftServerConfigKeys (ConfUtils.java:logGet(43)) - raft.server.storage.dir = [/tmp/workdir/hadoop-ozone/integration-test/target/test-dir/MiniOzoneClusterImpl-1f1962dc-bf0d-43a8-81db-407fa95944b0/datanode-2/data/ratis] (custom)
2019-07-13 20:38:00,931 INFO  storage.RaftStorageDirectory (RaftStorageDirectory.java:analyzeStorage(246)) - The storage directory /tmp/workdir/hadoop-ozone/integration-test/target/test-dir/MiniOzoneClusterImpl-1f1962dc-bf0d-43a8-81db-407fa95944b0/datanode-2/data/ratis/158509c4-d5ec-45ff-b330-be92e8d527e2 does not exist. Creating ...
2019-07-13 20:38:00,936 INFO  storage.RaftStorageDirectory (RaftStorageDirectory.java:tryLock(328)) - Lock on /tmp/workdir/hadoop-ozone/integration-test/target/test-dir/MiniOzoneClusterImpl-1f1962dc-bf0d-43a8-81db-407fa95944b0/datanode-2/data/ratis/158509c4-d5ec-45ff-b330-be92e8d527e2/in_use.lock acquired by nodename 32015@trunk-nightly-6qp7m-2461138711
2019-07-13 20:38:00,940 INFO  storage.RaftStorage (RaftStorage.java:format(72)) - Storage directory /tmp/workdir/hadoop-ozone/integration-test/target/test-dir/MiniOzoneClusterImpl-1f1962dc-bf0d-43a8-81db-407fa95944b0/datanode-2/data/ratis/158509c4-d5ec-45ff-b330-be92e8d527e2 has been successfully formatted.
2019-07-13 20:38:00,940 INFO  ratis.ContainerStateMachine (ContainerStateMachine.java:loadSnapshot(200)) - The snapshot info is null.Setting the last applied index to:(t:0, i:~)
2019-07-13 20:38:00,940 INFO  server.RaftServerConfigKeys (ConfUtils.java:logGet(43)) - raft.server.leader.election.timeout = 120s (custom)
2019-07-13 20:38:00,940 INFO  server.RaftServerConfigKeys (ConfUtils.java:logGet(43)) - raft.server.log.use.memory = false (default)
2019-07-13 20:38:00,941 INFO  server.RaftServerConfigKeys (ConfUtils.java:logGet(43)) - raft.server.log.purge.gap = 1000000000 (custom)
2019-07-13 20:38:00,941 INFO  server.RaftServerConfigKeys (ConfUtils.java:logGet(43)) - raft.server.log.appender.buffer.byte-limit = 33554432 (custom)
2019-07-13 20:38:00,941 INFO  server.RaftServerConfigKeys (ConfUtils.java:logGet(43)) - raft.server.log.segment.size.max = 1048576 (custom)
2019-07-13 20:38:00,941 INFO  server.RaftServerConfigKeys (ConfUtils.java:logGet(43)) - raft.server.log.segment.cache.num.max = 2 (custom)
2019-07-13 20:38:00,941 INFO  segmented.SegmentedRaftLogWorker (SegmentedRaftLogWorker.java:<init>(172)) - new e7c229a5-1cc5-44f9-aeda-838bc679e27e-SegmentedRaftLogWorker:Storage Directory /tmp/workdir/hadoop-ozone/integration-test/target/test-dir/MiniOzoneClusterImpl-1f1962dc-bf0d-43a8-81db-407fa95944b0/datanode-2/data/ratis/158509c4-d5ec-45ff-b330-be92e8d527e2 for RaftStorage:Storage Directory /tmp/workdir/hadoop-ozone/integration-test/target/test-dir/MiniOzoneClusterImpl-1f1962dc-bf0d-43a8-81db-407fa95944b0/datanode-2/data/ratis/158509c4-d5ec-45ff-b330-be92e8d527e2
2019-07-13 20:38:00,942 INFO  server.RaftServerConfigKeys (ConfUtils.java:logGet(43)) - raft.server.log.queue.byte-limit = 2147483647 (custom)
2019-07-13 20:38:00,942 INFO  server.RaftServerConfigKeys (ConfUtils.java:logGet(43)) - raft.server.log.queue.element-limit = 1024 (custom)
2019-07-13 20:38:00,942 INFO  server.RaftServerConfigKeys (ConfUtils.java:logGet(43)) - raft.server.log.segment.size.max = 1048576 (custom)
2019-07-13 20:38:00,942 INFO  server.RaftServerConfigKeys (ConfUtils.java:logGet(43)) - raft.server.log.preallocated.size = 16384 (custom)
2019-07-13 20:38:00,942 INFO  server.RaftServerConfigKeys (ConfUtils.java:logGet(43)) - raft.server.log.write.buffer.size = 33554432 (custom)
2019-07-13 20:38:00,943 INFO  server.RaftServerConfigKeys (ConfUtils.java:logGet(43)) - raft.server.log.force.sync.num = 128 (default)
2019-07-13 20:38:00,943 INFO  server.RaftServerConfigKeys (ConfUtils.java:logGet(43)) - raft.server.log.statemachine.data.sync = true (default)
2019-07-13 20:38:00,943 INFO  server.RaftServerConfigKeys (ConfUtils.java:logGet(43)) - raft.server.log.statemachine.data.sync.timeout = 10s (default)
2019-07-13 20:38:00,943 INFO  server.RaftServerConfigKeys (ConfUtils.java:logGet(43)) - raft.server.log.statemachine.data.sync.timeout.retry = -1 (default)
2019-07-13 20:38:00,943 INFO  server.RaftServerConfigKeys (ConfUtils.java:logGet(43)) - raft.server.log.statemachine.data.caching.enabled = true (custom)
2019-07-13 20:38:00,944 INFO  segmented.SegmentedRaftLogWorker (SegmentedRaftLogWorker.java:lambda$new$0(132)) - e7c229a5-1cc5-44f9-aeda-838bc679e27e-SegmentedRaftLogWorker:Storage Directory /tmp/workdir/hadoop-ozone/integration-test/target/test-dir/MiniOzoneClusterImpl-1f1962dc-bf0d-43a8-81db-407fa95944b0/datanode-2/data/ratis/158509c4-d5ec-45ff-b330-be92e8d527e2: flushIndex: setUnconditionally 0 -> -1
2019-07-13 20:38:00,944 INFO  server.RaftServerConfigKeys (ConfUtils.java:logGet(43)) - raft.server.snapshot.auto.trigger.enabled = true (custom)
2019-07-13 20:38:00,944 INFO  server.RaftServerConfigKeys (ConfUtils.java:logGet(43)) - raft.server.snapshot.auto.trigger.threshold = 10000 (custom)
2019-07-13 20:38:00,944 INFO  server.RaftServerConfigKeys (ConfUtils.java:logGet(43)) - raft.server.retrycache.expirytime = 600000ms (custom)
2019-07-13 20:38:00,945 INFO  impl.RaftServerImpl (RaftServerImpl.java:start(180)) - e7c229a5-1cc5-44f9-aeda-838bc679e27e: start group-BE92E8D527E2
2019-07-13 20:38:00,945 INFO  impl.RaftServerImpl (RaftServerImpl.java:setRole(171)) - e7c229a5-1cc5-44f9-aeda-838bc679e27e:group-BE92E8D527E2 changes role from null to FOLLOWER at term 0 for startAsFollower
2019-07-13 20:38:00,945 INFO  impl.RoleInfo (RoleInfo.java:updateAndGet(143)) - e7c229a5-1cc5-44f9-aeda-838bc679e27e: start FollowerState
2019-07-13 20:38:00,945 INFO  util.JmxRegister (JmxRegister.java:tryRegister(44)) - Successfully registered JMX Bean with object name Ratis:service=RaftServer,group=group-BE92E8D527E2,id=e7c229a5-1cc5-44f9-aeda-838bc679e27e
2019-07-13 20:38:00,947 INFO  pipeline.PipelineStateManager (PipelineStateManager.java:addPipeline(56)) - Created pipeline Pipeline[ Id: 158509c4-d5ec-45ff-b330-be92e8d527e2, Nodes: e7c229a5-1cc5-44f9-aeda-838bc679e27e{ip: 192.168.5.168, host: trunk-nightly-6qp7m-2461138711, networkLocation: /default-rack, certSerialId: null}, Type:RATIS, Factor:ONE, State:OPEN]
2019-07-13 20:38:00,957 INFO  impl.RaftServerProxy (RaftServerProxy.java:addNew(89)) - 31278a13-9f55-45e2-8070-d10d1ed70f22: addNew group-526BA751D950:[2b1dba72-76ce-479e-bfd9-d2d1840a5e57:192.168.5.168:45504, e7c229a5-1cc5-44f9-aeda-838bc679e27e:192.168.5.168:35219, 31278a13-9f55-45e2-8070-d10d1ed70f22:192.168.5.168:46640] returns group-526BA751D950:java.util.concurrent.CompletableFuture@24549f7f[Not completed]
2019-07-13 20:38:00,958 INFO  impl.RaftServerProxy (RaftServerProxy.java:addNew(89)) - e7c229a5-1cc5-44f9-aeda-838bc679e27e: addNew group-526BA751D950:[2b1dba72-76ce-479e-bfd9-d2d1840a5e57:192.168.5.168:45504, e7c229a5-1cc5-44f9-aeda-838bc679e27e:192.168.5.168:35219, 31278a13-9f55-45e2-8070-d10d1ed70f22:192.168.5.168:46640] returns group-526BA751D950:java.util.concurrent.CompletableFuture@19936967[Not completed]
2019-07-13 20:38:00,958 INFO  impl.RaftServerProxy (RaftServerProxy.java:addNew(89)) - 2b1dba72-76ce-479e-bfd9-d2d1840a5e57: addNew group-526BA751D950:[2b1dba72-76ce-479e-bfd9-d2d1840a5e57:192.168.5.168:45504, e7c229a5-1cc5-44f9-aeda-838bc679e27e:192.168.5.168:35219, 31278a13-9f55-45e2-8070-d10d1ed70f22:192.168.5.168:46640] returns group-526BA751D950:java.util.concurrent.CompletableFuture@30e7cb87[Not completed]
2019-07-13 20:38:00,958 INFO  impl.RaftServerImpl (RaftServerImpl.java:<init>(93)) - 31278a13-9f55-45e2-8070-d10d1ed70f22: new RaftServerImpl for group-526BA751D950:[2b1dba72-76ce-479e-bfd9-d2d1840a5e57:192.168.5.168:45504, e7c229a5-1cc5-44f9-aeda-838bc679e27e:192.168.5.168:35219, 31278a13-9f55-45e2-8070-d10d1ed70f22:192.168.5.168:46640] with ContainerStateMachine:uninitialized
2019-07-13 20:38:00,958 INFO  server.RaftServerConfigKeys (ConfUtils.java:logGet(43)) - raft.server.rpc.timeout.min = 5s (custom)
2019-07-13 20:38:00,958 INFO  server.RaftServerConfigKeys (ConfUtils.java:logGet(43)) - raft.server.rpc.timeout.max = 5200ms (custom)
2019-07-13 20:38:00,958 INFO  server.RaftServerConfigKeys (ConfUtils.java:logGet(43)) - raft.server.rpcslowness.timeout = 120s (custom)
2019-07-13 20:38:00,959 INFO  server.RaftServerConfigKeys (ConfUtils.java:logGet(43)) - raft.server.sleep.deviation.threshold = 300 (default)
2019-07-13 20:38:00,959 INFO  server.RaftServerConfigKeys (ConfUtils.java:logGet(43)) - raft.server.log.appender.install.snapshot.enabled = false (custom)
2019-07-13 20:38:00,959 INFO  impl.RaftServerImpl (RaftServerImpl.java:<init>(93)) - e7c229a5-1cc5-44f9-aeda-838bc679e27e: new RaftServerImpl for group-526BA751D950:[2b1dba72-76ce-479e-bfd9-d2d1840a5e57:192.168.5.168:45504, e7c229a5-1cc5-44f9-aeda-838bc679e27e:192.168.5.168:35219, 31278a13-9f55-45e2-8070-d10d1ed70f22:192.168.5.168:46640] with ContainerStateMachine:uninitialized
2019-07-13 20:38:00,959 INFO  impl.RaftServerImpl (ServerState.java:<init>(105)) - 31278a13-9f55-45e2-8070-d10d1ed70f22:group-526BA751D950 ConfigurationManager, init=-1: [2b1dba72-76ce-479e-bfd9-d2d1840a5e57:192.168.5.168:45504, e7c229a5-1cc5-44f9-aeda-838bc679e27e:192.168.5.168:35219, 31278a13-9f55-45e2-8070-d10d1ed70f22:192.168.5.168:46640], old=null, confs=<EMPTY_MAP>
2019-07-13 20:38:00,959 INFO  server.RaftServerConfigKeys (ConfUtils.java:logGet(43)) - raft.server.rpc.timeout.min = 5s (custom)
2019-07-13 20:38:00,959 INFO  impl.RaftServerImpl (RaftServerImpl.java:<init>(93)) - 2b1dba72-76ce-479e-bfd9-d2d1840a5e57: new RaftServerImpl for group-526BA751D950:[2b1dba72-76ce-479e-bfd9-d2d1840a5e57:192.168.5.168:45504, e7c229a5-1cc5-44f9-aeda-838bc679e27e:192.168.5.168:35219, 31278a13-9f55-45e2-8070-d10d1ed70f22:192.168.5.168:46640] with ContainerStateMachine:uninitialized
2019-07-13 20:38:00,959 INFO  server.RaftServerConfigKeys (ConfUtils.java:logGet(43)) - raft.server.storage.dir = [/tmp/workdir/hadoop-ozone/integration-test/target/test-dir/MiniOzoneClusterImpl-1f1962dc-bf0d-43a8-81db-407fa95944b0/datanode-1/data/ratis] (custom)
2019-07-13 20:38:00,959 INFO  server.RaftServerConfigKeys (ConfUtils.java:logGet(43)) - raft.server.rpc.timeout.min = 5s (custom)
2019-07-13 20:38:00,959 INFO  server.RaftServerConfigKeys (ConfUtils.java:logGet(43)) - raft.server.rpc.timeout.max = 5200ms (custom)
2019-07-13 20:38:00,960 INFO  storage.RaftStorageDirectory (RaftStorageDirectory.java:analyzeStorage(246)) - The storage directory /tmp/workdir/hadoop-ozone/integration-test/target/test-dir/MiniOzoneClusterImpl-1f1962dc-bf0d-43a8-81db-407fa95944b0/datanode-1/data/ratis/cea31efc-78a3-439b-b792-526ba751d950 does not exist. Creating ...
2019-07-13 20:38:00,960 INFO  server.RaftServerConfigKeys (ConfUtils.java:logGet(43)) - raft.server.rpc.timeout.max = 5200ms (custom)
2019-07-13 20:38:00,960 INFO  server.RaftServerConfigKeys (ConfUtils.java:logGet(43)) - raft.server.rpcslowness.timeout = 120s (custom)
2019-07-13 20:38:00,960 INFO  server.RaftServerConfigKeys (ConfUtils.java:logGet(43)) - raft.server.rpcslowness.timeout = 120s (custom)
2019-07-13 20:38:00,960 INFO  server.RaftServerConfigKeys (ConfUtils.java:logGet(43)) - raft.server.sleep.deviation.threshold = 300 (default)
2019-07-13 20:38:00,960 INFO  server.RaftServerConfigKeys (ConfUtils.java:logGet(43)) - raft.server.sleep.deviation.threshold = 300 (default)
2019-07-13 20:38:00,961 INFO  server.RaftServerConfigKeys (ConfUtils.java:logGet(43)) - raft.server.log.appender.install.snapshot.enabled = false (custom)
2019-07-13 20:38:00,961 INFO  server.RaftServerConfigKeys (ConfUtils.java:logGet(43)) - raft.server.log.appender.install.snapshot.enabled = false (custom)
2019-07-13 20:38:00,961 INFO  impl.RaftServerImpl (ServerState.java:<init>(105)) - e7c229a5-1cc5-44f9-aeda-838bc679e27e:group-526BA751D950 ConfigurationManager, init=-1: [2b1dba72-76ce-479e-bfd9-d2d1840a5e57:192.168.5.168:45504, e7c229a5-1cc5-44f9-aeda-838bc679e27e:192.168.5.168:35219, 31278a13-9f55-45e2-8070-d10d1ed70f22:192.168.5.168:46640], old=null, confs=<EMPTY_MAP>
2019-07-13 20:38:00,961 INFO  impl.RaftServerImpl (ServerState.java:<init>(105)) - 2b1dba72-76ce-479e-bfd9-d2d1840a5e57:group-526BA751D950 ConfigurationManager, init=-1: [2b1dba72-76ce-479e-bfd9-d2d1840a5e57:192.168.5.168:45504, e7c229a5-1cc5-44f9-aeda-838bc679e27e:192.168.5.168:35219, 31278a13-9f55-45e2-8070-d10d1ed70f22:192.168.5.168:46640], old=null, confs=<EMPTY_MAP>
2019-07-13 20:38:00,961 INFO  server.RaftServerConfigKeys (ConfUtils.java:logGet(43)) - raft.server.storage.dir = [/tmp/workdir/hadoop-ozone/integration-test/target/test-dir/MiniOzoneClusterImpl-1f1962dc-bf0d-43a8-81db-407fa95944b0/datanode-2/data/ratis] (custom)
2019-07-13 20:38:00,961 INFO  server.RaftServerConfigKeys (ConfUtils.java:logGet(43)) - raft.server.storage.dir = [/tmp/workdir/hadoop-ozone/integration-test/target/test-dir/MiniOzoneClusterImpl-1f1962dc-bf0d-43a8-81db-407fa95944b0/datanode-0/data/ratis] (custom)
2019-07-13 20:38:00,962 INFO  storage.RaftStorageDirectory (RaftStorageDirectory.java:analyzeStorage(246)) - The storage directory /tmp/workdir/hadoop-ozone/integration-test/target/test-dir/MiniOzoneClusterImpl-1f1962dc-bf0d-43a8-81db-407fa95944b0/datanode-2/data/ratis/cea31efc-78a3-439b-b792-526ba751d950 does not exist. Creating ...
2019-07-13 20:38:00,962 INFO  storage.RaftStorageDirectory (RaftStorageDirectory.java:analyzeStorage(246)) - The storage directory /tmp/workdir/hadoop-ozone/integration-test/target/test-dir/MiniOzoneClusterImpl-1f1962dc-bf0d-43a8-81db-407fa95944b0/datanode-0/data/ratis/cea31efc-78a3-439b-b792-526ba751d950 does not exist. Creating ...
2019-07-13 20:38:00,964 INFO  storage.RaftStorageDirectory (RaftStorageDirectory.java:tryLock(328)) - Lock on /tmp/workdir/hadoop-ozone/integration-test/target/test-dir/MiniOzoneClusterImpl-1f1962dc-bf0d-43a8-81db-407fa95944b0/datanode-1/data/ratis/cea31efc-78a3-439b-b792-526ba751d950/in_use.lock acquired by nodename 32015@trunk-nightly-6qp7m-2461138711
2019-07-13 20:38:00,967 INFO  storage.RaftStorageDirectory (RaftStorageDirectory.java:tryLock(328)) - Lock on /tmp/workdir/hadoop-ozone/integration-test/target/test-dir/MiniOzoneClusterImpl-1f1962dc-bf0d-43a8-81db-407fa95944b0/datanode-0/data/ratis/cea31efc-78a3-439b-b792-526ba751d950/in_use.lock acquired by nodename 32015@trunk-nightly-6qp7m-2461138711
2019-07-13 20:38:00,967 INFO  storage.RaftStorageDirectory (RaftStorageDirectory.java:tryLock(328)) - Lock on /tmp/workdir/hadoop-ozone/integration-test/target/test-dir/MiniOzoneClusterImpl-1f1962dc-bf0d-43a8-81db-407fa95944b0/datanode-2/data/ratis/cea31efc-78a3-439b-b792-526ba751d950/in_use.lock acquired by nodename 32015@trunk-nightly-6qp7m-2461138711
2019-07-13 20:38:00,969 INFO  storage.RaftStorage (RaftStorage.java:format(72)) - Storage directory /tmp/workdir/hadoop-ozone/integration-test/target/test-dir/MiniOzoneClusterImpl-1f1962dc-bf0d-43a8-81db-407fa95944b0/datanode-1/data/ratis/cea31efc-78a3-439b-b792-526ba751d950 has been successfully formatted.
2019-07-13 20:38:00,970 INFO  ratis.ContainerStateMachine (ContainerStateMachine.java:loadSnapshot(200)) - The snapshot info is null.Setting the last applied index to:(t:0, i:~)
2019-07-13 20:38:00,970 INFO  server.RaftServerConfigKeys (ConfUtils.java:logGet(43)) - raft.server.leader.election.timeout = 120s (custom)
2019-07-13 20:38:00,970 INFO  server.RaftServerConfigKeys (ConfUtils.java:logGet(43)) - raft.server.log.use.memory = false (default)
2019-07-13 20:38:00,970 INFO  server.RaftServerConfigKeys (ConfUtils.java:logGet(43)) - raft.server.log.purge.gap = 1000000000 (custom)
2019-07-13 20:38:00,970 INFO  server.RaftServerConfigKeys (ConfUtils.java:logGet(43)) - raft.server.log.appender.buffer.byte-limit = 33554432 (custom)
2019-07-13 20:38:00,970 INFO  server.RaftServerConfigKeys (ConfUtils.java:logGet(43)) - raft.server.log.segment.size.max = 1048576 (custom)
2019-07-13 20:38:00,971 INFO  server.RaftServerConfigKeys (ConfUtils.java:logGet(43)) - raft.server.log.segment.cache.num.max = 2 (custom)
2019-07-13 20:38:00,971 INFO  segmented.SegmentedRaftLogWorker (SegmentedRaftLogWorker.java:<init>(172)) - new 31278a13-9f55-45e2-8070-d10d1ed70f22-SegmentedRaftLogWorker:Storage Directory /tmp/workdir/hadoop-ozone/integration-test/target/test-dir/MiniOzoneClusterImpl-1f1962dc-bf0d-43a8-81db-407fa95944b0/datanode-1/data/ratis/cea31efc-78a3-439b-b792-526ba751d950 for RaftStorage:Storage Directory /tmp/workdir/hadoop-ozone/integration-test/target/test-dir/MiniOzoneClusterImpl-1f1962dc-bf0d-43a8-81db-407fa95944b0/datanode-1/data/ratis/cea31efc-78a3-439b-b792-526ba751d950
2019-07-13 20:38:00,971 INFO  server.RaftServerConfigKeys (ConfUtils.java:logGet(43)) - raft.server.log.queue.byte-limit = 2147483647 (custom)
2019-07-13 20:38:00,971 INFO  server.RaftServerConfigKeys (ConfUtils.java:logGet(43)) - raft.server.log.queue.element-limit = 1024 (custom)
2019-07-13 20:38:00,971 INFO  server.RaftServerConfigKeys (ConfUtils.java:logGet(43)) - raft.server.log.segment.size.max = 1048576 (custom)
2019-07-13 20:38:00,971 INFO  server.RaftServerConfigKeys (ConfUtils.java:logGet(43)) - raft.server.log.preallocated.size = 16384 (custom)
2019-07-13 20:38:00,971 INFO  server.RaftServerConfigKeys (ConfUtils.java:logGet(43)) - raft.server.log.write.buffer.size = 33554432 (custom)
2019-07-13 20:38:00,972 INFO  server.RaftServerConfigKeys (ConfUtils.java:logGet(43)) - raft.server.log.force.sync.num = 128 (default)
2019-07-13 20:38:00,972 INFO  storage.RaftStorage (RaftStorage.java:format(72)) - Storage directory /tmp/workdir/hadoop-ozone/integration-test/target/test-dir/MiniOzoneClusterImpl-1f1962dc-bf0d-43a8-81db-407fa95944b0/datanode-0/data/ratis/cea31efc-78a3-439b-b792-526ba751d950 has been successfully formatted.
2019-07-13 20:38:00,972 INFO  storage.RaftStorage (RaftStorage.java:format(72)) - Storage directory /tmp/workdir/hadoop-ozone/integration-test/target/test-dir/MiniOzoneClusterImpl-1f1962dc-bf0d-43a8-81db-407fa95944b0/datanode-2/data/ratis/cea31efc-78a3-439b-b792-526ba751d950 has been successfully formatted.
2019-07-13 20:38:00,972 INFO  server.RaftServerConfigKeys (ConfUtils.java:logGet(43)) - raft.server.log.statemachine.data.sync = true (default)
2019-07-13 20:38:00,972 INFO  ratis.ContainerStateMachine (ContainerStateMachine.java:loadSnapshot(200)) - The snapshot info is null.Setting the last applied index to:(t:0, i:~)
2019-07-13 20:38:00,972 INFO  ratis.ContainerStateMachine (ContainerStateMachine.java:loadSnapshot(200)) - The snapshot info is null.Setting the last applied index to:(t:0, i:~)
2019-07-13 20:38:00,972 INFO  server.RaftServerConfigKeys (ConfUtils.java:logGet(43)) - raft.server.leader.election.timeout = 120s (custom)
2019-07-13 20:38:00,973 INFO  server.RaftServerConfigKeys (ConfUtils.java:logGet(43)) - raft.server.log.use.memory = false (default)
2019-07-13 20:38:00,972 INFO  server.RaftServerConfigKeys (ConfUtils.java:logGet(43)) - raft.server.log.statemachine.data.sync.timeout = 10s (default)
2019-07-13 20:38:00,973 INFO  server.RaftServerConfigKeys (ConfUtils.java:logGet(43)) - raft.server.log.purge.gap = 1000000000 (custom)
2019-07-13 20:38:00,973 INFO  server.RaftServerConfigKeys (ConfUtils.java:logGet(43)) - raft.server.log.appender.buffer.byte-limit = 33554432 (custom)
2019-07-13 20:38:00,972 INFO  server.RaftServerConfigKeys (ConfUtils.java:logGet(43)) - raft.server.leader.election.timeout = 120s (custom)
2019-07-13 20:38:00,973 INFO  server.RaftServerConfigKeys (ConfUtils.java:logGet(43)) - raft.server.log.segment.size.max = 1048576 (custom)
2019-07-13 20:38:00,973 INFO  server.RaftServerConfigKeys (ConfUtils.java:logGet(43)) - raft.server.log.statemachine.data.sync.timeout.retry = -1 (default)
2019-07-13 20:38:00,973 INFO  server.RaftServerConfigKeys (ConfUtils.java:logGet(43)) - raft.server.log.segment.cache.num.max = 2 (custom)
2019-07-13 20:38:00,973 INFO  server.RaftServerConfigKeys (ConfUtils.java:logGet(43)) - raft.server.log.use.memory = false (default)
2019-07-13 20:38:00,974 INFO  segmented.SegmentedRaftLogWorker (SegmentedRaftLogWorker.java:<init>(172)) - new e7c229a5-1cc5-44f9-aeda-838bc679e27e-SegmentedRaftLogWorker:Storage Directory /tmp/workdir/hadoop-ozone/integration-test/target/test-dir/MiniOzoneClusterImpl-1f1962dc-bf0d-43a8-81db-407fa95944b0/datanode-2/data/ratis/cea31efc-78a3-439b-b792-526ba751d950 for RaftStorage:Storage Directory /tmp/workdir/hadoop-ozone/integration-test/target/test-dir/MiniOzoneClusterImpl-1f1962dc-bf0d-43a8-81db-407fa95944b0/datanode-2/data/ratis/cea31efc-78a3-439b-b792-526ba751d950
2019-07-13 20:38:00,974 INFO  server.RaftServerConfigKeys (ConfUtils.java:logGet(43)) - raft.server.log.statemachine.data.caching.enabled = true (custom)
2019-07-13 20:38:00,974 INFO  server.RaftServerConfigKeys (ConfUtils.java:logGet(43)) - raft.server.log.queue.byte-limit = 2147483647 (custom)
2019-07-13 20:38:00,974 INFO  server.RaftServerConfigKeys (ConfUtils.java:logGet(43)) - raft.server.log.queue.element-limit = 1024 (custom)
2019-07-13 20:38:00,974 INFO  server.RaftServerConfigKeys (ConfUtils.java:logGet(43)) - raft.server.log.purge.gap = 1000000000 (custom)
2019-07-13 20:38:00,974 INFO  server.RaftServerConfigKeys (ConfUtils.java:logGet(43)) - raft.server.log.segment.size.max = 1048576 (custom)
2019-07-13 20:38:00,974 INFO  segmented.SegmentedRaftLogWorker (SegmentedRaftLogWorker.java:lambda$new$0(132)) - 31278a13-9f55-45e2-8070-d10d1ed70f22-SegmentedRaftLogWorker:Storage Directory /tmp/workdir/hadoop-ozone/integration-test/target/test-dir/MiniOzoneClusterImpl-1f1962dc-bf0d-43a8-81db-407fa95944b0/datanode-1/data/ratis/cea31efc-78a3-439b-b792-526ba751d950: flushIndex: setUnconditionally 0 -> -1
2019-07-13 20:38:00,975 INFO  server.RaftServerConfigKeys (ConfUtils.java:logGet(43)) - raft.server.log.preallocated.size = 16384 (custom)
2019-07-13 20:38:00,975 INFO  server.RaftServerConfigKeys (ConfUtils.java:logGet(43)) - raft.server.log.appender.buffer.byte-limit = 33554432 (custom)
2019-07-13 20:38:00,975 INFO  server.RaftServerConfigKeys (ConfUtils.java:logGet(43)) - raft.server.snapshot.auto.trigger.enabled = true (custom)
2019-07-13 20:38:00,975 INFO  server.RaftServerConfigKeys (ConfUtils.java:logGet(43)) - raft.server.log.write.buffer.size = 33554432 (custom)
2019-07-13 20:38:00,975 INFO  server.RaftServerConfigKeys (ConfUtils.java:logGet(43)) - raft.server.snapshot.auto.trigger.threshold = 10000 (custom)
2019-07-13 20:38:00,975 INFO  server.RaftServerConfigKeys (ConfUtils.java:logGet(43)) - raft.server.log.segment.size.max = 1048576 (custom)
2019-07-13 20:38:00,976 INFO  server.RaftServerConfigKeys (ConfUtils.java:logGet(43)) - raft.server.retrycache.expirytime = 600000ms (custom)
2019-07-13 20:38:00,976 INFO  server.RaftServerConfigKeys (ConfUtils.java:logGet(43)) - raft.server.log.force.sync.num = 128 (default)
2019-07-13 20:38:00,976 INFO  impl.RaftServerImpl (RaftServerImpl.java:start(180)) - 31278a13-9f55-45e2-8070-d10d1ed70f22: start group-526BA751D950
2019-07-13 20:38:00,976 INFO  server.RaftServerConfigKeys (ConfUtils.java:logGet(43)) - raft.server.log.segment.cache.num.max = 2 (custom)
2019-07-13 20:38:00,976 INFO  impl.RaftServerImpl (RaftServerImpl.java:setRole(171)) - 31278a13-9f55-45e2-8070-d10d1ed70f22:group-526BA751D950 changes role from null to FOLLOWER at term 0 for startAsFollower
2019-07-13 20:38:00,976 INFO  server.RaftServerConfigKeys (ConfUtils.java:logGet(43)) - raft.server.log.statemachine.data.sync = true (default)
2019-07-13 20:38:00,977 INFO  impl.RoleInfo (RoleInfo.java:updateAndGet(143)) - 31278a13-9f55-45e2-8070-d10d1ed70f22: start FollowerState
2019-07-13 20:38:00,976 INFO  segmented.SegmentedRaftLogWorker (SegmentedRaftLogWorker.java:<init>(172)) - new 2b1dba72-76ce-479e-bfd9-d2d1840a5e57-SegmentedRaftLogWorker:Storage Directory /tmp/workdir/hadoop-ozone/integration-test/target/test-dir/MiniOzoneClusterImpl-1f1962dc-bf0d-43a8-81db-407fa95944b0/datanode-0/data/ratis/cea31efc-78a3-439b-b792-526ba751d950 for RaftStorage:Storage Directory /tmp/workdir/hadoop-ozone/integration-test/target/test-dir/MiniOzoneClusterImpl-1f1962dc-bf0d-43a8-81db-407fa95944b0/datanode-0/data/ratis/cea31efc-78a3-439b-b792-526ba751d950
2019-07-13 20:38:00,977 INFO  server.RaftServerConfigKeys (ConfUtils.java:logGet(43)) - raft.server.log.statemachine.data.sync.timeout = 10s (default)
2019-07-13 20:38:00,977 INFO  util.JmxRegister (JmxRegister.java:tryRegister(44)) - Successfully registered JMX Bean with object name Ratis:service=RaftServer,group=group-526BA751D950,id=31278a13-9f55-45e2-8070-d10d1ed70f22
2019-07-13 20:38:00,977 INFO  server.RaftServerConfigKeys (ConfUtils.java:logGet(43)) - raft.server.log.queue.byte-limit = 2147483647 (custom)
2019-07-13 20:38:00,977 INFO  server.RaftServerConfigKeys (ConfUtils.java:logGet(43)) - raft.server.log.statemachine.data.sync.timeout.retry = -1 (default)
2019-07-13 20:38:00,978 INFO  server.RaftServerConfigKeys (ConfUtils.java:logGet(43)) - raft.server.log.queue.element-limit = 1024 (custom)
2019-07-13 20:38:00,978 INFO  server.RaftServerConfigKeys (ConfUtils.java:logGet(43)) - raft.server.log.statemachine.data.caching.enabled = true (custom)
2019-07-13 20:38:00,978 INFO  server.RaftServerConfigKeys (ConfUtils.java:logGet(43)) - raft.server.log.segment.size.max = 1048576 (custom)
2019-07-13 20:38:00,978 INFO  server.RaftServerConfigKeys (ConfUtils.java:logGet(43)) - raft.server.log.preallocated.size = 16384 (custom)
2019-07-13 20:38:00,978 INFO  server.RaftServerConfigKeys (ConfUtils.java:logGet(43)) - raft.server.log.write.buffer.size = 33554432 (custom)
2019-07-13 20:38:00,978 INFO  segmented.SegmentedRaftLogWorker (SegmentedRaftLogWorker.java:lambda$new$0(132)) - e7c229a5-1cc5-44f9-aeda-838bc679e27e-SegmentedRaftLogWorker:Storage Directory /tmp/workdir/hadoop-ozone/integration-test/target/test-dir/MiniOzoneClusterImpl-1f1962dc-bf0d-43a8-81db-407fa95944b0/datanode-2/data/ratis/cea31efc-78a3-439b-b792-526ba751d950: flushIndex: setUnconditionally 0 -> -1
2019-07-13 20:38:00,979 INFO  server.RaftServerConfigKeys (ConfUtils.java:logGet(43)) - raft.server.log.force.sync.num = 128 (default)
2019-07-13 20:38:00,979 INFO  server.RaftServerConfigKeys (ConfUtils.java:logGet(43)) - raft.server.snapshot.auto.trigger.enabled = true (custom)
2019-07-13 20:38:00,979 INFO  server.RaftServerConfigKeys (ConfUtils.java:logGet(43)) - raft.server.log.statemachine.data.sync = true (default)
2019-07-13 20:38:00,979 INFO  server.RaftServerConfigKeys (ConfUtils.java:logGet(43)) - raft.server.snapshot.auto.trigger.threshold = 10000 (custom)
2019-07-13 20:38:00,979 INFO  server.RaftServerConfigKeys (ConfUtils.java:logGet(43)) - raft.server.log.statemachine.data.sync.timeout = 10s (default)
2019-07-13 20:38:00,979 INFO  server.RaftServerConfigKeys (ConfUtils.java:logGet(43)) - raft.server.retrycache.expirytime = 600000ms (custom)
2019-07-13 20:38:00,980 INFO  server.RaftServerConfigKeys (ConfUtils.java:logGet(43)) - raft.server.log.statemachine.data.sync.timeout.retry = -1 (default)
2019-07-13 20:38:00,980 INFO  impl.RaftServerImpl (RaftServerImpl.java:start(180)) - e7c229a5-1cc5-44f9-aeda-838bc679e27e: start group-526BA751D950
2019-07-13 20:38:00,980 INFO  server.RaftServerConfigKeys (ConfUtils.java:logGet(43)) - raft.server.log.statemachine.data.caching.enabled = true (custom)
2019-07-13 20:38:00,980 INFO  impl.RaftServerImpl (RaftServerImpl.java:setRole(171)) - e7c229a5-1cc5-44f9-aeda-838bc679e27e:group-526BA751D950 changes role from null to FOLLOWER at term 0 for startAsFollower
2019-07-13 20:38:00,980 INFO  impl.RoleInfo (RoleInfo.java:updateAndGet(143)) - e7c229a5-1cc5-44f9-aeda-838bc679e27e: start FollowerState
2019-07-13 20:38:00,980 INFO  segmented.SegmentedRaftLogWorker (SegmentedRaftLogWorker.java:lambda$new$0(132)) - 2b1dba72-76ce-479e-bfd9-d2d1840a5e57-SegmentedRaftLogWorker:Storage Directory /tmp/workdir/hadoop-ozone/integration-test/target/test-dir/MiniOzoneClusterImpl-1f1962dc-bf0d-43a8-81db-407fa95944b0/datanode-0/data/ratis/cea31efc-78a3-439b-b792-526ba751d950: flushIndex: setUnconditionally 0 -> -1
2019-07-13 20:38:00,981 INFO  util.JmxRegister (JmxRegister.java:tryRegister(44)) - Successfully registered JMX Bean with object name Ratis:service=RaftServer,group=group-526BA751D950,id=e7c229a5-1cc5-44f9-aeda-838bc679e27e
2019-07-13 20:38:00,981 INFO  server.RaftServerConfigKeys (ConfUtils.java:logGet(43)) - raft.server.snapshot.auto.trigger.enabled = true (custom)
2019-07-13 20:38:00,981 INFO  server.RaftServerConfigKeys (ConfUtils.java:logGet(43)) - raft.server.snapshot.auto.trigger.threshold = 10000 (custom)
2019-07-13 20:38:00,981 INFO  server.RaftServerConfigKeys (ConfUtils.java:logGet(43)) - raft.server.retrycache.expirytime = 600000ms (custom)
2019-07-13 20:38:00,981 INFO  impl.RaftServerImpl (RaftServerImpl.java:start(180)) - 2b1dba72-76ce-479e-bfd9-d2d1840a5e57: start group-526BA751D950
2019-07-13 20:38:00,981 INFO  impl.RaftServerImpl (RaftServerImpl.java:setRole(171)) - 2b1dba72-76ce-479e-bfd9-d2d1840a5e57:group-526BA751D950 changes role from null to FOLLOWER at term 0 for startAsFollower
2019-07-13 20:38:00,982 INFO  impl.RoleInfo (RoleInfo.java:updateAndGet(143)) - 2b1dba72-76ce-479e-bfd9-d2d1840a5e57: start FollowerState
2019-07-13 20:38:00,982 INFO  util.JmxRegister (JmxRegister.java:tryRegister(44)) - Successfully registered JMX Bean with object name Ratis:service=RaftServer,group=group-526BA751D950,id=2b1dba72-76ce-479e-bfd9-d2d1840a5e57
2019-07-13 20:38:00,984 INFO  pipeline.PipelineStateManager (PipelineStateManager.java:addPipeline(56)) - Created pipeline Pipeline[ Id: cea31efc-78a3-439b-b792-526ba751d950, Nodes: 2b1dba72-76ce-479e-bfd9-d2d1840a5e57{ip: 192.168.5.168, host: trunk-nightly-6qp7m-2461138711, networkLocation: /default-rack, certSerialId: null}31278a13-9f55-45e2-8070-d10d1ed70f22{ip: 192.168.5.168, host: trunk-nightly-6qp7m-2461138711, networkLocation: /default-rack, certSerialId: null}e7c229a5-1cc5-44f9-aeda-838bc679e27e{ip: 192.168.5.168, host: trunk-nightly-6qp7m-2461138711, networkLocation: /default-rack, certSerialId: null}, Type:RATIS, Factor:THREE, State:OPEN]
2019-07-13 20:38:01,106 INFO  node.SCMNodeManager (SCMNodeManager.java:register(269)) - Registered Data node : 875fe4f1-c2a4-463d-b92a-7c6961af5b75{ip: 192.168.5.168, host: trunk-nightly-6qp7m-2461138711, networkLocation: /default-rack, certSerialId: null}
2019-07-13 20:38:01,114 INFO  impl.RaftServerProxy (RaftServerProxy.java:addNew(89)) - 875fe4f1-c2a4-463d-b92a-7c6961af5b75: addNew group-5E600AEF6F09:[875fe4f1-c2a4-463d-b92a-7c6961af5b75:192.168.5.168:43142] returns group-5E600AEF6F09:java.util.concurrent.CompletableFuture@6e03a7b1[Not completed]
2019-07-13 20:38:01,115 INFO  impl.RaftServerImpl (RaftServerImpl.java:<init>(93)) - 875fe4f1-c2a4-463d-b92a-7c6961af5b75: new RaftServerImpl for group-5E600AEF6F09:[875fe4f1-c2a4-463d-b92a-7c6961af5b75:192.168.5.168:43142] with ContainerStateMachine:uninitialized
2019-07-13 20:38:01,115 INFO  server.RaftServerConfigKeys (ConfUtils.java:logGet(43)) - raft.server.rpc.timeout.min = 5s (custom)
2019-07-13 20:38:01,115 INFO  server.RaftServerConfigKeys (ConfUtils.java:logGet(43)) - raft.server.rpc.timeout.max = 5200ms (custom)
2019-07-13 20:38:01,116 INFO  server.RaftServerConfigKeys (ConfUtils.java:logGet(43)) - raft.server.rpcslowness.timeout = 120s (custom)
2019-07-13 20:38:01,116 INFO  server.RaftServerConfigKeys (ConfUtils.java:logGet(43)) - raft.server.sleep.deviation.threshold = 300 (default)
2019-07-13 20:38:01,116 INFO  server.RaftServerConfigKeys (ConfUtils.java:logGet(43)) - raft.server.log.appender.install.snapshot.enabled = false (custom)
2019-07-13 20:38:01,116 INFO  impl.RaftServerImpl (ServerState.java:<init>(105)) - 875fe4f1-c2a4-463d-b92a-7c6961af5b75:group-5E600AEF6F09 ConfigurationManager, init=-1: [875fe4f1-c2a4-463d-b92a-7c6961af5b75:192.168.5.168:43142], old=null, confs=<EMPTY_MAP>
2019-07-13 20:38:01,116 INFO  server.RaftServerConfigKeys (ConfUtils.java:logGet(43)) - raft.server.storage.dir = [/tmp/workdir/hadoop-ozone/integration-test/target/test-dir/MiniOzoneClusterImpl-1f1962dc-bf0d-43a8-81db-407fa95944b0/datanode-3/data/ratis] (custom)
2019-07-13 20:38:01,117 INFO  storage.RaftStorageDirectory (RaftStorageDirectory.java:analyzeStorage(246)) - The storage directory /tmp/workdir/hadoop-ozone/integration-test/target/test-dir/MiniOzoneClusterImpl-1f1962dc-bf0d-43a8-81db-407fa95944b0/datanode-3/data/ratis/d59ec666-9755-44d4-801b-5e600aef6f09 does not exist. Creating ...
2019-07-13 20:38:01,146 INFO  storage.RaftStorageDirectory (RaftStorageDirectory.java:tryLock(328)) - Lock on /tmp/workdir/hadoop-ozone/integration-test/target/test-dir/MiniOzoneClusterImpl-1f1962dc-bf0d-43a8-81db-407fa95944b0/datanode-3/data/ratis/d59ec666-9755-44d4-801b-5e600aef6f09/in_use.lock acquired by nodename 32015@trunk-nightly-6qp7m-2461138711
2019-07-13 20:38:01,150 INFO  storage.RaftStorage (RaftStorage.java:format(72)) - Storage directory /tmp/workdir/hadoop-ozone/integration-test/target/test-dir/MiniOzoneClusterImpl-1f1962dc-bf0d-43a8-81db-407fa95944b0/datanode-3/data/ratis/d59ec666-9755-44d4-801b-5e600aef6f09 has been successfully formatted.
2019-07-13 20:38:01,151 INFO  ratis.ContainerStateMachine (ContainerStateMachine.java:loadSnapshot(200)) - The snapshot info is null.Setting the last applied index to:(t:0, i:~)
2019-07-13 20:38:01,151 INFO  server.RaftServerConfigKeys (ConfUtils.java:logGet(43)) - raft.server.leader.election.timeout = 120s (custom)
2019-07-13 20:38:01,151 INFO  server.RaftServerConfigKeys (ConfUtils.java:logGet(43)) - raft.server.log.use.memory = false (default)
2019-07-13 20:38:01,151 INFO  server.RaftServerConfigKeys (ConfUtils.java:logGet(43)) - raft.server.log.purge.gap = 1000000000 (custom)
2019-07-13 20:38:01,151 INFO  server.RaftServerConfigKeys (ConfUtils.java:logGet(43)) - raft.server.log.appender.buffer.byte-limit = 33554432 (custom)
2019-07-13 20:38:01,151 INFO  server.RaftServerConfigKeys (ConfUtils.java:logGet(43)) - raft.server.log.segment.size.max = 1048576 (custom)
2019-07-13 20:38:01,152 INFO  server.RaftServerConfigKeys (ConfUtils.java:logGet(43)) - raft.server.log.segment.cache.num.max = 2 (custom)
2019-07-13 20:38:01,152 INFO  segmented.SegmentedRaftLogWorker (SegmentedRaftLogWorker.java:<init>(172)) - new 875fe4f1-c2a4-463d-b92a-7c6961af5b75-SegmentedRaftLogWorker:Storage Directory /tmp/workdir/hadoop-ozone/integration-test/target/test-dir/MiniOzoneClusterImpl-1f1962dc-bf0d-43a8-81db-407fa95944b0/datanode-3/data/ratis/d59ec666-9755-44d4-801b-5e600aef6f09 for RaftStorage:Storage Directory /tmp/workdir/hadoop-ozone/integration-test/target/test-dir/MiniOzoneClusterImpl-1f1962dc-bf0d-43a8-81db-407fa95944b0/datanode-3/data/ratis/d59ec666-9755-44d4-801b-5e600aef6f09
2019-07-13 20:38:01,152 INFO  server.RaftServerConfigKeys (ConfUtils.java:logGet(43)) - raft.server.log.queue.byte-limit = 2147483647 (custom)
2019-07-13 20:38:01,152 INFO  server.RaftServerConfigKeys (ConfUtils.java:logGet(43)) - raft.server.log.queue.element-limit = 1024 (custom)
2019-07-13 20:38:01,152 INFO  server.RaftServerConfigKeys (ConfUtils.java:logGet(43)) - raft.server.log.segment.size.max = 1048576 (custom)
2019-07-13 20:38:01,153 INFO  server.RaftServerConfigKeys (ConfUtils.java:logGet(43)) - raft.server.log.preallocated.size = 16384 (custom)
2019-07-13 20:38:01,153 INFO  server.RaftServerConfigKeys (ConfUtils.java:logGet(43)) - raft.server.log.write.buffer.size = 33554432 (custom)
2019-07-13 20:38:01,153 INFO  server.RaftServerConfigKeys (ConfUtils.java:logGet(43)) - raft.server.log.force.sync.num = 128 (default)
2019-07-13 20:38:01,153 INFO  server.RaftServerConfigKeys (ConfUtils.java:logGet(43)) - raft.server.log.statemachine.data.sync = true (default)
2019-07-13 20:38:01,153 INFO  server.RaftServerConfigKeys (ConfUtils.java:logGet(43)) - raft.server.log.statemachine.data.sync.timeout = 10s (default)
2019-07-13 20:38:01,153 INFO  server.RaftServerConfigKeys (ConfUtils.java:logGet(43)) - raft.server.log.statemachine.data.sync.timeout.retry = -1 (default)
2019-07-13 20:38:01,154 INFO  server.RaftServerConfigKeys (ConfUtils.java:logGet(43)) - raft.server.log.statemachine.data.caching.enabled = true (custom)
2019-07-13 20:38:01,154 INFO  segmented.SegmentedRaftLogWorker (SegmentedRaftLogWorker.java:lambda$new$0(132)) - 875fe4f1-c2a4-463d-b92a-7c6961af5b75-SegmentedRaftLogWorker:Storage Directory /tmp/workdir/hadoop-ozone/integration-test/target/test-dir/MiniOzoneClusterImpl-1f1962dc-bf0d-43a8-81db-407fa95944b0/datanode-3/data/ratis/d59ec666-9755-44d4-801b-5e600aef6f09: flushIndex: setUnconditionally 0 -> -1
2019-07-13 20:38:01,154 INFO  server.RaftServerConfigKeys (ConfUtils.java:logGet(43)) - raft.server.snapshot.auto.trigger.enabled = true (custom)
2019-07-13 20:38:01,154 INFO  server.RaftServerConfigKeys (ConfUtils.java:logGet(43)) - raft.server.snapshot.auto.trigger.threshold = 10000 (custom)
2019-07-13 20:38:01,155 INFO  server.RaftServerConfigKeys (ConfUtils.java:logGet(43)) - raft.server.retrycache.expirytime = 600000ms (custom)
2019-07-13 20:38:01,155 INFO  impl.RaftServerImpl (RaftServerImpl.java:start(180)) - 875fe4f1-c2a4-463d-b92a-7c6961af5b75: start group-5E600AEF6F09
2019-07-13 20:38:01,155 INFO  impl.RaftServerImpl (RaftServerImpl.java:setRole(171)) - 875fe4f1-c2a4-463d-b92a-7c6961af5b75:group-5E600AEF6F09 changes role from null to FOLLOWER at term 0 for startAsFollower
2019-07-13 20:38:01,155 INFO  impl.RoleInfo (RoleInfo.java:updateAndGet(143)) - 875fe4f1-c2a4-463d-b92a-7c6961af5b75: start FollowerState
2019-07-13 20:38:01,167 INFO  util.JmxRegister (JmxRegister.java:tryRegister(44)) - Successfully registered JMX Bean with object name Ratis:service=RaftServer,group=group-5E600AEF6F09,id=875fe4f1-c2a4-463d-b92a-7c6961af5b75
2019-07-13 20:38:01,177 INFO  pipeline.PipelineStateManager (PipelineStateManager.java:addPipeline(56)) - Created pipeline Pipeline[ Id: d59ec666-9755-44d4-801b-5e600aef6f09, Nodes: 875fe4f1-c2a4-463d-b92a-7c6961af5b75{ip: 192.168.5.168, host: trunk-nightly-6qp7m-2461138711, networkLocation: /default-rack, certSerialId: null}, Type:RATIS, Factor:ONE, State:OPEN]
2019-07-13 20:38:01,294 INFO  node.SCMNodeManager (SCMNodeManager.java:register(269)) - Registered Data node : f5735acc-57de-4427-a3b1-fc2c39969951{ip: 192.168.5.168, host: trunk-nightly-6qp7m-2461138711, networkLocation: /default-rack, certSerialId: null}
2019-07-13 20:38:01,302 INFO  impl.RaftServerProxy (RaftServerProxy.java:addNew(89)) - f5735acc-57de-4427-a3b1-fc2c39969951: addNew group-5A7807CAFCEF:[f5735acc-57de-4427-a3b1-fc2c39969951:192.168.5.168:33915] returns group-5A7807CAFCEF:java.util.concurrent.CompletableFuture@7e02c94e[Not completed]
2019-07-13 20:38:01,303 INFO  impl.RaftServerImpl (RaftServerImpl.java:<init>(93)) - f5735acc-57de-4427-a3b1-fc2c39969951: new RaftServerImpl for group-5A7807CAFCEF:[f5735acc-57de-4427-a3b1-fc2c39969951:192.168.5.168:33915] with ContainerStateMachine:uninitialized
2019-07-13 20:38:01,304 INFO  server.RaftServerConfigKeys (ConfUtils.java:logGet(43)) - raft.server.rpc.timeout.min = 5s (custom)
2019-07-13 20:38:01,304 INFO  server.RaftServerConfigKeys (ConfUtils.java:logGet(43)) - raft.server.rpc.timeout.max = 5200ms (custom)
2019-07-13 20:38:01,304 INFO  server.RaftServerConfigKeys (ConfUtils.java:logGet(43)) - raft.server.rpcslowness.timeout = 120s (custom)
2019-07-13 20:38:01,304 INFO  server.RaftServerConfigKeys (ConfUtils.java:logGet(43)) - raft.server.sleep.deviation.threshold = 300 (default)
2019-07-13 20:38:01,304 INFO  server.RaftServerConfigKeys (ConfUtils.java:logGet(43)) - raft.server.log.appender.install.snapshot.enabled = false (custom)
2019-07-13 20:38:01,304 INFO  impl.RaftServerImpl (ServerState.java:<init>(105)) - f5735acc-57de-4427-a3b1-fc2c39969951:group-5A7807CAFCEF ConfigurationManager, init=-1: [f5735acc-57de-4427-a3b1-fc2c39969951:192.168.5.168:33915], old=null, confs=<EMPTY_MAP>
2019-07-13 20:38:01,305 INFO  server.RaftServerConfigKeys (ConfUtils.java:logGet(43)) - raft.server.storage.dir = [/tmp/workdir/hadoop-ozone/integration-test/target/test-dir/MiniOzoneClusterImpl-1f1962dc-bf0d-43a8-81db-407fa95944b0/datanode-4/data/ratis] (custom)
2019-07-13 20:38:01,305 INFO  storage.RaftStorageDirectory (RaftStorageDirectory.java:analyzeStorage(246)) - The storage directory /tmp/workdir/hadoop-ozone/integration-test/target/test-dir/MiniOzoneClusterImpl-1f1962dc-bf0d-43a8-81db-407fa95944b0/datanode-4/data/ratis/b18e0600-9ee9-4e1a-a456-5a7807cafcef does not exist. Creating ...
2019-07-13 20:38:01,309 INFO  storage.RaftStorageDirectory (RaftStorageDirectory.java:tryLock(328)) - Lock on /tmp/workdir/hadoop-ozone/integration-test/target/test-dir/MiniOzoneClusterImpl-1f1962dc-bf0d-43a8-81db-407fa95944b0/datanode-4/data/ratis/b18e0600-9ee9-4e1a-a456-5a7807cafcef/in_use.lock acquired by nodename 32015@trunk-nightly-6qp7m-2461138711
2019-07-13 20:38:01,313 INFO  storage.RaftStorage (RaftStorage.java:format(72)) - Storage directory /tmp/workdir/hadoop-ozone/integration-test/target/test-dir/MiniOzoneClusterImpl-1f1962dc-bf0d-43a8-81db-407fa95944b0/datanode-4/data/ratis/b18e0600-9ee9-4e1a-a456-5a7807cafcef has been successfully formatted.
2019-07-13 20:38:01,313 INFO  ratis.ContainerStateMachine (ContainerStateMachine.java:loadSnapshot(200)) - The snapshot info is null.Setting the last applied index to:(t:0, i:~)
2019-07-13 20:38:01,313 INFO  server.RaftServerConfigKeys (ConfUtils.java:logGet(43)) - raft.server.leader.election.timeout = 120s (custom)
2019-07-13 20:38:01,314 INFO  server.RaftServerConfigKeys (ConfUtils.java:logGet(43)) - raft.server.log.use.memory = false (default)
2019-07-13 20:38:01,314 INFO  server.RaftServerConfigKeys (ConfUtils.java:logGet(43)) - raft.server.log.purge.gap = 1000000000 (custom)
2019-07-13 20:38:01,314 INFO  server.RaftServerConfigKeys (ConfUtils.java:logGet(43)) - raft.server.log.appender.buffer.byte-limit = 33554432 (custom)
2019-07-13 20:38:01,314 INFO  server.RaftServerConfigKeys (ConfUtils.java:logGet(43)) - raft.server.log.segment.size.max = 1048576 (custom)
2019-07-13 20:38:01,314 INFO  server.RaftServerConfigKeys (ConfUtils.java:logGet(43)) - raft.server.log.segment.cache.num.max = 2 (custom)
2019-07-13 20:38:01,314 INFO  segmented.SegmentedRaftLogWorker (SegmentedRaftLogWorker.java:<init>(172)) - new f5735acc-57de-4427-a3b1-fc2c39969951-SegmentedRaftLogWorker:Storage Directory /tmp/workdir/hadoop-ozone/integration-test/target/test-dir/MiniOzoneClusterImpl-1f1962dc-bf0d-43a8-81db-407fa95944b0/datanode-4/data/ratis/b18e0600-9ee9-4e1a-a456-5a7807cafcef for RaftStorage:Storage Directory /tmp/workdir/hadoop-ozone/integration-test/target/test-dir/MiniOzoneClusterImpl-1f1962dc-bf0d-43a8-81db-407fa95944b0/datanode-4/data/ratis/b18e0600-9ee9-4e1a-a456-5a7807cafcef
2019-07-13 20:38:01,315 INFO  server.RaftServerConfigKeys (ConfUtils.java:logGet(43)) - raft.server.log.queue.byte-limit = 2147483647 (custom)
2019-07-13 20:38:01,315 INFO  server.RaftServerConfigKeys (ConfUtils.java:logGet(43)) - raft.server.log.queue.element-limit = 1024 (custom)
2019-07-13 20:38:01,315 INFO  server.RaftServerConfigKeys (ConfUtils.java:logGet(43)) - raft.server.log.segment.size.max = 1048576 (custom)
2019-07-13 20:38:01,315 INFO  server.RaftServerConfigKeys (ConfUtils.java:logGet(43)) - raft.server.log.preallocated.size = 16384 (custom)
2019-07-13 20:38:01,315 INFO  server.RaftServerConfigKeys (ConfUtils.java:logGet(43)) - raft.server.log.write.buffer.size = 33554432 (custom)
2019-07-13 20:38:01,315 INFO  server.RaftServerConfigKeys (ConfUtils.java:logGet(43)) - raft.server.log.force.sync.num = 128 (default)
2019-07-13 20:38:01,315 INFO  server.RaftServerConfigKeys (ConfUtils.java:logGet(43)) - raft.server.log.statemachine.data.sync = true (default)
2019-07-13 20:38:01,316 INFO  server.RaftServerConfigKeys (ConfUtils.java:logGet(43)) - raft.server.log.statemachine.data.sync.timeout = 10s (default)
2019-07-13 20:38:01,316 INFO  server.RaftServerConfigKeys (ConfUtils.java:logGet(43)) - raft.server.log.statemachine.data.sync.timeout.retry = -1 (default)
2019-07-13 20:38:01,316 INFO  server.RaftServerConfigKeys (ConfUtils.java:logGet(43)) - raft.server.log.statemachine.data.caching.enabled = true (custom)
2019-07-13 20:38:01,316 INFO  segmented.SegmentedRaftLogWorker (SegmentedRaftLogWorker.java:lambda$new$0(132)) - f5735acc-57de-4427-a3b1-fc2c39969951-SegmentedRaftLogWorker:Storage Directory /tmp/workdir/hadoop-ozone/integration-test/target/test-dir/MiniOzoneClusterImpl-1f1962dc-bf0d-43a8-81db-407fa95944b0/datanode-4/data/ratis/b18e0600-9ee9-4e1a-a456-5a7807cafcef: flushIndex: setUnconditionally 0 -> -1
2019-07-13 20:38:01,317 INFO  server.RaftServerConfigKeys (ConfUtils.java:logGet(43)) - raft.server.snapshot.auto.trigger.enabled = true (custom)
2019-07-13 20:38:01,317 INFO  server.RaftServerConfigKeys (ConfUtils.java:logGet(43)) - raft.server.snapshot.auto.trigger.threshold = 10000 (custom)
2019-07-13 20:38:01,317 INFO  server.RaftServerConfigKeys (ConfUtils.java:logGet(43)) - raft.server.retrycache.expirytime = 600000ms (custom)
2019-07-13 20:38:01,317 INFO  impl.RaftServerImpl (RaftServerImpl.java:start(180)) - f5735acc-57de-4427-a3b1-fc2c39969951: start group-5A7807CAFCEF
2019-07-13 20:38:01,317 INFO  impl.RaftServerImpl (RaftServerImpl.java:setRole(171)) - f5735acc-57de-4427-a3b1-fc2c39969951:group-5A7807CAFCEF changes role from null to FOLLOWER at term 0 for startAsFollower
2019-07-13 20:38:01,318 INFO  impl.RoleInfo (RoleInfo.java:updateAndGet(143)) - f5735acc-57de-4427-a3b1-fc2c39969951: start FollowerState
2019-07-13 20:38:01,318 INFO  util.JmxRegister (JmxRegister.java:tryRegister(44)) - Successfully registered JMX Bean with object name Ratis:service=RaftServer,group=group-5A7807CAFCEF,id=f5735acc-57de-4427-a3b1-fc2c39969951
2019-07-13 20:38:01,320 INFO  pipeline.PipelineStateManager (PipelineStateManager.java:addPipeline(56)) - Created pipeline Pipeline[ Id: b18e0600-9ee9-4e1a-a456-5a7807cafcef, Nodes: f5735acc-57de-4427-a3b1-fc2c39969951{ip: 192.168.5.168, host: trunk-nightly-6qp7m-2461138711, networkLocation: /default-rack, certSerialId: null}, Type:RATIS, Factor:ONE, State:OPEN]
2019-07-13 20:38:01,506 INFO  node.SCMNodeManager (SCMNodeManager.java:register(269)) - Registered Data node : 68c54cb8-7b58-41e0-acca-8e491e4edd3d{ip: 192.168.5.168, host: trunk-nightly-6qp7m-2461138711, networkLocation: /default-rack, certSerialId: null}
2019-07-13 20:38:01,515 INFO  impl.RaftServerProxy (RaftServerProxy.java:addNew(89)) - 68c54cb8-7b58-41e0-acca-8e491e4edd3d: addNew group-8BC3B1C82D9D:[68c54cb8-7b58-41e0-acca-8e491e4edd3d:192.168.5.168:39684] returns group-8BC3B1C82D9D:java.util.concurrent.CompletableFuture@2d989ac0[Not completed]
2019-07-13 20:38:01,516 INFO  impl.RaftServerImpl (RaftServerImpl.java:<init>(93)) - 68c54cb8-7b58-41e0-acca-8e491e4edd3d: new RaftServerImpl for group-8BC3B1C82D9D:[68c54cb8-7b58-41e0-acca-8e491e4edd3d:192.168.5.168:39684] with ContainerStateMachine:uninitialized
2019-07-13 20:38:01,516 INFO  server.RaftServerConfigKeys (ConfUtils.java:logGet(43)) - raft.server.rpc.timeout.min = 5s (custom)
2019-07-13 20:38:01,516 INFO  server.RaftServerConfigKeys (ConfUtils.java:logGet(43)) - raft.server.rpc.timeout.max = 5200ms (custom)
2019-07-13 20:38:01,516 INFO  server.RaftServerConfigKeys (ConfUtils.java:logGet(43)) - raft.server.rpcslowness.timeout = 120s (custom)
2019-07-13 20:38:01,517 INFO  server.RaftServerConfigKeys (ConfUtils.java:logGet(43)) - raft.server.sleep.deviation.threshold = 300 (default)
2019-07-13 20:38:01,517 INFO  server.RaftServerConfigKeys (ConfUtils.java:logGet(43)) - raft.server.log.appender.install.snapshot.enabled = false (custom)
2019-07-13 20:38:01,517 INFO  impl.RaftServerImpl (ServerState.java:<init>(105)) - 68c54cb8-7b58-41e0-acca-8e491e4edd3d:group-8BC3B1C82D9D ConfigurationManager, init=-1: [68c54cb8-7b58-41e0-acca-8e491e4edd3d:192.168.5.168:39684], old=null, confs=<EMPTY_MAP>
2019-07-13 20:38:01,517 INFO  server.RaftServerConfigKeys (ConfUtils.java:logGet(43)) - raft.server.storage.dir = [/tmp/workdir/hadoop-ozone/integration-test/target/test-dir/MiniOzoneClusterImpl-1f1962dc-bf0d-43a8-81db-407fa95944b0/datanode-5/data/ratis] (custom)
2019-07-13 20:38:01,517 INFO  storage.RaftStorageDirectory (RaftStorageDirectory.java:analyzeStorage(246)) - The storage directory /tmp/workdir/hadoop-ozone/integration-test/target/test-dir/MiniOzoneClusterImpl-1f1962dc-bf0d-43a8-81db-407fa95944b0/datanode-5/data/ratis/a9b6f5cc-1ce6-4322-b3bc-8bc3b1c82d9d does not exist. Creating ...
2019-07-13 20:38:01,525 INFO  storage.RaftStorageDirectory (RaftStorageDirectory.java:tryLock(328)) - Lock on /tmp/workdir/hadoop-ozone/integration-test/target/test-dir/MiniOzoneClusterImpl-1f1962dc-bf0d-43a8-81db-407fa95944b0/datanode-5/data/ratis/a9b6f5cc-1ce6-4322-b3bc-8bc3b1c82d9d/in_use.lock acquired by nodename 32015@trunk-nightly-6qp7m-2461138711
2019-07-13 20:38:01,528 INFO  storage.RaftStorage (RaftStorage.java:format(72)) - Storage directory /tmp/workdir/hadoop-ozone/integration-test/target/test-dir/MiniOzoneClusterImpl-1f1962dc-bf0d-43a8-81db-407fa95944b0/datanode-5/data/ratis/a9b6f5cc-1ce6-4322-b3bc-8bc3b1c82d9d has been successfully formatted.
2019-07-13 20:38:01,528 INFO  ratis.ContainerStateMachine (ContainerStateMachine.java:loadSnapshot(200)) - The snapshot info is null.Setting the last applied index to:(t:0, i:~)
2019-07-13 20:38:01,529 INFO  server.RaftServerConfigKeys (ConfUtils.java:logGet(43)) - raft.server.leader.election.timeout = 120s (custom)
2019-07-13 20:38:01,529 INFO  server.RaftServerConfigKeys (ConfUtils.java:logGet(43)) - raft.server.log.use.memory = false (default)
2019-07-13 20:38:01,529 INFO  server.RaftServerConfigKeys (ConfUtils.java:logGet(43)) - raft.server.log.purge.gap = 1000000000 (custom)
2019-07-13 20:38:01,529 INFO  server.RaftServerConfigKeys (ConfUtils.java:logGet(43)) - raft.server.log.appender.buffer.byte-limit = 33554432 (custom)
2019-07-13 20:38:01,529 INFO  server.RaftServerConfigKeys (ConfUtils.java:logGet(43)) - raft.server.log.segment.size.max = 1048576 (custom)
2019-07-13 20:38:01,529 INFO  server.RaftServerConfigKeys (ConfUtils.java:logGet(43)) - raft.server.log.segment.cache.num.max = 2 (custom)
2019-07-13 20:38:01,529 INFO  segmented.SegmentedRaftLogWorker (SegmentedRaftLogWorker.java:<init>(172)) - new 68c54cb8-7b58-41e0-acca-8e491e4edd3d-SegmentedRaftLogWorker:Storage Directory /tmp/workdir/hadoop-ozone/integration-test/target/test-dir/MiniOzoneClusterImpl-1f1962dc-bf0d-43a8-81db-407fa95944b0/datanode-5/data/ratis/a9b6f5cc-1ce6-4322-b3bc-8bc3b1c82d9d for RaftStorage:Storage Directory /tmp/workdir/hadoop-ozone/integration-test/target/test-dir/MiniOzoneClusterImpl-1f1962dc-bf0d-43a8-81db-407fa95944b0/datanode-5/data/ratis/a9b6f5cc-1ce6-4322-b3bc-8bc3b1c82d9d
2019-07-13 20:38:01,529 INFO  server.RaftServerConfigKeys (ConfUtils.java:logGet(43)) - raft.server.log.queue.byte-limit = 2147483647 (custom)
2019-07-13 20:38:01,530 INFO  server.RaftServerConfigKeys (ConfUtils.java:logGet(43)) - raft.server.log.queue.element-limit = 1024 (custom)
2019-07-13 20:38:01,530 INFO  server.RaftServerConfigKeys (ConfUtils.java:logGet(43)) - raft.server.log.segment.size.max = 1048576 (custom)
2019-07-13 20:38:01,530 INFO  server.RaftServerConfigKeys (ConfUtils.java:logGet(43)) - raft.server.log.preallocated.size = 16384 (custom)
2019-07-13 20:38:01,530 INFO  server.RaftServerConfigKeys (ConfUtils.java:logGet(43)) - raft.server.log.write.buffer.size = 33554432 (custom)
2019-07-13 20:38:01,530 INFO  server.RaftServerConfigKeys (ConfUtils.java:logGet(43)) - raft.server.log.force.sync.num = 128 (default)
2019-07-13 20:38:01,530 INFO  server.RaftServerConfigKeys (ConfUtils.java:logGet(43)) - raft.server.log.statemachine.data.sync = true (default)
2019-07-13 20:38:01,530 INFO  server.RaftServerConfigKeys (ConfUtils.java:logGet(43)) - raft.server.log.statemachine.data.sync.timeout = 10s (default)
2019-07-13 20:38:01,530 INFO  server.RaftServerConfigKeys (ConfUtils.java:logGet(43)) - raft.server.log.statemachine.data.sync.timeout.retry = -1 (default)
2019-07-13 20:38:01,531 INFO  server.RaftServerConfigKeys (ConfUtils.java:logGet(43)) - raft.server.log.statemachine.data.caching.enabled = true (custom)
2019-07-13 20:38:01,531 INFO  segmented.SegmentedRaftLogWorker (SegmentedRaftLogWorker.java:lambda$new$0(132)) - 68c54cb8-7b58-41e0-acca-8e491e4edd3d-SegmentedRaftLogWorker:Storage Directory /tmp/workdir/hadoop-ozone/integration-test/target/test-dir/MiniOzoneClusterImpl-1f1962dc-bf0d-43a8-81db-407fa95944b0/datanode-5/data/ratis/a9b6f5cc-1ce6-4322-b3bc-8bc3b1c82d9d: flushIndex: setUnconditionally 0 -> -1
2019-07-13 20:38:01,531 INFO  server.RaftServerConfigKeys (ConfUtils.java:logGet(43)) - raft.server.snapshot.auto.trigger.enabled = true (custom)
2019-07-13 20:38:01,531 INFO  server.RaftServerConfigKeys (ConfUtils.java:logGet(43)) - raft.server.snapshot.auto.trigger.threshold = 10000 (custom)
2019-07-13 20:38:01,531 INFO  server.RaftServerConfigKeys (ConfUtils.java:logGet(43)) - raft.server.retrycache.expirytime = 600000ms (custom)
2019-07-13 20:38:01,531 INFO  impl.RaftServerImpl (RaftServerImpl.java:start(180)) - 68c54cb8-7b58-41e0-acca-8e491e4edd3d: start group-8BC3B1C82D9D
2019-07-13 20:38:01,532 INFO  impl.RaftServerImpl (RaftServerImpl.java:setRole(171)) - 68c54cb8-7b58-41e0-acca-8e491e4edd3d:group-8BC3B1C82D9D changes role from null to FOLLOWER at term 0 for startAsFollower
2019-07-13 20:38:01,532 INFO  impl.RoleInfo (RoleInfo.java:updateAndGet(143)) - 68c54cb8-7b58-41e0-acca-8e491e4edd3d: start FollowerState
2019-07-13 20:38:01,532 INFO  util.JmxRegister (JmxRegister.java:tryRegister(44)) - Successfully registered JMX Bean with object name Ratis:service=RaftServer,group=group-8BC3B1C82D9D,id=68c54cb8-7b58-41e0-acca-8e491e4edd3d
2019-07-13 20:38:01,534 INFO  pipeline.PipelineStateManager (PipelineStateManager.java:addPipeline(56)) - Created pipeline Pipeline[ Id: a9b6f5cc-1ce6-4322-b3bc-8bc3b1c82d9d, Nodes: 68c54cb8-7b58-41e0-acca-8e491e4edd3d{ip: 192.168.5.168, host: trunk-nightly-6qp7m-2461138711, networkLocation: /default-rack, certSerialId: null}, Type:RATIS, Factor:ONE, State:OPEN]
2019-07-13 20:38:01,551 INFO  impl.RaftServerProxy (RaftServerProxy.java:addNew(89)) - f5735acc-57de-4427-a3b1-fc2c39969951: addNew group-17851D98E814:[68c54cb8-7b58-41e0-acca-8e491e4edd3d:192.168.5.168:39684, f5735acc-57de-4427-a3b1-fc2c39969951:192.168.5.168:33915, 875fe4f1-c2a4-463d-b92a-7c6961af5b75:192.168.5.168:43142] returns group-17851D98E814:java.util.concurrent.CompletableFuture@36bcc674[Not completed]
2019-07-13 20:38:01,551 INFO  impl.RaftServerProxy (RaftServerProxy.java:addNew(89)) - 68c54cb8-7b58-41e0-acca-8e491e4edd3d: addNew group-17851D98E814:[68c54cb8-7b58-41e0-acca-8e491e4edd3d:192.168.5.168:39684, f5735acc-57de-4427-a3b1-fc2c39969951:192.168.5.168:33915, 875fe4f1-c2a4-463d-b92a-7c6961af5b75:192.168.5.168:43142] returns group-17851D98E814:java.util.concurrent.CompletableFuture@248479fc[Not completed]
2019-07-13 20:38:01,551 INFO  impl.RaftServerProxy (RaftServerProxy.java:addNew(89)) - 875fe4f1-c2a4-463d-b92a-7c6961af5b75: addNew group-17851D98E814:[68c54cb8-7b58-41e0-acca-8e491e4edd3d:192.168.5.168:39684, f5735acc-57de-4427-a3b1-fc2c39969951:192.168.5.168:33915, 875fe4f1-c2a4-463d-b92a-7c6961af5b75:192.168.5.168:43142] returns group-17851D98E814:java.util.concurrent.CompletableFuture@7d82bcb7[Not completed]
2019-07-13 20:38:01,552 INFO  impl.RaftServerImpl (RaftServerImpl.java:<init>(93)) - f5735acc-57de-4427-a3b1-fc2c39969951: new RaftServerImpl for group-17851D98E814:[68c54cb8-7b58-41e0-acca-8e491e4edd3d:192.168.5.168:39684, f5735acc-57de-4427-a3b1-fc2c39969951:192.168.5.168:33915, 875fe4f1-c2a4-463d-b92a-7c6961af5b75:192.168.5.168:43142] with ContainerStateMachine:uninitialized
2019-07-13 20:38:01,552 INFO  server.RaftServerConfigKeys (ConfUtils.java:logGet(43)) - raft.server.rpc.timeout.min = 5s (custom)
2019-07-13 20:38:01,552 INFO  server.RaftServerConfigKeys (ConfUtils.java:logGet(43)) - raft.server.rpc.timeout.max = 5200ms (custom)
2019-07-13 20:38:01,552 INFO  impl.RaftServerImpl (RaftServerImpl.java:<init>(93)) - 68c54cb8-7b58-41e0-acca-8e491e4edd3d: new RaftServerImpl for group-17851D98E814:[68c54cb8-7b58-41e0-acca-8e491e4edd3d:192.168.5.168:39684, f5735acc-57de-4427-a3b1-fc2c39969951:192.168.5.168:33915, 875fe4f1-c2a4-463d-b92a-7c6961af5b75:192.168.5.168:43142] with ContainerStateMachine:uninitialized
2019-07-13 20:38:01,552 INFO  server.RaftServerConfigKeys (ConfUtils.java:logGet(43)) - raft.server.rpcslowness.timeout = 120s (custom)
2019-07-13 20:38:01,552 INFO  server.RaftServerConfigKeys (ConfUtils.java:logGet(43)) - raft.server.rpc.timeout.min = 5s (custom)
2019-07-13 20:38:01,553 INFO  impl.RaftServerImpl (RaftServerImpl.java:<init>(93)) - 875fe4f1-c2a4-463d-b92a-7c6961af5b75: new RaftServerImpl for group-17851D98E814:[68c54cb8-7b58-41e0-acca-8e491e4edd3d:192.168.5.168:39684, f5735acc-57de-4427-a3b1-fc2c39969951:192.168.5.168:33915, 875fe4f1-c2a4-463d-b92a-7c6961af5b75:192.168.5.168:43142] with ContainerStateMachine:uninitialized
2019-07-13 20:38:01,553 INFO  server.RaftServerConfigKeys (ConfUtils.java:logGet(43)) - raft.server.sleep.deviation.threshold = 300 (default)
2019-07-13 20:38:01,553 INFO  server.RaftServerConfigKeys (ConfUtils.java:logGet(43)) - raft.server.rpc.timeout.min = 5s (custom)
2019-07-13 20:38:01,553 INFO  server.RaftServerConfigKeys (ConfUtils.java:logGet(43)) - raft.server.rpc.timeout.max = 5200ms (custom)
2019-07-13 20:38:01,553 INFO  server.RaftServerConfigKeys (ConfUtils.java:logGet(43)) - raft.server.rpc.timeout.max = 5200ms (custom)
2019-07-13 20:38:01,553 INFO  server.RaftServerConfigKeys (ConfUtils.java:logGet(43)) - raft.server.rpcslowness.timeout = 120s (custom)
2019-07-13 20:38:01,553 INFO  server.RaftServerConfigKeys (ConfUtils.java:logGet(43)) - raft.server.log.appender.install.snapshot.enabled = false (custom)
2019-07-13 20:38:01,553 INFO  server.RaftServerConfigKeys (ConfUtils.java:logGet(43)) - raft.server.sleep.deviation.threshold = 300 (default)
2019-07-13 20:38:01,554 INFO  server.RaftServerConfigKeys (ConfUtils.java:logGet(43)) - raft.server.log.appender.install.snapshot.enabled = false (custom)
2019-07-13 20:38:01,553 INFO  server.RaftServerConfigKeys (ConfUtils.java:logGet(43)) - raft.server.rpcslowness.timeout = 120s (custom)
2019-07-13 20:38:01,554 INFO  impl.RaftServerImpl (ServerState.java:<init>(105)) - 875fe4f1-c2a4-463d-b92a-7c6961af5b75:group-17851D98E814 ConfigurationManager, init=-1: [68c54cb8-7b58-41e0-acca-8e491e4edd3d:192.168.5.168:39684, f5735acc-57de-4427-a3b1-fc2c39969951:192.168.5.168:33915, 875fe4f1-c2a4-463d-b92a-7c6961af5b75:192.168.5.168:43142], old=null, confs=<EMPTY_MAP>
2019-07-13 20:38:01,554 INFO  impl.RaftServerImpl (ServerState.java:<init>(105)) - f5735acc-57de-4427-a3b1-fc2c39969951:group-17851D98E814 ConfigurationManager, init=-1: [68c54cb8-7b58-41e0-acca-8e491e4edd3d:192.168.5.168:39684, f5735acc-57de-4427-a3b1-fc2c39969951:192.168.5.168:33915, 875fe4f1-c2a4-463d-b92a-7c6961af5b75:192.168.5.168:43142], old=null, confs=<EMPTY_MAP>
2019-07-13 20:38:01,554 INFO  server.RaftServerConfigKeys (ConfUtils.java:logGet(43)) - raft.server.storage.dir = [/tmp/workdir/hadoop-ozone/integration-test/target/test-dir/MiniOzoneClusterImpl-1f1962dc-bf0d-43a8-81db-407fa95944b0/datanode-3/data/ratis] (custom)
2019-07-13 20:38:01,554 INFO  server.RaftServerConfigKeys (ConfUtils.java:logGet(43)) - raft.server.sleep.deviation.threshold = 300 (default)
2019-07-13 20:38:01,554 INFO  server.RaftServerConfigKeys (ConfUtils.java:logGet(43)) - raft.server.storage.dir = [/tmp/workdir/hadoop-ozone/integration-test/target/test-dir/MiniOzoneClusterImpl-1f1962dc-bf0d-43a8-81db-407fa95944b0/datanode-4/data/ratis] (custom)
2019-07-13 20:38:01,555 INFO  storage.RaftStorageDirectory (RaftStorageDirectory.java:analyzeStorage(246)) - The storage directory /tmp/workdir/hadoop-ozone/integration-test/target/test-dir/MiniOzoneClusterImpl-1f1962dc-bf0d-43a8-81db-407fa95944b0/datanode-3/data/ratis/4c3a2686-683f-465b-bb6c-17851d98e814 does not exist. Creating ...
2019-07-13 20:38:01,554 INFO  server.RaftServerConfigKeys (ConfUtils.java:logGet(43)) - raft.server.log.appender.install.snapshot.enabled = false (custom)
2019-07-13 20:38:01,555 INFO  storage.RaftStorageDirectory (RaftStorageDirectory.java:analyzeStorage(246)) - The storage directory /tmp/workdir/hadoop-ozone/integration-test/target/test-dir/MiniOzoneClusterImpl-1f1962dc-bf0d-43a8-81db-407fa95944b0/datanode-4/data/ratis/4c3a2686-683f-465b-bb6c-17851d98e814 does not exist. Creating ...
2019-07-13 20:38:01,555 INFO  impl.RaftServerImpl (ServerState.java:<init>(105)) - 68c54cb8-7b58-41e0-acca-8e491e4edd3d:group-17851D98E814 ConfigurationManager, init=-1: [68c54cb8-7b58-41e0-acca-8e491e4edd3d:192.168.5.168:39684, f5735acc-57de-4427-a3b1-fc2c39969951:192.168.5.168:33915, 875fe4f1-c2a4-463d-b92a-7c6961af5b75:192.168.5.168:43142], old=null, confs=<EMPTY_MAP>
2019-07-13 20:38:01,555 INFO  server.RaftServerConfigKeys (ConfUtils.java:logGet(43)) - raft.server.storage.dir = [/tmp/workdir/hadoop-ozone/integration-test/target/test-dir/MiniOzoneClusterImpl-1f1962dc-bf0d-43a8-81db-407fa95944b0/datanode-5/data/ratis] (custom)
2019-07-13 20:38:01,555 INFO  storage.RaftStorageDirectory (RaftStorageDirectory.java:analyzeStorage(246)) - The storage directory /tmp/workdir/hadoop-ozone/integration-test/target/test-dir/MiniOzoneClusterImpl-1f1962dc-bf0d-43a8-81db-407fa95944b0/datanode-5/data/ratis/4c3a2686-683f-465b-bb6c-17851d98e814 does not exist. Creating ...
2019-07-13 20:38:01,560 INFO  storage.RaftStorageDirectory (RaftStorageDirectory.java:tryLock(328)) - Lock on /tmp/workdir/hadoop-ozone/integration-test/target/test-dir/MiniOzoneClusterImpl-1f1962dc-bf0d-43a8-81db-407fa95944b0/datanode-4/data/ratis/4c3a2686-683f-465b-bb6c-17851d98e814/in_use.lock acquired by nodename 32015@trunk-nightly-6qp7m-2461138711
2019-07-13 20:38:01,560 INFO  storage.RaftStorageDirectory (RaftStorageDirectory.java:tryLock(328)) - Lock on /tmp/workdir/hadoop-ozone/integration-test/target/test-dir/MiniOzoneClusterImpl-1f1962dc-bf0d-43a8-81db-407fa95944b0/datanode-5/data/ratis/4c3a2686-683f-465b-bb6c-17851d98e814/in_use.lock acquired by nodename 32015@trunk-nightly-6qp7m-2461138711
2019-07-13 20:38:01,560 INFO  storage.RaftStorageDirectory (RaftStorageDirectory.java:tryLock(328)) - Lock on /tmp/workdir/hadoop-ozone/integration-test/target/test-dir/MiniOzoneClusterImpl-1f1962dc-bf0d-43a8-81db-407fa95944b0/datanode-3/data/ratis/4c3a2686-683f-465b-bb6c-17851d98e814/in_use.lock acquired by nodename 32015@trunk-nightly-6qp7m-2461138711
2019-07-13 20:38:01,564 INFO  storage.RaftStorage (RaftStorage.java:format(72)) - Storage directory /tmp/workdir/hadoop-ozone/integration-test/target/test-dir/MiniOzoneClusterImpl-1f1962dc-bf0d-43a8-81db-407fa95944b0/datanode-3/data/ratis/4c3a2686-683f-465b-bb6c-17851d98e814 has been successfully formatted.
2019-07-13 20:38:01,564 INFO  storage.RaftStorage (RaftStorage.java:format(72)) - Storage directory /tmp/workdir/hadoop-ozone/integration-test/target/test-dir/MiniOzoneClusterImpl-1f1962dc-bf0d-43a8-81db-407fa95944b0/datanode-4/data/ratis/4c3a2686-683f-465b-bb6c-17851d98e814 has been successfully formatted.
2019-07-13 20:38:01,564 INFO  storage.RaftStorage (RaftStorage.java:format(72)) - Storage directory /tmp/workdir/hadoop-ozone/integration-test/target/test-dir/MiniOzoneClusterImpl-1f1962dc-bf0d-43a8-81db-407fa95944b0/datanode-5/data/ratis/4c3a2686-683f-465b-bb6c-17851d98e814 has been successfully formatted.
2019-07-13 20:38:01,565 INFO  ratis.ContainerStateMachine (ContainerStateMachine.java:loadSnapshot(200)) - The snapshot info is null.Setting the last applied index to:(t:0, i:~)
2019-07-13 20:38:01,565 INFO  ratis.ContainerStateMachine (ContainerStateMachine.java:loadSnapshot(200)) - The snapshot info is null.Setting the last applied index to:(t:0, i:~)
2019-07-13 20:38:01,565 INFO  server.RaftServerConfigKeys (ConfUtils.java:logGet(43)) - raft.server.leader.election.timeout = 120s (custom)
2019-07-13 20:38:01,565 INFO  ratis.ContainerStateMachine (ContainerStateMachine.java:loadSnapshot(200)) - The snapshot info is null.Setting the last applied index to:(t:0, i:~)
2019-07-13 20:38:01,565 INFO  server.RaftServerConfigKeys (ConfUtils.java:logGet(43)) - raft.server.log.use.memory = false (default)
2019-07-13 20:38:01,565 INFO  server.RaftServerConfigKeys (ConfUtils.java:logGet(43)) - raft.server.leader.election.timeout = 120s (custom)
2019-07-13 20:38:01,565 INFO  server.RaftServerConfigKeys (ConfUtils.java:logGet(43)) - raft.server.log.purge.gap = 1000000000 (custom)
2019-07-13 20:38:01,565 INFO  server.RaftServerConfigKeys (ConfUtils.java:logGet(43)) - raft.server.leader.election.timeout = 120s (custom)
2019-07-13 20:38:01,566 INFO  server.RaftServerConfigKeys (ConfUtils.java:logGet(43)) - raft.server.log.appender.buffer.byte-limit = 33554432 (custom)
2019-07-13 20:38:01,565 INFO  server.RaftServerConfigKeys (ConfUtils.java:logGet(43)) - raft.server.log.use.memory = false (default)
2019-07-13 20:38:01,566 INFO  server.RaftServerConfigKeys (ConfUtils.java:logGet(43)) - raft.server.log.segment.size.max = 1048576 (custom)
2019-07-13 20:38:01,566 INFO  server.RaftServerConfigKeys (ConfUtils.java:logGet(43)) - raft.server.log.use.memory = false (default)
2019-07-13 20:38:01,566 INFO  server.RaftServerConfigKeys (ConfUtils.java:logGet(43)) - raft.server.log.segment.cache.num.max = 2 (custom)
2019-07-13 20:38:01,566 INFO  server.RaftServerConfigKeys (ConfUtils.java:logGet(43)) - raft.server.log.purge.gap = 1000000000 (custom)
2019-07-13 20:38:01,566 INFO  segmented.SegmentedRaftLogWorker (SegmentedRaftLogWorker.java:<init>(172)) - new f5735acc-57de-4427-a3b1-fc2c39969951-SegmentedRaftLogWorker:Storage Directory /tmp/workdir/hadoop-ozone/integration-test/target/test-dir/MiniOzoneClusterImpl-1f1962dc-bf0d-43a8-81db-407fa95944b0/datanode-4/data/ratis/4c3a2686-683f-465b-bb6c-17851d98e814 for RaftStorage:Storage Directory /tmp/workdir/hadoop-ozone/integration-test/target/test-dir/MiniOzoneClusterImpl-1f1962dc-bf0d-43a8-81db-407fa95944b0/datanode-4/data/ratis/4c3a2686-683f-465b-bb6c-17851d98e814
2019-07-13 20:38:01,566 INFO  server.RaftServerConfigKeys (ConfUtils.java:logGet(43)) - raft.server.log.purge.gap = 1000000000 (custom)
2019-07-13 20:38:01,567 INFO  server.RaftServerConfigKeys (ConfUtils.java:logGet(43)) - raft.server.log.queue.byte-limit = 2147483647 (custom)
2019-07-13 20:38:01,567 INFO  server.RaftServerConfigKeys (ConfUtils.java:logGet(43)) - raft.server.log.queue.element-limit = 1024 (custom)
2019-07-13 20:38:01,566 INFO  server.RaftServerConfigKeys (ConfUtils.java:logGet(43)) - raft.server.log.appender.buffer.byte-limit = 33554432 (custom)
2019-07-13 20:38:01,567 INFO  server.RaftServerConfigKeys (ConfUtils.java:logGet(43)) - raft.server.log.segment.size.max = 1048576 (custom)
2019-07-13 20:38:01,567 INFO  server.RaftServerConfigKeys (ConfUtils.java:logGet(43)) - raft.server.log.appender.buffer.byte-limit = 33554432 (custom)
2019-07-13 20:38:01,567 INFO  server.RaftServerConfigKeys (ConfUtils.java:logGet(43)) - raft.server.log.preallocated.size = 16384 (custom)
2019-07-13 20:38:01,567 INFO  server.RaftServerConfigKeys (ConfUtils.java:logGet(43)) - raft.server.log.segment.size.max = 1048576 (custom)
2019-07-13 20:38:01,567 INFO  server.RaftServerConfigKeys (ConfUtils.java:logGet(43)) - raft.server.log.write.buffer.size = 33554432 (custom)
2019-07-13 20:38:01,567 INFO  server.RaftServerConfigKeys (ConfUtils.java:logGet(43)) - raft.server.log.segment.size.max = 1048576 (custom)
2019-07-13 20:38:01,568 INFO  server.RaftServerConfigKeys (ConfUtils.java:logGet(43)) - raft.server.log.force.sync.num = 128 (default)
2019-07-13 20:38:01,568 INFO  server.RaftServerConfigKeys (ConfUtils.java:logGet(43)) - raft.server.log.segment.cache.num.max = 2 (custom)
2019-07-13 20:38:01,568 INFO  server.RaftServerConfigKeys (ConfUtils.java:logGet(43)) - raft.server.log.statemachine.data.sync = true (default)
2019-07-13 20:38:01,568 INFO  server.RaftServerConfigKeys (ConfUtils.java:logGet(43)) - raft.server.log.segment.cache.num.max = 2 (custom)
2019-07-13 20:38:01,568 INFO  server.RaftServerConfigKeys (ConfUtils.java:logGet(43)) - raft.server.log.statemachine.data.sync.timeout = 10s (default)
2019-07-13 20:38:01,568 INFO  segmented.SegmentedRaftLogWorker (SegmentedRaftLogWorker.java:<init>(172)) - new 875fe4f1-c2a4-463d-b92a-7c6961af5b75-SegmentedRaftLogWorker:Storage Directory /tmp/workdir/hadoop-ozone/integration-test/target/test-dir/MiniOzoneClusterImpl-1f1962dc-bf0d-43a8-81db-407fa95944b0/datanode-3/data/ratis/4c3a2686-683f-465b-bb6c-17851d98e814 for RaftStorage:Storage Directory /tmp/workdir/hadoop-ozone/integration-test/target/test-dir/MiniOzoneClusterImpl-1f1962dc-bf0d-43a8-81db-407fa95944b0/datanode-3/data/ratis/4c3a2686-683f-465b-bb6c-17851d98e814
2019-07-13 20:38:01,569 INFO  server.RaftServerConfigKeys (ConfUtils.java:logGet(43)) - raft.server.log.statemachine.data.sync.timeout.retry = -1 (default)
2019-07-13 20:38:01,568 INFO  segmented.SegmentedRaftLogWorker (SegmentedRaftLogWorker.java:<init>(172)) - new 68c54cb8-7b58-41e0-acca-8e491e4edd3d-SegmentedRaftLogWorker:Storage Directory /tmp/workdir/hadoop-ozone/integration-test/target/test-dir/MiniOzoneClusterImpl-1f1962dc-bf0d-43a8-81db-407fa95944b0/datanode-5/data/ratis/4c3a2686-683f-465b-bb6c-17851d98e814 for RaftStorage:Storage Directory /tmp/workdir/hadoop-ozone/integration-test/target/test-dir/MiniOzoneClusterImpl-1f1962dc-bf0d-43a8-81db-407fa95944b0/datanode-5/data/ratis/4c3a2686-683f-465b-bb6c-17851d98e814
2019-07-13 20:38:01,569 INFO  server.RaftServerConfigKeys (ConfUtils.java:logGet(43)) - raft.server.log.statemachine.data.caching.enabled = true (custom)
2019-07-13 20:38:01,569 INFO  server.RaftServerConfigKeys (ConfUtils.java:logGet(43)) - raft.server.log.queue.byte-limit = 2147483647 (custom)
2019-07-13 20:38:01,569 INFO  server.RaftServerConfigKeys (ConfUtils.java:logGet(43)) - raft.server.log.queue.byte-limit = 2147483647 (custom)
2019-07-13 20:38:01,569 INFO  segmented.SegmentedRaftLogWorker (SegmentedRaftLogWorker.java:lambda$new$0(132)) - f5735acc-57de-4427-a3b1-fc2c39969951-SegmentedRaftLogWorker:Storage Directory /tmp/workdir/hadoop-ozone/integration-test/target/test-dir/MiniOzoneClusterImpl-1f1962dc-bf0d-43a8-81db-407fa95944b0/datanode-4/data/ratis/4c3a2686-683f-465b-bb6c-17851d98e814: flushIndex: setUnconditionally 0 -> -1
2019-07-13 20:38:01,569 INFO  server.RaftServerConfigKeys (ConfUtils.java:logGet(43)) - raft.server.log.queue.element-limit = 1024 (custom)
2019-07-13 20:38:01,569 INFO  server.RaftServerConfigKeys (ConfUtils.java:logGet(43)) - raft.server.log.queue.element-limit = 1024 (custom)
2019-07-13 20:38:01,570 INFO  server.RaftServerConfigKeys (ConfUtils.java:logGet(43)) - raft.server.snapshot.auto.trigger.enabled = true (custom)
2019-07-13 20:38:01,570 INFO  server.RaftServerConfigKeys (ConfUtils.java:logGet(43)) - raft.server.log.segment.size.max = 1048576 (custom)
2019-07-13 20:38:01,570 INFO  server.RaftServerConfigKeys (ConfUtils.java:logGet(43)) - raft.server.snapshot.auto.trigger.threshold = 10000 (custom)
2019-07-13 20:38:01,570 INFO  server.RaftServerConfigKeys (ConfUtils.java:logGet(43)) - raft.server.log.segment.size.max = 1048576 (custom)
2019-07-13 20:38:01,570 INFO  server.RaftServerConfigKeys (ConfUtils.java:logGet(43)) - raft.server.retrycache.expirytime = 600000ms (custom)
2019-07-13 20:38:01,570 INFO  server.RaftServerConfigKeys (ConfUtils.java:logGet(43)) - raft.server.log.preallocated.size = 16384 (custom)
2019-07-13 20:38:01,570 INFO  impl.RaftServerImpl (RaftServerImpl.java:start(180)) - f5735acc-57de-4427-a3b1-fc2c39969951: start group-17851D98E814
2019-07-13 20:38:01,570 INFO  server.RaftServerConfigKeys (ConfUtils.java:logGet(43)) - raft.server.log.preallocated.size = 16384 (custom)
2019-07-13 20:38:01,571 INFO  impl.RaftServerImpl (RaftServerImpl.java:setRole(171)) - f5735acc-57de-4427-a3b1-fc2c39969951:group-17851D98E814 changes role from null to FOLLOWER at term 0 for startAsFollower
2019-07-13 20:38:01,570 INFO  server.RaftServerConfigKeys (ConfUtils.java:logGet(43)) - raft.server.log.write.buffer.size = 33554432 (custom)
2019-07-13 20:38:01,571 INFO  impl.RoleInfo (RoleInfo.java:updateAndGet(143)) - f5735acc-57de-4427-a3b1-fc2c39969951: start FollowerState
2019-07-13 20:38:01,571 INFO  server.RaftServerConfigKeys (ConfUtils.java:logGet(43)) - raft.server.log.write.buffer.size = 33554432 (custom)
2019-07-13 20:38:01,571 INFO  server.RaftServerConfigKeys (ConfUtils.java:logGet(43)) - raft.server.log.force.sync.num = 128 (default)
2019-07-13 20:38:01,571 INFO  util.JmxRegister (JmxRegister.java:tryRegister(44)) - Successfully registered JMX Bean with object name Ratis:service=RaftServer,group=group-17851D98E814,id=f5735acc-57de-4427-a3b1-fc2c39969951
2019-07-13 20:38:01,571 INFO  server.RaftServerConfigKeys (ConfUtils.java:logGet(43)) - raft.server.log.force.sync.num = 128 (default)
2019-07-13 20:38:01,571 INFO  server.RaftServerConfigKeys (ConfUtils.java:logGet(43)) - raft.server.log.statemachine.data.sync = true (default)
2019-07-13 20:38:01,572 INFO  server.RaftServerConfigKeys (ConfUtils.java:logGet(43)) - raft.server.log.statemachine.data.sync = true (default)
2019-07-13 20:38:01,572 INFO  server.RaftServerConfigKeys (ConfUtils.java:logGet(43)) - raft.server.log.statemachine.data.sync.timeout = 10s (default)
2019-07-13 20:38:01,572 INFO  server.RaftServerConfigKeys (ConfUtils.java:logGet(43)) - raft.server.log.statemachine.data.sync.timeout = 10s (default)
2019-07-13 20:38:01,572 INFO  server.RaftServerConfigKeys (ConfUtils.java:logGet(43)) - raft.server.log.statemachine.data.sync.timeout.retry = -1 (default)
2019-07-13 20:38:01,572 INFO  server.RaftServerConfigKeys (ConfUtils.java:logGet(43)) - raft.server.log.statemachine.data.sync.timeout.retry = -1 (default)
2019-07-13 20:38:01,572 INFO  server.RaftServerConfigKeys (ConfUtils.java:logGet(43)) - raft.server.log.statemachine.data.caching.enabled = true (custom)
2019-07-13 20:38:01,572 INFO  server.RaftServerConfigKeys (ConfUtils.java:logGet(43)) - raft.server.log.statemachine.data.caching.enabled = true (custom)
2019-07-13 20:38:01,573 INFO  segmented.SegmentedRaftLogWorker (SegmentedRaftLogWorker.java:lambda$new$0(132)) - 875fe4f1-c2a4-463d-b92a-7c6961af5b75-SegmentedRaftLogWorker:Storage Directory /tmp/workdir/hadoop-ozone/integration-test/target/test-dir/MiniOzoneClusterImpl-1f1962dc-bf0d-43a8-81db-407fa95944b0/datanode-3/data/ratis/4c3a2686-683f-465b-bb6c-17851d98e814: flushIndex: setUnconditionally 0 -> -1
2019-07-13 20:38:01,573 INFO  segmented.SegmentedRaftLogWorker (SegmentedRaftLogWorker.java:lambda$new$0(132)) - 68c54cb8-7b58-41e0-acca-8e491e4edd3d-SegmentedRaftLogWorker:Storage Directory /tmp/workdir/hadoop-ozone/integration-test/target/test-dir/MiniOzoneClusterImpl-1f1962dc-bf0d-43a8-81db-407fa95944b0/datanode-5/data/ratis/4c3a2686-683f-465b-bb6c-17851d98e814: flushIndex: setUnconditionally 0 -> -1
2019-07-13 20:38:01,573 INFO  server.RaftServerConfigKeys (ConfUtils.java:logGet(43)) - raft.server.snapshot.auto.trigger.enabled = true (custom)
2019-07-13 20:38:01,573 INFO  server.RaftServerConfigKeys (ConfUtils.java:logGet(43)) - raft.server.snapshot.auto.trigger.threshold = 10000 (custom)
2019-07-13 20:38:01,573 INFO  server.RaftServerConfigKeys (ConfUtils.java:logGet(43)) - raft.server.snapshot.auto.trigger.enabled = true (custom)
2019-07-13 20:38:01,573 INFO  server.RaftServerConfigKeys (ConfUtils.java:logGet(43)) - raft.server.retrycache.expirytime = 600000ms (custom)
2019-07-13 20:38:01,573 INFO  server.RaftServerConfigKeys (ConfUtils.java:logGet(43)) - raft.server.snapshot.auto.trigger.threshold = 10000 (custom)
2019-07-13 20:38:01,573 INFO  impl.RaftServerImpl (RaftServerImpl.java:start(180)) - 875fe4f1-c2a4-463d-b92a-7c6961af5b75: start group-17851D98E814
2019-07-13 20:38:01,574 INFO  server.RaftServerConfigKeys (ConfUtils.java:logGet(43)) - raft.server.retrycache.expirytime = 600000ms (custom)
2019-07-13 20:38:01,574 INFO  impl.RaftServerImpl (RaftServerImpl.java:setRole(171)) - 875fe4f1-c2a4-463d-b92a-7c6961af5b75:group-17851D98E814 changes role from null to FOLLOWER at term 0 for startAsFollower
2019-07-13 20:38:01,574 INFO  impl.RaftServerImpl (RaftServerImpl.java:start(180)) - 68c54cb8-7b58-41e0-acca-8e491e4edd3d: start group-17851D98E814
2019-07-13 20:38:01,574 INFO  impl.RoleInfo (RoleInfo.java:updateAndGet(143)) - 875fe4f1-c2a4-463d-b92a-7c6961af5b75: start FollowerState
2019-07-13 20:38:01,574 INFO  impl.RaftServerImpl (RaftServerImpl.java:setRole(171)) - 68c54cb8-7b58-41e0-acca-8e491e4edd3d:group-17851D98E814 changes role from null to FOLLOWER at term 0 for startAsFollower
2019-07-13 20:38:01,574 INFO  impl.RoleInfo (RoleInfo.java:updateAndGet(143)) - 68c54cb8-7b58-41e0-acca-8e491e4edd3d: start FollowerState
2019-07-13 20:38:01,574 INFO  util.JmxRegister (JmxRegister.java:tryRegister(44)) - Successfully registered JMX Bean with object name Ratis:service=RaftServer,group=group-17851D98E814,id=875fe4f1-c2a4-463d-b92a-7c6961af5b75
2019-07-13 20:38:01,574 INFO  util.JmxRegister (JmxRegister.java:tryRegister(44)) - Successfully registered JMX Bean with object name Ratis:service=RaftServer,group=group-17851D98E814,id=68c54cb8-7b58-41e0-acca-8e491e4edd3d
2019-07-13 20:38:01,576 INFO  pipeline.PipelineStateManager (PipelineStateManager.java:addPipeline(56)) - Created pipeline Pipeline[ Id: 4c3a2686-683f-465b-bb6c-17851d98e814, Nodes: 68c54cb8-7b58-41e0-acca-8e491e4edd3d{ip: 192.168.5.168, host: trunk-nightly-6qp7m-2461138711, networkLocation: /default-rack, certSerialId: null}f5735acc-57de-4427-a3b1-fc2c39969951{ip: 192.168.5.168, host: trunk-nightly-6qp7m-2461138711, networkLocation: /default-rack, certSerialId: null}875fe4f1-c2a4-463d-b92a-7c6961af5b75{ip: 192.168.5.168, host: trunk-nightly-6qp7m-2461138711, networkLocation: /default-rack, certSerialId: null}, Type:RATIS, Factor:THREE, State:OPEN]
2019-07-13 20:38:01,902 INFO  ozone.MiniOzoneClusterImpl (MiniOzoneClusterImpl.java:lambda$waitForClusterToBeReady$0(142)) - Waiting for cluster to be ready. Got 6 of 7 DN Heartbeats.
2019-07-13 20:38:01,907 INFO  node.SCMNodeManager (SCMNodeManager.java:register(269)) - Registered Data node : 0650c02c-951a-413b-9329-3ac90d0b990b{ip: 192.168.5.168, host: trunk-nightly-6qp7m-2461138711, networkLocation: /default-rack, certSerialId: null}
2019-07-13 20:38:01,919 INFO  impl.RaftServerProxy (RaftServerProxy.java:addNew(89)) - 0650c02c-951a-413b-9329-3ac90d0b990b: addNew group-AACDF548994E:[0650c02c-951a-413b-9329-3ac90d0b990b:192.168.5.168:46451] returns group-AACDF548994E:java.util.concurrent.CompletableFuture@4f4ea422[Not completed]
2019-07-13 20:38:01,920 INFO  impl.RaftServerImpl (RaftServerImpl.java:<init>(93)) - 0650c02c-951a-413b-9329-3ac90d0b990b: new RaftServerImpl for group-AACDF548994E:[0650c02c-951a-413b-9329-3ac90d0b990b:192.168.5.168:46451] with ContainerStateMachine:uninitialized
2019-07-13 20:38:01,920 INFO  server.RaftServerConfigKeys (ConfUtils.java:logGet(43)) - raft.server.rpc.timeout.min = 5s (custom)
2019-07-13 20:38:01,920 INFO  server.RaftServerConfigKeys (ConfUtils.java:logGet(43)) - raft.server.rpc.timeout.max = 5200ms (custom)
2019-07-13 20:38:01,921 INFO  server.RaftServerConfigKeys (ConfUtils.java:logGet(43)) - raft.server.rpcslowness.timeout = 120s (custom)
2019-07-13 20:38:01,921 INFO  server.RaftServerConfigKeys (ConfUtils.java:logGet(43)) - raft.server.sleep.deviation.threshold = 300 (default)
2019-07-13 20:38:01,921 INFO  server.RaftServerConfigKeys (ConfUtils.java:logGet(43)) - raft.server.log.appender.install.snapshot.enabled = false (custom)
2019-07-13 20:38:01,921 INFO  impl.RaftServerImpl (ServerState.java:<init>(105)) - 0650c02c-951a-413b-9329-3ac90d0b990b:group-AACDF548994E ConfigurationManager, init=-1: [0650c02c-951a-413b-9329-3ac90d0b990b:192.168.5.168:46451], old=null, confs=<EMPTY_MAP>
2019-07-13 20:38:01,921 INFO  server.RaftServerConfigKeys (ConfUtils.java:logGet(43)) - raft.server.storage.dir = [/tmp/workdir/hadoop-ozone/integration-test/target/test-dir/MiniOzoneClusterImpl-1f1962dc-bf0d-43a8-81db-407fa95944b0/datanode-6/data/ratis] (custom)
2019-07-13 20:38:01,921 INFO  storage.RaftStorageDirectory (RaftStorageDirectory.java:analyzeStorage(246)) - The storage directory /tmp/workdir/hadoop-ozone/integration-test/target/test-dir/MiniOzoneClusterImpl-1f1962dc-bf0d-43a8-81db-407fa95944b0/datanode-6/data/ratis/e517f117-5491-4e48-b42a-aacdf548994e does not exist. Creating ...
2019-07-13 20:38:01,928 INFO  storage.RaftStorageDirectory (RaftStorageDirectory.java:tryLock(328)) - Lock on /tmp/workdir/hadoop-ozone/integration-test/target/test-dir/MiniOzoneClusterImpl-1f1962dc-bf0d-43a8-81db-407fa95944b0/datanode-6/data/ratis/e517f117-5491-4e48-b42a-aacdf548994e/in_use.lock acquired by nodename 32015@trunk-nightly-6qp7m-2461138711
2019-07-13 20:38:01,931 INFO  storage.RaftStorage (RaftStorage.java:format(72)) - Storage directory /tmp/workdir/hadoop-ozone/integration-test/target/test-dir/MiniOzoneClusterImpl-1f1962dc-bf0d-43a8-81db-407fa95944b0/datanode-6/data/ratis/e517f117-5491-4e48-b42a-aacdf548994e has been successfully formatted.
2019-07-13 20:38:01,932 INFO  ratis.ContainerStateMachine (ContainerStateMachine.java:loadSnapshot(200)) - The snapshot info is null.Setting the last applied index to:(t:0, i:~)
2019-07-13 20:38:01,932 INFO  server.RaftServerConfigKeys (ConfUtils.java:logGet(43)) - raft.server.leader.election.timeout = 120s (custom)
2019-07-13 20:38:01,932 INFO  server.RaftServerConfigKeys (ConfUtils.java:logGet(43)) - raft.server.log.use.memory = false (default)
2019-07-13 20:38:01,932 INFO  server.RaftServerConfigKeys (ConfUtils.java:logGet(43)) - raft.server.log.purge.gap = 1000000000 (custom)
2019-07-13 20:38:01,932 INFO  server.RaftServerConfigKeys (ConfUtils.java:logGet(43)) - raft.server.log.appender.buffer.byte-limit = 33554432 (custom)
2019-07-13 20:38:01,932 INFO  server.RaftServerConfigKeys (ConfUtils.java:logGet(43)) - raft.server.log.segment.size.max = 1048576 (custom)
2019-07-13 20:38:01,933 INFO  server.RaftServerConfigKeys (ConfUtils.java:logGet(43)) - raft.server.log.segment.cache.num.max = 2 (custom)
2019-07-13 20:38:01,933 INFO  segmented.SegmentedRaftLogWorker (SegmentedRaftLogWorker.java:<init>(172)) - new 0650c02c-951a-413b-9329-3ac90d0b990b-SegmentedRaftLogWorker:Storage Directory /tmp/workdir/hadoop-ozone/integration-test/target/test-dir/MiniOzoneClusterImpl-1f1962dc-bf0d-43a8-81db-407fa95944b0/datanode-6/data/ratis/e517f117-5491-4e48-b42a-aacdf548994e for RaftStorage:Storage Directory /tmp/workdir/hadoop-ozone/integration-test/target/test-dir/MiniOzoneClusterImpl-1f1962dc-bf0d-43a8-81db-407fa95944b0/datanode-6/data/ratis/e517f117-5491-4e48-b42a-aacdf548994e
2019-07-13 20:38:01,933 INFO  server.RaftServerConfigKeys (ConfUtils.java:logGet(43)) - raft.server.log.queue.byte-limit = 2147483647 (custom)
2019-07-13 20:38:01,933 INFO  server.RaftServerConfigKeys (ConfUtils.java:logGet(43)) - raft.server.log.queue.element-limit = 1024 (custom)
2019-07-13 20:38:01,933 INFO  server.RaftServerConfigKeys (ConfUtils.java:logGet(43)) - raft.server.log.segment.size.max = 1048576 (custom)
2019-07-13 20:38:01,934 INFO  server.RaftServerConfigKeys (ConfUtils.java:logGet(43)) - raft.server.log.preallocated.size = 16384 (custom)
2019-07-13 20:38:01,934 INFO  server.RaftServerConfigKeys (ConfUtils.java:logGet(43)) - raft.server.log.write.buffer.size = 33554432 (custom)
2019-07-13 20:38:01,934 INFO  server.RaftServerConfigKeys (ConfUtils.java:logGet(43)) - raft.server.log.force.sync.num = 128 (default)
2019-07-13 20:38:01,934 INFO  server.RaftServerConfigKeys (ConfUtils.java:logGet(43)) - raft.server.log.statemachine.data.sync = true (default)
2019-07-13 20:38:01,934 INFO  server.RaftServerConfigKeys (ConfUtils.java:logGet(43)) - raft.server.log.statemachine.data.sync.timeout = 10s (default)
2019-07-13 20:38:01,934 INFO  server.RaftServerConfigKeys (ConfUtils.java:logGet(43)) - raft.server.log.statemachine.data.sync.timeout.retry = -1 (default)
2019-07-13 20:38:01,934 INFO  server.RaftServerConfigKeys (ConfUtils.java:logGet(43)) - raft.server.log.statemachine.data.caching.enabled = true (custom)
2019-07-13 20:38:01,935 INFO  segmented.SegmentedRaftLogWorker (SegmentedRaftLogWorker.java:lambda$new$0(132)) - 0650c02c-951a-413b-9329-3ac90d0b990b-SegmentedRaftLogWorker:Storage Directory /tmp/workdir/hadoop-ozone/integration-test/target/test-dir/MiniOzoneClusterImpl-1f1962dc-bf0d-43a8-81db-407fa95944b0/datanode-6/data/ratis/e517f117-5491-4e48-b42a-aacdf548994e: flushIndex: setUnconditionally 0 -> -1
2019-07-13 20:38:01,935 INFO  server.RaftServerConfigKeys (ConfUtils.java:logGet(43)) - raft.server.snapshot.auto.trigger.enabled = true (custom)
2019-07-13 20:38:01,935 INFO  server.RaftServerConfigKeys (ConfUtils.java:logGet(43)) - raft.server.snapshot.auto.trigger.threshold = 10000 (custom)
2019-07-13 20:38:01,936 INFO  server.RaftServerConfigKeys (ConfUtils.java:logGet(43)) - raft.server.retrycache.expirytime = 600000ms (custom)
2019-07-13 20:38:01,936 INFO  impl.RaftServerImpl (RaftServerImpl.java:start(180)) - 0650c02c-951a-413b-9329-3ac90d0b990b: start group-AACDF548994E
2019-07-13 20:38:01,936 INFO  impl.RaftServerImpl (RaftServerImpl.java:setRole(171)) - 0650c02c-951a-413b-9329-3ac90d0b990b:group-AACDF548994E changes role from null to FOLLOWER at term 0 for startAsFollower
2019-07-13 20:38:01,936 INFO  impl.RoleInfo (RoleInfo.java:updateAndGet(143)) - 0650c02c-951a-413b-9329-3ac90d0b990b: start FollowerState
2019-07-13 20:38:01,936 INFO  util.JmxRegister (JmxRegister.java:tryRegister(44)) - Successfully registered JMX Bean with object name Ratis:service=RaftServer,group=group-AACDF548994E,id=0650c02c-951a-413b-9329-3ac90d0b990b
2019-07-13 20:38:01,939 INFO  pipeline.PipelineStateManager (PipelineStateManager.java:addPipeline(56)) - Created pipeline Pipeline[ Id: e517f117-5491-4e48-b42a-aacdf548994e, Nodes: 0650c02c-951a-413b-9329-3ac90d0b990b{ip: 192.168.5.168, host: trunk-nightly-6qp7m-2461138711, networkLocation: /default-rack, certSerialId: null}, Type:RATIS, Factor:ONE, State:OPEN]
2019-07-13 20:38:02,902 INFO  ozone.MiniOzoneClusterImpl (MiniOzoneClusterImpl.java:lambda$waitForClusterToBeReady$0(142)) - Cluster is ready. Got 7 of 7 DN Heartbeats.
2019-07-13 20:38:02,940 INFO  rpc.RpcClient (RpcClient.java:createVolume(287)) - Creating Volume: testblockoutputstream, with jenkins1000 as owner.
2019-07-13 20:38:02,956 INFO  rpc.RpcClient (RpcClient.java:createBucket(424)) - Creating Bucket: testblockoutputstream/testblockoutputstream, with Versioning false and Storage Type set to DISK and Encryption set to false 
2019-07-13 20:38:02,985 INFO  client.GrpcClientProtocolClient (GrpcClientProtocolClient.java:onNext(255)) - client-3DE050E18FCA->68c54cb8-7b58-41e0-acca-8e491e4edd3d: receive RaftClientReply:client-3DE050E18FCA->68c54cb8-7b58-41e0-acca-8e491e4edd3d@group-17851D98E814, cid=242, FAILED org.apache.ratis.protocol.NotLeaderException: Server 68c54cb8-7b58-41e0-acca-8e491e4edd3d is not the leader (null). Request must be sent to leader., logIndex=0, commits[68c54cb8-7b58-41e0-acca-8e491e4edd3d:c-1]
2019-07-13 20:38:03,570 INFO  container.ReplicationManager (ReplicationManager.java:start(155)) - Starting Replication Monitor Thread.
2019-07-13 20:38:03,573 INFO  container.ReplicationManager (ReplicationManager.java:run(207)) - Replication Monitor Thread took 0 milliseconds for processing 1 containers.
2019-07-13 20:38:04,001 INFO  client.GrpcClientProtocolClient (GrpcClientProtocolClient.java:onNext(255)) - client-3DE050E18FCA->875fe4f1-c2a4-463d-b92a-7c6961af5b75: receive RaftClientReply:client-3DE050E18FCA->875fe4f1-c2a4-463d-b92a-7c6961af5b75@group-17851D98E814, cid=242, FAILED org.apache.ratis.protocol.NotLeaderException: Server 875fe4f1-c2a4-463d-b92a-7c6961af5b75 is not the leader (null). Request must be sent to leader., logIndex=0, commits[875fe4f1-c2a4-463d-b92a-7c6961af5b75:c-1]
2019-07-13 20:38:05,015 INFO  client.GrpcClientProtocolClient (GrpcClientProtocolClient.java:onNext(255)) - client-3DE050E18FCA->f5735acc-57de-4427-a3b1-fc2c39969951: receive RaftClientReply:client-3DE050E18FCA->f5735acc-57de-4427-a3b1-fc2c39969951@group-17851D98E814, cid=242, FAILED org.apache.ratis.protocol.NotLeaderException: Server f5735acc-57de-4427-a3b1-fc2c39969951 is not the leader (null). Request must be sent to leader., logIndex=0, commits[f5735acc-57de-4427-a3b1-fc2c39969951:c-1]
2019-07-13 20:38:05,621 INFO  impl.FollowerState (FollowerState.java:run(106)) - 2b1dba72-76ce-479e-bfd9-d2d1840a5e57:group-58894F136E6F changes to CANDIDATE, lastRpcTime:5019, electionTimeout:5019ms
2019-07-13 20:38:05,621 INFO  impl.RoleInfo (RoleInfo.java:shutdownFollowerState(121)) - 2b1dba72-76ce-479e-bfd9-d2d1840a5e57: shutdown FollowerState
2019-07-13 20:38:05,622 INFO  impl.RaftServerImpl (RaftServerImpl.java:setRole(171)) - 2b1dba72-76ce-479e-bfd9-d2d1840a5e57:group-58894F136E6F changes role from FOLLOWER to CANDIDATE at term 0 for changeToCandidate
2019-07-13 20:38:05,622 INFO  impl.RoleInfo (RoleInfo.java:updateAndGet(143)) - 2b1dba72-76ce-479e-bfd9-d2d1840a5e57: start LeaderElection
2019-07-13 20:38:05,637 INFO  impl.LeaderElection (LeaderElection.java:askForVotes(181)) - 2b1dba72-76ce-479e-bfd9-d2d1840a5e57:group-58894F136E6F:LeaderElection87: begin an election at term 1 for -1: [2b1dba72-76ce-479e-bfd9-d2d1840a5e57:192.168.5.168:45504], old=null
2019-07-13 20:38:05,637 INFO  impl.RoleInfo (RoleInfo.java:shutdownLeaderElection(134)) - 2b1dba72-76ce-479e-bfd9-d2d1840a5e57: shutdown LeaderElection
2019-07-13 20:38:05,637 INFO  impl.RaftServerImpl (RaftServerImpl.java:setRole(171)) - 2b1dba72-76ce-479e-bfd9-d2d1840a5e57:group-58894F136E6F changes role from CANDIDATE to LEADER at term 1 for changeToLeader
2019-07-13 20:38:05,637 INFO  impl.RaftServerImpl (ServerState.java:setLeader(263)) - 2b1dba72-76ce-479e-bfd9-d2d1840a5e57:group-58894F136E6F change Leader from null to 2b1dba72-76ce-479e-bfd9-d2d1840a5e57 at term 1 for becomeLeader, leader elected after 5041ms
2019-07-13 20:38:05,640 INFO  server.RaftServerConfigKeys (ConfUtils.java:logGet(43)) - raft.server.staging.catchup.gap = 1000 (default)
2019-07-13 20:38:05,640 INFO  server.RaftServerConfigKeys (ConfUtils.java:logGet(43)) - raft.server.rpc.sleep.time = 25ms (default)
2019-07-13 20:38:05,640 INFO  server.RaftServerConfigKeys (ConfUtils.java:logGet(43)) - raft.server.write.element-limit = 4096 (default)
2019-07-13 20:38:05,640 INFO  server.RaftServerConfigKeys (ConfUtils.java:logGet(43)) - raft.server.watch.timeout = 10s (default)
2019-07-13 20:38:05,641 INFO  server.RaftServerConfigKeys (ConfUtils.java:logGet(43)) - raft.server.watch.timeout.denomination = 1s (default)
2019-07-13 20:38:05,641 INFO  server.RaftServerConfigKeys (ConfUtils.java:logGet(43)) - raft.server.watch.element-limit = 65536 (default)
2019-07-13 20:38:05,641 INFO  impl.RoleInfo (RoleInfo.java:updateAndGet(143)) - 2b1dba72-76ce-479e-bfd9-d2d1840a5e57: start LeaderState
2019-07-13 20:38:05,641 INFO  segmented.SegmentedRaftLogWorker (SegmentedRaftLogWorker.java:startLogSegment(380)) - 2b1dba72-76ce-479e-bfd9-d2d1840a5e57-SegmentedRaftLogWorker:Storage Directory /tmp/workdir/hadoop-ozone/integration-test/target/test-dir/MiniOzoneClusterImpl-1f1962dc-bf0d-43a8-81db-407fa95944b0/datanode-0/data/ratis/be153212-6989-4bc5-a895-58894f136e6f: Starting segment from index:0
2019-07-13 20:38:05,642 INFO  impl.RaftServerImpl (ServerState.java:setRaftConf(361)) - 2b1dba72-76ce-479e-bfd9-d2d1840a5e57:group-58894F136E6F set configuration 0: [2b1dba72-76ce-479e-bfd9-d2d1840a5e57:192.168.5.168:45504], old=null at 0
2019-07-13 20:38:05,663 INFO  segmented.SegmentedRaftLogWorker (SegmentedRaftLogWorker.java:execute(569)) - 2b1dba72-76ce-479e-bfd9-d2d1840a5e57-SegmentedRaftLogWorker:Storage Directory /tmp/workdir/hadoop-ozone/integration-test/target/test-dir/MiniOzoneClusterImpl-1f1962dc-bf0d-43a8-81db-407fa95944b0/datanode-0/data/ratis/be153212-6989-4bc5-a895-58894f136e6f: created new log segment /tmp/workdir/hadoop-ozone/integration-test/target/test-dir/MiniOzoneClusterImpl-1f1962dc-bf0d-43a8-81db-407fa95944b0/datanode-0/data/ratis/be153212-6989-4bc5-a895-58894f136e6f/current/log_inprogress_0
2019-07-13 20:38:05,835 INFO  impl.FollowerState (FollowerState.java:run(106)) - 31278a13-9f55-45e2-8070-d10d1ed70f22:group-DF4C918C4BD1 changes to CANDIDATE, lastRpcTime:5056, electionTimeout:5056ms
2019-07-13 20:38:05,835 INFO  impl.RoleInfo (RoleInfo.java:shutdownFollowerState(121)) - 31278a13-9f55-45e2-8070-d10d1ed70f22: shutdown FollowerState
2019-07-13 20:38:05,835 INFO  impl.RaftServerImpl (RaftServerImpl.java:setRole(171)) - 31278a13-9f55-45e2-8070-d10d1ed70f22:group-DF4C918C4BD1 changes role from FOLLOWER to CANDIDATE at term 0 for changeToCandidate
2019-07-13 20:38:05,835 INFO  impl.RoleInfo (RoleInfo.java:updateAndGet(143)) - 31278a13-9f55-45e2-8070-d10d1ed70f22: start LeaderElection
2019-07-13 20:38:05,856 INFO  impl.LeaderElection (LeaderElection.java:askForVotes(181)) - 31278a13-9f55-45e2-8070-d10d1ed70f22:group-DF4C918C4BD1:LeaderElection88: begin an election at term 1 for -1: [31278a13-9f55-45e2-8070-d10d1ed70f22:192.168.5.168:46640], old=null
2019-07-13 20:38:05,856 INFO  impl.RoleInfo (RoleInfo.java:shutdownLeaderElection(134)) - 31278a13-9f55-45e2-8070-d10d1ed70f22: shutdown LeaderElection
2019-07-13 20:38:05,856 INFO  impl.RaftServerImpl (RaftServerImpl.java:setRole(171)) - 31278a13-9f55-45e2-8070-d10d1ed70f22:group-DF4C918C4BD1 changes role from CANDIDATE to LEADER at term 1 for changeToLeader
2019-07-13 20:38:05,856 INFO  impl.RaftServerImpl (ServerState.java:setLeader(263)) - 31278a13-9f55-45e2-8070-d10d1ed70f22:group-DF4C918C4BD1 change Leader from null to 31278a13-9f55-45e2-8070-d10d1ed70f22 at term 1 for becomeLeader, leader elected after 5082ms
2019-07-13 20:38:05,859 INFO  server.RaftServerConfigKeys (ConfUtils.java:logGet(43)) - raft.server.staging.catchup.gap = 1000 (default)
2019-07-13 20:38:05,859 INFO  server.RaftServerConfigKeys (ConfUtils.java:logGet(43)) - raft.server.rpc.sleep.time = 25ms (default)
2019-07-13 20:38:05,859 INFO  server.RaftServerConfigKeys (ConfUtils.java:logGet(43)) - raft.server.write.element-limit = 4096 (default)
2019-07-13 20:38:05,859 INFO  server.RaftServerConfigKeys (ConfUtils.java:logGet(43)) - raft.server.watch.timeout = 10s (default)
2019-07-13 20:38:05,859 INFO  server.RaftServerConfigKeys (ConfUtils.java:logGet(43)) - raft.server.watch.timeout.denomination = 1s (default)
2019-07-13 20:38:05,859 INFO  server.RaftServerConfigKeys (ConfUtils.java:logGet(43)) - raft.server.watch.element-limit = 65536 (default)
2019-07-13 20:38:05,860 INFO  impl.RoleInfo (RoleInfo.java:updateAndGet(143)) - 31278a13-9f55-45e2-8070-d10d1ed70f22: start LeaderState
2019-07-13 20:38:05,860 INFO  segmented.SegmentedRaftLogWorker (SegmentedRaftLogWorker.java:startLogSegment(380)) - 31278a13-9f55-45e2-8070-d10d1ed70f22-SegmentedRaftLogWorker:Storage Directory /tmp/workdir/hadoop-ozone/integration-test/target/test-dir/MiniOzoneClusterImpl-1f1962dc-bf0d-43a8-81db-407fa95944b0/datanode-1/data/ratis/de6de20c-66fc-4d64-93e8-df4c918c4bd1: Starting segment from index:0
2019-07-13 20:38:05,860 INFO  impl.RaftServerImpl (ServerState.java:setRaftConf(361)) - 31278a13-9f55-45e2-8070-d10d1ed70f22:group-DF4C918C4BD1 set configuration 0: [31278a13-9f55-45e2-8070-d10d1ed70f22:192.168.5.168:46640], old=null at 0
2019-07-13 20:38:05,883 INFO  segmented.SegmentedRaftLogWorker (SegmentedRaftLogWorker.java:execute(569)) - 31278a13-9f55-45e2-8070-d10d1ed70f22-SegmentedRaftLogWorker:Storage Directory /tmp/workdir/hadoop-ozone/integration-test/target/test-dir/MiniOzoneClusterImpl-1f1962dc-bf0d-43a8-81db-407fa95944b0/datanode-1/data/ratis/de6de20c-66fc-4d64-93e8-df4c918c4bd1: created new log segment /tmp/workdir/hadoop-ozone/integration-test/target/test-dir/MiniOzoneClusterImpl-1f1962dc-bf0d-43a8-81db-407fa95944b0/datanode-1/data/ratis/de6de20c-66fc-4d64-93e8-df4c918c4bd1/current/log_inprogress_0
2019-07-13 20:38:06,024 INFO  client.GrpcClientProtocolClient (GrpcClientProtocolClient.java:onNext(255)) - client-3DE050E18FCA->875fe4f1-c2a4-463d-b92a-7c6961af5b75: receive RaftClientReply:client-3DE050E18FCA->875fe4f1-c2a4-463d-b92a-7c6961af5b75@group-17851D98E814, cid=242, FAILED org.apache.ratis.protocol.NotLeaderException: Server 875fe4f1-c2a4-463d-b92a-7c6961af5b75 is not the leader (null). Request must be sent to leader., logIndex=0, commits[875fe4f1-c2a4-463d-b92a-7c6961af5b75:c-1]
2019-07-13 20:38:06,089 INFO  impl.FollowerState (FollowerState.java:run(106)) - 31278a13-9f55-45e2-8070-d10d1ed70f22:group-526BA751D950 changes to CANDIDATE, lastRpcTime:5112, electionTimeout:5112ms
2019-07-13 20:38:06,090 INFO  impl.RoleInfo (RoleInfo.java:shutdownFollowerState(121)) - 31278a13-9f55-45e2-8070-d10d1ed70f22: shutdown FollowerState
2019-07-13 20:38:06,090 INFO  impl.RaftServerImpl (RaftServerImpl.java:setRole(171)) - 31278a13-9f55-45e2-8070-d10d1ed70f22:group-526BA751D950 changes role from FOLLOWER to CANDIDATE at term 0 for changeToCandidate
2019-07-13 20:38:06,090 INFO  impl.RoleInfo (RoleInfo.java:updateAndGet(143)) - 31278a13-9f55-45e2-8070-d10d1ed70f22: start LeaderElection
2019-07-13 20:38:06,105 INFO  impl.FollowerState (FollowerState.java:run(106)) - e7c229a5-1cc5-44f9-aeda-838bc679e27e:group-526BA751D950 changes to CANDIDATE, lastRpcTime:5124, electionTimeout:5124ms
2019-07-13 20:38:06,105 INFO  impl.RoleInfo (RoleInfo.java:shutdownFollowerState(121)) - e7c229a5-1cc5-44f9-aeda-838bc679e27e: shutdown FollowerState
2019-07-13 20:38:06,105 INFO  impl.RaftServerImpl (RaftServerImpl.java:setRole(171)) - e7c229a5-1cc5-44f9-aeda-838bc679e27e:group-526BA751D950 changes role from FOLLOWER to CANDIDATE at term 0 for changeToCandidate
2019-07-13 20:38:06,105 INFO  impl.RoleInfo (RoleInfo.java:updateAndGet(143)) - e7c229a5-1cc5-44f9-aeda-838bc679e27e: start LeaderElection
2019-07-13 20:38:06,124 INFO  impl.FollowerState (FollowerState.java:run(106)) - 2b1dba72-76ce-479e-bfd9-d2d1840a5e57:group-526BA751D950 changes to CANDIDATE, lastRpcTime:5142, electionTimeout:5138ms
2019-07-13 20:38:06,125 INFO  impl.RoleInfo (RoleInfo.java:shutdownFollowerState(121)) - 2b1dba72-76ce-479e-bfd9-d2d1840a5e57: shutdown FollowerState
2019-07-13 20:38:06,125 INFO  impl.LeaderElection (LeaderElection.java:askForVotes(181)) - 31278a13-9f55-45e2-8070-d10d1ed70f22:group-526BA751D950:LeaderElection89: begin an election at term 1 for -1: [2b1dba72-76ce-479e-bfd9-d2d1840a5e57:192.168.5.168:45504, e7c229a5-1cc5-44f9-aeda-838bc679e27e:192.168.5.168:35219, 31278a13-9f55-45e2-8070-d10d1ed70f22:192.168.5.168:46640], old=null
2019-07-13 20:38:06,125 INFO  impl.RaftServerImpl (RaftServerImpl.java:setRole(171)) - 2b1dba72-76ce-479e-bfd9-d2d1840a5e57:group-526BA751D950 changes role from FOLLOWER to CANDIDATE at term 0 for changeToCandidate
2019-07-13 20:38:06,125 INFO  impl.RoleInfo (RoleInfo.java:updateAndGet(143)) - 2b1dba72-76ce-479e-bfd9-d2d1840a5e57: start LeaderElection
2019-07-13 20:38:06,128 INFO  impl.FollowerState (FollowerState.java:run(106)) - e7c229a5-1cc5-44f9-aeda-838bc679e27e:group-BE92E8D527E2 changes to CANDIDATE, lastRpcTime:5182, electionTimeout:5182ms
2019-07-13 20:38:06,130 INFO  impl.RoleInfo (RoleInfo.java:shutdownFollowerState(121)) - e7c229a5-1cc5-44f9-aeda-838bc679e27e: shutdown FollowerState
2019-07-13 20:38:06,131 INFO  impl.RaftServerImpl (RaftServerImpl.java:setRole(171)) - e7c229a5-1cc5-44f9-aeda-838bc679e27e:group-BE92E8D527E2 changes role from FOLLOWER to CANDIDATE at term 0 for changeToCandidate
2019-07-13 20:38:06,131 INFO  impl.LeaderElection (LeaderElection.java:askForVotes(181)) - e7c229a5-1cc5-44f9-aeda-838bc679e27e:group-526BA751D950:LeaderElection90: begin an election at term 1 for -1: [2b1dba72-76ce-479e-bfd9-d2d1840a5e57:192.168.5.168:45504, e7c229a5-1cc5-44f9-aeda-838bc679e27e:192.168.5.168:35219, 31278a13-9f55-45e2-8070-d10d1ed70f22:192.168.5.168:46640], old=null
2019-07-13 20:38:06,131 INFO  impl.RoleInfo (RoleInfo.java:updateAndGet(143)) - e7c229a5-1cc5-44f9-aeda-838bc679e27e: start LeaderElection
2019-07-13 20:38:06,143 INFO  impl.LeaderElection (LeaderElection.java:askForVotes(181)) - e7c229a5-1cc5-44f9-aeda-838bc679e27e:group-BE92E8D527E2:LeaderElection92: begin an election at term 1 for -1: [e7c229a5-1cc5-44f9-aeda-838bc679e27e:192.168.5.168:35219], old=null
2019-07-13 20:38:06,143 INFO  impl.LeaderElection (LeaderElection.java:askForVotes(181)) - 2b1dba72-76ce-479e-bfd9-d2d1840a5e57:group-526BA751D950:LeaderElection91: begin an election at term 1 for -1: [2b1dba72-76ce-479e-bfd9-d2d1840a5e57:192.168.5.168:45504, e7c229a5-1cc5-44f9-aeda-838bc679e27e:192.168.5.168:35219, 31278a13-9f55-45e2-8070-d10d1ed70f22:192.168.5.168:46640], old=null
2019-07-13 20:38:06,146 INFO  impl.RoleInfo (RoleInfo.java:shutdownLeaderElection(134)) - e7c229a5-1cc5-44f9-aeda-838bc679e27e: shutdown LeaderElection
2019-07-13 20:38:06,146 INFO  impl.RaftServerImpl (RaftServerImpl.java:setRole(171)) - e7c229a5-1cc5-44f9-aeda-838bc679e27e:group-BE92E8D527E2 changes role from CANDIDATE to LEADER at term 1 for changeToLeader
2019-07-13 20:38:06,146 INFO  impl.RaftServerImpl (ServerState.java:setLeader(263)) - e7c229a5-1cc5-44f9-aeda-838bc679e27e:group-BE92E8D527E2 change Leader from null to e7c229a5-1cc5-44f9-aeda-838bc679e27e at term 1 for becomeLeader, leader elected after 5205ms
2019-07-13 20:38:06,148 INFO  server.RaftServerConfigKeys (ConfUtils.java:logGet(43)) - raft.server.staging.catchup.gap = 1000 (default)
2019-07-13 20:38:06,149 INFO  server.RaftServerConfigKeys (ConfUtils.java:logGet(43)) - raft.server.rpc.sleep.time = 25ms (default)
2019-07-13 20:38:06,149 INFO  server.RaftServerConfigKeys (ConfUtils.java:logGet(43)) - raft.server.write.element-limit = 4096 (default)
2019-07-13 20:38:06,149 INFO  impl.LeaderElection (LeaderElection.java:logAndReturn(56)) - 31278a13-9f55-45e2-8070-d10d1ed70f22:group-526BA751D950:LeaderElection89: Election REJECTED; received 2 response(s) [31278a13-9f55-45e2-8070-d10d1ed70f22<-2b1dba72-76ce-479e-bfd9-d2d1840a5e57#0:FAIL-t1, 31278a13-9f55-45e2-8070-d10d1ed70f22<-e7c229a5-1cc5-44f9-aeda-838bc679e27e#0:FAIL-t1] and 0 exception(s); 31278a13-9f55-45e2-8070-d10d1ed70f22:t1, leader=null, voted=31278a13-9f55-45e2-8070-d10d1ed70f22, raftlog=31278a13-9f55-45e2-8070-d10d1ed70f22-SegmentedRaftLog:OPENED:c-1,f-1,i0, conf=-1: [2b1dba72-76ce-479e-bfd9-d2d1840a5e57:192.168.5.168:45504, e7c229a5-1cc5-44f9-aeda-838bc679e27e:192.168.5.168:35219, 31278a13-9f55-45e2-8070-d10d1ed70f22:192.168.5.168:46640], old=null
2019-07-13 20:38:06,149 INFO  server.RaftServerConfigKeys (ConfUtils.java:logGet(43)) - raft.server.watch.timeout = 10s (default)
2019-07-13 20:38:06,149 INFO  impl.RaftServerImpl (RaftServerImpl.java:setRole(171)) - 31278a13-9f55-45e2-8070-d10d1ed70f22:group-526BA751D950 changes role from CANDIDATE to FOLLOWER at term 1 for DISCOVERED_A_NEW_TERM
2019-07-13 20:38:06,149 INFO  server.RaftServerConfigKeys (ConfUtils.java:logGet(43)) - raft.server.watch.timeout.denomination = 1s (default)
2019-07-13 20:38:06,150 INFO  impl.LeaderElection (LeaderElection.java:logAndReturn(56)) - e7c229a5-1cc5-44f9-aeda-838bc679e27e:group-526BA751D950:LeaderElection90: Election REJECTED; received 2 response(s) [e7c229a5-1cc5-44f9-aeda-838bc679e27e<-2b1dba72-76ce-479e-bfd9-d2d1840a5e57#0:FAIL-t1, e7c229a5-1cc5-44f9-aeda-838bc679e27e<-31278a13-9f55-45e2-8070-d10d1ed70f22#0:FAIL-t1] and 0 exception(s); e7c229a5-1cc5-44f9-aeda-838bc679e27e:t1, leader=null, voted=e7c229a5-1cc5-44f9-aeda-838bc679e27e, raftlog=e7c229a5-1cc5-44f9-aeda-838bc679e27e-SegmentedRaftLog:OPENED:c-1,f-1,i0, conf=-1: [2b1dba72-76ce-479e-bfd9-d2d1840a5e57:192.168.5.168:45504, e7c229a5-1cc5-44f9-aeda-838bc679e27e:192.168.5.168:35219, 31278a13-9f55-45e2-8070-d10d1ed70f22:192.168.5.168:46640], old=null
2019-07-13 20:38:06,149 INFO  impl.RoleInfo (RoleInfo.java:shutdownLeaderElection(134)) - 31278a13-9f55-45e2-8070-d10d1ed70f22: shutdown LeaderElection
2019-07-13 20:38:06,150 INFO  impl.RaftServerImpl (RaftServerImpl.java:setRole(171)) - e7c229a5-1cc5-44f9-aeda-838bc679e27e:group-526BA751D950 changes role from CANDIDATE to FOLLOWER at term 1 for DISCOVERED_A_NEW_TERM
2019-07-13 20:38:06,150 INFO  impl.RoleInfo (RoleInfo.java:shutdownLeaderElection(134)) - e7c229a5-1cc5-44f9-aeda-838bc679e27e: shutdown LeaderElection
2019-07-13 20:38:06,150 INFO  server.RaftServerConfigKeys (ConfUtils.java:logGet(43)) - raft.server.watch.element-limit = 65536 (default)
2019-07-13 20:38:06,150 INFO  impl.RoleInfo (RoleInfo.java:updateAndGet(143)) - e7c229a5-1cc5-44f9-aeda-838bc679e27e: start FollowerState
2019-07-13 20:38:06,150 INFO  impl.RoleInfo (RoleInfo.java:updateAndGet(143)) - 31278a13-9f55-45e2-8070-d10d1ed70f22: start FollowerState
2019-07-13 20:38:06,150 INFO  impl.RoleInfo (RoleInfo.java:updateAndGet(143)) - e7c229a5-1cc5-44f9-aeda-838bc679e27e: start LeaderState
2019-07-13 20:38:06,151 INFO  segmented.SegmentedRaftLogWorker (SegmentedRaftLogWorker.java:startLogSegment(380)) - e7c229a5-1cc5-44f9-aeda-838bc679e27e-SegmentedRaftLogWorker:Storage Directory /tmp/workdir/hadoop-ozone/integration-test/target/test-dir/MiniOzoneClusterImpl-1f1962dc-bf0d-43a8-81db-407fa95944b0/datanode-2/data/ratis/158509c4-d5ec-45ff-b330-be92e8d527e2: Starting segment from index:0
2019-07-13 20:38:06,151 INFO  impl.RaftServerImpl (ServerState.java:setRaftConf(361)) - e7c229a5-1cc5-44f9-aeda-838bc679e27e:group-BE92E8D527E2 set configuration 0: [e7c229a5-1cc5-44f9-aeda-838bc679e27e:192.168.5.168:35219], old=null at 0
2019-07-13 20:38:06,174 INFO  impl.LeaderElection (LeaderElection.java:logAndReturn(56)) - 2b1dba72-76ce-479e-bfd9-d2d1840a5e57:group-526BA751D950:LeaderElection91: Election REJECTED; received 2 response(s) [2b1dba72-76ce-479e-bfd9-d2d1840a5e57<-e7c229a5-1cc5-44f9-aeda-838bc679e27e#0:FAIL-t1, 2b1dba72-76ce-479e-bfd9-d2d1840a5e57<-31278a13-9f55-45e2-8070-d10d1ed70f22#0:FAIL-t1] and 0 exception(s); 2b1dba72-76ce-479e-bfd9-d2d1840a5e57:t1, leader=null, voted=2b1dba72-76ce-479e-bfd9-d2d1840a5e57, raftlog=2b1dba72-76ce-479e-bfd9-d2d1840a5e57-SegmentedRaftLog:OPENED:c-1,f-1,i0, conf=-1: [2b1dba72-76ce-479e-bfd9-d2d1840a5e57:192.168.5.168:45504, e7c229a5-1cc5-44f9-aeda-838bc679e27e:192.168.5.168:35219, 31278a13-9f55-45e2-8070-d10d1ed70f22:192.168.5.168:46640], old=null
2019-07-13 20:38:06,174 INFO  impl.RaftServerImpl (RaftServerImpl.java:setRole(171)) - 2b1dba72-76ce-479e-bfd9-d2d1840a5e57:group-526BA751D950 changes role from CANDIDATE to FOLLOWER at term 1 for DISCOVERED_A_NEW_TERM
2019-07-13 20:38:06,174 INFO  impl.RoleInfo (RoleInfo.java:shutdownLeaderElection(134)) - 2b1dba72-76ce-479e-bfd9-d2d1840a5e57: shutdown LeaderElection
2019-07-13 20:38:06,174 INFO  impl.RoleInfo (RoleInfo.java:updateAndGet(143)) - 2b1dba72-76ce-479e-bfd9-d2d1840a5e57: start FollowerState
2019-07-13 20:38:06,178 INFO  segmented.SegmentedRaftLogWorker (SegmentedRaftLogWorker.java:execute(569)) - e7c229a5-1cc5-44f9-aeda-838bc679e27e-SegmentedRaftLogWorker:Storage Directory /tmp/workdir/hadoop-ozone/integration-test/target/test-dir/MiniOzoneClusterImpl-1f1962dc-bf0d-43a8-81db-407fa95944b0/datanode-2/data/ratis/158509c4-d5ec-45ff-b330-be92e8d527e2: created new log segment /tmp/workdir/hadoop-ozone/integration-test/target/test-dir/MiniOzoneClusterImpl-1f1962dc-bf0d-43a8-81db-407fa95944b0/datanode-2/data/ratis/158509c4-d5ec-45ff-b330-be92e8d527e2/current/log_inprogress_0
2019-07-13 20:38:06,191 INFO  impl.FollowerState (FollowerState.java:run(106)) - 875fe4f1-c2a4-463d-b92a-7c6961af5b75:group-5E600AEF6F09 changes to CANDIDATE, lastRpcTime:5035, electionTimeout:5024ms
2019-07-13 20:38:06,191 INFO  impl.RoleInfo (RoleInfo.java:shutdownFollowerState(121)) - 875fe4f1-c2a4-463d-b92a-7c6961af5b75: shutdown FollowerState
2019-07-13 20:38:06,191 INFO  impl.RaftServerImpl (RaftServerImpl.java:setRole(171)) - 875fe4f1-c2a4-463d-b92a-7c6961af5b75:group-5E600AEF6F09 changes role from FOLLOWER to CANDIDATE at term 0 for changeToCandidate
2019-07-13 20:38:06,191 INFO  impl.RoleInfo (RoleInfo.java:updateAndGet(143)) - 875fe4f1-c2a4-463d-b92a-7c6961af5b75: start LeaderElection
2019-07-13 20:38:06,211 INFO  impl.LeaderElection (LeaderElection.java:askForVotes(181)) - 875fe4f1-c2a4-463d-b92a-7c6961af5b75:group-5E600AEF6F09:LeaderElection93: begin an election at term 1 for -1: [875fe4f1-c2a4-463d-b92a-7c6961af5b75:192.168.5.168:43142], old=null
2019-07-13 20:38:06,211 INFO  impl.RoleInfo (RoleInfo.java:shutdownLeaderElection(134)) - 875fe4f1-c2a4-463d-b92a-7c6961af5b75: shutdown LeaderElection
2019-07-13 20:38:06,211 INFO  impl.RaftServerImpl (RaftServerImpl.java:setRole(171)) - 875fe4f1-c2a4-463d-b92a-7c6961af5b75:group-5E600AEF6F09 changes role from CANDIDATE to LEADER at term 1 for changeToLeader
2019-07-13 20:38:06,211 INFO  impl.RaftServerImpl (ServerState.java:setLeader(263)) - 875fe4f1-c2a4-463d-b92a-7c6961af5b75:group-5E600AEF6F09 change Leader from null to 875fe4f1-c2a4-463d-b92a-7c6961af5b75 at term 1 for becomeLeader, leader elected after 5060ms
2019-07-13 20:38:06,213 INFO  server.RaftServerConfigKeys (ConfUtils.java:logGet(43)) - raft.server.staging.catchup.gap = 1000 (default)
2019-07-13 20:38:06,214 INFO  server.RaftServerConfigKeys (ConfUtils.java:logGet(43)) - raft.server.rpc.sleep.time = 25ms (default)
2019-07-13 20:38:06,214 INFO  server.RaftServerConfigKeys (ConfUtils.java:logGet(43)) - raft.server.write.element-limit = 4096 (default)
2019-07-13 20:38:06,214 INFO  server.RaftServerConfigKeys (ConfUtils.java:logGet(43)) - raft.server.watch.timeout = 10s (default)
2019-07-13 20:38:06,214 INFO  server.RaftServerConfigKeys (ConfUtils.java:logGet(43)) - raft.server.watch.timeout.denomination = 1s (default)
2019-07-13 20:38:06,214 INFO  server.RaftServerConfigKeys (ConfUtils.java:logGet(43)) - raft.server.watch.element-limit = 65536 (default)
2019-07-13 20:38:06,214 INFO  impl.RoleInfo (RoleInfo.java:updateAndGet(143)) - 875fe4f1-c2a4-463d-b92a-7c6961af5b75: start LeaderState
2019-07-13 20:38:06,214 INFO  segmented.SegmentedRaftLogWorker (SegmentedRaftLogWorker.java:startLogSegment(380)) - 875fe4f1-c2a4-463d-b92a-7c6961af5b75-SegmentedRaftLogWorker:Storage Directory /tmp/workdir/hadoop-ozone/integration-test/target/test-dir/MiniOzoneClusterImpl-1f1962dc-bf0d-43a8-81db-407fa95944b0/datanode-3/data/ratis/d59ec666-9755-44d4-801b-5e600aef6f09: Starting segment from index:0
2019-07-13 20:38:06,215 INFO  impl.RaftServerImpl (ServerState.java:setRaftConf(361)) - 875fe4f1-c2a4-463d-b92a-7c6961af5b75:group-5E600AEF6F09 set configuration 0: [875fe4f1-c2a4-463d-b92a-7c6961af5b75:192.168.5.168:43142], old=null at 0
2019-07-13 20:38:06,241 INFO  segmented.SegmentedRaftLogWorker (SegmentedRaftLogWorker.java:execute(569)) - 875fe4f1-c2a4-463d-b92a-7c6961af5b75-SegmentedRaftLogWorker:Storage Directory /tmp/workdir/hadoop-ozone/integration-test/target/test-dir/MiniOzoneClusterImpl-1f1962dc-bf0d-43a8-81db-407fa95944b0/datanode-3/data/ratis/d59ec666-9755-44d4-801b-5e600aef6f09: created new log segment /tmp/workdir/hadoop-ozone/integration-test/target/test-dir/MiniOzoneClusterImpl-1f1962dc-bf0d-43a8-81db-407fa95944b0/datanode-3/data/ratis/d59ec666-9755-44d4-801b-5e600aef6f09/current/log_inprogress_0
2019-07-13 20:38:06,443 INFO  impl.FollowerState (FollowerState.java:run(106)) - f5735acc-57de-4427-a3b1-fc2c39969951:group-5A7807CAFCEF changes to CANDIDATE, lastRpcTime:5125, electionTimeout:5125ms
2019-07-13 20:38:06,443 INFO  impl.RoleInfo (RoleInfo.java:shutdownFollowerState(121)) - f5735acc-57de-4427-a3b1-fc2c39969951: shutdown FollowerState
2019-07-13 20:38:06,443 INFO  impl.RaftServerImpl (RaftServerImpl.java:setRole(171)) - f5735acc-57de-4427-a3b1-fc2c39969951:group-5A7807CAFCEF changes role from FOLLOWER to CANDIDATE at term 0 for changeToCandidate
2019-07-13 20:38:06,444 INFO  impl.RoleInfo (RoleInfo.java:updateAndGet(143)) - f5735acc-57de-4427-a3b1-fc2c39969951: start LeaderElection
2019-07-13 20:38:06,453 INFO  impl.LeaderElection (LeaderElection.java:askForVotes(181)) - f5735acc-57de-4427-a3b1-fc2c39969951:group-5A7807CAFCEF:LeaderElection94: begin an election at term 1 for -1: [f5735acc-57de-4427-a3b1-fc2c39969951:192.168.5.168:33915], old=null
2019-07-13 20:38:06,454 INFO  impl.RoleInfo (RoleInfo.java:shutdownLeaderElection(134)) - f5735acc-57de-4427-a3b1-fc2c39969951: shutdown LeaderElection
2019-07-13 20:38:06,454 INFO  impl.RaftServerImpl (RaftServerImpl.java:setRole(171)) - f5735acc-57de-4427-a3b1-fc2c39969951:group-5A7807CAFCEF changes role from CANDIDATE to LEADER at term 1 for changeToLeader
2019-07-13 20:38:06,454 INFO  impl.RaftServerImpl (ServerState.java:setLeader(263)) - f5735acc-57de-4427-a3b1-fc2c39969951:group-5A7807CAFCEF change Leader from null to f5735acc-57de-4427-a3b1-fc2c39969951 at term 1 for becomeLeader, leader elected after 5140ms
2019-07-13 20:38:06,456 INFO  server.RaftServerConfigKeys (ConfUtils.java:logGet(43)) - raft.server.staging.catchup.gap = 1000 (default)
2019-07-13 20:38:06,456 INFO  server.RaftServerConfigKeys (ConfUtils.java:logGet(43)) - raft.server.rpc.sleep.time = 25ms (default)
2019-07-13 20:38:06,457 INFO  server.RaftServerConfigKeys (ConfUtils.java:logGet(43)) - raft.server.write.element-limit = 4096 (default)
2019-07-13 20:38:06,457 INFO  server.RaftServerConfigKeys (ConfUtils.java:logGet(43)) - raft.server.watch.timeout = 10s (default)
2019-07-13 20:38:06,457 INFO  server.RaftServerConfigKeys (ConfUtils.java:logGet(43)) - raft.server.watch.timeout.denomination = 1s (default)
2019-07-13 20:38:06,457 INFO  server.RaftServerConfigKeys (ConfUtils.java:logGet(43)) - raft.server.watch.element-limit = 65536 (default)
2019-07-13 20:38:06,457 INFO  impl.RoleInfo (RoleInfo.java:updateAndGet(143)) - f5735acc-57de-4427-a3b1-fc2c39969951: start LeaderState
2019-07-13 20:38:06,457 INFO  segmented.SegmentedRaftLogWorker (SegmentedRaftLogWorker.java:startLogSegment(380)) - f5735acc-57de-4427-a3b1-fc2c39969951-SegmentedRaftLogWorker:Storage Directory /tmp/workdir/hadoop-ozone/integration-test/target/test-dir/MiniOzoneClusterImpl-1f1962dc-bf0d-43a8-81db-407fa95944b0/datanode-4/data/ratis/b18e0600-9ee9-4e1a-a456-5a7807cafcef: Starting segment from index:0
2019-07-13 20:38:06,458 INFO  impl.RaftServerImpl (ServerState.java:setRaftConf(361)) - f5735acc-57de-4427-a3b1-fc2c39969951:group-5A7807CAFCEF set configuration 0: [f5735acc-57de-4427-a3b1-fc2c39969951:192.168.5.168:33915], old=null at 0
2019-07-13 20:38:06,481 INFO  segmented.SegmentedRaftLogWorker (SegmentedRaftLogWorker.java:execute(569)) - f5735acc-57de-4427-a3b1-fc2c39969951-SegmentedRaftLogWorker:Storage Directory /tmp/workdir/hadoop-ozone/integration-test/target/test-dir/MiniOzoneClusterImpl-1f1962dc-bf0d-43a8-81db-407fa95944b0/datanode-4/data/ratis/b18e0600-9ee9-4e1a-a456-5a7807cafcef: created new log segment /tmp/workdir/hadoop-ozone/integration-test/target/test-dir/MiniOzoneClusterImpl-1f1962dc-bf0d-43a8-81db-407fa95944b0/datanode-4/data/ratis/b18e0600-9ee9-4e1a-a456-5a7807cafcef/current/log_inprogress_0
2019-07-13 20:38:06,621 INFO  impl.FollowerState (FollowerState.java:run(106)) - 68c54cb8-7b58-41e0-acca-8e491e4edd3d:group-17851D98E814 changes to CANDIDATE, lastRpcTime:5046, electionTimeout:5046ms
2019-07-13 20:38:06,621 INFO  impl.RoleInfo (RoleInfo.java:shutdownFollowerState(121)) - 68c54cb8-7b58-41e0-acca-8e491e4edd3d: shutdown FollowerState
2019-07-13 20:38:06,621 INFO  impl.RaftServerImpl (RaftServerImpl.java:setRole(171)) - 68c54cb8-7b58-41e0-acca-8e491e4edd3d:group-17851D98E814 changes role from FOLLOWER to CANDIDATE at term 0 for changeToCandidate
2019-07-13 20:38:06,621 INFO  impl.RoleInfo (RoleInfo.java:updateAndGet(143)) - 68c54cb8-7b58-41e0-acca-8e491e4edd3d: start LeaderElection
2019-07-13 20:38:06,627 INFO  impl.FollowerState (FollowerState.java:run(106)) - 68c54cb8-7b58-41e0-acca-8e491e4edd3d:group-8BC3B1C82D9D changes to CANDIDATE, lastRpcTime:5094, electionTimeout:5092ms
2019-07-13 20:38:06,627 INFO  impl.RoleInfo (RoleInfo.java:shutdownFollowerState(121)) - 68c54cb8-7b58-41e0-acca-8e491e4edd3d: shutdown FollowerState
2019-07-13 20:38:06,627 INFO  impl.RaftServerImpl (RaftServerImpl.java:setRole(171)) - 68c54cb8-7b58-41e0-acca-8e491e4edd3d:group-8BC3B1C82D9D changes role from FOLLOWER to CANDIDATE at term 0 for changeToCandidate
2019-07-13 20:38:06,627 INFO  impl.RoleInfo (RoleInfo.java:updateAndGet(143)) - 68c54cb8-7b58-41e0-acca-8e491e4edd3d: start LeaderElection
2019-07-13 20:38:06,639 INFO  impl.LeaderElection (LeaderElection.java:askForVotes(181)) - 68c54cb8-7b58-41e0-acca-8e491e4edd3d:group-8BC3B1C82D9D:LeaderElection96: begin an election at term 1 for -1: [68c54cb8-7b58-41e0-acca-8e491e4edd3d:192.168.5.168:39684], old=null
2019-07-13 20:38:06,639 INFO  impl.LeaderElection (LeaderElection.java:askForVotes(181)) - 68c54cb8-7b58-41e0-acca-8e491e4edd3d:group-17851D98E814:LeaderElection95: begin an election at term 1 for -1: [68c54cb8-7b58-41e0-acca-8e491e4edd3d:192.168.5.168:39684, f5735acc-57de-4427-a3b1-fc2c39969951:192.168.5.168:33915, 875fe4f1-c2a4-463d-b92a-7c6961af5b75:192.168.5.168:43142], old=null
2019-07-13 20:38:06,639 INFO  impl.RoleInfo (RoleInfo.java:shutdownLeaderElection(134)) - 68c54cb8-7b58-41e0-acca-8e491e4edd3d: shutdown LeaderElection
2019-07-13 20:38:06,640 INFO  impl.RaftServerImpl (RaftServerImpl.java:setRole(171)) - 68c54cb8-7b58-41e0-acca-8e491e4edd3d:group-8BC3B1C82D9D changes role from CANDIDATE to LEADER at term 1 for changeToLeader
2019-07-13 20:38:06,640 INFO  impl.RaftServerImpl (ServerState.java:setLeader(263)) - 68c54cb8-7b58-41e0-acca-8e491e4edd3d:group-8BC3B1C82D9D change Leader from null to 68c54cb8-7b58-41e0-acca-8e491e4edd3d at term 1 for becomeLeader, leader elected after 5111ms
2019-07-13 20:38:06,643 INFO  server.RaftServerConfigKeys (ConfUtils.java:logGet(43)) - raft.server.staging.catchup.gap = 1000 (default)
2019-07-13 20:38:06,643 INFO  server.RaftServerConfigKeys (ConfUtils.java:logGet(43)) - raft.server.rpc.sleep.time = 25ms (default)
2019-07-13 20:38:06,643 INFO  server.RaftServerConfigKeys (ConfUtils.java:logGet(43)) - raft.server.write.element-limit = 4096 (default)
2019-07-13 20:38:06,643 INFO  server.RaftServerConfigKeys (ConfUtils.java:logGet(43)) - raft.server.watch.timeout = 10s (default)
2019-07-13 20:38:06,643 INFO  server.RaftServerConfigKeys (ConfUtils.java:logGet(43)) - raft.server.watch.timeout.denomination = 1s (default)
2019-07-13 20:38:06,643 INFO  server.RaftServerConfigKeys (ConfUtils.java:logGet(43)) - raft.server.watch.element-limit = 65536 (default)
2019-07-13 20:38:06,644 INFO  impl.RoleInfo (RoleInfo.java:updateAndGet(143)) - 68c54cb8-7b58-41e0-acca-8e491e4edd3d: start LeaderState
2019-07-13 20:38:06,644 INFO  segmented.SegmentedRaftLogWorker (SegmentedRaftLogWorker.java:startLogSegment(380)) - 68c54cb8-7b58-41e0-acca-8e491e4edd3d-SegmentedRaftLogWorker:Storage Directory /tmp/workdir/hadoop-ozone/integration-test/target/test-dir/MiniOzoneClusterImpl-1f1962dc-bf0d-43a8-81db-407fa95944b0/datanode-5/data/ratis/a9b6f5cc-1ce6-4322-b3bc-8bc3b1c82d9d: Starting segment from index:0
2019-07-13 20:38:06,644 INFO  impl.RaftServerImpl (ServerState.java:setRaftConf(361)) - 68c54cb8-7b58-41e0-acca-8e491e4edd3d:group-8BC3B1C82D9D set configuration 0: [68c54cb8-7b58-41e0-acca-8e491e4edd3d:192.168.5.168:39684], old=null at 0
2019-07-13 20:38:06,649 INFO  impl.RaftServerImpl (RaftServerImpl.java:setRole(171)) - f5735acc-57de-4427-a3b1-fc2c39969951:group-17851D98E814 changes role from FOLLOWER to FOLLOWER at term 1 for recognizeCandidate:68c54cb8-7b58-41e0-acca-8e491e4edd3d
2019-07-13 20:38:06,649 INFO  impl.RaftServerImpl (RaftServerImpl.java:setRole(171)) - 875fe4f1-c2a4-463d-b92a-7c6961af5b75:group-17851D98E814 changes role from FOLLOWER to FOLLOWER at term 1 for recognizeCandidate:68c54cb8-7b58-41e0-acca-8e491e4edd3d
2019-07-13 20:38:06,649 INFO  impl.RoleInfo (RoleInfo.java:shutdownFollowerState(121)) - f5735acc-57de-4427-a3b1-fc2c39969951: shutdown FollowerState
2019-07-13 20:38:06,649 INFO  impl.RoleInfo (RoleInfo.java:shutdownFollowerState(121)) - 875fe4f1-c2a4-463d-b92a-7c6961af5b75: shutdown FollowerState
2019-07-13 20:38:06,650 INFO  impl.FollowerState (FollowerState.java:run(114)) - f5735acc-57de-4427-a3b1-fc2c39969951: FollowerState was interrupted: java.lang.InterruptedException: sleep interrupted
2019-07-13 20:38:06,650 INFO  impl.FollowerState (FollowerState.java:run(114)) - 875fe4f1-c2a4-463d-b92a-7c6961af5b75: FollowerState was interrupted: java.lang.InterruptedException: sleep interrupted
2019-07-13 20:38:06,650 INFO  impl.RoleInfo (RoleInfo.java:updateAndGet(143)) - f5735acc-57de-4427-a3b1-fc2c39969951: start FollowerState
2019-07-13 20:38:06,650 INFO  impl.RoleInfo (RoleInfo.java:updateAndGet(143)) - 875fe4f1-c2a4-463d-b92a-7c6961af5b75: start FollowerState
2019-07-13 20:38:06,672 INFO  segmented.SegmentedRaftLogWorker (SegmentedRaftLogWorker.java:execute(569)) - 68c54cb8-7b58-41e0-acca-8e491e4edd3d-SegmentedRaftLogWorker:Storage Directory /tmp/workdir/hadoop-ozone/integration-test/target/test-dir/MiniOzoneClusterImpl-1f1962dc-bf0d-43a8-81db-407fa95944b0/datanode-5/data/ratis/a9b6f5cc-1ce6-4322-b3bc-8bc3b1c82d9d: created new log segment /tmp/workdir/hadoop-ozone/integration-test/target/test-dir/MiniOzoneClusterImpl-1f1962dc-bf0d-43a8-81db-407fa95944b0/datanode-5/data/ratis/a9b6f5cc-1ce6-4322-b3bc-8bc3b1c82d9d/current/log_inprogress_0
2019-07-13 20:38:06,678 INFO  impl.LeaderElection (LeaderElection.java:logAndReturn(56)) - 68c54cb8-7b58-41e0-acca-8e491e4edd3d:group-17851D98E814:LeaderElection95: Election PASSED; received 1 response(s) [68c54cb8-7b58-41e0-acca-8e491e4edd3d<-875fe4f1-c2a4-463d-b92a-7c6961af5b75#0:OK-t1] and 0 exception(s); 68c54cb8-7b58-41e0-acca-8e491e4edd3d:t1, leader=null, voted=68c54cb8-7b58-41e0-acca-8e491e4edd3d, raftlog=68c54cb8-7b58-41e0-acca-8e491e4edd3d-SegmentedRaftLog:OPENED:c-1,f-1,i0, conf=-1: [68c54cb8-7b58-41e0-acca-8e491e4edd3d:192.168.5.168:39684, f5735acc-57de-4427-a3b1-fc2c39969951:192.168.5.168:33915, 875fe4f1-c2a4-463d-b92a-7c6961af5b75:192.168.5.168:43142], old=null
2019-07-13 20:38:06,679 INFO  impl.RoleInfo (RoleInfo.java:shutdownLeaderElection(134)) - 68c54cb8-7b58-41e0-acca-8e491e4edd3d: shutdown LeaderElection
2019-07-13 20:38:06,679 INFO  impl.RaftServerImpl (RaftServerImpl.java:setRole(171)) - 68c54cb8-7b58-41e0-acca-8e491e4edd3d:group-17851D98E814 changes role from CANDIDATE to LEADER at term 1 for changeToLeader
2019-07-13 20:38:06,679 INFO  impl.RaftServerImpl (ServerState.java:setLeader(263)) - 68c54cb8-7b58-41e0-acca-8e491e4edd3d:group-17851D98E814 change Leader from null to 68c54cb8-7b58-41e0-acca-8e491e4edd3d at term 1 for becomeLeader, leader elected after 5113ms
2019-07-13 20:38:06,679 INFO  server.RaftServerConfigKeys (ConfUtils.java:logGet(43)) - raft.server.staging.catchup.gap = 1000 (default)
2019-07-13 20:38:06,679 INFO  server.RaftServerConfigKeys (ConfUtils.java:logGet(43)) - raft.server.rpc.sleep.time = 25ms (default)
2019-07-13 20:38:06,679 INFO  server.RaftServerConfigKeys (ConfUtils.java:logGet(43)) - raft.server.write.element-limit = 4096 (default)
2019-07-13 20:38:06,679 INFO  server.RaftServerConfigKeys (ConfUtils.java:logGet(43)) - raft.server.watch.timeout = 10s (default)
2019-07-13 20:38:06,680 INFO  server.RaftServerConfigKeys (ConfUtils.java:logGet(43)) - raft.server.watch.timeout.denomination = 1s (default)
2019-07-13 20:38:06,680 INFO  server.RaftServerConfigKeys (ConfUtils.java:logGet(43)) - raft.server.watch.element-limit = 65536 (default)
2019-07-13 20:38:06,680 INFO  server.RaftServerConfigKeys (ConfUtils.java:logGet(43)) - raft.server.log.appender.snapshot.chunk.size.max = 16MB (=16777216) (default)
2019-07-13 20:38:06,680 INFO  server.RaftServerConfigKeys (ConfUtils.java:logGet(43)) - raft.server.log.appender.buffer.byte-limit = 33554432 (custom)
2019-07-13 20:38:06,680 INFO  server.RaftServerConfigKeys (ConfUtils.java:logGet(43)) - raft.server.log.appender.buffer.element-limit = 1 (custom)
2019-07-13 20:38:06,681 INFO  grpc.GrpcConfigKeys$Server (ConfUtils.java:logGet(43)) - raft.grpc.server.leader.outstanding.appends.max = 128 (default)
2019-07-13 20:38:06,681 INFO  server.RaftServerConfigKeys (ConfUtils.java:logGet(43)) - raft.server.rpc.request.timeout = 3000ms (default)
2019-07-13 20:38:06,681 INFO  server.RaftServerConfigKeys (ConfUtils.java:logGet(43)) - raft.server.log.appender.install.snapshot.enabled = false (custom)
2019-07-13 20:38:06,681 INFO  server.RaftServerConfigKeys (ConfUtils.java:logGet(43)) - raft.server.log.appender.snapshot.chunk.size.max = 16MB (=16777216) (default)
2019-07-13 20:38:06,681 INFO  server.RaftServerConfigKeys (ConfUtils.java:logGet(43)) - raft.server.log.appender.buffer.byte-limit = 33554432 (custom)
2019-07-13 20:38:06,681 INFO  server.RaftServerConfigKeys (ConfUtils.java:logGet(43)) - raft.server.log.appender.buffer.element-limit = 1 (custom)
2019-07-13 20:38:06,682 INFO  grpc.GrpcConfigKeys$Server (ConfUtils.java:logGet(43)) - raft.grpc.server.leader.outstanding.appends.max = 128 (default)
2019-07-13 20:38:06,682 INFO  server.RaftServerConfigKeys (ConfUtils.java:logGet(43)) - raft.server.rpc.request.timeout = 3000ms (default)
2019-07-13 20:38:06,682 INFO  server.RaftServerConfigKeys (ConfUtils.java:logGet(43)) - raft.server.log.appender.install.snapshot.enabled = false (custom)
2019-07-13 20:38:06,682 INFO  impl.RoleInfo (RoleInfo.java:updateAndGet(143)) - 68c54cb8-7b58-41e0-acca-8e491e4edd3d: start LeaderState
2019-07-13 20:38:06,682 INFO  segmented.SegmentedRaftLogWorker (SegmentedRaftLogWorker.java:startLogSegment(380)) - 68c54cb8-7b58-41e0-acca-8e491e4edd3d-SegmentedRaftLogWorker:Storage Directory /tmp/workdir/hadoop-ozone/integration-test/target/test-dir/MiniOzoneClusterImpl-1f1962dc-bf0d-43a8-81db-407fa95944b0/datanode-5/data/ratis/4c3a2686-683f-465b-bb6c-17851d98e814: Starting segment from index:0
2019-07-13 20:38:06,683 INFO  impl.RaftServerImpl (ServerState.java:setRaftConf(361)) - 68c54cb8-7b58-41e0-acca-8e491e4edd3d:group-17851D98E814 set configuration 0: [68c54cb8-7b58-41e0-acca-8e491e4edd3d:192.168.5.168:39684, f5735acc-57de-4427-a3b1-fc2c39969951:192.168.5.168:33915, 875fe4f1-c2a4-463d-b92a-7c6961af5b75:192.168.5.168:43142], old=null at 0
2019-07-13 20:38:06,685 INFO  impl.RaftServerImpl (ServerState.java:setLeader(263)) - 875fe4f1-c2a4-463d-b92a-7c6961af5b75:group-17851D98E814 change Leader from null to 68c54cb8-7b58-41e0-acca-8e491e4edd3d at term 1 for appendEntries, leader elected after 5120ms
2019-07-13 20:38:06,685 INFO  impl.RaftServerImpl (ServerState.java:setLeader(263)) - f5735acc-57de-4427-a3b1-fc2c39969951:group-17851D98E814 change Leader from null to 68c54cb8-7b58-41e0-acca-8e491e4edd3d at term 1 for appendEntries, leader elected after 5120ms
2019-07-13 20:38:06,707 INFO  impl.RaftServerImpl (ServerState.java:setRaftConf(361)) - 875fe4f1-c2a4-463d-b92a-7c6961af5b75:group-17851D98E814 set configuration 0: [68c54cb8-7b58-41e0-acca-8e491e4edd3d:192.168.5.168:39684, f5735acc-57de-4427-a3b1-fc2c39969951:192.168.5.168:33915, 875fe4f1-c2a4-463d-b92a-7c6961af5b75:192.168.5.168:43142], old=null at 0
2019-07-13 20:38:06,707 INFO  segmented.SegmentedRaftLogWorker (SegmentedRaftLogWorker.java:startLogSegment(380)) - 875fe4f1-c2a4-463d-b92a-7c6961af5b75-SegmentedRaftLogWorker:Storage Directory /tmp/workdir/hadoop-ozone/integration-test/target/test-dir/MiniOzoneClusterImpl-1f1962dc-bf0d-43a8-81db-407fa95944b0/datanode-3/data/ratis/4c3a2686-683f-465b-bb6c-17851d98e814: Starting segment from index:0
2019-07-13 20:38:06,707 INFO  impl.RaftServerImpl (ServerState.java:setRaftConf(361)) - f5735acc-57de-4427-a3b1-fc2c39969951:group-17851D98E814 set configuration 0: [68c54cb8-7b58-41e0-acca-8e491e4edd3d:192.168.5.168:39684, f5735acc-57de-4427-a3b1-fc2c39969951:192.168.5.168:33915, 875fe4f1-c2a4-463d-b92a-7c6961af5b75:192.168.5.168:43142], old=null at 0
2019-07-13 20:38:06,708 INFO  segmented.SegmentedRaftLogWorker (SegmentedRaftLogWorker.java:startLogSegment(380)) - f5735acc-57de-4427-a3b1-fc2c39969951-SegmentedRaftLogWorker:Storage Directory /tmp/workdir/hadoop-ozone/integration-test/target/test-dir/MiniOzoneClusterImpl-1f1962dc-bf0d-43a8-81db-407fa95944b0/datanode-4/data/ratis/4c3a2686-683f-465b-bb6c-17851d98e814: Starting segment from index:0
2019-07-13 20:38:06,711 INFO  segmented.SegmentedRaftLogWorker (SegmentedRaftLogWorker.java:execute(569)) - 68c54cb8-7b58-41e0-acca-8e491e4edd3d-SegmentedRaftLogWorker:Storage Directory /tmp/workdir/hadoop-ozone/integration-test/target/test-dir/MiniOzoneClusterImpl-1f1962dc-bf0d-43a8-81db-407fa95944b0/datanode-5/data/ratis/4c3a2686-683f-465b-bb6c-17851d98e814: created new log segment /tmp/workdir/hadoop-ozone/integration-test/target/test-dir/MiniOzoneClusterImpl-1f1962dc-bf0d-43a8-81db-407fa95944b0/datanode-5/data/ratis/4c3a2686-683f-465b-bb6c-17851d98e814/current/log_inprogress_0
2019-07-13 20:38:06,729 INFO  segmented.SegmentedRaftLogWorker (SegmentedRaftLogWorker.java:execute(569)) - 875fe4f1-c2a4-463d-b92a-7c6961af5b75-SegmentedRaftLogWorker:Storage Directory /tmp/workdir/hadoop-ozone/integration-test/target/test-dir/MiniOzoneClusterImpl-1f1962dc-bf0d-43a8-81db-407fa95944b0/datanode-3/data/ratis/4c3a2686-683f-465b-bb6c-17851d98e814: created new log segment /tmp/workdir/hadoop-ozone/integration-test/target/test-dir/MiniOzoneClusterImpl-1f1962dc-bf0d-43a8-81db-407fa95944b0/datanode-3/data/ratis/4c3a2686-683f-465b-bb6c-17851d98e814/current/log_inprogress_0
2019-07-13 20:38:06,731 INFO  segmented.SegmentedRaftLogWorker (SegmentedRaftLogWorker.java:execute(569)) - f5735acc-57de-4427-a3b1-fc2c39969951-SegmentedRaftLogWorker:Storage Directory /tmp/workdir/hadoop-ozone/integration-test/target/test-dir/MiniOzoneClusterImpl-1f1962dc-bf0d-43a8-81db-407fa95944b0/datanode-4/data/ratis/4c3a2686-683f-465b-bb6c-17851d98e814: created new log segment /tmp/workdir/hadoop-ozone/integration-test/target/test-dir/MiniOzoneClusterImpl-1f1962dc-bf0d-43a8-81db-407fa95944b0/datanode-4/data/ratis/4c3a2686-683f-465b-bb6c-17851d98e814/current/log_inprogress_0
2019-07-13 20:38:07,015 INFO  impl.FollowerState (FollowerState.java:run(106)) - 0650c02c-951a-413b-9329-3ac90d0b990b:group-AACDF548994E changes to CANDIDATE, lastRpcTime:5079, electionTimeout:5079ms
2019-07-13 20:38:07,016 INFO  impl.RoleInfo (RoleInfo.java:shutdownFollowerState(121)) - 0650c02c-951a-413b-9329-3ac90d0b990b: shutdown FollowerState
2019-07-13 20:38:07,016 INFO  impl.RaftServerImpl (RaftServerImpl.java:setRole(171)) - 0650c02c-951a-413b-9329-3ac90d0b990b:group-AACDF548994E changes role from FOLLOWER to CANDIDATE at term 0 for changeToCandidate
2019-07-13 20:38:07,016 INFO  impl.RoleInfo (RoleInfo.java:updateAndGet(143)) - 0650c02c-951a-413b-9329-3ac90d0b990b: start LeaderElection
2019-07-13 20:38:07,027 INFO  impl.LeaderElection (LeaderElection.java:askForVotes(181)) - 0650c02c-951a-413b-9329-3ac90d0b990b:group-AACDF548994E:LeaderElection97: begin an election at term 1 for -1: [0650c02c-951a-413b-9329-3ac90d0b990b:192.168.5.168:46451], old=null
2019-07-13 20:38:07,027 INFO  impl.RoleInfo (RoleInfo.java:shutdownLeaderElection(134)) - 0650c02c-951a-413b-9329-3ac90d0b990b: shutdown LeaderElection
2019-07-13 20:38:07,027 INFO  impl.RaftServerImpl (RaftServerImpl.java:setRole(171)) - 0650c02c-951a-413b-9329-3ac90d0b990b:group-AACDF548994E changes role from CANDIDATE to LEADER at term 1 for changeToLeader
2019-07-13 20:38:07,027 INFO  impl.RaftServerImpl (ServerState.java:setLeader(263)) - 0650c02c-951a-413b-9329-3ac90d0b990b:group-AACDF548994E change Leader from null to 0650c02c-951a-413b-9329-3ac90d0b990b at term 1 for becomeLeader, leader elected after 5095ms
2019-07-13 20:38:07,030 INFO  server.RaftServerConfigKeys (ConfUtils.java:logGet(43)) - raft.server.staging.catchup.gap = 1000 (default)
2019-07-13 20:38:07,030 INFO  server.RaftServerConfigKeys (ConfUtils.java:logGet(43)) - raft.server.rpc.sleep.time = 25ms (default)
2019-07-13 20:38:07,030 INFO  server.RaftServerConfigKeys (ConfUtils.java:logGet(43)) - raft.server.write.element-limit = 4096 (default)
2019-07-13 20:38:07,030 INFO  server.RaftServerConfigKeys (ConfUtils.java:logGet(43)) - raft.server.watch.timeout = 10s (default)
2019-07-13 20:38:07,030 INFO  server.RaftServerConfigKeys (ConfUtils.java:logGet(43)) - raft.server.watch.timeout.denomination = 1s (default)
2019-07-13 20:38:07,030 INFO  server.RaftServerConfigKeys (ConfUtils.java:logGet(43)) - raft.server.watch.element-limit = 65536 (default)
2019-07-13 20:38:07,030 INFO  impl.RoleInfo (RoleInfo.java:updateAndGet(143)) - 0650c02c-951a-413b-9329-3ac90d0b990b: start LeaderState
2019-07-13 20:38:07,031 INFO  segmented.SegmentedRaftLogWorker (SegmentedRaftLogWorker.java:startLogSegment(380)) - 0650c02c-951a-413b-9329-3ac90d0b990b-SegmentedRaftLogWorker:Storage Directory /tmp/workdir/hadoop-ozone/integration-test/target/test-dir/MiniOzoneClusterImpl-1f1962dc-bf0d-43a8-81db-407fa95944b0/datanode-6/data/ratis/e517f117-5491-4e48-b42a-aacdf548994e: Starting segment from index:0
2019-07-13 20:38:07,031 INFO  impl.RaftServerImpl (ServerState.java:setRaftConf(361)) - 0650c02c-951a-413b-9329-3ac90d0b990b:group-AACDF548994E set configuration 0: [0650c02c-951a-413b-9329-3ac90d0b990b:192.168.5.168:46451], old=null at 0
2019-07-13 20:38:07,054 INFO  segmented.SegmentedRaftLogWorker (SegmentedRaftLogWorker.java:execute(569)) - 0650c02c-951a-413b-9329-3ac90d0b990b-SegmentedRaftLogWorker:Storage Directory /tmp/workdir/hadoop-ozone/integration-test/target/test-dir/MiniOzoneClusterImpl-1f1962dc-bf0d-43a8-81db-407fa95944b0/datanode-6/data/ratis/e517f117-5491-4e48-b42a-aacdf548994e: created new log segment /tmp/workdir/hadoop-ozone/integration-test/target/test-dir/MiniOzoneClusterImpl-1f1962dc-bf0d-43a8-81db-407fa95944b0/datanode-6/data/ratis/e517f117-5491-4e48-b42a-aacdf548994e/current/log_inprogress_0
2019-07-13 20:38:07,054 INFO  client.GrpcClientProtocolClient (GrpcClientProtocolClient.java:onNext(255)) - client-3DE050E18FCA->f5735acc-57de-4427-a3b1-fc2c39969951: receive RaftClientReply:client-3DE050E18FCA->f5735acc-57de-4427-a3b1-fc2c39969951@group-17851D98E814, cid=242, FAILED org.apache.ratis.protocol.NotLeaderException: Server f5735acc-57de-4427-a3b1-fc2c39969951 is not the leader (68c54cb8-7b58-41e0-acca-8e491e4edd3d:192.168.5.168:39684). Request must be sent to leader., logIndex=0, commits[f5735acc-57de-4427-a3b1-fc2c39969951:c-1, 68c54cb8-7b58-41e0-acca-8e491e4edd3d:c-1, 875fe4f1-c2a4-463d-b92a-7c6961af5b75:c-1]
2019-07-13 20:38:07,142 INFO  client.GrpcClientProtocolClient (GrpcClientProtocolClient.java:onNext(255)) - client-3DE050E18FCA->68c54cb8-7b58-41e0-acca-8e491e4edd3d: receive RaftClientReply:client-3DE050E18FCA->68c54cb8-7b58-41e0-acca-8e491e4edd3d@group-17851D98E814, cid=242, SUCCESS, logIndex=1, commits[68c54cb8-7b58-41e0-acca-8e491e4edd3d:c1, f5735acc-57de-4427-a3b1-fc2c39969951:c0, 875fe4f1-c2a4-463d-b92a-7c6961af5b75:c-1]
2019-07-13 20:38:07,157 INFO  client.GrpcClientProtocolClient (GrpcClientProtocolClient.java:onNext(255)) - client-3DE050E18FCA->68c54cb8-7b58-41e0-acca-8e491e4edd3d: receive RaftClientReply:client-3DE050E18FCA->68c54cb8-7b58-41e0-acca-8e491e4edd3d@group-17851D98E814, cid=243, SUCCESS, logIndex=3, commits[68c54cb8-7b58-41e0-acca-8e491e4edd3d:c4, f5735acc-57de-4427-a3b1-fc2c39969951:c2, 875fe4f1-c2a4-463d-b92a-7c6961af5b75:c2]
2019-07-13 20:38:07,182 INFO  client.GrpcClientProtocolClient (GrpcClientProtocolClient.java:onNext(255)) - client-3DE050E18FCA->68c54cb8-7b58-41e0-acca-8e491e4edd3d: receive RaftClientReply:client-3DE050E18FCA->68c54cb8-7b58-41e0-acca-8e491e4edd3d@group-17851D98E814, cid=244, SUCCESS, logIndex=4, commits[68c54cb8-7b58-41e0-acca-8e491e4edd3d:c12, f5735acc-57de-4427-a3b1-fc2c39969951:c7, 875fe4f1-c2a4-463d-b92a-7c6961af5b75:c7]
2019-07-13 20:38:07,183 INFO  client.GrpcClientProtocolClient (GrpcClientProtocolClient.java:onNext(255)) - client-3DE050E18FCA->68c54cb8-7b58-41e0-acca-8e491e4edd3d: receive RaftClientReply:client-3DE050E18FCA->68c54cb8-7b58-41e0-acca-8e491e4edd3d@group-17851D98E814, cid=245, SUCCESS, logIndex=5, commits[68c54cb8-7b58-41e0-acca-8e491e4edd3d:c12, f5735acc-57de-4427-a3b1-fc2c39969951:c7, 875fe4f1-c2a4-463d-b92a-7c6961af5b75:c7]
2019-07-13 20:38:07,184 INFO  client.GrpcClientProtocolClient (GrpcClientProtocolClient.java:onNext(255)) - client-3DE050E18FCA->68c54cb8-7b58-41e0-acca-8e491e4edd3d: receive RaftClientReply:client-3DE050E18FCA->68c54cb8-7b58-41e0-acca-8e491e4edd3d@group-17851D98E814, cid=246, SUCCESS, logIndex=6, commits[68c54cb8-7b58-41e0-acca-8e491e4edd3d:c12, f5735acc-57de-4427-a3b1-fc2c39969951:c7, 875fe4f1-c2a4-463d-b92a-7c6961af5b75:c7]
2019-07-13 20:38:07,279 INFO  client.GrpcClientProtocolClient (GrpcClientProtocolClient.java:onNext(255)) - client-3DE050E18FCA->68c54cb8-7b58-41e0-acca-8e491e4edd3d: receive RaftClientReply:client-3DE050E18FCA->68c54cb8-7b58-41e0-acca-8e491e4edd3d@group-17851D98E814, cid=247, SUCCESS, logIndex=7, commits[68c54cb8-7b58-41e0-acca-8e491e4edd3d:c12, f5735acc-57de-4427-a3b1-fc2c39969951:c7, 875fe4f1-c2a4-463d-b92a-7c6961af5b75:c7]
2019-07-13 20:38:07,287 INFO  client.GrpcClientProtocolClient (GrpcClientProtocolClient.java:onNext(255)) - client-3DE050E18FCA->68c54cb8-7b58-41e0-acca-8e491e4edd3d: receive RaftClientReply:client-3DE050E18FCA->68c54cb8-7b58-41e0-acca-8e491e4edd3d@group-17851D98E814, cid=248, SUCCESS, logIndex=13, commits[68c54cb8-7b58-41e0-acca-8e491e4edd3d:c14, f5735acc-57de-4427-a3b1-fc2c39969951:c12, 875fe4f1-c2a4-463d-b92a-7c6961af5b75:c12]
2019-07-13 20:38:07,288 INFO  client.GrpcClientProtocolClient (GrpcClientProtocolClient.java:onNext(255)) - client-3DE050E18FCA->68c54cb8-7b58-41e0-acca-8e491e4edd3d: receive RaftClientReply:client-3DE050E18FCA->68c54cb8-7b58-41e0-acca-8e491e4edd3d@group-17851D98E814, cid=249, SUCCESS, logIndex=14, commits[68c54cb8-7b58-41e0-acca-8e491e4edd3d:c14, f5735acc-57de-4427-a3b1-fc2c39969951:c12, 875fe4f1-c2a4-463d-b92a-7c6961af5b75:c12]
2019-07-13 20:38:07,298 INFO  client.GrpcClientProtocolClient (GrpcClientProtocolClient.java:onNext(255)) - client-3DE050E18FCA->68c54cb8-7b58-41e0-acca-8e491e4edd3d: receive RaftClientReply:client-3DE050E18FCA->68c54cb8-7b58-41e0-acca-8e491e4edd3d@group-17851D98E814, cid=250, SUCCESS, logIndex=0, commits[68c54cb8-7b58-41e0-acca-8e491e4edd3d:c15, f5735acc-57de-4427-a3b1-fc2c39969951:c14, 875fe4f1-c2a4-463d-b92a-7c6961af5b75:c14]
2019-07-13 20:38:07,299 INFO  container.CloseContainerEventHandler (CloseContainerEventHandler.java:onMessage(61)) - Close container Event triggered for container : #1
2019-07-13 20:38:07,299 INFO  container.CloseContainerEventHandler (CloseContainerEventHandler.java:onMessage(61)) - Close container Event triggered for container : #1
2019-07-13 20:38:07,300 INFO  container.CloseContainerEventHandler (CloseContainerEventHandler.java:onMessage(61)) - Close container Event triggered for container : #1
2019-07-13 20:38:08,532 INFO  interfaces.Container (KeyValueContainer.java:compactDB(356)) - Container 1 is closed with bcsId 14.
2019-07-13 20:38:08,538 INFO  interfaces.Container (KeyValueContainer.java:compactDB(356)) - Container 1 is closed with bcsId 14.
2019-07-13 20:38:08,544 INFO  interfaces.Container (KeyValueContainer.java:compactDB(356)) - Container 1 is closed with bcsId 14.
20:38:08.801 [grpc-default-executor-5] ERROR DNAudit - user=null | ip=null | op=WRITE_CHUNK {blockData=conID: 1 locID: 102436063344721940 bcsId: 14} | ret=FAILURE
org.apache.hadoop.hdds.scm.container.common.helpers.ContainerNotOpenException: Container 1 in CLOSED state
	at org.apache.hadoop.ozone.container.common.impl.HddsDispatcher.validateContainerCommand(HddsDispatcher.java:408) ~[hadoop-hdds-container-service-0.5.0-SNAPSHOT.jar:?]
	at org.apache.hadoop.ozone.container.common.transport.server.ratis.ContainerStateMachine.startTransaction(ContainerStateMachine.java:271) ~[hadoop-hdds-container-service-0.5.0-SNAPSHOT.jar:?]
	at org.apache.ratis.server.impl.RaftServerImpl.submitClientRequestAsync(RaftServerImpl.java:566) ~[ratis-server-0.4.0-2337318-SNAPSHOT.jar:0.4.0-2337318-SNAPSHOT]
	at org.apache.ratis.server.impl.RaftServerProxy.lambda$submitClientRequestAsync$7(RaftServerProxy.java:333) ~[ratis-server-0.4.0-2337318-SNAPSHOT.jar:0.4.0-2337318-SNAPSHOT]
	at org.apache.ratis.server.impl.RaftServerProxy.lambda$null$5(RaftServerProxy.java:328) ~[ratis-server-0.4.0-2337318-SNAPSHOT.jar:0.4.0-2337318-SNAPSHOT]
	at org.apache.ratis.util.JavaUtils.callAsUnchecked(JavaUtils.java:109) ~[ratis-common-0.4.0-2337318-SNAPSHOT.jar:0.4.0-2337318-SNAPSHOT]
	at org.apache.ratis.server.impl.RaftServerProxy.lambda$submitRequest$6(RaftServerProxy.java:328) ~[ratis-server-0.4.0-2337318-SNAPSHOT.jar:0.4.0-2337318-SNAPSHOT]
	at java.util.concurrent.CompletableFuture.uniComposeStage(CompletableFuture.java:981) ~[?:1.8.0_212]
	at java.util.concurrent.CompletableFuture.thenCompose(CompletableFuture.java:2124) ~[?:1.8.0_212]
	at org.apache.ratis.server.impl.RaftServerProxy.submitRequest(RaftServerProxy.java:327) ~[ratis-server-0.4.0-2337318-SNAPSHOT.jar:0.4.0-2337318-SNAPSHOT]
	at org.apache.ratis.server.impl.RaftServerProxy.submitClientRequestAsync(RaftServerProxy.java:333) ~[ratis-server-0.4.0-2337318-SNAPSHOT.jar:0.4.0-2337318-SNAPSHOT]
	at org.apache.ratis.grpc.client.GrpcClientProtocolService$RequestStreamObserver.processClientRequest(GrpcClientProtocolService.java:220) ~[ratis-grpc-0.4.0-2337318-SNAPSHOT.jar:0.4.0-2337318-SNAPSHOT]
	at org.apache.ratis.grpc.client.GrpcClientProtocolService$OrderedRequestStreamObserver.processClientRequest(GrpcClientProtocolService.java:326) ~[ratis-grpc-0.4.0-2337318-SNAPSHOT.jar:0.4.0-2337318-SNAPSHOT]
	at org.apache.ratis.util.SlidingWindow$Server.processRequestsFromHead(SlidingWindow.java:429) [ratis-common-0.4.0-2337318-SNAPSHOT.jar:0.4.0-2337318-SNAPSHOT]
	at org.apache.ratis.util.SlidingWindow$Server.receivedRequest(SlidingWindow.java:421) [ratis-common-0.4.0-2337318-SNAPSHOT.jar:0.4.0-2337318-SNAPSHOT]
	at org.apache.ratis.grpc.client.GrpcClientProtocolService$OrderedRequestStreamObserver.processClientRequest(GrpcClientProtocolService.java:345) [ratis-grpc-0.4.0-2337318-SNAPSHOT.jar:0.4.0-2337318-SNAPSHOT]
	at org.apache.ratis.grpc.client.GrpcClientProtocolService$RequestStreamObserver.onNext(GrpcClientProtocolService.java:240) [ratis-grpc-0.4.0-2337318-SNAPSHOT.jar:0.4.0-2337318-SNAPSHOT]
	at org.apache.ratis.grpc.client.GrpcClientProtocolService$RequestStreamObserver.onNext(GrpcClientProtocolService.java:168) [ratis-grpc-0.4.0-2337318-SNAPSHOT.jar:0.4.0-2337318-SNAPSHOT]
	at org.apache.ratis.thirdparty.io.grpc.stub.ServerCalls$StreamingServerCallHandler$StreamingServerCallListener.onMessage(ServerCalls.java:248) [ratis-thirdparty-misc-0.2.0.jar:0.2.0]
	at org.apache.ratis.thirdparty.io.grpc.internal.ServerCallImpl$ServerStreamListenerImpl.messagesAvailable(ServerCallImpl.java:263) [ratis-thirdparty-misc-0.2.0.jar:0.2.0]
	at org.apache.ratis.thirdparty.io.grpc.internal.ServerImpl$JumpToApplicationThreadServerStreamListener$1MessagesAvailable.runInContext(ServerImpl.java:686) [ratis-thirdparty-misc-0.2.0.jar:0.2.0]
	at org.apache.ratis.thirdparty.io.grpc.internal.ContextRunnable.run(ContextRunnable.java:37) [ratis-thirdparty-misc-0.2.0.jar:0.2.0]
	at org.apache.ratis.thirdparty.io.grpc.internal.SerializingExecutor.run(SerializingExecutor.java:123) [ratis-thirdparty-misc-0.2.0.jar:0.2.0]
	at java.util.concurrent.ThreadPoolExecutor.runWorker(ThreadPoolExecutor.java:1149) [?:1.8.0_212]
	at java.util.concurrent.ThreadPoolExecutor$Worker.run(ThreadPoolExecutor.java:624) [?:1.8.0_212]
	at java.lang.Thread.run(Thread.java:748) [?:1.8.0_212]
20:38:08.811 [grpc-default-executor-5] ERROR DNAudit - user=null | ip=null | op=WRITE_CHUNK {blockData=conID: 1 locID: 102436063344721940 bcsId: 14} | ret=FAILURE
org.apache.hadoop.hdds.scm.container.common.helpers.ContainerNotOpenException: Container 1 in CLOSED state
	at org.apache.hadoop.ozone.container.common.impl.HddsDispatcher.validateContainerCommand(HddsDispatcher.java:408) ~[hadoop-hdds-container-service-0.5.0-SNAPSHOT.jar:?]
	at org.apache.hadoop.ozone.container.common.transport.server.ratis.ContainerStateMachine.startTransaction(ContainerStateMachine.java:271) ~[hadoop-hdds-container-service-0.5.0-SNAPSHOT.jar:?]
	at org.apache.ratis.server.impl.RaftServerImpl.submitClientRequestAsync(RaftServerImpl.java:566) ~[ratis-server-0.4.0-2337318-SNAPSHOT.jar:0.4.0-2337318-SNAPSHOT]
	at org.apache.ratis.server.impl.RaftServerProxy.lambda$submitClientRequestAsync$7(RaftServerProxy.java:333) ~[ratis-server-0.4.0-2337318-SNAPSHOT.jar:0.4.0-2337318-SNAPSHOT]
	at org.apache.ratis.server.impl.RaftServerProxy.lambda$null$5(RaftServerProxy.java:328) ~[ratis-server-0.4.0-2337318-SNAPSHOT.jar:0.4.0-2337318-SNAPSHOT]
	at org.apache.ratis.util.JavaUtils.callAsUnchecked(JavaUtils.java:109) ~[ratis-common-0.4.0-2337318-SNAPSHOT.jar:0.4.0-2337318-SNAPSHOT]
	at org.apache.ratis.server.impl.RaftServerProxy.lambda$submitRequest$6(RaftServerProxy.java:328) ~[ratis-server-0.4.0-2337318-SNAPSHOT.jar:0.4.0-2337318-SNAPSHOT]
	at java.util.concurrent.CompletableFuture.uniComposeStage(CompletableFuture.java:981) ~[?:1.8.0_212]
	at java.util.concurrent.CompletableFuture.thenCompose(CompletableFuture.java:2124) ~[?:1.8.0_212]
	at org.apache.ratis.server.impl.RaftServerProxy.submitRequest(RaftServerProxy.java:327) ~[ratis-server-0.4.0-2337318-SNAPSHOT.jar:0.4.0-2337318-SNAPSHOT]
	at org.apache.ratis.server.impl.RaftServerProxy.submitClientRequestAsync(RaftServerProxy.java:333) ~[ratis-server-0.4.0-2337318-SNAPSHOT.jar:0.4.0-2337318-SNAPSHOT]
	at org.apache.ratis.grpc.client.GrpcClientProtocolService$RequestStreamObserver.processClientRequest(GrpcClientProtocolService.java:220) ~[ratis-grpc-0.4.0-2337318-SNAPSHOT.jar:0.4.0-2337318-SNAPSHOT]
	at org.apache.ratis.grpc.client.GrpcClientProtocolService$OrderedRequestStreamObserver.processClientRequest(GrpcClientProtocolService.java:326) ~[ratis-grpc-0.4.0-2337318-SNAPSHOT.jar:0.4.0-2337318-SNAPSHOT]
	at org.apache.ratis.util.SlidingWindow$Server.processRequestsFromHead(SlidingWindow.java:429) [ratis-common-0.4.0-2337318-SNAPSHOT.jar:0.4.0-2337318-SNAPSHOT]
	at org.apache.ratis.util.SlidingWindow$Server.receivedRequest(SlidingWindow.java:421) [ratis-common-0.4.0-2337318-SNAPSHOT.jar:0.4.0-2337318-SNAPSHOT]
	at org.apache.ratis.grpc.client.GrpcClientProtocolService$OrderedRequestStreamObserver.processClientRequest(GrpcClientProtocolService.java:345) [ratis-grpc-0.4.0-2337318-SNAPSHOT.jar:0.4.0-2337318-SNAPSHOT]
	at org.apache.ratis.grpc.client.GrpcClientProtocolService$RequestStreamObserver.onNext(GrpcClientProtocolService.java:240) [ratis-grpc-0.4.0-2337318-SNAPSHOT.jar:0.4.0-2337318-SNAPSHOT]
	at org.apache.ratis.grpc.client.GrpcClientProtocolService$RequestStreamObserver.onNext(GrpcClientProtocolService.java:168) [ratis-grpc-0.4.0-2337318-SNAPSHOT.jar:0.4.0-2337318-SNAPSHOT]
	at org.apache.ratis.thirdparty.io.grpc.stub.ServerCalls$StreamingServerCallHandler$StreamingServerCallListener.onMessage(ServerCalls.java:248) [ratis-thirdparty-misc-0.2.0.jar:0.2.0]
	at org.apache.ratis.thirdparty.io.grpc.internal.ServerCallImpl$ServerStreamListenerImpl.messagesAvailable(ServerCallImpl.java:263) [ratis-thirdparty-misc-0.2.0.jar:0.2.0]
	at org.apache.ratis.thirdparty.io.grpc.internal.ServerImpl$JumpToApplicationThreadServerStreamListener$1MessagesAvailable.runInContext(ServerImpl.java:686) [ratis-thirdparty-misc-0.2.0.jar:0.2.0]
	at org.apache.ratis.thirdparty.io.grpc.internal.ContextRunnable.run(ContextRunnable.java:37) [ratis-thirdparty-misc-0.2.0.jar:0.2.0]
	at org.apache.ratis.thirdparty.io.grpc.internal.SerializingExecutor.run(SerializingExecutor.java:123) [ratis-thirdparty-misc-0.2.0.jar:0.2.0]
	at java.util.concurrent.ThreadPoolExecutor.runWorker(ThreadPoolExecutor.java:1149) [?:1.8.0_212]
	at java.util.concurrent.ThreadPoolExecutor$Worker.run(ThreadPoolExecutor.java:624) [?:1.8.0_212]
	at java.lang.Thread.run(Thread.java:748) [?:1.8.0_212]
2019-07-13 20:38:08,826 INFO  client.GrpcClientProtocolClient (GrpcClientProtocolClient.java:onNext(255)) - client-3DE050E18FCA->68c54cb8-7b58-41e0-acca-8e491e4edd3d: receive RaftClientReply:client-3DE050E18FCA->68c54cb8-7b58-41e0-acca-8e491e4edd3d@group-17851D98E814, cid=251, FAILED org.apache.ratis.protocol.StateMachineException: org.apache.hadoop.hdds.scm.container.common.helpers.ContainerNotOpenException from Server 68c54cb8-7b58-41e0-acca-8e491e4edd3d: Container 1 in CLOSED state, logIndex=0, commits[68c54cb8-7b58-41e0-acca-8e491e4edd3d:c18, f5735acc-57de-4427-a3b1-fc2c39969951:c17, 875fe4f1-c2a4-463d-b92a-7c6961af5b75:c17]
2019-07-13 20:38:08,828 INFO  client.GrpcClientProtocolClient (GrpcClientProtocolClient.java:onNext(255)) - client-3DE050E18FCA->68c54cb8-7b58-41e0-acca-8e491e4edd3d: receive RaftClientReply:client-3DE050E18FCA->68c54cb8-7b58-41e0-acca-8e491e4edd3d@group-17851D98E814, cid=252, FAILED org.apache.ratis.protocol.StateMachineException: org.apache.hadoop.hdds.scm.container.common.helpers.ContainerNotOpenException from Server 68c54cb8-7b58-41e0-acca-8e491e4edd3d: Container 1 in CLOSED state, logIndex=0, commits[68c54cb8-7b58-41e0-acca-8e491e4edd3d:c18, f5735acc-57de-4427-a3b1-fc2c39969951:c17, 875fe4f1-c2a4-463d-b92a-7c6961af5b75:c17]
20:38:08.827 [grpc-default-executor-5] ERROR DNAudit - user=null | ip=null | op=PUT_BLOCK {blockData=[blockId=conID: 1 locID: 102436063344721940 bcsId: 0,size=650]} | ret=FAILURE
org.apache.hadoop.hdds.scm.container.common.helpers.ContainerNotOpenException: Container 1 in CLOSED state
	at org.apache.hadoop.ozone.container.common.impl.HddsDispatcher.validateContainerCommand(HddsDispatcher.java:408) ~[hadoop-hdds-container-service-0.5.0-SNAPSHOT.jar:?]
	at org.apache.hadoop.ozone.container.common.transport.server.ratis.ContainerStateMachine.startTransaction(ContainerStateMachine.java:271) ~[hadoop-hdds-container-service-0.5.0-SNAPSHOT.jar:?]
	at org.apache.ratis.server.impl.RaftServerImpl.submitClientRequestAsync(RaftServerImpl.java:566) ~[ratis-server-0.4.0-2337318-SNAPSHOT.jar:0.4.0-2337318-SNAPSHOT]
	at org.apache.ratis.server.impl.RaftServerProxy.lambda$submitClientRequestAsync$7(RaftServerProxy.java:333) ~[ratis-server-0.4.0-2337318-SNAPSHOT.jar:0.4.0-2337318-SNAPSHOT]
	at org.apache.ratis.server.impl.RaftServerProxy.lambda$null$5(RaftServerProxy.java:328) ~[ratis-server-0.4.0-2337318-SNAPSHOT.jar:0.4.0-2337318-SNAPSHOT]
	at org.apache.ratis.util.JavaUtils.callAsUnchecked(JavaUtils.java:109) ~[ratis-common-0.4.0-2337318-SNAPSHOT.jar:0.4.0-2337318-SNAPSHOT]
	at org.apache.ratis.server.impl.RaftServerProxy.lambda$submitRequest$6(RaftServerProxy.java:328) ~[ratis-server-0.4.0-2337318-SNAPSHOT.jar:0.4.0-2337318-SNAPSHOT]
	at java.util.concurrent.CompletableFuture.uniComposeStage(CompletableFuture.java:981) ~[?:1.8.0_212]
	at java.util.concurrent.CompletableFuture.thenCompose(CompletableFuture.java:2124) ~[?:1.8.0_212]
	at org.apache.ratis.server.impl.RaftServerProxy.submitRequest(RaftServerProxy.java:327) ~[ratis-server-0.4.0-2337318-SNAPSHOT.jar:0.4.0-2337318-SNAPSHOT]
	at org.apache.ratis.server.impl.RaftServerProxy.submitClientRequestAsync(RaftServerProxy.java:333) ~[ratis-server-0.4.0-2337318-SNAPSHOT.jar:0.4.0-2337318-SNAPSHOT]
	at org.apache.ratis.grpc.client.GrpcClientProtocolService$RequestStreamObserver.processClientRequest(GrpcClientProtocolService.java:220) ~[ratis-grpc-0.4.0-2337318-SNAPSHOT.jar:0.4.0-2337318-SNAPSHOT]
	at org.apache.ratis.grpc.client.GrpcClientProtocolService$OrderedRequestStreamObserver.processClientRequest(GrpcClientProtocolService.java:326) ~[ratis-grpc-0.4.0-2337318-SNAPSHOT.jar:0.4.0-2337318-SNAPSHOT]
	at org.apache.ratis.util.SlidingWindow$Server.processRequestsFromHead(SlidingWindow.java:429) [ratis-common-0.4.0-2337318-SNAPSHOT.jar:0.4.0-2337318-SNAPSHOT]
	at org.apache.ratis.util.SlidingWindow$Server.receivedRequest(SlidingWindow.java:421) [ratis-common-0.4.0-2337318-SNAPSHOT.jar:0.4.0-2337318-SNAPSHOT]
	at org.apache.ratis.grpc.client.GrpcClientProtocolService$OrderedRequestStreamObserver.processClientRequest(GrpcClientProtocolService.java:345) [ratis-grpc-0.4.0-2337318-SNAPSHOT.jar:0.4.0-2337318-SNAPSHOT]
	at org.apache.ratis.grpc.client.GrpcClientProtocolService$RequestStreamObserver.onNext(GrpcClientProtocolService.java:240) [ratis-grpc-0.4.0-2337318-SNAPSHOT.jar:0.4.0-2337318-SNAPSHOT]
	at org.apache.ratis.grpc.client.GrpcClientProtocolService$RequestStreamObserver.onNext(GrpcClientProtocolService.java:168) [ratis-grpc-0.4.0-2337318-SNAPSHOT.jar:0.4.0-2337318-SNAPSHOT]
	at org.apache.ratis.thirdparty.io.grpc.stub.ServerCalls$StreamingServerCallHandler$StreamingServerCallListener.onMessage(ServerCalls.java:248) [ratis-thirdparty-misc-0.2.0.jar:0.2.0]
	at org.apache.ratis.thirdparty.io.grpc.internal.ServerCallImpl$ServerStreamListenerImpl.messagesAvailable(ServerCallImpl.java:263) [ratis-thirdparty-misc-0.2.0.jar:0.2.0]
	at org.apache.ratis.thirdparty.io.grpc.internal.ServerImpl$JumpToApplicationThreadServerStreamListener$1MessagesAvailable.runInContext(ServerImpl.java:686) [ratis-thirdparty-misc-0.2.0.jar:0.2.0]
	at org.apache.ratis.thirdparty.io.grpc.internal.ContextRunnable.run(ContextRunnable.java:37) [ratis-thirdparty-misc-0.2.0.jar:0.2.0]
	at org.apache.ratis.thirdparty.io.grpc.internal.SerializingExecutor.run(SerializingExecutor.java:123) [ratis-thirdparty-misc-0.2.0.jar:0.2.0]
	at java.util.concurrent.ThreadPoolExecutor.runWorker(ThreadPoolExecutor.java:1149) [?:1.8.0_212]
	at java.util.concurrent.ThreadPoolExecutor$Worker.run(ThreadPoolExecutor.java:624) [?:1.8.0_212]
	at java.lang.Thread.run(Thread.java:748) [?:1.8.0_212]
20:38:08.834 [grpc-default-executor-5] ERROR DNAudit - user=null | ip=null | op=WRITE_CHUNK {blockData=conID: 1 locID: 102436063344721940 bcsId: 14} | ret=FAILURE
org.apache.hadoop.hdds.scm.container.common.helpers.ContainerNotOpenException: Container 1 in CLOSED state
	at org.apache.hadoop.ozone.container.common.impl.HddsDispatcher.validateContainerCommand(HddsDispatcher.java:408) ~[hadoop-hdds-container-service-0.5.0-SNAPSHOT.jar:?]
	at org.apache.hadoop.ozone.container.common.transport.server.ratis.ContainerStateMachine.startTransaction(ContainerStateMachine.java:271) ~[hadoop-hdds-container-service-0.5.0-SNAPSHOT.jar:?]
	at org.apache.ratis.server.impl.RaftServerImpl.submitClientRequestAsync(RaftServerImpl.java:566) ~[ratis-server-0.4.0-2337318-SNAPSHOT.jar:0.4.0-2337318-SNAPSHOT]
	at org.apache.ratis.server.impl.RaftServerProxy.lambda$submitClientRequestAsync$7(RaftServerProxy.java:333) ~[ratis-server-0.4.0-2337318-SNAPSHOT.jar:0.4.0-2337318-SNAPSHOT]
	at org.apache.ratis.server.impl.RaftServerProxy.lambda$null$5(RaftServerProxy.java:328) ~[ratis-server-0.4.0-2337318-SNAPSHOT.jar:0.4.0-2337318-SNAPSHOT]
	at org.apache.ratis.util.JavaUtils.callAsUnchecked(JavaUtils.java:109) ~[ratis-common-0.4.0-2337318-SNAPSHOT.jar:0.4.0-2337318-SNAPSHOT]
	at org.apache.ratis.server.impl.RaftServerProxy.lambda$submitRequest$6(RaftServerProxy.java:328) ~[ratis-server-0.4.0-2337318-SNAPSHOT.jar:0.4.0-2337318-SNAPSHOT]
	at java.util.concurrent.CompletableFuture.uniComposeStage(CompletableFuture.java:981) ~[?:1.8.0_212]
	at java.util.concurrent.CompletableFuture.thenCompose(CompletableFuture.java:2124) ~[?:1.8.0_212]
	at org.apache.ratis.server.impl.RaftServerProxy.submitRequest(RaftServerProxy.java:327) ~[ratis-server-0.4.0-2337318-SNAPSHOT.jar:0.4.0-2337318-SNAPSHOT]
	at org.apache.ratis.server.impl.RaftServerProxy.submitClientRequestAsync(RaftServerProxy.java:333) ~[ratis-server-0.4.0-2337318-SNAPSHOT.jar:0.4.0-2337318-SNAPSHOT]
	at org.apache.ratis.grpc.client.GrpcClientProtocolService$RequestStreamObserver.processClientRequest(GrpcClientProtocolService.java:220) ~[ratis-grpc-0.4.0-2337318-SNAPSHOT.jar:0.4.0-2337318-SNAPSHOT]
	at org.apache.ratis.grpc.client.GrpcClientProtocolService$OrderedRequestStreamObserver.processClientRequest(GrpcClientProtocolService.java:326) ~[ratis-grpc-0.4.0-2337318-SNAPSHOT.jar:0.4.0-2337318-SNAPSHOT]
	at org.apache.ratis.util.SlidingWindow$Server.processRequestsFromHead(SlidingWindow.java:429) [ratis-common-0.4.0-2337318-SNAPSHOT.jar:0.4.0-2337318-SNAPSHOT]
	at org.apache.ratis.util.SlidingWindow$Server.receivedRequest(SlidingWindow.java:421) [ratis-common-0.4.0-2337318-SNAPSHOT.jar:0.4.0-2337318-SNAPSHOT]
	at org.apache.ratis.grpc.client.GrpcClientProtocolService$OrderedRequestStreamObserver.processClientRequest(GrpcClientProtocolService.java:345) [ratis-grpc-0.4.0-2337318-SNAPSHOT.jar:0.4.0-2337318-SNAPSHOT]
	at org.apache.ratis.grpc.client.GrpcClientProtocolService$RequestStreamObserver.onNext(GrpcClientProtocolService.java:240) [ratis-grpc-0.4.0-2337318-SNAPSHOT.jar:0.4.0-2337318-SNAPSHOT]
	at org.apache.ratis.grpc.client.GrpcClientProtocolService$RequestStreamObserver.onNext(GrpcClientProtocolService.java:168) [ratis-grpc-0.4.0-2337318-SNAPSHOT.jar:0.4.0-2337318-SNAPSHOT]
	at org.apache.ratis.thirdparty.io.grpc.stub.ServerCalls$StreamingServerCallHandler$StreamingServerCallListener.onMessage(ServerCalls.java:248) [ratis-thirdparty-misc-0.2.0.jar:0.2.0]
	at org.apache.ratis.thirdparty.io.grpc.internal.ServerCallImpl$ServerStreamListenerImpl.messagesAvailable(ServerCallImpl.java:263) [ratis-thirdparty-misc-0.2.0.jar:0.2.0]
	at org.apache.ratis.thirdparty.io.grpc.internal.ServerImpl$JumpToApplicationThreadServerStreamListener$1MessagesAvailable.runInContext(ServerImpl.java:686) [ratis-thirdparty-misc-0.2.0.jar:0.2.0]
	at org.apache.ratis.thirdparty.io.grpc.internal.ContextRunnable.run(ContextRunnable.java:37) [ratis-thirdparty-misc-0.2.0.jar:0.2.0]
	at org.apache.ratis.thirdparty.io.grpc.internal.SerializingExecutor.run(SerializingExecutor.java:123) [ratis-thirdparty-misc-0.2.0.jar:0.2.0]
	at java.util.concurrent.ThreadPoolExecutor.runWorker(ThreadPoolExecutor.java:1149) [?:1.8.0_212]
	at java.util.concurrent.ThreadPoolExecutor$Worker.run(ThreadPoolExecutor.java:624) [?:1.8.0_212]
	at java.lang.Thread.run(Thread.java:748) [?:1.8.0_212]
2019-07-13 20:38:08,835 INFO  client.GrpcClientProtocolClient (GrpcClientProtocolClient.java:onNext(255)) - client-3DE050E18FCA->68c54cb8-7b58-41e0-acca-8e491e4edd3d: receive RaftClientReply:client-3DE050E18FCA->68c54cb8-7b58-41e0-acca-8e491e4edd3d@group-17851D98E814, cid=253, FAILED org.apache.ratis.protocol.StateMachineException: org.apache.hadoop.hdds.scm.container.common.helpers.ContainerNotOpenException from Server 68c54cb8-7b58-41e0-acca-8e491e4edd3d: Container 1 in CLOSED state, logIndex=0, commits[68c54cb8-7b58-41e0-acca-8e491e4edd3d:c18, f5735acc-57de-4427-a3b1-fc2c39969951:c17, 875fe4f1-c2a4-463d-b92a-7c6961af5b75:c17]
2019-07-13 20:38:08,841 INFO  client.GrpcClientProtocolClient (GrpcClientProtocolClient.java:onNext(255)) - client-3DE050E18FCA->68c54cb8-7b58-41e0-acca-8e491e4edd3d: receive RaftClientReply:client-3DE050E18FCA->68c54cb8-7b58-41e0-acca-8e491e4edd3d@group-17851D98E814, cid=254, FAILED org.apache.ratis.protocol.StateMachineException: org.apache.hadoop.hdds.scm.container.common.helpers.ContainerNotOpenException from Server 68c54cb8-7b58-41e0-acca-8e491e4edd3d: Container 1 in CLOSED state, logIndex=0, commits[68c54cb8-7b58-41e0-acca-8e491e4edd3d:c18, f5735acc-57de-4427-a3b1-fc2c39969951:c17, 875fe4f1-c2a4-463d-b92a-7c6961af5b75:c17]
20:38:08.840 [grpc-default-executor-5] ERROR DNAudit - user=null | ip=null | op=WRITE_CHUNK {blockData=conID: 1 locID: 102436063344721940 bcsId: 14} | ret=FAILURE
org.apache.hadoop.hdds.scm.container.common.helpers.ContainerNotOpenException: Container 1 in CLOSED state
	at org.apache.hadoop.ozone.container.common.impl.HddsDispatcher.validateContainerCommand(HddsDispatcher.java:408) ~[hadoop-hdds-container-service-0.5.0-SNAPSHOT.jar:?]
	at org.apache.hadoop.ozone.container.common.transport.server.ratis.ContainerStateMachine.startTransaction(ContainerStateMachine.java:271) ~[hadoop-hdds-container-service-0.5.0-SNAPSHOT.jar:?]
	at org.apache.ratis.server.impl.RaftServerImpl.submitClientRequestAsync(RaftServerImpl.java:566) ~[ratis-server-0.4.0-2337318-SNAPSHOT.jar:0.4.0-2337318-SNAPSHOT]
	at org.apache.ratis.server.impl.RaftServerProxy.lambda$submitClientRequestAsync$7(RaftServerProxy.java:333) ~[ratis-server-0.4.0-2337318-SNAPSHOT.jar:0.4.0-2337318-SNAPSHOT]
	at org.apache.ratis.server.impl.RaftServerProxy.lambda$null$5(RaftServerProxy.java:328) ~[ratis-server-0.4.0-2337318-SNAPSHOT.jar:0.4.0-2337318-SNAPSHOT]
	at org.apache.ratis.util.JavaUtils.callAsUnchecked(JavaUtils.java:109) ~[ratis-common-0.4.0-2337318-SNAPSHOT.jar:0.4.0-2337318-SNAPSHOT]
	at org.apache.ratis.server.impl.RaftServerProxy.lambda$submitRequest$6(RaftServerProxy.java:328) ~[ratis-server-0.4.0-2337318-SNAPSHOT.jar:0.4.0-2337318-SNAPSHOT]
	at java.util.concurrent.CompletableFuture.uniComposeStage(CompletableFuture.java:981) ~[?:1.8.0_212]
	at java.util.concurrent.CompletableFuture.thenCompose(CompletableFuture.java:2124) ~[?:1.8.0_212]
	at org.apache.ratis.server.impl.RaftServerProxy.submitRequest(RaftServerProxy.java:327) ~[ratis-server-0.4.0-2337318-SNAPSHOT.jar:0.4.0-2337318-SNAPSHOT]
	at org.apache.ratis.server.impl.RaftServerProxy.submitClientRequestAsync(RaftServerProxy.java:333) ~[ratis-server-0.4.0-2337318-SNAPSHOT.jar:0.4.0-2337318-SNAPSHOT]
	at org.apache.ratis.grpc.client.GrpcClientProtocolService$RequestStreamObserver.processClientRequest(GrpcClientProtocolService.java:220) ~[ratis-grpc-0.4.0-2337318-SNAPSHOT.jar:0.4.0-2337318-SNAPSHOT]
	at org.apache.ratis.grpc.client.GrpcClientProtocolService$OrderedRequestStreamObserver.processClientRequest(GrpcClientProtocolService.java:326) ~[ratis-grpc-0.4.0-2337318-SNAPSHOT.jar:0.4.0-2337318-SNAPSHOT]
	at org.apache.ratis.util.SlidingWindow$Server.processRequestsFromHead(SlidingWindow.java:429) [ratis-common-0.4.0-2337318-SNAPSHOT.jar:0.4.0-2337318-SNAPSHOT]
	at org.apache.ratis.util.SlidingWindow$Server.receivedRequest(SlidingWindow.java:421) [ratis-common-0.4.0-2337318-SNAPSHOT.jar:0.4.0-2337318-SNAPSHOT]
	at org.apache.ratis.grpc.client.GrpcClientProtocolService$OrderedRequestStreamObserver.processClientRequest(GrpcClientProtocolService.java:345) [ratis-grpc-0.4.0-2337318-SNAPSHOT.jar:0.4.0-2337318-SNAPSHOT]
	at org.apache.ratis.grpc.client.GrpcClientProtocolService$RequestStreamObserver.onNext(GrpcClientProtocolService.java:240) [ratis-grpc-0.4.0-2337318-SNAPSHOT.jar:0.4.0-2337318-SNAPSHOT]
	at org.apache.ratis.grpc.client.GrpcClientProtocolService$RequestStreamObserver.onNext(GrpcClientProtocolService.java:168) [ratis-grpc-0.4.0-2337318-SNAPSHOT.jar:0.4.0-2337318-SNAPSHOT]
	at org.apache.ratis.thirdparty.io.grpc.stub.ServerCalls$StreamingServerCallHandler$StreamingServerCallListener.onMessage(ServerCalls.java:248) [ratis-thirdparty-misc-0.2.0.jar:0.2.0]
	at org.apache.ratis.thirdparty.io.grpc.internal.ServerCallImpl$ServerStreamListenerImpl.messagesAvailable(ServerCallImpl.java:263) [ratis-thirdparty-misc-0.2.0.jar:0.2.0]
	at org.apache.ratis.thirdparty.io.grpc.internal.ServerImpl$JumpToApplicationThreadServerStreamListener$1MessagesAvailable.runInContext(ServerImpl.java:686) [ratis-thirdparty-misc-0.2.0.jar:0.2.0]
	at org.apache.ratis.thirdparty.io.grpc.internal.ContextRunnable.run(ContextRunnable.java:37) [ratis-thirdparty-misc-0.2.0.jar:0.2.0]
	at org.apache.ratis.thirdparty.io.grpc.internal.SerializingExecutor.run(SerializingExecutor.java:123) [ratis-thirdparty-misc-0.2.0.jar:0.2.0]
	at java.util.concurrent.ThreadPoolExecutor.runWorker(ThreadPoolExecutor.java:1149) [?:1.8.0_212]
	at java.util.concurrent.ThreadPoolExecutor$Worker.run(ThreadPoolExecutor.java:624) [?:1.8.0_212]
	at java.lang.Thread.run(Thread.java:748) [?:1.8.0_212]
2019-07-13 20:38:08,854 INFO  client.GrpcClientProtocolClient (GrpcClientProtocolClient.java:onNext(255)) - client-3DE050E18FCA->68c54cb8-7b58-41e0-acca-8e491e4edd3d: receive RaftClientReply:client-3DE050E18FCA->68c54cb8-7b58-41e0-acca-8e491e4edd3d@group-17851D98E814, cid=255, FAILED org.apache.ratis.protocol.StateMachineException: org.apache.hadoop.hdds.scm.container.common.helpers.ContainerNotOpenException from Server 68c54cb8-7b58-41e0-acca-8e491e4edd3d: Container 1 in CLOSED state, logIndex=0, commits[68c54cb8-7b58-41e0-acca-8e491e4edd3d:c18, f5735acc-57de-4427-a3b1-fc2c39969951:c17, 875fe4f1-c2a4-463d-b92a-7c6961af5b75:c17]
20:38:08.854 [grpc-default-executor-5] ERROR DNAudit - user=null | ip=null | op=PUT_BLOCK {blockData=[blockId=conID: 1 locID: 102436063344721940 bcsId: 0,size=800]} | ret=FAILURE
org.apache.hadoop.hdds.scm.container.common.helpers.ContainerNotOpenException: Container 1 in CLOSED state
	at org.apache.hadoop.ozone.container.common.impl.HddsDispatcher.validateContainerCommand(HddsDispatcher.java:408) ~[hadoop-hdds-container-service-0.5.0-SNAPSHOT.jar:?]
	at org.apache.hadoop.ozone.container.common.transport.server.ratis.ContainerStateMachine.startTransaction(ContainerStateMachine.java:271) ~[hadoop-hdds-container-service-0.5.0-SNAPSHOT.jar:?]
	at org.apache.ratis.server.impl.RaftServerImpl.submitClientRequestAsync(RaftServerImpl.java:566) ~[ratis-server-0.4.0-2337318-SNAPSHOT.jar:0.4.0-2337318-SNAPSHOT]
	at org.apache.ratis.server.impl.RaftServerProxy.lambda$submitClientRequestAsync$7(RaftServerProxy.java:333) ~[ratis-server-0.4.0-2337318-SNAPSHOT.jar:0.4.0-2337318-SNAPSHOT]
	at org.apache.ratis.server.impl.RaftServerProxy.lambda$null$5(RaftServerProxy.java:328) ~[ratis-server-0.4.0-2337318-SNAPSHOT.jar:0.4.0-2337318-SNAPSHOT]
	at org.apache.ratis.util.JavaUtils.callAsUnchecked(JavaUtils.java:109) ~[ratis-common-0.4.0-2337318-SNAPSHOT.jar:0.4.0-2337318-SNAPSHOT]
	at org.apache.ratis.server.impl.RaftServerProxy.lambda$submitRequest$6(RaftServerProxy.java:328) ~[ratis-server-0.4.0-2337318-SNAPSHOT.jar:0.4.0-2337318-SNAPSHOT]
	at java.util.concurrent.CompletableFuture.uniComposeStage(CompletableFuture.java:981) ~[?:1.8.0_212]
	at java.util.concurrent.CompletableFuture.thenCompose(CompletableFuture.java:2124) ~[?:1.8.0_212]
	at org.apache.ratis.server.impl.RaftServerProxy.submitRequest(RaftServerProxy.java:327) ~[ratis-server-0.4.0-2337318-SNAPSHOT.jar:0.4.0-2337318-SNAPSHOT]
	at org.apache.ratis.server.impl.RaftServerProxy.submitClientRequestAsync(RaftServerProxy.java:333) ~[ratis-server-0.4.0-2337318-SNAPSHOT.jar:0.4.0-2337318-SNAPSHOT]
	at org.apache.ratis.grpc.client.GrpcClientProtocolService$RequestStreamObserver.processClientRequest(GrpcClientProtocolService.java:220) ~[ratis-grpc-0.4.0-2337318-SNAPSHOT.jar:0.4.0-2337318-SNAPSHOT]
	at org.apache.ratis.grpc.client.GrpcClientProtocolService$OrderedRequestStreamObserver.processClientRequest(GrpcClientProtocolService.java:326) ~[ratis-grpc-0.4.0-2337318-SNAPSHOT.jar:0.4.0-2337318-SNAPSHOT]
	at org.apache.ratis.util.SlidingWindow$Server.processRequestsFromHead(SlidingWindow.java:429) [ratis-common-0.4.0-2337318-SNAPSHOT.jar:0.4.0-2337318-SNAPSHOT]
	at org.apache.ratis.util.SlidingWindow$Server.receivedRequest(SlidingWindow.java:421) [ratis-common-0.4.0-2337318-SNAPSHOT.jar:0.4.0-2337318-SNAPSHOT]
	at org.apache.ratis.grpc.client.GrpcClientProtocolService$OrderedRequestStreamObserver.processClientRequest(GrpcClientProtocolService.java:345) [ratis-grpc-0.4.0-2337318-SNAPSHOT.jar:0.4.0-2337318-SNAPSHOT]
	at org.apache.ratis.grpc.client.GrpcClientProtocolService$RequestStreamObserver.onNext(GrpcClientProtocolService.java:240) [ratis-grpc-0.4.0-2337318-SNAPSHOT.jar:0.4.0-2337318-SNAPSHOT]
	at org.apache.ratis.grpc.client.GrpcClientProtocolService$RequestStreamObserver.onNext(GrpcClientProtocolService.java:168) [ratis-grpc-0.4.0-2337318-SNAPSHOT.jar:0.4.0-2337318-SNAPSHOT]
	at org.apache.ratis.thirdparty.io.grpc.stub.ServerCalls$StreamingServerCallHandler$StreamingServerCallListener.onMessage(ServerCalls.java:248) [ratis-thirdparty-misc-0.2.0.jar:0.2.0]
	at org.apache.ratis.thirdparty.io.grpc.internal.ServerCallImpl$ServerStreamListenerImpl.messagesAvailable(ServerCallImpl.java:263) [ratis-thirdparty-misc-0.2.0.jar:0.2.0]
	at org.apache.ratis.thirdparty.io.grpc.internal.ServerImpl$JumpToApplicationThreadServerStreamListener$1MessagesAvailable.runInContext(ServerImpl.java:686) [ratis-thirdparty-misc-0.2.0.jar:0.2.0]
	at org.apache.ratis.thirdparty.io.grpc.internal.ContextRunnable.run(ContextRunnable.java:37) [ratis-thirdparty-misc-0.2.0.jar:0.2.0]
	at org.apache.ratis.thirdparty.io.grpc.internal.SerializingExecutor.run(SerializingExecutor.java:123) [ratis-thirdparty-misc-0.2.0.jar:0.2.0]
	at java.util.concurrent.ThreadPoolExecutor.runWorker(ThreadPoolExecutor.java:1149) [?:1.8.0_212]
	at java.util.concurrent.ThreadPoolExecutor$Worker.run(ThreadPoolExecutor.java:624) [?:1.8.0_212]
	at java.lang.Thread.run(Thread.java:748) [?:1.8.0_212]
2019-07-13 20:38:08,861 INFO  client.GrpcClientProtocolClient (GrpcClientProtocolClient.java:onNext(255)) - client-3DE050E18FCA->68c54cb8-7b58-41e0-acca-8e491e4edd3d: receive RaftClientReply:client-3DE050E18FCA->68c54cb8-7b58-41e0-acca-8e491e4edd3d@group-17851D98E814, cid=256, FAILED org.apache.ratis.protocol.StateMachineException: org.apache.hadoop.hdds.scm.container.common.helpers.ContainerNotOpenException from Server 68c54cb8-7b58-41e0-acca-8e491e4edd3d: Container 1 in CLOSED state, logIndex=0, commits[68c54cb8-7b58-41e0-acca-8e491e4edd3d:c18, f5735acc-57de-4427-a3b1-fc2c39969951:c17, 875fe4f1-c2a4-463d-b92a-7c6961af5b75:c17]
2019-07-13 20:38:08,886 INFO  client.GrpcClientProtocolClient (GrpcClientProtocolClient.java:onNext(255)) - client-573F572B3C99->2b1dba72-76ce-479e-bfd9-d2d1840a5e57: receive RaftClientReply:client-573F572B3C99->2b1dba72-76ce-479e-bfd9-d2d1840a5e57@group-526BA751D950, cid=257, FAILED org.apache.ratis.protocol.NotLeaderException: Server 2b1dba72-76ce-479e-bfd9-d2d1840a5e57 is not the leader (null). Request must be sent to leader., logIndex=0, commits[2b1dba72-76ce-479e-bfd9-d2d1840a5e57:c-1]
2019-07-13 20:38:09,906 INFO  client.GrpcClientProtocolClient (GrpcClientProtocolClient.java:onNext(255)) - client-573F572B3C99->e7c229a5-1cc5-44f9-aeda-838bc679e27e: receive RaftClientReply:client-573F572B3C99->e7c229a5-1cc5-44f9-aeda-838bc679e27e@group-526BA751D950, cid=257, FAILED org.apache.ratis.protocol.NotLeaderException: Server e7c229a5-1cc5-44f9-aeda-838bc679e27e is not the leader (null). Request must be sent to leader., logIndex=0, commits[e7c229a5-1cc5-44f9-aeda-838bc679e27e:c-1]
2019-07-13 20:38:10,915 INFO  client.GrpcClientProtocolClient (GrpcClientProtocolClient.java:onNext(255)) - client-573F572B3C99->2b1dba72-76ce-479e-bfd9-d2d1840a5e57: receive RaftClientReply:client-573F572B3C99->2b1dba72-76ce-479e-bfd9-d2d1840a5e57@group-526BA751D950, cid=257, FAILED org.apache.ratis.protocol.NotLeaderException: Server 2b1dba72-76ce-479e-bfd9-d2d1840a5e57 is not the leader (null). Request must be sent to leader., logIndex=0, commits[2b1dba72-76ce-479e-bfd9-d2d1840a5e57:c-1]
2019-07-13 20:38:11,236 INFO  impl.FollowerState (FollowerState.java:run(106)) - 31278a13-9f55-45e2-8070-d10d1ed70f22:group-526BA751D950 changes to CANDIDATE, lastRpcTime:5086, electionTimeout:5085ms
2019-07-13 20:38:11,237 INFO  impl.RoleInfo (RoleInfo.java:shutdownFollowerState(121)) - 31278a13-9f55-45e2-8070-d10d1ed70f22: shutdown FollowerState
2019-07-13 20:38:11,237 INFO  impl.RaftServerImpl (RaftServerImpl.java:setRole(171)) - 31278a13-9f55-45e2-8070-d10d1ed70f22:group-526BA751D950 changes role from FOLLOWER to CANDIDATE at term 1 for changeToCandidate
2019-07-13 20:38:11,237 INFO  impl.RoleInfo (RoleInfo.java:updateAndGet(143)) - 31278a13-9f55-45e2-8070-d10d1ed70f22: start LeaderElection
2019-07-13 20:38:11,254 INFO  impl.LeaderElection (LeaderElection.java:askForVotes(181)) - 31278a13-9f55-45e2-8070-d10d1ed70f22:group-526BA751D950:LeaderElection98: begin an election at term 2 for -1: [2b1dba72-76ce-479e-bfd9-d2d1840a5e57:192.168.5.168:45504, e7c229a5-1cc5-44f9-aeda-838bc679e27e:192.168.5.168:35219, 31278a13-9f55-45e2-8070-d10d1ed70f22:192.168.5.168:46640], old=null
2019-07-13 20:38:11,257 INFO  impl.RaftServerImpl (RaftServerImpl.java:setRole(171)) - 2b1dba72-76ce-479e-bfd9-d2d1840a5e57:group-526BA751D950 changes role from FOLLOWER to FOLLOWER at term 2 for recognizeCandidate:31278a13-9f55-45e2-8070-d10d1ed70f22
2019-07-13 20:38:11,257 INFO  impl.RaftServerImpl (RaftServerImpl.java:setRole(171)) - e7c229a5-1cc5-44f9-aeda-838bc679e27e:group-526BA751D950 changes role from FOLLOWER to FOLLOWER at term 2 for recognizeCandidate:31278a13-9f55-45e2-8070-d10d1ed70f22
2019-07-13 20:38:11,257 INFO  impl.RoleInfo (RoleInfo.java:shutdownFollowerState(121)) - 2b1dba72-76ce-479e-bfd9-d2d1840a5e57: shutdown FollowerState
2019-07-13 20:38:11,257 INFO  impl.RoleInfo (RoleInfo.java:shutdownFollowerState(121)) - e7c229a5-1cc5-44f9-aeda-838bc679e27e: shutdown FollowerState
2019-07-13 20:38:11,257 INFO  impl.FollowerState (FollowerState.java:run(114)) - 2b1dba72-76ce-479e-bfd9-d2d1840a5e57: FollowerState was interrupted: java.lang.InterruptedException: sleep interrupted
2019-07-13 20:38:11,257 INFO  impl.RoleInfo (RoleInfo.java:updateAndGet(143)) - 2b1dba72-76ce-479e-bfd9-d2d1840a5e57: start FollowerState
2019-07-13 20:38:11,257 INFO  impl.FollowerState (FollowerState.java:run(114)) - e7c229a5-1cc5-44f9-aeda-838bc679e27e: FollowerState was interrupted: java.lang.InterruptedException: sleep interrupted
2019-07-13 20:38:11,257 INFO  impl.RoleInfo (RoleInfo.java:updateAndGet(143)) - e7c229a5-1cc5-44f9-aeda-838bc679e27e: start FollowerState
2019-07-13 20:38:11,280 INFO  impl.LeaderElection (LeaderElection.java:logAndReturn(56)) - 31278a13-9f55-45e2-8070-d10d1ed70f22:group-526BA751D950:LeaderElection98: Election PASSED; received 1 response(s) [31278a13-9f55-45e2-8070-d10d1ed70f22<-2b1dba72-76ce-479e-bfd9-d2d1840a5e57#0:OK-t2] and 0 exception(s); 31278a13-9f55-45e2-8070-d10d1ed70f22:t2, leader=null, voted=31278a13-9f55-45e2-8070-d10d1ed70f22, raftlog=31278a13-9f55-45e2-8070-d10d1ed70f22-SegmentedRaftLog:OPENED:c-1,f-1,i0, conf=-1: [2b1dba72-76ce-479e-bfd9-d2d1840a5e57:192.168.5.168:45504, e7c229a5-1cc5-44f9-aeda-838bc679e27e:192.168.5.168:35219, 31278a13-9f55-45e2-8070-d10d1ed70f22:192.168.5.168:46640], old=null
2019-07-13 20:38:11,280 INFO  impl.RoleInfo (RoleInfo.java:shutdownLeaderElection(134)) - 31278a13-9f55-45e2-8070-d10d1ed70f22: shutdown LeaderElection
2019-07-13 20:38:11,281 INFO  impl.RaftServerImpl (RaftServerImpl.java:setRole(171)) - 31278a13-9f55-45e2-8070-d10d1ed70f22:group-526BA751D950 changes role from CANDIDATE to LEADER at term 2 for changeToLeader
2019-07-13 20:38:11,281 INFO  impl.RaftServerImpl (ServerState.java:setLeader(263)) - 31278a13-9f55-45e2-8070-d10d1ed70f22:group-526BA751D950 change Leader from null to 31278a13-9f55-45e2-8070-d10d1ed70f22 at term 2 for becomeLeader, leader elected after 10310ms
2019-07-13 20:38:11,281 INFO  server.RaftServerConfigKeys (ConfUtils.java:logGet(43)) - raft.server.staging.catchup.gap = 1000 (default)
2019-07-13 20:38:11,281 INFO  server.RaftServerConfigKeys (ConfUtils.java:logGet(43)) - raft.server.rpc.sleep.time = 25ms (default)
2019-07-13 20:38:11,281 INFO  server.RaftServerConfigKeys (ConfUtils.java:logGet(43)) - raft.server.write.element-limit = 4096 (default)
2019-07-13 20:38:11,281 INFO  server.RaftServerConfigKeys (ConfUtils.java:logGet(43)) - raft.server.watch.timeout = 10s (default)
2019-07-13 20:38:11,281 INFO  server.RaftServerConfigKeys (ConfUtils.java:logGet(43)) - raft.server.watch.timeout.denomination = 1s (default)
2019-07-13 20:38:11,282 INFO  server.RaftServerConfigKeys (ConfUtils.java:logGet(43)) - raft.server.watch.element-limit = 65536 (default)
2019-07-13 20:38:11,282 INFO  server.RaftServerConfigKeys (ConfUtils.java:logGet(43)) - raft.server.log.appender.snapshot.chunk.size.max = 16MB (=16777216) (default)
2019-07-13 20:38:11,282 INFO  server.RaftServerConfigKeys (ConfUtils.java:logGet(43)) - raft.server.log.appender.buffer.byte-limit = 33554432 (custom)
2019-07-13 20:38:11,282 INFO  server.RaftServerConfigKeys (ConfUtils.java:logGet(43)) - raft.server.log.appender.buffer.element-limit = 1 (custom)
2019-07-13 20:38:11,282 INFO  grpc.GrpcConfigKeys$Server (ConfUtils.java:logGet(43)) - raft.grpc.server.leader.outstanding.appends.max = 128 (default)
2019-07-13 20:38:11,283 INFO  server.RaftServerConfigKeys (ConfUtils.java:logGet(43)) - raft.server.rpc.request.timeout = 3000ms (default)
2019-07-13 20:38:11,283 INFO  server.RaftServerConfigKeys (ConfUtils.java:logGet(43)) - raft.server.log.appender.install.snapshot.enabled = false (custom)
2019-07-13 20:38:11,283 INFO  server.RaftServerConfigKeys (ConfUtils.java:logGet(43)) - raft.server.log.appender.snapshot.chunk.size.max = 16MB (=16777216) (default)
2019-07-13 20:38:11,283 INFO  server.RaftServerConfigKeys (ConfUtils.java:logGet(43)) - raft.server.log.appender.buffer.byte-limit = 33554432 (custom)
2019-07-13 20:38:11,283 INFO  server.RaftServerConfigKeys (ConfUtils.java:logGet(43)) - raft.server.log.appender.buffer.element-limit = 1 (custom)
2019-07-13 20:38:11,283 INFO  grpc.GrpcConfigKeys$Server (ConfUtils.java:logGet(43)) - raft.grpc.server.leader.outstanding.appends.max = 128 (default)
2019-07-13 20:38:11,284 INFO  server.RaftServerConfigKeys (ConfUtils.java:logGet(43)) - raft.server.rpc.request.timeout = 3000ms (default)
2019-07-13 20:38:11,284 INFO  server.RaftServerConfigKeys (ConfUtils.java:logGet(43)) - raft.server.log.appender.install.snapshot.enabled = false (custom)
2019-07-13 20:38:11,284 INFO  impl.RoleInfo (RoleInfo.java:updateAndGet(143)) - 31278a13-9f55-45e2-8070-d10d1ed70f22: start LeaderState
2019-07-13 20:38:11,284 INFO  segmented.SegmentedRaftLogWorker (SegmentedRaftLogWorker.java:startLogSegment(380)) - 31278a13-9f55-45e2-8070-d10d1ed70f22-SegmentedRaftLogWorker:Storage Directory /tmp/workdir/hadoop-ozone/integration-test/target/test-dir/MiniOzoneClusterImpl-1f1962dc-bf0d-43a8-81db-407fa95944b0/datanode-1/data/ratis/cea31efc-78a3-439b-b792-526ba751d950: Starting segment from index:0
2019-07-13 20:38:11,285 INFO  impl.RaftServerImpl (ServerState.java:setRaftConf(361)) - 31278a13-9f55-45e2-8070-d10d1ed70f22:group-526BA751D950 set configuration 0: [2b1dba72-76ce-479e-bfd9-d2d1840a5e57:192.168.5.168:45504, e7c229a5-1cc5-44f9-aeda-838bc679e27e:192.168.5.168:35219, 31278a13-9f55-45e2-8070-d10d1ed70f22:192.168.5.168:46640], old=null at 0
2019-07-13 20:38:11,286 INFO  impl.RaftServerImpl (ServerState.java:setLeader(263)) - 2b1dba72-76ce-479e-bfd9-d2d1840a5e57:group-526BA751D950 change Leader from null to 31278a13-9f55-45e2-8070-d10d1ed70f22 at term 2 for appendEntries, leader elected after 10313ms
2019-07-13 20:38:11,286 INFO  impl.RaftServerImpl (ServerState.java:setLeader(263)) - e7c229a5-1cc5-44f9-aeda-838bc679e27e:group-526BA751D950 change Leader from null to 31278a13-9f55-45e2-8070-d10d1ed70f22 at term 2 for appendEntries, leader elected after 10314ms
2019-07-13 20:38:11,289 INFO  impl.RaftServerImpl (ServerState.java:setRaftConf(361)) - e7c229a5-1cc5-44f9-aeda-838bc679e27e:group-526BA751D950 set configuration 0: [2b1dba72-76ce-479e-bfd9-d2d1840a5e57:192.168.5.168:45504, e7c229a5-1cc5-44f9-aeda-838bc679e27e:192.168.5.168:35219, 31278a13-9f55-45e2-8070-d10d1ed70f22:192.168.5.168:46640], old=null at 0
2019-07-13 20:38:11,289 INFO  impl.RaftServerImpl (ServerState.java:setRaftConf(361)) - 2b1dba72-76ce-479e-bfd9-d2d1840a5e57:group-526BA751D950 set configuration 0: [2b1dba72-76ce-479e-bfd9-d2d1840a5e57:192.168.5.168:45504, e7c229a5-1cc5-44f9-aeda-838bc679e27e:192.168.5.168:35219, 31278a13-9f55-45e2-8070-d10d1ed70f22:192.168.5.168:46640], old=null at 0
2019-07-13 20:38:11,289 INFO  segmented.SegmentedRaftLogWorker (SegmentedRaftLogWorker.java:startLogSegment(380)) - e7c229a5-1cc5-44f9-aeda-838bc679e27e-SegmentedRaftLogWorker:Storage Directory /tmp/workdir/hadoop-ozone/integration-test/target/test-dir/MiniOzoneClusterImpl-1f1962dc-bf0d-43a8-81db-407fa95944b0/datanode-2/data/ratis/cea31efc-78a3-439b-b792-526ba751d950: Starting segment from index:0
2019-07-13 20:38:11,290 INFO  segmented.SegmentedRaftLogWorker (SegmentedRaftLogWorker.java:startLogSegment(380)) - 2b1dba72-76ce-479e-bfd9-d2d1840a5e57-SegmentedRaftLogWorker:Storage Directory /tmp/workdir/hadoop-ozone/integration-test/target/test-dir/MiniOzoneClusterImpl-1f1962dc-bf0d-43a8-81db-407fa95944b0/datanode-0/data/ratis/cea31efc-78a3-439b-b792-526ba751d950: Starting segment from index:0
2019-07-13 20:38:11,316 INFO  segmented.SegmentedRaftLogWorker (SegmentedRaftLogWorker.java:execute(569)) - e7c229a5-1cc5-44f9-aeda-838bc679e27e-SegmentedRaftLogWorker:Storage Directory /tmp/workdir/hadoop-ozone/integration-test/target/test-dir/MiniOzoneClusterImpl-1f1962dc-bf0d-43a8-81db-407fa95944b0/datanode-2/data/ratis/cea31efc-78a3-439b-b792-526ba751d950: created new log segment /tmp/workdir/hadoop-ozone/integration-test/target/test-dir/MiniOzoneClusterImpl-1f1962dc-bf0d-43a8-81db-407fa95944b0/datanode-2/data/ratis/cea31efc-78a3-439b-b792-526ba751d950/current/log_inprogress_0
2019-07-13 20:38:11,316 INFO  segmented.SegmentedRaftLogWorker (SegmentedRaftLogWorker.java:execute(569)) - 2b1dba72-76ce-479e-bfd9-d2d1840a5e57-SegmentedRaftLogWorker:Storage Directory /tmp/workdir/hadoop-ozone/integration-test/target/test-dir/MiniOzoneClusterImpl-1f1962dc-bf0d-43a8-81db-407fa95944b0/datanode-0/data/ratis/cea31efc-78a3-439b-b792-526ba751d950: created new log segment /tmp/workdir/hadoop-ozone/integration-test/target/test-dir/MiniOzoneClusterImpl-1f1962dc-bf0d-43a8-81db-407fa95944b0/datanode-0/data/ratis/cea31efc-78a3-439b-b792-526ba751d950/current/log_inprogress_0
2019-07-13 20:38:11,316 INFO  segmented.SegmentedRaftLogWorker (SegmentedRaftLogWorker.java:execute(569)) - 31278a13-9f55-45e2-8070-d10d1ed70f22-SegmentedRaftLogWorker:Storage Directory /tmp/workdir/hadoop-ozone/integration-test/target/test-dir/MiniOzoneClusterImpl-1f1962dc-bf0d-43a8-81db-407fa95944b0/datanode-1/data/ratis/cea31efc-78a3-439b-b792-526ba751d950: created new log segment /tmp/workdir/hadoop-ozone/integration-test/target/test-dir/MiniOzoneClusterImpl-1f1962dc-bf0d-43a8-81db-407fa95944b0/datanode-1/data/ratis/cea31efc-78a3-439b-b792-526ba751d950/current/log_inprogress_0
2019-07-13 20:38:12,017 INFO  client.GrpcClientProtocolClient (GrpcClientProtocolClient.java:onNext(255)) - client-573F572B3C99->31278a13-9f55-45e2-8070-d10d1ed70f22: receive RaftClientReply:client-573F572B3C99->31278a13-9f55-45e2-8070-d10d1ed70f22@group-526BA751D950, cid=257, SUCCESS, logIndex=1, commits[31278a13-9f55-45e2-8070-d10d1ed70f22:c1, 2b1dba72-76ce-479e-bfd9-d2d1840a5e57:c0, e7c229a5-1cc5-44f9-aeda-838bc679e27e:c0]
2019-07-13 20:38:12,035 INFO  client.GrpcClientProtocolClient (GrpcClientProtocolClient.java:onNext(255)) - client-573F572B3C99->31278a13-9f55-45e2-8070-d10d1ed70f22: receive RaftClientReply:client-573F572B3C99->31278a13-9f55-45e2-8070-d10d1ed70f22@group-526BA751D950, cid=258, SUCCESS, logIndex=3, commits[31278a13-9f55-45e2-8070-d10d1ed70f22:c4, 2b1dba72-76ce-479e-bfd9-d2d1840a5e57:c2, e7c229a5-1cc5-44f9-aeda-838bc679e27e:c2]
2019-07-13 20:38:12,054 INFO  client.GrpcClientProtocolClient (GrpcClientProtocolClient.java:onNext(255)) - client-573F572B3C99->31278a13-9f55-45e2-8070-d10d1ed70f22: receive RaftClientReply:client-573F572B3C99->31278a13-9f55-45e2-8070-d10d1ed70f22@group-526BA751D950, cid=259, SUCCESS, logIndex=4, commits[31278a13-9f55-45e2-8070-d10d1ed70f22:c12, 2b1dba72-76ce-479e-bfd9-d2d1840a5e57:c8, e7c229a5-1cc5-44f9-aeda-838bc679e27e:c8]
2019-07-13 20:38:12,054 INFO  client.GrpcClientProtocolClient (GrpcClientProtocolClient.java:onNext(255)) - client-573F572B3C99->31278a13-9f55-45e2-8070-d10d1ed70f22: receive RaftClientReply:client-573F572B3C99->31278a13-9f55-45e2-8070-d10d1ed70f22@group-526BA751D950, cid=260, SUCCESS, logIndex=5, commits[31278a13-9f55-45e2-8070-d10d1ed70f22:c12, 2b1dba72-76ce-479e-bfd9-d2d1840a5e57:c8, e7c229a5-1cc5-44f9-aeda-838bc679e27e:c8]
2019-07-13 20:38:12,055 INFO  client.GrpcClientProtocolClient (GrpcClientProtocolClient.java:onNext(255)) - client-573F572B3C99->31278a13-9f55-45e2-8070-d10d1ed70f22: receive RaftClientReply:client-573F572B3C99->31278a13-9f55-45e2-8070-d10d1ed70f22@group-526BA751D950, cid=261, SUCCESS, logIndex=6, commits[31278a13-9f55-45e2-8070-d10d1ed70f22:c12, 2b1dba72-76ce-479e-bfd9-d2d1840a5e57:c8, e7c229a5-1cc5-44f9-aeda-838bc679e27e:c8]
2019-07-13 20:38:12,102 INFO  client.GrpcClientProtocolClient (GrpcClientProtocolClient.java:onNext(255)) - client-573F572B3C99->31278a13-9f55-45e2-8070-d10d1ed70f22: receive RaftClientReply:client-573F572B3C99->31278a13-9f55-45e2-8070-d10d1ed70f22@group-526BA751D950, cid=262, SUCCESS, logIndex=8, commits[31278a13-9f55-45e2-8070-d10d1ed70f22:c12, 2b1dba72-76ce-479e-bfd9-d2d1840a5e57:c8, e7c229a5-1cc5-44f9-aeda-838bc679e27e:c8]
2019-07-13 20:38:12,111 INFO  client.GrpcClientProtocolClient (GrpcClientProtocolClient.java:onNext(255)) - client-573F572B3C99->31278a13-9f55-45e2-8070-d10d1ed70f22: receive RaftClientReply:client-573F572B3C99->31278a13-9f55-45e2-8070-d10d1ed70f22@group-526BA751D950, cid=263, SUCCESS, logIndex=13, commits[31278a13-9f55-45e2-8070-d10d1ed70f22:c14, 2b1dba72-76ce-479e-bfd9-d2d1840a5e57:c12, e7c229a5-1cc5-44f9-aeda-838bc679e27e:c12]
2019-07-13 20:38:12,111 INFO  client.GrpcClientProtocolClient (GrpcClientProtocolClient.java:onNext(255)) - client-573F572B3C99->31278a13-9f55-45e2-8070-d10d1ed70f22: receive RaftClientReply:client-573F572B3C99->31278a13-9f55-45e2-8070-d10d1ed70f22@group-526BA751D950, cid=264, SUCCESS, logIndex=14, commits[31278a13-9f55-45e2-8070-d10d1ed70f22:c14, 2b1dba72-76ce-479e-bfd9-d2d1840a5e57:c12, e7c229a5-1cc5-44f9-aeda-838bc679e27e:c12]
2019-07-13 20:38:12,119 INFO  client.GrpcClientProtocolClient (GrpcClientProtocolClient.java:onNext(255)) - client-573F572B3C99->31278a13-9f55-45e2-8070-d10d1ed70f22: receive RaftClientReply:client-573F572B3C99->31278a13-9f55-45e2-8070-d10d1ed70f22@group-526BA751D950, cid=265, SUCCESS, logIndex=0, commits[31278a13-9f55-45e2-8070-d10d1ed70f22:c16, 2b1dba72-76ce-479e-bfd9-d2d1840a5e57:c14, e7c229a5-1cc5-44f9-aeda-838bc679e27e:c14]
2019-07-13 20:38:12,132 INFO  pipeline.Pipeline (Pipeline.java:getProtobufMessage(195)) - Serialize pipeline PipelineID=cea31efc-78a3-439b-b792-526ba751d950 with nodesInOrder{ }
2019-07-13 20:38:12,133 INFO  ozone.MiniOzoneClusterImpl (MiniOzoneClusterImpl.java:shutdown(321)) - Shutting down the Mini Ozone Cluster
2019-07-13 20:38:12,133 INFO  ozone.MiniOzoneClusterImpl (MiniOzoneClusterImpl.java:stop(336)) - Stopping the Mini Ozone Cluster
2019-07-13 20:38:12,133 INFO  ozone.MiniOzoneClusterImpl (MiniOzoneClusterImpl.java:stop(338)) - Stopping the OzoneManager
2019-07-13 20:38:12,133 INFO  ipc.Server (Server.java:stop(3082)) - Stopping server on 35288
2019-07-13 20:38:12,150 INFO  utils.BackgroundService (BackgroundService.java:shutdown(148)) - Shutting down service KeyDeletingService
2019-07-13 20:38:12,153 INFO  ipc.Server (Server.java:run(1319)) - Stopping IPC Server Responder
2019-07-13 20:38:12,150 INFO  ipc.Server (Server.java:run(1185)) - Stopping IPC Server listener on 35288
2019-07-13 20:38:12,173 INFO  handler.ContextHandler (ContextHandler.java:doStop(910)) - Stopped o.e.j.w.WebAppContext@1f9b86f5{/,null,UNAVAILABLE}{/ozoneManager}
2019-07-13 20:38:12,174 INFO  server.AbstractConnector (AbstractConnector.java:doStop(318)) - Stopped ServerConnector@15aa3084{HTTP/1.1,[http/1.1]}{0.0.0.0:0}
2019-07-13 20:38:12,174 INFO  handler.ContextHandler (ContextHandler.java:doStop(910)) - Stopped o.e.j.s.ServletContextHandler@274f51ad{/static,file:///tmp/workdir/hadoop-ozone/integration-test/target/test-classes/webapps/static,UNAVAILABLE}
2019-07-13 20:38:12,175 INFO  handler.ContextHandler (ContextHandler.java:doStop(910)) - Stopped o.e.j.s.ServletContextHandler@25874884{/logs,file:///tmp/workdir/hadoop-ozone/integration-test/target/log,UNAVAILABLE}
2019-07-13 20:38:12,177 INFO  ozone.MiniOzoneClusterImpl (MiniOzoneClusterImpl.java:stop(344)) - Shutting the HddsDatanodes
2019-07-13 20:38:12,178 INFO  datanode.ObjectStoreHandler (ObjectStoreHandler.java:close(155)) - Closing ObjectStoreHandler.
2019-07-13 20:38:12,178 INFO  datanode.ObjectStoreHandler (ObjectStoreHandler.java:close(155)) - Closing ObjectStoreHandler.
2019-07-13 20:38:12,178 INFO  ozone.HddsDatanodeService (HddsDatanodeService.java:stop(452)) - Stopped plug-in org.apache.hadoop.ozone.web.OzoneHddsDatanodeService@31360632
2019-07-13 20:38:12,178 INFO  ozone.HddsDatanodeService (HddsDatanodeService.java:stop(452)) - Stopped plug-in org.apache.hadoop.ozone.web.OzoneHddsDatanodeService@4e1fd34b
2019-07-13 20:38:12,538 INFO  statemachine.DatanodeStateMachine (DatanodeStateMachine.java:lambda$startDaemon$0(350)) - Ozone container server started.
2019-07-13 20:38:13,011 INFO  statemachine.DatanodeStateMachine (DatanodeStateMachine.java:lambda$startDaemon$0(350)) - Ozone container server started.
2019-07-13 20:38:16,591 INFO  node.StaleNodeHandler (StaleNodeHandler.java:onMessage(58)) - Datanode f5735acc-57de-4427-a3b1-fc2c39969951{ip: 192.168.5.168, host: trunk-nightly-6qp7m-2461138711, networkLocation: /default-rack, certSerialId: null} moved to stale state. Finalizing its pipelines [PipelineID=b18e0600-9ee9-4e1a-a456-5a7807cafcef, PipelineID=4c3a2686-683f-465b-bb6c-17851d98e814]
2019-07-13 20:38:16,591 INFO  pipeline.SCMPipelineManager (SCMPipelineManager.java:finalizeAndDestroyPipeline(309)) - destroying pipeline:Pipeline[ Id: b18e0600-9ee9-4e1a-a456-5a7807cafcef, Nodes: f5735acc-57de-4427-a3b1-fc2c39969951{ip: 192.168.5.168, host: trunk-nightly-6qp7m-2461138711, networkLocation: /default-rack, certSerialId: null}, Type:RATIS, Factor:ONE, State:OPEN]
2019-07-13 20:38:16,592 INFO  pipeline.PipelineStateManager (PipelineStateManager.java:finalizePipeline(123)) - Pipeline Pipeline[ Id: b18e0600-9ee9-4e1a-a456-5a7807cafcef, Nodes: f5735acc-57de-4427-a3b1-fc2c39969951{ip: 192.168.5.168, host: trunk-nightly-6qp7m-2461138711, networkLocation: /default-rack, certSerialId: null}, Type:RATIS, Factor:ONE, State:CLOSED] moved to CLOSED state
2019-07-13 20:38:16,592 INFO  pipeline.SCMPipelineManager (SCMPipelineManager.java:finalizeAndDestroyPipeline(309)) - destroying pipeline:Pipeline[ Id: 4c3a2686-683f-465b-bb6c-17851d98e814, Nodes: 68c54cb8-7b58-41e0-acca-8e491e4edd3d{ip: 192.168.5.168, host: trunk-nightly-6qp7m-2461138711, networkLocation: /default-rack, certSerialId: null}f5735acc-57de-4427-a3b1-fc2c39969951{ip: 192.168.5.168, host: trunk-nightly-6qp7m-2461138711, networkLocation: /default-rack, certSerialId: null}875fe4f1-c2a4-463d-b92a-7c6961af5b75{ip: 192.168.5.168, host: trunk-nightly-6qp7m-2461138711, networkLocation: /default-rack, certSerialId: null}, Type:RATIS, Factor:THREE, State:OPEN]
2019-07-13 20:38:16,592 INFO  pipeline.PipelineStateManager (PipelineStateManager.java:finalizePipeline(123)) - Pipeline Pipeline[ Id: 4c3a2686-683f-465b-bb6c-17851d98e814, Nodes: 68c54cb8-7b58-41e0-acca-8e491e4edd3d{ip: 192.168.5.168, host: trunk-nightly-6qp7m-2461138711, networkLocation: /default-rack, certSerialId: null}f5735acc-57de-4427-a3b1-fc2c39969951{ip: 192.168.5.168, host: trunk-nightly-6qp7m-2461138711, networkLocation: /default-rack, certSerialId: null}875fe4f1-c2a4-463d-b92a-7c6961af5b75{ip: 192.168.5.168, host: trunk-nightly-6qp7m-2461138711, networkLocation: /default-rack, certSerialId: null}, Type:RATIS, Factor:THREE, State:CLOSED] moved to CLOSED state
2019-07-13 20:38:17,092 INFO  node.StaleNodeHandler (StaleNodeHandler.java:onMessage(58)) - Datanode 31278a13-9f55-45e2-8070-d10d1ed70f22{ip: 192.168.5.168, host: trunk-nightly-6qp7m-2461138711, networkLocation: /default-rack, certSerialId: null} moved to stale state. Finalizing its pipelines [PipelineID=de6de20c-66fc-4d64-93e8-df4c918c4bd1, PipelineID=cea31efc-78a3-439b-b792-526ba751d950]
2019-07-13 20:38:17,092 INFO  pipeline.SCMPipelineManager (SCMPipelineManager.java:finalizeAndDestroyPipeline(309)) - destroying pipeline:Pipeline[ Id: de6de20c-66fc-4d64-93e8-df4c918c4bd1, Nodes: 31278a13-9f55-45e2-8070-d10d1ed70f22{ip: 192.168.5.168, host: trunk-nightly-6qp7m-2461138711, networkLocation: /default-rack, certSerialId: null}, Type:RATIS, Factor:ONE, State:OPEN]
2019-07-13 20:38:17,092 INFO  pipeline.PipelineStateManager (PipelineStateManager.java:finalizePipeline(123)) - Pipeline Pipeline[ Id: de6de20c-66fc-4d64-93e8-df4c918c4bd1, Nodes: 31278a13-9f55-45e2-8070-d10d1ed70f22{ip: 192.168.5.168, host: trunk-nightly-6qp7m-2461138711, networkLocation: /default-rack, certSerialId: null}, Type:RATIS, Factor:ONE, State:CLOSED] moved to CLOSED state
2019-07-13 20:38:17,092 INFO  pipeline.SCMPipelineManager (SCMPipelineManager.java:finalizeAndDestroyPipeline(309)) - destroying pipeline:Pipeline[ Id: cea31efc-78a3-439b-b792-526ba751d950, Nodes: 2b1dba72-76ce-479e-bfd9-d2d1840a5e57{ip: 192.168.5.168, host: trunk-nightly-6qp7m-2461138711, networkLocation: /default-rack, certSerialId: null}31278a13-9f55-45e2-8070-d10d1ed70f22{ip: 192.168.5.168, host: trunk-nightly-6qp7m-2461138711, networkLocation: /default-rack, certSerialId: null}e7c229a5-1cc5-44f9-aeda-838bc679e27e{ip: 192.168.5.168, host: trunk-nightly-6qp7m-2461138711, networkLocation: /default-rack, certSerialId: null}, Type:RATIS, Factor:THREE, State:OPEN]
2019-07-13 20:38:17,092 INFO  pipeline.PipelineStateManager (PipelineStateManager.java:finalizePipeline(123)) - Pipeline Pipeline[ Id: cea31efc-78a3-439b-b792-526ba751d950, Nodes: 2b1dba72-76ce-479e-bfd9-d2d1840a5e57{ip: 192.168.5.168, host: trunk-nightly-6qp7m-2461138711, networkLocation: /default-rack, certSerialId: null}31278a13-9f55-45e2-8070-d10d1ed70f22{ip: 192.168.5.168, host: trunk-nightly-6qp7m-2461138711, networkLocation: /default-rack, certSerialId: null}e7c229a5-1cc5-44f9-aeda-838bc679e27e{ip: 192.168.5.168, host: trunk-nightly-6qp7m-2461138711, networkLocation: /default-rack, certSerialId: null}, Type:RATIS, Factor:THREE, State:CLOSED] moved to CLOSED state
2019-07-13 20:38:17,093 INFO  container.CloseContainerEventHandler (CloseContainerEventHandler.java:onMessage(61)) - Close container Event triggered for container : #2
2019-07-13 20:38:17,179 INFO  ozoneimpl.OzoneContainer (OzoneContainer.java:stop(199)) - Attempting to stop container services.
2019-07-13 20:38:17,179 INFO  ozoneimpl.OzoneContainer (OzoneContainer.java:stop(199)) - Attempting to stop container services.
2019-07-13 20:38:17,180 INFO  impl.RaftServerProxy (RaftServerProxy.java:lambda$close$4(314)) - f5735acc-57de-4427-a3b1-fc2c39969951: close
2019-07-13 20:38:17,180 INFO  impl.RaftServerProxy (RaftServerProxy.java:lambda$close$4(314)) - 31278a13-9f55-45e2-8070-d10d1ed70f22: close
2019-07-13 20:38:17,180 INFO  impl.RaftServerImpl (RaftServerImpl.java:lambda$shutdown$3(245)) - f5735acc-57de-4427-a3b1-fc2c39969951: shutdown group-5A7807CAFCEF
2019-07-13 20:38:17,181 INFO  impl.RaftServerImpl (RaftServerImpl.java:lambda$shutdown$3(245)) - 31278a13-9f55-45e2-8070-d10d1ed70f22: shutdown group-DF4C918C4BD1
2019-07-13 20:38:17,181 INFO  util.JmxRegister (JmxRegister.java:unregister(73)) - Successfully un-registered JMX Bean with object name Ratis:service=RaftServer,group=group-5A7807CAFCEF,id=f5735acc-57de-4427-a3b1-fc2c39969951
2019-07-13 20:38:17,182 INFO  impl.RoleInfo (RoleInfo.java:shutdownLeaderState(104)) - f5735acc-57de-4427-a3b1-fc2c39969951: shutdown LeaderState
2019-07-13 20:38:17,181 INFO  util.JmxRegister (JmxRegister.java:unregister(73)) - Successfully un-registered JMX Bean with object name Ratis:service=RaftServer,group=group-DF4C918C4BD1,id=31278a13-9f55-45e2-8070-d10d1ed70f22
2019-07-13 20:38:17,182 INFO  impl.PendingRequests (PendingRequests.java:sendNotLeaderResponses(202)) - f5735acc-57de-4427-a3b1-fc2c39969951-PendingRequests: sendNotLeaderResponses
2019-07-13 20:38:17,182 INFO  impl.RoleInfo (RoleInfo.java:shutdownLeaderState(104)) - 31278a13-9f55-45e2-8070-d10d1ed70f22: shutdown LeaderState
2019-07-13 20:38:17,183 INFO  ratis.ContainerStateMachine (ContainerStateMachine.java:takeSnapshot(246)) - Taking snapshot at termIndex:(t:0, i:~)
2019-07-13 20:38:17,183 INFO  impl.StateMachineUpdater (StateMachineUpdater.java:stopAndJoin(115)) - StateMachineUpdater:f5735acc-57de-4427-a3b1-fc2c39969951:group-5A7807CAFCEF: set stopIndex = 0
2019-07-13 20:38:17,183 INFO  impl.PendingRequests (PendingRequests.java:sendNotLeaderResponses(202)) - 31278a13-9f55-45e2-8070-d10d1ed70f22-PendingRequests: sendNotLeaderResponses
2019-07-13 20:38:17,184 INFO  impl.RaftServerImpl (ServerState.java:close(394)) - f5735acc-57de-4427-a3b1-fc2c39969951:group-5A7807CAFCEF closes. The last applied log index is 0
2019-07-13 20:38:17,184 INFO  ratis.ContainerStateMachine (ContainerStateMachine.java:takeSnapshot(246)) - Taking snapshot at termIndex:(t:0, i:~)
2019-07-13 20:38:17,184 INFO  impl.StateMachineUpdater (StateMachineUpdater.java:stopAndJoin(115)) - StateMachineUpdater:31278a13-9f55-45e2-8070-d10d1ed70f22:group-DF4C918C4BD1: set stopIndex = 0
2019-07-13 20:38:17,185 INFO  impl.RaftServerImpl (ServerState.java:close(394)) - 31278a13-9f55-45e2-8070-d10d1ed70f22:group-DF4C918C4BD1 closes. The last applied log index is 0
2019-07-13 20:38:17,185 INFO  segmented.SegmentedRaftLogWorker (SegmentedRaftLogWorker.java:run(313)) - f5735acc-57de-4427-a3b1-fc2c39969951-SegmentedRaftLogWorker:Storage Directory /tmp/workdir/hadoop-ozone/integration-test/target/test-dir/MiniOzoneClusterImpl-1f1962dc-bf0d-43a8-81db-407fa95944b0/datanode-4/data/ratis/b18e0600-9ee9-4e1a-a456-5a7807cafcef was interrupted, exiting. There are 0 tasks remaining in the queue.
2019-07-13 20:38:17,186 INFO  segmented.SegmentedRaftLogWorker (SegmentedRaftLogWorker.java:run(313)) - 31278a13-9f55-45e2-8070-d10d1ed70f22-SegmentedRaftLogWorker:Storage Directory /tmp/workdir/hadoop-ozone/integration-test/target/test-dir/MiniOzoneClusterImpl-1f1962dc-bf0d-43a8-81db-407fa95944b0/datanode-1/data/ratis/de6de20c-66fc-4d64-93e8-df4c918c4bd1 was interrupted, exiting. There are 0 tasks remaining in the queue.
2019-07-13 20:38:17,198 INFO  segmented.SegmentedRaftLogWorker (SegmentedRaftLogWorker.java:close(228)) - f5735acc-57de-4427-a3b1-fc2c39969951-SegmentedRaftLogWorker:Storage Directory /tmp/workdir/hadoop-ozone/integration-test/target/test-dir/MiniOzoneClusterImpl-1f1962dc-bf0d-43a8-81db-407fa95944b0/datanode-4/data/ratis/b18e0600-9ee9-4e1a-a456-5a7807cafcef close()
2019-07-13 20:38:17,198 INFO  segmented.SegmentedRaftLogWorker (SegmentedRaftLogWorker.java:close(228)) - 31278a13-9f55-45e2-8070-d10d1ed70f22-SegmentedRaftLogWorker:Storage Directory /tmp/workdir/hadoop-ozone/integration-test/target/test-dir/MiniOzoneClusterImpl-1f1962dc-bf0d-43a8-81db-407fa95944b0/datanode-1/data/ratis/de6de20c-66fc-4d64-93e8-df4c918c4bd1 close()
2019-07-13 20:38:17,203 INFO  impl.RaftServerImpl (RaftServerImpl.java:lambda$shutdown$3(245)) - f5735acc-57de-4427-a3b1-fc2c39969951: shutdown group-17851D98E814
2019-07-13 20:38:17,207 INFO  impl.RaftServerImpl (RaftServerImpl.java:lambda$shutdown$3(245)) - 31278a13-9f55-45e2-8070-d10d1ed70f22: shutdown group-526BA751D950
2019-07-13 20:38:17,208 INFO  util.JmxRegister (JmxRegister.java:unregister(73)) - Successfully un-registered JMX Bean with object name Ratis:service=RaftServer,group=group-17851D98E814,id=f5735acc-57de-4427-a3b1-fc2c39969951
2019-07-13 20:38:17,208 INFO  util.JmxRegister (JmxRegister.java:unregister(73)) - Successfully un-registered JMX Bean with object name Ratis:service=RaftServer,group=group-526BA751D950,id=31278a13-9f55-45e2-8070-d10d1ed70f22
2019-07-13 20:38:17,208 INFO  impl.RoleInfo (RoleInfo.java:shutdownFollowerState(121)) - f5735acc-57de-4427-a3b1-fc2c39969951: shutdown FollowerState
2019-07-13 20:38:17,209 INFO  impl.RoleInfo (RoleInfo.java:shutdownLeaderState(104)) - 31278a13-9f55-45e2-8070-d10d1ed70f22: shutdown LeaderState
2019-07-13 20:38:17,209 INFO  impl.FollowerState (FollowerState.java:run(114)) - f5735acc-57de-4427-a3b1-fc2c39969951: FollowerState was interrupted: java.lang.InterruptedException: sleep interrupted
2019-07-13 20:38:17,209 INFO  ratis.ContainerStateMachine (ContainerStateMachine.java:takeSnapshot(246)) - Taking snapshot at termIndex:(t:1, i:17)
2019-07-13 20:38:17,229 INFO  ratis.ContainerStateMachine (ContainerStateMachine.java:takeSnapshot(250)) - Taking a snapshot to file /tmp/workdir/hadoop-ozone/integration-test/target/test-dir/MiniOzoneClusterImpl-1f1962dc-bf0d-43a8-81db-407fa95944b0/datanode-4/data/ratis/4c3a2686-683f-465b-bb6c-17851d98e814/sm/snapshot.1_17
2019-07-13 20:38:17,209 INFO  impl.StateMachineUpdater (StateMachineUpdater.java:stopAndJoin(115)) - StateMachineUpdater:f5735acc-57de-4427-a3b1-fc2c39969951:group-17851D98E814: set stopIndex = 18
2019-07-13 20:38:17,229 INFO  impl.StateMachineUpdater (StateMachineUpdater.java:takeSnapshot(242)) - StateMachineUpdater:f5735acc-57de-4427-a3b1-fc2c39969951:group-17851D98E814: Took a snapshot at index 17
2019-07-13 20:38:17,228 WARN  server.GrpcLogAppender (GrpcLogAppender.java:mayWait(143)) - GrpcLogAppender(31278a13-9f55-45e2-8070-d10d1ed70f22->2b1dba72-76ce-479e-bfd9-d2d1840a5e57): Wait interrupted by java.lang.InterruptedException
2019-07-13 20:38:17,228 WARN  server.GrpcLogAppender (GrpcLogAppender.java:mayWait(143)) - GrpcLogAppender(31278a13-9f55-45e2-8070-d10d1ed70f22->e7c229a5-1cc5-44f9-aeda-838bc679e27e): Wait interrupted by java.lang.InterruptedException
2019-07-13 20:38:17,228 INFO  impl.PendingRequests (PendingRequests.java:sendNotLeaderResponses(202)) - 31278a13-9f55-45e2-8070-d10d1ed70f22-PendingRequests: sendNotLeaderResponses
2019-07-13 20:38:17,230 INFO  server.GrpcServerProtocolService (GrpcServerProtocolService.java:onCompleted(104)) - 2b1dba72-76ce-479e-bfd9-d2d1840a5e57: appendEntries completed
2019-07-13 20:38:17,229 INFO  impl.StateMachineUpdater (StateMachineUpdater.java:lambda$new$0(80)) - StateMachineUpdater:f5735acc-57de-4427-a3b1-fc2c39969951:group-17851D98E814: snapshotIndex: updateIncreasingly -1 -> 17
2019-07-13 20:38:17,230 INFO  server.GrpcServerProtocolService (GrpcServerProtocolService.java:onCompleted(104)) - e7c229a5-1cc5-44f9-aeda-838bc679e27e: appendEntries completed
2019-07-13 20:38:17,235 INFO  ratis.ContainerStateMachine (ContainerStateMachine.java:takeSnapshot(246)) - Taking snapshot at termIndex:(t:2, i:14)
2019-07-13 20:38:17,235 INFO  ratis.ContainerStateMachine (ContainerStateMachine.java:takeSnapshot(250)) - Taking a snapshot to file /tmp/workdir/hadoop-ozone/integration-test/target/test-dir/MiniOzoneClusterImpl-1f1962dc-bf0d-43a8-81db-407fa95944b0/datanode-1/data/ratis/cea31efc-78a3-439b-b792-526ba751d950/sm/snapshot.2_14
2019-07-13 20:38:17,235 INFO  impl.StateMachineUpdater (StateMachineUpdater.java:stopAndJoin(115)) - StateMachineUpdater:31278a13-9f55-45e2-8070-d10d1ed70f22:group-526BA751D950: set stopIndex = 16
2019-07-13 20:38:17,236 INFO  impl.StateMachineUpdater (StateMachineUpdater.java:takeSnapshot(242)) - StateMachineUpdater:31278a13-9f55-45e2-8070-d10d1ed70f22:group-526BA751D950: Took a snapshot at index 14
2019-07-13 20:38:17,236 INFO  server.GrpcLogAppender (GrpcLogAppender.java:onCompleted(292)) - 31278a13-9f55-45e2-8070-d10d1ed70f22->e7c229a5-1cc5-44f9-aeda-838bc679e27e: follower responses appendEntries COMPLETED
2019-07-13 20:38:17,235 INFO  server.GrpcLogAppender (GrpcLogAppender.java:onCompleted(292)) - 31278a13-9f55-45e2-8070-d10d1ed70f22->2b1dba72-76ce-479e-bfd9-d2d1840a5e57: follower responses appendEntries COMPLETED
2019-07-13 20:38:17,235 INFO  impl.RaftServerImpl (ServerState.java:close(394)) - f5735acc-57de-4427-a3b1-fc2c39969951:group-17851D98E814 closes. The last applied log index is 18
2019-07-13 20:38:17,237 INFO  impl.FollowerInfo (FollowerInfo.java:lambda$new$0(50)) - 31278a13-9f55-45e2-8070-d10d1ed70f22->2b1dba72-76ce-479e-bfd9-d2d1840a5e57: nextIndex: updateUnconditionally 17 -> 16
2019-07-13 20:38:17,236 INFO  impl.FollowerInfo (FollowerInfo.java:lambda$new$0(50)) - 31278a13-9f55-45e2-8070-d10d1ed70f22->e7c229a5-1cc5-44f9-aeda-838bc679e27e: nextIndex: updateUnconditionally 17 -> 16
2019-07-13 20:38:17,236 INFO  impl.StateMachineUpdater (StateMachineUpdater.java:lambda$new$0(80)) - StateMachineUpdater:31278a13-9f55-45e2-8070-d10d1ed70f22:group-526BA751D950: snapshotIndex: updateIncreasingly -1 -> 14
2019-07-13 20:38:17,237 INFO  segmented.SegmentedRaftLogWorker (SegmentedRaftLogWorker.java:run(313)) - f5735acc-57de-4427-a3b1-fc2c39969951-SegmentedRaftLogWorker:Storage Directory /tmp/workdir/hadoop-ozone/integration-test/target/test-dir/MiniOzoneClusterImpl-1f1962dc-bf0d-43a8-81db-407fa95944b0/datanode-4/data/ratis/4c3a2686-683f-465b-bb6c-17851d98e814 was interrupted, exiting. There are 0 tasks remaining in the queue.
2019-07-13 20:38:17,238 INFO  impl.RaftServerImpl (ServerState.java:close(394)) - 31278a13-9f55-45e2-8070-d10d1ed70f22:group-526BA751D950 closes. The last applied log index is 16
2019-07-13 20:38:17,241 INFO  segmented.SegmentedRaftLogWorker (SegmentedRaftLogWorker.java:close(228)) - f5735acc-57de-4427-a3b1-fc2c39969951-SegmentedRaftLogWorker:Storage Directory /tmp/workdir/hadoop-ozone/integration-test/target/test-dir/MiniOzoneClusterImpl-1f1962dc-bf0d-43a8-81db-407fa95944b0/datanode-4/data/ratis/4c3a2686-683f-465b-bb6c-17851d98e814 close()
2019-07-13 20:38:17,241 INFO  segmented.SegmentedRaftLogWorker (SegmentedRaftLogWorker.java:run(313)) - 31278a13-9f55-45e2-8070-d10d1ed70f22-SegmentedRaftLogWorker:Storage Directory /tmp/workdir/hadoop-ozone/integration-test/target/test-dir/MiniOzoneClusterImpl-1f1962dc-bf0d-43a8-81db-407fa95944b0/datanode-1/data/ratis/cea31efc-78a3-439b-b792-526ba751d950 was interrupted, exiting. There are 0 tasks remaining in the queue.
2019-07-13 20:38:17,246 INFO  server.GrpcService (GrpcService.java:closeImpl(155)) - f5735acc-57de-4427-a3b1-fc2c39969951: shutdown server with port 33915 now
2019-07-13 20:38:17,249 INFO  segmented.SegmentedRaftLogWorker (SegmentedRaftLogWorker.java:close(228)) - 31278a13-9f55-45e2-8070-d10d1ed70f22-SegmentedRaftLogWorker:Storage Directory /tmp/workdir/hadoop-ozone/integration-test/target/test-dir/MiniOzoneClusterImpl-1f1962dc-bf0d-43a8-81db-407fa95944b0/datanode-1/data/ratis/cea31efc-78a3-439b-b792-526ba751d950 close()
2019-07-13 20:38:17,254 INFO  server.GrpcService (GrpcService.java:closeImpl(155)) - 31278a13-9f55-45e2-8070-d10d1ed70f22: shutdown server with port 46640 now
2019-07-13 20:38:17,254 WARN  server.GrpcServerProtocolService (LogUtils.java:warn(134)) - f5735acc-57de-4427-a3b1-fc2c39969951: appendEntries onError: org.apache.ratis.thirdparty.io.grpc.StatusRuntimeException: CANCELLED: cancelled before receiving half close
2019-07-13 20:38:17,254 WARN  server.GrpcLogAppender (LogUtils.java:warn(134)) - 68c54cb8-7b58-41e0-acca-8e491e4edd3d->f5735acc-57de-4427-a3b1-fc2c39969951: Failed appendEntries: org.apache.ratis.thirdparty.io.grpc.StatusRuntimeException: CANCELLED: HTTP/2 error code: CANCEL
Received Rst Stream
2019-07-13 20:38:17,254 INFO  server.GrpcService (GrpcService.java:closeImpl(163)) - f5735acc-57de-4427-a3b1-fc2c39969951: shutdown server with port 33915 successfully
2019-07-13 20:38:17,255 INFO  server.GrpcService (GrpcService.java:closeImpl(163)) - 31278a13-9f55-45e2-8070-d10d1ed70f22: shutdown server with port 46640 successfully
2019-07-13 20:38:17,255 INFO  impl.FollowerInfo (FollowerInfo.java:lambda$new$0(50)) - 68c54cb8-7b58-41e0-acca-8e491e4edd3d->f5735acc-57de-4427-a3b1-fc2c39969951: nextIndex: updateUnconditionally 19 -> 18
2019-07-13 20:38:17,254 WARN  client.GrpcClientProtocolService (LogUtils.java:warn(134)) - 1-UnorderedRequestStreamObserver1: onError: org.apache.ratis.thirdparty.io.grpc.StatusRuntimeException: CANCELLED: cancelled before receiving half close
2019-07-13 20:38:17,256 INFO  utils.BackgroundService (BackgroundService.java:shutdown(148)) - Shutting down service BlockDeletingService
2019-07-13 20:38:17,257 INFO  utils.BackgroundService (BackgroundService.java:shutdown(148)) - Shutting down service BlockDeletingService
2019-07-13 20:38:17,257 WARN  fs.CachingGetSpaceUsed (CachingGetSpaceUsed.java:run(183)) - Thread Interrupted waiting to refresh disk information: sleep interrupted
2019-07-13 20:38:17,264 WARN  fs.CachingGetSpaceUsed (CachingGetSpaceUsed.java:run(183)) - Thread Interrupted waiting to refresh disk information: sleep interrupted
2019-07-13 20:38:17,283 INFO  statemachine.DatanodeStateMachine (DatanodeStateMachine.java:stopDaemon(395)) - Ozone container server stopped.
2019-07-13 20:38:17,284 INFO  handler.ContextHandler (ContextHandler.java:doStop(910)) - Stopped o.e.j.w.WebAppContext@a6017f9{/,null,UNAVAILABLE}{/hddsDatanode}
2019-07-13 20:38:17,290 INFO  statemachine.DatanodeStateMachine (DatanodeStateMachine.java:stopDaemon(395)) - Ozone container server stopped.
2019-07-13 20:38:17,294 INFO  server.AbstractConnector (AbstractConnector.java:doStop(318)) - Stopped ServerConnector@14a204f{HTTP/1.1,[http/1.1]}{0.0.0.0:0}
2019-07-13 20:38:17,296 INFO  handler.ContextHandler (ContextHandler.java:doStop(910)) - Stopped o.e.j.w.WebAppContext@6231bb88{/,null,UNAVAILABLE}{/hddsDatanode}
2019-07-13 20:38:17,296 INFO  handler.ContextHandler (ContextHandler.java:doStop(910)) - Stopped o.e.j.s.ServletContextHandler@2bae0ac8{/static,jar:file:/home/user/.m2/repository/org/apache/hadoop/hadoop-hdds-container-service/0.5.0-SNAPSHOT/hadoop-hdds-container-service-0.5.0-SNAPSHOT.jar!/webapps/static,UNAVAILABLE}
2019-07-13 20:38:17,297 INFO  server.AbstractConnector (AbstractConnector.java:doStop(318)) - Stopped ServerConnector@331886ac{HTTP/1.1,[http/1.1]}{0.0.0.0:0}
2019-07-13 20:38:17,297 INFO  handler.ContextHandler (ContextHandler.java:doStop(910)) - Stopped o.e.j.s.ServletContextHandler@1fdc2d45{/logs,file:///tmp/workdir/hadoop-ozone/integration-test/target/log,UNAVAILABLE}
2019-07-13 20:38:17,299 INFO  handler.ContextHandler (ContextHandler.java:doStop(910)) - Stopped o.e.j.s.ServletContextHandler@56313529{/static,jar:file:/home/user/.m2/repository/org/apache/hadoop/hadoop-hdds-container-service/0.5.0-SNAPSHOT/hadoop-hdds-container-service-0.5.0-SNAPSHOT.jar!/webapps/static,UNAVAILABLE}
2019-07-13 20:38:17,302 INFO  handler.ContextHandler (ContextHandler.java:doStop(910)) - Stopped o.e.j.s.ServletContextHandler@26c6be2d{/logs,file:///tmp/workdir/hadoop-ozone/integration-test/target/log,UNAVAILABLE}
2019-07-13 20:38:17,302 INFO  datanode.ObjectStoreHandler (ObjectStoreHandler.java:close(155)) - Closing ObjectStoreHandler.
2019-07-13 20:38:17,303 INFO  ozone.HddsDatanodeService (HddsDatanodeService.java:stop(452)) - Stopped plug-in org.apache.hadoop.ozone.web.OzoneHddsDatanodeService@2338eeef
2019-07-13 20:38:17,303 INFO  datanode.ObjectStoreHandler (ObjectStoreHandler.java:close(155)) - Closing ObjectStoreHandler.
2019-07-13 20:38:17,304 INFO  ozone.HddsDatanodeService (HddsDatanodeService.java:stop(452)) - Stopped plug-in org.apache.hadoop.ozone.web.OzoneHddsDatanodeService@43c76550
2019-07-13 20:38:17,544 INFO  statemachine.DatanodeStateMachine (DatanodeStateMachine.java:lambda$startDaemon$0(350)) - Ozone container server started.
2019-07-13 20:38:18,005 INFO  statemachine.DatanodeStateMachine (DatanodeStateMachine.java:lambda$startDaemon$0(350)) - Ozone container server started.
2019-07-13 20:38:18,525 WARN  server.GrpcLogAppender (LogUtils.java:warn(134)) - 68c54cb8-7b58-41e0-acca-8e491e4edd3d->f5735acc-57de-4427-a3b1-fc2c39969951: Failed appendEntries: org.apache.ratis.thirdparty.io.grpc.StatusRuntimeException: UNAVAILABLE: io exception
2019-07-13 20:38:18,526 INFO  impl.FollowerInfo (FollowerInfo.java:lambda$new$0(50)) - 68c54cb8-7b58-41e0-acca-8e491e4edd3d->f5735acc-57de-4427-a3b1-fc2c39969951: nextIndex: updateUnconditionally 18 -> 17
2019-07-13 20:38:21,026 WARN  server.GrpcLogAppender (LogUtils.java:warn(134)) - 68c54cb8-7b58-41e0-acca-8e491e4edd3d->f5735acc-57de-4427-a3b1-fc2c39969951: Failed appendEntries: org.apache.ratis.thirdparty.io.grpc.StatusRuntimeException: UNAVAILABLE: io exception
2019-07-13 20:38:21,026 INFO  impl.FollowerInfo (FollowerInfo.java:lambda$new$0(50)) - 68c54cb8-7b58-41e0-acca-8e491e4edd3d->f5735acc-57de-4427-a3b1-fc2c39969951: nextIndex: updateUnconditionally 17 -> 16
2019-07-13 20:38:21,599 INFO  node.StaleNodeHandler (StaleNodeHandler.java:onMessage(58)) - Datanode 875fe4f1-c2a4-463d-b92a-7c6961af5b75{ip: 192.168.5.168, host: trunk-nightly-6qp7m-2461138711, networkLocation: /default-rack, certSerialId: null} moved to stale state. Finalizing its pipelines [PipelineID=d59ec666-9755-44d4-801b-5e600aef6f09, PipelineID=4c3a2686-683f-465b-bb6c-17851d98e814]
2019-07-13 20:38:21,600 INFO  pipeline.SCMPipelineManager (SCMPipelineManager.java:finalizeAndDestroyPipeline(309)) - destroying pipeline:Pipeline[ Id: d59ec666-9755-44d4-801b-5e600aef6f09, Nodes: 875fe4f1-c2a4-463d-b92a-7c6961af5b75{ip: 192.168.5.168, host: trunk-nightly-6qp7m-2461138711, networkLocation: /default-rack, certSerialId: null}, Type:RATIS, Factor:ONE, State:OPEN]
2019-07-13 20:38:21,600 INFO  pipeline.PipelineStateManager (PipelineStateManager.java:finalizePipeline(123)) - Pipeline Pipeline[ Id: d59ec666-9755-44d4-801b-5e600aef6f09, Nodes: 875fe4f1-c2a4-463d-b92a-7c6961af5b75{ip: 192.168.5.168, host: trunk-nightly-6qp7m-2461138711, networkLocation: /default-rack, certSerialId: null}, Type:RATIS, Factor:ONE, State:CLOSED] moved to CLOSED state
2019-07-13 20:38:21,600 INFO  pipeline.SCMPipelineManager (SCMPipelineManager.java:finalizeAndDestroyPipeline(309)) - destroying pipeline:Pipeline[ Id: 4c3a2686-683f-465b-bb6c-17851d98e814, Nodes: 68c54cb8-7b58-41e0-acca-8e491e4edd3d{ip: 192.168.5.168, host: trunk-nightly-6qp7m-2461138711, networkLocation: /default-rack, certSerialId: null}f5735acc-57de-4427-a3b1-fc2c39969951{ip: 192.168.5.168, host: trunk-nightly-6qp7m-2461138711, networkLocation: /default-rack, certSerialId: null}875fe4f1-c2a4-463d-b92a-7c6961af5b75{ip: 192.168.5.168, host: trunk-nightly-6qp7m-2461138711, networkLocation: /default-rack, certSerialId: null}, Type:RATIS, Factor:THREE, State:CLOSED]
2019-07-13 20:38:22,100 INFO  node.StaleNodeHandler (StaleNodeHandler.java:onMessage(58)) - Datanode e7c229a5-1cc5-44f9-aeda-838bc679e27e{ip: 192.168.5.168, host: trunk-nightly-6qp7m-2461138711, networkLocation: /default-rack, certSerialId: null} moved to stale state. Finalizing its pipelines [PipelineID=158509c4-d5ec-45ff-b330-be92e8d527e2, PipelineID=cea31efc-78a3-439b-b792-526ba751d950]
2019-07-13 20:38:22,101 INFO  pipeline.SCMPipelineManager (SCMPipelineManager.java:finalizeAndDestroyPipeline(309)) - destroying pipeline:Pipeline[ Id: 158509c4-d5ec-45ff-b330-be92e8d527e2, Nodes: e7c229a5-1cc5-44f9-aeda-838bc679e27e{ip: 192.168.5.168, host: trunk-nightly-6qp7m-2461138711, networkLocation: /default-rack, certSerialId: null}, Type:RATIS, Factor:ONE, State:OPEN]
2019-07-13 20:38:22,101 INFO  pipeline.PipelineStateManager (PipelineStateManager.java:finalizePipeline(123)) - Pipeline Pipeline[ Id: 158509c4-d5ec-45ff-b330-be92e8d527e2, Nodes: e7c229a5-1cc5-44f9-aeda-838bc679e27e{ip: 192.168.5.168, host: trunk-nightly-6qp7m-2461138711, networkLocation: /default-rack, certSerialId: null}, Type:RATIS, Factor:ONE, State:CLOSED] moved to CLOSED state
2019-07-13 20:38:22,101 INFO  pipeline.SCMPipelineManager (SCMPipelineManager.java:finalizeAndDestroyPipeline(309)) - destroying pipeline:Pipeline[ Id: cea31efc-78a3-439b-b792-526ba751d950, Nodes: 2b1dba72-76ce-479e-bfd9-d2d1840a5e57{ip: 192.168.5.168, host: trunk-nightly-6qp7m-2461138711, networkLocation: /default-rack, certSerialId: null}31278a13-9f55-45e2-8070-d10d1ed70f22{ip: 192.168.5.168, host: trunk-nightly-6qp7m-2461138711, networkLocation: /default-rack, certSerialId: null}e7c229a5-1cc5-44f9-aeda-838bc679e27e{ip: 192.168.5.168, host: trunk-nightly-6qp7m-2461138711, networkLocation: /default-rack, certSerialId: null}, Type:RATIS, Factor:THREE, State:CLOSED]
2019-07-13 20:38:22,304 INFO  ozoneimpl.OzoneContainer (OzoneContainer.java:stop(199)) - Attempting to stop container services.
2019-07-13 20:38:22,304 INFO  ozoneimpl.OzoneContainer (OzoneContainer.java:stop(199)) - Attempting to stop container services.
2019-07-13 20:38:22,305 INFO  impl.RaftServerProxy (RaftServerProxy.java:lambda$close$4(314)) - 875fe4f1-c2a4-463d-b92a-7c6961af5b75: close
2019-07-13 20:38:22,305 INFO  impl.RaftServerProxy (RaftServerProxy.java:lambda$close$4(314)) - e7c229a5-1cc5-44f9-aeda-838bc679e27e: close
2019-07-13 20:38:22,305 INFO  impl.RaftServerImpl (RaftServerImpl.java:lambda$shutdown$3(245)) - 875fe4f1-c2a4-463d-b92a-7c6961af5b75: shutdown group-5E600AEF6F09
2019-07-13 20:38:22,305 INFO  impl.RaftServerImpl (RaftServerImpl.java:lambda$shutdown$3(245)) - e7c229a5-1cc5-44f9-aeda-838bc679e27e: shutdown group-BE92E8D527E2
2019-07-13 20:38:22,306 INFO  util.JmxRegister (JmxRegister.java:unregister(73)) - Successfully un-registered JMX Bean with object name Ratis:service=RaftServer,group=group-5E600AEF6F09,id=875fe4f1-c2a4-463d-b92a-7c6961af5b75
2019-07-13 20:38:22,307 INFO  impl.RoleInfo (RoleInfo.java:shutdownLeaderState(104)) - 875fe4f1-c2a4-463d-b92a-7c6961af5b75: shutdown LeaderState
2019-07-13 20:38:22,306 INFO  util.JmxRegister (JmxRegister.java:unregister(73)) - Successfully un-registered JMX Bean with object name Ratis:service=RaftServer,group=group-BE92E8D527E2,id=e7c229a5-1cc5-44f9-aeda-838bc679e27e
2019-07-13 20:38:22,307 INFO  impl.PendingRequests (PendingRequests.java:sendNotLeaderResponses(202)) - 875fe4f1-c2a4-463d-b92a-7c6961af5b75-PendingRequests: sendNotLeaderResponses
2019-07-13 20:38:22,307 INFO  impl.RoleInfo (RoleInfo.java:shutdownLeaderState(104)) - e7c229a5-1cc5-44f9-aeda-838bc679e27e: shutdown LeaderState
2019-07-13 20:38:22,308 INFO  ratis.ContainerStateMachine (ContainerStateMachine.java:takeSnapshot(246)) - Taking snapshot at termIndex:(t:0, i:~)
2019-07-13 20:38:22,308 INFO  impl.StateMachineUpdater (StateMachineUpdater.java:stopAndJoin(115)) - StateMachineUpdater:875fe4f1-c2a4-463d-b92a-7c6961af5b75:group-5E600AEF6F09: set stopIndex = 0
2019-07-13 20:38:22,309 INFO  impl.RaftServerImpl (ServerState.java:close(394)) - 875fe4f1-c2a4-463d-b92a-7c6961af5b75:group-5E600AEF6F09 closes. The last applied log index is 0
2019-07-13 20:38:22,308 INFO  impl.PendingRequests (PendingRequests.java:sendNotLeaderResponses(202)) - e7c229a5-1cc5-44f9-aeda-838bc679e27e-PendingRequests: sendNotLeaderResponses
2019-07-13 20:38:22,309 INFO  segmented.SegmentedRaftLogWorker (SegmentedRaftLogWorker.java:run(313)) - 875fe4f1-c2a4-463d-b92a-7c6961af5b75-SegmentedRaftLogWorker:Storage Directory /tmp/workdir/hadoop-ozone/integration-test/target/test-dir/MiniOzoneClusterImpl-1f1962dc-bf0d-43a8-81db-407fa95944b0/datanode-3/data/ratis/d59ec666-9755-44d4-801b-5e600aef6f09 was interrupted, exiting. There are 0 tasks remaining in the queue.
2019-07-13 20:38:22,309 INFO  impl.StateMachineUpdater (StateMachineUpdater.java:stopAndJoin(115)) - StateMachineUpdater:e7c229a5-1cc5-44f9-aeda-838bc679e27e:group-BE92E8D527E2: set stopIndex = 0
2019-07-13 20:38:22,312 INFO  segmented.SegmentedRaftLogWorker (SegmentedRaftLogWorker.java:close(228)) - 875fe4f1-c2a4-463d-b92a-7c6961af5b75-SegmentedRaftLogWorker:Storage Directory /tmp/workdir/hadoop-ozone/integration-test/target/test-dir/MiniOzoneClusterImpl-1f1962dc-bf0d-43a8-81db-407fa95944b0/datanode-3/data/ratis/d59ec666-9755-44d4-801b-5e600aef6f09 close()
2019-07-13 20:38:22,310 INFO  ratis.ContainerStateMachine (ContainerStateMachine.java:takeSnapshot(246)) - Taking snapshot at termIndex:(t:0, i:~)
2019-07-13 20:38:22,323 INFO  impl.RaftServerImpl (RaftServerImpl.java:lambda$shutdown$3(245)) - 875fe4f1-c2a4-463d-b92a-7c6961af5b75: shutdown group-17851D98E814
2019-07-13 20:38:22,324 INFO  util.JmxRegister (JmxRegister.java:unregister(73)) - Successfully un-registered JMX Bean with object name Ratis:service=RaftServer,group=group-17851D98E814,id=875fe4f1-c2a4-463d-b92a-7c6961af5b75
2019-07-13 20:38:22,324 INFO  impl.RoleInfo (RoleInfo.java:shutdownFollowerState(121)) - 875fe4f1-c2a4-463d-b92a-7c6961af5b75: shutdown FollowerState
2019-07-13 20:38:22,325 INFO  impl.StateMachineUpdater (StateMachineUpdater.java:stopAndJoin(115)) - StateMachineUpdater:875fe4f1-c2a4-463d-b92a-7c6961af5b75:group-17851D98E814: set stopIndex = 18
2019-07-13 20:38:22,324 INFO  impl.RaftServerImpl (ServerState.java:close(394)) - e7c229a5-1cc5-44f9-aeda-838bc679e27e:group-BE92E8D527E2 closes. The last applied log index is 0
2019-07-13 20:38:22,325 INFO  impl.FollowerState (FollowerState.java:run(114)) - 875fe4f1-c2a4-463d-b92a-7c6961af5b75: FollowerState was interrupted: java.lang.InterruptedException: sleep interrupted
2019-07-13 20:38:22,325 INFO  ratis.ContainerStateMachine (ContainerStateMachine.java:takeSnapshot(246)) - Taking snapshot at termIndex:(t:1, i:17)
2019-07-13 20:38:22,326 INFO  segmented.SegmentedRaftLogWorker (SegmentedRaftLogWorker.java:run(313)) - e7c229a5-1cc5-44f9-aeda-838bc679e27e-SegmentedRaftLogWorker:Storage Directory /tmp/workdir/hadoop-ozone/integration-test/target/test-dir/MiniOzoneClusterImpl-1f1962dc-bf0d-43a8-81db-407fa95944b0/datanode-2/data/ratis/158509c4-d5ec-45ff-b330-be92e8d527e2 was interrupted, exiting. There are 0 tasks remaining in the queue.
2019-07-13 20:38:22,326 INFO  ratis.ContainerStateMachine (ContainerStateMachine.java:takeSnapshot(250)) - Taking a snapshot to file /tmp/workdir/hadoop-ozone/integration-test/target/test-dir/MiniOzoneClusterImpl-1f1962dc-bf0d-43a8-81db-407fa95944b0/datanode-3/data/ratis/4c3a2686-683f-465b-bb6c-17851d98e814/sm/snapshot.1_17
2019-07-13 20:38:22,326 INFO  segmented.SegmentedRaftLogWorker (SegmentedRaftLogWorker.java:close(228)) - e7c229a5-1cc5-44f9-aeda-838bc679e27e-SegmentedRaftLogWorker:Storage Directory /tmp/workdir/hadoop-ozone/integration-test/target/test-dir/MiniOzoneClusterImpl-1f1962dc-bf0d-43a8-81db-407fa95944b0/datanode-2/data/ratis/158509c4-d5ec-45ff-b330-be92e8d527e2 close()
2019-07-13 20:38:22,327 INFO  impl.StateMachineUpdater (StateMachineUpdater.java:takeSnapshot(242)) - StateMachineUpdater:875fe4f1-c2a4-463d-b92a-7c6961af5b75:group-17851D98E814: Took a snapshot at index 17
2019-07-13 20:38:22,329 INFO  impl.RaftServerImpl (RaftServerImpl.java:lambda$shutdown$3(245)) - e7c229a5-1cc5-44f9-aeda-838bc679e27e: shutdown group-526BA751D950
2019-07-13 20:38:22,329 INFO  impl.StateMachineUpdater (StateMachineUpdater.java:lambda$new$0(80)) - StateMachineUpdater:875fe4f1-c2a4-463d-b92a-7c6961af5b75:group-17851D98E814: snapshotIndex: updateIncreasingly -1 -> 17
2019-07-13 20:38:22,329 INFO  util.JmxRegister (JmxRegister.java:unregister(73)) - Successfully un-registered JMX Bean with object name Ratis:service=RaftServer,group=group-526BA751D950,id=e7c229a5-1cc5-44f9-aeda-838bc679e27e
2019-07-13 20:38:22,330 INFO  impl.RaftServerImpl (ServerState.java:close(394)) - 875fe4f1-c2a4-463d-b92a-7c6961af5b75:group-17851D98E814 closes. The last applied log index is 18
2019-07-13 20:38:22,330 INFO  impl.RoleInfo (RoleInfo.java:shutdownFollowerState(121)) - e7c229a5-1cc5-44f9-aeda-838bc679e27e: shutdown FollowerState
2019-07-13 20:38:22,330 INFO  segmented.SegmentedRaftLogWorker (SegmentedRaftLogWorker.java:run(313)) - 875fe4f1-c2a4-463d-b92a-7c6961af5b75-SegmentedRaftLogWorker:Storage Directory /tmp/workdir/hadoop-ozone/integration-test/target/test-dir/MiniOzoneClusterImpl-1f1962dc-bf0d-43a8-81db-407fa95944b0/datanode-3/data/ratis/4c3a2686-683f-465b-bb6c-17851d98e814 was interrupted, exiting. There are 0 tasks remaining in the queue.
2019-07-13 20:38:22,331 INFO  ratis.ContainerStateMachine (ContainerStateMachine.java:takeSnapshot(246)) - Taking snapshot at termIndex:(t:2, i:14)
2019-07-13 20:38:22,330 INFO  impl.StateMachineUpdater (StateMachineUpdater.java:stopAndJoin(115)) - StateMachineUpdater:e7c229a5-1cc5-44f9-aeda-838bc679e27e:group-526BA751D950: set stopIndex = 16
2019-07-13 20:38:22,331 INFO  segmented.SegmentedRaftLogWorker (SegmentedRaftLogWorker.java:close(228)) - 875fe4f1-c2a4-463d-b92a-7c6961af5b75-SegmentedRaftLogWorker:Storage Directory /tmp/workdir/hadoop-ozone/integration-test/target/test-dir/MiniOzoneClusterImpl-1f1962dc-bf0d-43a8-81db-407fa95944b0/datanode-3/data/ratis/4c3a2686-683f-465b-bb6c-17851d98e814 close()
2019-07-13 20:38:22,331 INFO  ratis.ContainerStateMachine (ContainerStateMachine.java:takeSnapshot(250)) - Taking a snapshot to file /tmp/workdir/hadoop-ozone/integration-test/target/test-dir/MiniOzoneClusterImpl-1f1962dc-bf0d-43a8-81db-407fa95944b0/datanode-2/data/ratis/cea31efc-78a3-439b-b792-526ba751d950/sm/snapshot.2_14
2019-07-13 20:38:22,331 INFO  impl.FollowerState (FollowerState.java:run(114)) - e7c229a5-1cc5-44f9-aeda-838bc679e27e: FollowerState was interrupted: java.lang.InterruptedException: sleep interrupted
2019-07-13 20:38:22,333 INFO  server.GrpcService (GrpcService.java:closeImpl(155)) - 875fe4f1-c2a4-463d-b92a-7c6961af5b75: shutdown server with port 43142 now
2019-07-13 20:38:22,334 INFO  impl.StateMachineUpdater (StateMachineUpdater.java:takeSnapshot(242)) - StateMachineUpdater:e7c229a5-1cc5-44f9-aeda-838bc679e27e:group-526BA751D950: Took a snapshot at index 14
2019-07-13 20:38:22,334 INFO  impl.StateMachineUpdater (StateMachineUpdater.java:lambda$new$0(80)) - StateMachineUpdater:e7c229a5-1cc5-44f9-aeda-838bc679e27e:group-526BA751D950: snapshotIndex: updateIncreasingly -1 -> 14
2019-07-13 20:38:22,334 INFO  impl.RaftServerImpl (ServerState.java:close(394)) - e7c229a5-1cc5-44f9-aeda-838bc679e27e:group-526BA751D950 closes. The last applied log index is 16
2019-07-13 20:38:22,335 INFO  segmented.SegmentedRaftLogWorker (SegmentedRaftLogWorker.java:run(313)) - e7c229a5-1cc5-44f9-aeda-838bc679e27e-SegmentedRaftLogWorker:Storage Directory /tmp/workdir/hadoop-ozone/integration-test/target/test-dir/MiniOzoneClusterImpl-1f1962dc-bf0d-43a8-81db-407fa95944b0/datanode-2/data/ratis/cea31efc-78a3-439b-b792-526ba751d950 was interrupted, exiting. There are 0 tasks remaining in the queue.
2019-07-13 20:38:22,335 INFO  segmented.SegmentedRaftLogWorker (SegmentedRaftLogWorker.java:close(228)) - e7c229a5-1cc5-44f9-aeda-838bc679e27e-SegmentedRaftLogWorker:Storage Directory /tmp/workdir/hadoop-ozone/integration-test/target/test-dir/MiniOzoneClusterImpl-1f1962dc-bf0d-43a8-81db-407fa95944b0/datanode-2/data/ratis/cea31efc-78a3-439b-b792-526ba751d950 close()
2019-07-13 20:38:22,335 WARN  server.GrpcLogAppender (LogUtils.java:warn(134)) - 68c54cb8-7b58-41e0-acca-8e491e4edd3d->875fe4f1-c2a4-463d-b92a-7c6961af5b75: Failed appendEntries: org.apache.ratis.thirdparty.io.grpc.StatusRuntimeException: CANCELLED: HTTP/2 error code: CANCEL
Received Rst Stream
2019-07-13 20:38:22,335 INFO  server.GrpcService (GrpcService.java:closeImpl(163)) - 875fe4f1-c2a4-463d-b92a-7c6961af5b75: shutdown server with port 43142 successfully
2019-07-13 20:38:22,335 WARN  server.GrpcServerProtocolService (LogUtils.java:warn(134)) - 875fe4f1-c2a4-463d-b92a-7c6961af5b75: appendEntries onError: org.apache.ratis.thirdparty.io.grpc.StatusRuntimeException: CANCELLED: cancelled before receiving half close
2019-07-13 20:38:22,338 INFO  impl.FollowerInfo (FollowerInfo.java:lambda$new$0(50)) - 68c54cb8-7b58-41e0-acca-8e491e4edd3d->875fe4f1-c2a4-463d-b92a-7c6961af5b75: nextIndex: updateUnconditionally 19 -> 18
2019-07-13 20:38:22,337 INFO  server.GrpcService (GrpcService.java:closeImpl(155)) - e7c229a5-1cc5-44f9-aeda-838bc679e27e: shutdown server with port 35219 now
2019-07-13 20:38:22,339 INFO  server.GrpcService (GrpcService.java:closeImpl(163)) - e7c229a5-1cc5-44f9-aeda-838bc679e27e: shutdown server with port 35219 successfully
2019-07-13 20:38:22,340 INFO  utils.BackgroundService (BackgroundService.java:shutdown(148)) - Shutting down service BlockDeletingService
2019-07-13 20:38:22,342 WARN  fs.CachingGetSpaceUsed (CachingGetSpaceUsed.java:run(183)) - Thread Interrupted waiting to refresh disk information: sleep interrupted
2019-07-13 20:38:22,343 INFO  utils.BackgroundService (BackgroundService.java:shutdown(148)) - Shutting down service BlockDeletingService
2019-07-13 20:38:22,347 WARN  fs.CachingGetSpaceUsed (CachingGetSpaceUsed.java:run(183)) - Thread Interrupted waiting to refresh disk information: sleep interrupted
2019-07-13 20:38:22,362 INFO  statemachine.DatanodeStateMachine (DatanodeStateMachine.java:stopDaemon(395)) - Ozone container server stopped.
2019-07-13 20:38:22,375 INFO  statemachine.DatanodeStateMachine (DatanodeStateMachine.java:stopDaemon(395)) - Ozone container server stopped.
2019-07-13 20:38:22,380 INFO  handler.ContextHandler (ContextHandler.java:doStop(910)) - Stopped o.e.j.w.WebAppContext@cd8e702{/,null,UNAVAILABLE}{/hddsDatanode}
2019-07-13 20:38:22,380 INFO  handler.ContextHandler (ContextHandler.java:doStop(910)) - Stopped o.e.j.w.WebAppContext@72c8af69{/,null,UNAVAILABLE}{/hddsDatanode}
2019-07-13 20:38:22,381 INFO  server.AbstractConnector (AbstractConnector.java:doStop(318)) - Stopped ServerConnector@28897ca{HTTP/1.1,[http/1.1]}{0.0.0.0:0}
2019-07-13 20:38:22,381 INFO  server.AbstractConnector (AbstractConnector.java:doStop(318)) - Stopped ServerConnector@6d921d6b{HTTP/1.1,[http/1.1]}{0.0.0.0:0}
2019-07-13 20:38:22,383 INFO  handler.ContextHandler (ContextHandler.java:doStop(910)) - Stopped o.e.j.s.ServletContextHandler@4f8eb97c{/static,jar:file:/home/user/.m2/repository/org/apache/hadoop/hadoop-hdds-container-service/0.5.0-SNAPSHOT/hadoop-hdds-container-service-0.5.0-SNAPSHOT.jar!/webapps/static,UNAVAILABLE}
2019-07-13 20:38:22,383 INFO  handler.ContextHandler (ContextHandler.java:doStop(910)) - Stopped o.e.j.s.ServletContextHandler@7b9e4a2a{/static,jar:file:/home/user/.m2/repository/org/apache/hadoop/hadoop-hdds-container-service/0.5.0-SNAPSHOT/hadoop-hdds-container-service-0.5.0-SNAPSHOT.jar!/webapps/static,UNAVAILABLE}
2019-07-13 20:38:22,385 INFO  handler.ContextHandler (ContextHandler.java:doStop(910)) - Stopped o.e.j.s.ServletContextHandler@5920c4ed{/logs,file:///tmp/workdir/hadoop-ozone/integration-test/target/log,UNAVAILABLE}
2019-07-13 20:38:22,385 INFO  handler.ContextHandler (ContextHandler.java:doStop(910)) - Stopped o.e.j.s.ServletContextHandler@6ff879e5{/logs,file:///tmp/workdir/hadoop-ozone/integration-test/target/log,UNAVAILABLE}
2019-07-13 20:38:22,386 INFO  datanode.ObjectStoreHandler (ObjectStoreHandler.java:close(155)) - Closing ObjectStoreHandler.
2019-07-13 20:38:22,386 INFO  datanode.ObjectStoreHandler (ObjectStoreHandler.java:close(155)) - Closing ObjectStoreHandler.
2019-07-13 20:38:22,386 INFO  ozone.HddsDatanodeService (HddsDatanodeService.java:stop(452)) - Stopped plug-in org.apache.hadoop.ozone.web.OzoneHddsDatanodeService@6f914212
2019-07-13 20:38:22,386 INFO  ozone.HddsDatanodeService (HddsDatanodeService.java:stop(452)) - Stopped plug-in org.apache.hadoop.ozone.web.OzoneHddsDatanodeService@3ed3f72a
2019-07-13 20:38:22,906 INFO  statemachine.DatanodeStateMachine (DatanodeStateMachine.java:lambda$startDaemon$0(350)) - Ozone container server started.
2019-07-13 20:38:23,012 INFO  statemachine.DatanodeStateMachine (DatanodeStateMachine.java:lambda$startDaemon$0(350)) - Ozone container server started.
2019-07-13 20:38:23,527 WARN  server.GrpcLogAppender (LogUtils.java:warn(134)) - 68c54cb8-7b58-41e0-acca-8e491e4edd3d->f5735acc-57de-4427-a3b1-fc2c39969951: Failed appendEntries: org.apache.ratis.thirdparty.io.grpc.StatusRuntimeException: UNAVAILABLE: io exception
2019-07-13 20:38:23,528 INFO  impl.FollowerInfo (FollowerInfo.java:lambda$new$0(50)) - 68c54cb8-7b58-41e0-acca-8e491e4edd3d->f5735acc-57de-4427-a3b1-fc2c39969951: nextIndex: updateUnconditionally 16 -> 15
2019-07-13 20:38:23,529 WARN  server.GrpcLogAppender (LogUtils.java:warn(134)) - 68c54cb8-7b58-41e0-acca-8e491e4edd3d->875fe4f1-c2a4-463d-b92a-7c6961af5b75: Failed appendEntries: org.apache.ratis.thirdparty.io.grpc.StatusRuntimeException: UNAVAILABLE: io exception
2019-07-13 20:38:23,529 INFO  impl.FollowerInfo (FollowerInfo.java:lambda$new$0(50)) - 68c54cb8-7b58-41e0-acca-8e491e4edd3d->875fe4f1-c2a4-463d-b92a-7c6961af5b75: nextIndex: updateUnconditionally 18 -> 17
2019-07-13 20:38:26,028 WARN  server.GrpcLogAppender (LogUtils.java:warn(134)) - 68c54cb8-7b58-41e0-acca-8e491e4edd3d->f5735acc-57de-4427-a3b1-fc2c39969951: Failed appendEntries: org.apache.ratis.thirdparty.io.grpc.StatusRuntimeException: UNAVAILABLE: io exception
2019-07-13 20:38:26,029 INFO  impl.FollowerInfo (FollowerInfo.java:lambda$new$0(50)) - 68c54cb8-7b58-41e0-acca-8e491e4edd3d->f5735acc-57de-4427-a3b1-fc2c39969951: nextIndex: updateUnconditionally 15 -> 14
2019-07-13 20:38:26,030 WARN  server.GrpcLogAppender (LogUtils.java:warn(134)) - 68c54cb8-7b58-41e0-acca-8e491e4edd3d->875fe4f1-c2a4-463d-b92a-7c6961af5b75: Failed appendEntries: org.apache.ratis.thirdparty.io.grpc.StatusRuntimeException: UNAVAILABLE: io exception
2019-07-13 20:38:26,030 INFO  impl.FollowerInfo (FollowerInfo.java:lambda$new$0(50)) - 68c54cb8-7b58-41e0-acca-8e491e4edd3d->875fe4f1-c2a4-463d-b92a-7c6961af5b75: nextIndex: updateUnconditionally 17 -> 16
2019-07-13 20:38:26,547 INFO  impl.FollowerState (FollowerState.java:run(106)) - 2b1dba72-76ce-479e-bfd9-d2d1840a5e57:group-526BA751D950 changes to CANDIDATE, lastRpcTime:9427, electionTimeout:5183ms
2019-07-13 20:38:26,548 INFO  impl.RoleInfo (RoleInfo.java:shutdownFollowerState(121)) - 2b1dba72-76ce-479e-bfd9-d2d1840a5e57: shutdown FollowerState
2019-07-13 20:38:26,548 INFO  impl.RaftServerImpl (RaftServerImpl.java:setRole(171)) - 2b1dba72-76ce-479e-bfd9-d2d1840a5e57:group-526BA751D950 changes role from FOLLOWER to CANDIDATE at term 2 for changeToCandidate
2019-07-13 20:38:26,548 INFO  impl.RoleInfo (RoleInfo.java:updateAndGet(143)) - 2b1dba72-76ce-479e-bfd9-d2d1840a5e57: start LeaderElection
2019-07-13 20:38:26,549 INFO  impl.RaftServerImpl (ServerState.java:setLeader(263)) - 2b1dba72-76ce-479e-bfd9-d2d1840a5e57:group-526BA751D950 change Leader from 31278a13-9f55-45e2-8070-d10d1ed70f22 to null at term 2 for initElection
2019-07-13 20:38:26,564 INFO  impl.LeaderElection (LeaderElection.java:askForVotes(181)) - 2b1dba72-76ce-479e-bfd9-d2d1840a5e57:group-526BA751D950:LeaderElection99: begin an election at term 3 for 0: [2b1dba72-76ce-479e-bfd9-d2d1840a5e57:192.168.5.168:45504, e7c229a5-1cc5-44f9-aeda-838bc679e27e:192.168.5.168:35219, 31278a13-9f55-45e2-8070-d10d1ed70f22:192.168.5.168:46640], old=null
2019-07-13 20:38:26,566 INFO  impl.LeaderElection (LogUtils.java:infoOrTrace(149)) - 2b1dba72-76ce-479e-bfd9-d2d1840a5e57:group-526BA751D950:LeaderElection99 got exception when requesting votes: {}
java.util.concurrent.ExecutionException: org.apache.ratis.thirdparty.io.grpc.StatusRuntimeException: UNAVAILABLE: io exception
	at java.util.concurrent.FutureTask.report(FutureTask.java:122)
	at java.util.concurrent.FutureTask.get(FutureTask.java:192)
	at org.apache.ratis.server.impl.LeaderElection.waitForResults(LeaderElection.java:262)
	at org.apache.ratis.server.impl.LeaderElection.askForVotes(LeaderElection.java:200)
	at org.apache.ratis.server.impl.LeaderElection.run(LeaderElection.java:130)
	at java.lang.Thread.run(Thread.java:748)
Caused by: org.apache.ratis.thirdparty.io.grpc.StatusRuntimeException: UNAVAILABLE: io exception
	at org.apache.ratis.thirdparty.io.grpc.stub.ClientCalls.toStatusRuntimeException(ClientCalls.java:233)
	at org.apache.ratis.thirdparty.io.grpc.stub.ClientCalls.getUnchecked(ClientCalls.java:214)
	at org.apache.ratis.thirdparty.io.grpc.stub.ClientCalls.blockingUnaryCall(ClientCalls.java:139)
	at org.apache.ratis.proto.grpc.RaftServerProtocolServiceGrpc$RaftServerProtocolServiceBlockingStub.requestVote(RaftServerProtocolServiceGrpc.java:265)
	at org.apache.ratis.grpc.server.GrpcServerProtocolClient.requestVote(GrpcServerProtocolClient.java:83)
	at org.apache.ratis.grpc.server.GrpcService.requestVote(GrpcService.java:195)
	at org.apache.ratis.server.impl.LeaderElection.lambda$submitRequests$1(LeaderElection.java:237)
	at java.util.concurrent.FutureTask.run(FutureTask.java:266)
	at java.util.concurrent.Executors$RunnableAdapter.call(Executors.java:511)
	at java.util.concurrent.FutureTask.run(FutureTask.java:266)
	at java.util.concurrent.ThreadPoolExecutor.runWorker(ThreadPoolExecutor.java:1149)
	at java.util.concurrent.ThreadPoolExecutor$Worker.run(ThreadPoolExecutor.java:624)
	... 1 more
Caused by: org.apache.ratis.thirdparty.io.netty.channel.AbstractChannel$AnnotatedConnectException: Connection refused: /192.168.5.168:46640
	at sun.nio.ch.SocketChannelImpl.checkConnect(Native Method)
	at sun.nio.ch.SocketChannelImpl.finishConnect(SocketChannelImpl.java:717)
	at org.apache.ratis.thirdparty.io.netty.channel.socket.nio.NioSocketChannel.doFinishConnect(NioSocketChannel.java:327)
	at org.apache.ratis.thirdparty.io.netty.channel.nio.AbstractNioChannel$AbstractNioUnsafe.finishConnect(AbstractNioChannel.java:340)
	at org.apache.ratis.thirdparty.io.netty.channel.nio.NioEventLoop.processSelectedKey(NioEventLoop.java:632)
	at org.apache.ratis.thirdparty.io.netty.channel.nio.NioEventLoop.processSelectedKeysOptimized(NioEventLoop.java:579)
	at org.apache.ratis.thirdparty.io.netty.channel.nio.NioEventLoop.processSelectedKeys(NioEventLoop.java:496)
	at org.apache.ratis.thirdparty.io.netty.channel.nio.NioEventLoop.run(NioEventLoop.java:458)
	at org.apache.ratis.thirdparty.io.netty.util.concurrent.SingleThreadEventExecutor$5.run(SingleThreadEventExecutor.java:897)
	at org.apache.ratis.thirdparty.io.netty.util.concurrent.FastThreadLocalRunnable.run(FastThreadLocalRunnable.java:30)
	... 1 more
Caused by: java.net.ConnectException: Connection refused
	... 11 more
2019-07-13 20:38:26,568 INFO  impl.LeaderElection (LogUtils.java:infoOrTrace(149)) - 2b1dba72-76ce-479e-bfd9-d2d1840a5e57:group-526BA751D950:LeaderElection99 got exception when requesting votes: {}
java.util.concurrent.ExecutionException: org.apache.ratis.thirdparty.io.grpc.StatusRuntimeException: UNAVAILABLE: io exception
	at java.util.concurrent.FutureTask.report(FutureTask.java:122)
	at java.util.concurrent.FutureTask.get(FutureTask.java:192)
	at org.apache.ratis.server.impl.LeaderElection.waitForResults(LeaderElection.java:262)
	at org.apache.ratis.server.impl.LeaderElection.askForVotes(LeaderElection.java:200)
	at org.apache.ratis.server.impl.LeaderElection.run(LeaderElection.java:130)
	at java.lang.Thread.run(Thread.java:748)
Caused by: org.apache.ratis.thirdparty.io.grpc.StatusRuntimeException: UNAVAILABLE: io exception
	at org.apache.ratis.thirdparty.io.grpc.stub.ClientCalls.toStatusRuntimeException(ClientCalls.java:233)
	at org.apache.ratis.thirdparty.io.grpc.stub.ClientCalls.getUnchecked(ClientCalls.java:214)
	at org.apache.ratis.thirdparty.io.grpc.stub.ClientCalls.blockingUnaryCall(ClientCalls.java:139)
	at org.apache.ratis.proto.grpc.RaftServerProtocolServiceGrpc$RaftServerProtocolServiceBlockingStub.requestVote(RaftServerProtocolServiceGrpc.java:265)
	at org.apache.ratis.grpc.server.GrpcServerProtocolClient.requestVote(GrpcServerProtocolClient.java:83)
	at org.apache.ratis.grpc.server.GrpcService.requestVote(GrpcService.java:195)
	at org.apache.ratis.server.impl.LeaderElection.lambda$submitRequests$1(LeaderElection.java:237)
	at java.util.concurrent.FutureTask.run(FutureTask.java:266)
	at java.util.concurrent.Executors$RunnableAdapter.call(Executors.java:511)
	at java.util.concurrent.FutureTask.run(FutureTask.java:266)
	at java.util.concurrent.ThreadPoolExecutor.runWorker(ThreadPoolExecutor.java:1149)
	at java.util.concurrent.ThreadPoolExecutor$Worker.run(ThreadPoolExecutor.java:624)
	... 1 more
Caused by: org.apache.ratis.thirdparty.io.netty.channel.AbstractChannel$AnnotatedConnectException: Connection refused: /192.168.5.168:35219
	at sun.nio.ch.SocketChannelImpl.checkConnect(Native Method)
	at sun.nio.ch.SocketChannelImpl.finishConnect(SocketChannelImpl.java:717)
	at org.apache.ratis.thirdparty.io.netty.channel.socket.nio.NioSocketChannel.doFinishConnect(NioSocketChannel.java:327)
	at org.apache.ratis.thirdparty.io.netty.channel.nio.AbstractNioChannel$AbstractNioUnsafe.finishConnect(AbstractNioChannel.java:340)
	at org.apache.ratis.thirdparty.io.netty.channel.nio.NioEventLoop.processSelectedKey(NioEventLoop.java:632)
	at org.apache.ratis.thirdparty.io.netty.channel.nio.NioEventLoop.processSelectedKeysOptimized(NioEventLoop.java:579)
	at org.apache.ratis.thirdparty.io.netty.channel.nio.NioEventLoop.processSelectedKeys(NioEventLoop.java:496)
	at org.apache.ratis.thirdparty.io.netty.channel.nio.NioEventLoop.run(NioEventLoop.java:458)
	at org.apache.ratis.thirdparty.io.netty.util.concurrent.SingleThreadEventExecutor$5.run(SingleThreadEventExecutor.java:897)
	at org.apache.ratis.thirdparty.io.netty.util.concurrent.FastThreadLocalRunnable.run(FastThreadLocalRunnable.java:30)
	... 1 more
Caused by: java.net.ConnectException: Connection refused
	... 11 more
2019-07-13 20:38:26,570 INFO  impl.LeaderElection (LeaderElection.java:logAndReturn(56)) - 2b1dba72-76ce-479e-bfd9-d2d1840a5e57:group-526BA751D950:LeaderElection99: Election REJECTED; received 0 response(s) [] and 2 exception(s); 2b1dba72-76ce-479e-bfd9-d2d1840a5e57:t3, leader=null, voted=2b1dba72-76ce-479e-bfd9-d2d1840a5e57, raftlog=2b1dba72-76ce-479e-bfd9-d2d1840a5e57-SegmentedRaftLog:OPENED:c16,f16,i16, conf=0: [2b1dba72-76ce-479e-bfd9-d2d1840a5e57:192.168.5.168:45504, e7c229a5-1cc5-44f9-aeda-838bc679e27e:192.168.5.168:35219, 31278a13-9f55-45e2-8070-d10d1ed70f22:192.168.5.168:46640], old=null
2019-07-13 20:38:26,570 INFO  impl.LeaderElection (LogUtils.java:infoOrTrace(149)) -   Exception 0: {}
java.util.concurrent.ExecutionException: org.apache.ratis.thirdparty.io.grpc.StatusRuntimeException: UNAVAILABLE: io exception
	at java.util.concurrent.FutureTask.report(FutureTask.java:122)
	at java.util.concurrent.FutureTask.get(FutureTask.java:192)
	at org.apache.ratis.server.impl.LeaderElection.waitForResults(LeaderElection.java:262)
	at org.apache.ratis.server.impl.LeaderElection.askForVotes(LeaderElection.java:200)
	at org.apache.ratis.server.impl.LeaderElection.run(LeaderElection.java:130)
	at java.lang.Thread.run(Thread.java:748)
Caused by: org.apache.ratis.thirdparty.io.grpc.StatusRuntimeException: UNAVAILABLE: io exception
	at org.apache.ratis.thirdparty.io.grpc.stub.ClientCalls.toStatusRuntimeException(ClientCalls.java:233)
	at org.apache.ratis.thirdparty.io.grpc.stub.ClientCalls.getUnchecked(ClientCalls.java:214)
	at org.apache.ratis.thirdparty.io.grpc.stub.ClientCalls.blockingUnaryCall(ClientCalls.java:139)
	at org.apache.ratis.proto.grpc.RaftServerProtocolServiceGrpc$RaftServerProtocolServiceBlockingStub.requestVote(RaftServerProtocolServiceGrpc.java:265)
	at org.apache.ratis.grpc.server.GrpcServerProtocolClient.requestVote(GrpcServerProtocolClient.java:83)
	at org.apache.ratis.grpc.server.GrpcService.requestVote(GrpcService.java:195)
	at org.apache.ratis.server.impl.LeaderElection.lambda$submitRequests$1(LeaderElection.java:237)
	at java.util.concurrent.FutureTask.run(FutureTask.java:266)
	at java.util.concurrent.Executors$RunnableAdapter.call(Executors.java:511)
	at java.util.concurrent.FutureTask.run(FutureTask.java:266)
	at java.util.concurrent.ThreadPoolExecutor.runWorker(ThreadPoolExecutor.java:1149)
	at java.util.concurrent.ThreadPoolExecutor$Worker.run(ThreadPoolExecutor.java:624)
	... 1 more
Caused by: org.apache.ratis.thirdparty.io.netty.channel.AbstractChannel$AnnotatedConnectException: Connection refused: /192.168.5.168:46640
	at sun.nio.ch.SocketChannelImpl.checkConnect(Native Method)
	at sun.nio.ch.SocketChannelImpl.finishConnect(SocketChannelImpl.java:717)
	at org.apache.ratis.thirdparty.io.netty.channel.socket.nio.NioSocketChannel.doFinishConnect(NioSocketChannel.java:327)
	at org.apache.ratis.thirdparty.io.netty.channel.nio.AbstractNioChannel$AbstractNioUnsafe.finishConnect(AbstractNioChannel.java:340)
	at org.apache.ratis.thirdparty.io.netty.channel.nio.NioEventLoop.processSelectedKey(NioEventLoop.java:632)
	at org.apache.ratis.thirdparty.io.netty.channel.nio.NioEventLoop.processSelectedKeysOptimized(NioEventLoop.java:579)
	at org.apache.ratis.thirdparty.io.netty.channel.nio.NioEventLoop.processSelectedKeys(NioEventLoop.java:496)
	at org.apache.ratis.thirdparty.io.netty.channel.nio.NioEventLoop.run(NioEventLoop.java:458)
	at org.apache.ratis.thirdparty.io.netty.util.concurrent.SingleThreadEventExecutor$5.run(SingleThreadEventExecutor.java:897)
	at org.apache.ratis.thirdparty.io.netty.util.concurrent.FastThreadLocalRunnable.run(FastThreadLocalRunnable.java:30)
	... 1 more
Caused by: java.net.ConnectException: Connection refused
	... 11 more
2019-07-13 20:38:26,571 INFO  impl.LeaderElection (LogUtils.java:infoOrTrace(149)) -   Exception 1: {}
java.util.concurrent.ExecutionException: org.apache.ratis.thirdparty.io.grpc.StatusRuntimeException: UNAVAILABLE: io exception
	at java.util.concurrent.FutureTask.report(FutureTask.java:122)
	at java.util.concurrent.FutureTask.get(FutureTask.java:192)
	at org.apache.ratis.server.impl.LeaderElection.waitForResults(LeaderElection.java:262)
	at org.apache.ratis.server.impl.LeaderElection.askForVotes(LeaderElection.java:200)
	at org.apache.ratis.server.impl.LeaderElection.run(LeaderElection.java:130)
	at java.lang.Thread.run(Thread.java:748)
Caused by: org.apache.ratis.thirdparty.io.grpc.StatusRuntimeException: UNAVAILABLE: io exception
	at org.apache.ratis.thirdparty.io.grpc.stub.ClientCalls.toStatusRuntimeException(ClientCalls.java:233)
	at org.apache.ratis.thirdparty.io.grpc.stub.ClientCalls.getUnchecked(ClientCalls.java:214)
	at org.apache.ratis.thirdparty.io.grpc.stub.ClientCalls.blockingUnaryCall(ClientCalls.java:139)
	at org.apache.ratis.proto.grpc.RaftServerProtocolServiceGrpc$RaftServerProtocolServiceBlockingStub.requestVote(RaftServerProtocolServiceGrpc.java:265)
	at org.apache.ratis.grpc.server.GrpcServerProtocolClient.requestVote(GrpcServerProtocolClient.java:83)
	at org.apache.ratis.grpc.server.GrpcService.requestVote(GrpcService.java:195)
	at org.apache.ratis.server.impl.LeaderElection.lambda$submitRequests$1(LeaderElection.java:237)
	at java.util.concurrent.FutureTask.run(FutureTask.java:266)
	at java.util.concurrent.Executors$RunnableAdapter.call(Executors.java:511)
	at java.util.concurrent.FutureTask.run(FutureTask.java:266)
	at java.util.concurrent.ThreadPoolExecutor.runWorker(ThreadPoolExecutor.java:1149)
	at java.util.concurrent.ThreadPoolExecutor$Worker.run(ThreadPoolExecutor.java:624)
	... 1 more
Caused by: org.apache.ratis.thirdparty.io.netty.channel.AbstractChannel$AnnotatedConnectException: Connection refused: /192.168.5.168:35219
	at sun.nio.ch.SocketChannelImpl.checkConnect(Native Method)
	at sun.nio.ch.SocketChannelImpl.finishConnect(SocketChannelImpl.java:717)
	at org.apache.ratis.thirdparty.io.netty.channel.socket.nio.NioSocketChannel.doFinishConnect(NioSocketChannel.java:327)
	at org.apache.ratis.thirdparty.io.netty.channel.nio.AbstractNioChannel$AbstractNioUnsafe.finishConnect(AbstractNioChannel.java:340)
	at org.apache.ratis.thirdparty.io.netty.channel.nio.NioEventLoop.processSelectedKey(NioEventLoop.java:632)
	at org.apache.ratis.thirdparty.io.netty.channel.nio.NioEventLoop.processSelectedKeysOptimized(NioEventLoop.java:579)
	at org.apache.ratis.thirdparty.io.netty.channel.nio.NioEventLoop.processSelectedKeys(NioEventLoop.java:496)
	at org.apache.ratis.thirdparty.io.netty.channel.nio.NioEventLoop.run(NioEventLoop.java:458)
	at org.apache.ratis.thirdparty.io.netty.util.concurrent.SingleThreadEventExecutor$5.run(SingleThreadEventExecutor.java:897)
	at org.apache.ratis.thirdparty.io.netty.util.concurrent.FastThreadLocalRunnable.run(FastThreadLocalRunnable.java:30)
	... 1 more
Caused by: java.net.ConnectException: Connection refused
	... 11 more
2019-07-13 20:38:26,571 INFO  impl.RaftServerImpl (RaftServerImpl.java:setRole(171)) - 2b1dba72-76ce-479e-bfd9-d2d1840a5e57:group-526BA751D950 changes role from CANDIDATE to FOLLOWER at term 3 for DISCOVERED_A_NEW_TERM
2019-07-13 20:38:26,571 INFO  impl.RoleInfo (RoleInfo.java:shutdownLeaderElection(134)) - 2b1dba72-76ce-479e-bfd9-d2d1840a5e57: shutdown LeaderElection
2019-07-13 20:38:26,571 INFO  impl.RoleInfo (RoleInfo.java:updateAndGet(143)) - 2b1dba72-76ce-479e-bfd9-d2d1840a5e57: start FollowerState
2019-07-13 20:38:27,007 INFO  node.StaleNodeHandler (StaleNodeHandler.java:onMessage(58)) - Datanode 0650c02c-951a-413b-9329-3ac90d0b990b{ip: 192.168.5.168, host: trunk-nightly-6qp7m-2461138711, networkLocation: /default-rack, certSerialId: null} moved to stale state. Finalizing its pipelines [PipelineID=e517f117-5491-4e48-b42a-aacdf548994e]
2019-07-13 20:38:27,007 INFO  pipeline.SCMPipelineManager (SCMPipelineManager.java:finalizeAndDestroyPipeline(309)) - destroying pipeline:Pipeline[ Id: e517f117-5491-4e48-b42a-aacdf548994e, Nodes: 0650c02c-951a-413b-9329-3ac90d0b990b{ip: 192.168.5.168, host: trunk-nightly-6qp7m-2461138711, networkLocation: /default-rack, certSerialId: null}, Type:RATIS, Factor:ONE, State:OPEN]
2019-07-13 20:38:27,007 INFO  pipeline.PipelineStateManager (PipelineStateManager.java:finalizePipeline(123)) - Pipeline Pipeline[ Id: e517f117-5491-4e48-b42a-aacdf548994e, Nodes: 0650c02c-951a-413b-9329-3ac90d0b990b{ip: 192.168.5.168, host: trunk-nightly-6qp7m-2461138711, networkLocation: /default-rack, certSerialId: null}, Type:RATIS, Factor:ONE, State:CLOSED] moved to CLOSED state
2019-07-13 20:38:27,107 INFO  node.StaleNodeHandler (StaleNodeHandler.java:onMessage(58)) - Datanode 2b1dba72-76ce-479e-bfd9-d2d1840a5e57{ip: 192.168.5.168, host: trunk-nightly-6qp7m-2461138711, networkLocation: /default-rack, certSerialId: null} moved to stale state. Finalizing its pipelines [PipelineID=be153212-6989-4bc5-a895-58894f136e6f, PipelineID=cea31efc-78a3-439b-b792-526ba751d950]
2019-07-13 20:38:27,107 INFO  pipeline.SCMPipelineManager (SCMPipelineManager.java:finalizeAndDestroyPipeline(309)) - destroying pipeline:Pipeline[ Id: be153212-6989-4bc5-a895-58894f136e6f, Nodes: 2b1dba72-76ce-479e-bfd9-d2d1840a5e57{ip: 192.168.5.168, host: trunk-nightly-6qp7m-2461138711, networkLocation: /default-rack, certSerialId: null}, Type:RATIS, Factor:ONE, State:OPEN]
2019-07-13 20:38:27,107 INFO  pipeline.PipelineStateManager (PipelineStateManager.java:finalizePipeline(123)) - Pipeline Pipeline[ Id: be153212-6989-4bc5-a895-58894f136e6f, Nodes: 2b1dba72-76ce-479e-bfd9-d2d1840a5e57{ip: 192.168.5.168, host: trunk-nightly-6qp7m-2461138711, networkLocation: /default-rack, certSerialId: null}, Type:RATIS, Factor:ONE, State:CLOSED] moved to CLOSED state
2019-07-13 20:38:27,107 INFO  pipeline.SCMPipelineManager (SCMPipelineManager.java:finalizeAndDestroyPipeline(309)) - destroying pipeline:Pipeline[ Id: cea31efc-78a3-439b-b792-526ba751d950, Nodes: 2b1dba72-76ce-479e-bfd9-d2d1840a5e57{ip: 192.168.5.168, host: trunk-nightly-6qp7m-2461138711, networkLocation: /default-rack, certSerialId: null}31278a13-9f55-45e2-8070-d10d1ed70f22{ip: 192.168.5.168, host: trunk-nightly-6qp7m-2461138711, networkLocation: /default-rack, certSerialId: null}e7c229a5-1cc5-44f9-aeda-838bc679e27e{ip: 192.168.5.168, host: trunk-nightly-6qp7m-2461138711, networkLocation: /default-rack, certSerialId: null}, Type:RATIS, Factor:THREE, State:CLOSED]
2019-07-13 20:38:27,387 INFO  ozoneimpl.OzoneContainer (OzoneContainer.java:stop(199)) - Attempting to stop container services.
2019-07-13 20:38:27,387 INFO  ozoneimpl.OzoneContainer (OzoneContainer.java:stop(199)) - Attempting to stop container services.
2019-07-13 20:38:27,387 INFO  impl.RaftServerProxy (RaftServerProxy.java:lambda$close$4(314)) - 2b1dba72-76ce-479e-bfd9-d2d1840a5e57: close
2019-07-13 20:38:27,388 INFO  impl.RaftServerProxy (RaftServerProxy.java:lambda$close$4(314)) - 0650c02c-951a-413b-9329-3ac90d0b990b: close
2019-07-13 20:38:27,388 INFO  impl.RaftServerImpl (RaftServerImpl.java:lambda$shutdown$3(245)) - 2b1dba72-76ce-479e-bfd9-d2d1840a5e57: shutdown group-58894F136E6F
2019-07-13 20:38:27,388 INFO  impl.RaftServerImpl (RaftServerImpl.java:lambda$shutdown$3(245)) - 0650c02c-951a-413b-9329-3ac90d0b990b: shutdown group-AACDF548994E
2019-07-13 20:38:27,389 INFO  util.JmxRegister (JmxRegister.java:unregister(73)) - Successfully un-registered JMX Bean with object name Ratis:service=RaftServer,group=group-58894F136E6F,id=2b1dba72-76ce-479e-bfd9-d2d1840a5e57
2019-07-13 20:38:27,389 INFO  util.JmxRegister (JmxRegister.java:unregister(73)) - Successfully un-registered JMX Bean with object name Ratis:service=RaftServer,group=group-AACDF548994E,id=0650c02c-951a-413b-9329-3ac90d0b990b
2019-07-13 20:38:27,389 INFO  impl.RoleInfo (RoleInfo.java:shutdownLeaderState(104)) - 2b1dba72-76ce-479e-bfd9-d2d1840a5e57: shutdown LeaderState
2019-07-13 20:38:27,390 INFO  impl.RoleInfo (RoleInfo.java:shutdownLeaderState(104)) - 0650c02c-951a-413b-9329-3ac90d0b990b: shutdown LeaderState
2019-07-13 20:38:27,390 INFO  impl.PendingRequests (PendingRequests.java:sendNotLeaderResponses(202)) - 2b1dba72-76ce-479e-bfd9-d2d1840a5e57-PendingRequests: sendNotLeaderResponses
2019-07-13 20:38:27,390 INFO  impl.PendingRequests (PendingRequests.java:sendNotLeaderResponses(202)) - 0650c02c-951a-413b-9329-3ac90d0b990b-PendingRequests: sendNotLeaderResponses
2019-07-13 20:38:27,391 INFO  ratis.ContainerStateMachine (ContainerStateMachine.java:takeSnapshot(246)) - Taking snapshot at termIndex:(t:0, i:~)
2019-07-13 20:38:27,391 INFO  impl.StateMachineUpdater (StateMachineUpdater.java:stopAndJoin(115)) - StateMachineUpdater:2b1dba72-76ce-479e-bfd9-d2d1840a5e57:group-58894F136E6F: set stopIndex = 0
2019-07-13 20:38:27,391 INFO  ratis.ContainerStateMachine (ContainerStateMachine.java:takeSnapshot(246)) - Taking snapshot at termIndex:(t:0, i:~)
2019-07-13 20:38:27,391 INFO  impl.StateMachineUpdater (StateMachineUpdater.java:stopAndJoin(115)) - StateMachineUpdater:0650c02c-951a-413b-9329-3ac90d0b990b:group-AACDF548994E: set stopIndex = 0
2019-07-13 20:38:27,392 INFO  impl.RaftServerImpl (ServerState.java:close(394)) - 0650c02c-951a-413b-9329-3ac90d0b990b:group-AACDF548994E closes. The last applied log index is 0
2019-07-13 20:38:27,392 INFO  impl.RaftServerImpl (ServerState.java:close(394)) - 2b1dba72-76ce-479e-bfd9-d2d1840a5e57:group-58894F136E6F closes. The last applied log index is 0
2019-07-13 20:38:27,393 INFO  segmented.SegmentedRaftLogWorker (SegmentedRaftLogWorker.java:run(313)) - 0650c02c-951a-413b-9329-3ac90d0b990b-SegmentedRaftLogWorker:Storage Directory /tmp/workdir/hadoop-ozone/integration-test/target/test-dir/MiniOzoneClusterImpl-1f1962dc-bf0d-43a8-81db-407fa95944b0/datanode-6/data/ratis/e517f117-5491-4e48-b42a-aacdf548994e was interrupted, exiting. There are 0 tasks remaining in the queue.
2019-07-13 20:38:27,393 INFO  segmented.SegmentedRaftLogWorker (SegmentedRaftLogWorker.java:run(313)) - 2b1dba72-76ce-479e-bfd9-d2d1840a5e57-SegmentedRaftLogWorker:Storage Directory /tmp/workdir/hadoop-ozone/integration-test/target/test-dir/MiniOzoneClusterImpl-1f1962dc-bf0d-43a8-81db-407fa95944b0/datanode-0/data/ratis/be153212-6989-4bc5-a895-58894f136e6f was interrupted, exiting. There are 0 tasks remaining in the queue.
2019-07-13 20:38:27,394 INFO  segmented.SegmentedRaftLogWorker (SegmentedRaftLogWorker.java:close(228)) - 0650c02c-951a-413b-9329-3ac90d0b990b-SegmentedRaftLogWorker:Storage Directory /tmp/workdir/hadoop-ozone/integration-test/target/test-dir/MiniOzoneClusterImpl-1f1962dc-bf0d-43a8-81db-407fa95944b0/datanode-6/data/ratis/e517f117-5491-4e48-b42a-aacdf548994e close()
2019-07-13 20:38:27,394 INFO  segmented.SegmentedRaftLogWorker (SegmentedRaftLogWorker.java:close(228)) - 2b1dba72-76ce-479e-bfd9-d2d1840a5e57-SegmentedRaftLogWorker:Storage Directory /tmp/workdir/hadoop-ozone/integration-test/target/test-dir/MiniOzoneClusterImpl-1f1962dc-bf0d-43a8-81db-407fa95944b0/datanode-0/data/ratis/be153212-6989-4bc5-a895-58894f136e6f close()
2019-07-13 20:38:27,396 INFO  server.GrpcService (GrpcService.java:closeImpl(155)) - 0650c02c-951a-413b-9329-3ac90d0b990b: shutdown server with port 46451 now
2019-07-13 20:38:27,398 INFO  impl.RaftServerImpl (RaftServerImpl.java:lambda$shutdown$3(245)) - 2b1dba72-76ce-479e-bfd9-d2d1840a5e57: shutdown group-526BA751D950
2019-07-13 20:38:27,400 INFO  server.GrpcService (GrpcService.java:closeImpl(163)) - 0650c02c-951a-413b-9329-3ac90d0b990b: shutdown server with port 46451 successfully
2019-07-13 20:38:27,400 INFO  util.JmxRegister (JmxRegister.java:unregister(73)) - Successfully un-registered JMX Bean with object name Ratis:service=RaftServer,group=group-526BA751D950,id=2b1dba72-76ce-479e-bfd9-d2d1840a5e57
2019-07-13 20:38:27,401 INFO  impl.RoleInfo (RoleInfo.java:shutdownFollowerState(121)) - 2b1dba72-76ce-479e-bfd9-d2d1840a5e57: shutdown FollowerState
2019-07-13 20:38:27,401 INFO  impl.StateMachineUpdater (StateMachineUpdater.java:stopAndJoin(115)) - StateMachineUpdater:2b1dba72-76ce-479e-bfd9-d2d1840a5e57:group-526BA751D950: set stopIndex = 16
2019-07-13 20:38:27,401 INFO  impl.FollowerState (FollowerState.java:run(114)) - 2b1dba72-76ce-479e-bfd9-d2d1840a5e57: FollowerState was interrupted: java.lang.InterruptedException: sleep interrupted
2019-07-13 20:38:27,401 INFO  ratis.ContainerStateMachine (ContainerStateMachine.java:takeSnapshot(246)) - Taking snapshot at termIndex:(t:2, i:14)
2019-07-13 20:38:27,404 INFO  ratis.ContainerStateMachine (ContainerStateMachine.java:takeSnapshot(250)) - Taking a snapshot to file /tmp/workdir/hadoop-ozone/integration-test/target/test-dir/MiniOzoneClusterImpl-1f1962dc-bf0d-43a8-81db-407fa95944b0/datanode-0/data/ratis/cea31efc-78a3-439b-b792-526ba751d950/sm/snapshot.2_14
2019-07-13 20:38:27,401 INFO  utils.BackgroundService (BackgroundService.java:shutdown(148)) - Shutting down service BlockDeletingService
2019-07-13 20:38:27,404 INFO  impl.StateMachineUpdater (StateMachineUpdater.java:takeSnapshot(242)) - StateMachineUpdater:2b1dba72-76ce-479e-bfd9-d2d1840a5e57:group-526BA751D950: Took a snapshot at index 14
2019-07-13 20:38:27,404 INFO  impl.StateMachineUpdater (StateMachineUpdater.java:lambda$new$0(80)) - StateMachineUpdater:2b1dba72-76ce-479e-bfd9-d2d1840a5e57:group-526BA751D950: snapshotIndex: updateIncreasingly -1 -> 14
2019-07-13 20:38:27,405 INFO  impl.RaftServerImpl (ServerState.java:close(394)) - 2b1dba72-76ce-479e-bfd9-d2d1840a5e57:group-526BA751D950 closes. The last applied log index is 16
2019-07-13 20:38:27,405 WARN  fs.CachingGetSpaceUsed (CachingGetSpaceUsed.java:run(183)) - Thread Interrupted waiting to refresh disk information: sleep interrupted
2019-07-13 20:38:27,405 INFO  segmented.SegmentedRaftLogWorker (SegmentedRaftLogWorker.java:run(313)) - 2b1dba72-76ce-479e-bfd9-d2d1840a5e57-SegmentedRaftLogWorker:Storage Directory /tmp/workdir/hadoop-ozone/integration-test/target/test-dir/MiniOzoneClusterImpl-1f1962dc-bf0d-43a8-81db-407fa95944b0/datanode-0/data/ratis/cea31efc-78a3-439b-b792-526ba751d950 was interrupted, exiting. There are 0 tasks remaining in the queue.
2019-07-13 20:38:27,406 INFO  segmented.SegmentedRaftLogWorker (SegmentedRaftLogWorker.java:close(228)) - 2b1dba72-76ce-479e-bfd9-d2d1840a5e57-SegmentedRaftLogWorker:Storage Directory /tmp/workdir/hadoop-ozone/integration-test/target/test-dir/MiniOzoneClusterImpl-1f1962dc-bf0d-43a8-81db-407fa95944b0/datanode-0/data/ratis/cea31efc-78a3-439b-b792-526ba751d950 close()
2019-07-13 20:38:27,408 INFO  server.GrpcService (GrpcService.java:closeImpl(155)) - 2b1dba72-76ce-479e-bfd9-d2d1840a5e57: shutdown server with port 45504 now
2019-07-13 20:38:27,408 INFO  server.GrpcService (GrpcService.java:closeImpl(163)) - 2b1dba72-76ce-479e-bfd9-d2d1840a5e57: shutdown server with port 45504 successfully
2019-07-13 20:38:27,411 INFO  utils.BackgroundService (BackgroundService.java:shutdown(148)) - Shutting down service BlockDeletingService
2019-07-13 20:38:27,413 WARN  fs.CachingGetSpaceUsed (CachingGetSpaceUsed.java:run(183)) - Thread Interrupted waiting to refresh disk information: sleep interrupted
2019-07-13 20:38:27,426 INFO  statemachine.DatanodeStateMachine (DatanodeStateMachine.java:stopDaemon(395)) - Ozone container server stopped.
2019-07-13 20:38:27,427 INFO  handler.ContextHandler (ContextHandler.java:doStop(910)) - Stopped o.e.j.w.WebAppContext@1f799f4c{/,null,UNAVAILABLE}{/hddsDatanode}
2019-07-13 20:38:27,427 INFO  server.AbstractConnector (AbstractConnector.java:doStop(318)) - Stopped ServerConnector@66be0ea{HTTP/1.1,[http/1.1]}{0.0.0.0:0}
2019-07-13 20:38:27,428 INFO  handler.ContextHandler (ContextHandler.java:doStop(910)) - Stopped o.e.j.s.ServletContextHandler@1b357db2{/static,jar:file:/home/user/.m2/repository/org/apache/hadoop/hadoop-hdds-container-service/0.5.0-SNAPSHOT/hadoop-hdds-container-service-0.5.0-SNAPSHOT.jar!/webapps/static,UNAVAILABLE}
2019-07-13 20:38:27,428 INFO  handler.ContextHandler (ContextHandler.java:doStop(910)) - Stopped o.e.j.s.ServletContextHandler@64f248ea{/logs,file:///tmp/workdir/hadoop-ozone/integration-test/target/log,UNAVAILABLE}
2019-07-13 20:38:27,429 INFO  datanode.ObjectStoreHandler (ObjectStoreHandler.java:close(155)) - Closing ObjectStoreHandler.
2019-07-13 20:38:27,429 INFO  ozone.HddsDatanodeService (HddsDatanodeService.java:stop(452)) - Stopped plug-in org.apache.hadoop.ozone.web.OzoneHddsDatanodeService@4af44e42
2019-07-13 20:38:27,434 INFO  statemachine.DatanodeStateMachine (DatanodeStateMachine.java:stopDaemon(395)) - Ozone container server stopped.
2019-07-13 20:38:27,436 INFO  handler.ContextHandler (ContextHandler.java:doStop(910)) - Stopped o.e.j.w.WebAppContext@1ad4ff2a{/,null,UNAVAILABLE}{/hddsDatanode}
2019-07-13 20:38:27,437 INFO  server.AbstractConnector (AbstractConnector.java:doStop(318)) - Stopped ServerConnector@625ae6d{HTTP/1.1,[http/1.1]}{0.0.0.0:0}
2019-07-13 20:38:27,438 INFO  handler.ContextHandler (ContextHandler.java:doStop(910)) - Stopped o.e.j.s.ServletContextHandler@4f8186a5{/static,jar:file:/home/user/.m2/repository/org/apache/hadoop/hadoop-hdds-container-service/0.5.0-SNAPSHOT/hadoop-hdds-container-service-0.5.0-SNAPSHOT.jar!/webapps/static,UNAVAILABLE}
2019-07-13 20:38:27,439 INFO  handler.ContextHandler (ContextHandler.java:doStop(910)) - Stopped o.e.j.s.ServletContextHandler@4f143176{/logs,file:///tmp/workdir/hadoop-ozone/integration-test/target/log,UNAVAILABLE}
2019-07-13 20:38:27,534 INFO  statemachine.DatanodeStateMachine (DatanodeStateMachine.java:lambda$startDaemon$0(350)) - Ozone container server started.
2019-07-13 20:38:28,529 WARN  server.GrpcLogAppender (LogUtils.java:warn(134)) - 68c54cb8-7b58-41e0-acca-8e491e4edd3d->f5735acc-57de-4427-a3b1-fc2c39969951: Failed appendEntries: org.apache.ratis.thirdparty.io.grpc.StatusRuntimeException: UNAVAILABLE: io exception
2019-07-13 20:38:28,529 INFO  impl.FollowerInfo (FollowerInfo.java:lambda$new$0(50)) - 68c54cb8-7b58-41e0-acca-8e491e4edd3d->f5735acc-57de-4427-a3b1-fc2c39969951: nextIndex: updateUnconditionally 14 -> 13
2019-07-13 20:38:28,530 WARN  server.GrpcLogAppender (LogUtils.java:warn(134)) - 68c54cb8-7b58-41e0-acca-8e491e4edd3d->875fe4f1-c2a4-463d-b92a-7c6961af5b75: Failed appendEntries: org.apache.ratis.thirdparty.io.grpc.StatusRuntimeException: UNAVAILABLE: io exception
2019-07-13 20:38:28,531 INFO  impl.FollowerInfo (FollowerInfo.java:lambda$new$0(50)) - 68c54cb8-7b58-41e0-acca-8e491e4edd3d->875fe4f1-c2a4-463d-b92a-7c6961af5b75: nextIndex: updateUnconditionally 16 -> 15
2019-07-13 20:38:31,029 WARN  server.GrpcLogAppender (LogUtils.java:warn(134)) - 68c54cb8-7b58-41e0-acca-8e491e4edd3d->f5735acc-57de-4427-a3b1-fc2c39969951: Failed appendEntries: org.apache.ratis.thirdparty.io.grpc.StatusRuntimeException: UNAVAILABLE: io exception
2019-07-13 20:38:31,030 INFO  impl.FollowerInfo (FollowerInfo.java:lambda$new$0(50)) - 68c54cb8-7b58-41e0-acca-8e491e4edd3d->f5735acc-57de-4427-a3b1-fc2c39969951: nextIndex: updateUnconditionally 13 -> 12
2019-07-13 20:38:31,031 WARN  server.GrpcLogAppender (LogUtils.java:warn(134)) - 68c54cb8-7b58-41e0-acca-8e491e4edd3d->875fe4f1-c2a4-463d-b92a-7c6961af5b75: Failed appendEntries: org.apache.ratis.thirdparty.io.grpc.StatusRuntimeException: UNAVAILABLE: io exception
2019-07-13 20:38:31,031 INFO  impl.FollowerInfo (FollowerInfo.java:lambda$new$0(50)) - 68c54cb8-7b58-41e0-acca-8e491e4edd3d->875fe4f1-c2a4-463d-b92a-7c6961af5b75: nextIndex: updateUnconditionally 15 -> 14
2019-07-13 20:38:31,613 INFO  node.StaleNodeHandler (StaleNodeHandler.java:onMessage(58)) - Datanode 68c54cb8-7b58-41e0-acca-8e491e4edd3d{ip: 192.168.5.168, host: trunk-nightly-6qp7m-2461138711, networkLocation: /default-rack, certSerialId: null} moved to stale state. Finalizing its pipelines [PipelineID=a9b6f5cc-1ce6-4322-b3bc-8bc3b1c82d9d, PipelineID=4c3a2686-683f-465b-bb6c-17851d98e814]
2019-07-13 20:38:31,614 INFO  pipeline.SCMPipelineManager (SCMPipelineManager.java:finalizeAndDestroyPipeline(309)) - destroying pipeline:Pipeline[ Id: a9b6f5cc-1ce6-4322-b3bc-8bc3b1c82d9d, Nodes: 68c54cb8-7b58-41e0-acca-8e491e4edd3d{ip: 192.168.5.168, host: trunk-nightly-6qp7m-2461138711, networkLocation: /default-rack, certSerialId: null}, Type:RATIS, Factor:ONE, State:OPEN]
2019-07-13 20:38:31,614 INFO  pipeline.PipelineStateManager (PipelineStateManager.java:finalizePipeline(123)) - Pipeline Pipeline[ Id: a9b6f5cc-1ce6-4322-b3bc-8bc3b1c82d9d, Nodes: 68c54cb8-7b58-41e0-acca-8e491e4edd3d{ip: 192.168.5.168, host: trunk-nightly-6qp7m-2461138711, networkLocation: /default-rack, certSerialId: null}, Type:RATIS, Factor:ONE, State:CLOSED] moved to CLOSED state
2019-07-13 20:38:31,614 INFO  pipeline.SCMPipelineManager (SCMPipelineManager.java:finalizeAndDestroyPipeline(309)) - destroying pipeline:Pipeline[ Id: 4c3a2686-683f-465b-bb6c-17851d98e814, Nodes: 68c54cb8-7b58-41e0-acca-8e491e4edd3d{ip: 192.168.5.168, host: trunk-nightly-6qp7m-2461138711, networkLocation: /default-rack, certSerialId: null}f5735acc-57de-4427-a3b1-fc2c39969951{ip: 192.168.5.168, host: trunk-nightly-6qp7m-2461138711, networkLocation: /default-rack, certSerialId: null}875fe4f1-c2a4-463d-b92a-7c6961af5b75{ip: 192.168.5.168, host: trunk-nightly-6qp7m-2461138711, networkLocation: /default-rack, certSerialId: null}, Type:RATIS, Factor:THREE, State:CLOSED]
2019-07-13 20:38:32,430 INFO  ozoneimpl.OzoneContainer (OzoneContainer.java:stop(199)) - Attempting to stop container services.
2019-07-13 20:38:32,431 INFO  impl.RaftServerProxy (RaftServerProxy.java:lambda$close$4(314)) - 68c54cb8-7b58-41e0-acca-8e491e4edd3d: close
2019-07-13 20:38:32,432 INFO  impl.RaftServerImpl (RaftServerImpl.java:lambda$shutdown$3(245)) - 68c54cb8-7b58-41e0-acca-8e491e4edd3d: shutdown group-8BC3B1C82D9D
2019-07-13 20:38:32,432 INFO  impl.RaftServerImpl (RaftServerImpl.java:lambda$shutdown$3(245)) - 68c54cb8-7b58-41e0-acca-8e491e4edd3d: shutdown group-17851D98E814
2019-07-13 20:38:32,432 INFO  util.JmxRegister (JmxRegister.java:unregister(73)) - Successfully un-registered JMX Bean with object name Ratis:service=RaftServer,group=group-8BC3B1C82D9D,id=68c54cb8-7b58-41e0-acca-8e491e4edd3d
2019-07-13 20:38:32,432 INFO  util.JmxRegister (JmxRegister.java:unregister(73)) - Successfully un-registered JMX Bean with object name Ratis:service=RaftServer,group=group-17851D98E814,id=68c54cb8-7b58-41e0-acca-8e491e4edd3d
2019-07-13 20:38:32,433 INFO  impl.RoleInfo (RoleInfo.java:shutdownLeaderState(104)) - 68c54cb8-7b58-41e0-acca-8e491e4edd3d: shutdown LeaderState
2019-07-13 20:38:32,433 INFO  impl.RoleInfo (RoleInfo.java:shutdownLeaderState(104)) - 68c54cb8-7b58-41e0-acca-8e491e4edd3d: shutdown LeaderState
2019-07-13 20:38:32,433 INFO  impl.PendingRequests (PendingRequests.java:sendNotLeaderResponses(202)) - 68c54cb8-7b58-41e0-acca-8e491e4edd3d-PendingRequests: sendNotLeaderResponses
2019-07-13 20:38:32,438 WARN  server.GrpcLogAppender (GrpcLogAppender.java:mayWait(143)) - GrpcLogAppender(68c54cb8-7b58-41e0-acca-8e491e4edd3d->f5735acc-57de-4427-a3b1-fc2c39969951): Wait interrupted by java.lang.InterruptedException
2019-07-13 20:38:32,438 WARN  server.GrpcLogAppender (GrpcLogAppender.java:mayWait(143)) - GrpcLogAppender(68c54cb8-7b58-41e0-acca-8e491e4edd3d->875fe4f1-c2a4-463d-b92a-7c6961af5b75): Wait interrupted by java.lang.InterruptedException
2019-07-13 20:38:32,437 INFO  impl.PendingRequests (PendingRequests.java:sendNotLeaderResponses(202)) - 68c54cb8-7b58-41e0-acca-8e491e4edd3d-PendingRequests: sendNotLeaderResponses
2019-07-13 20:38:32,438 INFO  ratis.ContainerStateMachine (ContainerStateMachine.java:takeSnapshot(246)) - Taking snapshot at termIndex:(t:0, i:~)
2019-07-13 20:38:32,438 INFO  impl.StateMachineUpdater (StateMachineUpdater.java:stopAndJoin(115)) - StateMachineUpdater:68c54cb8-7b58-41e0-acca-8e491e4edd3d:group-8BC3B1C82D9D: set stopIndex = 0
2019-07-13 20:38:32,441 INFO  ratis.ContainerStateMachine (ContainerStateMachine.java:takeSnapshot(246)) - Taking snapshot at termIndex:(t:1, i:18)
2019-07-13 20:38:32,441 INFO  impl.StateMachineUpdater (StateMachineUpdater.java:stopAndJoin(115)) - StateMachineUpdater:68c54cb8-7b58-41e0-acca-8e491e4edd3d:group-17851D98E814: set stopIndex = 18
2019-07-13 20:38:32,441 INFO  ratis.ContainerStateMachine (ContainerStateMachine.java:takeSnapshot(250)) - Taking a snapshot to file /tmp/workdir/hadoop-ozone/integration-test/target/test-dir/MiniOzoneClusterImpl-1f1962dc-bf0d-43a8-81db-407fa95944b0/datanode-5/data/ratis/4c3a2686-683f-465b-bb6c-17851d98e814/sm/snapshot.1_18
2019-07-13 20:38:32,441 INFO  impl.RaftServerImpl (ServerState.java:close(394)) - 68c54cb8-7b58-41e0-acca-8e491e4edd3d:group-8BC3B1C82D9D closes. The last applied log index is 0
2019-07-13 20:38:32,442 INFO  impl.StateMachineUpdater (StateMachineUpdater.java:takeSnapshot(242)) - StateMachineUpdater:68c54cb8-7b58-41e0-acca-8e491e4edd3d:group-17851D98E814: Took a snapshot at index 18
2019-07-13 20:38:32,442 INFO  impl.StateMachineUpdater (StateMachineUpdater.java:lambda$new$0(80)) - StateMachineUpdater:68c54cb8-7b58-41e0-acca-8e491e4edd3d:group-17851D98E814: snapshotIndex: updateIncreasingly -1 -> 18
2019-07-13 20:38:32,442 INFO  segmented.SegmentedRaftLogWorker (SegmentedRaftLogWorker.java:run(313)) - 68c54cb8-7b58-41e0-acca-8e491e4edd3d-SegmentedRaftLogWorker:Storage Directory /tmp/workdir/hadoop-ozone/integration-test/target/test-dir/MiniOzoneClusterImpl-1f1962dc-bf0d-43a8-81db-407fa95944b0/datanode-5/data/ratis/a9b6f5cc-1ce6-4322-b3bc-8bc3b1c82d9d was interrupted, exiting. There are 0 tasks remaining in the queue.
2019-07-13 20:38:32,443 INFO  impl.RaftServerImpl (ServerState.java:close(394)) - 68c54cb8-7b58-41e0-acca-8e491e4edd3d:group-17851D98E814 closes. The last applied log index is 18
2019-07-13 20:38:32,443 INFO  segmented.SegmentedRaftLogWorker (SegmentedRaftLogWorker.java:close(228)) - 68c54cb8-7b58-41e0-acca-8e491e4edd3d-SegmentedRaftLogWorker:Storage Directory /tmp/workdir/hadoop-ozone/integration-test/target/test-dir/MiniOzoneClusterImpl-1f1962dc-bf0d-43a8-81db-407fa95944b0/datanode-5/data/ratis/a9b6f5cc-1ce6-4322-b3bc-8bc3b1c82d9d close()
2019-07-13 20:38:32,443 INFO  segmented.SegmentedRaftLogWorker (SegmentedRaftLogWorker.java:run(313)) - 68c54cb8-7b58-41e0-acca-8e491e4edd3d-SegmentedRaftLogWorker:Storage Directory /tmp/workdir/hadoop-ozone/integration-test/target/test-dir/MiniOzoneClusterImpl-1f1962dc-bf0d-43a8-81db-407fa95944b0/datanode-5/data/ratis/4c3a2686-683f-465b-bb6c-17851d98e814 was interrupted, exiting. There are 0 tasks remaining in the queue.
2019-07-13 20:38:32,445 INFO  segmented.SegmentedRaftLogWorker (SegmentedRaftLogWorker.java:close(228)) - 68c54cb8-7b58-41e0-acca-8e491e4edd3d-SegmentedRaftLogWorker:Storage Directory /tmp/workdir/hadoop-ozone/integration-test/target/test-dir/MiniOzoneClusterImpl-1f1962dc-bf0d-43a8-81db-407fa95944b0/datanode-5/data/ratis/4c3a2686-683f-465b-bb6c-17851d98e814 close()
2019-07-13 20:38:32,446 INFO  server.GrpcService (GrpcService.java:closeImpl(155)) - 68c54cb8-7b58-41e0-acca-8e491e4edd3d: shutdown server with port 39684 now
2019-07-13 20:38:32,447 WARN  client.GrpcClientProtocolService (LogUtils.java:warn(134)) - 2-UnorderedRequestStreamObserver2: onError: org.apache.ratis.thirdparty.io.grpc.StatusRuntimeException: CANCELLED: cancelled before receiving half close
2019-07-13 20:38:32,447 INFO  server.GrpcService (GrpcService.java:closeImpl(163)) - 68c54cb8-7b58-41e0-acca-8e491e4edd3d: shutdown server with port 39684 successfully
2019-07-13 20:38:32,449 INFO  utils.BackgroundService (BackgroundService.java:shutdown(148)) - Shutting down service BlockDeletingService
2019-07-13 20:38:32,450 WARN  fs.CachingGetSpaceUsed (CachingGetSpaceUsed.java:run(183)) - Thread Interrupted waiting to refresh disk information: sleep interrupted
2019-07-13 20:38:32,466 INFO  statemachine.DatanodeStateMachine (DatanodeStateMachine.java:stopDaemon(395)) - Ozone container server stopped.
2019-07-13 20:38:32,467 INFO  handler.ContextHandler (ContextHandler.java:doStop(910)) - Stopped o.e.j.w.WebAppContext@7e4f42c0{/,null,UNAVAILABLE}{/hddsDatanode}
2019-07-13 20:38:32,468 INFO  server.AbstractConnector (AbstractConnector.java:doStop(318)) - Stopped ServerConnector@22265a8d{HTTP/1.1,[http/1.1]}{0.0.0.0:0}
2019-07-13 20:38:32,468 INFO  handler.ContextHandler (ContextHandler.java:doStop(910)) - Stopped o.e.j.s.ServletContextHandler@580581b4{/static,jar:file:/home/user/.m2/repository/org/apache/hadoop/hadoop-hdds-container-service/0.5.0-SNAPSHOT/hadoop-hdds-container-service-0.5.0-SNAPSHOT.jar!/webapps/static,UNAVAILABLE}
2019-07-13 20:38:32,469 INFO  handler.ContextHandler (ContextHandler.java:doStop(910)) - Stopped o.e.j.s.ServletContextHandler@184d73af{/logs,file:///tmp/workdir/hadoop-ozone/integration-test/target/log,UNAVAILABLE}
2019-07-13 20:38:32,469 INFO  ozone.MiniOzoneClusterImpl (MiniOzoneClusterImpl.java:stop(353)) - Stopping the StorageContainerManager
2019-07-13 20:38:32,470 INFO  server.StorageContainerManager (StorageContainerManager.java:stop(796)) - Stopping Replication Manager Service.
2019-07-13 20:38:32,470 INFO  container.ReplicationManager (ReplicationManager.java:stop(187)) - Stopping Replication Monitor Thread.
2019-07-13 20:38:32,470 INFO  server.StorageContainerManager (StorageContainerManager.java:stop(803)) - Stopping Lease Manager of the command watchers
2019-07-13 20:38:32,470 INFO  server.StorageContainerManager (StorageContainerManager.java:stop(810)) - Stopping datanode service RPC server
2019-07-13 20:38:32,470 INFO  server.SCMDatanodeProtocolServer (SCMDatanodeProtocolServer.java:stop(375)) - Stopping the RPC server for DataNodes
2019-07-13 20:38:32,470 INFO  ipc.Server (Server.java:stop(3082)) - Stopping server on 46415
2019-07-13 20:38:32,472 INFO  ipc.Server (Server.java:run(1185)) - Stopping IPC Server listener on 46415
2019-07-13 20:38:32,474 INFO  ipc.Server (Server.java:run(1319)) - Stopping IPC Server Responder
2019-07-13 20:38:32,514 WARN  node.NodeStateManager (NodeStateManager.java:scheduleNextHealthCheck(631)) - Current Thread is interrupted, shutting down HB processing thread for Node Manager.
2019-07-13 20:38:32,515 INFO  server.StorageContainerManager (StorageContainerManager.java:stop(818)) - Stopping block service RPC server
2019-07-13 20:38:32,515 INFO  server.SCMBlockProtocolServer (SCMBlockProtocolServer.java:stop(148)) - Stopping the RPC server for Block Protocol
2019-07-13 20:38:32,515 INFO  ipc.Server (Server.java:stop(3082)) - Stopping server on 41644
2019-07-13 20:38:32,517 INFO  server.StorageContainerManager (StorageContainerManager.java:stop(825)) - Stopping the StorageContainerLocationProtocol RPC server
2019-07-13 20:38:32,517 INFO  ipc.Server (Server.java:run(1185)) - Stopping IPC Server listener on 41644
2019-07-13 20:38:32,517 INFO  server.SCMClientProtocolServer (SCMClientProtocolServer.java:stop(157)) - Stopping the RPC server for Client Protocol
2019-07-13 20:38:32,517 INFO  ipc.Server (Server.java:run(1319)) - Stopping IPC Server Responder
2019-07-13 20:38:32,519 INFO  ipc.Server (Server.java:stop(3082)) - Stopping server on 35516
2019-07-13 20:38:32,521 INFO  ipc.Server (Server.java:run(1185)) - Stopping IPC Server listener on 35516
2019-07-13 20:38:32,521 INFO  server.StorageContainerManager (StorageContainerManager.java:stop(832)) - Stopping Storage Container Manager HTTP server.
2019-07-13 20:38:32,524 INFO  ipc.Server (Server.java:run(1319)) - Stopping IPC Server Responder
2019-07-13 20:38:32,524 INFO  handler.ContextHandler (ContextHandler.java:doStop(910)) - Stopped o.e.j.w.WebAppContext@10faebc9{/,null,UNAVAILABLE}{/scm}
2019-07-13 20:38:32,525 INFO  server.AbstractConnector (AbstractConnector.java:doStop(318)) - Stopped ServerConnector@3927de0e{HTTP/1.1,[http/1.1]}{0.0.0.0:0}
2019-07-13 20:38:32,525 INFO  handler.ContextHandler (ContextHandler.java:doStop(910)) - Stopped o.e.j.s.ServletContextHandler@1659a0ff{/static,file:///tmp/workdir/hadoop-ozone/integration-test/target/test-classes/webapps/static,UNAVAILABLE}
2019-07-13 20:38:32,526 INFO  handler.ContextHandler (ContextHandler.java:doStop(910)) - Stopped o.e.j.s.ServletContextHandler@1c7159d5{/logs,file:///tmp/workdir/hadoop-ozone/integration-test/target/log,UNAVAILABLE}
2019-07-13 20:38:32,526 INFO  server.StorageContainerManager (StorageContainerManager.java:stop(843)) - Stopping Block Manager Service.
2019-07-13 20:38:32,527 INFO  utils.BackgroundService (BackgroundService.java:shutdown(148)) - Shutting down service SCMBlockDeletingService
2019-07-13 20:38:32,527 INFO  utils.BackgroundService (BackgroundService.java:shutdown(148)) - Shutting down service SCMBlockDeletingService
2019-07-13 20:38:32,528 INFO  server.StorageContainerManager (StorageContainerManager.java:stop(865)) - Stopping SCM Event Queue.
2019-07-13 20:38:32,532 INFO  impl.MetricsSystemImpl (MetricsSystemImpl.java:stop(210)) - Stopping HddsDatanode metrics system...
2019-07-13 20:38:32,544 INFO  impl.MetricsSystemImpl (MetricsSystemImpl.java:stop(216)) - HddsDatanode metrics system stopped.
]]></system-out>
    <system-err><![CDATA[Jul 13, 2019 8:37:56 PM com.sun.jersey.server.impl.application.WebApplicationImpl _initiate
INFO: Initiating Jersey application, version 'Jersey: 1.19 02/11/2015 03:25 AM'
Jul 13, 2019 8:37:56 PM com.sun.jersey.server.impl.application.WebApplicationImpl _initiate
INFO: Initiating Jersey application, version 'Jersey: 1.19 02/11/2015 03:25 AM'
Jul 13, 2019 8:37:56 PM com.sun.jersey.server.impl.application.WebApplicationImpl _initiate
INFO: Initiating Jersey application, version 'Jersey: 1.19 02/11/2015 03:25 AM'
Jul 13, 2019 8:37:56 PM com.sun.jersey.server.impl.application.WebApplicationImpl _initiate
INFO: Initiating Jersey application, version 'Jersey: 1.19 02/11/2015 03:25 AM'
Jul 13, 2019 8:37:57 PM com.sun.jersey.server.impl.application.WebApplicationImpl _initiate
INFO: Initiating Jersey application, version 'Jersey: 1.19 02/11/2015 03:25 AM'
Jul 13, 2019 8:37:57 PM com.sun.jersey.server.impl.application.WebApplicationImpl _initiate
INFO: Initiating Jersey application, version 'Jersey: 1.19 02/11/2015 03:25 AM'
Jul 13, 2019 8:37:57 PM com.sun.jersey.server.impl.application.WebApplicationImpl _initiate
INFO: Initiating Jersey application, version 'Jersey: 1.19 02/11/2015 03:25 AM'
Jul 13, 2019 8:38:00 PM org.apache.ratis.thirdparty.io.grpc.internal.ManagedChannelOrphanWrapper$ManagedChannelReference cleanQueue
SEVERE: *~*~*~ Channel ManagedChannelImpl{logId=3407, target=192.168.5.168:37735} was not shutdown properly!!! ~*~*~*
    Make sure to call shutdown()/shutdownNow() and wait until awaitTermination() returns true.
java.lang.RuntimeException: ManagedChannel allocation site
	at org.apache.ratis.thirdparty.io.grpc.internal.ManagedChannelOrphanWrapper$ManagedChannelReference.<init>(ManagedChannelOrphanWrapper.java:103)
	at org.apache.ratis.thirdparty.io.grpc.internal.ManagedChannelOrphanWrapper.<init>(ManagedChannelOrphanWrapper.java:53)
	at org.apache.ratis.thirdparty.io.grpc.internal.ManagedChannelOrphanWrapper.<init>(ManagedChannelOrphanWrapper.java:44)
	at org.apache.ratis.thirdparty.io.grpc.internal.AbstractManagedChannelImplBuilder.build(AbstractManagedChannelImplBuilder.java:411)
	at org.apache.ratis.grpc.client.GrpcClientProtocolClient.<init>(GrpcClientProtocolClient.java:119)
	at org.apache.ratis.grpc.client.GrpcClientRpc.lambda$new$0(GrpcClientRpc.java:55)
	at org.apache.ratis.util.PeerProxyMap$PeerAndProxy.lambda$getProxy$0(PeerProxyMap.java:61)
	at org.apache.ratis.util.LifeCycle.startAndTransition(LifeCycle.java:202)
	at org.apache.ratis.util.PeerProxyMap$PeerAndProxy.getProxy(PeerProxyMap.java:60)
	at org.apache.ratis.util.PeerProxyMap.getProxy(PeerProxyMap.java:107)
	at org.apache.ratis.grpc.client.GrpcClientRpc.sendRequestAsync(GrpcClientRpc.java:66)
	at org.apache.ratis.client.impl.OrderedAsync.sendRequest(OrderedAsync.java:208)
	at org.apache.ratis.client.impl.OrderedAsync.sendRequestWithRetry(OrderedAsync.java:169)
	at org.apache.ratis.util.SlidingWindow$Client.sendOrDelayRequest(SlidingWindow.java:278)
	at org.apache.ratis.util.SlidingWindow$Client.retry(SlidingWindow.java:294)
	at org.apache.ratis.client.impl.OrderedAsync.lambda$scheduleWithTimeout$7(OrderedAsync.java:195)
	at org.apache.ratis.util.TimeoutScheduler.lambda$onTimeout$0(TimeoutScheduler.java:85)
	at org.apache.ratis.util.TimeoutScheduler.lambda$onTimeout$1(TimeoutScheduler.java:104)
	at org.apache.ratis.util.LogUtils.runAndLog(LogUtils.java:50)
	at org.apache.ratis.util.LogUtils$1.run(LogUtils.java:91)
	at java.util.concurrent.Executors$RunnableAdapter.call(Executors.java:511)
	at java.util.concurrent.FutureTask.run(FutureTask.java:266)
	at java.util.concurrent.ScheduledThreadPoolExecutor$ScheduledFutureTask.access$201(ScheduledThreadPoolExecutor.java:180)
	at java.util.concurrent.ScheduledThreadPoolExecutor$ScheduledFutureTask.run(ScheduledThreadPoolExecutor.java:293)
	at java.util.concurrent.ThreadPoolExecutor.runWorker(ThreadPoolExecutor.java:1149)
	at java.util.concurrent.ThreadPoolExecutor$Worker.run(ThreadPoolExecutor.java:624)
	at java.lang.Thread.run(Thread.java:748)

Jul 13, 2019 8:38:00 PM org.apache.ratis.thirdparty.io.grpc.internal.ManagedChannelOrphanWrapper$ManagedChannelReference cleanQueue
SEVERE: *~*~*~ Channel ManagedChannelImpl{logId=3397, target=192.168.5.168:43562} was not shutdown properly!!! ~*~*~*
    Make sure to call shutdown()/shutdownNow() and wait until awaitTermination() returns true.
java.lang.RuntimeException: ManagedChannel allocation site
	at org.apache.ratis.thirdparty.io.grpc.internal.ManagedChannelOrphanWrapper$ManagedChannelReference.<init>(ManagedChannelOrphanWrapper.java:103)
	at org.apache.ratis.thirdparty.io.grpc.internal.ManagedChannelOrphanWrapper.<init>(ManagedChannelOrphanWrapper.java:53)
	at org.apache.ratis.thirdparty.io.grpc.internal.ManagedChannelOrphanWrapper.<init>(ManagedChannelOrphanWrapper.java:44)
	at org.apache.ratis.thirdparty.io.grpc.internal.AbstractManagedChannelImplBuilder.build(AbstractManagedChannelImplBuilder.java:411)
	at org.apache.ratis.grpc.client.GrpcClientProtocolClient.<init>(GrpcClientProtocolClient.java:119)
	at org.apache.ratis.grpc.client.GrpcClientRpc.lambda$new$0(GrpcClientRpc.java:55)
	at org.apache.ratis.util.PeerProxyMap$PeerAndProxy.lambda$getProxy$0(PeerProxyMap.java:61)
	at org.apache.ratis.util.LifeCycle.startAndTransition(LifeCycle.java:202)
	at org.apache.ratis.util.PeerProxyMap$PeerAndProxy.getProxy(PeerProxyMap.java:60)
	at org.apache.ratis.util.PeerProxyMap.getProxy(PeerProxyMap.java:107)
	at org.apache.ratis.grpc.client.GrpcClientRpc.sendRequestAsync(GrpcClientRpc.java:66)
	at org.apache.ratis.client.impl.OrderedAsync.sendRequest(OrderedAsync.java:208)
	at org.apache.ratis.client.impl.OrderedAsync.sendRequestWithRetry(OrderedAsync.java:169)
	at org.apache.ratis.util.SlidingWindow$Client.sendOrDelayRequest(SlidingWindow.java:278)
	at org.apache.ratis.util.SlidingWindow$Client.retry(SlidingWindow.java:294)
	at org.apache.ratis.client.impl.OrderedAsync.lambda$scheduleWithTimeout$7(OrderedAsync.java:195)
	at org.apache.ratis.util.TimeoutScheduler.lambda$onTimeout$0(TimeoutScheduler.java:85)
	at org.apache.ratis.util.TimeoutScheduler.lambda$onTimeout$1(TimeoutScheduler.java:104)
	at org.apache.ratis.util.LogUtils.runAndLog(LogUtils.java:50)
	at org.apache.ratis.util.LogUtils$1.run(LogUtils.java:91)
	at java.util.concurrent.Executors$RunnableAdapter.call(Executors.java:511)
	at java.util.concurrent.FutureTask.run(FutureTask.java:266)
	at java.util.concurrent.ScheduledThreadPoolExecutor$ScheduledFutureTask.access$201(ScheduledThreadPoolExecutor.java:180)
	at java.util.concurrent.ScheduledThreadPoolExecutor$ScheduledFutureTask.run(ScheduledThreadPoolExecutor.java:293)
	at java.util.concurrent.ThreadPoolExecutor.runWorker(ThreadPoolExecutor.java:1149)
	at java.util.concurrent.ThreadPoolExecutor$Worker.run(ThreadPoolExecutor.java:624)
	at java.lang.Thread.run(Thread.java:748)

]]></system-err>
  </testcase>
  <testcase name="testExceptionDuringClose" classname="org.apache.hadoop.ozone.client.rpc.TestBlockOutputStreamWithFailures" time="33.83">
    <error type="java.lang.IllegalArgumentException">java.lang.IllegalArgumentException
	at com.google.common.base.Preconditions.checkArgument(Preconditions.java:72)
	at org.apache.hadoop.hdds.scm.XceiverClientManager.acquireClient(XceiverClientManager.java:150)
	at org.apache.hadoop.hdds.scm.XceiverClientManager.acquireClientForReadData(XceiverClientManager.java:143)
	at org.apache.hadoop.hdds.scm.storage.BlockInputStream.getChunkInfos(BlockInputStream.java:154)
	at org.apache.hadoop.hdds.scm.storage.BlockInputStream.initialize(BlockInputStream.java:118)
	at org.apache.hadoop.hdds.scm.storage.BlockInputStream.read(BlockInputStream.java:222)
	at org.apache.hadoop.ozone.client.io.KeyInputStream.read(KeyInputStream.java:171)
	at org.apache.hadoop.ozone.client.io.OzoneInputStream.read(OzoneInputStream.java:47)
	at java.io.InputStream.read(InputStream.java:101)
	at org.apache.hadoop.ozone.container.ContainerTestHelper.validateData(ContainerTestHelper.java:709)
	at org.apache.hadoop.ozone.client.rpc.TestBlockOutputStreamWithFailures.validateData(TestBlockOutputStreamWithFailures.java:1212)
	at org.apache.hadoop.ozone.client.rpc.TestBlockOutputStreamWithFailures.testExceptionDuringClose(TestBlockOutputStreamWithFailures.java:773)
	at sun.reflect.NativeMethodAccessorImpl.invoke0(Native Method)
	at sun.reflect.NativeMethodAccessorImpl.invoke(NativeMethodAccessorImpl.java:62)
	at sun.reflect.DelegatingMethodAccessorImpl.invoke(DelegatingMethodAccessorImpl.java:43)
	at java.lang.reflect.Method.invoke(Method.java:498)
	at org.junit.runners.model.FrameworkMethod$1.runReflectiveCall(FrameworkMethod.java:47)
	at org.junit.internal.runners.model.ReflectiveCallable.run(ReflectiveCallable.java:12)
	at org.junit.runners.model.FrameworkMethod.invokeExplosively(FrameworkMethod.java:44)
	at org.junit.internal.runners.statements.InvokeMethod.evaluate(InvokeMethod.java:17)
	at org.junit.internal.runners.statements.RunBefores.evaluate(RunBefores.java:26)
	at org.junit.internal.runners.statements.RunAfters.evaluate(RunAfters.java:27)
	at org.junit.runners.ParentRunner.runLeaf(ParentRunner.java:271)
	at org.junit.runners.BlockJUnit4ClassRunner.runChild(BlockJUnit4ClassRunner.java:70)
	at org.junit.runners.BlockJUnit4ClassRunner.runChild(BlockJUnit4ClassRunner.java:50)
	at org.junit.runners.ParentRunner$3.run(ParentRunner.java:238)
	at org.junit.runners.ParentRunner$1.schedule(ParentRunner.java:63)
	at org.junit.runners.ParentRunner.runChildren(ParentRunner.java:236)
	at org.junit.runners.ParentRunner.access$000(ParentRunner.java:53)
	at org.junit.runners.ParentRunner$2.evaluate(ParentRunner.java:229)
	at org.junit.runners.ParentRunner.run(ParentRunner.java:309)
	at org.apache.maven.surefire.junit4.JUnit4Provider.execute(JUnit4Provider.java:365)
	at org.apache.maven.surefire.junit4.JUnit4Provider.executeWithRerun(JUnit4Provider.java:273)
	at org.apache.maven.surefire.junit4.JUnit4Provider.executeTestSet(JUnit4Provider.java:238)
	at org.apache.maven.surefire.junit4.JUnit4Provider.invoke(JUnit4Provider.java:159)
	at org.apache.maven.surefire.booter.ForkedBooter.invokeProviderInSameClassLoader(ForkedBooter.java:384)
	at org.apache.maven.surefire.booter.ForkedBooter.runSuitesInProcess(ForkedBooter.java:345)
	at org.apache.maven.surefire.booter.ForkedBooter.execute(ForkedBooter.java:126)
	at org.apache.maven.surefire.booter.ForkedBooter.main(ForkedBooter.java:418)
</error>
    <system-out><![CDATA[2019-07-13 20:38:32,597 WARN  server.ServerUtils (ServerUtils.java:getScmDbDir(145)) - ozone.scm.db.dirs is not configured. We recommend adding this setting. Falling back to ozone.metadata.dirs instead.
2019-07-13 20:38:32,613 WARN  server.ServerUtils (ServerUtils.java:getScmDbDir(145)) - ozone.scm.db.dirs is not configured. We recommend adding this setting. Falling back to ozone.metadata.dirs instead.
2019-07-13 20:38:32,613 WARN  server.ServerUtils (ServerUtils.java:getScmDbDir(145)) - ozone.scm.db.dirs is not configured. We recommend adding this setting. Falling back to ozone.metadata.dirs instead.
2019-07-13 20:38:32,614 INFO  db.DBStoreBuilder (DBStoreBuilder.java:addTable(110)) - using custom profile for table: deletedBlocks
2019-07-13 20:38:32,614 INFO  db.DBStoreBuilder (DBStoreBuilder.java:processTables(161)) - Using default column profile:DBProfile.DISK for Table:deletedBlocks
2019-07-13 20:38:32,614 INFO  db.DBStoreBuilder (DBStoreBuilder.java:addTable(110)) - using custom profile for table: validCerts
2019-07-13 20:38:32,615 INFO  db.DBStoreBuilder (DBStoreBuilder.java:processTables(161)) - Using default column profile:DBProfile.DISK for Table:validCerts
2019-07-13 20:38:32,615 INFO  db.DBStoreBuilder (DBStoreBuilder.java:addTable(110)) - using custom profile for table: revokedCerts
2019-07-13 20:38:32,615 INFO  db.DBStoreBuilder (DBStoreBuilder.java:processTables(161)) - Using default column profile:DBProfile.DISK for Table:revokedCerts
2019-07-13 20:38:32,615 INFO  db.DBStoreBuilder (DBStoreBuilder.java:addTable(110)) - using custom profile for table: default
2019-07-13 20:38:32,616 INFO  db.DBStoreBuilder (DBStoreBuilder.java:processTables(167)) - Using default column profile:DBProfile.DISK for Table:default
2019-07-13 20:38:32,616 INFO  db.DBStoreBuilder (DBStoreBuilder.java:getDbProfile(198)) - Using default options. DBProfile.DISK
2019-07-13 20:38:32,692 INFO  net.NodeSchemaLoader (NodeSchemaLoader.java:loadSchemaFromFile(125)) - Loading file from sun.misc.CompoundEnumeration@146b3bc7
2019-07-13 20:38:32,692 INFO  net.NodeSchemaLoader (NodeSchemaLoader.java:loadSchema(171)) - Loading network topology layer schema file
2019-07-13 20:38:32,697 INFO  node.SCMNodeManager (SCMNodeManager.java:<init>(119)) - Entering startup safe mode.
2019-07-13 20:38:32,698 WARN  server.ServerUtils (ServerUtils.java:getScmDbDir(145)) - ozone.scm.db.dirs is not configured. We recommend adding this setting. Falling back to ozone.metadata.dirs instead.
2019-07-13 20:38:32,720 INFO  pipeline.SCMPipelineManager (SCMPipelineManager.java:initializePipelineState(126)) - No pipeline exists in current db
2019-07-13 20:38:32,720 WARN  server.ServerUtils (ServerUtils.java:getScmDbDir(145)) - ozone.scm.db.dirs is not configured. We recommend adding this setting. Falling back to ozone.metadata.dirs instead.
2019-07-13 20:38:32,745 WARN  events.EventQueue (EventQueue.java:fireEvent(175)) - No event handler registered for event TypedEvent{payloadType=SafeModeStatus, name='SafeModeStatus'}
2019-07-13 20:38:32,746 INFO  ipc.CallQueueManager (CallQueueManager.java:<init>(84)) - Using callQueue: class java.util.concurrent.LinkedBlockingQueue, queueCapacity: 2000, scheduler: class org.apache.hadoop.ipc.DefaultRpcScheduler, ipcBackoff: false.
2019-07-13 20:38:32,747 INFO  ipc.Server (Server.java:run(1074)) - Starting Socket Reader #1 for port 32929
2019-07-13 20:38:32,749 INFO  ipc.CallQueueManager (CallQueueManager.java:<init>(84)) - Using callQueue: class java.util.concurrent.LinkedBlockingQueue, queueCapacity: 2000, scheduler: class org.apache.hadoop.ipc.DefaultRpcScheduler, ipcBackoff: false.
2019-07-13 20:38:32,749 INFO  ipc.Server (Server.java:run(1074)) - Starting Socket Reader #1 for port 41432
2019-07-13 20:38:32,753 INFO  ipc.CallQueueManager (CallQueueManager.java:<init>(84)) - Using callQueue: class java.util.concurrent.LinkedBlockingQueue, queueCapacity: 2000, scheduler: class org.apache.hadoop.ipc.DefaultRpcScheduler, ipcBackoff: false.
2019-07-13 20:38:32,754 INFO  ipc.Server (Server.java:run(1074)) - Starting Socket Reader #1 for port 40495
2019-07-13 20:38:32,758 INFO  hdfs.DFSUtil (DFSUtil.java:httpServerTemplateForNNAndJN(1641)) - Starting Web-server for scm at: http://0.0.0.0:0
2019-07-13 20:38:32,760 INFO  server.AuthenticationFilter (AuthenticationFilter.java:constructSecretProvider(240)) - Unable to initialize FileSignerSecretProvider, falling back to use random secrets.
2019-07-13 20:38:32,761 WARN  http.HttpRequestLog (HttpRequestLog.java:getRequestLog(97)) - Jetty request log can only be enabled using Log4j
2019-07-13 20:38:32,763 INFO  http.HttpServer2 (HttpServer2.java:addGlobalFilter(975)) - Added global filter 'safety' (class=org.apache.hadoop.http.HttpServer2$QuotingInputFilter)
2019-07-13 20:38:32,764 INFO  http.HttpServer2 (HttpServer2.java:addFilter(948)) - Added filter static_user_filter (class=org.apache.hadoop.http.lib.StaticUserWebFilter$StaticUserFilter) to context scm
2019-07-13 20:38:32,764 INFO  http.HttpServer2 (HttpServer2.java:addFilter(958)) - Added filter static_user_filter (class=org.apache.hadoop.http.lib.StaticUserWebFilter$StaticUserFilter) to context logs
2019-07-13 20:38:32,764 INFO  http.HttpServer2 (HttpServer2.java:addFilter(958)) - Added filter static_user_filter (class=org.apache.hadoop.http.lib.StaticUserWebFilter$StaticUserFilter) to context static
2019-07-13 20:38:32,766 INFO  server.StorageContainerManager (StorageContainerManager.java:start(759)) - StorageContainerLocationProtocol RPC server is listening at /0.0.0.0:40495
2019-07-13 20:38:32,769 WARN  impl.MetricsConfig (MetricsConfig.java:loadFirst(134)) - Cannot locate configuration: tried hadoop-metrics2-storagecontainermanager.properties,hadoop-metrics2.properties
2019-07-13 20:38:32,770 INFO  impl.MetricsSystemImpl (MetricsSystemImpl.java:startTimer(374)) - Scheduled Metric snapshot period at 10 second(s).
2019-07-13 20:38:32,770 INFO  impl.MetricsSystemImpl (MetricsSystemImpl.java:start(191)) - StorageContainerManager metrics system started
2019-07-13 20:38:32,841 INFO  server.SCMClientProtocolServer (SCMClientProtocolServer.java:start(149)) - RPC server for Client  is listening at /0.0.0.0:40495
2019-07-13 20:38:32,842 INFO  ipc.Server (Server.java:run(1314)) - IPC Server Responder: starting
2019-07-13 20:38:32,842 INFO  ipc.Server (Server.java:run(1153)) - IPC Server listener on 40495: starting
2019-07-13 20:38:32,847 INFO  server.StorageContainerManager (StorageContainerManager.java:start(768)) - ScmBlockLocationProtocol RPC server is listening at /0.0.0.0:41432
2019-07-13 20:38:32,847 INFO  server.SCMBlockProtocolServer (SCMBlockProtocolServer.java:start(140)) - RPC server for Block Protocol is listening at /0.0.0.0:41432
2019-07-13 20:38:32,848 INFO  ipc.Server (Server.java:run(1314)) - IPC Server Responder: starting
2019-07-13 20:38:32,848 INFO  ipc.Server (Server.java:run(1153)) - IPC Server listener on 41432: starting
2019-07-13 20:38:32,852 INFO  server.StorageContainerManager (StorageContainerManager.java:start(772)) - ScmDatanodeProtocl RPC server is listening at /0.0.0.0:32929
2019-07-13 20:38:32,852 INFO  server.SCMDatanodeProtocolServer (SCMDatanodeProtocolServer.java:start(191)) - RPC server for DataNodes is listening at /0.0.0.0:32929
2019-07-13 20:38:32,853 INFO  ipc.Server (Server.java:run(1314)) - IPC Server Responder: starting
2019-07-13 20:38:32,853 INFO  ipc.Server (Server.java:run(1153)) - IPC Server listener on 32929: starting
2019-07-13 20:38:32,857 INFO  http.HttpServer2 (HttpServer2.java:bindListener(1191)) - Jetty bound to port 45815
2019-07-13 20:38:32,858 INFO  server.Server (Server.java:doStart(351)) - jetty-9.3.24.v20180605, build timestamp: 2018-06-05T17:11:56Z, git hash: 84205aa28f11a4f31f2a3b86d1bba2cc8ab69827
2019-07-13 20:38:32,859 INFO  handler.ContextHandler (ContextHandler.java:doStart(781)) - Started o.e.j.s.ServletContextHandler@7e9e73{/logs,file:///tmp/workdir/hadoop-ozone/integration-test/target/log,AVAILABLE}
2019-07-13 20:38:32,860 INFO  handler.ContextHandler (ContextHandler.java:doStart(781)) - Started o.e.j.s.ServletContextHandler@39993624{/static,file:///tmp/workdir/hadoop-ozone/integration-test/target/test-classes/webapps/static,AVAILABLE}
2019-07-13 20:38:32,864 INFO  handler.ContextHandler (ContextHandler.java:doStart(781)) - Started o.e.j.w.WebAppContext@4f36fc2d{/,file:///tmp/workdir/hadoop-ozone/integration-test/target/test-classes/webapps/scm/,AVAILABLE}{/scm}
2019-07-13 20:38:32,864 INFO  server.AbstractConnector (AbstractConnector.java:doStart(278)) - Started ServerConnector@8d0d52a{HTTP/1.1,[http/1.1]}{0.0.0.0:45815}
2019-07-13 20:38:32,868 INFO  server.Server (Server.java:doStart(419)) - Started @704632ms
2019-07-13 20:38:32,869 INFO  server.BaseHttpServer (BaseHttpServer.java:updateConnectorAddress(207)) - HTTP server of SCM is listening at http://0.0.0.0:45815
2019-07-13 20:38:32,870 WARN  server.ServerUtils (ServerUtils.java:getDBPath(222)) - ozone.om.db.dirs is not configured. We recommend adding this setting. Falling back to ozone.metadata.dirs instead.
2019-07-13 20:38:32,872 INFO  util.JvmPauseMonitor (JvmPauseMonitor.java:run(188)) - Starting JVM pause monitor
2019-07-13 20:38:32,877 WARN  server.ServerUtils (ServerUtils.java:getDBPath(222)) - ozone.om.db.dirs is not configured. We recommend adding this setting. Falling back to ozone.metadata.dirs instead.
2019-07-13 20:38:32,877 INFO  om.OzoneManager (OzoneManager.java:setOMNodeDetails(630)) - OM Service ID is not set. Setting it to the default ID: omServiceIdDefault
2019-07-13 20:38:32,877 INFO  om.OzoneManager (OzoneManager.java:setOMNodeDetails(636)) - OM Node ID is not set. Setting it to the OmStorage's OmID: fa8c1412-6e50-48b8-973f-87a416959a49
2019-07-13 20:38:32,878 INFO  om.OzoneManager (OzoneManager.java:loadOMHAConfigs(587)) - Found matching OM address with OMServiceId: null, OMNodeId: null, RPC Address: localhost:0 and Ratis port: 9872
2019-07-13 20:38:32,885 WARN  server.ServerUtils (ServerUtils.java:getDBPath(222)) - ozone.om.db.dirs is not configured. We recommend adding this setting. Falling back to ozone.metadata.dirs instead.
2019-07-13 20:38:32,886 INFO  db.DBStoreBuilder (DBStoreBuilder.java:addTable(110)) - using custom profile for table: userTable
2019-07-13 20:38:32,886 INFO  db.DBStoreBuilder (DBStoreBuilder.java:processTables(161)) - Using default column profile:DBProfile.DISK for Table:userTable
2019-07-13 20:38:32,886 INFO  db.DBStoreBuilder (DBStoreBuilder.java:addTable(110)) - using custom profile for table: volumeTable
2019-07-13 20:38:32,886 INFO  db.DBStoreBuilder (DBStoreBuilder.java:processTables(161)) - Using default column profile:DBProfile.DISK for Table:volumeTable
2019-07-13 20:38:32,887 INFO  db.DBStoreBuilder (DBStoreBuilder.java:addTable(110)) - using custom profile for table: bucketTable
2019-07-13 20:38:32,887 INFO  db.DBStoreBuilder (DBStoreBuilder.java:processTables(161)) - Using default column profile:DBProfile.DISK for Table:bucketTable
2019-07-13 20:38:32,887 INFO  db.DBStoreBuilder (DBStoreBuilder.java:addTable(110)) - using custom profile for table: keyTable
2019-07-13 20:38:32,887 INFO  db.DBStoreBuilder (DBStoreBuilder.java:processTables(161)) - Using default column profile:DBProfile.DISK for Table:keyTable
2019-07-13 20:38:32,887 INFO  db.DBStoreBuilder (DBStoreBuilder.java:addTable(110)) - using custom profile for table: deletedTable
2019-07-13 20:38:32,888 INFO  db.DBStoreBuilder (DBStoreBuilder.java:processTables(161)) - Using default column profile:DBProfile.DISK for Table:deletedTable
2019-07-13 20:38:32,888 INFO  db.DBStoreBuilder (DBStoreBuilder.java:addTable(110)) - using custom profile for table: openKeyTable
2019-07-13 20:38:32,888 INFO  db.DBStoreBuilder (DBStoreBuilder.java:processTables(161)) - Using default column profile:DBProfile.DISK for Table:openKeyTable
2019-07-13 20:38:32,888 INFO  db.DBStoreBuilder (DBStoreBuilder.java:addTable(110)) - using custom profile for table: s3Table
2019-07-13 20:38:32,888 INFO  db.DBStoreBuilder (DBStoreBuilder.java:processTables(161)) - Using default column profile:DBProfile.DISK for Table:s3Table
2019-07-13 20:38:32,889 INFO  db.DBStoreBuilder (DBStoreBuilder.java:addTable(110)) - using custom profile for table: multipartInfoTable
2019-07-13 20:38:32,889 INFO  db.DBStoreBuilder (DBStoreBuilder.java:processTables(161)) - Using default column profile:DBProfile.DISK for Table:multipartInfoTable
2019-07-13 20:38:32,889 INFO  db.DBStoreBuilder (DBStoreBuilder.java:addTable(110)) - using custom profile for table: dTokenTable
2019-07-13 20:38:32,889 INFO  db.DBStoreBuilder (DBStoreBuilder.java:processTables(161)) - Using default column profile:DBProfile.DISK for Table:dTokenTable
2019-07-13 20:38:32,889 INFO  db.DBStoreBuilder (DBStoreBuilder.java:addTable(110)) - using custom profile for table: s3SecretTable
2019-07-13 20:38:32,889 INFO  db.DBStoreBuilder (DBStoreBuilder.java:processTables(161)) - Using default column profile:DBProfile.DISK for Table:s3SecretTable
2019-07-13 20:38:32,890 INFO  db.DBStoreBuilder (DBStoreBuilder.java:addTable(110)) - using custom profile for table: prefixTable
2019-07-13 20:38:32,890 INFO  db.DBStoreBuilder (DBStoreBuilder.java:processTables(161)) - Using default column profile:DBProfile.DISK for Table:prefixTable
2019-07-13 20:38:32,890 INFO  db.DBStoreBuilder (DBStoreBuilder.java:addTable(110)) - using custom profile for table: default
2019-07-13 20:38:32,890 INFO  db.DBStoreBuilder (DBStoreBuilder.java:processTables(167)) - Using default column profile:DBProfile.DISK for Table:default
2019-07-13 20:38:32,890 INFO  db.DBStoreBuilder (DBStoreBuilder.java:getDbProfile(198)) - Using default options. DBProfile.DISK
2019-07-13 20:38:33,137 INFO  ipc.CallQueueManager (CallQueueManager.java:<init>(84)) - Using callQueue: class java.util.concurrent.LinkedBlockingQueue, queueCapacity: 2000, scheduler: class org.apache.hadoop.ipc.DefaultRpcScheduler, ipcBackoff: false.
2019-07-13 20:38:33,138 INFO  ipc.Server (Server.java:run(1074)) - Starting Socket Reader #1 for port 36236
2019-07-13 20:38:33,150 WARN  server.ServerUtils (ServerUtils.java:getDBPath(222)) - ozone.om.db.dirs is not configured. We recommend adding this setting. Falling back to ozone.metadata.dirs instead.
2019-07-13 20:38:33,151 INFO  om.OzoneManager (OzoneManager.java:start(1228)) - OzoneManager RPC server is listening at localhost/127.0.0.1:36236
2019-07-13 20:38:33,151 INFO  impl.MetricsSystemImpl (MetricsSystemImpl.java:init(158)) - OzoneManager metrics system started (again)
2019-07-13 20:38:33,151 INFO  ipc.Server (Server.java:run(1314)) - IPC Server Responder: starting
2019-07-13 20:38:33,151 INFO  ipc.Server (Server.java:run(1153)) - IPC Server listener on 36236: starting
2019-07-13 20:38:33,159 INFO  hdfs.DFSUtil (DFSUtil.java:httpServerTemplateForNNAndJN(1641)) - Starting Web-server for ozoneManager at: http://0.0.0.0:0
2019-07-13 20:38:33,160 INFO  server.AuthenticationFilter (AuthenticationFilter.java:constructSecretProvider(240)) - Unable to initialize FileSignerSecretProvider, falling back to use random secrets.
2019-07-13 20:38:33,161 WARN  http.HttpRequestLog (HttpRequestLog.java:getRequestLog(97)) - Jetty request log can only be enabled using Log4j
2019-07-13 20:38:33,162 INFO  http.HttpServer2 (HttpServer2.java:addGlobalFilter(975)) - Added global filter 'safety' (class=org.apache.hadoop.http.HttpServer2$QuotingInputFilter)
2019-07-13 20:38:33,162 INFO  http.HttpServer2 (HttpServer2.java:addFilter(948)) - Added filter static_user_filter (class=org.apache.hadoop.http.lib.StaticUserWebFilter$StaticUserFilter) to context ozoneManager
2019-07-13 20:38:33,163 INFO  http.HttpServer2 (HttpServer2.java:addFilter(958)) - Added filter static_user_filter (class=org.apache.hadoop.http.lib.StaticUserWebFilter$StaticUserFilter) to context logs
2019-07-13 20:38:33,163 INFO  http.HttpServer2 (HttpServer2.java:addFilter(958)) - Added filter static_user_filter (class=org.apache.hadoop.http.lib.StaticUserWebFilter$StaticUserFilter) to context static
2019-07-13 20:38:33,163 INFO  http.HttpServer2 (HttpServer2.java:bindListener(1191)) - Jetty bound to port 40649
2019-07-13 20:38:33,163 INFO  server.Server (Server.java:doStart(351)) - jetty-9.3.24.v20180605, build timestamp: 2018-06-05T17:11:56Z, git hash: 84205aa28f11a4f31f2a3b86d1bba2cc8ab69827
2019-07-13 20:38:33,165 INFO  handler.ContextHandler (ContextHandler.java:doStart(781)) - Started o.e.j.s.ServletContextHandler@44e69674{/logs,file:///tmp/workdir/hadoop-ozone/integration-test/target/log,AVAILABLE}
2019-07-13 20:38:33,165 INFO  handler.ContextHandler (ContextHandler.java:doStart(781)) - Started o.e.j.s.ServletContextHandler@7c9cecfb{/static,file:///tmp/workdir/hadoop-ozone/integration-test/target/test-classes/webapps/static,AVAILABLE}
2019-07-13 20:38:33,169 INFO  handler.ContextHandler (ContextHandler.java:doStart(781)) - Started o.e.j.w.WebAppContext@40557b00{/,file:///tmp/workdir/hadoop-ozone/integration-test/target/test-classes/webapps/ozoneManager/,AVAILABLE}{/ozoneManager}
2019-07-13 20:38:33,169 INFO  server.AbstractConnector (AbstractConnector.java:doStart(278)) - Started ServerConnector@172e4d3a{HTTP/1.1,[http/1.1]}{0.0.0.0:40649}
2019-07-13 20:38:33,169 INFO  server.Server (Server.java:doStart(419)) - Started @704933ms
2019-07-13 20:38:33,171 INFO  server.BaseHttpServer (BaseHttpServer.java:updateConnectorAddress(207)) - HTTP server of OZONEMANAGER is listening at http://0.0.0.0:40649
2019-07-13 20:38:33,183 INFO  impl.MetricsSystemImpl (MetricsSystemImpl.java:init(158)) - HddsDatanode metrics system started (again)
2019-07-13 20:38:33,183 INFO  ozone.HddsDatanodeService (HddsDatanodeService.java:start(185)) - HddsDatanodeService host:trunk-nightly-6qp7m-2461138711 ip:192.168.5.168
2019-07-13 20:38:33,197 INFO  volume.HddsVolume (HddsVolume.java:<init>(176)) - Creating Volume: /tmp/workdir/hadoop-ozone/integration-test/target/test-dir/MiniOzoneClusterImpl-9132184a-f07b-4f43-a579-05aa7b8c0a23/datanode-0/data/containers/hdds of  storage type : DISK and capacity : 52710309888
2019-07-13 20:38:33,197 INFO  volume.VolumeSet (VolumeSet.java:initializeVolumeSet(170)) - Added Volume : /tmp/workdir/hadoop-ozone/integration-test/target/test-dir/MiniOzoneClusterImpl-9132184a-f07b-4f43-a579-05aa7b8c0a23/datanode-0/data/containers/hdds to VolumeSet
2019-07-13 20:38:33,198 INFO  volume.ThrottledAsyncChecker (ThrottledAsyncChecker.java:schedule(140)) - Scheduling a check for org.apache.hadoop.ozone.container.common.volume.HddsVolume@1f41742f
2019-07-13 20:38:33,198 INFO  volume.HddsVolumeChecker (HddsVolumeChecker.java:checkAllVolumes(203)) - Scheduled health check for volume org.apache.hadoop.ozone.container.common.volume.HddsVolume@1f41742f
2019-07-13 20:38:33,212 INFO  impl.RaftServerProxy (ConfUtils.java:logGet(43)) - raft.rpc.type = GRPC (default)
2019-07-13 20:38:33,212 INFO  grpc.GrpcFactory (GrpcFactory.java:checkPooledByteBufAllocatorUseCacheForAllThreads(45)) - PERFORMANCE WARNING: useCacheForAllThreads is true that may cause Netty to create a lot garbage objects and, as a result, trigger GC.
	It is recommended to disable useCacheForAllThreads by setting -Dorg.apache.ratis.thirdparty.io.netty.allocator.useCacheForAllThreads=false in command line.
2019-07-13 20:38:33,212 INFO  grpc.GrpcConfigKeys$Server (ConfUtils.java:logGet(43)) - raft.grpc.server.port = 0 (default)
2019-07-13 20:38:33,212 INFO  server.GrpcService (ConfUtils.java:logGet(43)) - raft.grpc.message.size.max = 33570816 (custom)
2019-07-13 20:38:33,213 INFO  server.RaftServerConfigKeys (ConfUtils.java:logGet(43)) - raft.server.log.appender.buffer.byte-limit = 33554432 (custom)
2019-07-13 20:38:33,213 INFO  server.GrpcService (ConfUtils.java:logGet(43)) - raft.grpc.flow.control.window = 1MB (=1048576) (default)
2019-07-13 20:38:33,213 INFO  server.RaftServerConfigKeys (ConfUtils.java:logGet(43)) - raft.server.rpc.request.timeout = 3000ms (default)
2019-07-13 20:38:33,213 INFO  server.RaftServerConfigKeys (ConfUtils.java:logGet(43)) - raft.server.storage.dir = [/tmp/workdir/hadoop-ozone/integration-test/target/test-dir/MiniOzoneClusterImpl-9132184a-f07b-4f43-a579-05aa7b8c0a23/datanode-0/data/ratis] (custom)
2019-07-13 20:38:33,214 INFO  replication.SimpleContainerDownloader (SimpleContainerDownloader.java:<init>(72)) - Starting container downloader service to copy containers to replicate.
2019-07-13 20:38:33,215 INFO  hdfs.DFSUtil (DFSUtil.java:httpServerTemplateForNNAndJN(1641)) - Starting Web-server for hddsDatanode at: http://0.0.0.0:0
2019-07-13 20:38:33,217 INFO  server.AuthenticationFilter (AuthenticationFilter.java:constructSecretProvider(240)) - Unable to initialize FileSignerSecretProvider, falling back to use random secrets.
2019-07-13 20:38:33,218 WARN  http.HttpRequestLog (HttpRequestLog.java:getRequestLog(97)) - Jetty request log can only be enabled using Log4j
2019-07-13 20:38:33,219 INFO  http.HttpServer2 (HttpServer2.java:addGlobalFilter(975)) - Added global filter 'safety' (class=org.apache.hadoop.http.HttpServer2$QuotingInputFilter)
2019-07-13 20:38:33,219 INFO  http.HttpServer2 (HttpServer2.java:addFilter(948)) - Added filter static_user_filter (class=org.apache.hadoop.http.lib.StaticUserWebFilter$StaticUserFilter) to context hddsDatanode
2019-07-13 20:38:33,219 INFO  http.HttpServer2 (HttpServer2.java:addFilter(958)) - Added filter static_user_filter (class=org.apache.hadoop.http.lib.StaticUserWebFilter$StaticUserFilter) to context static
2019-07-13 20:38:33,219 INFO  http.HttpServer2 (HttpServer2.java:addFilter(958)) - Added filter static_user_filter (class=org.apache.hadoop.http.lib.StaticUserWebFilter$StaticUserFilter) to context logs
2019-07-13 20:38:33,220 INFO  http.HttpServer2 (HttpServer2.java:bindListener(1191)) - Jetty bound to port 37398
2019-07-13 20:38:33,220 INFO  server.Server (Server.java:doStart(351)) - jetty-9.3.24.v20180605, build timestamp: 2018-06-05T17:11:56Z, git hash: 84205aa28f11a4f31f2a3b86d1bba2cc8ab69827
2019-07-13 20:38:33,222 INFO  handler.ContextHandler (ContextHandler.java:doStart(781)) - Started o.e.j.s.ServletContextHandler@41576e84{/logs,file:///tmp/workdir/hadoop-ozone/integration-test/target/log,AVAILABLE}
2019-07-13 20:38:33,222 INFO  handler.ContextHandler (ContextHandler.java:doStart(781)) - Started o.e.j.s.ServletContextHandler@58084f58{/static,jar:file:/home/user/.m2/repository/org/apache/hadoop/hadoop-hdds-container-service/0.5.0-SNAPSHOT/hadoop-hdds-container-service-0.5.0-SNAPSHOT.jar!/webapps/static,AVAILABLE}
2019-07-13 20:38:33,249 INFO  handler.ContextHandler (ContextHandler.java:doStart(781)) - Started o.e.j.w.WebAppContext@274783f8{/,file:///tmp/jetty-0.0.0.0-37398-hddsDatanode-_-any-3495578017778706653.dir/webapp/,AVAILABLE}{/hddsDatanode}
2019-07-13 20:38:33,249 INFO  server.AbstractConnector (AbstractConnector.java:doStart(278)) - Started ServerConnector@34f3189{HTTP/1.1,[http/1.1]}{0.0.0.0:37398}
2019-07-13 20:38:33,249 INFO  server.Server (Server.java:doStart(419)) - Started @705013ms
2019-07-13 20:38:33,251 INFO  server.BaseHttpServer (BaseHttpServer.java:updateConnectorAddress(207)) - HTTP server of HDDSDATANODE is listening at http://0.0.0.0:37398
2019-07-13 20:38:33,348 INFO  ozone.HddsDatanodeService (HddsDatanodeService.java:startPlugins(396)) - Started plug-in org.apache.hadoop.ozone.web.OzoneHddsDatanodeService@cc64e22
2019-07-13 20:38:33,349 INFO  impl.MetricsSystemImpl (MetricsSystemImpl.java:init(158)) - HddsDatanode metrics system started (again)
2019-07-13 20:38:33,350 INFO  ozone.HddsDatanodeService (HddsDatanodeService.java:start(185)) - HddsDatanodeService host:trunk-nightly-6qp7m-2461138711 ip:192.168.5.168
2019-07-13 20:38:33,351 INFO  util.JvmPauseMonitor (JvmPauseMonitor.java:run(188)) - Starting JVM pause monitor
2019-07-13 20:38:33,352 INFO  datanode.InitDatanodeState (InitDatanodeState.java:persistContainerDatanodeDetails(140)) - DatanodeDetails is persisted to /tmp/workdir/hadoop-ozone/integration-test/target/test-dir/MiniOzoneClusterImpl-9132184a-f07b-4f43-a579-05aa7b8c0a23/datanode-0/meta/datanode.id
2019-07-13 20:38:33,364 INFO  volume.HddsVolume (HddsVolume.java:<init>(176)) - Creating Volume: /tmp/workdir/hadoop-ozone/integration-test/target/test-dir/MiniOzoneClusterImpl-9132184a-f07b-4f43-a579-05aa7b8c0a23/datanode-1/data/containers/hdds of  storage type : DISK and capacity : 52710309888
2019-07-13 20:38:33,364 INFO  volume.VolumeSet (VolumeSet.java:initializeVolumeSet(170)) - Added Volume : /tmp/workdir/hadoop-ozone/integration-test/target/test-dir/MiniOzoneClusterImpl-9132184a-f07b-4f43-a579-05aa7b8c0a23/datanode-1/data/containers/hdds to VolumeSet
2019-07-13 20:38:33,364 INFO  volume.ThrottledAsyncChecker (ThrottledAsyncChecker.java:schedule(140)) - Scheduling a check for org.apache.hadoop.ozone.container.common.volume.HddsVolume@4fa78886
2019-07-13 20:38:33,364 INFO  volume.HddsVolumeChecker (HddsVolumeChecker.java:checkAllVolumes(203)) - Scheduled health check for volume org.apache.hadoop.ozone.container.common.volume.HddsVolume@4fa78886
2019-07-13 20:38:33,377 INFO  impl.RaftServerProxy (ConfUtils.java:logGet(43)) - raft.rpc.type = GRPC (default)
2019-07-13 20:38:33,378 INFO  grpc.GrpcFactory (GrpcFactory.java:checkPooledByteBufAllocatorUseCacheForAllThreads(45)) - PERFORMANCE WARNING: useCacheForAllThreads is true that may cause Netty to create a lot garbage objects and, as a result, trigger GC.
	It is recommended to disable useCacheForAllThreads by setting -Dorg.apache.ratis.thirdparty.io.netty.allocator.useCacheForAllThreads=false in command line.
2019-07-13 20:38:33,378 INFO  grpc.GrpcConfigKeys$Server (ConfUtils.java:logGet(43)) - raft.grpc.server.port = 0 (default)
2019-07-13 20:38:33,378 INFO  server.GrpcService (ConfUtils.java:logGet(43)) - raft.grpc.message.size.max = 33570816 (custom)
2019-07-13 20:38:33,378 INFO  server.RaftServerConfigKeys (ConfUtils.java:logGet(43)) - raft.server.log.appender.buffer.byte-limit = 33554432 (custom)
2019-07-13 20:38:33,378 INFO  server.GrpcService (ConfUtils.java:logGet(43)) - raft.grpc.flow.control.window = 1MB (=1048576) (default)
2019-07-13 20:38:33,379 INFO  server.RaftServerConfigKeys (ConfUtils.java:logGet(43)) - raft.server.rpc.request.timeout = 3000ms (default)
2019-07-13 20:38:33,379 INFO  server.RaftServerConfigKeys (ConfUtils.java:logGet(43)) - raft.server.storage.dir = [/tmp/workdir/hadoop-ozone/integration-test/target/test-dir/MiniOzoneClusterImpl-9132184a-f07b-4f43-a579-05aa7b8c0a23/datanode-1/data/ratis] (custom)
2019-07-13 20:38:33,379 INFO  replication.SimpleContainerDownloader (SimpleContainerDownloader.java:<init>(72)) - Starting container downloader service to copy containers to replicate.
2019-07-13 20:38:33,380 INFO  hdfs.DFSUtil (DFSUtil.java:httpServerTemplateForNNAndJN(1641)) - Starting Web-server for hddsDatanode at: http://0.0.0.0:0
2019-07-13 20:38:33,382 INFO  server.AuthenticationFilter (AuthenticationFilter.java:constructSecretProvider(240)) - Unable to initialize FileSignerSecretProvider, falling back to use random secrets.
2019-07-13 20:38:33,383 WARN  http.HttpRequestLog (HttpRequestLog.java:getRequestLog(97)) - Jetty request log can only be enabled using Log4j
2019-07-13 20:38:33,384 INFO  http.HttpServer2 (HttpServer2.java:addGlobalFilter(975)) - Added global filter 'safety' (class=org.apache.hadoop.http.HttpServer2$QuotingInputFilter)
2019-07-13 20:38:33,384 INFO  http.HttpServer2 (HttpServer2.java:addFilter(948)) - Added filter static_user_filter (class=org.apache.hadoop.http.lib.StaticUserWebFilter$StaticUserFilter) to context hddsDatanode
2019-07-13 20:38:33,384 INFO  http.HttpServer2 (HttpServer2.java:addFilter(958)) - Added filter static_user_filter (class=org.apache.hadoop.http.lib.StaticUserWebFilter$StaticUserFilter) to context static
2019-07-13 20:38:33,384 INFO  http.HttpServer2 (HttpServer2.java:addFilter(958)) - Added filter static_user_filter (class=org.apache.hadoop.http.lib.StaticUserWebFilter$StaticUserFilter) to context logs
2019-07-13 20:38:33,385 INFO  http.HttpServer2 (HttpServer2.java:bindListener(1191)) - Jetty bound to port 44387
2019-07-13 20:38:33,385 INFO  server.Server (Server.java:doStart(351)) - jetty-9.3.24.v20180605, build timestamp: 2018-06-05T17:11:56Z, git hash: 84205aa28f11a4f31f2a3b86d1bba2cc8ab69827
2019-07-13 20:38:33,386 INFO  handler.ContextHandler (ContextHandler.java:doStart(781)) - Started o.e.j.s.ServletContextHandler@5c1d1aa6{/logs,file:///tmp/workdir/hadoop-ozone/integration-test/target/log,AVAILABLE}
2019-07-13 20:38:33,387 INFO  handler.ContextHandler (ContextHandler.java:doStart(781)) - Started o.e.j.s.ServletContextHandler@3df3e1e9{/static,jar:file:/home/user/.m2/repository/org/apache/hadoop/hadoop-hdds-container-service/0.5.0-SNAPSHOT/hadoop-hdds-container-service-0.5.0-SNAPSHOT.jar!/webapps/static,AVAILABLE}
2019-07-13 20:38:33,413 INFO  handler.ContextHandler (ContextHandler.java:doStart(781)) - Started o.e.j.w.WebAppContext@5985102f{/,file:///tmp/jetty-0.0.0.0-44387-hddsDatanode-_-any-8398824127264585891.dir/webapp/,AVAILABLE}{/hddsDatanode}
2019-07-13 20:38:33,413 INFO  server.AbstractConnector (AbstractConnector.java:doStart(278)) - Started ServerConnector@3695e28a{HTTP/1.1,[http/1.1]}{0.0.0.0:44387}
2019-07-13 20:38:33,414 INFO  server.Server (Server.java:doStart(419)) - Started @705178ms
2019-07-13 20:38:33,416 INFO  server.BaseHttpServer (BaseHttpServer.java:updateConnectorAddress(207)) - HTTP server of HDDSDATANODE is listening at http://0.0.0.0:44387
2019-07-13 20:38:33,516 INFO  ozone.HddsDatanodeService (HddsDatanodeService.java:startPlugins(396)) - Started plug-in org.apache.hadoop.ozone.web.OzoneHddsDatanodeService@28a4ac78
2019-07-13 20:38:33,516 INFO  impl.MetricsSystemImpl (MetricsSystemImpl.java:init(158)) - HddsDatanode metrics system started (again)
2019-07-13 20:38:33,517 INFO  ozone.HddsDatanodeService (HddsDatanodeService.java:start(185)) - HddsDatanodeService host:trunk-nightly-6qp7m-2461138711 ip:192.168.5.168
2019-07-13 20:38:33,519 INFO  util.JvmPauseMonitor (JvmPauseMonitor.java:run(188)) - Starting JVM pause monitor
2019-07-13 20:38:33,520 INFO  datanode.InitDatanodeState (InitDatanodeState.java:persistContainerDatanodeDetails(140)) - DatanodeDetails is persisted to /tmp/workdir/hadoop-ozone/integration-test/target/test-dir/MiniOzoneClusterImpl-9132184a-f07b-4f43-a579-05aa7b8c0a23/datanode-1/meta/datanode.id
2019-07-13 20:38:33,530 INFO  volume.HddsVolume (HddsVolume.java:<init>(176)) - Creating Volume: /tmp/workdir/hadoop-ozone/integration-test/target/test-dir/MiniOzoneClusterImpl-9132184a-f07b-4f43-a579-05aa7b8c0a23/datanode-2/data/containers/hdds of  storage type : DISK and capacity : 52710309888
2019-07-13 20:38:33,531 INFO  volume.VolumeSet (VolumeSet.java:initializeVolumeSet(170)) - Added Volume : /tmp/workdir/hadoop-ozone/integration-test/target/test-dir/MiniOzoneClusterImpl-9132184a-f07b-4f43-a579-05aa7b8c0a23/datanode-2/data/containers/hdds to VolumeSet
2019-07-13 20:38:33,531 INFO  volume.ThrottledAsyncChecker (ThrottledAsyncChecker.java:schedule(140)) - Scheduling a check for org.apache.hadoop.ozone.container.common.volume.HddsVolume@258227dd
2019-07-13 20:38:33,531 INFO  volume.HddsVolumeChecker (HddsVolumeChecker.java:checkAllVolumes(203)) - Scheduled health check for volume org.apache.hadoop.ozone.container.common.volume.HddsVolume@258227dd
2019-07-13 20:38:33,545 INFO  impl.RaftServerProxy (ConfUtils.java:logGet(43)) - raft.rpc.type = GRPC (default)
2019-07-13 20:38:33,545 INFO  grpc.GrpcFactory (GrpcFactory.java:checkPooledByteBufAllocatorUseCacheForAllThreads(45)) - PERFORMANCE WARNING: useCacheForAllThreads is true that may cause Netty to create a lot garbage objects and, as a result, trigger GC.
	It is recommended to disable useCacheForAllThreads by setting -Dorg.apache.ratis.thirdparty.io.netty.allocator.useCacheForAllThreads=false in command line.
2019-07-13 20:38:33,545 INFO  grpc.GrpcConfigKeys$Server (ConfUtils.java:logGet(43)) - raft.grpc.server.port = 0 (default)
2019-07-13 20:38:33,545 INFO  server.GrpcService (ConfUtils.java:logGet(43)) - raft.grpc.message.size.max = 33570816 (custom)
2019-07-13 20:38:33,546 INFO  server.RaftServerConfigKeys (ConfUtils.java:logGet(43)) - raft.server.log.appender.buffer.byte-limit = 33554432 (custom)
2019-07-13 20:38:33,546 INFO  server.GrpcService (ConfUtils.java:logGet(43)) - raft.grpc.flow.control.window = 1MB (=1048576) (default)
2019-07-13 20:38:33,546 INFO  server.RaftServerConfigKeys (ConfUtils.java:logGet(43)) - raft.server.rpc.request.timeout = 3000ms (default)
2019-07-13 20:38:33,546 INFO  server.RaftServerConfigKeys (ConfUtils.java:logGet(43)) - raft.server.storage.dir = [/tmp/workdir/hadoop-ozone/integration-test/target/test-dir/MiniOzoneClusterImpl-9132184a-f07b-4f43-a579-05aa7b8c0a23/datanode-2/data/ratis] (custom)
2019-07-13 20:38:33,547 INFO  replication.SimpleContainerDownloader (SimpleContainerDownloader.java:<init>(72)) - Starting container downloader service to copy containers to replicate.
2019-07-13 20:38:33,548 INFO  hdfs.DFSUtil (DFSUtil.java:httpServerTemplateForNNAndJN(1641)) - Starting Web-server for hddsDatanode at: http://0.0.0.0:0
2019-07-13 20:38:33,549 INFO  server.AuthenticationFilter (AuthenticationFilter.java:constructSecretProvider(240)) - Unable to initialize FileSignerSecretProvider, falling back to use random secrets.
2019-07-13 20:38:33,549 WARN  http.HttpRequestLog (HttpRequestLog.java:getRequestLog(97)) - Jetty request log can only be enabled using Log4j
2019-07-13 20:38:33,550 INFO  http.HttpServer2 (HttpServer2.java:addGlobalFilter(975)) - Added global filter 'safety' (class=org.apache.hadoop.http.HttpServer2$QuotingInputFilter)
2019-07-13 20:38:33,551 INFO  http.HttpServer2 (HttpServer2.java:addFilter(948)) - Added filter static_user_filter (class=org.apache.hadoop.http.lib.StaticUserWebFilter$StaticUserFilter) to context hddsDatanode
2019-07-13 20:38:33,551 INFO  http.HttpServer2 (HttpServer2.java:addFilter(958)) - Added filter static_user_filter (class=org.apache.hadoop.http.lib.StaticUserWebFilter$StaticUserFilter) to context static
2019-07-13 20:38:33,551 INFO  http.HttpServer2 (HttpServer2.java:addFilter(958)) - Added filter static_user_filter (class=org.apache.hadoop.http.lib.StaticUserWebFilter$StaticUserFilter) to context logs
2019-07-13 20:38:33,551 INFO  http.HttpServer2 (HttpServer2.java:bindListener(1191)) - Jetty bound to port 44584
2019-07-13 20:38:33,552 INFO  server.Server (Server.java:doStart(351)) - jetty-9.3.24.v20180605, build timestamp: 2018-06-05T17:11:56Z, git hash: 84205aa28f11a4f31f2a3b86d1bba2cc8ab69827
2019-07-13 20:38:33,553 INFO  handler.ContextHandler (ContextHandler.java:doStart(781)) - Started o.e.j.s.ServletContextHandler@57d3c5cd{/logs,file:///tmp/workdir/hadoop-ozone/integration-test/target/log,AVAILABLE}
2019-07-13 20:38:33,554 INFO  handler.ContextHandler (ContextHandler.java:doStart(781)) - Started o.e.j.s.ServletContextHandler@65bcc339{/static,jar:file:/home/user/.m2/repository/org/apache/hadoop/hadoop-hdds-container-service/0.5.0-SNAPSHOT/hadoop-hdds-container-service-0.5.0-SNAPSHOT.jar!/webapps/static,AVAILABLE}
2019-07-13 20:38:33,580 INFO  handler.ContextHandler (ContextHandler.java:doStart(781)) - Started o.e.j.w.WebAppContext@7def2e4f{/,file:///tmp/jetty-0.0.0.0-44584-hddsDatanode-_-any-5329713964255737214.dir/webapp/,AVAILABLE}{/hddsDatanode}
2019-07-13 20:38:33,580 INFO  server.AbstractConnector (AbstractConnector.java:doStart(278)) - Started ServerConnector@7da4486{HTTP/1.1,[http/1.1]}{0.0.0.0:44584}
2019-07-13 20:38:33,580 INFO  server.Server (Server.java:doStart(419)) - Started @705344ms
2019-07-13 20:38:33,583 INFO  server.BaseHttpServer (BaseHttpServer.java:updateConnectorAddress(207)) - HTTP server of HDDSDATANODE is listening at http://0.0.0.0:44584
2019-07-13 20:38:33,679 INFO  ozone.HddsDatanodeService (HddsDatanodeService.java:startPlugins(396)) - Started plug-in org.apache.hadoop.ozone.web.OzoneHddsDatanodeService@48c372db
2019-07-13 20:38:33,679 INFO  impl.MetricsSystemImpl (MetricsSystemImpl.java:init(158)) - HddsDatanode metrics system started (again)
2019-07-13 20:38:33,681 INFO  ozone.HddsDatanodeService (HddsDatanodeService.java:start(185)) - HddsDatanodeService host:trunk-nightly-6qp7m-2461138711 ip:192.168.5.168
2019-07-13 20:38:33,683 INFO  util.JvmPauseMonitor (JvmPauseMonitor.java:run(188)) - Starting JVM pause monitor
2019-07-13 20:38:33,684 INFO  datanode.InitDatanodeState (InitDatanodeState.java:persistContainerDatanodeDetails(140)) - DatanodeDetails is persisted to /tmp/workdir/hadoop-ozone/integration-test/target/test-dir/MiniOzoneClusterImpl-9132184a-f07b-4f43-a579-05aa7b8c0a23/datanode-2/meta/datanode.id
2019-07-13 20:38:33,695 INFO  volume.HddsVolume (HddsVolume.java:<init>(176)) - Creating Volume: /tmp/workdir/hadoop-ozone/integration-test/target/test-dir/MiniOzoneClusterImpl-9132184a-f07b-4f43-a579-05aa7b8c0a23/datanode-3/data/containers/hdds of  storage type : DISK and capacity : 52710309888
2019-07-13 20:38:33,695 INFO  volume.VolumeSet (VolumeSet.java:initializeVolumeSet(170)) - Added Volume : /tmp/workdir/hadoop-ozone/integration-test/target/test-dir/MiniOzoneClusterImpl-9132184a-f07b-4f43-a579-05aa7b8c0a23/datanode-3/data/containers/hdds to VolumeSet
2019-07-13 20:38:33,695 INFO  volume.ThrottledAsyncChecker (ThrottledAsyncChecker.java:schedule(140)) - Scheduling a check for org.apache.hadoop.ozone.container.common.volume.HddsVolume@486e3116
2019-07-13 20:38:33,695 INFO  volume.HddsVolumeChecker (HddsVolumeChecker.java:checkAllVolumes(203)) - Scheduled health check for volume org.apache.hadoop.ozone.container.common.volume.HddsVolume@486e3116
2019-07-13 20:38:33,709 INFO  impl.RaftServerProxy (ConfUtils.java:logGet(43)) - raft.rpc.type = GRPC (default)
2019-07-13 20:38:33,709 INFO  grpc.GrpcFactory (GrpcFactory.java:checkPooledByteBufAllocatorUseCacheForAllThreads(45)) - PERFORMANCE WARNING: useCacheForAllThreads is true that may cause Netty to create a lot garbage objects and, as a result, trigger GC.
	It is recommended to disable useCacheForAllThreads by setting -Dorg.apache.ratis.thirdparty.io.netty.allocator.useCacheForAllThreads=false in command line.
2019-07-13 20:38:33,709 INFO  grpc.GrpcConfigKeys$Server (ConfUtils.java:logGet(43)) - raft.grpc.server.port = 0 (default)
2019-07-13 20:38:33,709 INFO  server.GrpcService (ConfUtils.java:logGet(43)) - raft.grpc.message.size.max = 33570816 (custom)
2019-07-13 20:38:33,710 INFO  server.RaftServerConfigKeys (ConfUtils.java:logGet(43)) - raft.server.log.appender.buffer.byte-limit = 33554432 (custom)
2019-07-13 20:38:33,710 INFO  server.GrpcService (ConfUtils.java:logGet(43)) - raft.grpc.flow.control.window = 1MB (=1048576) (default)
2019-07-13 20:38:33,710 INFO  server.RaftServerConfigKeys (ConfUtils.java:logGet(43)) - raft.server.rpc.request.timeout = 3000ms (default)
2019-07-13 20:38:33,710 INFO  server.RaftServerConfigKeys (ConfUtils.java:logGet(43)) - raft.server.storage.dir = [/tmp/workdir/hadoop-ozone/integration-test/target/test-dir/MiniOzoneClusterImpl-9132184a-f07b-4f43-a579-05aa7b8c0a23/datanode-3/data/ratis] (custom)
2019-07-13 20:38:33,711 INFO  replication.SimpleContainerDownloader (SimpleContainerDownloader.java:<init>(72)) - Starting container downloader service to copy containers to replicate.
2019-07-13 20:38:33,712 INFO  hdfs.DFSUtil (DFSUtil.java:httpServerTemplateForNNAndJN(1641)) - Starting Web-server for hddsDatanode at: http://0.0.0.0:0
2019-07-13 20:38:33,712 INFO  server.AuthenticationFilter (AuthenticationFilter.java:constructSecretProvider(240)) - Unable to initialize FileSignerSecretProvider, falling back to use random secrets.
2019-07-13 20:38:33,713 WARN  http.HttpRequestLog (HttpRequestLog.java:getRequestLog(97)) - Jetty request log can only be enabled using Log4j
2019-07-13 20:38:33,714 INFO  http.HttpServer2 (HttpServer2.java:addGlobalFilter(975)) - Added global filter 'safety' (class=org.apache.hadoop.http.HttpServer2$QuotingInputFilter)
2019-07-13 20:38:33,714 INFO  http.HttpServer2 (HttpServer2.java:addFilter(948)) - Added filter static_user_filter (class=org.apache.hadoop.http.lib.StaticUserWebFilter$StaticUserFilter) to context hddsDatanode
2019-07-13 20:38:33,714 INFO  http.HttpServer2 (HttpServer2.java:addFilter(958)) - Added filter static_user_filter (class=org.apache.hadoop.http.lib.StaticUserWebFilter$StaticUserFilter) to context static
2019-07-13 20:38:33,714 INFO  http.HttpServer2 (HttpServer2.java:addFilter(958)) - Added filter static_user_filter (class=org.apache.hadoop.http.lib.StaticUserWebFilter$StaticUserFilter) to context logs
2019-07-13 20:38:33,715 INFO  http.HttpServer2 (HttpServer2.java:bindListener(1191)) - Jetty bound to port 33572
2019-07-13 20:38:33,715 INFO  server.Server (Server.java:doStart(351)) - jetty-9.3.24.v20180605, build timestamp: 2018-06-05T17:11:56Z, git hash: 84205aa28f11a4f31f2a3b86d1bba2cc8ab69827
2019-07-13 20:38:33,716 INFO  handler.ContextHandler (ContextHandler.java:doStart(781)) - Started o.e.j.s.ServletContextHandler@24a6655d{/logs,file:///tmp/workdir/hadoop-ozone/integration-test/target/log,AVAILABLE}
2019-07-13 20:38:33,717 INFO  handler.ContextHandler (ContextHandler.java:doStart(781)) - Started o.e.j.s.ServletContextHandler@40957c86{/static,jar:file:/home/user/.m2/repository/org/apache/hadoop/hadoop-hdds-container-service/0.5.0-SNAPSHOT/hadoop-hdds-container-service-0.5.0-SNAPSHOT.jar!/webapps/static,AVAILABLE}
2019-07-13 20:38:33,743 INFO  handler.ContextHandler (ContextHandler.java:doStart(781)) - Started o.e.j.w.WebAppContext@597ae16a{/,file:///tmp/jetty-0.0.0.0-33572-hddsDatanode-_-any-368347437277132905.dir/webapp/,AVAILABLE}{/hddsDatanode}
2019-07-13 20:38:33,743 INFO  server.AbstractConnector (AbstractConnector.java:doStart(278)) - Started ServerConnector@734901c1{HTTP/1.1,[http/1.1]}{0.0.0.0:33572}
2019-07-13 20:38:33,743 INFO  server.Server (Server.java:doStart(419)) - Started @705507ms
2019-07-13 20:38:33,745 INFO  server.BaseHttpServer (BaseHttpServer.java:updateConnectorAddress(207)) - HTTP server of HDDSDATANODE is listening at http://0.0.0.0:33572
2019-07-13 20:38:33,841 INFO  ozone.HddsDatanodeService (HddsDatanodeService.java:startPlugins(396)) - Started plug-in org.apache.hadoop.ozone.web.OzoneHddsDatanodeService@35798cd0
2019-07-13 20:38:33,842 INFO  impl.MetricsSystemImpl (MetricsSystemImpl.java:init(158)) - HddsDatanode metrics system started (again)
2019-07-13 20:38:33,844 INFO  ozone.HddsDatanodeService (HddsDatanodeService.java:start(185)) - HddsDatanodeService host:trunk-nightly-6qp7m-2461138711 ip:192.168.5.168
2019-07-13 20:38:33,845 INFO  util.JvmPauseMonitor (JvmPauseMonitor.java:run(188)) - Starting JVM pause monitor
2019-07-13 20:38:33,847 INFO  datanode.InitDatanodeState (InitDatanodeState.java:persistContainerDatanodeDetails(140)) - DatanodeDetails is persisted to /tmp/workdir/hadoop-ozone/integration-test/target/test-dir/MiniOzoneClusterImpl-9132184a-f07b-4f43-a579-05aa7b8c0a23/datanode-3/meta/datanode.id
2019-07-13 20:38:33,858 INFO  volume.HddsVolume (HddsVolume.java:<init>(176)) - Creating Volume: /tmp/workdir/hadoop-ozone/integration-test/target/test-dir/MiniOzoneClusterImpl-9132184a-f07b-4f43-a579-05aa7b8c0a23/datanode-4/data/containers/hdds of  storage type : DISK and capacity : 52710309888
2019-07-13 20:38:33,859 INFO  volume.VolumeSet (VolumeSet.java:initializeVolumeSet(170)) - Added Volume : /tmp/workdir/hadoop-ozone/integration-test/target/test-dir/MiniOzoneClusterImpl-9132184a-f07b-4f43-a579-05aa7b8c0a23/datanode-4/data/containers/hdds to VolumeSet
2019-07-13 20:38:33,859 INFO  volume.ThrottledAsyncChecker (ThrottledAsyncChecker.java:schedule(140)) - Scheduling a check for org.apache.hadoop.ozone.container.common.volume.HddsVolume@2e87a250
2019-07-13 20:38:33,859 INFO  volume.HddsVolumeChecker (HddsVolumeChecker.java:checkAllVolumes(203)) - Scheduled health check for volume org.apache.hadoop.ozone.container.common.volume.HddsVolume@2e87a250
2019-07-13 20:38:33,873 INFO  impl.RaftServerProxy (ConfUtils.java:logGet(43)) - raft.rpc.type = GRPC (default)
2019-07-13 20:38:33,873 INFO  grpc.GrpcFactory (GrpcFactory.java:checkPooledByteBufAllocatorUseCacheForAllThreads(45)) - PERFORMANCE WARNING: useCacheForAllThreads is true that may cause Netty to create a lot garbage objects and, as a result, trigger GC.
	It is recommended to disable useCacheForAllThreads by setting -Dorg.apache.ratis.thirdparty.io.netty.allocator.useCacheForAllThreads=false in command line.
2019-07-13 20:38:33,873 INFO  grpc.GrpcConfigKeys$Server (ConfUtils.java:logGet(43)) - raft.grpc.server.port = 0 (default)
2019-07-13 20:38:33,873 INFO  server.GrpcService (ConfUtils.java:logGet(43)) - raft.grpc.message.size.max = 33570816 (custom)
2019-07-13 20:38:33,873 INFO  server.RaftServerConfigKeys (ConfUtils.java:logGet(43)) - raft.server.log.appender.buffer.byte-limit = 33554432 (custom)
2019-07-13 20:38:33,874 INFO  server.GrpcService (ConfUtils.java:logGet(43)) - raft.grpc.flow.control.window = 1MB (=1048576) (default)
2019-07-13 20:38:33,874 INFO  server.RaftServerConfigKeys (ConfUtils.java:logGet(43)) - raft.server.rpc.request.timeout = 3000ms (default)
2019-07-13 20:38:33,874 INFO  server.RaftServerConfigKeys (ConfUtils.java:logGet(43)) - raft.server.storage.dir = [/tmp/workdir/hadoop-ozone/integration-test/target/test-dir/MiniOzoneClusterImpl-9132184a-f07b-4f43-a579-05aa7b8c0a23/datanode-4/data/ratis] (custom)
2019-07-13 20:38:33,874 INFO  replication.SimpleContainerDownloader (SimpleContainerDownloader.java:<init>(72)) - Starting container downloader service to copy containers to replicate.
2019-07-13 20:38:33,875 INFO  hdfs.DFSUtil (DFSUtil.java:httpServerTemplateForNNAndJN(1641)) - Starting Web-server for hddsDatanode at: http://0.0.0.0:0
2019-07-13 20:38:33,876 INFO  server.AuthenticationFilter (AuthenticationFilter.java:constructSecretProvider(240)) - Unable to initialize FileSignerSecretProvider, falling back to use random secrets.
2019-07-13 20:38:33,877 WARN  http.HttpRequestLog (HttpRequestLog.java:getRequestLog(97)) - Jetty request log can only be enabled using Log4j
2019-07-13 20:38:33,877 INFO  http.HttpServer2 (HttpServer2.java:addGlobalFilter(975)) - Added global filter 'safety' (class=org.apache.hadoop.http.HttpServer2$QuotingInputFilter)
2019-07-13 20:38:33,878 INFO  http.HttpServer2 (HttpServer2.java:addFilter(948)) - Added filter static_user_filter (class=org.apache.hadoop.http.lib.StaticUserWebFilter$StaticUserFilter) to context hddsDatanode
2019-07-13 20:38:33,878 INFO  http.HttpServer2 (HttpServer2.java:addFilter(958)) - Added filter static_user_filter (class=org.apache.hadoop.http.lib.StaticUserWebFilter$StaticUserFilter) to context logs
2019-07-13 20:38:33,878 INFO  http.HttpServer2 (HttpServer2.java:addFilter(958)) - Added filter static_user_filter (class=org.apache.hadoop.http.lib.StaticUserWebFilter$StaticUserFilter) to context static
2019-07-13 20:38:33,879 INFO  http.HttpServer2 (HttpServer2.java:bindListener(1191)) - Jetty bound to port 37122
2019-07-13 20:38:33,879 INFO  server.Server (Server.java:doStart(351)) - jetty-9.3.24.v20180605, build timestamp: 2018-06-05T17:11:56Z, git hash: 84205aa28f11a4f31f2a3b86d1bba2cc8ab69827
2019-07-13 20:38:33,880 INFO  handler.ContextHandler (ContextHandler.java:doStart(781)) - Started o.e.j.s.ServletContextHandler@4159113f{/logs,file:///tmp/workdir/hadoop-ozone/integration-test/target/log,AVAILABLE}
2019-07-13 20:38:33,881 INFO  handler.ContextHandler (ContextHandler.java:doStart(781)) - Started o.e.j.s.ServletContextHandler@281e2637{/static,jar:file:/home/user/.m2/repository/org/apache/hadoop/hadoop-hdds-container-service/0.5.0-SNAPSHOT/hadoop-hdds-container-service-0.5.0-SNAPSHOT.jar!/webapps/static,AVAILABLE}
2019-07-13 20:38:33,907 INFO  handler.ContextHandler (ContextHandler.java:doStart(781)) - Started o.e.j.w.WebAppContext@5da1d91{/,file:///tmp/jetty-0.0.0.0-37122-hddsDatanode-_-any-4781534917042740659.dir/webapp/,AVAILABLE}{/hddsDatanode}
2019-07-13 20:38:33,908 INFO  server.AbstractConnector (AbstractConnector.java:doStart(278)) - Started ServerConnector@33c28f0d{HTTP/1.1,[http/1.1]}{0.0.0.0:37122}
2019-07-13 20:38:33,909 INFO  server.Server (Server.java:doStart(419)) - Started @705672ms
2019-07-13 20:38:33,910 INFO  server.BaseHttpServer (BaseHttpServer.java:updateConnectorAddress(207)) - HTTP server of HDDSDATANODE is listening at http://0.0.0.0:37122
2019-07-13 20:38:34,005 INFO  ozone.HddsDatanodeService (HddsDatanodeService.java:startPlugins(396)) - Started plug-in org.apache.hadoop.ozone.web.OzoneHddsDatanodeService@77eab063
2019-07-13 20:38:34,005 INFO  impl.MetricsSystemImpl (MetricsSystemImpl.java:init(158)) - HddsDatanode metrics system started (again)
2019-07-13 20:38:34,006 INFO  ozone.HddsDatanodeService (HddsDatanodeService.java:start(185)) - HddsDatanodeService host:trunk-nightly-6qp7m-2461138711 ip:192.168.5.168
2019-07-13 20:38:34,009 INFO  util.JvmPauseMonitor (JvmPauseMonitor.java:run(188)) - Starting JVM pause monitor
2019-07-13 20:38:34,011 INFO  datanode.InitDatanodeState (InitDatanodeState.java:persistContainerDatanodeDetails(140)) - DatanodeDetails is persisted to /tmp/workdir/hadoop-ozone/integration-test/target/test-dir/MiniOzoneClusterImpl-9132184a-f07b-4f43-a579-05aa7b8c0a23/datanode-4/meta/datanode.id
2019-07-13 20:38:34,023 INFO  volume.HddsVolume (HddsVolume.java:<init>(176)) - Creating Volume: /tmp/workdir/hadoop-ozone/integration-test/target/test-dir/MiniOzoneClusterImpl-9132184a-f07b-4f43-a579-05aa7b8c0a23/datanode-5/data/containers/hdds of  storage type : DISK and capacity : 52710309888
2019-07-13 20:38:34,023 INFO  volume.VolumeSet (VolumeSet.java:initializeVolumeSet(170)) - Added Volume : /tmp/workdir/hadoop-ozone/integration-test/target/test-dir/MiniOzoneClusterImpl-9132184a-f07b-4f43-a579-05aa7b8c0a23/datanode-5/data/containers/hdds to VolumeSet
2019-07-13 20:38:34,023 INFO  volume.ThrottledAsyncChecker (ThrottledAsyncChecker.java:schedule(140)) - Scheduling a check for org.apache.hadoop.ozone.container.common.volume.HddsVolume@78ceb8cd
2019-07-13 20:38:34,024 INFO  volume.HddsVolumeChecker (HddsVolumeChecker.java:checkAllVolumes(203)) - Scheduled health check for volume org.apache.hadoop.ozone.container.common.volume.HddsVolume@78ceb8cd
2019-07-13 20:38:34,037 INFO  impl.RaftServerProxy (ConfUtils.java:logGet(43)) - raft.rpc.type = GRPC (default)
2019-07-13 20:38:34,037 INFO  grpc.GrpcFactory (GrpcFactory.java:checkPooledByteBufAllocatorUseCacheForAllThreads(45)) - PERFORMANCE WARNING: useCacheForAllThreads is true that may cause Netty to create a lot garbage objects and, as a result, trigger GC.
	It is recommended to disable useCacheForAllThreads by setting -Dorg.apache.ratis.thirdparty.io.netty.allocator.useCacheForAllThreads=false in command line.
2019-07-13 20:38:34,039 INFO  grpc.GrpcConfigKeys$Server (ConfUtils.java:logGet(43)) - raft.grpc.server.port = 0 (default)
2019-07-13 20:38:34,039 INFO  server.GrpcService (ConfUtils.java:logGet(43)) - raft.grpc.message.size.max = 33570816 (custom)
2019-07-13 20:38:34,039 INFO  server.RaftServerConfigKeys (ConfUtils.java:logGet(43)) - raft.server.log.appender.buffer.byte-limit = 33554432 (custom)
2019-07-13 20:38:34,039 INFO  server.GrpcService (ConfUtils.java:logGet(43)) - raft.grpc.flow.control.window = 1MB (=1048576) (default)
2019-07-13 20:38:34,040 INFO  server.RaftServerConfigKeys (ConfUtils.java:logGet(43)) - raft.server.rpc.request.timeout = 3000ms (default)
2019-07-13 20:38:34,040 INFO  server.RaftServerConfigKeys (ConfUtils.java:logGet(43)) - raft.server.storage.dir = [/tmp/workdir/hadoop-ozone/integration-test/target/test-dir/MiniOzoneClusterImpl-9132184a-f07b-4f43-a579-05aa7b8c0a23/datanode-5/data/ratis] (custom)
2019-07-13 20:38:34,040 INFO  replication.SimpleContainerDownloader (SimpleContainerDownloader.java:<init>(72)) - Starting container downloader service to copy containers to replicate.
2019-07-13 20:38:34,042 INFO  hdfs.DFSUtil (DFSUtil.java:httpServerTemplateForNNAndJN(1641)) - Starting Web-server for hddsDatanode at: http://0.0.0.0:0
2019-07-13 20:38:34,043 INFO  server.AuthenticationFilter (AuthenticationFilter.java:constructSecretProvider(240)) - Unable to initialize FileSignerSecretProvider, falling back to use random secrets.
2019-07-13 20:38:34,043 WARN  http.HttpRequestLog (HttpRequestLog.java:getRequestLog(97)) - Jetty request log can only be enabled using Log4j
2019-07-13 20:38:34,044 INFO  http.HttpServer2 (HttpServer2.java:addGlobalFilter(975)) - Added global filter 'safety' (class=org.apache.hadoop.http.HttpServer2$QuotingInputFilter)
2019-07-13 20:38:34,044 INFO  http.HttpServer2 (HttpServer2.java:addFilter(948)) - Added filter static_user_filter (class=org.apache.hadoop.http.lib.StaticUserWebFilter$StaticUserFilter) to context hddsDatanode
2019-07-13 20:38:34,044 INFO  http.HttpServer2 (HttpServer2.java:addFilter(958)) - Added filter static_user_filter (class=org.apache.hadoop.http.lib.StaticUserWebFilter$StaticUserFilter) to context logs
2019-07-13 20:38:34,045 INFO  http.HttpServer2 (HttpServer2.java:addFilter(958)) - Added filter static_user_filter (class=org.apache.hadoop.http.lib.StaticUserWebFilter$StaticUserFilter) to context static
2019-07-13 20:38:34,045 INFO  http.HttpServer2 (HttpServer2.java:bindListener(1191)) - Jetty bound to port 43542
2019-07-13 20:38:34,045 INFO  server.Server (Server.java:doStart(351)) - jetty-9.3.24.v20180605, build timestamp: 2018-06-05T17:11:56Z, git hash: 84205aa28f11a4f31f2a3b86d1bba2cc8ab69827
2019-07-13 20:38:34,047 INFO  handler.ContextHandler (ContextHandler.java:doStart(781)) - Started o.e.j.s.ServletContextHandler@69231217{/logs,file:///tmp/workdir/hadoop-ozone/integration-test/target/log,AVAILABLE}
2019-07-13 20:38:34,047 INFO  handler.ContextHandler (ContextHandler.java:doStart(781)) - Started o.e.j.s.ServletContextHandler@7fdef973{/static,jar:file:/home/user/.m2/repository/org/apache/hadoop/hadoop-hdds-container-service/0.5.0-SNAPSHOT/hadoop-hdds-container-service-0.5.0-SNAPSHOT.jar!/webapps/static,AVAILABLE}
2019-07-13 20:38:34,073 INFO  handler.ContextHandler (ContextHandler.java:doStart(781)) - Started o.e.j.w.WebAppContext@551f38b1{/,file:///tmp/jetty-0.0.0.0-43542-hddsDatanode-_-any-8188333852355148368.dir/webapp/,AVAILABLE}{/hddsDatanode}
2019-07-13 20:38:34,073 INFO  server.AbstractConnector (AbstractConnector.java:doStart(278)) - Started ServerConnector@5f25b34d{HTTP/1.1,[http/1.1]}{0.0.0.0:43542}
2019-07-13 20:38:34,074 INFO  server.Server (Server.java:doStart(419)) - Started @705837ms
2019-07-13 20:38:34,076 INFO  server.BaseHttpServer (BaseHttpServer.java:updateConnectorAddress(207)) - HTTP server of HDDSDATANODE is listening at http://0.0.0.0:43542
2019-07-13 20:38:34,170 INFO  ozone.HddsDatanodeService (HddsDatanodeService.java:startPlugins(396)) - Started plug-in org.apache.hadoop.ozone.web.OzoneHddsDatanodeService@5deae5ef
2019-07-13 20:38:34,170 INFO  impl.MetricsSystemImpl (MetricsSystemImpl.java:init(158)) - HddsDatanode metrics system started (again)
2019-07-13 20:38:34,173 INFO  ozone.HddsDatanodeService (HddsDatanodeService.java:start(185)) - HddsDatanodeService host:trunk-nightly-6qp7m-2461138711 ip:192.168.5.168
2019-07-13 20:38:34,174 INFO  util.JvmPauseMonitor (JvmPauseMonitor.java:run(188)) - Starting JVM pause monitor
2019-07-13 20:38:34,175 INFO  datanode.InitDatanodeState (InitDatanodeState.java:persistContainerDatanodeDetails(140)) - DatanodeDetails is persisted to /tmp/workdir/hadoop-ozone/integration-test/target/test-dir/MiniOzoneClusterImpl-9132184a-f07b-4f43-a579-05aa7b8c0a23/datanode-5/meta/datanode.id
2019-07-13 20:38:34,188 INFO  volume.HddsVolume (HddsVolume.java:<init>(176)) - Creating Volume: /tmp/workdir/hadoop-ozone/integration-test/target/test-dir/MiniOzoneClusterImpl-9132184a-f07b-4f43-a579-05aa7b8c0a23/datanode-6/data/containers/hdds of  storage type : DISK and capacity : 52710309888
2019-07-13 20:38:34,188 INFO  volume.VolumeSet (VolumeSet.java:initializeVolumeSet(170)) - Added Volume : /tmp/workdir/hadoop-ozone/integration-test/target/test-dir/MiniOzoneClusterImpl-9132184a-f07b-4f43-a579-05aa7b8c0a23/datanode-6/data/containers/hdds to VolumeSet
2019-07-13 20:38:34,188 INFO  volume.ThrottledAsyncChecker (ThrottledAsyncChecker.java:schedule(140)) - Scheduling a check for org.apache.hadoop.ozone.container.common.volume.HddsVolume@60ca607
2019-07-13 20:38:34,189 INFO  volume.HddsVolumeChecker (HddsVolumeChecker.java:checkAllVolumes(203)) - Scheduled health check for volume org.apache.hadoop.ozone.container.common.volume.HddsVolume@60ca607
2019-07-13 20:38:34,204 INFO  impl.RaftServerProxy (ConfUtils.java:logGet(43)) - raft.rpc.type = GRPC (default)
2019-07-13 20:38:34,204 INFO  grpc.GrpcFactory (GrpcFactory.java:checkPooledByteBufAllocatorUseCacheForAllThreads(45)) - PERFORMANCE WARNING: useCacheForAllThreads is true that may cause Netty to create a lot garbage objects and, as a result, trigger GC.
	It is recommended to disable useCacheForAllThreads by setting -Dorg.apache.ratis.thirdparty.io.netty.allocator.useCacheForAllThreads=false in command line.
2019-07-13 20:38:34,204 INFO  grpc.GrpcConfigKeys$Server (ConfUtils.java:logGet(43)) - raft.grpc.server.port = 0 (default)
2019-07-13 20:38:34,205 INFO  server.GrpcService (ConfUtils.java:logGet(43)) - raft.grpc.message.size.max = 33570816 (custom)
2019-07-13 20:38:34,205 INFO  server.RaftServerConfigKeys (ConfUtils.java:logGet(43)) - raft.server.log.appender.buffer.byte-limit = 33554432 (custom)
2019-07-13 20:38:34,205 INFO  server.GrpcService (ConfUtils.java:logGet(43)) - raft.grpc.flow.control.window = 1MB (=1048576) (default)
2019-07-13 20:38:34,205 INFO  server.RaftServerConfigKeys (ConfUtils.java:logGet(43)) - raft.server.rpc.request.timeout = 3000ms (default)
2019-07-13 20:38:34,206 INFO  server.RaftServerConfigKeys (ConfUtils.java:logGet(43)) - raft.server.storage.dir = [/tmp/workdir/hadoop-ozone/integration-test/target/test-dir/MiniOzoneClusterImpl-9132184a-f07b-4f43-a579-05aa7b8c0a23/datanode-6/data/ratis] (custom)
2019-07-13 20:38:34,206 INFO  replication.SimpleContainerDownloader (SimpleContainerDownloader.java:<init>(72)) - Starting container downloader service to copy containers to replicate.
2019-07-13 20:38:34,207 INFO  hdfs.DFSUtil (DFSUtil.java:httpServerTemplateForNNAndJN(1641)) - Starting Web-server for hddsDatanode at: http://0.0.0.0:0
2019-07-13 20:38:34,208 INFO  server.AuthenticationFilter (AuthenticationFilter.java:constructSecretProvider(240)) - Unable to initialize FileSignerSecretProvider, falling back to use random secrets.
2019-07-13 20:38:34,209 WARN  http.HttpRequestLog (HttpRequestLog.java:getRequestLog(97)) - Jetty request log can only be enabled using Log4j
2019-07-13 20:38:34,210 INFO  http.HttpServer2 (HttpServer2.java:addGlobalFilter(975)) - Added global filter 'safety' (class=org.apache.hadoop.http.HttpServer2$QuotingInputFilter)
2019-07-13 20:38:34,210 INFO  http.HttpServer2 (HttpServer2.java:addFilter(948)) - Added filter static_user_filter (class=org.apache.hadoop.http.lib.StaticUserWebFilter$StaticUserFilter) to context hddsDatanode
2019-07-13 20:38:34,210 INFO  http.HttpServer2 (HttpServer2.java:addFilter(958)) - Added filter static_user_filter (class=org.apache.hadoop.http.lib.StaticUserWebFilter$StaticUserFilter) to context logs
2019-07-13 20:38:34,211 INFO  http.HttpServer2 (HttpServer2.java:addFilter(958)) - Added filter static_user_filter (class=org.apache.hadoop.http.lib.StaticUserWebFilter$StaticUserFilter) to context static
2019-07-13 20:38:34,211 INFO  http.HttpServer2 (HttpServer2.java:bindListener(1191)) - Jetty bound to port 46513
2019-07-13 20:38:34,211 INFO  server.Server (Server.java:doStart(351)) - jetty-9.3.24.v20180605, build timestamp: 2018-06-05T17:11:56Z, git hash: 84205aa28f11a4f31f2a3b86d1bba2cc8ab69827
2019-07-13 20:38:34,213 INFO  handler.ContextHandler (ContextHandler.java:doStart(781)) - Started o.e.j.s.ServletContextHandler@16415241{/logs,file:///tmp/workdir/hadoop-ozone/integration-test/target/log,AVAILABLE}
2019-07-13 20:38:34,213 INFO  handler.ContextHandler (ContextHandler.java:doStart(781)) - Started o.e.j.s.ServletContextHandler@eb3ceb4{/static,jar:file:/home/user/.m2/repository/org/apache/hadoop/hadoop-hdds-container-service/0.5.0-SNAPSHOT/hadoop-hdds-container-service-0.5.0-SNAPSHOT.jar!/webapps/static,AVAILABLE}
2019-07-13 20:38:34,244 INFO  handler.ContextHandler (ContextHandler.java:doStart(781)) - Started o.e.j.w.WebAppContext@62b9d56e{/,file:///tmp/jetty-0.0.0.0-46513-hddsDatanode-_-any-2117619406559261053.dir/webapp/,AVAILABLE}{/hddsDatanode}
2019-07-13 20:38:34,245 INFO  server.AbstractConnector (AbstractConnector.java:doStart(278)) - Started ServerConnector@fe32f34{HTTP/1.1,[http/1.1]}{0.0.0.0:46513}
2019-07-13 20:38:34,246 INFO  server.Server (Server.java:doStart(419)) - Started @706009ms
2019-07-13 20:38:34,247 INFO  server.BaseHttpServer (BaseHttpServer.java:updateConnectorAddress(207)) - HTTP server of HDDSDATANODE is listening at http://0.0.0.0:46513
2019-07-13 20:38:34,342 INFO  ozone.HddsDatanodeService (HddsDatanodeService.java:startPlugins(396)) - Started plug-in org.apache.hadoop.ozone.web.OzoneHddsDatanodeService@6616b9e0
2019-07-13 20:38:34,342 INFO  ozone.MiniOzoneClusterImpl (MiniOzoneClusterImpl.java:lambda$waitForClusterToBeReady$0(142)) - Waiting for cluster to be ready. Got 0 of 7 DN Heartbeats.
2019-07-13 20:38:34,346 INFO  util.JvmPauseMonitor (JvmPauseMonitor.java:run(188)) - Starting JVM pause monitor
2019-07-13 20:38:34,347 INFO  datanode.InitDatanodeState (InitDatanodeState.java:persistContainerDatanodeDetails(140)) - DatanodeDetails is persisted to /tmp/workdir/hadoop-ozone/integration-test/target/test-dir/MiniOzoneClusterImpl-9132184a-f07b-4f43-a579-05aa7b8c0a23/datanode-6/meta/datanode.id
2019-07-13 20:38:35,342 INFO  ozone.MiniOzoneClusterImpl (MiniOzoneClusterImpl.java:lambda$waitForClusterToBeReady$0(142)) - Waiting for cluster to be ready. Got 0 of 7 DN Heartbeats.
2019-07-13 20:38:35,377 INFO  ozoneimpl.OzoneContainer (OzoneContainer.java:start(186)) - Attempting to start container services.
2019-07-13 20:38:35,380 INFO  ozoneimpl.OzoneContainer (OzoneContainer.java:startContainerScrub(160)) - Background container scrubber has been disabled by hdds.containerscrub.enabled
2019-07-13 20:38:35,380 INFO  ratis.XceiverServerRatis (XceiverServerRatis.java:start(418)) - Starting XceiverServerRatis 2905612f-b574-451f-ad33-d2857cb35c1a at port 0
2019-07-13 20:38:35,387 INFO  impl.RaftServerProxy (RaftServerProxy.java:lambda$start$3(299)) - 2905612f-b574-451f-ad33-d2857cb35c1a: start RPC server
2019-07-13 20:38:35,389 INFO  server.GrpcService (GrpcService.java:startImpl(149)) - 2905612f-b574-451f-ad33-d2857cb35c1a: GrpcService started, listening on 0.0.0.0/0.0.0.0:43082
2019-07-13 20:38:35,389 INFO  ratis.XceiverServerRatis (XceiverServerRatis.java:start(428)) - XceiverServerRatis 2905612f-b574-451f-ad33-d2857cb35c1a is started using port 43082
2019-07-13 20:38:35,389 INFO  server.XceiverServerGrpc (XceiverServerGrpc.java:start(161)) - XceiverServerGrpc 2905612f-b574-451f-ad33-d2857cb35c1a is started using port 37815
2019-07-13 20:38:35,535 INFO  ozoneimpl.OzoneContainer (OzoneContainer.java:start(186)) - Attempting to start container services.
2019-07-13 20:38:35,538 INFO  ozoneimpl.OzoneContainer (OzoneContainer.java:startContainerScrub(160)) - Background container scrubber has been disabled by hdds.containerscrub.enabled
2019-07-13 20:38:35,539 INFO  ratis.XceiverServerRatis (XceiverServerRatis.java:start(418)) - Starting XceiverServerRatis 43e3b32e-2140-4fa1-8836-a25b5f48f789 at port 0
2019-07-13 20:38:35,546 INFO  impl.RaftServerProxy (RaftServerProxy.java:lambda$start$3(299)) - 43e3b32e-2140-4fa1-8836-a25b5f48f789: start RPC server
2019-07-13 20:38:35,549 INFO  server.GrpcService (GrpcService.java:startImpl(149)) - 43e3b32e-2140-4fa1-8836-a25b5f48f789: GrpcService started, listening on 0.0.0.0/0.0.0.0:32942
2019-07-13 20:38:35,549 INFO  ratis.XceiverServerRatis (XceiverServerRatis.java:start(428)) - XceiverServerRatis 43e3b32e-2140-4fa1-8836-a25b5f48f789 is started using port 32942
2019-07-13 20:38:35,549 INFO  server.XceiverServerGrpc (XceiverServerGrpc.java:start(161)) - XceiverServerGrpc 43e3b32e-2140-4fa1-8836-a25b5f48f789 is started using port 40226
2019-07-13 20:38:35,688 INFO  ozoneimpl.OzoneContainer (OzoneContainer.java:start(186)) - Attempting to start container services.
2019-07-13 20:38:35,696 INFO  ozoneimpl.OzoneContainer (OzoneContainer.java:startContainerScrub(160)) - Background container scrubber has been disabled by hdds.containerscrub.enabled
2019-07-13 20:38:35,696 INFO  ratis.XceiverServerRatis (XceiverServerRatis.java:start(418)) - Starting XceiverServerRatis 462e9187-1bd9-45e4-a728-a3c0f536132c at port 0
2019-07-13 20:38:35,704 INFO  impl.RaftServerProxy (RaftServerProxy.java:lambda$start$3(299)) - 462e9187-1bd9-45e4-a728-a3c0f536132c: start RPC server
2019-07-13 20:38:35,704 INFO  server.GrpcService (GrpcService.java:startImpl(149)) - 462e9187-1bd9-45e4-a728-a3c0f536132c: GrpcService started, listening on 0.0.0.0/0.0.0.0:39950
2019-07-13 20:38:35,704 INFO  ratis.XceiverServerRatis (XceiverServerRatis.java:start(428)) - XceiverServerRatis 462e9187-1bd9-45e4-a728-a3c0f536132c is started using port 39950
2019-07-13 20:38:35,711 INFO  server.XceiverServerGrpc (XceiverServerGrpc.java:start(161)) - XceiverServerGrpc 462e9187-1bd9-45e4-a728-a3c0f536132c is started using port 46629
2019-07-13 20:38:35,858 INFO  ozoneimpl.OzoneContainer (OzoneContainer.java:start(186)) - Attempting to start container services.
2019-07-13 20:38:35,858 INFO  ozoneimpl.OzoneContainer (OzoneContainer.java:startContainerScrub(160)) - Background container scrubber has been disabled by hdds.containerscrub.enabled
2019-07-13 20:38:35,858 INFO  ratis.XceiverServerRatis (XceiverServerRatis.java:start(418)) - Starting XceiverServerRatis 9bc81915-8fdf-4499-89b4-39fb809057e6 at port 0
2019-07-13 20:38:35,865 INFO  impl.RaftServerProxy (RaftServerProxy.java:lambda$start$3(299)) - 9bc81915-8fdf-4499-89b4-39fb809057e6: start RPC server
2019-07-13 20:38:35,874 INFO  server.GrpcService (GrpcService.java:startImpl(149)) - 9bc81915-8fdf-4499-89b4-39fb809057e6: GrpcService started, listening on 0.0.0.0/0.0.0.0:33111
2019-07-13 20:38:35,874 INFO  ratis.XceiverServerRatis (XceiverServerRatis.java:start(428)) - XceiverServerRatis 9bc81915-8fdf-4499-89b4-39fb809057e6 is started using port 33111
2019-07-13 20:38:35,875 INFO  server.XceiverServerGrpc (XceiverServerGrpc.java:start(161)) - XceiverServerGrpc 9bc81915-8fdf-4499-89b4-39fb809057e6 is started using port 35060
2019-07-13 20:38:36,014 INFO  ozoneimpl.OzoneContainer (OzoneContainer.java:start(186)) - Attempting to start container services.
2019-07-13 20:38:36,015 INFO  ozoneimpl.OzoneContainer (OzoneContainer.java:startContainerScrub(160)) - Background container scrubber has been disabled by hdds.containerscrub.enabled
2019-07-13 20:38:36,015 INFO  ratis.XceiverServerRatis (XceiverServerRatis.java:start(418)) - Starting XceiverServerRatis 4c380176-de97-462b-b46a-a80e4c1ce125 at port 0
2019-07-13 20:38:36,022 INFO  impl.RaftServerProxy (RaftServerProxy.java:lambda$start$3(299)) - 4c380176-de97-462b-b46a-a80e4c1ce125: start RPC server
2019-07-13 20:38:36,025 INFO  server.GrpcService (GrpcService.java:startImpl(149)) - 4c380176-de97-462b-b46a-a80e4c1ce125: GrpcService started, listening on 0.0.0.0/0.0.0.0:39172
2019-07-13 20:38:36,025 INFO  ratis.XceiverServerRatis (XceiverServerRatis.java:start(428)) - XceiverServerRatis 4c380176-de97-462b-b46a-a80e4c1ce125 is started using port 39172
2019-07-13 20:38:36,026 INFO  server.XceiverServerGrpc (XceiverServerGrpc.java:start(161)) - XceiverServerGrpc 4c380176-de97-462b-b46a-a80e4c1ce125 is started using port 42562
2019-07-13 20:38:36,187 INFO  ozoneimpl.OzoneContainer (OzoneContainer.java:start(186)) - Attempting to start container services.
2019-07-13 20:38:36,188 INFO  ozoneimpl.OzoneContainer (OzoneContainer.java:startContainerScrub(160)) - Background container scrubber has been disabled by hdds.containerscrub.enabled
2019-07-13 20:38:36,188 INFO  ratis.XceiverServerRatis (XceiverServerRatis.java:start(418)) - Starting XceiverServerRatis 3f97cf59-2b26-42fa-8304-f8ca7a5f916b at port 0
2019-07-13 20:38:36,197 INFO  impl.RaftServerProxy (RaftServerProxy.java:lambda$start$3(299)) - 3f97cf59-2b26-42fa-8304-f8ca7a5f916b: start RPC server
2019-07-13 20:38:36,198 INFO  server.GrpcService (GrpcService.java:startImpl(149)) - 3f97cf59-2b26-42fa-8304-f8ca7a5f916b: GrpcService started, listening on 0.0.0.0/0.0.0.0:32982
2019-07-13 20:38:36,198 INFO  ratis.XceiverServerRatis (XceiverServerRatis.java:start(428)) - XceiverServerRatis 3f97cf59-2b26-42fa-8304-f8ca7a5f916b is started using port 32982
2019-07-13 20:38:36,199 INFO  server.XceiverServerGrpc (XceiverServerGrpc.java:start(161)) - XceiverServerGrpc 3f97cf59-2b26-42fa-8304-f8ca7a5f916b is started using port 45389
2019-07-13 20:38:36,343 INFO  ozone.MiniOzoneClusterImpl (MiniOzoneClusterImpl.java:lambda$waitForClusterToBeReady$0(142)) - Waiting for cluster to be ready. Got 0 of 7 DN Heartbeats.
2019-07-13 20:38:36,352 INFO  ozoneimpl.OzoneContainer (OzoneContainer.java:start(186)) - Attempting to start container services.
2019-07-13 20:38:36,352 INFO  ozoneimpl.OzoneContainer (OzoneContainer.java:startContainerScrub(160)) - Background container scrubber has been disabled by hdds.containerscrub.enabled
2019-07-13 20:38:36,352 INFO  ratis.XceiverServerRatis (XceiverServerRatis.java:start(418)) - Starting XceiverServerRatis 9418f771-e81d-4c5f-bc92-84996a7d83c2 at port 0
2019-07-13 20:38:36,360 INFO  impl.RaftServerProxy (RaftServerProxy.java:lambda$start$3(299)) - 9418f771-e81d-4c5f-bc92-84996a7d83c2: start RPC server
2019-07-13 20:38:36,361 INFO  server.GrpcService (GrpcService.java:startImpl(149)) - 9418f771-e81d-4c5f-bc92-84996a7d83c2: GrpcService started, listening on 0.0.0.0/0.0.0.0:33309
2019-07-13 20:38:36,361 INFO  ratis.XceiverServerRatis (XceiverServerRatis.java:start(428)) - XceiverServerRatis 9418f771-e81d-4c5f-bc92-84996a7d83c2 is started using port 33309
2019-07-13 20:38:36,361 INFO  server.XceiverServerGrpc (XceiverServerGrpc.java:start(161)) - XceiverServerGrpc 9418f771-e81d-4c5f-bc92-84996a7d83c2 is started using port 45995
2019-07-13 20:38:37,343 INFO  ozone.MiniOzoneClusterImpl (MiniOzoneClusterImpl.java:lambda$waitForClusterToBeReady$0(142)) - Waiting for cluster to be ready. Got 0 of 7 DN Heartbeats.
2019-07-13 20:38:37,356 INFO  net.NetworkTopology (NetworkTopologyImpl.java:add(110)) - Added a new node: /default-rack/192.168.5.168
2019-07-13 20:38:37,356 INFO  node.SCMNodeManager (SCMNodeManager.java:register(269)) - Registered Data node : 2905612f-b574-451f-ad33-d2857cb35c1a{ip: 192.168.5.168, host: trunk-nightly-6qp7m-2461138711, networkLocation: /default-rack, certSerialId: null}
2019-07-13 20:38:37,360 INFO  safemode.SCMSafeModeManager (DataNodeSafeModeRule.java:process(71)) - SCM in safe mode. 1 DataNodes registered, 1 required.
2019-07-13 20:38:37,363 INFO  safemode.SCMSafeModeManager (SCMSafeModeManager.java:validateSafeModeExitRules(177)) - ScmSafeModeManager, all rules are successfully validated
2019-07-13 20:38:37,363 INFO  safemode.SCMSafeModeManager (SCMSafeModeManager.java:exitSafeMode(193)) - SCM exiting safe mode.
2019-07-13 20:38:37,375 INFO  impl.RaftServerProxy (RaftServerProxy.java:addNew(89)) - 2905612f-b574-451f-ad33-d2857cb35c1a: addNew group-DA58A1817514:[2905612f-b574-451f-ad33-d2857cb35c1a:192.168.5.168:43082] returns group-DA58A1817514:java.util.concurrent.CompletableFuture@4c63c053[Not completed]
2019-07-13 20:38:37,376 INFO  impl.RaftServerImpl (RaftServerImpl.java:<init>(93)) - 2905612f-b574-451f-ad33-d2857cb35c1a: new RaftServerImpl for group-DA58A1817514:[2905612f-b574-451f-ad33-d2857cb35c1a:192.168.5.168:43082] with ContainerStateMachine:uninitialized
2019-07-13 20:38:37,377 INFO  server.RaftServerConfigKeys (ConfUtils.java:logGet(43)) - raft.server.rpc.timeout.min = 5s (custom)
2019-07-13 20:38:37,377 INFO  server.RaftServerConfigKeys (ConfUtils.java:logGet(43)) - raft.server.rpc.timeout.max = 5200ms (custom)
2019-07-13 20:38:37,377 INFO  server.RaftServerConfigKeys (ConfUtils.java:logGet(43)) - raft.server.rpcslowness.timeout = 120s (custom)
2019-07-13 20:38:37,377 INFO  server.RaftServerConfigKeys (ConfUtils.java:logGet(43)) - raft.server.sleep.deviation.threshold = 300 (default)
2019-07-13 20:38:37,377 INFO  server.RaftServerConfigKeys (ConfUtils.java:logGet(43)) - raft.server.log.appender.install.snapshot.enabled = false (custom)
2019-07-13 20:38:37,377 INFO  impl.RaftServerImpl (ServerState.java:<init>(105)) - 2905612f-b574-451f-ad33-d2857cb35c1a:group-DA58A1817514 ConfigurationManager, init=-1: [2905612f-b574-451f-ad33-d2857cb35c1a:192.168.5.168:43082], old=null, confs=<EMPTY_MAP>
2019-07-13 20:38:37,377 INFO  server.RaftServerConfigKeys (ConfUtils.java:logGet(43)) - raft.server.storage.dir = [/tmp/workdir/hadoop-ozone/integration-test/target/test-dir/MiniOzoneClusterImpl-9132184a-f07b-4f43-a579-05aa7b8c0a23/datanode-0/data/ratis] (custom)
2019-07-13 20:38:37,378 INFO  storage.RaftStorageDirectory (RaftStorageDirectory.java:analyzeStorage(246)) - The storage directory /tmp/workdir/hadoop-ozone/integration-test/target/test-dir/MiniOzoneClusterImpl-9132184a-f07b-4f43-a579-05aa7b8c0a23/datanode-0/data/ratis/f1f458d5-143f-4ff6-ad29-da58a1817514 does not exist. Creating ...
2019-07-13 20:38:37,392 INFO  storage.RaftStorageDirectory (RaftStorageDirectory.java:tryLock(328)) - Lock on /tmp/workdir/hadoop-ozone/integration-test/target/test-dir/MiniOzoneClusterImpl-9132184a-f07b-4f43-a579-05aa7b8c0a23/datanode-0/data/ratis/f1f458d5-143f-4ff6-ad29-da58a1817514/in_use.lock acquired by nodename 32015@trunk-nightly-6qp7m-2461138711
2019-07-13 20:38:37,406 INFO  storage.RaftStorage (RaftStorage.java:format(72)) - Storage directory /tmp/workdir/hadoop-ozone/integration-test/target/test-dir/MiniOzoneClusterImpl-9132184a-f07b-4f43-a579-05aa7b8c0a23/datanode-0/data/ratis/f1f458d5-143f-4ff6-ad29-da58a1817514 has been successfully formatted.
2019-07-13 20:38:37,406 INFO  ratis.ContainerStateMachine (ContainerStateMachine.java:loadSnapshot(200)) - The snapshot info is null.Setting the last applied index to:(t:0, i:~)
2019-07-13 20:38:37,406 INFO  server.RaftServerConfigKeys (ConfUtils.java:logGet(43)) - raft.server.leader.election.timeout = 120s (custom)
2019-07-13 20:38:37,407 INFO  server.RaftServerConfigKeys (ConfUtils.java:logGet(43)) - raft.server.log.use.memory = false (default)
2019-07-13 20:38:37,407 INFO  server.RaftServerConfigKeys (ConfUtils.java:logGet(43)) - raft.server.log.purge.gap = 1000000000 (custom)
2019-07-13 20:38:37,407 INFO  server.RaftServerConfigKeys (ConfUtils.java:logGet(43)) - raft.server.log.appender.buffer.byte-limit = 33554432 (custom)
2019-07-13 20:38:37,407 INFO  server.RaftServerConfigKeys (ConfUtils.java:logGet(43)) - raft.server.log.segment.size.max = 1048576 (custom)
2019-07-13 20:38:37,407 INFO  server.RaftServerConfigKeys (ConfUtils.java:logGet(43)) - raft.server.log.segment.cache.num.max = 2 (custom)
2019-07-13 20:38:37,407 INFO  segmented.SegmentedRaftLogWorker (SegmentedRaftLogWorker.java:<init>(172)) - new 2905612f-b574-451f-ad33-d2857cb35c1a-SegmentedRaftLogWorker:Storage Directory /tmp/workdir/hadoop-ozone/integration-test/target/test-dir/MiniOzoneClusterImpl-9132184a-f07b-4f43-a579-05aa7b8c0a23/datanode-0/data/ratis/f1f458d5-143f-4ff6-ad29-da58a1817514 for RaftStorage:Storage Directory /tmp/workdir/hadoop-ozone/integration-test/target/test-dir/MiniOzoneClusterImpl-9132184a-f07b-4f43-a579-05aa7b8c0a23/datanode-0/data/ratis/f1f458d5-143f-4ff6-ad29-da58a1817514
2019-07-13 20:38:37,408 INFO  server.RaftServerConfigKeys (ConfUtils.java:logGet(43)) - raft.server.log.queue.byte-limit = 2147483647 (custom)
2019-07-13 20:38:37,408 INFO  server.RaftServerConfigKeys (ConfUtils.java:logGet(43)) - raft.server.log.queue.element-limit = 1024 (custom)
2019-07-13 20:38:37,408 INFO  server.RaftServerConfigKeys (ConfUtils.java:logGet(43)) - raft.server.log.segment.size.max = 1048576 (custom)
2019-07-13 20:38:37,408 INFO  server.RaftServerConfigKeys (ConfUtils.java:logGet(43)) - raft.server.log.preallocated.size = 16384 (custom)
2019-07-13 20:38:37,408 INFO  server.RaftServerConfigKeys (ConfUtils.java:logGet(43)) - raft.server.log.write.buffer.size = 33554432 (custom)
2019-07-13 20:38:37,409 INFO  server.RaftServerConfigKeys (ConfUtils.java:logGet(43)) - raft.server.log.force.sync.num = 128 (default)
2019-07-13 20:38:37,409 INFO  server.RaftServerConfigKeys (ConfUtils.java:logGet(43)) - raft.server.log.statemachine.data.sync = true (default)
2019-07-13 20:38:37,409 INFO  server.RaftServerConfigKeys (ConfUtils.java:logGet(43)) - raft.server.log.statemachine.data.sync.timeout = 10s (default)
2019-07-13 20:38:37,409 INFO  server.RaftServerConfigKeys (ConfUtils.java:logGet(43)) - raft.server.log.statemachine.data.sync.timeout.retry = -1 (default)
2019-07-13 20:38:37,409 INFO  server.RaftServerConfigKeys (ConfUtils.java:logGet(43)) - raft.server.log.statemachine.data.caching.enabled = true (custom)
2019-07-13 20:38:37,410 INFO  segmented.SegmentedRaftLogWorker (SegmentedRaftLogWorker.java:lambda$new$0(132)) - 2905612f-b574-451f-ad33-d2857cb35c1a-SegmentedRaftLogWorker:Storage Directory /tmp/workdir/hadoop-ozone/integration-test/target/test-dir/MiniOzoneClusterImpl-9132184a-f07b-4f43-a579-05aa7b8c0a23/datanode-0/data/ratis/f1f458d5-143f-4ff6-ad29-da58a1817514: flushIndex: setUnconditionally 0 -> -1
2019-07-13 20:38:37,410 INFO  server.RaftServerConfigKeys (ConfUtils.java:logGet(43)) - raft.server.snapshot.auto.trigger.enabled = true (custom)
2019-07-13 20:38:37,410 INFO  server.RaftServerConfigKeys (ConfUtils.java:logGet(43)) - raft.server.snapshot.auto.trigger.threshold = 10000 (custom)
2019-07-13 20:38:37,410 INFO  server.RaftServerConfigKeys (ConfUtils.java:logGet(43)) - raft.server.retrycache.expirytime = 600000ms (custom)
2019-07-13 20:38:37,410 INFO  impl.RaftServerImpl (RaftServerImpl.java:start(180)) - 2905612f-b574-451f-ad33-d2857cb35c1a: start group-DA58A1817514
2019-07-13 20:38:37,411 INFO  impl.RaftServerImpl (RaftServerImpl.java:setRole(171)) - 2905612f-b574-451f-ad33-d2857cb35c1a:group-DA58A1817514 changes role from null to FOLLOWER at term 0 for startAsFollower
2019-07-13 20:38:37,411 INFO  impl.RoleInfo (RoleInfo.java:updateAndGet(143)) - 2905612f-b574-451f-ad33-d2857cb35c1a: start FollowerState
2019-07-13 20:38:37,411 INFO  util.JmxRegister (JmxRegister.java:tryRegister(44)) - Successfully registered JMX Bean with object name Ratis:service=RaftServer,group=group-DA58A1817514,id=2905612f-b574-451f-ad33-d2857cb35c1a
2019-07-13 20:38:37,413 INFO  pipeline.PipelineStateManager (PipelineStateManager.java:addPipeline(56)) - Created pipeline Pipeline[ Id: f1f458d5-143f-4ff6-ad29-da58a1817514, Nodes: 2905612f-b574-451f-ad33-d2857cb35c1a{ip: 192.168.5.168, host: trunk-nightly-6qp7m-2461138711, networkLocation: /default-rack, certSerialId: null}, Type:RATIS, Factor:ONE, State:OPEN]
2019-07-13 20:38:37,520 INFO  node.SCMNodeManager (SCMNodeManager.java:register(269)) - Registered Data node : 43e3b32e-2140-4fa1-8836-a25b5f48f789{ip: 192.168.5.168, host: trunk-nightly-6qp7m-2461138711, networkLocation: /default-rack, certSerialId: null}
2019-07-13 20:38:37,527 INFO  impl.RaftServerProxy (RaftServerProxy.java:addNew(89)) - 43e3b32e-2140-4fa1-8836-a25b5f48f789: addNew group-7A3892B9D70B:[43e3b32e-2140-4fa1-8836-a25b5f48f789:192.168.5.168:32942] returns group-7A3892B9D70B:java.util.concurrent.CompletableFuture@6e554f92[Not completed]
2019-07-13 20:38:37,527 INFO  impl.RaftServerImpl (RaftServerImpl.java:<init>(93)) - 43e3b32e-2140-4fa1-8836-a25b5f48f789: new RaftServerImpl for group-7A3892B9D70B:[43e3b32e-2140-4fa1-8836-a25b5f48f789:192.168.5.168:32942] with ContainerStateMachine:uninitialized
2019-07-13 20:38:37,528 INFO  server.RaftServerConfigKeys (ConfUtils.java:logGet(43)) - raft.server.rpc.timeout.min = 5s (custom)
2019-07-13 20:38:37,528 INFO  server.RaftServerConfigKeys (ConfUtils.java:logGet(43)) - raft.server.rpc.timeout.max = 5200ms (custom)
2019-07-13 20:38:37,528 INFO  server.RaftServerConfigKeys (ConfUtils.java:logGet(43)) - raft.server.rpcslowness.timeout = 120s (custom)
2019-07-13 20:38:37,528 INFO  server.RaftServerConfigKeys (ConfUtils.java:logGet(43)) - raft.server.sleep.deviation.threshold = 300 (default)
2019-07-13 20:38:37,528 INFO  server.RaftServerConfigKeys (ConfUtils.java:logGet(43)) - raft.server.log.appender.install.snapshot.enabled = false (custom)
2019-07-13 20:38:37,528 INFO  impl.RaftServerImpl (ServerState.java:<init>(105)) - 43e3b32e-2140-4fa1-8836-a25b5f48f789:group-7A3892B9D70B ConfigurationManager, init=-1: [43e3b32e-2140-4fa1-8836-a25b5f48f789:192.168.5.168:32942], old=null, confs=<EMPTY_MAP>
2019-07-13 20:38:37,529 INFO  server.RaftServerConfigKeys (ConfUtils.java:logGet(43)) - raft.server.storage.dir = [/tmp/workdir/hadoop-ozone/integration-test/target/test-dir/MiniOzoneClusterImpl-9132184a-f07b-4f43-a579-05aa7b8c0a23/datanode-1/data/ratis] (custom)
2019-07-13 20:38:37,529 INFO  storage.RaftStorageDirectory (RaftStorageDirectory.java:analyzeStorage(246)) - The storage directory /tmp/workdir/hadoop-ozone/integration-test/target/test-dir/MiniOzoneClusterImpl-9132184a-f07b-4f43-a579-05aa7b8c0a23/datanode-1/data/ratis/d14cd13f-5f3b-4278-8d45-7a3892b9d70b does not exist. Creating ...
2019-07-13 20:38:37,542 INFO  storage.RaftStorageDirectory (RaftStorageDirectory.java:tryLock(328)) - Lock on /tmp/workdir/hadoop-ozone/integration-test/target/test-dir/MiniOzoneClusterImpl-9132184a-f07b-4f43-a579-05aa7b8c0a23/datanode-1/data/ratis/d14cd13f-5f3b-4278-8d45-7a3892b9d70b/in_use.lock acquired by nodename 32015@trunk-nightly-6qp7m-2461138711
2019-07-13 20:38:37,555 INFO  storage.RaftStorage (RaftStorage.java:format(72)) - Storage directory /tmp/workdir/hadoop-ozone/integration-test/target/test-dir/MiniOzoneClusterImpl-9132184a-f07b-4f43-a579-05aa7b8c0a23/datanode-1/data/ratis/d14cd13f-5f3b-4278-8d45-7a3892b9d70b has been successfully formatted.
2019-07-13 20:38:37,555 INFO  ratis.ContainerStateMachine (ContainerStateMachine.java:loadSnapshot(200)) - The snapshot info is null.Setting the last applied index to:(t:0, i:~)
2019-07-13 20:38:37,555 INFO  server.RaftServerConfigKeys (ConfUtils.java:logGet(43)) - raft.server.leader.election.timeout = 120s (custom)
2019-07-13 20:38:37,556 INFO  server.RaftServerConfigKeys (ConfUtils.java:logGet(43)) - raft.server.log.use.memory = false (default)
2019-07-13 20:38:37,556 INFO  server.RaftServerConfigKeys (ConfUtils.java:logGet(43)) - raft.server.log.purge.gap = 1000000000 (custom)
2019-07-13 20:38:37,556 INFO  server.RaftServerConfigKeys (ConfUtils.java:logGet(43)) - raft.server.log.appender.buffer.byte-limit = 33554432 (custom)
2019-07-13 20:38:37,556 INFO  server.RaftServerConfigKeys (ConfUtils.java:logGet(43)) - raft.server.log.segment.size.max = 1048576 (custom)
2019-07-13 20:38:37,556 INFO  server.RaftServerConfigKeys (ConfUtils.java:logGet(43)) - raft.server.log.segment.cache.num.max = 2 (custom)
2019-07-13 20:38:37,556 INFO  segmented.SegmentedRaftLogWorker (SegmentedRaftLogWorker.java:<init>(172)) - new 43e3b32e-2140-4fa1-8836-a25b5f48f789-SegmentedRaftLogWorker:Storage Directory /tmp/workdir/hadoop-ozone/integration-test/target/test-dir/MiniOzoneClusterImpl-9132184a-f07b-4f43-a579-05aa7b8c0a23/datanode-1/data/ratis/d14cd13f-5f3b-4278-8d45-7a3892b9d70b for RaftStorage:Storage Directory /tmp/workdir/hadoop-ozone/integration-test/target/test-dir/MiniOzoneClusterImpl-9132184a-f07b-4f43-a579-05aa7b8c0a23/datanode-1/data/ratis/d14cd13f-5f3b-4278-8d45-7a3892b9d70b
2019-07-13 20:38:37,556 INFO  server.RaftServerConfigKeys (ConfUtils.java:logGet(43)) - raft.server.log.queue.byte-limit = 2147483647 (custom)
2019-07-13 20:38:37,557 INFO  server.RaftServerConfigKeys (ConfUtils.java:logGet(43)) - raft.server.log.queue.element-limit = 1024 (custom)
2019-07-13 20:38:37,557 INFO  server.RaftServerConfigKeys (ConfUtils.java:logGet(43)) - raft.server.log.segment.size.max = 1048576 (custom)
2019-07-13 20:38:37,557 INFO  server.RaftServerConfigKeys (ConfUtils.java:logGet(43)) - raft.server.log.preallocated.size = 16384 (custom)
2019-07-13 20:38:37,557 INFO  server.RaftServerConfigKeys (ConfUtils.java:logGet(43)) - raft.server.log.write.buffer.size = 33554432 (custom)
2019-07-13 20:38:37,557 INFO  server.RaftServerConfigKeys (ConfUtils.java:logGet(43)) - raft.server.log.force.sync.num = 128 (default)
2019-07-13 20:38:37,557 INFO  server.RaftServerConfigKeys (ConfUtils.java:logGet(43)) - raft.server.log.statemachine.data.sync = true (default)
2019-07-13 20:38:37,557 INFO  server.RaftServerConfigKeys (ConfUtils.java:logGet(43)) - raft.server.log.statemachine.data.sync.timeout = 10s (default)
2019-07-13 20:38:37,558 INFO  server.RaftServerConfigKeys (ConfUtils.java:logGet(43)) - raft.server.log.statemachine.data.sync.timeout.retry = -1 (default)
2019-07-13 20:38:37,558 INFO  server.RaftServerConfigKeys (ConfUtils.java:logGet(43)) - raft.server.log.statemachine.data.caching.enabled = true (custom)
2019-07-13 20:38:37,558 INFO  segmented.SegmentedRaftLogWorker (SegmentedRaftLogWorker.java:lambda$new$0(132)) - 43e3b32e-2140-4fa1-8836-a25b5f48f789-SegmentedRaftLogWorker:Storage Directory /tmp/workdir/hadoop-ozone/integration-test/target/test-dir/MiniOzoneClusterImpl-9132184a-f07b-4f43-a579-05aa7b8c0a23/datanode-1/data/ratis/d14cd13f-5f3b-4278-8d45-7a3892b9d70b: flushIndex: setUnconditionally 0 -> -1
2019-07-13 20:38:37,559 INFO  server.RaftServerConfigKeys (ConfUtils.java:logGet(43)) - raft.server.snapshot.auto.trigger.enabled = true (custom)
2019-07-13 20:38:37,559 INFO  server.RaftServerConfigKeys (ConfUtils.java:logGet(43)) - raft.server.snapshot.auto.trigger.threshold = 10000 (custom)
2019-07-13 20:38:37,559 INFO  server.RaftServerConfigKeys (ConfUtils.java:logGet(43)) - raft.server.retrycache.expirytime = 600000ms (custom)
2019-07-13 20:38:37,559 INFO  impl.RaftServerImpl (RaftServerImpl.java:start(180)) - 43e3b32e-2140-4fa1-8836-a25b5f48f789: start group-7A3892B9D70B
2019-07-13 20:38:37,559 INFO  impl.RaftServerImpl (RaftServerImpl.java:setRole(171)) - 43e3b32e-2140-4fa1-8836-a25b5f48f789:group-7A3892B9D70B changes role from null to FOLLOWER at term 0 for startAsFollower
2019-07-13 20:38:37,559 INFO  impl.RoleInfo (RoleInfo.java:updateAndGet(143)) - 43e3b32e-2140-4fa1-8836-a25b5f48f789: start FollowerState
2019-07-13 20:38:37,560 INFO  util.JmxRegister (JmxRegister.java:tryRegister(44)) - Successfully registered JMX Bean with object name Ratis:service=RaftServer,group=group-7A3892B9D70B,id=43e3b32e-2140-4fa1-8836-a25b5f48f789
2019-07-13 20:38:37,561 INFO  pipeline.PipelineStateManager (PipelineStateManager.java:addPipeline(56)) - Created pipeline Pipeline[ Id: d14cd13f-5f3b-4278-8d45-7a3892b9d70b, Nodes: 43e3b32e-2140-4fa1-8836-a25b5f48f789{ip: 192.168.5.168, host: trunk-nightly-6qp7m-2461138711, networkLocation: /default-rack, certSerialId: null}, Type:RATIS, Factor:ONE, State:OPEN]
2019-07-13 20:38:37,685 INFO  node.SCMNodeManager (SCMNodeManager.java:register(269)) - Registered Data node : 462e9187-1bd9-45e4-a728-a3c0f536132c{ip: 192.168.5.168, host: trunk-nightly-6qp7m-2461138711, networkLocation: /default-rack, certSerialId: null}
2019-07-13 20:38:37,691 INFO  impl.RaftServerProxy (RaftServerProxy.java:addNew(89)) - 462e9187-1bd9-45e4-a728-a3c0f536132c: addNew group-56F450CAAC30:[462e9187-1bd9-45e4-a728-a3c0f536132c:192.168.5.168:39950] returns group-56F450CAAC30:java.util.concurrent.CompletableFuture@16179b33[Not completed]
2019-07-13 20:38:37,693 INFO  impl.RaftServerImpl (RaftServerImpl.java:<init>(93)) - 462e9187-1bd9-45e4-a728-a3c0f536132c: new RaftServerImpl for group-56F450CAAC30:[462e9187-1bd9-45e4-a728-a3c0f536132c:192.168.5.168:39950] with ContainerStateMachine:uninitialized
2019-07-13 20:38:37,693 INFO  server.RaftServerConfigKeys (ConfUtils.java:logGet(43)) - raft.server.rpc.timeout.min = 5s (custom)
2019-07-13 20:38:37,693 INFO  server.RaftServerConfigKeys (ConfUtils.java:logGet(43)) - raft.server.rpc.timeout.max = 5200ms (custom)
2019-07-13 20:38:37,693 INFO  server.RaftServerConfigKeys (ConfUtils.java:logGet(43)) - raft.server.rpcslowness.timeout = 120s (custom)
2019-07-13 20:38:37,693 INFO  server.RaftServerConfigKeys (ConfUtils.java:logGet(43)) - raft.server.sleep.deviation.threshold = 300 (default)
2019-07-13 20:38:37,693 INFO  server.RaftServerConfigKeys (ConfUtils.java:logGet(43)) - raft.server.log.appender.install.snapshot.enabled = false (custom)
2019-07-13 20:38:37,693 INFO  impl.RaftServerImpl (ServerState.java:<init>(105)) - 462e9187-1bd9-45e4-a728-a3c0f536132c:group-56F450CAAC30 ConfigurationManager, init=-1: [462e9187-1bd9-45e4-a728-a3c0f536132c:192.168.5.168:39950], old=null, confs=<EMPTY_MAP>
2019-07-13 20:38:37,694 INFO  server.RaftServerConfigKeys (ConfUtils.java:logGet(43)) - raft.server.storage.dir = [/tmp/workdir/hadoop-ozone/integration-test/target/test-dir/MiniOzoneClusterImpl-9132184a-f07b-4f43-a579-05aa7b8c0a23/datanode-2/data/ratis] (custom)
2019-07-13 20:38:37,694 INFO  storage.RaftStorageDirectory (RaftStorageDirectory.java:analyzeStorage(246)) - The storage directory /tmp/workdir/hadoop-ozone/integration-test/target/test-dir/MiniOzoneClusterImpl-9132184a-f07b-4f43-a579-05aa7b8c0a23/datanode-2/data/ratis/ea948c22-3c7f-4262-914b-56f450caac30 does not exist. Creating ...
2019-07-13 20:38:37,698 INFO  storage.RaftStorageDirectory (RaftStorageDirectory.java:tryLock(328)) - Lock on /tmp/workdir/hadoop-ozone/integration-test/target/test-dir/MiniOzoneClusterImpl-9132184a-f07b-4f43-a579-05aa7b8c0a23/datanode-2/data/ratis/ea948c22-3c7f-4262-914b-56f450caac30/in_use.lock acquired by nodename 32015@trunk-nightly-6qp7m-2461138711
2019-07-13 20:38:37,702 INFO  storage.RaftStorage (RaftStorage.java:format(72)) - Storage directory /tmp/workdir/hadoop-ozone/integration-test/target/test-dir/MiniOzoneClusterImpl-9132184a-f07b-4f43-a579-05aa7b8c0a23/datanode-2/data/ratis/ea948c22-3c7f-4262-914b-56f450caac30 has been successfully formatted.
2019-07-13 20:38:37,702 INFO  ratis.ContainerStateMachine (ContainerStateMachine.java:loadSnapshot(200)) - The snapshot info is null.Setting the last applied index to:(t:0, i:~)
2019-07-13 20:38:37,702 INFO  server.RaftServerConfigKeys (ConfUtils.java:logGet(43)) - raft.server.leader.election.timeout = 120s (custom)
2019-07-13 20:38:37,702 INFO  server.RaftServerConfigKeys (ConfUtils.java:logGet(43)) - raft.server.log.use.memory = false (default)
2019-07-13 20:38:37,703 INFO  server.RaftServerConfigKeys (ConfUtils.java:logGet(43)) - raft.server.log.purge.gap = 1000000000 (custom)
2019-07-13 20:38:37,703 INFO  server.RaftServerConfigKeys (ConfUtils.java:logGet(43)) - raft.server.log.appender.buffer.byte-limit = 33554432 (custom)
2019-07-13 20:38:37,703 INFO  server.RaftServerConfigKeys (ConfUtils.java:logGet(43)) - raft.server.log.segment.size.max = 1048576 (custom)
2019-07-13 20:38:37,703 INFO  server.RaftServerConfigKeys (ConfUtils.java:logGet(43)) - raft.server.log.segment.cache.num.max = 2 (custom)
2019-07-13 20:38:37,703 INFO  segmented.SegmentedRaftLogWorker (SegmentedRaftLogWorker.java:<init>(172)) - new 462e9187-1bd9-45e4-a728-a3c0f536132c-SegmentedRaftLogWorker:Storage Directory /tmp/workdir/hadoop-ozone/integration-test/target/test-dir/MiniOzoneClusterImpl-9132184a-f07b-4f43-a579-05aa7b8c0a23/datanode-2/data/ratis/ea948c22-3c7f-4262-914b-56f450caac30 for RaftStorage:Storage Directory /tmp/workdir/hadoop-ozone/integration-test/target/test-dir/MiniOzoneClusterImpl-9132184a-f07b-4f43-a579-05aa7b8c0a23/datanode-2/data/ratis/ea948c22-3c7f-4262-914b-56f450caac30
2019-07-13 20:38:37,703 INFO  server.RaftServerConfigKeys (ConfUtils.java:logGet(43)) - raft.server.log.queue.byte-limit = 2147483647 (custom)
2019-07-13 20:38:37,704 INFO  server.RaftServerConfigKeys (ConfUtils.java:logGet(43)) - raft.server.log.queue.element-limit = 1024 (custom)
2019-07-13 20:38:37,704 INFO  server.RaftServerConfigKeys (ConfUtils.java:logGet(43)) - raft.server.log.segment.size.max = 1048576 (custom)
2019-07-13 20:38:37,704 INFO  server.RaftServerConfigKeys (ConfUtils.java:logGet(43)) - raft.server.log.preallocated.size = 16384 (custom)
2019-07-13 20:38:37,704 INFO  server.RaftServerConfigKeys (ConfUtils.java:logGet(43)) - raft.server.log.write.buffer.size = 33554432 (custom)
2019-07-13 20:38:37,704 INFO  server.RaftServerConfigKeys (ConfUtils.java:logGet(43)) - raft.server.log.force.sync.num = 128 (default)
2019-07-13 20:38:37,704 INFO  server.RaftServerConfigKeys (ConfUtils.java:logGet(43)) - raft.server.log.statemachine.data.sync = true (default)
2019-07-13 20:38:37,704 INFO  server.RaftServerConfigKeys (ConfUtils.java:logGet(43)) - raft.server.log.statemachine.data.sync.timeout = 10s (default)
2019-07-13 20:38:37,705 INFO  server.RaftServerConfigKeys (ConfUtils.java:logGet(43)) - raft.server.log.statemachine.data.sync.timeout.retry = -1 (default)
2019-07-13 20:38:37,705 INFO  server.RaftServerConfigKeys (ConfUtils.java:logGet(43)) - raft.server.log.statemachine.data.caching.enabled = true (custom)
2019-07-13 20:38:37,705 INFO  segmented.SegmentedRaftLogWorker (SegmentedRaftLogWorker.java:lambda$new$0(132)) - 462e9187-1bd9-45e4-a728-a3c0f536132c-SegmentedRaftLogWorker:Storage Directory /tmp/workdir/hadoop-ozone/integration-test/target/test-dir/MiniOzoneClusterImpl-9132184a-f07b-4f43-a579-05aa7b8c0a23/datanode-2/data/ratis/ea948c22-3c7f-4262-914b-56f450caac30: flushIndex: setUnconditionally 0 -> -1
2019-07-13 20:38:37,706 INFO  server.RaftServerConfigKeys (ConfUtils.java:logGet(43)) - raft.server.snapshot.auto.trigger.enabled = true (custom)
2019-07-13 20:38:37,706 INFO  server.RaftServerConfigKeys (ConfUtils.java:logGet(43)) - raft.server.snapshot.auto.trigger.threshold = 10000 (custom)
2019-07-13 20:38:37,706 INFO  server.RaftServerConfigKeys (ConfUtils.java:logGet(43)) - raft.server.retrycache.expirytime = 600000ms (custom)
2019-07-13 20:38:37,706 INFO  impl.RaftServerImpl (RaftServerImpl.java:start(180)) - 462e9187-1bd9-45e4-a728-a3c0f536132c: start group-56F450CAAC30
2019-07-13 20:38:37,706 INFO  impl.RaftServerImpl (RaftServerImpl.java:setRole(171)) - 462e9187-1bd9-45e4-a728-a3c0f536132c:group-56F450CAAC30 changes role from null to FOLLOWER at term 0 for startAsFollower
2019-07-13 20:38:37,706 INFO  impl.RoleInfo (RoleInfo.java:updateAndGet(143)) - 462e9187-1bd9-45e4-a728-a3c0f536132c: start FollowerState
2019-07-13 20:38:37,707 INFO  util.JmxRegister (JmxRegister.java:tryRegister(44)) - Successfully registered JMX Bean with object name Ratis:service=RaftServer,group=group-56F450CAAC30,id=462e9187-1bd9-45e4-a728-a3c0f536132c
2019-07-13 20:38:37,709 INFO  pipeline.PipelineStateManager (PipelineStateManager.java:addPipeline(56)) - Created pipeline Pipeline[ Id: ea948c22-3c7f-4262-914b-56f450caac30, Nodes: 462e9187-1bd9-45e4-a728-a3c0f536132c{ip: 192.168.5.168, host: trunk-nightly-6qp7m-2461138711, networkLocation: /default-rack, certSerialId: null}, Type:RATIS, Factor:ONE, State:OPEN]
2019-07-13 20:38:37,732 INFO  impl.RaftServerProxy (RaftServerProxy.java:addNew(89)) - 462e9187-1bd9-45e4-a728-a3c0f536132c: addNew group-17759DAF4A2F:[462e9187-1bd9-45e4-a728-a3c0f536132c:192.168.5.168:39950, 2905612f-b574-451f-ad33-d2857cb35c1a:192.168.5.168:43082, 43e3b32e-2140-4fa1-8836-a25b5f48f789:192.168.5.168:32942] returns group-17759DAF4A2F:java.util.concurrent.CompletableFuture@4ca48313[Not completed]
2019-07-13 20:38:37,732 INFO  impl.RaftServerProxy (RaftServerProxy.java:addNew(89)) - 2905612f-b574-451f-ad33-d2857cb35c1a: addNew group-17759DAF4A2F:[462e9187-1bd9-45e4-a728-a3c0f536132c:192.168.5.168:39950, 2905612f-b574-451f-ad33-d2857cb35c1a:192.168.5.168:43082, 43e3b32e-2140-4fa1-8836-a25b5f48f789:192.168.5.168:32942] returns group-17759DAF4A2F:java.util.concurrent.CompletableFuture@132cb97a[Not completed]
2019-07-13 20:38:37,732 INFO  impl.RaftServerProxy (RaftServerProxy.java:addNew(89)) - 43e3b32e-2140-4fa1-8836-a25b5f48f789: addNew group-17759DAF4A2F:[462e9187-1bd9-45e4-a728-a3c0f536132c:192.168.5.168:39950, 2905612f-b574-451f-ad33-d2857cb35c1a:192.168.5.168:43082, 43e3b32e-2140-4fa1-8836-a25b5f48f789:192.168.5.168:32942] returns group-17759DAF4A2F:java.util.concurrent.CompletableFuture@5dc92a53[Not completed]
2019-07-13 20:38:37,733 INFO  impl.RaftServerImpl (RaftServerImpl.java:<init>(93)) - 462e9187-1bd9-45e4-a728-a3c0f536132c: new RaftServerImpl for group-17759DAF4A2F:[462e9187-1bd9-45e4-a728-a3c0f536132c:192.168.5.168:39950, 2905612f-b574-451f-ad33-d2857cb35c1a:192.168.5.168:43082, 43e3b32e-2140-4fa1-8836-a25b5f48f789:192.168.5.168:32942] with ContainerStateMachine:uninitialized
2019-07-13 20:38:37,733 INFO  server.RaftServerConfigKeys (ConfUtils.java:logGet(43)) - raft.server.rpc.timeout.min = 5s (custom)
2019-07-13 20:38:37,734 INFO  server.RaftServerConfigKeys (ConfUtils.java:logGet(43)) - raft.server.rpc.timeout.max = 5200ms (custom)
2019-07-13 20:38:37,734 INFO  server.RaftServerConfigKeys (ConfUtils.java:logGet(43)) - raft.server.rpcslowness.timeout = 120s (custom)
2019-07-13 20:38:37,734 INFO  impl.RaftServerImpl (RaftServerImpl.java:<init>(93)) - 2905612f-b574-451f-ad33-d2857cb35c1a: new RaftServerImpl for group-17759DAF4A2F:[462e9187-1bd9-45e4-a728-a3c0f536132c:192.168.5.168:39950, 2905612f-b574-451f-ad33-d2857cb35c1a:192.168.5.168:43082, 43e3b32e-2140-4fa1-8836-a25b5f48f789:192.168.5.168:32942] with ContainerStateMachine:uninitialized
2019-07-13 20:38:37,734 INFO  server.RaftServerConfigKeys (ConfUtils.java:logGet(43)) - raft.server.sleep.deviation.threshold = 300 (default)
2019-07-13 20:38:37,734 INFO  impl.RaftServerImpl (RaftServerImpl.java:<init>(93)) - 43e3b32e-2140-4fa1-8836-a25b5f48f789: new RaftServerImpl for group-17759DAF4A2F:[462e9187-1bd9-45e4-a728-a3c0f536132c:192.168.5.168:39950, 2905612f-b574-451f-ad33-d2857cb35c1a:192.168.5.168:43082, 43e3b32e-2140-4fa1-8836-a25b5f48f789:192.168.5.168:32942] with ContainerStateMachine:uninitialized
2019-07-13 20:38:37,734 INFO  server.RaftServerConfigKeys (ConfUtils.java:logGet(43)) - raft.server.log.appender.install.snapshot.enabled = false (custom)
2019-07-13 20:38:37,734 INFO  server.RaftServerConfigKeys (ConfUtils.java:logGet(43)) - raft.server.rpc.timeout.min = 5s (custom)
2019-07-13 20:38:37,734 INFO  impl.RaftServerImpl (ServerState.java:<init>(105)) - 462e9187-1bd9-45e4-a728-a3c0f536132c:group-17759DAF4A2F ConfigurationManager, init=-1: [462e9187-1bd9-45e4-a728-a3c0f536132c:192.168.5.168:39950, 2905612f-b574-451f-ad33-d2857cb35c1a:192.168.5.168:43082, 43e3b32e-2140-4fa1-8836-a25b5f48f789:192.168.5.168:32942], old=null, confs=<EMPTY_MAP>
2019-07-13 20:38:37,734 INFO  server.RaftServerConfigKeys (ConfUtils.java:logGet(43)) - raft.server.rpc.timeout.min = 5s (custom)
2019-07-13 20:38:37,735 INFO  server.RaftServerConfigKeys (ConfUtils.java:logGet(43)) - raft.server.storage.dir = [/tmp/workdir/hadoop-ozone/integration-test/target/test-dir/MiniOzoneClusterImpl-9132184a-f07b-4f43-a579-05aa7b8c0a23/datanode-2/data/ratis] (custom)
2019-07-13 20:38:37,734 INFO  server.RaftServerConfigKeys (ConfUtils.java:logGet(43)) - raft.server.rpc.timeout.max = 5200ms (custom)
2019-07-13 20:38:37,735 INFO  server.RaftServerConfigKeys (ConfUtils.java:logGet(43)) - raft.server.rpc.timeout.max = 5200ms (custom)
2019-07-13 20:38:37,735 INFO  server.RaftServerConfigKeys (ConfUtils.java:logGet(43)) - raft.server.rpcslowness.timeout = 120s (custom)
2019-07-13 20:38:37,735 INFO  storage.RaftStorageDirectory (RaftStorageDirectory.java:analyzeStorage(246)) - The storage directory /tmp/workdir/hadoop-ozone/integration-test/target/test-dir/MiniOzoneClusterImpl-9132184a-f07b-4f43-a579-05aa7b8c0a23/datanode-2/data/ratis/1b586110-10f4-4cf3-b0aa-17759daf4a2f does not exist. Creating ...
2019-07-13 20:38:37,735 INFO  server.RaftServerConfigKeys (ConfUtils.java:logGet(43)) - raft.server.sleep.deviation.threshold = 300 (default)
2019-07-13 20:38:37,736 INFO  server.RaftServerConfigKeys (ConfUtils.java:logGet(43)) - raft.server.log.appender.install.snapshot.enabled = false (custom)
2019-07-13 20:38:37,735 INFO  server.RaftServerConfigKeys (ConfUtils.java:logGet(43)) - raft.server.rpcslowness.timeout = 120s (custom)
2019-07-13 20:38:37,736 INFO  impl.RaftServerImpl (ServerState.java:<init>(105)) - 2905612f-b574-451f-ad33-d2857cb35c1a:group-17759DAF4A2F ConfigurationManager, init=-1: [462e9187-1bd9-45e4-a728-a3c0f536132c:192.168.5.168:39950, 2905612f-b574-451f-ad33-d2857cb35c1a:192.168.5.168:43082, 43e3b32e-2140-4fa1-8836-a25b5f48f789:192.168.5.168:32942], old=null, confs=<EMPTY_MAP>
2019-07-13 20:38:37,736 INFO  server.RaftServerConfigKeys (ConfUtils.java:logGet(43)) - raft.server.sleep.deviation.threshold = 300 (default)
2019-07-13 20:38:37,736 INFO  server.RaftServerConfigKeys (ConfUtils.java:logGet(43)) - raft.server.storage.dir = [/tmp/workdir/hadoop-ozone/integration-test/target/test-dir/MiniOzoneClusterImpl-9132184a-f07b-4f43-a579-05aa7b8c0a23/datanode-0/data/ratis] (custom)
2019-07-13 20:38:37,736 INFO  server.RaftServerConfigKeys (ConfUtils.java:logGet(43)) - raft.server.log.appender.install.snapshot.enabled = false (custom)
2019-07-13 20:38:37,737 INFO  impl.RaftServerImpl (ServerState.java:<init>(105)) - 43e3b32e-2140-4fa1-8836-a25b5f48f789:group-17759DAF4A2F ConfigurationManager, init=-1: [462e9187-1bd9-45e4-a728-a3c0f536132c:192.168.5.168:39950, 2905612f-b574-451f-ad33-d2857cb35c1a:192.168.5.168:43082, 43e3b32e-2140-4fa1-8836-a25b5f48f789:192.168.5.168:32942], old=null, confs=<EMPTY_MAP>
2019-07-13 20:38:37,737 INFO  storage.RaftStorageDirectory (RaftStorageDirectory.java:analyzeStorage(246)) - The storage directory /tmp/workdir/hadoop-ozone/integration-test/target/test-dir/MiniOzoneClusterImpl-9132184a-f07b-4f43-a579-05aa7b8c0a23/datanode-0/data/ratis/1b586110-10f4-4cf3-b0aa-17759daf4a2f does not exist. Creating ...
2019-07-13 20:38:37,737 INFO  server.RaftServerConfigKeys (ConfUtils.java:logGet(43)) - raft.server.storage.dir = [/tmp/workdir/hadoop-ozone/integration-test/target/test-dir/MiniOzoneClusterImpl-9132184a-f07b-4f43-a579-05aa7b8c0a23/datanode-1/data/ratis] (custom)
2019-07-13 20:38:37,737 INFO  storage.RaftStorageDirectory (RaftStorageDirectory.java:analyzeStorage(246)) - The storage directory /tmp/workdir/hadoop-ozone/integration-test/target/test-dir/MiniOzoneClusterImpl-9132184a-f07b-4f43-a579-05aa7b8c0a23/datanode-1/data/ratis/1b586110-10f4-4cf3-b0aa-17759daf4a2f does not exist. Creating ...
2019-07-13 20:38:37,740 INFO  storage.RaftStorageDirectory (RaftStorageDirectory.java:tryLock(328)) - Lock on /tmp/workdir/hadoop-ozone/integration-test/target/test-dir/MiniOzoneClusterImpl-9132184a-f07b-4f43-a579-05aa7b8c0a23/datanode-0/data/ratis/1b586110-10f4-4cf3-b0aa-17759daf4a2f/in_use.lock acquired by nodename 32015@trunk-nightly-6qp7m-2461138711
2019-07-13 20:38:37,740 INFO  storage.RaftStorageDirectory (RaftStorageDirectory.java:tryLock(328)) - Lock on /tmp/workdir/hadoop-ozone/integration-test/target/test-dir/MiniOzoneClusterImpl-9132184a-f07b-4f43-a579-05aa7b8c0a23/datanode-2/data/ratis/1b586110-10f4-4cf3-b0aa-17759daf4a2f/in_use.lock acquired by nodename 32015@trunk-nightly-6qp7m-2461138711
2019-07-13 20:38:37,742 INFO  storage.RaftStorageDirectory (RaftStorageDirectory.java:tryLock(328)) - Lock on /tmp/workdir/hadoop-ozone/integration-test/target/test-dir/MiniOzoneClusterImpl-9132184a-f07b-4f43-a579-05aa7b8c0a23/datanode-1/data/ratis/1b586110-10f4-4cf3-b0aa-17759daf4a2f/in_use.lock acquired by nodename 32015@trunk-nightly-6qp7m-2461138711
2019-07-13 20:38:37,745 INFO  storage.RaftStorage (RaftStorage.java:format(72)) - Storage directory /tmp/workdir/hadoop-ozone/integration-test/target/test-dir/MiniOzoneClusterImpl-9132184a-f07b-4f43-a579-05aa7b8c0a23/datanode-0/data/ratis/1b586110-10f4-4cf3-b0aa-17759daf4a2f has been successfully formatted.
2019-07-13 20:38:37,745 INFO  storage.RaftStorage (RaftStorage.java:format(72)) - Storage directory /tmp/workdir/hadoop-ozone/integration-test/target/test-dir/MiniOzoneClusterImpl-9132184a-f07b-4f43-a579-05aa7b8c0a23/datanode-2/data/ratis/1b586110-10f4-4cf3-b0aa-17759daf4a2f has been successfully formatted.
2019-07-13 20:38:37,745 INFO  ratis.ContainerStateMachine (ContainerStateMachine.java:loadSnapshot(200)) - The snapshot info is null.Setting the last applied index to:(t:0, i:~)
2019-07-13 20:38:37,745 INFO  ratis.ContainerStateMachine (ContainerStateMachine.java:loadSnapshot(200)) - The snapshot info is null.Setting the last applied index to:(t:0, i:~)
2019-07-13 20:38:37,745 INFO  server.RaftServerConfigKeys (ConfUtils.java:logGet(43)) - raft.server.leader.election.timeout = 120s (custom)
2019-07-13 20:38:37,745 INFO  server.RaftServerConfigKeys (ConfUtils.java:logGet(43)) - raft.server.leader.election.timeout = 120s (custom)
2019-07-13 20:38:37,745 INFO  server.RaftServerConfigKeys (ConfUtils.java:logGet(43)) - raft.server.log.use.memory = false (default)
2019-07-13 20:38:37,746 INFO  server.RaftServerConfigKeys (ConfUtils.java:logGet(43)) - raft.server.log.use.memory = false (default)
2019-07-13 20:38:37,746 INFO  server.RaftServerConfigKeys (ConfUtils.java:logGet(43)) - raft.server.log.purge.gap = 1000000000 (custom)
2019-07-13 20:38:37,746 INFO  server.RaftServerConfigKeys (ConfUtils.java:logGet(43)) - raft.server.log.purge.gap = 1000000000 (custom)
2019-07-13 20:38:37,746 INFO  server.RaftServerConfigKeys (ConfUtils.java:logGet(43)) - raft.server.log.appender.buffer.byte-limit = 33554432 (custom)
2019-07-13 20:38:37,746 INFO  server.RaftServerConfigKeys (ConfUtils.java:logGet(43)) - raft.server.log.appender.buffer.byte-limit = 33554432 (custom)
2019-07-13 20:38:37,746 INFO  server.RaftServerConfigKeys (ConfUtils.java:logGet(43)) - raft.server.log.segment.size.max = 1048576 (custom)
2019-07-13 20:38:37,746 INFO  server.RaftServerConfigKeys (ConfUtils.java:logGet(43)) - raft.server.log.segment.size.max = 1048576 (custom)
2019-07-13 20:38:37,747 INFO  server.RaftServerConfigKeys (ConfUtils.java:logGet(43)) - raft.server.log.segment.cache.num.max = 2 (custom)
2019-07-13 20:38:37,747 INFO  server.RaftServerConfigKeys (ConfUtils.java:logGet(43)) - raft.server.log.segment.cache.num.max = 2 (custom)
2019-07-13 20:38:37,747 INFO  segmented.SegmentedRaftLogWorker (SegmentedRaftLogWorker.java:<init>(172)) - new 2905612f-b574-451f-ad33-d2857cb35c1a-SegmentedRaftLogWorker:Storage Directory /tmp/workdir/hadoop-ozone/integration-test/target/test-dir/MiniOzoneClusterImpl-9132184a-f07b-4f43-a579-05aa7b8c0a23/datanode-0/data/ratis/1b586110-10f4-4cf3-b0aa-17759daf4a2f for RaftStorage:Storage Directory /tmp/workdir/hadoop-ozone/integration-test/target/test-dir/MiniOzoneClusterImpl-9132184a-f07b-4f43-a579-05aa7b8c0a23/datanode-0/data/ratis/1b586110-10f4-4cf3-b0aa-17759daf4a2f
2019-07-13 20:38:37,747 INFO  segmented.SegmentedRaftLogWorker (SegmentedRaftLogWorker.java:<init>(172)) - new 462e9187-1bd9-45e4-a728-a3c0f536132c-SegmentedRaftLogWorker:Storage Directory /tmp/workdir/hadoop-ozone/integration-test/target/test-dir/MiniOzoneClusterImpl-9132184a-f07b-4f43-a579-05aa7b8c0a23/datanode-2/data/ratis/1b586110-10f4-4cf3-b0aa-17759daf4a2f for RaftStorage:Storage Directory /tmp/workdir/hadoop-ozone/integration-test/target/test-dir/MiniOzoneClusterImpl-9132184a-f07b-4f43-a579-05aa7b8c0a23/datanode-2/data/ratis/1b586110-10f4-4cf3-b0aa-17759daf4a2f
2019-07-13 20:38:37,747 INFO  server.RaftServerConfigKeys (ConfUtils.java:logGet(43)) - raft.server.log.queue.byte-limit = 2147483647 (custom)
2019-07-13 20:38:37,747 INFO  server.RaftServerConfigKeys (ConfUtils.java:logGet(43)) - raft.server.log.queue.byte-limit = 2147483647 (custom)
2019-07-13 20:38:37,747 INFO  server.RaftServerConfigKeys (ConfUtils.java:logGet(43)) - raft.server.log.queue.element-limit = 1024 (custom)
2019-07-13 20:38:37,748 INFO  server.RaftServerConfigKeys (ConfUtils.java:logGet(43)) - raft.server.log.queue.element-limit = 1024 (custom)
2019-07-13 20:38:37,748 INFO  server.RaftServerConfigKeys (ConfUtils.java:logGet(43)) - raft.server.log.segment.size.max = 1048576 (custom)
2019-07-13 20:38:37,748 INFO  storage.RaftStorage (RaftStorage.java:format(72)) - Storage directory /tmp/workdir/hadoop-ozone/integration-test/target/test-dir/MiniOzoneClusterImpl-9132184a-f07b-4f43-a579-05aa7b8c0a23/datanode-1/data/ratis/1b586110-10f4-4cf3-b0aa-17759daf4a2f has been successfully formatted.
2019-07-13 20:38:37,748 INFO  server.RaftServerConfigKeys (ConfUtils.java:logGet(43)) - raft.server.log.segment.size.max = 1048576 (custom)
2019-07-13 20:38:37,748 INFO  ratis.ContainerStateMachine (ContainerStateMachine.java:loadSnapshot(200)) - The snapshot info is null.Setting the last applied index to:(t:0, i:~)
2019-07-13 20:38:37,748 INFO  server.RaftServerConfigKeys (ConfUtils.java:logGet(43)) - raft.server.log.preallocated.size = 16384 (custom)
2019-07-13 20:38:37,748 INFO  server.RaftServerConfigKeys (ConfUtils.java:logGet(43)) - raft.server.leader.election.timeout = 120s (custom)
2019-07-13 20:38:37,748 INFO  server.RaftServerConfigKeys (ConfUtils.java:logGet(43)) - raft.server.log.preallocated.size = 16384 (custom)
2019-07-13 20:38:37,749 INFO  server.RaftServerConfigKeys (ConfUtils.java:logGet(43)) - raft.server.log.use.memory = false (default)
2019-07-13 20:38:37,749 INFO  server.RaftServerConfigKeys (ConfUtils.java:logGet(43)) - raft.server.log.write.buffer.size = 33554432 (custom)
2019-07-13 20:38:37,749 INFO  server.RaftServerConfigKeys (ConfUtils.java:logGet(43)) - raft.server.log.purge.gap = 1000000000 (custom)
2019-07-13 20:38:37,749 INFO  server.RaftServerConfigKeys (ConfUtils.java:logGet(43)) - raft.server.log.write.buffer.size = 33554432 (custom)
2019-07-13 20:38:37,749 INFO  server.RaftServerConfigKeys (ConfUtils.java:logGet(43)) - raft.server.log.appender.buffer.byte-limit = 33554432 (custom)
2019-07-13 20:38:37,749 INFO  server.RaftServerConfigKeys (ConfUtils.java:logGet(43)) - raft.server.log.force.sync.num = 128 (default)
2019-07-13 20:38:37,750 INFO  server.RaftServerConfigKeys (ConfUtils.java:logGet(43)) - raft.server.log.segment.size.max = 1048576 (custom)
2019-07-13 20:38:37,750 INFO  server.RaftServerConfigKeys (ConfUtils.java:logGet(43)) - raft.server.log.force.sync.num = 128 (default)
2019-07-13 20:38:37,750 INFO  server.RaftServerConfigKeys (ConfUtils.java:logGet(43)) - raft.server.log.segment.cache.num.max = 2 (custom)
2019-07-13 20:38:37,750 INFO  server.RaftServerConfigKeys (ConfUtils.java:logGet(43)) - raft.server.log.statemachine.data.sync = true (default)
2019-07-13 20:38:37,750 INFO  segmented.SegmentedRaftLogWorker (SegmentedRaftLogWorker.java:<init>(172)) - new 43e3b32e-2140-4fa1-8836-a25b5f48f789-SegmentedRaftLogWorker:Storage Directory /tmp/workdir/hadoop-ozone/integration-test/target/test-dir/MiniOzoneClusterImpl-9132184a-f07b-4f43-a579-05aa7b8c0a23/datanode-1/data/ratis/1b586110-10f4-4cf3-b0aa-17759daf4a2f for RaftStorage:Storage Directory /tmp/workdir/hadoop-ozone/integration-test/target/test-dir/MiniOzoneClusterImpl-9132184a-f07b-4f43-a579-05aa7b8c0a23/datanode-1/data/ratis/1b586110-10f4-4cf3-b0aa-17759daf4a2f
2019-07-13 20:38:37,750 INFO  server.RaftServerConfigKeys (ConfUtils.java:logGet(43)) - raft.server.log.statemachine.data.sync = true (default)
2019-07-13 20:38:37,751 INFO  server.RaftServerConfigKeys (ConfUtils.java:logGet(43)) - raft.server.log.queue.byte-limit = 2147483647 (custom)
2019-07-13 20:38:37,751 INFO  server.RaftServerConfigKeys (ConfUtils.java:logGet(43)) - raft.server.log.queue.element-limit = 1024 (custom)
2019-07-13 20:38:37,750 INFO  server.RaftServerConfigKeys (ConfUtils.java:logGet(43)) - raft.server.log.statemachine.data.sync.timeout = 10s (default)
2019-07-13 20:38:37,751 INFO  server.RaftServerConfigKeys (ConfUtils.java:logGet(43)) - raft.server.log.segment.size.max = 1048576 (custom)
2019-07-13 20:38:37,751 INFO  server.RaftServerConfigKeys (ConfUtils.java:logGet(43)) - raft.server.log.statemachine.data.sync.timeout = 10s (default)
2019-07-13 20:38:37,751 INFO  server.RaftServerConfigKeys (ConfUtils.java:logGet(43)) - raft.server.log.preallocated.size = 16384 (custom)
2019-07-13 20:38:37,751 INFO  server.RaftServerConfigKeys (ConfUtils.java:logGet(43)) - raft.server.log.statemachine.data.sync.timeout.retry = -1 (default)
2019-07-13 20:38:37,752 INFO  server.RaftServerConfigKeys (ConfUtils.java:logGet(43)) - raft.server.log.write.buffer.size = 33554432 (custom)
2019-07-13 20:38:37,752 INFO  server.RaftServerConfigKeys (ConfUtils.java:logGet(43)) - raft.server.log.force.sync.num = 128 (default)
2019-07-13 20:38:37,752 INFO  server.RaftServerConfigKeys (ConfUtils.java:logGet(43)) - raft.server.log.statemachine.data.sync.timeout.retry = -1 (default)
2019-07-13 20:38:37,752 INFO  server.RaftServerConfigKeys (ConfUtils.java:logGet(43)) - raft.server.log.statemachine.data.sync = true (default)
2019-07-13 20:38:37,753 INFO  server.RaftServerConfigKeys (ConfUtils.java:logGet(43)) - raft.server.log.statemachine.data.sync.timeout = 10s (default)
2019-07-13 20:38:37,752 INFO  server.RaftServerConfigKeys (ConfUtils.java:logGet(43)) - raft.server.log.statemachine.data.caching.enabled = true (custom)
2019-07-13 20:38:37,753 INFO  server.RaftServerConfigKeys (ConfUtils.java:logGet(43)) - raft.server.log.statemachine.data.sync.timeout.retry = -1 (default)
2019-07-13 20:38:37,752 INFO  server.RaftServerConfigKeys (ConfUtils.java:logGet(43)) - raft.server.log.statemachine.data.caching.enabled = true (custom)
2019-07-13 20:38:37,753 INFO  segmented.SegmentedRaftLogWorker (SegmentedRaftLogWorker.java:lambda$new$0(132)) - 2905612f-b574-451f-ad33-d2857cb35c1a-SegmentedRaftLogWorker:Storage Directory /tmp/workdir/hadoop-ozone/integration-test/target/test-dir/MiniOzoneClusterImpl-9132184a-f07b-4f43-a579-05aa7b8c0a23/datanode-0/data/ratis/1b586110-10f4-4cf3-b0aa-17759daf4a2f: flushIndex: setUnconditionally 0 -> -1
2019-07-13 20:38:37,753 INFO  segmented.SegmentedRaftLogWorker (SegmentedRaftLogWorker.java:lambda$new$0(132)) - 462e9187-1bd9-45e4-a728-a3c0f536132c-SegmentedRaftLogWorker:Storage Directory /tmp/workdir/hadoop-ozone/integration-test/target/test-dir/MiniOzoneClusterImpl-9132184a-f07b-4f43-a579-05aa7b8c0a23/datanode-2/data/ratis/1b586110-10f4-4cf3-b0aa-17759daf4a2f: flushIndex: setUnconditionally 0 -> -1
2019-07-13 20:38:37,753 INFO  server.RaftServerConfigKeys (ConfUtils.java:logGet(43)) - raft.server.log.statemachine.data.caching.enabled = true (custom)
2019-07-13 20:38:37,754 INFO  server.RaftServerConfigKeys (ConfUtils.java:logGet(43)) - raft.server.snapshot.auto.trigger.enabled = true (custom)
2019-07-13 20:38:37,754 INFO  server.RaftServerConfigKeys (ConfUtils.java:logGet(43)) - raft.server.snapshot.auto.trigger.enabled = true (custom)
2019-07-13 20:38:37,754 INFO  server.RaftServerConfigKeys (ConfUtils.java:logGet(43)) - raft.server.snapshot.auto.trigger.threshold = 10000 (custom)
2019-07-13 20:38:37,754 INFO  segmented.SegmentedRaftLogWorker (SegmentedRaftLogWorker.java:lambda$new$0(132)) - 43e3b32e-2140-4fa1-8836-a25b5f48f789-SegmentedRaftLogWorker:Storage Directory /tmp/workdir/hadoop-ozone/integration-test/target/test-dir/MiniOzoneClusterImpl-9132184a-f07b-4f43-a579-05aa7b8c0a23/datanode-1/data/ratis/1b586110-10f4-4cf3-b0aa-17759daf4a2f: flushIndex: setUnconditionally 0 -> -1
2019-07-13 20:38:37,754 INFO  server.RaftServerConfigKeys (ConfUtils.java:logGet(43)) - raft.server.retrycache.expirytime = 600000ms (custom)
2019-07-13 20:38:37,754 INFO  server.RaftServerConfigKeys (ConfUtils.java:logGet(43)) - raft.server.snapshot.auto.trigger.threshold = 10000 (custom)
2019-07-13 20:38:37,755 INFO  impl.RaftServerImpl (RaftServerImpl.java:start(180)) - 2905612f-b574-451f-ad33-d2857cb35c1a: start group-17759DAF4A2F
2019-07-13 20:38:37,754 INFO  server.RaftServerConfigKeys (ConfUtils.java:logGet(43)) - raft.server.snapshot.auto.trigger.enabled = true (custom)
2019-07-13 20:38:37,755 INFO  impl.RaftServerImpl (RaftServerImpl.java:setRole(171)) - 2905612f-b574-451f-ad33-d2857cb35c1a:group-17759DAF4A2F changes role from null to FOLLOWER at term 0 for startAsFollower
2019-07-13 20:38:37,755 INFO  server.RaftServerConfigKeys (ConfUtils.java:logGet(43)) - raft.server.retrycache.expirytime = 600000ms (custom)
2019-07-13 20:38:37,755 INFO  impl.RoleInfo (RoleInfo.java:updateAndGet(143)) - 2905612f-b574-451f-ad33-d2857cb35c1a: start FollowerState
2019-07-13 20:38:37,755 INFO  server.RaftServerConfigKeys (ConfUtils.java:logGet(43)) - raft.server.snapshot.auto.trigger.threshold = 10000 (custom)
2019-07-13 20:38:37,755 INFO  impl.RaftServerImpl (RaftServerImpl.java:start(180)) - 462e9187-1bd9-45e4-a728-a3c0f536132c: start group-17759DAF4A2F
2019-07-13 20:38:37,756 INFO  server.RaftServerConfigKeys (ConfUtils.java:logGet(43)) - raft.server.retrycache.expirytime = 600000ms (custom)
2019-07-13 20:38:37,756 INFO  util.JmxRegister (JmxRegister.java:tryRegister(44)) - Successfully registered JMX Bean with object name Ratis:service=RaftServer,group=group-17759DAF4A2F,id=2905612f-b574-451f-ad33-d2857cb35c1a
2019-07-13 20:38:37,756 INFO  impl.RaftServerImpl (RaftServerImpl.java:setRole(171)) - 462e9187-1bd9-45e4-a728-a3c0f536132c:group-17759DAF4A2F changes role from null to FOLLOWER at term 0 for startAsFollower
2019-07-13 20:38:37,756 INFO  impl.RaftServerImpl (RaftServerImpl.java:start(180)) - 43e3b32e-2140-4fa1-8836-a25b5f48f789: start group-17759DAF4A2F
2019-07-13 20:38:37,756 INFO  impl.RoleInfo (RoleInfo.java:updateAndGet(143)) - 462e9187-1bd9-45e4-a728-a3c0f536132c: start FollowerState
2019-07-13 20:38:37,756 INFO  impl.RaftServerImpl (RaftServerImpl.java:setRole(171)) - 43e3b32e-2140-4fa1-8836-a25b5f48f789:group-17759DAF4A2F changes role from null to FOLLOWER at term 0 for startAsFollower
2019-07-13 20:38:37,757 INFO  impl.RoleInfo (RoleInfo.java:updateAndGet(143)) - 43e3b32e-2140-4fa1-8836-a25b5f48f789: start FollowerState
2019-07-13 20:38:37,757 INFO  util.JmxRegister (JmxRegister.java:tryRegister(44)) - Successfully registered JMX Bean with object name Ratis:service=RaftServer,group=group-17759DAF4A2F,id=462e9187-1bd9-45e4-a728-a3c0f536132c
2019-07-13 20:38:37,757 INFO  util.JmxRegister (JmxRegister.java:tryRegister(44)) - Successfully registered JMX Bean with object name Ratis:service=RaftServer,group=group-17759DAF4A2F,id=43e3b32e-2140-4fa1-8836-a25b5f48f789
2019-07-13 20:38:37,759 INFO  pipeline.PipelineStateManager (PipelineStateManager.java:addPipeline(56)) - Created pipeline Pipeline[ Id: 1b586110-10f4-4cf3-b0aa-17759daf4a2f, Nodes: 43e3b32e-2140-4fa1-8836-a25b5f48f789{ip: 192.168.5.168, host: trunk-nightly-6qp7m-2461138711, networkLocation: /default-rack, certSerialId: null}462e9187-1bd9-45e4-a728-a3c0f536132c{ip: 192.168.5.168, host: trunk-nightly-6qp7m-2461138711, networkLocation: /default-rack, certSerialId: null}2905612f-b574-451f-ad33-d2857cb35c1a{ip: 192.168.5.168, host: trunk-nightly-6qp7m-2461138711, networkLocation: /default-rack, certSerialId: null}, Type:RATIS, Factor:THREE, State:OPEN]
2019-07-13 20:38:37,846 INFO  node.SCMNodeManager (SCMNodeManager.java:register(269)) - Registered Data node : 9bc81915-8fdf-4499-89b4-39fb809057e6{ip: 192.168.5.168, host: trunk-nightly-6qp7m-2461138711, networkLocation: /default-rack, certSerialId: null}
2019-07-13 20:38:37,852 INFO  impl.RaftServerProxy (RaftServerProxy.java:addNew(89)) - 9bc81915-8fdf-4499-89b4-39fb809057e6: addNew group-59673A932695:[9bc81915-8fdf-4499-89b4-39fb809057e6:192.168.5.168:33111] returns group-59673A932695:java.util.concurrent.CompletableFuture@44d362c5[Not completed]
2019-07-13 20:38:37,853 INFO  impl.RaftServerImpl (RaftServerImpl.java:<init>(93)) - 9bc81915-8fdf-4499-89b4-39fb809057e6: new RaftServerImpl for group-59673A932695:[9bc81915-8fdf-4499-89b4-39fb809057e6:192.168.5.168:33111] with ContainerStateMachine:uninitialized
2019-07-13 20:38:37,853 INFO  server.RaftServerConfigKeys (ConfUtils.java:logGet(43)) - raft.server.rpc.timeout.min = 5s (custom)
2019-07-13 20:38:37,854 INFO  server.RaftServerConfigKeys (ConfUtils.java:logGet(43)) - raft.server.rpc.timeout.max = 5200ms (custom)
2019-07-13 20:38:37,854 INFO  server.RaftServerConfigKeys (ConfUtils.java:logGet(43)) - raft.server.rpcslowness.timeout = 120s (custom)
2019-07-13 20:38:37,854 INFO  server.RaftServerConfigKeys (ConfUtils.java:logGet(43)) - raft.server.sleep.deviation.threshold = 300 (default)
2019-07-13 20:38:37,854 INFO  server.RaftServerConfigKeys (ConfUtils.java:logGet(43)) - raft.server.log.appender.install.snapshot.enabled = false (custom)
2019-07-13 20:38:37,854 INFO  impl.RaftServerImpl (ServerState.java:<init>(105)) - 9bc81915-8fdf-4499-89b4-39fb809057e6:group-59673A932695 ConfigurationManager, init=-1: [9bc81915-8fdf-4499-89b4-39fb809057e6:192.168.5.168:33111], old=null, confs=<EMPTY_MAP>
2019-07-13 20:38:37,854 INFO  server.RaftServerConfigKeys (ConfUtils.java:logGet(43)) - raft.server.storage.dir = [/tmp/workdir/hadoop-ozone/integration-test/target/test-dir/MiniOzoneClusterImpl-9132184a-f07b-4f43-a579-05aa7b8c0a23/datanode-3/data/ratis] (custom)
2019-07-13 20:38:37,855 INFO  storage.RaftStorageDirectory (RaftStorageDirectory.java:analyzeStorage(246)) - The storage directory /tmp/workdir/hadoop-ozone/integration-test/target/test-dir/MiniOzoneClusterImpl-9132184a-f07b-4f43-a579-05aa7b8c0a23/datanode-3/data/ratis/e3037a62-65e3-40d6-9819-59673a932695 does not exist. Creating ...
2019-07-13 20:38:37,867 INFO  storage.RaftStorageDirectory (RaftStorageDirectory.java:tryLock(328)) - Lock on /tmp/workdir/hadoop-ozone/integration-test/target/test-dir/MiniOzoneClusterImpl-9132184a-f07b-4f43-a579-05aa7b8c0a23/datanode-3/data/ratis/e3037a62-65e3-40d6-9819-59673a932695/in_use.lock acquired by nodename 32015@trunk-nightly-6qp7m-2461138711
2019-07-13 20:38:37,870 INFO  storage.RaftStorage (RaftStorage.java:format(72)) - Storage directory /tmp/workdir/hadoop-ozone/integration-test/target/test-dir/MiniOzoneClusterImpl-9132184a-f07b-4f43-a579-05aa7b8c0a23/datanode-3/data/ratis/e3037a62-65e3-40d6-9819-59673a932695 has been successfully formatted.
2019-07-13 20:38:37,871 INFO  ratis.ContainerStateMachine (ContainerStateMachine.java:loadSnapshot(200)) - The snapshot info is null.Setting the last applied index to:(t:0, i:~)
2019-07-13 20:38:37,871 INFO  server.RaftServerConfigKeys (ConfUtils.java:logGet(43)) - raft.server.leader.election.timeout = 120s (custom)
2019-07-13 20:38:37,871 INFO  server.RaftServerConfigKeys (ConfUtils.java:logGet(43)) - raft.server.log.use.memory = false (default)
2019-07-13 20:38:37,871 INFO  server.RaftServerConfigKeys (ConfUtils.java:logGet(43)) - raft.server.log.purge.gap = 1000000000 (custom)
2019-07-13 20:38:37,871 INFO  server.RaftServerConfigKeys (ConfUtils.java:logGet(43)) - raft.server.log.appender.buffer.byte-limit = 33554432 (custom)
2019-07-13 20:38:37,871 INFO  server.RaftServerConfigKeys (ConfUtils.java:logGet(43)) - raft.server.log.segment.size.max = 1048576 (custom)
2019-07-13 20:38:37,871 INFO  server.RaftServerConfigKeys (ConfUtils.java:logGet(43)) - raft.server.log.segment.cache.num.max = 2 (custom)
2019-07-13 20:38:37,872 INFO  segmented.SegmentedRaftLogWorker (SegmentedRaftLogWorker.java:<init>(172)) - new 9bc81915-8fdf-4499-89b4-39fb809057e6-SegmentedRaftLogWorker:Storage Directory /tmp/workdir/hadoop-ozone/integration-test/target/test-dir/MiniOzoneClusterImpl-9132184a-f07b-4f43-a579-05aa7b8c0a23/datanode-3/data/ratis/e3037a62-65e3-40d6-9819-59673a932695 for RaftStorage:Storage Directory /tmp/workdir/hadoop-ozone/integration-test/target/test-dir/MiniOzoneClusterImpl-9132184a-f07b-4f43-a579-05aa7b8c0a23/datanode-3/data/ratis/e3037a62-65e3-40d6-9819-59673a932695
2019-07-13 20:38:37,872 INFO  server.RaftServerConfigKeys (ConfUtils.java:logGet(43)) - raft.server.log.queue.byte-limit = 2147483647 (custom)
2019-07-13 20:38:37,872 INFO  server.RaftServerConfigKeys (ConfUtils.java:logGet(43)) - raft.server.log.queue.element-limit = 1024 (custom)
2019-07-13 20:38:37,872 INFO  server.RaftServerConfigKeys (ConfUtils.java:logGet(43)) - raft.server.log.segment.size.max = 1048576 (custom)
2019-07-13 20:38:37,872 INFO  server.RaftServerConfigKeys (ConfUtils.java:logGet(43)) - raft.server.log.preallocated.size = 16384 (custom)
2019-07-13 20:38:37,873 INFO  server.RaftServerConfigKeys (ConfUtils.java:logGet(43)) - raft.server.log.write.buffer.size = 33554432 (custom)
2019-07-13 20:38:37,873 INFO  server.RaftServerConfigKeys (ConfUtils.java:logGet(43)) - raft.server.log.force.sync.num = 128 (default)
2019-07-13 20:38:37,873 INFO  server.RaftServerConfigKeys (ConfUtils.java:logGet(43)) - raft.server.log.statemachine.data.sync = true (default)
2019-07-13 20:38:37,873 INFO  server.RaftServerConfigKeys (ConfUtils.java:logGet(43)) - raft.server.log.statemachine.data.sync.timeout = 10s (default)
2019-07-13 20:38:37,873 INFO  server.RaftServerConfigKeys (ConfUtils.java:logGet(43)) - raft.server.log.statemachine.data.sync.timeout.retry = -1 (default)
2019-07-13 20:38:37,873 INFO  server.RaftServerConfigKeys (ConfUtils.java:logGet(43)) - raft.server.log.statemachine.data.caching.enabled = true (custom)
2019-07-13 20:38:37,874 INFO  segmented.SegmentedRaftLogWorker (SegmentedRaftLogWorker.java:lambda$new$0(132)) - 9bc81915-8fdf-4499-89b4-39fb809057e6-SegmentedRaftLogWorker:Storage Directory /tmp/workdir/hadoop-ozone/integration-test/target/test-dir/MiniOzoneClusterImpl-9132184a-f07b-4f43-a579-05aa7b8c0a23/datanode-3/data/ratis/e3037a62-65e3-40d6-9819-59673a932695: flushIndex: setUnconditionally 0 -> -1
2019-07-13 20:38:37,874 INFO  server.RaftServerConfigKeys (ConfUtils.java:logGet(43)) - raft.server.snapshot.auto.trigger.enabled = true (custom)
2019-07-13 20:38:37,874 INFO  server.RaftServerConfigKeys (ConfUtils.java:logGet(43)) - raft.server.snapshot.auto.trigger.threshold = 10000 (custom)
2019-07-13 20:38:37,874 INFO  server.RaftServerConfigKeys (ConfUtils.java:logGet(43)) - raft.server.retrycache.expirytime = 600000ms (custom)
2019-07-13 20:38:37,875 INFO  impl.RaftServerImpl (RaftServerImpl.java:start(180)) - 9bc81915-8fdf-4499-89b4-39fb809057e6: start group-59673A932695
2019-07-13 20:38:37,875 INFO  impl.RaftServerImpl (RaftServerImpl.java:setRole(171)) - 9bc81915-8fdf-4499-89b4-39fb809057e6:group-59673A932695 changes role from null to FOLLOWER at term 0 for startAsFollower
2019-07-13 20:38:37,875 INFO  impl.RoleInfo (RoleInfo.java:updateAndGet(143)) - 9bc81915-8fdf-4499-89b4-39fb809057e6: start FollowerState
2019-07-13 20:38:37,875 INFO  util.JmxRegister (JmxRegister.java:tryRegister(44)) - Successfully registered JMX Bean with object name Ratis:service=RaftServer,group=group-59673A932695,id=9bc81915-8fdf-4499-89b4-39fb809057e6
2019-07-13 20:38:37,877 INFO  pipeline.PipelineStateManager (PipelineStateManager.java:addPipeline(56)) - Created pipeline Pipeline[ Id: e3037a62-65e3-40d6-9819-59673a932695, Nodes: 9bc81915-8fdf-4499-89b4-39fb809057e6{ip: 192.168.5.168, host: trunk-nightly-6qp7m-2461138711, networkLocation: /default-rack, certSerialId: null}, Type:RATIS, Factor:ONE, State:OPEN]
2019-07-13 20:38:38,010 INFO  node.SCMNodeManager (SCMNodeManager.java:register(269)) - Registered Data node : 4c380176-de97-462b-b46a-a80e4c1ce125{ip: 192.168.5.168, host: trunk-nightly-6qp7m-2461138711, networkLocation: /default-rack, certSerialId: null}
2019-07-13 20:38:38,016 INFO  impl.RaftServerProxy (RaftServerProxy.java:addNew(89)) - 4c380176-de97-462b-b46a-a80e4c1ce125: addNew group-40D2740D2510:[4c380176-de97-462b-b46a-a80e4c1ce125:192.168.5.168:39172] returns group-40D2740D2510:java.util.concurrent.CompletableFuture@19f742e2[Not completed]
2019-07-13 20:38:38,017 INFO  impl.RaftServerImpl (RaftServerImpl.java:<init>(93)) - 4c380176-de97-462b-b46a-a80e4c1ce125: new RaftServerImpl for group-40D2740D2510:[4c380176-de97-462b-b46a-a80e4c1ce125:192.168.5.168:39172] with ContainerStateMachine:uninitialized
2019-07-13 20:38:38,017 INFO  server.RaftServerConfigKeys (ConfUtils.java:logGet(43)) - raft.server.rpc.timeout.min = 5s (custom)
2019-07-13 20:38:38,018 INFO  server.RaftServerConfigKeys (ConfUtils.java:logGet(43)) - raft.server.rpc.timeout.max = 5200ms (custom)
2019-07-13 20:38:38,018 INFO  server.RaftServerConfigKeys (ConfUtils.java:logGet(43)) - raft.server.rpcslowness.timeout = 120s (custom)
2019-07-13 20:38:38,018 INFO  server.RaftServerConfigKeys (ConfUtils.java:logGet(43)) - raft.server.sleep.deviation.threshold = 300 (default)
2019-07-13 20:38:38,018 INFO  server.RaftServerConfigKeys (ConfUtils.java:logGet(43)) - raft.server.log.appender.install.snapshot.enabled = false (custom)
2019-07-13 20:38:38,018 INFO  impl.RaftServerImpl (ServerState.java:<init>(105)) - 4c380176-de97-462b-b46a-a80e4c1ce125:group-40D2740D2510 ConfigurationManager, init=-1: [4c380176-de97-462b-b46a-a80e4c1ce125:192.168.5.168:39172], old=null, confs=<EMPTY_MAP>
2019-07-13 20:38:38,018 INFO  server.RaftServerConfigKeys (ConfUtils.java:logGet(43)) - raft.server.storage.dir = [/tmp/workdir/hadoop-ozone/integration-test/target/test-dir/MiniOzoneClusterImpl-9132184a-f07b-4f43-a579-05aa7b8c0a23/datanode-4/data/ratis] (custom)
2019-07-13 20:38:38,019 INFO  storage.RaftStorageDirectory (RaftStorageDirectory.java:analyzeStorage(246)) - The storage directory /tmp/workdir/hadoop-ozone/integration-test/target/test-dir/MiniOzoneClusterImpl-9132184a-f07b-4f43-a579-05aa7b8c0a23/datanode-4/data/ratis/38a85641-2625-4fc4-b69f-40d2740d2510 does not exist. Creating ...
2019-07-13 20:38:38,023 INFO  storage.RaftStorageDirectory (RaftStorageDirectory.java:tryLock(328)) - Lock on /tmp/workdir/hadoop-ozone/integration-test/target/test-dir/MiniOzoneClusterImpl-9132184a-f07b-4f43-a579-05aa7b8c0a23/datanode-4/data/ratis/38a85641-2625-4fc4-b69f-40d2740d2510/in_use.lock acquired by nodename 32015@trunk-nightly-6qp7m-2461138711
2019-07-13 20:38:38,027 INFO  storage.RaftStorage (RaftStorage.java:format(72)) - Storage directory /tmp/workdir/hadoop-ozone/integration-test/target/test-dir/MiniOzoneClusterImpl-9132184a-f07b-4f43-a579-05aa7b8c0a23/datanode-4/data/ratis/38a85641-2625-4fc4-b69f-40d2740d2510 has been successfully formatted.
2019-07-13 20:38:38,027 INFO  ratis.ContainerStateMachine (ContainerStateMachine.java:loadSnapshot(200)) - The snapshot info is null.Setting the last applied index to:(t:0, i:~)
2019-07-13 20:38:38,027 INFO  server.RaftServerConfigKeys (ConfUtils.java:logGet(43)) - raft.server.leader.election.timeout = 120s (custom)
2019-07-13 20:38:38,027 INFO  server.RaftServerConfigKeys (ConfUtils.java:logGet(43)) - raft.server.log.use.memory = false (default)
2019-07-13 20:38:38,027 INFO  server.RaftServerConfigKeys (ConfUtils.java:logGet(43)) - raft.server.log.purge.gap = 1000000000 (custom)
2019-07-13 20:38:38,028 INFO  server.RaftServerConfigKeys (ConfUtils.java:logGet(43)) - raft.server.log.appender.buffer.byte-limit = 33554432 (custom)
2019-07-13 20:38:38,028 INFO  server.RaftServerConfigKeys (ConfUtils.java:logGet(43)) - raft.server.log.segment.size.max = 1048576 (custom)
2019-07-13 20:38:38,028 INFO  server.RaftServerConfigKeys (ConfUtils.java:logGet(43)) - raft.server.log.segment.cache.num.max = 2 (custom)
2019-07-13 20:38:38,028 INFO  segmented.SegmentedRaftLogWorker (SegmentedRaftLogWorker.java:<init>(172)) - new 4c380176-de97-462b-b46a-a80e4c1ce125-SegmentedRaftLogWorker:Storage Directory /tmp/workdir/hadoop-ozone/integration-test/target/test-dir/MiniOzoneClusterImpl-9132184a-f07b-4f43-a579-05aa7b8c0a23/datanode-4/data/ratis/38a85641-2625-4fc4-b69f-40d2740d2510 for RaftStorage:Storage Directory /tmp/workdir/hadoop-ozone/integration-test/target/test-dir/MiniOzoneClusterImpl-9132184a-f07b-4f43-a579-05aa7b8c0a23/datanode-4/data/ratis/38a85641-2625-4fc4-b69f-40d2740d2510
2019-07-13 20:38:38,028 INFO  server.RaftServerConfigKeys (ConfUtils.java:logGet(43)) - raft.server.log.queue.byte-limit = 2147483647 (custom)
2019-07-13 20:38:38,028 INFO  server.RaftServerConfigKeys (ConfUtils.java:logGet(43)) - raft.server.log.queue.element-limit = 1024 (custom)
2019-07-13 20:38:38,029 INFO  server.RaftServerConfigKeys (ConfUtils.java:logGet(43)) - raft.server.log.segment.size.max = 1048576 (custom)
2019-07-13 20:38:38,029 INFO  server.RaftServerConfigKeys (ConfUtils.java:logGet(43)) - raft.server.log.preallocated.size = 16384 (custom)
2019-07-13 20:38:38,029 INFO  server.RaftServerConfigKeys (ConfUtils.java:logGet(43)) - raft.server.log.write.buffer.size = 33554432 (custom)
2019-07-13 20:38:38,029 INFO  server.RaftServerConfigKeys (ConfUtils.java:logGet(43)) - raft.server.log.force.sync.num = 128 (default)
2019-07-13 20:38:38,029 INFO  server.RaftServerConfigKeys (ConfUtils.java:logGet(43)) - raft.server.log.statemachine.data.sync = true (default)
2019-07-13 20:38:38,029 INFO  server.RaftServerConfigKeys (ConfUtils.java:logGet(43)) - raft.server.log.statemachine.data.sync.timeout = 10s (default)
2019-07-13 20:38:38,030 INFO  server.RaftServerConfigKeys (ConfUtils.java:logGet(43)) - raft.server.log.statemachine.data.sync.timeout.retry = -1 (default)
2019-07-13 20:38:38,030 INFO  server.RaftServerConfigKeys (ConfUtils.java:logGet(43)) - raft.server.log.statemachine.data.caching.enabled = true (custom)
2019-07-13 20:38:38,030 INFO  segmented.SegmentedRaftLogWorker (SegmentedRaftLogWorker.java:lambda$new$0(132)) - 4c380176-de97-462b-b46a-a80e4c1ce125-SegmentedRaftLogWorker:Storage Directory /tmp/workdir/hadoop-ozone/integration-test/target/test-dir/MiniOzoneClusterImpl-9132184a-f07b-4f43-a579-05aa7b8c0a23/datanode-4/data/ratis/38a85641-2625-4fc4-b69f-40d2740d2510: flushIndex: setUnconditionally 0 -> -1
2019-07-13 20:38:38,030 INFO  server.RaftServerConfigKeys (ConfUtils.java:logGet(43)) - raft.server.snapshot.auto.trigger.enabled = true (custom)
2019-07-13 20:38:38,031 INFO  server.RaftServerConfigKeys (ConfUtils.java:logGet(43)) - raft.server.snapshot.auto.trigger.threshold = 10000 (custom)
2019-07-13 20:38:38,031 INFO  server.RaftServerConfigKeys (ConfUtils.java:logGet(43)) - raft.server.retrycache.expirytime = 600000ms (custom)
2019-07-13 20:38:38,031 INFO  impl.RaftServerImpl (RaftServerImpl.java:start(180)) - 4c380176-de97-462b-b46a-a80e4c1ce125: start group-40D2740D2510
2019-07-13 20:38:38,031 INFO  impl.RaftServerImpl (RaftServerImpl.java:setRole(171)) - 4c380176-de97-462b-b46a-a80e4c1ce125:group-40D2740D2510 changes role from null to FOLLOWER at term 0 for startAsFollower
2019-07-13 20:38:38,031 INFO  impl.RoleInfo (RoleInfo.java:updateAndGet(143)) - 4c380176-de97-462b-b46a-a80e4c1ce125: start FollowerState
2019-07-13 20:38:38,032 INFO  util.JmxRegister (JmxRegister.java:tryRegister(44)) - Successfully registered JMX Bean with object name Ratis:service=RaftServer,group=group-40D2740D2510,id=4c380176-de97-462b-b46a-a80e4c1ce125
2019-07-13 20:38:38,033 INFO  pipeline.PipelineStateManager (PipelineStateManager.java:addPipeline(56)) - Created pipeline Pipeline[ Id: 38a85641-2625-4fc4-b69f-40d2740d2510, Nodes: 4c380176-de97-462b-b46a-a80e4c1ce125{ip: 192.168.5.168, host: trunk-nightly-6qp7m-2461138711, networkLocation: /default-rack, certSerialId: null}, Type:RATIS, Factor:ONE, State:OPEN]
2019-07-13 20:38:38,175 INFO  node.SCMNodeManager (SCMNodeManager.java:register(269)) - Registered Data node : 3f97cf59-2b26-42fa-8304-f8ca7a5f916b{ip: 192.168.5.168, host: trunk-nightly-6qp7m-2461138711, networkLocation: /default-rack, certSerialId: null}
2019-07-13 20:38:38,187 INFO  impl.RaftServerProxy (RaftServerProxy.java:addNew(89)) - 3f97cf59-2b26-42fa-8304-f8ca7a5f916b: addNew group-BC0A34B80C80:[3f97cf59-2b26-42fa-8304-f8ca7a5f916b:192.168.5.168:32982] returns group-BC0A34B80C80:java.util.concurrent.CompletableFuture@4755769e[Not completed]
2019-07-13 20:38:38,188 INFO  impl.RaftServerImpl (RaftServerImpl.java:<init>(93)) - 3f97cf59-2b26-42fa-8304-f8ca7a5f916b: new RaftServerImpl for group-BC0A34B80C80:[3f97cf59-2b26-42fa-8304-f8ca7a5f916b:192.168.5.168:32982] with ContainerStateMachine:uninitialized
2019-07-13 20:38:38,189 INFO  server.RaftServerConfigKeys (ConfUtils.java:logGet(43)) - raft.server.rpc.timeout.min = 5s (custom)
2019-07-13 20:38:38,189 INFO  server.RaftServerConfigKeys (ConfUtils.java:logGet(43)) - raft.server.rpc.timeout.max = 5200ms (custom)
2019-07-13 20:38:38,189 INFO  server.RaftServerConfigKeys (ConfUtils.java:logGet(43)) - raft.server.rpcslowness.timeout = 120s (custom)
2019-07-13 20:38:38,189 INFO  server.RaftServerConfigKeys (ConfUtils.java:logGet(43)) - raft.server.sleep.deviation.threshold = 300 (default)
2019-07-13 20:38:38,189 INFO  server.RaftServerConfigKeys (ConfUtils.java:logGet(43)) - raft.server.log.appender.install.snapshot.enabled = false (custom)
2019-07-13 20:38:38,189 INFO  impl.RaftServerImpl (ServerState.java:<init>(105)) - 3f97cf59-2b26-42fa-8304-f8ca7a5f916b:group-BC0A34B80C80 ConfigurationManager, init=-1: [3f97cf59-2b26-42fa-8304-f8ca7a5f916b:192.168.5.168:32982], old=null, confs=<EMPTY_MAP>
2019-07-13 20:38:38,190 INFO  server.RaftServerConfigKeys (ConfUtils.java:logGet(43)) - raft.server.storage.dir = [/tmp/workdir/hadoop-ozone/integration-test/target/test-dir/MiniOzoneClusterImpl-9132184a-f07b-4f43-a579-05aa7b8c0a23/datanode-5/data/ratis] (custom)
2019-07-13 20:38:38,190 INFO  storage.RaftStorageDirectory (RaftStorageDirectory.java:analyzeStorage(246)) - The storage directory /tmp/workdir/hadoop-ozone/integration-test/target/test-dir/MiniOzoneClusterImpl-9132184a-f07b-4f43-a579-05aa7b8c0a23/datanode-5/data/ratis/8e9c00aa-d628-4c36-93d4-bc0a34b80c80 does not exist. Creating ...
2019-07-13 20:38:38,203 INFO  storage.RaftStorageDirectory (RaftStorageDirectory.java:tryLock(328)) - Lock on /tmp/workdir/hadoop-ozone/integration-test/target/test-dir/MiniOzoneClusterImpl-9132184a-f07b-4f43-a579-05aa7b8c0a23/datanode-5/data/ratis/8e9c00aa-d628-4c36-93d4-bc0a34b80c80/in_use.lock acquired by nodename 32015@trunk-nightly-6qp7m-2461138711
2019-07-13 20:38:38,207 INFO  storage.RaftStorage (RaftStorage.java:format(72)) - Storage directory /tmp/workdir/hadoop-ozone/integration-test/target/test-dir/MiniOzoneClusterImpl-9132184a-f07b-4f43-a579-05aa7b8c0a23/datanode-5/data/ratis/8e9c00aa-d628-4c36-93d4-bc0a34b80c80 has been successfully formatted.
2019-07-13 20:38:38,207 INFO  ratis.ContainerStateMachine (ContainerStateMachine.java:loadSnapshot(200)) - The snapshot info is null.Setting the last applied index to:(t:0, i:~)
2019-07-13 20:38:38,207 INFO  server.RaftServerConfigKeys (ConfUtils.java:logGet(43)) - raft.server.leader.election.timeout = 120s (custom)
2019-07-13 20:38:38,208 INFO  server.RaftServerConfigKeys (ConfUtils.java:logGet(43)) - raft.server.log.use.memory = false (default)
2019-07-13 20:38:38,208 INFO  server.RaftServerConfigKeys (ConfUtils.java:logGet(43)) - raft.server.log.purge.gap = 1000000000 (custom)
2019-07-13 20:38:38,208 INFO  server.RaftServerConfigKeys (ConfUtils.java:logGet(43)) - raft.server.log.appender.buffer.byte-limit = 33554432 (custom)
2019-07-13 20:38:38,208 INFO  server.RaftServerConfigKeys (ConfUtils.java:logGet(43)) - raft.server.log.segment.size.max = 1048576 (custom)
2019-07-13 20:38:38,208 INFO  server.RaftServerConfigKeys (ConfUtils.java:logGet(43)) - raft.server.log.segment.cache.num.max = 2 (custom)
2019-07-13 20:38:38,208 INFO  segmented.SegmentedRaftLogWorker (SegmentedRaftLogWorker.java:<init>(172)) - new 3f97cf59-2b26-42fa-8304-f8ca7a5f916b-SegmentedRaftLogWorker:Storage Directory /tmp/workdir/hadoop-ozone/integration-test/target/test-dir/MiniOzoneClusterImpl-9132184a-f07b-4f43-a579-05aa7b8c0a23/datanode-5/data/ratis/8e9c00aa-d628-4c36-93d4-bc0a34b80c80 for RaftStorage:Storage Directory /tmp/workdir/hadoop-ozone/integration-test/target/test-dir/MiniOzoneClusterImpl-9132184a-f07b-4f43-a579-05aa7b8c0a23/datanode-5/data/ratis/8e9c00aa-d628-4c36-93d4-bc0a34b80c80
2019-07-13 20:38:38,209 INFO  server.RaftServerConfigKeys (ConfUtils.java:logGet(43)) - raft.server.log.queue.byte-limit = 2147483647 (custom)
2019-07-13 20:38:38,209 INFO  server.RaftServerConfigKeys (ConfUtils.java:logGet(43)) - raft.server.log.queue.element-limit = 1024 (custom)
2019-07-13 20:38:38,209 INFO  server.RaftServerConfigKeys (ConfUtils.java:logGet(43)) - raft.server.log.segment.size.max = 1048576 (custom)
2019-07-13 20:38:38,209 INFO  server.RaftServerConfigKeys (ConfUtils.java:logGet(43)) - raft.server.log.preallocated.size = 16384 (custom)
2019-07-13 20:38:38,209 INFO  server.RaftServerConfigKeys (ConfUtils.java:logGet(43)) - raft.server.log.write.buffer.size = 33554432 (custom)
2019-07-13 20:38:38,210 INFO  server.RaftServerConfigKeys (ConfUtils.java:logGet(43)) - raft.server.log.force.sync.num = 128 (default)
2019-07-13 20:38:38,210 INFO  server.RaftServerConfigKeys (ConfUtils.java:logGet(43)) - raft.server.log.statemachine.data.sync = true (default)
2019-07-13 20:38:38,210 INFO  server.RaftServerConfigKeys (ConfUtils.java:logGet(43)) - raft.server.log.statemachine.data.sync.timeout = 10s (default)
2019-07-13 20:38:38,210 INFO  server.RaftServerConfigKeys (ConfUtils.java:logGet(43)) - raft.server.log.statemachine.data.sync.timeout.retry = -1 (default)
2019-07-13 20:38:38,210 INFO  server.RaftServerConfigKeys (ConfUtils.java:logGet(43)) - raft.server.log.statemachine.data.caching.enabled = true (custom)
2019-07-13 20:38:38,211 INFO  segmented.SegmentedRaftLogWorker (SegmentedRaftLogWorker.java:lambda$new$0(132)) - 3f97cf59-2b26-42fa-8304-f8ca7a5f916b-SegmentedRaftLogWorker:Storage Directory /tmp/workdir/hadoop-ozone/integration-test/target/test-dir/MiniOzoneClusterImpl-9132184a-f07b-4f43-a579-05aa7b8c0a23/datanode-5/data/ratis/8e9c00aa-d628-4c36-93d4-bc0a34b80c80: flushIndex: setUnconditionally 0 -> -1
2019-07-13 20:38:38,211 INFO  server.RaftServerConfigKeys (ConfUtils.java:logGet(43)) - raft.server.snapshot.auto.trigger.enabled = true (custom)
2019-07-13 20:38:38,211 INFO  server.RaftServerConfigKeys (ConfUtils.java:logGet(43)) - raft.server.snapshot.auto.trigger.threshold = 10000 (custom)
2019-07-13 20:38:38,211 INFO  server.RaftServerConfigKeys (ConfUtils.java:logGet(43)) - raft.server.retrycache.expirytime = 600000ms (custom)
2019-07-13 20:38:38,211 INFO  impl.RaftServerImpl (RaftServerImpl.java:start(180)) - 3f97cf59-2b26-42fa-8304-f8ca7a5f916b: start group-BC0A34B80C80
2019-07-13 20:38:38,212 INFO  impl.RaftServerImpl (RaftServerImpl.java:setRole(171)) - 3f97cf59-2b26-42fa-8304-f8ca7a5f916b:group-BC0A34B80C80 changes role from null to FOLLOWER at term 0 for startAsFollower
2019-07-13 20:38:38,212 INFO  impl.RoleInfo (RoleInfo.java:updateAndGet(143)) - 3f97cf59-2b26-42fa-8304-f8ca7a5f916b: start FollowerState
2019-07-13 20:38:38,212 INFO  util.JmxRegister (JmxRegister.java:tryRegister(44)) - Successfully registered JMX Bean with object name Ratis:service=RaftServer,group=group-BC0A34B80C80,id=3f97cf59-2b26-42fa-8304-f8ca7a5f916b
2019-07-13 20:38:38,214 INFO  pipeline.PipelineStateManager (PipelineStateManager.java:addPipeline(56)) - Created pipeline Pipeline[ Id: 8e9c00aa-d628-4c36-93d4-bc0a34b80c80, Nodes: 3f97cf59-2b26-42fa-8304-f8ca7a5f916b{ip: 192.168.5.168, host: trunk-nightly-6qp7m-2461138711, networkLocation: /default-rack, certSerialId: null}, Type:RATIS, Factor:ONE, State:OPEN]
2019-07-13 20:38:38,229 INFO  impl.RaftServerProxy (RaftServerProxy.java:addNew(89)) - 9bc81915-8fdf-4499-89b4-39fb809057e6: addNew group-5018C0EE5C5B:[9bc81915-8fdf-4499-89b4-39fb809057e6:192.168.5.168:33111, 4c380176-de97-462b-b46a-a80e4c1ce125:192.168.5.168:39172, 3f97cf59-2b26-42fa-8304-f8ca7a5f916b:192.168.5.168:32982] returns group-5018C0EE5C5B:java.util.concurrent.CompletableFuture@6a3da803[Not completed]
2019-07-13 20:38:38,229 INFO  impl.RaftServerProxy (RaftServerProxy.java:addNew(89)) - 3f97cf59-2b26-42fa-8304-f8ca7a5f916b: addNew group-5018C0EE5C5B:[9bc81915-8fdf-4499-89b4-39fb809057e6:192.168.5.168:33111, 4c380176-de97-462b-b46a-a80e4c1ce125:192.168.5.168:39172, 3f97cf59-2b26-42fa-8304-f8ca7a5f916b:192.168.5.168:32982] returns group-5018C0EE5C5B:java.util.concurrent.CompletableFuture@4531c424[Not completed]
2019-07-13 20:38:38,229 INFO  impl.RaftServerProxy (RaftServerProxy.java:addNew(89)) - 4c380176-de97-462b-b46a-a80e4c1ce125: addNew group-5018C0EE5C5B:[9bc81915-8fdf-4499-89b4-39fb809057e6:192.168.5.168:33111, 4c380176-de97-462b-b46a-a80e4c1ce125:192.168.5.168:39172, 3f97cf59-2b26-42fa-8304-f8ca7a5f916b:192.168.5.168:32982] returns group-5018C0EE5C5B:java.util.concurrent.CompletableFuture@72991b0f[Not completed]
2019-07-13 20:38:38,230 INFO  impl.RaftServerImpl (RaftServerImpl.java:<init>(93)) - 3f97cf59-2b26-42fa-8304-f8ca7a5f916b: new RaftServerImpl for group-5018C0EE5C5B:[9bc81915-8fdf-4499-89b4-39fb809057e6:192.168.5.168:33111, 4c380176-de97-462b-b46a-a80e4c1ce125:192.168.5.168:39172, 3f97cf59-2b26-42fa-8304-f8ca7a5f916b:192.168.5.168:32982] with ContainerStateMachine:uninitialized
2019-07-13 20:38:38,230 INFO  server.RaftServerConfigKeys (ConfUtils.java:logGet(43)) - raft.server.rpc.timeout.min = 5s (custom)
2019-07-13 20:38:38,230 INFO  server.RaftServerConfigKeys (ConfUtils.java:logGet(43)) - raft.server.rpc.timeout.max = 5200ms (custom)
2019-07-13 20:38:38,231 INFO  server.RaftServerConfigKeys (ConfUtils.java:logGet(43)) - raft.server.rpcslowness.timeout = 120s (custom)
2019-07-13 20:38:38,231 INFO  server.RaftServerConfigKeys (ConfUtils.java:logGet(43)) - raft.server.sleep.deviation.threshold = 300 (default)
2019-07-13 20:38:38,231 INFO  server.RaftServerConfigKeys (ConfUtils.java:logGet(43)) - raft.server.log.appender.install.snapshot.enabled = false (custom)
2019-07-13 20:38:38,231 INFO  impl.RaftServerImpl (RaftServerImpl.java:<init>(93)) - 9bc81915-8fdf-4499-89b4-39fb809057e6: new RaftServerImpl for group-5018C0EE5C5B:[9bc81915-8fdf-4499-89b4-39fb809057e6:192.168.5.168:33111, 4c380176-de97-462b-b46a-a80e4c1ce125:192.168.5.168:39172, 3f97cf59-2b26-42fa-8304-f8ca7a5f916b:192.168.5.168:32982] with ContainerStateMachine:uninitialized
2019-07-13 20:38:38,231 INFO  impl.RaftServerImpl (ServerState.java:<init>(105)) - 3f97cf59-2b26-42fa-8304-f8ca7a5f916b:group-5018C0EE5C5B ConfigurationManager, init=-1: [9bc81915-8fdf-4499-89b4-39fb809057e6:192.168.5.168:33111, 4c380176-de97-462b-b46a-a80e4c1ce125:192.168.5.168:39172, 3f97cf59-2b26-42fa-8304-f8ca7a5f916b:192.168.5.168:32982], old=null, confs=<EMPTY_MAP>
2019-07-13 20:38:38,404 INFO  node.SCMNodeManager (SCMNodeManager.java:register(269)) - Registered Data node : 9418f771-e81d-4c5f-bc92-84996a7d83c2{ip: 192.168.5.168, host: trunk-nightly-6qp7m-2461138711, networkLocation: /default-rack, certSerialId: null}
2019-07-13 20:38:38,402 INFO  server.RaftServerConfigKeys (ConfUtils.java:logGet(43)) - raft.server.rpc.timeout.min = 5s (custom)
2019-07-13 20:38:38,405 INFO  server.RaftServerConfigKeys (ConfUtils.java:logGet(43)) - raft.server.storage.dir = [/tmp/workdir/hadoop-ozone/integration-test/target/test-dir/MiniOzoneClusterImpl-9132184a-f07b-4f43-a579-05aa7b8c0a23/datanode-5/data/ratis] (custom)
2019-07-13 20:38:38,402 INFO  ozone.MiniOzoneClusterImpl (MiniOzoneClusterImpl.java:lambda$waitForClusterToBeReady$0(142)) - Waiting for cluster to be ready. Got 6 of 7 DN Heartbeats.
2019-07-13 20:38:38,406 INFO  storage.RaftStorageDirectory (RaftStorageDirectory.java:analyzeStorage(246)) - The storage directory /tmp/workdir/hadoop-ozone/integration-test/target/test-dir/MiniOzoneClusterImpl-9132184a-f07b-4f43-a579-05aa7b8c0a23/datanode-5/data/ratis/17768fd0-7810-464d-a337-5018c0ee5c5b does not exist. Creating ...
2019-07-13 20:38:38,405 INFO  server.RaftServerConfigKeys (ConfUtils.java:logGet(43)) - raft.server.rpc.timeout.max = 5200ms (custom)
2019-07-13 20:38:38,407 INFO  server.RaftServerConfigKeys (ConfUtils.java:logGet(43)) - raft.server.rpcslowness.timeout = 120s (custom)
2019-07-13 20:38:38,408 INFO  server.RaftServerConfigKeys (ConfUtils.java:logGet(43)) - raft.server.sleep.deviation.threshold = 300 (default)
2019-07-13 20:38:38,404 INFO  impl.RaftServerImpl (RaftServerImpl.java:<init>(93)) - 4c380176-de97-462b-b46a-a80e4c1ce125: new RaftServerImpl for group-5018C0EE5C5B:[9bc81915-8fdf-4499-89b4-39fb809057e6:192.168.5.168:33111, 4c380176-de97-462b-b46a-a80e4c1ce125:192.168.5.168:39172, 3f97cf59-2b26-42fa-8304-f8ca7a5f916b:192.168.5.168:32982] with ContainerStateMachine:uninitialized
2019-07-13 20:38:38,408 INFO  server.RaftServerConfigKeys (ConfUtils.java:logGet(43)) - raft.server.log.appender.install.snapshot.enabled = false (custom)
2019-07-13 20:38:38,408 INFO  server.RaftServerConfigKeys (ConfUtils.java:logGet(43)) - raft.server.rpc.timeout.min = 5s (custom)
2019-07-13 20:38:38,408 INFO  impl.RaftServerImpl (ServerState.java:<init>(105)) - 9bc81915-8fdf-4499-89b4-39fb809057e6:group-5018C0EE5C5B ConfigurationManager, init=-1: [9bc81915-8fdf-4499-89b4-39fb809057e6:192.168.5.168:33111, 4c380176-de97-462b-b46a-a80e4c1ce125:192.168.5.168:39172, 3f97cf59-2b26-42fa-8304-f8ca7a5f916b:192.168.5.168:32982], old=null, confs=<EMPTY_MAP>
2019-07-13 20:38:38,408 INFO  server.RaftServerConfigKeys (ConfUtils.java:logGet(43)) - raft.server.rpc.timeout.max = 5200ms (custom)
2019-07-13 20:38:38,408 INFO  server.RaftServerConfigKeys (ConfUtils.java:logGet(43)) - raft.server.storage.dir = [/tmp/workdir/hadoop-ozone/integration-test/target/test-dir/MiniOzoneClusterImpl-9132184a-f07b-4f43-a579-05aa7b8c0a23/datanode-3/data/ratis] (custom)
2019-07-13 20:38:38,408 INFO  server.RaftServerConfigKeys (ConfUtils.java:logGet(43)) - raft.server.rpcslowness.timeout = 120s (custom)
2019-07-13 20:38:38,409 INFO  server.RaftServerConfigKeys (ConfUtils.java:logGet(43)) - raft.server.sleep.deviation.threshold = 300 (default)
2019-07-13 20:38:38,409 INFO  server.RaftServerConfigKeys (ConfUtils.java:logGet(43)) - raft.server.log.appender.install.snapshot.enabled = false (custom)
2019-07-13 20:38:38,409 INFO  storage.RaftStorageDirectory (RaftStorageDirectory.java:analyzeStorage(246)) - The storage directory /tmp/workdir/hadoop-ozone/integration-test/target/test-dir/MiniOzoneClusterImpl-9132184a-f07b-4f43-a579-05aa7b8c0a23/datanode-3/data/ratis/17768fd0-7810-464d-a337-5018c0ee5c5b does not exist. Creating ...
2019-07-13 20:38:38,409 INFO  impl.RaftServerImpl (ServerState.java:<init>(105)) - 4c380176-de97-462b-b46a-a80e4c1ce125:group-5018C0EE5C5B ConfigurationManager, init=-1: [9bc81915-8fdf-4499-89b4-39fb809057e6:192.168.5.168:33111, 4c380176-de97-462b-b46a-a80e4c1ce125:192.168.5.168:39172, 3f97cf59-2b26-42fa-8304-f8ca7a5f916b:192.168.5.168:32982], old=null, confs=<EMPTY_MAP>
2019-07-13 20:38:38,409 INFO  server.RaftServerConfigKeys (ConfUtils.java:logGet(43)) - raft.server.storage.dir = [/tmp/workdir/hadoop-ozone/integration-test/target/test-dir/MiniOzoneClusterImpl-9132184a-f07b-4f43-a579-05aa7b8c0a23/datanode-4/data/ratis] (custom)
2019-07-13 20:38:38,410 INFO  storage.RaftStorageDirectory (RaftStorageDirectory.java:analyzeStorage(246)) - The storage directory /tmp/workdir/hadoop-ozone/integration-test/target/test-dir/MiniOzoneClusterImpl-9132184a-f07b-4f43-a579-05aa7b8c0a23/datanode-4/data/ratis/17768fd0-7810-464d-a337-5018c0ee5c5b does not exist. Creating ...
2019-07-13 20:38:38,414 INFO  storage.RaftStorageDirectory (RaftStorageDirectory.java:tryLock(328)) - Lock on /tmp/workdir/hadoop-ozone/integration-test/target/test-dir/MiniOzoneClusterImpl-9132184a-f07b-4f43-a579-05aa7b8c0a23/datanode-3/data/ratis/17768fd0-7810-464d-a337-5018c0ee5c5b/in_use.lock acquired by nodename 32015@trunk-nightly-6qp7m-2461138711
2019-07-13 20:38:38,414 INFO  storage.RaftStorageDirectory (RaftStorageDirectory.java:tryLock(328)) - Lock on /tmp/workdir/hadoop-ozone/integration-test/target/test-dir/MiniOzoneClusterImpl-9132184a-f07b-4f43-a579-05aa7b8c0a23/datanode-5/data/ratis/17768fd0-7810-464d-a337-5018c0ee5c5b/in_use.lock acquired by nodename 32015@trunk-nightly-6qp7m-2461138711
2019-07-13 20:38:38,420 INFO  storage.RaftStorageDirectory (RaftStorageDirectory.java:tryLock(328)) - Lock on /tmp/workdir/hadoop-ozone/integration-test/target/test-dir/MiniOzoneClusterImpl-9132184a-f07b-4f43-a579-05aa7b8c0a23/datanode-4/data/ratis/17768fd0-7810-464d-a337-5018c0ee5c5b/in_use.lock acquired by nodename 32015@trunk-nightly-6qp7m-2461138711
2019-07-13 20:38:38,424 INFO  storage.RaftStorage (RaftStorage.java:format(72)) - Storage directory /tmp/workdir/hadoop-ozone/integration-test/target/test-dir/MiniOzoneClusterImpl-9132184a-f07b-4f43-a579-05aa7b8c0a23/datanode-3/data/ratis/17768fd0-7810-464d-a337-5018c0ee5c5b has been successfully formatted.
2019-07-13 20:38:38,426 INFO  storage.RaftStorage (RaftStorage.java:format(72)) - Storage directory /tmp/workdir/hadoop-ozone/integration-test/target/test-dir/MiniOzoneClusterImpl-9132184a-f07b-4f43-a579-05aa7b8c0a23/datanode-5/data/ratis/17768fd0-7810-464d-a337-5018c0ee5c5b has been successfully formatted.
2019-07-13 20:38:38,430 INFO  ratis.ContainerStateMachine (ContainerStateMachine.java:loadSnapshot(200)) - The snapshot info is null.Setting the last applied index to:(t:0, i:~)
2019-07-13 20:38:38,430 INFO  ratis.ContainerStateMachine (ContainerStateMachine.java:loadSnapshot(200)) - The snapshot info is null.Setting the last applied index to:(t:0, i:~)
2019-07-13 20:38:38,430 INFO  server.RaftServerConfigKeys (ConfUtils.java:logGet(43)) - raft.server.leader.election.timeout = 120s (custom)
2019-07-13 20:38:38,431 INFO  server.RaftServerConfigKeys (ConfUtils.java:logGet(43)) - raft.server.leader.election.timeout = 120s (custom)
2019-07-13 20:38:38,431 INFO  server.RaftServerConfigKeys (ConfUtils.java:logGet(43)) - raft.server.log.use.memory = false (default)
2019-07-13 20:38:38,431 INFO  server.RaftServerConfigKeys (ConfUtils.java:logGet(43)) - raft.server.log.use.memory = false (default)
2019-07-13 20:38:38,431 INFO  server.RaftServerConfigKeys (ConfUtils.java:logGet(43)) - raft.server.log.purge.gap = 1000000000 (custom)
2019-07-13 20:38:38,431 INFO  server.RaftServerConfigKeys (ConfUtils.java:logGet(43)) - raft.server.log.purge.gap = 1000000000 (custom)
2019-07-13 20:38:38,431 INFO  server.RaftServerConfigKeys (ConfUtils.java:logGet(43)) - raft.server.log.appender.buffer.byte-limit = 33554432 (custom)
2019-07-13 20:38:38,431 INFO  server.RaftServerConfigKeys (ConfUtils.java:logGet(43)) - raft.server.log.appender.buffer.byte-limit = 33554432 (custom)
2019-07-13 20:38:38,432 INFO  server.RaftServerConfigKeys (ConfUtils.java:logGet(43)) - raft.server.log.segment.size.max = 1048576 (custom)
2019-07-13 20:38:38,432 INFO  server.RaftServerConfigKeys (ConfUtils.java:logGet(43)) - raft.server.log.segment.size.max = 1048576 (custom)
2019-07-13 20:38:38,432 INFO  server.RaftServerConfigKeys (ConfUtils.java:logGet(43)) - raft.server.log.segment.cache.num.max = 2 (custom)
2019-07-13 20:38:38,432 INFO  server.RaftServerConfigKeys (ConfUtils.java:logGet(43)) - raft.server.log.segment.cache.num.max = 2 (custom)
2019-07-13 20:38:38,432 INFO  segmented.SegmentedRaftLogWorker (SegmentedRaftLogWorker.java:<init>(172)) - new 9bc81915-8fdf-4499-89b4-39fb809057e6-SegmentedRaftLogWorker:Storage Directory /tmp/workdir/hadoop-ozone/integration-test/target/test-dir/MiniOzoneClusterImpl-9132184a-f07b-4f43-a579-05aa7b8c0a23/datanode-3/data/ratis/17768fd0-7810-464d-a337-5018c0ee5c5b for RaftStorage:Storage Directory /tmp/workdir/hadoop-ozone/integration-test/target/test-dir/MiniOzoneClusterImpl-9132184a-f07b-4f43-a579-05aa7b8c0a23/datanode-3/data/ratis/17768fd0-7810-464d-a337-5018c0ee5c5b
2019-07-13 20:38:38,432 INFO  segmented.SegmentedRaftLogWorker (SegmentedRaftLogWorker.java:<init>(172)) - new 3f97cf59-2b26-42fa-8304-f8ca7a5f916b-SegmentedRaftLogWorker:Storage Directory /tmp/workdir/hadoop-ozone/integration-test/target/test-dir/MiniOzoneClusterImpl-9132184a-f07b-4f43-a579-05aa7b8c0a23/datanode-5/data/ratis/17768fd0-7810-464d-a337-5018c0ee5c5b for RaftStorage:Storage Directory /tmp/workdir/hadoop-ozone/integration-test/target/test-dir/MiniOzoneClusterImpl-9132184a-f07b-4f43-a579-05aa7b8c0a23/datanode-5/data/ratis/17768fd0-7810-464d-a337-5018c0ee5c5b
2019-07-13 20:38:38,433 INFO  server.RaftServerConfigKeys (ConfUtils.java:logGet(43)) - raft.server.log.queue.byte-limit = 2147483647 (custom)
2019-07-13 20:38:38,433 INFO  server.RaftServerConfigKeys (ConfUtils.java:logGet(43)) - raft.server.log.queue.byte-limit = 2147483647 (custom)
2019-07-13 20:38:38,433 INFO  server.RaftServerConfigKeys (ConfUtils.java:logGet(43)) - raft.server.log.queue.element-limit = 1024 (custom)
2019-07-13 20:38:38,433 INFO  server.RaftServerConfigKeys (ConfUtils.java:logGet(43)) - raft.server.log.queue.element-limit = 1024 (custom)
2019-07-13 20:38:38,433 INFO  server.RaftServerConfigKeys (ConfUtils.java:logGet(43)) - raft.server.log.segment.size.max = 1048576 (custom)
2019-07-13 20:38:38,433 INFO  server.RaftServerConfigKeys (ConfUtils.java:logGet(43)) - raft.server.log.segment.size.max = 1048576 (custom)
2019-07-13 20:38:38,433 INFO  server.RaftServerConfigKeys (ConfUtils.java:logGet(43)) - raft.server.log.preallocated.size = 16384 (custom)
2019-07-13 20:38:38,434 INFO  server.RaftServerConfigKeys (ConfUtils.java:logGet(43)) - raft.server.log.preallocated.size = 16384 (custom)
2019-07-13 20:38:38,434 INFO  server.RaftServerConfigKeys (ConfUtils.java:logGet(43)) - raft.server.log.write.buffer.size = 33554432 (custom)
2019-07-13 20:38:38,434 INFO  server.RaftServerConfigKeys (ConfUtils.java:logGet(43)) - raft.server.log.write.buffer.size = 33554432 (custom)
2019-07-13 20:38:38,434 INFO  server.RaftServerConfigKeys (ConfUtils.java:logGet(43)) - raft.server.log.force.sync.num = 128 (default)
2019-07-13 20:38:38,434 INFO  server.RaftServerConfigKeys (ConfUtils.java:logGet(43)) - raft.server.log.force.sync.num = 128 (default)
2019-07-13 20:38:38,434 INFO  server.RaftServerConfigKeys (ConfUtils.java:logGet(43)) - raft.server.log.statemachine.data.sync = true (default)
2019-07-13 20:38:38,435 INFO  storage.RaftStorage (RaftStorage.java:format(72)) - Storage directory /tmp/workdir/hadoop-ozone/integration-test/target/test-dir/MiniOzoneClusterImpl-9132184a-f07b-4f43-a579-05aa7b8c0a23/datanode-4/data/ratis/17768fd0-7810-464d-a337-5018c0ee5c5b has been successfully formatted.
2019-07-13 20:38:38,434 INFO  server.RaftServerConfigKeys (ConfUtils.java:logGet(43)) - raft.server.log.statemachine.data.sync = true (default)
2019-07-13 20:38:38,435 INFO  ratis.ContainerStateMachine (ContainerStateMachine.java:loadSnapshot(200)) - The snapshot info is null.Setting the last applied index to:(t:0, i:~)
2019-07-13 20:38:38,435 INFO  server.RaftServerConfigKeys (ConfUtils.java:logGet(43)) - raft.server.log.statemachine.data.sync.timeout = 10s (default)
2019-07-13 20:38:38,435 INFO  server.RaftServerConfigKeys (ConfUtils.java:logGet(43)) - raft.server.leader.election.timeout = 120s (custom)
2019-07-13 20:38:38,435 INFO  server.RaftServerConfigKeys (ConfUtils.java:logGet(43)) - raft.server.log.use.memory = false (default)
2019-07-13 20:38:38,435 INFO  server.RaftServerConfigKeys (ConfUtils.java:logGet(43)) - raft.server.log.statemachine.data.sync.timeout = 10s (default)
2019-07-13 20:38:38,436 INFO  server.RaftServerConfigKeys (ConfUtils.java:logGet(43)) - raft.server.log.purge.gap = 1000000000 (custom)
2019-07-13 20:38:38,435 INFO  server.RaftServerConfigKeys (ConfUtils.java:logGet(43)) - raft.server.log.statemachine.data.sync.timeout.retry = -1 (default)
2019-07-13 20:38:38,436 INFO  server.RaftServerConfigKeys (ConfUtils.java:logGet(43)) - raft.server.log.appender.buffer.byte-limit = 33554432 (custom)
2019-07-13 20:38:38,436 INFO  server.RaftServerConfigKeys (ConfUtils.java:logGet(43)) - raft.server.log.statemachine.data.sync.timeout.retry = -1 (default)
2019-07-13 20:38:38,436 INFO  server.RaftServerConfigKeys (ConfUtils.java:logGet(43)) - raft.server.log.segment.size.max = 1048576 (custom)
2019-07-13 20:38:38,436 INFO  server.RaftServerConfigKeys (ConfUtils.java:logGet(43)) - raft.server.log.statemachine.data.caching.enabled = true (custom)
2019-07-13 20:38:38,437 INFO  server.RaftServerConfigKeys (ConfUtils.java:logGet(43)) - raft.server.log.segment.cache.num.max = 2 (custom)
2019-07-13 20:38:38,436 INFO  server.RaftServerConfigKeys (ConfUtils.java:logGet(43)) - raft.server.log.statemachine.data.caching.enabled = true (custom)
2019-07-13 20:38:38,437 INFO  segmented.SegmentedRaftLogWorker (SegmentedRaftLogWorker.java:lambda$new$0(132)) - 9bc81915-8fdf-4499-89b4-39fb809057e6-SegmentedRaftLogWorker:Storage Directory /tmp/workdir/hadoop-ozone/integration-test/target/test-dir/MiniOzoneClusterImpl-9132184a-f07b-4f43-a579-05aa7b8c0a23/datanode-3/data/ratis/17768fd0-7810-464d-a337-5018c0ee5c5b: flushIndex: setUnconditionally 0 -> -1
2019-07-13 20:38:38,437 INFO  segmented.SegmentedRaftLogWorker (SegmentedRaftLogWorker.java:<init>(172)) - new 4c380176-de97-462b-b46a-a80e4c1ce125-SegmentedRaftLogWorker:Storage Directory /tmp/workdir/hadoop-ozone/integration-test/target/test-dir/MiniOzoneClusterImpl-9132184a-f07b-4f43-a579-05aa7b8c0a23/datanode-4/data/ratis/17768fd0-7810-464d-a337-5018c0ee5c5b for RaftStorage:Storage Directory /tmp/workdir/hadoop-ozone/integration-test/target/test-dir/MiniOzoneClusterImpl-9132184a-f07b-4f43-a579-05aa7b8c0a23/datanode-4/data/ratis/17768fd0-7810-464d-a337-5018c0ee5c5b
2019-07-13 20:38:38,437 INFO  segmented.SegmentedRaftLogWorker (SegmentedRaftLogWorker.java:lambda$new$0(132)) - 3f97cf59-2b26-42fa-8304-f8ca7a5f916b-SegmentedRaftLogWorker:Storage Directory /tmp/workdir/hadoop-ozone/integration-test/target/test-dir/MiniOzoneClusterImpl-9132184a-f07b-4f43-a579-05aa7b8c0a23/datanode-5/data/ratis/17768fd0-7810-464d-a337-5018c0ee5c5b: flushIndex: setUnconditionally 0 -> -1
2019-07-13 20:38:38,437 INFO  server.RaftServerConfigKeys (ConfUtils.java:logGet(43)) - raft.server.snapshot.auto.trigger.enabled = true (custom)
2019-07-13 20:38:38,437 INFO  server.RaftServerConfigKeys (ConfUtils.java:logGet(43)) - raft.server.log.queue.byte-limit = 2147483647 (custom)
2019-07-13 20:38:38,438 INFO  server.RaftServerConfigKeys (ConfUtils.java:logGet(43)) - raft.server.snapshot.auto.trigger.enabled = true (custom)
2019-07-13 20:38:38,438 INFO  server.RaftServerConfigKeys (ConfUtils.java:logGet(43)) - raft.server.snapshot.auto.trigger.threshold = 10000 (custom)
2019-07-13 20:38:38,438 INFO  server.RaftServerConfigKeys (ConfUtils.java:logGet(43)) - raft.server.snapshot.auto.trigger.threshold = 10000 (custom)
2019-07-13 20:38:38,438 INFO  server.RaftServerConfigKeys (ConfUtils.java:logGet(43)) - raft.server.log.queue.element-limit = 1024 (custom)
2019-07-13 20:38:38,438 INFO  server.RaftServerConfigKeys (ConfUtils.java:logGet(43)) - raft.server.retrycache.expirytime = 600000ms (custom)
2019-07-13 20:38:38,438 INFO  server.RaftServerConfigKeys (ConfUtils.java:logGet(43)) - raft.server.retrycache.expirytime = 600000ms (custom)
2019-07-13 20:38:38,439 INFO  impl.RaftServerImpl (RaftServerImpl.java:start(180)) - 3f97cf59-2b26-42fa-8304-f8ca7a5f916b: start group-5018C0EE5C5B
2019-07-13 20:38:38,438 INFO  server.RaftServerConfigKeys (ConfUtils.java:logGet(43)) - raft.server.log.segment.size.max = 1048576 (custom)
2019-07-13 20:38:38,439 INFO  impl.RaftServerImpl (RaftServerImpl.java:setRole(171)) - 3f97cf59-2b26-42fa-8304-f8ca7a5f916b:group-5018C0EE5C5B changes role from null to FOLLOWER at term 0 for startAsFollower
2019-07-13 20:38:38,439 INFO  impl.RaftServerImpl (RaftServerImpl.java:start(180)) - 9bc81915-8fdf-4499-89b4-39fb809057e6: start group-5018C0EE5C5B
2019-07-13 20:38:38,439 INFO  impl.RoleInfo (RoleInfo.java:updateAndGet(143)) - 3f97cf59-2b26-42fa-8304-f8ca7a5f916b: start FollowerState
2019-07-13 20:38:38,439 INFO  server.RaftServerConfigKeys (ConfUtils.java:logGet(43)) - raft.server.log.preallocated.size = 16384 (custom)
2019-07-13 20:38:38,439 INFO  impl.RaftServerImpl (RaftServerImpl.java:setRole(171)) - 9bc81915-8fdf-4499-89b4-39fb809057e6:group-5018C0EE5C5B changes role from null to FOLLOWER at term 0 for startAsFollower
2019-07-13 20:38:38,440 INFO  server.RaftServerConfigKeys (ConfUtils.java:logGet(43)) - raft.server.log.write.buffer.size = 33554432 (custom)
2019-07-13 20:38:38,440 INFO  util.JmxRegister (JmxRegister.java:tryRegister(44)) - Successfully registered JMX Bean with object name Ratis:service=RaftServer,group=group-5018C0EE5C5B,id=3f97cf59-2b26-42fa-8304-f8ca7a5f916b
2019-07-13 20:38:38,440 INFO  impl.RoleInfo (RoleInfo.java:updateAndGet(143)) - 9bc81915-8fdf-4499-89b4-39fb809057e6: start FollowerState
2019-07-13 20:38:38,440 INFO  server.RaftServerConfigKeys (ConfUtils.java:logGet(43)) - raft.server.log.force.sync.num = 128 (default)
2019-07-13 20:38:38,440 INFO  server.RaftServerConfigKeys (ConfUtils.java:logGet(43)) - raft.server.log.statemachine.data.sync = true (default)
2019-07-13 20:38:38,441 INFO  server.RaftServerConfigKeys (ConfUtils.java:logGet(43)) - raft.server.log.statemachine.data.sync.timeout = 10s (default)
2019-07-13 20:38:38,441 INFO  util.JmxRegister (JmxRegister.java:tryRegister(44)) - Successfully registered JMX Bean with object name Ratis:service=RaftServer,group=group-5018C0EE5C5B,id=9bc81915-8fdf-4499-89b4-39fb809057e6
2019-07-13 20:38:38,441 INFO  server.RaftServerConfigKeys (ConfUtils.java:logGet(43)) - raft.server.log.statemachine.data.sync.timeout.retry = -1 (default)
2019-07-13 20:38:38,441 INFO  server.RaftServerConfigKeys (ConfUtils.java:logGet(43)) - raft.server.log.statemachine.data.caching.enabled = true (custom)
2019-07-13 20:38:38,441 INFO  segmented.SegmentedRaftLogWorker (SegmentedRaftLogWorker.java:lambda$new$0(132)) - 4c380176-de97-462b-b46a-a80e4c1ce125-SegmentedRaftLogWorker:Storage Directory /tmp/workdir/hadoop-ozone/integration-test/target/test-dir/MiniOzoneClusterImpl-9132184a-f07b-4f43-a579-05aa7b8c0a23/datanode-4/data/ratis/17768fd0-7810-464d-a337-5018c0ee5c5b: flushIndex: setUnconditionally 0 -> -1
2019-07-13 20:38:38,442 INFO  server.RaftServerConfigKeys (ConfUtils.java:logGet(43)) - raft.server.snapshot.auto.trigger.enabled = true (custom)
2019-07-13 20:38:38,442 INFO  server.RaftServerConfigKeys (ConfUtils.java:logGet(43)) - raft.server.snapshot.auto.trigger.threshold = 10000 (custom)
2019-07-13 20:38:38,442 INFO  server.RaftServerConfigKeys (ConfUtils.java:logGet(43)) - raft.server.retrycache.expirytime = 600000ms (custom)
2019-07-13 20:38:38,442 INFO  impl.RaftServerImpl (RaftServerImpl.java:start(180)) - 4c380176-de97-462b-b46a-a80e4c1ce125: start group-5018C0EE5C5B
2019-07-13 20:38:38,442 INFO  impl.RaftServerImpl (RaftServerImpl.java:setRole(171)) - 4c380176-de97-462b-b46a-a80e4c1ce125:group-5018C0EE5C5B changes role from null to FOLLOWER at term 0 for startAsFollower
2019-07-13 20:38:38,442 INFO  impl.RoleInfo (RoleInfo.java:updateAndGet(143)) - 4c380176-de97-462b-b46a-a80e4c1ce125: start FollowerState
2019-07-13 20:38:38,443 INFO  util.JmxRegister (JmxRegister.java:tryRegister(44)) - Successfully registered JMX Bean with object name Ratis:service=RaftServer,group=group-5018C0EE5C5B,id=4c380176-de97-462b-b46a-a80e4c1ce125
2019-07-13 20:38:38,445 INFO  pipeline.PipelineStateManager (PipelineStateManager.java:addPipeline(56)) - Created pipeline Pipeline[ Id: 17768fd0-7810-464d-a337-5018c0ee5c5b, Nodes: 9bc81915-8fdf-4499-89b4-39fb809057e6{ip: 192.168.5.168, host: trunk-nightly-6qp7m-2461138711, networkLocation: /default-rack, certSerialId: null}3f97cf59-2b26-42fa-8304-f8ca7a5f916b{ip: 192.168.5.168, host: trunk-nightly-6qp7m-2461138711, networkLocation: /default-rack, certSerialId: null}4c380176-de97-462b-b46a-a80e4c1ce125{ip: 192.168.5.168, host: trunk-nightly-6qp7m-2461138711, networkLocation: /default-rack, certSerialId: null}, Type:RATIS, Factor:THREE, State:OPEN]
2019-07-13 20:38:39,407 INFO  ozone.MiniOzoneClusterImpl (MiniOzoneClusterImpl.java:lambda$waitForClusterToBeReady$0(142)) - Cluster is ready. Got 7 of 7 DN Heartbeats.
2019-07-13 20:38:39,449 INFO  rpc.RpcClient (RpcClient.java:createVolume(287)) - Creating Volume: testblockoutputstream, with jenkins1000 as owner.
2019-07-13 20:38:39,470 INFO  rpc.RpcClient (RpcClient.java:createBucket(424)) - Creating Bucket: testblockoutputstream/testblockoutputstream, with Versioning false and Storage Type set to DISK and Encryption set to false 
2019-07-13 20:38:39,508 INFO  client.GrpcClientProtocolClient (GrpcClientProtocolClient.java:onNext(255)) - client-949325C949F2->43e3b32e-2140-4fa1-8836-a25b5f48f789: receive RaftClientReply:client-949325C949F2->43e3b32e-2140-4fa1-8836-a25b5f48f789@group-17759DAF4A2F, cid=278, FAILED org.apache.ratis.protocol.NotLeaderException: Server 43e3b32e-2140-4fa1-8836-a25b5f48f789 is not the leader (null). Request must be sent to leader., logIndex=0, commits[43e3b32e-2140-4fa1-8836-a25b5f48f789:c-1]
2019-07-13 20:38:40,368 INFO  container.ReplicationManager (ReplicationManager.java:start(155)) - Starting Replication Monitor Thread.
2019-07-13 20:38:40,373 INFO  container.ReplicationManager (ReplicationManager.java:run(207)) - Replication Monitor Thread took 0 milliseconds for processing 1 containers.
2019-07-13 20:38:40,535 INFO  client.GrpcClientProtocolClient (GrpcClientProtocolClient.java:onNext(255)) - client-949325C949F2->462e9187-1bd9-45e4-a728-a3c0f536132c: receive RaftClientReply:client-949325C949F2->462e9187-1bd9-45e4-a728-a3c0f536132c@group-17759DAF4A2F, cid=278, FAILED org.apache.ratis.protocol.NotLeaderException: Server 462e9187-1bd9-45e4-a728-a3c0f536132c is not the leader (null). Request must be sent to leader., logIndex=0, commits[462e9187-1bd9-45e4-a728-a3c0f536132c:c-1]
2019-07-13 20:38:41,545 INFO  client.GrpcClientProtocolClient (GrpcClientProtocolClient.java:onNext(255)) - client-949325C949F2->43e3b32e-2140-4fa1-8836-a25b5f48f789: receive RaftClientReply:client-949325C949F2->43e3b32e-2140-4fa1-8836-a25b5f48f789@group-17759DAF4A2F, cid=278, FAILED org.apache.ratis.protocol.NotLeaderException: Server 43e3b32e-2140-4fa1-8836-a25b5f48f789 is not the leader (null). Request must be sent to leader., logIndex=0, commits[43e3b32e-2140-4fa1-8836-a25b5f48f789:c-1]
2019-07-13 20:38:42,531 INFO  impl.FollowerState (FollowerState.java:run(106)) - 2905612f-b574-451f-ad33-d2857cb35c1a:group-DA58A1817514 changes to CANDIDATE, lastRpcTime:5120, electionTimeout:5120ms
2019-07-13 20:38:42,532 INFO  impl.RoleInfo (RoleInfo.java:shutdownFollowerState(121)) - 2905612f-b574-451f-ad33-d2857cb35c1a: shutdown FollowerState
2019-07-13 20:38:42,532 INFO  impl.RaftServerImpl (RaftServerImpl.java:setRole(171)) - 2905612f-b574-451f-ad33-d2857cb35c1a:group-DA58A1817514 changes role from FOLLOWER to CANDIDATE at term 0 for changeToCandidate
2019-07-13 20:38:42,532 INFO  impl.RoleInfo (RoleInfo.java:updateAndGet(143)) - 2905612f-b574-451f-ad33-d2857cb35c1a: start LeaderElection
2019-07-13 20:38:42,547 INFO  impl.LeaderElection (LeaderElection.java:askForVotes(181)) - 2905612f-b574-451f-ad33-d2857cb35c1a:group-DA58A1817514:LeaderElection100: begin an election at term 1 for -1: [2905612f-b574-451f-ad33-d2857cb35c1a:192.168.5.168:43082], old=null
2019-07-13 20:38:42,548 INFO  impl.RoleInfo (RoleInfo.java:shutdownLeaderElection(134)) - 2905612f-b574-451f-ad33-d2857cb35c1a: shutdown LeaderElection
2019-07-13 20:38:42,548 INFO  impl.RaftServerImpl (RaftServerImpl.java:setRole(171)) - 2905612f-b574-451f-ad33-d2857cb35c1a:group-DA58A1817514 changes role from CANDIDATE to LEADER at term 1 for changeToLeader
2019-07-13 20:38:42,548 INFO  impl.RaftServerImpl (ServerState.java:setLeader(263)) - 2905612f-b574-451f-ad33-d2857cb35c1a:group-DA58A1817514 change Leader from null to 2905612f-b574-451f-ad33-d2857cb35c1a at term 1 for becomeLeader, leader elected after 5141ms
2019-07-13 20:38:42,551 INFO  server.RaftServerConfigKeys (ConfUtils.java:logGet(43)) - raft.server.staging.catchup.gap = 1000 (default)
2019-07-13 20:38:42,551 INFO  server.RaftServerConfigKeys (ConfUtils.java:logGet(43)) - raft.server.rpc.sleep.time = 25ms (default)
2019-07-13 20:38:42,551 INFO  server.RaftServerConfigKeys (ConfUtils.java:logGet(43)) - raft.server.write.element-limit = 4096 (default)
2019-07-13 20:38:42,551 INFO  server.RaftServerConfigKeys (ConfUtils.java:logGet(43)) - raft.server.watch.timeout = 10s (default)
2019-07-13 20:38:42,551 INFO  server.RaftServerConfigKeys (ConfUtils.java:logGet(43)) - raft.server.watch.timeout.denomination = 1s (default)
2019-07-13 20:38:42,551 INFO  server.RaftServerConfigKeys (ConfUtils.java:logGet(43)) - raft.server.watch.element-limit = 65536 (default)
2019-07-13 20:38:42,552 INFO  impl.RoleInfo (RoleInfo.java:updateAndGet(143)) - 2905612f-b574-451f-ad33-d2857cb35c1a: start LeaderState
2019-07-13 20:38:42,552 INFO  segmented.SegmentedRaftLogWorker (SegmentedRaftLogWorker.java:startLogSegment(380)) - 2905612f-b574-451f-ad33-d2857cb35c1a-SegmentedRaftLogWorker:Storage Directory /tmp/workdir/hadoop-ozone/integration-test/target/test-dir/MiniOzoneClusterImpl-9132184a-f07b-4f43-a579-05aa7b8c0a23/datanode-0/data/ratis/f1f458d5-143f-4ff6-ad29-da58a1817514: Starting segment from index:0
2019-07-13 20:38:42,555 INFO  impl.RaftServerImpl (ServerState.java:setRaftConf(361)) - 2905612f-b574-451f-ad33-d2857cb35c1a:group-DA58A1817514 set configuration 0: [2905612f-b574-451f-ad33-d2857cb35c1a:192.168.5.168:43082], old=null at 0
2019-07-13 20:38:42,578 INFO  client.GrpcClientProtocolClient (GrpcClientProtocolClient.java:onNext(255)) - client-949325C949F2->2905612f-b574-451f-ad33-d2857cb35c1a: receive RaftClientReply:client-949325C949F2->2905612f-b574-451f-ad33-d2857cb35c1a@group-17759DAF4A2F, cid=278, FAILED org.apache.ratis.protocol.NotLeaderException: Server 2905612f-b574-451f-ad33-d2857cb35c1a is not the leader (null). Request must be sent to leader., logIndex=0, commits[2905612f-b574-451f-ad33-d2857cb35c1a:c-1]
2019-07-13 20:38:42,582 INFO  segmented.SegmentedRaftLogWorker (SegmentedRaftLogWorker.java:execute(569)) - 2905612f-b574-451f-ad33-d2857cb35c1a-SegmentedRaftLogWorker:Storage Directory /tmp/workdir/hadoop-ozone/integration-test/target/test-dir/MiniOzoneClusterImpl-9132184a-f07b-4f43-a579-05aa7b8c0a23/datanode-0/data/ratis/f1f458d5-143f-4ff6-ad29-da58a1817514: created new log segment /tmp/workdir/hadoop-ozone/integration-test/target/test-dir/MiniOzoneClusterImpl-9132184a-f07b-4f43-a579-05aa7b8c0a23/datanode-0/data/ratis/f1f458d5-143f-4ff6-ad29-da58a1817514/current/log_inprogress_0
2019-07-13 20:38:42,591 INFO  impl.FollowerState (FollowerState.java:run(106)) - 43e3b32e-2140-4fa1-8836-a25b5f48f789:group-7A3892B9D70B changes to CANDIDATE, lastRpcTime:5031, electionTimeout:5031ms
2019-07-13 20:38:42,591 INFO  impl.RoleInfo (RoleInfo.java:shutdownFollowerState(121)) - 43e3b32e-2140-4fa1-8836-a25b5f48f789: shutdown FollowerState
2019-07-13 20:38:42,591 INFO  impl.RaftServerImpl (RaftServerImpl.java:setRole(171)) - 43e3b32e-2140-4fa1-8836-a25b5f48f789:group-7A3892B9D70B changes role from FOLLOWER to CANDIDATE at term 0 for changeToCandidate
2019-07-13 20:38:42,591 INFO  impl.RoleInfo (RoleInfo.java:updateAndGet(143)) - 43e3b32e-2140-4fa1-8836-a25b5f48f789: start LeaderElection
2019-07-13 20:38:42,602 INFO  impl.LeaderElection (LeaderElection.java:askForVotes(181)) - 43e3b32e-2140-4fa1-8836-a25b5f48f789:group-7A3892B9D70B:LeaderElection101: begin an election at term 1 for -1: [43e3b32e-2140-4fa1-8836-a25b5f48f789:192.168.5.168:32942], old=null
2019-07-13 20:38:42,602 INFO  impl.RoleInfo (RoleInfo.java:shutdownLeaderElection(134)) - 43e3b32e-2140-4fa1-8836-a25b5f48f789: shutdown LeaderElection
2019-07-13 20:38:42,602 INFO  impl.RaftServerImpl (RaftServerImpl.java:setRole(171)) - 43e3b32e-2140-4fa1-8836-a25b5f48f789:group-7A3892B9D70B changes role from CANDIDATE to LEADER at term 1 for changeToLeader
2019-07-13 20:38:42,602 INFO  impl.RaftServerImpl (ServerState.java:setLeader(263)) - 43e3b32e-2140-4fa1-8836-a25b5f48f789:group-7A3892B9D70B change Leader from null to 43e3b32e-2140-4fa1-8836-a25b5f48f789 at term 1 for becomeLeader, leader elected after 5046ms
2019-07-13 20:38:42,604 INFO  server.RaftServerConfigKeys (ConfUtils.java:logGet(43)) - raft.server.staging.catchup.gap = 1000 (default)
2019-07-13 20:38:42,605 INFO  server.RaftServerConfigKeys (ConfUtils.java:logGet(43)) - raft.server.rpc.sleep.time = 25ms (default)
2019-07-13 20:38:42,605 INFO  server.RaftServerConfigKeys (ConfUtils.java:logGet(43)) - raft.server.write.element-limit = 4096 (default)
2019-07-13 20:38:42,605 INFO  server.RaftServerConfigKeys (ConfUtils.java:logGet(43)) - raft.server.watch.timeout = 10s (default)
2019-07-13 20:38:42,605 INFO  server.RaftServerConfigKeys (ConfUtils.java:logGet(43)) - raft.server.watch.timeout.denomination = 1s (default)
2019-07-13 20:38:42,605 INFO  server.RaftServerConfigKeys (ConfUtils.java:logGet(43)) - raft.server.watch.element-limit = 65536 (default)
2019-07-13 20:38:42,605 INFO  impl.RoleInfo (RoleInfo.java:updateAndGet(143)) - 43e3b32e-2140-4fa1-8836-a25b5f48f789: start LeaderState
2019-07-13 20:38:42,606 INFO  segmented.SegmentedRaftLogWorker (SegmentedRaftLogWorker.java:startLogSegment(380)) - 43e3b32e-2140-4fa1-8836-a25b5f48f789-SegmentedRaftLogWorker:Storage Directory /tmp/workdir/hadoop-ozone/integration-test/target/test-dir/MiniOzoneClusterImpl-9132184a-f07b-4f43-a579-05aa7b8c0a23/datanode-1/data/ratis/d14cd13f-5f3b-4278-8d45-7a3892b9d70b: Starting segment from index:0
2019-07-13 20:38:42,606 INFO  impl.RaftServerImpl (ServerState.java:setRaftConf(361)) - 43e3b32e-2140-4fa1-8836-a25b5f48f789:group-7A3892B9D70B set configuration 0: [43e3b32e-2140-4fa1-8836-a25b5f48f789:192.168.5.168:32942], old=null at 0
2019-07-13 20:38:42,628 INFO  segmented.SegmentedRaftLogWorker (SegmentedRaftLogWorker.java:execute(569)) - 43e3b32e-2140-4fa1-8836-a25b5f48f789-SegmentedRaftLogWorker:Storage Directory /tmp/workdir/hadoop-ozone/integration-test/target/test-dir/MiniOzoneClusterImpl-9132184a-f07b-4f43-a579-05aa7b8c0a23/datanode-1/data/ratis/d14cd13f-5f3b-4278-8d45-7a3892b9d70b: created new log segment /tmp/workdir/hadoop-ozone/integration-test/target/test-dir/MiniOzoneClusterImpl-9132184a-f07b-4f43-a579-05aa7b8c0a23/datanode-1/data/ratis/d14cd13f-5f3b-4278-8d45-7a3892b9d70b/current/log_inprogress_0
2019-07-13 20:38:42,754 INFO  impl.FollowerState (FollowerState.java:run(106)) - 462e9187-1bd9-45e4-a728-a3c0f536132c:group-56F450CAAC30 changes to CANDIDATE, lastRpcTime:5047, electionTimeout:5047ms
2019-07-13 20:38:42,754 INFO  impl.RoleInfo (RoleInfo.java:shutdownFollowerState(121)) - 462e9187-1bd9-45e4-a728-a3c0f536132c: shutdown FollowerState
2019-07-13 20:38:42,754 INFO  impl.RaftServerImpl (RaftServerImpl.java:setRole(171)) - 462e9187-1bd9-45e4-a728-a3c0f536132c:group-56F450CAAC30 changes role from FOLLOWER to CANDIDATE at term 0 for changeToCandidate
2019-07-13 20:38:42,754 INFO  impl.RoleInfo (RoleInfo.java:updateAndGet(143)) - 462e9187-1bd9-45e4-a728-a3c0f536132c: start LeaderElection
2019-07-13 20:38:42,763 INFO  impl.FollowerState (FollowerState.java:run(106)) - 462e9187-1bd9-45e4-a728-a3c0f536132c:group-17759DAF4A2F changes to CANDIDATE, lastRpcTime:5006, electionTimeout:5006ms
2019-07-13 20:38:42,763 INFO  impl.RoleInfo (RoleInfo.java:shutdownFollowerState(121)) - 462e9187-1bd9-45e4-a728-a3c0f536132c: shutdown FollowerState
2019-07-13 20:38:42,763 INFO  impl.RaftServerImpl (RaftServerImpl.java:setRole(171)) - 462e9187-1bd9-45e4-a728-a3c0f536132c:group-17759DAF4A2F changes role from FOLLOWER to CANDIDATE at term 0 for changeToCandidate
2019-07-13 20:38:42,763 INFO  impl.RoleInfo (RoleInfo.java:updateAndGet(143)) - 462e9187-1bd9-45e4-a728-a3c0f536132c: start LeaderElection
2019-07-13 20:38:42,768 INFO  impl.LeaderElection (LeaderElection.java:askForVotes(181)) - 462e9187-1bd9-45e4-a728-a3c0f536132c:group-56F450CAAC30:LeaderElection102: begin an election at term 1 for -1: [462e9187-1bd9-45e4-a728-a3c0f536132c:192.168.5.168:39950], old=null
2019-07-13 20:38:42,769 INFO  impl.RoleInfo (RoleInfo.java:shutdownLeaderElection(134)) - 462e9187-1bd9-45e4-a728-a3c0f536132c: shutdown LeaderElection
2019-07-13 20:38:42,769 INFO  impl.RaftServerImpl (RaftServerImpl.java:setRole(171)) - 462e9187-1bd9-45e4-a728-a3c0f536132c:group-56F450CAAC30 changes role from CANDIDATE to LEADER at term 1 for changeToLeader
2019-07-13 20:38:42,769 INFO  impl.RaftServerImpl (ServerState.java:setLeader(263)) - 462e9187-1bd9-45e4-a728-a3c0f536132c:group-56F450CAAC30 change Leader from null to 462e9187-1bd9-45e4-a728-a3c0f536132c at term 1 for becomeLeader, leader elected after 5066ms
2019-07-13 20:38:42,771 INFO  server.RaftServerConfigKeys (ConfUtils.java:logGet(43)) - raft.server.staging.catchup.gap = 1000 (default)
2019-07-13 20:38:42,771 INFO  server.RaftServerConfigKeys (ConfUtils.java:logGet(43)) - raft.server.rpc.sleep.time = 25ms (default)
2019-07-13 20:38:42,772 INFO  server.RaftServerConfigKeys (ConfUtils.java:logGet(43)) - raft.server.write.element-limit = 4096 (default)
2019-07-13 20:38:42,772 INFO  server.RaftServerConfigKeys (ConfUtils.java:logGet(43)) - raft.server.watch.timeout = 10s (default)
2019-07-13 20:38:42,772 INFO  server.RaftServerConfigKeys (ConfUtils.java:logGet(43)) - raft.server.watch.timeout.denomination = 1s (default)
2019-07-13 20:38:42,772 INFO  server.RaftServerConfigKeys (ConfUtils.java:logGet(43)) - raft.server.watch.element-limit = 65536 (default)
2019-07-13 20:38:42,772 INFO  impl.LeaderElection (LeaderElection.java:askForVotes(181)) - 462e9187-1bd9-45e4-a728-a3c0f536132c:group-17759DAF4A2F:LeaderElection103: begin an election at term 1 for -1: [462e9187-1bd9-45e4-a728-a3c0f536132c:192.168.5.168:39950, 2905612f-b574-451f-ad33-d2857cb35c1a:192.168.5.168:43082, 43e3b32e-2140-4fa1-8836-a25b5f48f789:192.168.5.168:32942], old=null
2019-07-13 20:38:42,772 INFO  impl.RoleInfo (RoleInfo.java:updateAndGet(143)) - 462e9187-1bd9-45e4-a728-a3c0f536132c: start LeaderState
2019-07-13 20:38:42,772 INFO  segmented.SegmentedRaftLogWorker (SegmentedRaftLogWorker.java:startLogSegment(380)) - 462e9187-1bd9-45e4-a728-a3c0f536132c-SegmentedRaftLogWorker:Storage Directory /tmp/workdir/hadoop-ozone/integration-test/target/test-dir/MiniOzoneClusterImpl-9132184a-f07b-4f43-a579-05aa7b8c0a23/datanode-2/data/ratis/ea948c22-3c7f-4262-914b-56f450caac30: Starting segment from index:0
2019-07-13 20:38:42,773 INFO  impl.RaftServerImpl (ServerState.java:setRaftConf(361)) - 462e9187-1bd9-45e4-a728-a3c0f536132c:group-56F450CAAC30 set configuration 0: [462e9187-1bd9-45e4-a728-a3c0f536132c:192.168.5.168:39950], old=null at 0
2019-07-13 20:38:42,777 INFO  impl.RaftServerImpl (RaftServerImpl.java:setRole(171)) - 43e3b32e-2140-4fa1-8836-a25b5f48f789:group-17759DAF4A2F changes role from FOLLOWER to FOLLOWER at term 1 for recognizeCandidate:462e9187-1bd9-45e4-a728-a3c0f536132c
2019-07-13 20:38:42,777 INFO  impl.RaftServerImpl (RaftServerImpl.java:setRole(171)) - 2905612f-b574-451f-ad33-d2857cb35c1a:group-17759DAF4A2F changes role from FOLLOWER to FOLLOWER at term 1 for recognizeCandidate:462e9187-1bd9-45e4-a728-a3c0f536132c
2019-07-13 20:38:42,777 INFO  impl.RoleInfo (RoleInfo.java:shutdownFollowerState(121)) - 43e3b32e-2140-4fa1-8836-a25b5f48f789: shutdown FollowerState
2019-07-13 20:38:42,777 INFO  impl.RoleInfo (RoleInfo.java:shutdownFollowerState(121)) - 2905612f-b574-451f-ad33-d2857cb35c1a: shutdown FollowerState
2019-07-13 20:38:42,777 INFO  impl.FollowerState (FollowerState.java:run(114)) - 43e3b32e-2140-4fa1-8836-a25b5f48f789: FollowerState was interrupted: java.lang.InterruptedException: sleep interrupted
2019-07-13 20:38:42,777 INFO  impl.RoleInfo (RoleInfo.java:updateAndGet(143)) - 43e3b32e-2140-4fa1-8836-a25b5f48f789: start FollowerState
2019-07-13 20:38:42,777 INFO  impl.FollowerState (FollowerState.java:run(114)) - 2905612f-b574-451f-ad33-d2857cb35c1a: FollowerState was interrupted: java.lang.InterruptedException: sleep interrupted
2019-07-13 20:38:42,777 INFO  impl.RoleInfo (RoleInfo.java:updateAndGet(143)) - 2905612f-b574-451f-ad33-d2857cb35c1a: start FollowerState
2019-07-13 20:38:42,797 INFO  segmented.SegmentedRaftLogWorker (SegmentedRaftLogWorker.java:execute(569)) - 462e9187-1bd9-45e4-a728-a3c0f536132c-SegmentedRaftLogWorker:Storage Directory /tmp/workdir/hadoop-ozone/integration-test/target/test-dir/MiniOzoneClusterImpl-9132184a-f07b-4f43-a579-05aa7b8c0a23/datanode-2/data/ratis/ea948c22-3c7f-4262-914b-56f450caac30: created new log segment /tmp/workdir/hadoop-ozone/integration-test/target/test-dir/MiniOzoneClusterImpl-9132184a-f07b-4f43-a579-05aa7b8c0a23/datanode-2/data/ratis/ea948c22-3c7f-4262-914b-56f450caac30/current/log_inprogress_0
2019-07-13 20:38:42,802 INFO  impl.LeaderElection (LeaderElection.java:logAndReturn(56)) - 462e9187-1bd9-45e4-a728-a3c0f536132c:group-17759DAF4A2F:LeaderElection103: Election PASSED; received 1 response(s) [462e9187-1bd9-45e4-a728-a3c0f536132c<-2905612f-b574-451f-ad33-d2857cb35c1a#0:OK-t1] and 0 exception(s); 462e9187-1bd9-45e4-a728-a3c0f536132c:t1, leader=null, voted=462e9187-1bd9-45e4-a728-a3c0f536132c, raftlog=462e9187-1bd9-45e4-a728-a3c0f536132c-SegmentedRaftLog:OPENED:c-1,f-1,i0, conf=-1: [462e9187-1bd9-45e4-a728-a3c0f536132c:192.168.5.168:39950, 2905612f-b574-451f-ad33-d2857cb35c1a:192.168.5.168:43082, 43e3b32e-2140-4fa1-8836-a25b5f48f789:192.168.5.168:32942], old=null
2019-07-13 20:38:42,802 INFO  impl.RoleInfo (RoleInfo.java:shutdownLeaderElection(134)) - 462e9187-1bd9-45e4-a728-a3c0f536132c: shutdown LeaderElection
2019-07-13 20:38:42,802 INFO  impl.RaftServerImpl (RaftServerImpl.java:setRole(171)) - 462e9187-1bd9-45e4-a728-a3c0f536132c:group-17759DAF4A2F changes role from CANDIDATE to LEADER at term 1 for changeToLeader
2019-07-13 20:38:42,802 INFO  impl.RaftServerImpl (ServerState.java:setLeader(263)) - 462e9187-1bd9-45e4-a728-a3c0f536132c:group-17759DAF4A2F change Leader from null to 462e9187-1bd9-45e4-a728-a3c0f536132c at term 1 for becomeLeader, leader elected after 5057ms
2019-07-13 20:38:42,803 INFO  server.RaftServerConfigKeys (ConfUtils.java:logGet(43)) - raft.server.staging.catchup.gap = 1000 (default)
2019-07-13 20:38:42,803 INFO  server.RaftServerConfigKeys (ConfUtils.java:logGet(43)) - raft.server.rpc.sleep.time = 25ms (default)
2019-07-13 20:38:42,803 INFO  server.RaftServerConfigKeys (ConfUtils.java:logGet(43)) - raft.server.write.element-limit = 4096 (default)
2019-07-13 20:38:42,803 INFO  server.RaftServerConfigKeys (ConfUtils.java:logGet(43)) - raft.server.watch.timeout = 10s (default)
2019-07-13 20:38:42,803 INFO  server.RaftServerConfigKeys (ConfUtils.java:logGet(43)) - raft.server.watch.timeout.denomination = 1s (default)
2019-07-13 20:38:42,803 INFO  server.RaftServerConfigKeys (ConfUtils.java:logGet(43)) - raft.server.watch.element-limit = 65536 (default)
2019-07-13 20:38:42,803 INFO  server.RaftServerConfigKeys (ConfUtils.java:logGet(43)) - raft.server.log.appender.snapshot.chunk.size.max = 16MB (=16777216) (default)
2019-07-13 20:38:42,804 INFO  server.RaftServerConfigKeys (ConfUtils.java:logGet(43)) - raft.server.log.appender.buffer.byte-limit = 33554432 (custom)
2019-07-13 20:38:42,804 INFO  server.RaftServerConfigKeys (ConfUtils.java:logGet(43)) - raft.server.log.appender.buffer.element-limit = 1 (custom)
2019-07-13 20:38:42,804 INFO  grpc.GrpcConfigKeys$Server (ConfUtils.java:logGet(43)) - raft.grpc.server.leader.outstanding.appends.max = 128 (default)
2019-07-13 20:38:42,804 INFO  server.RaftServerConfigKeys (ConfUtils.java:logGet(43)) - raft.server.rpc.request.timeout = 3000ms (default)
2019-07-13 20:38:42,804 INFO  server.RaftServerConfigKeys (ConfUtils.java:logGet(43)) - raft.server.log.appender.install.snapshot.enabled = false (custom)
2019-07-13 20:38:42,805 INFO  server.RaftServerConfigKeys (ConfUtils.java:logGet(43)) - raft.server.log.appender.snapshot.chunk.size.max = 16MB (=16777216) (default)
2019-07-13 20:38:42,805 INFO  server.RaftServerConfigKeys (ConfUtils.java:logGet(43)) - raft.server.log.appender.buffer.byte-limit = 33554432 (custom)
2019-07-13 20:38:42,805 INFO  server.RaftServerConfigKeys (ConfUtils.java:logGet(43)) - raft.server.log.appender.buffer.element-limit = 1 (custom)
2019-07-13 20:38:42,805 INFO  grpc.GrpcConfigKeys$Server (ConfUtils.java:logGet(43)) - raft.grpc.server.leader.outstanding.appends.max = 128 (default)
2019-07-13 20:38:42,805 INFO  server.RaftServerConfigKeys (ConfUtils.java:logGet(43)) - raft.server.rpc.request.timeout = 3000ms (default)
2019-07-13 20:38:42,806 INFO  server.RaftServerConfigKeys (ConfUtils.java:logGet(43)) - raft.server.log.appender.install.snapshot.enabled = false (custom)
2019-07-13 20:38:42,806 INFO  impl.RoleInfo (RoleInfo.java:updateAndGet(143)) - 462e9187-1bd9-45e4-a728-a3c0f536132c: start LeaderState
2019-07-13 20:38:42,806 INFO  segmented.SegmentedRaftLogWorker (SegmentedRaftLogWorker.java:startLogSegment(380)) - 462e9187-1bd9-45e4-a728-a3c0f536132c-SegmentedRaftLogWorker:Storage Directory /tmp/workdir/hadoop-ozone/integration-test/target/test-dir/MiniOzoneClusterImpl-9132184a-f07b-4f43-a579-05aa7b8c0a23/datanode-2/data/ratis/1b586110-10f4-4cf3-b0aa-17759daf4a2f: Starting segment from index:0
2019-07-13 20:38:42,807 INFO  impl.RaftServerImpl (ServerState.java:setRaftConf(361)) - 462e9187-1bd9-45e4-a728-a3c0f536132c:group-17759DAF4A2F set configuration 0: [462e9187-1bd9-45e4-a728-a3c0f536132c:192.168.5.168:39950, 2905612f-b574-451f-ad33-d2857cb35c1a:192.168.5.168:43082, 43e3b32e-2140-4fa1-8836-a25b5f48f789:192.168.5.168:32942], old=null at 0
2019-07-13 20:38:42,808 INFO  impl.RaftServerImpl (ServerState.java:setLeader(263)) - 43e3b32e-2140-4fa1-8836-a25b5f48f789:group-17759DAF4A2F change Leader from null to 462e9187-1bd9-45e4-a728-a3c0f536132c at term 1 for appendEntries, leader elected after 5059ms
2019-07-13 20:38:42,808 INFO  impl.RaftServerImpl (ServerState.java:setLeader(263)) - 2905612f-b574-451f-ad33-d2857cb35c1a:group-17759DAF4A2F change Leader from null to 462e9187-1bd9-45e4-a728-a3c0f536132c at term 1 for appendEntries, leader elected after 5062ms
2019-07-13 20:38:42,840 INFO  impl.RaftServerImpl (ServerState.java:setRaftConf(361)) - 43e3b32e-2140-4fa1-8836-a25b5f48f789:group-17759DAF4A2F set configuration 0: [462e9187-1bd9-45e4-a728-a3c0f536132c:192.168.5.168:39950, 2905612f-b574-451f-ad33-d2857cb35c1a:192.168.5.168:43082, 43e3b32e-2140-4fa1-8836-a25b5f48f789:192.168.5.168:32942], old=null at 0
2019-07-13 20:38:42,840 INFO  impl.RaftServerImpl (ServerState.java:setRaftConf(361)) - 2905612f-b574-451f-ad33-d2857cb35c1a:group-17759DAF4A2F set configuration 0: [462e9187-1bd9-45e4-a728-a3c0f536132c:192.168.5.168:39950, 2905612f-b574-451f-ad33-d2857cb35c1a:192.168.5.168:43082, 43e3b32e-2140-4fa1-8836-a25b5f48f789:192.168.5.168:32942], old=null at 0
2019-07-13 20:38:42,840 INFO  segmented.SegmentedRaftLogWorker (SegmentedRaftLogWorker.java:startLogSegment(380)) - 43e3b32e-2140-4fa1-8836-a25b5f48f789-SegmentedRaftLogWorker:Storage Directory /tmp/workdir/hadoop-ozone/integration-test/target/test-dir/MiniOzoneClusterImpl-9132184a-f07b-4f43-a579-05aa7b8c0a23/datanode-1/data/ratis/1b586110-10f4-4cf3-b0aa-17759daf4a2f: Starting segment from index:0
2019-07-13 20:38:42,841 INFO  segmented.SegmentedRaftLogWorker (SegmentedRaftLogWorker.java:startLogSegment(380)) - 2905612f-b574-451f-ad33-d2857cb35c1a-SegmentedRaftLogWorker:Storage Directory /tmp/workdir/hadoop-ozone/integration-test/target/test-dir/MiniOzoneClusterImpl-9132184a-f07b-4f43-a579-05aa7b8c0a23/datanode-0/data/ratis/1b586110-10f4-4cf3-b0aa-17759daf4a2f: Starting segment from index:0
2019-07-13 20:38:42,843 INFO  segmented.SegmentedRaftLogWorker (SegmentedRaftLogWorker.java:execute(569)) - 462e9187-1bd9-45e4-a728-a3c0f536132c-SegmentedRaftLogWorker:Storage Directory /tmp/workdir/hadoop-ozone/integration-test/target/test-dir/MiniOzoneClusterImpl-9132184a-f07b-4f43-a579-05aa7b8c0a23/datanode-2/data/ratis/1b586110-10f4-4cf3-b0aa-17759daf4a2f: created new log segment /tmp/workdir/hadoop-ozone/integration-test/target/test-dir/MiniOzoneClusterImpl-9132184a-f07b-4f43-a579-05aa7b8c0a23/datanode-2/data/ratis/1b586110-10f4-4cf3-b0aa-17759daf4a2f/current/log_inprogress_0
2019-07-13 20:38:42,865 INFO  segmented.SegmentedRaftLogWorker (SegmentedRaftLogWorker.java:execute(569)) - 43e3b32e-2140-4fa1-8836-a25b5f48f789-SegmentedRaftLogWorker:Storage Directory /tmp/workdir/hadoop-ozone/integration-test/target/test-dir/MiniOzoneClusterImpl-9132184a-f07b-4f43-a579-05aa7b8c0a23/datanode-1/data/ratis/1b586110-10f4-4cf3-b0aa-17759daf4a2f: created new log segment /tmp/workdir/hadoop-ozone/integration-test/target/test-dir/MiniOzoneClusterImpl-9132184a-f07b-4f43-a579-05aa7b8c0a23/datanode-1/data/ratis/1b586110-10f4-4cf3-b0aa-17759daf4a2f/current/log_inprogress_0
2019-07-13 20:38:42,868 INFO  segmented.SegmentedRaftLogWorker (SegmentedRaftLogWorker.java:execute(569)) - 2905612f-b574-451f-ad33-d2857cb35c1a-SegmentedRaftLogWorker:Storage Directory /tmp/workdir/hadoop-ozone/integration-test/target/test-dir/MiniOzoneClusterImpl-9132184a-f07b-4f43-a579-05aa7b8c0a23/datanode-0/data/ratis/1b586110-10f4-4cf3-b0aa-17759daf4a2f: created new log segment /tmp/workdir/hadoop-ozone/integration-test/target/test-dir/MiniOzoneClusterImpl-9132184a-f07b-4f43-a579-05aa7b8c0a23/datanode-0/data/ratis/1b586110-10f4-4cf3-b0aa-17759daf4a2f/current/log_inprogress_0
2019-07-13 20:38:43,041 INFO  impl.FollowerState (FollowerState.java:run(106)) - 9bc81915-8fdf-4499-89b4-39fb809057e6:group-59673A932695 changes to CANDIDATE, lastRpcTime:5166, electionTimeout:5166ms
2019-07-13 20:38:43,042 INFO  impl.RoleInfo (RoleInfo.java:shutdownFollowerState(121)) - 9bc81915-8fdf-4499-89b4-39fb809057e6: shutdown FollowerState
2019-07-13 20:38:43,042 INFO  impl.RaftServerImpl (RaftServerImpl.java:setRole(171)) - 9bc81915-8fdf-4499-89b4-39fb809057e6:group-59673A932695 changes role from FOLLOWER to CANDIDATE at term 0 for changeToCandidate
2019-07-13 20:38:43,042 INFO  impl.RoleInfo (RoleInfo.java:updateAndGet(143)) - 9bc81915-8fdf-4499-89b4-39fb809057e6: start LeaderElection
2019-07-13 20:38:43,055 INFO  impl.LeaderElection (LeaderElection.java:askForVotes(181)) - 9bc81915-8fdf-4499-89b4-39fb809057e6:group-59673A932695:LeaderElection104: begin an election at term 1 for -1: [9bc81915-8fdf-4499-89b4-39fb809057e6:192.168.5.168:33111], old=null
2019-07-13 20:38:43,056 INFO  impl.RoleInfo (RoleInfo.java:shutdownLeaderElection(134)) - 9bc81915-8fdf-4499-89b4-39fb809057e6: shutdown LeaderElection
2019-07-13 20:38:43,056 INFO  impl.RaftServerImpl (RaftServerImpl.java:setRole(171)) - 9bc81915-8fdf-4499-89b4-39fb809057e6:group-59673A932695 changes role from CANDIDATE to LEADER at term 1 for changeToLeader
2019-07-13 20:38:43,056 INFO  impl.RaftServerImpl (ServerState.java:setLeader(263)) - 9bc81915-8fdf-4499-89b4-39fb809057e6:group-59673A932695 change Leader from null to 9bc81915-8fdf-4499-89b4-39fb809057e6 at term 1 for becomeLeader, leader elected after 5185ms
2019-07-13 20:38:43,058 INFO  server.RaftServerConfigKeys (ConfUtils.java:logGet(43)) - raft.server.staging.catchup.gap = 1000 (default)
2019-07-13 20:38:43,058 INFO  server.RaftServerConfigKeys (ConfUtils.java:logGet(43)) - raft.server.rpc.sleep.time = 25ms (default)
2019-07-13 20:38:43,058 INFO  server.RaftServerConfigKeys (ConfUtils.java:logGet(43)) - raft.server.write.element-limit = 4096 (default)
2019-07-13 20:38:43,058 INFO  server.RaftServerConfigKeys (ConfUtils.java:logGet(43)) - raft.server.watch.timeout = 10s (default)
2019-07-13 20:38:43,058 INFO  server.RaftServerConfigKeys (ConfUtils.java:logGet(43)) - raft.server.watch.timeout.denomination = 1s (default)
2019-07-13 20:38:43,058 INFO  server.RaftServerConfigKeys (ConfUtils.java:logGet(43)) - raft.server.watch.element-limit = 65536 (default)
2019-07-13 20:38:43,059 INFO  impl.RoleInfo (RoleInfo.java:updateAndGet(143)) - 9bc81915-8fdf-4499-89b4-39fb809057e6: start LeaderState
2019-07-13 20:38:43,059 INFO  segmented.SegmentedRaftLogWorker (SegmentedRaftLogWorker.java:startLogSegment(380)) - 9bc81915-8fdf-4499-89b4-39fb809057e6-SegmentedRaftLogWorker:Storage Directory /tmp/workdir/hadoop-ozone/integration-test/target/test-dir/MiniOzoneClusterImpl-9132184a-f07b-4f43-a579-05aa7b8c0a23/datanode-3/data/ratis/e3037a62-65e3-40d6-9819-59673a932695: Starting segment from index:0
2019-07-13 20:38:43,059 INFO  impl.RaftServerImpl (ServerState.java:setRaftConf(361)) - 9bc81915-8fdf-4499-89b4-39fb809057e6:group-59673A932695 set configuration 0: [9bc81915-8fdf-4499-89b4-39fb809057e6:192.168.5.168:33111], old=null at 0
2019-07-13 20:38:43,081 INFO  segmented.SegmentedRaftLogWorker (SegmentedRaftLogWorker.java:execute(569)) - 9bc81915-8fdf-4499-89b4-39fb809057e6-SegmentedRaftLogWorker:Storage Directory /tmp/workdir/hadoop-ozone/integration-test/target/test-dir/MiniOzoneClusterImpl-9132184a-f07b-4f43-a579-05aa7b8c0a23/datanode-3/data/ratis/e3037a62-65e3-40d6-9819-59673a932695: created new log segment /tmp/workdir/hadoop-ozone/integration-test/target/test-dir/MiniOzoneClusterImpl-9132184a-f07b-4f43-a579-05aa7b8c0a23/datanode-3/data/ratis/e3037a62-65e3-40d6-9819-59673a932695/current/log_inprogress_0
2019-07-13 20:38:43,095 INFO  impl.FollowerState (FollowerState.java:run(106)) - 4c380176-de97-462b-b46a-a80e4c1ce125:group-40D2740D2510 changes to CANDIDATE, lastRpcTime:5063, electionTimeout:5063ms
2019-07-13 20:38:43,095 INFO  impl.RoleInfo (RoleInfo.java:shutdownFollowerState(121)) - 4c380176-de97-462b-b46a-a80e4c1ce125: shutdown FollowerState
2019-07-13 20:38:43,095 INFO  impl.RaftServerImpl (RaftServerImpl.java:setRole(171)) - 4c380176-de97-462b-b46a-a80e4c1ce125:group-40D2740D2510 changes role from FOLLOWER to CANDIDATE at term 0 for changeToCandidate
2019-07-13 20:38:43,095 INFO  impl.RoleInfo (RoleInfo.java:updateAndGet(143)) - 4c380176-de97-462b-b46a-a80e4c1ce125: start LeaderElection
2019-07-13 20:38:43,106 INFO  impl.LeaderElection (LeaderElection.java:askForVotes(181)) - 4c380176-de97-462b-b46a-a80e4c1ce125:group-40D2740D2510:LeaderElection105: begin an election at term 1 for -1: [4c380176-de97-462b-b46a-a80e4c1ce125:192.168.5.168:39172], old=null
2019-07-13 20:38:43,107 INFO  impl.RoleInfo (RoleInfo.java:shutdownLeaderElection(134)) - 4c380176-de97-462b-b46a-a80e4c1ce125: shutdown LeaderElection
2019-07-13 20:38:43,107 INFO  impl.RaftServerImpl (RaftServerImpl.java:setRole(171)) - 4c380176-de97-462b-b46a-a80e4c1ce125:group-40D2740D2510 changes role from CANDIDATE to LEADER at term 1 for changeToLeader
2019-07-13 20:38:43,107 INFO  impl.RaftServerImpl (ServerState.java:setLeader(263)) - 4c380176-de97-462b-b46a-a80e4c1ce125:group-40D2740D2510 change Leader from null to 4c380176-de97-462b-b46a-a80e4c1ce125 at term 1 for becomeLeader, leader elected after 5079ms
2019-07-13 20:38:43,109 INFO  server.RaftServerConfigKeys (ConfUtils.java:logGet(43)) - raft.server.staging.catchup.gap = 1000 (default)
2019-07-13 20:38:43,109 INFO  server.RaftServerConfigKeys (ConfUtils.java:logGet(43)) - raft.server.rpc.sleep.time = 25ms (default)
2019-07-13 20:38:43,110 INFO  server.RaftServerConfigKeys (ConfUtils.java:logGet(43)) - raft.server.write.element-limit = 4096 (default)
2019-07-13 20:38:43,110 INFO  server.RaftServerConfigKeys (ConfUtils.java:logGet(43)) - raft.server.watch.timeout = 10s (default)
2019-07-13 20:38:43,110 INFO  server.RaftServerConfigKeys (ConfUtils.java:logGet(43)) - raft.server.watch.timeout.denomination = 1s (default)
2019-07-13 20:38:43,110 INFO  server.RaftServerConfigKeys (ConfUtils.java:logGet(43)) - raft.server.watch.element-limit = 65536 (default)
2019-07-13 20:38:43,110 INFO  impl.RoleInfo (RoleInfo.java:updateAndGet(143)) - 4c380176-de97-462b-b46a-a80e4c1ce125: start LeaderState
2019-07-13 20:38:43,111 INFO  segmented.SegmentedRaftLogWorker (SegmentedRaftLogWorker.java:startLogSegment(380)) - 4c380176-de97-462b-b46a-a80e4c1ce125-SegmentedRaftLogWorker:Storage Directory /tmp/workdir/hadoop-ozone/integration-test/target/test-dir/MiniOzoneClusterImpl-9132184a-f07b-4f43-a579-05aa7b8c0a23/datanode-4/data/ratis/38a85641-2625-4fc4-b69f-40d2740d2510: Starting segment from index:0
2019-07-13 20:38:43,111 INFO  impl.RaftServerImpl (ServerState.java:setRaftConf(361)) - 4c380176-de97-462b-b46a-a80e4c1ce125:group-40D2740D2510 set configuration 0: [4c380176-de97-462b-b46a-a80e4c1ce125:192.168.5.168:39172], old=null at 0
2019-07-13 20:38:43,132 INFO  segmented.SegmentedRaftLogWorker (SegmentedRaftLogWorker.java:execute(569)) - 4c380176-de97-462b-b46a-a80e4c1ce125-SegmentedRaftLogWorker:Storage Directory /tmp/workdir/hadoop-ozone/integration-test/target/test-dir/MiniOzoneClusterImpl-9132184a-f07b-4f43-a579-05aa7b8c0a23/datanode-4/data/ratis/38a85641-2625-4fc4-b69f-40d2740d2510: created new log segment /tmp/workdir/hadoop-ozone/integration-test/target/test-dir/MiniOzoneClusterImpl-9132184a-f07b-4f43-a579-05aa7b8c0a23/datanode-4/data/ratis/38a85641-2625-4fc4-b69f-40d2740d2510/current/log_inprogress_0
2019-07-13 20:38:43,348 INFO  impl.FollowerState (FollowerState.java:run(106)) - 3f97cf59-2b26-42fa-8304-f8ca7a5f916b:group-BC0A34B80C80 changes to CANDIDATE, lastRpcTime:5136, electionTimeout:5136ms
2019-07-13 20:38:43,348 INFO  impl.RoleInfo (RoleInfo.java:shutdownFollowerState(121)) - 3f97cf59-2b26-42fa-8304-f8ca7a5f916b: shutdown FollowerState
2019-07-13 20:38:43,349 INFO  impl.RaftServerImpl (RaftServerImpl.java:setRole(171)) - 3f97cf59-2b26-42fa-8304-f8ca7a5f916b:group-BC0A34B80C80 changes role from FOLLOWER to CANDIDATE at term 0 for changeToCandidate
2019-07-13 20:38:43,349 INFO  impl.RoleInfo (RoleInfo.java:updateAndGet(143)) - 3f97cf59-2b26-42fa-8304-f8ca7a5f916b: start LeaderElection
2019-07-13 20:38:43,363 INFO  impl.LeaderElection (LeaderElection.java:askForVotes(181)) - 3f97cf59-2b26-42fa-8304-f8ca7a5f916b:group-BC0A34B80C80:LeaderElection106: begin an election at term 1 for -1: [3f97cf59-2b26-42fa-8304-f8ca7a5f916b:192.168.5.168:32982], old=null
2019-07-13 20:38:43,364 INFO  impl.RoleInfo (RoleInfo.java:shutdownLeaderElection(134)) - 3f97cf59-2b26-42fa-8304-f8ca7a5f916b: shutdown LeaderElection
2019-07-13 20:38:43,364 INFO  impl.RaftServerImpl (RaftServerImpl.java:setRole(171)) - 3f97cf59-2b26-42fa-8304-f8ca7a5f916b:group-BC0A34B80C80 changes role from CANDIDATE to LEADER at term 1 for changeToLeader
2019-07-13 20:38:43,364 INFO  impl.RaftServerImpl (ServerState.java:setLeader(263)) - 3f97cf59-2b26-42fa-8304-f8ca7a5f916b:group-BC0A34B80C80 change Leader from null to 3f97cf59-2b26-42fa-8304-f8ca7a5f916b at term 1 for becomeLeader, leader elected after 5156ms
2019-07-13 20:38:43,366 INFO  server.RaftServerConfigKeys (ConfUtils.java:logGet(43)) - raft.server.staging.catchup.gap = 1000 (default)
2019-07-13 20:38:43,367 INFO  server.RaftServerConfigKeys (ConfUtils.java:logGet(43)) - raft.server.rpc.sleep.time = 25ms (default)
2019-07-13 20:38:43,367 INFO  server.RaftServerConfigKeys (ConfUtils.java:logGet(43)) - raft.server.write.element-limit = 4096 (default)
2019-07-13 20:38:43,367 INFO  server.RaftServerConfigKeys (ConfUtils.java:logGet(43)) - raft.server.watch.timeout = 10s (default)
2019-07-13 20:38:43,367 INFO  server.RaftServerConfigKeys (ConfUtils.java:logGet(43)) - raft.server.watch.timeout.denomination = 1s (default)
2019-07-13 20:38:43,367 INFO  server.RaftServerConfigKeys (ConfUtils.java:logGet(43)) - raft.server.watch.element-limit = 65536 (default)
2019-07-13 20:38:43,367 INFO  impl.RoleInfo (RoleInfo.java:updateAndGet(143)) - 3f97cf59-2b26-42fa-8304-f8ca7a5f916b: start LeaderState
2019-07-13 20:38:43,368 INFO  segmented.SegmentedRaftLogWorker (SegmentedRaftLogWorker.java:startLogSegment(380)) - 3f97cf59-2b26-42fa-8304-f8ca7a5f916b-SegmentedRaftLogWorker:Storage Directory /tmp/workdir/hadoop-ozone/integration-test/target/test-dir/MiniOzoneClusterImpl-9132184a-f07b-4f43-a579-05aa7b8c0a23/datanode-5/data/ratis/8e9c00aa-d628-4c36-93d4-bc0a34b80c80: Starting segment from index:0
2019-07-13 20:38:43,368 INFO  impl.RaftServerImpl (ServerState.java:setRaftConf(361)) - 3f97cf59-2b26-42fa-8304-f8ca7a5f916b:group-BC0A34B80C80 set configuration 0: [3f97cf59-2b26-42fa-8304-f8ca7a5f916b:192.168.5.168:32982], old=null at 0
2019-07-13 20:38:43,389 INFO  segmented.SegmentedRaftLogWorker (SegmentedRaftLogWorker.java:execute(569)) - 3f97cf59-2b26-42fa-8304-f8ca7a5f916b-SegmentedRaftLogWorker:Storage Directory /tmp/workdir/hadoop-ozone/integration-test/target/test-dir/MiniOzoneClusterImpl-9132184a-f07b-4f43-a579-05aa7b8c0a23/datanode-5/data/ratis/8e9c00aa-d628-4c36-93d4-bc0a34b80c80: created new log segment /tmp/workdir/hadoop-ozone/integration-test/target/test-dir/MiniOzoneClusterImpl-9132184a-f07b-4f43-a579-05aa7b8c0a23/datanode-5/data/ratis/8e9c00aa-d628-4c36-93d4-bc0a34b80c80/current/log_inprogress_0
2019-07-13 20:38:43,509 INFO  impl.FollowerState (FollowerState.java:run(106)) - 9bc81915-8fdf-4499-89b4-39fb809057e6:group-5018C0EE5C5B changes to CANDIDATE, lastRpcTime:5068, electionTimeout:5068ms
2019-07-13 20:38:43,509 INFO  impl.RoleInfo (RoleInfo.java:shutdownFollowerState(121)) - 9bc81915-8fdf-4499-89b4-39fb809057e6: shutdown FollowerState
2019-07-13 20:38:43,509 INFO  impl.RaftServerImpl (RaftServerImpl.java:setRole(171)) - 9bc81915-8fdf-4499-89b4-39fb809057e6:group-5018C0EE5C5B changes role from FOLLOWER to CANDIDATE at term 0 for changeToCandidate
2019-07-13 20:38:43,509 INFO  impl.RoleInfo (RoleInfo.java:updateAndGet(143)) - 9bc81915-8fdf-4499-89b4-39fb809057e6: start LeaderElection
2019-07-13 20:38:43,524 INFO  impl.LeaderElection (LeaderElection.java:askForVotes(181)) - 9bc81915-8fdf-4499-89b4-39fb809057e6:group-5018C0EE5C5B:LeaderElection107: begin an election at term 1 for -1: [9bc81915-8fdf-4499-89b4-39fb809057e6:192.168.5.168:33111, 4c380176-de97-462b-b46a-a80e4c1ce125:192.168.5.168:39172, 3f97cf59-2b26-42fa-8304-f8ca7a5f916b:192.168.5.168:32982], old=null
2019-07-13 20:38:43,532 INFO  impl.RaftServerImpl (RaftServerImpl.java:setRole(171)) - 4c380176-de97-462b-b46a-a80e4c1ce125:group-5018C0EE5C5B changes role from FOLLOWER to FOLLOWER at term 1 for recognizeCandidate:9bc81915-8fdf-4499-89b4-39fb809057e6
2019-07-13 20:38:43,532 INFO  impl.RoleInfo (RoleInfo.java:shutdownFollowerState(121)) - 4c380176-de97-462b-b46a-a80e4c1ce125: shutdown FollowerState
2019-07-13 20:38:43,532 INFO  impl.RoleInfo (RoleInfo.java:updateAndGet(143)) - 4c380176-de97-462b-b46a-a80e4c1ce125: start FollowerState
2019-07-13 20:38:43,533 INFO  impl.FollowerState (FollowerState.java:run(114)) - 4c380176-de97-462b-b46a-a80e4c1ce125: FollowerState was interrupted: java.lang.InterruptedException: sleep interrupted
2019-07-13 20:38:43,535 INFO  impl.RaftServerImpl (RaftServerImpl.java:setRole(171)) - 3f97cf59-2b26-42fa-8304-f8ca7a5f916b:group-5018C0EE5C5B changes role from FOLLOWER to FOLLOWER at term 1 for recognizeCandidate:9bc81915-8fdf-4499-89b4-39fb809057e6
2019-07-13 20:38:43,538 INFO  impl.RoleInfo (RoleInfo.java:shutdownFollowerState(121)) - 3f97cf59-2b26-42fa-8304-f8ca7a5f916b: shutdown FollowerState
2019-07-13 20:38:43,538 INFO  impl.RoleInfo (RoleInfo.java:updateAndGet(143)) - 3f97cf59-2b26-42fa-8304-f8ca7a5f916b: start FollowerState
2019-07-13 20:38:43,538 INFO  impl.FollowerState (FollowerState.java:run(114)) - 3f97cf59-2b26-42fa-8304-f8ca7a5f916b: FollowerState was interrupted: java.lang.InterruptedException: sleep interrupted
2019-07-13 20:38:43,543 INFO  impl.LeaderElection (LeaderElection.java:logAndReturn(56)) - 9bc81915-8fdf-4499-89b4-39fb809057e6:group-5018C0EE5C5B:LeaderElection107: Election PASSED; received 1 response(s) [9bc81915-8fdf-4499-89b4-39fb809057e6<-4c380176-de97-462b-b46a-a80e4c1ce125#0:OK-t1] and 0 exception(s); 9bc81915-8fdf-4499-89b4-39fb809057e6:t1, leader=null, voted=9bc81915-8fdf-4499-89b4-39fb809057e6, raftlog=9bc81915-8fdf-4499-89b4-39fb809057e6-SegmentedRaftLog:OPENED:c-1,f-1,i0, conf=-1: [9bc81915-8fdf-4499-89b4-39fb809057e6:192.168.5.168:33111, 4c380176-de97-462b-b46a-a80e4c1ce125:192.168.5.168:39172, 3f97cf59-2b26-42fa-8304-f8ca7a5f916b:192.168.5.168:32982], old=null
2019-07-13 20:38:43,543 INFO  impl.RoleInfo (RoleInfo.java:shutdownLeaderElection(134)) - 9bc81915-8fdf-4499-89b4-39fb809057e6: shutdown LeaderElection
2019-07-13 20:38:43,543 INFO  impl.RaftServerImpl (RaftServerImpl.java:setRole(171)) - 9bc81915-8fdf-4499-89b4-39fb809057e6:group-5018C0EE5C5B changes role from CANDIDATE to LEADER at term 1 for changeToLeader
2019-07-13 20:38:43,543 INFO  impl.RaftServerImpl (ServerState.java:setLeader(263)) - 9bc81915-8fdf-4499-89b4-39fb809057e6:group-5018C0EE5C5B change Leader from null to 9bc81915-8fdf-4499-89b4-39fb809057e6 at term 1 for becomeLeader, leader elected after 5113ms
2019-07-13 20:38:43,544 INFO  server.RaftServerConfigKeys (ConfUtils.java:logGet(43)) - raft.server.staging.catchup.gap = 1000 (default)
2019-07-13 20:38:43,544 INFO  server.RaftServerConfigKeys (ConfUtils.java:logGet(43)) - raft.server.rpc.sleep.time = 25ms (default)
2019-07-13 20:38:43,544 INFO  server.RaftServerConfigKeys (ConfUtils.java:logGet(43)) - raft.server.write.element-limit = 4096 (default)
2019-07-13 20:38:43,544 INFO  server.RaftServerConfigKeys (ConfUtils.java:logGet(43)) - raft.server.watch.timeout = 10s (default)
2019-07-13 20:38:43,544 INFO  server.RaftServerConfigKeys (ConfUtils.java:logGet(43)) - raft.server.watch.timeout.denomination = 1s (default)
2019-07-13 20:38:43,544 INFO  server.RaftServerConfigKeys (ConfUtils.java:logGet(43)) - raft.server.watch.element-limit = 65536 (default)
2019-07-13 20:38:43,545 INFO  server.RaftServerConfigKeys (ConfUtils.java:logGet(43)) - raft.server.log.appender.snapshot.chunk.size.max = 16MB (=16777216) (default)
2019-07-13 20:38:43,545 INFO  server.RaftServerConfigKeys (ConfUtils.java:logGet(43)) - raft.server.log.appender.buffer.byte-limit = 33554432 (custom)
2019-07-13 20:38:43,545 INFO  server.RaftServerConfigKeys (ConfUtils.java:logGet(43)) - raft.server.log.appender.buffer.element-limit = 1 (custom)
2019-07-13 20:38:43,545 INFO  grpc.GrpcConfigKeys$Server (ConfUtils.java:logGet(43)) - raft.grpc.server.leader.outstanding.appends.max = 128 (default)
2019-07-13 20:38:43,545 INFO  server.RaftServerConfigKeys (ConfUtils.java:logGet(43)) - raft.server.rpc.request.timeout = 3000ms (default)
2019-07-13 20:38:43,546 INFO  server.RaftServerConfigKeys (ConfUtils.java:logGet(43)) - raft.server.log.appender.install.snapshot.enabled = false (custom)
2019-07-13 20:38:43,546 INFO  server.RaftServerConfigKeys (ConfUtils.java:logGet(43)) - raft.server.log.appender.snapshot.chunk.size.max = 16MB (=16777216) (default)
2019-07-13 20:38:43,546 INFO  server.RaftServerConfigKeys (ConfUtils.java:logGet(43)) - raft.server.log.appender.buffer.byte-limit = 33554432 (custom)
2019-07-13 20:38:43,546 INFO  server.RaftServerConfigKeys (ConfUtils.java:logGet(43)) - raft.server.log.appender.buffer.element-limit = 1 (custom)
2019-07-13 20:38:43,546 INFO  grpc.GrpcConfigKeys$Server (ConfUtils.java:logGet(43)) - raft.grpc.server.leader.outstanding.appends.max = 128 (default)
2019-07-13 20:38:43,546 INFO  server.RaftServerConfigKeys (ConfUtils.java:logGet(43)) - raft.server.rpc.request.timeout = 3000ms (default)
2019-07-13 20:38:43,547 INFO  server.RaftServerConfigKeys (ConfUtils.java:logGet(43)) - raft.server.log.appender.install.snapshot.enabled = false (custom)
2019-07-13 20:38:43,547 INFO  impl.RoleInfo (RoleInfo.java:updateAndGet(143)) - 9bc81915-8fdf-4499-89b4-39fb809057e6: start LeaderState
2019-07-13 20:38:43,547 INFO  segmented.SegmentedRaftLogWorker (SegmentedRaftLogWorker.java:startLogSegment(380)) - 9bc81915-8fdf-4499-89b4-39fb809057e6-SegmentedRaftLogWorker:Storage Directory /tmp/workdir/hadoop-ozone/integration-test/target/test-dir/MiniOzoneClusterImpl-9132184a-f07b-4f43-a579-05aa7b8c0a23/datanode-3/data/ratis/17768fd0-7810-464d-a337-5018c0ee5c5b: Starting segment from index:0
2019-07-13 20:38:43,548 INFO  impl.RaftServerImpl (ServerState.java:setRaftConf(361)) - 9bc81915-8fdf-4499-89b4-39fb809057e6:group-5018C0EE5C5B set configuration 0: [9bc81915-8fdf-4499-89b4-39fb809057e6:192.168.5.168:33111, 4c380176-de97-462b-b46a-a80e4c1ce125:192.168.5.168:39172, 3f97cf59-2b26-42fa-8304-f8ca7a5f916b:192.168.5.168:32982], old=null at 0
2019-07-13 20:38:43,570 INFO  impl.RaftServerImpl (ServerState.java:setLeader(263)) - 4c380176-de97-462b-b46a-a80e4c1ce125:group-5018C0EE5C5B change Leader from null to 9bc81915-8fdf-4499-89b4-39fb809057e6 at term 1 for appendEntries, leader elected after 5135ms
2019-07-13 20:38:43,574 INFO  impl.RaftServerImpl (ServerState.java:setLeader(263)) - 3f97cf59-2b26-42fa-8304-f8ca7a5f916b:group-5018C0EE5C5B change Leader from null to 9bc81915-8fdf-4499-89b4-39fb809057e6 at term 1 for appendEntries, leader elected after 5143ms
2019-07-13 20:38:43,575 INFO  segmented.SegmentedRaftLogWorker (SegmentedRaftLogWorker.java:execute(569)) - 9bc81915-8fdf-4499-89b4-39fb809057e6-SegmentedRaftLogWorker:Storage Directory /tmp/workdir/hadoop-ozone/integration-test/target/test-dir/MiniOzoneClusterImpl-9132184a-f07b-4f43-a579-05aa7b8c0a23/datanode-3/data/ratis/17768fd0-7810-464d-a337-5018c0ee5c5b: created new log segment /tmp/workdir/hadoop-ozone/integration-test/target/test-dir/MiniOzoneClusterImpl-9132184a-f07b-4f43-a579-05aa7b8c0a23/datanode-3/data/ratis/17768fd0-7810-464d-a337-5018c0ee5c5b/current/log_inprogress_0
2019-07-13 20:38:43,576 INFO  impl.RaftServerImpl (ServerState.java:setRaftConf(361)) - 4c380176-de97-462b-b46a-a80e4c1ce125:group-5018C0EE5C5B set configuration 0: [9bc81915-8fdf-4499-89b4-39fb809057e6:192.168.5.168:33111, 4c380176-de97-462b-b46a-a80e4c1ce125:192.168.5.168:39172, 3f97cf59-2b26-42fa-8304-f8ca7a5f916b:192.168.5.168:32982], old=null at 0
2019-07-13 20:38:43,576 INFO  segmented.SegmentedRaftLogWorker (SegmentedRaftLogWorker.java:startLogSegment(380)) - 4c380176-de97-462b-b46a-a80e4c1ce125-SegmentedRaftLogWorker:Storage Directory /tmp/workdir/hadoop-ozone/integration-test/target/test-dir/MiniOzoneClusterImpl-9132184a-f07b-4f43-a579-05aa7b8c0a23/datanode-4/data/ratis/17768fd0-7810-464d-a337-5018c0ee5c5b: Starting segment from index:0
2019-07-13 20:38:43,577 INFO  impl.RaftServerImpl (ServerState.java:setRaftConf(361)) - 3f97cf59-2b26-42fa-8304-f8ca7a5f916b:group-5018C0EE5C5B set configuration 0: [9bc81915-8fdf-4499-89b4-39fb809057e6:192.168.5.168:33111, 4c380176-de97-462b-b46a-a80e4c1ce125:192.168.5.168:39172, 3f97cf59-2b26-42fa-8304-f8ca7a5f916b:192.168.5.168:32982], old=null at 0
2019-07-13 20:38:43,577 INFO  segmented.SegmentedRaftLogWorker (SegmentedRaftLogWorker.java:startLogSegment(380)) - 3f97cf59-2b26-42fa-8304-f8ca7a5f916b-SegmentedRaftLogWorker:Storage Directory /tmp/workdir/hadoop-ozone/integration-test/target/test-dir/MiniOzoneClusterImpl-9132184a-f07b-4f43-a579-05aa7b8c0a23/datanode-5/data/ratis/17768fd0-7810-464d-a337-5018c0ee5c5b: Starting segment from index:0
2019-07-13 20:38:43,615 INFO  segmented.SegmentedRaftLogWorker (SegmentedRaftLogWorker.java:execute(569)) - 3f97cf59-2b26-42fa-8304-f8ca7a5f916b-SegmentedRaftLogWorker:Storage Directory /tmp/workdir/hadoop-ozone/integration-test/target/test-dir/MiniOzoneClusterImpl-9132184a-f07b-4f43-a579-05aa7b8c0a23/datanode-5/data/ratis/17768fd0-7810-464d-a337-5018c0ee5c5b: created new log segment /tmp/workdir/hadoop-ozone/integration-test/target/test-dir/MiniOzoneClusterImpl-9132184a-f07b-4f43-a579-05aa7b8c0a23/datanode-5/data/ratis/17768fd0-7810-464d-a337-5018c0ee5c5b/current/log_inprogress_0
2019-07-13 20:38:43,615 INFO  segmented.SegmentedRaftLogWorker (SegmentedRaftLogWorker.java:execute(569)) - 4c380176-de97-462b-b46a-a80e4c1ce125-SegmentedRaftLogWorker:Storage Directory /tmp/workdir/hadoop-ozone/integration-test/target/test-dir/MiniOzoneClusterImpl-9132184a-f07b-4f43-a579-05aa7b8c0a23/datanode-4/data/ratis/17768fd0-7810-464d-a337-5018c0ee5c5b: created new log segment /tmp/workdir/hadoop-ozone/integration-test/target/test-dir/MiniOzoneClusterImpl-9132184a-f07b-4f43-a579-05aa7b8c0a23/datanode-4/data/ratis/17768fd0-7810-464d-a337-5018c0ee5c5b/current/log_inprogress_0
2019-07-13 20:38:43,713 INFO  client.GrpcClientProtocolClient (GrpcClientProtocolClient.java:onNext(255)) - client-949325C949F2->462e9187-1bd9-45e4-a728-a3c0f536132c: receive RaftClientReply:client-949325C949F2->462e9187-1bd9-45e4-a728-a3c0f536132c@group-17759DAF4A2F, cid=278, SUCCESS, logIndex=1, commits[462e9187-1bd9-45e4-a728-a3c0f536132c:c1, 2905612f-b574-451f-ad33-d2857cb35c1a:c0, 43e3b32e-2140-4fa1-8836-a25b5f48f789:c0]
2019-07-13 20:38:43,729 INFO  client.GrpcClientProtocolClient (GrpcClientProtocolClient.java:onNext(255)) - client-949325C949F2->462e9187-1bd9-45e4-a728-a3c0f536132c: receive RaftClientReply:client-949325C949F2->462e9187-1bd9-45e4-a728-a3c0f536132c@group-17759DAF4A2F, cid=279, SUCCESS, logIndex=3, commits[462e9187-1bd9-45e4-a728-a3c0f536132c:c4, 2905612f-b574-451f-ad33-d2857cb35c1a:c2, 43e3b32e-2140-4fa1-8836-a25b5f48f789:c2]
2019-07-13 20:38:43,750 INFO  client.GrpcClientProtocolClient (GrpcClientProtocolClient.java:onNext(255)) - client-949325C949F2->462e9187-1bd9-45e4-a728-a3c0f536132c: receive RaftClientReply:client-949325C949F2->462e9187-1bd9-45e4-a728-a3c0f536132c@group-17759DAF4A2F, cid=280, SUCCESS, logIndex=4, commits[462e9187-1bd9-45e4-a728-a3c0f536132c:c6, 2905612f-b574-451f-ad33-d2857cb35c1a:c4, 43e3b32e-2140-4fa1-8836-a25b5f48f789:c4]
2019-07-13 20:38:43,752 INFO  container.CloseContainerEventHandler (CloseContainerEventHandler.java:onMessage(61)) - Close container Event triggered for container : #1
2019-07-13 20:38:43,753 INFO  container.CloseContainerEventHandler (CloseContainerEventHandler.java:onMessage(61)) - Close container Event triggered for container : #1
2019-07-13 20:38:43,753 INFO  container.CloseContainerEventHandler (CloseContainerEventHandler.java:onMessage(61)) - Close container Event triggered for container : #1
2019-07-13 20:38:45,718 INFO  interfaces.Container (KeyValueContainer.java:compactDB(356)) - Container 1 is closed with bcsId 4.
2019-07-13 20:38:45,723 INFO  interfaces.Container (KeyValueContainer.java:compactDB(356)) - Container 1 is closed with bcsId 4.
2019-07-13 20:38:45,726 INFO  interfaces.Container (KeyValueContainer.java:compactDB(356)) - Container 1 is closed with bcsId 4.
20:38:45.756 [grpc-default-executor-9] ERROR DNAudit - user=null | ip=null | op=WRITE_CHUNK {blockData=conID: 1 locID: 102436065737834519 bcsId: 4} | ret=FAILURE
org.apache.hadoop.hdds.scm.container.common.helpers.ContainerNotOpenException: Container 1 in CLOSED state
	at org.apache.hadoop.ozone.container.common.impl.HddsDispatcher.validateContainerCommand(HddsDispatcher.java:408) ~[hadoop-hdds-container-service-0.5.0-SNAPSHOT.jar:?]
	at org.apache.hadoop.ozone.container.common.transport.server.ratis.ContainerStateMachine.startTransaction(ContainerStateMachine.java:271) ~[hadoop-hdds-container-service-0.5.0-SNAPSHOT.jar:?]
	at org.apache.ratis.server.impl.RaftServerImpl.submitClientRequestAsync(RaftServerImpl.java:566) ~[ratis-server-0.4.0-2337318-SNAPSHOT.jar:0.4.0-2337318-SNAPSHOT]
	at org.apache.ratis.server.impl.RaftServerProxy.lambda$submitClientRequestAsync$7(RaftServerProxy.java:333) ~[ratis-server-0.4.0-2337318-SNAPSHOT.jar:0.4.0-2337318-SNAPSHOT]
	at org.apache.ratis.server.impl.RaftServerProxy.lambda$null$5(RaftServerProxy.java:328) ~[ratis-server-0.4.0-2337318-SNAPSHOT.jar:0.4.0-2337318-SNAPSHOT]
	at org.apache.ratis.util.JavaUtils.callAsUnchecked(JavaUtils.java:109) ~[ratis-common-0.4.0-2337318-SNAPSHOT.jar:0.4.0-2337318-SNAPSHOT]
	at org.apache.ratis.server.impl.RaftServerProxy.lambda$submitRequest$6(RaftServerProxy.java:328) ~[ratis-server-0.4.0-2337318-SNAPSHOT.jar:0.4.0-2337318-SNAPSHOT]
	at java.util.concurrent.CompletableFuture.uniComposeStage(CompletableFuture.java:981) ~[?:1.8.0_212]
	at java.util.concurrent.CompletableFuture.thenCompose(CompletableFuture.java:2124) ~[?:1.8.0_212]
	at org.apache.ratis.server.impl.RaftServerProxy.submitRequest(RaftServerProxy.java:327) ~[ratis-server-0.4.0-2337318-SNAPSHOT.jar:0.4.0-2337318-SNAPSHOT]
	at org.apache.ratis.server.impl.RaftServerProxy.submitClientRequestAsync(RaftServerProxy.java:333) ~[ratis-server-0.4.0-2337318-SNAPSHOT.jar:0.4.0-2337318-SNAPSHOT]
	at org.apache.ratis.grpc.client.GrpcClientProtocolService$RequestStreamObserver.processClientRequest(GrpcClientProtocolService.java:220) ~[ratis-grpc-0.4.0-2337318-SNAPSHOT.jar:0.4.0-2337318-SNAPSHOT]
	at org.apache.ratis.grpc.client.GrpcClientProtocolService$OrderedRequestStreamObserver.processClientRequest(GrpcClientProtocolService.java:326) ~[ratis-grpc-0.4.0-2337318-SNAPSHOT.jar:0.4.0-2337318-SNAPSHOT]
	at org.apache.ratis.util.SlidingWindow$Server.processRequestsFromHead(SlidingWindow.java:429) [ratis-common-0.4.0-2337318-SNAPSHOT.jar:0.4.0-2337318-SNAPSHOT]
	at org.apache.ratis.util.SlidingWindow$Server.receivedRequest(SlidingWindow.java:421) [ratis-common-0.4.0-2337318-SNAPSHOT.jar:0.4.0-2337318-SNAPSHOT]
	at org.apache.ratis.grpc.client.GrpcClientProtocolService$OrderedRequestStreamObserver.processClientRequest(GrpcClientProtocolService.java:345) [ratis-grpc-0.4.0-2337318-SNAPSHOT.jar:0.4.0-2337318-SNAPSHOT]
	at org.apache.ratis.grpc.client.GrpcClientProtocolService$RequestStreamObserver.onNext(GrpcClientProtocolService.java:240) [ratis-grpc-0.4.0-2337318-SNAPSHOT.jar:0.4.0-2337318-SNAPSHOT]
	at org.apache.ratis.grpc.client.GrpcClientProtocolService$RequestStreamObserver.onNext(GrpcClientProtocolService.java:168) [ratis-grpc-0.4.0-2337318-SNAPSHOT.jar:0.4.0-2337318-SNAPSHOT]
	at org.apache.ratis.thirdparty.io.grpc.stub.ServerCalls$StreamingServerCallHandler$StreamingServerCallListener.onMessage(ServerCalls.java:248) [ratis-thirdparty-misc-0.2.0.jar:0.2.0]
	at org.apache.ratis.thirdparty.io.grpc.internal.ServerCallImpl$ServerStreamListenerImpl.messagesAvailable(ServerCallImpl.java:263) [ratis-thirdparty-misc-0.2.0.jar:0.2.0]
	at org.apache.ratis.thirdparty.io.grpc.internal.ServerImpl$JumpToApplicationThreadServerStreamListener$1MessagesAvailable.runInContext(ServerImpl.java:686) [ratis-thirdparty-misc-0.2.0.jar:0.2.0]
	at org.apache.ratis.thirdparty.io.grpc.internal.ContextRunnable.run(ContextRunnable.java:37) [ratis-thirdparty-misc-0.2.0.jar:0.2.0]
	at org.apache.ratis.thirdparty.io.grpc.internal.SerializingExecutor.run(SerializingExecutor.java:123) [ratis-thirdparty-misc-0.2.0.jar:0.2.0]
	at java.util.concurrent.ThreadPoolExecutor.runWorker(ThreadPoolExecutor.java:1149) [?:1.8.0_212]
	at java.util.concurrent.ThreadPoolExecutor$Worker.run(ThreadPoolExecutor.java:624) [?:1.8.0_212]
	at java.lang.Thread.run(Thread.java:748) [?:1.8.0_212]
20:38:45.758 [grpc-default-executor-9] ERROR DNAudit - user=null | ip=null | op=WRITE_CHUNK {blockData=conID: 1 locID: 102436065737834519 bcsId: 4} | ret=FAILURE
org.apache.hadoop.hdds.scm.container.common.helpers.ContainerNotOpenException: Container 1 in CLOSED state
	at org.apache.hadoop.ozone.container.common.impl.HddsDispatcher.validateContainerCommand(HddsDispatcher.java:408) ~[hadoop-hdds-container-service-0.5.0-SNAPSHOT.jar:?]
	at org.apache.hadoop.ozone.container.common.transport.server.ratis.ContainerStateMachine.startTransaction(ContainerStateMachine.java:271) ~[hadoop-hdds-container-service-0.5.0-SNAPSHOT.jar:?]
	at org.apache.ratis.server.impl.RaftServerImpl.submitClientRequestAsync(RaftServerImpl.java:566) ~[ratis-server-0.4.0-2337318-SNAPSHOT.jar:0.4.0-2337318-SNAPSHOT]
	at org.apache.ratis.server.impl.RaftServerProxy.lambda$submitClientRequestAsync$7(RaftServerProxy.java:333) ~[ratis-server-0.4.0-2337318-SNAPSHOT.jar:0.4.0-2337318-SNAPSHOT]
	at org.apache.ratis.server.impl.RaftServerProxy.lambda$null$5(RaftServerProxy.java:328) ~[ratis-server-0.4.0-2337318-SNAPSHOT.jar:0.4.0-2337318-SNAPSHOT]
	at org.apache.ratis.util.JavaUtils.callAsUnchecked(JavaUtils.java:109) ~[ratis-common-0.4.0-2337318-SNAPSHOT.jar:0.4.0-2337318-SNAPSHOT]
	at org.apache.ratis.server.impl.RaftServerProxy.lambda$submitRequest$6(RaftServerProxy.java:328) ~[ratis-server-0.4.0-2337318-SNAPSHOT.jar:0.4.0-2337318-SNAPSHOT]
	at java.util.concurrent.CompletableFuture.uniComposeStage(CompletableFuture.java:981) ~[?:1.8.0_212]
	at java.util.concurrent.CompletableFuture.thenCompose(CompletableFuture.java:2124) ~[?:1.8.0_212]
	at org.apache.ratis.server.impl.RaftServerProxy.submitRequest(RaftServerProxy.java:327) ~[ratis-server-0.4.0-2337318-SNAPSHOT.jar:0.4.0-2337318-SNAPSHOT]
	at org.apache.ratis.server.impl.RaftServerProxy.submitClientRequestAsync(RaftServerProxy.java:333) ~[ratis-server-0.4.0-2337318-SNAPSHOT.jar:0.4.0-2337318-SNAPSHOT]
	at org.apache.ratis.grpc.client.GrpcClientProtocolService$RequestStreamObserver.processClientRequest(GrpcClientProtocolService.java:220) ~[ratis-grpc-0.4.0-2337318-SNAPSHOT.jar:0.4.0-2337318-SNAPSHOT]
	at org.apache.ratis.grpc.client.GrpcClientProtocolService$OrderedRequestStreamObserver.processClientRequest(GrpcClientProtocolService.java:326) ~[ratis-grpc-0.4.0-2337318-SNAPSHOT.jar:0.4.0-2337318-SNAPSHOT]
	at org.apache.ratis.util.SlidingWindow$Server.processRequestsFromHead(SlidingWindow.java:429) [ratis-common-0.4.0-2337318-SNAPSHOT.jar:0.4.0-2337318-SNAPSHOT]
	at org.apache.ratis.util.SlidingWindow$Server.receivedRequest(SlidingWindow.java:421) [ratis-common-0.4.0-2337318-SNAPSHOT.jar:0.4.0-2337318-SNAPSHOT]
	at org.apache.ratis.grpc.client.GrpcClientProtocolService$OrderedRequestStreamObserver.processClientRequest(GrpcClientProtocolService.java:345) [ratis-grpc-0.4.0-2337318-SNAPSHOT.jar:0.4.0-2337318-SNAPSHOT]
	at org.apache.ratis.grpc.client.GrpcClientProtocolService$RequestStreamObserver.onNext(GrpcClientProtocolService.java:240) [ratis-grpc-0.4.0-2337318-SNAPSHOT.jar:0.4.0-2337318-SNAPSHOT]
	at org.apache.ratis.grpc.client.GrpcClientProtocolService$RequestStreamObserver.onNext(GrpcClientProtocolService.java:168) [ratis-grpc-0.4.0-2337318-SNAPSHOT.jar:0.4.0-2337318-SNAPSHOT]
	at org.apache.ratis.thirdparty.io.grpc.stub.ServerCalls$StreamingServerCallHandler$StreamingServerCallListener.onMessage(ServerCalls.java:248) [ratis-thirdparty-misc-0.2.0.jar:0.2.0]
	at org.apache.ratis.thirdparty.io.grpc.internal.ServerCallImpl$ServerStreamListenerImpl.messagesAvailable(ServerCallImpl.java:263) [ratis-thirdparty-misc-0.2.0.jar:0.2.0]
	at org.apache.ratis.thirdparty.io.grpc.internal.ServerImpl$JumpToApplicationThreadServerStreamListener$1MessagesAvailable.runInContext(ServerImpl.java:686) [ratis-thirdparty-misc-0.2.0.jar:0.2.0]
	at org.apache.ratis.thirdparty.io.grpc.internal.ContextRunnable.run(ContextRunnable.java:37) [ratis-thirdparty-misc-0.2.0.jar:0.2.0]
	at org.apache.ratis.thirdparty.io.grpc.internal.SerializingExecutor.run(SerializingExecutor.java:123) [ratis-thirdparty-misc-0.2.0.jar:0.2.0]
	at java.util.concurrent.ThreadPoolExecutor.runWorker(ThreadPoolExecutor.java:1149) [?:1.8.0_212]
	at java.util.concurrent.ThreadPoolExecutor$Worker.run(ThreadPoolExecutor.java:624) [?:1.8.0_212]
	at java.lang.Thread.run(Thread.java:748) [?:1.8.0_212]
2019-07-13 20:38:45,767 INFO  client.GrpcClientProtocolClient (GrpcClientProtocolClient.java:onNext(255)) - client-949325C949F2->462e9187-1bd9-45e4-a728-a3c0f536132c: receive RaftClientReply:client-949325C949F2->462e9187-1bd9-45e4-a728-a3c0f536132c@group-17759DAF4A2F, cid=281, FAILED org.apache.ratis.protocol.StateMachineException: org.apache.hadoop.hdds.scm.container.common.helpers.ContainerNotOpenException from Server 462e9187-1bd9-45e4-a728-a3c0f536132c: Container 1 in CLOSED state, logIndex=0, commits[462e9187-1bd9-45e4-a728-a3c0f536132c:c8, 2905612f-b574-451f-ad33-d2857cb35c1a:c7, 43e3b32e-2140-4fa1-8836-a25b5f48f789:c7]
20:38:45.766 [grpc-default-executor-9] ERROR DNAudit - user=null | ip=null | op=PUT_BLOCK {blockData=[blockId=conID: 1 locID: 102436065737834519 bcsId: 0,size=334]} | ret=FAILURE
org.apache.hadoop.hdds.scm.container.common.helpers.ContainerNotOpenException: Container 1 in CLOSED state
	at org.apache.hadoop.ozone.container.common.impl.HddsDispatcher.validateContainerCommand(HddsDispatcher.java:408) ~[hadoop-hdds-container-service-0.5.0-SNAPSHOT.jar:?]
	at org.apache.hadoop.ozone.container.common.transport.server.ratis.ContainerStateMachine.startTransaction(ContainerStateMachine.java:271) ~[hadoop-hdds-container-service-0.5.0-SNAPSHOT.jar:?]
	at org.apache.ratis.server.impl.RaftServerImpl.submitClientRequestAsync(RaftServerImpl.java:566) ~[ratis-server-0.4.0-2337318-SNAPSHOT.jar:0.4.0-2337318-SNAPSHOT]
	at org.apache.ratis.server.impl.RaftServerProxy.lambda$submitClientRequestAsync$7(RaftServerProxy.java:333) ~[ratis-server-0.4.0-2337318-SNAPSHOT.jar:0.4.0-2337318-SNAPSHOT]
	at org.apache.ratis.server.impl.RaftServerProxy.lambda$null$5(RaftServerProxy.java:328) ~[ratis-server-0.4.0-2337318-SNAPSHOT.jar:0.4.0-2337318-SNAPSHOT]
	at org.apache.ratis.util.JavaUtils.callAsUnchecked(JavaUtils.java:109) ~[ratis-common-0.4.0-2337318-SNAPSHOT.jar:0.4.0-2337318-SNAPSHOT]
	at org.apache.ratis.server.impl.RaftServerProxy.lambda$submitRequest$6(RaftServerProxy.java:328) ~[ratis-server-0.4.0-2337318-SNAPSHOT.jar:0.4.0-2337318-SNAPSHOT]
	at java.util.concurrent.CompletableFuture.uniComposeStage(CompletableFuture.java:981) ~[?:1.8.0_212]
	at java.util.concurrent.CompletableFuture.thenCompose(CompletableFuture.java:2124) ~[?:1.8.0_212]
	at org.apache.ratis.server.impl.RaftServerProxy.submitRequest(RaftServerProxy.java:327) ~[ratis-server-0.4.0-2337318-SNAPSHOT.jar:0.4.0-2337318-SNAPSHOT]
	at org.apache.ratis.server.impl.RaftServerProxy.submitClientRequestAsync(RaftServerProxy.java:333) ~[ratis-server-0.4.0-2337318-SNAPSHOT.jar:0.4.0-2337318-SNAPSHOT]
	at org.apache.ratis.grpc.client.GrpcClientProtocolService$RequestStreamObserver.processClientRequest(GrpcClientProtocolService.java:220) ~[ratis-grpc-0.4.0-2337318-SNAPSHOT.jar:0.4.0-2337318-SNAPSHOT]
	at org.apache.ratis.grpc.client.GrpcClientProtocolService$OrderedRequestStreamObserver.processClientRequest(GrpcClientProtocolService.java:326) ~[ratis-grpc-0.4.0-2337318-SNAPSHOT.jar:0.4.0-2337318-SNAPSHOT]
	at org.apache.ratis.util.SlidingWindow$Server.processRequestsFromHead(SlidingWindow.java:429) [ratis-common-0.4.0-2337318-SNAPSHOT.jar:0.4.0-2337318-SNAPSHOT]
	at org.apache.ratis.util.SlidingWindow$Server.receivedRequest(SlidingWindow.java:421) [ratis-common-0.4.0-2337318-SNAPSHOT.jar:0.4.0-2337318-SNAPSHOT]
	at org.apache.ratis.grpc.client.GrpcClientProtocolService$OrderedRequestStreamObserver.processClientRequest(GrpcClientProtocolService.java:345) [ratis-grpc-0.4.0-2337318-SNAPSHOT.jar:0.4.0-2337318-SNAPSHOT]
	at org.apache.ratis.grpc.client.GrpcClientProtocolService$RequestStreamObserver.onNext(GrpcClientProtocolService.java:240) [ratis-grpc-0.4.0-2337318-SNAPSHOT.jar:0.4.0-2337318-SNAPSHOT]
	at org.apache.ratis.grpc.client.GrpcClientProtocolService$RequestStreamObserver.onNext(GrpcClientProtocolService.java:168) [ratis-grpc-0.4.0-2337318-SNAPSHOT.jar:0.4.0-2337318-SNAPSHOT]
	at org.apache.ratis.thirdparty.io.grpc.stub.ServerCalls$StreamingServerCallHandler$StreamingServerCallListener.onMessage(ServerCalls.java:248) [ratis-thirdparty-misc-0.2.0.jar:0.2.0]
	at org.apache.ratis.thirdparty.io.grpc.internal.ServerCallImpl$ServerStreamListenerImpl.messagesAvailable(ServerCallImpl.java:263) [ratis-thirdparty-misc-0.2.0.jar:0.2.0]
	at org.apache.ratis.thirdparty.io.grpc.internal.ServerImpl$JumpToApplicationThreadServerStreamListener$1MessagesAvailable.runInContext(ServerImpl.java:686) [ratis-thirdparty-misc-0.2.0.jar:0.2.0]
	at org.apache.ratis.thirdparty.io.grpc.internal.ContextRunnable.run(ContextRunnable.java:37) [ratis-thirdparty-misc-0.2.0.jar:0.2.0]
	at org.apache.ratis.thirdparty.io.grpc.internal.SerializingExecutor.run(SerializingExecutor.java:123) [ratis-thirdparty-misc-0.2.0.jar:0.2.0]
	at java.util.concurrent.ThreadPoolExecutor.runWorker(ThreadPoolExecutor.java:1149) [?:1.8.0_212]
	at java.util.concurrent.ThreadPoolExecutor$Worker.run(ThreadPoolExecutor.java:624) [?:1.8.0_212]
	at java.lang.Thread.run(Thread.java:748) [?:1.8.0_212]
2019-07-13 20:38:45,779 INFO  client.GrpcClientProtocolClient (GrpcClientProtocolClient.java:onNext(255)) - client-949325C949F2->462e9187-1bd9-45e4-a728-a3c0f536132c: receive RaftClientReply:client-949325C949F2->462e9187-1bd9-45e4-a728-a3c0f536132c@group-17759DAF4A2F, cid=282, FAILED org.apache.ratis.protocol.StateMachineException: org.apache.hadoop.hdds.scm.container.common.helpers.ContainerNotOpenException from Server 462e9187-1bd9-45e4-a728-a3c0f536132c: Container 1 in CLOSED state, logIndex=0, commits[462e9187-1bd9-45e4-a728-a3c0f536132c:c8, 2905612f-b574-451f-ad33-d2857cb35c1a:c7, 43e3b32e-2140-4fa1-8836-a25b5f48f789:c7]
2019-07-13 20:38:45,780 INFO  client.GrpcClientProtocolClient (GrpcClientProtocolClient.java:onNext(255)) - client-949325C949F2->462e9187-1bd9-45e4-a728-a3c0f536132c: receive RaftClientReply:client-949325C949F2->462e9187-1bd9-45e4-a728-a3c0f536132c@group-17759DAF4A2F, cid=283, FAILED org.apache.ratis.protocol.StateMachineException: org.apache.hadoop.hdds.scm.container.common.helpers.ContainerNotOpenException from Server 462e9187-1bd9-45e4-a728-a3c0f536132c: Container 1 in CLOSED state, logIndex=0, commits[462e9187-1bd9-45e4-a728-a3c0f536132c:c8, 2905612f-b574-451f-ad33-d2857cb35c1a:c7, 43e3b32e-2140-4fa1-8836-a25b5f48f789:c7]
2019-07-13 20:38:45,877 INFO  client.GrpcClientProtocolClient (GrpcClientProtocolClient.java:onNext(255)) - client-0964EB8CAF3E->9bc81915-8fdf-4499-89b4-39fb809057e6: receive RaftClientReply:client-0964EB8CAF3E->9bc81915-8fdf-4499-89b4-39fb809057e6@group-5018C0EE5C5B, cid=284, SUCCESS, logIndex=1, commits[9bc81915-8fdf-4499-89b4-39fb809057e6:c1, 4c380176-de97-462b-b46a-a80e4c1ce125:c0, 3f97cf59-2b26-42fa-8304-f8ca7a5f916b:c0]
2019-07-13 20:38:45,908 INFO  client.GrpcClientProtocolClient (GrpcClientProtocolClient.java:onNext(255)) - client-0964EB8CAF3E->9bc81915-8fdf-4499-89b4-39fb809057e6: receive RaftClientReply:client-0964EB8CAF3E->9bc81915-8fdf-4499-89b4-39fb809057e6@group-5018C0EE5C5B, cid=285, SUCCESS, logIndex=3, commits[9bc81915-8fdf-4499-89b4-39fb809057e6:c4, 4c380176-de97-462b-b46a-a80e4c1ce125:c2, 3f97cf59-2b26-42fa-8304-f8ca7a5f916b:c2]
2019-07-13 20:38:45,934 INFO  client.GrpcClientProtocolClient (GrpcClientProtocolClient.java:onNext(255)) - client-0964EB8CAF3E->9bc81915-8fdf-4499-89b4-39fb809057e6: receive RaftClientReply:client-0964EB8CAF3E->9bc81915-8fdf-4499-89b4-39fb809057e6@group-5018C0EE5C5B, cid=286, SUCCESS, logIndex=4, commits[9bc81915-8fdf-4499-89b4-39fb809057e6:c6, 4c380176-de97-462b-b46a-a80e4c1ce125:c4, 3f97cf59-2b26-42fa-8304-f8ca7a5f916b:c4]
2019-07-13 20:38:45,950 INFO  pipeline.Pipeline (Pipeline.java:getProtobufMessage(195)) - Serialize pipeline PipelineID=17768fd0-7810-464d-a337-5018c0ee5c5b with nodesInOrder{ }
2019-07-13 20:38:45,951 INFO  ozone.MiniOzoneClusterImpl (MiniOzoneClusterImpl.java:shutdown(321)) - Shutting down the Mini Ozone Cluster
2019-07-13 20:38:45,952 INFO  ozone.MiniOzoneClusterImpl (MiniOzoneClusterImpl.java:stop(336)) - Stopping the Mini Ozone Cluster
2019-07-13 20:38:45,952 INFO  ozone.MiniOzoneClusterImpl (MiniOzoneClusterImpl.java:stop(338)) - Stopping the OzoneManager
2019-07-13 20:38:45,952 INFO  ipc.Server (Server.java:stop(3082)) - Stopping server on 36236
2019-07-13 20:38:45,965 INFO  ipc.Server (Server.java:run(1185)) - Stopping IPC Server listener on 36236
2019-07-13 20:38:45,968 INFO  utils.BackgroundService (BackgroundService.java:shutdown(148)) - Shutting down service KeyDeletingService
2019-07-13 20:38:45,968 INFO  ipc.Server (Server.java:run(1319)) - Stopping IPC Server Responder
2019-07-13 20:38:45,991 INFO  handler.ContextHandler (ContextHandler.java:doStop(910)) - Stopped o.e.j.w.WebAppContext@40557b00{/,null,UNAVAILABLE}{/ozoneManager}
2019-07-13 20:38:45,992 INFO  server.AbstractConnector (AbstractConnector.java:doStop(318)) - Stopped ServerConnector@172e4d3a{HTTP/1.1,[http/1.1]}{0.0.0.0:0}
2019-07-13 20:38:45,992 INFO  handler.ContextHandler (ContextHandler.java:doStop(910)) - Stopped o.e.j.s.ServletContextHandler@7c9cecfb{/static,file:///tmp/workdir/hadoop-ozone/integration-test/target/test-classes/webapps/static,UNAVAILABLE}
2019-07-13 20:38:45,992 INFO  handler.ContextHandler (ContextHandler.java:doStop(910)) - Stopped o.e.j.s.ServletContextHandler@44e69674{/logs,file:///tmp/workdir/hadoop-ozone/integration-test/target/log,UNAVAILABLE}
2019-07-13 20:38:45,996 INFO  ozone.MiniOzoneClusterImpl (MiniOzoneClusterImpl.java:stop(344)) - Shutting the HddsDatanodes
2019-07-13 20:38:45,996 INFO  datanode.ObjectStoreHandler (ObjectStoreHandler.java:close(155)) - Closing ObjectStoreHandler.
2019-07-13 20:38:45,996 INFO  datanode.ObjectStoreHandler (ObjectStoreHandler.java:close(155)) - Closing ObjectStoreHandler.
2019-07-13 20:38:45,996 INFO  ozone.HddsDatanodeService (HddsDatanodeService.java:stop(452)) - Stopped plug-in org.apache.hadoop.ozone.web.OzoneHddsDatanodeService@77eab063
2019-07-13 20:38:45,996 INFO  ozone.HddsDatanodeService (HddsDatanodeService.java:stop(452)) - Stopped plug-in org.apache.hadoop.ozone.web.OzoneHddsDatanodeService@28a4ac78
2019-07-13 20:38:46,727 INFO  statemachine.DatanodeStateMachine (DatanodeStateMachine.java:lambda$startDaemon$0(350)) - Ozone container server started.
2019-07-13 20:38:46,871 INFO  statemachine.DatanodeStateMachine (DatanodeStateMachine.java:lambda$startDaemon$0(350)) - Ozone container server started.
2019-07-13 20:38:50,824 INFO  node.StaleNodeHandler (StaleNodeHandler.java:onMessage(58)) - Datanode 43e3b32e-2140-4fa1-8836-a25b5f48f789{ip: 192.168.5.168, host: trunk-nightly-6qp7m-2461138711, networkLocation: /default-rack, certSerialId: null} moved to stale state. Finalizing its pipelines [PipelineID=1b586110-10f4-4cf3-b0aa-17759daf4a2f, PipelineID=d14cd13f-5f3b-4278-8d45-7a3892b9d70b]
2019-07-13 20:38:50,824 INFO  pipeline.SCMPipelineManager (SCMPipelineManager.java:finalizeAndDestroyPipeline(309)) - destroying pipeline:Pipeline[ Id: 1b586110-10f4-4cf3-b0aa-17759daf4a2f, Nodes: 43e3b32e-2140-4fa1-8836-a25b5f48f789{ip: 192.168.5.168, host: trunk-nightly-6qp7m-2461138711, networkLocation: /default-rack, certSerialId: null}462e9187-1bd9-45e4-a728-a3c0f536132c{ip: 192.168.5.168, host: trunk-nightly-6qp7m-2461138711, networkLocation: /default-rack, certSerialId: null}2905612f-b574-451f-ad33-d2857cb35c1a{ip: 192.168.5.168, host: trunk-nightly-6qp7m-2461138711, networkLocation: /default-rack, certSerialId: null}, Type:RATIS, Factor:THREE, State:OPEN]
2019-07-13 20:38:50,824 INFO  pipeline.PipelineStateManager (PipelineStateManager.java:finalizePipeline(123)) - Pipeline Pipeline[ Id: 1b586110-10f4-4cf3-b0aa-17759daf4a2f, Nodes: 43e3b32e-2140-4fa1-8836-a25b5f48f789{ip: 192.168.5.168, host: trunk-nightly-6qp7m-2461138711, networkLocation: /default-rack, certSerialId: null}462e9187-1bd9-45e4-a728-a3c0f536132c{ip: 192.168.5.168, host: trunk-nightly-6qp7m-2461138711, networkLocation: /default-rack, certSerialId: null}2905612f-b574-451f-ad33-d2857cb35c1a{ip: 192.168.5.168, host: trunk-nightly-6qp7m-2461138711, networkLocation: /default-rack, certSerialId: null}, Type:RATIS, Factor:THREE, State:CLOSED] moved to CLOSED state
2019-07-13 20:38:50,825 INFO  pipeline.SCMPipelineManager (SCMPipelineManager.java:finalizeAndDestroyPipeline(309)) - destroying pipeline:Pipeline[ Id: d14cd13f-5f3b-4278-8d45-7a3892b9d70b, Nodes: 43e3b32e-2140-4fa1-8836-a25b5f48f789{ip: 192.168.5.168, host: trunk-nightly-6qp7m-2461138711, networkLocation: /default-rack, certSerialId: null}, Type:RATIS, Factor:ONE, State:OPEN]
2019-07-13 20:38:50,825 INFO  pipeline.PipelineStateManager (PipelineStateManager.java:finalizePipeline(123)) - Pipeline Pipeline[ Id: d14cd13f-5f3b-4278-8d45-7a3892b9d70b, Nodes: 43e3b32e-2140-4fa1-8836-a25b5f48f789{ip: 192.168.5.168, host: trunk-nightly-6qp7m-2461138711, networkLocation: /default-rack, certSerialId: null}, Type:RATIS, Factor:ONE, State:CLOSED] moved to CLOSED state
2019-07-13 20:38:50,924 INFO  node.StaleNodeHandler (StaleNodeHandler.java:onMessage(58)) - Datanode 4c380176-de97-462b-b46a-a80e4c1ce125{ip: 192.168.5.168, host: trunk-nightly-6qp7m-2461138711, networkLocation: /default-rack, certSerialId: null} moved to stale state. Finalizing its pipelines [PipelineID=17768fd0-7810-464d-a337-5018c0ee5c5b, PipelineID=38a85641-2625-4fc4-b69f-40d2740d2510]
2019-07-13 20:38:50,924 INFO  pipeline.SCMPipelineManager (SCMPipelineManager.java:finalizeAndDestroyPipeline(309)) - destroying pipeline:Pipeline[ Id: 17768fd0-7810-464d-a337-5018c0ee5c5b, Nodes: 9bc81915-8fdf-4499-89b4-39fb809057e6{ip: 192.168.5.168, host: trunk-nightly-6qp7m-2461138711, networkLocation: /default-rack, certSerialId: null}3f97cf59-2b26-42fa-8304-f8ca7a5f916b{ip: 192.168.5.168, host: trunk-nightly-6qp7m-2461138711, networkLocation: /default-rack, certSerialId: null}4c380176-de97-462b-b46a-a80e4c1ce125{ip: 192.168.5.168, host: trunk-nightly-6qp7m-2461138711, networkLocation: /default-rack, certSerialId: null}, Type:RATIS, Factor:THREE, State:OPEN]
2019-07-13 20:38:50,924 INFO  pipeline.PipelineStateManager (PipelineStateManager.java:finalizePipeline(123)) - Pipeline Pipeline[ Id: 17768fd0-7810-464d-a337-5018c0ee5c5b, Nodes: 9bc81915-8fdf-4499-89b4-39fb809057e6{ip: 192.168.5.168, host: trunk-nightly-6qp7m-2461138711, networkLocation: /default-rack, certSerialId: null}3f97cf59-2b26-42fa-8304-f8ca7a5f916b{ip: 192.168.5.168, host: trunk-nightly-6qp7m-2461138711, networkLocation: /default-rack, certSerialId: null}4c380176-de97-462b-b46a-a80e4c1ce125{ip: 192.168.5.168, host: trunk-nightly-6qp7m-2461138711, networkLocation: /default-rack, certSerialId: null}, Type:RATIS, Factor:THREE, State:CLOSED] moved to CLOSED state
2019-07-13 20:38:50,924 INFO  container.CloseContainerEventHandler (CloseContainerEventHandler.java:onMessage(61)) - Close container Event triggered for container : #2
2019-07-13 20:38:50,924 INFO  pipeline.SCMPipelineManager (SCMPipelineManager.java:finalizeAndDestroyPipeline(309)) - destroying pipeline:Pipeline[ Id: 38a85641-2625-4fc4-b69f-40d2740d2510, Nodes: 4c380176-de97-462b-b46a-a80e4c1ce125{ip: 192.168.5.168, host: trunk-nightly-6qp7m-2461138711, networkLocation: /default-rack, certSerialId: null}, Type:RATIS, Factor:ONE, State:OPEN]
2019-07-13 20:38:50,925 INFO  pipeline.PipelineStateManager (PipelineStateManager.java:finalizePipeline(123)) - Pipeline Pipeline[ Id: 38a85641-2625-4fc4-b69f-40d2740d2510, Nodes: 4c380176-de97-462b-b46a-a80e4c1ce125{ip: 192.168.5.168, host: trunk-nightly-6qp7m-2461138711, networkLocation: /default-rack, certSerialId: null}, Type:RATIS, Factor:ONE, State:CLOSED] moved to CLOSED state
2019-07-13 20:38:50,997 INFO  ozoneimpl.OzoneContainer (OzoneContainer.java:stop(199)) - Attempting to stop container services.
2019-07-13 20:38:50,997 INFO  ozoneimpl.OzoneContainer (OzoneContainer.java:stop(199)) - Attempting to stop container services.
2019-07-13 20:38:50,998 INFO  impl.RaftServerProxy (RaftServerProxy.java:lambda$close$4(314)) - 43e3b32e-2140-4fa1-8836-a25b5f48f789: close
2019-07-13 20:38:50,998 INFO  impl.RaftServerProxy (RaftServerProxy.java:lambda$close$4(314)) - 4c380176-de97-462b-b46a-a80e4c1ce125: close
2019-07-13 20:38:50,998 INFO  impl.RaftServerImpl (RaftServerImpl.java:lambda$shutdown$3(245)) - 43e3b32e-2140-4fa1-8836-a25b5f48f789: shutdown group-17759DAF4A2F
2019-07-13 20:38:50,999 INFO  impl.RaftServerImpl (RaftServerImpl.java:lambda$shutdown$3(245)) - 4c380176-de97-462b-b46a-a80e4c1ce125: shutdown group-5018C0EE5C5B
2019-07-13 20:38:50,999 INFO  util.JmxRegister (JmxRegister.java:unregister(73)) - Successfully un-registered JMX Bean with object name Ratis:service=RaftServer,group=group-17759DAF4A2F,id=43e3b32e-2140-4fa1-8836-a25b5f48f789
2019-07-13 20:38:50,999 INFO  util.JmxRegister (JmxRegister.java:unregister(73)) - Successfully un-registered JMX Bean with object name Ratis:service=RaftServer,group=group-5018C0EE5C5B,id=4c380176-de97-462b-b46a-a80e4c1ce125
2019-07-13 20:38:51,000 INFO  impl.RoleInfo (RoleInfo.java:shutdownFollowerState(121)) - 43e3b32e-2140-4fa1-8836-a25b5f48f789: shutdown FollowerState
2019-07-13 20:38:51,000 INFO  impl.RoleInfo (RoleInfo.java:shutdownFollowerState(121)) - 4c380176-de97-462b-b46a-a80e4c1ce125: shutdown FollowerState
2019-07-13 20:38:51,001 INFO  impl.FollowerState (FollowerState.java:run(114)) - 43e3b32e-2140-4fa1-8836-a25b5f48f789: FollowerState was interrupted: java.lang.InterruptedException: sleep interrupted
2019-07-13 20:38:51,001 INFO  ratis.ContainerStateMachine (ContainerStateMachine.java:takeSnapshot(246)) - Taking snapshot at termIndex:(t:1, i:7)
2019-07-13 20:38:51,005 INFO  ratis.ContainerStateMachine (ContainerStateMachine.java:takeSnapshot(250)) - Taking a snapshot to file /tmp/workdir/hadoop-ozone/integration-test/target/test-dir/MiniOzoneClusterImpl-9132184a-f07b-4f43-a579-05aa7b8c0a23/datanode-1/data/ratis/1b586110-10f4-4cf3-b0aa-17759daf4a2f/sm/snapshot.1_7
2019-07-13 20:38:51,000 INFO  impl.StateMachineUpdater (StateMachineUpdater.java:stopAndJoin(115)) - StateMachineUpdater:43e3b32e-2140-4fa1-8836-a25b5f48f789:group-17759DAF4A2F: set stopIndex = 8
2019-07-13 20:38:51,001 INFO  ratis.ContainerStateMachine (ContainerStateMachine.java:takeSnapshot(246)) - Taking snapshot at termIndex:(t:1, i:4)
2019-07-13 20:38:51,001 INFO  impl.FollowerState (FollowerState.java:run(114)) - 4c380176-de97-462b-b46a-a80e4c1ce125: FollowerState was interrupted: java.lang.InterruptedException: sleep interrupted
2019-07-13 20:38:51,001 INFO  impl.StateMachineUpdater (StateMachineUpdater.java:stopAndJoin(115)) - StateMachineUpdater:4c380176-de97-462b-b46a-a80e4c1ce125:group-5018C0EE5C5B: set stopIndex = 6
2019-07-13 20:38:51,006 INFO  ratis.ContainerStateMachine (ContainerStateMachine.java:takeSnapshot(250)) - Taking a snapshot to file /tmp/workdir/hadoop-ozone/integration-test/target/test-dir/MiniOzoneClusterImpl-9132184a-f07b-4f43-a579-05aa7b8c0a23/datanode-4/data/ratis/17768fd0-7810-464d-a337-5018c0ee5c5b/sm/snapshot.1_4
2019-07-13 20:38:51,018 INFO  impl.StateMachineUpdater (StateMachineUpdater.java:takeSnapshot(242)) - StateMachineUpdater:43e3b32e-2140-4fa1-8836-a25b5f48f789:group-17759DAF4A2F: Took a snapshot at index 7
2019-07-13 20:38:51,018 INFO  impl.StateMachineUpdater (StateMachineUpdater.java:takeSnapshot(242)) - StateMachineUpdater:4c380176-de97-462b-b46a-a80e4c1ce125:group-5018C0EE5C5B: Took a snapshot at index 4
2019-07-13 20:38:51,018 INFO  impl.StateMachineUpdater (StateMachineUpdater.java:lambda$new$0(80)) - StateMachineUpdater:43e3b32e-2140-4fa1-8836-a25b5f48f789:group-17759DAF4A2F: snapshotIndex: updateIncreasingly -1 -> 7
2019-07-13 20:38:51,019 INFO  impl.StateMachineUpdater (StateMachineUpdater.java:lambda$new$0(80)) - StateMachineUpdater:4c380176-de97-462b-b46a-a80e4c1ce125:group-5018C0EE5C5B: snapshotIndex: updateIncreasingly -1 -> 4
2019-07-13 20:38:51,019 INFO  impl.RaftServerImpl (ServerState.java:close(394)) - 43e3b32e-2140-4fa1-8836-a25b5f48f789:group-17759DAF4A2F closes. The last applied log index is 8
2019-07-13 20:38:51,019 INFO  impl.RaftServerImpl (ServerState.java:close(394)) - 4c380176-de97-462b-b46a-a80e4c1ce125:group-5018C0EE5C5B closes. The last applied log index is 6
2019-07-13 20:38:51,020 INFO  segmented.SegmentedRaftLogWorker (SegmentedRaftLogWorker.java:run(313)) - 43e3b32e-2140-4fa1-8836-a25b5f48f789-SegmentedRaftLogWorker:Storage Directory /tmp/workdir/hadoop-ozone/integration-test/target/test-dir/MiniOzoneClusterImpl-9132184a-f07b-4f43-a579-05aa7b8c0a23/datanode-1/data/ratis/1b586110-10f4-4cf3-b0aa-17759daf4a2f was interrupted, exiting. There are 0 tasks remaining in the queue.
2019-07-13 20:38:51,020 INFO  segmented.SegmentedRaftLogWorker (SegmentedRaftLogWorker.java:run(313)) - 4c380176-de97-462b-b46a-a80e4c1ce125-SegmentedRaftLogWorker:Storage Directory /tmp/workdir/hadoop-ozone/integration-test/target/test-dir/MiniOzoneClusterImpl-9132184a-f07b-4f43-a579-05aa7b8c0a23/datanode-4/data/ratis/17768fd0-7810-464d-a337-5018c0ee5c5b was interrupted, exiting. There are 0 tasks remaining in the queue.
2019-07-13 20:38:51,022 INFO  segmented.SegmentedRaftLogWorker (SegmentedRaftLogWorker.java:close(228)) - 43e3b32e-2140-4fa1-8836-a25b5f48f789-SegmentedRaftLogWorker:Storage Directory /tmp/workdir/hadoop-ozone/integration-test/target/test-dir/MiniOzoneClusterImpl-9132184a-f07b-4f43-a579-05aa7b8c0a23/datanode-1/data/ratis/1b586110-10f4-4cf3-b0aa-17759daf4a2f close()
2019-07-13 20:38:51,025 INFO  segmented.SegmentedRaftLogWorker (SegmentedRaftLogWorker.java:close(228)) - 4c380176-de97-462b-b46a-a80e4c1ce125-SegmentedRaftLogWorker:Storage Directory /tmp/workdir/hadoop-ozone/integration-test/target/test-dir/MiniOzoneClusterImpl-9132184a-f07b-4f43-a579-05aa7b8c0a23/datanode-4/data/ratis/17768fd0-7810-464d-a337-5018c0ee5c5b close()
2019-07-13 20:38:51,030 INFO  impl.RaftServerImpl (RaftServerImpl.java:lambda$shutdown$3(245)) - 43e3b32e-2140-4fa1-8836-a25b5f48f789: shutdown group-7A3892B9D70B
2019-07-13 20:38:51,035 INFO  impl.RaftServerImpl (RaftServerImpl.java:lambda$shutdown$3(245)) - 4c380176-de97-462b-b46a-a80e4c1ce125: shutdown group-40D2740D2510
2019-07-13 20:38:51,035 INFO  util.JmxRegister (JmxRegister.java:unregister(73)) - Successfully un-registered JMX Bean with object name Ratis:service=RaftServer,group=group-7A3892B9D70B,id=43e3b32e-2140-4fa1-8836-a25b5f48f789
2019-07-13 20:38:51,035 INFO  util.JmxRegister (JmxRegister.java:unregister(73)) - Successfully un-registered JMX Bean with object name Ratis:service=RaftServer,group=group-40D2740D2510,id=4c380176-de97-462b-b46a-a80e4c1ce125
2019-07-13 20:38:51,035 INFO  impl.RoleInfo (RoleInfo.java:shutdownLeaderState(104)) - 43e3b32e-2140-4fa1-8836-a25b5f48f789: shutdown LeaderState
2019-07-13 20:38:51,036 INFO  impl.RoleInfo (RoleInfo.java:shutdownLeaderState(104)) - 4c380176-de97-462b-b46a-a80e4c1ce125: shutdown LeaderState
2019-07-13 20:38:51,036 INFO  impl.PendingRequests (PendingRequests.java:sendNotLeaderResponses(202)) - 43e3b32e-2140-4fa1-8836-a25b5f48f789-PendingRequests: sendNotLeaderResponses
2019-07-13 20:38:51,036 INFO  impl.PendingRequests (PendingRequests.java:sendNotLeaderResponses(202)) - 4c380176-de97-462b-b46a-a80e4c1ce125-PendingRequests: sendNotLeaderResponses
2019-07-13 20:38:51,037 INFO  ratis.ContainerStateMachine (ContainerStateMachine.java:takeSnapshot(246)) - Taking snapshot at termIndex:(t:0, i:~)
2019-07-13 20:38:51,037 INFO  impl.StateMachineUpdater (StateMachineUpdater.java:stopAndJoin(115)) - StateMachineUpdater:43e3b32e-2140-4fa1-8836-a25b5f48f789:group-7A3892B9D70B: set stopIndex = 0
2019-07-13 20:38:51,037 INFO  ratis.ContainerStateMachine (ContainerStateMachine.java:takeSnapshot(246)) - Taking snapshot at termIndex:(t:0, i:~)
2019-07-13 20:38:51,037 INFO  impl.StateMachineUpdater (StateMachineUpdater.java:stopAndJoin(115)) - StateMachineUpdater:4c380176-de97-462b-b46a-a80e4c1ce125:group-40D2740D2510: set stopIndex = 0
2019-07-13 20:38:51,038 INFO  impl.RaftServerImpl (ServerState.java:close(394)) - 43e3b32e-2140-4fa1-8836-a25b5f48f789:group-7A3892B9D70B closes. The last applied log index is 0
2019-07-13 20:38:51,038 INFO  impl.RaftServerImpl (ServerState.java:close(394)) - 4c380176-de97-462b-b46a-a80e4c1ce125:group-40D2740D2510 closes. The last applied log index is 0
2019-07-13 20:38:51,039 INFO  segmented.SegmentedRaftLogWorker (SegmentedRaftLogWorker.java:run(313)) - 43e3b32e-2140-4fa1-8836-a25b5f48f789-SegmentedRaftLogWorker:Storage Directory /tmp/workdir/hadoop-ozone/integration-test/target/test-dir/MiniOzoneClusterImpl-9132184a-f07b-4f43-a579-05aa7b8c0a23/datanode-1/data/ratis/d14cd13f-5f3b-4278-8d45-7a3892b9d70b was interrupted, exiting. There are 0 tasks remaining in the queue.
2019-07-13 20:38:51,039 INFO  segmented.SegmentedRaftLogWorker (SegmentedRaftLogWorker.java:run(313)) - 4c380176-de97-462b-b46a-a80e4c1ce125-SegmentedRaftLogWorker:Storage Directory /tmp/workdir/hadoop-ozone/integration-test/target/test-dir/MiniOzoneClusterImpl-9132184a-f07b-4f43-a579-05aa7b8c0a23/datanode-4/data/ratis/38a85641-2625-4fc4-b69f-40d2740d2510 was interrupted, exiting. There are 0 tasks remaining in the queue.
2019-07-13 20:38:51,041 INFO  segmented.SegmentedRaftLogWorker (SegmentedRaftLogWorker.java:close(228)) - 43e3b32e-2140-4fa1-8836-a25b5f48f789-SegmentedRaftLogWorker:Storage Directory /tmp/workdir/hadoop-ozone/integration-test/target/test-dir/MiniOzoneClusterImpl-9132184a-f07b-4f43-a579-05aa7b8c0a23/datanode-1/data/ratis/d14cd13f-5f3b-4278-8d45-7a3892b9d70b close()
2019-07-13 20:38:51,044 INFO  segmented.SegmentedRaftLogWorker (SegmentedRaftLogWorker.java:close(228)) - 4c380176-de97-462b-b46a-a80e4c1ce125-SegmentedRaftLogWorker:Storage Directory /tmp/workdir/hadoop-ozone/integration-test/target/test-dir/MiniOzoneClusterImpl-9132184a-f07b-4f43-a579-05aa7b8c0a23/datanode-4/data/ratis/38a85641-2625-4fc4-b69f-40d2740d2510 close()
2019-07-13 20:38:51,048 INFO  server.GrpcService (GrpcService.java:closeImpl(155)) - 43e3b32e-2140-4fa1-8836-a25b5f48f789: shutdown server with port 32942 now
2019-07-13 20:38:51,052 INFO  server.GrpcService (GrpcService.java:closeImpl(155)) - 4c380176-de97-462b-b46a-a80e4c1ce125: shutdown server with port 39172 now
2019-07-13 20:38:51,056 WARN  server.GrpcServerProtocolService (LogUtils.java:warn(134)) - 43e3b32e-2140-4fa1-8836-a25b5f48f789: appendEntries onError: org.apache.ratis.thirdparty.io.grpc.StatusRuntimeException: CANCELLED: cancelled before receiving half close
2019-07-13 20:38:51,056 INFO  server.GrpcService (GrpcService.java:closeImpl(163)) - 43e3b32e-2140-4fa1-8836-a25b5f48f789: shutdown server with port 32942 successfully
2019-07-13 20:38:51,056 INFO  server.GrpcService (GrpcService.java:closeImpl(163)) - 4c380176-de97-462b-b46a-a80e4c1ce125: shutdown server with port 39172 successfully
2019-07-13 20:38:51,057 WARN  server.GrpcLogAppender (LogUtils.java:warn(134)) - 9bc81915-8fdf-4499-89b4-39fb809057e6->4c380176-de97-462b-b46a-a80e4c1ce125: Failed appendEntries: org.apache.ratis.thirdparty.io.grpc.StatusRuntimeException: CANCELLED: HTTP/2 error code: CANCEL
Received Rst Stream
2019-07-13 20:38:51,056 WARN  server.GrpcServerProtocolService (LogUtils.java:warn(134)) - 4c380176-de97-462b-b46a-a80e4c1ce125: appendEntries onError: org.apache.ratis.thirdparty.io.grpc.StatusRuntimeException: CANCELLED: cancelled before receiving half close
2019-07-13 20:38:51,056 WARN  server.GrpcLogAppender (LogUtils.java:warn(134)) - 462e9187-1bd9-45e4-a728-a3c0f536132c->43e3b32e-2140-4fa1-8836-a25b5f48f789: Failed appendEntries: org.apache.ratis.thirdparty.io.grpc.StatusRuntimeException: CANCELLED: HTTP/2 error code: CANCEL
Received Rst Stream
2019-07-13 20:38:51,057 INFO  impl.FollowerInfo (FollowerInfo.java:lambda$new$0(50)) - 9bc81915-8fdf-4499-89b4-39fb809057e6->4c380176-de97-462b-b46a-a80e4c1ce125: nextIndex: updateUnconditionally 7 -> 6
2019-07-13 20:38:51,058 INFO  impl.FollowerInfo (FollowerInfo.java:lambda$new$0(50)) - 462e9187-1bd9-45e4-a728-a3c0f536132c->43e3b32e-2140-4fa1-8836-a25b5f48f789: nextIndex: updateUnconditionally 9 -> 8
2019-07-13 20:38:51,060 INFO  utils.BackgroundService (BackgroundService.java:shutdown(148)) - Shutting down service BlockDeletingService
2019-07-13 20:38:51,061 WARN  fs.CachingGetSpaceUsed (CachingGetSpaceUsed.java:run(183)) - Thread Interrupted waiting to refresh disk information: sleep interrupted
2019-07-13 20:38:51,064 INFO  utils.BackgroundService (BackgroundService.java:shutdown(148)) - Shutting down service BlockDeletingService
2019-07-13 20:38:51,068 WARN  fs.CachingGetSpaceUsed (CachingGetSpaceUsed.java:run(183)) - Thread Interrupted waiting to refresh disk information: sleep interrupted
2019-07-13 20:38:51,089 INFO  statemachine.DatanodeStateMachine (DatanodeStateMachine.java:stopDaemon(395)) - Ozone container server stopped.
2019-07-13 20:38:51,096 INFO  handler.ContextHandler (ContextHandler.java:doStop(910)) - Stopped o.e.j.w.WebAppContext@5985102f{/,null,UNAVAILABLE}{/hddsDatanode}
2019-07-13 20:38:51,097 INFO  server.AbstractConnector (AbstractConnector.java:doStop(318)) - Stopped ServerConnector@3695e28a{HTTP/1.1,[http/1.1]}{0.0.0.0:0}
2019-07-13 20:38:51,099 INFO  handler.ContextHandler (ContextHandler.java:doStop(910)) - Stopped o.e.j.s.ServletContextHandler@3df3e1e9{/static,jar:file:/home/user/.m2/repository/org/apache/hadoop/hadoop-hdds-container-service/0.5.0-SNAPSHOT/hadoop-hdds-container-service-0.5.0-SNAPSHOT.jar!/webapps/static,UNAVAILABLE}
2019-07-13 20:38:51,102 INFO  handler.ContextHandler (ContextHandler.java:doStop(910)) - Stopped o.e.j.s.ServletContextHandler@5c1d1aa6{/logs,file:///tmp/workdir/hadoop-ozone/integration-test/target/log,UNAVAILABLE}
2019-07-13 20:38:51,108 INFO  statemachine.DatanodeStateMachine (DatanodeStateMachine.java:stopDaemon(395)) - Ozone container server stopped.
2019-07-13 20:38:51,108 INFO  datanode.ObjectStoreHandler (ObjectStoreHandler.java:close(155)) - Closing ObjectStoreHandler.
2019-07-13 20:38:51,109 INFO  ozone.HddsDatanodeService (HddsDatanodeService.java:stop(452)) - Stopped plug-in org.apache.hadoop.ozone.web.OzoneHddsDatanodeService@48c372db
2019-07-13 20:38:51,109 INFO  handler.ContextHandler (ContextHandler.java:doStop(910)) - Stopped o.e.j.w.WebAppContext@5da1d91{/,null,UNAVAILABLE}{/hddsDatanode}
2019-07-13 20:38:51,110 INFO  server.AbstractConnector (AbstractConnector.java:doStop(318)) - Stopped ServerConnector@33c28f0d{HTTP/1.1,[http/1.1]}{0.0.0.0:0}
2019-07-13 20:38:51,111 INFO  handler.ContextHandler (ContextHandler.java:doStop(910)) - Stopped o.e.j.s.ServletContextHandler@281e2637{/static,jar:file:/home/user/.m2/repository/org/apache/hadoop/hadoop-hdds-container-service/0.5.0-SNAPSHOT/hadoop-hdds-container-service-0.5.0-SNAPSHOT.jar!/webapps/static,UNAVAILABLE}
2019-07-13 20:38:51,111 INFO  handler.ContextHandler (ContextHandler.java:doStop(910)) - Stopped o.e.j.s.ServletContextHandler@4159113f{/logs,file:///tmp/workdir/hadoop-ozone/integration-test/target/log,UNAVAILABLE}
2019-07-13 20:38:51,112 INFO  datanode.ObjectStoreHandler (ObjectStoreHandler.java:close(155)) - Closing ObjectStoreHandler.
2019-07-13 20:38:51,112 INFO  ozone.HddsDatanodeService (HddsDatanodeService.java:stop(452)) - Stopped plug-in org.apache.hadoop.ozone.web.OzoneHddsDatanodeService@35798cd0
2019-07-13 20:38:51,720 INFO  statemachine.DatanodeStateMachine (DatanodeStateMachine.java:lambda$startDaemon$0(350)) - Ozone container server started.
2019-07-13 20:38:51,846 INFO  statemachine.DatanodeStateMachine (DatanodeStateMachine.java:lambda$startDaemon$0(350)) - Ozone container server started.
2019-07-13 20:38:53,205 WARN  server.GrpcLogAppender (LogUtils.java:warn(134)) - 462e9187-1bd9-45e4-a728-a3c0f536132c->43e3b32e-2140-4fa1-8836-a25b5f48f789: Failed appendEntries: org.apache.ratis.thirdparty.io.grpc.StatusRuntimeException: UNAVAILABLE: io exception
2019-07-13 20:38:53,206 INFO  impl.FollowerInfo (FollowerInfo.java:lambda$new$0(50)) - 462e9187-1bd9-45e4-a728-a3c0f536132c->43e3b32e-2140-4fa1-8836-a25b5f48f789: nextIndex: updateUnconditionally 8 -> 7
2019-07-13 20:38:53,422 WARN  server.GrpcLogAppender (LogUtils.java:warn(134)) - 9bc81915-8fdf-4499-89b4-39fb809057e6->4c380176-de97-462b-b46a-a80e4c1ce125: Failed appendEntries: org.apache.ratis.thirdparty.io.grpc.StatusRuntimeException: UNAVAILABLE: io exception
2019-07-13 20:38:53,423 INFO  impl.FollowerInfo (FollowerInfo.java:lambda$new$0(50)) - 9bc81915-8fdf-4499-89b4-39fb809057e6->4c380176-de97-462b-b46a-a80e4c1ce125: nextIndex: updateUnconditionally 6 -> 5
2019-07-13 20:38:55,706 WARN  server.GrpcLogAppender (LogUtils.java:warn(134)) - 462e9187-1bd9-45e4-a728-a3c0f536132c->43e3b32e-2140-4fa1-8836-a25b5f48f789: Failed appendEntries: org.apache.ratis.thirdparty.io.grpc.StatusRuntimeException: UNAVAILABLE: io exception
2019-07-13 20:38:55,707 INFO  impl.FollowerInfo (FollowerInfo.java:lambda$new$0(50)) - 462e9187-1bd9-45e4-a728-a3c0f536132c->43e3b32e-2140-4fa1-8836-a25b5f48f789: nextIndex: updateUnconditionally 7 -> 6
2019-07-13 20:38:55,731 INFO  node.StaleNodeHandler (StaleNodeHandler.java:onMessage(58)) - Datanode 462e9187-1bd9-45e4-a728-a3c0f536132c{ip: 192.168.5.168, host: trunk-nightly-6qp7m-2461138711, networkLocation: /default-rack, certSerialId: null} moved to stale state. Finalizing its pipelines [PipelineID=1b586110-10f4-4cf3-b0aa-17759daf4a2f, PipelineID=ea948c22-3c7f-4262-914b-56f450caac30]
2019-07-13 20:38:55,731 INFO  pipeline.SCMPipelineManager (SCMPipelineManager.java:finalizeAndDestroyPipeline(309)) - destroying pipeline:Pipeline[ Id: 1b586110-10f4-4cf3-b0aa-17759daf4a2f, Nodes: 43e3b32e-2140-4fa1-8836-a25b5f48f789{ip: 192.168.5.168, host: trunk-nightly-6qp7m-2461138711, networkLocation: /default-rack, certSerialId: null}462e9187-1bd9-45e4-a728-a3c0f536132c{ip: 192.168.5.168, host: trunk-nightly-6qp7m-2461138711, networkLocation: /default-rack, certSerialId: null}2905612f-b574-451f-ad33-d2857cb35c1a{ip: 192.168.5.168, host: trunk-nightly-6qp7m-2461138711, networkLocation: /default-rack, certSerialId: null}, Type:RATIS, Factor:THREE, State:CLOSED]
2019-07-13 20:38:55,731 INFO  pipeline.SCMPipelineManager (SCMPipelineManager.java:finalizeAndDestroyPipeline(309)) - destroying pipeline:Pipeline[ Id: ea948c22-3c7f-4262-914b-56f450caac30, Nodes: 462e9187-1bd9-45e4-a728-a3c0f536132c{ip: 192.168.5.168, host: trunk-nightly-6qp7m-2461138711, networkLocation: /default-rack, certSerialId: null}, Type:RATIS, Factor:ONE, State:OPEN]
2019-07-13 20:38:55,731 INFO  pipeline.PipelineStateManager (PipelineStateManager.java:finalizePipeline(123)) - Pipeline Pipeline[ Id: ea948c22-3c7f-4262-914b-56f450caac30, Nodes: 462e9187-1bd9-45e4-a728-a3c0f536132c{ip: 192.168.5.168, host: trunk-nightly-6qp7m-2461138711, networkLocation: /default-rack, certSerialId: null}, Type:RATIS, Factor:ONE, State:CLOSED] moved to CLOSED state
2019-07-13 20:38:55,923 WARN  server.GrpcLogAppender (LogUtils.java:warn(134)) - 9bc81915-8fdf-4499-89b4-39fb809057e6->4c380176-de97-462b-b46a-a80e4c1ce125: Failed appendEntries: org.apache.ratis.thirdparty.io.grpc.StatusRuntimeException: UNAVAILABLE: io exception
2019-07-13 20:38:55,923 INFO  impl.FollowerInfo (FollowerInfo.java:lambda$new$0(50)) - 9bc81915-8fdf-4499-89b4-39fb809057e6->4c380176-de97-462b-b46a-a80e4c1ce125: nextIndex: updateUnconditionally 5 -> 4
2019-07-13 20:38:55,931 INFO  node.StaleNodeHandler (StaleNodeHandler.java:onMessage(58)) - Datanode 9bc81915-8fdf-4499-89b4-39fb809057e6{ip: 192.168.5.168, host: trunk-nightly-6qp7m-2461138711, networkLocation: /default-rack, certSerialId: null} moved to stale state. Finalizing its pipelines [PipelineID=17768fd0-7810-464d-a337-5018c0ee5c5b, PipelineID=e3037a62-65e3-40d6-9819-59673a932695]
2019-07-13 20:38:55,931 INFO  pipeline.SCMPipelineManager (SCMPipelineManager.java:finalizeAndDestroyPipeline(309)) - destroying pipeline:Pipeline[ Id: 17768fd0-7810-464d-a337-5018c0ee5c5b, Nodes: 9bc81915-8fdf-4499-89b4-39fb809057e6{ip: 192.168.5.168, host: trunk-nightly-6qp7m-2461138711, networkLocation: /default-rack, certSerialId: null}3f97cf59-2b26-42fa-8304-f8ca7a5f916b{ip: 192.168.5.168, host: trunk-nightly-6qp7m-2461138711, networkLocation: /default-rack, certSerialId: null}4c380176-de97-462b-b46a-a80e4c1ce125{ip: 192.168.5.168, host: trunk-nightly-6qp7m-2461138711, networkLocation: /default-rack, certSerialId: null}, Type:RATIS, Factor:THREE, State:CLOSED]
2019-07-13 20:38:55,931 INFO  pipeline.SCMPipelineManager (SCMPipelineManager.java:finalizeAndDestroyPipeline(309)) - destroying pipeline:Pipeline[ Id: e3037a62-65e3-40d6-9819-59673a932695, Nodes: 9bc81915-8fdf-4499-89b4-39fb809057e6{ip: 192.168.5.168, host: trunk-nightly-6qp7m-2461138711, networkLocation: /default-rack, certSerialId: null}, Type:RATIS, Factor:ONE, State:OPEN]
2019-07-13 20:38:55,932 INFO  pipeline.PipelineStateManager (PipelineStateManager.java:finalizePipeline(123)) - Pipeline Pipeline[ Id: e3037a62-65e3-40d6-9819-59673a932695, Nodes: 9bc81915-8fdf-4499-89b4-39fb809057e6{ip: 192.168.5.168, host: trunk-nightly-6qp7m-2461138711, networkLocation: /default-rack, certSerialId: null}, Type:RATIS, Factor:ONE, State:CLOSED] moved to CLOSED state
2019-07-13 20:38:56,110 INFO  ozoneimpl.OzoneContainer (OzoneContainer.java:stop(199)) - Attempting to stop container services.
2019-07-13 20:38:56,110 INFO  impl.RaftServerProxy (RaftServerProxy.java:lambda$close$4(314)) - 462e9187-1bd9-45e4-a728-a3c0f536132c: close
2019-07-13 20:38:56,111 INFO  impl.RaftServerImpl (RaftServerImpl.java:lambda$shutdown$3(245)) - 462e9187-1bd9-45e4-a728-a3c0f536132c: shutdown group-17759DAF4A2F
2019-07-13 20:38:56,111 INFO  util.JmxRegister (JmxRegister.java:unregister(73)) - Successfully un-registered JMX Bean with object name Ratis:service=RaftServer,group=group-17759DAF4A2F,id=462e9187-1bd9-45e4-a728-a3c0f536132c
2019-07-13 20:38:56,111 INFO  impl.RoleInfo (RoleInfo.java:shutdownLeaderState(104)) - 462e9187-1bd9-45e4-a728-a3c0f536132c: shutdown LeaderState
2019-07-13 20:38:56,126 WARN  server.GrpcLogAppender (GrpcLogAppender.java:mayWait(143)) - GrpcLogAppender(462e9187-1bd9-45e4-a728-a3c0f536132c->2905612f-b574-451f-ad33-d2857cb35c1a): Wait interrupted by java.lang.InterruptedException
2019-07-13 20:38:56,126 INFO  impl.PendingRequests (PendingRequests.java:sendNotLeaderResponses(202)) - 462e9187-1bd9-45e4-a728-a3c0f536132c-PendingRequests: sendNotLeaderResponses
2019-07-13 20:38:56,126 INFO  ozoneimpl.OzoneContainer (OzoneContainer.java:stop(199)) - Attempting to stop container services.
2019-07-13 20:38:56,126 WARN  server.GrpcLogAppender (GrpcLogAppender.java:mayWait(143)) - GrpcLogAppender(462e9187-1bd9-45e4-a728-a3c0f536132c->43e3b32e-2140-4fa1-8836-a25b5f48f789): Wait interrupted by java.lang.InterruptedException
2019-07-13 20:38:56,127 INFO  impl.RaftServerProxy (RaftServerProxy.java:lambda$close$4(314)) - 9bc81915-8fdf-4499-89b4-39fb809057e6: close
2019-07-13 20:38:56,127 INFO  ratis.ContainerStateMachine (ContainerStateMachine.java:takeSnapshot(246)) - Taking snapshot at termIndex:(t:1, i:8)
2019-07-13 20:38:56,127 INFO  server.GrpcServerProtocolService (GrpcServerProtocolService.java:onCompleted(104)) - 2905612f-b574-451f-ad33-d2857cb35c1a: appendEntries completed
2019-07-13 20:38:56,127 INFO  impl.StateMachineUpdater (StateMachineUpdater.java:stopAndJoin(115)) - StateMachineUpdater:462e9187-1bd9-45e4-a728-a3c0f536132c:group-17759DAF4A2F: set stopIndex = 8
2019-07-13 20:38:56,128 INFO  ratis.ContainerStateMachine (ContainerStateMachine.java:takeSnapshot(250)) - Taking a snapshot to file /tmp/workdir/hadoop-ozone/integration-test/target/test-dir/MiniOzoneClusterImpl-9132184a-f07b-4f43-a579-05aa7b8c0a23/datanode-2/data/ratis/1b586110-10f4-4cf3-b0aa-17759daf4a2f/sm/snapshot.1_8
2019-07-13 20:38:56,128 INFO  impl.RaftServerImpl (RaftServerImpl.java:lambda$shutdown$3(245)) - 9bc81915-8fdf-4499-89b4-39fb809057e6: shutdown group-5018C0EE5C5B
2019-07-13 20:38:56,129 INFO  impl.StateMachineUpdater (StateMachineUpdater.java:takeSnapshot(242)) - StateMachineUpdater:462e9187-1bd9-45e4-a728-a3c0f536132c:group-17759DAF4A2F: Took a snapshot at index 8
2019-07-13 20:38:56,128 INFO  server.GrpcLogAppender (GrpcLogAppender.java:onCompleted(292)) - 462e9187-1bd9-45e4-a728-a3c0f536132c->2905612f-b574-451f-ad33-d2857cb35c1a: follower responses appendEntries COMPLETED
2019-07-13 20:38:56,129 INFO  impl.StateMachineUpdater (StateMachineUpdater.java:lambda$new$0(80)) - StateMachineUpdater:462e9187-1bd9-45e4-a728-a3c0f536132c:group-17759DAF4A2F: snapshotIndex: updateIncreasingly -1 -> 8
2019-07-13 20:38:56,129 INFO  util.JmxRegister (JmxRegister.java:unregister(73)) - Successfully un-registered JMX Bean with object name Ratis:service=RaftServer,group=group-5018C0EE5C5B,id=9bc81915-8fdf-4499-89b4-39fb809057e6
2019-07-13 20:38:56,130 INFO  impl.RaftServerImpl (ServerState.java:close(394)) - 462e9187-1bd9-45e4-a728-a3c0f536132c:group-17759DAF4A2F closes. The last applied log index is 8
2019-07-13 20:38:56,130 INFO  impl.FollowerInfo (FollowerInfo.java:lambda$new$0(50)) - 462e9187-1bd9-45e4-a728-a3c0f536132c->2905612f-b574-451f-ad33-d2857cb35c1a: nextIndex: updateUnconditionally 9 -> 8
2019-07-13 20:38:56,130 INFO  segmented.SegmentedRaftLogWorker (SegmentedRaftLogWorker.java:run(313)) - 462e9187-1bd9-45e4-a728-a3c0f536132c-SegmentedRaftLogWorker:Storage Directory /tmp/workdir/hadoop-ozone/integration-test/target/test-dir/MiniOzoneClusterImpl-9132184a-f07b-4f43-a579-05aa7b8c0a23/datanode-2/data/ratis/1b586110-10f4-4cf3-b0aa-17759daf4a2f was interrupted, exiting. There are 0 tasks remaining in the queue.
2019-07-13 20:38:56,130 INFO  impl.RoleInfo (RoleInfo.java:shutdownLeaderState(104)) - 9bc81915-8fdf-4499-89b4-39fb809057e6: shutdown LeaderState
2019-07-13 20:38:56,133 INFO  impl.PendingRequests (PendingRequests.java:sendNotLeaderResponses(202)) - 9bc81915-8fdf-4499-89b4-39fb809057e6-PendingRequests: sendNotLeaderResponses
2019-07-13 20:38:56,133 WARN  server.GrpcLogAppender (GrpcLogAppender.java:mayWait(143)) - GrpcLogAppender(9bc81915-8fdf-4499-89b4-39fb809057e6->4c380176-de97-462b-b46a-a80e4c1ce125): Wait interrupted by java.lang.InterruptedException
2019-07-13 20:38:56,133 WARN  server.GrpcLogAppender (GrpcLogAppender.java:mayWait(143)) - GrpcLogAppender(9bc81915-8fdf-4499-89b4-39fb809057e6->3f97cf59-2b26-42fa-8304-f8ca7a5f916b): Wait interrupted by java.lang.InterruptedException
2019-07-13 20:38:56,138 INFO  ratis.ContainerStateMachine (ContainerStateMachine.java:takeSnapshot(246)) - Taking snapshot at termIndex:(t:1, i:6)
2019-07-13 20:38:56,138 INFO  impl.StateMachineUpdater (StateMachineUpdater.java:stopAndJoin(115)) - StateMachineUpdater:9bc81915-8fdf-4499-89b4-39fb809057e6:group-5018C0EE5C5B: set stopIndex = 6
2019-07-13 20:38:56,138 INFO  server.GrpcServerProtocolService (GrpcServerProtocolService.java:onCompleted(104)) - 3f97cf59-2b26-42fa-8304-f8ca7a5f916b: appendEntries completed
2019-07-13 20:38:56,138 INFO  ratis.ContainerStateMachine (ContainerStateMachine.java:takeSnapshot(250)) - Taking a snapshot to file /tmp/workdir/hadoop-ozone/integration-test/target/test-dir/MiniOzoneClusterImpl-9132184a-f07b-4f43-a579-05aa7b8c0a23/datanode-3/data/ratis/17768fd0-7810-464d-a337-5018c0ee5c5b/sm/snapshot.1_6
2019-07-13 20:38:56,139 INFO  server.GrpcLogAppender (GrpcLogAppender.java:onCompleted(292)) - 9bc81915-8fdf-4499-89b4-39fb809057e6->3f97cf59-2b26-42fa-8304-f8ca7a5f916b: follower responses appendEntries COMPLETED
2019-07-13 20:38:56,139 INFO  impl.FollowerInfo (FollowerInfo.java:lambda$new$0(50)) - 9bc81915-8fdf-4499-89b4-39fb809057e6->3f97cf59-2b26-42fa-8304-f8ca7a5f916b: nextIndex: updateUnconditionally 7 -> 6
2019-07-13 20:38:56,141 INFO  segmented.SegmentedRaftLogWorker (SegmentedRaftLogWorker.java:close(228)) - 462e9187-1bd9-45e4-a728-a3c0f536132c-SegmentedRaftLogWorker:Storage Directory /tmp/workdir/hadoop-ozone/integration-test/target/test-dir/MiniOzoneClusterImpl-9132184a-f07b-4f43-a579-05aa7b8c0a23/datanode-2/data/ratis/1b586110-10f4-4cf3-b0aa-17759daf4a2f close()
2019-07-13 20:38:56,141 INFO  impl.StateMachineUpdater (StateMachineUpdater.java:takeSnapshot(242)) - StateMachineUpdater:9bc81915-8fdf-4499-89b4-39fb809057e6:group-5018C0EE5C5B: Took a snapshot at index 6
2019-07-13 20:38:56,145 INFO  impl.StateMachineUpdater (StateMachineUpdater.java:lambda$new$0(80)) - StateMachineUpdater:9bc81915-8fdf-4499-89b4-39fb809057e6:group-5018C0EE5C5B: snapshotIndex: updateIncreasingly -1 -> 6
2019-07-13 20:38:56,145 INFO  impl.RaftServerImpl (RaftServerImpl.java:lambda$shutdown$3(245)) - 462e9187-1bd9-45e4-a728-a3c0f536132c: shutdown group-56F450CAAC30
2019-07-13 20:38:56,146 INFO  impl.RaftServerImpl (ServerState.java:close(394)) - 9bc81915-8fdf-4499-89b4-39fb809057e6:group-5018C0EE5C5B closes. The last applied log index is 6
2019-07-13 20:38:56,146 INFO  util.JmxRegister (JmxRegister.java:unregister(73)) - Successfully un-registered JMX Bean with object name Ratis:service=RaftServer,group=group-56F450CAAC30,id=462e9187-1bd9-45e4-a728-a3c0f536132c
2019-07-13 20:38:56,146 INFO  segmented.SegmentedRaftLogWorker (SegmentedRaftLogWorker.java:run(313)) - 9bc81915-8fdf-4499-89b4-39fb809057e6-SegmentedRaftLogWorker:Storage Directory /tmp/workdir/hadoop-ozone/integration-test/target/test-dir/MiniOzoneClusterImpl-9132184a-f07b-4f43-a579-05aa7b8c0a23/datanode-3/data/ratis/17768fd0-7810-464d-a337-5018c0ee5c5b was interrupted, exiting. There are 0 tasks remaining in the queue.
2019-07-13 20:38:56,147 INFO  impl.RoleInfo (RoleInfo.java:shutdownLeaderState(104)) - 462e9187-1bd9-45e4-a728-a3c0f536132c: shutdown LeaderState
2019-07-13 20:38:56,149 INFO  segmented.SegmentedRaftLogWorker (SegmentedRaftLogWorker.java:close(228)) - 9bc81915-8fdf-4499-89b4-39fb809057e6-SegmentedRaftLogWorker:Storage Directory /tmp/workdir/hadoop-ozone/integration-test/target/test-dir/MiniOzoneClusterImpl-9132184a-f07b-4f43-a579-05aa7b8c0a23/datanode-3/data/ratis/17768fd0-7810-464d-a337-5018c0ee5c5b close()
2019-07-13 20:38:56,149 INFO  impl.PendingRequests (PendingRequests.java:sendNotLeaderResponses(202)) - 462e9187-1bd9-45e4-a728-a3c0f536132c-PendingRequests: sendNotLeaderResponses
2019-07-13 20:38:56,153 INFO  impl.RaftServerImpl (RaftServerImpl.java:lambda$shutdown$3(245)) - 9bc81915-8fdf-4499-89b4-39fb809057e6: shutdown group-59673A932695
2019-07-13 20:38:56,153 INFO  ratis.ContainerStateMachine (ContainerStateMachine.java:takeSnapshot(246)) - Taking snapshot at termIndex:(t:0, i:~)
2019-07-13 20:38:56,153 INFO  impl.StateMachineUpdater (StateMachineUpdater.java:stopAndJoin(115)) - StateMachineUpdater:462e9187-1bd9-45e4-a728-a3c0f536132c:group-56F450CAAC30: set stopIndex = 0
2019-07-13 20:38:56,154 INFO  util.JmxRegister (JmxRegister.java:unregister(73)) - Successfully un-registered JMX Bean with object name Ratis:service=RaftServer,group=group-59673A932695,id=9bc81915-8fdf-4499-89b4-39fb809057e6
2019-07-13 20:38:56,155 INFO  impl.RoleInfo (RoleInfo.java:shutdownLeaderState(104)) - 9bc81915-8fdf-4499-89b4-39fb809057e6: shutdown LeaderState
2019-07-13 20:38:56,154 INFO  impl.RaftServerImpl (ServerState.java:close(394)) - 462e9187-1bd9-45e4-a728-a3c0f536132c:group-56F450CAAC30 closes. The last applied log index is 0
2019-07-13 20:38:56,155 INFO  impl.PendingRequests (PendingRequests.java:sendNotLeaderResponses(202)) - 9bc81915-8fdf-4499-89b4-39fb809057e6-PendingRequests: sendNotLeaderResponses
2019-07-13 20:38:56,155 INFO  segmented.SegmentedRaftLogWorker (SegmentedRaftLogWorker.java:run(313)) - 462e9187-1bd9-45e4-a728-a3c0f536132c-SegmentedRaftLogWorker:Storage Directory /tmp/workdir/hadoop-ozone/integration-test/target/test-dir/MiniOzoneClusterImpl-9132184a-f07b-4f43-a579-05aa7b8c0a23/datanode-2/data/ratis/ea948c22-3c7f-4262-914b-56f450caac30 was interrupted, exiting. There are 0 tasks remaining in the queue.
2019-07-13 20:38:56,156 INFO  impl.StateMachineUpdater (StateMachineUpdater.java:stopAndJoin(115)) - StateMachineUpdater:9bc81915-8fdf-4499-89b4-39fb809057e6:group-59673A932695: set stopIndex = 0
2019-07-13 20:38:56,158 INFO  segmented.SegmentedRaftLogWorker (SegmentedRaftLogWorker.java:close(228)) - 462e9187-1bd9-45e4-a728-a3c0f536132c-SegmentedRaftLogWorker:Storage Directory /tmp/workdir/hadoop-ozone/integration-test/target/test-dir/MiniOzoneClusterImpl-9132184a-f07b-4f43-a579-05aa7b8c0a23/datanode-2/data/ratis/ea948c22-3c7f-4262-914b-56f450caac30 close()
2019-07-13 20:38:56,156 INFO  ratis.ContainerStateMachine (ContainerStateMachine.java:takeSnapshot(246)) - Taking snapshot at termIndex:(t:0, i:~)
2019-07-13 20:38:56,167 INFO  server.GrpcService (GrpcService.java:closeImpl(155)) - 462e9187-1bd9-45e4-a728-a3c0f536132c: shutdown server with port 39950 now
2019-07-13 20:38:56,167 INFO  impl.RaftServerImpl (ServerState.java:close(394)) - 9bc81915-8fdf-4499-89b4-39fb809057e6:group-59673A932695 closes. The last applied log index is 0
2019-07-13 20:38:56,168 INFO  segmented.SegmentedRaftLogWorker (SegmentedRaftLogWorker.java:run(313)) - 9bc81915-8fdf-4499-89b4-39fb809057e6-SegmentedRaftLogWorker:Storage Directory /tmp/workdir/hadoop-ozone/integration-test/target/test-dir/MiniOzoneClusterImpl-9132184a-f07b-4f43-a579-05aa7b8c0a23/datanode-3/data/ratis/e3037a62-65e3-40d6-9819-59673a932695 was interrupted, exiting. There are 0 tasks remaining in the queue.
2019-07-13 20:38:56,168 INFO  server.GrpcService (GrpcService.java:closeImpl(163)) - 462e9187-1bd9-45e4-a728-a3c0f536132c: shutdown server with port 39950 successfully
2019-07-13 20:38:56,170 INFO  segmented.SegmentedRaftLogWorker (SegmentedRaftLogWorker.java:close(228)) - 9bc81915-8fdf-4499-89b4-39fb809057e6-SegmentedRaftLogWorker:Storage Directory /tmp/workdir/hadoop-ozone/integration-test/target/test-dir/MiniOzoneClusterImpl-9132184a-f07b-4f43-a579-05aa7b8c0a23/datanode-3/data/ratis/e3037a62-65e3-40d6-9819-59673a932695 close()
2019-07-13 20:38:56,173 INFO  server.GrpcService (GrpcService.java:closeImpl(155)) - 9bc81915-8fdf-4499-89b4-39fb809057e6: shutdown server with port 33111 now
2019-07-13 20:38:56,173 INFO  utils.BackgroundService (BackgroundService.java:shutdown(148)) - Shutting down service BlockDeletingService
2019-07-13 20:38:56,174 INFO  server.GrpcService (GrpcService.java:closeImpl(163)) - 9bc81915-8fdf-4499-89b4-39fb809057e6: shutdown server with port 33111 successfully
2019-07-13 20:38:56,174 WARN  fs.CachingGetSpaceUsed (CachingGetSpaceUsed.java:run(183)) - Thread Interrupted waiting to refresh disk information: sleep interrupted
2019-07-13 20:38:56,177 INFO  utils.BackgroundService (BackgroundService.java:shutdown(148)) - Shutting down service BlockDeletingService
2019-07-13 20:38:56,179 WARN  fs.CachingGetSpaceUsed (CachingGetSpaceUsed.java:run(183)) - Thread Interrupted waiting to refresh disk information: sleep interrupted
2019-07-13 20:38:56,195 INFO  statemachine.DatanodeStateMachine (DatanodeStateMachine.java:stopDaemon(395)) - Ozone container server stopped.
2019-07-13 20:38:56,204 INFO  statemachine.DatanodeStateMachine (DatanodeStateMachine.java:stopDaemon(395)) - Ozone container server stopped.
2019-07-13 20:38:56,211 INFO  handler.ContextHandler (ContextHandler.java:doStop(910)) - Stopped o.e.j.w.WebAppContext@7def2e4f{/,null,UNAVAILABLE}{/hddsDatanode}
2019-07-13 20:38:56,211 INFO  handler.ContextHandler (ContextHandler.java:doStop(910)) - Stopped o.e.j.w.WebAppContext@597ae16a{/,null,UNAVAILABLE}{/hddsDatanode}
2019-07-13 20:38:56,212 INFO  server.AbstractConnector (AbstractConnector.java:doStop(318)) - Stopped ServerConnector@7da4486{HTTP/1.1,[http/1.1]}{0.0.0.0:0}
2019-07-13 20:38:56,213 INFO  server.AbstractConnector (AbstractConnector.java:doStop(318)) - Stopped ServerConnector@734901c1{HTTP/1.1,[http/1.1]}{0.0.0.0:0}
2019-07-13 20:38:56,213 INFO  handler.ContextHandler (ContextHandler.java:doStop(910)) - Stopped o.e.j.s.ServletContextHandler@65bcc339{/static,jar:file:/home/user/.m2/repository/org/apache/hadoop/hadoop-hdds-container-service/0.5.0-SNAPSHOT/hadoop-hdds-container-service-0.5.0-SNAPSHOT.jar!/webapps/static,UNAVAILABLE}
2019-07-13 20:38:56,213 INFO  handler.ContextHandler (ContextHandler.java:doStop(910)) - Stopped o.e.j.s.ServletContextHandler@40957c86{/static,jar:file:/home/user/.m2/repository/org/apache/hadoop/hadoop-hdds-container-service/0.5.0-SNAPSHOT/hadoop-hdds-container-service-0.5.0-SNAPSHOT.jar!/webapps/static,UNAVAILABLE}
2019-07-13 20:38:56,215 INFO  handler.ContextHandler (ContextHandler.java:doStop(910)) - Stopped o.e.j.s.ServletContextHandler@57d3c5cd{/logs,file:///tmp/workdir/hadoop-ozone/integration-test/target/log,UNAVAILABLE}
2019-07-13 20:38:56,215 INFO  handler.ContextHandler (ContextHandler.java:doStop(910)) - Stopped o.e.j.s.ServletContextHandler@24a6655d{/logs,file:///tmp/workdir/hadoop-ozone/integration-test/target/log,UNAVAILABLE}
2019-07-13 20:38:56,216 INFO  datanode.ObjectStoreHandler (ObjectStoreHandler.java:close(155)) - Closing ObjectStoreHandler.
2019-07-13 20:38:56,216 INFO  ozone.HddsDatanodeService (HddsDatanodeService.java:stop(452)) - Stopped plug-in org.apache.hadoop.ozone.web.OzoneHddsDatanodeService@cc64e22
2019-07-13 20:38:56,217 INFO  datanode.ObjectStoreHandler (ObjectStoreHandler.java:close(155)) - Closing ObjectStoreHandler.
2019-07-13 20:38:56,217 INFO  ozone.HddsDatanodeService (HddsDatanodeService.java:stop(452)) - Stopped plug-in org.apache.hadoop.ozone.web.OzoneHddsDatanodeService@6616b9e0
2019-07-13 20:38:56,404 INFO  statemachine.DatanodeStateMachine (DatanodeStateMachine.java:lambda$startDaemon$0(350)) - Ozone container server started.
2019-07-13 20:38:56,726 INFO  statemachine.DatanodeStateMachine (DatanodeStateMachine.java:lambda$startDaemon$0(350)) - Ozone container server started.
2019-07-13 20:39:00,438 INFO  node.StaleNodeHandler (StaleNodeHandler.java:onMessage(58)) - Datanode 9418f771-e81d-4c5f-bc92-84996a7d83c2{ip: 192.168.5.168, host: trunk-nightly-6qp7m-2461138711, networkLocation: /default-rack, certSerialId: null} moved to stale state. Finalizing its pipelines []
2019-07-13 20:39:00,739 INFO  node.StaleNodeHandler (StaleNodeHandler.java:onMessage(58)) - Datanode 2905612f-b574-451f-ad33-d2857cb35c1a{ip: 192.168.5.168, host: trunk-nightly-6qp7m-2461138711, networkLocation: /default-rack, certSerialId: null} moved to stale state. Finalizing its pipelines [PipelineID=1b586110-10f4-4cf3-b0aa-17759daf4a2f, PipelineID=f1f458d5-143f-4ff6-ad29-da58a1817514]
2019-07-13 20:39:00,739 INFO  pipeline.SCMPipelineManager (SCMPipelineManager.java:finalizeAndDestroyPipeline(309)) - destroying pipeline:Pipeline[ Id: 1b586110-10f4-4cf3-b0aa-17759daf4a2f, Nodes: 43e3b32e-2140-4fa1-8836-a25b5f48f789{ip: 192.168.5.168, host: trunk-nightly-6qp7m-2461138711, networkLocation: /default-rack, certSerialId: null}462e9187-1bd9-45e4-a728-a3c0f536132c{ip: 192.168.5.168, host: trunk-nightly-6qp7m-2461138711, networkLocation: /default-rack, certSerialId: null}2905612f-b574-451f-ad33-d2857cb35c1a{ip: 192.168.5.168, host: trunk-nightly-6qp7m-2461138711, networkLocation: /default-rack, certSerialId: null}, Type:RATIS, Factor:THREE, State:CLOSED]
2019-07-13 20:39:00,739 INFO  pipeline.SCMPipelineManager (SCMPipelineManager.java:finalizeAndDestroyPipeline(309)) - destroying pipeline:Pipeline[ Id: f1f458d5-143f-4ff6-ad29-da58a1817514, Nodes: 2905612f-b574-451f-ad33-d2857cb35c1a{ip: 192.168.5.168, host: trunk-nightly-6qp7m-2461138711, networkLocation: /default-rack, certSerialId: null}, Type:RATIS, Factor:ONE, State:OPEN]
2019-07-13 20:39:00,740 INFO  pipeline.PipelineStateManager (PipelineStateManager.java:finalizePipeline(123)) - Pipeline Pipeline[ Id: f1f458d5-143f-4ff6-ad29-da58a1817514, Nodes: 2905612f-b574-451f-ad33-d2857cb35c1a{ip: 192.168.5.168, host: trunk-nightly-6qp7m-2461138711, networkLocation: /default-rack, certSerialId: null}, Type:RATIS, Factor:ONE, State:CLOSED] moved to CLOSED state
2019-07-13 20:39:01,217 INFO  ozoneimpl.OzoneContainer (OzoneContainer.java:stop(199)) - Attempting to stop container services.
2019-07-13 20:39:01,218 INFO  impl.RaftServerProxy (RaftServerProxy.java:lambda$close$4(314)) - 2905612f-b574-451f-ad33-d2857cb35c1a: close
2019-07-13 20:39:01,218 INFO  ozoneimpl.OzoneContainer (OzoneContainer.java:stop(199)) - Attempting to stop container services.
2019-07-13 20:39:01,218 INFO  impl.RaftServerImpl (RaftServerImpl.java:lambda$shutdown$3(245)) - 2905612f-b574-451f-ad33-d2857cb35c1a: shutdown group-17759DAF4A2F
2019-07-13 20:39:01,218 INFO  impl.RaftServerProxy (RaftServerProxy.java:lambda$close$4(314)) - 9418f771-e81d-4c5f-bc92-84996a7d83c2: close
2019-07-13 20:39:01,219 INFO  util.JmxRegister (JmxRegister.java:unregister(73)) - Successfully un-registered JMX Bean with object name Ratis:service=RaftServer,group=group-17759DAF4A2F,id=2905612f-b574-451f-ad33-d2857cb35c1a
2019-07-13 20:39:01,222 INFO  server.GrpcService (GrpcService.java:closeImpl(155)) - 9418f771-e81d-4c5f-bc92-84996a7d83c2: shutdown server with port 33309 now
2019-07-13 20:39:01,222 INFO  impl.RoleInfo (RoleInfo.java:shutdownFollowerState(121)) - 2905612f-b574-451f-ad33-d2857cb35c1a: shutdown FollowerState
2019-07-13 20:39:01,222 INFO  server.GrpcService (GrpcService.java:closeImpl(163)) - 9418f771-e81d-4c5f-bc92-84996a7d83c2: shutdown server with port 33309 successfully
2019-07-13 20:39:01,223 INFO  ratis.ContainerStateMachine (ContainerStateMachine.java:takeSnapshot(246)) - Taking snapshot at termIndex:(t:1, i:7)
2019-07-13 20:39:01,223 INFO  impl.FollowerState (FollowerState.java:run(114)) - 2905612f-b574-451f-ad33-d2857cb35c1a: FollowerState was interrupted: java.lang.InterruptedException: sleep interrupted
2019-07-13 20:39:01,222 INFO  impl.StateMachineUpdater (StateMachineUpdater.java:stopAndJoin(115)) - StateMachineUpdater:2905612f-b574-451f-ad33-d2857cb35c1a:group-17759DAF4A2F: set stopIndex = 8
2019-07-13 20:39:01,223 INFO  ratis.ContainerStateMachine (ContainerStateMachine.java:takeSnapshot(250)) - Taking a snapshot to file /tmp/workdir/hadoop-ozone/integration-test/target/test-dir/MiniOzoneClusterImpl-9132184a-f07b-4f43-a579-05aa7b8c0a23/datanode-0/data/ratis/1b586110-10f4-4cf3-b0aa-17759daf4a2f/sm/snapshot.1_7
2019-07-13 20:39:01,225 INFO  utils.BackgroundService (BackgroundService.java:shutdown(148)) - Shutting down service BlockDeletingService
2019-07-13 20:39:01,226 INFO  impl.StateMachineUpdater (StateMachineUpdater.java:takeSnapshot(242)) - StateMachineUpdater:2905612f-b574-451f-ad33-d2857cb35c1a:group-17759DAF4A2F: Took a snapshot at index 7
2019-07-13 20:39:01,226 INFO  impl.StateMachineUpdater (StateMachineUpdater.java:lambda$new$0(80)) - StateMachineUpdater:2905612f-b574-451f-ad33-d2857cb35c1a:group-17759DAF4A2F: snapshotIndex: updateIncreasingly -1 -> 7
2019-07-13 20:39:01,227 INFO  impl.RaftServerImpl (ServerState.java:close(394)) - 2905612f-b574-451f-ad33-d2857cb35c1a:group-17759DAF4A2F closes. The last applied log index is 8
2019-07-13 20:39:01,227 WARN  fs.CachingGetSpaceUsed (CachingGetSpaceUsed.java:run(183)) - Thread Interrupted waiting to refresh disk information: sleep interrupted
2019-07-13 20:39:01,227 INFO  segmented.SegmentedRaftLogWorker (SegmentedRaftLogWorker.java:run(313)) - 2905612f-b574-451f-ad33-d2857cb35c1a-SegmentedRaftLogWorker:Storage Directory /tmp/workdir/hadoop-ozone/integration-test/target/test-dir/MiniOzoneClusterImpl-9132184a-f07b-4f43-a579-05aa7b8c0a23/datanode-0/data/ratis/1b586110-10f4-4cf3-b0aa-17759daf4a2f was interrupted, exiting. There are 0 tasks remaining in the queue.
2019-07-13 20:39:01,229 INFO  segmented.SegmentedRaftLogWorker (SegmentedRaftLogWorker.java:close(228)) - 2905612f-b574-451f-ad33-d2857cb35c1a-SegmentedRaftLogWorker:Storage Directory /tmp/workdir/hadoop-ozone/integration-test/target/test-dir/MiniOzoneClusterImpl-9132184a-f07b-4f43-a579-05aa7b8c0a23/datanode-0/data/ratis/1b586110-10f4-4cf3-b0aa-17759daf4a2f close()
2019-07-13 20:39:01,232 INFO  impl.RaftServerImpl (RaftServerImpl.java:lambda$shutdown$3(245)) - 2905612f-b574-451f-ad33-d2857cb35c1a: shutdown group-DA58A1817514
2019-07-13 20:39:01,232 INFO  util.JmxRegister (JmxRegister.java:unregister(73)) - Successfully un-registered JMX Bean with object name Ratis:service=RaftServer,group=group-DA58A1817514,id=2905612f-b574-451f-ad33-d2857cb35c1a
2019-07-13 20:39:01,232 INFO  impl.RoleInfo (RoleInfo.java:shutdownLeaderState(104)) - 2905612f-b574-451f-ad33-d2857cb35c1a: shutdown LeaderState
2019-07-13 20:39:01,233 INFO  impl.PendingRequests (PendingRequests.java:sendNotLeaderResponses(202)) - 2905612f-b574-451f-ad33-d2857cb35c1a-PendingRequests: sendNotLeaderResponses
2019-07-13 20:39:01,233 INFO  impl.StateMachineUpdater (StateMachineUpdater.java:stopAndJoin(115)) - StateMachineUpdater:2905612f-b574-451f-ad33-d2857cb35c1a:group-DA58A1817514: set stopIndex = 0
2019-07-13 20:39:01,233 INFO  ratis.ContainerStateMachine (ContainerStateMachine.java:takeSnapshot(246)) - Taking snapshot at termIndex:(t:0, i:~)
2019-07-13 20:39:01,234 INFO  impl.RaftServerImpl (ServerState.java:close(394)) - 2905612f-b574-451f-ad33-d2857cb35c1a:group-DA58A1817514 closes. The last applied log index is 0
2019-07-13 20:39:01,234 INFO  segmented.SegmentedRaftLogWorker (SegmentedRaftLogWorker.java:run(313)) - 2905612f-b574-451f-ad33-d2857cb35c1a-SegmentedRaftLogWorker:Storage Directory /tmp/workdir/hadoop-ozone/integration-test/target/test-dir/MiniOzoneClusterImpl-9132184a-f07b-4f43-a579-05aa7b8c0a23/datanode-0/data/ratis/f1f458d5-143f-4ff6-ad29-da58a1817514 was interrupted, exiting. There are 0 tasks remaining in the queue.
2019-07-13 20:39:01,236 INFO  segmented.SegmentedRaftLogWorker (SegmentedRaftLogWorker.java:close(228)) - 2905612f-b574-451f-ad33-d2857cb35c1a-SegmentedRaftLogWorker:Storage Directory /tmp/workdir/hadoop-ozone/integration-test/target/test-dir/MiniOzoneClusterImpl-9132184a-f07b-4f43-a579-05aa7b8c0a23/datanode-0/data/ratis/f1f458d5-143f-4ff6-ad29-da58a1817514 close()
2019-07-13 20:39:01,243 INFO  server.GrpcService (GrpcService.java:closeImpl(155)) - 2905612f-b574-451f-ad33-d2857cb35c1a: shutdown server with port 43082 now
2019-07-13 20:39:01,243 INFO  server.GrpcService (GrpcService.java:closeImpl(163)) - 2905612f-b574-451f-ad33-d2857cb35c1a: shutdown server with port 43082 successfully
2019-07-13 20:39:01,245 INFO  utils.BackgroundService (BackgroundService.java:shutdown(148)) - Shutting down service BlockDeletingService
2019-07-13 20:39:01,246 WARN  fs.CachingGetSpaceUsed (CachingGetSpaceUsed.java:run(183)) - Thread Interrupted waiting to refresh disk information: sleep interrupted
2019-07-13 20:39:01,258 INFO  statemachine.DatanodeStateMachine (DatanodeStateMachine.java:stopDaemon(395)) - Ozone container server stopped.
2019-07-13 20:39:01,269 INFO  statemachine.DatanodeStateMachine (DatanodeStateMachine.java:stopDaemon(395)) - Ozone container server stopped.
2019-07-13 20:39:01,272 INFO  handler.ContextHandler (ContextHandler.java:doStop(910)) - Stopped o.e.j.w.WebAppContext@62b9d56e{/,null,UNAVAILABLE}{/hddsDatanode}
2019-07-13 20:39:01,273 INFO  handler.ContextHandler (ContextHandler.java:doStop(910)) - Stopped o.e.j.w.WebAppContext@274783f8{/,null,UNAVAILABLE}{/hddsDatanode}
2019-07-13 20:39:01,274 INFO  server.AbstractConnector (AbstractConnector.java:doStop(318)) - Stopped ServerConnector@fe32f34{HTTP/1.1,[http/1.1]}{0.0.0.0:0}
2019-07-13 20:39:01,274 INFO  server.AbstractConnector (AbstractConnector.java:doStop(318)) - Stopped ServerConnector@34f3189{HTTP/1.1,[http/1.1]}{0.0.0.0:0}
2019-07-13 20:39:01,274 INFO  handler.ContextHandler (ContextHandler.java:doStop(910)) - Stopped o.e.j.s.ServletContextHandler@eb3ceb4{/static,jar:file:/home/user/.m2/repository/org/apache/hadoop/hadoop-hdds-container-service/0.5.0-SNAPSHOT/hadoop-hdds-container-service-0.5.0-SNAPSHOT.jar!/webapps/static,UNAVAILABLE}
2019-07-13 20:39:01,276 INFO  handler.ContextHandler (ContextHandler.java:doStop(910)) - Stopped o.e.j.s.ServletContextHandler@58084f58{/static,jar:file:/home/user/.m2/repository/org/apache/hadoop/hadoop-hdds-container-service/0.5.0-SNAPSHOT/hadoop-hdds-container-service-0.5.0-SNAPSHOT.jar!/webapps/static,UNAVAILABLE}
2019-07-13 20:39:01,278 INFO  handler.ContextHandler (ContextHandler.java:doStop(910)) - Stopped o.e.j.s.ServletContextHandler@16415241{/logs,file:///tmp/workdir/hadoop-ozone/integration-test/target/log,UNAVAILABLE}
2019-07-13 20:39:01,280 INFO  handler.ContextHandler (ContextHandler.java:doStop(910)) - Stopped o.e.j.s.ServletContextHandler@41576e84{/logs,file:///tmp/workdir/hadoop-ozone/integration-test/target/log,UNAVAILABLE}
2019-07-13 20:39:01,281 INFO  datanode.ObjectStoreHandler (ObjectStoreHandler.java:close(155)) - Closing ObjectStoreHandler.
2019-07-13 20:39:01,281 INFO  ozone.HddsDatanodeService (HddsDatanodeService.java:stop(452)) - Stopped plug-in org.apache.hadoop.ozone.web.OzoneHddsDatanodeService@5deae5ef
2019-07-13 20:39:01,871 INFO  statemachine.DatanodeStateMachine (DatanodeStateMachine.java:lambda$startDaemon$0(350)) - Ozone container server started.
2019-07-13 20:39:03,980 INFO  impl.FollowerState (FollowerState.java:run(106)) - 3f97cf59-2b26-42fa-8304-f8ca7a5f916b:group-5018C0EE5C5B changes to CANDIDATE, lastRpcTime:8058, electionTimeout:5069ms
2019-07-13 20:39:03,981 INFO  impl.RoleInfo (RoleInfo.java:shutdownFollowerState(121)) - 3f97cf59-2b26-42fa-8304-f8ca7a5f916b: shutdown FollowerState
2019-07-13 20:39:03,981 INFO  impl.RaftServerImpl (RaftServerImpl.java:setRole(171)) - 3f97cf59-2b26-42fa-8304-f8ca7a5f916b:group-5018C0EE5C5B changes role from FOLLOWER to CANDIDATE at term 1 for changeToCandidate
2019-07-13 20:39:03,981 INFO  impl.RoleInfo (RoleInfo.java:updateAndGet(143)) - 3f97cf59-2b26-42fa-8304-f8ca7a5f916b: start LeaderElection
2019-07-13 20:39:03,984 INFO  impl.RaftServerImpl (ServerState.java:setLeader(263)) - 3f97cf59-2b26-42fa-8304-f8ca7a5f916b:group-5018C0EE5C5B change Leader from 9bc81915-8fdf-4499-89b4-39fb809057e6 to null at term 1 for initElection
2019-07-13 20:39:04,011 INFO  impl.LeaderElection (LeaderElection.java:askForVotes(181)) - 3f97cf59-2b26-42fa-8304-f8ca7a5f916b:group-5018C0EE5C5B:LeaderElection108: begin an election at term 2 for 0: [9bc81915-8fdf-4499-89b4-39fb809057e6:192.168.5.168:33111, 4c380176-de97-462b-b46a-a80e4c1ce125:192.168.5.168:39172, 3f97cf59-2b26-42fa-8304-f8ca7a5f916b:192.168.5.168:32982], old=null
2019-07-13 20:39:04,016 INFO  impl.LeaderElection (LogUtils.java:infoOrTrace(149)) - 3f97cf59-2b26-42fa-8304-f8ca7a5f916b:group-5018C0EE5C5B:LeaderElection108 got exception when requesting votes: {}
java.util.concurrent.ExecutionException: org.apache.ratis.thirdparty.io.grpc.StatusRuntimeException: UNAVAILABLE: io exception
	at java.util.concurrent.FutureTask.report(FutureTask.java:122)
	at java.util.concurrent.FutureTask.get(FutureTask.java:192)
	at org.apache.ratis.server.impl.LeaderElection.waitForResults(LeaderElection.java:262)
	at org.apache.ratis.server.impl.LeaderElection.askForVotes(LeaderElection.java:200)
	at org.apache.ratis.server.impl.LeaderElection.run(LeaderElection.java:130)
	at java.lang.Thread.run(Thread.java:748)
Caused by: org.apache.ratis.thirdparty.io.grpc.StatusRuntimeException: UNAVAILABLE: io exception
	at org.apache.ratis.thirdparty.io.grpc.stub.ClientCalls.toStatusRuntimeException(ClientCalls.java:233)
	at org.apache.ratis.thirdparty.io.grpc.stub.ClientCalls.getUnchecked(ClientCalls.java:214)
	at org.apache.ratis.thirdparty.io.grpc.stub.ClientCalls.blockingUnaryCall(ClientCalls.java:139)
	at org.apache.ratis.proto.grpc.RaftServerProtocolServiceGrpc$RaftServerProtocolServiceBlockingStub.requestVote(RaftServerProtocolServiceGrpc.java:265)
	at org.apache.ratis.grpc.server.GrpcServerProtocolClient.requestVote(GrpcServerProtocolClient.java:83)
	at org.apache.ratis.grpc.server.GrpcService.requestVote(GrpcService.java:195)
	at org.apache.ratis.server.impl.LeaderElection.lambda$submitRequests$1(LeaderElection.java:237)
	at java.util.concurrent.FutureTask.run(FutureTask.java:266)
	at java.util.concurrent.Executors$RunnableAdapter.call(Executors.java:511)
	at java.util.concurrent.FutureTask.run(FutureTask.java:266)
	at java.util.concurrent.ThreadPoolExecutor.runWorker(ThreadPoolExecutor.java:1149)
	at java.util.concurrent.ThreadPoolExecutor$Worker.run(ThreadPoolExecutor.java:624)
	... 1 more
Caused by: org.apache.ratis.thirdparty.io.netty.channel.AbstractChannel$AnnotatedConnectException: Connection refused: /192.168.5.168:39172
	at sun.nio.ch.SocketChannelImpl.checkConnect(Native Method)
	at sun.nio.ch.SocketChannelImpl.finishConnect(SocketChannelImpl.java:717)
	at org.apache.ratis.thirdparty.io.netty.channel.socket.nio.NioSocketChannel.doFinishConnect(NioSocketChannel.java:327)
	at org.apache.ratis.thirdparty.io.netty.channel.nio.AbstractNioChannel$AbstractNioUnsafe.finishConnect(AbstractNioChannel.java:340)
	at org.apache.ratis.thirdparty.io.netty.channel.nio.NioEventLoop.processSelectedKey(NioEventLoop.java:632)
	at org.apache.ratis.thirdparty.io.netty.channel.nio.NioEventLoop.processSelectedKeysOptimized(NioEventLoop.java:579)
	at org.apache.ratis.thirdparty.io.netty.channel.nio.NioEventLoop.processSelectedKeys(NioEventLoop.java:496)
	at org.apache.ratis.thirdparty.io.netty.channel.nio.NioEventLoop.run(NioEventLoop.java:458)
	at org.apache.ratis.thirdparty.io.netty.util.concurrent.SingleThreadEventExecutor$5.run(SingleThreadEventExecutor.java:897)
	at org.apache.ratis.thirdparty.io.netty.util.concurrent.FastThreadLocalRunnable.run(FastThreadLocalRunnable.java:30)
	... 1 more
Caused by: java.net.ConnectException: Connection refused
	... 11 more
2019-07-13 20:39:04,018 INFO  impl.LeaderElection (LogUtils.java:infoOrTrace(149)) - 3f97cf59-2b26-42fa-8304-f8ca7a5f916b:group-5018C0EE5C5B:LeaderElection108 got exception when requesting votes: {}
java.util.concurrent.ExecutionException: org.apache.ratis.thirdparty.io.grpc.StatusRuntimeException: UNAVAILABLE: io exception
	at java.util.concurrent.FutureTask.report(FutureTask.java:122)
	at java.util.concurrent.FutureTask.get(FutureTask.java:192)
	at org.apache.ratis.server.impl.LeaderElection.waitForResults(LeaderElection.java:262)
	at org.apache.ratis.server.impl.LeaderElection.askForVotes(LeaderElection.java:200)
	at org.apache.ratis.server.impl.LeaderElection.run(LeaderElection.java:130)
	at java.lang.Thread.run(Thread.java:748)
Caused by: org.apache.ratis.thirdparty.io.grpc.StatusRuntimeException: UNAVAILABLE: io exception
	at org.apache.ratis.thirdparty.io.grpc.stub.ClientCalls.toStatusRuntimeException(ClientCalls.java:233)
	at org.apache.ratis.thirdparty.io.grpc.stub.ClientCalls.getUnchecked(ClientCalls.java:214)
	at org.apache.ratis.thirdparty.io.grpc.stub.ClientCalls.blockingUnaryCall(ClientCalls.java:139)
	at org.apache.ratis.proto.grpc.RaftServerProtocolServiceGrpc$RaftServerProtocolServiceBlockingStub.requestVote(RaftServerProtocolServiceGrpc.java:265)
	at org.apache.ratis.grpc.server.GrpcServerProtocolClient.requestVote(GrpcServerProtocolClient.java:83)
	at org.apache.ratis.grpc.server.GrpcService.requestVote(GrpcService.java:195)
	at org.apache.ratis.server.impl.LeaderElection.lambda$submitRequests$1(LeaderElection.java:237)
	at java.util.concurrent.FutureTask.run(FutureTask.java:266)
	at java.util.concurrent.Executors$RunnableAdapter.call(Executors.java:511)
	at java.util.concurrent.FutureTask.run(FutureTask.java:266)
	at java.util.concurrent.ThreadPoolExecutor.runWorker(ThreadPoolExecutor.java:1149)
	at java.util.concurrent.ThreadPoolExecutor$Worker.run(ThreadPoolExecutor.java:624)
	... 1 more
Caused by: org.apache.ratis.thirdparty.io.netty.channel.AbstractChannel$AnnotatedConnectException: Connection refused: /192.168.5.168:33111
	at sun.nio.ch.SocketChannelImpl.checkConnect(Native Method)
	at sun.nio.ch.SocketChannelImpl.finishConnect(SocketChannelImpl.java:717)
	at org.apache.ratis.thirdparty.io.netty.channel.socket.nio.NioSocketChannel.doFinishConnect(NioSocketChannel.java:327)
	at org.apache.ratis.thirdparty.io.netty.channel.nio.AbstractNioChannel$AbstractNioUnsafe.finishConnect(AbstractNioChannel.java:340)
	at org.apache.ratis.thirdparty.io.netty.channel.nio.NioEventLoop.processSelectedKey(NioEventLoop.java:632)
	at org.apache.ratis.thirdparty.io.netty.channel.nio.NioEventLoop.processSelectedKeysOptimized(NioEventLoop.java:579)
	at org.apache.ratis.thirdparty.io.netty.channel.nio.NioEventLoop.processSelectedKeys(NioEventLoop.java:496)
	at org.apache.ratis.thirdparty.io.netty.channel.nio.NioEventLoop.run(NioEventLoop.java:458)
	at org.apache.ratis.thirdparty.io.netty.util.concurrent.SingleThreadEventExecutor$5.run(SingleThreadEventExecutor.java:897)
	at org.apache.ratis.thirdparty.io.netty.util.concurrent.FastThreadLocalRunnable.run(FastThreadLocalRunnable.java:30)
	... 1 more
Caused by: java.net.ConnectException: Connection refused
	... 11 more
2019-07-13 20:39:04,020 INFO  impl.LeaderElection (LeaderElection.java:logAndReturn(56)) - 3f97cf59-2b26-42fa-8304-f8ca7a5f916b:group-5018C0EE5C5B:LeaderElection108: Election REJECTED; received 0 response(s) [] and 2 exception(s); 3f97cf59-2b26-42fa-8304-f8ca7a5f916b:t2, leader=null, voted=3f97cf59-2b26-42fa-8304-f8ca7a5f916b, raftlog=3f97cf59-2b26-42fa-8304-f8ca7a5f916b-SegmentedRaftLog:OPENED:c6,f6,i6, conf=0: [9bc81915-8fdf-4499-89b4-39fb809057e6:192.168.5.168:33111, 4c380176-de97-462b-b46a-a80e4c1ce125:192.168.5.168:39172, 3f97cf59-2b26-42fa-8304-f8ca7a5f916b:192.168.5.168:32982], old=null
2019-07-13 20:39:04,020 INFO  impl.LeaderElection (LogUtils.java:infoOrTrace(149)) -   Exception 0: {}
java.util.concurrent.ExecutionException: org.apache.ratis.thirdparty.io.grpc.StatusRuntimeException: UNAVAILABLE: io exception
	at java.util.concurrent.FutureTask.report(FutureTask.java:122)
	at java.util.concurrent.FutureTask.get(FutureTask.java:192)
	at org.apache.ratis.server.impl.LeaderElection.waitForResults(LeaderElection.java:262)
	at org.apache.ratis.server.impl.LeaderElection.askForVotes(LeaderElection.java:200)
	at org.apache.ratis.server.impl.LeaderElection.run(LeaderElection.java:130)
	at java.lang.Thread.run(Thread.java:748)
Caused by: org.apache.ratis.thirdparty.io.grpc.StatusRuntimeException: UNAVAILABLE: io exception
	at org.apache.ratis.thirdparty.io.grpc.stub.ClientCalls.toStatusRuntimeException(ClientCalls.java:233)
	at org.apache.ratis.thirdparty.io.grpc.stub.ClientCalls.getUnchecked(ClientCalls.java:214)
	at org.apache.ratis.thirdparty.io.grpc.stub.ClientCalls.blockingUnaryCall(ClientCalls.java:139)
	at org.apache.ratis.proto.grpc.RaftServerProtocolServiceGrpc$RaftServerProtocolServiceBlockingStub.requestVote(RaftServerProtocolServiceGrpc.java:265)
	at org.apache.ratis.grpc.server.GrpcServerProtocolClient.requestVote(GrpcServerProtocolClient.java:83)
	at org.apache.ratis.grpc.server.GrpcService.requestVote(GrpcService.java:195)
	at org.apache.ratis.server.impl.LeaderElection.lambda$submitRequests$1(LeaderElection.java:237)
	at java.util.concurrent.FutureTask.run(FutureTask.java:266)
	at java.util.concurrent.Executors$RunnableAdapter.call(Executors.java:511)
	at java.util.concurrent.FutureTask.run(FutureTask.java:266)
	at java.util.concurrent.ThreadPoolExecutor.runWorker(ThreadPoolExecutor.java:1149)
	at java.util.concurrent.ThreadPoolExecutor$Worker.run(ThreadPoolExecutor.java:624)
	... 1 more
Caused by: org.apache.ratis.thirdparty.io.netty.channel.AbstractChannel$AnnotatedConnectException: Connection refused: /192.168.5.168:39172
	at sun.nio.ch.SocketChannelImpl.checkConnect(Native Method)
	at sun.nio.ch.SocketChannelImpl.finishConnect(SocketChannelImpl.java:717)
	at org.apache.ratis.thirdparty.io.netty.channel.socket.nio.NioSocketChannel.doFinishConnect(NioSocketChannel.java:327)
	at org.apache.ratis.thirdparty.io.netty.channel.nio.AbstractNioChannel$AbstractNioUnsafe.finishConnect(AbstractNioChannel.java:340)
	at org.apache.ratis.thirdparty.io.netty.channel.nio.NioEventLoop.processSelectedKey(NioEventLoop.java:632)
	at org.apache.ratis.thirdparty.io.netty.channel.nio.NioEventLoop.processSelectedKeysOptimized(NioEventLoop.java:579)
	at org.apache.ratis.thirdparty.io.netty.channel.nio.NioEventLoop.processSelectedKeys(NioEventLoop.java:496)
	at org.apache.ratis.thirdparty.io.netty.channel.nio.NioEventLoop.run(NioEventLoop.java:458)
	at org.apache.ratis.thirdparty.io.netty.util.concurrent.SingleThreadEventExecutor$5.run(SingleThreadEventExecutor.java:897)
	at org.apache.ratis.thirdparty.io.netty.util.concurrent.FastThreadLocalRunnable.run(FastThreadLocalRunnable.java:30)
	... 1 more
Caused by: java.net.ConnectException: Connection refused
	... 11 more
2019-07-13 20:39:04,020 INFO  impl.LeaderElection (LogUtils.java:infoOrTrace(149)) -   Exception 1: {}
java.util.concurrent.ExecutionException: org.apache.ratis.thirdparty.io.grpc.StatusRuntimeException: UNAVAILABLE: io exception
	at java.util.concurrent.FutureTask.report(FutureTask.java:122)
	at java.util.concurrent.FutureTask.get(FutureTask.java:192)
	at org.apache.ratis.server.impl.LeaderElection.waitForResults(LeaderElection.java:262)
	at org.apache.ratis.server.impl.LeaderElection.askForVotes(LeaderElection.java:200)
	at org.apache.ratis.server.impl.LeaderElection.run(LeaderElection.java:130)
	at java.lang.Thread.run(Thread.java:748)
Caused by: org.apache.ratis.thirdparty.io.grpc.StatusRuntimeException: UNAVAILABLE: io exception
	at org.apache.ratis.thirdparty.io.grpc.stub.ClientCalls.toStatusRuntimeException(ClientCalls.java:233)
	at org.apache.ratis.thirdparty.io.grpc.stub.ClientCalls.getUnchecked(ClientCalls.java:214)
	at org.apache.ratis.thirdparty.io.grpc.stub.ClientCalls.blockingUnaryCall(ClientCalls.java:139)
	at org.apache.ratis.proto.grpc.RaftServerProtocolServiceGrpc$RaftServerProtocolServiceBlockingStub.requestVote(RaftServerProtocolServiceGrpc.java:265)
	at org.apache.ratis.grpc.server.GrpcServerProtocolClient.requestVote(GrpcServerProtocolClient.java:83)
	at org.apache.ratis.grpc.server.GrpcService.requestVote(GrpcService.java:195)
	at org.apache.ratis.server.impl.LeaderElection.lambda$submitRequests$1(LeaderElection.java:237)
	at java.util.concurrent.FutureTask.run(FutureTask.java:266)
	at java.util.concurrent.Executors$RunnableAdapter.call(Executors.java:511)
	at java.util.concurrent.FutureTask.run(FutureTask.java:266)
	at java.util.concurrent.ThreadPoolExecutor.runWorker(ThreadPoolExecutor.java:1149)
	at java.util.concurrent.ThreadPoolExecutor$Worker.run(ThreadPoolExecutor.java:624)
	... 1 more
Caused by: org.apache.ratis.thirdparty.io.netty.channel.AbstractChannel$AnnotatedConnectException: Connection refused: /192.168.5.168:33111
	at sun.nio.ch.SocketChannelImpl.checkConnect(Native Method)
	at sun.nio.ch.SocketChannelImpl.finishConnect(SocketChannelImpl.java:717)
	at org.apache.ratis.thirdparty.io.netty.channel.socket.nio.NioSocketChannel.doFinishConnect(NioSocketChannel.java:327)
	at org.apache.ratis.thirdparty.io.netty.channel.nio.AbstractNioChannel$AbstractNioUnsafe.finishConnect(AbstractNioChannel.java:340)
	at org.apache.ratis.thirdparty.io.netty.channel.nio.NioEventLoop.processSelectedKey(NioEventLoop.java:632)
	at org.apache.ratis.thirdparty.io.netty.channel.nio.NioEventLoop.processSelectedKeysOptimized(NioEventLoop.java:579)
	at org.apache.ratis.thirdparty.io.netty.channel.nio.NioEventLoop.processSelectedKeys(NioEventLoop.java:496)
	at org.apache.ratis.thirdparty.io.netty.channel.nio.NioEventLoop.run(NioEventLoop.java:458)
	at org.apache.ratis.thirdparty.io.netty.util.concurrent.SingleThreadEventExecutor$5.run(SingleThreadEventExecutor.java:897)
	at org.apache.ratis.thirdparty.io.netty.util.concurrent.FastThreadLocalRunnable.run(FastThreadLocalRunnable.java:30)
	... 1 more
Caused by: java.net.ConnectException: Connection refused
	... 11 more
2019-07-13 20:39:04,021 INFO  impl.RaftServerImpl (RaftServerImpl.java:setRole(171)) - 3f97cf59-2b26-42fa-8304-f8ca7a5f916b:group-5018C0EE5C5B changes role from CANDIDATE to FOLLOWER at term 2 for DISCOVERED_A_NEW_TERM
2019-07-13 20:39:04,021 INFO  impl.RoleInfo (RoleInfo.java:shutdownLeaderElection(134)) - 3f97cf59-2b26-42fa-8304-f8ca7a5f916b: shutdown LeaderElection
2019-07-13 20:39:04,021 INFO  impl.RoleInfo (RoleInfo.java:updateAndGet(143)) - 3f97cf59-2b26-42fa-8304-f8ca7a5f916b: start FollowerState
2019-07-13 20:39:05,949 INFO  node.StaleNodeHandler (StaleNodeHandler.java:onMessage(58)) - Datanode 3f97cf59-2b26-42fa-8304-f8ca7a5f916b{ip: 192.168.5.168, host: trunk-nightly-6qp7m-2461138711, networkLocation: /default-rack, certSerialId: null} moved to stale state. Finalizing its pipelines [PipelineID=17768fd0-7810-464d-a337-5018c0ee5c5b, PipelineID=8e9c00aa-d628-4c36-93d4-bc0a34b80c80]
2019-07-13 20:39:05,949 INFO  pipeline.SCMPipelineManager (SCMPipelineManager.java:finalizeAndDestroyPipeline(309)) - destroying pipeline:Pipeline[ Id: 17768fd0-7810-464d-a337-5018c0ee5c5b, Nodes: 9bc81915-8fdf-4499-89b4-39fb809057e6{ip: 192.168.5.168, host: trunk-nightly-6qp7m-2461138711, networkLocation: /default-rack, certSerialId: null}3f97cf59-2b26-42fa-8304-f8ca7a5f916b{ip: 192.168.5.168, host: trunk-nightly-6qp7m-2461138711, networkLocation: /default-rack, certSerialId: null}4c380176-de97-462b-b46a-a80e4c1ce125{ip: 192.168.5.168, host: trunk-nightly-6qp7m-2461138711, networkLocation: /default-rack, certSerialId: null}, Type:RATIS, Factor:THREE, State:CLOSED]
2019-07-13 20:39:05,950 INFO  pipeline.SCMPipelineManager (SCMPipelineManager.java:finalizeAndDestroyPipeline(309)) - destroying pipeline:Pipeline[ Id: 8e9c00aa-d628-4c36-93d4-bc0a34b80c80, Nodes: 3f97cf59-2b26-42fa-8304-f8ca7a5f916b{ip: 192.168.5.168, host: trunk-nightly-6qp7m-2461138711, networkLocation: /default-rack, certSerialId: null}, Type:RATIS, Factor:ONE, State:OPEN]
2019-07-13 20:39:05,950 INFO  pipeline.PipelineStateManager (PipelineStateManager.java:finalizePipeline(123)) - Pipeline Pipeline[ Id: 8e9c00aa-d628-4c36-93d4-bc0a34b80c80, Nodes: 3f97cf59-2b26-42fa-8304-f8ca7a5f916b{ip: 192.168.5.168, host: trunk-nightly-6qp7m-2461138711, networkLocation: /default-rack, certSerialId: null}, Type:RATIS, Factor:ONE, State:CLOSED] moved to CLOSED state
2019-07-13 20:39:06,282 INFO  ozoneimpl.OzoneContainer (OzoneContainer.java:stop(199)) - Attempting to stop container services.
2019-07-13 20:39:06,283 INFO  impl.RaftServerProxy (RaftServerProxy.java:lambda$close$4(314)) - 3f97cf59-2b26-42fa-8304-f8ca7a5f916b: close
2019-07-13 20:39:06,283 INFO  impl.RaftServerImpl (RaftServerImpl.java:lambda$shutdown$3(245)) - 3f97cf59-2b26-42fa-8304-f8ca7a5f916b: shutdown group-5018C0EE5C5B
2019-07-13 20:39:06,284 INFO  util.JmxRegister (JmxRegister.java:unregister(73)) - Successfully un-registered JMX Bean with object name Ratis:service=RaftServer,group=group-5018C0EE5C5B,id=3f97cf59-2b26-42fa-8304-f8ca7a5f916b
2019-07-13 20:39:06,284 INFO  impl.RoleInfo (RoleInfo.java:shutdownFollowerState(121)) - 3f97cf59-2b26-42fa-8304-f8ca7a5f916b: shutdown FollowerState
2019-07-13 20:39:06,284 INFO  impl.StateMachineUpdater (StateMachineUpdater.java:stopAndJoin(115)) - StateMachineUpdater:3f97cf59-2b26-42fa-8304-f8ca7a5f916b:group-5018C0EE5C5B: set stopIndex = 6
2019-07-13 20:39:06,284 INFO  impl.FollowerState (FollowerState.java:run(114)) - 3f97cf59-2b26-42fa-8304-f8ca7a5f916b: FollowerState was interrupted: java.lang.InterruptedException: sleep interrupted
2019-07-13 20:39:06,285 INFO  ratis.ContainerStateMachine (ContainerStateMachine.java:takeSnapshot(246)) - Taking snapshot at termIndex:(t:1, i:4)
2019-07-13 20:39:06,287 INFO  ratis.ContainerStateMachine (ContainerStateMachine.java:takeSnapshot(250)) - Taking a snapshot to file /tmp/workdir/hadoop-ozone/integration-test/target/test-dir/MiniOzoneClusterImpl-9132184a-f07b-4f43-a579-05aa7b8c0a23/datanode-5/data/ratis/17768fd0-7810-464d-a337-5018c0ee5c5b/sm/snapshot.1_4
2019-07-13 20:39:06,287 INFO  impl.StateMachineUpdater (StateMachineUpdater.java:takeSnapshot(242)) - StateMachineUpdater:3f97cf59-2b26-42fa-8304-f8ca7a5f916b:group-5018C0EE5C5B: Took a snapshot at index 4
2019-07-13 20:39:06,288 INFO  impl.StateMachineUpdater (StateMachineUpdater.java:lambda$new$0(80)) - StateMachineUpdater:3f97cf59-2b26-42fa-8304-f8ca7a5f916b:group-5018C0EE5C5B: snapshotIndex: updateIncreasingly -1 -> 4
2019-07-13 20:39:06,288 INFO  impl.RaftServerImpl (ServerState.java:close(394)) - 3f97cf59-2b26-42fa-8304-f8ca7a5f916b:group-5018C0EE5C5B closes. The last applied log index is 6
2019-07-13 20:39:06,289 INFO  segmented.SegmentedRaftLogWorker (SegmentedRaftLogWorker.java:run(313)) - 3f97cf59-2b26-42fa-8304-f8ca7a5f916b-SegmentedRaftLogWorker:Storage Directory /tmp/workdir/hadoop-ozone/integration-test/target/test-dir/MiniOzoneClusterImpl-9132184a-f07b-4f43-a579-05aa7b8c0a23/datanode-5/data/ratis/17768fd0-7810-464d-a337-5018c0ee5c5b was interrupted, exiting. There are 0 tasks remaining in the queue.
2019-07-13 20:39:06,289 INFO  segmented.SegmentedRaftLogWorker (SegmentedRaftLogWorker.java:close(228)) - 3f97cf59-2b26-42fa-8304-f8ca7a5f916b-SegmentedRaftLogWorker:Storage Directory /tmp/workdir/hadoop-ozone/integration-test/target/test-dir/MiniOzoneClusterImpl-9132184a-f07b-4f43-a579-05aa7b8c0a23/datanode-5/data/ratis/17768fd0-7810-464d-a337-5018c0ee5c5b close()
2019-07-13 20:39:06,290 INFO  impl.RaftServerImpl (RaftServerImpl.java:lambda$shutdown$3(245)) - 3f97cf59-2b26-42fa-8304-f8ca7a5f916b: shutdown group-BC0A34B80C80
2019-07-13 20:39:06,290 INFO  util.JmxRegister (JmxRegister.java:unregister(73)) - Successfully un-registered JMX Bean with object name Ratis:service=RaftServer,group=group-BC0A34B80C80,id=3f97cf59-2b26-42fa-8304-f8ca7a5f916b
2019-07-13 20:39:06,290 INFO  impl.RoleInfo (RoleInfo.java:shutdownLeaderState(104)) - 3f97cf59-2b26-42fa-8304-f8ca7a5f916b: shutdown LeaderState
2019-07-13 20:39:06,291 INFO  impl.PendingRequests (PendingRequests.java:sendNotLeaderResponses(202)) - 3f97cf59-2b26-42fa-8304-f8ca7a5f916b-PendingRequests: sendNotLeaderResponses
2019-07-13 20:39:06,291 INFO  impl.StateMachineUpdater (StateMachineUpdater.java:stopAndJoin(115)) - StateMachineUpdater:3f97cf59-2b26-42fa-8304-f8ca7a5f916b:group-BC0A34B80C80: set stopIndex = 0
2019-07-13 20:39:06,291 INFO  ratis.ContainerStateMachine (ContainerStateMachine.java:takeSnapshot(246)) - Taking snapshot at termIndex:(t:0, i:~)
2019-07-13 20:39:06,292 INFO  impl.RaftServerImpl (ServerState.java:close(394)) - 3f97cf59-2b26-42fa-8304-f8ca7a5f916b:group-BC0A34B80C80 closes. The last applied log index is 0
2019-07-13 20:39:06,292 INFO  segmented.SegmentedRaftLogWorker (SegmentedRaftLogWorker.java:run(313)) - 3f97cf59-2b26-42fa-8304-f8ca7a5f916b-SegmentedRaftLogWorker:Storage Directory /tmp/workdir/hadoop-ozone/integration-test/target/test-dir/MiniOzoneClusterImpl-9132184a-f07b-4f43-a579-05aa7b8c0a23/datanode-5/data/ratis/8e9c00aa-d628-4c36-93d4-bc0a34b80c80 was interrupted, exiting. There are 0 tasks remaining in the queue.
2019-07-13 20:39:06,292 INFO  segmented.SegmentedRaftLogWorker (SegmentedRaftLogWorker.java:close(228)) - 3f97cf59-2b26-42fa-8304-f8ca7a5f916b-SegmentedRaftLogWorker:Storage Directory /tmp/workdir/hadoop-ozone/integration-test/target/test-dir/MiniOzoneClusterImpl-9132184a-f07b-4f43-a579-05aa7b8c0a23/datanode-5/data/ratis/8e9c00aa-d628-4c36-93d4-bc0a34b80c80 close()
2019-07-13 20:39:06,293 INFO  server.GrpcService (GrpcService.java:closeImpl(155)) - 3f97cf59-2b26-42fa-8304-f8ca7a5f916b: shutdown server with port 32982 now
2019-07-13 20:39:06,293 INFO  server.GrpcService (GrpcService.java:closeImpl(163)) - 3f97cf59-2b26-42fa-8304-f8ca7a5f916b: shutdown server with port 32982 successfully
2019-07-13 20:39:06,297 INFO  utils.BackgroundService (BackgroundService.java:shutdown(148)) - Shutting down service BlockDeletingService
2019-07-13 20:39:06,300 WARN  fs.CachingGetSpaceUsed (CachingGetSpaceUsed.java:run(183)) - Thread Interrupted waiting to refresh disk information: sleep interrupted
2019-07-13 20:39:06,318 INFO  statemachine.DatanodeStateMachine (DatanodeStateMachine.java:stopDaemon(395)) - Ozone container server stopped.
2019-07-13 20:39:06,333 INFO  handler.ContextHandler (ContextHandler.java:doStop(910)) - Stopped o.e.j.w.WebAppContext@551f38b1{/,null,UNAVAILABLE}{/hddsDatanode}
2019-07-13 20:39:06,334 INFO  server.AbstractConnector (AbstractConnector.java:doStop(318)) - Stopped ServerConnector@5f25b34d{HTTP/1.1,[http/1.1]}{0.0.0.0:0}
2019-07-13 20:39:06,339 INFO  handler.ContextHandler (ContextHandler.java:doStop(910)) - Stopped o.e.j.s.ServletContextHandler@7fdef973{/static,jar:file:/home/user/.m2/repository/org/apache/hadoop/hadoop-hdds-container-service/0.5.0-SNAPSHOT/hadoop-hdds-container-service-0.5.0-SNAPSHOT.jar!/webapps/static,UNAVAILABLE}
2019-07-13 20:39:06,339 INFO  handler.ContextHandler (ContextHandler.java:doStop(910)) - Stopped o.e.j.s.ServletContextHandler@69231217{/logs,file:///tmp/workdir/hadoop-ozone/integration-test/target/log,UNAVAILABLE}
2019-07-13 20:39:06,340 INFO  ozone.MiniOzoneClusterImpl (MiniOzoneClusterImpl.java:stop(353)) - Stopping the StorageContainerManager
2019-07-13 20:39:06,341 INFO  server.StorageContainerManager (StorageContainerManager.java:stop(796)) - Stopping Replication Manager Service.
2019-07-13 20:39:06,341 INFO  container.ReplicationManager (ReplicationManager.java:stop(187)) - Stopping Replication Monitor Thread.
2019-07-13 20:39:06,341 INFO  server.StorageContainerManager (StorageContainerManager.java:stop(803)) - Stopping Lease Manager of the command watchers
2019-07-13 20:39:06,341 INFO  server.StorageContainerManager (StorageContainerManager.java:stop(810)) - Stopping datanode service RPC server
2019-07-13 20:39:06,341 INFO  server.SCMDatanodeProtocolServer (SCMDatanodeProtocolServer.java:stop(375)) - Stopping the RPC server for DataNodes
2019-07-13 20:39:06,342 INFO  ipc.Server (Server.java:stop(3082)) - Stopping server on 32929
2019-07-13 20:39:06,345 INFO  ipc.Server (Server.java:run(1319)) - Stopping IPC Server Responder
2019-07-13 20:39:06,345 INFO  ipc.Server (Server.java:run(1185)) - Stopping IPC Server listener on 32929
2019-07-13 20:39:06,349 WARN  node.NodeStateManager (NodeStateManager.java:scheduleNextHealthCheck(631)) - Current Thread is interrupted, shutting down HB processing thread for Node Manager.
2019-07-13 20:39:06,349 INFO  server.StorageContainerManager (StorageContainerManager.java:stop(818)) - Stopping block service RPC server
2019-07-13 20:39:06,350 INFO  server.SCMBlockProtocolServer (SCMBlockProtocolServer.java:stop(148)) - Stopping the RPC server for Block Protocol
2019-07-13 20:39:06,350 INFO  ipc.Server (Server.java:stop(3082)) - Stopping server on 41432
2019-07-13 20:39:06,352 INFO  ipc.Server (Server.java:run(1185)) - Stopping IPC Server listener on 41432
2019-07-13 20:39:06,352 INFO  server.StorageContainerManager (StorageContainerManager.java:stop(825)) - Stopping the StorageContainerLocationProtocol RPC server
2019-07-13 20:39:06,353 INFO  ipc.Server (Server.java:run(1319)) - Stopping IPC Server Responder
2019-07-13 20:39:06,354 INFO  server.SCMClientProtocolServer (SCMClientProtocolServer.java:stop(157)) - Stopping the RPC server for Client Protocol
2019-07-13 20:39:06,355 INFO  ipc.Server (Server.java:stop(3082)) - Stopping server on 40495
2019-07-13 20:39:06,356 INFO  ipc.Server (Server.java:run(1185)) - Stopping IPC Server listener on 40495
2019-07-13 20:39:06,357 INFO  ipc.Server (Server.java:run(1319)) - Stopping IPC Server Responder
2019-07-13 20:39:06,357 INFO  server.StorageContainerManager (StorageContainerManager.java:stop(832)) - Stopping Storage Container Manager HTTP server.
2019-07-13 20:39:06,359 INFO  handler.ContextHandler (ContextHandler.java:doStop(910)) - Stopped o.e.j.w.WebAppContext@4f36fc2d{/,null,UNAVAILABLE}{/scm}
2019-07-13 20:39:06,360 INFO  server.AbstractConnector (AbstractConnector.java:doStop(318)) - Stopped ServerConnector@8d0d52a{HTTP/1.1,[http/1.1]}{0.0.0.0:0}
2019-07-13 20:39:06,360 INFO  handler.ContextHandler (ContextHandler.java:doStop(910)) - Stopped o.e.j.s.ServletContextHandler@39993624{/static,file:///tmp/workdir/hadoop-ozone/integration-test/target/test-classes/webapps/static,UNAVAILABLE}
2019-07-13 20:39:06,361 INFO  handler.ContextHandler (ContextHandler.java:doStop(910)) - Stopped o.e.j.s.ServletContextHandler@7e9e73{/logs,file:///tmp/workdir/hadoop-ozone/integration-test/target/log,UNAVAILABLE}
2019-07-13 20:39:06,362 INFO  server.StorageContainerManager (StorageContainerManager.java:stop(843)) - Stopping Block Manager Service.
2019-07-13 20:39:06,362 INFO  utils.BackgroundService (BackgroundService.java:shutdown(148)) - Shutting down service SCMBlockDeletingService
2019-07-13 20:39:06,363 INFO  utils.BackgroundService (BackgroundService.java:shutdown(148)) - Shutting down service SCMBlockDeletingService
2019-07-13 20:39:06,363 INFO  server.StorageContainerManager (StorageContainerManager.java:stop(865)) - Stopping SCM Event Queue.
2019-07-13 20:39:06,369 INFO  impl.MetricsSystemImpl (MetricsSystemImpl.java:stop(210)) - Stopping HddsDatanode metrics system...
2019-07-13 20:39:06,378 INFO  impl.MetricsSystemImpl (MetricsSystemImpl.java:stop(216)) - HddsDatanode metrics system stopped.
]]></system-out>
    <system-err><![CDATA[Jul 13, 2019 8:38:33 PM com.sun.jersey.server.impl.application.WebApplicationImpl _initiate
INFO: Initiating Jersey application, version 'Jersey: 1.19 02/11/2015 03:25 AM'
Jul 13, 2019 8:38:33 PM com.sun.jersey.server.impl.application.WebApplicationImpl _initiate
INFO: Initiating Jersey application, version 'Jersey: 1.19 02/11/2015 03:25 AM'
Jul 13, 2019 8:38:33 PM com.sun.jersey.server.impl.application.WebApplicationImpl _initiate
INFO: Initiating Jersey application, version 'Jersey: 1.19 02/11/2015 03:25 AM'
Jul 13, 2019 8:38:33 PM com.sun.jersey.server.impl.application.WebApplicationImpl _initiate
INFO: Initiating Jersey application, version 'Jersey: 1.19 02/11/2015 03:25 AM'
Jul 13, 2019 8:38:33 PM com.sun.jersey.server.impl.application.WebApplicationImpl _initiate
INFO: Initiating Jersey application, version 'Jersey: 1.19 02/11/2015 03:25 AM'
Jul 13, 2019 8:38:34 PM com.sun.jersey.server.impl.application.WebApplicationImpl _initiate
INFO: Initiating Jersey application, version 'Jersey: 1.19 02/11/2015 03:25 AM'
Jul 13, 2019 8:38:34 PM com.sun.jersey.server.impl.application.WebApplicationImpl _initiate
INFO: Initiating Jersey application, version 'Jersey: 1.19 02/11/2015 03:25 AM'
Jul 13, 2019 8:38:39 PM org.apache.ratis.thirdparty.io.grpc.internal.ManagedChannelOrphanWrapper$ManagedChannelReference cleanQueue
SEVERE: *~*~*~ Channel ManagedChannelImpl{logId=3624, target=192.168.5.168:46640} was not shutdown properly!!! ~*~*~*
    Make sure to call shutdown()/shutdownNow() and wait until awaitTermination() returns true.
java.lang.RuntimeException: ManagedChannel allocation site
	at org.apache.ratis.thirdparty.io.grpc.internal.ManagedChannelOrphanWrapper$ManagedChannelReference.<init>(ManagedChannelOrphanWrapper.java:103)
	at org.apache.ratis.thirdparty.io.grpc.internal.ManagedChannelOrphanWrapper.<init>(ManagedChannelOrphanWrapper.java:53)
	at org.apache.ratis.thirdparty.io.grpc.internal.ManagedChannelOrphanWrapper.<init>(ManagedChannelOrphanWrapper.java:44)
	at org.apache.ratis.thirdparty.io.grpc.internal.AbstractManagedChannelImplBuilder.build(AbstractManagedChannelImplBuilder.java:411)
	at org.apache.ratis.grpc.client.GrpcClientProtocolClient.<init>(GrpcClientProtocolClient.java:119)
	at org.apache.ratis.grpc.client.GrpcClientRpc.lambda$new$0(GrpcClientRpc.java:55)
	at org.apache.ratis.util.PeerProxyMap$PeerAndProxy.lambda$getProxy$0(PeerProxyMap.java:61)
	at org.apache.ratis.util.LifeCycle.startAndTransition(LifeCycle.java:202)
	at org.apache.ratis.util.PeerProxyMap$PeerAndProxy.getProxy(PeerProxyMap.java:60)
	at org.apache.ratis.util.PeerProxyMap.getProxy(PeerProxyMap.java:107)
	at org.apache.ratis.grpc.client.GrpcClientRpc.sendRequestAsync(GrpcClientRpc.java:66)
	at org.apache.ratis.client.impl.OrderedAsync.sendRequest(OrderedAsync.java:208)
	at org.apache.ratis.client.impl.OrderedAsync.sendRequestWithRetry(OrderedAsync.java:169)
	at org.apache.ratis.util.SlidingWindow$Client.sendOrDelayRequest(SlidingWindow.java:278)
	at org.apache.ratis.util.SlidingWindow$Client.retry(SlidingWindow.java:294)
	at org.apache.ratis.client.impl.OrderedAsync.lambda$scheduleWithTimeout$7(OrderedAsync.java:195)
	at org.apache.ratis.util.TimeoutScheduler.lambda$onTimeout$0(TimeoutScheduler.java:85)
	at org.apache.ratis.util.TimeoutScheduler.lambda$onTimeout$1(TimeoutScheduler.java:104)
	at org.apache.ratis.util.LogUtils.runAndLog(LogUtils.java:50)
	at org.apache.ratis.util.LogUtils$1.run(LogUtils.java:91)
	at java.util.concurrent.Executors$RunnableAdapter.call(Executors.java:511)
	at java.util.concurrent.FutureTask.run(FutureTask.java:266)
	at java.util.concurrent.ScheduledThreadPoolExecutor$ScheduledFutureTask.access$201(ScheduledThreadPoolExecutor.java:180)
	at java.util.concurrent.ScheduledThreadPoolExecutor$ScheduledFutureTask.run(ScheduledThreadPoolExecutor.java:293)
	at java.util.concurrent.ThreadPoolExecutor.runWorker(ThreadPoolExecutor.java:1149)
	at java.util.concurrent.ThreadPoolExecutor$Worker.run(ThreadPoolExecutor.java:624)
	at java.lang.Thread.run(Thread.java:748)

Jul 13, 2019 8:38:39 PM org.apache.ratis.thirdparty.io.grpc.internal.ManagedChannelOrphanWrapper$ManagedChannelReference cleanQueue
SEVERE: *~*~*~ Channel ManagedChannelImpl{logId=3604, target=192.168.5.168:39684} was not shutdown properly!!! ~*~*~*
    Make sure to call shutdown()/shutdownNow() and wait until awaitTermination() returns true.
java.lang.RuntimeException: ManagedChannel allocation site
	at org.apache.ratis.thirdparty.io.grpc.internal.ManagedChannelOrphanWrapper$ManagedChannelReference.<init>(ManagedChannelOrphanWrapper.java:103)
	at org.apache.ratis.thirdparty.io.grpc.internal.ManagedChannelOrphanWrapper.<init>(ManagedChannelOrphanWrapper.java:53)
	at org.apache.ratis.thirdparty.io.grpc.internal.ManagedChannelOrphanWrapper.<init>(ManagedChannelOrphanWrapper.java:44)
	at org.apache.ratis.thirdparty.io.grpc.internal.AbstractManagedChannelImplBuilder.build(AbstractManagedChannelImplBuilder.java:411)
	at org.apache.ratis.grpc.client.GrpcClientProtocolClient.<init>(GrpcClientProtocolClient.java:119)
	at org.apache.ratis.grpc.client.GrpcClientRpc.lambda$new$0(GrpcClientRpc.java:55)
	at org.apache.ratis.util.PeerProxyMap$PeerAndProxy.lambda$getProxy$0(PeerProxyMap.java:61)
	at org.apache.ratis.util.LifeCycle.startAndTransition(LifeCycle.java:202)
	at org.apache.ratis.util.PeerProxyMap$PeerAndProxy.getProxy(PeerProxyMap.java:60)
	at org.apache.ratis.util.PeerProxyMap.getProxy(PeerProxyMap.java:107)
	at org.apache.ratis.grpc.client.GrpcClientRpc.sendRequestAsync(GrpcClientRpc.java:66)
	at org.apache.ratis.client.impl.OrderedAsync.sendRequest(OrderedAsync.java:208)
	at org.apache.ratis.client.impl.OrderedAsync.sendRequestWithRetry(OrderedAsync.java:169)
	at org.apache.ratis.util.SlidingWindow$Client.sendOrDelayRequest(SlidingWindow.java:278)
	at org.apache.ratis.util.SlidingWindow$Client.retry(SlidingWindow.java:294)
	at org.apache.ratis.client.impl.OrderedAsync.lambda$scheduleWithTimeout$7(OrderedAsync.java:195)
	at org.apache.ratis.util.TimeoutScheduler.lambda$onTimeout$0(TimeoutScheduler.java:85)
	at org.apache.ratis.util.TimeoutScheduler.lambda$onTimeout$1(TimeoutScheduler.java:104)
	at org.apache.ratis.util.LogUtils.runAndLog(LogUtils.java:50)
	at org.apache.ratis.util.LogUtils$1.run(LogUtils.java:91)
	at java.util.concurrent.Executors$RunnableAdapter.call(Executors.java:511)
	at java.util.concurrent.FutureTask.run(FutureTask.java:266)
	at java.util.concurrent.ScheduledThreadPoolExecutor$ScheduledFutureTask.access$201(ScheduledThreadPoolExecutor.java:180)
	at java.util.concurrent.ScheduledThreadPoolExecutor$ScheduledFutureTask.run(ScheduledThreadPoolExecutor.java:293)
	at java.util.concurrent.ThreadPoolExecutor.runWorker(ThreadPoolExecutor.java:1149)
	at java.util.concurrent.ThreadPoolExecutor$Worker.run(ThreadPoolExecutor.java:624)
	at java.lang.Thread.run(Thread.java:748)

]]></system-err>
  </testcase>
</testsuite>