<?xml version="1.0" encoding="UTF-8"?>
<testsuite xmlns:xsi="http://www.w3.org/2001/XMLSchema-instance" xsi:noNamespaceSchemaLocation="https://maven.apache.org/surefire/maven-surefire-plugin/xsd/surefire-test-report.xsd" name="org.apache.hadoop.ozone.client.rpc.TestWatchForCommit" time="159.767" tests="6" errors="1" skipped="0" failures="3">
  <properties>
    <property name="awt.toolkit" value="sun.awt.X11.XToolkit"/>
    <property name="file.encoding.pkg" value="sun.io"/>
    <property name="java.specification.version" value="1.8"/>
    <property name="sun.cpu.isalist" value=""/>
    <property name="sun.jnu.encoding" value="UTF-8"/>
    <property name="java.class.path" value="/tmp/workdir/hadoop-ozone/integration-test/target/test-classes:/tmp/workdir/hadoop-ozone/integration-test/target/classes:/home/user/.m2/repository/org/apache/hadoop/hadoop-ozone-common/0.5.0-SNAPSHOT/hadoop-ozone-common-0.5.0-SNAPSHOT.jar:/home/user/.m2/repository/org/apache/commons/commons-compress/1.4.1/commons-compress-1.4.1.jar:/home/user/.m2/repository/org/tukaani/xz/1.0/xz-1.0.jar:/home/user/.m2/repository/org/apache/hadoop/hadoop-common/3.2.0/hadoop-common-3.2.0.jar:/home/user/.m2/repository/org/apache/hadoop/hadoop-hdfs/3.2.0/hadoop-hdfs-3.2.0.jar:/home/user/.m2/repository/org/apache/hadoop/hadoop-hdfs-client/3.2.0/hadoop-hdfs-client-3.2.0.jar:/home/user/.m2/repository/com/fasterxml/jackson/core/jackson-annotations/2.9.5/jackson-annotations-2.9.5.jar:/home/user/.m2/repository/org/apache/hadoop/hadoop-hdds-common/0.5.0-SNAPSHOT/hadoop-hdds-common-0.5.0-SNAPSHOT.jar:/home/user/.m2/repository/javax/annotation/javax.annotation-api/1.2/javax.annotation-api-1.2.jar:/home/user/.m2/repository/org/apache/ratis/ratis-server/0.4.0-2337318-SNAPSHOT/ratis-server-0.4.0-2337318-SNAPSHOT.jar:/home/user/.m2/repository/org/apache/ratis/ratis-thirdparty-misc/0.2.0/ratis-thirdparty-misc-0.2.0.jar:/home/user/.m2/repository/org/apache/ratis/ratis-proto/0.4.0-2337318-SNAPSHOT/ratis-proto-0.4.0-2337318-SNAPSHOT.jar:/home/user/.m2/repository/org/apache/ratis/ratis-common/0.4.0-2337318-SNAPSHOT/ratis-common-0.4.0-2337318-SNAPSHOT.jar:/home/user/.m2/repository/org/apache/ratis/ratis-client/0.4.0-2337318-SNAPSHOT/ratis-client-0.4.0-2337318-SNAPSHOT.jar:/home/user/.m2/repository/org/apache/ratis/ratis-metrics/0.4.0-2337318-SNAPSHOT/ratis-metrics-0.4.0-2337318-SNAPSHOT.jar:/home/user/.m2/repository/org/apache/ratis/ratis-netty/0.4.0-2337318-SNAPSHOT/ratis-netty-0.4.0-2337318-SNAPSHOT.jar:/home/user/.m2/repository/org/apache/ratis/ratis-grpc/0.4.0-2337318-SNAPSHOT/ratis-grpc-0.4.0-2337318-SNAPSHOT.jar:/home/user/.m2/repository/org/rocksdb/rocksdbjni/6.0.1/rocksdbjni-6.0.1.jar:/home/user/.m2/repository/org/apache/logging/log4j/log4j-api/2.11.0/log4j-api-2.11.0.jar:/home/user/.m2/repository/org/apache/logging/log4j/log4j-core/2.11.0/log4j-core-2.11.0.jar:/home/user/.m2/repository/com/lmax/disruptor/3.4.2/disruptor-3.4.2.jar:/home/user/.m2/repository/org/apache/commons/commons-pool2/2.6.0/commons-pool2-2.6.0.jar:/home/user/.m2/repository/org/bouncycastle/bcpkix-jdk15on/1.60/bcpkix-jdk15on-1.60.jar:/home/user/.m2/repository/commons-validator/commons-validator/1.6/commons-validator-1.6.jar:/home/user/.m2/repository/commons-digester/commons-digester/1.8.1/commons-digester-1.8.1.jar:/home/user/.m2/repository/io/jaegertracing/jaeger-client/0.33.1/jaeger-client-0.33.1.jar:/home/user/.m2/repository/io/jaegertracing/jaeger-thrift/0.33.1/jaeger-thrift-0.33.1.jar:/home/user/.m2/repository/org/apache/thrift/libthrift/0.11.0/libthrift-0.11.0.jar:/home/user/.m2/repository/com/squareup/okhttp3/okhttp/3.9.0/okhttp-3.9.0.jar:/home/user/.m2/repository/com/squareup/okio/okio/1.13.0/okio-1.13.0.jar:/home/user/.m2/repository/io/jaegertracing/jaeger-core/0.33.1/jaeger-core-0.33.1.jar:/home/user/.m2/repository/io/jaegertracing/jaeger-tracerresolver/0.33.1/jaeger-tracerresolver-0.33.1.jar:/home/user/.m2/repository/io/opentracing/contrib/opentracing-tracerresolver/0.1.5/opentracing-tracerresolver-0.1.5.jar:/home/user/.m2/repository/io/opentracing/opentracing-util/0.31.0/opentracing-util-0.31.0.jar:/home/user/.m2/repository/io/opentracing/opentracing-api/0.31.0/opentracing-api-0.31.0.jar:/home/user/.m2/repository/io/opentracing/opentracing-noop/0.31.0/opentracing-noop-0.31.0.jar:/home/user/.m2/repository/org/apache/hadoop/hadoop-hdds-server-framework/0.5.0-SNAPSHOT/hadoop-hdds-server-framework-0.5.0-SNAPSHOT.jar:/home/user/.m2/repository/org/apache/hadoop/hadoop-hdds-container-service/0.5.0-SNAPSHOT/hadoop-hdds-container-service-0.5.0-SNAPSHOT.jar:/home/user/.m2/repository/org/apache/hadoop/hadoop-hdds-client/0.5.0-SNAPSHOT/hadoop-hdds-client-0.5.0-SNAPSHOT.jar:/home/user/.m2/repository/org/apache/hadoop/hadoop-hdds-tools/0.5.0-SNAPSHOT/hadoop-hdds-tools-0.5.0-SNAPSHOT.jar:/home/user/.m2/repository/org/apache/hadoop/hadoop-hdds-server-scm/0.5.0-SNAPSHOT/hadoop-hdds-server-scm-0.5.0-SNAPSHOT.jar:/home/user/.m2/repository/org/apache/hadoop/hadoop-hdds-docs/0.5.0-SNAPSHOT/hadoop-hdds-docs-0.5.0-SNAPSHOT.jar:/home/user/.m2/repository/io/dropwizard/metrics/metrics-core/3.2.4/metrics-core-3.2.4.jar:/home/user/.m2/repository/org/hamcrest/hamcrest-all/1.3/hamcrest-all-1.3.jar:/home/user/.m2/repository/org/bouncycastle/bcprov-jdk15on/1.60/bcprov-jdk15on-1.60.jar:/home/user/.m2/repository/info/picocli/picocli/3.9.6/picocli-3.9.6.jar:/home/user/.m2/repository/com/google/protobuf/protobuf-java/2.5.0/protobuf-java-2.5.0.jar:/home/user/.m2/repository/com/google/guava/guava/11.0.2/guava-11.0.2.jar:/home/user/.m2/repository/org/apache/hadoop/hadoop-ozone-ozone-manager/0.5.0-SNAPSHOT/hadoop-ozone-ozone-manager-0.5.0-SNAPSHOT.jar:/home/user/.m2/repository/org/apache/hadoop/hadoop-minikdc/3.2.0/hadoop-minikdc-3.2.0.jar:/home/user/.m2/repository/commons-io/commons-io/2.5/commons-io-2.5.jar:/home/user/.m2/repository/org/apache/kerby/kerb-simplekdc/1.0.1/kerb-simplekdc-1.0.1.jar:/home/user/.m2/repository/org/apache/kerby/kerb-client/1.0.1/kerb-client-1.0.1.jar:/home/user/.m2/repository/org/apache/kerby/kerby-config/1.0.1/kerby-config-1.0.1.jar:/home/user/.m2/repository/org/apache/kerby/kerb-core/1.0.1/kerb-core-1.0.1.jar:/home/user/.m2/repository/org/apache/kerby/kerby-pkix/1.0.1/kerby-pkix-1.0.1.jar:/home/user/.m2/repository/org/apache/kerby/kerby-asn1/1.0.1/kerby-asn1-1.0.1.jar:/home/user/.m2/repository/org/apache/kerby/kerby-util/1.0.1/kerby-util-1.0.1.jar:/home/user/.m2/repository/org/apache/kerby/kerb-common/1.0.1/kerb-common-1.0.1.jar:/home/user/.m2/repository/org/apache/kerby/kerb-crypto/1.0.1/kerb-crypto-1.0.1.jar:/home/user/.m2/repository/org/apache/kerby/kerb-util/1.0.1/kerb-util-1.0.1.jar:/home/user/.m2/repository/org/apache/kerby/token-provider/1.0.1/token-provider-1.0.1.jar:/home/user/.m2/repository/org/apache/kerby/kerb-admin/1.0.1/kerb-admin-1.0.1.jar:/home/user/.m2/repository/org/apache/kerby/kerb-server/1.0.1/kerb-server-1.0.1.jar:/home/user/.m2/repository/org/apache/kerby/kerb-identity/1.0.1/kerb-identity-1.0.1.jar:/home/user/.m2/repository/org/apache/kerby/kerby-xdr/1.0.1/kerby-xdr-1.0.1.jar:/home/user/.m2/repository/org/slf4j/slf4j-log4j12/1.7.25/slf4j-log4j12-1.7.25.jar:/home/user/.m2/repository/org/apache/hadoop/hadoop-ozone-objectstore-service/0.5.0-SNAPSHOT/hadoop-ozone-objectstore-service-0.5.0-SNAPSHOT.jar:/home/user/.m2/repository/org/apache/hadoop/hadoop-ozone-s3gateway/0.5.0-SNAPSHOT/hadoop-ozone-s3gateway-0.5.0-SNAPSHOT.jar:/home/user/.m2/repository/org/jboss/weld/servlet/weld-servlet/2.4.7.Final/weld-servlet-2.4.7.Final.jar:/home/user/.m2/repository/org/glassfish/jersey/containers/jersey-container-servlet-core/2.27/jersey-container-servlet-core-2.27.jar:/home/user/.m2/repository/org/glassfish/hk2/external/javax.inject/2.5.0-b42/javax.inject-2.5.0-b42.jar:/home/user/.m2/repository/org/glassfish/jersey/core/jersey-common/2.27/jersey-common-2.27.jar:/home/user/.m2/repository/org/glassfish/hk2/osgi-resource-locator/1.0.1/osgi-resource-locator-1.0.1.jar:/home/user/.m2/repository/javax/ws/rs/javax.ws.rs-api/2.1/javax.ws.rs-api-2.1.jar:/home/user/.m2/repository/org/glassfish/jersey/ext/cdi/jersey-cdi1x/2.27/jersey-cdi1x-2.27.jar:/home/user/.m2/repository/org/glassfish/jersey/inject/jersey-hk2/2.27/jersey-hk2-2.27.jar:/home/user/.m2/repository/org/glassfish/hk2/hk2-locator/2.5.0-b42/hk2-locator-2.5.0-b42.jar:/home/user/.m2/repository/org/javassist/javassist/3.22.0-CR2/javassist-3.22.0-CR2.jar:/home/user/.m2/repository/org/glassfish/hk2/hk2-api/2.5.0/hk2-api-2.5.0.jar:/home/user/.m2/repository/org/glassfish/hk2/external/jakarta.inject/2.5.0/jakarta.inject-2.5.0.jar:/home/user/.m2/repository/org/glassfish/hk2/hk2-utils/2.5.0/hk2-utils-2.5.0.jar:/home/user/.m2/repository/jakarta/annotation/jakarta.annotation-api/1.3.4/jakarta.annotation-api-1.3.4.jar:/home/user/.m2/repository/org/glassfish/hk2/external/aopalliance-repackaged/2.5.0/aopalliance-repackaged-2.5.0.jar:/home/user/.m2/repository/com/fasterxml/jackson/dataformat/jackson-dataformat-xml/2.9.0/jackson-dataformat-xml-2.9.0.jar:/home/user/.m2/repository/com/fasterxml/jackson/core/jackson-core/2.9.5/jackson-core-2.9.5.jar:/home/user/.m2/repository/com/fasterxml/jackson/module/jackson-module-jaxb-annotations/2.9.5/jackson-module-jaxb-annotations-2.9.5.jar:/home/user/.m2/repository/javax/enterprise/cdi-api/1.2/cdi-api-1.2.jar:/home/user/.m2/repository/javax/el/javax.el-api/3.0.0/javax.el-api-3.0.0.jar:/home/user/.m2/repository/javax/interceptor/javax.interceptor-api/1.2/javax.interceptor-api-1.2.jar:/home/user/.m2/repository/javax/inject/javax.inject/1/javax.inject-1.jar:/home/user/.m2/repository/com/sun/xml/bind/jaxb-impl/2.3.0.1/jaxb-impl-2.3.0.1.jar:/home/user/.m2/repository/com/sun/xml/bind/jaxb-core/2.3.0.1/jaxb-core-2.3.0.1.jar:/home/user/.m2/repository/javax/xml/bind/jaxb-api/2.3.0/jaxb-api-2.3.0.jar:/home/user/.m2/repository/javax/activation/activation/1.1.1/activation-1.1.1.jar:/home/user/.m2/repository/org/apache/hadoop/hadoop-ozone-csi/0.5.0-SNAPSHOT/hadoop-ozone-csi-0.5.0-SNAPSHOT.jar:/home/user/.m2/repository/com/google/protobuf/protobuf-java-util/3.5.1/protobuf-java-util-3.5.1.jar:/home/user/.m2/repository/org/apache/hadoop/hadoop-hdds-config/0.5.0-SNAPSHOT/hadoop-hdds-config-0.5.0-SNAPSHOT.jar:/home/user/.m2/repository/io/grpc/grpc-netty/1.17.1/grpc-netty-1.17.1.jar:/home/user/.m2/repository/io/grpc/grpc-core/1.17.1/grpc-core-1.17.1.jar:/home/user/.m2/repository/io/grpc/grpc-context/1.17.1/grpc-context-1.17.1.jar:/home/user/.m2/repository/com/google/errorprone/error_prone_annotations/2.2.0/error_prone_annotations-2.2.0.jar:/home/user/.m2/repository/org/codehaus/mojo/animal-sniffer-annotations/1.17/animal-sniffer-annotations-1.17.jar:/home/user/.m2/repository/io/opencensus/opencensus-api/0.17.0/opencensus-api-0.17.0.jar:/home/user/.m2/repository/io/opencensus/opencensus-contrib-grpc-metrics/0.17.0/opencensus-contrib-grpc-metrics-0.17.0.jar:/home/user/.m2/repository/io/netty/netty-codec-http2/4.1.30.Final/netty-codec-http2-4.1.30.Final.jar:/home/user/.m2/repository/io/netty/netty-codec-http/4.1.30.Final/netty-codec-http-4.1.30.Final.jar:/home/user/.m2/repository/io/netty/netty-codec/4.1.30.Final/netty-codec-4.1.30.Final.jar:/home/user/.m2/repository/io/netty/netty-handler/4.1.30.Final/netty-handler-4.1.30.Final.jar:/home/user/.m2/repository/io/netty/netty-handler-proxy/4.1.30.Final/netty-handler-proxy-4.1.30.Final.jar:/home/user/.m2/repository/io/netty/netty-codec-socks/4.1.30.Final/netty-codec-socks-4.1.30.Final.jar:/home/user/.m2/repository/io/netty/netty-transport-native-epoll/4.1.30.Final/netty-transport-native-epoll-4.1.30.Final.jar:/home/user/.m2/repository/io/netty/netty-common/4.1.30.Final/netty-common-4.1.30.Final.jar:/home/user/.m2/repository/io/netty/netty-buffer/4.1.30.Final/netty-buffer-4.1.30.Final.jar:/home/user/.m2/repository/io/netty/netty-transport/4.1.30.Final/netty-transport-4.1.30.Final.jar:/home/user/.m2/repository/io/netty/netty-resolver/4.1.30.Final/netty-resolver-4.1.30.Final.jar:/home/user/.m2/repository/io/netty/netty-transport-native-unix-common/4.1.30.Final/netty-transport-native-unix-common-4.1.30.Final.jar:/home/user/.m2/repository/io/grpc/grpc-protobuf/1.17.1/grpc-protobuf-1.17.1.jar:/home/user/.m2/repository/com/google/api/grpc/proto-google-common-protos/1.0.0/proto-google-common-protos-1.0.0.jar:/home/user/.m2/repository/io/grpc/grpc-protobuf-lite/1.17.1/grpc-protobuf-lite-1.17.1.jar:/home/user/.m2/repository/io/grpc/grpc-stub/1.17.1/grpc-stub-1.17.1.jar:/home/user/.m2/repository/org/apache/hadoop/hadoop-ozone-recon/0.5.0-SNAPSHOT/hadoop-ozone-recon-0.5.0-SNAPSHOT.jar:/home/user/.m2/repository/org/apache/hadoop/hadoop-ozone-reconcodegen/0.5.0-SNAPSHOT/hadoop-ozone-reconcodegen-0.5.0-SNAPSHOT.jar:/home/user/.m2/repository/com/google/inject/extensions/guice-multibindings/4.0/guice-multibindings-4.0.jar:/home/user/.m2/repository/com/google/inject/guice/4.0/guice-4.0.jar:/home/user/.m2/repository/aopalliance/aopalliance/1.0/aopalliance-1.0.jar:/home/user/.m2/repository/com/google/inject/extensions/guice-servlet/4.0/guice-servlet-4.0.jar:/home/user/.m2/repository/org/glassfish/jersey/containers/jersey-container-servlet/2.27/jersey-container-servlet-2.27.jar:/home/user/.m2/repository/org/glassfish/hk2/guice-bridge/2.5.0/guice-bridge-2.5.0.jar:/home/user/.m2/repository/org/glassfish/jersey/core/jersey-server/2.27/jersey-server-2.27.jar:/home/user/.m2/repository/org/glassfish/jersey/core/jersey-client/2.27/jersey-client-2.27.jar:/home/user/.m2/repository/org/glassfish/jersey/media/jersey-media-jaxb/2.27/jersey-media-jaxb-2.27.jar:/home/user/.m2/repository/javax/validation/validation-api/1.1.0.Final/validation-api-1.1.0.Final.jar:/home/user/.m2/repository/org/glassfish/jersey/media/jersey-media-json-jackson/2.27/jersey-media-json-jackson-2.27.jar:/home/user/.m2/repository/org/glassfish/jersey/ext/jersey-entity-filtering/2.27/jersey-entity-filtering-2.27.jar:/home/user/.m2/repository/com/google/inject/extensions/guice-assistedinject/4.0/guice-assistedinject-4.0.jar:/home/user/.m2/repository/org/jooq/jooq/3.11.10/jooq-3.11.10.jar:/home/user/.m2/repository/org/jooq/jooq-meta/3.11.10/jooq-meta-3.11.10.jar:/home/user/.m2/repository/org/jooq/jooq-codegen/3.11.10/jooq-codegen-3.11.10.jar:/home/user/.m2/repository/com/jolbox/bonecp/0.8.0.RELEASE/bonecp-0.8.0.RELEASE.jar:/home/user/.m2/repository/org/xerial/sqlite-jdbc/3.25.2/sqlite-jdbc-3.25.2.jar:/home/user/.m2/repository/org/springframework/spring-jdbc/5.1.3.RELEASE/spring-jdbc-5.1.3.RELEASE.jar:/home/user/.m2/repository/org/springframework/spring-beans/5.1.3.RELEASE/spring-beans-5.1.3.RELEASE.jar:/home/user/.m2/repository/org/springframework/spring-core/5.1.3.RELEASE/spring-core-5.1.3.RELEASE.jar:/home/user/.m2/repository/org/springframework/spring-jcl/5.1.3.RELEASE/spring-jcl-5.1.3.RELEASE.jar:/home/user/.m2/repository/org/springframework/spring-tx/5.1.3.RELEASE/spring-tx-5.1.3.RELEASE.jar:/home/user/.m2/repository/org/apache/hadoop/hadoop-ozone-client/0.5.0-SNAPSHOT/hadoop-ozone-client-0.5.0-SNAPSHOT.jar:/home/user/.m2/repository/commons-lang/commons-lang/2.6/commons-lang-2.6.jar:/home/user/.m2/repository/org/apache/hadoop/hadoop-ozone-ozone-manager/0.5.0-SNAPSHOT/hadoop-ozone-ozone-manager-0.5.0-SNAPSHOT-tests.jar:/home/user/.m2/repository/junit/junit/4.11/junit-4.11.jar:/home/user/.m2/repository/org/hamcrest/hamcrest-core/1.3/hamcrest-core-1.3.jar:/home/user/.m2/repository/org/openjdk/jmh/jmh-core/1.19/jmh-core-1.19.jar:/home/user/.m2/repository/net/sf/jopt-simple/jopt-simple/4.6/jopt-simple-4.6.jar:/home/user/.m2/repository/org/apache/commons/commons-math3/3.1.1/commons-math3-3.1.1.jar:/home/user/.m2/repository/org/openjdk/jmh/jmh-generator-annprocess/1.19/jmh-generator-annprocess-1.19.jar:/home/user/.m2/repository/org/mockito/mockito-all/1.8.5/mockito-all-1.8.5.jar:/home/user/.m2/repository/org/apache/hadoop/hadoop-kms/3.2.0/hadoop-kms-3.2.0.jar:/home/user/.m2/repository/org/apache/hadoop/hadoop-auth/3.2.0/hadoop-auth-3.2.0.jar:/home/user/.m2/repository/com/nimbusds/nimbus-jose-jwt/4.41.1/nimbus-jose-jwt-4.41.1.jar:/home/user/.m2/repository/com/github/stephenc/jcip/jcip-annotations/1.0-1/jcip-annotations-1.0-1.jar:/home/user/.m2/repository/net/minidev/json-smart/2.3/json-smart-2.3.jar:/home/user/.m2/repository/net/minidev/accessors-smart/1.2/accessors-smart-1.2.jar:/home/user/.m2/repository/org/ow2/asm/asm/5.0.4/asm-5.0.4.jar:/home/user/.m2/repository/org/apache/curator/curator-framework/2.12.0/curator-framework-2.12.0.jar:/home/user/.m2/repository/com/sun/jersey/jersey-core/1.19/jersey-core-1.19.jar:/home/user/.m2/repository/javax/ws/rs/jsr311-api/1.1.1/jsr311-api-1.1.1.jar:/home/user/.m2/repository/com/sun/jersey/jersey-server/1.19/jersey-server-1.19.jar:/home/user/.m2/repository/javax/servlet/javax.servlet-api/3.1.0/javax.servlet-api-3.1.0.jar:/home/user/.m2/repository/org/eclipse/jetty/jetty-server/9.3.24.v20180605/jetty-server-9.3.24.v20180605.jar:/home/user/.m2/repository/org/eclipse/jetty/jetty-http/9.3.24.v20180605/jetty-http-9.3.24.v20180605.jar:/home/user/.m2/repository/org/eclipse/jetty/jetty-io/9.3.24.v20180605/jetty-io-9.3.24.v20180605.jar:/home/user/.m2/repository/org/eclipse/jetty/jetty-webapp/9.3.24.v20180605/jetty-webapp-9.3.24.v20180605.jar:/home/user/.m2/repository/org/eclipse/jetty/jetty-xml/9.3.24.v20180605/jetty-xml-9.3.24.v20180605.jar:/home/user/.m2/repository/log4j/log4j/1.2.17/log4j-1.2.17.jar:/home/user/.m2/repository/org/slf4j/slf4j-api/1.7.25/slf4j-api-1.7.25.jar:/home/user/.m2/repository/org/slf4j/jul-to-slf4j/1.7.25/jul-to-slf4j-1.7.25.jar:/home/user/.m2/repository/org/eclipse/jetty/jetty-util/9.3.24.v20180605/jetty-util-9.3.24.v20180605.jar:/home/user/.m2/repository/com/fasterxml/jackson/core/jackson-databind/2.9.5/jackson-databind-2.9.5.jar:/home/user/.m2/repository/org/apache/hadoop/hadoop-kms/3.2.0/hadoop-kms-3.2.0-tests.jar:/home/user/.m2/repository/org/apache/hadoop/hadoop-hdds-server-scm/0.5.0-SNAPSHOT/hadoop-hdds-server-scm-0.5.0-SNAPSHOT-tests.jar:/home/user/.m2/repository/org/apache/hadoop/hadoop-hdds-container-service/0.5.0-SNAPSHOT/hadoop-hdds-container-service-0.5.0-SNAPSHOT-tests.jar:/home/user/.m2/repository/org/yaml/snakeyaml/1.16/snakeyaml-1.16.jar:/home/user/.m2/repository/org/apache/hadoop/hadoop-common/3.2.0/hadoop-common-3.2.0-tests.jar:/home/user/.m2/repository/org/apache/hadoop/hadoop-annotations/3.2.0/hadoop-annotations-3.2.0.jar:/usr/lib/jvm/java-1.8-openjdk/jre/../lib/tools.jar:/home/user/.m2/repository/commons-cli/commons-cli/1.2/commons-cli-1.2.jar:/home/user/.m2/repository/org/apache/httpcomponents/httpclient/4.5.2/httpclient-4.5.2.jar:/home/user/.m2/repository/org/apache/httpcomponents/httpcore/4.4.4/httpcore-4.4.4.jar:/home/user/.m2/repository/commons-codec/commons-codec/1.11/commons-codec-1.11.jar:/home/user/.m2/repository/commons-net/commons-net/3.6/commons-net-3.6.jar:/home/user/.m2/repository/commons-collections/commons-collections/3.2.2/commons-collections-3.2.2.jar:/home/user/.m2/repository/org/eclipse/jetty/jetty-servlet/9.3.24.v20180605/jetty-servlet-9.3.24.v20180605.jar:/home/user/.m2/repository/org/eclipse/jetty/jetty-security/9.3.24.v20180605/jetty-security-9.3.24.v20180605.jar:/home/user/.m2/repository/javax/servlet/jsp/jsp-api/2.1/jsp-api-2.1.jar:/home/user/.m2/repository/com/sun/jersey/jersey-servlet/1.19/jersey-servlet-1.19.jar:/home/user/.m2/repository/com/sun/jersey/jersey-json/1.19/jersey-json-1.19.jar:/home/user/.m2/repository/org/codehaus/jettison/jettison/1.1/jettison-1.1.jar:/home/user/.m2/repository/org/codehaus/jackson/jackson-core-asl/1.9.13/jackson-core-asl-1.9.13.jar:/home/user/.m2/repository/org/codehaus/jackson/jackson-mapper-asl/1.9.13/jackson-mapper-asl-1.9.13.jar:/home/user/.m2/repository/org/codehaus/jackson/jackson-jaxrs/1.9.13/jackson-jaxrs-1.9.13.jar:/home/user/.m2/repository/org/codehaus/jackson/jackson-xc/1.9.13/jackson-xc-1.9.13.jar:/home/user/.m2/repository/commons-logging/commons-logging/1.1.3/commons-logging-1.1.3.jar:/home/user/.m2/repository/commons-beanutils/commons-beanutils/1.9.3/commons-beanutils-1.9.3.jar:/home/user/.m2/repository/org/apache/commons/commons-configuration2/2.1.1/commons-configuration2-2.1.1.jar:/home/user/.m2/repository/org/apache/commons/commons-lang3/3.7/commons-lang3-3.7.jar:/home/user/.m2/repository/org/apache/commons/commons-text/1.4/commons-text-1.4.jar:/home/user/.m2/repository/org/apache/avro/avro/1.7.7/avro-1.7.7.jar:/home/user/.m2/repository/com/thoughtworks/paranamer/paranamer/2.3/paranamer-2.3.jar:/home/user/.m2/repository/org/xerial/snappy/snappy-java/1.0.5/snappy-java-1.0.5.jar:/home/user/.m2/repository/com/google/re2j/re2j/1.1/re2j-1.1.jar:/home/user/.m2/repository/com/google/code/gson/gson/2.2.4/gson-2.2.4.jar:/home/user/.m2/repository/com/jcraft/jsch/0.1.54/jsch-0.1.54.jar:/home/user/.m2/repository/org/apache/curator/curator-client/2.12.0/curator-client-2.12.0.jar:/home/user/.m2/repository/org/apache/curator/curator-recipes/2.12.0/curator-recipes-2.12.0.jar:/home/user/.m2/repository/com/google/code/findbugs/jsr305/3.0.0/jsr305-3.0.0.jar:/home/user/.m2/repository/org/apache/htrace/htrace-core4/4.1.0-incubating/htrace-core4-4.1.0-incubating.jar:/home/user/.m2/repository/org/apache/zookeeper/zookeeper/3.4.13/zookeeper-3.4.13.jar:/home/user/.m2/repository/org/apache/yetus/audience-annotations/0.5.0/audience-annotations-0.5.0.jar:/home/user/.m2/repository/org/codehaus/woodstox/stax2-api/3.1.4/stax2-api-3.1.4.jar:/home/user/.m2/repository/com/fasterxml/woodstox/woodstox-core/5.0.3/woodstox-core-5.0.3.jar:/home/user/.m2/repository/dnsjava/dnsjava/2.1.7/dnsjava-2.1.7.jar:/home/user/.m2/repository/org/apache/hadoop/hadoop-hdfs/3.2.0/hadoop-hdfs-3.2.0-tests.jar:/home/user/.m2/repository/org/eclipse/jetty/jetty-util-ajax/9.3.24.v20180605/jetty-util-ajax-9.3.24.v20180605.jar:/home/user/.m2/repository/commons-daemon/commons-daemon/1.0.13/commons-daemon-1.0.13.jar:/home/user/.m2/repository/io/netty/netty/3.10.5.Final/netty-3.10.5.Final.jar:/home/user/.m2/repository/io/netty/netty-all/4.0.52.Final/netty-all-4.0.52.Final.jar:/home/user/.m2/repository/org/fusesource/leveldbjni/leveldbjni-all/1.8/leveldbjni-all-1.8.jar:"/>
    <property name="java.vm.vendor" value="IcedTea"/>
    <property name="sun.arch.data.model" value="64"/>
    <property name="test.build.dir" value="/tmp/workdir/hadoop-ozone/integration-test/target/test-dir"/>
    <property name="test.cache.data" value=""/>
    <property name="java.vendor.url" value="https://icedtea.classpath.org"/>
    <property name="user.timezone" value=""/>
    <property name="java.vm.specification.version" value="1.8"/>
    <property name="os.name" value="Linux"/>
    <property name="test.build.data" value="/tmp/workdir/hadoop-ozone/integration-test/target/test-dir"/>
    <property name="user.country" value="US"/>
    <property name="sun.java.launcher" value="SUN_STANDARD"/>
    <property name="sun.boot.library.path" value="/usr/lib/jvm/java-1.8-openjdk/jre/lib/amd64"/>
    <property name="sun.java.command" value="/tmp/workdir/hadoop-ozone/integration-test/target/surefire/surefirebooter6661843768419672246.jar /tmp/workdir/hadoop-ozone/integration-test/target/surefire 2019-07-13T20-10-23_519-jvmRun1 surefire5872762480769508523tmp surefire_392166441055912250133tmp"/>
    <property name="surefire.test.class.path" value="/tmp/workdir/hadoop-ozone/integration-test/target/test-classes:/tmp/workdir/hadoop-ozone/integration-test/target/classes:/home/user/.m2/repository/org/apache/hadoop/hadoop-ozone-common/0.5.0-SNAPSHOT/hadoop-ozone-common-0.5.0-SNAPSHOT.jar:/home/user/.m2/repository/org/apache/commons/commons-compress/1.4.1/commons-compress-1.4.1.jar:/home/user/.m2/repository/org/tukaani/xz/1.0/xz-1.0.jar:/home/user/.m2/repository/org/apache/hadoop/hadoop-common/3.2.0/hadoop-common-3.2.0.jar:/home/user/.m2/repository/org/apache/hadoop/hadoop-hdfs/3.2.0/hadoop-hdfs-3.2.0.jar:/home/user/.m2/repository/org/apache/hadoop/hadoop-hdfs-client/3.2.0/hadoop-hdfs-client-3.2.0.jar:/home/user/.m2/repository/com/fasterxml/jackson/core/jackson-annotations/2.9.5/jackson-annotations-2.9.5.jar:/home/user/.m2/repository/org/apache/hadoop/hadoop-hdds-common/0.5.0-SNAPSHOT/hadoop-hdds-common-0.5.0-SNAPSHOT.jar:/home/user/.m2/repository/javax/annotation/javax.annotation-api/1.2/javax.annotation-api-1.2.jar:/home/user/.m2/repository/org/apache/ratis/ratis-server/0.4.0-2337318-SNAPSHOT/ratis-server-0.4.0-2337318-SNAPSHOT.jar:/home/user/.m2/repository/org/apache/ratis/ratis-thirdparty-misc/0.2.0/ratis-thirdparty-misc-0.2.0.jar:/home/user/.m2/repository/org/apache/ratis/ratis-proto/0.4.0-2337318-SNAPSHOT/ratis-proto-0.4.0-2337318-SNAPSHOT.jar:/home/user/.m2/repository/org/apache/ratis/ratis-common/0.4.0-2337318-SNAPSHOT/ratis-common-0.4.0-2337318-SNAPSHOT.jar:/home/user/.m2/repository/org/apache/ratis/ratis-client/0.4.0-2337318-SNAPSHOT/ratis-client-0.4.0-2337318-SNAPSHOT.jar:/home/user/.m2/repository/org/apache/ratis/ratis-metrics/0.4.0-2337318-SNAPSHOT/ratis-metrics-0.4.0-2337318-SNAPSHOT.jar:/home/user/.m2/repository/org/apache/ratis/ratis-netty/0.4.0-2337318-SNAPSHOT/ratis-netty-0.4.0-2337318-SNAPSHOT.jar:/home/user/.m2/repository/org/apache/ratis/ratis-grpc/0.4.0-2337318-SNAPSHOT/ratis-grpc-0.4.0-2337318-SNAPSHOT.jar:/home/user/.m2/repository/org/rocksdb/rocksdbjni/6.0.1/rocksdbjni-6.0.1.jar:/home/user/.m2/repository/org/apache/logging/log4j/log4j-api/2.11.0/log4j-api-2.11.0.jar:/home/user/.m2/repository/org/apache/logging/log4j/log4j-core/2.11.0/log4j-core-2.11.0.jar:/home/user/.m2/repository/com/lmax/disruptor/3.4.2/disruptor-3.4.2.jar:/home/user/.m2/repository/org/apache/commons/commons-pool2/2.6.0/commons-pool2-2.6.0.jar:/home/user/.m2/repository/org/bouncycastle/bcpkix-jdk15on/1.60/bcpkix-jdk15on-1.60.jar:/home/user/.m2/repository/commons-validator/commons-validator/1.6/commons-validator-1.6.jar:/home/user/.m2/repository/commons-digester/commons-digester/1.8.1/commons-digester-1.8.1.jar:/home/user/.m2/repository/io/jaegertracing/jaeger-client/0.33.1/jaeger-client-0.33.1.jar:/home/user/.m2/repository/io/jaegertracing/jaeger-thrift/0.33.1/jaeger-thrift-0.33.1.jar:/home/user/.m2/repository/org/apache/thrift/libthrift/0.11.0/libthrift-0.11.0.jar:/home/user/.m2/repository/com/squareup/okhttp3/okhttp/3.9.0/okhttp-3.9.0.jar:/home/user/.m2/repository/com/squareup/okio/okio/1.13.0/okio-1.13.0.jar:/home/user/.m2/repository/io/jaegertracing/jaeger-core/0.33.1/jaeger-core-0.33.1.jar:/home/user/.m2/repository/io/jaegertracing/jaeger-tracerresolver/0.33.1/jaeger-tracerresolver-0.33.1.jar:/home/user/.m2/repository/io/opentracing/contrib/opentracing-tracerresolver/0.1.5/opentracing-tracerresolver-0.1.5.jar:/home/user/.m2/repository/io/opentracing/opentracing-util/0.31.0/opentracing-util-0.31.0.jar:/home/user/.m2/repository/io/opentracing/opentracing-api/0.31.0/opentracing-api-0.31.0.jar:/home/user/.m2/repository/io/opentracing/opentracing-noop/0.31.0/opentracing-noop-0.31.0.jar:/home/user/.m2/repository/org/apache/hadoop/hadoop-hdds-server-framework/0.5.0-SNAPSHOT/hadoop-hdds-server-framework-0.5.0-SNAPSHOT.jar:/home/user/.m2/repository/org/apache/hadoop/hadoop-hdds-container-service/0.5.0-SNAPSHOT/hadoop-hdds-container-service-0.5.0-SNAPSHOT.jar:/home/user/.m2/repository/org/apache/hadoop/hadoop-hdds-client/0.5.0-SNAPSHOT/hadoop-hdds-client-0.5.0-SNAPSHOT.jar:/home/user/.m2/repository/org/apache/hadoop/hadoop-hdds-tools/0.5.0-SNAPSHOT/hadoop-hdds-tools-0.5.0-SNAPSHOT.jar:/home/user/.m2/repository/org/apache/hadoop/hadoop-hdds-server-scm/0.5.0-SNAPSHOT/hadoop-hdds-server-scm-0.5.0-SNAPSHOT.jar:/home/user/.m2/repository/org/apache/hadoop/hadoop-hdds-docs/0.5.0-SNAPSHOT/hadoop-hdds-docs-0.5.0-SNAPSHOT.jar:/home/user/.m2/repository/io/dropwizard/metrics/metrics-core/3.2.4/metrics-core-3.2.4.jar:/home/user/.m2/repository/org/hamcrest/hamcrest-all/1.3/hamcrest-all-1.3.jar:/home/user/.m2/repository/org/bouncycastle/bcprov-jdk15on/1.60/bcprov-jdk15on-1.60.jar:/home/user/.m2/repository/info/picocli/picocli/3.9.6/picocli-3.9.6.jar:/home/user/.m2/repository/com/google/protobuf/protobuf-java/2.5.0/protobuf-java-2.5.0.jar:/home/user/.m2/repository/com/google/guava/guava/11.0.2/guava-11.0.2.jar:/home/user/.m2/repository/org/apache/hadoop/hadoop-ozone-ozone-manager/0.5.0-SNAPSHOT/hadoop-ozone-ozone-manager-0.5.0-SNAPSHOT.jar:/home/user/.m2/repository/org/apache/hadoop/hadoop-minikdc/3.2.0/hadoop-minikdc-3.2.0.jar:/home/user/.m2/repository/commons-io/commons-io/2.5/commons-io-2.5.jar:/home/user/.m2/repository/org/apache/kerby/kerb-simplekdc/1.0.1/kerb-simplekdc-1.0.1.jar:/home/user/.m2/repository/org/apache/kerby/kerb-client/1.0.1/kerb-client-1.0.1.jar:/home/user/.m2/repository/org/apache/kerby/kerby-config/1.0.1/kerby-config-1.0.1.jar:/home/user/.m2/repository/org/apache/kerby/kerb-core/1.0.1/kerb-core-1.0.1.jar:/home/user/.m2/repository/org/apache/kerby/kerby-pkix/1.0.1/kerby-pkix-1.0.1.jar:/home/user/.m2/repository/org/apache/kerby/kerby-asn1/1.0.1/kerby-asn1-1.0.1.jar:/home/user/.m2/repository/org/apache/kerby/kerby-util/1.0.1/kerby-util-1.0.1.jar:/home/user/.m2/repository/org/apache/kerby/kerb-common/1.0.1/kerb-common-1.0.1.jar:/home/user/.m2/repository/org/apache/kerby/kerb-crypto/1.0.1/kerb-crypto-1.0.1.jar:/home/user/.m2/repository/org/apache/kerby/kerb-util/1.0.1/kerb-util-1.0.1.jar:/home/user/.m2/repository/org/apache/kerby/token-provider/1.0.1/token-provider-1.0.1.jar:/home/user/.m2/repository/org/apache/kerby/kerb-admin/1.0.1/kerb-admin-1.0.1.jar:/home/user/.m2/repository/org/apache/kerby/kerb-server/1.0.1/kerb-server-1.0.1.jar:/home/user/.m2/repository/org/apache/kerby/kerb-identity/1.0.1/kerb-identity-1.0.1.jar:/home/user/.m2/repository/org/apache/kerby/kerby-xdr/1.0.1/kerby-xdr-1.0.1.jar:/home/user/.m2/repository/org/slf4j/slf4j-log4j12/1.7.25/slf4j-log4j12-1.7.25.jar:/home/user/.m2/repository/org/apache/hadoop/hadoop-ozone-objectstore-service/0.5.0-SNAPSHOT/hadoop-ozone-objectstore-service-0.5.0-SNAPSHOT.jar:/home/user/.m2/repository/org/apache/hadoop/hadoop-ozone-s3gateway/0.5.0-SNAPSHOT/hadoop-ozone-s3gateway-0.5.0-SNAPSHOT.jar:/home/user/.m2/repository/org/jboss/weld/servlet/weld-servlet/2.4.7.Final/weld-servlet-2.4.7.Final.jar:/home/user/.m2/repository/org/glassfish/jersey/containers/jersey-container-servlet-core/2.27/jersey-container-servlet-core-2.27.jar:/home/user/.m2/repository/org/glassfish/hk2/external/javax.inject/2.5.0-b42/javax.inject-2.5.0-b42.jar:/home/user/.m2/repository/org/glassfish/jersey/core/jersey-common/2.27/jersey-common-2.27.jar:/home/user/.m2/repository/org/glassfish/hk2/osgi-resource-locator/1.0.1/osgi-resource-locator-1.0.1.jar:/home/user/.m2/repository/javax/ws/rs/javax.ws.rs-api/2.1/javax.ws.rs-api-2.1.jar:/home/user/.m2/repository/org/glassfish/jersey/ext/cdi/jersey-cdi1x/2.27/jersey-cdi1x-2.27.jar:/home/user/.m2/repository/org/glassfish/jersey/inject/jersey-hk2/2.27/jersey-hk2-2.27.jar:/home/user/.m2/repository/org/glassfish/hk2/hk2-locator/2.5.0-b42/hk2-locator-2.5.0-b42.jar:/home/user/.m2/repository/org/javassist/javassist/3.22.0-CR2/javassist-3.22.0-CR2.jar:/home/user/.m2/repository/org/glassfish/hk2/hk2-api/2.5.0/hk2-api-2.5.0.jar:/home/user/.m2/repository/org/glassfish/hk2/external/jakarta.inject/2.5.0/jakarta.inject-2.5.0.jar:/home/user/.m2/repository/org/glassfish/hk2/hk2-utils/2.5.0/hk2-utils-2.5.0.jar:/home/user/.m2/repository/jakarta/annotation/jakarta.annotation-api/1.3.4/jakarta.annotation-api-1.3.4.jar:/home/user/.m2/repository/org/glassfish/hk2/external/aopalliance-repackaged/2.5.0/aopalliance-repackaged-2.5.0.jar:/home/user/.m2/repository/com/fasterxml/jackson/dataformat/jackson-dataformat-xml/2.9.0/jackson-dataformat-xml-2.9.0.jar:/home/user/.m2/repository/com/fasterxml/jackson/core/jackson-core/2.9.5/jackson-core-2.9.5.jar:/home/user/.m2/repository/com/fasterxml/jackson/module/jackson-module-jaxb-annotations/2.9.5/jackson-module-jaxb-annotations-2.9.5.jar:/home/user/.m2/repository/javax/enterprise/cdi-api/1.2/cdi-api-1.2.jar:/home/user/.m2/repository/javax/el/javax.el-api/3.0.0/javax.el-api-3.0.0.jar:/home/user/.m2/repository/javax/interceptor/javax.interceptor-api/1.2/javax.interceptor-api-1.2.jar:/home/user/.m2/repository/javax/inject/javax.inject/1/javax.inject-1.jar:/home/user/.m2/repository/com/sun/xml/bind/jaxb-impl/2.3.0.1/jaxb-impl-2.3.0.1.jar:/home/user/.m2/repository/com/sun/xml/bind/jaxb-core/2.3.0.1/jaxb-core-2.3.0.1.jar:/home/user/.m2/repository/javax/xml/bind/jaxb-api/2.3.0/jaxb-api-2.3.0.jar:/home/user/.m2/repository/javax/activation/activation/1.1.1/activation-1.1.1.jar:/home/user/.m2/repository/org/apache/hadoop/hadoop-ozone-csi/0.5.0-SNAPSHOT/hadoop-ozone-csi-0.5.0-SNAPSHOT.jar:/home/user/.m2/repository/com/google/protobuf/protobuf-java-util/3.5.1/protobuf-java-util-3.5.1.jar:/home/user/.m2/repository/org/apache/hadoop/hadoop-hdds-config/0.5.0-SNAPSHOT/hadoop-hdds-config-0.5.0-SNAPSHOT.jar:/home/user/.m2/repository/io/grpc/grpc-netty/1.17.1/grpc-netty-1.17.1.jar:/home/user/.m2/repository/io/grpc/grpc-core/1.17.1/grpc-core-1.17.1.jar:/home/user/.m2/repository/io/grpc/grpc-context/1.17.1/grpc-context-1.17.1.jar:/home/user/.m2/repository/com/google/errorprone/error_prone_annotations/2.2.0/error_prone_annotations-2.2.0.jar:/home/user/.m2/repository/org/codehaus/mojo/animal-sniffer-annotations/1.17/animal-sniffer-annotations-1.17.jar:/home/user/.m2/repository/io/opencensus/opencensus-api/0.17.0/opencensus-api-0.17.0.jar:/home/user/.m2/repository/io/opencensus/opencensus-contrib-grpc-metrics/0.17.0/opencensus-contrib-grpc-metrics-0.17.0.jar:/home/user/.m2/repository/io/netty/netty-codec-http2/4.1.30.Final/netty-codec-http2-4.1.30.Final.jar:/home/user/.m2/repository/io/netty/netty-codec-http/4.1.30.Final/netty-codec-http-4.1.30.Final.jar:/home/user/.m2/repository/io/netty/netty-codec/4.1.30.Final/netty-codec-4.1.30.Final.jar:/home/user/.m2/repository/io/netty/netty-handler/4.1.30.Final/netty-handler-4.1.30.Final.jar:/home/user/.m2/repository/io/netty/netty-handler-proxy/4.1.30.Final/netty-handler-proxy-4.1.30.Final.jar:/home/user/.m2/repository/io/netty/netty-codec-socks/4.1.30.Final/netty-codec-socks-4.1.30.Final.jar:/home/user/.m2/repository/io/netty/netty-transport-native-epoll/4.1.30.Final/netty-transport-native-epoll-4.1.30.Final.jar:/home/user/.m2/repository/io/netty/netty-common/4.1.30.Final/netty-common-4.1.30.Final.jar:/home/user/.m2/repository/io/netty/netty-buffer/4.1.30.Final/netty-buffer-4.1.30.Final.jar:/home/user/.m2/repository/io/netty/netty-transport/4.1.30.Final/netty-transport-4.1.30.Final.jar:/home/user/.m2/repository/io/netty/netty-resolver/4.1.30.Final/netty-resolver-4.1.30.Final.jar:/home/user/.m2/repository/io/netty/netty-transport-native-unix-common/4.1.30.Final/netty-transport-native-unix-common-4.1.30.Final.jar:/home/user/.m2/repository/io/grpc/grpc-protobuf/1.17.1/grpc-protobuf-1.17.1.jar:/home/user/.m2/repository/com/google/api/grpc/proto-google-common-protos/1.0.0/proto-google-common-protos-1.0.0.jar:/home/user/.m2/repository/io/grpc/grpc-protobuf-lite/1.17.1/grpc-protobuf-lite-1.17.1.jar:/home/user/.m2/repository/io/grpc/grpc-stub/1.17.1/grpc-stub-1.17.1.jar:/home/user/.m2/repository/org/apache/hadoop/hadoop-ozone-recon/0.5.0-SNAPSHOT/hadoop-ozone-recon-0.5.0-SNAPSHOT.jar:/home/user/.m2/repository/org/apache/hadoop/hadoop-ozone-reconcodegen/0.5.0-SNAPSHOT/hadoop-ozone-reconcodegen-0.5.0-SNAPSHOT.jar:/home/user/.m2/repository/com/google/inject/extensions/guice-multibindings/4.0/guice-multibindings-4.0.jar:/home/user/.m2/repository/com/google/inject/guice/4.0/guice-4.0.jar:/home/user/.m2/repository/aopalliance/aopalliance/1.0/aopalliance-1.0.jar:/home/user/.m2/repository/com/google/inject/extensions/guice-servlet/4.0/guice-servlet-4.0.jar:/home/user/.m2/repository/org/glassfish/jersey/containers/jersey-container-servlet/2.27/jersey-container-servlet-2.27.jar:/home/user/.m2/repository/org/glassfish/hk2/guice-bridge/2.5.0/guice-bridge-2.5.0.jar:/home/user/.m2/repository/org/glassfish/jersey/core/jersey-server/2.27/jersey-server-2.27.jar:/home/user/.m2/repository/org/glassfish/jersey/core/jersey-client/2.27/jersey-client-2.27.jar:/home/user/.m2/repository/org/glassfish/jersey/media/jersey-media-jaxb/2.27/jersey-media-jaxb-2.27.jar:/home/user/.m2/repository/javax/validation/validation-api/1.1.0.Final/validation-api-1.1.0.Final.jar:/home/user/.m2/repository/org/glassfish/jersey/media/jersey-media-json-jackson/2.27/jersey-media-json-jackson-2.27.jar:/home/user/.m2/repository/org/glassfish/jersey/ext/jersey-entity-filtering/2.27/jersey-entity-filtering-2.27.jar:/home/user/.m2/repository/com/google/inject/extensions/guice-assistedinject/4.0/guice-assistedinject-4.0.jar:/home/user/.m2/repository/org/jooq/jooq/3.11.10/jooq-3.11.10.jar:/home/user/.m2/repository/org/jooq/jooq-meta/3.11.10/jooq-meta-3.11.10.jar:/home/user/.m2/repository/org/jooq/jooq-codegen/3.11.10/jooq-codegen-3.11.10.jar:/home/user/.m2/repository/com/jolbox/bonecp/0.8.0.RELEASE/bonecp-0.8.0.RELEASE.jar:/home/user/.m2/repository/org/xerial/sqlite-jdbc/3.25.2/sqlite-jdbc-3.25.2.jar:/home/user/.m2/repository/org/springframework/spring-jdbc/5.1.3.RELEASE/spring-jdbc-5.1.3.RELEASE.jar:/home/user/.m2/repository/org/springframework/spring-beans/5.1.3.RELEASE/spring-beans-5.1.3.RELEASE.jar:/home/user/.m2/repository/org/springframework/spring-core/5.1.3.RELEASE/spring-core-5.1.3.RELEASE.jar:/home/user/.m2/repository/org/springframework/spring-jcl/5.1.3.RELEASE/spring-jcl-5.1.3.RELEASE.jar:/home/user/.m2/repository/org/springframework/spring-tx/5.1.3.RELEASE/spring-tx-5.1.3.RELEASE.jar:/home/user/.m2/repository/org/apache/hadoop/hadoop-ozone-client/0.5.0-SNAPSHOT/hadoop-ozone-client-0.5.0-SNAPSHOT.jar:/home/user/.m2/repository/commons-lang/commons-lang/2.6/commons-lang-2.6.jar:/home/user/.m2/repository/org/apache/hadoop/hadoop-ozone-ozone-manager/0.5.0-SNAPSHOT/hadoop-ozone-ozone-manager-0.5.0-SNAPSHOT-tests.jar:/home/user/.m2/repository/junit/junit/4.11/junit-4.11.jar:/home/user/.m2/repository/org/hamcrest/hamcrest-core/1.3/hamcrest-core-1.3.jar:/home/user/.m2/repository/org/openjdk/jmh/jmh-core/1.19/jmh-core-1.19.jar:/home/user/.m2/repository/net/sf/jopt-simple/jopt-simple/4.6/jopt-simple-4.6.jar:/home/user/.m2/repository/org/apache/commons/commons-math3/3.1.1/commons-math3-3.1.1.jar:/home/user/.m2/repository/org/openjdk/jmh/jmh-generator-annprocess/1.19/jmh-generator-annprocess-1.19.jar:/home/user/.m2/repository/org/mockito/mockito-all/1.8.5/mockito-all-1.8.5.jar:/home/user/.m2/repository/org/apache/hadoop/hadoop-kms/3.2.0/hadoop-kms-3.2.0.jar:/home/user/.m2/repository/org/apache/hadoop/hadoop-auth/3.2.0/hadoop-auth-3.2.0.jar:/home/user/.m2/repository/com/nimbusds/nimbus-jose-jwt/4.41.1/nimbus-jose-jwt-4.41.1.jar:/home/user/.m2/repository/com/github/stephenc/jcip/jcip-annotations/1.0-1/jcip-annotations-1.0-1.jar:/home/user/.m2/repository/net/minidev/json-smart/2.3/json-smart-2.3.jar:/home/user/.m2/repository/net/minidev/accessors-smart/1.2/accessors-smart-1.2.jar:/home/user/.m2/repository/org/ow2/asm/asm/5.0.4/asm-5.0.4.jar:/home/user/.m2/repository/org/apache/curator/curator-framework/2.12.0/curator-framework-2.12.0.jar:/home/user/.m2/repository/com/sun/jersey/jersey-core/1.19/jersey-core-1.19.jar:/home/user/.m2/repository/javax/ws/rs/jsr311-api/1.1.1/jsr311-api-1.1.1.jar:/home/user/.m2/repository/com/sun/jersey/jersey-server/1.19/jersey-server-1.19.jar:/home/user/.m2/repository/javax/servlet/javax.servlet-api/3.1.0/javax.servlet-api-3.1.0.jar:/home/user/.m2/repository/org/eclipse/jetty/jetty-server/9.3.24.v20180605/jetty-server-9.3.24.v20180605.jar:/home/user/.m2/repository/org/eclipse/jetty/jetty-http/9.3.24.v20180605/jetty-http-9.3.24.v20180605.jar:/home/user/.m2/repository/org/eclipse/jetty/jetty-io/9.3.24.v20180605/jetty-io-9.3.24.v20180605.jar:/home/user/.m2/repository/org/eclipse/jetty/jetty-webapp/9.3.24.v20180605/jetty-webapp-9.3.24.v20180605.jar:/home/user/.m2/repository/org/eclipse/jetty/jetty-xml/9.3.24.v20180605/jetty-xml-9.3.24.v20180605.jar:/home/user/.m2/repository/log4j/log4j/1.2.17/log4j-1.2.17.jar:/home/user/.m2/repository/org/slf4j/slf4j-api/1.7.25/slf4j-api-1.7.25.jar:/home/user/.m2/repository/org/slf4j/jul-to-slf4j/1.7.25/jul-to-slf4j-1.7.25.jar:/home/user/.m2/repository/org/eclipse/jetty/jetty-util/9.3.24.v20180605/jetty-util-9.3.24.v20180605.jar:/home/user/.m2/repository/com/fasterxml/jackson/core/jackson-databind/2.9.5/jackson-databind-2.9.5.jar:/home/user/.m2/repository/org/apache/hadoop/hadoop-kms/3.2.0/hadoop-kms-3.2.0-tests.jar:/home/user/.m2/repository/org/apache/hadoop/hadoop-hdds-server-scm/0.5.0-SNAPSHOT/hadoop-hdds-server-scm-0.5.0-SNAPSHOT-tests.jar:/home/user/.m2/repository/org/apache/hadoop/hadoop-hdds-container-service/0.5.0-SNAPSHOT/hadoop-hdds-container-service-0.5.0-SNAPSHOT-tests.jar:/home/user/.m2/repository/org/yaml/snakeyaml/1.16/snakeyaml-1.16.jar:/home/user/.m2/repository/org/apache/hadoop/hadoop-common/3.2.0/hadoop-common-3.2.0-tests.jar:/home/user/.m2/repository/org/apache/hadoop/hadoop-annotations/3.2.0/hadoop-annotations-3.2.0.jar:/usr/lib/jvm/java-1.8-openjdk/jre/../lib/tools.jar:/home/user/.m2/repository/commons-cli/commons-cli/1.2/commons-cli-1.2.jar:/home/user/.m2/repository/org/apache/httpcomponents/httpclient/4.5.2/httpclient-4.5.2.jar:/home/user/.m2/repository/org/apache/httpcomponents/httpcore/4.4.4/httpcore-4.4.4.jar:/home/user/.m2/repository/commons-codec/commons-codec/1.11/commons-codec-1.11.jar:/home/user/.m2/repository/commons-net/commons-net/3.6/commons-net-3.6.jar:/home/user/.m2/repository/commons-collections/commons-collections/3.2.2/commons-collections-3.2.2.jar:/home/user/.m2/repository/org/eclipse/jetty/jetty-servlet/9.3.24.v20180605/jetty-servlet-9.3.24.v20180605.jar:/home/user/.m2/repository/org/eclipse/jetty/jetty-security/9.3.24.v20180605/jetty-security-9.3.24.v20180605.jar:/home/user/.m2/repository/javax/servlet/jsp/jsp-api/2.1/jsp-api-2.1.jar:/home/user/.m2/repository/com/sun/jersey/jersey-servlet/1.19/jersey-servlet-1.19.jar:/home/user/.m2/repository/com/sun/jersey/jersey-json/1.19/jersey-json-1.19.jar:/home/user/.m2/repository/org/codehaus/jettison/jettison/1.1/jettison-1.1.jar:/home/user/.m2/repository/org/codehaus/jackson/jackson-core-asl/1.9.13/jackson-core-asl-1.9.13.jar:/home/user/.m2/repository/org/codehaus/jackson/jackson-mapper-asl/1.9.13/jackson-mapper-asl-1.9.13.jar:/home/user/.m2/repository/org/codehaus/jackson/jackson-jaxrs/1.9.13/jackson-jaxrs-1.9.13.jar:/home/user/.m2/repository/org/codehaus/jackson/jackson-xc/1.9.13/jackson-xc-1.9.13.jar:/home/user/.m2/repository/commons-logging/commons-logging/1.1.3/commons-logging-1.1.3.jar:/home/user/.m2/repository/commons-beanutils/commons-beanutils/1.9.3/commons-beanutils-1.9.3.jar:/home/user/.m2/repository/org/apache/commons/commons-configuration2/2.1.1/commons-configuration2-2.1.1.jar:/home/user/.m2/repository/org/apache/commons/commons-lang3/3.7/commons-lang3-3.7.jar:/home/user/.m2/repository/org/apache/commons/commons-text/1.4/commons-text-1.4.jar:/home/user/.m2/repository/org/apache/avro/avro/1.7.7/avro-1.7.7.jar:/home/user/.m2/repository/com/thoughtworks/paranamer/paranamer/2.3/paranamer-2.3.jar:/home/user/.m2/repository/org/xerial/snappy/snappy-java/1.0.5/snappy-java-1.0.5.jar:/home/user/.m2/repository/com/google/re2j/re2j/1.1/re2j-1.1.jar:/home/user/.m2/repository/com/google/code/gson/gson/2.2.4/gson-2.2.4.jar:/home/user/.m2/repository/com/jcraft/jsch/0.1.54/jsch-0.1.54.jar:/home/user/.m2/repository/org/apache/curator/curator-client/2.12.0/curator-client-2.12.0.jar:/home/user/.m2/repository/org/apache/curator/curator-recipes/2.12.0/curator-recipes-2.12.0.jar:/home/user/.m2/repository/com/google/code/findbugs/jsr305/3.0.0/jsr305-3.0.0.jar:/home/user/.m2/repository/org/apache/htrace/htrace-core4/4.1.0-incubating/htrace-core4-4.1.0-incubating.jar:/home/user/.m2/repository/org/apache/zookeeper/zookeeper/3.4.13/zookeeper-3.4.13.jar:/home/user/.m2/repository/org/apache/yetus/audience-annotations/0.5.0/audience-annotations-0.5.0.jar:/home/user/.m2/repository/org/codehaus/woodstox/stax2-api/3.1.4/stax2-api-3.1.4.jar:/home/user/.m2/repository/com/fasterxml/woodstox/woodstox-core/5.0.3/woodstox-core-5.0.3.jar:/home/user/.m2/repository/dnsjava/dnsjava/2.1.7/dnsjava-2.1.7.jar:/home/user/.m2/repository/org/apache/hadoop/hadoop-hdfs/3.2.0/hadoop-hdfs-3.2.0-tests.jar:/home/user/.m2/repository/org/eclipse/jetty/jetty-util-ajax/9.3.24.v20180605/jetty-util-ajax-9.3.24.v20180605.jar:/home/user/.m2/repository/commons-daemon/commons-daemon/1.0.13/commons-daemon-1.0.13.jar:/home/user/.m2/repository/io/netty/netty/3.10.5.Final/netty-3.10.5.Final.jar:/home/user/.m2/repository/io/netty/netty-all/4.0.52.Final/netty-all-4.0.52.Final.jar:/home/user/.m2/repository/org/fusesource/leveldbjni/leveldbjni-all/1.8/leveldbjni-all-1.8.jar:"/>
    <property name="sun.cpu.endian" value="little"/>
    <property name="user.home" value="/home/user"/>
    <property name="user.language" value="en"/>
    <property name="java.specification.vendor" value="Oracle Corporation"/>
    <property name="java.home" value="/usr/lib/jvm/java-1.8-openjdk/jre"/>
    <property name="java.security.krb5.conf" value="/tmp/workdir/hadoop-ozone/integration-test/target/test-classes/krb5.conf"/>
    <property name="basedir" value="/tmp/workdir/hadoop-ozone/integration-test"/>
    <property name="file.separator" value="/"/>
    <property name="line.separator" value="&#10;"/>
    <property name="java.vm.specification.vendor" value="Oracle Corporation"/>
    <property name="java.specification.name" value="Java Platform API Specification"/>
    <property name="java.awt.graphicsenv" value="sun.awt.X11GraphicsEnvironment"/>
    <property name="surefire.real.class.path" value="/tmp/workdir/hadoop-ozone/integration-test/target/surefire/surefirebooter6661843768419672246.jar"/>
    <property name="hadoop.log.dir" value="/tmp/workdir/hadoop-ozone/integration-test/target/log"/>
    <property name="sun.boot.class.path" value="/usr/lib/jvm/java-1.8-openjdk/jre/lib/resources.jar:/usr/lib/jvm/java-1.8-openjdk/jre/lib/rt.jar:/usr/lib/jvm/java-1.8-openjdk/jre/lib/sunrsasign.jar:/usr/lib/jvm/java-1.8-openjdk/jre/lib/jsse.jar:/usr/lib/jvm/java-1.8-openjdk/jre/lib/jce.jar:/usr/lib/jvm/java-1.8-openjdk/jre/lib/charsets.jar:/usr/lib/jvm/java-1.8-openjdk/jre/lib/jfr.jar:/usr/lib/jvm/java-1.8-openjdk/jre/classes"/>
    <property name="sun.management.compiler" value="HotSpot 64-Bit Tiered Compilers"/>
    <property name="java.runtime.version" value="1.8.0_212-b04"/>
    <property name="java.net.preferIPv4Stack" value="true"/>
    <property name="user.name" value="jenkins1000"/>
    <property name="path.separator" value=":"/>
    <property name="java.security.egd" value="file:///dev/urandom"/>
    <property name="os.version" value="3.10.0-957.12.2.el7.x86_64"/>
    <property name="java.endorsed.dirs" value="/usr/lib/jvm/java-1.8-openjdk/jre/lib/endorsed"/>
    <property name="java.runtime.name" value="OpenJDK Runtime Environment"/>
    <property name="file.encoding" value="UTF-8"/>
    <property name="java.vm.name" value="OpenJDK 64-Bit Server VM"/>
    <property name="test.build.webapps" value=""/>
    <property name="localRepository" value="/home/user/.m2/repository"/>
    <property name="java.vendor.url.bug" value="https://icedtea.classpath.org/bugzilla"/>
    <property name="java.io.tmpdir" value="/tmp"/>
    <property name="require.test.libhadoop" value=""/>
    <property name="java.version" value="1.8.0_212"/>
    <property name="user.dir" value="/tmp/workdir/hadoop-ozone/integration-test"/>
    <property name="os.arch" value="amd64"/>
    <property name="java.vm.specification.name" value="Java Virtual Machine Specification"/>
    <property name="test.build.classes" value="/tmp/workdir/hadoop-ozone/integration-test/target/test-classes"/>
    <property name="java.awt.printerjob" value="sun.print.PSPrinterJob"/>
    <property name="sun.os.patch.level" value="unknown"/>
    <property name="hadoop.tmp.dir" value="/tmp/workdir/hadoop-ozone/integration-test/target/tmp"/>
    <property name="java.library.path" value="/usr/lib/jvm/java-1.8-openjdk/jre/lib/amd64/server:/usr/lib/jvm/java-1.8-openjdk/jre/lib/amd64:/usr/lib/jvm/java-1.8-openjdk/jre/../lib/amd64:/tmp/workdir/hadoop-ozone/integration-test/target/native/target/usr/local/lib:/tmp/workdir/hadoop-ozone/integration-test/../../hadoop-common-project/hadoop-common/target/native/target/usr/local/lib:/usr/java/packages/lib/amd64:/usr/lib64:/lib64:/lib:/usr/lib"/>
    <property name="java.vm.info" value="mixed mode"/>
    <property name="java.vendor" value="IcedTea"/>
    <property name="java.vm.version" value="25.212-b04"/>
    <property name="java.ext.dirs" value="/usr/lib/jvm/java-1.8-openjdk/jre/lib/ext:/usr/java/packages/lib/ext"/>
    <property name="sun.io.unicode.encoding" value="UnicodeLittle"/>
    <property name="java.class.version" value="52.0"/>
  </properties>
  <testcase name="testWatchForCommitWithKeyWrite" classname="org.apache.hadoop.ozone.client.rpc.TestWatchForCommit" time="17.036">
    <failure message="expected:&lt;4&gt; but was:&lt;8&gt;" type="java.lang.AssertionError"><![CDATA[java.lang.AssertionError: expected:<4> but was:<8>
	at org.junit.Assert.fail(Assert.java:88)
	at org.junit.Assert.failNotEquals(Assert.java:743)
	at org.junit.Assert.assertEquals(Assert.java:118)
	at org.junit.Assert.assertEquals(Assert.java:555)
	at org.junit.Assert.assertEquals(Assert.java:542)
	at org.apache.hadoop.ozone.client.rpc.TestWatchForCommit.testWatchForCommitWithKeyWrite(TestWatchForCommit.java:167)
	at sun.reflect.NativeMethodAccessorImpl.invoke0(Native Method)
	at sun.reflect.NativeMethodAccessorImpl.invoke(NativeMethodAccessorImpl.java:62)
	at sun.reflect.DelegatingMethodAccessorImpl.invoke(DelegatingMethodAccessorImpl.java:43)
	at java.lang.reflect.Method.invoke(Method.java:498)
	at org.junit.runners.model.FrameworkMethod$1.runReflectiveCall(FrameworkMethod.java:47)
	at org.junit.internal.runners.model.ReflectiveCallable.run(ReflectiveCallable.java:12)
	at org.junit.runners.model.FrameworkMethod.invokeExplosively(FrameworkMethod.java:44)
	at org.junit.internal.runners.statements.InvokeMethod.evaluate(InvokeMethod.java:17)
	at org.junit.runners.ParentRunner.runLeaf(ParentRunner.java:271)
	at org.junit.runners.BlockJUnit4ClassRunner.runChild(BlockJUnit4ClassRunner.java:70)
	at org.junit.runners.BlockJUnit4ClassRunner.runChild(BlockJUnit4ClassRunner.java:50)
	at org.junit.runners.ParentRunner$3.run(ParentRunner.java:238)
	at org.junit.runners.ParentRunner$1.schedule(ParentRunner.java:63)
	at org.junit.runners.ParentRunner.runChildren(ParentRunner.java:236)
	at org.junit.runners.ParentRunner.access$000(ParentRunner.java:53)
	at org.junit.runners.ParentRunner$2.evaluate(ParentRunner.java:229)
	at org.junit.runners.ParentRunner.run(ParentRunner.java:309)
	at org.apache.maven.surefire.junit4.JUnit4Provider.execute(JUnit4Provider.java:365)
	at org.apache.maven.surefire.junit4.JUnit4Provider.executeWithRerun(JUnit4Provider.java:273)
	at org.apache.maven.surefire.junit4.JUnit4Provider.executeTestSet(JUnit4Provider.java:238)
	at org.apache.maven.surefire.junit4.JUnit4Provider.invoke(JUnit4Provider.java:159)
	at org.apache.maven.surefire.booter.ForkedBooter.invokeProviderInSameClassLoader(ForkedBooter.java:384)
	at org.apache.maven.surefire.booter.ForkedBooter.runSuitesInProcess(ForkedBooter.java:345)
	at org.apache.maven.surefire.booter.ForkedBooter.execute(ForkedBooter.java:126)
	at org.apache.maven.surefire.booter.ForkedBooter.main(ForkedBooter.java:418)
]]></failure>
    <system-out><![CDATA[2019-07-13 20:46:25,950 WARN  server.ServerUtils (ServerUtils.java:getScmDbDir(145)) - ozone.scm.db.dirs is not configured. We recommend adding this setting. Falling back to ozone.metadata.dirs instead.
2019-07-13 20:46:26,038 WARN  server.ServerUtils (ServerUtils.java:getScmDbDir(145)) - ozone.scm.db.dirs is not configured. We recommend adding this setting. Falling back to ozone.metadata.dirs instead.
2019-07-13 20:46:26,041 WARN  server.ServerUtils (ServerUtils.java:getScmDbDir(145)) - ozone.scm.db.dirs is not configured. We recommend adding this setting. Falling back to ozone.metadata.dirs instead.
2019-07-13 20:46:26,060 INFO  util.log (Log.java:initialized(192)) - Logging initialized @860ms
2019-07-13 20:46:26,143 INFO  db.DBStoreBuilder (DBStoreBuilder.java:addTable(110)) - using custom profile for table: deletedBlocks
2019-07-13 20:46:26,143 INFO  db.DBStoreBuilder (DBStoreBuilder.java:processTables(161)) - Using default column profile:DBProfile.DISK for Table:deletedBlocks
2019-07-13 20:46:26,143 INFO  db.DBStoreBuilder (DBStoreBuilder.java:addTable(110)) - using custom profile for table: validCerts
2019-07-13 20:46:26,144 INFO  db.DBStoreBuilder (DBStoreBuilder.java:processTables(161)) - Using default column profile:DBProfile.DISK for Table:validCerts
2019-07-13 20:46:26,144 INFO  db.DBStoreBuilder (DBStoreBuilder.java:addTable(110)) - using custom profile for table: revokedCerts
2019-07-13 20:46:26,144 INFO  db.DBStoreBuilder (DBStoreBuilder.java:processTables(161)) - Using default column profile:DBProfile.DISK for Table:revokedCerts
2019-07-13 20:46:26,153 INFO  db.DBStoreBuilder (DBStoreBuilder.java:addTable(110)) - using custom profile for table: default
2019-07-13 20:46:26,153 INFO  db.DBStoreBuilder (DBStoreBuilder.java:processTables(167)) - Using default column profile:DBProfile.DISK for Table:default
2019-07-13 20:46:26,154 INFO  db.DBStoreBuilder (DBStoreBuilder.java:getDbProfile(198)) - Using default options. DBProfile.DISK
2019-07-13 20:46:26,257 INFO  net.NodeSchemaLoader (NodeSchemaLoader.java:loadSchemaFromFile(125)) - Loading file from sun.misc.CompoundEnumeration@7714e963
2019-07-13 20:46:26,259 INFO  net.NodeSchemaLoader (NodeSchemaLoader.java:loadSchema(171)) - Loading network topology layer schema file
2019-07-13 20:46:26,371 WARN  server.ServerUtils (ServerUtils.java:sanitizeUserArgs(70)) - ozone.scm.stale.node.interval value = 300000 is larger than max = 100000 based on the key value of ozone.scm.heartbeat.thread.interval, reset to the max value 100000.
2019-07-13 20:46:26,373 WARN  server.ServerUtils (ServerUtils.java:sanitizeUserArgs(70)) - ozone.scm.stale.node.interval value = 300000 is larger than max = 100000 based on the key value of ozone.scm.heartbeat.thread.interval, reset to the max value 100000.
2019-07-13 20:46:26,376 INFO  node.SCMNodeManager (SCMNodeManager.java:<init>(119)) - Entering startup safe mode.
2019-07-13 20:46:26,460 WARN  server.ServerUtils (ServerUtils.java:getScmDbDir(145)) - ozone.scm.db.dirs is not configured. We recommend adding this setting. Falling back to ozone.metadata.dirs instead.
2019-07-13 20:46:26,499 INFO  pipeline.SCMPipelineManager (SCMPipelineManager.java:initializePipelineState(126)) - No pipeline exists in current db
2019-07-13 20:46:26,501 WARN  server.ServerUtils (ServerUtils.java:getScmDbDir(145)) - ozone.scm.db.dirs is not configured. We recommend adding this setting. Falling back to ozone.metadata.dirs instead.
2019-07-13 20:46:26,569 WARN  events.EventQueue (EventQueue.java:fireEvent(175)) - No event handler registered for event TypedEvent{payloadType=SafeModeStatus, name='SafeModeStatus'}
2019-07-13 20:46:26,900 INFO  ipc.CallQueueManager (CallQueueManager.java:<init>(84)) - Using callQueue: class java.util.concurrent.LinkedBlockingQueue, queueCapacity: 2000, scheduler: class org.apache.hadoop.ipc.DefaultRpcScheduler, ipcBackoff: false.
2019-07-13 20:46:26,927 INFO  ipc.Server (Server.java:run(1074)) - Starting Socket Reader #1 for port 38368
2019-07-13 20:46:26,950 INFO  ipc.CallQueueManager (CallQueueManager.java:<init>(84)) - Using callQueue: class java.util.concurrent.LinkedBlockingQueue, queueCapacity: 2000, scheduler: class org.apache.hadoop.ipc.DefaultRpcScheduler, ipcBackoff: false.
2019-07-13 20:46:26,952 INFO  ipc.Server (Server.java:run(1074)) - Starting Socket Reader #1 for port 45266
2019-07-13 20:46:26,957 INFO  ipc.CallQueueManager (CallQueueManager.java:<init>(84)) - Using callQueue: class java.util.concurrent.LinkedBlockingQueue, queueCapacity: 2000, scheduler: class org.apache.hadoop.ipc.DefaultRpcScheduler, ipcBackoff: false.
2019-07-13 20:46:26,959 INFO  ipc.Server (Server.java:run(1074)) - Starting Socket Reader #1 for port 38027
2019-07-13 20:46:27,095 INFO  hdfs.DFSUtil (DFSUtil.java:httpServerTemplateForNNAndJN(1641)) - Starting Web-server for scm at: http://0.0.0.0:0
2019-07-13 20:46:27,261 INFO  server.AuthenticationFilter (AuthenticationFilter.java:constructSecretProvider(240)) - Unable to initialize FileSignerSecretProvider, falling back to use random secrets.
2019-07-13 20:46:27,269 WARN  http.HttpRequestLog (HttpRequestLog.java:getRequestLog(97)) - Jetty request log can only be enabled using Log4j
2019-07-13 20:46:27,277 INFO  http.HttpServer2 (HttpServer2.java:addGlobalFilter(975)) - Added global filter 'safety' (class=org.apache.hadoop.http.HttpServer2$QuotingInputFilter)
2019-07-13 20:46:27,279 INFO  http.HttpServer2 (HttpServer2.java:addFilter(948)) - Added filter static_user_filter (class=org.apache.hadoop.http.lib.StaticUserWebFilter$StaticUserFilter) to context scm
2019-07-13 20:46:27,280 INFO  http.HttpServer2 (HttpServer2.java:addFilter(958)) - Added filter static_user_filter (class=org.apache.hadoop.http.lib.StaticUserWebFilter$StaticUserFilter) to context static
2019-07-13 20:46:27,280 INFO  http.HttpServer2 (HttpServer2.java:addFilter(958)) - Added filter static_user_filter (class=org.apache.hadoop.http.lib.StaticUserWebFilter$StaticUserFilter) to context logs
2019-07-13 20:46:27,308 INFO  server.StorageContainerManager (StorageContainerManager.java:start(759)) - StorageContainerLocationProtocol RPC server is listening at /0.0.0.0:38027
2019-07-13 20:46:27,366 WARN  impl.MetricsConfig (MetricsConfig.java:loadFirst(134)) - Cannot locate configuration: tried hadoop-metrics2-storagecontainermanager.properties,hadoop-metrics2.properties
2019-07-13 20:46:27,378 INFO  impl.MetricsSystemImpl (MetricsSystemImpl.java:startTimer(374)) - Scheduled Metric snapshot period at 10 second(s).
2019-07-13 20:46:27,378 INFO  impl.MetricsSystemImpl (MetricsSystemImpl.java:start(191)) - StorageContainerManager metrics system started
2019-07-13 20:46:27,593 INFO  server.SCMClientProtocolServer (SCMClientProtocolServer.java:start(149)) - RPC server for Client  is listening at /0.0.0.0:38027
2019-07-13 20:46:27,593 INFO  ipc.Server (Server.java:run(1314)) - IPC Server Responder: starting
2019-07-13 20:46:27,594 INFO  ipc.Server (Server.java:run(1153)) - IPC Server listener on 38027: starting
2019-07-13 20:46:27,600 INFO  server.StorageContainerManager (StorageContainerManager.java:start(768)) - ScmBlockLocationProtocol RPC server is listening at /0.0.0.0:45266
2019-07-13 20:46:27,600 INFO  server.SCMBlockProtocolServer (SCMBlockProtocolServer.java:start(140)) - RPC server for Block Protocol is listening at /0.0.0.0:45266
2019-07-13 20:46:27,601 INFO  ipc.Server (Server.java:run(1314)) - IPC Server Responder: starting
2019-07-13 20:46:27,601 INFO  ipc.Server (Server.java:run(1153)) - IPC Server listener on 45266: starting
2019-07-13 20:46:27,609 INFO  server.StorageContainerManager (StorageContainerManager.java:start(772)) - ScmDatanodeProtocl RPC server is listening at /0.0.0.0:38368
2019-07-13 20:46:27,609 INFO  server.SCMDatanodeProtocolServer (SCMDatanodeProtocolServer.java:start(191)) - RPC server for DataNodes is listening at /0.0.0.0:38368
2019-07-13 20:46:27,611 INFO  ipc.Server (Server.java:run(1153)) - IPC Server listener on 38368: starting
2019-07-13 20:46:27,612 INFO  ipc.Server (Server.java:run(1314)) - IPC Server Responder: starting
2019-07-13 20:46:27,622 INFO  http.HttpServer2 (HttpServer2.java:bindListener(1191)) - Jetty bound to port 42790
2019-07-13 20:46:27,624 INFO  server.Server (Server.java:doStart(351)) - jetty-9.3.24.v20180605, build timestamp: 2018-06-05T17:11:56Z, git hash: 84205aa28f11a4f31f2a3b86d1bba2cc8ab69827
2019-07-13 20:46:27,663 INFO  handler.ContextHandler (ContextHandler.java:doStart(781)) - Started o.e.j.s.ServletContextHandler@6bbe2511{/logs,file:///tmp/workdir/hadoop-ozone/integration-test/target/log,AVAILABLE}
2019-07-13 20:46:27,663 INFO  handler.ContextHandler (ContextHandler.java:doStart(781)) - Started o.e.j.s.ServletContextHandler@76012793{/static,file:///tmp/workdir/hadoop-ozone/integration-test/target/test-classes/webapps/static,AVAILABLE}
2019-07-13 20:46:27,695 INFO  handler.ContextHandler (ContextHandler.java:doStart(781)) - Started o.e.j.w.WebAppContext@6a1d204a{/,file:///tmp/workdir/hadoop-ozone/integration-test/target/test-classes/webapps/scm/,AVAILABLE}{/scm}
2019-07-13 20:46:27,700 INFO  server.AbstractConnector (AbstractConnector.java:doStart(278)) - Started ServerConnector@9d157ff{HTTP/1.1,[http/1.1]}{0.0.0.0:42790}
2019-07-13 20:46:27,701 INFO  server.Server (Server.java:doStart(419)) - Started @2501ms
2019-07-13 20:46:27,702 INFO  server.BaseHttpServer (BaseHttpServer.java:updateConnectorAddress(207)) - HTTP server of SCM is listening at http://0.0.0.0:42790
2019-07-13 20:46:27,709 INFO  util.JvmPauseMonitor (JvmPauseMonitor.java:run(188)) - Starting JVM pause monitor
2019-07-13 20:46:27,710 WARN  server.ServerUtils (ServerUtils.java:getDBPath(222)) - ozone.om.db.dirs is not configured. We recommend adding this setting. Falling back to ozone.metadata.dirs instead.
2019-07-13 20:46:27,800 WARN  server.ServerUtils (ServerUtils.java:getDBPath(222)) - ozone.om.db.dirs is not configured. We recommend adding this setting. Falling back to ozone.metadata.dirs instead.
2019-07-13 20:46:27,801 INFO  om.OzoneManager (OzoneManager.java:setOMNodeDetails(630)) - OM Service ID is not set. Setting it to the default ID: omServiceIdDefault
2019-07-13 20:46:27,801 INFO  om.OzoneManager (OzoneManager.java:setOMNodeDetails(636)) - OM Node ID is not set. Setting it to the OmStorage's OmID: 5b63e267-8d78-413e-931f-f1c536542aa4
2019-07-13 20:46:27,802 INFO  om.OzoneManager (OzoneManager.java:loadOMHAConfigs(587)) - Found matching OM address with OMServiceId: null, OMNodeId: null, RPC Address: localhost:0 and Ratis port: 9872
2019-07-13 20:46:28,057 WARN  server.ServerUtils (ServerUtils.java:getDBPath(222)) - ozone.om.db.dirs is not configured. We recommend adding this setting. Falling back to ozone.metadata.dirs instead.
2019-07-13 20:46:28,069 INFO  db.DBStoreBuilder (DBStoreBuilder.java:addTable(110)) - using custom profile for table: userTable
2019-07-13 20:46:28,069 INFO  db.DBStoreBuilder (DBStoreBuilder.java:processTables(161)) - Using default column profile:DBProfile.DISK for Table:userTable
2019-07-13 20:46:28,070 INFO  db.DBStoreBuilder (DBStoreBuilder.java:addTable(110)) - using custom profile for table: volumeTable
2019-07-13 20:46:28,070 INFO  db.DBStoreBuilder (DBStoreBuilder.java:processTables(161)) - Using default column profile:DBProfile.DISK for Table:volumeTable
2019-07-13 20:46:28,070 INFO  db.DBStoreBuilder (DBStoreBuilder.java:addTable(110)) - using custom profile for table: bucketTable
2019-07-13 20:46:28,071 INFO  db.DBStoreBuilder (DBStoreBuilder.java:processTables(161)) - Using default column profile:DBProfile.DISK for Table:bucketTable
2019-07-13 20:46:28,071 INFO  db.DBStoreBuilder (DBStoreBuilder.java:addTable(110)) - using custom profile for table: keyTable
2019-07-13 20:46:28,071 INFO  db.DBStoreBuilder (DBStoreBuilder.java:processTables(161)) - Using default column profile:DBProfile.DISK for Table:keyTable
2019-07-13 20:46:28,072 INFO  db.DBStoreBuilder (DBStoreBuilder.java:addTable(110)) - using custom profile for table: deletedTable
2019-07-13 20:46:28,072 INFO  db.DBStoreBuilder (DBStoreBuilder.java:processTables(161)) - Using default column profile:DBProfile.DISK for Table:deletedTable
2019-07-13 20:46:28,072 INFO  db.DBStoreBuilder (DBStoreBuilder.java:addTable(110)) - using custom profile for table: openKeyTable
2019-07-13 20:46:28,073 INFO  db.DBStoreBuilder (DBStoreBuilder.java:processTables(161)) - Using default column profile:DBProfile.DISK for Table:openKeyTable
2019-07-13 20:46:28,073 INFO  db.DBStoreBuilder (DBStoreBuilder.java:addTable(110)) - using custom profile for table: s3Table
2019-07-13 20:46:28,073 INFO  db.DBStoreBuilder (DBStoreBuilder.java:processTables(161)) - Using default column profile:DBProfile.DISK for Table:s3Table
2019-07-13 20:46:28,074 INFO  db.DBStoreBuilder (DBStoreBuilder.java:addTable(110)) - using custom profile for table: multipartInfoTable
2019-07-13 20:46:28,074 INFO  db.DBStoreBuilder (DBStoreBuilder.java:processTables(161)) - Using default column profile:DBProfile.DISK for Table:multipartInfoTable
2019-07-13 20:46:28,074 INFO  db.DBStoreBuilder (DBStoreBuilder.java:addTable(110)) - using custom profile for table: dTokenTable
2019-07-13 20:46:28,074 INFO  db.DBStoreBuilder (DBStoreBuilder.java:processTables(161)) - Using default column profile:DBProfile.DISK for Table:dTokenTable
2019-07-13 20:46:28,075 INFO  db.DBStoreBuilder (DBStoreBuilder.java:addTable(110)) - using custom profile for table: s3SecretTable
2019-07-13 20:46:28,075 INFO  db.DBStoreBuilder (DBStoreBuilder.java:processTables(161)) - Using default column profile:DBProfile.DISK for Table:s3SecretTable
2019-07-13 20:46:28,076 INFO  db.DBStoreBuilder (DBStoreBuilder.java:addTable(110)) - using custom profile for table: prefixTable
2019-07-13 20:46:28,076 INFO  db.DBStoreBuilder (DBStoreBuilder.java:processTables(161)) - Using default column profile:DBProfile.DISK for Table:prefixTable
2019-07-13 20:46:28,076 INFO  db.DBStoreBuilder (DBStoreBuilder.java:addTable(110)) - using custom profile for table: default
2019-07-13 20:46:28,076 INFO  db.DBStoreBuilder (DBStoreBuilder.java:processTables(167)) - Using default column profile:DBProfile.DISK for Table:default
2019-07-13 20:46:28,077 INFO  db.DBStoreBuilder (DBStoreBuilder.java:getDbProfile(198)) - Using default options. DBProfile.DISK
2019-07-13 20:46:28,879 INFO  ipc.CallQueueManager (CallQueueManager.java:<init>(84)) - Using callQueue: class java.util.concurrent.LinkedBlockingQueue, queueCapacity: 2000, scheduler: class org.apache.hadoop.ipc.DefaultRpcScheduler, ipcBackoff: false.
2019-07-13 20:46:28,880 INFO  ipc.Server (Server.java:run(1074)) - Starting Socket Reader #1 for port 34164
2019-07-13 20:46:28,902 WARN  server.ServerUtils (ServerUtils.java:getDBPath(222)) - ozone.om.db.dirs is not configured. We recommend adding this setting. Falling back to ozone.metadata.dirs instead.
2019-07-13 20:46:28,902 INFO  om.OzoneManager (OzoneManager.java:start(1228)) - OzoneManager RPC server is listening at localhost/127.0.0.1:34164
2019-07-13 20:46:28,903 INFO  impl.MetricsSystemImpl (MetricsSystemImpl.java:init(158)) - OzoneManager metrics system started (again)
2019-07-13 20:46:28,904 INFO  ipc.Server (Server.java:run(1314)) - IPC Server Responder: starting
2019-07-13 20:46:28,905 INFO  ipc.Server (Server.java:run(1153)) - IPC Server listener on 34164: starting
2019-07-13 20:46:28,918 INFO  hdfs.DFSUtil (DFSUtil.java:httpServerTemplateForNNAndJN(1641)) - Starting Web-server for ozoneManager at: http://0.0.0.0:0
2019-07-13 20:46:28,920 INFO  server.AuthenticationFilter (AuthenticationFilter.java:constructSecretProvider(240)) - Unable to initialize FileSignerSecretProvider, falling back to use random secrets.
2019-07-13 20:46:28,921 WARN  http.HttpRequestLog (HttpRequestLog.java:getRequestLog(97)) - Jetty request log can only be enabled using Log4j
2019-07-13 20:46:28,923 INFO  http.HttpServer2 (HttpServer2.java:addGlobalFilter(975)) - Added global filter 'safety' (class=org.apache.hadoop.http.HttpServer2$QuotingInputFilter)
2019-07-13 20:46:28,923 INFO  http.HttpServer2 (HttpServer2.java:addFilter(948)) - Added filter static_user_filter (class=org.apache.hadoop.http.lib.StaticUserWebFilter$StaticUserFilter) to context ozoneManager
2019-07-13 20:46:28,923 INFO  http.HttpServer2 (HttpServer2.java:addFilter(958)) - Added filter static_user_filter (class=org.apache.hadoop.http.lib.StaticUserWebFilter$StaticUserFilter) to context logs
2019-07-13 20:46:28,924 INFO  http.HttpServer2 (HttpServer2.java:addFilter(958)) - Added filter static_user_filter (class=org.apache.hadoop.http.lib.StaticUserWebFilter$StaticUserFilter) to context static
2019-07-13 20:46:28,925 INFO  http.HttpServer2 (HttpServer2.java:bindListener(1191)) - Jetty bound to port 40169
2019-07-13 20:46:28,925 INFO  server.Server (Server.java:doStart(351)) - jetty-9.3.24.v20180605, build timestamp: 2018-06-05T17:11:56Z, git hash: 84205aa28f11a4f31f2a3b86d1bba2cc8ab69827
2019-07-13 20:46:28,927 INFO  handler.ContextHandler (ContextHandler.java:doStart(781)) - Started o.e.j.s.ServletContextHandler@3e134896{/logs,file:///tmp/workdir/hadoop-ozone/integration-test/target/log,AVAILABLE}
2019-07-13 20:46:28,928 INFO  handler.ContextHandler (ContextHandler.java:doStart(781)) - Started o.e.j.s.ServletContextHandler@2e3a5237{/static,file:///tmp/workdir/hadoop-ozone/integration-test/target/test-classes/webapps/static,AVAILABLE}
2019-07-13 20:46:28,932 INFO  handler.ContextHandler (ContextHandler.java:doStart(781)) - Started o.e.j.w.WebAppContext@5b78fdb1{/,file:///tmp/workdir/hadoop-ozone/integration-test/target/test-classes/webapps/ozoneManager/,AVAILABLE}{/ozoneManager}
2019-07-13 20:46:28,932 INFO  server.AbstractConnector (AbstractConnector.java:doStart(278)) - Started ServerConnector@48bfb884{HTTP/1.1,[http/1.1]}{0.0.0.0:40169}
2019-07-13 20:46:28,932 INFO  server.Server (Server.java:doStart(419)) - Started @3733ms
2019-07-13 20:46:28,933 INFO  server.BaseHttpServer (BaseHttpServer.java:updateConnectorAddress(207)) - HTTP server of OZONEMANAGER is listening at http://0.0.0.0:40169
2019-07-13 20:46:29,261 INFO  impl.MetricsSystemImpl (MetricsSystemImpl.java:init(158)) - HddsDatanode metrics system started (again)
2019-07-13 20:46:29,348 INFO  ozone.HddsDatanodeService (HddsDatanodeService.java:start(185)) - HddsDatanodeService host:trunk-nightly-6qp7m-2461138711 ip:192.168.5.168
2019-07-13 20:46:29,379 INFO  volume.HddsVolume (HddsVolume.java:<init>(176)) - Creating Volume: /tmp/workdir/hadoop-ozone/integration-test/target/test-dir/MiniOzoneClusterImpl-8ad9e420-ecfc-4906-b788-750b4191b1d8/datanode-0/data/containers/hdds of  storage type : DISK and capacity : 52710309888
2019-07-13 20:46:29,381 INFO  volume.VolumeSet (VolumeSet.java:initializeVolumeSet(170)) - Added Volume : /tmp/workdir/hadoop-ozone/integration-test/target/test-dir/MiniOzoneClusterImpl-8ad9e420-ecfc-4906-b788-750b4191b1d8/datanode-0/data/containers/hdds to VolumeSet
2019-07-13 20:46:29,384 INFO  volume.ThrottledAsyncChecker (ThrottledAsyncChecker.java:schedule(140)) - Scheduling a check for org.apache.hadoop.ozone.container.common.volume.HddsVolume@1f52eb6f
2019-07-13 20:46:29,402 INFO  volume.HddsVolumeChecker (HddsVolumeChecker.java:checkAllVolumes(203)) - Scheduled health check for volume org.apache.hadoop.ozone.container.common.volume.HddsVolume@1f52eb6f
2019-07-13 20:46:29,513 INFO  impl.RaftServerProxy (ConfUtils.java:logGet(43)) - raft.rpc.type = GRPC (default)
2019-07-13 20:46:29,576 INFO  grpc.GrpcFactory (GrpcFactory.java:checkPooledByteBufAllocatorUseCacheForAllThreads(45)) - PERFORMANCE WARNING: useCacheForAllThreads is true that may cause Netty to create a lot garbage objects and, as a result, trigger GC.
	It is recommended to disable useCacheForAllThreads by setting -Dorg.apache.ratis.thirdparty.io.netty.allocator.useCacheForAllThreads=false in command line.
2019-07-13 20:46:29,580 INFO  grpc.GrpcConfigKeys$Server (ConfUtils.java:logGet(43)) - raft.grpc.server.port = 0 (default)
2019-07-13 20:46:29,581 INFO  server.GrpcService (ConfUtils.java:logGet(43)) - raft.grpc.message.size.max = 33570816 (custom)
2019-07-13 20:46:29,582 INFO  server.RaftServerConfigKeys (ConfUtils.java:logGet(43)) - raft.server.log.appender.buffer.byte-limit = 33554432 (custom)
2019-07-13 20:46:29,583 INFO  server.GrpcService (ConfUtils.java:logGet(43)) - raft.grpc.flow.control.window = 1MB (=1048576) (default)
2019-07-13 20:46:29,584 INFO  server.RaftServerConfigKeys (ConfUtils.java:logGet(43)) - raft.server.rpc.request.timeout = 3000ms (default)
2019-07-13 20:46:29,738 INFO  server.RaftServerConfigKeys (ConfUtils.java:logGet(43)) - raft.server.storage.dir = [/tmp/workdir/hadoop-ozone/integration-test/target/test-dir/MiniOzoneClusterImpl-8ad9e420-ecfc-4906-b788-750b4191b1d8/datanode-0/data/ratis] (custom)
2019-07-13 20:46:29,772 INFO  replication.SimpleContainerDownloader (SimpleContainerDownloader.java:<init>(72)) - Starting container downloader service to copy containers to replicate.
2019-07-13 20:46:29,785 INFO  hdfs.DFSUtil (DFSUtil.java:httpServerTemplateForNNAndJN(1641)) - Starting Web-server for hddsDatanode at: http://0.0.0.0:0
2019-07-13 20:46:29,787 INFO  server.AuthenticationFilter (AuthenticationFilter.java:constructSecretProvider(240)) - Unable to initialize FileSignerSecretProvider, falling back to use random secrets.
2019-07-13 20:46:29,787 WARN  http.HttpRequestLog (HttpRequestLog.java:getRequestLog(97)) - Jetty request log can only be enabled using Log4j
2019-07-13 20:46:29,789 INFO  http.HttpServer2 (HttpServer2.java:addGlobalFilter(975)) - Added global filter 'safety' (class=org.apache.hadoop.http.HttpServer2$QuotingInputFilter)
2019-07-13 20:46:29,790 INFO  http.HttpServer2 (HttpServer2.java:addFilter(948)) - Added filter static_user_filter (class=org.apache.hadoop.http.lib.StaticUserWebFilter$StaticUserFilter) to context hddsDatanode
2019-07-13 20:46:29,791 INFO  http.HttpServer2 (HttpServer2.java:addFilter(958)) - Added filter static_user_filter (class=org.apache.hadoop.http.lib.StaticUserWebFilter$StaticUserFilter) to context static
2019-07-13 20:46:29,791 INFO  http.HttpServer2 (HttpServer2.java:addFilter(958)) - Added filter static_user_filter (class=org.apache.hadoop.http.lib.StaticUserWebFilter$StaticUserFilter) to context logs
2019-07-13 20:46:29,792 INFO  http.HttpServer2 (HttpServer2.java:bindListener(1191)) - Jetty bound to port 35148
2019-07-13 20:46:29,792 INFO  server.Server (Server.java:doStart(351)) - jetty-9.3.24.v20180605, build timestamp: 2018-06-05T17:11:56Z, git hash: 84205aa28f11a4f31f2a3b86d1bba2cc8ab69827
2019-07-13 20:46:29,795 INFO  handler.ContextHandler (ContextHandler.java:doStart(781)) - Started o.e.j.s.ServletContextHandler@761956ac{/logs,file:///tmp/workdir/hadoop-ozone/integration-test/target/log,AVAILABLE}
2019-07-13 20:46:29,796 INFO  handler.ContextHandler (ContextHandler.java:doStart(781)) - Started o.e.j.s.ServletContextHandler@304d0259{/static,jar:file:/home/user/.m2/repository/org/apache/hadoop/hadoop-hdds-container-service/0.5.0-SNAPSHOT/hadoop-hdds-container-service-0.5.0-SNAPSHOT.jar!/webapps/static,AVAILABLE}
2019-07-13 20:46:29,839 INFO  handler.ContextHandler (ContextHandler.java:doStart(781)) - Started o.e.j.w.WebAppContext@124ac145{/,file:///tmp/jetty-0.0.0.0-35148-hddsDatanode-_-any-1688199041199576020.dir/webapp/,AVAILABLE}{/hddsDatanode}
2019-07-13 20:46:29,840 INFO  server.AbstractConnector (AbstractConnector.java:doStart(278)) - Started ServerConnector@2def7a7a{HTTP/1.1,[http/1.1]}{0.0.0.0:35148}
2019-07-13 20:46:29,841 INFO  server.Server (Server.java:doStart(419)) - Started @4641ms
2019-07-13 20:46:29,842 INFO  server.BaseHttpServer (BaseHttpServer.java:updateConnectorAddress(207)) - HTTP server of HDDSDATANODE is listening at http://0.0.0.0:35148
2019-07-13 20:46:31,004 INFO  ozone.HddsDatanodeService (HddsDatanodeService.java:startPlugins(396)) - Started plug-in org.apache.hadoop.ozone.web.OzoneHddsDatanodeService@69f2cb04
2019-07-13 20:46:31,005 INFO  impl.MetricsSystemImpl (MetricsSystemImpl.java:init(158)) - HddsDatanode metrics system started (again)
2019-07-13 20:46:31,006 INFO  ozone.HddsDatanodeService (HddsDatanodeService.java:start(185)) - HddsDatanodeService host:trunk-nightly-6qp7m-2461138711 ip:192.168.5.168
2019-07-13 20:46:31,011 INFO  util.JvmPauseMonitor (JvmPauseMonitor.java:run(188)) - Starting JVM pause monitor
2019-07-13 20:46:31,017 INFO  volume.HddsVolume (HddsVolume.java:<init>(176)) - Creating Volume: /tmp/workdir/hadoop-ozone/integration-test/target/test-dir/MiniOzoneClusterImpl-8ad9e420-ecfc-4906-b788-750b4191b1d8/datanode-1/data/containers/hdds of  storage type : DISK and capacity : 52710309888
2019-07-13 20:46:31,017 INFO  volume.VolumeSet (VolumeSet.java:initializeVolumeSet(170)) - Added Volume : /tmp/workdir/hadoop-ozone/integration-test/target/test-dir/MiniOzoneClusterImpl-8ad9e420-ecfc-4906-b788-750b4191b1d8/datanode-1/data/containers/hdds to VolumeSet
2019-07-13 20:46:31,017 INFO  volume.ThrottledAsyncChecker (ThrottledAsyncChecker.java:schedule(140)) - Scheduling a check for org.apache.hadoop.ozone.container.common.volume.HddsVolume@656a3d6b
2019-07-13 20:46:31,018 INFO  volume.HddsVolumeChecker (HddsVolumeChecker.java:checkAllVolumes(203)) - Scheduled health check for volume org.apache.hadoop.ozone.container.common.volume.HddsVolume@656a3d6b
2019-07-13 20:46:31,044 INFO  impl.RaftServerProxy (ConfUtils.java:logGet(43)) - raft.rpc.type = GRPC (default)
2019-07-13 20:46:31,044 INFO  grpc.GrpcFactory (GrpcFactory.java:checkPooledByteBufAllocatorUseCacheForAllThreads(45)) - PERFORMANCE WARNING: useCacheForAllThreads is true that may cause Netty to create a lot garbage objects and, as a result, trigger GC.
	It is recommended to disable useCacheForAllThreads by setting -Dorg.apache.ratis.thirdparty.io.netty.allocator.useCacheForAllThreads=false in command line.
2019-07-13 20:46:31,045 INFO  grpc.GrpcConfigKeys$Server (ConfUtils.java:logGet(43)) - raft.grpc.server.port = 0 (default)
2019-07-13 20:46:31,045 INFO  server.GrpcService (ConfUtils.java:logGet(43)) - raft.grpc.message.size.max = 33570816 (custom)
2019-07-13 20:46:31,046 INFO  server.RaftServerConfigKeys (ConfUtils.java:logGet(43)) - raft.server.log.appender.buffer.byte-limit = 33554432 (custom)
2019-07-13 20:46:31,046 INFO  server.GrpcService (ConfUtils.java:logGet(43)) - raft.grpc.flow.control.window = 1MB (=1048576) (default)
2019-07-13 20:46:31,046 INFO  server.RaftServerConfigKeys (ConfUtils.java:logGet(43)) - raft.server.rpc.request.timeout = 3000ms (default)
2019-07-13 20:46:31,047 INFO  server.RaftServerConfigKeys (ConfUtils.java:logGet(43)) - raft.server.storage.dir = [/tmp/workdir/hadoop-ozone/integration-test/target/test-dir/MiniOzoneClusterImpl-8ad9e420-ecfc-4906-b788-750b4191b1d8/datanode-1/data/ratis] (custom)
2019-07-13 20:46:31,048 INFO  replication.SimpleContainerDownloader (SimpleContainerDownloader.java:<init>(72)) - Starting container downloader service to copy containers to replicate.
2019-07-13 20:46:31,050 INFO  hdfs.DFSUtil (DFSUtil.java:httpServerTemplateForNNAndJN(1641)) - Starting Web-server for hddsDatanode at: http://0.0.0.0:0
2019-07-13 20:46:31,053 INFO  server.AuthenticationFilter (AuthenticationFilter.java:constructSecretProvider(240)) - Unable to initialize FileSignerSecretProvider, falling back to use random secrets.
2019-07-13 20:46:31,055 WARN  http.HttpRequestLog (HttpRequestLog.java:getRequestLog(97)) - Jetty request log can only be enabled using Log4j
2019-07-13 20:46:31,059 INFO  http.HttpServer2 (HttpServer2.java:addGlobalFilter(975)) - Added global filter 'safety' (class=org.apache.hadoop.http.HttpServer2$QuotingInputFilter)
2019-07-13 20:46:31,060 INFO  http.HttpServer2 (HttpServer2.java:addFilter(948)) - Added filter static_user_filter (class=org.apache.hadoop.http.lib.StaticUserWebFilter$StaticUserFilter) to context hddsDatanode
2019-07-13 20:46:31,060 INFO  http.HttpServer2 (HttpServer2.java:addFilter(958)) - Added filter static_user_filter (class=org.apache.hadoop.http.lib.StaticUserWebFilter$StaticUserFilter) to context static
2019-07-13 20:46:31,061 INFO  http.HttpServer2 (HttpServer2.java:addFilter(958)) - Added filter static_user_filter (class=org.apache.hadoop.http.lib.StaticUserWebFilter$StaticUserFilter) to context logs
2019-07-13 20:46:31,062 INFO  http.HttpServer2 (HttpServer2.java:bindListener(1191)) - Jetty bound to port 35832
2019-07-13 20:46:31,063 INFO  server.Server (Server.java:doStart(351)) - jetty-9.3.24.v20180605, build timestamp: 2018-06-05T17:11:56Z, git hash: 84205aa28f11a4f31f2a3b86d1bba2cc8ab69827
2019-07-13 20:46:31,066 INFO  handler.ContextHandler (ContextHandler.java:doStart(781)) - Started o.e.j.s.ServletContextHandler@733fb462{/logs,file:///tmp/workdir/hadoop-ozone/integration-test/target/log,AVAILABLE}
2019-07-13 20:46:31,067 INFO  handler.ContextHandler (ContextHandler.java:doStart(781)) - Started o.e.j.s.ServletContextHandler@359066bc{/static,jar:file:/home/user/.m2/repository/org/apache/hadoop/hadoop-hdds-container-service/0.5.0-SNAPSHOT/hadoop-hdds-container-service-0.5.0-SNAPSHOT.jar!/webapps/static,AVAILABLE}
2019-07-13 20:46:31,113 INFO  handler.ContextHandler (ContextHandler.java:doStart(781)) - Started o.e.j.w.WebAppContext@2a8b33ba{/,file:///tmp/jetty-0.0.0.0-35832-hddsDatanode-_-any-4978504488881556327.dir/webapp/,AVAILABLE}{/hddsDatanode}
2019-07-13 20:46:31,114 INFO  server.AbstractConnector (AbstractConnector.java:doStart(278)) - Started ServerConnector@4e8b357d{HTTP/1.1,[http/1.1]}{0.0.0.0:35832}
2019-07-13 20:46:31,115 INFO  server.Server (Server.java:doStart(419)) - Started @5916ms
2019-07-13 20:46:31,116 INFO  server.BaseHttpServer (BaseHttpServer.java:updateConnectorAddress(207)) - HTTP server of HDDSDATANODE is listening at http://0.0.0.0:35832
2019-07-13 20:46:31,156 INFO  datanode.InitDatanodeState (InitDatanodeState.java:persistContainerDatanodeDetails(140)) - DatanodeDetails is persisted to /tmp/workdir/hadoop-ozone/integration-test/target/test-dir/MiniOzoneClusterImpl-8ad9e420-ecfc-4906-b788-750b4191b1d8/datanode-0/meta/datanode.id
2019-07-13 20:46:31,267 INFO  ozone.HddsDatanodeService (HddsDatanodeService.java:startPlugins(396)) - Started plug-in org.apache.hadoop.ozone.web.OzoneHddsDatanodeService@6097fca9
2019-07-13 20:46:31,268 INFO  impl.MetricsSystemImpl (MetricsSystemImpl.java:init(158)) - HddsDatanode metrics system started (again)
2019-07-13 20:46:31,268 INFO  ozone.HddsDatanodeService (HddsDatanodeService.java:start(185)) - HddsDatanodeService host:trunk-nightly-6qp7m-2461138711 ip:192.168.5.168
2019-07-13 20:46:31,269 INFO  util.JvmPauseMonitor (JvmPauseMonitor.java:run(188)) - Starting JVM pause monitor
2019-07-13 20:46:31,280 INFO  volume.HddsVolume (HddsVolume.java:<init>(176)) - Creating Volume: /tmp/workdir/hadoop-ozone/integration-test/target/test-dir/MiniOzoneClusterImpl-8ad9e420-ecfc-4906-b788-750b4191b1d8/datanode-2/data/containers/hdds of  storage type : DISK and capacity : 52710309888
2019-07-13 20:46:31,280 INFO  volume.VolumeSet (VolumeSet.java:initializeVolumeSet(170)) - Added Volume : /tmp/workdir/hadoop-ozone/integration-test/target/test-dir/MiniOzoneClusterImpl-8ad9e420-ecfc-4906-b788-750b4191b1d8/datanode-2/data/containers/hdds to VolumeSet
2019-07-13 20:46:31,280 INFO  volume.ThrottledAsyncChecker (ThrottledAsyncChecker.java:schedule(140)) - Scheduling a check for org.apache.hadoop.ozone.container.common.volume.HddsVolume@6371cf2f
2019-07-13 20:46:31,281 INFO  volume.HddsVolumeChecker (HddsVolumeChecker.java:checkAllVolumes(203)) - Scheduled health check for volume org.apache.hadoop.ozone.container.common.volume.HddsVolume@6371cf2f
2019-07-13 20:46:31,281 INFO  datanode.InitDatanodeState (InitDatanodeState.java:persistContainerDatanodeDetails(140)) - DatanodeDetails is persisted to /tmp/workdir/hadoop-ozone/integration-test/target/test-dir/MiniOzoneClusterImpl-8ad9e420-ecfc-4906-b788-750b4191b1d8/datanode-1/meta/datanode.id
2019-07-13 20:46:31,297 INFO  impl.RaftServerProxy (ConfUtils.java:logGet(43)) - raft.rpc.type = GRPC (default)
2019-07-13 20:46:31,297 INFO  grpc.GrpcFactory (GrpcFactory.java:checkPooledByteBufAllocatorUseCacheForAllThreads(45)) - PERFORMANCE WARNING: useCacheForAllThreads is true that may cause Netty to create a lot garbage objects and, as a result, trigger GC.
	It is recommended to disable useCacheForAllThreads by setting -Dorg.apache.ratis.thirdparty.io.netty.allocator.useCacheForAllThreads=false in command line.
2019-07-13 20:46:31,298 INFO  grpc.GrpcConfigKeys$Server (ConfUtils.java:logGet(43)) - raft.grpc.server.port = 0 (default)
2019-07-13 20:46:31,298 INFO  server.GrpcService (ConfUtils.java:logGet(43)) - raft.grpc.message.size.max = 33570816 (custom)
2019-07-13 20:46:31,298 INFO  server.RaftServerConfigKeys (ConfUtils.java:logGet(43)) - raft.server.log.appender.buffer.byte-limit = 33554432 (custom)
2019-07-13 20:46:31,298 INFO  server.GrpcService (ConfUtils.java:logGet(43)) - raft.grpc.flow.control.window = 1MB (=1048576) (default)
2019-07-13 20:46:31,299 INFO  server.RaftServerConfigKeys (ConfUtils.java:logGet(43)) - raft.server.rpc.request.timeout = 3000ms (default)
2019-07-13 20:46:31,299 INFO  server.RaftServerConfigKeys (ConfUtils.java:logGet(43)) - raft.server.storage.dir = [/tmp/workdir/hadoop-ozone/integration-test/target/test-dir/MiniOzoneClusterImpl-8ad9e420-ecfc-4906-b788-750b4191b1d8/datanode-2/data/ratis] (custom)
2019-07-13 20:46:31,300 INFO  replication.SimpleContainerDownloader (SimpleContainerDownloader.java:<init>(72)) - Starting container downloader service to copy containers to replicate.
2019-07-13 20:46:31,301 INFO  hdfs.DFSUtil (DFSUtil.java:httpServerTemplateForNNAndJN(1641)) - Starting Web-server for hddsDatanode at: http://0.0.0.0:0
2019-07-13 20:46:31,302 INFO  server.AuthenticationFilter (AuthenticationFilter.java:constructSecretProvider(240)) - Unable to initialize FileSignerSecretProvider, falling back to use random secrets.
2019-07-13 20:46:31,303 WARN  http.HttpRequestLog (HttpRequestLog.java:getRequestLog(97)) - Jetty request log can only be enabled using Log4j
2019-07-13 20:46:31,304 INFO  http.HttpServer2 (HttpServer2.java:addGlobalFilter(975)) - Added global filter 'safety' (class=org.apache.hadoop.http.HttpServer2$QuotingInputFilter)
2019-07-13 20:46:31,305 INFO  http.HttpServer2 (HttpServer2.java:addFilter(948)) - Added filter static_user_filter (class=org.apache.hadoop.http.lib.StaticUserWebFilter$StaticUserFilter) to context hddsDatanode
2019-07-13 20:46:31,305 INFO  http.HttpServer2 (HttpServer2.java:addFilter(958)) - Added filter static_user_filter (class=org.apache.hadoop.http.lib.StaticUserWebFilter$StaticUserFilter) to context logs
2019-07-13 20:46:31,305 INFO  http.HttpServer2 (HttpServer2.java:addFilter(958)) - Added filter static_user_filter (class=org.apache.hadoop.http.lib.StaticUserWebFilter$StaticUserFilter) to context static
2019-07-13 20:46:31,306 INFO  http.HttpServer2 (HttpServer2.java:bindListener(1191)) - Jetty bound to port 46320
2019-07-13 20:46:31,306 INFO  server.Server (Server.java:doStart(351)) - jetty-9.3.24.v20180605, build timestamp: 2018-06-05T17:11:56Z, git hash: 84205aa28f11a4f31f2a3b86d1bba2cc8ab69827
2019-07-13 20:46:31,310 INFO  handler.ContextHandler (ContextHandler.java:doStart(781)) - Started o.e.j.s.ServletContextHandler@3b97907c{/logs,file:///tmp/workdir/hadoop-ozone/integration-test/target/log,AVAILABLE}
2019-07-13 20:46:31,310 INFO  handler.ContextHandler (ContextHandler.java:doStart(781)) - Started o.e.j.s.ServletContextHandler@631c6d11{/static,jar:file:/home/user/.m2/repository/org/apache/hadoop/hadoop-hdds-container-service/0.5.0-SNAPSHOT/hadoop-hdds-container-service-0.5.0-SNAPSHOT.jar!/webapps/static,AVAILABLE}
2019-07-13 20:46:31,339 INFO  handler.ContextHandler (ContextHandler.java:doStart(781)) - Started o.e.j.w.WebAppContext@61608e1a{/,file:///tmp/jetty-0.0.0.0-46320-hddsDatanode-_-any-8010891741015383065.dir/webapp/,AVAILABLE}{/hddsDatanode}
2019-07-13 20:46:31,339 INFO  server.AbstractConnector (AbstractConnector.java:doStart(278)) - Started ServerConnector@7c46c9c3{HTTP/1.1,[http/1.1]}{0.0.0.0:46320}
2019-07-13 20:46:31,340 INFO  server.Server (Server.java:doStart(419)) - Started @6141ms
2019-07-13 20:46:31,342 INFO  server.BaseHttpServer (BaseHttpServer.java:updateConnectorAddress(207)) - HTTP server of HDDSDATANODE is listening at http://0.0.0.0:46320
2019-07-13 20:46:31,480 INFO  ozone.HddsDatanodeService (HddsDatanodeService.java:startPlugins(396)) - Started plug-in org.apache.hadoop.ozone.web.OzoneHddsDatanodeService@4026461d
2019-07-13 20:46:31,480 INFO  impl.MetricsSystemImpl (MetricsSystemImpl.java:init(158)) - HddsDatanode metrics system started (again)
2019-07-13 20:46:31,481 INFO  ozone.HddsDatanodeService (HddsDatanodeService.java:start(185)) - HddsDatanodeService host:trunk-nightly-6qp7m-2461138711 ip:192.168.5.168
2019-07-13 20:46:31,483 INFO  util.JvmPauseMonitor (JvmPauseMonitor.java:run(188)) - Starting JVM pause monitor
2019-07-13 20:46:31,486 INFO  datanode.InitDatanodeState (InitDatanodeState.java:persistContainerDatanodeDetails(140)) - DatanodeDetails is persisted to /tmp/workdir/hadoop-ozone/integration-test/target/test-dir/MiniOzoneClusterImpl-8ad9e420-ecfc-4906-b788-750b4191b1d8/datanode-2/meta/datanode.id
2019-07-13 20:46:31,490 INFO  volume.HddsVolume (HddsVolume.java:<init>(176)) - Creating Volume: /tmp/workdir/hadoop-ozone/integration-test/target/test-dir/MiniOzoneClusterImpl-8ad9e420-ecfc-4906-b788-750b4191b1d8/datanode-3/data/containers/hdds of  storage type : DISK and capacity : 52710309888
2019-07-13 20:46:31,490 INFO  volume.VolumeSet (VolumeSet.java:initializeVolumeSet(170)) - Added Volume : /tmp/workdir/hadoop-ozone/integration-test/target/test-dir/MiniOzoneClusterImpl-8ad9e420-ecfc-4906-b788-750b4191b1d8/datanode-3/data/containers/hdds to VolumeSet
2019-07-13 20:46:31,491 INFO  volume.ThrottledAsyncChecker (ThrottledAsyncChecker.java:schedule(140)) - Scheduling a check for org.apache.hadoop.ozone.container.common.volume.HddsVolume@57bd6a8f
2019-07-13 20:46:31,491 INFO  volume.HddsVolumeChecker (HddsVolumeChecker.java:checkAllVolumes(203)) - Scheduled health check for volume org.apache.hadoop.ozone.container.common.volume.HddsVolume@57bd6a8f
2019-07-13 20:46:31,507 INFO  impl.RaftServerProxy (ConfUtils.java:logGet(43)) - raft.rpc.type = GRPC (default)
2019-07-13 20:46:31,507 INFO  grpc.GrpcFactory (GrpcFactory.java:checkPooledByteBufAllocatorUseCacheForAllThreads(45)) - PERFORMANCE WARNING: useCacheForAllThreads is true that may cause Netty to create a lot garbage objects and, as a result, trigger GC.
	It is recommended to disable useCacheForAllThreads by setting -Dorg.apache.ratis.thirdparty.io.netty.allocator.useCacheForAllThreads=false in command line.
2019-07-13 20:46:31,508 INFO  grpc.GrpcConfigKeys$Server (ConfUtils.java:logGet(43)) - raft.grpc.server.port = 0 (default)
2019-07-13 20:46:31,508 INFO  server.GrpcService (ConfUtils.java:logGet(43)) - raft.grpc.message.size.max = 33570816 (custom)
2019-07-13 20:46:31,508 INFO  server.RaftServerConfigKeys (ConfUtils.java:logGet(43)) - raft.server.log.appender.buffer.byte-limit = 33554432 (custom)
2019-07-13 20:46:31,508 INFO  server.GrpcService (ConfUtils.java:logGet(43)) - raft.grpc.flow.control.window = 1MB (=1048576) (default)
2019-07-13 20:46:31,509 INFO  server.RaftServerConfigKeys (ConfUtils.java:logGet(43)) - raft.server.rpc.request.timeout = 3000ms (default)
2019-07-13 20:46:31,509 INFO  server.RaftServerConfigKeys (ConfUtils.java:logGet(43)) - raft.server.storage.dir = [/tmp/workdir/hadoop-ozone/integration-test/target/test-dir/MiniOzoneClusterImpl-8ad9e420-ecfc-4906-b788-750b4191b1d8/datanode-3/data/ratis] (custom)
2019-07-13 20:46:31,510 INFO  replication.SimpleContainerDownloader (SimpleContainerDownloader.java:<init>(72)) - Starting container downloader service to copy containers to replicate.
2019-07-13 20:46:31,511 INFO  hdfs.DFSUtil (DFSUtil.java:httpServerTemplateForNNAndJN(1641)) - Starting Web-server for hddsDatanode at: http://0.0.0.0:0
2019-07-13 20:46:31,512 INFO  server.AuthenticationFilter (AuthenticationFilter.java:constructSecretProvider(240)) - Unable to initialize FileSignerSecretProvider, falling back to use random secrets.
2019-07-13 20:46:31,512 WARN  http.HttpRequestLog (HttpRequestLog.java:getRequestLog(97)) - Jetty request log can only be enabled using Log4j
2019-07-13 20:46:31,514 INFO  http.HttpServer2 (HttpServer2.java:addGlobalFilter(975)) - Added global filter 'safety' (class=org.apache.hadoop.http.HttpServer2$QuotingInputFilter)
2019-07-13 20:46:31,515 INFO  http.HttpServer2 (HttpServer2.java:addFilter(948)) - Added filter static_user_filter (class=org.apache.hadoop.http.lib.StaticUserWebFilter$StaticUserFilter) to context hddsDatanode
2019-07-13 20:46:31,515 INFO  http.HttpServer2 (HttpServer2.java:addFilter(958)) - Added filter static_user_filter (class=org.apache.hadoop.http.lib.StaticUserWebFilter$StaticUserFilter) to context static
2019-07-13 20:46:31,515 INFO  http.HttpServer2 (HttpServer2.java:addFilter(958)) - Added filter static_user_filter (class=org.apache.hadoop.http.lib.StaticUserWebFilter$StaticUserFilter) to context logs
2019-07-13 20:46:31,516 INFO  http.HttpServer2 (HttpServer2.java:bindListener(1191)) - Jetty bound to port 36134
2019-07-13 20:46:31,516 INFO  server.Server (Server.java:doStart(351)) - jetty-9.3.24.v20180605, build timestamp: 2018-06-05T17:11:56Z, git hash: 84205aa28f11a4f31f2a3b86d1bba2cc8ab69827
2019-07-13 20:46:31,518 INFO  handler.ContextHandler (ContextHandler.java:doStart(781)) - Started o.e.j.s.ServletContextHandler@5f395ce1{/logs,file:///tmp/workdir/hadoop-ozone/integration-test/target/log,AVAILABLE}
2019-07-13 20:46:31,519 INFO  handler.ContextHandler (ContextHandler.java:doStart(781)) - Started o.e.j.s.ServletContextHandler@1e30db85{/static,jar:file:/home/user/.m2/repository/org/apache/hadoop/hadoop-hdds-container-service/0.5.0-SNAPSHOT/hadoop-hdds-container-service-0.5.0-SNAPSHOT.jar!/webapps/static,AVAILABLE}
2019-07-13 20:46:31,547 INFO  handler.ContextHandler (ContextHandler.java:doStart(781)) - Started o.e.j.w.WebAppContext@1e00bfe2{/,file:///tmp/jetty-0.0.0.0-36134-hddsDatanode-_-any-2638924223237837673.dir/webapp/,AVAILABLE}{/hddsDatanode}
2019-07-13 20:46:31,548 INFO  server.AbstractConnector (AbstractConnector.java:doStart(278)) - Started ServerConnector@4702e7a5{HTTP/1.1,[http/1.1]}{0.0.0.0:36134}
2019-07-13 20:46:31,549 INFO  server.Server (Server.java:doStart(419)) - Started @6349ms
2019-07-13 20:46:31,550 INFO  server.BaseHttpServer (BaseHttpServer.java:updateConnectorAddress(207)) - HTTP server of HDDSDATANODE is listening at http://0.0.0.0:36134
2019-07-13 20:46:31,688 INFO  ozone.HddsDatanodeService (HddsDatanodeService.java:startPlugins(396)) - Started plug-in org.apache.hadoop.ozone.web.OzoneHddsDatanodeService@1bd8afc8
2019-07-13 20:46:31,688 INFO  impl.MetricsSystemImpl (MetricsSystemImpl.java:init(158)) - HddsDatanode metrics system started (again)
2019-07-13 20:46:31,689 INFO  ozone.HddsDatanodeService (HddsDatanodeService.java:start(185)) - HddsDatanodeService host:trunk-nightly-6qp7m-2461138711 ip:192.168.5.168
2019-07-13 20:46:31,692 INFO  util.JvmPauseMonitor (JvmPauseMonitor.java:run(188)) - Starting JVM pause monitor
2019-07-13 20:46:31,700 INFO  datanode.InitDatanodeState (InitDatanodeState.java:persistContainerDatanodeDetails(140)) - DatanodeDetails is persisted to /tmp/workdir/hadoop-ozone/integration-test/target/test-dir/MiniOzoneClusterImpl-8ad9e420-ecfc-4906-b788-750b4191b1d8/datanode-3/meta/datanode.id
2019-07-13 20:46:31,700 INFO  volume.HddsVolume (HddsVolume.java:<init>(176)) - Creating Volume: /tmp/workdir/hadoop-ozone/integration-test/target/test-dir/MiniOzoneClusterImpl-8ad9e420-ecfc-4906-b788-750b4191b1d8/datanode-4/data/containers/hdds of  storage type : DISK and capacity : 52710309888
2019-07-13 20:46:31,700 INFO  volume.VolumeSet (VolumeSet.java:initializeVolumeSet(170)) - Added Volume : /tmp/workdir/hadoop-ozone/integration-test/target/test-dir/MiniOzoneClusterImpl-8ad9e420-ecfc-4906-b788-750b4191b1d8/datanode-4/data/containers/hdds to VolumeSet
2019-07-13 20:46:31,700 INFO  volume.ThrottledAsyncChecker (ThrottledAsyncChecker.java:schedule(140)) - Scheduling a check for org.apache.hadoop.ozone.container.common.volume.HddsVolume@77a0dd63
2019-07-13 20:46:31,701 INFO  volume.HddsVolumeChecker (HddsVolumeChecker.java:checkAllVolumes(203)) - Scheduled health check for volume org.apache.hadoop.ozone.container.common.volume.HddsVolume@77a0dd63
2019-07-13 20:46:31,716 INFO  impl.RaftServerProxy (ConfUtils.java:logGet(43)) - raft.rpc.type = GRPC (default)
2019-07-13 20:46:31,716 INFO  grpc.GrpcFactory (GrpcFactory.java:checkPooledByteBufAllocatorUseCacheForAllThreads(45)) - PERFORMANCE WARNING: useCacheForAllThreads is true that may cause Netty to create a lot garbage objects and, as a result, trigger GC.
	It is recommended to disable useCacheForAllThreads by setting -Dorg.apache.ratis.thirdparty.io.netty.allocator.useCacheForAllThreads=false in command line.
2019-07-13 20:46:31,716 INFO  grpc.GrpcConfigKeys$Server (ConfUtils.java:logGet(43)) - raft.grpc.server.port = 0 (default)
2019-07-13 20:46:31,716 INFO  server.GrpcService (ConfUtils.java:logGet(43)) - raft.grpc.message.size.max = 33570816 (custom)
2019-07-13 20:46:31,717 INFO  server.RaftServerConfigKeys (ConfUtils.java:logGet(43)) - raft.server.log.appender.buffer.byte-limit = 33554432 (custom)
2019-07-13 20:46:31,717 INFO  server.GrpcService (ConfUtils.java:logGet(43)) - raft.grpc.flow.control.window = 1MB (=1048576) (default)
2019-07-13 20:46:31,717 INFO  server.RaftServerConfigKeys (ConfUtils.java:logGet(43)) - raft.server.rpc.request.timeout = 3000ms (default)
2019-07-13 20:46:31,718 INFO  server.RaftServerConfigKeys (ConfUtils.java:logGet(43)) - raft.server.storage.dir = [/tmp/workdir/hadoop-ozone/integration-test/target/test-dir/MiniOzoneClusterImpl-8ad9e420-ecfc-4906-b788-750b4191b1d8/datanode-4/data/ratis] (custom)
2019-07-13 20:46:31,718 INFO  replication.SimpleContainerDownloader (SimpleContainerDownloader.java:<init>(72)) - Starting container downloader service to copy containers to replicate.
2019-07-13 20:46:31,720 INFO  hdfs.DFSUtil (DFSUtil.java:httpServerTemplateForNNAndJN(1641)) - Starting Web-server for hddsDatanode at: http://0.0.0.0:0
2019-07-13 20:46:31,721 INFO  server.AuthenticationFilter (AuthenticationFilter.java:constructSecretProvider(240)) - Unable to initialize FileSignerSecretProvider, falling back to use random secrets.
2019-07-13 20:46:31,721 WARN  http.HttpRequestLog (HttpRequestLog.java:getRequestLog(97)) - Jetty request log can only be enabled using Log4j
2019-07-13 20:46:31,723 INFO  http.HttpServer2 (HttpServer2.java:addGlobalFilter(975)) - Added global filter 'safety' (class=org.apache.hadoop.http.HttpServer2$QuotingInputFilter)
2019-07-13 20:46:31,723 INFO  http.HttpServer2 (HttpServer2.java:addFilter(948)) - Added filter static_user_filter (class=org.apache.hadoop.http.lib.StaticUserWebFilter$StaticUserFilter) to context hddsDatanode
2019-07-13 20:46:31,724 INFO  http.HttpServer2 (HttpServer2.java:addFilter(958)) - Added filter static_user_filter (class=org.apache.hadoop.http.lib.StaticUserWebFilter$StaticUserFilter) to context static
2019-07-13 20:46:31,724 INFO  http.HttpServer2 (HttpServer2.java:addFilter(958)) - Added filter static_user_filter (class=org.apache.hadoop.http.lib.StaticUserWebFilter$StaticUserFilter) to context logs
2019-07-13 20:46:31,724 INFO  http.HttpServer2 (HttpServer2.java:bindListener(1191)) - Jetty bound to port 43321
2019-07-13 20:46:31,725 INFO  server.Server (Server.java:doStart(351)) - jetty-9.3.24.v20180605, build timestamp: 2018-06-05T17:11:56Z, git hash: 84205aa28f11a4f31f2a3b86d1bba2cc8ab69827
2019-07-13 20:46:31,730 INFO  handler.ContextHandler (ContextHandler.java:doStart(781)) - Started o.e.j.s.ServletContextHandler@7aa01bd9{/logs,file:///tmp/workdir/hadoop-ozone/integration-test/target/log,AVAILABLE}
2019-07-13 20:46:31,730 INFO  handler.ContextHandler (ContextHandler.java:doStart(781)) - Started o.e.j.s.ServletContextHandler@615db358{/static,jar:file:/home/user/.m2/repository/org/apache/hadoop/hadoop-hdds-container-service/0.5.0-SNAPSHOT/hadoop-hdds-container-service-0.5.0-SNAPSHOT.jar!/webapps/static,AVAILABLE}
2019-07-13 20:46:31,758 INFO  handler.ContextHandler (ContextHandler.java:doStart(781)) - Started o.e.j.w.WebAppContext@34136bd1{/,file:///tmp/jetty-0.0.0.0-43321-hddsDatanode-_-any-6638619503344215815.dir/webapp/,AVAILABLE}{/hddsDatanode}
2019-07-13 20:46:31,759 INFO  server.AbstractConnector (AbstractConnector.java:doStart(278)) - Started ServerConnector@6de7778f{HTTP/1.1,[http/1.1]}{0.0.0.0:43321}
2019-07-13 20:46:31,760 INFO  server.Server (Server.java:doStart(419)) - Started @6560ms
2019-07-13 20:46:31,761 INFO  server.BaseHttpServer (BaseHttpServer.java:updateConnectorAddress(207)) - HTTP server of HDDSDATANODE is listening at http://0.0.0.0:43321
2019-07-13 20:46:31,903 INFO  ozone.HddsDatanodeService (HddsDatanodeService.java:startPlugins(396)) - Started plug-in org.apache.hadoop.ozone.web.OzoneHddsDatanodeService@5fdd97c1
2019-07-13 20:46:31,903 INFO  impl.MetricsSystemImpl (MetricsSystemImpl.java:init(158)) - HddsDatanode metrics system started (again)
2019-07-13 20:46:31,904 INFO  ozone.HddsDatanodeService (HddsDatanodeService.java:start(185)) - HddsDatanodeService host:trunk-nightly-6qp7m-2461138711 ip:192.168.5.168
2019-07-13 20:46:31,906 INFO  util.JvmPauseMonitor (JvmPauseMonitor.java:run(188)) - Starting JVM pause monitor
2019-07-13 20:46:31,909 INFO  datanode.InitDatanodeState (InitDatanodeState.java:persistContainerDatanodeDetails(140)) - DatanodeDetails is persisted to /tmp/workdir/hadoop-ozone/integration-test/target/test-dir/MiniOzoneClusterImpl-8ad9e420-ecfc-4906-b788-750b4191b1d8/datanode-4/meta/datanode.id
2019-07-13 20:46:31,915 INFO  volume.HddsVolume (HddsVolume.java:<init>(176)) - Creating Volume: /tmp/workdir/hadoop-ozone/integration-test/target/test-dir/MiniOzoneClusterImpl-8ad9e420-ecfc-4906-b788-750b4191b1d8/datanode-5/data/containers/hdds of  storage type : DISK and capacity : 52710309888
2019-07-13 20:46:31,915 INFO  volume.VolumeSet (VolumeSet.java:initializeVolumeSet(170)) - Added Volume : /tmp/workdir/hadoop-ozone/integration-test/target/test-dir/MiniOzoneClusterImpl-8ad9e420-ecfc-4906-b788-750b4191b1d8/datanode-5/data/containers/hdds to VolumeSet
2019-07-13 20:46:31,915 INFO  volume.ThrottledAsyncChecker (ThrottledAsyncChecker.java:schedule(140)) - Scheduling a check for org.apache.hadoop.ozone.container.common.volume.HddsVolume@37d3e140
2019-07-13 20:46:31,916 INFO  volume.HddsVolumeChecker (HddsVolumeChecker.java:checkAllVolumes(203)) - Scheduled health check for volume org.apache.hadoop.ozone.container.common.volume.HddsVolume@37d3e140
2019-07-13 20:46:31,935 INFO  impl.RaftServerProxy (ConfUtils.java:logGet(43)) - raft.rpc.type = GRPC (default)
2019-07-13 20:46:31,935 INFO  grpc.GrpcFactory (GrpcFactory.java:checkPooledByteBufAllocatorUseCacheForAllThreads(45)) - PERFORMANCE WARNING: useCacheForAllThreads is true that may cause Netty to create a lot garbage objects and, as a result, trigger GC.
	It is recommended to disable useCacheForAllThreads by setting -Dorg.apache.ratis.thirdparty.io.netty.allocator.useCacheForAllThreads=false in command line.
2019-07-13 20:46:31,935 INFO  grpc.GrpcConfigKeys$Server (ConfUtils.java:logGet(43)) - raft.grpc.server.port = 0 (default)
2019-07-13 20:46:31,936 INFO  server.GrpcService (ConfUtils.java:logGet(43)) - raft.grpc.message.size.max = 33570816 (custom)
2019-07-13 20:46:31,936 INFO  server.RaftServerConfigKeys (ConfUtils.java:logGet(43)) - raft.server.log.appender.buffer.byte-limit = 33554432 (custom)
2019-07-13 20:46:31,936 INFO  server.GrpcService (ConfUtils.java:logGet(43)) - raft.grpc.flow.control.window = 1MB (=1048576) (default)
2019-07-13 20:46:31,937 INFO  server.RaftServerConfigKeys (ConfUtils.java:logGet(43)) - raft.server.rpc.request.timeout = 3000ms (default)
2019-07-13 20:46:31,937 INFO  server.RaftServerConfigKeys (ConfUtils.java:logGet(43)) - raft.server.storage.dir = [/tmp/workdir/hadoop-ozone/integration-test/target/test-dir/MiniOzoneClusterImpl-8ad9e420-ecfc-4906-b788-750b4191b1d8/datanode-5/data/ratis] (custom)
2019-07-13 20:46:31,938 INFO  replication.SimpleContainerDownloader (SimpleContainerDownloader.java:<init>(72)) - Starting container downloader service to copy containers to replicate.
2019-07-13 20:46:31,939 INFO  hdfs.DFSUtil (DFSUtil.java:httpServerTemplateForNNAndJN(1641)) - Starting Web-server for hddsDatanode at: http://0.0.0.0:0
2019-07-13 20:46:31,941 INFO  server.AuthenticationFilter (AuthenticationFilter.java:constructSecretProvider(240)) - Unable to initialize FileSignerSecretProvider, falling back to use random secrets.
2019-07-13 20:46:31,942 WARN  http.HttpRequestLog (HttpRequestLog.java:getRequestLog(97)) - Jetty request log can only be enabled using Log4j
2019-07-13 20:46:31,944 INFO  http.HttpServer2 (HttpServer2.java:addGlobalFilter(975)) - Added global filter 'safety' (class=org.apache.hadoop.http.HttpServer2$QuotingInputFilter)
2019-07-13 20:46:31,945 INFO  http.HttpServer2 (HttpServer2.java:addFilter(948)) - Added filter static_user_filter (class=org.apache.hadoop.http.lib.StaticUserWebFilter$StaticUserFilter) to context hddsDatanode
2019-07-13 20:46:31,945 INFO  http.HttpServer2 (HttpServer2.java:addFilter(958)) - Added filter static_user_filter (class=org.apache.hadoop.http.lib.StaticUserWebFilter$StaticUserFilter) to context static
2019-07-13 20:46:31,945 INFO  http.HttpServer2 (HttpServer2.java:addFilter(958)) - Added filter static_user_filter (class=org.apache.hadoop.http.lib.StaticUserWebFilter$StaticUserFilter) to context logs
2019-07-13 20:46:31,946 INFO  http.HttpServer2 (HttpServer2.java:bindListener(1191)) - Jetty bound to port 44778
2019-07-13 20:46:31,947 INFO  server.Server (Server.java:doStart(351)) - jetty-9.3.24.v20180605, build timestamp: 2018-06-05T17:11:56Z, git hash: 84205aa28f11a4f31f2a3b86d1bba2cc8ab69827
2019-07-13 20:46:31,950 INFO  handler.ContextHandler (ContextHandler.java:doStart(781)) - Started o.e.j.s.ServletContextHandler@545d2560{/logs,file:///tmp/workdir/hadoop-ozone/integration-test/target/log,AVAILABLE}
2019-07-13 20:46:31,951 INFO  handler.ContextHandler (ContextHandler.java:doStart(781)) - Started o.e.j.s.ServletContextHandler@6885ed19{/static,jar:file:/home/user/.m2/repository/org/apache/hadoop/hadoop-hdds-container-service/0.5.0-SNAPSHOT/hadoop-hdds-container-service-0.5.0-SNAPSHOT.jar!/webapps/static,AVAILABLE}
2019-07-13 20:46:31,991 INFO  handler.ContextHandler (ContextHandler.java:doStart(781)) - Started o.e.j.w.WebAppContext@40c8067{/,file:///tmp/jetty-0.0.0.0-44778-hddsDatanode-_-any-3997986739063729670.dir/webapp/,AVAILABLE}{/hddsDatanode}
2019-07-13 20:46:31,992 INFO  server.AbstractConnector (AbstractConnector.java:doStart(278)) - Started ServerConnector@46bb0bdf{HTTP/1.1,[http/1.1]}{0.0.0.0:44778}
2019-07-13 20:46:31,992 INFO  server.Server (Server.java:doStart(419)) - Started @6793ms
2019-07-13 20:46:31,993 INFO  server.BaseHttpServer (BaseHttpServer.java:updateConnectorAddress(207)) - HTTP server of HDDSDATANODE is listening at http://0.0.0.0:44778
2019-07-13 20:46:32,115 INFO  ozone.HddsDatanodeService (HddsDatanodeService.java:startPlugins(396)) - Started plug-in org.apache.hadoop.ozone.web.OzoneHddsDatanodeService@7d25913
2019-07-13 20:46:32,115 INFO  impl.MetricsSystemImpl (MetricsSystemImpl.java:init(158)) - HddsDatanode metrics system started (again)
2019-07-13 20:46:32,115 INFO  ozone.HddsDatanodeService (HddsDatanodeService.java:start(185)) - HddsDatanodeService host:trunk-nightly-6qp7m-2461138711 ip:192.168.5.168
2019-07-13 20:46:32,117 INFO  util.JvmPauseMonitor (JvmPauseMonitor.java:run(188)) - Starting JVM pause monitor
2019-07-13 20:46:32,120 INFO  datanode.InitDatanodeState (InitDatanodeState.java:persistContainerDatanodeDetails(140)) - DatanodeDetails is persisted to /tmp/workdir/hadoop-ozone/integration-test/target/test-dir/MiniOzoneClusterImpl-8ad9e420-ecfc-4906-b788-750b4191b1d8/datanode-5/meta/datanode.id
2019-07-13 20:46:32,124 INFO  volume.HddsVolume (HddsVolume.java:<init>(176)) - Creating Volume: /tmp/workdir/hadoop-ozone/integration-test/target/test-dir/MiniOzoneClusterImpl-8ad9e420-ecfc-4906-b788-750b4191b1d8/datanode-6/data/containers/hdds of  storage type : DISK and capacity : 52710309888
2019-07-13 20:46:32,124 INFO  volume.VolumeSet (VolumeSet.java:initializeVolumeSet(170)) - Added Volume : /tmp/workdir/hadoop-ozone/integration-test/target/test-dir/MiniOzoneClusterImpl-8ad9e420-ecfc-4906-b788-750b4191b1d8/datanode-6/data/containers/hdds to VolumeSet
2019-07-13 20:46:32,124 INFO  volume.ThrottledAsyncChecker (ThrottledAsyncChecker.java:schedule(140)) - Scheduling a check for org.apache.hadoop.ozone.container.common.volume.HddsVolume@40a1b6d4
2019-07-13 20:46:32,125 INFO  volume.HddsVolumeChecker (HddsVolumeChecker.java:checkAllVolumes(203)) - Scheduled health check for volume org.apache.hadoop.ozone.container.common.volume.HddsVolume@40a1b6d4
2019-07-13 20:46:32,138 INFO  impl.RaftServerProxy (ConfUtils.java:logGet(43)) - raft.rpc.type = GRPC (default)
2019-07-13 20:46:32,139 INFO  grpc.GrpcFactory (GrpcFactory.java:checkPooledByteBufAllocatorUseCacheForAllThreads(45)) - PERFORMANCE WARNING: useCacheForAllThreads is true that may cause Netty to create a lot garbage objects and, as a result, trigger GC.
	It is recommended to disable useCacheForAllThreads by setting -Dorg.apache.ratis.thirdparty.io.netty.allocator.useCacheForAllThreads=false in command line.
2019-07-13 20:46:32,140 INFO  grpc.GrpcConfigKeys$Server (ConfUtils.java:logGet(43)) - raft.grpc.server.port = 0 (default)
2019-07-13 20:46:32,140 INFO  server.GrpcService (ConfUtils.java:logGet(43)) - raft.grpc.message.size.max = 33570816 (custom)
2019-07-13 20:46:32,140 INFO  server.RaftServerConfigKeys (ConfUtils.java:logGet(43)) - raft.server.log.appender.buffer.byte-limit = 33554432 (custom)
2019-07-13 20:46:32,140 INFO  server.GrpcService (ConfUtils.java:logGet(43)) - raft.grpc.flow.control.window = 1MB (=1048576) (default)
2019-07-13 20:46:32,140 INFO  server.RaftServerConfigKeys (ConfUtils.java:logGet(43)) - raft.server.rpc.request.timeout = 3000ms (default)
2019-07-13 20:46:32,141 INFO  server.RaftServerConfigKeys (ConfUtils.java:logGet(43)) - raft.server.storage.dir = [/tmp/workdir/hadoop-ozone/integration-test/target/test-dir/MiniOzoneClusterImpl-8ad9e420-ecfc-4906-b788-750b4191b1d8/datanode-6/data/ratis] (custom)
2019-07-13 20:46:32,141 INFO  replication.SimpleContainerDownloader (SimpleContainerDownloader.java:<init>(72)) - Starting container downloader service to copy containers to replicate.
2019-07-13 20:46:32,142 INFO  hdfs.DFSUtil (DFSUtil.java:httpServerTemplateForNNAndJN(1641)) - Starting Web-server for hddsDatanode at: http://0.0.0.0:0
2019-07-13 20:46:32,143 INFO  server.AuthenticationFilter (AuthenticationFilter.java:constructSecretProvider(240)) - Unable to initialize FileSignerSecretProvider, falling back to use random secrets.
2019-07-13 20:46:32,144 WARN  http.HttpRequestLog (HttpRequestLog.java:getRequestLog(97)) - Jetty request log can only be enabled using Log4j
2019-07-13 20:46:32,145 INFO  http.HttpServer2 (HttpServer2.java:addGlobalFilter(975)) - Added global filter 'safety' (class=org.apache.hadoop.http.HttpServer2$QuotingInputFilter)
2019-07-13 20:46:32,145 INFO  http.HttpServer2 (HttpServer2.java:addFilter(948)) - Added filter static_user_filter (class=org.apache.hadoop.http.lib.StaticUserWebFilter$StaticUserFilter) to context hddsDatanode
2019-07-13 20:46:32,145 INFO  http.HttpServer2 (HttpServer2.java:addFilter(958)) - Added filter static_user_filter (class=org.apache.hadoop.http.lib.StaticUserWebFilter$StaticUserFilter) to context static
2019-07-13 20:46:32,145 INFO  http.HttpServer2 (HttpServer2.java:addFilter(958)) - Added filter static_user_filter (class=org.apache.hadoop.http.lib.StaticUserWebFilter$StaticUserFilter) to context logs
2019-07-13 20:46:32,146 INFO  http.HttpServer2 (HttpServer2.java:bindListener(1191)) - Jetty bound to port 37238
2019-07-13 20:46:32,146 INFO  server.Server (Server.java:doStart(351)) - jetty-9.3.24.v20180605, build timestamp: 2018-06-05T17:11:56Z, git hash: 84205aa28f11a4f31f2a3b86d1bba2cc8ab69827
2019-07-13 20:46:32,148 INFO  handler.ContextHandler (ContextHandler.java:doStart(781)) - Started o.e.j.s.ServletContextHandler@718989fa{/logs,file:///tmp/workdir/hadoop-ozone/integration-test/target/log,AVAILABLE}
2019-07-13 20:46:32,149 INFO  handler.ContextHandler (ContextHandler.java:doStart(781)) - Started o.e.j.s.ServletContextHandler@6568f998{/static,jar:file:/home/user/.m2/repository/org/apache/hadoop/hadoop-hdds-container-service/0.5.0-SNAPSHOT/hadoop-hdds-container-service-0.5.0-SNAPSHOT.jar!/webapps/static,AVAILABLE}
2019-07-13 20:46:32,171 INFO  handler.ContextHandler (ContextHandler.java:doStart(781)) - Started o.e.j.w.WebAppContext@448ade1{/,file:///tmp/jetty-0.0.0.0-37238-hddsDatanode-_-any-8809577798412351353.dir/webapp/,AVAILABLE}{/hddsDatanode}
2019-07-13 20:46:32,172 INFO  server.AbstractConnector (AbstractConnector.java:doStart(278)) - Started ServerConnector@21f9c6ea{HTTP/1.1,[http/1.1]}{0.0.0.0:37238}
2019-07-13 20:46:32,173 INFO  server.Server (Server.java:doStart(419)) - Started @6973ms
2019-07-13 20:46:32,173 INFO  server.BaseHttpServer (BaseHttpServer.java:updateConnectorAddress(207)) - HTTP server of HDDSDATANODE is listening at http://0.0.0.0:37238
2019-07-13 20:46:32,390 INFO  ozone.HddsDatanodeService (HddsDatanodeService.java:startPlugins(396)) - Started plug-in org.apache.hadoop.ozone.web.OzoneHddsDatanodeService@112c2930
2019-07-13 20:46:32,392 INFO  ozone.MiniOzoneClusterImpl (MiniOzoneClusterImpl.java:lambda$waitForClusterToBeReady$0(142)) - Waiting for cluster to be ready. Got 0 of 7 DN Heartbeats.
2019-07-13 20:46:32,393 INFO  util.JvmPauseMonitor (JvmPauseMonitor.java:run(188)) - Starting JVM pause monitor
2019-07-13 20:46:32,396 INFO  datanode.InitDatanodeState (InitDatanodeState.java:persistContainerDatanodeDetails(140)) - DatanodeDetails is persisted to /tmp/workdir/hadoop-ozone/integration-test/target/test-dir/MiniOzoneClusterImpl-8ad9e420-ecfc-4906-b788-750b4191b1d8/datanode-6/meta/datanode.id
2019-07-13 20:46:33,084 INFO  ozoneimpl.OzoneContainer (OzoneContainer.java:start(186)) - Attempting to start container services.
2019-07-13 20:46:33,085 INFO  ozoneimpl.OzoneContainer (OzoneContainer.java:startContainerScrub(160)) - Background container scrubber has been disabled by hdds.containerscrub.enabled
2019-07-13 20:46:33,086 INFO  ratis.XceiverServerRatis (XceiverServerRatis.java:start(418)) - Starting XceiverServerRatis 76d95b71-7e54-404e-9af4-c391b77d9956 at port 0
2019-07-13 20:46:33,112 INFO  impl.RaftServerProxy (RaftServerProxy.java:lambda$start$3(299)) - 76d95b71-7e54-404e-9af4-c391b77d9956: start RPC server
2019-07-13 20:46:33,250 INFO  server.GrpcService (GrpcService.java:startImpl(149)) - 76d95b71-7e54-404e-9af4-c391b77d9956: GrpcService started, listening on 0.0.0.0/0.0.0.0:36747
2019-07-13 20:46:33,251 INFO  ratis.XceiverServerRatis (XceiverServerRatis.java:start(428)) - XceiverServerRatis 76d95b71-7e54-404e-9af4-c391b77d9956 is started using port 36747
2019-07-13 20:46:33,255 INFO  server.XceiverServerGrpc (XceiverServerGrpc.java:start(161)) - XceiverServerGrpc 76d95b71-7e54-404e-9af4-c391b77d9956 is started using port 34343
2019-07-13 20:46:33,287 INFO  ozoneimpl.OzoneContainer (OzoneContainer.java:start(186)) - Attempting to start container services.
2019-07-13 20:46:33,290 INFO  ozoneimpl.OzoneContainer (OzoneContainer.java:startContainerScrub(160)) - Background container scrubber has been disabled by hdds.containerscrub.enabled
2019-07-13 20:46:33,290 INFO  ratis.XceiverServerRatis (XceiverServerRatis.java:start(418)) - Starting XceiverServerRatis c4016856-23fa-492d-976d-2a5803ccbc7b at port 0
2019-07-13 20:46:33,299 INFO  impl.RaftServerProxy (RaftServerProxy.java:lambda$start$3(299)) - c4016856-23fa-492d-976d-2a5803ccbc7b: start RPC server
2019-07-13 20:46:33,302 INFO  server.GrpcService (GrpcService.java:startImpl(149)) - c4016856-23fa-492d-976d-2a5803ccbc7b: GrpcService started, listening on 0.0.0.0/0.0.0.0:32769
2019-07-13 20:46:33,303 INFO  ratis.XceiverServerRatis (XceiverServerRatis.java:start(428)) - XceiverServerRatis c4016856-23fa-492d-976d-2a5803ccbc7b is started using port 32769
2019-07-13 20:46:33,305 INFO  server.XceiverServerGrpc (XceiverServerGrpc.java:start(161)) - XceiverServerGrpc c4016856-23fa-492d-976d-2a5803ccbc7b is started using port 42367
2019-07-13 20:46:33,392 INFO  ozone.MiniOzoneClusterImpl (MiniOzoneClusterImpl.java:lambda$waitForClusterToBeReady$0(142)) - Waiting for cluster to be ready. Got 0 of 7 DN Heartbeats.
2019-07-13 20:46:33,490 INFO  ozoneimpl.OzoneContainer (OzoneContainer.java:start(186)) - Attempting to start container services.
2019-07-13 20:46:33,493 INFO  ozoneimpl.OzoneContainer (OzoneContainer.java:startContainerScrub(160)) - Background container scrubber has been disabled by hdds.containerscrub.enabled
2019-07-13 20:46:33,493 INFO  ratis.XceiverServerRatis (XceiverServerRatis.java:start(418)) - Starting XceiverServerRatis e7cac417-b6b8-4f77-98e0-2816751cf932 at port 0
2019-07-13 20:46:33,504 INFO  impl.RaftServerProxy (RaftServerProxy.java:lambda$start$3(299)) - e7cac417-b6b8-4f77-98e0-2816751cf932: start RPC server
2019-07-13 20:46:33,507 INFO  server.GrpcService (GrpcService.java:startImpl(149)) - e7cac417-b6b8-4f77-98e0-2816751cf932: GrpcService started, listening on 0.0.0.0/0.0.0.0:37655
2019-07-13 20:46:33,507 INFO  ratis.XceiverServerRatis (XceiverServerRatis.java:start(428)) - XceiverServerRatis e7cac417-b6b8-4f77-98e0-2816751cf932 is started using port 37655
2019-07-13 20:46:33,510 INFO  server.XceiverServerGrpc (XceiverServerGrpc.java:start(161)) - XceiverServerGrpc e7cac417-b6b8-4f77-98e0-2816751cf932 is started using port 37522
2019-07-13 20:46:33,699 INFO  ozoneimpl.OzoneContainer (OzoneContainer.java:start(186)) - Attempting to start container services.
2019-07-13 20:46:33,702 INFO  ozoneimpl.OzoneContainer (OzoneContainer.java:startContainerScrub(160)) - Background container scrubber has been disabled by hdds.containerscrub.enabled
2019-07-13 20:46:33,702 INFO  ratis.XceiverServerRatis (XceiverServerRatis.java:start(418)) - Starting XceiverServerRatis 326f2cd2-9248-4541-ae9e-66c68d1cb18d at port 0
2019-07-13 20:46:33,713 INFO  impl.RaftServerProxy (RaftServerProxy.java:lambda$start$3(299)) - 326f2cd2-9248-4541-ae9e-66c68d1cb18d: start RPC server
2019-07-13 20:46:33,717 INFO  server.GrpcService (GrpcService.java:startImpl(149)) - 326f2cd2-9248-4541-ae9e-66c68d1cb18d: GrpcService started, listening on 0.0.0.0/0.0.0.0:46437
2019-07-13 20:46:33,717 INFO  ratis.XceiverServerRatis (XceiverServerRatis.java:start(428)) - XceiverServerRatis 326f2cd2-9248-4541-ae9e-66c68d1cb18d is started using port 46437
2019-07-13 20:46:33,720 INFO  server.XceiverServerGrpc (XceiverServerGrpc.java:start(161)) - XceiverServerGrpc 326f2cd2-9248-4541-ae9e-66c68d1cb18d is started using port 42951
2019-07-13 20:46:33,919 INFO  ozoneimpl.OzoneContainer (OzoneContainer.java:start(186)) - Attempting to start container services.
2019-07-13 20:46:33,922 INFO  ozoneimpl.OzoneContainer (OzoneContainer.java:startContainerScrub(160)) - Background container scrubber has been disabled by hdds.containerscrub.enabled
2019-07-13 20:46:33,922 INFO  ratis.XceiverServerRatis (XceiverServerRatis.java:start(418)) - Starting XceiverServerRatis 009ce890-70b5-4ffc-aa2e-d715d4cde131 at port 0
2019-07-13 20:46:33,934 INFO  impl.RaftServerProxy (RaftServerProxy.java:lambda$start$3(299)) - 009ce890-70b5-4ffc-aa2e-d715d4cde131: start RPC server
2019-07-13 20:46:33,938 INFO  server.GrpcService (GrpcService.java:startImpl(149)) - 009ce890-70b5-4ffc-aa2e-d715d4cde131: GrpcService started, listening on 0.0.0.0/0.0.0.0:45083
2019-07-13 20:46:33,938 INFO  ratis.XceiverServerRatis (XceiverServerRatis.java:start(428)) - XceiverServerRatis 009ce890-70b5-4ffc-aa2e-d715d4cde131 is started using port 45083
2019-07-13 20:46:33,941 INFO  server.XceiverServerGrpc (XceiverServerGrpc.java:start(161)) - XceiverServerGrpc 009ce890-70b5-4ffc-aa2e-d715d4cde131 is started using port 33578
2019-07-13 20:46:34,126 INFO  ozoneimpl.OzoneContainer (OzoneContainer.java:start(186)) - Attempting to start container services.
2019-07-13 20:46:34,141 INFO  ozoneimpl.OzoneContainer (OzoneContainer.java:startContainerScrub(160)) - Background container scrubber has been disabled by hdds.containerscrub.enabled
2019-07-13 20:46:34,142 INFO  ratis.XceiverServerRatis (XceiverServerRatis.java:start(418)) - Starting XceiverServerRatis 6b09d474-f080-47c0-857c-659cd2b308ab at port 0
2019-07-13 20:46:34,153 INFO  impl.RaftServerProxy (RaftServerProxy.java:lambda$start$3(299)) - 6b09d474-f080-47c0-857c-659cd2b308ab: start RPC server
2019-07-13 20:46:34,157 INFO  server.GrpcService (GrpcService.java:startImpl(149)) - 6b09d474-f080-47c0-857c-659cd2b308ab: GrpcService started, listening on 0.0.0.0/0.0.0.0:40619
2019-07-13 20:46:34,158 INFO  ratis.XceiverServerRatis (XceiverServerRatis.java:start(428)) - XceiverServerRatis 6b09d474-f080-47c0-857c-659cd2b308ab is started using port 40619
2019-07-13 20:46:34,161 INFO  server.XceiverServerGrpc (XceiverServerGrpc.java:start(161)) - XceiverServerGrpc 6b09d474-f080-47c0-857c-659cd2b308ab is started using port 43331
2019-07-13 20:46:34,393 INFO  ozone.MiniOzoneClusterImpl (MiniOzoneClusterImpl.java:lambda$waitForClusterToBeReady$0(142)) - Waiting for cluster to be ready. Got 0 of 7 DN Heartbeats.
2019-07-13 20:46:34,400 INFO  ozoneimpl.OzoneContainer (OzoneContainer.java:start(186)) - Attempting to start container services.
2019-07-13 20:46:34,404 INFO  ozoneimpl.OzoneContainer (OzoneContainer.java:startContainerScrub(160)) - Background container scrubber has been disabled by hdds.containerscrub.enabled
2019-07-13 20:46:34,404 INFO  ratis.XceiverServerRatis (XceiverServerRatis.java:start(418)) - Starting XceiverServerRatis be85a937-4246-4c27-b0c8-f10c7c118442 at port 0
2019-07-13 20:46:34,415 INFO  impl.RaftServerProxy (RaftServerProxy.java:lambda$start$3(299)) - be85a937-4246-4c27-b0c8-f10c7c118442: start RPC server
2019-07-13 20:46:34,419 INFO  server.GrpcService (GrpcService.java:startImpl(149)) - be85a937-4246-4c27-b0c8-f10c7c118442: GrpcService started, listening on 0.0.0.0/0.0.0.0:39171
2019-07-13 20:46:34,419 INFO  ratis.XceiverServerRatis (XceiverServerRatis.java:start(428)) - XceiverServerRatis be85a937-4246-4c27-b0c8-f10c7c118442 is started using port 39171
2019-07-13 20:46:34,424 INFO  server.XceiverServerGrpc (XceiverServerGrpc.java:start(161)) - XceiverServerGrpc be85a937-4246-4c27-b0c8-f10c7c118442 is started using port 37036
2019-07-13 20:46:35,060 INFO  net.NetworkTopology (NetworkTopologyImpl.java:add(110)) - Added a new node: /default-rack/192.168.5.168
2019-07-13 20:46:35,061 INFO  node.SCMNodeManager (SCMNodeManager.java:register(269)) - Registered Data node : 76d95b71-7e54-404e-9af4-c391b77d9956{ip: 192.168.5.168, host: trunk-nightly-6qp7m-2461138711, networkLocation: /default-rack, certSerialId: null}
2019-07-13 20:46:35,066 INFO  safemode.SCMSafeModeManager (DataNodeSafeModeRule.java:process(71)) - SCM in safe mode. 1 DataNodes registered, 1 required.
2019-07-13 20:46:35,067 INFO  safemode.SCMSafeModeManager (SCMSafeModeManager.java:validateSafeModeExitRules(177)) - ScmSafeModeManager, all rules are successfully validated
2019-07-13 20:46:35,067 INFO  safemode.SCMSafeModeManager (SCMSafeModeManager.java:exitSafeMode(193)) - SCM exiting safe mode.
2019-07-13 20:46:35,273 INFO  node.SCMNodeManager (SCMNodeManager.java:register(269)) - Registered Data node : c4016856-23fa-492d-976d-2a5803ccbc7b{ip: 192.168.5.168, host: trunk-nightly-6qp7m-2461138711, networkLocation: /default-rack, certSerialId: null}
2019-07-13 20:46:35,395 INFO  ozone.MiniOzoneClusterImpl (MiniOzoneClusterImpl.java:lambda$waitForClusterToBeReady$0(142)) - Waiting for cluster to be ready. Got 2 of 7 DN Heartbeats.
2019-07-13 20:46:35,487 INFO  node.SCMNodeManager (SCMNodeManager.java:register(269)) - Registered Data node : e7cac417-b6b8-4f77-98e0-2816751cf932{ip: 192.168.5.168, host: trunk-nightly-6qp7m-2461138711, networkLocation: /default-rack, certSerialId: null}
2019-07-13 20:46:36,052 INFO  node.SCMNodeManager (SCMNodeManager.java:register(269)) - Registered Data node : 326f2cd2-9248-4541-ae9e-66c68d1cb18d{ip: 192.168.5.168, host: trunk-nightly-6qp7m-2461138711, networkLocation: /default-rack, certSerialId: null}
2019-07-13 20:46:36,052 INFO  node.SCMNodeManager (SCMNodeManager.java:register(269)) - Registered Data node : 009ce890-70b5-4ffc-aa2e-d715d4cde131{ip: 192.168.5.168, host: trunk-nightly-6qp7m-2461138711, networkLocation: /default-rack, certSerialId: null}
2019-07-13 20:46:36,072 INFO  impl.RaftServerProxy (RaftServerProxy.java:addNew(89)) - 76d95b71-7e54-404e-9af4-c391b77d9956: addNew group-9593DA7A6604:[76d95b71-7e54-404e-9af4-c391b77d9956:192.168.5.168:36747] returns group-9593DA7A6604:java.util.concurrent.CompletableFuture@17dd4980[Not completed]
2019-07-13 20:46:36,093 INFO  impl.RaftServerImpl (RaftServerImpl.java:<init>(93)) - 76d95b71-7e54-404e-9af4-c391b77d9956: new RaftServerImpl for group-9593DA7A6604:[76d95b71-7e54-404e-9af4-c391b77d9956:192.168.5.168:36747] with ContainerStateMachine:uninitialized
2019-07-13 20:46:36,096 INFO  server.RaftServerConfigKeys (ConfUtils.java:logGet(43)) - raft.server.rpc.timeout.min = 5s (custom)
2019-07-13 20:46:36,098 INFO  server.RaftServerConfigKeys (ConfUtils.java:logGet(43)) - raft.server.rpc.timeout.max = 5200ms (custom)
2019-07-13 20:46:36,098 INFO  server.RaftServerConfigKeys (ConfUtils.java:logGet(43)) - raft.server.rpcslowness.timeout = 120s (custom)
2019-07-13 20:46:36,098 INFO  server.RaftServerConfigKeys (ConfUtils.java:logGet(43)) - raft.server.sleep.deviation.threshold = 300 (default)
2019-07-13 20:46:36,100 INFO  server.RaftServerConfigKeys (ConfUtils.java:logGet(43)) - raft.server.log.appender.install.snapshot.enabled = false (custom)
2019-07-13 20:46:36,109 INFO  impl.RaftServerImpl (ServerState.java:<init>(105)) - 76d95b71-7e54-404e-9af4-c391b77d9956:group-9593DA7A6604 ConfigurationManager, init=-1: [76d95b71-7e54-404e-9af4-c391b77d9956:192.168.5.168:36747], old=null, confs=<EMPTY_MAP>
2019-07-13 20:46:36,109 INFO  server.RaftServerConfigKeys (ConfUtils.java:logGet(43)) - raft.server.storage.dir = [/tmp/workdir/hadoop-ozone/integration-test/target/test-dir/MiniOzoneClusterImpl-8ad9e420-ecfc-4906-b788-750b4191b1d8/datanode-0/data/ratis] (custom)
2019-07-13 20:46:36,118 INFO  storage.RaftStorageDirectory (RaftStorageDirectory.java:analyzeStorage(246)) - The storage directory /tmp/workdir/hadoop-ozone/integration-test/target/test-dir/MiniOzoneClusterImpl-8ad9e420-ecfc-4906-b788-750b4191b1d8/datanode-0/data/ratis/0a51924b-2294-413a-b355-9593da7a6604 does not exist. Creating ...
2019-07-13 20:46:36,121 INFO  node.SCMNodeManager (SCMNodeManager.java:register(269)) - Registered Data node : 6b09d474-f080-47c0-857c-659cd2b308ab{ip: 192.168.5.168, host: trunk-nightly-6qp7m-2461138711, networkLocation: /default-rack, certSerialId: null}
2019-07-13 20:46:36,138 INFO  storage.RaftStorageDirectory (RaftStorageDirectory.java:tryLock(328)) - Lock on /tmp/workdir/hadoop-ozone/integration-test/target/test-dir/MiniOzoneClusterImpl-8ad9e420-ecfc-4906-b788-750b4191b1d8/datanode-0/data/ratis/0a51924b-2294-413a-b355-9593da7a6604/in_use.lock acquired by nodename 28672@trunk-nightly-6qp7m-2461138711
2019-07-13 20:46:36,153 INFO  storage.RaftStorage (RaftStorage.java:format(72)) - Storage directory /tmp/workdir/hadoop-ozone/integration-test/target/test-dir/MiniOzoneClusterImpl-8ad9e420-ecfc-4906-b788-750b4191b1d8/datanode-0/data/ratis/0a51924b-2294-413a-b355-9593da7a6604 has been successfully formatted.
2019-07-13 20:46:36,156 INFO  ratis.ContainerStateMachine (ContainerStateMachine.java:loadSnapshot(200)) - The snapshot info is null.Setting the last applied index to:(t:0, i:~)
2019-07-13 20:46:36,156 INFO  server.RaftServerConfigKeys (ConfUtils.java:logGet(43)) - raft.server.leader.election.timeout = 120s (custom)
2019-07-13 20:46:36,159 INFO  server.RaftServerConfigKeys (ConfUtils.java:logGet(43)) - raft.server.log.use.memory = false (default)
2019-07-13 20:46:36,165 INFO  server.RaftServerConfigKeys (ConfUtils.java:logGet(43)) - raft.server.log.purge.gap = 1000000000 (custom)
2019-07-13 20:46:36,165 INFO  server.RaftServerConfigKeys (ConfUtils.java:logGet(43)) - raft.server.log.appender.buffer.byte-limit = 33554432 (custom)
2019-07-13 20:46:36,168 INFO  server.RaftServerConfigKeys (ConfUtils.java:logGet(43)) - raft.server.log.segment.size.max = 1048576 (custom)
2019-07-13 20:46:36,175 INFO  server.RaftServerConfigKeys (ConfUtils.java:logGet(43)) - raft.server.log.segment.cache.num.max = 2 (custom)
2019-07-13 20:46:36,183 INFO  segmented.SegmentedRaftLogWorker (SegmentedRaftLogWorker.java:<init>(172)) - new 76d95b71-7e54-404e-9af4-c391b77d9956-SegmentedRaftLogWorker:Storage Directory /tmp/workdir/hadoop-ozone/integration-test/target/test-dir/MiniOzoneClusterImpl-8ad9e420-ecfc-4906-b788-750b4191b1d8/datanode-0/data/ratis/0a51924b-2294-413a-b355-9593da7a6604 for RaftStorage:Storage Directory /tmp/workdir/hadoop-ozone/integration-test/target/test-dir/MiniOzoneClusterImpl-8ad9e420-ecfc-4906-b788-750b4191b1d8/datanode-0/data/ratis/0a51924b-2294-413a-b355-9593da7a6604
2019-07-13 20:46:36,199 INFO  server.RaftServerConfigKeys (ConfUtils.java:logGet(43)) - raft.server.log.queue.byte-limit = 2147483647 (custom)
2019-07-13 20:46:36,200 INFO  server.RaftServerConfigKeys (ConfUtils.java:logGet(43)) - raft.server.log.queue.element-limit = 1024 (custom)
2019-07-13 20:46:36,206 INFO  server.RaftServerConfigKeys (ConfUtils.java:logGet(43)) - raft.server.log.segment.size.max = 1048576 (custom)
2019-07-13 20:46:36,207 INFO  server.RaftServerConfigKeys (ConfUtils.java:logGet(43)) - raft.server.log.preallocated.size = 16384 (custom)
2019-07-13 20:46:36,207 INFO  server.RaftServerConfigKeys (ConfUtils.java:logGet(43)) - raft.server.log.write.buffer.size = 33554432 (custom)
2019-07-13 20:46:36,208 INFO  server.RaftServerConfigKeys (ConfUtils.java:logGet(43)) - raft.server.log.force.sync.num = 128 (default)
2019-07-13 20:46:36,209 INFO  server.RaftServerConfigKeys (ConfUtils.java:logGet(43)) - raft.server.log.statemachine.data.sync = true (default)
2019-07-13 20:46:36,209 INFO  server.RaftServerConfigKeys (ConfUtils.java:logGet(43)) - raft.server.log.statemachine.data.sync.timeout = 10s (default)
2019-07-13 20:46:36,210 INFO  server.RaftServerConfigKeys (ConfUtils.java:logGet(43)) - raft.server.log.statemachine.data.sync.timeout.retry = -1 (default)
2019-07-13 20:46:36,220 INFO  server.RaftServerConfigKeys (ConfUtils.java:logGet(43)) - raft.server.log.statemachine.data.caching.enabled = true (custom)
2019-07-13 20:46:36,226 INFO  segmented.SegmentedRaftLogWorker (SegmentedRaftLogWorker.java:lambda$new$0(132)) - 76d95b71-7e54-404e-9af4-c391b77d9956-SegmentedRaftLogWorker:Storage Directory /tmp/workdir/hadoop-ozone/integration-test/target/test-dir/MiniOzoneClusterImpl-8ad9e420-ecfc-4906-b788-750b4191b1d8/datanode-0/data/ratis/0a51924b-2294-413a-b355-9593da7a6604: flushIndex: setUnconditionally 0 -> -1
2019-07-13 20:46:36,231 INFO  server.RaftServerConfigKeys (ConfUtils.java:logGet(43)) - raft.server.snapshot.auto.trigger.enabled = true (custom)
2019-07-13 20:46:36,232 INFO  server.RaftServerConfigKeys (ConfUtils.java:logGet(43)) - raft.server.snapshot.auto.trigger.threshold = 10000 (custom)
2019-07-13 20:46:36,232 INFO  server.RaftServerConfigKeys (ConfUtils.java:logGet(43)) - raft.server.retrycache.expirytime = 600000ms (custom)
2019-07-13 20:46:36,255 INFO  impl.RaftServerImpl (RaftServerImpl.java:start(180)) - 76d95b71-7e54-404e-9af4-c391b77d9956: start group-9593DA7A6604
2019-07-13 20:46:36,256 INFO  impl.RaftServerImpl (RaftServerImpl.java:setRole(171)) - 76d95b71-7e54-404e-9af4-c391b77d9956:group-9593DA7A6604 changes role from null to FOLLOWER at term 0 for startAsFollower
2019-07-13 20:46:36,257 INFO  impl.RoleInfo (RoleInfo.java:updateAndGet(143)) - 76d95b71-7e54-404e-9af4-c391b77d9956: start FollowerState
2019-07-13 20:46:36,258 INFO  util.JmxRegister (JmxRegister.java:tryRegister(44)) - Successfully registered JMX Bean with object name Ratis:service=RaftServer,group=group-9593DA7A6604,id=76d95b71-7e54-404e-9af4-c391b77d9956
2019-07-13 20:46:36,325 INFO  pipeline.PipelineStateManager (PipelineStateManager.java:addPipeline(56)) - Created pipeline Pipeline[ Id: 0a51924b-2294-413a-b355-9593da7a6604, Nodes: 76d95b71-7e54-404e-9af4-c391b77d9956{ip: 192.168.5.168, host: trunk-nightly-6qp7m-2461138711, networkLocation: /default-rack, certSerialId: null}, Type:RATIS, Factor:ONE, State:OPEN]
2019-07-13 20:46:36,358 INFO  impl.RaftServerProxy (RaftServerProxy.java:addNew(89)) - c4016856-23fa-492d-976d-2a5803ccbc7b: addNew group-73BF98D7AC53:[c4016856-23fa-492d-976d-2a5803ccbc7b:192.168.5.168:32769] returns group-73BF98D7AC53:java.util.concurrent.CompletableFuture@65f363da[Not completed]
2019-07-13 20:46:36,418 INFO  ozone.MiniOzoneClusterImpl (MiniOzoneClusterImpl.java:lambda$waitForClusterToBeReady$0(142)) - Waiting for cluster to be ready. Got 6 of 7 DN Heartbeats.
2019-07-13 20:46:36,419 INFO  impl.RaftServerImpl (RaftServerImpl.java:<init>(93)) - c4016856-23fa-492d-976d-2a5803ccbc7b: new RaftServerImpl for group-73BF98D7AC53:[c4016856-23fa-492d-976d-2a5803ccbc7b:192.168.5.168:32769] with ContainerStateMachine:uninitialized
2019-07-13 20:46:36,423 INFO  server.RaftServerConfigKeys (ConfUtils.java:logGet(43)) - raft.server.rpc.timeout.min = 5s (custom)
2019-07-13 20:46:36,423 INFO  server.RaftServerConfigKeys (ConfUtils.java:logGet(43)) - raft.server.rpc.timeout.max = 5200ms (custom)
2019-07-13 20:46:36,423 INFO  server.RaftServerConfigKeys (ConfUtils.java:logGet(43)) - raft.server.rpcslowness.timeout = 120s (custom)
2019-07-13 20:46:36,423 INFO  server.RaftServerConfigKeys (ConfUtils.java:logGet(43)) - raft.server.sleep.deviation.threshold = 300 (default)
2019-07-13 20:46:36,423 INFO  server.RaftServerConfigKeys (ConfUtils.java:logGet(43)) - raft.server.log.appender.install.snapshot.enabled = false (custom)
2019-07-13 20:46:36,424 INFO  impl.RaftServerImpl (ServerState.java:<init>(105)) - c4016856-23fa-492d-976d-2a5803ccbc7b:group-73BF98D7AC53 ConfigurationManager, init=-1: [c4016856-23fa-492d-976d-2a5803ccbc7b:192.168.5.168:32769], old=null, confs=<EMPTY_MAP>
2019-07-13 20:46:36,424 INFO  server.RaftServerConfigKeys (ConfUtils.java:logGet(43)) - raft.server.storage.dir = [/tmp/workdir/hadoop-ozone/integration-test/target/test-dir/MiniOzoneClusterImpl-8ad9e420-ecfc-4906-b788-750b4191b1d8/datanode-1/data/ratis] (custom)
2019-07-13 20:46:36,424 INFO  node.SCMNodeManager (SCMNodeManager.java:register(269)) - Registered Data node : be85a937-4246-4c27-b0c8-f10c7c118442{ip: 192.168.5.168, host: trunk-nightly-6qp7m-2461138711, networkLocation: /default-rack, certSerialId: null}
2019-07-13 20:46:36,424 INFO  storage.RaftStorageDirectory (RaftStorageDirectory.java:analyzeStorage(246)) - The storage directory /tmp/workdir/hadoop-ozone/integration-test/target/test-dir/MiniOzoneClusterImpl-8ad9e420-ecfc-4906-b788-750b4191b1d8/datanode-1/data/ratis/f5362209-0d85-4179-a3ab-73bf98d7ac53 does not exist. Creating ...
2019-07-13 20:46:36,438 INFO  storage.RaftStorageDirectory (RaftStorageDirectory.java:tryLock(328)) - Lock on /tmp/workdir/hadoop-ozone/integration-test/target/test-dir/MiniOzoneClusterImpl-8ad9e420-ecfc-4906-b788-750b4191b1d8/datanode-1/data/ratis/f5362209-0d85-4179-a3ab-73bf98d7ac53/in_use.lock acquired by nodename 28672@trunk-nightly-6qp7m-2461138711
2019-07-13 20:46:36,441 INFO  storage.RaftStorage (RaftStorage.java:format(72)) - Storage directory /tmp/workdir/hadoop-ozone/integration-test/target/test-dir/MiniOzoneClusterImpl-8ad9e420-ecfc-4906-b788-750b4191b1d8/datanode-1/data/ratis/f5362209-0d85-4179-a3ab-73bf98d7ac53 has been successfully formatted.
2019-07-13 20:46:36,442 INFO  ratis.ContainerStateMachine (ContainerStateMachine.java:loadSnapshot(200)) - The snapshot info is null.Setting the last applied index to:(t:0, i:~)
2019-07-13 20:46:36,444 INFO  server.RaftServerConfigKeys (ConfUtils.java:logGet(43)) - raft.server.leader.election.timeout = 120s (custom)
2019-07-13 20:46:36,444 INFO  server.RaftServerConfigKeys (ConfUtils.java:logGet(43)) - raft.server.log.use.memory = false (default)
2019-07-13 20:46:36,444 INFO  server.RaftServerConfigKeys (ConfUtils.java:logGet(43)) - raft.server.log.purge.gap = 1000000000 (custom)
2019-07-13 20:46:36,444 INFO  server.RaftServerConfigKeys (ConfUtils.java:logGet(43)) - raft.server.log.appender.buffer.byte-limit = 33554432 (custom)
2019-07-13 20:46:36,444 INFO  server.RaftServerConfigKeys (ConfUtils.java:logGet(43)) - raft.server.log.segment.size.max = 1048576 (custom)
2019-07-13 20:46:36,445 INFO  server.RaftServerConfigKeys (ConfUtils.java:logGet(43)) - raft.server.log.segment.cache.num.max = 2 (custom)
2019-07-13 20:46:36,445 INFO  segmented.SegmentedRaftLogWorker (SegmentedRaftLogWorker.java:<init>(172)) - new c4016856-23fa-492d-976d-2a5803ccbc7b-SegmentedRaftLogWorker:Storage Directory /tmp/workdir/hadoop-ozone/integration-test/target/test-dir/MiniOzoneClusterImpl-8ad9e420-ecfc-4906-b788-750b4191b1d8/datanode-1/data/ratis/f5362209-0d85-4179-a3ab-73bf98d7ac53 for RaftStorage:Storage Directory /tmp/workdir/hadoop-ozone/integration-test/target/test-dir/MiniOzoneClusterImpl-8ad9e420-ecfc-4906-b788-750b4191b1d8/datanode-1/data/ratis/f5362209-0d85-4179-a3ab-73bf98d7ac53
2019-07-13 20:46:36,446 INFO  server.RaftServerConfigKeys (ConfUtils.java:logGet(43)) - raft.server.log.queue.byte-limit = 2147483647 (custom)
2019-07-13 20:46:36,447 INFO  server.RaftServerConfigKeys (ConfUtils.java:logGet(43)) - raft.server.log.queue.element-limit = 1024 (custom)
2019-07-13 20:46:36,447 INFO  server.RaftServerConfigKeys (ConfUtils.java:logGet(43)) - raft.server.log.segment.size.max = 1048576 (custom)
2019-07-13 20:46:36,447 INFO  server.RaftServerConfigKeys (ConfUtils.java:logGet(43)) - raft.server.log.preallocated.size = 16384 (custom)
2019-07-13 20:46:36,447 INFO  server.RaftServerConfigKeys (ConfUtils.java:logGet(43)) - raft.server.log.write.buffer.size = 33554432 (custom)
2019-07-13 20:46:36,447 INFO  server.RaftServerConfigKeys (ConfUtils.java:logGet(43)) - raft.server.log.force.sync.num = 128 (default)
2019-07-13 20:46:36,448 INFO  server.RaftServerConfigKeys (ConfUtils.java:logGet(43)) - raft.server.log.statemachine.data.sync = true (default)
2019-07-13 20:46:36,448 INFO  server.RaftServerConfigKeys (ConfUtils.java:logGet(43)) - raft.server.log.statemachine.data.sync.timeout = 10s (default)
2019-07-13 20:46:36,448 INFO  server.RaftServerConfigKeys (ConfUtils.java:logGet(43)) - raft.server.log.statemachine.data.sync.timeout.retry = -1 (default)
2019-07-13 20:46:36,449 INFO  server.RaftServerConfigKeys (ConfUtils.java:logGet(43)) - raft.server.log.statemachine.data.caching.enabled = true (custom)
2019-07-13 20:46:36,449 INFO  segmented.SegmentedRaftLogWorker (SegmentedRaftLogWorker.java:lambda$new$0(132)) - c4016856-23fa-492d-976d-2a5803ccbc7b-SegmentedRaftLogWorker:Storage Directory /tmp/workdir/hadoop-ozone/integration-test/target/test-dir/MiniOzoneClusterImpl-8ad9e420-ecfc-4906-b788-750b4191b1d8/datanode-1/data/ratis/f5362209-0d85-4179-a3ab-73bf98d7ac53: flushIndex: setUnconditionally 0 -> -1
2019-07-13 20:46:36,449 INFO  server.RaftServerConfigKeys (ConfUtils.java:logGet(43)) - raft.server.snapshot.auto.trigger.enabled = true (custom)
2019-07-13 20:46:36,450 INFO  server.RaftServerConfigKeys (ConfUtils.java:logGet(43)) - raft.server.snapshot.auto.trigger.threshold = 10000 (custom)
2019-07-13 20:46:36,450 INFO  server.RaftServerConfigKeys (ConfUtils.java:logGet(43)) - raft.server.retrycache.expirytime = 600000ms (custom)
2019-07-13 20:46:36,450 INFO  impl.RaftServerImpl (RaftServerImpl.java:start(180)) - c4016856-23fa-492d-976d-2a5803ccbc7b: start group-73BF98D7AC53
2019-07-13 20:46:36,450 INFO  impl.RaftServerImpl (RaftServerImpl.java:setRole(171)) - c4016856-23fa-492d-976d-2a5803ccbc7b:group-73BF98D7AC53 changes role from null to FOLLOWER at term 0 for startAsFollower
2019-07-13 20:46:36,450 INFO  impl.RoleInfo (RoleInfo.java:updateAndGet(143)) - c4016856-23fa-492d-976d-2a5803ccbc7b: start FollowerState
2019-07-13 20:46:36,452 INFO  util.JmxRegister (JmxRegister.java:tryRegister(44)) - Successfully registered JMX Bean with object name Ratis:service=RaftServer,group=group-73BF98D7AC53,id=c4016856-23fa-492d-976d-2a5803ccbc7b
2019-07-13 20:46:36,468 INFO  pipeline.PipelineStateManager (PipelineStateManager.java:addPipeline(56)) - Created pipeline Pipeline[ Id: f5362209-0d85-4179-a3ab-73bf98d7ac53, Nodes: c4016856-23fa-492d-976d-2a5803ccbc7b{ip: 192.168.5.168, host: trunk-nightly-6qp7m-2461138711, networkLocation: /default-rack, certSerialId: null}, Type:RATIS, Factor:ONE, State:OPEN]
2019-07-13 20:46:36,496 INFO  impl.RaftServerProxy (RaftServerProxy.java:addNew(89)) - 009ce890-70b5-4ffc-aa2e-d715d4cde131: addNew group-FCA409FC7EE4:[009ce890-70b5-4ffc-aa2e-d715d4cde131:192.168.5.168:45083] returns group-FCA409FC7EE4:java.util.concurrent.CompletableFuture@7af703a7[Not completed]
2019-07-13 20:46:36,505 INFO  impl.RaftServerImpl (RaftServerImpl.java:<init>(93)) - 009ce890-70b5-4ffc-aa2e-d715d4cde131: new RaftServerImpl for group-FCA409FC7EE4:[009ce890-70b5-4ffc-aa2e-d715d4cde131:192.168.5.168:45083] with ContainerStateMachine:uninitialized
2019-07-13 20:46:36,507 INFO  server.RaftServerConfigKeys (ConfUtils.java:logGet(43)) - raft.server.rpc.timeout.min = 5s (custom)
2019-07-13 20:46:36,507 INFO  server.RaftServerConfigKeys (ConfUtils.java:logGet(43)) - raft.server.rpc.timeout.max = 5200ms (custom)
2019-07-13 20:46:36,507 INFO  server.RaftServerConfigKeys (ConfUtils.java:logGet(43)) - raft.server.rpcslowness.timeout = 120s (custom)
2019-07-13 20:46:36,507 INFO  server.RaftServerConfigKeys (ConfUtils.java:logGet(43)) - raft.server.sleep.deviation.threshold = 300 (default)
2019-07-13 20:46:36,508 INFO  server.RaftServerConfigKeys (ConfUtils.java:logGet(43)) - raft.server.log.appender.install.snapshot.enabled = false (custom)
2019-07-13 20:46:36,508 INFO  impl.RaftServerImpl (ServerState.java:<init>(105)) - 009ce890-70b5-4ffc-aa2e-d715d4cde131:group-FCA409FC7EE4 ConfigurationManager, init=-1: [009ce890-70b5-4ffc-aa2e-d715d4cde131:192.168.5.168:45083], old=null, confs=<EMPTY_MAP>
2019-07-13 20:46:36,508 INFO  server.RaftServerConfigKeys (ConfUtils.java:logGet(43)) - raft.server.storage.dir = [/tmp/workdir/hadoop-ozone/integration-test/target/test-dir/MiniOzoneClusterImpl-8ad9e420-ecfc-4906-b788-750b4191b1d8/datanode-4/data/ratis] (custom)
2019-07-13 20:46:36,509 INFO  storage.RaftStorageDirectory (RaftStorageDirectory.java:analyzeStorage(246)) - The storage directory /tmp/workdir/hadoop-ozone/integration-test/target/test-dir/MiniOzoneClusterImpl-8ad9e420-ecfc-4906-b788-750b4191b1d8/datanode-4/data/ratis/002419b9-15cb-4654-b9b9-fca409fc7ee4 does not exist. Creating ...
2019-07-13 20:46:36,521 INFO  storage.RaftStorageDirectory (RaftStorageDirectory.java:tryLock(328)) - Lock on /tmp/workdir/hadoop-ozone/integration-test/target/test-dir/MiniOzoneClusterImpl-8ad9e420-ecfc-4906-b788-750b4191b1d8/datanode-4/data/ratis/002419b9-15cb-4654-b9b9-fca409fc7ee4/in_use.lock acquired by nodename 28672@trunk-nightly-6qp7m-2461138711
2019-07-13 20:46:36,525 INFO  storage.RaftStorage (RaftStorage.java:format(72)) - Storage directory /tmp/workdir/hadoop-ozone/integration-test/target/test-dir/MiniOzoneClusterImpl-8ad9e420-ecfc-4906-b788-750b4191b1d8/datanode-4/data/ratis/002419b9-15cb-4654-b9b9-fca409fc7ee4 has been successfully formatted.
2019-07-13 20:46:36,525 INFO  ratis.ContainerStateMachine (ContainerStateMachine.java:loadSnapshot(200)) - The snapshot info is null.Setting the last applied index to:(t:0, i:~)
2019-07-13 20:46:36,525 INFO  server.RaftServerConfigKeys (ConfUtils.java:logGet(43)) - raft.server.leader.election.timeout = 120s (custom)
2019-07-13 20:46:36,525 INFO  server.RaftServerConfigKeys (ConfUtils.java:logGet(43)) - raft.server.log.use.memory = false (default)
2019-07-13 20:46:36,526 INFO  server.RaftServerConfigKeys (ConfUtils.java:logGet(43)) - raft.server.log.purge.gap = 1000000000 (custom)
2019-07-13 20:46:36,526 INFO  server.RaftServerConfigKeys (ConfUtils.java:logGet(43)) - raft.server.log.appender.buffer.byte-limit = 33554432 (custom)
2019-07-13 20:46:36,526 INFO  server.RaftServerConfigKeys (ConfUtils.java:logGet(43)) - raft.server.log.segment.size.max = 1048576 (custom)
2019-07-13 20:46:36,526 INFO  server.RaftServerConfigKeys (ConfUtils.java:logGet(43)) - raft.server.log.segment.cache.num.max = 2 (custom)
2019-07-13 20:46:36,526 INFO  segmented.SegmentedRaftLogWorker (SegmentedRaftLogWorker.java:<init>(172)) - new 009ce890-70b5-4ffc-aa2e-d715d4cde131-SegmentedRaftLogWorker:Storage Directory /tmp/workdir/hadoop-ozone/integration-test/target/test-dir/MiniOzoneClusterImpl-8ad9e420-ecfc-4906-b788-750b4191b1d8/datanode-4/data/ratis/002419b9-15cb-4654-b9b9-fca409fc7ee4 for RaftStorage:Storage Directory /tmp/workdir/hadoop-ozone/integration-test/target/test-dir/MiniOzoneClusterImpl-8ad9e420-ecfc-4906-b788-750b4191b1d8/datanode-4/data/ratis/002419b9-15cb-4654-b9b9-fca409fc7ee4
2019-07-13 20:46:36,527 INFO  server.RaftServerConfigKeys (ConfUtils.java:logGet(43)) - raft.server.log.queue.byte-limit = 2147483647 (custom)
2019-07-13 20:46:36,527 INFO  server.RaftServerConfigKeys (ConfUtils.java:logGet(43)) - raft.server.log.queue.element-limit = 1024 (custom)
2019-07-13 20:46:36,527 INFO  server.RaftServerConfigKeys (ConfUtils.java:logGet(43)) - raft.server.log.segment.size.max = 1048576 (custom)
2019-07-13 20:46:36,527 INFO  server.RaftServerConfigKeys (ConfUtils.java:logGet(43)) - raft.server.log.preallocated.size = 16384 (custom)
2019-07-13 20:46:36,527 INFO  server.RaftServerConfigKeys (ConfUtils.java:logGet(43)) - raft.server.log.write.buffer.size = 33554432 (custom)
2019-07-13 20:46:36,528 INFO  server.RaftServerConfigKeys (ConfUtils.java:logGet(43)) - raft.server.log.force.sync.num = 128 (default)
2019-07-13 20:46:36,528 INFO  server.RaftServerConfigKeys (ConfUtils.java:logGet(43)) - raft.server.log.statemachine.data.sync = true (default)
2019-07-13 20:46:36,528 INFO  server.RaftServerConfigKeys (ConfUtils.java:logGet(43)) - raft.server.log.statemachine.data.sync.timeout = 10s (default)
2019-07-13 20:46:36,528 INFO  server.RaftServerConfigKeys (ConfUtils.java:logGet(43)) - raft.server.log.statemachine.data.sync.timeout.retry = -1 (default)
2019-07-13 20:46:36,529 INFO  server.RaftServerConfigKeys (ConfUtils.java:logGet(43)) - raft.server.log.statemachine.data.caching.enabled = true (custom)
2019-07-13 20:46:36,529 INFO  segmented.SegmentedRaftLogWorker (SegmentedRaftLogWorker.java:lambda$new$0(132)) - 009ce890-70b5-4ffc-aa2e-d715d4cde131-SegmentedRaftLogWorker:Storage Directory /tmp/workdir/hadoop-ozone/integration-test/target/test-dir/MiniOzoneClusterImpl-8ad9e420-ecfc-4906-b788-750b4191b1d8/datanode-4/data/ratis/002419b9-15cb-4654-b9b9-fca409fc7ee4: flushIndex: setUnconditionally 0 -> -1
2019-07-13 20:46:36,530 INFO  server.RaftServerConfigKeys (ConfUtils.java:logGet(43)) - raft.server.snapshot.auto.trigger.enabled = true (custom)
2019-07-13 20:46:36,530 INFO  server.RaftServerConfigKeys (ConfUtils.java:logGet(43)) - raft.server.snapshot.auto.trigger.threshold = 10000 (custom)
2019-07-13 20:46:36,530 INFO  server.RaftServerConfigKeys (ConfUtils.java:logGet(43)) - raft.server.retrycache.expirytime = 600000ms (custom)
2019-07-13 20:46:36,530 INFO  impl.RaftServerImpl (RaftServerImpl.java:start(180)) - 009ce890-70b5-4ffc-aa2e-d715d4cde131: start group-FCA409FC7EE4
2019-07-13 20:46:36,530 INFO  impl.RaftServerImpl (RaftServerImpl.java:setRole(171)) - 009ce890-70b5-4ffc-aa2e-d715d4cde131:group-FCA409FC7EE4 changes role from null to FOLLOWER at term 0 for startAsFollower
2019-07-13 20:46:36,531 INFO  impl.RoleInfo (RoleInfo.java:updateAndGet(143)) - 009ce890-70b5-4ffc-aa2e-d715d4cde131: start FollowerState
2019-07-13 20:46:36,531 INFO  util.JmxRegister (JmxRegister.java:tryRegister(44)) - Successfully registered JMX Bean with object name Ratis:service=RaftServer,group=group-FCA409FC7EE4,id=009ce890-70b5-4ffc-aa2e-d715d4cde131
2019-07-13 20:46:36,542 INFO  pipeline.PipelineStateManager (PipelineStateManager.java:addPipeline(56)) - Created pipeline Pipeline[ Id: 002419b9-15cb-4654-b9b9-fca409fc7ee4, Nodes: 009ce890-70b5-4ffc-aa2e-d715d4cde131{ip: 192.168.5.168, host: trunk-nightly-6qp7m-2461138711, networkLocation: /default-rack, certSerialId: null}, Type:RATIS, Factor:ONE, State:OPEN]
2019-07-13 20:46:36,564 INFO  impl.RaftServerProxy (RaftServerProxy.java:addNew(89)) - be85a937-4246-4c27-b0c8-f10c7c118442: addNew group-ACBE3A6C99CF:[be85a937-4246-4c27-b0c8-f10c7c118442:192.168.5.168:39171] returns group-ACBE3A6C99CF:java.util.concurrent.CompletableFuture@4bac3210[Not completed]
2019-07-13 20:46:36,566 INFO  impl.RaftServerImpl (RaftServerImpl.java:<init>(93)) - be85a937-4246-4c27-b0c8-f10c7c118442: new RaftServerImpl for group-ACBE3A6C99CF:[be85a937-4246-4c27-b0c8-f10c7c118442:192.168.5.168:39171] with ContainerStateMachine:uninitialized
2019-07-13 20:46:36,567 INFO  server.RaftServerConfigKeys (ConfUtils.java:logGet(43)) - raft.server.rpc.timeout.min = 5s (custom)
2019-07-13 20:46:36,568 INFO  server.RaftServerConfigKeys (ConfUtils.java:logGet(43)) - raft.server.rpc.timeout.max = 5200ms (custom)
2019-07-13 20:46:36,568 INFO  server.RaftServerConfigKeys (ConfUtils.java:logGet(43)) - raft.server.rpcslowness.timeout = 120s (custom)
2019-07-13 20:46:36,568 INFO  server.RaftServerConfigKeys (ConfUtils.java:logGet(43)) - raft.server.sleep.deviation.threshold = 300 (default)
2019-07-13 20:46:36,568 INFO  server.RaftServerConfigKeys (ConfUtils.java:logGet(43)) - raft.server.log.appender.install.snapshot.enabled = false (custom)
2019-07-13 20:46:36,568 INFO  impl.RaftServerImpl (ServerState.java:<init>(105)) - be85a937-4246-4c27-b0c8-f10c7c118442:group-ACBE3A6C99CF ConfigurationManager, init=-1: [be85a937-4246-4c27-b0c8-f10c7c118442:192.168.5.168:39171], old=null, confs=<EMPTY_MAP>
2019-07-13 20:46:36,569 INFO  server.RaftServerConfigKeys (ConfUtils.java:logGet(43)) - raft.server.storage.dir = [/tmp/workdir/hadoop-ozone/integration-test/target/test-dir/MiniOzoneClusterImpl-8ad9e420-ecfc-4906-b788-750b4191b1d8/datanode-6/data/ratis] (custom)
2019-07-13 20:46:36,569 INFO  storage.RaftStorageDirectory (RaftStorageDirectory.java:analyzeStorage(246)) - The storage directory /tmp/workdir/hadoop-ozone/integration-test/target/test-dir/MiniOzoneClusterImpl-8ad9e420-ecfc-4906-b788-750b4191b1d8/datanode-6/data/ratis/5193c312-4d25-47a2-933d-acbe3a6c99cf does not exist. Creating ...
2019-07-13 20:46:36,580 INFO  storage.RaftStorageDirectory (RaftStorageDirectory.java:tryLock(328)) - Lock on /tmp/workdir/hadoop-ozone/integration-test/target/test-dir/MiniOzoneClusterImpl-8ad9e420-ecfc-4906-b788-750b4191b1d8/datanode-6/data/ratis/5193c312-4d25-47a2-933d-acbe3a6c99cf/in_use.lock acquired by nodename 28672@trunk-nightly-6qp7m-2461138711
2019-07-13 20:46:36,584 INFO  storage.RaftStorage (RaftStorage.java:format(72)) - Storage directory /tmp/workdir/hadoop-ozone/integration-test/target/test-dir/MiniOzoneClusterImpl-8ad9e420-ecfc-4906-b788-750b4191b1d8/datanode-6/data/ratis/5193c312-4d25-47a2-933d-acbe3a6c99cf has been successfully formatted.
2019-07-13 20:46:36,584 INFO  ratis.ContainerStateMachine (ContainerStateMachine.java:loadSnapshot(200)) - The snapshot info is null.Setting the last applied index to:(t:0, i:~)
2019-07-13 20:46:36,584 INFO  server.RaftServerConfigKeys (ConfUtils.java:logGet(43)) - raft.server.leader.election.timeout = 120s (custom)
2019-07-13 20:46:36,585 INFO  server.RaftServerConfigKeys (ConfUtils.java:logGet(43)) - raft.server.log.use.memory = false (default)
2019-07-13 20:46:36,585 INFO  server.RaftServerConfigKeys (ConfUtils.java:logGet(43)) - raft.server.log.purge.gap = 1000000000 (custom)
2019-07-13 20:46:36,585 INFO  server.RaftServerConfigKeys (ConfUtils.java:logGet(43)) - raft.server.log.appender.buffer.byte-limit = 33554432 (custom)
2019-07-13 20:46:36,585 INFO  server.RaftServerConfigKeys (ConfUtils.java:logGet(43)) - raft.server.log.segment.size.max = 1048576 (custom)
2019-07-13 20:46:36,585 INFO  server.RaftServerConfigKeys (ConfUtils.java:logGet(43)) - raft.server.log.segment.cache.num.max = 2 (custom)
2019-07-13 20:46:36,586 INFO  segmented.SegmentedRaftLogWorker (SegmentedRaftLogWorker.java:<init>(172)) - new be85a937-4246-4c27-b0c8-f10c7c118442-SegmentedRaftLogWorker:Storage Directory /tmp/workdir/hadoop-ozone/integration-test/target/test-dir/MiniOzoneClusterImpl-8ad9e420-ecfc-4906-b788-750b4191b1d8/datanode-6/data/ratis/5193c312-4d25-47a2-933d-acbe3a6c99cf for RaftStorage:Storage Directory /tmp/workdir/hadoop-ozone/integration-test/target/test-dir/MiniOzoneClusterImpl-8ad9e420-ecfc-4906-b788-750b4191b1d8/datanode-6/data/ratis/5193c312-4d25-47a2-933d-acbe3a6c99cf
2019-07-13 20:46:36,586 INFO  server.RaftServerConfigKeys (ConfUtils.java:logGet(43)) - raft.server.log.queue.byte-limit = 2147483647 (custom)
2019-07-13 20:46:36,586 INFO  server.RaftServerConfigKeys (ConfUtils.java:logGet(43)) - raft.server.log.queue.element-limit = 1024 (custom)
2019-07-13 20:46:36,586 INFO  server.RaftServerConfigKeys (ConfUtils.java:logGet(43)) - raft.server.log.segment.size.max = 1048576 (custom)
2019-07-13 20:46:36,587 INFO  server.RaftServerConfigKeys (ConfUtils.java:logGet(43)) - raft.server.log.preallocated.size = 16384 (custom)
2019-07-13 20:46:36,587 INFO  server.RaftServerConfigKeys (ConfUtils.java:logGet(43)) - raft.server.log.write.buffer.size = 33554432 (custom)
2019-07-13 20:46:36,587 INFO  server.RaftServerConfigKeys (ConfUtils.java:logGet(43)) - raft.server.log.force.sync.num = 128 (default)
2019-07-13 20:46:36,587 INFO  server.RaftServerConfigKeys (ConfUtils.java:logGet(43)) - raft.server.log.statemachine.data.sync = true (default)
2019-07-13 20:46:36,587 INFO  server.RaftServerConfigKeys (ConfUtils.java:logGet(43)) - raft.server.log.statemachine.data.sync.timeout = 10s (default)
2019-07-13 20:46:36,588 INFO  server.RaftServerConfigKeys (ConfUtils.java:logGet(43)) - raft.server.log.statemachine.data.sync.timeout.retry = -1 (default)
2019-07-13 20:46:36,588 INFO  server.RaftServerConfigKeys (ConfUtils.java:logGet(43)) - raft.server.log.statemachine.data.caching.enabled = true (custom)
2019-07-13 20:46:36,588 INFO  segmented.SegmentedRaftLogWorker (SegmentedRaftLogWorker.java:lambda$new$0(132)) - be85a937-4246-4c27-b0c8-f10c7c118442-SegmentedRaftLogWorker:Storage Directory /tmp/workdir/hadoop-ozone/integration-test/target/test-dir/MiniOzoneClusterImpl-8ad9e420-ecfc-4906-b788-750b4191b1d8/datanode-6/data/ratis/5193c312-4d25-47a2-933d-acbe3a6c99cf: flushIndex: setUnconditionally 0 -> -1
2019-07-13 20:46:36,589 INFO  server.RaftServerConfigKeys (ConfUtils.java:logGet(43)) - raft.server.snapshot.auto.trigger.enabled = true (custom)
2019-07-13 20:46:36,589 INFO  server.RaftServerConfigKeys (ConfUtils.java:logGet(43)) - raft.server.snapshot.auto.trigger.threshold = 10000 (custom)
2019-07-13 20:46:36,589 INFO  server.RaftServerConfigKeys (ConfUtils.java:logGet(43)) - raft.server.retrycache.expirytime = 600000ms (custom)
2019-07-13 20:46:36,590 INFO  impl.RaftServerImpl (RaftServerImpl.java:start(180)) - be85a937-4246-4c27-b0c8-f10c7c118442: start group-ACBE3A6C99CF
2019-07-13 20:46:36,590 INFO  impl.RaftServerImpl (RaftServerImpl.java:setRole(171)) - be85a937-4246-4c27-b0c8-f10c7c118442:group-ACBE3A6C99CF changes role from null to FOLLOWER at term 0 for startAsFollower
2019-07-13 20:46:36,590 INFO  impl.RoleInfo (RoleInfo.java:updateAndGet(143)) - be85a937-4246-4c27-b0c8-f10c7c118442: start FollowerState
2019-07-13 20:46:36,591 INFO  util.JmxRegister (JmxRegister.java:tryRegister(44)) - Successfully registered JMX Bean with object name Ratis:service=RaftServer,group=group-ACBE3A6C99CF,id=be85a937-4246-4c27-b0c8-f10c7c118442
2019-07-13 20:46:36,606 INFO  pipeline.PipelineStateManager (PipelineStateManager.java:addPipeline(56)) - Created pipeline Pipeline[ Id: 5193c312-4d25-47a2-933d-acbe3a6c99cf, Nodes: be85a937-4246-4c27-b0c8-f10c7c118442{ip: 192.168.5.168, host: trunk-nightly-6qp7m-2461138711, networkLocation: /default-rack, certSerialId: null}, Type:RATIS, Factor:ONE, State:OPEN]
2019-07-13 20:46:36,627 INFO  impl.RaftServerProxy (RaftServerProxy.java:addNew(89)) - 6b09d474-f080-47c0-857c-659cd2b308ab: addNew group-E4255DC572E8:[6b09d474-f080-47c0-857c-659cd2b308ab:192.168.5.168:40619] returns group-E4255DC572E8:java.util.concurrent.CompletableFuture@749a3b3a[Not completed]
2019-07-13 20:46:36,629 INFO  impl.RaftServerImpl (RaftServerImpl.java:<init>(93)) - 6b09d474-f080-47c0-857c-659cd2b308ab: new RaftServerImpl for group-E4255DC572E8:[6b09d474-f080-47c0-857c-659cd2b308ab:192.168.5.168:40619] with ContainerStateMachine:uninitialized
2019-07-13 20:46:36,636 INFO  server.RaftServerConfigKeys (ConfUtils.java:logGet(43)) - raft.server.rpc.timeout.min = 5s (custom)
2019-07-13 20:46:36,636 INFO  server.RaftServerConfigKeys (ConfUtils.java:logGet(43)) - raft.server.rpc.timeout.max = 5200ms (custom)
2019-07-13 20:46:36,636 INFO  server.RaftServerConfigKeys (ConfUtils.java:logGet(43)) - raft.server.rpcslowness.timeout = 120s (custom)
2019-07-13 20:46:36,636 INFO  server.RaftServerConfigKeys (ConfUtils.java:logGet(43)) - raft.server.sleep.deviation.threshold = 300 (default)
2019-07-13 20:46:36,637 INFO  server.RaftServerConfigKeys (ConfUtils.java:logGet(43)) - raft.server.log.appender.install.snapshot.enabled = false (custom)
2019-07-13 20:46:36,637 INFO  impl.RaftServerImpl (ServerState.java:<init>(105)) - 6b09d474-f080-47c0-857c-659cd2b308ab:group-E4255DC572E8 ConfigurationManager, init=-1: [6b09d474-f080-47c0-857c-659cd2b308ab:192.168.5.168:40619], old=null, confs=<EMPTY_MAP>
2019-07-13 20:46:36,637 INFO  server.RaftServerConfigKeys (ConfUtils.java:logGet(43)) - raft.server.storage.dir = [/tmp/workdir/hadoop-ozone/integration-test/target/test-dir/MiniOzoneClusterImpl-8ad9e420-ecfc-4906-b788-750b4191b1d8/datanode-5/data/ratis] (custom)
2019-07-13 20:46:36,638 INFO  storage.RaftStorageDirectory (RaftStorageDirectory.java:analyzeStorage(246)) - The storage directory /tmp/workdir/hadoop-ozone/integration-test/target/test-dir/MiniOzoneClusterImpl-8ad9e420-ecfc-4906-b788-750b4191b1d8/datanode-5/data/ratis/5fb0ace0-01e8-44df-8b5e-e4255dc572e8 does not exist. Creating ...
2019-07-13 20:46:36,650 INFO  storage.RaftStorageDirectory (RaftStorageDirectory.java:tryLock(328)) - Lock on /tmp/workdir/hadoop-ozone/integration-test/target/test-dir/MiniOzoneClusterImpl-8ad9e420-ecfc-4906-b788-750b4191b1d8/datanode-5/data/ratis/5fb0ace0-01e8-44df-8b5e-e4255dc572e8/in_use.lock acquired by nodename 28672@trunk-nightly-6qp7m-2461138711
2019-07-13 20:46:36,653 INFO  storage.RaftStorage (RaftStorage.java:format(72)) - Storage directory /tmp/workdir/hadoop-ozone/integration-test/target/test-dir/MiniOzoneClusterImpl-8ad9e420-ecfc-4906-b788-750b4191b1d8/datanode-5/data/ratis/5fb0ace0-01e8-44df-8b5e-e4255dc572e8 has been successfully formatted.
2019-07-13 20:46:36,654 INFO  ratis.ContainerStateMachine (ContainerStateMachine.java:loadSnapshot(200)) - The snapshot info is null.Setting the last applied index to:(t:0, i:~)
2019-07-13 20:46:36,654 INFO  server.RaftServerConfigKeys (ConfUtils.java:logGet(43)) - raft.server.leader.election.timeout = 120s (custom)
2019-07-13 20:46:36,654 INFO  server.RaftServerConfigKeys (ConfUtils.java:logGet(43)) - raft.server.log.use.memory = false (default)
2019-07-13 20:46:36,654 INFO  server.RaftServerConfigKeys (ConfUtils.java:logGet(43)) - raft.server.log.purge.gap = 1000000000 (custom)
2019-07-13 20:46:36,654 INFO  server.RaftServerConfigKeys (ConfUtils.java:logGet(43)) - raft.server.log.appender.buffer.byte-limit = 33554432 (custom)
2019-07-13 20:46:36,654 INFO  server.RaftServerConfigKeys (ConfUtils.java:logGet(43)) - raft.server.log.segment.size.max = 1048576 (custom)
2019-07-13 20:46:36,655 INFO  server.RaftServerConfigKeys (ConfUtils.java:logGet(43)) - raft.server.log.segment.cache.num.max = 2 (custom)
2019-07-13 20:46:36,655 INFO  segmented.SegmentedRaftLogWorker (SegmentedRaftLogWorker.java:<init>(172)) - new 6b09d474-f080-47c0-857c-659cd2b308ab-SegmentedRaftLogWorker:Storage Directory /tmp/workdir/hadoop-ozone/integration-test/target/test-dir/MiniOzoneClusterImpl-8ad9e420-ecfc-4906-b788-750b4191b1d8/datanode-5/data/ratis/5fb0ace0-01e8-44df-8b5e-e4255dc572e8 for RaftStorage:Storage Directory /tmp/workdir/hadoop-ozone/integration-test/target/test-dir/MiniOzoneClusterImpl-8ad9e420-ecfc-4906-b788-750b4191b1d8/datanode-5/data/ratis/5fb0ace0-01e8-44df-8b5e-e4255dc572e8
2019-07-13 20:46:36,655 INFO  server.RaftServerConfigKeys (ConfUtils.java:logGet(43)) - raft.server.log.queue.byte-limit = 2147483647 (custom)
2019-07-13 20:46:36,655 INFO  server.RaftServerConfigKeys (ConfUtils.java:logGet(43)) - raft.server.log.queue.element-limit = 1024 (custom)
2019-07-13 20:46:36,655 INFO  server.RaftServerConfigKeys (ConfUtils.java:logGet(43)) - raft.server.log.segment.size.max = 1048576 (custom)
2019-07-13 20:46:36,656 INFO  server.RaftServerConfigKeys (ConfUtils.java:logGet(43)) - raft.server.log.preallocated.size = 16384 (custom)
2019-07-13 20:46:36,656 INFO  server.RaftServerConfigKeys (ConfUtils.java:logGet(43)) - raft.server.log.write.buffer.size = 33554432 (custom)
2019-07-13 20:46:36,656 INFO  server.RaftServerConfigKeys (ConfUtils.java:logGet(43)) - raft.server.log.force.sync.num = 128 (default)
2019-07-13 20:46:36,656 INFO  server.RaftServerConfigKeys (ConfUtils.java:logGet(43)) - raft.server.log.statemachine.data.sync = true (default)
2019-07-13 20:46:36,656 INFO  server.RaftServerConfigKeys (ConfUtils.java:logGet(43)) - raft.server.log.statemachine.data.sync.timeout = 10s (default)
2019-07-13 20:46:36,656 INFO  server.RaftServerConfigKeys (ConfUtils.java:logGet(43)) - raft.server.log.statemachine.data.sync.timeout.retry = -1 (default)
2019-07-13 20:46:36,657 INFO  server.RaftServerConfigKeys (ConfUtils.java:logGet(43)) - raft.server.log.statemachine.data.caching.enabled = true (custom)
2019-07-13 20:46:36,657 INFO  segmented.SegmentedRaftLogWorker (SegmentedRaftLogWorker.java:lambda$new$0(132)) - 6b09d474-f080-47c0-857c-659cd2b308ab-SegmentedRaftLogWorker:Storage Directory /tmp/workdir/hadoop-ozone/integration-test/target/test-dir/MiniOzoneClusterImpl-8ad9e420-ecfc-4906-b788-750b4191b1d8/datanode-5/data/ratis/5fb0ace0-01e8-44df-8b5e-e4255dc572e8: flushIndex: setUnconditionally 0 -> -1
2019-07-13 20:46:36,657 INFO  server.RaftServerConfigKeys (ConfUtils.java:logGet(43)) - raft.server.snapshot.auto.trigger.enabled = true (custom)
2019-07-13 20:46:36,657 INFO  server.RaftServerConfigKeys (ConfUtils.java:logGet(43)) - raft.server.snapshot.auto.trigger.threshold = 10000 (custom)
2019-07-13 20:46:36,658 INFO  server.RaftServerConfigKeys (ConfUtils.java:logGet(43)) - raft.server.retrycache.expirytime = 600000ms (custom)
2019-07-13 20:46:36,658 INFO  impl.RaftServerImpl (RaftServerImpl.java:start(180)) - 6b09d474-f080-47c0-857c-659cd2b308ab: start group-E4255DC572E8
2019-07-13 20:46:36,658 INFO  impl.RaftServerImpl (RaftServerImpl.java:setRole(171)) - 6b09d474-f080-47c0-857c-659cd2b308ab:group-E4255DC572E8 changes role from null to FOLLOWER at term 0 for startAsFollower
2019-07-13 20:46:36,658 INFO  impl.RoleInfo (RoleInfo.java:updateAndGet(143)) - 6b09d474-f080-47c0-857c-659cd2b308ab: start FollowerState
2019-07-13 20:46:36,659 INFO  util.JmxRegister (JmxRegister.java:tryRegister(44)) - Successfully registered JMX Bean with object name Ratis:service=RaftServer,group=group-E4255DC572E8,id=6b09d474-f080-47c0-857c-659cd2b308ab
2019-07-13 20:46:36,670 INFO  pipeline.PipelineStateManager (PipelineStateManager.java:addPipeline(56)) - Created pipeline Pipeline[ Id: 5fb0ace0-01e8-44df-8b5e-e4255dc572e8, Nodes: 6b09d474-f080-47c0-857c-659cd2b308ab{ip: 192.168.5.168, host: trunk-nightly-6qp7m-2461138711, networkLocation: /default-rack, certSerialId: null}, Type:RATIS, Factor:ONE, State:OPEN]
2019-07-13 20:46:36,690 INFO  impl.RaftServerProxy (RaftServerProxy.java:addNew(89)) - e7cac417-b6b8-4f77-98e0-2816751cf932: addNew group-D61FD81B6296:[e7cac417-b6b8-4f77-98e0-2816751cf932:192.168.5.168:37655] returns group-D61FD81B6296:java.util.concurrent.CompletableFuture@4dd2d095[Not completed]
2019-07-13 20:46:36,692 INFO  impl.RaftServerImpl (RaftServerImpl.java:<init>(93)) - e7cac417-b6b8-4f77-98e0-2816751cf932: new RaftServerImpl for group-D61FD81B6296:[e7cac417-b6b8-4f77-98e0-2816751cf932:192.168.5.168:37655] with ContainerStateMachine:uninitialized
2019-07-13 20:46:36,692 INFO  server.RaftServerConfigKeys (ConfUtils.java:logGet(43)) - raft.server.rpc.timeout.min = 5s (custom)
2019-07-13 20:46:36,692 INFO  server.RaftServerConfigKeys (ConfUtils.java:logGet(43)) - raft.server.rpc.timeout.max = 5200ms (custom)
2019-07-13 20:46:36,692 INFO  server.RaftServerConfigKeys (ConfUtils.java:logGet(43)) - raft.server.rpcslowness.timeout = 120s (custom)
2019-07-13 20:46:36,692 INFO  server.RaftServerConfigKeys (ConfUtils.java:logGet(43)) - raft.server.sleep.deviation.threshold = 300 (default)
2019-07-13 20:46:36,693 INFO  server.RaftServerConfigKeys (ConfUtils.java:logGet(43)) - raft.server.log.appender.install.snapshot.enabled = false (custom)
2019-07-13 20:46:36,693 INFO  impl.RaftServerImpl (ServerState.java:<init>(105)) - e7cac417-b6b8-4f77-98e0-2816751cf932:group-D61FD81B6296 ConfigurationManager, init=-1: [e7cac417-b6b8-4f77-98e0-2816751cf932:192.168.5.168:37655], old=null, confs=<EMPTY_MAP>
2019-07-13 20:46:36,693 INFO  server.RaftServerConfigKeys (ConfUtils.java:logGet(43)) - raft.server.storage.dir = [/tmp/workdir/hadoop-ozone/integration-test/target/test-dir/MiniOzoneClusterImpl-8ad9e420-ecfc-4906-b788-750b4191b1d8/datanode-2/data/ratis] (custom)
2019-07-13 20:46:36,693 INFO  storage.RaftStorageDirectory (RaftStorageDirectory.java:analyzeStorage(246)) - The storage directory /tmp/workdir/hadoop-ozone/integration-test/target/test-dir/MiniOzoneClusterImpl-8ad9e420-ecfc-4906-b788-750b4191b1d8/datanode-2/data/ratis/d28af558-9280-4992-a7f9-d61fd81b6296 does not exist. Creating ...
2019-07-13 20:46:36,708 INFO  storage.RaftStorageDirectory (RaftStorageDirectory.java:tryLock(328)) - Lock on /tmp/workdir/hadoop-ozone/integration-test/target/test-dir/MiniOzoneClusterImpl-8ad9e420-ecfc-4906-b788-750b4191b1d8/datanode-2/data/ratis/d28af558-9280-4992-a7f9-d61fd81b6296/in_use.lock acquired by nodename 28672@trunk-nightly-6qp7m-2461138711
2019-07-13 20:46:36,716 INFO  storage.RaftStorage (RaftStorage.java:format(72)) - Storage directory /tmp/workdir/hadoop-ozone/integration-test/target/test-dir/MiniOzoneClusterImpl-8ad9e420-ecfc-4906-b788-750b4191b1d8/datanode-2/data/ratis/d28af558-9280-4992-a7f9-d61fd81b6296 has been successfully formatted.
2019-07-13 20:46:36,716 INFO  ratis.ContainerStateMachine (ContainerStateMachine.java:loadSnapshot(200)) - The snapshot info is null.Setting the last applied index to:(t:0, i:~)
2019-07-13 20:46:36,717 INFO  server.RaftServerConfigKeys (ConfUtils.java:logGet(43)) - raft.server.leader.election.timeout = 120s (custom)
2019-07-13 20:46:36,717 INFO  server.RaftServerConfigKeys (ConfUtils.java:logGet(43)) - raft.server.log.use.memory = false (default)
2019-07-13 20:46:36,717 INFO  server.RaftServerConfigKeys (ConfUtils.java:logGet(43)) - raft.server.log.purge.gap = 1000000000 (custom)
2019-07-13 20:46:36,717 INFO  server.RaftServerConfigKeys (ConfUtils.java:logGet(43)) - raft.server.log.appender.buffer.byte-limit = 33554432 (custom)
2019-07-13 20:46:36,717 INFO  server.RaftServerConfigKeys (ConfUtils.java:logGet(43)) - raft.server.log.segment.size.max = 1048576 (custom)
2019-07-13 20:46:36,718 INFO  server.RaftServerConfigKeys (ConfUtils.java:logGet(43)) - raft.server.log.segment.cache.num.max = 2 (custom)
2019-07-13 20:46:36,718 INFO  segmented.SegmentedRaftLogWorker (SegmentedRaftLogWorker.java:<init>(172)) - new e7cac417-b6b8-4f77-98e0-2816751cf932-SegmentedRaftLogWorker:Storage Directory /tmp/workdir/hadoop-ozone/integration-test/target/test-dir/MiniOzoneClusterImpl-8ad9e420-ecfc-4906-b788-750b4191b1d8/datanode-2/data/ratis/d28af558-9280-4992-a7f9-d61fd81b6296 for RaftStorage:Storage Directory /tmp/workdir/hadoop-ozone/integration-test/target/test-dir/MiniOzoneClusterImpl-8ad9e420-ecfc-4906-b788-750b4191b1d8/datanode-2/data/ratis/d28af558-9280-4992-a7f9-d61fd81b6296
2019-07-13 20:46:36,718 INFO  server.RaftServerConfigKeys (ConfUtils.java:logGet(43)) - raft.server.log.queue.byte-limit = 2147483647 (custom)
2019-07-13 20:46:36,718 INFO  server.RaftServerConfigKeys (ConfUtils.java:logGet(43)) - raft.server.log.queue.element-limit = 1024 (custom)
2019-07-13 20:46:36,719 INFO  server.RaftServerConfigKeys (ConfUtils.java:logGet(43)) - raft.server.log.segment.size.max = 1048576 (custom)
2019-07-13 20:46:36,719 INFO  server.RaftServerConfigKeys (ConfUtils.java:logGet(43)) - raft.server.log.preallocated.size = 16384 (custom)
2019-07-13 20:46:36,719 INFO  server.RaftServerConfigKeys (ConfUtils.java:logGet(43)) - raft.server.log.write.buffer.size = 33554432 (custom)
2019-07-13 20:46:36,719 INFO  server.RaftServerConfigKeys (ConfUtils.java:logGet(43)) - raft.server.log.force.sync.num = 128 (default)
2019-07-13 20:46:36,719 INFO  server.RaftServerConfigKeys (ConfUtils.java:logGet(43)) - raft.server.log.statemachine.data.sync = true (default)
2019-07-13 20:46:36,719 INFO  server.RaftServerConfigKeys (ConfUtils.java:logGet(43)) - raft.server.log.statemachine.data.sync.timeout = 10s (default)
2019-07-13 20:46:36,720 INFO  server.RaftServerConfigKeys (ConfUtils.java:logGet(43)) - raft.server.log.statemachine.data.sync.timeout.retry = -1 (default)
2019-07-13 20:46:36,720 INFO  server.RaftServerConfigKeys (ConfUtils.java:logGet(43)) - raft.server.log.statemachine.data.caching.enabled = true (custom)
2019-07-13 20:46:36,721 INFO  segmented.SegmentedRaftLogWorker (SegmentedRaftLogWorker.java:lambda$new$0(132)) - e7cac417-b6b8-4f77-98e0-2816751cf932-SegmentedRaftLogWorker:Storage Directory /tmp/workdir/hadoop-ozone/integration-test/target/test-dir/MiniOzoneClusterImpl-8ad9e420-ecfc-4906-b788-750b4191b1d8/datanode-2/data/ratis/d28af558-9280-4992-a7f9-d61fd81b6296: flushIndex: setUnconditionally 0 -> -1
2019-07-13 20:46:36,721 INFO  server.RaftServerConfigKeys (ConfUtils.java:logGet(43)) - raft.server.snapshot.auto.trigger.enabled = true (custom)
2019-07-13 20:46:36,721 INFO  server.RaftServerConfigKeys (ConfUtils.java:logGet(43)) - raft.server.snapshot.auto.trigger.threshold = 10000 (custom)
2019-07-13 20:46:36,721 INFO  server.RaftServerConfigKeys (ConfUtils.java:logGet(43)) - raft.server.retrycache.expirytime = 600000ms (custom)
2019-07-13 20:46:36,722 INFO  impl.RaftServerImpl (RaftServerImpl.java:start(180)) - e7cac417-b6b8-4f77-98e0-2816751cf932: start group-D61FD81B6296
2019-07-13 20:46:36,722 INFO  impl.RaftServerImpl (RaftServerImpl.java:setRole(171)) - e7cac417-b6b8-4f77-98e0-2816751cf932:group-D61FD81B6296 changes role from null to FOLLOWER at term 0 for startAsFollower
2019-07-13 20:46:36,722 INFO  impl.RoleInfo (RoleInfo.java:updateAndGet(143)) - e7cac417-b6b8-4f77-98e0-2816751cf932: start FollowerState
2019-07-13 20:46:36,723 INFO  util.JmxRegister (JmxRegister.java:tryRegister(44)) - Successfully registered JMX Bean with object name Ratis:service=RaftServer,group=group-D61FD81B6296,id=e7cac417-b6b8-4f77-98e0-2816751cf932
2019-07-13 20:46:36,736 INFO  pipeline.PipelineStateManager (PipelineStateManager.java:addPipeline(56)) - Created pipeline Pipeline[ Id: d28af558-9280-4992-a7f9-d61fd81b6296, Nodes: e7cac417-b6b8-4f77-98e0-2816751cf932{ip: 192.168.5.168, host: trunk-nightly-6qp7m-2461138711, networkLocation: /default-rack, certSerialId: null}, Type:RATIS, Factor:ONE, State:OPEN]
2019-07-13 20:46:36,756 INFO  impl.RaftServerProxy (RaftServerProxy.java:addNew(89)) - 326f2cd2-9248-4541-ae9e-66c68d1cb18d: addNew group-D1FBFB84A85B:[326f2cd2-9248-4541-ae9e-66c68d1cb18d:192.168.5.168:46437] returns group-D1FBFB84A85B:java.util.concurrent.CompletableFuture@29d8e123[Not completed]
2019-07-13 20:46:36,758 INFO  impl.RaftServerImpl (RaftServerImpl.java:<init>(93)) - 326f2cd2-9248-4541-ae9e-66c68d1cb18d: new RaftServerImpl for group-D1FBFB84A85B:[326f2cd2-9248-4541-ae9e-66c68d1cb18d:192.168.5.168:46437] with ContainerStateMachine:uninitialized
2019-07-13 20:46:36,758 INFO  server.RaftServerConfigKeys (ConfUtils.java:logGet(43)) - raft.server.rpc.timeout.min = 5s (custom)
2019-07-13 20:46:36,759 INFO  server.RaftServerConfigKeys (ConfUtils.java:logGet(43)) - raft.server.rpc.timeout.max = 5200ms (custom)
2019-07-13 20:46:36,759 INFO  server.RaftServerConfigKeys (ConfUtils.java:logGet(43)) - raft.server.rpcslowness.timeout = 120s (custom)
2019-07-13 20:46:36,759 INFO  server.RaftServerConfigKeys (ConfUtils.java:logGet(43)) - raft.server.sleep.deviation.threshold = 300 (default)
2019-07-13 20:46:36,759 INFO  server.RaftServerConfigKeys (ConfUtils.java:logGet(43)) - raft.server.log.appender.install.snapshot.enabled = false (custom)
2019-07-13 20:46:36,759 INFO  impl.RaftServerImpl (ServerState.java:<init>(105)) - 326f2cd2-9248-4541-ae9e-66c68d1cb18d:group-D1FBFB84A85B ConfigurationManager, init=-1: [326f2cd2-9248-4541-ae9e-66c68d1cb18d:192.168.5.168:46437], old=null, confs=<EMPTY_MAP>
2019-07-13 20:46:36,760 INFO  server.RaftServerConfigKeys (ConfUtils.java:logGet(43)) - raft.server.storage.dir = [/tmp/workdir/hadoop-ozone/integration-test/target/test-dir/MiniOzoneClusterImpl-8ad9e420-ecfc-4906-b788-750b4191b1d8/datanode-3/data/ratis] (custom)
2019-07-13 20:46:36,760 INFO  storage.RaftStorageDirectory (RaftStorageDirectory.java:analyzeStorage(246)) - The storage directory /tmp/workdir/hadoop-ozone/integration-test/target/test-dir/MiniOzoneClusterImpl-8ad9e420-ecfc-4906-b788-750b4191b1d8/datanode-3/data/ratis/9263d23f-02a5-4b11-9078-d1fbfb84a85b does not exist. Creating ...
2019-07-13 20:46:36,764 INFO  storage.RaftStorageDirectory (RaftStorageDirectory.java:tryLock(328)) - Lock on /tmp/workdir/hadoop-ozone/integration-test/target/test-dir/MiniOzoneClusterImpl-8ad9e420-ecfc-4906-b788-750b4191b1d8/datanode-3/data/ratis/9263d23f-02a5-4b11-9078-d1fbfb84a85b/in_use.lock acquired by nodename 28672@trunk-nightly-6qp7m-2461138711
2019-07-13 20:46:36,768 INFO  storage.RaftStorage (RaftStorage.java:format(72)) - Storage directory /tmp/workdir/hadoop-ozone/integration-test/target/test-dir/MiniOzoneClusterImpl-8ad9e420-ecfc-4906-b788-750b4191b1d8/datanode-3/data/ratis/9263d23f-02a5-4b11-9078-d1fbfb84a85b has been successfully formatted.
2019-07-13 20:46:36,768 INFO  ratis.ContainerStateMachine (ContainerStateMachine.java:loadSnapshot(200)) - The snapshot info is null.Setting the last applied index to:(t:0, i:~)
2019-07-13 20:46:36,768 INFO  server.RaftServerConfigKeys (ConfUtils.java:logGet(43)) - raft.server.leader.election.timeout = 120s (custom)
2019-07-13 20:46:36,769 INFO  server.RaftServerConfigKeys (ConfUtils.java:logGet(43)) - raft.server.log.use.memory = false (default)
2019-07-13 20:46:36,769 INFO  server.RaftServerConfigKeys (ConfUtils.java:logGet(43)) - raft.server.log.purge.gap = 1000000000 (custom)
2019-07-13 20:46:36,769 INFO  server.RaftServerConfigKeys (ConfUtils.java:logGet(43)) - raft.server.log.appender.buffer.byte-limit = 33554432 (custom)
2019-07-13 20:46:36,769 INFO  server.RaftServerConfigKeys (ConfUtils.java:logGet(43)) - raft.server.log.segment.size.max = 1048576 (custom)
2019-07-13 20:46:36,769 INFO  server.RaftServerConfigKeys (ConfUtils.java:logGet(43)) - raft.server.log.segment.cache.num.max = 2 (custom)
2019-07-13 20:46:36,769 INFO  segmented.SegmentedRaftLogWorker (SegmentedRaftLogWorker.java:<init>(172)) - new 326f2cd2-9248-4541-ae9e-66c68d1cb18d-SegmentedRaftLogWorker:Storage Directory /tmp/workdir/hadoop-ozone/integration-test/target/test-dir/MiniOzoneClusterImpl-8ad9e420-ecfc-4906-b788-750b4191b1d8/datanode-3/data/ratis/9263d23f-02a5-4b11-9078-d1fbfb84a85b for RaftStorage:Storage Directory /tmp/workdir/hadoop-ozone/integration-test/target/test-dir/MiniOzoneClusterImpl-8ad9e420-ecfc-4906-b788-750b4191b1d8/datanode-3/data/ratis/9263d23f-02a5-4b11-9078-d1fbfb84a85b
2019-07-13 20:46:36,770 INFO  server.RaftServerConfigKeys (ConfUtils.java:logGet(43)) - raft.server.log.queue.byte-limit = 2147483647 (custom)
2019-07-13 20:46:36,770 INFO  server.RaftServerConfigKeys (ConfUtils.java:logGet(43)) - raft.server.log.queue.element-limit = 1024 (custom)
2019-07-13 20:46:36,770 INFO  server.RaftServerConfigKeys (ConfUtils.java:logGet(43)) - raft.server.log.segment.size.max = 1048576 (custom)
2019-07-13 20:46:36,770 INFO  server.RaftServerConfigKeys (ConfUtils.java:logGet(43)) - raft.server.log.preallocated.size = 16384 (custom)
2019-07-13 20:46:36,771 INFO  server.RaftServerConfigKeys (ConfUtils.java:logGet(43)) - raft.server.log.write.buffer.size = 33554432 (custom)
2019-07-13 20:46:36,771 INFO  server.RaftServerConfigKeys (ConfUtils.java:logGet(43)) - raft.server.log.force.sync.num = 128 (default)
2019-07-13 20:46:36,771 INFO  server.RaftServerConfigKeys (ConfUtils.java:logGet(43)) - raft.server.log.statemachine.data.sync = true (default)
2019-07-13 20:46:36,771 INFO  server.RaftServerConfigKeys (ConfUtils.java:logGet(43)) - raft.server.log.statemachine.data.sync.timeout = 10s (default)
2019-07-13 20:46:36,771 INFO  server.RaftServerConfigKeys (ConfUtils.java:logGet(43)) - raft.server.log.statemachine.data.sync.timeout.retry = -1 (default)
2019-07-13 20:46:36,772 INFO  server.RaftServerConfigKeys (ConfUtils.java:logGet(43)) - raft.server.log.statemachine.data.caching.enabled = true (custom)
2019-07-13 20:46:36,772 INFO  segmented.SegmentedRaftLogWorker (SegmentedRaftLogWorker.java:lambda$new$0(132)) - 326f2cd2-9248-4541-ae9e-66c68d1cb18d-SegmentedRaftLogWorker:Storage Directory /tmp/workdir/hadoop-ozone/integration-test/target/test-dir/MiniOzoneClusterImpl-8ad9e420-ecfc-4906-b788-750b4191b1d8/datanode-3/data/ratis/9263d23f-02a5-4b11-9078-d1fbfb84a85b: flushIndex: setUnconditionally 0 -> -1
2019-07-13 20:46:36,773 INFO  server.RaftServerConfigKeys (ConfUtils.java:logGet(43)) - raft.server.snapshot.auto.trigger.enabled = true (custom)
2019-07-13 20:46:36,773 INFO  server.RaftServerConfigKeys (ConfUtils.java:logGet(43)) - raft.server.snapshot.auto.trigger.threshold = 10000 (custom)
2019-07-13 20:46:36,773 INFO  server.RaftServerConfigKeys (ConfUtils.java:logGet(43)) - raft.server.retrycache.expirytime = 600000ms (custom)
2019-07-13 20:46:36,773 INFO  impl.RaftServerImpl (RaftServerImpl.java:start(180)) - 326f2cd2-9248-4541-ae9e-66c68d1cb18d: start group-D1FBFB84A85B
2019-07-13 20:46:36,774 INFO  impl.RaftServerImpl (RaftServerImpl.java:setRole(171)) - 326f2cd2-9248-4541-ae9e-66c68d1cb18d:group-D1FBFB84A85B changes role from null to FOLLOWER at term 0 for startAsFollower
2019-07-13 20:46:36,774 INFO  impl.RoleInfo (RoleInfo.java:updateAndGet(143)) - 326f2cd2-9248-4541-ae9e-66c68d1cb18d: start FollowerState
2019-07-13 20:46:36,774 INFO  util.JmxRegister (JmxRegister.java:tryRegister(44)) - Successfully registered JMX Bean with object name Ratis:service=RaftServer,group=group-D1FBFB84A85B,id=326f2cd2-9248-4541-ae9e-66c68d1cb18d
2019-07-13 20:46:36,794 INFO  pipeline.PipelineStateManager (PipelineStateManager.java:addPipeline(56)) - Created pipeline Pipeline[ Id: 9263d23f-02a5-4b11-9078-d1fbfb84a85b, Nodes: 326f2cd2-9248-4541-ae9e-66c68d1cb18d{ip: 192.168.5.168, host: trunk-nightly-6qp7m-2461138711, networkLocation: /default-rack, certSerialId: null}, Type:RATIS, Factor:ONE, State:OPEN]
2019-07-13 20:46:36,833 INFO  impl.RaftServerProxy (RaftServerProxy.java:addNew(89)) - c4016856-23fa-492d-976d-2a5803ccbc7b: addNew group-48E8D7178089:[009ce890-70b5-4ffc-aa2e-d715d4cde131:192.168.5.168:45083, be85a937-4246-4c27-b0c8-f10c7c118442:192.168.5.168:39171, c4016856-23fa-492d-976d-2a5803ccbc7b:192.168.5.168:32769] returns group-48E8D7178089:java.util.concurrent.CompletableFuture@4b308e56[Not completed]
2019-07-13 20:46:36,833 INFO  impl.RaftServerProxy (RaftServerProxy.java:addNew(89)) - be85a937-4246-4c27-b0c8-f10c7c118442: addNew group-48E8D7178089:[009ce890-70b5-4ffc-aa2e-d715d4cde131:192.168.5.168:45083, be85a937-4246-4c27-b0c8-f10c7c118442:192.168.5.168:39171, c4016856-23fa-492d-976d-2a5803ccbc7b:192.168.5.168:32769] returns group-48E8D7178089:java.util.concurrent.CompletableFuture@7bacb479[Not completed]
2019-07-13 20:46:36,833 INFO  impl.RaftServerProxy (RaftServerProxy.java:addNew(89)) - 009ce890-70b5-4ffc-aa2e-d715d4cde131: addNew group-48E8D7178089:[009ce890-70b5-4ffc-aa2e-d715d4cde131:192.168.5.168:45083, be85a937-4246-4c27-b0c8-f10c7c118442:192.168.5.168:39171, c4016856-23fa-492d-976d-2a5803ccbc7b:192.168.5.168:32769] returns group-48E8D7178089:java.util.concurrent.CompletableFuture@3925eec0[Not completed]
2019-07-13 20:46:36,835 INFO  impl.RaftServerImpl (RaftServerImpl.java:<init>(93)) - c4016856-23fa-492d-976d-2a5803ccbc7b: new RaftServerImpl for group-48E8D7178089:[009ce890-70b5-4ffc-aa2e-d715d4cde131:192.168.5.168:45083, be85a937-4246-4c27-b0c8-f10c7c118442:192.168.5.168:39171, c4016856-23fa-492d-976d-2a5803ccbc7b:192.168.5.168:32769] with ContainerStateMachine:uninitialized
2019-07-13 20:46:36,836 INFO  server.RaftServerConfigKeys (ConfUtils.java:logGet(43)) - raft.server.rpc.timeout.min = 5s (custom)
2019-07-13 20:46:36,836 INFO  server.RaftServerConfigKeys (ConfUtils.java:logGet(43)) - raft.server.rpc.timeout.max = 5200ms (custom)
2019-07-13 20:46:36,836 INFO  server.RaftServerConfigKeys (ConfUtils.java:logGet(43)) - raft.server.rpcslowness.timeout = 120s (custom)
2019-07-13 20:46:36,836 INFO  server.RaftServerConfigKeys (ConfUtils.java:logGet(43)) - raft.server.sleep.deviation.threshold = 300 (default)
2019-07-13 20:46:36,837 INFO  server.RaftServerConfigKeys (ConfUtils.java:logGet(43)) - raft.server.log.appender.install.snapshot.enabled = false (custom)
2019-07-13 20:46:36,837 INFO  impl.RaftServerImpl (ServerState.java:<init>(105)) - c4016856-23fa-492d-976d-2a5803ccbc7b:group-48E8D7178089 ConfigurationManager, init=-1: [009ce890-70b5-4ffc-aa2e-d715d4cde131:192.168.5.168:45083, be85a937-4246-4c27-b0c8-f10c7c118442:192.168.5.168:39171, c4016856-23fa-492d-976d-2a5803ccbc7b:192.168.5.168:32769], old=null, confs=<EMPTY_MAP>
2019-07-13 20:46:36,837 INFO  impl.RaftServerImpl (RaftServerImpl.java:<init>(93)) - 009ce890-70b5-4ffc-aa2e-d715d4cde131: new RaftServerImpl for group-48E8D7178089:[009ce890-70b5-4ffc-aa2e-d715d4cde131:192.168.5.168:45083, be85a937-4246-4c27-b0c8-f10c7c118442:192.168.5.168:39171, c4016856-23fa-492d-976d-2a5803ccbc7b:192.168.5.168:32769] with ContainerStateMachine:uninitialized
2019-07-13 20:46:36,837 INFO  server.RaftServerConfigKeys (ConfUtils.java:logGet(43)) - raft.server.storage.dir = [/tmp/workdir/hadoop-ozone/integration-test/target/test-dir/MiniOzoneClusterImpl-8ad9e420-ecfc-4906-b788-750b4191b1d8/datanode-1/data/ratis] (custom)
2019-07-13 20:46:36,837 INFO  server.RaftServerConfigKeys (ConfUtils.java:logGet(43)) - raft.server.rpc.timeout.min = 5s (custom)
2019-07-13 20:46:36,837 INFO  server.RaftServerConfigKeys (ConfUtils.java:logGet(43)) - raft.server.rpc.timeout.max = 5200ms (custom)
2019-07-13 20:46:36,838 INFO  storage.RaftStorageDirectory (RaftStorageDirectory.java:analyzeStorage(246)) - The storage directory /tmp/workdir/hadoop-ozone/integration-test/target/test-dir/MiniOzoneClusterImpl-8ad9e420-ecfc-4906-b788-750b4191b1d8/datanode-1/data/ratis/6d2387b3-2dcf-4199-aaab-48e8d7178089 does not exist. Creating ...
2019-07-13 20:46:36,838 INFO  server.RaftServerConfigKeys (ConfUtils.java:logGet(43)) - raft.server.rpcslowness.timeout = 120s (custom)
2019-07-13 20:46:36,838 INFO  impl.RaftServerImpl (RaftServerImpl.java:<init>(93)) - be85a937-4246-4c27-b0c8-f10c7c118442: new RaftServerImpl for group-48E8D7178089:[009ce890-70b5-4ffc-aa2e-d715d4cde131:192.168.5.168:45083, be85a937-4246-4c27-b0c8-f10c7c118442:192.168.5.168:39171, c4016856-23fa-492d-976d-2a5803ccbc7b:192.168.5.168:32769] with ContainerStateMachine:uninitialized
2019-07-13 20:46:36,838 INFO  server.RaftServerConfigKeys (ConfUtils.java:logGet(43)) - raft.server.sleep.deviation.threshold = 300 (default)
2019-07-13 20:46:36,838 INFO  server.RaftServerConfigKeys (ConfUtils.java:logGet(43)) - raft.server.rpc.timeout.min = 5s (custom)
2019-07-13 20:46:36,838 INFO  server.RaftServerConfigKeys (ConfUtils.java:logGet(43)) - raft.server.log.appender.install.snapshot.enabled = false (custom)
2019-07-13 20:46:36,838 INFO  server.RaftServerConfigKeys (ConfUtils.java:logGet(43)) - raft.server.rpc.timeout.max = 5200ms (custom)
2019-07-13 20:46:36,839 INFO  impl.RaftServerImpl (ServerState.java:<init>(105)) - 009ce890-70b5-4ffc-aa2e-d715d4cde131:group-48E8D7178089 ConfigurationManager, init=-1: [009ce890-70b5-4ffc-aa2e-d715d4cde131:192.168.5.168:45083, be85a937-4246-4c27-b0c8-f10c7c118442:192.168.5.168:39171, c4016856-23fa-492d-976d-2a5803ccbc7b:192.168.5.168:32769], old=null, confs=<EMPTY_MAP>
2019-07-13 20:46:36,839 INFO  server.RaftServerConfigKeys (ConfUtils.java:logGet(43)) - raft.server.rpcslowness.timeout = 120s (custom)
2019-07-13 20:46:36,839 INFO  server.RaftServerConfigKeys (ConfUtils.java:logGet(43)) - raft.server.sleep.deviation.threshold = 300 (default)
2019-07-13 20:46:36,839 INFO  server.RaftServerConfigKeys (ConfUtils.java:logGet(43)) - raft.server.storage.dir = [/tmp/workdir/hadoop-ozone/integration-test/target/test-dir/MiniOzoneClusterImpl-8ad9e420-ecfc-4906-b788-750b4191b1d8/datanode-4/data/ratis] (custom)
2019-07-13 20:46:36,839 INFO  server.RaftServerConfigKeys (ConfUtils.java:logGet(43)) - raft.server.log.appender.install.snapshot.enabled = false (custom)
2019-07-13 20:46:36,839 INFO  impl.RaftServerImpl (ServerState.java:<init>(105)) - be85a937-4246-4c27-b0c8-f10c7c118442:group-48E8D7178089 ConfigurationManager, init=-1: [009ce890-70b5-4ffc-aa2e-d715d4cde131:192.168.5.168:45083, be85a937-4246-4c27-b0c8-f10c7c118442:192.168.5.168:39171, c4016856-23fa-492d-976d-2a5803ccbc7b:192.168.5.168:32769], old=null, confs=<EMPTY_MAP>
2019-07-13 20:46:36,840 INFO  storage.RaftStorageDirectory (RaftStorageDirectory.java:analyzeStorage(246)) - The storage directory /tmp/workdir/hadoop-ozone/integration-test/target/test-dir/MiniOzoneClusterImpl-8ad9e420-ecfc-4906-b788-750b4191b1d8/datanode-4/data/ratis/6d2387b3-2dcf-4199-aaab-48e8d7178089 does not exist. Creating ...
2019-07-13 20:46:36,840 INFO  server.RaftServerConfigKeys (ConfUtils.java:logGet(43)) - raft.server.storage.dir = [/tmp/workdir/hadoop-ozone/integration-test/target/test-dir/MiniOzoneClusterImpl-8ad9e420-ecfc-4906-b788-750b4191b1d8/datanode-6/data/ratis] (custom)
2019-07-13 20:46:36,840 INFO  storage.RaftStorageDirectory (RaftStorageDirectory.java:analyzeStorage(246)) - The storage directory /tmp/workdir/hadoop-ozone/integration-test/target/test-dir/MiniOzoneClusterImpl-8ad9e420-ecfc-4906-b788-750b4191b1d8/datanode-6/data/ratis/6d2387b3-2dcf-4199-aaab-48e8d7178089 does not exist. Creating ...
2019-07-13 20:46:36,850 INFO  storage.RaftStorageDirectory (RaftStorageDirectory.java:tryLock(328)) - Lock on /tmp/workdir/hadoop-ozone/integration-test/target/test-dir/MiniOzoneClusterImpl-8ad9e420-ecfc-4906-b788-750b4191b1d8/datanode-6/data/ratis/6d2387b3-2dcf-4199-aaab-48e8d7178089/in_use.lock acquired by nodename 28672@trunk-nightly-6qp7m-2461138711
2019-07-13 20:46:36,850 INFO  storage.RaftStorageDirectory (RaftStorageDirectory.java:tryLock(328)) - Lock on /tmp/workdir/hadoop-ozone/integration-test/target/test-dir/MiniOzoneClusterImpl-8ad9e420-ecfc-4906-b788-750b4191b1d8/datanode-1/data/ratis/6d2387b3-2dcf-4199-aaab-48e8d7178089/in_use.lock acquired by nodename 28672@trunk-nightly-6qp7m-2461138711
2019-07-13 20:46:36,850 INFO  storage.RaftStorageDirectory (RaftStorageDirectory.java:tryLock(328)) - Lock on /tmp/workdir/hadoop-ozone/integration-test/target/test-dir/MiniOzoneClusterImpl-8ad9e420-ecfc-4906-b788-750b4191b1d8/datanode-4/data/ratis/6d2387b3-2dcf-4199-aaab-48e8d7178089/in_use.lock acquired by nodename 28672@trunk-nightly-6qp7m-2461138711
2019-07-13 20:46:36,855 INFO  storage.RaftStorage (RaftStorage.java:format(72)) - Storage directory /tmp/workdir/hadoop-ozone/integration-test/target/test-dir/MiniOzoneClusterImpl-8ad9e420-ecfc-4906-b788-750b4191b1d8/datanode-1/data/ratis/6d2387b3-2dcf-4199-aaab-48e8d7178089 has been successfully formatted.
2019-07-13 20:46:36,855 INFO  storage.RaftStorage (RaftStorage.java:format(72)) - Storage directory /tmp/workdir/hadoop-ozone/integration-test/target/test-dir/MiniOzoneClusterImpl-8ad9e420-ecfc-4906-b788-750b4191b1d8/datanode-4/data/ratis/6d2387b3-2dcf-4199-aaab-48e8d7178089 has been successfully formatted.
2019-07-13 20:46:36,855 INFO  storage.RaftStorage (RaftStorage.java:format(72)) - Storage directory /tmp/workdir/hadoop-ozone/integration-test/target/test-dir/MiniOzoneClusterImpl-8ad9e420-ecfc-4906-b788-750b4191b1d8/datanode-6/data/ratis/6d2387b3-2dcf-4199-aaab-48e8d7178089 has been successfully formatted.
2019-07-13 20:46:36,856 INFO  ratis.ContainerStateMachine (ContainerStateMachine.java:loadSnapshot(200)) - The snapshot info is null.Setting the last applied index to:(t:0, i:~)
2019-07-13 20:46:36,856 INFO  ratis.ContainerStateMachine (ContainerStateMachine.java:loadSnapshot(200)) - The snapshot info is null.Setting the last applied index to:(t:0, i:~)
2019-07-13 20:46:36,856 INFO  server.RaftServerConfigKeys (ConfUtils.java:logGet(43)) - raft.server.leader.election.timeout = 120s (custom)
2019-07-13 20:46:36,856 INFO  ratis.ContainerStateMachine (ContainerStateMachine.java:loadSnapshot(200)) - The snapshot info is null.Setting the last applied index to:(t:0, i:~)
2019-07-13 20:46:36,856 INFO  server.RaftServerConfigKeys (ConfUtils.java:logGet(43)) - raft.server.log.use.memory = false (default)
2019-07-13 20:46:36,856 INFO  server.RaftServerConfigKeys (ConfUtils.java:logGet(43)) - raft.server.leader.election.timeout = 120s (custom)
2019-07-13 20:46:36,857 INFO  server.RaftServerConfigKeys (ConfUtils.java:logGet(43)) - raft.server.log.purge.gap = 1000000000 (custom)
2019-07-13 20:46:36,857 INFO  server.RaftServerConfigKeys (ConfUtils.java:logGet(43)) - raft.server.leader.election.timeout = 120s (custom)
2019-07-13 20:46:36,857 INFO  server.RaftServerConfigKeys (ConfUtils.java:logGet(43)) - raft.server.log.appender.buffer.byte-limit = 33554432 (custom)
2019-07-13 20:46:36,857 INFO  server.RaftServerConfigKeys (ConfUtils.java:logGet(43)) - raft.server.log.use.memory = false (default)
2019-07-13 20:46:36,857 INFO  server.RaftServerConfigKeys (ConfUtils.java:logGet(43)) - raft.server.log.segment.size.max = 1048576 (custom)
2019-07-13 20:46:36,857 INFO  server.RaftServerConfigKeys (ConfUtils.java:logGet(43)) - raft.server.log.use.memory = false (default)
2019-07-13 20:46:36,858 INFO  server.RaftServerConfigKeys (ConfUtils.java:logGet(43)) - raft.server.log.segment.cache.num.max = 2 (custom)
2019-07-13 20:46:36,858 INFO  server.RaftServerConfigKeys (ConfUtils.java:logGet(43)) - raft.server.log.purge.gap = 1000000000 (custom)
2019-07-13 20:46:36,858 INFO  segmented.SegmentedRaftLogWorker (SegmentedRaftLogWorker.java:<init>(172)) - new 009ce890-70b5-4ffc-aa2e-d715d4cde131-SegmentedRaftLogWorker:Storage Directory /tmp/workdir/hadoop-ozone/integration-test/target/test-dir/MiniOzoneClusterImpl-8ad9e420-ecfc-4906-b788-750b4191b1d8/datanode-4/data/ratis/6d2387b3-2dcf-4199-aaab-48e8d7178089 for RaftStorage:Storage Directory /tmp/workdir/hadoop-ozone/integration-test/target/test-dir/MiniOzoneClusterImpl-8ad9e420-ecfc-4906-b788-750b4191b1d8/datanode-4/data/ratis/6d2387b3-2dcf-4199-aaab-48e8d7178089
2019-07-13 20:46:36,858 INFO  server.RaftServerConfigKeys (ConfUtils.java:logGet(43)) - raft.server.log.purge.gap = 1000000000 (custom)
2019-07-13 20:46:36,859 INFO  server.RaftServerConfigKeys (ConfUtils.java:logGet(43)) - raft.server.log.queue.byte-limit = 2147483647 (custom)
2019-07-13 20:46:36,858 INFO  server.RaftServerConfigKeys (ConfUtils.java:logGet(43)) - raft.server.log.appender.buffer.byte-limit = 33554432 (custom)
2019-07-13 20:46:36,861 INFO  server.RaftServerConfigKeys (ConfUtils.java:logGet(43)) - raft.server.log.queue.element-limit = 1024 (custom)
2019-07-13 20:46:36,859 INFO  server.RaftServerConfigKeys (ConfUtils.java:logGet(43)) - raft.server.log.appender.buffer.byte-limit = 33554432 (custom)
2019-07-13 20:46:36,861 INFO  server.RaftServerConfigKeys (ConfUtils.java:logGet(43)) - raft.server.log.segment.size.max = 1048576 (custom)
2019-07-13 20:46:36,861 INFO  server.RaftServerConfigKeys (ConfUtils.java:logGet(43)) - raft.server.log.segment.size.max = 1048576 (custom)
2019-07-13 20:46:36,862 INFO  server.RaftServerConfigKeys (ConfUtils.java:logGet(43)) - raft.server.log.preallocated.size = 16384 (custom)
2019-07-13 20:46:36,862 INFO  server.RaftServerConfigKeys (ConfUtils.java:logGet(43)) - raft.server.log.segment.size.max = 1048576 (custom)
2019-07-13 20:46:36,862 INFO  server.RaftServerConfigKeys (ConfUtils.java:logGet(43)) - raft.server.log.write.buffer.size = 33554432 (custom)
2019-07-13 20:46:36,863 INFO  server.RaftServerConfigKeys (ConfUtils.java:logGet(43)) - raft.server.log.force.sync.num = 128 (default)
2019-07-13 20:46:36,862 INFO  server.RaftServerConfigKeys (ConfUtils.java:logGet(43)) - raft.server.log.segment.cache.num.max = 2 (custom)
2019-07-13 20:46:36,863 INFO  server.RaftServerConfigKeys (ConfUtils.java:logGet(43)) - raft.server.log.statemachine.data.sync = true (default)
2019-07-13 20:46:36,862 INFO  server.RaftServerConfigKeys (ConfUtils.java:logGet(43)) - raft.server.log.segment.cache.num.max = 2 (custom)
2019-07-13 20:46:36,863 INFO  server.RaftServerConfigKeys (ConfUtils.java:logGet(43)) - raft.server.log.statemachine.data.sync.timeout = 10s (default)
2019-07-13 20:46:36,863 INFO  segmented.SegmentedRaftLogWorker (SegmentedRaftLogWorker.java:<init>(172)) - new c4016856-23fa-492d-976d-2a5803ccbc7b-SegmentedRaftLogWorker:Storage Directory /tmp/workdir/hadoop-ozone/integration-test/target/test-dir/MiniOzoneClusterImpl-8ad9e420-ecfc-4906-b788-750b4191b1d8/datanode-1/data/ratis/6d2387b3-2dcf-4199-aaab-48e8d7178089 for RaftStorage:Storage Directory /tmp/workdir/hadoop-ozone/integration-test/target/test-dir/MiniOzoneClusterImpl-8ad9e420-ecfc-4906-b788-750b4191b1d8/datanode-1/data/ratis/6d2387b3-2dcf-4199-aaab-48e8d7178089
2019-07-13 20:46:36,864 INFO  server.RaftServerConfigKeys (ConfUtils.java:logGet(43)) - raft.server.log.statemachine.data.sync.timeout.retry = -1 (default)
2019-07-13 20:46:36,863 INFO  segmented.SegmentedRaftLogWorker (SegmentedRaftLogWorker.java:<init>(172)) - new be85a937-4246-4c27-b0c8-f10c7c118442-SegmentedRaftLogWorker:Storage Directory /tmp/workdir/hadoop-ozone/integration-test/target/test-dir/MiniOzoneClusterImpl-8ad9e420-ecfc-4906-b788-750b4191b1d8/datanode-6/data/ratis/6d2387b3-2dcf-4199-aaab-48e8d7178089 for RaftStorage:Storage Directory /tmp/workdir/hadoop-ozone/integration-test/target/test-dir/MiniOzoneClusterImpl-8ad9e420-ecfc-4906-b788-750b4191b1d8/datanode-6/data/ratis/6d2387b3-2dcf-4199-aaab-48e8d7178089
2019-07-13 20:46:36,864 INFO  server.RaftServerConfigKeys (ConfUtils.java:logGet(43)) - raft.server.log.statemachine.data.caching.enabled = true (custom)
2019-07-13 20:46:36,864 INFO  server.RaftServerConfigKeys (ConfUtils.java:logGet(43)) - raft.server.log.queue.byte-limit = 2147483647 (custom)
2019-07-13 20:46:36,868 INFO  segmented.SegmentedRaftLogWorker (SegmentedRaftLogWorker.java:lambda$new$0(132)) - 009ce890-70b5-4ffc-aa2e-d715d4cde131-SegmentedRaftLogWorker:Storage Directory /tmp/workdir/hadoop-ozone/integration-test/target/test-dir/MiniOzoneClusterImpl-8ad9e420-ecfc-4906-b788-750b4191b1d8/datanode-4/data/ratis/6d2387b3-2dcf-4199-aaab-48e8d7178089: flushIndex: setUnconditionally 0 -> -1
2019-07-13 20:46:36,866 INFO  server.RaftServerConfigKeys (ConfUtils.java:logGet(43)) - raft.server.log.queue.byte-limit = 2147483647 (custom)
2019-07-13 20:46:36,869 INFO  server.RaftServerConfigKeys (ConfUtils.java:logGet(43)) - raft.server.log.queue.element-limit = 1024 (custom)
2019-07-13 20:46:36,869 INFO  server.RaftServerConfigKeys (ConfUtils.java:logGet(43)) - raft.server.snapshot.auto.trigger.enabled = true (custom)
2019-07-13 20:46:36,869 INFO  server.RaftServerConfigKeys (ConfUtils.java:logGet(43)) - raft.server.log.queue.element-limit = 1024 (custom)
2019-07-13 20:46:36,869 INFO  server.RaftServerConfigKeys (ConfUtils.java:logGet(43)) - raft.server.snapshot.auto.trigger.threshold = 10000 (custom)
2019-07-13 20:46:36,869 INFO  server.RaftServerConfigKeys (ConfUtils.java:logGet(43)) - raft.server.log.segment.size.max = 1048576 (custom)
2019-07-13 20:46:36,870 INFO  server.RaftServerConfigKeys (ConfUtils.java:logGet(43)) - raft.server.retrycache.expirytime = 600000ms (custom)
2019-07-13 20:46:36,870 INFO  server.RaftServerConfigKeys (ConfUtils.java:logGet(43)) - raft.server.log.segment.size.max = 1048576 (custom)
2019-07-13 20:46:36,870 INFO  impl.RaftServerImpl (RaftServerImpl.java:start(180)) - 009ce890-70b5-4ffc-aa2e-d715d4cde131: start group-48E8D7178089
2019-07-13 20:46:36,870 INFO  server.RaftServerConfigKeys (ConfUtils.java:logGet(43)) - raft.server.log.preallocated.size = 16384 (custom)
2019-07-13 20:46:36,870 INFO  impl.RaftServerImpl (RaftServerImpl.java:setRole(171)) - 009ce890-70b5-4ffc-aa2e-d715d4cde131:group-48E8D7178089 changes role from null to FOLLOWER at term 0 for startAsFollower
2019-07-13 20:46:36,870 INFO  server.RaftServerConfigKeys (ConfUtils.java:logGet(43)) - raft.server.log.preallocated.size = 16384 (custom)
2019-07-13 20:46:36,871 INFO  impl.RoleInfo (RoleInfo.java:updateAndGet(143)) - 009ce890-70b5-4ffc-aa2e-d715d4cde131: start FollowerState
2019-07-13 20:46:36,871 INFO  server.RaftServerConfigKeys (ConfUtils.java:logGet(43)) - raft.server.log.write.buffer.size = 33554432 (custom)
2019-07-13 20:46:36,871 INFO  server.RaftServerConfigKeys (ConfUtils.java:logGet(43)) - raft.server.log.write.buffer.size = 33554432 (custom)
2019-07-13 20:46:36,871 INFO  util.JmxRegister (JmxRegister.java:tryRegister(44)) - Successfully registered JMX Bean with object name Ratis:service=RaftServer,group=group-48E8D7178089,id=009ce890-70b5-4ffc-aa2e-d715d4cde131
2019-07-13 20:46:36,871 INFO  server.RaftServerConfigKeys (ConfUtils.java:logGet(43)) - raft.server.log.force.sync.num = 128 (default)
2019-07-13 20:46:36,872 INFO  server.RaftServerConfigKeys (ConfUtils.java:logGet(43)) - raft.server.log.force.sync.num = 128 (default)
2019-07-13 20:46:36,872 INFO  server.RaftServerConfigKeys (ConfUtils.java:logGet(43)) - raft.server.log.statemachine.data.sync = true (default)
2019-07-13 20:46:36,872 INFO  server.RaftServerConfigKeys (ConfUtils.java:logGet(43)) - raft.server.log.statemachine.data.sync = true (default)
2019-07-13 20:46:36,872 INFO  server.RaftServerConfigKeys (ConfUtils.java:logGet(43)) - raft.server.log.statemachine.data.sync.timeout = 10s (default)
2019-07-13 20:46:36,873 INFO  server.RaftServerConfigKeys (ConfUtils.java:logGet(43)) - raft.server.log.statemachine.data.sync.timeout = 10s (default)
2019-07-13 20:46:36,873 INFO  server.RaftServerConfigKeys (ConfUtils.java:logGet(43)) - raft.server.log.statemachine.data.sync.timeout.retry = -1 (default)
2019-07-13 20:46:36,873 INFO  server.RaftServerConfigKeys (ConfUtils.java:logGet(43)) - raft.server.log.statemachine.data.sync.timeout.retry = -1 (default)
2019-07-13 20:46:36,873 INFO  server.RaftServerConfigKeys (ConfUtils.java:logGet(43)) - raft.server.log.statemachine.data.caching.enabled = true (custom)
2019-07-13 20:46:36,873 INFO  server.RaftServerConfigKeys (ConfUtils.java:logGet(43)) - raft.server.log.statemachine.data.caching.enabled = true (custom)
2019-07-13 20:46:36,874 INFO  segmented.SegmentedRaftLogWorker (SegmentedRaftLogWorker.java:lambda$new$0(132)) - c4016856-23fa-492d-976d-2a5803ccbc7b-SegmentedRaftLogWorker:Storage Directory /tmp/workdir/hadoop-ozone/integration-test/target/test-dir/MiniOzoneClusterImpl-8ad9e420-ecfc-4906-b788-750b4191b1d8/datanode-1/data/ratis/6d2387b3-2dcf-4199-aaab-48e8d7178089: flushIndex: setUnconditionally 0 -> -1
2019-07-13 20:46:36,874 INFO  segmented.SegmentedRaftLogWorker (SegmentedRaftLogWorker.java:lambda$new$0(132)) - be85a937-4246-4c27-b0c8-f10c7c118442-SegmentedRaftLogWorker:Storage Directory /tmp/workdir/hadoop-ozone/integration-test/target/test-dir/MiniOzoneClusterImpl-8ad9e420-ecfc-4906-b788-750b4191b1d8/datanode-6/data/ratis/6d2387b3-2dcf-4199-aaab-48e8d7178089: flushIndex: setUnconditionally 0 -> -1
2019-07-13 20:46:36,874 INFO  server.RaftServerConfigKeys (ConfUtils.java:logGet(43)) - raft.server.snapshot.auto.trigger.enabled = true (custom)
2019-07-13 20:46:36,874 INFO  server.RaftServerConfigKeys (ConfUtils.java:logGet(43)) - raft.server.snapshot.auto.trigger.enabled = true (custom)
2019-07-13 20:46:36,877 INFO  server.RaftServerConfigKeys (ConfUtils.java:logGet(43)) - raft.server.snapshot.auto.trigger.threshold = 10000 (custom)
2019-07-13 20:46:36,879 INFO  server.RaftServerConfigKeys (ConfUtils.java:logGet(43)) - raft.server.snapshot.auto.trigger.threshold = 10000 (custom)
2019-07-13 20:46:36,879 INFO  server.RaftServerConfigKeys (ConfUtils.java:logGet(43)) - raft.server.retrycache.expirytime = 600000ms (custom)
2019-07-13 20:46:36,879 INFO  server.RaftServerConfigKeys (ConfUtils.java:logGet(43)) - raft.server.retrycache.expirytime = 600000ms (custom)
2019-07-13 20:46:36,881 INFO  impl.RaftServerImpl (RaftServerImpl.java:start(180)) - c4016856-23fa-492d-976d-2a5803ccbc7b: start group-48E8D7178089
2019-07-13 20:46:36,882 INFO  impl.RaftServerImpl (RaftServerImpl.java:start(180)) - be85a937-4246-4c27-b0c8-f10c7c118442: start group-48E8D7178089
2019-07-13 20:46:36,882 INFO  impl.RaftServerImpl (RaftServerImpl.java:setRole(171)) - c4016856-23fa-492d-976d-2a5803ccbc7b:group-48E8D7178089 changes role from null to FOLLOWER at term 0 for startAsFollower
2019-07-13 20:46:36,882 INFO  impl.RaftServerImpl (RaftServerImpl.java:setRole(171)) - be85a937-4246-4c27-b0c8-f10c7c118442:group-48E8D7178089 changes role from null to FOLLOWER at term 0 for startAsFollower
2019-07-13 20:46:36,882 INFO  impl.RoleInfo (RoleInfo.java:updateAndGet(143)) - c4016856-23fa-492d-976d-2a5803ccbc7b: start FollowerState
2019-07-13 20:46:36,884 INFO  impl.RoleInfo (RoleInfo.java:updateAndGet(143)) - be85a937-4246-4c27-b0c8-f10c7c118442: start FollowerState
2019-07-13 20:46:36,885 INFO  util.JmxRegister (JmxRegister.java:tryRegister(44)) - Successfully registered JMX Bean with object name Ratis:service=RaftServer,group=group-48E8D7178089,id=c4016856-23fa-492d-976d-2a5803ccbc7b
2019-07-13 20:46:36,885 INFO  util.JmxRegister (JmxRegister.java:tryRegister(44)) - Successfully registered JMX Bean with object name Ratis:service=RaftServer,group=group-48E8D7178089,id=be85a937-4246-4c27-b0c8-f10c7c118442
2019-07-13 20:46:36,900 INFO  pipeline.PipelineStateManager (PipelineStateManager.java:addPipeline(56)) - Created pipeline Pipeline[ Id: 6d2387b3-2dcf-4199-aaab-48e8d7178089, Nodes: c4016856-23fa-492d-976d-2a5803ccbc7b{ip: 192.168.5.168, host: trunk-nightly-6qp7m-2461138711, networkLocation: /default-rack, certSerialId: null}009ce890-70b5-4ffc-aa2e-d715d4cde131{ip: 192.168.5.168, host: trunk-nightly-6qp7m-2461138711, networkLocation: /default-rack, certSerialId: null}be85a937-4246-4c27-b0c8-f10c7c118442{ip: 192.168.5.168, host: trunk-nightly-6qp7m-2461138711, networkLocation: /default-rack, certSerialId: null}, Type:RATIS, Factor:THREE, State:OPEN]
2019-07-13 20:46:36,940 INFO  impl.RaftServerProxy (RaftServerProxy.java:addNew(89)) - 6b09d474-f080-47c0-857c-659cd2b308ab: addNew group-EDD7B5CB6DDE:[76d95b71-7e54-404e-9af4-c391b77d9956:192.168.5.168:36747, 6b09d474-f080-47c0-857c-659cd2b308ab:192.168.5.168:40619, e7cac417-b6b8-4f77-98e0-2816751cf932:192.168.5.168:37655] returns group-EDD7B5CB6DDE:java.util.concurrent.CompletableFuture@8553c61[Not completed]
2019-07-13 20:46:36,942 INFO  impl.RaftServerProxy (RaftServerProxy.java:addNew(89)) - e7cac417-b6b8-4f77-98e0-2816751cf932: addNew group-EDD7B5CB6DDE:[76d95b71-7e54-404e-9af4-c391b77d9956:192.168.5.168:36747, 6b09d474-f080-47c0-857c-659cd2b308ab:192.168.5.168:40619, e7cac417-b6b8-4f77-98e0-2816751cf932:192.168.5.168:37655] returns group-EDD7B5CB6DDE:java.util.concurrent.CompletableFuture@3a91be42[Not completed]
2019-07-13 20:46:36,944 INFO  impl.RaftServerProxy (RaftServerProxy.java:addNew(89)) - 76d95b71-7e54-404e-9af4-c391b77d9956: addNew group-EDD7B5CB6DDE:[76d95b71-7e54-404e-9af4-c391b77d9956:192.168.5.168:36747, 6b09d474-f080-47c0-857c-659cd2b308ab:192.168.5.168:40619, e7cac417-b6b8-4f77-98e0-2816751cf932:192.168.5.168:37655] returns group-EDD7B5CB6DDE:java.util.concurrent.CompletableFuture@5e100fe0[Not completed]
2019-07-13 20:46:36,945 INFO  impl.RaftServerImpl (RaftServerImpl.java:<init>(93)) - 6b09d474-f080-47c0-857c-659cd2b308ab: new RaftServerImpl for group-EDD7B5CB6DDE:[76d95b71-7e54-404e-9af4-c391b77d9956:192.168.5.168:36747, 6b09d474-f080-47c0-857c-659cd2b308ab:192.168.5.168:40619, e7cac417-b6b8-4f77-98e0-2816751cf932:192.168.5.168:37655] with ContainerStateMachine:uninitialized
2019-07-13 20:46:36,945 INFO  server.RaftServerConfigKeys (ConfUtils.java:logGet(43)) - raft.server.rpc.timeout.min = 5s (custom)
2019-07-13 20:46:36,945 INFO  server.RaftServerConfigKeys (ConfUtils.java:logGet(43)) - raft.server.rpc.timeout.max = 5200ms (custom)
2019-07-13 20:46:36,945 INFO  server.RaftServerConfigKeys (ConfUtils.java:logGet(43)) - raft.server.rpcslowness.timeout = 120s (custom)
2019-07-13 20:46:36,946 INFO  server.RaftServerConfigKeys (ConfUtils.java:logGet(43)) - raft.server.sleep.deviation.threshold = 300 (default)
2019-07-13 20:46:36,946 INFO  server.RaftServerConfigKeys (ConfUtils.java:logGet(43)) - raft.server.log.appender.install.snapshot.enabled = false (custom)
2019-07-13 20:46:36,946 INFO  impl.RaftServerImpl (RaftServerImpl.java:<init>(93)) - 76d95b71-7e54-404e-9af4-c391b77d9956: new RaftServerImpl for group-EDD7B5CB6DDE:[76d95b71-7e54-404e-9af4-c391b77d9956:192.168.5.168:36747, 6b09d474-f080-47c0-857c-659cd2b308ab:192.168.5.168:40619, e7cac417-b6b8-4f77-98e0-2816751cf932:192.168.5.168:37655] with ContainerStateMachine:uninitialized
2019-07-13 20:46:36,946 INFO  impl.RaftServerImpl (ServerState.java:<init>(105)) - 6b09d474-f080-47c0-857c-659cd2b308ab:group-EDD7B5CB6DDE ConfigurationManager, init=-1: [76d95b71-7e54-404e-9af4-c391b77d9956:192.168.5.168:36747, 6b09d474-f080-47c0-857c-659cd2b308ab:192.168.5.168:40619, e7cac417-b6b8-4f77-98e0-2816751cf932:192.168.5.168:37655], old=null, confs=<EMPTY_MAP>
2019-07-13 20:46:36,946 INFO  server.RaftServerConfigKeys (ConfUtils.java:logGet(43)) - raft.server.rpc.timeout.min = 5s (custom)
2019-07-13 20:46:36,946 INFO  server.RaftServerConfigKeys (ConfUtils.java:logGet(43)) - raft.server.storage.dir = [/tmp/workdir/hadoop-ozone/integration-test/target/test-dir/MiniOzoneClusterImpl-8ad9e420-ecfc-4906-b788-750b4191b1d8/datanode-5/data/ratis] (custom)
2019-07-13 20:46:36,946 INFO  server.RaftServerConfigKeys (ConfUtils.java:logGet(43)) - raft.server.rpc.timeout.max = 5200ms (custom)
2019-07-13 20:46:36,947 INFO  server.RaftServerConfigKeys (ConfUtils.java:logGet(43)) - raft.server.rpcslowness.timeout = 120s (custom)
2019-07-13 20:46:36,947 INFO  impl.RaftServerImpl (RaftServerImpl.java:<init>(93)) - e7cac417-b6b8-4f77-98e0-2816751cf932: new RaftServerImpl for group-EDD7B5CB6DDE:[76d95b71-7e54-404e-9af4-c391b77d9956:192.168.5.168:36747, 6b09d474-f080-47c0-857c-659cd2b308ab:192.168.5.168:40619, e7cac417-b6b8-4f77-98e0-2816751cf932:192.168.5.168:37655] with ContainerStateMachine:uninitialized
2019-07-13 20:46:36,947 INFO  storage.RaftStorageDirectory (RaftStorageDirectory.java:analyzeStorage(246)) - The storage directory /tmp/workdir/hadoop-ozone/integration-test/target/test-dir/MiniOzoneClusterImpl-8ad9e420-ecfc-4906-b788-750b4191b1d8/datanode-5/data/ratis/0a4d16f4-a9da-40c3-bfca-edd7b5cb6dde does not exist. Creating ...
2019-07-13 20:46:36,947 INFO  server.RaftServerConfigKeys (ConfUtils.java:logGet(43)) - raft.server.rpc.timeout.min = 5s (custom)
2019-07-13 20:46:36,947 INFO  server.RaftServerConfigKeys (ConfUtils.java:logGet(43)) - raft.server.sleep.deviation.threshold = 300 (default)
2019-07-13 20:46:36,947 INFO  server.RaftServerConfigKeys (ConfUtils.java:logGet(43)) - raft.server.rpc.timeout.max = 5200ms (custom)
2019-07-13 20:46:36,947 INFO  server.RaftServerConfigKeys (ConfUtils.java:logGet(43)) - raft.server.log.appender.install.snapshot.enabled = false (custom)
2019-07-13 20:46:36,948 INFO  server.RaftServerConfigKeys (ConfUtils.java:logGet(43)) - raft.server.rpcslowness.timeout = 120s (custom)
2019-07-13 20:46:36,948 INFO  impl.RaftServerImpl (ServerState.java:<init>(105)) - 76d95b71-7e54-404e-9af4-c391b77d9956:group-EDD7B5CB6DDE ConfigurationManager, init=-1: [76d95b71-7e54-404e-9af4-c391b77d9956:192.168.5.168:36747, 6b09d474-f080-47c0-857c-659cd2b308ab:192.168.5.168:40619, e7cac417-b6b8-4f77-98e0-2816751cf932:192.168.5.168:37655], old=null, confs=<EMPTY_MAP>
2019-07-13 20:46:36,948 INFO  server.RaftServerConfigKeys (ConfUtils.java:logGet(43)) - raft.server.sleep.deviation.threshold = 300 (default)
2019-07-13 20:46:36,948 INFO  server.RaftServerConfigKeys (ConfUtils.java:logGet(43)) - raft.server.storage.dir = [/tmp/workdir/hadoop-ozone/integration-test/target/test-dir/MiniOzoneClusterImpl-8ad9e420-ecfc-4906-b788-750b4191b1d8/datanode-0/data/ratis] (custom)
2019-07-13 20:46:36,948 INFO  server.RaftServerConfigKeys (ConfUtils.java:logGet(43)) - raft.server.log.appender.install.snapshot.enabled = false (custom)
2019-07-13 20:46:36,949 INFO  impl.RaftServerImpl (ServerState.java:<init>(105)) - e7cac417-b6b8-4f77-98e0-2816751cf932:group-EDD7B5CB6DDE ConfigurationManager, init=-1: [76d95b71-7e54-404e-9af4-c391b77d9956:192.168.5.168:36747, 6b09d474-f080-47c0-857c-659cd2b308ab:192.168.5.168:40619, e7cac417-b6b8-4f77-98e0-2816751cf932:192.168.5.168:37655], old=null, confs=<EMPTY_MAP>
2019-07-13 20:46:36,949 INFO  storage.RaftStorageDirectory (RaftStorageDirectory.java:analyzeStorage(246)) - The storage directory /tmp/workdir/hadoop-ozone/integration-test/target/test-dir/MiniOzoneClusterImpl-8ad9e420-ecfc-4906-b788-750b4191b1d8/datanode-0/data/ratis/0a4d16f4-a9da-40c3-bfca-edd7b5cb6dde does not exist. Creating ...
2019-07-13 20:46:36,949 INFO  server.RaftServerConfigKeys (ConfUtils.java:logGet(43)) - raft.server.storage.dir = [/tmp/workdir/hadoop-ozone/integration-test/target/test-dir/MiniOzoneClusterImpl-8ad9e420-ecfc-4906-b788-750b4191b1d8/datanode-2/data/ratis] (custom)
2019-07-13 20:46:36,949 INFO  storage.RaftStorageDirectory (RaftStorageDirectory.java:analyzeStorage(246)) - The storage directory /tmp/workdir/hadoop-ozone/integration-test/target/test-dir/MiniOzoneClusterImpl-8ad9e420-ecfc-4906-b788-750b4191b1d8/datanode-2/data/ratis/0a4d16f4-a9da-40c3-bfca-edd7b5cb6dde does not exist. Creating ...
2019-07-13 20:46:36,961 INFO  storage.RaftStorageDirectory (RaftStorageDirectory.java:tryLock(328)) - Lock on /tmp/workdir/hadoop-ozone/integration-test/target/test-dir/MiniOzoneClusterImpl-8ad9e420-ecfc-4906-b788-750b4191b1d8/datanode-2/data/ratis/0a4d16f4-a9da-40c3-bfca-edd7b5cb6dde/in_use.lock acquired by nodename 28672@trunk-nightly-6qp7m-2461138711
2019-07-13 20:46:36,961 INFO  storage.RaftStorageDirectory (RaftStorageDirectory.java:tryLock(328)) - Lock on /tmp/workdir/hadoop-ozone/integration-test/target/test-dir/MiniOzoneClusterImpl-8ad9e420-ecfc-4906-b788-750b4191b1d8/datanode-5/data/ratis/0a4d16f4-a9da-40c3-bfca-edd7b5cb6dde/in_use.lock acquired by nodename 28672@trunk-nightly-6qp7m-2461138711
2019-07-13 20:46:36,961 INFO  storage.RaftStorageDirectory (RaftStorageDirectory.java:tryLock(328)) - Lock on /tmp/workdir/hadoop-ozone/integration-test/target/test-dir/MiniOzoneClusterImpl-8ad9e420-ecfc-4906-b788-750b4191b1d8/datanode-0/data/ratis/0a4d16f4-a9da-40c3-bfca-edd7b5cb6dde/in_use.lock acquired by nodename 28672@trunk-nightly-6qp7m-2461138711
2019-07-13 20:46:36,970 INFO  storage.RaftStorage (RaftStorage.java:format(72)) - Storage directory /tmp/workdir/hadoop-ozone/integration-test/target/test-dir/MiniOzoneClusterImpl-8ad9e420-ecfc-4906-b788-750b4191b1d8/datanode-5/data/ratis/0a4d16f4-a9da-40c3-bfca-edd7b5cb6dde has been successfully formatted.
2019-07-13 20:46:36,970 INFO  storage.RaftStorage (RaftStorage.java:format(72)) - Storage directory /tmp/workdir/hadoop-ozone/integration-test/target/test-dir/MiniOzoneClusterImpl-8ad9e420-ecfc-4906-b788-750b4191b1d8/datanode-0/data/ratis/0a4d16f4-a9da-40c3-bfca-edd7b5cb6dde has been successfully formatted.
2019-07-13 20:46:36,970 INFO  storage.RaftStorage (RaftStorage.java:format(72)) - Storage directory /tmp/workdir/hadoop-ozone/integration-test/target/test-dir/MiniOzoneClusterImpl-8ad9e420-ecfc-4906-b788-750b4191b1d8/datanode-2/data/ratis/0a4d16f4-a9da-40c3-bfca-edd7b5cb6dde has been successfully formatted.
2019-07-13 20:46:36,970 INFO  ratis.ContainerStateMachine (ContainerStateMachine.java:loadSnapshot(200)) - The snapshot info is null.Setting the last applied index to:(t:0, i:~)
2019-07-13 20:46:36,970 INFO  ratis.ContainerStateMachine (ContainerStateMachine.java:loadSnapshot(200)) - The snapshot info is null.Setting the last applied index to:(t:0, i:~)
2019-07-13 20:46:36,971 INFO  server.RaftServerConfigKeys (ConfUtils.java:logGet(43)) - raft.server.leader.election.timeout = 120s (custom)
2019-07-13 20:46:36,971 INFO  ratis.ContainerStateMachine (ContainerStateMachine.java:loadSnapshot(200)) - The snapshot info is null.Setting the last applied index to:(t:0, i:~)
2019-07-13 20:46:36,971 INFO  server.RaftServerConfigKeys (ConfUtils.java:logGet(43)) - raft.server.log.use.memory = false (default)
2019-07-13 20:46:36,971 INFO  server.RaftServerConfigKeys (ConfUtils.java:logGet(43)) - raft.server.leader.election.timeout = 120s (custom)
2019-07-13 20:46:36,971 INFO  server.RaftServerConfigKeys (ConfUtils.java:logGet(43)) - raft.server.log.purge.gap = 1000000000 (custom)
2019-07-13 20:46:36,971 INFO  server.RaftServerConfigKeys (ConfUtils.java:logGet(43)) - raft.server.leader.election.timeout = 120s (custom)
2019-07-13 20:46:36,972 INFO  server.RaftServerConfigKeys (ConfUtils.java:logGet(43)) - raft.server.log.appender.buffer.byte-limit = 33554432 (custom)
2019-07-13 20:46:36,971 INFO  server.RaftServerConfigKeys (ConfUtils.java:logGet(43)) - raft.server.log.use.memory = false (default)
2019-07-13 20:46:36,972 INFO  server.RaftServerConfigKeys (ConfUtils.java:logGet(43)) - raft.server.log.segment.size.max = 1048576 (custom)
2019-07-13 20:46:36,972 INFO  server.RaftServerConfigKeys (ConfUtils.java:logGet(43)) - raft.server.log.use.memory = false (default)
2019-07-13 20:46:36,972 INFO  server.RaftServerConfigKeys (ConfUtils.java:logGet(43)) - raft.server.log.segment.cache.num.max = 2 (custom)
2019-07-13 20:46:36,972 INFO  server.RaftServerConfigKeys (ConfUtils.java:logGet(43)) - raft.server.log.purge.gap = 1000000000 (custom)
2019-07-13 20:46:36,972 INFO  segmented.SegmentedRaftLogWorker (SegmentedRaftLogWorker.java:<init>(172)) - new 6b09d474-f080-47c0-857c-659cd2b308ab-SegmentedRaftLogWorker:Storage Directory /tmp/workdir/hadoop-ozone/integration-test/target/test-dir/MiniOzoneClusterImpl-8ad9e420-ecfc-4906-b788-750b4191b1d8/datanode-5/data/ratis/0a4d16f4-a9da-40c3-bfca-edd7b5cb6dde for RaftStorage:Storage Directory /tmp/workdir/hadoop-ozone/integration-test/target/test-dir/MiniOzoneClusterImpl-8ad9e420-ecfc-4906-b788-750b4191b1d8/datanode-5/data/ratis/0a4d16f4-a9da-40c3-bfca-edd7b5cb6dde
2019-07-13 20:46:36,972 INFO  server.RaftServerConfigKeys (ConfUtils.java:logGet(43)) - raft.server.log.purge.gap = 1000000000 (custom)
2019-07-13 20:46:36,973 INFO  server.RaftServerConfigKeys (ConfUtils.java:logGet(43)) - raft.server.log.queue.byte-limit = 2147483647 (custom)
2019-07-13 20:46:36,973 INFO  server.RaftServerConfigKeys (ConfUtils.java:logGet(43)) - raft.server.log.appender.buffer.byte-limit = 33554432 (custom)
2019-07-13 20:46:36,975 INFO  server.RaftServerConfigKeys (ConfUtils.java:logGet(43)) - raft.server.log.queue.element-limit = 1024 (custom)
2019-07-13 20:46:36,973 INFO  server.RaftServerConfigKeys (ConfUtils.java:logGet(43)) - raft.server.log.appender.buffer.byte-limit = 33554432 (custom)
2019-07-13 20:46:36,975 INFO  server.RaftServerConfigKeys (ConfUtils.java:logGet(43)) - raft.server.log.segment.size.max = 1048576 (custom)
2019-07-13 20:46:36,975 INFO  server.RaftServerConfigKeys (ConfUtils.java:logGet(43)) - raft.server.log.segment.size.max = 1048576 (custom)
2019-07-13 20:46:36,975 INFO  server.RaftServerConfigKeys (ConfUtils.java:logGet(43)) - raft.server.log.preallocated.size = 16384 (custom)
2019-07-13 20:46:36,975 INFO  server.RaftServerConfigKeys (ConfUtils.java:logGet(43)) - raft.server.log.segment.size.max = 1048576 (custom)
2019-07-13 20:46:36,976 INFO  server.RaftServerConfigKeys (ConfUtils.java:logGet(43)) - raft.server.log.write.buffer.size = 33554432 (custom)
2019-07-13 20:46:36,976 INFO  server.RaftServerConfigKeys (ConfUtils.java:logGet(43)) - raft.server.log.segment.cache.num.max = 2 (custom)
2019-07-13 20:46:36,976 INFO  server.RaftServerConfigKeys (ConfUtils.java:logGet(43)) - raft.server.log.force.sync.num = 128 (default)
2019-07-13 20:46:36,976 INFO  server.RaftServerConfigKeys (ConfUtils.java:logGet(43)) - raft.server.log.segment.cache.num.max = 2 (custom)
2019-07-13 20:46:36,976 INFO  server.RaftServerConfigKeys (ConfUtils.java:logGet(43)) - raft.server.log.statemachine.data.sync = true (default)
2019-07-13 20:46:36,976 INFO  segmented.SegmentedRaftLogWorker (SegmentedRaftLogWorker.java:<init>(172)) - new 76d95b71-7e54-404e-9af4-c391b77d9956-SegmentedRaftLogWorker:Storage Directory /tmp/workdir/hadoop-ozone/integration-test/target/test-dir/MiniOzoneClusterImpl-8ad9e420-ecfc-4906-b788-750b4191b1d8/datanode-0/data/ratis/0a4d16f4-a9da-40c3-bfca-edd7b5cb6dde for RaftStorage:Storage Directory /tmp/workdir/hadoop-ozone/integration-test/target/test-dir/MiniOzoneClusterImpl-8ad9e420-ecfc-4906-b788-750b4191b1d8/datanode-0/data/ratis/0a4d16f4-a9da-40c3-bfca-edd7b5cb6dde
2019-07-13 20:46:36,977 INFO  server.RaftServerConfigKeys (ConfUtils.java:logGet(43)) - raft.server.log.statemachine.data.sync.timeout = 10s (default)
2019-07-13 20:46:36,977 INFO  server.RaftServerConfigKeys (ConfUtils.java:logGet(43)) - raft.server.log.statemachine.data.sync.timeout.retry = -1 (default)
2019-07-13 20:46:36,977 INFO  segmented.SegmentedRaftLogWorker (SegmentedRaftLogWorker.java:<init>(172)) - new e7cac417-b6b8-4f77-98e0-2816751cf932-SegmentedRaftLogWorker:Storage Directory /tmp/workdir/hadoop-ozone/integration-test/target/test-dir/MiniOzoneClusterImpl-8ad9e420-ecfc-4906-b788-750b4191b1d8/datanode-2/data/ratis/0a4d16f4-a9da-40c3-bfca-edd7b5cb6dde for RaftStorage:Storage Directory /tmp/workdir/hadoop-ozone/integration-test/target/test-dir/MiniOzoneClusterImpl-8ad9e420-ecfc-4906-b788-750b4191b1d8/datanode-2/data/ratis/0a4d16f4-a9da-40c3-bfca-edd7b5cb6dde
2019-07-13 20:46:36,979 INFO  server.RaftServerConfigKeys (ConfUtils.java:logGet(43)) - raft.server.log.statemachine.data.caching.enabled = true (custom)
2019-07-13 20:46:36,977 INFO  server.RaftServerConfigKeys (ConfUtils.java:logGet(43)) - raft.server.log.queue.byte-limit = 2147483647 (custom)
2019-07-13 20:46:36,982 INFO  segmented.SegmentedRaftLogWorker (SegmentedRaftLogWorker.java:lambda$new$0(132)) - 6b09d474-f080-47c0-857c-659cd2b308ab-SegmentedRaftLogWorker:Storage Directory /tmp/workdir/hadoop-ozone/integration-test/target/test-dir/MiniOzoneClusterImpl-8ad9e420-ecfc-4906-b788-750b4191b1d8/datanode-5/data/ratis/0a4d16f4-a9da-40c3-bfca-edd7b5cb6dde: flushIndex: setUnconditionally 0 -> -1
2019-07-13 20:46:36,979 INFO  server.RaftServerConfigKeys (ConfUtils.java:logGet(43)) - raft.server.log.queue.byte-limit = 2147483647 (custom)
2019-07-13 20:46:36,982 INFO  server.RaftServerConfigKeys (ConfUtils.java:logGet(43)) - raft.server.log.queue.element-limit = 1024 (custom)
2019-07-13 20:46:36,982 INFO  server.RaftServerConfigKeys (ConfUtils.java:logGet(43)) - raft.server.log.queue.element-limit = 1024 (custom)
2019-07-13 20:46:36,982 INFO  server.RaftServerConfigKeys (ConfUtils.java:logGet(43)) - raft.server.snapshot.auto.trigger.enabled = true (custom)
2019-07-13 20:46:36,983 INFO  server.RaftServerConfigKeys (ConfUtils.java:logGet(43)) - raft.server.log.segment.size.max = 1048576 (custom)
2019-07-13 20:46:36,982 INFO  server.RaftServerConfigKeys (ConfUtils.java:logGet(43)) - raft.server.log.segment.size.max = 1048576 (custom)
2019-07-13 20:46:36,983 INFO  server.RaftServerConfigKeys (ConfUtils.java:logGet(43)) - raft.server.log.preallocated.size = 16384 (custom)
2019-07-13 20:46:36,983 INFO  server.RaftServerConfigKeys (ConfUtils.java:logGet(43)) - raft.server.snapshot.auto.trigger.threshold = 10000 (custom)
2019-07-13 20:46:36,983 INFO  server.RaftServerConfigKeys (ConfUtils.java:logGet(43)) - raft.server.log.write.buffer.size = 33554432 (custom)
2019-07-13 20:46:36,983 INFO  server.RaftServerConfigKeys (ConfUtils.java:logGet(43)) - raft.server.log.preallocated.size = 16384 (custom)
2019-07-13 20:46:36,983 INFO  server.RaftServerConfigKeys (ConfUtils.java:logGet(43)) - raft.server.log.force.sync.num = 128 (default)
2019-07-13 20:46:36,983 INFO  server.RaftServerConfigKeys (ConfUtils.java:logGet(43)) - raft.server.retrycache.expirytime = 600000ms (custom)
2019-07-13 20:46:36,984 INFO  server.RaftServerConfigKeys (ConfUtils.java:logGet(43)) - raft.server.log.statemachine.data.sync = true (default)
2019-07-13 20:46:36,984 INFO  server.RaftServerConfigKeys (ConfUtils.java:logGet(43)) - raft.server.log.write.buffer.size = 33554432 (custom)
2019-07-13 20:46:36,984 INFO  server.RaftServerConfigKeys (ConfUtils.java:logGet(43)) - raft.server.log.statemachine.data.sync.timeout = 10s (default)
2019-07-13 20:46:36,984 INFO  impl.RaftServerImpl (RaftServerImpl.java:start(180)) - 6b09d474-f080-47c0-857c-659cd2b308ab: start group-EDD7B5CB6DDE
2019-07-13 20:46:36,985 INFO  server.RaftServerConfigKeys (ConfUtils.java:logGet(43)) - raft.server.log.statemachine.data.sync.timeout.retry = -1 (default)
2019-07-13 20:46:36,984 INFO  server.RaftServerConfigKeys (ConfUtils.java:logGet(43)) - raft.server.log.force.sync.num = 128 (default)
2019-07-13 20:46:36,985 INFO  server.RaftServerConfigKeys (ConfUtils.java:logGet(43)) - raft.server.log.statemachine.data.caching.enabled = true (custom)
2019-07-13 20:46:36,985 INFO  impl.RaftServerImpl (RaftServerImpl.java:setRole(171)) - 6b09d474-f080-47c0-857c-659cd2b308ab:group-EDD7B5CB6DDE changes role from null to FOLLOWER at term 0 for startAsFollower
2019-07-13 20:46:36,985 INFO  server.RaftServerConfigKeys (ConfUtils.java:logGet(43)) - raft.server.log.statemachine.data.sync = true (default)
2019-07-13 20:46:36,986 INFO  impl.RoleInfo (RoleInfo.java:updateAndGet(143)) - 6b09d474-f080-47c0-857c-659cd2b308ab: start FollowerState
2019-07-13 20:46:36,986 INFO  segmented.SegmentedRaftLogWorker (SegmentedRaftLogWorker.java:lambda$new$0(132)) - e7cac417-b6b8-4f77-98e0-2816751cf932-SegmentedRaftLogWorker:Storage Directory /tmp/workdir/hadoop-ozone/integration-test/target/test-dir/MiniOzoneClusterImpl-8ad9e420-ecfc-4906-b788-750b4191b1d8/datanode-2/data/ratis/0a4d16f4-a9da-40c3-bfca-edd7b5cb6dde: flushIndex: setUnconditionally 0 -> -1
2019-07-13 20:46:36,986 INFO  server.RaftServerConfigKeys (ConfUtils.java:logGet(43)) - raft.server.log.statemachine.data.sync.timeout = 10s (default)
2019-07-13 20:46:36,986 INFO  util.JmxRegister (JmxRegister.java:tryRegister(44)) - Successfully registered JMX Bean with object name Ratis:service=RaftServer,group=group-EDD7B5CB6DDE,id=6b09d474-f080-47c0-857c-659cd2b308ab
2019-07-13 20:46:36,986 INFO  server.RaftServerConfigKeys (ConfUtils.java:logGet(43)) - raft.server.snapshot.auto.trigger.enabled = true (custom)
2019-07-13 20:46:36,986 INFO  server.RaftServerConfigKeys (ConfUtils.java:logGet(43)) - raft.server.log.statemachine.data.sync.timeout.retry = -1 (default)
2019-07-13 20:46:36,987 INFO  server.RaftServerConfigKeys (ConfUtils.java:logGet(43)) - raft.server.snapshot.auto.trigger.threshold = 10000 (custom)
2019-07-13 20:46:36,987 INFO  server.RaftServerConfigKeys (ConfUtils.java:logGet(43)) - raft.server.log.statemachine.data.caching.enabled = true (custom)
2019-07-13 20:46:36,987 INFO  server.RaftServerConfigKeys (ConfUtils.java:logGet(43)) - raft.server.retrycache.expirytime = 600000ms (custom)
2019-07-13 20:46:36,987 INFO  impl.RaftServerImpl (RaftServerImpl.java:start(180)) - e7cac417-b6b8-4f77-98e0-2816751cf932: start group-EDD7B5CB6DDE
2019-07-13 20:46:36,987 INFO  segmented.SegmentedRaftLogWorker (SegmentedRaftLogWorker.java:lambda$new$0(132)) - 76d95b71-7e54-404e-9af4-c391b77d9956-SegmentedRaftLogWorker:Storage Directory /tmp/workdir/hadoop-ozone/integration-test/target/test-dir/MiniOzoneClusterImpl-8ad9e420-ecfc-4906-b788-750b4191b1d8/datanode-0/data/ratis/0a4d16f4-a9da-40c3-bfca-edd7b5cb6dde: flushIndex: setUnconditionally 0 -> -1
2019-07-13 20:46:36,988 INFO  impl.RaftServerImpl (RaftServerImpl.java:setRole(171)) - e7cac417-b6b8-4f77-98e0-2816751cf932:group-EDD7B5CB6DDE changes role from null to FOLLOWER at term 0 for startAsFollower
2019-07-13 20:46:36,988 INFO  server.RaftServerConfigKeys (ConfUtils.java:logGet(43)) - raft.server.snapshot.auto.trigger.enabled = true (custom)
2019-07-13 20:46:36,988 INFO  impl.RoleInfo (RoleInfo.java:updateAndGet(143)) - e7cac417-b6b8-4f77-98e0-2816751cf932: start FollowerState
2019-07-13 20:46:36,988 INFO  server.RaftServerConfigKeys (ConfUtils.java:logGet(43)) - raft.server.snapshot.auto.trigger.threshold = 10000 (custom)
2019-07-13 20:46:36,989 INFO  server.RaftServerConfigKeys (ConfUtils.java:logGet(43)) - raft.server.retrycache.expirytime = 600000ms (custom)
2019-07-13 20:46:36,989 INFO  util.JmxRegister (JmxRegister.java:tryRegister(44)) - Successfully registered JMX Bean with object name Ratis:service=RaftServer,group=group-EDD7B5CB6DDE,id=e7cac417-b6b8-4f77-98e0-2816751cf932
2019-07-13 20:46:36,991 INFO  impl.RaftServerImpl (RaftServerImpl.java:start(180)) - 76d95b71-7e54-404e-9af4-c391b77d9956: start group-EDD7B5CB6DDE
2019-07-13 20:46:36,993 INFO  impl.RaftServerImpl (RaftServerImpl.java:setRole(171)) - 76d95b71-7e54-404e-9af4-c391b77d9956:group-EDD7B5CB6DDE changes role from null to FOLLOWER at term 0 for startAsFollower
2019-07-13 20:46:36,993 INFO  impl.RoleInfo (RoleInfo.java:updateAndGet(143)) - 76d95b71-7e54-404e-9af4-c391b77d9956: start FollowerState
2019-07-13 20:46:36,996 INFO  util.JmxRegister (JmxRegister.java:tryRegister(44)) - Successfully registered JMX Bean with object name Ratis:service=RaftServer,group=group-EDD7B5CB6DDE,id=76d95b71-7e54-404e-9af4-c391b77d9956
2019-07-13 20:46:37,014 INFO  pipeline.PipelineStateManager (PipelineStateManager.java:addPipeline(56)) - Created pipeline Pipeline[ Id: 0a4d16f4-a9da-40c3-bfca-edd7b5cb6dde, Nodes: 6b09d474-f080-47c0-857c-659cd2b308ab{ip: 192.168.5.168, host: trunk-nightly-6qp7m-2461138711, networkLocation: /default-rack, certSerialId: null}e7cac417-b6b8-4f77-98e0-2816751cf932{ip: 192.168.5.168, host: trunk-nightly-6qp7m-2461138711, networkLocation: /default-rack, certSerialId: null}76d95b71-7e54-404e-9af4-c391b77d9956{ip: 192.168.5.168, host: trunk-nightly-6qp7m-2461138711, networkLocation: /default-rack, certSerialId: null}, Type:RATIS, Factor:THREE, State:OPEN]
2019-07-13 20:46:37,418 INFO  ozone.MiniOzoneClusterImpl (MiniOzoneClusterImpl.java:lambda$waitForClusterToBeReady$0(142)) - Cluster is ready. Got 7 of 7 DN Heartbeats.
2019-07-13 20:46:37,760 INFO  rpc.RpcClient (RpcClient.java:createVolume(287)) - Creating Volume: watchforcommithandlingtest, with jenkins1000 as owner.
2019-07-13 20:46:37,820 INFO  rpc.RpcClient (RpcClient.java:createBucket(424)) - Creating Bucket: watchforcommithandlingtest/watchforcommithandlingtest, with Versioning false and Storage Type set to DISK and Encryption set to false 
2019-07-13 20:46:37,843 INFO  ozone.MiniOzoneClusterImpl (MiniOzoneClusterImpl.java:getStorageContainerLocationClient(241)) - Creating StorageContainerLocationProtocol RPC client with address /0.0.0.0:38027
2019-07-13 20:46:38,069 INFO  container.ReplicationManager (ReplicationManager.java:start(155)) - Starting Replication Monitor Thread.
2019-07-13 20:46:38,078 INFO  container.ReplicationManager (ReplicationManager.java:run(207)) - Replication Monitor Thread took 6 milliseconds for processing 1 containers.
2019-07-13 20:46:38,100 INFO  client.GrpcClientProtocolClient (GrpcClientProtocolClient.java:onNext(255)) - client-D86DF9C9B31B->c4016856-23fa-492d-976d-2a5803ccbc7b: receive RaftClientReply:client-D86DF9C9B31B->c4016856-23fa-492d-976d-2a5803ccbc7b@group-48E8D7178089, cid=13, FAILED org.apache.ratis.protocol.NotLeaderException: Server c4016856-23fa-492d-976d-2a5803ccbc7b is not the leader (null). Request must be sent to leader., logIndex=0, commits[c4016856-23fa-492d-976d-2a5803ccbc7b:c-1]
2019-07-13 20:46:39,150 INFO  client.GrpcClientProtocolClient (GrpcClientProtocolClient.java:onNext(255)) - client-D86DF9C9B31B->009ce890-70b5-4ffc-aa2e-d715d4cde131: receive RaftClientReply:client-D86DF9C9B31B->009ce890-70b5-4ffc-aa2e-d715d4cde131@group-48E8D7178089, cid=13, FAILED org.apache.ratis.protocol.NotLeaderException: Server 009ce890-70b5-4ffc-aa2e-d715d4cde131 is not the leader (null). Request must be sent to leader., logIndex=0, commits[009ce890-70b5-4ffc-aa2e-d715d4cde131:c-1]
2019-07-13 20:46:40,181 INFO  client.GrpcClientProtocolClient (GrpcClientProtocolClient.java:onNext(255)) - client-D86DF9C9B31B->be85a937-4246-4c27-b0c8-f10c7c118442: receive RaftClientReply:client-D86DF9C9B31B->be85a937-4246-4c27-b0c8-f10c7c118442@group-48E8D7178089, cid=13, FAILED org.apache.ratis.protocol.NotLeaderException: Server be85a937-4246-4c27-b0c8-f10c7c118442 is not the leader (null). Request must be sent to leader., logIndex=0, commits[be85a937-4246-4c27-b0c8-f10c7c118442:c-1]
2019-07-13 20:46:41,206 INFO  client.GrpcClientProtocolClient (GrpcClientProtocolClient.java:onNext(255)) - client-D86DF9C9B31B->009ce890-70b5-4ffc-aa2e-d715d4cde131: receive RaftClientReply:client-D86DF9C9B31B->009ce890-70b5-4ffc-aa2e-d715d4cde131@group-48E8D7178089, cid=13, FAILED org.apache.ratis.protocol.NotLeaderException: Server 009ce890-70b5-4ffc-aa2e-d715d4cde131 is not the leader (null). Request must be sent to leader., logIndex=0, commits[009ce890-70b5-4ffc-aa2e-d715d4cde131:c-1]
2019-07-13 20:46:41,361 INFO  impl.FollowerState (FollowerState.java:run(106)) - 76d95b71-7e54-404e-9af4-c391b77d9956:group-9593DA7A6604 changes to CANDIDATE, lastRpcTime:5104, electionTimeout:5103ms
2019-07-13 20:46:41,361 INFO  impl.RoleInfo (RoleInfo.java:shutdownFollowerState(121)) - 76d95b71-7e54-404e-9af4-c391b77d9956: shutdown FollowerState
2019-07-13 20:46:41,361 INFO  impl.RaftServerImpl (RaftServerImpl.java:setRole(171)) - 76d95b71-7e54-404e-9af4-c391b77d9956:group-9593DA7A6604 changes role from FOLLOWER to CANDIDATE at term 0 for changeToCandidate
2019-07-13 20:46:41,369 INFO  impl.RoleInfo (RoleInfo.java:updateAndGet(143)) - 76d95b71-7e54-404e-9af4-c391b77d9956: start LeaderElection
2019-07-13 20:46:41,382 INFO  impl.LeaderElection (LeaderElection.java:askForVotes(181)) - 76d95b71-7e54-404e-9af4-c391b77d9956:group-9593DA7A6604:LeaderElection1: begin an election at term 1 for -1: [76d95b71-7e54-404e-9af4-c391b77d9956:192.168.5.168:36747], old=null
2019-07-13 20:46:41,384 INFO  impl.RoleInfo (RoleInfo.java:shutdownLeaderElection(134)) - 76d95b71-7e54-404e-9af4-c391b77d9956: shutdown LeaderElection
2019-07-13 20:46:41,385 INFO  impl.RaftServerImpl (RaftServerImpl.java:setRole(171)) - 76d95b71-7e54-404e-9af4-c391b77d9956:group-9593DA7A6604 changes role from CANDIDATE to LEADER at term 1 for changeToLeader
2019-07-13 20:46:41,385 INFO  impl.RaftServerImpl (ServerState.java:setLeader(263)) - 76d95b71-7e54-404e-9af4-c391b77d9956:group-9593DA7A6604 change Leader from null to 76d95b71-7e54-404e-9af4-c391b77d9956 at term 1 for becomeLeader, leader elected after 5229ms
2019-07-13 20:46:41,394 INFO  server.RaftServerConfigKeys (ConfUtils.java:logGet(43)) - raft.server.staging.catchup.gap = 1000 (default)
2019-07-13 20:46:41,394 INFO  server.RaftServerConfigKeys (ConfUtils.java:logGet(43)) - raft.server.rpc.sleep.time = 25ms (default)
2019-07-13 20:46:41,397 INFO  server.RaftServerConfigKeys (ConfUtils.java:logGet(43)) - raft.server.write.element-limit = 4096 (default)
2019-07-13 20:46:41,401 INFO  server.RaftServerConfigKeys (ConfUtils.java:logGet(43)) - raft.server.watch.timeout = 10s (default)
2019-07-13 20:46:41,401 INFO  server.RaftServerConfigKeys (ConfUtils.java:logGet(43)) - raft.server.watch.timeout.denomination = 1s (default)
2019-07-13 20:46:41,402 INFO  server.RaftServerConfigKeys (ConfUtils.java:logGet(43)) - raft.server.watch.element-limit = 65536 (default)
2019-07-13 20:46:41,414 INFO  impl.RoleInfo (RoleInfo.java:updateAndGet(143)) - 76d95b71-7e54-404e-9af4-c391b77d9956: start LeaderState
2019-07-13 20:46:41,439 INFO  segmented.SegmentedRaftLogWorker (SegmentedRaftLogWorker.java:startLogSegment(380)) - 76d95b71-7e54-404e-9af4-c391b77d9956-SegmentedRaftLogWorker:Storage Directory /tmp/workdir/hadoop-ozone/integration-test/target/test-dir/MiniOzoneClusterImpl-8ad9e420-ecfc-4906-b788-750b4191b1d8/datanode-0/data/ratis/0a51924b-2294-413a-b355-9593da7a6604: Starting segment from index:0
2019-07-13 20:46:41,448 INFO  impl.RaftServerImpl (ServerState.java:setRaftConf(361)) - 76d95b71-7e54-404e-9af4-c391b77d9956:group-9593DA7A6604 set configuration 0: [76d95b71-7e54-404e-9af4-c391b77d9956:192.168.5.168:36747], old=null at 0
2019-07-13 20:46:41,539 INFO  impl.FollowerState (FollowerState.java:run(106)) - 009ce890-70b5-4ffc-aa2e-d715d4cde131:group-FCA409FC7EE4 changes to CANDIDATE, lastRpcTime:5008, electionTimeout:5008ms
2019-07-13 20:46:41,542 INFO  impl.RoleInfo (RoleInfo.java:shutdownFollowerState(121)) - 009ce890-70b5-4ffc-aa2e-d715d4cde131: shutdown FollowerState
2019-07-13 20:46:41,542 INFO  impl.RaftServerImpl (RaftServerImpl.java:setRole(171)) - 009ce890-70b5-4ffc-aa2e-d715d4cde131:group-FCA409FC7EE4 changes role from FOLLOWER to CANDIDATE at term 0 for changeToCandidate
2019-07-13 20:46:41,542 INFO  impl.RoleInfo (RoleInfo.java:updateAndGet(143)) - 009ce890-70b5-4ffc-aa2e-d715d4cde131: start LeaderElection
2019-07-13 20:46:41,550 INFO  impl.LeaderElection (LeaderElection.java:askForVotes(181)) - 009ce890-70b5-4ffc-aa2e-d715d4cde131:group-FCA409FC7EE4:LeaderElection2: begin an election at term 1 for -1: [009ce890-70b5-4ffc-aa2e-d715d4cde131:192.168.5.168:45083], old=null
2019-07-13 20:46:41,551 INFO  impl.RoleInfo (RoleInfo.java:shutdownLeaderElection(134)) - 009ce890-70b5-4ffc-aa2e-d715d4cde131: shutdown LeaderElection
2019-07-13 20:46:41,551 INFO  impl.RaftServerImpl (RaftServerImpl.java:setRole(171)) - 009ce890-70b5-4ffc-aa2e-d715d4cde131:group-FCA409FC7EE4 changes role from CANDIDATE to LEADER at term 1 for changeToLeader
2019-07-13 20:46:41,551 INFO  impl.RaftServerImpl (ServerState.java:setLeader(263)) - 009ce890-70b5-4ffc-aa2e-d715d4cde131:group-FCA409FC7EE4 change Leader from null to 009ce890-70b5-4ffc-aa2e-d715d4cde131 at term 1 for becomeLeader, leader elected after 5026ms
2019-07-13 20:46:41,552 INFO  server.RaftServerConfigKeys (ConfUtils.java:logGet(43)) - raft.server.staging.catchup.gap = 1000 (default)
2019-07-13 20:46:41,552 INFO  server.RaftServerConfigKeys (ConfUtils.java:logGet(43)) - raft.server.rpc.sleep.time = 25ms (default)
2019-07-13 20:46:41,552 INFO  server.RaftServerConfigKeys (ConfUtils.java:logGet(43)) - raft.server.write.element-limit = 4096 (default)
2019-07-13 20:46:41,552 INFO  server.RaftServerConfigKeys (ConfUtils.java:logGet(43)) - raft.server.watch.timeout = 10s (default)
2019-07-13 20:46:41,552 INFO  server.RaftServerConfigKeys (ConfUtils.java:logGet(43)) - raft.server.watch.timeout.denomination = 1s (default)
2019-07-13 20:46:41,553 INFO  server.RaftServerConfigKeys (ConfUtils.java:logGet(43)) - raft.server.watch.element-limit = 65536 (default)
2019-07-13 20:46:41,553 INFO  impl.RoleInfo (RoleInfo.java:updateAndGet(143)) - 009ce890-70b5-4ffc-aa2e-d715d4cde131: start LeaderState
2019-07-13 20:46:41,553 INFO  segmented.SegmentedRaftLogWorker (SegmentedRaftLogWorker.java:startLogSegment(380)) - 009ce890-70b5-4ffc-aa2e-d715d4cde131-SegmentedRaftLogWorker:Storage Directory /tmp/workdir/hadoop-ozone/integration-test/target/test-dir/MiniOzoneClusterImpl-8ad9e420-ecfc-4906-b788-750b4191b1d8/datanode-4/data/ratis/002419b9-15cb-4654-b9b9-fca409fc7ee4: Starting segment from index:0
2019-07-13 20:46:41,554 INFO  impl.RaftServerImpl (ServerState.java:setRaftConf(361)) - 009ce890-70b5-4ffc-aa2e-d715d4cde131:group-FCA409FC7EE4 set configuration 0: [009ce890-70b5-4ffc-aa2e-d715d4cde131:192.168.5.168:45083], old=null at 0
2019-07-13 20:46:41,593 INFO  impl.FollowerState (FollowerState.java:run(106)) - c4016856-23fa-492d-976d-2a5803ccbc7b:group-73BF98D7AC53 changes to CANDIDATE, lastRpcTime:5142, electionTimeout:5141ms
2019-07-13 20:46:41,593 INFO  impl.RoleInfo (RoleInfo.java:shutdownFollowerState(121)) - c4016856-23fa-492d-976d-2a5803ccbc7b: shutdown FollowerState
2019-07-13 20:46:41,593 INFO  impl.RaftServerImpl (RaftServerImpl.java:setRole(171)) - c4016856-23fa-492d-976d-2a5803ccbc7b:group-73BF98D7AC53 changes role from FOLLOWER to CANDIDATE at term 0 for changeToCandidate
2019-07-13 20:46:41,594 INFO  impl.RoleInfo (RoleInfo.java:updateAndGet(143)) - c4016856-23fa-492d-976d-2a5803ccbc7b: start LeaderElection
2019-07-13 20:46:41,613 INFO  impl.LeaderElection (LeaderElection.java:askForVotes(181)) - c4016856-23fa-492d-976d-2a5803ccbc7b:group-73BF98D7AC53:LeaderElection3: begin an election at term 1 for -1: [c4016856-23fa-492d-976d-2a5803ccbc7b:192.168.5.168:32769], old=null
2019-07-13 20:46:41,614 INFO  impl.RoleInfo (RoleInfo.java:shutdownLeaderElection(134)) - c4016856-23fa-492d-976d-2a5803ccbc7b: shutdown LeaderElection
2019-07-13 20:46:41,615 INFO  impl.RaftServerImpl (RaftServerImpl.java:setRole(171)) - c4016856-23fa-492d-976d-2a5803ccbc7b:group-73BF98D7AC53 changes role from CANDIDATE to LEADER at term 1 for changeToLeader
2019-07-13 20:46:41,615 INFO  impl.RaftServerImpl (ServerState.java:setLeader(263)) - c4016856-23fa-492d-976d-2a5803ccbc7b:group-73BF98D7AC53 change Leader from null to c4016856-23fa-492d-976d-2a5803ccbc7b at term 1 for becomeLeader, leader elected after 5170ms
2019-07-13 20:46:41,615 INFO  server.RaftServerConfigKeys (ConfUtils.java:logGet(43)) - raft.server.staging.catchup.gap = 1000 (default)
2019-07-13 20:46:41,615 INFO  server.RaftServerConfigKeys (ConfUtils.java:logGet(43)) - raft.server.rpc.sleep.time = 25ms (default)
2019-07-13 20:46:41,615 INFO  server.RaftServerConfigKeys (ConfUtils.java:logGet(43)) - raft.server.write.element-limit = 4096 (default)
2019-07-13 20:46:41,615 INFO  server.RaftServerConfigKeys (ConfUtils.java:logGet(43)) - raft.server.watch.timeout = 10s (default)
2019-07-13 20:46:41,615 INFO  server.RaftServerConfigKeys (ConfUtils.java:logGet(43)) - raft.server.watch.timeout.denomination = 1s (default)
2019-07-13 20:46:41,615 INFO  server.RaftServerConfigKeys (ConfUtils.java:logGet(43)) - raft.server.watch.element-limit = 65536 (default)
2019-07-13 20:46:41,616 INFO  impl.RoleInfo (RoleInfo.java:updateAndGet(143)) - c4016856-23fa-492d-976d-2a5803ccbc7b: start LeaderState
2019-07-13 20:46:41,616 INFO  segmented.SegmentedRaftLogWorker (SegmentedRaftLogWorker.java:startLogSegment(380)) - c4016856-23fa-492d-976d-2a5803ccbc7b-SegmentedRaftLogWorker:Storage Directory /tmp/workdir/hadoop-ozone/integration-test/target/test-dir/MiniOzoneClusterImpl-8ad9e420-ecfc-4906-b788-750b4191b1d8/datanode-1/data/ratis/f5362209-0d85-4179-a3ab-73bf98d7ac53: Starting segment from index:0
2019-07-13 20:46:41,616 INFO  impl.RaftServerImpl (ServerState.java:setRaftConf(361)) - c4016856-23fa-492d-976d-2a5803ccbc7b:group-73BF98D7AC53 set configuration 0: [c4016856-23fa-492d-976d-2a5803ccbc7b:192.168.5.168:32769], old=null at 0
2019-07-13 20:46:41,640 INFO  segmented.SegmentedRaftLogWorker (SegmentedRaftLogWorker.java:execute(569)) - 76d95b71-7e54-404e-9af4-c391b77d9956-SegmentedRaftLogWorker:Storage Directory /tmp/workdir/hadoop-ozone/integration-test/target/test-dir/MiniOzoneClusterImpl-8ad9e420-ecfc-4906-b788-750b4191b1d8/datanode-0/data/ratis/0a51924b-2294-413a-b355-9593da7a6604: created new log segment /tmp/workdir/hadoop-ozone/integration-test/target/test-dir/MiniOzoneClusterImpl-8ad9e420-ecfc-4906-b788-750b4191b1d8/datanode-0/data/ratis/0a51924b-2294-413a-b355-9593da7a6604/current/log_inprogress_0
2019-07-13 20:46:41,640 INFO  segmented.SegmentedRaftLogWorker (SegmentedRaftLogWorker.java:execute(569)) - 009ce890-70b5-4ffc-aa2e-d715d4cde131-SegmentedRaftLogWorker:Storage Directory /tmp/workdir/hadoop-ozone/integration-test/target/test-dir/MiniOzoneClusterImpl-8ad9e420-ecfc-4906-b788-750b4191b1d8/datanode-4/data/ratis/002419b9-15cb-4654-b9b9-fca409fc7ee4: created new log segment /tmp/workdir/hadoop-ozone/integration-test/target/test-dir/MiniOzoneClusterImpl-8ad9e420-ecfc-4906-b788-750b4191b1d8/datanode-4/data/ratis/002419b9-15cb-4654-b9b9-fca409fc7ee4/current/log_inprogress_0
2019-07-13 20:46:41,640 INFO  segmented.SegmentedRaftLogWorker (SegmentedRaftLogWorker.java:execute(569)) - c4016856-23fa-492d-976d-2a5803ccbc7b-SegmentedRaftLogWorker:Storage Directory /tmp/workdir/hadoop-ozone/integration-test/target/test-dir/MiniOzoneClusterImpl-8ad9e420-ecfc-4906-b788-750b4191b1d8/datanode-1/data/ratis/f5362209-0d85-4179-a3ab-73bf98d7ac53: created new log segment /tmp/workdir/hadoop-ozone/integration-test/target/test-dir/MiniOzoneClusterImpl-8ad9e420-ecfc-4906-b788-750b4191b1d8/datanode-1/data/ratis/f5362209-0d85-4179-a3ab-73bf98d7ac53/current/log_inprogress_0
2019-07-13 20:46:41,689 INFO  impl.FollowerState (FollowerState.java:run(106)) - be85a937-4246-4c27-b0c8-f10c7c118442:group-ACBE3A6C99CF changes to CANDIDATE, lastRpcTime:5098, electionTimeout:5098ms
2019-07-13 20:46:41,691 INFO  impl.RoleInfo (RoleInfo.java:shutdownFollowerState(121)) - be85a937-4246-4c27-b0c8-f10c7c118442: shutdown FollowerState
2019-07-13 20:46:41,691 INFO  impl.RaftServerImpl (RaftServerImpl.java:setRole(171)) - be85a937-4246-4c27-b0c8-f10c7c118442:group-ACBE3A6C99CF changes role from FOLLOWER to CANDIDATE at term 0 for changeToCandidate
2019-07-13 20:46:41,691 INFO  impl.RoleInfo (RoleInfo.java:updateAndGet(143)) - be85a937-4246-4c27-b0c8-f10c7c118442: start LeaderElection
2019-07-13 20:46:41,697 INFO  impl.LeaderElection (LeaderElection.java:askForVotes(181)) - be85a937-4246-4c27-b0c8-f10c7c118442:group-ACBE3A6C99CF:LeaderElection4: begin an election at term 1 for -1: [be85a937-4246-4c27-b0c8-f10c7c118442:192.168.5.168:39171], old=null
2019-07-13 20:46:41,699 INFO  impl.RoleInfo (RoleInfo.java:shutdownLeaderElection(134)) - be85a937-4246-4c27-b0c8-f10c7c118442: shutdown LeaderElection
2019-07-13 20:46:41,700 INFO  impl.RaftServerImpl (RaftServerImpl.java:setRole(171)) - be85a937-4246-4c27-b0c8-f10c7c118442:group-ACBE3A6C99CF changes role from CANDIDATE to LEADER at term 1 for changeToLeader
2019-07-13 20:46:41,700 INFO  impl.RaftServerImpl (ServerState.java:setLeader(263)) - be85a937-4246-4c27-b0c8-f10c7c118442:group-ACBE3A6C99CF change Leader from null to be85a937-4246-4c27-b0c8-f10c7c118442 at term 1 for becomeLeader, leader elected after 5115ms
2019-07-13 20:46:41,700 INFO  server.RaftServerConfigKeys (ConfUtils.java:logGet(43)) - raft.server.staging.catchup.gap = 1000 (default)
2019-07-13 20:46:41,700 INFO  server.RaftServerConfigKeys (ConfUtils.java:logGet(43)) - raft.server.rpc.sleep.time = 25ms (default)
2019-07-13 20:46:41,700 INFO  server.RaftServerConfigKeys (ConfUtils.java:logGet(43)) - raft.server.write.element-limit = 4096 (default)
2019-07-13 20:46:41,700 INFO  server.RaftServerConfigKeys (ConfUtils.java:logGet(43)) - raft.server.watch.timeout = 10s (default)
2019-07-13 20:46:41,701 INFO  server.RaftServerConfigKeys (ConfUtils.java:logGet(43)) - raft.server.watch.timeout.denomination = 1s (default)
2019-07-13 20:46:41,701 INFO  server.RaftServerConfigKeys (ConfUtils.java:logGet(43)) - raft.server.watch.element-limit = 65536 (default)
2019-07-13 20:46:41,701 INFO  impl.RoleInfo (RoleInfo.java:updateAndGet(143)) - be85a937-4246-4c27-b0c8-f10c7c118442: start LeaderState
2019-07-13 20:46:41,701 INFO  segmented.SegmentedRaftLogWorker (SegmentedRaftLogWorker.java:startLogSegment(380)) - be85a937-4246-4c27-b0c8-f10c7c118442-SegmentedRaftLogWorker:Storage Directory /tmp/workdir/hadoop-ozone/integration-test/target/test-dir/MiniOzoneClusterImpl-8ad9e420-ecfc-4906-b788-750b4191b1d8/datanode-6/data/ratis/5193c312-4d25-47a2-933d-acbe3a6c99cf: Starting segment from index:0
2019-07-13 20:46:41,702 INFO  impl.RaftServerImpl (ServerState.java:setRaftConf(361)) - be85a937-4246-4c27-b0c8-f10c7c118442:group-ACBE3A6C99CF set configuration 0: [be85a937-4246-4c27-b0c8-f10c7c118442:192.168.5.168:39171], old=null at 0
2019-07-13 20:46:41,720 INFO  impl.FollowerState (FollowerState.java:run(106)) - 6b09d474-f080-47c0-857c-659cd2b308ab:group-E4255DC572E8 changes to CANDIDATE, lastRpcTime:5062, electionTimeout:5045ms
2019-07-13 20:46:41,721 INFO  impl.RoleInfo (RoleInfo.java:shutdownFollowerState(121)) - 6b09d474-f080-47c0-857c-659cd2b308ab: shutdown FollowerState
2019-07-13 20:46:41,721 INFO  impl.RaftServerImpl (RaftServerImpl.java:setRole(171)) - 6b09d474-f080-47c0-857c-659cd2b308ab:group-E4255DC572E8 changes role from FOLLOWER to CANDIDATE at term 0 for changeToCandidate
2019-07-13 20:46:41,721 INFO  impl.RoleInfo (RoleInfo.java:updateAndGet(143)) - 6b09d474-f080-47c0-857c-659cd2b308ab: start LeaderElection
2019-07-13 20:46:41,723 INFO  segmented.SegmentedRaftLogWorker (SegmentedRaftLogWorker.java:execute(569)) - be85a937-4246-4c27-b0c8-f10c7c118442-SegmentedRaftLogWorker:Storage Directory /tmp/workdir/hadoop-ozone/integration-test/target/test-dir/MiniOzoneClusterImpl-8ad9e420-ecfc-4906-b788-750b4191b1d8/datanode-6/data/ratis/5193c312-4d25-47a2-933d-acbe3a6c99cf: created new log segment /tmp/workdir/hadoop-ozone/integration-test/target/test-dir/MiniOzoneClusterImpl-8ad9e420-ecfc-4906-b788-750b4191b1d8/datanode-6/data/ratis/5193c312-4d25-47a2-933d-acbe3a6c99cf/current/log_inprogress_0
2019-07-13 20:46:41,731 INFO  impl.LeaderElection (LeaderElection.java:askForVotes(181)) - 6b09d474-f080-47c0-857c-659cd2b308ab:group-E4255DC572E8:LeaderElection5: begin an election at term 1 for -1: [6b09d474-f080-47c0-857c-659cd2b308ab:192.168.5.168:40619], old=null
2019-07-13 20:46:41,731 INFO  impl.RoleInfo (RoleInfo.java:shutdownLeaderElection(134)) - 6b09d474-f080-47c0-857c-659cd2b308ab: shutdown LeaderElection
2019-07-13 20:46:41,732 INFO  impl.RaftServerImpl (RaftServerImpl.java:setRole(171)) - 6b09d474-f080-47c0-857c-659cd2b308ab:group-E4255DC572E8 changes role from CANDIDATE to LEADER at term 1 for changeToLeader
2019-07-13 20:46:41,732 INFO  impl.RaftServerImpl (ServerState.java:setLeader(263)) - 6b09d474-f080-47c0-857c-659cd2b308ab:group-E4255DC572E8 change Leader from null to 6b09d474-f080-47c0-857c-659cd2b308ab at term 1 for becomeLeader, leader elected after 5077ms
2019-07-13 20:46:41,734 INFO  server.RaftServerConfigKeys (ConfUtils.java:logGet(43)) - raft.server.staging.catchup.gap = 1000 (default)
2019-07-13 20:46:41,734 INFO  server.RaftServerConfigKeys (ConfUtils.java:logGet(43)) - raft.server.rpc.sleep.time = 25ms (default)
2019-07-13 20:46:41,734 INFO  server.RaftServerConfigKeys (ConfUtils.java:logGet(43)) - raft.server.write.element-limit = 4096 (default)
2019-07-13 20:46:41,734 INFO  server.RaftServerConfigKeys (ConfUtils.java:logGet(43)) - raft.server.watch.timeout = 10s (default)
2019-07-13 20:46:41,734 INFO  server.RaftServerConfigKeys (ConfUtils.java:logGet(43)) - raft.server.watch.timeout.denomination = 1s (default)
2019-07-13 20:46:41,734 INFO  server.RaftServerConfigKeys (ConfUtils.java:logGet(43)) - raft.server.watch.element-limit = 65536 (default)
2019-07-13 20:46:41,735 INFO  impl.RoleInfo (RoleInfo.java:updateAndGet(143)) - 6b09d474-f080-47c0-857c-659cd2b308ab: start LeaderState
2019-07-13 20:46:41,735 INFO  segmented.SegmentedRaftLogWorker (SegmentedRaftLogWorker.java:startLogSegment(380)) - 6b09d474-f080-47c0-857c-659cd2b308ab-SegmentedRaftLogWorker:Storage Directory /tmp/workdir/hadoop-ozone/integration-test/target/test-dir/MiniOzoneClusterImpl-8ad9e420-ecfc-4906-b788-750b4191b1d8/datanode-5/data/ratis/5fb0ace0-01e8-44df-8b5e-e4255dc572e8: Starting segment from index:0
2019-07-13 20:46:41,736 INFO  impl.RaftServerImpl (ServerState.java:setRaftConf(361)) - 6b09d474-f080-47c0-857c-659cd2b308ab:group-E4255DC572E8 set configuration 0: [6b09d474-f080-47c0-857c-659cd2b308ab:192.168.5.168:40619], old=null at 0
2019-07-13 20:46:41,754 INFO  segmented.SegmentedRaftLogWorker (SegmentedRaftLogWorker.java:execute(569)) - 6b09d474-f080-47c0-857c-659cd2b308ab-SegmentedRaftLogWorker:Storage Directory /tmp/workdir/hadoop-ozone/integration-test/target/test-dir/MiniOzoneClusterImpl-8ad9e420-ecfc-4906-b788-750b4191b1d8/datanode-5/data/ratis/5fb0ace0-01e8-44df-8b5e-e4255dc572e8: created new log segment /tmp/workdir/hadoop-ozone/integration-test/target/test-dir/MiniOzoneClusterImpl-8ad9e420-ecfc-4906-b788-750b4191b1d8/datanode-5/data/ratis/5fb0ace0-01e8-44df-8b5e-e4255dc572e8/current/log_inprogress_0
2019-07-13 20:46:41,878 INFO  impl.FollowerState (FollowerState.java:run(106)) - 326f2cd2-9248-4541-ae9e-66c68d1cb18d:group-D1FBFB84A85B changes to CANDIDATE, lastRpcTime:5104, electionTimeout:5104ms
2019-07-13 20:46:41,879 INFO  impl.RoleInfo (RoleInfo.java:shutdownFollowerState(121)) - 326f2cd2-9248-4541-ae9e-66c68d1cb18d: shutdown FollowerState
2019-07-13 20:46:41,879 INFO  impl.RaftServerImpl (RaftServerImpl.java:setRole(171)) - 326f2cd2-9248-4541-ae9e-66c68d1cb18d:group-D1FBFB84A85B changes role from FOLLOWER to CANDIDATE at term 0 for changeToCandidate
2019-07-13 20:46:41,879 INFO  impl.RoleInfo (RoleInfo.java:updateAndGet(143)) - 326f2cd2-9248-4541-ae9e-66c68d1cb18d: start LeaderElection
2019-07-13 20:46:41,881 INFO  impl.FollowerState (FollowerState.java:run(106)) - e7cac417-b6b8-4f77-98e0-2816751cf932:group-D61FD81B6296 changes to CANDIDATE, lastRpcTime:5159, electionTimeout:5158ms
2019-07-13 20:46:41,893 INFO  impl.RoleInfo (RoleInfo.java:shutdownFollowerState(121)) - e7cac417-b6b8-4f77-98e0-2816751cf932: shutdown FollowerState
2019-07-13 20:46:41,893 INFO  impl.RaftServerImpl (RaftServerImpl.java:setRole(171)) - e7cac417-b6b8-4f77-98e0-2816751cf932:group-D61FD81B6296 changes role from FOLLOWER to CANDIDATE at term 0 for changeToCandidate
2019-07-13 20:46:41,893 INFO  impl.RoleInfo (RoleInfo.java:updateAndGet(143)) - e7cac417-b6b8-4f77-98e0-2816751cf932: start LeaderElection
2019-07-13 20:46:41,910 INFO  impl.LeaderElection (LeaderElection.java:askForVotes(181)) - 326f2cd2-9248-4541-ae9e-66c68d1cb18d:group-D1FBFB84A85B:LeaderElection6: begin an election at term 1 for -1: [326f2cd2-9248-4541-ae9e-66c68d1cb18d:192.168.5.168:46437], old=null
2019-07-13 20:46:41,910 INFO  impl.LeaderElection (LeaderElection.java:askForVotes(181)) - e7cac417-b6b8-4f77-98e0-2816751cf932:group-D61FD81B6296:LeaderElection7: begin an election at term 1 for -1: [e7cac417-b6b8-4f77-98e0-2816751cf932:192.168.5.168:37655], old=null
2019-07-13 20:46:41,913 INFO  impl.RoleInfo (RoleInfo.java:shutdownLeaderElection(134)) - 326f2cd2-9248-4541-ae9e-66c68d1cb18d: shutdown LeaderElection
2019-07-13 20:46:41,913 INFO  impl.RoleInfo (RoleInfo.java:shutdownLeaderElection(134)) - e7cac417-b6b8-4f77-98e0-2816751cf932: shutdown LeaderElection
2019-07-13 20:46:41,913 INFO  impl.RaftServerImpl (RaftServerImpl.java:setRole(171)) - 326f2cd2-9248-4541-ae9e-66c68d1cb18d:group-D1FBFB84A85B changes role from CANDIDATE to LEADER at term 1 for changeToLeader
2019-07-13 20:46:41,913 INFO  impl.RaftServerImpl (RaftServerImpl.java:setRole(171)) - e7cac417-b6b8-4f77-98e0-2816751cf932:group-D61FD81B6296 changes role from CANDIDATE to LEADER at term 1 for changeToLeader
2019-07-13 20:46:41,913 INFO  impl.RaftServerImpl (ServerState.java:setLeader(263)) - 326f2cd2-9248-4541-ae9e-66c68d1cb18d:group-D1FBFB84A85B change Leader from null to 326f2cd2-9248-4541-ae9e-66c68d1cb18d at term 1 for becomeLeader, leader elected after 5144ms
2019-07-13 20:46:41,913 INFO  impl.RaftServerImpl (ServerState.java:setLeader(263)) - e7cac417-b6b8-4f77-98e0-2816751cf932:group-D61FD81B6296 change Leader from null to e7cac417-b6b8-4f77-98e0-2816751cf932 at term 1 for becomeLeader, leader elected after 5196ms
2019-07-13 20:46:41,916 INFO  server.RaftServerConfigKeys (ConfUtils.java:logGet(43)) - raft.server.staging.catchup.gap = 1000 (default)
2019-07-13 20:46:41,918 INFO  server.RaftServerConfigKeys (ConfUtils.java:logGet(43)) - raft.server.staging.catchup.gap = 1000 (default)
2019-07-13 20:46:41,918 INFO  server.RaftServerConfigKeys (ConfUtils.java:logGet(43)) - raft.server.rpc.sleep.time = 25ms (default)
2019-07-13 20:46:41,918 INFO  server.RaftServerConfigKeys (ConfUtils.java:logGet(43)) - raft.server.rpc.sleep.time = 25ms (default)
2019-07-13 20:46:41,918 INFO  server.RaftServerConfigKeys (ConfUtils.java:logGet(43)) - raft.server.write.element-limit = 4096 (default)
2019-07-13 20:46:41,918 INFO  server.RaftServerConfigKeys (ConfUtils.java:logGet(43)) - raft.server.write.element-limit = 4096 (default)
2019-07-13 20:46:41,918 INFO  server.RaftServerConfigKeys (ConfUtils.java:logGet(43)) - raft.server.watch.timeout = 10s (default)
2019-07-13 20:46:41,919 INFO  server.RaftServerConfigKeys (ConfUtils.java:logGet(43)) - raft.server.watch.timeout = 10s (default)
2019-07-13 20:46:41,919 INFO  server.RaftServerConfigKeys (ConfUtils.java:logGet(43)) - raft.server.watch.timeout.denomination = 1s (default)
2019-07-13 20:46:41,919 INFO  server.RaftServerConfigKeys (ConfUtils.java:logGet(43)) - raft.server.watch.timeout.denomination = 1s (default)
2019-07-13 20:46:41,919 INFO  server.RaftServerConfigKeys (ConfUtils.java:logGet(43)) - raft.server.watch.element-limit = 65536 (default)
2019-07-13 20:46:41,919 INFO  server.RaftServerConfigKeys (ConfUtils.java:logGet(43)) - raft.server.watch.element-limit = 65536 (default)
2019-07-13 20:46:41,919 INFO  impl.RoleInfo (RoleInfo.java:updateAndGet(143)) - e7cac417-b6b8-4f77-98e0-2816751cf932: start LeaderState
2019-07-13 20:46:41,919 INFO  impl.RoleInfo (RoleInfo.java:updateAndGet(143)) - 326f2cd2-9248-4541-ae9e-66c68d1cb18d: start LeaderState
2019-07-13 20:46:41,920 INFO  segmented.SegmentedRaftLogWorker (SegmentedRaftLogWorker.java:startLogSegment(380)) - e7cac417-b6b8-4f77-98e0-2816751cf932-SegmentedRaftLogWorker:Storage Directory /tmp/workdir/hadoop-ozone/integration-test/target/test-dir/MiniOzoneClusterImpl-8ad9e420-ecfc-4906-b788-750b4191b1d8/datanode-2/data/ratis/d28af558-9280-4992-a7f9-d61fd81b6296: Starting segment from index:0
2019-07-13 20:46:41,920 INFO  segmented.SegmentedRaftLogWorker (SegmentedRaftLogWorker.java:startLogSegment(380)) - 326f2cd2-9248-4541-ae9e-66c68d1cb18d-SegmentedRaftLogWorker:Storage Directory /tmp/workdir/hadoop-ozone/integration-test/target/test-dir/MiniOzoneClusterImpl-8ad9e420-ecfc-4906-b788-750b4191b1d8/datanode-3/data/ratis/9263d23f-02a5-4b11-9078-d1fbfb84a85b: Starting segment from index:0
2019-07-13 20:46:41,921 INFO  impl.RaftServerImpl (ServerState.java:setRaftConf(361)) - e7cac417-b6b8-4f77-98e0-2816751cf932:group-D61FD81B6296 set configuration 0: [e7cac417-b6b8-4f77-98e0-2816751cf932:192.168.5.168:37655], old=null at 0
2019-07-13 20:46:41,942 INFO  impl.RaftServerImpl (ServerState.java:setRaftConf(361)) - 326f2cd2-9248-4541-ae9e-66c68d1cb18d:group-D1FBFB84A85B set configuration 0: [326f2cd2-9248-4541-ae9e-66c68d1cb18d:192.168.5.168:46437], old=null at 0
2019-07-13 20:46:41,946 INFO  segmented.SegmentedRaftLogWorker (SegmentedRaftLogWorker.java:execute(569)) - e7cac417-b6b8-4f77-98e0-2816751cf932-SegmentedRaftLogWorker:Storage Directory /tmp/workdir/hadoop-ozone/integration-test/target/test-dir/MiniOzoneClusterImpl-8ad9e420-ecfc-4906-b788-750b4191b1d8/datanode-2/data/ratis/d28af558-9280-4992-a7f9-d61fd81b6296: created new log segment /tmp/workdir/hadoop-ozone/integration-test/target/test-dir/MiniOzoneClusterImpl-8ad9e420-ecfc-4906-b788-750b4191b1d8/datanode-2/data/ratis/d28af558-9280-4992-a7f9-d61fd81b6296/current/log_inprogress_0
2019-07-13 20:46:41,946 INFO  segmented.SegmentedRaftLogWorker (SegmentedRaftLogWorker.java:execute(569)) - 326f2cd2-9248-4541-ae9e-66c68d1cb18d-SegmentedRaftLogWorker:Storage Directory /tmp/workdir/hadoop-ozone/integration-test/target/test-dir/MiniOzoneClusterImpl-8ad9e420-ecfc-4906-b788-750b4191b1d8/datanode-3/data/ratis/9263d23f-02a5-4b11-9078-d1fbfb84a85b: created new log segment /tmp/workdir/hadoop-ozone/integration-test/target/test-dir/MiniOzoneClusterImpl-8ad9e420-ecfc-4906-b788-750b4191b1d8/datanode-3/data/ratis/9263d23f-02a5-4b11-9078-d1fbfb84a85b/current/log_inprogress_0
2019-07-13 20:46:42,012 INFO  impl.FollowerState (FollowerState.java:run(106)) - be85a937-4246-4c27-b0c8-f10c7c118442:group-48E8D7178089 changes to CANDIDATE, lastRpcTime:5127, electionTimeout:5127ms
2019-07-13 20:46:42,014 INFO  impl.RoleInfo (RoleInfo.java:shutdownFollowerState(121)) - be85a937-4246-4c27-b0c8-f10c7c118442: shutdown FollowerState
2019-07-13 20:46:42,015 INFO  impl.RaftServerImpl (RaftServerImpl.java:setRole(171)) - be85a937-4246-4c27-b0c8-f10c7c118442:group-48E8D7178089 changes role from FOLLOWER to CANDIDATE at term 0 for changeToCandidate
2019-07-13 20:46:42,015 INFO  impl.RoleInfo (RoleInfo.java:updateAndGet(143)) - be85a937-4246-4c27-b0c8-f10c7c118442: start LeaderElection
2019-07-13 20:46:42,022 INFO  impl.FollowerState (FollowerState.java:run(106)) - c4016856-23fa-492d-976d-2a5803ccbc7b:group-48E8D7178089 changes to CANDIDATE, lastRpcTime:5139, electionTimeout:5137ms
2019-07-13 20:46:42,024 INFO  impl.RoleInfo (RoleInfo.java:shutdownFollowerState(121)) - c4016856-23fa-492d-976d-2a5803ccbc7b: shutdown FollowerState
2019-07-13 20:46:42,024 INFO  impl.RaftServerImpl (RaftServerImpl.java:setRole(171)) - c4016856-23fa-492d-976d-2a5803ccbc7b:group-48E8D7178089 changes role from FOLLOWER to CANDIDATE at term 0 for changeToCandidate
2019-07-13 20:46:42,024 INFO  impl.RoleInfo (RoleInfo.java:updateAndGet(143)) - c4016856-23fa-492d-976d-2a5803ccbc7b: start LeaderElection
2019-07-13 20:46:42,032 INFO  impl.LeaderElection (LeaderElection.java:askForVotes(181)) - c4016856-23fa-492d-976d-2a5803ccbc7b:group-48E8D7178089:LeaderElection9: begin an election at term 1 for -1: [009ce890-70b5-4ffc-aa2e-d715d4cde131:192.168.5.168:45083, be85a937-4246-4c27-b0c8-f10c7c118442:192.168.5.168:39171, c4016856-23fa-492d-976d-2a5803ccbc7b:192.168.5.168:32769], old=null
2019-07-13 20:46:42,032 INFO  impl.LeaderElection (LeaderElection.java:askForVotes(181)) - be85a937-4246-4c27-b0c8-f10c7c118442:group-48E8D7178089:LeaderElection8: begin an election at term 1 for -1: [009ce890-70b5-4ffc-aa2e-d715d4cde131:192.168.5.168:45083, be85a937-4246-4c27-b0c8-f10c7c118442:192.168.5.168:39171, c4016856-23fa-492d-976d-2a5803ccbc7b:192.168.5.168:32769], old=null
2019-07-13 20:46:42,054 INFO  impl.FollowerState (FollowerState.java:run(106)) - e7cac417-b6b8-4f77-98e0-2816751cf932:group-EDD7B5CB6DDE changes to CANDIDATE, lastRpcTime:5065, electionTimeout:5059ms
2019-07-13 20:46:42,054 INFO  impl.RoleInfo (RoleInfo.java:shutdownFollowerState(121)) - e7cac417-b6b8-4f77-98e0-2816751cf932: shutdown FollowerState
2019-07-13 20:46:42,054 INFO  impl.RaftServerImpl (RaftServerImpl.java:setRole(171)) - e7cac417-b6b8-4f77-98e0-2816751cf932:group-EDD7B5CB6DDE changes role from FOLLOWER to CANDIDATE at term 0 for changeToCandidate
2019-07-13 20:46:42,054 INFO  impl.RoleInfo (RoleInfo.java:updateAndGet(143)) - e7cac417-b6b8-4f77-98e0-2816751cf932: start LeaderElection
2019-07-13 20:46:42,067 INFO  impl.LeaderElection (LeaderElection.java:askForVotes(181)) - e7cac417-b6b8-4f77-98e0-2816751cf932:group-EDD7B5CB6DDE:LeaderElection10: begin an election at term 1 for -1: [76d95b71-7e54-404e-9af4-c391b77d9956:192.168.5.168:36747, 6b09d474-f080-47c0-857c-659cd2b308ab:192.168.5.168:40619, e7cac417-b6b8-4f77-98e0-2816751cf932:192.168.5.168:37655], old=null
2019-07-13 20:46:42,071 INFO  impl.FollowerState (FollowerState.java:run(106)) - 009ce890-70b5-4ffc-aa2e-d715d4cde131:group-48E8D7178089 changes to CANDIDATE, lastRpcTime:5199, electionTimeout:5199ms
2019-07-13 20:46:42,071 INFO  impl.RoleInfo (RoleInfo.java:shutdownFollowerState(121)) - 009ce890-70b5-4ffc-aa2e-d715d4cde131: shutdown FollowerState
2019-07-13 20:46:42,071 INFO  impl.RaftServerImpl (RaftServerImpl.java:setRole(171)) - 009ce890-70b5-4ffc-aa2e-d715d4cde131:group-48E8D7178089 changes role from FOLLOWER to CANDIDATE at term 0 for changeToCandidate
2019-07-13 20:46:42,073 INFO  impl.RoleInfo (RoleInfo.java:updateAndGet(143)) - 009ce890-70b5-4ffc-aa2e-d715d4cde131: start LeaderElection
2019-07-13 20:46:42,089 INFO  impl.LeaderElection (LeaderElection.java:askForVotes(181)) - 009ce890-70b5-4ffc-aa2e-d715d4cde131:group-48E8D7178089:LeaderElection11: begin an election at term 1 for -1: [009ce890-70b5-4ffc-aa2e-d715d4cde131:192.168.5.168:45083, be85a937-4246-4c27-b0c8-f10c7c118442:192.168.5.168:39171, c4016856-23fa-492d-976d-2a5803ccbc7b:192.168.5.168:32769], old=null
2019-07-13 20:46:42,116 INFO  impl.RaftServerImpl (RaftServerImpl.java:setRole(171)) - 6b09d474-f080-47c0-857c-659cd2b308ab:group-EDD7B5CB6DDE changes role from FOLLOWER to FOLLOWER at term 1 for recognizeCandidate:e7cac417-b6b8-4f77-98e0-2816751cf932
2019-07-13 20:46:42,116 INFO  impl.RoleInfo (RoleInfo.java:shutdownFollowerState(121)) - 6b09d474-f080-47c0-857c-659cd2b308ab: shutdown FollowerState
2019-07-13 20:46:42,116 INFO  impl.RoleInfo (RoleInfo.java:updateAndGet(143)) - 6b09d474-f080-47c0-857c-659cd2b308ab: start FollowerState
2019-07-13 20:46:42,116 INFO  impl.FollowerState (FollowerState.java:run(114)) - 6b09d474-f080-47c0-857c-659cd2b308ab: FollowerState was interrupted: java.lang.InterruptedException: sleep interrupted
2019-07-13 20:46:42,121 INFO  impl.RaftServerImpl (RaftServerImpl.java:setRole(171)) - 76d95b71-7e54-404e-9af4-c391b77d9956:group-EDD7B5CB6DDE changes role from FOLLOWER to FOLLOWER at term 1 for recognizeCandidate:e7cac417-b6b8-4f77-98e0-2816751cf932
2019-07-13 20:46:42,121 INFO  impl.RoleInfo (RoleInfo.java:shutdownFollowerState(121)) - 76d95b71-7e54-404e-9af4-c391b77d9956: shutdown FollowerState
2019-07-13 20:46:42,122 INFO  impl.RoleInfo (RoleInfo.java:updateAndGet(143)) - 76d95b71-7e54-404e-9af4-c391b77d9956: start FollowerState
2019-07-13 20:46:42,122 INFO  impl.FollowerState (FollowerState.java:run(114)) - 76d95b71-7e54-404e-9af4-c391b77d9956: FollowerState was interrupted: java.lang.InterruptedException: sleep interrupted
2019-07-13 20:46:42,124 INFO  impl.LeaderElection (LeaderElection.java:logAndReturn(56)) - be85a937-4246-4c27-b0c8-f10c7c118442:group-48E8D7178089:LeaderElection8: Election REJECTED; received 2 response(s) [be85a937-4246-4c27-b0c8-f10c7c118442<-009ce890-70b5-4ffc-aa2e-d715d4cde131#0:FAIL-t1, be85a937-4246-4c27-b0c8-f10c7c118442<-c4016856-23fa-492d-976d-2a5803ccbc7b#0:FAIL-t1] and 0 exception(s); be85a937-4246-4c27-b0c8-f10c7c118442:t1, leader=null, voted=be85a937-4246-4c27-b0c8-f10c7c118442, raftlog=be85a937-4246-4c27-b0c8-f10c7c118442-SegmentedRaftLog:OPENED:c-1,f-1,i0, conf=-1: [009ce890-70b5-4ffc-aa2e-d715d4cde131:192.168.5.168:45083, be85a937-4246-4c27-b0c8-f10c7c118442:192.168.5.168:39171, c4016856-23fa-492d-976d-2a5803ccbc7b:192.168.5.168:32769], old=null
2019-07-13 20:46:42,124 INFO  impl.LeaderElection (LeaderElection.java:logAndReturn(56)) - c4016856-23fa-492d-976d-2a5803ccbc7b:group-48E8D7178089:LeaderElection9: Election REJECTED; received 2 response(s) [c4016856-23fa-492d-976d-2a5803ccbc7b<-009ce890-70b5-4ffc-aa2e-d715d4cde131#0:FAIL-t1, c4016856-23fa-492d-976d-2a5803ccbc7b<-be85a937-4246-4c27-b0c8-f10c7c118442#0:FAIL-t1] and 0 exception(s); c4016856-23fa-492d-976d-2a5803ccbc7b:t1, leader=null, voted=c4016856-23fa-492d-976d-2a5803ccbc7b, raftlog=c4016856-23fa-492d-976d-2a5803ccbc7b-SegmentedRaftLog:OPENED:c-1,f-1,i0, conf=-1: [009ce890-70b5-4ffc-aa2e-d715d4cde131:192.168.5.168:45083, be85a937-4246-4c27-b0c8-f10c7c118442:192.168.5.168:39171, c4016856-23fa-492d-976d-2a5803ccbc7b:192.168.5.168:32769], old=null
2019-07-13 20:46:42,124 INFO  impl.RaftServerImpl (RaftServerImpl.java:setRole(171)) - be85a937-4246-4c27-b0c8-f10c7c118442:group-48E8D7178089 changes role from CANDIDATE to FOLLOWER at term 1 for DISCOVERED_A_NEW_TERM
2019-07-13 20:46:42,126 INFO  impl.RoleInfo (RoleInfo.java:shutdownLeaderElection(134)) - be85a937-4246-4c27-b0c8-f10c7c118442: shutdown LeaderElection
2019-07-13 20:46:42,128 INFO  impl.RaftServerImpl (RaftServerImpl.java:setRole(171)) - c4016856-23fa-492d-976d-2a5803ccbc7b:group-48E8D7178089 changes role from CANDIDATE to FOLLOWER at term 1 for DISCOVERED_A_NEW_TERM
2019-07-13 20:46:42,136 INFO  impl.RoleInfo (RoleInfo.java:shutdownLeaderElection(134)) - c4016856-23fa-492d-976d-2a5803ccbc7b: shutdown LeaderElection
2019-07-13 20:46:42,134 INFO  impl.RoleInfo (RoleInfo.java:updateAndGet(143)) - be85a937-4246-4c27-b0c8-f10c7c118442: start FollowerState
2019-07-13 20:46:42,136 INFO  impl.RoleInfo (RoleInfo.java:updateAndGet(143)) - c4016856-23fa-492d-976d-2a5803ccbc7b: start FollowerState
2019-07-13 20:46:42,149 INFO  impl.LeaderElection (LeaderElection.java:logAndReturn(56)) - 009ce890-70b5-4ffc-aa2e-d715d4cde131:group-48E8D7178089:LeaderElection11: Election REJECTED; received 2 response(s) [009ce890-70b5-4ffc-aa2e-d715d4cde131<-be85a937-4246-4c27-b0c8-f10c7c118442#0:FAIL-t1, 009ce890-70b5-4ffc-aa2e-d715d4cde131<-c4016856-23fa-492d-976d-2a5803ccbc7b#0:FAIL-t1] and 0 exception(s); 009ce890-70b5-4ffc-aa2e-d715d4cde131:t1, leader=null, voted=009ce890-70b5-4ffc-aa2e-d715d4cde131, raftlog=009ce890-70b5-4ffc-aa2e-d715d4cde131-SegmentedRaftLog:OPENED:c-1,f-1,i0, conf=-1: [009ce890-70b5-4ffc-aa2e-d715d4cde131:192.168.5.168:45083, be85a937-4246-4c27-b0c8-f10c7c118442:192.168.5.168:39171, c4016856-23fa-492d-976d-2a5803ccbc7b:192.168.5.168:32769], old=null
2019-07-13 20:46:42,150 INFO  impl.RaftServerImpl (RaftServerImpl.java:setRole(171)) - 009ce890-70b5-4ffc-aa2e-d715d4cde131:group-48E8D7178089 changes role from CANDIDATE to FOLLOWER at term 1 for DISCOVERED_A_NEW_TERM
2019-07-13 20:46:42,154 INFO  impl.RoleInfo (RoleInfo.java:shutdownLeaderElection(134)) - 009ce890-70b5-4ffc-aa2e-d715d4cde131: shutdown LeaderElection
2019-07-13 20:46:42,154 INFO  impl.RoleInfo (RoleInfo.java:updateAndGet(143)) - 009ce890-70b5-4ffc-aa2e-d715d4cde131: start FollowerState
2019-07-13 20:46:42,156 INFO  impl.LeaderElection (LeaderElection.java:logAndReturn(56)) - e7cac417-b6b8-4f77-98e0-2816751cf932:group-EDD7B5CB6DDE:LeaderElection10: Election PASSED; received 1 response(s) [e7cac417-b6b8-4f77-98e0-2816751cf932<-6b09d474-f080-47c0-857c-659cd2b308ab#0:OK-t1] and 0 exception(s); e7cac417-b6b8-4f77-98e0-2816751cf932:t1, leader=null, voted=e7cac417-b6b8-4f77-98e0-2816751cf932, raftlog=e7cac417-b6b8-4f77-98e0-2816751cf932-SegmentedRaftLog:OPENED:c-1,f-1,i0, conf=-1: [76d95b71-7e54-404e-9af4-c391b77d9956:192.168.5.168:36747, 6b09d474-f080-47c0-857c-659cd2b308ab:192.168.5.168:40619, e7cac417-b6b8-4f77-98e0-2816751cf932:192.168.5.168:37655], old=null
2019-07-13 20:46:42,158 INFO  impl.RoleInfo (RoleInfo.java:shutdownLeaderElection(134)) - e7cac417-b6b8-4f77-98e0-2816751cf932: shutdown LeaderElection
2019-07-13 20:46:42,164 INFO  impl.RaftServerImpl (RaftServerImpl.java:setRole(171)) - e7cac417-b6b8-4f77-98e0-2816751cf932:group-EDD7B5CB6DDE changes role from CANDIDATE to LEADER at term 1 for changeToLeader
2019-07-13 20:46:42,170 INFO  impl.RaftServerImpl (ServerState.java:setLeader(263)) - e7cac417-b6b8-4f77-98e0-2816751cf932:group-EDD7B5CB6DDE change Leader from null to e7cac417-b6b8-4f77-98e0-2816751cf932 at term 1 for becomeLeader, leader elected after 5199ms
2019-07-13 20:46:42,171 INFO  server.RaftServerConfigKeys (ConfUtils.java:logGet(43)) - raft.server.staging.catchup.gap = 1000 (default)
2019-07-13 20:46:42,171 INFO  server.RaftServerConfigKeys (ConfUtils.java:logGet(43)) - raft.server.rpc.sleep.time = 25ms (default)
2019-07-13 20:46:42,171 INFO  server.RaftServerConfigKeys (ConfUtils.java:logGet(43)) - raft.server.write.element-limit = 4096 (default)
2019-07-13 20:46:42,171 INFO  server.RaftServerConfigKeys (ConfUtils.java:logGet(43)) - raft.server.watch.timeout = 10s (default)
2019-07-13 20:46:42,171 INFO  server.RaftServerConfigKeys (ConfUtils.java:logGet(43)) - raft.server.watch.timeout.denomination = 1s (default)
2019-07-13 20:46:42,172 INFO  server.RaftServerConfigKeys (ConfUtils.java:logGet(43)) - raft.server.watch.element-limit = 65536 (default)
2019-07-13 20:46:42,175 INFO  server.RaftServerConfigKeys (ConfUtils.java:logGet(43)) - raft.server.log.appender.snapshot.chunk.size.max = 16MB (=16777216) (default)
2019-07-13 20:46:42,175 INFO  server.RaftServerConfigKeys (ConfUtils.java:logGet(43)) - raft.server.log.appender.buffer.byte-limit = 33554432 (custom)
2019-07-13 20:46:42,176 INFO  server.RaftServerConfigKeys (ConfUtils.java:logGet(43)) - raft.server.log.appender.buffer.element-limit = 1 (custom)
2019-07-13 20:46:42,179 INFO  grpc.GrpcConfigKeys$Server (ConfUtils.java:logGet(43)) - raft.grpc.server.leader.outstanding.appends.max = 128 (default)
2019-07-13 20:46:42,182 INFO  server.RaftServerConfigKeys (ConfUtils.java:logGet(43)) - raft.server.rpc.request.timeout = 3000ms (default)
2019-07-13 20:46:42,182 INFO  server.RaftServerConfigKeys (ConfUtils.java:logGet(43)) - raft.server.log.appender.install.snapshot.enabled = false (custom)
2019-07-13 20:46:42,182 INFO  server.RaftServerConfigKeys (ConfUtils.java:logGet(43)) - raft.server.log.appender.snapshot.chunk.size.max = 16MB (=16777216) (default)
2019-07-13 20:46:42,182 INFO  server.RaftServerConfigKeys (ConfUtils.java:logGet(43)) - raft.server.log.appender.buffer.byte-limit = 33554432 (custom)
2019-07-13 20:46:42,182 INFO  server.RaftServerConfigKeys (ConfUtils.java:logGet(43)) - raft.server.log.appender.buffer.element-limit = 1 (custom)
2019-07-13 20:46:42,183 INFO  grpc.GrpcConfigKeys$Server (ConfUtils.java:logGet(43)) - raft.grpc.server.leader.outstanding.appends.max = 128 (default)
2019-07-13 20:46:42,183 INFO  server.RaftServerConfigKeys (ConfUtils.java:logGet(43)) - raft.server.rpc.request.timeout = 3000ms (default)
2019-07-13 20:46:42,183 INFO  server.RaftServerConfigKeys (ConfUtils.java:logGet(43)) - raft.server.log.appender.install.snapshot.enabled = false (custom)
2019-07-13 20:46:42,185 INFO  impl.RoleInfo (RoleInfo.java:updateAndGet(143)) - e7cac417-b6b8-4f77-98e0-2816751cf932: start LeaderState
2019-07-13 20:46:42,185 INFO  segmented.SegmentedRaftLogWorker (SegmentedRaftLogWorker.java:startLogSegment(380)) - e7cac417-b6b8-4f77-98e0-2816751cf932-SegmentedRaftLogWorker:Storage Directory /tmp/workdir/hadoop-ozone/integration-test/target/test-dir/MiniOzoneClusterImpl-8ad9e420-ecfc-4906-b788-750b4191b1d8/datanode-2/data/ratis/0a4d16f4-a9da-40c3-bfca-edd7b5cb6dde: Starting segment from index:0
2019-07-13 20:46:42,186 INFO  impl.RaftServerImpl (ServerState.java:setRaftConf(361)) - e7cac417-b6b8-4f77-98e0-2816751cf932:group-EDD7B5CB6DDE set configuration 0: [76d95b71-7e54-404e-9af4-c391b77d9956:192.168.5.168:36747, 6b09d474-f080-47c0-857c-659cd2b308ab:192.168.5.168:40619, e7cac417-b6b8-4f77-98e0-2816751cf932:192.168.5.168:37655], old=null at 0
2019-07-13 20:46:42,209 INFO  segmented.SegmentedRaftLogWorker (SegmentedRaftLogWorker.java:execute(569)) - e7cac417-b6b8-4f77-98e0-2816751cf932-SegmentedRaftLogWorker:Storage Directory /tmp/workdir/hadoop-ozone/integration-test/target/test-dir/MiniOzoneClusterImpl-8ad9e420-ecfc-4906-b788-750b4191b1d8/datanode-2/data/ratis/0a4d16f4-a9da-40c3-bfca-edd7b5cb6dde: created new log segment /tmp/workdir/hadoop-ozone/integration-test/target/test-dir/MiniOzoneClusterImpl-8ad9e420-ecfc-4906-b788-750b4191b1d8/datanode-2/data/ratis/0a4d16f4-a9da-40c3-bfca-edd7b5cb6dde/current/log_inprogress_0
2019-07-13 20:46:42,235 INFO  client.GrpcClientProtocolClient (GrpcClientProtocolClient.java:onNext(255)) - client-D86DF9C9B31B->be85a937-4246-4c27-b0c8-f10c7c118442: receive RaftClientReply:client-D86DF9C9B31B->be85a937-4246-4c27-b0c8-f10c7c118442@group-48E8D7178089, cid=13, FAILED org.apache.ratis.protocol.NotLeaderException: Server be85a937-4246-4c27-b0c8-f10c7c118442 is not the leader (null). Request must be sent to leader., logIndex=0, commits[be85a937-4246-4c27-b0c8-f10c7c118442:c-1]
2019-07-13 20:46:42,241 INFO  impl.RaftServerImpl (ServerState.java:setLeader(263)) - 6b09d474-f080-47c0-857c-659cd2b308ab:group-EDD7B5CB6DDE change Leader from null to e7cac417-b6b8-4f77-98e0-2816751cf932 at term 1 for appendEntries, leader elected after 5270ms
2019-07-13 20:46:42,245 INFO  impl.RaftServerImpl (ServerState.java:setLeader(263)) - 76d95b71-7e54-404e-9af4-c391b77d9956:group-EDD7B5CB6DDE change Leader from null to e7cac417-b6b8-4f77-98e0-2816751cf932 at term 1 for appendEntries, leader elected after 5274ms
2019-07-13 20:46:42,272 WARN  io.KeyOutputStream (KeyOutputStream.java:handleException(276)) - Encountered exception java.io.IOException: Unexpected Storage Container Exception: java.util.concurrent.CompletionException: java.util.concurrent.CompletionException: org.apache.ratis.protocol.RaftRetryFailureException: Failed RaftClientRequest:client-D86DF9C9B31B->be85a937-4246-4c27-b0c8-f10c7c118442@group-48E8D7178089, cid=13, seq=1*, RW, org.apache.hadoop.hdds.scm.XceiverClientRatis$$Lambda$309/674659751@2a42066b for 5 attempts with RetryLimited(maxAttempts=5, sleepTime=1000ms) on the pipeline Pipeline[ Id: 6d2387b3-2dcf-4199-aaab-48e8d7178089, Nodes: c4016856-23fa-492d-976d-2a5803ccbc7b{ip: 192.168.5.168, host: trunk-nightly-6qp7m-2461138711, networkLocation: /default-rack, certSerialId: null}009ce890-70b5-4ffc-aa2e-d715d4cde131{ip: 192.168.5.168, host: trunk-nightly-6qp7m-2461138711, networkLocation: /default-rack, certSerialId: null}be85a937-4246-4c27-b0c8-f10c7c118442{ip: 192.168.5.168, host: trunk-nightly-6qp7m-2461138711, networkLocation: /default-rack, certSerialId: null}, Type:RATIS, Factor:THREE, State:OPEN]. The last committed block length is 0, uncommitted data length is 400 retry count 0
2019-07-13 20:46:42,296 INFO  impl.RaftServerImpl (ServerState.java:setRaftConf(361)) - 76d95b71-7e54-404e-9af4-c391b77d9956:group-EDD7B5CB6DDE set configuration 0: [76d95b71-7e54-404e-9af4-c391b77d9956:192.168.5.168:36747, 6b09d474-f080-47c0-857c-659cd2b308ab:192.168.5.168:40619, e7cac417-b6b8-4f77-98e0-2816751cf932:192.168.5.168:37655], old=null at 0
2019-07-13 20:46:42,296 INFO  impl.RaftServerImpl (ServerState.java:setRaftConf(361)) - 6b09d474-f080-47c0-857c-659cd2b308ab:group-EDD7B5CB6DDE set configuration 0: [76d95b71-7e54-404e-9af4-c391b77d9956:192.168.5.168:36747, 6b09d474-f080-47c0-857c-659cd2b308ab:192.168.5.168:40619, e7cac417-b6b8-4f77-98e0-2816751cf932:192.168.5.168:37655], old=null at 0
2019-07-13 20:46:42,298 INFO  segmented.SegmentedRaftLogWorker (SegmentedRaftLogWorker.java:startLogSegment(380)) - 76d95b71-7e54-404e-9af4-c391b77d9956-SegmentedRaftLogWorker:Storage Directory /tmp/workdir/hadoop-ozone/integration-test/target/test-dir/MiniOzoneClusterImpl-8ad9e420-ecfc-4906-b788-750b4191b1d8/datanode-0/data/ratis/0a4d16f4-a9da-40c3-bfca-edd7b5cb6dde: Starting segment from index:0
2019-07-13 20:46:42,298 INFO  segmented.SegmentedRaftLogWorker (SegmentedRaftLogWorker.java:startLogSegment(380)) - 6b09d474-f080-47c0-857c-659cd2b308ab-SegmentedRaftLogWorker:Storage Directory /tmp/workdir/hadoop-ozone/integration-test/target/test-dir/MiniOzoneClusterImpl-8ad9e420-ecfc-4906-b788-750b4191b1d8/datanode-5/data/ratis/0a4d16f4-a9da-40c3-bfca-edd7b5cb6dde: Starting segment from index:0
2019-07-13 20:46:42,331 INFO  segmented.SegmentedRaftLogWorker (SegmentedRaftLogWorker.java:execute(569)) - 6b09d474-f080-47c0-857c-659cd2b308ab-SegmentedRaftLogWorker:Storage Directory /tmp/workdir/hadoop-ozone/integration-test/target/test-dir/MiniOzoneClusterImpl-8ad9e420-ecfc-4906-b788-750b4191b1d8/datanode-5/data/ratis/0a4d16f4-a9da-40c3-bfca-edd7b5cb6dde: created new log segment /tmp/workdir/hadoop-ozone/integration-test/target/test-dir/MiniOzoneClusterImpl-8ad9e420-ecfc-4906-b788-750b4191b1d8/datanode-5/data/ratis/0a4d16f4-a9da-40c3-bfca-edd7b5cb6dde/current/log_inprogress_0
2019-07-13 20:46:42,332 INFO  segmented.SegmentedRaftLogWorker (SegmentedRaftLogWorker.java:execute(569)) - 76d95b71-7e54-404e-9af4-c391b77d9956-SegmentedRaftLogWorker:Storage Directory /tmp/workdir/hadoop-ozone/integration-test/target/test-dir/MiniOzoneClusterImpl-8ad9e420-ecfc-4906-b788-750b4191b1d8/datanode-0/data/ratis/0a4d16f4-a9da-40c3-bfca-edd7b5cb6dde: created new log segment /tmp/workdir/hadoop-ozone/integration-test/target/test-dir/MiniOzoneClusterImpl-8ad9e420-ecfc-4906-b788-750b4191b1d8/datanode-0/data/ratis/0a4d16f4-a9da-40c3-bfca-edd7b5cb6dde/current/log_inprogress_0
2019-07-13 20:46:42,346 INFO  client.GrpcClientProtocolClient (GrpcClientProtocolClient.java:onNext(255)) - client-4B04E8379B6B->6b09d474-f080-47c0-857c-659cd2b308ab: receive RaftClientReply:client-4B04E8379B6B->6b09d474-f080-47c0-857c-659cd2b308ab@group-EDD7B5CB6DDE, cid=19, FAILED org.apache.ratis.protocol.NotLeaderException: Server 6b09d474-f080-47c0-857c-659cd2b308ab is not the leader (e7cac417-b6b8-4f77-98e0-2816751cf932:192.168.5.168:37655). Request must be sent to leader., logIndex=0, commits[6b09d474-f080-47c0-857c-659cd2b308ab:c0, 76d95b71-7e54-404e-9af4-c391b77d9956:c-1, e7cac417-b6b8-4f77-98e0-2816751cf932:c0]
2019-07-13 20:46:42,542 INFO  client.GrpcClientProtocolClient (GrpcClientProtocolClient.java:onNext(255)) - client-4B04E8379B6B->e7cac417-b6b8-4f77-98e0-2816751cf932: receive RaftClientReply:client-4B04E8379B6B->e7cac417-b6b8-4f77-98e0-2816751cf932@group-EDD7B5CB6DDE, cid=19, SUCCESS, logIndex=1, commits[e7cac417-b6b8-4f77-98e0-2816751cf932:c1, 76d95b71-7e54-404e-9af4-c391b77d9956:c0, 6b09d474-f080-47c0-857c-659cd2b308ab:c0]
2019-07-13 20:46:42,568 INFO  client.GrpcClientProtocolClient (GrpcClientProtocolClient.java:onNext(255)) - client-4B04E8379B6B->e7cac417-b6b8-4f77-98e0-2816751cf932: receive RaftClientReply:client-4B04E8379B6B->e7cac417-b6b8-4f77-98e0-2816751cf932@group-EDD7B5CB6DDE, cid=20, SUCCESS, logIndex=3, commits[e7cac417-b6b8-4f77-98e0-2816751cf932:c3, 76d95b71-7e54-404e-9af4-c391b77d9956:c1, 6b09d474-f080-47c0-857c-659cd2b308ab:c2]
2019-07-13 20:46:42,613 INFO  client.GrpcClientProtocolClient (GrpcClientProtocolClient.java:onNext(255)) - client-4B04E8379B6B->e7cac417-b6b8-4f77-98e0-2816751cf932: receive RaftClientReply:client-4B04E8379B6B->e7cac417-b6b8-4f77-98e0-2816751cf932@group-EDD7B5CB6DDE, cid=21, SUCCESS, logIndex=4, commits[e7cac417-b6b8-4f77-98e0-2816751cf932:c12, 76d95b71-7e54-404e-9af4-c391b77d9956:c7, 6b09d474-f080-47c0-857c-659cd2b308ab:c7]
2019-07-13 20:46:42,614 INFO  client.GrpcClientProtocolClient (GrpcClientProtocolClient.java:onNext(255)) - client-4B04E8379B6B->e7cac417-b6b8-4f77-98e0-2816751cf932: receive RaftClientReply:client-4B04E8379B6B->e7cac417-b6b8-4f77-98e0-2816751cf932@group-EDD7B5CB6DDE, cid=22, SUCCESS, logIndex=5, commits[e7cac417-b6b8-4f77-98e0-2816751cf932:c12, 76d95b71-7e54-404e-9af4-c391b77d9956:c7, 6b09d474-f080-47c0-857c-659cd2b308ab:c7]
2019-07-13 20:46:42,615 INFO  client.GrpcClientProtocolClient (GrpcClientProtocolClient.java:onNext(255)) - client-4B04E8379B6B->e7cac417-b6b8-4f77-98e0-2816751cf932: receive RaftClientReply:client-4B04E8379B6B->e7cac417-b6b8-4f77-98e0-2816751cf932@group-EDD7B5CB6DDE, cid=23, SUCCESS, logIndex=6, commits[e7cac417-b6b8-4f77-98e0-2816751cf932:c12, 76d95b71-7e54-404e-9af4-c391b77d9956:c7, 6b09d474-f080-47c0-857c-659cd2b308ab:c7]
2019-07-13 20:46:42,647 INFO  client.GrpcClientProtocolClient (GrpcClientProtocolClient.java:onNext(255)) - client-4B04E8379B6B->e7cac417-b6b8-4f77-98e0-2816751cf932: receive RaftClientReply:client-4B04E8379B6B->e7cac417-b6b8-4f77-98e0-2816751cf932@group-EDD7B5CB6DDE, cid=24, SUCCESS, logIndex=7, commits[e7cac417-b6b8-4f77-98e0-2816751cf932:c12, 76d95b71-7e54-404e-9af4-c391b77d9956:c7, 6b09d474-f080-47c0-857c-659cd2b308ab:c7]
]]></system-out>
    <system-err><![CDATA[ERROR StatusLogger No Log4j 2 configuration file found. Using default configuration (logging only errors to the console), or user programmatically provided configurations. Set system property 'log4j2.debug' to show Log4j 2 internal initialization logging. See https://logging.apache.org/log4j/2.x/manual/configuration.html for instructions on how to configure Log4j 2
Jul 13, 2019 8:46:30 PM com.sun.jersey.server.impl.application.WebApplicationImpl _initiate
INFO: Initiating Jersey application, version 'Jersey: 1.19 02/11/2015 03:25 AM'
Jul 13, 2019 8:46:31 PM com.sun.jersey.server.impl.application.WebApplicationImpl _initiate
INFO: Initiating Jersey application, version 'Jersey: 1.19 02/11/2015 03:25 AM'
Jul 13, 2019 8:46:31 PM com.sun.jersey.server.impl.application.WebApplicationImpl _initiate
INFO: Initiating Jersey application, version 'Jersey: 1.19 02/11/2015 03:25 AM'
Jul 13, 2019 8:46:31 PM com.sun.jersey.server.impl.application.WebApplicationImpl _initiate
INFO: Initiating Jersey application, version 'Jersey: 1.19 02/11/2015 03:25 AM'
Jul 13, 2019 8:46:31 PM com.sun.jersey.server.impl.application.WebApplicationImpl _initiate
INFO: Initiating Jersey application, version 'Jersey: 1.19 02/11/2015 03:25 AM'
Jul 13, 2019 8:46:31 PM com.sun.jersey.server.impl.application.WebApplicationImpl _initiate
INFO: Initiating Jersey application, version 'Jersey: 1.19 02/11/2015 03:25 AM'
Jul 13, 2019 8:46:32 PM com.sun.jersey.server.impl.application.WebApplicationImpl _initiate
INFO: Initiating Jersey application, version 'Jersey: 1.19 02/11/2015 03:25 AM'
]]></system-err>
  </testcase>
  <testcase name="testWatchForCommitWithSmallerTimeoutValue" classname="org.apache.hadoop.ozone.client.rpc.TestWatchForCommit" time="21.55">
    <failure message="expected exception not thrown" type="java.lang.AssertionError">java.lang.AssertionError: expected exception not thrown
	at org.junit.Assert.fail(Assert.java:88)
	at org.apache.hadoop.ozone.client.rpc.TestWatchForCommit.testWatchForCommitWithSmallerTimeoutValue(TestWatchForCommit.java:308)
	at sun.reflect.NativeMethodAccessorImpl.invoke0(Native Method)
	at sun.reflect.NativeMethodAccessorImpl.invoke(NativeMethodAccessorImpl.java:62)
	at sun.reflect.DelegatingMethodAccessorImpl.invoke(DelegatingMethodAccessorImpl.java:43)
	at java.lang.reflect.Method.invoke(Method.java:498)
	at org.junit.runners.model.FrameworkMethod$1.runReflectiveCall(FrameworkMethod.java:47)
	at org.junit.internal.runners.model.ReflectiveCallable.run(ReflectiveCallable.java:12)
	at org.junit.runners.model.FrameworkMethod.invokeExplosively(FrameworkMethod.java:44)
	at org.junit.internal.runners.statements.InvokeMethod.evaluate(InvokeMethod.java:17)
	at org.junit.runners.ParentRunner.runLeaf(ParentRunner.java:271)
	at org.junit.runners.BlockJUnit4ClassRunner.runChild(BlockJUnit4ClassRunner.java:70)
	at org.junit.runners.BlockJUnit4ClassRunner.runChild(BlockJUnit4ClassRunner.java:50)
	at org.junit.runners.ParentRunner$3.run(ParentRunner.java:238)
	at org.junit.runners.ParentRunner$1.schedule(ParentRunner.java:63)
	at org.junit.runners.ParentRunner.runChildren(ParentRunner.java:236)
	at org.junit.runners.ParentRunner.access$000(ParentRunner.java:53)
	at org.junit.runners.ParentRunner$2.evaluate(ParentRunner.java:229)
	at org.junit.runners.ParentRunner.run(ParentRunner.java:309)
	at org.apache.maven.surefire.junit4.JUnit4Provider.execute(JUnit4Provider.java:365)
	at org.apache.maven.surefire.junit4.JUnit4Provider.executeWithRerun(JUnit4Provider.java:273)
	at org.apache.maven.surefire.junit4.JUnit4Provider.executeTestSet(JUnit4Provider.java:238)
	at org.apache.maven.surefire.junit4.JUnit4Provider.invoke(JUnit4Provider.java:159)
	at org.apache.maven.surefire.booter.ForkedBooter.invokeProviderInSameClassLoader(ForkedBooter.java:384)
	at org.apache.maven.surefire.booter.ForkedBooter.runSuitesInProcess(ForkedBooter.java:345)
	at org.apache.maven.surefire.booter.ForkedBooter.execute(ForkedBooter.java:126)
	at org.apache.maven.surefire.booter.ForkedBooter.main(ForkedBooter.java:418)
</failure>
    <system-out><![CDATA[2019-07-13 20:46:42,673 WARN  server.ServerUtils (ServerUtils.java:getScmDbDir(145)) - ozone.scm.db.dirs is not configured. We recommend adding this setting. Falling back to ozone.metadata.dirs instead.
2019-07-13 20:46:42,678 WARN  server.ServerUtils (ServerUtils.java:getScmDbDir(145)) - ozone.scm.db.dirs is not configured. We recommend adding this setting. Falling back to ozone.metadata.dirs instead.
2019-07-13 20:46:42,678 WARN  server.ServerUtils (ServerUtils.java:getScmDbDir(145)) - ozone.scm.db.dirs is not configured. We recommend adding this setting. Falling back to ozone.metadata.dirs instead.
2019-07-13 20:46:42,678 INFO  db.DBStoreBuilder (DBStoreBuilder.java:addTable(110)) - using custom profile for table: deletedBlocks
2019-07-13 20:46:42,679 INFO  db.DBStoreBuilder (DBStoreBuilder.java:processTables(161)) - Using default column profile:DBProfile.DISK for Table:deletedBlocks
2019-07-13 20:46:42,679 INFO  db.DBStoreBuilder (DBStoreBuilder.java:addTable(110)) - using custom profile for table: validCerts
2019-07-13 20:46:42,679 INFO  db.DBStoreBuilder (DBStoreBuilder.java:processTables(161)) - Using default column profile:DBProfile.DISK for Table:validCerts
2019-07-13 20:46:42,679 INFO  db.DBStoreBuilder (DBStoreBuilder.java:addTable(110)) - using custom profile for table: revokedCerts
2019-07-13 20:46:42,679 INFO  db.DBStoreBuilder (DBStoreBuilder.java:processTables(161)) - Using default column profile:DBProfile.DISK for Table:revokedCerts
2019-07-13 20:46:42,680 INFO  db.DBStoreBuilder (DBStoreBuilder.java:addTable(110)) - using custom profile for table: default
2019-07-13 20:46:42,680 INFO  db.DBStoreBuilder (DBStoreBuilder.java:processTables(167)) - Using default column profile:DBProfile.DISK for Table:default
2019-07-13 20:46:42,680 INFO  db.DBStoreBuilder (DBStoreBuilder.java:getDbProfile(198)) - Using default options. DBProfile.DISK
2019-07-13 20:46:42,764 INFO  net.NodeSchemaLoader (NodeSchemaLoader.java:loadSchemaFromFile(125)) - Loading file from sun.misc.CompoundEnumeration@2a1e57c6
2019-07-13 20:46:42,764 INFO  net.NodeSchemaLoader (NodeSchemaLoader.java:loadSchema(171)) - Loading network topology layer schema file
2019-07-13 20:46:42,769 WARN  server.ServerUtils (ServerUtils.java:sanitizeUserArgs(70)) - ozone.scm.stale.node.interval value = 300000 is larger than max = 100000 based on the key value of ozone.scm.heartbeat.thread.interval, reset to the max value 100000.
2019-07-13 20:46:42,769 WARN  server.ServerUtils (ServerUtils.java:sanitizeUserArgs(70)) - ozone.scm.stale.node.interval value = 300000 is larger than max = 100000 based on the key value of ozone.scm.heartbeat.thread.interval, reset to the max value 100000.
2019-07-13 20:46:42,769 INFO  node.SCMNodeManager (SCMNodeManager.java:<init>(119)) - Entering startup safe mode.
2019-07-13 20:46:42,771 WARN  server.ServerUtils (ServerUtils.java:getScmDbDir(145)) - ozone.scm.db.dirs is not configured. We recommend adding this setting. Falling back to ozone.metadata.dirs instead.
2019-07-13 20:46:42,793 INFO  pipeline.SCMPipelineManager (SCMPipelineManager.java:initializePipelineState(126)) - No pipeline exists in current db
2019-07-13 20:46:42,794 WARN  server.ServerUtils (ServerUtils.java:getScmDbDir(145)) - ozone.scm.db.dirs is not configured. We recommend adding this setting. Falling back to ozone.metadata.dirs instead.
2019-07-13 20:46:42,821 WARN  events.EventQueue (EventQueue.java:fireEvent(175)) - No event handler registered for event TypedEvent{payloadType=SafeModeStatus, name='SafeModeStatus'}
2019-07-13 20:46:42,823 INFO  ipc.CallQueueManager (CallQueueManager.java:<init>(84)) - Using callQueue: class java.util.concurrent.LinkedBlockingQueue, queueCapacity: 2000, scheduler: class org.apache.hadoop.ipc.DefaultRpcScheduler, ipcBackoff: false.
2019-07-13 20:46:42,824 INFO  ipc.Server (Server.java:run(1074)) - Starting Socket Reader #1 for port 34321
2019-07-13 20:46:42,830 INFO  ipc.CallQueueManager (CallQueueManager.java:<init>(84)) - Using callQueue: class java.util.concurrent.LinkedBlockingQueue, queueCapacity: 2000, scheduler: class org.apache.hadoop.ipc.DefaultRpcScheduler, ipcBackoff: false.
2019-07-13 20:46:42,831 INFO  ipc.Server (Server.java:run(1074)) - Starting Socket Reader #1 for port 36425
2019-07-13 20:46:42,835 INFO  ipc.CallQueueManager (CallQueueManager.java:<init>(84)) - Using callQueue: class java.util.concurrent.LinkedBlockingQueue, queueCapacity: 2000, scheduler: class org.apache.hadoop.ipc.DefaultRpcScheduler, ipcBackoff: false.
2019-07-13 20:46:42,836 INFO  ipc.Server (Server.java:run(1074)) - Starting Socket Reader #1 for port 39796
2019-07-13 20:46:42,840 INFO  hdfs.DFSUtil (DFSUtil.java:httpServerTemplateForNNAndJN(1641)) - Starting Web-server for scm at: http://0.0.0.0:0
2019-07-13 20:46:42,842 INFO  server.AuthenticationFilter (AuthenticationFilter.java:constructSecretProvider(240)) - Unable to initialize FileSignerSecretProvider, falling back to use random secrets.
2019-07-13 20:46:42,843 WARN  http.HttpRequestLog (HttpRequestLog.java:getRequestLog(97)) - Jetty request log can only be enabled using Log4j
2019-07-13 20:46:42,845 INFO  http.HttpServer2 (HttpServer2.java:addGlobalFilter(975)) - Added global filter 'safety' (class=org.apache.hadoop.http.HttpServer2$QuotingInputFilter)
2019-07-13 20:46:42,847 INFO  http.HttpServer2 (HttpServer2.java:addFilter(948)) - Added filter static_user_filter (class=org.apache.hadoop.http.lib.StaticUserWebFilter$StaticUserFilter) to context scm
2019-07-13 20:46:42,847 INFO  http.HttpServer2 (HttpServer2.java:addFilter(958)) - Added filter static_user_filter (class=org.apache.hadoop.http.lib.StaticUserWebFilter$StaticUserFilter) to context static
2019-07-13 20:46:42,847 INFO  http.HttpServer2 (HttpServer2.java:addFilter(958)) - Added filter static_user_filter (class=org.apache.hadoop.http.lib.StaticUserWebFilter$StaticUserFilter) to context logs
2019-07-13 20:46:42,855 INFO  server.StorageContainerManager (StorageContainerManager.java:start(759)) - StorageContainerLocationProtocol RPC server is listening at /0.0.0.0:39796
2019-07-13 20:46:42,855 INFO  impl.MetricsSystemImpl (MetricsSystemImpl.java:init(158)) - StorageContainerManager metrics system started (again)
2019-07-13 20:46:42,856 INFO  server.SCMClientProtocolServer (SCMClientProtocolServer.java:start(149)) - RPC server for Client  is listening at /0.0.0.0:39796
2019-07-13 20:46:42,856 INFO  ipc.Server (Server.java:run(1314)) - IPC Server Responder: starting
2019-07-13 20:46:42,856 INFO  ipc.Server (Server.java:run(1153)) - IPC Server listener on 39796: starting
2019-07-13 20:46:42,862 INFO  server.StorageContainerManager (StorageContainerManager.java:start(768)) - ScmBlockLocationProtocol RPC server is listening at /0.0.0.0:36425
2019-07-13 20:46:42,862 INFO  server.SCMBlockProtocolServer (SCMBlockProtocolServer.java:start(140)) - RPC server for Block Protocol is listening at /0.0.0.0:36425
2019-07-13 20:46:42,863 INFO  ipc.Server (Server.java:run(1314)) - IPC Server Responder: starting
2019-07-13 20:46:42,863 INFO  ipc.Server (Server.java:run(1153)) - IPC Server listener on 36425: starting
2019-07-13 20:46:42,870 INFO  server.StorageContainerManager (StorageContainerManager.java:start(772)) - ScmDatanodeProtocl RPC server is listening at /0.0.0.0:34321
2019-07-13 20:46:42,870 INFO  server.SCMDatanodeProtocolServer (SCMDatanodeProtocolServer.java:start(191)) - RPC server for DataNodes is listening at /0.0.0.0:34321
2019-07-13 20:46:42,871 INFO  ipc.Server (Server.java:run(1314)) - IPC Server Responder: starting
2019-07-13 20:46:42,871 INFO  ipc.Server (Server.java:run(1153)) - IPC Server listener on 34321: starting
2019-07-13 20:46:42,877 INFO  http.HttpServer2 (HttpServer2.java:bindListener(1191)) - Jetty bound to port 41298
2019-07-13 20:46:42,877 INFO  server.Server (Server.java:doStart(351)) - jetty-9.3.24.v20180605, build timestamp: 2018-06-05T17:11:56Z, git hash: 84205aa28f11a4f31f2a3b86d1bba2cc8ab69827
2019-07-13 20:46:42,879 INFO  handler.ContextHandler (ContextHandler.java:doStart(781)) - Started o.e.j.s.ServletContextHandler@6684f7f2{/logs,file:///tmp/workdir/hadoop-ozone/integration-test/target/log,AVAILABLE}
2019-07-13 20:46:42,880 INFO  handler.ContextHandler (ContextHandler.java:doStart(781)) - Started o.e.j.s.ServletContextHandler@505d2bac{/static,file:///tmp/workdir/hadoop-ozone/integration-test/target/test-classes/webapps/static,AVAILABLE}
2019-07-13 20:46:42,884 INFO  handler.ContextHandler (ContextHandler.java:doStart(781)) - Started o.e.j.w.WebAppContext@62b0bf85{/,file:///tmp/workdir/hadoop-ozone/integration-test/target/test-classes/webapps/scm/,AVAILABLE}{/scm}
2019-07-13 20:46:42,885 INFO  server.AbstractConnector (AbstractConnector.java:doStart(278)) - Started ServerConnector@1fcaea93{HTTP/1.1,[http/1.1]}{0.0.0.0:41298}
2019-07-13 20:46:42,887 INFO  server.Server (Server.java:doStart(419)) - Started @17687ms
2019-07-13 20:46:42,887 INFO  server.BaseHttpServer (BaseHttpServer.java:updateConnectorAddress(207)) - HTTP server of SCM is listening at http://0.0.0.0:41298
2019-07-13 20:46:42,888 WARN  server.ServerUtils (ServerUtils.java:getDBPath(222)) - ozone.om.db.dirs is not configured. We recommend adding this setting. Falling back to ozone.metadata.dirs instead.
2019-07-13 20:46:42,889 INFO  util.JvmPauseMonitor (JvmPauseMonitor.java:run(188)) - Starting JVM pause monitor
2019-07-13 20:46:42,901 WARN  server.ServerUtils (ServerUtils.java:getDBPath(222)) - ozone.om.db.dirs is not configured. We recommend adding this setting. Falling back to ozone.metadata.dirs instead.
2019-07-13 20:46:42,901 INFO  om.OzoneManager (OzoneManager.java:setOMNodeDetails(630)) - OM Service ID is not set. Setting it to the default ID: omServiceIdDefault
2019-07-13 20:46:42,901 INFO  om.OzoneManager (OzoneManager.java:setOMNodeDetails(636)) - OM Node ID is not set. Setting it to the OmStorage's OmID: 2b4b448b-d813-4b2a-8af0-d9798a46b34c
2019-07-13 20:46:42,902 INFO  om.OzoneManager (OzoneManager.java:loadOMHAConfigs(587)) - Found matching OM address with OMServiceId: null, OMNodeId: null, RPC Address: localhost:0 and Ratis port: 9872
2019-07-13 20:46:42,912 WARN  server.ServerUtils (ServerUtils.java:getDBPath(222)) - ozone.om.db.dirs is not configured. We recommend adding this setting. Falling back to ozone.metadata.dirs instead.
2019-07-13 20:46:42,913 INFO  db.DBStoreBuilder (DBStoreBuilder.java:addTable(110)) - using custom profile for table: userTable
2019-07-13 20:46:42,913 INFO  db.DBStoreBuilder (DBStoreBuilder.java:processTables(161)) - Using default column profile:DBProfile.DISK for Table:userTable
2019-07-13 20:46:42,913 INFO  db.DBStoreBuilder (DBStoreBuilder.java:addTable(110)) - using custom profile for table: volumeTable
2019-07-13 20:46:42,913 INFO  db.DBStoreBuilder (DBStoreBuilder.java:processTables(161)) - Using default column profile:DBProfile.DISK for Table:volumeTable
2019-07-13 20:46:42,913 INFO  db.DBStoreBuilder (DBStoreBuilder.java:addTable(110)) - using custom profile for table: bucketTable
2019-07-13 20:46:42,913 INFO  db.DBStoreBuilder (DBStoreBuilder.java:processTables(161)) - Using default column profile:DBProfile.DISK for Table:bucketTable
2019-07-13 20:46:42,914 INFO  db.DBStoreBuilder (DBStoreBuilder.java:addTable(110)) - using custom profile for table: keyTable
2019-07-13 20:46:42,914 INFO  db.DBStoreBuilder (DBStoreBuilder.java:processTables(161)) - Using default column profile:DBProfile.DISK for Table:keyTable
2019-07-13 20:46:42,914 INFO  db.DBStoreBuilder (DBStoreBuilder.java:addTable(110)) - using custom profile for table: deletedTable
2019-07-13 20:46:42,914 INFO  db.DBStoreBuilder (DBStoreBuilder.java:processTables(161)) - Using default column profile:DBProfile.DISK for Table:deletedTable
2019-07-13 20:46:42,914 INFO  db.DBStoreBuilder (DBStoreBuilder.java:addTable(110)) - using custom profile for table: openKeyTable
2019-07-13 20:46:42,914 INFO  db.DBStoreBuilder (DBStoreBuilder.java:processTables(161)) - Using default column profile:DBProfile.DISK for Table:openKeyTable
2019-07-13 20:46:42,915 INFO  db.DBStoreBuilder (DBStoreBuilder.java:addTable(110)) - using custom profile for table: s3Table
2019-07-13 20:46:42,915 INFO  db.DBStoreBuilder (DBStoreBuilder.java:processTables(161)) - Using default column profile:DBProfile.DISK for Table:s3Table
2019-07-13 20:46:42,915 INFO  db.DBStoreBuilder (DBStoreBuilder.java:addTable(110)) - using custom profile for table: multipartInfoTable
2019-07-13 20:46:42,915 INFO  db.DBStoreBuilder (DBStoreBuilder.java:processTables(161)) - Using default column profile:DBProfile.DISK for Table:multipartInfoTable
2019-07-13 20:46:42,915 INFO  db.DBStoreBuilder (DBStoreBuilder.java:addTable(110)) - using custom profile for table: dTokenTable
2019-07-13 20:46:42,915 INFO  db.DBStoreBuilder (DBStoreBuilder.java:processTables(161)) - Using default column profile:DBProfile.DISK for Table:dTokenTable
2019-07-13 20:46:42,916 INFO  db.DBStoreBuilder (DBStoreBuilder.java:addTable(110)) - using custom profile for table: s3SecretTable
2019-07-13 20:46:42,916 INFO  db.DBStoreBuilder (DBStoreBuilder.java:processTables(161)) - Using default column profile:DBProfile.DISK for Table:s3SecretTable
2019-07-13 20:46:42,916 INFO  db.DBStoreBuilder (DBStoreBuilder.java:addTable(110)) - using custom profile for table: prefixTable
2019-07-13 20:46:42,916 INFO  db.DBStoreBuilder (DBStoreBuilder.java:processTables(161)) - Using default column profile:DBProfile.DISK for Table:prefixTable
2019-07-13 20:46:42,916 INFO  db.DBStoreBuilder (DBStoreBuilder.java:addTable(110)) - using custom profile for table: default
2019-07-13 20:46:42,916 INFO  db.DBStoreBuilder (DBStoreBuilder.java:processTables(167)) - Using default column profile:DBProfile.DISK for Table:default
2019-07-13 20:46:42,917 INFO  db.DBStoreBuilder (DBStoreBuilder.java:getDbProfile(198)) - Using default options. DBProfile.DISK
2019-07-13 20:46:43,143 INFO  ipc.CallQueueManager (CallQueueManager.java:<init>(84)) - Using callQueue: class java.util.concurrent.LinkedBlockingQueue, queueCapacity: 2000, scheduler: class org.apache.hadoop.ipc.DefaultRpcScheduler, ipcBackoff: false.
2019-07-13 20:46:43,144 INFO  ipc.Server (Server.java:run(1074)) - Starting Socket Reader #1 for port 40420
2019-07-13 20:46:43,158 WARN  server.ServerUtils (ServerUtils.java:getDBPath(222)) - ozone.om.db.dirs is not configured. We recommend adding this setting. Falling back to ozone.metadata.dirs instead.
2019-07-13 20:46:43,158 INFO  om.OzoneManager (OzoneManager.java:start(1228)) - OzoneManager RPC server is listening at localhost/127.0.0.1:40420
2019-07-13 20:46:43,159 INFO  impl.MetricsSystemImpl (MetricsSystemImpl.java:init(158)) - OzoneManager metrics system started (again)
2019-07-13 20:46:43,159 INFO  ipc.Server (Server.java:run(1314)) - IPC Server Responder: starting
2019-07-13 20:46:43,159 INFO  ipc.Server (Server.java:run(1153)) - IPC Server listener on 40420: starting
2019-07-13 20:46:43,167 INFO  hdfs.DFSUtil (DFSUtil.java:httpServerTemplateForNNAndJN(1641)) - Starting Web-server for ozoneManager at: http://0.0.0.0:0
2019-07-13 20:46:43,168 INFO  server.AuthenticationFilter (AuthenticationFilter.java:constructSecretProvider(240)) - Unable to initialize FileSignerSecretProvider, falling back to use random secrets.
2019-07-13 20:46:43,168 WARN  http.HttpRequestLog (HttpRequestLog.java:getRequestLog(97)) - Jetty request log can only be enabled using Log4j
2019-07-13 20:46:43,170 INFO  http.HttpServer2 (HttpServer2.java:addGlobalFilter(975)) - Added global filter 'safety' (class=org.apache.hadoop.http.HttpServer2$QuotingInputFilter)
2019-07-13 20:46:43,170 INFO  http.HttpServer2 (HttpServer2.java:addFilter(948)) - Added filter static_user_filter (class=org.apache.hadoop.http.lib.StaticUserWebFilter$StaticUserFilter) to context ozoneManager
2019-07-13 20:46:43,170 INFO  http.HttpServer2 (HttpServer2.java:addFilter(958)) - Added filter static_user_filter (class=org.apache.hadoop.http.lib.StaticUserWebFilter$StaticUserFilter) to context static
2019-07-13 20:46:43,171 INFO  http.HttpServer2 (HttpServer2.java:addFilter(958)) - Added filter static_user_filter (class=org.apache.hadoop.http.lib.StaticUserWebFilter$StaticUserFilter) to context logs
2019-07-13 20:46:43,171 INFO  http.HttpServer2 (HttpServer2.java:bindListener(1191)) - Jetty bound to port 44994
2019-07-13 20:46:43,171 INFO  server.Server (Server.java:doStart(351)) - jetty-9.3.24.v20180605, build timestamp: 2018-06-05T17:11:56Z, git hash: 84205aa28f11a4f31f2a3b86d1bba2cc8ab69827
2019-07-13 20:46:43,173 INFO  handler.ContextHandler (ContextHandler.java:doStart(781)) - Started o.e.j.s.ServletContextHandler@2fb082ff{/logs,file:///tmp/workdir/hadoop-ozone/integration-test/target/log,AVAILABLE}
2019-07-13 20:46:43,173 INFO  handler.ContextHandler (ContextHandler.java:doStart(781)) - Started o.e.j.s.ServletContextHandler@668a32a4{/static,file:///tmp/workdir/hadoop-ozone/integration-test/target/test-classes/webapps/static,AVAILABLE}
2019-07-13 20:46:43,177 INFO  handler.ContextHandler (ContextHandler.java:doStart(781)) - Started o.e.j.w.WebAppContext@782ac148{/,file:///tmp/workdir/hadoop-ozone/integration-test/target/test-classes/webapps/ozoneManager/,AVAILABLE}{/ozoneManager}
2019-07-13 20:46:43,178 INFO  server.AbstractConnector (AbstractConnector.java:doStart(278)) - Started ServerConnector@46d1b59{HTTP/1.1,[http/1.1]}{0.0.0.0:44994}
2019-07-13 20:46:43,179 INFO  server.Server (Server.java:doStart(419)) - Started @17980ms
2019-07-13 20:46:43,180 INFO  server.BaseHttpServer (BaseHttpServer.java:updateConnectorAddress(207)) - HTTP server of OZONEMANAGER is listening at http://0.0.0.0:44994
2019-07-13 20:46:43,199 INFO  impl.MetricsSystemImpl (MetricsSystemImpl.java:init(158)) - HddsDatanode metrics system started (again)
2019-07-13 20:46:43,199 INFO  ozone.HddsDatanodeService (HddsDatanodeService.java:start(185)) - HddsDatanodeService host:trunk-nightly-6qp7m-2461138711 ip:192.168.5.168
2019-07-13 20:46:43,212 INFO  volume.HddsVolume (HddsVolume.java:<init>(176)) - Creating Volume: /tmp/workdir/hadoop-ozone/integration-test/target/test-dir/MiniOzoneClusterImpl-25929c4b-dc84-4048-a268-3c62770bd446/datanode-0/data/containers/hdds of  storage type : DISK and capacity : 52710309888
2019-07-13 20:46:43,212 INFO  volume.VolumeSet (VolumeSet.java:initializeVolumeSet(170)) - Added Volume : /tmp/workdir/hadoop-ozone/integration-test/target/test-dir/MiniOzoneClusterImpl-25929c4b-dc84-4048-a268-3c62770bd446/datanode-0/data/containers/hdds to VolumeSet
2019-07-13 20:46:43,213 INFO  volume.ThrottledAsyncChecker (ThrottledAsyncChecker.java:schedule(140)) - Scheduling a check for org.apache.hadoop.ozone.container.common.volume.HddsVolume@561d88ee
2019-07-13 20:46:43,213 INFO  volume.HddsVolumeChecker (HddsVolumeChecker.java:checkAllVolumes(203)) - Scheduled health check for volume org.apache.hadoop.ozone.container.common.volume.HddsVolume@561d88ee
2019-07-13 20:46:43,231 INFO  impl.RaftServerProxy (ConfUtils.java:logGet(43)) - raft.rpc.type = GRPC (default)
2019-07-13 20:46:43,232 INFO  grpc.GrpcFactory (GrpcFactory.java:checkPooledByteBufAllocatorUseCacheForAllThreads(45)) - PERFORMANCE WARNING: useCacheForAllThreads is true that may cause Netty to create a lot garbage objects and, as a result, trigger GC.
	It is recommended to disable useCacheForAllThreads by setting -Dorg.apache.ratis.thirdparty.io.netty.allocator.useCacheForAllThreads=false in command line.
2019-07-13 20:46:43,232 INFO  grpc.GrpcConfigKeys$Server (ConfUtils.java:logGet(43)) - raft.grpc.server.port = 0 (default)
2019-07-13 20:46:43,232 INFO  server.GrpcService (ConfUtils.java:logGet(43)) - raft.grpc.message.size.max = 33570816 (custom)
2019-07-13 20:46:43,232 INFO  server.RaftServerConfigKeys (ConfUtils.java:logGet(43)) - raft.server.log.appender.buffer.byte-limit = 33554432 (custom)
2019-07-13 20:46:43,233 INFO  server.GrpcService (ConfUtils.java:logGet(43)) - raft.grpc.flow.control.window = 1MB (=1048576) (default)
2019-07-13 20:46:43,233 INFO  server.RaftServerConfigKeys (ConfUtils.java:logGet(43)) - raft.server.rpc.request.timeout = 3000ms (default)
2019-07-13 20:46:43,234 INFO  server.RaftServerConfigKeys (ConfUtils.java:logGet(43)) - raft.server.storage.dir = [/tmp/workdir/hadoop-ozone/integration-test/target/test-dir/MiniOzoneClusterImpl-25929c4b-dc84-4048-a268-3c62770bd446/datanode-0/data/ratis] (custom)
2019-07-13 20:46:43,234 INFO  replication.SimpleContainerDownloader (SimpleContainerDownloader.java:<init>(72)) - Starting container downloader service to copy containers to replicate.
2019-07-13 20:46:43,236 INFO  hdfs.DFSUtil (DFSUtil.java:httpServerTemplateForNNAndJN(1641)) - Starting Web-server for hddsDatanode at: http://0.0.0.0:0
2019-07-13 20:46:43,237 INFO  server.AuthenticationFilter (AuthenticationFilter.java:constructSecretProvider(240)) - Unable to initialize FileSignerSecretProvider, falling back to use random secrets.
2019-07-13 20:46:43,238 WARN  http.HttpRequestLog (HttpRequestLog.java:getRequestLog(97)) - Jetty request log can only be enabled using Log4j
2019-07-13 20:46:43,240 INFO  http.HttpServer2 (HttpServer2.java:addGlobalFilter(975)) - Added global filter 'safety' (class=org.apache.hadoop.http.HttpServer2$QuotingInputFilter)
2019-07-13 20:46:43,241 INFO  http.HttpServer2 (HttpServer2.java:addFilter(948)) - Added filter static_user_filter (class=org.apache.hadoop.http.lib.StaticUserWebFilter$StaticUserFilter) to context hddsDatanode
2019-07-13 20:46:43,241 INFO  http.HttpServer2 (HttpServer2.java:addFilter(958)) - Added filter static_user_filter (class=org.apache.hadoop.http.lib.StaticUserWebFilter$StaticUserFilter) to context static
2019-07-13 20:46:43,241 INFO  http.HttpServer2 (HttpServer2.java:addFilter(958)) - Added filter static_user_filter (class=org.apache.hadoop.http.lib.StaticUserWebFilter$StaticUserFilter) to context logs
2019-07-13 20:46:43,242 INFO  http.HttpServer2 (HttpServer2.java:bindListener(1191)) - Jetty bound to port 45927
2019-07-13 20:46:43,242 INFO  server.Server (Server.java:doStart(351)) - jetty-9.3.24.v20180605, build timestamp: 2018-06-05T17:11:56Z, git hash: 84205aa28f11a4f31f2a3b86d1bba2cc8ab69827
2019-07-13 20:46:43,244 INFO  handler.ContextHandler (ContextHandler.java:doStart(781)) - Started o.e.j.s.ServletContextHandler@7e848aea{/logs,file:///tmp/workdir/hadoop-ozone/integration-test/target/log,AVAILABLE}
2019-07-13 20:46:43,245 INFO  handler.ContextHandler (ContextHandler.java:doStart(781)) - Started o.e.j.s.ServletContextHandler@286866cb{/static,jar:file:/home/user/.m2/repository/org/apache/hadoop/hadoop-hdds-container-service/0.5.0-SNAPSHOT/hadoop-hdds-container-service-0.5.0-SNAPSHOT.jar!/webapps/static,AVAILABLE}
2019-07-13 20:46:43,274 INFO  handler.ContextHandler (ContextHandler.java:doStart(781)) - Started o.e.j.w.WebAppContext@738a815c{/,file:///tmp/jetty-0.0.0.0-45927-hddsDatanode-_-any-2041366070540954089.dir/webapp/,AVAILABLE}{/hddsDatanode}
2019-07-13 20:46:43,274 INFO  server.AbstractConnector (AbstractConnector.java:doStart(278)) - Started ServerConnector@2565a7d0{HTTP/1.1,[http/1.1]}{0.0.0.0:45927}
2019-07-13 20:46:43,278 INFO  server.Server (Server.java:doStart(419)) - Started @18078ms
2019-07-13 20:46:43,279 INFO  server.BaseHttpServer (BaseHttpServer.java:updateConnectorAddress(207)) - HTTP server of HDDSDATANODE is listening at http://0.0.0.0:45927
2019-07-13 20:46:43,430 INFO  ozone.HddsDatanodeService (HddsDatanodeService.java:startPlugins(396)) - Started plug-in org.apache.hadoop.ozone.web.OzoneHddsDatanodeService@1c2dd89b
2019-07-13 20:46:43,430 INFO  impl.MetricsSystemImpl (MetricsSystemImpl.java:init(158)) - HddsDatanode metrics system started (again)
2019-07-13 20:46:43,435 INFO  ozone.HddsDatanodeService (HddsDatanodeService.java:start(185)) - HddsDatanodeService host:trunk-nightly-6qp7m-2461138711 ip:192.168.5.168
2019-07-13 20:46:43,437 INFO  util.JvmPauseMonitor (JvmPauseMonitor.java:run(188)) - Starting JVM pause monitor
2019-07-13 20:46:43,439 INFO  datanode.InitDatanodeState (InitDatanodeState.java:persistContainerDatanodeDetails(140)) - DatanodeDetails is persisted to /tmp/workdir/hadoop-ozone/integration-test/target/test-dir/MiniOzoneClusterImpl-25929c4b-dc84-4048-a268-3c62770bd446/datanode-0/meta/datanode.id
2019-07-13 20:46:43,463 INFO  volume.HddsVolume (HddsVolume.java:<init>(176)) - Creating Volume: /tmp/workdir/hadoop-ozone/integration-test/target/test-dir/MiniOzoneClusterImpl-25929c4b-dc84-4048-a268-3c62770bd446/datanode-1/data/containers/hdds of  storage type : DISK and capacity : 52710309888
2019-07-13 20:46:43,464 INFO  volume.VolumeSet (VolumeSet.java:initializeVolumeSet(170)) - Added Volume : /tmp/workdir/hadoop-ozone/integration-test/target/test-dir/MiniOzoneClusterImpl-25929c4b-dc84-4048-a268-3c62770bd446/datanode-1/data/containers/hdds to VolumeSet
2019-07-13 20:46:43,464 INFO  volume.ThrottledAsyncChecker (ThrottledAsyncChecker.java:schedule(140)) - Scheduling a check for org.apache.hadoop.ozone.container.common.volume.HddsVolume@68b7bdcb
2019-07-13 20:46:43,465 INFO  volume.HddsVolumeChecker (HddsVolumeChecker.java:checkAllVolumes(203)) - Scheduled health check for volume org.apache.hadoop.ozone.container.common.volume.HddsVolume@68b7bdcb
2019-07-13 20:46:43,490 INFO  impl.RaftServerProxy (ConfUtils.java:logGet(43)) - raft.rpc.type = GRPC (default)
2019-07-13 20:46:43,490 INFO  grpc.GrpcFactory (GrpcFactory.java:checkPooledByteBufAllocatorUseCacheForAllThreads(45)) - PERFORMANCE WARNING: useCacheForAllThreads is true that may cause Netty to create a lot garbage objects and, as a result, trigger GC.
	It is recommended to disable useCacheForAllThreads by setting -Dorg.apache.ratis.thirdparty.io.netty.allocator.useCacheForAllThreads=false in command line.
2019-07-13 20:46:43,491 INFO  grpc.GrpcConfigKeys$Server (ConfUtils.java:logGet(43)) - raft.grpc.server.port = 0 (default)
2019-07-13 20:46:43,491 INFO  server.GrpcService (ConfUtils.java:logGet(43)) - raft.grpc.message.size.max = 33570816 (custom)
2019-07-13 20:46:43,491 INFO  server.RaftServerConfigKeys (ConfUtils.java:logGet(43)) - raft.server.log.appender.buffer.byte-limit = 33554432 (custom)
2019-07-13 20:46:43,491 INFO  server.GrpcService (ConfUtils.java:logGet(43)) - raft.grpc.flow.control.window = 1MB (=1048576) (default)
2019-07-13 20:46:43,492 INFO  server.RaftServerConfigKeys (ConfUtils.java:logGet(43)) - raft.server.rpc.request.timeout = 3000ms (default)
2019-07-13 20:46:43,492 INFO  server.RaftServerConfigKeys (ConfUtils.java:logGet(43)) - raft.server.storage.dir = [/tmp/workdir/hadoop-ozone/integration-test/target/test-dir/MiniOzoneClusterImpl-25929c4b-dc84-4048-a268-3c62770bd446/datanode-1/data/ratis] (custom)
2019-07-13 20:46:43,493 INFO  replication.SimpleContainerDownloader (SimpleContainerDownloader.java:<init>(72)) - Starting container downloader service to copy containers to replicate.
2019-07-13 20:46:43,494 INFO  hdfs.DFSUtil (DFSUtil.java:httpServerTemplateForNNAndJN(1641)) - Starting Web-server for hddsDatanode at: http://0.0.0.0:0
2019-07-13 20:46:43,496 INFO  server.AuthenticationFilter (AuthenticationFilter.java:constructSecretProvider(240)) - Unable to initialize FileSignerSecretProvider, falling back to use random secrets.
2019-07-13 20:46:43,497 WARN  http.HttpRequestLog (HttpRequestLog.java:getRequestLog(97)) - Jetty request log can only be enabled using Log4j
2019-07-13 20:46:43,498 INFO  http.HttpServer2 (HttpServer2.java:addGlobalFilter(975)) - Added global filter 'safety' (class=org.apache.hadoop.http.HttpServer2$QuotingInputFilter)
2019-07-13 20:46:43,498 INFO  http.HttpServer2 (HttpServer2.java:addFilter(948)) - Added filter static_user_filter (class=org.apache.hadoop.http.lib.StaticUserWebFilter$StaticUserFilter) to context hddsDatanode
2019-07-13 20:46:43,499 INFO  http.HttpServer2 (HttpServer2.java:addFilter(958)) - Added filter static_user_filter (class=org.apache.hadoop.http.lib.StaticUserWebFilter$StaticUserFilter) to context logs
2019-07-13 20:46:43,499 INFO  http.HttpServer2 (HttpServer2.java:addFilter(958)) - Added filter static_user_filter (class=org.apache.hadoop.http.lib.StaticUserWebFilter$StaticUserFilter) to context static
2019-07-13 20:46:43,499 INFO  http.HttpServer2 (HttpServer2.java:bindListener(1191)) - Jetty bound to port 42750
2019-07-13 20:46:43,499 INFO  server.Server (Server.java:doStart(351)) - jetty-9.3.24.v20180605, build timestamp: 2018-06-05T17:11:56Z, git hash: 84205aa28f11a4f31f2a3b86d1bba2cc8ab69827
2019-07-13 20:46:43,501 INFO  handler.ContextHandler (ContextHandler.java:doStart(781)) - Started o.e.j.s.ServletContextHandler@844e66d{/logs,file:///tmp/workdir/hadoop-ozone/integration-test/target/log,AVAILABLE}
2019-07-13 20:46:43,502 INFO  handler.ContextHandler (ContextHandler.java:doStart(781)) - Started o.e.j.s.ServletContextHandler@26a45089{/static,jar:file:/home/user/.m2/repository/org/apache/hadoop/hadoop-hdds-container-service/0.5.0-SNAPSHOT/hadoop-hdds-container-service-0.5.0-SNAPSHOT.jar!/webapps/static,AVAILABLE}
2019-07-13 20:46:43,529 INFO  handler.ContextHandler (ContextHandler.java:doStart(781)) - Started o.e.j.w.WebAppContext@45796b2a{/,file:///tmp/jetty-0.0.0.0-42750-hddsDatanode-_-any-1264378062446743814.dir/webapp/,AVAILABLE}{/hddsDatanode}
2019-07-13 20:46:43,530 INFO  server.AbstractConnector (AbstractConnector.java:doStart(278)) - Started ServerConnector@4b98225c{HTTP/1.1,[http/1.1]}{0.0.0.0:42750}
2019-07-13 20:46:43,532 INFO  server.Server (Server.java:doStart(419)) - Started @18333ms
2019-07-13 20:46:43,533 INFO  server.BaseHttpServer (BaseHttpServer.java:updateConnectorAddress(207)) - HTTP server of HDDSDATANODE is listening at http://0.0.0.0:42750
2019-07-13 20:46:43,648 INFO  ozone.HddsDatanodeService (HddsDatanodeService.java:startPlugins(396)) - Started plug-in org.apache.hadoop.ozone.web.OzoneHddsDatanodeService@79b63325
2019-07-13 20:46:43,649 INFO  impl.MetricsSystemImpl (MetricsSystemImpl.java:init(158)) - HddsDatanode metrics system started (again)
2019-07-13 20:46:43,653 INFO  ozone.HddsDatanodeService (HddsDatanodeService.java:start(185)) - HddsDatanodeService host:trunk-nightly-6qp7m-2461138711 ip:192.168.5.168
2019-07-13 20:46:43,655 INFO  util.JvmPauseMonitor (JvmPauseMonitor.java:run(188)) - Starting JVM pause monitor
2019-07-13 20:46:43,657 INFO  datanode.InitDatanodeState (InitDatanodeState.java:persistContainerDatanodeDetails(140)) - DatanodeDetails is persisted to /tmp/workdir/hadoop-ozone/integration-test/target/test-dir/MiniOzoneClusterImpl-25929c4b-dc84-4048-a268-3c62770bd446/datanode-1/meta/datanode.id
2019-07-13 20:46:43,671 INFO  volume.HddsVolume (HddsVolume.java:<init>(176)) - Creating Volume: /tmp/workdir/hadoop-ozone/integration-test/target/test-dir/MiniOzoneClusterImpl-25929c4b-dc84-4048-a268-3c62770bd446/datanode-2/data/containers/hdds of  storage type : DISK and capacity : 52710309888
2019-07-13 20:46:43,671 INFO  volume.VolumeSet (VolumeSet.java:initializeVolumeSet(170)) - Added Volume : /tmp/workdir/hadoop-ozone/integration-test/target/test-dir/MiniOzoneClusterImpl-25929c4b-dc84-4048-a268-3c62770bd446/datanode-2/data/containers/hdds to VolumeSet
2019-07-13 20:46:43,671 INFO  volume.ThrottledAsyncChecker (ThrottledAsyncChecker.java:schedule(140)) - Scheduling a check for org.apache.hadoop.ozone.container.common.volume.HddsVolume@63262071
2019-07-13 20:46:43,672 INFO  volume.HddsVolumeChecker (HddsVolumeChecker.java:checkAllVolumes(203)) - Scheduled health check for volume org.apache.hadoop.ozone.container.common.volume.HddsVolume@63262071
2019-07-13 20:46:43,690 INFO  impl.RaftServerProxy (ConfUtils.java:logGet(43)) - raft.rpc.type = GRPC (default)
2019-07-13 20:46:43,690 INFO  grpc.GrpcFactory (GrpcFactory.java:checkPooledByteBufAllocatorUseCacheForAllThreads(45)) - PERFORMANCE WARNING: useCacheForAllThreads is true that may cause Netty to create a lot garbage objects and, as a result, trigger GC.
	It is recommended to disable useCacheForAllThreads by setting -Dorg.apache.ratis.thirdparty.io.netty.allocator.useCacheForAllThreads=false in command line.
2019-07-13 20:46:43,690 INFO  grpc.GrpcConfigKeys$Server (ConfUtils.java:logGet(43)) - raft.grpc.server.port = 0 (default)
2019-07-13 20:46:43,690 INFO  server.GrpcService (ConfUtils.java:logGet(43)) - raft.grpc.message.size.max = 33570816 (custom)
2019-07-13 20:46:43,690 INFO  server.RaftServerConfigKeys (ConfUtils.java:logGet(43)) - raft.server.log.appender.buffer.byte-limit = 33554432 (custom)
2019-07-13 20:46:43,691 INFO  server.GrpcService (ConfUtils.java:logGet(43)) - raft.grpc.flow.control.window = 1MB (=1048576) (default)
2019-07-13 20:46:43,691 INFO  server.RaftServerConfigKeys (ConfUtils.java:logGet(43)) - raft.server.rpc.request.timeout = 3000ms (default)
2019-07-13 20:46:43,691 INFO  server.RaftServerConfigKeys (ConfUtils.java:logGet(43)) - raft.server.storage.dir = [/tmp/workdir/hadoop-ozone/integration-test/target/test-dir/MiniOzoneClusterImpl-25929c4b-dc84-4048-a268-3c62770bd446/datanode-2/data/ratis] (custom)
2019-07-13 20:46:43,692 INFO  replication.SimpleContainerDownloader (SimpleContainerDownloader.java:<init>(72)) - Starting container downloader service to copy containers to replicate.
2019-07-13 20:46:43,693 INFO  hdfs.DFSUtil (DFSUtil.java:httpServerTemplateForNNAndJN(1641)) - Starting Web-server for hddsDatanode at: http://0.0.0.0:0
2019-07-13 20:46:43,694 INFO  server.AuthenticationFilter (AuthenticationFilter.java:constructSecretProvider(240)) - Unable to initialize FileSignerSecretProvider, falling back to use random secrets.
2019-07-13 20:46:43,695 WARN  http.HttpRequestLog (HttpRequestLog.java:getRequestLog(97)) - Jetty request log can only be enabled using Log4j
2019-07-13 20:46:43,696 INFO  http.HttpServer2 (HttpServer2.java:addGlobalFilter(975)) - Added global filter 'safety' (class=org.apache.hadoop.http.HttpServer2$QuotingInputFilter)
2019-07-13 20:46:43,696 INFO  http.HttpServer2 (HttpServer2.java:addFilter(948)) - Added filter static_user_filter (class=org.apache.hadoop.http.lib.StaticUserWebFilter$StaticUserFilter) to context hddsDatanode
2019-07-13 20:46:43,696 INFO  http.HttpServer2 (HttpServer2.java:addFilter(958)) - Added filter static_user_filter (class=org.apache.hadoop.http.lib.StaticUserWebFilter$StaticUserFilter) to context logs
2019-07-13 20:46:43,697 INFO  http.HttpServer2 (HttpServer2.java:addFilter(958)) - Added filter static_user_filter (class=org.apache.hadoop.http.lib.StaticUserWebFilter$StaticUserFilter) to context static
2019-07-13 20:46:43,697 INFO  http.HttpServer2 (HttpServer2.java:bindListener(1191)) - Jetty bound to port 36243
2019-07-13 20:46:43,697 INFO  server.Server (Server.java:doStart(351)) - jetty-9.3.24.v20180605, build timestamp: 2018-06-05T17:11:56Z, git hash: 84205aa28f11a4f31f2a3b86d1bba2cc8ab69827
2019-07-13 20:46:43,699 INFO  handler.ContextHandler (ContextHandler.java:doStart(781)) - Started o.e.j.s.ServletContextHandler@1eb906f3{/logs,file:///tmp/workdir/hadoop-ozone/integration-test/target/log,AVAILABLE}
2019-07-13 20:46:43,700 INFO  handler.ContextHandler (ContextHandler.java:doStart(781)) - Started o.e.j.s.ServletContextHandler@74fc3fc7{/static,jar:file:/home/user/.m2/repository/org/apache/hadoop/hadoop-hdds-container-service/0.5.0-SNAPSHOT/hadoop-hdds-container-service-0.5.0-SNAPSHOT.jar!/webapps/static,AVAILABLE}
2019-07-13 20:46:43,727 INFO  handler.ContextHandler (ContextHandler.java:doStart(781)) - Started o.e.j.w.WebAppContext@8ac512e{/,file:///tmp/jetty-0.0.0.0-36243-hddsDatanode-_-any-5002425532033781537.dir/webapp/,AVAILABLE}{/hddsDatanode}
2019-07-13 20:46:43,727 INFO  server.AbstractConnector (AbstractConnector.java:doStart(278)) - Started ServerConnector@4bbc21bd{HTTP/1.1,[http/1.1]}{0.0.0.0:36243}
2019-07-13 20:46:43,730 INFO  server.Server (Server.java:doStart(419)) - Started @18531ms
2019-07-13 20:46:43,731 INFO  server.BaseHttpServer (BaseHttpServer.java:updateConnectorAddress(207)) - HTTP server of HDDSDATANODE is listening at http://0.0.0.0:36243
2019-07-13 20:46:43,844 INFO  ozone.HddsDatanodeService (HddsDatanodeService.java:startPlugins(396)) - Started plug-in org.apache.hadoop.ozone.web.OzoneHddsDatanodeService@52f43225
2019-07-13 20:46:43,844 INFO  impl.MetricsSystemImpl (MetricsSystemImpl.java:init(158)) - HddsDatanode metrics system started (again)
2019-07-13 20:46:43,849 INFO  ozone.HddsDatanodeService (HddsDatanodeService.java:start(185)) - HddsDatanodeService host:trunk-nightly-6qp7m-2461138711 ip:192.168.5.168
2019-07-13 20:46:43,850 INFO  util.JvmPauseMonitor (JvmPauseMonitor.java:run(188)) - Starting JVM pause monitor
2019-07-13 20:46:43,853 INFO  datanode.InitDatanodeState (InitDatanodeState.java:persistContainerDatanodeDetails(140)) - DatanodeDetails is persisted to /tmp/workdir/hadoop-ozone/integration-test/target/test-dir/MiniOzoneClusterImpl-25929c4b-dc84-4048-a268-3c62770bd446/datanode-2/meta/datanode.id
2019-07-13 20:46:43,864 INFO  volume.HddsVolume (HddsVolume.java:<init>(176)) - Creating Volume: /tmp/workdir/hadoop-ozone/integration-test/target/test-dir/MiniOzoneClusterImpl-25929c4b-dc84-4048-a268-3c62770bd446/datanode-3/data/containers/hdds of  storage type : DISK and capacity : 52710309888
2019-07-13 20:46:43,865 INFO  volume.VolumeSet (VolumeSet.java:initializeVolumeSet(170)) - Added Volume : /tmp/workdir/hadoop-ozone/integration-test/target/test-dir/MiniOzoneClusterImpl-25929c4b-dc84-4048-a268-3c62770bd446/datanode-3/data/containers/hdds to VolumeSet
2019-07-13 20:46:43,865 INFO  volume.ThrottledAsyncChecker (ThrottledAsyncChecker.java:schedule(140)) - Scheduling a check for org.apache.hadoop.ozone.container.common.volume.HddsVolume@3e04abc5
2019-07-13 20:46:43,865 INFO  volume.HddsVolumeChecker (HddsVolumeChecker.java:checkAllVolumes(203)) - Scheduled health check for volume org.apache.hadoop.ozone.container.common.volume.HddsVolume@3e04abc5
2019-07-13 20:46:43,884 INFO  impl.RaftServerProxy (ConfUtils.java:logGet(43)) - raft.rpc.type = GRPC (default)
2019-07-13 20:46:43,884 INFO  grpc.GrpcFactory (GrpcFactory.java:checkPooledByteBufAllocatorUseCacheForAllThreads(45)) - PERFORMANCE WARNING: useCacheForAllThreads is true that may cause Netty to create a lot garbage objects and, as a result, trigger GC.
	It is recommended to disable useCacheForAllThreads by setting -Dorg.apache.ratis.thirdparty.io.netty.allocator.useCacheForAllThreads=false in command line.
2019-07-13 20:46:43,884 INFO  grpc.GrpcConfigKeys$Server (ConfUtils.java:logGet(43)) - raft.grpc.server.port = 0 (default)
2019-07-13 20:46:43,885 INFO  server.GrpcService (ConfUtils.java:logGet(43)) - raft.grpc.message.size.max = 33570816 (custom)
2019-07-13 20:46:43,885 INFO  server.RaftServerConfigKeys (ConfUtils.java:logGet(43)) - raft.server.log.appender.buffer.byte-limit = 33554432 (custom)
2019-07-13 20:46:43,885 INFO  server.GrpcService (ConfUtils.java:logGet(43)) - raft.grpc.flow.control.window = 1MB (=1048576) (default)
2019-07-13 20:46:43,885 INFO  server.RaftServerConfigKeys (ConfUtils.java:logGet(43)) - raft.server.rpc.request.timeout = 3000ms (default)
2019-07-13 20:46:43,886 INFO  server.RaftServerConfigKeys (ConfUtils.java:logGet(43)) - raft.server.storage.dir = [/tmp/workdir/hadoop-ozone/integration-test/target/test-dir/MiniOzoneClusterImpl-25929c4b-dc84-4048-a268-3c62770bd446/datanode-3/data/ratis] (custom)
2019-07-13 20:46:43,886 INFO  replication.SimpleContainerDownloader (SimpleContainerDownloader.java:<init>(72)) - Starting container downloader service to copy containers to replicate.
2019-07-13 20:46:43,887 INFO  hdfs.DFSUtil (DFSUtil.java:httpServerTemplateForNNAndJN(1641)) - Starting Web-server for hddsDatanode at: http://0.0.0.0:0
2019-07-13 20:46:43,888 INFO  server.AuthenticationFilter (AuthenticationFilter.java:constructSecretProvider(240)) - Unable to initialize FileSignerSecretProvider, falling back to use random secrets.
2019-07-13 20:46:43,889 WARN  http.HttpRequestLog (HttpRequestLog.java:getRequestLog(97)) - Jetty request log can only be enabled using Log4j
2019-07-13 20:46:43,890 INFO  http.HttpServer2 (HttpServer2.java:addGlobalFilter(975)) - Added global filter 'safety' (class=org.apache.hadoop.http.HttpServer2$QuotingInputFilter)
2019-07-13 20:46:43,890 INFO  http.HttpServer2 (HttpServer2.java:addFilter(948)) - Added filter static_user_filter (class=org.apache.hadoop.http.lib.StaticUserWebFilter$StaticUserFilter) to context hddsDatanode
2019-07-13 20:46:43,890 INFO  http.HttpServer2 (HttpServer2.java:addFilter(958)) - Added filter static_user_filter (class=org.apache.hadoop.http.lib.StaticUserWebFilter$StaticUserFilter) to context static
2019-07-13 20:46:43,890 INFO  http.HttpServer2 (HttpServer2.java:addFilter(958)) - Added filter static_user_filter (class=org.apache.hadoop.http.lib.StaticUserWebFilter$StaticUserFilter) to context logs
2019-07-13 20:46:43,891 INFO  http.HttpServer2 (HttpServer2.java:bindListener(1191)) - Jetty bound to port 38959
2019-07-13 20:46:43,891 INFO  server.Server (Server.java:doStart(351)) - jetty-9.3.24.v20180605, build timestamp: 2018-06-05T17:11:56Z, git hash: 84205aa28f11a4f31f2a3b86d1bba2cc8ab69827
2019-07-13 20:46:43,893 INFO  handler.ContextHandler (ContextHandler.java:doStart(781)) - Started o.e.j.s.ServletContextHandler@28b5662d{/logs,file:///tmp/workdir/hadoop-ozone/integration-test/target/log,AVAILABLE}
2019-07-13 20:46:43,893 INFO  handler.ContextHandler (ContextHandler.java:doStart(781)) - Started o.e.j.s.ServletContextHandler@7e4ac598{/static,jar:file:/home/user/.m2/repository/org/apache/hadoop/hadoop-hdds-container-service/0.5.0-SNAPSHOT/hadoop-hdds-container-service-0.5.0-SNAPSHOT.jar!/webapps/static,AVAILABLE}
2019-07-13 20:46:43,920 INFO  handler.ContextHandler (ContextHandler.java:doStart(781)) - Started o.e.j.w.WebAppContext@48106381{/,file:///tmp/jetty-0.0.0.0-38959-hddsDatanode-_-any-6589044067484226765.dir/webapp/,AVAILABLE}{/hddsDatanode}
2019-07-13 20:46:43,921 INFO  server.AbstractConnector (AbstractConnector.java:doStart(278)) - Started ServerConnector@3c544c9{HTTP/1.1,[http/1.1]}{0.0.0.0:38959}
2019-07-13 20:46:43,924 INFO  server.Server (Server.java:doStart(419)) - Started @18725ms
2019-07-13 20:46:43,925 INFO  server.BaseHttpServer (BaseHttpServer.java:updateConnectorAddress(207)) - HTTP server of HDDSDATANODE is listening at http://0.0.0.0:38959
2019-07-13 20:46:44,043 INFO  ozone.HddsDatanodeService (HddsDatanodeService.java:startPlugins(396)) - Started plug-in org.apache.hadoop.ozone.web.OzoneHddsDatanodeService@cf9bd1e
2019-07-13 20:46:44,044 INFO  impl.MetricsSystemImpl (MetricsSystemImpl.java:init(158)) - HddsDatanode metrics system started (again)
2019-07-13 20:46:44,049 INFO  ozone.HddsDatanodeService (HddsDatanodeService.java:start(185)) - HddsDatanodeService host:trunk-nightly-6qp7m-2461138711 ip:192.168.5.168
2019-07-13 20:46:44,050 INFO  util.JvmPauseMonitor (JvmPauseMonitor.java:run(188)) - Starting JVM pause monitor
2019-07-13 20:46:44,052 INFO  datanode.InitDatanodeState (InitDatanodeState.java:persistContainerDatanodeDetails(140)) - DatanodeDetails is persisted to /tmp/workdir/hadoop-ozone/integration-test/target/test-dir/MiniOzoneClusterImpl-25929c4b-dc84-4048-a268-3c62770bd446/datanode-3/meta/datanode.id
2019-07-13 20:46:44,074 INFO  volume.HddsVolume (HddsVolume.java:<init>(176)) - Creating Volume: /tmp/workdir/hadoop-ozone/integration-test/target/test-dir/MiniOzoneClusterImpl-25929c4b-dc84-4048-a268-3c62770bd446/datanode-4/data/containers/hdds of  storage type : DISK and capacity : 52710309888
2019-07-13 20:46:44,074 INFO  volume.VolumeSet (VolumeSet.java:initializeVolumeSet(170)) - Added Volume : /tmp/workdir/hadoop-ozone/integration-test/target/test-dir/MiniOzoneClusterImpl-25929c4b-dc84-4048-a268-3c62770bd446/datanode-4/data/containers/hdds to VolumeSet
2019-07-13 20:46:44,074 INFO  volume.ThrottledAsyncChecker (ThrottledAsyncChecker.java:schedule(140)) - Scheduling a check for org.apache.hadoop.ozone.container.common.volume.HddsVolume@92e2c93
2019-07-13 20:46:44,075 INFO  volume.HddsVolumeChecker (HddsVolumeChecker.java:checkAllVolumes(203)) - Scheduled health check for volume org.apache.hadoop.ozone.container.common.volume.HddsVolume@92e2c93
2019-07-13 20:46:44,092 INFO  impl.RaftServerProxy (ConfUtils.java:logGet(43)) - raft.rpc.type = GRPC (default)
2019-07-13 20:46:44,093 INFO  grpc.GrpcFactory (GrpcFactory.java:checkPooledByteBufAllocatorUseCacheForAllThreads(45)) - PERFORMANCE WARNING: useCacheForAllThreads is true that may cause Netty to create a lot garbage objects and, as a result, trigger GC.
	It is recommended to disable useCacheForAllThreads by setting -Dorg.apache.ratis.thirdparty.io.netty.allocator.useCacheForAllThreads=false in command line.
2019-07-13 20:46:44,093 INFO  grpc.GrpcConfigKeys$Server (ConfUtils.java:logGet(43)) - raft.grpc.server.port = 0 (default)
2019-07-13 20:46:44,093 INFO  server.GrpcService (ConfUtils.java:logGet(43)) - raft.grpc.message.size.max = 33570816 (custom)
2019-07-13 20:46:44,093 INFO  server.RaftServerConfigKeys (ConfUtils.java:logGet(43)) - raft.server.log.appender.buffer.byte-limit = 33554432 (custom)
2019-07-13 20:46:44,093 INFO  server.GrpcService (ConfUtils.java:logGet(43)) - raft.grpc.flow.control.window = 1MB (=1048576) (default)
2019-07-13 20:46:44,093 INFO  server.RaftServerConfigKeys (ConfUtils.java:logGet(43)) - raft.server.rpc.request.timeout = 3000ms (default)
2019-07-13 20:46:44,094 INFO  server.RaftServerConfigKeys (ConfUtils.java:logGet(43)) - raft.server.storage.dir = [/tmp/workdir/hadoop-ozone/integration-test/target/test-dir/MiniOzoneClusterImpl-25929c4b-dc84-4048-a268-3c62770bd446/datanode-4/data/ratis] (custom)
2019-07-13 20:46:44,094 INFO  replication.SimpleContainerDownloader (SimpleContainerDownloader.java:<init>(72)) - Starting container downloader service to copy containers to replicate.
2019-07-13 20:46:44,095 INFO  hdfs.DFSUtil (DFSUtil.java:httpServerTemplateForNNAndJN(1641)) - Starting Web-server for hddsDatanode at: http://0.0.0.0:0
2019-07-13 20:46:44,097 INFO  server.AuthenticationFilter (AuthenticationFilter.java:constructSecretProvider(240)) - Unable to initialize FileSignerSecretProvider, falling back to use random secrets.
2019-07-13 20:46:44,097 WARN  http.HttpRequestLog (HttpRequestLog.java:getRequestLog(97)) - Jetty request log can only be enabled using Log4j
2019-07-13 20:46:44,098 INFO  http.HttpServer2 (HttpServer2.java:addGlobalFilter(975)) - Added global filter 'safety' (class=org.apache.hadoop.http.HttpServer2$QuotingInputFilter)
2019-07-13 20:46:44,099 INFO  http.HttpServer2 (HttpServer2.java:addFilter(948)) - Added filter static_user_filter (class=org.apache.hadoop.http.lib.StaticUserWebFilter$StaticUserFilter) to context hddsDatanode
2019-07-13 20:46:44,099 INFO  http.HttpServer2 (HttpServer2.java:addFilter(958)) - Added filter static_user_filter (class=org.apache.hadoop.http.lib.StaticUserWebFilter$StaticUserFilter) to context logs
2019-07-13 20:46:44,099 INFO  http.HttpServer2 (HttpServer2.java:addFilter(958)) - Added filter static_user_filter (class=org.apache.hadoop.http.lib.StaticUserWebFilter$StaticUserFilter) to context static
2019-07-13 20:46:44,100 INFO  http.HttpServer2 (HttpServer2.java:bindListener(1191)) - Jetty bound to port 44132
2019-07-13 20:46:44,100 INFO  server.Server (Server.java:doStart(351)) - jetty-9.3.24.v20180605, build timestamp: 2018-06-05T17:11:56Z, git hash: 84205aa28f11a4f31f2a3b86d1bba2cc8ab69827
2019-07-13 20:46:44,102 INFO  handler.ContextHandler (ContextHandler.java:doStart(781)) - Started o.e.j.s.ServletContextHandler@4b360972{/logs,file:///tmp/workdir/hadoop-ozone/integration-test/target/log,AVAILABLE}
2019-07-13 20:46:44,102 INFO  handler.ContextHandler (ContextHandler.java:doStart(781)) - Started o.e.j.s.ServletContextHandler@68821f6{/static,jar:file:/home/user/.m2/repository/org/apache/hadoop/hadoop-hdds-container-service/0.5.0-SNAPSHOT/hadoop-hdds-container-service-0.5.0-SNAPSHOT.jar!/webapps/static,AVAILABLE}
2019-07-13 20:46:44,127 INFO  handler.ContextHandler (ContextHandler.java:doStart(781)) - Started o.e.j.w.WebAppContext@521a506c{/,file:///tmp/jetty-0.0.0.0-44132-hddsDatanode-_-any-5697168204634264987.dir/webapp/,AVAILABLE}{/hddsDatanode}
2019-07-13 20:46:44,127 INFO  server.AbstractConnector (AbstractConnector.java:doStart(278)) - Started ServerConnector@3c64339f{HTTP/1.1,[http/1.1]}{0.0.0.0:44132}
2019-07-13 20:46:44,131 INFO  server.Server (Server.java:doStart(419)) - Started @18931ms
2019-07-13 20:46:44,131 INFO  server.BaseHttpServer (BaseHttpServer.java:updateConnectorAddress(207)) - HTTP server of HDDSDATANODE is listening at http://0.0.0.0:44132
2019-07-13 20:46:44,229 INFO  ozone.HddsDatanodeService (HddsDatanodeService.java:startPlugins(396)) - Started plug-in org.apache.hadoop.ozone.web.OzoneHddsDatanodeService@76dc36e5
2019-07-13 20:46:44,229 INFO  impl.MetricsSystemImpl (MetricsSystemImpl.java:init(158)) - HddsDatanode metrics system started (again)
2019-07-13 20:46:44,234 INFO  ozone.HddsDatanodeService (HddsDatanodeService.java:start(185)) - HddsDatanodeService host:trunk-nightly-6qp7m-2461138711 ip:192.168.5.168
2019-07-13 20:46:44,235 INFO  util.JvmPauseMonitor (JvmPauseMonitor.java:run(188)) - Starting JVM pause monitor
2019-07-13 20:46:44,237 INFO  datanode.InitDatanodeState (InitDatanodeState.java:persistContainerDatanodeDetails(140)) - DatanodeDetails is persisted to /tmp/workdir/hadoop-ozone/integration-test/target/test-dir/MiniOzoneClusterImpl-25929c4b-dc84-4048-a268-3c62770bd446/datanode-4/meta/datanode.id
2019-07-13 20:46:44,247 INFO  volume.HddsVolume (HddsVolume.java:<init>(176)) - Creating Volume: /tmp/workdir/hadoop-ozone/integration-test/target/test-dir/MiniOzoneClusterImpl-25929c4b-dc84-4048-a268-3c62770bd446/datanode-5/data/containers/hdds of  storage type : DISK and capacity : 52710309888
2019-07-13 20:46:44,247 INFO  volume.VolumeSet (VolumeSet.java:initializeVolumeSet(170)) - Added Volume : /tmp/workdir/hadoop-ozone/integration-test/target/test-dir/MiniOzoneClusterImpl-25929c4b-dc84-4048-a268-3c62770bd446/datanode-5/data/containers/hdds to VolumeSet
2019-07-13 20:46:44,247 INFO  volume.ThrottledAsyncChecker (ThrottledAsyncChecker.java:schedule(140)) - Scheduling a check for org.apache.hadoop.ozone.container.common.volume.HddsVolume@2c54c497
2019-07-13 20:46:44,247 INFO  volume.HddsVolumeChecker (HddsVolumeChecker.java:checkAllVolumes(203)) - Scheduled health check for volume org.apache.hadoop.ozone.container.common.volume.HddsVolume@2c54c497
2019-07-13 20:46:44,264 INFO  impl.RaftServerProxy (ConfUtils.java:logGet(43)) - raft.rpc.type = GRPC (default)
2019-07-13 20:46:44,264 INFO  grpc.GrpcFactory (GrpcFactory.java:checkPooledByteBufAllocatorUseCacheForAllThreads(45)) - PERFORMANCE WARNING: useCacheForAllThreads is true that may cause Netty to create a lot garbage objects and, as a result, trigger GC.
	It is recommended to disable useCacheForAllThreads by setting -Dorg.apache.ratis.thirdparty.io.netty.allocator.useCacheForAllThreads=false in command line.
2019-07-13 20:46:44,265 INFO  grpc.GrpcConfigKeys$Server (ConfUtils.java:logGet(43)) - raft.grpc.server.port = 0 (default)
2019-07-13 20:46:44,265 INFO  server.GrpcService (ConfUtils.java:logGet(43)) - raft.grpc.message.size.max = 33570816 (custom)
2019-07-13 20:46:44,265 INFO  server.RaftServerConfigKeys (ConfUtils.java:logGet(43)) - raft.server.log.appender.buffer.byte-limit = 33554432 (custom)
2019-07-13 20:46:44,265 INFO  server.GrpcService (ConfUtils.java:logGet(43)) - raft.grpc.flow.control.window = 1MB (=1048576) (default)
2019-07-13 20:46:44,265 INFO  server.RaftServerConfigKeys (ConfUtils.java:logGet(43)) - raft.server.rpc.request.timeout = 3000ms (default)
2019-07-13 20:46:44,266 INFO  server.RaftServerConfigKeys (ConfUtils.java:logGet(43)) - raft.server.storage.dir = [/tmp/workdir/hadoop-ozone/integration-test/target/test-dir/MiniOzoneClusterImpl-25929c4b-dc84-4048-a268-3c62770bd446/datanode-5/data/ratis] (custom)
2019-07-13 20:46:44,266 INFO  replication.SimpleContainerDownloader (SimpleContainerDownloader.java:<init>(72)) - Starting container downloader service to copy containers to replicate.
2019-07-13 20:46:44,267 INFO  hdfs.DFSUtil (DFSUtil.java:httpServerTemplateForNNAndJN(1641)) - Starting Web-server for hddsDatanode at: http://0.0.0.0:0
2019-07-13 20:46:44,268 INFO  server.AuthenticationFilter (AuthenticationFilter.java:constructSecretProvider(240)) - Unable to initialize FileSignerSecretProvider, falling back to use random secrets.
2019-07-13 20:46:44,268 WARN  http.HttpRequestLog (HttpRequestLog.java:getRequestLog(97)) - Jetty request log can only be enabled using Log4j
2019-07-13 20:46:44,269 INFO  http.HttpServer2 (HttpServer2.java:addGlobalFilter(975)) - Added global filter 'safety' (class=org.apache.hadoop.http.HttpServer2$QuotingInputFilter)
2019-07-13 20:46:44,270 INFO  http.HttpServer2 (HttpServer2.java:addFilter(948)) - Added filter static_user_filter (class=org.apache.hadoop.http.lib.StaticUserWebFilter$StaticUserFilter) to context hddsDatanode
2019-07-13 20:46:44,270 INFO  http.HttpServer2 (HttpServer2.java:addFilter(958)) - Added filter static_user_filter (class=org.apache.hadoop.http.lib.StaticUserWebFilter$StaticUserFilter) to context logs
2019-07-13 20:46:44,270 INFO  http.HttpServer2 (HttpServer2.java:addFilter(958)) - Added filter static_user_filter (class=org.apache.hadoop.http.lib.StaticUserWebFilter$StaticUserFilter) to context static
2019-07-13 20:46:44,270 INFO  http.HttpServer2 (HttpServer2.java:bindListener(1191)) - Jetty bound to port 38033
2019-07-13 20:46:44,271 INFO  server.Server (Server.java:doStart(351)) - jetty-9.3.24.v20180605, build timestamp: 2018-06-05T17:11:56Z, git hash: 84205aa28f11a4f31f2a3b86d1bba2cc8ab69827
2019-07-13 20:46:44,272 INFO  handler.ContextHandler (ContextHandler.java:doStart(781)) - Started o.e.j.s.ServletContextHandler@4db46344{/logs,file:///tmp/workdir/hadoop-ozone/integration-test/target/log,AVAILABLE}
2019-07-13 20:46:44,272 INFO  handler.ContextHandler (ContextHandler.java:doStart(781)) - Started o.e.j.s.ServletContextHandler@702b656a{/static,jar:file:/home/user/.m2/repository/org/apache/hadoop/hadoop-hdds-container-service/0.5.0-SNAPSHOT/hadoop-hdds-container-service-0.5.0-SNAPSHOT.jar!/webapps/static,AVAILABLE}
2019-07-13 20:46:44,293 INFO  handler.ContextHandler (ContextHandler.java:doStart(781)) - Started o.e.j.w.WebAppContext@70ecf57b{/,file:///tmp/jetty-0.0.0.0-38033-hddsDatanode-_-any-8727188183701526401.dir/webapp/,AVAILABLE}{/hddsDatanode}
2019-07-13 20:46:44,293 INFO  server.AbstractConnector (AbstractConnector.java:doStart(278)) - Started ServerConnector@4e5364a3{HTTP/1.1,[http/1.1]}{0.0.0.0:38033}
2019-07-13 20:46:44,297 INFO  server.Server (Server.java:doStart(419)) - Started @19097ms
2019-07-13 20:46:44,297 INFO  server.BaseHttpServer (BaseHttpServer.java:updateConnectorAddress(207)) - HTTP server of HDDSDATANODE is listening at http://0.0.0.0:38033
2019-07-13 20:46:44,387 INFO  ozone.HddsDatanodeService (HddsDatanodeService.java:startPlugins(396)) - Started plug-in org.apache.hadoop.ozone.web.OzoneHddsDatanodeService@1d2c253
2019-07-13 20:46:44,387 INFO  impl.MetricsSystemImpl (MetricsSystemImpl.java:init(158)) - HddsDatanode metrics system started (again)
2019-07-13 20:46:44,392 INFO  ozone.HddsDatanodeService (HddsDatanodeService.java:start(185)) - HddsDatanodeService host:trunk-nightly-6qp7m-2461138711 ip:192.168.5.168
2019-07-13 20:46:44,393 INFO  util.JvmPauseMonitor (JvmPauseMonitor.java:run(188)) - Starting JVM pause monitor
2019-07-13 20:46:44,395 INFO  datanode.InitDatanodeState (InitDatanodeState.java:persistContainerDatanodeDetails(140)) - DatanodeDetails is persisted to /tmp/workdir/hadoop-ozone/integration-test/target/test-dir/MiniOzoneClusterImpl-25929c4b-dc84-4048-a268-3c62770bd446/datanode-5/meta/datanode.id
2019-07-13 20:46:44,406 INFO  volume.HddsVolume (HddsVolume.java:<init>(176)) - Creating Volume: /tmp/workdir/hadoop-ozone/integration-test/target/test-dir/MiniOzoneClusterImpl-25929c4b-dc84-4048-a268-3c62770bd446/datanode-6/data/containers/hdds of  storage type : DISK and capacity : 52710309888
2019-07-13 20:46:44,406 INFO  volume.VolumeSet (VolumeSet.java:initializeVolumeSet(170)) - Added Volume : /tmp/workdir/hadoop-ozone/integration-test/target/test-dir/MiniOzoneClusterImpl-25929c4b-dc84-4048-a268-3c62770bd446/datanode-6/data/containers/hdds to VolumeSet
2019-07-13 20:46:44,406 INFO  volume.ThrottledAsyncChecker (ThrottledAsyncChecker.java:schedule(140)) - Scheduling a check for org.apache.hadoop.ozone.container.common.volume.HddsVolume@41bd6a0f
2019-07-13 20:46:44,407 INFO  volume.HddsVolumeChecker (HddsVolumeChecker.java:checkAllVolumes(203)) - Scheduled health check for volume org.apache.hadoop.ozone.container.common.volume.HddsVolume@41bd6a0f
2019-07-13 20:46:44,432 INFO  impl.RaftServerProxy (ConfUtils.java:logGet(43)) - raft.rpc.type = GRPC (default)
2019-07-13 20:46:44,432 INFO  grpc.GrpcFactory (GrpcFactory.java:checkPooledByteBufAllocatorUseCacheForAllThreads(45)) - PERFORMANCE WARNING: useCacheForAllThreads is true that may cause Netty to create a lot garbage objects and, as a result, trigger GC.
	It is recommended to disable useCacheForAllThreads by setting -Dorg.apache.ratis.thirdparty.io.netty.allocator.useCacheForAllThreads=false in command line.
2019-07-13 20:46:44,432 INFO  grpc.GrpcConfigKeys$Server (ConfUtils.java:logGet(43)) - raft.grpc.server.port = 0 (default)
2019-07-13 20:46:44,432 INFO  server.GrpcService (ConfUtils.java:logGet(43)) - raft.grpc.message.size.max = 33570816 (custom)
2019-07-13 20:46:44,432 INFO  server.RaftServerConfigKeys (ConfUtils.java:logGet(43)) - raft.server.log.appender.buffer.byte-limit = 33554432 (custom)
2019-07-13 20:46:44,433 INFO  server.GrpcService (ConfUtils.java:logGet(43)) - raft.grpc.flow.control.window = 1MB (=1048576) (default)
2019-07-13 20:46:44,433 INFO  server.RaftServerConfigKeys (ConfUtils.java:logGet(43)) - raft.server.rpc.request.timeout = 3000ms (default)
2019-07-13 20:46:44,433 INFO  server.RaftServerConfigKeys (ConfUtils.java:logGet(43)) - raft.server.storage.dir = [/tmp/workdir/hadoop-ozone/integration-test/target/test-dir/MiniOzoneClusterImpl-25929c4b-dc84-4048-a268-3c62770bd446/datanode-6/data/ratis] (custom)
2019-07-13 20:46:44,434 INFO  replication.SimpleContainerDownloader (SimpleContainerDownloader.java:<init>(72)) - Starting container downloader service to copy containers to replicate.
2019-07-13 20:46:44,434 INFO  hdfs.DFSUtil (DFSUtil.java:httpServerTemplateForNNAndJN(1641)) - Starting Web-server for hddsDatanode at: http://0.0.0.0:0
2019-07-13 20:46:44,435 INFO  server.AuthenticationFilter (AuthenticationFilter.java:constructSecretProvider(240)) - Unable to initialize FileSignerSecretProvider, falling back to use random secrets.
2019-07-13 20:46:44,436 WARN  http.HttpRequestLog (HttpRequestLog.java:getRequestLog(97)) - Jetty request log can only be enabled using Log4j
2019-07-13 20:46:44,437 INFO  http.HttpServer2 (HttpServer2.java:addGlobalFilter(975)) - Added global filter 'safety' (class=org.apache.hadoop.http.HttpServer2$QuotingInputFilter)
2019-07-13 20:46:44,437 INFO  http.HttpServer2 (HttpServer2.java:addFilter(948)) - Added filter static_user_filter (class=org.apache.hadoop.http.lib.StaticUserWebFilter$StaticUserFilter) to context hddsDatanode
2019-07-13 20:46:44,437 INFO  http.HttpServer2 (HttpServer2.java:addFilter(958)) - Added filter static_user_filter (class=org.apache.hadoop.http.lib.StaticUserWebFilter$StaticUserFilter) to context static
2019-07-13 20:46:44,437 INFO  http.HttpServer2 (HttpServer2.java:addFilter(958)) - Added filter static_user_filter (class=org.apache.hadoop.http.lib.StaticUserWebFilter$StaticUserFilter) to context logs
2019-07-13 20:46:44,438 INFO  http.HttpServer2 (HttpServer2.java:bindListener(1191)) - Jetty bound to port 44836
2019-07-13 20:46:44,438 INFO  server.Server (Server.java:doStart(351)) - jetty-9.3.24.v20180605, build timestamp: 2018-06-05T17:11:56Z, git hash: 84205aa28f11a4f31f2a3b86d1bba2cc8ab69827
2019-07-13 20:46:44,439 INFO  handler.ContextHandler (ContextHandler.java:doStart(781)) - Started o.e.j.s.ServletContextHandler@7227926b{/logs,file:///tmp/workdir/hadoop-ozone/integration-test/target/log,AVAILABLE}
2019-07-13 20:46:44,440 INFO  handler.ContextHandler (ContextHandler.java:doStart(781)) - Started o.e.j.s.ServletContextHandler@556aed22{/static,jar:file:/home/user/.m2/repository/org/apache/hadoop/hadoop-hdds-container-service/0.5.0-SNAPSHOT/hadoop-hdds-container-service-0.5.0-SNAPSHOT.jar!/webapps/static,AVAILABLE}
2019-07-13 20:46:44,462 INFO  handler.ContextHandler (ContextHandler.java:doStart(781)) - Started o.e.j.w.WebAppContext@2b3b1124{/,file:///tmp/jetty-0.0.0.0-44836-hddsDatanode-_-any-5615917632066468338.dir/webapp/,AVAILABLE}{/hddsDatanode}
2019-07-13 20:46:44,462 INFO  server.AbstractConnector (AbstractConnector.java:doStart(278)) - Started ServerConnector@54286339{HTTP/1.1,[http/1.1]}{0.0.0.0:44836}
2019-07-13 20:46:44,465 INFO  server.Server (Server.java:doStart(419)) - Started @19266ms
2019-07-13 20:46:44,466 INFO  server.BaseHttpServer (BaseHttpServer.java:updateConnectorAddress(207)) - HTTP server of HDDSDATANODE is listening at http://0.0.0.0:44836
2019-07-13 20:46:44,552 INFO  ozone.HddsDatanodeService (HddsDatanodeService.java:startPlugins(396)) - Started plug-in org.apache.hadoop.ozone.web.OzoneHddsDatanodeService@5724c7da
2019-07-13 20:46:44,552 INFO  ozone.MiniOzoneClusterImpl (MiniOzoneClusterImpl.java:lambda$waitForClusterToBeReady$0(142)) - Waiting for cluster to be ready. Got 0 of 7 DN Heartbeats.
2019-07-13 20:46:44,564 INFO  util.JvmPauseMonitor (JvmPauseMonitor.java:run(188)) - Starting JVM pause monitor
2019-07-13 20:46:44,565 INFO  datanode.InitDatanodeState (InitDatanodeState.java:persistContainerDatanodeDetails(140)) - DatanodeDetails is persisted to /tmp/workdir/hadoop-ozone/integration-test/target/test-dir/MiniOzoneClusterImpl-25929c4b-dc84-4048-a268-3c62770bd446/datanode-6/meta/datanode.id
2019-07-13 20:46:45,465 INFO  ozoneimpl.OzoneContainer (OzoneContainer.java:start(186)) - Attempting to start container services.
2019-07-13 20:46:45,466 INFO  ozoneimpl.OzoneContainer (OzoneContainer.java:startContainerScrub(160)) - Background container scrubber has been disabled by hdds.containerscrub.enabled
2019-07-13 20:46:45,466 INFO  ratis.XceiverServerRatis (XceiverServerRatis.java:start(418)) - Starting XceiverServerRatis ab218066-181d-46b2-9ec7-7fa1ad867f1c at port 0
2019-07-13 20:46:45,473 INFO  impl.RaftServerProxy (RaftServerProxy.java:lambda$start$3(299)) - ab218066-181d-46b2-9ec7-7fa1ad867f1c: start RPC server
2019-07-13 20:46:45,474 INFO  server.GrpcService (GrpcService.java:startImpl(149)) - ab218066-181d-46b2-9ec7-7fa1ad867f1c: GrpcService started, listening on 0.0.0.0/0.0.0.0:37882
2019-07-13 20:46:45,474 INFO  ratis.XceiverServerRatis (XceiverServerRatis.java:start(428)) - XceiverServerRatis ab218066-181d-46b2-9ec7-7fa1ad867f1c is started using port 37882
2019-07-13 20:46:45,475 INFO  server.XceiverServerGrpc (XceiverServerGrpc.java:start(161)) - XceiverServerGrpc ab218066-181d-46b2-9ec7-7fa1ad867f1c is started using port 33349
2019-07-13 20:46:45,552 INFO  ozone.MiniOzoneClusterImpl (MiniOzoneClusterImpl.java:lambda$waitForClusterToBeReady$0(142)) - Waiting for cluster to be ready. Got 0 of 7 DN Heartbeats.
2019-07-13 20:46:45,674 INFO  ozoneimpl.OzoneContainer (OzoneContainer.java:start(186)) - Attempting to start container services.
2019-07-13 20:46:45,674 INFO  ozoneimpl.OzoneContainer (OzoneContainer.java:startContainerScrub(160)) - Background container scrubber has been disabled by hdds.containerscrub.enabled
2019-07-13 20:46:45,674 INFO  ratis.XceiverServerRatis (XceiverServerRatis.java:start(418)) - Starting XceiverServerRatis a821c51a-654e-405d-8a70-0a883c22ff18 at port 0
2019-07-13 20:46:45,682 INFO  impl.RaftServerProxy (RaftServerProxy.java:lambda$start$3(299)) - a821c51a-654e-405d-8a70-0a883c22ff18: start RPC server
2019-07-13 20:46:45,686 INFO  server.GrpcService (GrpcService.java:startImpl(149)) - a821c51a-654e-405d-8a70-0a883c22ff18: GrpcService started, listening on 0.0.0.0/0.0.0.0:39901
2019-07-13 20:46:45,686 INFO  ratis.XceiverServerRatis (XceiverServerRatis.java:start(428)) - XceiverServerRatis a821c51a-654e-405d-8a70-0a883c22ff18 is started using port 39901
2019-07-13 20:46:45,706 INFO  server.XceiverServerGrpc (XceiverServerGrpc.java:start(161)) - XceiverServerGrpc a821c51a-654e-405d-8a70-0a883c22ff18 is started using port 33513
2019-07-13 20:46:45,858 INFO  ozoneimpl.OzoneContainer (OzoneContainer.java:start(186)) - Attempting to start container services.
2019-07-13 20:46:45,858 INFO  ozoneimpl.OzoneContainer (OzoneContainer.java:startContainerScrub(160)) - Background container scrubber has been disabled by hdds.containerscrub.enabled
2019-07-13 20:46:45,858 INFO  ratis.XceiverServerRatis (XceiverServerRatis.java:start(418)) - Starting XceiverServerRatis 4f108adb-2142-4e92-bf39-b48875c9ade4 at port 0
2019-07-13 20:46:45,865 INFO  impl.RaftServerProxy (RaftServerProxy.java:lambda$start$3(299)) - 4f108adb-2142-4e92-bf39-b48875c9ade4: start RPC server
2019-07-13 20:46:45,870 INFO  server.GrpcService (GrpcService.java:startImpl(149)) - 4f108adb-2142-4e92-bf39-b48875c9ade4: GrpcService started, listening on 0.0.0.0/0.0.0.0:34836
2019-07-13 20:46:45,870 INFO  ratis.XceiverServerRatis (XceiverServerRatis.java:start(428)) - XceiverServerRatis 4f108adb-2142-4e92-bf39-b48875c9ade4 is started using port 34836
2019-07-13 20:46:45,888 INFO  server.XceiverServerGrpc (XceiverServerGrpc.java:start(161)) - XceiverServerGrpc 4f108adb-2142-4e92-bf39-b48875c9ade4 is started using port 39724
2019-07-13 20:46:46,066 INFO  ozoneimpl.OzoneContainer (OzoneContainer.java:start(186)) - Attempting to start container services.
2019-07-13 20:46:46,067 INFO  ozoneimpl.OzoneContainer (OzoneContainer.java:startContainerScrub(160)) - Background container scrubber has been disabled by hdds.containerscrub.enabled
2019-07-13 20:46:46,067 INFO  ratis.XceiverServerRatis (XceiverServerRatis.java:start(418)) - Starting XceiverServerRatis 4b2149b5-8294-4b9b-b83b-8846711ea886 at port 0
2019-07-13 20:46:46,074 INFO  impl.RaftServerProxy (RaftServerProxy.java:lambda$start$3(299)) - 4b2149b5-8294-4b9b-b83b-8846711ea886: start RPC server
2019-07-13 20:46:46,075 INFO  server.GrpcService (GrpcService.java:startImpl(149)) - 4b2149b5-8294-4b9b-b83b-8846711ea886: GrpcService started, listening on 0.0.0.0/0.0.0.0:38330
2019-07-13 20:46:46,075 INFO  ratis.XceiverServerRatis (XceiverServerRatis.java:start(428)) - XceiverServerRatis 4b2149b5-8294-4b9b-b83b-8846711ea886 is started using port 38330
2019-07-13 20:46:46,080 INFO  server.XceiverServerGrpc (XceiverServerGrpc.java:start(161)) - XceiverServerGrpc 4b2149b5-8294-4b9b-b83b-8846711ea886 is started using port 34593
2019-07-13 20:46:46,244 INFO  ozoneimpl.OzoneContainer (OzoneContainer.java:start(186)) - Attempting to start container services.
2019-07-13 20:46:46,244 INFO  ozoneimpl.OzoneContainer (OzoneContainer.java:startContainerScrub(160)) - Background container scrubber has been disabled by hdds.containerscrub.enabled
2019-07-13 20:46:46,244 INFO  ratis.XceiverServerRatis (XceiverServerRatis.java:start(418)) - Starting XceiverServerRatis 30ea0b88-2c0f-4743-9b03-de090440f143 at port 0
2019-07-13 20:46:46,251 INFO  impl.RaftServerProxy (RaftServerProxy.java:lambda$start$3(299)) - 30ea0b88-2c0f-4743-9b03-de090440f143: start RPC server
2019-07-13 20:46:46,252 INFO  server.GrpcService (GrpcService.java:startImpl(149)) - 30ea0b88-2c0f-4743-9b03-de090440f143: GrpcService started, listening on 0.0.0.0/0.0.0.0:46829
2019-07-13 20:46:46,252 INFO  ratis.XceiverServerRatis (XceiverServerRatis.java:start(428)) - XceiverServerRatis 30ea0b88-2c0f-4743-9b03-de090440f143 is started using port 46829
2019-07-13 20:46:46,253 INFO  server.XceiverServerGrpc (XceiverServerGrpc.java:start(161)) - XceiverServerGrpc 30ea0b88-2c0f-4743-9b03-de090440f143 is started using port 41113
2019-07-13 20:46:46,400 INFO  ozoneimpl.OzoneContainer (OzoneContainer.java:start(186)) - Attempting to start container services.
2019-07-13 20:46:46,400 INFO  ozoneimpl.OzoneContainer (OzoneContainer.java:startContainerScrub(160)) - Background container scrubber has been disabled by hdds.containerscrub.enabled
2019-07-13 20:46:46,401 INFO  ratis.XceiverServerRatis (XceiverServerRatis.java:start(418)) - Starting XceiverServerRatis 77d14904-365b-4fcf-9292-2b2cc1102ded at port 0
2019-07-13 20:46:46,409 INFO  impl.RaftServerProxy (RaftServerProxy.java:lambda$start$3(299)) - 77d14904-365b-4fcf-9292-2b2cc1102ded: start RPC server
2019-07-13 20:46:46,414 INFO  server.GrpcService (GrpcService.java:startImpl(149)) - 77d14904-365b-4fcf-9292-2b2cc1102ded: GrpcService started, listening on 0.0.0.0/0.0.0.0:35765
2019-07-13 20:46:46,414 INFO  ratis.XceiverServerRatis (XceiverServerRatis.java:start(428)) - XceiverServerRatis 77d14904-365b-4fcf-9292-2b2cc1102ded is started using port 35765
2019-07-13 20:46:46,419 INFO  server.XceiverServerGrpc (XceiverServerGrpc.java:start(161)) - XceiverServerGrpc 77d14904-365b-4fcf-9292-2b2cc1102ded is started using port 34811
2019-07-13 20:46:46,553 INFO  ozone.MiniOzoneClusterImpl (MiniOzoneClusterImpl.java:lambda$waitForClusterToBeReady$0(142)) - Waiting for cluster to be ready. Got 0 of 7 DN Heartbeats.
2019-07-13 20:46:46,577 INFO  ozoneimpl.OzoneContainer (OzoneContainer.java:start(186)) - Attempting to start container services.
2019-07-13 20:46:46,577 INFO  ozoneimpl.OzoneContainer (OzoneContainer.java:startContainerScrub(160)) - Background container scrubber has been disabled by hdds.containerscrub.enabled
2019-07-13 20:46:46,577 INFO  ratis.XceiverServerRatis (XceiverServerRatis.java:start(418)) - Starting XceiverServerRatis 6032399f-ef52-4dbb-8fc2-33d7046e2146 at port 0
2019-07-13 20:46:46,584 INFO  impl.RaftServerProxy (RaftServerProxy.java:lambda$start$3(299)) - 6032399f-ef52-4dbb-8fc2-33d7046e2146: start RPC server
2019-07-13 20:46:46,585 INFO  server.GrpcService (GrpcService.java:startImpl(149)) - 6032399f-ef52-4dbb-8fc2-33d7046e2146: GrpcService started, listening on 0.0.0.0/0.0.0.0:35476
2019-07-13 20:46:46,586 INFO  ratis.XceiverServerRatis (XceiverServerRatis.java:start(428)) - XceiverServerRatis 6032399f-ef52-4dbb-8fc2-33d7046e2146 is started using port 35476
2019-07-13 20:46:46,586 INFO  server.XceiverServerGrpc (XceiverServerGrpc.java:start(161)) - XceiverServerGrpc 6032399f-ef52-4dbb-8fc2-33d7046e2146 is started using port 38798
2019-07-13 20:46:47,181 INFO  impl.FollowerState (FollowerState.java:run(106)) - c4016856-23fa-492d-976d-2a5803ccbc7b:group-48E8D7178089 changes to CANDIDATE, lastRpcTime:5044, electionTimeout:5041ms
2019-07-13 20:46:47,182 INFO  impl.RoleInfo (RoleInfo.java:shutdownFollowerState(121)) - c4016856-23fa-492d-976d-2a5803ccbc7b: shutdown FollowerState
2019-07-13 20:46:47,182 INFO  impl.RaftServerImpl (RaftServerImpl.java:setRole(171)) - c4016856-23fa-492d-976d-2a5803ccbc7b:group-48E8D7178089 changes role from FOLLOWER to CANDIDATE at term 1 for changeToCandidate
2019-07-13 20:46:47,182 INFO  impl.RoleInfo (RoleInfo.java:updateAndGet(143)) - c4016856-23fa-492d-976d-2a5803ccbc7b: start LeaderElection
2019-07-13 20:46:47,195 INFO  impl.LeaderElection (LeaderElection.java:askForVotes(181)) - c4016856-23fa-492d-976d-2a5803ccbc7b:group-48E8D7178089:LeaderElection12: begin an election at term 2 for -1: [009ce890-70b5-4ffc-aa2e-d715d4cde131:192.168.5.168:45083, be85a937-4246-4c27-b0c8-f10c7c118442:192.168.5.168:39171, c4016856-23fa-492d-976d-2a5803ccbc7b:192.168.5.168:32769], old=null
2019-07-13 20:46:47,208 INFO  impl.RaftServerImpl (RaftServerImpl.java:setRole(171)) - be85a937-4246-4c27-b0c8-f10c7c118442:group-48E8D7178089 changes role from FOLLOWER to FOLLOWER at term 2 for recognizeCandidate:c4016856-23fa-492d-976d-2a5803ccbc7b
2019-07-13 20:46:47,208 INFO  impl.RaftServerImpl (RaftServerImpl.java:setRole(171)) - 009ce890-70b5-4ffc-aa2e-d715d4cde131:group-48E8D7178089 changes role from FOLLOWER to FOLLOWER at term 2 for recognizeCandidate:c4016856-23fa-492d-976d-2a5803ccbc7b
2019-07-13 20:46:47,209 INFO  impl.RoleInfo (RoleInfo.java:shutdownFollowerState(121)) - 009ce890-70b5-4ffc-aa2e-d715d4cde131: shutdown FollowerState
2019-07-13 20:46:47,208 INFO  impl.RoleInfo (RoleInfo.java:shutdownFollowerState(121)) - be85a937-4246-4c27-b0c8-f10c7c118442: shutdown FollowerState
2019-07-13 20:46:47,209 INFO  impl.FollowerState (FollowerState.java:run(114)) - 009ce890-70b5-4ffc-aa2e-d715d4cde131: FollowerState was interrupted: java.lang.InterruptedException: sleep interrupted
2019-07-13 20:46:47,209 INFO  impl.FollowerState (FollowerState.java:run(114)) - be85a937-4246-4c27-b0c8-f10c7c118442: FollowerState was interrupted: java.lang.InterruptedException: sleep interrupted
2019-07-13 20:46:47,209 INFO  impl.RoleInfo (RoleInfo.java:updateAndGet(143)) - 009ce890-70b5-4ffc-aa2e-d715d4cde131: start FollowerState
2019-07-13 20:46:47,209 INFO  impl.RoleInfo (RoleInfo.java:updateAndGet(143)) - be85a937-4246-4c27-b0c8-f10c7c118442: start FollowerState
2019-07-13 20:46:47,224 INFO  impl.LeaderElection (LeaderElection.java:logAndReturn(56)) - c4016856-23fa-492d-976d-2a5803ccbc7b:group-48E8D7178089:LeaderElection12: Election PASSED; received 1 response(s) [c4016856-23fa-492d-976d-2a5803ccbc7b<-be85a937-4246-4c27-b0c8-f10c7c118442#0:OK-t2] and 0 exception(s); c4016856-23fa-492d-976d-2a5803ccbc7b:t2, leader=null, voted=c4016856-23fa-492d-976d-2a5803ccbc7b, raftlog=c4016856-23fa-492d-976d-2a5803ccbc7b-SegmentedRaftLog:OPENED:c-1,f-1,i0, conf=-1: [009ce890-70b5-4ffc-aa2e-d715d4cde131:192.168.5.168:45083, be85a937-4246-4c27-b0c8-f10c7c118442:192.168.5.168:39171, c4016856-23fa-492d-976d-2a5803ccbc7b:192.168.5.168:32769], old=null
2019-07-13 20:46:47,225 INFO  impl.RoleInfo (RoleInfo.java:shutdownLeaderElection(134)) - c4016856-23fa-492d-976d-2a5803ccbc7b: shutdown LeaderElection
2019-07-13 20:46:47,246 INFO  impl.RaftServerImpl (RaftServerImpl.java:setRole(171)) - c4016856-23fa-492d-976d-2a5803ccbc7b:group-48E8D7178089 changes role from CANDIDATE to LEADER at term 2 for changeToLeader
2019-07-13 20:46:47,247 INFO  impl.RaftServerImpl (ServerState.java:setLeader(263)) - c4016856-23fa-492d-976d-2a5803ccbc7b:group-48E8D7178089 change Leader from null to c4016856-23fa-492d-976d-2a5803ccbc7b at term 2 for becomeLeader, leader elected after 10390ms
2019-07-13 20:46:47,247 INFO  server.RaftServerConfigKeys (ConfUtils.java:logGet(43)) - raft.server.staging.catchup.gap = 1000 (default)
2019-07-13 20:46:47,247 INFO  server.RaftServerConfigKeys (ConfUtils.java:logGet(43)) - raft.server.rpc.sleep.time = 25ms (default)
2019-07-13 20:46:47,248 INFO  server.RaftServerConfigKeys (ConfUtils.java:logGet(43)) - raft.server.write.element-limit = 4096 (default)
2019-07-13 20:46:47,248 INFO  server.RaftServerConfigKeys (ConfUtils.java:logGet(43)) - raft.server.watch.timeout = 10s (default)
2019-07-13 20:46:47,248 INFO  server.RaftServerConfigKeys (ConfUtils.java:logGet(43)) - raft.server.watch.timeout.denomination = 1s (default)
2019-07-13 20:46:47,248 INFO  server.RaftServerConfigKeys (ConfUtils.java:logGet(43)) - raft.server.watch.element-limit = 65536 (default)
2019-07-13 20:46:47,249 INFO  server.RaftServerConfigKeys (ConfUtils.java:logGet(43)) - raft.server.log.appender.snapshot.chunk.size.max = 16MB (=16777216) (default)
2019-07-13 20:46:47,249 INFO  server.RaftServerConfigKeys (ConfUtils.java:logGet(43)) - raft.server.log.appender.buffer.byte-limit = 33554432 (custom)
2019-07-13 20:46:47,249 INFO  server.RaftServerConfigKeys (ConfUtils.java:logGet(43)) - raft.server.log.appender.buffer.element-limit = 1 (custom)
2019-07-13 20:46:47,250 INFO  grpc.GrpcConfigKeys$Server (ConfUtils.java:logGet(43)) - raft.grpc.server.leader.outstanding.appends.max = 128 (default)
2019-07-13 20:46:47,250 INFO  server.RaftServerConfigKeys (ConfUtils.java:logGet(43)) - raft.server.rpc.request.timeout = 3000ms (default)
2019-07-13 20:46:47,250 INFO  server.RaftServerConfigKeys (ConfUtils.java:logGet(43)) - raft.server.log.appender.install.snapshot.enabled = false (custom)
2019-07-13 20:46:47,250 INFO  server.RaftServerConfigKeys (ConfUtils.java:logGet(43)) - raft.server.log.appender.snapshot.chunk.size.max = 16MB (=16777216) (default)
2019-07-13 20:46:47,250 INFO  server.RaftServerConfigKeys (ConfUtils.java:logGet(43)) - raft.server.log.appender.buffer.byte-limit = 33554432 (custom)
2019-07-13 20:46:47,251 INFO  server.RaftServerConfigKeys (ConfUtils.java:logGet(43)) - raft.server.log.appender.buffer.element-limit = 1 (custom)
2019-07-13 20:46:47,251 INFO  grpc.GrpcConfigKeys$Server (ConfUtils.java:logGet(43)) - raft.grpc.server.leader.outstanding.appends.max = 128 (default)
2019-07-13 20:46:47,251 INFO  server.RaftServerConfigKeys (ConfUtils.java:logGet(43)) - raft.server.rpc.request.timeout = 3000ms (default)
2019-07-13 20:46:47,251 INFO  server.RaftServerConfigKeys (ConfUtils.java:logGet(43)) - raft.server.log.appender.install.snapshot.enabled = false (custom)
2019-07-13 20:46:47,252 INFO  impl.RoleInfo (RoleInfo.java:updateAndGet(143)) - c4016856-23fa-492d-976d-2a5803ccbc7b: start LeaderState
2019-07-13 20:46:47,252 INFO  segmented.SegmentedRaftLogWorker (SegmentedRaftLogWorker.java:startLogSegment(380)) - c4016856-23fa-492d-976d-2a5803ccbc7b-SegmentedRaftLogWorker:Storage Directory /tmp/workdir/hadoop-ozone/integration-test/target/test-dir/MiniOzoneClusterImpl-8ad9e420-ecfc-4906-b788-750b4191b1d8/datanode-1/data/ratis/6d2387b3-2dcf-4199-aaab-48e8d7178089: Starting segment from index:0
2019-07-13 20:46:47,253 INFO  impl.RaftServerImpl (ServerState.java:setRaftConf(361)) - c4016856-23fa-492d-976d-2a5803ccbc7b:group-48E8D7178089 set configuration 0: [009ce890-70b5-4ffc-aa2e-d715d4cde131:192.168.5.168:45083, be85a937-4246-4c27-b0c8-f10c7c118442:192.168.5.168:39171, c4016856-23fa-492d-976d-2a5803ccbc7b:192.168.5.168:32769], old=null at 0
2019-07-13 20:46:47,284 INFO  impl.RaftServerImpl (ServerState.java:setLeader(263)) - 009ce890-70b5-4ffc-aa2e-d715d4cde131:group-48E8D7178089 change Leader from null to c4016856-23fa-492d-976d-2a5803ccbc7b at term 2 for appendEntries, leader elected after 10427ms
2019-07-13 20:46:47,288 INFO  impl.RaftServerImpl (ServerState.java:setLeader(263)) - be85a937-4246-4c27-b0c8-f10c7c118442:group-48E8D7178089 change Leader from null to c4016856-23fa-492d-976d-2a5803ccbc7b at term 2 for appendEntries, leader elected after 10431ms
2019-07-13 20:46:47,288 INFO  segmented.SegmentedRaftLogWorker (SegmentedRaftLogWorker.java:execute(569)) - c4016856-23fa-492d-976d-2a5803ccbc7b-SegmentedRaftLogWorker:Storage Directory /tmp/workdir/hadoop-ozone/integration-test/target/test-dir/MiniOzoneClusterImpl-8ad9e420-ecfc-4906-b788-750b4191b1d8/datanode-1/data/ratis/6d2387b3-2dcf-4199-aaab-48e8d7178089: created new log segment /tmp/workdir/hadoop-ozone/integration-test/target/test-dir/MiniOzoneClusterImpl-8ad9e420-ecfc-4906-b788-750b4191b1d8/datanode-1/data/ratis/6d2387b3-2dcf-4199-aaab-48e8d7178089/current/log_inprogress_0
2019-07-13 20:46:47,292 INFO  impl.RaftServerImpl (ServerState.java:setRaftConf(361)) - 009ce890-70b5-4ffc-aa2e-d715d4cde131:group-48E8D7178089 set configuration 0: [009ce890-70b5-4ffc-aa2e-d715d4cde131:192.168.5.168:45083, be85a937-4246-4c27-b0c8-f10c7c118442:192.168.5.168:39171, c4016856-23fa-492d-976d-2a5803ccbc7b:192.168.5.168:32769], old=null at 0
2019-07-13 20:46:47,292 INFO  segmented.SegmentedRaftLogWorker (SegmentedRaftLogWorker.java:startLogSegment(380)) - 009ce890-70b5-4ffc-aa2e-d715d4cde131-SegmentedRaftLogWorker:Storage Directory /tmp/workdir/hadoop-ozone/integration-test/target/test-dir/MiniOzoneClusterImpl-8ad9e420-ecfc-4906-b788-750b4191b1d8/datanode-4/data/ratis/6d2387b3-2dcf-4199-aaab-48e8d7178089: Starting segment from index:0
2019-07-13 20:46:47,293 INFO  impl.RaftServerImpl (ServerState.java:setRaftConf(361)) - be85a937-4246-4c27-b0c8-f10c7c118442:group-48E8D7178089 set configuration 0: [009ce890-70b5-4ffc-aa2e-d715d4cde131:192.168.5.168:45083, be85a937-4246-4c27-b0c8-f10c7c118442:192.168.5.168:39171, c4016856-23fa-492d-976d-2a5803ccbc7b:192.168.5.168:32769], old=null at 0
2019-07-13 20:46:47,297 INFO  segmented.SegmentedRaftLogWorker (SegmentedRaftLogWorker.java:startLogSegment(380)) - be85a937-4246-4c27-b0c8-f10c7c118442-SegmentedRaftLogWorker:Storage Directory /tmp/workdir/hadoop-ozone/integration-test/target/test-dir/MiniOzoneClusterImpl-8ad9e420-ecfc-4906-b788-750b4191b1d8/datanode-6/data/ratis/6d2387b3-2dcf-4199-aaab-48e8d7178089: Starting segment from index:0
2019-07-13 20:46:47,319 INFO  segmented.SegmentedRaftLogWorker (SegmentedRaftLogWorker.java:execute(569)) - 009ce890-70b5-4ffc-aa2e-d715d4cde131-SegmentedRaftLogWorker:Storage Directory /tmp/workdir/hadoop-ozone/integration-test/target/test-dir/MiniOzoneClusterImpl-8ad9e420-ecfc-4906-b788-750b4191b1d8/datanode-4/data/ratis/6d2387b3-2dcf-4199-aaab-48e8d7178089: created new log segment /tmp/workdir/hadoop-ozone/integration-test/target/test-dir/MiniOzoneClusterImpl-8ad9e420-ecfc-4906-b788-750b4191b1d8/datanode-4/data/ratis/6d2387b3-2dcf-4199-aaab-48e8d7178089/current/log_inprogress_0
2019-07-13 20:46:47,321 INFO  segmented.SegmentedRaftLogWorker (SegmentedRaftLogWorker.java:execute(569)) - be85a937-4246-4c27-b0c8-f10c7c118442-SegmentedRaftLogWorker:Storage Directory /tmp/workdir/hadoop-ozone/integration-test/target/test-dir/MiniOzoneClusterImpl-8ad9e420-ecfc-4906-b788-750b4191b1d8/datanode-6/data/ratis/6d2387b3-2dcf-4199-aaab-48e8d7178089: created new log segment /tmp/workdir/hadoop-ozone/integration-test/target/test-dir/MiniOzoneClusterImpl-8ad9e420-ecfc-4906-b788-750b4191b1d8/datanode-6/data/ratis/6d2387b3-2dcf-4199-aaab-48e8d7178089/current/log_inprogress_0
2019-07-13 20:46:47,447 INFO  net.NetworkTopology (NetworkTopologyImpl.java:add(110)) - Added a new node: /default-rack/192.168.5.168
2019-07-13 20:46:47,455 INFO  node.SCMNodeManager (SCMNodeManager.java:register(269)) - Registered Data node : ab218066-181d-46b2-9ec7-7fa1ad867f1c{ip: 192.168.5.168, host: trunk-nightly-6qp7m-2461138711, networkLocation: /default-rack, certSerialId: null}
2019-07-13 20:46:47,456 INFO  safemode.SCMSafeModeManager (DataNodeSafeModeRule.java:process(71)) - SCM in safe mode. 1 DataNodes registered, 1 required.
2019-07-13 20:46:47,464 INFO  safemode.SCMSafeModeManager (SCMSafeModeManager.java:validateSafeModeExitRules(177)) - ScmSafeModeManager, all rules are successfully validated
2019-07-13 20:46:47,464 INFO  safemode.SCMSafeModeManager (SCMSafeModeManager.java:exitSafeMode(193)) - SCM exiting safe mode.
2019-07-13 20:46:47,484 INFO  impl.RaftServerProxy (RaftServerProxy.java:addNew(89)) - ab218066-181d-46b2-9ec7-7fa1ad867f1c: addNew group-166287179F9F:[ab218066-181d-46b2-9ec7-7fa1ad867f1c:192.168.5.168:37882] returns group-166287179F9F:java.util.concurrent.CompletableFuture@a9332f3[Not completed]
2019-07-13 20:46:47,486 INFO  impl.RaftServerImpl (RaftServerImpl.java:<init>(93)) - ab218066-181d-46b2-9ec7-7fa1ad867f1c: new RaftServerImpl for group-166287179F9F:[ab218066-181d-46b2-9ec7-7fa1ad867f1c:192.168.5.168:37882] with ContainerStateMachine:uninitialized
2019-07-13 20:46:47,486 INFO  server.RaftServerConfigKeys (ConfUtils.java:logGet(43)) - raft.server.rpc.timeout.min = 5s (custom)
2019-07-13 20:46:47,487 INFO  server.RaftServerConfigKeys (ConfUtils.java:logGet(43)) - raft.server.rpc.timeout.max = 5200ms (custom)
2019-07-13 20:46:47,487 INFO  server.RaftServerConfigKeys (ConfUtils.java:logGet(43)) - raft.server.rpcslowness.timeout = 120s (custom)
2019-07-13 20:46:47,487 INFO  server.RaftServerConfigKeys (ConfUtils.java:logGet(43)) - raft.server.sleep.deviation.threshold = 300 (default)
2019-07-13 20:46:47,487 INFO  server.RaftServerConfigKeys (ConfUtils.java:logGet(43)) - raft.server.log.appender.install.snapshot.enabled = false (custom)
2019-07-13 20:46:47,487 INFO  impl.RaftServerImpl (ServerState.java:<init>(105)) - ab218066-181d-46b2-9ec7-7fa1ad867f1c:group-166287179F9F ConfigurationManager, init=-1: [ab218066-181d-46b2-9ec7-7fa1ad867f1c:192.168.5.168:37882], old=null, confs=<EMPTY_MAP>
2019-07-13 20:46:47,488 INFO  server.RaftServerConfigKeys (ConfUtils.java:logGet(43)) - raft.server.storage.dir = [/tmp/workdir/hadoop-ozone/integration-test/target/test-dir/MiniOzoneClusterImpl-25929c4b-dc84-4048-a268-3c62770bd446/datanode-0/data/ratis] (custom)
2019-07-13 20:46:47,488 INFO  storage.RaftStorageDirectory (RaftStorageDirectory.java:analyzeStorage(246)) - The storage directory /tmp/workdir/hadoop-ozone/integration-test/target/test-dir/MiniOzoneClusterImpl-25929c4b-dc84-4048-a268-3c62770bd446/datanode-0/data/ratis/395ead10-c8b1-4051-83a4-166287179f9f does not exist. Creating ...
2019-07-13 20:46:47,501 INFO  storage.RaftStorageDirectory (RaftStorageDirectory.java:tryLock(328)) - Lock on /tmp/workdir/hadoop-ozone/integration-test/target/test-dir/MiniOzoneClusterImpl-25929c4b-dc84-4048-a268-3c62770bd446/datanode-0/data/ratis/395ead10-c8b1-4051-83a4-166287179f9f/in_use.lock acquired by nodename 28672@trunk-nightly-6qp7m-2461138711
2019-07-13 20:46:47,505 INFO  storage.RaftStorage (RaftStorage.java:format(72)) - Storage directory /tmp/workdir/hadoop-ozone/integration-test/target/test-dir/MiniOzoneClusterImpl-25929c4b-dc84-4048-a268-3c62770bd446/datanode-0/data/ratis/395ead10-c8b1-4051-83a4-166287179f9f has been successfully formatted.
2019-07-13 20:46:47,505 INFO  ratis.ContainerStateMachine (ContainerStateMachine.java:loadSnapshot(200)) - The snapshot info is null.Setting the last applied index to:(t:0, i:~)
2019-07-13 20:46:47,505 INFO  server.RaftServerConfigKeys (ConfUtils.java:logGet(43)) - raft.server.leader.election.timeout = 120s (custom)
2019-07-13 20:46:47,505 INFO  server.RaftServerConfigKeys (ConfUtils.java:logGet(43)) - raft.server.log.use.memory = false (default)
2019-07-13 20:46:47,506 INFO  server.RaftServerConfigKeys (ConfUtils.java:logGet(43)) - raft.server.log.purge.gap = 1000000000 (custom)
2019-07-13 20:46:47,506 INFO  server.RaftServerConfigKeys (ConfUtils.java:logGet(43)) - raft.server.log.appender.buffer.byte-limit = 33554432 (custom)
2019-07-13 20:46:47,506 INFO  server.RaftServerConfigKeys (ConfUtils.java:logGet(43)) - raft.server.log.segment.size.max = 1048576 (custom)
2019-07-13 20:46:47,506 INFO  server.RaftServerConfigKeys (ConfUtils.java:logGet(43)) - raft.server.log.segment.cache.num.max = 2 (custom)
2019-07-13 20:46:47,506 INFO  segmented.SegmentedRaftLogWorker (SegmentedRaftLogWorker.java:<init>(172)) - new ab218066-181d-46b2-9ec7-7fa1ad867f1c-SegmentedRaftLogWorker:Storage Directory /tmp/workdir/hadoop-ozone/integration-test/target/test-dir/MiniOzoneClusterImpl-25929c4b-dc84-4048-a268-3c62770bd446/datanode-0/data/ratis/395ead10-c8b1-4051-83a4-166287179f9f for RaftStorage:Storage Directory /tmp/workdir/hadoop-ozone/integration-test/target/test-dir/MiniOzoneClusterImpl-25929c4b-dc84-4048-a268-3c62770bd446/datanode-0/data/ratis/395ead10-c8b1-4051-83a4-166287179f9f
2019-07-13 20:46:47,507 INFO  server.RaftServerConfigKeys (ConfUtils.java:logGet(43)) - raft.server.log.queue.byte-limit = 2147483647 (custom)
2019-07-13 20:46:47,507 INFO  server.RaftServerConfigKeys (ConfUtils.java:logGet(43)) - raft.server.log.queue.element-limit = 1024 (custom)
2019-07-13 20:46:47,507 INFO  server.RaftServerConfigKeys (ConfUtils.java:logGet(43)) - raft.server.log.segment.size.max = 1048576 (custom)
2019-07-13 20:46:47,507 INFO  server.RaftServerConfigKeys (ConfUtils.java:logGet(43)) - raft.server.log.preallocated.size = 16384 (custom)
2019-07-13 20:46:47,507 INFO  server.RaftServerConfigKeys (ConfUtils.java:logGet(43)) - raft.server.log.write.buffer.size = 33554432 (custom)
2019-07-13 20:46:47,508 INFO  server.RaftServerConfigKeys (ConfUtils.java:logGet(43)) - raft.server.log.force.sync.num = 128 (default)
2019-07-13 20:46:47,508 INFO  server.RaftServerConfigKeys (ConfUtils.java:logGet(43)) - raft.server.log.statemachine.data.sync = true (default)
2019-07-13 20:46:47,508 INFO  server.RaftServerConfigKeys (ConfUtils.java:logGet(43)) - raft.server.log.statemachine.data.sync.timeout = 10s (default)
2019-07-13 20:46:47,508 INFO  server.RaftServerConfigKeys (ConfUtils.java:logGet(43)) - raft.server.log.statemachine.data.sync.timeout.retry = -1 (default)
2019-07-13 20:46:47,509 INFO  server.RaftServerConfigKeys (ConfUtils.java:logGet(43)) - raft.server.log.statemachine.data.caching.enabled = true (custom)
2019-07-13 20:46:47,509 INFO  segmented.SegmentedRaftLogWorker (SegmentedRaftLogWorker.java:lambda$new$0(132)) - ab218066-181d-46b2-9ec7-7fa1ad867f1c-SegmentedRaftLogWorker:Storage Directory /tmp/workdir/hadoop-ozone/integration-test/target/test-dir/MiniOzoneClusterImpl-25929c4b-dc84-4048-a268-3c62770bd446/datanode-0/data/ratis/395ead10-c8b1-4051-83a4-166287179f9f: flushIndex: setUnconditionally 0 -> -1
2019-07-13 20:46:47,509 INFO  server.RaftServerConfigKeys (ConfUtils.java:logGet(43)) - raft.server.snapshot.auto.trigger.enabled = true (custom)
2019-07-13 20:46:47,509 INFO  server.RaftServerConfigKeys (ConfUtils.java:logGet(43)) - raft.server.snapshot.auto.trigger.threshold = 10000 (custom)
2019-07-13 20:46:47,510 INFO  server.RaftServerConfigKeys (ConfUtils.java:logGet(43)) - raft.server.retrycache.expirytime = 600000ms (custom)
2019-07-13 20:46:47,510 INFO  impl.RaftServerImpl (RaftServerImpl.java:start(180)) - ab218066-181d-46b2-9ec7-7fa1ad867f1c: start group-166287179F9F
2019-07-13 20:46:47,510 INFO  impl.RaftServerImpl (RaftServerImpl.java:setRole(171)) - ab218066-181d-46b2-9ec7-7fa1ad867f1c:group-166287179F9F changes role from null to FOLLOWER at term 0 for startAsFollower
2019-07-13 20:46:47,510 INFO  impl.RoleInfo (RoleInfo.java:updateAndGet(143)) - ab218066-181d-46b2-9ec7-7fa1ad867f1c: start FollowerState
2019-07-13 20:46:47,511 INFO  util.JmxRegister (JmxRegister.java:tryRegister(44)) - Successfully registered JMX Bean with object name Ratis:service=RaftServer,group=group-166287179F9F,id=ab218066-181d-46b2-9ec7-7fa1ad867f1c
2019-07-13 20:46:47,519 INFO  pipeline.PipelineStateManager (PipelineStateManager.java:addPipeline(56)) - Created pipeline Pipeline[ Id: 395ead10-c8b1-4051-83a4-166287179f9f, Nodes: ab218066-181d-46b2-9ec7-7fa1ad867f1c{ip: 192.168.5.168, host: trunk-nightly-6qp7m-2461138711, networkLocation: /default-rack, certSerialId: null}, Type:RATIS, Factor:ONE, State:OPEN]
2019-07-13 20:46:47,553 INFO  ozone.MiniOzoneClusterImpl (MiniOzoneClusterImpl.java:lambda$waitForClusterToBeReady$0(142)) - Waiting for cluster to be ready. Got 1 of 7 DN Heartbeats.
2019-07-13 20:46:47,658 INFO  node.SCMNodeManager (SCMNodeManager.java:register(269)) - Registered Data node : a821c51a-654e-405d-8a70-0a883c22ff18{ip: 192.168.5.168, host: trunk-nightly-6qp7m-2461138711, networkLocation: /default-rack, certSerialId: null}
2019-07-13 20:46:47,689 INFO  impl.RaftServerProxy (RaftServerProxy.java:addNew(89)) - a821c51a-654e-405d-8a70-0a883c22ff18: addNew group-F2FD6749C4B9:[a821c51a-654e-405d-8a70-0a883c22ff18:192.168.5.168:39901] returns group-F2FD6749C4B9:java.util.concurrent.CompletableFuture@2ad30ec0[Not completed]
2019-07-13 20:46:47,691 INFO  impl.RaftServerImpl (RaftServerImpl.java:<init>(93)) - a821c51a-654e-405d-8a70-0a883c22ff18: new RaftServerImpl for group-F2FD6749C4B9:[a821c51a-654e-405d-8a70-0a883c22ff18:192.168.5.168:39901] with ContainerStateMachine:uninitialized
2019-07-13 20:46:47,692 INFO  server.RaftServerConfigKeys (ConfUtils.java:logGet(43)) - raft.server.rpc.timeout.min = 5s (custom)
2019-07-13 20:46:47,692 INFO  server.RaftServerConfigKeys (ConfUtils.java:logGet(43)) - raft.server.rpc.timeout.max = 5200ms (custom)
2019-07-13 20:46:47,692 INFO  server.RaftServerConfigKeys (ConfUtils.java:logGet(43)) - raft.server.rpcslowness.timeout = 120s (custom)
2019-07-13 20:46:47,692 INFO  server.RaftServerConfigKeys (ConfUtils.java:logGet(43)) - raft.server.sleep.deviation.threshold = 300 (default)
2019-07-13 20:46:47,692 INFO  server.RaftServerConfigKeys (ConfUtils.java:logGet(43)) - raft.server.log.appender.install.snapshot.enabled = false (custom)
2019-07-13 20:46:47,693 INFO  impl.RaftServerImpl (ServerState.java:<init>(105)) - a821c51a-654e-405d-8a70-0a883c22ff18:group-F2FD6749C4B9 ConfigurationManager, init=-1: [a821c51a-654e-405d-8a70-0a883c22ff18:192.168.5.168:39901], old=null, confs=<EMPTY_MAP>
2019-07-13 20:46:47,693 INFO  server.RaftServerConfigKeys (ConfUtils.java:logGet(43)) - raft.server.storage.dir = [/tmp/workdir/hadoop-ozone/integration-test/target/test-dir/MiniOzoneClusterImpl-25929c4b-dc84-4048-a268-3c62770bd446/datanode-1/data/ratis] (custom)
2019-07-13 20:46:47,693 INFO  storage.RaftStorageDirectory (RaftStorageDirectory.java:analyzeStorage(246)) - The storage directory /tmp/workdir/hadoop-ozone/integration-test/target/test-dir/MiniOzoneClusterImpl-25929c4b-dc84-4048-a268-3c62770bd446/datanode-1/data/ratis/489a9e90-df38-494f-8275-f2fd6749c4b9 does not exist. Creating ...
2019-07-13 20:46:47,706 INFO  storage.RaftStorageDirectory (RaftStorageDirectory.java:tryLock(328)) - Lock on /tmp/workdir/hadoop-ozone/integration-test/target/test-dir/MiniOzoneClusterImpl-25929c4b-dc84-4048-a268-3c62770bd446/datanode-1/data/ratis/489a9e90-df38-494f-8275-f2fd6749c4b9/in_use.lock acquired by nodename 28672@trunk-nightly-6qp7m-2461138711
2019-07-13 20:46:47,718 INFO  storage.RaftStorage (RaftStorage.java:format(72)) - Storage directory /tmp/workdir/hadoop-ozone/integration-test/target/test-dir/MiniOzoneClusterImpl-25929c4b-dc84-4048-a268-3c62770bd446/datanode-1/data/ratis/489a9e90-df38-494f-8275-f2fd6749c4b9 has been successfully formatted.
2019-07-13 20:46:47,718 INFO  ratis.ContainerStateMachine (ContainerStateMachine.java:loadSnapshot(200)) - The snapshot info is null.Setting the last applied index to:(t:0, i:~)
2019-07-13 20:46:47,718 INFO  server.RaftServerConfigKeys (ConfUtils.java:logGet(43)) - raft.server.leader.election.timeout = 120s (custom)
2019-07-13 20:46:47,719 INFO  server.RaftServerConfigKeys (ConfUtils.java:logGet(43)) - raft.server.log.use.memory = false (default)
2019-07-13 20:46:47,719 INFO  server.RaftServerConfigKeys (ConfUtils.java:logGet(43)) - raft.server.log.purge.gap = 1000000000 (custom)
2019-07-13 20:46:47,719 INFO  server.RaftServerConfigKeys (ConfUtils.java:logGet(43)) - raft.server.log.appender.buffer.byte-limit = 33554432 (custom)
2019-07-13 20:46:47,719 INFO  server.RaftServerConfigKeys (ConfUtils.java:logGet(43)) - raft.server.log.segment.size.max = 1048576 (custom)
2019-07-13 20:46:47,720 INFO  server.RaftServerConfigKeys (ConfUtils.java:logGet(43)) - raft.server.log.segment.cache.num.max = 2 (custom)
2019-07-13 20:46:47,720 INFO  segmented.SegmentedRaftLogWorker (SegmentedRaftLogWorker.java:<init>(172)) - new a821c51a-654e-405d-8a70-0a883c22ff18-SegmentedRaftLogWorker:Storage Directory /tmp/workdir/hadoop-ozone/integration-test/target/test-dir/MiniOzoneClusterImpl-25929c4b-dc84-4048-a268-3c62770bd446/datanode-1/data/ratis/489a9e90-df38-494f-8275-f2fd6749c4b9 for RaftStorage:Storage Directory /tmp/workdir/hadoop-ozone/integration-test/target/test-dir/MiniOzoneClusterImpl-25929c4b-dc84-4048-a268-3c62770bd446/datanode-1/data/ratis/489a9e90-df38-494f-8275-f2fd6749c4b9
2019-07-13 20:46:47,720 INFO  server.RaftServerConfigKeys (ConfUtils.java:logGet(43)) - raft.server.log.queue.byte-limit = 2147483647 (custom)
2019-07-13 20:46:47,720 INFO  server.RaftServerConfigKeys (ConfUtils.java:logGet(43)) - raft.server.log.queue.element-limit = 1024 (custom)
2019-07-13 20:46:47,721 INFO  server.RaftServerConfigKeys (ConfUtils.java:logGet(43)) - raft.server.log.segment.size.max = 1048576 (custom)
2019-07-13 20:46:47,721 INFO  server.RaftServerConfigKeys (ConfUtils.java:logGet(43)) - raft.server.log.preallocated.size = 16384 (custom)
2019-07-13 20:46:47,721 INFO  server.RaftServerConfigKeys (ConfUtils.java:logGet(43)) - raft.server.log.write.buffer.size = 33554432 (custom)
2019-07-13 20:46:47,721 INFO  server.RaftServerConfigKeys (ConfUtils.java:logGet(43)) - raft.server.log.force.sync.num = 128 (default)
2019-07-13 20:46:47,722 INFO  server.RaftServerConfigKeys (ConfUtils.java:logGet(43)) - raft.server.log.statemachine.data.sync = true (default)
2019-07-13 20:46:47,722 INFO  server.RaftServerConfigKeys (ConfUtils.java:logGet(43)) - raft.server.log.statemachine.data.sync.timeout = 10s (default)
2019-07-13 20:46:47,722 INFO  server.RaftServerConfigKeys (ConfUtils.java:logGet(43)) - raft.server.log.statemachine.data.sync.timeout.retry = -1 (default)
2019-07-13 20:46:47,722 INFO  server.RaftServerConfigKeys (ConfUtils.java:logGet(43)) - raft.server.log.statemachine.data.caching.enabled = true (custom)
2019-07-13 20:46:47,723 INFO  segmented.SegmentedRaftLogWorker (SegmentedRaftLogWorker.java:lambda$new$0(132)) - a821c51a-654e-405d-8a70-0a883c22ff18-SegmentedRaftLogWorker:Storage Directory /tmp/workdir/hadoop-ozone/integration-test/target/test-dir/MiniOzoneClusterImpl-25929c4b-dc84-4048-a268-3c62770bd446/datanode-1/data/ratis/489a9e90-df38-494f-8275-f2fd6749c4b9: flushIndex: setUnconditionally 0 -> -1
2019-07-13 20:46:47,723 INFO  server.RaftServerConfigKeys (ConfUtils.java:logGet(43)) - raft.server.snapshot.auto.trigger.enabled = true (custom)
2019-07-13 20:46:47,724 INFO  server.RaftServerConfigKeys (ConfUtils.java:logGet(43)) - raft.server.snapshot.auto.trigger.threshold = 10000 (custom)
2019-07-13 20:46:47,724 INFO  server.RaftServerConfigKeys (ConfUtils.java:logGet(43)) - raft.server.retrycache.expirytime = 600000ms (custom)
2019-07-13 20:46:47,724 INFO  impl.RaftServerImpl (RaftServerImpl.java:start(180)) - a821c51a-654e-405d-8a70-0a883c22ff18: start group-F2FD6749C4B9
2019-07-13 20:46:47,724 INFO  impl.RaftServerImpl (RaftServerImpl.java:setRole(171)) - a821c51a-654e-405d-8a70-0a883c22ff18:group-F2FD6749C4B9 changes role from null to FOLLOWER at term 0 for startAsFollower
2019-07-13 20:46:47,725 INFO  impl.RoleInfo (RoleInfo.java:updateAndGet(143)) - a821c51a-654e-405d-8a70-0a883c22ff18: start FollowerState
2019-07-13 20:46:47,725 INFO  util.JmxRegister (JmxRegister.java:tryRegister(44)) - Successfully registered JMX Bean with object name Ratis:service=RaftServer,group=group-F2FD6749C4B9,id=a821c51a-654e-405d-8a70-0a883c22ff18
2019-07-13 20:46:47,738 INFO  pipeline.PipelineStateManager (PipelineStateManager.java:addPipeline(56)) - Created pipeline Pipeline[ Id: 489a9e90-df38-494f-8275-f2fd6749c4b9, Nodes: a821c51a-654e-405d-8a70-0a883c22ff18{ip: 192.168.5.168, host: trunk-nightly-6qp7m-2461138711, networkLocation: /default-rack, certSerialId: null}, Type:RATIS, Factor:ONE, State:OPEN]
2019-07-13 20:46:47,855 INFO  node.SCMNodeManager (SCMNodeManager.java:register(269)) - Registered Data node : 4f108adb-2142-4e92-bf39-b48875c9ade4{ip: 192.168.5.168, host: trunk-nightly-6qp7m-2461138711, networkLocation: /default-rack, certSerialId: null}
2019-07-13 20:46:47,883 INFO  impl.RaftServerProxy (RaftServerProxy.java:addNew(89)) - 4f108adb-2142-4e92-bf39-b48875c9ade4: addNew group-6E96967964C6:[4f108adb-2142-4e92-bf39-b48875c9ade4:192.168.5.168:34836] returns group-6E96967964C6:java.util.concurrent.CompletableFuture@3ddc99d4[Not completed]
2019-07-13 20:46:47,885 INFO  impl.RaftServerImpl (RaftServerImpl.java:<init>(93)) - 4f108adb-2142-4e92-bf39-b48875c9ade4: new RaftServerImpl for group-6E96967964C6:[4f108adb-2142-4e92-bf39-b48875c9ade4:192.168.5.168:34836] with ContainerStateMachine:uninitialized
2019-07-13 20:46:47,885 INFO  server.RaftServerConfigKeys (ConfUtils.java:logGet(43)) - raft.server.rpc.timeout.min = 5s (custom)
2019-07-13 20:46:47,885 INFO  server.RaftServerConfigKeys (ConfUtils.java:logGet(43)) - raft.server.rpc.timeout.max = 5200ms (custom)
2019-07-13 20:46:47,886 INFO  server.RaftServerConfigKeys (ConfUtils.java:logGet(43)) - raft.server.rpcslowness.timeout = 120s (custom)
2019-07-13 20:46:47,886 INFO  server.RaftServerConfigKeys (ConfUtils.java:logGet(43)) - raft.server.sleep.deviation.threshold = 300 (default)
2019-07-13 20:46:47,886 INFO  server.RaftServerConfigKeys (ConfUtils.java:logGet(43)) - raft.server.log.appender.install.snapshot.enabled = false (custom)
2019-07-13 20:46:47,886 INFO  impl.RaftServerImpl (ServerState.java:<init>(105)) - 4f108adb-2142-4e92-bf39-b48875c9ade4:group-6E96967964C6 ConfigurationManager, init=-1: [4f108adb-2142-4e92-bf39-b48875c9ade4:192.168.5.168:34836], old=null, confs=<EMPTY_MAP>
2019-07-13 20:46:47,886 INFO  server.RaftServerConfigKeys (ConfUtils.java:logGet(43)) - raft.server.storage.dir = [/tmp/workdir/hadoop-ozone/integration-test/target/test-dir/MiniOzoneClusterImpl-25929c4b-dc84-4048-a268-3c62770bd446/datanode-2/data/ratis] (custom)
2019-07-13 20:46:47,887 INFO  storage.RaftStorageDirectory (RaftStorageDirectory.java:analyzeStorage(246)) - The storage directory /tmp/workdir/hadoop-ozone/integration-test/target/test-dir/MiniOzoneClusterImpl-25929c4b-dc84-4048-a268-3c62770bd446/datanode-2/data/ratis/71a6a92d-6dfd-42a0-b733-6e96967964c6 does not exist. Creating ...
2019-07-13 20:46:47,908 INFO  storage.RaftStorageDirectory (RaftStorageDirectory.java:tryLock(328)) - Lock on /tmp/workdir/hadoop-ozone/integration-test/target/test-dir/MiniOzoneClusterImpl-25929c4b-dc84-4048-a268-3c62770bd446/datanode-2/data/ratis/71a6a92d-6dfd-42a0-b733-6e96967964c6/in_use.lock acquired by nodename 28672@trunk-nightly-6qp7m-2461138711
2019-07-13 20:46:47,912 INFO  storage.RaftStorage (RaftStorage.java:format(72)) - Storage directory /tmp/workdir/hadoop-ozone/integration-test/target/test-dir/MiniOzoneClusterImpl-25929c4b-dc84-4048-a268-3c62770bd446/datanode-2/data/ratis/71a6a92d-6dfd-42a0-b733-6e96967964c6 has been successfully formatted.
2019-07-13 20:46:47,912 INFO  ratis.ContainerStateMachine (ContainerStateMachine.java:loadSnapshot(200)) - The snapshot info is null.Setting the last applied index to:(t:0, i:~)
2019-07-13 20:46:47,912 INFO  server.RaftServerConfigKeys (ConfUtils.java:logGet(43)) - raft.server.leader.election.timeout = 120s (custom)
2019-07-13 20:46:47,912 INFO  server.RaftServerConfigKeys (ConfUtils.java:logGet(43)) - raft.server.log.use.memory = false (default)
2019-07-13 20:46:47,913 INFO  server.RaftServerConfigKeys (ConfUtils.java:logGet(43)) - raft.server.log.purge.gap = 1000000000 (custom)
2019-07-13 20:46:47,913 INFO  server.RaftServerConfigKeys (ConfUtils.java:logGet(43)) - raft.server.log.appender.buffer.byte-limit = 33554432 (custom)
2019-07-13 20:46:47,913 INFO  server.RaftServerConfigKeys (ConfUtils.java:logGet(43)) - raft.server.log.segment.size.max = 1048576 (custom)
2019-07-13 20:46:47,913 INFO  server.RaftServerConfigKeys (ConfUtils.java:logGet(43)) - raft.server.log.segment.cache.num.max = 2 (custom)
2019-07-13 20:46:47,913 INFO  segmented.SegmentedRaftLogWorker (SegmentedRaftLogWorker.java:<init>(172)) - new 4f108adb-2142-4e92-bf39-b48875c9ade4-SegmentedRaftLogWorker:Storage Directory /tmp/workdir/hadoop-ozone/integration-test/target/test-dir/MiniOzoneClusterImpl-25929c4b-dc84-4048-a268-3c62770bd446/datanode-2/data/ratis/71a6a92d-6dfd-42a0-b733-6e96967964c6 for RaftStorage:Storage Directory /tmp/workdir/hadoop-ozone/integration-test/target/test-dir/MiniOzoneClusterImpl-25929c4b-dc84-4048-a268-3c62770bd446/datanode-2/data/ratis/71a6a92d-6dfd-42a0-b733-6e96967964c6
2019-07-13 20:46:47,913 INFO  server.RaftServerConfigKeys (ConfUtils.java:logGet(43)) - raft.server.log.queue.byte-limit = 2147483647 (custom)
2019-07-13 20:46:47,914 INFO  server.RaftServerConfigKeys (ConfUtils.java:logGet(43)) - raft.server.log.queue.element-limit = 1024 (custom)
2019-07-13 20:46:47,914 INFO  server.RaftServerConfigKeys (ConfUtils.java:logGet(43)) - raft.server.log.segment.size.max = 1048576 (custom)
2019-07-13 20:46:47,914 INFO  server.RaftServerConfigKeys (ConfUtils.java:logGet(43)) - raft.server.log.preallocated.size = 16384 (custom)
2019-07-13 20:46:47,914 INFO  server.RaftServerConfigKeys (ConfUtils.java:logGet(43)) - raft.server.log.write.buffer.size = 33554432 (custom)
2019-07-13 20:46:47,914 INFO  server.RaftServerConfigKeys (ConfUtils.java:logGet(43)) - raft.server.log.force.sync.num = 128 (default)
2019-07-13 20:46:47,915 INFO  server.RaftServerConfigKeys (ConfUtils.java:logGet(43)) - raft.server.log.statemachine.data.sync = true (default)
2019-07-13 20:46:47,915 INFO  server.RaftServerConfigKeys (ConfUtils.java:logGet(43)) - raft.server.log.statemachine.data.sync.timeout = 10s (default)
2019-07-13 20:46:47,915 INFO  server.RaftServerConfigKeys (ConfUtils.java:logGet(43)) - raft.server.log.statemachine.data.sync.timeout.retry = -1 (default)
2019-07-13 20:46:47,915 INFO  server.RaftServerConfigKeys (ConfUtils.java:logGet(43)) - raft.server.log.statemachine.data.caching.enabled = true (custom)
2019-07-13 20:46:47,916 INFO  segmented.SegmentedRaftLogWorker (SegmentedRaftLogWorker.java:lambda$new$0(132)) - 4f108adb-2142-4e92-bf39-b48875c9ade4-SegmentedRaftLogWorker:Storage Directory /tmp/workdir/hadoop-ozone/integration-test/target/test-dir/MiniOzoneClusterImpl-25929c4b-dc84-4048-a268-3c62770bd446/datanode-2/data/ratis/71a6a92d-6dfd-42a0-b733-6e96967964c6: flushIndex: setUnconditionally 0 -> -1
2019-07-13 20:46:47,916 INFO  server.RaftServerConfigKeys (ConfUtils.java:logGet(43)) - raft.server.snapshot.auto.trigger.enabled = true (custom)
2019-07-13 20:46:47,917 INFO  server.RaftServerConfigKeys (ConfUtils.java:logGet(43)) - raft.server.snapshot.auto.trigger.threshold = 10000 (custom)
2019-07-13 20:46:47,917 INFO  server.RaftServerConfigKeys (ConfUtils.java:logGet(43)) - raft.server.retrycache.expirytime = 600000ms (custom)
2019-07-13 20:46:47,917 INFO  impl.RaftServerImpl (RaftServerImpl.java:start(180)) - 4f108adb-2142-4e92-bf39-b48875c9ade4: start group-6E96967964C6
2019-07-13 20:46:47,917 INFO  impl.RaftServerImpl (RaftServerImpl.java:setRole(171)) - 4f108adb-2142-4e92-bf39-b48875c9ade4:group-6E96967964C6 changes role from null to FOLLOWER at term 0 for startAsFollower
2019-07-13 20:46:47,917 INFO  impl.RoleInfo (RoleInfo.java:updateAndGet(143)) - 4f108adb-2142-4e92-bf39-b48875c9ade4: start FollowerState
2019-07-13 20:46:47,918 INFO  util.JmxRegister (JmxRegister.java:tryRegister(44)) - Successfully registered JMX Bean with object name Ratis:service=RaftServer,group=group-6E96967964C6,id=4f108adb-2142-4e92-bf39-b48875c9ade4
2019-07-13 20:46:47,926 INFO  pipeline.PipelineStateManager (PipelineStateManager.java:addPipeline(56)) - Created pipeline Pipeline[ Id: 71a6a92d-6dfd-42a0-b733-6e96967964c6, Nodes: 4f108adb-2142-4e92-bf39-b48875c9ade4{ip: 192.168.5.168, host: trunk-nightly-6qp7m-2461138711, networkLocation: /default-rack, certSerialId: null}, Type:RATIS, Factor:ONE, State:OPEN]
2019-07-13 20:46:47,965 INFO  impl.RaftServerProxy (RaftServerProxy.java:addNew(89)) - 4f108adb-2142-4e92-bf39-b48875c9ade4: addNew group-B2C037D04B0B:[a821c51a-654e-405d-8a70-0a883c22ff18:192.168.5.168:39901, ab218066-181d-46b2-9ec7-7fa1ad867f1c:192.168.5.168:37882, 4f108adb-2142-4e92-bf39-b48875c9ade4:192.168.5.168:34836] returns group-B2C037D04B0B:java.util.concurrent.CompletableFuture@3cdf087c[Not completed]
2019-07-13 20:46:47,965 INFO  impl.RaftServerProxy (RaftServerProxy.java:addNew(89)) - ab218066-181d-46b2-9ec7-7fa1ad867f1c: addNew group-B2C037D04B0B:[a821c51a-654e-405d-8a70-0a883c22ff18:192.168.5.168:39901, ab218066-181d-46b2-9ec7-7fa1ad867f1c:192.168.5.168:37882, 4f108adb-2142-4e92-bf39-b48875c9ade4:192.168.5.168:34836] returns group-B2C037D04B0B:java.util.concurrent.CompletableFuture@13bd7326[Not completed]
2019-07-13 20:46:47,969 INFO  impl.RaftServerProxy (RaftServerProxy.java:addNew(89)) - a821c51a-654e-405d-8a70-0a883c22ff18: addNew group-B2C037D04B0B:[a821c51a-654e-405d-8a70-0a883c22ff18:192.168.5.168:39901, ab218066-181d-46b2-9ec7-7fa1ad867f1c:192.168.5.168:37882, 4f108adb-2142-4e92-bf39-b48875c9ade4:192.168.5.168:34836] returns group-B2C037D04B0B:java.util.concurrent.CompletableFuture@638e6b3c[Not completed]
2019-07-13 20:46:47,969 INFO  impl.RaftServerImpl (RaftServerImpl.java:<init>(93)) - 4f108adb-2142-4e92-bf39-b48875c9ade4: new RaftServerImpl for group-B2C037D04B0B:[a821c51a-654e-405d-8a70-0a883c22ff18:192.168.5.168:39901, ab218066-181d-46b2-9ec7-7fa1ad867f1c:192.168.5.168:37882, 4f108adb-2142-4e92-bf39-b48875c9ade4:192.168.5.168:34836] with ContainerStateMachine:uninitialized
2019-07-13 20:46:47,970 INFO  server.RaftServerConfigKeys (ConfUtils.java:logGet(43)) - raft.server.rpc.timeout.min = 5s (custom)
2019-07-13 20:46:47,970 INFO  server.RaftServerConfigKeys (ConfUtils.java:logGet(43)) - raft.server.rpc.timeout.max = 5200ms (custom)
2019-07-13 20:46:47,970 INFO  server.RaftServerConfigKeys (ConfUtils.java:logGet(43)) - raft.server.rpcslowness.timeout = 120s (custom)
2019-07-13 20:46:47,970 INFO  server.RaftServerConfigKeys (ConfUtils.java:logGet(43)) - raft.server.sleep.deviation.threshold = 300 (default)
2019-07-13 20:46:47,970 INFO  impl.RaftServerImpl (RaftServerImpl.java:<init>(93)) - a821c51a-654e-405d-8a70-0a883c22ff18: new RaftServerImpl for group-B2C037D04B0B:[a821c51a-654e-405d-8a70-0a883c22ff18:192.168.5.168:39901, ab218066-181d-46b2-9ec7-7fa1ad867f1c:192.168.5.168:37882, 4f108adb-2142-4e92-bf39-b48875c9ade4:192.168.5.168:34836] with ContainerStateMachine:uninitialized
2019-07-13 20:46:47,970 INFO  server.RaftServerConfigKeys (ConfUtils.java:logGet(43)) - raft.server.log.appender.install.snapshot.enabled = false (custom)
2019-07-13 20:46:47,970 INFO  server.RaftServerConfigKeys (ConfUtils.java:logGet(43)) - raft.server.rpc.timeout.min = 5s (custom)
2019-07-13 20:46:47,970 INFO  impl.RaftServerImpl (ServerState.java:<init>(105)) - 4f108adb-2142-4e92-bf39-b48875c9ade4:group-B2C037D04B0B ConfigurationManager, init=-1: [a821c51a-654e-405d-8a70-0a883c22ff18:192.168.5.168:39901, ab218066-181d-46b2-9ec7-7fa1ad867f1c:192.168.5.168:37882, 4f108adb-2142-4e92-bf39-b48875c9ade4:192.168.5.168:34836], old=null, confs=<EMPTY_MAP>
2019-07-13 20:46:47,970 INFO  server.RaftServerConfigKeys (ConfUtils.java:logGet(43)) - raft.server.rpc.timeout.max = 5200ms (custom)
2019-07-13 20:46:47,971 INFO  server.RaftServerConfigKeys (ConfUtils.java:logGet(43)) - raft.server.storage.dir = [/tmp/workdir/hadoop-ozone/integration-test/target/test-dir/MiniOzoneClusterImpl-25929c4b-dc84-4048-a268-3c62770bd446/datanode-2/data/ratis] (custom)
2019-07-13 20:46:47,971 INFO  impl.RaftServerImpl (RaftServerImpl.java:<init>(93)) - ab218066-181d-46b2-9ec7-7fa1ad867f1c: new RaftServerImpl for group-B2C037D04B0B:[a821c51a-654e-405d-8a70-0a883c22ff18:192.168.5.168:39901, ab218066-181d-46b2-9ec7-7fa1ad867f1c:192.168.5.168:37882, 4f108adb-2142-4e92-bf39-b48875c9ade4:192.168.5.168:34836] with ContainerStateMachine:uninitialized
2019-07-13 20:46:47,971 INFO  server.RaftServerConfigKeys (ConfUtils.java:logGet(43)) - raft.server.rpcslowness.timeout = 120s (custom)
2019-07-13 20:46:47,971 INFO  storage.RaftStorageDirectory (RaftStorageDirectory.java:analyzeStorage(246)) - The storage directory /tmp/workdir/hadoop-ozone/integration-test/target/test-dir/MiniOzoneClusterImpl-25929c4b-dc84-4048-a268-3c62770bd446/datanode-2/data/ratis/f1d461e3-9ff2-4503-a335-b2c037d04b0b does not exist. Creating ...
2019-07-13 20:46:47,971 INFO  server.RaftServerConfigKeys (ConfUtils.java:logGet(43)) - raft.server.rpc.timeout.min = 5s (custom)
2019-07-13 20:46:47,971 INFO  server.RaftServerConfigKeys (ConfUtils.java:logGet(43)) - raft.server.sleep.deviation.threshold = 300 (default)
2019-07-13 20:46:47,971 INFO  server.RaftServerConfigKeys (ConfUtils.java:logGet(43)) - raft.server.rpc.timeout.max = 5200ms (custom)
2019-07-13 20:46:47,971 INFO  server.RaftServerConfigKeys (ConfUtils.java:logGet(43)) - raft.server.log.appender.install.snapshot.enabled = false (custom)
2019-07-13 20:46:47,972 INFO  server.RaftServerConfigKeys (ConfUtils.java:logGet(43)) - raft.server.rpcslowness.timeout = 120s (custom)
2019-07-13 20:46:47,972 INFO  impl.RaftServerImpl (ServerState.java:<init>(105)) - a821c51a-654e-405d-8a70-0a883c22ff18:group-B2C037D04B0B ConfigurationManager, init=-1: [a821c51a-654e-405d-8a70-0a883c22ff18:192.168.5.168:39901, ab218066-181d-46b2-9ec7-7fa1ad867f1c:192.168.5.168:37882, 4f108adb-2142-4e92-bf39-b48875c9ade4:192.168.5.168:34836], old=null, confs=<EMPTY_MAP>
2019-07-13 20:46:47,972 INFO  server.RaftServerConfigKeys (ConfUtils.java:logGet(43)) - raft.server.sleep.deviation.threshold = 300 (default)
2019-07-13 20:46:47,972 INFO  server.RaftServerConfigKeys (ConfUtils.java:logGet(43)) - raft.server.storage.dir = [/tmp/workdir/hadoop-ozone/integration-test/target/test-dir/MiniOzoneClusterImpl-25929c4b-dc84-4048-a268-3c62770bd446/datanode-1/data/ratis] (custom)
2019-07-13 20:46:47,972 INFO  server.RaftServerConfigKeys (ConfUtils.java:logGet(43)) - raft.server.log.appender.install.snapshot.enabled = false (custom)
2019-07-13 20:46:47,972 INFO  impl.RaftServerImpl (ServerState.java:<init>(105)) - ab218066-181d-46b2-9ec7-7fa1ad867f1c:group-B2C037D04B0B ConfigurationManager, init=-1: [a821c51a-654e-405d-8a70-0a883c22ff18:192.168.5.168:39901, ab218066-181d-46b2-9ec7-7fa1ad867f1c:192.168.5.168:37882, 4f108adb-2142-4e92-bf39-b48875c9ade4:192.168.5.168:34836], old=null, confs=<EMPTY_MAP>
2019-07-13 20:46:47,972 INFO  storage.RaftStorageDirectory (RaftStorageDirectory.java:analyzeStorage(246)) - The storage directory /tmp/workdir/hadoop-ozone/integration-test/target/test-dir/MiniOzoneClusterImpl-25929c4b-dc84-4048-a268-3c62770bd446/datanode-1/data/ratis/f1d461e3-9ff2-4503-a335-b2c037d04b0b does not exist. Creating ...
2019-07-13 20:46:47,973 INFO  server.RaftServerConfigKeys (ConfUtils.java:logGet(43)) - raft.server.storage.dir = [/tmp/workdir/hadoop-ozone/integration-test/target/test-dir/MiniOzoneClusterImpl-25929c4b-dc84-4048-a268-3c62770bd446/datanode-0/data/ratis] (custom)
2019-07-13 20:46:47,973 INFO  storage.RaftStorageDirectory (RaftStorageDirectory.java:analyzeStorage(246)) - The storage directory /tmp/workdir/hadoop-ozone/integration-test/target/test-dir/MiniOzoneClusterImpl-25929c4b-dc84-4048-a268-3c62770bd446/datanode-0/data/ratis/f1d461e3-9ff2-4503-a335-b2c037d04b0b does not exist. Creating ...
2019-07-13 20:46:47,984 INFO  storage.RaftStorageDirectory (RaftStorageDirectory.java:tryLock(328)) - Lock on /tmp/workdir/hadoop-ozone/integration-test/target/test-dir/MiniOzoneClusterImpl-25929c4b-dc84-4048-a268-3c62770bd446/datanode-0/data/ratis/f1d461e3-9ff2-4503-a335-b2c037d04b0b/in_use.lock acquired by nodename 28672@trunk-nightly-6qp7m-2461138711
2019-07-13 20:46:47,984 INFO  storage.RaftStorageDirectory (RaftStorageDirectory.java:tryLock(328)) - Lock on /tmp/workdir/hadoop-ozone/integration-test/target/test-dir/MiniOzoneClusterImpl-25929c4b-dc84-4048-a268-3c62770bd446/datanode-2/data/ratis/f1d461e3-9ff2-4503-a335-b2c037d04b0b/in_use.lock acquired by nodename 28672@trunk-nightly-6qp7m-2461138711
2019-07-13 20:46:47,984 INFO  storage.RaftStorageDirectory (RaftStorageDirectory.java:tryLock(328)) - Lock on /tmp/workdir/hadoop-ozone/integration-test/target/test-dir/MiniOzoneClusterImpl-25929c4b-dc84-4048-a268-3c62770bd446/datanode-1/data/ratis/f1d461e3-9ff2-4503-a335-b2c037d04b0b/in_use.lock acquired by nodename 28672@trunk-nightly-6qp7m-2461138711
2019-07-13 20:46:47,996 INFO  storage.RaftStorage (RaftStorage.java:format(72)) - Storage directory /tmp/workdir/hadoop-ozone/integration-test/target/test-dir/MiniOzoneClusterImpl-25929c4b-dc84-4048-a268-3c62770bd446/datanode-2/data/ratis/f1d461e3-9ff2-4503-a335-b2c037d04b0b has been successfully formatted.
2019-07-13 20:46:47,996 INFO  storage.RaftStorage (RaftStorage.java:format(72)) - Storage directory /tmp/workdir/hadoop-ozone/integration-test/target/test-dir/MiniOzoneClusterImpl-25929c4b-dc84-4048-a268-3c62770bd446/datanode-1/data/ratis/f1d461e3-9ff2-4503-a335-b2c037d04b0b has been successfully formatted.
2019-07-13 20:46:47,996 INFO  storage.RaftStorage (RaftStorage.java:format(72)) - Storage directory /tmp/workdir/hadoop-ozone/integration-test/target/test-dir/MiniOzoneClusterImpl-25929c4b-dc84-4048-a268-3c62770bd446/datanode-0/data/ratis/f1d461e3-9ff2-4503-a335-b2c037d04b0b has been successfully formatted.
2019-07-13 20:46:47,997 INFO  ratis.ContainerStateMachine (ContainerStateMachine.java:loadSnapshot(200)) - The snapshot info is null.Setting the last applied index to:(t:0, i:~)
2019-07-13 20:46:47,997 INFO  ratis.ContainerStateMachine (ContainerStateMachine.java:loadSnapshot(200)) - The snapshot info is null.Setting the last applied index to:(t:0, i:~)
2019-07-13 20:46:47,996 INFO  ratis.ContainerStateMachine (ContainerStateMachine.java:loadSnapshot(200)) - The snapshot info is null.Setting the last applied index to:(t:0, i:~)
2019-07-13 20:46:47,997 INFO  server.RaftServerConfigKeys (ConfUtils.java:logGet(43)) - raft.server.leader.election.timeout = 120s (custom)
2019-07-13 20:46:47,997 INFO  server.RaftServerConfigKeys (ConfUtils.java:logGet(43)) - raft.server.leader.election.timeout = 120s (custom)
2019-07-13 20:46:47,997 INFO  server.RaftServerConfigKeys (ConfUtils.java:logGet(43)) - raft.server.log.use.memory = false (default)
2019-07-13 20:46:47,997 INFO  server.RaftServerConfigKeys (ConfUtils.java:logGet(43)) - raft.server.leader.election.timeout = 120s (custom)
2019-07-13 20:46:47,998 INFO  server.RaftServerConfigKeys (ConfUtils.java:logGet(43)) - raft.server.log.purge.gap = 1000000000 (custom)
2019-07-13 20:46:47,998 INFO  server.RaftServerConfigKeys (ConfUtils.java:logGet(43)) - raft.server.log.appender.buffer.byte-limit = 33554432 (custom)
2019-07-13 20:46:47,998 INFO  server.RaftServerConfigKeys (ConfUtils.java:logGet(43)) - raft.server.log.use.memory = false (default)
2019-07-13 20:46:47,998 INFO  server.RaftServerConfigKeys (ConfUtils.java:logGet(43)) - raft.server.log.segment.size.max = 1048576 (custom)
2019-07-13 20:46:47,998 INFO  server.RaftServerConfigKeys (ConfUtils.java:logGet(43)) - raft.server.log.use.memory = false (default)
2019-07-13 20:46:47,998 INFO  server.RaftServerConfigKeys (ConfUtils.java:logGet(43)) - raft.server.log.segment.cache.num.max = 2 (custom)
2019-07-13 20:46:47,998 INFO  server.RaftServerConfigKeys (ConfUtils.java:logGet(43)) - raft.server.log.purge.gap = 1000000000 (custom)
2019-07-13 20:46:47,999 INFO  segmented.SegmentedRaftLogWorker (SegmentedRaftLogWorker.java:<init>(172)) - new ab218066-181d-46b2-9ec7-7fa1ad867f1c-SegmentedRaftLogWorker:Storage Directory /tmp/workdir/hadoop-ozone/integration-test/target/test-dir/MiniOzoneClusterImpl-25929c4b-dc84-4048-a268-3c62770bd446/datanode-0/data/ratis/f1d461e3-9ff2-4503-a335-b2c037d04b0b for RaftStorage:Storage Directory /tmp/workdir/hadoop-ozone/integration-test/target/test-dir/MiniOzoneClusterImpl-25929c4b-dc84-4048-a268-3c62770bd446/datanode-0/data/ratis/f1d461e3-9ff2-4503-a335-b2c037d04b0b
2019-07-13 20:46:47,999 INFO  server.RaftServerConfigKeys (ConfUtils.java:logGet(43)) - raft.server.log.purge.gap = 1000000000 (custom)
2019-07-13 20:46:47,999 INFO  server.RaftServerConfigKeys (ConfUtils.java:logGet(43)) - raft.server.log.queue.byte-limit = 2147483647 (custom)
2019-07-13 20:46:47,999 INFO  server.RaftServerConfigKeys (ConfUtils.java:logGet(43)) - raft.server.log.appender.buffer.byte-limit = 33554432 (custom)
2019-07-13 20:46:47,999 INFO  server.RaftServerConfigKeys (ConfUtils.java:logGet(43)) - raft.server.log.appender.buffer.byte-limit = 33554432 (custom)
2019-07-13 20:46:48,040 INFO  server.RaftServerConfigKeys (ConfUtils.java:logGet(43)) - raft.server.log.queue.element-limit = 1024 (custom)
2019-07-13 20:46:48,041 INFO  server.RaftServerConfigKeys (ConfUtils.java:logGet(43)) - raft.server.log.segment.size.max = 1048576 (custom)
2019-07-13 20:46:48,041 INFO  server.RaftServerConfigKeys (ConfUtils.java:logGet(43)) - raft.server.log.segment.size.max = 1048576 (custom)
2019-07-13 20:46:48,041 INFO  server.RaftServerConfigKeys (ConfUtils.java:logGet(43)) - raft.server.log.segment.cache.num.max = 2 (custom)
2019-07-13 20:46:48,041 INFO  server.RaftServerConfigKeys (ConfUtils.java:logGet(43)) - raft.server.log.segment.size.max = 1048576 (custom)
2019-07-13 20:46:48,042 INFO  segmented.SegmentedRaftLogWorker (SegmentedRaftLogWorker.java:<init>(172)) - new 4f108adb-2142-4e92-bf39-b48875c9ade4-SegmentedRaftLogWorker:Storage Directory /tmp/workdir/hadoop-ozone/integration-test/target/test-dir/MiniOzoneClusterImpl-25929c4b-dc84-4048-a268-3c62770bd446/datanode-2/data/ratis/f1d461e3-9ff2-4503-a335-b2c037d04b0b for RaftStorage:Storage Directory /tmp/workdir/hadoop-ozone/integration-test/target/test-dir/MiniOzoneClusterImpl-25929c4b-dc84-4048-a268-3c62770bd446/datanode-2/data/ratis/f1d461e3-9ff2-4503-a335-b2c037d04b0b
2019-07-13 20:46:48,042 INFO  server.RaftServerConfigKeys (ConfUtils.java:logGet(43)) - raft.server.log.segment.cache.num.max = 2 (custom)
2019-07-13 20:46:48,042 INFO  server.RaftServerConfigKeys (ConfUtils.java:logGet(43)) - raft.server.log.queue.byte-limit = 2147483647 (custom)
2019-07-13 20:46:48,042 INFO  server.RaftServerConfigKeys (ConfUtils.java:logGet(43)) - raft.server.log.preallocated.size = 16384 (custom)
2019-07-13 20:46:48,042 INFO  server.RaftServerConfigKeys (ConfUtils.java:logGet(43)) - raft.server.log.queue.element-limit = 1024 (custom)
2019-07-13 20:46:48,042 INFO  segmented.SegmentedRaftLogWorker (SegmentedRaftLogWorker.java:<init>(172)) - new a821c51a-654e-405d-8a70-0a883c22ff18-SegmentedRaftLogWorker:Storage Directory /tmp/workdir/hadoop-ozone/integration-test/target/test-dir/MiniOzoneClusterImpl-25929c4b-dc84-4048-a268-3c62770bd446/datanode-1/data/ratis/f1d461e3-9ff2-4503-a335-b2c037d04b0b for RaftStorage:Storage Directory /tmp/workdir/hadoop-ozone/integration-test/target/test-dir/MiniOzoneClusterImpl-25929c4b-dc84-4048-a268-3c62770bd446/datanode-1/data/ratis/f1d461e3-9ff2-4503-a335-b2c037d04b0b
2019-07-13 20:46:48,043 INFO  server.RaftServerConfigKeys (ConfUtils.java:logGet(43)) - raft.server.log.segment.size.max = 1048576 (custom)
2019-07-13 20:46:48,043 INFO  server.RaftServerConfigKeys (ConfUtils.java:logGet(43)) - raft.server.log.write.buffer.size = 33554432 (custom)
2019-07-13 20:46:48,043 INFO  server.RaftServerConfigKeys (ConfUtils.java:logGet(43)) - raft.server.log.preallocated.size = 16384 (custom)
2019-07-13 20:46:48,043 INFO  server.RaftServerConfigKeys (ConfUtils.java:logGet(43)) - raft.server.log.write.buffer.size = 33554432 (custom)
2019-07-13 20:46:48,043 INFO  server.RaftServerConfigKeys (ConfUtils.java:logGet(43)) - raft.server.log.queue.byte-limit = 2147483647 (custom)
2019-07-13 20:46:48,044 INFO  server.RaftServerConfigKeys (ConfUtils.java:logGet(43)) - raft.server.log.force.sync.num = 128 (default)
2019-07-13 20:46:48,044 INFO  server.RaftServerConfigKeys (ConfUtils.java:logGet(43)) - raft.server.log.statemachine.data.sync = true (default)
2019-07-13 20:46:48,043 INFO  server.RaftServerConfigKeys (ConfUtils.java:logGet(43)) - raft.server.log.force.sync.num = 128 (default)
2019-07-13 20:46:48,044 INFO  server.RaftServerConfigKeys (ConfUtils.java:logGet(43)) - raft.server.log.statemachine.data.sync.timeout = 10s (default)
2019-07-13 20:46:48,044 INFO  server.RaftServerConfigKeys (ConfUtils.java:logGet(43)) - raft.server.log.queue.element-limit = 1024 (custom)
2019-07-13 20:46:48,045 INFO  server.RaftServerConfigKeys (ConfUtils.java:logGet(43)) - raft.server.log.statemachine.data.sync.timeout.retry = -1 (default)
2019-07-13 20:46:48,044 INFO  server.RaftServerConfigKeys (ConfUtils.java:logGet(43)) - raft.server.log.statemachine.data.sync = true (default)
2019-07-13 20:46:48,045 INFO  server.RaftServerConfigKeys (ConfUtils.java:logGet(43)) - raft.server.log.statemachine.data.caching.enabled = true (custom)
2019-07-13 20:46:48,045 INFO  server.RaftServerConfigKeys (ConfUtils.java:logGet(43)) - raft.server.log.segment.size.max = 1048576 (custom)
2019-07-13 20:46:48,046 INFO  segmented.SegmentedRaftLogWorker (SegmentedRaftLogWorker.java:lambda$new$0(132)) - 4f108adb-2142-4e92-bf39-b48875c9ade4-SegmentedRaftLogWorker:Storage Directory /tmp/workdir/hadoop-ozone/integration-test/target/test-dir/MiniOzoneClusterImpl-25929c4b-dc84-4048-a268-3c62770bd446/datanode-2/data/ratis/f1d461e3-9ff2-4503-a335-b2c037d04b0b: flushIndex: setUnconditionally 0 -> -1
2019-07-13 20:46:48,046 INFO  server.RaftServerConfigKeys (ConfUtils.java:logGet(43)) - raft.server.log.preallocated.size = 16384 (custom)
2019-07-13 20:46:48,046 INFO  server.RaftServerConfigKeys (ConfUtils.java:logGet(43)) - raft.server.snapshot.auto.trigger.enabled = true (custom)
2019-07-13 20:46:48,045 INFO  server.RaftServerConfigKeys (ConfUtils.java:logGet(43)) - raft.server.log.statemachine.data.sync.timeout = 10s (default)
2019-07-13 20:46:48,047 INFO  server.RaftServerConfigKeys (ConfUtils.java:logGet(43)) - raft.server.snapshot.auto.trigger.threshold = 10000 (custom)
2019-07-13 20:46:48,047 INFO  server.RaftServerConfigKeys (ConfUtils.java:logGet(43)) - raft.server.log.write.buffer.size = 33554432 (custom)
2019-07-13 20:46:48,047 INFO  server.RaftServerConfigKeys (ConfUtils.java:logGet(43)) - raft.server.retrycache.expirytime = 600000ms (custom)
2019-07-13 20:46:48,047 INFO  server.RaftServerConfigKeys (ConfUtils.java:logGet(43)) - raft.server.log.statemachine.data.sync.timeout.retry = -1 (default)
2019-07-13 20:46:48,048 INFO  impl.RaftServerImpl (RaftServerImpl.java:start(180)) - 4f108adb-2142-4e92-bf39-b48875c9ade4: start group-B2C037D04B0B
2019-07-13 20:46:48,047 INFO  server.RaftServerConfigKeys (ConfUtils.java:logGet(43)) - raft.server.log.force.sync.num = 128 (default)
2019-07-13 20:46:48,048 INFO  impl.RaftServerImpl (RaftServerImpl.java:setRole(171)) - 4f108adb-2142-4e92-bf39-b48875c9ade4:group-B2C037D04B0B changes role from null to FOLLOWER at term 0 for startAsFollower
2019-07-13 20:46:48,048 INFO  server.RaftServerConfigKeys (ConfUtils.java:logGet(43)) - raft.server.log.statemachine.data.caching.enabled = true (custom)
2019-07-13 20:46:48,048 INFO  impl.RoleInfo (RoleInfo.java:updateAndGet(143)) - 4f108adb-2142-4e92-bf39-b48875c9ade4: start FollowerState
2019-07-13 20:46:48,048 INFO  server.RaftServerConfigKeys (ConfUtils.java:logGet(43)) - raft.server.log.statemachine.data.sync = true (default)
2019-07-13 20:46:48,049 INFO  segmented.SegmentedRaftLogWorker (SegmentedRaftLogWorker.java:lambda$new$0(132)) - ab218066-181d-46b2-9ec7-7fa1ad867f1c-SegmentedRaftLogWorker:Storage Directory /tmp/workdir/hadoop-ozone/integration-test/target/test-dir/MiniOzoneClusterImpl-25929c4b-dc84-4048-a268-3c62770bd446/datanode-0/data/ratis/f1d461e3-9ff2-4503-a335-b2c037d04b0b: flushIndex: setUnconditionally 0 -> -1
2019-07-13 20:46:48,049 INFO  server.RaftServerConfigKeys (ConfUtils.java:logGet(43)) - raft.server.log.statemachine.data.sync.timeout = 10s (default)
2019-07-13 20:46:48,049 INFO  util.JmxRegister (JmxRegister.java:tryRegister(44)) - Successfully registered JMX Bean with object name Ratis:service=RaftServer,group=group-B2C037D04B0B,id=4f108adb-2142-4e92-bf39-b48875c9ade4
2019-07-13 20:46:48,050 INFO  server.RaftServerConfigKeys (ConfUtils.java:logGet(43)) - raft.server.snapshot.auto.trigger.enabled = true (custom)
2019-07-13 20:46:48,049 INFO  server.RaftServerConfigKeys (ConfUtils.java:logGet(43)) - raft.server.log.statemachine.data.sync.timeout.retry = -1 (default)
2019-07-13 20:46:48,050 INFO  server.RaftServerConfigKeys (ConfUtils.java:logGet(43)) - raft.server.snapshot.auto.trigger.threshold = 10000 (custom)
2019-07-13 20:46:48,050 INFO  server.RaftServerConfigKeys (ConfUtils.java:logGet(43)) - raft.server.log.statemachine.data.caching.enabled = true (custom)
2019-07-13 20:46:48,050 INFO  server.RaftServerConfigKeys (ConfUtils.java:logGet(43)) - raft.server.retrycache.expirytime = 600000ms (custom)
2019-07-13 20:46:48,051 INFO  segmented.SegmentedRaftLogWorker (SegmentedRaftLogWorker.java:lambda$new$0(132)) - a821c51a-654e-405d-8a70-0a883c22ff18-SegmentedRaftLogWorker:Storage Directory /tmp/workdir/hadoop-ozone/integration-test/target/test-dir/MiniOzoneClusterImpl-25929c4b-dc84-4048-a268-3c62770bd446/datanode-1/data/ratis/f1d461e3-9ff2-4503-a335-b2c037d04b0b: flushIndex: setUnconditionally 0 -> -1
2019-07-13 20:46:48,051 INFO  impl.RaftServerImpl (RaftServerImpl.java:start(180)) - ab218066-181d-46b2-9ec7-7fa1ad867f1c: start group-B2C037D04B0B
2019-07-13 20:46:48,051 INFO  impl.RaftServerImpl (RaftServerImpl.java:setRole(171)) - ab218066-181d-46b2-9ec7-7fa1ad867f1c:group-B2C037D04B0B changes role from null to FOLLOWER at term 0 for startAsFollower
2019-07-13 20:46:48,051 INFO  impl.RoleInfo (RoleInfo.java:updateAndGet(143)) - ab218066-181d-46b2-9ec7-7fa1ad867f1c: start FollowerState
2019-07-13 20:46:48,051 INFO  server.RaftServerConfigKeys (ConfUtils.java:logGet(43)) - raft.server.snapshot.auto.trigger.enabled = true (custom)
2019-07-13 20:46:48,052 INFO  server.RaftServerConfigKeys (ConfUtils.java:logGet(43)) - raft.server.snapshot.auto.trigger.threshold = 10000 (custom)
2019-07-13 20:46:48,058 INFO  server.RaftServerConfigKeys (ConfUtils.java:logGet(43)) - raft.server.retrycache.expirytime = 600000ms (custom)
2019-07-13 20:46:48,058 INFO  util.JmxRegister (JmxRegister.java:tryRegister(44)) - Successfully registered JMX Bean with object name Ratis:service=RaftServer,group=group-B2C037D04B0B,id=ab218066-181d-46b2-9ec7-7fa1ad867f1c
2019-07-13 20:46:48,058 INFO  impl.RaftServerImpl (RaftServerImpl.java:start(180)) - a821c51a-654e-405d-8a70-0a883c22ff18: start group-B2C037D04B0B
2019-07-13 20:46:48,059 INFO  impl.RaftServerImpl (RaftServerImpl.java:setRole(171)) - a821c51a-654e-405d-8a70-0a883c22ff18:group-B2C037D04B0B changes role from null to FOLLOWER at term 0 for startAsFollower
2019-07-13 20:46:48,059 INFO  impl.RoleInfo (RoleInfo.java:updateAndGet(143)) - a821c51a-654e-405d-8a70-0a883c22ff18: start FollowerState
2019-07-13 20:46:48,059 INFO  node.SCMNodeManager (SCMNodeManager.java:register(269)) - Registered Data node : 4b2149b5-8294-4b9b-b83b-8846711ea886{ip: 192.168.5.168, host: trunk-nightly-6qp7m-2461138711, networkLocation: /default-rack, certSerialId: null}
2019-07-13 20:46:48,059 INFO  util.JmxRegister (JmxRegister.java:tryRegister(44)) - Successfully registered JMX Bean with object name Ratis:service=RaftServer,group=group-B2C037D04B0B,id=a821c51a-654e-405d-8a70-0a883c22ff18
2019-07-13 20:46:48,076 INFO  pipeline.PipelineStateManager (PipelineStateManager.java:addPipeline(56)) - Created pipeline Pipeline[ Id: f1d461e3-9ff2-4503-a335-b2c037d04b0b, Nodes: ab218066-181d-46b2-9ec7-7fa1ad867f1c{ip: 192.168.5.168, host: trunk-nightly-6qp7m-2461138711, networkLocation: /default-rack, certSerialId: null}4f108adb-2142-4e92-bf39-b48875c9ade4{ip: 192.168.5.168, host: trunk-nightly-6qp7m-2461138711, networkLocation: /default-rack, certSerialId: null}a821c51a-654e-405d-8a70-0a883c22ff18{ip: 192.168.5.168, host: trunk-nightly-6qp7m-2461138711, networkLocation: /default-rack, certSerialId: null}, Type:RATIS, Factor:THREE, State:OPEN]
2019-07-13 20:46:48,237 INFO  node.SCMNodeManager (SCMNodeManager.java:register(269)) - Registered Data node : 30ea0b88-2c0f-4743-9b03-de090440f143{ip: 192.168.5.168, host: trunk-nightly-6qp7m-2461138711, networkLocation: /default-rack, certSerialId: null}
2019-07-13 20:46:48,263 INFO  impl.RaftServerProxy (RaftServerProxy.java:addNew(89)) - 30ea0b88-2c0f-4743-9b03-de090440f143: addNew group-4554A7D7F233:[30ea0b88-2c0f-4743-9b03-de090440f143:192.168.5.168:46829] returns group-4554A7D7F233:java.util.concurrent.CompletableFuture@61b766a5[Not completed]
2019-07-13 20:46:48,266 INFO  impl.RaftServerImpl (RaftServerImpl.java:<init>(93)) - 30ea0b88-2c0f-4743-9b03-de090440f143: new RaftServerImpl for group-4554A7D7F233:[30ea0b88-2c0f-4743-9b03-de090440f143:192.168.5.168:46829] with ContainerStateMachine:uninitialized
2019-07-13 20:46:48,266 INFO  server.RaftServerConfigKeys (ConfUtils.java:logGet(43)) - raft.server.rpc.timeout.min = 5s (custom)
2019-07-13 20:46:48,266 INFO  server.RaftServerConfigKeys (ConfUtils.java:logGet(43)) - raft.server.rpc.timeout.max = 5200ms (custom)
2019-07-13 20:46:48,267 INFO  server.RaftServerConfigKeys (ConfUtils.java:logGet(43)) - raft.server.rpcslowness.timeout = 120s (custom)
2019-07-13 20:46:48,267 INFO  server.RaftServerConfigKeys (ConfUtils.java:logGet(43)) - raft.server.sleep.deviation.threshold = 300 (default)
2019-07-13 20:46:48,267 INFO  server.RaftServerConfigKeys (ConfUtils.java:logGet(43)) - raft.server.log.appender.install.snapshot.enabled = false (custom)
2019-07-13 20:46:48,267 INFO  impl.RaftServerImpl (ServerState.java:<init>(105)) - 30ea0b88-2c0f-4743-9b03-de090440f143:group-4554A7D7F233 ConfigurationManager, init=-1: [30ea0b88-2c0f-4743-9b03-de090440f143:192.168.5.168:46829], old=null, confs=<EMPTY_MAP>
2019-07-13 20:46:48,267 INFO  server.RaftServerConfigKeys (ConfUtils.java:logGet(43)) - raft.server.storage.dir = [/tmp/workdir/hadoop-ozone/integration-test/target/test-dir/MiniOzoneClusterImpl-25929c4b-dc84-4048-a268-3c62770bd446/datanode-4/data/ratis] (custom)
2019-07-13 20:46:48,268 INFO  storage.RaftStorageDirectory (RaftStorageDirectory.java:analyzeStorage(246)) - The storage directory /tmp/workdir/hadoop-ozone/integration-test/target/test-dir/MiniOzoneClusterImpl-25929c4b-dc84-4048-a268-3c62770bd446/datanode-4/data/ratis/64645c86-8e66-43c5-aa3a-4554a7d7f233 does not exist. Creating ...
2019-07-13 20:46:48,283 INFO  storage.RaftStorageDirectory (RaftStorageDirectory.java:tryLock(328)) - Lock on /tmp/workdir/hadoop-ozone/integration-test/target/test-dir/MiniOzoneClusterImpl-25929c4b-dc84-4048-a268-3c62770bd446/datanode-4/data/ratis/64645c86-8e66-43c5-aa3a-4554a7d7f233/in_use.lock acquired by nodename 28672@trunk-nightly-6qp7m-2461138711
2019-07-13 20:46:48,287 INFO  storage.RaftStorage (RaftStorage.java:format(72)) - Storage directory /tmp/workdir/hadoop-ozone/integration-test/target/test-dir/MiniOzoneClusterImpl-25929c4b-dc84-4048-a268-3c62770bd446/datanode-4/data/ratis/64645c86-8e66-43c5-aa3a-4554a7d7f233 has been successfully formatted.
2019-07-13 20:46:48,287 INFO  ratis.ContainerStateMachine (ContainerStateMachine.java:loadSnapshot(200)) - The snapshot info is null.Setting the last applied index to:(t:0, i:~)
2019-07-13 20:46:48,287 INFO  server.RaftServerConfigKeys (ConfUtils.java:logGet(43)) - raft.server.leader.election.timeout = 120s (custom)
2019-07-13 20:46:48,288 INFO  server.RaftServerConfigKeys (ConfUtils.java:logGet(43)) - raft.server.log.use.memory = false (default)
2019-07-13 20:46:48,288 INFO  server.RaftServerConfigKeys (ConfUtils.java:logGet(43)) - raft.server.log.purge.gap = 1000000000 (custom)
2019-07-13 20:46:48,288 INFO  server.RaftServerConfigKeys (ConfUtils.java:logGet(43)) - raft.server.log.appender.buffer.byte-limit = 33554432 (custom)
2019-07-13 20:46:48,288 INFO  server.RaftServerConfigKeys (ConfUtils.java:logGet(43)) - raft.server.log.segment.size.max = 1048576 (custom)
2019-07-13 20:46:48,288 INFO  server.RaftServerConfigKeys (ConfUtils.java:logGet(43)) - raft.server.log.segment.cache.num.max = 2 (custom)
2019-07-13 20:46:48,288 INFO  segmented.SegmentedRaftLogWorker (SegmentedRaftLogWorker.java:<init>(172)) - new 30ea0b88-2c0f-4743-9b03-de090440f143-SegmentedRaftLogWorker:Storage Directory /tmp/workdir/hadoop-ozone/integration-test/target/test-dir/MiniOzoneClusterImpl-25929c4b-dc84-4048-a268-3c62770bd446/datanode-4/data/ratis/64645c86-8e66-43c5-aa3a-4554a7d7f233 for RaftStorage:Storage Directory /tmp/workdir/hadoop-ozone/integration-test/target/test-dir/MiniOzoneClusterImpl-25929c4b-dc84-4048-a268-3c62770bd446/datanode-4/data/ratis/64645c86-8e66-43c5-aa3a-4554a7d7f233
2019-07-13 20:46:48,289 INFO  server.RaftServerConfigKeys (ConfUtils.java:logGet(43)) - raft.server.log.queue.byte-limit = 2147483647 (custom)
2019-07-13 20:46:48,289 INFO  server.RaftServerConfigKeys (ConfUtils.java:logGet(43)) - raft.server.log.queue.element-limit = 1024 (custom)
2019-07-13 20:46:48,289 INFO  server.RaftServerConfigKeys (ConfUtils.java:logGet(43)) - raft.server.log.segment.size.max = 1048576 (custom)
2019-07-13 20:46:48,289 INFO  server.RaftServerConfigKeys (ConfUtils.java:logGet(43)) - raft.server.log.preallocated.size = 16384 (custom)
2019-07-13 20:46:48,290 INFO  server.RaftServerConfigKeys (ConfUtils.java:logGet(43)) - raft.server.log.write.buffer.size = 33554432 (custom)
2019-07-13 20:46:48,290 INFO  server.RaftServerConfigKeys (ConfUtils.java:logGet(43)) - raft.server.log.force.sync.num = 128 (default)
2019-07-13 20:46:48,290 INFO  server.RaftServerConfigKeys (ConfUtils.java:logGet(43)) - raft.server.log.statemachine.data.sync = true (default)
2019-07-13 20:46:48,290 INFO  server.RaftServerConfigKeys (ConfUtils.java:logGet(43)) - raft.server.log.statemachine.data.sync.timeout = 10s (default)
2019-07-13 20:46:48,290 INFO  server.RaftServerConfigKeys (ConfUtils.java:logGet(43)) - raft.server.log.statemachine.data.sync.timeout.retry = -1 (default)
2019-07-13 20:46:48,291 INFO  server.RaftServerConfigKeys (ConfUtils.java:logGet(43)) - raft.server.log.statemachine.data.caching.enabled = true (custom)
2019-07-13 20:46:48,291 INFO  segmented.SegmentedRaftLogWorker (SegmentedRaftLogWorker.java:lambda$new$0(132)) - 30ea0b88-2c0f-4743-9b03-de090440f143-SegmentedRaftLogWorker:Storage Directory /tmp/workdir/hadoop-ozone/integration-test/target/test-dir/MiniOzoneClusterImpl-25929c4b-dc84-4048-a268-3c62770bd446/datanode-4/data/ratis/64645c86-8e66-43c5-aa3a-4554a7d7f233: flushIndex: setUnconditionally 0 -> -1
2019-07-13 20:46:48,292 INFO  server.RaftServerConfigKeys (ConfUtils.java:logGet(43)) - raft.server.snapshot.auto.trigger.enabled = true (custom)
2019-07-13 20:46:48,292 INFO  server.RaftServerConfigKeys (ConfUtils.java:logGet(43)) - raft.server.snapshot.auto.trigger.threshold = 10000 (custom)
2019-07-13 20:46:48,292 INFO  server.RaftServerConfigKeys (ConfUtils.java:logGet(43)) - raft.server.retrycache.expirytime = 600000ms (custom)
2019-07-13 20:46:48,292 INFO  impl.RaftServerImpl (RaftServerImpl.java:start(180)) - 30ea0b88-2c0f-4743-9b03-de090440f143: start group-4554A7D7F233
2019-07-13 20:46:48,293 INFO  impl.RaftServerImpl (RaftServerImpl.java:setRole(171)) - 30ea0b88-2c0f-4743-9b03-de090440f143:group-4554A7D7F233 changes role from null to FOLLOWER at term 0 for startAsFollower
2019-07-13 20:46:48,293 INFO  impl.RoleInfo (RoleInfo.java:updateAndGet(143)) - 30ea0b88-2c0f-4743-9b03-de090440f143: start FollowerState
2019-07-13 20:46:48,311 INFO  util.JmxRegister (JmxRegister.java:tryRegister(44)) - Successfully registered JMX Bean with object name Ratis:service=RaftServer,group=group-4554A7D7F233,id=30ea0b88-2c0f-4743-9b03-de090440f143
2019-07-13 20:46:48,337 INFO  pipeline.PipelineStateManager (PipelineStateManager.java:addPipeline(56)) - Created pipeline Pipeline[ Id: 64645c86-8e66-43c5-aa3a-4554a7d7f233, Nodes: 30ea0b88-2c0f-4743-9b03-de090440f143{ip: 192.168.5.168, host: trunk-nightly-6qp7m-2461138711, networkLocation: /default-rack, certSerialId: null}, Type:RATIS, Factor:ONE, State:OPEN]
2019-07-13 20:46:48,370 INFO  impl.RaftServerProxy (RaftServerProxy.java:addNew(89)) - 4b2149b5-8294-4b9b-b83b-8846711ea886: addNew group-99E6DDEAF02A:[4b2149b5-8294-4b9b-b83b-8846711ea886:192.168.5.168:38330] returns group-99E6DDEAF02A:java.util.concurrent.CompletableFuture@54a86c26[Not completed]
2019-07-13 20:46:48,372 INFO  impl.RaftServerImpl (RaftServerImpl.java:<init>(93)) - 4b2149b5-8294-4b9b-b83b-8846711ea886: new RaftServerImpl for group-99E6DDEAF02A:[4b2149b5-8294-4b9b-b83b-8846711ea886:192.168.5.168:38330] with ContainerStateMachine:uninitialized
2019-07-13 20:46:48,372 INFO  server.RaftServerConfigKeys (ConfUtils.java:logGet(43)) - raft.server.rpc.timeout.min = 5s (custom)
2019-07-13 20:46:48,372 INFO  server.RaftServerConfigKeys (ConfUtils.java:logGet(43)) - raft.server.rpc.timeout.max = 5200ms (custom)
2019-07-13 20:46:48,372 INFO  server.RaftServerConfigKeys (ConfUtils.java:logGet(43)) - raft.server.rpcslowness.timeout = 120s (custom)
2019-07-13 20:46:48,373 INFO  server.RaftServerConfigKeys (ConfUtils.java:logGet(43)) - raft.server.sleep.deviation.threshold = 300 (default)
2019-07-13 20:46:48,373 INFO  server.RaftServerConfigKeys (ConfUtils.java:logGet(43)) - raft.server.log.appender.install.snapshot.enabled = false (custom)
2019-07-13 20:46:48,373 INFO  impl.RaftServerImpl (ServerState.java:<init>(105)) - 4b2149b5-8294-4b9b-b83b-8846711ea886:group-99E6DDEAF02A ConfigurationManager, init=-1: [4b2149b5-8294-4b9b-b83b-8846711ea886:192.168.5.168:38330], old=null, confs=<EMPTY_MAP>
2019-07-13 20:46:48,373 INFO  server.RaftServerConfigKeys (ConfUtils.java:logGet(43)) - raft.server.storage.dir = [/tmp/workdir/hadoop-ozone/integration-test/target/test-dir/MiniOzoneClusterImpl-25929c4b-dc84-4048-a268-3c62770bd446/datanode-3/data/ratis] (custom)
2019-07-13 20:46:48,374 INFO  storage.RaftStorageDirectory (RaftStorageDirectory.java:analyzeStorage(246)) - The storage directory /tmp/workdir/hadoop-ozone/integration-test/target/test-dir/MiniOzoneClusterImpl-25929c4b-dc84-4048-a268-3c62770bd446/datanode-3/data/ratis/74520f31-58a9-4431-8bdf-99e6ddeaf02a does not exist. Creating ...
2019-07-13 20:46:48,386 INFO  storage.RaftStorageDirectory (RaftStorageDirectory.java:tryLock(328)) - Lock on /tmp/workdir/hadoop-ozone/integration-test/target/test-dir/MiniOzoneClusterImpl-25929c4b-dc84-4048-a268-3c62770bd446/datanode-3/data/ratis/74520f31-58a9-4431-8bdf-99e6ddeaf02a/in_use.lock acquired by nodename 28672@trunk-nightly-6qp7m-2461138711
2019-07-13 20:46:48,390 INFO  storage.RaftStorage (RaftStorage.java:format(72)) - Storage directory /tmp/workdir/hadoop-ozone/integration-test/target/test-dir/MiniOzoneClusterImpl-25929c4b-dc84-4048-a268-3c62770bd446/datanode-3/data/ratis/74520f31-58a9-4431-8bdf-99e6ddeaf02a has been successfully formatted.
2019-07-13 20:46:48,390 INFO  ratis.ContainerStateMachine (ContainerStateMachine.java:loadSnapshot(200)) - The snapshot info is null.Setting the last applied index to:(t:0, i:~)
2019-07-13 20:46:48,390 INFO  server.RaftServerConfigKeys (ConfUtils.java:logGet(43)) - raft.server.leader.election.timeout = 120s (custom)
2019-07-13 20:46:48,391 INFO  server.RaftServerConfigKeys (ConfUtils.java:logGet(43)) - raft.server.log.use.memory = false (default)
2019-07-13 20:46:48,391 INFO  server.RaftServerConfigKeys (ConfUtils.java:logGet(43)) - raft.server.log.purge.gap = 1000000000 (custom)
2019-07-13 20:46:48,391 INFO  server.RaftServerConfigKeys (ConfUtils.java:logGet(43)) - raft.server.log.appender.buffer.byte-limit = 33554432 (custom)
2019-07-13 20:46:48,391 INFO  server.RaftServerConfigKeys (ConfUtils.java:logGet(43)) - raft.server.log.segment.size.max = 1048576 (custom)
2019-07-13 20:46:48,391 INFO  server.RaftServerConfigKeys (ConfUtils.java:logGet(43)) - raft.server.log.segment.cache.num.max = 2 (custom)
2019-07-13 20:46:48,391 INFO  segmented.SegmentedRaftLogWorker (SegmentedRaftLogWorker.java:<init>(172)) - new 4b2149b5-8294-4b9b-b83b-8846711ea886-SegmentedRaftLogWorker:Storage Directory /tmp/workdir/hadoop-ozone/integration-test/target/test-dir/MiniOzoneClusterImpl-25929c4b-dc84-4048-a268-3c62770bd446/datanode-3/data/ratis/74520f31-58a9-4431-8bdf-99e6ddeaf02a for RaftStorage:Storage Directory /tmp/workdir/hadoop-ozone/integration-test/target/test-dir/MiniOzoneClusterImpl-25929c4b-dc84-4048-a268-3c62770bd446/datanode-3/data/ratis/74520f31-58a9-4431-8bdf-99e6ddeaf02a
2019-07-13 20:46:48,392 INFO  server.RaftServerConfigKeys (ConfUtils.java:logGet(43)) - raft.server.log.queue.byte-limit = 2147483647 (custom)
2019-07-13 20:46:48,392 INFO  server.RaftServerConfigKeys (ConfUtils.java:logGet(43)) - raft.server.log.queue.element-limit = 1024 (custom)
2019-07-13 20:46:48,392 INFO  server.RaftServerConfigKeys (ConfUtils.java:logGet(43)) - raft.server.log.segment.size.max = 1048576 (custom)
2019-07-13 20:46:48,392 INFO  server.RaftServerConfigKeys (ConfUtils.java:logGet(43)) - raft.server.log.preallocated.size = 16384 (custom)
2019-07-13 20:46:48,393 INFO  server.RaftServerConfigKeys (ConfUtils.java:logGet(43)) - raft.server.log.write.buffer.size = 33554432 (custom)
2019-07-13 20:46:48,393 INFO  server.RaftServerConfigKeys (ConfUtils.java:logGet(43)) - raft.server.log.force.sync.num = 128 (default)
2019-07-13 20:46:48,393 INFO  server.RaftServerConfigKeys (ConfUtils.java:logGet(43)) - raft.server.log.statemachine.data.sync = true (default)
2019-07-13 20:46:48,393 INFO  server.RaftServerConfigKeys (ConfUtils.java:logGet(43)) - raft.server.log.statemachine.data.sync.timeout = 10s (default)
2019-07-13 20:46:48,393 INFO  server.RaftServerConfigKeys (ConfUtils.java:logGet(43)) - raft.server.log.statemachine.data.sync.timeout.retry = -1 (default)
2019-07-13 20:46:48,394 INFO  server.RaftServerConfigKeys (ConfUtils.java:logGet(43)) - raft.server.log.statemachine.data.caching.enabled = true (custom)
2019-07-13 20:46:48,394 INFO  segmented.SegmentedRaftLogWorker (SegmentedRaftLogWorker.java:lambda$new$0(132)) - 4b2149b5-8294-4b9b-b83b-8846711ea886-SegmentedRaftLogWorker:Storage Directory /tmp/workdir/hadoop-ozone/integration-test/target/test-dir/MiniOzoneClusterImpl-25929c4b-dc84-4048-a268-3c62770bd446/datanode-3/data/ratis/74520f31-58a9-4431-8bdf-99e6ddeaf02a: flushIndex: setUnconditionally 0 -> -1
2019-07-13 20:46:48,395 INFO  server.RaftServerConfigKeys (ConfUtils.java:logGet(43)) - raft.server.snapshot.auto.trigger.enabled = true (custom)
2019-07-13 20:46:48,395 INFO  server.RaftServerConfigKeys (ConfUtils.java:logGet(43)) - raft.server.snapshot.auto.trigger.threshold = 10000 (custom)
2019-07-13 20:46:48,395 INFO  server.RaftServerConfigKeys (ConfUtils.java:logGet(43)) - raft.server.retrycache.expirytime = 600000ms (custom)
2019-07-13 20:46:48,396 INFO  impl.RaftServerImpl (RaftServerImpl.java:start(180)) - 4b2149b5-8294-4b9b-b83b-8846711ea886: start group-99E6DDEAF02A
2019-07-13 20:46:48,396 INFO  impl.RaftServerImpl (RaftServerImpl.java:setRole(171)) - 4b2149b5-8294-4b9b-b83b-8846711ea886:group-99E6DDEAF02A changes role from null to FOLLOWER at term 0 for startAsFollower
2019-07-13 20:46:48,396 INFO  impl.RoleInfo (RoleInfo.java:updateAndGet(143)) - 4b2149b5-8294-4b9b-b83b-8846711ea886: start FollowerState
2019-07-13 20:46:48,396 INFO  node.SCMNodeManager (SCMNodeManager.java:register(269)) - Registered Data node : 77d14904-365b-4fcf-9292-2b2cc1102ded{ip: 192.168.5.168, host: trunk-nightly-6qp7m-2461138711, networkLocation: /default-rack, certSerialId: null}
2019-07-13 20:46:48,396 INFO  util.JmxRegister (JmxRegister.java:tryRegister(44)) - Successfully registered JMX Bean with object name Ratis:service=RaftServer,group=group-99E6DDEAF02A,id=4b2149b5-8294-4b9b-b83b-8846711ea886
2019-07-13 20:46:48,403 INFO  pipeline.PipelineStateManager (PipelineStateManager.java:addPipeline(56)) - Created pipeline Pipeline[ Id: 74520f31-58a9-4431-8bdf-99e6ddeaf02a, Nodes: 4b2149b5-8294-4b9b-b83b-8846711ea886{ip: 192.168.5.168, host: trunk-nightly-6qp7m-2461138711, networkLocation: /default-rack, certSerialId: null}, Type:RATIS, Factor:ONE, State:OPEN]
2019-07-13 20:46:48,418 INFO  impl.RaftServerProxy (RaftServerProxy.java:addNew(89)) - 77d14904-365b-4fcf-9292-2b2cc1102ded: addNew group-E3AA42789B0F:[77d14904-365b-4fcf-9292-2b2cc1102ded:192.168.5.168:35765] returns group-E3AA42789B0F:java.util.concurrent.CompletableFuture@ecc7543[Not completed]
2019-07-13 20:46:48,419 INFO  impl.RaftServerImpl (RaftServerImpl.java:<init>(93)) - 77d14904-365b-4fcf-9292-2b2cc1102ded: new RaftServerImpl for group-E3AA42789B0F:[77d14904-365b-4fcf-9292-2b2cc1102ded:192.168.5.168:35765] with ContainerStateMachine:uninitialized
2019-07-13 20:46:48,420 INFO  server.RaftServerConfigKeys (ConfUtils.java:logGet(43)) - raft.server.rpc.timeout.min = 5s (custom)
2019-07-13 20:46:48,420 INFO  server.RaftServerConfigKeys (ConfUtils.java:logGet(43)) - raft.server.rpc.timeout.max = 5200ms (custom)
2019-07-13 20:46:48,420 INFO  server.RaftServerConfigKeys (ConfUtils.java:logGet(43)) - raft.server.rpcslowness.timeout = 120s (custom)
2019-07-13 20:46:48,420 INFO  server.RaftServerConfigKeys (ConfUtils.java:logGet(43)) - raft.server.sleep.deviation.threshold = 300 (default)
2019-07-13 20:46:48,420 INFO  server.RaftServerConfigKeys (ConfUtils.java:logGet(43)) - raft.server.log.appender.install.snapshot.enabled = false (custom)
2019-07-13 20:46:48,420 INFO  impl.RaftServerImpl (ServerState.java:<init>(105)) - 77d14904-365b-4fcf-9292-2b2cc1102ded:group-E3AA42789B0F ConfigurationManager, init=-1: [77d14904-365b-4fcf-9292-2b2cc1102ded:192.168.5.168:35765], old=null, confs=<EMPTY_MAP>
2019-07-13 20:46:48,420 INFO  server.RaftServerConfigKeys (ConfUtils.java:logGet(43)) - raft.server.storage.dir = [/tmp/workdir/hadoop-ozone/integration-test/target/test-dir/MiniOzoneClusterImpl-25929c4b-dc84-4048-a268-3c62770bd446/datanode-5/data/ratis] (custom)
2019-07-13 20:46:48,421 INFO  storage.RaftStorageDirectory (RaftStorageDirectory.java:analyzeStorage(246)) - The storage directory /tmp/workdir/hadoop-ozone/integration-test/target/test-dir/MiniOzoneClusterImpl-25929c4b-dc84-4048-a268-3c62770bd446/datanode-5/data/ratis/19f4ee34-5e79-4c9a-8da1-e3aa42789b0f does not exist. Creating ...
2019-07-13 20:46:48,424 INFO  storage.RaftStorageDirectory (RaftStorageDirectory.java:tryLock(328)) - Lock on /tmp/workdir/hadoop-ozone/integration-test/target/test-dir/MiniOzoneClusterImpl-25929c4b-dc84-4048-a268-3c62770bd446/datanode-5/data/ratis/19f4ee34-5e79-4c9a-8da1-e3aa42789b0f/in_use.lock acquired by nodename 28672@trunk-nightly-6qp7m-2461138711
2019-07-13 20:46:48,429 INFO  storage.RaftStorage (RaftStorage.java:format(72)) - Storage directory /tmp/workdir/hadoop-ozone/integration-test/target/test-dir/MiniOzoneClusterImpl-25929c4b-dc84-4048-a268-3c62770bd446/datanode-5/data/ratis/19f4ee34-5e79-4c9a-8da1-e3aa42789b0f has been successfully formatted.
2019-07-13 20:46:48,429 INFO  ratis.ContainerStateMachine (ContainerStateMachine.java:loadSnapshot(200)) - The snapshot info is null.Setting the last applied index to:(t:0, i:~)
2019-07-13 20:46:48,429 INFO  server.RaftServerConfigKeys (ConfUtils.java:logGet(43)) - raft.server.leader.election.timeout = 120s (custom)
2019-07-13 20:46:48,430 INFO  server.RaftServerConfigKeys (ConfUtils.java:logGet(43)) - raft.server.log.use.memory = false (default)
2019-07-13 20:46:48,430 INFO  server.RaftServerConfigKeys (ConfUtils.java:logGet(43)) - raft.server.log.purge.gap = 1000000000 (custom)
2019-07-13 20:46:48,430 INFO  server.RaftServerConfigKeys (ConfUtils.java:logGet(43)) - raft.server.log.appender.buffer.byte-limit = 33554432 (custom)
2019-07-13 20:46:48,430 INFO  server.RaftServerConfigKeys (ConfUtils.java:logGet(43)) - raft.server.log.segment.size.max = 1048576 (custom)
2019-07-13 20:46:48,430 INFO  server.RaftServerConfigKeys (ConfUtils.java:logGet(43)) - raft.server.log.segment.cache.num.max = 2 (custom)
2019-07-13 20:46:48,430 INFO  segmented.SegmentedRaftLogWorker (SegmentedRaftLogWorker.java:<init>(172)) - new 77d14904-365b-4fcf-9292-2b2cc1102ded-SegmentedRaftLogWorker:Storage Directory /tmp/workdir/hadoop-ozone/integration-test/target/test-dir/MiniOzoneClusterImpl-25929c4b-dc84-4048-a268-3c62770bd446/datanode-5/data/ratis/19f4ee34-5e79-4c9a-8da1-e3aa42789b0f for RaftStorage:Storage Directory /tmp/workdir/hadoop-ozone/integration-test/target/test-dir/MiniOzoneClusterImpl-25929c4b-dc84-4048-a268-3c62770bd446/datanode-5/data/ratis/19f4ee34-5e79-4c9a-8da1-e3aa42789b0f
2019-07-13 20:46:48,431 INFO  server.RaftServerConfigKeys (ConfUtils.java:logGet(43)) - raft.server.log.queue.byte-limit = 2147483647 (custom)
2019-07-13 20:46:48,431 INFO  server.RaftServerConfigKeys (ConfUtils.java:logGet(43)) - raft.server.log.queue.element-limit = 1024 (custom)
2019-07-13 20:46:48,431 INFO  server.RaftServerConfigKeys (ConfUtils.java:logGet(43)) - raft.server.log.segment.size.max = 1048576 (custom)
2019-07-13 20:46:48,431 INFO  server.RaftServerConfigKeys (ConfUtils.java:logGet(43)) - raft.server.log.preallocated.size = 16384 (custom)
2019-07-13 20:46:48,431 INFO  server.RaftServerConfigKeys (ConfUtils.java:logGet(43)) - raft.server.log.write.buffer.size = 33554432 (custom)
2019-07-13 20:46:48,432 INFO  server.RaftServerConfigKeys (ConfUtils.java:logGet(43)) - raft.server.log.force.sync.num = 128 (default)
2019-07-13 20:46:48,432 INFO  server.RaftServerConfigKeys (ConfUtils.java:logGet(43)) - raft.server.log.statemachine.data.sync = true (default)
2019-07-13 20:46:48,432 INFO  server.RaftServerConfigKeys (ConfUtils.java:logGet(43)) - raft.server.log.statemachine.data.sync.timeout = 10s (default)
2019-07-13 20:46:48,432 INFO  server.RaftServerConfigKeys (ConfUtils.java:logGet(43)) - raft.server.log.statemachine.data.sync.timeout.retry = -1 (default)
2019-07-13 20:46:48,432 INFO  server.RaftServerConfigKeys (ConfUtils.java:logGet(43)) - raft.server.log.statemachine.data.caching.enabled = true (custom)
2019-07-13 20:46:48,433 INFO  segmented.SegmentedRaftLogWorker (SegmentedRaftLogWorker.java:lambda$new$0(132)) - 77d14904-365b-4fcf-9292-2b2cc1102ded-SegmentedRaftLogWorker:Storage Directory /tmp/workdir/hadoop-ozone/integration-test/target/test-dir/MiniOzoneClusterImpl-25929c4b-dc84-4048-a268-3c62770bd446/datanode-5/data/ratis/19f4ee34-5e79-4c9a-8da1-e3aa42789b0f: flushIndex: setUnconditionally 0 -> -1
2019-07-13 20:46:48,433 INFO  server.RaftServerConfigKeys (ConfUtils.java:logGet(43)) - raft.server.snapshot.auto.trigger.enabled = true (custom)
2019-07-13 20:46:48,433 INFO  server.RaftServerConfigKeys (ConfUtils.java:logGet(43)) - raft.server.snapshot.auto.trigger.threshold = 10000 (custom)
2019-07-13 20:46:48,434 INFO  server.RaftServerConfigKeys (ConfUtils.java:logGet(43)) - raft.server.retrycache.expirytime = 600000ms (custom)
2019-07-13 20:46:48,434 INFO  impl.RaftServerImpl (RaftServerImpl.java:start(180)) - 77d14904-365b-4fcf-9292-2b2cc1102ded: start group-E3AA42789B0F
2019-07-13 20:46:48,434 INFO  impl.RaftServerImpl (RaftServerImpl.java:setRole(171)) - 77d14904-365b-4fcf-9292-2b2cc1102ded:group-E3AA42789B0F changes role from null to FOLLOWER at term 0 for startAsFollower
2019-07-13 20:46:48,434 INFO  impl.RoleInfo (RoleInfo.java:updateAndGet(143)) - 77d14904-365b-4fcf-9292-2b2cc1102ded: start FollowerState
2019-07-13 20:46:48,435 INFO  util.JmxRegister (JmxRegister.java:tryRegister(44)) - Successfully registered JMX Bean with object name Ratis:service=RaftServer,group=group-E3AA42789B0F,id=77d14904-365b-4fcf-9292-2b2cc1102ded
2019-07-13 20:46:48,440 INFO  pipeline.PipelineStateManager (PipelineStateManager.java:addPipeline(56)) - Created pipeline Pipeline[ Id: 19f4ee34-5e79-4c9a-8da1-e3aa42789b0f, Nodes: 77d14904-365b-4fcf-9292-2b2cc1102ded{ip: 192.168.5.168, host: trunk-nightly-6qp7m-2461138711, networkLocation: /default-rack, certSerialId: null}, Type:RATIS, Factor:ONE, State:OPEN]
2019-07-13 20:46:48,516 INFO  impl.RaftServerProxy (RaftServerProxy.java:addNew(89)) - 30ea0b88-2c0f-4743-9b03-de090440f143: addNew group-86179953C971:[30ea0b88-2c0f-4743-9b03-de090440f143:192.168.5.168:46829, 77d14904-365b-4fcf-9292-2b2cc1102ded:192.168.5.168:35765, 4b2149b5-8294-4b9b-b83b-8846711ea886:192.168.5.168:38330] returns group-86179953C971:java.util.concurrent.CompletableFuture@d2914a5[Not completed]
2019-07-13 20:46:48,516 INFO  impl.RaftServerProxy (RaftServerProxy.java:addNew(89)) - 4b2149b5-8294-4b9b-b83b-8846711ea886: addNew group-86179953C971:[30ea0b88-2c0f-4743-9b03-de090440f143:192.168.5.168:46829, 77d14904-365b-4fcf-9292-2b2cc1102ded:192.168.5.168:35765, 4b2149b5-8294-4b9b-b83b-8846711ea886:192.168.5.168:38330] returns group-86179953C971:java.util.concurrent.CompletableFuture@3165c7b[Not completed]
2019-07-13 20:46:48,517 INFO  impl.RaftServerProxy (RaftServerProxy.java:addNew(89)) - 77d14904-365b-4fcf-9292-2b2cc1102ded: addNew group-86179953C971:[30ea0b88-2c0f-4743-9b03-de090440f143:192.168.5.168:46829, 77d14904-365b-4fcf-9292-2b2cc1102ded:192.168.5.168:35765, 4b2149b5-8294-4b9b-b83b-8846711ea886:192.168.5.168:38330] returns group-86179953C971:java.util.concurrent.CompletableFuture@55a61795[Not completed]
2019-07-13 20:46:48,518 INFO  impl.RaftServerImpl (RaftServerImpl.java:<init>(93)) - 4b2149b5-8294-4b9b-b83b-8846711ea886: new RaftServerImpl for group-86179953C971:[30ea0b88-2c0f-4743-9b03-de090440f143:192.168.5.168:46829, 77d14904-365b-4fcf-9292-2b2cc1102ded:192.168.5.168:35765, 4b2149b5-8294-4b9b-b83b-8846711ea886:192.168.5.168:38330] with ContainerStateMachine:uninitialized
2019-07-13 20:46:48,518 INFO  server.RaftServerConfigKeys (ConfUtils.java:logGet(43)) - raft.server.rpc.timeout.min = 5s (custom)
2019-07-13 20:46:48,518 INFO  server.RaftServerConfigKeys (ConfUtils.java:logGet(43)) - raft.server.rpc.timeout.max = 5200ms (custom)
2019-07-13 20:46:48,518 INFO  server.RaftServerConfigKeys (ConfUtils.java:logGet(43)) - raft.server.rpcslowness.timeout = 120s (custom)
2019-07-13 20:46:48,518 INFO  server.RaftServerConfigKeys (ConfUtils.java:logGet(43)) - raft.server.sleep.deviation.threshold = 300 (default)
2019-07-13 20:46:48,518 INFO  server.RaftServerConfigKeys (ConfUtils.java:logGet(43)) - raft.server.log.appender.install.snapshot.enabled = false (custom)
2019-07-13 20:46:48,518 INFO  impl.RaftServerImpl (ServerState.java:<init>(105)) - 4b2149b5-8294-4b9b-b83b-8846711ea886:group-86179953C971 ConfigurationManager, init=-1: [30ea0b88-2c0f-4743-9b03-de090440f143:192.168.5.168:46829, 77d14904-365b-4fcf-9292-2b2cc1102ded:192.168.5.168:35765, 4b2149b5-8294-4b9b-b83b-8846711ea886:192.168.5.168:38330], old=null, confs=<EMPTY_MAP>
2019-07-13 20:46:48,519 INFO  impl.RaftServerImpl (RaftServerImpl.java:<init>(93)) - 30ea0b88-2c0f-4743-9b03-de090440f143: new RaftServerImpl for group-86179953C971:[30ea0b88-2c0f-4743-9b03-de090440f143:192.168.5.168:46829, 77d14904-365b-4fcf-9292-2b2cc1102ded:192.168.5.168:35765, 4b2149b5-8294-4b9b-b83b-8846711ea886:192.168.5.168:38330] with ContainerStateMachine:uninitialized
2019-07-13 20:46:48,519 INFO  server.RaftServerConfigKeys (ConfUtils.java:logGet(43)) - raft.server.storage.dir = [/tmp/workdir/hadoop-ozone/integration-test/target/test-dir/MiniOzoneClusterImpl-25929c4b-dc84-4048-a268-3c62770bd446/datanode-3/data/ratis] (custom)
2019-07-13 20:46:48,519 INFO  server.RaftServerConfigKeys (ConfUtils.java:logGet(43)) - raft.server.rpc.timeout.min = 5s (custom)
2019-07-13 20:46:48,519 INFO  server.RaftServerConfigKeys (ConfUtils.java:logGet(43)) - raft.server.rpc.timeout.max = 5200ms (custom)
2019-07-13 20:46:48,519 INFO  storage.RaftStorageDirectory (RaftStorageDirectory.java:analyzeStorage(246)) - The storage directory /tmp/workdir/hadoop-ozone/integration-test/target/test-dir/MiniOzoneClusterImpl-25929c4b-dc84-4048-a268-3c62770bd446/datanode-3/data/ratis/072f166e-89e2-45a9-9d2b-86179953c971 does not exist. Creating ...
2019-07-13 20:46:48,519 INFO  server.RaftServerConfigKeys (ConfUtils.java:logGet(43)) - raft.server.rpcslowness.timeout = 120s (custom)
2019-07-13 20:46:48,519 INFO  impl.RaftServerImpl (RaftServerImpl.java:<init>(93)) - 77d14904-365b-4fcf-9292-2b2cc1102ded: new RaftServerImpl for group-86179953C971:[30ea0b88-2c0f-4743-9b03-de090440f143:192.168.5.168:46829, 77d14904-365b-4fcf-9292-2b2cc1102ded:192.168.5.168:35765, 4b2149b5-8294-4b9b-b83b-8846711ea886:192.168.5.168:38330] with ContainerStateMachine:uninitialized
2019-07-13 20:46:48,519 INFO  server.RaftServerConfigKeys (ConfUtils.java:logGet(43)) - raft.server.sleep.deviation.threshold = 300 (default)
2019-07-13 20:46:48,520 INFO  server.RaftServerConfigKeys (ConfUtils.java:logGet(43)) - raft.server.rpc.timeout.min = 5s (custom)
2019-07-13 20:46:48,520 INFO  server.RaftServerConfigKeys (ConfUtils.java:logGet(43)) - raft.server.log.appender.install.snapshot.enabled = false (custom)
2019-07-13 20:46:48,520 INFO  server.RaftServerConfigKeys (ConfUtils.java:logGet(43)) - raft.server.rpc.timeout.max = 5200ms (custom)
2019-07-13 20:46:48,520 INFO  impl.RaftServerImpl (ServerState.java:<init>(105)) - 30ea0b88-2c0f-4743-9b03-de090440f143:group-86179953C971 ConfigurationManager, init=-1: [30ea0b88-2c0f-4743-9b03-de090440f143:192.168.5.168:46829, 77d14904-365b-4fcf-9292-2b2cc1102ded:192.168.5.168:35765, 4b2149b5-8294-4b9b-b83b-8846711ea886:192.168.5.168:38330], old=null, confs=<EMPTY_MAP>
2019-07-13 20:46:48,520 INFO  server.RaftServerConfigKeys (ConfUtils.java:logGet(43)) - raft.server.rpcslowness.timeout = 120s (custom)
2019-07-13 20:46:48,520 INFO  server.RaftServerConfigKeys (ConfUtils.java:logGet(43)) - raft.server.storage.dir = [/tmp/workdir/hadoop-ozone/integration-test/target/test-dir/MiniOzoneClusterImpl-25929c4b-dc84-4048-a268-3c62770bd446/datanode-4/data/ratis] (custom)
2019-07-13 20:46:48,521 INFO  server.RaftServerConfigKeys (ConfUtils.java:logGet(43)) - raft.server.sleep.deviation.threshold = 300 (default)
2019-07-13 20:46:48,522 INFO  server.RaftServerConfigKeys (ConfUtils.java:logGet(43)) - raft.server.log.appender.install.snapshot.enabled = false (custom)
2019-07-13 20:46:48,522 INFO  storage.RaftStorageDirectory (RaftStorageDirectory.java:analyzeStorage(246)) - The storage directory /tmp/workdir/hadoop-ozone/integration-test/target/test-dir/MiniOzoneClusterImpl-25929c4b-dc84-4048-a268-3c62770bd446/datanode-4/data/ratis/072f166e-89e2-45a9-9d2b-86179953c971 does not exist. Creating ...
2019-07-13 20:46:48,522 INFO  impl.RaftServerImpl (ServerState.java:<init>(105)) - 77d14904-365b-4fcf-9292-2b2cc1102ded:group-86179953C971 ConfigurationManager, init=-1: [30ea0b88-2c0f-4743-9b03-de090440f143:192.168.5.168:46829, 77d14904-365b-4fcf-9292-2b2cc1102ded:192.168.5.168:35765, 4b2149b5-8294-4b9b-b83b-8846711ea886:192.168.5.168:38330], old=null, confs=<EMPTY_MAP>
2019-07-13 20:46:48,522 INFO  server.RaftServerConfigKeys (ConfUtils.java:logGet(43)) - raft.server.storage.dir = [/tmp/workdir/hadoop-ozone/integration-test/target/test-dir/MiniOzoneClusterImpl-25929c4b-dc84-4048-a268-3c62770bd446/datanode-5/data/ratis] (custom)
2019-07-13 20:46:48,523 INFO  storage.RaftStorageDirectory (RaftStorageDirectory.java:analyzeStorage(246)) - The storage directory /tmp/workdir/hadoop-ozone/integration-test/target/test-dir/MiniOzoneClusterImpl-25929c4b-dc84-4048-a268-3c62770bd446/datanode-5/data/ratis/072f166e-89e2-45a9-9d2b-86179953c971 does not exist. Creating ...
2019-07-13 20:46:48,531 INFO  storage.RaftStorageDirectory (RaftStorageDirectory.java:tryLock(328)) - Lock on /tmp/workdir/hadoop-ozone/integration-test/target/test-dir/MiniOzoneClusterImpl-25929c4b-dc84-4048-a268-3c62770bd446/datanode-4/data/ratis/072f166e-89e2-45a9-9d2b-86179953c971/in_use.lock acquired by nodename 28672@trunk-nightly-6qp7m-2461138711
2019-07-13 20:46:48,531 INFO  storage.RaftStorageDirectory (RaftStorageDirectory.java:tryLock(328)) - Lock on /tmp/workdir/hadoop-ozone/integration-test/target/test-dir/MiniOzoneClusterImpl-25929c4b-dc84-4048-a268-3c62770bd446/datanode-3/data/ratis/072f166e-89e2-45a9-9d2b-86179953c971/in_use.lock acquired by nodename 28672@trunk-nightly-6qp7m-2461138711
2019-07-13 20:46:48,531 INFO  storage.RaftStorageDirectory (RaftStorageDirectory.java:tryLock(328)) - Lock on /tmp/workdir/hadoop-ozone/integration-test/target/test-dir/MiniOzoneClusterImpl-25929c4b-dc84-4048-a268-3c62770bd446/datanode-5/data/ratis/072f166e-89e2-45a9-9d2b-86179953c971/in_use.lock acquired by nodename 28672@trunk-nightly-6qp7m-2461138711
2019-07-13 20:46:48,547 INFO  storage.RaftStorage (RaftStorage.java:format(72)) - Storage directory /tmp/workdir/hadoop-ozone/integration-test/target/test-dir/MiniOzoneClusterImpl-25929c4b-dc84-4048-a268-3c62770bd446/datanode-3/data/ratis/072f166e-89e2-45a9-9d2b-86179953c971 has been successfully formatted.
2019-07-13 20:46:48,547 INFO  storage.RaftStorage (RaftStorage.java:format(72)) - Storage directory /tmp/workdir/hadoop-ozone/integration-test/target/test-dir/MiniOzoneClusterImpl-25929c4b-dc84-4048-a268-3c62770bd446/datanode-5/data/ratis/072f166e-89e2-45a9-9d2b-86179953c971 has been successfully formatted.
2019-07-13 20:46:48,547 INFO  storage.RaftStorage (RaftStorage.java:format(72)) - Storage directory /tmp/workdir/hadoop-ozone/integration-test/target/test-dir/MiniOzoneClusterImpl-25929c4b-dc84-4048-a268-3c62770bd446/datanode-4/data/ratis/072f166e-89e2-45a9-9d2b-86179953c971 has been successfully formatted.
2019-07-13 20:46:48,548 INFO  ratis.ContainerStateMachine (ContainerStateMachine.java:loadSnapshot(200)) - The snapshot info is null.Setting the last applied index to:(t:0, i:~)
2019-07-13 20:46:48,547 INFO  ratis.ContainerStateMachine (ContainerStateMachine.java:loadSnapshot(200)) - The snapshot info is null.Setting the last applied index to:(t:0, i:~)
2019-07-13 20:46:48,548 INFO  server.RaftServerConfigKeys (ConfUtils.java:logGet(43)) - raft.server.leader.election.timeout = 120s (custom)
2019-07-13 20:46:48,548 INFO  ratis.ContainerStateMachine (ContainerStateMachine.java:loadSnapshot(200)) - The snapshot info is null.Setting the last applied index to:(t:0, i:~)
2019-07-13 20:46:48,548 INFO  server.RaftServerConfigKeys (ConfUtils.java:logGet(43)) - raft.server.log.use.memory = false (default)
2019-07-13 20:46:48,548 INFO  server.RaftServerConfigKeys (ConfUtils.java:logGet(43)) - raft.server.leader.election.timeout = 120s (custom)
2019-07-13 20:46:48,549 INFO  server.RaftServerConfigKeys (ConfUtils.java:logGet(43)) - raft.server.log.purge.gap = 1000000000 (custom)
2019-07-13 20:46:48,548 INFO  server.RaftServerConfigKeys (ConfUtils.java:logGet(43)) - raft.server.leader.election.timeout = 120s (custom)
2019-07-13 20:46:48,549 INFO  server.RaftServerConfigKeys (ConfUtils.java:logGet(43)) - raft.server.log.appender.buffer.byte-limit = 33554432 (custom)
2019-07-13 20:46:48,549 INFO  server.RaftServerConfigKeys (ConfUtils.java:logGet(43)) - raft.server.log.use.memory = false (default)
2019-07-13 20:46:48,549 INFO  server.RaftServerConfigKeys (ConfUtils.java:logGet(43)) - raft.server.log.segment.size.max = 1048576 (custom)
2019-07-13 20:46:48,549 INFO  server.RaftServerConfigKeys (ConfUtils.java:logGet(43)) - raft.server.log.use.memory = false (default)
2019-07-13 20:46:48,550 INFO  server.RaftServerConfigKeys (ConfUtils.java:logGet(43)) - raft.server.log.segment.cache.num.max = 2 (custom)
2019-07-13 20:46:48,550 INFO  server.RaftServerConfigKeys (ConfUtils.java:logGet(43)) - raft.server.log.purge.gap = 1000000000 (custom)
2019-07-13 20:46:48,550 INFO  segmented.SegmentedRaftLogWorker (SegmentedRaftLogWorker.java:<init>(172)) - new 77d14904-365b-4fcf-9292-2b2cc1102ded-SegmentedRaftLogWorker:Storage Directory /tmp/workdir/hadoop-ozone/integration-test/target/test-dir/MiniOzoneClusterImpl-25929c4b-dc84-4048-a268-3c62770bd446/datanode-5/data/ratis/072f166e-89e2-45a9-9d2b-86179953c971 for RaftStorage:Storage Directory /tmp/workdir/hadoop-ozone/integration-test/target/test-dir/MiniOzoneClusterImpl-25929c4b-dc84-4048-a268-3c62770bd446/datanode-5/data/ratis/072f166e-89e2-45a9-9d2b-86179953c971
2019-07-13 20:46:48,550 INFO  server.RaftServerConfigKeys (ConfUtils.java:logGet(43)) - raft.server.log.purge.gap = 1000000000 (custom)
2019-07-13 20:46:48,550 INFO  server.RaftServerConfigKeys (ConfUtils.java:logGet(43)) - raft.server.log.queue.byte-limit = 2147483647 (custom)
2019-07-13 20:46:48,550 INFO  server.RaftServerConfigKeys (ConfUtils.java:logGet(43)) - raft.server.log.appender.buffer.byte-limit = 33554432 (custom)
2019-07-13 20:46:48,551 INFO  server.RaftServerConfigKeys (ConfUtils.java:logGet(43)) - raft.server.log.queue.element-limit = 1024 (custom)
2019-07-13 20:46:48,550 INFO  server.RaftServerConfigKeys (ConfUtils.java:logGet(43)) - raft.server.log.appender.buffer.byte-limit = 33554432 (custom)
2019-07-13 20:46:48,551 INFO  server.RaftServerConfigKeys (ConfUtils.java:logGet(43)) - raft.server.log.segment.size.max = 1048576 (custom)
2019-07-13 20:46:48,551 INFO  server.RaftServerConfigKeys (ConfUtils.java:logGet(43)) - raft.server.log.segment.size.max = 1048576 (custom)
2019-07-13 20:46:48,551 INFO  server.RaftServerConfigKeys (ConfUtils.java:logGet(43)) - raft.server.log.preallocated.size = 16384 (custom)
2019-07-13 20:46:48,551 INFO  server.RaftServerConfigKeys (ConfUtils.java:logGet(43)) - raft.server.log.segment.size.max = 1048576 (custom)
2019-07-13 20:46:48,552 INFO  server.RaftServerConfigKeys (ConfUtils.java:logGet(43)) - raft.server.log.write.buffer.size = 33554432 (custom)
2019-07-13 20:46:48,551 INFO  server.RaftServerConfigKeys (ConfUtils.java:logGet(43)) - raft.server.log.segment.cache.num.max = 2 (custom)
2019-07-13 20:46:48,552 INFO  server.RaftServerConfigKeys (ConfUtils.java:logGet(43)) - raft.server.log.force.sync.num = 128 (default)
2019-07-13 20:46:48,552 INFO  server.RaftServerConfigKeys (ConfUtils.java:logGet(43)) - raft.server.log.segment.cache.num.max = 2 (custom)
2019-07-13 20:46:48,552 INFO  server.RaftServerConfigKeys (ConfUtils.java:logGet(43)) - raft.server.log.statemachine.data.sync = true (default)
2019-07-13 20:46:48,552 INFO  segmented.SegmentedRaftLogWorker (SegmentedRaftLogWorker.java:<init>(172)) - new 4b2149b5-8294-4b9b-b83b-8846711ea886-SegmentedRaftLogWorker:Storage Directory /tmp/workdir/hadoop-ozone/integration-test/target/test-dir/MiniOzoneClusterImpl-25929c4b-dc84-4048-a268-3c62770bd446/datanode-3/data/ratis/072f166e-89e2-45a9-9d2b-86179953c971 for RaftStorage:Storage Directory /tmp/workdir/hadoop-ozone/integration-test/target/test-dir/MiniOzoneClusterImpl-25929c4b-dc84-4048-a268-3c62770bd446/datanode-3/data/ratis/072f166e-89e2-45a9-9d2b-86179953c971
2019-07-13 20:46:48,553 INFO  server.RaftServerConfigKeys (ConfUtils.java:logGet(43)) - raft.server.log.statemachine.data.sync.timeout = 10s (default)
2019-07-13 20:46:48,552 INFO  segmented.SegmentedRaftLogWorker (SegmentedRaftLogWorker.java:<init>(172)) - new 30ea0b88-2c0f-4743-9b03-de090440f143-SegmentedRaftLogWorker:Storage Directory /tmp/workdir/hadoop-ozone/integration-test/target/test-dir/MiniOzoneClusterImpl-25929c4b-dc84-4048-a268-3c62770bd446/datanode-4/data/ratis/072f166e-89e2-45a9-9d2b-86179953c971 for RaftStorage:Storage Directory /tmp/workdir/hadoop-ozone/integration-test/target/test-dir/MiniOzoneClusterImpl-25929c4b-dc84-4048-a268-3c62770bd446/datanode-4/data/ratis/072f166e-89e2-45a9-9d2b-86179953c971
2019-07-13 20:46:48,553 INFO  server.RaftServerConfigKeys (ConfUtils.java:logGet(43)) - raft.server.log.statemachine.data.sync.timeout.retry = -1 (default)
2019-07-13 20:46:48,553 INFO  server.RaftServerConfigKeys (ConfUtils.java:logGet(43)) - raft.server.log.queue.byte-limit = 2147483647 (custom)
2019-07-13 20:46:48,553 INFO  server.RaftServerConfigKeys (ConfUtils.java:logGet(43)) - raft.server.log.statemachine.data.caching.enabled = true (custom)
2019-07-13 20:46:48,553 INFO  server.RaftServerConfigKeys (ConfUtils.java:logGet(43)) - raft.server.log.queue.byte-limit = 2147483647 (custom)
2019-07-13 20:46:48,553 INFO  server.RaftServerConfigKeys (ConfUtils.java:logGet(43)) - raft.server.log.queue.element-limit = 1024 (custom)
2019-07-13 20:46:48,554 INFO  segmented.SegmentedRaftLogWorker (SegmentedRaftLogWorker.java:lambda$new$0(132)) - 77d14904-365b-4fcf-9292-2b2cc1102ded-SegmentedRaftLogWorker:Storage Directory /tmp/workdir/hadoop-ozone/integration-test/target/test-dir/MiniOzoneClusterImpl-25929c4b-dc84-4048-a268-3c62770bd446/datanode-5/data/ratis/072f166e-89e2-45a9-9d2b-86179953c971: flushIndex: setUnconditionally 0 -> -1
2019-07-13 20:46:48,554 INFO  ozone.MiniOzoneClusterImpl (MiniOzoneClusterImpl.java:lambda$waitForClusterToBeReady$0(142)) - Waiting for cluster to be ready. Got 6 of 7 DN Heartbeats.
2019-07-13 20:46:48,554 INFO  server.RaftServerConfigKeys (ConfUtils.java:logGet(43)) - raft.server.log.queue.element-limit = 1024 (custom)
2019-07-13 20:46:48,554 INFO  server.RaftServerConfigKeys (ConfUtils.java:logGet(43)) - raft.server.snapshot.auto.trigger.enabled = true (custom)
2019-07-13 20:46:48,554 INFO  server.RaftServerConfigKeys (ConfUtils.java:logGet(43)) - raft.server.log.segment.size.max = 1048576 (custom)
2019-07-13 20:46:48,555 INFO  server.RaftServerConfigKeys (ConfUtils.java:logGet(43)) - raft.server.snapshot.auto.trigger.threshold = 10000 (custom)
2019-07-13 20:46:48,555 INFO  server.RaftServerConfigKeys (ConfUtils.java:logGet(43)) - raft.server.log.segment.size.max = 1048576 (custom)
2019-07-13 20:46:48,555 INFO  server.RaftServerConfigKeys (ConfUtils.java:logGet(43)) - raft.server.retrycache.expirytime = 600000ms (custom)
2019-07-13 20:46:48,555 INFO  server.RaftServerConfigKeys (ConfUtils.java:logGet(43)) - raft.server.log.preallocated.size = 16384 (custom)
2019-07-13 20:46:48,555 INFO  server.RaftServerConfigKeys (ConfUtils.java:logGet(43)) - raft.server.log.preallocated.size = 16384 (custom)
2019-07-13 20:46:48,556 INFO  impl.RaftServerImpl (RaftServerImpl.java:start(180)) - 77d14904-365b-4fcf-9292-2b2cc1102ded: start group-86179953C971
2019-07-13 20:46:48,556 INFO  server.RaftServerConfigKeys (ConfUtils.java:logGet(43)) - raft.server.log.write.buffer.size = 33554432 (custom)
2019-07-13 20:46:48,556 INFO  impl.RaftServerImpl (RaftServerImpl.java:setRole(171)) - 77d14904-365b-4fcf-9292-2b2cc1102ded:group-86179953C971 changes role from null to FOLLOWER at term 0 for startAsFollower
2019-07-13 20:46:48,556 INFO  server.RaftServerConfigKeys (ConfUtils.java:logGet(43)) - raft.server.log.write.buffer.size = 33554432 (custom)
2019-07-13 20:46:48,556 INFO  impl.RoleInfo (RoleInfo.java:updateAndGet(143)) - 77d14904-365b-4fcf-9292-2b2cc1102ded: start FollowerState
2019-07-13 20:46:48,556 INFO  server.RaftServerConfigKeys (ConfUtils.java:logGet(43)) - raft.server.log.force.sync.num = 128 (default)
2019-07-13 20:46:48,556 INFO  server.RaftServerConfigKeys (ConfUtils.java:logGet(43)) - raft.server.log.force.sync.num = 128 (default)
2019-07-13 20:46:48,557 INFO  server.RaftServerConfigKeys (ConfUtils.java:logGet(43)) - raft.server.log.statemachine.data.sync = true (default)
2019-07-13 20:46:48,557 INFO  server.RaftServerConfigKeys (ConfUtils.java:logGet(43)) - raft.server.log.statemachine.data.sync = true (default)
2019-07-13 20:46:48,557 INFO  util.JmxRegister (JmxRegister.java:tryRegister(44)) - Successfully registered JMX Bean with object name Ratis:service=RaftServer,group=group-86179953C971,id=77d14904-365b-4fcf-9292-2b2cc1102ded
2019-07-13 20:46:48,557 INFO  server.RaftServerConfigKeys (ConfUtils.java:logGet(43)) - raft.server.log.statemachine.data.sync.timeout = 10s (default)
2019-07-13 20:46:48,557 INFO  server.RaftServerConfigKeys (ConfUtils.java:logGet(43)) - raft.server.log.statemachine.data.sync.timeout = 10s (default)
2019-07-13 20:46:48,557 INFO  server.RaftServerConfigKeys (ConfUtils.java:logGet(43)) - raft.server.log.statemachine.data.sync.timeout.retry = -1 (default)
2019-07-13 20:46:48,558 INFO  server.RaftServerConfigKeys (ConfUtils.java:logGet(43)) - raft.server.log.statemachine.data.sync.timeout.retry = -1 (default)
2019-07-13 20:46:48,558 INFO  server.RaftServerConfigKeys (ConfUtils.java:logGet(43)) - raft.server.log.statemachine.data.caching.enabled = true (custom)
2019-07-13 20:46:48,558 INFO  server.RaftServerConfigKeys (ConfUtils.java:logGet(43)) - raft.server.log.statemachine.data.caching.enabled = true (custom)
2019-07-13 20:46:48,558 INFO  segmented.SegmentedRaftLogWorker (SegmentedRaftLogWorker.java:lambda$new$0(132)) - 4b2149b5-8294-4b9b-b83b-8846711ea886-SegmentedRaftLogWorker:Storage Directory /tmp/workdir/hadoop-ozone/integration-test/target/test-dir/MiniOzoneClusterImpl-25929c4b-dc84-4048-a268-3c62770bd446/datanode-3/data/ratis/072f166e-89e2-45a9-9d2b-86179953c971: flushIndex: setUnconditionally 0 -> -1
2019-07-13 20:46:48,559 INFO  segmented.SegmentedRaftLogWorker (SegmentedRaftLogWorker.java:lambda$new$0(132)) - 30ea0b88-2c0f-4743-9b03-de090440f143-SegmentedRaftLogWorker:Storage Directory /tmp/workdir/hadoop-ozone/integration-test/target/test-dir/MiniOzoneClusterImpl-25929c4b-dc84-4048-a268-3c62770bd446/datanode-4/data/ratis/072f166e-89e2-45a9-9d2b-86179953c971: flushIndex: setUnconditionally 0 -> -1
2019-07-13 20:46:48,559 INFO  server.RaftServerConfigKeys (ConfUtils.java:logGet(43)) - raft.server.snapshot.auto.trigger.enabled = true (custom)
2019-07-13 20:46:48,559 INFO  server.RaftServerConfigKeys (ConfUtils.java:logGet(43)) - raft.server.snapshot.auto.trigger.threshold = 10000 (custom)
2019-07-13 20:46:48,559 INFO  server.RaftServerConfigKeys (ConfUtils.java:logGet(43)) - raft.server.snapshot.auto.trigger.enabled = true (custom)
2019-07-13 20:46:48,559 INFO  server.RaftServerConfigKeys (ConfUtils.java:logGet(43)) - raft.server.retrycache.expirytime = 600000ms (custom)
2019-07-13 20:46:48,559 INFO  server.RaftServerConfigKeys (ConfUtils.java:logGet(43)) - raft.server.snapshot.auto.trigger.threshold = 10000 (custom)
2019-07-13 20:46:48,560 INFO  impl.RaftServerImpl (RaftServerImpl.java:start(180)) - 4b2149b5-8294-4b9b-b83b-8846711ea886: start group-86179953C971
2019-07-13 20:46:48,565 INFO  impl.RaftServerImpl (RaftServerImpl.java:setRole(171)) - 4b2149b5-8294-4b9b-b83b-8846711ea886:group-86179953C971 changes role from null to FOLLOWER at term 0 for startAsFollower
2019-07-13 20:46:48,566 INFO  server.RaftServerConfigKeys (ConfUtils.java:logGet(43)) - raft.server.retrycache.expirytime = 600000ms (custom)
2019-07-13 20:46:48,566 INFO  impl.RoleInfo (RoleInfo.java:updateAndGet(143)) - 4b2149b5-8294-4b9b-b83b-8846711ea886: start FollowerState
2019-07-13 20:46:48,566 INFO  impl.RaftServerImpl (RaftServerImpl.java:start(180)) - 30ea0b88-2c0f-4743-9b03-de090440f143: start group-86179953C971
2019-07-13 20:46:48,566 INFO  impl.RaftServerImpl (RaftServerImpl.java:setRole(171)) - 30ea0b88-2c0f-4743-9b03-de090440f143:group-86179953C971 changes role from null to FOLLOWER at term 0 for startAsFollower
2019-07-13 20:46:48,567 INFO  impl.RoleInfo (RoleInfo.java:updateAndGet(143)) - 30ea0b88-2c0f-4743-9b03-de090440f143: start FollowerState
2019-07-13 20:46:48,567 INFO  util.JmxRegister (JmxRegister.java:tryRegister(44)) - Successfully registered JMX Bean with object name Ratis:service=RaftServer,group=group-86179953C971,id=4b2149b5-8294-4b9b-b83b-8846711ea886
2019-07-13 20:46:48,567 INFO  util.JmxRegister (JmxRegister.java:tryRegister(44)) - Successfully registered JMX Bean with object name Ratis:service=RaftServer,group=group-86179953C971,id=30ea0b88-2c0f-4743-9b03-de090440f143
2019-07-13 20:46:48,569 INFO  node.SCMNodeManager (SCMNodeManager.java:register(269)) - Registered Data node : 6032399f-ef52-4dbb-8fc2-33d7046e2146{ip: 192.168.5.168, host: trunk-nightly-6qp7m-2461138711, networkLocation: /default-rack, certSerialId: null}
2019-07-13 20:46:48,581 INFO  pipeline.PipelineStateManager (PipelineStateManager.java:addPipeline(56)) - Created pipeline Pipeline[ Id: 072f166e-89e2-45a9-9d2b-86179953c971, Nodes: 77d14904-365b-4fcf-9292-2b2cc1102ded{ip: 192.168.5.168, host: trunk-nightly-6qp7m-2461138711, networkLocation: /default-rack, certSerialId: null}30ea0b88-2c0f-4743-9b03-de090440f143{ip: 192.168.5.168, host: trunk-nightly-6qp7m-2461138711, networkLocation: /default-rack, certSerialId: null}4b2149b5-8294-4b9b-b83b-8846711ea886{ip: 192.168.5.168, host: trunk-nightly-6qp7m-2461138711, networkLocation: /default-rack, certSerialId: null}, Type:RATIS, Factor:THREE, State:OPEN]
2019-07-13 20:46:49,555 INFO  ozone.MiniOzoneClusterImpl (MiniOzoneClusterImpl.java:lambda$waitForClusterToBeReady$0(142)) - Cluster is ready. Got 7 of 7 DN Heartbeats.
2019-07-13 20:46:49,614 INFO  rpc.RpcClient (RpcClient.java:createVolume(287)) - Creating Volume: watchforcommithandlingtest, with jenkins1000 as owner.
2019-07-13 20:46:49,636 INFO  rpc.RpcClient (RpcClient.java:createBucket(424)) - Creating Bucket: watchforcommithandlingtest/watchforcommithandlingtest, with Versioning false and Storage Type set to DISK and Encryption set to false 
2019-07-13 20:46:49,642 INFO  ozone.MiniOzoneClusterImpl (MiniOzoneClusterImpl.java:getStorageContainerLocationClient(241)) - Creating StorageContainerLocationProtocol RPC client with address /0.0.0.0:39796
2019-07-13 20:46:49,689 INFO  client.GrpcClientProtocolClient (GrpcClientProtocolClient.java:onNext(255)) - client-20505361397C->ab218066-181d-46b2-9ec7-7fa1ad867f1c: receive RaftClientReply:client-20505361397C->ab218066-181d-46b2-9ec7-7fa1ad867f1c@group-B2C037D04B0B, cid=37, FAILED org.apache.ratis.protocol.NotLeaderException: Server ab218066-181d-46b2-9ec7-7fa1ad867f1c is not the leader (null). Request must be sent to leader., logIndex=0, commits[ab218066-181d-46b2-9ec7-7fa1ad867f1c:c-1]
2019-07-13 20:46:50,465 INFO  container.ReplicationManager (ReplicationManager.java:start(155)) - Starting Replication Monitor Thread.
2019-07-13 20:46:50,470 INFO  container.ReplicationManager (ReplicationManager.java:run(207)) - Replication Monitor Thread took 0 milliseconds for processing 1 containers.
2019-07-13 20:46:50,728 INFO  client.GrpcClientProtocolClient (GrpcClientProtocolClient.java:onNext(255)) - client-20505361397C->4f108adb-2142-4e92-bf39-b48875c9ade4: receive RaftClientReply:client-20505361397C->4f108adb-2142-4e92-bf39-b48875c9ade4@group-B2C037D04B0B, cid=37, FAILED org.apache.ratis.protocol.NotLeaderException: Server 4f108adb-2142-4e92-bf39-b48875c9ade4 is not the leader (null). Request must be sent to leader., logIndex=0, commits[4f108adb-2142-4e92-bf39-b48875c9ade4:c-1]
2019-07-13 20:46:51,782 INFO  client.GrpcClientProtocolClient (GrpcClientProtocolClient.java:onNext(255)) - client-20505361397C->a821c51a-654e-405d-8a70-0a883c22ff18: receive RaftClientReply:client-20505361397C->a821c51a-654e-405d-8a70-0a883c22ff18@group-B2C037D04B0B, cid=37, FAILED org.apache.ratis.protocol.NotLeaderException: Server a821c51a-654e-405d-8a70-0a883c22ff18 is not the leader (null). Request must be sent to leader., logIndex=0, commits[a821c51a-654e-405d-8a70-0a883c22ff18:c-1]
2019-07-13 20:46:52,530 INFO  impl.FollowerState (FollowerState.java:run(106)) - ab218066-181d-46b2-9ec7-7fa1ad867f1c:group-166287179F9F changes to CANDIDATE, lastRpcTime:5019, electionTimeout:5019ms
2019-07-13 20:46:52,530 INFO  impl.RoleInfo (RoleInfo.java:shutdownFollowerState(121)) - ab218066-181d-46b2-9ec7-7fa1ad867f1c: shutdown FollowerState
2019-07-13 20:46:52,530 INFO  impl.RaftServerImpl (RaftServerImpl.java:setRole(171)) - ab218066-181d-46b2-9ec7-7fa1ad867f1c:group-166287179F9F changes role from FOLLOWER to CANDIDATE at term 0 for changeToCandidate
2019-07-13 20:46:52,531 INFO  impl.RoleInfo (RoleInfo.java:updateAndGet(143)) - ab218066-181d-46b2-9ec7-7fa1ad867f1c: start LeaderElection
2019-07-13 20:46:52,550 INFO  impl.LeaderElection (LeaderElection.java:askForVotes(181)) - ab218066-181d-46b2-9ec7-7fa1ad867f1c:group-166287179F9F:LeaderElection13: begin an election at term 1 for -1: [ab218066-181d-46b2-9ec7-7fa1ad867f1c:192.168.5.168:37882], old=null
2019-07-13 20:46:52,550 INFO  impl.RoleInfo (RoleInfo.java:shutdownLeaderElection(134)) - ab218066-181d-46b2-9ec7-7fa1ad867f1c: shutdown LeaderElection
2019-07-13 20:46:52,550 INFO  impl.RaftServerImpl (RaftServerImpl.java:setRole(171)) - ab218066-181d-46b2-9ec7-7fa1ad867f1c:group-166287179F9F changes role from CANDIDATE to LEADER at term 1 for changeToLeader
2019-07-13 20:46:52,550 INFO  impl.RaftServerImpl (ServerState.java:setLeader(263)) - ab218066-181d-46b2-9ec7-7fa1ad867f1c:group-166287179F9F change Leader from null to ab218066-181d-46b2-9ec7-7fa1ad867f1c at term 1 for becomeLeader, leader elected after 5045ms
2019-07-13 20:46:52,550 INFO  server.RaftServerConfigKeys (ConfUtils.java:logGet(43)) - raft.server.staging.catchup.gap = 1000 (default)
2019-07-13 20:46:52,551 INFO  server.RaftServerConfigKeys (ConfUtils.java:logGet(43)) - raft.server.rpc.sleep.time = 25ms (default)
2019-07-13 20:46:52,551 INFO  server.RaftServerConfigKeys (ConfUtils.java:logGet(43)) - raft.server.write.element-limit = 4096 (default)
2019-07-13 20:46:52,551 INFO  server.RaftServerConfigKeys (ConfUtils.java:logGet(43)) - raft.server.watch.timeout = 10s (default)
2019-07-13 20:46:52,551 INFO  server.RaftServerConfigKeys (ConfUtils.java:logGet(43)) - raft.server.watch.timeout.denomination = 1s (default)
2019-07-13 20:46:52,551 INFO  server.RaftServerConfigKeys (ConfUtils.java:logGet(43)) - raft.server.watch.element-limit = 65536 (default)
2019-07-13 20:46:52,552 INFO  impl.RoleInfo (RoleInfo.java:updateAndGet(143)) - ab218066-181d-46b2-9ec7-7fa1ad867f1c: start LeaderState
2019-07-13 20:46:52,552 INFO  segmented.SegmentedRaftLogWorker (SegmentedRaftLogWorker.java:startLogSegment(380)) - ab218066-181d-46b2-9ec7-7fa1ad867f1c-SegmentedRaftLogWorker:Storage Directory /tmp/workdir/hadoop-ozone/integration-test/target/test-dir/MiniOzoneClusterImpl-25929c4b-dc84-4048-a268-3c62770bd446/datanode-0/data/ratis/395ead10-c8b1-4051-83a4-166287179f9f: Starting segment from index:0
2019-07-13 20:46:52,553 INFO  impl.RaftServerImpl (ServerState.java:setRaftConf(361)) - ab218066-181d-46b2-9ec7-7fa1ad867f1c:group-166287179F9F set configuration 0: [ab218066-181d-46b2-9ec7-7fa1ad867f1c:192.168.5.168:37882], old=null at 0
2019-07-13 20:46:52,581 INFO  segmented.SegmentedRaftLogWorker (SegmentedRaftLogWorker.java:execute(569)) - ab218066-181d-46b2-9ec7-7fa1ad867f1c-SegmentedRaftLogWorker:Storage Directory /tmp/workdir/hadoop-ozone/integration-test/target/test-dir/MiniOzoneClusterImpl-25929c4b-dc84-4048-a268-3c62770bd446/datanode-0/data/ratis/395ead10-c8b1-4051-83a4-166287179f9f: created new log segment /tmp/workdir/hadoop-ozone/integration-test/target/test-dir/MiniOzoneClusterImpl-25929c4b-dc84-4048-a268-3c62770bd446/datanode-0/data/ratis/395ead10-c8b1-4051-83a4-166287179f9f/current/log_inprogress_0
2019-07-13 20:46:52,742 INFO  impl.FollowerState (FollowerState.java:run(106)) - a821c51a-654e-405d-8a70-0a883c22ff18:group-F2FD6749C4B9 changes to CANDIDATE, lastRpcTime:5017, electionTimeout:5017ms
2019-07-13 20:46:52,743 INFO  impl.RoleInfo (RoleInfo.java:shutdownFollowerState(121)) - a821c51a-654e-405d-8a70-0a883c22ff18: shutdown FollowerState
2019-07-13 20:46:52,743 INFO  impl.RaftServerImpl (RaftServerImpl.java:setRole(171)) - a821c51a-654e-405d-8a70-0a883c22ff18:group-F2FD6749C4B9 changes role from FOLLOWER to CANDIDATE at term 0 for changeToCandidate
2019-07-13 20:46:52,743 INFO  impl.RoleInfo (RoleInfo.java:updateAndGet(143)) - a821c51a-654e-405d-8a70-0a883c22ff18: start LeaderElection
2019-07-13 20:46:52,768 INFO  impl.LeaderElection (LeaderElection.java:askForVotes(181)) - a821c51a-654e-405d-8a70-0a883c22ff18:group-F2FD6749C4B9:LeaderElection14: begin an election at term 1 for -1: [a821c51a-654e-405d-8a70-0a883c22ff18:192.168.5.168:39901], old=null
2019-07-13 20:46:52,768 INFO  impl.RoleInfo (RoleInfo.java:shutdownLeaderElection(134)) - a821c51a-654e-405d-8a70-0a883c22ff18: shutdown LeaderElection
2019-07-13 20:46:52,768 INFO  impl.RaftServerImpl (RaftServerImpl.java:setRole(171)) - a821c51a-654e-405d-8a70-0a883c22ff18:group-F2FD6749C4B9 changes role from CANDIDATE to LEADER at term 1 for changeToLeader
2019-07-13 20:46:52,768 INFO  impl.RaftServerImpl (ServerState.java:setLeader(263)) - a821c51a-654e-405d-8a70-0a883c22ff18:group-F2FD6749C4B9 change Leader from null to a821c51a-654e-405d-8a70-0a883c22ff18 at term 1 for becomeLeader, leader elected after 5049ms
2019-07-13 20:46:52,769 INFO  server.RaftServerConfigKeys (ConfUtils.java:logGet(43)) - raft.server.staging.catchup.gap = 1000 (default)
2019-07-13 20:46:52,769 INFO  server.RaftServerConfigKeys (ConfUtils.java:logGet(43)) - raft.server.rpc.sleep.time = 25ms (default)
2019-07-13 20:46:52,769 INFO  server.RaftServerConfigKeys (ConfUtils.java:logGet(43)) - raft.server.write.element-limit = 4096 (default)
2019-07-13 20:46:52,769 INFO  server.RaftServerConfigKeys (ConfUtils.java:logGet(43)) - raft.server.watch.timeout = 10s (default)
2019-07-13 20:46:52,769 INFO  server.RaftServerConfigKeys (ConfUtils.java:logGet(43)) - raft.server.watch.timeout.denomination = 1s (default)
2019-07-13 20:46:52,770 INFO  server.RaftServerConfigKeys (ConfUtils.java:logGet(43)) - raft.server.watch.element-limit = 65536 (default)
2019-07-13 20:46:52,770 INFO  impl.RoleInfo (RoleInfo.java:updateAndGet(143)) - a821c51a-654e-405d-8a70-0a883c22ff18: start LeaderState
2019-07-13 20:46:52,770 INFO  segmented.SegmentedRaftLogWorker (SegmentedRaftLogWorker.java:startLogSegment(380)) - a821c51a-654e-405d-8a70-0a883c22ff18-SegmentedRaftLogWorker:Storage Directory /tmp/workdir/hadoop-ozone/integration-test/target/test-dir/MiniOzoneClusterImpl-25929c4b-dc84-4048-a268-3c62770bd446/datanode-1/data/ratis/489a9e90-df38-494f-8275-f2fd6749c4b9: Starting segment from index:0
2019-07-13 20:46:52,771 INFO  impl.RaftServerImpl (ServerState.java:setRaftConf(361)) - a821c51a-654e-405d-8a70-0a883c22ff18:group-F2FD6749C4B9 set configuration 0: [a821c51a-654e-405d-8a70-0a883c22ff18:192.168.5.168:39901], old=null at 0
2019-07-13 20:46:52,797 INFO  segmented.SegmentedRaftLogWorker (SegmentedRaftLogWorker.java:execute(569)) - a821c51a-654e-405d-8a70-0a883c22ff18-SegmentedRaftLogWorker:Storage Directory /tmp/workdir/hadoop-ozone/integration-test/target/test-dir/MiniOzoneClusterImpl-25929c4b-dc84-4048-a268-3c62770bd446/datanode-1/data/ratis/489a9e90-df38-494f-8275-f2fd6749c4b9: created new log segment /tmp/workdir/hadoop-ozone/integration-test/target/test-dir/MiniOzoneClusterImpl-25929c4b-dc84-4048-a268-3c62770bd446/datanode-1/data/ratis/489a9e90-df38-494f-8275-f2fd6749c4b9/current/log_inprogress_0
2019-07-13 20:46:52,806 INFO  client.GrpcClientProtocolClient (GrpcClientProtocolClient.java:onNext(255)) - client-20505361397C->4f108adb-2142-4e92-bf39-b48875c9ade4: receive RaftClientReply:client-20505361397C->4f108adb-2142-4e92-bf39-b48875c9ade4@group-B2C037D04B0B, cid=37, FAILED org.apache.ratis.protocol.NotLeaderException: Server 4f108adb-2142-4e92-bf39-b48875c9ade4 is not the leader (null). Request must be sent to leader., logIndex=0, commits[4f108adb-2142-4e92-bf39-b48875c9ade4:c-1]
2019-07-13 20:46:53,056 INFO  impl.FollowerState (FollowerState.java:run(106)) - 4f108adb-2142-4e92-bf39-b48875c9ade4:group-6E96967964C6 changes to CANDIDATE, lastRpcTime:5138, electionTimeout:5138ms
2019-07-13 20:46:53,056 INFO  impl.RoleInfo (RoleInfo.java:shutdownFollowerState(121)) - 4f108adb-2142-4e92-bf39-b48875c9ade4: shutdown FollowerState
2019-07-13 20:46:53,057 INFO  impl.RaftServerImpl (RaftServerImpl.java:setRole(171)) - 4f108adb-2142-4e92-bf39-b48875c9ade4:group-6E96967964C6 changes role from FOLLOWER to CANDIDATE at term 0 for changeToCandidate
2019-07-13 20:46:53,057 INFO  impl.RoleInfo (RoleInfo.java:updateAndGet(143)) - 4f108adb-2142-4e92-bf39-b48875c9ade4: start LeaderElection
2019-07-13 20:46:53,080 INFO  impl.LeaderElection (LeaderElection.java:askForVotes(181)) - 4f108adb-2142-4e92-bf39-b48875c9ade4:group-6E96967964C6:LeaderElection15: begin an election at term 1 for -1: [4f108adb-2142-4e92-bf39-b48875c9ade4:192.168.5.168:34836], old=null
2019-07-13 20:46:53,080 INFO  impl.RoleInfo (RoleInfo.java:shutdownLeaderElection(134)) - 4f108adb-2142-4e92-bf39-b48875c9ade4: shutdown LeaderElection
2019-07-13 20:46:53,080 INFO  impl.RaftServerImpl (RaftServerImpl.java:setRole(171)) - 4f108adb-2142-4e92-bf39-b48875c9ade4:group-6E96967964C6 changes role from CANDIDATE to LEADER at term 1 for changeToLeader
2019-07-13 20:46:53,080 INFO  impl.RaftServerImpl (ServerState.java:setLeader(263)) - 4f108adb-2142-4e92-bf39-b48875c9ade4:group-6E96967964C6 change Leader from null to 4f108adb-2142-4e92-bf39-b48875c9ade4 at term 1 for becomeLeader, leader elected after 5168ms
2019-07-13 20:46:53,080 INFO  server.RaftServerConfigKeys (ConfUtils.java:logGet(43)) - raft.server.staging.catchup.gap = 1000 (default)
2019-07-13 20:46:53,080 INFO  server.RaftServerConfigKeys (ConfUtils.java:logGet(43)) - raft.server.rpc.sleep.time = 25ms (default)
2019-07-13 20:46:53,081 INFO  server.RaftServerConfigKeys (ConfUtils.java:logGet(43)) - raft.server.write.element-limit = 4096 (default)
2019-07-13 20:46:53,081 INFO  server.RaftServerConfigKeys (ConfUtils.java:logGet(43)) - raft.server.watch.timeout = 10s (default)
2019-07-13 20:46:53,081 INFO  server.RaftServerConfigKeys (ConfUtils.java:logGet(43)) - raft.server.watch.timeout.denomination = 1s (default)
2019-07-13 20:46:53,081 INFO  server.RaftServerConfigKeys (ConfUtils.java:logGet(43)) - raft.server.watch.element-limit = 65536 (default)
2019-07-13 20:46:53,081 INFO  impl.RoleInfo (RoleInfo.java:updateAndGet(143)) - 4f108adb-2142-4e92-bf39-b48875c9ade4: start LeaderState
2019-07-13 20:46:53,082 INFO  segmented.SegmentedRaftLogWorker (SegmentedRaftLogWorker.java:startLogSegment(380)) - 4f108adb-2142-4e92-bf39-b48875c9ade4-SegmentedRaftLogWorker:Storage Directory /tmp/workdir/hadoop-ozone/integration-test/target/test-dir/MiniOzoneClusterImpl-25929c4b-dc84-4048-a268-3c62770bd446/datanode-2/data/ratis/71a6a92d-6dfd-42a0-b733-6e96967964c6: Starting segment from index:0
2019-07-13 20:46:53,082 INFO  impl.RaftServerImpl (ServerState.java:setRaftConf(361)) - 4f108adb-2142-4e92-bf39-b48875c9ade4:group-6E96967964C6 set configuration 0: [4f108adb-2142-4e92-bf39-b48875c9ade4:192.168.5.168:34836], old=null at 0
2019-07-13 20:46:53,106 INFO  impl.FollowerState (FollowerState.java:run(106)) - a821c51a-654e-405d-8a70-0a883c22ff18:group-B2C037D04B0B changes to CANDIDATE, lastRpcTime:5047, electionTimeout:5027ms
2019-07-13 20:46:53,106 INFO  impl.RoleInfo (RoleInfo.java:shutdownFollowerState(121)) - a821c51a-654e-405d-8a70-0a883c22ff18: shutdown FollowerState
2019-07-13 20:46:53,106 INFO  impl.RaftServerImpl (RaftServerImpl.java:setRole(171)) - a821c51a-654e-405d-8a70-0a883c22ff18:group-B2C037D04B0B changes role from FOLLOWER to CANDIDATE at term 0 for changeToCandidate
2019-07-13 20:46:53,107 INFO  impl.RoleInfo (RoleInfo.java:updateAndGet(143)) - a821c51a-654e-405d-8a70-0a883c22ff18: start LeaderElection
2019-07-13 20:46:53,123 INFO  segmented.SegmentedRaftLogWorker (SegmentedRaftLogWorker.java:execute(569)) - 4f108adb-2142-4e92-bf39-b48875c9ade4-SegmentedRaftLogWorker:Storage Directory /tmp/workdir/hadoop-ozone/integration-test/target/test-dir/MiniOzoneClusterImpl-25929c4b-dc84-4048-a268-3c62770bd446/datanode-2/data/ratis/71a6a92d-6dfd-42a0-b733-6e96967964c6: created new log segment /tmp/workdir/hadoop-ozone/integration-test/target/test-dir/MiniOzoneClusterImpl-25929c4b-dc84-4048-a268-3c62770bd446/datanode-2/data/ratis/71a6a92d-6dfd-42a0-b733-6e96967964c6/current/log_inprogress_0
2019-07-13 20:46:53,132 INFO  impl.LeaderElection (LeaderElection.java:askForVotes(181)) - a821c51a-654e-405d-8a70-0a883c22ff18:group-B2C037D04B0B:LeaderElection16: begin an election at term 1 for -1: [a821c51a-654e-405d-8a70-0a883c22ff18:192.168.5.168:39901, ab218066-181d-46b2-9ec7-7fa1ad867f1c:192.168.5.168:37882, 4f108adb-2142-4e92-bf39-b48875c9ade4:192.168.5.168:34836], old=null
2019-07-13 20:46:53,139 INFO  impl.RaftServerImpl (RaftServerImpl.java:setRole(171)) - 4f108adb-2142-4e92-bf39-b48875c9ade4:group-B2C037D04B0B changes role from FOLLOWER to FOLLOWER at term 1 for recognizeCandidate:a821c51a-654e-405d-8a70-0a883c22ff18
2019-07-13 20:46:53,139 INFO  impl.RaftServerImpl (RaftServerImpl.java:setRole(171)) - ab218066-181d-46b2-9ec7-7fa1ad867f1c:group-B2C037D04B0B changes role from FOLLOWER to FOLLOWER at term 1 for recognizeCandidate:a821c51a-654e-405d-8a70-0a883c22ff18
2019-07-13 20:46:53,139 INFO  impl.RoleInfo (RoleInfo.java:shutdownFollowerState(121)) - 4f108adb-2142-4e92-bf39-b48875c9ade4: shutdown FollowerState
2019-07-13 20:46:53,139 INFO  impl.RoleInfo (RoleInfo.java:shutdownFollowerState(121)) - ab218066-181d-46b2-9ec7-7fa1ad867f1c: shutdown FollowerState
2019-07-13 20:46:53,140 INFO  impl.FollowerState (FollowerState.java:run(114)) - 4f108adb-2142-4e92-bf39-b48875c9ade4: FollowerState was interrupted: java.lang.InterruptedException: sleep interrupted
2019-07-13 20:46:53,140 INFO  impl.RoleInfo (RoleInfo.java:updateAndGet(143)) - 4f108adb-2142-4e92-bf39-b48875c9ade4: start FollowerState
2019-07-13 20:46:53,140 INFO  impl.FollowerState (FollowerState.java:run(114)) - ab218066-181d-46b2-9ec7-7fa1ad867f1c: FollowerState was interrupted: java.lang.InterruptedException: sleep interrupted
2019-07-13 20:46:53,140 INFO  impl.RoleInfo (RoleInfo.java:updateAndGet(143)) - ab218066-181d-46b2-9ec7-7fa1ad867f1c: start FollowerState
2019-07-13 20:46:53,148 INFO  impl.LeaderElection (LeaderElection.java:logAndReturn(56)) - a821c51a-654e-405d-8a70-0a883c22ff18:group-B2C037D04B0B:LeaderElection16: Election PASSED; received 1 response(s) [a821c51a-654e-405d-8a70-0a883c22ff18<-4f108adb-2142-4e92-bf39-b48875c9ade4#0:OK-t1] and 0 exception(s); a821c51a-654e-405d-8a70-0a883c22ff18:t1, leader=null, voted=a821c51a-654e-405d-8a70-0a883c22ff18, raftlog=a821c51a-654e-405d-8a70-0a883c22ff18-SegmentedRaftLog:OPENED:c-1,f-1,i0, conf=-1: [a821c51a-654e-405d-8a70-0a883c22ff18:192.168.5.168:39901, ab218066-181d-46b2-9ec7-7fa1ad867f1c:192.168.5.168:37882, 4f108adb-2142-4e92-bf39-b48875c9ade4:192.168.5.168:34836], old=null
2019-07-13 20:46:53,148 INFO  impl.RoleInfo (RoleInfo.java:shutdownLeaderElection(134)) - a821c51a-654e-405d-8a70-0a883c22ff18: shutdown LeaderElection
2019-07-13 20:46:53,152 INFO  impl.RaftServerImpl (RaftServerImpl.java:setRole(171)) - a821c51a-654e-405d-8a70-0a883c22ff18:group-B2C037D04B0B changes role from CANDIDATE to LEADER at term 1 for changeToLeader
2019-07-13 20:46:53,152 INFO  impl.RaftServerImpl (ServerState.java:setLeader(263)) - a821c51a-654e-405d-8a70-0a883c22ff18:group-B2C037D04B0B change Leader from null to a821c51a-654e-405d-8a70-0a883c22ff18 at term 1 for becomeLeader, leader elected after 5154ms
2019-07-13 20:46:53,152 INFO  server.RaftServerConfigKeys (ConfUtils.java:logGet(43)) - raft.server.staging.catchup.gap = 1000 (default)
2019-07-13 20:46:53,152 INFO  server.RaftServerConfigKeys (ConfUtils.java:logGet(43)) - raft.server.rpc.sleep.time = 25ms (default)
2019-07-13 20:46:53,152 INFO  server.RaftServerConfigKeys (ConfUtils.java:logGet(43)) - raft.server.write.element-limit = 4096 (default)
2019-07-13 20:46:53,153 INFO  server.RaftServerConfigKeys (ConfUtils.java:logGet(43)) - raft.server.watch.timeout = 10s (default)
2019-07-13 20:46:53,153 INFO  server.RaftServerConfigKeys (ConfUtils.java:logGet(43)) - raft.server.watch.timeout.denomination = 1s (default)
2019-07-13 20:46:53,153 INFO  server.RaftServerConfigKeys (ConfUtils.java:logGet(43)) - raft.server.watch.element-limit = 65536 (default)
2019-07-13 20:46:53,153 INFO  server.RaftServerConfigKeys (ConfUtils.java:logGet(43)) - raft.server.log.appender.snapshot.chunk.size.max = 16MB (=16777216) (default)
2019-07-13 20:46:53,153 INFO  server.RaftServerConfigKeys (ConfUtils.java:logGet(43)) - raft.server.log.appender.buffer.byte-limit = 33554432 (custom)
2019-07-13 20:46:53,154 INFO  server.RaftServerConfigKeys (ConfUtils.java:logGet(43)) - raft.server.log.appender.buffer.element-limit = 1 (custom)
2019-07-13 20:46:53,154 INFO  grpc.GrpcConfigKeys$Server (ConfUtils.java:logGet(43)) - raft.grpc.server.leader.outstanding.appends.max = 128 (default)
2019-07-13 20:46:53,154 INFO  server.RaftServerConfigKeys (ConfUtils.java:logGet(43)) - raft.server.rpc.request.timeout = 3000ms (default)
2019-07-13 20:46:53,154 INFO  server.RaftServerConfigKeys (ConfUtils.java:logGet(43)) - raft.server.log.appender.install.snapshot.enabled = false (custom)
2019-07-13 20:46:53,155 INFO  server.RaftServerConfigKeys (ConfUtils.java:logGet(43)) - raft.server.log.appender.snapshot.chunk.size.max = 16MB (=16777216) (default)
2019-07-13 20:46:53,155 INFO  server.RaftServerConfigKeys (ConfUtils.java:logGet(43)) - raft.server.log.appender.buffer.byte-limit = 33554432 (custom)
2019-07-13 20:46:53,155 INFO  server.RaftServerConfigKeys (ConfUtils.java:logGet(43)) - raft.server.log.appender.buffer.element-limit = 1 (custom)
2019-07-13 20:46:53,155 INFO  grpc.GrpcConfigKeys$Server (ConfUtils.java:logGet(43)) - raft.grpc.server.leader.outstanding.appends.max = 128 (default)
2019-07-13 20:46:53,155 INFO  server.RaftServerConfigKeys (ConfUtils.java:logGet(43)) - raft.server.rpc.request.timeout = 3000ms (default)
2019-07-13 20:46:53,156 INFO  server.RaftServerConfigKeys (ConfUtils.java:logGet(43)) - raft.server.log.appender.install.snapshot.enabled = false (custom)
2019-07-13 20:46:53,156 INFO  impl.RoleInfo (RoleInfo.java:updateAndGet(143)) - a821c51a-654e-405d-8a70-0a883c22ff18: start LeaderState
2019-07-13 20:46:53,156 INFO  segmented.SegmentedRaftLogWorker (SegmentedRaftLogWorker.java:startLogSegment(380)) - a821c51a-654e-405d-8a70-0a883c22ff18-SegmentedRaftLogWorker:Storage Directory /tmp/workdir/hadoop-ozone/integration-test/target/test-dir/MiniOzoneClusterImpl-25929c4b-dc84-4048-a268-3c62770bd446/datanode-1/data/ratis/f1d461e3-9ff2-4503-a335-b2c037d04b0b: Starting segment from index:0
2019-07-13 20:46:53,157 INFO  impl.RaftServerImpl (ServerState.java:setRaftConf(361)) - a821c51a-654e-405d-8a70-0a883c22ff18:group-B2C037D04B0B set configuration 0: [a821c51a-654e-405d-8a70-0a883c22ff18:192.168.5.168:39901, ab218066-181d-46b2-9ec7-7fa1ad867f1c:192.168.5.168:37882, 4f108adb-2142-4e92-bf39-b48875c9ade4:192.168.5.168:34836], old=null at 0
2019-07-13 20:46:53,182 INFO  impl.RaftServerImpl (ServerState.java:setLeader(263)) - 4f108adb-2142-4e92-bf39-b48875c9ade4:group-B2C037D04B0B change Leader from null to a821c51a-654e-405d-8a70-0a883c22ff18 at term 1 for appendEntries, leader elected after 5184ms
2019-07-13 20:46:53,182 INFO  impl.RaftServerImpl (ServerState.java:setLeader(263)) - ab218066-181d-46b2-9ec7-7fa1ad867f1c:group-B2C037D04B0B change Leader from null to a821c51a-654e-405d-8a70-0a883c22ff18 at term 1 for appendEntries, leader elected after 5184ms
2019-07-13 20:46:53,186 INFO  segmented.SegmentedRaftLogWorker (SegmentedRaftLogWorker.java:execute(569)) - a821c51a-654e-405d-8a70-0a883c22ff18-SegmentedRaftLogWorker:Storage Directory /tmp/workdir/hadoop-ozone/integration-test/target/test-dir/MiniOzoneClusterImpl-25929c4b-dc84-4048-a268-3c62770bd446/datanode-1/data/ratis/f1d461e3-9ff2-4503-a335-b2c037d04b0b: created new log segment /tmp/workdir/hadoop-ozone/integration-test/target/test-dir/MiniOzoneClusterImpl-25929c4b-dc84-4048-a268-3c62770bd446/datanode-1/data/ratis/f1d461e3-9ff2-4503-a335-b2c037d04b0b/current/log_inprogress_0
2019-07-13 20:46:53,192 INFO  impl.RaftServerImpl (ServerState.java:setRaftConf(361)) - 4f108adb-2142-4e92-bf39-b48875c9ade4:group-B2C037D04B0B set configuration 0: [a821c51a-654e-405d-8a70-0a883c22ff18:192.168.5.168:39901, ab218066-181d-46b2-9ec7-7fa1ad867f1c:192.168.5.168:37882, 4f108adb-2142-4e92-bf39-b48875c9ade4:192.168.5.168:34836], old=null at 0
2019-07-13 20:46:53,192 INFO  impl.RaftServerImpl (ServerState.java:setRaftConf(361)) - ab218066-181d-46b2-9ec7-7fa1ad867f1c:group-B2C037D04B0B set configuration 0: [a821c51a-654e-405d-8a70-0a883c22ff18:192.168.5.168:39901, ab218066-181d-46b2-9ec7-7fa1ad867f1c:192.168.5.168:37882, 4f108adb-2142-4e92-bf39-b48875c9ade4:192.168.5.168:34836], old=null at 0
2019-07-13 20:46:53,192 INFO  segmented.SegmentedRaftLogWorker (SegmentedRaftLogWorker.java:startLogSegment(380)) - 4f108adb-2142-4e92-bf39-b48875c9ade4-SegmentedRaftLogWorker:Storage Directory /tmp/workdir/hadoop-ozone/integration-test/target/test-dir/MiniOzoneClusterImpl-25929c4b-dc84-4048-a268-3c62770bd446/datanode-2/data/ratis/f1d461e3-9ff2-4503-a335-b2c037d04b0b: Starting segment from index:0
2019-07-13 20:46:53,193 INFO  segmented.SegmentedRaftLogWorker (SegmentedRaftLogWorker.java:startLogSegment(380)) - ab218066-181d-46b2-9ec7-7fa1ad867f1c-SegmentedRaftLogWorker:Storage Directory /tmp/workdir/hadoop-ozone/integration-test/target/test-dir/MiniOzoneClusterImpl-25929c4b-dc84-4048-a268-3c62770bd446/datanode-0/data/ratis/f1d461e3-9ff2-4503-a335-b2c037d04b0b: Starting segment from index:0
2019-07-13 20:46:53,212 INFO  segmented.SegmentedRaftLogWorker (SegmentedRaftLogWorker.java:execute(569)) - ab218066-181d-46b2-9ec7-7fa1ad867f1c-SegmentedRaftLogWorker:Storage Directory /tmp/workdir/hadoop-ozone/integration-test/target/test-dir/MiniOzoneClusterImpl-25929c4b-dc84-4048-a268-3c62770bd446/datanode-0/data/ratis/f1d461e3-9ff2-4503-a335-b2c037d04b0b: created new log segment /tmp/workdir/hadoop-ozone/integration-test/target/test-dir/MiniOzoneClusterImpl-25929c4b-dc84-4048-a268-3c62770bd446/datanode-0/data/ratis/f1d461e3-9ff2-4503-a335-b2c037d04b0b/current/log_inprogress_0
2019-07-13 20:46:53,214 INFO  segmented.SegmentedRaftLogWorker (SegmentedRaftLogWorker.java:execute(569)) - 4f108adb-2142-4e92-bf39-b48875c9ade4-SegmentedRaftLogWorker:Storage Directory /tmp/workdir/hadoop-ozone/integration-test/target/test-dir/MiniOzoneClusterImpl-25929c4b-dc84-4048-a268-3c62770bd446/datanode-2/data/ratis/f1d461e3-9ff2-4503-a335-b2c037d04b0b: created new log segment /tmp/workdir/hadoop-ozone/integration-test/target/test-dir/MiniOzoneClusterImpl-25929c4b-dc84-4048-a268-3c62770bd446/datanode-2/data/ratis/f1d461e3-9ff2-4503-a335-b2c037d04b0b/current/log_inprogress_0
2019-07-13 20:46:53,396 INFO  impl.FollowerState (FollowerState.java:run(106)) - 4b2149b5-8294-4b9b-b83b-8846711ea886:group-99E6DDEAF02A changes to CANDIDATE, lastRpcTime:5000, electionTimeout:5000ms
2019-07-13 20:46:53,397 INFO  impl.RoleInfo (RoleInfo.java:shutdownFollowerState(121)) - 4b2149b5-8294-4b9b-b83b-8846711ea886: shutdown FollowerState
2019-07-13 20:46:53,397 INFO  impl.RaftServerImpl (RaftServerImpl.java:setRole(171)) - 4b2149b5-8294-4b9b-b83b-8846711ea886:group-99E6DDEAF02A changes role from FOLLOWER to CANDIDATE at term 0 for changeToCandidate
2019-07-13 20:46:53,397 INFO  impl.RoleInfo (RoleInfo.java:updateAndGet(143)) - 4b2149b5-8294-4b9b-b83b-8846711ea886: start LeaderElection
2019-07-13 20:46:53,447 INFO  impl.FollowerState (FollowerState.java:run(106)) - 30ea0b88-2c0f-4743-9b03-de090440f143:group-4554A7D7F233 changes to CANDIDATE, lastRpcTime:5153, electionTimeout:5150ms
2019-07-13 20:46:53,447 INFO  impl.RoleInfo (RoleInfo.java:shutdownFollowerState(121)) - 30ea0b88-2c0f-4743-9b03-de090440f143: shutdown FollowerState
2019-07-13 20:46:53,451 INFO  impl.RaftServerImpl (RaftServerImpl.java:setRole(171)) - 30ea0b88-2c0f-4743-9b03-de090440f143:group-4554A7D7F233 changes role from FOLLOWER to CANDIDATE at term 0 for changeToCandidate
2019-07-13 20:46:53,451 INFO  impl.RoleInfo (RoleInfo.java:updateAndGet(143)) - 30ea0b88-2c0f-4743-9b03-de090440f143: start LeaderElection
2019-07-13 20:46:53,458 INFO  impl.LeaderElection (LeaderElection.java:askForVotes(181)) - 4b2149b5-8294-4b9b-b83b-8846711ea886:group-99E6DDEAF02A:LeaderElection17: begin an election at term 1 for -1: [4b2149b5-8294-4b9b-b83b-8846711ea886:192.168.5.168:38330], old=null
2019-07-13 20:46:53,458 INFO  impl.RoleInfo (RoleInfo.java:shutdownLeaderElection(134)) - 4b2149b5-8294-4b9b-b83b-8846711ea886: shutdown LeaderElection
2019-07-13 20:46:53,458 INFO  impl.RaftServerImpl (RaftServerImpl.java:setRole(171)) - 4b2149b5-8294-4b9b-b83b-8846711ea886:group-99E6DDEAF02A changes role from CANDIDATE to LEADER at term 1 for changeToLeader
2019-07-13 20:46:53,458 INFO  impl.RaftServerImpl (ServerState.java:setLeader(263)) - 4b2149b5-8294-4b9b-b83b-8846711ea886:group-99E6DDEAF02A change Leader from null to 4b2149b5-8294-4b9b-b83b-8846711ea886 at term 1 for becomeLeader, leader elected after 5068ms
2019-07-13 20:46:53,459 INFO  server.RaftServerConfigKeys (ConfUtils.java:logGet(43)) - raft.server.staging.catchup.gap = 1000 (default)
2019-07-13 20:46:53,459 INFO  server.RaftServerConfigKeys (ConfUtils.java:logGet(43)) - raft.server.rpc.sleep.time = 25ms (default)
2019-07-13 20:46:53,459 INFO  server.RaftServerConfigKeys (ConfUtils.java:logGet(43)) - raft.server.write.element-limit = 4096 (default)
2019-07-13 20:46:53,459 INFO  server.RaftServerConfigKeys (ConfUtils.java:logGet(43)) - raft.server.watch.timeout = 10s (default)
2019-07-13 20:46:53,459 INFO  server.RaftServerConfigKeys (ConfUtils.java:logGet(43)) - raft.server.watch.timeout.denomination = 1s (default)
2019-07-13 20:46:53,459 INFO  server.RaftServerConfigKeys (ConfUtils.java:logGet(43)) - raft.server.watch.element-limit = 65536 (default)
2019-07-13 20:46:53,460 INFO  impl.RoleInfo (RoleInfo.java:updateAndGet(143)) - 4b2149b5-8294-4b9b-b83b-8846711ea886: start LeaderState
2019-07-13 20:46:53,460 INFO  segmented.SegmentedRaftLogWorker (SegmentedRaftLogWorker.java:startLogSegment(380)) - 4b2149b5-8294-4b9b-b83b-8846711ea886-SegmentedRaftLogWorker:Storage Directory /tmp/workdir/hadoop-ozone/integration-test/target/test-dir/MiniOzoneClusterImpl-25929c4b-dc84-4048-a268-3c62770bd446/datanode-3/data/ratis/74520f31-58a9-4431-8bdf-99e6ddeaf02a: Starting segment from index:0
2019-07-13 20:46:53,461 INFO  impl.RaftServerImpl (ServerState.java:setRaftConf(361)) - 4b2149b5-8294-4b9b-b83b-8846711ea886:group-99E6DDEAF02A set configuration 0: [4b2149b5-8294-4b9b-b83b-8846711ea886:192.168.5.168:38330], old=null at 0
2019-07-13 20:46:53,488 INFO  segmented.SegmentedRaftLogWorker (SegmentedRaftLogWorker.java:execute(569)) - 4b2149b5-8294-4b9b-b83b-8846711ea886-SegmentedRaftLogWorker:Storage Directory /tmp/workdir/hadoop-ozone/integration-test/target/test-dir/MiniOzoneClusterImpl-25929c4b-dc84-4048-a268-3c62770bd446/datanode-3/data/ratis/74520f31-58a9-4431-8bdf-99e6ddeaf02a: created new log segment /tmp/workdir/hadoop-ozone/integration-test/target/test-dir/MiniOzoneClusterImpl-25929c4b-dc84-4048-a268-3c62770bd446/datanode-3/data/ratis/74520f31-58a9-4431-8bdf-99e6ddeaf02a/current/log_inprogress_0
2019-07-13 20:46:53,488 INFO  impl.LeaderElection (LeaderElection.java:askForVotes(181)) - 30ea0b88-2c0f-4743-9b03-de090440f143:group-4554A7D7F233:LeaderElection18: begin an election at term 1 for -1: [30ea0b88-2c0f-4743-9b03-de090440f143:192.168.5.168:46829], old=null
2019-07-13 20:46:53,489 INFO  impl.RoleInfo (RoleInfo.java:shutdownLeaderElection(134)) - 30ea0b88-2c0f-4743-9b03-de090440f143: shutdown LeaderElection
2019-07-13 20:46:53,489 INFO  impl.RaftServerImpl (RaftServerImpl.java:setRole(171)) - 30ea0b88-2c0f-4743-9b03-de090440f143:group-4554A7D7F233 changes role from CANDIDATE to LEADER at term 1 for changeToLeader
2019-07-13 20:46:53,489 INFO  impl.RaftServerImpl (ServerState.java:setLeader(263)) - 30ea0b88-2c0f-4743-9b03-de090440f143:group-4554A7D7F233 change Leader from null to 30ea0b88-2c0f-4743-9b03-de090440f143 at term 1 for becomeLeader, leader elected after 5201ms
2019-07-13 20:46:53,489 INFO  server.RaftServerConfigKeys (ConfUtils.java:logGet(43)) - raft.server.staging.catchup.gap = 1000 (default)
2019-07-13 20:46:53,489 INFO  server.RaftServerConfigKeys (ConfUtils.java:logGet(43)) - raft.server.rpc.sleep.time = 25ms (default)
2019-07-13 20:46:53,490 INFO  server.RaftServerConfigKeys (ConfUtils.java:logGet(43)) - raft.server.write.element-limit = 4096 (default)
2019-07-13 20:46:53,490 INFO  server.RaftServerConfigKeys (ConfUtils.java:logGet(43)) - raft.server.watch.timeout = 10s (default)
2019-07-13 20:46:53,490 INFO  server.RaftServerConfigKeys (ConfUtils.java:logGet(43)) - raft.server.watch.timeout.denomination = 1s (default)
2019-07-13 20:46:53,490 INFO  server.RaftServerConfigKeys (ConfUtils.java:logGet(43)) - raft.server.watch.element-limit = 65536 (default)
2019-07-13 20:46:53,491 INFO  impl.RoleInfo (RoleInfo.java:updateAndGet(143)) - 30ea0b88-2c0f-4743-9b03-de090440f143: start LeaderState
2019-07-13 20:46:53,491 INFO  segmented.SegmentedRaftLogWorker (SegmentedRaftLogWorker.java:startLogSegment(380)) - 30ea0b88-2c0f-4743-9b03-de090440f143-SegmentedRaftLogWorker:Storage Directory /tmp/workdir/hadoop-ozone/integration-test/target/test-dir/MiniOzoneClusterImpl-25929c4b-dc84-4048-a268-3c62770bd446/datanode-4/data/ratis/64645c86-8e66-43c5-aa3a-4554a7d7f233: Starting segment from index:0
2019-07-13 20:46:53,492 INFO  impl.RaftServerImpl (ServerState.java:setRaftConf(361)) - 30ea0b88-2c0f-4743-9b03-de090440f143:group-4554A7D7F233 set configuration 0: [30ea0b88-2c0f-4743-9b03-de090440f143:192.168.5.168:46829], old=null at 0
2019-07-13 20:46:53,517 INFO  segmented.SegmentedRaftLogWorker (SegmentedRaftLogWorker.java:execute(569)) - 30ea0b88-2c0f-4743-9b03-de090440f143-SegmentedRaftLogWorker:Storage Directory /tmp/workdir/hadoop-ozone/integration-test/target/test-dir/MiniOzoneClusterImpl-25929c4b-dc84-4048-a268-3c62770bd446/datanode-4/data/ratis/64645c86-8e66-43c5-aa3a-4554a7d7f233: created new log segment /tmp/workdir/hadoop-ozone/integration-test/target/test-dir/MiniOzoneClusterImpl-25929c4b-dc84-4048-a268-3c62770bd446/datanode-4/data/ratis/64645c86-8e66-43c5-aa3a-4554a7d7f233/current/log_inprogress_0
2019-07-13 20:46:53,541 INFO  impl.FollowerState (FollowerState.java:run(106)) - 77d14904-365b-4fcf-9292-2b2cc1102ded:group-E3AA42789B0F changes to CANDIDATE, lastRpcTime:5106, electionTimeout:5106ms
2019-07-13 20:46:53,541 INFO  impl.RoleInfo (RoleInfo.java:shutdownFollowerState(121)) - 77d14904-365b-4fcf-9292-2b2cc1102ded: shutdown FollowerState
2019-07-13 20:46:53,541 INFO  impl.RaftServerImpl (RaftServerImpl.java:setRole(171)) - 77d14904-365b-4fcf-9292-2b2cc1102ded:group-E3AA42789B0F changes role from FOLLOWER to CANDIDATE at term 0 for changeToCandidate
2019-07-13 20:46:53,541 INFO  impl.RoleInfo (RoleInfo.java:updateAndGet(143)) - 77d14904-365b-4fcf-9292-2b2cc1102ded: start LeaderElection
2019-07-13 20:46:53,551 INFO  impl.LeaderElection (LeaderElection.java:askForVotes(181)) - 77d14904-365b-4fcf-9292-2b2cc1102ded:group-E3AA42789B0F:LeaderElection19: begin an election at term 1 for -1: [77d14904-365b-4fcf-9292-2b2cc1102ded:192.168.5.168:35765], old=null
2019-07-13 20:46:53,551 INFO  impl.RoleInfo (RoleInfo.java:shutdownLeaderElection(134)) - 77d14904-365b-4fcf-9292-2b2cc1102ded: shutdown LeaderElection
2019-07-13 20:46:53,551 INFO  impl.RaftServerImpl (RaftServerImpl.java:setRole(171)) - 77d14904-365b-4fcf-9292-2b2cc1102ded:group-E3AA42789B0F changes role from CANDIDATE to LEADER at term 1 for changeToLeader
2019-07-13 20:46:53,551 INFO  impl.RaftServerImpl (ServerState.java:setLeader(263)) - 77d14904-365b-4fcf-9292-2b2cc1102ded:group-E3AA42789B0F change Leader from null to 77d14904-365b-4fcf-9292-2b2cc1102ded at term 1 for becomeLeader, leader elected after 5121ms
2019-07-13 20:46:53,551 INFO  server.RaftServerConfigKeys (ConfUtils.java:logGet(43)) - raft.server.staging.catchup.gap = 1000 (default)
2019-07-13 20:46:53,552 INFO  server.RaftServerConfigKeys (ConfUtils.java:logGet(43)) - raft.server.rpc.sleep.time = 25ms (default)
2019-07-13 20:46:53,552 INFO  server.RaftServerConfigKeys (ConfUtils.java:logGet(43)) - raft.server.write.element-limit = 4096 (default)
2019-07-13 20:46:53,552 INFO  server.RaftServerConfigKeys (ConfUtils.java:logGet(43)) - raft.server.watch.timeout = 10s (default)
2019-07-13 20:46:53,552 INFO  server.RaftServerConfigKeys (ConfUtils.java:logGet(43)) - raft.server.watch.timeout.denomination = 1s (default)
2019-07-13 20:46:53,552 INFO  server.RaftServerConfigKeys (ConfUtils.java:logGet(43)) - raft.server.watch.element-limit = 65536 (default)
2019-07-13 20:46:53,553 INFO  impl.RoleInfo (RoleInfo.java:updateAndGet(143)) - 77d14904-365b-4fcf-9292-2b2cc1102ded: start LeaderState
2019-07-13 20:46:53,553 INFO  segmented.SegmentedRaftLogWorker (SegmentedRaftLogWorker.java:startLogSegment(380)) - 77d14904-365b-4fcf-9292-2b2cc1102ded-SegmentedRaftLogWorker:Storage Directory /tmp/workdir/hadoop-ozone/integration-test/target/test-dir/MiniOzoneClusterImpl-25929c4b-dc84-4048-a268-3c62770bd446/datanode-5/data/ratis/19f4ee34-5e79-4c9a-8da1-e3aa42789b0f: Starting segment from index:0
2019-07-13 20:46:53,554 INFO  impl.RaftServerImpl (ServerState.java:setRaftConf(361)) - 77d14904-365b-4fcf-9292-2b2cc1102ded:group-E3AA42789B0F set configuration 0: [77d14904-365b-4fcf-9292-2b2cc1102ded:192.168.5.168:35765], old=null at 0
2019-07-13 20:46:53,588 INFO  segmented.SegmentedRaftLogWorker (SegmentedRaftLogWorker.java:execute(569)) - 77d14904-365b-4fcf-9292-2b2cc1102ded-SegmentedRaftLogWorker:Storage Directory /tmp/workdir/hadoop-ozone/integration-test/target/test-dir/MiniOzoneClusterImpl-25929c4b-dc84-4048-a268-3c62770bd446/datanode-5/data/ratis/19f4ee34-5e79-4c9a-8da1-e3aa42789b0f: created new log segment /tmp/workdir/hadoop-ozone/integration-test/target/test-dir/MiniOzoneClusterImpl-25929c4b-dc84-4048-a268-3c62770bd446/datanode-5/data/ratis/19f4ee34-5e79-4c9a-8da1-e3aa42789b0f/current/log_inprogress_0
2019-07-13 20:46:53,644 INFO  impl.FollowerState (FollowerState.java:run(106)) - 77d14904-365b-4fcf-9292-2b2cc1102ded:group-86179953C971 changes to CANDIDATE, lastRpcTime:5087, electionTimeout:5087ms
2019-07-13 20:46:53,644 INFO  impl.RoleInfo (RoleInfo.java:shutdownFollowerState(121)) - 77d14904-365b-4fcf-9292-2b2cc1102ded: shutdown FollowerState
2019-07-13 20:46:53,644 INFO  impl.RaftServerImpl (RaftServerImpl.java:setRole(171)) - 77d14904-365b-4fcf-9292-2b2cc1102ded:group-86179953C971 changes role from FOLLOWER to CANDIDATE at term 0 for changeToCandidate
2019-07-13 20:46:53,645 INFO  impl.RoleInfo (RoleInfo.java:updateAndGet(143)) - 77d14904-365b-4fcf-9292-2b2cc1102ded: start LeaderElection
2019-07-13 20:46:53,663 INFO  impl.LeaderElection (LeaderElection.java:askForVotes(181)) - 77d14904-365b-4fcf-9292-2b2cc1102ded:group-86179953C971:LeaderElection20: begin an election at term 1 for -1: [30ea0b88-2c0f-4743-9b03-de090440f143:192.168.5.168:46829, 77d14904-365b-4fcf-9292-2b2cc1102ded:192.168.5.168:35765, 4b2149b5-8294-4b9b-b83b-8846711ea886:192.168.5.168:38330], old=null
2019-07-13 20:46:53,671 INFO  impl.RaftServerImpl (RaftServerImpl.java:setRole(171)) - 30ea0b88-2c0f-4743-9b03-de090440f143:group-86179953C971 changes role from FOLLOWER to FOLLOWER at term 1 for recognizeCandidate:77d14904-365b-4fcf-9292-2b2cc1102ded
2019-07-13 20:46:53,671 INFO  impl.RaftServerImpl (RaftServerImpl.java:setRole(171)) - 4b2149b5-8294-4b9b-b83b-8846711ea886:group-86179953C971 changes role from FOLLOWER to FOLLOWER at term 1 for recognizeCandidate:77d14904-365b-4fcf-9292-2b2cc1102ded
2019-07-13 20:46:53,671 INFO  impl.RoleInfo (RoleInfo.java:shutdownFollowerState(121)) - 30ea0b88-2c0f-4743-9b03-de090440f143: shutdown FollowerState
2019-07-13 20:46:53,671 INFO  impl.RoleInfo (RoleInfo.java:shutdownFollowerState(121)) - 4b2149b5-8294-4b9b-b83b-8846711ea886: shutdown FollowerState
2019-07-13 20:46:53,672 INFO  impl.FollowerState (FollowerState.java:run(114)) - 30ea0b88-2c0f-4743-9b03-de090440f143: FollowerState was interrupted: java.lang.InterruptedException: sleep interrupted
2019-07-13 20:46:53,672 INFO  impl.RoleInfo (RoleInfo.java:updateAndGet(143)) - 30ea0b88-2c0f-4743-9b03-de090440f143: start FollowerState
2019-07-13 20:46:53,672 INFO  impl.FollowerState (FollowerState.java:run(114)) - 4b2149b5-8294-4b9b-b83b-8846711ea886: FollowerState was interrupted: java.lang.InterruptedException: sleep interrupted
2019-07-13 20:46:53,672 INFO  impl.RoleInfo (RoleInfo.java:updateAndGet(143)) - 4b2149b5-8294-4b9b-b83b-8846711ea886: start FollowerState
2019-07-13 20:46:53,682 INFO  impl.LeaderElection (LeaderElection.java:logAndReturn(56)) - 77d14904-365b-4fcf-9292-2b2cc1102ded:group-86179953C971:LeaderElection20: Election PASSED; received 1 response(s) [77d14904-365b-4fcf-9292-2b2cc1102ded<-30ea0b88-2c0f-4743-9b03-de090440f143#0:OK-t1] and 0 exception(s); 77d14904-365b-4fcf-9292-2b2cc1102ded:t1, leader=null, voted=77d14904-365b-4fcf-9292-2b2cc1102ded, raftlog=77d14904-365b-4fcf-9292-2b2cc1102ded-SegmentedRaftLog:OPENED:c-1,f-1,i0, conf=-1: [30ea0b88-2c0f-4743-9b03-de090440f143:192.168.5.168:46829, 77d14904-365b-4fcf-9292-2b2cc1102ded:192.168.5.168:35765, 4b2149b5-8294-4b9b-b83b-8846711ea886:192.168.5.168:38330], old=null
2019-07-13 20:46:53,682 INFO  impl.RoleInfo (RoleInfo.java:shutdownLeaderElection(134)) - 77d14904-365b-4fcf-9292-2b2cc1102ded: shutdown LeaderElection
2019-07-13 20:46:53,683 INFO  impl.RaftServerImpl (RaftServerImpl.java:setRole(171)) - 77d14904-365b-4fcf-9292-2b2cc1102ded:group-86179953C971 changes role from CANDIDATE to LEADER at term 1 for changeToLeader
2019-07-13 20:46:53,687 INFO  impl.RaftServerImpl (ServerState.java:setLeader(263)) - 77d14904-365b-4fcf-9292-2b2cc1102ded:group-86179953C971 change Leader from null to 77d14904-365b-4fcf-9292-2b2cc1102ded at term 1 for becomeLeader, leader elected after 5139ms
2019-07-13 20:46:53,687 INFO  server.RaftServerConfigKeys (ConfUtils.java:logGet(43)) - raft.server.staging.catchup.gap = 1000 (default)
2019-07-13 20:46:53,687 INFO  server.RaftServerConfigKeys (ConfUtils.java:logGet(43)) - raft.server.rpc.sleep.time = 25ms (default)
2019-07-13 20:46:53,688 INFO  server.RaftServerConfigKeys (ConfUtils.java:logGet(43)) - raft.server.write.element-limit = 4096 (default)
2019-07-13 20:46:53,688 INFO  server.RaftServerConfigKeys (ConfUtils.java:logGet(43)) - raft.server.watch.timeout = 10s (default)
2019-07-13 20:46:53,688 INFO  server.RaftServerConfigKeys (ConfUtils.java:logGet(43)) - raft.server.watch.timeout.denomination = 1s (default)
2019-07-13 20:46:53,688 INFO  server.RaftServerConfigKeys (ConfUtils.java:logGet(43)) - raft.server.watch.element-limit = 65536 (default)
2019-07-13 20:46:53,688 INFO  server.RaftServerConfigKeys (ConfUtils.java:logGet(43)) - raft.server.log.appender.snapshot.chunk.size.max = 16MB (=16777216) (default)
2019-07-13 20:46:53,689 INFO  server.RaftServerConfigKeys (ConfUtils.java:logGet(43)) - raft.server.log.appender.buffer.byte-limit = 33554432 (custom)
2019-07-13 20:46:53,689 INFO  server.RaftServerConfigKeys (ConfUtils.java:logGet(43)) - raft.server.log.appender.buffer.element-limit = 1 (custom)
2019-07-13 20:46:53,690 INFO  grpc.GrpcConfigKeys$Server (ConfUtils.java:logGet(43)) - raft.grpc.server.leader.outstanding.appends.max = 128 (default)
2019-07-13 20:46:53,690 INFO  server.RaftServerConfigKeys (ConfUtils.java:logGet(43)) - raft.server.rpc.request.timeout = 3000ms (default)
2019-07-13 20:46:53,691 INFO  server.RaftServerConfigKeys (ConfUtils.java:logGet(43)) - raft.server.log.appender.install.snapshot.enabled = false (custom)
2019-07-13 20:46:53,691 INFO  server.RaftServerConfigKeys (ConfUtils.java:logGet(43)) - raft.server.log.appender.snapshot.chunk.size.max = 16MB (=16777216) (default)
2019-07-13 20:46:53,691 INFO  server.RaftServerConfigKeys (ConfUtils.java:logGet(43)) - raft.server.log.appender.buffer.byte-limit = 33554432 (custom)
2019-07-13 20:46:53,691 INFO  server.RaftServerConfigKeys (ConfUtils.java:logGet(43)) - raft.server.log.appender.buffer.element-limit = 1 (custom)
2019-07-13 20:46:53,692 INFO  grpc.GrpcConfigKeys$Server (ConfUtils.java:logGet(43)) - raft.grpc.server.leader.outstanding.appends.max = 128 (default)
2019-07-13 20:46:53,692 INFO  server.RaftServerConfigKeys (ConfUtils.java:logGet(43)) - raft.server.rpc.request.timeout = 3000ms (default)
2019-07-13 20:46:53,692 INFO  server.RaftServerConfigKeys (ConfUtils.java:logGet(43)) - raft.server.log.appender.install.snapshot.enabled = false (custom)
2019-07-13 20:46:53,693 INFO  impl.RoleInfo (RoleInfo.java:updateAndGet(143)) - 77d14904-365b-4fcf-9292-2b2cc1102ded: start LeaderState
2019-07-13 20:46:53,694 INFO  segmented.SegmentedRaftLogWorker (SegmentedRaftLogWorker.java:startLogSegment(380)) - 77d14904-365b-4fcf-9292-2b2cc1102ded-SegmentedRaftLogWorker:Storage Directory /tmp/workdir/hadoop-ozone/integration-test/target/test-dir/MiniOzoneClusterImpl-25929c4b-dc84-4048-a268-3c62770bd446/datanode-5/data/ratis/072f166e-89e2-45a9-9d2b-86179953c971: Starting segment from index:0
2019-07-13 20:46:53,695 INFO  impl.RaftServerImpl (ServerState.java:setRaftConf(361)) - 77d14904-365b-4fcf-9292-2b2cc1102ded:group-86179953C971 set configuration 0: [30ea0b88-2c0f-4743-9b03-de090440f143:192.168.5.168:46829, 77d14904-365b-4fcf-9292-2b2cc1102ded:192.168.5.168:35765, 4b2149b5-8294-4b9b-b83b-8846711ea886:192.168.5.168:38330], old=null at 0
2019-07-13 20:46:53,727 INFO  segmented.SegmentedRaftLogWorker (SegmentedRaftLogWorker.java:execute(569)) - 77d14904-365b-4fcf-9292-2b2cc1102ded-SegmentedRaftLogWorker:Storage Directory /tmp/workdir/hadoop-ozone/integration-test/target/test-dir/MiniOzoneClusterImpl-25929c4b-dc84-4048-a268-3c62770bd446/datanode-5/data/ratis/072f166e-89e2-45a9-9d2b-86179953c971: created new log segment /tmp/workdir/hadoop-ozone/integration-test/target/test-dir/MiniOzoneClusterImpl-25929c4b-dc84-4048-a268-3c62770bd446/datanode-5/data/ratis/072f166e-89e2-45a9-9d2b-86179953c971/current/log_inprogress_0
2019-07-13 20:46:53,730 INFO  impl.RaftServerImpl (ServerState.java:setLeader(263)) - 30ea0b88-2c0f-4743-9b03-de090440f143:group-86179953C971 change Leader from null to 77d14904-365b-4fcf-9292-2b2cc1102ded at term 1 for appendEntries, leader elected after 5181ms
2019-07-13 20:46:53,730 INFO  impl.RaftServerImpl (ServerState.java:setLeader(263)) - 4b2149b5-8294-4b9b-b83b-8846711ea886:group-86179953C971 change Leader from null to 77d14904-365b-4fcf-9292-2b2cc1102ded at term 1 for appendEntries, leader elected after 5182ms
2019-07-13 20:46:53,744 INFO  impl.RaftServerImpl (ServerState.java:setRaftConf(361)) - 4b2149b5-8294-4b9b-b83b-8846711ea886:group-86179953C971 set configuration 0: [30ea0b88-2c0f-4743-9b03-de090440f143:192.168.5.168:46829, 77d14904-365b-4fcf-9292-2b2cc1102ded:192.168.5.168:35765, 4b2149b5-8294-4b9b-b83b-8846711ea886:192.168.5.168:38330], old=null at 0
2019-07-13 20:46:53,744 INFO  impl.RaftServerImpl (ServerState.java:setRaftConf(361)) - 30ea0b88-2c0f-4743-9b03-de090440f143:group-86179953C971 set configuration 0: [30ea0b88-2c0f-4743-9b03-de090440f143:192.168.5.168:46829, 77d14904-365b-4fcf-9292-2b2cc1102ded:192.168.5.168:35765, 4b2149b5-8294-4b9b-b83b-8846711ea886:192.168.5.168:38330], old=null at 0
2019-07-13 20:46:53,744 INFO  segmented.SegmentedRaftLogWorker (SegmentedRaftLogWorker.java:startLogSegment(380)) - 4b2149b5-8294-4b9b-b83b-8846711ea886-SegmentedRaftLogWorker:Storage Directory /tmp/workdir/hadoop-ozone/integration-test/target/test-dir/MiniOzoneClusterImpl-25929c4b-dc84-4048-a268-3c62770bd446/datanode-3/data/ratis/072f166e-89e2-45a9-9d2b-86179953c971: Starting segment from index:0
2019-07-13 20:46:53,745 INFO  segmented.SegmentedRaftLogWorker (SegmentedRaftLogWorker.java:startLogSegment(380)) - 30ea0b88-2c0f-4743-9b03-de090440f143-SegmentedRaftLogWorker:Storage Directory /tmp/workdir/hadoop-ozone/integration-test/target/test-dir/MiniOzoneClusterImpl-25929c4b-dc84-4048-a268-3c62770bd446/datanode-4/data/ratis/072f166e-89e2-45a9-9d2b-86179953c971: Starting segment from index:0
2019-07-13 20:46:53,766 INFO  segmented.SegmentedRaftLogWorker (SegmentedRaftLogWorker.java:execute(569)) - 30ea0b88-2c0f-4743-9b03-de090440f143-SegmentedRaftLogWorker:Storage Directory /tmp/workdir/hadoop-ozone/integration-test/target/test-dir/MiniOzoneClusterImpl-25929c4b-dc84-4048-a268-3c62770bd446/datanode-4/data/ratis/072f166e-89e2-45a9-9d2b-86179953c971: created new log segment /tmp/workdir/hadoop-ozone/integration-test/target/test-dir/MiniOzoneClusterImpl-25929c4b-dc84-4048-a268-3c62770bd446/datanode-4/data/ratis/072f166e-89e2-45a9-9d2b-86179953c971/current/log_inprogress_0
2019-07-13 20:46:53,766 INFO  segmented.SegmentedRaftLogWorker (SegmentedRaftLogWorker.java:execute(569)) - 4b2149b5-8294-4b9b-b83b-8846711ea886-SegmentedRaftLogWorker:Storage Directory /tmp/workdir/hadoop-ozone/integration-test/target/test-dir/MiniOzoneClusterImpl-25929c4b-dc84-4048-a268-3c62770bd446/datanode-3/data/ratis/072f166e-89e2-45a9-9d2b-86179953c971: created new log segment /tmp/workdir/hadoop-ozone/integration-test/target/test-dir/MiniOzoneClusterImpl-25929c4b-dc84-4048-a268-3c62770bd446/datanode-3/data/ratis/072f166e-89e2-45a9-9d2b-86179953c971/current/log_inprogress_0
2019-07-13 20:46:53,920 INFO  client.GrpcClientProtocolClient (GrpcClientProtocolClient.java:onNext(255)) - client-20505361397C->a821c51a-654e-405d-8a70-0a883c22ff18: receive RaftClientReply:client-20505361397C->a821c51a-654e-405d-8a70-0a883c22ff18@group-B2C037D04B0B, cid=37, SUCCESS, logIndex=1, commits[a821c51a-654e-405d-8a70-0a883c22ff18:c2, ab218066-181d-46b2-9ec7-7fa1ad867f1c:c1, 4f108adb-2142-4e92-bf39-b48875c9ade4:c1]
2019-07-13 20:46:53,921 INFO  datanode.ObjectStoreHandler (ObjectStoreHandler.java:close(155)) - Closing ObjectStoreHandler.
2019-07-13 20:46:53,923 INFO  ozone.HddsDatanodeService (HddsDatanodeService.java:stop(452)) - Stopped plug-in org.apache.hadoop.ozone.web.OzoneHddsDatanodeService@1c2dd89b
2019-07-13 20:46:53,929 INFO  statemachine.DatanodeStateMachine (DatanodeStateMachine.java:lambda$startDaemon$0(350)) - Ozone container server started.
2019-07-13 20:46:58,925 INFO  ozoneimpl.OzoneContainer (OzoneContainer.java:stop(199)) - Attempting to stop container services.
2019-07-13 20:46:58,926 INFO  impl.RaftServerProxy (RaftServerProxy.java:lambda$close$4(314)) - ab218066-181d-46b2-9ec7-7fa1ad867f1c: close
2019-07-13 20:46:58,929 INFO  impl.RaftServerImpl (RaftServerImpl.java:lambda$shutdown$3(245)) - ab218066-181d-46b2-9ec7-7fa1ad867f1c: shutdown group-166287179F9F
2019-07-13 20:46:58,929 INFO  impl.RaftServerImpl (RaftServerImpl.java:lambda$shutdown$3(245)) - ab218066-181d-46b2-9ec7-7fa1ad867f1c: shutdown group-B2C037D04B0B
2019-07-13 20:46:58,929 INFO  util.JmxRegister (JmxRegister.java:unregister(73)) - Successfully un-registered JMX Bean with object name Ratis:service=RaftServer,group=group-166287179F9F,id=ab218066-181d-46b2-9ec7-7fa1ad867f1c
2019-07-13 20:46:58,929 INFO  util.JmxRegister (JmxRegister.java:unregister(73)) - Successfully un-registered JMX Bean with object name Ratis:service=RaftServer,group=group-B2C037D04B0B,id=ab218066-181d-46b2-9ec7-7fa1ad867f1c
2019-07-13 20:46:58,930 INFO  impl.RoleInfo (RoleInfo.java:shutdownLeaderState(104)) - ab218066-181d-46b2-9ec7-7fa1ad867f1c: shutdown LeaderState
2019-07-13 20:46:58,930 INFO  impl.RoleInfo (RoleInfo.java:shutdownFollowerState(121)) - ab218066-181d-46b2-9ec7-7fa1ad867f1c: shutdown FollowerState
2019-07-13 20:46:58,931 INFO  impl.StateMachineUpdater (StateMachineUpdater.java:stopAndJoin(115)) - StateMachineUpdater:ab218066-181d-46b2-9ec7-7fa1ad867f1c:group-B2C037D04B0B: set stopIndex = 2
2019-07-13 20:46:58,931 INFO  impl.FollowerState (FollowerState.java:run(114)) - ab218066-181d-46b2-9ec7-7fa1ad867f1c: FollowerState was interrupted: java.lang.InterruptedException: sleep interrupted
2019-07-13 20:46:58,931 INFO  ratis.ContainerStateMachine (ContainerStateMachine.java:takeSnapshot(246)) - Taking snapshot at termIndex:(t:1, i:1)
2019-07-13 20:46:58,940 INFO  impl.PendingRequests (PendingRequests.java:sendNotLeaderResponses(202)) - ab218066-181d-46b2-9ec7-7fa1ad867f1c-PendingRequests: sendNotLeaderResponses
2019-07-13 20:46:58,940 INFO  ratis.ContainerStateMachine (ContainerStateMachine.java:takeSnapshot(250)) - Taking a snapshot to file /tmp/workdir/hadoop-ozone/integration-test/target/test-dir/MiniOzoneClusterImpl-25929c4b-dc84-4048-a268-3c62770bd446/datanode-0/data/ratis/f1d461e3-9ff2-4503-a335-b2c037d04b0b/sm/snapshot.1_1
2019-07-13 20:46:58,947 INFO  ratis.ContainerStateMachine (ContainerStateMachine.java:takeSnapshot(246)) - Taking snapshot at termIndex:(t:0, i:~)
2019-07-13 20:46:58,943 INFO  impl.StateMachineUpdater (StateMachineUpdater.java:stopAndJoin(115)) - StateMachineUpdater:ab218066-181d-46b2-9ec7-7fa1ad867f1c:group-166287179F9F: set stopIndex = 0
2019-07-13 20:46:58,952 INFO  impl.RaftServerImpl (ServerState.java:close(394)) - ab218066-181d-46b2-9ec7-7fa1ad867f1c:group-166287179F9F closes. The last applied log index is 0
2019-07-13 20:46:58,954 INFO  segmented.SegmentedRaftLogWorker (SegmentedRaftLogWorker.java:run(313)) - ab218066-181d-46b2-9ec7-7fa1ad867f1c-SegmentedRaftLogWorker:Storage Directory /tmp/workdir/hadoop-ozone/integration-test/target/test-dir/MiniOzoneClusterImpl-25929c4b-dc84-4048-a268-3c62770bd446/datanode-0/data/ratis/395ead10-c8b1-4051-83a4-166287179f9f was interrupted, exiting. There are 0 tasks remaining in the queue.
2019-07-13 20:46:58,959 INFO  segmented.SegmentedRaftLogWorker (SegmentedRaftLogWorker.java:close(228)) - ab218066-181d-46b2-9ec7-7fa1ad867f1c-SegmentedRaftLogWorker:Storage Directory /tmp/workdir/hadoop-ozone/integration-test/target/test-dir/MiniOzoneClusterImpl-25929c4b-dc84-4048-a268-3c62770bd446/datanode-0/data/ratis/395ead10-c8b1-4051-83a4-166287179f9f close()
2019-07-13 20:46:58,974 INFO  impl.StateMachineUpdater (StateMachineUpdater.java:takeSnapshot(242)) - StateMachineUpdater:ab218066-181d-46b2-9ec7-7fa1ad867f1c:group-B2C037D04B0B: Took a snapshot at index 1
2019-07-13 20:46:58,974 INFO  impl.StateMachineUpdater (StateMachineUpdater.java:lambda$new$0(80)) - StateMachineUpdater:ab218066-181d-46b2-9ec7-7fa1ad867f1c:group-B2C037D04B0B: snapshotIndex: updateIncreasingly -1 -> 1
2019-07-13 20:46:58,979 INFO  impl.RaftServerImpl (ServerState.java:close(394)) - ab218066-181d-46b2-9ec7-7fa1ad867f1c:group-B2C037D04B0B closes. The last applied log index is 2
2019-07-13 20:46:58,980 INFO  segmented.SegmentedRaftLogWorker (SegmentedRaftLogWorker.java:run(313)) - ab218066-181d-46b2-9ec7-7fa1ad867f1c-SegmentedRaftLogWorker:Storage Directory /tmp/workdir/hadoop-ozone/integration-test/target/test-dir/MiniOzoneClusterImpl-25929c4b-dc84-4048-a268-3c62770bd446/datanode-0/data/ratis/f1d461e3-9ff2-4503-a335-b2c037d04b0b was interrupted, exiting. There are 0 tasks remaining in the queue.
2019-07-13 20:46:58,984 INFO  segmented.SegmentedRaftLogWorker (SegmentedRaftLogWorker.java:close(228)) - ab218066-181d-46b2-9ec7-7fa1ad867f1c-SegmentedRaftLogWorker:Storage Directory /tmp/workdir/hadoop-ozone/integration-test/target/test-dir/MiniOzoneClusterImpl-25929c4b-dc84-4048-a268-3c62770bd446/datanode-0/data/ratis/f1d461e3-9ff2-4503-a335-b2c037d04b0b close()
2019-07-13 20:46:58,992 INFO  server.GrpcService (GrpcService.java:closeImpl(155)) - ab218066-181d-46b2-9ec7-7fa1ad867f1c: shutdown server with port 37882 now
2019-07-13 20:46:58,998 INFO  server.GrpcService (GrpcService.java:closeImpl(163)) - ab218066-181d-46b2-9ec7-7fa1ad867f1c: shutdown server with port 37882 successfully
2019-07-13 20:46:58,998 WARN  server.GrpcServerProtocolService (LogUtils.java:warn(134)) - ab218066-181d-46b2-9ec7-7fa1ad867f1c: appendEntries onError: org.apache.ratis.thirdparty.io.grpc.StatusRuntimeException: CANCELLED: cancelled before receiving half close
2019-07-13 20:46:59,000 WARN  server.GrpcLogAppender (LogUtils.java:warn(134)) - a821c51a-654e-405d-8a70-0a883c22ff18->ab218066-181d-46b2-9ec7-7fa1ad867f1c: Failed appendEntries: org.apache.ratis.thirdparty.io.grpc.StatusRuntimeException: CANCELLED: HTTP/2 error code: CANCEL
Received Rst Stream
2019-07-13 20:46:59,006 INFO  utils.BackgroundService (BackgroundService.java:shutdown(148)) - Shutting down service BlockDeletingService
2019-07-13 20:46:59,007 INFO  impl.FollowerInfo (FollowerInfo.java:lambda$new$0(50)) - a821c51a-654e-405d-8a70-0a883c22ff18->ab218066-181d-46b2-9ec7-7fa1ad867f1c: nextIndex: updateUnconditionally 3 -> 2
2019-07-13 20:46:59,010 WARN  fs.CachingGetSpaceUsed (CachingGetSpaceUsed.java:run(183)) - Thread Interrupted waiting to refresh disk information: sleep interrupted
2019-07-13 20:46:59,047 INFO  statemachine.DatanodeStateMachine (DatanodeStateMachine.java:stopDaemon(395)) - Ozone container server stopped.
2019-07-13 20:46:59,069 INFO  handler.ContextHandler (ContextHandler.java:doStop(910)) - Stopped o.e.j.w.WebAppContext@738a815c{/,null,UNAVAILABLE}{/hddsDatanode}
2019-07-13 20:46:59,078 INFO  server.AbstractConnector (AbstractConnector.java:doStop(318)) - Stopped ServerConnector@2565a7d0{HTTP/1.1,[http/1.1]}{0.0.0.0:0}
2019-07-13 20:46:59,078 INFO  handler.ContextHandler (ContextHandler.java:doStop(910)) - Stopped o.e.j.s.ServletContextHandler@286866cb{/static,jar:file:/home/user/.m2/repository/org/apache/hadoop/hadoop-hdds-container-service/0.5.0-SNAPSHOT/hadoop-hdds-container-service-0.5.0-SNAPSHOT.jar!/webapps/static,UNAVAILABLE}
2019-07-13 20:46:59,079 INFO  handler.ContextHandler (ContextHandler.java:doStop(910)) - Stopped o.e.j.s.ServletContextHandler@7e848aea{/logs,file:///tmp/workdir/hadoop-ozone/integration-test/target/log,UNAVAILABLE}
2019-07-13 20:46:59,081 INFO  datanode.ObjectStoreHandler (ObjectStoreHandler.java:close(155)) - Closing ObjectStoreHandler.
2019-07-13 20:46:59,081 INFO  ozone.HddsDatanodeService (HddsDatanodeService.java:stop(452)) - Stopped plug-in org.apache.hadoop.ozone.web.OzoneHddsDatanodeService@52f43225
2019-07-13 20:46:59,931 INFO  statemachine.DatanodeStateMachine (DatanodeStateMachine.java:lambda$startDaemon$0(350)) - Ozone container server started.
2019-07-13 20:47:01,377 WARN  server.GrpcLogAppender (LogUtils.java:warn(134)) - a821c51a-654e-405d-8a70-0a883c22ff18->ab218066-181d-46b2-9ec7-7fa1ad867f1c: Failed appendEntries: org.apache.ratis.thirdparty.io.grpc.StatusRuntimeException: UNAVAILABLE: io exception
2019-07-13 20:47:01,384 INFO  impl.FollowerInfo (FollowerInfo.java:lambda$new$0(50)) - a821c51a-654e-405d-8a70-0a883c22ff18->ab218066-181d-46b2-9ec7-7fa1ad867f1c: nextIndex: updateUnconditionally 2 -> 1
2019-07-13 20:47:03,871 WARN  server.GrpcLogAppender (LogUtils.java:warn(134)) - a821c51a-654e-405d-8a70-0a883c22ff18->ab218066-181d-46b2-9ec7-7fa1ad867f1c: Failed appendEntries: org.apache.ratis.thirdparty.io.grpc.StatusRuntimeException: UNAVAILABLE: io exception
2019-07-13 20:47:03,886 INFO  impl.FollowerInfo (FollowerInfo.java:lambda$new$0(50)) - a821c51a-654e-405d-8a70-0a883c22ff18->ab218066-181d-46b2-9ec7-7fa1ad867f1c: nextIndex: updateUnconditionally 1 -> 0
2019-07-13 20:47:04,082 INFO  ozoneimpl.OzoneContainer (OzoneContainer.java:stop(199)) - Attempting to stop container services.
2019-07-13 20:47:04,083 INFO  impl.RaftServerProxy (RaftServerProxy.java:lambda$close$4(314)) - 4f108adb-2142-4e92-bf39-b48875c9ade4: close
2019-07-13 20:47:04,083 INFO  impl.RaftServerImpl (RaftServerImpl.java:lambda$shutdown$3(245)) - 4f108adb-2142-4e92-bf39-b48875c9ade4: shutdown group-B2C037D04B0B
2019-07-13 20:47:04,084 INFO  util.JmxRegister (JmxRegister.java:unregister(73)) - Successfully un-registered JMX Bean with object name Ratis:service=RaftServer,group=group-B2C037D04B0B,id=4f108adb-2142-4e92-bf39-b48875c9ade4
2019-07-13 20:47:04,084 INFO  impl.RoleInfo (RoleInfo.java:shutdownFollowerState(121)) - 4f108adb-2142-4e92-bf39-b48875c9ade4: shutdown FollowerState
2019-07-13 20:47:04,085 INFO  impl.StateMachineUpdater (StateMachineUpdater.java:stopAndJoin(115)) - StateMachineUpdater:4f108adb-2142-4e92-bf39-b48875c9ade4:group-B2C037D04B0B: set stopIndex = 2
2019-07-13 20:47:04,085 INFO  ratis.ContainerStateMachine (ContainerStateMachine.java:takeSnapshot(246)) - Taking snapshot at termIndex:(t:1, i:1)
2019-07-13 20:47:04,092 INFO  ratis.ContainerStateMachine (ContainerStateMachine.java:takeSnapshot(250)) - Taking a snapshot to file /tmp/workdir/hadoop-ozone/integration-test/target/test-dir/MiniOzoneClusterImpl-25929c4b-dc84-4048-a268-3c62770bd446/datanode-2/data/ratis/f1d461e3-9ff2-4503-a335-b2c037d04b0b/sm/snapshot.1_1
2019-07-13 20:47:04,085 INFO  impl.FollowerState (FollowerState.java:run(114)) - 4f108adb-2142-4e92-bf39-b48875c9ade4: FollowerState was interrupted: java.lang.InterruptedException: sleep interrupted
2019-07-13 20:47:04,097 INFO  impl.StateMachineUpdater (StateMachineUpdater.java:takeSnapshot(242)) - StateMachineUpdater:4f108adb-2142-4e92-bf39-b48875c9ade4:group-B2C037D04B0B: Took a snapshot at index 1
2019-07-13 20:47:04,097 INFO  impl.StateMachineUpdater (StateMachineUpdater.java:lambda$new$0(80)) - StateMachineUpdater:4f108adb-2142-4e92-bf39-b48875c9ade4:group-B2C037D04B0B: snapshotIndex: updateIncreasingly -1 -> 1
2019-07-13 20:47:04,097 INFO  impl.RaftServerImpl (ServerState.java:close(394)) - 4f108adb-2142-4e92-bf39-b48875c9ade4:group-B2C037D04B0B closes. The last applied log index is 2
2019-07-13 20:47:04,098 INFO  segmented.SegmentedRaftLogWorker (SegmentedRaftLogWorker.java:run(313)) - 4f108adb-2142-4e92-bf39-b48875c9ade4-SegmentedRaftLogWorker:Storage Directory /tmp/workdir/hadoop-ozone/integration-test/target/test-dir/MiniOzoneClusterImpl-25929c4b-dc84-4048-a268-3c62770bd446/datanode-2/data/ratis/f1d461e3-9ff2-4503-a335-b2c037d04b0b was interrupted, exiting. There are 0 tasks remaining in the queue.
2019-07-13 20:47:04,104 INFO  segmented.SegmentedRaftLogWorker (SegmentedRaftLogWorker.java:close(228)) - 4f108adb-2142-4e92-bf39-b48875c9ade4-SegmentedRaftLogWorker:Storage Directory /tmp/workdir/hadoop-ozone/integration-test/target/test-dir/MiniOzoneClusterImpl-25929c4b-dc84-4048-a268-3c62770bd446/datanode-2/data/ratis/f1d461e3-9ff2-4503-a335-b2c037d04b0b close()
2019-07-13 20:47:04,112 INFO  impl.RaftServerImpl (RaftServerImpl.java:lambda$shutdown$3(245)) - 4f108adb-2142-4e92-bf39-b48875c9ade4: shutdown group-6E96967964C6
2019-07-13 20:47:04,112 INFO  util.JmxRegister (JmxRegister.java:unregister(73)) - Successfully un-registered JMX Bean with object name Ratis:service=RaftServer,group=group-6E96967964C6,id=4f108adb-2142-4e92-bf39-b48875c9ade4
2019-07-13 20:47:04,113 INFO  impl.RoleInfo (RoleInfo.java:shutdownLeaderState(104)) - 4f108adb-2142-4e92-bf39-b48875c9ade4: shutdown LeaderState
2019-07-13 20:47:04,113 INFO  impl.PendingRequests (PendingRequests.java:sendNotLeaderResponses(202)) - 4f108adb-2142-4e92-bf39-b48875c9ade4-PendingRequests: sendNotLeaderResponses
2019-07-13 20:47:04,114 INFO  impl.StateMachineUpdater (StateMachineUpdater.java:stopAndJoin(115)) - StateMachineUpdater:4f108adb-2142-4e92-bf39-b48875c9ade4:group-6E96967964C6: set stopIndex = 0
2019-07-13 20:47:04,114 INFO  ratis.ContainerStateMachine (ContainerStateMachine.java:takeSnapshot(246)) - Taking snapshot at termIndex:(t:0, i:~)
2019-07-13 20:47:04,118 INFO  impl.RaftServerImpl (ServerState.java:close(394)) - 4f108adb-2142-4e92-bf39-b48875c9ade4:group-6E96967964C6 closes. The last applied log index is 0
2019-07-13 20:47:04,119 INFO  segmented.SegmentedRaftLogWorker (SegmentedRaftLogWorker.java:run(313)) - 4f108adb-2142-4e92-bf39-b48875c9ade4-SegmentedRaftLogWorker:Storage Directory /tmp/workdir/hadoop-ozone/integration-test/target/test-dir/MiniOzoneClusterImpl-25929c4b-dc84-4048-a268-3c62770bd446/datanode-2/data/ratis/71a6a92d-6dfd-42a0-b733-6e96967964c6 was interrupted, exiting. There are 0 tasks remaining in the queue.
2019-07-13 20:47:04,122 INFO  segmented.SegmentedRaftLogWorker (SegmentedRaftLogWorker.java:close(228)) - 4f108adb-2142-4e92-bf39-b48875c9ade4-SegmentedRaftLogWorker:Storage Directory /tmp/workdir/hadoop-ozone/integration-test/target/test-dir/MiniOzoneClusterImpl-25929c4b-dc84-4048-a268-3c62770bd446/datanode-2/data/ratis/71a6a92d-6dfd-42a0-b733-6e96967964c6 close()
2019-07-13 20:47:04,130 INFO  server.GrpcService (GrpcService.java:closeImpl(155)) - 4f108adb-2142-4e92-bf39-b48875c9ade4: shutdown server with port 34836 now
2019-07-13 20:47:04,131 WARN  server.GrpcServerProtocolService (LogUtils.java:warn(134)) - 4f108adb-2142-4e92-bf39-b48875c9ade4: appendEntries onError: org.apache.ratis.thirdparty.io.grpc.StatusRuntimeException: CANCELLED: cancelled before receiving half close
2019-07-13 20:47:04,132 INFO  server.GrpcService (GrpcService.java:closeImpl(163)) - 4f108adb-2142-4e92-bf39-b48875c9ade4: shutdown server with port 34836 successfully
2019-07-13 20:47:04,132 WARN  server.GrpcLogAppender (LogUtils.java:warn(134)) - a821c51a-654e-405d-8a70-0a883c22ff18->4f108adb-2142-4e92-bf39-b48875c9ade4: Failed appendEntries: org.apache.ratis.thirdparty.io.grpc.StatusRuntimeException: CANCELLED: HTTP/2 error code: CANCEL
Received Rst Stream
2019-07-13 20:47:04,136 INFO  impl.FollowerInfo (FollowerInfo.java:lambda$new$0(50)) - a821c51a-654e-405d-8a70-0a883c22ff18->4f108adb-2142-4e92-bf39-b48875c9ade4: nextIndex: updateUnconditionally 3 -> 2
2019-07-13 20:47:04,137 INFO  utils.BackgroundService (BackgroundService.java:shutdown(148)) - Shutting down service BlockDeletingService
2019-07-13 20:47:04,139 WARN  fs.CachingGetSpaceUsed (CachingGetSpaceUsed.java:run(183)) - Thread Interrupted waiting to refresh disk information: sleep interrupted
2019-07-13 20:47:04,163 INFO  statemachine.DatanodeStateMachine (DatanodeStateMachine.java:stopDaemon(395)) - Ozone container server stopped.
2019-07-13 20:47:04,176 INFO  handler.ContextHandler (ContextHandler.java:doStop(910)) - Stopped o.e.j.w.WebAppContext@8ac512e{/,null,UNAVAILABLE}{/hddsDatanode}
2019-07-13 20:47:04,177 INFO  server.AbstractConnector (AbstractConnector.java:doStop(318)) - Stopped ServerConnector@4bbc21bd{HTTP/1.1,[http/1.1]}{0.0.0.0:0}
2019-07-13 20:47:04,178 INFO  handler.ContextHandler (ContextHandler.java:doStop(910)) - Stopped o.e.j.s.ServletContextHandler@74fc3fc7{/static,jar:file:/home/user/.m2/repository/org/apache/hadoop/hadoop-hdds-container-service/0.5.0-SNAPSHOT/hadoop-hdds-container-service-0.5.0-SNAPSHOT.jar!/webapps/static,UNAVAILABLE}
2019-07-13 20:47:04,178 INFO  handler.ContextHandler (ContextHandler.java:doStop(910)) - Stopped o.e.j.s.ServletContextHandler@1eb906f3{/logs,file:///tmp/workdir/hadoop-ozone/integration-test/target/log,UNAVAILABLE}
2019-07-13 20:47:04,208 INFO  client.GrpcClientProtocolClient (GrpcClientProtocolClient.java:onNext(255)) - client-20505361397C->a821c51a-654e-405d-8a70-0a883c22ff18: receive RaftClientReply:client-20505361397C->a821c51a-654e-405d-8a70-0a883c22ff18@group-B2C037D04B0B, cid=38, SUCCESS, logIndex=0, commits[a821c51a-654e-405d-8a70-0a883c22ff18:c2, ab218066-181d-46b2-9ec7-7fa1ad867f1c:c2, 4f108adb-2142-4e92-bf39-b48875c9ade4:c2]
]]></system-out>
    <system-err><![CDATA[Jul 13, 2019 8:46:43 PM com.sun.jersey.server.impl.application.WebApplicationImpl _initiate
INFO: Initiating Jersey application, version 'Jersey: 1.19 02/11/2015 03:25 AM'
Jul 13, 2019 8:46:43 PM com.sun.jersey.server.impl.application.WebApplicationImpl _initiate
INFO: Initiating Jersey application, version 'Jersey: 1.19 02/11/2015 03:25 AM'
Jul 13, 2019 8:46:43 PM com.sun.jersey.server.impl.application.WebApplicationImpl _initiate
INFO: Initiating Jersey application, version 'Jersey: 1.19 02/11/2015 03:25 AM'
Jul 13, 2019 8:46:43 PM com.sun.jersey.server.impl.application.WebApplicationImpl _initiate
INFO: Initiating Jersey application, version 'Jersey: 1.19 02/11/2015 03:25 AM'
Jul 13, 2019 8:46:44 PM com.sun.jersey.server.impl.application.WebApplicationImpl _initiate
INFO: Initiating Jersey application, version 'Jersey: 1.19 02/11/2015 03:25 AM'
Jul 13, 2019 8:46:44 PM com.sun.jersey.server.impl.application.WebApplicationImpl _initiate
INFO: Initiating Jersey application, version 'Jersey: 1.19 02/11/2015 03:25 AM'
Jul 13, 2019 8:46:44 PM com.sun.jersey.server.impl.application.WebApplicationImpl _initiate
INFO: Initiating Jersey application, version 'Jersey: 1.19 02/11/2015 03:25 AM'
]]></system-err>
  </testcase>
  <testcase name="testWatchForCommitForRetryfailure" classname="org.apache.hadoop.ozone.client.rpc.TestWatchForCommit" time="22.078">
    <failure message="expected exception not thrown" type="java.lang.AssertionError">java.lang.AssertionError: expected exception not thrown
	at org.junit.Assert.fail(Assert.java:88)
	at org.apache.hadoop.ozone.client.rpc.TestWatchForCommit.testWatchForCommitForRetryfailure(TestWatchForCommit.java:348)
	at sun.reflect.NativeMethodAccessorImpl.invoke0(Native Method)
	at sun.reflect.NativeMethodAccessorImpl.invoke(NativeMethodAccessorImpl.java:62)
	at sun.reflect.DelegatingMethodAccessorImpl.invoke(DelegatingMethodAccessorImpl.java:43)
	at java.lang.reflect.Method.invoke(Method.java:498)
	at org.junit.runners.model.FrameworkMethod$1.runReflectiveCall(FrameworkMethod.java:47)
	at org.junit.internal.runners.model.ReflectiveCallable.run(ReflectiveCallable.java:12)
	at org.junit.runners.model.FrameworkMethod.invokeExplosively(FrameworkMethod.java:44)
	at org.junit.internal.runners.statements.InvokeMethod.evaluate(InvokeMethod.java:17)
	at org.junit.runners.ParentRunner.runLeaf(ParentRunner.java:271)
	at org.junit.runners.BlockJUnit4ClassRunner.runChild(BlockJUnit4ClassRunner.java:70)
	at org.junit.runners.BlockJUnit4ClassRunner.runChild(BlockJUnit4ClassRunner.java:50)
	at org.junit.runners.ParentRunner$3.run(ParentRunner.java:238)
	at org.junit.runners.ParentRunner$1.schedule(ParentRunner.java:63)
	at org.junit.runners.ParentRunner.runChildren(ParentRunner.java:236)
	at org.junit.runners.ParentRunner.access$000(ParentRunner.java:53)
	at org.junit.runners.ParentRunner$2.evaluate(ParentRunner.java:229)
	at org.junit.runners.ParentRunner.run(ParentRunner.java:309)
	at org.apache.maven.surefire.junit4.JUnit4Provider.execute(JUnit4Provider.java:365)
	at org.apache.maven.surefire.junit4.JUnit4Provider.executeWithRerun(JUnit4Provider.java:273)
	at org.apache.maven.surefire.junit4.JUnit4Provider.executeTestSet(JUnit4Provider.java:238)
	at org.apache.maven.surefire.junit4.JUnit4Provider.invoke(JUnit4Provider.java:159)
	at org.apache.maven.surefire.booter.ForkedBooter.invokeProviderInSameClassLoader(ForkedBooter.java:384)
	at org.apache.maven.surefire.booter.ForkedBooter.runSuitesInProcess(ForkedBooter.java:345)
	at org.apache.maven.surefire.booter.ForkedBooter.execute(ForkedBooter.java:126)
	at org.apache.maven.surefire.booter.ForkedBooter.main(ForkedBooter.java:418)
</failure>
    <system-out><![CDATA[2019-07-13 20:47:04,234 WARN  server.ServerUtils (ServerUtils.java:getScmDbDir(145)) - ozone.scm.db.dirs is not configured. We recommend adding this setting. Falling back to ozone.metadata.dirs instead.
2019-07-13 20:47:04,263 WARN  server.ServerUtils (ServerUtils.java:getScmDbDir(145)) - ozone.scm.db.dirs is not configured. We recommend adding this setting. Falling back to ozone.metadata.dirs instead.
2019-07-13 20:47:04,263 WARN  server.ServerUtils (ServerUtils.java:getScmDbDir(145)) - ozone.scm.db.dirs is not configured. We recommend adding this setting. Falling back to ozone.metadata.dirs instead.
2019-07-13 20:47:04,264 INFO  db.DBStoreBuilder (DBStoreBuilder.java:addTable(110)) - using custom profile for table: deletedBlocks
2019-07-13 20:47:04,264 INFO  db.DBStoreBuilder (DBStoreBuilder.java:processTables(161)) - Using default column profile:DBProfile.DISK for Table:deletedBlocks
2019-07-13 20:47:04,265 INFO  db.DBStoreBuilder (DBStoreBuilder.java:addTable(110)) - using custom profile for table: validCerts
2019-07-13 20:47:04,265 INFO  db.DBStoreBuilder (DBStoreBuilder.java:processTables(161)) - Using default column profile:DBProfile.DISK for Table:validCerts
2019-07-13 20:47:04,265 INFO  db.DBStoreBuilder (DBStoreBuilder.java:addTable(110)) - using custom profile for table: revokedCerts
2019-07-13 20:47:04,265 INFO  db.DBStoreBuilder (DBStoreBuilder.java:processTables(161)) - Using default column profile:DBProfile.DISK for Table:revokedCerts
2019-07-13 20:47:04,266 INFO  db.DBStoreBuilder (DBStoreBuilder.java:addTable(110)) - using custom profile for table: default
2019-07-13 20:47:04,266 INFO  db.DBStoreBuilder (DBStoreBuilder.java:processTables(167)) - Using default column profile:DBProfile.DISK for Table:default
2019-07-13 20:47:04,266 INFO  db.DBStoreBuilder (DBStoreBuilder.java:getDbProfile(198)) - Using default options. DBProfile.DISK
2019-07-13 20:47:04,403 INFO  net.NodeSchemaLoader (NodeSchemaLoader.java:loadSchemaFromFile(125)) - Loading file from sun.misc.CompoundEnumeration@6cfd08e9
2019-07-13 20:47:04,404 INFO  net.NodeSchemaLoader (NodeSchemaLoader.java:loadSchema(171)) - Loading network topology layer schema file
2019-07-13 20:47:04,410 WARN  server.ServerUtils (ServerUtils.java:sanitizeUserArgs(70)) - ozone.scm.stale.node.interval value = 300000 is larger than max = 100000 based on the key value of ozone.scm.heartbeat.thread.interval, reset to the max value 100000.
2019-07-13 20:47:04,410 WARN  server.ServerUtils (ServerUtils.java:sanitizeUserArgs(70)) - ozone.scm.stale.node.interval value = 300000 is larger than max = 100000 based on the key value of ozone.scm.heartbeat.thread.interval, reset to the max value 100000.
2019-07-13 20:47:04,411 INFO  node.SCMNodeManager (SCMNodeManager.java:<init>(119)) - Entering startup safe mode.
2019-07-13 20:47:04,412 WARN  server.ServerUtils (ServerUtils.java:getScmDbDir(145)) - ozone.scm.db.dirs is not configured. We recommend adding this setting. Falling back to ozone.metadata.dirs instead.
2019-07-13 20:47:04,438 INFO  pipeline.SCMPipelineManager (SCMPipelineManager.java:initializePipelineState(126)) - No pipeline exists in current db
2019-07-13 20:47:04,438 WARN  server.ServerUtils (ServerUtils.java:getScmDbDir(145)) - ozone.scm.db.dirs is not configured. We recommend adding this setting. Falling back to ozone.metadata.dirs instead.
2019-07-13 20:47:04,466 WARN  events.EventQueue (EventQueue.java:fireEvent(175)) - No event handler registered for event TypedEvent{payloadType=SafeModeStatus, name='SafeModeStatus'}
2019-07-13 20:47:04,469 INFO  ipc.CallQueueManager (CallQueueManager.java:<init>(84)) - Using callQueue: class java.util.concurrent.LinkedBlockingQueue, queueCapacity: 2000, scheduler: class org.apache.hadoop.ipc.DefaultRpcScheduler, ipcBackoff: false.
2019-07-13 20:47:04,470 INFO  ipc.Server (Server.java:run(1074)) - Starting Socket Reader #1 for port 38922
2019-07-13 20:47:04,479 INFO  ipc.CallQueueManager (CallQueueManager.java:<init>(84)) - Using callQueue: class java.util.concurrent.LinkedBlockingQueue, queueCapacity: 2000, scheduler: class org.apache.hadoop.ipc.DefaultRpcScheduler, ipcBackoff: false.
2019-07-13 20:47:04,480 INFO  ipc.Server (Server.java:run(1074)) - Starting Socket Reader #1 for port 35139
2019-07-13 20:47:04,486 INFO  ipc.CallQueueManager (CallQueueManager.java:<init>(84)) - Using callQueue: class java.util.concurrent.LinkedBlockingQueue, queueCapacity: 2000, scheduler: class org.apache.hadoop.ipc.DefaultRpcScheduler, ipcBackoff: false.
2019-07-13 20:47:04,487 INFO  ipc.Server (Server.java:run(1074)) - Starting Socket Reader #1 for port 38106
2019-07-13 20:47:04,495 INFO  hdfs.DFSUtil (DFSUtil.java:httpServerTemplateForNNAndJN(1641)) - Starting Web-server for scm at: http://0.0.0.0:0
2019-07-13 20:47:04,498 INFO  server.AuthenticationFilter (AuthenticationFilter.java:constructSecretProvider(240)) - Unable to initialize FileSignerSecretProvider, falling back to use random secrets.
2019-07-13 20:47:04,499 WARN  http.HttpRequestLog (HttpRequestLog.java:getRequestLog(97)) - Jetty request log can only be enabled using Log4j
2019-07-13 20:47:04,502 INFO  http.HttpServer2 (HttpServer2.java:addGlobalFilter(975)) - Added global filter 'safety' (class=org.apache.hadoop.http.HttpServer2$QuotingInputFilter)
2019-07-13 20:47:04,503 INFO  http.HttpServer2 (HttpServer2.java:addFilter(948)) - Added filter static_user_filter (class=org.apache.hadoop.http.lib.StaticUserWebFilter$StaticUserFilter) to context scm
2019-07-13 20:47:04,503 INFO  http.HttpServer2 (HttpServer2.java:addFilter(958)) - Added filter static_user_filter (class=org.apache.hadoop.http.lib.StaticUserWebFilter$StaticUserFilter) to context logs
2019-07-13 20:47:04,504 INFO  http.HttpServer2 (HttpServer2.java:addFilter(958)) - Added filter static_user_filter (class=org.apache.hadoop.http.lib.StaticUserWebFilter$StaticUserFilter) to context static
2019-07-13 20:47:04,513 INFO  server.StorageContainerManager (StorageContainerManager.java:start(759)) - StorageContainerLocationProtocol RPC server is listening at /0.0.0.0:38106
2019-07-13 20:47:04,513 INFO  impl.MetricsSystemImpl (MetricsSystemImpl.java:init(158)) - StorageContainerManager metrics system started (again)
2019-07-13 20:47:04,513 INFO  server.SCMClientProtocolServer (SCMClientProtocolServer.java:start(149)) - RPC server for Client  is listening at /0.0.0.0:38106
2019-07-13 20:47:04,514 INFO  ipc.Server (Server.java:run(1314)) - IPC Server Responder: starting
2019-07-13 20:47:04,514 INFO  ipc.Server (Server.java:run(1153)) - IPC Server listener on 38106: starting
2019-07-13 20:47:04,529 INFO  server.StorageContainerManager (StorageContainerManager.java:start(768)) - ScmBlockLocationProtocol RPC server is listening at /0.0.0.0:35139
2019-07-13 20:47:04,529 INFO  server.SCMBlockProtocolServer (SCMBlockProtocolServer.java:start(140)) - RPC server for Block Protocol is listening at /0.0.0.0:35139
2019-07-13 20:47:04,529 INFO  ipc.Server (Server.java:run(1314)) - IPC Server Responder: starting
2019-07-13 20:47:04,529 INFO  ipc.Server (Server.java:run(1153)) - IPC Server listener on 35139: starting
2019-07-13 20:47:04,545 INFO  server.StorageContainerManager (StorageContainerManager.java:start(772)) - ScmDatanodeProtocl RPC server is listening at /0.0.0.0:38922
2019-07-13 20:47:04,545 INFO  server.SCMDatanodeProtocolServer (SCMDatanodeProtocolServer.java:start(191)) - RPC server for DataNodes is listening at /0.0.0.0:38922
2019-07-13 20:47:04,545 INFO  ipc.Server (Server.java:run(1314)) - IPC Server Responder: starting
2019-07-13 20:47:04,546 INFO  ipc.Server (Server.java:run(1153)) - IPC Server listener on 38922: starting
2019-07-13 20:47:04,561 INFO  http.HttpServer2 (HttpServer2.java:bindListener(1191)) - Jetty bound to port 45377
2019-07-13 20:47:04,561 INFO  server.Server (Server.java:doStart(351)) - jetty-9.3.24.v20180605, build timestamp: 2018-06-05T17:11:56Z, git hash: 84205aa28f11a4f31f2a3b86d1bba2cc8ab69827
2019-07-13 20:47:04,564 INFO  handler.ContextHandler (ContextHandler.java:doStart(781)) - Started o.e.j.s.ServletContextHandler@40d10264{/logs,file:///tmp/workdir/hadoop-ozone/integration-test/target/log,AVAILABLE}
2019-07-13 20:47:04,564 INFO  handler.ContextHandler (ContextHandler.java:doStart(781)) - Started o.e.j.s.ServletContextHandler@53918b5e{/static,file:///tmp/workdir/hadoop-ozone/integration-test/target/test-classes/webapps/static,AVAILABLE}
2019-07-13 20:47:04,575 INFO  handler.ContextHandler (ContextHandler.java:doStart(781)) - Started o.e.j.w.WebAppContext@b144175{/,file:///tmp/workdir/hadoop-ozone/integration-test/target/test-classes/webapps/scm/,AVAILABLE}{/scm}
2019-07-13 20:47:04,576 INFO  server.AbstractConnector (AbstractConnector.java:doStart(278)) - Started ServerConnector@38923cfe{HTTP/1.1,[http/1.1]}{0.0.0.0:45377}
2019-07-13 20:47:04,581 INFO  server.Server (Server.java:doStart(419)) - Started @39381ms
2019-07-13 20:47:04,582 INFO  server.BaseHttpServer (BaseHttpServer.java:updateConnectorAddress(207)) - HTTP server of SCM is listening at http://0.0.0.0:45377
2019-07-13 20:47:04,587 WARN  server.ServerUtils (ServerUtils.java:getDBPath(222)) - ozone.om.db.dirs is not configured. We recommend adding this setting. Falling back to ozone.metadata.dirs instead.
2019-07-13 20:47:04,587 INFO  util.JvmPauseMonitor (JvmPauseMonitor.java:run(188)) - Starting JVM pause monitor
2019-07-13 20:47:04,599 WARN  server.ServerUtils (ServerUtils.java:getDBPath(222)) - ozone.om.db.dirs is not configured. We recommend adding this setting. Falling back to ozone.metadata.dirs instead.
2019-07-13 20:47:04,599 INFO  om.OzoneManager (OzoneManager.java:setOMNodeDetails(630)) - OM Service ID is not set. Setting it to the default ID: omServiceIdDefault
2019-07-13 20:47:04,600 INFO  om.OzoneManager (OzoneManager.java:setOMNodeDetails(636)) - OM Node ID is not set. Setting it to the OmStorage's OmID: 9054b4ca-ccc5-4667-8071-9c8f174dbcbf
2019-07-13 20:47:04,600 INFO  om.OzoneManager (OzoneManager.java:loadOMHAConfigs(587)) - Found matching OM address with OMServiceId: null, OMNodeId: null, RPC Address: localhost:0 and Ratis port: 9872
2019-07-13 20:47:04,624 WARN  server.ServerUtils (ServerUtils.java:getDBPath(222)) - ozone.om.db.dirs is not configured. We recommend adding this setting. Falling back to ozone.metadata.dirs instead.
2019-07-13 20:47:04,625 INFO  db.DBStoreBuilder (DBStoreBuilder.java:addTable(110)) - using custom profile for table: userTable
2019-07-13 20:47:04,625 INFO  db.DBStoreBuilder (DBStoreBuilder.java:processTables(161)) - Using default column profile:DBProfile.DISK for Table:userTable
2019-07-13 20:47:04,625 INFO  db.DBStoreBuilder (DBStoreBuilder.java:addTable(110)) - using custom profile for table: volumeTable
2019-07-13 20:47:04,626 INFO  db.DBStoreBuilder (DBStoreBuilder.java:processTables(161)) - Using default column profile:DBProfile.DISK for Table:volumeTable
2019-07-13 20:47:04,626 INFO  db.DBStoreBuilder (DBStoreBuilder.java:addTable(110)) - using custom profile for table: bucketTable
2019-07-13 20:47:04,626 INFO  db.DBStoreBuilder (DBStoreBuilder.java:processTables(161)) - Using default column profile:DBProfile.DISK for Table:bucketTable
2019-07-13 20:47:04,627 INFO  db.DBStoreBuilder (DBStoreBuilder.java:addTable(110)) - using custom profile for table: keyTable
2019-07-13 20:47:04,627 INFO  db.DBStoreBuilder (DBStoreBuilder.java:processTables(161)) - Using default column profile:DBProfile.DISK for Table:keyTable
2019-07-13 20:47:04,627 INFO  db.DBStoreBuilder (DBStoreBuilder.java:addTable(110)) - using custom profile for table: deletedTable
2019-07-13 20:47:04,627 INFO  db.DBStoreBuilder (DBStoreBuilder.java:processTables(161)) - Using default column profile:DBProfile.DISK for Table:deletedTable
2019-07-13 20:47:04,628 INFO  db.DBStoreBuilder (DBStoreBuilder.java:addTable(110)) - using custom profile for table: openKeyTable
2019-07-13 20:47:04,628 INFO  db.DBStoreBuilder (DBStoreBuilder.java:processTables(161)) - Using default column profile:DBProfile.DISK for Table:openKeyTable
2019-07-13 20:47:04,628 INFO  db.DBStoreBuilder (DBStoreBuilder.java:addTable(110)) - using custom profile for table: s3Table
2019-07-13 20:47:04,629 INFO  db.DBStoreBuilder (DBStoreBuilder.java:processTables(161)) - Using default column profile:DBProfile.DISK for Table:s3Table
2019-07-13 20:47:04,629 INFO  db.DBStoreBuilder (DBStoreBuilder.java:addTable(110)) - using custom profile for table: multipartInfoTable
2019-07-13 20:47:04,629 INFO  db.DBStoreBuilder (DBStoreBuilder.java:processTables(161)) - Using default column profile:DBProfile.DISK for Table:multipartInfoTable
2019-07-13 20:47:04,629 INFO  db.DBStoreBuilder (DBStoreBuilder.java:addTable(110)) - using custom profile for table: dTokenTable
2019-07-13 20:47:04,629 INFO  db.DBStoreBuilder (DBStoreBuilder.java:processTables(161)) - Using default column profile:DBProfile.DISK for Table:dTokenTable
2019-07-13 20:47:04,630 INFO  db.DBStoreBuilder (DBStoreBuilder.java:addTable(110)) - using custom profile for table: s3SecretTable
2019-07-13 20:47:04,630 INFO  db.DBStoreBuilder (DBStoreBuilder.java:processTables(161)) - Using default column profile:DBProfile.DISK for Table:s3SecretTable
2019-07-13 20:47:04,630 INFO  db.DBStoreBuilder (DBStoreBuilder.java:addTable(110)) - using custom profile for table: prefixTable
2019-07-13 20:47:04,630 INFO  db.DBStoreBuilder (DBStoreBuilder.java:processTables(161)) - Using default column profile:DBProfile.DISK for Table:prefixTable
2019-07-13 20:47:04,631 INFO  db.DBStoreBuilder (DBStoreBuilder.java:addTable(110)) - using custom profile for table: default
2019-07-13 20:47:04,631 INFO  db.DBStoreBuilder (DBStoreBuilder.java:processTables(167)) - Using default column profile:DBProfile.DISK for Table:default
2019-07-13 20:47:04,631 INFO  db.DBStoreBuilder (DBStoreBuilder.java:getDbProfile(198)) - Using default options. DBProfile.DISK
2019-07-13 20:47:04,905 INFO  ipc.CallQueueManager (CallQueueManager.java:<init>(84)) - Using callQueue: class java.util.concurrent.LinkedBlockingQueue, queueCapacity: 2000, scheduler: class org.apache.hadoop.ipc.DefaultRpcScheduler, ipcBackoff: false.
2019-07-13 20:47:04,906 INFO  ipc.Server (Server.java:run(1074)) - Starting Socket Reader #1 for port 36049
2019-07-13 20:47:04,938 WARN  server.ServerUtils (ServerUtils.java:getDBPath(222)) - ozone.om.db.dirs is not configured. We recommend adding this setting. Falling back to ozone.metadata.dirs instead.
2019-07-13 20:47:04,939 INFO  om.OzoneManager (OzoneManager.java:start(1228)) - OzoneManager RPC server is listening at localhost/127.0.0.1:36049
2019-07-13 20:47:04,939 INFO  impl.MetricsSystemImpl (MetricsSystemImpl.java:init(158)) - OzoneManager metrics system started (again)
2019-07-13 20:47:04,940 INFO  ipc.Server (Server.java:run(1314)) - IPC Server Responder: starting
2019-07-13 20:47:04,940 INFO  ipc.Server (Server.java:run(1153)) - IPC Server listener on 36049: starting
2019-07-13 20:47:04,956 INFO  hdfs.DFSUtil (DFSUtil.java:httpServerTemplateForNNAndJN(1641)) - Starting Web-server for ozoneManager at: http://0.0.0.0:0
2019-07-13 20:47:04,958 INFO  server.AuthenticationFilter (AuthenticationFilter.java:constructSecretProvider(240)) - Unable to initialize FileSignerSecretProvider, falling back to use random secrets.
2019-07-13 20:47:04,959 WARN  http.HttpRequestLog (HttpRequestLog.java:getRequestLog(97)) - Jetty request log can only be enabled using Log4j
2019-07-13 20:47:04,960 INFO  http.HttpServer2 (HttpServer2.java:addGlobalFilter(975)) - Added global filter 'safety' (class=org.apache.hadoop.http.HttpServer2$QuotingInputFilter)
2019-07-13 20:47:04,961 INFO  http.HttpServer2 (HttpServer2.java:addFilter(948)) - Added filter static_user_filter (class=org.apache.hadoop.http.lib.StaticUserWebFilter$StaticUserFilter) to context ozoneManager
2019-07-13 20:47:04,961 INFO  http.HttpServer2 (HttpServer2.java:addFilter(958)) - Added filter static_user_filter (class=org.apache.hadoop.http.lib.StaticUserWebFilter$StaticUserFilter) to context logs
2019-07-13 20:47:04,961 INFO  http.HttpServer2 (HttpServer2.java:addFilter(958)) - Added filter static_user_filter (class=org.apache.hadoop.http.lib.StaticUserWebFilter$StaticUserFilter) to context static
2019-07-13 20:47:04,962 INFO  http.HttpServer2 (HttpServer2.java:bindListener(1191)) - Jetty bound to port 33198
2019-07-13 20:47:04,962 INFO  server.Server (Server.java:doStart(351)) - jetty-9.3.24.v20180605, build timestamp: 2018-06-05T17:11:56Z, git hash: 84205aa28f11a4f31f2a3b86d1bba2cc8ab69827
2019-07-13 20:47:04,964 INFO  handler.ContextHandler (ContextHandler.java:doStart(781)) - Started o.e.j.s.ServletContextHandler@4cf01c41{/logs,file:///tmp/workdir/hadoop-ozone/integration-test/target/log,AVAILABLE}
2019-07-13 20:47:04,965 INFO  handler.ContextHandler (ContextHandler.java:doStart(781)) - Started o.e.j.s.ServletContextHandler@55f6f965{/static,file:///tmp/workdir/hadoop-ozone/integration-test/target/test-classes/webapps/static,AVAILABLE}
2019-07-13 20:47:04,969 INFO  handler.ContextHandler (ContextHandler.java:doStart(781)) - Started o.e.j.w.WebAppContext@54f25b42{/,file:///tmp/workdir/hadoop-ozone/integration-test/target/test-classes/webapps/ozoneManager/,AVAILABLE}{/ozoneManager}
2019-07-13 20:47:04,969 INFO  server.AbstractConnector (AbstractConnector.java:doStart(278)) - Started ServerConnector@521c67f0{HTTP/1.1,[http/1.1]}{0.0.0.0:33198}
2019-07-13 20:47:04,973 INFO  server.Server (Server.java:doStart(419)) - Started @39774ms
2019-07-13 20:47:04,974 INFO  server.BaseHttpServer (BaseHttpServer.java:updateConnectorAddress(207)) - HTTP server of OZONEMANAGER is listening at http://0.0.0.0:33198
2019-07-13 20:47:04,988 INFO  impl.MetricsSystemImpl (MetricsSystemImpl.java:init(158)) - HddsDatanode metrics system started (again)
2019-07-13 20:47:04,989 INFO  ozone.HddsDatanodeService (HddsDatanodeService.java:start(185)) - HddsDatanodeService host:trunk-nightly-6qp7m-2461138711 ip:192.168.5.168
2019-07-13 20:47:05,004 INFO  volume.HddsVolume (HddsVolume.java:<init>(176)) - Creating Volume: /tmp/workdir/hadoop-ozone/integration-test/target/test-dir/MiniOzoneClusterImpl-f7499cc7-d7a4-4a70-8d9c-14a8f781e78f/datanode-0/data/containers/hdds of  storage type : DISK and capacity : 52710309888
2019-07-13 20:47:05,004 INFO  volume.VolumeSet (VolumeSet.java:initializeVolumeSet(170)) - Added Volume : /tmp/workdir/hadoop-ozone/integration-test/target/test-dir/MiniOzoneClusterImpl-f7499cc7-d7a4-4a70-8d9c-14a8f781e78f/datanode-0/data/containers/hdds to VolumeSet
2019-07-13 20:47:05,005 INFO  volume.ThrottledAsyncChecker (ThrottledAsyncChecker.java:schedule(140)) - Scheduling a check for org.apache.hadoop.ozone.container.common.volume.HddsVolume@672d8370
2019-07-13 20:47:05,005 INFO  volume.HddsVolumeChecker (HddsVolumeChecker.java:checkAllVolumes(203)) - Scheduled health check for volume org.apache.hadoop.ozone.container.common.volume.HddsVolume@672d8370
2019-07-13 20:47:05,024 INFO  impl.RaftServerProxy (ConfUtils.java:logGet(43)) - raft.rpc.type = GRPC (default)
2019-07-13 20:47:05,024 INFO  grpc.GrpcFactory (GrpcFactory.java:checkPooledByteBufAllocatorUseCacheForAllThreads(45)) - PERFORMANCE WARNING: useCacheForAllThreads is true that may cause Netty to create a lot garbage objects and, as a result, trigger GC.
	It is recommended to disable useCacheForAllThreads by setting -Dorg.apache.ratis.thirdparty.io.netty.allocator.useCacheForAllThreads=false in command line.
2019-07-13 20:47:05,024 INFO  grpc.GrpcConfigKeys$Server (ConfUtils.java:logGet(43)) - raft.grpc.server.port = 0 (default)
2019-07-13 20:47:05,025 INFO  server.GrpcService (ConfUtils.java:logGet(43)) - raft.grpc.message.size.max = 33570816 (custom)
2019-07-13 20:47:05,025 INFO  server.RaftServerConfigKeys (ConfUtils.java:logGet(43)) - raft.server.log.appender.buffer.byte-limit = 33554432 (custom)
2019-07-13 20:47:05,025 INFO  server.GrpcService (ConfUtils.java:logGet(43)) - raft.grpc.flow.control.window = 1MB (=1048576) (default)
2019-07-13 20:47:05,025 INFO  server.RaftServerConfigKeys (ConfUtils.java:logGet(43)) - raft.server.rpc.request.timeout = 3000ms (default)
2019-07-13 20:47:05,026 INFO  server.RaftServerConfigKeys (ConfUtils.java:logGet(43)) - raft.server.storage.dir = [/tmp/workdir/hadoop-ozone/integration-test/target/test-dir/MiniOzoneClusterImpl-f7499cc7-d7a4-4a70-8d9c-14a8f781e78f/datanode-0/data/ratis] (custom)
2019-07-13 20:47:05,026 INFO  replication.SimpleContainerDownloader (SimpleContainerDownloader.java:<init>(72)) - Starting container downloader service to copy containers to replicate.
2019-07-13 20:47:05,029 INFO  hdfs.DFSUtil (DFSUtil.java:httpServerTemplateForNNAndJN(1641)) - Starting Web-server for hddsDatanode at: http://0.0.0.0:0
2019-07-13 20:47:05,030 INFO  server.AuthenticationFilter (AuthenticationFilter.java:constructSecretProvider(240)) - Unable to initialize FileSignerSecretProvider, falling back to use random secrets.
2019-07-13 20:47:05,030 WARN  http.HttpRequestLog (HttpRequestLog.java:getRequestLog(97)) - Jetty request log can only be enabled using Log4j
2019-07-13 20:47:05,031 INFO  http.HttpServer2 (HttpServer2.java:addGlobalFilter(975)) - Added global filter 'safety' (class=org.apache.hadoop.http.HttpServer2$QuotingInputFilter)
2019-07-13 20:47:05,032 INFO  http.HttpServer2 (HttpServer2.java:addFilter(948)) - Added filter static_user_filter (class=org.apache.hadoop.http.lib.StaticUserWebFilter$StaticUserFilter) to context hddsDatanode
2019-07-13 20:47:05,032 INFO  http.HttpServer2 (HttpServer2.java:addFilter(958)) - Added filter static_user_filter (class=org.apache.hadoop.http.lib.StaticUserWebFilter$StaticUserFilter) to context logs
2019-07-13 20:47:05,032 INFO  http.HttpServer2 (HttpServer2.java:addFilter(958)) - Added filter static_user_filter (class=org.apache.hadoop.http.lib.StaticUserWebFilter$StaticUserFilter) to context static
2019-07-13 20:47:05,033 INFO  http.HttpServer2 (HttpServer2.java:bindListener(1191)) - Jetty bound to port 43690
2019-07-13 20:47:05,033 INFO  server.Server (Server.java:doStart(351)) - jetty-9.3.24.v20180605, build timestamp: 2018-06-05T17:11:56Z, git hash: 84205aa28f11a4f31f2a3b86d1bba2cc8ab69827
2019-07-13 20:47:05,035 INFO  handler.ContextHandler (ContextHandler.java:doStart(781)) - Started o.e.j.s.ServletContextHandler@2ac9e53c{/logs,file:///tmp/workdir/hadoop-ozone/integration-test/target/log,AVAILABLE}
2019-07-13 20:47:05,035 INFO  handler.ContextHandler (ContextHandler.java:doStart(781)) - Started o.e.j.s.ServletContextHandler@432f4626{/static,jar:file:/home/user/.m2/repository/org/apache/hadoop/hadoop-hdds-container-service/0.5.0-SNAPSHOT/hadoop-hdds-container-service-0.5.0-SNAPSHOT.jar!/webapps/static,AVAILABLE}
2019-07-13 20:47:05,077 INFO  handler.ContextHandler (ContextHandler.java:doStart(781)) - Started o.e.j.w.WebAppContext@2d7aa291{/,file:///tmp/jetty-0.0.0.0-43690-hddsDatanode-_-any-8901193166709612219.dir/webapp/,AVAILABLE}{/hddsDatanode}
2019-07-13 20:47:05,077 INFO  server.AbstractConnector (AbstractConnector.java:doStart(278)) - Started ServerConnector@1ba7db2a{HTTP/1.1,[http/1.1]}{0.0.0.0:43690}
2019-07-13 20:47:05,083 INFO  server.Server (Server.java:doStart(419)) - Started @39884ms
2019-07-13 20:47:05,084 INFO  server.BaseHttpServer (BaseHttpServer.java:updateConnectorAddress(207)) - HTTP server of HDDSDATANODE is listening at http://0.0.0.0:43690
2019-07-13 20:47:05,202 INFO  ozone.HddsDatanodeService (HddsDatanodeService.java:startPlugins(396)) - Started plug-in org.apache.hadoop.ozone.web.OzoneHddsDatanodeService@1ce6a9bd
2019-07-13 20:47:05,202 INFO  impl.MetricsSystemImpl (MetricsSystemImpl.java:init(158)) - HddsDatanode metrics system started (again)
2019-07-13 20:47:05,202 INFO  ozone.HddsDatanodeService (HddsDatanodeService.java:start(185)) - HddsDatanodeService host:trunk-nightly-6qp7m-2461138711 ip:192.168.5.168
2019-07-13 20:47:05,204 INFO  util.JvmPauseMonitor (JvmPauseMonitor.java:run(188)) - Starting JVM pause monitor
2019-07-13 20:47:05,207 INFO  datanode.InitDatanodeState (InitDatanodeState.java:persistContainerDatanodeDetails(140)) - DatanodeDetails is persisted to /tmp/workdir/hadoop-ozone/integration-test/target/test-dir/MiniOzoneClusterImpl-f7499cc7-d7a4-4a70-8d9c-14a8f781e78f/datanode-0/meta/datanode.id
2019-07-13 20:47:05,217 INFO  volume.HddsVolume (HddsVolume.java:<init>(176)) - Creating Volume: /tmp/workdir/hadoop-ozone/integration-test/target/test-dir/MiniOzoneClusterImpl-f7499cc7-d7a4-4a70-8d9c-14a8f781e78f/datanode-1/data/containers/hdds of  storage type : DISK and capacity : 52710309888
2019-07-13 20:47:05,218 INFO  volume.VolumeSet (VolumeSet.java:initializeVolumeSet(170)) - Added Volume : /tmp/workdir/hadoop-ozone/integration-test/target/test-dir/MiniOzoneClusterImpl-f7499cc7-d7a4-4a70-8d9c-14a8f781e78f/datanode-1/data/containers/hdds to VolumeSet
2019-07-13 20:47:05,218 INFO  volume.ThrottledAsyncChecker (ThrottledAsyncChecker.java:schedule(140)) - Scheduling a check for org.apache.hadoop.ozone.container.common.volume.HddsVolume@b671dda
2019-07-13 20:47:05,218 INFO  volume.HddsVolumeChecker (HddsVolumeChecker.java:checkAllVolumes(203)) - Scheduled health check for volume org.apache.hadoop.ozone.container.common.volume.HddsVolume@b671dda
2019-07-13 20:47:05,262 INFO  impl.RaftServerProxy (ConfUtils.java:logGet(43)) - raft.rpc.type = GRPC (default)
2019-07-13 20:47:05,262 INFO  grpc.GrpcFactory (GrpcFactory.java:checkPooledByteBufAllocatorUseCacheForAllThreads(45)) - PERFORMANCE WARNING: useCacheForAllThreads is true that may cause Netty to create a lot garbage objects and, as a result, trigger GC.
	It is recommended to disable useCacheForAllThreads by setting -Dorg.apache.ratis.thirdparty.io.netty.allocator.useCacheForAllThreads=false in command line.
2019-07-13 20:47:05,262 INFO  grpc.GrpcConfigKeys$Server (ConfUtils.java:logGet(43)) - raft.grpc.server.port = 0 (default)
2019-07-13 20:47:05,262 INFO  server.GrpcService (ConfUtils.java:logGet(43)) - raft.grpc.message.size.max = 33570816 (custom)
2019-07-13 20:47:05,263 INFO  server.RaftServerConfigKeys (ConfUtils.java:logGet(43)) - raft.server.log.appender.buffer.byte-limit = 33554432 (custom)
2019-07-13 20:47:05,263 INFO  server.GrpcService (ConfUtils.java:logGet(43)) - raft.grpc.flow.control.window = 1MB (=1048576) (default)
2019-07-13 20:47:05,263 INFO  server.RaftServerConfigKeys (ConfUtils.java:logGet(43)) - raft.server.rpc.request.timeout = 3000ms (default)
2019-07-13 20:47:05,263 INFO  server.RaftServerConfigKeys (ConfUtils.java:logGet(43)) - raft.server.storage.dir = [/tmp/workdir/hadoop-ozone/integration-test/target/test-dir/MiniOzoneClusterImpl-f7499cc7-d7a4-4a70-8d9c-14a8f781e78f/datanode-1/data/ratis] (custom)
2019-07-13 20:47:05,264 INFO  replication.SimpleContainerDownloader (SimpleContainerDownloader.java:<init>(72)) - Starting container downloader service to copy containers to replicate.
2019-07-13 20:47:05,266 INFO  hdfs.DFSUtil (DFSUtil.java:httpServerTemplateForNNAndJN(1641)) - Starting Web-server for hddsDatanode at: http://0.0.0.0:0
2019-07-13 20:47:05,281 INFO  server.AuthenticationFilter (AuthenticationFilter.java:constructSecretProvider(240)) - Unable to initialize FileSignerSecretProvider, falling back to use random secrets.
2019-07-13 20:47:05,282 WARN  http.HttpRequestLog (HttpRequestLog.java:getRequestLog(97)) - Jetty request log can only be enabled using Log4j
2019-07-13 20:47:05,283 INFO  http.HttpServer2 (HttpServer2.java:addGlobalFilter(975)) - Added global filter 'safety' (class=org.apache.hadoop.http.HttpServer2$QuotingInputFilter)
2019-07-13 20:47:05,283 INFO  http.HttpServer2 (HttpServer2.java:addFilter(948)) - Added filter static_user_filter (class=org.apache.hadoop.http.lib.StaticUserWebFilter$StaticUserFilter) to context hddsDatanode
2019-07-13 20:47:05,284 INFO  http.HttpServer2 (HttpServer2.java:addFilter(958)) - Added filter static_user_filter (class=org.apache.hadoop.http.lib.StaticUserWebFilter$StaticUserFilter) to context static
2019-07-13 20:47:05,284 INFO  http.HttpServer2 (HttpServer2.java:addFilter(958)) - Added filter static_user_filter (class=org.apache.hadoop.http.lib.StaticUserWebFilter$StaticUserFilter) to context logs
2019-07-13 20:47:05,284 INFO  http.HttpServer2 (HttpServer2.java:bindListener(1191)) - Jetty bound to port 42108
2019-07-13 20:47:05,284 INFO  server.Server (Server.java:doStart(351)) - jetty-9.3.24.v20180605, build timestamp: 2018-06-05T17:11:56Z, git hash: 84205aa28f11a4f31f2a3b86d1bba2cc8ab69827
2019-07-13 20:47:05,288 INFO  handler.ContextHandler (ContextHandler.java:doStart(781)) - Started o.e.j.s.ServletContextHandler@5abb7a8f{/logs,file:///tmp/workdir/hadoop-ozone/integration-test/target/log,AVAILABLE}
2019-07-13 20:47:05,288 INFO  handler.ContextHandler (ContextHandler.java:doStart(781)) - Started o.e.j.s.ServletContextHandler@5621a671{/static,jar:file:/home/user/.m2/repository/org/apache/hadoop/hadoop-hdds-container-service/0.5.0-SNAPSHOT/hadoop-hdds-container-service-0.5.0-SNAPSHOT.jar!/webapps/static,AVAILABLE}
2019-07-13 20:47:05,349 INFO  handler.ContextHandler (ContextHandler.java:doStart(781)) - Started o.e.j.w.WebAppContext@1aaaabd1{/,file:///tmp/jetty-0.0.0.0-42108-hddsDatanode-_-any-2736734598990588128.dir/webapp/,AVAILABLE}{/hddsDatanode}
2019-07-13 20:47:05,349 INFO  server.AbstractConnector (AbstractConnector.java:doStart(278)) - Started ServerConnector@7cbe3a05{HTTP/1.1,[http/1.1]}{0.0.0.0:42108}
2019-07-13 20:47:05,368 INFO  server.Server (Server.java:doStart(419)) - Started @40169ms
2019-07-13 20:47:05,370 INFO  server.BaseHttpServer (BaseHttpServer.java:updateConnectorAddress(207)) - HTTP server of HDDSDATANODE is listening at http://0.0.0.0:42108
2019-07-13 20:47:05,543 INFO  ozone.HddsDatanodeService (HddsDatanodeService.java:startPlugins(396)) - Started plug-in org.apache.hadoop.ozone.web.OzoneHddsDatanodeService@719bb60d
2019-07-13 20:47:05,544 INFO  impl.MetricsSystemImpl (MetricsSystemImpl.java:init(158)) - HddsDatanode metrics system started (again)
2019-07-13 20:47:05,544 INFO  ozone.HddsDatanodeService (HddsDatanodeService.java:start(185)) - HddsDatanodeService host:trunk-nightly-6qp7m-2461138711 ip:192.168.5.168
2019-07-13 20:47:05,545 INFO  util.JvmPauseMonitor (JvmPauseMonitor.java:run(188)) - Starting JVM pause monitor
2019-07-13 20:47:05,549 INFO  datanode.InitDatanodeState (InitDatanodeState.java:persistContainerDatanodeDetails(140)) - DatanodeDetails is persisted to /tmp/workdir/hadoop-ozone/integration-test/target/test-dir/MiniOzoneClusterImpl-f7499cc7-d7a4-4a70-8d9c-14a8f781e78f/datanode-1/meta/datanode.id
2019-07-13 20:47:05,560 INFO  volume.HddsVolume (HddsVolume.java:<init>(176)) - Creating Volume: /tmp/workdir/hadoop-ozone/integration-test/target/test-dir/MiniOzoneClusterImpl-f7499cc7-d7a4-4a70-8d9c-14a8f781e78f/datanode-2/data/containers/hdds of  storage type : DISK and capacity : 52710309888
2019-07-13 20:47:05,560 INFO  volume.VolumeSet (VolumeSet.java:initializeVolumeSet(170)) - Added Volume : /tmp/workdir/hadoop-ozone/integration-test/target/test-dir/MiniOzoneClusterImpl-f7499cc7-d7a4-4a70-8d9c-14a8f781e78f/datanode-2/data/containers/hdds to VolumeSet
2019-07-13 20:47:05,560 INFO  volume.ThrottledAsyncChecker (ThrottledAsyncChecker.java:schedule(140)) - Scheduling a check for org.apache.hadoop.ozone.container.common.volume.HddsVolume@6abd8bcd
2019-07-13 20:47:05,561 INFO  volume.HddsVolumeChecker (HddsVolumeChecker.java:checkAllVolumes(203)) - Scheduled health check for volume org.apache.hadoop.ozone.container.common.volume.HddsVolume@6abd8bcd
2019-07-13 20:47:05,584 INFO  impl.RaftServerProxy (ConfUtils.java:logGet(43)) - raft.rpc.type = GRPC (default)
2019-07-13 20:47:05,584 INFO  grpc.GrpcFactory (GrpcFactory.java:checkPooledByteBufAllocatorUseCacheForAllThreads(45)) - PERFORMANCE WARNING: useCacheForAllThreads is true that may cause Netty to create a lot garbage objects and, as a result, trigger GC.
	It is recommended to disable useCacheForAllThreads by setting -Dorg.apache.ratis.thirdparty.io.netty.allocator.useCacheForAllThreads=false in command line.
2019-07-13 20:47:05,584 INFO  grpc.GrpcConfigKeys$Server (ConfUtils.java:logGet(43)) - raft.grpc.server.port = 0 (default)
2019-07-13 20:47:05,585 INFO  server.GrpcService (ConfUtils.java:logGet(43)) - raft.grpc.message.size.max = 33570816 (custom)
2019-07-13 20:47:05,585 INFO  server.RaftServerConfigKeys (ConfUtils.java:logGet(43)) - raft.server.log.appender.buffer.byte-limit = 33554432 (custom)
2019-07-13 20:47:05,585 INFO  server.GrpcService (ConfUtils.java:logGet(43)) - raft.grpc.flow.control.window = 1MB (=1048576) (default)
2019-07-13 20:47:05,585 INFO  server.RaftServerConfigKeys (ConfUtils.java:logGet(43)) - raft.server.rpc.request.timeout = 3000ms (default)
2019-07-13 20:47:05,586 INFO  server.RaftServerConfigKeys (ConfUtils.java:logGet(43)) - raft.server.storage.dir = [/tmp/workdir/hadoop-ozone/integration-test/target/test-dir/MiniOzoneClusterImpl-f7499cc7-d7a4-4a70-8d9c-14a8f781e78f/datanode-2/data/ratis] (custom)
2019-07-13 20:47:05,586 INFO  replication.SimpleContainerDownloader (SimpleContainerDownloader.java:<init>(72)) - Starting container downloader service to copy containers to replicate.
2019-07-13 20:47:05,587 INFO  hdfs.DFSUtil (DFSUtil.java:httpServerTemplateForNNAndJN(1641)) - Starting Web-server for hddsDatanode at: http://0.0.0.0:0
2019-07-13 20:47:05,588 INFO  server.AuthenticationFilter (AuthenticationFilter.java:constructSecretProvider(240)) - Unable to initialize FileSignerSecretProvider, falling back to use random secrets.
2019-07-13 20:47:05,589 WARN  http.HttpRequestLog (HttpRequestLog.java:getRequestLog(97)) - Jetty request log can only be enabled using Log4j
2019-07-13 20:47:05,590 INFO  http.HttpServer2 (HttpServer2.java:addGlobalFilter(975)) - Added global filter 'safety' (class=org.apache.hadoop.http.HttpServer2$QuotingInputFilter)
2019-07-13 20:47:05,590 INFO  http.HttpServer2 (HttpServer2.java:addFilter(948)) - Added filter static_user_filter (class=org.apache.hadoop.http.lib.StaticUserWebFilter$StaticUserFilter) to context hddsDatanode
2019-07-13 20:47:05,590 INFO  http.HttpServer2 (HttpServer2.java:addFilter(958)) - Added filter static_user_filter (class=org.apache.hadoop.http.lib.StaticUserWebFilter$StaticUserFilter) to context static
2019-07-13 20:47:05,591 INFO  http.HttpServer2 (HttpServer2.java:addFilter(958)) - Added filter static_user_filter (class=org.apache.hadoop.http.lib.StaticUserWebFilter$StaticUserFilter) to context logs
2019-07-13 20:47:05,591 INFO  http.HttpServer2 (HttpServer2.java:bindListener(1191)) - Jetty bound to port 43576
2019-07-13 20:47:05,591 INFO  server.Server (Server.java:doStart(351)) - jetty-9.3.24.v20180605, build timestamp: 2018-06-05T17:11:56Z, git hash: 84205aa28f11a4f31f2a3b86d1bba2cc8ab69827
2019-07-13 20:47:05,593 INFO  handler.ContextHandler (ContextHandler.java:doStart(781)) - Started o.e.j.s.ServletContextHandler@af04f09{/logs,file:///tmp/workdir/hadoop-ozone/integration-test/target/log,AVAILABLE}
2019-07-13 20:47:05,593 INFO  handler.ContextHandler (ContextHandler.java:doStart(781)) - Started o.e.j.s.ServletContextHandler@78e97d4d{/static,jar:file:/home/user/.m2/repository/org/apache/hadoop/hadoop-hdds-container-service/0.5.0-SNAPSHOT/hadoop-hdds-container-service-0.5.0-SNAPSHOT.jar!/webapps/static,AVAILABLE}
2019-07-13 20:47:05,620 INFO  handler.ContextHandler (ContextHandler.java:doStart(781)) - Started o.e.j.w.WebAppContext@1554eaa4{/,file:///tmp/jetty-0.0.0.0-43576-hddsDatanode-_-any-8360141234952664944.dir/webapp/,AVAILABLE}{/hddsDatanode}
2019-07-13 20:47:05,620 INFO  server.AbstractConnector (AbstractConnector.java:doStart(278)) - Started ServerConnector@b340615{HTTP/1.1,[http/1.1]}{0.0.0.0:43576}
2019-07-13 20:47:05,626 INFO  server.Server (Server.java:doStart(419)) - Started @40427ms
2019-07-13 20:47:05,627 INFO  server.BaseHttpServer (BaseHttpServer.java:updateConnectorAddress(207)) - HTTP server of HDDSDATANODE is listening at http://0.0.0.0:43576
2019-07-13 20:47:05,740 INFO  ozone.HddsDatanodeService (HddsDatanodeService.java:startPlugins(396)) - Started plug-in org.apache.hadoop.ozone.web.OzoneHddsDatanodeService@2d5c160e
2019-07-13 20:47:05,741 INFO  impl.MetricsSystemImpl (MetricsSystemImpl.java:init(158)) - HddsDatanode metrics system started (again)
2019-07-13 20:47:05,741 INFO  ozone.HddsDatanodeService (HddsDatanodeService.java:start(185)) - HddsDatanodeService host:trunk-nightly-6qp7m-2461138711 ip:192.168.5.168
2019-07-13 20:47:05,742 INFO  util.JvmPauseMonitor (JvmPauseMonitor.java:run(188)) - Starting JVM pause monitor
2019-07-13 20:47:05,744 INFO  datanode.InitDatanodeState (InitDatanodeState.java:persistContainerDatanodeDetails(140)) - DatanodeDetails is persisted to /tmp/workdir/hadoop-ozone/integration-test/target/test-dir/MiniOzoneClusterImpl-f7499cc7-d7a4-4a70-8d9c-14a8f781e78f/datanode-2/meta/datanode.id
2019-07-13 20:47:05,756 INFO  volume.HddsVolume (HddsVolume.java:<init>(176)) - Creating Volume: /tmp/workdir/hadoop-ozone/integration-test/target/test-dir/MiniOzoneClusterImpl-f7499cc7-d7a4-4a70-8d9c-14a8f781e78f/datanode-3/data/containers/hdds of  storage type : DISK and capacity : 52710309888
2019-07-13 20:47:05,756 INFO  volume.VolumeSet (VolumeSet.java:initializeVolumeSet(170)) - Added Volume : /tmp/workdir/hadoop-ozone/integration-test/target/test-dir/MiniOzoneClusterImpl-f7499cc7-d7a4-4a70-8d9c-14a8f781e78f/datanode-3/data/containers/hdds to VolumeSet
2019-07-13 20:47:05,756 INFO  volume.ThrottledAsyncChecker (ThrottledAsyncChecker.java:schedule(140)) - Scheduling a check for org.apache.hadoop.ozone.container.common.volume.HddsVolume@2419a5db
2019-07-13 20:47:05,757 INFO  volume.HddsVolumeChecker (HddsVolumeChecker.java:checkAllVolumes(203)) - Scheduled health check for volume org.apache.hadoop.ozone.container.common.volume.HddsVolume@2419a5db
2019-07-13 20:47:05,775 INFO  impl.RaftServerProxy (ConfUtils.java:logGet(43)) - raft.rpc.type = GRPC (default)
2019-07-13 20:47:05,775 INFO  grpc.GrpcFactory (GrpcFactory.java:checkPooledByteBufAllocatorUseCacheForAllThreads(45)) - PERFORMANCE WARNING: useCacheForAllThreads is true that may cause Netty to create a lot garbage objects and, as a result, trigger GC.
	It is recommended to disable useCacheForAllThreads by setting -Dorg.apache.ratis.thirdparty.io.netty.allocator.useCacheForAllThreads=false in command line.
2019-07-13 20:47:05,775 INFO  grpc.GrpcConfigKeys$Server (ConfUtils.java:logGet(43)) - raft.grpc.server.port = 0 (default)
2019-07-13 20:47:05,775 INFO  server.GrpcService (ConfUtils.java:logGet(43)) - raft.grpc.message.size.max = 33570816 (custom)
2019-07-13 20:47:05,776 INFO  server.RaftServerConfigKeys (ConfUtils.java:logGet(43)) - raft.server.log.appender.buffer.byte-limit = 33554432 (custom)
2019-07-13 20:47:05,776 INFO  server.GrpcService (ConfUtils.java:logGet(43)) - raft.grpc.flow.control.window = 1MB (=1048576) (default)
2019-07-13 20:47:05,776 INFO  server.RaftServerConfigKeys (ConfUtils.java:logGet(43)) - raft.server.rpc.request.timeout = 3000ms (default)
2019-07-13 20:47:05,776 INFO  server.RaftServerConfigKeys (ConfUtils.java:logGet(43)) - raft.server.storage.dir = [/tmp/workdir/hadoop-ozone/integration-test/target/test-dir/MiniOzoneClusterImpl-f7499cc7-d7a4-4a70-8d9c-14a8f781e78f/datanode-3/data/ratis] (custom)
2019-07-13 20:47:05,777 INFO  replication.SimpleContainerDownloader (SimpleContainerDownloader.java:<init>(72)) - Starting container downloader service to copy containers to replicate.
2019-07-13 20:47:05,778 INFO  hdfs.DFSUtil (DFSUtil.java:httpServerTemplateForNNAndJN(1641)) - Starting Web-server for hddsDatanode at: http://0.0.0.0:0
2019-07-13 20:47:05,779 INFO  server.AuthenticationFilter (AuthenticationFilter.java:constructSecretProvider(240)) - Unable to initialize FileSignerSecretProvider, falling back to use random secrets.
2019-07-13 20:47:05,779 WARN  http.HttpRequestLog (HttpRequestLog.java:getRequestLog(97)) - Jetty request log can only be enabled using Log4j
2019-07-13 20:47:05,780 INFO  http.HttpServer2 (HttpServer2.java:addGlobalFilter(975)) - Added global filter 'safety' (class=org.apache.hadoop.http.HttpServer2$QuotingInputFilter)
2019-07-13 20:47:05,781 INFO  http.HttpServer2 (HttpServer2.java:addFilter(948)) - Added filter static_user_filter (class=org.apache.hadoop.http.lib.StaticUserWebFilter$StaticUserFilter) to context hddsDatanode
2019-07-13 20:47:05,781 INFO  http.HttpServer2 (HttpServer2.java:addFilter(958)) - Added filter static_user_filter (class=org.apache.hadoop.http.lib.StaticUserWebFilter$StaticUserFilter) to context logs
2019-07-13 20:47:05,781 INFO  http.HttpServer2 (HttpServer2.java:addFilter(958)) - Added filter static_user_filter (class=org.apache.hadoop.http.lib.StaticUserWebFilter$StaticUserFilter) to context static
2019-07-13 20:47:05,782 INFO  http.HttpServer2 (HttpServer2.java:bindListener(1191)) - Jetty bound to port 33268
2019-07-13 20:47:05,782 INFO  server.Server (Server.java:doStart(351)) - jetty-9.3.24.v20180605, build timestamp: 2018-06-05T17:11:56Z, git hash: 84205aa28f11a4f31f2a3b86d1bba2cc8ab69827
2019-07-13 20:47:05,784 INFO  handler.ContextHandler (ContextHandler.java:doStart(781)) - Started o.e.j.s.ServletContextHandler@68550d86{/logs,file:///tmp/workdir/hadoop-ozone/integration-test/target/log,AVAILABLE}
2019-07-13 20:47:05,784 INFO  handler.ContextHandler (ContextHandler.java:doStart(781)) - Started o.e.j.s.ServletContextHandler@484876a1{/static,jar:file:/home/user/.m2/repository/org/apache/hadoop/hadoop-hdds-container-service/0.5.0-SNAPSHOT/hadoop-hdds-container-service-0.5.0-SNAPSHOT.jar!/webapps/static,AVAILABLE}
2019-07-13 20:47:05,811 INFO  handler.ContextHandler (ContextHandler.java:doStart(781)) - Started o.e.j.w.WebAppContext@6e6c8854{/,file:///tmp/jetty-0.0.0.0-33268-hddsDatanode-_-any-5459189858017605740.dir/webapp/,AVAILABLE}{/hddsDatanode}
2019-07-13 20:47:05,811 INFO  server.AbstractConnector (AbstractConnector.java:doStart(278)) - Started ServerConnector@4be1dce6{HTTP/1.1,[http/1.1]}{0.0.0.0:33268}
2019-07-13 20:47:05,816 INFO  server.Server (Server.java:doStart(419)) - Started @40617ms
2019-07-13 20:47:05,817 INFO  server.BaseHttpServer (BaseHttpServer.java:updateConnectorAddress(207)) - HTTP server of HDDSDATANODE is listening at http://0.0.0.0:33268
2019-07-13 20:47:05,928 INFO  ozone.HddsDatanodeService (HddsDatanodeService.java:startPlugins(396)) - Started plug-in org.apache.hadoop.ozone.web.OzoneHddsDatanodeService@5265a8dd
2019-07-13 20:47:05,929 INFO  impl.MetricsSystemImpl (MetricsSystemImpl.java:init(158)) - HddsDatanode metrics system started (again)
2019-07-13 20:47:05,929 INFO  ozone.HddsDatanodeService (HddsDatanodeService.java:start(185)) - HddsDatanodeService host:trunk-nightly-6qp7m-2461138711 ip:192.168.5.168
2019-07-13 20:47:05,930 INFO  util.JvmPauseMonitor (JvmPauseMonitor.java:run(188)) - Starting JVM pause monitor
2019-07-13 20:47:05,932 INFO  datanode.InitDatanodeState (InitDatanodeState.java:persistContainerDatanodeDetails(140)) - DatanodeDetails is persisted to /tmp/workdir/hadoop-ozone/integration-test/target/test-dir/MiniOzoneClusterImpl-f7499cc7-d7a4-4a70-8d9c-14a8f781e78f/datanode-3/meta/datanode.id
2019-07-13 20:47:05,983 INFO  volume.HddsVolume (HddsVolume.java:<init>(176)) - Creating Volume: /tmp/workdir/hadoop-ozone/integration-test/target/test-dir/MiniOzoneClusterImpl-f7499cc7-d7a4-4a70-8d9c-14a8f781e78f/datanode-4/data/containers/hdds of  storage type : DISK and capacity : 52710309888
2019-07-13 20:47:05,984 INFO  volume.VolumeSet (VolumeSet.java:initializeVolumeSet(170)) - Added Volume : /tmp/workdir/hadoop-ozone/integration-test/target/test-dir/MiniOzoneClusterImpl-f7499cc7-d7a4-4a70-8d9c-14a8f781e78f/datanode-4/data/containers/hdds to VolumeSet
2019-07-13 20:47:05,984 INFO  volume.ThrottledAsyncChecker (ThrottledAsyncChecker.java:schedule(140)) - Scheduling a check for org.apache.hadoop.ozone.container.common.volume.HddsVolume@5cfe28e1
2019-07-13 20:47:05,985 INFO  volume.HddsVolumeChecker (HddsVolumeChecker.java:checkAllVolumes(203)) - Scheduled health check for volume org.apache.hadoop.ozone.container.common.volume.HddsVolume@5cfe28e1
2019-07-13 20:47:06,008 INFO  impl.RaftServerProxy (ConfUtils.java:logGet(43)) - raft.rpc.type = GRPC (default)
2019-07-13 20:47:06,008 INFO  grpc.GrpcFactory (GrpcFactory.java:checkPooledByteBufAllocatorUseCacheForAllThreads(45)) - PERFORMANCE WARNING: useCacheForAllThreads is true that may cause Netty to create a lot garbage objects and, as a result, trigger GC.
	It is recommended to disable useCacheForAllThreads by setting -Dorg.apache.ratis.thirdparty.io.netty.allocator.useCacheForAllThreads=false in command line.
2019-07-13 20:47:06,009 INFO  grpc.GrpcConfigKeys$Server (ConfUtils.java:logGet(43)) - raft.grpc.server.port = 0 (default)
2019-07-13 20:47:06,009 INFO  server.GrpcService (ConfUtils.java:logGet(43)) - raft.grpc.message.size.max = 33570816 (custom)
2019-07-13 20:47:06,009 INFO  server.RaftServerConfigKeys (ConfUtils.java:logGet(43)) - raft.server.log.appender.buffer.byte-limit = 33554432 (custom)
2019-07-13 20:47:06,009 INFO  server.GrpcService (ConfUtils.java:logGet(43)) - raft.grpc.flow.control.window = 1MB (=1048576) (default)
2019-07-13 20:47:06,009 INFO  server.RaftServerConfigKeys (ConfUtils.java:logGet(43)) - raft.server.rpc.request.timeout = 3000ms (default)
2019-07-13 20:47:06,010 INFO  server.RaftServerConfigKeys (ConfUtils.java:logGet(43)) - raft.server.storage.dir = [/tmp/workdir/hadoop-ozone/integration-test/target/test-dir/MiniOzoneClusterImpl-f7499cc7-d7a4-4a70-8d9c-14a8f781e78f/datanode-4/data/ratis] (custom)
2019-07-13 20:47:06,010 INFO  replication.SimpleContainerDownloader (SimpleContainerDownloader.java:<init>(72)) - Starting container downloader service to copy containers to replicate.
2019-07-13 20:47:06,012 INFO  hdfs.DFSUtil (DFSUtil.java:httpServerTemplateForNNAndJN(1641)) - Starting Web-server for hddsDatanode at: http://0.0.0.0:0
2019-07-13 20:47:06,013 INFO  server.AuthenticationFilter (AuthenticationFilter.java:constructSecretProvider(240)) - Unable to initialize FileSignerSecretProvider, falling back to use random secrets.
2019-07-13 20:47:06,013 WARN  http.HttpRequestLog (HttpRequestLog.java:getRequestLog(97)) - Jetty request log can only be enabled using Log4j
2019-07-13 20:47:06,015 INFO  http.HttpServer2 (HttpServer2.java:addGlobalFilter(975)) - Added global filter 'safety' (class=org.apache.hadoop.http.HttpServer2$QuotingInputFilter)
2019-07-13 20:47:06,015 INFO  http.HttpServer2 (HttpServer2.java:addFilter(948)) - Added filter static_user_filter (class=org.apache.hadoop.http.lib.StaticUserWebFilter$StaticUserFilter) to context hddsDatanode
2019-07-13 20:47:06,015 INFO  http.HttpServer2 (HttpServer2.java:addFilter(958)) - Added filter static_user_filter (class=org.apache.hadoop.http.lib.StaticUserWebFilter$StaticUserFilter) to context static
2019-07-13 20:47:06,015 INFO  http.HttpServer2 (HttpServer2.java:addFilter(958)) - Added filter static_user_filter (class=org.apache.hadoop.http.lib.StaticUserWebFilter$StaticUserFilter) to context logs
2019-07-13 20:47:06,016 INFO  http.HttpServer2 (HttpServer2.java:bindListener(1191)) - Jetty bound to port 34765
2019-07-13 20:47:06,016 INFO  server.Server (Server.java:doStart(351)) - jetty-9.3.24.v20180605, build timestamp: 2018-06-05T17:11:56Z, git hash: 84205aa28f11a4f31f2a3b86d1bba2cc8ab69827
2019-07-13 20:47:06,018 INFO  handler.ContextHandler (ContextHandler.java:doStart(781)) - Started o.e.j.s.ServletContextHandler@225ac5e7{/logs,file:///tmp/workdir/hadoop-ozone/integration-test/target/log,AVAILABLE}
2019-07-13 20:47:06,019 INFO  handler.ContextHandler (ContextHandler.java:doStart(781)) - Started o.e.j.s.ServletContextHandler@44948ac6{/static,jar:file:/home/user/.m2/repository/org/apache/hadoop/hadoop-hdds-container-service/0.5.0-SNAPSHOT/hadoop-hdds-container-service-0.5.0-SNAPSHOT.jar!/webapps/static,AVAILABLE}
2019-07-13 20:47:06,045 INFO  handler.ContextHandler (ContextHandler.java:doStart(781)) - Started o.e.j.w.WebAppContext@30bf881e{/,file:///tmp/jetty-0.0.0.0-34765-hddsDatanode-_-any-897348541692359288.dir/webapp/,AVAILABLE}{/hddsDatanode}
2019-07-13 20:47:06,046 INFO  server.AbstractConnector (AbstractConnector.java:doStart(278)) - Started ServerConnector@1041ebba{HTTP/1.1,[http/1.1]}{0.0.0.0:34765}
2019-07-13 20:47:06,051 INFO  server.Server (Server.java:doStart(419)) - Started @40852ms
2019-07-13 20:47:06,052 INFO  server.BaseHttpServer (BaseHttpServer.java:updateConnectorAddress(207)) - HTTP server of HDDSDATANODE is listening at http://0.0.0.0:34765
2019-07-13 20:47:06,163 INFO  ozone.HddsDatanodeService (HddsDatanodeService.java:startPlugins(396)) - Started plug-in org.apache.hadoop.ozone.web.OzoneHddsDatanodeService@38a27ace
2019-07-13 20:47:06,164 INFO  impl.MetricsSystemImpl (MetricsSystemImpl.java:init(158)) - HddsDatanode metrics system started (again)
2019-07-13 20:47:06,164 INFO  ozone.HddsDatanodeService (HddsDatanodeService.java:start(185)) - HddsDatanodeService host:trunk-nightly-6qp7m-2461138711 ip:192.168.5.168
2019-07-13 20:47:06,165 INFO  util.JvmPauseMonitor (JvmPauseMonitor.java:run(188)) - Starting JVM pause monitor
2019-07-13 20:47:06,167 INFO  datanode.InitDatanodeState (InitDatanodeState.java:persistContainerDatanodeDetails(140)) - DatanodeDetails is persisted to /tmp/workdir/hadoop-ozone/integration-test/target/test-dir/MiniOzoneClusterImpl-f7499cc7-d7a4-4a70-8d9c-14a8f781e78f/datanode-4/meta/datanode.id
2019-07-13 20:47:06,179 INFO  volume.HddsVolume (HddsVolume.java:<init>(176)) - Creating Volume: /tmp/workdir/hadoop-ozone/integration-test/target/test-dir/MiniOzoneClusterImpl-f7499cc7-d7a4-4a70-8d9c-14a8f781e78f/datanode-5/data/containers/hdds of  storage type : DISK and capacity : 52710309888
2019-07-13 20:47:06,180 INFO  volume.VolumeSet (VolumeSet.java:initializeVolumeSet(170)) - Added Volume : /tmp/workdir/hadoop-ozone/integration-test/target/test-dir/MiniOzoneClusterImpl-f7499cc7-d7a4-4a70-8d9c-14a8f781e78f/datanode-5/data/containers/hdds to VolumeSet
2019-07-13 20:47:06,180 INFO  volume.ThrottledAsyncChecker (ThrottledAsyncChecker.java:schedule(140)) - Scheduling a check for org.apache.hadoop.ozone.container.common.volume.HddsVolume@14d36bb2
2019-07-13 20:47:06,180 INFO  volume.HddsVolumeChecker (HddsVolumeChecker.java:checkAllVolumes(203)) - Scheduled health check for volume org.apache.hadoop.ozone.container.common.volume.HddsVolume@14d36bb2
2019-07-13 20:47:06,205 INFO  impl.RaftServerProxy (ConfUtils.java:logGet(43)) - raft.rpc.type = GRPC (default)
2019-07-13 20:47:06,205 INFO  grpc.GrpcFactory (GrpcFactory.java:checkPooledByteBufAllocatorUseCacheForAllThreads(45)) - PERFORMANCE WARNING: useCacheForAllThreads is true that may cause Netty to create a lot garbage objects and, as a result, trigger GC.
	It is recommended to disable useCacheForAllThreads by setting -Dorg.apache.ratis.thirdparty.io.netty.allocator.useCacheForAllThreads=false in command line.
2019-07-13 20:47:06,205 INFO  grpc.GrpcConfigKeys$Server (ConfUtils.java:logGet(43)) - raft.grpc.server.port = 0 (default)
2019-07-13 20:47:06,206 INFO  server.GrpcService (ConfUtils.java:logGet(43)) - raft.grpc.message.size.max = 33570816 (custom)
2019-07-13 20:47:06,206 INFO  server.RaftServerConfigKeys (ConfUtils.java:logGet(43)) - raft.server.log.appender.buffer.byte-limit = 33554432 (custom)
2019-07-13 20:47:06,206 INFO  server.GrpcService (ConfUtils.java:logGet(43)) - raft.grpc.flow.control.window = 1MB (=1048576) (default)
2019-07-13 20:47:06,206 INFO  server.RaftServerConfigKeys (ConfUtils.java:logGet(43)) - raft.server.rpc.request.timeout = 3000ms (default)
2019-07-13 20:47:06,207 INFO  server.RaftServerConfigKeys (ConfUtils.java:logGet(43)) - raft.server.storage.dir = [/tmp/workdir/hadoop-ozone/integration-test/target/test-dir/MiniOzoneClusterImpl-f7499cc7-d7a4-4a70-8d9c-14a8f781e78f/datanode-5/data/ratis] (custom)
2019-07-13 20:47:06,207 INFO  replication.SimpleContainerDownloader (SimpleContainerDownloader.java:<init>(72)) - Starting container downloader service to copy containers to replicate.
2019-07-13 20:47:06,208 INFO  hdfs.DFSUtil (DFSUtil.java:httpServerTemplateForNNAndJN(1641)) - Starting Web-server for hddsDatanode at: http://0.0.0.0:0
2019-07-13 20:47:06,209 INFO  server.AuthenticationFilter (AuthenticationFilter.java:constructSecretProvider(240)) - Unable to initialize FileSignerSecretProvider, falling back to use random secrets.
2019-07-13 20:47:06,209 WARN  http.HttpRequestLog (HttpRequestLog.java:getRequestLog(97)) - Jetty request log can only be enabled using Log4j
2019-07-13 20:47:06,211 INFO  http.HttpServer2 (HttpServer2.java:addGlobalFilter(975)) - Added global filter 'safety' (class=org.apache.hadoop.http.HttpServer2$QuotingInputFilter)
2019-07-13 20:47:06,211 INFO  http.HttpServer2 (HttpServer2.java:addFilter(948)) - Added filter static_user_filter (class=org.apache.hadoop.http.lib.StaticUserWebFilter$StaticUserFilter) to context hddsDatanode
2019-07-13 20:47:06,211 INFO  http.HttpServer2 (HttpServer2.java:addFilter(958)) - Added filter static_user_filter (class=org.apache.hadoop.http.lib.StaticUserWebFilter$StaticUserFilter) to context static
2019-07-13 20:47:06,211 INFO  http.HttpServer2 (HttpServer2.java:addFilter(958)) - Added filter static_user_filter (class=org.apache.hadoop.http.lib.StaticUserWebFilter$StaticUserFilter) to context logs
2019-07-13 20:47:06,212 INFO  http.HttpServer2 (HttpServer2.java:bindListener(1191)) - Jetty bound to port 45413
2019-07-13 20:47:06,212 INFO  server.Server (Server.java:doStart(351)) - jetty-9.3.24.v20180605, build timestamp: 2018-06-05T17:11:56Z, git hash: 84205aa28f11a4f31f2a3b86d1bba2cc8ab69827
2019-07-13 20:47:06,214 INFO  handler.ContextHandler (ContextHandler.java:doStart(781)) - Started o.e.j.s.ServletContextHandler@3fa57aa8{/logs,file:///tmp/workdir/hadoop-ozone/integration-test/target/log,AVAILABLE}
2019-07-13 20:47:06,214 INFO  handler.ContextHandler (ContextHandler.java:doStart(781)) - Started o.e.j.s.ServletContextHandler@2e847e71{/static,jar:file:/home/user/.m2/repository/org/apache/hadoop/hadoop-hdds-container-service/0.5.0-SNAPSHOT/hadoop-hdds-container-service-0.5.0-SNAPSHOT.jar!/webapps/static,AVAILABLE}
2019-07-13 20:47:06,241 INFO  handler.ContextHandler (ContextHandler.java:doStart(781)) - Started o.e.j.w.WebAppContext@642ec6{/,file:///tmp/jetty-0.0.0.0-45413-hddsDatanode-_-any-1031044444163807835.dir/webapp/,AVAILABLE}{/hddsDatanode}
2019-07-13 20:47:06,241 INFO  server.AbstractConnector (AbstractConnector.java:doStart(278)) - Started ServerConnector@656302c{HTTP/1.1,[http/1.1]}{0.0.0.0:45413}
2019-07-13 20:47:06,246 INFO  server.Server (Server.java:doStart(419)) - Started @41047ms
2019-07-13 20:47:06,247 INFO  server.BaseHttpServer (BaseHttpServer.java:updateConnectorAddress(207)) - HTTP server of HDDSDATANODE is listening at http://0.0.0.0:45413
2019-07-13 20:47:06,400 INFO  ozone.HddsDatanodeService (HddsDatanodeService.java:startPlugins(396)) - Started plug-in org.apache.hadoop.ozone.web.OzoneHddsDatanodeService@3ebc6d8b
2019-07-13 20:47:06,401 INFO  impl.MetricsSystemImpl (MetricsSystemImpl.java:init(158)) - HddsDatanode metrics system started (again)
2019-07-13 20:47:06,401 INFO  ozone.HddsDatanodeService (HddsDatanodeService.java:start(185)) - HddsDatanodeService host:trunk-nightly-6qp7m-2461138711 ip:192.168.5.168
2019-07-13 20:47:06,403 INFO  util.JvmPauseMonitor (JvmPauseMonitor.java:run(188)) - Starting JVM pause monitor
2019-07-13 20:47:06,404 WARN  server.GrpcLogAppender (LogUtils.java:warn(134)) - a821c51a-654e-405d-8a70-0a883c22ff18->4f108adb-2142-4e92-bf39-b48875c9ade4: Failed appendEntries: org.apache.ratis.thirdparty.io.grpc.StatusRuntimeException: UNAVAILABLE: io exception
2019-07-13 20:47:06,404 WARN  server.GrpcLogAppender (LogUtils.java:warn(134)) - a821c51a-654e-405d-8a70-0a883c22ff18->ab218066-181d-46b2-9ec7-7fa1ad867f1c: Failed appendEntries: org.apache.ratis.thirdparty.io.grpc.StatusRuntimeException: UNAVAILABLE: io exception
2019-07-13 20:47:06,410 INFO  impl.FollowerInfo (FollowerInfo.java:lambda$new$0(50)) - a821c51a-654e-405d-8a70-0a883c22ff18->4f108adb-2142-4e92-bf39-b48875c9ade4: nextIndex: updateUnconditionally 2 -> 1
2019-07-13 20:47:06,413 INFO  impl.FollowerInfo (FollowerInfo.java:lambda$new$0(50)) - a821c51a-654e-405d-8a70-0a883c22ff18->ab218066-181d-46b2-9ec7-7fa1ad867f1c: nextIndex: updateUnconditionally 0 -> 0
2019-07-13 20:47:06,413 INFO  datanode.InitDatanodeState (InitDatanodeState.java:persistContainerDatanodeDetails(140)) - DatanodeDetails is persisted to /tmp/workdir/hadoop-ozone/integration-test/target/test-dir/MiniOzoneClusterImpl-f7499cc7-d7a4-4a70-8d9c-14a8f781e78f/datanode-5/meta/datanode.id
2019-07-13 20:47:06,421 INFO  volume.HddsVolume (HddsVolume.java:<init>(176)) - Creating Volume: /tmp/workdir/hadoop-ozone/integration-test/target/test-dir/MiniOzoneClusterImpl-f7499cc7-d7a4-4a70-8d9c-14a8f781e78f/datanode-6/data/containers/hdds of  storage type : DISK and capacity : 52710309888
2019-07-13 20:47:06,421 INFO  volume.VolumeSet (VolumeSet.java:initializeVolumeSet(170)) - Added Volume : /tmp/workdir/hadoop-ozone/integration-test/target/test-dir/MiniOzoneClusterImpl-f7499cc7-d7a4-4a70-8d9c-14a8f781e78f/datanode-6/data/containers/hdds to VolumeSet
2019-07-13 20:47:06,421 INFO  volume.ThrottledAsyncChecker (ThrottledAsyncChecker.java:schedule(140)) - Scheduling a check for org.apache.hadoop.ozone.container.common.volume.HddsVolume@66e218d8
2019-07-13 20:47:06,422 INFO  volume.HddsVolumeChecker (HddsVolumeChecker.java:checkAllVolumes(203)) - Scheduled health check for volume org.apache.hadoop.ozone.container.common.volume.HddsVolume@66e218d8
2019-07-13 20:47:06,443 INFO  impl.RaftServerProxy (ConfUtils.java:logGet(43)) - raft.rpc.type = GRPC (default)
2019-07-13 20:47:06,443 INFO  grpc.GrpcFactory (GrpcFactory.java:checkPooledByteBufAllocatorUseCacheForAllThreads(45)) - PERFORMANCE WARNING: useCacheForAllThreads is true that may cause Netty to create a lot garbage objects and, as a result, trigger GC.
	It is recommended to disable useCacheForAllThreads by setting -Dorg.apache.ratis.thirdparty.io.netty.allocator.useCacheForAllThreads=false in command line.
2019-07-13 20:47:06,443 INFO  grpc.GrpcConfigKeys$Server (ConfUtils.java:logGet(43)) - raft.grpc.server.port = 0 (default)
2019-07-13 20:47:06,444 INFO  server.GrpcService (ConfUtils.java:logGet(43)) - raft.grpc.message.size.max = 33570816 (custom)
2019-07-13 20:47:06,444 INFO  server.RaftServerConfigKeys (ConfUtils.java:logGet(43)) - raft.server.log.appender.buffer.byte-limit = 33554432 (custom)
2019-07-13 20:47:06,444 INFO  server.GrpcService (ConfUtils.java:logGet(43)) - raft.grpc.flow.control.window = 1MB (=1048576) (default)
2019-07-13 20:47:06,444 INFO  server.RaftServerConfigKeys (ConfUtils.java:logGet(43)) - raft.server.rpc.request.timeout = 3000ms (default)
2019-07-13 20:47:06,445 INFO  server.RaftServerConfigKeys (ConfUtils.java:logGet(43)) - raft.server.storage.dir = [/tmp/workdir/hadoop-ozone/integration-test/target/test-dir/MiniOzoneClusterImpl-f7499cc7-d7a4-4a70-8d9c-14a8f781e78f/datanode-6/data/ratis] (custom)
2019-07-13 20:47:06,445 INFO  replication.SimpleContainerDownloader (SimpleContainerDownloader.java:<init>(72)) - Starting container downloader service to copy containers to replicate.
2019-07-13 20:47:06,446 INFO  hdfs.DFSUtil (DFSUtil.java:httpServerTemplateForNNAndJN(1641)) - Starting Web-server for hddsDatanode at: http://0.0.0.0:0
2019-07-13 20:47:06,448 INFO  server.AuthenticationFilter (AuthenticationFilter.java:constructSecretProvider(240)) - Unable to initialize FileSignerSecretProvider, falling back to use random secrets.
2019-07-13 20:47:06,448 WARN  http.HttpRequestLog (HttpRequestLog.java:getRequestLog(97)) - Jetty request log can only be enabled using Log4j
2019-07-13 20:47:06,449 INFO  http.HttpServer2 (HttpServer2.java:addGlobalFilter(975)) - Added global filter 'safety' (class=org.apache.hadoop.http.HttpServer2$QuotingInputFilter)
2019-07-13 20:47:06,450 INFO  http.HttpServer2 (HttpServer2.java:addFilter(948)) - Added filter static_user_filter (class=org.apache.hadoop.http.lib.StaticUserWebFilter$StaticUserFilter) to context hddsDatanode
2019-07-13 20:47:06,450 INFO  http.HttpServer2 (HttpServer2.java:addFilter(958)) - Added filter static_user_filter (class=org.apache.hadoop.http.lib.StaticUserWebFilter$StaticUserFilter) to context logs
2019-07-13 20:47:06,450 INFO  http.HttpServer2 (HttpServer2.java:addFilter(958)) - Added filter static_user_filter (class=org.apache.hadoop.http.lib.StaticUserWebFilter$StaticUserFilter) to context static
2019-07-13 20:47:06,451 INFO  http.HttpServer2 (HttpServer2.java:bindListener(1191)) - Jetty bound to port 43304
2019-07-13 20:47:06,451 INFO  server.Server (Server.java:doStart(351)) - jetty-9.3.24.v20180605, build timestamp: 2018-06-05T17:11:56Z, git hash: 84205aa28f11a4f31f2a3b86d1bba2cc8ab69827
2019-07-13 20:47:06,453 INFO  handler.ContextHandler (ContextHandler.java:doStart(781)) - Started o.e.j.s.ServletContextHandler@6f69e2d8{/logs,file:///tmp/workdir/hadoop-ozone/integration-test/target/log,AVAILABLE}
2019-07-13 20:47:06,453 INFO  handler.ContextHandler (ContextHandler.java:doStart(781)) - Started o.e.j.s.ServletContextHandler@3539cf45{/static,jar:file:/home/user/.m2/repository/org/apache/hadoop/hadoop-hdds-container-service/0.5.0-SNAPSHOT/hadoop-hdds-container-service-0.5.0-SNAPSHOT.jar!/webapps/static,AVAILABLE}
2019-07-13 20:47:06,481 INFO  handler.ContextHandler (ContextHandler.java:doStart(781)) - Started o.e.j.w.WebAppContext@46d51d5e{/,file:///tmp/jetty-0.0.0.0-43304-hddsDatanode-_-any-1267842526217921946.dir/webapp/,AVAILABLE}{/hddsDatanode}
2019-07-13 20:47:06,481 INFO  server.AbstractConnector (AbstractConnector.java:doStart(278)) - Started ServerConnector@530df3ab{HTTP/1.1,[http/1.1]}{0.0.0.0:43304}
2019-07-13 20:47:06,487 INFO  server.Server (Server.java:doStart(419)) - Started @41288ms
2019-07-13 20:47:06,488 INFO  server.BaseHttpServer (BaseHttpServer.java:updateConnectorAddress(207)) - HTTP server of HDDSDATANODE is listening at http://0.0.0.0:43304
2019-07-13 20:47:06,599 INFO  ozone.HddsDatanodeService (HddsDatanodeService.java:startPlugins(396)) - Started plug-in org.apache.hadoop.ozone.web.OzoneHddsDatanodeService@39a2e77d
2019-07-13 20:47:06,600 INFO  ozone.MiniOzoneClusterImpl (MiniOzoneClusterImpl.java:lambda$waitForClusterToBeReady$0(142)) - Waiting for cluster to be ready. Got 0 of 7 DN Heartbeats.
2019-07-13 20:47:06,601 INFO  util.JvmPauseMonitor (JvmPauseMonitor.java:run(188)) - Starting JVM pause monitor
2019-07-13 20:47:06,603 INFO  datanode.InitDatanodeState (InitDatanodeState.java:persistContainerDatanodeDetails(140)) - DatanodeDetails is persisted to /tmp/workdir/hadoop-ozone/integration-test/target/test-dir/MiniOzoneClusterImpl-f7499cc7-d7a4-4a70-8d9c-14a8f781e78f/datanode-6/meta/datanode.id
2019-07-13 20:47:07,236 INFO  ozoneimpl.OzoneContainer (OzoneContainer.java:start(186)) - Attempting to start container services.
2019-07-13 20:47:07,237 INFO  ozoneimpl.OzoneContainer (OzoneContainer.java:startContainerScrub(160)) - Background container scrubber has been disabled by hdds.containerscrub.enabled
2019-07-13 20:47:07,237 INFO  ratis.XceiverServerRatis (XceiverServerRatis.java:start(418)) - Starting XceiverServerRatis 05e77c5e-e1f6-4c07-aa64-b75593fc2a63 at port 0
2019-07-13 20:47:07,244 INFO  impl.RaftServerProxy (RaftServerProxy.java:lambda$start$3(299)) - 05e77c5e-e1f6-4c07-aa64-b75593fc2a63: start RPC server
2019-07-13 20:47:07,246 INFO  server.GrpcService (GrpcService.java:startImpl(149)) - 05e77c5e-e1f6-4c07-aa64-b75593fc2a63: GrpcService started, listening on 0.0.0.0/0.0.0.0:40153
2019-07-13 20:47:07,246 INFO  ratis.XceiverServerRatis (XceiverServerRatis.java:start(428)) - XceiverServerRatis 05e77c5e-e1f6-4c07-aa64-b75593fc2a63 is started using port 40153
2019-07-13 20:47:07,246 INFO  server.XceiverServerGrpc (XceiverServerGrpc.java:start(161)) - XceiverServerGrpc 05e77c5e-e1f6-4c07-aa64-b75593fc2a63 is started using port 45791
2019-07-13 20:47:07,560 INFO  ozoneimpl.OzoneContainer (OzoneContainer.java:start(186)) - Attempting to start container services.
2019-07-13 20:47:07,560 INFO  ozoneimpl.OzoneContainer (OzoneContainer.java:startContainerScrub(160)) - Background container scrubber has been disabled by hdds.containerscrub.enabled
2019-07-13 20:47:07,560 INFO  ratis.XceiverServerRatis (XceiverServerRatis.java:start(418)) - Starting XceiverServerRatis aa0bc247-12f0-4aa6-87db-fc23e750d426 at port 0
2019-07-13 20:47:07,568 INFO  impl.RaftServerProxy (RaftServerProxy.java:lambda$start$3(299)) - aa0bc247-12f0-4aa6-87db-fc23e750d426: start RPC server
2019-07-13 20:47:07,590 INFO  server.GrpcService (GrpcService.java:startImpl(149)) - aa0bc247-12f0-4aa6-87db-fc23e750d426: GrpcService started, listening on 0.0.0.0/0.0.0.0:39115
2019-07-13 20:47:07,590 INFO  ratis.XceiverServerRatis (XceiverServerRatis.java:start(428)) - XceiverServerRatis aa0bc247-12f0-4aa6-87db-fc23e750d426 is started using port 39115
2019-07-13 20:47:07,590 INFO  server.XceiverServerGrpc (XceiverServerGrpc.java:start(161)) - XceiverServerGrpc aa0bc247-12f0-4aa6-87db-fc23e750d426 is started using port 40635
2019-07-13 20:47:07,600 INFO  ozone.MiniOzoneClusterImpl (MiniOzoneClusterImpl.java:lambda$waitForClusterToBeReady$0(142)) - Waiting for cluster to be ready. Got 0 of 7 DN Heartbeats.
2019-07-13 20:47:07,756 INFO  ozoneimpl.OzoneContainer (OzoneContainer.java:start(186)) - Attempting to start container services.
2019-07-13 20:47:07,756 INFO  ozoneimpl.OzoneContainer (OzoneContainer.java:startContainerScrub(160)) - Background container scrubber has been disabled by hdds.containerscrub.enabled
2019-07-13 20:47:07,756 INFO  ratis.XceiverServerRatis (XceiverServerRatis.java:start(418)) - Starting XceiverServerRatis 271550d9-1512-4bf5-aaa9-af0d36b1f2e7 at port 0
2019-07-13 20:47:07,765 INFO  impl.RaftServerProxy (RaftServerProxy.java:lambda$start$3(299)) - 271550d9-1512-4bf5-aaa9-af0d36b1f2e7: start RPC server
2019-07-13 20:47:07,765 INFO  server.GrpcService (GrpcService.java:startImpl(149)) - 271550d9-1512-4bf5-aaa9-af0d36b1f2e7: GrpcService started, listening on 0.0.0.0/0.0.0.0:33182
2019-07-13 20:47:07,766 INFO  ratis.XceiverServerRatis (XceiverServerRatis.java:start(428)) - XceiverServerRatis 271550d9-1512-4bf5-aaa9-af0d36b1f2e7 is started using port 33182
2019-07-13 20:47:07,766 INFO  server.XceiverServerGrpc (XceiverServerGrpc.java:start(161)) - XceiverServerGrpc 271550d9-1512-4bf5-aaa9-af0d36b1f2e7 is started using port 35087
2019-07-13 20:47:07,936 INFO  ozoneimpl.OzoneContainer (OzoneContainer.java:start(186)) - Attempting to start container services.
2019-07-13 20:47:07,936 INFO  ozoneimpl.OzoneContainer (OzoneContainer.java:startContainerScrub(160)) - Background container scrubber has been disabled by hdds.containerscrub.enabled
2019-07-13 20:47:07,936 INFO  ratis.XceiverServerRatis (XceiverServerRatis.java:start(418)) - Starting XceiverServerRatis ec53db5d-3828-4459-8e22-4f8ed9f81799 at port 0
2019-07-13 20:47:07,945 INFO  impl.RaftServerProxy (RaftServerProxy.java:lambda$start$3(299)) - ec53db5d-3828-4459-8e22-4f8ed9f81799: start RPC server
2019-07-13 20:47:07,946 INFO  server.GrpcService (GrpcService.java:startImpl(149)) - ec53db5d-3828-4459-8e22-4f8ed9f81799: GrpcService started, listening on 0.0.0.0/0.0.0.0:43175
2019-07-13 20:47:07,946 INFO  ratis.XceiverServerRatis (XceiverServerRatis.java:start(428)) - XceiverServerRatis ec53db5d-3828-4459-8e22-4f8ed9f81799 is started using port 43175
2019-07-13 20:47:07,946 INFO  server.XceiverServerGrpc (XceiverServerGrpc.java:start(161)) - XceiverServerGrpc ec53db5d-3828-4459-8e22-4f8ed9f81799 is started using port 35636
2019-07-13 20:47:08,179 INFO  ozoneimpl.OzoneContainer (OzoneContainer.java:start(186)) - Attempting to start container services.
2019-07-13 20:47:08,180 INFO  ozoneimpl.OzoneContainer (OzoneContainer.java:startContainerScrub(160)) - Background container scrubber has been disabled by hdds.containerscrub.enabled
2019-07-13 20:47:08,180 INFO  ratis.XceiverServerRatis (XceiverServerRatis.java:start(418)) - Starting XceiverServerRatis c48372ad-a728-4188-b6f8-0eebdcb5506e at port 0
2019-07-13 20:47:08,187 INFO  impl.RaftServerProxy (RaftServerProxy.java:lambda$start$3(299)) - c48372ad-a728-4188-b6f8-0eebdcb5506e: start RPC server
2019-07-13 20:47:08,188 INFO  server.GrpcService (GrpcService.java:startImpl(149)) - c48372ad-a728-4188-b6f8-0eebdcb5506e: GrpcService started, listening on 0.0.0.0/0.0.0.0:33171
2019-07-13 20:47:08,188 INFO  ratis.XceiverServerRatis (XceiverServerRatis.java:start(428)) - XceiverServerRatis c48372ad-a728-4188-b6f8-0eebdcb5506e is started using port 33171
2019-07-13 20:47:08,189 INFO  server.XceiverServerGrpc (XceiverServerGrpc.java:start(161)) - XceiverServerGrpc c48372ad-a728-4188-b6f8-0eebdcb5506e is started using port 36248
2019-07-13 20:47:08,416 INFO  ozoneimpl.OzoneContainer (OzoneContainer.java:start(186)) - Attempting to start container services.
2019-07-13 20:47:08,416 INFO  ozoneimpl.OzoneContainer (OzoneContainer.java:startContainerScrub(160)) - Background container scrubber has been disabled by hdds.containerscrub.enabled
2019-07-13 20:47:08,416 INFO  ratis.XceiverServerRatis (XceiverServerRatis.java:start(418)) - Starting XceiverServerRatis 5ad19d80-f4cf-4ccb-9361-ee5c40524fb7 at port 0
2019-07-13 20:47:08,425 INFO  impl.RaftServerProxy (RaftServerProxy.java:lambda$start$3(299)) - 5ad19d80-f4cf-4ccb-9361-ee5c40524fb7: start RPC server
2019-07-13 20:47:08,426 INFO  server.GrpcService (GrpcService.java:startImpl(149)) - 5ad19d80-f4cf-4ccb-9361-ee5c40524fb7: GrpcService started, listening on 0.0.0.0/0.0.0.0:44843
2019-07-13 20:47:08,426 INFO  ratis.XceiverServerRatis (XceiverServerRatis.java:start(428)) - XceiverServerRatis 5ad19d80-f4cf-4ccb-9361-ee5c40524fb7 is started using port 44843
2019-07-13 20:47:08,457 INFO  server.XceiverServerGrpc (XceiverServerGrpc.java:start(161)) - XceiverServerGrpc 5ad19d80-f4cf-4ccb-9361-ee5c40524fb7 is started using port 34662
2019-07-13 20:47:08,601 INFO  ozone.MiniOzoneClusterImpl (MiniOzoneClusterImpl.java:lambda$waitForClusterToBeReady$0(142)) - Waiting for cluster to be ready. Got 0 of 7 DN Heartbeats.
2019-07-13 20:47:08,615 INFO  ozoneimpl.OzoneContainer (OzoneContainer.java:start(186)) - Attempting to start container services.
2019-07-13 20:47:08,615 INFO  ozoneimpl.OzoneContainer (OzoneContainer.java:startContainerScrub(160)) - Background container scrubber has been disabled by hdds.containerscrub.enabled
2019-07-13 20:47:08,616 INFO  ratis.XceiverServerRatis (XceiverServerRatis.java:start(418)) - Starting XceiverServerRatis bd4efc6b-fac3-47b0-83f6-4aa0ec2ef6fe at port 0
2019-07-13 20:47:08,625 INFO  impl.RaftServerProxy (RaftServerProxy.java:lambda$start$3(299)) - bd4efc6b-fac3-47b0-83f6-4aa0ec2ef6fe: start RPC server
2019-07-13 20:47:08,626 INFO  server.GrpcService (GrpcService.java:startImpl(149)) - bd4efc6b-fac3-47b0-83f6-4aa0ec2ef6fe: GrpcService started, listening on 0.0.0.0/0.0.0.0:37928
2019-07-13 20:47:08,627 INFO  ratis.XceiverServerRatis (XceiverServerRatis.java:start(428)) - XceiverServerRatis bd4efc6b-fac3-47b0-83f6-4aa0ec2ef6fe is started using port 37928
2019-07-13 20:47:08,627 INFO  server.XceiverServerGrpc (XceiverServerGrpc.java:start(161)) - XceiverServerGrpc bd4efc6b-fac3-47b0-83f6-4aa0ec2ef6fe is started using port 32936
2019-07-13 20:47:08,905 WARN  server.GrpcLogAppender (LogUtils.java:warn(134)) - a821c51a-654e-405d-8a70-0a883c22ff18->ab218066-181d-46b2-9ec7-7fa1ad867f1c: Failed appendEntries: org.apache.ratis.thirdparty.io.grpc.StatusRuntimeException: UNAVAILABLE: io exception
2019-07-13 20:47:08,905 WARN  server.GrpcLogAppender (LogUtils.java:warn(134)) - a821c51a-654e-405d-8a70-0a883c22ff18->4f108adb-2142-4e92-bf39-b48875c9ade4: Failed appendEntries: org.apache.ratis.thirdparty.io.grpc.StatusRuntimeException: UNAVAILABLE: io exception
2019-07-13 20:47:08,913 INFO  impl.FollowerInfo (FollowerInfo.java:lambda$new$0(50)) - a821c51a-654e-405d-8a70-0a883c22ff18->ab218066-181d-46b2-9ec7-7fa1ad867f1c: nextIndex: updateUnconditionally 0 -> 0
2019-07-13 20:47:08,919 INFO  impl.FollowerInfo (FollowerInfo.java:lambda$new$0(50)) - a821c51a-654e-405d-8a70-0a883c22ff18->4f108adb-2142-4e92-bf39-b48875c9ade4: nextIndex: updateUnconditionally 1 -> 0
2019-07-13 20:47:09,213 INFO  net.NetworkTopology (NetworkTopologyImpl.java:add(110)) - Added a new node: /default-rack/192.168.5.168
2019-07-13 20:47:09,219 INFO  node.SCMNodeManager (SCMNodeManager.java:register(269)) - Registered Data node : 05e77c5e-e1f6-4c07-aa64-b75593fc2a63{ip: 192.168.5.168, host: trunk-nightly-6qp7m-2461138711, networkLocation: /default-rack, certSerialId: null}
2019-07-13 20:47:09,220 INFO  safemode.SCMSafeModeManager (DataNodeSafeModeRule.java:process(71)) - SCM in safe mode. 1 DataNodes registered, 1 required.
2019-07-13 20:47:09,226 INFO  safemode.SCMSafeModeManager (SCMSafeModeManager.java:validateSafeModeExitRules(177)) - ScmSafeModeManager, all rules are successfully validated
2019-07-13 20:47:09,226 INFO  safemode.SCMSafeModeManager (SCMSafeModeManager.java:exitSafeMode(193)) - SCM exiting safe mode.
2019-07-13 20:47:09,240 INFO  impl.RaftServerProxy (RaftServerProxy.java:addNew(89)) - 05e77c5e-e1f6-4c07-aa64-b75593fc2a63: addNew group-4D1E9CE215C8:[05e77c5e-e1f6-4c07-aa64-b75593fc2a63:192.168.5.168:40153] returns group-4D1E9CE215C8:java.util.concurrent.CompletableFuture@774983e0[Not completed]
2019-07-13 20:47:09,242 INFO  impl.RaftServerImpl (RaftServerImpl.java:<init>(93)) - 05e77c5e-e1f6-4c07-aa64-b75593fc2a63: new RaftServerImpl for group-4D1E9CE215C8:[05e77c5e-e1f6-4c07-aa64-b75593fc2a63:192.168.5.168:40153] with ContainerStateMachine:uninitialized
2019-07-13 20:47:09,243 INFO  server.RaftServerConfigKeys (ConfUtils.java:logGet(43)) - raft.server.rpc.timeout.min = 5s (custom)
2019-07-13 20:47:09,243 INFO  server.RaftServerConfigKeys (ConfUtils.java:logGet(43)) - raft.server.rpc.timeout.max = 5200ms (custom)
2019-07-13 20:47:09,243 INFO  server.RaftServerConfigKeys (ConfUtils.java:logGet(43)) - raft.server.rpcslowness.timeout = 120s (custom)
2019-07-13 20:47:09,243 INFO  server.RaftServerConfigKeys (ConfUtils.java:logGet(43)) - raft.server.sleep.deviation.threshold = 300 (default)
2019-07-13 20:47:09,243 INFO  server.RaftServerConfigKeys (ConfUtils.java:logGet(43)) - raft.server.log.appender.install.snapshot.enabled = false (custom)
2019-07-13 20:47:09,244 INFO  impl.RaftServerImpl (ServerState.java:<init>(105)) - 05e77c5e-e1f6-4c07-aa64-b75593fc2a63:group-4D1E9CE215C8 ConfigurationManager, init=-1: [05e77c5e-e1f6-4c07-aa64-b75593fc2a63:192.168.5.168:40153], old=null, confs=<EMPTY_MAP>
2019-07-13 20:47:09,244 INFO  server.RaftServerConfigKeys (ConfUtils.java:logGet(43)) - raft.server.storage.dir = [/tmp/workdir/hadoop-ozone/integration-test/target/test-dir/MiniOzoneClusterImpl-f7499cc7-d7a4-4a70-8d9c-14a8f781e78f/datanode-0/data/ratis] (custom)
2019-07-13 20:47:09,245 INFO  storage.RaftStorageDirectory (RaftStorageDirectory.java:analyzeStorage(246)) - The storage directory /tmp/workdir/hadoop-ozone/integration-test/target/test-dir/MiniOzoneClusterImpl-f7499cc7-d7a4-4a70-8d9c-14a8f781e78f/datanode-0/data/ratis/11c36466-3278-482d-9714-4d1e9ce215c8 does not exist. Creating ...
2019-07-13 20:47:09,259 INFO  storage.RaftStorageDirectory (RaftStorageDirectory.java:tryLock(328)) - Lock on /tmp/workdir/hadoop-ozone/integration-test/target/test-dir/MiniOzoneClusterImpl-f7499cc7-d7a4-4a70-8d9c-14a8f781e78f/datanode-0/data/ratis/11c36466-3278-482d-9714-4d1e9ce215c8/in_use.lock acquired by nodename 28672@trunk-nightly-6qp7m-2461138711
2019-07-13 20:47:09,272 INFO  storage.RaftStorage (RaftStorage.java:format(72)) - Storage directory /tmp/workdir/hadoop-ozone/integration-test/target/test-dir/MiniOzoneClusterImpl-f7499cc7-d7a4-4a70-8d9c-14a8f781e78f/datanode-0/data/ratis/11c36466-3278-482d-9714-4d1e9ce215c8 has been successfully formatted.
2019-07-13 20:47:09,272 INFO  ratis.ContainerStateMachine (ContainerStateMachine.java:loadSnapshot(200)) - The snapshot info is null.Setting the last applied index to:(t:0, i:~)
2019-07-13 20:47:09,272 INFO  server.RaftServerConfigKeys (ConfUtils.java:logGet(43)) - raft.server.leader.election.timeout = 120s (custom)
2019-07-13 20:47:09,273 INFO  server.RaftServerConfigKeys (ConfUtils.java:logGet(43)) - raft.server.log.use.memory = false (default)
2019-07-13 20:47:09,273 INFO  server.RaftServerConfigKeys (ConfUtils.java:logGet(43)) - raft.server.log.purge.gap = 1000000000 (custom)
2019-07-13 20:47:09,273 INFO  server.RaftServerConfigKeys (ConfUtils.java:logGet(43)) - raft.server.log.appender.buffer.byte-limit = 33554432 (custom)
2019-07-13 20:47:09,273 INFO  server.RaftServerConfigKeys (ConfUtils.java:logGet(43)) - raft.server.log.segment.size.max = 1048576 (custom)
2019-07-13 20:47:09,273 INFO  server.RaftServerConfigKeys (ConfUtils.java:logGet(43)) - raft.server.log.segment.cache.num.max = 2 (custom)
2019-07-13 20:47:09,274 INFO  segmented.SegmentedRaftLogWorker (SegmentedRaftLogWorker.java:<init>(172)) - new 05e77c5e-e1f6-4c07-aa64-b75593fc2a63-SegmentedRaftLogWorker:Storage Directory /tmp/workdir/hadoop-ozone/integration-test/target/test-dir/MiniOzoneClusterImpl-f7499cc7-d7a4-4a70-8d9c-14a8f781e78f/datanode-0/data/ratis/11c36466-3278-482d-9714-4d1e9ce215c8 for RaftStorage:Storage Directory /tmp/workdir/hadoop-ozone/integration-test/target/test-dir/MiniOzoneClusterImpl-f7499cc7-d7a4-4a70-8d9c-14a8f781e78f/datanode-0/data/ratis/11c36466-3278-482d-9714-4d1e9ce215c8
2019-07-13 20:47:09,274 INFO  server.RaftServerConfigKeys (ConfUtils.java:logGet(43)) - raft.server.log.queue.byte-limit = 2147483647 (custom)
2019-07-13 20:47:09,274 INFO  server.RaftServerConfigKeys (ConfUtils.java:logGet(43)) - raft.server.log.queue.element-limit = 1024 (custom)
2019-07-13 20:47:09,274 INFO  server.RaftServerConfigKeys (ConfUtils.java:logGet(43)) - raft.server.log.segment.size.max = 1048576 (custom)
2019-07-13 20:47:09,275 INFO  server.RaftServerConfigKeys (ConfUtils.java:logGet(43)) - raft.server.log.preallocated.size = 16384 (custom)
2019-07-13 20:47:09,275 INFO  server.RaftServerConfigKeys (ConfUtils.java:logGet(43)) - raft.server.log.write.buffer.size = 33554432 (custom)
2019-07-13 20:47:09,275 INFO  server.RaftServerConfigKeys (ConfUtils.java:logGet(43)) - raft.server.log.force.sync.num = 128 (default)
2019-07-13 20:47:09,275 INFO  server.RaftServerConfigKeys (ConfUtils.java:logGet(43)) - raft.server.log.statemachine.data.sync = true (default)
2019-07-13 20:47:09,275 INFO  server.RaftServerConfigKeys (ConfUtils.java:logGet(43)) - raft.server.log.statemachine.data.sync.timeout = 10s (default)
2019-07-13 20:47:09,275 INFO  server.RaftServerConfigKeys (ConfUtils.java:logGet(43)) - raft.server.log.statemachine.data.sync.timeout.retry = -1 (default)
2019-07-13 20:47:09,276 INFO  server.RaftServerConfigKeys (ConfUtils.java:logGet(43)) - raft.server.log.statemachine.data.caching.enabled = true (custom)
2019-07-13 20:47:09,276 INFO  segmented.SegmentedRaftLogWorker (SegmentedRaftLogWorker.java:lambda$new$0(132)) - 05e77c5e-e1f6-4c07-aa64-b75593fc2a63-SegmentedRaftLogWorker:Storage Directory /tmp/workdir/hadoop-ozone/integration-test/target/test-dir/MiniOzoneClusterImpl-f7499cc7-d7a4-4a70-8d9c-14a8f781e78f/datanode-0/data/ratis/11c36466-3278-482d-9714-4d1e9ce215c8: flushIndex: setUnconditionally 0 -> -1
2019-07-13 20:47:09,277 INFO  server.RaftServerConfigKeys (ConfUtils.java:logGet(43)) - raft.server.snapshot.auto.trigger.enabled = true (custom)
2019-07-13 20:47:09,277 INFO  server.RaftServerConfigKeys (ConfUtils.java:logGet(43)) - raft.server.snapshot.auto.trigger.threshold = 10000 (custom)
2019-07-13 20:47:09,277 INFO  server.RaftServerConfigKeys (ConfUtils.java:logGet(43)) - raft.server.retrycache.expirytime = 600000ms (custom)
2019-07-13 20:47:09,277 INFO  impl.RaftServerImpl (RaftServerImpl.java:start(180)) - 05e77c5e-e1f6-4c07-aa64-b75593fc2a63: start group-4D1E9CE215C8
2019-07-13 20:47:09,277 INFO  impl.RaftServerImpl (RaftServerImpl.java:setRole(171)) - 05e77c5e-e1f6-4c07-aa64-b75593fc2a63:group-4D1E9CE215C8 changes role from null to FOLLOWER at term 0 for startAsFollower
2019-07-13 20:47:09,278 INFO  impl.RoleInfo (RoleInfo.java:updateAndGet(143)) - 05e77c5e-e1f6-4c07-aa64-b75593fc2a63: start FollowerState
2019-07-13 20:47:09,278 INFO  util.JmxRegister (JmxRegister.java:tryRegister(44)) - Successfully registered JMX Bean with object name Ratis:service=RaftServer,group=group-4D1E9CE215C8,id=05e77c5e-e1f6-4c07-aa64-b75593fc2a63
2019-07-13 20:47:09,282 INFO  pipeline.PipelineStateManager (PipelineStateManager.java:addPipeline(56)) - Created pipeline Pipeline[ Id: 11c36466-3278-482d-9714-4d1e9ce215c8, Nodes: 05e77c5e-e1f6-4c07-aa64-b75593fc2a63{ip: 192.168.5.168, host: trunk-nightly-6qp7m-2461138711, networkLocation: /default-rack, certSerialId: null}, Type:RATIS, Factor:ONE, State:OPEN]
2019-07-13 20:47:09,546 INFO  node.SCMNodeManager (SCMNodeManager.java:register(269)) - Registered Data node : aa0bc247-12f0-4aa6-87db-fc23e750d426{ip: 192.168.5.168, host: trunk-nightly-6qp7m-2461138711, networkLocation: /default-rack, certSerialId: null}
2019-07-13 20:47:09,563 INFO  impl.RaftServerProxy (RaftServerProxy.java:addNew(89)) - aa0bc247-12f0-4aa6-87db-fc23e750d426: addNew group-768372AA602B:[aa0bc247-12f0-4aa6-87db-fc23e750d426:192.168.5.168:39115] returns group-768372AA602B:java.util.concurrent.CompletableFuture@212ebf31[Not completed]
2019-07-13 20:47:09,565 INFO  impl.RaftServerImpl (RaftServerImpl.java:<init>(93)) - aa0bc247-12f0-4aa6-87db-fc23e750d426: new RaftServerImpl for group-768372AA602B:[aa0bc247-12f0-4aa6-87db-fc23e750d426:192.168.5.168:39115] with ContainerStateMachine:uninitialized
2019-07-13 20:47:09,565 INFO  server.RaftServerConfigKeys (ConfUtils.java:logGet(43)) - raft.server.rpc.timeout.min = 5s (custom)
2019-07-13 20:47:09,565 INFO  server.RaftServerConfigKeys (ConfUtils.java:logGet(43)) - raft.server.rpc.timeout.max = 5200ms (custom)
2019-07-13 20:47:09,565 INFO  server.RaftServerConfigKeys (ConfUtils.java:logGet(43)) - raft.server.rpcslowness.timeout = 120s (custom)
2019-07-13 20:47:09,566 INFO  server.RaftServerConfigKeys (ConfUtils.java:logGet(43)) - raft.server.sleep.deviation.threshold = 300 (default)
2019-07-13 20:47:09,566 INFO  server.RaftServerConfigKeys (ConfUtils.java:logGet(43)) - raft.server.log.appender.install.snapshot.enabled = false (custom)
2019-07-13 20:47:09,566 INFO  impl.RaftServerImpl (ServerState.java:<init>(105)) - aa0bc247-12f0-4aa6-87db-fc23e750d426:group-768372AA602B ConfigurationManager, init=-1: [aa0bc247-12f0-4aa6-87db-fc23e750d426:192.168.5.168:39115], old=null, confs=<EMPTY_MAP>
2019-07-13 20:47:09,566 INFO  server.RaftServerConfigKeys (ConfUtils.java:logGet(43)) - raft.server.storage.dir = [/tmp/workdir/hadoop-ozone/integration-test/target/test-dir/MiniOzoneClusterImpl-f7499cc7-d7a4-4a70-8d9c-14a8f781e78f/datanode-1/data/ratis] (custom)
2019-07-13 20:47:09,567 INFO  storage.RaftStorageDirectory (RaftStorageDirectory.java:analyzeStorage(246)) - The storage directory /tmp/workdir/hadoop-ozone/integration-test/target/test-dir/MiniOzoneClusterImpl-f7499cc7-d7a4-4a70-8d9c-14a8f781e78f/datanode-1/data/ratis/3ce7e141-53cb-459e-b11d-768372aa602b does not exist. Creating ...
2019-07-13 20:47:09,571 INFO  storage.RaftStorageDirectory (RaftStorageDirectory.java:tryLock(328)) - Lock on /tmp/workdir/hadoop-ozone/integration-test/target/test-dir/MiniOzoneClusterImpl-f7499cc7-d7a4-4a70-8d9c-14a8f781e78f/datanode-1/data/ratis/3ce7e141-53cb-459e-b11d-768372aa602b/in_use.lock acquired by nodename 28672@trunk-nightly-6qp7m-2461138711
2019-07-13 20:47:09,574 INFO  storage.RaftStorage (RaftStorage.java:format(72)) - Storage directory /tmp/workdir/hadoop-ozone/integration-test/target/test-dir/MiniOzoneClusterImpl-f7499cc7-d7a4-4a70-8d9c-14a8f781e78f/datanode-1/data/ratis/3ce7e141-53cb-459e-b11d-768372aa602b has been successfully formatted.
2019-07-13 20:47:09,575 INFO  ratis.ContainerStateMachine (ContainerStateMachine.java:loadSnapshot(200)) - The snapshot info is null.Setting the last applied index to:(t:0, i:~)
2019-07-13 20:47:09,575 INFO  server.RaftServerConfigKeys (ConfUtils.java:logGet(43)) - raft.server.leader.election.timeout = 120s (custom)
2019-07-13 20:47:09,575 INFO  server.RaftServerConfigKeys (ConfUtils.java:logGet(43)) - raft.server.log.use.memory = false (default)
2019-07-13 20:47:09,575 INFO  server.RaftServerConfigKeys (ConfUtils.java:logGet(43)) - raft.server.log.purge.gap = 1000000000 (custom)
2019-07-13 20:47:09,576 INFO  server.RaftServerConfigKeys (ConfUtils.java:logGet(43)) - raft.server.log.appender.buffer.byte-limit = 33554432 (custom)
2019-07-13 20:47:09,576 INFO  server.RaftServerConfigKeys (ConfUtils.java:logGet(43)) - raft.server.log.segment.size.max = 1048576 (custom)
2019-07-13 20:47:09,576 INFO  server.RaftServerConfigKeys (ConfUtils.java:logGet(43)) - raft.server.log.segment.cache.num.max = 2 (custom)
2019-07-13 20:47:09,576 INFO  segmented.SegmentedRaftLogWorker (SegmentedRaftLogWorker.java:<init>(172)) - new aa0bc247-12f0-4aa6-87db-fc23e750d426-SegmentedRaftLogWorker:Storage Directory /tmp/workdir/hadoop-ozone/integration-test/target/test-dir/MiniOzoneClusterImpl-f7499cc7-d7a4-4a70-8d9c-14a8f781e78f/datanode-1/data/ratis/3ce7e141-53cb-459e-b11d-768372aa602b for RaftStorage:Storage Directory /tmp/workdir/hadoop-ozone/integration-test/target/test-dir/MiniOzoneClusterImpl-f7499cc7-d7a4-4a70-8d9c-14a8f781e78f/datanode-1/data/ratis/3ce7e141-53cb-459e-b11d-768372aa602b
2019-07-13 20:47:09,576 INFO  server.RaftServerConfigKeys (ConfUtils.java:logGet(43)) - raft.server.log.queue.byte-limit = 2147483647 (custom)
2019-07-13 20:47:09,576 INFO  server.RaftServerConfigKeys (ConfUtils.java:logGet(43)) - raft.server.log.queue.element-limit = 1024 (custom)
2019-07-13 20:47:09,577 INFO  server.RaftServerConfigKeys (ConfUtils.java:logGet(43)) - raft.server.log.segment.size.max = 1048576 (custom)
2019-07-13 20:47:09,577 INFO  server.RaftServerConfigKeys (ConfUtils.java:logGet(43)) - raft.server.log.preallocated.size = 16384 (custom)
2019-07-13 20:47:09,577 INFO  server.RaftServerConfigKeys (ConfUtils.java:logGet(43)) - raft.server.log.write.buffer.size = 33554432 (custom)
2019-07-13 20:47:09,577 INFO  server.RaftServerConfigKeys (ConfUtils.java:logGet(43)) - raft.server.log.force.sync.num = 128 (default)
2019-07-13 20:47:09,577 INFO  server.RaftServerConfigKeys (ConfUtils.java:logGet(43)) - raft.server.log.statemachine.data.sync = true (default)
2019-07-13 20:47:09,578 INFO  server.RaftServerConfigKeys (ConfUtils.java:logGet(43)) - raft.server.log.statemachine.data.sync.timeout = 10s (default)
2019-07-13 20:47:09,578 INFO  server.RaftServerConfigKeys (ConfUtils.java:logGet(43)) - raft.server.log.statemachine.data.sync.timeout.retry = -1 (default)
2019-07-13 20:47:09,578 INFO  server.RaftServerConfigKeys (ConfUtils.java:logGet(43)) - raft.server.log.statemachine.data.caching.enabled = true (custom)
2019-07-13 20:47:09,579 INFO  segmented.SegmentedRaftLogWorker (SegmentedRaftLogWorker.java:lambda$new$0(132)) - aa0bc247-12f0-4aa6-87db-fc23e750d426-SegmentedRaftLogWorker:Storage Directory /tmp/workdir/hadoop-ozone/integration-test/target/test-dir/MiniOzoneClusterImpl-f7499cc7-d7a4-4a70-8d9c-14a8f781e78f/datanode-1/data/ratis/3ce7e141-53cb-459e-b11d-768372aa602b: flushIndex: setUnconditionally 0 -> -1
2019-07-13 20:47:09,579 INFO  server.RaftServerConfigKeys (ConfUtils.java:logGet(43)) - raft.server.snapshot.auto.trigger.enabled = true (custom)
2019-07-13 20:47:09,579 INFO  server.RaftServerConfigKeys (ConfUtils.java:logGet(43)) - raft.server.snapshot.auto.trigger.threshold = 10000 (custom)
2019-07-13 20:47:09,580 INFO  server.RaftServerConfigKeys (ConfUtils.java:logGet(43)) - raft.server.retrycache.expirytime = 600000ms (custom)
2019-07-13 20:47:09,580 INFO  impl.RaftServerImpl (RaftServerImpl.java:start(180)) - aa0bc247-12f0-4aa6-87db-fc23e750d426: start group-768372AA602B
2019-07-13 20:47:09,580 INFO  impl.RaftServerImpl (RaftServerImpl.java:setRole(171)) - aa0bc247-12f0-4aa6-87db-fc23e750d426:group-768372AA602B changes role from null to FOLLOWER at term 0 for startAsFollower
2019-07-13 20:47:09,580 INFO  impl.RoleInfo (RoleInfo.java:updateAndGet(143)) - aa0bc247-12f0-4aa6-87db-fc23e750d426: start FollowerState
2019-07-13 20:47:09,581 INFO  util.JmxRegister (JmxRegister.java:tryRegister(44)) - Successfully registered JMX Bean with object name Ratis:service=RaftServer,group=group-768372AA602B,id=aa0bc247-12f0-4aa6-87db-fc23e750d426
2019-07-13 20:47:09,584 INFO  pipeline.PipelineStateManager (PipelineStateManager.java:addPipeline(56)) - Created pipeline Pipeline[ Id: 3ce7e141-53cb-459e-b11d-768372aa602b, Nodes: aa0bc247-12f0-4aa6-87db-fc23e750d426{ip: 192.168.5.168, host: trunk-nightly-6qp7m-2461138711, networkLocation: /default-rack, certSerialId: null}, Type:RATIS, Factor:ONE, State:OPEN]
2019-07-13 20:47:09,601 INFO  ozone.MiniOzoneClusterImpl (MiniOzoneClusterImpl.java:lambda$waitForClusterToBeReady$0(142)) - Waiting for cluster to be ready. Got 2 of 7 DN Heartbeats.
2019-07-13 20:47:09,745 INFO  node.SCMNodeManager (SCMNodeManager.java:register(269)) - Registered Data node : 271550d9-1512-4bf5-aaa9-af0d36b1f2e7{ip: 192.168.5.168, host: trunk-nightly-6qp7m-2461138711, networkLocation: /default-rack, certSerialId: null}
2019-07-13 20:47:09,793 INFO  impl.RaftServerProxy (RaftServerProxy.java:addNew(89)) - 271550d9-1512-4bf5-aaa9-af0d36b1f2e7: addNew group-89C9B58124BF:[271550d9-1512-4bf5-aaa9-af0d36b1f2e7:192.168.5.168:33182] returns group-89C9B58124BF:java.util.concurrent.CompletableFuture@19544a31[Not completed]
2019-07-13 20:47:09,796 INFO  impl.RaftServerImpl (RaftServerImpl.java:<init>(93)) - 271550d9-1512-4bf5-aaa9-af0d36b1f2e7: new RaftServerImpl for group-89C9B58124BF:[271550d9-1512-4bf5-aaa9-af0d36b1f2e7:192.168.5.168:33182] with ContainerStateMachine:uninitialized
2019-07-13 20:47:09,796 INFO  server.RaftServerConfigKeys (ConfUtils.java:logGet(43)) - raft.server.rpc.timeout.min = 5s (custom)
2019-07-13 20:47:09,796 INFO  server.RaftServerConfigKeys (ConfUtils.java:logGet(43)) - raft.server.rpc.timeout.max = 5200ms (custom)
2019-07-13 20:47:09,797 INFO  server.RaftServerConfigKeys (ConfUtils.java:logGet(43)) - raft.server.rpcslowness.timeout = 120s (custom)
2019-07-13 20:47:09,797 INFO  server.RaftServerConfigKeys (ConfUtils.java:logGet(43)) - raft.server.sleep.deviation.threshold = 300 (default)
2019-07-13 20:47:09,797 INFO  server.RaftServerConfigKeys (ConfUtils.java:logGet(43)) - raft.server.log.appender.install.snapshot.enabled = false (custom)
2019-07-13 20:47:09,797 INFO  impl.RaftServerImpl (ServerState.java:<init>(105)) - 271550d9-1512-4bf5-aaa9-af0d36b1f2e7:group-89C9B58124BF ConfigurationManager, init=-1: [271550d9-1512-4bf5-aaa9-af0d36b1f2e7:192.168.5.168:33182], old=null, confs=<EMPTY_MAP>
2019-07-13 20:47:09,797 INFO  server.RaftServerConfigKeys (ConfUtils.java:logGet(43)) - raft.server.storage.dir = [/tmp/workdir/hadoop-ozone/integration-test/target/test-dir/MiniOzoneClusterImpl-f7499cc7-d7a4-4a70-8d9c-14a8f781e78f/datanode-2/data/ratis] (custom)
2019-07-13 20:47:09,798 INFO  storage.RaftStorageDirectory (RaftStorageDirectory.java:analyzeStorage(246)) - The storage directory /tmp/workdir/hadoop-ozone/integration-test/target/test-dir/MiniOzoneClusterImpl-f7499cc7-d7a4-4a70-8d9c-14a8f781e78f/datanode-2/data/ratis/69cda748-f132-482a-8635-89c9b58124bf does not exist. Creating ...
2019-07-13 20:47:09,809 INFO  storage.RaftStorageDirectory (RaftStorageDirectory.java:tryLock(328)) - Lock on /tmp/workdir/hadoop-ozone/integration-test/target/test-dir/MiniOzoneClusterImpl-f7499cc7-d7a4-4a70-8d9c-14a8f781e78f/datanode-2/data/ratis/69cda748-f132-482a-8635-89c9b58124bf/in_use.lock acquired by nodename 28672@trunk-nightly-6qp7m-2461138711
2019-07-13 20:47:09,821 INFO  storage.RaftStorage (RaftStorage.java:format(72)) - Storage directory /tmp/workdir/hadoop-ozone/integration-test/target/test-dir/MiniOzoneClusterImpl-f7499cc7-d7a4-4a70-8d9c-14a8f781e78f/datanode-2/data/ratis/69cda748-f132-482a-8635-89c9b58124bf has been successfully formatted.
2019-07-13 20:47:09,821 INFO  ratis.ContainerStateMachine (ContainerStateMachine.java:loadSnapshot(200)) - The snapshot info is null.Setting the last applied index to:(t:0, i:~)
2019-07-13 20:47:09,821 INFO  server.RaftServerConfigKeys (ConfUtils.java:logGet(43)) - raft.server.leader.election.timeout = 120s (custom)
2019-07-13 20:47:09,822 INFO  server.RaftServerConfigKeys (ConfUtils.java:logGet(43)) - raft.server.log.use.memory = false (default)
2019-07-13 20:47:09,822 INFO  server.RaftServerConfigKeys (ConfUtils.java:logGet(43)) - raft.server.log.purge.gap = 1000000000 (custom)
2019-07-13 20:47:09,822 INFO  server.RaftServerConfigKeys (ConfUtils.java:logGet(43)) - raft.server.log.appender.buffer.byte-limit = 33554432 (custom)
2019-07-13 20:47:09,822 INFO  server.RaftServerConfigKeys (ConfUtils.java:logGet(43)) - raft.server.log.segment.size.max = 1048576 (custom)
2019-07-13 20:47:09,822 INFO  server.RaftServerConfigKeys (ConfUtils.java:logGet(43)) - raft.server.log.segment.cache.num.max = 2 (custom)
2019-07-13 20:47:09,823 INFO  segmented.SegmentedRaftLogWorker (SegmentedRaftLogWorker.java:<init>(172)) - new 271550d9-1512-4bf5-aaa9-af0d36b1f2e7-SegmentedRaftLogWorker:Storage Directory /tmp/workdir/hadoop-ozone/integration-test/target/test-dir/MiniOzoneClusterImpl-f7499cc7-d7a4-4a70-8d9c-14a8f781e78f/datanode-2/data/ratis/69cda748-f132-482a-8635-89c9b58124bf for RaftStorage:Storage Directory /tmp/workdir/hadoop-ozone/integration-test/target/test-dir/MiniOzoneClusterImpl-f7499cc7-d7a4-4a70-8d9c-14a8f781e78f/datanode-2/data/ratis/69cda748-f132-482a-8635-89c9b58124bf
2019-07-13 20:47:09,823 INFO  server.RaftServerConfigKeys (ConfUtils.java:logGet(43)) - raft.server.log.queue.byte-limit = 2147483647 (custom)
2019-07-13 20:47:09,823 INFO  server.RaftServerConfigKeys (ConfUtils.java:logGet(43)) - raft.server.log.queue.element-limit = 1024 (custom)
2019-07-13 20:47:09,823 INFO  server.RaftServerConfigKeys (ConfUtils.java:logGet(43)) - raft.server.log.segment.size.max = 1048576 (custom)
2019-07-13 20:47:09,824 INFO  server.RaftServerConfigKeys (ConfUtils.java:logGet(43)) - raft.server.log.preallocated.size = 16384 (custom)
2019-07-13 20:47:09,824 INFO  server.RaftServerConfigKeys (ConfUtils.java:logGet(43)) - raft.server.log.write.buffer.size = 33554432 (custom)
2019-07-13 20:47:09,824 INFO  server.RaftServerConfigKeys (ConfUtils.java:logGet(43)) - raft.server.log.force.sync.num = 128 (default)
2019-07-13 20:47:09,824 INFO  server.RaftServerConfigKeys (ConfUtils.java:logGet(43)) - raft.server.log.statemachine.data.sync = true (default)
2019-07-13 20:47:09,824 INFO  server.RaftServerConfigKeys (ConfUtils.java:logGet(43)) - raft.server.log.statemachine.data.sync.timeout = 10s (default)
2019-07-13 20:47:09,825 INFO  server.RaftServerConfigKeys (ConfUtils.java:logGet(43)) - raft.server.log.statemachine.data.sync.timeout.retry = -1 (default)
2019-07-13 20:47:09,825 INFO  server.RaftServerConfigKeys (ConfUtils.java:logGet(43)) - raft.server.log.statemachine.data.caching.enabled = true (custom)
2019-07-13 20:47:09,825 INFO  segmented.SegmentedRaftLogWorker (SegmentedRaftLogWorker.java:lambda$new$0(132)) - 271550d9-1512-4bf5-aaa9-af0d36b1f2e7-SegmentedRaftLogWorker:Storage Directory /tmp/workdir/hadoop-ozone/integration-test/target/test-dir/MiniOzoneClusterImpl-f7499cc7-d7a4-4a70-8d9c-14a8f781e78f/datanode-2/data/ratis/69cda748-f132-482a-8635-89c9b58124bf: flushIndex: setUnconditionally 0 -> -1
2019-07-13 20:47:09,826 INFO  server.RaftServerConfigKeys (ConfUtils.java:logGet(43)) - raft.server.snapshot.auto.trigger.enabled = true (custom)
2019-07-13 20:47:09,826 INFO  server.RaftServerConfigKeys (ConfUtils.java:logGet(43)) - raft.server.snapshot.auto.trigger.threshold = 10000 (custom)
2019-07-13 20:47:09,826 INFO  server.RaftServerConfigKeys (ConfUtils.java:logGet(43)) - raft.server.retrycache.expirytime = 600000ms (custom)
2019-07-13 20:47:09,827 INFO  impl.RaftServerImpl (RaftServerImpl.java:start(180)) - 271550d9-1512-4bf5-aaa9-af0d36b1f2e7: start group-89C9B58124BF
2019-07-13 20:47:09,827 INFO  impl.RaftServerImpl (RaftServerImpl.java:setRole(171)) - 271550d9-1512-4bf5-aaa9-af0d36b1f2e7:group-89C9B58124BF changes role from null to FOLLOWER at term 0 for startAsFollower
2019-07-13 20:47:09,827 INFO  impl.RoleInfo (RoleInfo.java:updateAndGet(143)) - 271550d9-1512-4bf5-aaa9-af0d36b1f2e7: start FollowerState
2019-07-13 20:47:09,827 INFO  util.JmxRegister (JmxRegister.java:tryRegister(44)) - Successfully registered JMX Bean with object name Ratis:service=RaftServer,group=group-89C9B58124BF,id=271550d9-1512-4bf5-aaa9-af0d36b1f2e7
2019-07-13 20:47:09,830 INFO  pipeline.PipelineStateManager (PipelineStateManager.java:addPipeline(56)) - Created pipeline Pipeline[ Id: 69cda748-f132-482a-8635-89c9b58124bf, Nodes: 271550d9-1512-4bf5-aaa9-af0d36b1f2e7{ip: 192.168.5.168, host: trunk-nightly-6qp7m-2461138711, networkLocation: /default-rack, certSerialId: null}, Type:RATIS, Factor:ONE, State:OPEN]
2019-07-13 20:47:09,858 INFO  impl.RaftServerProxy (RaftServerProxy.java:addNew(89)) - 05e77c5e-e1f6-4c07-aa64-b75593fc2a63: addNew group-E423EDA0977D:[05e77c5e-e1f6-4c07-aa64-b75593fc2a63:192.168.5.168:40153, 271550d9-1512-4bf5-aaa9-af0d36b1f2e7:192.168.5.168:33182, aa0bc247-12f0-4aa6-87db-fc23e750d426:192.168.5.168:39115] returns group-E423EDA0977D:java.util.concurrent.CompletableFuture@251f7e8b[Not completed]
2019-07-13 20:47:09,859 INFO  impl.RaftServerProxy (RaftServerProxy.java:addNew(89)) - aa0bc247-12f0-4aa6-87db-fc23e750d426: addNew group-E423EDA0977D:[05e77c5e-e1f6-4c07-aa64-b75593fc2a63:192.168.5.168:40153, 271550d9-1512-4bf5-aaa9-af0d36b1f2e7:192.168.5.168:33182, aa0bc247-12f0-4aa6-87db-fc23e750d426:192.168.5.168:39115] returns group-E423EDA0977D:java.util.concurrent.CompletableFuture@1e768aa0[Not completed]
2019-07-13 20:47:09,859 INFO  impl.RaftServerImpl (RaftServerImpl.java:<init>(93)) - 05e77c5e-e1f6-4c07-aa64-b75593fc2a63: new RaftServerImpl for group-E423EDA0977D:[05e77c5e-e1f6-4c07-aa64-b75593fc2a63:192.168.5.168:40153, 271550d9-1512-4bf5-aaa9-af0d36b1f2e7:192.168.5.168:33182, aa0bc247-12f0-4aa6-87db-fc23e750d426:192.168.5.168:39115] with ContainerStateMachine:uninitialized
2019-07-13 20:47:09,860 INFO  impl.RaftServerProxy (RaftServerProxy.java:addNew(89)) - 271550d9-1512-4bf5-aaa9-af0d36b1f2e7: addNew group-E423EDA0977D:[05e77c5e-e1f6-4c07-aa64-b75593fc2a63:192.168.5.168:40153, 271550d9-1512-4bf5-aaa9-af0d36b1f2e7:192.168.5.168:33182, aa0bc247-12f0-4aa6-87db-fc23e750d426:192.168.5.168:39115] returns group-E423EDA0977D:java.util.concurrent.CompletableFuture@5b74070a[Not completed]
2019-07-13 20:47:09,860 INFO  server.RaftServerConfigKeys (ConfUtils.java:logGet(43)) - raft.server.rpc.timeout.min = 5s (custom)
2019-07-13 20:47:09,860 INFO  server.RaftServerConfigKeys (ConfUtils.java:logGet(43)) - raft.server.rpc.timeout.max = 5200ms (custom)
2019-07-13 20:47:09,860 INFO  server.RaftServerConfigKeys (ConfUtils.java:logGet(43)) - raft.server.rpcslowness.timeout = 120s (custom)
2019-07-13 20:47:09,860 INFO  impl.RaftServerImpl (RaftServerImpl.java:<init>(93)) - aa0bc247-12f0-4aa6-87db-fc23e750d426: new RaftServerImpl for group-E423EDA0977D:[05e77c5e-e1f6-4c07-aa64-b75593fc2a63:192.168.5.168:40153, 271550d9-1512-4bf5-aaa9-af0d36b1f2e7:192.168.5.168:33182, aa0bc247-12f0-4aa6-87db-fc23e750d426:192.168.5.168:39115] with ContainerStateMachine:uninitialized
2019-07-13 20:47:09,860 INFO  server.RaftServerConfigKeys (ConfUtils.java:logGet(43)) - raft.server.sleep.deviation.threshold = 300 (default)
2019-07-13 20:47:09,861 INFO  server.RaftServerConfigKeys (ConfUtils.java:logGet(43)) - raft.server.rpc.timeout.min = 5s (custom)
2019-07-13 20:47:09,861 INFO  server.RaftServerConfigKeys (ConfUtils.java:logGet(43)) - raft.server.log.appender.install.snapshot.enabled = false (custom)
2019-07-13 20:47:09,861 INFO  impl.RaftServerImpl (RaftServerImpl.java:<init>(93)) - 271550d9-1512-4bf5-aaa9-af0d36b1f2e7: new RaftServerImpl for group-E423EDA0977D:[05e77c5e-e1f6-4c07-aa64-b75593fc2a63:192.168.5.168:40153, 271550d9-1512-4bf5-aaa9-af0d36b1f2e7:192.168.5.168:33182, aa0bc247-12f0-4aa6-87db-fc23e750d426:192.168.5.168:39115] with ContainerStateMachine:uninitialized
2019-07-13 20:47:09,861 INFO  server.RaftServerConfigKeys (ConfUtils.java:logGet(43)) - raft.server.rpc.timeout.max = 5200ms (custom)
2019-07-13 20:47:09,861 INFO  server.RaftServerConfigKeys (ConfUtils.java:logGet(43)) - raft.server.rpc.timeout.min = 5s (custom)
2019-07-13 20:47:09,861 INFO  impl.RaftServerImpl (ServerState.java:<init>(105)) - 05e77c5e-e1f6-4c07-aa64-b75593fc2a63:group-E423EDA0977D ConfigurationManager, init=-1: [05e77c5e-e1f6-4c07-aa64-b75593fc2a63:192.168.5.168:40153, 271550d9-1512-4bf5-aaa9-af0d36b1f2e7:192.168.5.168:33182, aa0bc247-12f0-4aa6-87db-fc23e750d426:192.168.5.168:39115], old=null, confs=<EMPTY_MAP>
2019-07-13 20:47:09,861 INFO  server.RaftServerConfigKeys (ConfUtils.java:logGet(43)) - raft.server.rpc.timeout.max = 5200ms (custom)
2019-07-13 20:47:09,861 INFO  server.RaftServerConfigKeys (ConfUtils.java:logGet(43)) - raft.server.rpcslowness.timeout = 120s (custom)
2019-07-13 20:47:09,862 INFO  server.RaftServerConfigKeys (ConfUtils.java:logGet(43)) - raft.server.rpcslowness.timeout = 120s (custom)
2019-07-13 20:47:09,862 INFO  server.RaftServerConfigKeys (ConfUtils.java:logGet(43)) - raft.server.storage.dir = [/tmp/workdir/hadoop-ozone/integration-test/target/test-dir/MiniOzoneClusterImpl-f7499cc7-d7a4-4a70-8d9c-14a8f781e78f/datanode-0/data/ratis] (custom)
2019-07-13 20:47:09,862 INFO  server.RaftServerConfigKeys (ConfUtils.java:logGet(43)) - raft.server.sleep.deviation.threshold = 300 (default)
2019-07-13 20:47:09,862 INFO  server.RaftServerConfigKeys (ConfUtils.java:logGet(43)) - raft.server.log.appender.install.snapshot.enabled = false (custom)
2019-07-13 20:47:09,863 INFO  storage.RaftStorageDirectory (RaftStorageDirectory.java:analyzeStorage(246)) - The storage directory /tmp/workdir/hadoop-ozone/integration-test/target/test-dir/MiniOzoneClusterImpl-f7499cc7-d7a4-4a70-8d9c-14a8f781e78f/datanode-0/data/ratis/e4296561-5fa3-4f98-917f-e423eda0977d does not exist. Creating ...
2019-07-13 20:47:09,862 INFO  server.RaftServerConfigKeys (ConfUtils.java:logGet(43)) - raft.server.sleep.deviation.threshold = 300 (default)
2019-07-13 20:47:09,863 INFO  impl.RaftServerImpl (ServerState.java:<init>(105)) - 271550d9-1512-4bf5-aaa9-af0d36b1f2e7:group-E423EDA0977D ConfigurationManager, init=-1: [05e77c5e-e1f6-4c07-aa64-b75593fc2a63:192.168.5.168:40153, 271550d9-1512-4bf5-aaa9-af0d36b1f2e7:192.168.5.168:33182, aa0bc247-12f0-4aa6-87db-fc23e750d426:192.168.5.168:39115], old=null, confs=<EMPTY_MAP>
2019-07-13 20:47:09,863 INFO  server.RaftServerConfigKeys (ConfUtils.java:logGet(43)) - raft.server.log.appender.install.snapshot.enabled = false (custom)
2019-07-13 20:47:09,863 INFO  server.RaftServerConfigKeys (ConfUtils.java:logGet(43)) - raft.server.storage.dir = [/tmp/workdir/hadoop-ozone/integration-test/target/test-dir/MiniOzoneClusterImpl-f7499cc7-d7a4-4a70-8d9c-14a8f781e78f/datanode-2/data/ratis] (custom)
2019-07-13 20:47:09,863 INFO  impl.RaftServerImpl (ServerState.java:<init>(105)) - aa0bc247-12f0-4aa6-87db-fc23e750d426:group-E423EDA0977D ConfigurationManager, init=-1: [05e77c5e-e1f6-4c07-aa64-b75593fc2a63:192.168.5.168:40153, 271550d9-1512-4bf5-aaa9-af0d36b1f2e7:192.168.5.168:33182, aa0bc247-12f0-4aa6-87db-fc23e750d426:192.168.5.168:39115], old=null, confs=<EMPTY_MAP>
2019-07-13 20:47:09,864 INFO  server.RaftServerConfigKeys (ConfUtils.java:logGet(43)) - raft.server.storage.dir = [/tmp/workdir/hadoop-ozone/integration-test/target/test-dir/MiniOzoneClusterImpl-f7499cc7-d7a4-4a70-8d9c-14a8f781e78f/datanode-1/data/ratis] (custom)
2019-07-13 20:47:09,864 INFO  storage.RaftStorageDirectory (RaftStorageDirectory.java:analyzeStorage(246)) - The storage directory /tmp/workdir/hadoop-ozone/integration-test/target/test-dir/MiniOzoneClusterImpl-f7499cc7-d7a4-4a70-8d9c-14a8f781e78f/datanode-2/data/ratis/e4296561-5fa3-4f98-917f-e423eda0977d does not exist. Creating ...
2019-07-13 20:47:09,864 INFO  storage.RaftStorageDirectory (RaftStorageDirectory.java:analyzeStorage(246)) - The storage directory /tmp/workdir/hadoop-ozone/integration-test/target/test-dir/MiniOzoneClusterImpl-f7499cc7-d7a4-4a70-8d9c-14a8f781e78f/datanode-1/data/ratis/e4296561-5fa3-4f98-917f-e423eda0977d does not exist. Creating ...
2019-07-13 20:47:09,880 INFO  storage.RaftStorageDirectory (RaftStorageDirectory.java:tryLock(328)) - Lock on /tmp/workdir/hadoop-ozone/integration-test/target/test-dir/MiniOzoneClusterImpl-f7499cc7-d7a4-4a70-8d9c-14a8f781e78f/datanode-0/data/ratis/e4296561-5fa3-4f98-917f-e423eda0977d/in_use.lock acquired by nodename 28672@trunk-nightly-6qp7m-2461138711
2019-07-13 20:47:09,880 INFO  storage.RaftStorageDirectory (RaftStorageDirectory.java:tryLock(328)) - Lock on /tmp/workdir/hadoop-ozone/integration-test/target/test-dir/MiniOzoneClusterImpl-f7499cc7-d7a4-4a70-8d9c-14a8f781e78f/datanode-2/data/ratis/e4296561-5fa3-4f98-917f-e423eda0977d/in_use.lock acquired by nodename 28672@trunk-nightly-6qp7m-2461138711
2019-07-13 20:47:09,880 INFO  storage.RaftStorageDirectory (RaftStorageDirectory.java:tryLock(328)) - Lock on /tmp/workdir/hadoop-ozone/integration-test/target/test-dir/MiniOzoneClusterImpl-f7499cc7-d7a4-4a70-8d9c-14a8f781e78f/datanode-1/data/ratis/e4296561-5fa3-4f98-917f-e423eda0977d/in_use.lock acquired by nodename 28672@trunk-nightly-6qp7m-2461138711
2019-07-13 20:47:09,887 INFO  storage.RaftStorage (RaftStorage.java:format(72)) - Storage directory /tmp/workdir/hadoop-ozone/integration-test/target/test-dir/MiniOzoneClusterImpl-f7499cc7-d7a4-4a70-8d9c-14a8f781e78f/datanode-0/data/ratis/e4296561-5fa3-4f98-917f-e423eda0977d has been successfully formatted.
2019-07-13 20:47:09,887 INFO  storage.RaftStorage (RaftStorage.java:format(72)) - Storage directory /tmp/workdir/hadoop-ozone/integration-test/target/test-dir/MiniOzoneClusterImpl-f7499cc7-d7a4-4a70-8d9c-14a8f781e78f/datanode-2/data/ratis/e4296561-5fa3-4f98-917f-e423eda0977d has been successfully formatted.
2019-07-13 20:47:09,887 INFO  storage.RaftStorage (RaftStorage.java:format(72)) - Storage directory /tmp/workdir/hadoop-ozone/integration-test/target/test-dir/MiniOzoneClusterImpl-f7499cc7-d7a4-4a70-8d9c-14a8f781e78f/datanode-1/data/ratis/e4296561-5fa3-4f98-917f-e423eda0977d has been successfully formatted.
2019-07-13 20:47:09,887 INFO  ratis.ContainerStateMachine (ContainerStateMachine.java:loadSnapshot(200)) - The snapshot info is null.Setting the last applied index to:(t:0, i:~)
2019-07-13 20:47:09,887 INFO  ratis.ContainerStateMachine (ContainerStateMachine.java:loadSnapshot(200)) - The snapshot info is null.Setting the last applied index to:(t:0, i:~)
2019-07-13 20:47:09,888 INFO  server.RaftServerConfigKeys (ConfUtils.java:logGet(43)) - raft.server.leader.election.timeout = 120s (custom)
2019-07-13 20:47:09,888 INFO  ratis.ContainerStateMachine (ContainerStateMachine.java:loadSnapshot(200)) - The snapshot info is null.Setting the last applied index to:(t:0, i:~)
2019-07-13 20:47:09,888 INFO  server.RaftServerConfigKeys (ConfUtils.java:logGet(43)) - raft.server.log.use.memory = false (default)
2019-07-13 20:47:09,888 INFO  server.RaftServerConfigKeys (ConfUtils.java:logGet(43)) - raft.server.leader.election.timeout = 120s (custom)
2019-07-13 20:47:09,888 INFO  server.RaftServerConfigKeys (ConfUtils.java:logGet(43)) - raft.server.log.purge.gap = 1000000000 (custom)
2019-07-13 20:47:09,888 INFO  server.RaftServerConfigKeys (ConfUtils.java:logGet(43)) - raft.server.leader.election.timeout = 120s (custom)
2019-07-13 20:47:09,889 INFO  server.RaftServerConfigKeys (ConfUtils.java:logGet(43)) - raft.server.log.appender.buffer.byte-limit = 33554432 (custom)
2019-07-13 20:47:09,888 INFO  server.RaftServerConfigKeys (ConfUtils.java:logGet(43)) - raft.server.log.use.memory = false (default)
2019-07-13 20:47:09,889 INFO  server.RaftServerConfigKeys (ConfUtils.java:logGet(43)) - raft.server.log.segment.size.max = 1048576 (custom)
2019-07-13 20:47:09,889 INFO  server.RaftServerConfigKeys (ConfUtils.java:logGet(43)) - raft.server.log.use.memory = false (default)
2019-07-13 20:47:09,889 INFO  server.RaftServerConfigKeys (ConfUtils.java:logGet(43)) - raft.server.log.segment.cache.num.max = 2 (custom)
2019-07-13 20:47:09,889 INFO  server.RaftServerConfigKeys (ConfUtils.java:logGet(43)) - raft.server.log.purge.gap = 1000000000 (custom)
2019-07-13 20:47:09,890 INFO  segmented.SegmentedRaftLogWorker (SegmentedRaftLogWorker.java:<init>(172)) - new 271550d9-1512-4bf5-aaa9-af0d36b1f2e7-SegmentedRaftLogWorker:Storage Directory /tmp/workdir/hadoop-ozone/integration-test/target/test-dir/MiniOzoneClusterImpl-f7499cc7-d7a4-4a70-8d9c-14a8f781e78f/datanode-2/data/ratis/e4296561-5fa3-4f98-917f-e423eda0977d for RaftStorage:Storage Directory /tmp/workdir/hadoop-ozone/integration-test/target/test-dir/MiniOzoneClusterImpl-f7499cc7-d7a4-4a70-8d9c-14a8f781e78f/datanode-2/data/ratis/e4296561-5fa3-4f98-917f-e423eda0977d
2019-07-13 20:47:09,889 INFO  server.RaftServerConfigKeys (ConfUtils.java:logGet(43)) - raft.server.log.purge.gap = 1000000000 (custom)
2019-07-13 20:47:09,890 INFO  server.RaftServerConfigKeys (ConfUtils.java:logGet(43)) - raft.server.log.queue.byte-limit = 2147483647 (custom)
2019-07-13 20:47:09,890 INFO  server.RaftServerConfigKeys (ConfUtils.java:logGet(43)) - raft.server.log.appender.buffer.byte-limit = 33554432 (custom)
2019-07-13 20:47:09,890 INFO  server.RaftServerConfigKeys (ConfUtils.java:logGet(43)) - raft.server.log.queue.element-limit = 1024 (custom)
2019-07-13 20:47:09,890 INFO  server.RaftServerConfigKeys (ConfUtils.java:logGet(43)) - raft.server.log.appender.buffer.byte-limit = 33554432 (custom)
2019-07-13 20:47:09,890 INFO  server.RaftServerConfigKeys (ConfUtils.java:logGet(43)) - raft.server.log.segment.size.max = 1048576 (custom)
2019-07-13 20:47:09,890 INFO  server.RaftServerConfigKeys (ConfUtils.java:logGet(43)) - raft.server.log.segment.size.max = 1048576 (custom)
2019-07-13 20:47:09,891 INFO  server.RaftServerConfigKeys (ConfUtils.java:logGet(43)) - raft.server.log.preallocated.size = 16384 (custom)
2019-07-13 20:47:09,891 INFO  server.RaftServerConfigKeys (ConfUtils.java:logGet(43)) - raft.server.log.segment.size.max = 1048576 (custom)
2019-07-13 20:47:09,891 INFO  server.RaftServerConfigKeys (ConfUtils.java:logGet(43)) - raft.server.log.write.buffer.size = 33554432 (custom)
2019-07-13 20:47:09,891 INFO  server.RaftServerConfigKeys (ConfUtils.java:logGet(43)) - raft.server.log.force.sync.num = 128 (default)
2019-07-13 20:47:09,891 INFO  server.RaftServerConfigKeys (ConfUtils.java:logGet(43)) - raft.server.log.segment.cache.num.max = 2 (custom)
2019-07-13 20:47:09,892 INFO  server.RaftServerConfigKeys (ConfUtils.java:logGet(43)) - raft.server.log.statemachine.data.sync = true (default)
2019-07-13 20:47:09,891 INFO  server.RaftServerConfigKeys (ConfUtils.java:logGet(43)) - raft.server.log.segment.cache.num.max = 2 (custom)
2019-07-13 20:47:09,892 INFO  server.RaftServerConfigKeys (ConfUtils.java:logGet(43)) - raft.server.log.statemachine.data.sync.timeout = 10s (default)
2019-07-13 20:47:09,892 INFO  segmented.SegmentedRaftLogWorker (SegmentedRaftLogWorker.java:<init>(172)) - new 05e77c5e-e1f6-4c07-aa64-b75593fc2a63-SegmentedRaftLogWorker:Storage Directory /tmp/workdir/hadoop-ozone/integration-test/target/test-dir/MiniOzoneClusterImpl-f7499cc7-d7a4-4a70-8d9c-14a8f781e78f/datanode-0/data/ratis/e4296561-5fa3-4f98-917f-e423eda0977d for RaftStorage:Storage Directory /tmp/workdir/hadoop-ozone/integration-test/target/test-dir/MiniOzoneClusterImpl-f7499cc7-d7a4-4a70-8d9c-14a8f781e78f/datanode-0/data/ratis/e4296561-5fa3-4f98-917f-e423eda0977d
2019-07-13 20:47:09,892 INFO  server.RaftServerConfigKeys (ConfUtils.java:logGet(43)) - raft.server.log.statemachine.data.sync.timeout.retry = -1 (default)
2019-07-13 20:47:09,892 INFO  segmented.SegmentedRaftLogWorker (SegmentedRaftLogWorker.java:<init>(172)) - new aa0bc247-12f0-4aa6-87db-fc23e750d426-SegmentedRaftLogWorker:Storage Directory /tmp/workdir/hadoop-ozone/integration-test/target/test-dir/MiniOzoneClusterImpl-f7499cc7-d7a4-4a70-8d9c-14a8f781e78f/datanode-1/data/ratis/e4296561-5fa3-4f98-917f-e423eda0977d for RaftStorage:Storage Directory /tmp/workdir/hadoop-ozone/integration-test/target/test-dir/MiniOzoneClusterImpl-f7499cc7-d7a4-4a70-8d9c-14a8f781e78f/datanode-1/data/ratis/e4296561-5fa3-4f98-917f-e423eda0977d
2019-07-13 20:47:09,892 INFO  server.RaftServerConfigKeys (ConfUtils.java:logGet(43)) - raft.server.log.statemachine.data.caching.enabled = true (custom)
2019-07-13 20:47:09,892 INFO  server.RaftServerConfigKeys (ConfUtils.java:logGet(43)) - raft.server.log.queue.byte-limit = 2147483647 (custom)
2019-07-13 20:47:09,893 INFO  server.RaftServerConfigKeys (ConfUtils.java:logGet(43)) - raft.server.log.queue.byte-limit = 2147483647 (custom)
2019-07-13 20:47:09,893 INFO  segmented.SegmentedRaftLogWorker (SegmentedRaftLogWorker.java:lambda$new$0(132)) - 271550d9-1512-4bf5-aaa9-af0d36b1f2e7-SegmentedRaftLogWorker:Storage Directory /tmp/workdir/hadoop-ozone/integration-test/target/test-dir/MiniOzoneClusterImpl-f7499cc7-d7a4-4a70-8d9c-14a8f781e78f/datanode-2/data/ratis/e4296561-5fa3-4f98-917f-e423eda0977d: flushIndex: setUnconditionally 0 -> -1
2019-07-13 20:47:09,893 INFO  server.RaftServerConfigKeys (ConfUtils.java:logGet(43)) - raft.server.log.queue.element-limit = 1024 (custom)
2019-07-13 20:47:09,893 INFO  server.RaftServerConfigKeys (ConfUtils.java:logGet(43)) - raft.server.log.queue.element-limit = 1024 (custom)
2019-07-13 20:47:09,894 INFO  server.RaftServerConfigKeys (ConfUtils.java:logGet(43)) - raft.server.log.segment.size.max = 1048576 (custom)
2019-07-13 20:47:09,893 INFO  server.RaftServerConfigKeys (ConfUtils.java:logGet(43)) - raft.server.snapshot.auto.trigger.enabled = true (custom)
2019-07-13 20:47:09,894 INFO  server.RaftServerConfigKeys (ConfUtils.java:logGet(43)) - raft.server.log.preallocated.size = 16384 (custom)
2019-07-13 20:47:09,894 INFO  server.RaftServerConfigKeys (ConfUtils.java:logGet(43)) - raft.server.log.segment.size.max = 1048576 (custom)
2019-07-13 20:47:09,894 INFO  server.RaftServerConfigKeys (ConfUtils.java:logGet(43)) - raft.server.log.write.buffer.size = 33554432 (custom)
2019-07-13 20:47:09,894 INFO  server.RaftServerConfigKeys (ConfUtils.java:logGet(43)) - raft.server.snapshot.auto.trigger.threshold = 10000 (custom)
2019-07-13 20:47:09,894 INFO  server.RaftServerConfigKeys (ConfUtils.java:logGet(43)) - raft.server.log.force.sync.num = 128 (default)
2019-07-13 20:47:09,894 INFO  server.RaftServerConfigKeys (ConfUtils.java:logGet(43)) - raft.server.log.preallocated.size = 16384 (custom)
2019-07-13 20:47:09,895 INFO  server.RaftServerConfigKeys (ConfUtils.java:logGet(43)) - raft.server.log.statemachine.data.sync = true (default)
2019-07-13 20:47:09,895 INFO  server.RaftServerConfigKeys (ConfUtils.java:logGet(43)) - raft.server.retrycache.expirytime = 600000ms (custom)
2019-07-13 20:47:09,895 INFO  server.RaftServerConfigKeys (ConfUtils.java:logGet(43)) - raft.server.log.statemachine.data.sync.timeout = 10s (default)
2019-07-13 20:47:09,895 INFO  server.RaftServerConfigKeys (ConfUtils.java:logGet(43)) - raft.server.log.write.buffer.size = 33554432 (custom)
2019-07-13 20:47:09,895 INFO  server.RaftServerConfigKeys (ConfUtils.java:logGet(43)) - raft.server.log.statemachine.data.sync.timeout.retry = -1 (default)
2019-07-13 20:47:09,895 INFO  impl.RaftServerImpl (RaftServerImpl.java:start(180)) - 271550d9-1512-4bf5-aaa9-af0d36b1f2e7: start group-E423EDA0977D
2019-07-13 20:47:09,896 INFO  server.RaftServerConfigKeys (ConfUtils.java:logGet(43)) - raft.server.log.statemachine.data.caching.enabled = true (custom)
2019-07-13 20:47:09,895 INFO  server.RaftServerConfigKeys (ConfUtils.java:logGet(43)) - raft.server.log.force.sync.num = 128 (default)
2019-07-13 20:47:09,896 INFO  segmented.SegmentedRaftLogWorker (SegmentedRaftLogWorker.java:lambda$new$0(132)) - 05e77c5e-e1f6-4c07-aa64-b75593fc2a63-SegmentedRaftLogWorker:Storage Directory /tmp/workdir/hadoop-ozone/integration-test/target/test-dir/MiniOzoneClusterImpl-f7499cc7-d7a4-4a70-8d9c-14a8f781e78f/datanode-0/data/ratis/e4296561-5fa3-4f98-917f-e423eda0977d: flushIndex: setUnconditionally 0 -> -1
2019-07-13 20:47:09,896 INFO  impl.RaftServerImpl (RaftServerImpl.java:setRole(171)) - 271550d9-1512-4bf5-aaa9-af0d36b1f2e7:group-E423EDA0977D changes role from null to FOLLOWER at term 0 for startAsFollower
2019-07-13 20:47:09,896 INFO  server.RaftServerConfigKeys (ConfUtils.java:logGet(43)) - raft.server.log.statemachine.data.sync = true (default)
2019-07-13 20:47:09,896 INFO  impl.RoleInfo (RoleInfo.java:updateAndGet(143)) - 271550d9-1512-4bf5-aaa9-af0d36b1f2e7: start FollowerState
2019-07-13 20:47:09,896 INFO  server.RaftServerConfigKeys (ConfUtils.java:logGet(43)) - raft.server.snapshot.auto.trigger.enabled = true (custom)
2019-07-13 20:47:09,896 INFO  server.RaftServerConfigKeys (ConfUtils.java:logGet(43)) - raft.server.log.statemachine.data.sync.timeout = 10s (default)
2019-07-13 20:47:09,897 INFO  server.RaftServerConfigKeys (ConfUtils.java:logGet(43)) - raft.server.snapshot.auto.trigger.threshold = 10000 (custom)
2019-07-13 20:47:09,897 INFO  server.RaftServerConfigKeys (ConfUtils.java:logGet(43)) - raft.server.log.statemachine.data.sync.timeout.retry = -1 (default)
2019-07-13 20:47:09,897 INFO  util.JmxRegister (JmxRegister.java:tryRegister(44)) - Successfully registered JMX Bean with object name Ratis:service=RaftServer,group=group-E423EDA0977D,id=271550d9-1512-4bf5-aaa9-af0d36b1f2e7
2019-07-13 20:47:09,897 INFO  server.RaftServerConfigKeys (ConfUtils.java:logGet(43)) - raft.server.log.statemachine.data.caching.enabled = true (custom)
2019-07-13 20:47:09,897 INFO  server.RaftServerConfigKeys (ConfUtils.java:logGet(43)) - raft.server.retrycache.expirytime = 600000ms (custom)
2019-07-13 20:47:09,898 INFO  segmented.SegmentedRaftLogWorker (SegmentedRaftLogWorker.java:lambda$new$0(132)) - aa0bc247-12f0-4aa6-87db-fc23e750d426-SegmentedRaftLogWorker:Storage Directory /tmp/workdir/hadoop-ozone/integration-test/target/test-dir/MiniOzoneClusterImpl-f7499cc7-d7a4-4a70-8d9c-14a8f781e78f/datanode-1/data/ratis/e4296561-5fa3-4f98-917f-e423eda0977d: flushIndex: setUnconditionally 0 -> -1
2019-07-13 20:47:09,898 INFO  impl.RaftServerImpl (RaftServerImpl.java:start(180)) - 05e77c5e-e1f6-4c07-aa64-b75593fc2a63: start group-E423EDA0977D
2019-07-13 20:47:09,898 INFO  impl.RaftServerImpl (RaftServerImpl.java:setRole(171)) - 05e77c5e-e1f6-4c07-aa64-b75593fc2a63:group-E423EDA0977D changes role from null to FOLLOWER at term 0 for startAsFollower
2019-07-13 20:47:09,898 INFO  server.RaftServerConfigKeys (ConfUtils.java:logGet(43)) - raft.server.snapshot.auto.trigger.enabled = true (custom)
2019-07-13 20:47:09,898 INFO  impl.RoleInfo (RoleInfo.java:updateAndGet(143)) - 05e77c5e-e1f6-4c07-aa64-b75593fc2a63: start FollowerState
2019-07-13 20:47:09,898 INFO  server.RaftServerConfigKeys (ConfUtils.java:logGet(43)) - raft.server.snapshot.auto.trigger.threshold = 10000 (custom)
2019-07-13 20:47:09,899 INFO  server.RaftServerConfigKeys (ConfUtils.java:logGet(43)) - raft.server.retrycache.expirytime = 600000ms (custom)
2019-07-13 20:47:09,899 INFO  util.JmxRegister (JmxRegister.java:tryRegister(44)) - Successfully registered JMX Bean with object name Ratis:service=RaftServer,group=group-E423EDA0977D,id=05e77c5e-e1f6-4c07-aa64-b75593fc2a63
2019-07-13 20:47:09,899 INFO  impl.RaftServerImpl (RaftServerImpl.java:start(180)) - aa0bc247-12f0-4aa6-87db-fc23e750d426: start group-E423EDA0977D
2019-07-13 20:47:09,899 INFO  impl.RaftServerImpl (RaftServerImpl.java:setRole(171)) - aa0bc247-12f0-4aa6-87db-fc23e750d426:group-E423EDA0977D changes role from null to FOLLOWER at term 0 for startAsFollower
2019-07-13 20:47:09,899 INFO  impl.RoleInfo (RoleInfo.java:updateAndGet(143)) - aa0bc247-12f0-4aa6-87db-fc23e750d426: start FollowerState
2019-07-13 20:47:09,900 INFO  util.JmxRegister (JmxRegister.java:tryRegister(44)) - Successfully registered JMX Bean with object name Ratis:service=RaftServer,group=group-E423EDA0977D,id=aa0bc247-12f0-4aa6-87db-fc23e750d426
2019-07-13 20:47:09,902 INFO  pipeline.PipelineStateManager (PipelineStateManager.java:addPipeline(56)) - Created pipeline Pipeline[ Id: e4296561-5fa3-4f98-917f-e423eda0977d, Nodes: aa0bc247-12f0-4aa6-87db-fc23e750d426{ip: 192.168.5.168, host: trunk-nightly-6qp7m-2461138711, networkLocation: /default-rack, certSerialId: null}05e77c5e-e1f6-4c07-aa64-b75593fc2a63{ip: 192.168.5.168, host: trunk-nightly-6qp7m-2461138711, networkLocation: /default-rack, certSerialId: null}271550d9-1512-4bf5-aaa9-af0d36b1f2e7{ip: 192.168.5.168, host: trunk-nightly-6qp7m-2461138711, networkLocation: /default-rack, certSerialId: null}, Type:RATIS, Factor:THREE, State:OPEN]
2019-07-13 20:47:09,932 INFO  node.SCMNodeManager (SCMNodeManager.java:register(269)) - Registered Data node : ec53db5d-3828-4459-8e22-4f8ed9f81799{ip: 192.168.5.168, host: trunk-nightly-6qp7m-2461138711, networkLocation: /default-rack, certSerialId: null}
2019-07-13 20:47:09,952 INFO  impl.RaftServerProxy (RaftServerProxy.java:addNew(89)) - ec53db5d-3828-4459-8e22-4f8ed9f81799: addNew group-E0C646F7EB70:[ec53db5d-3828-4459-8e22-4f8ed9f81799:192.168.5.168:43175] returns group-E0C646F7EB70:java.util.concurrent.CompletableFuture@40eceb05[Not completed]
2019-07-13 20:47:09,953 INFO  impl.RaftServerImpl (RaftServerImpl.java:<init>(93)) - ec53db5d-3828-4459-8e22-4f8ed9f81799: new RaftServerImpl for group-E0C646F7EB70:[ec53db5d-3828-4459-8e22-4f8ed9f81799:192.168.5.168:43175] with ContainerStateMachine:uninitialized
2019-07-13 20:47:09,953 INFO  server.RaftServerConfigKeys (ConfUtils.java:logGet(43)) - raft.server.rpc.timeout.min = 5s (custom)
2019-07-13 20:47:09,953 INFO  server.RaftServerConfigKeys (ConfUtils.java:logGet(43)) - raft.server.rpc.timeout.max = 5200ms (custom)
2019-07-13 20:47:09,954 INFO  server.RaftServerConfigKeys (ConfUtils.java:logGet(43)) - raft.server.rpcslowness.timeout = 120s (custom)
2019-07-13 20:47:09,954 INFO  server.RaftServerConfigKeys (ConfUtils.java:logGet(43)) - raft.server.sleep.deviation.threshold = 300 (default)
2019-07-13 20:47:09,954 INFO  server.RaftServerConfigKeys (ConfUtils.java:logGet(43)) - raft.server.log.appender.install.snapshot.enabled = false (custom)
2019-07-13 20:47:09,954 INFO  impl.RaftServerImpl (ServerState.java:<init>(105)) - ec53db5d-3828-4459-8e22-4f8ed9f81799:group-E0C646F7EB70 ConfigurationManager, init=-1: [ec53db5d-3828-4459-8e22-4f8ed9f81799:192.168.5.168:43175], old=null, confs=<EMPTY_MAP>
2019-07-13 20:47:09,954 INFO  server.RaftServerConfigKeys (ConfUtils.java:logGet(43)) - raft.server.storage.dir = [/tmp/workdir/hadoop-ozone/integration-test/target/test-dir/MiniOzoneClusterImpl-f7499cc7-d7a4-4a70-8d9c-14a8f781e78f/datanode-3/data/ratis] (custom)
2019-07-13 20:47:09,955 INFO  storage.RaftStorageDirectory (RaftStorageDirectory.java:analyzeStorage(246)) - The storage directory /tmp/workdir/hadoop-ozone/integration-test/target/test-dir/MiniOzoneClusterImpl-f7499cc7-d7a4-4a70-8d9c-14a8f781e78f/datanode-3/data/ratis/f5001597-e3dc-4d29-9220-e0c646f7eb70 does not exist. Creating ...
2019-07-13 20:47:09,967 INFO  storage.RaftStorageDirectory (RaftStorageDirectory.java:tryLock(328)) - Lock on /tmp/workdir/hadoop-ozone/integration-test/target/test-dir/MiniOzoneClusterImpl-f7499cc7-d7a4-4a70-8d9c-14a8f781e78f/datanode-3/data/ratis/f5001597-e3dc-4d29-9220-e0c646f7eb70/in_use.lock acquired by nodename 28672@trunk-nightly-6qp7m-2461138711
2019-07-13 20:47:09,972 INFO  storage.RaftStorage (RaftStorage.java:format(72)) - Storage directory /tmp/workdir/hadoop-ozone/integration-test/target/test-dir/MiniOzoneClusterImpl-f7499cc7-d7a4-4a70-8d9c-14a8f781e78f/datanode-3/data/ratis/f5001597-e3dc-4d29-9220-e0c646f7eb70 has been successfully formatted.
2019-07-13 20:47:09,972 INFO  ratis.ContainerStateMachine (ContainerStateMachine.java:loadSnapshot(200)) - The snapshot info is null.Setting the last applied index to:(t:0, i:~)
2019-07-13 20:47:09,972 INFO  server.RaftServerConfigKeys (ConfUtils.java:logGet(43)) - raft.server.leader.election.timeout = 120s (custom)
2019-07-13 20:47:09,972 INFO  server.RaftServerConfigKeys (ConfUtils.java:logGet(43)) - raft.server.log.use.memory = false (default)
2019-07-13 20:47:09,973 INFO  server.RaftServerConfigKeys (ConfUtils.java:logGet(43)) - raft.server.log.purge.gap = 1000000000 (custom)
2019-07-13 20:47:09,973 INFO  server.RaftServerConfigKeys (ConfUtils.java:logGet(43)) - raft.server.log.appender.buffer.byte-limit = 33554432 (custom)
2019-07-13 20:47:09,973 INFO  server.RaftServerConfigKeys (ConfUtils.java:logGet(43)) - raft.server.log.segment.size.max = 1048576 (custom)
2019-07-13 20:47:09,973 INFO  server.RaftServerConfigKeys (ConfUtils.java:logGet(43)) - raft.server.log.segment.cache.num.max = 2 (custom)
2019-07-13 20:47:09,973 INFO  segmented.SegmentedRaftLogWorker (SegmentedRaftLogWorker.java:<init>(172)) - new ec53db5d-3828-4459-8e22-4f8ed9f81799-SegmentedRaftLogWorker:Storage Directory /tmp/workdir/hadoop-ozone/integration-test/target/test-dir/MiniOzoneClusterImpl-f7499cc7-d7a4-4a70-8d9c-14a8f781e78f/datanode-3/data/ratis/f5001597-e3dc-4d29-9220-e0c646f7eb70 for RaftStorage:Storage Directory /tmp/workdir/hadoop-ozone/integration-test/target/test-dir/MiniOzoneClusterImpl-f7499cc7-d7a4-4a70-8d9c-14a8f781e78f/datanode-3/data/ratis/f5001597-e3dc-4d29-9220-e0c646f7eb70
2019-07-13 20:47:09,973 INFO  server.RaftServerConfigKeys (ConfUtils.java:logGet(43)) - raft.server.log.queue.byte-limit = 2147483647 (custom)
2019-07-13 20:47:09,974 INFO  server.RaftServerConfigKeys (ConfUtils.java:logGet(43)) - raft.server.log.queue.element-limit = 1024 (custom)
2019-07-13 20:47:09,974 INFO  server.RaftServerConfigKeys (ConfUtils.java:logGet(43)) - raft.server.log.segment.size.max = 1048576 (custom)
2019-07-13 20:47:09,974 INFO  server.RaftServerConfigKeys (ConfUtils.java:logGet(43)) - raft.server.log.preallocated.size = 16384 (custom)
2019-07-13 20:47:09,974 INFO  server.RaftServerConfigKeys (ConfUtils.java:logGet(43)) - raft.server.log.write.buffer.size = 33554432 (custom)
2019-07-13 20:47:09,974 INFO  server.RaftServerConfigKeys (ConfUtils.java:logGet(43)) - raft.server.log.force.sync.num = 128 (default)
2019-07-13 20:47:09,975 INFO  server.RaftServerConfigKeys (ConfUtils.java:logGet(43)) - raft.server.log.statemachine.data.sync = true (default)
2019-07-13 20:47:09,975 INFO  server.RaftServerConfigKeys (ConfUtils.java:logGet(43)) - raft.server.log.statemachine.data.sync.timeout = 10s (default)
2019-07-13 20:47:09,975 INFO  server.RaftServerConfigKeys (ConfUtils.java:logGet(43)) - raft.server.log.statemachine.data.sync.timeout.retry = -1 (default)
2019-07-13 20:47:09,975 INFO  server.RaftServerConfigKeys (ConfUtils.java:logGet(43)) - raft.server.log.statemachine.data.caching.enabled = true (custom)
2019-07-13 20:47:09,976 INFO  segmented.SegmentedRaftLogWorker (SegmentedRaftLogWorker.java:lambda$new$0(132)) - ec53db5d-3828-4459-8e22-4f8ed9f81799-SegmentedRaftLogWorker:Storage Directory /tmp/workdir/hadoop-ozone/integration-test/target/test-dir/MiniOzoneClusterImpl-f7499cc7-d7a4-4a70-8d9c-14a8f781e78f/datanode-3/data/ratis/f5001597-e3dc-4d29-9220-e0c646f7eb70: flushIndex: setUnconditionally 0 -> -1
2019-07-13 20:47:09,976 INFO  server.RaftServerConfigKeys (ConfUtils.java:logGet(43)) - raft.server.snapshot.auto.trigger.enabled = true (custom)
2019-07-13 20:47:09,976 INFO  server.RaftServerConfigKeys (ConfUtils.java:logGet(43)) - raft.server.snapshot.auto.trigger.threshold = 10000 (custom)
2019-07-13 20:47:09,976 INFO  server.RaftServerConfigKeys (ConfUtils.java:logGet(43)) - raft.server.retrycache.expirytime = 600000ms (custom)
2019-07-13 20:47:09,977 INFO  impl.RaftServerImpl (RaftServerImpl.java:start(180)) - ec53db5d-3828-4459-8e22-4f8ed9f81799: start group-E0C646F7EB70
2019-07-13 20:47:09,977 INFO  impl.RaftServerImpl (RaftServerImpl.java:setRole(171)) - ec53db5d-3828-4459-8e22-4f8ed9f81799:group-E0C646F7EB70 changes role from null to FOLLOWER at term 0 for startAsFollower
2019-07-13 20:47:09,977 INFO  impl.RoleInfo (RoleInfo.java:updateAndGet(143)) - ec53db5d-3828-4459-8e22-4f8ed9f81799: start FollowerState
2019-07-13 20:47:09,977 INFO  util.JmxRegister (JmxRegister.java:tryRegister(44)) - Successfully registered JMX Bean with object name Ratis:service=RaftServer,group=group-E0C646F7EB70,id=ec53db5d-3828-4459-8e22-4f8ed9f81799
2019-07-13 20:47:09,980 INFO  pipeline.PipelineStateManager (PipelineStateManager.java:addPipeline(56)) - Created pipeline Pipeline[ Id: f5001597-e3dc-4d29-9220-e0c646f7eb70, Nodes: ec53db5d-3828-4459-8e22-4f8ed9f81799{ip: 192.168.5.168, host: trunk-nightly-6qp7m-2461138711, networkLocation: /default-rack, certSerialId: null}, Type:RATIS, Factor:ONE, State:OPEN]
2019-07-13 20:47:10,167 INFO  node.SCMNodeManager (SCMNodeManager.java:register(269)) - Registered Data node : c48372ad-a728-4188-b6f8-0eebdcb5506e{ip: 192.168.5.168, host: trunk-nightly-6qp7m-2461138711, networkLocation: /default-rack, certSerialId: null}
2019-07-13 20:47:10,188 INFO  impl.RaftServerProxy (RaftServerProxy.java:addNew(89)) - c48372ad-a728-4188-b6f8-0eebdcb5506e: addNew group-F546C78CE3C1:[c48372ad-a728-4188-b6f8-0eebdcb5506e:192.168.5.168:33171] returns group-F546C78CE3C1:java.util.concurrent.CompletableFuture@484f0037[Not completed]
2019-07-13 20:47:10,190 INFO  impl.RaftServerImpl (RaftServerImpl.java:<init>(93)) - c48372ad-a728-4188-b6f8-0eebdcb5506e: new RaftServerImpl for group-F546C78CE3C1:[c48372ad-a728-4188-b6f8-0eebdcb5506e:192.168.5.168:33171] with ContainerStateMachine:uninitialized
2019-07-13 20:47:10,190 INFO  server.RaftServerConfigKeys (ConfUtils.java:logGet(43)) - raft.server.rpc.timeout.min = 5s (custom)
2019-07-13 20:47:10,190 INFO  server.RaftServerConfigKeys (ConfUtils.java:logGet(43)) - raft.server.rpc.timeout.max = 5200ms (custom)
2019-07-13 20:47:10,190 INFO  server.RaftServerConfigKeys (ConfUtils.java:logGet(43)) - raft.server.rpcslowness.timeout = 120s (custom)
2019-07-13 20:47:10,190 INFO  server.RaftServerConfigKeys (ConfUtils.java:logGet(43)) - raft.server.sleep.deviation.threshold = 300 (default)
2019-07-13 20:47:10,191 INFO  server.RaftServerConfigKeys (ConfUtils.java:logGet(43)) - raft.server.log.appender.install.snapshot.enabled = false (custom)
2019-07-13 20:47:10,191 INFO  impl.RaftServerImpl (ServerState.java:<init>(105)) - c48372ad-a728-4188-b6f8-0eebdcb5506e:group-F546C78CE3C1 ConfigurationManager, init=-1: [c48372ad-a728-4188-b6f8-0eebdcb5506e:192.168.5.168:33171], old=null, confs=<EMPTY_MAP>
2019-07-13 20:47:10,191 INFO  server.RaftServerConfigKeys (ConfUtils.java:logGet(43)) - raft.server.storage.dir = [/tmp/workdir/hadoop-ozone/integration-test/target/test-dir/MiniOzoneClusterImpl-f7499cc7-d7a4-4a70-8d9c-14a8f781e78f/datanode-4/data/ratis] (custom)
2019-07-13 20:47:10,191 INFO  storage.RaftStorageDirectory (RaftStorageDirectory.java:analyzeStorage(246)) - The storage directory /tmp/workdir/hadoop-ozone/integration-test/target/test-dir/MiniOzoneClusterImpl-f7499cc7-d7a4-4a70-8d9c-14a8f781e78f/datanode-4/data/ratis/5e8b5d2f-14a2-4bf1-ac4c-f546c78ce3c1 does not exist. Creating ...
2019-07-13 20:47:10,199 INFO  storage.RaftStorageDirectory (RaftStorageDirectory.java:tryLock(328)) - Lock on /tmp/workdir/hadoop-ozone/integration-test/target/test-dir/MiniOzoneClusterImpl-f7499cc7-d7a4-4a70-8d9c-14a8f781e78f/datanode-4/data/ratis/5e8b5d2f-14a2-4bf1-ac4c-f546c78ce3c1/in_use.lock acquired by nodename 28672@trunk-nightly-6qp7m-2461138711
2019-07-13 20:47:10,202 INFO  storage.RaftStorage (RaftStorage.java:format(72)) - Storage directory /tmp/workdir/hadoop-ozone/integration-test/target/test-dir/MiniOzoneClusterImpl-f7499cc7-d7a4-4a70-8d9c-14a8f781e78f/datanode-4/data/ratis/5e8b5d2f-14a2-4bf1-ac4c-f546c78ce3c1 has been successfully formatted.
2019-07-13 20:47:10,203 INFO  ratis.ContainerStateMachine (ContainerStateMachine.java:loadSnapshot(200)) - The snapshot info is null.Setting the last applied index to:(t:0, i:~)
2019-07-13 20:47:10,203 INFO  server.RaftServerConfigKeys (ConfUtils.java:logGet(43)) - raft.server.leader.election.timeout = 120s (custom)
2019-07-13 20:47:10,203 INFO  server.RaftServerConfigKeys (ConfUtils.java:logGet(43)) - raft.server.log.use.memory = false (default)
2019-07-13 20:47:10,203 INFO  server.RaftServerConfigKeys (ConfUtils.java:logGet(43)) - raft.server.log.purge.gap = 1000000000 (custom)
2019-07-13 20:47:10,204 INFO  server.RaftServerConfigKeys (ConfUtils.java:logGet(43)) - raft.server.log.appender.buffer.byte-limit = 33554432 (custom)
2019-07-13 20:47:10,204 INFO  server.RaftServerConfigKeys (ConfUtils.java:logGet(43)) - raft.server.log.segment.size.max = 1048576 (custom)
2019-07-13 20:47:10,204 INFO  server.RaftServerConfigKeys (ConfUtils.java:logGet(43)) - raft.server.log.segment.cache.num.max = 2 (custom)
2019-07-13 20:47:10,204 INFO  segmented.SegmentedRaftLogWorker (SegmentedRaftLogWorker.java:<init>(172)) - new c48372ad-a728-4188-b6f8-0eebdcb5506e-SegmentedRaftLogWorker:Storage Directory /tmp/workdir/hadoop-ozone/integration-test/target/test-dir/MiniOzoneClusterImpl-f7499cc7-d7a4-4a70-8d9c-14a8f781e78f/datanode-4/data/ratis/5e8b5d2f-14a2-4bf1-ac4c-f546c78ce3c1 for RaftStorage:Storage Directory /tmp/workdir/hadoop-ozone/integration-test/target/test-dir/MiniOzoneClusterImpl-f7499cc7-d7a4-4a70-8d9c-14a8f781e78f/datanode-4/data/ratis/5e8b5d2f-14a2-4bf1-ac4c-f546c78ce3c1
2019-07-13 20:47:10,204 INFO  server.RaftServerConfigKeys (ConfUtils.java:logGet(43)) - raft.server.log.queue.byte-limit = 2147483647 (custom)
2019-07-13 20:47:10,205 INFO  server.RaftServerConfigKeys (ConfUtils.java:logGet(43)) - raft.server.log.queue.element-limit = 1024 (custom)
2019-07-13 20:47:10,205 INFO  server.RaftServerConfigKeys (ConfUtils.java:logGet(43)) - raft.server.log.segment.size.max = 1048576 (custom)
2019-07-13 20:47:10,205 INFO  server.RaftServerConfigKeys (ConfUtils.java:logGet(43)) - raft.server.log.preallocated.size = 16384 (custom)
2019-07-13 20:47:10,205 INFO  server.RaftServerConfigKeys (ConfUtils.java:logGet(43)) - raft.server.log.write.buffer.size = 33554432 (custom)
2019-07-13 20:47:10,205 INFO  server.RaftServerConfigKeys (ConfUtils.java:logGet(43)) - raft.server.log.force.sync.num = 128 (default)
2019-07-13 20:47:10,205 INFO  server.RaftServerConfigKeys (ConfUtils.java:logGet(43)) - raft.server.log.statemachine.data.sync = true (default)
2019-07-13 20:47:10,206 INFO  server.RaftServerConfigKeys (ConfUtils.java:logGet(43)) - raft.server.log.statemachine.data.sync.timeout = 10s (default)
2019-07-13 20:47:10,206 INFO  server.RaftServerConfigKeys (ConfUtils.java:logGet(43)) - raft.server.log.statemachine.data.sync.timeout.retry = -1 (default)
2019-07-13 20:47:10,206 INFO  server.RaftServerConfigKeys (ConfUtils.java:logGet(43)) - raft.server.log.statemachine.data.caching.enabled = true (custom)
2019-07-13 20:47:10,207 INFO  segmented.SegmentedRaftLogWorker (SegmentedRaftLogWorker.java:lambda$new$0(132)) - c48372ad-a728-4188-b6f8-0eebdcb5506e-SegmentedRaftLogWorker:Storage Directory /tmp/workdir/hadoop-ozone/integration-test/target/test-dir/MiniOzoneClusterImpl-f7499cc7-d7a4-4a70-8d9c-14a8f781e78f/datanode-4/data/ratis/5e8b5d2f-14a2-4bf1-ac4c-f546c78ce3c1: flushIndex: setUnconditionally 0 -> -1
2019-07-13 20:47:10,207 INFO  server.RaftServerConfigKeys (ConfUtils.java:logGet(43)) - raft.server.snapshot.auto.trigger.enabled = true (custom)
2019-07-13 20:47:10,207 INFO  server.RaftServerConfigKeys (ConfUtils.java:logGet(43)) - raft.server.snapshot.auto.trigger.threshold = 10000 (custom)
2019-07-13 20:47:10,207 INFO  server.RaftServerConfigKeys (ConfUtils.java:logGet(43)) - raft.server.retrycache.expirytime = 600000ms (custom)
2019-07-13 20:47:10,208 INFO  impl.RaftServerImpl (RaftServerImpl.java:start(180)) - c48372ad-a728-4188-b6f8-0eebdcb5506e: start group-F546C78CE3C1
2019-07-13 20:47:10,208 INFO  impl.RaftServerImpl (RaftServerImpl.java:setRole(171)) - c48372ad-a728-4188-b6f8-0eebdcb5506e:group-F546C78CE3C1 changes role from null to FOLLOWER at term 0 for startAsFollower
2019-07-13 20:47:10,208 INFO  impl.RoleInfo (RoleInfo.java:updateAndGet(143)) - c48372ad-a728-4188-b6f8-0eebdcb5506e: start FollowerState
2019-07-13 20:47:10,208 INFO  util.JmxRegister (JmxRegister.java:tryRegister(44)) - Successfully registered JMX Bean with object name Ratis:service=RaftServer,group=group-F546C78CE3C1,id=c48372ad-a728-4188-b6f8-0eebdcb5506e
2019-07-13 20:47:10,211 INFO  pipeline.PipelineStateManager (PipelineStateManager.java:addPipeline(56)) - Created pipeline Pipeline[ Id: 5e8b5d2f-14a2-4bf1-ac4c-f546c78ce3c1, Nodes: c48372ad-a728-4188-b6f8-0eebdcb5506e{ip: 192.168.5.168, host: trunk-nightly-6qp7m-2461138711, networkLocation: /default-rack, certSerialId: null}, Type:RATIS, Factor:ONE, State:OPEN]
2019-07-13 20:47:10,404 INFO  node.SCMNodeManager (SCMNodeManager.java:register(269)) - Registered Data node : 5ad19d80-f4cf-4ccb-9361-ee5c40524fb7{ip: 192.168.5.168, host: trunk-nightly-6qp7m-2461138711, networkLocation: /default-rack, certSerialId: null}
2019-07-13 20:47:10,422 INFO  impl.RaftServerProxy (RaftServerProxy.java:addNew(89)) - 5ad19d80-f4cf-4ccb-9361-ee5c40524fb7: addNew group-99604F94C7D7:[5ad19d80-f4cf-4ccb-9361-ee5c40524fb7:192.168.5.168:44843] returns group-99604F94C7D7:java.util.concurrent.CompletableFuture@39f0a21a[Not completed]
2019-07-13 20:47:10,424 INFO  impl.RaftServerImpl (RaftServerImpl.java:<init>(93)) - 5ad19d80-f4cf-4ccb-9361-ee5c40524fb7: new RaftServerImpl for group-99604F94C7D7:[5ad19d80-f4cf-4ccb-9361-ee5c40524fb7:192.168.5.168:44843] with ContainerStateMachine:uninitialized
2019-07-13 20:47:10,424 INFO  server.RaftServerConfigKeys (ConfUtils.java:logGet(43)) - raft.server.rpc.timeout.min = 5s (custom)
2019-07-13 20:47:10,424 INFO  server.RaftServerConfigKeys (ConfUtils.java:logGet(43)) - raft.server.rpc.timeout.max = 5200ms (custom)
2019-07-13 20:47:10,424 INFO  server.RaftServerConfigKeys (ConfUtils.java:logGet(43)) - raft.server.rpcslowness.timeout = 120s (custom)
2019-07-13 20:47:10,424 INFO  server.RaftServerConfigKeys (ConfUtils.java:logGet(43)) - raft.server.sleep.deviation.threshold = 300 (default)
2019-07-13 20:47:10,424 INFO  server.RaftServerConfigKeys (ConfUtils.java:logGet(43)) - raft.server.log.appender.install.snapshot.enabled = false (custom)
2019-07-13 20:47:10,425 INFO  impl.RaftServerImpl (ServerState.java:<init>(105)) - 5ad19d80-f4cf-4ccb-9361-ee5c40524fb7:group-99604F94C7D7 ConfigurationManager, init=-1: [5ad19d80-f4cf-4ccb-9361-ee5c40524fb7:192.168.5.168:44843], old=null, confs=<EMPTY_MAP>
2019-07-13 20:47:10,425 INFO  server.RaftServerConfigKeys (ConfUtils.java:logGet(43)) - raft.server.storage.dir = [/tmp/workdir/hadoop-ozone/integration-test/target/test-dir/MiniOzoneClusterImpl-f7499cc7-d7a4-4a70-8d9c-14a8f781e78f/datanode-5/data/ratis] (custom)
2019-07-13 20:47:10,426 INFO  storage.RaftStorageDirectory (RaftStorageDirectory.java:analyzeStorage(246)) - The storage directory /tmp/workdir/hadoop-ozone/integration-test/target/test-dir/MiniOzoneClusterImpl-f7499cc7-d7a4-4a70-8d9c-14a8f781e78f/datanode-5/data/ratis/1c5e5b3b-e751-40b7-8690-99604f94c7d7 does not exist. Creating ...
2019-07-13 20:47:10,438 INFO  storage.RaftStorageDirectory (RaftStorageDirectory.java:tryLock(328)) - Lock on /tmp/workdir/hadoop-ozone/integration-test/target/test-dir/MiniOzoneClusterImpl-f7499cc7-d7a4-4a70-8d9c-14a8f781e78f/datanode-5/data/ratis/1c5e5b3b-e751-40b7-8690-99604f94c7d7/in_use.lock acquired by nodename 28672@trunk-nightly-6qp7m-2461138711
2019-07-13 20:47:10,447 INFO  storage.RaftStorage (RaftStorage.java:format(72)) - Storage directory /tmp/workdir/hadoop-ozone/integration-test/target/test-dir/MiniOzoneClusterImpl-f7499cc7-d7a4-4a70-8d9c-14a8f781e78f/datanode-5/data/ratis/1c5e5b3b-e751-40b7-8690-99604f94c7d7 has been successfully formatted.
2019-07-13 20:47:10,447 INFO  ratis.ContainerStateMachine (ContainerStateMachine.java:loadSnapshot(200)) - The snapshot info is null.Setting the last applied index to:(t:0, i:~)
2019-07-13 20:47:10,448 INFO  server.RaftServerConfigKeys (ConfUtils.java:logGet(43)) - raft.server.leader.election.timeout = 120s (custom)
2019-07-13 20:47:10,448 INFO  server.RaftServerConfigKeys (ConfUtils.java:logGet(43)) - raft.server.log.use.memory = false (default)
2019-07-13 20:47:10,448 INFO  server.RaftServerConfigKeys (ConfUtils.java:logGet(43)) - raft.server.log.purge.gap = 1000000000 (custom)
2019-07-13 20:47:10,448 INFO  server.RaftServerConfigKeys (ConfUtils.java:logGet(43)) - raft.server.log.appender.buffer.byte-limit = 33554432 (custom)
2019-07-13 20:47:10,448 INFO  server.RaftServerConfigKeys (ConfUtils.java:logGet(43)) - raft.server.log.segment.size.max = 1048576 (custom)
2019-07-13 20:47:10,448 INFO  server.RaftServerConfigKeys (ConfUtils.java:logGet(43)) - raft.server.log.segment.cache.num.max = 2 (custom)
2019-07-13 20:47:10,449 INFO  segmented.SegmentedRaftLogWorker (SegmentedRaftLogWorker.java:<init>(172)) - new 5ad19d80-f4cf-4ccb-9361-ee5c40524fb7-SegmentedRaftLogWorker:Storage Directory /tmp/workdir/hadoop-ozone/integration-test/target/test-dir/MiniOzoneClusterImpl-f7499cc7-d7a4-4a70-8d9c-14a8f781e78f/datanode-5/data/ratis/1c5e5b3b-e751-40b7-8690-99604f94c7d7 for RaftStorage:Storage Directory /tmp/workdir/hadoop-ozone/integration-test/target/test-dir/MiniOzoneClusterImpl-f7499cc7-d7a4-4a70-8d9c-14a8f781e78f/datanode-5/data/ratis/1c5e5b3b-e751-40b7-8690-99604f94c7d7
2019-07-13 20:47:10,449 INFO  server.RaftServerConfigKeys (ConfUtils.java:logGet(43)) - raft.server.log.queue.byte-limit = 2147483647 (custom)
2019-07-13 20:47:10,449 INFO  server.RaftServerConfigKeys (ConfUtils.java:logGet(43)) - raft.server.log.queue.element-limit = 1024 (custom)
2019-07-13 20:47:10,449 INFO  server.RaftServerConfigKeys (ConfUtils.java:logGet(43)) - raft.server.log.segment.size.max = 1048576 (custom)
2019-07-13 20:47:10,450 INFO  server.RaftServerConfigKeys (ConfUtils.java:logGet(43)) - raft.server.log.preallocated.size = 16384 (custom)
2019-07-13 20:47:10,450 INFO  server.RaftServerConfigKeys (ConfUtils.java:logGet(43)) - raft.server.log.write.buffer.size = 33554432 (custom)
2019-07-13 20:47:10,450 INFO  server.RaftServerConfigKeys (ConfUtils.java:logGet(43)) - raft.server.log.force.sync.num = 128 (default)
2019-07-13 20:47:10,450 INFO  server.RaftServerConfigKeys (ConfUtils.java:logGet(43)) - raft.server.log.statemachine.data.sync = true (default)
2019-07-13 20:47:10,450 INFO  server.RaftServerConfigKeys (ConfUtils.java:logGet(43)) - raft.server.log.statemachine.data.sync.timeout = 10s (default)
2019-07-13 20:47:10,450 INFO  server.RaftServerConfigKeys (ConfUtils.java:logGet(43)) - raft.server.log.statemachine.data.sync.timeout.retry = -1 (default)
2019-07-13 20:47:10,451 INFO  server.RaftServerConfigKeys (ConfUtils.java:logGet(43)) - raft.server.log.statemachine.data.caching.enabled = true (custom)
2019-07-13 20:47:10,451 INFO  segmented.SegmentedRaftLogWorker (SegmentedRaftLogWorker.java:lambda$new$0(132)) - 5ad19d80-f4cf-4ccb-9361-ee5c40524fb7-SegmentedRaftLogWorker:Storage Directory /tmp/workdir/hadoop-ozone/integration-test/target/test-dir/MiniOzoneClusterImpl-f7499cc7-d7a4-4a70-8d9c-14a8f781e78f/datanode-5/data/ratis/1c5e5b3b-e751-40b7-8690-99604f94c7d7: flushIndex: setUnconditionally 0 -> -1
2019-07-13 20:47:10,451 INFO  server.RaftServerConfigKeys (ConfUtils.java:logGet(43)) - raft.server.snapshot.auto.trigger.enabled = true (custom)
2019-07-13 20:47:10,452 INFO  server.RaftServerConfigKeys (ConfUtils.java:logGet(43)) - raft.server.snapshot.auto.trigger.threshold = 10000 (custom)
2019-07-13 20:47:10,452 INFO  server.RaftServerConfigKeys (ConfUtils.java:logGet(43)) - raft.server.retrycache.expirytime = 600000ms (custom)
2019-07-13 20:47:10,452 INFO  impl.RaftServerImpl (RaftServerImpl.java:start(180)) - 5ad19d80-f4cf-4ccb-9361-ee5c40524fb7: start group-99604F94C7D7
2019-07-13 20:47:10,452 INFO  impl.RaftServerImpl (RaftServerImpl.java:setRole(171)) - 5ad19d80-f4cf-4ccb-9361-ee5c40524fb7:group-99604F94C7D7 changes role from null to FOLLOWER at term 0 for startAsFollower
2019-07-13 20:47:10,452 INFO  impl.RoleInfo (RoleInfo.java:updateAndGet(143)) - 5ad19d80-f4cf-4ccb-9361-ee5c40524fb7: start FollowerState
2019-07-13 20:47:10,453 INFO  util.JmxRegister (JmxRegister.java:tryRegister(44)) - Successfully registered JMX Bean with object name Ratis:service=RaftServer,group=group-99604F94C7D7,id=5ad19d80-f4cf-4ccb-9361-ee5c40524fb7
2019-07-13 20:47:10,455 INFO  pipeline.PipelineStateManager (PipelineStateManager.java:addPipeline(56)) - Created pipeline Pipeline[ Id: 1c5e5b3b-e751-40b7-8690-99604f94c7d7, Nodes: 5ad19d80-f4cf-4ccb-9361-ee5c40524fb7{ip: 192.168.5.168, host: trunk-nightly-6qp7m-2461138711, networkLocation: /default-rack, certSerialId: null}, Type:RATIS, Factor:ONE, State:OPEN]
2019-07-13 20:47:10,515 INFO  impl.RaftServerProxy (RaftServerProxy.java:addNew(89)) - ec53db5d-3828-4459-8e22-4f8ed9f81799: addNew group-5E8CD41A4C94:[5ad19d80-f4cf-4ccb-9361-ee5c40524fb7:192.168.5.168:44843, c48372ad-a728-4188-b6f8-0eebdcb5506e:192.168.5.168:33171, ec53db5d-3828-4459-8e22-4f8ed9f81799:192.168.5.168:43175] returns group-5E8CD41A4C94:java.util.concurrent.CompletableFuture@3c25d3be[Not completed]
2019-07-13 20:47:10,515 INFO  impl.RaftServerProxy (RaftServerProxy.java:addNew(89)) - c48372ad-a728-4188-b6f8-0eebdcb5506e: addNew group-5E8CD41A4C94:[5ad19d80-f4cf-4ccb-9361-ee5c40524fb7:192.168.5.168:44843, c48372ad-a728-4188-b6f8-0eebdcb5506e:192.168.5.168:33171, ec53db5d-3828-4459-8e22-4f8ed9f81799:192.168.5.168:43175] returns group-5E8CD41A4C94:java.util.concurrent.CompletableFuture@5d298ed5[Not completed]
2019-07-13 20:47:10,516 INFO  impl.RaftServerProxy (RaftServerProxy.java:addNew(89)) - 5ad19d80-f4cf-4ccb-9361-ee5c40524fb7: addNew group-5E8CD41A4C94:[5ad19d80-f4cf-4ccb-9361-ee5c40524fb7:192.168.5.168:44843, c48372ad-a728-4188-b6f8-0eebdcb5506e:192.168.5.168:33171, ec53db5d-3828-4459-8e22-4f8ed9f81799:192.168.5.168:43175] returns group-5E8CD41A4C94:java.util.concurrent.CompletableFuture@7c7b1d1e[Not completed]
2019-07-13 20:47:10,516 INFO  impl.RaftServerImpl (RaftServerImpl.java:<init>(93)) - c48372ad-a728-4188-b6f8-0eebdcb5506e: new RaftServerImpl for group-5E8CD41A4C94:[5ad19d80-f4cf-4ccb-9361-ee5c40524fb7:192.168.5.168:44843, c48372ad-a728-4188-b6f8-0eebdcb5506e:192.168.5.168:33171, ec53db5d-3828-4459-8e22-4f8ed9f81799:192.168.5.168:43175] with ContainerStateMachine:uninitialized
2019-07-13 20:47:10,516 INFO  server.RaftServerConfigKeys (ConfUtils.java:logGet(43)) - raft.server.rpc.timeout.min = 5s (custom)
2019-07-13 20:47:10,517 INFO  server.RaftServerConfigKeys (ConfUtils.java:logGet(43)) - raft.server.rpc.timeout.max = 5200ms (custom)
2019-07-13 20:47:10,517 INFO  server.RaftServerConfigKeys (ConfUtils.java:logGet(43)) - raft.server.rpcslowness.timeout = 120s (custom)
2019-07-13 20:47:10,517 INFO  impl.RaftServerImpl (RaftServerImpl.java:<init>(93)) - ec53db5d-3828-4459-8e22-4f8ed9f81799: new RaftServerImpl for group-5E8CD41A4C94:[5ad19d80-f4cf-4ccb-9361-ee5c40524fb7:192.168.5.168:44843, c48372ad-a728-4188-b6f8-0eebdcb5506e:192.168.5.168:33171, ec53db5d-3828-4459-8e22-4f8ed9f81799:192.168.5.168:43175] with ContainerStateMachine:uninitialized
2019-07-13 20:47:10,517 INFO  server.RaftServerConfigKeys (ConfUtils.java:logGet(43)) - raft.server.sleep.deviation.threshold = 300 (default)
2019-07-13 20:47:10,517 INFO  server.RaftServerConfigKeys (ConfUtils.java:logGet(43)) - raft.server.rpc.timeout.min = 5s (custom)
2019-07-13 20:47:10,517 INFO  server.RaftServerConfigKeys (ConfUtils.java:logGet(43)) - raft.server.log.appender.install.snapshot.enabled = false (custom)
2019-07-13 20:47:10,517 INFO  server.RaftServerConfigKeys (ConfUtils.java:logGet(43)) - raft.server.rpc.timeout.max = 5200ms (custom)
2019-07-13 20:47:10,518 INFO  impl.RaftServerImpl (ServerState.java:<init>(105)) - c48372ad-a728-4188-b6f8-0eebdcb5506e:group-5E8CD41A4C94 ConfigurationManager, init=-1: [5ad19d80-f4cf-4ccb-9361-ee5c40524fb7:192.168.5.168:44843, c48372ad-a728-4188-b6f8-0eebdcb5506e:192.168.5.168:33171, ec53db5d-3828-4459-8e22-4f8ed9f81799:192.168.5.168:43175], old=null, confs=<EMPTY_MAP>
2019-07-13 20:47:10,518 INFO  server.RaftServerConfigKeys (ConfUtils.java:logGet(43)) - raft.server.rpcslowness.timeout = 120s (custom)
2019-07-13 20:47:10,518 INFO  server.RaftServerConfigKeys (ConfUtils.java:logGet(43)) - raft.server.storage.dir = [/tmp/workdir/hadoop-ozone/integration-test/target/test-dir/MiniOzoneClusterImpl-f7499cc7-d7a4-4a70-8d9c-14a8f781e78f/datanode-4/data/ratis] (custom)
2019-07-13 20:47:10,518 INFO  impl.RaftServerImpl (RaftServerImpl.java:<init>(93)) - 5ad19d80-f4cf-4ccb-9361-ee5c40524fb7: new RaftServerImpl for group-5E8CD41A4C94:[5ad19d80-f4cf-4ccb-9361-ee5c40524fb7:192.168.5.168:44843, c48372ad-a728-4188-b6f8-0eebdcb5506e:192.168.5.168:33171, ec53db5d-3828-4459-8e22-4f8ed9f81799:192.168.5.168:43175] with ContainerStateMachine:uninitialized
2019-07-13 20:47:10,518 INFO  server.RaftServerConfigKeys (ConfUtils.java:logGet(43)) - raft.server.sleep.deviation.threshold = 300 (default)
2019-07-13 20:47:10,518 INFO  storage.RaftStorageDirectory (RaftStorageDirectory.java:analyzeStorage(246)) - The storage directory /tmp/workdir/hadoop-ozone/integration-test/target/test-dir/MiniOzoneClusterImpl-f7499cc7-d7a4-4a70-8d9c-14a8f781e78f/datanode-4/data/ratis/b56509cf-8c5b-432c-8bed-5e8cd41a4c94 does not exist. Creating ...
2019-07-13 20:47:10,518 INFO  server.RaftServerConfigKeys (ConfUtils.java:logGet(43)) - raft.server.rpc.timeout.min = 5s (custom)
2019-07-13 20:47:10,519 INFO  server.RaftServerConfigKeys (ConfUtils.java:logGet(43)) - raft.server.log.appender.install.snapshot.enabled = false (custom)
2019-07-13 20:47:10,519 INFO  server.RaftServerConfigKeys (ConfUtils.java:logGet(43)) - raft.server.rpc.timeout.max = 5200ms (custom)
2019-07-13 20:47:10,519 INFO  impl.RaftServerImpl (ServerState.java:<init>(105)) - ec53db5d-3828-4459-8e22-4f8ed9f81799:group-5E8CD41A4C94 ConfigurationManager, init=-1: [5ad19d80-f4cf-4ccb-9361-ee5c40524fb7:192.168.5.168:44843, c48372ad-a728-4188-b6f8-0eebdcb5506e:192.168.5.168:33171, ec53db5d-3828-4459-8e22-4f8ed9f81799:192.168.5.168:43175], old=null, confs=<EMPTY_MAP>
2019-07-13 20:47:10,519 INFO  server.RaftServerConfigKeys (ConfUtils.java:logGet(43)) - raft.server.rpcslowness.timeout = 120s (custom)
2019-07-13 20:47:10,519 INFO  server.RaftServerConfigKeys (ConfUtils.java:logGet(43)) - raft.server.storage.dir = [/tmp/workdir/hadoop-ozone/integration-test/target/test-dir/MiniOzoneClusterImpl-f7499cc7-d7a4-4a70-8d9c-14a8f781e78f/datanode-3/data/ratis] (custom)
2019-07-13 20:47:10,520 INFO  server.RaftServerConfigKeys (ConfUtils.java:logGet(43)) - raft.server.sleep.deviation.threshold = 300 (default)
2019-07-13 20:47:10,520 INFO  server.RaftServerConfigKeys (ConfUtils.java:logGet(43)) - raft.server.log.appender.install.snapshot.enabled = false (custom)
2019-07-13 20:47:10,520 INFO  storage.RaftStorageDirectory (RaftStorageDirectory.java:analyzeStorage(246)) - The storage directory /tmp/workdir/hadoop-ozone/integration-test/target/test-dir/MiniOzoneClusterImpl-f7499cc7-d7a4-4a70-8d9c-14a8f781e78f/datanode-3/data/ratis/b56509cf-8c5b-432c-8bed-5e8cd41a4c94 does not exist. Creating ...
2019-07-13 20:47:10,520 INFO  impl.RaftServerImpl (ServerState.java:<init>(105)) - 5ad19d80-f4cf-4ccb-9361-ee5c40524fb7:group-5E8CD41A4C94 ConfigurationManager, init=-1: [5ad19d80-f4cf-4ccb-9361-ee5c40524fb7:192.168.5.168:44843, c48372ad-a728-4188-b6f8-0eebdcb5506e:192.168.5.168:33171, ec53db5d-3828-4459-8e22-4f8ed9f81799:192.168.5.168:43175], old=null, confs=<EMPTY_MAP>
2019-07-13 20:47:10,520 INFO  server.RaftServerConfigKeys (ConfUtils.java:logGet(43)) - raft.server.storage.dir = [/tmp/workdir/hadoop-ozone/integration-test/target/test-dir/MiniOzoneClusterImpl-f7499cc7-d7a4-4a70-8d9c-14a8f781e78f/datanode-5/data/ratis] (custom)
2019-07-13 20:47:10,521 INFO  storage.RaftStorageDirectory (RaftStorageDirectory.java:analyzeStorage(246)) - The storage directory /tmp/workdir/hadoop-ozone/integration-test/target/test-dir/MiniOzoneClusterImpl-f7499cc7-d7a4-4a70-8d9c-14a8f781e78f/datanode-5/data/ratis/b56509cf-8c5b-432c-8bed-5e8cd41a4c94 does not exist. Creating ...
2019-07-13 20:47:10,524 INFO  storage.RaftStorageDirectory (RaftStorageDirectory.java:tryLock(328)) - Lock on /tmp/workdir/hadoop-ozone/integration-test/target/test-dir/MiniOzoneClusterImpl-f7499cc7-d7a4-4a70-8d9c-14a8f781e78f/datanode-4/data/ratis/b56509cf-8c5b-432c-8bed-5e8cd41a4c94/in_use.lock acquired by nodename 28672@trunk-nightly-6qp7m-2461138711
2019-07-13 20:47:10,524 INFO  storage.RaftStorageDirectory (RaftStorageDirectory.java:tryLock(328)) - Lock on /tmp/workdir/hadoop-ozone/integration-test/target/test-dir/MiniOzoneClusterImpl-f7499cc7-d7a4-4a70-8d9c-14a8f781e78f/datanode-3/data/ratis/b56509cf-8c5b-432c-8bed-5e8cd41a4c94/in_use.lock acquired by nodename 28672@trunk-nightly-6qp7m-2461138711
2019-07-13 20:47:10,525 INFO  storage.RaftStorageDirectory (RaftStorageDirectory.java:tryLock(328)) - Lock on /tmp/workdir/hadoop-ozone/integration-test/target/test-dir/MiniOzoneClusterImpl-f7499cc7-d7a4-4a70-8d9c-14a8f781e78f/datanode-5/data/ratis/b56509cf-8c5b-432c-8bed-5e8cd41a4c94/in_use.lock acquired by nodename 28672@trunk-nightly-6qp7m-2461138711
2019-07-13 20:47:10,527 INFO  storage.RaftStorage (RaftStorage.java:format(72)) - Storage directory /tmp/workdir/hadoop-ozone/integration-test/target/test-dir/MiniOzoneClusterImpl-f7499cc7-d7a4-4a70-8d9c-14a8f781e78f/datanode-4/data/ratis/b56509cf-8c5b-432c-8bed-5e8cd41a4c94 has been successfully formatted.
2019-07-13 20:47:10,527 INFO  storage.RaftStorage (RaftStorage.java:format(72)) - Storage directory /tmp/workdir/hadoop-ozone/integration-test/target/test-dir/MiniOzoneClusterImpl-f7499cc7-d7a4-4a70-8d9c-14a8f781e78f/datanode-3/data/ratis/b56509cf-8c5b-432c-8bed-5e8cd41a4c94 has been successfully formatted.
2019-07-13 20:47:10,527 INFO  ratis.ContainerStateMachine (ContainerStateMachine.java:loadSnapshot(200)) - The snapshot info is null.Setting the last applied index to:(t:0, i:~)
2019-07-13 20:47:10,528 INFO  ratis.ContainerStateMachine (ContainerStateMachine.java:loadSnapshot(200)) - The snapshot info is null.Setting the last applied index to:(t:0, i:~)
2019-07-13 20:47:10,528 INFO  server.RaftServerConfigKeys (ConfUtils.java:logGet(43)) - raft.server.leader.election.timeout = 120s (custom)
2019-07-13 20:47:10,528 INFO  server.RaftServerConfigKeys (ConfUtils.java:logGet(43)) - raft.server.leader.election.timeout = 120s (custom)
2019-07-13 20:47:10,528 INFO  server.RaftServerConfigKeys (ConfUtils.java:logGet(43)) - raft.server.log.use.memory = false (default)
2019-07-13 20:47:10,528 INFO  server.RaftServerConfigKeys (ConfUtils.java:logGet(43)) - raft.server.log.use.memory = false (default)
2019-07-13 20:47:10,528 INFO  server.RaftServerConfigKeys (ConfUtils.java:logGet(43)) - raft.server.log.purge.gap = 1000000000 (custom)
2019-07-13 20:47:10,528 INFO  server.RaftServerConfigKeys (ConfUtils.java:logGet(43)) - raft.server.log.purge.gap = 1000000000 (custom)
2019-07-13 20:47:10,528 INFO  server.RaftServerConfigKeys (ConfUtils.java:logGet(43)) - raft.server.log.appender.buffer.byte-limit = 33554432 (custom)
2019-07-13 20:47:10,529 INFO  server.RaftServerConfigKeys (ConfUtils.java:logGet(43)) - raft.server.log.appender.buffer.byte-limit = 33554432 (custom)
2019-07-13 20:47:10,529 INFO  server.RaftServerConfigKeys (ConfUtils.java:logGet(43)) - raft.server.log.segment.size.max = 1048576 (custom)
2019-07-13 20:47:10,529 INFO  server.RaftServerConfigKeys (ConfUtils.java:logGet(43)) - raft.server.log.segment.size.max = 1048576 (custom)
2019-07-13 20:47:10,529 INFO  storage.RaftStorage (RaftStorage.java:format(72)) - Storage directory /tmp/workdir/hadoop-ozone/integration-test/target/test-dir/MiniOzoneClusterImpl-f7499cc7-d7a4-4a70-8d9c-14a8f781e78f/datanode-5/data/ratis/b56509cf-8c5b-432c-8bed-5e8cd41a4c94 has been successfully formatted.
2019-07-13 20:47:10,529 INFO  server.RaftServerConfigKeys (ConfUtils.java:logGet(43)) - raft.server.log.segment.cache.num.max = 2 (custom)
2019-07-13 20:47:10,530 INFO  ratis.ContainerStateMachine (ContainerStateMachine.java:loadSnapshot(200)) - The snapshot info is null.Setting the last applied index to:(t:0, i:~)
2019-07-13 20:47:10,529 INFO  server.RaftServerConfigKeys (ConfUtils.java:logGet(43)) - raft.server.log.segment.cache.num.max = 2 (custom)
2019-07-13 20:47:10,530 INFO  server.RaftServerConfigKeys (ConfUtils.java:logGet(43)) - raft.server.leader.election.timeout = 120s (custom)
2019-07-13 20:47:10,530 INFO  segmented.SegmentedRaftLogWorker (SegmentedRaftLogWorker.java:<init>(172)) - new ec53db5d-3828-4459-8e22-4f8ed9f81799-SegmentedRaftLogWorker:Storage Directory /tmp/workdir/hadoop-ozone/integration-test/target/test-dir/MiniOzoneClusterImpl-f7499cc7-d7a4-4a70-8d9c-14a8f781e78f/datanode-3/data/ratis/b56509cf-8c5b-432c-8bed-5e8cd41a4c94 for RaftStorage:Storage Directory /tmp/workdir/hadoop-ozone/integration-test/target/test-dir/MiniOzoneClusterImpl-f7499cc7-d7a4-4a70-8d9c-14a8f781e78f/datanode-3/data/ratis/b56509cf-8c5b-432c-8bed-5e8cd41a4c94
2019-07-13 20:47:10,530 INFO  server.RaftServerConfigKeys (ConfUtils.java:logGet(43)) - raft.server.log.use.memory = false (default)
2019-07-13 20:47:10,530 INFO  segmented.SegmentedRaftLogWorker (SegmentedRaftLogWorker.java:<init>(172)) - new c48372ad-a728-4188-b6f8-0eebdcb5506e-SegmentedRaftLogWorker:Storage Directory /tmp/workdir/hadoop-ozone/integration-test/target/test-dir/MiniOzoneClusterImpl-f7499cc7-d7a4-4a70-8d9c-14a8f781e78f/datanode-4/data/ratis/b56509cf-8c5b-432c-8bed-5e8cd41a4c94 for RaftStorage:Storage Directory /tmp/workdir/hadoop-ozone/integration-test/target/test-dir/MiniOzoneClusterImpl-f7499cc7-d7a4-4a70-8d9c-14a8f781e78f/datanode-4/data/ratis/b56509cf-8c5b-432c-8bed-5e8cd41a4c94
2019-07-13 20:47:10,530 INFO  server.RaftServerConfigKeys (ConfUtils.java:logGet(43)) - raft.server.log.purge.gap = 1000000000 (custom)
2019-07-13 20:47:10,530 INFO  server.RaftServerConfigKeys (ConfUtils.java:logGet(43)) - raft.server.log.queue.byte-limit = 2147483647 (custom)
2019-07-13 20:47:10,531 INFO  server.RaftServerConfigKeys (ConfUtils.java:logGet(43)) - raft.server.log.appender.buffer.byte-limit = 33554432 (custom)
2019-07-13 20:47:10,531 INFO  server.RaftServerConfigKeys (ConfUtils.java:logGet(43)) - raft.server.log.queue.byte-limit = 2147483647 (custom)
2019-07-13 20:47:10,531 INFO  server.RaftServerConfigKeys (ConfUtils.java:logGet(43)) - raft.server.log.segment.size.max = 1048576 (custom)
2019-07-13 20:47:10,531 INFO  server.RaftServerConfigKeys (ConfUtils.java:logGet(43)) - raft.server.log.queue.element-limit = 1024 (custom)
2019-07-13 20:47:10,531 INFO  server.RaftServerConfigKeys (ConfUtils.java:logGet(43)) - raft.server.log.segment.cache.num.max = 2 (custom)
2019-07-13 20:47:10,531 INFO  server.RaftServerConfigKeys (ConfUtils.java:logGet(43)) - raft.server.log.queue.element-limit = 1024 (custom)
2019-07-13 20:47:10,532 INFO  segmented.SegmentedRaftLogWorker (SegmentedRaftLogWorker.java:<init>(172)) - new 5ad19d80-f4cf-4ccb-9361-ee5c40524fb7-SegmentedRaftLogWorker:Storage Directory /tmp/workdir/hadoop-ozone/integration-test/target/test-dir/MiniOzoneClusterImpl-f7499cc7-d7a4-4a70-8d9c-14a8f781e78f/datanode-5/data/ratis/b56509cf-8c5b-432c-8bed-5e8cd41a4c94 for RaftStorage:Storage Directory /tmp/workdir/hadoop-ozone/integration-test/target/test-dir/MiniOzoneClusterImpl-f7499cc7-d7a4-4a70-8d9c-14a8f781e78f/datanode-5/data/ratis/b56509cf-8c5b-432c-8bed-5e8cd41a4c94
2019-07-13 20:47:10,532 INFO  server.RaftServerConfigKeys (ConfUtils.java:logGet(43)) - raft.server.log.segment.size.max = 1048576 (custom)
2019-07-13 20:47:10,532 INFO  server.RaftServerConfigKeys (ConfUtils.java:logGet(43)) - raft.server.log.queue.byte-limit = 2147483647 (custom)
2019-07-13 20:47:10,532 INFO  server.RaftServerConfigKeys (ConfUtils.java:logGet(43)) - raft.server.log.segment.size.max = 1048576 (custom)
2019-07-13 20:47:10,532 INFO  server.RaftServerConfigKeys (ConfUtils.java:logGet(43)) - raft.server.log.queue.element-limit = 1024 (custom)
2019-07-13 20:47:10,532 INFO  server.RaftServerConfigKeys (ConfUtils.java:logGet(43)) - raft.server.log.preallocated.size = 16384 (custom)
2019-07-13 20:47:10,533 INFO  server.RaftServerConfigKeys (ConfUtils.java:logGet(43)) - raft.server.log.segment.size.max = 1048576 (custom)
2019-07-13 20:47:10,533 INFO  server.RaftServerConfigKeys (ConfUtils.java:logGet(43)) - raft.server.log.preallocated.size = 16384 (custom)
2019-07-13 20:47:10,533 INFO  server.RaftServerConfigKeys (ConfUtils.java:logGet(43)) - raft.server.log.preallocated.size = 16384 (custom)
2019-07-13 20:47:10,533 INFO  server.RaftServerConfigKeys (ConfUtils.java:logGet(43)) - raft.server.log.write.buffer.size = 33554432 (custom)
2019-07-13 20:47:10,533 INFO  server.RaftServerConfigKeys (ConfUtils.java:logGet(43)) - raft.server.log.write.buffer.size = 33554432 (custom)
2019-07-13 20:47:10,534 INFO  server.RaftServerConfigKeys (ConfUtils.java:logGet(43)) - raft.server.log.force.sync.num = 128 (default)
2019-07-13 20:47:10,533 INFO  server.RaftServerConfigKeys (ConfUtils.java:logGet(43)) - raft.server.log.write.buffer.size = 33554432 (custom)
2019-07-13 20:47:10,534 INFO  server.RaftServerConfigKeys (ConfUtils.java:logGet(43)) - raft.server.log.statemachine.data.sync = true (default)
2019-07-13 20:47:10,534 INFO  server.RaftServerConfigKeys (ConfUtils.java:logGet(43)) - raft.server.log.force.sync.num = 128 (default)
2019-07-13 20:47:10,534 INFO  server.RaftServerConfigKeys (ConfUtils.java:logGet(43)) - raft.server.log.statemachine.data.sync.timeout = 10s (default)
2019-07-13 20:47:10,534 INFO  server.RaftServerConfigKeys (ConfUtils.java:logGet(43)) - raft.server.log.force.sync.num = 128 (default)
2019-07-13 20:47:10,535 INFO  server.RaftServerConfigKeys (ConfUtils.java:logGet(43)) - raft.server.log.statemachine.data.sync.timeout.retry = -1 (default)
2019-07-13 20:47:10,534 INFO  server.RaftServerConfigKeys (ConfUtils.java:logGet(43)) - raft.server.log.statemachine.data.sync = true (default)
2019-07-13 20:47:10,535 INFO  server.RaftServerConfigKeys (ConfUtils.java:logGet(43)) - raft.server.log.statemachine.data.caching.enabled = true (custom)
2019-07-13 20:47:10,535 INFO  server.RaftServerConfigKeys (ConfUtils.java:logGet(43)) - raft.server.log.statemachine.data.sync = true (default)
2019-07-13 20:47:10,535 INFO  server.RaftServerConfigKeys (ConfUtils.java:logGet(43)) - raft.server.log.statemachine.data.sync.timeout = 10s (default)
2019-07-13 20:47:10,535 INFO  server.RaftServerConfigKeys (ConfUtils.java:logGet(43)) - raft.server.log.statemachine.data.sync.timeout = 10s (default)
2019-07-13 20:47:10,535 INFO  server.RaftServerConfigKeys (ConfUtils.java:logGet(43)) - raft.server.log.statemachine.data.sync.timeout.retry = -1 (default)
2019-07-13 20:47:10,535 INFO  segmented.SegmentedRaftLogWorker (SegmentedRaftLogWorker.java:lambda$new$0(132)) - 5ad19d80-f4cf-4ccb-9361-ee5c40524fb7-SegmentedRaftLogWorker:Storage Directory /tmp/workdir/hadoop-ozone/integration-test/target/test-dir/MiniOzoneClusterImpl-f7499cc7-d7a4-4a70-8d9c-14a8f781e78f/datanode-5/data/ratis/b56509cf-8c5b-432c-8bed-5e8cd41a4c94: flushIndex: setUnconditionally 0 -> -1
2019-07-13 20:47:10,536 INFO  server.RaftServerConfigKeys (ConfUtils.java:logGet(43)) - raft.server.log.statemachine.data.caching.enabled = true (custom)
2019-07-13 20:47:10,536 INFO  server.RaftServerConfigKeys (ConfUtils.java:logGet(43)) - raft.server.log.statemachine.data.sync.timeout.retry = -1 (default)
2019-07-13 20:47:10,536 INFO  server.RaftServerConfigKeys (ConfUtils.java:logGet(43)) - raft.server.snapshot.auto.trigger.enabled = true (custom)
2019-07-13 20:47:10,536 INFO  server.RaftServerConfigKeys (ConfUtils.java:logGet(43)) - raft.server.log.statemachine.data.caching.enabled = true (custom)
2019-07-13 20:47:10,536 INFO  segmented.SegmentedRaftLogWorker (SegmentedRaftLogWorker.java:lambda$new$0(132)) - c48372ad-a728-4188-b6f8-0eebdcb5506e-SegmentedRaftLogWorker:Storage Directory /tmp/workdir/hadoop-ozone/integration-test/target/test-dir/MiniOzoneClusterImpl-f7499cc7-d7a4-4a70-8d9c-14a8f781e78f/datanode-4/data/ratis/b56509cf-8c5b-432c-8bed-5e8cd41a4c94: flushIndex: setUnconditionally 0 -> -1
2019-07-13 20:47:10,537 INFO  server.RaftServerConfigKeys (ConfUtils.java:logGet(43)) - raft.server.snapshot.auto.trigger.threshold = 10000 (custom)
2019-07-13 20:47:10,537 INFO  segmented.SegmentedRaftLogWorker (SegmentedRaftLogWorker.java:lambda$new$0(132)) - ec53db5d-3828-4459-8e22-4f8ed9f81799-SegmentedRaftLogWorker:Storage Directory /tmp/workdir/hadoop-ozone/integration-test/target/test-dir/MiniOzoneClusterImpl-f7499cc7-d7a4-4a70-8d9c-14a8f781e78f/datanode-3/data/ratis/b56509cf-8c5b-432c-8bed-5e8cd41a4c94: flushIndex: setUnconditionally 0 -> -1
2019-07-13 20:47:10,537 INFO  server.RaftServerConfigKeys (ConfUtils.java:logGet(43)) - raft.server.retrycache.expirytime = 600000ms (custom)
2019-07-13 20:47:10,537 INFO  server.RaftServerConfigKeys (ConfUtils.java:logGet(43)) - raft.server.snapshot.auto.trigger.enabled = true (custom)
2019-07-13 20:47:10,537 INFO  impl.RaftServerImpl (RaftServerImpl.java:start(180)) - 5ad19d80-f4cf-4ccb-9361-ee5c40524fb7: start group-5E8CD41A4C94
2019-07-13 20:47:10,537 INFO  server.RaftServerConfigKeys (ConfUtils.java:logGet(43)) - raft.server.snapshot.auto.trigger.enabled = true (custom)
2019-07-13 20:47:10,538 INFO  impl.RaftServerImpl (RaftServerImpl.java:setRole(171)) - 5ad19d80-f4cf-4ccb-9361-ee5c40524fb7:group-5E8CD41A4C94 changes role from null to FOLLOWER at term 0 for startAsFollower
2019-07-13 20:47:10,537 INFO  server.RaftServerConfigKeys (ConfUtils.java:logGet(43)) - raft.server.snapshot.auto.trigger.threshold = 10000 (custom)
2019-07-13 20:47:10,538 INFO  impl.RoleInfo (RoleInfo.java:updateAndGet(143)) - 5ad19d80-f4cf-4ccb-9361-ee5c40524fb7: start FollowerState
2019-07-13 20:47:10,538 INFO  server.RaftServerConfigKeys (ConfUtils.java:logGet(43)) - raft.server.snapshot.auto.trigger.threshold = 10000 (custom)
2019-07-13 20:47:10,538 INFO  server.RaftServerConfigKeys (ConfUtils.java:logGet(43)) - raft.server.retrycache.expirytime = 600000ms (custom)
2019-07-13 20:47:10,538 INFO  server.RaftServerConfigKeys (ConfUtils.java:logGet(43)) - raft.server.retrycache.expirytime = 600000ms (custom)
2019-07-13 20:47:10,538 INFO  util.JmxRegister (JmxRegister.java:tryRegister(44)) - Successfully registered JMX Bean with object name Ratis:service=RaftServer,group=group-5E8CD41A4C94,id=5ad19d80-f4cf-4ccb-9361-ee5c40524fb7
2019-07-13 20:47:10,538 INFO  impl.RaftServerImpl (RaftServerImpl.java:start(180)) - c48372ad-a728-4188-b6f8-0eebdcb5506e: start group-5E8CD41A4C94
2019-07-13 20:47:10,539 INFO  impl.RaftServerImpl (RaftServerImpl.java:start(180)) - ec53db5d-3828-4459-8e22-4f8ed9f81799: start group-5E8CD41A4C94
2019-07-13 20:47:10,539 INFO  impl.RaftServerImpl (RaftServerImpl.java:setRole(171)) - c48372ad-a728-4188-b6f8-0eebdcb5506e:group-5E8CD41A4C94 changes role from null to FOLLOWER at term 0 for startAsFollower
2019-07-13 20:47:10,539 INFO  impl.RaftServerImpl (RaftServerImpl.java:setRole(171)) - ec53db5d-3828-4459-8e22-4f8ed9f81799:group-5E8CD41A4C94 changes role from null to FOLLOWER at term 0 for startAsFollower
2019-07-13 20:47:10,539 INFO  impl.RoleInfo (RoleInfo.java:updateAndGet(143)) - c48372ad-a728-4188-b6f8-0eebdcb5506e: start FollowerState
2019-07-13 20:47:10,539 INFO  impl.RoleInfo (RoleInfo.java:updateAndGet(143)) - ec53db5d-3828-4459-8e22-4f8ed9f81799: start FollowerState
2019-07-13 20:47:10,540 INFO  util.JmxRegister (JmxRegister.java:tryRegister(44)) - Successfully registered JMX Bean with object name Ratis:service=RaftServer,group=group-5E8CD41A4C94,id=c48372ad-a728-4188-b6f8-0eebdcb5506e
2019-07-13 20:47:10,540 INFO  util.JmxRegister (JmxRegister.java:tryRegister(44)) - Successfully registered JMX Bean with object name Ratis:service=RaftServer,group=group-5E8CD41A4C94,id=ec53db5d-3828-4459-8e22-4f8ed9f81799
2019-07-13 20:47:10,543 INFO  pipeline.PipelineStateManager (PipelineStateManager.java:addPipeline(56)) - Created pipeline Pipeline[ Id: b56509cf-8c5b-432c-8bed-5e8cd41a4c94, Nodes: ec53db5d-3828-4459-8e22-4f8ed9f81799{ip: 192.168.5.168, host: trunk-nightly-6qp7m-2461138711, networkLocation: /default-rack, certSerialId: null}c48372ad-a728-4188-b6f8-0eebdcb5506e{ip: 192.168.5.168, host: trunk-nightly-6qp7m-2461138711, networkLocation: /default-rack, certSerialId: null}5ad19d80-f4cf-4ccb-9361-ee5c40524fb7{ip: 192.168.5.168, host: trunk-nightly-6qp7m-2461138711, networkLocation: /default-rack, certSerialId: null}, Type:RATIS, Factor:THREE, State:OPEN]
2019-07-13 20:47:10,602 INFO  ozone.MiniOzoneClusterImpl (MiniOzoneClusterImpl.java:lambda$waitForClusterToBeReady$0(142)) - Waiting for cluster to be ready. Got 6 of 7 DN Heartbeats.
2019-07-13 20:47:10,603 INFO  node.SCMNodeManager (SCMNodeManager.java:register(269)) - Registered Data node : bd4efc6b-fac3-47b0-83f6-4aa0ec2ef6fe{ip: 192.168.5.168, host: trunk-nightly-6qp7m-2461138711, networkLocation: /default-rack, certSerialId: null}
2019-07-13 20:47:10,634 INFO  impl.RaftServerProxy (RaftServerProxy.java:addNew(89)) - bd4efc6b-fac3-47b0-83f6-4aa0ec2ef6fe: addNew group-AE56314113E7:[bd4efc6b-fac3-47b0-83f6-4aa0ec2ef6fe:192.168.5.168:37928] returns group-AE56314113E7:java.util.concurrent.CompletableFuture@2d3fbbc0[Not completed]
2019-07-13 20:47:10,636 INFO  impl.RaftServerImpl (RaftServerImpl.java:<init>(93)) - bd4efc6b-fac3-47b0-83f6-4aa0ec2ef6fe: new RaftServerImpl for group-AE56314113E7:[bd4efc6b-fac3-47b0-83f6-4aa0ec2ef6fe:192.168.5.168:37928] with ContainerStateMachine:uninitialized
2019-07-13 20:47:10,636 INFO  server.RaftServerConfigKeys (ConfUtils.java:logGet(43)) - raft.server.rpc.timeout.min = 5s (custom)
2019-07-13 20:47:10,637 INFO  server.RaftServerConfigKeys (ConfUtils.java:logGet(43)) - raft.server.rpc.timeout.max = 5200ms (custom)
2019-07-13 20:47:10,637 INFO  server.RaftServerConfigKeys (ConfUtils.java:logGet(43)) - raft.server.rpcslowness.timeout = 120s (custom)
2019-07-13 20:47:10,637 INFO  server.RaftServerConfigKeys (ConfUtils.java:logGet(43)) - raft.server.sleep.deviation.threshold = 300 (default)
2019-07-13 20:47:10,637 INFO  server.RaftServerConfigKeys (ConfUtils.java:logGet(43)) - raft.server.log.appender.install.snapshot.enabled = false (custom)
2019-07-13 20:47:10,637 INFO  impl.RaftServerImpl (ServerState.java:<init>(105)) - bd4efc6b-fac3-47b0-83f6-4aa0ec2ef6fe:group-AE56314113E7 ConfigurationManager, init=-1: [bd4efc6b-fac3-47b0-83f6-4aa0ec2ef6fe:192.168.5.168:37928], old=null, confs=<EMPTY_MAP>
2019-07-13 20:47:10,637 INFO  server.RaftServerConfigKeys (ConfUtils.java:logGet(43)) - raft.server.storage.dir = [/tmp/workdir/hadoop-ozone/integration-test/target/test-dir/MiniOzoneClusterImpl-f7499cc7-d7a4-4a70-8d9c-14a8f781e78f/datanode-6/data/ratis] (custom)
2019-07-13 20:47:10,638 INFO  storage.RaftStorageDirectory (RaftStorageDirectory.java:analyzeStorage(246)) - The storage directory /tmp/workdir/hadoop-ozone/integration-test/target/test-dir/MiniOzoneClusterImpl-f7499cc7-d7a4-4a70-8d9c-14a8f781e78f/datanode-6/data/ratis/2fc40f50-9f69-4132-a44f-ae56314113e7 does not exist. Creating ...
2019-07-13 20:47:10,650 INFO  storage.RaftStorageDirectory (RaftStorageDirectory.java:tryLock(328)) - Lock on /tmp/workdir/hadoop-ozone/integration-test/target/test-dir/MiniOzoneClusterImpl-f7499cc7-d7a4-4a70-8d9c-14a8f781e78f/datanode-6/data/ratis/2fc40f50-9f69-4132-a44f-ae56314113e7/in_use.lock acquired by nodename 28672@trunk-nightly-6qp7m-2461138711
2019-07-13 20:47:10,654 INFO  storage.RaftStorage (RaftStorage.java:format(72)) - Storage directory /tmp/workdir/hadoop-ozone/integration-test/target/test-dir/MiniOzoneClusterImpl-f7499cc7-d7a4-4a70-8d9c-14a8f781e78f/datanode-6/data/ratis/2fc40f50-9f69-4132-a44f-ae56314113e7 has been successfully formatted.
2019-07-13 20:47:10,655 INFO  ratis.ContainerStateMachine (ContainerStateMachine.java:loadSnapshot(200)) - The snapshot info is null.Setting the last applied index to:(t:0, i:~)
2019-07-13 20:47:10,655 INFO  server.RaftServerConfigKeys (ConfUtils.java:logGet(43)) - raft.server.leader.election.timeout = 120s (custom)
2019-07-13 20:47:10,655 INFO  server.RaftServerConfigKeys (ConfUtils.java:logGet(43)) - raft.server.log.use.memory = false (default)
2019-07-13 20:47:10,655 INFO  server.RaftServerConfigKeys (ConfUtils.java:logGet(43)) - raft.server.log.purge.gap = 1000000000 (custom)
2019-07-13 20:47:10,655 INFO  server.RaftServerConfigKeys (ConfUtils.java:logGet(43)) - raft.server.log.appender.buffer.byte-limit = 33554432 (custom)
2019-07-13 20:47:10,655 INFO  server.RaftServerConfigKeys (ConfUtils.java:logGet(43)) - raft.server.log.segment.size.max = 1048576 (custom)
2019-07-13 20:47:10,656 INFO  server.RaftServerConfigKeys (ConfUtils.java:logGet(43)) - raft.server.log.segment.cache.num.max = 2 (custom)
2019-07-13 20:47:10,656 INFO  segmented.SegmentedRaftLogWorker (SegmentedRaftLogWorker.java:<init>(172)) - new bd4efc6b-fac3-47b0-83f6-4aa0ec2ef6fe-SegmentedRaftLogWorker:Storage Directory /tmp/workdir/hadoop-ozone/integration-test/target/test-dir/MiniOzoneClusterImpl-f7499cc7-d7a4-4a70-8d9c-14a8f781e78f/datanode-6/data/ratis/2fc40f50-9f69-4132-a44f-ae56314113e7 for RaftStorage:Storage Directory /tmp/workdir/hadoop-ozone/integration-test/target/test-dir/MiniOzoneClusterImpl-f7499cc7-d7a4-4a70-8d9c-14a8f781e78f/datanode-6/data/ratis/2fc40f50-9f69-4132-a44f-ae56314113e7
2019-07-13 20:47:10,656 INFO  server.RaftServerConfigKeys (ConfUtils.java:logGet(43)) - raft.server.log.queue.byte-limit = 2147483647 (custom)
2019-07-13 20:47:10,656 INFO  server.RaftServerConfigKeys (ConfUtils.java:logGet(43)) - raft.server.log.queue.element-limit = 1024 (custom)
2019-07-13 20:47:10,657 INFO  server.RaftServerConfigKeys (ConfUtils.java:logGet(43)) - raft.server.log.segment.size.max = 1048576 (custom)
2019-07-13 20:47:10,657 INFO  server.RaftServerConfigKeys (ConfUtils.java:logGet(43)) - raft.server.log.preallocated.size = 16384 (custom)
2019-07-13 20:47:10,657 INFO  server.RaftServerConfigKeys (ConfUtils.java:logGet(43)) - raft.server.log.write.buffer.size = 33554432 (custom)
2019-07-13 20:47:10,657 INFO  server.RaftServerConfigKeys (ConfUtils.java:logGet(43)) - raft.server.log.force.sync.num = 128 (default)
2019-07-13 20:47:10,657 INFO  server.RaftServerConfigKeys (ConfUtils.java:logGet(43)) - raft.server.log.statemachine.data.sync = true (default)
2019-07-13 20:47:10,657 INFO  server.RaftServerConfigKeys (ConfUtils.java:logGet(43)) - raft.server.log.statemachine.data.sync.timeout = 10s (default)
2019-07-13 20:47:10,657 INFO  server.RaftServerConfigKeys (ConfUtils.java:logGet(43)) - raft.server.log.statemachine.data.sync.timeout.retry = -1 (default)
2019-07-13 20:47:10,658 INFO  server.RaftServerConfigKeys (ConfUtils.java:logGet(43)) - raft.server.log.statemachine.data.caching.enabled = true (custom)
2019-07-13 20:47:10,658 INFO  segmented.SegmentedRaftLogWorker (SegmentedRaftLogWorker.java:lambda$new$0(132)) - bd4efc6b-fac3-47b0-83f6-4aa0ec2ef6fe-SegmentedRaftLogWorker:Storage Directory /tmp/workdir/hadoop-ozone/integration-test/target/test-dir/MiniOzoneClusterImpl-f7499cc7-d7a4-4a70-8d9c-14a8f781e78f/datanode-6/data/ratis/2fc40f50-9f69-4132-a44f-ae56314113e7: flushIndex: setUnconditionally 0 -> -1
2019-07-13 20:47:10,659 INFO  server.RaftServerConfigKeys (ConfUtils.java:logGet(43)) - raft.server.snapshot.auto.trigger.enabled = true (custom)
2019-07-13 20:47:10,659 INFO  server.RaftServerConfigKeys (ConfUtils.java:logGet(43)) - raft.server.snapshot.auto.trigger.threshold = 10000 (custom)
2019-07-13 20:47:10,659 INFO  server.RaftServerConfigKeys (ConfUtils.java:logGet(43)) - raft.server.retrycache.expirytime = 600000ms (custom)
2019-07-13 20:47:10,659 INFO  impl.RaftServerImpl (RaftServerImpl.java:start(180)) - bd4efc6b-fac3-47b0-83f6-4aa0ec2ef6fe: start group-AE56314113E7
2019-07-13 20:47:10,659 INFO  impl.RaftServerImpl (RaftServerImpl.java:setRole(171)) - bd4efc6b-fac3-47b0-83f6-4aa0ec2ef6fe:group-AE56314113E7 changes role from null to FOLLOWER at term 0 for startAsFollower
2019-07-13 20:47:10,660 INFO  impl.RoleInfo (RoleInfo.java:updateAndGet(143)) - bd4efc6b-fac3-47b0-83f6-4aa0ec2ef6fe: start FollowerState
2019-07-13 20:47:10,660 INFO  util.JmxRegister (JmxRegister.java:tryRegister(44)) - Successfully registered JMX Bean with object name Ratis:service=RaftServer,group=group-AE56314113E7,id=bd4efc6b-fac3-47b0-83f6-4aa0ec2ef6fe
2019-07-13 20:47:10,664 INFO  pipeline.PipelineStateManager (PipelineStateManager.java:addPipeline(56)) - Created pipeline Pipeline[ Id: 2fc40f50-9f69-4132-a44f-ae56314113e7, Nodes: bd4efc6b-fac3-47b0-83f6-4aa0ec2ef6fe{ip: 192.168.5.168, host: trunk-nightly-6qp7m-2461138711, networkLocation: /default-rack, certSerialId: null}, Type:RATIS, Factor:ONE, State:OPEN]
2019-07-13 20:47:11,406 WARN  server.GrpcLogAppender (LogUtils.java:warn(134)) - a821c51a-654e-405d-8a70-0a883c22ff18->ab218066-181d-46b2-9ec7-7fa1ad867f1c: Failed appendEntries: org.apache.ratis.thirdparty.io.grpc.StatusRuntimeException: UNAVAILABLE: io exception
2019-07-13 20:47:11,406 WARN  server.GrpcLogAppender (LogUtils.java:warn(134)) - a821c51a-654e-405d-8a70-0a883c22ff18->4f108adb-2142-4e92-bf39-b48875c9ade4: Failed appendEntries: org.apache.ratis.thirdparty.io.grpc.StatusRuntimeException: UNAVAILABLE: io exception
2019-07-13 20:47:11,416 INFO  impl.FollowerInfo (FollowerInfo.java:lambda$new$0(50)) - a821c51a-654e-405d-8a70-0a883c22ff18->ab218066-181d-46b2-9ec7-7fa1ad867f1c: nextIndex: updateUnconditionally 0 -> 0
2019-07-13 20:47:11,442 INFO  impl.FollowerInfo (FollowerInfo.java:lambda$new$0(50)) - a821c51a-654e-405d-8a70-0a883c22ff18->4f108adb-2142-4e92-bf39-b48875c9ade4: nextIndex: updateUnconditionally 0 -> 0
2019-07-13 20:47:11,602 INFO  ozone.MiniOzoneClusterImpl (MiniOzoneClusterImpl.java:lambda$waitForClusterToBeReady$0(142)) - Cluster is ready. Got 7 of 7 DN Heartbeats.
2019-07-13 20:47:11,665 INFO  rpc.RpcClient (RpcClient.java:createVolume(287)) - Creating Volume: watchforcommithandlingtest, with jenkins1000 as owner.
2019-07-13 20:47:11,687 INFO  rpc.RpcClient (RpcClient.java:createBucket(424)) - Creating Bucket: watchforcommithandlingtest/watchforcommithandlingtest, with Versioning false and Storage Type set to DISK and Encryption set to false 
2019-07-13 20:47:11,692 INFO  ozone.MiniOzoneClusterImpl (MiniOzoneClusterImpl.java:getStorageContainerLocationClient(241)) - Creating StorageContainerLocationProtocol RPC client with address /0.0.0.0:38106
2019-07-13 20:47:11,717 INFO  client.GrpcClientProtocolClient (GrpcClientProtocolClient.java:onNext(255)) - client-CA98065693EE->aa0bc247-12f0-4aa6-87db-fc23e750d426: receive RaftClientReply:client-CA98065693EE->aa0bc247-12f0-4aa6-87db-fc23e750d426@group-E423EDA0977D, cid=52, FAILED org.apache.ratis.protocol.NotLeaderException: Server aa0bc247-12f0-4aa6-87db-fc23e750d426 is not the leader (null). Request must be sent to leader., logIndex=0, commits[aa0bc247-12f0-4aa6-87db-fc23e750d426:c-1]
2019-07-13 20:47:12,227 INFO  container.ReplicationManager (ReplicationManager.java:start(155)) - Starting Replication Monitor Thread.
2019-07-13 20:47:12,238 INFO  container.ReplicationManager (ReplicationManager.java:run(207)) - Replication Monitor Thread took 0 milliseconds for processing 1 containers.
2019-07-13 20:47:12,764 INFO  client.GrpcClientProtocolClient (GrpcClientProtocolClient.java:onNext(255)) - client-CA98065693EE->05e77c5e-e1f6-4c07-aa64-b75593fc2a63: receive RaftClientReply:client-CA98065693EE->05e77c5e-e1f6-4c07-aa64-b75593fc2a63@group-E423EDA0977D, cid=52, FAILED org.apache.ratis.protocol.NotLeaderException: Server 05e77c5e-e1f6-4c07-aa64-b75593fc2a63 is not the leader (null). Request must be sent to leader., logIndex=0, commits[05e77c5e-e1f6-4c07-aa64-b75593fc2a63:c-1]
2019-07-13 20:47:13,798 INFO  client.GrpcClientProtocolClient (GrpcClientProtocolClient.java:onNext(255)) - client-CA98065693EE->aa0bc247-12f0-4aa6-87db-fc23e750d426: receive RaftClientReply:client-CA98065693EE->aa0bc247-12f0-4aa6-87db-fc23e750d426@group-E423EDA0977D, cid=52, FAILED org.apache.ratis.protocol.NotLeaderException: Server aa0bc247-12f0-4aa6-87db-fc23e750d426 is not the leader (null). Request must be sent to leader., logIndex=0, commits[aa0bc247-12f0-4aa6-87db-fc23e750d426:c-1]
2019-07-13 20:47:13,907 WARN  server.GrpcLogAppender (LogUtils.java:warn(134)) - a821c51a-654e-405d-8a70-0a883c22ff18->4f108adb-2142-4e92-bf39-b48875c9ade4: Failed appendEntries: org.apache.ratis.thirdparty.io.grpc.StatusRuntimeException: UNAVAILABLE: io exception
2019-07-13 20:47:13,907 WARN  server.GrpcLogAppender (LogUtils.java:warn(134)) - a821c51a-654e-405d-8a70-0a883c22ff18->ab218066-181d-46b2-9ec7-7fa1ad867f1c: Failed appendEntries: org.apache.ratis.thirdparty.io.grpc.StatusRuntimeException: UNAVAILABLE: io exception
2019-07-13 20:47:13,914 INFO  impl.FollowerInfo (FollowerInfo.java:lambda$new$0(50)) - a821c51a-654e-405d-8a70-0a883c22ff18->4f108adb-2142-4e92-bf39-b48875c9ade4: nextIndex: updateUnconditionally 0 -> 0
2019-07-13 20:47:13,921 INFO  impl.FollowerInfo (FollowerInfo.java:lambda$new$0(50)) - a821c51a-654e-405d-8a70-0a883c22ff18->ab218066-181d-46b2-9ec7-7fa1ad867f1c: nextIndex: updateUnconditionally 0 -> 0
2019-07-13 20:47:14,413 INFO  impl.FollowerState (FollowerState.java:run(106)) - 05e77c5e-e1f6-4c07-aa64-b75593fc2a63:group-4D1E9CE215C8 changes to CANDIDATE, lastRpcTime:5135, electionTimeout:5135ms
2019-07-13 20:47:14,413 INFO  impl.RoleInfo (RoleInfo.java:shutdownFollowerState(121)) - 05e77c5e-e1f6-4c07-aa64-b75593fc2a63: shutdown FollowerState
2019-07-13 20:47:14,414 INFO  impl.RaftServerImpl (RaftServerImpl.java:setRole(171)) - 05e77c5e-e1f6-4c07-aa64-b75593fc2a63:group-4D1E9CE215C8 changes role from FOLLOWER to CANDIDATE at term 0 for changeToCandidate
2019-07-13 20:47:14,414 INFO  impl.RoleInfo (RoleInfo.java:updateAndGet(143)) - 05e77c5e-e1f6-4c07-aa64-b75593fc2a63: start LeaderElection
2019-07-13 20:47:14,449 INFO  impl.LeaderElection (LeaderElection.java:askForVotes(181)) - 05e77c5e-e1f6-4c07-aa64-b75593fc2a63:group-4D1E9CE215C8:LeaderElection21: begin an election at term 1 for -1: [05e77c5e-e1f6-4c07-aa64-b75593fc2a63:192.168.5.168:40153], old=null
2019-07-13 20:47:14,450 INFO  impl.RoleInfo (RoleInfo.java:shutdownLeaderElection(134)) - 05e77c5e-e1f6-4c07-aa64-b75593fc2a63: shutdown LeaderElection
2019-07-13 20:47:14,450 INFO  impl.RaftServerImpl (RaftServerImpl.java:setRole(171)) - 05e77c5e-e1f6-4c07-aa64-b75593fc2a63:group-4D1E9CE215C8 changes role from CANDIDATE to LEADER at term 1 for changeToLeader
2019-07-13 20:47:14,450 INFO  impl.RaftServerImpl (ServerState.java:setLeader(263)) - 05e77c5e-e1f6-4c07-aa64-b75593fc2a63:group-4D1E9CE215C8 change Leader from null to 05e77c5e-e1f6-4c07-aa64-b75593fc2a63 at term 1 for becomeLeader, leader elected after 5177ms
2019-07-13 20:47:14,450 INFO  server.RaftServerConfigKeys (ConfUtils.java:logGet(43)) - raft.server.staging.catchup.gap = 1000 (default)
2019-07-13 20:47:14,450 INFO  server.RaftServerConfigKeys (ConfUtils.java:logGet(43)) - raft.server.rpc.sleep.time = 25ms (default)
2019-07-13 20:47:14,450 INFO  server.RaftServerConfigKeys (ConfUtils.java:logGet(43)) - raft.server.write.element-limit = 4096 (default)
2019-07-13 20:47:14,451 INFO  server.RaftServerConfigKeys (ConfUtils.java:logGet(43)) - raft.server.watch.timeout = 10s (default)
2019-07-13 20:47:14,451 INFO  server.RaftServerConfigKeys (ConfUtils.java:logGet(43)) - raft.server.watch.timeout.denomination = 1s (default)
2019-07-13 20:47:14,451 INFO  server.RaftServerConfigKeys (ConfUtils.java:logGet(43)) - raft.server.watch.element-limit = 65536 (default)
2019-07-13 20:47:14,451 INFO  impl.RoleInfo (RoleInfo.java:updateAndGet(143)) - 05e77c5e-e1f6-4c07-aa64-b75593fc2a63: start LeaderState
2019-07-13 20:47:14,451 INFO  segmented.SegmentedRaftLogWorker (SegmentedRaftLogWorker.java:startLogSegment(380)) - 05e77c5e-e1f6-4c07-aa64-b75593fc2a63-SegmentedRaftLogWorker:Storage Directory /tmp/workdir/hadoop-ozone/integration-test/target/test-dir/MiniOzoneClusterImpl-f7499cc7-d7a4-4a70-8d9c-14a8f781e78f/datanode-0/data/ratis/11c36466-3278-482d-9714-4d1e9ce215c8: Starting segment from index:0
2019-07-13 20:47:14,452 INFO  impl.RaftServerImpl (ServerState.java:setRaftConf(361)) - 05e77c5e-e1f6-4c07-aa64-b75593fc2a63:group-4D1E9CE215C8 set configuration 0: [05e77c5e-e1f6-4c07-aa64-b75593fc2a63:192.168.5.168:40153], old=null at 0
2019-07-13 20:47:14,490 INFO  segmented.SegmentedRaftLogWorker (SegmentedRaftLogWorker.java:execute(569)) - 05e77c5e-e1f6-4c07-aa64-b75593fc2a63-SegmentedRaftLogWorker:Storage Directory /tmp/workdir/hadoop-ozone/integration-test/target/test-dir/MiniOzoneClusterImpl-f7499cc7-d7a4-4a70-8d9c-14a8f781e78f/datanode-0/data/ratis/11c36466-3278-482d-9714-4d1e9ce215c8: created new log segment /tmp/workdir/hadoop-ozone/integration-test/target/test-dir/MiniOzoneClusterImpl-f7499cc7-d7a4-4a70-8d9c-14a8f781e78f/datanode-0/data/ratis/11c36466-3278-482d-9714-4d1e9ce215c8/current/log_inprogress_0
2019-07-13 20:47:14,736 INFO  impl.FollowerState (FollowerState.java:run(106)) - aa0bc247-12f0-4aa6-87db-fc23e750d426:group-768372AA602B changes to CANDIDATE, lastRpcTime:5155, electionTimeout:5155ms
2019-07-13 20:47:14,736 INFO  impl.RoleInfo (RoleInfo.java:shutdownFollowerState(121)) - aa0bc247-12f0-4aa6-87db-fc23e750d426: shutdown FollowerState
2019-07-13 20:47:14,736 INFO  impl.RaftServerImpl (RaftServerImpl.java:setRole(171)) - aa0bc247-12f0-4aa6-87db-fc23e750d426:group-768372AA602B changes role from FOLLOWER to CANDIDATE at term 0 for changeToCandidate
2019-07-13 20:47:14,736 INFO  impl.RoleInfo (RoleInfo.java:updateAndGet(143)) - aa0bc247-12f0-4aa6-87db-fc23e750d426: start LeaderElection
2019-07-13 20:47:14,759 INFO  impl.LeaderElection (LeaderElection.java:askForVotes(181)) - aa0bc247-12f0-4aa6-87db-fc23e750d426:group-768372AA602B:LeaderElection22: begin an election at term 1 for -1: [aa0bc247-12f0-4aa6-87db-fc23e750d426:192.168.5.168:39115], old=null
2019-07-13 20:47:14,759 INFO  impl.RoleInfo (RoleInfo.java:shutdownLeaderElection(134)) - aa0bc247-12f0-4aa6-87db-fc23e750d426: shutdown LeaderElection
2019-07-13 20:47:14,759 INFO  impl.RaftServerImpl (RaftServerImpl.java:setRole(171)) - aa0bc247-12f0-4aa6-87db-fc23e750d426:group-768372AA602B changes role from CANDIDATE to LEADER at term 1 for changeToLeader
2019-07-13 20:47:14,759 INFO  impl.RaftServerImpl (ServerState.java:setLeader(263)) - aa0bc247-12f0-4aa6-87db-fc23e750d426:group-768372AA602B change Leader from null to aa0bc247-12f0-4aa6-87db-fc23e750d426 at term 1 for becomeLeader, leader elected after 5184ms
2019-07-13 20:47:14,760 INFO  server.RaftServerConfigKeys (ConfUtils.java:logGet(43)) - raft.server.staging.catchup.gap = 1000 (default)
2019-07-13 20:47:14,760 INFO  server.RaftServerConfigKeys (ConfUtils.java:logGet(43)) - raft.server.rpc.sleep.time = 25ms (default)
2019-07-13 20:47:14,760 INFO  server.RaftServerConfigKeys (ConfUtils.java:logGet(43)) - raft.server.write.element-limit = 4096 (default)
2019-07-13 20:47:14,760 INFO  server.RaftServerConfigKeys (ConfUtils.java:logGet(43)) - raft.server.watch.timeout = 10s (default)
2019-07-13 20:47:14,760 INFO  server.RaftServerConfigKeys (ConfUtils.java:logGet(43)) - raft.server.watch.timeout.denomination = 1s (default)
2019-07-13 20:47:14,760 INFO  server.RaftServerConfigKeys (ConfUtils.java:logGet(43)) - raft.server.watch.element-limit = 65536 (default)
2019-07-13 20:47:14,761 INFO  impl.RoleInfo (RoleInfo.java:updateAndGet(143)) - aa0bc247-12f0-4aa6-87db-fc23e750d426: start LeaderState
2019-07-13 20:47:14,761 INFO  segmented.SegmentedRaftLogWorker (SegmentedRaftLogWorker.java:startLogSegment(380)) - aa0bc247-12f0-4aa6-87db-fc23e750d426-SegmentedRaftLogWorker:Storage Directory /tmp/workdir/hadoop-ozone/integration-test/target/test-dir/MiniOzoneClusterImpl-f7499cc7-d7a4-4a70-8d9c-14a8f781e78f/datanode-1/data/ratis/3ce7e141-53cb-459e-b11d-768372aa602b: Starting segment from index:0
2019-07-13 20:47:14,761 INFO  impl.RaftServerImpl (ServerState.java:setRaftConf(361)) - aa0bc247-12f0-4aa6-87db-fc23e750d426:group-768372AA602B set configuration 0: [aa0bc247-12f0-4aa6-87db-fc23e750d426:192.168.5.168:39115], old=null at 0
2019-07-13 20:47:14,791 INFO  segmented.SegmentedRaftLogWorker (SegmentedRaftLogWorker.java:execute(569)) - aa0bc247-12f0-4aa6-87db-fc23e750d426-SegmentedRaftLogWorker:Storage Directory /tmp/workdir/hadoop-ozone/integration-test/target/test-dir/MiniOzoneClusterImpl-f7499cc7-d7a4-4a70-8d9c-14a8f781e78f/datanode-1/data/ratis/3ce7e141-53cb-459e-b11d-768372aa602b: created new log segment /tmp/workdir/hadoop-ozone/integration-test/target/test-dir/MiniOzoneClusterImpl-f7499cc7-d7a4-4a70-8d9c-14a8f781e78f/datanode-1/data/ratis/3ce7e141-53cb-459e-b11d-768372aa602b/current/log_inprogress_0
2019-07-13 20:47:14,841 INFO  client.GrpcClientProtocolClient (GrpcClientProtocolClient.java:onNext(255)) - client-CA98065693EE->271550d9-1512-4bf5-aaa9-af0d36b1f2e7: receive RaftClientReply:client-CA98065693EE->271550d9-1512-4bf5-aaa9-af0d36b1f2e7@group-E423EDA0977D, cid=52, FAILED org.apache.ratis.protocol.NotLeaderException: Server 271550d9-1512-4bf5-aaa9-af0d36b1f2e7 is not the leader (null). Request must be sent to leader., logIndex=0, commits[271550d9-1512-4bf5-aaa9-af0d36b1f2e7:c-1]
2019-07-13 20:47:14,903 INFO  impl.FollowerState (FollowerState.java:run(106)) - 271550d9-1512-4bf5-aaa9-af0d36b1f2e7:group-89C9B58124BF changes to CANDIDATE, lastRpcTime:5075, electionTimeout:5075ms
2019-07-13 20:47:14,903 INFO  impl.RoleInfo (RoleInfo.java:shutdownFollowerState(121)) - 271550d9-1512-4bf5-aaa9-af0d36b1f2e7: shutdown FollowerState
2019-07-13 20:47:14,903 INFO  impl.RaftServerImpl (RaftServerImpl.java:setRole(171)) - 271550d9-1512-4bf5-aaa9-af0d36b1f2e7:group-89C9B58124BF changes role from FOLLOWER to CANDIDATE at term 0 for changeToCandidate
2019-07-13 20:47:14,903 INFO  impl.RoleInfo (RoleInfo.java:updateAndGet(143)) - 271550d9-1512-4bf5-aaa9-af0d36b1f2e7: start LeaderElection
2019-07-13 20:47:14,935 INFO  impl.LeaderElection (LeaderElection.java:askForVotes(181)) - 271550d9-1512-4bf5-aaa9-af0d36b1f2e7:group-89C9B58124BF:LeaderElection23: begin an election at term 1 for -1: [271550d9-1512-4bf5-aaa9-af0d36b1f2e7:192.168.5.168:33182], old=null
2019-07-13 20:47:14,935 INFO  impl.RoleInfo (RoleInfo.java:shutdownLeaderElection(134)) - 271550d9-1512-4bf5-aaa9-af0d36b1f2e7: shutdown LeaderElection
2019-07-13 20:47:14,935 INFO  impl.RaftServerImpl (RaftServerImpl.java:setRole(171)) - 271550d9-1512-4bf5-aaa9-af0d36b1f2e7:group-89C9B58124BF changes role from CANDIDATE to LEADER at term 1 for changeToLeader
2019-07-13 20:47:14,935 INFO  impl.RaftServerImpl (ServerState.java:setLeader(263)) - 271550d9-1512-4bf5-aaa9-af0d36b1f2e7:group-89C9B58124BF change Leader from null to 271550d9-1512-4bf5-aaa9-af0d36b1f2e7 at term 1 for becomeLeader, leader elected after 5113ms
2019-07-13 20:47:14,935 INFO  server.RaftServerConfigKeys (ConfUtils.java:logGet(43)) - raft.server.staging.catchup.gap = 1000 (default)
2019-07-13 20:47:14,936 INFO  server.RaftServerConfigKeys (ConfUtils.java:logGet(43)) - raft.server.rpc.sleep.time = 25ms (default)
2019-07-13 20:47:14,936 INFO  server.RaftServerConfigKeys (ConfUtils.java:logGet(43)) - raft.server.write.element-limit = 4096 (default)
2019-07-13 20:47:14,936 INFO  server.RaftServerConfigKeys (ConfUtils.java:logGet(43)) - raft.server.watch.timeout = 10s (default)
2019-07-13 20:47:14,936 INFO  server.RaftServerConfigKeys (ConfUtils.java:logGet(43)) - raft.server.watch.timeout.denomination = 1s (default)
2019-07-13 20:47:14,936 INFO  server.RaftServerConfigKeys (ConfUtils.java:logGet(43)) - raft.server.watch.element-limit = 65536 (default)
2019-07-13 20:47:14,936 INFO  impl.RoleInfo (RoleInfo.java:updateAndGet(143)) - 271550d9-1512-4bf5-aaa9-af0d36b1f2e7: start LeaderState
2019-07-13 20:47:14,937 INFO  segmented.SegmentedRaftLogWorker (SegmentedRaftLogWorker.java:startLogSegment(380)) - 271550d9-1512-4bf5-aaa9-af0d36b1f2e7-SegmentedRaftLogWorker:Storage Directory /tmp/workdir/hadoop-ozone/integration-test/target/test-dir/MiniOzoneClusterImpl-f7499cc7-d7a4-4a70-8d9c-14a8f781e78f/datanode-2/data/ratis/69cda748-f132-482a-8635-89c9b58124bf: Starting segment from index:0
2019-07-13 20:47:14,937 INFO  impl.RaftServerImpl (ServerState.java:setRaftConf(361)) - 271550d9-1512-4bf5-aaa9-af0d36b1f2e7:group-89C9B58124BF set configuration 0: [271550d9-1512-4bf5-aaa9-af0d36b1f2e7:192.168.5.168:33182], old=null at 0
2019-07-13 20:47:14,965 INFO  segmented.SegmentedRaftLogWorker (SegmentedRaftLogWorker.java:execute(569)) - 271550d9-1512-4bf5-aaa9-af0d36b1f2e7-SegmentedRaftLogWorker:Storage Directory /tmp/workdir/hadoop-ozone/integration-test/target/test-dir/MiniOzoneClusterImpl-f7499cc7-d7a4-4a70-8d9c-14a8f781e78f/datanode-2/data/ratis/69cda748-f132-482a-8635-89c9b58124bf: created new log segment /tmp/workdir/hadoop-ozone/integration-test/target/test-dir/MiniOzoneClusterImpl-f7499cc7-d7a4-4a70-8d9c-14a8f781e78f/datanode-2/data/ratis/69cda748-f132-482a-8635-89c9b58124bf/current/log_inprogress_0
2019-07-13 20:47:14,982 INFO  impl.FollowerState (FollowerState.java:run(106)) - 271550d9-1512-4bf5-aaa9-af0d36b1f2e7:group-E423EDA0977D changes to CANDIDATE, lastRpcTime:5085, electionTimeout:5085ms
2019-07-13 20:47:14,982 INFO  impl.RoleInfo (RoleInfo.java:shutdownFollowerState(121)) - 271550d9-1512-4bf5-aaa9-af0d36b1f2e7: shutdown FollowerState
2019-07-13 20:47:14,982 INFO  impl.RaftServerImpl (RaftServerImpl.java:setRole(171)) - 271550d9-1512-4bf5-aaa9-af0d36b1f2e7:group-E423EDA0977D changes role from FOLLOWER to CANDIDATE at term 0 for changeToCandidate
2019-07-13 20:47:14,982 INFO  impl.RoleInfo (RoleInfo.java:updateAndGet(143)) - 271550d9-1512-4bf5-aaa9-af0d36b1f2e7: start LeaderElection
2019-07-13 20:47:14,999 INFO  impl.LeaderElection (LeaderElection.java:askForVotes(181)) - 271550d9-1512-4bf5-aaa9-af0d36b1f2e7:group-E423EDA0977D:LeaderElection24: begin an election at term 1 for -1: [05e77c5e-e1f6-4c07-aa64-b75593fc2a63:192.168.5.168:40153, 271550d9-1512-4bf5-aaa9-af0d36b1f2e7:192.168.5.168:33182, aa0bc247-12f0-4aa6-87db-fc23e750d426:192.168.5.168:39115], old=null
2019-07-13 20:47:15,006 INFO  impl.RaftServerImpl (RaftServerImpl.java:setRole(171)) - aa0bc247-12f0-4aa6-87db-fc23e750d426:group-E423EDA0977D changes role from FOLLOWER to FOLLOWER at term 1 for recognizeCandidate:271550d9-1512-4bf5-aaa9-af0d36b1f2e7
2019-07-13 20:47:15,006 INFO  impl.RaftServerImpl (RaftServerImpl.java:setRole(171)) - 05e77c5e-e1f6-4c07-aa64-b75593fc2a63:group-E423EDA0977D changes role from FOLLOWER to FOLLOWER at term 1 for recognizeCandidate:271550d9-1512-4bf5-aaa9-af0d36b1f2e7
2019-07-13 20:47:15,006 INFO  impl.RoleInfo (RoleInfo.java:shutdownFollowerState(121)) - aa0bc247-12f0-4aa6-87db-fc23e750d426: shutdown FollowerState
2019-07-13 20:47:15,007 INFO  impl.RoleInfo (RoleInfo.java:shutdownFollowerState(121)) - 05e77c5e-e1f6-4c07-aa64-b75593fc2a63: shutdown FollowerState
2019-07-13 20:47:15,007 INFO  impl.FollowerState (FollowerState.java:run(114)) - aa0bc247-12f0-4aa6-87db-fc23e750d426: FollowerState was interrupted: java.lang.InterruptedException: sleep interrupted
2019-07-13 20:47:15,007 INFO  impl.FollowerState (FollowerState.java:run(114)) - 05e77c5e-e1f6-4c07-aa64-b75593fc2a63: FollowerState was interrupted: java.lang.InterruptedException: sleep interrupted
2019-07-13 20:47:15,007 INFO  impl.RoleInfo (RoleInfo.java:updateAndGet(143)) - aa0bc247-12f0-4aa6-87db-fc23e750d426: start FollowerState
2019-07-13 20:47:15,007 INFO  impl.RoleInfo (RoleInfo.java:updateAndGet(143)) - 05e77c5e-e1f6-4c07-aa64-b75593fc2a63: start FollowerState
2019-07-13 20:47:15,034 INFO  impl.LeaderElection (LeaderElection.java:logAndReturn(56)) - 271550d9-1512-4bf5-aaa9-af0d36b1f2e7:group-E423EDA0977D:LeaderElection24: Election PASSED; received 1 response(s) [271550d9-1512-4bf5-aaa9-af0d36b1f2e7<-aa0bc247-12f0-4aa6-87db-fc23e750d426#0:OK-t1] and 0 exception(s); 271550d9-1512-4bf5-aaa9-af0d36b1f2e7:t1, leader=null, voted=271550d9-1512-4bf5-aaa9-af0d36b1f2e7, raftlog=271550d9-1512-4bf5-aaa9-af0d36b1f2e7-SegmentedRaftLog:OPENED:c-1,f-1,i0, conf=-1: [05e77c5e-e1f6-4c07-aa64-b75593fc2a63:192.168.5.168:40153, 271550d9-1512-4bf5-aaa9-af0d36b1f2e7:192.168.5.168:33182, aa0bc247-12f0-4aa6-87db-fc23e750d426:192.168.5.168:39115], old=null
2019-07-13 20:47:15,035 INFO  impl.RoleInfo (RoleInfo.java:shutdownLeaderElection(134)) - 271550d9-1512-4bf5-aaa9-af0d36b1f2e7: shutdown LeaderElection
2019-07-13 20:47:15,041 INFO  impl.RaftServerImpl (RaftServerImpl.java:setRole(171)) - 271550d9-1512-4bf5-aaa9-af0d36b1f2e7:group-E423EDA0977D changes role from CANDIDATE to LEADER at term 1 for changeToLeader
2019-07-13 20:47:15,041 INFO  impl.RaftServerImpl (ServerState.java:setLeader(263)) - 271550d9-1512-4bf5-aaa9-af0d36b1f2e7:group-E423EDA0977D change Leader from null to 271550d9-1512-4bf5-aaa9-af0d36b1f2e7 at term 1 for becomeLeader, leader elected after 5153ms
2019-07-13 20:47:15,041 INFO  server.RaftServerConfigKeys (ConfUtils.java:logGet(43)) - raft.server.staging.catchup.gap = 1000 (default)
2019-07-13 20:47:15,041 INFO  server.RaftServerConfigKeys (ConfUtils.java:logGet(43)) - raft.server.rpc.sleep.time = 25ms (default)
2019-07-13 20:47:15,041 INFO  server.RaftServerConfigKeys (ConfUtils.java:logGet(43)) - raft.server.write.element-limit = 4096 (default)
2019-07-13 20:47:15,041 INFO  server.RaftServerConfigKeys (ConfUtils.java:logGet(43)) - raft.server.watch.timeout = 10s (default)
2019-07-13 20:47:15,042 INFO  server.RaftServerConfigKeys (ConfUtils.java:logGet(43)) - raft.server.watch.timeout.denomination = 1s (default)
2019-07-13 20:47:15,042 INFO  server.RaftServerConfigKeys (ConfUtils.java:logGet(43)) - raft.server.watch.element-limit = 65536 (default)
2019-07-13 20:47:15,042 INFO  server.RaftServerConfigKeys (ConfUtils.java:logGet(43)) - raft.server.log.appender.snapshot.chunk.size.max = 16MB (=16777216) (default)
2019-07-13 20:47:15,042 INFO  server.RaftServerConfigKeys (ConfUtils.java:logGet(43)) - raft.server.log.appender.buffer.byte-limit = 33554432 (custom)
2019-07-13 20:47:15,043 INFO  server.RaftServerConfigKeys (ConfUtils.java:logGet(43)) - raft.server.log.appender.buffer.element-limit = 1 (custom)
2019-07-13 20:47:15,043 INFO  grpc.GrpcConfigKeys$Server (ConfUtils.java:logGet(43)) - raft.grpc.server.leader.outstanding.appends.max = 128 (default)
2019-07-13 20:47:15,043 INFO  server.RaftServerConfigKeys (ConfUtils.java:logGet(43)) - raft.server.rpc.request.timeout = 3000ms (default)
2019-07-13 20:47:15,043 INFO  server.RaftServerConfigKeys (ConfUtils.java:logGet(43)) - raft.server.log.appender.install.snapshot.enabled = false (custom)
2019-07-13 20:47:15,043 INFO  server.RaftServerConfigKeys (ConfUtils.java:logGet(43)) - raft.server.log.appender.snapshot.chunk.size.max = 16MB (=16777216) (default)
2019-07-13 20:47:15,044 INFO  server.RaftServerConfigKeys (ConfUtils.java:logGet(43)) - raft.server.log.appender.buffer.byte-limit = 33554432 (custom)
2019-07-13 20:47:15,044 INFO  server.RaftServerConfigKeys (ConfUtils.java:logGet(43)) - raft.server.log.appender.buffer.element-limit = 1 (custom)
2019-07-13 20:47:15,044 INFO  grpc.GrpcConfigKeys$Server (ConfUtils.java:logGet(43)) - raft.grpc.server.leader.outstanding.appends.max = 128 (default)
2019-07-13 20:47:15,044 INFO  server.RaftServerConfigKeys (ConfUtils.java:logGet(43)) - raft.server.rpc.request.timeout = 3000ms (default)
2019-07-13 20:47:15,045 INFO  server.RaftServerConfigKeys (ConfUtils.java:logGet(43)) - raft.server.log.appender.install.snapshot.enabled = false (custom)
2019-07-13 20:47:15,045 INFO  impl.RoleInfo (RoleInfo.java:updateAndGet(143)) - 271550d9-1512-4bf5-aaa9-af0d36b1f2e7: start LeaderState
2019-07-13 20:47:15,045 INFO  segmented.SegmentedRaftLogWorker (SegmentedRaftLogWorker.java:startLogSegment(380)) - 271550d9-1512-4bf5-aaa9-af0d36b1f2e7-SegmentedRaftLogWorker:Storage Directory /tmp/workdir/hadoop-ozone/integration-test/target/test-dir/MiniOzoneClusterImpl-f7499cc7-d7a4-4a70-8d9c-14a8f781e78f/datanode-2/data/ratis/e4296561-5fa3-4f98-917f-e423eda0977d: Starting segment from index:0
2019-07-13 20:47:15,047 INFO  impl.RaftServerImpl (ServerState.java:setRaftConf(361)) - 271550d9-1512-4bf5-aaa9-af0d36b1f2e7:group-E423EDA0977D set configuration 0: [05e77c5e-e1f6-4c07-aa64-b75593fc2a63:192.168.5.168:40153, 271550d9-1512-4bf5-aaa9-af0d36b1f2e7:192.168.5.168:33182, aa0bc247-12f0-4aa6-87db-fc23e750d426:192.168.5.168:39115], old=null at 0
2019-07-13 20:47:15,067 INFO  impl.RaftServerImpl (ServerState.java:setLeader(263)) - 05e77c5e-e1f6-4c07-aa64-b75593fc2a63:group-E423EDA0977D change Leader from null to 271550d9-1512-4bf5-aaa9-af0d36b1f2e7 at term 1 for appendEntries, leader elected after 5179ms
2019-07-13 20:47:15,067 INFO  impl.RaftServerImpl (ServerState.java:setLeader(263)) - aa0bc247-12f0-4aa6-87db-fc23e750d426:group-E423EDA0977D change Leader from null to 271550d9-1512-4bf5-aaa9-af0d36b1f2e7 at term 1 for appendEntries, leader elected after 5178ms
2019-07-13 20:47:15,073 INFO  segmented.SegmentedRaftLogWorker (SegmentedRaftLogWorker.java:execute(569)) - 271550d9-1512-4bf5-aaa9-af0d36b1f2e7-SegmentedRaftLogWorker:Storage Directory /tmp/workdir/hadoop-ozone/integration-test/target/test-dir/MiniOzoneClusterImpl-f7499cc7-d7a4-4a70-8d9c-14a8f781e78f/datanode-2/data/ratis/e4296561-5fa3-4f98-917f-e423eda0977d: created new log segment /tmp/workdir/hadoop-ozone/integration-test/target/test-dir/MiniOzoneClusterImpl-f7499cc7-d7a4-4a70-8d9c-14a8f781e78f/datanode-2/data/ratis/e4296561-5fa3-4f98-917f-e423eda0977d/current/log_inprogress_0
2019-07-13 20:47:15,081 INFO  impl.RaftServerImpl (ServerState.java:setRaftConf(361)) - aa0bc247-12f0-4aa6-87db-fc23e750d426:group-E423EDA0977D set configuration 0: [05e77c5e-e1f6-4c07-aa64-b75593fc2a63:192.168.5.168:40153, 271550d9-1512-4bf5-aaa9-af0d36b1f2e7:192.168.5.168:33182, aa0bc247-12f0-4aa6-87db-fc23e750d426:192.168.5.168:39115], old=null at 0
2019-07-13 20:47:15,081 INFO  impl.RaftServerImpl (ServerState.java:setRaftConf(361)) - 05e77c5e-e1f6-4c07-aa64-b75593fc2a63:group-E423EDA0977D set configuration 0: [05e77c5e-e1f6-4c07-aa64-b75593fc2a63:192.168.5.168:40153, 271550d9-1512-4bf5-aaa9-af0d36b1f2e7:192.168.5.168:33182, aa0bc247-12f0-4aa6-87db-fc23e750d426:192.168.5.168:39115], old=null at 0
2019-07-13 20:47:15,081 INFO  segmented.SegmentedRaftLogWorker (SegmentedRaftLogWorker.java:startLogSegment(380)) - aa0bc247-12f0-4aa6-87db-fc23e750d426-SegmentedRaftLogWorker:Storage Directory /tmp/workdir/hadoop-ozone/integration-test/target/test-dir/MiniOzoneClusterImpl-f7499cc7-d7a4-4a70-8d9c-14a8f781e78f/datanode-1/data/ratis/e4296561-5fa3-4f98-917f-e423eda0977d: Starting segment from index:0
2019-07-13 20:47:15,081 INFO  segmented.SegmentedRaftLogWorker (SegmentedRaftLogWorker.java:startLogSegment(380)) - 05e77c5e-e1f6-4c07-aa64-b75593fc2a63-SegmentedRaftLogWorker:Storage Directory /tmp/workdir/hadoop-ozone/integration-test/target/test-dir/MiniOzoneClusterImpl-f7499cc7-d7a4-4a70-8d9c-14a8f781e78f/datanode-0/data/ratis/e4296561-5fa3-4f98-917f-e423eda0977d: Starting segment from index:0
2019-07-13 20:47:15,101 INFO  segmented.SegmentedRaftLogWorker (SegmentedRaftLogWorker.java:execute(569)) - 05e77c5e-e1f6-4c07-aa64-b75593fc2a63-SegmentedRaftLogWorker:Storage Directory /tmp/workdir/hadoop-ozone/integration-test/target/test-dir/MiniOzoneClusterImpl-f7499cc7-d7a4-4a70-8d9c-14a8f781e78f/datanode-0/data/ratis/e4296561-5fa3-4f98-917f-e423eda0977d: created new log segment /tmp/workdir/hadoop-ozone/integration-test/target/test-dir/MiniOzoneClusterImpl-f7499cc7-d7a4-4a70-8d9c-14a8f781e78f/datanode-0/data/ratis/e4296561-5fa3-4f98-917f-e423eda0977d/current/log_inprogress_0
2019-07-13 20:47:15,101 INFO  segmented.SegmentedRaftLogWorker (SegmentedRaftLogWorker.java:execute(569)) - aa0bc247-12f0-4aa6-87db-fc23e750d426-SegmentedRaftLogWorker:Storage Directory /tmp/workdir/hadoop-ozone/integration-test/target/test-dir/MiniOzoneClusterImpl-f7499cc7-d7a4-4a70-8d9c-14a8f781e78f/datanode-1/data/ratis/e4296561-5fa3-4f98-917f-e423eda0977d: created new log segment /tmp/workdir/hadoop-ozone/integration-test/target/test-dir/MiniOzoneClusterImpl-f7499cc7-d7a4-4a70-8d9c-14a8f781e78f/datanode-1/data/ratis/e4296561-5fa3-4f98-917f-e423eda0977d/current/log_inprogress_0
2019-07-13 20:47:15,147 INFO  impl.FollowerState (FollowerState.java:run(106)) - ec53db5d-3828-4459-8e22-4f8ed9f81799:group-E0C646F7EB70 changes to CANDIDATE, lastRpcTime:5170, electionTimeout:5170ms
2019-07-13 20:47:15,148 INFO  impl.RoleInfo (RoleInfo.java:shutdownFollowerState(121)) - ec53db5d-3828-4459-8e22-4f8ed9f81799: shutdown FollowerState
2019-07-13 20:47:15,148 INFO  impl.RaftServerImpl (RaftServerImpl.java:setRole(171)) - ec53db5d-3828-4459-8e22-4f8ed9f81799:group-E0C646F7EB70 changes role from FOLLOWER to CANDIDATE at term 0 for changeToCandidate
2019-07-13 20:47:15,148 INFO  impl.RoleInfo (RoleInfo.java:updateAndGet(143)) - ec53db5d-3828-4459-8e22-4f8ed9f81799: start LeaderElection
2019-07-13 20:47:15,182 INFO  impl.LeaderElection (LeaderElection.java:askForVotes(181)) - ec53db5d-3828-4459-8e22-4f8ed9f81799:group-E0C646F7EB70:LeaderElection25: begin an election at term 1 for -1: [ec53db5d-3828-4459-8e22-4f8ed9f81799:192.168.5.168:43175], old=null
2019-07-13 20:47:15,182 INFO  impl.RoleInfo (RoleInfo.java:shutdownLeaderElection(134)) - ec53db5d-3828-4459-8e22-4f8ed9f81799: shutdown LeaderElection
2019-07-13 20:47:15,182 INFO  impl.RaftServerImpl (RaftServerImpl.java:setRole(171)) - ec53db5d-3828-4459-8e22-4f8ed9f81799:group-E0C646F7EB70 changes role from CANDIDATE to LEADER at term 1 for changeToLeader
2019-07-13 20:47:15,182 INFO  impl.RaftServerImpl (ServerState.java:setLeader(263)) - ec53db5d-3828-4459-8e22-4f8ed9f81799:group-E0C646F7EB70 change Leader from null to ec53db5d-3828-4459-8e22-4f8ed9f81799 at term 1 for becomeLeader, leader elected after 5210ms
2019-07-13 20:47:15,183 INFO  server.RaftServerConfigKeys (ConfUtils.java:logGet(43)) - raft.server.staging.catchup.gap = 1000 (default)
2019-07-13 20:47:15,183 INFO  server.RaftServerConfigKeys (ConfUtils.java:logGet(43)) - raft.server.rpc.sleep.time = 25ms (default)
2019-07-13 20:47:15,183 INFO  server.RaftServerConfigKeys (ConfUtils.java:logGet(43)) - raft.server.write.element-limit = 4096 (default)
2019-07-13 20:47:15,183 INFO  server.RaftServerConfigKeys (ConfUtils.java:logGet(43)) - raft.server.watch.timeout = 10s (default)
2019-07-13 20:47:15,183 INFO  server.RaftServerConfigKeys (ConfUtils.java:logGet(43)) - raft.server.watch.timeout.denomination = 1s (default)
2019-07-13 20:47:15,183 INFO  server.RaftServerConfigKeys (ConfUtils.java:logGet(43)) - raft.server.watch.element-limit = 65536 (default)
2019-07-13 20:47:15,184 INFO  impl.RoleInfo (RoleInfo.java:updateAndGet(143)) - ec53db5d-3828-4459-8e22-4f8ed9f81799: start LeaderState
2019-07-13 20:47:15,184 INFO  segmented.SegmentedRaftLogWorker (SegmentedRaftLogWorker.java:startLogSegment(380)) - ec53db5d-3828-4459-8e22-4f8ed9f81799-SegmentedRaftLogWorker:Storage Directory /tmp/workdir/hadoop-ozone/integration-test/target/test-dir/MiniOzoneClusterImpl-f7499cc7-d7a4-4a70-8d9c-14a8f781e78f/datanode-3/data/ratis/f5001597-e3dc-4d29-9220-e0c646f7eb70: Starting segment from index:0
2019-07-13 20:47:15,185 INFO  impl.RaftServerImpl (ServerState.java:setRaftConf(361)) - ec53db5d-3828-4459-8e22-4f8ed9f81799:group-E0C646F7EB70 set configuration 0: [ec53db5d-3828-4459-8e22-4f8ed9f81799:192.168.5.168:43175], old=null at 0
2019-07-13 20:47:15,215 INFO  segmented.SegmentedRaftLogWorker (SegmentedRaftLogWorker.java:execute(569)) - ec53db5d-3828-4459-8e22-4f8ed9f81799-SegmentedRaftLogWorker:Storage Directory /tmp/workdir/hadoop-ozone/integration-test/target/test-dir/MiniOzoneClusterImpl-f7499cc7-d7a4-4a70-8d9c-14a8f781e78f/datanode-3/data/ratis/f5001597-e3dc-4d29-9220-e0c646f7eb70: created new log segment /tmp/workdir/hadoop-ozone/integration-test/target/test-dir/MiniOzoneClusterImpl-f7499cc7-d7a4-4a70-8d9c-14a8f781e78f/datanode-3/data/ratis/f5001597-e3dc-4d29-9220-e0c646f7eb70/current/log_inprogress_0
2019-07-13 20:47:15,301 INFO  impl.FollowerState (FollowerState.java:run(106)) - c48372ad-a728-4188-b6f8-0eebdcb5506e:group-F546C78CE3C1 changes to CANDIDATE, lastRpcTime:5093, electionTimeout:5093ms
2019-07-13 20:47:15,302 INFO  impl.RoleInfo (RoleInfo.java:shutdownFollowerState(121)) - c48372ad-a728-4188-b6f8-0eebdcb5506e: shutdown FollowerState
2019-07-13 20:47:15,302 INFO  impl.RaftServerImpl (RaftServerImpl.java:setRole(171)) - c48372ad-a728-4188-b6f8-0eebdcb5506e:group-F546C78CE3C1 changes role from FOLLOWER to CANDIDATE at term 0 for changeToCandidate
2019-07-13 20:47:15,302 INFO  impl.RoleInfo (RoleInfo.java:updateAndGet(143)) - c48372ad-a728-4188-b6f8-0eebdcb5506e: start LeaderElection
2019-07-13 20:47:15,330 INFO  impl.LeaderElection (LeaderElection.java:askForVotes(181)) - c48372ad-a728-4188-b6f8-0eebdcb5506e:group-F546C78CE3C1:LeaderElection26: begin an election at term 1 for -1: [c48372ad-a728-4188-b6f8-0eebdcb5506e:192.168.5.168:33171], old=null
2019-07-13 20:47:15,330 INFO  impl.RoleInfo (RoleInfo.java:shutdownLeaderElection(134)) - c48372ad-a728-4188-b6f8-0eebdcb5506e: shutdown LeaderElection
2019-07-13 20:47:15,330 INFO  impl.RaftServerImpl (RaftServerImpl.java:setRole(171)) - c48372ad-a728-4188-b6f8-0eebdcb5506e:group-F546C78CE3C1 changes role from CANDIDATE to LEADER at term 1 for changeToLeader
2019-07-13 20:47:15,330 INFO  impl.RaftServerImpl (ServerState.java:setLeader(263)) - c48372ad-a728-4188-b6f8-0eebdcb5506e:group-F546C78CE3C1 change Leader from null to c48372ad-a728-4188-b6f8-0eebdcb5506e at term 1 for becomeLeader, leader elected after 5127ms
2019-07-13 20:47:15,331 INFO  server.RaftServerConfigKeys (ConfUtils.java:logGet(43)) - raft.server.staging.catchup.gap = 1000 (default)
2019-07-13 20:47:15,331 INFO  server.RaftServerConfigKeys (ConfUtils.java:logGet(43)) - raft.server.rpc.sleep.time = 25ms (default)
2019-07-13 20:47:15,331 INFO  server.RaftServerConfigKeys (ConfUtils.java:logGet(43)) - raft.server.write.element-limit = 4096 (default)
2019-07-13 20:47:15,331 INFO  server.RaftServerConfigKeys (ConfUtils.java:logGet(43)) - raft.server.watch.timeout = 10s (default)
2019-07-13 20:47:15,331 INFO  server.RaftServerConfigKeys (ConfUtils.java:logGet(43)) - raft.server.watch.timeout.denomination = 1s (default)
2019-07-13 20:47:15,332 INFO  server.RaftServerConfigKeys (ConfUtils.java:logGet(43)) - raft.server.watch.element-limit = 65536 (default)
2019-07-13 20:47:15,332 INFO  impl.RoleInfo (RoleInfo.java:updateAndGet(143)) - c48372ad-a728-4188-b6f8-0eebdcb5506e: start LeaderState
2019-07-13 20:47:15,332 INFO  segmented.SegmentedRaftLogWorker (SegmentedRaftLogWorker.java:startLogSegment(380)) - c48372ad-a728-4188-b6f8-0eebdcb5506e-SegmentedRaftLogWorker:Storage Directory /tmp/workdir/hadoop-ozone/integration-test/target/test-dir/MiniOzoneClusterImpl-f7499cc7-d7a4-4a70-8d9c-14a8f781e78f/datanode-4/data/ratis/5e8b5d2f-14a2-4bf1-ac4c-f546c78ce3c1: Starting segment from index:0
2019-07-13 20:47:15,333 INFO  impl.RaftServerImpl (ServerState.java:setRaftConf(361)) - c48372ad-a728-4188-b6f8-0eebdcb5506e:group-F546C78CE3C1 set configuration 0: [c48372ad-a728-4188-b6f8-0eebdcb5506e:192.168.5.168:33171], old=null at 0
2019-07-13 20:47:15,367 INFO  segmented.SegmentedRaftLogWorker (SegmentedRaftLogWorker.java:execute(569)) - c48372ad-a728-4188-b6f8-0eebdcb5506e-SegmentedRaftLogWorker:Storage Directory /tmp/workdir/hadoop-ozone/integration-test/target/test-dir/MiniOzoneClusterImpl-f7499cc7-d7a4-4a70-8d9c-14a8f781e78f/datanode-4/data/ratis/5e8b5d2f-14a2-4bf1-ac4c-f546c78ce3c1: created new log segment /tmp/workdir/hadoop-ozone/integration-test/target/test-dir/MiniOzoneClusterImpl-f7499cc7-d7a4-4a70-8d9c-14a8f781e78f/datanode-4/data/ratis/5e8b5d2f-14a2-4bf1-ac4c-f546c78ce3c1/current/log_inprogress_0
2019-07-13 20:47:15,575 INFO  impl.FollowerState (FollowerState.java:run(106)) - c48372ad-a728-4188-b6f8-0eebdcb5506e:group-5E8CD41A4C94 changes to CANDIDATE, lastRpcTime:5035, electionTimeout:5035ms
2019-07-13 20:47:15,575 INFO  impl.RoleInfo (RoleInfo.java:shutdownFollowerState(121)) - c48372ad-a728-4188-b6f8-0eebdcb5506e: shutdown FollowerState
2019-07-13 20:47:15,575 INFO  impl.RaftServerImpl (RaftServerImpl.java:setRole(171)) - c48372ad-a728-4188-b6f8-0eebdcb5506e:group-5E8CD41A4C94 changes role from FOLLOWER to CANDIDATE at term 0 for changeToCandidate
2019-07-13 20:47:15,575 INFO  impl.RoleInfo (RoleInfo.java:updateAndGet(143)) - c48372ad-a728-4188-b6f8-0eebdcb5506e: start LeaderElection
2019-07-13 20:47:15,596 INFO  impl.FollowerState (FollowerState.java:run(106)) - 5ad19d80-f4cf-4ccb-9361-ee5c40524fb7:group-99604F94C7D7 changes to CANDIDATE, lastRpcTime:5143, electionTimeout:5141ms
2019-07-13 20:47:15,596 INFO  impl.RoleInfo (RoleInfo.java:shutdownFollowerState(121)) - 5ad19d80-f4cf-4ccb-9361-ee5c40524fb7: shutdown FollowerState
2019-07-13 20:47:15,596 INFO  impl.RaftServerImpl (RaftServerImpl.java:setRole(171)) - 5ad19d80-f4cf-4ccb-9361-ee5c40524fb7:group-99604F94C7D7 changes role from FOLLOWER to CANDIDATE at term 0 for changeToCandidate
2019-07-13 20:47:15,596 INFO  impl.RoleInfo (RoleInfo.java:updateAndGet(143)) - 5ad19d80-f4cf-4ccb-9361-ee5c40524fb7: start LeaderElection
2019-07-13 20:47:15,612 INFO  impl.LeaderElection (LeaderElection.java:askForVotes(181)) - c48372ad-a728-4188-b6f8-0eebdcb5506e:group-5E8CD41A4C94:LeaderElection27: begin an election at term 1 for -1: [5ad19d80-f4cf-4ccb-9361-ee5c40524fb7:192.168.5.168:44843, c48372ad-a728-4188-b6f8-0eebdcb5506e:192.168.5.168:33171, ec53db5d-3828-4459-8e22-4f8ed9f81799:192.168.5.168:43175], old=null
2019-07-13 20:47:15,624 INFO  impl.RaftServerImpl (RaftServerImpl.java:setRole(171)) - 5ad19d80-f4cf-4ccb-9361-ee5c40524fb7:group-5E8CD41A4C94 changes role from FOLLOWER to FOLLOWER at term 1 for recognizeCandidate:c48372ad-a728-4188-b6f8-0eebdcb5506e
2019-07-13 20:47:15,624 INFO  impl.LeaderElection (LeaderElection.java:askForVotes(181)) - 5ad19d80-f4cf-4ccb-9361-ee5c40524fb7:group-99604F94C7D7:LeaderElection28: begin an election at term 1 for -1: [5ad19d80-f4cf-4ccb-9361-ee5c40524fb7:192.168.5.168:44843], old=null
2019-07-13 20:47:15,629 INFO  impl.RoleInfo (RoleInfo.java:shutdownFollowerState(121)) - 5ad19d80-f4cf-4ccb-9361-ee5c40524fb7: shutdown FollowerState
2019-07-13 20:47:15,629 INFO  impl.RaftServerImpl (RaftServerImpl.java:setRole(171)) - ec53db5d-3828-4459-8e22-4f8ed9f81799:group-5E8CD41A4C94 changes role from FOLLOWER to FOLLOWER at term 1 for recognizeCandidate:c48372ad-a728-4188-b6f8-0eebdcb5506e
2019-07-13 20:47:15,630 INFO  impl.FollowerState (FollowerState.java:run(114)) - 5ad19d80-f4cf-4ccb-9361-ee5c40524fb7: FollowerState was interrupted: java.lang.InterruptedException: sleep interrupted
2019-07-13 20:47:15,629 INFO  impl.RoleInfo (RoleInfo.java:updateAndGet(143)) - 5ad19d80-f4cf-4ccb-9361-ee5c40524fb7: start FollowerState
2019-07-13 20:47:15,629 INFO  impl.RoleInfo (RoleInfo.java:shutdownLeaderElection(134)) - 5ad19d80-f4cf-4ccb-9361-ee5c40524fb7: shutdown LeaderElection
2019-07-13 20:47:15,630 INFO  impl.RoleInfo (RoleInfo.java:shutdownFollowerState(121)) - ec53db5d-3828-4459-8e22-4f8ed9f81799: shutdown FollowerState
2019-07-13 20:47:15,635 INFO  impl.RaftServerImpl (RaftServerImpl.java:setRole(171)) - 5ad19d80-f4cf-4ccb-9361-ee5c40524fb7:group-99604F94C7D7 changes role from CANDIDATE to LEADER at term 1 for changeToLeader
2019-07-13 20:47:15,636 INFO  impl.FollowerState (FollowerState.java:run(114)) - ec53db5d-3828-4459-8e22-4f8ed9f81799: FollowerState was interrupted: java.lang.InterruptedException: sleep interrupted
2019-07-13 20:47:15,636 INFO  impl.RoleInfo (RoleInfo.java:updateAndGet(143)) - ec53db5d-3828-4459-8e22-4f8ed9f81799: start FollowerState
2019-07-13 20:47:15,636 INFO  impl.RaftServerImpl (ServerState.java:setLeader(263)) - 5ad19d80-f4cf-4ccb-9361-ee5c40524fb7:group-99604F94C7D7 change Leader from null to 5ad19d80-f4cf-4ccb-9361-ee5c40524fb7 at term 1 for becomeLeader, leader elected after 5188ms
2019-07-13 20:47:15,645 INFO  server.RaftServerConfigKeys (ConfUtils.java:logGet(43)) - raft.server.staging.catchup.gap = 1000 (default)
2019-07-13 20:47:15,645 INFO  server.RaftServerConfigKeys (ConfUtils.java:logGet(43)) - raft.server.rpc.sleep.time = 25ms (default)
2019-07-13 20:47:15,645 INFO  server.RaftServerConfigKeys (ConfUtils.java:logGet(43)) - raft.server.write.element-limit = 4096 (default)
2019-07-13 20:47:15,646 INFO  server.RaftServerConfigKeys (ConfUtils.java:logGet(43)) - raft.server.watch.timeout = 10s (default)
2019-07-13 20:47:15,646 INFO  server.RaftServerConfigKeys (ConfUtils.java:logGet(43)) - raft.server.watch.timeout.denomination = 1s (default)
2019-07-13 20:47:15,646 INFO  server.RaftServerConfigKeys (ConfUtils.java:logGet(43)) - raft.server.watch.element-limit = 65536 (default)
2019-07-13 20:47:15,646 INFO  impl.RoleInfo (RoleInfo.java:updateAndGet(143)) - 5ad19d80-f4cf-4ccb-9361-ee5c40524fb7: start LeaderState
2019-07-13 20:47:15,646 INFO  segmented.SegmentedRaftLogWorker (SegmentedRaftLogWorker.java:startLogSegment(380)) - 5ad19d80-f4cf-4ccb-9361-ee5c40524fb7-SegmentedRaftLogWorker:Storage Directory /tmp/workdir/hadoop-ozone/integration-test/target/test-dir/MiniOzoneClusterImpl-f7499cc7-d7a4-4a70-8d9c-14a8f781e78f/datanode-5/data/ratis/1c5e5b3b-e751-40b7-8690-99604f94c7d7: Starting segment from index:0
2019-07-13 20:47:15,647 INFO  impl.RaftServerImpl (ServerState.java:setRaftConf(361)) - 5ad19d80-f4cf-4ccb-9361-ee5c40524fb7:group-99604F94C7D7 set configuration 0: [5ad19d80-f4cf-4ccb-9361-ee5c40524fb7:192.168.5.168:44843], old=null at 0
2019-07-13 20:47:15,671 INFO  impl.LeaderElection (LeaderElection.java:logAndReturn(56)) - c48372ad-a728-4188-b6f8-0eebdcb5506e:group-5E8CD41A4C94:LeaderElection27: Election PASSED; received 1 response(s) [c48372ad-a728-4188-b6f8-0eebdcb5506e<-5ad19d80-f4cf-4ccb-9361-ee5c40524fb7#0:OK-t1] and 0 exception(s); c48372ad-a728-4188-b6f8-0eebdcb5506e:t1, leader=null, voted=c48372ad-a728-4188-b6f8-0eebdcb5506e, raftlog=c48372ad-a728-4188-b6f8-0eebdcb5506e-SegmentedRaftLog:OPENED:c-1,f-1,i0, conf=-1: [5ad19d80-f4cf-4ccb-9361-ee5c40524fb7:192.168.5.168:44843, c48372ad-a728-4188-b6f8-0eebdcb5506e:192.168.5.168:33171, ec53db5d-3828-4459-8e22-4f8ed9f81799:192.168.5.168:43175], old=null
2019-07-13 20:47:15,672 INFO  impl.RoleInfo (RoleInfo.java:shutdownLeaderElection(134)) - c48372ad-a728-4188-b6f8-0eebdcb5506e: shutdown LeaderElection
2019-07-13 20:47:15,678 INFO  segmented.SegmentedRaftLogWorker (SegmentedRaftLogWorker.java:execute(569)) - 5ad19d80-f4cf-4ccb-9361-ee5c40524fb7-SegmentedRaftLogWorker:Storage Directory /tmp/workdir/hadoop-ozone/integration-test/target/test-dir/MiniOzoneClusterImpl-f7499cc7-d7a4-4a70-8d9c-14a8f781e78f/datanode-5/data/ratis/1c5e5b3b-e751-40b7-8690-99604f94c7d7: created new log segment /tmp/workdir/hadoop-ozone/integration-test/target/test-dir/MiniOzoneClusterImpl-f7499cc7-d7a4-4a70-8d9c-14a8f781e78f/datanode-5/data/ratis/1c5e5b3b-e751-40b7-8690-99604f94c7d7/current/log_inprogress_0
2019-07-13 20:47:15,678 INFO  impl.RaftServerImpl (RaftServerImpl.java:setRole(171)) - c48372ad-a728-4188-b6f8-0eebdcb5506e:group-5E8CD41A4C94 changes role from CANDIDATE to LEADER at term 1 for changeToLeader
2019-07-13 20:47:15,678 INFO  impl.RaftServerImpl (ServerState.java:setLeader(263)) - c48372ad-a728-4188-b6f8-0eebdcb5506e:group-5E8CD41A4C94 change Leader from null to c48372ad-a728-4188-b6f8-0eebdcb5506e at term 1 for becomeLeader, leader elected after 5150ms
2019-07-13 20:47:15,678 INFO  server.RaftServerConfigKeys (ConfUtils.java:logGet(43)) - raft.server.staging.catchup.gap = 1000 (default)
2019-07-13 20:47:15,678 INFO  server.RaftServerConfigKeys (ConfUtils.java:logGet(43)) - raft.server.rpc.sleep.time = 25ms (default)
2019-07-13 20:47:15,679 INFO  server.RaftServerConfigKeys (ConfUtils.java:logGet(43)) - raft.server.write.element-limit = 4096 (default)
2019-07-13 20:47:15,679 INFO  server.RaftServerConfigKeys (ConfUtils.java:logGet(43)) - raft.server.watch.timeout = 10s (default)
2019-07-13 20:47:15,679 INFO  server.RaftServerConfigKeys (ConfUtils.java:logGet(43)) - raft.server.watch.timeout.denomination = 1s (default)
2019-07-13 20:47:15,679 INFO  server.RaftServerConfigKeys (ConfUtils.java:logGet(43)) - raft.server.watch.element-limit = 65536 (default)
2019-07-13 20:47:15,679 INFO  server.RaftServerConfigKeys (ConfUtils.java:logGet(43)) - raft.server.log.appender.snapshot.chunk.size.max = 16MB (=16777216) (default)
2019-07-13 20:47:15,680 INFO  server.RaftServerConfigKeys (ConfUtils.java:logGet(43)) - raft.server.log.appender.buffer.byte-limit = 33554432 (custom)
2019-07-13 20:47:15,680 INFO  server.RaftServerConfigKeys (ConfUtils.java:logGet(43)) - raft.server.log.appender.buffer.element-limit = 1 (custom)
2019-07-13 20:47:15,680 INFO  grpc.GrpcConfigKeys$Server (ConfUtils.java:logGet(43)) - raft.grpc.server.leader.outstanding.appends.max = 128 (default)
2019-07-13 20:47:15,681 INFO  server.RaftServerConfigKeys (ConfUtils.java:logGet(43)) - raft.server.rpc.request.timeout = 3000ms (default)
2019-07-13 20:47:15,681 INFO  server.RaftServerConfigKeys (ConfUtils.java:logGet(43)) - raft.server.log.appender.install.snapshot.enabled = false (custom)
2019-07-13 20:47:15,681 INFO  server.RaftServerConfigKeys (ConfUtils.java:logGet(43)) - raft.server.log.appender.snapshot.chunk.size.max = 16MB (=16777216) (default)
2019-07-13 20:47:15,681 INFO  server.RaftServerConfigKeys (ConfUtils.java:logGet(43)) - raft.server.log.appender.buffer.byte-limit = 33554432 (custom)
2019-07-13 20:47:15,681 INFO  server.RaftServerConfigKeys (ConfUtils.java:logGet(43)) - raft.server.log.appender.buffer.element-limit = 1 (custom)
2019-07-13 20:47:15,682 INFO  grpc.GrpcConfigKeys$Server (ConfUtils.java:logGet(43)) - raft.grpc.server.leader.outstanding.appends.max = 128 (default)
2019-07-13 20:47:15,682 INFO  server.RaftServerConfigKeys (ConfUtils.java:logGet(43)) - raft.server.rpc.request.timeout = 3000ms (default)
2019-07-13 20:47:15,682 INFO  server.RaftServerConfigKeys (ConfUtils.java:logGet(43)) - raft.server.log.appender.install.snapshot.enabled = false (custom)
2019-07-13 20:47:15,682 INFO  impl.RoleInfo (RoleInfo.java:updateAndGet(143)) - c48372ad-a728-4188-b6f8-0eebdcb5506e: start LeaderState
2019-07-13 20:47:15,683 INFO  segmented.SegmentedRaftLogWorker (SegmentedRaftLogWorker.java:startLogSegment(380)) - c48372ad-a728-4188-b6f8-0eebdcb5506e-SegmentedRaftLogWorker:Storage Directory /tmp/workdir/hadoop-ozone/integration-test/target/test-dir/MiniOzoneClusterImpl-f7499cc7-d7a4-4a70-8d9c-14a8f781e78f/datanode-4/data/ratis/b56509cf-8c5b-432c-8bed-5e8cd41a4c94: Starting segment from index:0
2019-07-13 20:47:15,684 INFO  impl.RaftServerImpl (ServerState.java:setRaftConf(361)) - c48372ad-a728-4188-b6f8-0eebdcb5506e:group-5E8CD41A4C94 set configuration 0: [5ad19d80-f4cf-4ccb-9361-ee5c40524fb7:192.168.5.168:44843, c48372ad-a728-4188-b6f8-0eebdcb5506e:192.168.5.168:33171, ec53db5d-3828-4459-8e22-4f8ed9f81799:192.168.5.168:43175], old=null at 0
2019-07-13 20:47:15,721 INFO  impl.RaftServerImpl (ServerState.java:setLeader(263)) - 5ad19d80-f4cf-4ccb-9361-ee5c40524fb7:group-5E8CD41A4C94 change Leader from null to c48372ad-a728-4188-b6f8-0eebdcb5506e at term 1 for appendEntries, leader elected after 5191ms
2019-07-13 20:47:15,721 INFO  impl.RaftServerImpl (ServerState.java:setLeader(263)) - ec53db5d-3828-4459-8e22-4f8ed9f81799:group-5E8CD41A4C94 change Leader from null to c48372ad-a728-4188-b6f8-0eebdcb5506e at term 1 for appendEntries, leader elected after 5193ms
2019-07-13 20:47:15,724 INFO  impl.RaftServerImpl (ServerState.java:setRaftConf(361)) - 5ad19d80-f4cf-4ccb-9361-ee5c40524fb7:group-5E8CD41A4C94 set configuration 0: [5ad19d80-f4cf-4ccb-9361-ee5c40524fb7:192.168.5.168:44843, c48372ad-a728-4188-b6f8-0eebdcb5506e:192.168.5.168:33171, ec53db5d-3828-4459-8e22-4f8ed9f81799:192.168.5.168:43175], old=null at 0
2019-07-13 20:47:15,724 INFO  impl.RaftServerImpl (ServerState.java:setRaftConf(361)) - ec53db5d-3828-4459-8e22-4f8ed9f81799:group-5E8CD41A4C94 set configuration 0: [5ad19d80-f4cf-4ccb-9361-ee5c40524fb7:192.168.5.168:44843, c48372ad-a728-4188-b6f8-0eebdcb5506e:192.168.5.168:33171, ec53db5d-3828-4459-8e22-4f8ed9f81799:192.168.5.168:43175], old=null at 0
2019-07-13 20:47:15,724 INFO  segmented.SegmentedRaftLogWorker (SegmentedRaftLogWorker.java:startLogSegment(380)) - 5ad19d80-f4cf-4ccb-9361-ee5c40524fb7-SegmentedRaftLogWorker:Storage Directory /tmp/workdir/hadoop-ozone/integration-test/target/test-dir/MiniOzoneClusterImpl-f7499cc7-d7a4-4a70-8d9c-14a8f781e78f/datanode-5/data/ratis/b56509cf-8c5b-432c-8bed-5e8cd41a4c94: Starting segment from index:0
2019-07-13 20:47:15,724 INFO  segmented.SegmentedRaftLogWorker (SegmentedRaftLogWorker.java:startLogSegment(380)) - ec53db5d-3828-4459-8e22-4f8ed9f81799-SegmentedRaftLogWorker:Storage Directory /tmp/workdir/hadoop-ozone/integration-test/target/test-dir/MiniOzoneClusterImpl-f7499cc7-d7a4-4a70-8d9c-14a8f781e78f/datanode-3/data/ratis/b56509cf-8c5b-432c-8bed-5e8cd41a4c94: Starting segment from index:0
2019-07-13 20:47:15,775 INFO  segmented.SegmentedRaftLogWorker (SegmentedRaftLogWorker.java:execute(569)) - ec53db5d-3828-4459-8e22-4f8ed9f81799-SegmentedRaftLogWorker:Storage Directory /tmp/workdir/hadoop-ozone/integration-test/target/test-dir/MiniOzoneClusterImpl-f7499cc7-d7a4-4a70-8d9c-14a8f781e78f/datanode-3/data/ratis/b56509cf-8c5b-432c-8bed-5e8cd41a4c94: created new log segment /tmp/workdir/hadoop-ozone/integration-test/target/test-dir/MiniOzoneClusterImpl-f7499cc7-d7a4-4a70-8d9c-14a8f781e78f/datanode-3/data/ratis/b56509cf-8c5b-432c-8bed-5e8cd41a4c94/current/log_inprogress_0
2019-07-13 20:47:15,775 INFO  segmented.SegmentedRaftLogWorker (SegmentedRaftLogWorker.java:execute(569)) - c48372ad-a728-4188-b6f8-0eebdcb5506e-SegmentedRaftLogWorker:Storage Directory /tmp/workdir/hadoop-ozone/integration-test/target/test-dir/MiniOzoneClusterImpl-f7499cc7-d7a4-4a70-8d9c-14a8f781e78f/datanode-4/data/ratis/b56509cf-8c5b-432c-8bed-5e8cd41a4c94: created new log segment /tmp/workdir/hadoop-ozone/integration-test/target/test-dir/MiniOzoneClusterImpl-f7499cc7-d7a4-4a70-8d9c-14a8f781e78f/datanode-4/data/ratis/b56509cf-8c5b-432c-8bed-5e8cd41a4c94/current/log_inprogress_0
2019-07-13 20:47:15,775 INFO  segmented.SegmentedRaftLogWorker (SegmentedRaftLogWorker.java:execute(569)) - 5ad19d80-f4cf-4ccb-9361-ee5c40524fb7-SegmentedRaftLogWorker:Storage Directory /tmp/workdir/hadoop-ozone/integration-test/target/test-dir/MiniOzoneClusterImpl-f7499cc7-d7a4-4a70-8d9c-14a8f781e78f/datanode-5/data/ratis/b56509cf-8c5b-432c-8bed-5e8cd41a4c94: created new log segment /tmp/workdir/hadoop-ozone/integration-test/target/test-dir/MiniOzoneClusterImpl-f7499cc7-d7a4-4a70-8d9c-14a8f781e78f/datanode-5/data/ratis/b56509cf-8c5b-432c-8bed-5e8cd41a4c94/current/log_inprogress_0
2019-07-13 20:47:15,820 INFO  impl.FollowerState (FollowerState.java:run(106)) - bd4efc6b-fac3-47b0-83f6-4aa0ec2ef6fe:group-AE56314113E7 changes to CANDIDATE, lastRpcTime:5160, electionTimeout:5160ms
2019-07-13 20:47:15,820 INFO  impl.RoleInfo (RoleInfo.java:shutdownFollowerState(121)) - bd4efc6b-fac3-47b0-83f6-4aa0ec2ef6fe: shutdown FollowerState
2019-07-13 20:47:15,820 INFO  impl.RaftServerImpl (RaftServerImpl.java:setRole(171)) - bd4efc6b-fac3-47b0-83f6-4aa0ec2ef6fe:group-AE56314113E7 changes role from FOLLOWER to CANDIDATE at term 0 for changeToCandidate
2019-07-13 20:47:15,821 INFO  impl.RoleInfo (RoleInfo.java:updateAndGet(143)) - bd4efc6b-fac3-47b0-83f6-4aa0ec2ef6fe: start LeaderElection
2019-07-13 20:47:15,853 INFO  impl.LeaderElection (LeaderElection.java:askForVotes(181)) - bd4efc6b-fac3-47b0-83f6-4aa0ec2ef6fe:group-AE56314113E7:LeaderElection29: begin an election at term 1 for -1: [bd4efc6b-fac3-47b0-83f6-4aa0ec2ef6fe:192.168.5.168:37928], old=null
2019-07-13 20:47:15,853 INFO  impl.RoleInfo (RoleInfo.java:shutdownLeaderElection(134)) - bd4efc6b-fac3-47b0-83f6-4aa0ec2ef6fe: shutdown LeaderElection
2019-07-13 20:47:15,853 INFO  impl.RaftServerImpl (RaftServerImpl.java:setRole(171)) - bd4efc6b-fac3-47b0-83f6-4aa0ec2ef6fe:group-AE56314113E7 changes role from CANDIDATE to LEADER at term 1 for changeToLeader
2019-07-13 20:47:15,853 INFO  impl.RaftServerImpl (ServerState.java:setLeader(263)) - bd4efc6b-fac3-47b0-83f6-4aa0ec2ef6fe:group-AE56314113E7 change Leader from null to bd4efc6b-fac3-47b0-83f6-4aa0ec2ef6fe at term 1 for becomeLeader, leader elected after 5198ms
2019-07-13 20:47:15,853 INFO  server.RaftServerConfigKeys (ConfUtils.java:logGet(43)) - raft.server.staging.catchup.gap = 1000 (default)
2019-07-13 20:47:15,854 INFO  server.RaftServerConfigKeys (ConfUtils.java:logGet(43)) - raft.server.rpc.sleep.time = 25ms (default)
2019-07-13 20:47:15,854 INFO  server.RaftServerConfigKeys (ConfUtils.java:logGet(43)) - raft.server.write.element-limit = 4096 (default)
2019-07-13 20:47:15,854 INFO  server.RaftServerConfigKeys (ConfUtils.java:logGet(43)) - raft.server.watch.timeout = 10s (default)
2019-07-13 20:47:15,854 INFO  server.RaftServerConfigKeys (ConfUtils.java:logGet(43)) - raft.server.watch.timeout.denomination = 1s (default)
2019-07-13 20:47:15,854 INFO  server.RaftServerConfigKeys (ConfUtils.java:logGet(43)) - raft.server.watch.element-limit = 65536 (default)
2019-07-13 20:47:15,855 INFO  impl.RoleInfo (RoleInfo.java:updateAndGet(143)) - bd4efc6b-fac3-47b0-83f6-4aa0ec2ef6fe: start LeaderState
2019-07-13 20:47:15,855 INFO  segmented.SegmentedRaftLogWorker (SegmentedRaftLogWorker.java:startLogSegment(380)) - bd4efc6b-fac3-47b0-83f6-4aa0ec2ef6fe-SegmentedRaftLogWorker:Storage Directory /tmp/workdir/hadoop-ozone/integration-test/target/test-dir/MiniOzoneClusterImpl-f7499cc7-d7a4-4a70-8d9c-14a8f781e78f/datanode-6/data/ratis/2fc40f50-9f69-4132-a44f-ae56314113e7: Starting segment from index:0
2019-07-13 20:47:15,856 INFO  impl.RaftServerImpl (ServerState.java:setRaftConf(361)) - bd4efc6b-fac3-47b0-83f6-4aa0ec2ef6fe:group-AE56314113E7 set configuration 0: [bd4efc6b-fac3-47b0-83f6-4aa0ec2ef6fe:192.168.5.168:37928], old=null at 0
2019-07-13 20:47:15,886 INFO  segmented.SegmentedRaftLogWorker (SegmentedRaftLogWorker.java:execute(569)) - bd4efc6b-fac3-47b0-83f6-4aa0ec2ef6fe-SegmentedRaftLogWorker:Storage Directory /tmp/workdir/hadoop-ozone/integration-test/target/test-dir/MiniOzoneClusterImpl-f7499cc7-d7a4-4a70-8d9c-14a8f781e78f/datanode-6/data/ratis/2fc40f50-9f69-4132-a44f-ae56314113e7: created new log segment /tmp/workdir/hadoop-ozone/integration-test/target/test-dir/MiniOzoneClusterImpl-f7499cc7-d7a4-4a70-8d9c-14a8f781e78f/datanode-6/data/ratis/2fc40f50-9f69-4132-a44f-ae56314113e7/current/log_inprogress_0
2019-07-13 20:47:15,898 INFO  client.GrpcClientProtocolClient (GrpcClientProtocolClient.java:onNext(255)) - client-CA98065693EE->aa0bc247-12f0-4aa6-87db-fc23e750d426: receive RaftClientReply:client-CA98065693EE->aa0bc247-12f0-4aa6-87db-fc23e750d426@group-E423EDA0977D, cid=52, FAILED org.apache.ratis.protocol.NotLeaderException: Server aa0bc247-12f0-4aa6-87db-fc23e750d426 is not the leader (271550d9-1512-4bf5-aaa9-af0d36b1f2e7:192.168.5.168:33182). Request must be sent to leader., logIndex=0, commits[aa0bc247-12f0-4aa6-87db-fc23e750d426:c-1, 05e77c5e-e1f6-4c07-aa64-b75593fc2a63:c-1, 271550d9-1512-4bf5-aaa9-af0d36b1f2e7:c-1]
2019-07-13 20:47:16,022 INFO  client.GrpcClientProtocolClient (GrpcClientProtocolClient.java:onNext(255)) - client-CA98065693EE->271550d9-1512-4bf5-aaa9-af0d36b1f2e7: receive RaftClientReply:client-CA98065693EE->271550d9-1512-4bf5-aaa9-af0d36b1f2e7@group-E423EDA0977D, cid=52, SUCCESS, logIndex=1, commits[271550d9-1512-4bf5-aaa9-af0d36b1f2e7:c2, 05e77c5e-e1f6-4c07-aa64-b75593fc2a63:c1, aa0bc247-12f0-4aa6-87db-fc23e750d426:c1]
2019-07-13 20:47:16,027 INFO  datanode.ObjectStoreHandler (ObjectStoreHandler.java:close(155)) - Closing ObjectStoreHandler.
2019-07-13 20:47:16,028 INFO  ozone.HddsDatanodeService (HddsDatanodeService.java:stop(452)) - Stopped plug-in org.apache.hadoop.ozone.web.OzoneHddsDatanodeService@719bb60d
2019-07-13 20:47:16,037 INFO  statemachine.DatanodeStateMachine (DatanodeStateMachine.java:lambda$startDaemon$0(350)) - Ozone container server started.
2019-07-13 20:47:16,408 WARN  server.GrpcLogAppender (LogUtils.java:warn(134)) - a821c51a-654e-405d-8a70-0a883c22ff18->ab218066-181d-46b2-9ec7-7fa1ad867f1c: Failed appendEntries: org.apache.ratis.thirdparty.io.grpc.StatusRuntimeException: UNAVAILABLE: io exception
2019-07-13 20:47:16,408 WARN  server.GrpcLogAppender (LogUtils.java:warn(134)) - a821c51a-654e-405d-8a70-0a883c22ff18->4f108adb-2142-4e92-bf39-b48875c9ade4: Failed appendEntries: org.apache.ratis.thirdparty.io.grpc.StatusRuntimeException: UNAVAILABLE: io exception
2019-07-13 20:47:16,419 INFO  impl.FollowerInfo (FollowerInfo.java:lambda$new$0(50)) - a821c51a-654e-405d-8a70-0a883c22ff18->ab218066-181d-46b2-9ec7-7fa1ad867f1c: nextIndex: updateUnconditionally 0 -> 0
2019-07-13 20:47:16,425 INFO  impl.FollowerInfo (FollowerInfo.java:lambda$new$0(50)) - a821c51a-654e-405d-8a70-0a883c22ff18->4f108adb-2142-4e92-bf39-b48875c9ade4: nextIndex: updateUnconditionally 0 -> 0
2019-07-13 20:47:18,910 WARN  server.GrpcLogAppender (LogUtils.java:warn(134)) - a821c51a-654e-405d-8a70-0a883c22ff18->ab218066-181d-46b2-9ec7-7fa1ad867f1c: Failed appendEntries: org.apache.ratis.thirdparty.io.grpc.StatusRuntimeException: UNAVAILABLE: io exception
2019-07-13 20:47:18,910 WARN  server.GrpcLogAppender (LogUtils.java:warn(134)) - a821c51a-654e-405d-8a70-0a883c22ff18->4f108adb-2142-4e92-bf39-b48875c9ade4: Failed appendEntries: org.apache.ratis.thirdparty.io.grpc.StatusRuntimeException: UNAVAILABLE: io exception
2019-07-13 20:47:18,917 INFO  impl.FollowerInfo (FollowerInfo.java:lambda$new$0(50)) - a821c51a-654e-405d-8a70-0a883c22ff18->ab218066-181d-46b2-9ec7-7fa1ad867f1c: nextIndex: updateUnconditionally 0 -> 0
2019-07-13 20:47:18,923 INFO  impl.FollowerInfo (FollowerInfo.java:lambda$new$0(50)) - a821c51a-654e-405d-8a70-0a883c22ff18->4f108adb-2142-4e92-bf39-b48875c9ade4: nextIndex: updateUnconditionally 0 -> 0
2019-07-13 20:47:21,029 INFO  ozoneimpl.OzoneContainer (OzoneContainer.java:stop(199)) - Attempting to stop container services.
2019-07-13 20:47:21,029 INFO  impl.RaftServerProxy (RaftServerProxy.java:lambda$close$4(314)) - aa0bc247-12f0-4aa6-87db-fc23e750d426: close
2019-07-13 20:47:21,030 INFO  impl.RaftServerImpl (RaftServerImpl.java:lambda$shutdown$3(245)) - aa0bc247-12f0-4aa6-87db-fc23e750d426: shutdown group-E423EDA0977D
2019-07-13 20:47:21,030 INFO  impl.RaftServerImpl (RaftServerImpl.java:lambda$shutdown$3(245)) - aa0bc247-12f0-4aa6-87db-fc23e750d426: shutdown group-768372AA602B
2019-07-13 20:47:21,031 INFO  util.JmxRegister (JmxRegister.java:unregister(73)) - Successfully un-registered JMX Bean with object name Ratis:service=RaftServer,group=group-E423EDA0977D,id=aa0bc247-12f0-4aa6-87db-fc23e750d426
2019-07-13 20:47:21,031 INFO  util.JmxRegister (JmxRegister.java:unregister(73)) - Successfully un-registered JMX Bean with object name Ratis:service=RaftServer,group=group-768372AA602B,id=aa0bc247-12f0-4aa6-87db-fc23e750d426
2019-07-13 20:47:21,031 INFO  impl.RoleInfo (RoleInfo.java:shutdownFollowerState(121)) - aa0bc247-12f0-4aa6-87db-fc23e750d426: shutdown FollowerState
2019-07-13 20:47:21,032 INFO  impl.RoleInfo (RoleInfo.java:shutdownLeaderState(104)) - aa0bc247-12f0-4aa6-87db-fc23e750d426: shutdown LeaderState
2019-07-13 20:47:21,032 INFO  impl.FollowerState (FollowerState.java:run(114)) - aa0bc247-12f0-4aa6-87db-fc23e750d426: FollowerState was interrupted: java.lang.InterruptedException: sleep interrupted
2019-07-13 20:47:21,032 INFO  ratis.ContainerStateMachine (ContainerStateMachine.java:takeSnapshot(246)) - Taking snapshot at termIndex:(t:1, i:1)
2019-07-13 20:47:21,032 INFO  impl.StateMachineUpdater (StateMachineUpdater.java:stopAndJoin(115)) - StateMachineUpdater:aa0bc247-12f0-4aa6-87db-fc23e750d426:group-E423EDA0977D: set stopIndex = 2
2019-07-13 20:47:21,041 INFO  ratis.ContainerStateMachine (ContainerStateMachine.java:takeSnapshot(250)) - Taking a snapshot to file /tmp/workdir/hadoop-ozone/integration-test/target/test-dir/MiniOzoneClusterImpl-f7499cc7-d7a4-4a70-8d9c-14a8f781e78f/datanode-1/data/ratis/e4296561-5fa3-4f98-917f-e423eda0977d/sm/snapshot.1_1
2019-07-13 20:47:21,032 INFO  impl.PendingRequests (PendingRequests.java:sendNotLeaderResponses(202)) - aa0bc247-12f0-4aa6-87db-fc23e750d426-PendingRequests: sendNotLeaderResponses
2019-07-13 20:47:21,048 INFO  impl.StateMachineUpdater (StateMachineUpdater.java:takeSnapshot(242)) - StateMachineUpdater:aa0bc247-12f0-4aa6-87db-fc23e750d426:group-E423EDA0977D: Took a snapshot at index 1
2019-07-13 20:47:21,048 INFO  impl.StateMachineUpdater (StateMachineUpdater.java:lambda$new$0(80)) - StateMachineUpdater:aa0bc247-12f0-4aa6-87db-fc23e750d426:group-E423EDA0977D: snapshotIndex: updateIncreasingly -1 -> 1
2019-07-13 20:47:21,048 INFO  ratis.ContainerStateMachine (ContainerStateMachine.java:takeSnapshot(246)) - Taking snapshot at termIndex:(t:0, i:~)
2019-07-13 20:47:21,048 INFO  impl.StateMachineUpdater (StateMachineUpdater.java:stopAndJoin(115)) - StateMachineUpdater:aa0bc247-12f0-4aa6-87db-fc23e750d426:group-768372AA602B: set stopIndex = 0
2019-07-13 20:47:21,055 INFO  impl.RaftServerImpl (ServerState.java:close(394)) - aa0bc247-12f0-4aa6-87db-fc23e750d426:group-768372AA602B closes. The last applied log index is 0
2019-07-13 20:47:21,055 INFO  impl.RaftServerImpl (ServerState.java:close(394)) - aa0bc247-12f0-4aa6-87db-fc23e750d426:group-E423EDA0977D closes. The last applied log index is 2
2019-07-13 20:47:21,055 INFO  segmented.SegmentedRaftLogWorker (SegmentedRaftLogWorker.java:run(313)) - aa0bc247-12f0-4aa6-87db-fc23e750d426-SegmentedRaftLogWorker:Storage Directory /tmp/workdir/hadoop-ozone/integration-test/target/test-dir/MiniOzoneClusterImpl-f7499cc7-d7a4-4a70-8d9c-14a8f781e78f/datanode-1/data/ratis/3ce7e141-53cb-459e-b11d-768372aa602b was interrupted, exiting. There are 0 tasks remaining in the queue.
2019-07-13 20:47:21,056 INFO  segmented.SegmentedRaftLogWorker (SegmentedRaftLogWorker.java:run(313)) - aa0bc247-12f0-4aa6-87db-fc23e750d426-SegmentedRaftLogWorker:Storage Directory /tmp/workdir/hadoop-ozone/integration-test/target/test-dir/MiniOzoneClusterImpl-f7499cc7-d7a4-4a70-8d9c-14a8f781e78f/datanode-1/data/ratis/e4296561-5fa3-4f98-917f-e423eda0977d was interrupted, exiting. There are 0 tasks remaining in the queue.
2019-07-13 20:47:21,062 INFO  segmented.SegmentedRaftLogWorker (SegmentedRaftLogWorker.java:close(228)) - aa0bc247-12f0-4aa6-87db-fc23e750d426-SegmentedRaftLogWorker:Storage Directory /tmp/workdir/hadoop-ozone/integration-test/target/test-dir/MiniOzoneClusterImpl-f7499cc7-d7a4-4a70-8d9c-14a8f781e78f/datanode-1/data/ratis/3ce7e141-53cb-459e-b11d-768372aa602b close()
2019-07-13 20:47:21,068 INFO  segmented.SegmentedRaftLogWorker (SegmentedRaftLogWorker.java:close(228)) - aa0bc247-12f0-4aa6-87db-fc23e750d426-SegmentedRaftLogWorker:Storage Directory /tmp/workdir/hadoop-ozone/integration-test/target/test-dir/MiniOzoneClusterImpl-f7499cc7-d7a4-4a70-8d9c-14a8f781e78f/datanode-1/data/ratis/e4296561-5fa3-4f98-917f-e423eda0977d close()
2019-07-13 20:47:21,091 INFO  server.GrpcService (GrpcService.java:closeImpl(155)) - aa0bc247-12f0-4aa6-87db-fc23e750d426: shutdown server with port 39115 now
2019-07-13 20:47:21,092 WARN  server.GrpcServerProtocolService (LogUtils.java:warn(134)) - aa0bc247-12f0-4aa6-87db-fc23e750d426: appendEntries onError: org.apache.ratis.thirdparty.io.grpc.StatusRuntimeException: CANCELLED: cancelled before receiving half close
2019-07-13 20:47:21,098 WARN  server.GrpcLogAppender (LogUtils.java:warn(134)) - 271550d9-1512-4bf5-aaa9-af0d36b1f2e7->aa0bc247-12f0-4aa6-87db-fc23e750d426: Failed appendEntries: org.apache.ratis.thirdparty.io.grpc.StatusRuntimeException: CANCELLED: HTTP/2 error code: CANCEL
Received Rst Stream
2019-07-13 20:47:21,098 INFO  server.GrpcService (GrpcService.java:closeImpl(163)) - aa0bc247-12f0-4aa6-87db-fc23e750d426: shutdown server with port 39115 successfully
2019-07-13 20:47:21,104 INFO  impl.FollowerInfo (FollowerInfo.java:lambda$new$0(50)) - 271550d9-1512-4bf5-aaa9-af0d36b1f2e7->aa0bc247-12f0-4aa6-87db-fc23e750d426: nextIndex: updateUnconditionally 3 -> 2
2019-07-13 20:47:21,114 INFO  utils.BackgroundService (BackgroundService.java:shutdown(148)) - Shutting down service BlockDeletingService
2019-07-13 20:47:21,122 WARN  fs.CachingGetSpaceUsed (CachingGetSpaceUsed.java:run(183)) - Thread Interrupted waiting to refresh disk information: sleep interrupted
2019-07-13 20:47:21,159 INFO  statemachine.DatanodeStateMachine (DatanodeStateMachine.java:stopDaemon(395)) - Ozone container server stopped.
2019-07-13 20:47:21,160 INFO  handler.ContextHandler (ContextHandler.java:doStop(910)) - Stopped o.e.j.w.WebAppContext@1aaaabd1{/,null,UNAVAILABLE}{/hddsDatanode}
2019-07-13 20:47:21,166 INFO  server.AbstractConnector (AbstractConnector.java:doStop(318)) - Stopped ServerConnector@7cbe3a05{HTTP/1.1,[http/1.1]}{0.0.0.0:0}
2019-07-13 20:47:21,167 INFO  handler.ContextHandler (ContextHandler.java:doStop(910)) - Stopped o.e.j.s.ServletContextHandler@5621a671{/static,jar:file:/home/user/.m2/repository/org/apache/hadoop/hadoop-hdds-container-service/0.5.0-SNAPSHOT/hadoop-hdds-container-service-0.5.0-SNAPSHOT.jar!/webapps/static,UNAVAILABLE}
2019-07-13 20:47:21,167 INFO  handler.ContextHandler (ContextHandler.java:doStop(910)) - Stopped o.e.j.s.ServletContextHandler@5abb7a8f{/logs,file:///tmp/workdir/hadoop-ozone/integration-test/target/log,UNAVAILABLE}
2019-07-13 20:47:21,168 INFO  datanode.ObjectStoreHandler (ObjectStoreHandler.java:close(155)) - Closing ObjectStoreHandler.
2019-07-13 20:47:21,169 INFO  ozone.HddsDatanodeService (HddsDatanodeService.java:stop(452)) - Stopped plug-in org.apache.hadoop.ozone.web.OzoneHddsDatanodeService@1ce6a9bd
2019-07-13 20:47:21,411 WARN  server.GrpcLogAppender (LogUtils.java:warn(134)) - a821c51a-654e-405d-8a70-0a883c22ff18->4f108adb-2142-4e92-bf39-b48875c9ade4: Failed appendEntries: org.apache.ratis.thirdparty.io.grpc.StatusRuntimeException: UNAVAILABLE: io exception
2019-07-13 20:47:21,411 WARN  server.GrpcLogAppender (LogUtils.java:warn(134)) - a821c51a-654e-405d-8a70-0a883c22ff18->ab218066-181d-46b2-9ec7-7fa1ad867f1c: Failed appendEntries: org.apache.ratis.thirdparty.io.grpc.StatusRuntimeException: UNAVAILABLE: io exception
2019-07-13 20:47:21,423 INFO  impl.FollowerInfo (FollowerInfo.java:lambda$new$0(50)) - a821c51a-654e-405d-8a70-0a883c22ff18->4f108adb-2142-4e92-bf39-b48875c9ade4: nextIndex: updateUnconditionally 0 -> 0
2019-07-13 20:47:21,431 INFO  impl.FollowerInfo (FollowerInfo.java:lambda$new$0(50)) - a821c51a-654e-405d-8a70-0a883c22ff18->ab218066-181d-46b2-9ec7-7fa1ad867f1c: nextIndex: updateUnconditionally 0 -> 0
2019-07-13 20:47:22,047 INFO  statemachine.DatanodeStateMachine (DatanodeStateMachine.java:lambda$startDaemon$0(350)) - Ozone container server started.
2019-07-13 20:47:23,468 WARN  server.GrpcLogAppender (LogUtils.java:warn(134)) - 271550d9-1512-4bf5-aaa9-af0d36b1f2e7->aa0bc247-12f0-4aa6-87db-fc23e750d426: Failed appendEntries: org.apache.ratis.thirdparty.io.grpc.StatusRuntimeException: UNAVAILABLE: io exception
2019-07-13 20:47:23,476 INFO  impl.FollowerInfo (FollowerInfo.java:lambda$new$0(50)) - 271550d9-1512-4bf5-aaa9-af0d36b1f2e7->aa0bc247-12f0-4aa6-87db-fc23e750d426: nextIndex: updateUnconditionally 2 -> 1
2019-07-13 20:47:23,912 WARN  server.GrpcLogAppender (LogUtils.java:warn(134)) - a821c51a-654e-405d-8a70-0a883c22ff18->ab218066-181d-46b2-9ec7-7fa1ad867f1c: Failed appendEntries: org.apache.ratis.thirdparty.io.grpc.StatusRuntimeException: UNAVAILABLE: io exception
2019-07-13 20:47:23,912 WARN  server.GrpcLogAppender (LogUtils.java:warn(134)) - a821c51a-654e-405d-8a70-0a883c22ff18->4f108adb-2142-4e92-bf39-b48875c9ade4: Failed appendEntries: org.apache.ratis.thirdparty.io.grpc.StatusRuntimeException: UNAVAILABLE: io exception
2019-07-13 20:47:23,920 INFO  impl.FollowerInfo (FollowerInfo.java:lambda$new$0(50)) - a821c51a-654e-405d-8a70-0a883c22ff18->ab218066-181d-46b2-9ec7-7fa1ad867f1c: nextIndex: updateUnconditionally 0 -> 0
2019-07-13 20:47:23,927 INFO  impl.FollowerInfo (FollowerInfo.java:lambda$new$0(50)) - a821c51a-654e-405d-8a70-0a883c22ff18->4f108adb-2142-4e92-bf39-b48875c9ade4: nextIndex: updateUnconditionally 0 -> 0
2019-07-13 20:47:26,034 WARN  server.GrpcLogAppender (LogUtils.java:warn(134)) - 271550d9-1512-4bf5-aaa9-af0d36b1f2e7->aa0bc247-12f0-4aa6-87db-fc23e750d426: Failed appendEntries: org.apache.ratis.thirdparty.io.grpc.StatusRuntimeException: UNAVAILABLE: io exception
2019-07-13 20:47:26,042 INFO  impl.FollowerInfo (FollowerInfo.java:lambda$new$0(50)) - 271550d9-1512-4bf5-aaa9-af0d36b1f2e7->aa0bc247-12f0-4aa6-87db-fc23e750d426: nextIndex: updateUnconditionally 1 -> 0
2019-07-13 20:47:26,170 INFO  ozoneimpl.OzoneContainer (OzoneContainer.java:stop(199)) - Attempting to stop container services.
2019-07-13 20:47:26,171 INFO  impl.RaftServerProxy (RaftServerProxy.java:lambda$close$4(314)) - 05e77c5e-e1f6-4c07-aa64-b75593fc2a63: close
2019-07-13 20:47:26,171 INFO  impl.RaftServerImpl (RaftServerImpl.java:lambda$shutdown$3(245)) - 05e77c5e-e1f6-4c07-aa64-b75593fc2a63: shutdown group-4D1E9CE215C8
2019-07-13 20:47:26,172 INFO  util.JmxRegister (JmxRegister.java:unregister(73)) - Successfully un-registered JMX Bean with object name Ratis:service=RaftServer,group=group-4D1E9CE215C8,id=05e77c5e-e1f6-4c07-aa64-b75593fc2a63
2019-07-13 20:47:26,172 INFO  impl.RoleInfo (RoleInfo.java:shutdownLeaderState(104)) - 05e77c5e-e1f6-4c07-aa64-b75593fc2a63: shutdown LeaderState
2019-07-13 20:47:26,173 INFO  impl.PendingRequests (PendingRequests.java:sendNotLeaderResponses(202)) - 05e77c5e-e1f6-4c07-aa64-b75593fc2a63-PendingRequests: sendNotLeaderResponses
2019-07-13 20:47:26,173 INFO  impl.StateMachineUpdater (StateMachineUpdater.java:stopAndJoin(115)) - StateMachineUpdater:05e77c5e-e1f6-4c07-aa64-b75593fc2a63:group-4D1E9CE215C8: set stopIndex = 0
2019-07-13 20:47:26,173 INFO  ratis.ContainerStateMachine (ContainerStateMachine.java:takeSnapshot(246)) - Taking snapshot at termIndex:(t:0, i:~)
2019-07-13 20:47:26,182 INFO  impl.RaftServerImpl (ServerState.java:close(394)) - 05e77c5e-e1f6-4c07-aa64-b75593fc2a63:group-4D1E9CE215C8 closes. The last applied log index is 0
2019-07-13 20:47:26,182 INFO  segmented.SegmentedRaftLogWorker (SegmentedRaftLogWorker.java:run(313)) - 05e77c5e-e1f6-4c07-aa64-b75593fc2a63-SegmentedRaftLogWorker:Storage Directory /tmp/workdir/hadoop-ozone/integration-test/target/test-dir/MiniOzoneClusterImpl-f7499cc7-d7a4-4a70-8d9c-14a8f781e78f/datanode-0/data/ratis/11c36466-3278-482d-9714-4d1e9ce215c8 was interrupted, exiting. There are 0 tasks remaining in the queue.
2019-07-13 20:47:26,189 INFO  segmented.SegmentedRaftLogWorker (SegmentedRaftLogWorker.java:close(228)) - 05e77c5e-e1f6-4c07-aa64-b75593fc2a63-SegmentedRaftLogWorker:Storage Directory /tmp/workdir/hadoop-ozone/integration-test/target/test-dir/MiniOzoneClusterImpl-f7499cc7-d7a4-4a70-8d9c-14a8f781e78f/datanode-0/data/ratis/11c36466-3278-482d-9714-4d1e9ce215c8 close()
2019-07-13 20:47:26,201 INFO  impl.RaftServerImpl (RaftServerImpl.java:lambda$shutdown$3(245)) - 05e77c5e-e1f6-4c07-aa64-b75593fc2a63: shutdown group-E423EDA0977D
2019-07-13 20:47:26,202 INFO  util.JmxRegister (JmxRegister.java:unregister(73)) - Successfully un-registered JMX Bean with object name Ratis:service=RaftServer,group=group-E423EDA0977D,id=05e77c5e-e1f6-4c07-aa64-b75593fc2a63
2019-07-13 20:47:26,202 INFO  impl.RoleInfo (RoleInfo.java:shutdownFollowerState(121)) - 05e77c5e-e1f6-4c07-aa64-b75593fc2a63: shutdown FollowerState
2019-07-13 20:47:26,202 INFO  impl.StateMachineUpdater (StateMachineUpdater.java:stopAndJoin(115)) - StateMachineUpdater:05e77c5e-e1f6-4c07-aa64-b75593fc2a63:group-E423EDA0977D: set stopIndex = 2
2019-07-13 20:47:26,202 INFO  impl.FollowerState (FollowerState.java:run(114)) - 05e77c5e-e1f6-4c07-aa64-b75593fc2a63: FollowerState was interrupted: java.lang.InterruptedException: sleep interrupted
2019-07-13 20:47:26,202 INFO  ratis.ContainerStateMachine (ContainerStateMachine.java:takeSnapshot(246)) - Taking snapshot at termIndex:(t:1, i:1)
2019-07-13 20:47:26,213 INFO  ratis.ContainerStateMachine (ContainerStateMachine.java:takeSnapshot(250)) - Taking a snapshot to file /tmp/workdir/hadoop-ozone/integration-test/target/test-dir/MiniOzoneClusterImpl-f7499cc7-d7a4-4a70-8d9c-14a8f781e78f/datanode-0/data/ratis/e4296561-5fa3-4f98-917f-e423eda0977d/sm/snapshot.1_1
2019-07-13 20:47:26,214 INFO  impl.StateMachineUpdater (StateMachineUpdater.java:takeSnapshot(242)) - StateMachineUpdater:05e77c5e-e1f6-4c07-aa64-b75593fc2a63:group-E423EDA0977D: Took a snapshot at index 1
2019-07-13 20:47:26,214 INFO  impl.StateMachineUpdater (StateMachineUpdater.java:lambda$new$0(80)) - StateMachineUpdater:05e77c5e-e1f6-4c07-aa64-b75593fc2a63:group-E423EDA0977D: snapshotIndex: updateIncreasingly -1 -> 1
2019-07-13 20:47:26,214 INFO  impl.RaftServerImpl (ServerState.java:close(394)) - 05e77c5e-e1f6-4c07-aa64-b75593fc2a63:group-E423EDA0977D closes. The last applied log index is 2
2019-07-13 20:47:26,215 INFO  segmented.SegmentedRaftLogWorker (SegmentedRaftLogWorker.java:run(313)) - 05e77c5e-e1f6-4c07-aa64-b75593fc2a63-SegmentedRaftLogWorker:Storage Directory /tmp/workdir/hadoop-ozone/integration-test/target/test-dir/MiniOzoneClusterImpl-f7499cc7-d7a4-4a70-8d9c-14a8f781e78f/datanode-0/data/ratis/e4296561-5fa3-4f98-917f-e423eda0977d was interrupted, exiting. There are 0 tasks remaining in the queue.
2019-07-13 20:47:26,220 INFO  segmented.SegmentedRaftLogWorker (SegmentedRaftLogWorker.java:close(228)) - 05e77c5e-e1f6-4c07-aa64-b75593fc2a63-SegmentedRaftLogWorker:Storage Directory /tmp/workdir/hadoop-ozone/integration-test/target/test-dir/MiniOzoneClusterImpl-f7499cc7-d7a4-4a70-8d9c-14a8f781e78f/datanode-0/data/ratis/e4296561-5fa3-4f98-917f-e423eda0977d close()
2019-07-13 20:47:26,228 INFO  server.GrpcService (GrpcService.java:closeImpl(155)) - 05e77c5e-e1f6-4c07-aa64-b75593fc2a63: shutdown server with port 40153 now
2019-07-13 20:47:26,229 WARN  server.GrpcServerProtocolService (LogUtils.java:warn(134)) - 05e77c5e-e1f6-4c07-aa64-b75593fc2a63: appendEntries onError: org.apache.ratis.thirdparty.io.grpc.StatusRuntimeException: CANCELLED: cancelled before receiving half close
2019-07-13 20:47:26,230 INFO  server.GrpcService (GrpcService.java:closeImpl(163)) - 05e77c5e-e1f6-4c07-aa64-b75593fc2a63: shutdown server with port 40153 successfully
2019-07-13 20:47:26,230 WARN  server.GrpcLogAppender (LogUtils.java:warn(134)) - 271550d9-1512-4bf5-aaa9-af0d36b1f2e7->05e77c5e-e1f6-4c07-aa64-b75593fc2a63: Failed appendEntries: org.apache.ratis.thirdparty.io.grpc.StatusRuntimeException: CANCELLED: HTTP/2 error code: CANCEL
Received Rst Stream
2019-07-13 20:47:26,234 INFO  impl.FollowerInfo (FollowerInfo.java:lambda$new$0(50)) - 271550d9-1512-4bf5-aaa9-af0d36b1f2e7->05e77c5e-e1f6-4c07-aa64-b75593fc2a63: nextIndex: updateUnconditionally 3 -> 2
2019-07-13 20:47:26,237 INFO  utils.BackgroundService (BackgroundService.java:shutdown(148)) - Shutting down service BlockDeletingService
2019-07-13 20:47:26,240 WARN  fs.CachingGetSpaceUsed (CachingGetSpaceUsed.java:run(183)) - Thread Interrupted waiting to refresh disk information: sleep interrupted
2019-07-13 20:47:26,263 INFO  statemachine.DatanodeStateMachine (DatanodeStateMachine.java:stopDaemon(395)) - Ozone container server stopped.
2019-07-13 20:47:26,275 INFO  handler.ContextHandler (ContextHandler.java:doStop(910)) - Stopped o.e.j.w.WebAppContext@2d7aa291{/,null,UNAVAILABLE}{/hddsDatanode}
2019-07-13 20:47:26,276 INFO  server.AbstractConnector (AbstractConnector.java:doStop(318)) - Stopped ServerConnector@1ba7db2a{HTTP/1.1,[http/1.1]}{0.0.0.0:0}
2019-07-13 20:47:26,277 INFO  handler.ContextHandler (ContextHandler.java:doStop(910)) - Stopped o.e.j.s.ServletContextHandler@432f4626{/static,jar:file:/home/user/.m2/repository/org/apache/hadoop/hadoop-hdds-container-service/0.5.0-SNAPSHOT/hadoop-hdds-container-service-0.5.0-SNAPSHOT.jar!/webapps/static,UNAVAILABLE}
2019-07-13 20:47:26,277 INFO  handler.ContextHandler (ContextHandler.java:doStop(910)) - Stopped o.e.j.s.ServletContextHandler@2ac9e53c{/logs,file:///tmp/workdir/hadoop-ozone/integration-test/target/log,UNAVAILABLE}
2019-07-13 20:47:26,286 INFO  client.GrpcClientProtocolClient (GrpcClientProtocolClient.java:onNext(255)) - client-CA98065693EE->271550d9-1512-4bf5-aaa9-af0d36b1f2e7: receive RaftClientReply:client-CA98065693EE->271550d9-1512-4bf5-aaa9-af0d36b1f2e7@group-E423EDA0977D, cid=53, SUCCESS, logIndex=0, commits[271550d9-1512-4bf5-aaa9-af0d36b1f2e7:c2, 05e77c5e-e1f6-4c07-aa64-b75593fc2a63:c2, aa0bc247-12f0-4aa6-87db-fc23e750d426:c2]
]]></system-out>
    <system-err><![CDATA[Jul 13, 2019 8:47:05 PM com.sun.jersey.server.impl.application.WebApplicationImpl _initiate
INFO: Initiating Jersey application, version 'Jersey: 1.19 02/11/2015 03:25 AM'
Jul 13, 2019 8:47:05 PM com.sun.jersey.server.impl.application.WebApplicationImpl _initiate
INFO: Initiating Jersey application, version 'Jersey: 1.19 02/11/2015 03:25 AM'
Jul 13, 2019 8:47:05 PM com.sun.jersey.server.impl.application.WebApplicationImpl _initiate
INFO: Initiating Jersey application, version 'Jersey: 1.19 02/11/2015 03:25 AM'
Jul 13, 2019 8:47:05 PM com.sun.jersey.server.impl.application.WebApplicationImpl _initiate
INFO: Initiating Jersey application, version 'Jersey: 1.19 02/11/2015 03:25 AM'
Jul 13, 2019 8:47:06 PM com.sun.jersey.server.impl.application.WebApplicationImpl _initiate
INFO: Initiating Jersey application, version 'Jersey: 1.19 02/11/2015 03:25 AM'
Jul 13, 2019 8:47:06 PM com.sun.jersey.server.impl.application.WebApplicationImpl _initiate
INFO: Initiating Jersey application, version 'Jersey: 1.19 02/11/2015 03:25 AM'
Jul 13, 2019 8:47:06 PM com.sun.jersey.server.impl.application.WebApplicationImpl _initiate
INFO: Initiating Jersey application, version 'Jersey: 1.19 02/11/2015 03:25 AM'
]]></system-err>
  </testcase>
  <testcase name="testWatchForCommitForGroupMismatchException" classname="org.apache.hadoop.ozone.client.rpc.TestWatchForCommit" time="32.878"/>
  <testcase name="test2WayCommitForTimeoutException" classname="org.apache.hadoop.ozone.client.rpc.TestWatchForCommit" time="22.983">
    <error message="org.apache.ratis.protocol.RaftRetryFailureException: Failed RaftClientRequest:client-BAB736549FD9-&gt;b31fc272-098f-4b1d-bfc1-f1c2898dadba@group-D067A691E475, cid=89, seq=2*, RW, org.apache.hadoop.hdds.scm.XceiverClientRatis$$Lambda$309/674659751@57462715 for 10 attempts with RetryLimited(maxAttempts=10, sleepTime=1000ms)" type="java.util.concurrent.ExecutionException">java.util.concurrent.ExecutionException: org.apache.ratis.protocol.RaftRetryFailureException: Failed RaftClientRequest:client-BAB736549FD9->b31fc272-098f-4b1d-bfc1-f1c2898dadba@group-D067A691E475, cid=89, seq=2*, RW, org.apache.hadoop.hdds.scm.XceiverClientRatis$$Lambda$309/674659751@57462715 for 10 attempts with RetryLimited(maxAttempts=10, sleepTime=1000ms)
	at java.util.concurrent.CompletableFuture.reportGet(CompletableFuture.java:357)
	at java.util.concurrent.CompletableFuture.get(CompletableFuture.java:1895)
	at org.apache.hadoop.ozone.client.rpc.TestWatchForCommit.test2WayCommitForTimeoutException(TestWatchForCommit.java:432)
	at sun.reflect.NativeMethodAccessorImpl.invoke0(Native Method)
	at sun.reflect.NativeMethodAccessorImpl.invoke(NativeMethodAccessorImpl.java:62)
	at sun.reflect.DelegatingMethodAccessorImpl.invoke(DelegatingMethodAccessorImpl.java:43)
	at java.lang.reflect.Method.invoke(Method.java:498)
	at org.junit.runners.model.FrameworkMethod$1.runReflectiveCall(FrameworkMethod.java:47)
	at org.junit.internal.runners.model.ReflectiveCallable.run(ReflectiveCallable.java:12)
	at org.junit.runners.model.FrameworkMethod.invokeExplosively(FrameworkMethod.java:44)
	at org.junit.internal.runners.statements.InvokeMethod.evaluate(InvokeMethod.java:17)
	at org.junit.runners.ParentRunner.runLeaf(ParentRunner.java:271)
	at org.junit.runners.BlockJUnit4ClassRunner.runChild(BlockJUnit4ClassRunner.java:70)
	at org.junit.runners.BlockJUnit4ClassRunner.runChild(BlockJUnit4ClassRunner.java:50)
	at org.junit.runners.ParentRunner$3.run(ParentRunner.java:238)
	at org.junit.runners.ParentRunner$1.schedule(ParentRunner.java:63)
	at org.junit.runners.ParentRunner.runChildren(ParentRunner.java:236)
	at org.junit.runners.ParentRunner.access$000(ParentRunner.java:53)
	at org.junit.runners.ParentRunner$2.evaluate(ParentRunner.java:229)
	at org.junit.runners.ParentRunner.run(ParentRunner.java:309)
	at org.apache.maven.surefire.junit4.JUnit4Provider.execute(JUnit4Provider.java:365)
	at org.apache.maven.surefire.junit4.JUnit4Provider.executeWithRerun(JUnit4Provider.java:273)
	at org.apache.maven.surefire.junit4.JUnit4Provider.executeTestSet(JUnit4Provider.java:238)
	at org.apache.maven.surefire.junit4.JUnit4Provider.invoke(JUnit4Provider.java:159)
	at org.apache.maven.surefire.booter.ForkedBooter.invokeProviderInSameClassLoader(ForkedBooter.java:384)
	at org.apache.maven.surefire.booter.ForkedBooter.runSuitesInProcess(ForkedBooter.java:345)
	at org.apache.maven.surefire.booter.ForkedBooter.execute(ForkedBooter.java:126)
	at org.apache.maven.surefire.booter.ForkedBooter.main(ForkedBooter.java:418)
Caused by: org.apache.ratis.protocol.RaftRetryFailureException: Failed RaftClientRequest:client-BAB736549FD9->b31fc272-098f-4b1d-bfc1-f1c2898dadba@group-D067A691E475, cid=89, seq=2*, RW, org.apache.hadoop.hdds.scm.XceiverClientRatis$$Lambda$309/674659751@57462715 for 10 attempts with RetryLimited(maxAttempts=10, sleepTime=1000ms)
	at org.apache.ratis.client.impl.RaftClientImpl.noMoreRetries(RaftClientImpl.java:272)
	at org.apache.ratis.client.impl.OrderedAsync.handleAsyncRetryFailure(OrderedAsync.java:138)
	at org.apache.ratis.client.impl.OrderedAsync.lambda$sendRequest$10(OrderedAsync.java:230)
	at java.util.concurrent.CompletableFuture.uniExceptionally(CompletableFuture.java:870)
	at java.util.concurrent.CompletableFuture$UniExceptionally.tryFire(CompletableFuture.java:852)
	at java.util.concurrent.CompletableFuture.postComplete(CompletableFuture.java:474)
	at java.util.concurrent.CompletableFuture.completeExceptionally(CompletableFuture.java:1977)
	at org.apache.ratis.grpc.client.GrpcClientProtocolClient$AsyncStreamObservers.completeReplyExceptionally(GrpcClientProtocolClient.java:330)
	at org.apache.ratis.grpc.client.GrpcClientProtocolClient$AsyncStreamObservers.access$000(GrpcClientProtocolClient.java:246)
	at org.apache.ratis.grpc.client.GrpcClientProtocolClient$AsyncStreamObservers$1.onError(GrpcClientProtocolClient.java:275)
	at org.apache.ratis.thirdparty.io.grpc.stub.ClientCalls$StreamObserverToCallListenerAdapter.onClose(ClientCalls.java:434)
	at org.apache.ratis.thirdparty.io.grpc.PartialForwardingClientCallListener.onClose(PartialForwardingClientCallListener.java:39)
	at org.apache.ratis.thirdparty.io.grpc.ForwardingClientCallListener.onClose(ForwardingClientCallListener.java:23)
	at org.apache.ratis.thirdparty.io.grpc.ForwardingClientCallListener$SimpleForwardingClientCallListener.onClose(ForwardingClientCallListener.java:40)
	at org.apache.ratis.thirdparty.io.grpc.internal.CensusStatsModule$StatsClientInterceptor$1$1.onClose(CensusStatsModule.java:678)
	at org.apache.ratis.thirdparty.io.grpc.PartialForwardingClientCallListener.onClose(PartialForwardingClientCallListener.java:39)
	at org.apache.ratis.thirdparty.io.grpc.ForwardingClientCallListener.onClose(ForwardingClientCallListener.java:23)
	at org.apache.ratis.thirdparty.io.grpc.ForwardingClientCallListener$SimpleForwardingClientCallListener.onClose(ForwardingClientCallListener.java:40)
	at org.apache.ratis.thirdparty.io.grpc.internal.CensusTracingModule$TracingClientInterceptor$1$1.onClose(CensusTracingModule.java:397)
	at org.apache.ratis.thirdparty.io.grpc.internal.ClientCallImpl.closeObserver(ClientCallImpl.java:459)
	at org.apache.ratis.thirdparty.io.grpc.internal.ClientCallImpl.access$300(ClientCallImpl.java:63)
	at org.apache.ratis.thirdparty.io.grpc.internal.ClientCallImpl$ClientStreamListenerImpl.close(ClientCallImpl.java:546)
	at org.apache.ratis.thirdparty.io.grpc.internal.ClientCallImpl$ClientStreamListenerImpl.access$600(ClientCallImpl.java:467)
	at org.apache.ratis.thirdparty.io.grpc.internal.ClientCallImpl$ClientStreamListenerImpl$1StreamClosed.runInContext(ClientCallImpl.java:584)
	at org.apache.ratis.thirdparty.io.grpc.internal.ContextRunnable.run(ContextRunnable.java:37)
	at org.apache.ratis.thirdparty.io.grpc.internal.SerializingExecutor.run(SerializingExecutor.java:123)
	at java.util.concurrent.ThreadPoolExecutor.runWorker(ThreadPoolExecutor.java:1149)
	at java.util.concurrent.ThreadPoolExecutor$Worker.run(ThreadPoolExecutor.java:624)
	at java.lang.Thread.run(Thread.java:748)
Caused by: java.io.IOException: org.apache.ratis.thirdparty.io.grpc.StatusRuntimeException: UNAVAILABLE: io exception
	at org.apache.ratis.grpc.GrpcUtil.unwrapException(GrpcUtil.java:76)
	at org.apache.ratis.grpc.GrpcUtil.unwrapIOException(GrpcUtil.java:128)
	at org.apache.ratis.grpc.client.GrpcClientProtocolClient$AsyncStreamObservers$1.onError(GrpcClientProtocolClient.java:274)
	... 19 more
Caused by: org.apache.ratis.thirdparty.io.grpc.StatusRuntimeException: UNAVAILABLE: io exception
	at org.apache.ratis.thirdparty.io.grpc.Status.asRuntimeException(Status.java:526)
	... 19 more
Caused by: org.apache.ratis.thirdparty.io.netty.channel.AbstractChannel$AnnotatedConnectException: Connection refused: /192.168.5.168:34218
	at sun.nio.ch.SocketChannelImpl.checkConnect(Native Method)
	at sun.nio.ch.SocketChannelImpl.finishConnect(SocketChannelImpl.java:717)
	at org.apache.ratis.thirdparty.io.netty.channel.socket.nio.NioSocketChannel.doFinishConnect(NioSocketChannel.java:327)
	at org.apache.ratis.thirdparty.io.netty.channel.nio.AbstractNioChannel$AbstractNioUnsafe.finishConnect(AbstractNioChannel.java:340)
	at org.apache.ratis.thirdparty.io.netty.channel.nio.NioEventLoop.processSelectedKey(NioEventLoop.java:632)
	at org.apache.ratis.thirdparty.io.netty.channel.nio.NioEventLoop.processSelectedKeysOptimized(NioEventLoop.java:579)
	at org.apache.ratis.thirdparty.io.netty.channel.nio.NioEventLoop.processSelectedKeys(NioEventLoop.java:496)
	at org.apache.ratis.thirdparty.io.netty.channel.nio.NioEventLoop.run(NioEventLoop.java:458)
	at org.apache.ratis.thirdparty.io.netty.util.concurrent.SingleThreadEventExecutor$5.run(SingleThreadEventExecutor.java:897)
	at org.apache.ratis.thirdparty.io.netty.util.concurrent.FastThreadLocalRunnable.run(FastThreadLocalRunnable.java:30)
	... 1 more
Caused by: java.net.ConnectException: Connection refused
	... 11 more
</error>
    <system-out><![CDATA[2019-07-13 20:47:59,176 WARN  server.ServerUtils (ServerUtils.java:getScmDbDir(145)) - ozone.scm.db.dirs is not configured. We recommend adding this setting. Falling back to ozone.metadata.dirs instead.
2019-07-13 20:47:59,184 WARN  server.ServerUtils (ServerUtils.java:getScmDbDir(145)) - ozone.scm.db.dirs is not configured. We recommend adding this setting. Falling back to ozone.metadata.dirs instead.
2019-07-13 20:47:59,184 WARN  server.ServerUtils (ServerUtils.java:getScmDbDir(145)) - ozone.scm.db.dirs is not configured. We recommend adding this setting. Falling back to ozone.metadata.dirs instead.
2019-07-13 20:47:59,185 INFO  db.DBStoreBuilder (DBStoreBuilder.java:addTable(110)) - using custom profile for table: deletedBlocks
2019-07-13 20:47:59,185 INFO  db.DBStoreBuilder (DBStoreBuilder.java:processTables(161)) - Using default column profile:DBProfile.DISK for Table:deletedBlocks
2019-07-13 20:47:59,185 INFO  db.DBStoreBuilder (DBStoreBuilder.java:addTable(110)) - using custom profile for table: validCerts
2019-07-13 20:47:59,185 INFO  db.DBStoreBuilder (DBStoreBuilder.java:processTables(161)) - Using default column profile:DBProfile.DISK for Table:validCerts
2019-07-13 20:47:59,185 INFO  db.DBStoreBuilder (DBStoreBuilder.java:addTable(110)) - using custom profile for table: revokedCerts
2019-07-13 20:47:59,185 INFO  db.DBStoreBuilder (DBStoreBuilder.java:processTables(161)) - Using default column profile:DBProfile.DISK for Table:revokedCerts
2019-07-13 20:47:59,186 INFO  db.DBStoreBuilder (DBStoreBuilder.java:addTable(110)) - using custom profile for table: default
2019-07-13 20:47:59,186 INFO  db.DBStoreBuilder (DBStoreBuilder.java:processTables(167)) - Using default column profile:DBProfile.DISK for Table:default
2019-07-13 20:47:59,186 INFO  db.DBStoreBuilder (DBStoreBuilder.java:getDbProfile(198)) - Using default options. DBProfile.DISK
2019-07-13 20:47:59,266 INFO  net.NodeSchemaLoader (NodeSchemaLoader.java:loadSchemaFromFile(125)) - Loading file from sun.misc.CompoundEnumeration@7202009e
2019-07-13 20:47:59,266 INFO  net.NodeSchemaLoader (NodeSchemaLoader.java:loadSchema(171)) - Loading network topology layer schema file
2019-07-13 20:47:59,270 WARN  server.ServerUtils (ServerUtils.java:sanitizeUserArgs(70)) - ozone.scm.stale.node.interval value = 300000 is larger than max = 100000 based on the key value of ozone.scm.heartbeat.thread.interval, reset to the max value 100000.
2019-07-13 20:47:59,271 WARN  server.ServerUtils (ServerUtils.java:sanitizeUserArgs(70)) - ozone.scm.stale.node.interval value = 300000 is larger than max = 100000 based on the key value of ozone.scm.heartbeat.thread.interval, reset to the max value 100000.
2019-07-13 20:47:59,271 INFO  node.SCMNodeManager (SCMNodeManager.java:<init>(119)) - Entering startup safe mode.
2019-07-13 20:47:59,272 WARN  server.ServerUtils (ServerUtils.java:getScmDbDir(145)) - ozone.scm.db.dirs is not configured. We recommend adding this setting. Falling back to ozone.metadata.dirs instead.
2019-07-13 20:47:59,293 INFO  pipeline.SCMPipelineManager (SCMPipelineManager.java:initializePipelineState(126)) - No pipeline exists in current db
2019-07-13 20:47:59,293 WARN  server.ServerUtils (ServerUtils.java:getScmDbDir(145)) - ozone.scm.db.dirs is not configured. We recommend adding this setting. Falling back to ozone.metadata.dirs instead.
2019-07-13 20:47:59,318 WARN  events.EventQueue (EventQueue.java:fireEvent(175)) - No event handler registered for event TypedEvent{payloadType=SafeModeStatus, name='SafeModeStatus'}
2019-07-13 20:47:59,319 INFO  ipc.CallQueueManager (CallQueueManager.java:<init>(84)) - Using callQueue: class java.util.concurrent.LinkedBlockingQueue, queueCapacity: 2000, scheduler: class org.apache.hadoop.ipc.DefaultRpcScheduler, ipcBackoff: false.
2019-07-13 20:47:59,320 INFO  ipc.Server (Server.java:run(1074)) - Starting Socket Reader #1 for port 45985
2019-07-13 20:47:59,330 INFO  ipc.CallQueueManager (CallQueueManager.java:<init>(84)) - Using callQueue: class java.util.concurrent.LinkedBlockingQueue, queueCapacity: 2000, scheduler: class org.apache.hadoop.ipc.DefaultRpcScheduler, ipcBackoff: false.
2019-07-13 20:47:59,331 INFO  ipc.Server (Server.java:run(1074)) - Starting Socket Reader #1 for port 43836
2019-07-13 20:47:59,338 INFO  ipc.CallQueueManager (CallQueueManager.java:<init>(84)) - Using callQueue: class java.util.concurrent.LinkedBlockingQueue, queueCapacity: 2000, scheduler: class org.apache.hadoop.ipc.DefaultRpcScheduler, ipcBackoff: false.
2019-07-13 20:47:59,339 INFO  ipc.Server (Server.java:run(1074)) - Starting Socket Reader #1 for port 39556
2019-07-13 20:47:59,348 INFO  hdfs.DFSUtil (DFSUtil.java:httpServerTemplateForNNAndJN(1641)) - Starting Web-server for scm at: http://0.0.0.0:0
2019-07-13 20:47:59,351 INFO  server.AuthenticationFilter (AuthenticationFilter.java:constructSecretProvider(240)) - Unable to initialize FileSignerSecretProvider, falling back to use random secrets.
2019-07-13 20:47:59,352 WARN  http.HttpRequestLog (HttpRequestLog.java:getRequestLog(97)) - Jetty request log can only be enabled using Log4j
2019-07-13 20:47:59,354 INFO  http.HttpServer2 (HttpServer2.java:addGlobalFilter(975)) - Added global filter 'safety' (class=org.apache.hadoop.http.HttpServer2$QuotingInputFilter)
2019-07-13 20:47:59,355 INFO  http.HttpServer2 (HttpServer2.java:addFilter(948)) - Added filter static_user_filter (class=org.apache.hadoop.http.lib.StaticUserWebFilter$StaticUserFilter) to context scm
2019-07-13 20:47:59,355 INFO  http.HttpServer2 (HttpServer2.java:addFilter(958)) - Added filter static_user_filter (class=org.apache.hadoop.http.lib.StaticUserWebFilter$StaticUserFilter) to context static
2019-07-13 20:47:59,355 INFO  http.HttpServer2 (HttpServer2.java:addFilter(958)) - Added filter static_user_filter (class=org.apache.hadoop.http.lib.StaticUserWebFilter$StaticUserFilter) to context logs
2019-07-13 20:47:59,358 INFO  server.StorageContainerManager (StorageContainerManager.java:start(759)) - StorageContainerLocationProtocol RPC server is listening at /0.0.0.0:39556
2019-07-13 20:47:59,361 WARN  impl.MetricsConfig (MetricsConfig.java:loadFirst(134)) - Cannot locate configuration: tried hadoop-metrics2-storagecontainermanager.properties,hadoop-metrics2.properties
2019-07-13 20:47:59,385 INFO  impl.MetricsSystemImpl (MetricsSystemImpl.java:startTimer(374)) - Scheduled Metric snapshot period at 10 second(s).
2019-07-13 20:47:59,385 INFO  impl.MetricsSystemImpl (MetricsSystemImpl.java:start(191)) - StorageContainerManager metrics system started
2019-07-13 20:47:59,636 INFO  server.SCMClientProtocolServer (SCMClientProtocolServer.java:start(149)) - RPC server for Client  is listening at /0.0.0.0:39556
2019-07-13 20:47:59,636 INFO  ipc.Server (Server.java:run(1314)) - IPC Server Responder: starting
2019-07-13 20:47:59,636 INFO  ipc.Server (Server.java:run(1153)) - IPC Server listener on 39556: starting
2019-07-13 20:47:59,657 INFO  server.StorageContainerManager (StorageContainerManager.java:start(768)) - ScmBlockLocationProtocol RPC server is listening at /0.0.0.0:43836
2019-07-13 20:47:59,657 INFO  server.SCMBlockProtocolServer (SCMBlockProtocolServer.java:start(140)) - RPC server for Block Protocol is listening at /0.0.0.0:43836
2019-07-13 20:47:59,658 INFO  ipc.Server (Server.java:run(1314)) - IPC Server Responder: starting
2019-07-13 20:47:59,658 INFO  ipc.Server (Server.java:run(1153)) - IPC Server listener on 43836: starting
2019-07-13 20:47:59,677 INFO  server.StorageContainerManager (StorageContainerManager.java:start(772)) - ScmDatanodeProtocl RPC server is listening at /0.0.0.0:45985
2019-07-13 20:47:59,677 INFO  server.SCMDatanodeProtocolServer (SCMDatanodeProtocolServer.java:start(191)) - RPC server for DataNodes is listening at /0.0.0.0:45985
2019-07-13 20:47:59,677 INFO  ipc.Server (Server.java:run(1314)) - IPC Server Responder: starting
2019-07-13 20:47:59,677 INFO  ipc.Server (Server.java:run(1153)) - IPC Server listener on 45985: starting
2019-07-13 20:47:59,679 INFO  http.HttpServer2 (HttpServer2.java:bindListener(1191)) - Jetty bound to port 41308
2019-07-13 20:47:59,691 INFO  server.Server (Server.java:doStart(351)) - jetty-9.3.24.v20180605, build timestamp: 2018-06-05T17:11:56Z, git hash: 84205aa28f11a4f31f2a3b86d1bba2cc8ab69827
2019-07-13 20:47:59,693 INFO  handler.ContextHandler (ContextHandler.java:doStart(781)) - Started o.e.j.s.ServletContextHandler@1ced1d14{/logs,file:///tmp/workdir/hadoop-ozone/integration-test/target/log,AVAILABLE}
2019-07-13 20:47:59,693 INFO  handler.ContextHandler (ContextHandler.java:doStart(781)) - Started o.e.j.s.ServletContextHandler@5263f554{/static,file:///tmp/workdir/hadoop-ozone/integration-test/target/test-classes/webapps/static,AVAILABLE}
2019-07-13 20:47:59,697 INFO  handler.ContextHandler (ContextHandler.java:doStart(781)) - Started o.e.j.w.WebAppContext@5692863{/,file:///tmp/workdir/hadoop-ozone/integration-test/target/test-classes/webapps/scm/,AVAILABLE}{/scm}
2019-07-13 20:47:59,697 INFO  server.AbstractConnector (AbstractConnector.java:doStart(278)) - Started ServerConnector@77a1df4d{HTTP/1.1,[http/1.1]}{0.0.0.0:41308}
2019-07-13 20:47:59,702 INFO  server.Server (Server.java:doStart(419)) - Started @94502ms
2019-07-13 20:47:59,704 INFO  server.BaseHttpServer (BaseHttpServer.java:updateConnectorAddress(207)) - HTTP server of SCM is listening at http://0.0.0.0:41308
2019-07-13 20:47:59,705 WARN  server.ServerUtils (ServerUtils.java:getDBPath(222)) - ozone.om.db.dirs is not configured. We recommend adding this setting. Falling back to ozone.metadata.dirs instead.
2019-07-13 20:47:59,710 INFO  util.JvmPauseMonitor (JvmPauseMonitor.java:run(188)) - Starting JVM pause monitor
2019-07-13 20:47:59,716 WARN  server.ServerUtils (ServerUtils.java:getDBPath(222)) - ozone.om.db.dirs is not configured. We recommend adding this setting. Falling back to ozone.metadata.dirs instead.
2019-07-13 20:47:59,716 INFO  om.OzoneManager (OzoneManager.java:setOMNodeDetails(630)) - OM Service ID is not set. Setting it to the default ID: omServiceIdDefault
2019-07-13 20:47:59,716 INFO  om.OzoneManager (OzoneManager.java:setOMNodeDetails(636)) - OM Node ID is not set. Setting it to the OmStorage's OmID: d5b73cc2-1b55-4f05-9d16-9a599b7528be
2019-07-13 20:47:59,716 INFO  om.OzoneManager (OzoneManager.java:loadOMHAConfigs(587)) - Found matching OM address with OMServiceId: null, OMNodeId: null, RPC Address: localhost:0 and Ratis port: 9872
2019-07-13 20:47:59,738 WARN  server.ServerUtils (ServerUtils.java:getDBPath(222)) - ozone.om.db.dirs is not configured. We recommend adding this setting. Falling back to ozone.metadata.dirs instead.
2019-07-13 20:47:59,739 INFO  db.DBStoreBuilder (DBStoreBuilder.java:addTable(110)) - using custom profile for table: userTable
2019-07-13 20:47:59,739 INFO  db.DBStoreBuilder (DBStoreBuilder.java:processTables(161)) - Using default column profile:DBProfile.DISK for Table:userTable
2019-07-13 20:47:59,739 INFO  db.DBStoreBuilder (DBStoreBuilder.java:addTable(110)) - using custom profile for table: volumeTable
2019-07-13 20:47:59,739 INFO  db.DBStoreBuilder (DBStoreBuilder.java:processTables(161)) - Using default column profile:DBProfile.DISK for Table:volumeTable
2019-07-13 20:47:59,740 INFO  db.DBStoreBuilder (DBStoreBuilder.java:addTable(110)) - using custom profile for table: bucketTable
2019-07-13 20:47:59,740 INFO  db.DBStoreBuilder (DBStoreBuilder.java:processTables(161)) - Using default column profile:DBProfile.DISK for Table:bucketTable
2019-07-13 20:47:59,740 INFO  db.DBStoreBuilder (DBStoreBuilder.java:addTable(110)) - using custom profile for table: keyTable
2019-07-13 20:47:59,740 INFO  db.DBStoreBuilder (DBStoreBuilder.java:processTables(161)) - Using default column profile:DBProfile.DISK for Table:keyTable
2019-07-13 20:47:59,741 INFO  db.DBStoreBuilder (DBStoreBuilder.java:addTable(110)) - using custom profile for table: deletedTable
2019-07-13 20:47:59,741 INFO  db.DBStoreBuilder (DBStoreBuilder.java:processTables(161)) - Using default column profile:DBProfile.DISK for Table:deletedTable
2019-07-13 20:47:59,741 INFO  db.DBStoreBuilder (DBStoreBuilder.java:addTable(110)) - using custom profile for table: openKeyTable
2019-07-13 20:47:59,742 INFO  db.DBStoreBuilder (DBStoreBuilder.java:processTables(161)) - Using default column profile:DBProfile.DISK for Table:openKeyTable
2019-07-13 20:47:59,742 INFO  db.DBStoreBuilder (DBStoreBuilder.java:addTable(110)) - using custom profile for table: s3Table
2019-07-13 20:47:59,742 INFO  db.DBStoreBuilder (DBStoreBuilder.java:processTables(161)) - Using default column profile:DBProfile.DISK for Table:s3Table
2019-07-13 20:47:59,742 INFO  db.DBStoreBuilder (DBStoreBuilder.java:addTable(110)) - using custom profile for table: multipartInfoTable
2019-07-13 20:47:59,743 INFO  db.DBStoreBuilder (DBStoreBuilder.java:processTables(161)) - Using default column profile:DBProfile.DISK for Table:multipartInfoTable
2019-07-13 20:47:59,743 INFO  db.DBStoreBuilder (DBStoreBuilder.java:addTable(110)) - using custom profile for table: dTokenTable
2019-07-13 20:47:59,743 INFO  db.DBStoreBuilder (DBStoreBuilder.java:processTables(161)) - Using default column profile:DBProfile.DISK for Table:dTokenTable
2019-07-13 20:47:59,743 INFO  db.DBStoreBuilder (DBStoreBuilder.java:addTable(110)) - using custom profile for table: s3SecretTable
2019-07-13 20:47:59,743 INFO  db.DBStoreBuilder (DBStoreBuilder.java:processTables(161)) - Using default column profile:DBProfile.DISK for Table:s3SecretTable
2019-07-13 20:47:59,744 INFO  db.DBStoreBuilder (DBStoreBuilder.java:addTable(110)) - using custom profile for table: prefixTable
2019-07-13 20:47:59,744 INFO  db.DBStoreBuilder (DBStoreBuilder.java:processTables(161)) - Using default column profile:DBProfile.DISK for Table:prefixTable
2019-07-13 20:47:59,744 INFO  db.DBStoreBuilder (DBStoreBuilder.java:addTable(110)) - using custom profile for table: default
2019-07-13 20:47:59,744 INFO  db.DBStoreBuilder (DBStoreBuilder.java:processTables(167)) - Using default column profile:DBProfile.DISK for Table:default
2019-07-13 20:47:59,745 INFO  db.DBStoreBuilder (DBStoreBuilder.java:getDbProfile(198)) - Using default options. DBProfile.DISK
2019-07-13 20:48:00,131 INFO  ipc.CallQueueManager (CallQueueManager.java:<init>(84)) - Using callQueue: class java.util.concurrent.LinkedBlockingQueue, queueCapacity: 2000, scheduler: class org.apache.hadoop.ipc.DefaultRpcScheduler, ipcBackoff: false.
2019-07-13 20:48:00,132 INFO  ipc.Server (Server.java:run(1074)) - Starting Socket Reader #1 for port 44253
2019-07-13 20:48:00,168 WARN  server.ServerUtils (ServerUtils.java:getDBPath(222)) - ozone.om.db.dirs is not configured. We recommend adding this setting. Falling back to ozone.metadata.dirs instead.
2019-07-13 20:48:00,168 INFO  om.OzoneManager (OzoneManager.java:start(1228)) - OzoneManager RPC server is listening at localhost/127.0.0.1:44253
2019-07-13 20:48:00,169 INFO  impl.MetricsSystemImpl (MetricsSystemImpl.java:init(158)) - OzoneManager metrics system started (again)
2019-07-13 20:48:00,170 INFO  ipc.Server (Server.java:run(1314)) - IPC Server Responder: starting
2019-07-13 20:48:00,170 INFO  ipc.Server (Server.java:run(1153)) - IPC Server listener on 44253: starting
2019-07-13 20:48:00,206 INFO  hdfs.DFSUtil (DFSUtil.java:httpServerTemplateForNNAndJN(1641)) - Starting Web-server for ozoneManager at: http://0.0.0.0:0
2019-07-13 20:48:00,209 INFO  server.AuthenticationFilter (AuthenticationFilter.java:constructSecretProvider(240)) - Unable to initialize FileSignerSecretProvider, falling back to use random secrets.
2019-07-13 20:48:00,209 WARN  http.HttpRequestLog (HttpRequestLog.java:getRequestLog(97)) - Jetty request log can only be enabled using Log4j
2019-07-13 20:48:00,212 INFO  http.HttpServer2 (HttpServer2.java:addGlobalFilter(975)) - Added global filter 'safety' (class=org.apache.hadoop.http.HttpServer2$QuotingInputFilter)
2019-07-13 20:48:00,212 INFO  http.HttpServer2 (HttpServer2.java:addFilter(948)) - Added filter static_user_filter (class=org.apache.hadoop.http.lib.StaticUserWebFilter$StaticUserFilter) to context ozoneManager
2019-07-13 20:48:00,213 INFO  http.HttpServer2 (HttpServer2.java:addFilter(958)) - Added filter static_user_filter (class=org.apache.hadoop.http.lib.StaticUserWebFilter$StaticUserFilter) to context logs
2019-07-13 20:48:00,213 INFO  http.HttpServer2 (HttpServer2.java:addFilter(958)) - Added filter static_user_filter (class=org.apache.hadoop.http.lib.StaticUserWebFilter$StaticUserFilter) to context static
2019-07-13 20:48:00,214 INFO  http.HttpServer2 (HttpServer2.java:bindListener(1191)) - Jetty bound to port 40225
2019-07-13 20:48:00,214 INFO  server.Server (Server.java:doStart(351)) - jetty-9.3.24.v20180605, build timestamp: 2018-06-05T17:11:56Z, git hash: 84205aa28f11a4f31f2a3b86d1bba2cc8ab69827
2019-07-13 20:48:00,217 INFO  handler.ContextHandler (ContextHandler.java:doStart(781)) - Started o.e.j.s.ServletContextHandler@51eeae0a{/logs,file:///tmp/workdir/hadoop-ozone/integration-test/target/log,AVAILABLE}
2019-07-13 20:48:00,218 INFO  handler.ContextHandler (ContextHandler.java:doStart(781)) - Started o.e.j.s.ServletContextHandler@55589ef5{/static,file:///tmp/workdir/hadoop-ozone/integration-test/target/test-classes/webapps/static,AVAILABLE}
2019-07-13 20:48:00,223 INFO  handler.ContextHandler (ContextHandler.java:doStart(781)) - Started o.e.j.w.WebAppContext@6894436e{/,file:///tmp/workdir/hadoop-ozone/integration-test/target/test-classes/webapps/ozoneManager/,AVAILABLE}{/ozoneManager}
2019-07-13 20:48:00,224 INFO  server.AbstractConnector (AbstractConnector.java:doStart(278)) - Started ServerConnector@3f2feab7{HTTP/1.1,[http/1.1]}{0.0.0.0:40225}
2019-07-13 20:48:00,231 INFO  server.Server (Server.java:doStart(419)) - Started @95031ms
2019-07-13 20:48:00,236 INFO  server.BaseHttpServer (BaseHttpServer.java:updateConnectorAddress(207)) - HTTP server of OZONEMANAGER is listening at http://0.0.0.0:40225
2019-07-13 20:48:00,254 INFO  impl.MetricsSystemImpl (MetricsSystemImpl.java:init(158)) - HddsDatanode metrics system started (again)
2019-07-13 20:48:00,255 INFO  ozone.HddsDatanodeService (HddsDatanodeService.java:start(185)) - HddsDatanodeService host:trunk-nightly-6qp7m-2461138711 ip:192.168.5.168
2019-07-13 20:48:00,277 INFO  volume.HddsVolume (HddsVolume.java:<init>(176)) - Creating Volume: /tmp/workdir/hadoop-ozone/integration-test/target/test-dir/MiniOzoneClusterImpl-b8e9a504-9fd0-40e1-9c94-ee4b607361f6/datanode-0/data/containers/hdds of  storage type : DISK and capacity : 52710309888
2019-07-13 20:48:00,278 INFO  volume.VolumeSet (VolumeSet.java:initializeVolumeSet(170)) - Added Volume : /tmp/workdir/hadoop-ozone/integration-test/target/test-dir/MiniOzoneClusterImpl-b8e9a504-9fd0-40e1-9c94-ee4b607361f6/datanode-0/data/containers/hdds to VolumeSet
2019-07-13 20:48:00,278 INFO  volume.ThrottledAsyncChecker (ThrottledAsyncChecker.java:schedule(140)) - Scheduling a check for org.apache.hadoop.ozone.container.common.volume.HddsVolume@d8cece4
2019-07-13 20:48:00,279 INFO  volume.HddsVolumeChecker (HddsVolumeChecker.java:checkAllVolumes(203)) - Scheduled health check for volume org.apache.hadoop.ozone.container.common.volume.HddsVolume@d8cece4
2019-07-13 20:48:00,309 INFO  impl.RaftServerProxy (ConfUtils.java:logGet(43)) - raft.rpc.type = GRPC (default)
2019-07-13 20:48:00,309 INFO  grpc.GrpcFactory (GrpcFactory.java:checkPooledByteBufAllocatorUseCacheForAllThreads(45)) - PERFORMANCE WARNING: useCacheForAllThreads is true that may cause Netty to create a lot garbage objects and, as a result, trigger GC.
	It is recommended to disable useCacheForAllThreads by setting -Dorg.apache.ratis.thirdparty.io.netty.allocator.useCacheForAllThreads=false in command line.
2019-07-13 20:48:00,309 INFO  grpc.GrpcConfigKeys$Server (ConfUtils.java:logGet(43)) - raft.grpc.server.port = 0 (default)
2019-07-13 20:48:00,310 INFO  server.GrpcService (ConfUtils.java:logGet(43)) - raft.grpc.message.size.max = 33570816 (custom)
2019-07-13 20:48:00,310 INFO  server.RaftServerConfigKeys (ConfUtils.java:logGet(43)) - raft.server.log.appender.buffer.byte-limit = 33554432 (custom)
2019-07-13 20:48:00,310 INFO  server.GrpcService (ConfUtils.java:logGet(43)) - raft.grpc.flow.control.window = 1MB (=1048576) (default)
2019-07-13 20:48:00,310 INFO  server.RaftServerConfigKeys (ConfUtils.java:logGet(43)) - raft.server.rpc.request.timeout = 3000ms (default)
2019-07-13 20:48:00,311 INFO  server.RaftServerConfigKeys (ConfUtils.java:logGet(43)) - raft.server.storage.dir = [/tmp/workdir/hadoop-ozone/integration-test/target/test-dir/MiniOzoneClusterImpl-b8e9a504-9fd0-40e1-9c94-ee4b607361f6/datanode-0/data/ratis] (custom)
2019-07-13 20:48:00,312 INFO  replication.SimpleContainerDownloader (SimpleContainerDownloader.java:<init>(72)) - Starting container downloader service to copy containers to replicate.
2019-07-13 20:48:00,313 INFO  hdfs.DFSUtil (DFSUtil.java:httpServerTemplateForNNAndJN(1641)) - Starting Web-server for hddsDatanode at: http://0.0.0.0:0
2019-07-13 20:48:00,314 INFO  server.AuthenticationFilter (AuthenticationFilter.java:constructSecretProvider(240)) - Unable to initialize FileSignerSecretProvider, falling back to use random secrets.
2019-07-13 20:48:00,315 WARN  http.HttpRequestLog (HttpRequestLog.java:getRequestLog(97)) - Jetty request log can only be enabled using Log4j
2019-07-13 20:48:00,317 INFO  http.HttpServer2 (HttpServer2.java:addGlobalFilter(975)) - Added global filter 'safety' (class=org.apache.hadoop.http.HttpServer2$QuotingInputFilter)
2019-07-13 20:48:00,318 INFO  http.HttpServer2 (HttpServer2.java:addFilter(948)) - Added filter static_user_filter (class=org.apache.hadoop.http.lib.StaticUserWebFilter$StaticUserFilter) to context hddsDatanode
2019-07-13 20:48:00,318 INFO  http.HttpServer2 (HttpServer2.java:addFilter(958)) - Added filter static_user_filter (class=org.apache.hadoop.http.lib.StaticUserWebFilter$StaticUserFilter) to context logs
2019-07-13 20:48:00,318 INFO  http.HttpServer2 (HttpServer2.java:addFilter(958)) - Added filter static_user_filter (class=org.apache.hadoop.http.lib.StaticUserWebFilter$StaticUserFilter) to context static
2019-07-13 20:48:00,319 INFO  http.HttpServer2 (HttpServer2.java:bindListener(1191)) - Jetty bound to port 46250
2019-07-13 20:48:00,319 INFO  server.Server (Server.java:doStart(351)) - jetty-9.3.24.v20180605, build timestamp: 2018-06-05T17:11:56Z, git hash: 84205aa28f11a4f31f2a3b86d1bba2cc8ab69827
2019-07-13 20:48:00,321 INFO  handler.ContextHandler (ContextHandler.java:doStart(781)) - Started o.e.j.s.ServletContextHandler@9e092b5{/logs,file:///tmp/workdir/hadoop-ozone/integration-test/target/log,AVAILABLE}
2019-07-13 20:48:00,322 INFO  handler.ContextHandler (ContextHandler.java:doStart(781)) - Started o.e.j.s.ServletContextHandler@158cb50a{/static,jar:file:/home/user/.m2/repository/org/apache/hadoop/hadoop-hdds-container-service/0.5.0-SNAPSHOT/hadoop-hdds-container-service-0.5.0-SNAPSHOT.jar!/webapps/static,AVAILABLE}
2019-07-13 20:48:00,361 INFO  handler.ContextHandler (ContextHandler.java:doStart(781)) - Started o.e.j.w.WebAppContext@5e0602ff{/,file:///tmp/jetty-0.0.0.0-46250-hddsDatanode-_-any-9158353332788900420.dir/webapp/,AVAILABLE}{/hddsDatanode}
2019-07-13 20:48:00,362 INFO  server.AbstractConnector (AbstractConnector.java:doStart(278)) - Started ServerConnector@1a865ebf{HTTP/1.1,[http/1.1]}{0.0.0.0:46250}
2019-07-13 20:48:00,368 INFO  server.Server (Server.java:doStart(419)) - Started @95169ms
2019-07-13 20:48:00,369 INFO  server.BaseHttpServer (BaseHttpServer.java:updateConnectorAddress(207)) - HTTP server of HDDSDATANODE is listening at http://0.0.0.0:46250
2019-07-13 20:48:00,505 INFO  ozone.HddsDatanodeService (HddsDatanodeService.java:startPlugins(396)) - Started plug-in org.apache.hadoop.ozone.web.OzoneHddsDatanodeService@34dda1b4
2019-07-13 20:48:00,506 INFO  impl.MetricsSystemImpl (MetricsSystemImpl.java:init(158)) - HddsDatanode metrics system started (again)
2019-07-13 20:48:00,506 INFO  ozone.HddsDatanodeService (HddsDatanodeService.java:start(185)) - HddsDatanodeService host:trunk-nightly-6qp7m-2461138711 ip:192.168.5.168
2019-07-13 20:48:00,507 INFO  util.JvmPauseMonitor (JvmPauseMonitor.java:run(188)) - Starting JVM pause monitor
2019-07-13 20:48:00,509 INFO  datanode.InitDatanodeState (InitDatanodeState.java:persistContainerDatanodeDetails(140)) - DatanodeDetails is persisted to /tmp/workdir/hadoop-ozone/integration-test/target/test-dir/MiniOzoneClusterImpl-b8e9a504-9fd0-40e1-9c94-ee4b607361f6/datanode-0/meta/datanode.id
2019-07-13 20:48:00,534 INFO  volume.HddsVolume (HddsVolume.java:<init>(176)) - Creating Volume: /tmp/workdir/hadoop-ozone/integration-test/target/test-dir/MiniOzoneClusterImpl-b8e9a504-9fd0-40e1-9c94-ee4b607361f6/datanode-1/data/containers/hdds of  storage type : DISK and capacity : 52710309888
2019-07-13 20:48:00,534 INFO  volume.VolumeSet (VolumeSet.java:initializeVolumeSet(170)) - Added Volume : /tmp/workdir/hadoop-ozone/integration-test/target/test-dir/MiniOzoneClusterImpl-b8e9a504-9fd0-40e1-9c94-ee4b607361f6/datanode-1/data/containers/hdds to VolumeSet
2019-07-13 20:48:00,535 INFO  volume.ThrottledAsyncChecker (ThrottledAsyncChecker.java:schedule(140)) - Scheduling a check for org.apache.hadoop.ozone.container.common.volume.HddsVolume@5bb90b89
2019-07-13 20:48:00,535 INFO  volume.HddsVolumeChecker (HddsVolumeChecker.java:checkAllVolumes(203)) - Scheduled health check for volume org.apache.hadoop.ozone.container.common.volume.HddsVolume@5bb90b89
2019-07-13 20:48:00,559 INFO  impl.RaftServerProxy (ConfUtils.java:logGet(43)) - raft.rpc.type = GRPC (default)
2019-07-13 20:48:00,559 INFO  grpc.GrpcFactory (GrpcFactory.java:checkPooledByteBufAllocatorUseCacheForAllThreads(45)) - PERFORMANCE WARNING: useCacheForAllThreads is true that may cause Netty to create a lot garbage objects and, as a result, trigger GC.
	It is recommended to disable useCacheForAllThreads by setting -Dorg.apache.ratis.thirdparty.io.netty.allocator.useCacheForAllThreads=false in command line.
2019-07-13 20:48:00,559 INFO  grpc.GrpcConfigKeys$Server (ConfUtils.java:logGet(43)) - raft.grpc.server.port = 0 (default)
2019-07-13 20:48:00,560 INFO  server.GrpcService (ConfUtils.java:logGet(43)) - raft.grpc.message.size.max = 33570816 (custom)
2019-07-13 20:48:00,560 INFO  server.RaftServerConfigKeys (ConfUtils.java:logGet(43)) - raft.server.log.appender.buffer.byte-limit = 33554432 (custom)
2019-07-13 20:48:00,560 INFO  server.GrpcService (ConfUtils.java:logGet(43)) - raft.grpc.flow.control.window = 1MB (=1048576) (default)
2019-07-13 20:48:00,560 INFO  server.RaftServerConfigKeys (ConfUtils.java:logGet(43)) - raft.server.rpc.request.timeout = 3000ms (default)
2019-07-13 20:48:00,561 INFO  server.RaftServerConfigKeys (ConfUtils.java:logGet(43)) - raft.server.storage.dir = [/tmp/workdir/hadoop-ozone/integration-test/target/test-dir/MiniOzoneClusterImpl-b8e9a504-9fd0-40e1-9c94-ee4b607361f6/datanode-1/data/ratis] (custom)
2019-07-13 20:48:00,561 INFO  replication.SimpleContainerDownloader (SimpleContainerDownloader.java:<init>(72)) - Starting container downloader service to copy containers to replicate.
2019-07-13 20:48:00,562 INFO  hdfs.DFSUtil (DFSUtil.java:httpServerTemplateForNNAndJN(1641)) - Starting Web-server for hddsDatanode at: http://0.0.0.0:0
2019-07-13 20:48:00,564 INFO  server.AuthenticationFilter (AuthenticationFilter.java:constructSecretProvider(240)) - Unable to initialize FileSignerSecretProvider, falling back to use random secrets.
2019-07-13 20:48:00,564 WARN  http.HttpRequestLog (HttpRequestLog.java:getRequestLog(97)) - Jetty request log can only be enabled using Log4j
2019-07-13 20:48:00,566 INFO  http.HttpServer2 (HttpServer2.java:addGlobalFilter(975)) - Added global filter 'safety' (class=org.apache.hadoop.http.HttpServer2$QuotingInputFilter)
2019-07-13 20:48:00,566 INFO  http.HttpServer2 (HttpServer2.java:addFilter(948)) - Added filter static_user_filter (class=org.apache.hadoop.http.lib.StaticUserWebFilter$StaticUserFilter) to context hddsDatanode
2019-07-13 20:48:00,566 INFO  http.HttpServer2 (HttpServer2.java:addFilter(958)) - Added filter static_user_filter (class=org.apache.hadoop.http.lib.StaticUserWebFilter$StaticUserFilter) to context static
2019-07-13 20:48:00,566 INFO  http.HttpServer2 (HttpServer2.java:addFilter(958)) - Added filter static_user_filter (class=org.apache.hadoop.http.lib.StaticUserWebFilter$StaticUserFilter) to context logs
2019-07-13 20:48:00,567 INFO  http.HttpServer2 (HttpServer2.java:bindListener(1191)) - Jetty bound to port 45024
2019-07-13 20:48:00,567 INFO  server.Server (Server.java:doStart(351)) - jetty-9.3.24.v20180605, build timestamp: 2018-06-05T17:11:56Z, git hash: 84205aa28f11a4f31f2a3b86d1bba2cc8ab69827
2019-07-13 20:48:00,569 INFO  handler.ContextHandler (ContextHandler.java:doStart(781)) - Started o.e.j.s.ServletContextHandler@58dea0a7{/logs,file:///tmp/workdir/hadoop-ozone/integration-test/target/log,AVAILABLE}
2019-07-13 20:48:00,570 INFO  handler.ContextHandler (ContextHandler.java:doStart(781)) - Started o.e.j.s.ServletContextHandler@18c95fbb{/static,jar:file:/home/user/.m2/repository/org/apache/hadoop/hadoop-hdds-container-service/0.5.0-SNAPSHOT/hadoop-hdds-container-service-0.5.0-SNAPSHOT.jar!/webapps/static,AVAILABLE}
2019-07-13 20:48:00,602 INFO  handler.ContextHandler (ContextHandler.java:doStart(781)) - Started o.e.j.w.WebAppContext@5a0b550a{/,file:///tmp/jetty-0.0.0.0-45024-hddsDatanode-_-any-4800009358382955411.dir/webapp/,AVAILABLE}{/hddsDatanode}
2019-07-13 20:48:00,602 INFO  server.AbstractConnector (AbstractConnector.java:doStart(278)) - Started ServerConnector@3390621a{HTTP/1.1,[http/1.1]}{0.0.0.0:45024}
2019-07-13 20:48:00,609 INFO  server.Server (Server.java:doStart(419)) - Started @95409ms
2019-07-13 20:48:00,609 INFO  server.BaseHttpServer (BaseHttpServer.java:updateConnectorAddress(207)) - HTTP server of HDDSDATANODE is listening at http://0.0.0.0:45024
2019-07-13 20:48:00,780 INFO  ozone.HddsDatanodeService (HddsDatanodeService.java:startPlugins(396)) - Started plug-in org.apache.hadoop.ozone.web.OzoneHddsDatanodeService@6c427386
2019-07-13 20:48:00,781 INFO  impl.MetricsSystemImpl (MetricsSystemImpl.java:init(158)) - HddsDatanode metrics system started (again)
2019-07-13 20:48:00,781 INFO  ozone.HddsDatanodeService (HddsDatanodeService.java:start(185)) - HddsDatanodeService host:trunk-nightly-6qp7m-2461138711 ip:192.168.5.168
2019-07-13 20:48:00,782 INFO  util.JvmPauseMonitor (JvmPauseMonitor.java:run(188)) - Starting JVM pause monitor
2019-07-13 20:48:00,784 INFO  datanode.InitDatanodeState (InitDatanodeState.java:persistContainerDatanodeDetails(140)) - DatanodeDetails is persisted to /tmp/workdir/hadoop-ozone/integration-test/target/test-dir/MiniOzoneClusterImpl-b8e9a504-9fd0-40e1-9c94-ee4b607361f6/datanode-1/meta/datanode.id
2019-07-13 20:48:00,803 INFO  volume.HddsVolume (HddsVolume.java:<init>(176)) - Creating Volume: /tmp/workdir/hadoop-ozone/integration-test/target/test-dir/MiniOzoneClusterImpl-b8e9a504-9fd0-40e1-9c94-ee4b607361f6/datanode-2/data/containers/hdds of  storage type : DISK and capacity : 52710309888
2019-07-13 20:48:00,803 INFO  volume.VolumeSet (VolumeSet.java:initializeVolumeSet(170)) - Added Volume : /tmp/workdir/hadoop-ozone/integration-test/target/test-dir/MiniOzoneClusterImpl-b8e9a504-9fd0-40e1-9c94-ee4b607361f6/datanode-2/data/containers/hdds to VolumeSet
2019-07-13 20:48:00,803 INFO  volume.ThrottledAsyncChecker (ThrottledAsyncChecker.java:schedule(140)) - Scheduling a check for org.apache.hadoop.ozone.container.common.volume.HddsVolume@2b4675db
2019-07-13 20:48:00,804 INFO  volume.HddsVolumeChecker (HddsVolumeChecker.java:checkAllVolumes(203)) - Scheduled health check for volume org.apache.hadoop.ozone.container.common.volume.HddsVolume@2b4675db
2019-07-13 20:48:00,836 INFO  impl.RaftServerProxy (ConfUtils.java:logGet(43)) - raft.rpc.type = GRPC (default)
2019-07-13 20:48:00,837 INFO  grpc.GrpcFactory (GrpcFactory.java:checkPooledByteBufAllocatorUseCacheForAllThreads(45)) - PERFORMANCE WARNING: useCacheForAllThreads is true that may cause Netty to create a lot garbage objects and, as a result, trigger GC.
	It is recommended to disable useCacheForAllThreads by setting -Dorg.apache.ratis.thirdparty.io.netty.allocator.useCacheForAllThreads=false in command line.
2019-07-13 20:48:00,837 INFO  grpc.GrpcConfigKeys$Server (ConfUtils.java:logGet(43)) - raft.grpc.server.port = 0 (default)
2019-07-13 20:48:00,837 INFO  server.GrpcService (ConfUtils.java:logGet(43)) - raft.grpc.message.size.max = 33570816 (custom)
2019-07-13 20:48:00,838 INFO  server.RaftServerConfigKeys (ConfUtils.java:logGet(43)) - raft.server.log.appender.buffer.byte-limit = 33554432 (custom)
2019-07-13 20:48:00,838 INFO  server.GrpcService (ConfUtils.java:logGet(43)) - raft.grpc.flow.control.window = 1MB (=1048576) (default)
2019-07-13 20:48:00,838 INFO  server.RaftServerConfigKeys (ConfUtils.java:logGet(43)) - raft.server.rpc.request.timeout = 3000ms (default)
2019-07-13 20:48:00,839 INFO  server.RaftServerConfigKeys (ConfUtils.java:logGet(43)) - raft.server.storage.dir = [/tmp/workdir/hadoop-ozone/integration-test/target/test-dir/MiniOzoneClusterImpl-b8e9a504-9fd0-40e1-9c94-ee4b607361f6/datanode-2/data/ratis] (custom)
2019-07-13 20:48:00,839 INFO  replication.SimpleContainerDownloader (SimpleContainerDownloader.java:<init>(72)) - Starting container downloader service to copy containers to replicate.
2019-07-13 20:48:00,841 INFO  hdfs.DFSUtil (DFSUtil.java:httpServerTemplateForNNAndJN(1641)) - Starting Web-server for hddsDatanode at: http://0.0.0.0:0
2019-07-13 20:48:00,842 INFO  server.AuthenticationFilter (AuthenticationFilter.java:constructSecretProvider(240)) - Unable to initialize FileSignerSecretProvider, falling back to use random secrets.
2019-07-13 20:48:00,843 WARN  http.HttpRequestLog (HttpRequestLog.java:getRequestLog(97)) - Jetty request log can only be enabled using Log4j
2019-07-13 20:48:00,845 INFO  http.HttpServer2 (HttpServer2.java:addGlobalFilter(975)) - Added global filter 'safety' (class=org.apache.hadoop.http.HttpServer2$QuotingInputFilter)
2019-07-13 20:48:00,845 INFO  http.HttpServer2 (HttpServer2.java:addFilter(948)) - Added filter static_user_filter (class=org.apache.hadoop.http.lib.StaticUserWebFilter$StaticUserFilter) to context hddsDatanode
2019-07-13 20:48:00,845 INFO  http.HttpServer2 (HttpServer2.java:addFilter(958)) - Added filter static_user_filter (class=org.apache.hadoop.http.lib.StaticUserWebFilter$StaticUserFilter) to context logs
2019-07-13 20:48:00,846 INFO  http.HttpServer2 (HttpServer2.java:addFilter(958)) - Added filter static_user_filter (class=org.apache.hadoop.http.lib.StaticUserWebFilter$StaticUserFilter) to context static
2019-07-13 20:48:00,847 INFO  http.HttpServer2 (HttpServer2.java:bindListener(1191)) - Jetty bound to port 42898
2019-07-13 20:48:00,847 INFO  server.Server (Server.java:doStart(351)) - jetty-9.3.24.v20180605, build timestamp: 2018-06-05T17:11:56Z, git hash: 84205aa28f11a4f31f2a3b86d1bba2cc8ab69827
2019-07-13 20:48:00,849 INFO  handler.ContextHandler (ContextHandler.java:doStart(781)) - Started o.e.j.s.ServletContextHandler@798d8247{/logs,file:///tmp/workdir/hadoop-ozone/integration-test/target/log,AVAILABLE}
2019-07-13 20:48:00,850 INFO  handler.ContextHandler (ContextHandler.java:doStart(781)) - Started o.e.j.s.ServletContextHandler@46d83ec4{/static,jar:file:/home/user/.m2/repository/org/apache/hadoop/hadoop-hdds-container-service/0.5.0-SNAPSHOT/hadoop-hdds-container-service-0.5.0-SNAPSHOT.jar!/webapps/static,AVAILABLE}
2019-07-13 20:48:00,883 INFO  handler.ContextHandler (ContextHandler.java:doStart(781)) - Started o.e.j.w.WebAppContext@6b8683b8{/,file:///tmp/jetty-0.0.0.0-42898-hddsDatanode-_-any-6233005020723571748.dir/webapp/,AVAILABLE}{/hddsDatanode}
2019-07-13 20:48:00,883 INFO  server.AbstractConnector (AbstractConnector.java:doStart(278)) - Started ServerConnector@495598c5{HTTP/1.1,[http/1.1]}{0.0.0.0:42898}
2019-07-13 20:48:00,890 INFO  server.Server (Server.java:doStart(419)) - Started @95691ms
2019-07-13 20:48:00,891 INFO  server.BaseHttpServer (BaseHttpServer.java:updateConnectorAddress(207)) - HTTP server of HDDSDATANODE is listening at http://0.0.0.0:42898
2019-07-13 20:48:01,099 WARN  server.GrpcLogAppender (LogUtils.java:warn(134)) - 271550d9-1512-4bf5-aaa9-af0d36b1f2e7->aa0bc247-12f0-4aa6-87db-fc23e750d426: Failed appendEntries: org.apache.ratis.thirdparty.io.grpc.StatusRuntimeException: UNAVAILABLE: io exception
2019-07-13 20:48:01,099 WARN  server.GrpcLogAppender (LogUtils.java:warn(134)) - 271550d9-1512-4bf5-aaa9-af0d36b1f2e7->05e77c5e-e1f6-4c07-aa64-b75593fc2a63: Failed appendEntries: org.apache.ratis.thirdparty.io.grpc.StatusRuntimeException: UNAVAILABLE: io exception
2019-07-13 20:48:01,100 INFO  impl.FollowerInfo (FollowerInfo.java:lambda$new$0(50)) - 271550d9-1512-4bf5-aaa9-af0d36b1f2e7->aa0bc247-12f0-4aa6-87db-fc23e750d426: nextIndex: updateUnconditionally 0 -> 0
2019-07-13 20:48:01,100 INFO  impl.FollowerInfo (FollowerInfo.java:lambda$new$0(50)) - 271550d9-1512-4bf5-aaa9-af0d36b1f2e7->05e77c5e-e1f6-4c07-aa64-b75593fc2a63: nextIndex: updateUnconditionally 0 -> 0
2019-07-13 20:48:01,301 INFO  ozone.HddsDatanodeService (HddsDatanodeService.java:startPlugins(396)) - Started plug-in org.apache.hadoop.ozone.web.OzoneHddsDatanodeService@4e58eda2
2019-07-13 20:48:01,301 INFO  impl.MetricsSystemImpl (MetricsSystemImpl.java:init(158)) - HddsDatanode metrics system started (again)
2019-07-13 20:48:01,301 INFO  ozone.HddsDatanodeService (HddsDatanodeService.java:start(185)) - HddsDatanodeService host:trunk-nightly-6qp7m-2461138711 ip:192.168.5.168
2019-07-13 20:48:01,303 INFO  util.JvmPauseMonitor (JvmPauseMonitor.java:run(188)) - Starting JVM pause monitor
2019-07-13 20:48:01,304 INFO  datanode.InitDatanodeState (InitDatanodeState.java:persistContainerDatanodeDetails(140)) - DatanodeDetails is persisted to /tmp/workdir/hadoop-ozone/integration-test/target/test-dir/MiniOzoneClusterImpl-b8e9a504-9fd0-40e1-9c94-ee4b607361f6/datanode-2/meta/datanode.id
2019-07-13 20:48:01,326 INFO  volume.HddsVolume (HddsVolume.java:<init>(176)) - Creating Volume: /tmp/workdir/hadoop-ozone/integration-test/target/test-dir/MiniOzoneClusterImpl-b8e9a504-9fd0-40e1-9c94-ee4b607361f6/datanode-3/data/containers/hdds of  storage type : DISK and capacity : 52710309888
2019-07-13 20:48:01,327 INFO  volume.VolumeSet (VolumeSet.java:initializeVolumeSet(170)) - Added Volume : /tmp/workdir/hadoop-ozone/integration-test/target/test-dir/MiniOzoneClusterImpl-b8e9a504-9fd0-40e1-9c94-ee4b607361f6/datanode-3/data/containers/hdds to VolumeSet
2019-07-13 20:48:01,327 INFO  volume.ThrottledAsyncChecker (ThrottledAsyncChecker.java:schedule(140)) - Scheduling a check for org.apache.hadoop.ozone.container.common.volume.HddsVolume@5c438795
2019-07-13 20:48:01,327 INFO  volume.HddsVolumeChecker (HddsVolumeChecker.java:checkAllVolumes(203)) - Scheduled health check for volume org.apache.hadoop.ozone.container.common.volume.HddsVolume@5c438795
2019-07-13 20:48:01,349 INFO  impl.RaftServerProxy (ConfUtils.java:logGet(43)) - raft.rpc.type = GRPC (default)
2019-07-13 20:48:01,350 INFO  grpc.GrpcFactory (GrpcFactory.java:checkPooledByteBufAllocatorUseCacheForAllThreads(45)) - PERFORMANCE WARNING: useCacheForAllThreads is true that may cause Netty to create a lot garbage objects and, as a result, trigger GC.
	It is recommended to disable useCacheForAllThreads by setting -Dorg.apache.ratis.thirdparty.io.netty.allocator.useCacheForAllThreads=false in command line.
2019-07-13 20:48:01,350 INFO  grpc.GrpcConfigKeys$Server (ConfUtils.java:logGet(43)) - raft.grpc.server.port = 0 (default)
2019-07-13 20:48:01,350 INFO  server.GrpcService (ConfUtils.java:logGet(43)) - raft.grpc.message.size.max = 33570816 (custom)
2019-07-13 20:48:01,350 INFO  server.RaftServerConfigKeys (ConfUtils.java:logGet(43)) - raft.server.log.appender.buffer.byte-limit = 33554432 (custom)
2019-07-13 20:48:01,350 INFO  server.GrpcService (ConfUtils.java:logGet(43)) - raft.grpc.flow.control.window = 1MB (=1048576) (default)
2019-07-13 20:48:01,351 INFO  server.RaftServerConfigKeys (ConfUtils.java:logGet(43)) - raft.server.rpc.request.timeout = 3000ms (default)
2019-07-13 20:48:01,351 INFO  server.RaftServerConfigKeys (ConfUtils.java:logGet(43)) - raft.server.storage.dir = [/tmp/workdir/hadoop-ozone/integration-test/target/test-dir/MiniOzoneClusterImpl-b8e9a504-9fd0-40e1-9c94-ee4b607361f6/datanode-3/data/ratis] (custom)
2019-07-13 20:48:01,351 INFO  replication.SimpleContainerDownloader (SimpleContainerDownloader.java:<init>(72)) - Starting container downloader service to copy containers to replicate.
2019-07-13 20:48:01,353 INFO  hdfs.DFSUtil (DFSUtil.java:httpServerTemplateForNNAndJN(1641)) - Starting Web-server for hddsDatanode at: http://0.0.0.0:0
2019-07-13 20:48:01,354 INFO  server.AuthenticationFilter (AuthenticationFilter.java:constructSecretProvider(240)) - Unable to initialize FileSignerSecretProvider, falling back to use random secrets.
2019-07-13 20:48:01,354 WARN  http.HttpRequestLog (HttpRequestLog.java:getRequestLog(97)) - Jetty request log can only be enabled using Log4j
2019-07-13 20:48:01,355 INFO  http.HttpServer2 (HttpServer2.java:addGlobalFilter(975)) - Added global filter 'safety' (class=org.apache.hadoop.http.HttpServer2$QuotingInputFilter)
2019-07-13 20:48:01,356 INFO  http.HttpServer2 (HttpServer2.java:addFilter(948)) - Added filter static_user_filter (class=org.apache.hadoop.http.lib.StaticUserWebFilter$StaticUserFilter) to context hddsDatanode
2019-07-13 20:48:01,356 INFO  http.HttpServer2 (HttpServer2.java:addFilter(958)) - Added filter static_user_filter (class=org.apache.hadoop.http.lib.StaticUserWebFilter$StaticUserFilter) to context logs
2019-07-13 20:48:01,356 INFO  http.HttpServer2 (HttpServer2.java:addFilter(958)) - Added filter static_user_filter (class=org.apache.hadoop.http.lib.StaticUserWebFilter$StaticUserFilter) to context static
2019-07-13 20:48:01,357 INFO  http.HttpServer2 (HttpServer2.java:bindListener(1191)) - Jetty bound to port 42746
2019-07-13 20:48:01,357 INFO  server.Server (Server.java:doStart(351)) - jetty-9.3.24.v20180605, build timestamp: 2018-06-05T17:11:56Z, git hash: 84205aa28f11a4f31f2a3b86d1bba2cc8ab69827
2019-07-13 20:48:01,359 INFO  handler.ContextHandler (ContextHandler.java:doStart(781)) - Started o.e.j.s.ServletContextHandler@6e818345{/logs,file:///tmp/workdir/hadoop-ozone/integration-test/target/log,AVAILABLE}
2019-07-13 20:48:01,359 INFO  handler.ContextHandler (ContextHandler.java:doStart(781)) - Started o.e.j.s.ServletContextHandler@1235732d{/static,jar:file:/home/user/.m2/repository/org/apache/hadoop/hadoop-hdds-container-service/0.5.0-SNAPSHOT/hadoop-hdds-container-service-0.5.0-SNAPSHOT.jar!/webapps/static,AVAILABLE}
2019-07-13 20:48:01,387 INFO  handler.ContextHandler (ContextHandler.java:doStart(781)) - Started o.e.j.w.WebAppContext@42fc744{/,file:///tmp/jetty-0.0.0.0-42746-hddsDatanode-_-any-7277764976732728605.dir/webapp/,AVAILABLE}{/hddsDatanode}
2019-07-13 20:48:01,387 INFO  server.AbstractConnector (AbstractConnector.java:doStart(278)) - Started ServerConnector@3db145f7{HTTP/1.1,[http/1.1]}{0.0.0.0:42746}
2019-07-13 20:48:01,394 INFO  server.Server (Server.java:doStart(419)) - Started @96194ms
2019-07-13 20:48:01,394 INFO  server.BaseHttpServer (BaseHttpServer.java:updateConnectorAddress(207)) - HTTP server of HDDSDATANODE is listening at http://0.0.0.0:42746
2019-07-13 20:48:01,447 WARN  server.GrpcLogAppender (LogUtils.java:warn(134)) - a821c51a-654e-405d-8a70-0a883c22ff18->4f108adb-2142-4e92-bf39-b48875c9ade4: Failed appendEntries: org.apache.ratis.thirdparty.io.grpc.StatusRuntimeException: UNAVAILABLE: io exception
2019-07-13 20:48:01,448 INFO  impl.FollowerInfo (FollowerInfo.java:lambda$new$0(50)) - a821c51a-654e-405d-8a70-0a883c22ff18->4f108adb-2142-4e92-bf39-b48875c9ade4: nextIndex: updateUnconditionally 0 -> 0
2019-07-13 20:48:01,448 WARN  server.GrpcLogAppender (LogUtils.java:warn(134)) - a821c51a-654e-405d-8a70-0a883c22ff18->ab218066-181d-46b2-9ec7-7fa1ad867f1c: Failed appendEntries: org.apache.ratis.thirdparty.io.grpc.StatusRuntimeException: UNAVAILABLE: io exception
2019-07-13 20:48:01,449 INFO  impl.FollowerInfo (FollowerInfo.java:lambda$new$0(50)) - a821c51a-654e-405d-8a70-0a883c22ff18->ab218066-181d-46b2-9ec7-7fa1ad867f1c: nextIndex: updateUnconditionally 0 -> 0
2019-07-13 20:48:01,531 INFO  ozone.HddsDatanodeService (HddsDatanodeService.java:startPlugins(396)) - Started plug-in org.apache.hadoop.ozone.web.OzoneHddsDatanodeService@e00c94e
2019-07-13 20:48:01,531 INFO  impl.MetricsSystemImpl (MetricsSystemImpl.java:init(158)) - HddsDatanode metrics system started (again)
2019-07-13 20:48:01,532 INFO  ozone.HddsDatanodeService (HddsDatanodeService.java:start(185)) - HddsDatanodeService host:trunk-nightly-6qp7m-2461138711 ip:192.168.5.168
2019-07-13 20:48:01,533 INFO  util.JvmPauseMonitor (JvmPauseMonitor.java:run(188)) - Starting JVM pause monitor
2019-07-13 20:48:01,534 INFO  datanode.InitDatanodeState (InitDatanodeState.java:persistContainerDatanodeDetails(140)) - DatanodeDetails is persisted to /tmp/workdir/hadoop-ozone/integration-test/target/test-dir/MiniOzoneClusterImpl-b8e9a504-9fd0-40e1-9c94-ee4b607361f6/datanode-3/meta/datanode.id
2019-07-13 20:48:01,552 INFO  volume.HddsVolume (HddsVolume.java:<init>(176)) - Creating Volume: /tmp/workdir/hadoop-ozone/integration-test/target/test-dir/MiniOzoneClusterImpl-b8e9a504-9fd0-40e1-9c94-ee4b607361f6/datanode-4/data/containers/hdds of  storage type : DISK and capacity : 52710309888
2019-07-13 20:48:01,552 INFO  volume.VolumeSet (VolumeSet.java:initializeVolumeSet(170)) - Added Volume : /tmp/workdir/hadoop-ozone/integration-test/target/test-dir/MiniOzoneClusterImpl-b8e9a504-9fd0-40e1-9c94-ee4b607361f6/datanode-4/data/containers/hdds to VolumeSet
2019-07-13 20:48:01,552 INFO  volume.ThrottledAsyncChecker (ThrottledAsyncChecker.java:schedule(140)) - Scheduling a check for org.apache.hadoop.ozone.container.common.volume.HddsVolume@66075347
2019-07-13 20:48:01,553 INFO  volume.HddsVolumeChecker (HddsVolumeChecker.java:checkAllVolumes(203)) - Scheduled health check for volume org.apache.hadoop.ozone.container.common.volume.HddsVolume@66075347
2019-07-13 20:48:01,574 INFO  impl.RaftServerProxy (ConfUtils.java:logGet(43)) - raft.rpc.type = GRPC (default)
2019-07-13 20:48:01,575 INFO  grpc.GrpcFactory (GrpcFactory.java:checkPooledByteBufAllocatorUseCacheForAllThreads(45)) - PERFORMANCE WARNING: useCacheForAllThreads is true that may cause Netty to create a lot garbage objects and, as a result, trigger GC.
	It is recommended to disable useCacheForAllThreads by setting -Dorg.apache.ratis.thirdparty.io.netty.allocator.useCacheForAllThreads=false in command line.
2019-07-13 20:48:01,575 INFO  grpc.GrpcConfigKeys$Server (ConfUtils.java:logGet(43)) - raft.grpc.server.port = 0 (default)
2019-07-13 20:48:01,575 INFO  server.GrpcService (ConfUtils.java:logGet(43)) - raft.grpc.message.size.max = 33570816 (custom)
2019-07-13 20:48:01,575 INFO  server.RaftServerConfigKeys (ConfUtils.java:logGet(43)) - raft.server.log.appender.buffer.byte-limit = 33554432 (custom)
2019-07-13 20:48:01,575 INFO  server.GrpcService (ConfUtils.java:logGet(43)) - raft.grpc.flow.control.window = 1MB (=1048576) (default)
2019-07-13 20:48:01,575 INFO  server.RaftServerConfigKeys (ConfUtils.java:logGet(43)) - raft.server.rpc.request.timeout = 3000ms (default)
2019-07-13 20:48:01,576 INFO  server.RaftServerConfigKeys (ConfUtils.java:logGet(43)) - raft.server.storage.dir = [/tmp/workdir/hadoop-ozone/integration-test/target/test-dir/MiniOzoneClusterImpl-b8e9a504-9fd0-40e1-9c94-ee4b607361f6/datanode-4/data/ratis] (custom)
2019-07-13 20:48:01,576 INFO  replication.SimpleContainerDownloader (SimpleContainerDownloader.java:<init>(72)) - Starting container downloader service to copy containers to replicate.
2019-07-13 20:48:01,578 INFO  hdfs.DFSUtil (DFSUtil.java:httpServerTemplateForNNAndJN(1641)) - Starting Web-server for hddsDatanode at: http://0.0.0.0:0
2019-07-13 20:48:01,579 INFO  server.AuthenticationFilter (AuthenticationFilter.java:constructSecretProvider(240)) - Unable to initialize FileSignerSecretProvider, falling back to use random secrets.
2019-07-13 20:48:01,580 WARN  http.HttpRequestLog (HttpRequestLog.java:getRequestLog(97)) - Jetty request log can only be enabled using Log4j
2019-07-13 20:48:01,581 INFO  http.HttpServer2 (HttpServer2.java:addGlobalFilter(975)) - Added global filter 'safety' (class=org.apache.hadoop.http.HttpServer2$QuotingInputFilter)
2019-07-13 20:48:01,581 INFO  http.HttpServer2 (HttpServer2.java:addFilter(948)) - Added filter static_user_filter (class=org.apache.hadoop.http.lib.StaticUserWebFilter$StaticUserFilter) to context hddsDatanode
2019-07-13 20:48:01,581 INFO  http.HttpServer2 (HttpServer2.java:addFilter(958)) - Added filter static_user_filter (class=org.apache.hadoop.http.lib.StaticUserWebFilter$StaticUserFilter) to context logs
2019-07-13 20:48:01,582 INFO  http.HttpServer2 (HttpServer2.java:addFilter(958)) - Added filter static_user_filter (class=org.apache.hadoop.http.lib.StaticUserWebFilter$StaticUserFilter) to context static
2019-07-13 20:48:01,582 INFO  http.HttpServer2 (HttpServer2.java:bindListener(1191)) - Jetty bound to port 37279
2019-07-13 20:48:01,582 INFO  server.Server (Server.java:doStart(351)) - jetty-9.3.24.v20180605, build timestamp: 2018-06-05T17:11:56Z, git hash: 84205aa28f11a4f31f2a3b86d1bba2cc8ab69827
2019-07-13 20:48:01,584 INFO  handler.ContextHandler (ContextHandler.java:doStart(781)) - Started o.e.j.s.ServletContextHandler@608b74f3{/logs,file:///tmp/workdir/hadoop-ozone/integration-test/target/log,AVAILABLE}
2019-07-13 20:48:01,584 INFO  handler.ContextHandler (ContextHandler.java:doStart(781)) - Started o.e.j.s.ServletContextHandler@5a6f1342{/static,jar:file:/home/user/.m2/repository/org/apache/hadoop/hadoop-hdds-container-service/0.5.0-SNAPSHOT/hadoop-hdds-container-service-0.5.0-SNAPSHOT.jar!/webapps/static,AVAILABLE}
2019-07-13 20:48:01,611 INFO  handler.ContextHandler (ContextHandler.java:doStart(781)) - Started o.e.j.w.WebAppContext@4f93303f{/,file:///tmp/jetty-0.0.0.0-37279-hddsDatanode-_-any-4978136125936566521.dir/webapp/,AVAILABLE}{/hddsDatanode}
2019-07-13 20:48:01,611 INFO  server.AbstractConnector (AbstractConnector.java:doStart(278)) - Started ServerConnector@62c02089{HTTP/1.1,[http/1.1]}{0.0.0.0:37279}
2019-07-13 20:48:01,618 INFO  server.Server (Server.java:doStart(419)) - Started @96419ms
2019-07-13 20:48:01,619 INFO  server.BaseHttpServer (BaseHttpServer.java:updateConnectorAddress(207)) - HTTP server of HDDSDATANODE is listening at http://0.0.0.0:37279
2019-07-13 20:48:01,731 INFO  ozone.HddsDatanodeService (HddsDatanodeService.java:startPlugins(396)) - Started plug-in org.apache.hadoop.ozone.web.OzoneHddsDatanodeService@3bd1c7f0
2019-07-13 20:48:01,732 INFO  impl.MetricsSystemImpl (MetricsSystemImpl.java:init(158)) - HddsDatanode metrics system started (again)
2019-07-13 20:48:01,732 INFO  ozone.HddsDatanodeService (HddsDatanodeService.java:start(185)) - HddsDatanodeService host:trunk-nightly-6qp7m-2461138711 ip:192.168.5.168
2019-07-13 20:48:01,733 INFO  util.JvmPauseMonitor (JvmPauseMonitor.java:run(188)) - Starting JVM pause monitor
2019-07-13 20:48:01,734 INFO  datanode.InitDatanodeState (InitDatanodeState.java:persistContainerDatanodeDetails(140)) - DatanodeDetails is persisted to /tmp/workdir/hadoop-ozone/integration-test/target/test-dir/MiniOzoneClusterImpl-b8e9a504-9fd0-40e1-9c94-ee4b607361f6/datanode-4/meta/datanode.id
2019-07-13 20:48:01,754 INFO  volume.HddsVolume (HddsVolume.java:<init>(176)) - Creating Volume: /tmp/workdir/hadoop-ozone/integration-test/target/test-dir/MiniOzoneClusterImpl-b8e9a504-9fd0-40e1-9c94-ee4b607361f6/datanode-5/data/containers/hdds of  storage type : DISK and capacity : 52710309888
2019-07-13 20:48:01,755 INFO  volume.VolumeSet (VolumeSet.java:initializeVolumeSet(170)) - Added Volume : /tmp/workdir/hadoop-ozone/integration-test/target/test-dir/MiniOzoneClusterImpl-b8e9a504-9fd0-40e1-9c94-ee4b607361f6/datanode-5/data/containers/hdds to VolumeSet
2019-07-13 20:48:01,755 INFO  volume.ThrottledAsyncChecker (ThrottledAsyncChecker.java:schedule(140)) - Scheduling a check for org.apache.hadoop.ozone.container.common.volume.HddsVolume@7b6e196e
2019-07-13 20:48:01,756 INFO  volume.HddsVolumeChecker (HddsVolumeChecker.java:checkAllVolumes(203)) - Scheduled health check for volume org.apache.hadoop.ozone.container.common.volume.HddsVolume@7b6e196e
2019-07-13 20:48:01,781 INFO  impl.RaftServerProxy (ConfUtils.java:logGet(43)) - raft.rpc.type = GRPC (default)
2019-07-13 20:48:01,782 INFO  grpc.GrpcFactory (GrpcFactory.java:checkPooledByteBufAllocatorUseCacheForAllThreads(45)) - PERFORMANCE WARNING: useCacheForAllThreads is true that may cause Netty to create a lot garbage objects and, as a result, trigger GC.
	It is recommended to disable useCacheForAllThreads by setting -Dorg.apache.ratis.thirdparty.io.netty.allocator.useCacheForAllThreads=false in command line.
2019-07-13 20:48:01,782 INFO  grpc.GrpcConfigKeys$Server (ConfUtils.java:logGet(43)) - raft.grpc.server.port = 0 (default)
2019-07-13 20:48:01,782 INFO  server.GrpcService (ConfUtils.java:logGet(43)) - raft.grpc.message.size.max = 33570816 (custom)
2019-07-13 20:48:01,783 INFO  server.RaftServerConfigKeys (ConfUtils.java:logGet(43)) - raft.server.log.appender.buffer.byte-limit = 33554432 (custom)
2019-07-13 20:48:01,783 INFO  server.GrpcService (ConfUtils.java:logGet(43)) - raft.grpc.flow.control.window = 1MB (=1048576) (default)
2019-07-13 20:48:01,783 INFO  server.RaftServerConfigKeys (ConfUtils.java:logGet(43)) - raft.server.rpc.request.timeout = 3000ms (default)
2019-07-13 20:48:01,784 INFO  server.RaftServerConfigKeys (ConfUtils.java:logGet(43)) - raft.server.storage.dir = [/tmp/workdir/hadoop-ozone/integration-test/target/test-dir/MiniOzoneClusterImpl-b8e9a504-9fd0-40e1-9c94-ee4b607361f6/datanode-5/data/ratis] (custom)
2019-07-13 20:48:01,784 INFO  replication.SimpleContainerDownloader (SimpleContainerDownloader.java:<init>(72)) - Starting container downloader service to copy containers to replicate.
2019-07-13 20:48:01,786 INFO  hdfs.DFSUtil (DFSUtil.java:httpServerTemplateForNNAndJN(1641)) - Starting Web-server for hddsDatanode at: http://0.0.0.0:0
2019-07-13 20:48:01,787 INFO  server.AuthenticationFilter (AuthenticationFilter.java:constructSecretProvider(240)) - Unable to initialize FileSignerSecretProvider, falling back to use random secrets.
2019-07-13 20:48:01,788 WARN  http.HttpRequestLog (HttpRequestLog.java:getRequestLog(97)) - Jetty request log can only be enabled using Log4j
2019-07-13 20:48:01,789 INFO  http.HttpServer2 (HttpServer2.java:addGlobalFilter(975)) - Added global filter 'safety' (class=org.apache.hadoop.http.HttpServer2$QuotingInputFilter)
2019-07-13 20:48:01,790 INFO  http.HttpServer2 (HttpServer2.java:addFilter(948)) - Added filter static_user_filter (class=org.apache.hadoop.http.lib.StaticUserWebFilter$StaticUserFilter) to context hddsDatanode
2019-07-13 20:48:01,790 INFO  http.HttpServer2 (HttpServer2.java:addFilter(958)) - Added filter static_user_filter (class=org.apache.hadoop.http.lib.StaticUserWebFilter$StaticUserFilter) to context logs
2019-07-13 20:48:01,790 INFO  http.HttpServer2 (HttpServer2.java:addFilter(958)) - Added filter static_user_filter (class=org.apache.hadoop.http.lib.StaticUserWebFilter$StaticUserFilter) to context static
2019-07-13 20:48:01,791 INFO  http.HttpServer2 (HttpServer2.java:bindListener(1191)) - Jetty bound to port 38224
2019-07-13 20:48:01,791 INFO  server.Server (Server.java:doStart(351)) - jetty-9.3.24.v20180605, build timestamp: 2018-06-05T17:11:56Z, git hash: 84205aa28f11a4f31f2a3b86d1bba2cc8ab69827
2019-07-13 20:48:01,793 INFO  handler.ContextHandler (ContextHandler.java:doStart(781)) - Started o.e.j.s.ServletContextHandler@3956df0a{/logs,file:///tmp/workdir/hadoop-ozone/integration-test/target/log,AVAILABLE}
2019-07-13 20:48:01,793 INFO  handler.ContextHandler (ContextHandler.java:doStart(781)) - Started o.e.j.s.ServletContextHandler@e8ce5b1{/static,jar:file:/home/user/.m2/repository/org/apache/hadoop/hadoop-hdds-container-service/0.5.0-SNAPSHOT/hadoop-hdds-container-service-0.5.0-SNAPSHOT.jar!/webapps/static,AVAILABLE}
2019-07-13 20:48:01,816 INFO  handler.ContextHandler (ContextHandler.java:doStart(781)) - Started o.e.j.w.WebAppContext@2fad50f2{/,file:///tmp/jetty-0.0.0.0-38224-hddsDatanode-_-any-6007217549434349445.dir/webapp/,AVAILABLE}{/hddsDatanode}
2019-07-13 20:48:01,817 INFO  server.AbstractConnector (AbstractConnector.java:doStart(278)) - Started ServerConnector@32192a69{HTTP/1.1,[http/1.1]}{0.0.0.0:38224}
2019-07-13 20:48:01,824 INFO  server.Server (Server.java:doStart(419)) - Started @96625ms
2019-07-13 20:48:01,825 INFO  server.BaseHttpServer (BaseHttpServer.java:updateConnectorAddress(207)) - HTTP server of HDDSDATANODE is listening at http://0.0.0.0:38224
2019-07-13 20:48:01,930 INFO  ozone.HddsDatanodeService (HddsDatanodeService.java:startPlugins(396)) - Started plug-in org.apache.hadoop.ozone.web.OzoneHddsDatanodeService@21bf1b1f
2019-07-13 20:48:01,930 INFO  impl.MetricsSystemImpl (MetricsSystemImpl.java:init(158)) - HddsDatanode metrics system started (again)
2019-07-13 20:48:01,930 INFO  ozone.HddsDatanodeService (HddsDatanodeService.java:start(185)) - HddsDatanodeService host:trunk-nightly-6qp7m-2461138711 ip:192.168.5.168
2019-07-13 20:48:01,931 INFO  util.JvmPauseMonitor (JvmPauseMonitor.java:run(188)) - Starting JVM pause monitor
2019-07-13 20:48:01,933 INFO  datanode.InitDatanodeState (InitDatanodeState.java:persistContainerDatanodeDetails(140)) - DatanodeDetails is persisted to /tmp/workdir/hadoop-ozone/integration-test/target/test-dir/MiniOzoneClusterImpl-b8e9a504-9fd0-40e1-9c94-ee4b607361f6/datanode-5/meta/datanode.id
2019-07-13 20:48:01,951 INFO  volume.HddsVolume (HddsVolume.java:<init>(176)) - Creating Volume: /tmp/workdir/hadoop-ozone/integration-test/target/test-dir/MiniOzoneClusterImpl-b8e9a504-9fd0-40e1-9c94-ee4b607361f6/datanode-6/data/containers/hdds of  storage type : DISK and capacity : 52710309888
2019-07-13 20:48:01,951 INFO  volume.VolumeSet (VolumeSet.java:initializeVolumeSet(170)) - Added Volume : /tmp/workdir/hadoop-ozone/integration-test/target/test-dir/MiniOzoneClusterImpl-b8e9a504-9fd0-40e1-9c94-ee4b607361f6/datanode-6/data/containers/hdds to VolumeSet
2019-07-13 20:48:01,951 INFO  volume.ThrottledAsyncChecker (ThrottledAsyncChecker.java:schedule(140)) - Scheduling a check for org.apache.hadoop.ozone.container.common.volume.HddsVolume@74f54f8e
2019-07-13 20:48:01,951 INFO  volume.HddsVolumeChecker (HddsVolumeChecker.java:checkAllVolumes(203)) - Scheduled health check for volume org.apache.hadoop.ozone.container.common.volume.HddsVolume@74f54f8e
2019-07-13 20:48:01,974 INFO  impl.RaftServerProxy (ConfUtils.java:logGet(43)) - raft.rpc.type = GRPC (default)
2019-07-13 20:48:01,974 INFO  grpc.GrpcFactory (GrpcFactory.java:checkPooledByteBufAllocatorUseCacheForAllThreads(45)) - PERFORMANCE WARNING: useCacheForAllThreads is true that may cause Netty to create a lot garbage objects and, as a result, trigger GC.
	It is recommended to disable useCacheForAllThreads by setting -Dorg.apache.ratis.thirdparty.io.netty.allocator.useCacheForAllThreads=false in command line.
2019-07-13 20:48:01,974 INFO  grpc.GrpcConfigKeys$Server (ConfUtils.java:logGet(43)) - raft.grpc.server.port = 0 (default)
2019-07-13 20:48:01,974 INFO  server.GrpcService (ConfUtils.java:logGet(43)) - raft.grpc.message.size.max = 33570816 (custom)
2019-07-13 20:48:01,974 INFO  server.RaftServerConfigKeys (ConfUtils.java:logGet(43)) - raft.server.log.appender.buffer.byte-limit = 33554432 (custom)
2019-07-13 20:48:01,974 INFO  server.GrpcService (ConfUtils.java:logGet(43)) - raft.grpc.flow.control.window = 1MB (=1048576) (default)
2019-07-13 20:48:01,974 INFO  server.RaftServerConfigKeys (ConfUtils.java:logGet(43)) - raft.server.rpc.request.timeout = 3000ms (default)
2019-07-13 20:48:01,975 INFO  server.RaftServerConfigKeys (ConfUtils.java:logGet(43)) - raft.server.storage.dir = [/tmp/workdir/hadoop-ozone/integration-test/target/test-dir/MiniOzoneClusterImpl-b8e9a504-9fd0-40e1-9c94-ee4b607361f6/datanode-6/data/ratis] (custom)
2019-07-13 20:48:01,975 INFO  replication.SimpleContainerDownloader (SimpleContainerDownloader.java:<init>(72)) - Starting container downloader service to copy containers to replicate.
2019-07-13 20:48:01,976 INFO  hdfs.DFSUtil (DFSUtil.java:httpServerTemplateForNNAndJN(1641)) - Starting Web-server for hddsDatanode at: http://0.0.0.0:0
2019-07-13 20:48:01,977 INFO  server.AuthenticationFilter (AuthenticationFilter.java:constructSecretProvider(240)) - Unable to initialize FileSignerSecretProvider, falling back to use random secrets.
2019-07-13 20:48:01,977 WARN  http.HttpRequestLog (HttpRequestLog.java:getRequestLog(97)) - Jetty request log can only be enabled using Log4j
2019-07-13 20:48:01,978 INFO  http.HttpServer2 (HttpServer2.java:addGlobalFilter(975)) - Added global filter 'safety' (class=org.apache.hadoop.http.HttpServer2$QuotingInputFilter)
2019-07-13 20:48:01,978 INFO  http.HttpServer2 (HttpServer2.java:addFilter(948)) - Added filter static_user_filter (class=org.apache.hadoop.http.lib.StaticUserWebFilter$StaticUserFilter) to context hddsDatanode
2019-07-13 20:48:01,978 INFO  http.HttpServer2 (HttpServer2.java:addFilter(958)) - Added filter static_user_filter (class=org.apache.hadoop.http.lib.StaticUserWebFilter$StaticUserFilter) to context logs
2019-07-13 20:48:01,978 INFO  http.HttpServer2 (HttpServer2.java:addFilter(958)) - Added filter static_user_filter (class=org.apache.hadoop.http.lib.StaticUserWebFilter$StaticUserFilter) to context static
2019-07-13 20:48:01,979 INFO  http.HttpServer2 (HttpServer2.java:bindListener(1191)) - Jetty bound to port 38015
2019-07-13 20:48:01,979 INFO  server.Server (Server.java:doStart(351)) - jetty-9.3.24.v20180605, build timestamp: 2018-06-05T17:11:56Z, git hash: 84205aa28f11a4f31f2a3b86d1bba2cc8ab69827
2019-07-13 20:48:01,980 INFO  handler.ContextHandler (ContextHandler.java:doStart(781)) - Started o.e.j.s.ServletContextHandler@11564455{/logs,file:///tmp/workdir/hadoop-ozone/integration-test/target/log,AVAILABLE}
2019-07-13 20:48:01,981 INFO  handler.ContextHandler (ContextHandler.java:doStart(781)) - Started o.e.j.s.ServletContextHandler@12e3cf1c{/static,jar:file:/home/user/.m2/repository/org/apache/hadoop/hadoop-hdds-container-service/0.5.0-SNAPSHOT/hadoop-hdds-container-service-0.5.0-SNAPSHOT.jar!/webapps/static,AVAILABLE}
2019-07-13 20:48:02,000 INFO  handler.ContextHandler (ContextHandler.java:doStart(781)) - Started o.e.j.w.WebAppContext@14acc33e{/,file:///tmp/jetty-0.0.0.0-38015-hddsDatanode-_-any-215733396299558240.dir/webapp/,AVAILABLE}{/hddsDatanode}
2019-07-13 20:48:02,001 INFO  server.AbstractConnector (AbstractConnector.java:doStart(278)) - Started ServerConnector@6cbb79c3{HTTP/1.1,[http/1.1]}{0.0.0.0:38015}
2019-07-13 20:48:02,008 INFO  server.Server (Server.java:doStart(419)) - Started @96809ms
2019-07-13 20:48:02,009 INFO  server.BaseHttpServer (BaseHttpServer.java:updateConnectorAddress(207)) - HTTP server of HDDSDATANODE is listening at http://0.0.0.0:38015
2019-07-13 20:48:02,106 INFO  ozone.HddsDatanodeService (HddsDatanodeService.java:startPlugins(396)) - Started plug-in org.apache.hadoop.ozone.web.OzoneHddsDatanodeService@50c462b8
2019-07-13 20:48:02,107 INFO  ozone.MiniOzoneClusterImpl (MiniOzoneClusterImpl.java:lambda$waitForClusterToBeReady$0(142)) - Waiting for cluster to be ready. Got 0 of 7 DN Heartbeats.
2019-07-13 20:48:02,108 INFO  util.JvmPauseMonitor (JvmPauseMonitor.java:run(188)) - Starting JVM pause monitor
2019-07-13 20:48:02,109 INFO  datanode.InitDatanodeState (InitDatanodeState.java:persistContainerDatanodeDetails(140)) - DatanodeDetails is persisted to /tmp/workdir/hadoop-ozone/integration-test/target/test-dir/MiniOzoneClusterImpl-b8e9a504-9fd0-40e1-9c94-ee4b607361f6/datanode-6/meta/datanode.id
2019-07-13 20:48:02,547 INFO  ozoneimpl.OzoneContainer (OzoneContainer.java:start(186)) - Attempting to start container services.
2019-07-13 20:48:02,547 INFO  ozoneimpl.OzoneContainer (OzoneContainer.java:startContainerScrub(160)) - Background container scrubber has been disabled by hdds.containerscrub.enabled
2019-07-13 20:48:02,547 INFO  ratis.XceiverServerRatis (XceiverServerRatis.java:start(418)) - Starting XceiverServerRatis b31fc272-098f-4b1d-bfc1-f1c2898dadba at port 0
2019-07-13 20:48:02,553 INFO  impl.RaftServerProxy (RaftServerProxy.java:lambda$start$3(299)) - b31fc272-098f-4b1d-bfc1-f1c2898dadba: start RPC server
2019-07-13 20:48:02,554 INFO  server.GrpcService (GrpcService.java:startImpl(149)) - b31fc272-098f-4b1d-bfc1-f1c2898dadba: GrpcService started, listening on 0.0.0.0/0.0.0.0:34218
2019-07-13 20:48:02,554 INFO  ratis.XceiverServerRatis (XceiverServerRatis.java:start(428)) - XceiverServerRatis b31fc272-098f-4b1d-bfc1-f1c2898dadba is started using port 34218
2019-07-13 20:48:02,555 INFO  server.XceiverServerGrpc (XceiverServerGrpc.java:start(161)) - XceiverServerGrpc b31fc272-098f-4b1d-bfc1-f1c2898dadba is started using port 35043
2019-07-13 20:48:02,788 INFO  ozoneimpl.OzoneContainer (OzoneContainer.java:start(186)) - Attempting to start container services.
2019-07-13 20:48:02,788 INFO  ozoneimpl.OzoneContainer (OzoneContainer.java:startContainerScrub(160)) - Background container scrubber has been disabled by hdds.containerscrub.enabled
2019-07-13 20:48:02,788 INFO  ratis.XceiverServerRatis (XceiverServerRatis.java:start(418)) - Starting XceiverServerRatis 847eefbe-6e44-47db-ba01-a98fe5cf82d2 at port 0
2019-07-13 20:48:02,795 INFO  impl.RaftServerProxy (RaftServerProxy.java:lambda$start$3(299)) - 847eefbe-6e44-47db-ba01-a98fe5cf82d2: start RPC server
2019-07-13 20:48:02,796 INFO  server.GrpcService (GrpcService.java:startImpl(149)) - 847eefbe-6e44-47db-ba01-a98fe5cf82d2: GrpcService started, listening on 0.0.0.0/0.0.0.0:37919
2019-07-13 20:48:02,796 INFO  ratis.XceiverServerRatis (XceiverServerRatis.java:start(428)) - XceiverServerRatis 847eefbe-6e44-47db-ba01-a98fe5cf82d2 is started using port 37919
2019-07-13 20:48:02,796 INFO  server.XceiverServerGrpc (XceiverServerGrpc.java:start(161)) - XceiverServerGrpc 847eefbe-6e44-47db-ba01-a98fe5cf82d2 is started using port 32927
2019-07-13 20:48:03,107 INFO  ozone.MiniOzoneClusterImpl (MiniOzoneClusterImpl.java:lambda$waitForClusterToBeReady$0(142)) - Waiting for cluster to be ready. Got 0 of 7 DN Heartbeats.
2019-07-13 20:48:03,338 INFO  ozoneimpl.OzoneContainer (OzoneContainer.java:start(186)) - Attempting to start container services.
2019-07-13 20:48:03,338 INFO  ozoneimpl.OzoneContainer (OzoneContainer.java:startContainerScrub(160)) - Background container scrubber has been disabled by hdds.containerscrub.enabled
2019-07-13 20:48:03,338 INFO  ratis.XceiverServerRatis (XceiverServerRatis.java:start(418)) - Starting XceiverServerRatis 42b88284-d0fa-470d-97e2-023b569d0f82 at port 0
2019-07-13 20:48:03,346 INFO  impl.RaftServerProxy (RaftServerProxy.java:lambda$start$3(299)) - 42b88284-d0fa-470d-97e2-023b569d0f82: start RPC server
2019-07-13 20:48:03,347 INFO  server.GrpcService (GrpcService.java:startImpl(149)) - 42b88284-d0fa-470d-97e2-023b569d0f82: GrpcService started, listening on 0.0.0.0/0.0.0.0:44221
2019-07-13 20:48:03,347 INFO  ratis.XceiverServerRatis (XceiverServerRatis.java:start(428)) - XceiverServerRatis 42b88284-d0fa-470d-97e2-023b569d0f82 is started using port 44221
2019-07-13 20:48:03,348 INFO  server.XceiverServerGrpc (XceiverServerGrpc.java:start(161)) - XceiverServerGrpc 42b88284-d0fa-470d-97e2-023b569d0f82 is started using port 46380
2019-07-13 20:48:03,547 INFO  ozoneimpl.OzoneContainer (OzoneContainer.java:start(186)) - Attempting to start container services.
2019-07-13 20:48:03,547 INFO  ozoneimpl.OzoneContainer (OzoneContainer.java:startContainerScrub(160)) - Background container scrubber has been disabled by hdds.containerscrub.enabled
2019-07-13 20:48:03,547 INFO  ratis.XceiverServerRatis (XceiverServerRatis.java:start(418)) - Starting XceiverServerRatis 3bbba857-3c63-4ed2-accd-adca406a2ae3 at port 0
2019-07-13 20:48:03,555 INFO  impl.RaftServerProxy (RaftServerProxy.java:lambda$start$3(299)) - 3bbba857-3c63-4ed2-accd-adca406a2ae3: start RPC server
2019-07-13 20:48:03,556 INFO  server.GrpcService (GrpcService.java:startImpl(149)) - 3bbba857-3c63-4ed2-accd-adca406a2ae3: GrpcService started, listening on 0.0.0.0/0.0.0.0:37765
2019-07-13 20:48:03,556 INFO  ratis.XceiverServerRatis (XceiverServerRatis.java:start(428)) - XceiverServerRatis 3bbba857-3c63-4ed2-accd-adca406a2ae3 is started using port 37765
2019-07-13 20:48:03,557 INFO  server.XceiverServerGrpc (XceiverServerGrpc.java:start(161)) - XceiverServerGrpc 3bbba857-3c63-4ed2-accd-adca406a2ae3 is started using port 43583
2019-07-13 20:48:03,600 WARN  server.GrpcLogAppender (LogUtils.java:warn(134)) - 271550d9-1512-4bf5-aaa9-af0d36b1f2e7->aa0bc247-12f0-4aa6-87db-fc23e750d426: Failed appendEntries: org.apache.ratis.thirdparty.io.grpc.StatusRuntimeException: UNAVAILABLE: io exception
2019-07-13 20:48:03,600 WARN  server.GrpcLogAppender (LogUtils.java:warn(134)) - 271550d9-1512-4bf5-aaa9-af0d36b1f2e7->05e77c5e-e1f6-4c07-aa64-b75593fc2a63: Failed appendEntries: org.apache.ratis.thirdparty.io.grpc.StatusRuntimeException: UNAVAILABLE: io exception
2019-07-13 20:48:03,600 INFO  impl.FollowerInfo (FollowerInfo.java:lambda$new$0(50)) - 271550d9-1512-4bf5-aaa9-af0d36b1f2e7->aa0bc247-12f0-4aa6-87db-fc23e750d426: nextIndex: updateUnconditionally 0 -> 0
2019-07-13 20:48:03,600 INFO  impl.FollowerInfo (FollowerInfo.java:lambda$new$0(50)) - 271550d9-1512-4bf5-aaa9-af0d36b1f2e7->05e77c5e-e1f6-4c07-aa64-b75593fc2a63: nextIndex: updateUnconditionally 0 -> 0
2019-07-13 20:48:03,739 INFO  ozoneimpl.OzoneContainer (OzoneContainer.java:start(186)) - Attempting to start container services.
2019-07-13 20:48:03,739 INFO  ozoneimpl.OzoneContainer (OzoneContainer.java:startContainerScrub(160)) - Background container scrubber has been disabled by hdds.containerscrub.enabled
2019-07-13 20:48:03,739 INFO  ratis.XceiverServerRatis (XceiverServerRatis.java:start(418)) - Starting XceiverServerRatis 6f98d6cb-169e-46ff-b116-cbe2ce143516 at port 0
2019-07-13 20:48:03,747 INFO  impl.RaftServerProxy (RaftServerProxy.java:lambda$start$3(299)) - 6f98d6cb-169e-46ff-b116-cbe2ce143516: start RPC server
2019-07-13 20:48:03,747 INFO  server.GrpcService (GrpcService.java:startImpl(149)) - 6f98d6cb-169e-46ff-b116-cbe2ce143516: GrpcService started, listening on 0.0.0.0/0.0.0.0:36233
2019-07-13 20:48:03,748 INFO  ratis.XceiverServerRatis (XceiverServerRatis.java:start(428)) - XceiverServerRatis 6f98d6cb-169e-46ff-b116-cbe2ce143516 is started using port 36233
2019-07-13 20:48:03,748 INFO  server.XceiverServerGrpc (XceiverServerGrpc.java:start(161)) - XceiverServerGrpc 6f98d6cb-169e-46ff-b116-cbe2ce143516 is started using port 34946
2019-07-13 20:48:03,925 WARN  server.GrpcLogAppender (LogUtils.java:warn(134)) - a821c51a-654e-405d-8a70-0a883c22ff18->4f108adb-2142-4e92-bf39-b48875c9ade4: Failed appendEntries: org.apache.ratis.thirdparty.io.grpc.StatusRuntimeException: UNAVAILABLE: io exception
2019-07-13 20:48:03,926 INFO  impl.FollowerInfo (FollowerInfo.java:lambda$new$0(50)) - a821c51a-654e-405d-8a70-0a883c22ff18->4f108adb-2142-4e92-bf39-b48875c9ade4: nextIndex: updateUnconditionally 0 -> 0
2019-07-13 20:48:03,937 INFO  ozoneimpl.OzoneContainer (OzoneContainer.java:start(186)) - Attempting to start container services.
2019-07-13 20:48:03,937 INFO  ozoneimpl.OzoneContainer (OzoneContainer.java:startContainerScrub(160)) - Background container scrubber has been disabled by hdds.containerscrub.enabled
2019-07-13 20:48:03,937 INFO  ratis.XceiverServerRatis (XceiverServerRatis.java:start(418)) - Starting XceiverServerRatis 0af8ba89-fd4d-4cb4-9652-7a0bf10793bc at port 0
2019-07-13 20:48:03,947 INFO  impl.RaftServerProxy (RaftServerProxy.java:lambda$start$3(299)) - 0af8ba89-fd4d-4cb4-9652-7a0bf10793bc: start RPC server
2019-07-13 20:48:03,948 INFO  server.GrpcService (GrpcService.java:startImpl(149)) - 0af8ba89-fd4d-4cb4-9652-7a0bf10793bc: GrpcService started, listening on 0.0.0.0/0.0.0.0:35246
2019-07-13 20:48:03,948 INFO  ratis.XceiverServerRatis (XceiverServerRatis.java:start(428)) - XceiverServerRatis 0af8ba89-fd4d-4cb4-9652-7a0bf10793bc is started using port 35246
2019-07-13 20:48:03,949 INFO  server.XceiverServerGrpc (XceiverServerGrpc.java:start(161)) - XceiverServerGrpc 0af8ba89-fd4d-4cb4-9652-7a0bf10793bc is started using port 46464
2019-07-13 20:48:03,949 WARN  server.GrpcLogAppender (LogUtils.java:warn(134)) - a821c51a-654e-405d-8a70-0a883c22ff18->ab218066-181d-46b2-9ec7-7fa1ad867f1c: Failed appendEntries: org.apache.ratis.thirdparty.io.grpc.StatusRuntimeException: UNAVAILABLE: io exception
2019-07-13 20:48:03,950 INFO  impl.FollowerInfo (FollowerInfo.java:lambda$new$0(50)) - a821c51a-654e-405d-8a70-0a883c22ff18->ab218066-181d-46b2-9ec7-7fa1ad867f1c: nextIndex: updateUnconditionally 0 -> 0
2019-07-13 20:48:04,107 INFO  ozone.MiniOzoneClusterImpl (MiniOzoneClusterImpl.java:lambda$waitForClusterToBeReady$0(142)) - Waiting for cluster to be ready. Got 0 of 7 DN Heartbeats.
2019-07-13 20:48:04,122 INFO  ozoneimpl.OzoneContainer (OzoneContainer.java:start(186)) - Attempting to start container services.
2019-07-13 20:48:04,122 INFO  ozoneimpl.OzoneContainer (OzoneContainer.java:startContainerScrub(160)) - Background container scrubber has been disabled by hdds.containerscrub.enabled
2019-07-13 20:48:04,122 INFO  ratis.XceiverServerRatis (XceiverServerRatis.java:start(418)) - Starting XceiverServerRatis da29e3b2-a937-465d-8e5e-da37cd4e2ecf at port 0
2019-07-13 20:48:04,130 INFO  impl.RaftServerProxy (RaftServerProxy.java:lambda$start$3(299)) - da29e3b2-a937-465d-8e5e-da37cd4e2ecf: start RPC server
2019-07-13 20:48:04,131 INFO  server.GrpcService (GrpcService.java:startImpl(149)) - da29e3b2-a937-465d-8e5e-da37cd4e2ecf: GrpcService started, listening on 0.0.0.0/0.0.0.0:35400
2019-07-13 20:48:04,131 INFO  ratis.XceiverServerRatis (XceiverServerRatis.java:start(428)) - XceiverServerRatis da29e3b2-a937-465d-8e5e-da37cd4e2ecf is started using port 35400
2019-07-13 20:48:04,132 INFO  server.XceiverServerGrpc (XceiverServerGrpc.java:start(161)) - XceiverServerGrpc da29e3b2-a937-465d-8e5e-da37cd4e2ecf is started using port 33111
2019-07-13 20:48:04,521 INFO  net.NetworkTopology (NetworkTopologyImpl.java:add(110)) - Added a new node: /default-rack/192.168.5.168
2019-07-13 20:48:04,521 INFO  node.SCMNodeManager (SCMNodeManager.java:register(269)) - Registered Data node : b31fc272-098f-4b1d-bfc1-f1c2898dadba{ip: 192.168.5.168, host: trunk-nightly-6qp7m-2461138711, networkLocation: /default-rack, certSerialId: null}
2019-07-13 20:48:04,530 INFO  safemode.SCMSafeModeManager (DataNodeSafeModeRule.java:process(71)) - SCM in safe mode. 1 DataNodes registered, 1 required.
2019-07-13 20:48:04,538 INFO  safemode.SCMSafeModeManager (SCMSafeModeManager.java:validateSafeModeExitRules(177)) - ScmSafeModeManager, all rules are successfully validated
2019-07-13 20:48:04,538 INFO  safemode.SCMSafeModeManager (SCMSafeModeManager.java:exitSafeMode(193)) - SCM exiting safe mode.
2019-07-13 20:48:04,553 INFO  impl.RaftServerProxy (RaftServerProxy.java:addNew(89)) - b31fc272-098f-4b1d-bfc1-f1c2898dadba: addNew group-4856C50ED16B:[b31fc272-098f-4b1d-bfc1-f1c2898dadba:192.168.5.168:34218] returns group-4856C50ED16B:java.util.concurrent.CompletableFuture@3d6f857d[Not completed]
2019-07-13 20:48:04,554 INFO  impl.RaftServerImpl (RaftServerImpl.java:<init>(93)) - b31fc272-098f-4b1d-bfc1-f1c2898dadba: new RaftServerImpl for group-4856C50ED16B:[b31fc272-098f-4b1d-bfc1-f1c2898dadba:192.168.5.168:34218] with ContainerStateMachine:uninitialized
2019-07-13 20:48:04,554 INFO  server.RaftServerConfigKeys (ConfUtils.java:logGet(43)) - raft.server.rpc.timeout.min = 5s (custom)
2019-07-13 20:48:04,555 INFO  server.RaftServerConfigKeys (ConfUtils.java:logGet(43)) - raft.server.rpc.timeout.max = 5200ms (custom)
2019-07-13 20:48:04,555 INFO  server.RaftServerConfigKeys (ConfUtils.java:logGet(43)) - raft.server.rpcslowness.timeout = 120s (custom)
2019-07-13 20:48:04,555 INFO  server.RaftServerConfigKeys (ConfUtils.java:logGet(43)) - raft.server.sleep.deviation.threshold = 300 (default)
2019-07-13 20:48:04,555 INFO  server.RaftServerConfigKeys (ConfUtils.java:logGet(43)) - raft.server.log.appender.install.snapshot.enabled = false (custom)
2019-07-13 20:48:04,555 INFO  impl.RaftServerImpl (ServerState.java:<init>(105)) - b31fc272-098f-4b1d-bfc1-f1c2898dadba:group-4856C50ED16B ConfigurationManager, init=-1: [b31fc272-098f-4b1d-bfc1-f1c2898dadba:192.168.5.168:34218], old=null, confs=<EMPTY_MAP>
2019-07-13 20:48:04,556 INFO  server.RaftServerConfigKeys (ConfUtils.java:logGet(43)) - raft.server.storage.dir = [/tmp/workdir/hadoop-ozone/integration-test/target/test-dir/MiniOzoneClusterImpl-b8e9a504-9fd0-40e1-9c94-ee4b607361f6/datanode-0/data/ratis] (custom)
2019-07-13 20:48:04,556 INFO  storage.RaftStorageDirectory (RaftStorageDirectory.java:analyzeStorage(246)) - The storage directory /tmp/workdir/hadoop-ozone/integration-test/target/test-dir/MiniOzoneClusterImpl-b8e9a504-9fd0-40e1-9c94-ee4b607361f6/datanode-0/data/ratis/5a77d972-42fe-4d88-ada8-4856c50ed16b does not exist. Creating ...
2019-07-13 20:48:04,570 INFO  storage.RaftStorageDirectory (RaftStorageDirectory.java:tryLock(328)) - Lock on /tmp/workdir/hadoop-ozone/integration-test/target/test-dir/MiniOzoneClusterImpl-b8e9a504-9fd0-40e1-9c94-ee4b607361f6/datanode-0/data/ratis/5a77d972-42fe-4d88-ada8-4856c50ed16b/in_use.lock acquired by nodename 28672@trunk-nightly-6qp7m-2461138711
2019-07-13 20:48:04,573 INFO  storage.RaftStorage (RaftStorage.java:format(72)) - Storage directory /tmp/workdir/hadoop-ozone/integration-test/target/test-dir/MiniOzoneClusterImpl-b8e9a504-9fd0-40e1-9c94-ee4b607361f6/datanode-0/data/ratis/5a77d972-42fe-4d88-ada8-4856c50ed16b has been successfully formatted.
2019-07-13 20:48:04,574 INFO  ratis.ContainerStateMachine (ContainerStateMachine.java:loadSnapshot(200)) - The snapshot info is null.Setting the last applied index to:(t:0, i:~)
2019-07-13 20:48:04,574 INFO  server.RaftServerConfigKeys (ConfUtils.java:logGet(43)) - raft.server.leader.election.timeout = 120s (custom)
2019-07-13 20:48:04,574 INFO  server.RaftServerConfigKeys (ConfUtils.java:logGet(43)) - raft.server.log.use.memory = false (default)
2019-07-13 20:48:04,574 INFO  server.RaftServerConfigKeys (ConfUtils.java:logGet(43)) - raft.server.log.purge.gap = 1000000000 (custom)
2019-07-13 20:48:04,574 INFO  server.RaftServerConfigKeys (ConfUtils.java:logGet(43)) - raft.server.log.appender.buffer.byte-limit = 33554432 (custom)
2019-07-13 20:48:04,574 INFO  server.RaftServerConfigKeys (ConfUtils.java:logGet(43)) - raft.server.log.segment.size.max = 1048576 (custom)
2019-07-13 20:48:04,575 INFO  server.RaftServerConfigKeys (ConfUtils.java:logGet(43)) - raft.server.log.segment.cache.num.max = 2 (custom)
2019-07-13 20:48:04,575 INFO  segmented.SegmentedRaftLogWorker (SegmentedRaftLogWorker.java:<init>(172)) - new b31fc272-098f-4b1d-bfc1-f1c2898dadba-SegmentedRaftLogWorker:Storage Directory /tmp/workdir/hadoop-ozone/integration-test/target/test-dir/MiniOzoneClusterImpl-b8e9a504-9fd0-40e1-9c94-ee4b607361f6/datanode-0/data/ratis/5a77d972-42fe-4d88-ada8-4856c50ed16b for RaftStorage:Storage Directory /tmp/workdir/hadoop-ozone/integration-test/target/test-dir/MiniOzoneClusterImpl-b8e9a504-9fd0-40e1-9c94-ee4b607361f6/datanode-0/data/ratis/5a77d972-42fe-4d88-ada8-4856c50ed16b
2019-07-13 20:48:04,575 INFO  server.RaftServerConfigKeys (ConfUtils.java:logGet(43)) - raft.server.log.queue.byte-limit = 2147483647 (custom)
2019-07-13 20:48:04,575 INFO  server.RaftServerConfigKeys (ConfUtils.java:logGet(43)) - raft.server.log.queue.element-limit = 1024 (custom)
2019-07-13 20:48:04,575 INFO  server.RaftServerConfigKeys (ConfUtils.java:logGet(43)) - raft.server.log.segment.size.max = 1048576 (custom)
2019-07-13 20:48:04,576 INFO  server.RaftServerConfigKeys (ConfUtils.java:logGet(43)) - raft.server.log.preallocated.size = 16384 (custom)
2019-07-13 20:48:04,576 INFO  server.RaftServerConfigKeys (ConfUtils.java:logGet(43)) - raft.server.log.write.buffer.size = 33554432 (custom)
2019-07-13 20:48:04,576 INFO  server.RaftServerConfigKeys (ConfUtils.java:logGet(43)) - raft.server.log.force.sync.num = 128 (default)
2019-07-13 20:48:04,576 INFO  server.RaftServerConfigKeys (ConfUtils.java:logGet(43)) - raft.server.log.statemachine.data.sync = true (default)
2019-07-13 20:48:04,576 INFO  server.RaftServerConfigKeys (ConfUtils.java:logGet(43)) - raft.server.log.statemachine.data.sync.timeout = 10s (default)
2019-07-13 20:48:04,576 INFO  server.RaftServerConfigKeys (ConfUtils.java:logGet(43)) - raft.server.log.statemachine.data.sync.timeout.retry = -1 (default)
2019-07-13 20:48:04,577 INFO  server.RaftServerConfigKeys (ConfUtils.java:logGet(43)) - raft.server.log.statemachine.data.caching.enabled = true (custom)
2019-07-13 20:48:04,577 INFO  segmented.SegmentedRaftLogWorker (SegmentedRaftLogWorker.java:lambda$new$0(132)) - b31fc272-098f-4b1d-bfc1-f1c2898dadba-SegmentedRaftLogWorker:Storage Directory /tmp/workdir/hadoop-ozone/integration-test/target/test-dir/MiniOzoneClusterImpl-b8e9a504-9fd0-40e1-9c94-ee4b607361f6/datanode-0/data/ratis/5a77d972-42fe-4d88-ada8-4856c50ed16b: flushIndex: setUnconditionally 0 -> -1
2019-07-13 20:48:04,577 INFO  server.RaftServerConfigKeys (ConfUtils.java:logGet(43)) - raft.server.snapshot.auto.trigger.enabled = true (custom)
2019-07-13 20:48:04,578 INFO  server.RaftServerConfigKeys (ConfUtils.java:logGet(43)) - raft.server.snapshot.auto.trigger.threshold = 10000 (custom)
2019-07-13 20:48:04,578 INFO  server.RaftServerConfigKeys (ConfUtils.java:logGet(43)) - raft.server.retrycache.expirytime = 600000ms (custom)
2019-07-13 20:48:04,578 INFO  impl.RaftServerImpl (RaftServerImpl.java:start(180)) - b31fc272-098f-4b1d-bfc1-f1c2898dadba: start group-4856C50ED16B
2019-07-13 20:48:04,578 INFO  impl.RaftServerImpl (RaftServerImpl.java:setRole(171)) - b31fc272-098f-4b1d-bfc1-f1c2898dadba:group-4856C50ED16B changes role from null to FOLLOWER at term 0 for startAsFollower
2019-07-13 20:48:04,578 INFO  impl.RoleInfo (RoleInfo.java:updateAndGet(143)) - b31fc272-098f-4b1d-bfc1-f1c2898dadba: start FollowerState
2019-07-13 20:48:04,579 INFO  util.JmxRegister (JmxRegister.java:tryRegister(44)) - Successfully registered JMX Bean with object name Ratis:service=RaftServer,group=group-4856C50ED16B,id=b31fc272-098f-4b1d-bfc1-f1c2898dadba
2019-07-13 20:48:04,582 INFO  pipeline.PipelineStateManager (PipelineStateManager.java:addPipeline(56)) - Created pipeline Pipeline[ Id: 5a77d972-42fe-4d88-ada8-4856c50ed16b, Nodes: b31fc272-098f-4b1d-bfc1-f1c2898dadba{ip: 192.168.5.168, host: trunk-nightly-6qp7m-2461138711, networkLocation: /default-rack, certSerialId: null}, Type:RATIS, Factor:ONE, State:OPEN]
2019-07-13 20:48:04,784 INFO  node.SCMNodeManager (SCMNodeManager.java:register(269)) - Registered Data node : 847eefbe-6e44-47db-ba01-a98fe5cf82d2{ip: 192.168.5.168, host: trunk-nightly-6qp7m-2461138711, networkLocation: /default-rack, certSerialId: null}
2019-07-13 20:48:04,801 INFO  impl.RaftServerProxy (RaftServerProxy.java:addNew(89)) - 847eefbe-6e44-47db-ba01-a98fe5cf82d2: addNew group-05A5328D8ACB:[847eefbe-6e44-47db-ba01-a98fe5cf82d2:192.168.5.168:37919] returns group-05A5328D8ACB:java.util.concurrent.CompletableFuture@577680df[Not completed]
2019-07-13 20:48:04,802 INFO  impl.RaftServerImpl (RaftServerImpl.java:<init>(93)) - 847eefbe-6e44-47db-ba01-a98fe5cf82d2: new RaftServerImpl for group-05A5328D8ACB:[847eefbe-6e44-47db-ba01-a98fe5cf82d2:192.168.5.168:37919] with ContainerStateMachine:uninitialized
2019-07-13 20:48:04,802 INFO  server.RaftServerConfigKeys (ConfUtils.java:logGet(43)) - raft.server.rpc.timeout.min = 5s (custom)
2019-07-13 20:48:04,802 INFO  server.RaftServerConfigKeys (ConfUtils.java:logGet(43)) - raft.server.rpc.timeout.max = 5200ms (custom)
2019-07-13 20:48:04,803 INFO  server.RaftServerConfigKeys (ConfUtils.java:logGet(43)) - raft.server.rpcslowness.timeout = 120s (custom)
2019-07-13 20:48:04,803 INFO  server.RaftServerConfigKeys (ConfUtils.java:logGet(43)) - raft.server.sleep.deviation.threshold = 300 (default)
2019-07-13 20:48:04,803 INFO  server.RaftServerConfigKeys (ConfUtils.java:logGet(43)) - raft.server.log.appender.install.snapshot.enabled = false (custom)
2019-07-13 20:48:04,803 INFO  impl.RaftServerImpl (ServerState.java:<init>(105)) - 847eefbe-6e44-47db-ba01-a98fe5cf82d2:group-05A5328D8ACB ConfigurationManager, init=-1: [847eefbe-6e44-47db-ba01-a98fe5cf82d2:192.168.5.168:37919], old=null, confs=<EMPTY_MAP>
2019-07-13 20:48:04,803 INFO  server.RaftServerConfigKeys (ConfUtils.java:logGet(43)) - raft.server.storage.dir = [/tmp/workdir/hadoop-ozone/integration-test/target/test-dir/MiniOzoneClusterImpl-b8e9a504-9fd0-40e1-9c94-ee4b607361f6/datanode-1/data/ratis] (custom)
2019-07-13 20:48:04,804 INFO  storage.RaftStorageDirectory (RaftStorageDirectory.java:analyzeStorage(246)) - The storage directory /tmp/workdir/hadoop-ozone/integration-test/target/test-dir/MiniOzoneClusterImpl-b8e9a504-9fd0-40e1-9c94-ee4b607361f6/datanode-1/data/ratis/6d131d7d-5a55-49a7-a7a5-05a5328d8acb does not exist. Creating ...
2019-07-13 20:48:04,816 INFO  storage.RaftStorageDirectory (RaftStorageDirectory.java:tryLock(328)) - Lock on /tmp/workdir/hadoop-ozone/integration-test/target/test-dir/MiniOzoneClusterImpl-b8e9a504-9fd0-40e1-9c94-ee4b607361f6/datanode-1/data/ratis/6d131d7d-5a55-49a7-a7a5-05a5328d8acb/in_use.lock acquired by nodename 28672@trunk-nightly-6qp7m-2461138711
2019-07-13 20:48:04,819 INFO  storage.RaftStorage (RaftStorage.java:format(72)) - Storage directory /tmp/workdir/hadoop-ozone/integration-test/target/test-dir/MiniOzoneClusterImpl-b8e9a504-9fd0-40e1-9c94-ee4b607361f6/datanode-1/data/ratis/6d131d7d-5a55-49a7-a7a5-05a5328d8acb has been successfully formatted.
2019-07-13 20:48:04,819 INFO  ratis.ContainerStateMachine (ContainerStateMachine.java:loadSnapshot(200)) - The snapshot info is null.Setting the last applied index to:(t:0, i:~)
2019-07-13 20:48:04,820 INFO  server.RaftServerConfigKeys (ConfUtils.java:logGet(43)) - raft.server.leader.election.timeout = 120s (custom)
2019-07-13 20:48:04,820 INFO  server.RaftServerConfigKeys (ConfUtils.java:logGet(43)) - raft.server.log.use.memory = false (default)
2019-07-13 20:48:04,820 INFO  server.RaftServerConfigKeys (ConfUtils.java:logGet(43)) - raft.server.log.purge.gap = 1000000000 (custom)
2019-07-13 20:48:04,820 INFO  server.RaftServerConfigKeys (ConfUtils.java:logGet(43)) - raft.server.log.appender.buffer.byte-limit = 33554432 (custom)
2019-07-13 20:48:04,820 INFO  server.RaftServerConfigKeys (ConfUtils.java:logGet(43)) - raft.server.log.segment.size.max = 1048576 (custom)
2019-07-13 20:48:04,820 INFO  server.RaftServerConfigKeys (ConfUtils.java:logGet(43)) - raft.server.log.segment.cache.num.max = 2 (custom)
2019-07-13 20:48:04,821 INFO  segmented.SegmentedRaftLogWorker (SegmentedRaftLogWorker.java:<init>(172)) - new 847eefbe-6e44-47db-ba01-a98fe5cf82d2-SegmentedRaftLogWorker:Storage Directory /tmp/workdir/hadoop-ozone/integration-test/target/test-dir/MiniOzoneClusterImpl-b8e9a504-9fd0-40e1-9c94-ee4b607361f6/datanode-1/data/ratis/6d131d7d-5a55-49a7-a7a5-05a5328d8acb for RaftStorage:Storage Directory /tmp/workdir/hadoop-ozone/integration-test/target/test-dir/MiniOzoneClusterImpl-b8e9a504-9fd0-40e1-9c94-ee4b607361f6/datanode-1/data/ratis/6d131d7d-5a55-49a7-a7a5-05a5328d8acb
2019-07-13 20:48:04,821 INFO  server.RaftServerConfigKeys (ConfUtils.java:logGet(43)) - raft.server.log.queue.byte-limit = 2147483647 (custom)
2019-07-13 20:48:04,821 INFO  server.RaftServerConfigKeys (ConfUtils.java:logGet(43)) - raft.server.log.queue.element-limit = 1024 (custom)
2019-07-13 20:48:04,821 INFO  server.RaftServerConfigKeys (ConfUtils.java:logGet(43)) - raft.server.log.segment.size.max = 1048576 (custom)
2019-07-13 20:48:04,821 INFO  server.RaftServerConfigKeys (ConfUtils.java:logGet(43)) - raft.server.log.preallocated.size = 16384 (custom)
2019-07-13 20:48:04,822 INFO  server.RaftServerConfigKeys (ConfUtils.java:logGet(43)) - raft.server.log.write.buffer.size = 33554432 (custom)
2019-07-13 20:48:04,822 INFO  server.RaftServerConfigKeys (ConfUtils.java:logGet(43)) - raft.server.log.force.sync.num = 128 (default)
2019-07-13 20:48:04,822 INFO  server.RaftServerConfigKeys (ConfUtils.java:logGet(43)) - raft.server.log.statemachine.data.sync = true (default)
2019-07-13 20:48:04,822 INFO  server.RaftServerConfigKeys (ConfUtils.java:logGet(43)) - raft.server.log.statemachine.data.sync.timeout = 10s (default)
2019-07-13 20:48:04,822 INFO  server.RaftServerConfigKeys (ConfUtils.java:logGet(43)) - raft.server.log.statemachine.data.sync.timeout.retry = -1 (default)
2019-07-13 20:48:04,823 INFO  server.RaftServerConfigKeys (ConfUtils.java:logGet(43)) - raft.server.log.statemachine.data.caching.enabled = true (custom)
2019-07-13 20:48:04,823 INFO  segmented.SegmentedRaftLogWorker (SegmentedRaftLogWorker.java:lambda$new$0(132)) - 847eefbe-6e44-47db-ba01-a98fe5cf82d2-SegmentedRaftLogWorker:Storage Directory /tmp/workdir/hadoop-ozone/integration-test/target/test-dir/MiniOzoneClusterImpl-b8e9a504-9fd0-40e1-9c94-ee4b607361f6/datanode-1/data/ratis/6d131d7d-5a55-49a7-a7a5-05a5328d8acb: flushIndex: setUnconditionally 0 -> -1
2019-07-13 20:48:04,823 INFO  server.RaftServerConfigKeys (ConfUtils.java:logGet(43)) - raft.server.snapshot.auto.trigger.enabled = true (custom)
2019-07-13 20:48:04,824 INFO  server.RaftServerConfigKeys (ConfUtils.java:logGet(43)) - raft.server.snapshot.auto.trigger.threshold = 10000 (custom)
2019-07-13 20:48:04,824 INFO  server.RaftServerConfigKeys (ConfUtils.java:logGet(43)) - raft.server.retrycache.expirytime = 600000ms (custom)
2019-07-13 20:48:04,824 INFO  impl.RaftServerImpl (RaftServerImpl.java:start(180)) - 847eefbe-6e44-47db-ba01-a98fe5cf82d2: start group-05A5328D8ACB
2019-07-13 20:48:04,824 INFO  impl.RaftServerImpl (RaftServerImpl.java:setRole(171)) - 847eefbe-6e44-47db-ba01-a98fe5cf82d2:group-05A5328D8ACB changes role from null to FOLLOWER at term 0 for startAsFollower
2019-07-13 20:48:04,824 INFO  impl.RoleInfo (RoleInfo.java:updateAndGet(143)) - 847eefbe-6e44-47db-ba01-a98fe5cf82d2: start FollowerState
2019-07-13 20:48:04,825 INFO  util.JmxRegister (JmxRegister.java:tryRegister(44)) - Successfully registered JMX Bean with object name Ratis:service=RaftServer,group=group-05A5328D8ACB,id=847eefbe-6e44-47db-ba01-a98fe5cf82d2
2019-07-13 20:48:04,827 INFO  pipeline.PipelineStateManager (PipelineStateManager.java:addPipeline(56)) - Created pipeline Pipeline[ Id: 6d131d7d-5a55-49a7-a7a5-05a5328d8acb, Nodes: 847eefbe-6e44-47db-ba01-a98fe5cf82d2{ip: 192.168.5.168, host: trunk-nightly-6qp7m-2461138711, networkLocation: /default-rack, certSerialId: null}, Type:RATIS, Factor:ONE, State:OPEN]
2019-07-13 20:48:05,108 INFO  ozone.MiniOzoneClusterImpl (MiniOzoneClusterImpl.java:lambda$waitForClusterToBeReady$0(142)) - Waiting for cluster to be ready. Got 2 of 7 DN Heartbeats.
2019-07-13 20:48:05,304 INFO  node.SCMNodeManager (SCMNodeManager.java:register(269)) - Registered Data node : 42b88284-d0fa-470d-97e2-023b569d0f82{ip: 192.168.5.168, host: trunk-nightly-6qp7m-2461138711, networkLocation: /default-rack, certSerialId: null}
2019-07-13 20:48:05,323 INFO  impl.RaftServerProxy (RaftServerProxy.java:addNew(89)) - 42b88284-d0fa-470d-97e2-023b569d0f82: addNew group-EBB7E0B63E5C:[42b88284-d0fa-470d-97e2-023b569d0f82:192.168.5.168:44221] returns group-EBB7E0B63E5C:java.util.concurrent.CompletableFuture@66e1d8c1[Not completed]
2019-07-13 20:48:05,325 INFO  impl.RaftServerImpl (RaftServerImpl.java:<init>(93)) - 42b88284-d0fa-470d-97e2-023b569d0f82: new RaftServerImpl for group-EBB7E0B63E5C:[42b88284-d0fa-470d-97e2-023b569d0f82:192.168.5.168:44221] with ContainerStateMachine:uninitialized
2019-07-13 20:48:05,325 INFO  server.RaftServerConfigKeys (ConfUtils.java:logGet(43)) - raft.server.rpc.timeout.min = 5s (custom)
2019-07-13 20:48:05,325 INFO  server.RaftServerConfigKeys (ConfUtils.java:logGet(43)) - raft.server.rpc.timeout.max = 5200ms (custom)
2019-07-13 20:48:05,325 INFO  server.RaftServerConfigKeys (ConfUtils.java:logGet(43)) - raft.server.rpcslowness.timeout = 120s (custom)
2019-07-13 20:48:05,325 INFO  server.RaftServerConfigKeys (ConfUtils.java:logGet(43)) - raft.server.sleep.deviation.threshold = 300 (default)
2019-07-13 20:48:05,326 INFO  server.RaftServerConfigKeys (ConfUtils.java:logGet(43)) - raft.server.log.appender.install.snapshot.enabled = false (custom)
2019-07-13 20:48:05,326 INFO  impl.RaftServerImpl (ServerState.java:<init>(105)) - 42b88284-d0fa-470d-97e2-023b569d0f82:group-EBB7E0B63E5C ConfigurationManager, init=-1: [42b88284-d0fa-470d-97e2-023b569d0f82:192.168.5.168:44221], old=null, confs=<EMPTY_MAP>
2019-07-13 20:48:05,326 INFO  server.RaftServerConfigKeys (ConfUtils.java:logGet(43)) - raft.server.storage.dir = [/tmp/workdir/hadoop-ozone/integration-test/target/test-dir/MiniOzoneClusterImpl-b8e9a504-9fd0-40e1-9c94-ee4b607361f6/datanode-2/data/ratis] (custom)
2019-07-13 20:48:05,327 INFO  storage.RaftStorageDirectory (RaftStorageDirectory.java:analyzeStorage(246)) - The storage directory /tmp/workdir/hadoop-ozone/integration-test/target/test-dir/MiniOzoneClusterImpl-b8e9a504-9fd0-40e1-9c94-ee4b607361f6/datanode-2/data/ratis/ee8da4d7-09ac-49fb-bbd7-ebb7e0b63e5c does not exist. Creating ...
2019-07-13 20:48:05,331 INFO  storage.RaftStorageDirectory (RaftStorageDirectory.java:tryLock(328)) - Lock on /tmp/workdir/hadoop-ozone/integration-test/target/test-dir/MiniOzoneClusterImpl-b8e9a504-9fd0-40e1-9c94-ee4b607361f6/datanode-2/data/ratis/ee8da4d7-09ac-49fb-bbd7-ebb7e0b63e5c/in_use.lock acquired by nodename 28672@trunk-nightly-6qp7m-2461138711
2019-07-13 20:48:05,335 INFO  storage.RaftStorage (RaftStorage.java:format(72)) - Storage directory /tmp/workdir/hadoop-ozone/integration-test/target/test-dir/MiniOzoneClusterImpl-b8e9a504-9fd0-40e1-9c94-ee4b607361f6/datanode-2/data/ratis/ee8da4d7-09ac-49fb-bbd7-ebb7e0b63e5c has been successfully formatted.
2019-07-13 20:48:05,335 INFO  ratis.ContainerStateMachine (ContainerStateMachine.java:loadSnapshot(200)) - The snapshot info is null.Setting the last applied index to:(t:0, i:~)
2019-07-13 20:48:05,336 INFO  server.RaftServerConfigKeys (ConfUtils.java:logGet(43)) - raft.server.leader.election.timeout = 120s (custom)
2019-07-13 20:48:05,336 INFO  server.RaftServerConfigKeys (ConfUtils.java:logGet(43)) - raft.server.log.use.memory = false (default)
2019-07-13 20:48:05,336 INFO  server.RaftServerConfigKeys (ConfUtils.java:logGet(43)) - raft.server.log.purge.gap = 1000000000 (custom)
2019-07-13 20:48:05,336 INFO  server.RaftServerConfigKeys (ConfUtils.java:logGet(43)) - raft.server.log.appender.buffer.byte-limit = 33554432 (custom)
2019-07-13 20:48:05,336 INFO  server.RaftServerConfigKeys (ConfUtils.java:logGet(43)) - raft.server.log.segment.size.max = 1048576 (custom)
2019-07-13 20:48:05,337 INFO  server.RaftServerConfigKeys (ConfUtils.java:logGet(43)) - raft.server.log.segment.cache.num.max = 2 (custom)
2019-07-13 20:48:05,337 INFO  segmented.SegmentedRaftLogWorker (SegmentedRaftLogWorker.java:<init>(172)) - new 42b88284-d0fa-470d-97e2-023b569d0f82-SegmentedRaftLogWorker:Storage Directory /tmp/workdir/hadoop-ozone/integration-test/target/test-dir/MiniOzoneClusterImpl-b8e9a504-9fd0-40e1-9c94-ee4b607361f6/datanode-2/data/ratis/ee8da4d7-09ac-49fb-bbd7-ebb7e0b63e5c for RaftStorage:Storage Directory /tmp/workdir/hadoop-ozone/integration-test/target/test-dir/MiniOzoneClusterImpl-b8e9a504-9fd0-40e1-9c94-ee4b607361f6/datanode-2/data/ratis/ee8da4d7-09ac-49fb-bbd7-ebb7e0b63e5c
2019-07-13 20:48:05,337 INFO  server.RaftServerConfigKeys (ConfUtils.java:logGet(43)) - raft.server.log.queue.byte-limit = 2147483647 (custom)
2019-07-13 20:48:05,337 INFO  server.RaftServerConfigKeys (ConfUtils.java:logGet(43)) - raft.server.log.queue.element-limit = 1024 (custom)
2019-07-13 20:48:05,338 INFO  server.RaftServerConfigKeys (ConfUtils.java:logGet(43)) - raft.server.log.segment.size.max = 1048576 (custom)
2019-07-13 20:48:05,338 INFO  server.RaftServerConfigKeys (ConfUtils.java:logGet(43)) - raft.server.log.preallocated.size = 16384 (custom)
2019-07-13 20:48:05,338 INFO  server.RaftServerConfigKeys (ConfUtils.java:logGet(43)) - raft.server.log.write.buffer.size = 33554432 (custom)
2019-07-13 20:48:05,338 INFO  server.RaftServerConfigKeys (ConfUtils.java:logGet(43)) - raft.server.log.force.sync.num = 128 (default)
2019-07-13 20:48:05,338 INFO  server.RaftServerConfigKeys (ConfUtils.java:logGet(43)) - raft.server.log.statemachine.data.sync = true (default)
2019-07-13 20:48:05,338 INFO  server.RaftServerConfigKeys (ConfUtils.java:logGet(43)) - raft.server.log.statemachine.data.sync.timeout = 10s (default)
2019-07-13 20:48:05,339 INFO  server.RaftServerConfigKeys (ConfUtils.java:logGet(43)) - raft.server.log.statemachine.data.sync.timeout.retry = -1 (default)
2019-07-13 20:48:05,339 INFO  server.RaftServerConfigKeys (ConfUtils.java:logGet(43)) - raft.server.log.statemachine.data.caching.enabled = true (custom)
2019-07-13 20:48:05,339 INFO  segmented.SegmentedRaftLogWorker (SegmentedRaftLogWorker.java:lambda$new$0(132)) - 42b88284-d0fa-470d-97e2-023b569d0f82-SegmentedRaftLogWorker:Storage Directory /tmp/workdir/hadoop-ozone/integration-test/target/test-dir/MiniOzoneClusterImpl-b8e9a504-9fd0-40e1-9c94-ee4b607361f6/datanode-2/data/ratis/ee8da4d7-09ac-49fb-bbd7-ebb7e0b63e5c: flushIndex: setUnconditionally 0 -> -1
2019-07-13 20:48:05,340 INFO  server.RaftServerConfigKeys (ConfUtils.java:logGet(43)) - raft.server.snapshot.auto.trigger.enabled = true (custom)
2019-07-13 20:48:05,340 INFO  server.RaftServerConfigKeys (ConfUtils.java:logGet(43)) - raft.server.snapshot.auto.trigger.threshold = 10000 (custom)
2019-07-13 20:48:05,340 INFO  server.RaftServerConfigKeys (ConfUtils.java:logGet(43)) - raft.server.retrycache.expirytime = 600000ms (custom)
2019-07-13 20:48:05,340 INFO  impl.RaftServerImpl (RaftServerImpl.java:start(180)) - 42b88284-d0fa-470d-97e2-023b569d0f82: start group-EBB7E0B63E5C
2019-07-13 20:48:05,341 INFO  impl.RaftServerImpl (RaftServerImpl.java:setRole(171)) - 42b88284-d0fa-470d-97e2-023b569d0f82:group-EBB7E0B63E5C changes role from null to FOLLOWER at term 0 for startAsFollower
2019-07-13 20:48:05,341 INFO  impl.RoleInfo (RoleInfo.java:updateAndGet(143)) - 42b88284-d0fa-470d-97e2-023b569d0f82: start FollowerState
2019-07-13 20:48:05,341 INFO  util.JmxRegister (JmxRegister.java:tryRegister(44)) - Successfully registered JMX Bean with object name Ratis:service=RaftServer,group=group-EBB7E0B63E5C,id=42b88284-d0fa-470d-97e2-023b569d0f82
2019-07-13 20:48:05,344 INFO  pipeline.PipelineStateManager (PipelineStateManager.java:addPipeline(56)) - Created pipeline Pipeline[ Id: ee8da4d7-09ac-49fb-bbd7-ebb7e0b63e5c, Nodes: 42b88284-d0fa-470d-97e2-023b569d0f82{ip: 192.168.5.168, host: trunk-nightly-6qp7m-2461138711, networkLocation: /default-rack, certSerialId: null}, Type:RATIS, Factor:ONE, State:OPEN]
2019-07-13 20:48:05,384 INFO  impl.RaftServerProxy (RaftServerProxy.java:addNew(89)) - 847eefbe-6e44-47db-ba01-a98fe5cf82d2: addNew group-D067A691E475:[b31fc272-098f-4b1d-bfc1-f1c2898dadba:192.168.5.168:34218, 847eefbe-6e44-47db-ba01-a98fe5cf82d2:192.168.5.168:37919, 42b88284-d0fa-470d-97e2-023b569d0f82:192.168.5.168:44221] returns group-D067A691E475:java.util.concurrent.CompletableFuture@21ed164b[Not completed]
2019-07-13 20:48:05,384 INFO  impl.RaftServerProxy (RaftServerProxy.java:addNew(89)) - 42b88284-d0fa-470d-97e2-023b569d0f82: addNew group-D067A691E475:[b31fc272-098f-4b1d-bfc1-f1c2898dadba:192.168.5.168:34218, 847eefbe-6e44-47db-ba01-a98fe5cf82d2:192.168.5.168:37919, 42b88284-d0fa-470d-97e2-023b569d0f82:192.168.5.168:44221] returns group-D067A691E475:java.util.concurrent.CompletableFuture@7b4a8985[Not completed]
2019-07-13 20:48:05,384 INFO  impl.RaftServerProxy (RaftServerProxy.java:addNew(89)) - b31fc272-098f-4b1d-bfc1-f1c2898dadba: addNew group-D067A691E475:[b31fc272-098f-4b1d-bfc1-f1c2898dadba:192.168.5.168:34218, 847eefbe-6e44-47db-ba01-a98fe5cf82d2:192.168.5.168:37919, 42b88284-d0fa-470d-97e2-023b569d0f82:192.168.5.168:44221] returns group-D067A691E475:java.util.concurrent.CompletableFuture@783bb7b9[Not completed]
2019-07-13 20:48:05,386 INFO  impl.RaftServerImpl (RaftServerImpl.java:<init>(93)) - 847eefbe-6e44-47db-ba01-a98fe5cf82d2: new RaftServerImpl for group-D067A691E475:[b31fc272-098f-4b1d-bfc1-f1c2898dadba:192.168.5.168:34218, 847eefbe-6e44-47db-ba01-a98fe5cf82d2:192.168.5.168:37919, 42b88284-d0fa-470d-97e2-023b569d0f82:192.168.5.168:44221] with ContainerStateMachine:uninitialized
2019-07-13 20:48:05,386 INFO  server.RaftServerConfigKeys (ConfUtils.java:logGet(43)) - raft.server.rpc.timeout.min = 5s (custom)
2019-07-13 20:48:05,386 INFO  server.RaftServerConfigKeys (ConfUtils.java:logGet(43)) - raft.server.rpc.timeout.max = 5200ms (custom)
2019-07-13 20:48:05,386 INFO  server.RaftServerConfigKeys (ConfUtils.java:logGet(43)) - raft.server.rpcslowness.timeout = 120s (custom)
2019-07-13 20:48:05,386 INFO  server.RaftServerConfigKeys (ConfUtils.java:logGet(43)) - raft.server.sleep.deviation.threshold = 300 (default)
2019-07-13 20:48:05,386 INFO  impl.RaftServerImpl (RaftServerImpl.java:<init>(93)) - b31fc272-098f-4b1d-bfc1-f1c2898dadba: new RaftServerImpl for group-D067A691E475:[b31fc272-098f-4b1d-bfc1-f1c2898dadba:192.168.5.168:34218, 847eefbe-6e44-47db-ba01-a98fe5cf82d2:192.168.5.168:37919, 42b88284-d0fa-470d-97e2-023b569d0f82:192.168.5.168:44221] with ContainerStateMachine:uninitialized
2019-07-13 20:48:05,386 INFO  server.RaftServerConfigKeys (ConfUtils.java:logGet(43)) - raft.server.log.appender.install.snapshot.enabled = false (custom)
2019-07-13 20:48:05,387 INFO  server.RaftServerConfigKeys (ConfUtils.java:logGet(43)) - raft.server.rpc.timeout.min = 5s (custom)
2019-07-13 20:48:05,387 INFO  impl.RaftServerImpl (RaftServerImpl.java:<init>(93)) - 42b88284-d0fa-470d-97e2-023b569d0f82: new RaftServerImpl for group-D067A691E475:[b31fc272-098f-4b1d-bfc1-f1c2898dadba:192.168.5.168:34218, 847eefbe-6e44-47db-ba01-a98fe5cf82d2:192.168.5.168:37919, 42b88284-d0fa-470d-97e2-023b569d0f82:192.168.5.168:44221] with ContainerStateMachine:uninitialized
2019-07-13 20:48:05,387 INFO  impl.RaftServerImpl (ServerState.java:<init>(105)) - 847eefbe-6e44-47db-ba01-a98fe5cf82d2:group-D067A691E475 ConfigurationManager, init=-1: [b31fc272-098f-4b1d-bfc1-f1c2898dadba:192.168.5.168:34218, 847eefbe-6e44-47db-ba01-a98fe5cf82d2:192.168.5.168:37919, 42b88284-d0fa-470d-97e2-023b569d0f82:192.168.5.168:44221], old=null, confs=<EMPTY_MAP>
2019-07-13 20:48:05,387 INFO  server.RaftServerConfigKeys (ConfUtils.java:logGet(43)) - raft.server.rpc.timeout.min = 5s (custom)
2019-07-13 20:48:05,387 INFO  server.RaftServerConfigKeys (ConfUtils.java:logGet(43)) - raft.server.rpc.timeout.max = 5200ms (custom)
2019-07-13 20:48:05,387 INFO  server.RaftServerConfigKeys (ConfUtils.java:logGet(43)) - raft.server.rpc.timeout.max = 5200ms (custom)
2019-07-13 20:48:05,387 INFO  server.RaftServerConfigKeys (ConfUtils.java:logGet(43)) - raft.server.storage.dir = [/tmp/workdir/hadoop-ozone/integration-test/target/test-dir/MiniOzoneClusterImpl-b8e9a504-9fd0-40e1-9c94-ee4b607361f6/datanode-1/data/ratis] (custom)
2019-07-13 20:48:05,388 INFO  server.RaftServerConfigKeys (ConfUtils.java:logGet(43)) - raft.server.rpcslowness.timeout = 120s (custom)
2019-07-13 20:48:05,388 INFO  server.RaftServerConfigKeys (ConfUtils.java:logGet(43)) - raft.server.sleep.deviation.threshold = 300 (default)
2019-07-13 20:48:05,388 INFO  server.RaftServerConfigKeys (ConfUtils.java:logGet(43)) - raft.server.rpcslowness.timeout = 120s (custom)
2019-07-13 20:48:05,388 INFO  server.RaftServerConfigKeys (ConfUtils.java:logGet(43)) - raft.server.log.appender.install.snapshot.enabled = false (custom)
2019-07-13 20:48:05,388 INFO  storage.RaftStorageDirectory (RaftStorageDirectory.java:analyzeStorage(246)) - The storage directory /tmp/workdir/hadoop-ozone/integration-test/target/test-dir/MiniOzoneClusterImpl-b8e9a504-9fd0-40e1-9c94-ee4b607361f6/datanode-1/data/ratis/31285b1b-df83-4a96-abe1-d067a691e475 does not exist. Creating ...
2019-07-13 20:48:05,388 INFO  impl.RaftServerImpl (ServerState.java:<init>(105)) - 42b88284-d0fa-470d-97e2-023b569d0f82:group-D067A691E475 ConfigurationManager, init=-1: [b31fc272-098f-4b1d-bfc1-f1c2898dadba:192.168.5.168:34218, 847eefbe-6e44-47db-ba01-a98fe5cf82d2:192.168.5.168:37919, 42b88284-d0fa-470d-97e2-023b569d0f82:192.168.5.168:44221], old=null, confs=<EMPTY_MAP>
2019-07-13 20:48:05,388 INFO  server.RaftServerConfigKeys (ConfUtils.java:logGet(43)) - raft.server.sleep.deviation.threshold = 300 (default)
2019-07-13 20:48:05,389 INFO  server.RaftServerConfigKeys (ConfUtils.java:logGet(43)) - raft.server.storage.dir = [/tmp/workdir/hadoop-ozone/integration-test/target/test-dir/MiniOzoneClusterImpl-b8e9a504-9fd0-40e1-9c94-ee4b607361f6/datanode-2/data/ratis] (custom)
2019-07-13 20:48:05,389 INFO  server.RaftServerConfigKeys (ConfUtils.java:logGet(43)) - raft.server.log.appender.install.snapshot.enabled = false (custom)
2019-07-13 20:48:05,389 INFO  impl.RaftServerImpl (ServerState.java:<init>(105)) - b31fc272-098f-4b1d-bfc1-f1c2898dadba:group-D067A691E475 ConfigurationManager, init=-1: [b31fc272-098f-4b1d-bfc1-f1c2898dadba:192.168.5.168:34218, 847eefbe-6e44-47db-ba01-a98fe5cf82d2:192.168.5.168:37919, 42b88284-d0fa-470d-97e2-023b569d0f82:192.168.5.168:44221], old=null, confs=<EMPTY_MAP>
2019-07-13 20:48:05,389 INFO  storage.RaftStorageDirectory (RaftStorageDirectory.java:analyzeStorage(246)) - The storage directory /tmp/workdir/hadoop-ozone/integration-test/target/test-dir/MiniOzoneClusterImpl-b8e9a504-9fd0-40e1-9c94-ee4b607361f6/datanode-2/data/ratis/31285b1b-df83-4a96-abe1-d067a691e475 does not exist. Creating ...
2019-07-13 20:48:05,389 INFO  server.RaftServerConfigKeys (ConfUtils.java:logGet(43)) - raft.server.storage.dir = [/tmp/workdir/hadoop-ozone/integration-test/target/test-dir/MiniOzoneClusterImpl-b8e9a504-9fd0-40e1-9c94-ee4b607361f6/datanode-0/data/ratis] (custom)
2019-07-13 20:48:05,390 INFO  storage.RaftStorageDirectory (RaftStorageDirectory.java:analyzeStorage(246)) - The storage directory /tmp/workdir/hadoop-ozone/integration-test/target/test-dir/MiniOzoneClusterImpl-b8e9a504-9fd0-40e1-9c94-ee4b607361f6/datanode-0/data/ratis/31285b1b-df83-4a96-abe1-d067a691e475 does not exist. Creating ...
2019-07-13 20:48:05,400 INFO  storage.RaftStorageDirectory (RaftStorageDirectory.java:tryLock(328)) - Lock on /tmp/workdir/hadoop-ozone/integration-test/target/test-dir/MiniOzoneClusterImpl-b8e9a504-9fd0-40e1-9c94-ee4b607361f6/datanode-1/data/ratis/31285b1b-df83-4a96-abe1-d067a691e475/in_use.lock acquired by nodename 28672@trunk-nightly-6qp7m-2461138711
2019-07-13 20:48:05,400 INFO  storage.RaftStorageDirectory (RaftStorageDirectory.java:tryLock(328)) - Lock on /tmp/workdir/hadoop-ozone/integration-test/target/test-dir/MiniOzoneClusterImpl-b8e9a504-9fd0-40e1-9c94-ee4b607361f6/datanode-2/data/ratis/31285b1b-df83-4a96-abe1-d067a691e475/in_use.lock acquired by nodename 28672@trunk-nightly-6qp7m-2461138711
2019-07-13 20:48:05,400 INFO  storage.RaftStorageDirectory (RaftStorageDirectory.java:tryLock(328)) - Lock on /tmp/workdir/hadoop-ozone/integration-test/target/test-dir/MiniOzoneClusterImpl-b8e9a504-9fd0-40e1-9c94-ee4b607361f6/datanode-0/data/ratis/31285b1b-df83-4a96-abe1-d067a691e475/in_use.lock acquired by nodename 28672@trunk-nightly-6qp7m-2461138711
2019-07-13 20:48:05,407 INFO  storage.RaftStorage (RaftStorage.java:format(72)) - Storage directory /tmp/workdir/hadoop-ozone/integration-test/target/test-dir/MiniOzoneClusterImpl-b8e9a504-9fd0-40e1-9c94-ee4b607361f6/datanode-1/data/ratis/31285b1b-df83-4a96-abe1-d067a691e475 has been successfully formatted.
2019-07-13 20:48:05,407 INFO  storage.RaftStorage (RaftStorage.java:format(72)) - Storage directory /tmp/workdir/hadoop-ozone/integration-test/target/test-dir/MiniOzoneClusterImpl-b8e9a504-9fd0-40e1-9c94-ee4b607361f6/datanode-0/data/ratis/31285b1b-df83-4a96-abe1-d067a691e475 has been successfully formatted.
2019-07-13 20:48:05,407 INFO  storage.RaftStorage (RaftStorage.java:format(72)) - Storage directory /tmp/workdir/hadoop-ozone/integration-test/target/test-dir/MiniOzoneClusterImpl-b8e9a504-9fd0-40e1-9c94-ee4b607361f6/datanode-2/data/ratis/31285b1b-df83-4a96-abe1-d067a691e475 has been successfully formatted.
2019-07-13 20:48:05,408 INFO  ratis.ContainerStateMachine (ContainerStateMachine.java:loadSnapshot(200)) - The snapshot info is null.Setting the last applied index to:(t:0, i:~)
2019-07-13 20:48:05,408 INFO  ratis.ContainerStateMachine (ContainerStateMachine.java:loadSnapshot(200)) - The snapshot info is null.Setting the last applied index to:(t:0, i:~)
2019-07-13 20:48:05,408 INFO  server.RaftServerConfigKeys (ConfUtils.java:logGet(43)) - raft.server.leader.election.timeout = 120s (custom)
2019-07-13 20:48:05,408 INFO  ratis.ContainerStateMachine (ContainerStateMachine.java:loadSnapshot(200)) - The snapshot info is null.Setting the last applied index to:(t:0, i:~)
2019-07-13 20:48:05,408 INFO  server.RaftServerConfigKeys (ConfUtils.java:logGet(43)) - raft.server.log.use.memory = false (default)
2019-07-13 20:48:05,408 INFO  server.RaftServerConfigKeys (ConfUtils.java:logGet(43)) - raft.server.leader.election.timeout = 120s (custom)
2019-07-13 20:48:05,409 INFO  server.RaftServerConfigKeys (ConfUtils.java:logGet(43)) - raft.server.log.purge.gap = 1000000000 (custom)
2019-07-13 20:48:05,409 INFO  server.RaftServerConfigKeys (ConfUtils.java:logGet(43)) - raft.server.leader.election.timeout = 120s (custom)
2019-07-13 20:48:05,409 INFO  server.RaftServerConfigKeys (ConfUtils.java:logGet(43)) - raft.server.log.appender.buffer.byte-limit = 33554432 (custom)
2019-07-13 20:48:05,409 INFO  server.RaftServerConfigKeys (ConfUtils.java:logGet(43)) - raft.server.log.use.memory = false (default)
2019-07-13 20:48:05,409 INFO  server.RaftServerConfigKeys (ConfUtils.java:logGet(43)) - raft.server.log.segment.size.max = 1048576 (custom)
2019-07-13 20:48:05,409 INFO  server.RaftServerConfigKeys (ConfUtils.java:logGet(43)) - raft.server.log.use.memory = false (default)
2019-07-13 20:48:05,410 INFO  server.RaftServerConfigKeys (ConfUtils.java:logGet(43)) - raft.server.log.segment.cache.num.max = 2 (custom)
2019-07-13 20:48:05,410 INFO  server.RaftServerConfigKeys (ConfUtils.java:logGet(43)) - raft.server.log.purge.gap = 1000000000 (custom)
2019-07-13 20:48:05,410 INFO  segmented.SegmentedRaftLogWorker (SegmentedRaftLogWorker.java:<init>(172)) - new b31fc272-098f-4b1d-bfc1-f1c2898dadba-SegmentedRaftLogWorker:Storage Directory /tmp/workdir/hadoop-ozone/integration-test/target/test-dir/MiniOzoneClusterImpl-b8e9a504-9fd0-40e1-9c94-ee4b607361f6/datanode-0/data/ratis/31285b1b-df83-4a96-abe1-d067a691e475 for RaftStorage:Storage Directory /tmp/workdir/hadoop-ozone/integration-test/target/test-dir/MiniOzoneClusterImpl-b8e9a504-9fd0-40e1-9c94-ee4b607361f6/datanode-0/data/ratis/31285b1b-df83-4a96-abe1-d067a691e475
2019-07-13 20:48:05,410 INFO  server.RaftServerConfigKeys (ConfUtils.java:logGet(43)) - raft.server.log.purge.gap = 1000000000 (custom)
2019-07-13 20:48:05,410 INFO  server.RaftServerConfigKeys (ConfUtils.java:logGet(43)) - raft.server.log.queue.byte-limit = 2147483647 (custom)
2019-07-13 20:48:05,410 INFO  server.RaftServerConfigKeys (ConfUtils.java:logGet(43)) - raft.server.log.appender.buffer.byte-limit = 33554432 (custom)
2019-07-13 20:48:05,411 INFO  server.RaftServerConfigKeys (ConfUtils.java:logGet(43)) - raft.server.log.queue.element-limit = 1024 (custom)
2019-07-13 20:48:05,411 INFO  server.RaftServerConfigKeys (ConfUtils.java:logGet(43)) - raft.server.log.appender.buffer.byte-limit = 33554432 (custom)
2019-07-13 20:48:05,411 INFO  server.RaftServerConfigKeys (ConfUtils.java:logGet(43)) - raft.server.log.segment.size.max = 1048576 (custom)
2019-07-13 20:48:05,411 INFO  server.RaftServerConfigKeys (ConfUtils.java:logGet(43)) - raft.server.log.segment.size.max = 1048576 (custom)
2019-07-13 20:48:05,411 INFO  server.RaftServerConfigKeys (ConfUtils.java:logGet(43)) - raft.server.log.preallocated.size = 16384 (custom)
2019-07-13 20:48:05,411 INFO  server.RaftServerConfigKeys (ConfUtils.java:logGet(43)) - raft.server.log.segment.size.max = 1048576 (custom)
2019-07-13 20:48:05,412 INFO  server.RaftServerConfigKeys (ConfUtils.java:logGet(43)) - raft.server.log.write.buffer.size = 33554432 (custom)
2019-07-13 20:48:05,412 INFO  server.RaftServerConfigKeys (ConfUtils.java:logGet(43)) - raft.server.log.segment.cache.num.max = 2 (custom)
2019-07-13 20:48:05,412 INFO  server.RaftServerConfigKeys (ConfUtils.java:logGet(43)) - raft.server.log.force.sync.num = 128 (default)
2019-07-13 20:48:05,412 INFO  server.RaftServerConfigKeys (ConfUtils.java:logGet(43)) - raft.server.log.statemachine.data.sync = true (default)
2019-07-13 20:48:05,412 INFO  server.RaftServerConfigKeys (ConfUtils.java:logGet(43)) - raft.server.log.segment.cache.num.max = 2 (custom)
2019-07-13 20:48:05,413 INFO  server.RaftServerConfigKeys (ConfUtils.java:logGet(43)) - raft.server.log.statemachine.data.sync.timeout = 10s (default)
2019-07-13 20:48:05,412 INFO  segmented.SegmentedRaftLogWorker (SegmentedRaftLogWorker.java:<init>(172)) - new 847eefbe-6e44-47db-ba01-a98fe5cf82d2-SegmentedRaftLogWorker:Storage Directory /tmp/workdir/hadoop-ozone/integration-test/target/test-dir/MiniOzoneClusterImpl-b8e9a504-9fd0-40e1-9c94-ee4b607361f6/datanode-1/data/ratis/31285b1b-df83-4a96-abe1-d067a691e475 for RaftStorage:Storage Directory /tmp/workdir/hadoop-ozone/integration-test/target/test-dir/MiniOzoneClusterImpl-b8e9a504-9fd0-40e1-9c94-ee4b607361f6/datanode-1/data/ratis/31285b1b-df83-4a96-abe1-d067a691e475
2019-07-13 20:48:05,413 INFO  server.RaftServerConfigKeys (ConfUtils.java:logGet(43)) - raft.server.log.statemachine.data.sync.timeout.retry = -1 (default)
2019-07-13 20:48:05,413 INFO  segmented.SegmentedRaftLogWorker (SegmentedRaftLogWorker.java:<init>(172)) - new 42b88284-d0fa-470d-97e2-023b569d0f82-SegmentedRaftLogWorker:Storage Directory /tmp/workdir/hadoop-ozone/integration-test/target/test-dir/MiniOzoneClusterImpl-b8e9a504-9fd0-40e1-9c94-ee4b607361f6/datanode-2/data/ratis/31285b1b-df83-4a96-abe1-d067a691e475 for RaftStorage:Storage Directory /tmp/workdir/hadoop-ozone/integration-test/target/test-dir/MiniOzoneClusterImpl-b8e9a504-9fd0-40e1-9c94-ee4b607361f6/datanode-2/data/ratis/31285b1b-df83-4a96-abe1-d067a691e475
2019-07-13 20:48:05,413 INFO  server.RaftServerConfigKeys (ConfUtils.java:logGet(43)) - raft.server.log.statemachine.data.caching.enabled = true (custom)
2019-07-13 20:48:05,413 INFO  server.RaftServerConfigKeys (ConfUtils.java:logGet(43)) - raft.server.log.queue.byte-limit = 2147483647 (custom)
2019-07-13 20:48:05,413 INFO  server.RaftServerConfigKeys (ConfUtils.java:logGet(43)) - raft.server.log.queue.byte-limit = 2147483647 (custom)
2019-07-13 20:48:05,414 INFO  segmented.SegmentedRaftLogWorker (SegmentedRaftLogWorker.java:lambda$new$0(132)) - b31fc272-098f-4b1d-bfc1-f1c2898dadba-SegmentedRaftLogWorker:Storage Directory /tmp/workdir/hadoop-ozone/integration-test/target/test-dir/MiniOzoneClusterImpl-b8e9a504-9fd0-40e1-9c94-ee4b607361f6/datanode-0/data/ratis/31285b1b-df83-4a96-abe1-d067a691e475: flushIndex: setUnconditionally 0 -> -1
2019-07-13 20:48:05,414 INFO  server.RaftServerConfigKeys (ConfUtils.java:logGet(43)) - raft.server.log.queue.element-limit = 1024 (custom)
2019-07-13 20:48:05,414 INFO  server.RaftServerConfigKeys (ConfUtils.java:logGet(43)) - raft.server.log.queue.element-limit = 1024 (custom)
2019-07-13 20:48:05,414 INFO  server.RaftServerConfigKeys (ConfUtils.java:logGet(43)) - raft.server.snapshot.auto.trigger.enabled = true (custom)
2019-07-13 20:48:05,414 INFO  server.RaftServerConfigKeys (ConfUtils.java:logGet(43)) - raft.server.log.segment.size.max = 1048576 (custom)
2019-07-13 20:48:05,415 INFO  server.RaftServerConfigKeys (ConfUtils.java:logGet(43)) - raft.server.snapshot.auto.trigger.threshold = 10000 (custom)
2019-07-13 20:48:05,414 INFO  server.RaftServerConfigKeys (ConfUtils.java:logGet(43)) - raft.server.log.segment.size.max = 1048576 (custom)
2019-07-13 20:48:05,415 INFO  server.RaftServerConfigKeys (ConfUtils.java:logGet(43)) - raft.server.retrycache.expirytime = 600000ms (custom)
2019-07-13 20:48:05,415 INFO  server.RaftServerConfigKeys (ConfUtils.java:logGet(43)) - raft.server.log.preallocated.size = 16384 (custom)
2019-07-13 20:48:05,415 INFO  impl.RaftServerImpl (RaftServerImpl.java:start(180)) - b31fc272-098f-4b1d-bfc1-f1c2898dadba: start group-D067A691E475
2019-07-13 20:48:05,416 INFO  impl.RaftServerImpl (RaftServerImpl.java:setRole(171)) - b31fc272-098f-4b1d-bfc1-f1c2898dadba:group-D067A691E475 changes role from null to FOLLOWER at term 0 for startAsFollower
2019-07-13 20:48:05,415 INFO  server.RaftServerConfigKeys (ConfUtils.java:logGet(43)) - raft.server.log.preallocated.size = 16384 (custom)
2019-07-13 20:48:05,416 INFO  impl.RoleInfo (RoleInfo.java:updateAndGet(143)) - b31fc272-098f-4b1d-bfc1-f1c2898dadba: start FollowerState
2019-07-13 20:48:05,416 INFO  server.RaftServerConfigKeys (ConfUtils.java:logGet(43)) - raft.server.log.write.buffer.size = 33554432 (custom)
2019-07-13 20:48:05,416 INFO  server.RaftServerConfigKeys (ConfUtils.java:logGet(43)) - raft.server.log.write.buffer.size = 33554432 (custom)
2019-07-13 20:48:05,416 INFO  server.RaftServerConfigKeys (ConfUtils.java:logGet(43)) - raft.server.log.force.sync.num = 128 (default)
2019-07-13 20:48:05,461 INFO  util.JmxRegister (JmxRegister.java:tryRegister(44)) - Successfully registered JMX Bean with object name Ratis:service=RaftServer,group=group-D067A691E475,id=b31fc272-098f-4b1d-bfc1-f1c2898dadba
2019-07-13 20:48:05,417 INFO  server.RaftServerConfigKeys (ConfUtils.java:logGet(43)) - raft.server.log.force.sync.num = 128 (default)
2019-07-13 20:48:05,462 INFO  server.RaftServerConfigKeys (ConfUtils.java:logGet(43)) - raft.server.log.statemachine.data.sync = true (default)
2019-07-13 20:48:05,462 INFO  server.RaftServerConfigKeys (ConfUtils.java:logGet(43)) - raft.server.log.statemachine.data.sync = true (default)
2019-07-13 20:48:05,463 INFO  server.RaftServerConfigKeys (ConfUtils.java:logGet(43)) - raft.server.log.statemachine.data.sync.timeout = 10s (default)
2019-07-13 20:48:05,490 INFO  server.RaftServerConfigKeys (ConfUtils.java:logGet(43)) - raft.server.log.statemachine.data.sync.timeout = 10s (default)
2019-07-13 20:48:05,490 INFO  server.RaftServerConfigKeys (ConfUtils.java:logGet(43)) - raft.server.log.statemachine.data.sync.timeout.retry = -1 (default)
2019-07-13 20:48:05,490 INFO  server.RaftServerConfigKeys (ConfUtils.java:logGet(43)) - raft.server.log.statemachine.data.sync.timeout.retry = -1 (default)
2019-07-13 20:48:05,491 INFO  server.RaftServerConfigKeys (ConfUtils.java:logGet(43)) - raft.server.log.statemachine.data.caching.enabled = true (custom)
2019-07-13 20:48:05,491 INFO  server.RaftServerConfigKeys (ConfUtils.java:logGet(43)) - raft.server.log.statemachine.data.caching.enabled = true (custom)
2019-07-13 20:48:05,491 INFO  segmented.SegmentedRaftLogWorker (SegmentedRaftLogWorker.java:lambda$new$0(132)) - 847eefbe-6e44-47db-ba01-a98fe5cf82d2-SegmentedRaftLogWorker:Storage Directory /tmp/workdir/hadoop-ozone/integration-test/target/test-dir/MiniOzoneClusterImpl-b8e9a504-9fd0-40e1-9c94-ee4b607361f6/datanode-1/data/ratis/31285b1b-df83-4a96-abe1-d067a691e475: flushIndex: setUnconditionally 0 -> -1
2019-07-13 20:48:05,492 INFO  segmented.SegmentedRaftLogWorker (SegmentedRaftLogWorker.java:lambda$new$0(132)) - 42b88284-d0fa-470d-97e2-023b569d0f82-SegmentedRaftLogWorker:Storage Directory /tmp/workdir/hadoop-ozone/integration-test/target/test-dir/MiniOzoneClusterImpl-b8e9a504-9fd0-40e1-9c94-ee4b607361f6/datanode-2/data/ratis/31285b1b-df83-4a96-abe1-d067a691e475: flushIndex: setUnconditionally 0 -> -1
2019-07-13 20:48:05,492 INFO  server.RaftServerConfigKeys (ConfUtils.java:logGet(43)) - raft.server.snapshot.auto.trigger.enabled = true (custom)
2019-07-13 20:48:05,492 INFO  server.RaftServerConfigKeys (ConfUtils.java:logGet(43)) - raft.server.snapshot.auto.trigger.threshold = 10000 (custom)
2019-07-13 20:48:05,492 INFO  server.RaftServerConfigKeys (ConfUtils.java:logGet(43)) - raft.server.snapshot.auto.trigger.enabled = true (custom)
2019-07-13 20:48:05,492 INFO  server.RaftServerConfigKeys (ConfUtils.java:logGet(43)) - raft.server.retrycache.expirytime = 600000ms (custom)
2019-07-13 20:48:05,492 INFO  server.RaftServerConfigKeys (ConfUtils.java:logGet(43)) - raft.server.snapshot.auto.trigger.threshold = 10000 (custom)
2019-07-13 20:48:05,492 INFO  impl.RaftServerImpl (RaftServerImpl.java:start(180)) - 847eefbe-6e44-47db-ba01-a98fe5cf82d2: start group-D067A691E475
2019-07-13 20:48:05,493 INFO  server.RaftServerConfigKeys (ConfUtils.java:logGet(43)) - raft.server.retrycache.expirytime = 600000ms (custom)
2019-07-13 20:48:05,493 INFO  impl.RaftServerImpl (RaftServerImpl.java:setRole(171)) - 847eefbe-6e44-47db-ba01-a98fe5cf82d2:group-D067A691E475 changes role from null to FOLLOWER at term 0 for startAsFollower
2019-07-13 20:48:05,493 INFO  impl.RaftServerImpl (RaftServerImpl.java:start(180)) - 42b88284-d0fa-470d-97e2-023b569d0f82: start group-D067A691E475
2019-07-13 20:48:05,493 INFO  impl.RoleInfo (RoleInfo.java:updateAndGet(143)) - 847eefbe-6e44-47db-ba01-a98fe5cf82d2: start FollowerState
2019-07-13 20:48:05,493 INFO  impl.RaftServerImpl (RaftServerImpl.java:setRole(171)) - 42b88284-d0fa-470d-97e2-023b569d0f82:group-D067A691E475 changes role from null to FOLLOWER at term 0 for startAsFollower
2019-07-13 20:48:05,494 INFO  impl.RoleInfo (RoleInfo.java:updateAndGet(143)) - 42b88284-d0fa-470d-97e2-023b569d0f82: start FollowerState
2019-07-13 20:48:05,494 INFO  util.JmxRegister (JmxRegister.java:tryRegister(44)) - Successfully registered JMX Bean with object name Ratis:service=RaftServer,group=group-D067A691E475,id=847eefbe-6e44-47db-ba01-a98fe5cf82d2
2019-07-13 20:48:05,494 INFO  util.JmxRegister (JmxRegister.java:tryRegister(44)) - Successfully registered JMX Bean with object name Ratis:service=RaftServer,group=group-D067A691E475,id=42b88284-d0fa-470d-97e2-023b569d0f82
2019-07-13 20:48:05,497 INFO  pipeline.PipelineStateManager (PipelineStateManager.java:addPipeline(56)) - Created pipeline Pipeline[ Id: 31285b1b-df83-4a96-abe1-d067a691e475, Nodes: b31fc272-098f-4b1d-bfc1-f1c2898dadba{ip: 192.168.5.168, host: trunk-nightly-6qp7m-2461138711, networkLocation: /default-rack, certSerialId: null}847eefbe-6e44-47db-ba01-a98fe5cf82d2{ip: 192.168.5.168, host: trunk-nightly-6qp7m-2461138711, networkLocation: /default-rack, certSerialId: null}42b88284-d0fa-470d-97e2-023b569d0f82{ip: 192.168.5.168, host: trunk-nightly-6qp7m-2461138711, networkLocation: /default-rack, certSerialId: null}, Type:RATIS, Factor:THREE, State:OPEN]
2019-07-13 20:48:05,533 INFO  node.SCMNodeManager (SCMNodeManager.java:register(269)) - Registered Data node : 3bbba857-3c63-4ed2-accd-adca406a2ae3{ip: 192.168.5.168, host: trunk-nightly-6qp7m-2461138711, networkLocation: /default-rack, certSerialId: null}
2019-07-13 20:48:05,551 INFO  impl.RaftServerProxy (RaftServerProxy.java:addNew(89)) - 3bbba857-3c63-4ed2-accd-adca406a2ae3: addNew group-AF7C45BEE236:[3bbba857-3c63-4ed2-accd-adca406a2ae3:192.168.5.168:37765] returns group-AF7C45BEE236:java.util.concurrent.CompletableFuture@354a57e[Not completed]
2019-07-13 20:48:05,552 INFO  impl.RaftServerImpl (RaftServerImpl.java:<init>(93)) - 3bbba857-3c63-4ed2-accd-adca406a2ae3: new RaftServerImpl for group-AF7C45BEE236:[3bbba857-3c63-4ed2-accd-adca406a2ae3:192.168.5.168:37765] with ContainerStateMachine:uninitialized
2019-07-13 20:48:05,552 INFO  server.RaftServerConfigKeys (ConfUtils.java:logGet(43)) - raft.server.rpc.timeout.min = 5s (custom)
2019-07-13 20:48:05,552 INFO  server.RaftServerConfigKeys (ConfUtils.java:logGet(43)) - raft.server.rpc.timeout.max = 5200ms (custom)
2019-07-13 20:48:05,552 INFO  server.RaftServerConfigKeys (ConfUtils.java:logGet(43)) - raft.server.rpcslowness.timeout = 120s (custom)
2019-07-13 20:48:05,552 INFO  server.RaftServerConfigKeys (ConfUtils.java:logGet(43)) - raft.server.sleep.deviation.threshold = 300 (default)
2019-07-13 20:48:05,552 INFO  server.RaftServerConfigKeys (ConfUtils.java:logGet(43)) - raft.server.log.appender.install.snapshot.enabled = false (custom)
2019-07-13 20:48:05,553 INFO  impl.RaftServerImpl (ServerState.java:<init>(105)) - 3bbba857-3c63-4ed2-accd-adca406a2ae3:group-AF7C45BEE236 ConfigurationManager, init=-1: [3bbba857-3c63-4ed2-accd-adca406a2ae3:192.168.5.168:37765], old=null, confs=<EMPTY_MAP>
2019-07-13 20:48:05,553 INFO  server.RaftServerConfigKeys (ConfUtils.java:logGet(43)) - raft.server.storage.dir = [/tmp/workdir/hadoop-ozone/integration-test/target/test-dir/MiniOzoneClusterImpl-b8e9a504-9fd0-40e1-9c94-ee4b607361f6/datanode-3/data/ratis] (custom)
2019-07-13 20:48:05,553 INFO  storage.RaftStorageDirectory (RaftStorageDirectory.java:analyzeStorage(246)) - The storage directory /tmp/workdir/hadoop-ozone/integration-test/target/test-dir/MiniOzoneClusterImpl-b8e9a504-9fd0-40e1-9c94-ee4b607361f6/datanode-3/data/ratis/65b067ce-225b-473b-ad92-af7c45bee236 does not exist. Creating ...
2019-07-13 20:48:05,568 INFO  storage.RaftStorageDirectory (RaftStorageDirectory.java:tryLock(328)) - Lock on /tmp/workdir/hadoop-ozone/integration-test/target/test-dir/MiniOzoneClusterImpl-b8e9a504-9fd0-40e1-9c94-ee4b607361f6/datanode-3/data/ratis/65b067ce-225b-473b-ad92-af7c45bee236/in_use.lock acquired by nodename 28672@trunk-nightly-6qp7m-2461138711
2019-07-13 20:48:05,571 INFO  storage.RaftStorage (RaftStorage.java:format(72)) - Storage directory /tmp/workdir/hadoop-ozone/integration-test/target/test-dir/MiniOzoneClusterImpl-b8e9a504-9fd0-40e1-9c94-ee4b607361f6/datanode-3/data/ratis/65b067ce-225b-473b-ad92-af7c45bee236 has been successfully formatted.
2019-07-13 20:48:05,571 INFO  ratis.ContainerStateMachine (ContainerStateMachine.java:loadSnapshot(200)) - The snapshot info is null.Setting the last applied index to:(t:0, i:~)
2019-07-13 20:48:05,572 INFO  server.RaftServerConfigKeys (ConfUtils.java:logGet(43)) - raft.server.leader.election.timeout = 120s (custom)
2019-07-13 20:48:05,572 INFO  server.RaftServerConfigKeys (ConfUtils.java:logGet(43)) - raft.server.log.use.memory = false (default)
2019-07-13 20:48:05,572 INFO  server.RaftServerConfigKeys (ConfUtils.java:logGet(43)) - raft.server.log.purge.gap = 1000000000 (custom)
2019-07-13 20:48:05,572 INFO  server.RaftServerConfigKeys (ConfUtils.java:logGet(43)) - raft.server.log.appender.buffer.byte-limit = 33554432 (custom)
2019-07-13 20:48:05,572 INFO  server.RaftServerConfigKeys (ConfUtils.java:logGet(43)) - raft.server.log.segment.size.max = 1048576 (custom)
2019-07-13 20:48:05,572 INFO  server.RaftServerConfigKeys (ConfUtils.java:logGet(43)) - raft.server.log.segment.cache.num.max = 2 (custom)
2019-07-13 20:48:05,573 INFO  segmented.SegmentedRaftLogWorker (SegmentedRaftLogWorker.java:<init>(172)) - new 3bbba857-3c63-4ed2-accd-adca406a2ae3-SegmentedRaftLogWorker:Storage Directory /tmp/workdir/hadoop-ozone/integration-test/target/test-dir/MiniOzoneClusterImpl-b8e9a504-9fd0-40e1-9c94-ee4b607361f6/datanode-3/data/ratis/65b067ce-225b-473b-ad92-af7c45bee236 for RaftStorage:Storage Directory /tmp/workdir/hadoop-ozone/integration-test/target/test-dir/MiniOzoneClusterImpl-b8e9a504-9fd0-40e1-9c94-ee4b607361f6/datanode-3/data/ratis/65b067ce-225b-473b-ad92-af7c45bee236
2019-07-13 20:48:05,573 INFO  server.RaftServerConfigKeys (ConfUtils.java:logGet(43)) - raft.server.log.queue.byte-limit = 2147483647 (custom)
2019-07-13 20:48:05,573 INFO  server.RaftServerConfigKeys (ConfUtils.java:logGet(43)) - raft.server.log.queue.element-limit = 1024 (custom)
2019-07-13 20:48:05,573 INFO  server.RaftServerConfigKeys (ConfUtils.java:logGet(43)) - raft.server.log.segment.size.max = 1048576 (custom)
2019-07-13 20:48:05,573 INFO  server.RaftServerConfigKeys (ConfUtils.java:logGet(43)) - raft.server.log.preallocated.size = 16384 (custom)
2019-07-13 20:48:05,574 INFO  server.RaftServerConfigKeys (ConfUtils.java:logGet(43)) - raft.server.log.write.buffer.size = 33554432 (custom)
2019-07-13 20:48:05,574 INFO  server.RaftServerConfigKeys (ConfUtils.java:logGet(43)) - raft.server.log.force.sync.num = 128 (default)
2019-07-13 20:48:05,574 INFO  server.RaftServerConfigKeys (ConfUtils.java:logGet(43)) - raft.server.log.statemachine.data.sync = true (default)
2019-07-13 20:48:05,574 INFO  server.RaftServerConfigKeys (ConfUtils.java:logGet(43)) - raft.server.log.statemachine.data.sync.timeout = 10s (default)
2019-07-13 20:48:05,574 INFO  server.RaftServerConfigKeys (ConfUtils.java:logGet(43)) - raft.server.log.statemachine.data.sync.timeout.retry = -1 (default)
2019-07-13 20:48:05,575 INFO  server.RaftServerConfigKeys (ConfUtils.java:logGet(43)) - raft.server.log.statemachine.data.caching.enabled = true (custom)
2019-07-13 20:48:05,575 INFO  segmented.SegmentedRaftLogWorker (SegmentedRaftLogWorker.java:lambda$new$0(132)) - 3bbba857-3c63-4ed2-accd-adca406a2ae3-SegmentedRaftLogWorker:Storage Directory /tmp/workdir/hadoop-ozone/integration-test/target/test-dir/MiniOzoneClusterImpl-b8e9a504-9fd0-40e1-9c94-ee4b607361f6/datanode-3/data/ratis/65b067ce-225b-473b-ad92-af7c45bee236: flushIndex: setUnconditionally 0 -> -1
2019-07-13 20:48:05,575 INFO  server.RaftServerConfigKeys (ConfUtils.java:logGet(43)) - raft.server.snapshot.auto.trigger.enabled = true (custom)
2019-07-13 20:48:05,575 INFO  server.RaftServerConfigKeys (ConfUtils.java:logGet(43)) - raft.server.snapshot.auto.trigger.threshold = 10000 (custom)
2019-07-13 20:48:05,576 INFO  server.RaftServerConfigKeys (ConfUtils.java:logGet(43)) - raft.server.retrycache.expirytime = 600000ms (custom)
2019-07-13 20:48:05,576 INFO  impl.RaftServerImpl (RaftServerImpl.java:start(180)) - 3bbba857-3c63-4ed2-accd-adca406a2ae3: start group-AF7C45BEE236
2019-07-13 20:48:05,576 INFO  impl.RaftServerImpl (RaftServerImpl.java:setRole(171)) - 3bbba857-3c63-4ed2-accd-adca406a2ae3:group-AF7C45BEE236 changes role from null to FOLLOWER at term 0 for startAsFollower
2019-07-13 20:48:05,576 INFO  impl.RoleInfo (RoleInfo.java:updateAndGet(143)) - 3bbba857-3c63-4ed2-accd-adca406a2ae3: start FollowerState
2019-07-13 20:48:05,576 INFO  util.JmxRegister (JmxRegister.java:tryRegister(44)) - Successfully registered JMX Bean with object name Ratis:service=RaftServer,group=group-AF7C45BEE236,id=3bbba857-3c63-4ed2-accd-adca406a2ae3
2019-07-13 20:48:05,579 INFO  pipeline.PipelineStateManager (PipelineStateManager.java:addPipeline(56)) - Created pipeline Pipeline[ Id: 65b067ce-225b-473b-ad92-af7c45bee236, Nodes: 3bbba857-3c63-4ed2-accd-adca406a2ae3{ip: 192.168.5.168, host: trunk-nightly-6qp7m-2461138711, networkLocation: /default-rack, certSerialId: null}, Type:RATIS, Factor:ONE, State:OPEN]
2019-07-13 20:48:05,734 INFO  node.SCMNodeManager (SCMNodeManager.java:register(269)) - Registered Data node : 6f98d6cb-169e-46ff-b116-cbe2ce143516{ip: 192.168.5.168, host: trunk-nightly-6qp7m-2461138711, networkLocation: /default-rack, certSerialId: null}
2019-07-13 20:48:05,751 INFO  impl.RaftServerProxy (RaftServerProxy.java:addNew(89)) - 6f98d6cb-169e-46ff-b116-cbe2ce143516: addNew group-7046FCE7DE5B:[6f98d6cb-169e-46ff-b116-cbe2ce143516:192.168.5.168:36233] returns group-7046FCE7DE5B:java.util.concurrent.CompletableFuture@5f3c84a0[Not completed]
2019-07-13 20:48:05,752 INFO  impl.RaftServerImpl (RaftServerImpl.java:<init>(93)) - 6f98d6cb-169e-46ff-b116-cbe2ce143516: new RaftServerImpl for group-7046FCE7DE5B:[6f98d6cb-169e-46ff-b116-cbe2ce143516:192.168.5.168:36233] with ContainerStateMachine:uninitialized
2019-07-13 20:48:05,752 INFO  server.RaftServerConfigKeys (ConfUtils.java:logGet(43)) - raft.server.rpc.timeout.min = 5s (custom)
2019-07-13 20:48:05,752 INFO  server.RaftServerConfigKeys (ConfUtils.java:logGet(43)) - raft.server.rpc.timeout.max = 5200ms (custom)
2019-07-13 20:48:05,753 INFO  server.RaftServerConfigKeys (ConfUtils.java:logGet(43)) - raft.server.rpcslowness.timeout = 120s (custom)
2019-07-13 20:48:05,753 INFO  server.RaftServerConfigKeys (ConfUtils.java:logGet(43)) - raft.server.sleep.deviation.threshold = 300 (default)
2019-07-13 20:48:05,753 INFO  server.RaftServerConfigKeys (ConfUtils.java:logGet(43)) - raft.server.log.appender.install.snapshot.enabled = false (custom)
2019-07-13 20:48:05,753 INFO  impl.RaftServerImpl (ServerState.java:<init>(105)) - 6f98d6cb-169e-46ff-b116-cbe2ce143516:group-7046FCE7DE5B ConfigurationManager, init=-1: [6f98d6cb-169e-46ff-b116-cbe2ce143516:192.168.5.168:36233], old=null, confs=<EMPTY_MAP>
2019-07-13 20:48:05,753 INFO  server.RaftServerConfigKeys (ConfUtils.java:logGet(43)) - raft.server.storage.dir = [/tmp/workdir/hadoop-ozone/integration-test/target/test-dir/MiniOzoneClusterImpl-b8e9a504-9fd0-40e1-9c94-ee4b607361f6/datanode-4/data/ratis] (custom)
2019-07-13 20:48:05,754 INFO  storage.RaftStorageDirectory (RaftStorageDirectory.java:analyzeStorage(246)) - The storage directory /tmp/workdir/hadoop-ozone/integration-test/target/test-dir/MiniOzoneClusterImpl-b8e9a504-9fd0-40e1-9c94-ee4b607361f6/datanode-4/data/ratis/ba8083c2-a3cb-4af0-9a47-7046fce7de5b does not exist. Creating ...
2019-07-13 20:48:05,758 INFO  storage.RaftStorageDirectory (RaftStorageDirectory.java:tryLock(328)) - Lock on /tmp/workdir/hadoop-ozone/integration-test/target/test-dir/MiniOzoneClusterImpl-b8e9a504-9fd0-40e1-9c94-ee4b607361f6/datanode-4/data/ratis/ba8083c2-a3cb-4af0-9a47-7046fce7de5b/in_use.lock acquired by nodename 28672@trunk-nightly-6qp7m-2461138711
2019-07-13 20:48:05,762 INFO  storage.RaftStorage (RaftStorage.java:format(72)) - Storage directory /tmp/workdir/hadoop-ozone/integration-test/target/test-dir/MiniOzoneClusterImpl-b8e9a504-9fd0-40e1-9c94-ee4b607361f6/datanode-4/data/ratis/ba8083c2-a3cb-4af0-9a47-7046fce7de5b has been successfully formatted.
2019-07-13 20:48:05,762 INFO  ratis.ContainerStateMachine (ContainerStateMachine.java:loadSnapshot(200)) - The snapshot info is null.Setting the last applied index to:(t:0, i:~)
2019-07-13 20:48:05,762 INFO  server.RaftServerConfigKeys (ConfUtils.java:logGet(43)) - raft.server.leader.election.timeout = 120s (custom)
2019-07-13 20:48:05,762 INFO  server.RaftServerConfigKeys (ConfUtils.java:logGet(43)) - raft.server.log.use.memory = false (default)
2019-07-13 20:48:05,762 INFO  server.RaftServerConfigKeys (ConfUtils.java:logGet(43)) - raft.server.log.purge.gap = 1000000000 (custom)
2019-07-13 20:48:05,763 INFO  server.RaftServerConfigKeys (ConfUtils.java:logGet(43)) - raft.server.log.appender.buffer.byte-limit = 33554432 (custom)
2019-07-13 20:48:05,763 INFO  server.RaftServerConfigKeys (ConfUtils.java:logGet(43)) - raft.server.log.segment.size.max = 1048576 (custom)
2019-07-13 20:48:05,763 INFO  server.RaftServerConfigKeys (ConfUtils.java:logGet(43)) - raft.server.log.segment.cache.num.max = 2 (custom)
2019-07-13 20:48:05,763 INFO  segmented.SegmentedRaftLogWorker (SegmentedRaftLogWorker.java:<init>(172)) - new 6f98d6cb-169e-46ff-b116-cbe2ce143516-SegmentedRaftLogWorker:Storage Directory /tmp/workdir/hadoop-ozone/integration-test/target/test-dir/MiniOzoneClusterImpl-b8e9a504-9fd0-40e1-9c94-ee4b607361f6/datanode-4/data/ratis/ba8083c2-a3cb-4af0-9a47-7046fce7de5b for RaftStorage:Storage Directory /tmp/workdir/hadoop-ozone/integration-test/target/test-dir/MiniOzoneClusterImpl-b8e9a504-9fd0-40e1-9c94-ee4b607361f6/datanode-4/data/ratis/ba8083c2-a3cb-4af0-9a47-7046fce7de5b
2019-07-13 20:48:05,763 INFO  server.RaftServerConfigKeys (ConfUtils.java:logGet(43)) - raft.server.log.queue.byte-limit = 2147483647 (custom)
2019-07-13 20:48:05,764 INFO  server.RaftServerConfigKeys (ConfUtils.java:logGet(43)) - raft.server.log.queue.element-limit = 1024 (custom)
2019-07-13 20:48:05,764 INFO  server.RaftServerConfigKeys (ConfUtils.java:logGet(43)) - raft.server.log.segment.size.max = 1048576 (custom)
2019-07-13 20:48:05,764 INFO  server.RaftServerConfigKeys (ConfUtils.java:logGet(43)) - raft.server.log.preallocated.size = 16384 (custom)
2019-07-13 20:48:05,764 INFO  server.RaftServerConfigKeys (ConfUtils.java:logGet(43)) - raft.server.log.write.buffer.size = 33554432 (custom)
2019-07-13 20:48:05,764 INFO  server.RaftServerConfigKeys (ConfUtils.java:logGet(43)) - raft.server.log.force.sync.num = 128 (default)
2019-07-13 20:48:05,764 INFO  server.RaftServerConfigKeys (ConfUtils.java:logGet(43)) - raft.server.log.statemachine.data.sync = true (default)
2019-07-13 20:48:05,765 INFO  server.RaftServerConfigKeys (ConfUtils.java:logGet(43)) - raft.server.log.statemachine.data.sync.timeout = 10s (default)
2019-07-13 20:48:05,765 INFO  server.RaftServerConfigKeys (ConfUtils.java:logGet(43)) - raft.server.log.statemachine.data.sync.timeout.retry = -1 (default)
2019-07-13 20:48:05,765 INFO  server.RaftServerConfigKeys (ConfUtils.java:logGet(43)) - raft.server.log.statemachine.data.caching.enabled = true (custom)
2019-07-13 20:48:05,766 INFO  segmented.SegmentedRaftLogWorker (SegmentedRaftLogWorker.java:lambda$new$0(132)) - 6f98d6cb-169e-46ff-b116-cbe2ce143516-SegmentedRaftLogWorker:Storage Directory /tmp/workdir/hadoop-ozone/integration-test/target/test-dir/MiniOzoneClusterImpl-b8e9a504-9fd0-40e1-9c94-ee4b607361f6/datanode-4/data/ratis/ba8083c2-a3cb-4af0-9a47-7046fce7de5b: flushIndex: setUnconditionally 0 -> -1
2019-07-13 20:48:05,766 INFO  server.RaftServerConfigKeys (ConfUtils.java:logGet(43)) - raft.server.snapshot.auto.trigger.enabled = true (custom)
2019-07-13 20:48:05,766 INFO  server.RaftServerConfigKeys (ConfUtils.java:logGet(43)) - raft.server.snapshot.auto.trigger.threshold = 10000 (custom)
2019-07-13 20:48:05,766 INFO  server.RaftServerConfigKeys (ConfUtils.java:logGet(43)) - raft.server.retrycache.expirytime = 600000ms (custom)
2019-07-13 20:48:05,767 INFO  impl.RaftServerImpl (RaftServerImpl.java:start(180)) - 6f98d6cb-169e-46ff-b116-cbe2ce143516: start group-7046FCE7DE5B
2019-07-13 20:48:05,767 INFO  impl.RaftServerImpl (RaftServerImpl.java:setRole(171)) - 6f98d6cb-169e-46ff-b116-cbe2ce143516:group-7046FCE7DE5B changes role from null to FOLLOWER at term 0 for startAsFollower
2019-07-13 20:48:05,767 INFO  impl.RoleInfo (RoleInfo.java:updateAndGet(143)) - 6f98d6cb-169e-46ff-b116-cbe2ce143516: start FollowerState
2019-07-13 20:48:05,767 INFO  util.JmxRegister (JmxRegister.java:tryRegister(44)) - Successfully registered JMX Bean with object name Ratis:service=RaftServer,group=group-7046FCE7DE5B,id=6f98d6cb-169e-46ff-b116-cbe2ce143516
2019-07-13 20:48:05,770 INFO  pipeline.PipelineStateManager (PipelineStateManager.java:addPipeline(56)) - Created pipeline Pipeline[ Id: ba8083c2-a3cb-4af0-9a47-7046fce7de5b, Nodes: 6f98d6cb-169e-46ff-b116-cbe2ce143516{ip: 192.168.5.168, host: trunk-nightly-6qp7m-2461138711, networkLocation: /default-rack, certSerialId: null}, Type:RATIS, Factor:ONE, State:OPEN]
2019-07-13 20:48:05,942 INFO  node.SCMNodeManager (SCMNodeManager.java:register(269)) - Registered Data node : 0af8ba89-fd4d-4cb4-9652-7a0bf10793bc{ip: 192.168.5.168, host: trunk-nightly-6qp7m-2461138711, networkLocation: /default-rack, certSerialId: null}
2019-07-13 20:48:05,959 INFO  impl.RaftServerProxy (RaftServerProxy.java:addNew(89)) - 0af8ba89-fd4d-4cb4-9652-7a0bf10793bc: addNew group-F9BA36AA9350:[0af8ba89-fd4d-4cb4-9652-7a0bf10793bc:192.168.5.168:35246] returns group-F9BA36AA9350:java.util.concurrent.CompletableFuture@7c505054[Not completed]
2019-07-13 20:48:05,960 INFO  impl.RaftServerImpl (RaftServerImpl.java:<init>(93)) - 0af8ba89-fd4d-4cb4-9652-7a0bf10793bc: new RaftServerImpl for group-F9BA36AA9350:[0af8ba89-fd4d-4cb4-9652-7a0bf10793bc:192.168.5.168:35246] with ContainerStateMachine:uninitialized
2019-07-13 20:48:05,960 INFO  server.RaftServerConfigKeys (ConfUtils.java:logGet(43)) - raft.server.rpc.timeout.min = 5s (custom)
2019-07-13 20:48:05,961 INFO  server.RaftServerConfigKeys (ConfUtils.java:logGet(43)) - raft.server.rpc.timeout.max = 5200ms (custom)
2019-07-13 20:48:05,961 INFO  server.RaftServerConfigKeys (ConfUtils.java:logGet(43)) - raft.server.rpcslowness.timeout = 120s (custom)
2019-07-13 20:48:05,961 INFO  server.RaftServerConfigKeys (ConfUtils.java:logGet(43)) - raft.server.sleep.deviation.threshold = 300 (default)
2019-07-13 20:48:05,961 INFO  server.RaftServerConfigKeys (ConfUtils.java:logGet(43)) - raft.server.log.appender.install.snapshot.enabled = false (custom)
2019-07-13 20:48:05,961 INFO  impl.RaftServerImpl (ServerState.java:<init>(105)) - 0af8ba89-fd4d-4cb4-9652-7a0bf10793bc:group-F9BA36AA9350 ConfigurationManager, init=-1: [0af8ba89-fd4d-4cb4-9652-7a0bf10793bc:192.168.5.168:35246], old=null, confs=<EMPTY_MAP>
2019-07-13 20:48:05,961 INFO  server.RaftServerConfigKeys (ConfUtils.java:logGet(43)) - raft.server.storage.dir = [/tmp/workdir/hadoop-ozone/integration-test/target/test-dir/MiniOzoneClusterImpl-b8e9a504-9fd0-40e1-9c94-ee4b607361f6/datanode-5/data/ratis] (custom)
2019-07-13 20:48:05,962 INFO  storage.RaftStorageDirectory (RaftStorageDirectory.java:analyzeStorage(246)) - The storage directory /tmp/workdir/hadoop-ozone/integration-test/target/test-dir/MiniOzoneClusterImpl-b8e9a504-9fd0-40e1-9c94-ee4b607361f6/datanode-5/data/ratis/0ebd96e0-39a7-4af8-9895-f9ba36aa9350 does not exist. Creating ...
2019-07-13 20:48:05,966 INFO  storage.RaftStorageDirectory (RaftStorageDirectory.java:tryLock(328)) - Lock on /tmp/workdir/hadoop-ozone/integration-test/target/test-dir/MiniOzoneClusterImpl-b8e9a504-9fd0-40e1-9c94-ee4b607361f6/datanode-5/data/ratis/0ebd96e0-39a7-4af8-9895-f9ba36aa9350/in_use.lock acquired by nodename 28672@trunk-nightly-6qp7m-2461138711
2019-07-13 20:48:05,970 INFO  storage.RaftStorage (RaftStorage.java:format(72)) - Storage directory /tmp/workdir/hadoop-ozone/integration-test/target/test-dir/MiniOzoneClusterImpl-b8e9a504-9fd0-40e1-9c94-ee4b607361f6/datanode-5/data/ratis/0ebd96e0-39a7-4af8-9895-f9ba36aa9350 has been successfully formatted.
2019-07-13 20:48:05,970 INFO  ratis.ContainerStateMachine (ContainerStateMachine.java:loadSnapshot(200)) - The snapshot info is null.Setting the last applied index to:(t:0, i:~)
2019-07-13 20:48:05,970 INFO  server.RaftServerConfigKeys (ConfUtils.java:logGet(43)) - raft.server.leader.election.timeout = 120s (custom)
2019-07-13 20:48:05,970 INFO  server.RaftServerConfigKeys (ConfUtils.java:logGet(43)) - raft.server.log.use.memory = false (default)
2019-07-13 20:48:05,970 INFO  server.RaftServerConfigKeys (ConfUtils.java:logGet(43)) - raft.server.log.purge.gap = 1000000000 (custom)
2019-07-13 20:48:05,971 INFO  server.RaftServerConfigKeys (ConfUtils.java:logGet(43)) - raft.server.log.appender.buffer.byte-limit = 33554432 (custom)
2019-07-13 20:48:05,971 INFO  server.RaftServerConfigKeys (ConfUtils.java:logGet(43)) - raft.server.log.segment.size.max = 1048576 (custom)
2019-07-13 20:48:05,971 INFO  server.RaftServerConfigKeys (ConfUtils.java:logGet(43)) - raft.server.log.segment.cache.num.max = 2 (custom)
2019-07-13 20:48:05,971 INFO  segmented.SegmentedRaftLogWorker (SegmentedRaftLogWorker.java:<init>(172)) - new 0af8ba89-fd4d-4cb4-9652-7a0bf10793bc-SegmentedRaftLogWorker:Storage Directory /tmp/workdir/hadoop-ozone/integration-test/target/test-dir/MiniOzoneClusterImpl-b8e9a504-9fd0-40e1-9c94-ee4b607361f6/datanode-5/data/ratis/0ebd96e0-39a7-4af8-9895-f9ba36aa9350 for RaftStorage:Storage Directory /tmp/workdir/hadoop-ozone/integration-test/target/test-dir/MiniOzoneClusterImpl-b8e9a504-9fd0-40e1-9c94-ee4b607361f6/datanode-5/data/ratis/0ebd96e0-39a7-4af8-9895-f9ba36aa9350
2019-07-13 20:48:05,971 INFO  server.RaftServerConfigKeys (ConfUtils.java:logGet(43)) - raft.server.log.queue.byte-limit = 2147483647 (custom)
2019-07-13 20:48:05,972 INFO  server.RaftServerConfigKeys (ConfUtils.java:logGet(43)) - raft.server.log.queue.element-limit = 1024 (custom)
2019-07-13 20:48:05,972 INFO  server.RaftServerConfigKeys (ConfUtils.java:logGet(43)) - raft.server.log.segment.size.max = 1048576 (custom)
2019-07-13 20:48:05,972 INFO  server.RaftServerConfigKeys (ConfUtils.java:logGet(43)) - raft.server.log.preallocated.size = 16384 (custom)
2019-07-13 20:48:05,972 INFO  server.RaftServerConfigKeys (ConfUtils.java:logGet(43)) - raft.server.log.write.buffer.size = 33554432 (custom)
2019-07-13 20:48:05,972 INFO  server.RaftServerConfigKeys (ConfUtils.java:logGet(43)) - raft.server.log.force.sync.num = 128 (default)
2019-07-13 20:48:05,972 INFO  server.RaftServerConfigKeys (ConfUtils.java:logGet(43)) - raft.server.log.statemachine.data.sync = true (default)
2019-07-13 20:48:05,973 INFO  server.RaftServerConfigKeys (ConfUtils.java:logGet(43)) - raft.server.log.statemachine.data.sync.timeout = 10s (default)
2019-07-13 20:48:05,973 INFO  server.RaftServerConfigKeys (ConfUtils.java:logGet(43)) - raft.server.log.statemachine.data.sync.timeout.retry = -1 (default)
2019-07-13 20:48:05,973 INFO  server.RaftServerConfigKeys (ConfUtils.java:logGet(43)) - raft.server.log.statemachine.data.caching.enabled = true (custom)
2019-07-13 20:48:05,974 INFO  segmented.SegmentedRaftLogWorker (SegmentedRaftLogWorker.java:lambda$new$0(132)) - 0af8ba89-fd4d-4cb4-9652-7a0bf10793bc-SegmentedRaftLogWorker:Storage Directory /tmp/workdir/hadoop-ozone/integration-test/target/test-dir/MiniOzoneClusterImpl-b8e9a504-9fd0-40e1-9c94-ee4b607361f6/datanode-5/data/ratis/0ebd96e0-39a7-4af8-9895-f9ba36aa9350: flushIndex: setUnconditionally 0 -> -1
2019-07-13 20:48:05,974 INFO  server.RaftServerConfigKeys (ConfUtils.java:logGet(43)) - raft.server.snapshot.auto.trigger.enabled = true (custom)
2019-07-13 20:48:05,974 INFO  server.RaftServerConfigKeys (ConfUtils.java:logGet(43)) - raft.server.snapshot.auto.trigger.threshold = 10000 (custom)
2019-07-13 20:48:05,974 INFO  server.RaftServerConfigKeys (ConfUtils.java:logGet(43)) - raft.server.retrycache.expirytime = 600000ms (custom)
2019-07-13 20:48:05,975 INFO  impl.RaftServerImpl (RaftServerImpl.java:start(180)) - 0af8ba89-fd4d-4cb4-9652-7a0bf10793bc: start group-F9BA36AA9350
2019-07-13 20:48:05,975 INFO  impl.RaftServerImpl (RaftServerImpl.java:setRole(171)) - 0af8ba89-fd4d-4cb4-9652-7a0bf10793bc:group-F9BA36AA9350 changes role from null to FOLLOWER at term 0 for startAsFollower
2019-07-13 20:48:05,975 INFO  impl.RoleInfo (RoleInfo.java:updateAndGet(143)) - 0af8ba89-fd4d-4cb4-9652-7a0bf10793bc: start FollowerState
2019-07-13 20:48:05,975 INFO  util.JmxRegister (JmxRegister.java:tryRegister(44)) - Successfully registered JMX Bean with object name Ratis:service=RaftServer,group=group-F9BA36AA9350,id=0af8ba89-fd4d-4cb4-9652-7a0bf10793bc
2019-07-13 20:48:05,978 INFO  pipeline.PipelineStateManager (PipelineStateManager.java:addPipeline(56)) - Created pipeline Pipeline[ Id: 0ebd96e0-39a7-4af8-9895-f9ba36aa9350, Nodes: 0af8ba89-fd4d-4cb4-9652-7a0bf10793bc{ip: 192.168.5.168, host: trunk-nightly-6qp7m-2461138711, networkLocation: /default-rack, certSerialId: null}, Type:RATIS, Factor:ONE, State:OPEN]
2019-07-13 20:48:06,013 INFO  impl.RaftServerProxy (RaftServerProxy.java:addNew(89)) - 3bbba857-3c63-4ed2-accd-adca406a2ae3: addNew group-7C3234A7EBEC:[3bbba857-3c63-4ed2-accd-adca406a2ae3:192.168.5.168:37765, 0af8ba89-fd4d-4cb4-9652-7a0bf10793bc:192.168.5.168:35246, 6f98d6cb-169e-46ff-b116-cbe2ce143516:192.168.5.168:36233] returns group-7C3234A7EBEC:java.util.concurrent.CompletableFuture@3d4d54e2[Not completed]
2019-07-13 20:48:06,013 INFO  impl.RaftServerProxy (RaftServerProxy.java:addNew(89)) - 6f98d6cb-169e-46ff-b116-cbe2ce143516: addNew group-7C3234A7EBEC:[3bbba857-3c63-4ed2-accd-adca406a2ae3:192.168.5.168:37765, 0af8ba89-fd4d-4cb4-9652-7a0bf10793bc:192.168.5.168:35246, 6f98d6cb-169e-46ff-b116-cbe2ce143516:192.168.5.168:36233] returns group-7C3234A7EBEC:java.util.concurrent.CompletableFuture@132686c6[Not completed]
2019-07-13 20:48:06,013 INFO  impl.RaftServerProxy (RaftServerProxy.java:addNew(89)) - 0af8ba89-fd4d-4cb4-9652-7a0bf10793bc: addNew group-7C3234A7EBEC:[3bbba857-3c63-4ed2-accd-adca406a2ae3:192.168.5.168:37765, 0af8ba89-fd4d-4cb4-9652-7a0bf10793bc:192.168.5.168:35246, 6f98d6cb-169e-46ff-b116-cbe2ce143516:192.168.5.168:36233] returns group-7C3234A7EBEC:java.util.concurrent.CompletableFuture@491fc314[Not completed]
2019-07-13 20:48:06,014 INFO  impl.RaftServerImpl (RaftServerImpl.java:<init>(93)) - 6f98d6cb-169e-46ff-b116-cbe2ce143516: new RaftServerImpl for group-7C3234A7EBEC:[3bbba857-3c63-4ed2-accd-adca406a2ae3:192.168.5.168:37765, 0af8ba89-fd4d-4cb4-9652-7a0bf10793bc:192.168.5.168:35246, 6f98d6cb-169e-46ff-b116-cbe2ce143516:192.168.5.168:36233] with ContainerStateMachine:uninitialized
2019-07-13 20:48:06,015 INFO  server.RaftServerConfigKeys (ConfUtils.java:logGet(43)) - raft.server.rpc.timeout.min = 5s (custom)
2019-07-13 20:48:06,015 INFO  server.RaftServerConfigKeys (ConfUtils.java:logGet(43)) - raft.server.rpc.timeout.max = 5200ms (custom)
2019-07-13 20:48:06,015 INFO  server.RaftServerConfigKeys (ConfUtils.java:logGet(43)) - raft.server.rpcslowness.timeout = 120s (custom)
2019-07-13 20:48:06,015 INFO  impl.RaftServerImpl (RaftServerImpl.java:<init>(93)) - 0af8ba89-fd4d-4cb4-9652-7a0bf10793bc: new RaftServerImpl for group-7C3234A7EBEC:[3bbba857-3c63-4ed2-accd-adca406a2ae3:192.168.5.168:37765, 0af8ba89-fd4d-4cb4-9652-7a0bf10793bc:192.168.5.168:35246, 6f98d6cb-169e-46ff-b116-cbe2ce143516:192.168.5.168:36233] with ContainerStateMachine:uninitialized
2019-07-13 20:48:06,015 INFO  server.RaftServerConfigKeys (ConfUtils.java:logGet(43)) - raft.server.sleep.deviation.threshold = 300 (default)
2019-07-13 20:48:06,015 INFO  server.RaftServerConfigKeys (ConfUtils.java:logGet(43)) - raft.server.rpc.timeout.min = 5s (custom)
2019-07-13 20:48:06,015 INFO  server.RaftServerConfigKeys (ConfUtils.java:logGet(43)) - raft.server.log.appender.install.snapshot.enabled = false (custom)
2019-07-13 20:48:06,015 INFO  server.RaftServerConfigKeys (ConfUtils.java:logGet(43)) - raft.server.rpc.timeout.max = 5200ms (custom)
2019-07-13 20:48:06,016 INFO  server.RaftServerConfigKeys (ConfUtils.java:logGet(43)) - raft.server.rpcslowness.timeout = 120s (custom)
2019-07-13 20:48:06,016 INFO  impl.RaftServerImpl (RaftServerImpl.java:<init>(93)) - 3bbba857-3c63-4ed2-accd-adca406a2ae3: new RaftServerImpl for group-7C3234A7EBEC:[3bbba857-3c63-4ed2-accd-adca406a2ae3:192.168.5.168:37765, 0af8ba89-fd4d-4cb4-9652-7a0bf10793bc:192.168.5.168:35246, 6f98d6cb-169e-46ff-b116-cbe2ce143516:192.168.5.168:36233] with ContainerStateMachine:uninitialized
2019-07-13 20:48:06,016 INFO  server.RaftServerConfigKeys (ConfUtils.java:logGet(43)) - raft.server.sleep.deviation.threshold = 300 (default)
2019-07-13 20:48:06,016 INFO  impl.RaftServerImpl (ServerState.java:<init>(105)) - 6f98d6cb-169e-46ff-b116-cbe2ce143516:group-7C3234A7EBEC ConfigurationManager, init=-1: [3bbba857-3c63-4ed2-accd-adca406a2ae3:192.168.5.168:37765, 0af8ba89-fd4d-4cb4-9652-7a0bf10793bc:192.168.5.168:35246, 6f98d6cb-169e-46ff-b116-cbe2ce143516:192.168.5.168:36233], old=null, confs=<EMPTY_MAP>
2019-07-13 20:48:06,016 INFO  server.RaftServerConfigKeys (ConfUtils.java:logGet(43)) - raft.server.log.appender.install.snapshot.enabled = false (custom)
2019-07-13 20:48:06,016 INFO  server.RaftServerConfigKeys (ConfUtils.java:logGet(43)) - raft.server.rpc.timeout.min = 5s (custom)
2019-07-13 20:48:06,017 INFO  impl.RaftServerImpl (ServerState.java:<init>(105)) - 0af8ba89-fd4d-4cb4-9652-7a0bf10793bc:group-7C3234A7EBEC ConfigurationManager, init=-1: [3bbba857-3c63-4ed2-accd-adca406a2ae3:192.168.5.168:37765, 0af8ba89-fd4d-4cb4-9652-7a0bf10793bc:192.168.5.168:35246, 6f98d6cb-169e-46ff-b116-cbe2ce143516:192.168.5.168:36233], old=null, confs=<EMPTY_MAP>
2019-07-13 20:48:06,016 INFO  server.RaftServerConfigKeys (ConfUtils.java:logGet(43)) - raft.server.storage.dir = [/tmp/workdir/hadoop-ozone/integration-test/target/test-dir/MiniOzoneClusterImpl-b8e9a504-9fd0-40e1-9c94-ee4b607361f6/datanode-4/data/ratis] (custom)
2019-07-13 20:48:06,017 INFO  server.RaftServerConfigKeys (ConfUtils.java:logGet(43)) - raft.server.storage.dir = [/tmp/workdir/hadoop-ozone/integration-test/target/test-dir/MiniOzoneClusterImpl-b8e9a504-9fd0-40e1-9c94-ee4b607361f6/datanode-5/data/ratis] (custom)
2019-07-13 20:48:06,017 INFO  server.RaftServerConfigKeys (ConfUtils.java:logGet(43)) - raft.server.rpc.timeout.max = 5200ms (custom)
2019-07-13 20:48:06,017 INFO  storage.RaftStorageDirectory (RaftStorageDirectory.java:analyzeStorage(246)) - The storage directory /tmp/workdir/hadoop-ozone/integration-test/target/test-dir/MiniOzoneClusterImpl-b8e9a504-9fd0-40e1-9c94-ee4b607361f6/datanode-4/data/ratis/a555d909-a2af-4d9c-84ae-7c3234a7ebec does not exist. Creating ...
2019-07-13 20:48:06,018 INFO  server.RaftServerConfigKeys (ConfUtils.java:logGet(43)) - raft.server.rpcslowness.timeout = 120s (custom)
2019-07-13 20:48:06,018 INFO  storage.RaftStorageDirectory (RaftStorageDirectory.java:analyzeStorage(246)) - The storage directory /tmp/workdir/hadoop-ozone/integration-test/target/test-dir/MiniOzoneClusterImpl-b8e9a504-9fd0-40e1-9c94-ee4b607361f6/datanode-5/data/ratis/a555d909-a2af-4d9c-84ae-7c3234a7ebec does not exist. Creating ...
2019-07-13 20:48:06,018 INFO  server.RaftServerConfigKeys (ConfUtils.java:logGet(43)) - raft.server.sleep.deviation.threshold = 300 (default)
2019-07-13 20:48:06,018 INFO  server.RaftServerConfigKeys (ConfUtils.java:logGet(43)) - raft.server.log.appender.install.snapshot.enabled = false (custom)
2019-07-13 20:48:06,018 INFO  impl.RaftServerImpl (ServerState.java:<init>(105)) - 3bbba857-3c63-4ed2-accd-adca406a2ae3:group-7C3234A7EBEC ConfigurationManager, init=-1: [3bbba857-3c63-4ed2-accd-adca406a2ae3:192.168.5.168:37765, 0af8ba89-fd4d-4cb4-9652-7a0bf10793bc:192.168.5.168:35246, 6f98d6cb-169e-46ff-b116-cbe2ce143516:192.168.5.168:36233], old=null, confs=<EMPTY_MAP>
2019-07-13 20:48:06,019 INFO  server.RaftServerConfigKeys (ConfUtils.java:logGet(43)) - raft.server.storage.dir = [/tmp/workdir/hadoop-ozone/integration-test/target/test-dir/MiniOzoneClusterImpl-b8e9a504-9fd0-40e1-9c94-ee4b607361f6/datanode-3/data/ratis] (custom)
2019-07-13 20:48:06,019 INFO  storage.RaftStorageDirectory (RaftStorageDirectory.java:analyzeStorage(246)) - The storage directory /tmp/workdir/hadoop-ozone/integration-test/target/test-dir/MiniOzoneClusterImpl-b8e9a504-9fd0-40e1-9c94-ee4b607361f6/datanode-3/data/ratis/a555d909-a2af-4d9c-84ae-7c3234a7ebec does not exist. Creating ...
2019-07-13 20:48:06,030 INFO  storage.RaftStorageDirectory (RaftStorageDirectory.java:tryLock(328)) - Lock on /tmp/workdir/hadoop-ozone/integration-test/target/test-dir/MiniOzoneClusterImpl-b8e9a504-9fd0-40e1-9c94-ee4b607361f6/datanode-3/data/ratis/a555d909-a2af-4d9c-84ae-7c3234a7ebec/in_use.lock acquired by nodename 28672@trunk-nightly-6qp7m-2461138711
2019-07-13 20:48:06,030 INFO  storage.RaftStorageDirectory (RaftStorageDirectory.java:tryLock(328)) - Lock on /tmp/workdir/hadoop-ozone/integration-test/target/test-dir/MiniOzoneClusterImpl-b8e9a504-9fd0-40e1-9c94-ee4b607361f6/datanode-4/data/ratis/a555d909-a2af-4d9c-84ae-7c3234a7ebec/in_use.lock acquired by nodename 28672@trunk-nightly-6qp7m-2461138711
2019-07-13 20:48:06,030 INFO  storage.RaftStorageDirectory (RaftStorageDirectory.java:tryLock(328)) - Lock on /tmp/workdir/hadoop-ozone/integration-test/target/test-dir/MiniOzoneClusterImpl-b8e9a504-9fd0-40e1-9c94-ee4b607361f6/datanode-5/data/ratis/a555d909-a2af-4d9c-84ae-7c3234a7ebec/in_use.lock acquired by nodename 28672@trunk-nightly-6qp7m-2461138711
2019-07-13 20:48:06,037 INFO  storage.RaftStorage (RaftStorage.java:format(72)) - Storage directory /tmp/workdir/hadoop-ozone/integration-test/target/test-dir/MiniOzoneClusterImpl-b8e9a504-9fd0-40e1-9c94-ee4b607361f6/datanode-3/data/ratis/a555d909-a2af-4d9c-84ae-7c3234a7ebec has been successfully formatted.
2019-07-13 20:48:06,037 INFO  storage.RaftStorage (RaftStorage.java:format(72)) - Storage directory /tmp/workdir/hadoop-ozone/integration-test/target/test-dir/MiniOzoneClusterImpl-b8e9a504-9fd0-40e1-9c94-ee4b607361f6/datanode-5/data/ratis/a555d909-a2af-4d9c-84ae-7c3234a7ebec has been successfully formatted.
2019-07-13 20:48:06,037 INFO  storage.RaftStorage (RaftStorage.java:format(72)) - Storage directory /tmp/workdir/hadoop-ozone/integration-test/target/test-dir/MiniOzoneClusterImpl-b8e9a504-9fd0-40e1-9c94-ee4b607361f6/datanode-4/data/ratis/a555d909-a2af-4d9c-84ae-7c3234a7ebec has been successfully formatted.
2019-07-13 20:48:06,037 INFO  ratis.ContainerStateMachine (ContainerStateMachine.java:loadSnapshot(200)) - The snapshot info is null.Setting the last applied index to:(t:0, i:~)
2019-07-13 20:48:06,037 INFO  ratis.ContainerStateMachine (ContainerStateMachine.java:loadSnapshot(200)) - The snapshot info is null.Setting the last applied index to:(t:0, i:~)
2019-07-13 20:48:06,037 INFO  ratis.ContainerStateMachine (ContainerStateMachine.java:loadSnapshot(200)) - The snapshot info is null.Setting the last applied index to:(t:0, i:~)
2019-07-13 20:48:06,038 INFO  server.RaftServerConfigKeys (ConfUtils.java:logGet(43)) - raft.server.leader.election.timeout = 120s (custom)
2019-07-13 20:48:06,037 INFO  server.RaftServerConfigKeys (ConfUtils.java:logGet(43)) - raft.server.leader.election.timeout = 120s (custom)
2019-07-13 20:48:06,038 INFO  server.RaftServerConfigKeys (ConfUtils.java:logGet(43)) - raft.server.log.use.memory = false (default)
2019-07-13 20:48:06,038 INFO  server.RaftServerConfigKeys (ConfUtils.java:logGet(43)) - raft.server.leader.election.timeout = 120s (custom)
2019-07-13 20:48:06,038 INFO  server.RaftServerConfigKeys (ConfUtils.java:logGet(43)) - raft.server.log.purge.gap = 1000000000 (custom)
2019-07-13 20:48:06,038 INFO  server.RaftServerConfigKeys (ConfUtils.java:logGet(43)) - raft.server.log.use.memory = false (default)
2019-07-13 20:48:06,038 INFO  server.RaftServerConfigKeys (ConfUtils.java:logGet(43)) - raft.server.log.appender.buffer.byte-limit = 33554432 (custom)
2019-07-13 20:48:06,038 INFO  server.RaftServerConfigKeys (ConfUtils.java:logGet(43)) - raft.server.log.use.memory = false (default)
2019-07-13 20:48:06,039 INFO  server.RaftServerConfigKeys (ConfUtils.java:logGet(43)) - raft.server.log.segment.size.max = 1048576 (custom)
2019-07-13 20:48:06,039 INFO  server.RaftServerConfigKeys (ConfUtils.java:logGet(43)) - raft.server.log.segment.cache.num.max = 2 (custom)
2019-07-13 20:48:06,039 INFO  server.RaftServerConfigKeys (ConfUtils.java:logGet(43)) - raft.server.log.purge.gap = 1000000000 (custom)
2019-07-13 20:48:06,039 INFO  segmented.SegmentedRaftLogWorker (SegmentedRaftLogWorker.java:<init>(172)) - new 6f98d6cb-169e-46ff-b116-cbe2ce143516-SegmentedRaftLogWorker:Storage Directory /tmp/workdir/hadoop-ozone/integration-test/target/test-dir/MiniOzoneClusterImpl-b8e9a504-9fd0-40e1-9c94-ee4b607361f6/datanode-4/data/ratis/a555d909-a2af-4d9c-84ae-7c3234a7ebec for RaftStorage:Storage Directory /tmp/workdir/hadoop-ozone/integration-test/target/test-dir/MiniOzoneClusterImpl-b8e9a504-9fd0-40e1-9c94-ee4b607361f6/datanode-4/data/ratis/a555d909-a2af-4d9c-84ae-7c3234a7ebec
2019-07-13 20:48:06,039 INFO  server.RaftServerConfigKeys (ConfUtils.java:logGet(43)) - raft.server.log.purge.gap = 1000000000 (custom)
2019-07-13 20:48:06,039 INFO  server.RaftServerConfigKeys (ConfUtils.java:logGet(43)) - raft.server.log.queue.byte-limit = 2147483647 (custom)
2019-07-13 20:48:06,039 INFO  server.RaftServerConfigKeys (ConfUtils.java:logGet(43)) - raft.server.log.appender.buffer.byte-limit = 33554432 (custom)
2019-07-13 20:48:06,040 INFO  server.RaftServerConfigKeys (ConfUtils.java:logGet(43)) - raft.server.log.queue.element-limit = 1024 (custom)
2019-07-13 20:48:06,040 INFO  server.RaftServerConfigKeys (ConfUtils.java:logGet(43)) - raft.server.log.appender.buffer.byte-limit = 33554432 (custom)
2019-07-13 20:48:06,040 INFO  server.RaftServerConfigKeys (ConfUtils.java:logGet(43)) - raft.server.log.segment.size.max = 1048576 (custom)
2019-07-13 20:48:06,040 INFO  server.RaftServerConfigKeys (ConfUtils.java:logGet(43)) - raft.server.log.segment.size.max = 1048576 (custom)
2019-07-13 20:48:06,040 INFO  server.RaftServerConfigKeys (ConfUtils.java:logGet(43)) - raft.server.log.preallocated.size = 16384 (custom)
2019-07-13 20:48:06,040 INFO  server.RaftServerConfigKeys (ConfUtils.java:logGet(43)) - raft.server.log.segment.size.max = 1048576 (custom)
2019-07-13 20:48:06,041 INFO  server.RaftServerConfigKeys (ConfUtils.java:logGet(43)) - raft.server.log.write.buffer.size = 33554432 (custom)
2019-07-13 20:48:06,040 INFO  server.RaftServerConfigKeys (ConfUtils.java:logGet(43)) - raft.server.log.segment.cache.num.max = 2 (custom)
2019-07-13 20:48:06,041 INFO  server.RaftServerConfigKeys (ConfUtils.java:logGet(43)) - raft.server.log.force.sync.num = 128 (default)
2019-07-13 20:48:06,041 INFO  server.RaftServerConfigKeys (ConfUtils.java:logGet(43)) - raft.server.log.segment.cache.num.max = 2 (custom)
2019-07-13 20:48:06,041 INFO  server.RaftServerConfigKeys (ConfUtils.java:logGet(43)) - raft.server.log.statemachine.data.sync = true (default)
2019-07-13 20:48:06,041 INFO  segmented.SegmentedRaftLogWorker (SegmentedRaftLogWorker.java:<init>(172)) - new 0af8ba89-fd4d-4cb4-9652-7a0bf10793bc-SegmentedRaftLogWorker:Storage Directory /tmp/workdir/hadoop-ozone/integration-test/target/test-dir/MiniOzoneClusterImpl-b8e9a504-9fd0-40e1-9c94-ee4b607361f6/datanode-5/data/ratis/a555d909-a2af-4d9c-84ae-7c3234a7ebec for RaftStorage:Storage Directory /tmp/workdir/hadoop-ozone/integration-test/target/test-dir/MiniOzoneClusterImpl-b8e9a504-9fd0-40e1-9c94-ee4b607361f6/datanode-5/data/ratis/a555d909-a2af-4d9c-84ae-7c3234a7ebec
2019-07-13 20:48:06,042 INFO  server.RaftServerConfigKeys (ConfUtils.java:logGet(43)) - raft.server.log.statemachine.data.sync.timeout = 10s (default)
2019-07-13 20:48:06,041 INFO  segmented.SegmentedRaftLogWorker (SegmentedRaftLogWorker.java:<init>(172)) - new 3bbba857-3c63-4ed2-accd-adca406a2ae3-SegmentedRaftLogWorker:Storage Directory /tmp/workdir/hadoop-ozone/integration-test/target/test-dir/MiniOzoneClusterImpl-b8e9a504-9fd0-40e1-9c94-ee4b607361f6/datanode-3/data/ratis/a555d909-a2af-4d9c-84ae-7c3234a7ebec for RaftStorage:Storage Directory /tmp/workdir/hadoop-ozone/integration-test/target/test-dir/MiniOzoneClusterImpl-b8e9a504-9fd0-40e1-9c94-ee4b607361f6/datanode-3/data/ratis/a555d909-a2af-4d9c-84ae-7c3234a7ebec
2019-07-13 20:48:06,042 INFO  server.RaftServerConfigKeys (ConfUtils.java:logGet(43)) - raft.server.log.statemachine.data.sync.timeout.retry = -1 (default)
2019-07-13 20:48:06,042 INFO  server.RaftServerConfigKeys (ConfUtils.java:logGet(43)) - raft.server.log.queue.byte-limit = 2147483647 (custom)
2019-07-13 20:48:06,042 INFO  server.RaftServerConfigKeys (ConfUtils.java:logGet(43)) - raft.server.log.statemachine.data.caching.enabled = true (custom)
2019-07-13 20:48:06,042 INFO  server.RaftServerConfigKeys (ConfUtils.java:logGet(43)) - raft.server.log.queue.byte-limit = 2147483647 (custom)
2019-07-13 20:48:06,042 INFO  server.RaftServerConfigKeys (ConfUtils.java:logGet(43)) - raft.server.log.queue.element-limit = 1024 (custom)
2019-07-13 20:48:06,042 INFO  server.RaftServerConfigKeys (ConfUtils.java:logGet(43)) - raft.server.log.queue.element-limit = 1024 (custom)
2019-07-13 20:48:06,043 INFO  server.RaftServerConfigKeys (ConfUtils.java:logGet(43)) - raft.server.log.segment.size.max = 1048576 (custom)
2019-07-13 20:48:06,043 INFO  server.RaftServerConfigKeys (ConfUtils.java:logGet(43)) - raft.server.log.segment.size.max = 1048576 (custom)
2019-07-13 20:48:06,043 INFO  server.RaftServerConfigKeys (ConfUtils.java:logGet(43)) - raft.server.log.preallocated.size = 16384 (custom)
2019-07-13 20:48:06,043 INFO  server.RaftServerConfigKeys (ConfUtils.java:logGet(43)) - raft.server.log.preallocated.size = 16384 (custom)
2019-07-13 20:48:06,043 INFO  segmented.SegmentedRaftLogWorker (SegmentedRaftLogWorker.java:lambda$new$0(132)) - 6f98d6cb-169e-46ff-b116-cbe2ce143516-SegmentedRaftLogWorker:Storage Directory /tmp/workdir/hadoop-ozone/integration-test/target/test-dir/MiniOzoneClusterImpl-b8e9a504-9fd0-40e1-9c94-ee4b607361f6/datanode-4/data/ratis/a555d909-a2af-4d9c-84ae-7c3234a7ebec: flushIndex: setUnconditionally 0 -> -1
2019-07-13 20:48:06,043 INFO  server.RaftServerConfigKeys (ConfUtils.java:logGet(43)) - raft.server.log.write.buffer.size = 33554432 (custom)
2019-07-13 20:48:06,043 INFO  server.RaftServerConfigKeys (ConfUtils.java:logGet(43)) - raft.server.log.write.buffer.size = 33554432 (custom)
2019-07-13 20:48:06,044 INFO  server.RaftServerConfigKeys (ConfUtils.java:logGet(43)) - raft.server.snapshot.auto.trigger.enabled = true (custom)
2019-07-13 20:48:06,044 INFO  server.RaftServerConfigKeys (ConfUtils.java:logGet(43)) - raft.server.log.force.sync.num = 128 (default)
2019-07-13 20:48:06,044 INFO  server.RaftServerConfigKeys (ConfUtils.java:logGet(43)) - raft.server.snapshot.auto.trigger.threshold = 10000 (custom)
2019-07-13 20:48:06,044 INFO  server.RaftServerConfigKeys (ConfUtils.java:logGet(43)) - raft.server.log.force.sync.num = 128 (default)
2019-07-13 20:48:06,044 INFO  server.RaftServerConfigKeys (ConfUtils.java:logGet(43)) - raft.server.retrycache.expirytime = 600000ms (custom)
2019-07-13 20:48:06,044 INFO  server.RaftServerConfigKeys (ConfUtils.java:logGet(43)) - raft.server.log.statemachine.data.sync = true (default)
2019-07-13 20:48:06,044 INFO  server.RaftServerConfigKeys (ConfUtils.java:logGet(43)) - raft.server.log.statemachine.data.sync = true (default)
2019-07-13 20:48:06,044 INFO  server.RaftServerConfigKeys (ConfUtils.java:logGet(43)) - raft.server.log.statemachine.data.sync.timeout = 10s (default)
2019-07-13 20:48:06,044 INFO  impl.RaftServerImpl (RaftServerImpl.java:start(180)) - 6f98d6cb-169e-46ff-b116-cbe2ce143516: start group-7C3234A7EBEC
2019-07-13 20:48:06,045 INFO  server.RaftServerConfigKeys (ConfUtils.java:logGet(43)) - raft.server.log.statemachine.data.sync.timeout.retry = -1 (default)
2019-07-13 20:48:06,045 INFO  server.RaftServerConfigKeys (ConfUtils.java:logGet(43)) - raft.server.log.statemachine.data.sync.timeout = 10s (default)
2019-07-13 20:48:06,045 INFO  server.RaftServerConfigKeys (ConfUtils.java:logGet(43)) - raft.server.log.statemachine.data.caching.enabled = true (custom)
2019-07-13 20:48:06,045 INFO  impl.RaftServerImpl (RaftServerImpl.java:setRole(171)) - 6f98d6cb-169e-46ff-b116-cbe2ce143516:group-7C3234A7EBEC changes role from null to FOLLOWER at term 0 for startAsFollower
2019-07-13 20:48:06,045 INFO  server.RaftServerConfigKeys (ConfUtils.java:logGet(43)) - raft.server.log.statemachine.data.sync.timeout.retry = -1 (default)
2019-07-13 20:48:06,046 INFO  segmented.SegmentedRaftLogWorker (SegmentedRaftLogWorker.java:lambda$new$0(132)) - 0af8ba89-fd4d-4cb4-9652-7a0bf10793bc-SegmentedRaftLogWorker:Storage Directory /tmp/workdir/hadoop-ozone/integration-test/target/test-dir/MiniOzoneClusterImpl-b8e9a504-9fd0-40e1-9c94-ee4b607361f6/datanode-5/data/ratis/a555d909-a2af-4d9c-84ae-7c3234a7ebec: flushIndex: setUnconditionally 0 -> -1
2019-07-13 20:48:06,046 INFO  impl.RoleInfo (RoleInfo.java:updateAndGet(143)) - 6f98d6cb-169e-46ff-b116-cbe2ce143516: start FollowerState
2019-07-13 20:48:06,046 INFO  server.RaftServerConfigKeys (ConfUtils.java:logGet(43)) - raft.server.log.statemachine.data.caching.enabled = true (custom)
2019-07-13 20:48:06,046 INFO  server.RaftServerConfigKeys (ConfUtils.java:logGet(43)) - raft.server.snapshot.auto.trigger.enabled = true (custom)
2019-07-13 20:48:06,046 INFO  server.RaftServerConfigKeys (ConfUtils.java:logGet(43)) - raft.server.snapshot.auto.trigger.threshold = 10000 (custom)
2019-07-13 20:48:06,046 INFO  segmented.SegmentedRaftLogWorker (SegmentedRaftLogWorker.java:lambda$new$0(132)) - 3bbba857-3c63-4ed2-accd-adca406a2ae3-SegmentedRaftLogWorker:Storage Directory /tmp/workdir/hadoop-ozone/integration-test/target/test-dir/MiniOzoneClusterImpl-b8e9a504-9fd0-40e1-9c94-ee4b607361f6/datanode-3/data/ratis/a555d909-a2af-4d9c-84ae-7c3234a7ebec: flushIndex: setUnconditionally 0 -> -1
2019-07-13 20:48:06,046 INFO  server.RaftServerConfigKeys (ConfUtils.java:logGet(43)) - raft.server.retrycache.expirytime = 600000ms (custom)
2019-07-13 20:48:06,046 INFO  util.JmxRegister (JmxRegister.java:tryRegister(44)) - Successfully registered JMX Bean with object name Ratis:service=RaftServer,group=group-7C3234A7EBEC,id=6f98d6cb-169e-46ff-b116-cbe2ce143516
2019-07-13 20:48:06,047 INFO  impl.RaftServerImpl (RaftServerImpl.java:start(180)) - 0af8ba89-fd4d-4cb4-9652-7a0bf10793bc: start group-7C3234A7EBEC
2019-07-13 20:48:06,047 INFO  server.RaftServerConfigKeys (ConfUtils.java:logGet(43)) - raft.server.snapshot.auto.trigger.enabled = true (custom)
2019-07-13 20:48:06,047 INFO  impl.RaftServerImpl (RaftServerImpl.java:setRole(171)) - 0af8ba89-fd4d-4cb4-9652-7a0bf10793bc:group-7C3234A7EBEC changes role from null to FOLLOWER at term 0 for startAsFollower
2019-07-13 20:48:06,047 INFO  server.RaftServerConfigKeys (ConfUtils.java:logGet(43)) - raft.server.snapshot.auto.trigger.threshold = 10000 (custom)
2019-07-13 20:48:06,047 INFO  impl.RoleInfo (RoleInfo.java:updateAndGet(143)) - 0af8ba89-fd4d-4cb4-9652-7a0bf10793bc: start FollowerState
2019-07-13 20:48:06,047 INFO  server.RaftServerConfigKeys (ConfUtils.java:logGet(43)) - raft.server.retrycache.expirytime = 600000ms (custom)
2019-07-13 20:48:06,048 INFO  impl.RaftServerImpl (RaftServerImpl.java:start(180)) - 3bbba857-3c63-4ed2-accd-adca406a2ae3: start group-7C3234A7EBEC
2019-07-13 20:48:06,048 INFO  util.JmxRegister (JmxRegister.java:tryRegister(44)) - Successfully registered JMX Bean with object name Ratis:service=RaftServer,group=group-7C3234A7EBEC,id=0af8ba89-fd4d-4cb4-9652-7a0bf10793bc
2019-07-13 20:48:06,048 INFO  impl.RaftServerImpl (RaftServerImpl.java:setRole(171)) - 3bbba857-3c63-4ed2-accd-adca406a2ae3:group-7C3234A7EBEC changes role from null to FOLLOWER at term 0 for startAsFollower
2019-07-13 20:48:06,048 INFO  impl.RoleInfo (RoleInfo.java:updateAndGet(143)) - 3bbba857-3c63-4ed2-accd-adca406a2ae3: start FollowerState
2019-07-13 20:48:06,049 INFO  util.JmxRegister (JmxRegister.java:tryRegister(44)) - Successfully registered JMX Bean with object name Ratis:service=RaftServer,group=group-7C3234A7EBEC,id=3bbba857-3c63-4ed2-accd-adca406a2ae3
2019-07-13 20:48:06,051 INFO  pipeline.PipelineStateManager (PipelineStateManager.java:addPipeline(56)) - Created pipeline Pipeline[ Id: a555d909-a2af-4d9c-84ae-7c3234a7ebec, Nodes: 3bbba857-3c63-4ed2-accd-adca406a2ae3{ip: 192.168.5.168, host: trunk-nightly-6qp7m-2461138711, networkLocation: /default-rack, certSerialId: null}6f98d6cb-169e-46ff-b116-cbe2ce143516{ip: 192.168.5.168, host: trunk-nightly-6qp7m-2461138711, networkLocation: /default-rack, certSerialId: null}0af8ba89-fd4d-4cb4-9652-7a0bf10793bc{ip: 192.168.5.168, host: trunk-nightly-6qp7m-2461138711, networkLocation: /default-rack, certSerialId: null}, Type:RATIS, Factor:THREE, State:OPEN]
2019-07-13 20:48:06,100 WARN  server.GrpcLogAppender (LogUtils.java:warn(134)) - 271550d9-1512-4bf5-aaa9-af0d36b1f2e7->aa0bc247-12f0-4aa6-87db-fc23e750d426: Failed appendEntries: org.apache.ratis.thirdparty.io.grpc.StatusRuntimeException: UNAVAILABLE: io exception
2019-07-13 20:48:06,100 WARN  server.GrpcLogAppender (LogUtils.java:warn(134)) - 271550d9-1512-4bf5-aaa9-af0d36b1f2e7->05e77c5e-e1f6-4c07-aa64-b75593fc2a63: Failed appendEntries: org.apache.ratis.thirdparty.io.grpc.StatusRuntimeException: UNAVAILABLE: io exception
2019-07-13 20:48:06,101 INFO  impl.FollowerInfo (FollowerInfo.java:lambda$new$0(50)) - 271550d9-1512-4bf5-aaa9-af0d36b1f2e7->aa0bc247-12f0-4aa6-87db-fc23e750d426: nextIndex: updateUnconditionally 0 -> 0
2019-07-13 20:48:06,101 INFO  impl.FollowerInfo (FollowerInfo.java:lambda$new$0(50)) - 271550d9-1512-4bf5-aaa9-af0d36b1f2e7->05e77c5e-e1f6-4c07-aa64-b75593fc2a63: nextIndex: updateUnconditionally 0 -> 0
2019-07-13 20:48:06,109 INFO  ozone.MiniOzoneClusterImpl (MiniOzoneClusterImpl.java:lambda$waitForClusterToBeReady$0(142)) - Waiting for cluster to be ready. Got 6 of 7 DN Heartbeats.
2019-07-13 20:48:06,110 INFO  node.SCMNodeManager (SCMNodeManager.java:register(269)) - Registered Data node : da29e3b2-a937-465d-8e5e-da37cd4e2ecf{ip: 192.168.5.168, host: trunk-nightly-6qp7m-2461138711, networkLocation: /default-rack, certSerialId: null}
2019-07-13 20:48:06,127 INFO  impl.RaftServerProxy (RaftServerProxy.java:addNew(89)) - da29e3b2-a937-465d-8e5e-da37cd4e2ecf: addNew group-8A3FA631DCAD:[da29e3b2-a937-465d-8e5e-da37cd4e2ecf:192.168.5.168:35400] returns group-8A3FA631DCAD:java.util.concurrent.CompletableFuture@6f222150[Not completed]
2019-07-13 20:48:06,128 INFO  impl.RaftServerImpl (RaftServerImpl.java:<init>(93)) - da29e3b2-a937-465d-8e5e-da37cd4e2ecf: new RaftServerImpl for group-8A3FA631DCAD:[da29e3b2-a937-465d-8e5e-da37cd4e2ecf:192.168.5.168:35400] with ContainerStateMachine:uninitialized
2019-07-13 20:48:06,129 INFO  server.RaftServerConfigKeys (ConfUtils.java:logGet(43)) - raft.server.rpc.timeout.min = 5s (custom)
2019-07-13 20:48:06,129 INFO  server.RaftServerConfigKeys (ConfUtils.java:logGet(43)) - raft.server.rpc.timeout.max = 5200ms (custom)
2019-07-13 20:48:06,129 INFO  server.RaftServerConfigKeys (ConfUtils.java:logGet(43)) - raft.server.rpcslowness.timeout = 120s (custom)
2019-07-13 20:48:06,129 INFO  server.RaftServerConfigKeys (ConfUtils.java:logGet(43)) - raft.server.sleep.deviation.threshold = 300 (default)
2019-07-13 20:48:06,129 INFO  server.RaftServerConfigKeys (ConfUtils.java:logGet(43)) - raft.server.log.appender.install.snapshot.enabled = false (custom)
2019-07-13 20:48:06,129 INFO  impl.RaftServerImpl (ServerState.java:<init>(105)) - da29e3b2-a937-465d-8e5e-da37cd4e2ecf:group-8A3FA631DCAD ConfigurationManager, init=-1: [da29e3b2-a937-465d-8e5e-da37cd4e2ecf:192.168.5.168:35400], old=null, confs=<EMPTY_MAP>
2019-07-13 20:48:06,130 INFO  server.RaftServerConfigKeys (ConfUtils.java:logGet(43)) - raft.server.storage.dir = [/tmp/workdir/hadoop-ozone/integration-test/target/test-dir/MiniOzoneClusterImpl-b8e9a504-9fd0-40e1-9c94-ee4b607361f6/datanode-6/data/ratis] (custom)
2019-07-13 20:48:06,130 INFO  storage.RaftStorageDirectory (RaftStorageDirectory.java:analyzeStorage(246)) - The storage directory /tmp/workdir/hadoop-ozone/integration-test/target/test-dir/MiniOzoneClusterImpl-b8e9a504-9fd0-40e1-9c94-ee4b607361f6/datanode-6/data/ratis/0b668cce-7064-4735-8a8e-8a3fa631dcad does not exist. Creating ...
2019-07-13 20:48:06,144 INFO  storage.RaftStorageDirectory (RaftStorageDirectory.java:tryLock(328)) - Lock on /tmp/workdir/hadoop-ozone/integration-test/target/test-dir/MiniOzoneClusterImpl-b8e9a504-9fd0-40e1-9c94-ee4b607361f6/datanode-6/data/ratis/0b668cce-7064-4735-8a8e-8a3fa631dcad/in_use.lock acquired by nodename 28672@trunk-nightly-6qp7m-2461138711
2019-07-13 20:48:06,147 INFO  storage.RaftStorage (RaftStorage.java:format(72)) - Storage directory /tmp/workdir/hadoop-ozone/integration-test/target/test-dir/MiniOzoneClusterImpl-b8e9a504-9fd0-40e1-9c94-ee4b607361f6/datanode-6/data/ratis/0b668cce-7064-4735-8a8e-8a3fa631dcad has been successfully formatted.
2019-07-13 20:48:06,147 INFO  ratis.ContainerStateMachine (ContainerStateMachine.java:loadSnapshot(200)) - The snapshot info is null.Setting the last applied index to:(t:0, i:~)
2019-07-13 20:48:06,147 INFO  server.RaftServerConfigKeys (ConfUtils.java:logGet(43)) - raft.server.leader.election.timeout = 120s (custom)
2019-07-13 20:48:06,147 INFO  server.RaftServerConfigKeys (ConfUtils.java:logGet(43)) - raft.server.log.use.memory = false (default)
2019-07-13 20:48:06,147 INFO  server.RaftServerConfigKeys (ConfUtils.java:logGet(43)) - raft.server.log.purge.gap = 1000000000 (custom)
2019-07-13 20:48:06,147 INFO  server.RaftServerConfigKeys (ConfUtils.java:logGet(43)) - raft.server.log.appender.buffer.byte-limit = 33554432 (custom)
2019-07-13 20:48:06,147 INFO  server.RaftServerConfigKeys (ConfUtils.java:logGet(43)) - raft.server.log.segment.size.max = 1048576 (custom)
2019-07-13 20:48:06,147 INFO  server.RaftServerConfigKeys (ConfUtils.java:logGet(43)) - raft.server.log.segment.cache.num.max = 2 (custom)
2019-07-13 20:48:06,148 INFO  segmented.SegmentedRaftLogWorker (SegmentedRaftLogWorker.java:<init>(172)) - new da29e3b2-a937-465d-8e5e-da37cd4e2ecf-SegmentedRaftLogWorker:Storage Directory /tmp/workdir/hadoop-ozone/integration-test/target/test-dir/MiniOzoneClusterImpl-b8e9a504-9fd0-40e1-9c94-ee4b607361f6/datanode-6/data/ratis/0b668cce-7064-4735-8a8e-8a3fa631dcad for RaftStorage:Storage Directory /tmp/workdir/hadoop-ozone/integration-test/target/test-dir/MiniOzoneClusterImpl-b8e9a504-9fd0-40e1-9c94-ee4b607361f6/datanode-6/data/ratis/0b668cce-7064-4735-8a8e-8a3fa631dcad
2019-07-13 20:48:06,148 INFO  server.RaftServerConfigKeys (ConfUtils.java:logGet(43)) - raft.server.log.queue.byte-limit = 2147483647 (custom)
2019-07-13 20:48:06,148 INFO  server.RaftServerConfigKeys (ConfUtils.java:logGet(43)) - raft.server.log.queue.element-limit = 1024 (custom)
2019-07-13 20:48:06,148 INFO  server.RaftServerConfigKeys (ConfUtils.java:logGet(43)) - raft.server.log.segment.size.max = 1048576 (custom)
2019-07-13 20:48:06,148 INFO  server.RaftServerConfigKeys (ConfUtils.java:logGet(43)) - raft.server.log.preallocated.size = 16384 (custom)
2019-07-13 20:48:06,148 INFO  server.RaftServerConfigKeys (ConfUtils.java:logGet(43)) - raft.server.log.write.buffer.size = 33554432 (custom)
2019-07-13 20:48:06,148 INFO  server.RaftServerConfigKeys (ConfUtils.java:logGet(43)) - raft.server.log.force.sync.num = 128 (default)
2019-07-13 20:48:06,148 INFO  server.RaftServerConfigKeys (ConfUtils.java:logGet(43)) - raft.server.log.statemachine.data.sync = true (default)
2019-07-13 20:48:06,148 INFO  server.RaftServerConfigKeys (ConfUtils.java:logGet(43)) - raft.server.log.statemachine.data.sync.timeout = 10s (default)
2019-07-13 20:48:06,149 INFO  server.RaftServerConfigKeys (ConfUtils.java:logGet(43)) - raft.server.log.statemachine.data.sync.timeout.retry = -1 (default)
2019-07-13 20:48:06,149 INFO  server.RaftServerConfigKeys (ConfUtils.java:logGet(43)) - raft.server.log.statemachine.data.caching.enabled = true (custom)
2019-07-13 20:48:06,149 INFO  segmented.SegmentedRaftLogWorker (SegmentedRaftLogWorker.java:lambda$new$0(132)) - da29e3b2-a937-465d-8e5e-da37cd4e2ecf-SegmentedRaftLogWorker:Storage Directory /tmp/workdir/hadoop-ozone/integration-test/target/test-dir/MiniOzoneClusterImpl-b8e9a504-9fd0-40e1-9c94-ee4b607361f6/datanode-6/data/ratis/0b668cce-7064-4735-8a8e-8a3fa631dcad: flushIndex: setUnconditionally 0 -> -1
2019-07-13 20:48:06,149 INFO  server.RaftServerConfigKeys (ConfUtils.java:logGet(43)) - raft.server.snapshot.auto.trigger.enabled = true (custom)
2019-07-13 20:48:06,149 INFO  server.RaftServerConfigKeys (ConfUtils.java:logGet(43)) - raft.server.snapshot.auto.trigger.threshold = 10000 (custom)
2019-07-13 20:48:06,150 INFO  server.RaftServerConfigKeys (ConfUtils.java:logGet(43)) - raft.server.retrycache.expirytime = 600000ms (custom)
2019-07-13 20:48:06,150 INFO  impl.RaftServerImpl (RaftServerImpl.java:start(180)) - da29e3b2-a937-465d-8e5e-da37cd4e2ecf: start group-8A3FA631DCAD
2019-07-13 20:48:06,150 INFO  impl.RaftServerImpl (RaftServerImpl.java:setRole(171)) - da29e3b2-a937-465d-8e5e-da37cd4e2ecf:group-8A3FA631DCAD changes role from null to FOLLOWER at term 0 for startAsFollower
2019-07-13 20:48:06,150 INFO  impl.RoleInfo (RoleInfo.java:updateAndGet(143)) - da29e3b2-a937-465d-8e5e-da37cd4e2ecf: start FollowerState
2019-07-13 20:48:06,150 INFO  util.JmxRegister (JmxRegister.java:tryRegister(44)) - Successfully registered JMX Bean with object name Ratis:service=RaftServer,group=group-8A3FA631DCAD,id=da29e3b2-a937-465d-8e5e-da37cd4e2ecf
2019-07-13 20:48:06,153 INFO  pipeline.PipelineStateManager (PipelineStateManager.java:addPipeline(56)) - Created pipeline Pipeline[ Id: 0b668cce-7064-4735-8a8e-8a3fa631dcad, Nodes: da29e3b2-a937-465d-8e5e-da37cd4e2ecf{ip: 192.168.5.168, host: trunk-nightly-6qp7m-2461138711, networkLocation: /default-rack, certSerialId: null}, Type:RATIS, Factor:ONE, State:OPEN]
2019-07-13 20:48:06,426 WARN  server.GrpcLogAppender (LogUtils.java:warn(134)) - a821c51a-654e-405d-8a70-0a883c22ff18->4f108adb-2142-4e92-bf39-b48875c9ade4: Failed appendEntries: org.apache.ratis.thirdparty.io.grpc.StatusRuntimeException: UNAVAILABLE: io exception
2019-07-13 20:48:06,427 INFO  impl.FollowerInfo (FollowerInfo.java:lambda$new$0(50)) - a821c51a-654e-405d-8a70-0a883c22ff18->4f108adb-2142-4e92-bf39-b48875c9ade4: nextIndex: updateUnconditionally 0 -> 0
2019-07-13 20:48:06,450 WARN  server.GrpcLogAppender (LogUtils.java:warn(134)) - a821c51a-654e-405d-8a70-0a883c22ff18->ab218066-181d-46b2-9ec7-7fa1ad867f1c: Failed appendEntries: org.apache.ratis.thirdparty.io.grpc.StatusRuntimeException: UNAVAILABLE: io exception
2019-07-13 20:48:06,450 INFO  impl.FollowerInfo (FollowerInfo.java:lambda$new$0(50)) - a821c51a-654e-405d-8a70-0a883c22ff18->ab218066-181d-46b2-9ec7-7fa1ad867f1c: nextIndex: updateUnconditionally 0 -> 0
2019-07-13 20:48:07,109 INFO  ozone.MiniOzoneClusterImpl (MiniOzoneClusterImpl.java:lambda$waitForClusterToBeReady$0(142)) - Cluster is ready. Got 7 of 7 DN Heartbeats.
2019-07-13 20:48:07,287 INFO  rpc.RpcClient (RpcClient.java:createVolume(287)) - Creating Volume: watchforcommithandlingtest, with jenkins1000 as owner.
2019-07-13 20:48:07,312 INFO  rpc.RpcClient (RpcClient.java:createBucket(424)) - Creating Bucket: watchforcommithandlingtest/watchforcommithandlingtest, with Versioning false and Storage Type set to DISK and Encryption set to false 
2019-07-13 20:48:07,319 INFO  ozone.MiniOzoneClusterImpl (MiniOzoneClusterImpl.java:getStorageContainerLocationClient(241)) - Creating StorageContainerLocationProtocol RPC client with address /0.0.0.0:39556
2019-07-13 20:48:07,345 INFO  client.GrpcClientProtocolClient (GrpcClientProtocolClient.java:onNext(255)) - client-BAB736549FD9->b31fc272-098f-4b1d-bfc1-f1c2898dadba: receive RaftClientReply:client-BAB736549FD9->b31fc272-098f-4b1d-bfc1-f1c2898dadba@group-D067A691E475, cid=88, FAILED org.apache.ratis.protocol.NotLeaderException: Server b31fc272-098f-4b1d-bfc1-f1c2898dadba is not the leader (null). Request must be sent to leader., logIndex=0, commits[b31fc272-098f-4b1d-bfc1-f1c2898dadba:c-1]
2019-07-13 20:48:07,539 INFO  container.ReplicationManager (ReplicationManager.java:start(155)) - Starting Replication Monitor Thread.
2019-07-13 20:48:07,549 INFO  container.ReplicationManager (ReplicationManager.java:run(207)) - Replication Monitor Thread took 0 milliseconds for processing 1 containers.
2019-07-13 20:48:08,400 INFO  client.GrpcClientProtocolClient (GrpcClientProtocolClient.java:onNext(255)) - client-BAB736549FD9->42b88284-d0fa-470d-97e2-023b569d0f82: receive RaftClientReply:client-BAB736549FD9->42b88284-d0fa-470d-97e2-023b569d0f82@group-D067A691E475, cid=88, FAILED org.apache.ratis.protocol.NotLeaderException: Server 42b88284-d0fa-470d-97e2-023b569d0f82 is not the leader (null). Request must be sent to leader., logIndex=0, commits[42b88284-d0fa-470d-97e2-023b569d0f82:c-1]
2019-07-13 20:48:08,601 WARN  server.GrpcLogAppender (LogUtils.java:warn(134)) - 271550d9-1512-4bf5-aaa9-af0d36b1f2e7->05e77c5e-e1f6-4c07-aa64-b75593fc2a63: Failed appendEntries: org.apache.ratis.thirdparty.io.grpc.StatusRuntimeException: UNAVAILABLE: io exception
2019-07-13 20:48:08,601 WARN  server.GrpcLogAppender (LogUtils.java:warn(134)) - 271550d9-1512-4bf5-aaa9-af0d36b1f2e7->aa0bc247-12f0-4aa6-87db-fc23e750d426: Failed appendEntries: org.apache.ratis.thirdparty.io.grpc.StatusRuntimeException: UNAVAILABLE: io exception
2019-07-13 20:48:08,601 INFO  impl.FollowerInfo (FollowerInfo.java:lambda$new$0(50)) - 271550d9-1512-4bf5-aaa9-af0d36b1f2e7->05e77c5e-e1f6-4c07-aa64-b75593fc2a63: nextIndex: updateUnconditionally 0 -> 0
2019-07-13 20:48:08,602 INFO  impl.FollowerInfo (FollowerInfo.java:lambda$new$0(50)) - 271550d9-1512-4bf5-aaa9-af0d36b1f2e7->aa0bc247-12f0-4aa6-87db-fc23e750d426: nextIndex: updateUnconditionally 0 -> 0
2019-07-13 20:48:08,927 WARN  server.GrpcLogAppender (LogUtils.java:warn(134)) - a821c51a-654e-405d-8a70-0a883c22ff18->4f108adb-2142-4e92-bf39-b48875c9ade4: Failed appendEntries: org.apache.ratis.thirdparty.io.grpc.StatusRuntimeException: UNAVAILABLE: io exception
2019-07-13 20:48:08,927 INFO  impl.FollowerInfo (FollowerInfo.java:lambda$new$0(50)) - a821c51a-654e-405d-8a70-0a883c22ff18->4f108adb-2142-4e92-bf39-b48875c9ade4: nextIndex: updateUnconditionally 0 -> 0
2019-07-13 20:48:08,951 WARN  server.GrpcLogAppender (LogUtils.java:warn(134)) - a821c51a-654e-405d-8a70-0a883c22ff18->ab218066-181d-46b2-9ec7-7fa1ad867f1c: Failed appendEntries: org.apache.ratis.thirdparty.io.grpc.StatusRuntimeException: UNAVAILABLE: io exception
2019-07-13 20:48:08,951 INFO  impl.FollowerInfo (FollowerInfo.java:lambda$new$0(50)) - a821c51a-654e-405d-8a70-0a883c22ff18->ab218066-181d-46b2-9ec7-7fa1ad867f1c: nextIndex: updateUnconditionally 0 -> 0
2019-07-13 20:48:09,433 INFO  client.GrpcClientProtocolClient (GrpcClientProtocolClient.java:onNext(255)) - client-BAB736549FD9->b31fc272-098f-4b1d-bfc1-f1c2898dadba: receive RaftClientReply:client-BAB736549FD9->b31fc272-098f-4b1d-bfc1-f1c2898dadba@group-D067A691E475, cid=88, FAILED org.apache.ratis.protocol.NotLeaderException: Server b31fc272-098f-4b1d-bfc1-f1c2898dadba is not the leader (null). Request must be sent to leader., logIndex=0, commits[b31fc272-098f-4b1d-bfc1-f1c2898dadba:c-1]
2019-07-13 20:48:09,701 INFO  impl.FollowerState (FollowerState.java:run(106)) - b31fc272-098f-4b1d-bfc1-f1c2898dadba:group-4856C50ED16B changes to CANDIDATE, lastRpcTime:5122, electionTimeout:5122ms
2019-07-13 20:48:09,701 INFO  impl.RoleInfo (RoleInfo.java:shutdownFollowerState(121)) - b31fc272-098f-4b1d-bfc1-f1c2898dadba: shutdown FollowerState
2019-07-13 20:48:09,701 INFO  impl.RaftServerImpl (RaftServerImpl.java:setRole(171)) - b31fc272-098f-4b1d-bfc1-f1c2898dadba:group-4856C50ED16B changes role from FOLLOWER to CANDIDATE at term 0 for changeToCandidate
2019-07-13 20:48:09,701 INFO  impl.RoleInfo (RoleInfo.java:updateAndGet(143)) - b31fc272-098f-4b1d-bfc1-f1c2898dadba: start LeaderElection
2019-07-13 20:48:09,751 INFO  impl.LeaderElection (LeaderElection.java:askForVotes(181)) - b31fc272-098f-4b1d-bfc1-f1c2898dadba:group-4856C50ED16B:LeaderElection45: begin an election at term 1 for -1: [b31fc272-098f-4b1d-bfc1-f1c2898dadba:192.168.5.168:34218], old=null
2019-07-13 20:48:09,752 INFO  impl.RoleInfo (RoleInfo.java:shutdownLeaderElection(134)) - b31fc272-098f-4b1d-bfc1-f1c2898dadba: shutdown LeaderElection
2019-07-13 20:48:09,752 INFO  impl.RaftServerImpl (RaftServerImpl.java:setRole(171)) - b31fc272-098f-4b1d-bfc1-f1c2898dadba:group-4856C50ED16B changes role from CANDIDATE to LEADER at term 1 for changeToLeader
2019-07-13 20:48:09,752 INFO  impl.RaftServerImpl (ServerState.java:setLeader(263)) - b31fc272-098f-4b1d-bfc1-f1c2898dadba:group-4856C50ED16B change Leader from null to b31fc272-098f-4b1d-bfc1-f1c2898dadba at term 1 for becomeLeader, leader elected after 5178ms
2019-07-13 20:48:09,752 INFO  server.RaftServerConfigKeys (ConfUtils.java:logGet(43)) - raft.server.staging.catchup.gap = 1000 (default)
2019-07-13 20:48:09,752 INFO  server.RaftServerConfigKeys (ConfUtils.java:logGet(43)) - raft.server.rpc.sleep.time = 25ms (default)
2019-07-13 20:48:09,752 INFO  server.RaftServerConfigKeys (ConfUtils.java:logGet(43)) - raft.server.write.element-limit = 4096 (default)
2019-07-13 20:48:09,753 INFO  server.RaftServerConfigKeys (ConfUtils.java:logGet(43)) - raft.server.watch.timeout = 10s (default)
2019-07-13 20:48:09,753 INFO  server.RaftServerConfigKeys (ConfUtils.java:logGet(43)) - raft.server.watch.timeout.denomination = 1s (default)
2019-07-13 20:48:09,753 INFO  server.RaftServerConfigKeys (ConfUtils.java:logGet(43)) - raft.server.watch.element-limit = 65536 (default)
2019-07-13 20:48:09,753 INFO  impl.RoleInfo (RoleInfo.java:updateAndGet(143)) - b31fc272-098f-4b1d-bfc1-f1c2898dadba: start LeaderState
2019-07-13 20:48:09,753 INFO  segmented.SegmentedRaftLogWorker (SegmentedRaftLogWorker.java:startLogSegment(380)) - b31fc272-098f-4b1d-bfc1-f1c2898dadba-SegmentedRaftLogWorker:Storage Directory /tmp/workdir/hadoop-ozone/integration-test/target/test-dir/MiniOzoneClusterImpl-b8e9a504-9fd0-40e1-9c94-ee4b607361f6/datanode-0/data/ratis/5a77d972-42fe-4d88-ada8-4856c50ed16b: Starting segment from index:0
2019-07-13 20:48:09,754 INFO  impl.RaftServerImpl (ServerState.java:setRaftConf(361)) - b31fc272-098f-4b1d-bfc1-f1c2898dadba:group-4856C50ED16B set configuration 0: [b31fc272-098f-4b1d-bfc1-f1c2898dadba:192.168.5.168:34218], old=null at 0
2019-07-13 20:48:09,795 INFO  segmented.SegmentedRaftLogWorker (SegmentedRaftLogWorker.java:execute(569)) - b31fc272-098f-4b1d-bfc1-f1c2898dadba-SegmentedRaftLogWorker:Storage Directory /tmp/workdir/hadoop-ozone/integration-test/target/test-dir/MiniOzoneClusterImpl-b8e9a504-9fd0-40e1-9c94-ee4b607361f6/datanode-0/data/ratis/5a77d972-42fe-4d88-ada8-4856c50ed16b: created new log segment /tmp/workdir/hadoop-ozone/integration-test/target/test-dir/MiniOzoneClusterImpl-b8e9a504-9fd0-40e1-9c94-ee4b607361f6/datanode-0/data/ratis/5a77d972-42fe-4d88-ada8-4856c50ed16b/current/log_inprogress_0
2019-07-13 20:48:10,003 INFO  impl.FollowerState (FollowerState.java:run(106)) - 847eefbe-6e44-47db-ba01-a98fe5cf82d2:group-05A5328D8ACB changes to CANDIDATE, lastRpcTime:5178, electionTimeout:5178ms
2019-07-13 20:48:10,003 INFO  impl.RoleInfo (RoleInfo.java:shutdownFollowerState(121)) - 847eefbe-6e44-47db-ba01-a98fe5cf82d2: shutdown FollowerState
2019-07-13 20:48:10,003 INFO  impl.RaftServerImpl (RaftServerImpl.java:setRole(171)) - 847eefbe-6e44-47db-ba01-a98fe5cf82d2:group-05A5328D8ACB changes role from FOLLOWER to CANDIDATE at term 0 for changeToCandidate
2019-07-13 20:48:10,003 INFO  impl.RoleInfo (RoleInfo.java:updateAndGet(143)) - 847eefbe-6e44-47db-ba01-a98fe5cf82d2: start LeaderElection
2019-07-13 20:48:10,060 INFO  impl.LeaderElection (LeaderElection.java:askForVotes(181)) - 847eefbe-6e44-47db-ba01-a98fe5cf82d2:group-05A5328D8ACB:LeaderElection46: begin an election at term 1 for -1: [847eefbe-6e44-47db-ba01-a98fe5cf82d2:192.168.5.168:37919], old=null
2019-07-13 20:48:10,060 INFO  impl.RoleInfo (RoleInfo.java:shutdownLeaderElection(134)) - 847eefbe-6e44-47db-ba01-a98fe5cf82d2: shutdown LeaderElection
2019-07-13 20:48:10,060 INFO  impl.RaftServerImpl (RaftServerImpl.java:setRole(171)) - 847eefbe-6e44-47db-ba01-a98fe5cf82d2:group-05A5328D8ACB changes role from CANDIDATE to LEADER at term 1 for changeToLeader
2019-07-13 20:48:10,060 INFO  impl.RaftServerImpl (ServerState.java:setLeader(263)) - 847eefbe-6e44-47db-ba01-a98fe5cf82d2:group-05A5328D8ACB change Leader from null to 847eefbe-6e44-47db-ba01-a98fe5cf82d2 at term 1 for becomeLeader, leader elected after 5240ms
2019-07-13 20:48:10,060 INFO  server.RaftServerConfigKeys (ConfUtils.java:logGet(43)) - raft.server.staging.catchup.gap = 1000 (default)
2019-07-13 20:48:10,060 INFO  server.RaftServerConfigKeys (ConfUtils.java:logGet(43)) - raft.server.rpc.sleep.time = 25ms (default)
2019-07-13 20:48:10,061 INFO  server.RaftServerConfigKeys (ConfUtils.java:logGet(43)) - raft.server.write.element-limit = 4096 (default)
2019-07-13 20:48:10,061 INFO  server.RaftServerConfigKeys (ConfUtils.java:logGet(43)) - raft.server.watch.timeout = 10s (default)
2019-07-13 20:48:10,061 INFO  server.RaftServerConfigKeys (ConfUtils.java:logGet(43)) - raft.server.watch.timeout.denomination = 1s (default)
2019-07-13 20:48:10,061 INFO  server.RaftServerConfigKeys (ConfUtils.java:logGet(43)) - raft.server.watch.element-limit = 65536 (default)
2019-07-13 20:48:10,061 INFO  impl.RoleInfo (RoleInfo.java:updateAndGet(143)) - 847eefbe-6e44-47db-ba01-a98fe5cf82d2: start LeaderState
2019-07-13 20:48:10,062 INFO  segmented.SegmentedRaftLogWorker (SegmentedRaftLogWorker.java:startLogSegment(380)) - 847eefbe-6e44-47db-ba01-a98fe5cf82d2-SegmentedRaftLogWorker:Storage Directory /tmp/workdir/hadoop-ozone/integration-test/target/test-dir/MiniOzoneClusterImpl-b8e9a504-9fd0-40e1-9c94-ee4b607361f6/datanode-1/data/ratis/6d131d7d-5a55-49a7-a7a5-05a5328d8acb: Starting segment from index:0
2019-07-13 20:48:10,062 INFO  impl.RaftServerImpl (ServerState.java:setRaftConf(361)) - 847eefbe-6e44-47db-ba01-a98fe5cf82d2:group-05A5328D8ACB set configuration 0: [847eefbe-6e44-47db-ba01-a98fe5cf82d2:192.168.5.168:37919], old=null at 0
2019-07-13 20:48:10,094 INFO  segmented.SegmentedRaftLogWorker (SegmentedRaftLogWorker.java:execute(569)) - 847eefbe-6e44-47db-ba01-a98fe5cf82d2-SegmentedRaftLogWorker:Storage Directory /tmp/workdir/hadoop-ozone/integration-test/target/test-dir/MiniOzoneClusterImpl-b8e9a504-9fd0-40e1-9c94-ee4b607361f6/datanode-1/data/ratis/6d131d7d-5a55-49a7-a7a5-05a5328d8acb: created new log segment /tmp/workdir/hadoop-ozone/integration-test/target/test-dir/MiniOzoneClusterImpl-b8e9a504-9fd0-40e1-9c94-ee4b607361f6/datanode-1/data/ratis/6d131d7d-5a55-49a7-a7a5-05a5328d8acb/current/log_inprogress_0
2019-07-13 20:48:10,387 INFO  impl.FollowerState (FollowerState.java:run(106)) - 42b88284-d0fa-470d-97e2-023b569d0f82:group-EBB7E0B63E5C changes to CANDIDATE, lastRpcTime:5046, electionTimeout:5046ms
2019-07-13 20:48:10,388 INFO  impl.RoleInfo (RoleInfo.java:shutdownFollowerState(121)) - 42b88284-d0fa-470d-97e2-023b569d0f82: shutdown FollowerState
2019-07-13 20:48:10,388 INFO  impl.RaftServerImpl (RaftServerImpl.java:setRole(171)) - 42b88284-d0fa-470d-97e2-023b569d0f82:group-EBB7E0B63E5C changes role from FOLLOWER to CANDIDATE at term 0 for changeToCandidate
2019-07-13 20:48:10,388 INFO  impl.RoleInfo (RoleInfo.java:updateAndGet(143)) - 42b88284-d0fa-470d-97e2-023b569d0f82: start LeaderElection
2019-07-13 20:48:10,408 INFO  impl.LeaderElection (LeaderElection.java:askForVotes(181)) - 42b88284-d0fa-470d-97e2-023b569d0f82:group-EBB7E0B63E5C:LeaderElection47: begin an election at term 1 for -1: [42b88284-d0fa-470d-97e2-023b569d0f82:192.168.5.168:44221], old=null
2019-07-13 20:48:10,408 INFO  impl.RoleInfo (RoleInfo.java:shutdownLeaderElection(134)) - 42b88284-d0fa-470d-97e2-023b569d0f82: shutdown LeaderElection
2019-07-13 20:48:10,408 INFO  impl.RaftServerImpl (RaftServerImpl.java:setRole(171)) - 42b88284-d0fa-470d-97e2-023b569d0f82:group-EBB7E0B63E5C changes role from CANDIDATE to LEADER at term 1 for changeToLeader
2019-07-13 20:48:10,408 INFO  impl.RaftServerImpl (ServerState.java:setLeader(263)) - 42b88284-d0fa-470d-97e2-023b569d0f82:group-EBB7E0B63E5C change Leader from null to 42b88284-d0fa-470d-97e2-023b569d0f82 at term 1 for becomeLeader, leader elected after 5072ms
2019-07-13 20:48:10,409 INFO  server.RaftServerConfigKeys (ConfUtils.java:logGet(43)) - raft.server.staging.catchup.gap = 1000 (default)
2019-07-13 20:48:10,409 INFO  server.RaftServerConfigKeys (ConfUtils.java:logGet(43)) - raft.server.rpc.sleep.time = 25ms (default)
2019-07-13 20:48:10,409 INFO  server.RaftServerConfigKeys (ConfUtils.java:logGet(43)) - raft.server.write.element-limit = 4096 (default)
2019-07-13 20:48:10,409 INFO  server.RaftServerConfigKeys (ConfUtils.java:logGet(43)) - raft.server.watch.timeout = 10s (default)
2019-07-13 20:48:10,409 INFO  server.RaftServerConfigKeys (ConfUtils.java:logGet(43)) - raft.server.watch.timeout.denomination = 1s (default)
2019-07-13 20:48:10,409 INFO  server.RaftServerConfigKeys (ConfUtils.java:logGet(43)) - raft.server.watch.element-limit = 65536 (default)
2019-07-13 20:48:10,410 INFO  impl.RoleInfo (RoleInfo.java:updateAndGet(143)) - 42b88284-d0fa-470d-97e2-023b569d0f82: start LeaderState
2019-07-13 20:48:10,410 INFO  segmented.SegmentedRaftLogWorker (SegmentedRaftLogWorker.java:startLogSegment(380)) - 42b88284-d0fa-470d-97e2-023b569d0f82-SegmentedRaftLogWorker:Storage Directory /tmp/workdir/hadoop-ozone/integration-test/target/test-dir/MiniOzoneClusterImpl-b8e9a504-9fd0-40e1-9c94-ee4b607361f6/datanode-2/data/ratis/ee8da4d7-09ac-49fb-bbd7-ebb7e0b63e5c: Starting segment from index:0
2019-07-13 20:48:10,410 INFO  impl.RaftServerImpl (ServerState.java:setRaftConf(361)) - 42b88284-d0fa-470d-97e2-023b569d0f82:group-EBB7E0B63E5C set configuration 0: [42b88284-d0fa-470d-97e2-023b569d0f82:192.168.5.168:44221], old=null at 0
2019-07-13 20:48:10,443 INFO  segmented.SegmentedRaftLogWorker (SegmentedRaftLogWorker.java:execute(569)) - 42b88284-d0fa-470d-97e2-023b569d0f82-SegmentedRaftLogWorker:Storage Directory /tmp/workdir/hadoop-ozone/integration-test/target/test-dir/MiniOzoneClusterImpl-b8e9a504-9fd0-40e1-9c94-ee4b607361f6/datanode-2/data/ratis/ee8da4d7-09ac-49fb-bbd7-ebb7e0b63e5c: created new log segment /tmp/workdir/hadoop-ozone/integration-test/target/test-dir/MiniOzoneClusterImpl-b8e9a504-9fd0-40e1-9c94-ee4b607361f6/datanode-2/data/ratis/ee8da4d7-09ac-49fb-bbd7-ebb7e0b63e5c/current/log_inprogress_0
2019-07-13 20:48:10,466 INFO  client.GrpcClientProtocolClient (GrpcClientProtocolClient.java:onNext(255)) - client-BAB736549FD9->42b88284-d0fa-470d-97e2-023b569d0f82: receive RaftClientReply:client-BAB736549FD9->42b88284-d0fa-470d-97e2-023b569d0f82@group-D067A691E475, cid=88, FAILED org.apache.ratis.protocol.NotLeaderException: Server 42b88284-d0fa-470d-97e2-023b569d0f82 is not the leader (null). Request must be sent to leader., logIndex=0, commits[42b88284-d0fa-470d-97e2-023b569d0f82:c-1]
2019-07-13 20:48:10,489 INFO  impl.FollowerState (FollowerState.java:run(106)) - b31fc272-098f-4b1d-bfc1-f1c2898dadba:group-D067A691E475 changes to CANDIDATE, lastRpcTime:5073, electionTimeout:5070ms
2019-07-13 20:48:10,490 INFO  impl.RoleInfo (RoleInfo.java:shutdownFollowerState(121)) - b31fc272-098f-4b1d-bfc1-f1c2898dadba: shutdown FollowerState
2019-07-13 20:48:10,490 INFO  impl.RaftServerImpl (RaftServerImpl.java:setRole(171)) - b31fc272-098f-4b1d-bfc1-f1c2898dadba:group-D067A691E475 changes role from FOLLOWER to CANDIDATE at term 0 for changeToCandidate
2019-07-13 20:48:10,490 INFO  impl.RoleInfo (RoleInfo.java:updateAndGet(143)) - b31fc272-098f-4b1d-bfc1-f1c2898dadba: start LeaderElection
2019-07-13 20:48:10,525 INFO  impl.FollowerState (FollowerState.java:run(106)) - 847eefbe-6e44-47db-ba01-a98fe5cf82d2:group-D067A691E475 changes to CANDIDATE, lastRpcTime:5032, electionTimeout:5008ms
2019-07-13 20:48:10,525 INFO  impl.RoleInfo (RoleInfo.java:shutdownFollowerState(121)) - 847eefbe-6e44-47db-ba01-a98fe5cf82d2: shutdown FollowerState
2019-07-13 20:48:10,525 INFO  impl.RaftServerImpl (RaftServerImpl.java:setRole(171)) - 847eefbe-6e44-47db-ba01-a98fe5cf82d2:group-D067A691E475 changes role from FOLLOWER to CANDIDATE at term 0 for changeToCandidate
2019-07-13 20:48:10,526 INFO  impl.RoleInfo (RoleInfo.java:updateAndGet(143)) - 847eefbe-6e44-47db-ba01-a98fe5cf82d2: start LeaderElection
2019-07-13 20:48:10,539 INFO  impl.LeaderElection (LeaderElection.java:askForVotes(181)) - b31fc272-098f-4b1d-bfc1-f1c2898dadba:group-D067A691E475:LeaderElection48: begin an election at term 1 for -1: [b31fc272-098f-4b1d-bfc1-f1c2898dadba:192.168.5.168:34218, 847eefbe-6e44-47db-ba01-a98fe5cf82d2:192.168.5.168:37919, 42b88284-d0fa-470d-97e2-023b569d0f82:192.168.5.168:44221], old=null
2019-07-13 20:48:10,543 INFO  impl.LeaderElection (LeaderElection.java:askForVotes(181)) - 847eefbe-6e44-47db-ba01-a98fe5cf82d2:group-D067A691E475:LeaderElection49: begin an election at term 1 for -1: [b31fc272-098f-4b1d-bfc1-f1c2898dadba:192.168.5.168:34218, 847eefbe-6e44-47db-ba01-a98fe5cf82d2:192.168.5.168:37919, 42b88284-d0fa-470d-97e2-023b569d0f82:192.168.5.168:44221], old=null
2019-07-13 20:48:10,544 INFO  impl.RaftServerImpl (RaftServerImpl.java:setRole(171)) - 42b88284-d0fa-470d-97e2-023b569d0f82:group-D067A691E475 changes role from FOLLOWER to FOLLOWER at term 1 for recognizeCandidate:b31fc272-098f-4b1d-bfc1-f1c2898dadba
2019-07-13 20:48:10,551 INFO  impl.RoleInfo (RoleInfo.java:shutdownFollowerState(121)) - 42b88284-d0fa-470d-97e2-023b569d0f82: shutdown FollowerState
2019-07-13 20:48:10,551 INFO  impl.RoleInfo (RoleInfo.java:updateAndGet(143)) - 42b88284-d0fa-470d-97e2-023b569d0f82: start FollowerState
2019-07-13 20:48:10,551 INFO  impl.FollowerState (FollowerState.java:run(114)) - 42b88284-d0fa-470d-97e2-023b569d0f82: FollowerState was interrupted: java.lang.InterruptedException: sleep interrupted
2019-07-13 20:48:10,573 INFO  impl.LeaderElection (LeaderElection.java:logAndReturn(56)) - b31fc272-098f-4b1d-bfc1-f1c2898dadba:group-D067A691E475:LeaderElection48: Election PASSED; received 2 response(s) [b31fc272-098f-4b1d-bfc1-f1c2898dadba<-847eefbe-6e44-47db-ba01-a98fe5cf82d2#0:FAIL-t1, b31fc272-098f-4b1d-bfc1-f1c2898dadba<-42b88284-d0fa-470d-97e2-023b569d0f82#0:OK-t1] and 0 exception(s); b31fc272-098f-4b1d-bfc1-f1c2898dadba:t1, leader=null, voted=b31fc272-098f-4b1d-bfc1-f1c2898dadba, raftlog=b31fc272-098f-4b1d-bfc1-f1c2898dadba-SegmentedRaftLog:OPENED:c-1,f-1,i0, conf=-1: [b31fc272-098f-4b1d-bfc1-f1c2898dadba:192.168.5.168:34218, 847eefbe-6e44-47db-ba01-a98fe5cf82d2:192.168.5.168:37919, 42b88284-d0fa-470d-97e2-023b569d0f82:192.168.5.168:44221], old=null
2019-07-13 20:48:10,573 INFO  impl.RoleInfo (RoleInfo.java:shutdownLeaderElection(134)) - b31fc272-098f-4b1d-bfc1-f1c2898dadba: shutdown LeaderElection
2019-07-13 20:48:10,579 INFO  impl.RaftServerImpl (RaftServerImpl.java:setRole(171)) - b31fc272-098f-4b1d-bfc1-f1c2898dadba:group-D067A691E475 changes role from CANDIDATE to LEADER at term 1 for changeToLeader
2019-07-13 20:48:10,579 INFO  impl.LeaderElection (LeaderElection.java:logAndReturn(56)) - 847eefbe-6e44-47db-ba01-a98fe5cf82d2:group-D067A691E475:LeaderElection49: Election REJECTED; received 2 response(s) [847eefbe-6e44-47db-ba01-a98fe5cf82d2<-b31fc272-098f-4b1d-bfc1-f1c2898dadba#0:FAIL-t1, 847eefbe-6e44-47db-ba01-a98fe5cf82d2<-42b88284-d0fa-470d-97e2-023b569d0f82#0:FAIL-t1] and 0 exception(s); 847eefbe-6e44-47db-ba01-a98fe5cf82d2:t1, leader=null, voted=847eefbe-6e44-47db-ba01-a98fe5cf82d2, raftlog=847eefbe-6e44-47db-ba01-a98fe5cf82d2-SegmentedRaftLog:OPENED:c-1,f-1,i0, conf=-1: [b31fc272-098f-4b1d-bfc1-f1c2898dadba:192.168.5.168:34218, 847eefbe-6e44-47db-ba01-a98fe5cf82d2:192.168.5.168:37919, 42b88284-d0fa-470d-97e2-023b569d0f82:192.168.5.168:44221], old=null
2019-07-13 20:48:10,579 INFO  impl.RaftServerImpl (ServerState.java:setLeader(263)) - b31fc272-098f-4b1d-bfc1-f1c2898dadba:group-D067A691E475 change Leader from null to b31fc272-098f-4b1d-bfc1-f1c2898dadba at term 1 for becomeLeader, leader elected after 5170ms
2019-07-13 20:48:10,579 INFO  impl.RaftServerImpl (RaftServerImpl.java:setRole(171)) - 847eefbe-6e44-47db-ba01-a98fe5cf82d2:group-D067A691E475 changes role from CANDIDATE to FOLLOWER at term 1 for DISCOVERED_A_NEW_TERM
2019-07-13 20:48:10,585 INFO  server.RaftServerConfigKeys (ConfUtils.java:logGet(43)) - raft.server.staging.catchup.gap = 1000 (default)
2019-07-13 20:48:10,585 INFO  impl.RoleInfo (RoleInfo.java:shutdownLeaderElection(134)) - 847eefbe-6e44-47db-ba01-a98fe5cf82d2: shutdown LeaderElection
2019-07-13 20:48:10,585 INFO  server.RaftServerConfigKeys (ConfUtils.java:logGet(43)) - raft.server.rpc.sleep.time = 25ms (default)
2019-07-13 20:48:10,585 INFO  impl.RoleInfo (RoleInfo.java:updateAndGet(143)) - 847eefbe-6e44-47db-ba01-a98fe5cf82d2: start FollowerState
2019-07-13 20:48:10,585 INFO  server.RaftServerConfigKeys (ConfUtils.java:logGet(43)) - raft.server.write.element-limit = 4096 (default)
2019-07-13 20:48:10,585 INFO  server.RaftServerConfigKeys (ConfUtils.java:logGet(43)) - raft.server.watch.timeout = 10s (default)
2019-07-13 20:48:10,590 INFO  server.RaftServerConfigKeys (ConfUtils.java:logGet(43)) - raft.server.watch.timeout.denomination = 1s (default)
2019-07-13 20:48:10,590 INFO  server.RaftServerConfigKeys (ConfUtils.java:logGet(43)) - raft.server.watch.element-limit = 65536 (default)
2019-07-13 20:48:10,590 INFO  server.RaftServerConfigKeys (ConfUtils.java:logGet(43)) - raft.server.log.appender.snapshot.chunk.size.max = 16MB (=16777216) (default)
2019-07-13 20:48:10,591 INFO  server.RaftServerConfigKeys (ConfUtils.java:logGet(43)) - raft.server.log.appender.buffer.byte-limit = 33554432 (custom)
2019-07-13 20:48:10,591 INFO  server.RaftServerConfigKeys (ConfUtils.java:logGet(43)) - raft.server.log.appender.buffer.element-limit = 1 (custom)
2019-07-13 20:48:10,591 INFO  grpc.GrpcConfigKeys$Server (ConfUtils.java:logGet(43)) - raft.grpc.server.leader.outstanding.appends.max = 128 (default)
2019-07-13 20:48:10,591 INFO  server.RaftServerConfigKeys (ConfUtils.java:logGet(43)) - raft.server.rpc.request.timeout = 3000ms (default)
2019-07-13 20:48:10,591 INFO  server.RaftServerConfigKeys (ConfUtils.java:logGet(43)) - raft.server.log.appender.install.snapshot.enabled = false (custom)
2019-07-13 20:48:10,591 INFO  server.RaftServerConfigKeys (ConfUtils.java:logGet(43)) - raft.server.log.appender.snapshot.chunk.size.max = 16MB (=16777216) (default)
2019-07-13 20:48:10,591 INFO  server.RaftServerConfigKeys (ConfUtils.java:logGet(43)) - raft.server.log.appender.buffer.byte-limit = 33554432 (custom)
2019-07-13 20:48:10,592 INFO  server.RaftServerConfigKeys (ConfUtils.java:logGet(43)) - raft.server.log.appender.buffer.element-limit = 1 (custom)
2019-07-13 20:48:10,592 INFO  grpc.GrpcConfigKeys$Server (ConfUtils.java:logGet(43)) - raft.grpc.server.leader.outstanding.appends.max = 128 (default)
2019-07-13 20:48:10,592 INFO  server.RaftServerConfigKeys (ConfUtils.java:logGet(43)) - raft.server.rpc.request.timeout = 3000ms (default)
2019-07-13 20:48:10,592 INFO  server.RaftServerConfigKeys (ConfUtils.java:logGet(43)) - raft.server.log.appender.install.snapshot.enabled = false (custom)
2019-07-13 20:48:10,592 INFO  impl.RoleInfo (RoleInfo.java:updateAndGet(143)) - b31fc272-098f-4b1d-bfc1-f1c2898dadba: start LeaderState
2019-07-13 20:48:10,592 INFO  segmented.SegmentedRaftLogWorker (SegmentedRaftLogWorker.java:startLogSegment(380)) - b31fc272-098f-4b1d-bfc1-f1c2898dadba-SegmentedRaftLogWorker:Storage Directory /tmp/workdir/hadoop-ozone/integration-test/target/test-dir/MiniOzoneClusterImpl-b8e9a504-9fd0-40e1-9c94-ee4b607361f6/datanode-0/data/ratis/31285b1b-df83-4a96-abe1-d067a691e475: Starting segment from index:0
2019-07-13 20:48:10,593 INFO  impl.RaftServerImpl (ServerState.java:setRaftConf(361)) - b31fc272-098f-4b1d-bfc1-f1c2898dadba:group-D067A691E475 set configuration 0: [b31fc272-098f-4b1d-bfc1-f1c2898dadba:192.168.5.168:34218, 847eefbe-6e44-47db-ba01-a98fe5cf82d2:192.168.5.168:37919, 42b88284-d0fa-470d-97e2-023b569d0f82:192.168.5.168:44221], old=null at 0
2019-07-13 20:48:10,661 INFO  segmented.SegmentedRaftLogWorker (SegmentedRaftLogWorker.java:execute(569)) - b31fc272-098f-4b1d-bfc1-f1c2898dadba-SegmentedRaftLogWorker:Storage Directory /tmp/workdir/hadoop-ozone/integration-test/target/test-dir/MiniOzoneClusterImpl-b8e9a504-9fd0-40e1-9c94-ee4b607361f6/datanode-0/data/ratis/31285b1b-df83-4a96-abe1-d067a691e475: created new log segment /tmp/workdir/hadoop-ozone/integration-test/target/test-dir/MiniOzoneClusterImpl-b8e9a504-9fd0-40e1-9c94-ee4b607361f6/datanode-0/data/ratis/31285b1b-df83-4a96-abe1-d067a691e475/current/log_inprogress_0
2019-07-13 20:48:10,661 INFO  impl.FollowerState (FollowerState.java:run(106)) - 3bbba857-3c63-4ed2-accd-adca406a2ae3:group-AF7C45BEE236 changes to CANDIDATE, lastRpcTime:5084, electionTimeout:5039ms
2019-07-13 20:48:10,661 INFO  impl.RoleInfo (RoleInfo.java:shutdownFollowerState(121)) - 3bbba857-3c63-4ed2-accd-adca406a2ae3: shutdown FollowerState
2019-07-13 20:48:10,662 INFO  impl.RaftServerImpl (RaftServerImpl.java:setRole(171)) - 3bbba857-3c63-4ed2-accd-adca406a2ae3:group-AF7C45BEE236 changes role from FOLLOWER to CANDIDATE at term 0 for changeToCandidate
2019-07-13 20:48:10,662 INFO  impl.RoleInfo (RoleInfo.java:updateAndGet(143)) - 3bbba857-3c63-4ed2-accd-adca406a2ae3: start LeaderElection
2019-07-13 20:48:10,662 INFO  impl.RaftServerImpl (ServerState.java:setLeader(263)) - 42b88284-d0fa-470d-97e2-023b569d0f82:group-D067A691E475 change Leader from null to b31fc272-098f-4b1d-bfc1-f1c2898dadba at term 1 for appendEntries, leader elected after 5253ms
2019-07-13 20:48:10,662 INFO  impl.RaftServerImpl (ServerState.java:setLeader(263)) - 847eefbe-6e44-47db-ba01-a98fe5cf82d2:group-D067A691E475 change Leader from null to b31fc272-098f-4b1d-bfc1-f1c2898dadba at term 1 for appendEntries, leader elected after 5253ms
2019-07-13 20:48:10,681 INFO  impl.RaftServerImpl (ServerState.java:setRaftConf(361)) - 847eefbe-6e44-47db-ba01-a98fe5cf82d2:group-D067A691E475 set configuration 0: [b31fc272-098f-4b1d-bfc1-f1c2898dadba:192.168.5.168:34218, 847eefbe-6e44-47db-ba01-a98fe5cf82d2:192.168.5.168:37919, 42b88284-d0fa-470d-97e2-023b569d0f82:192.168.5.168:44221], old=null at 0
2019-07-13 20:48:10,681 INFO  impl.RaftServerImpl (ServerState.java:setRaftConf(361)) - 42b88284-d0fa-470d-97e2-023b569d0f82:group-D067A691E475 set configuration 0: [b31fc272-098f-4b1d-bfc1-f1c2898dadba:192.168.5.168:34218, 847eefbe-6e44-47db-ba01-a98fe5cf82d2:192.168.5.168:37919, 42b88284-d0fa-470d-97e2-023b569d0f82:192.168.5.168:44221], old=null at 0
2019-07-13 20:48:10,682 INFO  impl.LeaderElection (LeaderElection.java:askForVotes(181)) - 3bbba857-3c63-4ed2-accd-adca406a2ae3:group-AF7C45BEE236:LeaderElection50: begin an election at term 1 for -1: [3bbba857-3c63-4ed2-accd-adca406a2ae3:192.168.5.168:37765], old=null
2019-07-13 20:48:10,681 INFO  segmented.SegmentedRaftLogWorker (SegmentedRaftLogWorker.java:startLogSegment(380)) - 847eefbe-6e44-47db-ba01-a98fe5cf82d2-SegmentedRaftLogWorker:Storage Directory /tmp/workdir/hadoop-ozone/integration-test/target/test-dir/MiniOzoneClusterImpl-b8e9a504-9fd0-40e1-9c94-ee4b607361f6/datanode-1/data/ratis/31285b1b-df83-4a96-abe1-d067a691e475: Starting segment from index:0
2019-07-13 20:48:10,682 INFO  impl.RoleInfo (RoleInfo.java:shutdownLeaderElection(134)) - 3bbba857-3c63-4ed2-accd-adca406a2ae3: shutdown LeaderElection
2019-07-13 20:48:10,682 INFO  impl.RaftServerImpl (RaftServerImpl.java:setRole(171)) - 3bbba857-3c63-4ed2-accd-adca406a2ae3:group-AF7C45BEE236 changes role from CANDIDATE to LEADER at term 1 for changeToLeader
2019-07-13 20:48:10,682 INFO  segmented.SegmentedRaftLogWorker (SegmentedRaftLogWorker.java:startLogSegment(380)) - 42b88284-d0fa-470d-97e2-023b569d0f82-SegmentedRaftLogWorker:Storage Directory /tmp/workdir/hadoop-ozone/integration-test/target/test-dir/MiniOzoneClusterImpl-b8e9a504-9fd0-40e1-9c94-ee4b607361f6/datanode-2/data/ratis/31285b1b-df83-4a96-abe1-d067a691e475: Starting segment from index:0
2019-07-13 20:48:10,682 INFO  impl.RaftServerImpl (ServerState.java:setLeader(263)) - 3bbba857-3c63-4ed2-accd-adca406a2ae3:group-AF7C45BEE236 change Leader from null to 3bbba857-3c63-4ed2-accd-adca406a2ae3 at term 1 for becomeLeader, leader elected after 5110ms
2019-07-13 20:48:10,683 INFO  server.RaftServerConfigKeys (ConfUtils.java:logGet(43)) - raft.server.staging.catchup.gap = 1000 (default)
2019-07-13 20:48:10,683 INFO  server.RaftServerConfigKeys (ConfUtils.java:logGet(43)) - raft.server.rpc.sleep.time = 25ms (default)
2019-07-13 20:48:10,683 INFO  server.RaftServerConfigKeys (ConfUtils.java:logGet(43)) - raft.server.write.element-limit = 4096 (default)
2019-07-13 20:48:10,683 INFO  server.RaftServerConfigKeys (ConfUtils.java:logGet(43)) - raft.server.watch.timeout = 10s (default)
2019-07-13 20:48:10,683 INFO  server.RaftServerConfigKeys (ConfUtils.java:logGet(43)) - raft.server.watch.timeout.denomination = 1s (default)
2019-07-13 20:48:10,683 INFO  server.RaftServerConfigKeys (ConfUtils.java:logGet(43)) - raft.server.watch.element-limit = 65536 (default)
2019-07-13 20:48:10,683 INFO  impl.RoleInfo (RoleInfo.java:updateAndGet(143)) - 3bbba857-3c63-4ed2-accd-adca406a2ae3: start LeaderState
2019-07-13 20:48:10,683 INFO  segmented.SegmentedRaftLogWorker (SegmentedRaftLogWorker.java:startLogSegment(380)) - 3bbba857-3c63-4ed2-accd-adca406a2ae3-SegmentedRaftLogWorker:Storage Directory /tmp/workdir/hadoop-ozone/integration-test/target/test-dir/MiniOzoneClusterImpl-b8e9a504-9fd0-40e1-9c94-ee4b607361f6/datanode-3/data/ratis/65b067ce-225b-473b-ad92-af7c45bee236: Starting segment from index:0
2019-07-13 20:48:10,684 INFO  impl.RaftServerImpl (ServerState.java:setRaftConf(361)) - 3bbba857-3c63-4ed2-accd-adca406a2ae3:group-AF7C45BEE236 set configuration 0: [3bbba857-3c63-4ed2-accd-adca406a2ae3:192.168.5.168:37765], old=null at 0
2019-07-13 20:48:10,716 INFO  segmented.SegmentedRaftLogWorker (SegmentedRaftLogWorker.java:execute(569)) - 3bbba857-3c63-4ed2-accd-adca406a2ae3-SegmentedRaftLogWorker:Storage Directory /tmp/workdir/hadoop-ozone/integration-test/target/test-dir/MiniOzoneClusterImpl-b8e9a504-9fd0-40e1-9c94-ee4b607361f6/datanode-3/data/ratis/65b067ce-225b-473b-ad92-af7c45bee236: created new log segment /tmp/workdir/hadoop-ozone/integration-test/target/test-dir/MiniOzoneClusterImpl-b8e9a504-9fd0-40e1-9c94-ee4b607361f6/datanode-3/data/ratis/65b067ce-225b-473b-ad92-af7c45bee236/current/log_inprogress_0
2019-07-13 20:48:10,716 INFO  segmented.SegmentedRaftLogWorker (SegmentedRaftLogWorker.java:execute(569)) - 847eefbe-6e44-47db-ba01-a98fe5cf82d2-SegmentedRaftLogWorker:Storage Directory /tmp/workdir/hadoop-ozone/integration-test/target/test-dir/MiniOzoneClusterImpl-b8e9a504-9fd0-40e1-9c94-ee4b607361f6/datanode-1/data/ratis/31285b1b-df83-4a96-abe1-d067a691e475: created new log segment /tmp/workdir/hadoop-ozone/integration-test/target/test-dir/MiniOzoneClusterImpl-b8e9a504-9fd0-40e1-9c94-ee4b607361f6/datanode-1/data/ratis/31285b1b-df83-4a96-abe1-d067a691e475/current/log_inprogress_0
2019-07-13 20:48:10,716 INFO  segmented.SegmentedRaftLogWorker (SegmentedRaftLogWorker.java:execute(569)) - 42b88284-d0fa-470d-97e2-023b569d0f82-SegmentedRaftLogWorker:Storage Directory /tmp/workdir/hadoop-ozone/integration-test/target/test-dir/MiniOzoneClusterImpl-b8e9a504-9fd0-40e1-9c94-ee4b607361f6/datanode-2/data/ratis/31285b1b-df83-4a96-abe1-d067a691e475: created new log segment /tmp/workdir/hadoop-ozone/integration-test/target/test-dir/MiniOzoneClusterImpl-b8e9a504-9fd0-40e1-9c94-ee4b607361f6/datanode-2/data/ratis/31285b1b-df83-4a96-abe1-d067a691e475/current/log_inprogress_0
2019-07-13 20:48:10,951 INFO  impl.FollowerState (FollowerState.java:run(106)) - 6f98d6cb-169e-46ff-b116-cbe2ce143516:group-7046FCE7DE5B changes to CANDIDATE, lastRpcTime:5184, electionTimeout:5184ms
2019-07-13 20:48:10,952 INFO  impl.RoleInfo (RoleInfo.java:shutdownFollowerState(121)) - 6f98d6cb-169e-46ff-b116-cbe2ce143516: shutdown FollowerState
2019-07-13 20:48:10,952 INFO  impl.RaftServerImpl (RaftServerImpl.java:setRole(171)) - 6f98d6cb-169e-46ff-b116-cbe2ce143516:group-7046FCE7DE5B changes role from FOLLOWER to CANDIDATE at term 0 for changeToCandidate
2019-07-13 20:48:10,952 INFO  impl.RoleInfo (RoleInfo.java:updateAndGet(143)) - 6f98d6cb-169e-46ff-b116-cbe2ce143516: start LeaderElection
2019-07-13 20:48:10,974 INFO  impl.LeaderElection (LeaderElection.java:askForVotes(181)) - 6f98d6cb-169e-46ff-b116-cbe2ce143516:group-7046FCE7DE5B:LeaderElection51: begin an election at term 1 for -1: [6f98d6cb-169e-46ff-b116-cbe2ce143516:192.168.5.168:36233], old=null
2019-07-13 20:48:10,974 INFO  impl.RoleInfo (RoleInfo.java:shutdownLeaderElection(134)) - 6f98d6cb-169e-46ff-b116-cbe2ce143516: shutdown LeaderElection
2019-07-13 20:48:10,974 INFO  impl.RaftServerImpl (RaftServerImpl.java:setRole(171)) - 6f98d6cb-169e-46ff-b116-cbe2ce143516:group-7046FCE7DE5B changes role from CANDIDATE to LEADER at term 1 for changeToLeader
2019-07-13 20:48:10,974 INFO  impl.RaftServerImpl (ServerState.java:setLeader(263)) - 6f98d6cb-169e-46ff-b116-cbe2ce143516:group-7046FCE7DE5B change Leader from null to 6f98d6cb-169e-46ff-b116-cbe2ce143516 at term 1 for becomeLeader, leader elected after 5211ms
2019-07-13 20:48:10,974 INFO  server.RaftServerConfigKeys (ConfUtils.java:logGet(43)) - raft.server.staging.catchup.gap = 1000 (default)
2019-07-13 20:48:10,974 INFO  server.RaftServerConfigKeys (ConfUtils.java:logGet(43)) - raft.server.rpc.sleep.time = 25ms (default)
2019-07-13 20:48:10,974 INFO  server.RaftServerConfigKeys (ConfUtils.java:logGet(43)) - raft.server.write.element-limit = 4096 (default)
2019-07-13 20:48:10,975 INFO  server.RaftServerConfigKeys (ConfUtils.java:logGet(43)) - raft.server.watch.timeout = 10s (default)
2019-07-13 20:48:10,975 INFO  server.RaftServerConfigKeys (ConfUtils.java:logGet(43)) - raft.server.watch.timeout.denomination = 1s (default)
2019-07-13 20:48:10,975 INFO  server.RaftServerConfigKeys (ConfUtils.java:logGet(43)) - raft.server.watch.element-limit = 65536 (default)
2019-07-13 20:48:10,975 INFO  impl.RoleInfo (RoleInfo.java:updateAndGet(143)) - 6f98d6cb-169e-46ff-b116-cbe2ce143516: start LeaderState
2019-07-13 20:48:10,975 INFO  segmented.SegmentedRaftLogWorker (SegmentedRaftLogWorker.java:startLogSegment(380)) - 6f98d6cb-169e-46ff-b116-cbe2ce143516-SegmentedRaftLogWorker:Storage Directory /tmp/workdir/hadoop-ozone/integration-test/target/test-dir/MiniOzoneClusterImpl-b8e9a504-9fd0-40e1-9c94-ee4b607361f6/datanode-4/data/ratis/ba8083c2-a3cb-4af0-9a47-7046fce7de5b: Starting segment from index:0
2019-07-13 20:48:10,976 INFO  impl.RaftServerImpl (ServerState.java:setRaftConf(361)) - 6f98d6cb-169e-46ff-b116-cbe2ce143516:group-7046FCE7DE5B set configuration 0: [6f98d6cb-169e-46ff-b116-cbe2ce143516:192.168.5.168:36233], old=null at 0
2019-07-13 20:48:11,009 INFO  segmented.SegmentedRaftLogWorker (SegmentedRaftLogWorker.java:execute(569)) - 6f98d6cb-169e-46ff-b116-cbe2ce143516-SegmentedRaftLogWorker:Storage Directory /tmp/workdir/hadoop-ozone/integration-test/target/test-dir/MiniOzoneClusterImpl-b8e9a504-9fd0-40e1-9c94-ee4b607361f6/datanode-4/data/ratis/ba8083c2-a3cb-4af0-9a47-7046fce7de5b: created new log segment /tmp/workdir/hadoop-ozone/integration-test/target/test-dir/MiniOzoneClusterImpl-b8e9a504-9fd0-40e1-9c94-ee4b607361f6/datanode-4/data/ratis/ba8083c2-a3cb-4af0-9a47-7046fce7de5b/current/log_inprogress_0
2019-07-13 20:48:11,060 INFO  impl.FollowerState (FollowerState.java:run(106)) - 6f98d6cb-169e-46ff-b116-cbe2ce143516:group-7C3234A7EBEC changes to CANDIDATE, lastRpcTime:5014, electionTimeout:5014ms
2019-07-13 20:48:11,061 INFO  impl.RoleInfo (RoleInfo.java:shutdownFollowerState(121)) - 6f98d6cb-169e-46ff-b116-cbe2ce143516: shutdown FollowerState
2019-07-13 20:48:11,061 INFO  impl.RaftServerImpl (RaftServerImpl.java:setRole(171)) - 6f98d6cb-169e-46ff-b116-cbe2ce143516:group-7C3234A7EBEC changes role from FOLLOWER to CANDIDATE at term 0 for changeToCandidate
2019-07-13 20:48:11,061 INFO  impl.RoleInfo (RoleInfo.java:updateAndGet(143)) - 6f98d6cb-169e-46ff-b116-cbe2ce143516: start LeaderElection
2019-07-13 20:48:11,089 INFO  impl.LeaderElection (LeaderElection.java:askForVotes(181)) - 6f98d6cb-169e-46ff-b116-cbe2ce143516:group-7C3234A7EBEC:LeaderElection52: begin an election at term 1 for -1: [3bbba857-3c63-4ed2-accd-adca406a2ae3:192.168.5.168:37765, 0af8ba89-fd4d-4cb4-9652-7a0bf10793bc:192.168.5.168:35246, 6f98d6cb-169e-46ff-b116-cbe2ce143516:192.168.5.168:36233], old=null
2019-07-13 20:48:11,096 INFO  impl.RaftServerImpl (RaftServerImpl.java:setRole(171)) - 3bbba857-3c63-4ed2-accd-adca406a2ae3:group-7C3234A7EBEC changes role from FOLLOWER to FOLLOWER at term 1 for recognizeCandidate:6f98d6cb-169e-46ff-b116-cbe2ce143516
2019-07-13 20:48:11,096 INFO  impl.RaftServerImpl (RaftServerImpl.java:setRole(171)) - 0af8ba89-fd4d-4cb4-9652-7a0bf10793bc:group-7C3234A7EBEC changes role from FOLLOWER to FOLLOWER at term 1 for recognizeCandidate:6f98d6cb-169e-46ff-b116-cbe2ce143516
2019-07-13 20:48:11,096 INFO  impl.RoleInfo (RoleInfo.java:shutdownFollowerState(121)) - 3bbba857-3c63-4ed2-accd-adca406a2ae3: shutdown FollowerState
2019-07-13 20:48:11,096 INFO  impl.RoleInfo (RoleInfo.java:shutdownFollowerState(121)) - 0af8ba89-fd4d-4cb4-9652-7a0bf10793bc: shutdown FollowerState
2019-07-13 20:48:11,097 INFO  impl.FollowerState (FollowerState.java:run(114)) - 3bbba857-3c63-4ed2-accd-adca406a2ae3: FollowerState was interrupted: java.lang.InterruptedException: sleep interrupted
2019-07-13 20:48:11,096 INFO  impl.RoleInfo (RoleInfo.java:updateAndGet(143)) - 3bbba857-3c63-4ed2-accd-adca406a2ae3: start FollowerState
2019-07-13 20:48:11,097 INFO  impl.FollowerState (FollowerState.java:run(114)) - 0af8ba89-fd4d-4cb4-9652-7a0bf10793bc: FollowerState was interrupted: java.lang.InterruptedException: sleep interrupted
2019-07-13 20:48:11,097 INFO  impl.RoleInfo (RoleInfo.java:updateAndGet(143)) - 0af8ba89-fd4d-4cb4-9652-7a0bf10793bc: start FollowerState
2019-07-13 20:48:11,118 WARN  server.GrpcLogAppender (LogUtils.java:warn(134)) - 271550d9-1512-4bf5-aaa9-af0d36b1f2e7->aa0bc247-12f0-4aa6-87db-fc23e750d426: Failed appendEntries: org.apache.ratis.thirdparty.io.grpc.StatusRuntimeException: UNAVAILABLE: io exception
2019-07-13 20:48:11,118 WARN  server.GrpcLogAppender (LogUtils.java:warn(134)) - 271550d9-1512-4bf5-aaa9-af0d36b1f2e7->05e77c5e-e1f6-4c07-aa64-b75593fc2a63: Failed appendEntries: org.apache.ratis.thirdparty.io.grpc.StatusRuntimeException: UNAVAILABLE: io exception
2019-07-13 20:48:11,118 INFO  impl.FollowerInfo (FollowerInfo.java:lambda$new$0(50)) - 271550d9-1512-4bf5-aaa9-af0d36b1f2e7->aa0bc247-12f0-4aa6-87db-fc23e750d426: nextIndex: updateUnconditionally 0 -> 0
2019-07-13 20:48:11,118 INFO  impl.FollowerInfo (FollowerInfo.java:lambda$new$0(50)) - 271550d9-1512-4bf5-aaa9-af0d36b1f2e7->05e77c5e-e1f6-4c07-aa64-b75593fc2a63: nextIndex: updateUnconditionally 0 -> 0
2019-07-13 20:48:11,120 INFO  impl.LeaderElection (LeaderElection.java:logAndReturn(56)) - 6f98d6cb-169e-46ff-b116-cbe2ce143516:group-7C3234A7EBEC:LeaderElection52: Election PASSED; received 1 response(s) [6f98d6cb-169e-46ff-b116-cbe2ce143516<-3bbba857-3c63-4ed2-accd-adca406a2ae3#0:OK-t1] and 0 exception(s); 6f98d6cb-169e-46ff-b116-cbe2ce143516:t1, leader=null, voted=6f98d6cb-169e-46ff-b116-cbe2ce143516, raftlog=6f98d6cb-169e-46ff-b116-cbe2ce143516-SegmentedRaftLog:OPENED:c-1,f-1,i0, conf=-1: [3bbba857-3c63-4ed2-accd-adca406a2ae3:192.168.5.168:37765, 0af8ba89-fd4d-4cb4-9652-7a0bf10793bc:192.168.5.168:35246, 6f98d6cb-169e-46ff-b116-cbe2ce143516:192.168.5.168:36233], old=null
2019-07-13 20:48:11,120 INFO  impl.FollowerState (FollowerState.java:run(106)) - 0af8ba89-fd4d-4cb4-9652-7a0bf10793bc:group-F9BA36AA9350 changes to CANDIDATE, lastRpcTime:5145, electionTimeout:5145ms
2019-07-13 20:48:11,121 INFO  impl.RoleInfo (RoleInfo.java:shutdownLeaderElection(134)) - 6f98d6cb-169e-46ff-b116-cbe2ce143516: shutdown LeaderElection
2019-07-13 20:48:11,121 INFO  impl.RoleInfo (RoleInfo.java:shutdownFollowerState(121)) - 0af8ba89-fd4d-4cb4-9652-7a0bf10793bc: shutdown FollowerState
2019-07-13 20:48:11,129 INFO  impl.RaftServerImpl (RaftServerImpl.java:setRole(171)) - 6f98d6cb-169e-46ff-b116-cbe2ce143516:group-7C3234A7EBEC changes role from CANDIDATE to LEADER at term 1 for changeToLeader
2019-07-13 20:48:11,129 INFO  impl.RaftServerImpl (RaftServerImpl.java:setRole(171)) - 0af8ba89-fd4d-4cb4-9652-7a0bf10793bc:group-F9BA36AA9350 changes role from FOLLOWER to CANDIDATE at term 0 for changeToCandidate
2019-07-13 20:48:11,129 INFO  impl.RaftServerImpl (ServerState.java:setLeader(263)) - 6f98d6cb-169e-46ff-b116-cbe2ce143516:group-7C3234A7EBEC change Leader from null to 6f98d6cb-169e-46ff-b116-cbe2ce143516 at term 1 for becomeLeader, leader elected after 5092ms
2019-07-13 20:48:11,130 INFO  impl.RoleInfo (RoleInfo.java:updateAndGet(143)) - 0af8ba89-fd4d-4cb4-9652-7a0bf10793bc: start LeaderElection
2019-07-13 20:48:11,130 INFO  server.RaftServerConfigKeys (ConfUtils.java:logGet(43)) - raft.server.staging.catchup.gap = 1000 (default)
2019-07-13 20:48:11,130 INFO  server.RaftServerConfigKeys (ConfUtils.java:logGet(43)) - raft.server.rpc.sleep.time = 25ms (default)
2019-07-13 20:48:11,138 INFO  server.RaftServerConfigKeys (ConfUtils.java:logGet(43)) - raft.server.write.element-limit = 4096 (default)
2019-07-13 20:48:11,145 INFO  server.RaftServerConfigKeys (ConfUtils.java:logGet(43)) - raft.server.watch.timeout = 10s (default)
2019-07-13 20:48:11,145 INFO  server.RaftServerConfigKeys (ConfUtils.java:logGet(43)) - raft.server.watch.timeout.denomination = 1s (default)
2019-07-13 20:48:11,145 INFO  server.RaftServerConfigKeys (ConfUtils.java:logGet(43)) - raft.server.watch.element-limit = 65536 (default)
2019-07-13 20:48:11,146 INFO  server.RaftServerConfigKeys (ConfUtils.java:logGet(43)) - raft.server.log.appender.snapshot.chunk.size.max = 16MB (=16777216) (default)
2019-07-13 20:48:11,146 INFO  server.RaftServerConfigKeys (ConfUtils.java:logGet(43)) - raft.server.log.appender.buffer.byte-limit = 33554432 (custom)
2019-07-13 20:48:11,146 INFO  server.RaftServerConfigKeys (ConfUtils.java:logGet(43)) - raft.server.log.appender.buffer.element-limit = 1 (custom)
2019-07-13 20:48:11,146 INFO  grpc.GrpcConfigKeys$Server (ConfUtils.java:logGet(43)) - raft.grpc.server.leader.outstanding.appends.max = 128 (default)
2019-07-13 20:48:11,146 INFO  server.RaftServerConfigKeys (ConfUtils.java:logGet(43)) - raft.server.rpc.request.timeout = 3000ms (default)
2019-07-13 20:48:11,147 INFO  server.RaftServerConfigKeys (ConfUtils.java:logGet(43)) - raft.server.log.appender.install.snapshot.enabled = false (custom)
2019-07-13 20:48:11,147 INFO  server.RaftServerConfigKeys (ConfUtils.java:logGet(43)) - raft.server.log.appender.snapshot.chunk.size.max = 16MB (=16777216) (default)
2019-07-13 20:48:11,147 INFO  server.RaftServerConfigKeys (ConfUtils.java:logGet(43)) - raft.server.log.appender.buffer.byte-limit = 33554432 (custom)
2019-07-13 20:48:11,147 INFO  server.RaftServerConfigKeys (ConfUtils.java:logGet(43)) - raft.server.log.appender.buffer.element-limit = 1 (custom)
2019-07-13 20:48:11,147 INFO  grpc.GrpcConfigKeys$Server (ConfUtils.java:logGet(43)) - raft.grpc.server.leader.outstanding.appends.max = 128 (default)
2019-07-13 20:48:11,147 INFO  server.RaftServerConfigKeys (ConfUtils.java:logGet(43)) - raft.server.rpc.request.timeout = 3000ms (default)
2019-07-13 20:48:11,148 INFO  server.RaftServerConfigKeys (ConfUtils.java:logGet(43)) - raft.server.log.appender.install.snapshot.enabled = false (custom)
2019-07-13 20:48:11,148 INFO  impl.RoleInfo (RoleInfo.java:updateAndGet(143)) - 6f98d6cb-169e-46ff-b116-cbe2ce143516: start LeaderState
2019-07-13 20:48:11,148 INFO  segmented.SegmentedRaftLogWorker (SegmentedRaftLogWorker.java:startLogSegment(380)) - 6f98d6cb-169e-46ff-b116-cbe2ce143516-SegmentedRaftLogWorker:Storage Directory /tmp/workdir/hadoop-ozone/integration-test/target/test-dir/MiniOzoneClusterImpl-b8e9a504-9fd0-40e1-9c94-ee4b607361f6/datanode-4/data/ratis/a555d909-a2af-4d9c-84ae-7c3234a7ebec: Starting segment from index:0
2019-07-13 20:48:11,149 INFO  impl.RaftServerImpl (ServerState.java:setRaftConf(361)) - 6f98d6cb-169e-46ff-b116-cbe2ce143516:group-7C3234A7EBEC set configuration 0: [3bbba857-3c63-4ed2-accd-adca406a2ae3:192.168.5.168:37765, 0af8ba89-fd4d-4cb4-9652-7a0bf10793bc:192.168.5.168:35246, 6f98d6cb-169e-46ff-b116-cbe2ce143516:192.168.5.168:36233], old=null at 0
2019-07-13 20:48:11,175 INFO  impl.LeaderElection (LeaderElection.java:askForVotes(181)) - 0af8ba89-fd4d-4cb4-9652-7a0bf10793bc:group-F9BA36AA9350:LeaderElection53: begin an election at term 1 for -1: [0af8ba89-fd4d-4cb4-9652-7a0bf10793bc:192.168.5.168:35246], old=null
2019-07-13 20:48:11,175 INFO  impl.RoleInfo (RoleInfo.java:shutdownLeaderElection(134)) - 0af8ba89-fd4d-4cb4-9652-7a0bf10793bc: shutdown LeaderElection
2019-07-13 20:48:11,175 INFO  impl.RaftServerImpl (RaftServerImpl.java:setRole(171)) - 0af8ba89-fd4d-4cb4-9652-7a0bf10793bc:group-F9BA36AA9350 changes role from CANDIDATE to LEADER at term 1 for changeToLeader
2019-07-13 20:48:11,175 INFO  impl.RaftServerImpl (ServerState.java:setLeader(263)) - 0af8ba89-fd4d-4cb4-9652-7a0bf10793bc:group-F9BA36AA9350 change Leader from null to 0af8ba89-fd4d-4cb4-9652-7a0bf10793bc at term 1 for becomeLeader, leader elected after 5205ms
2019-07-13 20:48:11,175 INFO  server.RaftServerConfigKeys (ConfUtils.java:logGet(43)) - raft.server.staging.catchup.gap = 1000 (default)
2019-07-13 20:48:11,175 INFO  server.RaftServerConfigKeys (ConfUtils.java:logGet(43)) - raft.server.rpc.sleep.time = 25ms (default)
2019-07-13 20:48:11,176 INFO  server.RaftServerConfigKeys (ConfUtils.java:logGet(43)) - raft.server.write.element-limit = 4096 (default)
2019-07-13 20:48:11,176 INFO  server.RaftServerConfigKeys (ConfUtils.java:logGet(43)) - raft.server.watch.timeout = 10s (default)
2019-07-13 20:48:11,176 INFO  server.RaftServerConfigKeys (ConfUtils.java:logGet(43)) - raft.server.watch.timeout.denomination = 1s (default)
2019-07-13 20:48:11,176 INFO  server.RaftServerConfigKeys (ConfUtils.java:logGet(43)) - raft.server.watch.element-limit = 65536 (default)
2019-07-13 20:48:11,176 INFO  impl.RaftServerImpl (ServerState.java:setLeader(263)) - 0af8ba89-fd4d-4cb4-9652-7a0bf10793bc:group-7C3234A7EBEC change Leader from null to 6f98d6cb-169e-46ff-b116-cbe2ce143516 at term 1 for appendEntries, leader elected after 5138ms
2019-07-13 20:48:11,176 INFO  impl.RoleInfo (RoleInfo.java:updateAndGet(143)) - 0af8ba89-fd4d-4cb4-9652-7a0bf10793bc: start LeaderState
2019-07-13 20:48:11,176 INFO  impl.RaftServerImpl (ServerState.java:setLeader(263)) - 3bbba857-3c63-4ed2-accd-adca406a2ae3:group-7C3234A7EBEC change Leader from null to 6f98d6cb-169e-46ff-b116-cbe2ce143516 at term 1 for appendEntries, leader elected after 5138ms
2019-07-13 20:48:11,177 INFO  segmented.SegmentedRaftLogWorker (SegmentedRaftLogWorker.java:startLogSegment(380)) - 0af8ba89-fd4d-4cb4-9652-7a0bf10793bc-SegmentedRaftLogWorker:Storage Directory /tmp/workdir/hadoop-ozone/integration-test/target/test-dir/MiniOzoneClusterImpl-b8e9a504-9fd0-40e1-9c94-ee4b607361f6/datanode-5/data/ratis/0ebd96e0-39a7-4af8-9895-f9ba36aa9350: Starting segment from index:0
2019-07-13 20:48:11,187 INFO  segmented.SegmentedRaftLogWorker (SegmentedRaftLogWorker.java:execute(569)) - 6f98d6cb-169e-46ff-b116-cbe2ce143516-SegmentedRaftLogWorker:Storage Directory /tmp/workdir/hadoop-ozone/integration-test/target/test-dir/MiniOzoneClusterImpl-b8e9a504-9fd0-40e1-9c94-ee4b607361f6/datanode-4/data/ratis/a555d909-a2af-4d9c-84ae-7c3234a7ebec: created new log segment /tmp/workdir/hadoop-ozone/integration-test/target/test-dir/MiniOzoneClusterImpl-b8e9a504-9fd0-40e1-9c94-ee4b607361f6/datanode-4/data/ratis/a555d909-a2af-4d9c-84ae-7c3234a7ebec/current/log_inprogress_0
2019-07-13 20:48:11,195 INFO  impl.RaftServerImpl (ServerState.java:setRaftConf(361)) - 0af8ba89-fd4d-4cb4-9652-7a0bf10793bc:group-F9BA36AA9350 set configuration 0: [0af8ba89-fd4d-4cb4-9652-7a0bf10793bc:192.168.5.168:35246], old=null at 0
2019-07-13 20:48:11,222 INFO  impl.RaftServerImpl (ServerState.java:setRaftConf(361)) - 3bbba857-3c63-4ed2-accd-adca406a2ae3:group-7C3234A7EBEC set configuration 0: [3bbba857-3c63-4ed2-accd-adca406a2ae3:192.168.5.168:37765, 0af8ba89-fd4d-4cb4-9652-7a0bf10793bc:192.168.5.168:35246, 6f98d6cb-169e-46ff-b116-cbe2ce143516:192.168.5.168:36233], old=null at 0
2019-07-13 20:48:11,222 INFO  impl.RaftServerImpl (ServerState.java:setRaftConf(361)) - 0af8ba89-fd4d-4cb4-9652-7a0bf10793bc:group-7C3234A7EBEC set configuration 0: [3bbba857-3c63-4ed2-accd-adca406a2ae3:192.168.5.168:37765, 0af8ba89-fd4d-4cb4-9652-7a0bf10793bc:192.168.5.168:35246, 6f98d6cb-169e-46ff-b116-cbe2ce143516:192.168.5.168:36233], old=null at 0
2019-07-13 20:48:11,222 INFO  segmented.SegmentedRaftLogWorker (SegmentedRaftLogWorker.java:startLogSegment(380)) - 3bbba857-3c63-4ed2-accd-adca406a2ae3-SegmentedRaftLogWorker:Storage Directory /tmp/workdir/hadoop-ozone/integration-test/target/test-dir/MiniOzoneClusterImpl-b8e9a504-9fd0-40e1-9c94-ee4b607361f6/datanode-3/data/ratis/a555d909-a2af-4d9c-84ae-7c3234a7ebec: Starting segment from index:0
2019-07-13 20:48:11,223 INFO  segmented.SegmentedRaftLogWorker (SegmentedRaftLogWorker.java:startLogSegment(380)) - 0af8ba89-fd4d-4cb4-9652-7a0bf10793bc-SegmentedRaftLogWorker:Storage Directory /tmp/workdir/hadoop-ozone/integration-test/target/test-dir/MiniOzoneClusterImpl-b8e9a504-9fd0-40e1-9c94-ee4b607361f6/datanode-5/data/ratis/a555d909-a2af-4d9c-84ae-7c3234a7ebec: Starting segment from index:0
2019-07-13 20:48:11,232 INFO  segmented.SegmentedRaftLogWorker (SegmentedRaftLogWorker.java:execute(569)) - 0af8ba89-fd4d-4cb4-9652-7a0bf10793bc-SegmentedRaftLogWorker:Storage Directory /tmp/workdir/hadoop-ozone/integration-test/target/test-dir/MiniOzoneClusterImpl-b8e9a504-9fd0-40e1-9c94-ee4b607361f6/datanode-5/data/ratis/0ebd96e0-39a7-4af8-9895-f9ba36aa9350: created new log segment /tmp/workdir/hadoop-ozone/integration-test/target/test-dir/MiniOzoneClusterImpl-b8e9a504-9fd0-40e1-9c94-ee4b607361f6/datanode-5/data/ratis/0ebd96e0-39a7-4af8-9895-f9ba36aa9350/current/log_inprogress_0
2019-07-13 20:48:11,245 INFO  segmented.SegmentedRaftLogWorker (SegmentedRaftLogWorker.java:execute(569)) - 0af8ba89-fd4d-4cb4-9652-7a0bf10793bc-SegmentedRaftLogWorker:Storage Directory /tmp/workdir/hadoop-ozone/integration-test/target/test-dir/MiniOzoneClusterImpl-b8e9a504-9fd0-40e1-9c94-ee4b607361f6/datanode-5/data/ratis/a555d909-a2af-4d9c-84ae-7c3234a7ebec: created new log segment /tmp/workdir/hadoop-ozone/integration-test/target/test-dir/MiniOzoneClusterImpl-b8e9a504-9fd0-40e1-9c94-ee4b607361f6/datanode-5/data/ratis/a555d909-a2af-4d9c-84ae-7c3234a7ebec/current/log_inprogress_0
2019-07-13 20:48:11,245 INFO  segmented.SegmentedRaftLogWorker (SegmentedRaftLogWorker.java:execute(569)) - 3bbba857-3c63-4ed2-accd-adca406a2ae3-SegmentedRaftLogWorker:Storage Directory /tmp/workdir/hadoop-ozone/integration-test/target/test-dir/MiniOzoneClusterImpl-b8e9a504-9fd0-40e1-9c94-ee4b607361f6/datanode-3/data/ratis/a555d909-a2af-4d9c-84ae-7c3234a7ebec: created new log segment /tmp/workdir/hadoop-ozone/integration-test/target/test-dir/MiniOzoneClusterImpl-b8e9a504-9fd0-40e1-9c94-ee4b607361f6/datanode-3/data/ratis/a555d909-a2af-4d9c-84ae-7c3234a7ebec/current/log_inprogress_0
2019-07-13 20:48:11,350 INFO  impl.FollowerState (FollowerState.java:run(106)) - da29e3b2-a937-465d-8e5e-da37cd4e2ecf:group-8A3FA631DCAD changes to CANDIDATE, lastRpcTime:5200, electionTimeout:5200ms
2019-07-13 20:48:11,351 INFO  impl.RoleInfo (RoleInfo.java:shutdownFollowerState(121)) - da29e3b2-a937-465d-8e5e-da37cd4e2ecf: shutdown FollowerState
2019-07-13 20:48:11,351 INFO  impl.RaftServerImpl (RaftServerImpl.java:setRole(171)) - da29e3b2-a937-465d-8e5e-da37cd4e2ecf:group-8A3FA631DCAD changes role from FOLLOWER to CANDIDATE at term 0 for changeToCandidate
2019-07-13 20:48:11,351 INFO  impl.RoleInfo (RoleInfo.java:updateAndGet(143)) - da29e3b2-a937-465d-8e5e-da37cd4e2ecf: start LeaderElection
2019-07-13 20:48:11,398 INFO  impl.LeaderElection (LeaderElection.java:askForVotes(181)) - da29e3b2-a937-465d-8e5e-da37cd4e2ecf:group-8A3FA631DCAD:LeaderElection54: begin an election at term 1 for -1: [da29e3b2-a937-465d-8e5e-da37cd4e2ecf:192.168.5.168:35400], old=null
2019-07-13 20:48:11,398 INFO  impl.RoleInfo (RoleInfo.java:shutdownLeaderElection(134)) - da29e3b2-a937-465d-8e5e-da37cd4e2ecf: shutdown LeaderElection
2019-07-13 20:48:11,398 INFO  impl.RaftServerImpl (RaftServerImpl.java:setRole(171)) - da29e3b2-a937-465d-8e5e-da37cd4e2ecf:group-8A3FA631DCAD changes role from CANDIDATE to LEADER at term 1 for changeToLeader
2019-07-13 20:48:11,399 INFO  impl.RaftServerImpl (ServerState.java:setLeader(263)) - da29e3b2-a937-465d-8e5e-da37cd4e2ecf:group-8A3FA631DCAD change Leader from null to da29e3b2-a937-465d-8e5e-da37cd4e2ecf at term 1 for becomeLeader, leader elected after 5251ms
2019-07-13 20:48:11,399 INFO  server.RaftServerConfigKeys (ConfUtils.java:logGet(43)) - raft.server.staging.catchup.gap = 1000 (default)
2019-07-13 20:48:11,399 INFO  server.RaftServerConfigKeys (ConfUtils.java:logGet(43)) - raft.server.rpc.sleep.time = 25ms (default)
2019-07-13 20:48:11,399 INFO  server.RaftServerConfigKeys (ConfUtils.java:logGet(43)) - raft.server.write.element-limit = 4096 (default)
2019-07-13 20:48:11,399 INFO  server.RaftServerConfigKeys (ConfUtils.java:logGet(43)) - raft.server.watch.timeout = 10s (default)
2019-07-13 20:48:11,399 INFO  server.RaftServerConfigKeys (ConfUtils.java:logGet(43)) - raft.server.watch.timeout.denomination = 1s (default)
2019-07-13 20:48:11,399 INFO  server.RaftServerConfigKeys (ConfUtils.java:logGet(43)) - raft.server.watch.element-limit = 65536 (default)
2019-07-13 20:48:11,400 INFO  impl.RoleInfo (RoleInfo.java:updateAndGet(143)) - da29e3b2-a937-465d-8e5e-da37cd4e2ecf: start LeaderState
2019-07-13 20:48:11,400 INFO  segmented.SegmentedRaftLogWorker (SegmentedRaftLogWorker.java:startLogSegment(380)) - da29e3b2-a937-465d-8e5e-da37cd4e2ecf-SegmentedRaftLogWorker:Storage Directory /tmp/workdir/hadoop-ozone/integration-test/target/test-dir/MiniOzoneClusterImpl-b8e9a504-9fd0-40e1-9c94-ee4b607361f6/datanode-6/data/ratis/0b668cce-7064-4735-8a8e-8a3fa631dcad: Starting segment from index:0
2019-07-13 20:48:11,400 INFO  impl.RaftServerImpl (ServerState.java:setRaftConf(361)) - da29e3b2-a937-465d-8e5e-da37cd4e2ecf:group-8A3FA631DCAD set configuration 0: [da29e3b2-a937-465d-8e5e-da37cd4e2ecf:192.168.5.168:35400], old=null at 0
2019-07-13 20:48:11,430 WARN  server.GrpcLogAppender (LogUtils.java:warn(134)) - a821c51a-654e-405d-8a70-0a883c22ff18->4f108adb-2142-4e92-bf39-b48875c9ade4: Failed appendEntries: org.apache.ratis.thirdparty.io.grpc.StatusRuntimeException: UNAVAILABLE: io exception
2019-07-13 20:48:11,431 INFO  impl.FollowerInfo (FollowerInfo.java:lambda$new$0(50)) - a821c51a-654e-405d-8a70-0a883c22ff18->4f108adb-2142-4e92-bf39-b48875c9ade4: nextIndex: updateUnconditionally 0 -> 0
2019-07-13 20:48:11,433 INFO  segmented.SegmentedRaftLogWorker (SegmentedRaftLogWorker.java:execute(569)) - da29e3b2-a937-465d-8e5e-da37cd4e2ecf-SegmentedRaftLogWorker:Storage Directory /tmp/workdir/hadoop-ozone/integration-test/target/test-dir/MiniOzoneClusterImpl-b8e9a504-9fd0-40e1-9c94-ee4b607361f6/datanode-6/data/ratis/0b668cce-7064-4735-8a8e-8a3fa631dcad: created new log segment /tmp/workdir/hadoop-ozone/integration-test/target/test-dir/MiniOzoneClusterImpl-b8e9a504-9fd0-40e1-9c94-ee4b607361f6/datanode-6/data/ratis/0b668cce-7064-4735-8a8e-8a3fa631dcad/current/log_inprogress_0
2019-07-13 20:48:11,451 WARN  server.GrpcLogAppender (LogUtils.java:warn(134)) - a821c51a-654e-405d-8a70-0a883c22ff18->ab218066-181d-46b2-9ec7-7fa1ad867f1c: Failed appendEntries: org.apache.ratis.thirdparty.io.grpc.StatusRuntimeException: UNAVAILABLE: io exception
2019-07-13 20:48:11,451 INFO  impl.FollowerInfo (FollowerInfo.java:lambda$new$0(50)) - a821c51a-654e-405d-8a70-0a883c22ff18->ab218066-181d-46b2-9ec7-7fa1ad867f1c: nextIndex: updateUnconditionally 0 -> 0
2019-07-13 20:48:11,501 INFO  client.GrpcClientProtocolClient (GrpcClientProtocolClient.java:onNext(255)) - client-BAB736549FD9->847eefbe-6e44-47db-ba01-a98fe5cf82d2: receive RaftClientReply:client-BAB736549FD9->847eefbe-6e44-47db-ba01-a98fe5cf82d2@group-D067A691E475, cid=88, FAILED org.apache.ratis.protocol.NotLeaderException: Server 847eefbe-6e44-47db-ba01-a98fe5cf82d2 is not the leader (b31fc272-098f-4b1d-bfc1-f1c2898dadba:192.168.5.168:34218). Request must be sent to leader., logIndex=0, commits[847eefbe-6e44-47db-ba01-a98fe5cf82d2:c0, b31fc272-098f-4b1d-bfc1-f1c2898dadba:c0, 42b88284-d0fa-470d-97e2-023b569d0f82:c-1]
2019-07-13 20:48:11,625 INFO  client.GrpcClientProtocolClient (GrpcClientProtocolClient.java:onNext(255)) - client-BAB736549FD9->b31fc272-098f-4b1d-bfc1-f1c2898dadba: receive RaftClientReply:client-BAB736549FD9->b31fc272-098f-4b1d-bfc1-f1c2898dadba@group-D067A691E475, cid=88, SUCCESS, logIndex=1, commits[b31fc272-098f-4b1d-bfc1-f1c2898dadba:c2, 847eefbe-6e44-47db-ba01-a98fe5cf82d2:c1, 42b88284-d0fa-470d-97e2-023b569d0f82:c1]
2019-07-13 20:48:11,637 INFO  datanode.ObjectStoreHandler (ObjectStoreHandler.java:close(155)) - Closing ObjectStoreHandler.
2019-07-13 20:48:11,637 INFO  ozone.HddsDatanodeService (HddsDatanodeService.java:stop(452)) - Stopped plug-in org.apache.hadoop.ozone.web.OzoneHddsDatanodeService@34dda1b4
2019-07-13 20:48:12,597 INFO  statemachine.DatanodeStateMachine (DatanodeStateMachine.java:lambda$startDaemon$0(350)) - Ozone container server started.
2019-07-13 20:48:13,636 WARN  server.GrpcLogAppender (LogUtils.java:warn(134)) - 271550d9-1512-4bf5-aaa9-af0d36b1f2e7->aa0bc247-12f0-4aa6-87db-fc23e750d426: Failed appendEntries: org.apache.ratis.thirdparty.io.grpc.StatusRuntimeException: UNAVAILABLE: io exception
2019-07-13 20:48:13,636 WARN  server.GrpcLogAppender (LogUtils.java:warn(134)) - 271550d9-1512-4bf5-aaa9-af0d36b1f2e7->05e77c5e-e1f6-4c07-aa64-b75593fc2a63: Failed appendEntries: org.apache.ratis.thirdparty.io.grpc.StatusRuntimeException: UNAVAILABLE: io exception
2019-07-13 20:48:13,637 INFO  impl.FollowerInfo (FollowerInfo.java:lambda$new$0(50)) - 271550d9-1512-4bf5-aaa9-af0d36b1f2e7->aa0bc247-12f0-4aa6-87db-fc23e750d426: nextIndex: updateUnconditionally 0 -> 0
2019-07-13 20:48:13,637 INFO  impl.FollowerInfo (FollowerInfo.java:lambda$new$0(50)) - 271550d9-1512-4bf5-aaa9-af0d36b1f2e7->05e77c5e-e1f6-4c07-aa64-b75593fc2a63: nextIndex: updateUnconditionally 0 -> 0
2019-07-13 20:48:13,930 WARN  server.GrpcLogAppender (LogUtils.java:warn(134)) - a821c51a-654e-405d-8a70-0a883c22ff18->4f108adb-2142-4e92-bf39-b48875c9ade4: Failed appendEntries: org.apache.ratis.thirdparty.io.grpc.StatusRuntimeException: UNAVAILABLE: io exception
2019-07-13 20:48:13,934 INFO  impl.FollowerInfo (FollowerInfo.java:lambda$new$0(50)) - a821c51a-654e-405d-8a70-0a883c22ff18->4f108adb-2142-4e92-bf39-b48875c9ade4: nextIndex: updateUnconditionally 0 -> 0
2019-07-13 20:48:13,952 WARN  server.GrpcLogAppender (LogUtils.java:warn(134)) - a821c51a-654e-405d-8a70-0a883c22ff18->ab218066-181d-46b2-9ec7-7fa1ad867f1c: Failed appendEntries: org.apache.ratis.thirdparty.io.grpc.StatusRuntimeException: UNAVAILABLE: io exception
2019-07-13 20:48:13,952 INFO  impl.FollowerInfo (FollowerInfo.java:lambda$new$0(50)) - a821c51a-654e-405d-8a70-0a883c22ff18->ab218066-181d-46b2-9ec7-7fa1ad867f1c: nextIndex: updateUnconditionally 0 -> 0
2019-07-13 20:48:16,137 WARN  server.GrpcLogAppender (LogUtils.java:warn(134)) - 271550d9-1512-4bf5-aaa9-af0d36b1f2e7->aa0bc247-12f0-4aa6-87db-fc23e750d426: Failed appendEntries: org.apache.ratis.thirdparty.io.grpc.StatusRuntimeException: UNAVAILABLE: io exception
2019-07-13 20:48:16,137 WARN  server.GrpcLogAppender (LogUtils.java:warn(134)) - 271550d9-1512-4bf5-aaa9-af0d36b1f2e7->05e77c5e-e1f6-4c07-aa64-b75593fc2a63: Failed appendEntries: org.apache.ratis.thirdparty.io.grpc.StatusRuntimeException: UNAVAILABLE: io exception
2019-07-13 20:48:16,138 INFO  impl.FollowerInfo (FollowerInfo.java:lambda$new$0(50)) - 271550d9-1512-4bf5-aaa9-af0d36b1f2e7->aa0bc247-12f0-4aa6-87db-fc23e750d426: nextIndex: updateUnconditionally 0 -> 0
2019-07-13 20:48:16,138 INFO  impl.FollowerInfo (FollowerInfo.java:lambda$new$0(50)) - 271550d9-1512-4bf5-aaa9-af0d36b1f2e7->05e77c5e-e1f6-4c07-aa64-b75593fc2a63: nextIndex: updateUnconditionally 0 -> 0
2019-07-13 20:48:16,431 WARN  server.GrpcLogAppender (LogUtils.java:warn(134)) - a821c51a-654e-405d-8a70-0a883c22ff18->4f108adb-2142-4e92-bf39-b48875c9ade4: Failed appendEntries: org.apache.ratis.thirdparty.io.grpc.StatusRuntimeException: UNAVAILABLE: io exception
2019-07-13 20:48:16,431 INFO  impl.FollowerInfo (FollowerInfo.java:lambda$new$0(50)) - a821c51a-654e-405d-8a70-0a883c22ff18->4f108adb-2142-4e92-bf39-b48875c9ade4: nextIndex: updateUnconditionally 0 -> 0
2019-07-13 20:48:16,452 WARN  server.GrpcLogAppender (LogUtils.java:warn(134)) - a821c51a-654e-405d-8a70-0a883c22ff18->ab218066-181d-46b2-9ec7-7fa1ad867f1c: Failed appendEntries: org.apache.ratis.thirdparty.io.grpc.StatusRuntimeException: UNAVAILABLE: io exception
2019-07-13 20:48:16,453 INFO  impl.FollowerInfo (FollowerInfo.java:lambda$new$0(50)) - a821c51a-654e-405d-8a70-0a883c22ff18->ab218066-181d-46b2-9ec7-7fa1ad867f1c: nextIndex: updateUnconditionally 0 -> 0
2019-07-13 20:48:16,638 INFO  ozoneimpl.OzoneContainer (OzoneContainer.java:stop(199)) - Attempting to stop container services.
2019-07-13 20:48:16,639 INFO  impl.RaftServerProxy (RaftServerProxy.java:lambda$close$4(314)) - b31fc272-098f-4b1d-bfc1-f1c2898dadba: close
2019-07-13 20:48:16,639 INFO  impl.RaftServerImpl (RaftServerImpl.java:lambda$shutdown$3(245)) - b31fc272-098f-4b1d-bfc1-f1c2898dadba: shutdown group-D067A691E475
2019-07-13 20:48:16,639 INFO  impl.RaftServerImpl (RaftServerImpl.java:lambda$shutdown$3(245)) - b31fc272-098f-4b1d-bfc1-f1c2898dadba: shutdown group-4856C50ED16B
2019-07-13 20:48:16,640 INFO  util.JmxRegister (JmxRegister.java:unregister(73)) - Successfully un-registered JMX Bean with object name Ratis:service=RaftServer,group=group-D067A691E475,id=b31fc272-098f-4b1d-bfc1-f1c2898dadba
2019-07-13 20:48:16,640 INFO  impl.RoleInfo (RoleInfo.java:shutdownLeaderState(104)) - b31fc272-098f-4b1d-bfc1-f1c2898dadba: shutdown LeaderState
2019-07-13 20:48:16,640 INFO  util.JmxRegister (JmxRegister.java:unregister(73)) - Successfully un-registered JMX Bean with object name Ratis:service=RaftServer,group=group-4856C50ED16B,id=b31fc272-098f-4b1d-bfc1-f1c2898dadba
2019-07-13 20:48:16,658 WARN  server.GrpcLogAppender (GrpcLogAppender.java:mayWait(143)) - GrpcLogAppender(b31fc272-098f-4b1d-bfc1-f1c2898dadba->847eefbe-6e44-47db-ba01-a98fe5cf82d2): Wait interrupted by java.lang.InterruptedException
2019-07-13 20:48:16,658 WARN  server.GrpcLogAppender (GrpcLogAppender.java:mayWait(143)) - GrpcLogAppender(b31fc272-098f-4b1d-bfc1-f1c2898dadba->42b88284-d0fa-470d-97e2-023b569d0f82): Wait interrupted by java.lang.InterruptedException
2019-07-13 20:48:16,658 INFO  impl.PendingRequests (PendingRequests.java:sendNotLeaderResponses(202)) - b31fc272-098f-4b1d-bfc1-f1c2898dadba-PendingRequests: sendNotLeaderResponses
2019-07-13 20:48:16,677 INFO  server.GrpcServerProtocolService (GrpcServerProtocolService.java:onCompleted(104)) - 42b88284-d0fa-470d-97e2-023b569d0f82: appendEntries completed
2019-07-13 20:48:16,676 INFO  server.GrpcServerProtocolService (GrpcServerProtocolService.java:onCompleted(104)) - 847eefbe-6e44-47db-ba01-a98fe5cf82d2: appendEntries completed
2019-07-13 20:48:16,659 INFO  impl.RoleInfo (RoleInfo.java:shutdownLeaderState(104)) - b31fc272-098f-4b1d-bfc1-f1c2898dadba: shutdown LeaderState
2019-07-13 20:48:16,704 INFO  ratis.ContainerStateMachine (ContainerStateMachine.java:takeSnapshot(246)) - Taking snapshot at termIndex:(t:1, i:2)
2019-07-13 20:48:16,704 INFO  impl.StateMachineUpdater (StateMachineUpdater.java:stopAndJoin(115)) - StateMachineUpdater:b31fc272-098f-4b1d-bfc1-f1c2898dadba:group-D067A691E475: set stopIndex = 2
2019-07-13 20:48:16,712 INFO  server.GrpcLogAppender (GrpcLogAppender.java:onCompleted(292)) - b31fc272-098f-4b1d-bfc1-f1c2898dadba->847eefbe-6e44-47db-ba01-a98fe5cf82d2: follower responses appendEntries COMPLETED
2019-07-13 20:48:16,712 INFO  ratis.ContainerStateMachine (ContainerStateMachine.java:takeSnapshot(250)) - Taking a snapshot to file /tmp/workdir/hadoop-ozone/integration-test/target/test-dir/MiniOzoneClusterImpl-b8e9a504-9fd0-40e1-9c94-ee4b607361f6/datanode-0/data/ratis/31285b1b-df83-4a96-abe1-d067a691e475/sm/snapshot.1_2
2019-07-13 20:48:16,712 INFO  server.GrpcLogAppender (GrpcLogAppender.java:onCompleted(292)) - b31fc272-098f-4b1d-bfc1-f1c2898dadba->42b88284-d0fa-470d-97e2-023b569d0f82: follower responses appendEntries COMPLETED
2019-07-13 20:48:16,712 INFO  impl.PendingRequests (PendingRequests.java:sendNotLeaderResponses(202)) - b31fc272-098f-4b1d-bfc1-f1c2898dadba-PendingRequests: sendNotLeaderResponses
2019-07-13 20:48:16,720 INFO  impl.StateMachineUpdater (StateMachineUpdater.java:takeSnapshot(242)) - StateMachineUpdater:b31fc272-098f-4b1d-bfc1-f1c2898dadba:group-D067A691E475: Took a snapshot at index 2
2019-07-13 20:48:16,720 INFO  impl.StateMachineUpdater (StateMachineUpdater.java:stopAndJoin(115)) - StateMachineUpdater:b31fc272-098f-4b1d-bfc1-f1c2898dadba:group-4856C50ED16B: set stopIndex = 0
2019-07-13 20:48:16,720 INFO  impl.FollowerInfo (FollowerInfo.java:lambda$new$0(50)) - b31fc272-098f-4b1d-bfc1-f1c2898dadba->42b88284-d0fa-470d-97e2-023b569d0f82: nextIndex: updateUnconditionally 3 -> 2
2019-07-13 20:48:16,720 INFO  impl.FollowerInfo (FollowerInfo.java:lambda$new$0(50)) - b31fc272-098f-4b1d-bfc1-f1c2898dadba->847eefbe-6e44-47db-ba01-a98fe5cf82d2: nextIndex: updateUnconditionally 3 -> 2
2019-07-13 20:48:16,720 INFO  impl.StateMachineUpdater (StateMachineUpdater.java:lambda$new$0(80)) - StateMachineUpdater:b31fc272-098f-4b1d-bfc1-f1c2898dadba:group-D067A691E475: snapshotIndex: updateIncreasingly -1 -> 2
2019-07-13 20:48:16,720 INFO  ratis.ContainerStateMachine (ContainerStateMachine.java:takeSnapshot(246)) - Taking snapshot at termIndex:(t:0, i:~)
2019-07-13 20:48:16,779 INFO  impl.RaftServerImpl (ServerState.java:close(394)) - b31fc272-098f-4b1d-bfc1-f1c2898dadba:group-D067A691E475 closes. The last applied log index is 2
2019-07-13 20:48:16,779 INFO  impl.RaftServerImpl (ServerState.java:close(394)) - b31fc272-098f-4b1d-bfc1-f1c2898dadba:group-4856C50ED16B closes. The last applied log index is 0
2019-07-13 20:48:16,779 INFO  segmented.SegmentedRaftLogWorker (SegmentedRaftLogWorker.java:run(313)) - b31fc272-098f-4b1d-bfc1-f1c2898dadba-SegmentedRaftLogWorker:Storage Directory /tmp/workdir/hadoop-ozone/integration-test/target/test-dir/MiniOzoneClusterImpl-b8e9a504-9fd0-40e1-9c94-ee4b607361f6/datanode-0/data/ratis/31285b1b-df83-4a96-abe1-d067a691e475 was interrupted, exiting. There are 0 tasks remaining in the queue.
2019-07-13 20:48:16,779 INFO  segmented.SegmentedRaftLogWorker (SegmentedRaftLogWorker.java:run(313)) - b31fc272-098f-4b1d-bfc1-f1c2898dadba-SegmentedRaftLogWorker:Storage Directory /tmp/workdir/hadoop-ozone/integration-test/target/test-dir/MiniOzoneClusterImpl-b8e9a504-9fd0-40e1-9c94-ee4b607361f6/datanode-0/data/ratis/5a77d972-42fe-4d88-ada8-4856c50ed16b was interrupted, exiting. There are 0 tasks remaining in the queue.
2019-07-13 20:48:16,785 INFO  segmented.SegmentedRaftLogWorker (SegmentedRaftLogWorker.java:close(228)) - b31fc272-098f-4b1d-bfc1-f1c2898dadba-SegmentedRaftLogWorker:Storage Directory /tmp/workdir/hadoop-ozone/integration-test/target/test-dir/MiniOzoneClusterImpl-b8e9a504-9fd0-40e1-9c94-ee4b607361f6/datanode-0/data/ratis/31285b1b-df83-4a96-abe1-d067a691e475 close()
2019-07-13 20:48:16,791 INFO  segmented.SegmentedRaftLogWorker (SegmentedRaftLogWorker.java:close(228)) - b31fc272-098f-4b1d-bfc1-f1c2898dadba-SegmentedRaftLogWorker:Storage Directory /tmp/workdir/hadoop-ozone/integration-test/target/test-dir/MiniOzoneClusterImpl-b8e9a504-9fd0-40e1-9c94-ee4b607361f6/datanode-0/data/ratis/5a77d972-42fe-4d88-ada8-4856c50ed16b close()
2019-07-13 20:48:16,811 INFO  server.GrpcService (GrpcService.java:closeImpl(155)) - b31fc272-098f-4b1d-bfc1-f1c2898dadba: shutdown server with port 34218 now
2019-07-13 20:48:16,812 INFO  server.GrpcService (GrpcService.java:closeImpl(163)) - b31fc272-098f-4b1d-bfc1-f1c2898dadba: shutdown server with port 34218 successfully
2019-07-13 20:48:16,817 INFO  utils.BackgroundService (BackgroundService.java:shutdown(148)) - Shutting down service BlockDeletingService
2019-07-13 20:48:16,818 WARN  fs.CachingGetSpaceUsed (CachingGetSpaceUsed.java:run(183)) - Thread Interrupted waiting to refresh disk information: sleep interrupted
2019-07-13 20:48:16,849 INFO  statemachine.DatanodeStateMachine (DatanodeStateMachine.java:stopDaemon(395)) - Ozone container server stopped.
2019-07-13 20:48:16,862 INFO  handler.ContextHandler (ContextHandler.java:doStop(910)) - Stopped o.e.j.w.WebAppContext@5e0602ff{/,null,UNAVAILABLE}{/hddsDatanode}
2019-07-13 20:48:16,863 INFO  server.AbstractConnector (AbstractConnector.java:doStop(318)) - Stopped ServerConnector@1a865ebf{HTTP/1.1,[http/1.1]}{0.0.0.0:0}
2019-07-13 20:48:16,863 INFO  handler.ContextHandler (ContextHandler.java:doStop(910)) - Stopped o.e.j.s.ServletContextHandler@158cb50a{/static,jar:file:/home/user/.m2/repository/org/apache/hadoop/hadoop-hdds-container-service/0.5.0-SNAPSHOT/hadoop-hdds-container-service-0.5.0-SNAPSHOT.jar!/webapps/static,UNAVAILABLE}
2019-07-13 20:48:16,864 INFO  handler.ContextHandler (ContextHandler.java:doStop(910)) - Stopped o.e.j.s.ServletContextHandler@9e092b5{/logs,file:///tmp/workdir/hadoop-ozone/integration-test/target/log,UNAVAILABLE}
2019-07-13 20:48:18,638 WARN  server.GrpcLogAppender (LogUtils.java:warn(134)) - 271550d9-1512-4bf5-aaa9-af0d36b1f2e7->aa0bc247-12f0-4aa6-87db-fc23e750d426: Failed appendEntries: org.apache.ratis.thirdparty.io.grpc.StatusRuntimeException: UNAVAILABLE: io exception
2019-07-13 20:48:18,638 WARN  server.GrpcLogAppender (LogUtils.java:warn(134)) - 271550d9-1512-4bf5-aaa9-af0d36b1f2e7->05e77c5e-e1f6-4c07-aa64-b75593fc2a63: Failed appendEntries: org.apache.ratis.thirdparty.io.grpc.StatusRuntimeException: UNAVAILABLE: io exception
2019-07-13 20:48:18,639 INFO  impl.FollowerInfo (FollowerInfo.java:lambda$new$0(50)) - 271550d9-1512-4bf5-aaa9-af0d36b1f2e7->aa0bc247-12f0-4aa6-87db-fc23e750d426: nextIndex: updateUnconditionally 0 -> 0
2019-07-13 20:48:18,639 INFO  impl.FollowerInfo (FollowerInfo.java:lambda$new$0(50)) - 271550d9-1512-4bf5-aaa9-af0d36b1f2e7->05e77c5e-e1f6-4c07-aa64-b75593fc2a63: nextIndex: updateUnconditionally 0 -> 0
2019-07-13 20:48:18,909 INFO  client.GrpcClientProtocolClient (GrpcClientProtocolClient.java:onNext(255)) - client-BAB736549FD9->847eefbe-6e44-47db-ba01-a98fe5cf82d2: receive RaftClientReply:client-BAB736549FD9->847eefbe-6e44-47db-ba01-a98fe5cf82d2@group-D067A691E475, cid=89, FAILED org.apache.ratis.protocol.NotLeaderException: Server 847eefbe-6e44-47db-ba01-a98fe5cf82d2 is not the leader (b31fc272-098f-4b1d-bfc1-f1c2898dadba:192.168.5.168:34218). Request must be sent to leader., logIndex=0, commits[847eefbe-6e44-47db-ba01-a98fe5cf82d2:c2, b31fc272-098f-4b1d-bfc1-f1c2898dadba:c2, 42b88284-d0fa-470d-97e2-023b569d0f82:c2]
2019-07-13 20:48:18,934 WARN  server.GrpcLogAppender (LogUtils.java:warn(134)) - a821c51a-654e-405d-8a70-0a883c22ff18->4f108adb-2142-4e92-bf39-b48875c9ade4: Failed appendEntries: org.apache.ratis.thirdparty.io.grpc.StatusRuntimeException: UNAVAILABLE: io exception
2019-07-13 20:48:18,948 INFO  impl.FollowerInfo (FollowerInfo.java:lambda$new$0(50)) - a821c51a-654e-405d-8a70-0a883c22ff18->4f108adb-2142-4e92-bf39-b48875c9ade4: nextIndex: updateUnconditionally 0 -> 0
2019-07-13 20:48:18,953 WARN  server.GrpcLogAppender (LogUtils.java:warn(134)) - a821c51a-654e-405d-8a70-0a883c22ff18->ab218066-181d-46b2-9ec7-7fa1ad867f1c: Failed appendEntries: org.apache.ratis.thirdparty.io.grpc.StatusRuntimeException: UNAVAILABLE: io exception
2019-07-13 20:48:18,953 INFO  impl.FollowerInfo (FollowerInfo.java:lambda$new$0(50)) - a821c51a-654e-405d-8a70-0a883c22ff18->ab218066-181d-46b2-9ec7-7fa1ad867f1c: nextIndex: updateUnconditionally 0 -> 0
2019-07-13 20:48:19,971 INFO  client.GrpcClientProtocolClient (GrpcClientProtocolClient.java:onNext(255)) - client-BAB736549FD9->847eefbe-6e44-47db-ba01-a98fe5cf82d2: receive RaftClientReply:client-BAB736549FD9->847eefbe-6e44-47db-ba01-a98fe5cf82d2@group-D067A691E475, cid=89, FAILED org.apache.ratis.protocol.NotLeaderException: Server 847eefbe-6e44-47db-ba01-a98fe5cf82d2 is not the leader (b31fc272-098f-4b1d-bfc1-f1c2898dadba:192.168.5.168:34218). Request must be sent to leader., logIndex=0, commits[847eefbe-6e44-47db-ba01-a98fe5cf82d2:c2, b31fc272-098f-4b1d-bfc1-f1c2898dadba:c2, 42b88284-d0fa-470d-97e2-023b569d0f82:c2]
2019-07-13 20:48:21,024 INFO  client.GrpcClientProtocolClient (GrpcClientProtocolClient.java:onNext(255)) - client-BAB736549FD9->847eefbe-6e44-47db-ba01-a98fe5cf82d2: receive RaftClientReply:client-BAB736549FD9->847eefbe-6e44-47db-ba01-a98fe5cf82d2@group-D067A691E475, cid=89, FAILED org.apache.ratis.protocol.NotLeaderException: Server 847eefbe-6e44-47db-ba01-a98fe5cf82d2 is not the leader (b31fc272-098f-4b1d-bfc1-f1c2898dadba:192.168.5.168:34218). Request must be sent to leader., logIndex=0, commits[847eefbe-6e44-47db-ba01-a98fe5cf82d2:c2, b31fc272-098f-4b1d-bfc1-f1c2898dadba:c2, 42b88284-d0fa-470d-97e2-023b569d0f82:c2]
2019-07-13 20:48:21,138 WARN  server.GrpcLogAppender (LogUtils.java:warn(134)) - 271550d9-1512-4bf5-aaa9-af0d36b1f2e7->aa0bc247-12f0-4aa6-87db-fc23e750d426: Failed appendEntries: org.apache.ratis.thirdparty.io.grpc.StatusRuntimeException: UNAVAILABLE: io exception
2019-07-13 20:48:21,138 WARN  server.GrpcLogAppender (LogUtils.java:warn(134)) - 271550d9-1512-4bf5-aaa9-af0d36b1f2e7->05e77c5e-e1f6-4c07-aa64-b75593fc2a63: Failed appendEntries: org.apache.ratis.thirdparty.io.grpc.StatusRuntimeException: UNAVAILABLE: io exception
2019-07-13 20:48:21,138 INFO  impl.FollowerInfo (FollowerInfo.java:lambda$new$0(50)) - 271550d9-1512-4bf5-aaa9-af0d36b1f2e7->aa0bc247-12f0-4aa6-87db-fc23e750d426: nextIndex: updateUnconditionally 0 -> 0
2019-07-13 20:48:21,139 INFO  impl.FollowerInfo (FollowerInfo.java:lambda$new$0(50)) - 271550d9-1512-4bf5-aaa9-af0d36b1f2e7->05e77c5e-e1f6-4c07-aa64-b75593fc2a63: nextIndex: updateUnconditionally 0 -> 0
2019-07-13 20:48:21,435 WARN  server.GrpcLogAppender (LogUtils.java:warn(134)) - a821c51a-654e-405d-8a70-0a883c22ff18->4f108adb-2142-4e92-bf39-b48875c9ade4: Failed appendEntries: org.apache.ratis.thirdparty.io.grpc.StatusRuntimeException: UNAVAILABLE: io exception
2019-07-13 20:48:21,436 INFO  impl.FollowerInfo (FollowerInfo.java:lambda$new$0(50)) - a821c51a-654e-405d-8a70-0a883c22ff18->4f108adb-2142-4e92-bf39-b48875c9ade4: nextIndex: updateUnconditionally 0 -> 0
2019-07-13 20:48:21,454 WARN  server.GrpcLogAppender (LogUtils.java:warn(134)) - a821c51a-654e-405d-8a70-0a883c22ff18->ab218066-181d-46b2-9ec7-7fa1ad867f1c: Failed appendEntries: org.apache.ratis.thirdparty.io.grpc.StatusRuntimeException: UNAVAILABLE: io exception
2019-07-13 20:48:21,454 INFO  impl.FollowerInfo (FollowerInfo.java:lambda$new$0(50)) - a821c51a-654e-405d-8a70-0a883c22ff18->ab218066-181d-46b2-9ec7-7fa1ad867f1c: nextIndex: updateUnconditionally 0 -> 0
2019-07-13 20:48:22,087 INFO  client.GrpcClientProtocolClient (GrpcClientProtocolClient.java:onNext(255)) - client-BAB736549FD9->42b88284-d0fa-470d-97e2-023b569d0f82: receive RaftClientReply:client-BAB736549FD9->42b88284-d0fa-470d-97e2-023b569d0f82@group-D067A691E475, cid=89, FAILED org.apache.ratis.protocol.NotLeaderException: Server 42b88284-d0fa-470d-97e2-023b569d0f82 is not the leader (b31fc272-098f-4b1d-bfc1-f1c2898dadba:192.168.5.168:34218). Request must be sent to leader., logIndex=0, commits[42b88284-d0fa-470d-97e2-023b569d0f82:c2, b31fc272-098f-4b1d-bfc1-f1c2898dadba:c2, 847eefbe-6e44-47db-ba01-a98fe5cf82d2:c2]
]]></system-out>
    <system-err><![CDATA[Jul 13, 2019 8:48:00 PM com.sun.jersey.server.impl.application.WebApplicationImpl _initiate
INFO: Initiating Jersey application, version 'Jersey: 1.19 02/11/2015 03:25 AM'
Jul 13, 2019 8:48:00 PM com.sun.jersey.server.impl.application.WebApplicationImpl _initiate
INFO: Initiating Jersey application, version 'Jersey: 1.19 02/11/2015 03:25 AM'
Jul 13, 2019 8:48:00 PM com.sun.jersey.server.impl.application.WebApplicationImpl _initiate
INFO: Initiating Jersey application, version 'Jersey: 1.19 02/11/2015 03:25 AM'
Jul 13, 2019 8:48:01 PM com.sun.jersey.server.impl.application.WebApplicationImpl _initiate
INFO: Initiating Jersey application, version 'Jersey: 1.19 02/11/2015 03:25 AM'
Jul 13, 2019 8:48:01 PM org.apache.ratis.thirdparty.io.grpc.internal.ManagedChannelOrphanWrapper$ManagedChannelReference cleanQueue
SEVERE: *~*~*~ Channel ManagedChannelImpl{logId=776, target=192.168.5.168:46079} was not shutdown properly!!! ~*~*~*
    Make sure to call shutdown()/shutdownNow() and wait until awaitTermination() returns true.
java.lang.RuntimeException: ManagedChannel allocation site
	at org.apache.ratis.thirdparty.io.grpc.internal.ManagedChannelOrphanWrapper$ManagedChannelReference.<init>(ManagedChannelOrphanWrapper.java:103)
	at org.apache.ratis.thirdparty.io.grpc.internal.ManagedChannelOrphanWrapper.<init>(ManagedChannelOrphanWrapper.java:53)
	at org.apache.ratis.thirdparty.io.grpc.internal.ManagedChannelOrphanWrapper.<init>(ManagedChannelOrphanWrapper.java:44)
	at org.apache.ratis.thirdparty.io.grpc.internal.AbstractManagedChannelImplBuilder.build(AbstractManagedChannelImplBuilder.java:411)
	at org.apache.ratis.grpc.client.GrpcClientProtocolClient.<init>(GrpcClientProtocolClient.java:119)
	at org.apache.ratis.grpc.client.GrpcClientRpc.lambda$new$0(GrpcClientRpc.java:55)
	at org.apache.ratis.util.PeerProxyMap$PeerAndProxy.lambda$getProxy$0(PeerProxyMap.java:61)
	at org.apache.ratis.util.LifeCycle.startAndTransition(LifeCycle.java:202)
	at org.apache.ratis.util.PeerProxyMap$PeerAndProxy.getProxy(PeerProxyMap.java:60)
	at org.apache.ratis.util.PeerProxyMap.getProxy(PeerProxyMap.java:107)
	at org.apache.ratis.grpc.client.GrpcClientRpc.sendRequestAsync(GrpcClientRpc.java:66)
	at org.apache.ratis.client.impl.OrderedAsync.sendRequest(OrderedAsync.java:208)
	at org.apache.ratis.client.impl.OrderedAsync.sendRequestWithRetry(OrderedAsync.java:169)
	at org.apache.ratis.util.SlidingWindow$Client.sendOrDelayRequest(SlidingWindow.java:278)
	at org.apache.ratis.util.SlidingWindow$Client.retry(SlidingWindow.java:294)
	at org.apache.ratis.client.impl.OrderedAsync.lambda$scheduleWithTimeout$7(OrderedAsync.java:195)
	at org.apache.ratis.util.TimeoutScheduler.lambda$onTimeout$0(TimeoutScheduler.java:85)
	at org.apache.ratis.util.TimeoutScheduler.lambda$onTimeout$1(TimeoutScheduler.java:104)
	at org.apache.ratis.util.LogUtils.runAndLog(LogUtils.java:50)
	at org.apache.ratis.util.LogUtils$1.run(LogUtils.java:91)
	at java.util.concurrent.Executors$RunnableAdapter.call(Executors.java:511)
	at java.util.concurrent.FutureTask.run(FutureTask.java:266)
	at java.util.concurrent.ScheduledThreadPoolExecutor$ScheduledFutureTask.access$201(ScheduledThreadPoolExecutor.java:180)
	at java.util.concurrent.ScheduledThreadPoolExecutor$ScheduledFutureTask.run(ScheduledThreadPoolExecutor.java:293)
	at java.util.concurrent.ThreadPoolExecutor.runWorker(ThreadPoolExecutor.java:1149)
	at java.util.concurrent.ThreadPoolExecutor$Worker.run(ThreadPoolExecutor.java:624)
	at java.lang.Thread.run(Thread.java:748)

Jul 13, 2019 8:48:01 PM com.sun.jersey.server.impl.application.WebApplicationImpl _initiate
INFO: Initiating Jersey application, version 'Jersey: 1.19 02/11/2015 03:25 AM'
Jul 13, 2019 8:48:01 PM com.sun.jersey.server.impl.application.WebApplicationImpl _initiate
INFO: Initiating Jersey application, version 'Jersey: 1.19 02/11/2015 03:25 AM'
Jul 13, 2019 8:48:02 PM com.sun.jersey.server.impl.application.WebApplicationImpl _initiate
INFO: Initiating Jersey application, version 'Jersey: 1.19 02/11/2015 03:25 AM'
]]></system-err>
  </testcase>
  <testcase name="test2WayCommitForRetryfailure" classname="org.apache.hadoop.ozone.client.rpc.TestWatchForCommit" time="43.182"/>
</testsuite>