<?xml version="1.0" encoding="UTF-8"?>
<testsuite xmlns:xsi="http://www.w3.org/2001/XMLSchema-instance" xsi:noNamespaceSchemaLocation="https://maven.apache.org/surefire/maven-surefire-plugin/xsd/surefire-test-report.xsd" name="org.apache.hadoop.ozone.client.rpc.TestCloseContainerHandlingByClient" time="890.2" tests="8" errors="3" skipped="1" failures="0">
  <properties>
    <property name="awt.toolkit" value="sun.awt.X11.XToolkit"/>
    <property name="file.encoding.pkg" value="sun.io"/>
    <property name="java.specification.version" value="1.8"/>
    <property name="sun.cpu.isalist" value=""/>
    <property name="sun.jnu.encoding" value="UTF-8"/>
    <property name="java.class.path" value="/workdir/hadoop-ozone/integration-test/target/test-classes:/workdir/hadoop-ozone/integration-test/target/classes:/home/user/.m2/repository/org/apache/hadoop/hadoop-ozone-common/0.5.0-SNAPSHOT/hadoop-ozone-common-0.5.0-SNAPSHOT.jar:/home/user/.m2/repository/org/apache/commons/commons-compress/1.4.1/commons-compress-1.4.1.jar:/home/user/.m2/repository/org/tukaani/xz/1.0/xz-1.0.jar:/home/user/.m2/repository/org/apache/hadoop/hadoop-common/3.2.0/hadoop-common-3.2.0.jar:/home/user/.m2/repository/org/apache/hadoop/hadoop-hdfs/3.2.0/hadoop-hdfs-3.2.0.jar:/home/user/.m2/repository/org/apache/hadoop/hadoop-hdfs-client/3.2.0/hadoop-hdfs-client-3.2.0.jar:/home/user/.m2/repository/com/fasterxml/jackson/core/jackson-annotations/2.9.5/jackson-annotations-2.9.5.jar:/home/user/.m2/repository/org/apache/hadoop/hadoop-hdds-common/0.5.0-SNAPSHOT/hadoop-hdds-common-0.5.0-SNAPSHOT.jar:/home/user/.m2/repository/javax/annotation/javax.annotation-api/1.2/javax.annotation-api-1.2.jar:/home/user/.m2/repository/org/apache/ratis/ratis-server/0.4.0-78e95b9-SNAPSHOT/ratis-server-0.4.0-78e95b9-SNAPSHOT.jar:/home/user/.m2/repository/org/apache/ratis/ratis-thirdparty-misc/0.2.0/ratis-thirdparty-misc-0.2.0.jar:/home/user/.m2/repository/org/apache/ratis/ratis-proto/0.4.0-78e95b9-SNAPSHOT/ratis-proto-0.4.0-78e95b9-SNAPSHOT.jar:/home/user/.m2/repository/org/apache/ratis/ratis-common/0.4.0-78e95b9-SNAPSHOT/ratis-common-0.4.0-78e95b9-SNAPSHOT.jar:/home/user/.m2/repository/org/apache/ratis/ratis-client/0.4.0-78e95b9-SNAPSHOT/ratis-client-0.4.0-78e95b9-SNAPSHOT.jar:/home/user/.m2/repository/org/apache/ratis/ratis-metrics/0.4.0-78e95b9-SNAPSHOT/ratis-metrics-0.4.0-78e95b9-SNAPSHOT.jar:/home/user/.m2/repository/com/github/joshelser/dropwizard-metrics-hadoop-metrics2-reporter/0.1.2/dropwizard-metrics-hadoop-metrics2-reporter-0.1.2.jar:/home/user/.m2/repository/io/dropwizard/metrics/metrics-jvm/3.2.5/metrics-jvm-3.2.5.jar:/home/user/.m2/repository/io/dropwizard/metrics/metrics-ganglia/3.2.5/metrics-ganglia-3.2.5.jar:/home/user/.m2/repository/info/ganglia/gmetric4j/gmetric4j/1.0.7/gmetric4j-1.0.7.jar:/home/user/.m2/repository/org/apache/ratis/ratis-netty/0.4.0-78e95b9-SNAPSHOT/ratis-netty-0.4.0-78e95b9-SNAPSHOT.jar:/home/user/.m2/repository/org/apache/ratis/ratis-grpc/0.4.0-78e95b9-SNAPSHOT/ratis-grpc-0.4.0-78e95b9-SNAPSHOT.jar:/home/user/.m2/repository/org/rocksdb/rocksdbjni/6.0.1/rocksdbjni-6.0.1.jar:/home/user/.m2/repository/org/apache/logging/log4j/log4j-api/2.11.0/log4j-api-2.11.0.jar:/home/user/.m2/repository/org/apache/logging/log4j/log4j-core/2.11.0/log4j-core-2.11.0.jar:/home/user/.m2/repository/com/lmax/disruptor/3.4.2/disruptor-3.4.2.jar:/home/user/.m2/repository/org/apache/commons/commons-pool2/2.6.0/commons-pool2-2.6.0.jar:/home/user/.m2/repository/org/bouncycastle/bcpkix-jdk15on/1.60/bcpkix-jdk15on-1.60.jar:/home/user/.m2/repository/commons-validator/commons-validator/1.6/commons-validator-1.6.jar:/home/user/.m2/repository/commons-digester/commons-digester/1.8.1/commons-digester-1.8.1.jar:/home/user/.m2/repository/io/jaegertracing/jaeger-client/0.33.1/jaeger-client-0.33.1.jar:/home/user/.m2/repository/io/jaegertracing/jaeger-thrift/0.33.1/jaeger-thrift-0.33.1.jar:/home/user/.m2/repository/org/apache/thrift/libthrift/0.11.0/libthrift-0.11.0.jar:/home/user/.m2/repository/com/squareup/okhttp3/okhttp/3.9.0/okhttp-3.9.0.jar:/home/user/.m2/repository/com/squareup/okio/okio/1.13.0/okio-1.13.0.jar:/home/user/.m2/repository/io/jaegertracing/jaeger-core/0.33.1/jaeger-core-0.33.1.jar:/home/user/.m2/repository/io/jaegertracing/jaeger-tracerresolver/0.33.1/jaeger-tracerresolver-0.33.1.jar:/home/user/.m2/repository/io/opentracing/contrib/opentracing-tracerresolver/0.1.5/opentracing-tracerresolver-0.1.5.jar:/home/user/.m2/repository/io/opentracing/opentracing-util/0.31.0/opentracing-util-0.31.0.jar:/home/user/.m2/repository/io/opentracing/opentracing-api/0.31.0/opentracing-api-0.31.0.jar:/home/user/.m2/repository/io/opentracing/opentracing-noop/0.31.0/opentracing-noop-0.31.0.jar:/home/user/.m2/repository/org/apache/hadoop/hadoop-hdds-server-framework/0.5.0-SNAPSHOT/hadoop-hdds-server-framework-0.5.0-SNAPSHOT.jar:/home/user/.m2/repository/org/apache/hadoop/hadoop-hdds-container-service/0.5.0-SNAPSHOT/hadoop-hdds-container-service-0.5.0-SNAPSHOT.jar:/home/user/.m2/repository/org/apache/hadoop/hadoop-hdds-client/0.5.0-SNAPSHOT/hadoop-hdds-client-0.5.0-SNAPSHOT.jar:/home/user/.m2/repository/org/apache/hadoop/hadoop-hdds-tools/0.5.0-SNAPSHOT/hadoop-hdds-tools-0.5.0-SNAPSHOT.jar:/home/user/.m2/repository/org/apache/hadoop/hadoop-hdds-server-scm/0.5.0-SNAPSHOT/hadoop-hdds-server-scm-0.5.0-SNAPSHOT.jar:/home/user/.m2/repository/org/apache/hadoop/hadoop-hdds-docs/0.5.0-SNAPSHOT/hadoop-hdds-docs-0.5.0-SNAPSHOT.jar:/home/user/.m2/repository/io/dropwizard/metrics/metrics-core/3.2.4/metrics-core-3.2.4.jar:/home/user/.m2/repository/org/hamcrest/hamcrest-all/1.3/hamcrest-all-1.3.jar:/home/user/.m2/repository/org/bouncycastle/bcprov-jdk15on/1.60/bcprov-jdk15on-1.60.jar:/home/user/.m2/repository/info/picocli/picocli/3.9.6/picocli-3.9.6.jar:/home/user/.m2/repository/com/google/protobuf/protobuf-java/2.5.0/protobuf-java-2.5.0.jar:/home/user/.m2/repository/com/google/guava/guava/11.0.2/guava-11.0.2.jar:/home/user/.m2/repository/org/apache/hadoop/hadoop-ozone-ozone-manager/0.5.0-SNAPSHOT/hadoop-ozone-ozone-manager-0.5.0-SNAPSHOT.jar:/home/user/.m2/repository/org/apache/hadoop/hadoop-minikdc/3.2.0/hadoop-minikdc-3.2.0.jar:/home/user/.m2/repository/commons-io/commons-io/2.5/commons-io-2.5.jar:/home/user/.m2/repository/org/apache/kerby/kerb-simplekdc/1.0.1/kerb-simplekdc-1.0.1.jar:/home/user/.m2/repository/org/apache/kerby/kerb-client/1.0.1/kerb-client-1.0.1.jar:/home/user/.m2/repository/org/apache/kerby/kerby-config/1.0.1/kerby-config-1.0.1.jar:/home/user/.m2/repository/org/apache/kerby/kerb-core/1.0.1/kerb-core-1.0.1.jar:/home/user/.m2/repository/org/apache/kerby/kerby-pkix/1.0.1/kerby-pkix-1.0.1.jar:/home/user/.m2/repository/org/apache/kerby/kerby-asn1/1.0.1/kerby-asn1-1.0.1.jar:/home/user/.m2/repository/org/apache/kerby/kerby-util/1.0.1/kerby-util-1.0.1.jar:/home/user/.m2/repository/org/apache/kerby/kerb-common/1.0.1/kerb-common-1.0.1.jar:/home/user/.m2/repository/org/apache/kerby/kerb-crypto/1.0.1/kerb-crypto-1.0.1.jar:/home/user/.m2/repository/org/apache/kerby/kerb-util/1.0.1/kerb-util-1.0.1.jar:/home/user/.m2/repository/org/apache/kerby/token-provider/1.0.1/token-provider-1.0.1.jar:/home/user/.m2/repository/org/apache/kerby/kerb-admin/1.0.1/kerb-admin-1.0.1.jar:/home/user/.m2/repository/org/apache/kerby/kerb-server/1.0.1/kerb-server-1.0.1.jar:/home/user/.m2/repository/org/apache/kerby/kerb-identity/1.0.1/kerb-identity-1.0.1.jar:/home/user/.m2/repository/org/apache/kerby/kerby-xdr/1.0.1/kerby-xdr-1.0.1.jar:/home/user/.m2/repository/org/slf4j/slf4j-log4j12/1.7.25/slf4j-log4j12-1.7.25.jar:/home/user/.m2/repository/org/apache/hadoop/hadoop-ozone-s3gateway/0.5.0-SNAPSHOT/hadoop-ozone-s3gateway-0.5.0-SNAPSHOT.jar:/home/user/.m2/repository/org/jboss/weld/servlet/weld-servlet/2.4.7.Final/weld-servlet-2.4.7.Final.jar:/home/user/.m2/repository/org/glassfish/jersey/containers/jersey-container-servlet-core/2.27/jersey-container-servlet-core-2.27.jar:/home/user/.m2/repository/org/glassfish/hk2/external/javax.inject/2.5.0-b42/javax.inject-2.5.0-b42.jar:/home/user/.m2/repository/org/glassfish/jersey/core/jersey-common/2.27/jersey-common-2.27.jar:/home/user/.m2/repository/org/glassfish/hk2/osgi-resource-locator/1.0.1/osgi-resource-locator-1.0.1.jar:/home/user/.m2/repository/javax/ws/rs/javax.ws.rs-api/2.1/javax.ws.rs-api-2.1.jar:/home/user/.m2/repository/org/glassfish/jersey/ext/cdi/jersey-cdi1x/2.27/jersey-cdi1x-2.27.jar:/home/user/.m2/repository/org/glassfish/jersey/inject/jersey-hk2/2.27/jersey-hk2-2.27.jar:/home/user/.m2/repository/org/glassfish/hk2/hk2-locator/2.5.0-b42/hk2-locator-2.5.0-b42.jar:/home/user/.m2/repository/org/javassist/javassist/3.22.0-CR2/javassist-3.22.0-CR2.jar:/home/user/.m2/repository/org/glassfish/hk2/hk2-api/2.5.0/hk2-api-2.5.0.jar:/home/user/.m2/repository/org/glassfish/hk2/external/jakarta.inject/2.5.0/jakarta.inject-2.5.0.jar:/home/user/.m2/repository/org/glassfish/hk2/hk2-utils/2.5.0/hk2-utils-2.5.0.jar:/home/user/.m2/repository/jakarta/annotation/jakarta.annotation-api/1.3.4/jakarta.annotation-api-1.3.4.jar:/home/user/.m2/repository/org/glassfish/hk2/external/aopalliance-repackaged/2.5.0/aopalliance-repackaged-2.5.0.jar:/home/user/.m2/repository/com/fasterxml/jackson/dataformat/jackson-dataformat-xml/2.9.0/jackson-dataformat-xml-2.9.0.jar:/home/user/.m2/repository/com/fasterxml/jackson/core/jackson-core/2.9.5/jackson-core-2.9.5.jar:/home/user/.m2/repository/com/fasterxml/jackson/module/jackson-module-jaxb-annotations/2.9.5/jackson-module-jaxb-annotations-2.9.5.jar:/home/user/.m2/repository/javax/enterprise/cdi-api/1.2/cdi-api-1.2.jar:/home/user/.m2/repository/javax/el/javax.el-api/3.0.0/javax.el-api-3.0.0.jar:/home/user/.m2/repository/javax/interceptor/javax.interceptor-api/1.2/javax.interceptor-api-1.2.jar:/home/user/.m2/repository/javax/inject/javax.inject/1/javax.inject-1.jar:/home/user/.m2/repository/com/sun/xml/bind/jaxb-impl/2.3.0.1/jaxb-impl-2.3.0.1.jar:/home/user/.m2/repository/com/sun/xml/bind/jaxb-core/2.3.0.1/jaxb-core-2.3.0.1.jar:/home/user/.m2/repository/javax/xml/bind/jaxb-api/2.3.0/jaxb-api-2.3.0.jar:/home/user/.m2/repository/javax/activation/activation/1.1.1/activation-1.1.1.jar:/home/user/.m2/repository/org/apache/hadoop/hadoop-ozone-csi/0.5.0-SNAPSHOT/hadoop-ozone-csi-0.5.0-SNAPSHOT.jar:/home/user/.m2/repository/com/google/protobuf/protobuf-java-util/3.5.1/protobuf-java-util-3.5.1.jar:/home/user/.m2/repository/org/apache/hadoop/hadoop-hdds-config/0.5.0-SNAPSHOT/hadoop-hdds-config-0.5.0-SNAPSHOT.jar:/home/user/.m2/repository/io/grpc/grpc-netty/1.17.1/grpc-netty-1.17.1.jar:/home/user/.m2/repository/io/grpc/grpc-core/1.17.1/grpc-core-1.17.1.jar:/home/user/.m2/repository/io/grpc/grpc-context/1.17.1/grpc-context-1.17.1.jar:/home/user/.m2/repository/com/google/errorprone/error_prone_annotations/2.2.0/error_prone_annotations-2.2.0.jar:/home/user/.m2/repository/org/codehaus/mojo/animal-sniffer-annotations/1.17/animal-sniffer-annotations-1.17.jar:/home/user/.m2/repository/io/opencensus/opencensus-api/0.17.0/opencensus-api-0.17.0.jar:/home/user/.m2/repository/io/opencensus/opencensus-contrib-grpc-metrics/0.17.0/opencensus-contrib-grpc-metrics-0.17.0.jar:/home/user/.m2/repository/io/netty/netty-codec-http2/4.1.30.Final/netty-codec-http2-4.1.30.Final.jar:/home/user/.m2/repository/io/netty/netty-codec-http/4.1.30.Final/netty-codec-http-4.1.30.Final.jar:/home/user/.m2/repository/io/netty/netty-codec/4.1.30.Final/netty-codec-4.1.30.Final.jar:/home/user/.m2/repository/io/netty/netty-handler/4.1.30.Final/netty-handler-4.1.30.Final.jar:/home/user/.m2/repository/io/netty/netty-handler-proxy/4.1.30.Final/netty-handler-proxy-4.1.30.Final.jar:/home/user/.m2/repository/io/netty/netty-codec-socks/4.1.30.Final/netty-codec-socks-4.1.30.Final.jar:/home/user/.m2/repository/io/netty/netty-transport-native-epoll/4.1.30.Final/netty-transport-native-epoll-4.1.30.Final.jar:/home/user/.m2/repository/io/netty/netty-common/4.1.30.Final/netty-common-4.1.30.Final.jar:/home/user/.m2/repository/io/netty/netty-buffer/4.1.30.Final/netty-buffer-4.1.30.Final.jar:/home/user/.m2/repository/io/netty/netty-transport/4.1.30.Final/netty-transport-4.1.30.Final.jar:/home/user/.m2/repository/io/netty/netty-resolver/4.1.30.Final/netty-resolver-4.1.30.Final.jar:/home/user/.m2/repository/io/netty/netty-transport-native-unix-common/4.1.30.Final/netty-transport-native-unix-common-4.1.30.Final.jar:/home/user/.m2/repository/io/grpc/grpc-protobuf/1.17.1/grpc-protobuf-1.17.1.jar:/home/user/.m2/repository/com/google/api/grpc/proto-google-common-protos/1.0.0/proto-google-common-protos-1.0.0.jar:/home/user/.m2/repository/io/grpc/grpc-protobuf-lite/1.17.1/grpc-protobuf-lite-1.17.1.jar:/home/user/.m2/repository/io/grpc/grpc-stub/1.17.1/grpc-stub-1.17.1.jar:/home/user/.m2/repository/org/apache/hadoop/hadoop-ozone-recon/0.5.0-SNAPSHOT/hadoop-ozone-recon-0.5.0-SNAPSHOT.jar:/home/user/.m2/repository/org/apache/hadoop/hadoop-ozone-reconcodegen/0.5.0-SNAPSHOT/hadoop-ozone-reconcodegen-0.5.0-SNAPSHOT.jar:/home/user/.m2/repository/com/google/inject/extensions/guice-multibindings/4.0/guice-multibindings-4.0.jar:/home/user/.m2/repository/com/google/inject/guice/4.0/guice-4.0.jar:/home/user/.m2/repository/aopalliance/aopalliance/1.0/aopalliance-1.0.jar:/home/user/.m2/repository/com/google/inject/extensions/guice-servlet/4.0/guice-servlet-4.0.jar:/home/user/.m2/repository/org/glassfish/jersey/containers/jersey-container-servlet/2.27/jersey-container-servlet-2.27.jar:/home/user/.m2/repository/org/glassfish/hk2/guice-bridge/2.5.0/guice-bridge-2.5.0.jar:/home/user/.m2/repository/org/glassfish/jersey/core/jersey-server/2.27/jersey-server-2.27.jar:/home/user/.m2/repository/org/glassfish/jersey/core/jersey-client/2.27/jersey-client-2.27.jar:/home/user/.m2/repository/org/glassfish/jersey/media/jersey-media-jaxb/2.27/jersey-media-jaxb-2.27.jar:/home/user/.m2/repository/javax/validation/validation-api/1.1.0.Final/validation-api-1.1.0.Final.jar:/home/user/.m2/repository/org/glassfish/jersey/media/jersey-media-json-jackson/2.27/jersey-media-json-jackson-2.27.jar:/home/user/.m2/repository/org/glassfish/jersey/ext/jersey-entity-filtering/2.27/jersey-entity-filtering-2.27.jar:/home/user/.m2/repository/com/google/inject/extensions/guice-assistedinject/4.0/guice-assistedinject-4.0.jar:/home/user/.m2/repository/org/jooq/jooq/3.11.10/jooq-3.11.10.jar:/home/user/.m2/repository/org/jooq/jooq-meta/3.11.10/jooq-meta-3.11.10.jar:/home/user/.m2/repository/org/jooq/jooq-codegen/3.11.10/jooq-codegen-3.11.10.jar:/home/user/.m2/repository/com/jolbox/bonecp/0.8.0.RELEASE/bonecp-0.8.0.RELEASE.jar:/home/user/.m2/repository/org/xerial/sqlite-jdbc/3.25.2/sqlite-jdbc-3.25.2.jar:/home/user/.m2/repository/org/springframework/spring-jdbc/5.1.3.RELEASE/spring-jdbc-5.1.3.RELEASE.jar:/home/user/.m2/repository/org/springframework/spring-beans/5.1.3.RELEASE/spring-beans-5.1.3.RELEASE.jar:/home/user/.m2/repository/org/springframework/spring-core/5.1.3.RELEASE/spring-core-5.1.3.RELEASE.jar:/home/user/.m2/repository/org/springframework/spring-jcl/5.1.3.RELEASE/spring-jcl-5.1.3.RELEASE.jar:/home/user/.m2/repository/org/springframework/spring-tx/5.1.3.RELEASE/spring-tx-5.1.3.RELEASE.jar:/home/user/.m2/repository/org/apache/hadoop/hadoop-ozone-client/0.5.0-SNAPSHOT/hadoop-ozone-client-0.5.0-SNAPSHOT.jar:/home/user/.m2/repository/commons-lang/commons-lang/2.6/commons-lang-2.6.jar:/home/user/.m2/repository/org/apache/hadoop/hadoop-ozone-ozone-manager/0.5.0-SNAPSHOT/hadoop-ozone-ozone-manager-0.5.0-SNAPSHOT-tests.jar:/home/user/.m2/repository/junit/junit/4.11/junit-4.11.jar:/home/user/.m2/repository/org/hamcrest/hamcrest-core/1.3/hamcrest-core-1.3.jar:/home/user/.m2/repository/org/openjdk/jmh/jmh-core/1.19/jmh-core-1.19.jar:/home/user/.m2/repository/net/sf/jopt-simple/jopt-simple/4.6/jopt-simple-4.6.jar:/home/user/.m2/repository/org/apache/commons/commons-math3/3.1.1/commons-math3-3.1.1.jar:/home/user/.m2/repository/org/openjdk/jmh/jmh-generator-annprocess/1.19/jmh-generator-annprocess-1.19.jar:/home/user/.m2/repository/org/mockito/mockito-all/1.8.5/mockito-all-1.8.5.jar:/home/user/.m2/repository/org/apache/hadoop/hadoop-kms/3.2.0/hadoop-kms-3.2.0.jar:/home/user/.m2/repository/org/apache/hadoop/hadoop-auth/3.2.0/hadoop-auth-3.2.0.jar:/home/user/.m2/repository/com/nimbusds/nimbus-jose-jwt/4.41.1/nimbus-jose-jwt-4.41.1.jar:/home/user/.m2/repository/com/github/stephenc/jcip/jcip-annotations/1.0-1/jcip-annotations-1.0-1.jar:/home/user/.m2/repository/net/minidev/json-smart/2.3/json-smart-2.3.jar:/home/user/.m2/repository/net/minidev/accessors-smart/1.2/accessors-smart-1.2.jar:/home/user/.m2/repository/org/ow2/asm/asm/5.0.4/asm-5.0.4.jar:/home/user/.m2/repository/org/apache/curator/curator-framework/2.12.0/curator-framework-2.12.0.jar:/home/user/.m2/repository/com/sun/jersey/jersey-core/1.19/jersey-core-1.19.jar:/home/user/.m2/repository/javax/ws/rs/jsr311-api/1.1.1/jsr311-api-1.1.1.jar:/home/user/.m2/repository/com/sun/jersey/jersey-server/1.19/jersey-server-1.19.jar:/home/user/.m2/repository/javax/servlet/javax.servlet-api/3.1.0/javax.servlet-api-3.1.0.jar:/home/user/.m2/repository/org/eclipse/jetty/jetty-server/9.3.24.v20180605/jetty-server-9.3.24.v20180605.jar:/home/user/.m2/repository/org/eclipse/jetty/jetty-http/9.3.24.v20180605/jetty-http-9.3.24.v20180605.jar:/home/user/.m2/repository/org/eclipse/jetty/jetty-io/9.3.24.v20180605/jetty-io-9.3.24.v20180605.jar:/home/user/.m2/repository/org/eclipse/jetty/jetty-webapp/9.3.24.v20180605/jetty-webapp-9.3.24.v20180605.jar:/home/user/.m2/repository/org/eclipse/jetty/jetty-xml/9.3.24.v20180605/jetty-xml-9.3.24.v20180605.jar:/home/user/.m2/repository/log4j/log4j/1.2.17/log4j-1.2.17.jar:/home/user/.m2/repository/org/slf4j/slf4j-api/1.7.25/slf4j-api-1.7.25.jar:/home/user/.m2/repository/org/slf4j/jul-to-slf4j/1.7.25/jul-to-slf4j-1.7.25.jar:/home/user/.m2/repository/org/eclipse/jetty/jetty-util/9.3.24.v20180605/jetty-util-9.3.24.v20180605.jar:/home/user/.m2/repository/com/fasterxml/jackson/core/jackson-databind/2.9.5/jackson-databind-2.9.5.jar:/home/user/.m2/repository/org/apache/hadoop/hadoop-kms/3.2.0/hadoop-kms-3.2.0-tests.jar:/home/user/.m2/repository/org/apache/hadoop/hadoop-hdds-server-scm/0.5.0-SNAPSHOT/hadoop-hdds-server-scm-0.5.0-SNAPSHOT-tests.jar:/home/user/.m2/repository/org/apache/hadoop/hadoop-hdds-container-service/0.5.0-SNAPSHOT/hadoop-hdds-container-service-0.5.0-SNAPSHOT-tests.jar:/home/user/.m2/repository/org/yaml/snakeyaml/1.16/snakeyaml-1.16.jar:/home/user/.m2/repository/org/apache/hadoop/hadoop-common/3.2.0/hadoop-common-3.2.0-tests.jar:/home/user/.m2/repository/org/apache/hadoop/hadoop-annotations/3.2.0/hadoop-annotations-3.2.0.jar:/usr/lib/jvm/java-1.8-openjdk/jre/../lib/tools.jar:/home/user/.m2/repository/commons-cli/commons-cli/1.2/commons-cli-1.2.jar:/home/user/.m2/repository/org/apache/httpcomponents/httpclient/4.5.2/httpclient-4.5.2.jar:/home/user/.m2/repository/org/apache/httpcomponents/httpcore/4.4.4/httpcore-4.4.4.jar:/home/user/.m2/repository/commons-codec/commons-codec/1.11/commons-codec-1.11.jar:/home/user/.m2/repository/commons-net/commons-net/3.6/commons-net-3.6.jar:/home/user/.m2/repository/commons-collections/commons-collections/3.2.2/commons-collections-3.2.2.jar:/home/user/.m2/repository/org/eclipse/jetty/jetty-servlet/9.3.24.v20180605/jetty-servlet-9.3.24.v20180605.jar:/home/user/.m2/repository/org/eclipse/jetty/jetty-security/9.3.24.v20180605/jetty-security-9.3.24.v20180605.jar:/home/user/.m2/repository/javax/servlet/jsp/jsp-api/2.1/jsp-api-2.1.jar:/home/user/.m2/repository/com/sun/jersey/jersey-servlet/1.19/jersey-servlet-1.19.jar:/home/user/.m2/repository/com/sun/jersey/jersey-json/1.19/jersey-json-1.19.jar:/home/user/.m2/repository/org/codehaus/jettison/jettison/1.1/jettison-1.1.jar:/home/user/.m2/repository/org/codehaus/jackson/jackson-core-asl/1.9.13/jackson-core-asl-1.9.13.jar:/home/user/.m2/repository/org/codehaus/jackson/jackson-mapper-asl/1.9.13/jackson-mapper-asl-1.9.13.jar:/home/user/.m2/repository/org/codehaus/jackson/jackson-jaxrs/1.9.13/jackson-jaxrs-1.9.13.jar:/home/user/.m2/repository/org/codehaus/jackson/jackson-xc/1.9.13/jackson-xc-1.9.13.jar:/home/user/.m2/repository/commons-logging/commons-logging/1.1.3/commons-logging-1.1.3.jar:/home/user/.m2/repository/commons-beanutils/commons-beanutils/1.9.3/commons-beanutils-1.9.3.jar:/home/user/.m2/repository/org/apache/commons/commons-configuration2/2.1.1/commons-configuration2-2.1.1.jar:/home/user/.m2/repository/org/apache/commons/commons-lang3/3.7/commons-lang3-3.7.jar:/home/user/.m2/repository/org/apache/commons/commons-text/1.4/commons-text-1.4.jar:/home/user/.m2/repository/org/apache/avro/avro/1.7.7/avro-1.7.7.jar:/home/user/.m2/repository/com/thoughtworks/paranamer/paranamer/2.3/paranamer-2.3.jar:/home/user/.m2/repository/org/xerial/snappy/snappy-java/1.0.5/snappy-java-1.0.5.jar:/home/user/.m2/repository/com/google/re2j/re2j/1.1/re2j-1.1.jar:/home/user/.m2/repository/com/google/code/gson/gson/2.2.4/gson-2.2.4.jar:/home/user/.m2/repository/com/jcraft/jsch/0.1.54/jsch-0.1.54.jar:/home/user/.m2/repository/org/apache/curator/curator-client/2.12.0/curator-client-2.12.0.jar:/home/user/.m2/repository/org/apache/curator/curator-recipes/2.12.0/curator-recipes-2.12.0.jar:/home/user/.m2/repository/com/google/code/findbugs/jsr305/3.0.0/jsr305-3.0.0.jar:/home/user/.m2/repository/org/apache/htrace/htrace-core4/4.1.0-incubating/htrace-core4-4.1.0-incubating.jar:/home/user/.m2/repository/org/apache/zookeeper/zookeeper/3.4.13/zookeeper-3.4.13.jar:/home/user/.m2/repository/org/apache/yetus/audience-annotations/0.5.0/audience-annotations-0.5.0.jar:/home/user/.m2/repository/org/codehaus/woodstox/stax2-api/3.1.4/stax2-api-3.1.4.jar:/home/user/.m2/repository/com/fasterxml/woodstox/woodstox-core/5.0.3/woodstox-core-5.0.3.jar:/home/user/.m2/repository/dnsjava/dnsjava/2.1.7/dnsjava-2.1.7.jar:/home/user/.m2/repository/org/apache/hadoop/hadoop-hdfs/3.2.0/hadoop-hdfs-3.2.0-tests.jar:/home/user/.m2/repository/org/eclipse/jetty/jetty-util-ajax/9.3.24.v20180605/jetty-util-ajax-9.3.24.v20180605.jar:/home/user/.m2/repository/commons-daemon/commons-daemon/1.0.13/commons-daemon-1.0.13.jar:/home/user/.m2/repository/io/netty/netty/3.10.5.Final/netty-3.10.5.Final.jar:/home/user/.m2/repository/io/netty/netty-all/4.0.52.Final/netty-all-4.0.52.Final.jar:/home/user/.m2/repository/org/fusesource/leveldbjni/leveldbjni-all/1.8/leveldbjni-all-1.8.jar:"/>
    <property name="java.vm.vendor" value="IcedTea"/>
    <property name="sun.arch.data.model" value="64"/>
    <property name="test.build.dir" value="/workdir/hadoop-ozone/integration-test/target/test-dir"/>
    <property name="test.cache.data" value=""/>
    <property name="java.vendor.url" value="https://icedtea.classpath.org"/>
    <property name="user.timezone" value=""/>
    <property name="java.vm.specification.version" value="1.8"/>
    <property name="os.name" value="Linux"/>
    <property name="test.build.data" value="/workdir/hadoop-ozone/integration-test/target/test-dir"/>
    <property name="user.country" value="US"/>
    <property name="sun.java.launcher" value="SUN_STANDARD"/>
    <property name="sun.boot.library.path" value="/usr/lib/jvm/java-1.8-openjdk/jre/lib/amd64"/>
    <property name="sun.java.command" value="/workdir/hadoop-ozone/integration-test/target/surefire/surefirebooter3972148760635606110.jar /workdir/hadoop-ozone/integration-test/target/surefire 2019-09-12T03-14-56_188-jvmRun1 surefire3418887788628916514tmp surefire_41250211527937363579tmp"/>
    <property name="test" value="!TestMiniChaosOzoneCluster"/>
    <property name="surefire.test.class.path" value="/workdir/hadoop-ozone/integration-test/target/test-classes:/workdir/hadoop-ozone/integration-test/target/classes:/home/user/.m2/repository/org/apache/hadoop/hadoop-ozone-common/0.5.0-SNAPSHOT/hadoop-ozone-common-0.5.0-SNAPSHOT.jar:/home/user/.m2/repository/org/apache/commons/commons-compress/1.4.1/commons-compress-1.4.1.jar:/home/user/.m2/repository/org/tukaani/xz/1.0/xz-1.0.jar:/home/user/.m2/repository/org/apache/hadoop/hadoop-common/3.2.0/hadoop-common-3.2.0.jar:/home/user/.m2/repository/org/apache/hadoop/hadoop-hdfs/3.2.0/hadoop-hdfs-3.2.0.jar:/home/user/.m2/repository/org/apache/hadoop/hadoop-hdfs-client/3.2.0/hadoop-hdfs-client-3.2.0.jar:/home/user/.m2/repository/com/fasterxml/jackson/core/jackson-annotations/2.9.5/jackson-annotations-2.9.5.jar:/home/user/.m2/repository/org/apache/hadoop/hadoop-hdds-common/0.5.0-SNAPSHOT/hadoop-hdds-common-0.5.0-SNAPSHOT.jar:/home/user/.m2/repository/javax/annotation/javax.annotation-api/1.2/javax.annotation-api-1.2.jar:/home/user/.m2/repository/org/apache/ratis/ratis-server/0.4.0-78e95b9-SNAPSHOT/ratis-server-0.4.0-78e95b9-SNAPSHOT.jar:/home/user/.m2/repository/org/apache/ratis/ratis-thirdparty-misc/0.2.0/ratis-thirdparty-misc-0.2.0.jar:/home/user/.m2/repository/org/apache/ratis/ratis-proto/0.4.0-78e95b9-SNAPSHOT/ratis-proto-0.4.0-78e95b9-SNAPSHOT.jar:/home/user/.m2/repository/org/apache/ratis/ratis-common/0.4.0-78e95b9-SNAPSHOT/ratis-common-0.4.0-78e95b9-SNAPSHOT.jar:/home/user/.m2/repository/org/apache/ratis/ratis-client/0.4.0-78e95b9-SNAPSHOT/ratis-client-0.4.0-78e95b9-SNAPSHOT.jar:/home/user/.m2/repository/org/apache/ratis/ratis-metrics/0.4.0-78e95b9-SNAPSHOT/ratis-metrics-0.4.0-78e95b9-SNAPSHOT.jar:/home/user/.m2/repository/com/github/joshelser/dropwizard-metrics-hadoop-metrics2-reporter/0.1.2/dropwizard-metrics-hadoop-metrics2-reporter-0.1.2.jar:/home/user/.m2/repository/io/dropwizard/metrics/metrics-jvm/3.2.5/metrics-jvm-3.2.5.jar:/home/user/.m2/repository/io/dropwizard/metrics/metrics-ganglia/3.2.5/metrics-ganglia-3.2.5.jar:/home/user/.m2/repository/info/ganglia/gmetric4j/gmetric4j/1.0.7/gmetric4j-1.0.7.jar:/home/user/.m2/repository/org/apache/ratis/ratis-netty/0.4.0-78e95b9-SNAPSHOT/ratis-netty-0.4.0-78e95b9-SNAPSHOT.jar:/home/user/.m2/repository/org/apache/ratis/ratis-grpc/0.4.0-78e95b9-SNAPSHOT/ratis-grpc-0.4.0-78e95b9-SNAPSHOT.jar:/home/user/.m2/repository/org/rocksdb/rocksdbjni/6.0.1/rocksdbjni-6.0.1.jar:/home/user/.m2/repository/org/apache/logging/log4j/log4j-api/2.11.0/log4j-api-2.11.0.jar:/home/user/.m2/repository/org/apache/logging/log4j/log4j-core/2.11.0/log4j-core-2.11.0.jar:/home/user/.m2/repository/com/lmax/disruptor/3.4.2/disruptor-3.4.2.jar:/home/user/.m2/repository/org/apache/commons/commons-pool2/2.6.0/commons-pool2-2.6.0.jar:/home/user/.m2/repository/org/bouncycastle/bcpkix-jdk15on/1.60/bcpkix-jdk15on-1.60.jar:/home/user/.m2/repository/commons-validator/commons-validator/1.6/commons-validator-1.6.jar:/home/user/.m2/repository/commons-digester/commons-digester/1.8.1/commons-digester-1.8.1.jar:/home/user/.m2/repository/io/jaegertracing/jaeger-client/0.33.1/jaeger-client-0.33.1.jar:/home/user/.m2/repository/io/jaegertracing/jaeger-thrift/0.33.1/jaeger-thrift-0.33.1.jar:/home/user/.m2/repository/org/apache/thrift/libthrift/0.11.0/libthrift-0.11.0.jar:/home/user/.m2/repository/com/squareup/okhttp3/okhttp/3.9.0/okhttp-3.9.0.jar:/home/user/.m2/repository/com/squareup/okio/okio/1.13.0/okio-1.13.0.jar:/home/user/.m2/repository/io/jaegertracing/jaeger-core/0.33.1/jaeger-core-0.33.1.jar:/home/user/.m2/repository/io/jaegertracing/jaeger-tracerresolver/0.33.1/jaeger-tracerresolver-0.33.1.jar:/home/user/.m2/repository/io/opentracing/contrib/opentracing-tracerresolver/0.1.5/opentracing-tracerresolver-0.1.5.jar:/home/user/.m2/repository/io/opentracing/opentracing-util/0.31.0/opentracing-util-0.31.0.jar:/home/user/.m2/repository/io/opentracing/opentracing-api/0.31.0/opentracing-api-0.31.0.jar:/home/user/.m2/repository/io/opentracing/opentracing-noop/0.31.0/opentracing-noop-0.31.0.jar:/home/user/.m2/repository/org/apache/hadoop/hadoop-hdds-server-framework/0.5.0-SNAPSHOT/hadoop-hdds-server-framework-0.5.0-SNAPSHOT.jar:/home/user/.m2/repository/org/apache/hadoop/hadoop-hdds-container-service/0.5.0-SNAPSHOT/hadoop-hdds-container-service-0.5.0-SNAPSHOT.jar:/home/user/.m2/repository/org/apache/hadoop/hadoop-hdds-client/0.5.0-SNAPSHOT/hadoop-hdds-client-0.5.0-SNAPSHOT.jar:/home/user/.m2/repository/org/apache/hadoop/hadoop-hdds-tools/0.5.0-SNAPSHOT/hadoop-hdds-tools-0.5.0-SNAPSHOT.jar:/home/user/.m2/repository/org/apache/hadoop/hadoop-hdds-server-scm/0.5.0-SNAPSHOT/hadoop-hdds-server-scm-0.5.0-SNAPSHOT.jar:/home/user/.m2/repository/org/apache/hadoop/hadoop-hdds-docs/0.5.0-SNAPSHOT/hadoop-hdds-docs-0.5.0-SNAPSHOT.jar:/home/user/.m2/repository/io/dropwizard/metrics/metrics-core/3.2.4/metrics-core-3.2.4.jar:/home/user/.m2/repository/org/hamcrest/hamcrest-all/1.3/hamcrest-all-1.3.jar:/home/user/.m2/repository/org/bouncycastle/bcprov-jdk15on/1.60/bcprov-jdk15on-1.60.jar:/home/user/.m2/repository/info/picocli/picocli/3.9.6/picocli-3.9.6.jar:/home/user/.m2/repository/com/google/protobuf/protobuf-java/2.5.0/protobuf-java-2.5.0.jar:/home/user/.m2/repository/com/google/guava/guava/11.0.2/guava-11.0.2.jar:/home/user/.m2/repository/org/apache/hadoop/hadoop-ozone-ozone-manager/0.5.0-SNAPSHOT/hadoop-ozone-ozone-manager-0.5.0-SNAPSHOT.jar:/home/user/.m2/repository/org/apache/hadoop/hadoop-minikdc/3.2.0/hadoop-minikdc-3.2.0.jar:/home/user/.m2/repository/commons-io/commons-io/2.5/commons-io-2.5.jar:/home/user/.m2/repository/org/apache/kerby/kerb-simplekdc/1.0.1/kerb-simplekdc-1.0.1.jar:/home/user/.m2/repository/org/apache/kerby/kerb-client/1.0.1/kerb-client-1.0.1.jar:/home/user/.m2/repository/org/apache/kerby/kerby-config/1.0.1/kerby-config-1.0.1.jar:/home/user/.m2/repository/org/apache/kerby/kerb-core/1.0.1/kerb-core-1.0.1.jar:/home/user/.m2/repository/org/apache/kerby/kerby-pkix/1.0.1/kerby-pkix-1.0.1.jar:/home/user/.m2/repository/org/apache/kerby/kerby-asn1/1.0.1/kerby-asn1-1.0.1.jar:/home/user/.m2/repository/org/apache/kerby/kerby-util/1.0.1/kerby-util-1.0.1.jar:/home/user/.m2/repository/org/apache/kerby/kerb-common/1.0.1/kerb-common-1.0.1.jar:/home/user/.m2/repository/org/apache/kerby/kerb-crypto/1.0.1/kerb-crypto-1.0.1.jar:/home/user/.m2/repository/org/apache/kerby/kerb-util/1.0.1/kerb-util-1.0.1.jar:/home/user/.m2/repository/org/apache/kerby/token-provider/1.0.1/token-provider-1.0.1.jar:/home/user/.m2/repository/org/apache/kerby/kerb-admin/1.0.1/kerb-admin-1.0.1.jar:/home/user/.m2/repository/org/apache/kerby/kerb-server/1.0.1/kerb-server-1.0.1.jar:/home/user/.m2/repository/org/apache/kerby/kerb-identity/1.0.1/kerb-identity-1.0.1.jar:/home/user/.m2/repository/org/apache/kerby/kerby-xdr/1.0.1/kerby-xdr-1.0.1.jar:/home/user/.m2/repository/org/slf4j/slf4j-log4j12/1.7.25/slf4j-log4j12-1.7.25.jar:/home/user/.m2/repository/org/apache/hadoop/hadoop-ozone-s3gateway/0.5.0-SNAPSHOT/hadoop-ozone-s3gateway-0.5.0-SNAPSHOT.jar:/home/user/.m2/repository/org/jboss/weld/servlet/weld-servlet/2.4.7.Final/weld-servlet-2.4.7.Final.jar:/home/user/.m2/repository/org/glassfish/jersey/containers/jersey-container-servlet-core/2.27/jersey-container-servlet-core-2.27.jar:/home/user/.m2/repository/org/glassfish/hk2/external/javax.inject/2.5.0-b42/javax.inject-2.5.0-b42.jar:/home/user/.m2/repository/org/glassfish/jersey/core/jersey-common/2.27/jersey-common-2.27.jar:/home/user/.m2/repository/org/glassfish/hk2/osgi-resource-locator/1.0.1/osgi-resource-locator-1.0.1.jar:/home/user/.m2/repository/javax/ws/rs/javax.ws.rs-api/2.1/javax.ws.rs-api-2.1.jar:/home/user/.m2/repository/org/glassfish/jersey/ext/cdi/jersey-cdi1x/2.27/jersey-cdi1x-2.27.jar:/home/user/.m2/repository/org/glassfish/jersey/inject/jersey-hk2/2.27/jersey-hk2-2.27.jar:/home/user/.m2/repository/org/glassfish/hk2/hk2-locator/2.5.0-b42/hk2-locator-2.5.0-b42.jar:/home/user/.m2/repository/org/javassist/javassist/3.22.0-CR2/javassist-3.22.0-CR2.jar:/home/user/.m2/repository/org/glassfish/hk2/hk2-api/2.5.0/hk2-api-2.5.0.jar:/home/user/.m2/repository/org/glassfish/hk2/external/jakarta.inject/2.5.0/jakarta.inject-2.5.0.jar:/home/user/.m2/repository/org/glassfish/hk2/hk2-utils/2.5.0/hk2-utils-2.5.0.jar:/home/user/.m2/repository/jakarta/annotation/jakarta.annotation-api/1.3.4/jakarta.annotation-api-1.3.4.jar:/home/user/.m2/repository/org/glassfish/hk2/external/aopalliance-repackaged/2.5.0/aopalliance-repackaged-2.5.0.jar:/home/user/.m2/repository/com/fasterxml/jackson/dataformat/jackson-dataformat-xml/2.9.0/jackson-dataformat-xml-2.9.0.jar:/home/user/.m2/repository/com/fasterxml/jackson/core/jackson-core/2.9.5/jackson-core-2.9.5.jar:/home/user/.m2/repository/com/fasterxml/jackson/module/jackson-module-jaxb-annotations/2.9.5/jackson-module-jaxb-annotations-2.9.5.jar:/home/user/.m2/repository/javax/enterprise/cdi-api/1.2/cdi-api-1.2.jar:/home/user/.m2/repository/javax/el/javax.el-api/3.0.0/javax.el-api-3.0.0.jar:/home/user/.m2/repository/javax/interceptor/javax.interceptor-api/1.2/javax.interceptor-api-1.2.jar:/home/user/.m2/repository/javax/inject/javax.inject/1/javax.inject-1.jar:/home/user/.m2/repository/com/sun/xml/bind/jaxb-impl/2.3.0.1/jaxb-impl-2.3.0.1.jar:/home/user/.m2/repository/com/sun/xml/bind/jaxb-core/2.3.0.1/jaxb-core-2.3.0.1.jar:/home/user/.m2/repository/javax/xml/bind/jaxb-api/2.3.0/jaxb-api-2.3.0.jar:/home/user/.m2/repository/javax/activation/activation/1.1.1/activation-1.1.1.jar:/home/user/.m2/repository/org/apache/hadoop/hadoop-ozone-csi/0.5.0-SNAPSHOT/hadoop-ozone-csi-0.5.0-SNAPSHOT.jar:/home/user/.m2/repository/com/google/protobuf/protobuf-java-util/3.5.1/protobuf-java-util-3.5.1.jar:/home/user/.m2/repository/org/apache/hadoop/hadoop-hdds-config/0.5.0-SNAPSHOT/hadoop-hdds-config-0.5.0-SNAPSHOT.jar:/home/user/.m2/repository/io/grpc/grpc-netty/1.17.1/grpc-netty-1.17.1.jar:/home/user/.m2/repository/io/grpc/grpc-core/1.17.1/grpc-core-1.17.1.jar:/home/user/.m2/repository/io/grpc/grpc-context/1.17.1/grpc-context-1.17.1.jar:/home/user/.m2/repository/com/google/errorprone/error_prone_annotations/2.2.0/error_prone_annotations-2.2.0.jar:/home/user/.m2/repository/org/codehaus/mojo/animal-sniffer-annotations/1.17/animal-sniffer-annotations-1.17.jar:/home/user/.m2/repository/io/opencensus/opencensus-api/0.17.0/opencensus-api-0.17.0.jar:/home/user/.m2/repository/io/opencensus/opencensus-contrib-grpc-metrics/0.17.0/opencensus-contrib-grpc-metrics-0.17.0.jar:/home/user/.m2/repository/io/netty/netty-codec-http2/4.1.30.Final/netty-codec-http2-4.1.30.Final.jar:/home/user/.m2/repository/io/netty/netty-codec-http/4.1.30.Final/netty-codec-http-4.1.30.Final.jar:/home/user/.m2/repository/io/netty/netty-codec/4.1.30.Final/netty-codec-4.1.30.Final.jar:/home/user/.m2/repository/io/netty/netty-handler/4.1.30.Final/netty-handler-4.1.30.Final.jar:/home/user/.m2/repository/io/netty/netty-handler-proxy/4.1.30.Final/netty-handler-proxy-4.1.30.Final.jar:/home/user/.m2/repository/io/netty/netty-codec-socks/4.1.30.Final/netty-codec-socks-4.1.30.Final.jar:/home/user/.m2/repository/io/netty/netty-transport-native-epoll/4.1.30.Final/netty-transport-native-epoll-4.1.30.Final.jar:/home/user/.m2/repository/io/netty/netty-common/4.1.30.Final/netty-common-4.1.30.Final.jar:/home/user/.m2/repository/io/netty/netty-buffer/4.1.30.Final/netty-buffer-4.1.30.Final.jar:/home/user/.m2/repository/io/netty/netty-transport/4.1.30.Final/netty-transport-4.1.30.Final.jar:/home/user/.m2/repository/io/netty/netty-resolver/4.1.30.Final/netty-resolver-4.1.30.Final.jar:/home/user/.m2/repository/io/netty/netty-transport-native-unix-common/4.1.30.Final/netty-transport-native-unix-common-4.1.30.Final.jar:/home/user/.m2/repository/io/grpc/grpc-protobuf/1.17.1/grpc-protobuf-1.17.1.jar:/home/user/.m2/repository/com/google/api/grpc/proto-google-common-protos/1.0.0/proto-google-common-protos-1.0.0.jar:/home/user/.m2/repository/io/grpc/grpc-protobuf-lite/1.17.1/grpc-protobuf-lite-1.17.1.jar:/home/user/.m2/repository/io/grpc/grpc-stub/1.17.1/grpc-stub-1.17.1.jar:/home/user/.m2/repository/org/apache/hadoop/hadoop-ozone-recon/0.5.0-SNAPSHOT/hadoop-ozone-recon-0.5.0-SNAPSHOT.jar:/home/user/.m2/repository/org/apache/hadoop/hadoop-ozone-reconcodegen/0.5.0-SNAPSHOT/hadoop-ozone-reconcodegen-0.5.0-SNAPSHOT.jar:/home/user/.m2/repository/com/google/inject/extensions/guice-multibindings/4.0/guice-multibindings-4.0.jar:/home/user/.m2/repository/com/google/inject/guice/4.0/guice-4.0.jar:/home/user/.m2/repository/aopalliance/aopalliance/1.0/aopalliance-1.0.jar:/home/user/.m2/repository/com/google/inject/extensions/guice-servlet/4.0/guice-servlet-4.0.jar:/home/user/.m2/repository/org/glassfish/jersey/containers/jersey-container-servlet/2.27/jersey-container-servlet-2.27.jar:/home/user/.m2/repository/org/glassfish/hk2/guice-bridge/2.5.0/guice-bridge-2.5.0.jar:/home/user/.m2/repository/org/glassfish/jersey/core/jersey-server/2.27/jersey-server-2.27.jar:/home/user/.m2/repository/org/glassfish/jersey/core/jersey-client/2.27/jersey-client-2.27.jar:/home/user/.m2/repository/org/glassfish/jersey/media/jersey-media-jaxb/2.27/jersey-media-jaxb-2.27.jar:/home/user/.m2/repository/javax/validation/validation-api/1.1.0.Final/validation-api-1.1.0.Final.jar:/home/user/.m2/repository/org/glassfish/jersey/media/jersey-media-json-jackson/2.27/jersey-media-json-jackson-2.27.jar:/home/user/.m2/repository/org/glassfish/jersey/ext/jersey-entity-filtering/2.27/jersey-entity-filtering-2.27.jar:/home/user/.m2/repository/com/google/inject/extensions/guice-assistedinject/4.0/guice-assistedinject-4.0.jar:/home/user/.m2/repository/org/jooq/jooq/3.11.10/jooq-3.11.10.jar:/home/user/.m2/repository/org/jooq/jooq-meta/3.11.10/jooq-meta-3.11.10.jar:/home/user/.m2/repository/org/jooq/jooq-codegen/3.11.10/jooq-codegen-3.11.10.jar:/home/user/.m2/repository/com/jolbox/bonecp/0.8.0.RELEASE/bonecp-0.8.0.RELEASE.jar:/home/user/.m2/repository/org/xerial/sqlite-jdbc/3.25.2/sqlite-jdbc-3.25.2.jar:/home/user/.m2/repository/org/springframework/spring-jdbc/5.1.3.RELEASE/spring-jdbc-5.1.3.RELEASE.jar:/home/user/.m2/repository/org/springframework/spring-beans/5.1.3.RELEASE/spring-beans-5.1.3.RELEASE.jar:/home/user/.m2/repository/org/springframework/spring-core/5.1.3.RELEASE/spring-core-5.1.3.RELEASE.jar:/home/user/.m2/repository/org/springframework/spring-jcl/5.1.3.RELEASE/spring-jcl-5.1.3.RELEASE.jar:/home/user/.m2/repository/org/springframework/spring-tx/5.1.3.RELEASE/spring-tx-5.1.3.RELEASE.jar:/home/user/.m2/repository/org/apache/hadoop/hadoop-ozone-client/0.5.0-SNAPSHOT/hadoop-ozone-client-0.5.0-SNAPSHOT.jar:/home/user/.m2/repository/commons-lang/commons-lang/2.6/commons-lang-2.6.jar:/home/user/.m2/repository/org/apache/hadoop/hadoop-ozone-ozone-manager/0.5.0-SNAPSHOT/hadoop-ozone-ozone-manager-0.5.0-SNAPSHOT-tests.jar:/home/user/.m2/repository/junit/junit/4.11/junit-4.11.jar:/home/user/.m2/repository/org/hamcrest/hamcrest-core/1.3/hamcrest-core-1.3.jar:/home/user/.m2/repository/org/openjdk/jmh/jmh-core/1.19/jmh-core-1.19.jar:/home/user/.m2/repository/net/sf/jopt-simple/jopt-simple/4.6/jopt-simple-4.6.jar:/home/user/.m2/repository/org/apache/commons/commons-math3/3.1.1/commons-math3-3.1.1.jar:/home/user/.m2/repository/org/openjdk/jmh/jmh-generator-annprocess/1.19/jmh-generator-annprocess-1.19.jar:/home/user/.m2/repository/org/mockito/mockito-all/1.8.5/mockito-all-1.8.5.jar:/home/user/.m2/repository/org/apache/hadoop/hadoop-kms/3.2.0/hadoop-kms-3.2.0.jar:/home/user/.m2/repository/org/apache/hadoop/hadoop-auth/3.2.0/hadoop-auth-3.2.0.jar:/home/user/.m2/repository/com/nimbusds/nimbus-jose-jwt/4.41.1/nimbus-jose-jwt-4.41.1.jar:/home/user/.m2/repository/com/github/stephenc/jcip/jcip-annotations/1.0-1/jcip-annotations-1.0-1.jar:/home/user/.m2/repository/net/minidev/json-smart/2.3/json-smart-2.3.jar:/home/user/.m2/repository/net/minidev/accessors-smart/1.2/accessors-smart-1.2.jar:/home/user/.m2/repository/org/ow2/asm/asm/5.0.4/asm-5.0.4.jar:/home/user/.m2/repository/org/apache/curator/curator-framework/2.12.0/curator-framework-2.12.0.jar:/home/user/.m2/repository/com/sun/jersey/jersey-core/1.19/jersey-core-1.19.jar:/home/user/.m2/repository/javax/ws/rs/jsr311-api/1.1.1/jsr311-api-1.1.1.jar:/home/user/.m2/repository/com/sun/jersey/jersey-server/1.19/jersey-server-1.19.jar:/home/user/.m2/repository/javax/servlet/javax.servlet-api/3.1.0/javax.servlet-api-3.1.0.jar:/home/user/.m2/repository/org/eclipse/jetty/jetty-server/9.3.24.v20180605/jetty-server-9.3.24.v20180605.jar:/home/user/.m2/repository/org/eclipse/jetty/jetty-http/9.3.24.v20180605/jetty-http-9.3.24.v20180605.jar:/home/user/.m2/repository/org/eclipse/jetty/jetty-io/9.3.24.v20180605/jetty-io-9.3.24.v20180605.jar:/home/user/.m2/repository/org/eclipse/jetty/jetty-webapp/9.3.24.v20180605/jetty-webapp-9.3.24.v20180605.jar:/home/user/.m2/repository/org/eclipse/jetty/jetty-xml/9.3.24.v20180605/jetty-xml-9.3.24.v20180605.jar:/home/user/.m2/repository/log4j/log4j/1.2.17/log4j-1.2.17.jar:/home/user/.m2/repository/org/slf4j/slf4j-api/1.7.25/slf4j-api-1.7.25.jar:/home/user/.m2/repository/org/slf4j/jul-to-slf4j/1.7.25/jul-to-slf4j-1.7.25.jar:/home/user/.m2/repository/org/eclipse/jetty/jetty-util/9.3.24.v20180605/jetty-util-9.3.24.v20180605.jar:/home/user/.m2/repository/com/fasterxml/jackson/core/jackson-databind/2.9.5/jackson-databind-2.9.5.jar:/home/user/.m2/repository/org/apache/hadoop/hadoop-kms/3.2.0/hadoop-kms-3.2.0-tests.jar:/home/user/.m2/repository/org/apache/hadoop/hadoop-hdds-server-scm/0.5.0-SNAPSHOT/hadoop-hdds-server-scm-0.5.0-SNAPSHOT-tests.jar:/home/user/.m2/repository/org/apache/hadoop/hadoop-hdds-container-service/0.5.0-SNAPSHOT/hadoop-hdds-container-service-0.5.0-SNAPSHOT-tests.jar:/home/user/.m2/repository/org/yaml/snakeyaml/1.16/snakeyaml-1.16.jar:/home/user/.m2/repository/org/apache/hadoop/hadoop-common/3.2.0/hadoop-common-3.2.0-tests.jar:/home/user/.m2/repository/org/apache/hadoop/hadoop-annotations/3.2.0/hadoop-annotations-3.2.0.jar:/usr/lib/jvm/java-1.8-openjdk/jre/../lib/tools.jar:/home/user/.m2/repository/commons-cli/commons-cli/1.2/commons-cli-1.2.jar:/home/user/.m2/repository/org/apache/httpcomponents/httpclient/4.5.2/httpclient-4.5.2.jar:/home/user/.m2/repository/org/apache/httpcomponents/httpcore/4.4.4/httpcore-4.4.4.jar:/home/user/.m2/repository/commons-codec/commons-codec/1.11/commons-codec-1.11.jar:/home/user/.m2/repository/commons-net/commons-net/3.6/commons-net-3.6.jar:/home/user/.m2/repository/commons-collections/commons-collections/3.2.2/commons-collections-3.2.2.jar:/home/user/.m2/repository/org/eclipse/jetty/jetty-servlet/9.3.24.v20180605/jetty-servlet-9.3.24.v20180605.jar:/home/user/.m2/repository/org/eclipse/jetty/jetty-security/9.3.24.v20180605/jetty-security-9.3.24.v20180605.jar:/home/user/.m2/repository/javax/servlet/jsp/jsp-api/2.1/jsp-api-2.1.jar:/home/user/.m2/repository/com/sun/jersey/jersey-servlet/1.19/jersey-servlet-1.19.jar:/home/user/.m2/repository/com/sun/jersey/jersey-json/1.19/jersey-json-1.19.jar:/home/user/.m2/repository/org/codehaus/jettison/jettison/1.1/jettison-1.1.jar:/home/user/.m2/repository/org/codehaus/jackson/jackson-core-asl/1.9.13/jackson-core-asl-1.9.13.jar:/home/user/.m2/repository/org/codehaus/jackson/jackson-mapper-asl/1.9.13/jackson-mapper-asl-1.9.13.jar:/home/user/.m2/repository/org/codehaus/jackson/jackson-jaxrs/1.9.13/jackson-jaxrs-1.9.13.jar:/home/user/.m2/repository/org/codehaus/jackson/jackson-xc/1.9.13/jackson-xc-1.9.13.jar:/home/user/.m2/repository/commons-logging/commons-logging/1.1.3/commons-logging-1.1.3.jar:/home/user/.m2/repository/commons-beanutils/commons-beanutils/1.9.3/commons-beanutils-1.9.3.jar:/home/user/.m2/repository/org/apache/commons/commons-configuration2/2.1.1/commons-configuration2-2.1.1.jar:/home/user/.m2/repository/org/apache/commons/commons-lang3/3.7/commons-lang3-3.7.jar:/home/user/.m2/repository/org/apache/commons/commons-text/1.4/commons-text-1.4.jar:/home/user/.m2/repository/org/apache/avro/avro/1.7.7/avro-1.7.7.jar:/home/user/.m2/repository/com/thoughtworks/paranamer/paranamer/2.3/paranamer-2.3.jar:/home/user/.m2/repository/org/xerial/snappy/snappy-java/1.0.5/snappy-java-1.0.5.jar:/home/user/.m2/repository/com/google/re2j/re2j/1.1/re2j-1.1.jar:/home/user/.m2/repository/com/google/code/gson/gson/2.2.4/gson-2.2.4.jar:/home/user/.m2/repository/com/jcraft/jsch/0.1.54/jsch-0.1.54.jar:/home/user/.m2/repository/org/apache/curator/curator-client/2.12.0/curator-client-2.12.0.jar:/home/user/.m2/repository/org/apache/curator/curator-recipes/2.12.0/curator-recipes-2.12.0.jar:/home/user/.m2/repository/com/google/code/findbugs/jsr305/3.0.0/jsr305-3.0.0.jar:/home/user/.m2/repository/org/apache/htrace/htrace-core4/4.1.0-incubating/htrace-core4-4.1.0-incubating.jar:/home/user/.m2/repository/org/apache/zookeeper/zookeeper/3.4.13/zookeeper-3.4.13.jar:/home/user/.m2/repository/org/apache/yetus/audience-annotations/0.5.0/audience-annotations-0.5.0.jar:/home/user/.m2/repository/org/codehaus/woodstox/stax2-api/3.1.4/stax2-api-3.1.4.jar:/home/user/.m2/repository/com/fasterxml/woodstox/woodstox-core/5.0.3/woodstox-core-5.0.3.jar:/home/user/.m2/repository/dnsjava/dnsjava/2.1.7/dnsjava-2.1.7.jar:/home/user/.m2/repository/org/apache/hadoop/hadoop-hdfs/3.2.0/hadoop-hdfs-3.2.0-tests.jar:/home/user/.m2/repository/org/eclipse/jetty/jetty-util-ajax/9.3.24.v20180605/jetty-util-ajax-9.3.24.v20180605.jar:/home/user/.m2/repository/commons-daemon/commons-daemon/1.0.13/commons-daemon-1.0.13.jar:/home/user/.m2/repository/io/netty/netty/3.10.5.Final/netty-3.10.5.Final.jar:/home/user/.m2/repository/io/netty/netty-all/4.0.52.Final/netty-all-4.0.52.Final.jar:/home/user/.m2/repository/org/fusesource/leveldbjni/leveldbjni-all/1.8/leveldbjni-all-1.8.jar:"/>
    <property name="sun.cpu.endian" value="little"/>
    <property name="user.home" value="/home/user"/>
    <property name="user.language" value="en"/>
    <property name="java.specification.vendor" value="Oracle Corporation"/>
    <property name="java.home" value="/usr/lib/jvm/java-1.8-openjdk/jre"/>
    <property name="java.security.krb5.conf" value="/workdir/hadoop-ozone/integration-test/target/test-classes/krb5.conf"/>
    <property name="basedir" value="/workdir/hadoop-ozone/integration-test"/>
    <property name="file.separator" value="/"/>
    <property name="line.separator" value="&#10;"/>
    <property name="java.vm.specification.vendor" value="Oracle Corporation"/>
    <property name="java.specification.name" value="Java Platform API Specification"/>
    <property name="java.awt.graphicsenv" value="sun.awt.X11GraphicsEnvironment"/>
    <property name="surefire.real.class.path" value="/workdir/hadoop-ozone/integration-test/target/surefire/surefirebooter3972148760635606110.jar"/>
    <property name="hadoop.log.dir" value="/workdir/hadoop-ozone/integration-test/target/log"/>
    <property name="sun.boot.class.path" value="/usr/lib/jvm/java-1.8-openjdk/jre/lib/resources.jar:/usr/lib/jvm/java-1.8-openjdk/jre/lib/rt.jar:/usr/lib/jvm/java-1.8-openjdk/jre/lib/sunrsasign.jar:/usr/lib/jvm/java-1.8-openjdk/jre/lib/jsse.jar:/usr/lib/jvm/java-1.8-openjdk/jre/lib/jce.jar:/usr/lib/jvm/java-1.8-openjdk/jre/lib/charsets.jar:/usr/lib/jvm/java-1.8-openjdk/jre/lib/jfr.jar:/usr/lib/jvm/java-1.8-openjdk/jre/classes"/>
    <property name="sun.management.compiler" value="HotSpot 64-Bit Tiered Compilers"/>
    <property name="java.runtime.version" value="1.8.0_212-b04"/>
    <property name="java.net.preferIPv4Stack" value="true"/>
    <property name="user.name" value="jenkins1000"/>
    <property name="path.separator" value=":"/>
    <property name="java.security.egd" value="file:///dev/urandom"/>
    <property name="os.version" value="3.10.0-957.12.2.el7.x86_64"/>
    <property name="java.endorsed.dirs" value="/usr/lib/jvm/java-1.8-openjdk/jre/lib/endorsed"/>
    <property name="java.runtime.name" value="OpenJDK Runtime Environment"/>
    <property name="file.encoding" value="UTF-8"/>
    <property name="java.vm.name" value="OpenJDK 64-Bit Server VM"/>
    <property name="test.build.webapps" value=""/>
    <property name="localRepository" value="/home/user/.m2/repository"/>
    <property name="java.vendor.url.bug" value="https://icedtea.classpath.org/bugzilla"/>
    <property name="java.io.tmpdir" value="/tmp"/>
    <property name="require.test.libhadoop" value=""/>
    <property name="java.version" value="1.8.0_212"/>
    <property name="user.dir" value="/workdir/hadoop-ozone/integration-test"/>
    <property name="os.arch" value="amd64"/>
    <property name="java.vm.specification.name" value="Java Virtual Machine Specification"/>
    <property name="test.build.classes" value="/workdir/hadoop-ozone/integration-test/target/test-classes"/>
    <property name="java.awt.printerjob" value="sun.print.PSPrinterJob"/>
    <property name="sun.os.patch.level" value="unknown"/>
    <property name="hadoop.tmp.dir" value="/workdir/hadoop-ozone/integration-test/target/tmp"/>
    <property name="java.library.path" value="/usr/lib/jvm/java-1.8-openjdk/jre/lib/amd64/server:/usr/lib/jvm/java-1.8-openjdk/jre/lib/amd64:/usr/lib/jvm/java-1.8-openjdk/jre/../lib/amd64:/workdir/hadoop-ozone/integration-test/target/native/target/usr/local/lib:/workdir/hadoop-ozone/integration-test/../../hadoop-common-project/hadoop-common/target/native/target/usr/local/lib:/usr/java/packages/lib/amd64:/usr/lib64:/lib64:/lib:/usr/lib"/>
    <property name="java.vm.info" value="mixed mode"/>
    <property name="java.vendor" value="IcedTea"/>
    <property name="java.vm.version" value="25.212-b04"/>
    <property name="java.ext.dirs" value="/usr/lib/jvm/java-1.8-openjdk/jre/lib/ext:/usr/java/packages/lib/ext"/>
    <property name="sun.io.unicode.encoding" value="UnicodeLittle"/>
    <property name="java.class.version" value="52.0"/>
  </properties>
  <testcase name="testBlockWriteViaRatis" classname="org.apache.hadoop.ozone.client.rpc.TestCloseContainerHandlingByClient" time="14.554"/>
  <testcase name="testBlockWritesWithFlushAndClose" classname="org.apache.hadoop.ozone.client.rpc.TestCloseContainerHandlingByClient" time="192.452"/>
  <testcase name="testBlockWritesCloseConsistency" classname="org.apache.hadoop.ozone.client.rpc.TestCloseContainerHandlingByClient" time="4.472"/>
  <testcase name="testMultiBlockWrites" classname="org.apache.hadoop.ozone.client.rpc.TestCloseContainerHandlingByClient" time="196.35">
    <error message="PipelineID=56c965c9-1bab-4552-b305-086f4a8db6eb not found" type="org.apache.hadoop.hdds.scm.pipeline.PipelineNotFoundException">org.apache.hadoop.hdds.scm.pipeline.PipelineNotFoundException: PipelineID=56c965c9-1bab-4552-b305-086f4a8db6eb not found
	at org.apache.hadoop.hdds.scm.pipeline.PipelineStateMap.getPipeline(PipelineStateMap.java:132)
	at org.apache.hadoop.hdds.scm.pipeline.PipelineStateManager.getPipeline(PipelineStateManager.java:66)
	at org.apache.hadoop.hdds.scm.pipeline.SCMPipelineManager.getPipeline(SCMPipelineManager.java:187)
	at org.apache.hadoop.ozone.container.ContainerTestHelper.waitForContainerClose(ContainerTestHelper.java:833)
	at org.apache.hadoop.ozone.container.ContainerTestHelper.waitForContainerClose(ContainerTestHelper.java:741)
	at org.apache.hadoop.ozone.client.rpc.TestCloseContainerHandlingByClient.waitForContainerClose(TestCloseContainerHandlingByClient.java:342)
	at org.apache.hadoop.ozone.client.rpc.TestCloseContainerHandlingByClient.testMultiBlockWrites(TestCloseContainerHandlingByClient.java:206)
	at sun.reflect.NativeMethodAccessorImpl.invoke0(Native Method)
	at sun.reflect.NativeMethodAccessorImpl.invoke(NativeMethodAccessorImpl.java:62)
	at sun.reflect.DelegatingMethodAccessorImpl.invoke(DelegatingMethodAccessorImpl.java:43)
	at java.lang.reflect.Method.invoke(Method.java:498)
	at org.junit.runners.model.FrameworkMethod$1.runReflectiveCall(FrameworkMethod.java:47)
	at org.junit.internal.runners.model.ReflectiveCallable.run(ReflectiveCallable.java:12)
	at org.junit.runners.model.FrameworkMethod.invokeExplosively(FrameworkMethod.java:44)
	at org.junit.internal.runners.statements.InvokeMethod.evaluate(InvokeMethod.java:17)
	at org.junit.runners.ParentRunner.runLeaf(ParentRunner.java:271)
	at org.junit.runners.BlockJUnit4ClassRunner.runChild(BlockJUnit4ClassRunner.java:70)
	at org.junit.runners.BlockJUnit4ClassRunner.runChild(BlockJUnit4ClassRunner.java:50)
	at org.junit.runners.ParentRunner$3.run(ParentRunner.java:238)
	at org.junit.runners.ParentRunner$1.schedule(ParentRunner.java:63)
	at org.junit.runners.ParentRunner.runChildren(ParentRunner.java:236)
	at org.junit.runners.ParentRunner.access$000(ParentRunner.java:53)
	at org.junit.runners.ParentRunner$2.evaluate(ParentRunner.java:229)
	at org.junit.internal.runners.statements.RunBefores.evaluate(RunBefores.java:26)
	at org.junit.internal.runners.statements.RunAfters.evaluate(RunAfters.java:27)
	at org.junit.runners.ParentRunner.run(ParentRunner.java:309)
	at org.apache.maven.surefire.junit4.JUnit4Provider.execute(JUnit4Provider.java:365)
	at org.apache.maven.surefire.junit4.JUnit4Provider.executeWithRerun(JUnit4Provider.java:273)
	at org.apache.maven.surefire.junit4.JUnit4Provider.executeTestSet(JUnit4Provider.java:238)
	at org.apache.maven.surefire.junit4.JUnit4Provider.invoke(JUnit4Provider.java:159)
	at org.apache.maven.surefire.booter.ForkedBooter.invokeProviderInSameClassLoader(ForkedBooter.java:384)
	at org.apache.maven.surefire.booter.ForkedBooter.runSuitesInProcess(ForkedBooter.java:345)
	at org.apache.maven.surefire.booter.ForkedBooter.execute(ForkedBooter.java:126)
	at org.apache.maven.surefire.booter.ForkedBooter.main(ForkedBooter.java:418)
</error>
    <system-out><![CDATA[2019-09-12 04:14:47,485 [grpc-default-executor-8] INFO  client.GrpcClientProtocolClient (GrpcClientProtocolClient.java:onNext(264)) - client-B5F51BC26AA5->90957f92-0013-496b-a419-9c1212c810e8: receive RaftClientReply:client-B5F51BC26AA5->90957f92-0013-496b-a419-9c1212c810e8@group-086F4A8DB6EB, cid=54, FAILED org.apache.ratis.protocol.NotLeaderException: Server 90957f92-0013-496b-a419-9c1212c810e8@group-086F4A8DB6EB is not the leader, logIndex=0, commits[90957f92-0013-496b-a419-9c1212c810e8:c-1]
2019-09-12 04:14:47,753 [Thread-942] INFO  impl.FollowerState (FollowerState.java:run(106)) - 8466bef0-9559-4d2e-b20d-aaf3fd2b14fd:group-086F4A8DB6EB changes to CANDIDATE, lastRpcTime:5124, electionTimeout:5124ms
2019-09-12 04:14:47,754 [Thread-942] INFO  impl.RoleInfo (RoleInfo.java:shutdownFollowerState(121)) - 8466bef0-9559-4d2e-b20d-aaf3fd2b14fd: shutdown FollowerState
2019-09-12 04:14:47,754 [Thread-942] INFO  impl.RaftServerImpl (RaftServerImpl.java:setRole(174)) - 8466bef0-9559-4d2e-b20d-aaf3fd2b14fd@group-086F4A8DB6EB: changes role from  FOLLOWER to CANDIDATE at term 0 for changeToCandidate
2019-09-12 04:14:47,754 [Thread-942] INFO  impl.RoleInfo (RoleInfo.java:updateAndGet(143)) - 8466bef0-9559-4d2e-b20d-aaf3fd2b14fd: start LeaderElection
2019-09-12 04:14:47,776 [Thread-941] INFO  impl.FollowerState (FollowerState.java:run(106)) - 897fdfd8-a3cb-4c9b-9ef8-a626c4e76414:group-086F4A8DB6EB changes to CANDIDATE, lastRpcTime:5148, electionTimeout:5148ms
2019-09-12 04:14:47,776 [Thread-941] INFO  impl.RoleInfo (RoleInfo.java:shutdownFollowerState(121)) - 897fdfd8-a3cb-4c9b-9ef8-a626c4e76414: shutdown FollowerState
2019-09-12 04:14:47,777 [Thread-941] INFO  impl.RaftServerImpl (RaftServerImpl.java:setRole(174)) - 897fdfd8-a3cb-4c9b-9ef8-a626c4e76414@group-086F4A8DB6EB: changes role from  FOLLOWER to CANDIDATE at term 0 for changeToCandidate
2019-09-12 04:14:47,777 [Thread-941] INFO  impl.RoleInfo (RoleInfo.java:updateAndGet(143)) - 897fdfd8-a3cb-4c9b-9ef8-a626c4e76414: start LeaderElection
2019-09-12 04:14:47,818 [Thread-939] INFO  impl.FollowerState (FollowerState.java:run(106)) - 90957f92-0013-496b-a419-9c1212c810e8:group-086F4A8DB6EB changes to CANDIDATE, lastRpcTime:5193, electionTimeout:5193ms
2019-09-12 04:14:47,819 [Thread-939] INFO  impl.RoleInfo (RoleInfo.java:shutdownFollowerState(121)) - 90957f92-0013-496b-a419-9c1212c810e8: shutdown FollowerState
2019-09-12 04:14:47,819 [Thread-939] INFO  impl.RaftServerImpl (RaftServerImpl.java:setRole(174)) - 90957f92-0013-496b-a419-9c1212c810e8@group-086F4A8DB6EB: changes role from  FOLLOWER to CANDIDATE at term 0 for changeToCandidate
2019-09-12 04:14:47,819 [Thread-939] INFO  impl.RoleInfo (RoleInfo.java:updateAndGet(143)) - 90957f92-0013-496b-a419-9c1212c810e8: start LeaderElection
2019-09-12 04:14:47,831 [8466bef0-9559-4d2e-b20d-aaf3fd2b14fd@group-086F4A8DB6EB:LeaderElection16] INFO  impl.LeaderElection (LeaderElection.java:askForVotes(182)) - 8466bef0-9559-4d2e-b20d-aaf3fd2b14fd@group-086F4A8DB6EB:LeaderElection16: begin an election at term 1 for -1: [897fdfd8-a3cb-4c9b-9ef8-a626c4e76414:192.168.34.8:43067, 90957f92-0013-496b-a419-9c1212c810e8:192.168.34.8:33479, 8466bef0-9559-4d2e-b20d-aaf3fd2b14fd:192.168.34.8:32905], old=null
2019-09-12 04:14:47,842 [897fdfd8-a3cb-4c9b-9ef8-a626c4e76414@group-086F4A8DB6EB:LeaderElection17] INFO  impl.LeaderElection (LeaderElection.java:askForVotes(182)) - 897fdfd8-a3cb-4c9b-9ef8-a626c4e76414@group-086F4A8DB6EB:LeaderElection17: begin an election at term 1 for -1: [897fdfd8-a3cb-4c9b-9ef8-a626c4e76414:192.168.34.8:43067, 90957f92-0013-496b-a419-9c1212c810e8:192.168.34.8:33479, 8466bef0-9559-4d2e-b20d-aaf3fd2b14fd:192.168.34.8:32905], old=null
2019-09-12 04:14:47,880 [90957f92-0013-496b-a419-9c1212c810e8@group-086F4A8DB6EB:LeaderElection18] INFO  impl.LeaderElection (LeaderElection.java:askForVotes(182)) - 90957f92-0013-496b-a419-9c1212c810e8@group-086F4A8DB6EB:LeaderElection18: begin an election at term 1 for -1: [897fdfd8-a3cb-4c9b-9ef8-a626c4e76414:192.168.34.8:43067, 90957f92-0013-496b-a419-9c1212c810e8:192.168.34.8:33479, 8466bef0-9559-4d2e-b20d-aaf3fd2b14fd:192.168.34.8:32905], old=null
2019-09-12 04:14:47,881 [897fdfd8-a3cb-4c9b-9ef8-a626c4e76414@group-086F4A8DB6EB:LeaderElection17] INFO  impl.LeaderElection (LeaderElection.java:logAndReturn(56)) - 897fdfd8-a3cb-4c9b-9ef8-a626c4e76414@group-086F4A8DB6EB:LeaderElection17: Election REJECTED; received 2 response(s) [897fdfd8-a3cb-4c9b-9ef8-a626c4e76414<-8466bef0-9559-4d2e-b20d-aaf3fd2b14fd#0:FAIL-t1, 897fdfd8-a3cb-4c9b-9ef8-a626c4e76414<-90957f92-0013-496b-a419-9c1212c810e8#0:FAIL-t1] and 0 exception(s); 897fdfd8-a3cb-4c9b-9ef8-a626c4e76414@group-086F4A8DB6EB:t1, leader=null, voted=897fdfd8-a3cb-4c9b-9ef8-a626c4e76414, raftlog=897fdfd8-a3cb-4c9b-9ef8-a626c4e76414@group-086F4A8DB6EB-SegmentedRaftLog:OPENED:c-1,f-1,i0, conf=-1: [897fdfd8-a3cb-4c9b-9ef8-a626c4e76414:192.168.34.8:43067, 90957f92-0013-496b-a419-9c1212c810e8:192.168.34.8:33479, 8466bef0-9559-4d2e-b20d-aaf3fd2b14fd:192.168.34.8:32905], old=null
2019-09-12 04:14:47,881 [8466bef0-9559-4d2e-b20d-aaf3fd2b14fd@group-086F4A8DB6EB:LeaderElection16] INFO  impl.LeaderElection (LeaderElection.java:logAndReturn(56)) - 8466bef0-9559-4d2e-b20d-aaf3fd2b14fd@group-086F4A8DB6EB:LeaderElection16: Election REJECTED; received 2 response(s) [8466bef0-9559-4d2e-b20d-aaf3fd2b14fd<-897fdfd8-a3cb-4c9b-9ef8-a626c4e76414#0:FAIL-t1, 8466bef0-9559-4d2e-b20d-aaf3fd2b14fd<-90957f92-0013-496b-a419-9c1212c810e8#0:FAIL-t1] and 0 exception(s); 8466bef0-9559-4d2e-b20d-aaf3fd2b14fd@group-086F4A8DB6EB:t1, leader=null, voted=8466bef0-9559-4d2e-b20d-aaf3fd2b14fd, raftlog=8466bef0-9559-4d2e-b20d-aaf3fd2b14fd@group-086F4A8DB6EB-SegmentedRaftLog:OPENED:c-1,f-1,i0, conf=-1: [897fdfd8-a3cb-4c9b-9ef8-a626c4e76414:192.168.34.8:43067, 90957f92-0013-496b-a419-9c1212c810e8:192.168.34.8:33479, 8466bef0-9559-4d2e-b20d-aaf3fd2b14fd:192.168.34.8:32905], old=null
2019-09-12 04:14:47,881 [897fdfd8-a3cb-4c9b-9ef8-a626c4e76414@group-086F4A8DB6EB:LeaderElection17] INFO  impl.RaftServerImpl (RaftServerImpl.java:setRole(174)) - 897fdfd8-a3cb-4c9b-9ef8-a626c4e76414@group-086F4A8DB6EB: changes role from CANDIDATE to FOLLOWER at term 1 for DISCOVERED_A_NEW_TERM
2019-09-12 04:14:47,881 [8466bef0-9559-4d2e-b20d-aaf3fd2b14fd@group-086F4A8DB6EB:LeaderElection16] INFO  impl.RaftServerImpl (RaftServerImpl.java:setRole(174)) - 8466bef0-9559-4d2e-b20d-aaf3fd2b14fd@group-086F4A8DB6EB: changes role from CANDIDATE to FOLLOWER at term 1 for DISCOVERED_A_NEW_TERM
2019-09-12 04:14:47,882 [897fdfd8-a3cb-4c9b-9ef8-a626c4e76414@group-086F4A8DB6EB:LeaderElection17] INFO  impl.RoleInfo (RoleInfo.java:shutdownLeaderElection(134)) - 897fdfd8-a3cb-4c9b-9ef8-a626c4e76414: shutdown LeaderElection
2019-09-12 04:14:47,882 [8466bef0-9559-4d2e-b20d-aaf3fd2b14fd@group-086F4A8DB6EB:LeaderElection16] INFO  impl.RoleInfo (RoleInfo.java:shutdownLeaderElection(134)) - 8466bef0-9559-4d2e-b20d-aaf3fd2b14fd: shutdown LeaderElection
2019-09-12 04:14:47,882 [897fdfd8-a3cb-4c9b-9ef8-a626c4e76414@group-086F4A8DB6EB:LeaderElection17] INFO  impl.RoleInfo (RoleInfo.java:updateAndGet(143)) - 897fdfd8-a3cb-4c9b-9ef8-a626c4e76414: start FollowerState
2019-09-12 04:14:47,882 [8466bef0-9559-4d2e-b20d-aaf3fd2b14fd@group-086F4A8DB6EB:LeaderElection16] INFO  impl.RoleInfo (RoleInfo.java:updateAndGet(143)) - 8466bef0-9559-4d2e-b20d-aaf3fd2b14fd: start FollowerState
2019-09-12 04:14:47,886 [90957f92-0013-496b-a419-9c1212c810e8@group-086F4A8DB6EB:LeaderElection18] INFO  impl.LeaderElection (LeaderElection.java:logAndReturn(56)) - 90957f92-0013-496b-a419-9c1212c810e8@group-086F4A8DB6EB:LeaderElection18: Election REJECTED; received 2 response(s) [90957f92-0013-496b-a419-9c1212c810e8<-897fdfd8-a3cb-4c9b-9ef8-a626c4e76414#0:FAIL-t1, 90957f92-0013-496b-a419-9c1212c810e8<-8466bef0-9559-4d2e-b20d-aaf3fd2b14fd#0:FAIL-t1] and 0 exception(s); 90957f92-0013-496b-a419-9c1212c810e8@group-086F4A8DB6EB:t1, leader=null, voted=90957f92-0013-496b-a419-9c1212c810e8, raftlog=90957f92-0013-496b-a419-9c1212c810e8@group-086F4A8DB6EB-SegmentedRaftLog:OPENED:c-1,f-1,i0, conf=-1: [897fdfd8-a3cb-4c9b-9ef8-a626c4e76414:192.168.34.8:43067, 90957f92-0013-496b-a419-9c1212c810e8:192.168.34.8:33479, 8466bef0-9559-4d2e-b20d-aaf3fd2b14fd:192.168.34.8:32905], old=null
2019-09-12 04:14:47,886 [90957f92-0013-496b-a419-9c1212c810e8@group-086F4A8DB6EB:LeaderElection18] INFO  impl.RaftServerImpl (RaftServerImpl.java:setRole(174)) - 90957f92-0013-496b-a419-9c1212c810e8@group-086F4A8DB6EB: changes role from CANDIDATE to FOLLOWER at term 1 for DISCOVERED_A_NEW_TERM
2019-09-12 04:14:47,886 [90957f92-0013-496b-a419-9c1212c810e8@group-086F4A8DB6EB:LeaderElection18] INFO  impl.RoleInfo (RoleInfo.java:shutdownLeaderElection(134)) - 90957f92-0013-496b-a419-9c1212c810e8: shutdown LeaderElection
2019-09-12 04:14:47,886 [90957f92-0013-496b-a419-9c1212c810e8@group-086F4A8DB6EB:LeaderElection18] INFO  impl.RoleInfo (RoleInfo.java:updateAndGet(143)) - 90957f92-0013-496b-a419-9c1212c810e8: start FollowerState
2019-09-12 04:14:48,513 [grpc-default-executor-6] INFO  client.GrpcClientProtocolClient (GrpcClientProtocolClient.java:onNext(264)) - client-B5F51BC26AA5->8466bef0-9559-4d2e-b20d-aaf3fd2b14fd: receive RaftClientReply:client-B5F51BC26AA5->8466bef0-9559-4d2e-b20d-aaf3fd2b14fd@group-086F4A8DB6EB, cid=54, FAILED org.apache.ratis.protocol.NotLeaderException: Server 8466bef0-9559-4d2e-b20d-aaf3fd2b14fd@group-086F4A8DB6EB is not the leader, logIndex=0, commits[8466bef0-9559-4d2e-b20d-aaf3fd2b14fd:c-1]
2019-09-12 04:14:48,955 [grpc-default-executor-5] INFO  impl.RaftServerProxy (RaftServerProxy.java:remove(95)) - 90957f92-0013-496b-a419-9c1212c810e8: remove group-A84590474ECC:null
2019-09-12 04:14:48,963 [RatisPipelineUtilsThread] WARN  pipeline.RatisPipelineUtils (RatisPipelineUtils.java:destroyPipeline(66)) - Pipeline destroy failed for pipeline=PipelineID=71613155-3c20-4db9-a883-a84590474ecc dn=90957f92-0013-496b-a419-9c1212c810e8{ip: 192.168.34.8, host: pr-hdds-1879-pbs75-1821932185, networkLocation: /default-rack, certSerialId: null}
2019-09-12 04:14:48,966 [grpc-default-executor-5] INFO  impl.RaftServerProxy (RaftServerProxy.java:remove(95)) - 8466bef0-9559-4d2e-b20d-aaf3fd2b14fd: remove group-A84590474ECC:null
2019-09-12 04:14:48,972 [RatisPipelineUtilsThread] WARN  pipeline.RatisPipelineUtils (RatisPipelineUtils.java:destroyPipeline(66)) - Pipeline destroy failed for pipeline=PipelineID=71613155-3c20-4db9-a883-a84590474ecc dn=8466bef0-9559-4d2e-b20d-aaf3fd2b14fd{ip: 192.168.34.8, host: pr-hdds-1879-pbs75-1821932185, networkLocation: /default-rack, certSerialId: null}
2019-09-12 04:14:48,976 [grpc-default-executor-5] INFO  impl.RaftServerProxy (RaftServerProxy.java:remove(95)) - 897fdfd8-a3cb-4c9b-9ef8-a626c4e76414: remove group-A84590474ECC:null
2019-09-12 04:14:48,981 [RatisPipelineUtilsThread] WARN  pipeline.RatisPipelineUtils (RatisPipelineUtils.java:destroyPipeline(66)) - Pipeline destroy failed for pipeline=PipelineID=71613155-3c20-4db9-a883-a84590474ecc dn=897fdfd8-a3cb-4c9b-9ef8-a626c4e76414{ip: 192.168.34.8, host: pr-hdds-1879-pbs75-1821932185, networkLocation: /default-rack, certSerialId: null}
2019-09-12 04:14:48,982 [RatisPipelineUtilsThread] ERROR pipeline.SCMPipelineManager (Scheduler.java:lambda$schedule$1(70)) - Destroy pipeline failed for pipeline:Pipeline[ Id: 71613155-3c20-4db9-a883-a84590474ecc, Nodes: 90957f92-0013-496b-a419-9c1212c810e8{ip: 192.168.34.8, host: pr-hdds-1879-pbs75-1821932185, networkLocation: /default-rack, certSerialId: null}8466bef0-9559-4d2e-b20d-aaf3fd2b14fd{ip: 192.168.34.8, host: pr-hdds-1879-pbs75-1821932185, networkLocation: /default-rack, certSerialId: null}897fdfd8-a3cb-4c9b-9ef8-a626c4e76414{ip: 192.168.34.8, host: pr-hdds-1879-pbs75-1821932185, networkLocation: /default-rack, certSerialId: null}, Type:RATIS, Factor:THREE, State:CLOSED]
org.apache.hadoop.hdds.scm.pipeline.PipelineNotFoundException: PipelineID=71613155-3c20-4db9-a883-a84590474ecc not found
	at org.apache.hadoop.hdds.scm.pipeline.PipelineStateMap.getPipeline(PipelineStateMap.java:132)
	at org.apache.hadoop.hdds.scm.pipeline.PipelineStateMap.removePipeline(PipelineStateMap.java:322)
	at org.apache.hadoop.hdds.scm.pipeline.PipelineStateManager.removePipeline(PipelineStateManager.java:107)
	at org.apache.hadoop.hdds.scm.pipeline.SCMPipelineManager.removePipeline(SCMPipelineManager.java:423)
	at org.apache.hadoop.hdds.scm.pipeline.SCMPipelineManager.destroyPipeline(SCMPipelineManager.java:409)
	at org.apache.hadoop.hdds.scm.pipeline.SCMPipelineManager.lambda$finalizeAndDestroyPipeline$0(SCMPipelineManager.java:318)
	at org.apache.hadoop.utils.Scheduler.lambda$schedule$1(Scheduler.java:68)
	at java.util.concurrent.Executors$RunnableAdapter.call(Executors.java:511)
	at java.util.concurrent.FutureTask.run(FutureTask.java:266)
	at java.util.concurrent.ScheduledThreadPoolExecutor$ScheduledFutureTask.access$201(ScheduledThreadPoolExecutor.java:180)
	at java.util.concurrent.ScheduledThreadPoolExecutor$ScheduledFutureTask.run(ScheduledThreadPoolExecutor.java:293)
	at java.util.concurrent.ThreadPoolExecutor.runWorker(ThreadPoolExecutor.java:1149)
	at java.util.concurrent.ThreadPoolExecutor$Worker.run(ThreadPoolExecutor.java:624)
	at java.lang.Thread.run(Thread.java:748)
2019-09-12 04:14:49,528 [grpc-default-executor-6] INFO  client.GrpcClientProtocolClient (GrpcClientProtocolClient.java:onNext(264)) - client-B5F51BC26AA5->90957f92-0013-496b-a419-9c1212c810e8: receive RaftClientReply:client-B5F51BC26AA5->90957f92-0013-496b-a419-9c1212c810e8@group-086F4A8DB6EB, cid=54, FAILED org.apache.ratis.protocol.NotLeaderException: Server 90957f92-0013-496b-a419-9c1212c810e8@group-086F4A8DB6EB is not the leader, logIndex=0, commits[90957f92-0013-496b-a419-9c1212c810e8:c-1]
2019-09-12 04:14:50,556 [grpc-default-executor-6] INFO  client.GrpcClientProtocolClient (GrpcClientProtocolClient.java:onNext(264)) - client-B5F51BC26AA5->8466bef0-9559-4d2e-b20d-aaf3fd2b14fd: receive RaftClientReply:client-B5F51BC26AA5->8466bef0-9559-4d2e-b20d-aaf3fd2b14fd@group-086F4A8DB6EB, cid=54, FAILED org.apache.ratis.protocol.NotLeaderException: Server 8466bef0-9559-4d2e-b20d-aaf3fd2b14fd@group-086F4A8DB6EB is not the leader, logIndex=0, commits[8466bef0-9559-4d2e-b20d-aaf3fd2b14fd:c-1]
2019-09-12 04:14:50,954 [grpc-default-executor-5] INFO  impl.RaftServerProxy (RaftServerProxy.java:remove(95)) - 90957f92-0013-496b-a419-9c1212c810e8: remove group-A84590474ECC:null
2019-09-12 04:14:50,962 [RatisPipelineUtilsThread] WARN  pipeline.RatisPipelineUtils (RatisPipelineUtils.java:destroyPipeline(66)) - Pipeline destroy failed for pipeline=PipelineID=71613155-3c20-4db9-a883-a84590474ecc dn=90957f92-0013-496b-a419-9c1212c810e8{ip: 192.168.34.8, host: pr-hdds-1879-pbs75-1821932185, networkLocation: /default-rack, certSerialId: null}
2019-09-12 04:14:50,967 [grpc-default-executor-5] INFO  impl.RaftServerProxy (RaftServerProxy.java:remove(95)) - 8466bef0-9559-4d2e-b20d-aaf3fd2b14fd: remove group-A84590474ECC:null
2019-09-12 04:14:50,975 [RatisPipelineUtilsThread] WARN  pipeline.RatisPipelineUtils (RatisPipelineUtils.java:destroyPipeline(66)) - Pipeline destroy failed for pipeline=PipelineID=71613155-3c20-4db9-a883-a84590474ecc dn=8466bef0-9559-4d2e-b20d-aaf3fd2b14fd{ip: 192.168.34.8, host: pr-hdds-1879-pbs75-1821932185, networkLocation: /default-rack, certSerialId: null}
2019-09-12 04:14:50,980 [grpc-default-executor-5] INFO  impl.RaftServerProxy (RaftServerProxy.java:remove(95)) - 897fdfd8-a3cb-4c9b-9ef8-a626c4e76414: remove group-A84590474ECC:null
2019-09-12 04:14:50,987 [RatisPipelineUtilsThread] WARN  pipeline.RatisPipelineUtils (RatisPipelineUtils.java:destroyPipeline(66)) - Pipeline destroy failed for pipeline=PipelineID=71613155-3c20-4db9-a883-a84590474ecc dn=897fdfd8-a3cb-4c9b-9ef8-a626c4e76414{ip: 192.168.34.8, host: pr-hdds-1879-pbs75-1821932185, networkLocation: /default-rack, certSerialId: null}
2019-09-12 04:14:50,988 [RatisPipelineUtilsThread] ERROR pipeline.SCMPipelineManager (Scheduler.java:lambda$schedule$1(70)) - Destroy pipeline failed for pipeline:Pipeline[ Id: 71613155-3c20-4db9-a883-a84590474ecc, Nodes: 90957f92-0013-496b-a419-9c1212c810e8{ip: 192.168.34.8, host: pr-hdds-1879-pbs75-1821932185, networkLocation: /default-rack, certSerialId: null}8466bef0-9559-4d2e-b20d-aaf3fd2b14fd{ip: 192.168.34.8, host: pr-hdds-1879-pbs75-1821932185, networkLocation: /default-rack, certSerialId: null}897fdfd8-a3cb-4c9b-9ef8-a626c4e76414{ip: 192.168.34.8, host: pr-hdds-1879-pbs75-1821932185, networkLocation: /default-rack, certSerialId: null}, Type:RATIS, Factor:THREE, State:CLOSED]
org.apache.hadoop.hdds.scm.pipeline.PipelineNotFoundException: PipelineID=71613155-3c20-4db9-a883-a84590474ecc not found
	at org.apache.hadoop.hdds.scm.pipeline.PipelineStateMap.getPipeline(PipelineStateMap.java:132)
	at org.apache.hadoop.hdds.scm.pipeline.PipelineStateMap.removePipeline(PipelineStateMap.java:322)
	at org.apache.hadoop.hdds.scm.pipeline.PipelineStateManager.removePipeline(PipelineStateManager.java:107)
	at org.apache.hadoop.hdds.scm.pipeline.SCMPipelineManager.removePipeline(SCMPipelineManager.java:423)
	at org.apache.hadoop.hdds.scm.pipeline.SCMPipelineManager.destroyPipeline(SCMPipelineManager.java:409)
	at org.apache.hadoop.hdds.scm.pipeline.SCMPipelineManager.lambda$finalizeAndDestroyPipeline$0(SCMPipelineManager.java:318)
	at org.apache.hadoop.utils.Scheduler.lambda$schedule$1(Scheduler.java:68)
	at java.util.concurrent.Executors$RunnableAdapter.call(Executors.java:511)
	at java.util.concurrent.FutureTask.run(FutureTask.java:266)
	at java.util.concurrent.ScheduledThreadPoolExecutor$ScheduledFutureTask.access$201(ScheduledThreadPoolExecutor.java:180)
	at java.util.concurrent.ScheduledThreadPoolExecutor$ScheduledFutureTask.run(ScheduledThreadPoolExecutor.java:293)
	at java.util.concurrent.ThreadPoolExecutor.runWorker(ThreadPoolExecutor.java:1149)
	at java.util.concurrent.ThreadPoolExecutor$Worker.run(ThreadPoolExecutor.java:624)
	at java.lang.Thread.run(Thread.java:748)
2019-09-12 04:14:51,583 [grpc-default-executor-5] INFO  client.GrpcClientProtocolClient (GrpcClientProtocolClient.java:onNext(264)) - client-B5F51BC26AA5->897fdfd8-a3cb-4c9b-9ef8-a626c4e76414: receive RaftClientReply:client-B5F51BC26AA5->897fdfd8-a3cb-4c9b-9ef8-a626c4e76414@group-086F4A8DB6EB, cid=54, FAILED org.apache.ratis.protocol.NotLeaderException: Server 897fdfd8-a3cb-4c9b-9ef8-a626c4e76414@group-086F4A8DB6EB is not the leader, logIndex=0, commits[897fdfd8-a3cb-4c9b-9ef8-a626c4e76414:c-1]
2019-09-12 04:14:52,612 [grpc-default-executor-8] INFO  client.GrpcClientProtocolClient (GrpcClientProtocolClient.java:onNext(264)) - client-B5F51BC26AA5->90957f92-0013-496b-a419-9c1212c810e8: receive RaftClientReply:client-B5F51BC26AA5->90957f92-0013-496b-a419-9c1212c810e8@group-086F4A8DB6EB, cid=54, FAILED org.apache.ratis.protocol.NotLeaderException: Server 90957f92-0013-496b-a419-9c1212c810e8@group-086F4A8DB6EB is not the leader, logIndex=0, commits[90957f92-0013-496b-a419-9c1212c810e8:c-1]
2019-09-12 04:14:52,918 [Thread-997] INFO  impl.FollowerState (FollowerState.java:run(106)) - 8466bef0-9559-4d2e-b20d-aaf3fd2b14fd:group-086F4A8DB6EB changes to CANDIDATE, lastRpcTime:5035, electionTimeout:5035ms
2019-09-12 04:14:52,918 [Thread-997] INFO  impl.RoleInfo (RoleInfo.java:shutdownFollowerState(121)) - 8466bef0-9559-4d2e-b20d-aaf3fd2b14fd: shutdown FollowerState
2019-09-12 04:14:52,919 [Thread-997] INFO  impl.RaftServerImpl (RaftServerImpl.java:setRole(174)) - 8466bef0-9559-4d2e-b20d-aaf3fd2b14fd@group-086F4A8DB6EB: changes role from  FOLLOWER to CANDIDATE at term 1 for changeToCandidate
2019-09-12 04:14:52,919 [Thread-997] INFO  impl.RoleInfo (RoleInfo.java:updateAndGet(143)) - 8466bef0-9559-4d2e-b20d-aaf3fd2b14fd: start LeaderElection
2019-09-12 04:14:52,953 [Thread-998] INFO  impl.FollowerState (FollowerState.java:run(106)) - 90957f92-0013-496b-a419-9c1212c810e8:group-086F4A8DB6EB changes to CANDIDATE, lastRpcTime:5066, electionTimeout:5066ms
2019-09-12 04:14:52,953 [Thread-998] INFO  impl.RoleInfo (RoleInfo.java:shutdownFollowerState(121)) - 90957f92-0013-496b-a419-9c1212c810e8: shutdown FollowerState
2019-09-12 04:14:52,953 [Thread-998] INFO  impl.RaftServerImpl (RaftServerImpl.java:setRole(174)) - 90957f92-0013-496b-a419-9c1212c810e8@group-086F4A8DB6EB: changes role from  FOLLOWER to CANDIDATE at term 1 for changeToCandidate
2019-09-12 04:14:52,954 [Thread-998] INFO  impl.RoleInfo (RoleInfo.java:updateAndGet(143)) - 90957f92-0013-496b-a419-9c1212c810e8: start LeaderElection
2019-09-12 04:14:53,002 [8466bef0-9559-4d2e-b20d-aaf3fd2b14fd@group-086F4A8DB6EB:LeaderElection19] INFO  impl.LeaderElection (LeaderElection.java:askForVotes(182)) - 8466bef0-9559-4d2e-b20d-aaf3fd2b14fd@group-086F4A8DB6EB:LeaderElection19: begin an election at term 2 for -1: [897fdfd8-a3cb-4c9b-9ef8-a626c4e76414:192.168.34.8:43067, 90957f92-0013-496b-a419-9c1212c810e8:192.168.34.8:33479, 8466bef0-9559-4d2e-b20d-aaf3fd2b14fd:192.168.34.8:32905], old=null
2019-09-12 04:14:53,006 [grpc-default-executor-5] INFO  impl.RaftServerImpl (RaftServerImpl.java:setRole(174)) - 897fdfd8-a3cb-4c9b-9ef8-a626c4e76414@group-086F4A8DB6EB: changes role from  FOLLOWER to FOLLOWER at term 2 for recognizeCandidate:8466bef0-9559-4d2e-b20d-aaf3fd2b14fd
2019-09-12 04:14:53,007 [grpc-default-executor-5] INFO  impl.RoleInfo (RoleInfo.java:shutdownFollowerState(121)) - 897fdfd8-a3cb-4c9b-9ef8-a626c4e76414: shutdown FollowerState
2019-09-12 04:14:53,007 [grpc-default-executor-5] INFO  impl.RoleInfo (RoleInfo.java:updateAndGet(143)) - 897fdfd8-a3cb-4c9b-9ef8-a626c4e76414: start FollowerState
2019-09-12 04:14:53,007 [Thread-996] INFO  impl.FollowerState (FollowerState.java:run(115)) - 897fdfd8-a3cb-4c9b-9ef8-a626c4e76414: FollowerState was interrupted: java.lang.InterruptedException: sleep interrupted
2019-09-12 04:14:53,021 [90957f92-0013-496b-a419-9c1212c810e8@group-086F4A8DB6EB:LeaderElection20] INFO  impl.LeaderElection (LeaderElection.java:askForVotes(182)) - 90957f92-0013-496b-a419-9c1212c810e8@group-086F4A8DB6EB:LeaderElection20: begin an election at term 2 for -1: [897fdfd8-a3cb-4c9b-9ef8-a626c4e76414:192.168.34.8:43067, 90957f92-0013-496b-a419-9c1212c810e8:192.168.34.8:33479, 8466bef0-9559-4d2e-b20d-aaf3fd2b14fd:192.168.34.8:32905], old=null
2019-09-12 04:14:53,065 [90957f92-0013-496b-a419-9c1212c810e8@group-086F4A8DB6EB:LeaderElection20] INFO  impl.LeaderElection (LeaderElection.java:logAndReturn(56)) - 90957f92-0013-496b-a419-9c1212c810e8@group-086F4A8DB6EB:LeaderElection20: Election REJECTED; received 2 response(s) [90957f92-0013-496b-a419-9c1212c810e8<-897fdfd8-a3cb-4c9b-9ef8-a626c4e76414#0:FAIL-t2, 90957f92-0013-496b-a419-9c1212c810e8<-8466bef0-9559-4d2e-b20d-aaf3fd2b14fd#0:FAIL-t2] and 0 exception(s); 90957f92-0013-496b-a419-9c1212c810e8@group-086F4A8DB6EB:t2, leader=null, voted=90957f92-0013-496b-a419-9c1212c810e8, raftlog=90957f92-0013-496b-a419-9c1212c810e8@group-086F4A8DB6EB-SegmentedRaftLog:OPENED:c-1,f-1,i0, conf=-1: [897fdfd8-a3cb-4c9b-9ef8-a626c4e76414:192.168.34.8:43067, 90957f92-0013-496b-a419-9c1212c810e8:192.168.34.8:33479, 8466bef0-9559-4d2e-b20d-aaf3fd2b14fd:192.168.34.8:32905], old=null
2019-09-12 04:14:53,065 [8466bef0-9559-4d2e-b20d-aaf3fd2b14fd@group-086F4A8DB6EB:LeaderElection19] INFO  impl.LeaderElection (LeaderElection.java:logAndReturn(56)) - 8466bef0-9559-4d2e-b20d-aaf3fd2b14fd@group-086F4A8DB6EB:LeaderElection19: Election PASSED; received 2 response(s) [8466bef0-9559-4d2e-b20d-aaf3fd2b14fd<-897fdfd8-a3cb-4c9b-9ef8-a626c4e76414#0:OK-t2, 8466bef0-9559-4d2e-b20d-aaf3fd2b14fd<-90957f92-0013-496b-a419-9c1212c810e8#0:FAIL-t2] and 0 exception(s); 8466bef0-9559-4d2e-b20d-aaf3fd2b14fd@group-086F4A8DB6EB:t2, leader=null, voted=8466bef0-9559-4d2e-b20d-aaf3fd2b14fd, raftlog=8466bef0-9559-4d2e-b20d-aaf3fd2b14fd@group-086F4A8DB6EB-SegmentedRaftLog:OPENED:c-1,f-1,i0, conf=-1: [897fdfd8-a3cb-4c9b-9ef8-a626c4e76414:192.168.34.8:43067, 90957f92-0013-496b-a419-9c1212c810e8:192.168.34.8:33479, 8466bef0-9559-4d2e-b20d-aaf3fd2b14fd:192.168.34.8:32905], old=null
2019-09-12 04:14:53,066 [90957f92-0013-496b-a419-9c1212c810e8@group-086F4A8DB6EB:LeaderElection20] INFO  impl.RaftServerImpl (RaftServerImpl.java:setRole(174)) - 90957f92-0013-496b-a419-9c1212c810e8@group-086F4A8DB6EB: changes role from CANDIDATE to FOLLOWER at term 2 for DISCOVERED_A_NEW_TERM
2019-09-12 04:14:53,066 [8466bef0-9559-4d2e-b20d-aaf3fd2b14fd@group-086F4A8DB6EB:LeaderElection19] INFO  impl.RoleInfo (RoleInfo.java:shutdownLeaderElection(134)) - 8466bef0-9559-4d2e-b20d-aaf3fd2b14fd: shutdown LeaderElection
2019-09-12 04:14:53,066 [90957f92-0013-496b-a419-9c1212c810e8@group-086F4A8DB6EB:LeaderElection20] INFO  impl.RoleInfo (RoleInfo.java:shutdownLeaderElection(134)) - 90957f92-0013-496b-a419-9c1212c810e8: shutdown LeaderElection
2019-09-12 04:14:53,067 [8466bef0-9559-4d2e-b20d-aaf3fd2b14fd@group-086F4A8DB6EB:LeaderElection19] INFO  impl.RaftServerImpl (RaftServerImpl.java:setRole(174)) - 8466bef0-9559-4d2e-b20d-aaf3fd2b14fd@group-086F4A8DB6EB: changes role from CANDIDATE to LEADER at term 2 for changeToLeader
2019-09-12 04:14:53,067 [90957f92-0013-496b-a419-9c1212c810e8@group-086F4A8DB6EB:LeaderElection20] INFO  impl.RoleInfo (RoleInfo.java:updateAndGet(143)) - 90957f92-0013-496b-a419-9c1212c810e8: start FollowerState
2019-09-12 04:14:53,067 [8466bef0-9559-4d2e-b20d-aaf3fd2b14fd@group-086F4A8DB6EB:LeaderElection19] INFO  impl.RaftServerImpl (ServerState.java:setLeader(253)) - 8466bef0-9559-4d2e-b20d-aaf3fd2b14fd@group-086F4A8DB6EB: change Leader from null to 8466bef0-9559-4d2e-b20d-aaf3fd2b14fd at term 2 for becomeLeader, leader elected after 10454ms
2019-09-12 04:14:53,068 [8466bef0-9559-4d2e-b20d-aaf3fd2b14fd@group-086F4A8DB6EB:LeaderElection19] INFO  server.RaftServerConfigKeys (ConfUtils.java:logGet(43)) - raft.server.staging.catchup.gap = 1000 (default)
2019-09-12 04:14:53,068 [8466bef0-9559-4d2e-b20d-aaf3fd2b14fd@group-086F4A8DB6EB:LeaderElection19] INFO  server.RaftServerConfigKeys (ConfUtils.java:logGet(43)) - raft.server.rpc.sleep.time = 25ms (default)
2019-09-12 04:14:53,068 [8466bef0-9559-4d2e-b20d-aaf3fd2b14fd@group-086F4A8DB6EB:LeaderElection19] INFO  server.RaftServerConfigKeys (ConfUtils.java:logGet(43)) - raft.server.write.element-limit = 4096 (default)
2019-09-12 04:14:53,069 [8466bef0-9559-4d2e-b20d-aaf3fd2b14fd@group-086F4A8DB6EB:LeaderElection19] INFO  server.RaftServerConfigKeys (ConfUtils.java:logGet(43)) - raft.server.watch.timeout = 10s (default)
2019-09-12 04:14:53,069 [8466bef0-9559-4d2e-b20d-aaf3fd2b14fd@group-086F4A8DB6EB:LeaderElection19] INFO  server.RaftServerConfigKeys (ConfUtils.java:logGet(43)) - raft.server.watch.timeout.denomination = 1s (default)
2019-09-12 04:14:53,069 [8466bef0-9559-4d2e-b20d-aaf3fd2b14fd@group-086F4A8DB6EB:LeaderElection19] INFO  server.RaftServerConfigKeys (ConfUtils.java:logGet(43)) - raft.server.watch.element-limit = 65536 (default)
2019-09-12 04:14:53,074 [8466bef0-9559-4d2e-b20d-aaf3fd2b14fd@group-086F4A8DB6EB:LeaderElection19] INFO  server.RaftServerConfigKeys (ConfUtils.java:logGet(43)) - raft.server.log.appender.snapshot.chunk.size.max = 16MB (=16777216) (default)
2019-09-12 04:14:53,074 [8466bef0-9559-4d2e-b20d-aaf3fd2b14fd@group-086F4A8DB6EB:LeaderElection19] INFO  server.RaftServerConfigKeys (ConfUtils.java:logGet(43)) - raft.server.log.appender.buffer.byte-limit = 33554432 (custom)
2019-09-12 04:14:53,074 [8466bef0-9559-4d2e-b20d-aaf3fd2b14fd@group-086F4A8DB6EB:LeaderElection19] INFO  server.RaftServerConfigKeys (ConfUtils.java:logGet(43)) - raft.server.log.appender.buffer.element-limit = 1 (custom)
2019-09-12 04:14:53,074 [8466bef0-9559-4d2e-b20d-aaf3fd2b14fd@group-086F4A8DB6EB:LeaderElection19] INFO  grpc.GrpcConfigKeys$Server (ConfUtils.java:logGet(43)) - raft.grpc.server.leader.outstanding.appends.max = 128 (default)
2019-09-12 04:14:53,075 [8466bef0-9559-4d2e-b20d-aaf3fd2b14fd@group-086F4A8DB6EB:LeaderElection19] INFO  server.RaftServerConfigKeys (ConfUtils.java:logGet(43)) - raft.server.rpc.request.timeout = 3000ms (default)
2019-09-12 04:14:53,075 [8466bef0-9559-4d2e-b20d-aaf3fd2b14fd@group-086F4A8DB6EB:LeaderElection19] INFO  server.RaftServerConfigKeys (ConfUtils.java:logGet(43)) - raft.server.log.appender.install.snapshot.enabled = false (custom)
2019-09-12 04:14:53,075 [8466bef0-9559-4d2e-b20d-aaf3fd2b14fd@group-086F4A8DB6EB:LeaderElection19] INFO  server.RaftServerConfigKeys (ConfUtils.java:logGet(43)) - raft.server.log.appender.snapshot.chunk.size.max = 16MB (=16777216) (default)
2019-09-12 04:14:53,075 [8466bef0-9559-4d2e-b20d-aaf3fd2b14fd@group-086F4A8DB6EB:LeaderElection19] INFO  server.RaftServerConfigKeys (ConfUtils.java:logGet(43)) - raft.server.log.appender.buffer.byte-limit = 33554432 (custom)
2019-09-12 04:14:53,075 [8466bef0-9559-4d2e-b20d-aaf3fd2b14fd@group-086F4A8DB6EB:LeaderElection19] INFO  server.RaftServerConfigKeys (ConfUtils.java:logGet(43)) - raft.server.log.appender.buffer.element-limit = 1 (custom)
2019-09-12 04:14:53,075 [8466bef0-9559-4d2e-b20d-aaf3fd2b14fd@group-086F4A8DB6EB:LeaderElection19] INFO  grpc.GrpcConfigKeys$Server (ConfUtils.java:logGet(43)) - raft.grpc.server.leader.outstanding.appends.max = 128 (default)
2019-09-12 04:14:53,075 [8466bef0-9559-4d2e-b20d-aaf3fd2b14fd@group-086F4A8DB6EB:LeaderElection19] INFO  server.RaftServerConfigKeys (ConfUtils.java:logGet(43)) - raft.server.rpc.request.timeout = 3000ms (default)
2019-09-12 04:14:53,076 [8466bef0-9559-4d2e-b20d-aaf3fd2b14fd@group-086F4A8DB6EB:LeaderElection19] INFO  server.RaftServerConfigKeys (ConfUtils.java:logGet(43)) - raft.server.log.appender.install.snapshot.enabled = false (custom)
2019-09-12 04:14:53,076 [8466bef0-9559-4d2e-b20d-aaf3fd2b14fd@group-086F4A8DB6EB:LeaderElection19] INFO  impl.RoleInfo (RoleInfo.java:updateAndGet(143)) - 8466bef0-9559-4d2e-b20d-aaf3fd2b14fd: start LeaderState
2019-09-12 04:14:53,076 [8466bef0-9559-4d2e-b20d-aaf3fd2b14fd@group-086F4A8DB6EB:LeaderElection19] INFO  segmented.SegmentedRaftLogWorker (SegmentedRaftLogWorker.java:startLogSegment(380)) - 8466bef0-9559-4d2e-b20d-aaf3fd2b14fd@group-086F4A8DB6EB-SegmentedRaftLogWorker: Starting segment from index:0
2019-09-12 04:14:53,077 [8466bef0-9559-4d2e-b20d-aaf3fd2b14fd@group-086F4A8DB6EB:LeaderElection19] INFO  impl.RaftServerImpl (ServerState.java:setRaftConf(354)) - 8466bef0-9559-4d2e-b20d-aaf3fd2b14fd@group-086F4A8DB6EB: set configuration 0: [897fdfd8-a3cb-4c9b-9ef8-a626c4e76414:192.168.34.8:43067, 90957f92-0013-496b-a419-9c1212c810e8:192.168.34.8:33479, 8466bef0-9559-4d2e-b20d-aaf3fd2b14fd:192.168.34.8:32905], old=null at 0
2019-09-12 04:14:53,079 [grpc-default-executor-5] INFO  impl.RaftServerImpl (ServerState.java:setLeader(253)) - 90957f92-0013-496b-a419-9c1212c810e8@group-086F4A8DB6EB: change Leader from null to 8466bef0-9559-4d2e-b20d-aaf3fd2b14fd at term 2 for appendEntries, leader elected after 10466ms
2019-09-12 04:14:53,079 [grpc-default-executor-8] INFO  impl.RaftServerImpl (ServerState.java:setLeader(253)) - 897fdfd8-a3cb-4c9b-9ef8-a626c4e76414@group-086F4A8DB6EB: change Leader from null to 8466bef0-9559-4d2e-b20d-aaf3fd2b14fd at term 2 for appendEntries, leader elected after 10466ms
2019-09-12 04:14:53,082 [grpc-default-executor-5] INFO  impl.RaftServerImpl (ServerState.java:setRaftConf(354)) - 90957f92-0013-496b-a419-9c1212c810e8@group-086F4A8DB6EB: set configuration 0: [897fdfd8-a3cb-4c9b-9ef8-a626c4e76414:192.168.34.8:43067, 90957f92-0013-496b-a419-9c1212c810e8:192.168.34.8:33479, 8466bef0-9559-4d2e-b20d-aaf3fd2b14fd:192.168.34.8:32905], old=null at 0
2019-09-12 04:14:53,082 [grpc-default-executor-8] INFO  impl.RaftServerImpl (ServerState.java:setRaftConf(354)) - 897fdfd8-a3cb-4c9b-9ef8-a626c4e76414@group-086F4A8DB6EB: set configuration 0: [897fdfd8-a3cb-4c9b-9ef8-a626c4e76414:192.168.34.8:43067, 90957f92-0013-496b-a419-9c1212c810e8:192.168.34.8:33479, 8466bef0-9559-4d2e-b20d-aaf3fd2b14fd:192.168.34.8:32905], old=null at 0
2019-09-12 04:14:53,082 [grpc-default-executor-5] INFO  segmented.SegmentedRaftLogWorker (SegmentedRaftLogWorker.java:startLogSegment(380)) - 90957f92-0013-496b-a419-9c1212c810e8@group-086F4A8DB6EB-SegmentedRaftLogWorker: Starting segment from index:0
2019-09-12 04:14:53,083 [grpc-default-executor-8] INFO  segmented.SegmentedRaftLogWorker (SegmentedRaftLogWorker.java:startLogSegment(380)) - 897fdfd8-a3cb-4c9b-9ef8-a626c4e76414@group-086F4A8DB6EB-SegmentedRaftLogWorker: Starting segment from index:0
2019-09-12 04:14:53,152 [8466bef0-9559-4d2e-b20d-aaf3fd2b14fd@group-086F4A8DB6EB-SegmentedRaftLogWorker] INFO  segmented.SegmentedRaftLogWorker (SegmentedRaftLogWorker.java:execute(569)) - 8466bef0-9559-4d2e-b20d-aaf3fd2b14fd@group-086F4A8DB6EB-SegmentedRaftLogWorker: created new log segment /workdir/hadoop-ozone/integration-test/target/test-dir/MiniOzoneClusterImpl-60a3af6c-3451-4a8a-82ad-625647a1d2f0/datanode-5/data/ratis/56c965c9-1bab-4552-b305-086f4a8db6eb/current/log_inprogress_0
2019-09-12 04:14:53,152 [90957f92-0013-496b-a419-9c1212c810e8@group-086F4A8DB6EB-SegmentedRaftLogWorker] INFO  segmented.SegmentedRaftLogWorker (SegmentedRaftLogWorker.java:execute(569)) - 90957f92-0013-496b-a419-9c1212c810e8@group-086F4A8DB6EB-SegmentedRaftLogWorker: created new log segment /workdir/hadoop-ozone/integration-test/target/test-dir/MiniOzoneClusterImpl-60a3af6c-3451-4a8a-82ad-625647a1d2f0/datanode-0/data/ratis/56c965c9-1bab-4552-b305-086f4a8db6eb/current/log_inprogress_0
2019-09-12 04:14:53,152 [897fdfd8-a3cb-4c9b-9ef8-a626c4e76414@group-086F4A8DB6EB-SegmentedRaftLogWorker] INFO  segmented.SegmentedRaftLogWorker (SegmentedRaftLogWorker.java:execute(569)) - 897fdfd8-a3cb-4c9b-9ef8-a626c4e76414@group-086F4A8DB6EB-SegmentedRaftLogWorker: created new log segment /workdir/hadoop-ozone/integration-test/target/test-dir/MiniOzoneClusterImpl-60a3af6c-3451-4a8a-82ad-625647a1d2f0/datanode-2/data/ratis/56c965c9-1bab-4552-b305-086f4a8db6eb/current/log_inprogress_0
2019-09-12 04:14:53,954 [grpc-default-executor-5] INFO  impl.RaftServerProxy (RaftServerProxy.java:remove(95)) - 90957f92-0013-496b-a419-9c1212c810e8: remove group-A84590474ECC:null
2019-09-12 04:14:53,960 [RatisPipelineUtilsThread] WARN  pipeline.RatisPipelineUtils (RatisPipelineUtils.java:destroyPipeline(66)) - Pipeline destroy failed for pipeline=PipelineID=71613155-3c20-4db9-a883-a84590474ecc dn=90957f92-0013-496b-a419-9c1212c810e8{ip: 192.168.34.8, host: pr-hdds-1879-pbs75-1821932185, networkLocation: /default-rack, certSerialId: null}
2019-09-12 04:14:53,963 [grpc-default-executor-5] INFO  impl.RaftServerProxy (RaftServerProxy.java:remove(95)) - 8466bef0-9559-4d2e-b20d-aaf3fd2b14fd: remove group-A84590474ECC:null
2019-09-12 04:14:53,968 [RatisPipelineUtilsThread] WARN  pipeline.RatisPipelineUtils (RatisPipelineUtils.java:destroyPipeline(66)) - Pipeline destroy failed for pipeline=PipelineID=71613155-3c20-4db9-a883-a84590474ecc dn=8466bef0-9559-4d2e-b20d-aaf3fd2b14fd{ip: 192.168.34.8, host: pr-hdds-1879-pbs75-1821932185, networkLocation: /default-rack, certSerialId: null}
2019-09-12 04:14:53,970 [grpc-default-executor-5] INFO  impl.RaftServerProxy (RaftServerProxy.java:remove(95)) - 897fdfd8-a3cb-4c9b-9ef8-a626c4e76414: remove group-A84590474ECC:null
2019-09-12 04:14:53,975 [RatisPipelineUtilsThread] WARN  pipeline.RatisPipelineUtils (RatisPipelineUtils.java:destroyPipeline(66)) - Pipeline destroy failed for pipeline=PipelineID=71613155-3c20-4db9-a883-a84590474ecc dn=897fdfd8-a3cb-4c9b-9ef8-a626c4e76414{ip: 192.168.34.8, host: pr-hdds-1879-pbs75-1821932185, networkLocation: /default-rack, certSerialId: null}
2019-09-12 04:14:53,975 [RatisPipelineUtilsThread] ERROR pipeline.SCMPipelineManager (Scheduler.java:lambda$schedule$1(70)) - Destroy pipeline failed for pipeline:Pipeline[ Id: 71613155-3c20-4db9-a883-a84590474ecc, Nodes: 90957f92-0013-496b-a419-9c1212c810e8{ip: 192.168.34.8, host: pr-hdds-1879-pbs75-1821932185, networkLocation: /default-rack, certSerialId: null}8466bef0-9559-4d2e-b20d-aaf3fd2b14fd{ip: 192.168.34.8, host: pr-hdds-1879-pbs75-1821932185, networkLocation: /default-rack, certSerialId: null}897fdfd8-a3cb-4c9b-9ef8-a626c4e76414{ip: 192.168.34.8, host: pr-hdds-1879-pbs75-1821932185, networkLocation: /default-rack, certSerialId: null}, Type:RATIS, Factor:THREE, State:CLOSED]
org.apache.hadoop.hdds.scm.pipeline.PipelineNotFoundException: PipelineID=71613155-3c20-4db9-a883-a84590474ecc not found
	at org.apache.hadoop.hdds.scm.pipeline.PipelineStateMap.getPipeline(PipelineStateMap.java:132)
	at org.apache.hadoop.hdds.scm.pipeline.PipelineStateMap.removePipeline(PipelineStateMap.java:322)
	at org.apache.hadoop.hdds.scm.pipeline.PipelineStateManager.removePipeline(PipelineStateManager.java:107)
	at org.apache.hadoop.hdds.scm.pipeline.SCMPipelineManager.removePipeline(SCMPipelineManager.java:423)
	at org.apache.hadoop.hdds.scm.pipeline.SCMPipelineManager.destroyPipeline(SCMPipelineManager.java:409)
	at org.apache.hadoop.hdds.scm.pipeline.SCMPipelineManager.lambda$finalizeAndDestroyPipeline$0(SCMPipelineManager.java:318)
	at org.apache.hadoop.utils.Scheduler.lambda$schedule$1(Scheduler.java:68)
	at java.util.concurrent.Executors$RunnableAdapter.call(Executors.java:511)
	at java.util.concurrent.FutureTask.run(FutureTask.java:266)
	at java.util.concurrent.ScheduledThreadPoolExecutor$ScheduledFutureTask.access$201(ScheduledThreadPoolExecutor.java:180)
	at java.util.concurrent.ScheduledThreadPoolExecutor$ScheduledFutureTask.run(ScheduledThreadPoolExecutor.java:293)
	at java.util.concurrent.ThreadPoolExecutor.runWorker(ThreadPoolExecutor.java:1149)
	at java.util.concurrent.ThreadPoolExecutor$Worker.run(ThreadPoolExecutor.java:624)
	at java.lang.Thread.run(Thread.java:748)
2019-09-12 04:14:54,220 [grpc-default-executor-5] INFO  client.GrpcClientProtocolClient (GrpcClientProtocolClient.java:onNext(264)) - client-B5F51BC26AA5->8466bef0-9559-4d2e-b20d-aaf3fd2b14fd: receive RaftClientReply:client-B5F51BC26AA5->8466bef0-9559-4d2e-b20d-aaf3fd2b14fd@group-086F4A8DB6EB, cid=54, SUCCESS, logIndex=1, commits[8466bef0-9559-4d2e-b20d-aaf3fd2b14fd:c2, 897fdfd8-a3cb-4c9b-9ef8-a626c4e76414:c0, 90957f92-0013-496b-a419-9c1212c810e8:c0]
2019-09-12 04:14:54,495 [grpc-default-executor-6] INFO  client.GrpcClientProtocolClient (GrpcClientProtocolClient.java:onNext(264)) - client-B5F51BC26AA5->8466bef0-9559-4d2e-b20d-aaf3fd2b14fd: receive RaftClientReply:client-B5F51BC26AA5->8466bef0-9559-4d2e-b20d-aaf3fd2b14fd@group-086F4A8DB6EB, cid=55, SUCCESS, logIndex=3, commits[8466bef0-9559-4d2e-b20d-aaf3fd2b14fd:c8, 897fdfd8-a3cb-4c9b-9ef8-a626c4e76414:c5, 90957f92-0013-496b-a419-9c1212c810e8:c5]
2019-09-12 04:14:54,496 [grpc-default-executor-6] INFO  client.GrpcClientProtocolClient (GrpcClientProtocolClient.java:onNext(264)) - client-B5F51BC26AA5->8466bef0-9559-4d2e-b20d-aaf3fd2b14fd: receive RaftClientReply:client-B5F51BC26AA5->8466bef0-9559-4d2e-b20d-aaf3fd2b14fd@group-086F4A8DB6EB, cid=56, SUCCESS, logIndex=4, commits[8466bef0-9559-4d2e-b20d-aaf3fd2b14fd:c8, 897fdfd8-a3cb-4c9b-9ef8-a626c4e76414:c5, 90957f92-0013-496b-a419-9c1212c810e8:c5]
2019-09-12 04:14:54,851 [grpc-default-executor-6] INFO  client.GrpcClientProtocolClient (GrpcClientProtocolClient.java:onNext(264)) - client-B5F51BC26AA5->8466bef0-9559-4d2e-b20d-aaf3fd2b14fd: receive RaftClientReply:client-B5F51BC26AA5->8466bef0-9559-4d2e-b20d-aaf3fd2b14fd@group-086F4A8DB6EB, cid=57, SUCCESS, logIndex=5, commits[8466bef0-9559-4d2e-b20d-aaf3fd2b14fd:c8, 897fdfd8-a3cb-4c9b-9ef8-a626c4e76414:c5, 90957f92-0013-496b-a419-9c1212c810e8:c5]
2019-09-12 04:14:54,889 [grpc-default-executor-5] INFO  client.GrpcClientProtocolClient (GrpcClientProtocolClient.java:onNext(264)) - client-B5F51BC26AA5->8466bef0-9559-4d2e-b20d-aaf3fd2b14fd: receive RaftClientReply:client-B5F51BC26AA5->8466bef0-9559-4d2e-b20d-aaf3fd2b14fd@group-086F4A8DB6EB, cid=67, SUCCESS, logIndex=9, commits[8466bef0-9559-4d2e-b20d-aaf3fd2b14fd:c10, 897fdfd8-a3cb-4c9b-9ef8-a626c4e76414:c8, 90957f92-0013-496b-a419-9c1212c810e8:c5]
2019-09-12 04:14:54,893 [grpc-default-executor-5] INFO  client.GrpcClientProtocolClient (GrpcClientProtocolClient.java:onNext(264)) - client-B5F51BC26AA5->8466bef0-9559-4d2e-b20d-aaf3fd2b14fd: receive RaftClientReply:client-B5F51BC26AA5->8466bef0-9559-4d2e-b20d-aaf3fd2b14fd@group-086F4A8DB6EB, cid=68, SUCCESS, logIndex=10, commits[8466bef0-9559-4d2e-b20d-aaf3fd2b14fd:c10, 897fdfd8-a3cb-4c9b-9ef8-a626c4e76414:c8, 90957f92-0013-496b-a419-9c1212c810e8:c5]
2019-09-12 04:14:54,910 [grpc-default-executor-5] INFO  client.GrpcClientProtocolClient (GrpcClientProtocolClient.java:onNext(264)) - client-B5F51BC26AA5->8466bef0-9559-4d2e-b20d-aaf3fd2b14fd: receive RaftClientReply:client-B5F51BC26AA5->8466bef0-9559-4d2e-b20d-aaf3fd2b14fd@group-086F4A8DB6EB, cid=69, SUCCESS, logIndex=11, commits[8466bef0-9559-4d2e-b20d-aaf3fd2b14fd:c14, 897fdfd8-a3cb-4c9b-9ef8-a626c4e76414:c10, 90957f92-0013-496b-a419-9c1212c810e8:c10]
2019-09-12 04:14:54,910 [grpc-default-executor-5] INFO  client.GrpcClientProtocolClient (GrpcClientProtocolClient.java:onNext(264)) - client-B5F51BC26AA5->8466bef0-9559-4d2e-b20d-aaf3fd2b14fd: receive RaftClientReply:client-B5F51BC26AA5->8466bef0-9559-4d2e-b20d-aaf3fd2b14fd@group-086F4A8DB6EB, cid=70, SUCCESS, logIndex=12, commits[8466bef0-9559-4d2e-b20d-aaf3fd2b14fd:c14, 897fdfd8-a3cb-4c9b-9ef8-a626c4e76414:c10, 90957f92-0013-496b-a419-9c1212c810e8:c10]
2019-09-12 04:14:54,937 [grpc-default-executor-7] INFO  client.GrpcClientProtocolClient (GrpcClientProtocolClient.java:onNext(264)) - client-B5F51BC26AA5->8466bef0-9559-4d2e-b20d-aaf3fd2b14fd: receive RaftClientReply:client-B5F51BC26AA5->8466bef0-9559-4d2e-b20d-aaf3fd2b14fd@group-086F4A8DB6EB, cid=71, SUCCESS, logIndex=0, commits[8466bef0-9559-4d2e-b20d-aaf3fd2b14fd:c16, 897fdfd8-a3cb-4c9b-9ef8-a626c4e76414:c12, 90957f92-0013-496b-a419-9c1212c810e8:c12]
2019-09-12 04:14:54,959 [grpc-default-executor-5] INFO  client.GrpcClientProtocolClient (GrpcClientProtocolClient.java:onNext(264)) - client-0BB9D3153931->f3263f9a-ef6c-4ff4-a6b2-5a62e946b753: receive RaftClientReply:client-0BB9D3153931->f3263f9a-ef6c-4ff4-a6b2-5a62e946b753@group-169A4988E437, cid=72, SUCCESS, logIndex=31, commits[f3263f9a-ef6c-4ff4-a6b2-5a62e946b753:c32, 2d4da40c-dd43-4554-9707-f6503cf38c80:c30, a413c2ef-7abc-47d7-b263-b9548e673ba5:c30]
2019-09-12 04:14:54,959 [grpc-default-executor-5] INFO  client.GrpcClientProtocolClient (GrpcClientProtocolClient.java:onNext(264)) - client-0BB9D3153931->f3263f9a-ef6c-4ff4-a6b2-5a62e946b753: receive RaftClientReply:client-0BB9D3153931->f3263f9a-ef6c-4ff4-a6b2-5a62e946b753@group-169A4988E437, cid=73, SUCCESS, logIndex=32, commits[f3263f9a-ef6c-4ff4-a6b2-5a62e946b753:c32, 2d4da40c-dd43-4554-9707-f6503cf38c80:c30, a413c2ef-7abc-47d7-b263-b9548e673ba5:c30]
2019-09-12 04:14:54,967 [grpc-default-executor-5] INFO  client.GrpcClientProtocolClient (GrpcClientProtocolClient.java:onNext(264)) - client-0BB9D3153931->f3263f9a-ef6c-4ff4-a6b2-5a62e946b753: receive RaftClientReply:client-0BB9D3153931->f3263f9a-ef6c-4ff4-a6b2-5a62e946b753@group-169A4988E437, cid=74, SUCCESS, logIndex=33, commits[f3263f9a-ef6c-4ff4-a6b2-5a62e946b753:c34, 2d4da40c-dd43-4554-9707-f6503cf38c80:c30, a413c2ef-7abc-47d7-b263-b9548e673ba5:c30]
2019-09-12 04:14:54,968 [grpc-default-executor-5] INFO  client.GrpcClientProtocolClient (GrpcClientProtocolClient.java:onNext(264)) - client-0BB9D3153931->f3263f9a-ef6c-4ff4-a6b2-5a62e946b753: receive RaftClientReply:client-0BB9D3153931->f3263f9a-ef6c-4ff4-a6b2-5a62e946b753@group-169A4988E437, cid=75, SUCCESS, logIndex=34, commits[f3263f9a-ef6c-4ff4-a6b2-5a62e946b753:c34, 2d4da40c-dd43-4554-9707-f6503cf38c80:c30, a413c2ef-7abc-47d7-b263-b9548e673ba5:c30]
2019-09-12 04:14:54,979 [grpc-default-executor-5] INFO  client.GrpcClientProtocolClient (GrpcClientProtocolClient.java:onNext(264)) - client-0BB9D3153931->f3263f9a-ef6c-4ff4-a6b2-5a62e946b753: receive RaftClientReply:client-0BB9D3153931->f3263f9a-ef6c-4ff4-a6b2-5a62e946b753@group-169A4988E437, cid=76, SUCCESS, logIndex=0, commits[f3263f9a-ef6c-4ff4-a6b2-5a62e946b753:c36, 2d4da40c-dd43-4554-9707-f6503cf38c80:c32, a413c2ef-7abc-47d7-b263-b9548e673ba5:c32]
2019-09-12 04:14:55,007 [grpc-default-executor-5] INFO  client.GrpcClientProtocolClient (GrpcClientProtocolClient.java:onNext(264)) - client-0BB9D3153931->f3263f9a-ef6c-4ff4-a6b2-5a62e946b753: receive RaftClientReply:client-0BB9D3153931->f3263f9a-ef6c-4ff4-a6b2-5a62e946b753@group-169A4988E437, cid=77, SUCCESS, logIndex=39, commits[f3263f9a-ef6c-4ff4-a6b2-5a62e946b753:c40, 2d4da40c-dd43-4554-9707-f6503cf38c80:c38, a413c2ef-7abc-47d7-b263-b9548e673ba5:c38]
2019-09-12 04:14:55,008 [grpc-default-executor-5] INFO  client.GrpcClientProtocolClient (GrpcClientProtocolClient.java:onNext(264)) - client-0BB9D3153931->f3263f9a-ef6c-4ff4-a6b2-5a62e946b753: receive RaftClientReply:client-0BB9D3153931->f3263f9a-ef6c-4ff4-a6b2-5a62e946b753@group-169A4988E437, cid=78, SUCCESS, logIndex=40, commits[f3263f9a-ef6c-4ff4-a6b2-5a62e946b753:c40, 2d4da40c-dd43-4554-9707-f6503cf38c80:c38, a413c2ef-7abc-47d7-b263-b9548e673ba5:c38]
2019-09-12 04:14:55,035 [grpc-default-executor-5] INFO  client.GrpcClientProtocolClient (GrpcClientProtocolClient.java:onNext(264)) - client-0BB9D3153931->f3263f9a-ef6c-4ff4-a6b2-5a62e946b753: receive RaftClientReply:client-0BB9D3153931->f3263f9a-ef6c-4ff4-a6b2-5a62e946b753@group-169A4988E437, cid=79, SUCCESS, logIndex=43, commits[f3263f9a-ef6c-4ff4-a6b2-5a62e946b753:c44, 2d4da40c-dd43-4554-9707-f6503cf38c80:c41, a413c2ef-7abc-47d7-b263-b9548e673ba5:c41]
2019-09-12 04:14:55,035 [grpc-default-executor-5] INFO  client.GrpcClientProtocolClient (GrpcClientProtocolClient.java:onNext(264)) - client-0BB9D3153931->f3263f9a-ef6c-4ff4-a6b2-5a62e946b753: receive RaftClientReply:client-0BB9D3153931->f3263f9a-ef6c-4ff4-a6b2-5a62e946b753@group-169A4988E437, cid=80, SUCCESS, logIndex=44, commits[f3263f9a-ef6c-4ff4-a6b2-5a62e946b753:c44, 2d4da40c-dd43-4554-9707-f6503cf38c80:c41, a413c2ef-7abc-47d7-b263-b9548e673ba5:c41]
2019-09-12 04:14:55,059 [grpc-default-executor-5] INFO  client.GrpcClientProtocolClient (GrpcClientProtocolClient.java:onNext(264)) - client-0BB9D3153931->f3263f9a-ef6c-4ff4-a6b2-5a62e946b753: receive RaftClientReply:client-0BB9D3153931->f3263f9a-ef6c-4ff4-a6b2-5a62e946b753@group-169A4988E437, cid=81, SUCCESS, logIndex=0, commits[f3263f9a-ef6c-4ff4-a6b2-5a62e946b753:c45, 2d4da40c-dd43-4554-9707-f6503cf38c80:c44, a413c2ef-7abc-47d7-b263-b9548e673ba5:c44]
2019-09-12 04:14:55,954 [grpc-default-executor-8] INFO  impl.RaftServerProxy (RaftServerProxy.java:remove(95)) - 90957f92-0013-496b-a419-9c1212c810e8: remove group-A84590474ECC:null
2019-09-12 04:14:55,967 [RatisPipelineUtilsThread] WARN  pipeline.RatisPipelineUtils (RatisPipelineUtils.java:destroyPipeline(66)) - Pipeline destroy failed for pipeline=PipelineID=71613155-3c20-4db9-a883-a84590474ecc dn=90957f92-0013-496b-a419-9c1212c810e8{ip: 192.168.34.8, host: pr-hdds-1879-pbs75-1821932185, networkLocation: /default-rack, certSerialId: null}
2019-09-12 04:14:55,970 [grpc-default-executor-7] INFO  impl.RaftServerProxy (RaftServerProxy.java:remove(95)) - 8466bef0-9559-4d2e-b20d-aaf3fd2b14fd: remove group-A84590474ECC:null
2019-09-12 04:14:55,976 [RatisPipelineUtilsThread] WARN  pipeline.RatisPipelineUtils (RatisPipelineUtils.java:destroyPipeline(66)) - Pipeline destroy failed for pipeline=PipelineID=71613155-3c20-4db9-a883-a84590474ecc dn=8466bef0-9559-4d2e-b20d-aaf3fd2b14fd{ip: 192.168.34.8, host: pr-hdds-1879-pbs75-1821932185, networkLocation: /default-rack, certSerialId: null}
2019-09-12 04:14:55,979 [grpc-default-executor-7] INFO  impl.RaftServerProxy (RaftServerProxy.java:remove(95)) - 897fdfd8-a3cb-4c9b-9ef8-a626c4e76414: remove group-A84590474ECC:null
2019-09-12 04:14:55,985 [RatisPipelineUtilsThread] WARN  pipeline.RatisPipelineUtils (RatisPipelineUtils.java:destroyPipeline(66)) - Pipeline destroy failed for pipeline=PipelineID=71613155-3c20-4db9-a883-a84590474ecc dn=897fdfd8-a3cb-4c9b-9ef8-a626c4e76414{ip: 192.168.34.8, host: pr-hdds-1879-pbs75-1821932185, networkLocation: /default-rack, certSerialId: null}
2019-09-12 04:14:55,986 [RatisPipelineUtilsThread] ERROR pipeline.SCMPipelineManager (Scheduler.java:lambda$schedule$1(70)) - Destroy pipeline failed for pipeline:Pipeline[ Id: 71613155-3c20-4db9-a883-a84590474ecc, Nodes: 90957f92-0013-496b-a419-9c1212c810e8{ip: 192.168.34.8, host: pr-hdds-1879-pbs75-1821932185, networkLocation: /default-rack, certSerialId: null}8466bef0-9559-4d2e-b20d-aaf3fd2b14fd{ip: 192.168.34.8, host: pr-hdds-1879-pbs75-1821932185, networkLocation: /default-rack, certSerialId: null}897fdfd8-a3cb-4c9b-9ef8-a626c4e76414{ip: 192.168.34.8, host: pr-hdds-1879-pbs75-1821932185, networkLocation: /default-rack, certSerialId: null}, Type:RATIS, Factor:THREE, State:CLOSED]
org.apache.hadoop.hdds.scm.pipeline.PipelineNotFoundException: PipelineID=71613155-3c20-4db9-a883-a84590474ecc not found
	at org.apache.hadoop.hdds.scm.pipeline.PipelineStateMap.getPipeline(PipelineStateMap.java:132)
	at org.apache.hadoop.hdds.scm.pipeline.PipelineStateMap.removePipeline(PipelineStateMap.java:322)
	at org.apache.hadoop.hdds.scm.pipeline.PipelineStateManager.removePipeline(PipelineStateManager.java:107)
	at org.apache.hadoop.hdds.scm.pipeline.SCMPipelineManager.removePipeline(SCMPipelineManager.java:423)
	at org.apache.hadoop.hdds.scm.pipeline.SCMPipelineManager.destroyPipeline(SCMPipelineManager.java:409)
	at org.apache.hadoop.hdds.scm.pipeline.SCMPipelineManager.lambda$finalizeAndDestroyPipeline$0(SCMPipelineManager.java:318)
	at org.apache.hadoop.utils.Scheduler.lambda$schedule$1(Scheduler.java:68)
	at java.util.concurrent.Executors$RunnableAdapter.call(Executors.java:511)
	at java.util.concurrent.FutureTask.run(FutureTask.java:266)
	at java.util.concurrent.ScheduledThreadPoolExecutor$ScheduledFutureTask.access$201(ScheduledThreadPoolExecutor.java:180)
	at java.util.concurrent.ScheduledThreadPoolExecutor$ScheduledFutureTask.run(ScheduledThreadPoolExecutor.java:293)
	at java.util.concurrent.ThreadPoolExecutor.runWorker(ThreadPoolExecutor.java:1149)
	at java.util.concurrent.ThreadPoolExecutor$Worker.run(ThreadPoolExecutor.java:624)
	at java.lang.Thread.run(Thread.java:748)
2019-09-12 04:14:58,067 [java.util.concurrent.ThreadPoolExecutor$Worker@1335c7b[State = -1, empty queue]] WARN  server.GrpcLogAppender (GrpcLogAppender.java:timeoutAppendRequest(200)) - 8466bef0-9559-4d2e-b20d-aaf3fd2b14fd@group-086F4A8DB6EB->90957f92-0013-496b-a419-9c1212c810e8-GrpcLogAppender: appendEntries Timeout, request=8466bef0-9559-4d2e-b20d-aaf3fd2b14fd->90957f92-0013-496b-a419-9c1212c810e8#18-t2, previous=(t:2, i:16), leaderCommit=16, initializing? false, entries: size=1, first=(t:2, i:17), STATEMACHINELOGENTRY, client-B5F51BC26AA5, cid=82
2019-09-12 04:14:58,067 [java.util.concurrent.ThreadPoolExecutor$Worker@155a4cd5[State = -1, empty queue]] WARN  server.GrpcLogAppender (GrpcLogAppender.java:timeoutAppendRequest(200)) - 8466bef0-9559-4d2e-b20d-aaf3fd2b14fd@group-086F4A8DB6EB->897fdfd8-a3cb-4c9b-9ef8-a626c4e76414-GrpcLogAppender: appendEntries Timeout, request=8466bef0-9559-4d2e-b20d-aaf3fd2b14fd->897fdfd8-a3cb-4c9b-9ef8-a626c4e76414#18-t2, previous=(t:2, i:16), leaderCommit=16, initializing? false, entries: size=1, first=(t:2, i:17), STATEMACHINELOGENTRY, client-B5F51BC26AA5, cid=82
2019-09-12 04:14:58,067 [java.util.concurrent.ThreadPoolExecutor$Worker@1335c7b[State = -1, empty queue]] WARN  server.GrpcLogAppender (GrpcLogAppender.java:timeoutAppendRequest(200)) - 8466bef0-9559-4d2e-b20d-aaf3fd2b14fd@group-086F4A8DB6EB->90957f92-0013-496b-a419-9c1212c810e8-GrpcLogAppender: appendEntries Timeout, request=8466bef0-9559-4d2e-b20d-aaf3fd2b14fd->90957f92-0013-496b-a419-9c1212c810e8#19-t2, previous=(t:2, i:17), leaderCommit=16, initializing? false, entries: size=1, first=(t:2, i:18), STATEMACHINELOGENTRY, client-B5F51BC26AA5, cid=83
2019-09-12 04:14:58,068 [java.util.concurrent.ThreadPoolExecutor$Worker@155a4cd5[State = -1, empty queue]] WARN  server.GrpcLogAppender (GrpcLogAppender.java:timeoutAppendRequest(200)) - 8466bef0-9559-4d2e-b20d-aaf3fd2b14fd@group-086F4A8DB6EB->897fdfd8-a3cb-4c9b-9ef8-a626c4e76414-GrpcLogAppender: appendEntries Timeout, request=8466bef0-9559-4d2e-b20d-aaf3fd2b14fd->897fdfd8-a3cb-4c9b-9ef8-a626c4e76414#19-t2, previous=(t:2, i:17), leaderCommit=16, initializing? false, entries: size=1, first=(t:2, i:18), STATEMACHINELOGENTRY, client-B5F51BC26AA5, cid=83
2019-09-12 04:14:58,070 [java.util.concurrent.ThreadPoolExecutor$Worker@155a4cd5[State = -1, empty queue]] WARN  server.GrpcLogAppender (GrpcLogAppender.java:timeoutAppendRequest(200)) - 8466bef0-9559-4d2e-b20d-aaf3fd2b14fd@group-086F4A8DB6EB->897fdfd8-a3cb-4c9b-9ef8-a626c4e76414-GrpcLogAppender: appendEntries Timeout, request=8466bef0-9559-4d2e-b20d-aaf3fd2b14fd->897fdfd8-a3cb-4c9b-9ef8-a626c4e76414#20-t2, previous=(t:2, i:18), leaderCommit=16, initializing? false, entries: size=1, first=(t:2, i:19), STATEMACHINELOGENTRY, client-B5F51BC26AA5, cid=84
2019-09-12 04:14:58,070 [java.util.concurrent.ThreadPoolExecutor$Worker@1335c7b[State = -1, empty queue]] WARN  server.GrpcLogAppender (GrpcLogAppender.java:timeoutAppendRequest(200)) - 8466bef0-9559-4d2e-b20d-aaf3fd2b14fd@group-086F4A8DB6EB->90957f92-0013-496b-a419-9c1212c810e8-GrpcLogAppender: appendEntries Timeout, request=8466bef0-9559-4d2e-b20d-aaf3fd2b14fd->90957f92-0013-496b-a419-9c1212c810e8#20-t2, previous=(t:2, i:18), leaderCommit=16, initializing? false, entries: size=1, first=(t:2, i:19), STATEMACHINELOGENTRY, client-B5F51BC26AA5, cid=84
2019-09-12 04:14:58,070 [java.util.concurrent.ThreadPoolExecutor$Worker@155a4cd5[State = -1, empty queue]] WARN  server.GrpcLogAppender (GrpcLogAppender.java:timeoutAppendRequest(200)) - 8466bef0-9559-4d2e-b20d-aaf3fd2b14fd@group-086F4A8DB6EB->897fdfd8-a3cb-4c9b-9ef8-a626c4e76414-GrpcLogAppender: appendEntries Timeout, request=8466bef0-9559-4d2e-b20d-aaf3fd2b14fd->897fdfd8-a3cb-4c9b-9ef8-a626c4e76414#21-t2, previous=(t:2, i:19), leaderCommit=16, initializing? false, entries: size=1, first=(t:2, i:20), STATEMACHINELOGENTRY, client-B5F51BC26AA5, cid=85
2019-09-12 04:14:58,071 [java.util.concurrent.ThreadPoolExecutor$Worker@1335c7b[State = -1, empty queue]] WARN  server.GrpcLogAppender (GrpcLogAppender.java:timeoutAppendRequest(200)) - 8466bef0-9559-4d2e-b20d-aaf3fd2b14fd@group-086F4A8DB6EB->90957f92-0013-496b-a419-9c1212c810e8-GrpcLogAppender: appendEntries Timeout, request=8466bef0-9559-4d2e-b20d-aaf3fd2b14fd->90957f92-0013-496b-a419-9c1212c810e8#21-t2, previous=(t:2, i:19), leaderCommit=16, initializing? false, entries: size=1, first=(t:2, i:20), STATEMACHINELOGENTRY, client-B5F51BC26AA5, cid=85
2019-09-12 04:14:58,963 [grpc-default-executor-7] INFO  impl.RaftServerProxy (RaftServerProxy.java:remove(95)) - 90957f92-0013-496b-a419-9c1212c810e8: remove group-A84590474ECC:null
2019-09-12 04:14:58,973 [RatisPipelineUtilsThread] WARN  pipeline.RatisPipelineUtils (RatisPipelineUtils.java:destroyPipeline(66)) - Pipeline destroy failed for pipeline=PipelineID=71613155-3c20-4db9-a883-a84590474ecc dn=90957f92-0013-496b-a419-9c1212c810e8{ip: 192.168.34.8, host: pr-hdds-1879-pbs75-1821932185, networkLocation: /default-rack, certSerialId: null}
2019-09-12 04:14:58,975 [grpc-default-executor-7] INFO  impl.RaftServerProxy (RaftServerProxy.java:remove(95)) - 8466bef0-9559-4d2e-b20d-aaf3fd2b14fd: remove group-A84590474ECC:null
2019-09-12 04:14:58,980 [RatisPipelineUtilsThread] WARN  pipeline.RatisPipelineUtils (RatisPipelineUtils.java:destroyPipeline(66)) - Pipeline destroy failed for pipeline=PipelineID=71613155-3c20-4db9-a883-a84590474ecc dn=8466bef0-9559-4d2e-b20d-aaf3fd2b14fd{ip: 192.168.34.8, host: pr-hdds-1879-pbs75-1821932185, networkLocation: /default-rack, certSerialId: null}
2019-09-12 04:14:58,983 [grpc-default-executor-7] INFO  impl.RaftServerProxy (RaftServerProxy.java:remove(95)) - 897fdfd8-a3cb-4c9b-9ef8-a626c4e76414: remove group-A84590474ECC:null
2019-09-12 04:14:58,988 [RatisPipelineUtilsThread] WARN  pipeline.RatisPipelineUtils (RatisPipelineUtils.java:destroyPipeline(66)) - Pipeline destroy failed for pipeline=PipelineID=71613155-3c20-4db9-a883-a84590474ecc dn=897fdfd8-a3cb-4c9b-9ef8-a626c4e76414{ip: 192.168.34.8, host: pr-hdds-1879-pbs75-1821932185, networkLocation: /default-rack, certSerialId: null}
2019-09-12 04:14:58,988 [RatisPipelineUtilsThread] ERROR pipeline.SCMPipelineManager (Scheduler.java:lambda$schedule$1(70)) - Destroy pipeline failed for pipeline:Pipeline[ Id: 71613155-3c20-4db9-a883-a84590474ecc, Nodes: 90957f92-0013-496b-a419-9c1212c810e8{ip: 192.168.34.8, host: pr-hdds-1879-pbs75-1821932185, networkLocation: /default-rack, certSerialId: null}8466bef0-9559-4d2e-b20d-aaf3fd2b14fd{ip: 192.168.34.8, host: pr-hdds-1879-pbs75-1821932185, networkLocation: /default-rack, certSerialId: null}897fdfd8-a3cb-4c9b-9ef8-a626c4e76414{ip: 192.168.34.8, host: pr-hdds-1879-pbs75-1821932185, networkLocation: /default-rack, certSerialId: null}, Type:RATIS, Factor:THREE, State:CLOSED]
org.apache.hadoop.hdds.scm.pipeline.PipelineNotFoundException: PipelineID=71613155-3c20-4db9-a883-a84590474ecc not found
	at org.apache.hadoop.hdds.scm.pipeline.PipelineStateMap.getPipeline(PipelineStateMap.java:132)
	at org.apache.hadoop.hdds.scm.pipeline.PipelineStateMap.removePipeline(PipelineStateMap.java:322)
	at org.apache.hadoop.hdds.scm.pipeline.PipelineStateManager.removePipeline(PipelineStateManager.java:107)
	at org.apache.hadoop.hdds.scm.pipeline.SCMPipelineManager.removePipeline(SCMPipelineManager.java:423)
	at org.apache.hadoop.hdds.scm.pipeline.SCMPipelineManager.destroyPipeline(SCMPipelineManager.java:409)
	at org.apache.hadoop.hdds.scm.pipeline.SCMPipelineManager.lambda$finalizeAndDestroyPipeline$0(SCMPipelineManager.java:318)
	at org.apache.hadoop.utils.Scheduler.lambda$schedule$1(Scheduler.java:68)
	at java.util.concurrent.Executors$RunnableAdapter.call(Executors.java:511)
	at java.util.concurrent.FutureTask.run(FutureTask.java:266)
	at java.util.concurrent.ScheduledThreadPoolExecutor$ScheduledFutureTask.access$201(ScheduledThreadPoolExecutor.java:180)
	at java.util.concurrent.ScheduledThreadPoolExecutor$ScheduledFutureTask.run(ScheduledThreadPoolExecutor.java:293)
	at java.util.concurrent.ThreadPoolExecutor.runWorker(ThreadPoolExecutor.java:1149)
	at java.util.concurrent.ThreadPoolExecutor$Worker.run(ThreadPoolExecutor.java:624)
	at java.lang.Thread.run(Thread.java:748)
2019-09-12 04:15:00,095 [grpc-default-executor-5] INFO  client.GrpcClientProtocolClient (GrpcClientProtocolClient.java:onNext(264)) - client-B5F51BC26AA5->897fdfd8-a3cb-4c9b-9ef8-a626c4e76414: receive RaftClientReply:client-B5F51BC26AA5->897fdfd8-a3cb-4c9b-9ef8-a626c4e76414@group-086F4A8DB6EB, cid=82, FAILED org.apache.ratis.protocol.NotLeaderException: Server 897fdfd8-a3cb-4c9b-9ef8-a626c4e76414@group-086F4A8DB6EB is not the leader 8466bef0-9559-4d2e-b20d-aaf3fd2b14fd:192.168.34.8:32905, logIndex=0, commits[897fdfd8-a3cb-4c9b-9ef8-a626c4e76414:c16, 90957f92-0013-496b-a419-9c1212c810e8:c12, 8466bef0-9559-4d2e-b20d-aaf3fd2b14fd:c16]
2019-09-12 04:15:00,575 [java.util.concurrent.ThreadPoolExecutor$Worker@155a4cd5[State = -1, empty queue]] WARN  server.GrpcLogAppender (GrpcLogAppender.java:timeoutAppendRequest(200)) - 8466bef0-9559-4d2e-b20d-aaf3fd2b14fd@group-086F4A8DB6EB->897fdfd8-a3cb-4c9b-9ef8-a626c4e76414-GrpcLogAppender: appendEntries Timeout, request=8466bef0-9559-4d2e-b20d-aaf3fd2b14fd->897fdfd8-a3cb-4c9b-9ef8-a626c4e76414#22-t2, previous=(t:2, i:20), leaderCommit=16, initializing? false, entries: <empty>
2019-09-12 04:15:00,576 [java.util.concurrent.ThreadPoolExecutor$Worker@1335c7b[State = -1, empty queue]] WARN  server.GrpcLogAppender (GrpcLogAppender.java:timeoutAppendRequest(200)) - 8466bef0-9559-4d2e-b20d-aaf3fd2b14fd@group-086F4A8DB6EB->90957f92-0013-496b-a419-9c1212c810e8-GrpcLogAppender: appendEntries Timeout, request=8466bef0-9559-4d2e-b20d-aaf3fd2b14fd->90957f92-0013-496b-a419-9c1212c810e8#22-t2, previous=(t:2, i:20), leaderCommit=16, initializing? false, entries: <empty>
2019-09-12 04:15:00,960 [grpc-default-executor-8] INFO  impl.RaftServerProxy (RaftServerProxy.java:remove(95)) - 90957f92-0013-496b-a419-9c1212c810e8: remove group-A84590474ECC:null
2019-09-12 04:15:00,970 [RatisPipelineUtilsThread] WARN  pipeline.RatisPipelineUtils (RatisPipelineUtils.java:destroyPipeline(66)) - Pipeline destroy failed for pipeline=PipelineID=71613155-3c20-4db9-a883-a84590474ecc dn=90957f92-0013-496b-a419-9c1212c810e8{ip: 192.168.34.8, host: pr-hdds-1879-pbs75-1821932185, networkLocation: /default-rack, certSerialId: null}
2019-09-12 04:15:00,972 [grpc-default-executor-8] INFO  impl.RaftServerProxy (RaftServerProxy.java:remove(95)) - 8466bef0-9559-4d2e-b20d-aaf3fd2b14fd: remove group-A84590474ECC:null
2019-09-12 04:15:00,977 [RatisPipelineUtilsThread] WARN  pipeline.RatisPipelineUtils (RatisPipelineUtils.java:destroyPipeline(66)) - Pipeline destroy failed for pipeline=PipelineID=71613155-3c20-4db9-a883-a84590474ecc dn=8466bef0-9559-4d2e-b20d-aaf3fd2b14fd{ip: 192.168.34.8, host: pr-hdds-1879-pbs75-1821932185, networkLocation: /default-rack, certSerialId: null}
2019-09-12 04:15:00,980 [grpc-default-executor-8] INFO  impl.RaftServerProxy (RaftServerProxy.java:remove(95)) - 897fdfd8-a3cb-4c9b-9ef8-a626c4e76414: remove group-A84590474ECC:null
2019-09-12 04:15:00,985 [RatisPipelineUtilsThread] WARN  pipeline.RatisPipelineUtils (RatisPipelineUtils.java:destroyPipeline(66)) - Pipeline destroy failed for pipeline=PipelineID=71613155-3c20-4db9-a883-a84590474ecc dn=897fdfd8-a3cb-4c9b-9ef8-a626c4e76414{ip: 192.168.34.8, host: pr-hdds-1879-pbs75-1821932185, networkLocation: /default-rack, certSerialId: null}
2019-09-12 04:15:00,985 [RatisPipelineUtilsThread] ERROR pipeline.SCMPipelineManager (Scheduler.java:lambda$schedule$1(70)) - Destroy pipeline failed for pipeline:Pipeline[ Id: 71613155-3c20-4db9-a883-a84590474ecc, Nodes: 90957f92-0013-496b-a419-9c1212c810e8{ip: 192.168.34.8, host: pr-hdds-1879-pbs75-1821932185, networkLocation: /default-rack, certSerialId: null}8466bef0-9559-4d2e-b20d-aaf3fd2b14fd{ip: 192.168.34.8, host: pr-hdds-1879-pbs75-1821932185, networkLocation: /default-rack, certSerialId: null}897fdfd8-a3cb-4c9b-9ef8-a626c4e76414{ip: 192.168.34.8, host: pr-hdds-1879-pbs75-1821932185, networkLocation: /default-rack, certSerialId: null}, Type:RATIS, Factor:THREE, State:CLOSED]
org.apache.hadoop.hdds.scm.pipeline.PipelineNotFoundException: PipelineID=71613155-3c20-4db9-a883-a84590474ecc not found
	at org.apache.hadoop.hdds.scm.pipeline.PipelineStateMap.getPipeline(PipelineStateMap.java:132)
	at org.apache.hadoop.hdds.scm.pipeline.PipelineStateMap.removePipeline(PipelineStateMap.java:322)
	at org.apache.hadoop.hdds.scm.pipeline.PipelineStateManager.removePipeline(PipelineStateManager.java:107)
	at org.apache.hadoop.hdds.scm.pipeline.SCMPipelineManager.removePipeline(SCMPipelineManager.java:423)
	at org.apache.hadoop.hdds.scm.pipeline.SCMPipelineManager.destroyPipeline(SCMPipelineManager.java:409)
	at org.apache.hadoop.hdds.scm.pipeline.SCMPipelineManager.lambda$finalizeAndDestroyPipeline$0(SCMPipelineManager.java:318)
	at org.apache.hadoop.utils.Scheduler.lambda$schedule$1(Scheduler.java:68)
	at java.util.concurrent.Executors$RunnableAdapter.call(Executors.java:511)
	at java.util.concurrent.FutureTask.run(FutureTask.java:266)
	at java.util.concurrent.ScheduledThreadPoolExecutor$ScheduledFutureTask.access$201(ScheduledThreadPoolExecutor.java:180)
	at java.util.concurrent.ScheduledThreadPoolExecutor$ScheduledFutureTask.run(ScheduledThreadPoolExecutor.java:293)
	at java.util.concurrent.ThreadPoolExecutor.runWorker(ThreadPoolExecutor.java:1149)
	at java.util.concurrent.ThreadPoolExecutor$Worker.run(ThreadPoolExecutor.java:624)
	at java.lang.Thread.run(Thread.java:748)
2019-09-12 04:15:03,076 [java.util.concurrent.ThreadPoolExecutor$Worker@155a4cd5[State = -1, empty queue]] WARN  server.GrpcLogAppender (GrpcLogAppender.java:timeoutAppendRequest(200)) - 8466bef0-9559-4d2e-b20d-aaf3fd2b14fd@group-086F4A8DB6EB->897fdfd8-a3cb-4c9b-9ef8-a626c4e76414-GrpcLogAppender: appendEntries Timeout, request=8466bef0-9559-4d2e-b20d-aaf3fd2b14fd->897fdfd8-a3cb-4c9b-9ef8-a626c4e76414#23-t2, previous=(t:2, i:20), leaderCommit=16, initializing? false, entries: <empty>
2019-09-12 04:15:03,076 [java.util.concurrent.ThreadPoolExecutor$Worker@1335c7b[State = -1, empty queue]] WARN  server.GrpcLogAppender (GrpcLogAppender.java:timeoutAppendRequest(200)) - 8466bef0-9559-4d2e-b20d-aaf3fd2b14fd@group-086F4A8DB6EB->90957f92-0013-496b-a419-9c1212c810e8-GrpcLogAppender: appendEntries Timeout, request=8466bef0-9559-4d2e-b20d-aaf3fd2b14fd->90957f92-0013-496b-a419-9c1212c810e8#23-t2, previous=(t:2, i:20), leaderCommit=16, initializing? false, entries: <empty>
2019-09-12 04:15:03,961 [grpc-default-executor-8] INFO  impl.RaftServerProxy (RaftServerProxy.java:remove(95)) - 90957f92-0013-496b-a419-9c1212c810e8: remove group-A84590474ECC:null
2019-09-12 04:15:03,969 [RatisPipelineUtilsThread] WARN  pipeline.RatisPipelineUtils (RatisPipelineUtils.java:destroyPipeline(66)) - Pipeline destroy failed for pipeline=PipelineID=71613155-3c20-4db9-a883-a84590474ecc dn=90957f92-0013-496b-a419-9c1212c810e8{ip: 192.168.34.8, host: pr-hdds-1879-pbs75-1821932185, networkLocation: /default-rack, certSerialId: null}
2019-09-12 04:15:03,972 [grpc-default-executor-8] INFO  impl.RaftServerProxy (RaftServerProxy.java:remove(95)) - 8466bef0-9559-4d2e-b20d-aaf3fd2b14fd: remove group-A84590474ECC:null
2019-09-12 04:15:03,977 [RatisPipelineUtilsThread] WARN  pipeline.RatisPipelineUtils (RatisPipelineUtils.java:destroyPipeline(66)) - Pipeline destroy failed for pipeline=PipelineID=71613155-3c20-4db9-a883-a84590474ecc dn=8466bef0-9559-4d2e-b20d-aaf3fd2b14fd{ip: 192.168.34.8, host: pr-hdds-1879-pbs75-1821932185, networkLocation: /default-rack, certSerialId: null}
2019-09-12 04:15:03,979 [grpc-default-executor-8] INFO  impl.RaftServerProxy (RaftServerProxy.java:remove(95)) - 897fdfd8-a3cb-4c9b-9ef8-a626c4e76414: remove group-A84590474ECC:null
2019-09-12 04:15:03,984 [RatisPipelineUtilsThread] WARN  pipeline.RatisPipelineUtils (RatisPipelineUtils.java:destroyPipeline(66)) - Pipeline destroy failed for pipeline=PipelineID=71613155-3c20-4db9-a883-a84590474ecc dn=897fdfd8-a3cb-4c9b-9ef8-a626c4e76414{ip: 192.168.34.8, host: pr-hdds-1879-pbs75-1821932185, networkLocation: /default-rack, certSerialId: null}
2019-09-12 04:15:03,984 [RatisPipelineUtilsThread] ERROR pipeline.SCMPipelineManager (Scheduler.java:lambda$schedule$1(70)) - Destroy pipeline failed for pipeline:Pipeline[ Id: 71613155-3c20-4db9-a883-a84590474ecc, Nodes: 90957f92-0013-496b-a419-9c1212c810e8{ip: 192.168.34.8, host: pr-hdds-1879-pbs75-1821932185, networkLocation: /default-rack, certSerialId: null}8466bef0-9559-4d2e-b20d-aaf3fd2b14fd{ip: 192.168.34.8, host: pr-hdds-1879-pbs75-1821932185, networkLocation: /default-rack, certSerialId: null}897fdfd8-a3cb-4c9b-9ef8-a626c4e76414{ip: 192.168.34.8, host: pr-hdds-1879-pbs75-1821932185, networkLocation: /default-rack, certSerialId: null}, Type:RATIS, Factor:THREE, State:CLOSED]
org.apache.hadoop.hdds.scm.pipeline.PipelineNotFoundException: PipelineID=71613155-3c20-4db9-a883-a84590474ecc not found
	at org.apache.hadoop.hdds.scm.pipeline.PipelineStateMap.getPipeline(PipelineStateMap.java:132)
	at org.apache.hadoop.hdds.scm.pipeline.PipelineStateMap.removePipeline(PipelineStateMap.java:322)
	at org.apache.hadoop.hdds.scm.pipeline.PipelineStateManager.removePipeline(PipelineStateManager.java:107)
	at org.apache.hadoop.hdds.scm.pipeline.SCMPipelineManager.removePipeline(SCMPipelineManager.java:423)
	at org.apache.hadoop.hdds.scm.pipeline.SCMPipelineManager.destroyPipeline(SCMPipelineManager.java:409)
	at org.apache.hadoop.hdds.scm.pipeline.SCMPipelineManager.lambda$finalizeAndDestroyPipeline$0(SCMPipelineManager.java:318)
	at org.apache.hadoop.utils.Scheduler.lambda$schedule$1(Scheduler.java:68)
	at java.util.concurrent.Executors$RunnableAdapter.call(Executors.java:511)
	at java.util.concurrent.FutureTask.run(FutureTask.java:266)
	at java.util.concurrent.ScheduledThreadPoolExecutor$ScheduledFutureTask.access$201(ScheduledThreadPoolExecutor.java:180)
	at java.util.concurrent.ScheduledThreadPoolExecutor$ScheduledFutureTask.run(ScheduledThreadPoolExecutor.java:293)
	at java.util.concurrent.ThreadPoolExecutor.runWorker(ThreadPoolExecutor.java:1149)
	at java.util.concurrent.ThreadPoolExecutor$Worker.run(ThreadPoolExecutor.java:624)
	at java.lang.Thread.run(Thread.java:748)
2019-09-12 04:15:05,066 [8466bef0-9559-4d2e-b20d-aaf3fd2b14fd@group-086F4A8DB6EB-SegmentedRaftLogWorker] WARN  segmented.SegmentedRaftLogWorker (SegmentedRaftLogWorker.java:getFromFuture(90)) - Timeout 0/~
org.apache.ratis.protocol.TimeoutIOException: Timeout 10s: WriteLog:17: (t:2, i:17), STATEMACHINELOGENTRY, client-B5F51BC26AA5, cid=82-writeStateMachineData
	at org.apache.ratis.util.IOUtils.getFromFuture(IOUtils.java:87)
	at org.apache.ratis.server.raftlog.segmented.SegmentedRaftLogWorker$StateMachineDataPolicy.getFromFuture(SegmentedRaftLogWorker.java:87)
	at org.apache.ratis.server.raftlog.segmented.SegmentedRaftLogWorker$WriteLog.execute(SegmentedRaftLogWorker.java:477)
	at org.apache.ratis.server.raftlog.segmented.SegmentedRaftLogWorker.run(SegmentedRaftLogWorker.java:289)
	at java.lang.Thread.run(Thread.java:748)
Caused by: java.util.concurrent.TimeoutException
	at java.util.concurrent.CompletableFuture.timedGet(CompletableFuture.java:1771)
	at java.util.concurrent.CompletableFuture.get(CompletableFuture.java:1915)
	at org.apache.ratis.util.IOUtils.getFromFuture(IOUtils.java:79)
	... 4 more
2019-09-12 04:15:05,069 [90957f92-0013-496b-a419-9c1212c810e8@group-086F4A8DB6EB-SegmentedRaftLogWorker] WARN  segmented.SegmentedRaftLogWorker (SegmentedRaftLogWorker.java:getFromFuture(90)) - Timeout 0/~
org.apache.ratis.protocol.TimeoutIOException: Timeout 10s: WriteLog:17: (t:2, i:17), STATEMACHINELOGENTRY, client-B5F51BC26AA5, cid=82-writeStateMachineData
	at org.apache.ratis.util.IOUtils.getFromFuture(IOUtils.java:87)
	at org.apache.ratis.server.raftlog.segmented.SegmentedRaftLogWorker$StateMachineDataPolicy.getFromFuture(SegmentedRaftLogWorker.java:87)
	at org.apache.ratis.server.raftlog.segmented.SegmentedRaftLogWorker$WriteLog.execute(SegmentedRaftLogWorker.java:477)
	at org.apache.ratis.server.raftlog.segmented.SegmentedRaftLogWorker.run(SegmentedRaftLogWorker.java:289)
	at java.lang.Thread.run(Thread.java:748)
Caused by: java.util.concurrent.TimeoutException
	at java.util.concurrent.CompletableFuture.timedGet(CompletableFuture.java:1771)
	at java.util.concurrent.CompletableFuture.get(CompletableFuture.java:1915)
	at org.apache.ratis.util.IOUtils.getFromFuture(IOUtils.java:79)
	... 4 more
2019-09-12 04:15:05,133 [grpc-default-executor-5] INFO  client.GrpcClientProtocolClient (GrpcClientProtocolClient.java:onNext(264)) - client-B5F51BC26AA5->90957f92-0013-496b-a419-9c1212c810e8: receive RaftClientReply:client-B5F51BC26AA5->90957f92-0013-496b-a419-9c1212c810e8@group-086F4A8DB6EB, cid=82, FAILED org.apache.ratis.protocol.NotLeaderException: Server 90957f92-0013-496b-a419-9c1212c810e8@group-086F4A8DB6EB is not the leader 8466bef0-9559-4d2e-b20d-aaf3fd2b14fd:192.168.34.8:32905, logIndex=0, commits[90957f92-0013-496b-a419-9c1212c810e8:c16, 897fdfd8-a3cb-4c9b-9ef8-a626c4e76414:c12, 8466bef0-9559-4d2e-b20d-aaf3fd2b14fd:c16]
2019-09-12 04:15:05,284 [897fdfd8-a3cb-4c9b-9ef8-a626c4e76414@group-086F4A8DB6EB-SegmentedRaftLogWorker] WARN  segmented.SegmentedRaftLogWorker (SegmentedRaftLogWorker.java:getFromFuture(90)) - Timeout 0/~
org.apache.ratis.protocol.TimeoutIOException: Timeout 10s: WriteLog:19: (t:2, i:19), STATEMACHINELOGENTRY, client-B5F51BC26AA5, cid=84-writeStateMachineData
	at org.apache.ratis.util.IOUtils.getFromFuture(IOUtils.java:87)
	at org.apache.ratis.server.raftlog.segmented.SegmentedRaftLogWorker$StateMachineDataPolicy.getFromFuture(SegmentedRaftLogWorker.java:87)
	at org.apache.ratis.server.raftlog.segmented.SegmentedRaftLogWorker$WriteLog.execute(SegmentedRaftLogWorker.java:477)
	at org.apache.ratis.server.raftlog.segmented.SegmentedRaftLogWorker.run(SegmentedRaftLogWorker.java:289)
	at java.lang.Thread.run(Thread.java:748)
Caused by: java.util.concurrent.TimeoutException
	at java.util.concurrent.CompletableFuture.timedGet(CompletableFuture.java:1771)
	at java.util.concurrent.CompletableFuture.get(CompletableFuture.java:1915)
	at org.apache.ratis.util.IOUtils.getFromFuture(IOUtils.java:79)
	... 4 more
2019-09-12 04:15:05,576 [java.util.concurrent.ThreadPoolExecutor$Worker@155a4cd5[State = -1, empty queue]] WARN  server.GrpcLogAppender (GrpcLogAppender.java:timeoutAppendRequest(200)) - 8466bef0-9559-4d2e-b20d-aaf3fd2b14fd@group-086F4A8DB6EB->897fdfd8-a3cb-4c9b-9ef8-a626c4e76414-GrpcLogAppender: appendEntries Timeout, request=8466bef0-9559-4d2e-b20d-aaf3fd2b14fd->897fdfd8-a3cb-4c9b-9ef8-a626c4e76414#24-t2, previous=(t:2, i:20), leaderCommit=16, initializing? false, entries: <empty>
2019-09-12 04:15:05,577 [java.util.concurrent.ThreadPoolExecutor$Worker@1335c7b[State = -1, empty queue]] WARN  server.GrpcLogAppender (GrpcLogAppender.java:timeoutAppendRequest(200)) - 8466bef0-9559-4d2e-b20d-aaf3fd2b14fd@group-086F4A8DB6EB->90957f92-0013-496b-a419-9c1212c810e8-GrpcLogAppender: appendEntries Timeout, request=8466bef0-9559-4d2e-b20d-aaf3fd2b14fd->90957f92-0013-496b-a419-9c1212c810e8#24-t2, previous=(t:2, i:20), leaderCommit=16, initializing? false, entries: <empty>
2019-09-12 04:15:05,970 [grpc-default-executor-7] INFO  impl.RaftServerProxy (RaftServerProxy.java:remove(95)) - 90957f92-0013-496b-a419-9c1212c810e8: remove group-A84590474ECC:null
2019-09-12 04:15:05,985 [RatisPipelineUtilsThread] WARN  pipeline.RatisPipelineUtils (RatisPipelineUtils.java:destroyPipeline(66)) - Pipeline destroy failed for pipeline=PipelineID=71613155-3c20-4db9-a883-a84590474ecc dn=90957f92-0013-496b-a419-9c1212c810e8{ip: 192.168.34.8, host: pr-hdds-1879-pbs75-1821932185, networkLocation: /default-rack, certSerialId: null}
2019-09-12 04:15:05,990 [grpc-default-executor-7] INFO  impl.RaftServerProxy (RaftServerProxy.java:remove(95)) - 8466bef0-9559-4d2e-b20d-aaf3fd2b14fd: remove group-A84590474ECC:null
2019-09-12 04:15:05,995 [RatisPipelineUtilsThread] WARN  pipeline.RatisPipelineUtils (RatisPipelineUtils.java:destroyPipeline(66)) - Pipeline destroy failed for pipeline=PipelineID=71613155-3c20-4db9-a883-a84590474ecc dn=8466bef0-9559-4d2e-b20d-aaf3fd2b14fd{ip: 192.168.34.8, host: pr-hdds-1879-pbs75-1821932185, networkLocation: /default-rack, certSerialId: null}
2019-09-12 04:15:05,998 [grpc-default-executor-7] INFO  impl.RaftServerProxy (RaftServerProxy.java:remove(95)) - 897fdfd8-a3cb-4c9b-9ef8-a626c4e76414: remove group-A84590474ECC:null
2019-09-12 04:15:06,003 [RatisPipelineUtilsThread] WARN  pipeline.RatisPipelineUtils (RatisPipelineUtils.java:destroyPipeline(66)) - Pipeline destroy failed for pipeline=PipelineID=71613155-3c20-4db9-a883-a84590474ecc dn=897fdfd8-a3cb-4c9b-9ef8-a626c4e76414{ip: 192.168.34.8, host: pr-hdds-1879-pbs75-1821932185, networkLocation: /default-rack, certSerialId: null}
2019-09-12 04:15:06,004 [RatisPipelineUtilsThread] ERROR pipeline.SCMPipelineManager (Scheduler.java:lambda$schedule$1(70)) - Destroy pipeline failed for pipeline:Pipeline[ Id: 71613155-3c20-4db9-a883-a84590474ecc, Nodes: 90957f92-0013-496b-a419-9c1212c810e8{ip: 192.168.34.8, host: pr-hdds-1879-pbs75-1821932185, networkLocation: /default-rack, certSerialId: null}8466bef0-9559-4d2e-b20d-aaf3fd2b14fd{ip: 192.168.34.8, host: pr-hdds-1879-pbs75-1821932185, networkLocation: /default-rack, certSerialId: null}897fdfd8-a3cb-4c9b-9ef8-a626c4e76414{ip: 192.168.34.8, host: pr-hdds-1879-pbs75-1821932185, networkLocation: /default-rack, certSerialId: null}, Type:RATIS, Factor:THREE, State:CLOSED]
org.apache.hadoop.hdds.scm.pipeline.PipelineNotFoundException: PipelineID=71613155-3c20-4db9-a883-a84590474ecc not found
	at org.apache.hadoop.hdds.scm.pipeline.PipelineStateMap.getPipeline(PipelineStateMap.java:132)
	at org.apache.hadoop.hdds.scm.pipeline.PipelineStateMap.removePipeline(PipelineStateMap.java:322)
	at org.apache.hadoop.hdds.scm.pipeline.PipelineStateManager.removePipeline(PipelineStateManager.java:107)
	at org.apache.hadoop.hdds.scm.pipeline.SCMPipelineManager.removePipeline(SCMPipelineManager.java:423)
	at org.apache.hadoop.hdds.scm.pipeline.SCMPipelineManager.destroyPipeline(SCMPipelineManager.java:409)
	at org.apache.hadoop.hdds.scm.pipeline.SCMPipelineManager.lambda$finalizeAndDestroyPipeline$0(SCMPipelineManager.java:318)
	at org.apache.hadoop.utils.Scheduler.lambda$schedule$1(Scheduler.java:68)
	at java.util.concurrent.Executors$RunnableAdapter.call(Executors.java:511)
	at java.util.concurrent.FutureTask.run(FutureTask.java:266)
	at java.util.concurrent.ScheduledThreadPoolExecutor$ScheduledFutureTask.access$201(ScheduledThreadPoolExecutor.java:180)
	at java.util.concurrent.ScheduledThreadPoolExecutor$ScheduledFutureTask.run(ScheduledThreadPoolExecutor.java:293)
	at java.util.concurrent.ThreadPoolExecutor.runWorker(ThreadPoolExecutor.java:1149)
	at java.util.concurrent.ThreadPoolExecutor$Worker.run(ThreadPoolExecutor.java:624)
	at java.lang.Thread.run(Thread.java:748)
2019-09-12 04:15:08,077 [java.util.concurrent.ThreadPoolExecutor$Worker@155a4cd5[State = -1, empty queue]] WARN  server.GrpcLogAppender (GrpcLogAppender.java:timeoutAppendRequest(200)) - 8466bef0-9559-4d2e-b20d-aaf3fd2b14fd@group-086F4A8DB6EB->897fdfd8-a3cb-4c9b-9ef8-a626c4e76414-GrpcLogAppender: appendEntries Timeout, request=8466bef0-9559-4d2e-b20d-aaf3fd2b14fd->897fdfd8-a3cb-4c9b-9ef8-a626c4e76414#25-t2, previous=(t:2, i:20), leaderCommit=16, initializing? false, entries: <empty>
2019-09-12 04:15:08,078 [java.util.concurrent.ThreadPoolExecutor$Worker@1335c7b[State = -1, empty queue]] WARN  server.GrpcLogAppender (GrpcLogAppender.java:timeoutAppendRequest(200)) - 8466bef0-9559-4d2e-b20d-aaf3fd2b14fd@group-086F4A8DB6EB->90957f92-0013-496b-a419-9c1212c810e8-GrpcLogAppender: appendEntries Timeout, request=8466bef0-9559-4d2e-b20d-aaf3fd2b14fd->90957f92-0013-496b-a419-9c1212c810e8#25-t2, previous=(t:2, i:20), leaderCommit=16, initializing? false, entries: <empty>
2019-09-12 04:15:08,962 [grpc-default-executor-7] INFO  impl.RaftServerProxy (RaftServerProxy.java:remove(95)) - 90957f92-0013-496b-a419-9c1212c810e8: remove group-A84590474ECC:null
2019-09-12 04:15:08,971 [RatisPipelineUtilsThread] WARN  pipeline.RatisPipelineUtils (RatisPipelineUtils.java:destroyPipeline(66)) - Pipeline destroy failed for pipeline=PipelineID=71613155-3c20-4db9-a883-a84590474ecc dn=90957f92-0013-496b-a419-9c1212c810e8{ip: 192.168.34.8, host: pr-hdds-1879-pbs75-1821932185, networkLocation: /default-rack, certSerialId: null}
2019-09-12 04:15:08,975 [grpc-default-executor-7] INFO  impl.RaftServerProxy (RaftServerProxy.java:remove(95)) - 8466bef0-9559-4d2e-b20d-aaf3fd2b14fd: remove group-A84590474ECC:null
2019-09-12 04:15:08,981 [RatisPipelineUtilsThread] WARN  pipeline.RatisPipelineUtils (RatisPipelineUtils.java:destroyPipeline(66)) - Pipeline destroy failed for pipeline=PipelineID=71613155-3c20-4db9-a883-a84590474ecc dn=8466bef0-9559-4d2e-b20d-aaf3fd2b14fd{ip: 192.168.34.8, host: pr-hdds-1879-pbs75-1821932185, networkLocation: /default-rack, certSerialId: null}
2019-09-12 04:15:08,984 [grpc-default-executor-7] INFO  impl.RaftServerProxy (RaftServerProxy.java:remove(95)) - 897fdfd8-a3cb-4c9b-9ef8-a626c4e76414: remove group-A84590474ECC:null
2019-09-12 04:15:08,989 [RatisPipelineUtilsThread] WARN  pipeline.RatisPipelineUtils (RatisPipelineUtils.java:destroyPipeline(66)) - Pipeline destroy failed for pipeline=PipelineID=71613155-3c20-4db9-a883-a84590474ecc dn=897fdfd8-a3cb-4c9b-9ef8-a626c4e76414{ip: 192.168.34.8, host: pr-hdds-1879-pbs75-1821932185, networkLocation: /default-rack, certSerialId: null}
2019-09-12 04:15:08,989 [RatisPipelineUtilsThread] ERROR pipeline.SCMPipelineManager (Scheduler.java:lambda$schedule$1(70)) - Destroy pipeline failed for pipeline:Pipeline[ Id: 71613155-3c20-4db9-a883-a84590474ecc, Nodes: 90957f92-0013-496b-a419-9c1212c810e8{ip: 192.168.34.8, host: pr-hdds-1879-pbs75-1821932185, networkLocation: /default-rack, certSerialId: null}8466bef0-9559-4d2e-b20d-aaf3fd2b14fd{ip: 192.168.34.8, host: pr-hdds-1879-pbs75-1821932185, networkLocation: /default-rack, certSerialId: null}897fdfd8-a3cb-4c9b-9ef8-a626c4e76414{ip: 192.168.34.8, host: pr-hdds-1879-pbs75-1821932185, networkLocation: /default-rack, certSerialId: null}, Type:RATIS, Factor:THREE, State:CLOSED]
org.apache.hadoop.hdds.scm.pipeline.PipelineNotFoundException: PipelineID=71613155-3c20-4db9-a883-a84590474ecc not found
	at org.apache.hadoop.hdds.scm.pipeline.PipelineStateMap.getPipeline(PipelineStateMap.java:132)
	at org.apache.hadoop.hdds.scm.pipeline.PipelineStateMap.removePipeline(PipelineStateMap.java:322)
	at org.apache.hadoop.hdds.scm.pipeline.PipelineStateManager.removePipeline(PipelineStateManager.java:107)
	at org.apache.hadoop.hdds.scm.pipeline.SCMPipelineManager.removePipeline(SCMPipelineManager.java:423)
	at org.apache.hadoop.hdds.scm.pipeline.SCMPipelineManager.destroyPipeline(SCMPipelineManager.java:409)
	at org.apache.hadoop.hdds.scm.pipeline.SCMPipelineManager.lambda$finalizeAndDestroyPipeline$0(SCMPipelineManager.java:318)
	at org.apache.hadoop.utils.Scheduler.lambda$schedule$1(Scheduler.java:68)
	at java.util.concurrent.Executors$RunnableAdapter.call(Executors.java:511)
	at java.util.concurrent.FutureTask.run(FutureTask.java:266)
	at java.util.concurrent.ScheduledThreadPoolExecutor$ScheduledFutureTask.access$201(ScheduledThreadPoolExecutor.java:180)
	at java.util.concurrent.ScheduledThreadPoolExecutor$ScheduledFutureTask.run(ScheduledThreadPoolExecutor.java:293)
	at java.util.concurrent.ThreadPoolExecutor.runWorker(ThreadPoolExecutor.java:1149)
	at java.util.concurrent.ThreadPoolExecutor$Worker.run(ThreadPoolExecutor.java:624)
	at java.lang.Thread.run(Thread.java:748)
2019-09-12 04:15:10,180 [grpc-default-executor-7] INFO  client.GrpcClientProtocolClient (GrpcClientProtocolClient.java:onNext(264)) - client-B5F51BC26AA5->897fdfd8-a3cb-4c9b-9ef8-a626c4e76414: receive RaftClientReply:client-B5F51BC26AA5->897fdfd8-a3cb-4c9b-9ef8-a626c4e76414@group-086F4A8DB6EB, cid=82, FAILED org.apache.ratis.protocol.NotLeaderException: Server 897fdfd8-a3cb-4c9b-9ef8-a626c4e76414@group-086F4A8DB6EB is not the leader 8466bef0-9559-4d2e-b20d-aaf3fd2b14fd:192.168.34.8:32905, logIndex=0, commits[897fdfd8-a3cb-4c9b-9ef8-a626c4e76414:c16, 90957f92-0013-496b-a419-9c1212c810e8:c12, 8466bef0-9559-4d2e-b20d-aaf3fd2b14fd:c16]
2019-09-12 04:15:10,577 [java.util.concurrent.ThreadPoolExecutor$Worker@155a4cd5[State = -1, empty queue]] WARN  server.GrpcLogAppender (GrpcLogAppender.java:timeoutAppendRequest(200)) - 8466bef0-9559-4d2e-b20d-aaf3fd2b14fd@group-086F4A8DB6EB->897fdfd8-a3cb-4c9b-9ef8-a626c4e76414-GrpcLogAppender: appendEntries Timeout, request=8466bef0-9559-4d2e-b20d-aaf3fd2b14fd->897fdfd8-a3cb-4c9b-9ef8-a626c4e76414#26-t2, previous=(t:2, i:20), leaderCommit=16, initializing? false, entries: <empty>
2019-09-12 04:15:10,578 [java.util.concurrent.ThreadPoolExecutor$Worker@1335c7b[State = -1, empty queue]] WARN  server.GrpcLogAppender (GrpcLogAppender.java:timeoutAppendRequest(200)) - 8466bef0-9559-4d2e-b20d-aaf3fd2b14fd@group-086F4A8DB6EB->90957f92-0013-496b-a419-9c1212c810e8-GrpcLogAppender: appendEntries Timeout, request=8466bef0-9559-4d2e-b20d-aaf3fd2b14fd->90957f92-0013-496b-a419-9c1212c810e8#26-t2, previous=(t:2, i:20), leaderCommit=16, initializing? false, entries: <empty>
2019-09-12 04:15:10,958 [grpc-default-executor-7] INFO  impl.RaftServerProxy (RaftServerProxy.java:remove(95)) - 90957f92-0013-496b-a419-9c1212c810e8: remove group-A84590474ECC:null
2019-09-12 04:15:10,965 [RatisPipelineUtilsThread] WARN  pipeline.RatisPipelineUtils (RatisPipelineUtils.java:destroyPipeline(66)) - Pipeline destroy failed for pipeline=PipelineID=71613155-3c20-4db9-a883-a84590474ecc dn=90957f92-0013-496b-a419-9c1212c810e8{ip: 192.168.34.8, host: pr-hdds-1879-pbs75-1821932185, networkLocation: /default-rack, certSerialId: null}
2019-09-12 04:15:10,968 [grpc-default-executor-7] INFO  impl.RaftServerProxy (RaftServerProxy.java:remove(95)) - 8466bef0-9559-4d2e-b20d-aaf3fd2b14fd: remove group-A84590474ECC:null
2019-09-12 04:15:10,973 [RatisPipelineUtilsThread] WARN  pipeline.RatisPipelineUtils (RatisPipelineUtils.java:destroyPipeline(66)) - Pipeline destroy failed for pipeline=PipelineID=71613155-3c20-4db9-a883-a84590474ecc dn=8466bef0-9559-4d2e-b20d-aaf3fd2b14fd{ip: 192.168.34.8, host: pr-hdds-1879-pbs75-1821932185, networkLocation: /default-rack, certSerialId: null}
2019-09-12 04:15:10,976 [grpc-default-executor-7] INFO  impl.RaftServerProxy (RaftServerProxy.java:remove(95)) - 897fdfd8-a3cb-4c9b-9ef8-a626c4e76414: remove group-A84590474ECC:null
2019-09-12 04:15:10,985 [RatisPipelineUtilsThread] WARN  pipeline.RatisPipelineUtils (RatisPipelineUtils.java:destroyPipeline(66)) - Pipeline destroy failed for pipeline=PipelineID=71613155-3c20-4db9-a883-a84590474ecc dn=897fdfd8-a3cb-4c9b-9ef8-a626c4e76414{ip: 192.168.34.8, host: pr-hdds-1879-pbs75-1821932185, networkLocation: /default-rack, certSerialId: null}
2019-09-12 04:15:10,985 [RatisPipelineUtilsThread] ERROR pipeline.SCMPipelineManager (Scheduler.java:lambda$schedule$1(70)) - Destroy pipeline failed for pipeline:Pipeline[ Id: 71613155-3c20-4db9-a883-a84590474ecc, Nodes: 90957f92-0013-496b-a419-9c1212c810e8{ip: 192.168.34.8, host: pr-hdds-1879-pbs75-1821932185, networkLocation: /default-rack, certSerialId: null}8466bef0-9559-4d2e-b20d-aaf3fd2b14fd{ip: 192.168.34.8, host: pr-hdds-1879-pbs75-1821932185, networkLocation: /default-rack, certSerialId: null}897fdfd8-a3cb-4c9b-9ef8-a626c4e76414{ip: 192.168.34.8, host: pr-hdds-1879-pbs75-1821932185, networkLocation: /default-rack, certSerialId: null}, Type:RATIS, Factor:THREE, State:CLOSED]
org.apache.hadoop.hdds.scm.pipeline.PipelineNotFoundException: PipelineID=71613155-3c20-4db9-a883-a84590474ecc not found
	at org.apache.hadoop.hdds.scm.pipeline.PipelineStateMap.getPipeline(PipelineStateMap.java:132)
	at org.apache.hadoop.hdds.scm.pipeline.PipelineStateMap.removePipeline(PipelineStateMap.java:322)
	at org.apache.hadoop.hdds.scm.pipeline.PipelineStateManager.removePipeline(PipelineStateManager.java:107)
	at org.apache.hadoop.hdds.scm.pipeline.SCMPipelineManager.removePipeline(SCMPipelineManager.java:423)
	at org.apache.hadoop.hdds.scm.pipeline.SCMPipelineManager.destroyPipeline(SCMPipelineManager.java:409)
	at org.apache.hadoop.hdds.scm.pipeline.SCMPipelineManager.lambda$finalizeAndDestroyPipeline$0(SCMPipelineManager.java:318)
	at org.apache.hadoop.utils.Scheduler.lambda$schedule$1(Scheduler.java:68)
	at java.util.concurrent.Executors$RunnableAdapter.call(Executors.java:511)
	at java.util.concurrent.FutureTask.run(FutureTask.java:266)
	at java.util.concurrent.ScheduledThreadPoolExecutor$ScheduledFutureTask.access$201(ScheduledThreadPoolExecutor.java:180)
	at java.util.concurrent.ScheduledThreadPoolExecutor$ScheduledFutureTask.run(ScheduledThreadPoolExecutor.java:293)
	at java.util.concurrent.ThreadPoolExecutor.runWorker(ThreadPoolExecutor.java:1149)
	at java.util.concurrent.ThreadPoolExecutor$Worker.run(ThreadPoolExecutor.java:624)
	at java.lang.Thread.run(Thread.java:748)
2019-09-12 04:15:13,077 [java.util.concurrent.ThreadPoolExecutor$Worker@155a4cd5[State = -1, empty queue]] WARN  server.GrpcLogAppender (GrpcLogAppender.java:timeoutAppendRequest(200)) - 8466bef0-9559-4d2e-b20d-aaf3fd2b14fd@group-086F4A8DB6EB->897fdfd8-a3cb-4c9b-9ef8-a626c4e76414-GrpcLogAppender: appendEntries Timeout, request=8466bef0-9559-4d2e-b20d-aaf3fd2b14fd->897fdfd8-a3cb-4c9b-9ef8-a626c4e76414#27-t2, previous=(t:2, i:20), leaderCommit=16, initializing? false, entries: <empty>
2019-09-12 04:15:13,078 [java.util.concurrent.ThreadPoolExecutor$Worker@1335c7b[State = -1, empty queue]] WARN  server.GrpcLogAppender (GrpcLogAppender.java:timeoutAppendRequest(200)) - 8466bef0-9559-4d2e-b20d-aaf3fd2b14fd@group-086F4A8DB6EB->90957f92-0013-496b-a419-9c1212c810e8-GrpcLogAppender: appendEntries Timeout, request=8466bef0-9559-4d2e-b20d-aaf3fd2b14fd->90957f92-0013-496b-a419-9c1212c810e8#27-t2, previous=(t:2, i:20), leaderCommit=16, initializing? false, entries: <empty>
2019-09-12 04:15:13,965 [grpc-default-executor-7] INFO  impl.RaftServerProxy (RaftServerProxy.java:remove(95)) - 90957f92-0013-496b-a419-9c1212c810e8: remove group-A84590474ECC:null
2019-09-12 04:15:13,970 [RatisPipelineUtilsThread] WARN  pipeline.RatisPipelineUtils (RatisPipelineUtils.java:destroyPipeline(66)) - Pipeline destroy failed for pipeline=PipelineID=71613155-3c20-4db9-a883-a84590474ecc dn=90957f92-0013-496b-a419-9c1212c810e8{ip: 192.168.34.8, host: pr-hdds-1879-pbs75-1821932185, networkLocation: /default-rack, certSerialId: null}
2019-09-12 04:15:13,973 [grpc-default-executor-7] INFO  impl.RaftServerProxy (RaftServerProxy.java:remove(95)) - 8466bef0-9559-4d2e-b20d-aaf3fd2b14fd: remove group-A84590474ECC:null
2019-09-12 04:15:13,976 [RatisPipelineUtilsThread] WARN  pipeline.RatisPipelineUtils (RatisPipelineUtils.java:destroyPipeline(66)) - Pipeline destroy failed for pipeline=PipelineID=71613155-3c20-4db9-a883-a84590474ecc dn=8466bef0-9559-4d2e-b20d-aaf3fd2b14fd{ip: 192.168.34.8, host: pr-hdds-1879-pbs75-1821932185, networkLocation: /default-rack, certSerialId: null}
2019-09-12 04:15:13,979 [grpc-default-executor-7] INFO  impl.RaftServerProxy (RaftServerProxy.java:remove(95)) - 897fdfd8-a3cb-4c9b-9ef8-a626c4e76414: remove group-A84590474ECC:null
2019-09-12 04:15:13,982 [RatisPipelineUtilsThread] WARN  pipeline.RatisPipelineUtils (RatisPipelineUtils.java:destroyPipeline(66)) - Pipeline destroy failed for pipeline=PipelineID=71613155-3c20-4db9-a883-a84590474ecc dn=897fdfd8-a3cb-4c9b-9ef8-a626c4e76414{ip: 192.168.34.8, host: pr-hdds-1879-pbs75-1821932185, networkLocation: /default-rack, certSerialId: null}
2019-09-12 04:15:13,982 [RatisPipelineUtilsThread] ERROR pipeline.SCMPipelineManager (Scheduler.java:lambda$schedule$1(70)) - Destroy pipeline failed for pipeline:Pipeline[ Id: 71613155-3c20-4db9-a883-a84590474ecc, Nodes: 90957f92-0013-496b-a419-9c1212c810e8{ip: 192.168.34.8, host: pr-hdds-1879-pbs75-1821932185, networkLocation: /default-rack, certSerialId: null}8466bef0-9559-4d2e-b20d-aaf3fd2b14fd{ip: 192.168.34.8, host: pr-hdds-1879-pbs75-1821932185, networkLocation: /default-rack, certSerialId: null}897fdfd8-a3cb-4c9b-9ef8-a626c4e76414{ip: 192.168.34.8, host: pr-hdds-1879-pbs75-1821932185, networkLocation: /default-rack, certSerialId: null}, Type:RATIS, Factor:THREE, State:CLOSED]
org.apache.hadoop.hdds.scm.pipeline.PipelineNotFoundException: PipelineID=71613155-3c20-4db9-a883-a84590474ecc not found
	at org.apache.hadoop.hdds.scm.pipeline.PipelineStateMap.getPipeline(PipelineStateMap.java:132)
	at org.apache.hadoop.hdds.scm.pipeline.PipelineStateMap.removePipeline(PipelineStateMap.java:322)
	at org.apache.hadoop.hdds.scm.pipeline.PipelineStateManager.removePipeline(PipelineStateManager.java:107)
	at org.apache.hadoop.hdds.scm.pipeline.SCMPipelineManager.removePipeline(SCMPipelineManager.java:423)
	at org.apache.hadoop.hdds.scm.pipeline.SCMPipelineManager.destroyPipeline(SCMPipelineManager.java:409)
	at org.apache.hadoop.hdds.scm.pipeline.SCMPipelineManager.lambda$finalizeAndDestroyPipeline$0(SCMPipelineManager.java:318)
	at org.apache.hadoop.utils.Scheduler.lambda$schedule$1(Scheduler.java:68)
	at java.util.concurrent.Executors$RunnableAdapter.call(Executors.java:511)
	at java.util.concurrent.FutureTask.run(FutureTask.java:266)
	at java.util.concurrent.ScheduledThreadPoolExecutor$ScheduledFutureTask.access$201(ScheduledThreadPoolExecutor.java:180)
	at java.util.concurrent.ScheduledThreadPoolExecutor$ScheduledFutureTask.run(ScheduledThreadPoolExecutor.java:293)
	at java.util.concurrent.ThreadPoolExecutor.runWorker(ThreadPoolExecutor.java:1149)
	at java.util.concurrent.ThreadPoolExecutor$Worker.run(ThreadPoolExecutor.java:624)
	at java.lang.Thread.run(Thread.java:748)
2019-09-12 04:15:15,067 [8466bef0-9559-4d2e-b20d-aaf3fd2b14fd@group-086F4A8DB6EB-SegmentedRaftLogWorker] WARN  segmented.SegmentedRaftLogWorker (SegmentedRaftLogWorker.java:getFromFuture(90)) - Timeout 1/~
org.apache.ratis.protocol.TimeoutIOException: Timeout 10s: WriteLog:17: (t:2, i:17), STATEMACHINELOGENTRY, client-B5F51BC26AA5, cid=82-writeStateMachineData
	at org.apache.ratis.util.IOUtils.getFromFuture(IOUtils.java:87)
	at org.apache.ratis.server.raftlog.segmented.SegmentedRaftLogWorker$StateMachineDataPolicy.getFromFuture(SegmentedRaftLogWorker.java:87)
	at org.apache.ratis.server.raftlog.segmented.SegmentedRaftLogWorker$WriteLog.execute(SegmentedRaftLogWorker.java:477)
	at org.apache.ratis.server.raftlog.segmented.SegmentedRaftLogWorker.run(SegmentedRaftLogWorker.java:289)
	at java.lang.Thread.run(Thread.java:748)
Caused by: java.util.concurrent.TimeoutException
	at java.util.concurrent.CompletableFuture.timedGet(CompletableFuture.java:1771)
	at java.util.concurrent.CompletableFuture.get(CompletableFuture.java:1915)
	at org.apache.ratis.util.IOUtils.getFromFuture(IOUtils.java:79)
	... 4 more
2019-09-12 04:15:15,070 [90957f92-0013-496b-a419-9c1212c810e8@group-086F4A8DB6EB-SegmentedRaftLogWorker] WARN  segmented.SegmentedRaftLogWorker (SegmentedRaftLogWorker.java:getFromFuture(90)) - Timeout 1/~
org.apache.ratis.protocol.TimeoutIOException: Timeout 10s: WriteLog:17: (t:2, i:17), STATEMACHINELOGENTRY, client-B5F51BC26AA5, cid=82-writeStateMachineData
	at org.apache.ratis.util.IOUtils.getFromFuture(IOUtils.java:87)
	at org.apache.ratis.server.raftlog.segmented.SegmentedRaftLogWorker$StateMachineDataPolicy.getFromFuture(SegmentedRaftLogWorker.java:87)
	at org.apache.ratis.server.raftlog.segmented.SegmentedRaftLogWorker$WriteLog.execute(SegmentedRaftLogWorker.java:477)
	at org.apache.ratis.server.raftlog.segmented.SegmentedRaftLogWorker.run(SegmentedRaftLogWorker.java:289)
	at java.lang.Thread.run(Thread.java:748)
Caused by: java.util.concurrent.TimeoutException
	at java.util.concurrent.CompletableFuture.timedGet(CompletableFuture.java:1771)
	at java.util.concurrent.CompletableFuture.get(CompletableFuture.java:1915)
	at org.apache.ratis.util.IOUtils.getFromFuture(IOUtils.java:79)
	... 4 more
2019-09-12 04:15:15,235 [grpc-default-executor-7] INFO  client.GrpcClientProtocolClient (GrpcClientProtocolClient.java:onNext(264)) - client-B5F51BC26AA5->90957f92-0013-496b-a419-9c1212c810e8: receive RaftClientReply:client-B5F51BC26AA5->90957f92-0013-496b-a419-9c1212c810e8@group-086F4A8DB6EB, cid=82, FAILED org.apache.ratis.protocol.NotLeaderException: Server 90957f92-0013-496b-a419-9c1212c810e8@group-086F4A8DB6EB is not the leader 8466bef0-9559-4d2e-b20d-aaf3fd2b14fd:192.168.34.8:32905, logIndex=0, commits[90957f92-0013-496b-a419-9c1212c810e8:c16, 897fdfd8-a3cb-4c9b-9ef8-a626c4e76414:c12, 8466bef0-9559-4d2e-b20d-aaf3fd2b14fd:c16]
2019-09-12 04:15:15,284 [897fdfd8-a3cb-4c9b-9ef8-a626c4e76414@group-086F4A8DB6EB-SegmentedRaftLogWorker] WARN  segmented.SegmentedRaftLogWorker (SegmentedRaftLogWorker.java:getFromFuture(90)) - Timeout 1/~
org.apache.ratis.protocol.TimeoutIOException: Timeout 10s: WriteLog:19: (t:2, i:19), STATEMACHINELOGENTRY, client-B5F51BC26AA5, cid=84-writeStateMachineData
	at org.apache.ratis.util.IOUtils.getFromFuture(IOUtils.java:87)
	at org.apache.ratis.server.raftlog.segmented.SegmentedRaftLogWorker$StateMachineDataPolicy.getFromFuture(SegmentedRaftLogWorker.java:87)
	at org.apache.ratis.server.raftlog.segmented.SegmentedRaftLogWorker$WriteLog.execute(SegmentedRaftLogWorker.java:477)
	at org.apache.ratis.server.raftlog.segmented.SegmentedRaftLogWorker.run(SegmentedRaftLogWorker.java:289)
	at java.lang.Thread.run(Thread.java:748)
Caused by: java.util.concurrent.TimeoutException
	at java.util.concurrent.CompletableFuture.timedGet(CompletableFuture.java:1771)
	at java.util.concurrent.CompletableFuture.get(CompletableFuture.java:1915)
	at org.apache.ratis.util.IOUtils.getFromFuture(IOUtils.java:79)
	... 4 more
2019-09-12 04:15:15,578 [java.util.concurrent.ThreadPoolExecutor$Worker@155a4cd5[State = -1, empty queue]] WARN  server.GrpcLogAppender (GrpcLogAppender.java:timeoutAppendRequest(200)) - 8466bef0-9559-4d2e-b20d-aaf3fd2b14fd@group-086F4A8DB6EB->897fdfd8-a3cb-4c9b-9ef8-a626c4e76414-GrpcLogAppender: appendEntries Timeout, request=8466bef0-9559-4d2e-b20d-aaf3fd2b14fd->897fdfd8-a3cb-4c9b-9ef8-a626c4e76414#28-t2, previous=(t:2, i:20), leaderCommit=16, initializing? false, entries: <empty>
2019-09-12 04:15:15,579 [java.util.concurrent.ThreadPoolExecutor$Worker@1335c7b[State = -1, empty queue]] WARN  server.GrpcLogAppender (GrpcLogAppender.java:timeoutAppendRequest(200)) - 8466bef0-9559-4d2e-b20d-aaf3fd2b14fd@group-086F4A8DB6EB->90957f92-0013-496b-a419-9c1212c810e8-GrpcLogAppender: appendEntries Timeout, request=8466bef0-9559-4d2e-b20d-aaf3fd2b14fd->90957f92-0013-496b-a419-9c1212c810e8#28-t2, previous=(t:2, i:20), leaderCommit=16, initializing? false, entries: <empty>
2019-09-12 04:15:15,958 [grpc-default-executor-6] INFO  impl.RaftServerProxy (RaftServerProxy.java:remove(95)) - 90957f92-0013-496b-a419-9c1212c810e8: remove group-A84590474ECC:null
2019-09-12 04:15:15,963 [RatisPipelineUtilsThread] WARN  pipeline.RatisPipelineUtils (RatisPipelineUtils.java:destroyPipeline(66)) - Pipeline destroy failed for pipeline=PipelineID=71613155-3c20-4db9-a883-a84590474ecc dn=90957f92-0013-496b-a419-9c1212c810e8{ip: 192.168.34.8, host: pr-hdds-1879-pbs75-1821932185, networkLocation: /default-rack, certSerialId: null}
2019-09-12 04:15:15,966 [grpc-default-executor-6] INFO  impl.RaftServerProxy (RaftServerProxy.java:remove(95)) - 8466bef0-9559-4d2e-b20d-aaf3fd2b14fd: remove group-A84590474ECC:null
2019-09-12 04:15:15,969 [RatisPipelineUtilsThread] WARN  pipeline.RatisPipelineUtils (RatisPipelineUtils.java:destroyPipeline(66)) - Pipeline destroy failed for pipeline=PipelineID=71613155-3c20-4db9-a883-a84590474ecc dn=8466bef0-9559-4d2e-b20d-aaf3fd2b14fd{ip: 192.168.34.8, host: pr-hdds-1879-pbs75-1821932185, networkLocation: /default-rack, certSerialId: null}
2019-09-12 04:15:15,973 [grpc-default-executor-6] INFO  impl.RaftServerProxy (RaftServerProxy.java:remove(95)) - 897fdfd8-a3cb-4c9b-9ef8-a626c4e76414: remove group-A84590474ECC:null
2019-09-12 04:15:15,975 [RatisPipelineUtilsThread] WARN  pipeline.RatisPipelineUtils (RatisPipelineUtils.java:destroyPipeline(66)) - Pipeline destroy failed for pipeline=PipelineID=71613155-3c20-4db9-a883-a84590474ecc dn=897fdfd8-a3cb-4c9b-9ef8-a626c4e76414{ip: 192.168.34.8, host: pr-hdds-1879-pbs75-1821932185, networkLocation: /default-rack, certSerialId: null}
2019-09-12 04:15:15,976 [RatisPipelineUtilsThread] ERROR pipeline.SCMPipelineManager (Scheduler.java:lambda$schedule$1(70)) - Destroy pipeline failed for pipeline:Pipeline[ Id: 71613155-3c20-4db9-a883-a84590474ecc, Nodes: 90957f92-0013-496b-a419-9c1212c810e8{ip: 192.168.34.8, host: pr-hdds-1879-pbs75-1821932185, networkLocation: /default-rack, certSerialId: null}8466bef0-9559-4d2e-b20d-aaf3fd2b14fd{ip: 192.168.34.8, host: pr-hdds-1879-pbs75-1821932185, networkLocation: /default-rack, certSerialId: null}897fdfd8-a3cb-4c9b-9ef8-a626c4e76414{ip: 192.168.34.8, host: pr-hdds-1879-pbs75-1821932185, networkLocation: /default-rack, certSerialId: null}, Type:RATIS, Factor:THREE, State:CLOSED]
org.apache.hadoop.hdds.scm.pipeline.PipelineNotFoundException: PipelineID=71613155-3c20-4db9-a883-a84590474ecc not found
	at org.apache.hadoop.hdds.scm.pipeline.PipelineStateMap.getPipeline(PipelineStateMap.java:132)
	at org.apache.hadoop.hdds.scm.pipeline.PipelineStateMap.removePipeline(PipelineStateMap.java:322)
	at org.apache.hadoop.hdds.scm.pipeline.PipelineStateManager.removePipeline(PipelineStateManager.java:107)
	at org.apache.hadoop.hdds.scm.pipeline.SCMPipelineManager.removePipeline(SCMPipelineManager.java:423)
	at org.apache.hadoop.hdds.scm.pipeline.SCMPipelineManager.destroyPipeline(SCMPipelineManager.java:409)
	at org.apache.hadoop.hdds.scm.pipeline.SCMPipelineManager.lambda$finalizeAndDestroyPipeline$0(SCMPipelineManager.java:318)
	at org.apache.hadoop.utils.Scheduler.lambda$schedule$1(Scheduler.java:68)
	at java.util.concurrent.Executors$RunnableAdapter.call(Executors.java:511)
	at java.util.concurrent.FutureTask.run(FutureTask.java:266)
	at java.util.concurrent.ScheduledThreadPoolExecutor$ScheduledFutureTask.access$201(ScheduledThreadPoolExecutor.java:180)
	at java.util.concurrent.ScheduledThreadPoolExecutor$ScheduledFutureTask.run(ScheduledThreadPoolExecutor.java:293)
	at java.util.concurrent.ThreadPoolExecutor.runWorker(ThreadPoolExecutor.java:1149)
	at java.util.concurrent.ThreadPoolExecutor$Worker.run(ThreadPoolExecutor.java:624)
	at java.lang.Thread.run(Thread.java:748)
2019-09-12 04:15:18,080 [java.util.concurrent.ThreadPoolExecutor$Worker@1335c7b[State = -1, empty queue]] WARN  server.GrpcLogAppender (GrpcLogAppender.java:timeoutAppendRequest(200)) - 8466bef0-9559-4d2e-b20d-aaf3fd2b14fd@group-086F4A8DB6EB->90957f92-0013-496b-a419-9c1212c810e8-GrpcLogAppender: appendEntries Timeout, request=8466bef0-9559-4d2e-b20d-aaf3fd2b14fd->90957f92-0013-496b-a419-9c1212c810e8#29-t2, previous=(t:2, i:20), leaderCommit=16, initializing? false, entries: <empty>
2019-09-12 04:15:18,080 [java.util.concurrent.ThreadPoolExecutor$Worker@155a4cd5[State = -1, empty queue]] WARN  server.GrpcLogAppender (GrpcLogAppender.java:timeoutAppendRequest(200)) - 8466bef0-9559-4d2e-b20d-aaf3fd2b14fd@group-086F4A8DB6EB->897fdfd8-a3cb-4c9b-9ef8-a626c4e76414-GrpcLogAppender: appendEntries Timeout, request=8466bef0-9559-4d2e-b20d-aaf3fd2b14fd->897fdfd8-a3cb-4c9b-9ef8-a626c4e76414#29-t2, previous=(t:2, i:20), leaderCommit=16, initializing? false, entries: <empty>
2019-09-12 04:15:18,965 [grpc-default-executor-7] INFO  impl.RaftServerProxy (RaftServerProxy.java:remove(95)) - 90957f92-0013-496b-a419-9c1212c810e8: remove group-A84590474ECC:null
2019-09-12 04:15:18,971 [RatisPipelineUtilsThread] WARN  pipeline.RatisPipelineUtils (RatisPipelineUtils.java:destroyPipeline(66)) - Pipeline destroy failed for pipeline=PipelineID=71613155-3c20-4db9-a883-a84590474ecc dn=90957f92-0013-496b-a419-9c1212c810e8{ip: 192.168.34.8, host: pr-hdds-1879-pbs75-1821932185, networkLocation: /default-rack, certSerialId: null}
2019-09-12 04:15:18,976 [grpc-default-executor-7] INFO  impl.RaftServerProxy (RaftServerProxy.java:remove(95)) - 8466bef0-9559-4d2e-b20d-aaf3fd2b14fd: remove group-A84590474ECC:null
2019-09-12 04:15:18,980 [RatisPipelineUtilsThread] WARN  pipeline.RatisPipelineUtils (RatisPipelineUtils.java:destroyPipeline(66)) - Pipeline destroy failed for pipeline=PipelineID=71613155-3c20-4db9-a883-a84590474ecc dn=8466bef0-9559-4d2e-b20d-aaf3fd2b14fd{ip: 192.168.34.8, host: pr-hdds-1879-pbs75-1821932185, networkLocation: /default-rack, certSerialId: null}
2019-09-12 04:15:18,985 [grpc-default-executor-7] INFO  impl.RaftServerProxy (RaftServerProxy.java:remove(95)) - 897fdfd8-a3cb-4c9b-9ef8-a626c4e76414: remove group-A84590474ECC:null
2019-09-12 04:15:18,989 [RatisPipelineUtilsThread] WARN  pipeline.RatisPipelineUtils (RatisPipelineUtils.java:destroyPipeline(66)) - Pipeline destroy failed for pipeline=PipelineID=71613155-3c20-4db9-a883-a84590474ecc dn=897fdfd8-a3cb-4c9b-9ef8-a626c4e76414{ip: 192.168.34.8, host: pr-hdds-1879-pbs75-1821932185, networkLocation: /default-rack, certSerialId: null}
2019-09-12 04:15:18,989 [RatisPipelineUtilsThread] ERROR pipeline.SCMPipelineManager (Scheduler.java:lambda$schedule$1(70)) - Destroy pipeline failed for pipeline:Pipeline[ Id: 71613155-3c20-4db9-a883-a84590474ecc, Nodes: 90957f92-0013-496b-a419-9c1212c810e8{ip: 192.168.34.8, host: pr-hdds-1879-pbs75-1821932185, networkLocation: /default-rack, certSerialId: null}8466bef0-9559-4d2e-b20d-aaf3fd2b14fd{ip: 192.168.34.8, host: pr-hdds-1879-pbs75-1821932185, networkLocation: /default-rack, certSerialId: null}897fdfd8-a3cb-4c9b-9ef8-a626c4e76414{ip: 192.168.34.8, host: pr-hdds-1879-pbs75-1821932185, networkLocation: /default-rack, certSerialId: null}, Type:RATIS, Factor:THREE, State:CLOSED]
org.apache.hadoop.hdds.scm.pipeline.PipelineNotFoundException: PipelineID=71613155-3c20-4db9-a883-a84590474ecc not found
	at org.apache.hadoop.hdds.scm.pipeline.PipelineStateMap.getPipeline(PipelineStateMap.java:132)
	at org.apache.hadoop.hdds.scm.pipeline.PipelineStateMap.removePipeline(PipelineStateMap.java:322)
	at org.apache.hadoop.hdds.scm.pipeline.PipelineStateManager.removePipeline(PipelineStateManager.java:107)
	at org.apache.hadoop.hdds.scm.pipeline.SCMPipelineManager.removePipeline(SCMPipelineManager.java:423)
	at org.apache.hadoop.hdds.scm.pipeline.SCMPipelineManager.destroyPipeline(SCMPipelineManager.java:409)
	at org.apache.hadoop.hdds.scm.pipeline.SCMPipelineManager.lambda$finalizeAndDestroyPipeline$0(SCMPipelineManager.java:318)
	at org.apache.hadoop.utils.Scheduler.lambda$schedule$1(Scheduler.java:68)
	at java.util.concurrent.Executors$RunnableAdapter.call(Executors.java:511)
	at java.util.concurrent.FutureTask.run(FutureTask.java:266)
	at java.util.concurrent.ScheduledThreadPoolExecutor$ScheduledFutureTask.access$201(ScheduledThreadPoolExecutor.java:180)
	at java.util.concurrent.ScheduledThreadPoolExecutor$ScheduledFutureTask.run(ScheduledThreadPoolExecutor.java:293)
	at java.util.concurrent.ThreadPoolExecutor.runWorker(ThreadPoolExecutor.java:1149)
	at java.util.concurrent.ThreadPoolExecutor$Worker.run(ThreadPoolExecutor.java:624)
	at java.lang.Thread.run(Thread.java:748)
2019-09-12 04:15:20,289 [grpc-default-executor-7] INFO  client.GrpcClientProtocolClient (GrpcClientProtocolClient.java:onNext(264)) - client-B5F51BC26AA5->90957f92-0013-496b-a419-9c1212c810e8: receive RaftClientReply:client-B5F51BC26AA5->90957f92-0013-496b-a419-9c1212c810e8@group-086F4A8DB6EB, cid=82, FAILED org.apache.ratis.protocol.NotLeaderException: Server 90957f92-0013-496b-a419-9c1212c810e8@group-086F4A8DB6EB is not the leader 8466bef0-9559-4d2e-b20d-aaf3fd2b14fd:192.168.34.8:32905, logIndex=0, commits[90957f92-0013-496b-a419-9c1212c810e8:c16, 897fdfd8-a3cb-4c9b-9ef8-a626c4e76414:c12, 8466bef0-9559-4d2e-b20d-aaf3fd2b14fd:c16]
2019-09-12 04:15:20,581 [java.util.concurrent.ThreadPoolExecutor$Worker@155a4cd5[State = -1, empty queue]] WARN  server.GrpcLogAppender (GrpcLogAppender.java:timeoutAppendRequest(200)) - 8466bef0-9559-4d2e-b20d-aaf3fd2b14fd@group-086F4A8DB6EB->897fdfd8-a3cb-4c9b-9ef8-a626c4e76414-GrpcLogAppender: appendEntries Timeout, request=8466bef0-9559-4d2e-b20d-aaf3fd2b14fd->897fdfd8-a3cb-4c9b-9ef8-a626c4e76414#30-t2, previous=(t:2, i:20), leaderCommit=16, initializing? false, entries: <empty>
2019-09-12 04:15:20,581 [java.util.concurrent.ThreadPoolExecutor$Worker@1335c7b[State = -1, empty queue]] WARN  server.GrpcLogAppender (GrpcLogAppender.java:timeoutAppendRequest(200)) - 8466bef0-9559-4d2e-b20d-aaf3fd2b14fd@group-086F4A8DB6EB->90957f92-0013-496b-a419-9c1212c810e8-GrpcLogAppender: appendEntries Timeout, request=8466bef0-9559-4d2e-b20d-aaf3fd2b14fd->90957f92-0013-496b-a419-9c1212c810e8#30-t2, previous=(t:2, i:20), leaderCommit=16, initializing? false, entries: <empty>
2019-09-12 04:15:20,961 [grpc-default-executor-6] INFO  impl.RaftServerProxy (RaftServerProxy.java:remove(95)) - 90957f92-0013-496b-a419-9c1212c810e8: remove group-A84590474ECC:null
2019-09-12 04:15:20,964 [RatisPipelineUtilsThread] WARN  pipeline.RatisPipelineUtils (RatisPipelineUtils.java:destroyPipeline(66)) - Pipeline destroy failed for pipeline=PipelineID=71613155-3c20-4db9-a883-a84590474ecc dn=90957f92-0013-496b-a419-9c1212c810e8{ip: 192.168.34.8, host: pr-hdds-1879-pbs75-1821932185, networkLocation: /default-rack, certSerialId: null}
2019-09-12 04:15:20,968 [grpc-default-executor-6] INFO  impl.RaftServerProxy (RaftServerProxy.java:remove(95)) - 8466bef0-9559-4d2e-b20d-aaf3fd2b14fd: remove group-A84590474ECC:null
2019-09-12 04:15:20,970 [RatisPipelineUtilsThread] WARN  pipeline.RatisPipelineUtils (RatisPipelineUtils.java:destroyPipeline(66)) - Pipeline destroy failed for pipeline=PipelineID=71613155-3c20-4db9-a883-a84590474ecc dn=8466bef0-9559-4d2e-b20d-aaf3fd2b14fd{ip: 192.168.34.8, host: pr-hdds-1879-pbs75-1821932185, networkLocation: /default-rack, certSerialId: null}
2019-09-12 04:15:20,973 [grpc-default-executor-6] INFO  impl.RaftServerProxy (RaftServerProxy.java:remove(95)) - 897fdfd8-a3cb-4c9b-9ef8-a626c4e76414: remove group-A84590474ECC:null
2019-09-12 04:15:20,976 [RatisPipelineUtilsThread] WARN  pipeline.RatisPipelineUtils (RatisPipelineUtils.java:destroyPipeline(66)) - Pipeline destroy failed for pipeline=PipelineID=71613155-3c20-4db9-a883-a84590474ecc dn=897fdfd8-a3cb-4c9b-9ef8-a626c4e76414{ip: 192.168.34.8, host: pr-hdds-1879-pbs75-1821932185, networkLocation: /default-rack, certSerialId: null}
2019-09-12 04:15:20,976 [RatisPipelineUtilsThread] ERROR pipeline.SCMPipelineManager (Scheduler.java:lambda$schedule$1(70)) - Destroy pipeline failed for pipeline:Pipeline[ Id: 71613155-3c20-4db9-a883-a84590474ecc, Nodes: 90957f92-0013-496b-a419-9c1212c810e8{ip: 192.168.34.8, host: pr-hdds-1879-pbs75-1821932185, networkLocation: /default-rack, certSerialId: null}8466bef0-9559-4d2e-b20d-aaf3fd2b14fd{ip: 192.168.34.8, host: pr-hdds-1879-pbs75-1821932185, networkLocation: /default-rack, certSerialId: null}897fdfd8-a3cb-4c9b-9ef8-a626c4e76414{ip: 192.168.34.8, host: pr-hdds-1879-pbs75-1821932185, networkLocation: /default-rack, certSerialId: null}, Type:RATIS, Factor:THREE, State:CLOSED]
org.apache.hadoop.hdds.scm.pipeline.PipelineNotFoundException: PipelineID=71613155-3c20-4db9-a883-a84590474ecc not found
	at org.apache.hadoop.hdds.scm.pipeline.PipelineStateMap.getPipeline(PipelineStateMap.java:132)
	at org.apache.hadoop.hdds.scm.pipeline.PipelineStateMap.removePipeline(PipelineStateMap.java:322)
	at org.apache.hadoop.hdds.scm.pipeline.PipelineStateManager.removePipeline(PipelineStateManager.java:107)
	at org.apache.hadoop.hdds.scm.pipeline.SCMPipelineManager.removePipeline(SCMPipelineManager.java:423)
	at org.apache.hadoop.hdds.scm.pipeline.SCMPipelineManager.destroyPipeline(SCMPipelineManager.java:409)
	at org.apache.hadoop.hdds.scm.pipeline.SCMPipelineManager.lambda$finalizeAndDestroyPipeline$0(SCMPipelineManager.java:318)
	at org.apache.hadoop.utils.Scheduler.lambda$schedule$1(Scheduler.java:68)
	at java.util.concurrent.Executors$RunnableAdapter.call(Executors.java:511)
	at java.util.concurrent.FutureTask.run(FutureTask.java:266)
	at java.util.concurrent.ScheduledThreadPoolExecutor$ScheduledFutureTask.access$201(ScheduledThreadPoolExecutor.java:180)
	at java.util.concurrent.ScheduledThreadPoolExecutor$ScheduledFutureTask.run(ScheduledThreadPoolExecutor.java:293)
	at java.util.concurrent.ThreadPoolExecutor.runWorker(ThreadPoolExecutor.java:1149)
	at java.util.concurrent.ThreadPoolExecutor$Worker.run(ThreadPoolExecutor.java:624)
	at java.lang.Thread.run(Thread.java:748)
2019-09-12 04:15:23,082 [java.util.concurrent.ThreadPoolExecutor$Worker@1335c7b[State = -1, empty queue]] WARN  server.GrpcLogAppender (GrpcLogAppender.java:timeoutAppendRequest(200)) - 8466bef0-9559-4d2e-b20d-aaf3fd2b14fd@group-086F4A8DB6EB->90957f92-0013-496b-a419-9c1212c810e8-GrpcLogAppender: appendEntries Timeout, request=8466bef0-9559-4d2e-b20d-aaf3fd2b14fd->90957f92-0013-496b-a419-9c1212c810e8#31-t2, previous=(t:2, i:20), leaderCommit=16, initializing? false, entries: <empty>
2019-09-12 04:15:23,082 [java.util.concurrent.ThreadPoolExecutor$Worker@155a4cd5[State = -1, empty queue]] WARN  server.GrpcLogAppender (GrpcLogAppender.java:timeoutAppendRequest(200)) - 8466bef0-9559-4d2e-b20d-aaf3fd2b14fd@group-086F4A8DB6EB->897fdfd8-a3cb-4c9b-9ef8-a626c4e76414-GrpcLogAppender: appendEntries Timeout, request=8466bef0-9559-4d2e-b20d-aaf3fd2b14fd->897fdfd8-a3cb-4c9b-9ef8-a626c4e76414#31-t2, previous=(t:2, i:20), leaderCommit=16, initializing? false, entries: <empty>
2019-09-12 04:15:23,965 [grpc-default-executor-6] INFO  impl.RaftServerProxy (RaftServerProxy.java:remove(95)) - 90957f92-0013-496b-a419-9c1212c810e8: remove group-A84590474ECC:null
2019-09-12 04:15:23,970 [RatisPipelineUtilsThread] WARN  pipeline.RatisPipelineUtils (RatisPipelineUtils.java:destroyPipeline(66)) - Pipeline destroy failed for pipeline=PipelineID=71613155-3c20-4db9-a883-a84590474ecc dn=90957f92-0013-496b-a419-9c1212c810e8{ip: 192.168.34.8, host: pr-hdds-1879-pbs75-1821932185, networkLocation: /default-rack, certSerialId: null}
2019-09-12 04:15:23,972 [grpc-default-executor-6] INFO  impl.RaftServerProxy (RaftServerProxy.java:remove(95)) - 8466bef0-9559-4d2e-b20d-aaf3fd2b14fd: remove group-A84590474ECC:null
2019-09-12 04:15:23,974 [RatisPipelineUtilsThread] WARN  pipeline.RatisPipelineUtils (RatisPipelineUtils.java:destroyPipeline(66)) - Pipeline destroy failed for pipeline=PipelineID=71613155-3c20-4db9-a883-a84590474ecc dn=8466bef0-9559-4d2e-b20d-aaf3fd2b14fd{ip: 192.168.34.8, host: pr-hdds-1879-pbs75-1821932185, networkLocation: /default-rack, certSerialId: null}
2019-09-12 04:15:23,977 [grpc-default-executor-6] INFO  impl.RaftServerProxy (RaftServerProxy.java:remove(95)) - 897fdfd8-a3cb-4c9b-9ef8-a626c4e76414: remove group-A84590474ECC:null
2019-09-12 04:15:23,979 [RatisPipelineUtilsThread] WARN  pipeline.RatisPipelineUtils (RatisPipelineUtils.java:destroyPipeline(66)) - Pipeline destroy failed for pipeline=PipelineID=71613155-3c20-4db9-a883-a84590474ecc dn=897fdfd8-a3cb-4c9b-9ef8-a626c4e76414{ip: 192.168.34.8, host: pr-hdds-1879-pbs75-1821932185, networkLocation: /default-rack, certSerialId: null}
2019-09-12 04:15:23,979 [RatisPipelineUtilsThread] ERROR pipeline.SCMPipelineManager (Scheduler.java:lambda$schedule$1(70)) - Destroy pipeline failed for pipeline:Pipeline[ Id: 71613155-3c20-4db9-a883-a84590474ecc, Nodes: 90957f92-0013-496b-a419-9c1212c810e8{ip: 192.168.34.8, host: pr-hdds-1879-pbs75-1821932185, networkLocation: /default-rack, certSerialId: null}8466bef0-9559-4d2e-b20d-aaf3fd2b14fd{ip: 192.168.34.8, host: pr-hdds-1879-pbs75-1821932185, networkLocation: /default-rack, certSerialId: null}897fdfd8-a3cb-4c9b-9ef8-a626c4e76414{ip: 192.168.34.8, host: pr-hdds-1879-pbs75-1821932185, networkLocation: /default-rack, certSerialId: null}, Type:RATIS, Factor:THREE, State:CLOSED]
org.apache.hadoop.hdds.scm.pipeline.PipelineNotFoundException: PipelineID=71613155-3c20-4db9-a883-a84590474ecc not found
	at org.apache.hadoop.hdds.scm.pipeline.PipelineStateMap.getPipeline(PipelineStateMap.java:132)
	at org.apache.hadoop.hdds.scm.pipeline.PipelineStateMap.removePipeline(PipelineStateMap.java:322)
	at org.apache.hadoop.hdds.scm.pipeline.PipelineStateManager.removePipeline(PipelineStateManager.java:107)
	at org.apache.hadoop.hdds.scm.pipeline.SCMPipelineManager.removePipeline(SCMPipelineManager.java:423)
	at org.apache.hadoop.hdds.scm.pipeline.SCMPipelineManager.destroyPipeline(SCMPipelineManager.java:409)
	at org.apache.hadoop.hdds.scm.pipeline.SCMPipelineManager.lambda$finalizeAndDestroyPipeline$0(SCMPipelineManager.java:318)
	at org.apache.hadoop.utils.Scheduler.lambda$schedule$1(Scheduler.java:68)
	at java.util.concurrent.Executors$RunnableAdapter.call(Executors.java:511)
	at java.util.concurrent.FutureTask.run(FutureTask.java:266)
	at java.util.concurrent.ScheduledThreadPoolExecutor$ScheduledFutureTask.access$201(ScheduledThreadPoolExecutor.java:180)
	at java.util.concurrent.ScheduledThreadPoolExecutor$ScheduledFutureTask.run(ScheduledThreadPoolExecutor.java:293)
	at java.util.concurrent.ThreadPoolExecutor.runWorker(ThreadPoolExecutor.java:1149)
	at java.util.concurrent.ThreadPoolExecutor$Worker.run(ThreadPoolExecutor.java:624)
	at java.lang.Thread.run(Thread.java:748)
2019-09-12 04:15:25,069 [8466bef0-9559-4d2e-b20d-aaf3fd2b14fd@group-086F4A8DB6EB-SegmentedRaftLogWorker] WARN  segmented.SegmentedRaftLogWorker (SegmentedRaftLogWorker.java:getFromFuture(90)) - Timeout 2/~
org.apache.ratis.protocol.TimeoutIOException: Timeout 10s: WriteLog:17: (t:2, i:17), STATEMACHINELOGENTRY, client-B5F51BC26AA5, cid=82-writeStateMachineData
	at org.apache.ratis.util.IOUtils.getFromFuture(IOUtils.java:87)
	at org.apache.ratis.server.raftlog.segmented.SegmentedRaftLogWorker$StateMachineDataPolicy.getFromFuture(SegmentedRaftLogWorker.java:87)
	at org.apache.ratis.server.raftlog.segmented.SegmentedRaftLogWorker$WriteLog.execute(SegmentedRaftLogWorker.java:477)
	at org.apache.ratis.server.raftlog.segmented.SegmentedRaftLogWorker.run(SegmentedRaftLogWorker.java:289)
	at java.lang.Thread.run(Thread.java:748)
Caused by: java.util.concurrent.TimeoutException
	at java.util.concurrent.CompletableFuture.timedGet(CompletableFuture.java:1771)
	at java.util.concurrent.CompletableFuture.get(CompletableFuture.java:1915)
	at org.apache.ratis.util.IOUtils.getFromFuture(IOUtils.java:79)
	... 4 more
2019-09-12 04:15:25,071 [90957f92-0013-496b-a419-9c1212c810e8@group-086F4A8DB6EB-SegmentedRaftLogWorker] WARN  segmented.SegmentedRaftLogWorker (SegmentedRaftLogWorker.java:getFromFuture(90)) - Timeout 2/~
org.apache.ratis.protocol.TimeoutIOException: Timeout 10s: WriteLog:17: (t:2, i:17), STATEMACHINELOGENTRY, client-B5F51BC26AA5, cid=82-writeStateMachineData
	at org.apache.ratis.util.IOUtils.getFromFuture(IOUtils.java:87)
	at org.apache.ratis.server.raftlog.segmented.SegmentedRaftLogWorker$StateMachineDataPolicy.getFromFuture(SegmentedRaftLogWorker.java:87)
	at org.apache.ratis.server.raftlog.segmented.SegmentedRaftLogWorker$WriteLog.execute(SegmentedRaftLogWorker.java:477)
	at org.apache.ratis.server.raftlog.segmented.SegmentedRaftLogWorker.run(SegmentedRaftLogWorker.java:289)
	at java.lang.Thread.run(Thread.java:748)
Caused by: java.util.concurrent.TimeoutException
	at java.util.concurrent.CompletableFuture.timedGet(CompletableFuture.java:1771)
	at java.util.concurrent.CompletableFuture.get(CompletableFuture.java:1915)
	at org.apache.ratis.util.IOUtils.getFromFuture(IOUtils.java:79)
	... 4 more
2019-09-12 04:15:25,286 [897fdfd8-a3cb-4c9b-9ef8-a626c4e76414@group-086F4A8DB6EB-SegmentedRaftLogWorker] WARN  segmented.SegmentedRaftLogWorker (SegmentedRaftLogWorker.java:getFromFuture(90)) - Timeout 2/~
org.apache.ratis.protocol.TimeoutIOException: Timeout 10s: WriteLog:19: (t:2, i:19), STATEMACHINELOGENTRY, client-B5F51BC26AA5, cid=84-writeStateMachineData
	at org.apache.ratis.util.IOUtils.getFromFuture(IOUtils.java:87)
	at org.apache.ratis.server.raftlog.segmented.SegmentedRaftLogWorker$StateMachineDataPolicy.getFromFuture(SegmentedRaftLogWorker.java:87)
	at org.apache.ratis.server.raftlog.segmented.SegmentedRaftLogWorker$WriteLog.execute(SegmentedRaftLogWorker.java:477)
	at org.apache.ratis.server.raftlog.segmented.SegmentedRaftLogWorker.run(SegmentedRaftLogWorker.java:289)
	at java.lang.Thread.run(Thread.java:748)
Caused by: java.util.concurrent.TimeoutException
	at java.util.concurrent.CompletableFuture.timedGet(CompletableFuture.java:1771)
	at java.util.concurrent.CompletableFuture.get(CompletableFuture.java:1915)
	at org.apache.ratis.util.IOUtils.getFromFuture(IOUtils.java:79)
	... 4 more
2019-09-12 04:15:25,343 [grpc-default-executor-8] INFO  client.GrpcClientProtocolClient (GrpcClientProtocolClient.java:onNext(264)) - client-B5F51BC26AA5->897fdfd8-a3cb-4c9b-9ef8-a626c4e76414: receive RaftClientReply:client-B5F51BC26AA5->897fdfd8-a3cb-4c9b-9ef8-a626c4e76414@group-086F4A8DB6EB, cid=82, FAILED org.apache.ratis.protocol.NotLeaderException: Server 897fdfd8-a3cb-4c9b-9ef8-a626c4e76414@group-086F4A8DB6EB is not the leader 8466bef0-9559-4d2e-b20d-aaf3fd2b14fd:192.168.34.8:32905, logIndex=0, commits[897fdfd8-a3cb-4c9b-9ef8-a626c4e76414:c16, 90957f92-0013-496b-a419-9c1212c810e8:c12, 8466bef0-9559-4d2e-b20d-aaf3fd2b14fd:c16]
2019-09-12 04:15:25,583 [java.util.concurrent.ThreadPoolExecutor$Worker@1335c7b[State = -1, empty queue]] WARN  server.GrpcLogAppender (GrpcLogAppender.java:timeoutAppendRequest(200)) - 8466bef0-9559-4d2e-b20d-aaf3fd2b14fd@group-086F4A8DB6EB->90957f92-0013-496b-a419-9c1212c810e8-GrpcLogAppender: appendEntries Timeout, request=8466bef0-9559-4d2e-b20d-aaf3fd2b14fd->90957f92-0013-496b-a419-9c1212c810e8#32-t2, previous=(t:2, i:20), leaderCommit=16, initializing? false, entries: <empty>
2019-09-12 04:15:25,583 [java.util.concurrent.ThreadPoolExecutor$Worker@155a4cd5[State = -1, empty queue]] WARN  server.GrpcLogAppender (GrpcLogAppender.java:timeoutAppendRequest(200)) - 8466bef0-9559-4d2e-b20d-aaf3fd2b14fd@group-086F4A8DB6EB->897fdfd8-a3cb-4c9b-9ef8-a626c4e76414-GrpcLogAppender: appendEntries Timeout, request=8466bef0-9559-4d2e-b20d-aaf3fd2b14fd->897fdfd8-a3cb-4c9b-9ef8-a626c4e76414#32-t2, previous=(t:2, i:20), leaderCommit=16, initializing? false, entries: <empty>
2019-09-12 04:15:25,958 [grpc-default-executor-8] INFO  impl.RaftServerProxy (RaftServerProxy.java:remove(95)) - 90957f92-0013-496b-a419-9c1212c810e8: remove group-A84590474ECC:null
2019-09-12 04:15:25,961 [RatisPipelineUtilsThread] WARN  pipeline.RatisPipelineUtils (RatisPipelineUtils.java:destroyPipeline(66)) - Pipeline destroy failed for pipeline=PipelineID=71613155-3c20-4db9-a883-a84590474ecc dn=90957f92-0013-496b-a419-9c1212c810e8{ip: 192.168.34.8, host: pr-hdds-1879-pbs75-1821932185, networkLocation: /default-rack, certSerialId: null}
2019-09-12 04:15:25,964 [grpc-default-executor-8] INFO  impl.RaftServerProxy (RaftServerProxy.java:remove(95)) - 8466bef0-9559-4d2e-b20d-aaf3fd2b14fd: remove group-A84590474ECC:null
2019-09-12 04:15:25,967 [RatisPipelineUtilsThread] WARN  pipeline.RatisPipelineUtils (RatisPipelineUtils.java:destroyPipeline(66)) - Pipeline destroy failed for pipeline=PipelineID=71613155-3c20-4db9-a883-a84590474ecc dn=8466bef0-9559-4d2e-b20d-aaf3fd2b14fd{ip: 192.168.34.8, host: pr-hdds-1879-pbs75-1821932185, networkLocation: /default-rack, certSerialId: null}
2019-09-12 04:15:25,970 [grpc-default-executor-8] INFO  impl.RaftServerProxy (RaftServerProxy.java:remove(95)) - 897fdfd8-a3cb-4c9b-9ef8-a626c4e76414: remove group-A84590474ECC:null
2019-09-12 04:15:25,974 [RatisPipelineUtilsThread] WARN  pipeline.RatisPipelineUtils (RatisPipelineUtils.java:destroyPipeline(66)) - Pipeline destroy failed for pipeline=PipelineID=71613155-3c20-4db9-a883-a84590474ecc dn=897fdfd8-a3cb-4c9b-9ef8-a626c4e76414{ip: 192.168.34.8, host: pr-hdds-1879-pbs75-1821932185, networkLocation: /default-rack, certSerialId: null}
2019-09-12 04:15:25,974 [RatisPipelineUtilsThread] ERROR pipeline.SCMPipelineManager (Scheduler.java:lambda$schedule$1(70)) - Destroy pipeline failed for pipeline:Pipeline[ Id: 71613155-3c20-4db9-a883-a84590474ecc, Nodes: 90957f92-0013-496b-a419-9c1212c810e8{ip: 192.168.34.8, host: pr-hdds-1879-pbs75-1821932185, networkLocation: /default-rack, certSerialId: null}8466bef0-9559-4d2e-b20d-aaf3fd2b14fd{ip: 192.168.34.8, host: pr-hdds-1879-pbs75-1821932185, networkLocation: /default-rack, certSerialId: null}897fdfd8-a3cb-4c9b-9ef8-a626c4e76414{ip: 192.168.34.8, host: pr-hdds-1879-pbs75-1821932185, networkLocation: /default-rack, certSerialId: null}, Type:RATIS, Factor:THREE, State:CLOSED]
org.apache.hadoop.hdds.scm.pipeline.PipelineNotFoundException: PipelineID=71613155-3c20-4db9-a883-a84590474ecc not found
	at org.apache.hadoop.hdds.scm.pipeline.PipelineStateMap.getPipeline(PipelineStateMap.java:132)
	at org.apache.hadoop.hdds.scm.pipeline.PipelineStateMap.removePipeline(PipelineStateMap.java:322)
	at org.apache.hadoop.hdds.scm.pipeline.PipelineStateManager.removePipeline(PipelineStateManager.java:107)
	at org.apache.hadoop.hdds.scm.pipeline.SCMPipelineManager.removePipeline(SCMPipelineManager.java:423)
	at org.apache.hadoop.hdds.scm.pipeline.SCMPipelineManager.destroyPipeline(SCMPipelineManager.java:409)
	at org.apache.hadoop.hdds.scm.pipeline.SCMPipelineManager.lambda$finalizeAndDestroyPipeline$0(SCMPipelineManager.java:318)
	at org.apache.hadoop.utils.Scheduler.lambda$schedule$1(Scheduler.java:68)
	at java.util.concurrent.Executors$RunnableAdapter.call(Executors.java:511)
	at java.util.concurrent.FutureTask.run(FutureTask.java:266)
	at java.util.concurrent.ScheduledThreadPoolExecutor$ScheduledFutureTask.access$201(ScheduledThreadPoolExecutor.java:180)
	at java.util.concurrent.ScheduledThreadPoolExecutor$ScheduledFutureTask.run(ScheduledThreadPoolExecutor.java:293)
	at java.util.concurrent.ThreadPoolExecutor.runWorker(ThreadPoolExecutor.java:1149)
	at java.util.concurrent.ThreadPoolExecutor$Worker.run(ThreadPoolExecutor.java:624)
	at java.lang.Thread.run(Thread.java:748)
2019-09-12 04:15:28,084 [java.util.concurrent.ThreadPoolExecutor$Worker@1335c7b[State = -1, empty queue]] WARN  server.GrpcLogAppender (GrpcLogAppender.java:timeoutAppendRequest(200)) - 8466bef0-9559-4d2e-b20d-aaf3fd2b14fd@group-086F4A8DB6EB->90957f92-0013-496b-a419-9c1212c810e8-GrpcLogAppender: appendEntries Timeout, request=8466bef0-9559-4d2e-b20d-aaf3fd2b14fd->90957f92-0013-496b-a419-9c1212c810e8#33-t2, previous=(t:2, i:20), leaderCommit=16, initializing? false, entries: <empty>
2019-09-12 04:15:28,084 [java.util.concurrent.ThreadPoolExecutor$Worker@155a4cd5[State = -1, empty queue]] WARN  server.GrpcLogAppender (GrpcLogAppender.java:timeoutAppendRequest(200)) - 8466bef0-9559-4d2e-b20d-aaf3fd2b14fd@group-086F4A8DB6EB->897fdfd8-a3cb-4c9b-9ef8-a626c4e76414-GrpcLogAppender: appendEntries Timeout, request=8466bef0-9559-4d2e-b20d-aaf3fd2b14fd->897fdfd8-a3cb-4c9b-9ef8-a626c4e76414#33-t2, previous=(t:2, i:20), leaderCommit=16, initializing? false, entries: <empty>
2019-09-12 04:15:28,966 [grpc-default-executor-6] INFO  impl.RaftServerProxy (RaftServerProxy.java:remove(95)) - 90957f92-0013-496b-a419-9c1212c810e8: remove group-A84590474ECC:null
2019-09-12 04:15:28,971 [RatisPipelineUtilsThread] WARN  pipeline.RatisPipelineUtils (RatisPipelineUtils.java:destroyPipeline(66)) - Pipeline destroy failed for pipeline=PipelineID=71613155-3c20-4db9-a883-a84590474ecc dn=90957f92-0013-496b-a419-9c1212c810e8{ip: 192.168.34.8, host: pr-hdds-1879-pbs75-1821932185, networkLocation: /default-rack, certSerialId: null}
2019-09-12 04:15:28,977 [grpc-default-executor-6] INFO  impl.RaftServerProxy (RaftServerProxy.java:remove(95)) - 8466bef0-9559-4d2e-b20d-aaf3fd2b14fd: remove group-A84590474ECC:null
2019-09-12 04:15:28,980 [RatisPipelineUtilsThread] WARN  pipeline.RatisPipelineUtils (RatisPipelineUtils.java:destroyPipeline(66)) - Pipeline destroy failed for pipeline=PipelineID=71613155-3c20-4db9-a883-a84590474ecc dn=8466bef0-9559-4d2e-b20d-aaf3fd2b14fd{ip: 192.168.34.8, host: pr-hdds-1879-pbs75-1821932185, networkLocation: /default-rack, certSerialId: null}
2019-09-12 04:15:28,984 [grpc-default-executor-6] INFO  impl.RaftServerProxy (RaftServerProxy.java:remove(95)) - 897fdfd8-a3cb-4c9b-9ef8-a626c4e76414: remove group-A84590474ECC:null
2019-09-12 04:15:28,986 [RatisPipelineUtilsThread] WARN  pipeline.RatisPipelineUtils (RatisPipelineUtils.java:destroyPipeline(66)) - Pipeline destroy failed for pipeline=PipelineID=71613155-3c20-4db9-a883-a84590474ecc dn=897fdfd8-a3cb-4c9b-9ef8-a626c4e76414{ip: 192.168.34.8, host: pr-hdds-1879-pbs75-1821932185, networkLocation: /default-rack, certSerialId: null}
2019-09-12 04:15:28,987 [RatisPipelineUtilsThread] ERROR pipeline.SCMPipelineManager (Scheduler.java:lambda$schedule$1(70)) - Destroy pipeline failed for pipeline:Pipeline[ Id: 71613155-3c20-4db9-a883-a84590474ecc, Nodes: 90957f92-0013-496b-a419-9c1212c810e8{ip: 192.168.34.8, host: pr-hdds-1879-pbs75-1821932185, networkLocation: /default-rack, certSerialId: null}8466bef0-9559-4d2e-b20d-aaf3fd2b14fd{ip: 192.168.34.8, host: pr-hdds-1879-pbs75-1821932185, networkLocation: /default-rack, certSerialId: null}897fdfd8-a3cb-4c9b-9ef8-a626c4e76414{ip: 192.168.34.8, host: pr-hdds-1879-pbs75-1821932185, networkLocation: /default-rack, certSerialId: null}, Type:RATIS, Factor:THREE, State:CLOSED]
org.apache.hadoop.hdds.scm.pipeline.PipelineNotFoundException: PipelineID=71613155-3c20-4db9-a883-a84590474ecc not found
	at org.apache.hadoop.hdds.scm.pipeline.PipelineStateMap.getPipeline(PipelineStateMap.java:132)
	at org.apache.hadoop.hdds.scm.pipeline.PipelineStateMap.removePipeline(PipelineStateMap.java:322)
	at org.apache.hadoop.hdds.scm.pipeline.PipelineStateManager.removePipeline(PipelineStateManager.java:107)
	at org.apache.hadoop.hdds.scm.pipeline.SCMPipelineManager.removePipeline(SCMPipelineManager.java:423)
	at org.apache.hadoop.hdds.scm.pipeline.SCMPipelineManager.destroyPipeline(SCMPipelineManager.java:409)
	at org.apache.hadoop.hdds.scm.pipeline.SCMPipelineManager.lambda$finalizeAndDestroyPipeline$0(SCMPipelineManager.java:318)
	at org.apache.hadoop.utils.Scheduler.lambda$schedule$1(Scheduler.java:68)
	at java.util.concurrent.Executors$RunnableAdapter.call(Executors.java:511)
	at java.util.concurrent.FutureTask.run(FutureTask.java:266)
	at java.util.concurrent.ScheduledThreadPoolExecutor$ScheduledFutureTask.access$201(ScheduledThreadPoolExecutor.java:180)
	at java.util.concurrent.ScheduledThreadPoolExecutor$ScheduledFutureTask.run(ScheduledThreadPoolExecutor.java:293)
	at java.util.concurrent.ThreadPoolExecutor.runWorker(ThreadPoolExecutor.java:1149)
	at java.util.concurrent.ThreadPoolExecutor$Worker.run(ThreadPoolExecutor.java:624)
	at java.lang.Thread.run(Thread.java:748)
2019-09-12 04:15:30,411 [grpc-default-executor-8] INFO  client.GrpcClientProtocolClient (GrpcClientProtocolClient.java:onNext(264)) - client-B5F51BC26AA5->90957f92-0013-496b-a419-9c1212c810e8: receive RaftClientReply:client-B5F51BC26AA5->90957f92-0013-496b-a419-9c1212c810e8@group-086F4A8DB6EB, cid=82, FAILED org.apache.ratis.protocol.NotLeaderException: Server 90957f92-0013-496b-a419-9c1212c810e8@group-086F4A8DB6EB is not the leader 8466bef0-9559-4d2e-b20d-aaf3fd2b14fd:192.168.34.8:32905, logIndex=0, commits[90957f92-0013-496b-a419-9c1212c810e8:c16, 897fdfd8-a3cb-4c9b-9ef8-a626c4e76414:c12, 8466bef0-9559-4d2e-b20d-aaf3fd2b14fd:c16]
2019-09-12 04:15:30,585 [java.util.concurrent.ThreadPoolExecutor$Worker@155a4cd5[State = -1, empty queue]] WARN  server.GrpcLogAppender (GrpcLogAppender.java:timeoutAppendRequest(200)) - 8466bef0-9559-4d2e-b20d-aaf3fd2b14fd@group-086F4A8DB6EB->897fdfd8-a3cb-4c9b-9ef8-a626c4e76414-GrpcLogAppender: appendEntries Timeout, request=8466bef0-9559-4d2e-b20d-aaf3fd2b14fd->897fdfd8-a3cb-4c9b-9ef8-a626c4e76414#34-t2, previous=(t:2, i:20), leaderCommit=16, initializing? false, entries: <empty>
2019-09-12 04:15:30,585 [java.util.concurrent.ThreadPoolExecutor$Worker@1335c7b[State = -1, empty queue]] WARN  server.GrpcLogAppender (GrpcLogAppender.java:timeoutAppendRequest(200)) - 8466bef0-9559-4d2e-b20d-aaf3fd2b14fd@group-086F4A8DB6EB->90957f92-0013-496b-a419-9c1212c810e8-GrpcLogAppender: appendEntries Timeout, request=8466bef0-9559-4d2e-b20d-aaf3fd2b14fd->90957f92-0013-496b-a419-9c1212c810e8#34-t2, previous=(t:2, i:20), leaderCommit=16, initializing? false, entries: <empty>
2019-09-12 04:15:30,959 [grpc-default-executor-7] INFO  impl.RaftServerProxy (RaftServerProxy.java:remove(95)) - 90957f92-0013-496b-a419-9c1212c810e8: remove group-A84590474ECC:null
2019-09-12 04:15:30,963 [RatisPipelineUtilsThread] WARN  pipeline.RatisPipelineUtils (RatisPipelineUtils.java:destroyPipeline(66)) - Pipeline destroy failed for pipeline=PipelineID=71613155-3c20-4db9-a883-a84590474ecc dn=90957f92-0013-496b-a419-9c1212c810e8{ip: 192.168.34.8, host: pr-hdds-1879-pbs75-1821932185, networkLocation: /default-rack, certSerialId: null}
2019-09-12 04:15:30,967 [grpc-default-executor-7] INFO  impl.RaftServerProxy (RaftServerProxy.java:remove(95)) - 8466bef0-9559-4d2e-b20d-aaf3fd2b14fd: remove group-A84590474ECC:null
2019-09-12 04:15:30,969 [RatisPipelineUtilsThread] WARN  pipeline.RatisPipelineUtils (RatisPipelineUtils.java:destroyPipeline(66)) - Pipeline destroy failed for pipeline=PipelineID=71613155-3c20-4db9-a883-a84590474ecc dn=8466bef0-9559-4d2e-b20d-aaf3fd2b14fd{ip: 192.168.34.8, host: pr-hdds-1879-pbs75-1821932185, networkLocation: /default-rack, certSerialId: null}
2019-09-12 04:15:30,972 [grpc-default-executor-7] INFO  impl.RaftServerProxy (RaftServerProxy.java:remove(95)) - 897fdfd8-a3cb-4c9b-9ef8-a626c4e76414: remove group-A84590474ECC:null
2019-09-12 04:15:30,975 [RatisPipelineUtilsThread] WARN  pipeline.RatisPipelineUtils (RatisPipelineUtils.java:destroyPipeline(66)) - Pipeline destroy failed for pipeline=PipelineID=71613155-3c20-4db9-a883-a84590474ecc dn=897fdfd8-a3cb-4c9b-9ef8-a626c4e76414{ip: 192.168.34.8, host: pr-hdds-1879-pbs75-1821932185, networkLocation: /default-rack, certSerialId: null}
2019-09-12 04:15:30,975 [RatisPipelineUtilsThread] ERROR pipeline.SCMPipelineManager (Scheduler.java:lambda$schedule$1(70)) - Destroy pipeline failed for pipeline:Pipeline[ Id: 71613155-3c20-4db9-a883-a84590474ecc, Nodes: 90957f92-0013-496b-a419-9c1212c810e8{ip: 192.168.34.8, host: pr-hdds-1879-pbs75-1821932185, networkLocation: /default-rack, certSerialId: null}8466bef0-9559-4d2e-b20d-aaf3fd2b14fd{ip: 192.168.34.8, host: pr-hdds-1879-pbs75-1821932185, networkLocation: /default-rack, certSerialId: null}897fdfd8-a3cb-4c9b-9ef8-a626c4e76414{ip: 192.168.34.8, host: pr-hdds-1879-pbs75-1821932185, networkLocation: /default-rack, certSerialId: null}, Type:RATIS, Factor:THREE, State:CLOSED]
org.apache.hadoop.hdds.scm.pipeline.PipelineNotFoundException: PipelineID=71613155-3c20-4db9-a883-a84590474ecc not found
	at org.apache.hadoop.hdds.scm.pipeline.PipelineStateMap.getPipeline(PipelineStateMap.java:132)
	at org.apache.hadoop.hdds.scm.pipeline.PipelineStateMap.removePipeline(PipelineStateMap.java:322)
	at org.apache.hadoop.hdds.scm.pipeline.PipelineStateManager.removePipeline(PipelineStateManager.java:107)
	at org.apache.hadoop.hdds.scm.pipeline.SCMPipelineManager.removePipeline(SCMPipelineManager.java:423)
	at org.apache.hadoop.hdds.scm.pipeline.SCMPipelineManager.destroyPipeline(SCMPipelineManager.java:409)
	at org.apache.hadoop.hdds.scm.pipeline.SCMPipelineManager.lambda$finalizeAndDestroyPipeline$0(SCMPipelineManager.java:318)
	at org.apache.hadoop.utils.Scheduler.lambda$schedule$1(Scheduler.java:68)
	at java.util.concurrent.Executors$RunnableAdapter.call(Executors.java:511)
	at java.util.concurrent.FutureTask.run(FutureTask.java:266)
	at java.util.concurrent.ScheduledThreadPoolExecutor$ScheduledFutureTask.access$201(ScheduledThreadPoolExecutor.java:180)
	at java.util.concurrent.ScheduledThreadPoolExecutor$ScheduledFutureTask.run(ScheduledThreadPoolExecutor.java:293)
	at java.util.concurrent.ThreadPoolExecutor.runWorker(ThreadPoolExecutor.java:1149)
	at java.util.concurrent.ThreadPoolExecutor$Worker.run(ThreadPoolExecutor.java:624)
	at java.lang.Thread.run(Thread.java:748)
2019-09-12 04:15:33,086 [java.util.concurrent.ThreadPoolExecutor$Worker@1335c7b[State = -1, empty queue]] WARN  server.GrpcLogAppender (GrpcLogAppender.java:timeoutAppendRequest(200)) - 8466bef0-9559-4d2e-b20d-aaf3fd2b14fd@group-086F4A8DB6EB->90957f92-0013-496b-a419-9c1212c810e8-GrpcLogAppender: appendEntries Timeout, request=8466bef0-9559-4d2e-b20d-aaf3fd2b14fd->90957f92-0013-496b-a419-9c1212c810e8#35-t2, previous=(t:2, i:20), leaderCommit=16, initializing? false, entries: <empty>
2019-09-12 04:15:33,086 [java.util.concurrent.ThreadPoolExecutor$Worker@155a4cd5[State = -1, empty queue]] WARN  server.GrpcLogAppender (GrpcLogAppender.java:timeoutAppendRequest(200)) - 8466bef0-9559-4d2e-b20d-aaf3fd2b14fd@group-086F4A8DB6EB->897fdfd8-a3cb-4c9b-9ef8-a626c4e76414-GrpcLogAppender: appendEntries Timeout, request=8466bef0-9559-4d2e-b20d-aaf3fd2b14fd->897fdfd8-a3cb-4c9b-9ef8-a626c4e76414#35-t2, previous=(t:2, i:20), leaderCommit=16, initializing? false, entries: <empty>
2019-09-12 04:15:33,964 [grpc-default-executor-7] INFO  impl.RaftServerProxy (RaftServerProxy.java:remove(95)) - 90957f92-0013-496b-a419-9c1212c810e8: remove group-A84590474ECC:null
2019-09-12 04:15:33,970 [RatisPipelineUtilsThread] WARN  pipeline.RatisPipelineUtils (RatisPipelineUtils.java:destroyPipeline(66)) - Pipeline destroy failed for pipeline=PipelineID=71613155-3c20-4db9-a883-a84590474ecc dn=90957f92-0013-496b-a419-9c1212c810e8{ip: 192.168.34.8, host: pr-hdds-1879-pbs75-1821932185, networkLocation: /default-rack, certSerialId: null}
2019-09-12 04:15:33,972 [grpc-default-executor-7] INFO  impl.RaftServerProxy (RaftServerProxy.java:remove(95)) - 8466bef0-9559-4d2e-b20d-aaf3fd2b14fd: remove group-A84590474ECC:null
2019-09-12 04:15:33,975 [RatisPipelineUtilsThread] WARN  pipeline.RatisPipelineUtils (RatisPipelineUtils.java:destroyPipeline(66)) - Pipeline destroy failed for pipeline=PipelineID=71613155-3c20-4db9-a883-a84590474ecc dn=8466bef0-9559-4d2e-b20d-aaf3fd2b14fd{ip: 192.168.34.8, host: pr-hdds-1879-pbs75-1821932185, networkLocation: /default-rack, certSerialId: null}
2019-09-12 04:15:33,977 [grpc-default-executor-7] INFO  impl.RaftServerProxy (RaftServerProxy.java:remove(95)) - 897fdfd8-a3cb-4c9b-9ef8-a626c4e76414: remove group-A84590474ECC:null
2019-09-12 04:15:33,979 [RatisPipelineUtilsThread] WARN  pipeline.RatisPipelineUtils (RatisPipelineUtils.java:destroyPipeline(66)) - Pipeline destroy failed for pipeline=PipelineID=71613155-3c20-4db9-a883-a84590474ecc dn=897fdfd8-a3cb-4c9b-9ef8-a626c4e76414{ip: 192.168.34.8, host: pr-hdds-1879-pbs75-1821932185, networkLocation: /default-rack, certSerialId: null}
2019-09-12 04:15:33,980 [RatisPipelineUtilsThread] ERROR pipeline.SCMPipelineManager (Scheduler.java:lambda$schedule$1(70)) - Destroy pipeline failed for pipeline:Pipeline[ Id: 71613155-3c20-4db9-a883-a84590474ecc, Nodes: 90957f92-0013-496b-a419-9c1212c810e8{ip: 192.168.34.8, host: pr-hdds-1879-pbs75-1821932185, networkLocation: /default-rack, certSerialId: null}8466bef0-9559-4d2e-b20d-aaf3fd2b14fd{ip: 192.168.34.8, host: pr-hdds-1879-pbs75-1821932185, networkLocation: /default-rack, certSerialId: null}897fdfd8-a3cb-4c9b-9ef8-a626c4e76414{ip: 192.168.34.8, host: pr-hdds-1879-pbs75-1821932185, networkLocation: /default-rack, certSerialId: null}, Type:RATIS, Factor:THREE, State:CLOSED]
org.apache.hadoop.hdds.scm.pipeline.PipelineNotFoundException: PipelineID=71613155-3c20-4db9-a883-a84590474ecc not found
	at org.apache.hadoop.hdds.scm.pipeline.PipelineStateMap.getPipeline(PipelineStateMap.java:132)
	at org.apache.hadoop.hdds.scm.pipeline.PipelineStateMap.removePipeline(PipelineStateMap.java:322)
	at org.apache.hadoop.hdds.scm.pipeline.PipelineStateManager.removePipeline(PipelineStateManager.java:107)
	at org.apache.hadoop.hdds.scm.pipeline.SCMPipelineManager.removePipeline(SCMPipelineManager.java:423)
	at org.apache.hadoop.hdds.scm.pipeline.SCMPipelineManager.destroyPipeline(SCMPipelineManager.java:409)
	at org.apache.hadoop.hdds.scm.pipeline.SCMPipelineManager.lambda$finalizeAndDestroyPipeline$0(SCMPipelineManager.java:318)
	at org.apache.hadoop.utils.Scheduler.lambda$schedule$1(Scheduler.java:68)
	at java.util.concurrent.Executors$RunnableAdapter.call(Executors.java:511)
	at java.util.concurrent.FutureTask.run(FutureTask.java:266)
	at java.util.concurrent.ScheduledThreadPoolExecutor$ScheduledFutureTask.access$201(ScheduledThreadPoolExecutor.java:180)
	at java.util.concurrent.ScheduledThreadPoolExecutor$ScheduledFutureTask.run(ScheduledThreadPoolExecutor.java:293)
	at java.util.concurrent.ThreadPoolExecutor.runWorker(ThreadPoolExecutor.java:1149)
	at java.util.concurrent.ThreadPoolExecutor$Worker.run(ThreadPoolExecutor.java:624)
	at java.lang.Thread.run(Thread.java:748)
2019-09-12 04:15:35,071 [8466bef0-9559-4d2e-b20d-aaf3fd2b14fd@group-086F4A8DB6EB-SegmentedRaftLogWorker] WARN  segmented.SegmentedRaftLogWorker (SegmentedRaftLogWorker.java:getFromFuture(90)) - Timeout 3/~
org.apache.ratis.protocol.TimeoutIOException: Timeout 10s: WriteLog:17: (t:2, i:17), STATEMACHINELOGENTRY, client-B5F51BC26AA5, cid=82-writeStateMachineData
	at org.apache.ratis.util.IOUtils.getFromFuture(IOUtils.java:87)
	at org.apache.ratis.server.raftlog.segmented.SegmentedRaftLogWorker$StateMachineDataPolicy.getFromFuture(SegmentedRaftLogWorker.java:87)
	at org.apache.ratis.server.raftlog.segmented.SegmentedRaftLogWorker$WriteLog.execute(SegmentedRaftLogWorker.java:477)
	at org.apache.ratis.server.raftlog.segmented.SegmentedRaftLogWorker.run(SegmentedRaftLogWorker.java:289)
	at java.lang.Thread.run(Thread.java:748)
Caused by: java.util.concurrent.TimeoutException
	at java.util.concurrent.CompletableFuture.timedGet(CompletableFuture.java:1771)
	at java.util.concurrent.CompletableFuture.get(CompletableFuture.java:1915)
	at org.apache.ratis.util.IOUtils.getFromFuture(IOUtils.java:79)
	... 4 more
2019-09-12 04:15:35,072 [90957f92-0013-496b-a419-9c1212c810e8@group-086F4A8DB6EB-SegmentedRaftLogWorker] WARN  segmented.SegmentedRaftLogWorker (SegmentedRaftLogWorker.java:getFromFuture(90)) - Timeout 3/~
org.apache.ratis.protocol.TimeoutIOException: Timeout 10s: WriteLog:17: (t:2, i:17), STATEMACHINELOGENTRY, client-B5F51BC26AA5, cid=82-writeStateMachineData
	at org.apache.ratis.util.IOUtils.getFromFuture(IOUtils.java:87)
	at org.apache.ratis.server.raftlog.segmented.SegmentedRaftLogWorker$StateMachineDataPolicy.getFromFuture(SegmentedRaftLogWorker.java:87)
	at org.apache.ratis.server.raftlog.segmented.SegmentedRaftLogWorker$WriteLog.execute(SegmentedRaftLogWorker.java:477)
	at org.apache.ratis.server.raftlog.segmented.SegmentedRaftLogWorker.run(SegmentedRaftLogWorker.java:289)
	at java.lang.Thread.run(Thread.java:748)
Caused by: java.util.concurrent.TimeoutException
	at java.util.concurrent.CompletableFuture.timedGet(CompletableFuture.java:1771)
	at java.util.concurrent.CompletableFuture.get(CompletableFuture.java:1915)
	at org.apache.ratis.util.IOUtils.getFromFuture(IOUtils.java:79)
	... 4 more
2019-09-12 04:15:35,287 [897fdfd8-a3cb-4c9b-9ef8-a626c4e76414@group-086F4A8DB6EB-SegmentedRaftLogWorker] WARN  segmented.SegmentedRaftLogWorker (SegmentedRaftLogWorker.java:getFromFuture(90)) - Timeout 3/~
org.apache.ratis.protocol.TimeoutIOException: Timeout 10s: WriteLog:19: (t:2, i:19), STATEMACHINELOGENTRY, client-B5F51BC26AA5, cid=84-writeStateMachineData
	at org.apache.ratis.util.IOUtils.getFromFuture(IOUtils.java:87)
	at org.apache.ratis.server.raftlog.segmented.SegmentedRaftLogWorker$StateMachineDataPolicy.getFromFuture(SegmentedRaftLogWorker.java:87)
	at org.apache.ratis.server.raftlog.segmented.SegmentedRaftLogWorker$WriteLog.execute(SegmentedRaftLogWorker.java:477)
	at org.apache.ratis.server.raftlog.segmented.SegmentedRaftLogWorker.run(SegmentedRaftLogWorker.java:289)
	at java.lang.Thread.run(Thread.java:748)
Caused by: java.util.concurrent.TimeoutException
	at java.util.concurrent.CompletableFuture.timedGet(CompletableFuture.java:1771)
	at java.util.concurrent.CompletableFuture.get(CompletableFuture.java:1915)
	at org.apache.ratis.util.IOUtils.getFromFuture(IOUtils.java:79)
	... 4 more
2019-09-12 04:15:35,474 [grpc-default-executor-7] INFO  client.GrpcClientProtocolClient (GrpcClientProtocolClient.java:onNext(264)) - client-B5F51BC26AA5->90957f92-0013-496b-a419-9c1212c810e8: receive RaftClientReply:client-B5F51BC26AA5->90957f92-0013-496b-a419-9c1212c810e8@group-086F4A8DB6EB, cid=82, FAILED org.apache.ratis.protocol.NotLeaderException: Server 90957f92-0013-496b-a419-9c1212c810e8@group-086F4A8DB6EB is not the leader 8466bef0-9559-4d2e-b20d-aaf3fd2b14fd:192.168.34.8:32905, logIndex=0, commits[90957f92-0013-496b-a419-9c1212c810e8:c16, 897fdfd8-a3cb-4c9b-9ef8-a626c4e76414:c12, 8466bef0-9559-4d2e-b20d-aaf3fd2b14fd:c16]
2019-09-12 04:15:35,588 [java.util.concurrent.ThreadPoolExecutor$Worker@1335c7b[State = -1, empty queue]] WARN  server.GrpcLogAppender (GrpcLogAppender.java:timeoutAppendRequest(200)) - 8466bef0-9559-4d2e-b20d-aaf3fd2b14fd@group-086F4A8DB6EB->90957f92-0013-496b-a419-9c1212c810e8-GrpcLogAppender: appendEntries Timeout, request=8466bef0-9559-4d2e-b20d-aaf3fd2b14fd->90957f92-0013-496b-a419-9c1212c810e8#36-t2, previous=(t:2, i:20), leaderCommit=16, initializing? false, entries: <empty>
2019-09-12 04:15:35,588 [java.util.concurrent.ThreadPoolExecutor$Worker@155a4cd5[State = -1, empty queue]] WARN  server.GrpcLogAppender (GrpcLogAppender.java:timeoutAppendRequest(200)) - 8466bef0-9559-4d2e-b20d-aaf3fd2b14fd@group-086F4A8DB6EB->897fdfd8-a3cb-4c9b-9ef8-a626c4e76414-GrpcLogAppender: appendEntries Timeout, request=8466bef0-9559-4d2e-b20d-aaf3fd2b14fd->897fdfd8-a3cb-4c9b-9ef8-a626c4e76414#36-t2, previous=(t:2, i:20), leaderCommit=16, initializing? false, entries: <empty>
2019-09-12 04:15:35,959 [grpc-default-executor-7] INFO  impl.RaftServerProxy (RaftServerProxy.java:remove(95)) - 90957f92-0013-496b-a419-9c1212c810e8: remove group-A84590474ECC:null
2019-09-12 04:15:35,962 [RatisPipelineUtilsThread] WARN  pipeline.RatisPipelineUtils (RatisPipelineUtils.java:destroyPipeline(66)) - Pipeline destroy failed for pipeline=PipelineID=71613155-3c20-4db9-a883-a84590474ecc dn=90957f92-0013-496b-a419-9c1212c810e8{ip: 192.168.34.8, host: pr-hdds-1879-pbs75-1821932185, networkLocation: /default-rack, certSerialId: null}
2019-09-12 04:15:35,965 [grpc-default-executor-7] INFO  impl.RaftServerProxy (RaftServerProxy.java:remove(95)) - 8466bef0-9559-4d2e-b20d-aaf3fd2b14fd: remove group-A84590474ECC:null
2019-09-12 04:15:35,967 [RatisPipelineUtilsThread] WARN  pipeline.RatisPipelineUtils (RatisPipelineUtils.java:destroyPipeline(66)) - Pipeline destroy failed for pipeline=PipelineID=71613155-3c20-4db9-a883-a84590474ecc dn=8466bef0-9559-4d2e-b20d-aaf3fd2b14fd{ip: 192.168.34.8, host: pr-hdds-1879-pbs75-1821932185, networkLocation: /default-rack, certSerialId: null}
2019-09-12 04:15:35,970 [grpc-default-executor-7] INFO  impl.RaftServerProxy (RaftServerProxy.java:remove(95)) - 897fdfd8-a3cb-4c9b-9ef8-a626c4e76414: remove group-A84590474ECC:null
2019-09-12 04:15:35,972 [RatisPipelineUtilsThread] WARN  pipeline.RatisPipelineUtils (RatisPipelineUtils.java:destroyPipeline(66)) - Pipeline destroy failed for pipeline=PipelineID=71613155-3c20-4db9-a883-a84590474ecc dn=897fdfd8-a3cb-4c9b-9ef8-a626c4e76414{ip: 192.168.34.8, host: pr-hdds-1879-pbs75-1821932185, networkLocation: /default-rack, certSerialId: null}
2019-09-12 04:15:35,973 [RatisPipelineUtilsThread] ERROR pipeline.SCMPipelineManager (Scheduler.java:lambda$schedule$1(70)) - Destroy pipeline failed for pipeline:Pipeline[ Id: 71613155-3c20-4db9-a883-a84590474ecc, Nodes: 90957f92-0013-496b-a419-9c1212c810e8{ip: 192.168.34.8, host: pr-hdds-1879-pbs75-1821932185, networkLocation: /default-rack, certSerialId: null}8466bef0-9559-4d2e-b20d-aaf3fd2b14fd{ip: 192.168.34.8, host: pr-hdds-1879-pbs75-1821932185, networkLocation: /default-rack, certSerialId: null}897fdfd8-a3cb-4c9b-9ef8-a626c4e76414{ip: 192.168.34.8, host: pr-hdds-1879-pbs75-1821932185, networkLocation: /default-rack, certSerialId: null}, Type:RATIS, Factor:THREE, State:CLOSED]
org.apache.hadoop.hdds.scm.pipeline.PipelineNotFoundException: PipelineID=71613155-3c20-4db9-a883-a84590474ecc not found
	at org.apache.hadoop.hdds.scm.pipeline.PipelineStateMap.getPipeline(PipelineStateMap.java:132)
	at org.apache.hadoop.hdds.scm.pipeline.PipelineStateMap.removePipeline(PipelineStateMap.java:322)
	at org.apache.hadoop.hdds.scm.pipeline.PipelineStateManager.removePipeline(PipelineStateManager.java:107)
	at org.apache.hadoop.hdds.scm.pipeline.SCMPipelineManager.removePipeline(SCMPipelineManager.java:423)
	at org.apache.hadoop.hdds.scm.pipeline.SCMPipelineManager.destroyPipeline(SCMPipelineManager.java:409)
	at org.apache.hadoop.hdds.scm.pipeline.SCMPipelineManager.lambda$finalizeAndDestroyPipeline$0(SCMPipelineManager.java:318)
	at org.apache.hadoop.utils.Scheduler.lambda$schedule$1(Scheduler.java:68)
	at java.util.concurrent.Executors$RunnableAdapter.call(Executors.java:511)
	at java.util.concurrent.FutureTask.run(FutureTask.java:266)
	at java.util.concurrent.ScheduledThreadPoolExecutor$ScheduledFutureTask.access$201(ScheduledThreadPoolExecutor.java:180)
	at java.util.concurrent.ScheduledThreadPoolExecutor$ScheduledFutureTask.run(ScheduledThreadPoolExecutor.java:293)
	at java.util.concurrent.ThreadPoolExecutor.runWorker(ThreadPoolExecutor.java:1149)
	at java.util.concurrent.ThreadPoolExecutor$Worker.run(ThreadPoolExecutor.java:624)
	at java.lang.Thread.run(Thread.java:748)
2019-09-12 04:15:38,089 [java.util.concurrent.ThreadPoolExecutor$Worker@155a4cd5[State = -1, empty queue]] WARN  server.GrpcLogAppender (GrpcLogAppender.java:timeoutAppendRequest(200)) - 8466bef0-9559-4d2e-b20d-aaf3fd2b14fd@group-086F4A8DB6EB->897fdfd8-a3cb-4c9b-9ef8-a626c4e76414-GrpcLogAppender: appendEntries Timeout, request=8466bef0-9559-4d2e-b20d-aaf3fd2b14fd->897fdfd8-a3cb-4c9b-9ef8-a626c4e76414#37-t2, previous=(t:2, i:20), leaderCommit=16, initializing? false, entries: <empty>
2019-09-12 04:15:38,089 [java.util.concurrent.ThreadPoolExecutor$Worker@1335c7b[State = -1, empty queue]] WARN  server.GrpcLogAppender (GrpcLogAppender.java:timeoutAppendRequest(200)) - 8466bef0-9559-4d2e-b20d-aaf3fd2b14fd@group-086F4A8DB6EB->90957f92-0013-496b-a419-9c1212c810e8-GrpcLogAppender: appendEntries Timeout, request=8466bef0-9559-4d2e-b20d-aaf3fd2b14fd->90957f92-0013-496b-a419-9c1212c810e8#37-t2, previous=(t:2, i:20), leaderCommit=16, initializing? false, entries: <empty>
2019-09-12 04:15:38,969 [grpc-default-executor-7] INFO  impl.RaftServerProxy (RaftServerProxy.java:remove(95)) - 90957f92-0013-496b-a419-9c1212c810e8: remove group-A84590474ECC:null
2019-09-12 04:15:38,975 [RatisPipelineUtilsThread] WARN  pipeline.RatisPipelineUtils (RatisPipelineUtils.java:destroyPipeline(66)) - Pipeline destroy failed for pipeline=PipelineID=71613155-3c20-4db9-a883-a84590474ecc dn=90957f92-0013-496b-a419-9c1212c810e8{ip: 192.168.34.8, host: pr-hdds-1879-pbs75-1821932185, networkLocation: /default-rack, certSerialId: null}
2019-09-12 04:15:38,978 [grpc-default-executor-7] INFO  impl.RaftServerProxy (RaftServerProxy.java:remove(95)) - 8466bef0-9559-4d2e-b20d-aaf3fd2b14fd: remove group-A84590474ECC:null
2019-09-12 04:15:38,981 [RatisPipelineUtilsThread] WARN  pipeline.RatisPipelineUtils (RatisPipelineUtils.java:destroyPipeline(66)) - Pipeline destroy failed for pipeline=PipelineID=71613155-3c20-4db9-a883-a84590474ecc dn=8466bef0-9559-4d2e-b20d-aaf3fd2b14fd{ip: 192.168.34.8, host: pr-hdds-1879-pbs75-1821932185, networkLocation: /default-rack, certSerialId: null}
2019-09-12 04:15:38,984 [grpc-default-executor-7] INFO  impl.RaftServerProxy (RaftServerProxy.java:remove(95)) - 897fdfd8-a3cb-4c9b-9ef8-a626c4e76414: remove group-A84590474ECC:null
2019-09-12 04:15:38,986 [RatisPipelineUtilsThread] WARN  pipeline.RatisPipelineUtils (RatisPipelineUtils.java:destroyPipeline(66)) - Pipeline destroy failed for pipeline=PipelineID=71613155-3c20-4db9-a883-a84590474ecc dn=897fdfd8-a3cb-4c9b-9ef8-a626c4e76414{ip: 192.168.34.8, host: pr-hdds-1879-pbs75-1821932185, networkLocation: /default-rack, certSerialId: null}
2019-09-12 04:15:38,987 [RatisPipelineUtilsThread] ERROR pipeline.SCMPipelineManager (Scheduler.java:lambda$schedule$1(70)) - Destroy pipeline failed for pipeline:Pipeline[ Id: 71613155-3c20-4db9-a883-a84590474ecc, Nodes: 90957f92-0013-496b-a419-9c1212c810e8{ip: 192.168.34.8, host: pr-hdds-1879-pbs75-1821932185, networkLocation: /default-rack, certSerialId: null}8466bef0-9559-4d2e-b20d-aaf3fd2b14fd{ip: 192.168.34.8, host: pr-hdds-1879-pbs75-1821932185, networkLocation: /default-rack, certSerialId: null}897fdfd8-a3cb-4c9b-9ef8-a626c4e76414{ip: 192.168.34.8, host: pr-hdds-1879-pbs75-1821932185, networkLocation: /default-rack, certSerialId: null}, Type:RATIS, Factor:THREE, State:CLOSED]
org.apache.hadoop.hdds.scm.pipeline.PipelineNotFoundException: PipelineID=71613155-3c20-4db9-a883-a84590474ecc not found
	at org.apache.hadoop.hdds.scm.pipeline.PipelineStateMap.getPipeline(PipelineStateMap.java:132)
	at org.apache.hadoop.hdds.scm.pipeline.PipelineStateMap.removePipeline(PipelineStateMap.java:322)
	at org.apache.hadoop.hdds.scm.pipeline.PipelineStateManager.removePipeline(PipelineStateManager.java:107)
	at org.apache.hadoop.hdds.scm.pipeline.SCMPipelineManager.removePipeline(SCMPipelineManager.java:423)
	at org.apache.hadoop.hdds.scm.pipeline.SCMPipelineManager.destroyPipeline(SCMPipelineManager.java:409)
	at org.apache.hadoop.hdds.scm.pipeline.SCMPipelineManager.lambda$finalizeAndDestroyPipeline$0(SCMPipelineManager.java:318)
	at org.apache.hadoop.utils.Scheduler.lambda$schedule$1(Scheduler.java:68)
	at java.util.concurrent.Executors$RunnableAdapter.call(Executors.java:511)
	at java.util.concurrent.FutureTask.run(FutureTask.java:266)
	at java.util.concurrent.ScheduledThreadPoolExecutor$ScheduledFutureTask.access$201(ScheduledThreadPoolExecutor.java:180)
	at java.util.concurrent.ScheduledThreadPoolExecutor$ScheduledFutureTask.run(ScheduledThreadPoolExecutor.java:293)
	at java.util.concurrent.ThreadPoolExecutor.runWorker(ThreadPoolExecutor.java:1149)
	at java.util.concurrent.ThreadPoolExecutor$Worker.run(ThreadPoolExecutor.java:624)
	at java.lang.Thread.run(Thread.java:748)
2019-09-12 04:15:40,520 [grpc-default-executor-6] INFO  client.GrpcClientProtocolClient (GrpcClientProtocolClient.java:onNext(264)) - client-B5F51BC26AA5->897fdfd8-a3cb-4c9b-9ef8-a626c4e76414: receive RaftClientReply:client-B5F51BC26AA5->897fdfd8-a3cb-4c9b-9ef8-a626c4e76414@group-086F4A8DB6EB, cid=82, FAILED org.apache.ratis.protocol.NotLeaderException: Server 897fdfd8-a3cb-4c9b-9ef8-a626c4e76414@group-086F4A8DB6EB is not the leader 8466bef0-9559-4d2e-b20d-aaf3fd2b14fd:192.168.34.8:32905, logIndex=0, commits[897fdfd8-a3cb-4c9b-9ef8-a626c4e76414:c16, 90957f92-0013-496b-a419-9c1212c810e8:c12, 8466bef0-9559-4d2e-b20d-aaf3fd2b14fd:c16]
2019-09-12 04:15:40,590 [java.util.concurrent.ThreadPoolExecutor$Worker@1335c7b[State = -1, empty queue]] WARN  server.GrpcLogAppender (GrpcLogAppender.java:timeoutAppendRequest(200)) - 8466bef0-9559-4d2e-b20d-aaf3fd2b14fd@group-086F4A8DB6EB->90957f92-0013-496b-a419-9c1212c810e8-GrpcLogAppender: appendEntries Timeout, request=8466bef0-9559-4d2e-b20d-aaf3fd2b14fd->90957f92-0013-496b-a419-9c1212c810e8#38-t2, previous=(t:2, i:20), leaderCommit=16, initializing? false, entries: <empty>
2019-09-12 04:15:40,590 [java.util.concurrent.ThreadPoolExecutor$Worker@155a4cd5[State = -1, empty queue]] WARN  server.GrpcLogAppender (GrpcLogAppender.java:timeoutAppendRequest(200)) - 8466bef0-9559-4d2e-b20d-aaf3fd2b14fd@group-086F4A8DB6EB->897fdfd8-a3cb-4c9b-9ef8-a626c4e76414-GrpcLogAppender: appendEntries Timeout, request=8466bef0-9559-4d2e-b20d-aaf3fd2b14fd->897fdfd8-a3cb-4c9b-9ef8-a626c4e76414#38-t2, previous=(t:2, i:20), leaderCommit=16, initializing? false, entries: <empty>
2019-09-12 04:15:40,962 [grpc-default-executor-7] INFO  impl.RaftServerProxy (RaftServerProxy.java:remove(95)) - 90957f92-0013-496b-a419-9c1212c810e8: remove group-A84590474ECC:null
2019-09-12 04:15:40,965 [RatisPipelineUtilsThread] WARN  pipeline.RatisPipelineUtils (RatisPipelineUtils.java:destroyPipeline(66)) - Pipeline destroy failed for pipeline=PipelineID=71613155-3c20-4db9-a883-a84590474ecc dn=90957f92-0013-496b-a419-9c1212c810e8{ip: 192.168.34.8, host: pr-hdds-1879-pbs75-1821932185, networkLocation: /default-rack, certSerialId: null}
2019-09-12 04:15:40,970 [grpc-default-executor-7] INFO  impl.RaftServerProxy (RaftServerProxy.java:remove(95)) - 8466bef0-9559-4d2e-b20d-aaf3fd2b14fd: remove group-A84590474ECC:null
2019-09-12 04:15:40,973 [RatisPipelineUtilsThread] WARN  pipeline.RatisPipelineUtils (RatisPipelineUtils.java:destroyPipeline(66)) - Pipeline destroy failed for pipeline=PipelineID=71613155-3c20-4db9-a883-a84590474ecc dn=8466bef0-9559-4d2e-b20d-aaf3fd2b14fd{ip: 192.168.34.8, host: pr-hdds-1879-pbs75-1821932185, networkLocation: /default-rack, certSerialId: null}
2019-09-12 04:15:40,978 [grpc-default-executor-7] INFO  impl.RaftServerProxy (RaftServerProxy.java:remove(95)) - 897fdfd8-a3cb-4c9b-9ef8-a626c4e76414: remove group-A84590474ECC:null
2019-09-12 04:15:40,980 [RatisPipelineUtilsThread] WARN  pipeline.RatisPipelineUtils (RatisPipelineUtils.java:destroyPipeline(66)) - Pipeline destroy failed for pipeline=PipelineID=71613155-3c20-4db9-a883-a84590474ecc dn=897fdfd8-a3cb-4c9b-9ef8-a626c4e76414{ip: 192.168.34.8, host: pr-hdds-1879-pbs75-1821932185, networkLocation: /default-rack, certSerialId: null}
2019-09-12 04:15:40,981 [RatisPipelineUtilsThread] ERROR pipeline.SCMPipelineManager (Scheduler.java:lambda$schedule$1(70)) - Destroy pipeline failed for pipeline:Pipeline[ Id: 71613155-3c20-4db9-a883-a84590474ecc, Nodes: 90957f92-0013-496b-a419-9c1212c810e8{ip: 192.168.34.8, host: pr-hdds-1879-pbs75-1821932185, networkLocation: /default-rack, certSerialId: null}8466bef0-9559-4d2e-b20d-aaf3fd2b14fd{ip: 192.168.34.8, host: pr-hdds-1879-pbs75-1821932185, networkLocation: /default-rack, certSerialId: null}897fdfd8-a3cb-4c9b-9ef8-a626c4e76414{ip: 192.168.34.8, host: pr-hdds-1879-pbs75-1821932185, networkLocation: /default-rack, certSerialId: null}, Type:RATIS, Factor:THREE, State:CLOSED]
org.apache.hadoop.hdds.scm.pipeline.PipelineNotFoundException: PipelineID=71613155-3c20-4db9-a883-a84590474ecc not found
	at org.apache.hadoop.hdds.scm.pipeline.PipelineStateMap.getPipeline(PipelineStateMap.java:132)
	at org.apache.hadoop.hdds.scm.pipeline.PipelineStateMap.removePipeline(PipelineStateMap.java:322)
	at org.apache.hadoop.hdds.scm.pipeline.PipelineStateManager.removePipeline(PipelineStateManager.java:107)
	at org.apache.hadoop.hdds.scm.pipeline.SCMPipelineManager.removePipeline(SCMPipelineManager.java:423)
	at org.apache.hadoop.hdds.scm.pipeline.SCMPipelineManager.destroyPipeline(SCMPipelineManager.java:409)
	at org.apache.hadoop.hdds.scm.pipeline.SCMPipelineManager.lambda$finalizeAndDestroyPipeline$0(SCMPipelineManager.java:318)
	at org.apache.hadoop.utils.Scheduler.lambda$schedule$1(Scheduler.java:68)
	at java.util.concurrent.Executors$RunnableAdapter.call(Executors.java:511)
	at java.util.concurrent.FutureTask.run(FutureTask.java:266)
	at java.util.concurrent.ScheduledThreadPoolExecutor$ScheduledFutureTask.access$201(ScheduledThreadPoolExecutor.java:180)
	at java.util.concurrent.ScheduledThreadPoolExecutor$ScheduledFutureTask.run(ScheduledThreadPoolExecutor.java:293)
	at java.util.concurrent.ThreadPoolExecutor.runWorker(ThreadPoolExecutor.java:1149)
	at java.util.concurrent.ThreadPoolExecutor$Worker.run(ThreadPoolExecutor.java:624)
	at java.lang.Thread.run(Thread.java:748)
2019-09-12 04:15:43,091 [java.util.concurrent.ThreadPoolExecutor$Worker@1335c7b[State = -1, empty queue]] WARN  server.GrpcLogAppender (GrpcLogAppender.java:timeoutAppendRequest(200)) - 8466bef0-9559-4d2e-b20d-aaf3fd2b14fd@group-086F4A8DB6EB->90957f92-0013-496b-a419-9c1212c810e8-GrpcLogAppender: appendEntries Timeout, request=8466bef0-9559-4d2e-b20d-aaf3fd2b14fd->90957f92-0013-496b-a419-9c1212c810e8#39-t2, previous=(t:2, i:20), leaderCommit=16, initializing? false, entries: <empty>
2019-09-12 04:15:43,091 [java.util.concurrent.ThreadPoolExecutor$Worker@155a4cd5[State = -1, empty queue]] WARN  server.GrpcLogAppender (GrpcLogAppender.java:timeoutAppendRequest(200)) - 8466bef0-9559-4d2e-b20d-aaf3fd2b14fd@group-086F4A8DB6EB->897fdfd8-a3cb-4c9b-9ef8-a626c4e76414-GrpcLogAppender: appendEntries Timeout, request=8466bef0-9559-4d2e-b20d-aaf3fd2b14fd->897fdfd8-a3cb-4c9b-9ef8-a626c4e76414#39-t2, previous=(t:2, i:20), leaderCommit=16, initializing? false, entries: <empty>
2019-09-12 04:15:43,966 [grpc-default-executor-7] INFO  impl.RaftServerProxy (RaftServerProxy.java:remove(95)) - 90957f92-0013-496b-a419-9c1212c810e8: remove group-A84590474ECC:null
2019-09-12 04:15:43,970 [RatisPipelineUtilsThread] WARN  pipeline.RatisPipelineUtils (RatisPipelineUtils.java:destroyPipeline(66)) - Pipeline destroy failed for pipeline=PipelineID=71613155-3c20-4db9-a883-a84590474ecc dn=90957f92-0013-496b-a419-9c1212c810e8{ip: 192.168.34.8, host: pr-hdds-1879-pbs75-1821932185, networkLocation: /default-rack, certSerialId: null}
2019-09-12 04:15:43,974 [grpc-default-executor-7] INFO  impl.RaftServerProxy (RaftServerProxy.java:remove(95)) - 8466bef0-9559-4d2e-b20d-aaf3fd2b14fd: remove group-A84590474ECC:null
2019-09-12 04:15:43,977 [RatisPipelineUtilsThread] WARN  pipeline.RatisPipelineUtils (RatisPipelineUtils.java:destroyPipeline(66)) - Pipeline destroy failed for pipeline=PipelineID=71613155-3c20-4db9-a883-a84590474ecc dn=8466bef0-9559-4d2e-b20d-aaf3fd2b14fd{ip: 192.168.34.8, host: pr-hdds-1879-pbs75-1821932185, networkLocation: /default-rack, certSerialId: null}
2019-09-12 04:15:43,980 [grpc-default-executor-7] INFO  impl.RaftServerProxy (RaftServerProxy.java:remove(95)) - 897fdfd8-a3cb-4c9b-9ef8-a626c4e76414: remove group-A84590474ECC:null
2019-09-12 04:15:43,982 [RatisPipelineUtilsThread] WARN  pipeline.RatisPipelineUtils (RatisPipelineUtils.java:destroyPipeline(66)) - Pipeline destroy failed for pipeline=PipelineID=71613155-3c20-4db9-a883-a84590474ecc dn=897fdfd8-a3cb-4c9b-9ef8-a626c4e76414{ip: 192.168.34.8, host: pr-hdds-1879-pbs75-1821932185, networkLocation: /default-rack, certSerialId: null}
2019-09-12 04:15:43,983 [RatisPipelineUtilsThread] ERROR pipeline.SCMPipelineManager (Scheduler.java:lambda$schedule$1(70)) - Destroy pipeline failed for pipeline:Pipeline[ Id: 71613155-3c20-4db9-a883-a84590474ecc, Nodes: 90957f92-0013-496b-a419-9c1212c810e8{ip: 192.168.34.8, host: pr-hdds-1879-pbs75-1821932185, networkLocation: /default-rack, certSerialId: null}8466bef0-9559-4d2e-b20d-aaf3fd2b14fd{ip: 192.168.34.8, host: pr-hdds-1879-pbs75-1821932185, networkLocation: /default-rack, certSerialId: null}897fdfd8-a3cb-4c9b-9ef8-a626c4e76414{ip: 192.168.34.8, host: pr-hdds-1879-pbs75-1821932185, networkLocation: /default-rack, certSerialId: null}, Type:RATIS, Factor:THREE, State:CLOSED]
org.apache.hadoop.hdds.scm.pipeline.PipelineNotFoundException: PipelineID=71613155-3c20-4db9-a883-a84590474ecc not found
	at org.apache.hadoop.hdds.scm.pipeline.PipelineStateMap.getPipeline(PipelineStateMap.java:132)
	at org.apache.hadoop.hdds.scm.pipeline.PipelineStateMap.removePipeline(PipelineStateMap.java:322)
	at org.apache.hadoop.hdds.scm.pipeline.PipelineStateManager.removePipeline(PipelineStateManager.java:107)
	at org.apache.hadoop.hdds.scm.pipeline.SCMPipelineManager.removePipeline(SCMPipelineManager.java:423)
	at org.apache.hadoop.hdds.scm.pipeline.SCMPipelineManager.destroyPipeline(SCMPipelineManager.java:409)
	at org.apache.hadoop.hdds.scm.pipeline.SCMPipelineManager.lambda$finalizeAndDestroyPipeline$0(SCMPipelineManager.java:318)
	at org.apache.hadoop.utils.Scheduler.lambda$schedule$1(Scheduler.java:68)
	at java.util.concurrent.Executors$RunnableAdapter.call(Executors.java:511)
	at java.util.concurrent.FutureTask.run(FutureTask.java:266)
	at java.util.concurrent.ScheduledThreadPoolExecutor$ScheduledFutureTask.access$201(ScheduledThreadPoolExecutor.java:180)
	at java.util.concurrent.ScheduledThreadPoolExecutor$ScheduledFutureTask.run(ScheduledThreadPoolExecutor.java:293)
	at java.util.concurrent.ThreadPoolExecutor.runWorker(ThreadPoolExecutor.java:1149)
	at java.util.concurrent.ThreadPoolExecutor$Worker.run(ThreadPoolExecutor.java:624)
	at java.lang.Thread.run(Thread.java:748)
2019-09-12 04:15:45,074 [8466bef0-9559-4d2e-b20d-aaf3fd2b14fd@group-086F4A8DB6EB-SegmentedRaftLogWorker] WARN  segmented.SegmentedRaftLogWorker (SegmentedRaftLogWorker.java:getFromFuture(90)) - Timeout 4/~
org.apache.ratis.protocol.TimeoutIOException: Timeout 10s: WriteLog:17: (t:2, i:17), STATEMACHINELOGENTRY, client-B5F51BC26AA5, cid=82-writeStateMachineData
	at org.apache.ratis.util.IOUtils.getFromFuture(IOUtils.java:87)
	at org.apache.ratis.server.raftlog.segmented.SegmentedRaftLogWorker$StateMachineDataPolicy.getFromFuture(SegmentedRaftLogWorker.java:87)
	at org.apache.ratis.server.raftlog.segmented.SegmentedRaftLogWorker$WriteLog.execute(SegmentedRaftLogWorker.java:477)
	at org.apache.ratis.server.raftlog.segmented.SegmentedRaftLogWorker.run(SegmentedRaftLogWorker.java:289)
	at java.lang.Thread.run(Thread.java:748)
Caused by: java.util.concurrent.TimeoutException
	at java.util.concurrent.CompletableFuture.timedGet(CompletableFuture.java:1771)
	at java.util.concurrent.CompletableFuture.get(CompletableFuture.java:1915)
	at org.apache.ratis.util.IOUtils.getFromFuture(IOUtils.java:79)
	... 4 more
2019-09-12 04:15:45,074 [90957f92-0013-496b-a419-9c1212c810e8@group-086F4A8DB6EB-SegmentedRaftLogWorker] WARN  segmented.SegmentedRaftLogWorker (SegmentedRaftLogWorker.java:getFromFuture(90)) - Timeout 4/~
org.apache.ratis.protocol.TimeoutIOException: Timeout 10s: WriteLog:17: (t:2, i:17), STATEMACHINELOGENTRY, client-B5F51BC26AA5, cid=82-writeStateMachineData
	at org.apache.ratis.util.IOUtils.getFromFuture(IOUtils.java:87)
	at org.apache.ratis.server.raftlog.segmented.SegmentedRaftLogWorker$StateMachineDataPolicy.getFromFuture(SegmentedRaftLogWorker.java:87)
	at org.apache.ratis.server.raftlog.segmented.SegmentedRaftLogWorker$WriteLog.execute(SegmentedRaftLogWorker.java:477)
	at org.apache.ratis.server.raftlog.segmented.SegmentedRaftLogWorker.run(SegmentedRaftLogWorker.java:289)
	at java.lang.Thread.run(Thread.java:748)
Caused by: java.util.concurrent.TimeoutException
	at java.util.concurrent.CompletableFuture.timedGet(CompletableFuture.java:1771)
	at java.util.concurrent.CompletableFuture.get(CompletableFuture.java:1915)
	at org.apache.ratis.util.IOUtils.getFromFuture(IOUtils.java:79)
	... 4 more
2019-09-12 04:15:45,288 [897fdfd8-a3cb-4c9b-9ef8-a626c4e76414@group-086F4A8DB6EB-SegmentedRaftLogWorker] WARN  segmented.SegmentedRaftLogWorker (SegmentedRaftLogWorker.java:getFromFuture(90)) - Timeout 4/~
org.apache.ratis.protocol.TimeoutIOException: Timeout 10s: WriteLog:19: (t:2, i:19), STATEMACHINELOGENTRY, client-B5F51BC26AA5, cid=84-writeStateMachineData
	at org.apache.ratis.util.IOUtils.getFromFuture(IOUtils.java:87)
	at org.apache.ratis.server.raftlog.segmented.SegmentedRaftLogWorker$StateMachineDataPolicy.getFromFuture(SegmentedRaftLogWorker.java:87)
	at org.apache.ratis.server.raftlog.segmented.SegmentedRaftLogWorker$WriteLog.execute(SegmentedRaftLogWorker.java:477)
	at org.apache.ratis.server.raftlog.segmented.SegmentedRaftLogWorker.run(SegmentedRaftLogWorker.java:289)
	at java.lang.Thread.run(Thread.java:748)
Caused by: java.util.concurrent.TimeoutException
	at java.util.concurrent.CompletableFuture.timedGet(CompletableFuture.java:1771)
	at java.util.concurrent.CompletableFuture.get(CompletableFuture.java:1915)
	at org.apache.ratis.util.IOUtils.getFromFuture(IOUtils.java:79)
	... 4 more
2019-09-12 04:15:45,572 [grpc-default-executor-7] INFO  client.GrpcClientProtocolClient (GrpcClientProtocolClient.java:onNext(264)) - client-B5F51BC26AA5->897fdfd8-a3cb-4c9b-9ef8-a626c4e76414: receive RaftClientReply:client-B5F51BC26AA5->897fdfd8-a3cb-4c9b-9ef8-a626c4e76414@group-086F4A8DB6EB, cid=82, FAILED org.apache.ratis.protocol.NotLeaderException: Server 897fdfd8-a3cb-4c9b-9ef8-a626c4e76414@group-086F4A8DB6EB is not the leader 8466bef0-9559-4d2e-b20d-aaf3fd2b14fd:192.168.34.8:32905, logIndex=0, commits[897fdfd8-a3cb-4c9b-9ef8-a626c4e76414:c16, 90957f92-0013-496b-a419-9c1212c810e8:c12, 8466bef0-9559-4d2e-b20d-aaf3fd2b14fd:c16]
2019-09-12 04:15:45,600 [java.util.concurrent.ThreadPoolExecutor$Worker@155a4cd5[State = -1, empty queue]] WARN  server.GrpcLogAppender (GrpcLogAppender.java:timeoutAppendRequest(200)) - 8466bef0-9559-4d2e-b20d-aaf3fd2b14fd@group-086F4A8DB6EB->897fdfd8-a3cb-4c9b-9ef8-a626c4e76414-GrpcLogAppender: appendEntries Timeout, request=8466bef0-9559-4d2e-b20d-aaf3fd2b14fd->897fdfd8-a3cb-4c9b-9ef8-a626c4e76414#40-t2, previous=(t:2, i:20), leaderCommit=16, initializing? false, entries: <empty>
2019-09-12 04:15:45,600 [java.util.concurrent.ThreadPoolExecutor$Worker@1335c7b[State = -1, empty queue]] WARN  server.GrpcLogAppender (GrpcLogAppender.java:timeoutAppendRequest(200)) - 8466bef0-9559-4d2e-b20d-aaf3fd2b14fd@group-086F4A8DB6EB->90957f92-0013-496b-a419-9c1212c810e8-GrpcLogAppender: appendEntries Timeout, request=8466bef0-9559-4d2e-b20d-aaf3fd2b14fd->90957f92-0013-496b-a419-9c1212c810e8#40-t2, previous=(t:2, i:20), leaderCommit=16, initializing? false, entries: <empty>
2019-09-12 04:15:45,958 [grpc-default-executor-7] INFO  impl.RaftServerProxy (RaftServerProxy.java:remove(95)) - 90957f92-0013-496b-a419-9c1212c810e8: remove group-A84590474ECC:null
2019-09-12 04:15:45,962 [RatisPipelineUtilsThread] WARN  pipeline.RatisPipelineUtils (RatisPipelineUtils.java:destroyPipeline(66)) - Pipeline destroy failed for pipeline=PipelineID=71613155-3c20-4db9-a883-a84590474ecc dn=90957f92-0013-496b-a419-9c1212c810e8{ip: 192.168.34.8, host: pr-hdds-1879-pbs75-1821932185, networkLocation: /default-rack, certSerialId: null}
2019-09-12 04:15:45,965 [grpc-default-executor-7] INFO  impl.RaftServerProxy (RaftServerProxy.java:remove(95)) - 8466bef0-9559-4d2e-b20d-aaf3fd2b14fd: remove group-A84590474ECC:null
2019-09-12 04:15:45,967 [RatisPipelineUtilsThread] WARN  pipeline.RatisPipelineUtils (RatisPipelineUtils.java:destroyPipeline(66)) - Pipeline destroy failed for pipeline=PipelineID=71613155-3c20-4db9-a883-a84590474ecc dn=8466bef0-9559-4d2e-b20d-aaf3fd2b14fd{ip: 192.168.34.8, host: pr-hdds-1879-pbs75-1821932185, networkLocation: /default-rack, certSerialId: null}
2019-09-12 04:15:45,969 [grpc-default-executor-7] INFO  impl.RaftServerProxy (RaftServerProxy.java:remove(95)) - 897fdfd8-a3cb-4c9b-9ef8-a626c4e76414: remove group-A84590474ECC:null
2019-09-12 04:15:45,972 [RatisPipelineUtilsThread] WARN  pipeline.RatisPipelineUtils (RatisPipelineUtils.java:destroyPipeline(66)) - Pipeline destroy failed for pipeline=PipelineID=71613155-3c20-4db9-a883-a84590474ecc dn=897fdfd8-a3cb-4c9b-9ef8-a626c4e76414{ip: 192.168.34.8, host: pr-hdds-1879-pbs75-1821932185, networkLocation: /default-rack, certSerialId: null}
2019-09-12 04:15:45,972 [RatisPipelineUtilsThread] ERROR pipeline.SCMPipelineManager (Scheduler.java:lambda$schedule$1(70)) - Destroy pipeline failed for pipeline:Pipeline[ Id: 71613155-3c20-4db9-a883-a84590474ecc, Nodes: 90957f92-0013-496b-a419-9c1212c810e8{ip: 192.168.34.8, host: pr-hdds-1879-pbs75-1821932185, networkLocation: /default-rack, certSerialId: null}8466bef0-9559-4d2e-b20d-aaf3fd2b14fd{ip: 192.168.34.8, host: pr-hdds-1879-pbs75-1821932185, networkLocation: /default-rack, certSerialId: null}897fdfd8-a3cb-4c9b-9ef8-a626c4e76414{ip: 192.168.34.8, host: pr-hdds-1879-pbs75-1821932185, networkLocation: /default-rack, certSerialId: null}, Type:RATIS, Factor:THREE, State:CLOSED]
org.apache.hadoop.hdds.scm.pipeline.PipelineNotFoundException: PipelineID=71613155-3c20-4db9-a883-a84590474ecc not found
	at org.apache.hadoop.hdds.scm.pipeline.PipelineStateMap.getPipeline(PipelineStateMap.java:132)
	at org.apache.hadoop.hdds.scm.pipeline.PipelineStateMap.removePipeline(PipelineStateMap.java:322)
	at org.apache.hadoop.hdds.scm.pipeline.PipelineStateManager.removePipeline(PipelineStateManager.java:107)
	at org.apache.hadoop.hdds.scm.pipeline.SCMPipelineManager.removePipeline(SCMPipelineManager.java:423)
	at org.apache.hadoop.hdds.scm.pipeline.SCMPipelineManager.destroyPipeline(SCMPipelineManager.java:409)
	at org.apache.hadoop.hdds.scm.pipeline.SCMPipelineManager.lambda$finalizeAndDestroyPipeline$0(SCMPipelineManager.java:318)
	at org.apache.hadoop.utils.Scheduler.lambda$schedule$1(Scheduler.java:68)
	at java.util.concurrent.Executors$RunnableAdapter.call(Executors.java:511)
	at java.util.concurrent.FutureTask.run(FutureTask.java:266)
	at java.util.concurrent.ScheduledThreadPoolExecutor$ScheduledFutureTask.access$201(ScheduledThreadPoolExecutor.java:180)
	at java.util.concurrent.ScheduledThreadPoolExecutor$ScheduledFutureTask.run(ScheduledThreadPoolExecutor.java:293)
	at java.util.concurrent.ThreadPoolExecutor.runWorker(ThreadPoolExecutor.java:1149)
	at java.util.concurrent.ThreadPoolExecutor$Worker.run(ThreadPoolExecutor.java:624)
	at java.lang.Thread.run(Thread.java:748)
2019-09-12 04:15:46,079 [grpc-default-executor-7] INFO  impl.RaftServerProxy (RaftServerProxy.java:remove(95)) - 90957f92-0013-496b-a419-9c1212c810e8: remove group-A84590474ECC:null
2019-09-12 04:15:46,082 [RatisPipelineUtilsThread] WARN  pipeline.RatisPipelineUtils (RatisPipelineUtils.java:destroyPipeline(66)) - Pipeline destroy failed for pipeline=PipelineID=71613155-3c20-4db9-a883-a84590474ecc dn=90957f92-0013-496b-a419-9c1212c810e8{ip: 192.168.34.8, host: pr-hdds-1879-pbs75-1821932185, networkLocation: /default-rack, certSerialId: null}
2019-09-12 04:15:46,084 [grpc-default-executor-7] INFO  impl.RaftServerProxy (RaftServerProxy.java:remove(95)) - 8466bef0-9559-4d2e-b20d-aaf3fd2b14fd: remove group-A84590474ECC:null
2019-09-12 04:15:46,087 [RatisPipelineUtilsThread] WARN  pipeline.RatisPipelineUtils (RatisPipelineUtils.java:destroyPipeline(66)) - Pipeline destroy failed for pipeline=PipelineID=71613155-3c20-4db9-a883-a84590474ecc dn=8466bef0-9559-4d2e-b20d-aaf3fd2b14fd{ip: 192.168.34.8, host: pr-hdds-1879-pbs75-1821932185, networkLocation: /default-rack, certSerialId: null}
2019-09-12 04:15:46,090 [grpc-default-executor-7] INFO  impl.RaftServerProxy (RaftServerProxy.java:remove(95)) - 897fdfd8-a3cb-4c9b-9ef8-a626c4e76414: remove group-A84590474ECC:null
2019-09-12 04:15:46,092 [RatisPipelineUtilsThread] WARN  pipeline.RatisPipelineUtils (RatisPipelineUtils.java:destroyPipeline(66)) - Pipeline destroy failed for pipeline=PipelineID=71613155-3c20-4db9-a883-a84590474ecc dn=897fdfd8-a3cb-4c9b-9ef8-a626c4e76414{ip: 192.168.34.8, host: pr-hdds-1879-pbs75-1821932185, networkLocation: /default-rack, certSerialId: null}
2019-09-12 04:15:46,093 [RatisPipelineUtilsThread] ERROR pipeline.SCMPipelineManager (Scheduler.java:lambda$schedule$1(70)) - Destroy pipeline failed for pipeline:Pipeline[ Id: 71613155-3c20-4db9-a883-a84590474ecc, Nodes: 90957f92-0013-496b-a419-9c1212c810e8{ip: 192.168.34.8, host: pr-hdds-1879-pbs75-1821932185, networkLocation: /default-rack, certSerialId: null}8466bef0-9559-4d2e-b20d-aaf3fd2b14fd{ip: 192.168.34.8, host: pr-hdds-1879-pbs75-1821932185, networkLocation: /default-rack, certSerialId: null}897fdfd8-a3cb-4c9b-9ef8-a626c4e76414{ip: 192.168.34.8, host: pr-hdds-1879-pbs75-1821932185, networkLocation: /default-rack, certSerialId: null}, Type:RATIS, Factor:THREE, State:CLOSED]
org.apache.hadoop.hdds.scm.pipeline.PipelineNotFoundException: PipelineID=71613155-3c20-4db9-a883-a84590474ecc not found
	at org.apache.hadoop.hdds.scm.pipeline.PipelineStateMap.getPipeline(PipelineStateMap.java:132)
	at org.apache.hadoop.hdds.scm.pipeline.PipelineStateMap.removePipeline(PipelineStateMap.java:322)
	at org.apache.hadoop.hdds.scm.pipeline.PipelineStateManager.removePipeline(PipelineStateManager.java:107)
	at org.apache.hadoop.hdds.scm.pipeline.SCMPipelineManager.removePipeline(SCMPipelineManager.java:423)
	at org.apache.hadoop.hdds.scm.pipeline.SCMPipelineManager.destroyPipeline(SCMPipelineManager.java:409)
	at org.apache.hadoop.hdds.scm.pipeline.SCMPipelineManager.lambda$finalizeAndDestroyPipeline$0(SCMPipelineManager.java:318)
	at org.apache.hadoop.utils.Scheduler.lambda$schedule$1(Scheduler.java:68)
	at java.util.concurrent.Executors$RunnableAdapter.call(Executors.java:511)
	at java.util.concurrent.FutureTask.run(FutureTask.java:266)
	at java.util.concurrent.ScheduledThreadPoolExecutor$ScheduledFutureTask.access$201(ScheduledThreadPoolExecutor.java:180)
	at java.util.concurrent.ScheduledThreadPoolExecutor$ScheduledFutureTask.run(ScheduledThreadPoolExecutor.java:293)
	at java.util.concurrent.ThreadPoolExecutor.runWorker(ThreadPoolExecutor.java:1149)
	at java.util.concurrent.ThreadPoolExecutor$Worker.run(ThreadPoolExecutor.java:624)
	at java.lang.Thread.run(Thread.java:748)
2019-09-12 04:15:46,594 [grpc-default-executor-7] INFO  impl.RaftServerProxy (RaftServerProxy.java:remove(95)) - 90957f92-0013-496b-a419-9c1212c810e8: remove group-A84590474ECC:null
2019-09-12 04:15:46,597 [RatisPipelineUtilsThread] WARN  pipeline.RatisPipelineUtils (RatisPipelineUtils.java:destroyPipeline(66)) - Pipeline destroy failed for pipeline=PipelineID=71613155-3c20-4db9-a883-a84590474ecc dn=90957f92-0013-496b-a419-9c1212c810e8{ip: 192.168.34.8, host: pr-hdds-1879-pbs75-1821932185, networkLocation: /default-rack, certSerialId: null}
2019-09-12 04:15:46,603 [grpc-default-executor-7] INFO  impl.RaftServerProxy (RaftServerProxy.java:remove(95)) - 8466bef0-9559-4d2e-b20d-aaf3fd2b14fd: remove group-A84590474ECC:null
2019-09-12 04:15:46,605 [RatisPipelineUtilsThread] WARN  pipeline.RatisPipelineUtils (RatisPipelineUtils.java:destroyPipeline(66)) - Pipeline destroy failed for pipeline=PipelineID=71613155-3c20-4db9-a883-a84590474ecc dn=8466bef0-9559-4d2e-b20d-aaf3fd2b14fd{ip: 192.168.34.8, host: pr-hdds-1879-pbs75-1821932185, networkLocation: /default-rack, certSerialId: null}
2019-09-12 04:15:46,608 [grpc-default-executor-7] INFO  impl.RaftServerProxy (RaftServerProxy.java:remove(95)) - 897fdfd8-a3cb-4c9b-9ef8-a626c4e76414: remove group-A84590474ECC:null
2019-09-12 04:15:46,611 [RatisPipelineUtilsThread] WARN  pipeline.RatisPipelineUtils (RatisPipelineUtils.java:destroyPipeline(66)) - Pipeline destroy failed for pipeline=PipelineID=71613155-3c20-4db9-a883-a84590474ecc dn=897fdfd8-a3cb-4c9b-9ef8-a626c4e76414{ip: 192.168.34.8, host: pr-hdds-1879-pbs75-1821932185, networkLocation: /default-rack, certSerialId: null}
2019-09-12 04:15:46,611 [RatisPipelineUtilsThread] ERROR pipeline.SCMPipelineManager (Scheduler.java:lambda$schedule$1(70)) - Destroy pipeline failed for pipeline:Pipeline[ Id: 71613155-3c20-4db9-a883-a84590474ecc, Nodes: 90957f92-0013-496b-a419-9c1212c810e8{ip: 192.168.34.8, host: pr-hdds-1879-pbs75-1821932185, networkLocation: /default-rack, certSerialId: null}8466bef0-9559-4d2e-b20d-aaf3fd2b14fd{ip: 192.168.34.8, host: pr-hdds-1879-pbs75-1821932185, networkLocation: /default-rack, certSerialId: null}897fdfd8-a3cb-4c9b-9ef8-a626c4e76414{ip: 192.168.34.8, host: pr-hdds-1879-pbs75-1821932185, networkLocation: /default-rack, certSerialId: null}, Type:RATIS, Factor:THREE, State:CLOSED]
org.apache.hadoop.hdds.scm.pipeline.PipelineNotFoundException: PipelineID=71613155-3c20-4db9-a883-a84590474ecc not found
	at org.apache.hadoop.hdds.scm.pipeline.PipelineStateMap.getPipeline(PipelineStateMap.java:132)
	at org.apache.hadoop.hdds.scm.pipeline.PipelineStateMap.removePipeline(PipelineStateMap.java:322)
	at org.apache.hadoop.hdds.scm.pipeline.PipelineStateManager.removePipeline(PipelineStateManager.java:107)
	at org.apache.hadoop.hdds.scm.pipeline.SCMPipelineManager.removePipeline(SCMPipelineManager.java:423)
	at org.apache.hadoop.hdds.scm.pipeline.SCMPipelineManager.destroyPipeline(SCMPipelineManager.java:409)
	at org.apache.hadoop.hdds.scm.pipeline.SCMPipelineManager.lambda$finalizeAndDestroyPipeline$0(SCMPipelineManager.java:318)
	at org.apache.hadoop.utils.Scheduler.lambda$schedule$1(Scheduler.java:68)
	at java.util.concurrent.Executors$RunnableAdapter.call(Executors.java:511)
	at java.util.concurrent.FutureTask.run(FutureTask.java:266)
	at java.util.concurrent.ScheduledThreadPoolExecutor$ScheduledFutureTask.access$201(ScheduledThreadPoolExecutor.java:180)
	at java.util.concurrent.ScheduledThreadPoolExecutor$ScheduledFutureTask.run(ScheduledThreadPoolExecutor.java:293)
	at java.util.concurrent.ThreadPoolExecutor.runWorker(ThreadPoolExecutor.java:1149)
	at java.util.concurrent.ThreadPoolExecutor$Worker.run(ThreadPoolExecutor.java:624)
	at java.lang.Thread.run(Thread.java:748)
2019-09-12 04:15:47,195 [grpc-default-executor-7] INFO  impl.RaftServerProxy (RaftServerProxy.java:remove(95)) - 90957f92-0013-496b-a419-9c1212c810e8: remove group-A84590474ECC:null
2019-09-12 04:15:47,198 [RatisPipelineUtilsThread] WARN  pipeline.RatisPipelineUtils (RatisPipelineUtils.java:destroyPipeline(66)) - Pipeline destroy failed for pipeline=PipelineID=71613155-3c20-4db9-a883-a84590474ecc dn=90957f92-0013-496b-a419-9c1212c810e8{ip: 192.168.34.8, host: pr-hdds-1879-pbs75-1821932185, networkLocation: /default-rack, certSerialId: null}
2019-09-12 04:15:47,202 [grpc-default-executor-7] INFO  impl.RaftServerProxy (RaftServerProxy.java:remove(95)) - 8466bef0-9559-4d2e-b20d-aaf3fd2b14fd: remove group-A84590474ECC:null
2019-09-12 04:15:47,204 [RatisPipelineUtilsThread] WARN  pipeline.RatisPipelineUtils (RatisPipelineUtils.java:destroyPipeline(66)) - Pipeline destroy failed for pipeline=PipelineID=71613155-3c20-4db9-a883-a84590474ecc dn=8466bef0-9559-4d2e-b20d-aaf3fd2b14fd{ip: 192.168.34.8, host: pr-hdds-1879-pbs75-1821932185, networkLocation: /default-rack, certSerialId: null}
2019-09-12 04:15:47,207 [grpc-default-executor-7] INFO  impl.RaftServerProxy (RaftServerProxy.java:remove(95)) - 897fdfd8-a3cb-4c9b-9ef8-a626c4e76414: remove group-A84590474ECC:null
2019-09-12 04:15:47,210 [RatisPipelineUtilsThread] WARN  pipeline.RatisPipelineUtils (RatisPipelineUtils.java:destroyPipeline(66)) - Pipeline destroy failed for pipeline=PipelineID=71613155-3c20-4db9-a883-a84590474ecc dn=897fdfd8-a3cb-4c9b-9ef8-a626c4e76414{ip: 192.168.34.8, host: pr-hdds-1879-pbs75-1821932185, networkLocation: /default-rack, certSerialId: null}
2019-09-12 04:15:47,210 [RatisPipelineUtilsThread] ERROR pipeline.SCMPipelineManager (Scheduler.java:lambda$schedule$1(70)) - Destroy pipeline failed for pipeline:Pipeline[ Id: 71613155-3c20-4db9-a883-a84590474ecc, Nodes: 90957f92-0013-496b-a419-9c1212c810e8{ip: 192.168.34.8, host: pr-hdds-1879-pbs75-1821932185, networkLocation: /default-rack, certSerialId: null}8466bef0-9559-4d2e-b20d-aaf3fd2b14fd{ip: 192.168.34.8, host: pr-hdds-1879-pbs75-1821932185, networkLocation: /default-rack, certSerialId: null}897fdfd8-a3cb-4c9b-9ef8-a626c4e76414{ip: 192.168.34.8, host: pr-hdds-1879-pbs75-1821932185, networkLocation: /default-rack, certSerialId: null}, Type:RATIS, Factor:THREE, State:CLOSED]
org.apache.hadoop.hdds.scm.pipeline.PipelineNotFoundException: PipelineID=71613155-3c20-4db9-a883-a84590474ecc not found
	at org.apache.hadoop.hdds.scm.pipeline.PipelineStateMap.getPipeline(PipelineStateMap.java:132)
	at org.apache.hadoop.hdds.scm.pipeline.PipelineStateMap.removePipeline(PipelineStateMap.java:322)
	at org.apache.hadoop.hdds.scm.pipeline.PipelineStateManager.removePipeline(PipelineStateManager.java:107)
	at org.apache.hadoop.hdds.scm.pipeline.SCMPipelineManager.removePipeline(SCMPipelineManager.java:423)
	at org.apache.hadoop.hdds.scm.pipeline.SCMPipelineManager.destroyPipeline(SCMPipelineManager.java:409)
	at org.apache.hadoop.hdds.scm.pipeline.SCMPipelineManager.lambda$finalizeAndDestroyPipeline$0(SCMPipelineManager.java:318)
	at org.apache.hadoop.utils.Scheduler.lambda$schedule$1(Scheduler.java:68)
	at java.util.concurrent.Executors$RunnableAdapter.call(Executors.java:511)
	at java.util.concurrent.FutureTask.run(FutureTask.java:266)
	at java.util.concurrent.ScheduledThreadPoolExecutor$ScheduledFutureTask.access$201(ScheduledThreadPoolExecutor.java:180)
	at java.util.concurrent.ScheduledThreadPoolExecutor$ScheduledFutureTask.run(ScheduledThreadPoolExecutor.java:293)
	at java.util.concurrent.ThreadPoolExecutor.runWorker(ThreadPoolExecutor.java:1149)
	at java.util.concurrent.ThreadPoolExecutor$Worker.run(ThreadPoolExecutor.java:624)
	at java.lang.Thread.run(Thread.java:748)
2019-09-12 04:15:48,092 [java.util.concurrent.ThreadPoolExecutor$Worker@155a4cd5[State = -1, empty queue]] WARN  server.GrpcLogAppender (GrpcLogAppender.java:timeoutAppendRequest(200)) - 8466bef0-9559-4d2e-b20d-aaf3fd2b14fd@group-086F4A8DB6EB->897fdfd8-a3cb-4c9b-9ef8-a626c4e76414-GrpcLogAppender: appendEntries Timeout, request=8466bef0-9559-4d2e-b20d-aaf3fd2b14fd->897fdfd8-a3cb-4c9b-9ef8-a626c4e76414#41-t2, previous=(t:2, i:20), leaderCommit=16, initializing? false, entries: <empty>
2019-09-12 04:15:48,092 [java.util.concurrent.ThreadPoolExecutor$Worker@1335c7b[State = -1, empty queue]] WARN  server.GrpcLogAppender (GrpcLogAppender.java:timeoutAppendRequest(200)) - 8466bef0-9559-4d2e-b20d-aaf3fd2b14fd@group-086F4A8DB6EB->90957f92-0013-496b-a419-9c1212c810e8-GrpcLogAppender: appendEntries Timeout, request=8466bef0-9559-4d2e-b20d-aaf3fd2b14fd->90957f92-0013-496b-a419-9c1212c810e8#41-t2, previous=(t:2, i:20), leaderCommit=16, initializing? false, entries: <empty>
2019-09-12 04:15:50,594 [java.util.concurrent.ThreadPoolExecutor$Worker@1335c7b[State = -1, empty queue]] WARN  server.GrpcLogAppender (GrpcLogAppender.java:timeoutAppendRequest(200)) - 8466bef0-9559-4d2e-b20d-aaf3fd2b14fd@group-086F4A8DB6EB->90957f92-0013-496b-a419-9c1212c810e8-GrpcLogAppender: appendEntries Timeout, request=8466bef0-9559-4d2e-b20d-aaf3fd2b14fd->90957f92-0013-496b-a419-9c1212c810e8#42-t2, previous=(t:2, i:20), leaderCommit=16, initializing? false, entries: <empty>
2019-09-12 04:15:50,594 [java.util.concurrent.ThreadPoolExecutor$Worker@155a4cd5[State = -1, empty queue]] WARN  server.GrpcLogAppender (GrpcLogAppender.java:timeoutAppendRequest(200)) - 8466bef0-9559-4d2e-b20d-aaf3fd2b14fd@group-086F4A8DB6EB->897fdfd8-a3cb-4c9b-9ef8-a626c4e76414-GrpcLogAppender: appendEntries Timeout, request=8466bef0-9559-4d2e-b20d-aaf3fd2b14fd->897fdfd8-a3cb-4c9b-9ef8-a626c4e76414#42-t2, previous=(t:2, i:20), leaderCommit=16, initializing? false, entries: <empty>
2019-09-12 04:15:50,643 [grpc-default-executor-7] INFO  client.GrpcClientProtocolClient (GrpcClientProtocolClient.java:onNext(264)) - client-B5F51BC26AA5->90957f92-0013-496b-a419-9c1212c810e8: receive RaftClientReply:client-B5F51BC26AA5->90957f92-0013-496b-a419-9c1212c810e8@group-086F4A8DB6EB, cid=82, FAILED org.apache.ratis.protocol.NotLeaderException: Server 90957f92-0013-496b-a419-9c1212c810e8@group-086F4A8DB6EB is not the leader 8466bef0-9559-4d2e-b20d-aaf3fd2b14fd:192.168.34.8:32905, logIndex=0, commits[90957f92-0013-496b-a419-9c1212c810e8:c16, 897fdfd8-a3cb-4c9b-9ef8-a626c4e76414:c12, 8466bef0-9559-4d2e-b20d-aaf3fd2b14fd:c16]
2019-09-12 04:15:53,095 [java.util.concurrent.ThreadPoolExecutor$Worker@155a4cd5[State = -1, empty queue]] WARN  server.GrpcLogAppender (GrpcLogAppender.java:timeoutAppendRequest(200)) - 8466bef0-9559-4d2e-b20d-aaf3fd2b14fd@group-086F4A8DB6EB->897fdfd8-a3cb-4c9b-9ef8-a626c4e76414-GrpcLogAppender: appendEntries Timeout, request=8466bef0-9559-4d2e-b20d-aaf3fd2b14fd->897fdfd8-a3cb-4c9b-9ef8-a626c4e76414#43-t2, previous=(t:2, i:20), leaderCommit=16, initializing? false, entries: <empty>
2019-09-12 04:15:53,095 [java.util.concurrent.ThreadPoolExecutor$Worker@1335c7b[State = -1, empty queue]] WARN  server.GrpcLogAppender (GrpcLogAppender.java:timeoutAppendRequest(200)) - 8466bef0-9559-4d2e-b20d-aaf3fd2b14fd@group-086F4A8DB6EB->90957f92-0013-496b-a419-9c1212c810e8-GrpcLogAppender: appendEntries Timeout, request=8466bef0-9559-4d2e-b20d-aaf3fd2b14fd->90957f92-0013-496b-a419-9c1212c810e8#43-t2, previous=(t:2, i:20), leaderCommit=16, initializing? false, entries: <empty>
2019-09-12 04:15:55,075 [8466bef0-9559-4d2e-b20d-aaf3fd2b14fd@group-086F4A8DB6EB-SegmentedRaftLogWorker] WARN  segmented.SegmentedRaftLogWorker (SegmentedRaftLogWorker.java:getFromFuture(90)) - Timeout 5/~
org.apache.ratis.protocol.TimeoutIOException: Timeout 10s: WriteLog:17: (t:2, i:17), STATEMACHINELOGENTRY, client-B5F51BC26AA5, cid=82-writeStateMachineData
	at org.apache.ratis.util.IOUtils.getFromFuture(IOUtils.java:87)
	at org.apache.ratis.server.raftlog.segmented.SegmentedRaftLogWorker$StateMachineDataPolicy.getFromFuture(SegmentedRaftLogWorker.java:87)
	at org.apache.ratis.server.raftlog.segmented.SegmentedRaftLogWorker$WriteLog.execute(SegmentedRaftLogWorker.java:477)
	at org.apache.ratis.server.raftlog.segmented.SegmentedRaftLogWorker.run(SegmentedRaftLogWorker.java:289)
	at java.lang.Thread.run(Thread.java:748)
Caused by: java.util.concurrent.TimeoutException
	at java.util.concurrent.CompletableFuture.timedGet(CompletableFuture.java:1771)
	at java.util.concurrent.CompletableFuture.get(CompletableFuture.java:1915)
	at org.apache.ratis.util.IOUtils.getFromFuture(IOUtils.java:79)
	... 4 more
2019-09-12 04:15:55,076 [90957f92-0013-496b-a419-9c1212c810e8@group-086F4A8DB6EB-SegmentedRaftLogWorker] WARN  segmented.SegmentedRaftLogWorker (SegmentedRaftLogWorker.java:getFromFuture(90)) - Timeout 5/~
org.apache.ratis.protocol.TimeoutIOException: Timeout 10s: WriteLog:17: (t:2, i:17), STATEMACHINELOGENTRY, client-B5F51BC26AA5, cid=82-writeStateMachineData
	at org.apache.ratis.util.IOUtils.getFromFuture(IOUtils.java:87)
	at org.apache.ratis.server.raftlog.segmented.SegmentedRaftLogWorker$StateMachineDataPolicy.getFromFuture(SegmentedRaftLogWorker.java:87)
	at org.apache.ratis.server.raftlog.segmented.SegmentedRaftLogWorker$WriteLog.execute(SegmentedRaftLogWorker.java:477)
	at org.apache.ratis.server.raftlog.segmented.SegmentedRaftLogWorker.run(SegmentedRaftLogWorker.java:289)
	at java.lang.Thread.run(Thread.java:748)
Caused by: java.util.concurrent.TimeoutException
	at java.util.concurrent.CompletableFuture.timedGet(CompletableFuture.java:1771)
	at java.util.concurrent.CompletableFuture.get(CompletableFuture.java:1915)
	at org.apache.ratis.util.IOUtils.getFromFuture(IOUtils.java:79)
	... 4 more
2019-09-12 04:15:55,288 [897fdfd8-a3cb-4c9b-9ef8-a626c4e76414@group-086F4A8DB6EB-SegmentedRaftLogWorker] WARN  segmented.SegmentedRaftLogWorker (SegmentedRaftLogWorker.java:getFromFuture(90)) - Timeout 5/~
org.apache.ratis.protocol.TimeoutIOException: Timeout 10s: WriteLog:19: (t:2, i:19), STATEMACHINELOGENTRY, client-B5F51BC26AA5, cid=84-writeStateMachineData
	at org.apache.ratis.util.IOUtils.getFromFuture(IOUtils.java:87)
	at org.apache.ratis.server.raftlog.segmented.SegmentedRaftLogWorker$StateMachineDataPolicy.getFromFuture(SegmentedRaftLogWorker.java:87)
	at org.apache.ratis.server.raftlog.segmented.SegmentedRaftLogWorker$WriteLog.execute(SegmentedRaftLogWorker.java:477)
	at org.apache.ratis.server.raftlog.segmented.SegmentedRaftLogWorker.run(SegmentedRaftLogWorker.java:289)
	at java.lang.Thread.run(Thread.java:748)
Caused by: java.util.concurrent.TimeoutException
	at java.util.concurrent.CompletableFuture.timedGet(CompletableFuture.java:1771)
	at java.util.concurrent.CompletableFuture.get(CompletableFuture.java:1915)
	at org.apache.ratis.util.IOUtils.getFromFuture(IOUtils.java:79)
	... 4 more
2019-09-12 04:15:55,597 [java.util.concurrent.ThreadPoolExecutor$Worker@155a4cd5[State = -1, empty queue]] WARN  server.GrpcLogAppender (GrpcLogAppender.java:timeoutAppendRequest(200)) - 8466bef0-9559-4d2e-b20d-aaf3fd2b14fd@group-086F4A8DB6EB->897fdfd8-a3cb-4c9b-9ef8-a626c4e76414-GrpcLogAppender: appendEntries Timeout, request=8466bef0-9559-4d2e-b20d-aaf3fd2b14fd->897fdfd8-a3cb-4c9b-9ef8-a626c4e76414#44-t2, previous=(t:2, i:20), leaderCommit=16, initializing? false, entries: <empty>
2019-09-12 04:15:55,597 [java.util.concurrent.ThreadPoolExecutor$Worker@1335c7b[State = -1, empty queue]] WARN  server.GrpcLogAppender (GrpcLogAppender.java:timeoutAppendRequest(200)) - 8466bef0-9559-4d2e-b20d-aaf3fd2b14fd@group-086F4A8DB6EB->90957f92-0013-496b-a419-9c1212c810e8-GrpcLogAppender: appendEntries Timeout, request=8466bef0-9559-4d2e-b20d-aaf3fd2b14fd->90957f92-0013-496b-a419-9c1212c810e8#44-t2, previous=(t:2, i:20), leaderCommit=16, initializing? false, entries: <empty>
2019-09-12 04:15:55,705 [grpc-default-executor-7] INFO  client.GrpcClientProtocolClient (GrpcClientProtocolClient.java:onNext(264)) - client-B5F51BC26AA5->897fdfd8-a3cb-4c9b-9ef8-a626c4e76414: receive RaftClientReply:client-B5F51BC26AA5->897fdfd8-a3cb-4c9b-9ef8-a626c4e76414@group-086F4A8DB6EB, cid=82, FAILED org.apache.ratis.protocol.NotLeaderException: Server 897fdfd8-a3cb-4c9b-9ef8-a626c4e76414@group-086F4A8DB6EB is not the leader 8466bef0-9559-4d2e-b20d-aaf3fd2b14fd:192.168.34.8:32905, logIndex=0, commits[897fdfd8-a3cb-4c9b-9ef8-a626c4e76414:c16, 90957f92-0013-496b-a419-9c1212c810e8:c12, 8466bef0-9559-4d2e-b20d-aaf3fd2b14fd:c16]
2019-09-12 04:15:58,097 [java.util.concurrent.ThreadPoolExecutor$Worker@1335c7b[State = -1, empty queue]] WARN  server.GrpcLogAppender (GrpcLogAppender.java:timeoutAppendRequest(200)) - 8466bef0-9559-4d2e-b20d-aaf3fd2b14fd@group-086F4A8DB6EB->90957f92-0013-496b-a419-9c1212c810e8-GrpcLogAppender: appendEntries Timeout, request=8466bef0-9559-4d2e-b20d-aaf3fd2b14fd->90957f92-0013-496b-a419-9c1212c810e8#45-t2, previous=(t:2, i:20), leaderCommit=16, initializing? false, entries: <empty>
2019-09-12 04:15:58,097 [java.util.concurrent.ThreadPoolExecutor$Worker@155a4cd5[State = -1, empty queue]] WARN  server.GrpcLogAppender (GrpcLogAppender.java:timeoutAppendRequest(200)) - 8466bef0-9559-4d2e-b20d-aaf3fd2b14fd@group-086F4A8DB6EB->897fdfd8-a3cb-4c9b-9ef8-a626c4e76414-GrpcLogAppender: appendEntries Timeout, request=8466bef0-9559-4d2e-b20d-aaf3fd2b14fd->897fdfd8-a3cb-4c9b-9ef8-a626c4e76414#45-t2, previous=(t:2, i:20), leaderCommit=16, initializing? false, entries: <empty>
2019-09-12 04:16:00,598 [java.util.concurrent.ThreadPoolExecutor$Worker@1335c7b[State = -1, empty queue]] WARN  server.GrpcLogAppender (GrpcLogAppender.java:timeoutAppendRequest(200)) - 8466bef0-9559-4d2e-b20d-aaf3fd2b14fd@group-086F4A8DB6EB->90957f92-0013-496b-a419-9c1212c810e8-GrpcLogAppender: appendEntries Timeout, request=8466bef0-9559-4d2e-b20d-aaf3fd2b14fd->90957f92-0013-496b-a419-9c1212c810e8#46-t2, previous=(t:2, i:20), leaderCommit=16, initializing? false, entries: <empty>
2019-09-12 04:16:00,598 [java.util.concurrent.ThreadPoolExecutor$Worker@155a4cd5[State = -1, empty queue]] WARN  server.GrpcLogAppender (GrpcLogAppender.java:timeoutAppendRequest(200)) - 8466bef0-9559-4d2e-b20d-aaf3fd2b14fd@group-086F4A8DB6EB->897fdfd8-a3cb-4c9b-9ef8-a626c4e76414-GrpcLogAppender: appendEntries Timeout, request=8466bef0-9559-4d2e-b20d-aaf3fd2b14fd->897fdfd8-a3cb-4c9b-9ef8-a626c4e76414#46-t2, previous=(t:2, i:20), leaderCommit=16, initializing? false, entries: <empty>
2019-09-12 04:16:00,750 [grpc-default-executor-7] INFO  client.GrpcClientProtocolClient (GrpcClientProtocolClient.java:onNext(264)) - client-B5F51BC26AA5->897fdfd8-a3cb-4c9b-9ef8-a626c4e76414: receive RaftClientReply:client-B5F51BC26AA5->897fdfd8-a3cb-4c9b-9ef8-a626c4e76414@group-086F4A8DB6EB, cid=82, FAILED org.apache.ratis.protocol.NotLeaderException: Server 897fdfd8-a3cb-4c9b-9ef8-a626c4e76414@group-086F4A8DB6EB is not the leader 8466bef0-9559-4d2e-b20d-aaf3fd2b14fd:192.168.34.8:32905, logIndex=0, commits[897fdfd8-a3cb-4c9b-9ef8-a626c4e76414:c16, 90957f92-0013-496b-a419-9c1212c810e8:c12, 8466bef0-9559-4d2e-b20d-aaf3fd2b14fd:c16]
2019-09-12 04:16:03,099 [java.util.concurrent.ThreadPoolExecutor$Worker@155a4cd5[State = -1, empty queue]] WARN  server.GrpcLogAppender (GrpcLogAppender.java:timeoutAppendRequest(200)) - 8466bef0-9559-4d2e-b20d-aaf3fd2b14fd@group-086F4A8DB6EB->897fdfd8-a3cb-4c9b-9ef8-a626c4e76414-GrpcLogAppender: appendEntries Timeout, request=8466bef0-9559-4d2e-b20d-aaf3fd2b14fd->897fdfd8-a3cb-4c9b-9ef8-a626c4e76414#47-t2, previous=(t:2, i:20), leaderCommit=16, initializing? false, entries: <empty>
2019-09-12 04:16:03,099 [java.util.concurrent.ThreadPoolExecutor$Worker@1335c7b[State = -1, empty queue]] WARN  server.GrpcLogAppender (GrpcLogAppender.java:timeoutAppendRequest(200)) - 8466bef0-9559-4d2e-b20d-aaf3fd2b14fd@group-086F4A8DB6EB->90957f92-0013-496b-a419-9c1212c810e8-GrpcLogAppender: appendEntries Timeout, request=8466bef0-9559-4d2e-b20d-aaf3fd2b14fd->90957f92-0013-496b-a419-9c1212c810e8#47-t2, previous=(t:2, i:20), leaderCommit=16, initializing? false, entries: <empty>
2019-09-12 04:16:05,076 [8466bef0-9559-4d2e-b20d-aaf3fd2b14fd@group-086F4A8DB6EB-SegmentedRaftLogWorker] WARN  segmented.SegmentedRaftLogWorker (SegmentedRaftLogWorker.java:getFromFuture(90)) - Timeout 6/~
org.apache.ratis.protocol.TimeoutIOException: Timeout 10s: WriteLog:17: (t:2, i:17), STATEMACHINELOGENTRY, client-B5F51BC26AA5, cid=82-writeStateMachineData
	at org.apache.ratis.util.IOUtils.getFromFuture(IOUtils.java:87)
	at org.apache.ratis.server.raftlog.segmented.SegmentedRaftLogWorker$StateMachineDataPolicy.getFromFuture(SegmentedRaftLogWorker.java:87)
	at org.apache.ratis.server.raftlog.segmented.SegmentedRaftLogWorker$WriteLog.execute(SegmentedRaftLogWorker.java:477)
	at org.apache.ratis.server.raftlog.segmented.SegmentedRaftLogWorker.run(SegmentedRaftLogWorker.java:289)
	at java.lang.Thread.run(Thread.java:748)
Caused by: java.util.concurrent.TimeoutException
	at java.util.concurrent.CompletableFuture.timedGet(CompletableFuture.java:1771)
	at java.util.concurrent.CompletableFuture.get(CompletableFuture.java:1915)
	at org.apache.ratis.util.IOUtils.getFromFuture(IOUtils.java:79)
	... 4 more
2019-09-12 04:16:05,077 [90957f92-0013-496b-a419-9c1212c810e8@group-086F4A8DB6EB-SegmentedRaftLogWorker] WARN  segmented.SegmentedRaftLogWorker (SegmentedRaftLogWorker.java:getFromFuture(90)) - Timeout 6/~
org.apache.ratis.protocol.TimeoutIOException: Timeout 10s: WriteLog:17: (t:2, i:17), STATEMACHINELOGENTRY, client-B5F51BC26AA5, cid=82-writeStateMachineData
	at org.apache.ratis.util.IOUtils.getFromFuture(IOUtils.java:87)
	at org.apache.ratis.server.raftlog.segmented.SegmentedRaftLogWorker$StateMachineDataPolicy.getFromFuture(SegmentedRaftLogWorker.java:87)
	at org.apache.ratis.server.raftlog.segmented.SegmentedRaftLogWorker$WriteLog.execute(SegmentedRaftLogWorker.java:477)
	at org.apache.ratis.server.raftlog.segmented.SegmentedRaftLogWorker.run(SegmentedRaftLogWorker.java:289)
	at java.lang.Thread.run(Thread.java:748)
Caused by: java.util.concurrent.TimeoutException
	at java.util.concurrent.CompletableFuture.timedGet(CompletableFuture.java:1771)
	at java.util.concurrent.CompletableFuture.get(CompletableFuture.java:1915)
	at org.apache.ratis.util.IOUtils.getFromFuture(IOUtils.java:79)
	... 4 more
2019-09-12 04:16:05,289 [897fdfd8-a3cb-4c9b-9ef8-a626c4e76414@group-086F4A8DB6EB-SegmentedRaftLogWorker] WARN  segmented.SegmentedRaftLogWorker (SegmentedRaftLogWorker.java:getFromFuture(90)) - Timeout 6/~
org.apache.ratis.protocol.TimeoutIOException: Timeout 10s: WriteLog:19: (t:2, i:19), STATEMACHINELOGENTRY, client-B5F51BC26AA5, cid=84-writeStateMachineData
	at org.apache.ratis.util.IOUtils.getFromFuture(IOUtils.java:87)
	at org.apache.ratis.server.raftlog.segmented.SegmentedRaftLogWorker$StateMachineDataPolicy.getFromFuture(SegmentedRaftLogWorker.java:87)
	at org.apache.ratis.server.raftlog.segmented.SegmentedRaftLogWorker$WriteLog.execute(SegmentedRaftLogWorker.java:477)
	at org.apache.ratis.server.raftlog.segmented.SegmentedRaftLogWorker.run(SegmentedRaftLogWorker.java:289)
	at java.lang.Thread.run(Thread.java:748)
Caused by: java.util.concurrent.TimeoutException
	at java.util.concurrent.CompletableFuture.timedGet(CompletableFuture.java:1771)
	at java.util.concurrent.CompletableFuture.get(CompletableFuture.java:1915)
	at org.apache.ratis.util.IOUtils.getFromFuture(IOUtils.java:79)
	... 4 more
2019-09-12 04:16:05,599 [java.util.concurrent.ThreadPoolExecutor$Worker@1335c7b[State = -1, empty queue]] WARN  server.GrpcLogAppender (GrpcLogAppender.java:timeoutAppendRequest(200)) - 8466bef0-9559-4d2e-b20d-aaf3fd2b14fd@group-086F4A8DB6EB->90957f92-0013-496b-a419-9c1212c810e8-GrpcLogAppender: appendEntries Timeout, request=8466bef0-9559-4d2e-b20d-aaf3fd2b14fd->90957f92-0013-496b-a419-9c1212c810e8#48-t2, previous=(t:2, i:20), leaderCommit=16, initializing? false, entries: <empty>
2019-09-12 04:16:05,599 [java.util.concurrent.ThreadPoolExecutor$Worker@155a4cd5[State = -1, empty queue]] WARN  server.GrpcLogAppender (GrpcLogAppender.java:timeoutAppendRequest(200)) - 8466bef0-9559-4d2e-b20d-aaf3fd2b14fd@group-086F4A8DB6EB->897fdfd8-a3cb-4c9b-9ef8-a626c4e76414-GrpcLogAppender: appendEntries Timeout, request=8466bef0-9559-4d2e-b20d-aaf3fd2b14fd->897fdfd8-a3cb-4c9b-9ef8-a626c4e76414#48-t2, previous=(t:2, i:20), leaderCommit=16, initializing? false, entries: <empty>
2019-09-12 04:16:05,796 [grpc-default-executor-8] INFO  client.GrpcClientProtocolClient (GrpcClientProtocolClient.java:onNext(264)) - client-B5F51BC26AA5->90957f92-0013-496b-a419-9c1212c810e8: receive RaftClientReply:client-B5F51BC26AA5->90957f92-0013-496b-a419-9c1212c810e8@group-086F4A8DB6EB, cid=82, FAILED org.apache.ratis.protocol.NotLeaderException: Server 90957f92-0013-496b-a419-9c1212c810e8@group-086F4A8DB6EB is not the leader 8466bef0-9559-4d2e-b20d-aaf3fd2b14fd:192.168.34.8:32905, logIndex=0, commits[90957f92-0013-496b-a419-9c1212c810e8:c16, 897fdfd8-a3cb-4c9b-9ef8-a626c4e76414:c12, 8466bef0-9559-4d2e-b20d-aaf3fd2b14fd:c16]
2019-09-12 04:16:08,102 [java.util.concurrent.ThreadPoolExecutor$Worker@155a4cd5[State = -1, empty queue]] WARN  server.GrpcLogAppender (GrpcLogAppender.java:timeoutAppendRequest(200)) - 8466bef0-9559-4d2e-b20d-aaf3fd2b14fd@group-086F4A8DB6EB->897fdfd8-a3cb-4c9b-9ef8-a626c4e76414-GrpcLogAppender: appendEntries Timeout, request=8466bef0-9559-4d2e-b20d-aaf3fd2b14fd->897fdfd8-a3cb-4c9b-9ef8-a626c4e76414#49-t2, previous=(t:2, i:20), leaderCommit=16, initializing? false, entries: <empty>
2019-09-12 04:16:08,102 [java.util.concurrent.ThreadPoolExecutor$Worker@1335c7b[State = -1, empty queue]] WARN  server.GrpcLogAppender (GrpcLogAppender.java:timeoutAppendRequest(200)) - 8466bef0-9559-4d2e-b20d-aaf3fd2b14fd@group-086F4A8DB6EB->90957f92-0013-496b-a419-9c1212c810e8-GrpcLogAppender: appendEntries Timeout, request=8466bef0-9559-4d2e-b20d-aaf3fd2b14fd->90957f92-0013-496b-a419-9c1212c810e8#49-t2, previous=(t:2, i:20), leaderCommit=16, initializing? false, entries: <empty>
2019-09-12 04:16:10,603 [java.util.concurrent.ThreadPoolExecutor$Worker@1335c7b[State = -1, empty queue]] WARN  server.GrpcLogAppender (GrpcLogAppender.java:timeoutAppendRequest(200)) - 8466bef0-9559-4d2e-b20d-aaf3fd2b14fd@group-086F4A8DB6EB->90957f92-0013-496b-a419-9c1212c810e8-GrpcLogAppender: appendEntries Timeout, request=8466bef0-9559-4d2e-b20d-aaf3fd2b14fd->90957f92-0013-496b-a419-9c1212c810e8#50-t2, previous=(t:2, i:20), leaderCommit=16, initializing? false, entries: <empty>
2019-09-12 04:16:10,603 [java.util.concurrent.ThreadPoolExecutor$Worker@155a4cd5[State = -1, empty queue]] WARN  server.GrpcLogAppender (GrpcLogAppender.java:timeoutAppendRequest(200)) - 8466bef0-9559-4d2e-b20d-aaf3fd2b14fd@group-086F4A8DB6EB->897fdfd8-a3cb-4c9b-9ef8-a626c4e76414-GrpcLogAppender: appendEntries Timeout, request=8466bef0-9559-4d2e-b20d-aaf3fd2b14fd->897fdfd8-a3cb-4c9b-9ef8-a626c4e76414#50-t2, previous=(t:2, i:20), leaderCommit=16, initializing? false, entries: <empty>
2019-09-12 04:16:10,842 [grpc-default-executor-8] INFO  client.GrpcClientProtocolClient (GrpcClientProtocolClient.java:onNext(264)) - client-B5F51BC26AA5->897fdfd8-a3cb-4c9b-9ef8-a626c4e76414: receive RaftClientReply:client-B5F51BC26AA5->897fdfd8-a3cb-4c9b-9ef8-a626c4e76414@group-086F4A8DB6EB, cid=82, FAILED org.apache.ratis.protocol.NotLeaderException: Server 897fdfd8-a3cb-4c9b-9ef8-a626c4e76414@group-086F4A8DB6EB is not the leader 8466bef0-9559-4d2e-b20d-aaf3fd2b14fd:192.168.34.8:32905, logIndex=0, commits[897fdfd8-a3cb-4c9b-9ef8-a626c4e76414:c16, 90957f92-0013-496b-a419-9c1212c810e8:c12, 8466bef0-9559-4d2e-b20d-aaf3fd2b14fd:c16]
2019-09-12 04:16:13,103 [java.util.concurrent.ThreadPoolExecutor$Worker@1335c7b[State = -1, empty queue]] WARN  server.GrpcLogAppender (GrpcLogAppender.java:timeoutAppendRequest(200)) - 8466bef0-9559-4d2e-b20d-aaf3fd2b14fd@group-086F4A8DB6EB->90957f92-0013-496b-a419-9c1212c810e8-GrpcLogAppender: appendEntries Timeout, request=8466bef0-9559-4d2e-b20d-aaf3fd2b14fd->90957f92-0013-496b-a419-9c1212c810e8#51-t2, previous=(t:2, i:20), leaderCommit=16, initializing? false, entries: <empty>
2019-09-12 04:16:13,103 [java.util.concurrent.ThreadPoolExecutor$Worker@155a4cd5[State = -1, empty queue]] WARN  server.GrpcLogAppender (GrpcLogAppender.java:timeoutAppendRequest(200)) - 8466bef0-9559-4d2e-b20d-aaf3fd2b14fd@group-086F4A8DB6EB->897fdfd8-a3cb-4c9b-9ef8-a626c4e76414-GrpcLogAppender: appendEntries Timeout, request=8466bef0-9559-4d2e-b20d-aaf3fd2b14fd->897fdfd8-a3cb-4c9b-9ef8-a626c4e76414#51-t2, previous=(t:2, i:20), leaderCommit=16, initializing? false, entries: <empty>
2019-09-12 04:16:15,078 [8466bef0-9559-4d2e-b20d-aaf3fd2b14fd@group-086F4A8DB6EB-SegmentedRaftLogWorker] WARN  segmented.SegmentedRaftLogWorker (SegmentedRaftLogWorker.java:getFromFuture(90)) - Timeout 7/~
org.apache.ratis.protocol.TimeoutIOException: Timeout 10s: WriteLog:17: (t:2, i:17), STATEMACHINELOGENTRY, client-B5F51BC26AA5, cid=82-writeStateMachineData
	at org.apache.ratis.util.IOUtils.getFromFuture(IOUtils.java:87)
	at org.apache.ratis.server.raftlog.segmented.SegmentedRaftLogWorker$StateMachineDataPolicy.getFromFuture(SegmentedRaftLogWorker.java:87)
	at org.apache.ratis.server.raftlog.segmented.SegmentedRaftLogWorker$WriteLog.execute(SegmentedRaftLogWorker.java:477)
	at org.apache.ratis.server.raftlog.segmented.SegmentedRaftLogWorker.run(SegmentedRaftLogWorker.java:289)
	at java.lang.Thread.run(Thread.java:748)
Caused by: java.util.concurrent.TimeoutException
	at java.util.concurrent.CompletableFuture.timedGet(CompletableFuture.java:1771)
	at java.util.concurrent.CompletableFuture.get(CompletableFuture.java:1915)
	at org.apache.ratis.util.IOUtils.getFromFuture(IOUtils.java:79)
	... 4 more
2019-09-12 04:16:15,103 [90957f92-0013-496b-a419-9c1212c810e8@group-086F4A8DB6EB-SegmentedRaftLogWorker] WARN  segmented.SegmentedRaftLogWorker (SegmentedRaftLogWorker.java:getFromFuture(90)) - Timeout 7/~
org.apache.ratis.protocol.TimeoutIOException: Timeout 10s: WriteLog:17: (t:2, i:17), STATEMACHINELOGENTRY, client-B5F51BC26AA5, cid=82-writeStateMachineData
	at org.apache.ratis.util.IOUtils.getFromFuture(IOUtils.java:87)
	at org.apache.ratis.server.raftlog.segmented.SegmentedRaftLogWorker$StateMachineDataPolicy.getFromFuture(SegmentedRaftLogWorker.java:87)
	at org.apache.ratis.server.raftlog.segmented.SegmentedRaftLogWorker$WriteLog.execute(SegmentedRaftLogWorker.java:477)
	at org.apache.ratis.server.raftlog.segmented.SegmentedRaftLogWorker.run(SegmentedRaftLogWorker.java:289)
	at java.lang.Thread.run(Thread.java:748)
Caused by: java.util.concurrent.TimeoutException
	at java.util.concurrent.CompletableFuture.timedGet(CompletableFuture.java:1771)
	at java.util.concurrent.CompletableFuture.get(CompletableFuture.java:1915)
	at org.apache.ratis.util.IOUtils.getFromFuture(IOUtils.java:79)
	... 4 more
2019-09-12 04:16:15,290 [897fdfd8-a3cb-4c9b-9ef8-a626c4e76414@group-086F4A8DB6EB-SegmentedRaftLogWorker] WARN  segmented.SegmentedRaftLogWorker (SegmentedRaftLogWorker.java:getFromFuture(90)) - Timeout 7/~
org.apache.ratis.protocol.TimeoutIOException: Timeout 10s: WriteLog:19: (t:2, i:19), STATEMACHINELOGENTRY, client-B5F51BC26AA5, cid=84-writeStateMachineData
	at org.apache.ratis.util.IOUtils.getFromFuture(IOUtils.java:87)
	at org.apache.ratis.server.raftlog.segmented.SegmentedRaftLogWorker$StateMachineDataPolicy.getFromFuture(SegmentedRaftLogWorker.java:87)
	at org.apache.ratis.server.raftlog.segmented.SegmentedRaftLogWorker$WriteLog.execute(SegmentedRaftLogWorker.java:477)
	at org.apache.ratis.server.raftlog.segmented.SegmentedRaftLogWorker.run(SegmentedRaftLogWorker.java:289)
	at java.lang.Thread.run(Thread.java:748)
Caused by: java.util.concurrent.TimeoutException
	at java.util.concurrent.CompletableFuture.timedGet(CompletableFuture.java:1771)
	at java.util.concurrent.CompletableFuture.get(CompletableFuture.java:1915)
	at org.apache.ratis.util.IOUtils.getFromFuture(IOUtils.java:79)
	... 4 more
2019-09-12 04:16:15,604 [java.util.concurrent.ThreadPoolExecutor$Worker@155a4cd5[State = -1, empty queue]] WARN  server.GrpcLogAppender (GrpcLogAppender.java:timeoutAppendRequest(200)) - 8466bef0-9559-4d2e-b20d-aaf3fd2b14fd@group-086F4A8DB6EB->897fdfd8-a3cb-4c9b-9ef8-a626c4e76414-GrpcLogAppender: appendEntries Timeout, request=8466bef0-9559-4d2e-b20d-aaf3fd2b14fd->897fdfd8-a3cb-4c9b-9ef8-a626c4e76414#52-t2, previous=(t:2, i:20), leaderCommit=16, initializing? false, entries: <empty>
2019-09-12 04:16:15,604 [java.util.concurrent.ThreadPoolExecutor$Worker@1335c7b[State = -1, empty queue]] WARN  server.GrpcLogAppender (GrpcLogAppender.java:timeoutAppendRequest(200)) - 8466bef0-9559-4d2e-b20d-aaf3fd2b14fd@group-086F4A8DB6EB->90957f92-0013-496b-a419-9c1212c810e8-GrpcLogAppender: appendEntries Timeout, request=8466bef0-9559-4d2e-b20d-aaf3fd2b14fd->90957f92-0013-496b-a419-9c1212c810e8#52-t2, previous=(t:2, i:20), leaderCommit=16, initializing? false, entries: <empty>
2019-09-12 04:16:15,909 [grpc-default-executor-8] INFO  client.GrpcClientProtocolClient (GrpcClientProtocolClient.java:onNext(264)) - client-B5F51BC26AA5->897fdfd8-a3cb-4c9b-9ef8-a626c4e76414: receive RaftClientReply:client-B5F51BC26AA5->897fdfd8-a3cb-4c9b-9ef8-a626c4e76414@group-086F4A8DB6EB, cid=82, FAILED org.apache.ratis.protocol.NotLeaderException: Server 897fdfd8-a3cb-4c9b-9ef8-a626c4e76414@group-086F4A8DB6EB is not the leader 8466bef0-9559-4d2e-b20d-aaf3fd2b14fd:192.168.34.8:32905, logIndex=0, commits[897fdfd8-a3cb-4c9b-9ef8-a626c4e76414:c16, 90957f92-0013-496b-a419-9c1212c810e8:c12, 8466bef0-9559-4d2e-b20d-aaf3fd2b14fd:c16]
2019-09-12 04:16:16,648 [ReplicationMonitor] INFO  container.ReplicationManager (ReplicationManager.java:forceCloseContainer(464)) - Force closing container #4 with BCSID 0, which is in QUASI_CLOSED state.
2019-09-12 04:16:16,650 [ReplicationMonitor] INFO  container.ReplicationManager (ReplicationManager.java:sendCloseCommand(659)) - Sending close container command for container #4 to datanode 897fdfd8-a3cb-4c9b-9ef8-a626c4e76414{ip: 192.168.34.8, host: pr-hdds-1879-pbs75-1821932185, networkLocation: /default-rack, certSerialId: null}.
2019-09-12 04:16:16,650 [ReplicationMonitor] INFO  container.ReplicationManager (ReplicationManager.java:sendCloseCommand(659)) - Sending close container command for container #4 to datanode 8466bef0-9559-4d2e-b20d-aaf3fd2b14fd{ip: 192.168.34.8, host: pr-hdds-1879-pbs75-1821932185, networkLocation: /default-rack, certSerialId: null}.
2019-09-12 04:16:16,650 [ReplicationMonitor] INFO  container.ReplicationManager (ReplicationManager.java:sendCloseCommand(659)) - Sending close container command for container #4 to datanode 90957f92-0013-496b-a419-9c1212c810e8{ip: 192.168.34.8, host: pr-hdds-1879-pbs75-1821932185, networkLocation: /default-rack, certSerialId: null}.
2019-09-12 04:16:16,650 [ReplicationMonitor] INFO  container.ReplicationManager (ReplicationManager.java:run(225)) - Replication Monitor Thread took 12 milliseconds for processing 9 containers.
2019-09-12 04:16:18,105 [java.util.concurrent.ThreadPoolExecutor$Worker@155a4cd5[State = -1, empty queue]] WARN  server.GrpcLogAppender (GrpcLogAppender.java:timeoutAppendRequest(200)) - 8466bef0-9559-4d2e-b20d-aaf3fd2b14fd@group-086F4A8DB6EB->897fdfd8-a3cb-4c9b-9ef8-a626c4e76414-GrpcLogAppender: appendEntries Timeout, request=8466bef0-9559-4d2e-b20d-aaf3fd2b14fd->897fdfd8-a3cb-4c9b-9ef8-a626c4e76414#53-t2, previous=(t:2, i:20), leaderCommit=16, initializing? false, entries: <empty>
2019-09-12 04:16:18,105 [java.util.concurrent.ThreadPoolExecutor$Worker@1335c7b[State = -1, empty queue]] WARN  server.GrpcLogAppender (GrpcLogAppender.java:timeoutAppendRequest(200)) - 8466bef0-9559-4d2e-b20d-aaf3fd2b14fd@group-086F4A8DB6EB->90957f92-0013-496b-a419-9c1212c810e8-GrpcLogAppender: appendEntries Timeout, request=8466bef0-9559-4d2e-b20d-aaf3fd2b14fd->90957f92-0013-496b-a419-9c1212c810e8#53-t2, previous=(t:2, i:20), leaderCommit=16, initializing? false, entries: <empty>
2019-09-12 04:16:18,295 [Command processor thread] INFO  interfaces.Container (KeyValueContainer.java:flushAndSyncDB(384)) - Container 4 is synced with bcsId 0.
2019-09-12 04:16:18,295 [Command processor thread] INFO  interfaces.Container (KeyValueContainer.java:flushAndSyncDB(384)) - Container 4 is synced with bcsId 0.
2019-09-12 04:16:18,301 [Command processor thread] INFO  interfaces.Container (KeyValueContainer.java:flushAndSyncDB(384)) - Container 4 is synced with bcsId 0.
2019-09-12 04:16:18,301 [Command processor thread] INFO  interfaces.Container (KeyValueContainer.java:flushAndSyncDB(384)) - Container 4 is synced with bcsId 0.
2019-09-12 04:16:18,362 [Command processor thread] INFO  interfaces.Container (KeyValueContainer.java:close(333)) - Container 4 is closed with bcsId 0.
2019-09-12 04:16:18,362 [Command processor thread] INFO  interfaces.Container (KeyValueContainer.java:close(333)) - Container 4 is closed with bcsId 0.
2019-09-12 04:16:18,364 [EventQueue-IncrementalContainerReportForIncrementalContainerReportHandler] INFO  container.IncrementalContainerReportHandler (AbstractContainerReportHandler.java:updateContainerState(202)) - Moving container #4 to CLOSED state, datanode 8466bef0-9559-4d2e-b20d-aaf3fd2b14fd{ip: 192.168.34.8, host: pr-hdds-1879-pbs75-1821932185, networkLocation: /default-rack, certSerialId: null} reported CLOSED replica.
2019-09-12 04:16:19,294 [Command processor thread] INFO  interfaces.Container (KeyValueContainer.java:flushAndSyncDB(384)) - Container 4 is synced with bcsId 0.
2019-09-12 04:16:19,295 [Command processor thread] INFO  interfaces.Container (KeyValueContainer.java:flushAndSyncDB(384)) - Container 4 is synced with bcsId 0.
2019-09-12 04:16:19,309 [Command processor thread] INFO  interfaces.Container (KeyValueContainer.java:close(333)) - Container 4 is closed with bcsId 0.
2019-09-12 04:16:20,605 [java.util.concurrent.ThreadPoolExecutor$Worker@1335c7b[State = -1, empty queue]] WARN  server.GrpcLogAppender (GrpcLogAppender.java:timeoutAppendRequest(200)) - 8466bef0-9559-4d2e-b20d-aaf3fd2b14fd@group-086F4A8DB6EB->90957f92-0013-496b-a419-9c1212c810e8-GrpcLogAppender: appendEntries Timeout, request=8466bef0-9559-4d2e-b20d-aaf3fd2b14fd->90957f92-0013-496b-a419-9c1212c810e8#54-t2, previous=(t:2, i:20), leaderCommit=16, initializing? false, entries: <empty>
2019-09-12 04:16:20,605 [java.util.concurrent.ThreadPoolExecutor$Worker@155a4cd5[State = -1, empty queue]] WARN  server.GrpcLogAppender (GrpcLogAppender.java:timeoutAppendRequest(200)) - 8466bef0-9559-4d2e-b20d-aaf3fd2b14fd@group-086F4A8DB6EB->897fdfd8-a3cb-4c9b-9ef8-a626c4e76414-GrpcLogAppender: appendEntries Timeout, request=8466bef0-9559-4d2e-b20d-aaf3fd2b14fd->897fdfd8-a3cb-4c9b-9ef8-a626c4e76414#54-t2, previous=(t:2, i:20), leaderCommit=16, initializing? false, entries: <empty>
2019-09-12 04:16:20,970 [grpc-default-executor-7] INFO  client.GrpcClientProtocolClient (GrpcClientProtocolClient.java:onNext(264)) - client-B5F51BC26AA5->897fdfd8-a3cb-4c9b-9ef8-a626c4e76414: receive RaftClientReply:client-B5F51BC26AA5->897fdfd8-a3cb-4c9b-9ef8-a626c4e76414@group-086F4A8DB6EB, cid=82, FAILED org.apache.ratis.protocol.NotLeaderException: Server 897fdfd8-a3cb-4c9b-9ef8-a626c4e76414@group-086F4A8DB6EB is not the leader 8466bef0-9559-4d2e-b20d-aaf3fd2b14fd:192.168.34.8:32905, logIndex=0, commits[897fdfd8-a3cb-4c9b-9ef8-a626c4e76414:c16, 90957f92-0013-496b-a419-9c1212c810e8:c12, 8466bef0-9559-4d2e-b20d-aaf3fd2b14fd:c16]
2019-09-12 04:16:23,105 [java.util.concurrent.ThreadPoolExecutor$Worker@155a4cd5[State = -1, empty queue]] WARN  server.GrpcLogAppender (GrpcLogAppender.java:timeoutAppendRequest(200)) - 8466bef0-9559-4d2e-b20d-aaf3fd2b14fd@group-086F4A8DB6EB->897fdfd8-a3cb-4c9b-9ef8-a626c4e76414-GrpcLogAppender: appendEntries Timeout, request=8466bef0-9559-4d2e-b20d-aaf3fd2b14fd->897fdfd8-a3cb-4c9b-9ef8-a626c4e76414#55-t2, previous=(t:2, i:20), leaderCommit=16, initializing? false, entries: <empty>
2019-09-12 04:16:23,105 [java.util.concurrent.ThreadPoolExecutor$Worker@1335c7b[State = -1, empty queue]] WARN  server.GrpcLogAppender (GrpcLogAppender.java:timeoutAppendRequest(200)) - 8466bef0-9559-4d2e-b20d-aaf3fd2b14fd@group-086F4A8DB6EB->90957f92-0013-496b-a419-9c1212c810e8-GrpcLogAppender: appendEntries Timeout, request=8466bef0-9559-4d2e-b20d-aaf3fd2b14fd->90957f92-0013-496b-a419-9c1212c810e8#55-t2, previous=(t:2, i:20), leaderCommit=16, initializing? false, entries: <empty>
2019-09-12 04:16:25,079 [8466bef0-9559-4d2e-b20d-aaf3fd2b14fd@group-086F4A8DB6EB-SegmentedRaftLogWorker] WARN  segmented.SegmentedRaftLogWorker (SegmentedRaftLogWorker.java:getFromFuture(90)) - Timeout 8/~
org.apache.ratis.protocol.TimeoutIOException: Timeout 10s: WriteLog:17: (t:2, i:17), STATEMACHINELOGENTRY, client-B5F51BC26AA5, cid=82-writeStateMachineData
	at org.apache.ratis.util.IOUtils.getFromFuture(IOUtils.java:87)
	at org.apache.ratis.server.raftlog.segmented.SegmentedRaftLogWorker$StateMachineDataPolicy.getFromFuture(SegmentedRaftLogWorker.java:87)
	at org.apache.ratis.server.raftlog.segmented.SegmentedRaftLogWorker$WriteLog.execute(SegmentedRaftLogWorker.java:477)
	at org.apache.ratis.server.raftlog.segmented.SegmentedRaftLogWorker.run(SegmentedRaftLogWorker.java:289)
	at java.lang.Thread.run(Thread.java:748)
Caused by: java.util.concurrent.TimeoutException
	at java.util.concurrent.CompletableFuture.timedGet(CompletableFuture.java:1771)
	at java.util.concurrent.CompletableFuture.get(CompletableFuture.java:1915)
	at org.apache.ratis.util.IOUtils.getFromFuture(IOUtils.java:79)
	... 4 more
2019-09-12 04:16:25,104 [90957f92-0013-496b-a419-9c1212c810e8@group-086F4A8DB6EB-SegmentedRaftLogWorker] WARN  segmented.SegmentedRaftLogWorker (SegmentedRaftLogWorker.java:getFromFuture(90)) - Timeout 8/~
org.apache.ratis.protocol.TimeoutIOException: Timeout 10s: WriteLog:17: (t:2, i:17), STATEMACHINELOGENTRY, client-B5F51BC26AA5, cid=82-writeStateMachineData
	at org.apache.ratis.util.IOUtils.getFromFuture(IOUtils.java:87)
	at org.apache.ratis.server.raftlog.segmented.SegmentedRaftLogWorker$StateMachineDataPolicy.getFromFuture(SegmentedRaftLogWorker.java:87)
	at org.apache.ratis.server.raftlog.segmented.SegmentedRaftLogWorker$WriteLog.execute(SegmentedRaftLogWorker.java:477)
	at org.apache.ratis.server.raftlog.segmented.SegmentedRaftLogWorker.run(SegmentedRaftLogWorker.java:289)
	at java.lang.Thread.run(Thread.java:748)
Caused by: java.util.concurrent.TimeoutException
	at java.util.concurrent.CompletableFuture.timedGet(CompletableFuture.java:1771)
	at java.util.concurrent.CompletableFuture.get(CompletableFuture.java:1915)
	at org.apache.ratis.util.IOUtils.getFromFuture(IOUtils.java:79)
	... 4 more
2019-09-12 04:16:25,291 [897fdfd8-a3cb-4c9b-9ef8-a626c4e76414@group-086F4A8DB6EB-SegmentedRaftLogWorker] WARN  segmented.SegmentedRaftLogWorker (SegmentedRaftLogWorker.java:getFromFuture(90)) - Timeout 8/~
org.apache.ratis.protocol.TimeoutIOException: Timeout 10s: WriteLog:19: (t:2, i:19), STATEMACHINELOGENTRY, client-B5F51BC26AA5, cid=84-writeStateMachineData
	at org.apache.ratis.util.IOUtils.getFromFuture(IOUtils.java:87)
	at org.apache.ratis.server.raftlog.segmented.SegmentedRaftLogWorker$StateMachineDataPolicy.getFromFuture(SegmentedRaftLogWorker.java:87)
	at org.apache.ratis.server.raftlog.segmented.SegmentedRaftLogWorker$WriteLog.execute(SegmentedRaftLogWorker.java:477)
	at org.apache.ratis.server.raftlog.segmented.SegmentedRaftLogWorker.run(SegmentedRaftLogWorker.java:289)
	at java.lang.Thread.run(Thread.java:748)
Caused by: java.util.concurrent.TimeoutException
	at java.util.concurrent.CompletableFuture.timedGet(CompletableFuture.java:1771)
	at java.util.concurrent.CompletableFuture.get(CompletableFuture.java:1915)
	at org.apache.ratis.util.IOUtils.getFromFuture(IOUtils.java:79)
	... 4 more
2019-09-12 04:16:25,606 [java.util.concurrent.ThreadPoolExecutor$Worker@155a4cd5[State = -1, empty queue]] WARN  server.GrpcLogAppender (GrpcLogAppender.java:timeoutAppendRequest(200)) - 8466bef0-9559-4d2e-b20d-aaf3fd2b14fd@group-086F4A8DB6EB->897fdfd8-a3cb-4c9b-9ef8-a626c4e76414-GrpcLogAppender: appendEntries Timeout, request=8466bef0-9559-4d2e-b20d-aaf3fd2b14fd->897fdfd8-a3cb-4c9b-9ef8-a626c4e76414#56-t2, previous=(t:2, i:20), leaderCommit=16, initializing? false, entries: <empty>
2019-09-12 04:16:25,606 [java.util.concurrent.ThreadPoolExecutor$Worker@1335c7b[State = -1, empty queue]] WARN  server.GrpcLogAppender (GrpcLogAppender.java:timeoutAppendRequest(200)) - 8466bef0-9559-4d2e-b20d-aaf3fd2b14fd@group-086F4A8DB6EB->90957f92-0013-496b-a419-9c1212c810e8-GrpcLogAppender: appendEntries Timeout, request=8466bef0-9559-4d2e-b20d-aaf3fd2b14fd->90957f92-0013-496b-a419-9c1212c810e8#56-t2, previous=(t:2, i:20), leaderCommit=16, initializing? false, entries: <empty>
2019-09-12 04:16:26,018 [grpc-default-executor-7] INFO  client.GrpcClientProtocolClient (GrpcClientProtocolClient.java:onNext(264)) - client-B5F51BC26AA5->897fdfd8-a3cb-4c9b-9ef8-a626c4e76414: receive RaftClientReply:client-B5F51BC26AA5->897fdfd8-a3cb-4c9b-9ef8-a626c4e76414@group-086F4A8DB6EB, cid=82, FAILED org.apache.ratis.protocol.NotLeaderException: Server 897fdfd8-a3cb-4c9b-9ef8-a626c4e76414@group-086F4A8DB6EB is not the leader 8466bef0-9559-4d2e-b20d-aaf3fd2b14fd:192.168.34.8:32905, logIndex=0, commits[897fdfd8-a3cb-4c9b-9ef8-a626c4e76414:c16, 90957f92-0013-496b-a419-9c1212c810e8:c12, 8466bef0-9559-4d2e-b20d-aaf3fd2b14fd:c16]
2019-09-12 04:16:28,107 [java.util.concurrent.ThreadPoolExecutor$Worker@1335c7b[State = -1, empty queue]] WARN  server.GrpcLogAppender (GrpcLogAppender.java:timeoutAppendRequest(200)) - 8466bef0-9559-4d2e-b20d-aaf3fd2b14fd@group-086F4A8DB6EB->90957f92-0013-496b-a419-9c1212c810e8-GrpcLogAppender: appendEntries Timeout, request=8466bef0-9559-4d2e-b20d-aaf3fd2b14fd->90957f92-0013-496b-a419-9c1212c810e8#57-t2, previous=(t:2, i:20), leaderCommit=16, initializing? false, entries: <empty>
2019-09-12 04:16:28,107 [java.util.concurrent.ThreadPoolExecutor$Worker@155a4cd5[State = -1, empty queue]] WARN  server.GrpcLogAppender (GrpcLogAppender.java:timeoutAppendRequest(200)) - 8466bef0-9559-4d2e-b20d-aaf3fd2b14fd@group-086F4A8DB6EB->897fdfd8-a3cb-4c9b-9ef8-a626c4e76414-GrpcLogAppender: appendEntries Timeout, request=8466bef0-9559-4d2e-b20d-aaf3fd2b14fd->897fdfd8-a3cb-4c9b-9ef8-a626c4e76414#57-t2, previous=(t:2, i:20), leaderCommit=16, initializing? false, entries: <empty>
2019-09-12 04:16:30,607 [java.util.concurrent.ThreadPoolExecutor$Worker@1335c7b[State = -1, empty queue]] WARN  server.GrpcLogAppender (GrpcLogAppender.java:timeoutAppendRequest(200)) - 8466bef0-9559-4d2e-b20d-aaf3fd2b14fd@group-086F4A8DB6EB->90957f92-0013-496b-a419-9c1212c810e8-GrpcLogAppender: appendEntries Timeout, request=8466bef0-9559-4d2e-b20d-aaf3fd2b14fd->90957f92-0013-496b-a419-9c1212c810e8#58-t2, previous=(t:2, i:20), leaderCommit=16, initializing? false, entries: <empty>
2019-09-12 04:16:30,607 [java.util.concurrent.ThreadPoolExecutor$Worker@155a4cd5[State = -1, empty queue]] WARN  server.GrpcLogAppender (GrpcLogAppender.java:timeoutAppendRequest(200)) - 8466bef0-9559-4d2e-b20d-aaf3fd2b14fd@group-086F4A8DB6EB->897fdfd8-a3cb-4c9b-9ef8-a626c4e76414-GrpcLogAppender: appendEntries Timeout, request=8466bef0-9559-4d2e-b20d-aaf3fd2b14fd->897fdfd8-a3cb-4c9b-9ef8-a626c4e76414#58-t2, previous=(t:2, i:20), leaderCommit=16, initializing? false, entries: <empty>
2019-09-12 04:16:31,074 [grpc-default-executor-7] INFO  client.GrpcClientProtocolClient (GrpcClientProtocolClient.java:onNext(264)) - client-B5F51BC26AA5->90957f92-0013-496b-a419-9c1212c810e8: receive RaftClientReply:client-B5F51BC26AA5->90957f92-0013-496b-a419-9c1212c810e8@group-086F4A8DB6EB, cid=82, FAILED org.apache.ratis.protocol.NotLeaderException: Server 90957f92-0013-496b-a419-9c1212c810e8@group-086F4A8DB6EB is not the leader 8466bef0-9559-4d2e-b20d-aaf3fd2b14fd:192.168.34.8:32905, logIndex=0, commits[90957f92-0013-496b-a419-9c1212c810e8:c16, 897fdfd8-a3cb-4c9b-9ef8-a626c4e76414:c12, 8466bef0-9559-4d2e-b20d-aaf3fd2b14fd:c16]
2019-09-12 04:16:33,108 [java.util.concurrent.ThreadPoolExecutor$Worker@155a4cd5[State = -1, empty queue]] WARN  server.GrpcLogAppender (GrpcLogAppender.java:timeoutAppendRequest(200)) - 8466bef0-9559-4d2e-b20d-aaf3fd2b14fd@group-086F4A8DB6EB->897fdfd8-a3cb-4c9b-9ef8-a626c4e76414-GrpcLogAppender: appendEntries Timeout, request=8466bef0-9559-4d2e-b20d-aaf3fd2b14fd->897fdfd8-a3cb-4c9b-9ef8-a626c4e76414#59-t2, previous=(t:2, i:20), leaderCommit=16, initializing? false, entries: <empty>
2019-09-12 04:16:33,108 [java.util.concurrent.ThreadPoolExecutor$Worker@1335c7b[State = -1, empty queue]] WARN  server.GrpcLogAppender (GrpcLogAppender.java:timeoutAppendRequest(200)) - 8466bef0-9559-4d2e-b20d-aaf3fd2b14fd@group-086F4A8DB6EB->90957f92-0013-496b-a419-9c1212c810e8-GrpcLogAppender: appendEntries Timeout, request=8466bef0-9559-4d2e-b20d-aaf3fd2b14fd->90957f92-0013-496b-a419-9c1212c810e8#59-t2, previous=(t:2, i:20), leaderCommit=16, initializing? false, entries: <empty>
2019-09-12 04:16:35,081 [8466bef0-9559-4d2e-b20d-aaf3fd2b14fd@group-086F4A8DB6EB-SegmentedRaftLogWorker] WARN  segmented.SegmentedRaftLogWorker (SegmentedRaftLogWorker.java:getFromFuture(90)) - Timeout 9/~
org.apache.ratis.protocol.TimeoutIOException: Timeout 10s: WriteLog:17: (t:2, i:17), STATEMACHINELOGENTRY, client-B5F51BC26AA5, cid=82-writeStateMachineData
	at org.apache.ratis.util.IOUtils.getFromFuture(IOUtils.java:87)
	at org.apache.ratis.server.raftlog.segmented.SegmentedRaftLogWorker$StateMachineDataPolicy.getFromFuture(SegmentedRaftLogWorker.java:87)
	at org.apache.ratis.server.raftlog.segmented.SegmentedRaftLogWorker$WriteLog.execute(SegmentedRaftLogWorker.java:477)
	at org.apache.ratis.server.raftlog.segmented.SegmentedRaftLogWorker.run(SegmentedRaftLogWorker.java:289)
	at java.lang.Thread.run(Thread.java:748)
Caused by: java.util.concurrent.TimeoutException
	at java.util.concurrent.CompletableFuture.timedGet(CompletableFuture.java:1771)
	at java.util.concurrent.CompletableFuture.get(CompletableFuture.java:1915)
	at org.apache.ratis.util.IOUtils.getFromFuture(IOUtils.java:79)
	... 4 more
2019-09-12 04:16:35,106 [90957f92-0013-496b-a419-9c1212c810e8@group-086F4A8DB6EB-SegmentedRaftLogWorker] WARN  segmented.SegmentedRaftLogWorker (SegmentedRaftLogWorker.java:getFromFuture(90)) - Timeout 9/~
org.apache.ratis.protocol.TimeoutIOException: Timeout 10s: WriteLog:17: (t:2, i:17), STATEMACHINELOGENTRY, client-B5F51BC26AA5, cid=82-writeStateMachineData
	at org.apache.ratis.util.IOUtils.getFromFuture(IOUtils.java:87)
	at org.apache.ratis.server.raftlog.segmented.SegmentedRaftLogWorker$StateMachineDataPolicy.getFromFuture(SegmentedRaftLogWorker.java:87)
	at org.apache.ratis.server.raftlog.segmented.SegmentedRaftLogWorker$WriteLog.execute(SegmentedRaftLogWorker.java:477)
	at org.apache.ratis.server.raftlog.segmented.SegmentedRaftLogWorker.run(SegmentedRaftLogWorker.java:289)
	at java.lang.Thread.run(Thread.java:748)
Caused by: java.util.concurrent.TimeoutException
	at java.util.concurrent.CompletableFuture.timedGet(CompletableFuture.java:1771)
	at java.util.concurrent.CompletableFuture.get(CompletableFuture.java:1915)
	at org.apache.ratis.util.IOUtils.getFromFuture(IOUtils.java:79)
	... 4 more
2019-09-12 04:16:35,292 [897fdfd8-a3cb-4c9b-9ef8-a626c4e76414@group-086F4A8DB6EB-SegmentedRaftLogWorker] WARN  segmented.SegmentedRaftLogWorker (SegmentedRaftLogWorker.java:getFromFuture(90)) - Timeout 9/~
org.apache.ratis.protocol.TimeoutIOException: Timeout 10s: WriteLog:19: (t:2, i:19), STATEMACHINELOGENTRY, client-B5F51BC26AA5, cid=84-writeStateMachineData
	at org.apache.ratis.util.IOUtils.getFromFuture(IOUtils.java:87)
	at org.apache.ratis.server.raftlog.segmented.SegmentedRaftLogWorker$StateMachineDataPolicy.getFromFuture(SegmentedRaftLogWorker.java:87)
	at org.apache.ratis.server.raftlog.segmented.SegmentedRaftLogWorker$WriteLog.execute(SegmentedRaftLogWorker.java:477)
	at org.apache.ratis.server.raftlog.segmented.SegmentedRaftLogWorker.run(SegmentedRaftLogWorker.java:289)
	at java.lang.Thread.run(Thread.java:748)
Caused by: java.util.concurrent.TimeoutException
	at java.util.concurrent.CompletableFuture.timedGet(CompletableFuture.java:1771)
	at java.util.concurrent.CompletableFuture.get(CompletableFuture.java:1915)
	at org.apache.ratis.util.IOUtils.getFromFuture(IOUtils.java:79)
	... 4 more
2019-09-12 04:16:35,609 [java.util.concurrent.ThreadPoolExecutor$Worker@155a4cd5[State = -1, empty queue]] WARN  server.GrpcLogAppender (GrpcLogAppender.java:timeoutAppendRequest(200)) - 8466bef0-9559-4d2e-b20d-aaf3fd2b14fd@group-086F4A8DB6EB->897fdfd8-a3cb-4c9b-9ef8-a626c4e76414-GrpcLogAppender: appendEntries Timeout, request=8466bef0-9559-4d2e-b20d-aaf3fd2b14fd->897fdfd8-a3cb-4c9b-9ef8-a626c4e76414#60-t2, previous=(t:2, i:20), leaderCommit=16, initializing? false, entries: <empty>
2019-09-12 04:16:35,609 [java.util.concurrent.ThreadPoolExecutor$Worker@1335c7b[State = -1, empty queue]] WARN  server.GrpcLogAppender (GrpcLogAppender.java:timeoutAppendRequest(200)) - 8466bef0-9559-4d2e-b20d-aaf3fd2b14fd@group-086F4A8DB6EB->90957f92-0013-496b-a419-9c1212c810e8-GrpcLogAppender: appendEntries Timeout, request=8466bef0-9559-4d2e-b20d-aaf3fd2b14fd->90957f92-0013-496b-a419-9c1212c810e8#60-t2, previous=(t:2, i:20), leaderCommit=16, initializing? false, entries: <empty>
2019-09-12 04:16:36,120 [grpc-default-executor-7] INFO  client.GrpcClientProtocolClient (GrpcClientProtocolClient.java:onNext(264)) - client-B5F51BC26AA5->897fdfd8-a3cb-4c9b-9ef8-a626c4e76414: receive RaftClientReply:client-B5F51BC26AA5->897fdfd8-a3cb-4c9b-9ef8-a626c4e76414@group-086F4A8DB6EB, cid=82, FAILED org.apache.ratis.protocol.NotLeaderException: Server 897fdfd8-a3cb-4c9b-9ef8-a626c4e76414@group-086F4A8DB6EB is not the leader 8466bef0-9559-4d2e-b20d-aaf3fd2b14fd:192.168.34.8:32905, logIndex=0, commits[897fdfd8-a3cb-4c9b-9ef8-a626c4e76414:c16, 90957f92-0013-496b-a419-9c1212c810e8:c12, 8466bef0-9559-4d2e-b20d-aaf3fd2b14fd:c16]
2019-09-12 04:16:38,109 [java.util.concurrent.ThreadPoolExecutor$Worker@155a4cd5[State = -1, empty queue]] WARN  server.GrpcLogAppender (GrpcLogAppender.java:timeoutAppendRequest(200)) - 8466bef0-9559-4d2e-b20d-aaf3fd2b14fd@group-086F4A8DB6EB->897fdfd8-a3cb-4c9b-9ef8-a626c4e76414-GrpcLogAppender: appendEntries Timeout, request=8466bef0-9559-4d2e-b20d-aaf3fd2b14fd->897fdfd8-a3cb-4c9b-9ef8-a626c4e76414#61-t2, previous=(t:2, i:20), leaderCommit=16, initializing? false, entries: <empty>
2019-09-12 04:16:38,109 [java.util.concurrent.ThreadPoolExecutor$Worker@1335c7b[State = -1, empty queue]] WARN  server.GrpcLogAppender (GrpcLogAppender.java:timeoutAppendRequest(200)) - 8466bef0-9559-4d2e-b20d-aaf3fd2b14fd@group-086F4A8DB6EB->90957f92-0013-496b-a419-9c1212c810e8-GrpcLogAppender: appendEntries Timeout, request=8466bef0-9559-4d2e-b20d-aaf3fd2b14fd->90957f92-0013-496b-a419-9c1212c810e8#61-t2, previous=(t:2, i:20), leaderCommit=16, initializing? false, entries: <empty>
2019-09-12 04:16:40,610 [java.util.concurrent.ThreadPoolExecutor$Worker@155a4cd5[State = -1, empty queue]] WARN  server.GrpcLogAppender (GrpcLogAppender.java:timeoutAppendRequest(200)) - 8466bef0-9559-4d2e-b20d-aaf3fd2b14fd@group-086F4A8DB6EB->897fdfd8-a3cb-4c9b-9ef8-a626c4e76414-GrpcLogAppender: appendEntries Timeout, request=8466bef0-9559-4d2e-b20d-aaf3fd2b14fd->897fdfd8-a3cb-4c9b-9ef8-a626c4e76414#62-t2, previous=(t:2, i:20), leaderCommit=16, initializing? false, entries: <empty>
2019-09-12 04:16:40,610 [java.util.concurrent.ThreadPoolExecutor$Worker@1335c7b[State = -1, empty queue]] WARN  server.GrpcLogAppender (GrpcLogAppender.java:timeoutAppendRequest(200)) - 8466bef0-9559-4d2e-b20d-aaf3fd2b14fd@group-086F4A8DB6EB->90957f92-0013-496b-a419-9c1212c810e8-GrpcLogAppender: appendEntries Timeout, request=8466bef0-9559-4d2e-b20d-aaf3fd2b14fd->90957f92-0013-496b-a419-9c1212c810e8#62-t2, previous=(t:2, i:20), leaderCommit=16, initializing? false, entries: <empty>
2019-09-12 04:16:41,159 [grpc-default-executor-7] INFO  client.GrpcClientProtocolClient (GrpcClientProtocolClient.java:onNext(264)) - client-B5F51BC26AA5->90957f92-0013-496b-a419-9c1212c810e8: receive RaftClientReply:client-B5F51BC26AA5->90957f92-0013-496b-a419-9c1212c810e8@group-086F4A8DB6EB, cid=82, FAILED org.apache.ratis.protocol.NotLeaderException: Server 90957f92-0013-496b-a419-9c1212c810e8@group-086F4A8DB6EB is not the leader 8466bef0-9559-4d2e-b20d-aaf3fd2b14fd:192.168.34.8:32905, logIndex=0, commits[90957f92-0013-496b-a419-9c1212c810e8:c16, 897fdfd8-a3cb-4c9b-9ef8-a626c4e76414:c12, 8466bef0-9559-4d2e-b20d-aaf3fd2b14fd:c16]
2019-09-12 04:16:43,110 [java.util.concurrent.ThreadPoolExecutor$Worker@155a4cd5[State = -1, empty queue]] WARN  server.GrpcLogAppender (GrpcLogAppender.java:timeoutAppendRequest(200)) - 8466bef0-9559-4d2e-b20d-aaf3fd2b14fd@group-086F4A8DB6EB->897fdfd8-a3cb-4c9b-9ef8-a626c4e76414-GrpcLogAppender: appendEntries Timeout, request=8466bef0-9559-4d2e-b20d-aaf3fd2b14fd->897fdfd8-a3cb-4c9b-9ef8-a626c4e76414#63-t2, previous=(t:2, i:20), leaderCommit=16, initializing? false, entries: <empty>
2019-09-12 04:16:43,110 [java.util.concurrent.ThreadPoolExecutor$Worker@1335c7b[State = -1, empty queue]] WARN  server.GrpcLogAppender (GrpcLogAppender.java:timeoutAppendRequest(200)) - 8466bef0-9559-4d2e-b20d-aaf3fd2b14fd@group-086F4A8DB6EB->90957f92-0013-496b-a419-9c1212c810e8-GrpcLogAppender: appendEntries Timeout, request=8466bef0-9559-4d2e-b20d-aaf3fd2b14fd->90957f92-0013-496b-a419-9c1212c810e8#63-t2, previous=(t:2, i:20), leaderCommit=16, initializing? false, entries: <empty>
2019-09-12 04:16:45,083 [8466bef0-9559-4d2e-b20d-aaf3fd2b14fd@group-086F4A8DB6EB-SegmentedRaftLogWorker] WARN  segmented.SegmentedRaftLogWorker (SegmentedRaftLogWorker.java:getFromFuture(90)) - Timeout 10/~
org.apache.ratis.protocol.TimeoutIOException: Timeout 10s: WriteLog:17: (t:2, i:17), STATEMACHINELOGENTRY, client-B5F51BC26AA5, cid=82-writeStateMachineData
	at org.apache.ratis.util.IOUtils.getFromFuture(IOUtils.java:87)
	at org.apache.ratis.server.raftlog.segmented.SegmentedRaftLogWorker$StateMachineDataPolicy.getFromFuture(SegmentedRaftLogWorker.java:87)
	at org.apache.ratis.server.raftlog.segmented.SegmentedRaftLogWorker$WriteLog.execute(SegmentedRaftLogWorker.java:477)
	at org.apache.ratis.server.raftlog.segmented.SegmentedRaftLogWorker.run(SegmentedRaftLogWorker.java:289)
	at java.lang.Thread.run(Thread.java:748)
Caused by: java.util.concurrent.TimeoutException
	at java.util.concurrent.CompletableFuture.timedGet(CompletableFuture.java:1771)
	at java.util.concurrent.CompletableFuture.get(CompletableFuture.java:1915)
	at org.apache.ratis.util.IOUtils.getFromFuture(IOUtils.java:79)
	... 4 more
2019-09-12 04:16:45,107 [90957f92-0013-496b-a419-9c1212c810e8@group-086F4A8DB6EB-SegmentedRaftLogWorker] WARN  segmented.SegmentedRaftLogWorker (SegmentedRaftLogWorker.java:getFromFuture(90)) - Timeout 10/~
org.apache.ratis.protocol.TimeoutIOException: Timeout 10s: WriteLog:17: (t:2, i:17), STATEMACHINELOGENTRY, client-B5F51BC26AA5, cid=82-writeStateMachineData
	at org.apache.ratis.util.IOUtils.getFromFuture(IOUtils.java:87)
	at org.apache.ratis.server.raftlog.segmented.SegmentedRaftLogWorker$StateMachineDataPolicy.getFromFuture(SegmentedRaftLogWorker.java:87)
	at org.apache.ratis.server.raftlog.segmented.SegmentedRaftLogWorker$WriteLog.execute(SegmentedRaftLogWorker.java:477)
	at org.apache.ratis.server.raftlog.segmented.SegmentedRaftLogWorker.run(SegmentedRaftLogWorker.java:289)
	at java.lang.Thread.run(Thread.java:748)
Caused by: java.util.concurrent.TimeoutException
	at java.util.concurrent.CompletableFuture.timedGet(CompletableFuture.java:1771)
	at java.util.concurrent.CompletableFuture.get(CompletableFuture.java:1915)
	at org.apache.ratis.util.IOUtils.getFromFuture(IOUtils.java:79)
	... 4 more
2019-09-12 04:16:45,292 [897fdfd8-a3cb-4c9b-9ef8-a626c4e76414@group-086F4A8DB6EB-SegmentedRaftLogWorker] WARN  segmented.SegmentedRaftLogWorker (SegmentedRaftLogWorker.java:getFromFuture(90)) - Timeout 10/~
org.apache.ratis.protocol.TimeoutIOException: Timeout 10s: WriteLog:19: (t:2, i:19), STATEMACHINELOGENTRY, client-B5F51BC26AA5, cid=84-writeStateMachineData
	at org.apache.ratis.util.IOUtils.getFromFuture(IOUtils.java:87)
	at org.apache.ratis.server.raftlog.segmented.SegmentedRaftLogWorker$StateMachineDataPolicy.getFromFuture(SegmentedRaftLogWorker.java:87)
	at org.apache.ratis.server.raftlog.segmented.SegmentedRaftLogWorker$WriteLog.execute(SegmentedRaftLogWorker.java:477)
	at org.apache.ratis.server.raftlog.segmented.SegmentedRaftLogWorker.run(SegmentedRaftLogWorker.java:289)
	at java.lang.Thread.run(Thread.java:748)
Caused by: java.util.concurrent.TimeoutException
	at java.util.concurrent.CompletableFuture.timedGet(CompletableFuture.java:1771)
	at java.util.concurrent.CompletableFuture.get(CompletableFuture.java:1915)
	at org.apache.ratis.util.IOUtils.getFromFuture(IOUtils.java:79)
	... 4 more
2019-09-12 04:16:45,610 [java.util.concurrent.ThreadPoolExecutor$Worker@1335c7b[State = -1, empty queue]] WARN  server.GrpcLogAppender (GrpcLogAppender.java:timeoutAppendRequest(200)) - 8466bef0-9559-4d2e-b20d-aaf3fd2b14fd@group-086F4A8DB6EB->90957f92-0013-496b-a419-9c1212c810e8-GrpcLogAppender: appendEntries Timeout, request=8466bef0-9559-4d2e-b20d-aaf3fd2b14fd->90957f92-0013-496b-a419-9c1212c810e8#64-t2, previous=(t:2, i:20), leaderCommit=16, initializing? false, entries: <empty>
2019-09-12 04:16:45,610 [java.util.concurrent.ThreadPoolExecutor$Worker@155a4cd5[State = -1, empty queue]] WARN  server.GrpcLogAppender (GrpcLogAppender.java:timeoutAppendRequest(200)) - 8466bef0-9559-4d2e-b20d-aaf3fd2b14fd@group-086F4A8DB6EB->897fdfd8-a3cb-4c9b-9ef8-a626c4e76414-GrpcLogAppender: appendEntries Timeout, request=8466bef0-9559-4d2e-b20d-aaf3fd2b14fd->897fdfd8-a3cb-4c9b-9ef8-a626c4e76414#64-t2, previous=(t:2, i:20), leaderCommit=16, initializing? false, entries: <empty>
2019-09-12 04:16:46,228 [grpc-default-executor-7] INFO  client.GrpcClientProtocolClient (GrpcClientProtocolClient.java:onNext(264)) - client-B5F51BC26AA5->897fdfd8-a3cb-4c9b-9ef8-a626c4e76414: receive RaftClientReply:client-B5F51BC26AA5->897fdfd8-a3cb-4c9b-9ef8-a626c4e76414@group-086F4A8DB6EB, cid=82, FAILED org.apache.ratis.protocol.NotLeaderException: Server 897fdfd8-a3cb-4c9b-9ef8-a626c4e76414@group-086F4A8DB6EB is not the leader 8466bef0-9559-4d2e-b20d-aaf3fd2b14fd:192.168.34.8:32905, logIndex=0, commits[897fdfd8-a3cb-4c9b-9ef8-a626c4e76414:c16, 90957f92-0013-496b-a419-9c1212c810e8:c12, 8466bef0-9559-4d2e-b20d-aaf3fd2b14fd:c16]
2019-09-12 04:16:48,111 [java.util.concurrent.ThreadPoolExecutor$Worker@155a4cd5[State = -1, empty queue]] WARN  server.GrpcLogAppender (GrpcLogAppender.java:timeoutAppendRequest(200)) - 8466bef0-9559-4d2e-b20d-aaf3fd2b14fd@group-086F4A8DB6EB->897fdfd8-a3cb-4c9b-9ef8-a626c4e76414-GrpcLogAppender: appendEntries Timeout, request=8466bef0-9559-4d2e-b20d-aaf3fd2b14fd->897fdfd8-a3cb-4c9b-9ef8-a626c4e76414#65-t2, previous=(t:2, i:20), leaderCommit=16, initializing? false, entries: <empty>
2019-09-12 04:16:48,111 [java.util.concurrent.ThreadPoolExecutor$Worker@1335c7b[State = -1, empty queue]] WARN  server.GrpcLogAppender (GrpcLogAppender.java:timeoutAppendRequest(200)) - 8466bef0-9559-4d2e-b20d-aaf3fd2b14fd@group-086F4A8DB6EB->90957f92-0013-496b-a419-9c1212c810e8-GrpcLogAppender: appendEntries Timeout, request=8466bef0-9559-4d2e-b20d-aaf3fd2b14fd->90957f92-0013-496b-a419-9c1212c810e8#65-t2, previous=(t:2, i:20), leaderCommit=16, initializing? false, entries: <empty>
2019-09-12 04:16:50,611 [java.util.concurrent.ThreadPoolExecutor$Worker@155a4cd5[State = -1, empty queue]] WARN  server.GrpcLogAppender (GrpcLogAppender.java:timeoutAppendRequest(200)) - 8466bef0-9559-4d2e-b20d-aaf3fd2b14fd@group-086F4A8DB6EB->897fdfd8-a3cb-4c9b-9ef8-a626c4e76414-GrpcLogAppender: appendEntries Timeout, request=8466bef0-9559-4d2e-b20d-aaf3fd2b14fd->897fdfd8-a3cb-4c9b-9ef8-a626c4e76414#66-t2, previous=(t:2, i:20), leaderCommit=16, initializing? false, entries: <empty>
2019-09-12 04:16:50,611 [java.util.concurrent.ThreadPoolExecutor$Worker@1335c7b[State = -1, empty queue]] WARN  server.GrpcLogAppender (GrpcLogAppender.java:timeoutAppendRequest(200)) - 8466bef0-9559-4d2e-b20d-aaf3fd2b14fd@group-086F4A8DB6EB->90957f92-0013-496b-a419-9c1212c810e8-GrpcLogAppender: appendEntries Timeout, request=8466bef0-9559-4d2e-b20d-aaf3fd2b14fd->90957f92-0013-496b-a419-9c1212c810e8#66-t2, previous=(t:2, i:20), leaderCommit=16, initializing? false, entries: <empty>
2019-09-12 04:16:51,273 [grpc-default-executor-7] INFO  client.GrpcClientProtocolClient (GrpcClientProtocolClient.java:onNext(264)) - client-B5F51BC26AA5->897fdfd8-a3cb-4c9b-9ef8-a626c4e76414: receive RaftClientReply:client-B5F51BC26AA5->897fdfd8-a3cb-4c9b-9ef8-a626c4e76414@group-086F4A8DB6EB, cid=82, FAILED org.apache.ratis.protocol.NotLeaderException: Server 897fdfd8-a3cb-4c9b-9ef8-a626c4e76414@group-086F4A8DB6EB is not the leader 8466bef0-9559-4d2e-b20d-aaf3fd2b14fd:192.168.34.8:32905, logIndex=0, commits[897fdfd8-a3cb-4c9b-9ef8-a626c4e76414:c16, 90957f92-0013-496b-a419-9c1212c810e8:c12, 8466bef0-9559-4d2e-b20d-aaf3fd2b14fd:c16]
2019-09-12 04:16:53,111 [java.util.concurrent.ThreadPoolExecutor$Worker@1335c7b[State = -1, empty queue]] WARN  server.GrpcLogAppender (GrpcLogAppender.java:timeoutAppendRequest(200)) - 8466bef0-9559-4d2e-b20d-aaf3fd2b14fd@group-086F4A8DB6EB->90957f92-0013-496b-a419-9c1212c810e8-GrpcLogAppender: appendEntries Timeout, request=8466bef0-9559-4d2e-b20d-aaf3fd2b14fd->90957f92-0013-496b-a419-9c1212c810e8#67-t2, previous=(t:2, i:20), leaderCommit=16, initializing? false, entries: <empty>
2019-09-12 04:16:53,111 [java.util.concurrent.ThreadPoolExecutor$Worker@155a4cd5[State = -1, empty queue]] WARN  server.GrpcLogAppender (GrpcLogAppender.java:timeoutAppendRequest(200)) - 8466bef0-9559-4d2e-b20d-aaf3fd2b14fd@group-086F4A8DB6EB->897fdfd8-a3cb-4c9b-9ef8-a626c4e76414-GrpcLogAppender: appendEntries Timeout, request=8466bef0-9559-4d2e-b20d-aaf3fd2b14fd->897fdfd8-a3cb-4c9b-9ef8-a626c4e76414#67-t2, previous=(t:2, i:20), leaderCommit=16, initializing? false, entries: <empty>
2019-09-12 04:16:55,084 [8466bef0-9559-4d2e-b20d-aaf3fd2b14fd@group-086F4A8DB6EB-SegmentedRaftLogWorker] WARN  segmented.SegmentedRaftLogWorker (SegmentedRaftLogWorker.java:getFromFuture(90)) - Timeout 11/~
org.apache.ratis.protocol.TimeoutIOException: Timeout 10s: WriteLog:17: (t:2, i:17), STATEMACHINELOGENTRY, client-B5F51BC26AA5, cid=82-writeStateMachineData
	at org.apache.ratis.util.IOUtils.getFromFuture(IOUtils.java:87)
	at org.apache.ratis.server.raftlog.segmented.SegmentedRaftLogWorker$StateMachineDataPolicy.getFromFuture(SegmentedRaftLogWorker.java:87)
	at org.apache.ratis.server.raftlog.segmented.SegmentedRaftLogWorker$WriteLog.execute(SegmentedRaftLogWorker.java:477)
	at org.apache.ratis.server.raftlog.segmented.SegmentedRaftLogWorker.run(SegmentedRaftLogWorker.java:289)
	at java.lang.Thread.run(Thread.java:748)
Caused by: java.util.concurrent.TimeoutException
	at java.util.concurrent.CompletableFuture.timedGet(CompletableFuture.java:1771)
	at java.util.concurrent.CompletableFuture.get(CompletableFuture.java:1915)
	at org.apache.ratis.util.IOUtils.getFromFuture(IOUtils.java:79)
	... 4 more
2019-09-12 04:16:55,107 [90957f92-0013-496b-a419-9c1212c810e8@group-086F4A8DB6EB-SegmentedRaftLogWorker] WARN  segmented.SegmentedRaftLogWorker (SegmentedRaftLogWorker.java:getFromFuture(90)) - Timeout 11/~
org.apache.ratis.protocol.TimeoutIOException: Timeout 10s: WriteLog:17: (t:2, i:17), STATEMACHINELOGENTRY, client-B5F51BC26AA5, cid=82-writeStateMachineData
	at org.apache.ratis.util.IOUtils.getFromFuture(IOUtils.java:87)
	at org.apache.ratis.server.raftlog.segmented.SegmentedRaftLogWorker$StateMachineDataPolicy.getFromFuture(SegmentedRaftLogWorker.java:87)
	at org.apache.ratis.server.raftlog.segmented.SegmentedRaftLogWorker$WriteLog.execute(SegmentedRaftLogWorker.java:477)
	at org.apache.ratis.server.raftlog.segmented.SegmentedRaftLogWorker.run(SegmentedRaftLogWorker.java:289)
	at java.lang.Thread.run(Thread.java:748)
Caused by: java.util.concurrent.TimeoutException
	at java.util.concurrent.CompletableFuture.timedGet(CompletableFuture.java:1771)
	at java.util.concurrent.CompletableFuture.get(CompletableFuture.java:1915)
	at org.apache.ratis.util.IOUtils.getFromFuture(IOUtils.java:79)
	... 4 more
2019-09-12 04:16:55,113 [org.apache.ratis.server.impl.LogAppender$AppenderDaemon$$Lambda$495/740911003@7e36c73c] ERROR ratis.XceiverServerRatis (XceiverServerRatis.java:triggerPipelineClose(568)) - pipeline Action CLOSE  on pipeline PipelineID=56c965c9-1bab-4552-b305-086f4a8db6eb.Reason : 8466bef0-9559-4d2e-b20d-aaf3fd2b14fd has not seen follower/s 897fdfd8-a3cb-4c9b-9ef8-a626c4e76414 for 120181ms 90957f92-0013-496b-a419-9c1212c810e8 for 120192ms
2019-09-12 04:16:55,113 [org.apache.ratis.server.impl.LogAppender$AppenderDaemon$$Lambda$495/740911003@2e00fbf1] ERROR ratis.XceiverServerRatis (XceiverServerRatis.java:triggerPipelineClose(568)) - pipeline Action CLOSE  on pipeline PipelineID=56c965c9-1bab-4552-b305-086f4a8db6eb.Reason : 8466bef0-9559-4d2e-b20d-aaf3fd2b14fd has not seen follower/s 897fdfd8-a3cb-4c9b-9ef8-a626c4e76414 for 120181ms 90957f92-0013-496b-a419-9c1212c810e8 for 120192ms
2019-09-12 04:16:55,294 [897fdfd8-a3cb-4c9b-9ef8-a626c4e76414@group-086F4A8DB6EB-SegmentedRaftLogWorker] WARN  segmented.SegmentedRaftLogWorker (SegmentedRaftLogWorker.java:getFromFuture(90)) - Timeout 11/~
org.apache.ratis.protocol.TimeoutIOException: Timeout 10s: WriteLog:19: (t:2, i:19), STATEMACHINELOGENTRY, client-B5F51BC26AA5, cid=84-writeStateMachineData
	at org.apache.ratis.util.IOUtils.getFromFuture(IOUtils.java:87)
	at org.apache.ratis.server.raftlog.segmented.SegmentedRaftLogWorker$StateMachineDataPolicy.getFromFuture(SegmentedRaftLogWorker.java:87)
	at org.apache.ratis.server.raftlog.segmented.SegmentedRaftLogWorker$WriteLog.execute(SegmentedRaftLogWorker.java:477)
	at org.apache.ratis.server.raftlog.segmented.SegmentedRaftLogWorker.run(SegmentedRaftLogWorker.java:289)
	at java.lang.Thread.run(Thread.java:748)
Caused by: java.util.concurrent.TimeoutException
	at java.util.concurrent.CompletableFuture.timedGet(CompletableFuture.java:1771)
	at java.util.concurrent.CompletableFuture.get(CompletableFuture.java:1915)
	at org.apache.ratis.util.IOUtils.getFromFuture(IOUtils.java:79)
	... 4 more
2019-09-12 04:16:55,385 [EventQueue-PipelineActionsForPipelineActionHandler] ERROR pipeline.PipelineActionHandler (PipelineActionHandler.java:onMessage(60)) - Received pipeline action CLOSE for Pipeline[ Id: 56c965c9-1bab-4552-b305-086f4a8db6eb, Nodes: 90957f92-0013-496b-a419-9c1212c810e8{ip: 192.168.34.8, host: pr-hdds-1879-pbs75-1821932185, networkLocation: /default-rack, certSerialId: null}8466bef0-9559-4d2e-b20d-aaf3fd2b14fd{ip: 192.168.34.8, host: pr-hdds-1879-pbs75-1821932185, networkLocation: /default-rack, certSerialId: null}897fdfd8-a3cb-4c9b-9ef8-a626c4e76414{ip: 192.168.34.8, host: pr-hdds-1879-pbs75-1821932185, networkLocation: /default-rack, certSerialId: null}, Type:RATIS, Factor:THREE, State:OPEN] from datanode 8466bef0-9559-4d2e-b20d-aaf3fd2b14fd{ip: 192.168.34.8, host: pr-hdds-1879-pbs75-1821932185, networkLocation: /default-rack, certSerialId: null}. Reason : 8466bef0-9559-4d2e-b20d-aaf3fd2b14fd has not seen follower/s 897fdfd8-a3cb-4c9b-9ef8-a626c4e76414 for 120181ms 90957f92-0013-496b-a419-9c1212c810e8 for 120192ms
2019-09-12 04:16:55,385 [EventQueue-PipelineActionsForPipelineActionHandler] INFO  pipeline.SCMPipelineManager (SCMPipelineManager.java:finalizeAndDestroyPipeline(311)) - destroying pipeline:Pipeline[ Id: 56c965c9-1bab-4552-b305-086f4a8db6eb, Nodes: 90957f92-0013-496b-a419-9c1212c810e8{ip: 192.168.34.8, host: pr-hdds-1879-pbs75-1821932185, networkLocation: /default-rack, certSerialId: null}8466bef0-9559-4d2e-b20d-aaf3fd2b14fd{ip: 192.168.34.8, host: pr-hdds-1879-pbs75-1821932185, networkLocation: /default-rack, certSerialId: null}897fdfd8-a3cb-4c9b-9ef8-a626c4e76414{ip: 192.168.34.8, host: pr-hdds-1879-pbs75-1821932185, networkLocation: /default-rack, certSerialId: null}, Type:RATIS, Factor:THREE, State:OPEN]
2019-09-12 04:16:55,385 [EventQueue-PipelineActionsForPipelineActionHandler] INFO  pipeline.PipelineStateManager (PipelineStateManager.java:finalizePipeline(123)) - Pipeline Pipeline[ Id: 56c965c9-1bab-4552-b305-086f4a8db6eb, Nodes: 90957f92-0013-496b-a419-9c1212c810e8{ip: 192.168.34.8, host: pr-hdds-1879-pbs75-1821932185, networkLocation: /default-rack, certSerialId: null}8466bef0-9559-4d2e-b20d-aaf3fd2b14fd{ip: 192.168.34.8, host: pr-hdds-1879-pbs75-1821932185, networkLocation: /default-rack, certSerialId: null}897fdfd8-a3cb-4c9b-9ef8-a626c4e76414{ip: 192.168.34.8, host: pr-hdds-1879-pbs75-1821932185, networkLocation: /default-rack, certSerialId: null}, Type:RATIS, Factor:THREE, State:CLOSED] moved to CLOSED state
2019-09-12 04:16:55,386 [EventQueue-CloseContainerForCloseContainerEventHandler] INFO  container.CloseContainerEventHandler (CloseContainerEventHandler.java:onMessage(61)) - Close container Event triggered for container : #8
2019-09-12 04:16:55,386 [EventQueue-CloseContainerForCloseContainerEventHandler] INFO  container.CloseContainerEventHandler (CloseContainerEventHandler.java:onMessage(61)) - Close container Event triggered for container : #9
2019-09-12 04:16:55,612 [java.util.concurrent.ThreadPoolExecutor$Worker@1335c7b[State = -1, empty queue]] WARN  server.GrpcLogAppender (GrpcLogAppender.java:timeoutAppendRequest(200)) - 8466bef0-9559-4d2e-b20d-aaf3fd2b14fd@group-086F4A8DB6EB->90957f92-0013-496b-a419-9c1212c810e8-GrpcLogAppender: appendEntries Timeout, request=8466bef0-9559-4d2e-b20d-aaf3fd2b14fd->90957f92-0013-496b-a419-9c1212c810e8#68-t2, previous=(t:2, i:20), leaderCommit=16, initializing? false, entries: <empty>
2019-09-12 04:16:55,612 [java.util.concurrent.ThreadPoolExecutor$Worker@155a4cd5[State = -1, empty queue]] WARN  server.GrpcLogAppender (GrpcLogAppender.java:timeoutAppendRequest(200)) - 8466bef0-9559-4d2e-b20d-aaf3fd2b14fd@group-086F4A8DB6EB->897fdfd8-a3cb-4c9b-9ef8-a626c4e76414-GrpcLogAppender: appendEntries Timeout, request=8466bef0-9559-4d2e-b20d-aaf3fd2b14fd->897fdfd8-a3cb-4c9b-9ef8-a626c4e76414#68-t2, previous=(t:2, i:20), leaderCommit=16, initializing? false, entries: <empty>
2019-09-12 04:16:56,313 [grpc-default-executor-6] INFO  client.GrpcClientProtocolClient (GrpcClientProtocolClient.java:onNext(264)) - client-B5F51BC26AA5->897fdfd8-a3cb-4c9b-9ef8-a626c4e76414: receive RaftClientReply:client-B5F51BC26AA5->897fdfd8-a3cb-4c9b-9ef8-a626c4e76414@group-086F4A8DB6EB, cid=82, FAILED org.apache.ratis.protocol.NotLeaderException: Server 897fdfd8-a3cb-4c9b-9ef8-a626c4e76414@group-086F4A8DB6EB is not the leader 8466bef0-9559-4d2e-b20d-aaf3fd2b14fd:192.168.34.8:32905, logIndex=0, commits[897fdfd8-a3cb-4c9b-9ef8-a626c4e76414:c16, 90957f92-0013-496b-a419-9c1212c810e8:c12, 8466bef0-9559-4d2e-b20d-aaf3fd2b14fd:c16]
2019-09-12 04:16:57,569 [org.apache.ratis.server.impl.LogAppender$AppenderDaemon$$Lambda$495/740911003@2e00fbf1] ERROR ratis.XceiverServerRatis (XceiverServerRatis.java:triggerPipelineClose(568)) - pipeline Action CLOSE  on pipeline PipelineID=56c965c9-1bab-4552-b305-086f4a8db6eb.Reason : 8466bef0-9559-4d2e-b20d-aaf3fd2b14fd has not seen follower/s 897fdfd8-a3cb-4c9b-9ef8-a626c4e76414 for 122638ms 90957f92-0013-496b-a419-9c1212c810e8 for 122649ms
2019-09-12 04:16:57,569 [org.apache.ratis.server.impl.LogAppender$AppenderDaemon$$Lambda$495/740911003@7e36c73c] ERROR ratis.XceiverServerRatis (XceiverServerRatis.java:triggerPipelineClose(568)) - pipeline Action CLOSE  on pipeline PipelineID=56c965c9-1bab-4552-b305-086f4a8db6eb.Reason : 8466bef0-9559-4d2e-b20d-aaf3fd2b14fd has not seen follower/s 897fdfd8-a3cb-4c9b-9ef8-a626c4e76414 for 122639ms 90957f92-0013-496b-a419-9c1212c810e8 for 122649ms
2019-09-12 04:16:58,112 [java.util.concurrent.ThreadPoolExecutor$Worker@155a4cd5[State = -1, empty queue]] WARN  server.GrpcLogAppender (GrpcLogAppender.java:timeoutAppendRequest(200)) - 8466bef0-9559-4d2e-b20d-aaf3fd2b14fd@group-086F4A8DB6EB->897fdfd8-a3cb-4c9b-9ef8-a626c4e76414-GrpcLogAppender: appendEntries Timeout, request=8466bef0-9559-4d2e-b20d-aaf3fd2b14fd->897fdfd8-a3cb-4c9b-9ef8-a626c4e76414#69-t2, previous=(t:2, i:20), leaderCommit=16, initializing? false, entries: <empty>
2019-09-12 04:16:58,112 [java.util.concurrent.ThreadPoolExecutor$Worker@1335c7b[State = -1, empty queue]] WARN  server.GrpcLogAppender (GrpcLogAppender.java:timeoutAppendRequest(200)) - 8466bef0-9559-4d2e-b20d-aaf3fd2b14fd@group-086F4A8DB6EB->90957f92-0013-496b-a419-9c1212c810e8-GrpcLogAppender: appendEntries Timeout, request=8466bef0-9559-4d2e-b20d-aaf3fd2b14fd->90957f92-0013-496b-a419-9c1212c810e8#69-t2, previous=(t:2, i:20), leaderCommit=16, initializing? false, entries: <empty>
2019-09-12 04:16:58,570 [EventQueue-PipelineActionsForPipelineActionHandler] ERROR pipeline.PipelineActionHandler (PipelineActionHandler.java:onMessage(60)) - Received pipeline action CLOSE for Pipeline[ Id: 56c965c9-1bab-4552-b305-086f4a8db6eb, Nodes: 90957f92-0013-496b-a419-9c1212c810e8{ip: 192.168.34.8, host: pr-hdds-1879-pbs75-1821932185, networkLocation: /default-rack, certSerialId: null}8466bef0-9559-4d2e-b20d-aaf3fd2b14fd{ip: 192.168.34.8, host: pr-hdds-1879-pbs75-1821932185, networkLocation: /default-rack, certSerialId: null}897fdfd8-a3cb-4c9b-9ef8-a626c4e76414{ip: 192.168.34.8, host: pr-hdds-1879-pbs75-1821932185, networkLocation: /default-rack, certSerialId: null}, Type:RATIS, Factor:THREE, State:CLOSED] from datanode 8466bef0-9559-4d2e-b20d-aaf3fd2b14fd{ip: 192.168.34.8, host: pr-hdds-1879-pbs75-1821932185, networkLocation: /default-rack, certSerialId: null}. Reason : 8466bef0-9559-4d2e-b20d-aaf3fd2b14fd has not seen follower/s 897fdfd8-a3cb-4c9b-9ef8-a626c4e76414 for 122638ms 90957f92-0013-496b-a419-9c1212c810e8 for 122649ms
2019-09-12 04:16:58,571 [EventQueue-PipelineActionsForPipelineActionHandler] INFO  pipeline.SCMPipelineManager (SCMPipelineManager.java:finalizeAndDestroyPipeline(311)) - destroying pipeline:Pipeline[ Id: 56c965c9-1bab-4552-b305-086f4a8db6eb, Nodes: 90957f92-0013-496b-a419-9c1212c810e8{ip: 192.168.34.8, host: pr-hdds-1879-pbs75-1821932185, networkLocation: /default-rack, certSerialId: null}8466bef0-9559-4d2e-b20d-aaf3fd2b14fd{ip: 192.168.34.8, host: pr-hdds-1879-pbs75-1821932185, networkLocation: /default-rack, certSerialId: null}897fdfd8-a3cb-4c9b-9ef8-a626c4e76414{ip: 192.168.34.8, host: pr-hdds-1879-pbs75-1821932185, networkLocation: /default-rack, certSerialId: null}, Type:RATIS, Factor:THREE, State:CLOSED]
2019-09-12 04:17:00,070 [org.apache.ratis.server.impl.LogAppender$AppenderDaemon$$Lambda$495/740911003@2e00fbf1] ERROR ratis.XceiverServerRatis (XceiverServerRatis.java:triggerPipelineClose(568)) - pipeline Action CLOSE  on pipeline PipelineID=56c965c9-1bab-4552-b305-086f4a8db6eb.Reason : 8466bef0-9559-4d2e-b20d-aaf3fd2b14fd has not seen follower/s 897fdfd8-a3cb-4c9b-9ef8-a626c4e76414 for 125139ms 90957f92-0013-496b-a419-9c1212c810e8 for 125149ms
2019-09-12 04:17:00,070 [org.apache.ratis.server.impl.LogAppender$AppenderDaemon$$Lambda$495/740911003@7e36c73c] ERROR ratis.XceiverServerRatis (XceiverServerRatis.java:triggerPipelineClose(568)) - pipeline Action CLOSE  on pipeline PipelineID=56c965c9-1bab-4552-b305-086f4a8db6eb.Reason : 8466bef0-9559-4d2e-b20d-aaf3fd2b14fd has not seen follower/s 897fdfd8-a3cb-4c9b-9ef8-a626c4e76414 for 125139ms 90957f92-0013-496b-a419-9c1212c810e8 for 125150ms
2019-09-12 04:17:00,570 [java.util.concurrent.ThreadPoolExecutor$Worker@1335c7b[State = -1, empty queue]] WARN  server.GrpcLogAppender (GrpcLogAppender.java:timeoutAppendRequest(200)) - 8466bef0-9559-4d2e-b20d-aaf3fd2b14fd@group-086F4A8DB6EB->90957f92-0013-496b-a419-9c1212c810e8-GrpcLogAppender: appendEntries Timeout, request=8466bef0-9559-4d2e-b20d-aaf3fd2b14fd->90957f92-0013-496b-a419-9c1212c810e8#70-t2, previous=(t:2, i:20), leaderCommit=16, initializing? false, entries: size=1, first=(t:2, i:21), STATEMACHINELOGENTRY, client-53A2F9C12DFB, cid=55
2019-09-12 04:17:00,570 [java.util.concurrent.ThreadPoolExecutor$Worker@155a4cd5[State = -1, empty queue]] WARN  server.GrpcLogAppender (GrpcLogAppender.java:timeoutAppendRequest(200)) - 8466bef0-9559-4d2e-b20d-aaf3fd2b14fd@group-086F4A8DB6EB->897fdfd8-a3cb-4c9b-9ef8-a626c4e76414-GrpcLogAppender: appendEntries Timeout, request=8466bef0-9559-4d2e-b20d-aaf3fd2b14fd->897fdfd8-a3cb-4c9b-9ef8-a626c4e76414#70-t2, previous=(t:2, i:20), leaderCommit=16, initializing? false, entries: size=1, first=(t:2, i:21), STATEMACHINELOGENTRY, client-53A2F9C12DFB, cid=55
2019-09-12 04:17:00,570 [EventQueue-PipelineActionsForPipelineActionHandler] ERROR pipeline.PipelineActionHandler (PipelineActionHandler.java:onMessage(60)) - Received pipeline action CLOSE for Pipeline[ Id: 56c965c9-1bab-4552-b305-086f4a8db6eb, Nodes: 90957f92-0013-496b-a419-9c1212c810e8{ip: 192.168.34.8, host: pr-hdds-1879-pbs75-1821932185, networkLocation: /default-rack, certSerialId: null}8466bef0-9559-4d2e-b20d-aaf3fd2b14fd{ip: 192.168.34.8, host: pr-hdds-1879-pbs75-1821932185, networkLocation: /default-rack, certSerialId: null}897fdfd8-a3cb-4c9b-9ef8-a626c4e76414{ip: 192.168.34.8, host: pr-hdds-1879-pbs75-1821932185, networkLocation: /default-rack, certSerialId: null}, Type:RATIS, Factor:THREE, State:CLOSED] from datanode 8466bef0-9559-4d2e-b20d-aaf3fd2b14fd{ip: 192.168.34.8, host: pr-hdds-1879-pbs75-1821932185, networkLocation: /default-rack, certSerialId: null}. Reason : 8466bef0-9559-4d2e-b20d-aaf3fd2b14fd has not seen follower/s 897fdfd8-a3cb-4c9b-9ef8-a626c4e76414 for 125139ms 90957f92-0013-496b-a419-9c1212c810e8 for 125149ms
2019-09-12 04:17:00,571 [EventQueue-PipelineActionsForPipelineActionHandler] INFO  pipeline.SCMPipelineManager (SCMPipelineManager.java:finalizeAndDestroyPipeline(311)) - destroying pipeline:Pipeline[ Id: 56c965c9-1bab-4552-b305-086f4a8db6eb, Nodes: 90957f92-0013-496b-a419-9c1212c810e8{ip: 192.168.34.8, host: pr-hdds-1879-pbs75-1821932185, networkLocation: /default-rack, certSerialId: null}8466bef0-9559-4d2e-b20d-aaf3fd2b14fd{ip: 192.168.34.8, host: pr-hdds-1879-pbs75-1821932185, networkLocation: /default-rack, certSerialId: null}897fdfd8-a3cb-4c9b-9ef8-a626c4e76414{ip: 192.168.34.8, host: pr-hdds-1879-pbs75-1821932185, networkLocation: /default-rack, certSerialId: null}, Type:RATIS, Factor:THREE, State:CLOSED]
2019-09-12 04:17:01,355 [grpc-default-executor-7] INFO  client.GrpcClientProtocolClient (GrpcClientProtocolClient.java:onNext(264)) - client-B5F51BC26AA5->897fdfd8-a3cb-4c9b-9ef8-a626c4e76414: receive RaftClientReply:client-B5F51BC26AA5->897fdfd8-a3cb-4c9b-9ef8-a626c4e76414@group-086F4A8DB6EB, cid=82, FAILED org.apache.ratis.protocol.NotLeaderException: Server 897fdfd8-a3cb-4c9b-9ef8-a626c4e76414@group-086F4A8DB6EB is not the leader 8466bef0-9559-4d2e-b20d-aaf3fd2b14fd:192.168.34.8:32905, logIndex=0, commits[897fdfd8-a3cb-4c9b-9ef8-a626c4e76414:c16, 90957f92-0013-496b-a419-9c1212c810e8:c12, 8466bef0-9559-4d2e-b20d-aaf3fd2b14fd:c16]
2019-09-12 04:17:02,571 [org.apache.ratis.server.impl.LogAppender$AppenderDaemon$$Lambda$495/740911003@7e36c73c] ERROR ratis.XceiverServerRatis (XceiverServerRatis.java:triggerPipelineClose(568)) - pipeline Action CLOSE  on pipeline PipelineID=56c965c9-1bab-4552-b305-086f4a8db6eb.Reason : 8466bef0-9559-4d2e-b20d-aaf3fd2b14fd has not seen follower/s 897fdfd8-a3cb-4c9b-9ef8-a626c4e76414 for 127640ms 90957f92-0013-496b-a419-9c1212c810e8 for 127650ms
2019-09-12 04:17:02,571 [org.apache.ratis.server.impl.LogAppender$AppenderDaemon$$Lambda$495/740911003@2e00fbf1] ERROR ratis.XceiverServerRatis (XceiverServerRatis.java:triggerPipelineClose(568)) - pipeline Action CLOSE  on pipeline PipelineID=56c965c9-1bab-4552-b305-086f4a8db6eb.Reason : 8466bef0-9559-4d2e-b20d-aaf3fd2b14fd has not seen follower/s 897fdfd8-a3cb-4c9b-9ef8-a626c4e76414 for 127640ms 90957f92-0013-496b-a419-9c1212c810e8 for 127650ms
2019-09-12 04:17:03,070 [java.util.concurrent.ThreadPoolExecutor$Worker@1335c7b[State = -1, empty queue]] WARN  server.GrpcLogAppender (GrpcLogAppender.java:timeoutAppendRequest(200)) - 8466bef0-9559-4d2e-b20d-aaf3fd2b14fd@group-086F4A8DB6EB->90957f92-0013-496b-a419-9c1212c810e8-GrpcLogAppender: appendEntries Timeout, request=8466bef0-9559-4d2e-b20d-aaf3fd2b14fd->90957f92-0013-496b-a419-9c1212c810e8#71-t2, previous=(t:2, i:21), leaderCommit=16, initializing? false, entries: <empty>
2019-09-12 04:17:03,070 [java.util.concurrent.ThreadPoolExecutor$Worker@155a4cd5[State = -1, empty queue]] WARN  server.GrpcLogAppender (GrpcLogAppender.java:timeoutAppendRequest(200)) - 8466bef0-9559-4d2e-b20d-aaf3fd2b14fd@group-086F4A8DB6EB->897fdfd8-a3cb-4c9b-9ef8-a626c4e76414-GrpcLogAppender: appendEntries Timeout, request=8466bef0-9559-4d2e-b20d-aaf3fd2b14fd->897fdfd8-a3cb-4c9b-9ef8-a626c4e76414#71-t2, previous=(t:2, i:21), leaderCommit=16, initializing? false, entries: <empty>
2019-09-12 04:17:03,570 [EventQueue-PipelineActionsForPipelineActionHandler] ERROR pipeline.PipelineActionHandler (PipelineActionHandler.java:onMessage(60)) - Received pipeline action CLOSE for Pipeline[ Id: 56c965c9-1bab-4552-b305-086f4a8db6eb, Nodes: 90957f92-0013-496b-a419-9c1212c810e8{ip: 192.168.34.8, host: pr-hdds-1879-pbs75-1821932185, networkLocation: /default-rack, certSerialId: null}8466bef0-9559-4d2e-b20d-aaf3fd2b14fd{ip: 192.168.34.8, host: pr-hdds-1879-pbs75-1821932185, networkLocation: /default-rack, certSerialId: null}897fdfd8-a3cb-4c9b-9ef8-a626c4e76414{ip: 192.168.34.8, host: pr-hdds-1879-pbs75-1821932185, networkLocation: /default-rack, certSerialId: null}, Type:RATIS, Factor:THREE, State:CLOSED] from datanode 8466bef0-9559-4d2e-b20d-aaf3fd2b14fd{ip: 192.168.34.8, host: pr-hdds-1879-pbs75-1821932185, networkLocation: /default-rack, certSerialId: null}. Reason : 8466bef0-9559-4d2e-b20d-aaf3fd2b14fd has not seen follower/s 897fdfd8-a3cb-4c9b-9ef8-a626c4e76414 for 127640ms 90957f92-0013-496b-a419-9c1212c810e8 for 127650ms
2019-09-12 04:17:03,570 [EventQueue-PipelineActionsForPipelineActionHandler] INFO  pipeline.SCMPipelineManager (SCMPipelineManager.java:finalizeAndDestroyPipeline(311)) - destroying pipeline:Pipeline[ Id: 56c965c9-1bab-4552-b305-086f4a8db6eb, Nodes: 90957f92-0013-496b-a419-9c1212c810e8{ip: 192.168.34.8, host: pr-hdds-1879-pbs75-1821932185, networkLocation: /default-rack, certSerialId: null}8466bef0-9559-4d2e-b20d-aaf3fd2b14fd{ip: 192.168.34.8, host: pr-hdds-1879-pbs75-1821932185, networkLocation: /default-rack, certSerialId: null}897fdfd8-a3cb-4c9b-9ef8-a626c4e76414{ip: 192.168.34.8, host: pr-hdds-1879-pbs75-1821932185, networkLocation: /default-rack, certSerialId: null}, Type:RATIS, Factor:THREE, State:CLOSED]
2019-09-12 04:17:05,071 [org.apache.ratis.server.impl.LogAppender$AppenderDaemon$$Lambda$495/740911003@7e36c73c] ERROR ratis.XceiverServerRatis (XceiverServerRatis.java:triggerPipelineClose(568)) - pipeline Action CLOSE  on pipeline PipelineID=56c965c9-1bab-4552-b305-086f4a8db6eb.Reason : 8466bef0-9559-4d2e-b20d-aaf3fd2b14fd has not seen follower/s 897fdfd8-a3cb-4c9b-9ef8-a626c4e76414 for 130141ms 90957f92-0013-496b-a419-9c1212c810e8 for 130151ms
2019-09-12 04:17:05,071 [org.apache.ratis.server.impl.LogAppender$AppenderDaemon$$Lambda$495/740911003@2e00fbf1] ERROR ratis.XceiverServerRatis (XceiverServerRatis.java:triggerPipelineClose(568)) - pipeline Action CLOSE  on pipeline PipelineID=56c965c9-1bab-4552-b305-086f4a8db6eb.Reason : 8466bef0-9559-4d2e-b20d-aaf3fd2b14fd has not seen follower/s 897fdfd8-a3cb-4c9b-9ef8-a626c4e76414 for 130141ms 90957f92-0013-496b-a419-9c1212c810e8 for 130151ms
2019-09-12 04:17:05,084 [8466bef0-9559-4d2e-b20d-aaf3fd2b14fd@group-086F4A8DB6EB-SegmentedRaftLogWorker] WARN  segmented.SegmentedRaftLogWorker (SegmentedRaftLogWorker.java:getFromFuture(90)) - Timeout 12/~
org.apache.ratis.protocol.TimeoutIOException: Timeout 10s: WriteLog:17: (t:2, i:17), STATEMACHINELOGENTRY, client-B5F51BC26AA5, cid=82-writeStateMachineData
	at org.apache.ratis.util.IOUtils.getFromFuture(IOUtils.java:87)
	at org.apache.ratis.server.raftlog.segmented.SegmentedRaftLogWorker$StateMachineDataPolicy.getFromFuture(SegmentedRaftLogWorker.java:87)
	at org.apache.ratis.server.raftlog.segmented.SegmentedRaftLogWorker$WriteLog.execute(SegmentedRaftLogWorker.java:477)
	at org.apache.ratis.server.raftlog.segmented.SegmentedRaftLogWorker.run(SegmentedRaftLogWorker.java:289)
	at java.lang.Thread.run(Thread.java:748)
Caused by: java.util.concurrent.TimeoutException
	at java.util.concurrent.CompletableFuture.timedGet(CompletableFuture.java:1771)
	at java.util.concurrent.CompletableFuture.get(CompletableFuture.java:1915)
	at org.apache.ratis.util.IOUtils.getFromFuture(IOUtils.java:79)
	... 4 more
2019-09-12 04:17:05,108 [90957f92-0013-496b-a419-9c1212c810e8@group-086F4A8DB6EB-SegmentedRaftLogWorker] WARN  segmented.SegmentedRaftLogWorker (SegmentedRaftLogWorker.java:getFromFuture(90)) - Timeout 12/~
org.apache.ratis.protocol.TimeoutIOException: Timeout 10s: WriteLog:17: (t:2, i:17), STATEMACHINELOGENTRY, client-B5F51BC26AA5, cid=82-writeStateMachineData
	at org.apache.ratis.util.IOUtils.getFromFuture(IOUtils.java:87)
	at org.apache.ratis.server.raftlog.segmented.SegmentedRaftLogWorker$StateMachineDataPolicy.getFromFuture(SegmentedRaftLogWorker.java:87)
	at org.apache.ratis.server.raftlog.segmented.SegmentedRaftLogWorker$WriteLog.execute(SegmentedRaftLogWorker.java:477)
	at org.apache.ratis.server.raftlog.segmented.SegmentedRaftLogWorker.run(SegmentedRaftLogWorker.java:289)
	at java.lang.Thread.run(Thread.java:748)
Caused by: java.util.concurrent.TimeoutException
	at java.util.concurrent.CompletableFuture.timedGet(CompletableFuture.java:1771)
	at java.util.concurrent.CompletableFuture.get(CompletableFuture.java:1915)
	at org.apache.ratis.util.IOUtils.getFromFuture(IOUtils.java:79)
	... 4 more
2019-09-12 04:17:05,300 [897fdfd8-a3cb-4c9b-9ef8-a626c4e76414@group-086F4A8DB6EB-SegmentedRaftLogWorker] WARN  segmented.SegmentedRaftLogWorker (SegmentedRaftLogWorker.java:getFromFuture(90)) - Timeout 12/~
org.apache.ratis.protocol.TimeoutIOException: Timeout 10s: WriteLog:19: (t:2, i:19), STATEMACHINELOGENTRY, client-B5F51BC26AA5, cid=84-writeStateMachineData
	at org.apache.ratis.util.IOUtils.getFromFuture(IOUtils.java:87)
	at org.apache.ratis.server.raftlog.segmented.SegmentedRaftLogWorker$StateMachineDataPolicy.getFromFuture(SegmentedRaftLogWorker.java:87)
	at org.apache.ratis.server.raftlog.segmented.SegmentedRaftLogWorker$WriteLog.execute(SegmentedRaftLogWorker.java:477)
	at org.apache.ratis.server.raftlog.segmented.SegmentedRaftLogWorker.run(SegmentedRaftLogWorker.java:289)
	at java.lang.Thread.run(Thread.java:748)
Caused by: java.util.concurrent.TimeoutException
	at java.util.concurrent.CompletableFuture.timedGet(CompletableFuture.java:1771)
	at java.util.concurrent.CompletableFuture.get(CompletableFuture.java:1915)
	at org.apache.ratis.util.IOUtils.getFromFuture(IOUtils.java:79)
	... 4 more
2019-09-12 04:17:05,570 [EventQueue-PipelineActionsForPipelineActionHandler] ERROR pipeline.PipelineActionHandler (PipelineActionHandler.java:onMessage(60)) - Received pipeline action CLOSE for Pipeline[ Id: 56c965c9-1bab-4552-b305-086f4a8db6eb, Nodes: 90957f92-0013-496b-a419-9c1212c810e8{ip: 192.168.34.8, host: pr-hdds-1879-pbs75-1821932185, networkLocation: /default-rack, certSerialId: null}8466bef0-9559-4d2e-b20d-aaf3fd2b14fd{ip: 192.168.34.8, host: pr-hdds-1879-pbs75-1821932185, networkLocation: /default-rack, certSerialId: null}897fdfd8-a3cb-4c9b-9ef8-a626c4e76414{ip: 192.168.34.8, host: pr-hdds-1879-pbs75-1821932185, networkLocation: /default-rack, certSerialId: null}, Type:RATIS, Factor:THREE, State:CLOSED] from datanode 8466bef0-9559-4d2e-b20d-aaf3fd2b14fd{ip: 192.168.34.8, host: pr-hdds-1879-pbs75-1821932185, networkLocation: /default-rack, certSerialId: null}. Reason : 8466bef0-9559-4d2e-b20d-aaf3fd2b14fd has not seen follower/s 897fdfd8-a3cb-4c9b-9ef8-a626c4e76414 for 130141ms 90957f92-0013-496b-a419-9c1212c810e8 for 130151ms
2019-09-12 04:17:05,571 [EventQueue-PipelineActionsForPipelineActionHandler] INFO  pipeline.SCMPipelineManager (SCMPipelineManager.java:finalizeAndDestroyPipeline(311)) - destroying pipeline:Pipeline[ Id: 56c965c9-1bab-4552-b305-086f4a8db6eb, Nodes: 90957f92-0013-496b-a419-9c1212c810e8{ip: 192.168.34.8, host: pr-hdds-1879-pbs75-1821932185, networkLocation: /default-rack, certSerialId: null}8466bef0-9559-4d2e-b20d-aaf3fd2b14fd{ip: 192.168.34.8, host: pr-hdds-1879-pbs75-1821932185, networkLocation: /default-rack, certSerialId: null}897fdfd8-a3cb-4c9b-9ef8-a626c4e76414{ip: 192.168.34.8, host: pr-hdds-1879-pbs75-1821932185, networkLocation: /default-rack, certSerialId: null}, Type:RATIS, Factor:THREE, State:CLOSED]
2019-09-12 04:17:05,571 [java.util.concurrent.ThreadPoolExecutor$Worker@1335c7b[State = -1, empty queue]] WARN  server.GrpcLogAppender (GrpcLogAppender.java:timeoutAppendRequest(200)) - 8466bef0-9559-4d2e-b20d-aaf3fd2b14fd@group-086F4A8DB6EB->90957f92-0013-496b-a419-9c1212c810e8-GrpcLogAppender: appendEntries Timeout, request=8466bef0-9559-4d2e-b20d-aaf3fd2b14fd->90957f92-0013-496b-a419-9c1212c810e8#72-t2, previous=(t:2, i:21), leaderCommit=16, initializing? false, entries: <empty>
2019-09-12 04:17:05,571 [java.util.concurrent.ThreadPoolExecutor$Worker@155a4cd5[State = -1, empty queue]] WARN  server.GrpcLogAppender (GrpcLogAppender.java:timeoutAppendRequest(200)) - 8466bef0-9559-4d2e-b20d-aaf3fd2b14fd@group-086F4A8DB6EB->897fdfd8-a3cb-4c9b-9ef8-a626c4e76414-GrpcLogAppender: appendEntries Timeout, request=8466bef0-9559-4d2e-b20d-aaf3fd2b14fd->897fdfd8-a3cb-4c9b-9ef8-a626c4e76414#72-t2, previous=(t:2, i:21), leaderCommit=16, initializing? false, entries: <empty>
2019-09-12 04:17:06,389 [grpc-default-executor-6] INFO  client.GrpcClientProtocolClient (GrpcClientProtocolClient.java:onNext(264)) - client-B5F51BC26AA5->90957f92-0013-496b-a419-9c1212c810e8: receive RaftClientReply:client-B5F51BC26AA5->90957f92-0013-496b-a419-9c1212c810e8@group-086F4A8DB6EB, cid=82, FAILED org.apache.ratis.protocol.NotLeaderException: Server 90957f92-0013-496b-a419-9c1212c810e8@group-086F4A8DB6EB is not the leader 8466bef0-9559-4d2e-b20d-aaf3fd2b14fd:192.168.34.8:32905, logIndex=0, commits[90957f92-0013-496b-a419-9c1212c810e8:c16, 897fdfd8-a3cb-4c9b-9ef8-a626c4e76414:c12, 8466bef0-9559-4d2e-b20d-aaf3fd2b14fd:c16]
2019-09-12 04:17:07,573 [org.apache.ratis.server.impl.LogAppender$AppenderDaemon$$Lambda$495/740911003@2e00fbf1] ERROR ratis.XceiverServerRatis (XceiverServerRatis.java:triggerPipelineClose(568)) - pipeline Action CLOSE  on pipeline PipelineID=56c965c9-1bab-4552-b305-086f4a8db6eb.Reason : 8466bef0-9559-4d2e-b20d-aaf3fd2b14fd has not seen follower/s 897fdfd8-a3cb-4c9b-9ef8-a626c4e76414 for 132642ms 90957f92-0013-496b-a419-9c1212c810e8 for 132653ms
2019-09-12 04:17:07,573 [org.apache.ratis.server.impl.LogAppender$AppenderDaemon$$Lambda$495/740911003@7e36c73c] ERROR ratis.XceiverServerRatis (XceiverServerRatis.java:triggerPipelineClose(568)) - pipeline Action CLOSE  on pipeline PipelineID=56c965c9-1bab-4552-b305-086f4a8db6eb.Reason : 8466bef0-9559-4d2e-b20d-aaf3fd2b14fd has not seen follower/s 897fdfd8-a3cb-4c9b-9ef8-a626c4e76414 for 132642ms 90957f92-0013-496b-a419-9c1212c810e8 for 132653ms
2019-09-12 04:17:08,072 [java.util.concurrent.ThreadPoolExecutor$Worker@155a4cd5[State = -1, empty queue]] WARN  server.GrpcLogAppender (GrpcLogAppender.java:timeoutAppendRequest(200)) - 8466bef0-9559-4d2e-b20d-aaf3fd2b14fd@group-086F4A8DB6EB->897fdfd8-a3cb-4c9b-9ef8-a626c4e76414-GrpcLogAppender: appendEntries Timeout, request=8466bef0-9559-4d2e-b20d-aaf3fd2b14fd->897fdfd8-a3cb-4c9b-9ef8-a626c4e76414#73-t2, previous=(t:2, i:21), leaderCommit=16, initializing? false, entries: <empty>
2019-09-12 04:17:08,072 [java.util.concurrent.ThreadPoolExecutor$Worker@1335c7b[State = -1, empty queue]] WARN  server.GrpcLogAppender (GrpcLogAppender.java:timeoutAppendRequest(200)) - 8466bef0-9559-4d2e-b20d-aaf3fd2b14fd@group-086F4A8DB6EB->90957f92-0013-496b-a419-9c1212c810e8-GrpcLogAppender: appendEntries Timeout, request=8466bef0-9559-4d2e-b20d-aaf3fd2b14fd->90957f92-0013-496b-a419-9c1212c810e8#73-t2, previous=(t:2, i:21), leaderCommit=16, initializing? false, entries: <empty>
2019-09-12 04:17:08,581 [EventQueue-PipelineActionsForPipelineActionHandler] ERROR pipeline.PipelineActionHandler (PipelineActionHandler.java:onMessage(60)) - Received pipeline action CLOSE for Pipeline[ Id: 56c965c9-1bab-4552-b305-086f4a8db6eb, Nodes: 90957f92-0013-496b-a419-9c1212c810e8{ip: 192.168.34.8, host: pr-hdds-1879-pbs75-1821932185, networkLocation: /default-rack, certSerialId: null}8466bef0-9559-4d2e-b20d-aaf3fd2b14fd{ip: 192.168.34.8, host: pr-hdds-1879-pbs75-1821932185, networkLocation: /default-rack, certSerialId: null}897fdfd8-a3cb-4c9b-9ef8-a626c4e76414{ip: 192.168.34.8, host: pr-hdds-1879-pbs75-1821932185, networkLocation: /default-rack, certSerialId: null}, Type:RATIS, Factor:THREE, State:CLOSED] from datanode 8466bef0-9559-4d2e-b20d-aaf3fd2b14fd{ip: 192.168.34.8, host: pr-hdds-1879-pbs75-1821932185, networkLocation: /default-rack, certSerialId: null}. Reason : 8466bef0-9559-4d2e-b20d-aaf3fd2b14fd has not seen follower/s 897fdfd8-a3cb-4c9b-9ef8-a626c4e76414 for 132642ms 90957f92-0013-496b-a419-9c1212c810e8 for 132653ms
2019-09-12 04:17:08,582 [EventQueue-PipelineActionsForPipelineActionHandler] INFO  pipeline.SCMPipelineManager (SCMPipelineManager.java:finalizeAndDestroyPipeline(311)) - destroying pipeline:Pipeline[ Id: 56c965c9-1bab-4552-b305-086f4a8db6eb, Nodes: 90957f92-0013-496b-a419-9c1212c810e8{ip: 192.168.34.8, host: pr-hdds-1879-pbs75-1821932185, networkLocation: /default-rack, certSerialId: null}8466bef0-9559-4d2e-b20d-aaf3fd2b14fd{ip: 192.168.34.8, host: pr-hdds-1879-pbs75-1821932185, networkLocation: /default-rack, certSerialId: null}897fdfd8-a3cb-4c9b-9ef8-a626c4e76414{ip: 192.168.34.8, host: pr-hdds-1879-pbs75-1821932185, networkLocation: /default-rack, certSerialId: null}, Type:RATIS, Factor:THREE, State:CLOSED]
2019-09-12 04:17:10,075 [org.apache.ratis.server.impl.LogAppender$AppenderDaemon$$Lambda$495/740911003@2e00fbf1] ERROR ratis.XceiverServerRatis (XceiverServerRatis.java:triggerPipelineClose(568)) - pipeline Action CLOSE  on pipeline PipelineID=56c965c9-1bab-4552-b305-086f4a8db6eb.Reason : 8466bef0-9559-4d2e-b20d-aaf3fd2b14fd has not seen follower/s 897fdfd8-a3cb-4c9b-9ef8-a626c4e76414 for 135144ms 90957f92-0013-496b-a419-9c1212c810e8 for 135154ms
2019-09-12 04:17:10,075 [org.apache.ratis.server.impl.LogAppender$AppenderDaemon$$Lambda$495/740911003@7e36c73c] ERROR ratis.XceiverServerRatis (XceiverServerRatis.java:triggerPipelineClose(568)) - pipeline Action CLOSE  on pipeline PipelineID=56c965c9-1bab-4552-b305-086f4a8db6eb.Reason : 8466bef0-9559-4d2e-b20d-aaf3fd2b14fd has not seen follower/s 897fdfd8-a3cb-4c9b-9ef8-a626c4e76414 for 135144ms 90957f92-0013-496b-a419-9c1212c810e8 for 135154ms
2019-09-12 04:17:10,571 [EventQueue-PipelineActionsForPipelineActionHandler] ERROR pipeline.PipelineActionHandler (PipelineActionHandler.java:onMessage(60)) - Received pipeline action CLOSE for Pipeline[ Id: 56c965c9-1bab-4552-b305-086f4a8db6eb, Nodes: 90957f92-0013-496b-a419-9c1212c810e8{ip: 192.168.34.8, host: pr-hdds-1879-pbs75-1821932185, networkLocation: /default-rack, certSerialId: null}8466bef0-9559-4d2e-b20d-aaf3fd2b14fd{ip: 192.168.34.8, host: pr-hdds-1879-pbs75-1821932185, networkLocation: /default-rack, certSerialId: null}897fdfd8-a3cb-4c9b-9ef8-a626c4e76414{ip: 192.168.34.8, host: pr-hdds-1879-pbs75-1821932185, networkLocation: /default-rack, certSerialId: null}, Type:RATIS, Factor:THREE, State:CLOSED] from datanode 8466bef0-9559-4d2e-b20d-aaf3fd2b14fd{ip: 192.168.34.8, host: pr-hdds-1879-pbs75-1821932185, networkLocation: /default-rack, certSerialId: null}. Reason : 8466bef0-9559-4d2e-b20d-aaf3fd2b14fd has not seen follower/s 897fdfd8-a3cb-4c9b-9ef8-a626c4e76414 for 135144ms 90957f92-0013-496b-a419-9c1212c810e8 for 135154ms
2019-09-12 04:17:10,572 [EventQueue-PipelineActionsForPipelineActionHandler] INFO  pipeline.SCMPipelineManager (SCMPipelineManager.java:finalizeAndDestroyPipeline(311)) - destroying pipeline:Pipeline[ Id: 56c965c9-1bab-4552-b305-086f4a8db6eb, Nodes: 90957f92-0013-496b-a419-9c1212c810e8{ip: 192.168.34.8, host: pr-hdds-1879-pbs75-1821932185, networkLocation: /default-rack, certSerialId: null}8466bef0-9559-4d2e-b20d-aaf3fd2b14fd{ip: 192.168.34.8, host: pr-hdds-1879-pbs75-1821932185, networkLocation: /default-rack, certSerialId: null}897fdfd8-a3cb-4c9b-9ef8-a626c4e76414{ip: 192.168.34.8, host: pr-hdds-1879-pbs75-1821932185, networkLocation: /default-rack, certSerialId: null}, Type:RATIS, Factor:THREE, State:CLOSED]
2019-09-12 04:17:10,573 [java.util.concurrent.ThreadPoolExecutor$Worker@155a4cd5[State = -1, empty queue]] WARN  server.GrpcLogAppender (GrpcLogAppender.java:timeoutAppendRequest(200)) - 8466bef0-9559-4d2e-b20d-aaf3fd2b14fd@group-086F4A8DB6EB->897fdfd8-a3cb-4c9b-9ef8-a626c4e76414-GrpcLogAppender: appendEntries Timeout, request=8466bef0-9559-4d2e-b20d-aaf3fd2b14fd->897fdfd8-a3cb-4c9b-9ef8-a626c4e76414#74-t2, previous=(t:2, i:21), leaderCommit=16, initializing? false, entries: <empty>
2019-09-12 04:17:10,573 [java.util.concurrent.ThreadPoolExecutor$Worker@1335c7b[State = -1, empty queue]] WARN  server.GrpcLogAppender (GrpcLogAppender.java:timeoutAppendRequest(200)) - 8466bef0-9559-4d2e-b20d-aaf3fd2b14fd@group-086F4A8DB6EB->90957f92-0013-496b-a419-9c1212c810e8-GrpcLogAppender: appendEntries Timeout, request=8466bef0-9559-4d2e-b20d-aaf3fd2b14fd->90957f92-0013-496b-a419-9c1212c810e8#74-t2, previous=(t:2, i:21), leaderCommit=16, initializing? false, entries: <empty>
2019-09-12 04:17:11,444 [grpc-default-executor-7] INFO  client.GrpcClientProtocolClient (GrpcClientProtocolClient.java:onNext(264)) - client-B5F51BC26AA5->897fdfd8-a3cb-4c9b-9ef8-a626c4e76414: receive RaftClientReply:client-B5F51BC26AA5->897fdfd8-a3cb-4c9b-9ef8-a626c4e76414@group-086F4A8DB6EB, cid=82, FAILED org.apache.ratis.protocol.NotLeaderException: Server 897fdfd8-a3cb-4c9b-9ef8-a626c4e76414@group-086F4A8DB6EB is not the leader 8466bef0-9559-4d2e-b20d-aaf3fd2b14fd:192.168.34.8:32905, logIndex=0, commits[897fdfd8-a3cb-4c9b-9ef8-a626c4e76414:c16, 90957f92-0013-496b-a419-9c1212c810e8:c12, 8466bef0-9559-4d2e-b20d-aaf3fd2b14fd:c16]
2019-09-12 04:17:12,575 [org.apache.ratis.server.impl.LogAppender$AppenderDaemon$$Lambda$495/740911003@2e00fbf1] ERROR ratis.XceiverServerRatis (XceiverServerRatis.java:triggerPipelineClose(568)) - pipeline Action CLOSE  on pipeline PipelineID=56c965c9-1bab-4552-b305-086f4a8db6eb.Reason : 8466bef0-9559-4d2e-b20d-aaf3fd2b14fd has not seen follower/s 897fdfd8-a3cb-4c9b-9ef8-a626c4e76414 for 137644ms 90957f92-0013-496b-a419-9c1212c810e8 for 137654ms
2019-09-12 04:17:12,575 [org.apache.ratis.server.impl.LogAppender$AppenderDaemon$$Lambda$495/740911003@7e36c73c] ERROR ratis.XceiverServerRatis (XceiverServerRatis.java:triggerPipelineClose(568)) - pipeline Action CLOSE  on pipeline PipelineID=56c965c9-1bab-4552-b305-086f4a8db6eb.Reason : 8466bef0-9559-4d2e-b20d-aaf3fd2b14fd has not seen follower/s 897fdfd8-a3cb-4c9b-9ef8-a626c4e76414 for 137644ms 90957f92-0013-496b-a419-9c1212c810e8 for 137654ms
2019-09-12 04:17:13,074 [java.util.concurrent.ThreadPoolExecutor$Worker@155a4cd5[State = -1, empty queue]] WARN  server.GrpcLogAppender (GrpcLogAppender.java:timeoutAppendRequest(200)) - 8466bef0-9559-4d2e-b20d-aaf3fd2b14fd@group-086F4A8DB6EB->897fdfd8-a3cb-4c9b-9ef8-a626c4e76414-GrpcLogAppender: appendEntries Timeout, request=8466bef0-9559-4d2e-b20d-aaf3fd2b14fd->897fdfd8-a3cb-4c9b-9ef8-a626c4e76414#75-t2, previous=(t:2, i:21), leaderCommit=16, initializing? false, entries: <empty>
2019-09-12 04:17:13,074 [java.util.concurrent.ThreadPoolExecutor$Worker@1335c7b[State = -1, empty queue]] WARN  server.GrpcLogAppender (GrpcLogAppender.java:timeoutAppendRequest(200)) - 8466bef0-9559-4d2e-b20d-aaf3fd2b14fd@group-086F4A8DB6EB->90957f92-0013-496b-a419-9c1212c810e8-GrpcLogAppender: appendEntries Timeout, request=8466bef0-9559-4d2e-b20d-aaf3fd2b14fd->90957f92-0013-496b-a419-9c1212c810e8#75-t2, previous=(t:2, i:21), leaderCommit=16, initializing? false, entries: <empty>
2019-09-12 04:17:13,572 [EventQueue-PipelineActionsForPipelineActionHandler] ERROR pipeline.PipelineActionHandler (PipelineActionHandler.java:onMessage(60)) - Received pipeline action CLOSE for Pipeline[ Id: 56c965c9-1bab-4552-b305-086f4a8db6eb, Nodes: 90957f92-0013-496b-a419-9c1212c810e8{ip: 192.168.34.8, host: pr-hdds-1879-pbs75-1821932185, networkLocation: /default-rack, certSerialId: null}8466bef0-9559-4d2e-b20d-aaf3fd2b14fd{ip: 192.168.34.8, host: pr-hdds-1879-pbs75-1821932185, networkLocation: /default-rack, certSerialId: null}897fdfd8-a3cb-4c9b-9ef8-a626c4e76414{ip: 192.168.34.8, host: pr-hdds-1879-pbs75-1821932185, networkLocation: /default-rack, certSerialId: null}, Type:RATIS, Factor:THREE, State:CLOSED] from datanode 8466bef0-9559-4d2e-b20d-aaf3fd2b14fd{ip: 192.168.34.8, host: pr-hdds-1879-pbs75-1821932185, networkLocation: /default-rack, certSerialId: null}. Reason : 8466bef0-9559-4d2e-b20d-aaf3fd2b14fd has not seen follower/s 897fdfd8-a3cb-4c9b-9ef8-a626c4e76414 for 137644ms 90957f92-0013-496b-a419-9c1212c810e8 for 137654ms
2019-09-12 04:17:13,572 [EventQueue-PipelineActionsForPipelineActionHandler] INFO  pipeline.SCMPipelineManager (SCMPipelineManager.java:finalizeAndDestroyPipeline(311)) - destroying pipeline:Pipeline[ Id: 56c965c9-1bab-4552-b305-086f4a8db6eb, Nodes: 90957f92-0013-496b-a419-9c1212c810e8{ip: 192.168.34.8, host: pr-hdds-1879-pbs75-1821932185, networkLocation: /default-rack, certSerialId: null}8466bef0-9559-4d2e-b20d-aaf3fd2b14fd{ip: 192.168.34.8, host: pr-hdds-1879-pbs75-1821932185, networkLocation: /default-rack, certSerialId: null}897fdfd8-a3cb-4c9b-9ef8-a626c4e76414{ip: 192.168.34.8, host: pr-hdds-1879-pbs75-1821932185, networkLocation: /default-rack, certSerialId: null}, Type:RATIS, Factor:THREE, State:CLOSED]
2019-09-12 04:17:15,075 [org.apache.ratis.server.impl.LogAppender$AppenderDaemon$$Lambda$495/740911003@7e36c73c] ERROR ratis.XceiverServerRatis (XceiverServerRatis.java:triggerPipelineClose(568)) - pipeline Action CLOSE  on pipeline PipelineID=56c965c9-1bab-4552-b305-086f4a8db6eb.Reason : 8466bef0-9559-4d2e-b20d-aaf3fd2b14fd has not seen follower/s 897fdfd8-a3cb-4c9b-9ef8-a626c4e76414 for 140144ms 90957f92-0013-496b-a419-9c1212c810e8 for 140154ms
2019-09-12 04:17:15,076 [org.apache.ratis.server.impl.LogAppender$AppenderDaemon$$Lambda$495/740911003@2e00fbf1] ERROR ratis.XceiverServerRatis (XceiverServerRatis.java:triggerPipelineClose(568)) - pipeline Action CLOSE  on pipeline PipelineID=56c965c9-1bab-4552-b305-086f4a8db6eb.Reason : 8466bef0-9559-4d2e-b20d-aaf3fd2b14fd has not seen follower/s 897fdfd8-a3cb-4c9b-9ef8-a626c4e76414 for 140145ms 90957f92-0013-496b-a419-9c1212c810e8 for 140155ms
2019-09-12 04:17:15,085 [8466bef0-9559-4d2e-b20d-aaf3fd2b14fd@group-086F4A8DB6EB-SegmentedRaftLogWorker] WARN  segmented.SegmentedRaftLogWorker (SegmentedRaftLogWorker.java:getFromFuture(90)) - Timeout 13/~
org.apache.ratis.protocol.TimeoutIOException: Timeout 10s: WriteLog:17: (t:2, i:17), STATEMACHINELOGENTRY, client-B5F51BC26AA5, cid=82-writeStateMachineData
	at org.apache.ratis.util.IOUtils.getFromFuture(IOUtils.java:87)
	at org.apache.ratis.server.raftlog.segmented.SegmentedRaftLogWorker$StateMachineDataPolicy.getFromFuture(SegmentedRaftLogWorker.java:87)
	at org.apache.ratis.server.raftlog.segmented.SegmentedRaftLogWorker$WriteLog.execute(SegmentedRaftLogWorker.java:477)
	at org.apache.ratis.server.raftlog.segmented.SegmentedRaftLogWorker.run(SegmentedRaftLogWorker.java:289)
	at java.lang.Thread.run(Thread.java:748)
Caused by: java.util.concurrent.TimeoutException
	at java.util.concurrent.CompletableFuture.timedGet(CompletableFuture.java:1771)
	at java.util.concurrent.CompletableFuture.get(CompletableFuture.java:1915)
	at org.apache.ratis.util.IOUtils.getFromFuture(IOUtils.java:79)
	... 4 more
2019-09-12 04:17:15,109 [90957f92-0013-496b-a419-9c1212c810e8@group-086F4A8DB6EB-SegmentedRaftLogWorker] WARN  segmented.SegmentedRaftLogWorker (SegmentedRaftLogWorker.java:getFromFuture(90)) - Timeout 13/~
org.apache.ratis.protocol.TimeoutIOException: Timeout 10s: WriteLog:17: (t:2, i:17), STATEMACHINELOGENTRY, client-B5F51BC26AA5, cid=82-writeStateMachineData
	at org.apache.ratis.util.IOUtils.getFromFuture(IOUtils.java:87)
	at org.apache.ratis.server.raftlog.segmented.SegmentedRaftLogWorker$StateMachineDataPolicy.getFromFuture(SegmentedRaftLogWorker.java:87)
	at org.apache.ratis.server.raftlog.segmented.SegmentedRaftLogWorker$WriteLog.execute(SegmentedRaftLogWorker.java:477)
	at org.apache.ratis.server.raftlog.segmented.SegmentedRaftLogWorker.run(SegmentedRaftLogWorker.java:289)
	at java.lang.Thread.run(Thread.java:748)
Caused by: java.util.concurrent.TimeoutException
	at java.util.concurrent.CompletableFuture.timedGet(CompletableFuture.java:1771)
	at java.util.concurrent.CompletableFuture.get(CompletableFuture.java:1915)
	at org.apache.ratis.util.IOUtils.getFromFuture(IOUtils.java:79)
	... 4 more
2019-09-12 04:17:15,301 [897fdfd8-a3cb-4c9b-9ef8-a626c4e76414@group-086F4A8DB6EB-SegmentedRaftLogWorker] WARN  segmented.SegmentedRaftLogWorker (SegmentedRaftLogWorker.java:getFromFuture(90)) - Timeout 13/~
org.apache.ratis.protocol.TimeoutIOException: Timeout 10s: WriteLog:19: (t:2, i:19), STATEMACHINELOGENTRY, client-B5F51BC26AA5, cid=84-writeStateMachineData
	at org.apache.ratis.util.IOUtils.getFromFuture(IOUtils.java:87)
	at org.apache.ratis.server.raftlog.segmented.SegmentedRaftLogWorker$StateMachineDataPolicy.getFromFuture(SegmentedRaftLogWorker.java:87)
	at org.apache.ratis.server.raftlog.segmented.SegmentedRaftLogWorker$WriteLog.execute(SegmentedRaftLogWorker.java:477)
	at org.apache.ratis.server.raftlog.segmented.SegmentedRaftLogWorker.run(SegmentedRaftLogWorker.java:289)
	at java.lang.Thread.run(Thread.java:748)
Caused by: java.util.concurrent.TimeoutException
	at java.util.concurrent.CompletableFuture.timedGet(CompletableFuture.java:1771)
	at java.util.concurrent.CompletableFuture.get(CompletableFuture.java:1915)
	at org.apache.ratis.util.IOUtils.getFromFuture(IOUtils.java:79)
	... 4 more
2019-09-12 04:17:15,572 [EventQueue-PipelineActionsForPipelineActionHandler] ERROR pipeline.PipelineActionHandler (PipelineActionHandler.java:onMessage(60)) - Received pipeline action CLOSE for Pipeline[ Id: 56c965c9-1bab-4552-b305-086f4a8db6eb, Nodes: 90957f92-0013-496b-a419-9c1212c810e8{ip: 192.168.34.8, host: pr-hdds-1879-pbs75-1821932185, networkLocation: /default-rack, certSerialId: null}8466bef0-9559-4d2e-b20d-aaf3fd2b14fd{ip: 192.168.34.8, host: pr-hdds-1879-pbs75-1821932185, networkLocation: /default-rack, certSerialId: null}897fdfd8-a3cb-4c9b-9ef8-a626c4e76414{ip: 192.168.34.8, host: pr-hdds-1879-pbs75-1821932185, networkLocation: /default-rack, certSerialId: null}, Type:RATIS, Factor:THREE, State:CLOSED] from datanode 8466bef0-9559-4d2e-b20d-aaf3fd2b14fd{ip: 192.168.34.8, host: pr-hdds-1879-pbs75-1821932185, networkLocation: /default-rack, certSerialId: null}. Reason : 8466bef0-9559-4d2e-b20d-aaf3fd2b14fd has not seen follower/s 897fdfd8-a3cb-4c9b-9ef8-a626c4e76414 for 140144ms 90957f92-0013-496b-a419-9c1212c810e8 for 140154ms
2019-09-12 04:17:15,572 [EventQueue-PipelineActionsForPipelineActionHandler] INFO  pipeline.SCMPipelineManager (SCMPipelineManager.java:finalizeAndDestroyPipeline(311)) - destroying pipeline:Pipeline[ Id: 56c965c9-1bab-4552-b305-086f4a8db6eb, Nodes: 90957f92-0013-496b-a419-9c1212c810e8{ip: 192.168.34.8, host: pr-hdds-1879-pbs75-1821932185, networkLocation: /default-rack, certSerialId: null}8466bef0-9559-4d2e-b20d-aaf3fd2b14fd{ip: 192.168.34.8, host: pr-hdds-1879-pbs75-1821932185, networkLocation: /default-rack, certSerialId: null}897fdfd8-a3cb-4c9b-9ef8-a626c4e76414{ip: 192.168.34.8, host: pr-hdds-1879-pbs75-1821932185, networkLocation: /default-rack, certSerialId: null}, Type:RATIS, Factor:THREE, State:CLOSED]
2019-09-12 04:17:15,575 [java.util.concurrent.ThreadPoolExecutor$Worker@1335c7b[State = -1, empty queue]] WARN  server.GrpcLogAppender (GrpcLogAppender.java:timeoutAppendRequest(200)) - 8466bef0-9559-4d2e-b20d-aaf3fd2b14fd@group-086F4A8DB6EB->90957f92-0013-496b-a419-9c1212c810e8-GrpcLogAppender: appendEntries Timeout, request=8466bef0-9559-4d2e-b20d-aaf3fd2b14fd->90957f92-0013-496b-a419-9c1212c810e8#76-t2, previous=(t:2, i:21), leaderCommit=16, initializing? false, entries: <empty>
2019-09-12 04:17:15,575 [java.util.concurrent.ThreadPoolExecutor$Worker@155a4cd5[State = -1, empty queue]] WARN  server.GrpcLogAppender (GrpcLogAppender.java:timeoutAppendRequest(200)) - 8466bef0-9559-4d2e-b20d-aaf3fd2b14fd@group-086F4A8DB6EB->897fdfd8-a3cb-4c9b-9ef8-a626c4e76414-GrpcLogAppender: appendEntries Timeout, request=8466bef0-9559-4d2e-b20d-aaf3fd2b14fd->897fdfd8-a3cb-4c9b-9ef8-a626c4e76414#76-t2, previous=(t:2, i:21), leaderCommit=16, initializing? false, entries: <empty>
2019-09-12 04:17:16,158 [grpc-default-executor-6] INFO  impl.RaftServerProxy (RaftServerProxy.java:addNew(89)) - 90957f92-0013-496b-a419-9c1212c810e8: addNew group-6371820A5F4C:[897fdfd8-a3cb-4c9b-9ef8-a626c4e76414:192.168.34.8:43067, 90957f92-0013-496b-a419-9c1212c810e8:192.168.34.8:33479, 8466bef0-9559-4d2e-b20d-aaf3fd2b14fd:192.168.34.8:32905] returns group-6371820A5F4C:java.util.concurrent.CompletableFuture@70d52c39[Not completed]
2019-09-12 04:17:16,158 [grpc-default-executor-7] INFO  impl.RaftServerProxy (RaftServerProxy.java:addNew(89)) - 897fdfd8-a3cb-4c9b-9ef8-a626c4e76414: addNew group-6371820A5F4C:[897fdfd8-a3cb-4c9b-9ef8-a626c4e76414:192.168.34.8:43067, 90957f92-0013-496b-a419-9c1212c810e8:192.168.34.8:33479, 8466bef0-9559-4d2e-b20d-aaf3fd2b14fd:192.168.34.8:32905] returns group-6371820A5F4C:java.util.concurrent.CompletableFuture@7f573cf4[Not completed]
2019-09-12 04:17:16,159 [grpc-default-executor-8] INFO  impl.RaftServerProxy (RaftServerProxy.java:addNew(89)) - 8466bef0-9559-4d2e-b20d-aaf3fd2b14fd: addNew group-6371820A5F4C:[897fdfd8-a3cb-4c9b-9ef8-a626c4e76414:192.168.34.8:43067, 90957f92-0013-496b-a419-9c1212c810e8:192.168.34.8:33479, 8466bef0-9559-4d2e-b20d-aaf3fd2b14fd:192.168.34.8:32905] returns group-6371820A5F4C:java.util.concurrent.CompletableFuture@3352dbc1[Not completed]
2019-09-12 04:17:16,275 [pool-47-thread-1] INFO  impl.RaftServerImpl (RaftServerImpl.java:<init>(95)) - 897fdfd8-a3cb-4c9b-9ef8-a626c4e76414: new RaftServerImpl for group-6371820A5F4C:[897fdfd8-a3cb-4c9b-9ef8-a626c4e76414:192.168.34.8:43067, 90957f92-0013-496b-a419-9c1212c810e8:192.168.34.8:33479, 8466bef0-9559-4d2e-b20d-aaf3fd2b14fd:192.168.34.8:32905] with ContainerStateMachine:uninitialized
2019-09-12 04:17:16,276 [pool-47-thread-1] INFO  server.RaftServerConfigKeys (ConfUtils.java:logGet(43)) - raft.server.rpc.timeout.min = 5s (custom)
2019-09-12 04:17:16,276 [pool-47-thread-1] INFO  server.RaftServerConfigKeys (ConfUtils.java:logGet(43)) - raft.server.rpc.timeout.max = 5200ms (custom)
2019-09-12 04:17:16,276 [pool-47-thread-1] INFO  server.RaftServerConfigKeys (ConfUtils.java:logGet(43)) - raft.server.rpcslowness.timeout = 120s (custom)
2019-09-12 04:17:16,276 [pool-47-thread-1] INFO  server.RaftServerConfigKeys (ConfUtils.java:logGet(43)) - raft.server.sleep.deviation.threshold = 300 (default)
2019-09-12 04:17:16,276 [pool-27-thread-1] INFO  impl.RaftServerImpl (RaftServerImpl.java:<init>(95)) - 90957f92-0013-496b-a419-9c1212c810e8: new RaftServerImpl for group-6371820A5F4C:[897fdfd8-a3cb-4c9b-9ef8-a626c4e76414:192.168.34.8:43067, 90957f92-0013-496b-a419-9c1212c810e8:192.168.34.8:33479, 8466bef0-9559-4d2e-b20d-aaf3fd2b14fd:192.168.34.8:32905] with ContainerStateMachine:uninitialized
2019-09-12 04:17:16,276 [pool-47-thread-1] INFO  server.RaftServerConfigKeys (ConfUtils.java:logGet(43)) - raft.server.log.appender.install.snapshot.enabled = false (custom)
2019-09-12 04:17:16,277 [pool-27-thread-1] INFO  server.RaftServerConfigKeys (ConfUtils.java:logGet(43)) - raft.server.rpc.timeout.min = 5s (custom)
2019-09-12 04:17:16,277 [pool-47-thread-1] INFO  impl.RaftServerImpl (ServerState.java:<init>(103)) - 897fdfd8-a3cb-4c9b-9ef8-a626c4e76414@group-6371820A5F4C: ConfigurationManager, init=-1: [897fdfd8-a3cb-4c9b-9ef8-a626c4e76414:192.168.34.8:43067, 90957f92-0013-496b-a419-9c1212c810e8:192.168.34.8:33479, 8466bef0-9559-4d2e-b20d-aaf3fd2b14fd:192.168.34.8:32905], old=null, confs=<EMPTY_MAP>
2019-09-12 04:17:16,277 [pool-77-thread-1] INFO  impl.RaftServerImpl (RaftServerImpl.java:<init>(95)) - 8466bef0-9559-4d2e-b20d-aaf3fd2b14fd: new RaftServerImpl for group-6371820A5F4C:[897fdfd8-a3cb-4c9b-9ef8-a626c4e76414:192.168.34.8:43067, 90957f92-0013-496b-a419-9c1212c810e8:192.168.34.8:33479, 8466bef0-9559-4d2e-b20d-aaf3fd2b14fd:192.168.34.8:32905] with ContainerStateMachine:uninitialized
2019-09-12 04:17:16,277 [pool-27-thread-1] INFO  server.RaftServerConfigKeys (ConfUtils.java:logGet(43)) - raft.server.rpc.timeout.max = 5200ms (custom)
2019-09-12 04:17:16,277 [pool-47-thread-1] INFO  server.RaftServerConfigKeys (ConfUtils.java:logGet(43)) - raft.server.storage.dir = [/workdir/hadoop-ozone/integration-test/target/test-dir/MiniOzoneClusterImpl-60a3af6c-3451-4a8a-82ad-625647a1d2f0/datanode-2/data/ratis] (custom)
2019-09-12 04:17:16,277 [pool-77-thread-1] INFO  server.RaftServerConfigKeys (ConfUtils.java:logGet(43)) - raft.server.rpc.timeout.min = 5s (custom)
2019-09-12 04:17:16,277 [pool-27-thread-1] INFO  server.RaftServerConfigKeys (ConfUtils.java:logGet(43)) - raft.server.rpcslowness.timeout = 120s (custom)
2019-09-12 04:17:16,278 [pool-77-thread-1] INFO  server.RaftServerConfigKeys (ConfUtils.java:logGet(43)) - raft.server.rpc.timeout.max = 5200ms (custom)
2019-09-12 04:17:16,278 [pool-47-thread-1] INFO  storage.RaftStorageDirectory (RaftStorageDirectory.java:analyzeStorage(246)) - The storage directory /workdir/hadoop-ozone/integration-test/target/test-dir/MiniOzoneClusterImpl-60a3af6c-3451-4a8a-82ad-625647a1d2f0/datanode-2/data/ratis/24a3be0d-b2af-45ba-b6eb-6371820a5f4c does not exist. Creating ...
2019-09-12 04:17:16,278 [pool-27-thread-1] INFO  server.RaftServerConfigKeys (ConfUtils.java:logGet(43)) - raft.server.sleep.deviation.threshold = 300 (default)
2019-09-12 04:17:16,278 [pool-77-thread-1] INFO  server.RaftServerConfigKeys (ConfUtils.java:logGet(43)) - raft.server.rpcslowness.timeout = 120s (custom)
2019-09-12 04:17:16,278 [pool-27-thread-1] INFO  server.RaftServerConfigKeys (ConfUtils.java:logGet(43)) - raft.server.log.appender.install.snapshot.enabled = false (custom)
2019-09-12 04:17:16,278 [pool-77-thread-1] INFO  server.RaftServerConfigKeys (ConfUtils.java:logGet(43)) - raft.server.sleep.deviation.threshold = 300 (default)
2019-09-12 04:17:16,279 [pool-27-thread-1] INFO  impl.RaftServerImpl (ServerState.java:<init>(103)) - 90957f92-0013-496b-a419-9c1212c810e8@group-6371820A5F4C: ConfigurationManager, init=-1: [897fdfd8-a3cb-4c9b-9ef8-a626c4e76414:192.168.34.8:43067, 90957f92-0013-496b-a419-9c1212c810e8:192.168.34.8:33479, 8466bef0-9559-4d2e-b20d-aaf3fd2b14fd:192.168.34.8:32905], old=null, confs=<EMPTY_MAP>
2019-09-12 04:17:16,279 [pool-77-thread-1] INFO  server.RaftServerConfigKeys (ConfUtils.java:logGet(43)) - raft.server.log.appender.install.snapshot.enabled = false (custom)
2019-09-12 04:17:16,279 [pool-27-thread-1] INFO  server.RaftServerConfigKeys (ConfUtils.java:logGet(43)) - raft.server.storage.dir = [/workdir/hadoop-ozone/integration-test/target/test-dir/MiniOzoneClusterImpl-60a3af6c-3451-4a8a-82ad-625647a1d2f0/datanode-0/data/ratis] (custom)
2019-09-12 04:17:16,279 [pool-77-thread-1] INFO  impl.RaftServerImpl (ServerState.java:<init>(103)) - 8466bef0-9559-4d2e-b20d-aaf3fd2b14fd@group-6371820A5F4C: ConfigurationManager, init=-1: [897fdfd8-a3cb-4c9b-9ef8-a626c4e76414:192.168.34.8:43067, 90957f92-0013-496b-a419-9c1212c810e8:192.168.34.8:33479, 8466bef0-9559-4d2e-b20d-aaf3fd2b14fd:192.168.34.8:32905], old=null, confs=<EMPTY_MAP>
2019-09-12 04:17:16,279 [pool-77-thread-1] INFO  server.RaftServerConfigKeys (ConfUtils.java:logGet(43)) - raft.server.storage.dir = [/workdir/hadoop-ozone/integration-test/target/test-dir/MiniOzoneClusterImpl-60a3af6c-3451-4a8a-82ad-625647a1d2f0/datanode-5/data/ratis] (custom)
2019-09-12 04:17:16,279 [pool-27-thread-1] INFO  storage.RaftStorageDirectory (RaftStorageDirectory.java:analyzeStorage(246)) - The storage directory /workdir/hadoop-ozone/integration-test/target/test-dir/MiniOzoneClusterImpl-60a3af6c-3451-4a8a-82ad-625647a1d2f0/datanode-0/data/ratis/24a3be0d-b2af-45ba-b6eb-6371820a5f4c does not exist. Creating ...
2019-09-12 04:17:16,280 [pool-77-thread-1] INFO  storage.RaftStorageDirectory (RaftStorageDirectory.java:analyzeStorage(246)) - The storage directory /workdir/hadoop-ozone/integration-test/target/test-dir/MiniOzoneClusterImpl-60a3af6c-3451-4a8a-82ad-625647a1d2f0/datanode-5/data/ratis/24a3be0d-b2af-45ba-b6eb-6371820a5f4c does not exist. Creating ...
2019-09-12 04:17:16,325 [pool-77-thread-1] INFO  storage.RaftStorageDirectory (RaftStorageDirectory.java:tryLock(328)) - Lock on /workdir/hadoop-ozone/integration-test/target/test-dir/MiniOzoneClusterImpl-60a3af6c-3451-4a8a-82ad-625647a1d2f0/datanode-5/data/ratis/24a3be0d-b2af-45ba-b6eb-6371820a5f4c/in_use.lock acquired by nodename 19026@pr-hdds-1879-pbs75-1821932185
2019-09-12 04:17:16,325 [pool-27-thread-1] INFO  storage.RaftStorageDirectory (RaftStorageDirectory.java:tryLock(328)) - Lock on /workdir/hadoop-ozone/integration-test/target/test-dir/MiniOzoneClusterImpl-60a3af6c-3451-4a8a-82ad-625647a1d2f0/datanode-0/data/ratis/24a3be0d-b2af-45ba-b6eb-6371820a5f4c/in_use.lock acquired by nodename 19026@pr-hdds-1879-pbs75-1821932185
2019-09-12 04:17:16,325 [pool-47-thread-1] INFO  storage.RaftStorageDirectory (RaftStorageDirectory.java:tryLock(328)) - Lock on /workdir/hadoop-ozone/integration-test/target/test-dir/MiniOzoneClusterImpl-60a3af6c-3451-4a8a-82ad-625647a1d2f0/datanode-2/data/ratis/24a3be0d-b2af-45ba-b6eb-6371820a5f4c/in_use.lock acquired by nodename 19026@pr-hdds-1879-pbs75-1821932185
2019-09-12 04:17:16,394 [pool-47-thread-1] INFO  storage.RaftStorage (RaftStorage.java:format(72)) - Storage directory /workdir/hadoop-ozone/integration-test/target/test-dir/MiniOzoneClusterImpl-60a3af6c-3451-4a8a-82ad-625647a1d2f0/datanode-2/data/ratis/24a3be0d-b2af-45ba-b6eb-6371820a5f4c has been successfully formatted.
2019-09-12 04:17:16,394 [pool-77-thread-1] INFO  storage.RaftStorage (RaftStorage.java:format(72)) - Storage directory /workdir/hadoop-ozone/integration-test/target/test-dir/MiniOzoneClusterImpl-60a3af6c-3451-4a8a-82ad-625647a1d2f0/datanode-5/data/ratis/24a3be0d-b2af-45ba-b6eb-6371820a5f4c has been successfully formatted.
2019-09-12 04:17:16,394 [pool-27-thread-1] INFO  storage.RaftStorage (RaftStorage.java:format(72)) - Storage directory /workdir/hadoop-ozone/integration-test/target/test-dir/MiniOzoneClusterImpl-60a3af6c-3451-4a8a-82ad-625647a1d2f0/datanode-0/data/ratis/24a3be0d-b2af-45ba-b6eb-6371820a5f4c has been successfully formatted.
2019-09-12 04:17:16,394 [pool-77-thread-1] INFO  ratis.ContainerStateMachine (ContainerStateMachine.java:loadSnapshot(230)) - group-6371820A5F4C: The snapshot info is null. Setting the last applied indexto:(t:0, i:~)
2019-09-12 04:17:16,394 [pool-47-thread-1] INFO  ratis.ContainerStateMachine (ContainerStateMachine.java:loadSnapshot(230)) - group-6371820A5F4C: The snapshot info is null. Setting the last applied indexto:(t:0, i:~)
2019-09-12 04:17:16,395 [pool-27-thread-1] INFO  ratis.ContainerStateMachine (ContainerStateMachine.java:loadSnapshot(230)) - group-6371820A5F4C: The snapshot info is null. Setting the last applied indexto:(t:0, i:~)
2019-09-12 04:17:16,395 [pool-77-thread-1] INFO  server.RaftServerConfigKeys (ConfUtils.java:logGet(43)) - raft.server.notification.no-leader.timeout = 120s (custom)
2019-09-12 04:17:16,395 [pool-27-thread-1] INFO  server.RaftServerConfigKeys (ConfUtils.java:logGet(43)) - raft.server.notification.no-leader.timeout = 120s (custom)
2019-09-12 04:17:16,395 [pool-47-thread-1] INFO  server.RaftServerConfigKeys (ConfUtils.java:logGet(43)) - raft.server.notification.no-leader.timeout = 120s (custom)
2019-09-12 04:17:16,395 [pool-27-thread-1] INFO  server.RaftServerConfigKeys (ConfUtils.java:logGet(43)) - raft.server.log.use.memory = false (default)
2019-09-12 04:17:16,395 [pool-77-thread-1] INFO  server.RaftServerConfigKeys (ConfUtils.java:logGet(43)) - raft.server.log.use.memory = false (default)
2019-09-12 04:17:16,395 [pool-27-thread-1] INFO  server.RaftServerConfigKeys (ConfUtils.java:logGet(43)) - raft.server.log.purge.gap = 1000000 (custom)
2019-09-12 04:17:16,395 [pool-47-thread-1] INFO  server.RaftServerConfigKeys (ConfUtils.java:logGet(43)) - raft.server.log.use.memory = false (default)
2019-09-12 04:17:16,396 [pool-27-thread-1] INFO  server.RaftServerConfigKeys (ConfUtils.java:logGet(43)) - raft.server.log.appender.buffer.byte-limit = 33554432 (custom)
2019-09-12 04:17:16,395 [pool-77-thread-1] INFO  server.RaftServerConfigKeys (ConfUtils.java:logGet(43)) - raft.server.log.purge.gap = 1000000 (custom)
2019-09-12 04:17:16,396 [pool-27-thread-1] INFO  server.RaftServerConfigKeys (ConfUtils.java:logGet(43)) - raft.server.log.segment.size.max = 1048576 (custom)
2019-09-12 04:17:16,396 [pool-47-thread-1] INFO  server.RaftServerConfigKeys (ConfUtils.java:logGet(43)) - raft.server.log.purge.gap = 1000000 (custom)
2019-09-12 04:17:16,396 [pool-27-thread-1] INFO  server.RaftServerConfigKeys (ConfUtils.java:logGet(43)) - raft.server.log.segment.cache.num.max = 2 (custom)
2019-09-12 04:17:16,396 [pool-77-thread-1] INFO  server.RaftServerConfigKeys (ConfUtils.java:logGet(43)) - raft.server.log.appender.buffer.byte-limit = 33554432 (custom)
2019-09-12 04:17:16,396 [pool-27-thread-1] INFO  segmented.SegmentedRaftLogWorker (SegmentedRaftLogWorker.java:<init>(172)) - new 90957f92-0013-496b-a419-9c1212c810e8@group-6371820A5F4C-SegmentedRaftLogWorker for RaftStorage:Storage Directory /workdir/hadoop-ozone/integration-test/target/test-dir/MiniOzoneClusterImpl-60a3af6c-3451-4a8a-82ad-625647a1d2f0/datanode-0/data/ratis/24a3be0d-b2af-45ba-b6eb-6371820a5f4c
2019-09-12 04:17:16,396 [pool-47-thread-1] INFO  server.RaftServerConfigKeys (ConfUtils.java:logGet(43)) - raft.server.log.appender.buffer.byte-limit = 33554432 (custom)
2019-09-12 04:17:16,397 [pool-27-thread-1] INFO  server.RaftServerConfigKeys (ConfUtils.java:logGet(43)) - raft.server.log.queue.byte-limit = 2147483647 (custom)
2019-09-12 04:17:16,396 [pool-77-thread-1] INFO  server.RaftServerConfigKeys (ConfUtils.java:logGet(43)) - raft.server.log.segment.size.max = 1048576 (custom)
2019-09-12 04:17:16,397 [pool-27-thread-1] INFO  server.RaftServerConfigKeys (ConfUtils.java:logGet(43)) - raft.server.log.queue.element-limit = 1024 (custom)
2019-09-12 04:17:16,397 [pool-47-thread-1] INFO  server.RaftServerConfigKeys (ConfUtils.java:logGet(43)) - raft.server.log.segment.size.max = 1048576 (custom)
2019-09-12 04:17:16,397 [pool-27-thread-1] INFO  server.RaftServerConfigKeys (ConfUtils.java:logGet(43)) - raft.server.log.segment.size.max = 1048576 (custom)
2019-09-12 04:17:16,397 [pool-77-thread-1] INFO  server.RaftServerConfigKeys (ConfUtils.java:logGet(43)) - raft.server.log.segment.cache.num.max = 2 (custom)
2019-09-12 04:17:16,397 [pool-27-thread-1] INFO  server.RaftServerConfigKeys (ConfUtils.java:logGet(43)) - raft.server.log.preallocated.size = 16384 (custom)
2019-09-12 04:17:16,397 [pool-47-thread-1] INFO  server.RaftServerConfigKeys (ConfUtils.java:logGet(43)) - raft.server.log.segment.cache.num.max = 2 (custom)
2019-09-12 04:17:16,398 [pool-27-thread-1] INFO  server.RaftServerConfigKeys (ConfUtils.java:logGet(43)) - raft.server.log.write.buffer.size = 33554432 (custom)
2019-09-12 04:17:16,397 [pool-77-thread-1] INFO  segmented.SegmentedRaftLogWorker (SegmentedRaftLogWorker.java:<init>(172)) - new 8466bef0-9559-4d2e-b20d-aaf3fd2b14fd@group-6371820A5F4C-SegmentedRaftLogWorker for RaftStorage:Storage Directory /workdir/hadoop-ozone/integration-test/target/test-dir/MiniOzoneClusterImpl-60a3af6c-3451-4a8a-82ad-625647a1d2f0/datanode-5/data/ratis/24a3be0d-b2af-45ba-b6eb-6371820a5f4c
2019-09-12 04:17:16,398 [pool-27-thread-1] INFO  server.RaftServerConfigKeys (ConfUtils.java:logGet(43)) - raft.server.log.force.sync.num = 128 (default)
2019-09-12 04:17:16,398 [pool-47-thread-1] INFO  segmented.SegmentedRaftLogWorker (SegmentedRaftLogWorker.java:<init>(172)) - new 897fdfd8-a3cb-4c9b-9ef8-a626c4e76414@group-6371820A5F4C-SegmentedRaftLogWorker for RaftStorage:Storage Directory /workdir/hadoop-ozone/integration-test/target/test-dir/MiniOzoneClusterImpl-60a3af6c-3451-4a8a-82ad-625647a1d2f0/datanode-2/data/ratis/24a3be0d-b2af-45ba-b6eb-6371820a5f4c
2019-09-12 04:17:16,398 [pool-27-thread-1] INFO  server.RaftServerConfigKeys (ConfUtils.java:logGet(43)) - raft.server.log.statemachine.data.sync = true (default)
2019-09-12 04:17:16,398 [pool-77-thread-1] INFO  server.RaftServerConfigKeys (ConfUtils.java:logGet(43)) - raft.server.log.queue.byte-limit = 2147483647 (custom)
2019-09-12 04:17:16,398 [pool-27-thread-1] INFO  server.RaftServerConfigKeys (ConfUtils.java:logGet(43)) - raft.server.log.statemachine.data.sync.timeout = 10s (default)
2019-09-12 04:17:16,398 [pool-47-thread-1] INFO  server.RaftServerConfigKeys (ConfUtils.java:logGet(43)) - raft.server.log.queue.byte-limit = 2147483647 (custom)
2019-09-12 04:17:16,399 [pool-27-thread-1] INFO  server.RaftServerConfigKeys (ConfUtils.java:logGet(43)) - raft.server.log.statemachine.data.sync.timeout.retry = -1 (default)
2019-09-12 04:17:16,398 [pool-77-thread-1] INFO  server.RaftServerConfigKeys (ConfUtils.java:logGet(43)) - raft.server.log.queue.element-limit = 1024 (custom)
2019-09-12 04:17:16,399 [pool-27-thread-1] INFO  server.RaftServerConfigKeys (ConfUtils.java:logGet(43)) - raft.server.log.statemachine.data.caching.enabled = true (custom)
2019-09-12 04:17:16,399 [pool-47-thread-1] INFO  server.RaftServerConfigKeys (ConfUtils.java:logGet(43)) - raft.server.log.queue.element-limit = 1024 (custom)
2019-09-12 04:17:16,399 [pool-77-thread-1] INFO  server.RaftServerConfigKeys (ConfUtils.java:logGet(43)) - raft.server.log.segment.size.max = 1048576 (custom)
2019-09-12 04:17:16,399 [pool-27-thread-1] INFO  segmented.SegmentedRaftLogWorker (SegmentedRaftLogWorker.java:lambda$new$0(132)) - 90957f92-0013-496b-a419-9c1212c810e8@group-6371820A5F4C-SegmentedRaftLogWorker: flushIndex: setUnconditionally 0 -> -1
2019-09-12 04:17:16,399 [pool-47-thread-1] INFO  server.RaftServerConfigKeys (ConfUtils.java:logGet(43)) - raft.server.log.segment.size.max = 1048576 (custom)
2019-09-12 04:17:16,399 [pool-77-thread-1] INFO  server.RaftServerConfigKeys (ConfUtils.java:logGet(43)) - raft.server.log.preallocated.size = 16384 (custom)
2019-09-12 04:17:16,400 [pool-27-thread-1] INFO  server.RaftServerConfigKeys (ConfUtils.java:logGet(43)) - raft.server.snapshot.auto.trigger.enabled = true (custom)
2019-09-12 04:17:16,400 [pool-47-thread-1] INFO  server.RaftServerConfigKeys (ConfUtils.java:logGet(43)) - raft.server.log.preallocated.size = 16384 (custom)
2019-09-12 04:17:16,400 [pool-27-thread-1] INFO  server.RaftServerConfigKeys (ConfUtils.java:logGet(43)) - raft.server.snapshot.auto.trigger.threshold = 10000 (custom)
2019-09-12 04:17:16,400 [pool-27-thread-1] INFO  server.RaftServerConfigKeys (ConfUtils.java:logGet(43)) - raft.server.snapshot.retention.num.files = -1 (default)
2019-09-12 04:17:16,400 [pool-77-thread-1] INFO  server.RaftServerConfigKeys (ConfUtils.java:logGet(43)) - raft.server.log.write.buffer.size = 33554432 (custom)
2019-09-12 04:17:16,400 [pool-27-thread-1] INFO  server.RaftServerConfigKeys (ConfUtils.java:logGet(43)) - raft.server.retrycache.expirytime = 600000ms (custom)
2019-09-12 04:17:16,400 [pool-47-thread-1] INFO  server.RaftServerConfigKeys (ConfUtils.java:logGet(43)) - raft.server.log.write.buffer.size = 33554432 (custom)
2019-09-12 04:17:16,401 [pool-47-thread-1] INFO  server.RaftServerConfigKeys (ConfUtils.java:logGet(43)) - raft.server.log.force.sync.num = 128 (default)
2019-09-12 04:17:16,400 [pool-77-thread-1] INFO  server.RaftServerConfigKeys (ConfUtils.java:logGet(43)) - raft.server.log.force.sync.num = 128 (default)
2019-09-12 04:17:16,401 [pool-47-thread-1] INFO  server.RaftServerConfigKeys (ConfUtils.java:logGet(43)) - raft.server.log.statemachine.data.sync = true (default)
2019-09-12 04:17:16,401 [pool-77-thread-1] INFO  server.RaftServerConfigKeys (ConfUtils.java:logGet(43)) - raft.server.log.statemachine.data.sync = true (default)
2019-09-12 04:17:16,401 [pool-47-thread-1] INFO  server.RaftServerConfigKeys (ConfUtils.java:logGet(43)) - raft.server.log.statemachine.data.sync.timeout = 10s (default)
2019-09-12 04:17:16,401 [pool-77-thread-1] INFO  server.RaftServerConfigKeys (ConfUtils.java:logGet(43)) - raft.server.log.statemachine.data.sync.timeout = 10s (default)
2019-09-12 04:17:16,402 [pool-47-thread-1] INFO  server.RaftServerConfigKeys (ConfUtils.java:logGet(43)) - raft.server.log.statemachine.data.sync.timeout.retry = -1 (default)
2019-09-12 04:17:16,402 [pool-77-thread-1] INFO  server.RaftServerConfigKeys (ConfUtils.java:logGet(43)) - raft.server.log.statemachine.data.sync.timeout.retry = -1 (default)
2019-09-12 04:17:16,402 [pool-47-thread-1] INFO  server.RaftServerConfigKeys (ConfUtils.java:logGet(43)) - raft.server.log.statemachine.data.caching.enabled = true (custom)
2019-09-12 04:17:16,402 [pool-77-thread-1] INFO  server.RaftServerConfigKeys (ConfUtils.java:logGet(43)) - raft.server.log.statemachine.data.caching.enabled = true (custom)
2019-09-12 04:17:16,402 [pool-47-thread-1] INFO  segmented.SegmentedRaftLogWorker (SegmentedRaftLogWorker.java:lambda$new$0(132)) - 897fdfd8-a3cb-4c9b-9ef8-a626c4e76414@group-6371820A5F4C-SegmentedRaftLogWorker: flushIndex: setUnconditionally 0 -> -1
2019-09-12 04:17:16,402 [pool-77-thread-1] INFO  segmented.SegmentedRaftLogWorker (SegmentedRaftLogWorker.java:lambda$new$0(132)) - 8466bef0-9559-4d2e-b20d-aaf3fd2b14fd@group-6371820A5F4C-SegmentedRaftLogWorker: flushIndex: setUnconditionally 0 -> -1
2019-09-12 04:17:16,403 [pool-47-thread-1] INFO  server.RaftServerConfigKeys (ConfUtils.java:logGet(43)) - raft.server.snapshot.auto.trigger.enabled = true (custom)
2019-09-12 04:17:16,403 [pool-47-thread-1] INFO  server.RaftServerConfigKeys (ConfUtils.java:logGet(43)) - raft.server.snapshot.auto.trigger.threshold = 10000 (custom)
2019-09-12 04:17:16,403 [pool-77-thread-1] INFO  server.RaftServerConfigKeys (ConfUtils.java:logGet(43)) - raft.server.snapshot.auto.trigger.enabled = true (custom)
2019-09-12 04:17:16,403 [pool-47-thread-1] INFO  server.RaftServerConfigKeys (ConfUtils.java:logGet(43)) - raft.server.snapshot.retention.num.files = -1 (default)
2019-09-12 04:17:16,403 [pool-77-thread-1] INFO  server.RaftServerConfigKeys (ConfUtils.java:logGet(43)) - raft.server.snapshot.auto.trigger.threshold = 10000 (custom)
2019-09-12 04:17:16,403 [pool-47-thread-1] INFO  server.RaftServerConfigKeys (ConfUtils.java:logGet(43)) - raft.server.retrycache.expirytime = 600000ms (custom)
2019-09-12 04:17:16,403 [pool-77-thread-1] INFO  server.RaftServerConfigKeys (ConfUtils.java:logGet(43)) - raft.server.snapshot.retention.num.files = -1 (default)
2019-09-12 04:17:16,403 [pool-77-thread-1] INFO  server.RaftServerConfigKeys (ConfUtils.java:logGet(43)) - raft.server.retrycache.expirytime = 600000ms (custom)
2019-09-12 04:17:16,404 [pool-27-thread-1] INFO  impl.RaftServerImpl (RaftServerImpl.java:start(185)) - 90957f92-0013-496b-a419-9c1212c810e8@group-6371820A5F4C: start as a follower, conf=-1: [897fdfd8-a3cb-4c9b-9ef8-a626c4e76414:192.168.34.8:43067, 90957f92-0013-496b-a419-9c1212c810e8:192.168.34.8:33479, 8466bef0-9559-4d2e-b20d-aaf3fd2b14fd:192.168.34.8:32905], old=null
2019-09-12 04:17:16,404 [pool-27-thread-1] INFO  impl.RaftServerImpl (RaftServerImpl.java:setRole(174)) - 90957f92-0013-496b-a419-9c1212c810e8@group-6371820A5F4C: changes role from      null to FOLLOWER at term 0 for startAsFollower
2019-09-12 04:17:16,404 [pool-27-thread-1] INFO  impl.RoleInfo (RoleInfo.java:updateAndGet(143)) - 90957f92-0013-496b-a419-9c1212c810e8: start FollowerState
2019-09-12 04:17:16,405 [pool-27-thread-1] INFO  util.JmxRegister (JmxRegister.java:tryRegister(44)) - Successfully registered JMX Bean with object name Ratis:service=RaftServer,group=group-6371820A5F4C,id=90957f92-0013-496b-a419-9c1212c810e8
2019-09-12 04:17:16,407 [pool-47-thread-1] INFO  impl.RaftServerImpl (RaftServerImpl.java:start(185)) - 897fdfd8-a3cb-4c9b-9ef8-a626c4e76414@group-6371820A5F4C: start as a follower, conf=-1: [897fdfd8-a3cb-4c9b-9ef8-a626c4e76414:192.168.34.8:43067, 90957f92-0013-496b-a419-9c1212c810e8:192.168.34.8:33479, 8466bef0-9559-4d2e-b20d-aaf3fd2b14fd:192.168.34.8:32905], old=null
2019-09-12 04:17:16,407 [pool-47-thread-1] INFO  impl.RaftServerImpl (RaftServerImpl.java:setRole(174)) - 897fdfd8-a3cb-4c9b-9ef8-a626c4e76414@group-6371820A5F4C: changes role from      null to FOLLOWER at term 0 for startAsFollower
2019-09-12 04:17:16,407 [pool-47-thread-1] INFO  impl.RoleInfo (RoleInfo.java:updateAndGet(143)) - 897fdfd8-a3cb-4c9b-9ef8-a626c4e76414: start FollowerState
2019-09-12 04:17:16,407 [pool-77-thread-1] INFO  impl.RaftServerImpl (RaftServerImpl.java:start(185)) - 8466bef0-9559-4d2e-b20d-aaf3fd2b14fd@group-6371820A5F4C: start as a follower, conf=-1: [897fdfd8-a3cb-4c9b-9ef8-a626c4e76414:192.168.34.8:43067, 90957f92-0013-496b-a419-9c1212c810e8:192.168.34.8:33479, 8466bef0-9559-4d2e-b20d-aaf3fd2b14fd:192.168.34.8:32905], old=null
2019-09-12 04:17:16,407 [pool-77-thread-1] INFO  impl.RaftServerImpl (RaftServerImpl.java:setRole(174)) - 8466bef0-9559-4d2e-b20d-aaf3fd2b14fd@group-6371820A5F4C: changes role from      null to FOLLOWER at term 0 for startAsFollower
2019-09-12 04:17:16,407 [pool-47-thread-1] INFO  util.JmxRegister (JmxRegister.java:tryRegister(44)) - Successfully registered JMX Bean with object name Ratis:service=RaftServer,group=group-6371820A5F4C,id=897fdfd8-a3cb-4c9b-9ef8-a626c4e76414
2019-09-12 04:17:16,407 [pool-77-thread-1] INFO  impl.RoleInfo (RoleInfo.java:updateAndGet(143)) - 8466bef0-9559-4d2e-b20d-aaf3fd2b14fd: start FollowerState
2019-09-12 04:17:16,408 [pool-77-thread-1] INFO  util.JmxRegister (JmxRegister.java:tryRegister(44)) - Successfully registered JMX Bean with object name Ratis:service=RaftServer,group=group-6371820A5F4C,id=8466bef0-9559-4d2e-b20d-aaf3fd2b14fd
2019-09-12 04:17:16,410 [RatisPipelineUtilsThread] INFO  pipeline.PipelineStateManager (PipelineStateManager.java:addPipeline(56)) - Created pipeline Pipeline[ Id: 24a3be0d-b2af-45ba-b6eb-6371820a5f4c, Nodes: 90957f92-0013-496b-a419-9c1212c810e8{ip: 192.168.34.8, host: pr-hdds-1879-pbs75-1821932185, networkLocation: /default-rack, certSerialId: null}8466bef0-9559-4d2e-b20d-aaf3fd2b14fd{ip: 192.168.34.8, host: pr-hdds-1879-pbs75-1821932185, networkLocation: /default-rack, certSerialId: null}897fdfd8-a3cb-4c9b-9ef8-a626c4e76414{ip: 192.168.34.8, host: pr-hdds-1879-pbs75-1821932185, networkLocation: /default-rack, certSerialId: null}, Type:RATIS, Factor:THREE, State:OPEN]
2019-09-12 04:17:16,491 [grpc-default-executor-7] INFO  client.GrpcClientProtocolClient (GrpcClientProtocolClient.java:onNext(264)) - client-B5F51BC26AA5->897fdfd8-a3cb-4c9b-9ef8-a626c4e76414: receive RaftClientReply:client-B5F51BC26AA5->897fdfd8-a3cb-4c9b-9ef8-a626c4e76414@group-086F4A8DB6EB, cid=82, FAILED org.apache.ratis.protocol.NotLeaderException: Server 897fdfd8-a3cb-4c9b-9ef8-a626c4e76414@group-086F4A8DB6EB is not the leader 8466bef0-9559-4d2e-b20d-aaf3fd2b14fd:192.168.34.8:32905, logIndex=0, commits[897fdfd8-a3cb-4c9b-9ef8-a626c4e76414:c16, 90957f92-0013-496b-a419-9c1212c810e8:c12, 8466bef0-9559-4d2e-b20d-aaf3fd2b14fd:c16]
2019-09-12 04:17:17,576 [org.apache.ratis.server.impl.LogAppender$AppenderDaemon$$Lambda$495/740911003@7e36c73c] ERROR ratis.XceiverServerRatis (XceiverServerRatis.java:triggerPipelineClose(568)) - pipeline Action CLOSE  on pipeline PipelineID=56c965c9-1bab-4552-b305-086f4a8db6eb.Reason : 8466bef0-9559-4d2e-b20d-aaf3fd2b14fd has not seen follower/s 897fdfd8-a3cb-4c9b-9ef8-a626c4e76414 for 142645ms 90957f92-0013-496b-a419-9c1212c810e8 for 142655ms
2019-09-12 04:17:17,576 [org.apache.ratis.server.impl.LogAppender$AppenderDaemon$$Lambda$495/740911003@2e00fbf1] ERROR ratis.XceiverServerRatis (XceiverServerRatis.java:triggerPipelineClose(568)) - pipeline Action CLOSE  on pipeline PipelineID=56c965c9-1bab-4552-b305-086f4a8db6eb.Reason : 8466bef0-9559-4d2e-b20d-aaf3fd2b14fd has not seen follower/s 897fdfd8-a3cb-4c9b-9ef8-a626c4e76414 for 142645ms 90957f92-0013-496b-a419-9c1212c810e8 for 142656ms
2019-09-12 04:17:18,075 [java.util.concurrent.ThreadPoolExecutor$Worker@155a4cd5[State = -1, empty queue]] WARN  server.GrpcLogAppender (GrpcLogAppender.java:timeoutAppendRequest(200)) - 8466bef0-9559-4d2e-b20d-aaf3fd2b14fd@group-086F4A8DB6EB->897fdfd8-a3cb-4c9b-9ef8-a626c4e76414-GrpcLogAppender: appendEntries Timeout, request=8466bef0-9559-4d2e-b20d-aaf3fd2b14fd->897fdfd8-a3cb-4c9b-9ef8-a626c4e76414#77-t2, previous=(t:2, i:21), leaderCommit=16, initializing? false, entries: <empty>
2019-09-12 04:17:18,076 [java.util.concurrent.ThreadPoolExecutor$Worker@1335c7b[State = -1, empty queue]] WARN  server.GrpcLogAppender (GrpcLogAppender.java:timeoutAppendRequest(200)) - 8466bef0-9559-4d2e-b20d-aaf3fd2b14fd@group-086F4A8DB6EB->90957f92-0013-496b-a419-9c1212c810e8-GrpcLogAppender: appendEntries Timeout, request=8466bef0-9559-4d2e-b20d-aaf3fd2b14fd->90957f92-0013-496b-a419-9c1212c810e8#77-t2, previous=(t:2, i:21), leaderCommit=16, initializing? false, entries: <empty>
2019-09-12 04:17:18,572 [EventQueue-PipelineActionsForPipelineActionHandler] ERROR pipeline.PipelineActionHandler (PipelineActionHandler.java:onMessage(60)) - Received pipeline action CLOSE for Pipeline[ Id: 56c965c9-1bab-4552-b305-086f4a8db6eb, Nodes: 90957f92-0013-496b-a419-9c1212c810e8{ip: 192.168.34.8, host: pr-hdds-1879-pbs75-1821932185, networkLocation: /default-rack, certSerialId: null}8466bef0-9559-4d2e-b20d-aaf3fd2b14fd{ip: 192.168.34.8, host: pr-hdds-1879-pbs75-1821932185, networkLocation: /default-rack, certSerialId: null}897fdfd8-a3cb-4c9b-9ef8-a626c4e76414{ip: 192.168.34.8, host: pr-hdds-1879-pbs75-1821932185, networkLocation: /default-rack, certSerialId: null}, Type:RATIS, Factor:THREE, State:CLOSED] from datanode 8466bef0-9559-4d2e-b20d-aaf3fd2b14fd{ip: 192.168.34.8, host: pr-hdds-1879-pbs75-1821932185, networkLocation: /default-rack, certSerialId: null}. Reason : 8466bef0-9559-4d2e-b20d-aaf3fd2b14fd has not seen follower/s 897fdfd8-a3cb-4c9b-9ef8-a626c4e76414 for 142645ms 90957f92-0013-496b-a419-9c1212c810e8 for 142655ms
2019-09-12 04:17:18,572 [EventQueue-PipelineActionsForPipelineActionHandler] INFO  pipeline.SCMPipelineManager (SCMPipelineManager.java:finalizeAndDestroyPipeline(311)) - destroying pipeline:Pipeline[ Id: 56c965c9-1bab-4552-b305-086f4a8db6eb, Nodes: 90957f92-0013-496b-a419-9c1212c810e8{ip: 192.168.34.8, host: pr-hdds-1879-pbs75-1821932185, networkLocation: /default-rack, certSerialId: null}8466bef0-9559-4d2e-b20d-aaf3fd2b14fd{ip: 192.168.34.8, host: pr-hdds-1879-pbs75-1821932185, networkLocation: /default-rack, certSerialId: null}897fdfd8-a3cb-4c9b-9ef8-a626c4e76414{ip: 192.168.34.8, host: pr-hdds-1879-pbs75-1821932185, networkLocation: /default-rack, certSerialId: null}, Type:RATIS, Factor:THREE, State:CLOSED]
2019-09-12 04:17:20,076 [org.apache.ratis.server.impl.LogAppender$AppenderDaemon$$Lambda$495/740911003@7e36c73c] ERROR ratis.XceiverServerRatis (XceiverServerRatis.java:triggerPipelineClose(568)) - pipeline Action CLOSE  on pipeline PipelineID=56c965c9-1bab-4552-b305-086f4a8db6eb.Reason : 8466bef0-9559-4d2e-b20d-aaf3fd2b14fd has not seen follower/s 897fdfd8-a3cb-4c9b-9ef8-a626c4e76414 for 145146ms 90957f92-0013-496b-a419-9c1212c810e8 for 145156ms
2019-09-12 04:17:20,077 [org.apache.ratis.server.impl.LogAppender$AppenderDaemon$$Lambda$495/740911003@2e00fbf1] ERROR ratis.XceiverServerRatis (XceiverServerRatis.java:triggerPipelineClose(568)) - pipeline Action CLOSE  on pipeline PipelineID=56c965c9-1bab-4552-b305-086f4a8db6eb.Reason : 8466bef0-9559-4d2e-b20d-aaf3fd2b14fd has not seen follower/s 897fdfd8-a3cb-4c9b-9ef8-a626c4e76414 for 145146ms 90957f92-0013-496b-a419-9c1212c810e8 for 145156ms
2019-09-12 04:17:20,572 [EventQueue-PipelineActionsForPipelineActionHandler] ERROR pipeline.PipelineActionHandler (PipelineActionHandler.java:onMessage(60)) - Received pipeline action CLOSE for Pipeline[ Id: 56c965c9-1bab-4552-b305-086f4a8db6eb, Nodes: 90957f92-0013-496b-a419-9c1212c810e8{ip: 192.168.34.8, host: pr-hdds-1879-pbs75-1821932185, networkLocation: /default-rack, certSerialId: null}8466bef0-9559-4d2e-b20d-aaf3fd2b14fd{ip: 192.168.34.8, host: pr-hdds-1879-pbs75-1821932185, networkLocation: /default-rack, certSerialId: null}897fdfd8-a3cb-4c9b-9ef8-a626c4e76414{ip: 192.168.34.8, host: pr-hdds-1879-pbs75-1821932185, networkLocation: /default-rack, certSerialId: null}, Type:RATIS, Factor:THREE, State:CLOSED] from datanode 8466bef0-9559-4d2e-b20d-aaf3fd2b14fd{ip: 192.168.34.8, host: pr-hdds-1879-pbs75-1821932185, networkLocation: /default-rack, certSerialId: null}. Reason : 8466bef0-9559-4d2e-b20d-aaf3fd2b14fd has not seen follower/s 897fdfd8-a3cb-4c9b-9ef8-a626c4e76414 for 145146ms 90957f92-0013-496b-a419-9c1212c810e8 for 145156ms
2019-09-12 04:17:20,572 [EventQueue-PipelineActionsForPipelineActionHandler] INFO  pipeline.SCMPipelineManager (SCMPipelineManager.java:finalizeAndDestroyPipeline(311)) - destroying pipeline:Pipeline[ Id: 56c965c9-1bab-4552-b305-086f4a8db6eb, Nodes: 90957f92-0013-496b-a419-9c1212c810e8{ip: 192.168.34.8, host: pr-hdds-1879-pbs75-1821932185, networkLocation: /default-rack, certSerialId: null}8466bef0-9559-4d2e-b20d-aaf3fd2b14fd{ip: 192.168.34.8, host: pr-hdds-1879-pbs75-1821932185, networkLocation: /default-rack, certSerialId: null}897fdfd8-a3cb-4c9b-9ef8-a626c4e76414{ip: 192.168.34.8, host: pr-hdds-1879-pbs75-1821932185, networkLocation: /default-rack, certSerialId: null}, Type:RATIS, Factor:THREE, State:CLOSED]
2019-09-12 04:17:20,576 [java.util.concurrent.ThreadPoolExecutor$Worker@155a4cd5[State = -1, empty queue]] WARN  server.GrpcLogAppender (GrpcLogAppender.java:timeoutAppendRequest(200)) - 8466bef0-9559-4d2e-b20d-aaf3fd2b14fd@group-086F4A8DB6EB->897fdfd8-a3cb-4c9b-9ef8-a626c4e76414-GrpcLogAppender: appendEntries Timeout, request=8466bef0-9559-4d2e-b20d-aaf3fd2b14fd->897fdfd8-a3cb-4c9b-9ef8-a626c4e76414#78-t2, previous=(t:2, i:21), leaderCommit=16, initializing? false, entries: <empty>
2019-09-12 04:17:20,576 [java.util.concurrent.ThreadPoolExecutor$Worker@1335c7b[State = -1, empty queue]] WARN  server.GrpcLogAppender (GrpcLogAppender.java:timeoutAppendRequest(200)) - 8466bef0-9559-4d2e-b20d-aaf3fd2b14fd@group-086F4A8DB6EB->90957f92-0013-496b-a419-9c1212c810e8-GrpcLogAppender: appendEntries Timeout, request=8466bef0-9559-4d2e-b20d-aaf3fd2b14fd->90957f92-0013-496b-a419-9c1212c810e8#78-t2, previous=(t:2, i:21), leaderCommit=16, initializing? false, entries: <empty>
2019-09-12 04:17:21,422 [Thread-1549] INFO  impl.FollowerState (FollowerState.java:run(106)) - 90957f92-0013-496b-a419-9c1212c810e8:group-6371820A5F4C changes to CANDIDATE, lastRpcTime:5018, electionTimeout:5018ms
2019-09-12 04:17:21,423 [Thread-1549] INFO  impl.RoleInfo (RoleInfo.java:shutdownFollowerState(121)) - 90957f92-0013-496b-a419-9c1212c810e8: shutdown FollowerState
2019-09-12 04:17:21,423 [Thread-1549] INFO  impl.RaftServerImpl (RaftServerImpl.java:setRole(174)) - 90957f92-0013-496b-a419-9c1212c810e8@group-6371820A5F4C: changes role from  FOLLOWER to CANDIDATE at term 0 for changeToCandidate
2019-09-12 04:17:21,423 [Thread-1549] INFO  impl.RoleInfo (RoleInfo.java:updateAndGet(143)) - 90957f92-0013-496b-a419-9c1212c810e8: start LeaderElection
2019-09-12 04:17:21,430 [Thread-1552] INFO  impl.FollowerState (FollowerState.java:run(106)) - 8466bef0-9559-4d2e-b20d-aaf3fd2b14fd:group-6371820A5F4C changes to CANDIDATE, lastRpcTime:5022, electionTimeout:5022ms
2019-09-12 04:17:21,430 [Thread-1552] INFO  impl.RoleInfo (RoleInfo.java:shutdownFollowerState(121)) - 8466bef0-9559-4d2e-b20d-aaf3fd2b14fd: shutdown FollowerState
2019-09-12 04:17:21,431 [Thread-1552] INFO  impl.RaftServerImpl (RaftServerImpl.java:setRole(174)) - 8466bef0-9559-4d2e-b20d-aaf3fd2b14fd@group-6371820A5F4C: changes role from  FOLLOWER to CANDIDATE at term 0 for changeToCandidate
2019-09-12 04:17:21,431 [Thread-1552] INFO  impl.RoleInfo (RoleInfo.java:updateAndGet(143)) - 8466bef0-9559-4d2e-b20d-aaf3fd2b14fd: start LeaderElection
2019-09-12 04:17:21,463 [8466bef0-9559-4d2e-b20d-aaf3fd2b14fd@group-6371820A5F4C:LeaderElection22] INFO  impl.LeaderElection (LeaderElection.java:askForVotes(182)) - 8466bef0-9559-4d2e-b20d-aaf3fd2b14fd@group-6371820A5F4C:LeaderElection22: begin an election at term 1 for -1: [897fdfd8-a3cb-4c9b-9ef8-a626c4e76414:192.168.34.8:43067, 90957f92-0013-496b-a419-9c1212c810e8:192.168.34.8:33479, 8466bef0-9559-4d2e-b20d-aaf3fd2b14fd:192.168.34.8:32905], old=null
2019-09-12 04:17:21,463 [90957f92-0013-496b-a419-9c1212c810e8@group-6371820A5F4C:LeaderElection21] INFO  impl.LeaderElection (LeaderElection.java:askForVotes(182)) - 90957f92-0013-496b-a419-9c1212c810e8@group-6371820A5F4C:LeaderElection21: begin an election at term 1 for -1: [897fdfd8-a3cb-4c9b-9ef8-a626c4e76414:192.168.34.8:43067, 90957f92-0013-496b-a419-9c1212c810e8:192.168.34.8:33479, 8466bef0-9559-4d2e-b20d-aaf3fd2b14fd:192.168.34.8:32905], old=null
2019-09-12 04:17:21,469 [grpc-default-executor-8] INFO  impl.RaftServerImpl (RaftServerImpl.java:setRole(174)) - 897fdfd8-a3cb-4c9b-9ef8-a626c4e76414@group-6371820A5F4C: changes role from  FOLLOWER to FOLLOWER at term 1 for recognizeCandidate:8466bef0-9559-4d2e-b20d-aaf3fd2b14fd
2019-09-12 04:17:21,469 [grpc-default-executor-8] INFO  impl.RoleInfo (RoleInfo.java:shutdownFollowerState(121)) - 897fdfd8-a3cb-4c9b-9ef8-a626c4e76414: shutdown FollowerState
2019-09-12 04:17:21,469 [grpc-default-executor-8] INFO  impl.RoleInfo (RoleInfo.java:updateAndGet(143)) - 897fdfd8-a3cb-4c9b-9ef8-a626c4e76414: start FollowerState
2019-09-12 04:17:21,469 [Thread-1551] INFO  impl.FollowerState (FollowerState.java:run(115)) - 897fdfd8-a3cb-4c9b-9ef8-a626c4e76414: FollowerState was interrupted: java.lang.InterruptedException: sleep interrupted
2019-09-12 04:17:21,492 [8466bef0-9559-4d2e-b20d-aaf3fd2b14fd@group-6371820A5F4C:LeaderElection22] INFO  impl.LeaderElection (LeaderElection.java:logAndReturn(56)) - 8466bef0-9559-4d2e-b20d-aaf3fd2b14fd@group-6371820A5F4C:LeaderElection22: Election PASSED; received 2 response(s) [8466bef0-9559-4d2e-b20d-aaf3fd2b14fd<-897fdfd8-a3cb-4c9b-9ef8-a626c4e76414#0:OK-t1, 8466bef0-9559-4d2e-b20d-aaf3fd2b14fd<-90957f92-0013-496b-a419-9c1212c810e8#0:FAIL-t1] and 0 exception(s); 8466bef0-9559-4d2e-b20d-aaf3fd2b14fd@group-6371820A5F4C:t1, leader=null, voted=8466bef0-9559-4d2e-b20d-aaf3fd2b14fd, raftlog=8466bef0-9559-4d2e-b20d-aaf3fd2b14fd@group-6371820A5F4C-SegmentedRaftLog:OPENED:c-1,f-1,i0, conf=-1: [897fdfd8-a3cb-4c9b-9ef8-a626c4e76414:192.168.34.8:43067, 90957f92-0013-496b-a419-9c1212c810e8:192.168.34.8:33479, 8466bef0-9559-4d2e-b20d-aaf3fd2b14fd:192.168.34.8:32905], old=null
2019-09-12 04:17:21,492 [90957f92-0013-496b-a419-9c1212c810e8@group-6371820A5F4C:LeaderElection21] INFO  impl.LeaderElection (LeaderElection.java:logAndReturn(56)) - 90957f92-0013-496b-a419-9c1212c810e8@group-6371820A5F4C:LeaderElection21: Election REJECTED; received 2 response(s) [90957f92-0013-496b-a419-9c1212c810e8<-897fdfd8-a3cb-4c9b-9ef8-a626c4e76414#0:FAIL-t1, 90957f92-0013-496b-a419-9c1212c810e8<-8466bef0-9559-4d2e-b20d-aaf3fd2b14fd#0:FAIL-t1] and 0 exception(s); 90957f92-0013-496b-a419-9c1212c810e8@group-6371820A5F4C:t1, leader=null, voted=90957f92-0013-496b-a419-9c1212c810e8, raftlog=90957f92-0013-496b-a419-9c1212c810e8@group-6371820A5F4C-SegmentedRaftLog:OPENED:c-1,f-1,i0, conf=-1: [897fdfd8-a3cb-4c9b-9ef8-a626c4e76414:192.168.34.8:43067, 90957f92-0013-496b-a419-9c1212c810e8:192.168.34.8:33479, 8466bef0-9559-4d2e-b20d-aaf3fd2b14fd:192.168.34.8:32905], old=null
2019-09-12 04:17:21,492 [8466bef0-9559-4d2e-b20d-aaf3fd2b14fd@group-6371820A5F4C:LeaderElection22] INFO  impl.RoleInfo (RoleInfo.java:shutdownLeaderElection(134)) - 8466bef0-9559-4d2e-b20d-aaf3fd2b14fd: shutdown LeaderElection
2019-09-12 04:17:21,492 [90957f92-0013-496b-a419-9c1212c810e8@group-6371820A5F4C:LeaderElection21] INFO  impl.RaftServerImpl (RaftServerImpl.java:setRole(174)) - 90957f92-0013-496b-a419-9c1212c810e8@group-6371820A5F4C: changes role from CANDIDATE to FOLLOWER at term 1 for DISCOVERED_A_NEW_TERM
2019-09-12 04:17:21,493 [8466bef0-9559-4d2e-b20d-aaf3fd2b14fd@group-6371820A5F4C:LeaderElection22] INFO  impl.RaftServerImpl (RaftServerImpl.java:setRole(174)) - 8466bef0-9559-4d2e-b20d-aaf3fd2b14fd@group-6371820A5F4C: changes role from CANDIDATE to LEADER at term 1 for changeToLeader
2019-09-12 04:17:21,493 [90957f92-0013-496b-a419-9c1212c810e8@group-6371820A5F4C:LeaderElection21] INFO  impl.RoleInfo (RoleInfo.java:shutdownLeaderElection(134)) - 90957f92-0013-496b-a419-9c1212c810e8: shutdown LeaderElection
2019-09-12 04:17:21,493 [8466bef0-9559-4d2e-b20d-aaf3fd2b14fd@group-6371820A5F4C:LeaderElection22] INFO  impl.RaftServerImpl (ServerState.java:setLeader(253)) - 8466bef0-9559-4d2e-b20d-aaf3fd2b14fd@group-6371820A5F4C: change Leader from null to 8466bef0-9559-4d2e-b20d-aaf3fd2b14fd at term 1 for becomeLeader, leader elected after 5098ms
2019-09-12 04:17:21,493 [90957f92-0013-496b-a419-9c1212c810e8@group-6371820A5F4C:LeaderElection21] INFO  impl.RoleInfo (RoleInfo.java:updateAndGet(143)) - 90957f92-0013-496b-a419-9c1212c810e8: start FollowerState
2019-09-12 04:17:21,493 [8466bef0-9559-4d2e-b20d-aaf3fd2b14fd@group-6371820A5F4C:LeaderElection22] INFO  server.RaftServerConfigKeys (ConfUtils.java:logGet(43)) - raft.server.staging.catchup.gap = 1000 (default)
2019-09-12 04:17:21,493 [8466bef0-9559-4d2e-b20d-aaf3fd2b14fd@group-6371820A5F4C:LeaderElection22] INFO  server.RaftServerConfigKeys (ConfUtils.java:logGet(43)) - raft.server.rpc.sleep.time = 25ms (default)
2019-09-12 04:17:21,494 [8466bef0-9559-4d2e-b20d-aaf3fd2b14fd@group-6371820A5F4C:LeaderElection22] INFO  server.RaftServerConfigKeys (ConfUtils.java:logGet(43)) - raft.server.write.element-limit = 4096 (default)
2019-09-12 04:17:21,494 [8466bef0-9559-4d2e-b20d-aaf3fd2b14fd@group-6371820A5F4C:LeaderElection22] INFO  server.RaftServerConfigKeys (ConfUtils.java:logGet(43)) - raft.server.watch.timeout = 10s (default)
2019-09-12 04:17:21,494 [8466bef0-9559-4d2e-b20d-aaf3fd2b14fd@group-6371820A5F4C:LeaderElection22] INFO  server.RaftServerConfigKeys (ConfUtils.java:logGet(43)) - raft.server.watch.timeout.denomination = 1s (default)
2019-09-12 04:17:21,494 [8466bef0-9559-4d2e-b20d-aaf3fd2b14fd@group-6371820A5F4C:LeaderElection22] INFO  server.RaftServerConfigKeys (ConfUtils.java:logGet(43)) - raft.server.watch.element-limit = 65536 (default)
2019-09-12 04:17:21,497 [8466bef0-9559-4d2e-b20d-aaf3fd2b14fd@group-6371820A5F4C:LeaderElection22] INFO  server.RaftServerConfigKeys (ConfUtils.java:logGet(43)) - raft.server.log.appender.snapshot.chunk.size.max = 16MB (=16777216) (default)
2019-09-12 04:17:21,497 [8466bef0-9559-4d2e-b20d-aaf3fd2b14fd@group-6371820A5F4C:LeaderElection22] INFO  server.RaftServerConfigKeys (ConfUtils.java:logGet(43)) - raft.server.log.appender.buffer.byte-limit = 33554432 (custom)
2019-09-12 04:17:21,497 [8466bef0-9559-4d2e-b20d-aaf3fd2b14fd@group-6371820A5F4C:LeaderElection22] INFO  server.RaftServerConfigKeys (ConfUtils.java:logGet(43)) - raft.server.log.appender.buffer.element-limit = 1 (custom)
2019-09-12 04:17:21,498 [8466bef0-9559-4d2e-b20d-aaf3fd2b14fd@group-6371820A5F4C:LeaderElection22] INFO  grpc.GrpcConfigKeys$Server (ConfUtils.java:logGet(43)) - raft.grpc.server.leader.outstanding.appends.max = 128 (default)
2019-09-12 04:17:21,498 [8466bef0-9559-4d2e-b20d-aaf3fd2b14fd@group-6371820A5F4C:LeaderElection22] INFO  server.RaftServerConfigKeys (ConfUtils.java:logGet(43)) - raft.server.rpc.request.timeout = 3000ms (default)
2019-09-12 04:17:21,498 [8466bef0-9559-4d2e-b20d-aaf3fd2b14fd@group-6371820A5F4C:LeaderElection22] INFO  server.RaftServerConfigKeys (ConfUtils.java:logGet(43)) - raft.server.log.appender.install.snapshot.enabled = false (custom)
2019-09-12 04:17:21,498 [8466bef0-9559-4d2e-b20d-aaf3fd2b14fd@group-6371820A5F4C:LeaderElection22] INFO  server.RaftServerConfigKeys (ConfUtils.java:logGet(43)) - raft.server.log.appender.snapshot.chunk.size.max = 16MB (=16777216) (default)
2019-09-12 04:17:21,499 [8466bef0-9559-4d2e-b20d-aaf3fd2b14fd@group-6371820A5F4C:LeaderElection22] INFO  server.RaftServerConfigKeys (ConfUtils.java:logGet(43)) - raft.server.log.appender.buffer.byte-limit = 33554432 (custom)
2019-09-12 04:17:21,499 [8466bef0-9559-4d2e-b20d-aaf3fd2b14fd@group-6371820A5F4C:LeaderElection22] INFO  server.RaftServerConfigKeys (ConfUtils.java:logGet(43)) - raft.server.log.appender.buffer.element-limit = 1 (custom)
2019-09-12 04:17:21,499 [8466bef0-9559-4d2e-b20d-aaf3fd2b14fd@group-6371820A5F4C:LeaderElection22] INFO  grpc.GrpcConfigKeys$Server (ConfUtils.java:logGet(43)) - raft.grpc.server.leader.outstanding.appends.max = 128 (default)
2019-09-12 04:17:21,499 [8466bef0-9559-4d2e-b20d-aaf3fd2b14fd@group-6371820A5F4C:LeaderElection22] INFO  server.RaftServerConfigKeys (ConfUtils.java:logGet(43)) - raft.server.rpc.request.timeout = 3000ms (default)
2019-09-12 04:17:21,499 [8466bef0-9559-4d2e-b20d-aaf3fd2b14fd@group-6371820A5F4C:LeaderElection22] INFO  server.RaftServerConfigKeys (ConfUtils.java:logGet(43)) - raft.server.log.appender.install.snapshot.enabled = false (custom)
2019-09-12 04:17:21,500 [8466bef0-9559-4d2e-b20d-aaf3fd2b14fd@group-6371820A5F4C:LeaderElection22] INFO  impl.RoleInfo (RoleInfo.java:updateAndGet(143)) - 8466bef0-9559-4d2e-b20d-aaf3fd2b14fd: start LeaderState
2019-09-12 04:17:21,500 [8466bef0-9559-4d2e-b20d-aaf3fd2b14fd@group-6371820A5F4C:LeaderElection22] INFO  segmented.SegmentedRaftLogWorker (SegmentedRaftLogWorker.java:startLogSegment(380)) - 8466bef0-9559-4d2e-b20d-aaf3fd2b14fd@group-6371820A5F4C-SegmentedRaftLogWorker: Starting segment from index:0
2019-09-12 04:17:21,501 [8466bef0-9559-4d2e-b20d-aaf3fd2b14fd@group-6371820A5F4C:LeaderElection22] INFO  impl.RaftServerImpl (ServerState.java:setRaftConf(354)) - 8466bef0-9559-4d2e-b20d-aaf3fd2b14fd@group-6371820A5F4C: set configuration 0: [897fdfd8-a3cb-4c9b-9ef8-a626c4e76414:192.168.34.8:43067, 90957f92-0013-496b-a419-9c1212c810e8:192.168.34.8:33479, 8466bef0-9559-4d2e-b20d-aaf3fd2b14fd:192.168.34.8:32905], old=null at 0
2019-09-12 04:17:21,502 [grpc-default-executor-8] INFO  impl.RaftServerImpl (ServerState.java:setLeader(253)) - 897fdfd8-a3cb-4c9b-9ef8-a626c4e76414@group-6371820A5F4C: change Leader from null to 8466bef0-9559-4d2e-b20d-aaf3fd2b14fd at term 1 for appendEntries, leader elected after 5107ms
2019-09-12 04:17:21,502 [grpc-default-executor-9] INFO  impl.RaftServerImpl (ServerState.java:setLeader(253)) - 90957f92-0013-496b-a419-9c1212c810e8@group-6371820A5F4C: change Leader from null to 8466bef0-9559-4d2e-b20d-aaf3fd2b14fd at term 1 for appendEntries, leader elected after 5107ms
2019-09-12 04:17:21,504 [grpc-default-executor-8] INFO  impl.RaftServerImpl (ServerState.java:setRaftConf(354)) - 897fdfd8-a3cb-4c9b-9ef8-a626c4e76414@group-6371820A5F4C: set configuration 0: [897fdfd8-a3cb-4c9b-9ef8-a626c4e76414:192.168.34.8:43067, 90957f92-0013-496b-a419-9c1212c810e8:192.168.34.8:33479, 8466bef0-9559-4d2e-b20d-aaf3fd2b14fd:192.168.34.8:32905], old=null at 0
2019-09-12 04:17:21,504 [grpc-default-executor-8] INFO  segmented.SegmentedRaftLogWorker (SegmentedRaftLogWorker.java:startLogSegment(380)) - 897fdfd8-a3cb-4c9b-9ef8-a626c4e76414@group-6371820A5F4C-SegmentedRaftLogWorker: Starting segment from index:0
2019-09-12 04:17:21,504 [grpc-default-executor-9] INFO  impl.RaftServerImpl (ServerState.java:setRaftConf(354)) - 90957f92-0013-496b-a419-9c1212c810e8@group-6371820A5F4C: set configuration 0: [897fdfd8-a3cb-4c9b-9ef8-a626c4e76414:192.168.34.8:43067, 90957f92-0013-496b-a419-9c1212c810e8:192.168.34.8:33479, 8466bef0-9559-4d2e-b20d-aaf3fd2b14fd:192.168.34.8:32905], old=null at 0
2019-09-12 04:17:21,505 [grpc-default-executor-9] INFO  segmented.SegmentedRaftLogWorker (SegmentedRaftLogWorker.java:startLogSegment(380)) - 90957f92-0013-496b-a419-9c1212c810e8@group-6371820A5F4C-SegmentedRaftLogWorker: Starting segment from index:0
2019-09-12 04:17:21,547 [grpc-default-executor-8] INFO  client.GrpcClientProtocolClient (GrpcClientProtocolClient.java:onNext(264)) - client-B5F51BC26AA5->90957f92-0013-496b-a419-9c1212c810e8: receive RaftClientReply:client-B5F51BC26AA5->90957f92-0013-496b-a419-9c1212c810e8@group-086F4A8DB6EB, cid=82, FAILED org.apache.ratis.protocol.NotLeaderException: Server 90957f92-0013-496b-a419-9c1212c810e8@group-086F4A8DB6EB is not the leader 8466bef0-9559-4d2e-b20d-aaf3fd2b14fd:192.168.34.8:32905, logIndex=0, commits[90957f92-0013-496b-a419-9c1212c810e8:c16, 897fdfd8-a3cb-4c9b-9ef8-a626c4e76414:c12, 8466bef0-9559-4d2e-b20d-aaf3fd2b14fd:c16]
2019-09-12 04:17:21,565 [8466bef0-9559-4d2e-b20d-aaf3fd2b14fd@group-6371820A5F4C-SegmentedRaftLogWorker] INFO  segmented.SegmentedRaftLogWorker (SegmentedRaftLogWorker.java:execute(569)) - 8466bef0-9559-4d2e-b20d-aaf3fd2b14fd@group-6371820A5F4C-SegmentedRaftLogWorker: created new log segment /workdir/hadoop-ozone/integration-test/target/test-dir/MiniOzoneClusterImpl-60a3af6c-3451-4a8a-82ad-625647a1d2f0/datanode-5/data/ratis/24a3be0d-b2af-45ba-b6eb-6371820a5f4c/current/log_inprogress_0
2019-09-12 04:17:21,565 [897fdfd8-a3cb-4c9b-9ef8-a626c4e76414@group-6371820A5F4C-SegmentedRaftLogWorker] INFO  segmented.SegmentedRaftLogWorker (SegmentedRaftLogWorker.java:execute(569)) - 897fdfd8-a3cb-4c9b-9ef8-a626c4e76414@group-6371820A5F4C-SegmentedRaftLogWorker: created new log segment /workdir/hadoop-ozone/integration-test/target/test-dir/MiniOzoneClusterImpl-60a3af6c-3451-4a8a-82ad-625647a1d2f0/datanode-2/data/ratis/24a3be0d-b2af-45ba-b6eb-6371820a5f4c/current/log_inprogress_0
2019-09-12 04:17:21,565 [90957f92-0013-496b-a419-9c1212c810e8@group-6371820A5F4C-SegmentedRaftLogWorker] INFO  segmented.SegmentedRaftLogWorker (SegmentedRaftLogWorker.java:execute(569)) - 90957f92-0013-496b-a419-9c1212c810e8@group-6371820A5F4C-SegmentedRaftLogWorker: created new log segment /workdir/hadoop-ozone/integration-test/target/test-dir/MiniOzoneClusterImpl-60a3af6c-3451-4a8a-82ad-625647a1d2f0/datanode-0/data/ratis/24a3be0d-b2af-45ba-b6eb-6371820a5f4c/current/log_inprogress_0
2019-09-12 04:17:22,578 [org.apache.ratis.server.impl.LogAppender$AppenderDaemon$$Lambda$495/740911003@2e00fbf1] ERROR ratis.XceiverServerRatis (XceiverServerRatis.java:triggerPipelineClose(568)) - pipeline Action CLOSE  on pipeline PipelineID=56c965c9-1bab-4552-b305-086f4a8db6eb.Reason : 8466bef0-9559-4d2e-b20d-aaf3fd2b14fd has not seen follower/s 897fdfd8-a3cb-4c9b-9ef8-a626c4e76414 for 147647ms 90957f92-0013-496b-a419-9c1212c810e8 for 147657ms
2019-09-12 04:17:22,578 [org.apache.ratis.server.impl.LogAppender$AppenderDaemon$$Lambda$495/740911003@7e36c73c] ERROR ratis.XceiverServerRatis (XceiverServerRatis.java:triggerPipelineClose(568)) - pipeline Action CLOSE  on pipeline PipelineID=56c965c9-1bab-4552-b305-086f4a8db6eb.Reason : 8466bef0-9559-4d2e-b20d-aaf3fd2b14fd has not seen follower/s 897fdfd8-a3cb-4c9b-9ef8-a626c4e76414 for 147647ms 90957f92-0013-496b-a419-9c1212c810e8 for 147657ms
2019-09-12 04:17:23,077 [java.util.concurrent.ThreadPoolExecutor$Worker@155a4cd5[State = -1, empty queue]] WARN  server.GrpcLogAppender (GrpcLogAppender.java:timeoutAppendRequest(200)) - 8466bef0-9559-4d2e-b20d-aaf3fd2b14fd@group-086F4A8DB6EB->897fdfd8-a3cb-4c9b-9ef8-a626c4e76414-GrpcLogAppender: appendEntries Timeout, request=8466bef0-9559-4d2e-b20d-aaf3fd2b14fd->897fdfd8-a3cb-4c9b-9ef8-a626c4e76414#79-t2, previous=(t:2, i:21), leaderCommit=16, initializing? false, entries: <empty>
2019-09-12 04:17:23,077 [java.util.concurrent.ThreadPoolExecutor$Worker@1335c7b[State = -1, empty queue]] WARN  server.GrpcLogAppender (GrpcLogAppender.java:timeoutAppendRequest(200)) - 8466bef0-9559-4d2e-b20d-aaf3fd2b14fd@group-086F4A8DB6EB->90957f92-0013-496b-a419-9c1212c810e8-GrpcLogAppender: appendEntries Timeout, request=8466bef0-9559-4d2e-b20d-aaf3fd2b14fd->90957f92-0013-496b-a419-9c1212c810e8#79-t2, previous=(t:2, i:21), leaderCommit=16, initializing? false, entries: <empty>
2019-09-12 04:17:23,572 [EventQueue-PipelineActionsForPipelineActionHandler] ERROR pipeline.PipelineActionHandler (PipelineActionHandler.java:onMessage(60)) - Received pipeline action CLOSE for Pipeline[ Id: 56c965c9-1bab-4552-b305-086f4a8db6eb, Nodes: 90957f92-0013-496b-a419-9c1212c810e8{ip: 192.168.34.8, host: pr-hdds-1879-pbs75-1821932185, networkLocation: /default-rack, certSerialId: null}8466bef0-9559-4d2e-b20d-aaf3fd2b14fd{ip: 192.168.34.8, host: pr-hdds-1879-pbs75-1821932185, networkLocation: /default-rack, certSerialId: null}897fdfd8-a3cb-4c9b-9ef8-a626c4e76414{ip: 192.168.34.8, host: pr-hdds-1879-pbs75-1821932185, networkLocation: /default-rack, certSerialId: null}, Type:RATIS, Factor:THREE, State:CLOSED] from datanode 8466bef0-9559-4d2e-b20d-aaf3fd2b14fd{ip: 192.168.34.8, host: pr-hdds-1879-pbs75-1821932185, networkLocation: /default-rack, certSerialId: null}. Reason : 8466bef0-9559-4d2e-b20d-aaf3fd2b14fd has not seen follower/s 897fdfd8-a3cb-4c9b-9ef8-a626c4e76414 for 147647ms 90957f92-0013-496b-a419-9c1212c810e8 for 147657ms
2019-09-12 04:17:23,572 [EventQueue-PipelineActionsForPipelineActionHandler] INFO  pipeline.SCMPipelineManager (SCMPipelineManager.java:finalizeAndDestroyPipeline(311)) - destroying pipeline:Pipeline[ Id: 56c965c9-1bab-4552-b305-086f4a8db6eb, Nodes: 90957f92-0013-496b-a419-9c1212c810e8{ip: 192.168.34.8, host: pr-hdds-1879-pbs75-1821932185, networkLocation: /default-rack, certSerialId: null}8466bef0-9559-4d2e-b20d-aaf3fd2b14fd{ip: 192.168.34.8, host: pr-hdds-1879-pbs75-1821932185, networkLocation: /default-rack, certSerialId: null}897fdfd8-a3cb-4c9b-9ef8-a626c4e76414{ip: 192.168.34.8, host: pr-hdds-1879-pbs75-1821932185, networkLocation: /default-rack, certSerialId: null}, Type:RATIS, Factor:THREE, State:CLOSED]
2019-09-12 04:17:25,079 [org.apache.ratis.server.impl.LogAppender$AppenderDaemon$$Lambda$495/740911003@2e00fbf1] ERROR ratis.XceiverServerRatis (XceiverServerRatis.java:triggerPipelineClose(568)) - pipeline Action CLOSE  on pipeline PipelineID=56c965c9-1bab-4552-b305-086f4a8db6eb.Reason : 8466bef0-9559-4d2e-b20d-aaf3fd2b14fd has not seen follower/s 897fdfd8-a3cb-4c9b-9ef8-a626c4e76414 for 150148ms 90957f92-0013-496b-a419-9c1212c810e8 for 150158ms
2019-09-12 04:17:25,079 [org.apache.ratis.server.impl.LogAppender$AppenderDaemon$$Lambda$495/740911003@7e36c73c] ERROR ratis.XceiverServerRatis (XceiverServerRatis.java:triggerPipelineClose(568)) - pipeline Action CLOSE  on pipeline PipelineID=56c965c9-1bab-4552-b305-086f4a8db6eb.Reason : 8466bef0-9559-4d2e-b20d-aaf3fd2b14fd has not seen follower/s 897fdfd8-a3cb-4c9b-9ef8-a626c4e76414 for 150148ms 90957f92-0013-496b-a419-9c1212c810e8 for 150158ms
2019-09-12 04:17:25,086 [8466bef0-9559-4d2e-b20d-aaf3fd2b14fd@group-086F4A8DB6EB-SegmentedRaftLogWorker] WARN  segmented.SegmentedRaftLogWorker (SegmentedRaftLogWorker.java:getFromFuture(90)) - Timeout 14/~
org.apache.ratis.protocol.TimeoutIOException: Timeout 10s: WriteLog:17: (t:2, i:17), STATEMACHINELOGENTRY, client-B5F51BC26AA5, cid=82-writeStateMachineData
	at org.apache.ratis.util.IOUtils.getFromFuture(IOUtils.java:87)
	at org.apache.ratis.server.raftlog.segmented.SegmentedRaftLogWorker$StateMachineDataPolicy.getFromFuture(SegmentedRaftLogWorker.java:87)
	at org.apache.ratis.server.raftlog.segmented.SegmentedRaftLogWorker$WriteLog.execute(SegmentedRaftLogWorker.java:477)
	at org.apache.ratis.server.raftlog.segmented.SegmentedRaftLogWorker.run(SegmentedRaftLogWorker.java:289)
	at java.lang.Thread.run(Thread.java:748)
Caused by: java.util.concurrent.TimeoutException
	at java.util.concurrent.CompletableFuture.timedGet(CompletableFuture.java:1771)
	at java.util.concurrent.CompletableFuture.get(CompletableFuture.java:1915)
	at org.apache.ratis.util.IOUtils.getFromFuture(IOUtils.java:79)
	... 4 more
2019-09-12 04:17:25,110 [90957f92-0013-496b-a419-9c1212c810e8@group-086F4A8DB6EB-SegmentedRaftLogWorker] WARN  segmented.SegmentedRaftLogWorker (SegmentedRaftLogWorker.java:getFromFuture(90)) - Timeout 14/~
org.apache.ratis.protocol.TimeoutIOException: Timeout 10s: WriteLog:17: (t:2, i:17), STATEMACHINELOGENTRY, client-B5F51BC26AA5, cid=82-writeStateMachineData
	at org.apache.ratis.util.IOUtils.getFromFuture(IOUtils.java:87)
	at org.apache.ratis.server.raftlog.segmented.SegmentedRaftLogWorker$StateMachineDataPolicy.getFromFuture(SegmentedRaftLogWorker.java:87)
	at org.apache.ratis.server.raftlog.segmented.SegmentedRaftLogWorker$WriteLog.execute(SegmentedRaftLogWorker.java:477)
	at org.apache.ratis.server.raftlog.segmented.SegmentedRaftLogWorker.run(SegmentedRaftLogWorker.java:289)
	at java.lang.Thread.run(Thread.java:748)
Caused by: java.util.concurrent.TimeoutException
	at java.util.concurrent.CompletableFuture.timedGet(CompletableFuture.java:1771)
	at java.util.concurrent.CompletableFuture.get(CompletableFuture.java:1915)
	at org.apache.ratis.util.IOUtils.getFromFuture(IOUtils.java:79)
	... 4 more
2019-09-12 04:17:25,301 [897fdfd8-a3cb-4c9b-9ef8-a626c4e76414@group-086F4A8DB6EB-SegmentedRaftLogWorker] WARN  segmented.SegmentedRaftLogWorker (SegmentedRaftLogWorker.java:getFromFuture(90)) - Timeout 14/~
org.apache.ratis.protocol.TimeoutIOException: Timeout 10s: WriteLog:19: (t:2, i:19), STATEMACHINELOGENTRY, client-B5F51BC26AA5, cid=84-writeStateMachineData
	at org.apache.ratis.util.IOUtils.getFromFuture(IOUtils.java:87)
	at org.apache.ratis.server.raftlog.segmented.SegmentedRaftLogWorker$StateMachineDataPolicy.getFromFuture(SegmentedRaftLogWorker.java:87)
	at org.apache.ratis.server.raftlog.segmented.SegmentedRaftLogWorker$WriteLog.execute(SegmentedRaftLogWorker.java:477)
	at org.apache.ratis.server.raftlog.segmented.SegmentedRaftLogWorker.run(SegmentedRaftLogWorker.java:289)
	at java.lang.Thread.run(Thread.java:748)
Caused by: java.util.concurrent.TimeoutException
	at java.util.concurrent.CompletableFuture.timedGet(CompletableFuture.java:1771)
	at java.util.concurrent.CompletableFuture.get(CompletableFuture.java:1915)
	at org.apache.ratis.util.IOUtils.getFromFuture(IOUtils.java:79)
	... 4 more
2019-09-12 04:17:25,573 [EventQueue-PipelineActionsForPipelineActionHandler] ERROR pipeline.PipelineActionHandler (PipelineActionHandler.java:onMessage(60)) - Received pipeline action CLOSE for Pipeline[ Id: 56c965c9-1bab-4552-b305-086f4a8db6eb, Nodes: 90957f92-0013-496b-a419-9c1212c810e8{ip: 192.168.34.8, host: pr-hdds-1879-pbs75-1821932185, networkLocation: /default-rack, certSerialId: null}8466bef0-9559-4d2e-b20d-aaf3fd2b14fd{ip: 192.168.34.8, host: pr-hdds-1879-pbs75-1821932185, networkLocation: /default-rack, certSerialId: null}897fdfd8-a3cb-4c9b-9ef8-a626c4e76414{ip: 192.168.34.8, host: pr-hdds-1879-pbs75-1821932185, networkLocation: /default-rack, certSerialId: null}, Type:RATIS, Factor:THREE, State:CLOSED] from datanode 8466bef0-9559-4d2e-b20d-aaf3fd2b14fd{ip: 192.168.34.8, host: pr-hdds-1879-pbs75-1821932185, networkLocation: /default-rack, certSerialId: null}. Reason : 8466bef0-9559-4d2e-b20d-aaf3fd2b14fd has not seen follower/s 897fdfd8-a3cb-4c9b-9ef8-a626c4e76414 for 150148ms 90957f92-0013-496b-a419-9c1212c810e8 for 150158ms
2019-09-12 04:17:25,573 [EventQueue-PipelineActionsForPipelineActionHandler] INFO  pipeline.SCMPipelineManager (SCMPipelineManager.java:finalizeAndDestroyPipeline(311)) - destroying pipeline:Pipeline[ Id: 56c965c9-1bab-4552-b305-086f4a8db6eb, Nodes: 90957f92-0013-496b-a419-9c1212c810e8{ip: 192.168.34.8, host: pr-hdds-1879-pbs75-1821932185, networkLocation: /default-rack, certSerialId: null}8466bef0-9559-4d2e-b20d-aaf3fd2b14fd{ip: 192.168.34.8, host: pr-hdds-1879-pbs75-1821932185, networkLocation: /default-rack, certSerialId: null}897fdfd8-a3cb-4c9b-9ef8-a626c4e76414{ip: 192.168.34.8, host: pr-hdds-1879-pbs75-1821932185, networkLocation: /default-rack, certSerialId: null}, Type:RATIS, Factor:THREE, State:CLOSED]
2019-09-12 04:17:25,578 [java.util.concurrent.ThreadPoolExecutor$Worker@155a4cd5[State = -1, empty queue]] WARN  server.GrpcLogAppender (GrpcLogAppender.java:timeoutAppendRequest(200)) - 8466bef0-9559-4d2e-b20d-aaf3fd2b14fd@group-086F4A8DB6EB->897fdfd8-a3cb-4c9b-9ef8-a626c4e76414-GrpcLogAppender: appendEntries Timeout, request=8466bef0-9559-4d2e-b20d-aaf3fd2b14fd->897fdfd8-a3cb-4c9b-9ef8-a626c4e76414#80-t2, previous=(t:2, i:21), leaderCommit=16, initializing? false, entries: <empty>
2019-09-12 04:17:25,578 [java.util.concurrent.ThreadPoolExecutor$Worker@1335c7b[State = -1, empty queue]] WARN  server.GrpcLogAppender (GrpcLogAppender.java:timeoutAppendRequest(200)) - 8466bef0-9559-4d2e-b20d-aaf3fd2b14fd@group-086F4A8DB6EB->90957f92-0013-496b-a419-9c1212c810e8-GrpcLogAppender: appendEntries Timeout, request=8466bef0-9559-4d2e-b20d-aaf3fd2b14fd->90957f92-0013-496b-a419-9c1212c810e8#80-t2, previous=(t:2, i:21), leaderCommit=16, initializing? false, entries: <empty>
2019-09-12 04:17:26,601 [grpc-default-executor-9] INFO  client.GrpcClientProtocolClient (GrpcClientProtocolClient.java:onNext(264)) - client-B5F51BC26AA5->897fdfd8-a3cb-4c9b-9ef8-a626c4e76414: receive RaftClientReply:client-B5F51BC26AA5->897fdfd8-a3cb-4c9b-9ef8-a626c4e76414@group-086F4A8DB6EB, cid=82, FAILED org.apache.ratis.protocol.NotLeaderException: Server 897fdfd8-a3cb-4c9b-9ef8-a626c4e76414@group-086F4A8DB6EB is not the leader 8466bef0-9559-4d2e-b20d-aaf3fd2b14fd:192.168.34.8:32905, logIndex=0, commits[897fdfd8-a3cb-4c9b-9ef8-a626c4e76414:c16, 90957f92-0013-496b-a419-9c1212c810e8:c12, 8466bef0-9559-4d2e-b20d-aaf3fd2b14fd:c16]
2019-09-12 04:17:27,580 [org.apache.ratis.server.impl.LogAppender$AppenderDaemon$$Lambda$495/740911003@7e36c73c] ERROR ratis.XceiverServerRatis (XceiverServerRatis.java:triggerPipelineClose(568)) - pipeline Action CLOSE  on pipeline PipelineID=56c965c9-1bab-4552-b305-086f4a8db6eb.Reason : 8466bef0-9559-4d2e-b20d-aaf3fd2b14fd has not seen follower/s 897fdfd8-a3cb-4c9b-9ef8-a626c4e76414 for 152649ms 90957f92-0013-496b-a419-9c1212c810e8 for 152659ms
2019-09-12 04:17:27,580 [org.apache.ratis.server.impl.LogAppender$AppenderDaemon$$Lambda$495/740911003@2e00fbf1] ERROR ratis.XceiverServerRatis (XceiverServerRatis.java:triggerPipelineClose(568)) - pipeline Action CLOSE  on pipeline PipelineID=56c965c9-1bab-4552-b305-086f4a8db6eb.Reason : 8466bef0-9559-4d2e-b20d-aaf3fd2b14fd has not seen follower/s 897fdfd8-a3cb-4c9b-9ef8-a626c4e76414 for 152649ms 90957f92-0013-496b-a419-9c1212c810e8 for 152659ms
2019-09-12 04:17:28,079 [java.util.concurrent.ThreadPoolExecutor$Worker@155a4cd5[State = -1, empty queue]] WARN  server.GrpcLogAppender (GrpcLogAppender.java:timeoutAppendRequest(200)) - 8466bef0-9559-4d2e-b20d-aaf3fd2b14fd@group-086F4A8DB6EB->897fdfd8-a3cb-4c9b-9ef8-a626c4e76414-GrpcLogAppender: appendEntries Timeout, request=8466bef0-9559-4d2e-b20d-aaf3fd2b14fd->897fdfd8-a3cb-4c9b-9ef8-a626c4e76414#81-t2, previous=(t:2, i:21), leaderCommit=16, initializing? false, entries: <empty>
2019-09-12 04:17:28,079 [java.util.concurrent.ThreadPoolExecutor$Worker@1335c7b[State = -1, empty queue]] WARN  server.GrpcLogAppender (GrpcLogAppender.java:timeoutAppendRequest(200)) - 8466bef0-9559-4d2e-b20d-aaf3fd2b14fd@group-086F4A8DB6EB->90957f92-0013-496b-a419-9c1212c810e8-GrpcLogAppender: appendEntries Timeout, request=8466bef0-9559-4d2e-b20d-aaf3fd2b14fd->90957f92-0013-496b-a419-9c1212c810e8#81-t2, previous=(t:2, i:21), leaderCommit=16, initializing? false, entries: <empty>
2019-09-12 04:17:28,574 [EventQueue-PipelineActionsForPipelineActionHandler] ERROR pipeline.PipelineActionHandler (PipelineActionHandler.java:onMessage(60)) - Received pipeline action CLOSE for Pipeline[ Id: 56c965c9-1bab-4552-b305-086f4a8db6eb, Nodes: 90957f92-0013-496b-a419-9c1212c810e8{ip: 192.168.34.8, host: pr-hdds-1879-pbs75-1821932185, networkLocation: /default-rack, certSerialId: null}8466bef0-9559-4d2e-b20d-aaf3fd2b14fd{ip: 192.168.34.8, host: pr-hdds-1879-pbs75-1821932185, networkLocation: /default-rack, certSerialId: null}897fdfd8-a3cb-4c9b-9ef8-a626c4e76414{ip: 192.168.34.8, host: pr-hdds-1879-pbs75-1821932185, networkLocation: /default-rack, certSerialId: null}, Type:RATIS, Factor:THREE, State:CLOSED] from datanode 8466bef0-9559-4d2e-b20d-aaf3fd2b14fd{ip: 192.168.34.8, host: pr-hdds-1879-pbs75-1821932185, networkLocation: /default-rack, certSerialId: null}. Reason : 8466bef0-9559-4d2e-b20d-aaf3fd2b14fd has not seen follower/s 897fdfd8-a3cb-4c9b-9ef8-a626c4e76414 for 152649ms 90957f92-0013-496b-a419-9c1212c810e8 for 152659ms
2019-09-12 04:17:28,575 [EventQueue-PipelineActionsForPipelineActionHandler] INFO  pipeline.SCMPipelineManager (SCMPipelineManager.java:finalizeAndDestroyPipeline(311)) - destroying pipeline:Pipeline[ Id: 56c965c9-1bab-4552-b305-086f4a8db6eb, Nodes: 90957f92-0013-496b-a419-9c1212c810e8{ip: 192.168.34.8, host: pr-hdds-1879-pbs75-1821932185, networkLocation: /default-rack, certSerialId: null}8466bef0-9559-4d2e-b20d-aaf3fd2b14fd{ip: 192.168.34.8, host: pr-hdds-1879-pbs75-1821932185, networkLocation: /default-rack, certSerialId: null}897fdfd8-a3cb-4c9b-9ef8-a626c4e76414{ip: 192.168.34.8, host: pr-hdds-1879-pbs75-1821932185, networkLocation: /default-rack, certSerialId: null}, Type:RATIS, Factor:THREE, State:CLOSED]
2019-09-12 04:17:30,081 [org.apache.ratis.server.impl.LogAppender$AppenderDaemon$$Lambda$495/740911003@2e00fbf1] ERROR ratis.XceiverServerRatis (XceiverServerRatis.java:triggerPipelineClose(568)) - pipeline Action CLOSE  on pipeline PipelineID=56c965c9-1bab-4552-b305-086f4a8db6eb.Reason : 8466bef0-9559-4d2e-b20d-aaf3fd2b14fd has not seen follower/s 897fdfd8-a3cb-4c9b-9ef8-a626c4e76414 for 155150ms 90957f92-0013-496b-a419-9c1212c810e8 for 155160ms
2019-09-12 04:17:30,081 [org.apache.ratis.server.impl.LogAppender$AppenderDaemon$$Lambda$495/740911003@7e36c73c] ERROR ratis.XceiverServerRatis (XceiverServerRatis.java:triggerPipelineClose(568)) - pipeline Action CLOSE  on pipeline PipelineID=56c965c9-1bab-4552-b305-086f4a8db6eb.Reason : 8466bef0-9559-4d2e-b20d-aaf3fd2b14fd has not seen follower/s 897fdfd8-a3cb-4c9b-9ef8-a626c4e76414 for 155150ms 90957f92-0013-496b-a419-9c1212c810e8 for 155160ms
2019-09-12 04:17:30,574 [EventQueue-PipelineActionsForPipelineActionHandler] ERROR pipeline.PipelineActionHandler (PipelineActionHandler.java:onMessage(60)) - Received pipeline action CLOSE for Pipeline[ Id: 56c965c9-1bab-4552-b305-086f4a8db6eb, Nodes: 90957f92-0013-496b-a419-9c1212c810e8{ip: 192.168.34.8, host: pr-hdds-1879-pbs75-1821932185, networkLocation: /default-rack, certSerialId: null}8466bef0-9559-4d2e-b20d-aaf3fd2b14fd{ip: 192.168.34.8, host: pr-hdds-1879-pbs75-1821932185, networkLocation: /default-rack, certSerialId: null}897fdfd8-a3cb-4c9b-9ef8-a626c4e76414{ip: 192.168.34.8, host: pr-hdds-1879-pbs75-1821932185, networkLocation: /default-rack, certSerialId: null}, Type:RATIS, Factor:THREE, State:CLOSED] from datanode 8466bef0-9559-4d2e-b20d-aaf3fd2b14fd{ip: 192.168.34.8, host: pr-hdds-1879-pbs75-1821932185, networkLocation: /default-rack, certSerialId: null}. Reason : 8466bef0-9559-4d2e-b20d-aaf3fd2b14fd has not seen follower/s 897fdfd8-a3cb-4c9b-9ef8-a626c4e76414 for 155150ms 90957f92-0013-496b-a419-9c1212c810e8 for 155160ms
2019-09-12 04:17:30,574 [EventQueue-PipelineActionsForPipelineActionHandler] INFO  pipeline.SCMPipelineManager (SCMPipelineManager.java:finalizeAndDestroyPipeline(311)) - destroying pipeline:Pipeline[ Id: 56c965c9-1bab-4552-b305-086f4a8db6eb, Nodes: 90957f92-0013-496b-a419-9c1212c810e8{ip: 192.168.34.8, host: pr-hdds-1879-pbs75-1821932185, networkLocation: /default-rack, certSerialId: null}8466bef0-9559-4d2e-b20d-aaf3fd2b14fd{ip: 192.168.34.8, host: pr-hdds-1879-pbs75-1821932185, networkLocation: /default-rack, certSerialId: null}897fdfd8-a3cb-4c9b-9ef8-a626c4e76414{ip: 192.168.34.8, host: pr-hdds-1879-pbs75-1821932185, networkLocation: /default-rack, certSerialId: null}, Type:RATIS, Factor:THREE, State:CLOSED]
2019-09-12 04:17:30,579 [java.util.concurrent.ThreadPoolExecutor$Worker@1335c7b[State = -1, empty queue]] WARN  server.GrpcLogAppender (GrpcLogAppender.java:timeoutAppendRequest(200)) - 8466bef0-9559-4d2e-b20d-aaf3fd2b14fd@group-086F4A8DB6EB->90957f92-0013-496b-a419-9c1212c810e8-GrpcLogAppender: appendEntries Timeout, request=8466bef0-9559-4d2e-b20d-aaf3fd2b14fd->90957f92-0013-496b-a419-9c1212c810e8#82-t2, previous=(t:2, i:21), leaderCommit=16, initializing? false, entries: <empty>
2019-09-12 04:17:30,580 [java.util.concurrent.ThreadPoolExecutor$Worker@155a4cd5[State = -1, empty queue]] WARN  server.GrpcLogAppender (GrpcLogAppender.java:timeoutAppendRequest(200)) - 8466bef0-9559-4d2e-b20d-aaf3fd2b14fd@group-086F4A8DB6EB->897fdfd8-a3cb-4c9b-9ef8-a626c4e76414-GrpcLogAppender: appendEntries Timeout, request=8466bef0-9559-4d2e-b20d-aaf3fd2b14fd->897fdfd8-a3cb-4c9b-9ef8-a626c4e76414#82-t2, previous=(t:2, i:21), leaderCommit=16, initializing? false, entries: <empty>
2019-09-12 04:17:31,675 [grpc-default-executor-8] INFO  client.GrpcClientProtocolClient (GrpcClientProtocolClient.java:onNext(264)) - client-B5F51BC26AA5->90957f92-0013-496b-a419-9c1212c810e8: receive RaftClientReply:client-B5F51BC26AA5->90957f92-0013-496b-a419-9c1212c810e8@group-086F4A8DB6EB, cid=82, FAILED org.apache.ratis.protocol.NotLeaderException: Server 90957f92-0013-496b-a419-9c1212c810e8@group-086F4A8DB6EB is not the leader 8466bef0-9559-4d2e-b20d-aaf3fd2b14fd:192.168.34.8:32905, logIndex=0, commits[90957f92-0013-496b-a419-9c1212c810e8:c16, 897fdfd8-a3cb-4c9b-9ef8-a626c4e76414:c12, 8466bef0-9559-4d2e-b20d-aaf3fd2b14fd:c16]
2019-09-12 04:17:32,582 [org.apache.ratis.server.impl.LogAppender$AppenderDaemon$$Lambda$495/740911003@7e36c73c] ERROR ratis.XceiverServerRatis (XceiverServerRatis.java:triggerPipelineClose(568)) - pipeline Action CLOSE  on pipeline PipelineID=56c965c9-1bab-4552-b305-086f4a8db6eb.Reason : 8466bef0-9559-4d2e-b20d-aaf3fd2b14fd has not seen follower/s 897fdfd8-a3cb-4c9b-9ef8-a626c4e76414 for 157651ms 90957f92-0013-496b-a419-9c1212c810e8 for 157661ms
2019-09-12 04:17:32,582 [org.apache.ratis.server.impl.LogAppender$AppenderDaemon$$Lambda$495/740911003@2e00fbf1] ERROR ratis.XceiverServerRatis (XceiverServerRatis.java:triggerPipelineClose(568)) - pipeline Action CLOSE  on pipeline PipelineID=56c965c9-1bab-4552-b305-086f4a8db6eb.Reason : 8466bef0-9559-4d2e-b20d-aaf3fd2b14fd has not seen follower/s 897fdfd8-a3cb-4c9b-9ef8-a626c4e76414 for 157651ms 90957f92-0013-496b-a419-9c1212c810e8 for 157661ms
2019-09-12 04:17:33,081 [java.util.concurrent.ThreadPoolExecutor$Worker@155a4cd5[State = -1, empty queue]] WARN  server.GrpcLogAppender (GrpcLogAppender.java:timeoutAppendRequest(200)) - 8466bef0-9559-4d2e-b20d-aaf3fd2b14fd@group-086F4A8DB6EB->897fdfd8-a3cb-4c9b-9ef8-a626c4e76414-GrpcLogAppender: appendEntries Timeout, request=8466bef0-9559-4d2e-b20d-aaf3fd2b14fd->897fdfd8-a3cb-4c9b-9ef8-a626c4e76414#83-t2, previous=(t:2, i:21), leaderCommit=16, initializing? false, entries: <empty>
2019-09-12 04:17:33,081 [java.util.concurrent.ThreadPoolExecutor$Worker@1335c7b[State = -1, empty queue]] WARN  server.GrpcLogAppender (GrpcLogAppender.java:timeoutAppendRequest(200)) - 8466bef0-9559-4d2e-b20d-aaf3fd2b14fd@group-086F4A8DB6EB->90957f92-0013-496b-a419-9c1212c810e8-GrpcLogAppender: appendEntries Timeout, request=8466bef0-9559-4d2e-b20d-aaf3fd2b14fd->90957f92-0013-496b-a419-9c1212c810e8#83-t2, previous=(t:2, i:21), leaderCommit=16, initializing? false, entries: <empty>
2019-09-12 04:17:33,576 [EventQueue-PipelineActionsForPipelineActionHandler] ERROR pipeline.PipelineActionHandler (PipelineActionHandler.java:onMessage(60)) - Received pipeline action CLOSE for Pipeline[ Id: 56c965c9-1bab-4552-b305-086f4a8db6eb, Nodes: 90957f92-0013-496b-a419-9c1212c810e8{ip: 192.168.34.8, host: pr-hdds-1879-pbs75-1821932185, networkLocation: /default-rack, certSerialId: null}8466bef0-9559-4d2e-b20d-aaf3fd2b14fd{ip: 192.168.34.8, host: pr-hdds-1879-pbs75-1821932185, networkLocation: /default-rack, certSerialId: null}897fdfd8-a3cb-4c9b-9ef8-a626c4e76414{ip: 192.168.34.8, host: pr-hdds-1879-pbs75-1821932185, networkLocation: /default-rack, certSerialId: null}, Type:RATIS, Factor:THREE, State:CLOSED] from datanode 8466bef0-9559-4d2e-b20d-aaf3fd2b14fd{ip: 192.168.34.8, host: pr-hdds-1879-pbs75-1821932185, networkLocation: /default-rack, certSerialId: null}. Reason : 8466bef0-9559-4d2e-b20d-aaf3fd2b14fd has not seen follower/s 897fdfd8-a3cb-4c9b-9ef8-a626c4e76414 for 157651ms 90957f92-0013-496b-a419-9c1212c810e8 for 157661ms
2019-09-12 04:17:33,576 [EventQueue-PipelineActionsForPipelineActionHandler] INFO  pipeline.SCMPipelineManager (SCMPipelineManager.java:finalizeAndDestroyPipeline(311)) - destroying pipeline:Pipeline[ Id: 56c965c9-1bab-4552-b305-086f4a8db6eb, Nodes: 90957f92-0013-496b-a419-9c1212c810e8{ip: 192.168.34.8, host: pr-hdds-1879-pbs75-1821932185, networkLocation: /default-rack, certSerialId: null}8466bef0-9559-4d2e-b20d-aaf3fd2b14fd{ip: 192.168.34.8, host: pr-hdds-1879-pbs75-1821932185, networkLocation: /default-rack, certSerialId: null}897fdfd8-a3cb-4c9b-9ef8-a626c4e76414{ip: 192.168.34.8, host: pr-hdds-1879-pbs75-1821932185, networkLocation: /default-rack, certSerialId: null}, Type:RATIS, Factor:THREE, State:CLOSED]
2019-09-12 04:17:35,083 [org.apache.ratis.server.impl.LogAppender$AppenderDaemon$$Lambda$495/740911003@7e36c73c] ERROR ratis.XceiverServerRatis (XceiverServerRatis.java:triggerPipelineClose(568)) - pipeline Action CLOSE  on pipeline PipelineID=56c965c9-1bab-4552-b305-086f4a8db6eb.Reason : 8466bef0-9559-4d2e-b20d-aaf3fd2b14fd has not seen follower/s 897fdfd8-a3cb-4c9b-9ef8-a626c4e76414 for 160152ms 90957f92-0013-496b-a419-9c1212c810e8 for 160162ms
2019-09-12 04:17:35,083 [org.apache.ratis.server.impl.LogAppender$AppenderDaemon$$Lambda$495/740911003@2e00fbf1] ERROR ratis.XceiverServerRatis (XceiverServerRatis.java:triggerPipelineClose(568)) - pipeline Action CLOSE  on pipeline PipelineID=56c965c9-1bab-4552-b305-086f4a8db6eb.Reason : 8466bef0-9559-4d2e-b20d-aaf3fd2b14fd has not seen follower/s 897fdfd8-a3cb-4c9b-9ef8-a626c4e76414 for 160152ms 90957f92-0013-496b-a419-9c1212c810e8 for 160162ms
2019-09-12 04:17:35,088 [8466bef0-9559-4d2e-b20d-aaf3fd2b14fd@group-086F4A8DB6EB-SegmentedRaftLogWorker] WARN  segmented.SegmentedRaftLogWorker (SegmentedRaftLogWorker.java:getFromFuture(90)) - Timeout 15/~
org.apache.ratis.protocol.TimeoutIOException: Timeout 10s: WriteLog:17: (t:2, i:17), STATEMACHINELOGENTRY, client-B5F51BC26AA5, cid=82-writeStateMachineData
	at org.apache.ratis.util.IOUtils.getFromFuture(IOUtils.java:87)
	at org.apache.ratis.server.raftlog.segmented.SegmentedRaftLogWorker$StateMachineDataPolicy.getFromFuture(SegmentedRaftLogWorker.java:87)
	at org.apache.ratis.server.raftlog.segmented.SegmentedRaftLogWorker$WriteLog.execute(SegmentedRaftLogWorker.java:477)
	at org.apache.ratis.server.raftlog.segmented.SegmentedRaftLogWorker.run(SegmentedRaftLogWorker.java:289)
	at java.lang.Thread.run(Thread.java:748)
Caused by: java.util.concurrent.TimeoutException
	at java.util.concurrent.CompletableFuture.timedGet(CompletableFuture.java:1771)
	at java.util.concurrent.CompletableFuture.get(CompletableFuture.java:1915)
	at org.apache.ratis.util.IOUtils.getFromFuture(IOUtils.java:79)
	... 4 more
2019-09-12 04:17:35,111 [90957f92-0013-496b-a419-9c1212c810e8@group-086F4A8DB6EB-SegmentedRaftLogWorker] WARN  segmented.SegmentedRaftLogWorker (SegmentedRaftLogWorker.java:getFromFuture(90)) - Timeout 15/~
org.apache.ratis.protocol.TimeoutIOException: Timeout 10s: WriteLog:17: (t:2, i:17), STATEMACHINELOGENTRY, client-B5F51BC26AA5, cid=82-writeStateMachineData
	at org.apache.ratis.util.IOUtils.getFromFuture(IOUtils.java:87)
	at org.apache.ratis.server.raftlog.segmented.SegmentedRaftLogWorker$StateMachineDataPolicy.getFromFuture(SegmentedRaftLogWorker.java:87)
	at org.apache.ratis.server.raftlog.segmented.SegmentedRaftLogWorker$WriteLog.execute(SegmentedRaftLogWorker.java:477)
	at org.apache.ratis.server.raftlog.segmented.SegmentedRaftLogWorker.run(SegmentedRaftLogWorker.java:289)
	at java.lang.Thread.run(Thread.java:748)
Caused by: java.util.concurrent.TimeoutException
	at java.util.concurrent.CompletableFuture.timedGet(CompletableFuture.java:1771)
	at java.util.concurrent.CompletableFuture.get(CompletableFuture.java:1915)
	at org.apache.ratis.util.IOUtils.getFromFuture(IOUtils.java:79)
	... 4 more
2019-09-12 04:17:35,302 [897fdfd8-a3cb-4c9b-9ef8-a626c4e76414@group-086F4A8DB6EB-SegmentedRaftLogWorker] WARN  segmented.SegmentedRaftLogWorker (SegmentedRaftLogWorker.java:getFromFuture(90)) - Timeout 15/~
org.apache.ratis.protocol.TimeoutIOException: Timeout 10s: WriteLog:19: (t:2, i:19), STATEMACHINELOGENTRY, client-B5F51BC26AA5, cid=84-writeStateMachineData
	at org.apache.ratis.util.IOUtils.getFromFuture(IOUtils.java:87)
	at org.apache.ratis.server.raftlog.segmented.SegmentedRaftLogWorker$StateMachineDataPolicy.getFromFuture(SegmentedRaftLogWorker.java:87)
	at org.apache.ratis.server.raftlog.segmented.SegmentedRaftLogWorker$WriteLog.execute(SegmentedRaftLogWorker.java:477)
	at org.apache.ratis.server.raftlog.segmented.SegmentedRaftLogWorker.run(SegmentedRaftLogWorker.java:289)
	at java.lang.Thread.run(Thread.java:748)
Caused by: java.util.concurrent.TimeoutException
	at java.util.concurrent.CompletableFuture.timedGet(CompletableFuture.java:1771)
	at java.util.concurrent.CompletableFuture.get(CompletableFuture.java:1915)
	at org.apache.ratis.util.IOUtils.getFromFuture(IOUtils.java:79)
	... 4 more
2019-09-12 04:17:35,576 [EventQueue-PipelineActionsForPipelineActionHandler] ERROR pipeline.PipelineActionHandler (PipelineActionHandler.java:onMessage(60)) - Received pipeline action CLOSE for Pipeline[ Id: 56c965c9-1bab-4552-b305-086f4a8db6eb, Nodes: 90957f92-0013-496b-a419-9c1212c810e8{ip: 192.168.34.8, host: pr-hdds-1879-pbs75-1821932185, networkLocation: /default-rack, certSerialId: null}8466bef0-9559-4d2e-b20d-aaf3fd2b14fd{ip: 192.168.34.8, host: pr-hdds-1879-pbs75-1821932185, networkLocation: /default-rack, certSerialId: null}897fdfd8-a3cb-4c9b-9ef8-a626c4e76414{ip: 192.168.34.8, host: pr-hdds-1879-pbs75-1821932185, networkLocation: /default-rack, certSerialId: null}, Type:RATIS, Factor:THREE, State:CLOSED] from datanode 8466bef0-9559-4d2e-b20d-aaf3fd2b14fd{ip: 192.168.34.8, host: pr-hdds-1879-pbs75-1821932185, networkLocation: /default-rack, certSerialId: null}. Reason : 8466bef0-9559-4d2e-b20d-aaf3fd2b14fd has not seen follower/s 897fdfd8-a3cb-4c9b-9ef8-a626c4e76414 for 160152ms 90957f92-0013-496b-a419-9c1212c810e8 for 160162ms
2019-09-12 04:17:35,577 [EventQueue-PipelineActionsForPipelineActionHandler] INFO  pipeline.SCMPipelineManager (SCMPipelineManager.java:finalizeAndDestroyPipeline(311)) - destroying pipeline:Pipeline[ Id: 56c965c9-1bab-4552-b305-086f4a8db6eb, Nodes: 90957f92-0013-496b-a419-9c1212c810e8{ip: 192.168.34.8, host: pr-hdds-1879-pbs75-1821932185, networkLocation: /default-rack, certSerialId: null}8466bef0-9559-4d2e-b20d-aaf3fd2b14fd{ip: 192.168.34.8, host: pr-hdds-1879-pbs75-1821932185, networkLocation: /default-rack, certSerialId: null}897fdfd8-a3cb-4c9b-9ef8-a626c4e76414{ip: 192.168.34.8, host: pr-hdds-1879-pbs75-1821932185, networkLocation: /default-rack, certSerialId: null}, Type:RATIS, Factor:THREE, State:CLOSED]
2019-09-12 04:17:35,582 [java.util.concurrent.ThreadPoolExecutor$Worker@155a4cd5[State = -1, empty queue]] WARN  server.GrpcLogAppender (GrpcLogAppender.java:timeoutAppendRequest(200)) - 8466bef0-9559-4d2e-b20d-aaf3fd2b14fd@group-086F4A8DB6EB->897fdfd8-a3cb-4c9b-9ef8-a626c4e76414-GrpcLogAppender: appendEntries Timeout, request=8466bef0-9559-4d2e-b20d-aaf3fd2b14fd->897fdfd8-a3cb-4c9b-9ef8-a626c4e76414#84-t2, previous=(t:2, i:21), leaderCommit=16, initializing? false, entries: <empty>
2019-09-12 04:17:35,582 [java.util.concurrent.ThreadPoolExecutor$Worker@1335c7b[State = -1, empty queue]] WARN  server.GrpcLogAppender (GrpcLogAppender.java:timeoutAppendRequest(200)) - 8466bef0-9559-4d2e-b20d-aaf3fd2b14fd@group-086F4A8DB6EB->90957f92-0013-496b-a419-9c1212c810e8-GrpcLogAppender: appendEntries Timeout, request=8466bef0-9559-4d2e-b20d-aaf3fd2b14fd->90957f92-0013-496b-a419-9c1212c810e8#84-t2, previous=(t:2, i:21), leaderCommit=16, initializing? false, entries: <empty>
2019-09-12 04:17:36,743 [grpc-default-executor-8] INFO  client.GrpcClientProtocolClient (GrpcClientProtocolClient.java:onNext(264)) - client-B5F51BC26AA5->90957f92-0013-496b-a419-9c1212c810e8: receive RaftClientReply:client-B5F51BC26AA5->90957f92-0013-496b-a419-9c1212c810e8@group-086F4A8DB6EB, cid=82, FAILED org.apache.ratis.protocol.NotLeaderException: Server 90957f92-0013-496b-a419-9c1212c810e8@group-086F4A8DB6EB is not the leader 8466bef0-9559-4d2e-b20d-aaf3fd2b14fd:192.168.34.8:32905, logIndex=0, commits[90957f92-0013-496b-a419-9c1212c810e8:c16, 897fdfd8-a3cb-4c9b-9ef8-a626c4e76414:c12, 8466bef0-9559-4d2e-b20d-aaf3fd2b14fd:c16]
2019-09-12 04:17:37,584 [org.apache.ratis.server.impl.LogAppender$AppenderDaemon$$Lambda$495/740911003@7e36c73c] ERROR ratis.XceiverServerRatis (XceiverServerRatis.java:triggerPipelineClose(568)) - pipeline Action CLOSE  on pipeline PipelineID=56c965c9-1bab-4552-b305-086f4a8db6eb.Reason : 8466bef0-9559-4d2e-b20d-aaf3fd2b14fd has not seen follower/s 897fdfd8-a3cb-4c9b-9ef8-a626c4e76414 for 162653ms 90957f92-0013-496b-a419-9c1212c810e8 for 162663ms
2019-09-12 04:17:37,584 [org.apache.ratis.server.impl.LogAppender$AppenderDaemon$$Lambda$495/740911003@2e00fbf1] ERROR ratis.XceiverServerRatis (XceiverServerRatis.java:triggerPipelineClose(568)) - pipeline Action CLOSE  on pipeline PipelineID=56c965c9-1bab-4552-b305-086f4a8db6eb.Reason : 8466bef0-9559-4d2e-b20d-aaf3fd2b14fd has not seen follower/s 897fdfd8-a3cb-4c9b-9ef8-a626c4e76414 for 162653ms 90957f92-0013-496b-a419-9c1212c810e8 for 162663ms
2019-09-12 04:17:38,082 [java.util.concurrent.ThreadPoolExecutor$Worker@155a4cd5[State = -1, empty queue]] WARN  server.GrpcLogAppender (GrpcLogAppender.java:timeoutAppendRequest(200)) - 8466bef0-9559-4d2e-b20d-aaf3fd2b14fd@group-086F4A8DB6EB->897fdfd8-a3cb-4c9b-9ef8-a626c4e76414-GrpcLogAppender: appendEntries Timeout, request=8466bef0-9559-4d2e-b20d-aaf3fd2b14fd->897fdfd8-a3cb-4c9b-9ef8-a626c4e76414#85-t2, previous=(t:2, i:21), leaderCommit=16, initializing? false, entries: <empty>
2019-09-12 04:17:38,082 [java.util.concurrent.ThreadPoolExecutor$Worker@1335c7b[State = -1, empty queue]] WARN  server.GrpcLogAppender (GrpcLogAppender.java:timeoutAppendRequest(200)) - 8466bef0-9559-4d2e-b20d-aaf3fd2b14fd@group-086F4A8DB6EB->90957f92-0013-496b-a419-9c1212c810e8-GrpcLogAppender: appendEntries Timeout, request=8466bef0-9559-4d2e-b20d-aaf3fd2b14fd->90957f92-0013-496b-a419-9c1212c810e8#85-t2, previous=(t:2, i:21), leaderCommit=16, initializing? false, entries: <empty>
2019-09-12 04:17:38,577 [EventQueue-PipelineActionsForPipelineActionHandler] ERROR pipeline.PipelineActionHandler (PipelineActionHandler.java:onMessage(60)) - Received pipeline action CLOSE for Pipeline[ Id: 56c965c9-1bab-4552-b305-086f4a8db6eb, Nodes: 90957f92-0013-496b-a419-9c1212c810e8{ip: 192.168.34.8, host: pr-hdds-1879-pbs75-1821932185, networkLocation: /default-rack, certSerialId: null}8466bef0-9559-4d2e-b20d-aaf3fd2b14fd{ip: 192.168.34.8, host: pr-hdds-1879-pbs75-1821932185, networkLocation: /default-rack, certSerialId: null}897fdfd8-a3cb-4c9b-9ef8-a626c4e76414{ip: 192.168.34.8, host: pr-hdds-1879-pbs75-1821932185, networkLocation: /default-rack, certSerialId: null}, Type:RATIS, Factor:THREE, State:CLOSED] from datanode 8466bef0-9559-4d2e-b20d-aaf3fd2b14fd{ip: 192.168.34.8, host: pr-hdds-1879-pbs75-1821932185, networkLocation: /default-rack, certSerialId: null}. Reason : 8466bef0-9559-4d2e-b20d-aaf3fd2b14fd has not seen follower/s 897fdfd8-a3cb-4c9b-9ef8-a626c4e76414 for 162653ms 90957f92-0013-496b-a419-9c1212c810e8 for 162663ms
2019-09-12 04:17:38,577 [EventQueue-PipelineActionsForPipelineActionHandler] INFO  pipeline.SCMPipelineManager (SCMPipelineManager.java:finalizeAndDestroyPipeline(311)) - destroying pipeline:Pipeline[ Id: 56c965c9-1bab-4552-b305-086f4a8db6eb, Nodes: 90957f92-0013-496b-a419-9c1212c810e8{ip: 192.168.34.8, host: pr-hdds-1879-pbs75-1821932185, networkLocation: /default-rack, certSerialId: null}8466bef0-9559-4d2e-b20d-aaf3fd2b14fd{ip: 192.168.34.8, host: pr-hdds-1879-pbs75-1821932185, networkLocation: /default-rack, certSerialId: null}897fdfd8-a3cb-4c9b-9ef8-a626c4e76414{ip: 192.168.34.8, host: pr-hdds-1879-pbs75-1821932185, networkLocation: /default-rack, certSerialId: null}, Type:RATIS, Factor:THREE, State:CLOSED]
2019-09-12 04:17:40,086 [org.apache.ratis.server.impl.LogAppender$AppenderDaemon$$Lambda$495/740911003@7e36c73c] ERROR ratis.XceiverServerRatis (XceiverServerRatis.java:triggerPipelineClose(568)) - pipeline Action CLOSE  on pipeline PipelineID=56c965c9-1bab-4552-b305-086f4a8db6eb.Reason : 8466bef0-9559-4d2e-b20d-aaf3fd2b14fd has not seen follower/s 897fdfd8-a3cb-4c9b-9ef8-a626c4e76414 for 165155ms 90957f92-0013-496b-a419-9c1212c810e8 for 165165ms
2019-09-12 04:17:40,086 [org.apache.ratis.server.impl.LogAppender$AppenderDaemon$$Lambda$495/740911003@2e00fbf1] ERROR ratis.XceiverServerRatis (XceiverServerRatis.java:triggerPipelineClose(568)) - pipeline Action CLOSE  on pipeline PipelineID=56c965c9-1bab-4552-b305-086f4a8db6eb.Reason : 8466bef0-9559-4d2e-b20d-aaf3fd2b14fd has not seen follower/s 897fdfd8-a3cb-4c9b-9ef8-a626c4e76414 for 165155ms 90957f92-0013-496b-a419-9c1212c810e8 for 165165ms
2019-09-12 04:17:40,577 [EventQueue-PipelineActionsForPipelineActionHandler] ERROR pipeline.PipelineActionHandler (PipelineActionHandler.java:onMessage(60)) - Received pipeline action CLOSE for Pipeline[ Id: 56c965c9-1bab-4552-b305-086f4a8db6eb, Nodes: 90957f92-0013-496b-a419-9c1212c810e8{ip: 192.168.34.8, host: pr-hdds-1879-pbs75-1821932185, networkLocation: /default-rack, certSerialId: null}8466bef0-9559-4d2e-b20d-aaf3fd2b14fd{ip: 192.168.34.8, host: pr-hdds-1879-pbs75-1821932185, networkLocation: /default-rack, certSerialId: null}897fdfd8-a3cb-4c9b-9ef8-a626c4e76414{ip: 192.168.34.8, host: pr-hdds-1879-pbs75-1821932185, networkLocation: /default-rack, certSerialId: null}, Type:RATIS, Factor:THREE, State:CLOSED] from datanode 8466bef0-9559-4d2e-b20d-aaf3fd2b14fd{ip: 192.168.34.8, host: pr-hdds-1879-pbs75-1821932185, networkLocation: /default-rack, certSerialId: null}. Reason : 8466bef0-9559-4d2e-b20d-aaf3fd2b14fd has not seen follower/s 897fdfd8-a3cb-4c9b-9ef8-a626c4e76414 for 165155ms 90957f92-0013-496b-a419-9c1212c810e8 for 165165ms
2019-09-12 04:17:40,577 [EventQueue-PipelineActionsForPipelineActionHandler] INFO  pipeline.SCMPipelineManager (SCMPipelineManager.java:finalizeAndDestroyPipeline(311)) - destroying pipeline:Pipeline[ Id: 56c965c9-1bab-4552-b305-086f4a8db6eb, Nodes: 90957f92-0013-496b-a419-9c1212c810e8{ip: 192.168.34.8, host: pr-hdds-1879-pbs75-1821932185, networkLocation: /default-rack, certSerialId: null}8466bef0-9559-4d2e-b20d-aaf3fd2b14fd{ip: 192.168.34.8, host: pr-hdds-1879-pbs75-1821932185, networkLocation: /default-rack, certSerialId: null}897fdfd8-a3cb-4c9b-9ef8-a626c4e76414{ip: 192.168.34.8, host: pr-hdds-1879-pbs75-1821932185, networkLocation: /default-rack, certSerialId: null}, Type:RATIS, Factor:THREE, State:CLOSED]
2019-09-12 04:17:40,583 [java.util.concurrent.ThreadPoolExecutor$Worker@155a4cd5[State = -1, empty queue]] WARN  server.GrpcLogAppender (GrpcLogAppender.java:timeoutAppendRequest(200)) - 8466bef0-9559-4d2e-b20d-aaf3fd2b14fd@group-086F4A8DB6EB->897fdfd8-a3cb-4c9b-9ef8-a626c4e76414-GrpcLogAppender: appendEntries Timeout, request=8466bef0-9559-4d2e-b20d-aaf3fd2b14fd->897fdfd8-a3cb-4c9b-9ef8-a626c4e76414#86-t2, previous=(t:2, i:21), leaderCommit=16, initializing? false, entries: <empty>
2019-09-12 04:17:40,583 [java.util.concurrent.ThreadPoolExecutor$Worker@1335c7b[State = -1, empty queue]] WARN  server.GrpcLogAppender (GrpcLogAppender.java:timeoutAppendRequest(200)) - 8466bef0-9559-4d2e-b20d-aaf3fd2b14fd@group-086F4A8DB6EB->90957f92-0013-496b-a419-9c1212c810e8-GrpcLogAppender: appendEntries Timeout, request=8466bef0-9559-4d2e-b20d-aaf3fd2b14fd->90957f92-0013-496b-a419-9c1212c810e8#86-t2, previous=(t:2, i:21), leaderCommit=16, initializing? false, entries: <empty>
2019-09-12 04:17:41,793 [grpc-default-executor-9] INFO  client.GrpcClientProtocolClient (GrpcClientProtocolClient.java:onNext(264)) - client-B5F51BC26AA5->90957f92-0013-496b-a419-9c1212c810e8: receive RaftClientReply:client-B5F51BC26AA5->90957f92-0013-496b-a419-9c1212c810e8@group-086F4A8DB6EB, cid=82, FAILED org.apache.ratis.protocol.NotLeaderException: Server 90957f92-0013-496b-a419-9c1212c810e8@group-086F4A8DB6EB is not the leader 8466bef0-9559-4d2e-b20d-aaf3fd2b14fd:192.168.34.8:32905, logIndex=0, commits[90957f92-0013-496b-a419-9c1212c810e8:c16, 897fdfd8-a3cb-4c9b-9ef8-a626c4e76414:c12, 8466bef0-9559-4d2e-b20d-aaf3fd2b14fd:c16]
2019-09-12 04:17:42,586 [org.apache.ratis.server.impl.LogAppender$AppenderDaemon$$Lambda$495/740911003@7e36c73c] ERROR ratis.XceiverServerRatis (XceiverServerRatis.java:triggerPipelineClose(568)) - pipeline Action CLOSE  on pipeline PipelineID=56c965c9-1bab-4552-b305-086f4a8db6eb.Reason : 8466bef0-9559-4d2e-b20d-aaf3fd2b14fd has not seen follower/s 897fdfd8-a3cb-4c9b-9ef8-a626c4e76414 for 167655ms 90957f92-0013-496b-a419-9c1212c810e8 for 167665ms
2019-09-12 04:17:42,586 [org.apache.ratis.server.impl.LogAppender$AppenderDaemon$$Lambda$495/740911003@2e00fbf1] ERROR ratis.XceiverServerRatis (XceiverServerRatis.java:triggerPipelineClose(568)) - pipeline Action CLOSE  on pipeline PipelineID=56c965c9-1bab-4552-b305-086f4a8db6eb.Reason : 8466bef0-9559-4d2e-b20d-aaf3fd2b14fd has not seen follower/s 897fdfd8-a3cb-4c9b-9ef8-a626c4e76414 for 167655ms 90957f92-0013-496b-a419-9c1212c810e8 for 167665ms
2019-09-12 04:17:43,085 [java.util.concurrent.ThreadPoolExecutor$Worker@155a4cd5[State = -1, empty queue]] WARN  server.GrpcLogAppender (GrpcLogAppender.java:timeoutAppendRequest(200)) - 8466bef0-9559-4d2e-b20d-aaf3fd2b14fd@group-086F4A8DB6EB->897fdfd8-a3cb-4c9b-9ef8-a626c4e76414-GrpcLogAppender: appendEntries Timeout, request=8466bef0-9559-4d2e-b20d-aaf3fd2b14fd->897fdfd8-a3cb-4c9b-9ef8-a626c4e76414#87-t2, previous=(t:2, i:21), leaderCommit=16, initializing? false, entries: <empty>
2019-09-12 04:17:43,085 [java.util.concurrent.ThreadPoolExecutor$Worker@1335c7b[State = -1, empty queue]] WARN  server.GrpcLogAppender (GrpcLogAppender.java:timeoutAppendRequest(200)) - 8466bef0-9559-4d2e-b20d-aaf3fd2b14fd@group-086F4A8DB6EB->90957f92-0013-496b-a419-9c1212c810e8-GrpcLogAppender: appendEntries Timeout, request=8466bef0-9559-4d2e-b20d-aaf3fd2b14fd->90957f92-0013-496b-a419-9c1212c810e8#87-t2, previous=(t:2, i:21), leaderCommit=16, initializing? false, entries: <empty>
2019-09-12 04:17:43,577 [EventQueue-PipelineActionsForPipelineActionHandler] ERROR pipeline.PipelineActionHandler (PipelineActionHandler.java:onMessage(60)) - Received pipeline action CLOSE for Pipeline[ Id: 56c965c9-1bab-4552-b305-086f4a8db6eb, Nodes: 90957f92-0013-496b-a419-9c1212c810e8{ip: 192.168.34.8, host: pr-hdds-1879-pbs75-1821932185, networkLocation: /default-rack, certSerialId: null}8466bef0-9559-4d2e-b20d-aaf3fd2b14fd{ip: 192.168.34.8, host: pr-hdds-1879-pbs75-1821932185, networkLocation: /default-rack, certSerialId: null}897fdfd8-a3cb-4c9b-9ef8-a626c4e76414{ip: 192.168.34.8, host: pr-hdds-1879-pbs75-1821932185, networkLocation: /default-rack, certSerialId: null}, Type:RATIS, Factor:THREE, State:CLOSED] from datanode 8466bef0-9559-4d2e-b20d-aaf3fd2b14fd{ip: 192.168.34.8, host: pr-hdds-1879-pbs75-1821932185, networkLocation: /default-rack, certSerialId: null}. Reason : 8466bef0-9559-4d2e-b20d-aaf3fd2b14fd has not seen follower/s 897fdfd8-a3cb-4c9b-9ef8-a626c4e76414 for 167655ms 90957f92-0013-496b-a419-9c1212c810e8 for 167665ms
2019-09-12 04:17:43,578 [EventQueue-PipelineActionsForPipelineActionHandler] INFO  pipeline.SCMPipelineManager (SCMPipelineManager.java:finalizeAndDestroyPipeline(311)) - destroying pipeline:Pipeline[ Id: 56c965c9-1bab-4552-b305-086f4a8db6eb, Nodes: 90957f92-0013-496b-a419-9c1212c810e8{ip: 192.168.34.8, host: pr-hdds-1879-pbs75-1821932185, networkLocation: /default-rack, certSerialId: null}8466bef0-9559-4d2e-b20d-aaf3fd2b14fd{ip: 192.168.34.8, host: pr-hdds-1879-pbs75-1821932185, networkLocation: /default-rack, certSerialId: null}897fdfd8-a3cb-4c9b-9ef8-a626c4e76414{ip: 192.168.34.8, host: pr-hdds-1879-pbs75-1821932185, networkLocation: /default-rack, certSerialId: null}, Type:RATIS, Factor:THREE, State:CLOSED]
2019-09-12 04:17:45,086 [org.apache.ratis.server.impl.LogAppender$AppenderDaemon$$Lambda$495/740911003@2e00fbf1] ERROR ratis.XceiverServerRatis (XceiverServerRatis.java:triggerPipelineClose(568)) - pipeline Action CLOSE  on pipeline PipelineID=56c965c9-1bab-4552-b305-086f4a8db6eb.Reason : 8466bef0-9559-4d2e-b20d-aaf3fd2b14fd has not seen follower/s 897fdfd8-a3cb-4c9b-9ef8-a626c4e76414 for 170156ms 90957f92-0013-496b-a419-9c1212c810e8 for 170166ms
2019-09-12 04:17:45,087 [org.apache.ratis.server.impl.LogAppender$AppenderDaemon$$Lambda$495/740911003@7e36c73c] ERROR ratis.XceiverServerRatis (XceiverServerRatis.java:triggerPipelineClose(568)) - pipeline Action CLOSE  on pipeline PipelineID=56c965c9-1bab-4552-b305-086f4a8db6eb.Reason : 8466bef0-9559-4d2e-b20d-aaf3fd2b14fd has not seen follower/s 897fdfd8-a3cb-4c9b-9ef8-a626c4e76414 for 170156ms 90957f92-0013-496b-a419-9c1212c810e8 for 170166ms
2019-09-12 04:17:45,089 [8466bef0-9559-4d2e-b20d-aaf3fd2b14fd@group-086F4A8DB6EB-SegmentedRaftLogWorker] WARN  segmented.SegmentedRaftLogWorker (SegmentedRaftLogWorker.java:getFromFuture(90)) - Timeout 16/~
org.apache.ratis.protocol.TimeoutIOException: Timeout 10s: WriteLog:17: (t:2, i:17), STATEMACHINELOGENTRY, client-B5F51BC26AA5, cid=82-writeStateMachineData
	at org.apache.ratis.util.IOUtils.getFromFuture(IOUtils.java:87)
	at org.apache.ratis.server.raftlog.segmented.SegmentedRaftLogWorker$StateMachineDataPolicy.getFromFuture(SegmentedRaftLogWorker.java:87)
	at org.apache.ratis.server.raftlog.segmented.SegmentedRaftLogWorker$WriteLog.execute(SegmentedRaftLogWorker.java:477)
	at org.apache.ratis.server.raftlog.segmented.SegmentedRaftLogWorker.run(SegmentedRaftLogWorker.java:289)
	at java.lang.Thread.run(Thread.java:748)
Caused by: java.util.concurrent.TimeoutException
	at java.util.concurrent.CompletableFuture.timedGet(CompletableFuture.java:1771)
	at java.util.concurrent.CompletableFuture.get(CompletableFuture.java:1915)
	at org.apache.ratis.util.IOUtils.getFromFuture(IOUtils.java:79)
	... 4 more
2019-09-12 04:17:45,140 [90957f92-0013-496b-a419-9c1212c810e8@group-086F4A8DB6EB-SegmentedRaftLogWorker] WARN  segmented.SegmentedRaftLogWorker (SegmentedRaftLogWorker.java:getFromFuture(90)) - Timeout 16/~
org.apache.ratis.protocol.TimeoutIOException: Timeout 10s: WriteLog:17: (t:2, i:17), STATEMACHINELOGENTRY, client-B5F51BC26AA5, cid=82-writeStateMachineData
	at org.apache.ratis.util.IOUtils.getFromFuture(IOUtils.java:87)
	at org.apache.ratis.server.raftlog.segmented.SegmentedRaftLogWorker$StateMachineDataPolicy.getFromFuture(SegmentedRaftLogWorker.java:87)
	at org.apache.ratis.server.raftlog.segmented.SegmentedRaftLogWorker$WriteLog.execute(SegmentedRaftLogWorker.java:477)
	at org.apache.ratis.server.raftlog.segmented.SegmentedRaftLogWorker.run(SegmentedRaftLogWorker.java:289)
	at java.lang.Thread.run(Thread.java:748)
Caused by: java.util.concurrent.TimeoutException
	at java.util.concurrent.CompletableFuture.timedGet(CompletableFuture.java:1771)
	at java.util.concurrent.CompletableFuture.get(CompletableFuture.java:1915)
	at org.apache.ratis.util.IOUtils.getFromFuture(IOUtils.java:79)
	... 4 more
2019-09-12 04:17:45,303 [897fdfd8-a3cb-4c9b-9ef8-a626c4e76414@group-086F4A8DB6EB-SegmentedRaftLogWorker] WARN  segmented.SegmentedRaftLogWorker (SegmentedRaftLogWorker.java:getFromFuture(90)) - Timeout 16/~
org.apache.ratis.protocol.TimeoutIOException: Timeout 10s: WriteLog:19: (t:2, i:19), STATEMACHINELOGENTRY, client-B5F51BC26AA5, cid=84-writeStateMachineData
	at org.apache.ratis.util.IOUtils.getFromFuture(IOUtils.java:87)
	at org.apache.ratis.server.raftlog.segmented.SegmentedRaftLogWorker$StateMachineDataPolicy.getFromFuture(SegmentedRaftLogWorker.java:87)
	at org.apache.ratis.server.raftlog.segmented.SegmentedRaftLogWorker$WriteLog.execute(SegmentedRaftLogWorker.java:477)
	at org.apache.ratis.server.raftlog.segmented.SegmentedRaftLogWorker.run(SegmentedRaftLogWorker.java:289)
	at java.lang.Thread.run(Thread.java:748)
Caused by: java.util.concurrent.TimeoutException
	at java.util.concurrent.CompletableFuture.timedGet(CompletableFuture.java:1771)
	at java.util.concurrent.CompletableFuture.get(CompletableFuture.java:1915)
	at org.apache.ratis.util.IOUtils.getFromFuture(IOUtils.java:79)
	... 4 more
2019-09-12 04:17:45,578 [EventQueue-PipelineActionsForPipelineActionHandler] ERROR pipeline.PipelineActionHandler (PipelineActionHandler.java:onMessage(60)) - Received pipeline action CLOSE for Pipeline[ Id: 56c965c9-1bab-4552-b305-086f4a8db6eb, Nodes: 90957f92-0013-496b-a419-9c1212c810e8{ip: 192.168.34.8, host: pr-hdds-1879-pbs75-1821932185, networkLocation: /default-rack, certSerialId: null}8466bef0-9559-4d2e-b20d-aaf3fd2b14fd{ip: 192.168.34.8, host: pr-hdds-1879-pbs75-1821932185, networkLocation: /default-rack, certSerialId: null}897fdfd8-a3cb-4c9b-9ef8-a626c4e76414{ip: 192.168.34.8, host: pr-hdds-1879-pbs75-1821932185, networkLocation: /default-rack, certSerialId: null}, Type:RATIS, Factor:THREE, State:CLOSED] from datanode 8466bef0-9559-4d2e-b20d-aaf3fd2b14fd{ip: 192.168.34.8, host: pr-hdds-1879-pbs75-1821932185, networkLocation: /default-rack, certSerialId: null}. Reason : 8466bef0-9559-4d2e-b20d-aaf3fd2b14fd has not seen follower/s 897fdfd8-a3cb-4c9b-9ef8-a626c4e76414 for 170156ms 90957f92-0013-496b-a419-9c1212c810e8 for 170166ms
2019-09-12 04:17:45,578 [EventQueue-PipelineActionsForPipelineActionHandler] INFO  pipeline.SCMPipelineManager (SCMPipelineManager.java:finalizeAndDestroyPipeline(311)) - destroying pipeline:Pipeline[ Id: 56c965c9-1bab-4552-b305-086f4a8db6eb, Nodes: 90957f92-0013-496b-a419-9c1212c810e8{ip: 192.168.34.8, host: pr-hdds-1879-pbs75-1821932185, networkLocation: /default-rack, certSerialId: null}8466bef0-9559-4d2e-b20d-aaf3fd2b14fd{ip: 192.168.34.8, host: pr-hdds-1879-pbs75-1821932185, networkLocation: /default-rack, certSerialId: null}897fdfd8-a3cb-4c9b-9ef8-a626c4e76414{ip: 192.168.34.8, host: pr-hdds-1879-pbs75-1821932185, networkLocation: /default-rack, certSerialId: null}, Type:RATIS, Factor:THREE, State:CLOSED]
2019-09-12 04:17:45,586 [java.util.concurrent.ThreadPoolExecutor$Worker@1335c7b[State = -1, empty queue]] WARN  server.GrpcLogAppender (GrpcLogAppender.java:timeoutAppendRequest(200)) - 8466bef0-9559-4d2e-b20d-aaf3fd2b14fd@group-086F4A8DB6EB->90957f92-0013-496b-a419-9c1212c810e8-GrpcLogAppender: appendEntries Timeout, request=8466bef0-9559-4d2e-b20d-aaf3fd2b14fd->90957f92-0013-496b-a419-9c1212c810e8#88-t2, previous=(t:2, i:21), leaderCommit=16, initializing? false, entries: <empty>
2019-09-12 04:17:45,586 [java.util.concurrent.ThreadPoolExecutor$Worker@155a4cd5[State = -1, empty queue]] WARN  server.GrpcLogAppender (GrpcLogAppender.java:timeoutAppendRequest(200)) - 8466bef0-9559-4d2e-b20d-aaf3fd2b14fd@group-086F4A8DB6EB->897fdfd8-a3cb-4c9b-9ef8-a626c4e76414-GrpcLogAppender: appendEntries Timeout, request=8466bef0-9559-4d2e-b20d-aaf3fd2b14fd->897fdfd8-a3cb-4c9b-9ef8-a626c4e76414#88-t2, previous=(t:2, i:21), leaderCommit=16, initializing? false, entries: <empty>
2019-09-12 04:17:46,839 [grpc-default-executor-9] INFO  client.GrpcClientProtocolClient (GrpcClientProtocolClient.java:onNext(264)) - client-B5F51BC26AA5->897fdfd8-a3cb-4c9b-9ef8-a626c4e76414: receive RaftClientReply:client-B5F51BC26AA5->897fdfd8-a3cb-4c9b-9ef8-a626c4e76414@group-086F4A8DB6EB, cid=82, FAILED org.apache.ratis.protocol.NotLeaderException: Server 897fdfd8-a3cb-4c9b-9ef8-a626c4e76414@group-086F4A8DB6EB is not the leader 8466bef0-9559-4d2e-b20d-aaf3fd2b14fd:192.168.34.8:32905, logIndex=0, commits[897fdfd8-a3cb-4c9b-9ef8-a626c4e76414:c16, 90957f92-0013-496b-a419-9c1212c810e8:c12, 8466bef0-9559-4d2e-b20d-aaf3fd2b14fd:c16]
2019-09-12 04:17:47,587 [org.apache.ratis.server.impl.LogAppender$AppenderDaemon$$Lambda$495/740911003@2e00fbf1] ERROR ratis.XceiverServerRatis (XceiverServerRatis.java:triggerPipelineClose(568)) - pipeline Action CLOSE  on pipeline PipelineID=56c965c9-1bab-4552-b305-086f4a8db6eb.Reason : 8466bef0-9559-4d2e-b20d-aaf3fd2b14fd has not seen follower/s 897fdfd8-a3cb-4c9b-9ef8-a626c4e76414 for 172656ms 90957f92-0013-496b-a419-9c1212c810e8 for 172667ms
2019-09-12 04:17:47,587 [org.apache.ratis.server.impl.LogAppender$AppenderDaemon$$Lambda$495/740911003@7e36c73c] ERROR ratis.XceiverServerRatis (XceiverServerRatis.java:triggerPipelineClose(568)) - pipeline Action CLOSE  on pipeline PipelineID=56c965c9-1bab-4552-b305-086f4a8db6eb.Reason : 8466bef0-9559-4d2e-b20d-aaf3fd2b14fd has not seen follower/s 897fdfd8-a3cb-4c9b-9ef8-a626c4e76414 for 172657ms 90957f92-0013-496b-a419-9c1212c810e8 for 172667ms
2019-09-12 04:17:48,086 [java.util.concurrent.ThreadPoolExecutor$Worker@1335c7b[State = -1, empty queue]] WARN  server.GrpcLogAppender (GrpcLogAppender.java:timeoutAppendRequest(200)) - 8466bef0-9559-4d2e-b20d-aaf3fd2b14fd@group-086F4A8DB6EB->90957f92-0013-496b-a419-9c1212c810e8-GrpcLogAppender: appendEntries Timeout, request=8466bef0-9559-4d2e-b20d-aaf3fd2b14fd->90957f92-0013-496b-a419-9c1212c810e8#89-t2, previous=(t:2, i:21), leaderCommit=16, initializing? false, entries: <empty>
2019-09-12 04:17:48,087 [java.util.concurrent.ThreadPoolExecutor$Worker@155a4cd5[State = -1, empty queue]] WARN  server.GrpcLogAppender (GrpcLogAppender.java:timeoutAppendRequest(200)) - 8466bef0-9559-4d2e-b20d-aaf3fd2b14fd@group-086F4A8DB6EB->897fdfd8-a3cb-4c9b-9ef8-a626c4e76414-GrpcLogAppender: appendEntries Timeout, request=8466bef0-9559-4d2e-b20d-aaf3fd2b14fd->897fdfd8-a3cb-4c9b-9ef8-a626c4e76414#89-t2, previous=(t:2, i:21), leaderCommit=16, initializing? false, entries: <empty>
2019-09-12 04:17:48,578 [EventQueue-PipelineActionsForPipelineActionHandler] ERROR pipeline.PipelineActionHandler (PipelineActionHandler.java:onMessage(60)) - Received pipeline action CLOSE for Pipeline[ Id: 56c965c9-1bab-4552-b305-086f4a8db6eb, Nodes: 90957f92-0013-496b-a419-9c1212c810e8{ip: 192.168.34.8, host: pr-hdds-1879-pbs75-1821932185, networkLocation: /default-rack, certSerialId: null}8466bef0-9559-4d2e-b20d-aaf3fd2b14fd{ip: 192.168.34.8, host: pr-hdds-1879-pbs75-1821932185, networkLocation: /default-rack, certSerialId: null}897fdfd8-a3cb-4c9b-9ef8-a626c4e76414{ip: 192.168.34.8, host: pr-hdds-1879-pbs75-1821932185, networkLocation: /default-rack, certSerialId: null}, Type:RATIS, Factor:THREE, State:CLOSED] from datanode 8466bef0-9559-4d2e-b20d-aaf3fd2b14fd{ip: 192.168.34.8, host: pr-hdds-1879-pbs75-1821932185, networkLocation: /default-rack, certSerialId: null}. Reason : 8466bef0-9559-4d2e-b20d-aaf3fd2b14fd has not seen follower/s 897fdfd8-a3cb-4c9b-9ef8-a626c4e76414 for 172656ms 90957f92-0013-496b-a419-9c1212c810e8 for 172667ms
2019-09-12 04:17:48,579 [EventQueue-PipelineActionsForPipelineActionHandler] INFO  pipeline.SCMPipelineManager (SCMPipelineManager.java:finalizeAndDestroyPipeline(311)) - destroying pipeline:Pipeline[ Id: 56c965c9-1bab-4552-b305-086f4a8db6eb, Nodes: 90957f92-0013-496b-a419-9c1212c810e8{ip: 192.168.34.8, host: pr-hdds-1879-pbs75-1821932185, networkLocation: /default-rack, certSerialId: null}8466bef0-9559-4d2e-b20d-aaf3fd2b14fd{ip: 192.168.34.8, host: pr-hdds-1879-pbs75-1821932185, networkLocation: /default-rack, certSerialId: null}897fdfd8-a3cb-4c9b-9ef8-a626c4e76414{ip: 192.168.34.8, host: pr-hdds-1879-pbs75-1821932185, networkLocation: /default-rack, certSerialId: null}, Type:RATIS, Factor:THREE, State:CLOSED]
2019-09-12 04:17:50,088 [org.apache.ratis.server.impl.LogAppender$AppenderDaemon$$Lambda$495/740911003@7e36c73c] ERROR ratis.XceiverServerRatis (XceiverServerRatis.java:triggerPipelineClose(568)) - pipeline Action CLOSE  on pipeline PipelineID=56c965c9-1bab-4552-b305-086f4a8db6eb.Reason : 8466bef0-9559-4d2e-b20d-aaf3fd2b14fd has not seen follower/s 897fdfd8-a3cb-4c9b-9ef8-a626c4e76414 for 175157ms 90957f92-0013-496b-a419-9c1212c810e8 for 175167ms
2019-09-12 04:17:50,088 [org.apache.ratis.server.impl.LogAppender$AppenderDaemon$$Lambda$495/740911003@2e00fbf1] ERROR ratis.XceiverServerRatis (XceiverServerRatis.java:triggerPipelineClose(568)) - pipeline Action CLOSE  on pipeline PipelineID=56c965c9-1bab-4552-b305-086f4a8db6eb.Reason : 8466bef0-9559-4d2e-b20d-aaf3fd2b14fd has not seen follower/s 897fdfd8-a3cb-4c9b-9ef8-a626c4e76414 for 175157ms 90957f92-0013-496b-a419-9c1212c810e8 for 175167ms
2019-09-12 04:17:50,578 [EventQueue-PipelineActionsForPipelineActionHandler] ERROR pipeline.PipelineActionHandler (PipelineActionHandler.java:onMessage(60)) - Received pipeline action CLOSE for Pipeline[ Id: 56c965c9-1bab-4552-b305-086f4a8db6eb, Nodes: 90957f92-0013-496b-a419-9c1212c810e8{ip: 192.168.34.8, host: pr-hdds-1879-pbs75-1821932185, networkLocation: /default-rack, certSerialId: null}8466bef0-9559-4d2e-b20d-aaf3fd2b14fd{ip: 192.168.34.8, host: pr-hdds-1879-pbs75-1821932185, networkLocation: /default-rack, certSerialId: null}897fdfd8-a3cb-4c9b-9ef8-a626c4e76414{ip: 192.168.34.8, host: pr-hdds-1879-pbs75-1821932185, networkLocation: /default-rack, certSerialId: null}, Type:RATIS, Factor:THREE, State:CLOSED] from datanode 8466bef0-9559-4d2e-b20d-aaf3fd2b14fd{ip: 192.168.34.8, host: pr-hdds-1879-pbs75-1821932185, networkLocation: /default-rack, certSerialId: null}. Reason : 8466bef0-9559-4d2e-b20d-aaf3fd2b14fd has not seen follower/s 897fdfd8-a3cb-4c9b-9ef8-a626c4e76414 for 175157ms 90957f92-0013-496b-a419-9c1212c810e8 for 175167ms
2019-09-12 04:17:50,579 [EventQueue-PipelineActionsForPipelineActionHandler] INFO  pipeline.SCMPipelineManager (SCMPipelineManager.java:finalizeAndDestroyPipeline(311)) - destroying pipeline:Pipeline[ Id: 56c965c9-1bab-4552-b305-086f4a8db6eb, Nodes: 90957f92-0013-496b-a419-9c1212c810e8{ip: 192.168.34.8, host: pr-hdds-1879-pbs75-1821932185, networkLocation: /default-rack, certSerialId: null}8466bef0-9559-4d2e-b20d-aaf3fd2b14fd{ip: 192.168.34.8, host: pr-hdds-1879-pbs75-1821932185, networkLocation: /default-rack, certSerialId: null}897fdfd8-a3cb-4c9b-9ef8-a626c4e76414{ip: 192.168.34.8, host: pr-hdds-1879-pbs75-1821932185, networkLocation: /default-rack, certSerialId: null}, Type:RATIS, Factor:THREE, State:CLOSED]
2019-09-12 04:17:50,587 [java.util.concurrent.ThreadPoolExecutor$Worker@1335c7b[State = -1, empty queue]] WARN  server.GrpcLogAppender (GrpcLogAppender.java:timeoutAppendRequest(200)) - 8466bef0-9559-4d2e-b20d-aaf3fd2b14fd@group-086F4A8DB6EB->90957f92-0013-496b-a419-9c1212c810e8-GrpcLogAppender: appendEntries Timeout, request=8466bef0-9559-4d2e-b20d-aaf3fd2b14fd->90957f92-0013-496b-a419-9c1212c810e8#90-t2, previous=(t:2, i:21), leaderCommit=16, initializing? false, entries: <empty>
2019-09-12 04:17:50,587 [java.util.concurrent.ThreadPoolExecutor$Worker@155a4cd5[State = -1, empty queue]] WARN  server.GrpcLogAppender (GrpcLogAppender.java:timeoutAppendRequest(200)) - 8466bef0-9559-4d2e-b20d-aaf3fd2b14fd@group-086F4A8DB6EB->897fdfd8-a3cb-4c9b-9ef8-a626c4e76414-GrpcLogAppender: appendEntries Timeout, request=8466bef0-9559-4d2e-b20d-aaf3fd2b14fd->897fdfd8-a3cb-4c9b-9ef8-a626c4e76414#90-t2, previous=(t:2, i:21), leaderCommit=16, initializing? false, entries: <empty>
2019-09-12 04:17:51,892 [grpc-default-executor-6] INFO  client.GrpcClientProtocolClient (GrpcClientProtocolClient.java:onNext(264)) - client-B5F51BC26AA5->90957f92-0013-496b-a419-9c1212c810e8: receive RaftClientReply:client-B5F51BC26AA5->90957f92-0013-496b-a419-9c1212c810e8@group-086F4A8DB6EB, cid=82, FAILED org.apache.ratis.protocol.NotLeaderException: Server 90957f92-0013-496b-a419-9c1212c810e8@group-086F4A8DB6EB is not the leader 8466bef0-9559-4d2e-b20d-aaf3fd2b14fd:192.168.34.8:32905, logIndex=0, commits[90957f92-0013-496b-a419-9c1212c810e8:c16, 897fdfd8-a3cb-4c9b-9ef8-a626c4e76414:c12, 8466bef0-9559-4d2e-b20d-aaf3fd2b14fd:c16]
2019-09-12 04:17:52,589 [org.apache.ratis.server.impl.LogAppender$AppenderDaemon$$Lambda$495/740911003@7e36c73c] ERROR ratis.XceiverServerRatis (XceiverServerRatis.java:triggerPipelineClose(568)) - pipeline Action CLOSE  on pipeline PipelineID=56c965c9-1bab-4552-b305-086f4a8db6eb.Reason : 8466bef0-9559-4d2e-b20d-aaf3fd2b14fd has not seen follower/s 897fdfd8-a3cb-4c9b-9ef8-a626c4e76414 for 177658ms 90957f92-0013-496b-a419-9c1212c810e8 for 177668ms
2019-09-12 04:17:52,589 [org.apache.ratis.server.impl.LogAppender$AppenderDaemon$$Lambda$495/740911003@2e00fbf1] ERROR ratis.XceiverServerRatis (XceiverServerRatis.java:triggerPipelineClose(568)) - pipeline Action CLOSE  on pipeline PipelineID=56c965c9-1bab-4552-b305-086f4a8db6eb.Reason : 8466bef0-9559-4d2e-b20d-aaf3fd2b14fd has not seen follower/s 897fdfd8-a3cb-4c9b-9ef8-a626c4e76414 for 177658ms 90957f92-0013-496b-a419-9c1212c810e8 for 177668ms
2019-09-12 04:17:53,088 [java.util.concurrent.ThreadPoolExecutor$Worker@1335c7b[State = -1, empty queue]] WARN  server.GrpcLogAppender (GrpcLogAppender.java:timeoutAppendRequest(200)) - 8466bef0-9559-4d2e-b20d-aaf3fd2b14fd@group-086F4A8DB6EB->90957f92-0013-496b-a419-9c1212c810e8-GrpcLogAppender: appendEntries Timeout, request=8466bef0-9559-4d2e-b20d-aaf3fd2b14fd->90957f92-0013-496b-a419-9c1212c810e8#91-t2, previous=(t:2, i:21), leaderCommit=16, initializing? false, entries: <empty>
2019-09-12 04:17:53,088 [java.util.concurrent.ThreadPoolExecutor$Worker@155a4cd5[State = -1, empty queue]] WARN  server.GrpcLogAppender (GrpcLogAppender.java:timeoutAppendRequest(200)) - 8466bef0-9559-4d2e-b20d-aaf3fd2b14fd@group-086F4A8DB6EB->897fdfd8-a3cb-4c9b-9ef8-a626c4e76414-GrpcLogAppender: appendEntries Timeout, request=8466bef0-9559-4d2e-b20d-aaf3fd2b14fd->897fdfd8-a3cb-4c9b-9ef8-a626c4e76414#91-t2, previous=(t:2, i:21), leaderCommit=16, initializing? false, entries: <empty>
2019-09-12 04:17:53,579 [EventQueue-PipelineActionsForPipelineActionHandler] ERROR pipeline.PipelineActionHandler (PipelineActionHandler.java:onMessage(60)) - Received pipeline action CLOSE for Pipeline[ Id: 56c965c9-1bab-4552-b305-086f4a8db6eb, Nodes: 90957f92-0013-496b-a419-9c1212c810e8{ip: 192.168.34.8, host: pr-hdds-1879-pbs75-1821932185, networkLocation: /default-rack, certSerialId: null}8466bef0-9559-4d2e-b20d-aaf3fd2b14fd{ip: 192.168.34.8, host: pr-hdds-1879-pbs75-1821932185, networkLocation: /default-rack, certSerialId: null}897fdfd8-a3cb-4c9b-9ef8-a626c4e76414{ip: 192.168.34.8, host: pr-hdds-1879-pbs75-1821932185, networkLocation: /default-rack, certSerialId: null}, Type:RATIS, Factor:THREE, State:CLOSED] from datanode 8466bef0-9559-4d2e-b20d-aaf3fd2b14fd{ip: 192.168.34.8, host: pr-hdds-1879-pbs75-1821932185, networkLocation: /default-rack, certSerialId: null}. Reason : 8466bef0-9559-4d2e-b20d-aaf3fd2b14fd has not seen follower/s 897fdfd8-a3cb-4c9b-9ef8-a626c4e76414 for 177658ms 90957f92-0013-496b-a419-9c1212c810e8 for 177668ms
2019-09-12 04:17:53,579 [EventQueue-PipelineActionsForPipelineActionHandler] INFO  pipeline.SCMPipelineManager (SCMPipelineManager.java:finalizeAndDestroyPipeline(311)) - destroying pipeline:Pipeline[ Id: 56c965c9-1bab-4552-b305-086f4a8db6eb, Nodes: 90957f92-0013-496b-a419-9c1212c810e8{ip: 192.168.34.8, host: pr-hdds-1879-pbs75-1821932185, networkLocation: /default-rack, certSerialId: null}8466bef0-9559-4d2e-b20d-aaf3fd2b14fd{ip: 192.168.34.8, host: pr-hdds-1879-pbs75-1821932185, networkLocation: /default-rack, certSerialId: null}897fdfd8-a3cb-4c9b-9ef8-a626c4e76414{ip: 192.168.34.8, host: pr-hdds-1879-pbs75-1821932185, networkLocation: /default-rack, certSerialId: null}, Type:RATIS, Factor:THREE, State:CLOSED]
2019-09-12 04:17:55,090 [org.apache.ratis.server.impl.LogAppender$AppenderDaemon$$Lambda$495/740911003@2e00fbf1] ERROR ratis.XceiverServerRatis (XceiverServerRatis.java:triggerPipelineClose(568)) - pipeline Action CLOSE  on pipeline PipelineID=56c965c9-1bab-4552-b305-086f4a8db6eb.Reason : 8466bef0-9559-4d2e-b20d-aaf3fd2b14fd has not seen follower/s 897fdfd8-a3cb-4c9b-9ef8-a626c4e76414 for 180159ms 90957f92-0013-496b-a419-9c1212c810e8 for 180169ms
2019-09-12 04:17:55,090 [org.apache.ratis.server.impl.LogAppender$AppenderDaemon$$Lambda$495/740911003@7e36c73c] ERROR ratis.XceiverServerRatis (XceiverServerRatis.java:triggerPipelineClose(568)) - pipeline Action CLOSE  on pipeline PipelineID=56c965c9-1bab-4552-b305-086f4a8db6eb.Reason : 8466bef0-9559-4d2e-b20d-aaf3fd2b14fd has not seen follower/s 897fdfd8-a3cb-4c9b-9ef8-a626c4e76414 for 180159ms 90957f92-0013-496b-a419-9c1212c810e8 for 180169ms
2019-09-12 04:17:55,090 [8466bef0-9559-4d2e-b20d-aaf3fd2b14fd@group-086F4A8DB6EB-SegmentedRaftLogWorker] WARN  segmented.SegmentedRaftLogWorker (SegmentedRaftLogWorker.java:getFromFuture(90)) - Timeout 17/~
org.apache.ratis.protocol.TimeoutIOException: Timeout 10s: WriteLog:17: (t:2, i:17), STATEMACHINELOGENTRY, client-B5F51BC26AA5, cid=82-writeStateMachineData
	at org.apache.ratis.util.IOUtils.getFromFuture(IOUtils.java:87)
	at org.apache.ratis.server.raftlog.segmented.SegmentedRaftLogWorker$StateMachineDataPolicy.getFromFuture(SegmentedRaftLogWorker.java:87)
	at org.apache.ratis.server.raftlog.segmented.SegmentedRaftLogWorker$WriteLog.execute(SegmentedRaftLogWorker.java:477)
	at org.apache.ratis.server.raftlog.segmented.SegmentedRaftLogWorker.run(SegmentedRaftLogWorker.java:289)
	at java.lang.Thread.run(Thread.java:748)
Caused by: java.util.concurrent.TimeoutException
	at java.util.concurrent.CompletableFuture.timedGet(CompletableFuture.java:1771)
	at java.util.concurrent.CompletableFuture.get(CompletableFuture.java:1915)
	at org.apache.ratis.util.IOUtils.getFromFuture(IOUtils.java:79)
	... 4 more
2019-09-12 04:17:55,141 [90957f92-0013-496b-a419-9c1212c810e8@group-086F4A8DB6EB-SegmentedRaftLogWorker] WARN  segmented.SegmentedRaftLogWorker (SegmentedRaftLogWorker.java:getFromFuture(90)) - Timeout 17/~
org.apache.ratis.protocol.TimeoutIOException: Timeout 10s: WriteLog:17: (t:2, i:17), STATEMACHINELOGENTRY, client-B5F51BC26AA5, cid=82-writeStateMachineData
	at org.apache.ratis.util.IOUtils.getFromFuture(IOUtils.java:87)
	at org.apache.ratis.server.raftlog.segmented.SegmentedRaftLogWorker$StateMachineDataPolicy.getFromFuture(SegmentedRaftLogWorker.java:87)
	at org.apache.ratis.server.raftlog.segmented.SegmentedRaftLogWorker$WriteLog.execute(SegmentedRaftLogWorker.java:477)
	at org.apache.ratis.server.raftlog.segmented.SegmentedRaftLogWorker.run(SegmentedRaftLogWorker.java:289)
	at java.lang.Thread.run(Thread.java:748)
Caused by: java.util.concurrent.TimeoutException
	at java.util.concurrent.CompletableFuture.timedGet(CompletableFuture.java:1771)
	at java.util.concurrent.CompletableFuture.get(CompletableFuture.java:1915)
	at org.apache.ratis.util.IOUtils.getFromFuture(IOUtils.java:79)
	... 4 more
2019-09-12 04:17:55,304 [897fdfd8-a3cb-4c9b-9ef8-a626c4e76414@group-086F4A8DB6EB-SegmentedRaftLogWorker] WARN  segmented.SegmentedRaftLogWorker (SegmentedRaftLogWorker.java:getFromFuture(90)) - Timeout 17/~
org.apache.ratis.protocol.TimeoutIOException: Timeout 10s: WriteLog:19: (t:2, i:19), STATEMACHINELOGENTRY, client-B5F51BC26AA5, cid=84-writeStateMachineData
	at org.apache.ratis.util.IOUtils.getFromFuture(IOUtils.java:87)
	at org.apache.ratis.server.raftlog.segmented.SegmentedRaftLogWorker$StateMachineDataPolicy.getFromFuture(SegmentedRaftLogWorker.java:87)
	at org.apache.ratis.server.raftlog.segmented.SegmentedRaftLogWorker$WriteLog.execute(SegmentedRaftLogWorker.java:477)
	at org.apache.ratis.server.raftlog.segmented.SegmentedRaftLogWorker.run(SegmentedRaftLogWorker.java:289)
	at java.lang.Thread.run(Thread.java:748)
Caused by: java.util.concurrent.TimeoutException
	at java.util.concurrent.CompletableFuture.timedGet(CompletableFuture.java:1771)
	at java.util.concurrent.CompletableFuture.get(CompletableFuture.java:1915)
	at org.apache.ratis.util.IOUtils.getFromFuture(IOUtils.java:79)
	... 4 more
2019-09-12 04:17:55,580 [EventQueue-PipelineActionsForPipelineActionHandler] ERROR pipeline.PipelineActionHandler (PipelineActionHandler.java:onMessage(60)) - Received pipeline action CLOSE for Pipeline[ Id: 56c965c9-1bab-4552-b305-086f4a8db6eb, Nodes: 90957f92-0013-496b-a419-9c1212c810e8{ip: 192.168.34.8, host: pr-hdds-1879-pbs75-1821932185, networkLocation: /default-rack, certSerialId: null}8466bef0-9559-4d2e-b20d-aaf3fd2b14fd{ip: 192.168.34.8, host: pr-hdds-1879-pbs75-1821932185, networkLocation: /default-rack, certSerialId: null}897fdfd8-a3cb-4c9b-9ef8-a626c4e76414{ip: 192.168.34.8, host: pr-hdds-1879-pbs75-1821932185, networkLocation: /default-rack, certSerialId: null}, Type:RATIS, Factor:THREE, State:CLOSED] from datanode 8466bef0-9559-4d2e-b20d-aaf3fd2b14fd{ip: 192.168.34.8, host: pr-hdds-1879-pbs75-1821932185, networkLocation: /default-rack, certSerialId: null}. Reason : 8466bef0-9559-4d2e-b20d-aaf3fd2b14fd has not seen follower/s 897fdfd8-a3cb-4c9b-9ef8-a626c4e76414 for 180159ms 90957f92-0013-496b-a419-9c1212c810e8 for 180169ms
2019-09-12 04:17:55,581 [EventQueue-PipelineActionsForPipelineActionHandler] INFO  pipeline.SCMPipelineManager (SCMPipelineManager.java:finalizeAndDestroyPipeline(311)) - destroying pipeline:Pipeline[ Id: 56c965c9-1bab-4552-b305-086f4a8db6eb, Nodes: 90957f92-0013-496b-a419-9c1212c810e8{ip: 192.168.34.8, host: pr-hdds-1879-pbs75-1821932185, networkLocation: /default-rack, certSerialId: null}8466bef0-9559-4d2e-b20d-aaf3fd2b14fd{ip: 192.168.34.8, host: pr-hdds-1879-pbs75-1821932185, networkLocation: /default-rack, certSerialId: null}897fdfd8-a3cb-4c9b-9ef8-a626c4e76414{ip: 192.168.34.8, host: pr-hdds-1879-pbs75-1821932185, networkLocation: /default-rack, certSerialId: null}, Type:RATIS, Factor:THREE, State:CLOSED]
2019-09-12 04:17:55,589 [java.util.concurrent.ThreadPoolExecutor$Worker@155a4cd5[State = -1, empty queue]] WARN  server.GrpcLogAppender (GrpcLogAppender.java:timeoutAppendRequest(200)) - 8466bef0-9559-4d2e-b20d-aaf3fd2b14fd@group-086F4A8DB6EB->897fdfd8-a3cb-4c9b-9ef8-a626c4e76414-GrpcLogAppender: appendEntries Timeout, request=8466bef0-9559-4d2e-b20d-aaf3fd2b14fd->897fdfd8-a3cb-4c9b-9ef8-a626c4e76414#92-t2, previous=(t:2, i:21), leaderCommit=16, initializing? false, entries: <empty>
2019-09-12 04:17:55,589 [java.util.concurrent.ThreadPoolExecutor$Worker@1335c7b[State = -1, empty queue]] WARN  server.GrpcLogAppender (GrpcLogAppender.java:timeoutAppendRequest(200)) - 8466bef0-9559-4d2e-b20d-aaf3fd2b14fd@group-086F4A8DB6EB->90957f92-0013-496b-a419-9c1212c810e8-GrpcLogAppender: appendEntries Timeout, request=8466bef0-9559-4d2e-b20d-aaf3fd2b14fd->90957f92-0013-496b-a419-9c1212c810e8#92-t2, previous=(t:2, i:21), leaderCommit=16, initializing? false, entries: <empty>
2019-09-12 04:17:56,984 [grpc-default-executor-8] INFO  client.GrpcClientProtocolClient (GrpcClientProtocolClient.java:onNext(264)) - client-B5F51BC26AA5->90957f92-0013-496b-a419-9c1212c810e8: receive RaftClientReply:client-B5F51BC26AA5->90957f92-0013-496b-a419-9c1212c810e8@group-086F4A8DB6EB, cid=82, FAILED org.apache.ratis.protocol.NotLeaderException: Server 90957f92-0013-496b-a419-9c1212c810e8@group-086F4A8DB6EB is not the leader 8466bef0-9559-4d2e-b20d-aaf3fd2b14fd:192.168.34.8:32905, logIndex=0, commits[90957f92-0013-496b-a419-9c1212c810e8:c16, 897fdfd8-a3cb-4c9b-9ef8-a626c4e76414:c12, 8466bef0-9559-4d2e-b20d-aaf3fd2b14fd:c16]
2019-09-12 04:17:57,591 [org.apache.ratis.server.impl.LogAppender$AppenderDaemon$$Lambda$495/740911003@7e36c73c] ERROR ratis.XceiverServerRatis (XceiverServerRatis.java:triggerPipelineClose(568)) - pipeline Action CLOSE  on pipeline PipelineID=56c965c9-1bab-4552-b305-086f4a8db6eb.Reason : 8466bef0-9559-4d2e-b20d-aaf3fd2b14fd has not seen follower/s 897fdfd8-a3cb-4c9b-9ef8-a626c4e76414 for 182660ms 90957f92-0013-496b-a419-9c1212c810e8 for 182670ms
2019-09-12 04:17:57,591 [org.apache.ratis.server.impl.LogAppender$AppenderDaemon$$Lambda$495/740911003@2e00fbf1] ERROR ratis.XceiverServerRatis (XceiverServerRatis.java:triggerPipelineClose(568)) - pipeline Action CLOSE  on pipeline PipelineID=56c965c9-1bab-4552-b305-086f4a8db6eb.Reason : 8466bef0-9559-4d2e-b20d-aaf3fd2b14fd has not seen follower/s 897fdfd8-a3cb-4c9b-9ef8-a626c4e76414 for 182660ms 90957f92-0013-496b-a419-9c1212c810e8 for 182670ms
2019-09-12 04:17:58,090 [java.util.concurrent.ThreadPoolExecutor$Worker@155a4cd5[State = -1, empty queue]] WARN  server.GrpcLogAppender (GrpcLogAppender.java:timeoutAppendRequest(200)) - 8466bef0-9559-4d2e-b20d-aaf3fd2b14fd@group-086F4A8DB6EB->897fdfd8-a3cb-4c9b-9ef8-a626c4e76414-GrpcLogAppender: appendEntries Timeout, request=8466bef0-9559-4d2e-b20d-aaf3fd2b14fd->897fdfd8-a3cb-4c9b-9ef8-a626c4e76414#93-t2, previous=(t:2, i:21), leaderCommit=16, initializing? false, entries: <empty>
2019-09-12 04:17:58,090 [java.util.concurrent.ThreadPoolExecutor$Worker@1335c7b[State = -1, empty queue]] WARN  server.GrpcLogAppender (GrpcLogAppender.java:timeoutAppendRequest(200)) - 8466bef0-9559-4d2e-b20d-aaf3fd2b14fd@group-086F4A8DB6EB->90957f92-0013-496b-a419-9c1212c810e8-GrpcLogAppender: appendEntries Timeout, request=8466bef0-9559-4d2e-b20d-aaf3fd2b14fd->90957f92-0013-496b-a419-9c1212c810e8#93-t2, previous=(t:2, i:21), leaderCommit=16, initializing? false, entries: <empty>
2019-09-12 04:17:58,583 [EventQueue-PipelineActionsForPipelineActionHandler] ERROR pipeline.PipelineActionHandler (PipelineActionHandler.java:onMessage(60)) - Received pipeline action CLOSE for Pipeline[ Id: 56c965c9-1bab-4552-b305-086f4a8db6eb, Nodes: 90957f92-0013-496b-a419-9c1212c810e8{ip: 192.168.34.8, host: pr-hdds-1879-pbs75-1821932185, networkLocation: /default-rack, certSerialId: null}8466bef0-9559-4d2e-b20d-aaf3fd2b14fd{ip: 192.168.34.8, host: pr-hdds-1879-pbs75-1821932185, networkLocation: /default-rack, certSerialId: null}897fdfd8-a3cb-4c9b-9ef8-a626c4e76414{ip: 192.168.34.8, host: pr-hdds-1879-pbs75-1821932185, networkLocation: /default-rack, certSerialId: null}, Type:RATIS, Factor:THREE, State:CLOSED] from datanode 8466bef0-9559-4d2e-b20d-aaf3fd2b14fd{ip: 192.168.34.8, host: pr-hdds-1879-pbs75-1821932185, networkLocation: /default-rack, certSerialId: null}. Reason : 8466bef0-9559-4d2e-b20d-aaf3fd2b14fd has not seen follower/s 897fdfd8-a3cb-4c9b-9ef8-a626c4e76414 for 182660ms 90957f92-0013-496b-a419-9c1212c810e8 for 182670ms
2019-09-12 04:17:58,583 [EventQueue-PipelineActionsForPipelineActionHandler] INFO  pipeline.SCMPipelineManager (SCMPipelineManager.java:finalizeAndDestroyPipeline(311)) - destroying pipeline:Pipeline[ Id: 56c965c9-1bab-4552-b305-086f4a8db6eb, Nodes: 90957f92-0013-496b-a419-9c1212c810e8{ip: 192.168.34.8, host: pr-hdds-1879-pbs75-1821932185, networkLocation: /default-rack, certSerialId: null}8466bef0-9559-4d2e-b20d-aaf3fd2b14fd{ip: 192.168.34.8, host: pr-hdds-1879-pbs75-1821932185, networkLocation: /default-rack, certSerialId: null}897fdfd8-a3cb-4c9b-9ef8-a626c4e76414{ip: 192.168.34.8, host: pr-hdds-1879-pbs75-1821932185, networkLocation: /default-rack, certSerialId: null}, Type:RATIS, Factor:THREE, State:CLOSED]
2019-09-12 04:18:00,091 [org.apache.ratis.server.impl.LogAppender$AppenderDaemon$$Lambda$495/740911003@2e00fbf1] ERROR ratis.XceiverServerRatis (XceiverServerRatis.java:triggerPipelineClose(568)) - pipeline Action CLOSE  on pipeline PipelineID=56c965c9-1bab-4552-b305-086f4a8db6eb.Reason : 8466bef0-9559-4d2e-b20d-aaf3fd2b14fd has not seen follower/s 897fdfd8-a3cb-4c9b-9ef8-a626c4e76414 for 185160ms 90957f92-0013-496b-a419-9c1212c810e8 for 185170ms
2019-09-12 04:18:00,091 [org.apache.ratis.server.impl.LogAppender$AppenderDaemon$$Lambda$495/740911003@7e36c73c] ERROR ratis.XceiverServerRatis (XceiverServerRatis.java:triggerPipelineClose(568)) - pipeline Action CLOSE  on pipeline PipelineID=56c965c9-1bab-4552-b305-086f4a8db6eb.Reason : 8466bef0-9559-4d2e-b20d-aaf3fd2b14fd has not seen follower/s 897fdfd8-a3cb-4c9b-9ef8-a626c4e76414 for 185161ms 90957f92-0013-496b-a419-9c1212c810e8 for 185171ms
2019-09-12 04:18:00,581 [EventQueue-PipelineActionsForPipelineActionHandler] ERROR pipeline.PipelineActionHandler (PipelineActionHandler.java:onMessage(60)) - Received pipeline action CLOSE for Pipeline[ Id: 56c965c9-1bab-4552-b305-086f4a8db6eb, Nodes: 90957f92-0013-496b-a419-9c1212c810e8{ip: 192.168.34.8, host: pr-hdds-1879-pbs75-1821932185, networkLocation: /default-rack, certSerialId: null}8466bef0-9559-4d2e-b20d-aaf3fd2b14fd{ip: 192.168.34.8, host: pr-hdds-1879-pbs75-1821932185, networkLocation: /default-rack, certSerialId: null}897fdfd8-a3cb-4c9b-9ef8-a626c4e76414{ip: 192.168.34.8, host: pr-hdds-1879-pbs75-1821932185, networkLocation: /default-rack, certSerialId: null}, Type:RATIS, Factor:THREE, State:CLOSED] from datanode 8466bef0-9559-4d2e-b20d-aaf3fd2b14fd{ip: 192.168.34.8, host: pr-hdds-1879-pbs75-1821932185, networkLocation: /default-rack, certSerialId: null}. Reason : 8466bef0-9559-4d2e-b20d-aaf3fd2b14fd has not seen follower/s 897fdfd8-a3cb-4c9b-9ef8-a626c4e76414 for 185160ms 90957f92-0013-496b-a419-9c1212c810e8 for 185170ms
2019-09-12 04:18:00,581 [EventQueue-PipelineActionsForPipelineActionHandler] INFO  pipeline.SCMPipelineManager (SCMPipelineManager.java:finalizeAndDestroyPipeline(311)) - destroying pipeline:Pipeline[ Id: 56c965c9-1bab-4552-b305-086f4a8db6eb, Nodes: 90957f92-0013-496b-a419-9c1212c810e8{ip: 192.168.34.8, host: pr-hdds-1879-pbs75-1821932185, networkLocation: /default-rack, certSerialId: null}8466bef0-9559-4d2e-b20d-aaf3fd2b14fd{ip: 192.168.34.8, host: pr-hdds-1879-pbs75-1821932185, networkLocation: /default-rack, certSerialId: null}897fdfd8-a3cb-4c9b-9ef8-a626c4e76414{ip: 192.168.34.8, host: pr-hdds-1879-pbs75-1821932185, networkLocation: /default-rack, certSerialId: null}, Type:RATIS, Factor:THREE, State:CLOSED]
2019-09-12 04:18:00,590 [java.util.concurrent.ThreadPoolExecutor$Worker@1335c7b[State = -1, empty queue]] WARN  server.GrpcLogAppender (GrpcLogAppender.java:timeoutAppendRequest(200)) - 8466bef0-9559-4d2e-b20d-aaf3fd2b14fd@group-086F4A8DB6EB->90957f92-0013-496b-a419-9c1212c810e8-GrpcLogAppender: appendEntries Timeout, request=8466bef0-9559-4d2e-b20d-aaf3fd2b14fd->90957f92-0013-496b-a419-9c1212c810e8#94-t2, previous=(t:2, i:21), leaderCommit=16, initializing? false, entries: <empty>
2019-09-12 04:18:00,590 [java.util.concurrent.ThreadPoolExecutor$Worker@155a4cd5[State = -1, empty queue]] WARN  server.GrpcLogAppender (GrpcLogAppender.java:timeoutAppendRequest(200)) - 8466bef0-9559-4d2e-b20d-aaf3fd2b14fd@group-086F4A8DB6EB->897fdfd8-a3cb-4c9b-9ef8-a626c4e76414-GrpcLogAppender: appendEntries Timeout, request=8466bef0-9559-4d2e-b20d-aaf3fd2b14fd->897fdfd8-a3cb-4c9b-9ef8-a626c4e76414#94-t2, previous=(t:2, i:21), leaderCommit=16, initializing? false, entries: <empty>
2019-09-12 04:18:01,393 [grpc-default-executor-6] INFO  impl.RaftServerProxy (RaftServerProxy.java:remove(95)) - 90957f92-0013-496b-a419-9c1212c810e8: remove  FOLLOWER 90957f92-0013-496b-a419-9c1212c810e8@group-086F4A8DB6EB:t2, leader=8466bef0-9559-4d2e-b20d-aaf3fd2b14fd, voted=90957f92-0013-496b-a419-9c1212c810e8, raftlog=90957f92-0013-496b-a419-9c1212c810e8@group-086F4A8DB6EB-SegmentedRaftLog:OPENED:c16,f16,i21, conf=0: [897fdfd8-a3cb-4c9b-9ef8-a626c4e76414:192.168.34.8:43067, 90957f92-0013-496b-a419-9c1212c810e8:192.168.34.8:33479, 8466bef0-9559-4d2e-b20d-aaf3fd2b14fd:192.168.34.8:32905], old=null RUNNING
2019-09-12 04:18:01,394 [grpc-default-executor-6] INFO  impl.RaftServerImpl (RaftServerImpl.java:lambda$shutdown$3(251)) - 90957f92-0013-496b-a419-9c1212c810e8@group-086F4A8DB6EB: shutdown
2019-09-12 04:18:01,395 [grpc-default-executor-6] INFO  util.JmxRegister (JmxRegister.java:unregister(73)) - Successfully un-registered JMX Bean with object name Ratis:service=RaftServer,group=group-086F4A8DB6EB,id=90957f92-0013-496b-a419-9c1212c810e8
2019-09-12 04:18:01,395 [grpc-default-executor-6] INFO  impl.RoleInfo (RoleInfo.java:shutdownFollowerState(121)) - 90957f92-0013-496b-a419-9c1212c810e8: shutdown FollowerState
2019-09-12 04:18:01,395 [grpc-default-executor-6] INFO  impl.StateMachineUpdater (StateMachineUpdater.java:stopAndJoin(125)) - 90957f92-0013-496b-a419-9c1212c810e8@group-086F4A8DB6EB-StateMachineUpdater: set stopIndex = 16
2019-09-12 04:18:01,395 [90957f92-0013-496b-a419-9c1212c810e8@group-086F4A8DB6EB-StateMachineUpdater] INFO  ratis.ContainerStateMachine (ContainerStateMachine.java:takeSnapshot(289)) - group-086F4A8DB6EB: Taking a snapshot at:(t:2, i:12) file /workdir/hadoop-ozone/integration-test/target/test-dir/MiniOzoneClusterImpl-60a3af6c-3451-4a8a-82ad-625647a1d2f0/datanode-0/data/ratis/56c965c9-1bab-4552-b305-086f4a8db6eb/sm/snapshot.2_12
2019-09-12 04:18:01,395 [Thread-1026] INFO  impl.FollowerState (FollowerState.java:run(115)) - 90957f92-0013-496b-a419-9c1212c810e8: FollowerState was interrupted: java.lang.InterruptedException: sleep interrupted
2019-09-12 04:18:01,464 [90957f92-0013-496b-a419-9c1212c810e8@group-086F4A8DB6EB-StateMachineUpdater] INFO  ratis.ContainerStateMachine (ContainerStateMachine.java:takeSnapshot(300)) - group-086F4A8DB6EB: Finished taking a snapshot at:(t:2, i:12) file:/workdir/hadoop-ozone/integration-test/target/test-dir/MiniOzoneClusterImpl-60a3af6c-3451-4a8a-82ad-625647a1d2f0/datanode-0/data/ratis/56c965c9-1bab-4552-b305-086f4a8db6eb/sm/snapshot.2_12 time:68
2019-09-12 04:18:01,464 [90957f92-0013-496b-a419-9c1212c810e8@group-086F4A8DB6EB-StateMachineUpdater] INFO  impl.StateMachineUpdater (StateMachineUpdater.java:takeSnapshot(258)) - 90957f92-0013-496b-a419-9c1212c810e8@group-086F4A8DB6EB-StateMachineUpdater: Took a snapshot at index 12
2019-09-12 04:18:01,464 [90957f92-0013-496b-a419-9c1212c810e8@group-086F4A8DB6EB-StateMachineUpdater] INFO  impl.StateMachineUpdater (StateMachineUpdater.java:lambda$new$0(83)) - 90957f92-0013-496b-a419-9c1212c810e8@group-086F4A8DB6EB-StateMachineUpdater: snapshotIndex: updateIncreasingly -1 -> 12
2019-09-12 04:18:01,465 [90957f92-0013-496b-a419-9c1212c810e8@group-086F4A8DB6EB-StateMachineUpdater] INFO  ratis.ContainerStateMachine (ContainerStateMachine.java:takeSnapshot(289)) - group-086F4A8DB6EB: Taking a snapshot at:(t:2, i:12) file /workdir/hadoop-ozone/integration-test/target/test-dir/MiniOzoneClusterImpl-60a3af6c-3451-4a8a-82ad-625647a1d2f0/datanode-0/data/ratis/56c965c9-1bab-4552-b305-086f4a8db6eb/sm/snapshot.2_12
2019-09-12 04:18:01,534 [90957f92-0013-496b-a419-9c1212c810e8@group-086F4A8DB6EB-StateMachineUpdater] INFO  ratis.ContainerStateMachine (ContainerStateMachine.java:takeSnapshot(300)) - group-086F4A8DB6EB: Finished taking a snapshot at:(t:2, i:12) file:/workdir/hadoop-ozone/integration-test/target/test-dir/MiniOzoneClusterImpl-60a3af6c-3451-4a8a-82ad-625647a1d2f0/datanode-0/data/ratis/56c965c9-1bab-4552-b305-086f4a8db6eb/sm/snapshot.2_12 time:70
2019-09-12 04:18:01,534 [90957f92-0013-496b-a419-9c1212c810e8@group-086F4A8DB6EB-StateMachineUpdater] INFO  impl.StateMachineUpdater (StateMachineUpdater.java:takeSnapshot(258)) - 90957f92-0013-496b-a419-9c1212c810e8@group-086F4A8DB6EB-StateMachineUpdater: Took a snapshot at index 12
2019-09-12 04:18:01,534 [90957f92-0013-496b-a419-9c1212c810e8@group-086F4A8DB6EB-StateMachineUpdater] INFO  impl.StateMachineUpdater (StateMachineUpdater.java:lambda$new$0(83)) - 90957f92-0013-496b-a419-9c1212c810e8@group-086F4A8DB6EB-StateMachineUpdater: snapshotIndex: updateIncreasingly 12 -> 12
2019-09-12 04:18:01,535 [grpc-default-executor-6] INFO  impl.RaftServerImpl (ServerState.java:close(385)) - 90957f92-0013-496b-a419-9c1212c810e8@group-086F4A8DB6EB: closes. applyIndex: 16
2019-09-12 04:18:01,536 [90957f92-0013-496b-a419-9c1212c810e8@group-086F4A8DB6EB-SegmentedRaftLogWorker] ERROR ratis.XceiverServerRatis (XceiverServerRatis.java:triggerPipelineClose(568)) - pipeline Action CLOSE  on pipeline PipelineID=56c965c9-1bab-4552-b305-086f4a8db6eb.Reason : WriteLog:17: (t:2, i:17), STATEMACHINELOGENTRY, client-B5F51BC26AA5, cid=82-writeStateMachineData interrupted.
2019-09-12 04:18:01,540 [grpc-default-executor-6] INFO  segmented.SegmentedRaftLogWorker (SegmentedRaftLogWorker.java:close(228)) - 90957f92-0013-496b-a419-9c1212c810e8@group-086F4A8DB6EB-SegmentedRaftLogWorker close()
2019-09-12 04:18:01,540 [EventQueue-PipelineActionsForPipelineActionHandler] ERROR pipeline.PipelineActionHandler (PipelineActionHandler.java:onMessage(60)) - Received pipeline action CLOSE for Pipeline[ Id: 56c965c9-1bab-4552-b305-086f4a8db6eb, Nodes: 90957f92-0013-496b-a419-9c1212c810e8{ip: 192.168.34.8, host: pr-hdds-1879-pbs75-1821932185, networkLocation: /default-rack, certSerialId: null}8466bef0-9559-4d2e-b20d-aaf3fd2b14fd{ip: 192.168.34.8, host: pr-hdds-1879-pbs75-1821932185, networkLocation: /default-rack, certSerialId: null}897fdfd8-a3cb-4c9b-9ef8-a626c4e76414{ip: 192.168.34.8, host: pr-hdds-1879-pbs75-1821932185, networkLocation: /default-rack, certSerialId: null}, Type:RATIS, Factor:THREE, State:CLOSED] from datanode 90957f92-0013-496b-a419-9c1212c810e8{ip: 192.168.34.8, host: pr-hdds-1879-pbs75-1821932185, networkLocation: /default-rack, certSerialId: null}. Reason : WriteLog:17: (t:2, i:17), STATEMACHINELOGENTRY, client-B5F51BC26AA5, cid=82-writeStateMachineData interrupted.
2019-09-12 04:18:01,545 [EventQueue-PipelineActionsForPipelineActionHandler] INFO  pipeline.SCMPipelineManager (SCMPipelineManager.java:finalizeAndDestroyPipeline(311)) - destroying pipeline:Pipeline[ Id: 56c965c9-1bab-4552-b305-086f4a8db6eb, Nodes: 90957f92-0013-496b-a419-9c1212c810e8{ip: 192.168.34.8, host: pr-hdds-1879-pbs75-1821932185, networkLocation: /default-rack, certSerialId: null}8466bef0-9559-4d2e-b20d-aaf3fd2b14fd{ip: 192.168.34.8, host: pr-hdds-1879-pbs75-1821932185, networkLocation: /default-rack, certSerialId: null}897fdfd8-a3cb-4c9b-9ef8-a626c4e76414{ip: 192.168.34.8, host: pr-hdds-1879-pbs75-1821932185, networkLocation: /default-rack, certSerialId: null}, Type:RATIS, Factor:THREE, State:CLOSED]
2019-09-12 04:18:01,584 [grpc-default-executor-6] INFO  interfaces.Container (KeyValueContainer.java:flushAndSyncDB(384)) - Container 8 is synced with bcsId 12.
2019-09-12 04:18:01,584 [grpc-default-executor-6] INFO  interfaces.Container (KeyValueContainer.java:flushAndSyncDB(384)) - Container 8 is synced with bcsId 12.
2019-09-12 04:18:01,651 [EventQueue-IncrementalContainerReportForIncrementalContainerReportHandler] INFO  container.IncrementalContainerReportHandler (AbstractContainerReportHandler.java:updateContainerState(169)) - Moving container #8 to QUASI_CLOSED state, datanode 90957f92-0013-496b-a419-9c1212c810e8{ip: 192.168.34.8, host: pr-hdds-1879-pbs75-1821932185, networkLocation: /default-rack, certSerialId: null} reported QUASI_CLOSED replica.
2019-09-12 04:18:01,760 [grpc-default-executor-6] INFO  interfaces.Container (KeyValueContainer.java:flushAndSyncDB(384)) - Container 9 is synced with bcsId 0.
2019-09-12 04:18:01,760 [grpc-default-executor-6] INFO  interfaces.Container (KeyValueContainer.java:flushAndSyncDB(384)) - Container 9 is synced with bcsId 0.
2019-09-12 04:18:01,775 [EventQueue-IncrementalContainerReportForIncrementalContainerReportHandler] INFO  container.IncrementalContainerReportHandler (AbstractContainerReportHandler.java:updateContainerState(169)) - Moving container #9 to QUASI_CLOSED state, datanode 90957f92-0013-496b-a419-9c1212c810e8{ip: 192.168.34.8, host: pr-hdds-1879-pbs75-1821932185, networkLocation: /default-rack, certSerialId: null} reported QUASI_CLOSED replica.
2019-09-12 04:18:01,779 [grpc-default-executor-6] INFO  impl.RaftServerProxy (RaftServerProxy.java:remove(95)) - 8466bef0-9559-4d2e-b20d-aaf3fd2b14fd: remove    LEADER 8466bef0-9559-4d2e-b20d-aaf3fd2b14fd@group-086F4A8DB6EB:t2, leader=8466bef0-9559-4d2e-b20d-aaf3fd2b14fd, voted=8466bef0-9559-4d2e-b20d-aaf3fd2b14fd, raftlog=8466bef0-9559-4d2e-b20d-aaf3fd2b14fd@group-086F4A8DB6EB-SegmentedRaftLog:OPENED:c16,f16,i21, conf=0: [897fdfd8-a3cb-4c9b-9ef8-a626c4e76414:192.168.34.8:43067, 90957f92-0013-496b-a419-9c1212c810e8:192.168.34.8:33479, 8466bef0-9559-4d2e-b20d-aaf3fd2b14fd:192.168.34.8:32905], old=null RUNNING
2019-09-12 04:18:01,780 [grpc-default-executor-6] INFO  impl.RaftServerImpl (RaftServerImpl.java:lambda$shutdown$3(251)) - 8466bef0-9559-4d2e-b20d-aaf3fd2b14fd@group-086F4A8DB6EB: shutdown
2019-09-12 04:18:01,780 [grpc-default-executor-6] INFO  util.JmxRegister (JmxRegister.java:unregister(73)) - Successfully un-registered JMX Bean with object name Ratis:service=RaftServer,group=group-086F4A8DB6EB,id=8466bef0-9559-4d2e-b20d-aaf3fd2b14fd
2019-09-12 04:18:01,780 [grpc-default-executor-6] INFO  impl.RoleInfo (RoleInfo.java:shutdownLeaderState(104)) - 8466bef0-9559-4d2e-b20d-aaf3fd2b14fd: shutdown LeaderState
2019-09-12 04:18:01,785 [org.apache.ratis.server.impl.LogAppender$AppenderDaemon$$Lambda$495/740911003@7e36c73c] WARN  server.GrpcLogAppender (GrpcLogAppender.java:mayWait(143)) - 8466bef0-9559-4d2e-b20d-aaf3fd2b14fd@group-086F4A8DB6EB->897fdfd8-a3cb-4c9b-9ef8-a626c4e76414-GrpcLogAppender: Wait interrupted by java.lang.InterruptedException
2019-09-12 04:18:01,785 [grpc-default-executor-6] INFO  impl.PendingRequests (PendingRequests.java:sendNotLeaderResponses(202)) - 8466bef0-9559-4d2e-b20d-aaf3fd2b14fd-PendingRequests: sendNotLeaderResponses
2019-09-12 04:18:01,787 [org.apache.ratis.server.impl.LogAppender$AppenderDaemon$$Lambda$495/740911003@2e00fbf1] WARN  server.GrpcLogAppender (GrpcLogAppender.java:mayWait(143)) - 8466bef0-9559-4d2e-b20d-aaf3fd2b14fd@group-086F4A8DB6EB->90957f92-0013-496b-a419-9c1212c810e8-GrpcLogAppender: Wait interrupted by java.lang.InterruptedException
2019-09-12 04:18:01,787 [grpc-default-executor-9] INFO  server.GrpcServerProtocolService (GrpcServerProtocolService.java:onCompleted(113)) - 897fdfd8-a3cb-4c9b-9ef8-a626c4e76414: Completed APPEND_ENTRIES, lastRequest: 8466bef0-9559-4d2e-b20d-aaf3fd2b14fd->897fdfd8-a3cb-4c9b-9ef8-a626c4e76414#95-t2, previous=(t:2, i:21), leaderCommit=16, initializing? false, entries: <empty>
2019-09-12 04:18:01,787 [grpc-default-executor-8] INFO  server.GrpcServerProtocolService (GrpcServerProtocolService.java:onCompleted(113)) - 90957f92-0013-496b-a419-9c1212c810e8: Completed APPEND_ENTRIES, lastRequest: 8466bef0-9559-4d2e-b20d-aaf3fd2b14fd->90957f92-0013-496b-a419-9c1212c810e8#95-t2, previous=(t:2, i:21), leaderCommit=16, initializing? false, entries: <empty>
2019-09-12 04:18:01,788 [grpc-default-executor-9] INFO  server.GrpcLogAppender (GrpcLogAppender.java:onCompleted(293)) - 8466bef0-9559-4d2e-b20d-aaf3fd2b14fd@group-086F4A8DB6EB->897fdfd8-a3cb-4c9b-9ef8-a626c4e76414-AppendLogResponseHandler: follower responses appendEntries COMPLETED
2019-09-12 04:18:01,792 [8466bef0-9559-4d2e-b20d-aaf3fd2b14fd@group-086F4A8DB6EB-StateMachineUpdater] INFO  ratis.ContainerStateMachine (ContainerStateMachine.java:takeSnapshot(289)) - group-086F4A8DB6EB: Taking a snapshot at:(t:2, i:14) file /workdir/hadoop-ozone/integration-test/target/test-dir/MiniOzoneClusterImpl-60a3af6c-3451-4a8a-82ad-625647a1d2f0/datanode-5/data/ratis/56c965c9-1bab-4552-b305-086f4a8db6eb/sm/snapshot.2_14
2019-09-12 04:18:01,792 [grpc-default-executor-6] INFO  impl.StateMachineUpdater (StateMachineUpdater.java:stopAndJoin(125)) - 8466bef0-9559-4d2e-b20d-aaf3fd2b14fd@group-086F4A8DB6EB-StateMachineUpdater: set stopIndex = 16
2019-09-12 04:18:01,788 [grpc-default-executor-8] INFO  server.GrpcLogAppender (GrpcLogAppender.java:onCompleted(293)) - 8466bef0-9559-4d2e-b20d-aaf3fd2b14fd@group-086F4A8DB6EB->90957f92-0013-496b-a419-9c1212c810e8-AppendLogResponseHandler: follower responses appendEntries COMPLETED
2019-09-12 04:18:01,792 [grpc-default-executor-9] INFO  impl.FollowerInfo (FollowerInfo.java:lambda$new$0(51)) - 8466bef0-9559-4d2e-b20d-aaf3fd2b14fd@group-086F4A8DB6EB->897fdfd8-a3cb-4c9b-9ef8-a626c4e76414: nextIndex: updateUnconditionally 22 -> 17
2019-09-12 04:18:01,793 [grpc-default-executor-8] INFO  impl.FollowerInfo (FollowerInfo.java:lambda$new$0(51)) - 8466bef0-9559-4d2e-b20d-aaf3fd2b14fd@group-086F4A8DB6EB->90957f92-0013-496b-a419-9c1212c810e8: nextIndex: updateUnconditionally 22 -> 17
2019-09-12 04:18:01,794 [grpc-default-executor-10] WARN  server.GrpcLogAppender (LogUtils.java:warn(134)) - 8466bef0-9559-4d2e-b20d-aaf3fd2b14fd@group-6371820A5F4C->90957f92-0013-496b-a419-9c1212c810e8-AppendLogResponseHandler: Failed appendEntries: org.apache.ratis.thirdparty.io.grpc.StatusRuntimeException: UNAVAILABLE: Channel shutdownNow invoked
2019-09-12 04:18:01,794 [grpc-default-executor-7] WARN  server.GrpcLogAppender (LogUtils.java:warn(134)) - 8466bef0-9559-4d2e-b20d-aaf3fd2b14fd@group-6371820A5F4C->897fdfd8-a3cb-4c9b-9ef8-a626c4e76414-AppendLogResponseHandler: Failed appendEntries: org.apache.ratis.thirdparty.io.grpc.StatusRuntimeException: UNAVAILABLE: Channel shutdownNow invoked
2019-09-12 04:18:01,794 [grpc-default-executor-10] INFO  impl.FollowerInfo (FollowerInfo.java:lambda$new$0(51)) - 8466bef0-9559-4d2e-b20d-aaf3fd2b14fd@group-6371820A5F4C->90957f92-0013-496b-a419-9c1212c810e8: nextIndex: updateUnconditionally 1 -> 0
2019-09-12 04:18:01,794 [grpc-default-executor-7] INFO  impl.FollowerInfo (FollowerInfo.java:lambda$new$0(51)) - 8466bef0-9559-4d2e-b20d-aaf3fd2b14fd@group-6371820A5F4C->897fdfd8-a3cb-4c9b-9ef8-a626c4e76414: nextIndex: updateUnconditionally 1 -> 0
2019-09-12 04:18:01,794 [grpc-default-executor-11] WARN  server.GrpcServerProtocolService (LogUtils.java:warn(134)) - 897fdfd8-a3cb-4c9b-9ef8-a626c4e76414: installSnapshot onError, lastRequest: 8466bef0-9559-4d2e-b20d-aaf3fd2b14fd->897fdfd8-a3cb-4c9b-9ef8-a626c4e76414#17-t1, previous=(t:1, i:0), leaderCommit=0, initializing? false, entries: <empty>: org.apache.ratis.thirdparty.io.grpc.StatusRuntimeException: CANCELLED: cancelled before receiving half close
2019-09-12 04:18:01,794 [grpc-default-executor-12] WARN  server.GrpcServerProtocolService (LogUtils.java:warn(134)) - 90957f92-0013-496b-a419-9c1212c810e8: installSnapshot onError, lastRequest: 8466bef0-9559-4d2e-b20d-aaf3fd2b14fd->90957f92-0013-496b-a419-9c1212c810e8#17-t1, previous=(t:1, i:0), leaderCommit=0, initializing? false, entries: <empty>: org.apache.ratis.thirdparty.io.grpc.StatusRuntimeException: CANCELLED: cancelled before receiving half close
2019-09-12 04:18:01,833 [8466bef0-9559-4d2e-b20d-aaf3fd2b14fd@group-086F4A8DB6EB-StateMachineUpdater] INFO  ratis.ContainerStateMachine (ContainerStateMachine.java:takeSnapshot(300)) - group-086F4A8DB6EB: Finished taking a snapshot at:(t:2, i:14) file:/workdir/hadoop-ozone/integration-test/target/test-dir/MiniOzoneClusterImpl-60a3af6c-3451-4a8a-82ad-625647a1d2f0/datanode-5/data/ratis/56c965c9-1bab-4552-b305-086f4a8db6eb/sm/snapshot.2_14 time:41
2019-09-12 04:18:01,833 [8466bef0-9559-4d2e-b20d-aaf3fd2b14fd@group-086F4A8DB6EB-StateMachineUpdater] INFO  impl.StateMachineUpdater (StateMachineUpdater.java:takeSnapshot(258)) - 8466bef0-9559-4d2e-b20d-aaf3fd2b14fd@group-086F4A8DB6EB-StateMachineUpdater: Took a snapshot at index 14
2019-09-12 04:18:01,833 [8466bef0-9559-4d2e-b20d-aaf3fd2b14fd@group-086F4A8DB6EB-StateMachineUpdater] INFO  impl.StateMachineUpdater (StateMachineUpdater.java:lambda$new$0(83)) - 8466bef0-9559-4d2e-b20d-aaf3fd2b14fd@group-086F4A8DB6EB-StateMachineUpdater: snapshotIndex: updateIncreasingly -1 -> 14
2019-09-12 04:18:01,833 [8466bef0-9559-4d2e-b20d-aaf3fd2b14fd@group-086F4A8DB6EB-StateMachineUpdater] INFO  ratis.ContainerStateMachine (ContainerStateMachine.java:takeSnapshot(289)) - group-086F4A8DB6EB: Taking a snapshot at:(t:2, i:14) file /workdir/hadoop-ozone/integration-test/target/test-dir/MiniOzoneClusterImpl-60a3af6c-3451-4a8a-82ad-625647a1d2f0/datanode-5/data/ratis/56c965c9-1bab-4552-b305-086f4a8db6eb/sm/snapshot.2_14
2019-09-12 04:18:01,834 [Command processor thread] ERROR commandhandler.CloseContainerCommandHandler (CloseContainerCommandHandler.java:handle(125)) - Can't close container #9
java.io.IOException: org.apache.ratis.protocol.GroupMismatchException: 8466bef0-9559-4d2e-b20d-aaf3fd2b14fd: group-086F4A8DB6EB not found.
	at org.apache.hadoop.ozone.container.common.transport.server.ratis.XceiverServerRatis.submitRequest(XceiverServerRatis.java:495)
	at org.apache.hadoop.ozone.container.common.statemachine.commandhandler.CloseContainerCommandHandler.handle(CloseContainerCommandHandler.java:102)
	at org.apache.hadoop.ozone.container.common.statemachine.commandhandler.CommandDispatcher.handle(CommandDispatcher.java:99)
	at org.apache.hadoop.ozone.container.common.statemachine.DatanodeStateMachine.lambda$initCommandHandlerThread$1(DatanodeStateMachine.java:432)
	at java.lang.Thread.run(Thread.java:748)
Caused by: java.util.concurrent.ExecutionException: org.apache.ratis.protocol.GroupMismatchException: 8466bef0-9559-4d2e-b20d-aaf3fd2b14fd: group-086F4A8DB6EB not found.
	at java.util.concurrent.CompletableFuture.reportGet(CompletableFuture.java:357)
	at java.util.concurrent.CompletableFuture.get(CompletableFuture.java:1895)
	at org.apache.hadoop.ozone.container.common.transport.server.ratis.XceiverServerRatis.submitRequest(XceiverServerRatis.java:493)
	... 4 more
Caused by: org.apache.ratis.protocol.GroupMismatchException: 8466bef0-9559-4d2e-b20d-aaf3fd2b14fd: group-086F4A8DB6EB not found.
	at org.apache.ratis.server.impl.RaftServerProxy$ImplMap.get(RaftServerProxy.java:122)
	at org.apache.ratis.server.impl.RaftServerProxy.getImplFuture(RaftServerProxy.java:269)
	at org.apache.ratis.server.impl.RaftServerProxy.submitRequest(RaftServerProxy.java:327)
	at org.apache.ratis.server.impl.RaftServerProxy.submitClientRequestAsync(RaftServerProxy.java:333)
	... 5 more
2019-09-12 04:18:01,858 [8466bef0-9559-4d2e-b20d-aaf3fd2b14fd@group-086F4A8DB6EB-StateMachineUpdater] INFO  ratis.ContainerStateMachine (ContainerStateMachine.java:takeSnapshot(300)) - group-086F4A8DB6EB: Finished taking a snapshot at:(t:2, i:14) file:/workdir/hadoop-ozone/integration-test/target/test-dir/MiniOzoneClusterImpl-60a3af6c-3451-4a8a-82ad-625647a1d2f0/datanode-5/data/ratis/56c965c9-1bab-4552-b305-086f4a8db6eb/sm/snapshot.2_14 time:24
2019-09-12 04:18:01,858 [8466bef0-9559-4d2e-b20d-aaf3fd2b14fd@group-086F4A8DB6EB-StateMachineUpdater] INFO  impl.StateMachineUpdater (StateMachineUpdater.java:takeSnapshot(258)) - 8466bef0-9559-4d2e-b20d-aaf3fd2b14fd@group-086F4A8DB6EB-StateMachineUpdater: Took a snapshot at index 14
2019-09-12 04:18:01,858 [8466bef0-9559-4d2e-b20d-aaf3fd2b14fd@group-086F4A8DB6EB-StateMachineUpdater] INFO  impl.StateMachineUpdater (StateMachineUpdater.java:lambda$new$0(83)) - 8466bef0-9559-4d2e-b20d-aaf3fd2b14fd@group-086F4A8DB6EB-StateMachineUpdater: snapshotIndex: updateIncreasingly 14 -> 14
2019-09-12 04:18:01,859 [grpc-default-executor-6] INFO  impl.RaftServerImpl (ServerState.java:close(385)) - 8466bef0-9559-4d2e-b20d-aaf3fd2b14fd@group-086F4A8DB6EB: closes. applyIndex: 16
2019-09-12 04:18:01,859 [8466bef0-9559-4d2e-b20d-aaf3fd2b14fd@group-086F4A8DB6EB-SegmentedRaftLogWorker] ERROR ratis.XceiverServerRatis (XceiverServerRatis.java:triggerPipelineClose(568)) - pipeline Action CLOSE  on pipeline PipelineID=56c965c9-1bab-4552-b305-086f4a8db6eb.Reason : WriteLog:17: (t:2, i:17), STATEMACHINELOGENTRY, client-B5F51BC26AA5, cid=82-writeStateMachineData interrupted.
2019-09-12 04:18:01,862 [grpc-default-executor-6] INFO  segmented.SegmentedRaftLogWorker (SegmentedRaftLogWorker.java:close(228)) - 8466bef0-9559-4d2e-b20d-aaf3fd2b14fd@group-086F4A8DB6EB-SegmentedRaftLogWorker close()
2019-09-12 04:18:01,865 [EventQueue-PipelineActionsForPipelineActionHandler] ERROR pipeline.PipelineActionHandler (PipelineActionHandler.java:onMessage(60)) - Received pipeline action CLOSE for Pipeline[ Id: 56c965c9-1bab-4552-b305-086f4a8db6eb, Nodes: 90957f92-0013-496b-a419-9c1212c810e8{ip: 192.168.34.8, host: pr-hdds-1879-pbs75-1821932185, networkLocation: /default-rack, certSerialId: null}8466bef0-9559-4d2e-b20d-aaf3fd2b14fd{ip: 192.168.34.8, host: pr-hdds-1879-pbs75-1821932185, networkLocation: /default-rack, certSerialId: null}897fdfd8-a3cb-4c9b-9ef8-a626c4e76414{ip: 192.168.34.8, host: pr-hdds-1879-pbs75-1821932185, networkLocation: /default-rack, certSerialId: null}, Type:RATIS, Factor:THREE, State:CLOSED] from datanode 8466bef0-9559-4d2e-b20d-aaf3fd2b14fd{ip: 192.168.34.8, host: pr-hdds-1879-pbs75-1821932185, networkLocation: /default-rack, certSerialId: null}. Reason : WriteLog:17: (t:2, i:17), STATEMACHINELOGENTRY, client-B5F51BC26AA5, cid=82-writeStateMachineData interrupted.
2019-09-12 04:18:01,866 [EventQueue-PipelineActionsForPipelineActionHandler] INFO  pipeline.SCMPipelineManager (SCMPipelineManager.java:finalizeAndDestroyPipeline(311)) - destroying pipeline:Pipeline[ Id: 56c965c9-1bab-4552-b305-086f4a8db6eb, Nodes: 90957f92-0013-496b-a419-9c1212c810e8{ip: 192.168.34.8, host: pr-hdds-1879-pbs75-1821932185, networkLocation: /default-rack, certSerialId: null}8466bef0-9559-4d2e-b20d-aaf3fd2b14fd{ip: 192.168.34.8, host: pr-hdds-1879-pbs75-1821932185, networkLocation: /default-rack, certSerialId: null}897fdfd8-a3cb-4c9b-9ef8-a626c4e76414{ip: 192.168.34.8, host: pr-hdds-1879-pbs75-1821932185, networkLocation: /default-rack, certSerialId: null}, Type:RATIS, Factor:THREE, State:CLOSED]
2019-09-12 04:18:01,916 [grpc-default-executor-6] INFO  interfaces.Container (KeyValueContainer.java:flushAndSyncDB(384)) - Container 8 is synced with bcsId 12.
2019-09-12 04:18:01,916 [grpc-default-executor-6] INFO  interfaces.Container (KeyValueContainer.java:flushAndSyncDB(384)) - Container 8 is synced with bcsId 12.
2019-09-12 04:18:02,032 [grpc-default-executor-7] INFO  client.GrpcClientProtocolClient (GrpcClientProtocolClient.java:onNext(264)) - client-B5F51BC26AA5->897fdfd8-a3cb-4c9b-9ef8-a626c4e76414: receive RaftClientReply:client-B5F51BC26AA5->897fdfd8-a3cb-4c9b-9ef8-a626c4e76414@group-086F4A8DB6EB, cid=82, FAILED org.apache.ratis.protocol.NotLeaderException: Server 897fdfd8-a3cb-4c9b-9ef8-a626c4e76414@group-086F4A8DB6EB is not the leader 8466bef0-9559-4d2e-b20d-aaf3fd2b14fd:192.168.34.8:32905, logIndex=0, commits[897fdfd8-a3cb-4c9b-9ef8-a626c4e76414:c16, 90957f92-0013-496b-a419-9c1212c810e8:c12, 8466bef0-9559-4d2e-b20d-aaf3fd2b14fd:c16]
2019-09-12 04:18:02,063 [main] WARN  io.KeyOutputStream (KeyOutputStream.java:handleException(276)) - Encountered exception java.io.IOException: Unexpected Storage Container Exception: java.util.concurrent.CompletionException: java.util.concurrent.CompletionException: org.apache.ratis.protocol.GroupMismatchException: 8466bef0-9559-4d2e-b20d-aaf3fd2b14fd: group-086F4A8DB6EB not found. on the pipeline Pipeline[ Id: 56c965c9-1bab-4552-b305-086f4a8db6eb, Nodes: 90957f92-0013-496b-a419-9c1212c810e8{ip: 192.168.34.8, host: pr-hdds-1879-pbs75-1821932185, networkLocation: /default-rack, certSerialId: null}8466bef0-9559-4d2e-b20d-aaf3fd2b14fd{ip: 192.168.34.8, host: pr-hdds-1879-pbs75-1821932185, networkLocation: /default-rack, certSerialId: null}897fdfd8-a3cb-4c9b-9ef8-a626c4e76414{ip: 192.168.34.8, host: pr-hdds-1879-pbs75-1821932185, networkLocation: /default-rack, certSerialId: null}, Type:RATIS, Factor:THREE, State:OPEN]. The last committed block length is 0, uncommitted data length is 2097152 retry count 0
2019-09-12 04:18:02,111 [grpc-default-executor-10] INFO  client.GrpcClientProtocolClient (GrpcClientProtocolClient.java:onNext(264)) - client-F45FD8F27C21->90957f92-0013-496b-a419-9c1212c810e8: receive RaftClientReply:client-F45FD8F27C21->90957f92-0013-496b-a419-9c1212c810e8@group-6371820A5F4C, cid=163, FAILED org.apache.ratis.protocol.NotLeaderException: Server 90957f92-0013-496b-a419-9c1212c810e8@group-6371820A5F4C is not the leader 8466bef0-9559-4d2e-b20d-aaf3fd2b14fd:192.168.34.8:32905, logIndex=0, commits[90957f92-0013-496b-a419-9c1212c810e8:c0, 897fdfd8-a3cb-4c9b-9ef8-a626c4e76414:c0, 8466bef0-9559-4d2e-b20d-aaf3fd2b14fd:c0]
2019-09-12 04:18:02,134 [grpc-default-executor-12] INFO  impl.RaftServerImpl (ServerState.java:setRaftConf(354)) - 897fdfd8-a3cb-4c9b-9ef8-a626c4e76414@group-6371820A5F4C: set configuration 0: [897fdfd8-a3cb-4c9b-9ef8-a626c4e76414:192.168.34.8:43067, 90957f92-0013-496b-a419-9c1212c810e8:192.168.34.8:33479, 8466bef0-9559-4d2e-b20d-aaf3fd2b14fd:192.168.34.8:32905], old=null at 0
2019-09-12 04:18:02,134 [grpc-default-executor-10] INFO  impl.RaftServerImpl (ServerState.java:setRaftConf(354)) - 90957f92-0013-496b-a419-9c1212c810e8@group-6371820A5F4C: set configuration 0: [897fdfd8-a3cb-4c9b-9ef8-a626c4e76414:192.168.34.8:43067, 90957f92-0013-496b-a419-9c1212c810e8:192.168.34.8:33479, 8466bef0-9559-4d2e-b20d-aaf3fd2b14fd:192.168.34.8:32905], old=null at 0
2019-09-12 04:18:02,357 [grpc-default-executor-6] INFO  interfaces.Container (KeyValueContainer.java:flushAndSyncDB(384)) - Container 9 is synced with bcsId 0.
2019-09-12 04:18:02,358 [grpc-default-executor-6] INFO  interfaces.Container (KeyValueContainer.java:flushAndSyncDB(384)) - Container 9 is synced with bcsId 0.
2019-09-12 04:18:02,449 [grpc-default-executor-6] INFO  impl.RaftServerProxy (RaftServerProxy.java:remove(95)) - 897fdfd8-a3cb-4c9b-9ef8-a626c4e76414: remove  FOLLOWER 897fdfd8-a3cb-4c9b-9ef8-a626c4e76414@group-086F4A8DB6EB:t2, leader=8466bef0-9559-4d2e-b20d-aaf3fd2b14fd, voted=8466bef0-9559-4d2e-b20d-aaf3fd2b14fd, raftlog=897fdfd8-a3cb-4c9b-9ef8-a626c4e76414@group-086F4A8DB6EB-SegmentedRaftLog:OPENED:c16,f16,i21, conf=0: [897fdfd8-a3cb-4c9b-9ef8-a626c4e76414:192.168.34.8:43067, 90957f92-0013-496b-a419-9c1212c810e8:192.168.34.8:33479, 8466bef0-9559-4d2e-b20d-aaf3fd2b14fd:192.168.34.8:32905], old=null RUNNING
2019-09-12 04:18:02,450 [grpc-default-executor-6] INFO  impl.RaftServerImpl (RaftServerImpl.java:lambda$shutdown$3(251)) - 897fdfd8-a3cb-4c9b-9ef8-a626c4e76414@group-086F4A8DB6EB: shutdown
2019-09-12 04:18:02,450 [grpc-default-executor-6] INFO  util.JmxRegister (JmxRegister.java:unregister(73)) - Successfully un-registered JMX Bean with object name Ratis:service=RaftServer,group=group-086F4A8DB6EB,id=897fdfd8-a3cb-4c9b-9ef8-a626c4e76414
2019-09-12 04:18:02,450 [grpc-default-executor-6] INFO  impl.RoleInfo (RoleInfo.java:shutdownFollowerState(121)) - 897fdfd8-a3cb-4c9b-9ef8-a626c4e76414: shutdown FollowerState
2019-09-12 04:18:02,450 [grpc-default-executor-6] INFO  impl.StateMachineUpdater (StateMachineUpdater.java:stopAndJoin(125)) - 897fdfd8-a3cb-4c9b-9ef8-a626c4e76414@group-086F4A8DB6EB-StateMachineUpdater: set stopIndex = 16
2019-09-12 04:18:02,450 [Thread-1023] INFO  impl.FollowerState (FollowerState.java:run(115)) - 897fdfd8-a3cb-4c9b-9ef8-a626c4e76414: FollowerState was interrupted: java.lang.InterruptedException: sleep interrupted
2019-09-12 04:18:02,450 [897fdfd8-a3cb-4c9b-9ef8-a626c4e76414@group-086F4A8DB6EB-StateMachineUpdater] INFO  ratis.ContainerStateMachine (ContainerStateMachine.java:takeSnapshot(289)) - group-086F4A8DB6EB: Taking a snapshot at:(t:2, i:12) file /workdir/hadoop-ozone/integration-test/target/test-dir/MiniOzoneClusterImpl-60a3af6c-3451-4a8a-82ad-625647a1d2f0/datanode-2/data/ratis/56c965c9-1bab-4552-b305-086f4a8db6eb/sm/snapshot.2_12
2019-09-12 04:18:02,523 [897fdfd8-a3cb-4c9b-9ef8-a626c4e76414@group-086F4A8DB6EB-StateMachineUpdater] INFO  ratis.ContainerStateMachine (ContainerStateMachine.java:takeSnapshot(300)) - group-086F4A8DB6EB: Finished taking a snapshot at:(t:2, i:12) file:/workdir/hadoop-ozone/integration-test/target/test-dir/MiniOzoneClusterImpl-60a3af6c-3451-4a8a-82ad-625647a1d2f0/datanode-2/data/ratis/56c965c9-1bab-4552-b305-086f4a8db6eb/sm/snapshot.2_12 time:72
2019-09-12 04:18:02,523 [897fdfd8-a3cb-4c9b-9ef8-a626c4e76414@group-086F4A8DB6EB-StateMachineUpdater] INFO  impl.StateMachineUpdater (StateMachineUpdater.java:takeSnapshot(258)) - 897fdfd8-a3cb-4c9b-9ef8-a626c4e76414@group-086F4A8DB6EB-StateMachineUpdater: Took a snapshot at index 12
2019-09-12 04:18:02,523 [897fdfd8-a3cb-4c9b-9ef8-a626c4e76414@group-086F4A8DB6EB-StateMachineUpdater] INFO  impl.StateMachineUpdater (StateMachineUpdater.java:lambda$new$0(83)) - 897fdfd8-a3cb-4c9b-9ef8-a626c4e76414@group-086F4A8DB6EB-StateMachineUpdater: snapshotIndex: updateIncreasingly -1 -> 12
2019-09-12 04:18:02,523 [897fdfd8-a3cb-4c9b-9ef8-a626c4e76414@group-086F4A8DB6EB-StateMachineUpdater] INFO  ratis.ContainerStateMachine (ContainerStateMachine.java:takeSnapshot(289)) - group-086F4A8DB6EB: Taking a snapshot at:(t:2, i:12) file /workdir/hadoop-ozone/integration-test/target/test-dir/MiniOzoneClusterImpl-60a3af6c-3451-4a8a-82ad-625647a1d2f0/datanode-2/data/ratis/56c965c9-1bab-4552-b305-086f4a8db6eb/sm/snapshot.2_12
2019-09-12 04:18:02,591 [897fdfd8-a3cb-4c9b-9ef8-a626c4e76414@group-086F4A8DB6EB-StateMachineUpdater] INFO  ratis.ContainerStateMachine (ContainerStateMachine.java:takeSnapshot(300)) - group-086F4A8DB6EB: Finished taking a snapshot at:(t:2, i:12) file:/workdir/hadoop-ozone/integration-test/target/test-dir/MiniOzoneClusterImpl-60a3af6c-3451-4a8a-82ad-625647a1d2f0/datanode-2/data/ratis/56c965c9-1bab-4552-b305-086f4a8db6eb/sm/snapshot.2_12 time:67
2019-09-12 04:18:02,591 [897fdfd8-a3cb-4c9b-9ef8-a626c4e76414@group-086F4A8DB6EB-StateMachineUpdater] INFO  impl.StateMachineUpdater (StateMachineUpdater.java:takeSnapshot(258)) - 897fdfd8-a3cb-4c9b-9ef8-a626c4e76414@group-086F4A8DB6EB-StateMachineUpdater: Took a snapshot at index 12
2019-09-12 04:18:02,591 [897fdfd8-a3cb-4c9b-9ef8-a626c4e76414@group-086F4A8DB6EB-StateMachineUpdater] INFO  impl.StateMachineUpdater (StateMachineUpdater.java:lambda$new$0(83)) - 897fdfd8-a3cb-4c9b-9ef8-a626c4e76414@group-086F4A8DB6EB-StateMachineUpdater: snapshotIndex: updateIncreasingly 12 -> 12
2019-09-12 04:18:02,591 [grpc-default-executor-6] INFO  impl.RaftServerImpl (ServerState.java:close(385)) - 897fdfd8-a3cb-4c9b-9ef8-a626c4e76414@group-086F4A8DB6EB: closes. applyIndex: 16
2019-09-12 04:18:02,592 [897fdfd8-a3cb-4c9b-9ef8-a626c4e76414@group-086F4A8DB6EB-SegmentedRaftLogWorker] ERROR ratis.XceiverServerRatis (XceiverServerRatis.java:triggerPipelineClose(568)) - pipeline Action CLOSE  on pipeline PipelineID=56c965c9-1bab-4552-b305-086f4a8db6eb.Reason : WriteLog:19: (t:2, i:19), STATEMACHINELOGENTRY, client-B5F51BC26AA5, cid=84-writeStateMachineData interrupted.
2019-09-12 04:18:02,595 [EventQueue-PipelineActionsForPipelineActionHandler] ERROR pipeline.PipelineActionHandler (PipelineActionHandler.java:onMessage(60)) - Received pipeline action CLOSE for Pipeline[ Id: 56c965c9-1bab-4552-b305-086f4a8db6eb, Nodes: 90957f92-0013-496b-a419-9c1212c810e8{ip: 192.168.34.8, host: pr-hdds-1879-pbs75-1821932185, networkLocation: /default-rack, certSerialId: null}8466bef0-9559-4d2e-b20d-aaf3fd2b14fd{ip: 192.168.34.8, host: pr-hdds-1879-pbs75-1821932185, networkLocation: /default-rack, certSerialId: null}897fdfd8-a3cb-4c9b-9ef8-a626c4e76414{ip: 192.168.34.8, host: pr-hdds-1879-pbs75-1821932185, networkLocation: /default-rack, certSerialId: null}, Type:RATIS, Factor:THREE, State:CLOSED] from datanode 897fdfd8-a3cb-4c9b-9ef8-a626c4e76414{ip: 192.168.34.8, host: pr-hdds-1879-pbs75-1821932185, networkLocation: /default-rack, certSerialId: null}. Reason : WriteLog:19: (t:2, i:19), STATEMACHINELOGENTRY, client-B5F51BC26AA5, cid=84-writeStateMachineData interrupted.
2019-09-12 04:18:02,595 [EventQueue-PipelineActionsForPipelineActionHandler] INFO  pipeline.SCMPipelineManager (SCMPipelineManager.java:finalizeAndDestroyPipeline(311)) - destroying pipeline:Pipeline[ Id: 56c965c9-1bab-4552-b305-086f4a8db6eb, Nodes: 90957f92-0013-496b-a419-9c1212c810e8{ip: 192.168.34.8, host: pr-hdds-1879-pbs75-1821932185, networkLocation: /default-rack, certSerialId: null}8466bef0-9559-4d2e-b20d-aaf3fd2b14fd{ip: 192.168.34.8, host: pr-hdds-1879-pbs75-1821932185, networkLocation: /default-rack, certSerialId: null}897fdfd8-a3cb-4c9b-9ef8-a626c4e76414{ip: 192.168.34.8, host: pr-hdds-1879-pbs75-1821932185, networkLocation: /default-rack, certSerialId: null}, Type:RATIS, Factor:THREE, State:CLOSED]
2019-09-12 04:18:02,608 [grpc-default-executor-6] INFO  segmented.SegmentedRaftLogWorker (SegmentedRaftLogWorker.java:close(228)) - 897fdfd8-a3cb-4c9b-9ef8-a626c4e76414@group-086F4A8DB6EB-SegmentedRaftLogWorker close()
2019-09-12 04:18:02,675 [grpc-default-executor-6] INFO  interfaces.Container (KeyValueContainer.java:flushAndSyncDB(384)) - Container 8 is synced with bcsId 12.
2019-09-12 04:18:02,675 [grpc-default-executor-6] INFO  interfaces.Container (KeyValueContainer.java:flushAndSyncDB(384)) - Container 8 is synced with bcsId 12.
2019-09-12 04:18:02,881 [grpc-default-executor-10] INFO  client.GrpcClientProtocolClient (GrpcClientProtocolClient.java:onNext(264)) - client-F45FD8F27C21->8466bef0-9559-4d2e-b20d-aaf3fd2b14fd: receive RaftClientReply:client-F45FD8F27C21->8466bef0-9559-4d2e-b20d-aaf3fd2b14fd@group-6371820A5F4C, cid=163, SUCCESS, logIndex=1, commits[8466bef0-9559-4d2e-b20d-aaf3fd2b14fd:c1, 897fdfd8-a3cb-4c9b-9ef8-a626c4e76414:c0, 90957f92-0013-496b-a419-9c1212c810e8:c0]
2019-09-12 04:18:03,123 [grpc-default-executor-6] INFO  interfaces.Container (KeyValueContainer.java:flushAndSyncDB(384)) - Container 9 is synced with bcsId 0.
2019-09-12 04:18:03,314 [grpc-default-executor-11] INFO  client.GrpcClientProtocolClient (GrpcClientProtocolClient.java:onNext(264)) - client-F45FD8F27C21->8466bef0-9559-4d2e-b20d-aaf3fd2b14fd: receive RaftClientReply:client-F45FD8F27C21->8466bef0-9559-4d2e-b20d-aaf3fd2b14fd@group-6371820A5F4C, cid=164, SUCCESS, logIndex=3, commits[8466bef0-9559-4d2e-b20d-aaf3fd2b14fd:c7, 897fdfd8-a3cb-4c9b-9ef8-a626c4e76414:c5, 90957f92-0013-496b-a419-9c1212c810e8:c5]
2019-09-12 04:18:03,314 [grpc-default-executor-11] INFO  client.GrpcClientProtocolClient (GrpcClientProtocolClient.java:onNext(264)) - client-F45FD8F27C21->8466bef0-9559-4d2e-b20d-aaf3fd2b14fd: receive RaftClientReply:client-F45FD8F27C21->8466bef0-9559-4d2e-b20d-aaf3fd2b14fd@group-6371820A5F4C, cid=165, SUCCESS, logIndex=4, commits[8466bef0-9559-4d2e-b20d-aaf3fd2b14fd:c7, 897fdfd8-a3cb-4c9b-9ef8-a626c4e76414:c5, 90957f92-0013-496b-a419-9c1212c810e8:c5]
2019-09-12 04:18:03,487 [grpc-default-executor-6] INFO  interfaces.Container (KeyValueContainer.java:flushAndSyncDB(384)) - Container 9 is synced with bcsId 0.
2019-09-12 04:18:03,489 [grpc-default-executor-11] INFO  client.GrpcClientProtocolClient (GrpcClientProtocolClient.java:onNext(264)) - client-F45FD8F27C21->8466bef0-9559-4d2e-b20d-aaf3fd2b14fd: receive RaftClientReply:client-F45FD8F27C21->8466bef0-9559-4d2e-b20d-aaf3fd2b14fd@group-6371820A5F4C, cid=166, SUCCESS, logIndex=5, commits[8466bef0-9559-4d2e-b20d-aaf3fd2b14fd:c7, 897fdfd8-a3cb-4c9b-9ef8-a626c4e76414:c5, 90957f92-0013-496b-a419-9c1212c810e8:c5]
2019-09-12 04:18:03,502 [RatisPipelineUtilsThread] INFO  pipeline.PipelineStateManager (PipelineStateManager.java:removePipeline(108)) - Pipeline Pipeline[ Id: 56c965c9-1bab-4552-b305-086f4a8db6eb, Nodes: 90957f92-0013-496b-a419-9c1212c810e8{ip: 192.168.34.8, host: pr-hdds-1879-pbs75-1821932185, networkLocation: /default-rack, certSerialId: null}8466bef0-9559-4d2e-b20d-aaf3fd2b14fd{ip: 192.168.34.8, host: pr-hdds-1879-pbs75-1821932185, networkLocation: /default-rack, certSerialId: null}897fdfd8-a3cb-4c9b-9ef8-a626c4e76414{ip: 192.168.34.8, host: pr-hdds-1879-pbs75-1821932185, networkLocation: /default-rack, certSerialId: null}, Type:RATIS, Factor:THREE, State:CLOSED] removed from db
2019-09-12 04:18:03,528 [grpc-default-executor-12] INFO  client.GrpcClientProtocolClient (GrpcClientProtocolClient.java:onNext(264)) - client-F45FD8F27C21->8466bef0-9559-4d2e-b20d-aaf3fd2b14fd: receive RaftClientReply:client-F45FD8F27C21->8466bef0-9559-4d2e-b20d-aaf3fd2b14fd@group-6371820A5F4C, cid=168, SUCCESS, logIndex=8, commits[8466bef0-9559-4d2e-b20d-aaf3fd2b14fd:c9, 897fdfd8-a3cb-4c9b-9ef8-a626c4e76414:c7, 90957f92-0013-496b-a419-9c1212c810e8:c7]
2019-09-12 04:18:03,529 [grpc-default-executor-12] INFO  client.GrpcClientProtocolClient (GrpcClientProtocolClient.java:onNext(264)) - client-F45FD8F27C21->8466bef0-9559-4d2e-b20d-aaf3fd2b14fd: receive RaftClientReply:client-F45FD8F27C21->8466bef0-9559-4d2e-b20d-aaf3fd2b14fd@group-6371820A5F4C, cid=169, SUCCESS, logIndex=9, commits[8466bef0-9559-4d2e-b20d-aaf3fd2b14fd:c11, 897fdfd8-a3cb-4c9b-9ef8-a626c4e76414:c7, 90957f92-0013-496b-a419-9c1212c810e8:c7]
2019-09-12 04:18:03,529 [grpc-default-executor-12] INFO  client.GrpcClientProtocolClient (GrpcClientProtocolClient.java:onNext(264)) - client-F45FD8F27C21->8466bef0-9559-4d2e-b20d-aaf3fd2b14fd: receive RaftClientReply:client-F45FD8F27C21->8466bef0-9559-4d2e-b20d-aaf3fd2b14fd@group-6371820A5F4C, cid=170, SUCCESS, logIndex=10, commits[8466bef0-9559-4d2e-b20d-aaf3fd2b14fd:c11, 897fdfd8-a3cb-4c9b-9ef8-a626c4e76414:c7, 90957f92-0013-496b-a419-9c1212c810e8:c7]
2019-09-12 04:18:03,530 [grpc-default-executor-12] INFO  client.GrpcClientProtocolClient (GrpcClientProtocolClient.java:onNext(264)) - client-F45FD8F27C21->8466bef0-9559-4d2e-b20d-aaf3fd2b14fd: receive RaftClientReply:client-F45FD8F27C21->8466bef0-9559-4d2e-b20d-aaf3fd2b14fd@group-6371820A5F4C, cid=171, SUCCESS, logIndex=11, commits[8466bef0-9559-4d2e-b20d-aaf3fd2b14fd:c11, 897fdfd8-a3cb-4c9b-9ef8-a626c4e76414:c7, 90957f92-0013-496b-a419-9c1212c810e8:c7]
2019-09-12 04:18:03,536 [grpc-default-executor-12] INFO  client.GrpcClientProtocolClient (GrpcClientProtocolClient.java:onNext(264)) - client-F45FD8F27C21->8466bef0-9559-4d2e-b20d-aaf3fd2b14fd: receive RaftClientReply:client-F45FD8F27C21->8466bef0-9559-4d2e-b20d-aaf3fd2b14fd@group-6371820A5F4C, cid=172, SUCCESS, logIndex=0, commits[8466bef0-9559-4d2e-b20d-aaf3fd2b14fd:c12, 897fdfd8-a3cb-4c9b-9ef8-a626c4e76414:c9, 90957f92-0013-496b-a419-9c1212c810e8:c9]
2019-09-12 04:18:03,538 [grpc-default-executor-11] INFO  client.GrpcClientProtocolClient (GrpcClientProtocolClient.java:onNext(264)) - client-F45FD8F27C21->8466bef0-9559-4d2e-b20d-aaf3fd2b14fd: receive RaftClientReply:client-F45FD8F27C21->8466bef0-9559-4d2e-b20d-aaf3fd2b14fd@group-6371820A5F4C, cid=173, SUCCESS, logIndex=0, commits[8466bef0-9559-4d2e-b20d-aaf3fd2b14fd:c15, 897fdfd8-a3cb-4c9b-9ef8-a626c4e76414:c11, 90957f92-0013-496b-a419-9c1212c810e8:c11]
]]></system-out>
    <system-err><![CDATA[Sep 12, 2019 4:18:01 AM org.apache.ratis.thirdparty.io.grpc.internal.SerializingExecutor run
SEVERE: Exception while executing runnable org.apache.ratis.thirdparty.io.grpc.internal.ServerImpl$JumpToApplicationThreadServerStreamListener$1Closed@2d982d62
org.apache.ratis.thirdparty.io.grpc.StatusRuntimeException: CANCELLED: call already cancelled
	at org.apache.ratis.thirdparty.io.grpc.Status.asRuntimeException(Status.java:517)
	at org.apache.ratis.thirdparty.io.grpc.stub.ServerCalls$ServerCallStreamObserverImpl.onCompleted(ServerCalls.java:356)
	at org.apache.ratis.grpc.server.GrpcServerProtocolService$ServerRequestStreamObserver.onError(GrpcServerProtocolService.java:121)
	at org.apache.ratis.thirdparty.io.grpc.stub.ServerCalls$StreamingServerCallHandler$StreamingServerCallListener.onCancel(ServerCalls.java:269)
	at org.apache.ratis.thirdparty.io.grpc.internal.ServerCallImpl$ServerStreamListenerImpl.closed(ServerCallImpl.java:293)
	at org.apache.ratis.thirdparty.io.grpc.internal.ServerImpl$JumpToApplicationThreadServerStreamListener$1Closed.runInContext(ServerImpl.java:741)
	at org.apache.ratis.thirdparty.io.grpc.internal.ContextRunnable.run(ContextRunnable.java:37)
	at org.apache.ratis.thirdparty.io.grpc.internal.SerializingExecutor.run(SerializingExecutor.java:123)
	at java.util.concurrent.ThreadPoolExecutor.runWorker(ThreadPoolExecutor.java:1149)
	at java.util.concurrent.ThreadPoolExecutor$Worker.run(ThreadPoolExecutor.java:624)
	at java.lang.Thread.run(Thread.java:748)

Sep 12, 2019 4:18:01 AM org.apache.ratis.thirdparty.io.grpc.internal.SerializingExecutor run
SEVERE: Exception while executing runnable org.apache.ratis.thirdparty.io.grpc.internal.ServerImpl$JumpToApplicationThreadServerStreamListener$1Closed@3cb9317
org.apache.ratis.thirdparty.io.grpc.StatusRuntimeException: CANCELLED: call already cancelled
	at org.apache.ratis.thirdparty.io.grpc.Status.asRuntimeException(Status.java:517)
	at org.apache.ratis.thirdparty.io.grpc.stub.ServerCalls$ServerCallStreamObserverImpl.onCompleted(ServerCalls.java:356)
	at org.apache.ratis.grpc.server.GrpcServerProtocolService$ServerRequestStreamObserver.onError(GrpcServerProtocolService.java:121)
	at org.apache.ratis.thirdparty.io.grpc.stub.ServerCalls$StreamingServerCallHandler$StreamingServerCallListener.onCancel(ServerCalls.java:269)
	at org.apache.ratis.thirdparty.io.grpc.internal.ServerCallImpl$ServerStreamListenerImpl.closed(ServerCallImpl.java:293)
	at org.apache.ratis.thirdparty.io.grpc.internal.ServerImpl$JumpToApplicationThreadServerStreamListener$1Closed.runInContext(ServerImpl.java:741)
	at org.apache.ratis.thirdparty.io.grpc.internal.ContextRunnable.run(ContextRunnable.java:37)
	at org.apache.ratis.thirdparty.io.grpc.internal.SerializingExecutor.run(SerializingExecutor.java:123)
	at java.util.concurrent.ThreadPoolExecutor.runWorker(ThreadPoolExecutor.java:1149)
	at java.util.concurrent.ThreadPoolExecutor$Worker.run(ThreadPoolExecutor.java:624)
	at java.lang.Thread.run(Thread.java:748)

]]></system-err>
  </testcase>
  <testcase name="testBlockWrites" classname="org.apache.hadoop.ozone.client.rpc.TestCloseContainerHandlingByClient" time="197.521"/>
  <testcase name="testMultiBlockWrites2" classname="org.apache.hadoop.ozone.client.rpc.TestCloseContainerHandlingByClient" time="204.087">
    <error message="PipelineID=01d26c0f-af01-4266-92c2-6d8373f8491b not found" type="org.apache.hadoop.hdds.scm.pipeline.PipelineNotFoundException">org.apache.hadoop.hdds.scm.pipeline.PipelineNotFoundException: PipelineID=01d26c0f-af01-4266-92c2-6d8373f8491b not found
	at org.apache.hadoop.hdds.scm.pipeline.PipelineStateMap.getPipeline(PipelineStateMap.java:132)
	at org.apache.hadoop.hdds.scm.pipeline.PipelineStateManager.getPipeline(PipelineStateManager.java:66)
	at org.apache.hadoop.hdds.scm.pipeline.SCMPipelineManager.getPipeline(SCMPipelineManager.java:187)
	at org.apache.hadoop.ozone.container.ContainerTestHelper.waitForContainerClose(ContainerTestHelper.java:833)
	at org.apache.hadoop.ozone.container.ContainerTestHelper.waitForContainerClose(ContainerTestHelper.java:741)
	at org.apache.hadoop.ozone.client.rpc.TestCloseContainerHandlingByClient.waitForContainerClose(TestCloseContainerHandlingByClient.java:342)
	at org.apache.hadoop.ozone.client.rpc.TestCloseContainerHandlingByClient.testMultiBlockWrites2(TestCloseContainerHandlingByClient.java:266)
	at sun.reflect.NativeMethodAccessorImpl.invoke0(Native Method)
	at sun.reflect.NativeMethodAccessorImpl.invoke(NativeMethodAccessorImpl.java:62)
	at sun.reflect.DelegatingMethodAccessorImpl.invoke(DelegatingMethodAccessorImpl.java:43)
	at java.lang.reflect.Method.invoke(Method.java:498)
	at org.junit.runners.model.FrameworkMethod$1.runReflectiveCall(FrameworkMethod.java:47)
	at org.junit.internal.runners.model.ReflectiveCallable.run(ReflectiveCallable.java:12)
	at org.junit.runners.model.FrameworkMethod.invokeExplosively(FrameworkMethod.java:44)
	at org.junit.internal.runners.statements.InvokeMethod.evaluate(InvokeMethod.java:17)
	at org.junit.runners.ParentRunner.runLeaf(ParentRunner.java:271)
	at org.junit.runners.BlockJUnit4ClassRunner.runChild(BlockJUnit4ClassRunner.java:70)
	at org.junit.runners.BlockJUnit4ClassRunner.runChild(BlockJUnit4ClassRunner.java:50)
	at org.junit.runners.ParentRunner$3.run(ParentRunner.java:238)
	at org.junit.runners.ParentRunner$1.schedule(ParentRunner.java:63)
	at org.junit.runners.ParentRunner.runChildren(ParentRunner.java:236)
	at org.junit.runners.ParentRunner.access$000(ParentRunner.java:53)
	at org.junit.runners.ParentRunner$2.evaluate(ParentRunner.java:229)
	at org.junit.internal.runners.statements.RunBefores.evaluate(RunBefores.java:26)
	at org.junit.internal.runners.statements.RunAfters.evaluate(RunAfters.java:27)
	at org.junit.runners.ParentRunner.run(ParentRunner.java:309)
	at org.apache.maven.surefire.junit4.JUnit4Provider.execute(JUnit4Provider.java:365)
	at org.apache.maven.surefire.junit4.JUnit4Provider.executeWithRerun(JUnit4Provider.java:273)
	at org.apache.maven.surefire.junit4.JUnit4Provider.executeTestSet(JUnit4Provider.java:238)
	at org.apache.maven.surefire.junit4.JUnit4Provider.invoke(JUnit4Provider.java:159)
	at org.apache.maven.surefire.booter.ForkedBooter.invokeProviderInSameClassLoader(ForkedBooter.java:384)
	at org.apache.maven.surefire.booter.ForkedBooter.runSuitesInProcess(ForkedBooter.java:345)
	at org.apache.maven.surefire.booter.ForkedBooter.execute(ForkedBooter.java:126)
	at org.apache.maven.surefire.booter.ForkedBooter.main(ForkedBooter.java:418)
</error>
    <system-out><![CDATA[2019-09-12 04:21:22,924 [grpc-default-executor-11] INFO  impl.RaftServerProxy (RaftServerProxy.java:remove(95)) - f3263f9a-ef6c-4ff4-a6b2-5a62e946b753: remove group-169A4988E437:null
2019-09-12 04:21:22,927 [RatisPipelineUtilsThread] WARN  pipeline.RatisPipelineUtils (RatisPipelineUtils.java:destroyPipeline(66)) - Pipeline destroy failed for pipeline=PipelineID=c13b24b2-9c43-4bb4-8ff8-169a4988e437 dn=f3263f9a-ef6c-4ff4-a6b2-5a62e946b753{ip: 192.168.34.8, host: pr-hdds-1879-pbs75-1821932185, networkLocation: /default-rack, certSerialId: null}
2019-09-12 04:21:22,930 [grpc-default-executor-11] INFO  impl.RaftServerProxy (RaftServerProxy.java:remove(95)) - 2d4da40c-dd43-4554-9707-f6503cf38c80: remove group-169A4988E437:null
2019-09-12 04:21:22,932 [RatisPipelineUtilsThread] WARN  pipeline.RatisPipelineUtils (RatisPipelineUtils.java:destroyPipeline(66)) - Pipeline destroy failed for pipeline=PipelineID=c13b24b2-9c43-4bb4-8ff8-169a4988e437 dn=2d4da40c-dd43-4554-9707-f6503cf38c80{ip: 192.168.34.8, host: pr-hdds-1879-pbs75-1821932185, networkLocation: /default-rack, certSerialId: null}
2019-09-12 04:21:22,935 [grpc-default-executor-11] INFO  impl.RaftServerProxy (RaftServerProxy.java:remove(95)) - a413c2ef-7abc-47d7-b263-b9548e673ba5: remove group-169A4988E437:null
2019-09-12 04:21:22,937 [RatisPipelineUtilsThread] WARN  pipeline.RatisPipelineUtils (RatisPipelineUtils.java:destroyPipeline(66)) - Pipeline destroy failed for pipeline=PipelineID=c13b24b2-9c43-4bb4-8ff8-169a4988e437 dn=a413c2ef-7abc-47d7-b263-b9548e673ba5{ip: 192.168.34.8, host: pr-hdds-1879-pbs75-1821932185, networkLocation: /default-rack, certSerialId: null}
2019-09-12 04:21:22,937 [RatisPipelineUtilsThread] ERROR pipeline.SCMPipelineManager (Scheduler.java:lambda$schedule$1(70)) - Destroy pipeline failed for pipeline:Pipeline[ Id: c13b24b2-9c43-4bb4-8ff8-169a4988e437, Nodes: f3263f9a-ef6c-4ff4-a6b2-5a62e946b753{ip: 192.168.34.8, host: pr-hdds-1879-pbs75-1821932185, networkLocation: /default-rack, certSerialId: null}2d4da40c-dd43-4554-9707-f6503cf38c80{ip: 192.168.34.8, host: pr-hdds-1879-pbs75-1821932185, networkLocation: /default-rack, certSerialId: null}a413c2ef-7abc-47d7-b263-b9548e673ba5{ip: 192.168.34.8, host: pr-hdds-1879-pbs75-1821932185, networkLocation: /default-rack, certSerialId: null}, Type:RATIS, Factor:THREE, State:CLOSED]
org.apache.hadoop.hdds.scm.pipeline.PipelineNotFoundException: PipelineID=c13b24b2-9c43-4bb4-8ff8-169a4988e437 not found
	at org.apache.hadoop.hdds.scm.pipeline.PipelineStateMap.getPipeline(PipelineStateMap.java:132)
	at org.apache.hadoop.hdds.scm.pipeline.PipelineStateMap.removePipeline(PipelineStateMap.java:322)
	at org.apache.hadoop.hdds.scm.pipeline.PipelineStateManager.removePipeline(PipelineStateManager.java:107)
	at org.apache.hadoop.hdds.scm.pipeline.SCMPipelineManager.removePipeline(SCMPipelineManager.java:423)
	at org.apache.hadoop.hdds.scm.pipeline.SCMPipelineManager.destroyPipeline(SCMPipelineManager.java:409)
	at org.apache.hadoop.hdds.scm.pipeline.SCMPipelineManager.lambda$finalizeAndDestroyPipeline$0(SCMPipelineManager.java:318)
	at org.apache.hadoop.utils.Scheduler.lambda$schedule$1(Scheduler.java:68)
	at java.util.concurrent.Executors$RunnableAdapter.call(Executors.java:511)
	at java.util.concurrent.FutureTask.run(FutureTask.java:266)
	at java.util.concurrent.ScheduledThreadPoolExecutor$ScheduledFutureTask.access$201(ScheduledThreadPoolExecutor.java:180)
	at java.util.concurrent.ScheduledThreadPoolExecutor$ScheduledFutureTask.run(ScheduledThreadPoolExecutor.java:293)
	at java.util.concurrent.ThreadPoolExecutor.runWorker(ThreadPoolExecutor.java:1149)
	at java.util.concurrent.ThreadPoolExecutor$Worker.run(ThreadPoolExecutor.java:624)
	at java.lang.Thread.run(Thread.java:748)
2019-09-12 04:21:24,244 [java.util.concurrent.ThreadPoolExecutor$Worker@73f1de88[State = -1, empty queue]] WARN  server.GrpcLogAppender (GrpcLogAppender.java:timeoutAppendRequest(200)) - 2d4da40c-dd43-4554-9707-f6503cf38c80@group-6D8373F8491B->a413c2ef-7abc-47d7-b263-b9548e673ba5-GrpcLogAppender: appendEntries Timeout, request=2d4da40c-dd43-4554-9707-f6503cf38c80->a413c2ef-7abc-47d7-b263-b9548e673ba5#18-t1, previous=(t:1, i:16), leaderCommit=16, initializing? false, entries: size=1, first=(t:1, i:17), STATEMACHINELOGENTRY, client-70E987BF850D, cid=298
2019-09-12 04:21:24,244 [java.util.concurrent.ThreadPoolExecutor$Worker@2fea0fa2[State = -1, empty queue]] WARN  server.GrpcLogAppender (GrpcLogAppender.java:timeoutAppendRequest(200)) - 2d4da40c-dd43-4554-9707-f6503cf38c80@group-6D8373F8491B->f3263f9a-ef6c-4ff4-a6b2-5a62e946b753-GrpcLogAppender: appendEntries Timeout, request=2d4da40c-dd43-4554-9707-f6503cf38c80->f3263f9a-ef6c-4ff4-a6b2-5a62e946b753#18-t1, previous=(t:1, i:16), leaderCommit=16, initializing? false, entries: size=1, first=(t:1, i:17), STATEMACHINELOGENTRY, client-70E987BF850D, cid=298
2019-09-12 04:21:24,244 [java.util.concurrent.ThreadPoolExecutor$Worker@73f1de88[State = -1, empty queue]] WARN  server.GrpcLogAppender (GrpcLogAppender.java:timeoutAppendRequest(200)) - 2d4da40c-dd43-4554-9707-f6503cf38c80@group-6D8373F8491B->a413c2ef-7abc-47d7-b263-b9548e673ba5-GrpcLogAppender: appendEntries Timeout, request=2d4da40c-dd43-4554-9707-f6503cf38c80->a413c2ef-7abc-47d7-b263-b9548e673ba5#19-t1, previous=(t:1, i:17), leaderCommit=16, initializing? false, entries: size=1, first=(t:1, i:18), STATEMACHINELOGENTRY, client-70E987BF850D, cid=299
2019-09-12 04:21:24,244 [java.util.concurrent.ThreadPoolExecutor$Worker@2fea0fa2[State = -1, empty queue]] WARN  server.GrpcLogAppender (GrpcLogAppender.java:timeoutAppendRequest(200)) - 2d4da40c-dd43-4554-9707-f6503cf38c80@group-6D8373F8491B->f3263f9a-ef6c-4ff4-a6b2-5a62e946b753-GrpcLogAppender: appendEntries Timeout, request=2d4da40c-dd43-4554-9707-f6503cf38c80->f3263f9a-ef6c-4ff4-a6b2-5a62e946b753#19-t1, previous=(t:1, i:17), leaderCommit=16, initializing? false, entries: size=1, first=(t:1, i:18), STATEMACHINELOGENTRY, client-70E987BF850D, cid=299
2019-09-12 04:21:24,247 [java.util.concurrent.ThreadPoolExecutor$Worker@73f1de88[State = -1, empty queue]] WARN  server.GrpcLogAppender (GrpcLogAppender.java:timeoutAppendRequest(200)) - 2d4da40c-dd43-4554-9707-f6503cf38c80@group-6D8373F8491B->a413c2ef-7abc-47d7-b263-b9548e673ba5-GrpcLogAppender: appendEntries Timeout, request=2d4da40c-dd43-4554-9707-f6503cf38c80->a413c2ef-7abc-47d7-b263-b9548e673ba5#20-t1, previous=(t:1, i:18), leaderCommit=16, initializing? false, entries: size=1, first=(t:1, i:19), STATEMACHINELOGENTRY, client-70E987BF850D, cid=300
2019-09-12 04:21:24,247 [java.util.concurrent.ThreadPoolExecutor$Worker@2fea0fa2[State = -1, empty queue]] WARN  server.GrpcLogAppender (GrpcLogAppender.java:timeoutAppendRequest(200)) - 2d4da40c-dd43-4554-9707-f6503cf38c80@group-6D8373F8491B->f3263f9a-ef6c-4ff4-a6b2-5a62e946b753-GrpcLogAppender: appendEntries Timeout, request=2d4da40c-dd43-4554-9707-f6503cf38c80->f3263f9a-ef6c-4ff4-a6b2-5a62e946b753#20-t1, previous=(t:1, i:18), leaderCommit=16, initializing? false, entries: size=1, first=(t:1, i:19), STATEMACHINELOGENTRY, client-70E987BF850D, cid=300
2019-09-12 04:21:24,247 [java.util.concurrent.ThreadPoolExecutor$Worker@73f1de88[State = -1, empty queue]] WARN  server.GrpcLogAppender (GrpcLogAppender.java:timeoutAppendRequest(200)) - 2d4da40c-dd43-4554-9707-f6503cf38c80@group-6D8373F8491B->a413c2ef-7abc-47d7-b263-b9548e673ba5-GrpcLogAppender: appendEntries Timeout, request=2d4da40c-dd43-4554-9707-f6503cf38c80->a413c2ef-7abc-47d7-b263-b9548e673ba5#21-t1, previous=(t:1, i:19), leaderCommit=16, initializing? false, entries: size=1, first=(t:1, i:20), STATEMACHINELOGENTRY, client-70E987BF850D, cid=301
2019-09-12 04:21:24,247 [java.util.concurrent.ThreadPoolExecutor$Worker@2fea0fa2[State = -1, empty queue]] WARN  server.GrpcLogAppender (GrpcLogAppender.java:timeoutAppendRequest(200)) - 2d4da40c-dd43-4554-9707-f6503cf38c80@group-6D8373F8491B->f3263f9a-ef6c-4ff4-a6b2-5a62e946b753-GrpcLogAppender: appendEntries Timeout, request=2d4da40c-dd43-4554-9707-f6503cf38c80->f3263f9a-ef6c-4ff4-a6b2-5a62e946b753#21-t1, previous=(t:1, i:19), leaderCommit=16, initializing? false, entries: size=1, first=(t:1, i:20), STATEMACHINELOGENTRY, client-70E987BF850D, cid=301
2019-09-12 04:21:25,930 [grpc-default-executor-6] INFO  impl.RaftServerProxy (RaftServerProxy.java:remove(95)) - f3263f9a-ef6c-4ff4-a6b2-5a62e946b753: remove group-169A4988E437:null
2019-09-12 04:21:25,934 [RatisPipelineUtilsThread] WARN  pipeline.RatisPipelineUtils (RatisPipelineUtils.java:destroyPipeline(66)) - Pipeline destroy failed for pipeline=PipelineID=c13b24b2-9c43-4bb4-8ff8-169a4988e437 dn=f3263f9a-ef6c-4ff4-a6b2-5a62e946b753{ip: 192.168.34.8, host: pr-hdds-1879-pbs75-1821932185, networkLocation: /default-rack, certSerialId: null}
2019-09-12 04:21:25,937 [grpc-default-executor-6] INFO  impl.RaftServerProxy (RaftServerProxy.java:remove(95)) - 2d4da40c-dd43-4554-9707-f6503cf38c80: remove group-169A4988E437:null
2019-09-12 04:21:25,939 [RatisPipelineUtilsThread] WARN  pipeline.RatisPipelineUtils (RatisPipelineUtils.java:destroyPipeline(66)) - Pipeline destroy failed for pipeline=PipelineID=c13b24b2-9c43-4bb4-8ff8-169a4988e437 dn=2d4da40c-dd43-4554-9707-f6503cf38c80{ip: 192.168.34.8, host: pr-hdds-1879-pbs75-1821932185, networkLocation: /default-rack, certSerialId: null}
2019-09-12 04:21:25,941 [grpc-default-executor-6] INFO  impl.RaftServerProxy (RaftServerProxy.java:remove(95)) - a413c2ef-7abc-47d7-b263-b9548e673ba5: remove group-169A4988E437:null
2019-09-12 04:21:25,943 [RatisPipelineUtilsThread] WARN  pipeline.RatisPipelineUtils (RatisPipelineUtils.java:destroyPipeline(66)) - Pipeline destroy failed for pipeline=PipelineID=c13b24b2-9c43-4bb4-8ff8-169a4988e437 dn=a413c2ef-7abc-47d7-b263-b9548e673ba5{ip: 192.168.34.8, host: pr-hdds-1879-pbs75-1821932185, networkLocation: /default-rack, certSerialId: null}
2019-09-12 04:21:25,943 [RatisPipelineUtilsThread] ERROR pipeline.SCMPipelineManager (Scheduler.java:lambda$schedule$1(70)) - Destroy pipeline failed for pipeline:Pipeline[ Id: c13b24b2-9c43-4bb4-8ff8-169a4988e437, Nodes: f3263f9a-ef6c-4ff4-a6b2-5a62e946b753{ip: 192.168.34.8, host: pr-hdds-1879-pbs75-1821932185, networkLocation: /default-rack, certSerialId: null}2d4da40c-dd43-4554-9707-f6503cf38c80{ip: 192.168.34.8, host: pr-hdds-1879-pbs75-1821932185, networkLocation: /default-rack, certSerialId: null}a413c2ef-7abc-47d7-b263-b9548e673ba5{ip: 192.168.34.8, host: pr-hdds-1879-pbs75-1821932185, networkLocation: /default-rack, certSerialId: null}, Type:RATIS, Factor:THREE, State:CLOSED]
org.apache.hadoop.hdds.scm.pipeline.PipelineNotFoundException: PipelineID=c13b24b2-9c43-4bb4-8ff8-169a4988e437 not found
	at org.apache.hadoop.hdds.scm.pipeline.PipelineStateMap.getPipeline(PipelineStateMap.java:132)
	at org.apache.hadoop.hdds.scm.pipeline.PipelineStateMap.removePipeline(PipelineStateMap.java:322)
	at org.apache.hadoop.hdds.scm.pipeline.PipelineStateManager.removePipeline(PipelineStateManager.java:107)
	at org.apache.hadoop.hdds.scm.pipeline.SCMPipelineManager.removePipeline(SCMPipelineManager.java:423)
	at org.apache.hadoop.hdds.scm.pipeline.SCMPipelineManager.destroyPipeline(SCMPipelineManager.java:409)
	at org.apache.hadoop.hdds.scm.pipeline.SCMPipelineManager.lambda$finalizeAndDestroyPipeline$0(SCMPipelineManager.java:318)
	at org.apache.hadoop.utils.Scheduler.lambda$schedule$1(Scheduler.java:68)
	at java.util.concurrent.Executors$RunnableAdapter.call(Executors.java:511)
	at java.util.concurrent.FutureTask.run(FutureTask.java:266)
	at java.util.concurrent.ScheduledThreadPoolExecutor$ScheduledFutureTask.access$201(ScheduledThreadPoolExecutor.java:180)
	at java.util.concurrent.ScheduledThreadPoolExecutor$ScheduledFutureTask.run(ScheduledThreadPoolExecutor.java:293)
	at java.util.concurrent.ThreadPoolExecutor.runWorker(ThreadPoolExecutor.java:1149)
	at java.util.concurrent.ThreadPoolExecutor$Worker.run(ThreadPoolExecutor.java:624)
	at java.lang.Thread.run(Thread.java:748)
2019-09-12 04:21:26,280 [grpc-default-executor-6] INFO  client.GrpcClientProtocolClient (GrpcClientProtocolClient.java:onNext(264)) - client-70E987BF850D->a413c2ef-7abc-47d7-b263-b9548e673ba5: receive RaftClientReply:client-70E987BF850D->a413c2ef-7abc-47d7-b263-b9548e673ba5@group-6D8373F8491B, cid=298, FAILED org.apache.ratis.protocol.NotLeaderException: Server a413c2ef-7abc-47d7-b263-b9548e673ba5@group-6D8373F8491B is not the leader 2d4da40c-dd43-4554-9707-f6503cf38c80:192.168.34.8:45634, logIndex=0, commits[a413c2ef-7abc-47d7-b263-b9548e673ba5:c16, 2d4da40c-dd43-4554-9707-f6503cf38c80:c16, f3263f9a-ef6c-4ff4-a6b2-5a62e946b753:c12]
2019-09-12 04:21:26,748 [java.util.concurrent.ThreadPoolExecutor$Worker@2fea0fa2[State = -1, empty queue]] WARN  server.GrpcLogAppender (GrpcLogAppender.java:timeoutAppendRequest(200)) - 2d4da40c-dd43-4554-9707-f6503cf38c80@group-6D8373F8491B->f3263f9a-ef6c-4ff4-a6b2-5a62e946b753-GrpcLogAppender: appendEntries Timeout, request=2d4da40c-dd43-4554-9707-f6503cf38c80->f3263f9a-ef6c-4ff4-a6b2-5a62e946b753#22-t1, previous=(t:1, i:20), leaderCommit=16, initializing? false, entries: <empty>
2019-09-12 04:21:26,748 [java.util.concurrent.ThreadPoolExecutor$Worker@73f1de88[State = -1, empty queue]] WARN  server.GrpcLogAppender (GrpcLogAppender.java:timeoutAppendRequest(200)) - 2d4da40c-dd43-4554-9707-f6503cf38c80@group-6D8373F8491B->a413c2ef-7abc-47d7-b263-b9548e673ba5-GrpcLogAppender: appendEntries Timeout, request=2d4da40c-dd43-4554-9707-f6503cf38c80->a413c2ef-7abc-47d7-b263-b9548e673ba5#22-t1, previous=(t:1, i:20), leaderCommit=16, initializing? false, entries: <empty>
2019-09-12 04:21:27,934 [grpc-default-executor-6] INFO  impl.RaftServerProxy (RaftServerProxy.java:remove(95)) - f3263f9a-ef6c-4ff4-a6b2-5a62e946b753: remove group-169A4988E437:null
2019-09-12 04:21:27,939 [RatisPipelineUtilsThread] WARN  pipeline.RatisPipelineUtils (RatisPipelineUtils.java:destroyPipeline(66)) - Pipeline destroy failed for pipeline=PipelineID=c13b24b2-9c43-4bb4-8ff8-169a4988e437 dn=f3263f9a-ef6c-4ff4-a6b2-5a62e946b753{ip: 192.168.34.8, host: pr-hdds-1879-pbs75-1821932185, networkLocation: /default-rack, certSerialId: null}
2019-09-12 04:21:27,942 [grpc-default-executor-6] INFO  impl.RaftServerProxy (RaftServerProxy.java:remove(95)) - 2d4da40c-dd43-4554-9707-f6503cf38c80: remove group-169A4988E437:null
2019-09-12 04:21:27,944 [RatisPipelineUtilsThread] WARN  pipeline.RatisPipelineUtils (RatisPipelineUtils.java:destroyPipeline(66)) - Pipeline destroy failed for pipeline=PipelineID=c13b24b2-9c43-4bb4-8ff8-169a4988e437 dn=2d4da40c-dd43-4554-9707-f6503cf38c80{ip: 192.168.34.8, host: pr-hdds-1879-pbs75-1821932185, networkLocation: /default-rack, certSerialId: null}
2019-09-12 04:21:27,946 [grpc-default-executor-6] INFO  impl.RaftServerProxy (RaftServerProxy.java:remove(95)) - a413c2ef-7abc-47d7-b263-b9548e673ba5: remove group-169A4988E437:null
2019-09-12 04:21:27,949 [RatisPipelineUtilsThread] WARN  pipeline.RatisPipelineUtils (RatisPipelineUtils.java:destroyPipeline(66)) - Pipeline destroy failed for pipeline=PipelineID=c13b24b2-9c43-4bb4-8ff8-169a4988e437 dn=a413c2ef-7abc-47d7-b263-b9548e673ba5{ip: 192.168.34.8, host: pr-hdds-1879-pbs75-1821932185, networkLocation: /default-rack, certSerialId: null}
2019-09-12 04:21:27,949 [RatisPipelineUtilsThread] ERROR pipeline.SCMPipelineManager (Scheduler.java:lambda$schedule$1(70)) - Destroy pipeline failed for pipeline:Pipeline[ Id: c13b24b2-9c43-4bb4-8ff8-169a4988e437, Nodes: f3263f9a-ef6c-4ff4-a6b2-5a62e946b753{ip: 192.168.34.8, host: pr-hdds-1879-pbs75-1821932185, networkLocation: /default-rack, certSerialId: null}2d4da40c-dd43-4554-9707-f6503cf38c80{ip: 192.168.34.8, host: pr-hdds-1879-pbs75-1821932185, networkLocation: /default-rack, certSerialId: null}a413c2ef-7abc-47d7-b263-b9548e673ba5{ip: 192.168.34.8, host: pr-hdds-1879-pbs75-1821932185, networkLocation: /default-rack, certSerialId: null}, Type:RATIS, Factor:THREE, State:CLOSED]
org.apache.hadoop.hdds.scm.pipeline.PipelineNotFoundException: PipelineID=c13b24b2-9c43-4bb4-8ff8-169a4988e437 not found
	at org.apache.hadoop.hdds.scm.pipeline.PipelineStateMap.getPipeline(PipelineStateMap.java:132)
	at org.apache.hadoop.hdds.scm.pipeline.PipelineStateMap.removePipeline(PipelineStateMap.java:322)
	at org.apache.hadoop.hdds.scm.pipeline.PipelineStateManager.removePipeline(PipelineStateManager.java:107)
	at org.apache.hadoop.hdds.scm.pipeline.SCMPipelineManager.removePipeline(SCMPipelineManager.java:423)
	at org.apache.hadoop.hdds.scm.pipeline.SCMPipelineManager.destroyPipeline(SCMPipelineManager.java:409)
	at org.apache.hadoop.hdds.scm.pipeline.SCMPipelineManager.lambda$finalizeAndDestroyPipeline$0(SCMPipelineManager.java:318)
	at org.apache.hadoop.utils.Scheduler.lambda$schedule$1(Scheduler.java:68)
	at java.util.concurrent.Executors$RunnableAdapter.call(Executors.java:511)
	at java.util.concurrent.FutureTask.run(FutureTask.java:266)
	at java.util.concurrent.ScheduledThreadPoolExecutor$ScheduledFutureTask.access$201(ScheduledThreadPoolExecutor.java:180)
	at java.util.concurrent.ScheduledThreadPoolExecutor$ScheduledFutureTask.run(ScheduledThreadPoolExecutor.java:293)
	at java.util.concurrent.ThreadPoolExecutor.runWorker(ThreadPoolExecutor.java:1149)
	at java.util.concurrent.ThreadPoolExecutor$Worker.run(ThreadPoolExecutor.java:624)
	at java.lang.Thread.run(Thread.java:748)
2019-09-12 04:21:29,248 [java.util.concurrent.ThreadPoolExecutor$Worker@2fea0fa2[State = -1, empty queue]] WARN  server.GrpcLogAppender (GrpcLogAppender.java:timeoutAppendRequest(200)) - 2d4da40c-dd43-4554-9707-f6503cf38c80@group-6D8373F8491B->f3263f9a-ef6c-4ff4-a6b2-5a62e946b753-GrpcLogAppender: appendEntries Timeout, request=2d4da40c-dd43-4554-9707-f6503cf38c80->f3263f9a-ef6c-4ff4-a6b2-5a62e946b753#23-t1, previous=(t:1, i:20), leaderCommit=16, initializing? false, entries: <empty>
2019-09-12 04:21:29,248 [java.util.concurrent.ThreadPoolExecutor$Worker@73f1de88[State = -1, empty queue]] WARN  server.GrpcLogAppender (GrpcLogAppender.java:timeoutAppendRequest(200)) - 2d4da40c-dd43-4554-9707-f6503cf38c80@group-6D8373F8491B->a413c2ef-7abc-47d7-b263-b9548e673ba5-GrpcLogAppender: appendEntries Timeout, request=2d4da40c-dd43-4554-9707-f6503cf38c80->a413c2ef-7abc-47d7-b263-b9548e673ba5#23-t1, previous=(t:1, i:20), leaderCommit=16, initializing? false, entries: <empty>
2019-09-12 04:21:30,925 [grpc-default-executor-14] INFO  impl.RaftServerProxy (RaftServerProxy.java:remove(95)) - f3263f9a-ef6c-4ff4-a6b2-5a62e946b753: remove group-169A4988E437:null
2019-09-12 04:21:30,928 [RatisPipelineUtilsThread] WARN  pipeline.RatisPipelineUtils (RatisPipelineUtils.java:destroyPipeline(66)) - Pipeline destroy failed for pipeline=PipelineID=c13b24b2-9c43-4bb4-8ff8-169a4988e437 dn=f3263f9a-ef6c-4ff4-a6b2-5a62e946b753{ip: 192.168.34.8, host: pr-hdds-1879-pbs75-1821932185, networkLocation: /default-rack, certSerialId: null}
2019-09-12 04:21:30,931 [grpc-default-executor-14] INFO  impl.RaftServerProxy (RaftServerProxy.java:remove(95)) - 2d4da40c-dd43-4554-9707-f6503cf38c80: remove group-169A4988E437:null
2019-09-12 04:21:30,934 [RatisPipelineUtilsThread] WARN  pipeline.RatisPipelineUtils (RatisPipelineUtils.java:destroyPipeline(66)) - Pipeline destroy failed for pipeline=PipelineID=c13b24b2-9c43-4bb4-8ff8-169a4988e437 dn=2d4da40c-dd43-4554-9707-f6503cf38c80{ip: 192.168.34.8, host: pr-hdds-1879-pbs75-1821932185, networkLocation: /default-rack, certSerialId: null}
2019-09-12 04:21:30,936 [grpc-default-executor-14] INFO  impl.RaftServerProxy (RaftServerProxy.java:remove(95)) - a413c2ef-7abc-47d7-b263-b9548e673ba5: remove group-169A4988E437:null
2019-09-12 04:21:30,938 [RatisPipelineUtilsThread] WARN  pipeline.RatisPipelineUtils (RatisPipelineUtils.java:destroyPipeline(66)) - Pipeline destroy failed for pipeline=PipelineID=c13b24b2-9c43-4bb4-8ff8-169a4988e437 dn=a413c2ef-7abc-47d7-b263-b9548e673ba5{ip: 192.168.34.8, host: pr-hdds-1879-pbs75-1821932185, networkLocation: /default-rack, certSerialId: null}
2019-09-12 04:21:30,939 [RatisPipelineUtilsThread] ERROR pipeline.SCMPipelineManager (Scheduler.java:lambda$schedule$1(70)) - Destroy pipeline failed for pipeline:Pipeline[ Id: c13b24b2-9c43-4bb4-8ff8-169a4988e437, Nodes: f3263f9a-ef6c-4ff4-a6b2-5a62e946b753{ip: 192.168.34.8, host: pr-hdds-1879-pbs75-1821932185, networkLocation: /default-rack, certSerialId: null}2d4da40c-dd43-4554-9707-f6503cf38c80{ip: 192.168.34.8, host: pr-hdds-1879-pbs75-1821932185, networkLocation: /default-rack, certSerialId: null}a413c2ef-7abc-47d7-b263-b9548e673ba5{ip: 192.168.34.8, host: pr-hdds-1879-pbs75-1821932185, networkLocation: /default-rack, certSerialId: null}, Type:RATIS, Factor:THREE, State:CLOSED]
org.apache.hadoop.hdds.scm.pipeline.PipelineNotFoundException: PipelineID=c13b24b2-9c43-4bb4-8ff8-169a4988e437 not found
	at org.apache.hadoop.hdds.scm.pipeline.PipelineStateMap.getPipeline(PipelineStateMap.java:132)
	at org.apache.hadoop.hdds.scm.pipeline.PipelineStateMap.removePipeline(PipelineStateMap.java:322)
	at org.apache.hadoop.hdds.scm.pipeline.PipelineStateManager.removePipeline(PipelineStateManager.java:107)
	at org.apache.hadoop.hdds.scm.pipeline.SCMPipelineManager.removePipeline(SCMPipelineManager.java:423)
	at org.apache.hadoop.hdds.scm.pipeline.SCMPipelineManager.destroyPipeline(SCMPipelineManager.java:409)
	at org.apache.hadoop.hdds.scm.pipeline.SCMPipelineManager.lambda$finalizeAndDestroyPipeline$0(SCMPipelineManager.java:318)
	at org.apache.hadoop.utils.Scheduler.lambda$schedule$1(Scheduler.java:68)
	at java.util.concurrent.Executors$RunnableAdapter.call(Executors.java:511)
	at java.util.concurrent.FutureTask.run(FutureTask.java:266)
	at java.util.concurrent.ScheduledThreadPoolExecutor$ScheduledFutureTask.access$201(ScheduledThreadPoolExecutor.java:180)
	at java.util.concurrent.ScheduledThreadPoolExecutor$ScheduledFutureTask.run(ScheduledThreadPoolExecutor.java:293)
	at java.util.concurrent.ThreadPoolExecutor.runWorker(ThreadPoolExecutor.java:1149)
	at java.util.concurrent.ThreadPoolExecutor$Worker.run(ThreadPoolExecutor.java:624)
	at java.lang.Thread.run(Thread.java:748)
2019-09-12 04:21:31,243 [2d4da40c-dd43-4554-9707-f6503cf38c80@group-6D8373F8491B-SegmentedRaftLogWorker] WARN  segmented.SegmentedRaftLogWorker (SegmentedRaftLogWorker.java:getFromFuture(90)) - Timeout 0/~
org.apache.ratis.protocol.TimeoutIOException: Timeout 10s: WriteLog:17: (t:1, i:17), STATEMACHINELOGENTRY, client-70E987BF850D, cid=298-writeStateMachineData
	at org.apache.ratis.util.IOUtils.getFromFuture(IOUtils.java:87)
	at org.apache.ratis.server.raftlog.segmented.SegmentedRaftLogWorker$StateMachineDataPolicy.getFromFuture(SegmentedRaftLogWorker.java:87)
	at org.apache.ratis.server.raftlog.segmented.SegmentedRaftLogWorker$WriteLog.execute(SegmentedRaftLogWorker.java:477)
	at org.apache.ratis.server.raftlog.segmented.SegmentedRaftLogWorker.run(SegmentedRaftLogWorker.java:289)
	at java.lang.Thread.run(Thread.java:748)
Caused by: java.util.concurrent.TimeoutException
	at java.util.concurrent.CompletableFuture.timedGet(CompletableFuture.java:1771)
	at java.util.concurrent.CompletableFuture.get(CompletableFuture.java:1915)
	at org.apache.ratis.util.IOUtils.getFromFuture(IOUtils.java:79)
	... 4 more
2019-09-12 04:21:31,248 [a413c2ef-7abc-47d7-b263-b9548e673ba5@group-6D8373F8491B-SegmentedRaftLogWorker] WARN  segmented.SegmentedRaftLogWorker (SegmentedRaftLogWorker.java:getFromFuture(90)) - Timeout 0/~
org.apache.ratis.protocol.TimeoutIOException: Timeout 10s: WriteLog:17: (t:1, i:17), STATEMACHINELOGENTRY, client-70E987BF850D, cid=298-writeStateMachineData
	at org.apache.ratis.util.IOUtils.getFromFuture(IOUtils.java:87)
	at org.apache.ratis.server.raftlog.segmented.SegmentedRaftLogWorker$StateMachineDataPolicy.getFromFuture(SegmentedRaftLogWorker.java:87)
	at org.apache.ratis.server.raftlog.segmented.SegmentedRaftLogWorker$WriteLog.execute(SegmentedRaftLogWorker.java:477)
	at org.apache.ratis.server.raftlog.segmented.SegmentedRaftLogWorker.run(SegmentedRaftLogWorker.java:289)
	at java.lang.Thread.run(Thread.java:748)
Caused by: java.util.concurrent.TimeoutException
	at java.util.concurrent.CompletableFuture.timedGet(CompletableFuture.java:1771)
	at java.util.concurrent.CompletableFuture.get(CompletableFuture.java:1915)
	at org.apache.ratis.util.IOUtils.getFromFuture(IOUtils.java:79)
	... 4 more
2019-09-12 04:21:31,345 [grpc-default-executor-11] INFO  client.GrpcClientProtocolClient (GrpcClientProtocolClient.java:onNext(264)) - client-70E987BF850D->f3263f9a-ef6c-4ff4-a6b2-5a62e946b753: receive RaftClientReply:client-70E987BF850D->f3263f9a-ef6c-4ff4-a6b2-5a62e946b753@group-6D8373F8491B, cid=298, FAILED org.apache.ratis.protocol.NotLeaderException: Server f3263f9a-ef6c-4ff4-a6b2-5a62e946b753@group-6D8373F8491B is not the leader 2d4da40c-dd43-4554-9707-f6503cf38c80:192.168.34.8:45634, logIndex=0, commits[f3263f9a-ef6c-4ff4-a6b2-5a62e946b753:c16, 2d4da40c-dd43-4554-9707-f6503cf38c80:c16, a413c2ef-7abc-47d7-b263-b9548e673ba5:c12]
2019-09-12 04:21:31,424 [f3263f9a-ef6c-4ff4-a6b2-5a62e946b753@group-6D8373F8491B-SegmentedRaftLogWorker] WARN  segmented.SegmentedRaftLogWorker (SegmentedRaftLogWorker.java:getFromFuture(90)) - Timeout 0/~
org.apache.ratis.protocol.TimeoutIOException: Timeout 10s: WriteLog:19: (t:1, i:19), STATEMACHINELOGENTRY, client-70E987BF850D, cid=300-writeStateMachineData
	at org.apache.ratis.util.IOUtils.getFromFuture(IOUtils.java:87)
	at org.apache.ratis.server.raftlog.segmented.SegmentedRaftLogWorker$StateMachineDataPolicy.getFromFuture(SegmentedRaftLogWorker.java:87)
	at org.apache.ratis.server.raftlog.segmented.SegmentedRaftLogWorker$WriteLog.execute(SegmentedRaftLogWorker.java:477)
	at org.apache.ratis.server.raftlog.segmented.SegmentedRaftLogWorker.run(SegmentedRaftLogWorker.java:289)
	at java.lang.Thread.run(Thread.java:748)
Caused by: java.util.concurrent.TimeoutException
	at java.util.concurrent.CompletableFuture.timedGet(CompletableFuture.java:1771)
	at java.util.concurrent.CompletableFuture.get(CompletableFuture.java:1915)
	at org.apache.ratis.util.IOUtils.getFromFuture(IOUtils.java:79)
	... 4 more
2019-09-12 04:21:31,749 [java.util.concurrent.ThreadPoolExecutor$Worker@2fea0fa2[State = -1, empty queue]] WARN  server.GrpcLogAppender (GrpcLogAppender.java:timeoutAppendRequest(200)) - 2d4da40c-dd43-4554-9707-f6503cf38c80@group-6D8373F8491B->f3263f9a-ef6c-4ff4-a6b2-5a62e946b753-GrpcLogAppender: appendEntries Timeout, request=2d4da40c-dd43-4554-9707-f6503cf38c80->f3263f9a-ef6c-4ff4-a6b2-5a62e946b753#24-t1, previous=(t:1, i:20), leaderCommit=16, initializing? false, entries: <empty>
2019-09-12 04:21:31,749 [java.util.concurrent.ThreadPoolExecutor$Worker@73f1de88[State = -1, empty queue]] WARN  server.GrpcLogAppender (GrpcLogAppender.java:timeoutAppendRequest(200)) - 2d4da40c-dd43-4554-9707-f6503cf38c80@group-6D8373F8491B->a413c2ef-7abc-47d7-b263-b9548e673ba5-GrpcLogAppender: appendEntries Timeout, request=2d4da40c-dd43-4554-9707-f6503cf38c80->a413c2ef-7abc-47d7-b263-b9548e673ba5#24-t1, previous=(t:1, i:20), leaderCommit=16, initializing? false, entries: <empty>
2019-09-12 04:21:32,925 [grpc-default-executor-11] INFO  impl.RaftServerProxy (RaftServerProxy.java:remove(95)) - f3263f9a-ef6c-4ff4-a6b2-5a62e946b753: remove group-169A4988E437:null
2019-09-12 04:21:32,928 [RatisPipelineUtilsThread] WARN  pipeline.RatisPipelineUtils (RatisPipelineUtils.java:destroyPipeline(66)) - Pipeline destroy failed for pipeline=PipelineID=c13b24b2-9c43-4bb4-8ff8-169a4988e437 dn=f3263f9a-ef6c-4ff4-a6b2-5a62e946b753{ip: 192.168.34.8, host: pr-hdds-1879-pbs75-1821932185, networkLocation: /default-rack, certSerialId: null}
2019-09-12 04:21:32,930 [grpc-default-executor-11] INFO  impl.RaftServerProxy (RaftServerProxy.java:remove(95)) - 2d4da40c-dd43-4554-9707-f6503cf38c80: remove group-169A4988E437:null
2019-09-12 04:21:32,932 [RatisPipelineUtilsThread] WARN  pipeline.RatisPipelineUtils (RatisPipelineUtils.java:destroyPipeline(66)) - Pipeline destroy failed for pipeline=PipelineID=c13b24b2-9c43-4bb4-8ff8-169a4988e437 dn=2d4da40c-dd43-4554-9707-f6503cf38c80{ip: 192.168.34.8, host: pr-hdds-1879-pbs75-1821932185, networkLocation: /default-rack, certSerialId: null}
2019-09-12 04:21:32,934 [grpc-default-executor-11] INFO  impl.RaftServerProxy (RaftServerProxy.java:remove(95)) - a413c2ef-7abc-47d7-b263-b9548e673ba5: remove group-169A4988E437:null
2019-09-12 04:21:32,936 [RatisPipelineUtilsThread] WARN  pipeline.RatisPipelineUtils (RatisPipelineUtils.java:destroyPipeline(66)) - Pipeline destroy failed for pipeline=PipelineID=c13b24b2-9c43-4bb4-8ff8-169a4988e437 dn=a413c2ef-7abc-47d7-b263-b9548e673ba5{ip: 192.168.34.8, host: pr-hdds-1879-pbs75-1821932185, networkLocation: /default-rack, certSerialId: null}
2019-09-12 04:21:32,936 [RatisPipelineUtilsThread] ERROR pipeline.SCMPipelineManager (Scheduler.java:lambda$schedule$1(70)) - Destroy pipeline failed for pipeline:Pipeline[ Id: c13b24b2-9c43-4bb4-8ff8-169a4988e437, Nodes: f3263f9a-ef6c-4ff4-a6b2-5a62e946b753{ip: 192.168.34.8, host: pr-hdds-1879-pbs75-1821932185, networkLocation: /default-rack, certSerialId: null}2d4da40c-dd43-4554-9707-f6503cf38c80{ip: 192.168.34.8, host: pr-hdds-1879-pbs75-1821932185, networkLocation: /default-rack, certSerialId: null}a413c2ef-7abc-47d7-b263-b9548e673ba5{ip: 192.168.34.8, host: pr-hdds-1879-pbs75-1821932185, networkLocation: /default-rack, certSerialId: null}, Type:RATIS, Factor:THREE, State:CLOSED]
org.apache.hadoop.hdds.scm.pipeline.PipelineNotFoundException: PipelineID=c13b24b2-9c43-4bb4-8ff8-169a4988e437 not found
	at org.apache.hadoop.hdds.scm.pipeline.PipelineStateMap.getPipeline(PipelineStateMap.java:132)
	at org.apache.hadoop.hdds.scm.pipeline.PipelineStateMap.removePipeline(PipelineStateMap.java:322)
	at org.apache.hadoop.hdds.scm.pipeline.PipelineStateManager.removePipeline(PipelineStateManager.java:107)
	at org.apache.hadoop.hdds.scm.pipeline.SCMPipelineManager.removePipeline(SCMPipelineManager.java:423)
	at org.apache.hadoop.hdds.scm.pipeline.SCMPipelineManager.destroyPipeline(SCMPipelineManager.java:409)
	at org.apache.hadoop.hdds.scm.pipeline.SCMPipelineManager.lambda$finalizeAndDestroyPipeline$0(SCMPipelineManager.java:318)
	at org.apache.hadoop.utils.Scheduler.lambda$schedule$1(Scheduler.java:68)
	at java.util.concurrent.Executors$RunnableAdapter.call(Executors.java:511)
	at java.util.concurrent.FutureTask.run(FutureTask.java:266)
	at java.util.concurrent.ScheduledThreadPoolExecutor$ScheduledFutureTask.access$201(ScheduledThreadPoolExecutor.java:180)
	at java.util.concurrent.ScheduledThreadPoolExecutor$ScheduledFutureTask.run(ScheduledThreadPoolExecutor.java:293)
	at java.util.concurrent.ThreadPoolExecutor.runWorker(ThreadPoolExecutor.java:1149)
	at java.util.concurrent.ThreadPoolExecutor$Worker.run(ThreadPoolExecutor.java:624)
	at java.lang.Thread.run(Thread.java:748)
2019-09-12 04:21:34,249 [java.util.concurrent.ThreadPoolExecutor$Worker@73f1de88[State = -1, empty queue]] WARN  server.GrpcLogAppender (GrpcLogAppender.java:timeoutAppendRequest(200)) - 2d4da40c-dd43-4554-9707-f6503cf38c80@group-6D8373F8491B->a413c2ef-7abc-47d7-b263-b9548e673ba5-GrpcLogAppender: appendEntries Timeout, request=2d4da40c-dd43-4554-9707-f6503cf38c80->a413c2ef-7abc-47d7-b263-b9548e673ba5#25-t1, previous=(t:1, i:20), leaderCommit=16, initializing? false, entries: <empty>
2019-09-12 04:21:34,249 [java.util.concurrent.ThreadPoolExecutor$Worker@2fea0fa2[State = -1, empty queue]] WARN  server.GrpcLogAppender (GrpcLogAppender.java:timeoutAppendRequest(200)) - 2d4da40c-dd43-4554-9707-f6503cf38c80@group-6D8373F8491B->f3263f9a-ef6c-4ff4-a6b2-5a62e946b753-GrpcLogAppender: appendEntries Timeout, request=2d4da40c-dd43-4554-9707-f6503cf38c80->f3263f9a-ef6c-4ff4-a6b2-5a62e946b753#25-t1, previous=(t:1, i:20), leaderCommit=16, initializing? false, entries: <empty>
2019-09-12 04:21:35,932 [grpc-default-executor-11] INFO  impl.RaftServerProxy (RaftServerProxy.java:remove(95)) - f3263f9a-ef6c-4ff4-a6b2-5a62e946b753: remove group-169A4988E437:null
2019-09-12 04:21:35,938 [RatisPipelineUtilsThread] WARN  pipeline.RatisPipelineUtils (RatisPipelineUtils.java:destroyPipeline(66)) - Pipeline destroy failed for pipeline=PipelineID=c13b24b2-9c43-4bb4-8ff8-169a4988e437 dn=f3263f9a-ef6c-4ff4-a6b2-5a62e946b753{ip: 192.168.34.8, host: pr-hdds-1879-pbs75-1821932185, networkLocation: /default-rack, certSerialId: null}
2019-09-12 04:21:35,940 [grpc-default-executor-11] INFO  impl.RaftServerProxy (RaftServerProxy.java:remove(95)) - 2d4da40c-dd43-4554-9707-f6503cf38c80: remove group-169A4988E437:null
2019-09-12 04:21:35,942 [RatisPipelineUtilsThread] WARN  pipeline.RatisPipelineUtils (RatisPipelineUtils.java:destroyPipeline(66)) - Pipeline destroy failed for pipeline=PipelineID=c13b24b2-9c43-4bb4-8ff8-169a4988e437 dn=2d4da40c-dd43-4554-9707-f6503cf38c80{ip: 192.168.34.8, host: pr-hdds-1879-pbs75-1821932185, networkLocation: /default-rack, certSerialId: null}
2019-09-12 04:21:35,944 [grpc-default-executor-11] INFO  impl.RaftServerProxy (RaftServerProxy.java:remove(95)) - a413c2ef-7abc-47d7-b263-b9548e673ba5: remove group-169A4988E437:null
2019-09-12 04:21:35,946 [RatisPipelineUtilsThread] WARN  pipeline.RatisPipelineUtils (RatisPipelineUtils.java:destroyPipeline(66)) - Pipeline destroy failed for pipeline=PipelineID=c13b24b2-9c43-4bb4-8ff8-169a4988e437 dn=a413c2ef-7abc-47d7-b263-b9548e673ba5{ip: 192.168.34.8, host: pr-hdds-1879-pbs75-1821932185, networkLocation: /default-rack, certSerialId: null}
2019-09-12 04:21:35,947 [RatisPipelineUtilsThread] ERROR pipeline.SCMPipelineManager (Scheduler.java:lambda$schedule$1(70)) - Destroy pipeline failed for pipeline:Pipeline[ Id: c13b24b2-9c43-4bb4-8ff8-169a4988e437, Nodes: f3263f9a-ef6c-4ff4-a6b2-5a62e946b753{ip: 192.168.34.8, host: pr-hdds-1879-pbs75-1821932185, networkLocation: /default-rack, certSerialId: null}2d4da40c-dd43-4554-9707-f6503cf38c80{ip: 192.168.34.8, host: pr-hdds-1879-pbs75-1821932185, networkLocation: /default-rack, certSerialId: null}a413c2ef-7abc-47d7-b263-b9548e673ba5{ip: 192.168.34.8, host: pr-hdds-1879-pbs75-1821932185, networkLocation: /default-rack, certSerialId: null}, Type:RATIS, Factor:THREE, State:CLOSED]
org.apache.hadoop.hdds.scm.pipeline.PipelineNotFoundException: PipelineID=c13b24b2-9c43-4bb4-8ff8-169a4988e437 not found
	at org.apache.hadoop.hdds.scm.pipeline.PipelineStateMap.getPipeline(PipelineStateMap.java:132)
	at org.apache.hadoop.hdds.scm.pipeline.PipelineStateMap.removePipeline(PipelineStateMap.java:322)
	at org.apache.hadoop.hdds.scm.pipeline.PipelineStateManager.removePipeline(PipelineStateManager.java:107)
	at org.apache.hadoop.hdds.scm.pipeline.SCMPipelineManager.removePipeline(SCMPipelineManager.java:423)
	at org.apache.hadoop.hdds.scm.pipeline.SCMPipelineManager.destroyPipeline(SCMPipelineManager.java:409)
	at org.apache.hadoop.hdds.scm.pipeline.SCMPipelineManager.lambda$finalizeAndDestroyPipeline$0(SCMPipelineManager.java:318)
	at org.apache.hadoop.utils.Scheduler.lambda$schedule$1(Scheduler.java:68)
	at java.util.concurrent.Executors$RunnableAdapter.call(Executors.java:511)
	at java.util.concurrent.FutureTask.run(FutureTask.java:266)
	at java.util.concurrent.ScheduledThreadPoolExecutor$ScheduledFutureTask.access$201(ScheduledThreadPoolExecutor.java:180)
	at java.util.concurrent.ScheduledThreadPoolExecutor$ScheduledFutureTask.run(ScheduledThreadPoolExecutor.java:293)
	at java.util.concurrent.ThreadPoolExecutor.runWorker(ThreadPoolExecutor.java:1149)
	at java.util.concurrent.ThreadPoolExecutor$Worker.run(ThreadPoolExecutor.java:624)
	at java.lang.Thread.run(Thread.java:748)
2019-09-12 04:21:36,388 [grpc-default-executor-6] INFO  client.GrpcClientProtocolClient (GrpcClientProtocolClient.java:onNext(264)) - client-70E987BF850D->f3263f9a-ef6c-4ff4-a6b2-5a62e946b753: receive RaftClientReply:client-70E987BF850D->f3263f9a-ef6c-4ff4-a6b2-5a62e946b753@group-6D8373F8491B, cid=298, FAILED org.apache.ratis.protocol.NotLeaderException: Server f3263f9a-ef6c-4ff4-a6b2-5a62e946b753@group-6D8373F8491B is not the leader 2d4da40c-dd43-4554-9707-f6503cf38c80:192.168.34.8:45634, logIndex=0, commits[f3263f9a-ef6c-4ff4-a6b2-5a62e946b753:c16, 2d4da40c-dd43-4554-9707-f6503cf38c80:c16, a413c2ef-7abc-47d7-b263-b9548e673ba5:c12]
2019-09-12 04:21:36,749 [java.util.concurrent.ThreadPoolExecutor$Worker@73f1de88[State = -1, empty queue]] WARN  server.GrpcLogAppender (GrpcLogAppender.java:timeoutAppendRequest(200)) - 2d4da40c-dd43-4554-9707-f6503cf38c80@group-6D8373F8491B->a413c2ef-7abc-47d7-b263-b9548e673ba5-GrpcLogAppender: appendEntries Timeout, request=2d4da40c-dd43-4554-9707-f6503cf38c80->a413c2ef-7abc-47d7-b263-b9548e673ba5#26-t1, previous=(t:1, i:20), leaderCommit=16, initializing? false, entries: <empty>
2019-09-12 04:21:36,749 [java.util.concurrent.ThreadPoolExecutor$Worker@2fea0fa2[State = -1, empty queue]] WARN  server.GrpcLogAppender (GrpcLogAppender.java:timeoutAppendRequest(200)) - 2d4da40c-dd43-4554-9707-f6503cf38c80@group-6D8373F8491B->f3263f9a-ef6c-4ff4-a6b2-5a62e946b753-GrpcLogAppender: appendEntries Timeout, request=2d4da40c-dd43-4554-9707-f6503cf38c80->f3263f9a-ef6c-4ff4-a6b2-5a62e946b753#26-t1, previous=(t:1, i:20), leaderCommit=16, initializing? false, entries: <empty>
2019-09-12 04:21:37,930 [grpc-default-executor-11] INFO  impl.RaftServerProxy (RaftServerProxy.java:remove(95)) - f3263f9a-ef6c-4ff4-a6b2-5a62e946b753: remove group-169A4988E437:null
2019-09-12 04:21:37,935 [RatisPipelineUtilsThread] WARN  pipeline.RatisPipelineUtils (RatisPipelineUtils.java:destroyPipeline(66)) - Pipeline destroy failed for pipeline=PipelineID=c13b24b2-9c43-4bb4-8ff8-169a4988e437 dn=f3263f9a-ef6c-4ff4-a6b2-5a62e946b753{ip: 192.168.34.8, host: pr-hdds-1879-pbs75-1821932185, networkLocation: /default-rack, certSerialId: null}
2019-09-12 04:21:37,937 [grpc-default-executor-11] INFO  impl.RaftServerProxy (RaftServerProxy.java:remove(95)) - 2d4da40c-dd43-4554-9707-f6503cf38c80: remove group-169A4988E437:null
2019-09-12 04:21:37,939 [RatisPipelineUtilsThread] WARN  pipeline.RatisPipelineUtils (RatisPipelineUtils.java:destroyPipeline(66)) - Pipeline destroy failed for pipeline=PipelineID=c13b24b2-9c43-4bb4-8ff8-169a4988e437 dn=2d4da40c-dd43-4554-9707-f6503cf38c80{ip: 192.168.34.8, host: pr-hdds-1879-pbs75-1821932185, networkLocation: /default-rack, certSerialId: null}
2019-09-12 04:21:37,942 [grpc-default-executor-11] INFO  impl.RaftServerProxy (RaftServerProxy.java:remove(95)) - a413c2ef-7abc-47d7-b263-b9548e673ba5: remove group-169A4988E437:null
2019-09-12 04:21:37,944 [RatisPipelineUtilsThread] WARN  pipeline.RatisPipelineUtils (RatisPipelineUtils.java:destroyPipeline(66)) - Pipeline destroy failed for pipeline=PipelineID=c13b24b2-9c43-4bb4-8ff8-169a4988e437 dn=a413c2ef-7abc-47d7-b263-b9548e673ba5{ip: 192.168.34.8, host: pr-hdds-1879-pbs75-1821932185, networkLocation: /default-rack, certSerialId: null}
2019-09-12 04:21:37,944 [RatisPipelineUtilsThread] ERROR pipeline.SCMPipelineManager (Scheduler.java:lambda$schedule$1(70)) - Destroy pipeline failed for pipeline:Pipeline[ Id: c13b24b2-9c43-4bb4-8ff8-169a4988e437, Nodes: f3263f9a-ef6c-4ff4-a6b2-5a62e946b753{ip: 192.168.34.8, host: pr-hdds-1879-pbs75-1821932185, networkLocation: /default-rack, certSerialId: null}2d4da40c-dd43-4554-9707-f6503cf38c80{ip: 192.168.34.8, host: pr-hdds-1879-pbs75-1821932185, networkLocation: /default-rack, certSerialId: null}a413c2ef-7abc-47d7-b263-b9548e673ba5{ip: 192.168.34.8, host: pr-hdds-1879-pbs75-1821932185, networkLocation: /default-rack, certSerialId: null}, Type:RATIS, Factor:THREE, State:CLOSED]
org.apache.hadoop.hdds.scm.pipeline.PipelineNotFoundException: PipelineID=c13b24b2-9c43-4bb4-8ff8-169a4988e437 not found
	at org.apache.hadoop.hdds.scm.pipeline.PipelineStateMap.getPipeline(PipelineStateMap.java:132)
	at org.apache.hadoop.hdds.scm.pipeline.PipelineStateMap.removePipeline(PipelineStateMap.java:322)
	at org.apache.hadoop.hdds.scm.pipeline.PipelineStateManager.removePipeline(PipelineStateManager.java:107)
	at org.apache.hadoop.hdds.scm.pipeline.SCMPipelineManager.removePipeline(SCMPipelineManager.java:423)
	at org.apache.hadoop.hdds.scm.pipeline.SCMPipelineManager.destroyPipeline(SCMPipelineManager.java:409)
	at org.apache.hadoop.hdds.scm.pipeline.SCMPipelineManager.lambda$finalizeAndDestroyPipeline$0(SCMPipelineManager.java:318)
	at org.apache.hadoop.utils.Scheduler.lambda$schedule$1(Scheduler.java:68)
	at java.util.concurrent.Executors$RunnableAdapter.call(Executors.java:511)
	at java.util.concurrent.FutureTask.run(FutureTask.java:266)
	at java.util.concurrent.ScheduledThreadPoolExecutor$ScheduledFutureTask.access$201(ScheduledThreadPoolExecutor.java:180)
	at java.util.concurrent.ScheduledThreadPoolExecutor$ScheduledFutureTask.run(ScheduledThreadPoolExecutor.java:293)
	at java.util.concurrent.ThreadPoolExecutor.runWorker(ThreadPoolExecutor.java:1149)
	at java.util.concurrent.ThreadPoolExecutor$Worker.run(ThreadPoolExecutor.java:624)
	at java.lang.Thread.run(Thread.java:748)
2019-09-12 04:21:39,250 [java.util.concurrent.ThreadPoolExecutor$Worker@2fea0fa2[State = -1, empty queue]] WARN  server.GrpcLogAppender (GrpcLogAppender.java:timeoutAppendRequest(200)) - 2d4da40c-dd43-4554-9707-f6503cf38c80@group-6D8373F8491B->f3263f9a-ef6c-4ff4-a6b2-5a62e946b753-GrpcLogAppender: appendEntries Timeout, request=2d4da40c-dd43-4554-9707-f6503cf38c80->f3263f9a-ef6c-4ff4-a6b2-5a62e946b753#27-t1, previous=(t:1, i:20), leaderCommit=16, initializing? false, entries: <empty>
2019-09-12 04:21:39,250 [java.util.concurrent.ThreadPoolExecutor$Worker@73f1de88[State = -1, empty queue]] WARN  server.GrpcLogAppender (GrpcLogAppender.java:timeoutAppendRequest(200)) - 2d4da40c-dd43-4554-9707-f6503cf38c80@group-6D8373F8491B->a413c2ef-7abc-47d7-b263-b9548e673ba5-GrpcLogAppender: appendEntries Timeout, request=2d4da40c-dd43-4554-9707-f6503cf38c80->a413c2ef-7abc-47d7-b263-b9548e673ba5#27-t1, previous=(t:1, i:20), leaderCommit=16, initializing? false, entries: <empty>
2019-09-12 04:21:40,932 [grpc-default-executor-6] INFO  impl.RaftServerProxy (RaftServerProxy.java:remove(95)) - f3263f9a-ef6c-4ff4-a6b2-5a62e946b753: remove group-169A4988E437:null
2019-09-12 04:21:40,936 [RatisPipelineUtilsThread] WARN  pipeline.RatisPipelineUtils (RatisPipelineUtils.java:destroyPipeline(66)) - Pipeline destroy failed for pipeline=PipelineID=c13b24b2-9c43-4bb4-8ff8-169a4988e437 dn=f3263f9a-ef6c-4ff4-a6b2-5a62e946b753{ip: 192.168.34.8, host: pr-hdds-1879-pbs75-1821932185, networkLocation: /default-rack, certSerialId: null}
2019-09-12 04:21:40,939 [grpc-default-executor-6] INFO  impl.RaftServerProxy (RaftServerProxy.java:remove(95)) - 2d4da40c-dd43-4554-9707-f6503cf38c80: remove group-169A4988E437:null
2019-09-12 04:21:40,941 [RatisPipelineUtilsThread] WARN  pipeline.RatisPipelineUtils (RatisPipelineUtils.java:destroyPipeline(66)) - Pipeline destroy failed for pipeline=PipelineID=c13b24b2-9c43-4bb4-8ff8-169a4988e437 dn=2d4da40c-dd43-4554-9707-f6503cf38c80{ip: 192.168.34.8, host: pr-hdds-1879-pbs75-1821932185, networkLocation: /default-rack, certSerialId: null}
2019-09-12 04:21:40,944 [grpc-default-executor-6] INFO  impl.RaftServerProxy (RaftServerProxy.java:remove(95)) - a413c2ef-7abc-47d7-b263-b9548e673ba5: remove group-169A4988E437:null
2019-09-12 04:21:40,947 [RatisPipelineUtilsThread] WARN  pipeline.RatisPipelineUtils (RatisPipelineUtils.java:destroyPipeline(66)) - Pipeline destroy failed for pipeline=PipelineID=c13b24b2-9c43-4bb4-8ff8-169a4988e437 dn=a413c2ef-7abc-47d7-b263-b9548e673ba5{ip: 192.168.34.8, host: pr-hdds-1879-pbs75-1821932185, networkLocation: /default-rack, certSerialId: null}
2019-09-12 04:21:40,948 [RatisPipelineUtilsThread] ERROR pipeline.SCMPipelineManager (Scheduler.java:lambda$schedule$1(70)) - Destroy pipeline failed for pipeline:Pipeline[ Id: c13b24b2-9c43-4bb4-8ff8-169a4988e437, Nodes: f3263f9a-ef6c-4ff4-a6b2-5a62e946b753{ip: 192.168.34.8, host: pr-hdds-1879-pbs75-1821932185, networkLocation: /default-rack, certSerialId: null}2d4da40c-dd43-4554-9707-f6503cf38c80{ip: 192.168.34.8, host: pr-hdds-1879-pbs75-1821932185, networkLocation: /default-rack, certSerialId: null}a413c2ef-7abc-47d7-b263-b9548e673ba5{ip: 192.168.34.8, host: pr-hdds-1879-pbs75-1821932185, networkLocation: /default-rack, certSerialId: null}, Type:RATIS, Factor:THREE, State:CLOSED]
org.apache.hadoop.hdds.scm.pipeline.PipelineNotFoundException: PipelineID=c13b24b2-9c43-4bb4-8ff8-169a4988e437 not found
	at org.apache.hadoop.hdds.scm.pipeline.PipelineStateMap.getPipeline(PipelineStateMap.java:132)
	at org.apache.hadoop.hdds.scm.pipeline.PipelineStateMap.removePipeline(PipelineStateMap.java:322)
	at org.apache.hadoop.hdds.scm.pipeline.PipelineStateManager.removePipeline(PipelineStateManager.java:107)
	at org.apache.hadoop.hdds.scm.pipeline.SCMPipelineManager.removePipeline(SCMPipelineManager.java:423)
	at org.apache.hadoop.hdds.scm.pipeline.SCMPipelineManager.destroyPipeline(SCMPipelineManager.java:409)
	at org.apache.hadoop.hdds.scm.pipeline.SCMPipelineManager.lambda$finalizeAndDestroyPipeline$0(SCMPipelineManager.java:318)
	at org.apache.hadoop.utils.Scheduler.lambda$schedule$1(Scheduler.java:68)
	at java.util.concurrent.Executors$RunnableAdapter.call(Executors.java:511)
	at java.util.concurrent.FutureTask.run(FutureTask.java:266)
	at java.util.concurrent.ScheduledThreadPoolExecutor$ScheduledFutureTask.access$201(ScheduledThreadPoolExecutor.java:180)
	at java.util.concurrent.ScheduledThreadPoolExecutor$ScheduledFutureTask.run(ScheduledThreadPoolExecutor.java:293)
	at java.util.concurrent.ThreadPoolExecutor.runWorker(ThreadPoolExecutor.java:1149)
	at java.util.concurrent.ThreadPoolExecutor$Worker.run(ThreadPoolExecutor.java:624)
	at java.lang.Thread.run(Thread.java:748)
2019-09-12 04:21:41,244 [2d4da40c-dd43-4554-9707-f6503cf38c80@group-6D8373F8491B-SegmentedRaftLogWorker] WARN  segmented.SegmentedRaftLogWorker (SegmentedRaftLogWorker.java:getFromFuture(90)) - Timeout 1/~
org.apache.ratis.protocol.TimeoutIOException: Timeout 10s: WriteLog:17: (t:1, i:17), STATEMACHINELOGENTRY, client-70E987BF850D, cid=298-writeStateMachineData
	at org.apache.ratis.util.IOUtils.getFromFuture(IOUtils.java:87)
	at org.apache.ratis.server.raftlog.segmented.SegmentedRaftLogWorker$StateMachineDataPolicy.getFromFuture(SegmentedRaftLogWorker.java:87)
	at org.apache.ratis.server.raftlog.segmented.SegmentedRaftLogWorker$WriteLog.execute(SegmentedRaftLogWorker.java:477)
	at org.apache.ratis.server.raftlog.segmented.SegmentedRaftLogWorker.run(SegmentedRaftLogWorker.java:289)
	at java.lang.Thread.run(Thread.java:748)
Caused by: java.util.concurrent.TimeoutException
	at java.util.concurrent.CompletableFuture.timedGet(CompletableFuture.java:1771)
	at java.util.concurrent.CompletableFuture.get(CompletableFuture.java:1915)
	at org.apache.ratis.util.IOUtils.getFromFuture(IOUtils.java:79)
	... 4 more
2019-09-12 04:21:41,249 [a413c2ef-7abc-47d7-b263-b9548e673ba5@group-6D8373F8491B-SegmentedRaftLogWorker] WARN  segmented.SegmentedRaftLogWorker (SegmentedRaftLogWorker.java:getFromFuture(90)) - Timeout 1/~
org.apache.ratis.protocol.TimeoutIOException: Timeout 10s: WriteLog:17: (t:1, i:17), STATEMACHINELOGENTRY, client-70E987BF850D, cid=298-writeStateMachineData
	at org.apache.ratis.util.IOUtils.getFromFuture(IOUtils.java:87)
	at org.apache.ratis.server.raftlog.segmented.SegmentedRaftLogWorker$StateMachineDataPolicy.getFromFuture(SegmentedRaftLogWorker.java:87)
	at org.apache.ratis.server.raftlog.segmented.SegmentedRaftLogWorker$WriteLog.execute(SegmentedRaftLogWorker.java:477)
	at org.apache.ratis.server.raftlog.segmented.SegmentedRaftLogWorker.run(SegmentedRaftLogWorker.java:289)
	at java.lang.Thread.run(Thread.java:748)
Caused by: java.util.concurrent.TimeoutException
	at java.util.concurrent.CompletableFuture.timedGet(CompletableFuture.java:1771)
	at java.util.concurrent.CompletableFuture.get(CompletableFuture.java:1915)
	at org.apache.ratis.util.IOUtils.getFromFuture(IOUtils.java:79)
	... 4 more
2019-09-12 04:21:41,431 [f3263f9a-ef6c-4ff4-a6b2-5a62e946b753@group-6D8373F8491B-SegmentedRaftLogWorker] WARN  segmented.SegmentedRaftLogWorker (SegmentedRaftLogWorker.java:getFromFuture(90)) - Timeout 1/~
org.apache.ratis.protocol.TimeoutIOException: Timeout 10s: WriteLog:19: (t:1, i:19), STATEMACHINELOGENTRY, client-70E987BF850D, cid=300-writeStateMachineData
	at org.apache.ratis.util.IOUtils.getFromFuture(IOUtils.java:87)
	at org.apache.ratis.server.raftlog.segmented.SegmentedRaftLogWorker$StateMachineDataPolicy.getFromFuture(SegmentedRaftLogWorker.java:87)
	at org.apache.ratis.server.raftlog.segmented.SegmentedRaftLogWorker$WriteLog.execute(SegmentedRaftLogWorker.java:477)
	at org.apache.ratis.server.raftlog.segmented.SegmentedRaftLogWorker.run(SegmentedRaftLogWorker.java:289)
	at java.lang.Thread.run(Thread.java:748)
Caused by: java.util.concurrent.TimeoutException
	at java.util.concurrent.CompletableFuture.timedGet(CompletableFuture.java:1771)
	at java.util.concurrent.CompletableFuture.get(CompletableFuture.java:1915)
	at org.apache.ratis.util.IOUtils.getFromFuture(IOUtils.java:79)
	... 4 more
2019-09-12 04:21:41,446 [grpc-default-executor-6] INFO  client.GrpcClientProtocolClient (GrpcClientProtocolClient.java:onNext(264)) - client-70E987BF850D->a413c2ef-7abc-47d7-b263-b9548e673ba5: receive RaftClientReply:client-70E987BF850D->a413c2ef-7abc-47d7-b263-b9548e673ba5@group-6D8373F8491B, cid=298, FAILED org.apache.ratis.protocol.NotLeaderException: Server a413c2ef-7abc-47d7-b263-b9548e673ba5@group-6D8373F8491B is not the leader 2d4da40c-dd43-4554-9707-f6503cf38c80:192.168.34.8:45634, logIndex=0, commits[a413c2ef-7abc-47d7-b263-b9548e673ba5:c16, 2d4da40c-dd43-4554-9707-f6503cf38c80:c16, f3263f9a-ef6c-4ff4-a6b2-5a62e946b753:c12]
2019-09-12 04:21:41,751 [java.util.concurrent.ThreadPoolExecutor$Worker@73f1de88[State = -1, empty queue]] WARN  server.GrpcLogAppender (GrpcLogAppender.java:timeoutAppendRequest(200)) - 2d4da40c-dd43-4554-9707-f6503cf38c80@group-6D8373F8491B->a413c2ef-7abc-47d7-b263-b9548e673ba5-GrpcLogAppender: appendEntries Timeout, request=2d4da40c-dd43-4554-9707-f6503cf38c80->a413c2ef-7abc-47d7-b263-b9548e673ba5#28-t1, previous=(t:1, i:20), leaderCommit=16, initializing? false, entries: <empty>
2019-09-12 04:21:41,751 [java.util.concurrent.ThreadPoolExecutor$Worker@2fea0fa2[State = -1, empty queue]] WARN  server.GrpcLogAppender (GrpcLogAppender.java:timeoutAppendRequest(200)) - 2d4da40c-dd43-4554-9707-f6503cf38c80@group-6D8373F8491B->f3263f9a-ef6c-4ff4-a6b2-5a62e946b753-GrpcLogAppender: appendEntries Timeout, request=2d4da40c-dd43-4554-9707-f6503cf38c80->f3263f9a-ef6c-4ff4-a6b2-5a62e946b753#28-t1, previous=(t:1, i:20), leaderCommit=16, initializing? false, entries: <empty>
2019-09-12 04:21:42,927 [grpc-default-executor-6] INFO  impl.RaftServerProxy (RaftServerProxy.java:remove(95)) - f3263f9a-ef6c-4ff4-a6b2-5a62e946b753: remove group-169A4988E437:null
2019-09-12 04:21:42,931 [RatisPipelineUtilsThread] WARN  pipeline.RatisPipelineUtils (RatisPipelineUtils.java:destroyPipeline(66)) - Pipeline destroy failed for pipeline=PipelineID=c13b24b2-9c43-4bb4-8ff8-169a4988e437 dn=f3263f9a-ef6c-4ff4-a6b2-5a62e946b753{ip: 192.168.34.8, host: pr-hdds-1879-pbs75-1821932185, networkLocation: /default-rack, certSerialId: null}
2019-09-12 04:21:42,933 [grpc-default-executor-6] INFO  impl.RaftServerProxy (RaftServerProxy.java:remove(95)) - 2d4da40c-dd43-4554-9707-f6503cf38c80: remove group-169A4988E437:null
2019-09-12 04:21:42,936 [RatisPipelineUtilsThread] WARN  pipeline.RatisPipelineUtils (RatisPipelineUtils.java:destroyPipeline(66)) - Pipeline destroy failed for pipeline=PipelineID=c13b24b2-9c43-4bb4-8ff8-169a4988e437 dn=2d4da40c-dd43-4554-9707-f6503cf38c80{ip: 192.168.34.8, host: pr-hdds-1879-pbs75-1821932185, networkLocation: /default-rack, certSerialId: null}
2019-09-12 04:21:42,938 [grpc-default-executor-6] INFO  impl.RaftServerProxy (RaftServerProxy.java:remove(95)) - a413c2ef-7abc-47d7-b263-b9548e673ba5: remove group-169A4988E437:null
2019-09-12 04:21:42,940 [RatisPipelineUtilsThread] WARN  pipeline.RatisPipelineUtils (RatisPipelineUtils.java:destroyPipeline(66)) - Pipeline destroy failed for pipeline=PipelineID=c13b24b2-9c43-4bb4-8ff8-169a4988e437 dn=a413c2ef-7abc-47d7-b263-b9548e673ba5{ip: 192.168.34.8, host: pr-hdds-1879-pbs75-1821932185, networkLocation: /default-rack, certSerialId: null}
2019-09-12 04:21:42,940 [RatisPipelineUtilsThread] ERROR pipeline.SCMPipelineManager (Scheduler.java:lambda$schedule$1(70)) - Destroy pipeline failed for pipeline:Pipeline[ Id: c13b24b2-9c43-4bb4-8ff8-169a4988e437, Nodes: f3263f9a-ef6c-4ff4-a6b2-5a62e946b753{ip: 192.168.34.8, host: pr-hdds-1879-pbs75-1821932185, networkLocation: /default-rack, certSerialId: null}2d4da40c-dd43-4554-9707-f6503cf38c80{ip: 192.168.34.8, host: pr-hdds-1879-pbs75-1821932185, networkLocation: /default-rack, certSerialId: null}a413c2ef-7abc-47d7-b263-b9548e673ba5{ip: 192.168.34.8, host: pr-hdds-1879-pbs75-1821932185, networkLocation: /default-rack, certSerialId: null}, Type:RATIS, Factor:THREE, State:CLOSED]
org.apache.hadoop.hdds.scm.pipeline.PipelineNotFoundException: PipelineID=c13b24b2-9c43-4bb4-8ff8-169a4988e437 not found
	at org.apache.hadoop.hdds.scm.pipeline.PipelineStateMap.getPipeline(PipelineStateMap.java:132)
	at org.apache.hadoop.hdds.scm.pipeline.PipelineStateMap.removePipeline(PipelineStateMap.java:322)
	at org.apache.hadoop.hdds.scm.pipeline.PipelineStateManager.removePipeline(PipelineStateManager.java:107)
	at org.apache.hadoop.hdds.scm.pipeline.SCMPipelineManager.removePipeline(SCMPipelineManager.java:423)
	at org.apache.hadoop.hdds.scm.pipeline.SCMPipelineManager.destroyPipeline(SCMPipelineManager.java:409)
	at org.apache.hadoop.hdds.scm.pipeline.SCMPipelineManager.lambda$finalizeAndDestroyPipeline$0(SCMPipelineManager.java:318)
	at org.apache.hadoop.utils.Scheduler.lambda$schedule$1(Scheduler.java:68)
	at java.util.concurrent.Executors$RunnableAdapter.call(Executors.java:511)
	at java.util.concurrent.FutureTask.run(FutureTask.java:266)
	at java.util.concurrent.ScheduledThreadPoolExecutor$ScheduledFutureTask.access$201(ScheduledThreadPoolExecutor.java:180)
	at java.util.concurrent.ScheduledThreadPoolExecutor$ScheduledFutureTask.run(ScheduledThreadPoolExecutor.java:293)
	at java.util.concurrent.ThreadPoolExecutor.runWorker(ThreadPoolExecutor.java:1149)
	at java.util.concurrent.ThreadPoolExecutor$Worker.run(ThreadPoolExecutor.java:624)
	at java.lang.Thread.run(Thread.java:748)
2019-09-12 04:21:44,253 [java.util.concurrent.ThreadPoolExecutor$Worker@73f1de88[State = -1, empty queue]] WARN  server.GrpcLogAppender (GrpcLogAppender.java:timeoutAppendRequest(200)) - 2d4da40c-dd43-4554-9707-f6503cf38c80@group-6D8373F8491B->a413c2ef-7abc-47d7-b263-b9548e673ba5-GrpcLogAppender: appendEntries Timeout, request=2d4da40c-dd43-4554-9707-f6503cf38c80->a413c2ef-7abc-47d7-b263-b9548e673ba5#29-t1, previous=(t:1, i:20), leaderCommit=16, initializing? false, entries: <empty>
2019-09-12 04:21:44,253 [java.util.concurrent.ThreadPoolExecutor$Worker@2fea0fa2[State = -1, empty queue]] WARN  server.GrpcLogAppender (GrpcLogAppender.java:timeoutAppendRequest(200)) - 2d4da40c-dd43-4554-9707-f6503cf38c80@group-6D8373F8491B->f3263f9a-ef6c-4ff4-a6b2-5a62e946b753-GrpcLogAppender: appendEntries Timeout, request=2d4da40c-dd43-4554-9707-f6503cf38c80->f3263f9a-ef6c-4ff4-a6b2-5a62e946b753#29-t1, previous=(t:1, i:20), leaderCommit=16, initializing? false, entries: <empty>
2019-09-12 04:21:45,931 [grpc-default-executor-6] INFO  impl.RaftServerProxy (RaftServerProxy.java:remove(95)) - f3263f9a-ef6c-4ff4-a6b2-5a62e946b753: remove group-169A4988E437:null
2019-09-12 04:21:45,935 [RatisPipelineUtilsThread] WARN  pipeline.RatisPipelineUtils (RatisPipelineUtils.java:destroyPipeline(66)) - Pipeline destroy failed for pipeline=PipelineID=c13b24b2-9c43-4bb4-8ff8-169a4988e437 dn=f3263f9a-ef6c-4ff4-a6b2-5a62e946b753{ip: 192.168.34.8, host: pr-hdds-1879-pbs75-1821932185, networkLocation: /default-rack, certSerialId: null}
2019-09-12 04:21:45,938 [grpc-default-executor-6] INFO  impl.RaftServerProxy (RaftServerProxy.java:remove(95)) - 2d4da40c-dd43-4554-9707-f6503cf38c80: remove group-169A4988E437:null
2019-09-12 04:21:45,940 [RatisPipelineUtilsThread] WARN  pipeline.RatisPipelineUtils (RatisPipelineUtils.java:destroyPipeline(66)) - Pipeline destroy failed for pipeline=PipelineID=c13b24b2-9c43-4bb4-8ff8-169a4988e437 dn=2d4da40c-dd43-4554-9707-f6503cf38c80{ip: 192.168.34.8, host: pr-hdds-1879-pbs75-1821932185, networkLocation: /default-rack, certSerialId: null}
2019-09-12 04:21:45,942 [grpc-default-executor-6] INFO  impl.RaftServerProxy (RaftServerProxy.java:remove(95)) - a413c2ef-7abc-47d7-b263-b9548e673ba5: remove group-169A4988E437:null
2019-09-12 04:21:45,944 [RatisPipelineUtilsThread] WARN  pipeline.RatisPipelineUtils (RatisPipelineUtils.java:destroyPipeline(66)) - Pipeline destroy failed for pipeline=PipelineID=c13b24b2-9c43-4bb4-8ff8-169a4988e437 dn=a413c2ef-7abc-47d7-b263-b9548e673ba5{ip: 192.168.34.8, host: pr-hdds-1879-pbs75-1821932185, networkLocation: /default-rack, certSerialId: null}
2019-09-12 04:21:45,945 [RatisPipelineUtilsThread] ERROR pipeline.SCMPipelineManager (Scheduler.java:lambda$schedule$1(70)) - Destroy pipeline failed for pipeline:Pipeline[ Id: c13b24b2-9c43-4bb4-8ff8-169a4988e437, Nodes: f3263f9a-ef6c-4ff4-a6b2-5a62e946b753{ip: 192.168.34.8, host: pr-hdds-1879-pbs75-1821932185, networkLocation: /default-rack, certSerialId: null}2d4da40c-dd43-4554-9707-f6503cf38c80{ip: 192.168.34.8, host: pr-hdds-1879-pbs75-1821932185, networkLocation: /default-rack, certSerialId: null}a413c2ef-7abc-47d7-b263-b9548e673ba5{ip: 192.168.34.8, host: pr-hdds-1879-pbs75-1821932185, networkLocation: /default-rack, certSerialId: null}, Type:RATIS, Factor:THREE, State:CLOSED]
org.apache.hadoop.hdds.scm.pipeline.PipelineNotFoundException: PipelineID=c13b24b2-9c43-4bb4-8ff8-169a4988e437 not found
	at org.apache.hadoop.hdds.scm.pipeline.PipelineStateMap.getPipeline(PipelineStateMap.java:132)
	at org.apache.hadoop.hdds.scm.pipeline.PipelineStateMap.removePipeline(PipelineStateMap.java:322)
	at org.apache.hadoop.hdds.scm.pipeline.PipelineStateManager.removePipeline(PipelineStateManager.java:107)
	at org.apache.hadoop.hdds.scm.pipeline.SCMPipelineManager.removePipeline(SCMPipelineManager.java:423)
	at org.apache.hadoop.hdds.scm.pipeline.SCMPipelineManager.destroyPipeline(SCMPipelineManager.java:409)
	at org.apache.hadoop.hdds.scm.pipeline.SCMPipelineManager.lambda$finalizeAndDestroyPipeline$0(SCMPipelineManager.java:318)
	at org.apache.hadoop.utils.Scheduler.lambda$schedule$1(Scheduler.java:68)
	at java.util.concurrent.Executors$RunnableAdapter.call(Executors.java:511)
	at java.util.concurrent.FutureTask.run(FutureTask.java:266)
	at java.util.concurrent.ScheduledThreadPoolExecutor$ScheduledFutureTask.access$201(ScheduledThreadPoolExecutor.java:180)
	at java.util.concurrent.ScheduledThreadPoolExecutor$ScheduledFutureTask.run(ScheduledThreadPoolExecutor.java:293)
	at java.util.concurrent.ThreadPoolExecutor.runWorker(ThreadPoolExecutor.java:1149)
	at java.util.concurrent.ThreadPoolExecutor$Worker.run(ThreadPoolExecutor.java:624)
	at java.lang.Thread.run(Thread.java:748)
2019-09-12 04:21:46,512 [grpc-default-executor-6] INFO  client.GrpcClientProtocolClient (GrpcClientProtocolClient.java:onNext(264)) - client-70E987BF850D->a413c2ef-7abc-47d7-b263-b9548e673ba5: receive RaftClientReply:client-70E987BF850D->a413c2ef-7abc-47d7-b263-b9548e673ba5@group-6D8373F8491B, cid=298, FAILED org.apache.ratis.protocol.NotLeaderException: Server a413c2ef-7abc-47d7-b263-b9548e673ba5@group-6D8373F8491B is not the leader 2d4da40c-dd43-4554-9707-f6503cf38c80:192.168.34.8:45634, logIndex=0, commits[a413c2ef-7abc-47d7-b263-b9548e673ba5:c16, 2d4da40c-dd43-4554-9707-f6503cf38c80:c16, f3263f9a-ef6c-4ff4-a6b2-5a62e946b753:c12]
2019-09-12 04:21:46,753 [java.util.concurrent.ThreadPoolExecutor$Worker@2fea0fa2[State = -1, empty queue]] WARN  server.GrpcLogAppender (GrpcLogAppender.java:timeoutAppendRequest(200)) - 2d4da40c-dd43-4554-9707-f6503cf38c80@group-6D8373F8491B->f3263f9a-ef6c-4ff4-a6b2-5a62e946b753-GrpcLogAppender: appendEntries Timeout, request=2d4da40c-dd43-4554-9707-f6503cf38c80->f3263f9a-ef6c-4ff4-a6b2-5a62e946b753#30-t1, previous=(t:1, i:20), leaderCommit=16, initializing? false, entries: <empty>
2019-09-12 04:21:46,753 [java.util.concurrent.ThreadPoolExecutor$Worker@73f1de88[State = -1, empty queue]] WARN  server.GrpcLogAppender (GrpcLogAppender.java:timeoutAppendRequest(200)) - 2d4da40c-dd43-4554-9707-f6503cf38c80@group-6D8373F8491B->a413c2ef-7abc-47d7-b263-b9548e673ba5-GrpcLogAppender: appendEntries Timeout, request=2d4da40c-dd43-4554-9707-f6503cf38c80->a413c2ef-7abc-47d7-b263-b9548e673ba5#30-t1, previous=(t:1, i:20), leaderCommit=16, initializing? false, entries: <empty>
2019-09-12 04:21:47,930 [grpc-default-executor-14] INFO  impl.RaftServerProxy (RaftServerProxy.java:remove(95)) - f3263f9a-ef6c-4ff4-a6b2-5a62e946b753: remove group-169A4988E437:null
2019-09-12 04:21:47,933 [RatisPipelineUtilsThread] WARN  pipeline.RatisPipelineUtils (RatisPipelineUtils.java:destroyPipeline(66)) - Pipeline destroy failed for pipeline=PipelineID=c13b24b2-9c43-4bb4-8ff8-169a4988e437 dn=f3263f9a-ef6c-4ff4-a6b2-5a62e946b753{ip: 192.168.34.8, host: pr-hdds-1879-pbs75-1821932185, networkLocation: /default-rack, certSerialId: null}
2019-09-12 04:21:47,935 [grpc-default-executor-14] INFO  impl.RaftServerProxy (RaftServerProxy.java:remove(95)) - 2d4da40c-dd43-4554-9707-f6503cf38c80: remove group-169A4988E437:null
2019-09-12 04:21:47,937 [RatisPipelineUtilsThread] WARN  pipeline.RatisPipelineUtils (RatisPipelineUtils.java:destroyPipeline(66)) - Pipeline destroy failed for pipeline=PipelineID=c13b24b2-9c43-4bb4-8ff8-169a4988e437 dn=2d4da40c-dd43-4554-9707-f6503cf38c80{ip: 192.168.34.8, host: pr-hdds-1879-pbs75-1821932185, networkLocation: /default-rack, certSerialId: null}
2019-09-12 04:21:47,940 [grpc-default-executor-14] INFO  impl.RaftServerProxy (RaftServerProxy.java:remove(95)) - a413c2ef-7abc-47d7-b263-b9548e673ba5: remove group-169A4988E437:null
2019-09-12 04:21:47,941 [RatisPipelineUtilsThread] WARN  pipeline.RatisPipelineUtils (RatisPipelineUtils.java:destroyPipeline(66)) - Pipeline destroy failed for pipeline=PipelineID=c13b24b2-9c43-4bb4-8ff8-169a4988e437 dn=a413c2ef-7abc-47d7-b263-b9548e673ba5{ip: 192.168.34.8, host: pr-hdds-1879-pbs75-1821932185, networkLocation: /default-rack, certSerialId: null}
2019-09-12 04:21:47,942 [RatisPipelineUtilsThread] ERROR pipeline.SCMPipelineManager (Scheduler.java:lambda$schedule$1(70)) - Destroy pipeline failed for pipeline:Pipeline[ Id: c13b24b2-9c43-4bb4-8ff8-169a4988e437, Nodes: f3263f9a-ef6c-4ff4-a6b2-5a62e946b753{ip: 192.168.34.8, host: pr-hdds-1879-pbs75-1821932185, networkLocation: /default-rack, certSerialId: null}2d4da40c-dd43-4554-9707-f6503cf38c80{ip: 192.168.34.8, host: pr-hdds-1879-pbs75-1821932185, networkLocation: /default-rack, certSerialId: null}a413c2ef-7abc-47d7-b263-b9548e673ba5{ip: 192.168.34.8, host: pr-hdds-1879-pbs75-1821932185, networkLocation: /default-rack, certSerialId: null}, Type:RATIS, Factor:THREE, State:CLOSED]
org.apache.hadoop.hdds.scm.pipeline.PipelineNotFoundException: PipelineID=c13b24b2-9c43-4bb4-8ff8-169a4988e437 not found
	at org.apache.hadoop.hdds.scm.pipeline.PipelineStateMap.getPipeline(PipelineStateMap.java:132)
	at org.apache.hadoop.hdds.scm.pipeline.PipelineStateMap.removePipeline(PipelineStateMap.java:322)
	at org.apache.hadoop.hdds.scm.pipeline.PipelineStateManager.removePipeline(PipelineStateManager.java:107)
	at org.apache.hadoop.hdds.scm.pipeline.SCMPipelineManager.removePipeline(SCMPipelineManager.java:423)
	at org.apache.hadoop.hdds.scm.pipeline.SCMPipelineManager.destroyPipeline(SCMPipelineManager.java:409)
	at org.apache.hadoop.hdds.scm.pipeline.SCMPipelineManager.lambda$finalizeAndDestroyPipeline$0(SCMPipelineManager.java:318)
	at org.apache.hadoop.utils.Scheduler.lambda$schedule$1(Scheduler.java:68)
	at java.util.concurrent.Executors$RunnableAdapter.call(Executors.java:511)
	at java.util.concurrent.FutureTask.run(FutureTask.java:266)
	at java.util.concurrent.ScheduledThreadPoolExecutor$ScheduledFutureTask.access$201(ScheduledThreadPoolExecutor.java:180)
	at java.util.concurrent.ScheduledThreadPoolExecutor$ScheduledFutureTask.run(ScheduledThreadPoolExecutor.java:293)
	at java.util.concurrent.ThreadPoolExecutor.runWorker(ThreadPoolExecutor.java:1149)
	at java.util.concurrent.ThreadPoolExecutor$Worker.run(ThreadPoolExecutor.java:624)
	at java.lang.Thread.run(Thread.java:748)
2019-09-12 04:21:49,254 [java.util.concurrent.ThreadPoolExecutor$Worker@2fea0fa2[State = -1, empty queue]] WARN  server.GrpcLogAppender (GrpcLogAppender.java:timeoutAppendRequest(200)) - 2d4da40c-dd43-4554-9707-f6503cf38c80@group-6D8373F8491B->f3263f9a-ef6c-4ff4-a6b2-5a62e946b753-GrpcLogAppender: appendEntries Timeout, request=2d4da40c-dd43-4554-9707-f6503cf38c80->f3263f9a-ef6c-4ff4-a6b2-5a62e946b753#31-t1, previous=(t:1, i:20), leaderCommit=16, initializing? false, entries: <empty>
2019-09-12 04:21:49,254 [java.util.concurrent.ThreadPoolExecutor$Worker@73f1de88[State = -1, empty queue]] WARN  server.GrpcLogAppender (GrpcLogAppender.java:timeoutAppendRequest(200)) - 2d4da40c-dd43-4554-9707-f6503cf38c80@group-6D8373F8491B->a413c2ef-7abc-47d7-b263-b9548e673ba5-GrpcLogAppender: appendEntries Timeout, request=2d4da40c-dd43-4554-9707-f6503cf38c80->a413c2ef-7abc-47d7-b263-b9548e673ba5#31-t1, previous=(t:1, i:20), leaderCommit=16, initializing? false, entries: <empty>
2019-09-12 04:21:50,932 [grpc-default-executor-6] INFO  impl.RaftServerProxy (RaftServerProxy.java:remove(95)) - f3263f9a-ef6c-4ff4-a6b2-5a62e946b753: remove group-169A4988E437:null
2019-09-12 04:21:50,936 [RatisPipelineUtilsThread] WARN  pipeline.RatisPipelineUtils (RatisPipelineUtils.java:destroyPipeline(66)) - Pipeline destroy failed for pipeline=PipelineID=c13b24b2-9c43-4bb4-8ff8-169a4988e437 dn=f3263f9a-ef6c-4ff4-a6b2-5a62e946b753{ip: 192.168.34.8, host: pr-hdds-1879-pbs75-1821932185, networkLocation: /default-rack, certSerialId: null}
2019-09-12 04:21:50,938 [grpc-default-executor-6] INFO  impl.RaftServerProxy (RaftServerProxy.java:remove(95)) - 2d4da40c-dd43-4554-9707-f6503cf38c80: remove group-169A4988E437:null
2019-09-12 04:21:50,941 [RatisPipelineUtilsThread] WARN  pipeline.RatisPipelineUtils (RatisPipelineUtils.java:destroyPipeline(66)) - Pipeline destroy failed for pipeline=PipelineID=c13b24b2-9c43-4bb4-8ff8-169a4988e437 dn=2d4da40c-dd43-4554-9707-f6503cf38c80{ip: 192.168.34.8, host: pr-hdds-1879-pbs75-1821932185, networkLocation: /default-rack, certSerialId: null}
2019-09-12 04:21:50,943 [grpc-default-executor-6] INFO  impl.RaftServerProxy (RaftServerProxy.java:remove(95)) - a413c2ef-7abc-47d7-b263-b9548e673ba5: remove group-169A4988E437:null
2019-09-12 04:21:50,945 [RatisPipelineUtilsThread] WARN  pipeline.RatisPipelineUtils (RatisPipelineUtils.java:destroyPipeline(66)) - Pipeline destroy failed for pipeline=PipelineID=c13b24b2-9c43-4bb4-8ff8-169a4988e437 dn=a413c2ef-7abc-47d7-b263-b9548e673ba5{ip: 192.168.34.8, host: pr-hdds-1879-pbs75-1821932185, networkLocation: /default-rack, certSerialId: null}
2019-09-12 04:21:50,946 [RatisPipelineUtilsThread] ERROR pipeline.SCMPipelineManager (Scheduler.java:lambda$schedule$1(70)) - Destroy pipeline failed for pipeline:Pipeline[ Id: c13b24b2-9c43-4bb4-8ff8-169a4988e437, Nodes: f3263f9a-ef6c-4ff4-a6b2-5a62e946b753{ip: 192.168.34.8, host: pr-hdds-1879-pbs75-1821932185, networkLocation: /default-rack, certSerialId: null}2d4da40c-dd43-4554-9707-f6503cf38c80{ip: 192.168.34.8, host: pr-hdds-1879-pbs75-1821932185, networkLocation: /default-rack, certSerialId: null}a413c2ef-7abc-47d7-b263-b9548e673ba5{ip: 192.168.34.8, host: pr-hdds-1879-pbs75-1821932185, networkLocation: /default-rack, certSerialId: null}, Type:RATIS, Factor:THREE, State:CLOSED]
org.apache.hadoop.hdds.scm.pipeline.PipelineNotFoundException: PipelineID=c13b24b2-9c43-4bb4-8ff8-169a4988e437 not found
	at org.apache.hadoop.hdds.scm.pipeline.PipelineStateMap.getPipeline(PipelineStateMap.java:132)
	at org.apache.hadoop.hdds.scm.pipeline.PipelineStateMap.removePipeline(PipelineStateMap.java:322)
	at org.apache.hadoop.hdds.scm.pipeline.PipelineStateManager.removePipeline(PipelineStateManager.java:107)
	at org.apache.hadoop.hdds.scm.pipeline.SCMPipelineManager.removePipeline(SCMPipelineManager.java:423)
	at org.apache.hadoop.hdds.scm.pipeline.SCMPipelineManager.destroyPipeline(SCMPipelineManager.java:409)
	at org.apache.hadoop.hdds.scm.pipeline.SCMPipelineManager.lambda$finalizeAndDestroyPipeline$0(SCMPipelineManager.java:318)
	at org.apache.hadoop.utils.Scheduler.lambda$schedule$1(Scheduler.java:68)
	at java.util.concurrent.Executors$RunnableAdapter.call(Executors.java:511)
	at java.util.concurrent.FutureTask.run(FutureTask.java:266)
	at java.util.concurrent.ScheduledThreadPoolExecutor$ScheduledFutureTask.access$201(ScheduledThreadPoolExecutor.java:180)
	at java.util.concurrent.ScheduledThreadPoolExecutor$ScheduledFutureTask.run(ScheduledThreadPoolExecutor.java:293)
	at java.util.concurrent.ThreadPoolExecutor.runWorker(ThreadPoolExecutor.java:1149)
	at java.util.concurrent.ThreadPoolExecutor$Worker.run(ThreadPoolExecutor.java:624)
	at java.lang.Thread.run(Thread.java:748)
2019-09-12 04:21:51,246 [2d4da40c-dd43-4554-9707-f6503cf38c80@group-6D8373F8491B-SegmentedRaftLogWorker] WARN  segmented.SegmentedRaftLogWorker (SegmentedRaftLogWorker.java:getFromFuture(90)) - Timeout 2/~
org.apache.ratis.protocol.TimeoutIOException: Timeout 10s: WriteLog:17: (t:1, i:17), STATEMACHINELOGENTRY, client-70E987BF850D, cid=298-writeStateMachineData
	at org.apache.ratis.util.IOUtils.getFromFuture(IOUtils.java:87)
	at org.apache.ratis.server.raftlog.segmented.SegmentedRaftLogWorker$StateMachineDataPolicy.getFromFuture(SegmentedRaftLogWorker.java:87)
	at org.apache.ratis.server.raftlog.segmented.SegmentedRaftLogWorker$WriteLog.execute(SegmentedRaftLogWorker.java:477)
	at org.apache.ratis.server.raftlog.segmented.SegmentedRaftLogWorker.run(SegmentedRaftLogWorker.java:289)
	at java.lang.Thread.run(Thread.java:748)
Caused by: java.util.concurrent.TimeoutException
	at java.util.concurrent.CompletableFuture.timedGet(CompletableFuture.java:1771)
	at java.util.concurrent.CompletableFuture.get(CompletableFuture.java:1915)
	at org.apache.ratis.util.IOUtils.getFromFuture(IOUtils.java:79)
	... 4 more
2019-09-12 04:21:51,250 [a413c2ef-7abc-47d7-b263-b9548e673ba5@group-6D8373F8491B-SegmentedRaftLogWorker] WARN  segmented.SegmentedRaftLogWorker (SegmentedRaftLogWorker.java:getFromFuture(90)) - Timeout 2/~
org.apache.ratis.protocol.TimeoutIOException: Timeout 10s: WriteLog:17: (t:1, i:17), STATEMACHINELOGENTRY, client-70E987BF850D, cid=298-writeStateMachineData
	at org.apache.ratis.util.IOUtils.getFromFuture(IOUtils.java:87)
	at org.apache.ratis.server.raftlog.segmented.SegmentedRaftLogWorker$StateMachineDataPolicy.getFromFuture(SegmentedRaftLogWorker.java:87)
	at org.apache.ratis.server.raftlog.segmented.SegmentedRaftLogWorker$WriteLog.execute(SegmentedRaftLogWorker.java:477)
	at org.apache.ratis.server.raftlog.segmented.SegmentedRaftLogWorker.run(SegmentedRaftLogWorker.java:289)
	at java.lang.Thread.run(Thread.java:748)
Caused by: java.util.concurrent.TimeoutException
	at java.util.concurrent.CompletableFuture.timedGet(CompletableFuture.java:1771)
	at java.util.concurrent.CompletableFuture.get(CompletableFuture.java:1915)
	at org.apache.ratis.util.IOUtils.getFromFuture(IOUtils.java:79)
	... 4 more
2019-09-12 04:21:51,433 [f3263f9a-ef6c-4ff4-a6b2-5a62e946b753@group-6D8373F8491B-SegmentedRaftLogWorker] WARN  segmented.SegmentedRaftLogWorker (SegmentedRaftLogWorker.java:getFromFuture(90)) - Timeout 2/~
org.apache.ratis.protocol.TimeoutIOException: Timeout 10s: WriteLog:19: (t:1, i:19), STATEMACHINELOGENTRY, client-70E987BF850D, cid=300-writeStateMachineData
	at org.apache.ratis.util.IOUtils.getFromFuture(IOUtils.java:87)
	at org.apache.ratis.server.raftlog.segmented.SegmentedRaftLogWorker$StateMachineDataPolicy.getFromFuture(SegmentedRaftLogWorker.java:87)
	at org.apache.ratis.server.raftlog.segmented.SegmentedRaftLogWorker$WriteLog.execute(SegmentedRaftLogWorker.java:477)
	at org.apache.ratis.server.raftlog.segmented.SegmentedRaftLogWorker.run(SegmentedRaftLogWorker.java:289)
	at java.lang.Thread.run(Thread.java:748)
Caused by: java.util.concurrent.TimeoutException
	at java.util.concurrent.CompletableFuture.timedGet(CompletableFuture.java:1771)
	at java.util.concurrent.CompletableFuture.get(CompletableFuture.java:1915)
	at org.apache.ratis.util.IOUtils.getFromFuture(IOUtils.java:79)
	... 4 more
2019-09-12 04:21:51,558 [grpc-default-executor-14] INFO  client.GrpcClientProtocolClient (GrpcClientProtocolClient.java:onNext(264)) - client-70E987BF850D->f3263f9a-ef6c-4ff4-a6b2-5a62e946b753: receive RaftClientReply:client-70E987BF850D->f3263f9a-ef6c-4ff4-a6b2-5a62e946b753@group-6D8373F8491B, cid=298, FAILED org.apache.ratis.protocol.NotLeaderException: Server f3263f9a-ef6c-4ff4-a6b2-5a62e946b753@group-6D8373F8491B is not the leader 2d4da40c-dd43-4554-9707-f6503cf38c80:192.168.34.8:45634, logIndex=0, commits[f3263f9a-ef6c-4ff4-a6b2-5a62e946b753:c16, 2d4da40c-dd43-4554-9707-f6503cf38c80:c16, a413c2ef-7abc-47d7-b263-b9548e673ba5:c12]
2019-09-12 04:21:51,754 [java.util.concurrent.ThreadPoolExecutor$Worker@73f1de88[State = -1, empty queue]] WARN  server.GrpcLogAppender (GrpcLogAppender.java:timeoutAppendRequest(200)) - 2d4da40c-dd43-4554-9707-f6503cf38c80@group-6D8373F8491B->a413c2ef-7abc-47d7-b263-b9548e673ba5-GrpcLogAppender: appendEntries Timeout, request=2d4da40c-dd43-4554-9707-f6503cf38c80->a413c2ef-7abc-47d7-b263-b9548e673ba5#32-t1, previous=(t:1, i:20), leaderCommit=16, initializing? false, entries: <empty>
2019-09-12 04:21:51,754 [java.util.concurrent.ThreadPoolExecutor$Worker@2fea0fa2[State = -1, empty queue]] WARN  server.GrpcLogAppender (GrpcLogAppender.java:timeoutAppendRequest(200)) - 2d4da40c-dd43-4554-9707-f6503cf38c80@group-6D8373F8491B->f3263f9a-ef6c-4ff4-a6b2-5a62e946b753-GrpcLogAppender: appendEntries Timeout, request=2d4da40c-dd43-4554-9707-f6503cf38c80->f3263f9a-ef6c-4ff4-a6b2-5a62e946b753#32-t1, previous=(t:1, i:20), leaderCommit=16, initializing? false, entries: <empty>
2019-09-12 04:21:52,930 [grpc-default-executor-14] INFO  impl.RaftServerProxy (RaftServerProxy.java:remove(95)) - f3263f9a-ef6c-4ff4-a6b2-5a62e946b753: remove group-169A4988E437:null
2019-09-12 04:21:52,933 [RatisPipelineUtilsThread] WARN  pipeline.RatisPipelineUtils (RatisPipelineUtils.java:destroyPipeline(66)) - Pipeline destroy failed for pipeline=PipelineID=c13b24b2-9c43-4bb4-8ff8-169a4988e437 dn=f3263f9a-ef6c-4ff4-a6b2-5a62e946b753{ip: 192.168.34.8, host: pr-hdds-1879-pbs75-1821932185, networkLocation: /default-rack, certSerialId: null}
2019-09-12 04:21:52,935 [grpc-default-executor-14] INFO  impl.RaftServerProxy (RaftServerProxy.java:remove(95)) - 2d4da40c-dd43-4554-9707-f6503cf38c80: remove group-169A4988E437:null
2019-09-12 04:21:52,937 [RatisPipelineUtilsThread] WARN  pipeline.RatisPipelineUtils (RatisPipelineUtils.java:destroyPipeline(66)) - Pipeline destroy failed for pipeline=PipelineID=c13b24b2-9c43-4bb4-8ff8-169a4988e437 dn=2d4da40c-dd43-4554-9707-f6503cf38c80{ip: 192.168.34.8, host: pr-hdds-1879-pbs75-1821932185, networkLocation: /default-rack, certSerialId: null}
2019-09-12 04:21:52,939 [grpc-default-executor-14] INFO  impl.RaftServerProxy (RaftServerProxy.java:remove(95)) - a413c2ef-7abc-47d7-b263-b9548e673ba5: remove group-169A4988E437:null
2019-09-12 04:21:52,941 [RatisPipelineUtilsThread] WARN  pipeline.RatisPipelineUtils (RatisPipelineUtils.java:destroyPipeline(66)) - Pipeline destroy failed for pipeline=PipelineID=c13b24b2-9c43-4bb4-8ff8-169a4988e437 dn=a413c2ef-7abc-47d7-b263-b9548e673ba5{ip: 192.168.34.8, host: pr-hdds-1879-pbs75-1821932185, networkLocation: /default-rack, certSerialId: null}
2019-09-12 04:21:52,941 [RatisPipelineUtilsThread] ERROR pipeline.SCMPipelineManager (Scheduler.java:lambda$schedule$1(70)) - Destroy pipeline failed for pipeline:Pipeline[ Id: c13b24b2-9c43-4bb4-8ff8-169a4988e437, Nodes: f3263f9a-ef6c-4ff4-a6b2-5a62e946b753{ip: 192.168.34.8, host: pr-hdds-1879-pbs75-1821932185, networkLocation: /default-rack, certSerialId: null}2d4da40c-dd43-4554-9707-f6503cf38c80{ip: 192.168.34.8, host: pr-hdds-1879-pbs75-1821932185, networkLocation: /default-rack, certSerialId: null}a413c2ef-7abc-47d7-b263-b9548e673ba5{ip: 192.168.34.8, host: pr-hdds-1879-pbs75-1821932185, networkLocation: /default-rack, certSerialId: null}, Type:RATIS, Factor:THREE, State:CLOSED]
org.apache.hadoop.hdds.scm.pipeline.PipelineNotFoundException: PipelineID=c13b24b2-9c43-4bb4-8ff8-169a4988e437 not found
	at org.apache.hadoop.hdds.scm.pipeline.PipelineStateMap.getPipeline(PipelineStateMap.java:132)
	at org.apache.hadoop.hdds.scm.pipeline.PipelineStateMap.removePipeline(PipelineStateMap.java:322)
	at org.apache.hadoop.hdds.scm.pipeline.PipelineStateManager.removePipeline(PipelineStateManager.java:107)
	at org.apache.hadoop.hdds.scm.pipeline.SCMPipelineManager.removePipeline(SCMPipelineManager.java:423)
	at org.apache.hadoop.hdds.scm.pipeline.SCMPipelineManager.destroyPipeline(SCMPipelineManager.java:409)
	at org.apache.hadoop.hdds.scm.pipeline.SCMPipelineManager.lambda$finalizeAndDestroyPipeline$0(SCMPipelineManager.java:318)
	at org.apache.hadoop.utils.Scheduler.lambda$schedule$1(Scheduler.java:68)
	at java.util.concurrent.Executors$RunnableAdapter.call(Executors.java:511)
	at java.util.concurrent.FutureTask.run(FutureTask.java:266)
	at java.util.concurrent.ScheduledThreadPoolExecutor$ScheduledFutureTask.access$201(ScheduledThreadPoolExecutor.java:180)
	at java.util.concurrent.ScheduledThreadPoolExecutor$ScheduledFutureTask.run(ScheduledThreadPoolExecutor.java:293)
	at java.util.concurrent.ThreadPoolExecutor.runWorker(ThreadPoolExecutor.java:1149)
	at java.util.concurrent.ThreadPoolExecutor$Worker.run(ThreadPoolExecutor.java:624)
	at java.lang.Thread.run(Thread.java:748)
2019-09-12 04:21:54,255 [java.util.concurrent.ThreadPoolExecutor$Worker@2fea0fa2[State = -1, empty queue]] WARN  server.GrpcLogAppender (GrpcLogAppender.java:timeoutAppendRequest(200)) - 2d4da40c-dd43-4554-9707-f6503cf38c80@group-6D8373F8491B->f3263f9a-ef6c-4ff4-a6b2-5a62e946b753-GrpcLogAppender: appendEntries Timeout, request=2d4da40c-dd43-4554-9707-f6503cf38c80->f3263f9a-ef6c-4ff4-a6b2-5a62e946b753#33-t1, previous=(t:1, i:20), leaderCommit=16, initializing? false, entries: <empty>
2019-09-12 04:21:54,255 [java.util.concurrent.ThreadPoolExecutor$Worker@73f1de88[State = -1, empty queue]] WARN  server.GrpcLogAppender (GrpcLogAppender.java:timeoutAppendRequest(200)) - 2d4da40c-dd43-4554-9707-f6503cf38c80@group-6D8373F8491B->a413c2ef-7abc-47d7-b263-b9548e673ba5-GrpcLogAppender: appendEntries Timeout, request=2d4da40c-dd43-4554-9707-f6503cf38c80->a413c2ef-7abc-47d7-b263-b9548e673ba5#33-t1, previous=(t:1, i:20), leaderCommit=16, initializing? false, entries: <empty>
2019-09-12 04:21:55,930 [grpc-default-executor-11] INFO  impl.RaftServerProxy (RaftServerProxy.java:remove(95)) - f3263f9a-ef6c-4ff4-a6b2-5a62e946b753: remove group-169A4988E437:null
2019-09-12 04:21:55,933 [RatisPipelineUtilsThread] WARN  pipeline.RatisPipelineUtils (RatisPipelineUtils.java:destroyPipeline(66)) - Pipeline destroy failed for pipeline=PipelineID=c13b24b2-9c43-4bb4-8ff8-169a4988e437 dn=f3263f9a-ef6c-4ff4-a6b2-5a62e946b753{ip: 192.168.34.8, host: pr-hdds-1879-pbs75-1821932185, networkLocation: /default-rack, certSerialId: null}
2019-09-12 04:21:55,935 [grpc-default-executor-11] INFO  impl.RaftServerProxy (RaftServerProxy.java:remove(95)) - 2d4da40c-dd43-4554-9707-f6503cf38c80: remove group-169A4988E437:null
2019-09-12 04:21:55,937 [RatisPipelineUtilsThread] WARN  pipeline.RatisPipelineUtils (RatisPipelineUtils.java:destroyPipeline(66)) - Pipeline destroy failed for pipeline=PipelineID=c13b24b2-9c43-4bb4-8ff8-169a4988e437 dn=2d4da40c-dd43-4554-9707-f6503cf38c80{ip: 192.168.34.8, host: pr-hdds-1879-pbs75-1821932185, networkLocation: /default-rack, certSerialId: null}
2019-09-12 04:21:55,939 [grpc-default-executor-11] INFO  impl.RaftServerProxy (RaftServerProxy.java:remove(95)) - a413c2ef-7abc-47d7-b263-b9548e673ba5: remove group-169A4988E437:null
2019-09-12 04:21:55,941 [RatisPipelineUtilsThread] WARN  pipeline.RatisPipelineUtils (RatisPipelineUtils.java:destroyPipeline(66)) - Pipeline destroy failed for pipeline=PipelineID=c13b24b2-9c43-4bb4-8ff8-169a4988e437 dn=a413c2ef-7abc-47d7-b263-b9548e673ba5{ip: 192.168.34.8, host: pr-hdds-1879-pbs75-1821932185, networkLocation: /default-rack, certSerialId: null}
2019-09-12 04:21:55,941 [RatisPipelineUtilsThread] ERROR pipeline.SCMPipelineManager (Scheduler.java:lambda$schedule$1(70)) - Destroy pipeline failed for pipeline:Pipeline[ Id: c13b24b2-9c43-4bb4-8ff8-169a4988e437, Nodes: f3263f9a-ef6c-4ff4-a6b2-5a62e946b753{ip: 192.168.34.8, host: pr-hdds-1879-pbs75-1821932185, networkLocation: /default-rack, certSerialId: null}2d4da40c-dd43-4554-9707-f6503cf38c80{ip: 192.168.34.8, host: pr-hdds-1879-pbs75-1821932185, networkLocation: /default-rack, certSerialId: null}a413c2ef-7abc-47d7-b263-b9548e673ba5{ip: 192.168.34.8, host: pr-hdds-1879-pbs75-1821932185, networkLocation: /default-rack, certSerialId: null}, Type:RATIS, Factor:THREE, State:CLOSED]
org.apache.hadoop.hdds.scm.pipeline.PipelineNotFoundException: PipelineID=c13b24b2-9c43-4bb4-8ff8-169a4988e437 not found
	at org.apache.hadoop.hdds.scm.pipeline.PipelineStateMap.getPipeline(PipelineStateMap.java:132)
	at org.apache.hadoop.hdds.scm.pipeline.PipelineStateMap.removePipeline(PipelineStateMap.java:322)
	at org.apache.hadoop.hdds.scm.pipeline.PipelineStateManager.removePipeline(PipelineStateManager.java:107)
	at org.apache.hadoop.hdds.scm.pipeline.SCMPipelineManager.removePipeline(SCMPipelineManager.java:423)
	at org.apache.hadoop.hdds.scm.pipeline.SCMPipelineManager.destroyPipeline(SCMPipelineManager.java:409)
	at org.apache.hadoop.hdds.scm.pipeline.SCMPipelineManager.lambda$finalizeAndDestroyPipeline$0(SCMPipelineManager.java:318)
	at org.apache.hadoop.utils.Scheduler.lambda$schedule$1(Scheduler.java:68)
	at java.util.concurrent.Executors$RunnableAdapter.call(Executors.java:511)
	at java.util.concurrent.FutureTask.run(FutureTask.java:266)
	at java.util.concurrent.ScheduledThreadPoolExecutor$ScheduledFutureTask.access$201(ScheduledThreadPoolExecutor.java:180)
	at java.util.concurrent.ScheduledThreadPoolExecutor$ScheduledFutureTask.run(ScheduledThreadPoolExecutor.java:293)
	at java.util.concurrent.ThreadPoolExecutor.runWorker(ThreadPoolExecutor.java:1149)
	at java.util.concurrent.ThreadPoolExecutor$Worker.run(ThreadPoolExecutor.java:624)
	at java.lang.Thread.run(Thread.java:748)
2019-09-12 04:21:56,606 [grpc-default-executor-6] INFO  client.GrpcClientProtocolClient (GrpcClientProtocolClient.java:onNext(264)) - client-70E987BF850D->a413c2ef-7abc-47d7-b263-b9548e673ba5: receive RaftClientReply:client-70E987BF850D->a413c2ef-7abc-47d7-b263-b9548e673ba5@group-6D8373F8491B, cid=298, FAILED org.apache.ratis.protocol.NotLeaderException: Server a413c2ef-7abc-47d7-b263-b9548e673ba5@group-6D8373F8491B is not the leader 2d4da40c-dd43-4554-9707-f6503cf38c80:192.168.34.8:45634, logIndex=0, commits[a413c2ef-7abc-47d7-b263-b9548e673ba5:c16, 2d4da40c-dd43-4554-9707-f6503cf38c80:c16, f3263f9a-ef6c-4ff4-a6b2-5a62e946b753:c12]
2019-09-12 04:21:56,755 [java.util.concurrent.ThreadPoolExecutor$Worker@2fea0fa2[State = -1, empty queue]] WARN  server.GrpcLogAppender (GrpcLogAppender.java:timeoutAppendRequest(200)) - 2d4da40c-dd43-4554-9707-f6503cf38c80@group-6D8373F8491B->f3263f9a-ef6c-4ff4-a6b2-5a62e946b753-GrpcLogAppender: appendEntries Timeout, request=2d4da40c-dd43-4554-9707-f6503cf38c80->f3263f9a-ef6c-4ff4-a6b2-5a62e946b753#34-t1, previous=(t:1, i:20), leaderCommit=16, initializing? false, entries: <empty>
2019-09-12 04:21:56,755 [java.util.concurrent.ThreadPoolExecutor$Worker@73f1de88[State = -1, empty queue]] WARN  server.GrpcLogAppender (GrpcLogAppender.java:timeoutAppendRequest(200)) - 2d4da40c-dd43-4554-9707-f6503cf38c80@group-6D8373F8491B->a413c2ef-7abc-47d7-b263-b9548e673ba5-GrpcLogAppender: appendEntries Timeout, request=2d4da40c-dd43-4554-9707-f6503cf38c80->a413c2ef-7abc-47d7-b263-b9548e673ba5#34-t1, previous=(t:1, i:20), leaderCommit=16, initializing? false, entries: <empty>
2019-09-12 04:21:57,928 [grpc-default-executor-11] INFO  impl.RaftServerProxy (RaftServerProxy.java:remove(95)) - f3263f9a-ef6c-4ff4-a6b2-5a62e946b753: remove group-169A4988E437:null
2019-09-12 04:21:57,930 [RatisPipelineUtilsThread] WARN  pipeline.RatisPipelineUtils (RatisPipelineUtils.java:destroyPipeline(66)) - Pipeline destroy failed for pipeline=PipelineID=c13b24b2-9c43-4bb4-8ff8-169a4988e437 dn=f3263f9a-ef6c-4ff4-a6b2-5a62e946b753{ip: 192.168.34.8, host: pr-hdds-1879-pbs75-1821932185, networkLocation: /default-rack, certSerialId: null}
2019-09-12 04:21:57,932 [grpc-default-executor-11] INFO  impl.RaftServerProxy (RaftServerProxy.java:remove(95)) - 2d4da40c-dd43-4554-9707-f6503cf38c80: remove group-169A4988E437:null
2019-09-12 04:21:57,934 [RatisPipelineUtilsThread] WARN  pipeline.RatisPipelineUtils (RatisPipelineUtils.java:destroyPipeline(66)) - Pipeline destroy failed for pipeline=PipelineID=c13b24b2-9c43-4bb4-8ff8-169a4988e437 dn=2d4da40c-dd43-4554-9707-f6503cf38c80{ip: 192.168.34.8, host: pr-hdds-1879-pbs75-1821932185, networkLocation: /default-rack, certSerialId: null}
2019-09-12 04:21:57,940 [grpc-default-executor-11] INFO  impl.RaftServerProxy (RaftServerProxy.java:remove(95)) - a413c2ef-7abc-47d7-b263-b9548e673ba5: remove group-169A4988E437:null
2019-09-12 04:21:57,942 [RatisPipelineUtilsThread] WARN  pipeline.RatisPipelineUtils (RatisPipelineUtils.java:destroyPipeline(66)) - Pipeline destroy failed for pipeline=PipelineID=c13b24b2-9c43-4bb4-8ff8-169a4988e437 dn=a413c2ef-7abc-47d7-b263-b9548e673ba5{ip: 192.168.34.8, host: pr-hdds-1879-pbs75-1821932185, networkLocation: /default-rack, certSerialId: null}
2019-09-12 04:21:57,942 [RatisPipelineUtilsThread] ERROR pipeline.SCMPipelineManager (Scheduler.java:lambda$schedule$1(70)) - Destroy pipeline failed for pipeline:Pipeline[ Id: c13b24b2-9c43-4bb4-8ff8-169a4988e437, Nodes: f3263f9a-ef6c-4ff4-a6b2-5a62e946b753{ip: 192.168.34.8, host: pr-hdds-1879-pbs75-1821932185, networkLocation: /default-rack, certSerialId: null}2d4da40c-dd43-4554-9707-f6503cf38c80{ip: 192.168.34.8, host: pr-hdds-1879-pbs75-1821932185, networkLocation: /default-rack, certSerialId: null}a413c2ef-7abc-47d7-b263-b9548e673ba5{ip: 192.168.34.8, host: pr-hdds-1879-pbs75-1821932185, networkLocation: /default-rack, certSerialId: null}, Type:RATIS, Factor:THREE, State:CLOSED]
org.apache.hadoop.hdds.scm.pipeline.PipelineNotFoundException: PipelineID=c13b24b2-9c43-4bb4-8ff8-169a4988e437 not found
	at org.apache.hadoop.hdds.scm.pipeline.PipelineStateMap.getPipeline(PipelineStateMap.java:132)
	at org.apache.hadoop.hdds.scm.pipeline.PipelineStateMap.removePipeline(PipelineStateMap.java:322)
	at org.apache.hadoop.hdds.scm.pipeline.PipelineStateManager.removePipeline(PipelineStateManager.java:107)
	at org.apache.hadoop.hdds.scm.pipeline.SCMPipelineManager.removePipeline(SCMPipelineManager.java:423)
	at org.apache.hadoop.hdds.scm.pipeline.SCMPipelineManager.destroyPipeline(SCMPipelineManager.java:409)
	at org.apache.hadoop.hdds.scm.pipeline.SCMPipelineManager.lambda$finalizeAndDestroyPipeline$0(SCMPipelineManager.java:318)
	at org.apache.hadoop.utils.Scheduler.lambda$schedule$1(Scheduler.java:68)
	at java.util.concurrent.Executors$RunnableAdapter.call(Executors.java:511)
	at java.util.concurrent.FutureTask.run(FutureTask.java:266)
	at java.util.concurrent.ScheduledThreadPoolExecutor$ScheduledFutureTask.access$201(ScheduledThreadPoolExecutor.java:180)
	at java.util.concurrent.ScheduledThreadPoolExecutor$ScheduledFutureTask.run(ScheduledThreadPoolExecutor.java:293)
	at java.util.concurrent.ThreadPoolExecutor.runWorker(ThreadPoolExecutor.java:1149)
	at java.util.concurrent.ThreadPoolExecutor$Worker.run(ThreadPoolExecutor.java:624)
	at java.lang.Thread.run(Thread.java:748)
2019-09-12 04:21:59,256 [java.util.concurrent.ThreadPoolExecutor$Worker@73f1de88[State = -1, empty queue]] WARN  server.GrpcLogAppender (GrpcLogAppender.java:timeoutAppendRequest(200)) - 2d4da40c-dd43-4554-9707-f6503cf38c80@group-6D8373F8491B->a413c2ef-7abc-47d7-b263-b9548e673ba5-GrpcLogAppender: appendEntries Timeout, request=2d4da40c-dd43-4554-9707-f6503cf38c80->a413c2ef-7abc-47d7-b263-b9548e673ba5#35-t1, previous=(t:1, i:20), leaderCommit=16, initializing? false, entries: <empty>
2019-09-12 04:21:59,256 [java.util.concurrent.ThreadPoolExecutor$Worker@2fea0fa2[State = -1, empty queue]] WARN  server.GrpcLogAppender (GrpcLogAppender.java:timeoutAppendRequest(200)) - 2d4da40c-dd43-4554-9707-f6503cf38c80@group-6D8373F8491B->f3263f9a-ef6c-4ff4-a6b2-5a62e946b753-GrpcLogAppender: appendEntries Timeout, request=2d4da40c-dd43-4554-9707-f6503cf38c80->f3263f9a-ef6c-4ff4-a6b2-5a62e946b753#35-t1, previous=(t:1, i:20), leaderCommit=16, initializing? false, entries: <empty>
2019-09-12 04:22:00,931 [grpc-default-executor-11] INFO  impl.RaftServerProxy (RaftServerProxy.java:remove(95)) - f3263f9a-ef6c-4ff4-a6b2-5a62e946b753: remove group-169A4988E437:null
2019-09-12 04:22:00,934 [RatisPipelineUtilsThread] WARN  pipeline.RatisPipelineUtils (RatisPipelineUtils.java:destroyPipeline(66)) - Pipeline destroy failed for pipeline=PipelineID=c13b24b2-9c43-4bb4-8ff8-169a4988e437 dn=f3263f9a-ef6c-4ff4-a6b2-5a62e946b753{ip: 192.168.34.8, host: pr-hdds-1879-pbs75-1821932185, networkLocation: /default-rack, certSerialId: null}
2019-09-12 04:22:00,936 [grpc-default-executor-11] INFO  impl.RaftServerProxy (RaftServerProxy.java:remove(95)) - 2d4da40c-dd43-4554-9707-f6503cf38c80: remove group-169A4988E437:null
2019-09-12 04:22:00,938 [RatisPipelineUtilsThread] WARN  pipeline.RatisPipelineUtils (RatisPipelineUtils.java:destroyPipeline(66)) - Pipeline destroy failed for pipeline=PipelineID=c13b24b2-9c43-4bb4-8ff8-169a4988e437 dn=2d4da40c-dd43-4554-9707-f6503cf38c80{ip: 192.168.34.8, host: pr-hdds-1879-pbs75-1821932185, networkLocation: /default-rack, certSerialId: null}
2019-09-12 04:22:00,941 [grpc-default-executor-11] INFO  impl.RaftServerProxy (RaftServerProxy.java:remove(95)) - a413c2ef-7abc-47d7-b263-b9548e673ba5: remove group-169A4988E437:null
2019-09-12 04:22:00,943 [RatisPipelineUtilsThread] WARN  pipeline.RatisPipelineUtils (RatisPipelineUtils.java:destroyPipeline(66)) - Pipeline destroy failed for pipeline=PipelineID=c13b24b2-9c43-4bb4-8ff8-169a4988e437 dn=a413c2ef-7abc-47d7-b263-b9548e673ba5{ip: 192.168.34.8, host: pr-hdds-1879-pbs75-1821932185, networkLocation: /default-rack, certSerialId: null}
2019-09-12 04:22:00,943 [RatisPipelineUtilsThread] ERROR pipeline.SCMPipelineManager (Scheduler.java:lambda$schedule$1(70)) - Destroy pipeline failed for pipeline:Pipeline[ Id: c13b24b2-9c43-4bb4-8ff8-169a4988e437, Nodes: f3263f9a-ef6c-4ff4-a6b2-5a62e946b753{ip: 192.168.34.8, host: pr-hdds-1879-pbs75-1821932185, networkLocation: /default-rack, certSerialId: null}2d4da40c-dd43-4554-9707-f6503cf38c80{ip: 192.168.34.8, host: pr-hdds-1879-pbs75-1821932185, networkLocation: /default-rack, certSerialId: null}a413c2ef-7abc-47d7-b263-b9548e673ba5{ip: 192.168.34.8, host: pr-hdds-1879-pbs75-1821932185, networkLocation: /default-rack, certSerialId: null}, Type:RATIS, Factor:THREE, State:CLOSED]
org.apache.hadoop.hdds.scm.pipeline.PipelineNotFoundException: PipelineID=c13b24b2-9c43-4bb4-8ff8-169a4988e437 not found
	at org.apache.hadoop.hdds.scm.pipeline.PipelineStateMap.getPipeline(PipelineStateMap.java:132)
	at org.apache.hadoop.hdds.scm.pipeline.PipelineStateMap.removePipeline(PipelineStateMap.java:322)
	at org.apache.hadoop.hdds.scm.pipeline.PipelineStateManager.removePipeline(PipelineStateManager.java:107)
	at org.apache.hadoop.hdds.scm.pipeline.SCMPipelineManager.removePipeline(SCMPipelineManager.java:423)
	at org.apache.hadoop.hdds.scm.pipeline.SCMPipelineManager.destroyPipeline(SCMPipelineManager.java:409)
	at org.apache.hadoop.hdds.scm.pipeline.SCMPipelineManager.lambda$finalizeAndDestroyPipeline$0(SCMPipelineManager.java:318)
	at org.apache.hadoop.utils.Scheduler.lambda$schedule$1(Scheduler.java:68)
	at java.util.concurrent.Executors$RunnableAdapter.call(Executors.java:511)
	at java.util.concurrent.FutureTask.run(FutureTask.java:266)
	at java.util.concurrent.ScheduledThreadPoolExecutor$ScheduledFutureTask.access$201(ScheduledThreadPoolExecutor.java:180)
	at java.util.concurrent.ScheduledThreadPoolExecutor$ScheduledFutureTask.run(ScheduledThreadPoolExecutor.java:293)
	at java.util.concurrent.ThreadPoolExecutor.runWorker(ThreadPoolExecutor.java:1149)
	at java.util.concurrent.ThreadPoolExecutor$Worker.run(ThreadPoolExecutor.java:624)
	at java.lang.Thread.run(Thread.java:748)
2019-09-12 04:22:01,247 [2d4da40c-dd43-4554-9707-f6503cf38c80@group-6D8373F8491B-SegmentedRaftLogWorker] WARN  segmented.SegmentedRaftLogWorker (SegmentedRaftLogWorker.java:getFromFuture(90)) - Timeout 3/~
org.apache.ratis.protocol.TimeoutIOException: Timeout 10s: WriteLog:17: (t:1, i:17), STATEMACHINELOGENTRY, client-70E987BF850D, cid=298-writeStateMachineData
	at org.apache.ratis.util.IOUtils.getFromFuture(IOUtils.java:87)
	at org.apache.ratis.server.raftlog.segmented.SegmentedRaftLogWorker$StateMachineDataPolicy.getFromFuture(SegmentedRaftLogWorker.java:87)
	at org.apache.ratis.server.raftlog.segmented.SegmentedRaftLogWorker$WriteLog.execute(SegmentedRaftLogWorker.java:477)
	at org.apache.ratis.server.raftlog.segmented.SegmentedRaftLogWorker.run(SegmentedRaftLogWorker.java:289)
	at java.lang.Thread.run(Thread.java:748)
Caused by: java.util.concurrent.TimeoutException
	at java.util.concurrent.CompletableFuture.timedGet(CompletableFuture.java:1771)
	at java.util.concurrent.CompletableFuture.get(CompletableFuture.java:1915)
	at org.apache.ratis.util.IOUtils.getFromFuture(IOUtils.java:79)
	... 4 more
2019-09-12 04:22:01,251 [a413c2ef-7abc-47d7-b263-b9548e673ba5@group-6D8373F8491B-SegmentedRaftLogWorker] WARN  segmented.SegmentedRaftLogWorker (SegmentedRaftLogWorker.java:getFromFuture(90)) - Timeout 3/~
org.apache.ratis.protocol.TimeoutIOException: Timeout 10s: WriteLog:17: (t:1, i:17), STATEMACHINELOGENTRY, client-70E987BF850D, cid=298-writeStateMachineData
	at org.apache.ratis.util.IOUtils.getFromFuture(IOUtils.java:87)
	at org.apache.ratis.server.raftlog.segmented.SegmentedRaftLogWorker$StateMachineDataPolicy.getFromFuture(SegmentedRaftLogWorker.java:87)
	at org.apache.ratis.server.raftlog.segmented.SegmentedRaftLogWorker$WriteLog.execute(SegmentedRaftLogWorker.java:477)
	at org.apache.ratis.server.raftlog.segmented.SegmentedRaftLogWorker.run(SegmentedRaftLogWorker.java:289)
	at java.lang.Thread.run(Thread.java:748)
Caused by: java.util.concurrent.TimeoutException
	at java.util.concurrent.CompletableFuture.timedGet(CompletableFuture.java:1771)
	at java.util.concurrent.CompletableFuture.get(CompletableFuture.java:1915)
	at org.apache.ratis.util.IOUtils.getFromFuture(IOUtils.java:79)
	... 4 more
2019-09-12 04:22:01,434 [f3263f9a-ef6c-4ff4-a6b2-5a62e946b753@group-6D8373F8491B-SegmentedRaftLogWorker] WARN  segmented.SegmentedRaftLogWorker (SegmentedRaftLogWorker.java:getFromFuture(90)) - Timeout 3/~
org.apache.ratis.protocol.TimeoutIOException: Timeout 10s: WriteLog:19: (t:1, i:19), STATEMACHINELOGENTRY, client-70E987BF850D, cid=300-writeStateMachineData
	at org.apache.ratis.util.IOUtils.getFromFuture(IOUtils.java:87)
	at org.apache.ratis.server.raftlog.segmented.SegmentedRaftLogWorker$StateMachineDataPolicy.getFromFuture(SegmentedRaftLogWorker.java:87)
	at org.apache.ratis.server.raftlog.segmented.SegmentedRaftLogWorker$WriteLog.execute(SegmentedRaftLogWorker.java:477)
	at org.apache.ratis.server.raftlog.segmented.SegmentedRaftLogWorker.run(SegmentedRaftLogWorker.java:289)
	at java.lang.Thread.run(Thread.java:748)
Caused by: java.util.concurrent.TimeoutException
	at java.util.concurrent.CompletableFuture.timedGet(CompletableFuture.java:1771)
	at java.util.concurrent.CompletableFuture.get(CompletableFuture.java:1915)
	at org.apache.ratis.util.IOUtils.getFromFuture(IOUtils.java:79)
	... 4 more
2019-09-12 04:22:01,644 [grpc-default-executor-14] INFO  client.GrpcClientProtocolClient (GrpcClientProtocolClient.java:onNext(264)) - client-70E987BF850D->a413c2ef-7abc-47d7-b263-b9548e673ba5: receive RaftClientReply:client-70E987BF850D->a413c2ef-7abc-47d7-b263-b9548e673ba5@group-6D8373F8491B, cid=298, FAILED org.apache.ratis.protocol.NotLeaderException: Server a413c2ef-7abc-47d7-b263-b9548e673ba5@group-6D8373F8491B is not the leader 2d4da40c-dd43-4554-9707-f6503cf38c80:192.168.34.8:45634, logIndex=0, commits[a413c2ef-7abc-47d7-b263-b9548e673ba5:c16, 2d4da40c-dd43-4554-9707-f6503cf38c80:c16, f3263f9a-ef6c-4ff4-a6b2-5a62e946b753:c12]
2019-09-12 04:22:01,756 [java.util.concurrent.ThreadPoolExecutor$Worker@2fea0fa2[State = -1, empty queue]] WARN  server.GrpcLogAppender (GrpcLogAppender.java:timeoutAppendRequest(200)) - 2d4da40c-dd43-4554-9707-f6503cf38c80@group-6D8373F8491B->f3263f9a-ef6c-4ff4-a6b2-5a62e946b753-GrpcLogAppender: appendEntries Timeout, request=2d4da40c-dd43-4554-9707-f6503cf38c80->f3263f9a-ef6c-4ff4-a6b2-5a62e946b753#36-t1, previous=(t:1, i:20), leaderCommit=16, initializing? false, entries: <empty>
2019-09-12 04:22:01,756 [java.util.concurrent.ThreadPoolExecutor$Worker@73f1de88[State = -1, empty queue]] WARN  server.GrpcLogAppender (GrpcLogAppender.java:timeoutAppendRequest(200)) - 2d4da40c-dd43-4554-9707-f6503cf38c80@group-6D8373F8491B->a413c2ef-7abc-47d7-b263-b9548e673ba5-GrpcLogAppender: appendEntries Timeout, request=2d4da40c-dd43-4554-9707-f6503cf38c80->a413c2ef-7abc-47d7-b263-b9548e673ba5#36-t1, previous=(t:1, i:20), leaderCommit=16, initializing? false, entries: <empty>
2019-09-12 04:22:02,929 [grpc-default-executor-6] INFO  impl.RaftServerProxy (RaftServerProxy.java:remove(95)) - f3263f9a-ef6c-4ff4-a6b2-5a62e946b753: remove group-169A4988E437:null
2019-09-12 04:22:02,932 [RatisPipelineUtilsThread] WARN  pipeline.RatisPipelineUtils (RatisPipelineUtils.java:destroyPipeline(66)) - Pipeline destroy failed for pipeline=PipelineID=c13b24b2-9c43-4bb4-8ff8-169a4988e437 dn=f3263f9a-ef6c-4ff4-a6b2-5a62e946b753{ip: 192.168.34.8, host: pr-hdds-1879-pbs75-1821932185, networkLocation: /default-rack, certSerialId: null}
2019-09-12 04:22:02,934 [grpc-default-executor-6] INFO  impl.RaftServerProxy (RaftServerProxy.java:remove(95)) - 2d4da40c-dd43-4554-9707-f6503cf38c80: remove group-169A4988E437:null
2019-09-12 04:22:02,936 [RatisPipelineUtilsThread] WARN  pipeline.RatisPipelineUtils (RatisPipelineUtils.java:destroyPipeline(66)) - Pipeline destroy failed for pipeline=PipelineID=c13b24b2-9c43-4bb4-8ff8-169a4988e437 dn=2d4da40c-dd43-4554-9707-f6503cf38c80{ip: 192.168.34.8, host: pr-hdds-1879-pbs75-1821932185, networkLocation: /default-rack, certSerialId: null}
2019-09-12 04:22:02,938 [grpc-default-executor-6] INFO  impl.RaftServerProxy (RaftServerProxy.java:remove(95)) - a413c2ef-7abc-47d7-b263-b9548e673ba5: remove group-169A4988E437:null
2019-09-12 04:22:02,941 [RatisPipelineUtilsThread] WARN  pipeline.RatisPipelineUtils (RatisPipelineUtils.java:destroyPipeline(66)) - Pipeline destroy failed for pipeline=PipelineID=c13b24b2-9c43-4bb4-8ff8-169a4988e437 dn=a413c2ef-7abc-47d7-b263-b9548e673ba5{ip: 192.168.34.8, host: pr-hdds-1879-pbs75-1821932185, networkLocation: /default-rack, certSerialId: null}
2019-09-12 04:22:02,941 [RatisPipelineUtilsThread] ERROR pipeline.SCMPipelineManager (Scheduler.java:lambda$schedule$1(70)) - Destroy pipeline failed for pipeline:Pipeline[ Id: c13b24b2-9c43-4bb4-8ff8-169a4988e437, Nodes: f3263f9a-ef6c-4ff4-a6b2-5a62e946b753{ip: 192.168.34.8, host: pr-hdds-1879-pbs75-1821932185, networkLocation: /default-rack, certSerialId: null}2d4da40c-dd43-4554-9707-f6503cf38c80{ip: 192.168.34.8, host: pr-hdds-1879-pbs75-1821932185, networkLocation: /default-rack, certSerialId: null}a413c2ef-7abc-47d7-b263-b9548e673ba5{ip: 192.168.34.8, host: pr-hdds-1879-pbs75-1821932185, networkLocation: /default-rack, certSerialId: null}, Type:RATIS, Factor:THREE, State:CLOSED]
org.apache.hadoop.hdds.scm.pipeline.PipelineNotFoundException: PipelineID=c13b24b2-9c43-4bb4-8ff8-169a4988e437 not found
	at org.apache.hadoop.hdds.scm.pipeline.PipelineStateMap.getPipeline(PipelineStateMap.java:132)
	at org.apache.hadoop.hdds.scm.pipeline.PipelineStateMap.removePipeline(PipelineStateMap.java:322)
	at org.apache.hadoop.hdds.scm.pipeline.PipelineStateManager.removePipeline(PipelineStateManager.java:107)
	at org.apache.hadoop.hdds.scm.pipeline.SCMPipelineManager.removePipeline(SCMPipelineManager.java:423)
	at org.apache.hadoop.hdds.scm.pipeline.SCMPipelineManager.destroyPipeline(SCMPipelineManager.java:409)
	at org.apache.hadoop.hdds.scm.pipeline.SCMPipelineManager.lambda$finalizeAndDestroyPipeline$0(SCMPipelineManager.java:318)
	at org.apache.hadoop.utils.Scheduler.lambda$schedule$1(Scheduler.java:68)
	at java.util.concurrent.Executors$RunnableAdapter.call(Executors.java:511)
	at java.util.concurrent.FutureTask.run(FutureTask.java:266)
	at java.util.concurrent.ScheduledThreadPoolExecutor$ScheduledFutureTask.access$201(ScheduledThreadPoolExecutor.java:180)
	at java.util.concurrent.ScheduledThreadPoolExecutor$ScheduledFutureTask.run(ScheduledThreadPoolExecutor.java:293)
	at java.util.concurrent.ThreadPoolExecutor.runWorker(ThreadPoolExecutor.java:1149)
	at java.util.concurrent.ThreadPoolExecutor$Worker.run(ThreadPoolExecutor.java:624)
	at java.lang.Thread.run(Thread.java:748)
2019-09-12 04:22:04,257 [java.util.concurrent.ThreadPoolExecutor$Worker@73f1de88[State = -1, empty queue]] WARN  server.GrpcLogAppender (GrpcLogAppender.java:timeoutAppendRequest(200)) - 2d4da40c-dd43-4554-9707-f6503cf38c80@group-6D8373F8491B->a413c2ef-7abc-47d7-b263-b9548e673ba5-GrpcLogAppender: appendEntries Timeout, request=2d4da40c-dd43-4554-9707-f6503cf38c80->a413c2ef-7abc-47d7-b263-b9548e673ba5#37-t1, previous=(t:1, i:20), leaderCommit=16, initializing? false, entries: <empty>
2019-09-12 04:22:04,257 [java.util.concurrent.ThreadPoolExecutor$Worker@2fea0fa2[State = -1, empty queue]] WARN  server.GrpcLogAppender (GrpcLogAppender.java:timeoutAppendRequest(200)) - 2d4da40c-dd43-4554-9707-f6503cf38c80@group-6D8373F8491B->f3263f9a-ef6c-4ff4-a6b2-5a62e946b753-GrpcLogAppender: appendEntries Timeout, request=2d4da40c-dd43-4554-9707-f6503cf38c80->f3263f9a-ef6c-4ff4-a6b2-5a62e946b753#37-t1, previous=(t:1, i:20), leaderCommit=16, initializing? false, entries: <empty>
2019-09-12 04:22:05,930 [grpc-default-executor-6] INFO  impl.RaftServerProxy (RaftServerProxy.java:remove(95)) - f3263f9a-ef6c-4ff4-a6b2-5a62e946b753: remove group-169A4988E437:null
2019-09-12 04:22:05,933 [RatisPipelineUtilsThread] WARN  pipeline.RatisPipelineUtils (RatisPipelineUtils.java:destroyPipeline(66)) - Pipeline destroy failed for pipeline=PipelineID=c13b24b2-9c43-4bb4-8ff8-169a4988e437 dn=f3263f9a-ef6c-4ff4-a6b2-5a62e946b753{ip: 192.168.34.8, host: pr-hdds-1879-pbs75-1821932185, networkLocation: /default-rack, certSerialId: null}
2019-09-12 04:22:05,935 [grpc-default-executor-6] INFO  impl.RaftServerProxy (RaftServerProxy.java:remove(95)) - 2d4da40c-dd43-4554-9707-f6503cf38c80: remove group-169A4988E437:null
2019-09-12 04:22:05,936 [RatisPipelineUtilsThread] WARN  pipeline.RatisPipelineUtils (RatisPipelineUtils.java:destroyPipeline(66)) - Pipeline destroy failed for pipeline=PipelineID=c13b24b2-9c43-4bb4-8ff8-169a4988e437 dn=2d4da40c-dd43-4554-9707-f6503cf38c80{ip: 192.168.34.8, host: pr-hdds-1879-pbs75-1821932185, networkLocation: /default-rack, certSerialId: null}
2019-09-12 04:22:05,938 [grpc-default-executor-6] INFO  impl.RaftServerProxy (RaftServerProxy.java:remove(95)) - a413c2ef-7abc-47d7-b263-b9548e673ba5: remove group-169A4988E437:null
2019-09-12 04:22:05,940 [RatisPipelineUtilsThread] WARN  pipeline.RatisPipelineUtils (RatisPipelineUtils.java:destroyPipeline(66)) - Pipeline destroy failed for pipeline=PipelineID=c13b24b2-9c43-4bb4-8ff8-169a4988e437 dn=a413c2ef-7abc-47d7-b263-b9548e673ba5{ip: 192.168.34.8, host: pr-hdds-1879-pbs75-1821932185, networkLocation: /default-rack, certSerialId: null}
2019-09-12 04:22:05,941 [RatisPipelineUtilsThread] ERROR pipeline.SCMPipelineManager (Scheduler.java:lambda$schedule$1(70)) - Destroy pipeline failed for pipeline:Pipeline[ Id: c13b24b2-9c43-4bb4-8ff8-169a4988e437, Nodes: f3263f9a-ef6c-4ff4-a6b2-5a62e946b753{ip: 192.168.34.8, host: pr-hdds-1879-pbs75-1821932185, networkLocation: /default-rack, certSerialId: null}2d4da40c-dd43-4554-9707-f6503cf38c80{ip: 192.168.34.8, host: pr-hdds-1879-pbs75-1821932185, networkLocation: /default-rack, certSerialId: null}a413c2ef-7abc-47d7-b263-b9548e673ba5{ip: 192.168.34.8, host: pr-hdds-1879-pbs75-1821932185, networkLocation: /default-rack, certSerialId: null}, Type:RATIS, Factor:THREE, State:CLOSED]
org.apache.hadoop.hdds.scm.pipeline.PipelineNotFoundException: PipelineID=c13b24b2-9c43-4bb4-8ff8-169a4988e437 not found
	at org.apache.hadoop.hdds.scm.pipeline.PipelineStateMap.getPipeline(PipelineStateMap.java:132)
	at org.apache.hadoop.hdds.scm.pipeline.PipelineStateMap.removePipeline(PipelineStateMap.java:322)
	at org.apache.hadoop.hdds.scm.pipeline.PipelineStateManager.removePipeline(PipelineStateManager.java:107)
	at org.apache.hadoop.hdds.scm.pipeline.SCMPipelineManager.removePipeline(SCMPipelineManager.java:423)
	at org.apache.hadoop.hdds.scm.pipeline.SCMPipelineManager.destroyPipeline(SCMPipelineManager.java:409)
	at org.apache.hadoop.hdds.scm.pipeline.SCMPipelineManager.lambda$finalizeAndDestroyPipeline$0(SCMPipelineManager.java:318)
	at org.apache.hadoop.utils.Scheduler.lambda$schedule$1(Scheduler.java:68)
	at java.util.concurrent.Executors$RunnableAdapter.call(Executors.java:511)
	at java.util.concurrent.FutureTask.run(FutureTask.java:266)
	at java.util.concurrent.ScheduledThreadPoolExecutor$ScheduledFutureTask.access$201(ScheduledThreadPoolExecutor.java:180)
	at java.util.concurrent.ScheduledThreadPoolExecutor$ScheduledFutureTask.run(ScheduledThreadPoolExecutor.java:293)
	at java.util.concurrent.ThreadPoolExecutor.runWorker(ThreadPoolExecutor.java:1149)
	at java.util.concurrent.ThreadPoolExecutor$Worker.run(ThreadPoolExecutor.java:624)
	at java.lang.Thread.run(Thread.java:748)
2019-09-12 04:22:06,686 [grpc-default-executor-11] INFO  client.GrpcClientProtocolClient (GrpcClientProtocolClient.java:onNext(264)) - client-70E987BF850D->a413c2ef-7abc-47d7-b263-b9548e673ba5: receive RaftClientReply:client-70E987BF850D->a413c2ef-7abc-47d7-b263-b9548e673ba5@group-6D8373F8491B, cid=298, FAILED org.apache.ratis.protocol.NotLeaderException: Server a413c2ef-7abc-47d7-b263-b9548e673ba5@group-6D8373F8491B is not the leader 2d4da40c-dd43-4554-9707-f6503cf38c80:192.168.34.8:45634, logIndex=0, commits[a413c2ef-7abc-47d7-b263-b9548e673ba5:c16, 2d4da40c-dd43-4554-9707-f6503cf38c80:c16, f3263f9a-ef6c-4ff4-a6b2-5a62e946b753:c12]
2019-09-12 04:22:06,757 [java.util.concurrent.ThreadPoolExecutor$Worker@2fea0fa2[State = -1, empty queue]] WARN  server.GrpcLogAppender (GrpcLogAppender.java:timeoutAppendRequest(200)) - 2d4da40c-dd43-4554-9707-f6503cf38c80@group-6D8373F8491B->f3263f9a-ef6c-4ff4-a6b2-5a62e946b753-GrpcLogAppender: appendEntries Timeout, request=2d4da40c-dd43-4554-9707-f6503cf38c80->f3263f9a-ef6c-4ff4-a6b2-5a62e946b753#38-t1, previous=(t:1, i:20), leaderCommit=16, initializing? false, entries: <empty>
2019-09-12 04:22:06,757 [java.util.concurrent.ThreadPoolExecutor$Worker@73f1de88[State = -1, empty queue]] WARN  server.GrpcLogAppender (GrpcLogAppender.java:timeoutAppendRequest(200)) - 2d4da40c-dd43-4554-9707-f6503cf38c80@group-6D8373F8491B->a413c2ef-7abc-47d7-b263-b9548e673ba5-GrpcLogAppender: appendEntries Timeout, request=2d4da40c-dd43-4554-9707-f6503cf38c80->a413c2ef-7abc-47d7-b263-b9548e673ba5#38-t1, previous=(t:1, i:20), leaderCommit=16, initializing? false, entries: <empty>
2019-09-12 04:22:07,931 [grpc-default-executor-6] INFO  impl.RaftServerProxy (RaftServerProxy.java:remove(95)) - f3263f9a-ef6c-4ff4-a6b2-5a62e946b753: remove group-169A4988E437:null
2019-09-12 04:22:07,934 [RatisPipelineUtilsThread] WARN  pipeline.RatisPipelineUtils (RatisPipelineUtils.java:destroyPipeline(66)) - Pipeline destroy failed for pipeline=PipelineID=c13b24b2-9c43-4bb4-8ff8-169a4988e437 dn=f3263f9a-ef6c-4ff4-a6b2-5a62e946b753{ip: 192.168.34.8, host: pr-hdds-1879-pbs75-1821932185, networkLocation: /default-rack, certSerialId: null}
2019-09-12 04:22:07,936 [grpc-default-executor-6] INFO  impl.RaftServerProxy (RaftServerProxy.java:remove(95)) - 2d4da40c-dd43-4554-9707-f6503cf38c80: remove group-169A4988E437:null
2019-09-12 04:22:07,938 [RatisPipelineUtilsThread] WARN  pipeline.RatisPipelineUtils (RatisPipelineUtils.java:destroyPipeline(66)) - Pipeline destroy failed for pipeline=PipelineID=c13b24b2-9c43-4bb4-8ff8-169a4988e437 dn=2d4da40c-dd43-4554-9707-f6503cf38c80{ip: 192.168.34.8, host: pr-hdds-1879-pbs75-1821932185, networkLocation: /default-rack, certSerialId: null}
2019-09-12 04:22:07,940 [grpc-default-executor-6] INFO  impl.RaftServerProxy (RaftServerProxy.java:remove(95)) - a413c2ef-7abc-47d7-b263-b9548e673ba5: remove group-169A4988E437:null
2019-09-12 04:22:07,942 [RatisPipelineUtilsThread] WARN  pipeline.RatisPipelineUtils (RatisPipelineUtils.java:destroyPipeline(66)) - Pipeline destroy failed for pipeline=PipelineID=c13b24b2-9c43-4bb4-8ff8-169a4988e437 dn=a413c2ef-7abc-47d7-b263-b9548e673ba5{ip: 192.168.34.8, host: pr-hdds-1879-pbs75-1821932185, networkLocation: /default-rack, certSerialId: null}
2019-09-12 04:22:07,942 [RatisPipelineUtilsThread] ERROR pipeline.SCMPipelineManager (Scheduler.java:lambda$schedule$1(70)) - Destroy pipeline failed for pipeline:Pipeline[ Id: c13b24b2-9c43-4bb4-8ff8-169a4988e437, Nodes: f3263f9a-ef6c-4ff4-a6b2-5a62e946b753{ip: 192.168.34.8, host: pr-hdds-1879-pbs75-1821932185, networkLocation: /default-rack, certSerialId: null}2d4da40c-dd43-4554-9707-f6503cf38c80{ip: 192.168.34.8, host: pr-hdds-1879-pbs75-1821932185, networkLocation: /default-rack, certSerialId: null}a413c2ef-7abc-47d7-b263-b9548e673ba5{ip: 192.168.34.8, host: pr-hdds-1879-pbs75-1821932185, networkLocation: /default-rack, certSerialId: null}, Type:RATIS, Factor:THREE, State:CLOSED]
org.apache.hadoop.hdds.scm.pipeline.PipelineNotFoundException: PipelineID=c13b24b2-9c43-4bb4-8ff8-169a4988e437 not found
	at org.apache.hadoop.hdds.scm.pipeline.PipelineStateMap.getPipeline(PipelineStateMap.java:132)
	at org.apache.hadoop.hdds.scm.pipeline.PipelineStateMap.removePipeline(PipelineStateMap.java:322)
	at org.apache.hadoop.hdds.scm.pipeline.PipelineStateManager.removePipeline(PipelineStateManager.java:107)
	at org.apache.hadoop.hdds.scm.pipeline.SCMPipelineManager.removePipeline(SCMPipelineManager.java:423)
	at org.apache.hadoop.hdds.scm.pipeline.SCMPipelineManager.destroyPipeline(SCMPipelineManager.java:409)
	at org.apache.hadoop.hdds.scm.pipeline.SCMPipelineManager.lambda$finalizeAndDestroyPipeline$0(SCMPipelineManager.java:318)
	at org.apache.hadoop.utils.Scheduler.lambda$schedule$1(Scheduler.java:68)
	at java.util.concurrent.Executors$RunnableAdapter.call(Executors.java:511)
	at java.util.concurrent.FutureTask.run(FutureTask.java:266)
	at java.util.concurrent.ScheduledThreadPoolExecutor$ScheduledFutureTask.access$201(ScheduledThreadPoolExecutor.java:180)
	at java.util.concurrent.ScheduledThreadPoolExecutor$ScheduledFutureTask.run(ScheduledThreadPoolExecutor.java:293)
	at java.util.concurrent.ThreadPoolExecutor.runWorker(ThreadPoolExecutor.java:1149)
	at java.util.concurrent.ThreadPoolExecutor$Worker.run(ThreadPoolExecutor.java:624)
	at java.lang.Thread.run(Thread.java:748)
2019-09-12 04:22:09,257 [java.util.concurrent.ThreadPoolExecutor$Worker@73f1de88[State = -1, empty queue]] WARN  server.GrpcLogAppender (GrpcLogAppender.java:timeoutAppendRequest(200)) - 2d4da40c-dd43-4554-9707-f6503cf38c80@group-6D8373F8491B->a413c2ef-7abc-47d7-b263-b9548e673ba5-GrpcLogAppender: appendEntries Timeout, request=2d4da40c-dd43-4554-9707-f6503cf38c80->a413c2ef-7abc-47d7-b263-b9548e673ba5#39-t1, previous=(t:1, i:20), leaderCommit=16, initializing? false, entries: <empty>
2019-09-12 04:22:09,257 [java.util.concurrent.ThreadPoolExecutor$Worker@2fea0fa2[State = -1, empty queue]] WARN  server.GrpcLogAppender (GrpcLogAppender.java:timeoutAppendRequest(200)) - 2d4da40c-dd43-4554-9707-f6503cf38c80@group-6D8373F8491B->f3263f9a-ef6c-4ff4-a6b2-5a62e946b753-GrpcLogAppender: appendEntries Timeout, request=2d4da40c-dd43-4554-9707-f6503cf38c80->f3263f9a-ef6c-4ff4-a6b2-5a62e946b753#39-t1, previous=(t:1, i:20), leaderCommit=16, initializing? false, entries: <empty>
2019-09-12 04:22:10,930 [grpc-default-executor-6] INFO  impl.RaftServerProxy (RaftServerProxy.java:remove(95)) - f3263f9a-ef6c-4ff4-a6b2-5a62e946b753: remove group-169A4988E437:null
2019-09-12 04:22:10,933 [RatisPipelineUtilsThread] WARN  pipeline.RatisPipelineUtils (RatisPipelineUtils.java:destroyPipeline(66)) - Pipeline destroy failed for pipeline=PipelineID=c13b24b2-9c43-4bb4-8ff8-169a4988e437 dn=f3263f9a-ef6c-4ff4-a6b2-5a62e946b753{ip: 192.168.34.8, host: pr-hdds-1879-pbs75-1821932185, networkLocation: /default-rack, certSerialId: null}
2019-09-12 04:22:10,937 [grpc-default-executor-6] INFO  impl.RaftServerProxy (RaftServerProxy.java:remove(95)) - 2d4da40c-dd43-4554-9707-f6503cf38c80: remove group-169A4988E437:null
2019-09-12 04:22:10,939 [RatisPipelineUtilsThread] WARN  pipeline.RatisPipelineUtils (RatisPipelineUtils.java:destroyPipeline(66)) - Pipeline destroy failed for pipeline=PipelineID=c13b24b2-9c43-4bb4-8ff8-169a4988e437 dn=2d4da40c-dd43-4554-9707-f6503cf38c80{ip: 192.168.34.8, host: pr-hdds-1879-pbs75-1821932185, networkLocation: /default-rack, certSerialId: null}
2019-09-12 04:22:10,941 [grpc-default-executor-6] INFO  impl.RaftServerProxy (RaftServerProxy.java:remove(95)) - a413c2ef-7abc-47d7-b263-b9548e673ba5: remove group-169A4988E437:null
2019-09-12 04:22:10,943 [RatisPipelineUtilsThread] WARN  pipeline.RatisPipelineUtils (RatisPipelineUtils.java:destroyPipeline(66)) - Pipeline destroy failed for pipeline=PipelineID=c13b24b2-9c43-4bb4-8ff8-169a4988e437 dn=a413c2ef-7abc-47d7-b263-b9548e673ba5{ip: 192.168.34.8, host: pr-hdds-1879-pbs75-1821932185, networkLocation: /default-rack, certSerialId: null}
2019-09-12 04:22:10,943 [RatisPipelineUtilsThread] ERROR pipeline.SCMPipelineManager (Scheduler.java:lambda$schedule$1(70)) - Destroy pipeline failed for pipeline:Pipeline[ Id: c13b24b2-9c43-4bb4-8ff8-169a4988e437, Nodes: f3263f9a-ef6c-4ff4-a6b2-5a62e946b753{ip: 192.168.34.8, host: pr-hdds-1879-pbs75-1821932185, networkLocation: /default-rack, certSerialId: null}2d4da40c-dd43-4554-9707-f6503cf38c80{ip: 192.168.34.8, host: pr-hdds-1879-pbs75-1821932185, networkLocation: /default-rack, certSerialId: null}a413c2ef-7abc-47d7-b263-b9548e673ba5{ip: 192.168.34.8, host: pr-hdds-1879-pbs75-1821932185, networkLocation: /default-rack, certSerialId: null}, Type:RATIS, Factor:THREE, State:CLOSED]
org.apache.hadoop.hdds.scm.pipeline.PipelineNotFoundException: PipelineID=c13b24b2-9c43-4bb4-8ff8-169a4988e437 not found
	at org.apache.hadoop.hdds.scm.pipeline.PipelineStateMap.getPipeline(PipelineStateMap.java:132)
	at org.apache.hadoop.hdds.scm.pipeline.PipelineStateMap.removePipeline(PipelineStateMap.java:322)
	at org.apache.hadoop.hdds.scm.pipeline.PipelineStateManager.removePipeline(PipelineStateManager.java:107)
	at org.apache.hadoop.hdds.scm.pipeline.SCMPipelineManager.removePipeline(SCMPipelineManager.java:423)
	at org.apache.hadoop.hdds.scm.pipeline.SCMPipelineManager.destroyPipeline(SCMPipelineManager.java:409)
	at org.apache.hadoop.hdds.scm.pipeline.SCMPipelineManager.lambda$finalizeAndDestroyPipeline$0(SCMPipelineManager.java:318)
	at org.apache.hadoop.utils.Scheduler.lambda$schedule$1(Scheduler.java:68)
	at java.util.concurrent.Executors$RunnableAdapter.call(Executors.java:511)
	at java.util.concurrent.FutureTask.run(FutureTask.java:266)
	at java.util.concurrent.ScheduledThreadPoolExecutor$ScheduledFutureTask.access$201(ScheduledThreadPoolExecutor.java:180)
	at java.util.concurrent.ScheduledThreadPoolExecutor$ScheduledFutureTask.run(ScheduledThreadPoolExecutor.java:293)
	at java.util.concurrent.ThreadPoolExecutor.runWorker(ThreadPoolExecutor.java:1149)
	at java.util.concurrent.ThreadPoolExecutor$Worker.run(ThreadPoolExecutor.java:624)
	at java.lang.Thread.run(Thread.java:748)
2019-09-12 04:22:11,248 [2d4da40c-dd43-4554-9707-f6503cf38c80@group-6D8373F8491B-SegmentedRaftLogWorker] WARN  segmented.SegmentedRaftLogWorker (SegmentedRaftLogWorker.java:getFromFuture(90)) - Timeout 4/~
org.apache.ratis.protocol.TimeoutIOException: Timeout 10s: WriteLog:17: (t:1, i:17), STATEMACHINELOGENTRY, client-70E987BF850D, cid=298-writeStateMachineData
	at org.apache.ratis.util.IOUtils.getFromFuture(IOUtils.java:87)
	at org.apache.ratis.server.raftlog.segmented.SegmentedRaftLogWorker$StateMachineDataPolicy.getFromFuture(SegmentedRaftLogWorker.java:87)
	at org.apache.ratis.server.raftlog.segmented.SegmentedRaftLogWorker$WriteLog.execute(SegmentedRaftLogWorker.java:477)
	at org.apache.ratis.server.raftlog.segmented.SegmentedRaftLogWorker.run(SegmentedRaftLogWorker.java:289)
	at java.lang.Thread.run(Thread.java:748)
Caused by: java.util.concurrent.TimeoutException
	at java.util.concurrent.CompletableFuture.timedGet(CompletableFuture.java:1771)
	at java.util.concurrent.CompletableFuture.get(CompletableFuture.java:1915)
	at org.apache.ratis.util.IOUtils.getFromFuture(IOUtils.java:79)
	... 4 more
2019-09-12 04:22:11,251 [a413c2ef-7abc-47d7-b263-b9548e673ba5@group-6D8373F8491B-SegmentedRaftLogWorker] WARN  segmented.SegmentedRaftLogWorker (SegmentedRaftLogWorker.java:getFromFuture(90)) - Timeout 4/~
org.apache.ratis.protocol.TimeoutIOException: Timeout 10s: WriteLog:17: (t:1, i:17), STATEMACHINELOGENTRY, client-70E987BF850D, cid=298-writeStateMachineData
	at org.apache.ratis.util.IOUtils.getFromFuture(IOUtils.java:87)
	at org.apache.ratis.server.raftlog.segmented.SegmentedRaftLogWorker$StateMachineDataPolicy.getFromFuture(SegmentedRaftLogWorker.java:87)
	at org.apache.ratis.server.raftlog.segmented.SegmentedRaftLogWorker$WriteLog.execute(SegmentedRaftLogWorker.java:477)
	at org.apache.ratis.server.raftlog.segmented.SegmentedRaftLogWorker.run(SegmentedRaftLogWorker.java:289)
	at java.lang.Thread.run(Thread.java:748)
Caused by: java.util.concurrent.TimeoutException
	at java.util.concurrent.CompletableFuture.timedGet(CompletableFuture.java:1771)
	at java.util.concurrent.CompletableFuture.get(CompletableFuture.java:1915)
	at org.apache.ratis.util.IOUtils.getFromFuture(IOUtils.java:79)
	... 4 more
2019-09-12 04:22:11,435 [f3263f9a-ef6c-4ff4-a6b2-5a62e946b753@group-6D8373F8491B-SegmentedRaftLogWorker] WARN  segmented.SegmentedRaftLogWorker (SegmentedRaftLogWorker.java:getFromFuture(90)) - Timeout 4/~
org.apache.ratis.protocol.TimeoutIOException: Timeout 10s: WriteLog:19: (t:1, i:19), STATEMACHINELOGENTRY, client-70E987BF850D, cid=300-writeStateMachineData
	at org.apache.ratis.util.IOUtils.getFromFuture(IOUtils.java:87)
	at org.apache.ratis.server.raftlog.segmented.SegmentedRaftLogWorker$StateMachineDataPolicy.getFromFuture(SegmentedRaftLogWorker.java:87)
	at org.apache.ratis.server.raftlog.segmented.SegmentedRaftLogWorker$WriteLog.execute(SegmentedRaftLogWorker.java:477)
	at org.apache.ratis.server.raftlog.segmented.SegmentedRaftLogWorker.run(SegmentedRaftLogWorker.java:289)
	at java.lang.Thread.run(Thread.java:748)
Caused by: java.util.concurrent.TimeoutException
	at java.util.concurrent.CompletableFuture.timedGet(CompletableFuture.java:1771)
	at java.util.concurrent.CompletableFuture.get(CompletableFuture.java:1915)
	at org.apache.ratis.util.IOUtils.getFromFuture(IOUtils.java:79)
	... 4 more
2019-09-12 04:22:11,719 [grpc-default-executor-6] INFO  client.GrpcClientProtocolClient (GrpcClientProtocolClient.java:onNext(264)) - client-70E987BF850D->f3263f9a-ef6c-4ff4-a6b2-5a62e946b753: receive RaftClientReply:client-70E987BF850D->f3263f9a-ef6c-4ff4-a6b2-5a62e946b753@group-6D8373F8491B, cid=298, FAILED org.apache.ratis.protocol.NotLeaderException: Server f3263f9a-ef6c-4ff4-a6b2-5a62e946b753@group-6D8373F8491B is not the leader 2d4da40c-dd43-4554-9707-f6503cf38c80:192.168.34.8:45634, logIndex=0, commits[f3263f9a-ef6c-4ff4-a6b2-5a62e946b753:c16, 2d4da40c-dd43-4554-9707-f6503cf38c80:c16, a413c2ef-7abc-47d7-b263-b9548e673ba5:c12]
2019-09-12 04:22:11,758 [java.util.concurrent.ThreadPoolExecutor$Worker@2fea0fa2[State = -1, empty queue]] WARN  server.GrpcLogAppender (GrpcLogAppender.java:timeoutAppendRequest(200)) - 2d4da40c-dd43-4554-9707-f6503cf38c80@group-6D8373F8491B->f3263f9a-ef6c-4ff4-a6b2-5a62e946b753-GrpcLogAppender: appendEntries Timeout, request=2d4da40c-dd43-4554-9707-f6503cf38c80->f3263f9a-ef6c-4ff4-a6b2-5a62e946b753#40-t1, previous=(t:1, i:20), leaderCommit=16, initializing? false, entries: <empty>
2019-09-12 04:22:11,758 [java.util.concurrent.ThreadPoolExecutor$Worker@73f1de88[State = -1, empty queue]] WARN  server.GrpcLogAppender (GrpcLogAppender.java:timeoutAppendRequest(200)) - 2d4da40c-dd43-4554-9707-f6503cf38c80@group-6D8373F8491B->a413c2ef-7abc-47d7-b263-b9548e673ba5-GrpcLogAppender: appendEntries Timeout, request=2d4da40c-dd43-4554-9707-f6503cf38c80->a413c2ef-7abc-47d7-b263-b9548e673ba5#40-t1, previous=(t:1, i:20), leaderCommit=16, initializing? false, entries: <empty>
2019-09-12 04:22:12,929 [grpc-default-executor-6] INFO  impl.RaftServerProxy (RaftServerProxy.java:remove(95)) - f3263f9a-ef6c-4ff4-a6b2-5a62e946b753: remove group-169A4988E437:null
2019-09-12 04:22:12,932 [RatisPipelineUtilsThread] WARN  pipeline.RatisPipelineUtils (RatisPipelineUtils.java:destroyPipeline(66)) - Pipeline destroy failed for pipeline=PipelineID=c13b24b2-9c43-4bb4-8ff8-169a4988e437 dn=f3263f9a-ef6c-4ff4-a6b2-5a62e946b753{ip: 192.168.34.8, host: pr-hdds-1879-pbs75-1821932185, networkLocation: /default-rack, certSerialId: null}
2019-09-12 04:22:12,935 [grpc-default-executor-6] INFO  impl.RaftServerProxy (RaftServerProxy.java:remove(95)) - 2d4da40c-dd43-4554-9707-f6503cf38c80: remove group-169A4988E437:null
2019-09-12 04:22:12,937 [RatisPipelineUtilsThread] WARN  pipeline.RatisPipelineUtils (RatisPipelineUtils.java:destroyPipeline(66)) - Pipeline destroy failed for pipeline=PipelineID=c13b24b2-9c43-4bb4-8ff8-169a4988e437 dn=2d4da40c-dd43-4554-9707-f6503cf38c80{ip: 192.168.34.8, host: pr-hdds-1879-pbs75-1821932185, networkLocation: /default-rack, certSerialId: null}
2019-09-12 04:22:12,940 [grpc-default-executor-6] INFO  impl.RaftServerProxy (RaftServerProxy.java:remove(95)) - a413c2ef-7abc-47d7-b263-b9548e673ba5: remove group-169A4988E437:null
2019-09-12 04:22:12,942 [RatisPipelineUtilsThread] WARN  pipeline.RatisPipelineUtils (RatisPipelineUtils.java:destroyPipeline(66)) - Pipeline destroy failed for pipeline=PipelineID=c13b24b2-9c43-4bb4-8ff8-169a4988e437 dn=a413c2ef-7abc-47d7-b263-b9548e673ba5{ip: 192.168.34.8, host: pr-hdds-1879-pbs75-1821932185, networkLocation: /default-rack, certSerialId: null}
2019-09-12 04:22:12,942 [RatisPipelineUtilsThread] ERROR pipeline.SCMPipelineManager (Scheduler.java:lambda$schedule$1(70)) - Destroy pipeline failed for pipeline:Pipeline[ Id: c13b24b2-9c43-4bb4-8ff8-169a4988e437, Nodes: f3263f9a-ef6c-4ff4-a6b2-5a62e946b753{ip: 192.168.34.8, host: pr-hdds-1879-pbs75-1821932185, networkLocation: /default-rack, certSerialId: null}2d4da40c-dd43-4554-9707-f6503cf38c80{ip: 192.168.34.8, host: pr-hdds-1879-pbs75-1821932185, networkLocation: /default-rack, certSerialId: null}a413c2ef-7abc-47d7-b263-b9548e673ba5{ip: 192.168.34.8, host: pr-hdds-1879-pbs75-1821932185, networkLocation: /default-rack, certSerialId: null}, Type:RATIS, Factor:THREE, State:CLOSED]
org.apache.hadoop.hdds.scm.pipeline.PipelineNotFoundException: PipelineID=c13b24b2-9c43-4bb4-8ff8-169a4988e437 not found
	at org.apache.hadoop.hdds.scm.pipeline.PipelineStateMap.getPipeline(PipelineStateMap.java:132)
	at org.apache.hadoop.hdds.scm.pipeline.PipelineStateMap.removePipeline(PipelineStateMap.java:322)
	at org.apache.hadoop.hdds.scm.pipeline.PipelineStateManager.removePipeline(PipelineStateManager.java:107)
	at org.apache.hadoop.hdds.scm.pipeline.SCMPipelineManager.removePipeline(SCMPipelineManager.java:423)
	at org.apache.hadoop.hdds.scm.pipeline.SCMPipelineManager.destroyPipeline(SCMPipelineManager.java:409)
	at org.apache.hadoop.hdds.scm.pipeline.SCMPipelineManager.lambda$finalizeAndDestroyPipeline$0(SCMPipelineManager.java:318)
	at org.apache.hadoop.utils.Scheduler.lambda$schedule$1(Scheduler.java:68)
	at java.util.concurrent.Executors$RunnableAdapter.call(Executors.java:511)
	at java.util.concurrent.FutureTask.run(FutureTask.java:266)
	at java.util.concurrent.ScheduledThreadPoolExecutor$ScheduledFutureTask.access$201(ScheduledThreadPoolExecutor.java:180)
	at java.util.concurrent.ScheduledThreadPoolExecutor$ScheduledFutureTask.run(ScheduledThreadPoolExecutor.java:293)
	at java.util.concurrent.ThreadPoolExecutor.runWorker(ThreadPoolExecutor.java:1149)
	at java.util.concurrent.ThreadPoolExecutor$Worker.run(ThreadPoolExecutor.java:624)
	at java.lang.Thread.run(Thread.java:748)
2019-09-12 04:22:14,258 [java.util.concurrent.ThreadPoolExecutor$Worker@2fea0fa2[State = -1, empty queue]] WARN  server.GrpcLogAppender (GrpcLogAppender.java:timeoutAppendRequest(200)) - 2d4da40c-dd43-4554-9707-f6503cf38c80@group-6D8373F8491B->f3263f9a-ef6c-4ff4-a6b2-5a62e946b753-GrpcLogAppender: appendEntries Timeout, request=2d4da40c-dd43-4554-9707-f6503cf38c80->f3263f9a-ef6c-4ff4-a6b2-5a62e946b753#41-t1, previous=(t:1, i:20), leaderCommit=16, initializing? false, entries: <empty>
2019-09-12 04:22:14,258 [java.util.concurrent.ThreadPoolExecutor$Worker@73f1de88[State = -1, empty queue]] WARN  server.GrpcLogAppender (GrpcLogAppender.java:timeoutAppendRequest(200)) - 2d4da40c-dd43-4554-9707-f6503cf38c80@group-6D8373F8491B->a413c2ef-7abc-47d7-b263-b9548e673ba5-GrpcLogAppender: appendEntries Timeout, request=2d4da40c-dd43-4554-9707-f6503cf38c80->a413c2ef-7abc-47d7-b263-b9548e673ba5#41-t1, previous=(t:1, i:20), leaderCommit=16, initializing? false, entries: <empty>
2019-09-12 04:22:15,932 [grpc-default-executor-14] INFO  impl.RaftServerProxy (RaftServerProxy.java:remove(95)) - f3263f9a-ef6c-4ff4-a6b2-5a62e946b753: remove group-169A4988E437:null
2019-09-12 04:22:15,936 [RatisPipelineUtilsThread] WARN  pipeline.RatisPipelineUtils (RatisPipelineUtils.java:destroyPipeline(66)) - Pipeline destroy failed for pipeline=PipelineID=c13b24b2-9c43-4bb4-8ff8-169a4988e437 dn=f3263f9a-ef6c-4ff4-a6b2-5a62e946b753{ip: 192.168.34.8, host: pr-hdds-1879-pbs75-1821932185, networkLocation: /default-rack, certSerialId: null}
2019-09-12 04:22:15,938 [grpc-default-executor-14] INFO  impl.RaftServerProxy (RaftServerProxy.java:remove(95)) - 2d4da40c-dd43-4554-9707-f6503cf38c80: remove group-169A4988E437:null
2019-09-12 04:22:15,941 [RatisPipelineUtilsThread] WARN  pipeline.RatisPipelineUtils (RatisPipelineUtils.java:destroyPipeline(66)) - Pipeline destroy failed for pipeline=PipelineID=c13b24b2-9c43-4bb4-8ff8-169a4988e437 dn=2d4da40c-dd43-4554-9707-f6503cf38c80{ip: 192.168.34.8, host: pr-hdds-1879-pbs75-1821932185, networkLocation: /default-rack, certSerialId: null}
2019-09-12 04:22:15,943 [grpc-default-executor-14] INFO  impl.RaftServerProxy (RaftServerProxy.java:remove(95)) - a413c2ef-7abc-47d7-b263-b9548e673ba5: remove group-169A4988E437:null
2019-09-12 04:22:15,945 [RatisPipelineUtilsThread] WARN  pipeline.RatisPipelineUtils (RatisPipelineUtils.java:destroyPipeline(66)) - Pipeline destroy failed for pipeline=PipelineID=c13b24b2-9c43-4bb4-8ff8-169a4988e437 dn=a413c2ef-7abc-47d7-b263-b9548e673ba5{ip: 192.168.34.8, host: pr-hdds-1879-pbs75-1821932185, networkLocation: /default-rack, certSerialId: null}
2019-09-12 04:22:15,946 [RatisPipelineUtilsThread] ERROR pipeline.SCMPipelineManager (Scheduler.java:lambda$schedule$1(70)) - Destroy pipeline failed for pipeline:Pipeline[ Id: c13b24b2-9c43-4bb4-8ff8-169a4988e437, Nodes: f3263f9a-ef6c-4ff4-a6b2-5a62e946b753{ip: 192.168.34.8, host: pr-hdds-1879-pbs75-1821932185, networkLocation: /default-rack, certSerialId: null}2d4da40c-dd43-4554-9707-f6503cf38c80{ip: 192.168.34.8, host: pr-hdds-1879-pbs75-1821932185, networkLocation: /default-rack, certSerialId: null}a413c2ef-7abc-47d7-b263-b9548e673ba5{ip: 192.168.34.8, host: pr-hdds-1879-pbs75-1821932185, networkLocation: /default-rack, certSerialId: null}, Type:RATIS, Factor:THREE, State:CLOSED]
org.apache.hadoop.hdds.scm.pipeline.PipelineNotFoundException: PipelineID=c13b24b2-9c43-4bb4-8ff8-169a4988e437 not found
	at org.apache.hadoop.hdds.scm.pipeline.PipelineStateMap.getPipeline(PipelineStateMap.java:132)
	at org.apache.hadoop.hdds.scm.pipeline.PipelineStateMap.removePipeline(PipelineStateMap.java:322)
	at org.apache.hadoop.hdds.scm.pipeline.PipelineStateManager.removePipeline(PipelineStateManager.java:107)
	at org.apache.hadoop.hdds.scm.pipeline.SCMPipelineManager.removePipeline(SCMPipelineManager.java:423)
	at org.apache.hadoop.hdds.scm.pipeline.SCMPipelineManager.destroyPipeline(SCMPipelineManager.java:409)
	at org.apache.hadoop.hdds.scm.pipeline.SCMPipelineManager.lambda$finalizeAndDestroyPipeline$0(SCMPipelineManager.java:318)
	at org.apache.hadoop.utils.Scheduler.lambda$schedule$1(Scheduler.java:68)
	at java.util.concurrent.Executors$RunnableAdapter.call(Executors.java:511)
	at java.util.concurrent.FutureTask.run(FutureTask.java:266)
	at java.util.concurrent.ScheduledThreadPoolExecutor$ScheduledFutureTask.access$201(ScheduledThreadPoolExecutor.java:180)
	at java.util.concurrent.ScheduledThreadPoolExecutor$ScheduledFutureTask.run(ScheduledThreadPoolExecutor.java:293)
	at java.util.concurrent.ThreadPoolExecutor.runWorker(ThreadPoolExecutor.java:1149)
	at java.util.concurrent.ThreadPoolExecutor$Worker.run(ThreadPoolExecutor.java:624)
	at java.lang.Thread.run(Thread.java:748)
2019-09-12 04:22:16,758 [java.util.concurrent.ThreadPoolExecutor$Worker@2fea0fa2[State = -1, empty queue]] WARN  server.GrpcLogAppender (GrpcLogAppender.java:timeoutAppendRequest(200)) - 2d4da40c-dd43-4554-9707-f6503cf38c80@group-6D8373F8491B->f3263f9a-ef6c-4ff4-a6b2-5a62e946b753-GrpcLogAppender: appendEntries Timeout, request=2d4da40c-dd43-4554-9707-f6503cf38c80->f3263f9a-ef6c-4ff4-a6b2-5a62e946b753#42-t1, previous=(t:1, i:20), leaderCommit=16, initializing? false, entries: <empty>
2019-09-12 04:22:16,759 [java.util.concurrent.ThreadPoolExecutor$Worker@73f1de88[State = -1, empty queue]] WARN  server.GrpcLogAppender (GrpcLogAppender.java:timeoutAppendRequest(200)) - 2d4da40c-dd43-4554-9707-f6503cf38c80@group-6D8373F8491B->a413c2ef-7abc-47d7-b263-b9548e673ba5-GrpcLogAppender: appendEntries Timeout, request=2d4da40c-dd43-4554-9707-f6503cf38c80->a413c2ef-7abc-47d7-b263-b9548e673ba5#42-t1, previous=(t:1, i:20), leaderCommit=16, initializing? false, entries: <empty>
2019-09-12 04:22:16,771 [grpc-default-executor-6] INFO  client.GrpcClientProtocolClient (GrpcClientProtocolClient.java:onNext(264)) - client-70E987BF850D->a413c2ef-7abc-47d7-b263-b9548e673ba5: receive RaftClientReply:client-70E987BF850D->a413c2ef-7abc-47d7-b263-b9548e673ba5@group-6D8373F8491B, cid=298, FAILED org.apache.ratis.protocol.NotLeaderException: Server a413c2ef-7abc-47d7-b263-b9548e673ba5@group-6D8373F8491B is not the leader 2d4da40c-dd43-4554-9707-f6503cf38c80:192.168.34.8:45634, logIndex=0, commits[a413c2ef-7abc-47d7-b263-b9548e673ba5:c16, 2d4da40c-dd43-4554-9707-f6503cf38c80:c16, f3263f9a-ef6c-4ff4-a6b2-5a62e946b753:c12]
2019-09-12 04:22:17,931 [grpc-default-executor-14] INFO  impl.RaftServerProxy (RaftServerProxy.java:remove(95)) - f3263f9a-ef6c-4ff4-a6b2-5a62e946b753: remove group-169A4988E437:null
2019-09-12 04:22:17,935 [RatisPipelineUtilsThread] WARN  pipeline.RatisPipelineUtils (RatisPipelineUtils.java:destroyPipeline(66)) - Pipeline destroy failed for pipeline=PipelineID=c13b24b2-9c43-4bb4-8ff8-169a4988e437 dn=f3263f9a-ef6c-4ff4-a6b2-5a62e946b753{ip: 192.168.34.8, host: pr-hdds-1879-pbs75-1821932185, networkLocation: /default-rack, certSerialId: null}
2019-09-12 04:22:17,938 [grpc-default-executor-14] INFO  impl.RaftServerProxy (RaftServerProxy.java:remove(95)) - 2d4da40c-dd43-4554-9707-f6503cf38c80: remove group-169A4988E437:null
2019-09-12 04:22:17,940 [RatisPipelineUtilsThread] WARN  pipeline.RatisPipelineUtils (RatisPipelineUtils.java:destroyPipeline(66)) - Pipeline destroy failed for pipeline=PipelineID=c13b24b2-9c43-4bb4-8ff8-169a4988e437 dn=2d4da40c-dd43-4554-9707-f6503cf38c80{ip: 192.168.34.8, host: pr-hdds-1879-pbs75-1821932185, networkLocation: /default-rack, certSerialId: null}
2019-09-12 04:22:17,942 [grpc-default-executor-14] INFO  impl.RaftServerProxy (RaftServerProxy.java:remove(95)) - a413c2ef-7abc-47d7-b263-b9548e673ba5: remove group-169A4988E437:null
2019-09-12 04:22:17,944 [RatisPipelineUtilsThread] WARN  pipeline.RatisPipelineUtils (RatisPipelineUtils.java:destroyPipeline(66)) - Pipeline destroy failed for pipeline=PipelineID=c13b24b2-9c43-4bb4-8ff8-169a4988e437 dn=a413c2ef-7abc-47d7-b263-b9548e673ba5{ip: 192.168.34.8, host: pr-hdds-1879-pbs75-1821932185, networkLocation: /default-rack, certSerialId: null}
2019-09-12 04:22:17,944 [RatisPipelineUtilsThread] ERROR pipeline.SCMPipelineManager (Scheduler.java:lambda$schedule$1(70)) - Destroy pipeline failed for pipeline:Pipeline[ Id: c13b24b2-9c43-4bb4-8ff8-169a4988e437, Nodes: f3263f9a-ef6c-4ff4-a6b2-5a62e946b753{ip: 192.168.34.8, host: pr-hdds-1879-pbs75-1821932185, networkLocation: /default-rack, certSerialId: null}2d4da40c-dd43-4554-9707-f6503cf38c80{ip: 192.168.34.8, host: pr-hdds-1879-pbs75-1821932185, networkLocation: /default-rack, certSerialId: null}a413c2ef-7abc-47d7-b263-b9548e673ba5{ip: 192.168.34.8, host: pr-hdds-1879-pbs75-1821932185, networkLocation: /default-rack, certSerialId: null}, Type:RATIS, Factor:THREE, State:CLOSED]
org.apache.hadoop.hdds.scm.pipeline.PipelineNotFoundException: PipelineID=c13b24b2-9c43-4bb4-8ff8-169a4988e437 not found
	at org.apache.hadoop.hdds.scm.pipeline.PipelineStateMap.getPipeline(PipelineStateMap.java:132)
	at org.apache.hadoop.hdds.scm.pipeline.PipelineStateMap.removePipeline(PipelineStateMap.java:322)
	at org.apache.hadoop.hdds.scm.pipeline.PipelineStateManager.removePipeline(PipelineStateManager.java:107)
	at org.apache.hadoop.hdds.scm.pipeline.SCMPipelineManager.removePipeline(SCMPipelineManager.java:423)
	at org.apache.hadoop.hdds.scm.pipeline.SCMPipelineManager.destroyPipeline(SCMPipelineManager.java:409)
	at org.apache.hadoop.hdds.scm.pipeline.SCMPipelineManager.lambda$finalizeAndDestroyPipeline$0(SCMPipelineManager.java:318)
	at org.apache.hadoop.utils.Scheduler.lambda$schedule$1(Scheduler.java:68)
	at java.util.concurrent.Executors$RunnableAdapter.call(Executors.java:511)
	at java.util.concurrent.FutureTask.run(FutureTask.java:266)
	at java.util.concurrent.ScheduledThreadPoolExecutor$ScheduledFutureTask.access$201(ScheduledThreadPoolExecutor.java:180)
	at java.util.concurrent.ScheduledThreadPoolExecutor$ScheduledFutureTask.run(ScheduledThreadPoolExecutor.java:293)
	at java.util.concurrent.ThreadPoolExecutor.runWorker(ThreadPoolExecutor.java:1149)
	at java.util.concurrent.ThreadPoolExecutor$Worker.run(ThreadPoolExecutor.java:624)
	at java.lang.Thread.run(Thread.java:748)
2019-09-12 04:22:18,901 [grpc-default-executor-6] INFO  impl.RaftServerProxy (RaftServerProxy.java:remove(95)) - f3263f9a-ef6c-4ff4-a6b2-5a62e946b753: remove group-169A4988E437:null
2019-09-12 04:22:18,904 [RatisPipelineUtilsThread] WARN  pipeline.RatisPipelineUtils (RatisPipelineUtils.java:destroyPipeline(66)) - Pipeline destroy failed for pipeline=PipelineID=c13b24b2-9c43-4bb4-8ff8-169a4988e437 dn=f3263f9a-ef6c-4ff4-a6b2-5a62e946b753{ip: 192.168.34.8, host: pr-hdds-1879-pbs75-1821932185, networkLocation: /default-rack, certSerialId: null}
2019-09-12 04:22:18,906 [grpc-default-executor-6] INFO  impl.RaftServerProxy (RaftServerProxy.java:remove(95)) - 2d4da40c-dd43-4554-9707-f6503cf38c80: remove group-169A4988E437:null
2019-09-12 04:22:18,908 [RatisPipelineUtilsThread] WARN  pipeline.RatisPipelineUtils (RatisPipelineUtils.java:destroyPipeline(66)) - Pipeline destroy failed for pipeline=PipelineID=c13b24b2-9c43-4bb4-8ff8-169a4988e437 dn=2d4da40c-dd43-4554-9707-f6503cf38c80{ip: 192.168.34.8, host: pr-hdds-1879-pbs75-1821932185, networkLocation: /default-rack, certSerialId: null}
2019-09-12 04:22:18,910 [grpc-default-executor-6] INFO  impl.RaftServerProxy (RaftServerProxy.java:remove(95)) - a413c2ef-7abc-47d7-b263-b9548e673ba5: remove group-169A4988E437:null
2019-09-12 04:22:18,912 [RatisPipelineUtilsThread] WARN  pipeline.RatisPipelineUtils (RatisPipelineUtils.java:destroyPipeline(66)) - Pipeline destroy failed for pipeline=PipelineID=c13b24b2-9c43-4bb4-8ff8-169a4988e437 dn=a413c2ef-7abc-47d7-b263-b9548e673ba5{ip: 192.168.34.8, host: pr-hdds-1879-pbs75-1821932185, networkLocation: /default-rack, certSerialId: null}
2019-09-12 04:22:18,913 [RatisPipelineUtilsThread] ERROR pipeline.SCMPipelineManager (Scheduler.java:lambda$schedule$1(70)) - Destroy pipeline failed for pipeline:Pipeline[ Id: c13b24b2-9c43-4bb4-8ff8-169a4988e437, Nodes: f3263f9a-ef6c-4ff4-a6b2-5a62e946b753{ip: 192.168.34.8, host: pr-hdds-1879-pbs75-1821932185, networkLocation: /default-rack, certSerialId: null}2d4da40c-dd43-4554-9707-f6503cf38c80{ip: 192.168.34.8, host: pr-hdds-1879-pbs75-1821932185, networkLocation: /default-rack, certSerialId: null}a413c2ef-7abc-47d7-b263-b9548e673ba5{ip: 192.168.34.8, host: pr-hdds-1879-pbs75-1821932185, networkLocation: /default-rack, certSerialId: null}, Type:RATIS, Factor:THREE, State:CLOSED]
org.apache.hadoop.hdds.scm.pipeline.PipelineNotFoundException: PipelineID=c13b24b2-9c43-4bb4-8ff8-169a4988e437 not found
	at org.apache.hadoop.hdds.scm.pipeline.PipelineStateMap.getPipeline(PipelineStateMap.java:132)
	at org.apache.hadoop.hdds.scm.pipeline.PipelineStateMap.removePipeline(PipelineStateMap.java:322)
	at org.apache.hadoop.hdds.scm.pipeline.PipelineStateManager.removePipeline(PipelineStateManager.java:107)
	at org.apache.hadoop.hdds.scm.pipeline.SCMPipelineManager.removePipeline(SCMPipelineManager.java:423)
	at org.apache.hadoop.hdds.scm.pipeline.SCMPipelineManager.destroyPipeline(SCMPipelineManager.java:409)
	at org.apache.hadoop.hdds.scm.pipeline.SCMPipelineManager.lambda$finalizeAndDestroyPipeline$0(SCMPipelineManager.java:318)
	at org.apache.hadoop.utils.Scheduler.lambda$schedule$1(Scheduler.java:68)
	at java.util.concurrent.Executors$RunnableAdapter.call(Executors.java:511)
	at java.util.concurrent.FutureTask.run(FutureTask.java:266)
	at java.util.concurrent.ScheduledThreadPoolExecutor$ScheduledFutureTask.access$201(ScheduledThreadPoolExecutor.java:180)
	at java.util.concurrent.ScheduledThreadPoolExecutor$ScheduledFutureTask.run(ScheduledThreadPoolExecutor.java:293)
	at java.util.concurrent.ThreadPoolExecutor.runWorker(ThreadPoolExecutor.java:1149)
	at java.util.concurrent.ThreadPoolExecutor$Worker.run(ThreadPoolExecutor.java:624)
	at java.lang.Thread.run(Thread.java:748)
2019-09-12 04:22:18,984 [grpc-default-executor-6] INFO  impl.RaftServerProxy (RaftServerProxy.java:remove(95)) - f3263f9a-ef6c-4ff4-a6b2-5a62e946b753: remove group-169A4988E437:null
2019-09-12 04:22:18,986 [RatisPipelineUtilsThread] WARN  pipeline.RatisPipelineUtils (RatisPipelineUtils.java:destroyPipeline(66)) - Pipeline destroy failed for pipeline=PipelineID=c13b24b2-9c43-4bb4-8ff8-169a4988e437 dn=f3263f9a-ef6c-4ff4-a6b2-5a62e946b753{ip: 192.168.34.8, host: pr-hdds-1879-pbs75-1821932185, networkLocation: /default-rack, certSerialId: null}
2019-09-12 04:22:18,988 [grpc-default-executor-6] INFO  impl.RaftServerProxy (RaftServerProxy.java:remove(95)) - 2d4da40c-dd43-4554-9707-f6503cf38c80: remove group-169A4988E437:null
2019-09-12 04:22:18,990 [RatisPipelineUtilsThread] WARN  pipeline.RatisPipelineUtils (RatisPipelineUtils.java:destroyPipeline(66)) - Pipeline destroy failed for pipeline=PipelineID=c13b24b2-9c43-4bb4-8ff8-169a4988e437 dn=2d4da40c-dd43-4554-9707-f6503cf38c80{ip: 192.168.34.8, host: pr-hdds-1879-pbs75-1821932185, networkLocation: /default-rack, certSerialId: null}
2019-09-12 04:22:18,991 [grpc-default-executor-6] INFO  impl.RaftServerProxy (RaftServerProxy.java:remove(95)) - a413c2ef-7abc-47d7-b263-b9548e673ba5: remove group-169A4988E437:null
2019-09-12 04:22:18,993 [RatisPipelineUtilsThread] WARN  pipeline.RatisPipelineUtils (RatisPipelineUtils.java:destroyPipeline(66)) - Pipeline destroy failed for pipeline=PipelineID=c13b24b2-9c43-4bb4-8ff8-169a4988e437 dn=a413c2ef-7abc-47d7-b263-b9548e673ba5{ip: 192.168.34.8, host: pr-hdds-1879-pbs75-1821932185, networkLocation: /default-rack, certSerialId: null}
2019-09-12 04:22:18,993 [RatisPipelineUtilsThread] ERROR pipeline.SCMPipelineManager (Scheduler.java:lambda$schedule$1(70)) - Destroy pipeline failed for pipeline:Pipeline[ Id: c13b24b2-9c43-4bb4-8ff8-169a4988e437, Nodes: f3263f9a-ef6c-4ff4-a6b2-5a62e946b753{ip: 192.168.34.8, host: pr-hdds-1879-pbs75-1821932185, networkLocation: /default-rack, certSerialId: null}2d4da40c-dd43-4554-9707-f6503cf38c80{ip: 192.168.34.8, host: pr-hdds-1879-pbs75-1821932185, networkLocation: /default-rack, certSerialId: null}a413c2ef-7abc-47d7-b263-b9548e673ba5{ip: 192.168.34.8, host: pr-hdds-1879-pbs75-1821932185, networkLocation: /default-rack, certSerialId: null}, Type:RATIS, Factor:THREE, State:CLOSED]
org.apache.hadoop.hdds.scm.pipeline.PipelineNotFoundException: PipelineID=c13b24b2-9c43-4bb4-8ff8-169a4988e437 not found
	at org.apache.hadoop.hdds.scm.pipeline.PipelineStateMap.getPipeline(PipelineStateMap.java:132)
	at org.apache.hadoop.hdds.scm.pipeline.PipelineStateMap.removePipeline(PipelineStateMap.java:322)
	at org.apache.hadoop.hdds.scm.pipeline.PipelineStateManager.removePipeline(PipelineStateManager.java:107)
	at org.apache.hadoop.hdds.scm.pipeline.SCMPipelineManager.removePipeline(SCMPipelineManager.java:423)
	at org.apache.hadoop.hdds.scm.pipeline.SCMPipelineManager.destroyPipeline(SCMPipelineManager.java:409)
	at org.apache.hadoop.hdds.scm.pipeline.SCMPipelineManager.lambda$finalizeAndDestroyPipeline$0(SCMPipelineManager.java:318)
	at org.apache.hadoop.utils.Scheduler.lambda$schedule$1(Scheduler.java:68)
	at java.util.concurrent.Executors$RunnableAdapter.call(Executors.java:511)
	at java.util.concurrent.FutureTask.run(FutureTask.java:266)
	at java.util.concurrent.ScheduledThreadPoolExecutor$ScheduledFutureTask.access$201(ScheduledThreadPoolExecutor.java:180)
	at java.util.concurrent.ScheduledThreadPoolExecutor$ScheduledFutureTask.run(ScheduledThreadPoolExecutor.java:293)
	at java.util.concurrent.ThreadPoolExecutor.runWorker(ThreadPoolExecutor.java:1149)
	at java.util.concurrent.ThreadPoolExecutor$Worker.run(ThreadPoolExecutor.java:624)
	at java.lang.Thread.run(Thread.java:748)
2019-09-12 04:22:19,076 [grpc-default-executor-14] INFO  impl.RaftServerProxy (RaftServerProxy.java:remove(95)) - f3263f9a-ef6c-4ff4-a6b2-5a62e946b753: remove group-169A4988E437:null
2019-09-12 04:22:19,078 [RatisPipelineUtilsThread] WARN  pipeline.RatisPipelineUtils (RatisPipelineUtils.java:destroyPipeline(66)) - Pipeline destroy failed for pipeline=PipelineID=c13b24b2-9c43-4bb4-8ff8-169a4988e437 dn=f3263f9a-ef6c-4ff4-a6b2-5a62e946b753{ip: 192.168.34.8, host: pr-hdds-1879-pbs75-1821932185, networkLocation: /default-rack, certSerialId: null}
2019-09-12 04:22:19,080 [grpc-default-executor-14] INFO  impl.RaftServerProxy (RaftServerProxy.java:remove(95)) - 2d4da40c-dd43-4554-9707-f6503cf38c80: remove group-169A4988E437:null
2019-09-12 04:22:19,082 [RatisPipelineUtilsThread] WARN  pipeline.RatisPipelineUtils (RatisPipelineUtils.java:destroyPipeline(66)) - Pipeline destroy failed for pipeline=PipelineID=c13b24b2-9c43-4bb4-8ff8-169a4988e437 dn=2d4da40c-dd43-4554-9707-f6503cf38c80{ip: 192.168.34.8, host: pr-hdds-1879-pbs75-1821932185, networkLocation: /default-rack, certSerialId: null}
2019-09-12 04:22:19,083 [grpc-default-executor-14] INFO  impl.RaftServerProxy (RaftServerProxy.java:remove(95)) - a413c2ef-7abc-47d7-b263-b9548e673ba5: remove group-169A4988E437:null
2019-09-12 04:22:19,085 [RatisPipelineUtilsThread] WARN  pipeline.RatisPipelineUtils (RatisPipelineUtils.java:destroyPipeline(66)) - Pipeline destroy failed for pipeline=PipelineID=c13b24b2-9c43-4bb4-8ff8-169a4988e437 dn=a413c2ef-7abc-47d7-b263-b9548e673ba5{ip: 192.168.34.8, host: pr-hdds-1879-pbs75-1821932185, networkLocation: /default-rack, certSerialId: null}
2019-09-12 04:22:19,085 [RatisPipelineUtilsThread] ERROR pipeline.SCMPipelineManager (Scheduler.java:lambda$schedule$1(70)) - Destroy pipeline failed for pipeline:Pipeline[ Id: c13b24b2-9c43-4bb4-8ff8-169a4988e437, Nodes: f3263f9a-ef6c-4ff4-a6b2-5a62e946b753{ip: 192.168.34.8, host: pr-hdds-1879-pbs75-1821932185, networkLocation: /default-rack, certSerialId: null}2d4da40c-dd43-4554-9707-f6503cf38c80{ip: 192.168.34.8, host: pr-hdds-1879-pbs75-1821932185, networkLocation: /default-rack, certSerialId: null}a413c2ef-7abc-47d7-b263-b9548e673ba5{ip: 192.168.34.8, host: pr-hdds-1879-pbs75-1821932185, networkLocation: /default-rack, certSerialId: null}, Type:RATIS, Factor:THREE, State:CLOSED]
org.apache.hadoop.hdds.scm.pipeline.PipelineNotFoundException: PipelineID=c13b24b2-9c43-4bb4-8ff8-169a4988e437 not found
	at org.apache.hadoop.hdds.scm.pipeline.PipelineStateMap.getPipeline(PipelineStateMap.java:132)
	at org.apache.hadoop.hdds.scm.pipeline.PipelineStateMap.removePipeline(PipelineStateMap.java:322)
	at org.apache.hadoop.hdds.scm.pipeline.PipelineStateManager.removePipeline(PipelineStateManager.java:107)
	at org.apache.hadoop.hdds.scm.pipeline.SCMPipelineManager.removePipeline(SCMPipelineManager.java:423)
	at org.apache.hadoop.hdds.scm.pipeline.SCMPipelineManager.destroyPipeline(SCMPipelineManager.java:409)
	at org.apache.hadoop.hdds.scm.pipeline.SCMPipelineManager.lambda$finalizeAndDestroyPipeline$0(SCMPipelineManager.java:318)
	at org.apache.hadoop.utils.Scheduler.lambda$schedule$1(Scheduler.java:68)
	at java.util.concurrent.Executors$RunnableAdapter.call(Executors.java:511)
	at java.util.concurrent.FutureTask.run(FutureTask.java:266)
	at java.util.concurrent.ScheduledThreadPoolExecutor$ScheduledFutureTask.access$201(ScheduledThreadPoolExecutor.java:180)
	at java.util.concurrent.ScheduledThreadPoolExecutor$ScheduledFutureTask.run(ScheduledThreadPoolExecutor.java:293)
	at java.util.concurrent.ThreadPoolExecutor.runWorker(ThreadPoolExecutor.java:1149)
	at java.util.concurrent.ThreadPoolExecutor$Worker.run(ThreadPoolExecutor.java:624)
	at java.lang.Thread.run(Thread.java:748)
2019-09-12 04:22:19,260 [java.util.concurrent.ThreadPoolExecutor$Worker@2fea0fa2[State = -1, empty queue]] WARN  server.GrpcLogAppender (GrpcLogAppender.java:timeoutAppendRequest(200)) - 2d4da40c-dd43-4554-9707-f6503cf38c80@group-6D8373F8491B->f3263f9a-ef6c-4ff4-a6b2-5a62e946b753-GrpcLogAppender: appendEntries Timeout, request=2d4da40c-dd43-4554-9707-f6503cf38c80->f3263f9a-ef6c-4ff4-a6b2-5a62e946b753#43-t1, previous=(t:1, i:20), leaderCommit=16, initializing? false, entries: <empty>
2019-09-12 04:22:19,260 [java.util.concurrent.ThreadPoolExecutor$Worker@73f1de88[State = -1, empty queue]] WARN  server.GrpcLogAppender (GrpcLogAppender.java:timeoutAppendRequest(200)) - 2d4da40c-dd43-4554-9707-f6503cf38c80@group-6D8373F8491B->a413c2ef-7abc-47d7-b263-b9548e673ba5-GrpcLogAppender: appendEntries Timeout, request=2d4da40c-dd43-4554-9707-f6503cf38c80->a413c2ef-7abc-47d7-b263-b9548e673ba5#43-t1, previous=(t:1, i:20), leaderCommit=16, initializing? false, entries: <empty>
2019-09-12 04:22:21,249 [2d4da40c-dd43-4554-9707-f6503cf38c80@group-6D8373F8491B-SegmentedRaftLogWorker] WARN  segmented.SegmentedRaftLogWorker (SegmentedRaftLogWorker.java:getFromFuture(90)) - Timeout 5/~
org.apache.ratis.protocol.TimeoutIOException: Timeout 10s: WriteLog:17: (t:1, i:17), STATEMACHINELOGENTRY, client-70E987BF850D, cid=298-writeStateMachineData
	at org.apache.ratis.util.IOUtils.getFromFuture(IOUtils.java:87)
	at org.apache.ratis.server.raftlog.segmented.SegmentedRaftLogWorker$StateMachineDataPolicy.getFromFuture(SegmentedRaftLogWorker.java:87)
	at org.apache.ratis.server.raftlog.segmented.SegmentedRaftLogWorker$WriteLog.execute(SegmentedRaftLogWorker.java:477)
	at org.apache.ratis.server.raftlog.segmented.SegmentedRaftLogWorker.run(SegmentedRaftLogWorker.java:289)
	at java.lang.Thread.run(Thread.java:748)
Caused by: java.util.concurrent.TimeoutException
	at java.util.concurrent.CompletableFuture.timedGet(CompletableFuture.java:1771)
	at java.util.concurrent.CompletableFuture.get(CompletableFuture.java:1915)
	at org.apache.ratis.util.IOUtils.getFromFuture(IOUtils.java:79)
	... 4 more
2019-09-12 04:22:21,252 [a413c2ef-7abc-47d7-b263-b9548e673ba5@group-6D8373F8491B-SegmentedRaftLogWorker] WARN  segmented.SegmentedRaftLogWorker (SegmentedRaftLogWorker.java:getFromFuture(90)) - Timeout 5/~
org.apache.ratis.protocol.TimeoutIOException: Timeout 10s: WriteLog:17: (t:1, i:17), STATEMACHINELOGENTRY, client-70E987BF850D, cid=298-writeStateMachineData
	at org.apache.ratis.util.IOUtils.getFromFuture(IOUtils.java:87)
	at org.apache.ratis.server.raftlog.segmented.SegmentedRaftLogWorker$StateMachineDataPolicy.getFromFuture(SegmentedRaftLogWorker.java:87)
	at org.apache.ratis.server.raftlog.segmented.SegmentedRaftLogWorker$WriteLog.execute(SegmentedRaftLogWorker.java:477)
	at org.apache.ratis.server.raftlog.segmented.SegmentedRaftLogWorker.run(SegmentedRaftLogWorker.java:289)
	at java.lang.Thread.run(Thread.java:748)
Caused by: java.util.concurrent.TimeoutException
	at java.util.concurrent.CompletableFuture.timedGet(CompletableFuture.java:1771)
	at java.util.concurrent.CompletableFuture.get(CompletableFuture.java:1915)
	at org.apache.ratis.util.IOUtils.getFromFuture(IOUtils.java:79)
	... 4 more
2019-09-12 04:22:21,436 [f3263f9a-ef6c-4ff4-a6b2-5a62e946b753@group-6D8373F8491B-SegmentedRaftLogWorker] WARN  segmented.SegmentedRaftLogWorker (SegmentedRaftLogWorker.java:getFromFuture(90)) - Timeout 5/~
org.apache.ratis.protocol.TimeoutIOException: Timeout 10s: WriteLog:19: (t:1, i:19), STATEMACHINELOGENTRY, client-70E987BF850D, cid=300-writeStateMachineData
	at org.apache.ratis.util.IOUtils.getFromFuture(IOUtils.java:87)
	at org.apache.ratis.server.raftlog.segmented.SegmentedRaftLogWorker$StateMachineDataPolicy.getFromFuture(SegmentedRaftLogWorker.java:87)
	at org.apache.ratis.server.raftlog.segmented.SegmentedRaftLogWorker$WriteLog.execute(SegmentedRaftLogWorker.java:477)
	at org.apache.ratis.server.raftlog.segmented.SegmentedRaftLogWorker.run(SegmentedRaftLogWorker.java:289)
	at java.lang.Thread.run(Thread.java:748)
Caused by: java.util.concurrent.TimeoutException
	at java.util.concurrent.CompletableFuture.timedGet(CompletableFuture.java:1771)
	at java.util.concurrent.CompletableFuture.get(CompletableFuture.java:1915)
	at org.apache.ratis.util.IOUtils.getFromFuture(IOUtils.java:79)
	... 4 more
2019-09-12 04:22:21,760 [java.util.concurrent.ThreadPoolExecutor$Worker@73f1de88[State = -1, empty queue]] WARN  server.GrpcLogAppender (GrpcLogAppender.java:timeoutAppendRequest(200)) - 2d4da40c-dd43-4554-9707-f6503cf38c80@group-6D8373F8491B->a413c2ef-7abc-47d7-b263-b9548e673ba5-GrpcLogAppender: appendEntries Timeout, request=2d4da40c-dd43-4554-9707-f6503cf38c80->a413c2ef-7abc-47d7-b263-b9548e673ba5#44-t1, previous=(t:1, i:20), leaderCommit=16, initializing? false, entries: <empty>
2019-09-12 04:22:21,760 [java.util.concurrent.ThreadPoolExecutor$Worker@2fea0fa2[State = -1, empty queue]] WARN  server.GrpcLogAppender (GrpcLogAppender.java:timeoutAppendRequest(200)) - 2d4da40c-dd43-4554-9707-f6503cf38c80@group-6D8373F8491B->f3263f9a-ef6c-4ff4-a6b2-5a62e946b753-GrpcLogAppender: appendEntries Timeout, request=2d4da40c-dd43-4554-9707-f6503cf38c80->f3263f9a-ef6c-4ff4-a6b2-5a62e946b753#44-t1, previous=(t:1, i:20), leaderCommit=16, initializing? false, entries: <empty>
2019-09-12 04:22:21,843 [grpc-default-executor-14] INFO  client.GrpcClientProtocolClient (GrpcClientProtocolClient.java:onNext(264)) - client-70E987BF850D->a413c2ef-7abc-47d7-b263-b9548e673ba5: receive RaftClientReply:client-70E987BF850D->a413c2ef-7abc-47d7-b263-b9548e673ba5@group-6D8373F8491B, cid=298, FAILED org.apache.ratis.protocol.NotLeaderException: Server a413c2ef-7abc-47d7-b263-b9548e673ba5@group-6D8373F8491B is not the leader 2d4da40c-dd43-4554-9707-f6503cf38c80:192.168.34.8:45634, logIndex=0, commits[a413c2ef-7abc-47d7-b263-b9548e673ba5:c16, 2d4da40c-dd43-4554-9707-f6503cf38c80:c16, f3263f9a-ef6c-4ff4-a6b2-5a62e946b753:c12]
2019-09-12 04:22:24,261 [java.util.concurrent.ThreadPoolExecutor$Worker@2fea0fa2[State = -1, empty queue]] WARN  server.GrpcLogAppender (GrpcLogAppender.java:timeoutAppendRequest(200)) - 2d4da40c-dd43-4554-9707-f6503cf38c80@group-6D8373F8491B->f3263f9a-ef6c-4ff4-a6b2-5a62e946b753-GrpcLogAppender: appendEntries Timeout, request=2d4da40c-dd43-4554-9707-f6503cf38c80->f3263f9a-ef6c-4ff4-a6b2-5a62e946b753#45-t1, previous=(t:1, i:20), leaderCommit=16, initializing? false, entries: <empty>
2019-09-12 04:22:24,261 [java.util.concurrent.ThreadPoolExecutor$Worker@73f1de88[State = -1, empty queue]] WARN  server.GrpcLogAppender (GrpcLogAppender.java:timeoutAppendRequest(200)) - 2d4da40c-dd43-4554-9707-f6503cf38c80@group-6D8373F8491B->a413c2ef-7abc-47d7-b263-b9548e673ba5-GrpcLogAppender: appendEntries Timeout, request=2d4da40c-dd43-4554-9707-f6503cf38c80->a413c2ef-7abc-47d7-b263-b9548e673ba5#45-t1, previous=(t:1, i:20), leaderCommit=16, initializing? false, entries: <empty>
2019-09-12 04:22:26,763 [java.util.concurrent.ThreadPoolExecutor$Worker@2fea0fa2[State = -1, empty queue]] WARN  server.GrpcLogAppender (GrpcLogAppender.java:timeoutAppendRequest(200)) - 2d4da40c-dd43-4554-9707-f6503cf38c80@group-6D8373F8491B->f3263f9a-ef6c-4ff4-a6b2-5a62e946b753-GrpcLogAppender: appendEntries Timeout, request=2d4da40c-dd43-4554-9707-f6503cf38c80->f3263f9a-ef6c-4ff4-a6b2-5a62e946b753#46-t1, previous=(t:1, i:20), leaderCommit=16, initializing? false, entries: <empty>
2019-09-12 04:22:26,763 [java.util.concurrent.ThreadPoolExecutor$Worker@73f1de88[State = -1, empty queue]] WARN  server.GrpcLogAppender (GrpcLogAppender.java:timeoutAppendRequest(200)) - 2d4da40c-dd43-4554-9707-f6503cf38c80@group-6D8373F8491B->a413c2ef-7abc-47d7-b263-b9548e673ba5-GrpcLogAppender: appendEntries Timeout, request=2d4da40c-dd43-4554-9707-f6503cf38c80->a413c2ef-7abc-47d7-b263-b9548e673ba5#46-t1, previous=(t:1, i:20), leaderCommit=16, initializing? false, entries: <empty>
2019-09-12 04:22:26,894 [grpc-default-executor-14] INFO  client.GrpcClientProtocolClient (GrpcClientProtocolClient.java:onNext(264)) - client-70E987BF850D->a413c2ef-7abc-47d7-b263-b9548e673ba5: receive RaftClientReply:client-70E987BF850D->a413c2ef-7abc-47d7-b263-b9548e673ba5@group-6D8373F8491B, cid=298, FAILED org.apache.ratis.protocol.NotLeaderException: Server a413c2ef-7abc-47d7-b263-b9548e673ba5@group-6D8373F8491B is not the leader 2d4da40c-dd43-4554-9707-f6503cf38c80:192.168.34.8:45634, logIndex=0, commits[a413c2ef-7abc-47d7-b263-b9548e673ba5:c16, 2d4da40c-dd43-4554-9707-f6503cf38c80:c16, f3263f9a-ef6c-4ff4-a6b2-5a62e946b753:c12]
2019-09-12 04:22:29,263 [java.util.concurrent.ThreadPoolExecutor$Worker@73f1de88[State = -1, empty queue]] WARN  server.GrpcLogAppender (GrpcLogAppender.java:timeoutAppendRequest(200)) - 2d4da40c-dd43-4554-9707-f6503cf38c80@group-6D8373F8491B->a413c2ef-7abc-47d7-b263-b9548e673ba5-GrpcLogAppender: appendEntries Timeout, request=2d4da40c-dd43-4554-9707-f6503cf38c80->a413c2ef-7abc-47d7-b263-b9548e673ba5#47-t1, previous=(t:1, i:20), leaderCommit=16, initializing? false, entries: <empty>
2019-09-12 04:22:29,263 [java.util.concurrent.ThreadPoolExecutor$Worker@2fea0fa2[State = -1, empty queue]] WARN  server.GrpcLogAppender (GrpcLogAppender.java:timeoutAppendRequest(200)) - 2d4da40c-dd43-4554-9707-f6503cf38c80@group-6D8373F8491B->f3263f9a-ef6c-4ff4-a6b2-5a62e946b753-GrpcLogAppender: appendEntries Timeout, request=2d4da40c-dd43-4554-9707-f6503cf38c80->f3263f9a-ef6c-4ff4-a6b2-5a62e946b753#47-t1, previous=(t:1, i:20), leaderCommit=16, initializing? false, entries: <empty>
2019-09-12 04:22:31,251 [2d4da40c-dd43-4554-9707-f6503cf38c80@group-6D8373F8491B-SegmentedRaftLogWorker] WARN  segmented.SegmentedRaftLogWorker (SegmentedRaftLogWorker.java:getFromFuture(90)) - Timeout 6/~
org.apache.ratis.protocol.TimeoutIOException: Timeout 10s: WriteLog:17: (t:1, i:17), STATEMACHINELOGENTRY, client-70E987BF850D, cid=298-writeStateMachineData
	at org.apache.ratis.util.IOUtils.getFromFuture(IOUtils.java:87)
	at org.apache.ratis.server.raftlog.segmented.SegmentedRaftLogWorker$StateMachineDataPolicy.getFromFuture(SegmentedRaftLogWorker.java:87)
	at org.apache.ratis.server.raftlog.segmented.SegmentedRaftLogWorker$WriteLog.execute(SegmentedRaftLogWorker.java:477)
	at org.apache.ratis.server.raftlog.segmented.SegmentedRaftLogWorker.run(SegmentedRaftLogWorker.java:289)
	at java.lang.Thread.run(Thread.java:748)
Caused by: java.util.concurrent.TimeoutException
	at java.util.concurrent.CompletableFuture.timedGet(CompletableFuture.java:1771)
	at java.util.concurrent.CompletableFuture.get(CompletableFuture.java:1915)
	at org.apache.ratis.util.IOUtils.getFromFuture(IOUtils.java:79)
	... 4 more
2019-09-12 04:22:31,253 [a413c2ef-7abc-47d7-b263-b9548e673ba5@group-6D8373F8491B-SegmentedRaftLogWorker] WARN  segmented.SegmentedRaftLogWorker (SegmentedRaftLogWorker.java:getFromFuture(90)) - Timeout 6/~
org.apache.ratis.protocol.TimeoutIOException: Timeout 10s: WriteLog:17: (t:1, i:17), STATEMACHINELOGENTRY, client-70E987BF850D, cid=298-writeStateMachineData
	at org.apache.ratis.util.IOUtils.getFromFuture(IOUtils.java:87)
	at org.apache.ratis.server.raftlog.segmented.SegmentedRaftLogWorker$StateMachineDataPolicy.getFromFuture(SegmentedRaftLogWorker.java:87)
	at org.apache.ratis.server.raftlog.segmented.SegmentedRaftLogWorker$WriteLog.execute(SegmentedRaftLogWorker.java:477)
	at org.apache.ratis.server.raftlog.segmented.SegmentedRaftLogWorker.run(SegmentedRaftLogWorker.java:289)
	at java.lang.Thread.run(Thread.java:748)
Caused by: java.util.concurrent.TimeoutException
	at java.util.concurrent.CompletableFuture.timedGet(CompletableFuture.java:1771)
	at java.util.concurrent.CompletableFuture.get(CompletableFuture.java:1915)
	at org.apache.ratis.util.IOUtils.getFromFuture(IOUtils.java:79)
	... 4 more
2019-09-12 04:22:31,437 [f3263f9a-ef6c-4ff4-a6b2-5a62e946b753@group-6D8373F8491B-SegmentedRaftLogWorker] WARN  segmented.SegmentedRaftLogWorker (SegmentedRaftLogWorker.java:getFromFuture(90)) - Timeout 6/~
org.apache.ratis.protocol.TimeoutIOException: Timeout 10s: WriteLog:19: (t:1, i:19), STATEMACHINELOGENTRY, client-70E987BF850D, cid=300-writeStateMachineData
	at org.apache.ratis.util.IOUtils.getFromFuture(IOUtils.java:87)
	at org.apache.ratis.server.raftlog.segmented.SegmentedRaftLogWorker$StateMachineDataPolicy.getFromFuture(SegmentedRaftLogWorker.java:87)
	at org.apache.ratis.server.raftlog.segmented.SegmentedRaftLogWorker$WriteLog.execute(SegmentedRaftLogWorker.java:477)
	at org.apache.ratis.server.raftlog.segmented.SegmentedRaftLogWorker.run(SegmentedRaftLogWorker.java:289)
	at java.lang.Thread.run(Thread.java:748)
Caused by: java.util.concurrent.TimeoutException
	at java.util.concurrent.CompletableFuture.timedGet(CompletableFuture.java:1771)
	at java.util.concurrent.CompletableFuture.get(CompletableFuture.java:1915)
	at org.apache.ratis.util.IOUtils.getFromFuture(IOUtils.java:79)
	... 4 more
2019-09-12 04:22:31,765 [java.util.concurrent.ThreadPoolExecutor$Worker@73f1de88[State = -1, empty queue]] WARN  server.GrpcLogAppender (GrpcLogAppender.java:timeoutAppendRequest(200)) - 2d4da40c-dd43-4554-9707-f6503cf38c80@group-6D8373F8491B->a413c2ef-7abc-47d7-b263-b9548e673ba5-GrpcLogAppender: appendEntries Timeout, request=2d4da40c-dd43-4554-9707-f6503cf38c80->a413c2ef-7abc-47d7-b263-b9548e673ba5#48-t1, previous=(t:1, i:20), leaderCommit=16, initializing? false, entries: <empty>
2019-09-12 04:22:31,765 [java.util.concurrent.ThreadPoolExecutor$Worker@2fea0fa2[State = -1, empty queue]] WARN  server.GrpcLogAppender (GrpcLogAppender.java:timeoutAppendRequest(200)) - 2d4da40c-dd43-4554-9707-f6503cf38c80@group-6D8373F8491B->f3263f9a-ef6c-4ff4-a6b2-5a62e946b753-GrpcLogAppender: appendEntries Timeout, request=2d4da40c-dd43-4554-9707-f6503cf38c80->f3263f9a-ef6c-4ff4-a6b2-5a62e946b753#48-t1, previous=(t:1, i:20), leaderCommit=16, initializing? false, entries: <empty>
2019-09-12 04:22:31,955 [grpc-default-executor-14] INFO  client.GrpcClientProtocolClient (GrpcClientProtocolClient.java:onNext(264)) - client-70E987BF850D->a413c2ef-7abc-47d7-b263-b9548e673ba5: receive RaftClientReply:client-70E987BF850D->a413c2ef-7abc-47d7-b263-b9548e673ba5@group-6D8373F8491B, cid=298, FAILED org.apache.ratis.protocol.NotLeaderException: Server a413c2ef-7abc-47d7-b263-b9548e673ba5@group-6D8373F8491B is not the leader 2d4da40c-dd43-4554-9707-f6503cf38c80:192.168.34.8:45634, logIndex=0, commits[a413c2ef-7abc-47d7-b263-b9548e673ba5:c16, 2d4da40c-dd43-4554-9707-f6503cf38c80:c16, f3263f9a-ef6c-4ff4-a6b2-5a62e946b753:c12]
2019-09-12 04:22:34,291 [java.util.concurrent.ThreadPoolExecutor$Worker@73f1de88[State = -1, empty queue]] WARN  server.GrpcLogAppender (GrpcLogAppender.java:timeoutAppendRequest(200)) - 2d4da40c-dd43-4554-9707-f6503cf38c80@group-6D8373F8491B->a413c2ef-7abc-47d7-b263-b9548e673ba5-GrpcLogAppender: appendEntries Timeout, request=2d4da40c-dd43-4554-9707-f6503cf38c80->a413c2ef-7abc-47d7-b263-b9548e673ba5#49-t1, previous=(t:1, i:20), leaderCommit=16, initializing? false, entries: <empty>
2019-09-12 04:22:34,291 [java.util.concurrent.ThreadPoolExecutor$Worker@2fea0fa2[State = -1, empty queue]] WARN  server.GrpcLogAppender (GrpcLogAppender.java:timeoutAppendRequest(200)) - 2d4da40c-dd43-4554-9707-f6503cf38c80@group-6D8373F8491B->f3263f9a-ef6c-4ff4-a6b2-5a62e946b753-GrpcLogAppender: appendEntries Timeout, request=2d4da40c-dd43-4554-9707-f6503cf38c80->f3263f9a-ef6c-4ff4-a6b2-5a62e946b753#49-t1, previous=(t:1, i:20), leaderCommit=16, initializing? false, entries: <empty>
2019-09-12 04:22:36,792 [java.util.concurrent.ThreadPoolExecutor$Worker@73f1de88[State = -1, empty queue]] WARN  server.GrpcLogAppender (GrpcLogAppender.java:timeoutAppendRequest(200)) - 2d4da40c-dd43-4554-9707-f6503cf38c80@group-6D8373F8491B->a413c2ef-7abc-47d7-b263-b9548e673ba5-GrpcLogAppender: appendEntries Timeout, request=2d4da40c-dd43-4554-9707-f6503cf38c80->a413c2ef-7abc-47d7-b263-b9548e673ba5#50-t1, previous=(t:1, i:20), leaderCommit=16, initializing? false, entries: <empty>
2019-09-12 04:22:36,792 [java.util.concurrent.ThreadPoolExecutor$Worker@2fea0fa2[State = -1, empty queue]] WARN  server.GrpcLogAppender (GrpcLogAppender.java:timeoutAppendRequest(200)) - 2d4da40c-dd43-4554-9707-f6503cf38c80@group-6D8373F8491B->f3263f9a-ef6c-4ff4-a6b2-5a62e946b753-GrpcLogAppender: appendEntries Timeout, request=2d4da40c-dd43-4554-9707-f6503cf38c80->f3263f9a-ef6c-4ff4-a6b2-5a62e946b753#50-t1, previous=(t:1, i:20), leaderCommit=16, initializing? false, entries: <empty>
2019-09-12 04:22:37,011 [grpc-default-executor-6] INFO  client.GrpcClientProtocolClient (GrpcClientProtocolClient.java:onNext(264)) - client-70E987BF850D->a413c2ef-7abc-47d7-b263-b9548e673ba5: receive RaftClientReply:client-70E987BF850D->a413c2ef-7abc-47d7-b263-b9548e673ba5@group-6D8373F8491B, cid=298, FAILED org.apache.ratis.protocol.NotLeaderException: Server a413c2ef-7abc-47d7-b263-b9548e673ba5@group-6D8373F8491B is not the leader 2d4da40c-dd43-4554-9707-f6503cf38c80:192.168.34.8:45634, logIndex=0, commits[a413c2ef-7abc-47d7-b263-b9548e673ba5:c16, 2d4da40c-dd43-4554-9707-f6503cf38c80:c16, f3263f9a-ef6c-4ff4-a6b2-5a62e946b753:c12]
2019-09-12 04:22:39,293 [java.util.concurrent.ThreadPoolExecutor$Worker@2fea0fa2[State = -1, empty queue]] WARN  server.GrpcLogAppender (GrpcLogAppender.java:timeoutAppendRequest(200)) - 2d4da40c-dd43-4554-9707-f6503cf38c80@group-6D8373F8491B->f3263f9a-ef6c-4ff4-a6b2-5a62e946b753-GrpcLogAppender: appendEntries Timeout, request=2d4da40c-dd43-4554-9707-f6503cf38c80->f3263f9a-ef6c-4ff4-a6b2-5a62e946b753#51-t1, previous=(t:1, i:20), leaderCommit=16, initializing? false, entries: <empty>
2019-09-12 04:22:39,293 [java.util.concurrent.ThreadPoolExecutor$Worker@73f1de88[State = -1, empty queue]] WARN  server.GrpcLogAppender (GrpcLogAppender.java:timeoutAppendRequest(200)) - 2d4da40c-dd43-4554-9707-f6503cf38c80@group-6D8373F8491B->a413c2ef-7abc-47d7-b263-b9548e673ba5-GrpcLogAppender: appendEntries Timeout, request=2d4da40c-dd43-4554-9707-f6503cf38c80->a413c2ef-7abc-47d7-b263-b9548e673ba5#51-t1, previous=(t:1, i:20), leaderCommit=16, initializing? false, entries: <empty>
2019-09-12 04:22:41,253 [2d4da40c-dd43-4554-9707-f6503cf38c80@group-6D8373F8491B-SegmentedRaftLogWorker] WARN  segmented.SegmentedRaftLogWorker (SegmentedRaftLogWorker.java:getFromFuture(90)) - Timeout 7/~
org.apache.ratis.protocol.TimeoutIOException: Timeout 10s: WriteLog:17: (t:1, i:17), STATEMACHINELOGENTRY, client-70E987BF850D, cid=298-writeStateMachineData
	at org.apache.ratis.util.IOUtils.getFromFuture(IOUtils.java:87)
	at org.apache.ratis.server.raftlog.segmented.SegmentedRaftLogWorker$StateMachineDataPolicy.getFromFuture(SegmentedRaftLogWorker.java:87)
	at org.apache.ratis.server.raftlog.segmented.SegmentedRaftLogWorker$WriteLog.execute(SegmentedRaftLogWorker.java:477)
	at org.apache.ratis.server.raftlog.segmented.SegmentedRaftLogWorker.run(SegmentedRaftLogWorker.java:289)
	at java.lang.Thread.run(Thread.java:748)
Caused by: java.util.concurrent.TimeoutException
	at java.util.concurrent.CompletableFuture.timedGet(CompletableFuture.java:1771)
	at java.util.concurrent.CompletableFuture.get(CompletableFuture.java:1915)
	at org.apache.ratis.util.IOUtils.getFromFuture(IOUtils.java:79)
	... 4 more
2019-09-12 04:22:41,291 [a413c2ef-7abc-47d7-b263-b9548e673ba5@group-6D8373F8491B-SegmentedRaftLogWorker] WARN  segmented.SegmentedRaftLogWorker (SegmentedRaftLogWorker.java:getFromFuture(90)) - Timeout 7/~
org.apache.ratis.protocol.TimeoutIOException: Timeout 10s: WriteLog:17: (t:1, i:17), STATEMACHINELOGENTRY, client-70E987BF850D, cid=298-writeStateMachineData
	at org.apache.ratis.util.IOUtils.getFromFuture(IOUtils.java:87)
	at org.apache.ratis.server.raftlog.segmented.SegmentedRaftLogWorker$StateMachineDataPolicy.getFromFuture(SegmentedRaftLogWorker.java:87)
	at org.apache.ratis.server.raftlog.segmented.SegmentedRaftLogWorker$WriteLog.execute(SegmentedRaftLogWorker.java:477)
	at org.apache.ratis.server.raftlog.segmented.SegmentedRaftLogWorker.run(SegmentedRaftLogWorker.java:289)
	at java.lang.Thread.run(Thread.java:748)
Caused by: java.util.concurrent.TimeoutException
	at java.util.concurrent.CompletableFuture.timedGet(CompletableFuture.java:1771)
	at java.util.concurrent.CompletableFuture.get(CompletableFuture.java:1915)
	at org.apache.ratis.util.IOUtils.getFromFuture(IOUtils.java:79)
	... 4 more
2019-09-12 04:22:41,438 [f3263f9a-ef6c-4ff4-a6b2-5a62e946b753@group-6D8373F8491B-SegmentedRaftLogWorker] WARN  segmented.SegmentedRaftLogWorker (SegmentedRaftLogWorker.java:getFromFuture(90)) - Timeout 7/~
org.apache.ratis.protocol.TimeoutIOException: Timeout 10s: WriteLog:19: (t:1, i:19), STATEMACHINELOGENTRY, client-70E987BF850D, cid=300-writeStateMachineData
	at org.apache.ratis.util.IOUtils.getFromFuture(IOUtils.java:87)
	at org.apache.ratis.server.raftlog.segmented.SegmentedRaftLogWorker$StateMachineDataPolicy.getFromFuture(SegmentedRaftLogWorker.java:87)
	at org.apache.ratis.server.raftlog.segmented.SegmentedRaftLogWorker$WriteLog.execute(SegmentedRaftLogWorker.java:477)
	at org.apache.ratis.server.raftlog.segmented.SegmentedRaftLogWorker.run(SegmentedRaftLogWorker.java:289)
	at java.lang.Thread.run(Thread.java:748)
Caused by: java.util.concurrent.TimeoutException
	at java.util.concurrent.CompletableFuture.timedGet(CompletableFuture.java:1771)
	at java.util.concurrent.CompletableFuture.get(CompletableFuture.java:1915)
	at org.apache.ratis.util.IOUtils.getFromFuture(IOUtils.java:79)
	... 4 more
2019-09-12 04:22:41,794 [java.util.concurrent.ThreadPoolExecutor$Worker@73f1de88[State = -1, empty queue]] WARN  server.GrpcLogAppender (GrpcLogAppender.java:timeoutAppendRequest(200)) - 2d4da40c-dd43-4554-9707-f6503cf38c80@group-6D8373F8491B->a413c2ef-7abc-47d7-b263-b9548e673ba5-GrpcLogAppender: appendEntries Timeout, request=2d4da40c-dd43-4554-9707-f6503cf38c80->a413c2ef-7abc-47d7-b263-b9548e673ba5#52-t1, previous=(t:1, i:20), leaderCommit=16, initializing? false, entries: <empty>
2019-09-12 04:22:41,794 [java.util.concurrent.ThreadPoolExecutor$Worker@2fea0fa2[State = -1, empty queue]] WARN  server.GrpcLogAppender (GrpcLogAppender.java:timeoutAppendRequest(200)) - 2d4da40c-dd43-4554-9707-f6503cf38c80@group-6D8373F8491B->f3263f9a-ef6c-4ff4-a6b2-5a62e946b753-GrpcLogAppender: appendEntries Timeout, request=2d4da40c-dd43-4554-9707-f6503cf38c80->f3263f9a-ef6c-4ff4-a6b2-5a62e946b753#52-t1, previous=(t:1, i:20), leaderCommit=16, initializing? false, entries: <empty>
2019-09-12 04:22:42,080 [grpc-default-executor-11] INFO  client.GrpcClientProtocolClient (GrpcClientProtocolClient.java:onNext(264)) - client-70E987BF850D->a413c2ef-7abc-47d7-b263-b9548e673ba5: receive RaftClientReply:client-70E987BF850D->a413c2ef-7abc-47d7-b263-b9548e673ba5@group-6D8373F8491B, cid=298, FAILED org.apache.ratis.protocol.NotLeaderException: Server a413c2ef-7abc-47d7-b263-b9548e673ba5@group-6D8373F8491B is not the leader 2d4da40c-dd43-4554-9707-f6503cf38c80:192.168.34.8:45634, logIndex=0, commits[a413c2ef-7abc-47d7-b263-b9548e673ba5:c16, 2d4da40c-dd43-4554-9707-f6503cf38c80:c16, f3263f9a-ef6c-4ff4-a6b2-5a62e946b753:c12]
2019-09-12 04:22:44,295 [java.util.concurrent.ThreadPoolExecutor$Worker@73f1de88[State = -1, empty queue]] WARN  server.GrpcLogAppender (GrpcLogAppender.java:timeoutAppendRequest(200)) - 2d4da40c-dd43-4554-9707-f6503cf38c80@group-6D8373F8491B->a413c2ef-7abc-47d7-b263-b9548e673ba5-GrpcLogAppender: appendEntries Timeout, request=2d4da40c-dd43-4554-9707-f6503cf38c80->a413c2ef-7abc-47d7-b263-b9548e673ba5#53-t1, previous=(t:1, i:20), leaderCommit=16, initializing? false, entries: <empty>
2019-09-12 04:22:44,295 [java.util.concurrent.ThreadPoolExecutor$Worker@2fea0fa2[State = -1, empty queue]] WARN  server.GrpcLogAppender (GrpcLogAppender.java:timeoutAppendRequest(200)) - 2d4da40c-dd43-4554-9707-f6503cf38c80@group-6D8373F8491B->f3263f9a-ef6c-4ff4-a6b2-5a62e946b753-GrpcLogAppender: appendEntries Timeout, request=2d4da40c-dd43-4554-9707-f6503cf38c80->f3263f9a-ef6c-4ff4-a6b2-5a62e946b753#53-t1, previous=(t:1, i:20), leaderCommit=16, initializing? false, entries: <empty>
2019-09-12 04:22:46,795 [java.util.concurrent.ThreadPoolExecutor$Worker@73f1de88[State = -1, empty queue]] WARN  server.GrpcLogAppender (GrpcLogAppender.java:timeoutAppendRequest(200)) - 2d4da40c-dd43-4554-9707-f6503cf38c80@group-6D8373F8491B->a413c2ef-7abc-47d7-b263-b9548e673ba5-GrpcLogAppender: appendEntries Timeout, request=2d4da40c-dd43-4554-9707-f6503cf38c80->a413c2ef-7abc-47d7-b263-b9548e673ba5#54-t1, previous=(t:1, i:20), leaderCommit=16, initializing? false, entries: <empty>
2019-09-12 04:22:46,795 [java.util.concurrent.ThreadPoolExecutor$Worker@2fea0fa2[State = -1, empty queue]] WARN  server.GrpcLogAppender (GrpcLogAppender.java:timeoutAppendRequest(200)) - 2d4da40c-dd43-4554-9707-f6503cf38c80@group-6D8373F8491B->f3263f9a-ef6c-4ff4-a6b2-5a62e946b753-GrpcLogAppender: appendEntries Timeout, request=2d4da40c-dd43-4554-9707-f6503cf38c80->f3263f9a-ef6c-4ff4-a6b2-5a62e946b753#54-t1, previous=(t:1, i:20), leaderCommit=16, initializing? false, entries: <empty>
2019-09-12 04:22:47,138 [grpc-default-executor-11] INFO  client.GrpcClientProtocolClient (GrpcClientProtocolClient.java:onNext(264)) - client-70E987BF850D->a413c2ef-7abc-47d7-b263-b9548e673ba5: receive RaftClientReply:client-70E987BF850D->a413c2ef-7abc-47d7-b263-b9548e673ba5@group-6D8373F8491B, cid=298, FAILED org.apache.ratis.protocol.NotLeaderException: Server a413c2ef-7abc-47d7-b263-b9548e673ba5@group-6D8373F8491B is not the leader 2d4da40c-dd43-4554-9707-f6503cf38c80:192.168.34.8:45634, logIndex=0, commits[a413c2ef-7abc-47d7-b263-b9548e673ba5:c16, 2d4da40c-dd43-4554-9707-f6503cf38c80:c16, f3263f9a-ef6c-4ff4-a6b2-5a62e946b753:c12]
2019-09-12 04:22:49,296 [java.util.concurrent.ThreadPoolExecutor$Worker@2fea0fa2[State = -1, empty queue]] WARN  server.GrpcLogAppender (GrpcLogAppender.java:timeoutAppendRequest(200)) - 2d4da40c-dd43-4554-9707-f6503cf38c80@group-6D8373F8491B->f3263f9a-ef6c-4ff4-a6b2-5a62e946b753-GrpcLogAppender: appendEntries Timeout, request=2d4da40c-dd43-4554-9707-f6503cf38c80->f3263f9a-ef6c-4ff4-a6b2-5a62e946b753#55-t1, previous=(t:1, i:20), leaderCommit=16, initializing? false, entries: <empty>
2019-09-12 04:22:49,296 [java.util.concurrent.ThreadPoolExecutor$Worker@73f1de88[State = -1, empty queue]] WARN  server.GrpcLogAppender (GrpcLogAppender.java:timeoutAppendRequest(200)) - 2d4da40c-dd43-4554-9707-f6503cf38c80@group-6D8373F8491B->a413c2ef-7abc-47d7-b263-b9548e673ba5-GrpcLogAppender: appendEntries Timeout, request=2d4da40c-dd43-4554-9707-f6503cf38c80->a413c2ef-7abc-47d7-b263-b9548e673ba5#55-t1, previous=(t:1, i:20), leaderCommit=16, initializing? false, entries: <empty>
2019-09-12 04:22:51,255 [2d4da40c-dd43-4554-9707-f6503cf38c80@group-6D8373F8491B-SegmentedRaftLogWorker] WARN  segmented.SegmentedRaftLogWorker (SegmentedRaftLogWorker.java:getFromFuture(90)) - Timeout 8/~
org.apache.ratis.protocol.TimeoutIOException: Timeout 10s: WriteLog:17: (t:1, i:17), STATEMACHINELOGENTRY, client-70E987BF850D, cid=298-writeStateMachineData
	at org.apache.ratis.util.IOUtils.getFromFuture(IOUtils.java:87)
	at org.apache.ratis.server.raftlog.segmented.SegmentedRaftLogWorker$StateMachineDataPolicy.getFromFuture(SegmentedRaftLogWorker.java:87)
	at org.apache.ratis.server.raftlog.segmented.SegmentedRaftLogWorker$WriteLog.execute(SegmentedRaftLogWorker.java:477)
	at org.apache.ratis.server.raftlog.segmented.SegmentedRaftLogWorker.run(SegmentedRaftLogWorker.java:289)
	at java.lang.Thread.run(Thread.java:748)
Caused by: java.util.concurrent.TimeoutException
	at java.util.concurrent.CompletableFuture.timedGet(CompletableFuture.java:1771)
	at java.util.concurrent.CompletableFuture.get(CompletableFuture.java:1915)
	at org.apache.ratis.util.IOUtils.getFromFuture(IOUtils.java:79)
	... 4 more
2019-09-12 04:22:51,292 [a413c2ef-7abc-47d7-b263-b9548e673ba5@group-6D8373F8491B-SegmentedRaftLogWorker] WARN  segmented.SegmentedRaftLogWorker (SegmentedRaftLogWorker.java:getFromFuture(90)) - Timeout 8/~
org.apache.ratis.protocol.TimeoutIOException: Timeout 10s: WriteLog:17: (t:1, i:17), STATEMACHINELOGENTRY, client-70E987BF850D, cid=298-writeStateMachineData
	at org.apache.ratis.util.IOUtils.getFromFuture(IOUtils.java:87)
	at org.apache.ratis.server.raftlog.segmented.SegmentedRaftLogWorker$StateMachineDataPolicy.getFromFuture(SegmentedRaftLogWorker.java:87)
	at org.apache.ratis.server.raftlog.segmented.SegmentedRaftLogWorker$WriteLog.execute(SegmentedRaftLogWorker.java:477)
	at org.apache.ratis.server.raftlog.segmented.SegmentedRaftLogWorker.run(SegmentedRaftLogWorker.java:289)
	at java.lang.Thread.run(Thread.java:748)
Caused by: java.util.concurrent.TimeoutException
	at java.util.concurrent.CompletableFuture.timedGet(CompletableFuture.java:1771)
	at java.util.concurrent.CompletableFuture.get(CompletableFuture.java:1915)
	at org.apache.ratis.util.IOUtils.getFromFuture(IOUtils.java:79)
	... 4 more
2019-09-12 04:22:51,438 [f3263f9a-ef6c-4ff4-a6b2-5a62e946b753@group-6D8373F8491B-SegmentedRaftLogWorker] WARN  segmented.SegmentedRaftLogWorker (SegmentedRaftLogWorker.java:getFromFuture(90)) - Timeout 8/~
org.apache.ratis.protocol.TimeoutIOException: Timeout 10s: WriteLog:19: (t:1, i:19), STATEMACHINELOGENTRY, client-70E987BF850D, cid=300-writeStateMachineData
	at org.apache.ratis.util.IOUtils.getFromFuture(IOUtils.java:87)
	at org.apache.ratis.server.raftlog.segmented.SegmentedRaftLogWorker$StateMachineDataPolicy.getFromFuture(SegmentedRaftLogWorker.java:87)
	at org.apache.ratis.server.raftlog.segmented.SegmentedRaftLogWorker$WriteLog.execute(SegmentedRaftLogWorker.java:477)
	at org.apache.ratis.server.raftlog.segmented.SegmentedRaftLogWorker.run(SegmentedRaftLogWorker.java:289)
	at java.lang.Thread.run(Thread.java:748)
Caused by: java.util.concurrent.TimeoutException
	at java.util.concurrent.CompletableFuture.timedGet(CompletableFuture.java:1771)
	at java.util.concurrent.CompletableFuture.get(CompletableFuture.java:1915)
	at org.apache.ratis.util.IOUtils.getFromFuture(IOUtils.java:79)
	... 4 more
2019-09-12 04:22:51,797 [java.util.concurrent.ThreadPoolExecutor$Worker@73f1de88[State = -1, empty queue]] WARN  server.GrpcLogAppender (GrpcLogAppender.java:timeoutAppendRequest(200)) - 2d4da40c-dd43-4554-9707-f6503cf38c80@group-6D8373F8491B->a413c2ef-7abc-47d7-b263-b9548e673ba5-GrpcLogAppender: appendEntries Timeout, request=2d4da40c-dd43-4554-9707-f6503cf38c80->a413c2ef-7abc-47d7-b263-b9548e673ba5#56-t1, previous=(t:1, i:20), leaderCommit=16, initializing? false, entries: <empty>
2019-09-12 04:22:51,797 [java.util.concurrent.ThreadPoolExecutor$Worker@2fea0fa2[State = -1, empty queue]] WARN  server.GrpcLogAppender (GrpcLogAppender.java:timeoutAppendRequest(200)) - 2d4da40c-dd43-4554-9707-f6503cf38c80@group-6D8373F8491B->f3263f9a-ef6c-4ff4-a6b2-5a62e946b753-GrpcLogAppender: appendEntries Timeout, request=2d4da40c-dd43-4554-9707-f6503cf38c80->f3263f9a-ef6c-4ff4-a6b2-5a62e946b753#56-t1, previous=(t:1, i:20), leaderCommit=16, initializing? false, entries: <empty>
2019-09-12 04:22:52,191 [grpc-default-executor-11] INFO  client.GrpcClientProtocolClient (GrpcClientProtocolClient.java:onNext(264)) - client-70E987BF850D->a413c2ef-7abc-47d7-b263-b9548e673ba5: receive RaftClientReply:client-70E987BF850D->a413c2ef-7abc-47d7-b263-b9548e673ba5@group-6D8373F8491B, cid=298, FAILED org.apache.ratis.protocol.NotLeaderException: Server a413c2ef-7abc-47d7-b263-b9548e673ba5@group-6D8373F8491B is not the leader 2d4da40c-dd43-4554-9707-f6503cf38c80:192.168.34.8:45634, logIndex=0, commits[a413c2ef-7abc-47d7-b263-b9548e673ba5:c16, 2d4da40c-dd43-4554-9707-f6503cf38c80:c16, f3263f9a-ef6c-4ff4-a6b2-5a62e946b753:c12]
2019-09-12 04:22:54,298 [java.util.concurrent.ThreadPoolExecutor$Worker@2fea0fa2[State = -1, empty queue]] WARN  server.GrpcLogAppender (GrpcLogAppender.java:timeoutAppendRequest(200)) - 2d4da40c-dd43-4554-9707-f6503cf38c80@group-6D8373F8491B->f3263f9a-ef6c-4ff4-a6b2-5a62e946b753-GrpcLogAppender: appendEntries Timeout, request=2d4da40c-dd43-4554-9707-f6503cf38c80->f3263f9a-ef6c-4ff4-a6b2-5a62e946b753#57-t1, previous=(t:1, i:20), leaderCommit=16, initializing? false, entries: <empty>
2019-09-12 04:22:54,298 [java.util.concurrent.ThreadPoolExecutor$Worker@73f1de88[State = -1, empty queue]] WARN  server.GrpcLogAppender (GrpcLogAppender.java:timeoutAppendRequest(200)) - 2d4da40c-dd43-4554-9707-f6503cf38c80@group-6D8373F8491B->a413c2ef-7abc-47d7-b263-b9548e673ba5-GrpcLogAppender: appendEntries Timeout, request=2d4da40c-dd43-4554-9707-f6503cf38c80->a413c2ef-7abc-47d7-b263-b9548e673ba5#57-t1, previous=(t:1, i:20), leaderCommit=16, initializing? false, entries: <empty>
2019-09-12 04:22:56,798 [java.util.concurrent.ThreadPoolExecutor$Worker@73f1de88[State = -1, empty queue]] WARN  server.GrpcLogAppender (GrpcLogAppender.java:timeoutAppendRequest(200)) - 2d4da40c-dd43-4554-9707-f6503cf38c80@group-6D8373F8491B->a413c2ef-7abc-47d7-b263-b9548e673ba5-GrpcLogAppender: appendEntries Timeout, request=2d4da40c-dd43-4554-9707-f6503cf38c80->a413c2ef-7abc-47d7-b263-b9548e673ba5#58-t1, previous=(t:1, i:20), leaderCommit=16, initializing? false, entries: <empty>
2019-09-12 04:22:56,798 [java.util.concurrent.ThreadPoolExecutor$Worker@2fea0fa2[State = -1, empty queue]] WARN  server.GrpcLogAppender (GrpcLogAppender.java:timeoutAppendRequest(200)) - 2d4da40c-dd43-4554-9707-f6503cf38c80@group-6D8373F8491B->f3263f9a-ef6c-4ff4-a6b2-5a62e946b753-GrpcLogAppender: appendEntries Timeout, request=2d4da40c-dd43-4554-9707-f6503cf38c80->f3263f9a-ef6c-4ff4-a6b2-5a62e946b753#58-t1, previous=(t:1, i:20), leaderCommit=16, initializing? false, entries: <empty>
2019-09-12 04:22:57,261 [grpc-default-executor-14] INFO  client.GrpcClientProtocolClient (GrpcClientProtocolClient.java:onNext(264)) - client-70E987BF850D->f3263f9a-ef6c-4ff4-a6b2-5a62e946b753: receive RaftClientReply:client-70E987BF850D->f3263f9a-ef6c-4ff4-a6b2-5a62e946b753@group-6D8373F8491B, cid=298, FAILED org.apache.ratis.protocol.NotLeaderException: Server f3263f9a-ef6c-4ff4-a6b2-5a62e946b753@group-6D8373F8491B is not the leader 2d4da40c-dd43-4554-9707-f6503cf38c80:192.168.34.8:45634, logIndex=0, commits[f3263f9a-ef6c-4ff4-a6b2-5a62e946b753:c16, 2d4da40c-dd43-4554-9707-f6503cf38c80:c16, a413c2ef-7abc-47d7-b263-b9548e673ba5:c12]
2019-09-12 04:22:59,299 [java.util.concurrent.ThreadPoolExecutor$Worker@2fea0fa2[State = -1, empty queue]] WARN  server.GrpcLogAppender (GrpcLogAppender.java:timeoutAppendRequest(200)) - 2d4da40c-dd43-4554-9707-f6503cf38c80@group-6D8373F8491B->f3263f9a-ef6c-4ff4-a6b2-5a62e946b753-GrpcLogAppender: appendEntries Timeout, request=2d4da40c-dd43-4554-9707-f6503cf38c80->f3263f9a-ef6c-4ff4-a6b2-5a62e946b753#59-t1, previous=(t:1, i:20), leaderCommit=16, initializing? false, entries: <empty>
2019-09-12 04:22:59,299 [java.util.concurrent.ThreadPoolExecutor$Worker@73f1de88[State = -1, empty queue]] WARN  server.GrpcLogAppender (GrpcLogAppender.java:timeoutAppendRequest(200)) - 2d4da40c-dd43-4554-9707-f6503cf38c80@group-6D8373F8491B->a413c2ef-7abc-47d7-b263-b9548e673ba5-GrpcLogAppender: appendEntries Timeout, request=2d4da40c-dd43-4554-9707-f6503cf38c80->a413c2ef-7abc-47d7-b263-b9548e673ba5#59-t1, previous=(t:1, i:20), leaderCommit=16, initializing? false, entries: <empty>
2019-09-12 04:23:01,256 [2d4da40c-dd43-4554-9707-f6503cf38c80@group-6D8373F8491B-SegmentedRaftLogWorker] WARN  segmented.SegmentedRaftLogWorker (SegmentedRaftLogWorker.java:getFromFuture(90)) - Timeout 9/~
org.apache.ratis.protocol.TimeoutIOException: Timeout 10s: WriteLog:17: (t:1, i:17), STATEMACHINELOGENTRY, client-70E987BF850D, cid=298-writeStateMachineData
	at org.apache.ratis.util.IOUtils.getFromFuture(IOUtils.java:87)
	at org.apache.ratis.server.raftlog.segmented.SegmentedRaftLogWorker$StateMachineDataPolicy.getFromFuture(SegmentedRaftLogWorker.java:87)
	at org.apache.ratis.server.raftlog.segmented.SegmentedRaftLogWorker$WriteLog.execute(SegmentedRaftLogWorker.java:477)
	at org.apache.ratis.server.raftlog.segmented.SegmentedRaftLogWorker.run(SegmentedRaftLogWorker.java:289)
	at java.lang.Thread.run(Thread.java:748)
Caused by: java.util.concurrent.TimeoutException
	at java.util.concurrent.CompletableFuture.timedGet(CompletableFuture.java:1771)
	at java.util.concurrent.CompletableFuture.get(CompletableFuture.java:1915)
	at org.apache.ratis.util.IOUtils.getFromFuture(IOUtils.java:79)
	... 4 more
2019-09-12 04:23:01,293 [a413c2ef-7abc-47d7-b263-b9548e673ba5@group-6D8373F8491B-SegmentedRaftLogWorker] WARN  segmented.SegmentedRaftLogWorker (SegmentedRaftLogWorker.java:getFromFuture(90)) - Timeout 9/~
org.apache.ratis.protocol.TimeoutIOException: Timeout 10s: WriteLog:17: (t:1, i:17), STATEMACHINELOGENTRY, client-70E987BF850D, cid=298-writeStateMachineData
	at org.apache.ratis.util.IOUtils.getFromFuture(IOUtils.java:87)
	at org.apache.ratis.server.raftlog.segmented.SegmentedRaftLogWorker$StateMachineDataPolicy.getFromFuture(SegmentedRaftLogWorker.java:87)
	at org.apache.ratis.server.raftlog.segmented.SegmentedRaftLogWorker$WriteLog.execute(SegmentedRaftLogWorker.java:477)
	at org.apache.ratis.server.raftlog.segmented.SegmentedRaftLogWorker.run(SegmentedRaftLogWorker.java:289)
	at java.lang.Thread.run(Thread.java:748)
Caused by: java.util.concurrent.TimeoutException
	at java.util.concurrent.CompletableFuture.timedGet(CompletableFuture.java:1771)
	at java.util.concurrent.CompletableFuture.get(CompletableFuture.java:1915)
	at org.apache.ratis.util.IOUtils.getFromFuture(IOUtils.java:79)
	... 4 more
2019-09-12 04:23:01,439 [f3263f9a-ef6c-4ff4-a6b2-5a62e946b753@group-6D8373F8491B-SegmentedRaftLogWorker] WARN  segmented.SegmentedRaftLogWorker (SegmentedRaftLogWorker.java:getFromFuture(90)) - Timeout 9/~
org.apache.ratis.protocol.TimeoutIOException: Timeout 10s: WriteLog:19: (t:1, i:19), STATEMACHINELOGENTRY, client-70E987BF850D, cid=300-writeStateMachineData
	at org.apache.ratis.util.IOUtils.getFromFuture(IOUtils.java:87)
	at org.apache.ratis.server.raftlog.segmented.SegmentedRaftLogWorker$StateMachineDataPolicy.getFromFuture(SegmentedRaftLogWorker.java:87)
	at org.apache.ratis.server.raftlog.segmented.SegmentedRaftLogWorker$WriteLog.execute(SegmentedRaftLogWorker.java:477)
	at org.apache.ratis.server.raftlog.segmented.SegmentedRaftLogWorker.run(SegmentedRaftLogWorker.java:289)
	at java.lang.Thread.run(Thread.java:748)
Caused by: java.util.concurrent.TimeoutException
	at java.util.concurrent.CompletableFuture.timedGet(CompletableFuture.java:1771)
	at java.util.concurrent.CompletableFuture.get(CompletableFuture.java:1915)
	at org.apache.ratis.util.IOUtils.getFromFuture(IOUtils.java:79)
	... 4 more
2019-09-12 04:23:01,800 [java.util.concurrent.ThreadPoolExecutor$Worker@2fea0fa2[State = -1, empty queue]] WARN  server.GrpcLogAppender (GrpcLogAppender.java:timeoutAppendRequest(200)) - 2d4da40c-dd43-4554-9707-f6503cf38c80@group-6D8373F8491B->f3263f9a-ef6c-4ff4-a6b2-5a62e946b753-GrpcLogAppender: appendEntries Timeout, request=2d4da40c-dd43-4554-9707-f6503cf38c80->f3263f9a-ef6c-4ff4-a6b2-5a62e946b753#60-t1, previous=(t:1, i:20), leaderCommit=16, initializing? false, entries: <empty>
2019-09-12 04:23:01,800 [java.util.concurrent.ThreadPoolExecutor$Worker@73f1de88[State = -1, empty queue]] WARN  server.GrpcLogAppender (GrpcLogAppender.java:timeoutAppendRequest(200)) - 2d4da40c-dd43-4554-9707-f6503cf38c80@group-6D8373F8491B->a413c2ef-7abc-47d7-b263-b9548e673ba5-GrpcLogAppender: appendEntries Timeout, request=2d4da40c-dd43-4554-9707-f6503cf38c80->a413c2ef-7abc-47d7-b263-b9548e673ba5#60-t1, previous=(t:1, i:20), leaderCommit=16, initializing? false, entries: <empty>
2019-09-12 04:23:02,329 [grpc-default-executor-11] INFO  client.GrpcClientProtocolClient (GrpcClientProtocolClient.java:onNext(264)) - client-70E987BF850D->a413c2ef-7abc-47d7-b263-b9548e673ba5: receive RaftClientReply:client-70E987BF850D->a413c2ef-7abc-47d7-b263-b9548e673ba5@group-6D8373F8491B, cid=298, FAILED org.apache.ratis.protocol.NotLeaderException: Server a413c2ef-7abc-47d7-b263-b9548e673ba5@group-6D8373F8491B is not the leader 2d4da40c-dd43-4554-9707-f6503cf38c80:192.168.34.8:45634, logIndex=0, commits[a413c2ef-7abc-47d7-b263-b9548e673ba5:c16, 2d4da40c-dd43-4554-9707-f6503cf38c80:c16, f3263f9a-ef6c-4ff4-a6b2-5a62e946b753:c12]
2019-09-12 04:23:04,311 [java.util.concurrent.ThreadPoolExecutor$Worker@2fea0fa2[State = -1, empty queue]] WARN  server.GrpcLogAppender (GrpcLogAppender.java:timeoutAppendRequest(200)) - 2d4da40c-dd43-4554-9707-f6503cf38c80@group-6D8373F8491B->f3263f9a-ef6c-4ff4-a6b2-5a62e946b753-GrpcLogAppender: appendEntries Timeout, request=2d4da40c-dd43-4554-9707-f6503cf38c80->f3263f9a-ef6c-4ff4-a6b2-5a62e946b753#61-t1, previous=(t:1, i:20), leaderCommit=16, initializing? false, entries: <empty>
2019-09-12 04:23:04,311 [java.util.concurrent.ThreadPoolExecutor$Worker@73f1de88[State = -1, empty queue]] WARN  server.GrpcLogAppender (GrpcLogAppender.java:timeoutAppendRequest(200)) - 2d4da40c-dd43-4554-9707-f6503cf38c80@group-6D8373F8491B->a413c2ef-7abc-47d7-b263-b9548e673ba5-GrpcLogAppender: appendEntries Timeout, request=2d4da40c-dd43-4554-9707-f6503cf38c80->a413c2ef-7abc-47d7-b263-b9548e673ba5#61-t1, previous=(t:1, i:20), leaderCommit=16, initializing? false, entries: <empty>
2019-09-12 04:23:06,812 [java.util.concurrent.ThreadPoolExecutor$Worker@2fea0fa2[State = -1, empty queue]] WARN  server.GrpcLogAppender (GrpcLogAppender.java:timeoutAppendRequest(200)) - 2d4da40c-dd43-4554-9707-f6503cf38c80@group-6D8373F8491B->f3263f9a-ef6c-4ff4-a6b2-5a62e946b753-GrpcLogAppender: appendEntries Timeout, request=2d4da40c-dd43-4554-9707-f6503cf38c80->f3263f9a-ef6c-4ff4-a6b2-5a62e946b753#62-t1, previous=(t:1, i:20), leaderCommit=16, initializing? false, entries: <empty>
2019-09-12 04:23:06,812 [java.util.concurrent.ThreadPoolExecutor$Worker@73f1de88[State = -1, empty queue]] WARN  server.GrpcLogAppender (GrpcLogAppender.java:timeoutAppendRequest(200)) - 2d4da40c-dd43-4554-9707-f6503cf38c80@group-6D8373F8491B->a413c2ef-7abc-47d7-b263-b9548e673ba5-GrpcLogAppender: appendEntries Timeout, request=2d4da40c-dd43-4554-9707-f6503cf38c80->a413c2ef-7abc-47d7-b263-b9548e673ba5#62-t1, previous=(t:1, i:20), leaderCommit=16, initializing? false, entries: <empty>
2019-09-12 04:23:07,378 [grpc-default-executor-6] INFO  client.GrpcClientProtocolClient (GrpcClientProtocolClient.java:onNext(264)) - client-70E987BF850D->a413c2ef-7abc-47d7-b263-b9548e673ba5: receive RaftClientReply:client-70E987BF850D->a413c2ef-7abc-47d7-b263-b9548e673ba5@group-6D8373F8491B, cid=298, FAILED org.apache.ratis.protocol.NotLeaderException: Server a413c2ef-7abc-47d7-b263-b9548e673ba5@group-6D8373F8491B is not the leader 2d4da40c-dd43-4554-9707-f6503cf38c80:192.168.34.8:45634, logIndex=0, commits[a413c2ef-7abc-47d7-b263-b9548e673ba5:c16, 2d4da40c-dd43-4554-9707-f6503cf38c80:c16, f3263f9a-ef6c-4ff4-a6b2-5a62e946b753:c12]
2019-09-12 04:23:09,313 [java.util.concurrent.ThreadPoolExecutor$Worker@73f1de88[State = -1, empty queue]] WARN  server.GrpcLogAppender (GrpcLogAppender.java:timeoutAppendRequest(200)) - 2d4da40c-dd43-4554-9707-f6503cf38c80@group-6D8373F8491B->a413c2ef-7abc-47d7-b263-b9548e673ba5-GrpcLogAppender: appendEntries Timeout, request=2d4da40c-dd43-4554-9707-f6503cf38c80->a413c2ef-7abc-47d7-b263-b9548e673ba5#63-t1, previous=(t:1, i:20), leaderCommit=16, initializing? false, entries: <empty>
2019-09-12 04:23:09,313 [java.util.concurrent.ThreadPoolExecutor$Worker@2fea0fa2[State = -1, empty queue]] WARN  server.GrpcLogAppender (GrpcLogAppender.java:timeoutAppendRequest(200)) - 2d4da40c-dd43-4554-9707-f6503cf38c80@group-6D8373F8491B->f3263f9a-ef6c-4ff4-a6b2-5a62e946b753-GrpcLogAppender: appendEntries Timeout, request=2d4da40c-dd43-4554-9707-f6503cf38c80->f3263f9a-ef6c-4ff4-a6b2-5a62e946b753#63-t1, previous=(t:1, i:20), leaderCommit=16, initializing? false, entries: <empty>
2019-09-12 04:23:11,258 [2d4da40c-dd43-4554-9707-f6503cf38c80@group-6D8373F8491B-SegmentedRaftLogWorker] WARN  segmented.SegmentedRaftLogWorker (SegmentedRaftLogWorker.java:getFromFuture(90)) - Timeout 10/~
org.apache.ratis.protocol.TimeoutIOException: Timeout 10s: WriteLog:17: (t:1, i:17), STATEMACHINELOGENTRY, client-70E987BF850D, cid=298-writeStateMachineData
	at org.apache.ratis.util.IOUtils.getFromFuture(IOUtils.java:87)
	at org.apache.ratis.server.raftlog.segmented.SegmentedRaftLogWorker$StateMachineDataPolicy.getFromFuture(SegmentedRaftLogWorker.java:87)
	at org.apache.ratis.server.raftlog.segmented.SegmentedRaftLogWorker$WriteLog.execute(SegmentedRaftLogWorker.java:477)
	at org.apache.ratis.server.raftlog.segmented.SegmentedRaftLogWorker.run(SegmentedRaftLogWorker.java:289)
	at java.lang.Thread.run(Thread.java:748)
Caused by: java.util.concurrent.TimeoutException
	at java.util.concurrent.CompletableFuture.timedGet(CompletableFuture.java:1771)
	at java.util.concurrent.CompletableFuture.get(CompletableFuture.java:1915)
	at org.apache.ratis.util.IOUtils.getFromFuture(IOUtils.java:79)
	... 4 more
2019-09-12 04:23:11,294 [a413c2ef-7abc-47d7-b263-b9548e673ba5@group-6D8373F8491B-SegmentedRaftLogWorker] WARN  segmented.SegmentedRaftLogWorker (SegmentedRaftLogWorker.java:getFromFuture(90)) - Timeout 10/~
org.apache.ratis.protocol.TimeoutIOException: Timeout 10s: WriteLog:17: (t:1, i:17), STATEMACHINELOGENTRY, client-70E987BF850D, cid=298-writeStateMachineData
	at org.apache.ratis.util.IOUtils.getFromFuture(IOUtils.java:87)
	at org.apache.ratis.server.raftlog.segmented.SegmentedRaftLogWorker$StateMachineDataPolicy.getFromFuture(SegmentedRaftLogWorker.java:87)
	at org.apache.ratis.server.raftlog.segmented.SegmentedRaftLogWorker$WriteLog.execute(SegmentedRaftLogWorker.java:477)
	at org.apache.ratis.server.raftlog.segmented.SegmentedRaftLogWorker.run(SegmentedRaftLogWorker.java:289)
	at java.lang.Thread.run(Thread.java:748)
Caused by: java.util.concurrent.TimeoutException
	at java.util.concurrent.CompletableFuture.timedGet(CompletableFuture.java:1771)
	at java.util.concurrent.CompletableFuture.get(CompletableFuture.java:1915)
	at org.apache.ratis.util.IOUtils.getFromFuture(IOUtils.java:79)
	... 4 more
2019-09-12 04:23:11,440 [f3263f9a-ef6c-4ff4-a6b2-5a62e946b753@group-6D8373F8491B-SegmentedRaftLogWorker] WARN  segmented.SegmentedRaftLogWorker (SegmentedRaftLogWorker.java:getFromFuture(90)) - Timeout 10/~
org.apache.ratis.protocol.TimeoutIOException: Timeout 10s: WriteLog:19: (t:1, i:19), STATEMACHINELOGENTRY, client-70E987BF850D, cid=300-writeStateMachineData
	at org.apache.ratis.util.IOUtils.getFromFuture(IOUtils.java:87)
	at org.apache.ratis.server.raftlog.segmented.SegmentedRaftLogWorker$StateMachineDataPolicy.getFromFuture(SegmentedRaftLogWorker.java:87)
	at org.apache.ratis.server.raftlog.segmented.SegmentedRaftLogWorker$WriteLog.execute(SegmentedRaftLogWorker.java:477)
	at org.apache.ratis.server.raftlog.segmented.SegmentedRaftLogWorker.run(SegmentedRaftLogWorker.java:289)
	at java.lang.Thread.run(Thread.java:748)
Caused by: java.util.concurrent.TimeoutException
	at java.util.concurrent.CompletableFuture.timedGet(CompletableFuture.java:1771)
	at java.util.concurrent.CompletableFuture.get(CompletableFuture.java:1915)
	at org.apache.ratis.util.IOUtils.getFromFuture(IOUtils.java:79)
	... 4 more
2019-09-12 04:23:11,813 [java.util.concurrent.ThreadPoolExecutor$Worker@73f1de88[State = -1, empty queue]] WARN  server.GrpcLogAppender (GrpcLogAppender.java:timeoutAppendRequest(200)) - 2d4da40c-dd43-4554-9707-f6503cf38c80@group-6D8373F8491B->a413c2ef-7abc-47d7-b263-b9548e673ba5-GrpcLogAppender: appendEntries Timeout, request=2d4da40c-dd43-4554-9707-f6503cf38c80->a413c2ef-7abc-47d7-b263-b9548e673ba5#64-t1, previous=(t:1, i:20), leaderCommit=16, initializing? false, entries: <empty>
2019-09-12 04:23:11,813 [java.util.concurrent.ThreadPoolExecutor$Worker@2fea0fa2[State = -1, empty queue]] WARN  server.GrpcLogAppender (GrpcLogAppender.java:timeoutAppendRequest(200)) - 2d4da40c-dd43-4554-9707-f6503cf38c80@group-6D8373F8491B->f3263f9a-ef6c-4ff4-a6b2-5a62e946b753-GrpcLogAppender: appendEntries Timeout, request=2d4da40c-dd43-4554-9707-f6503cf38c80->f3263f9a-ef6c-4ff4-a6b2-5a62e946b753#64-t1, previous=(t:1, i:20), leaderCommit=16, initializing? false, entries: <empty>
2019-09-12 04:23:12,426 [grpc-default-executor-11] INFO  client.GrpcClientProtocolClient (GrpcClientProtocolClient.java:onNext(264)) - client-70E987BF850D->a413c2ef-7abc-47d7-b263-b9548e673ba5: receive RaftClientReply:client-70E987BF850D->a413c2ef-7abc-47d7-b263-b9548e673ba5@group-6D8373F8491B, cid=298, FAILED org.apache.ratis.protocol.NotLeaderException: Server a413c2ef-7abc-47d7-b263-b9548e673ba5@group-6D8373F8491B is not the leader 2d4da40c-dd43-4554-9707-f6503cf38c80:192.168.34.8:45634, logIndex=0, commits[a413c2ef-7abc-47d7-b263-b9548e673ba5:c16, 2d4da40c-dd43-4554-9707-f6503cf38c80:c16, f3263f9a-ef6c-4ff4-a6b2-5a62e946b753:c12]
2019-09-12 04:23:14,315 [java.util.concurrent.ThreadPoolExecutor$Worker@73f1de88[State = -1, empty queue]] WARN  server.GrpcLogAppender (GrpcLogAppender.java:timeoutAppendRequest(200)) - 2d4da40c-dd43-4554-9707-f6503cf38c80@group-6D8373F8491B->a413c2ef-7abc-47d7-b263-b9548e673ba5-GrpcLogAppender: appendEntries Timeout, request=2d4da40c-dd43-4554-9707-f6503cf38c80->a413c2ef-7abc-47d7-b263-b9548e673ba5#65-t1, previous=(t:1, i:20), leaderCommit=16, initializing? false, entries: <empty>
2019-09-12 04:23:14,315 [java.util.concurrent.ThreadPoolExecutor$Worker@2fea0fa2[State = -1, empty queue]] WARN  server.GrpcLogAppender (GrpcLogAppender.java:timeoutAppendRequest(200)) - 2d4da40c-dd43-4554-9707-f6503cf38c80@group-6D8373F8491B->f3263f9a-ef6c-4ff4-a6b2-5a62e946b753-GrpcLogAppender: appendEntries Timeout, request=2d4da40c-dd43-4554-9707-f6503cf38c80->f3263f9a-ef6c-4ff4-a6b2-5a62e946b753#65-t1, previous=(t:1, i:20), leaderCommit=16, initializing? false, entries: <empty>
2019-09-12 04:23:16,815 [java.util.concurrent.ThreadPoolExecutor$Worker@2fea0fa2[State = -1, empty queue]] WARN  server.GrpcLogAppender (GrpcLogAppender.java:timeoutAppendRequest(200)) - 2d4da40c-dd43-4554-9707-f6503cf38c80@group-6D8373F8491B->f3263f9a-ef6c-4ff4-a6b2-5a62e946b753-GrpcLogAppender: appendEntries Timeout, request=2d4da40c-dd43-4554-9707-f6503cf38c80->f3263f9a-ef6c-4ff4-a6b2-5a62e946b753#66-t1, previous=(t:1, i:20), leaderCommit=16, initializing? false, entries: <empty>
2019-09-12 04:23:16,815 [java.util.concurrent.ThreadPoolExecutor$Worker@73f1de88[State = -1, empty queue]] WARN  server.GrpcLogAppender (GrpcLogAppender.java:timeoutAppendRequest(200)) - 2d4da40c-dd43-4554-9707-f6503cf38c80@group-6D8373F8491B->a413c2ef-7abc-47d7-b263-b9548e673ba5-GrpcLogAppender: appendEntries Timeout, request=2d4da40c-dd43-4554-9707-f6503cf38c80->a413c2ef-7abc-47d7-b263-b9548e673ba5#66-t1, previous=(t:1, i:20), leaderCommit=16, initializing? false, entries: <empty>
2019-09-12 04:23:17,470 [grpc-default-executor-6] INFO  client.GrpcClientProtocolClient (GrpcClientProtocolClient.java:onNext(264)) - client-70E987BF850D->a413c2ef-7abc-47d7-b263-b9548e673ba5: receive RaftClientReply:client-70E987BF850D->a413c2ef-7abc-47d7-b263-b9548e673ba5@group-6D8373F8491B, cid=298, FAILED org.apache.ratis.protocol.NotLeaderException: Server a413c2ef-7abc-47d7-b263-b9548e673ba5@group-6D8373F8491B is not the leader 2d4da40c-dd43-4554-9707-f6503cf38c80:192.168.34.8:45634, logIndex=0, commits[a413c2ef-7abc-47d7-b263-b9548e673ba5:c16, 2d4da40c-dd43-4554-9707-f6503cf38c80:c16, f3263f9a-ef6c-4ff4-a6b2-5a62e946b753:c12]
2019-09-12 04:23:19,316 [java.util.concurrent.ThreadPoolExecutor$Worker@73f1de88[State = -1, empty queue]] WARN  server.GrpcLogAppender (GrpcLogAppender.java:timeoutAppendRequest(200)) - 2d4da40c-dd43-4554-9707-f6503cf38c80@group-6D8373F8491B->a413c2ef-7abc-47d7-b263-b9548e673ba5-GrpcLogAppender: appendEntries Timeout, request=2d4da40c-dd43-4554-9707-f6503cf38c80->a413c2ef-7abc-47d7-b263-b9548e673ba5#67-t1, previous=(t:1, i:20), leaderCommit=16, initializing? false, entries: <empty>
2019-09-12 04:23:19,316 [java.util.concurrent.ThreadPoolExecutor$Worker@2fea0fa2[State = -1, empty queue]] WARN  server.GrpcLogAppender (GrpcLogAppender.java:timeoutAppendRequest(200)) - 2d4da40c-dd43-4554-9707-f6503cf38c80@group-6D8373F8491B->f3263f9a-ef6c-4ff4-a6b2-5a62e946b753-GrpcLogAppender: appendEntries Timeout, request=2d4da40c-dd43-4554-9707-f6503cf38c80->f3263f9a-ef6c-4ff4-a6b2-5a62e946b753#67-t1, previous=(t:1, i:20), leaderCommit=16, initializing? false, entries: <empty>
2019-09-12 04:23:21,260 [2d4da40c-dd43-4554-9707-f6503cf38c80@group-6D8373F8491B-SegmentedRaftLogWorker] WARN  segmented.SegmentedRaftLogWorker (SegmentedRaftLogWorker.java:getFromFuture(90)) - Timeout 11/~
org.apache.ratis.protocol.TimeoutIOException: Timeout 10s: WriteLog:17: (t:1, i:17), STATEMACHINELOGENTRY, client-70E987BF850D, cid=298-writeStateMachineData
	at org.apache.ratis.util.IOUtils.getFromFuture(IOUtils.java:87)
	at org.apache.ratis.server.raftlog.segmented.SegmentedRaftLogWorker$StateMachineDataPolicy.getFromFuture(SegmentedRaftLogWorker.java:87)
	at org.apache.ratis.server.raftlog.segmented.SegmentedRaftLogWorker$WriteLog.execute(SegmentedRaftLogWorker.java:477)
	at org.apache.ratis.server.raftlog.segmented.SegmentedRaftLogWorker.run(SegmentedRaftLogWorker.java:289)
	at java.lang.Thread.run(Thread.java:748)
Caused by: java.util.concurrent.TimeoutException
	at java.util.concurrent.CompletableFuture.timedGet(CompletableFuture.java:1771)
	at java.util.concurrent.CompletableFuture.get(CompletableFuture.java:1915)
	at org.apache.ratis.util.IOUtils.getFromFuture(IOUtils.java:79)
	... 4 more
2019-09-12 04:23:21,294 [a413c2ef-7abc-47d7-b263-b9548e673ba5@group-6D8373F8491B-SegmentedRaftLogWorker] WARN  segmented.SegmentedRaftLogWorker (SegmentedRaftLogWorker.java:getFromFuture(90)) - Timeout 11/~
org.apache.ratis.protocol.TimeoutIOException: Timeout 10s: WriteLog:17: (t:1, i:17), STATEMACHINELOGENTRY, client-70E987BF850D, cid=298-writeStateMachineData
	at org.apache.ratis.util.IOUtils.getFromFuture(IOUtils.java:87)
	at org.apache.ratis.server.raftlog.segmented.SegmentedRaftLogWorker$StateMachineDataPolicy.getFromFuture(SegmentedRaftLogWorker.java:87)
	at org.apache.ratis.server.raftlog.segmented.SegmentedRaftLogWorker$WriteLog.execute(SegmentedRaftLogWorker.java:477)
	at org.apache.ratis.server.raftlog.segmented.SegmentedRaftLogWorker.run(SegmentedRaftLogWorker.java:289)
	at java.lang.Thread.run(Thread.java:748)
Caused by: java.util.concurrent.TimeoutException
	at java.util.concurrent.CompletableFuture.timedGet(CompletableFuture.java:1771)
	at java.util.concurrent.CompletableFuture.get(CompletableFuture.java:1915)
	at org.apache.ratis.util.IOUtils.getFromFuture(IOUtils.java:79)
	... 4 more
2019-09-12 04:23:21,318 [org.apache.ratis.server.impl.LogAppender$AppenderDaemon$$Lambda$495/740911003@3fad8569] ERROR ratis.XceiverServerRatis (XceiverServerRatis.java:triggerPipelineClose(568)) - pipeline Action CLOSE  on pipeline PipelineID=01d26c0f-af01-4266-92c2-6d8373f8491b.Reason : 2d4da40c-dd43-4554-9707-f6503cf38c80 has not seen follower/s a413c2ef-7abc-47d7-b263-b9548e673ba5 for 120449ms f3263f9a-ef6c-4ff4-a6b2-5a62e946b753 for 120448ms
2019-09-12 04:23:21,318 [org.apache.ratis.server.impl.LogAppender$AppenderDaemon$$Lambda$495/740911003@74c8839b] ERROR ratis.XceiverServerRatis (XceiverServerRatis.java:triggerPipelineClose(568)) - pipeline Action CLOSE  on pipeline PipelineID=01d26c0f-af01-4266-92c2-6d8373f8491b.Reason : 2d4da40c-dd43-4554-9707-f6503cf38c80 has not seen follower/s a413c2ef-7abc-47d7-b263-b9548e673ba5 for 120449ms f3263f9a-ef6c-4ff4-a6b2-5a62e946b753 for 120448ms
2019-09-12 04:23:21,441 [f3263f9a-ef6c-4ff4-a6b2-5a62e946b753@group-6D8373F8491B-SegmentedRaftLogWorker] WARN  segmented.SegmentedRaftLogWorker (SegmentedRaftLogWorker.java:getFromFuture(90)) - Timeout 11/~
org.apache.ratis.protocol.TimeoutIOException: Timeout 10s: WriteLog:19: (t:1, i:19), STATEMACHINELOGENTRY, client-70E987BF850D, cid=300-writeStateMachineData
	at org.apache.ratis.util.IOUtils.getFromFuture(IOUtils.java:87)
	at org.apache.ratis.server.raftlog.segmented.SegmentedRaftLogWorker$StateMachineDataPolicy.getFromFuture(SegmentedRaftLogWorker.java:87)
	at org.apache.ratis.server.raftlog.segmented.SegmentedRaftLogWorker$WriteLog.execute(SegmentedRaftLogWorker.java:477)
	at org.apache.ratis.server.raftlog.segmented.SegmentedRaftLogWorker.run(SegmentedRaftLogWorker.java:289)
	at java.lang.Thread.run(Thread.java:748)
Caused by: java.util.concurrent.TimeoutException
	at java.util.concurrent.CompletableFuture.timedGet(CompletableFuture.java:1771)
	at java.util.concurrent.CompletableFuture.get(CompletableFuture.java:1915)
	at org.apache.ratis.util.IOUtils.getFromFuture(IOUtils.java:79)
	... 4 more
2019-09-12 04:23:21,530 [EventQueue-PipelineActionsForPipelineActionHandler] ERROR pipeline.PipelineActionHandler (PipelineActionHandler.java:onMessage(60)) - Received pipeline action CLOSE for Pipeline[ Id: 01d26c0f-af01-4266-92c2-6d8373f8491b, Nodes: f3263f9a-ef6c-4ff4-a6b2-5a62e946b753{ip: 192.168.34.8, host: pr-hdds-1879-pbs75-1821932185, networkLocation: /default-rack, certSerialId: null}2d4da40c-dd43-4554-9707-f6503cf38c80{ip: 192.168.34.8, host: pr-hdds-1879-pbs75-1821932185, networkLocation: /default-rack, certSerialId: null}a413c2ef-7abc-47d7-b263-b9548e673ba5{ip: 192.168.34.8, host: pr-hdds-1879-pbs75-1821932185, networkLocation: /default-rack, certSerialId: null}, Type:RATIS, Factor:THREE, State:OPEN] from datanode 2d4da40c-dd43-4554-9707-f6503cf38c80{ip: 192.168.34.8, host: pr-hdds-1879-pbs75-1821932185, networkLocation: /default-rack, certSerialId: null}. Reason : 2d4da40c-dd43-4554-9707-f6503cf38c80 has not seen follower/s a413c2ef-7abc-47d7-b263-b9548e673ba5 for 120449ms f3263f9a-ef6c-4ff4-a6b2-5a62e946b753 for 120448ms
2019-09-12 04:23:21,530 [EventQueue-PipelineActionsForPipelineActionHandler] INFO  pipeline.SCMPipelineManager (SCMPipelineManager.java:finalizeAndDestroyPipeline(311)) - destroying pipeline:Pipeline[ Id: 01d26c0f-af01-4266-92c2-6d8373f8491b, Nodes: f3263f9a-ef6c-4ff4-a6b2-5a62e946b753{ip: 192.168.34.8, host: pr-hdds-1879-pbs75-1821932185, networkLocation: /default-rack, certSerialId: null}2d4da40c-dd43-4554-9707-f6503cf38c80{ip: 192.168.34.8, host: pr-hdds-1879-pbs75-1821932185, networkLocation: /default-rack, certSerialId: null}a413c2ef-7abc-47d7-b263-b9548e673ba5{ip: 192.168.34.8, host: pr-hdds-1879-pbs75-1821932185, networkLocation: /default-rack, certSerialId: null}, Type:RATIS, Factor:THREE, State:OPEN]
2019-09-12 04:23:21,531 [EventQueue-PipelineActionsForPipelineActionHandler] INFO  pipeline.PipelineStateManager (PipelineStateManager.java:finalizePipeline(123)) - Pipeline Pipeline[ Id: 01d26c0f-af01-4266-92c2-6d8373f8491b, Nodes: f3263f9a-ef6c-4ff4-a6b2-5a62e946b753{ip: 192.168.34.8, host: pr-hdds-1879-pbs75-1821932185, networkLocation: /default-rack, certSerialId: null}2d4da40c-dd43-4554-9707-f6503cf38c80{ip: 192.168.34.8, host: pr-hdds-1879-pbs75-1821932185, networkLocation: /default-rack, certSerialId: null}a413c2ef-7abc-47d7-b263-b9548e673ba5{ip: 192.168.34.8, host: pr-hdds-1879-pbs75-1821932185, networkLocation: /default-rack, certSerialId: null}, Type:RATIS, Factor:THREE, State:CLOSED] moved to CLOSED state
2019-09-12 04:23:21,531 [EventQueue-CloseContainerForCloseContainerEventHandler] INFO  container.CloseContainerEventHandler (CloseContainerEventHandler.java:onMessage(61)) - Close container Event triggered for container : #12
2019-09-12 04:23:21,532 [EventQueue-CloseContainerForCloseContainerEventHandler] INFO  container.CloseContainerEventHandler (CloseContainerEventHandler.java:onMessage(61)) - Close container Event triggered for container : #13
2019-09-12 04:23:21,817 [java.util.concurrent.ThreadPoolExecutor$Worker@2fea0fa2[State = -1, empty queue]] WARN  server.GrpcLogAppender (GrpcLogAppender.java:timeoutAppendRequest(200)) - 2d4da40c-dd43-4554-9707-f6503cf38c80@group-6D8373F8491B->f3263f9a-ef6c-4ff4-a6b2-5a62e946b753-GrpcLogAppender: appendEntries Timeout, request=2d4da40c-dd43-4554-9707-f6503cf38c80->f3263f9a-ef6c-4ff4-a6b2-5a62e946b753#68-t1, previous=(t:1, i:20), leaderCommit=16, initializing? false, entries: <empty>
2019-09-12 04:23:21,817 [java.util.concurrent.ThreadPoolExecutor$Worker@73f1de88[State = -1, empty queue]] WARN  server.GrpcLogAppender (GrpcLogAppender.java:timeoutAppendRequest(200)) - 2d4da40c-dd43-4554-9707-f6503cf38c80@group-6D8373F8491B->a413c2ef-7abc-47d7-b263-b9548e673ba5-GrpcLogAppender: appendEntries Timeout, request=2d4da40c-dd43-4554-9707-f6503cf38c80->a413c2ef-7abc-47d7-b263-b9548e673ba5#68-t1, previous=(t:1, i:20), leaderCommit=16, initializing? false, entries: <empty>
2019-09-12 04:23:22,533 [grpc-default-executor-14] INFO  client.GrpcClientProtocolClient (GrpcClientProtocolClient.java:onNext(264)) - client-70E987BF850D->f3263f9a-ef6c-4ff4-a6b2-5a62e946b753: receive RaftClientReply:client-70E987BF850D->f3263f9a-ef6c-4ff4-a6b2-5a62e946b753@group-6D8373F8491B, cid=298, FAILED org.apache.ratis.protocol.NotLeaderException: Server f3263f9a-ef6c-4ff4-a6b2-5a62e946b753@group-6D8373F8491B is not the leader 2d4da40c-dd43-4554-9707-f6503cf38c80:192.168.34.8:45634, logIndex=0, commits[f3263f9a-ef6c-4ff4-a6b2-5a62e946b753:c16, 2d4da40c-dd43-4554-9707-f6503cf38c80:c16, a413c2ef-7abc-47d7-b263-b9548e673ba5:c12]
2019-09-12 04:23:23,598 [org.apache.ratis.server.impl.LogAppender$AppenderDaemon$$Lambda$495/740911003@3fad8569] ERROR ratis.XceiverServerRatis (XceiverServerRatis.java:triggerPipelineClose(568)) - pipeline Action CLOSE  on pipeline PipelineID=01d26c0f-af01-4266-92c2-6d8373f8491b.Reason : 2d4da40c-dd43-4554-9707-f6503cf38c80 has not seen follower/s a413c2ef-7abc-47d7-b263-b9548e673ba5 for 122729ms f3263f9a-ef6c-4ff4-a6b2-5a62e946b753 for 122729ms
2019-09-12 04:23:23,598 [org.apache.ratis.server.impl.LogAppender$AppenderDaemon$$Lambda$495/740911003@74c8839b] ERROR ratis.XceiverServerRatis (XceiverServerRatis.java:triggerPipelineClose(568)) - pipeline Action CLOSE  on pipeline PipelineID=01d26c0f-af01-4266-92c2-6d8373f8491b.Reason : 2d4da40c-dd43-4554-9707-f6503cf38c80 has not seen follower/s a413c2ef-7abc-47d7-b263-b9548e673ba5 for 122729ms f3263f9a-ef6c-4ff4-a6b2-5a62e946b753 for 122729ms
2019-09-12 04:23:24,318 [java.util.concurrent.ThreadPoolExecutor$Worker@2fea0fa2[State = -1, empty queue]] WARN  server.GrpcLogAppender (GrpcLogAppender.java:timeoutAppendRequest(200)) - 2d4da40c-dd43-4554-9707-f6503cf38c80@group-6D8373F8491B->f3263f9a-ef6c-4ff4-a6b2-5a62e946b753-GrpcLogAppender: appendEntries Timeout, request=2d4da40c-dd43-4554-9707-f6503cf38c80->f3263f9a-ef6c-4ff4-a6b2-5a62e946b753#69-t1, previous=(t:1, i:20), leaderCommit=16, initializing? false, entries: <empty>
2019-09-12 04:23:24,318 [java.util.concurrent.ThreadPoolExecutor$Worker@73f1de88[State = -1, empty queue]] WARN  server.GrpcLogAppender (GrpcLogAppender.java:timeoutAppendRequest(200)) - 2d4da40c-dd43-4554-9707-f6503cf38c80@group-6D8373F8491B->a413c2ef-7abc-47d7-b263-b9548e673ba5-GrpcLogAppender: appendEntries Timeout, request=2d4da40c-dd43-4554-9707-f6503cf38c80->a413c2ef-7abc-47d7-b263-b9548e673ba5#69-t1, previous=(t:1, i:20), leaderCommit=16, initializing? false, entries: <empty>
2019-09-12 04:23:24,595 [EventQueue-PipelineActionsForPipelineActionHandler] ERROR pipeline.PipelineActionHandler (PipelineActionHandler.java:onMessage(60)) - Received pipeline action CLOSE for Pipeline[ Id: 01d26c0f-af01-4266-92c2-6d8373f8491b, Nodes: f3263f9a-ef6c-4ff4-a6b2-5a62e946b753{ip: 192.168.34.8, host: pr-hdds-1879-pbs75-1821932185, networkLocation: /default-rack, certSerialId: null}2d4da40c-dd43-4554-9707-f6503cf38c80{ip: 192.168.34.8, host: pr-hdds-1879-pbs75-1821932185, networkLocation: /default-rack, certSerialId: null}a413c2ef-7abc-47d7-b263-b9548e673ba5{ip: 192.168.34.8, host: pr-hdds-1879-pbs75-1821932185, networkLocation: /default-rack, certSerialId: null}, Type:RATIS, Factor:THREE, State:CLOSED] from datanode 2d4da40c-dd43-4554-9707-f6503cf38c80{ip: 192.168.34.8, host: pr-hdds-1879-pbs75-1821932185, networkLocation: /default-rack, certSerialId: null}. Reason : 2d4da40c-dd43-4554-9707-f6503cf38c80 has not seen follower/s a413c2ef-7abc-47d7-b263-b9548e673ba5 for 122729ms f3263f9a-ef6c-4ff4-a6b2-5a62e946b753 for 122729ms
2019-09-12 04:23:24,595 [EventQueue-PipelineActionsForPipelineActionHandler] INFO  pipeline.SCMPipelineManager (SCMPipelineManager.java:finalizeAndDestroyPipeline(311)) - destroying pipeline:Pipeline[ Id: 01d26c0f-af01-4266-92c2-6d8373f8491b, Nodes: f3263f9a-ef6c-4ff4-a6b2-5a62e946b753{ip: 192.168.34.8, host: pr-hdds-1879-pbs75-1821932185, networkLocation: /default-rack, certSerialId: null}2d4da40c-dd43-4554-9707-f6503cf38c80{ip: 192.168.34.8, host: pr-hdds-1879-pbs75-1821932185, networkLocation: /default-rack, certSerialId: null}a413c2ef-7abc-47d7-b263-b9548e673ba5{ip: 192.168.34.8, host: pr-hdds-1879-pbs75-1821932185, networkLocation: /default-rack, certSerialId: null}, Type:RATIS, Factor:THREE, State:CLOSED]
2019-09-12 04:23:26,100 [org.apache.ratis.server.impl.LogAppender$AppenderDaemon$$Lambda$495/740911003@74c8839b] ERROR ratis.XceiverServerRatis (XceiverServerRatis.java:triggerPipelineClose(568)) - pipeline Action CLOSE  on pipeline PipelineID=01d26c0f-af01-4266-92c2-6d8373f8491b.Reason : 2d4da40c-dd43-4554-9707-f6503cf38c80 has not seen follower/s a413c2ef-7abc-47d7-b263-b9548e673ba5 for 125231ms f3263f9a-ef6c-4ff4-a6b2-5a62e946b753 for 125231ms
2019-09-12 04:23:26,100 [org.apache.ratis.server.impl.LogAppender$AppenderDaemon$$Lambda$495/740911003@3fad8569] ERROR ratis.XceiverServerRatis (XceiverServerRatis.java:triggerPipelineClose(568)) - pipeline Action CLOSE  on pipeline PipelineID=01d26c0f-af01-4266-92c2-6d8373f8491b.Reason : 2d4da40c-dd43-4554-9707-f6503cf38c80 has not seen follower/s a413c2ef-7abc-47d7-b263-b9548e673ba5 for 125231ms f3263f9a-ef6c-4ff4-a6b2-5a62e946b753 for 125231ms
2019-09-12 04:23:26,594 [EventQueue-PipelineActionsForPipelineActionHandler] ERROR pipeline.PipelineActionHandler (PipelineActionHandler.java:onMessage(60)) - Received pipeline action CLOSE for Pipeline[ Id: 01d26c0f-af01-4266-92c2-6d8373f8491b, Nodes: f3263f9a-ef6c-4ff4-a6b2-5a62e946b753{ip: 192.168.34.8, host: pr-hdds-1879-pbs75-1821932185, networkLocation: /default-rack, certSerialId: null}2d4da40c-dd43-4554-9707-f6503cf38c80{ip: 192.168.34.8, host: pr-hdds-1879-pbs75-1821932185, networkLocation: /default-rack, certSerialId: null}a413c2ef-7abc-47d7-b263-b9548e673ba5{ip: 192.168.34.8, host: pr-hdds-1879-pbs75-1821932185, networkLocation: /default-rack, certSerialId: null}, Type:RATIS, Factor:THREE, State:CLOSED] from datanode 2d4da40c-dd43-4554-9707-f6503cf38c80{ip: 192.168.34.8, host: pr-hdds-1879-pbs75-1821932185, networkLocation: /default-rack, certSerialId: null}. Reason : 2d4da40c-dd43-4554-9707-f6503cf38c80 has not seen follower/s a413c2ef-7abc-47d7-b263-b9548e673ba5 for 125231ms f3263f9a-ef6c-4ff4-a6b2-5a62e946b753 for 125231ms
2019-09-12 04:23:26,595 [EventQueue-PipelineActionsForPipelineActionHandler] INFO  pipeline.SCMPipelineManager (SCMPipelineManager.java:finalizeAndDestroyPipeline(311)) - destroying pipeline:Pipeline[ Id: 01d26c0f-af01-4266-92c2-6d8373f8491b, Nodes: f3263f9a-ef6c-4ff4-a6b2-5a62e946b753{ip: 192.168.34.8, host: pr-hdds-1879-pbs75-1821932185, networkLocation: /default-rack, certSerialId: null}2d4da40c-dd43-4554-9707-f6503cf38c80{ip: 192.168.34.8, host: pr-hdds-1879-pbs75-1821932185, networkLocation: /default-rack, certSerialId: null}a413c2ef-7abc-47d7-b263-b9548e673ba5{ip: 192.168.34.8, host: pr-hdds-1879-pbs75-1821932185, networkLocation: /default-rack, certSerialId: null}, Type:RATIS, Factor:THREE, State:CLOSED]
2019-09-12 04:23:26,598 [java.util.concurrent.ThreadPoolExecutor$Worker@73f1de88[State = -1, empty queue]] WARN  server.GrpcLogAppender (GrpcLogAppender.java:timeoutAppendRequest(200)) - 2d4da40c-dd43-4554-9707-f6503cf38c80@group-6D8373F8491B->a413c2ef-7abc-47d7-b263-b9548e673ba5-GrpcLogAppender: appendEntries Timeout, request=2d4da40c-dd43-4554-9707-f6503cf38c80->a413c2ef-7abc-47d7-b263-b9548e673ba5#70-t1, previous=(t:1, i:20), leaderCommit=16, initializing? false, entries: size=1, first=(t:1, i:21), STATEMACHINELOGENTRY, client-9EE2362E8E88, cid=117
2019-09-12 04:23:26,598 [java.util.concurrent.ThreadPoolExecutor$Worker@2fea0fa2[State = -1, empty queue]] WARN  server.GrpcLogAppender (GrpcLogAppender.java:timeoutAppendRequest(200)) - 2d4da40c-dd43-4554-9707-f6503cf38c80@group-6D8373F8491B->f3263f9a-ef6c-4ff4-a6b2-5a62e946b753-GrpcLogAppender: appendEntries Timeout, request=2d4da40c-dd43-4554-9707-f6503cf38c80->f3263f9a-ef6c-4ff4-a6b2-5a62e946b753#70-t1, previous=(t:1, i:20), leaderCommit=16, initializing? false, entries: size=1, first=(t:1, i:21), STATEMACHINELOGENTRY, client-9EE2362E8E88, cid=117
2019-09-12 04:23:27,584 [grpc-default-executor-6] INFO  client.GrpcClientProtocolClient (GrpcClientProtocolClient.java:onNext(264)) - client-70E987BF850D->f3263f9a-ef6c-4ff4-a6b2-5a62e946b753: receive RaftClientReply:client-70E987BF850D->f3263f9a-ef6c-4ff4-a6b2-5a62e946b753@group-6D8373F8491B, cid=298, FAILED org.apache.ratis.protocol.NotLeaderException: Server f3263f9a-ef6c-4ff4-a6b2-5a62e946b753@group-6D8373F8491B is not the leader 2d4da40c-dd43-4554-9707-f6503cf38c80:192.168.34.8:45634, logIndex=0, commits[f3263f9a-ef6c-4ff4-a6b2-5a62e946b753:c16, 2d4da40c-dd43-4554-9707-f6503cf38c80:c16, a413c2ef-7abc-47d7-b263-b9548e673ba5:c12]
2019-09-12 04:23:28,601 [org.apache.ratis.server.impl.LogAppender$AppenderDaemon$$Lambda$495/740911003@3fad8569] ERROR ratis.XceiverServerRatis (XceiverServerRatis.java:triggerPipelineClose(568)) - pipeline Action CLOSE  on pipeline PipelineID=01d26c0f-af01-4266-92c2-6d8373f8491b.Reason : 2d4da40c-dd43-4554-9707-f6503cf38c80 has not seen follower/s a413c2ef-7abc-47d7-b263-b9548e673ba5 for 127732ms f3263f9a-ef6c-4ff4-a6b2-5a62e946b753 for 127732ms
2019-09-12 04:23:28,601 [org.apache.ratis.server.impl.LogAppender$AppenderDaemon$$Lambda$495/740911003@74c8839b] ERROR ratis.XceiverServerRatis (XceiverServerRatis.java:triggerPipelineClose(568)) - pipeline Action CLOSE  on pipeline PipelineID=01d26c0f-af01-4266-92c2-6d8373f8491b.Reason : 2d4da40c-dd43-4554-9707-f6503cf38c80 has not seen follower/s a413c2ef-7abc-47d7-b263-b9548e673ba5 for 127732ms f3263f9a-ef6c-4ff4-a6b2-5a62e946b753 for 127732ms
2019-09-12 04:23:29,100 [java.util.concurrent.ThreadPoolExecutor$Worker@73f1de88[State = -1, empty queue]] WARN  server.GrpcLogAppender (GrpcLogAppender.java:timeoutAppendRequest(200)) - 2d4da40c-dd43-4554-9707-f6503cf38c80@group-6D8373F8491B->a413c2ef-7abc-47d7-b263-b9548e673ba5-GrpcLogAppender: appendEntries Timeout, request=2d4da40c-dd43-4554-9707-f6503cf38c80->a413c2ef-7abc-47d7-b263-b9548e673ba5#71-t1, previous=(t:1, i:21), leaderCommit=16, initializing? false, entries: <empty>
2019-09-12 04:23:29,100 [java.util.concurrent.ThreadPoolExecutor$Worker@2fea0fa2[State = -1, empty queue]] WARN  server.GrpcLogAppender (GrpcLogAppender.java:timeoutAppendRequest(200)) - 2d4da40c-dd43-4554-9707-f6503cf38c80@group-6D8373F8491B->f3263f9a-ef6c-4ff4-a6b2-5a62e946b753-GrpcLogAppender: appendEntries Timeout, request=2d4da40c-dd43-4554-9707-f6503cf38c80->f3263f9a-ef6c-4ff4-a6b2-5a62e946b753#71-t1, previous=(t:1, i:21), leaderCommit=16, initializing? false, entries: <empty>
2019-09-12 04:23:29,595 [EventQueue-PipelineActionsForPipelineActionHandler] ERROR pipeline.PipelineActionHandler (PipelineActionHandler.java:onMessage(60)) - Received pipeline action CLOSE for Pipeline[ Id: 01d26c0f-af01-4266-92c2-6d8373f8491b, Nodes: f3263f9a-ef6c-4ff4-a6b2-5a62e946b753{ip: 192.168.34.8, host: pr-hdds-1879-pbs75-1821932185, networkLocation: /default-rack, certSerialId: null}2d4da40c-dd43-4554-9707-f6503cf38c80{ip: 192.168.34.8, host: pr-hdds-1879-pbs75-1821932185, networkLocation: /default-rack, certSerialId: null}a413c2ef-7abc-47d7-b263-b9548e673ba5{ip: 192.168.34.8, host: pr-hdds-1879-pbs75-1821932185, networkLocation: /default-rack, certSerialId: null}, Type:RATIS, Factor:THREE, State:CLOSED] from datanode 2d4da40c-dd43-4554-9707-f6503cf38c80{ip: 192.168.34.8, host: pr-hdds-1879-pbs75-1821932185, networkLocation: /default-rack, certSerialId: null}. Reason : 2d4da40c-dd43-4554-9707-f6503cf38c80 has not seen follower/s a413c2ef-7abc-47d7-b263-b9548e673ba5 for 127732ms f3263f9a-ef6c-4ff4-a6b2-5a62e946b753 for 127732ms
2019-09-12 04:23:29,596 [EventQueue-PipelineActionsForPipelineActionHandler] INFO  pipeline.SCMPipelineManager (SCMPipelineManager.java:finalizeAndDestroyPipeline(311)) - destroying pipeline:Pipeline[ Id: 01d26c0f-af01-4266-92c2-6d8373f8491b, Nodes: f3263f9a-ef6c-4ff4-a6b2-5a62e946b753{ip: 192.168.34.8, host: pr-hdds-1879-pbs75-1821932185, networkLocation: /default-rack, certSerialId: null}2d4da40c-dd43-4554-9707-f6503cf38c80{ip: 192.168.34.8, host: pr-hdds-1879-pbs75-1821932185, networkLocation: /default-rack, certSerialId: null}a413c2ef-7abc-47d7-b263-b9548e673ba5{ip: 192.168.34.8, host: pr-hdds-1879-pbs75-1821932185, networkLocation: /default-rack, certSerialId: null}, Type:RATIS, Factor:THREE, State:CLOSED]
2019-09-12 04:23:31,102 [org.apache.ratis.server.impl.LogAppender$AppenderDaemon$$Lambda$495/740911003@3fad8569] ERROR ratis.XceiverServerRatis (XceiverServerRatis.java:triggerPipelineClose(568)) - pipeline Action CLOSE  on pipeline PipelineID=01d26c0f-af01-4266-92c2-6d8373f8491b.Reason : 2d4da40c-dd43-4554-9707-f6503cf38c80 has not seen follower/s a413c2ef-7abc-47d7-b263-b9548e673ba5 for 130233ms f3263f9a-ef6c-4ff4-a6b2-5a62e946b753 for 130233ms
2019-09-12 04:23:31,102 [org.apache.ratis.server.impl.LogAppender$AppenderDaemon$$Lambda$495/740911003@74c8839b] ERROR ratis.XceiverServerRatis (XceiverServerRatis.java:triggerPipelineClose(568)) - pipeline Action CLOSE  on pipeline PipelineID=01d26c0f-af01-4266-92c2-6d8373f8491b.Reason : 2d4da40c-dd43-4554-9707-f6503cf38c80 has not seen follower/s a413c2ef-7abc-47d7-b263-b9548e673ba5 for 130233ms f3263f9a-ef6c-4ff4-a6b2-5a62e946b753 for 130233ms
2019-09-12 04:23:31,262 [2d4da40c-dd43-4554-9707-f6503cf38c80@group-6D8373F8491B-SegmentedRaftLogWorker] WARN  segmented.SegmentedRaftLogWorker (SegmentedRaftLogWorker.java:getFromFuture(90)) - Timeout 12/~
org.apache.ratis.protocol.TimeoutIOException: Timeout 10s: WriteLog:17: (t:1, i:17), STATEMACHINELOGENTRY, client-70E987BF850D, cid=298-writeStateMachineData
	at org.apache.ratis.util.IOUtils.getFromFuture(IOUtils.java:87)
	at org.apache.ratis.server.raftlog.segmented.SegmentedRaftLogWorker$StateMachineDataPolicy.getFromFuture(SegmentedRaftLogWorker.java:87)
	at org.apache.ratis.server.raftlog.segmented.SegmentedRaftLogWorker$WriteLog.execute(SegmentedRaftLogWorker.java:477)
	at org.apache.ratis.server.raftlog.segmented.SegmentedRaftLogWorker.run(SegmentedRaftLogWorker.java:289)
	at java.lang.Thread.run(Thread.java:748)
Caused by: java.util.concurrent.TimeoutException
	at java.util.concurrent.CompletableFuture.timedGet(CompletableFuture.java:1771)
	at java.util.concurrent.CompletableFuture.get(CompletableFuture.java:1915)
	at org.apache.ratis.util.IOUtils.getFromFuture(IOUtils.java:79)
	... 4 more
2019-09-12 04:23:31,295 [a413c2ef-7abc-47d7-b263-b9548e673ba5@group-6D8373F8491B-SegmentedRaftLogWorker] WARN  segmented.SegmentedRaftLogWorker (SegmentedRaftLogWorker.java:getFromFuture(90)) - Timeout 12/~
org.apache.ratis.protocol.TimeoutIOException: Timeout 10s: WriteLog:17: (t:1, i:17), STATEMACHINELOGENTRY, client-70E987BF850D, cid=298-writeStateMachineData
	at org.apache.ratis.util.IOUtils.getFromFuture(IOUtils.java:87)
	at org.apache.ratis.server.raftlog.segmented.SegmentedRaftLogWorker$StateMachineDataPolicy.getFromFuture(SegmentedRaftLogWorker.java:87)
	at org.apache.ratis.server.raftlog.segmented.SegmentedRaftLogWorker$WriteLog.execute(SegmentedRaftLogWorker.java:477)
	at org.apache.ratis.server.raftlog.segmented.SegmentedRaftLogWorker.run(SegmentedRaftLogWorker.java:289)
	at java.lang.Thread.run(Thread.java:748)
Caused by: java.util.concurrent.TimeoutException
	at java.util.concurrent.CompletableFuture.timedGet(CompletableFuture.java:1771)
	at java.util.concurrent.CompletableFuture.get(CompletableFuture.java:1915)
	at org.apache.ratis.util.IOUtils.getFromFuture(IOUtils.java:79)
	... 4 more
2019-09-12 04:23:31,441 [f3263f9a-ef6c-4ff4-a6b2-5a62e946b753@group-6D8373F8491B-SegmentedRaftLogWorker] WARN  segmented.SegmentedRaftLogWorker (SegmentedRaftLogWorker.java:getFromFuture(90)) - Timeout 12/~
org.apache.ratis.protocol.TimeoutIOException: Timeout 10s: WriteLog:19: (t:1, i:19), STATEMACHINELOGENTRY, client-70E987BF850D, cid=300-writeStateMachineData
	at org.apache.ratis.util.IOUtils.getFromFuture(IOUtils.java:87)
	at org.apache.ratis.server.raftlog.segmented.SegmentedRaftLogWorker$StateMachineDataPolicy.getFromFuture(SegmentedRaftLogWorker.java:87)
	at org.apache.ratis.server.raftlog.segmented.SegmentedRaftLogWorker$WriteLog.execute(SegmentedRaftLogWorker.java:477)
	at org.apache.ratis.server.raftlog.segmented.SegmentedRaftLogWorker.run(SegmentedRaftLogWorker.java:289)
	at java.lang.Thread.run(Thread.java:748)
Caused by: java.util.concurrent.TimeoutException
	at java.util.concurrent.CompletableFuture.timedGet(CompletableFuture.java:1771)
	at java.util.concurrent.CompletableFuture.get(CompletableFuture.java:1915)
	at org.apache.ratis.util.IOUtils.getFromFuture(IOUtils.java:79)
	... 4 more
2019-09-12 04:23:31,596 [EventQueue-PipelineActionsForPipelineActionHandler] ERROR pipeline.PipelineActionHandler (PipelineActionHandler.java:onMessage(60)) - Received pipeline action CLOSE for Pipeline[ Id: 01d26c0f-af01-4266-92c2-6d8373f8491b, Nodes: f3263f9a-ef6c-4ff4-a6b2-5a62e946b753{ip: 192.168.34.8, host: pr-hdds-1879-pbs75-1821932185, networkLocation: /default-rack, certSerialId: null}2d4da40c-dd43-4554-9707-f6503cf38c80{ip: 192.168.34.8, host: pr-hdds-1879-pbs75-1821932185, networkLocation: /default-rack, certSerialId: null}a413c2ef-7abc-47d7-b263-b9548e673ba5{ip: 192.168.34.8, host: pr-hdds-1879-pbs75-1821932185, networkLocation: /default-rack, certSerialId: null}, Type:RATIS, Factor:THREE, State:CLOSED] from datanode 2d4da40c-dd43-4554-9707-f6503cf38c80{ip: 192.168.34.8, host: pr-hdds-1879-pbs75-1821932185, networkLocation: /default-rack, certSerialId: null}. Reason : 2d4da40c-dd43-4554-9707-f6503cf38c80 has not seen follower/s a413c2ef-7abc-47d7-b263-b9548e673ba5 for 130233ms f3263f9a-ef6c-4ff4-a6b2-5a62e946b753 for 130233ms
2019-09-12 04:23:31,597 [EventQueue-PipelineActionsForPipelineActionHandler] INFO  pipeline.SCMPipelineManager (SCMPipelineManager.java:finalizeAndDestroyPipeline(311)) - destroying pipeline:Pipeline[ Id: 01d26c0f-af01-4266-92c2-6d8373f8491b, Nodes: f3263f9a-ef6c-4ff4-a6b2-5a62e946b753{ip: 192.168.34.8, host: pr-hdds-1879-pbs75-1821932185, networkLocation: /default-rack, certSerialId: null}2d4da40c-dd43-4554-9707-f6503cf38c80{ip: 192.168.34.8, host: pr-hdds-1879-pbs75-1821932185, networkLocation: /default-rack, certSerialId: null}a413c2ef-7abc-47d7-b263-b9548e673ba5{ip: 192.168.34.8, host: pr-hdds-1879-pbs75-1821932185, networkLocation: /default-rack, certSerialId: null}, Type:RATIS, Factor:THREE, State:CLOSED]
2019-09-12 04:23:31,601 [java.util.concurrent.ThreadPoolExecutor$Worker@73f1de88[State = -1, empty queue]] WARN  server.GrpcLogAppender (GrpcLogAppender.java:timeoutAppendRequest(200)) - 2d4da40c-dd43-4554-9707-f6503cf38c80@group-6D8373F8491B->a413c2ef-7abc-47d7-b263-b9548e673ba5-GrpcLogAppender: appendEntries Timeout, request=2d4da40c-dd43-4554-9707-f6503cf38c80->a413c2ef-7abc-47d7-b263-b9548e673ba5#72-t1, previous=(t:1, i:21), leaderCommit=16, initializing? false, entries: <empty>
2019-09-12 04:23:31,601 [java.util.concurrent.ThreadPoolExecutor$Worker@2fea0fa2[State = -1, empty queue]] WARN  server.GrpcLogAppender (GrpcLogAppender.java:timeoutAppendRequest(200)) - 2d4da40c-dd43-4554-9707-f6503cf38c80@group-6D8373F8491B->f3263f9a-ef6c-4ff4-a6b2-5a62e946b753-GrpcLogAppender: appendEntries Timeout, request=2d4da40c-dd43-4554-9707-f6503cf38c80->f3263f9a-ef6c-4ff4-a6b2-5a62e946b753#72-t1, previous=(t:1, i:21), leaderCommit=16, initializing? false, entries: <empty>
2019-09-12 04:23:32,656 [grpc-default-executor-6] INFO  client.GrpcClientProtocolClient (GrpcClientProtocolClient.java:onNext(264)) - client-70E987BF850D->f3263f9a-ef6c-4ff4-a6b2-5a62e946b753: receive RaftClientReply:client-70E987BF850D->f3263f9a-ef6c-4ff4-a6b2-5a62e946b753@group-6D8373F8491B, cid=298, FAILED org.apache.ratis.protocol.NotLeaderException: Server f3263f9a-ef6c-4ff4-a6b2-5a62e946b753@group-6D8373F8491B is not the leader 2d4da40c-dd43-4554-9707-f6503cf38c80:192.168.34.8:45634, logIndex=0, commits[f3263f9a-ef6c-4ff4-a6b2-5a62e946b753:c16, 2d4da40c-dd43-4554-9707-f6503cf38c80:c16, a413c2ef-7abc-47d7-b263-b9548e673ba5:c12]
2019-09-12 04:23:33,604 [org.apache.ratis.server.impl.LogAppender$AppenderDaemon$$Lambda$495/740911003@74c8839b] ERROR ratis.XceiverServerRatis (XceiverServerRatis.java:triggerPipelineClose(568)) - pipeline Action CLOSE  on pipeline PipelineID=01d26c0f-af01-4266-92c2-6d8373f8491b.Reason : 2d4da40c-dd43-4554-9707-f6503cf38c80 has not seen follower/s a413c2ef-7abc-47d7-b263-b9548e673ba5 for 132735ms f3263f9a-ef6c-4ff4-a6b2-5a62e946b753 for 132734ms
2019-09-12 04:23:33,604 [org.apache.ratis.server.impl.LogAppender$AppenderDaemon$$Lambda$495/740911003@3fad8569] ERROR ratis.XceiverServerRatis (XceiverServerRatis.java:triggerPipelineClose(568)) - pipeline Action CLOSE  on pipeline PipelineID=01d26c0f-af01-4266-92c2-6d8373f8491b.Reason : 2d4da40c-dd43-4554-9707-f6503cf38c80 has not seen follower/s a413c2ef-7abc-47d7-b263-b9548e673ba5 for 132735ms f3263f9a-ef6c-4ff4-a6b2-5a62e946b753 for 132734ms
2019-09-12 04:23:34,102 [java.util.concurrent.ThreadPoolExecutor$Worker@2fea0fa2[State = -1, empty queue]] WARN  server.GrpcLogAppender (GrpcLogAppender.java:timeoutAppendRequest(200)) - 2d4da40c-dd43-4554-9707-f6503cf38c80@group-6D8373F8491B->f3263f9a-ef6c-4ff4-a6b2-5a62e946b753-GrpcLogAppender: appendEntries Timeout, request=2d4da40c-dd43-4554-9707-f6503cf38c80->f3263f9a-ef6c-4ff4-a6b2-5a62e946b753#73-t1, previous=(t:1, i:21), leaderCommit=16, initializing? false, entries: <empty>
2019-09-12 04:23:34,102 [java.util.concurrent.ThreadPoolExecutor$Worker@73f1de88[State = -1, empty queue]] WARN  server.GrpcLogAppender (GrpcLogAppender.java:timeoutAppendRequest(200)) - 2d4da40c-dd43-4554-9707-f6503cf38c80@group-6D8373F8491B->a413c2ef-7abc-47d7-b263-b9548e673ba5-GrpcLogAppender: appendEntries Timeout, request=2d4da40c-dd43-4554-9707-f6503cf38c80->a413c2ef-7abc-47d7-b263-b9548e673ba5#73-t1, previous=(t:1, i:21), leaderCommit=16, initializing? false, entries: <empty>
2019-09-12 04:23:34,597 [EventQueue-PipelineActionsForPipelineActionHandler] ERROR pipeline.PipelineActionHandler (PipelineActionHandler.java:onMessage(60)) - Received pipeline action CLOSE for Pipeline[ Id: 01d26c0f-af01-4266-92c2-6d8373f8491b, Nodes: f3263f9a-ef6c-4ff4-a6b2-5a62e946b753{ip: 192.168.34.8, host: pr-hdds-1879-pbs75-1821932185, networkLocation: /default-rack, certSerialId: null}2d4da40c-dd43-4554-9707-f6503cf38c80{ip: 192.168.34.8, host: pr-hdds-1879-pbs75-1821932185, networkLocation: /default-rack, certSerialId: null}a413c2ef-7abc-47d7-b263-b9548e673ba5{ip: 192.168.34.8, host: pr-hdds-1879-pbs75-1821932185, networkLocation: /default-rack, certSerialId: null}, Type:RATIS, Factor:THREE, State:CLOSED] from datanode 2d4da40c-dd43-4554-9707-f6503cf38c80{ip: 192.168.34.8, host: pr-hdds-1879-pbs75-1821932185, networkLocation: /default-rack, certSerialId: null}. Reason : 2d4da40c-dd43-4554-9707-f6503cf38c80 has not seen follower/s a413c2ef-7abc-47d7-b263-b9548e673ba5 for 132735ms f3263f9a-ef6c-4ff4-a6b2-5a62e946b753 for 132734ms
2019-09-12 04:23:34,597 [EventQueue-PipelineActionsForPipelineActionHandler] INFO  pipeline.SCMPipelineManager (SCMPipelineManager.java:finalizeAndDestroyPipeline(311)) - destroying pipeline:Pipeline[ Id: 01d26c0f-af01-4266-92c2-6d8373f8491b, Nodes: f3263f9a-ef6c-4ff4-a6b2-5a62e946b753{ip: 192.168.34.8, host: pr-hdds-1879-pbs75-1821932185, networkLocation: /default-rack, certSerialId: null}2d4da40c-dd43-4554-9707-f6503cf38c80{ip: 192.168.34.8, host: pr-hdds-1879-pbs75-1821932185, networkLocation: /default-rack, certSerialId: null}a413c2ef-7abc-47d7-b263-b9548e673ba5{ip: 192.168.34.8, host: pr-hdds-1879-pbs75-1821932185, networkLocation: /default-rack, certSerialId: null}, Type:RATIS, Factor:THREE, State:CLOSED]
2019-09-12 04:23:36,106 [org.apache.ratis.server.impl.LogAppender$AppenderDaemon$$Lambda$495/740911003@74c8839b] ERROR ratis.XceiverServerRatis (XceiverServerRatis.java:triggerPipelineClose(568)) - pipeline Action CLOSE  on pipeline PipelineID=01d26c0f-af01-4266-92c2-6d8373f8491b.Reason : 2d4da40c-dd43-4554-9707-f6503cf38c80 has not seen follower/s a413c2ef-7abc-47d7-b263-b9548e673ba5 for 135237ms f3263f9a-ef6c-4ff4-a6b2-5a62e946b753 for 135236ms
2019-09-12 04:23:36,106 [org.apache.ratis.server.impl.LogAppender$AppenderDaemon$$Lambda$495/740911003@3fad8569] ERROR ratis.XceiverServerRatis (XceiverServerRatis.java:triggerPipelineClose(568)) - pipeline Action CLOSE  on pipeline PipelineID=01d26c0f-af01-4266-92c2-6d8373f8491b.Reason : 2d4da40c-dd43-4554-9707-f6503cf38c80 has not seen follower/s a413c2ef-7abc-47d7-b263-b9548e673ba5 for 135237ms f3263f9a-ef6c-4ff4-a6b2-5a62e946b753 for 135236ms
2019-09-12 04:23:36,596 [EventQueue-PipelineActionsForPipelineActionHandler] ERROR pipeline.PipelineActionHandler (PipelineActionHandler.java:onMessage(60)) - Received pipeline action CLOSE for Pipeline[ Id: 01d26c0f-af01-4266-92c2-6d8373f8491b, Nodes: f3263f9a-ef6c-4ff4-a6b2-5a62e946b753{ip: 192.168.34.8, host: pr-hdds-1879-pbs75-1821932185, networkLocation: /default-rack, certSerialId: null}2d4da40c-dd43-4554-9707-f6503cf38c80{ip: 192.168.34.8, host: pr-hdds-1879-pbs75-1821932185, networkLocation: /default-rack, certSerialId: null}a413c2ef-7abc-47d7-b263-b9548e673ba5{ip: 192.168.34.8, host: pr-hdds-1879-pbs75-1821932185, networkLocation: /default-rack, certSerialId: null}, Type:RATIS, Factor:THREE, State:CLOSED] from datanode 2d4da40c-dd43-4554-9707-f6503cf38c80{ip: 192.168.34.8, host: pr-hdds-1879-pbs75-1821932185, networkLocation: /default-rack, certSerialId: null}. Reason : 2d4da40c-dd43-4554-9707-f6503cf38c80 has not seen follower/s a413c2ef-7abc-47d7-b263-b9548e673ba5 for 135237ms f3263f9a-ef6c-4ff4-a6b2-5a62e946b753 for 135236ms
2019-09-12 04:23:36,596 [EventQueue-PipelineActionsForPipelineActionHandler] INFO  pipeline.SCMPipelineManager (SCMPipelineManager.java:finalizeAndDestroyPipeline(311)) - destroying pipeline:Pipeline[ Id: 01d26c0f-af01-4266-92c2-6d8373f8491b, Nodes: f3263f9a-ef6c-4ff4-a6b2-5a62e946b753{ip: 192.168.34.8, host: pr-hdds-1879-pbs75-1821932185, networkLocation: /default-rack, certSerialId: null}2d4da40c-dd43-4554-9707-f6503cf38c80{ip: 192.168.34.8, host: pr-hdds-1879-pbs75-1821932185, networkLocation: /default-rack, certSerialId: null}a413c2ef-7abc-47d7-b263-b9548e673ba5{ip: 192.168.34.8, host: pr-hdds-1879-pbs75-1821932185, networkLocation: /default-rack, certSerialId: null}, Type:RATIS, Factor:THREE, State:CLOSED]
2019-09-12 04:23:36,603 [java.util.concurrent.ThreadPoolExecutor$Worker@2fea0fa2[State = -1, empty queue]] WARN  server.GrpcLogAppender (GrpcLogAppender.java:timeoutAppendRequest(200)) - 2d4da40c-dd43-4554-9707-f6503cf38c80@group-6D8373F8491B->f3263f9a-ef6c-4ff4-a6b2-5a62e946b753-GrpcLogAppender: appendEntries Timeout, request=2d4da40c-dd43-4554-9707-f6503cf38c80->f3263f9a-ef6c-4ff4-a6b2-5a62e946b753#74-t1, previous=(t:1, i:21), leaderCommit=16, initializing? false, entries: <empty>
2019-09-12 04:23:36,603 [java.util.concurrent.ThreadPoolExecutor$Worker@73f1de88[State = -1, empty queue]] WARN  server.GrpcLogAppender (GrpcLogAppender.java:timeoutAppendRequest(200)) - 2d4da40c-dd43-4554-9707-f6503cf38c80@group-6D8373F8491B->a413c2ef-7abc-47d7-b263-b9548e673ba5-GrpcLogAppender: appendEntries Timeout, request=2d4da40c-dd43-4554-9707-f6503cf38c80->a413c2ef-7abc-47d7-b263-b9548e673ba5#74-t1, previous=(t:1, i:21), leaderCommit=16, initializing? false, entries: <empty>
2019-09-12 04:23:37,709 [grpc-default-executor-6] INFO  client.GrpcClientProtocolClient (GrpcClientProtocolClient.java:onNext(264)) - client-70E987BF850D->f3263f9a-ef6c-4ff4-a6b2-5a62e946b753: receive RaftClientReply:client-70E987BF850D->f3263f9a-ef6c-4ff4-a6b2-5a62e946b753@group-6D8373F8491B, cid=298, FAILED org.apache.ratis.protocol.NotLeaderException: Server f3263f9a-ef6c-4ff4-a6b2-5a62e946b753@group-6D8373F8491B is not the leader 2d4da40c-dd43-4554-9707-f6503cf38c80:192.168.34.8:45634, logIndex=0, commits[f3263f9a-ef6c-4ff4-a6b2-5a62e946b753:c16, 2d4da40c-dd43-4554-9707-f6503cf38c80:c16, a413c2ef-7abc-47d7-b263-b9548e673ba5:c12]
2019-09-12 04:23:38,607 [org.apache.ratis.server.impl.LogAppender$AppenderDaemon$$Lambda$495/740911003@74c8839b] ERROR ratis.XceiverServerRatis (XceiverServerRatis.java:triggerPipelineClose(568)) - pipeline Action CLOSE  on pipeline PipelineID=01d26c0f-af01-4266-92c2-6d8373f8491b.Reason : 2d4da40c-dd43-4554-9707-f6503cf38c80 has not seen follower/s a413c2ef-7abc-47d7-b263-b9548e673ba5 for 137738ms f3263f9a-ef6c-4ff4-a6b2-5a62e946b753 for 137737ms
2019-09-12 04:23:38,607 [org.apache.ratis.server.impl.LogAppender$AppenderDaemon$$Lambda$495/740911003@3fad8569] ERROR ratis.XceiverServerRatis (XceiverServerRatis.java:triggerPipelineClose(568)) - pipeline Action CLOSE  on pipeline PipelineID=01d26c0f-af01-4266-92c2-6d8373f8491b.Reason : 2d4da40c-dd43-4554-9707-f6503cf38c80 has not seen follower/s a413c2ef-7abc-47d7-b263-b9548e673ba5 for 137738ms f3263f9a-ef6c-4ff4-a6b2-5a62e946b753 for 137737ms
2019-09-12 04:23:39,105 [java.util.concurrent.ThreadPoolExecutor$Worker@73f1de88[State = -1, empty queue]] WARN  server.GrpcLogAppender (GrpcLogAppender.java:timeoutAppendRequest(200)) - 2d4da40c-dd43-4554-9707-f6503cf38c80@group-6D8373F8491B->a413c2ef-7abc-47d7-b263-b9548e673ba5-GrpcLogAppender: appendEntries Timeout, request=2d4da40c-dd43-4554-9707-f6503cf38c80->a413c2ef-7abc-47d7-b263-b9548e673ba5#75-t1, previous=(t:1, i:21), leaderCommit=16, initializing? false, entries: <empty>
2019-09-12 04:23:39,105 [java.util.concurrent.ThreadPoolExecutor$Worker@2fea0fa2[State = -1, empty queue]] WARN  server.GrpcLogAppender (GrpcLogAppender.java:timeoutAppendRequest(200)) - 2d4da40c-dd43-4554-9707-f6503cf38c80@group-6D8373F8491B->f3263f9a-ef6c-4ff4-a6b2-5a62e946b753-GrpcLogAppender: appendEntries Timeout, request=2d4da40c-dd43-4554-9707-f6503cf38c80->f3263f9a-ef6c-4ff4-a6b2-5a62e946b753#75-t1, previous=(t:1, i:21), leaderCommit=16, initializing? false, entries: <empty>
2019-09-12 04:23:39,596 [EventQueue-PipelineActionsForPipelineActionHandler] ERROR pipeline.PipelineActionHandler (PipelineActionHandler.java:onMessage(60)) - Received pipeline action CLOSE for Pipeline[ Id: 01d26c0f-af01-4266-92c2-6d8373f8491b, Nodes: f3263f9a-ef6c-4ff4-a6b2-5a62e946b753{ip: 192.168.34.8, host: pr-hdds-1879-pbs75-1821932185, networkLocation: /default-rack, certSerialId: null}2d4da40c-dd43-4554-9707-f6503cf38c80{ip: 192.168.34.8, host: pr-hdds-1879-pbs75-1821932185, networkLocation: /default-rack, certSerialId: null}a413c2ef-7abc-47d7-b263-b9548e673ba5{ip: 192.168.34.8, host: pr-hdds-1879-pbs75-1821932185, networkLocation: /default-rack, certSerialId: null}, Type:RATIS, Factor:THREE, State:CLOSED] from datanode 2d4da40c-dd43-4554-9707-f6503cf38c80{ip: 192.168.34.8, host: pr-hdds-1879-pbs75-1821932185, networkLocation: /default-rack, certSerialId: null}. Reason : 2d4da40c-dd43-4554-9707-f6503cf38c80 has not seen follower/s a413c2ef-7abc-47d7-b263-b9548e673ba5 for 137738ms f3263f9a-ef6c-4ff4-a6b2-5a62e946b753 for 137737ms
2019-09-12 04:23:39,596 [EventQueue-PipelineActionsForPipelineActionHandler] INFO  pipeline.SCMPipelineManager (SCMPipelineManager.java:finalizeAndDestroyPipeline(311)) - destroying pipeline:Pipeline[ Id: 01d26c0f-af01-4266-92c2-6d8373f8491b, Nodes: f3263f9a-ef6c-4ff4-a6b2-5a62e946b753{ip: 192.168.34.8, host: pr-hdds-1879-pbs75-1821932185, networkLocation: /default-rack, certSerialId: null}2d4da40c-dd43-4554-9707-f6503cf38c80{ip: 192.168.34.8, host: pr-hdds-1879-pbs75-1821932185, networkLocation: /default-rack, certSerialId: null}a413c2ef-7abc-47d7-b263-b9548e673ba5{ip: 192.168.34.8, host: pr-hdds-1879-pbs75-1821932185, networkLocation: /default-rack, certSerialId: null}, Type:RATIS, Factor:THREE, State:CLOSED]
2019-09-12 04:23:41,109 [org.apache.ratis.server.impl.LogAppender$AppenderDaemon$$Lambda$495/740911003@74c8839b] ERROR ratis.XceiverServerRatis (XceiverServerRatis.java:triggerPipelineClose(568)) - pipeline Action CLOSE  on pipeline PipelineID=01d26c0f-af01-4266-92c2-6d8373f8491b.Reason : 2d4da40c-dd43-4554-9707-f6503cf38c80 has not seen follower/s a413c2ef-7abc-47d7-b263-b9548e673ba5 for 140239ms f3263f9a-ef6c-4ff4-a6b2-5a62e946b753 for 140239ms
2019-09-12 04:23:41,109 [org.apache.ratis.server.impl.LogAppender$AppenderDaemon$$Lambda$495/740911003@3fad8569] ERROR ratis.XceiverServerRatis (XceiverServerRatis.java:triggerPipelineClose(568)) - pipeline Action CLOSE  on pipeline PipelineID=01d26c0f-af01-4266-92c2-6d8373f8491b.Reason : 2d4da40c-dd43-4554-9707-f6503cf38c80 has not seen follower/s a413c2ef-7abc-47d7-b263-b9548e673ba5 for 140239ms f3263f9a-ef6c-4ff4-a6b2-5a62e946b753 for 140239ms
2019-09-12 04:23:41,263 [2d4da40c-dd43-4554-9707-f6503cf38c80@group-6D8373F8491B-SegmentedRaftLogWorker] WARN  segmented.SegmentedRaftLogWorker (SegmentedRaftLogWorker.java:getFromFuture(90)) - Timeout 13/~
org.apache.ratis.protocol.TimeoutIOException: Timeout 10s: WriteLog:17: (t:1, i:17), STATEMACHINELOGENTRY, client-70E987BF850D, cid=298-writeStateMachineData
	at org.apache.ratis.util.IOUtils.getFromFuture(IOUtils.java:87)
	at org.apache.ratis.server.raftlog.segmented.SegmentedRaftLogWorker$StateMachineDataPolicy.getFromFuture(SegmentedRaftLogWorker.java:87)
	at org.apache.ratis.server.raftlog.segmented.SegmentedRaftLogWorker$WriteLog.execute(SegmentedRaftLogWorker.java:477)
	at org.apache.ratis.server.raftlog.segmented.SegmentedRaftLogWorker.run(SegmentedRaftLogWorker.java:289)
	at java.lang.Thread.run(Thread.java:748)
Caused by: java.util.concurrent.TimeoutException
	at java.util.concurrent.CompletableFuture.timedGet(CompletableFuture.java:1771)
	at java.util.concurrent.CompletableFuture.get(CompletableFuture.java:1915)
	at org.apache.ratis.util.IOUtils.getFromFuture(IOUtils.java:79)
	... 4 more
2019-09-12 04:23:41,296 [a413c2ef-7abc-47d7-b263-b9548e673ba5@group-6D8373F8491B-SegmentedRaftLogWorker] WARN  segmented.SegmentedRaftLogWorker (SegmentedRaftLogWorker.java:getFromFuture(90)) - Timeout 13/~
org.apache.ratis.protocol.TimeoutIOException: Timeout 10s: WriteLog:17: (t:1, i:17), STATEMACHINELOGENTRY, client-70E987BF850D, cid=298-writeStateMachineData
	at org.apache.ratis.util.IOUtils.getFromFuture(IOUtils.java:87)
	at org.apache.ratis.server.raftlog.segmented.SegmentedRaftLogWorker$StateMachineDataPolicy.getFromFuture(SegmentedRaftLogWorker.java:87)
	at org.apache.ratis.server.raftlog.segmented.SegmentedRaftLogWorker$WriteLog.execute(SegmentedRaftLogWorker.java:477)
	at org.apache.ratis.server.raftlog.segmented.SegmentedRaftLogWorker.run(SegmentedRaftLogWorker.java:289)
	at java.lang.Thread.run(Thread.java:748)
Caused by: java.util.concurrent.TimeoutException
	at java.util.concurrent.CompletableFuture.timedGet(CompletableFuture.java:1771)
	at java.util.concurrent.CompletableFuture.get(CompletableFuture.java:1915)
	at org.apache.ratis.util.IOUtils.getFromFuture(IOUtils.java:79)
	... 4 more
2019-09-12 04:23:41,442 [f3263f9a-ef6c-4ff4-a6b2-5a62e946b753@group-6D8373F8491B-SegmentedRaftLogWorker] WARN  segmented.SegmentedRaftLogWorker (SegmentedRaftLogWorker.java:getFromFuture(90)) - Timeout 13/~
org.apache.ratis.protocol.TimeoutIOException: Timeout 10s: WriteLog:19: (t:1, i:19), STATEMACHINELOGENTRY, client-70E987BF850D, cid=300-writeStateMachineData
	at org.apache.ratis.util.IOUtils.getFromFuture(IOUtils.java:87)
	at org.apache.ratis.server.raftlog.segmented.SegmentedRaftLogWorker$StateMachineDataPolicy.getFromFuture(SegmentedRaftLogWorker.java:87)
	at org.apache.ratis.server.raftlog.segmented.SegmentedRaftLogWorker$WriteLog.execute(SegmentedRaftLogWorker.java:477)
	at org.apache.ratis.server.raftlog.segmented.SegmentedRaftLogWorker.run(SegmentedRaftLogWorker.java:289)
	at java.lang.Thread.run(Thread.java:748)
Caused by: java.util.concurrent.TimeoutException
	at java.util.concurrent.CompletableFuture.timedGet(CompletableFuture.java:1771)
	at java.util.concurrent.CompletableFuture.get(CompletableFuture.java:1915)
	at org.apache.ratis.util.IOUtils.getFromFuture(IOUtils.java:79)
	... 4 more
2019-09-12 04:23:41,596 [EventQueue-PipelineActionsForPipelineActionHandler] ERROR pipeline.PipelineActionHandler (PipelineActionHandler.java:onMessage(60)) - Received pipeline action CLOSE for Pipeline[ Id: 01d26c0f-af01-4266-92c2-6d8373f8491b, Nodes: f3263f9a-ef6c-4ff4-a6b2-5a62e946b753{ip: 192.168.34.8, host: pr-hdds-1879-pbs75-1821932185, networkLocation: /default-rack, certSerialId: null}2d4da40c-dd43-4554-9707-f6503cf38c80{ip: 192.168.34.8, host: pr-hdds-1879-pbs75-1821932185, networkLocation: /default-rack, certSerialId: null}a413c2ef-7abc-47d7-b263-b9548e673ba5{ip: 192.168.34.8, host: pr-hdds-1879-pbs75-1821932185, networkLocation: /default-rack, certSerialId: null}, Type:RATIS, Factor:THREE, State:CLOSED] from datanode 2d4da40c-dd43-4554-9707-f6503cf38c80{ip: 192.168.34.8, host: pr-hdds-1879-pbs75-1821932185, networkLocation: /default-rack, certSerialId: null}. Reason : 2d4da40c-dd43-4554-9707-f6503cf38c80 has not seen follower/s a413c2ef-7abc-47d7-b263-b9548e673ba5 for 140239ms f3263f9a-ef6c-4ff4-a6b2-5a62e946b753 for 140239ms
2019-09-12 04:23:41,596 [EventQueue-PipelineActionsForPipelineActionHandler] INFO  pipeline.SCMPipelineManager (SCMPipelineManager.java:finalizeAndDestroyPipeline(311)) - destroying pipeline:Pipeline[ Id: 01d26c0f-af01-4266-92c2-6d8373f8491b, Nodes: f3263f9a-ef6c-4ff4-a6b2-5a62e946b753{ip: 192.168.34.8, host: pr-hdds-1879-pbs75-1821932185, networkLocation: /default-rack, certSerialId: null}2d4da40c-dd43-4554-9707-f6503cf38c80{ip: 192.168.34.8, host: pr-hdds-1879-pbs75-1821932185, networkLocation: /default-rack, certSerialId: null}a413c2ef-7abc-47d7-b263-b9548e673ba5{ip: 192.168.34.8, host: pr-hdds-1879-pbs75-1821932185, networkLocation: /default-rack, certSerialId: null}, Type:RATIS, Factor:THREE, State:CLOSED]
2019-09-12 04:23:41,607 [java.util.concurrent.ThreadPoolExecutor$Worker@2fea0fa2[State = -1, empty queue]] WARN  server.GrpcLogAppender (GrpcLogAppender.java:timeoutAppendRequest(200)) - 2d4da40c-dd43-4554-9707-f6503cf38c80@group-6D8373F8491B->f3263f9a-ef6c-4ff4-a6b2-5a62e946b753-GrpcLogAppender: appendEntries Timeout, request=2d4da40c-dd43-4554-9707-f6503cf38c80->f3263f9a-ef6c-4ff4-a6b2-5a62e946b753#76-t1, previous=(t:1, i:21), leaderCommit=16, initializing? false, entries: <empty>
2019-09-12 04:23:41,607 [java.util.concurrent.ThreadPoolExecutor$Worker@73f1de88[State = -1, empty queue]] WARN  server.GrpcLogAppender (GrpcLogAppender.java:timeoutAppendRequest(200)) - 2d4da40c-dd43-4554-9707-f6503cf38c80@group-6D8373F8491B->a413c2ef-7abc-47d7-b263-b9548e673ba5-GrpcLogAppender: appendEntries Timeout, request=2d4da40c-dd43-4554-9707-f6503cf38c80->a413c2ef-7abc-47d7-b263-b9548e673ba5#76-t1, previous=(t:1, i:21), leaderCommit=16, initializing? false, entries: <empty>
2019-09-12 04:23:42,758 [grpc-default-executor-11] INFO  client.GrpcClientProtocolClient (GrpcClientProtocolClient.java:onNext(264)) - client-70E987BF850D->f3263f9a-ef6c-4ff4-a6b2-5a62e946b753: receive RaftClientReply:client-70E987BF850D->f3263f9a-ef6c-4ff4-a6b2-5a62e946b753@group-6D8373F8491B, cid=298, FAILED org.apache.ratis.protocol.NotLeaderException: Server f3263f9a-ef6c-4ff4-a6b2-5a62e946b753@group-6D8373F8491B is not the leader 2d4da40c-dd43-4554-9707-f6503cf38c80:192.168.34.8:45634, logIndex=0, commits[f3263f9a-ef6c-4ff4-a6b2-5a62e946b753:c16, 2d4da40c-dd43-4554-9707-f6503cf38c80:c16, a413c2ef-7abc-47d7-b263-b9548e673ba5:c12]
2019-09-12 04:23:43,609 [org.apache.ratis.server.impl.LogAppender$AppenderDaemon$$Lambda$495/740911003@3fad8569] ERROR ratis.XceiverServerRatis (XceiverServerRatis.java:triggerPipelineClose(568)) - pipeline Action CLOSE  on pipeline PipelineID=01d26c0f-af01-4266-92c2-6d8373f8491b.Reason : 2d4da40c-dd43-4554-9707-f6503cf38c80 has not seen follower/s a413c2ef-7abc-47d7-b263-b9548e673ba5 for 142740ms f3263f9a-ef6c-4ff4-a6b2-5a62e946b753 for 142740ms
2019-09-12 04:23:43,609 [org.apache.ratis.server.impl.LogAppender$AppenderDaemon$$Lambda$495/740911003@74c8839b] ERROR ratis.XceiverServerRatis (XceiverServerRatis.java:triggerPipelineClose(568)) - pipeline Action CLOSE  on pipeline PipelineID=01d26c0f-af01-4266-92c2-6d8373f8491b.Reason : 2d4da40c-dd43-4554-9707-f6503cf38c80 has not seen follower/s a413c2ef-7abc-47d7-b263-b9548e673ba5 for 142740ms f3263f9a-ef6c-4ff4-a6b2-5a62e946b753 for 142740ms
2019-09-12 04:23:44,108 [java.util.concurrent.ThreadPoolExecutor$Worker@2fea0fa2[State = -1, empty queue]] WARN  server.GrpcLogAppender (GrpcLogAppender.java:timeoutAppendRequest(200)) - 2d4da40c-dd43-4554-9707-f6503cf38c80@group-6D8373F8491B->f3263f9a-ef6c-4ff4-a6b2-5a62e946b753-GrpcLogAppender: appendEntries Timeout, request=2d4da40c-dd43-4554-9707-f6503cf38c80->f3263f9a-ef6c-4ff4-a6b2-5a62e946b753#77-t1, previous=(t:1, i:21), leaderCommit=16, initializing? false, entries: <empty>
2019-09-12 04:23:44,108 [java.util.concurrent.ThreadPoolExecutor$Worker@73f1de88[State = -1, empty queue]] WARN  server.GrpcLogAppender (GrpcLogAppender.java:timeoutAppendRequest(200)) - 2d4da40c-dd43-4554-9707-f6503cf38c80@group-6D8373F8491B->a413c2ef-7abc-47d7-b263-b9548e673ba5-GrpcLogAppender: appendEntries Timeout, request=2d4da40c-dd43-4554-9707-f6503cf38c80->a413c2ef-7abc-47d7-b263-b9548e673ba5#77-t1, previous=(t:1, i:21), leaderCommit=16, initializing? false, entries: <empty>
2019-09-12 04:23:44,596 [EventQueue-PipelineActionsForPipelineActionHandler] ERROR pipeline.PipelineActionHandler (PipelineActionHandler.java:onMessage(60)) - Received pipeline action CLOSE for Pipeline[ Id: 01d26c0f-af01-4266-92c2-6d8373f8491b, Nodes: f3263f9a-ef6c-4ff4-a6b2-5a62e946b753{ip: 192.168.34.8, host: pr-hdds-1879-pbs75-1821932185, networkLocation: /default-rack, certSerialId: null}2d4da40c-dd43-4554-9707-f6503cf38c80{ip: 192.168.34.8, host: pr-hdds-1879-pbs75-1821932185, networkLocation: /default-rack, certSerialId: null}a413c2ef-7abc-47d7-b263-b9548e673ba5{ip: 192.168.34.8, host: pr-hdds-1879-pbs75-1821932185, networkLocation: /default-rack, certSerialId: null}, Type:RATIS, Factor:THREE, State:CLOSED] from datanode 2d4da40c-dd43-4554-9707-f6503cf38c80{ip: 192.168.34.8, host: pr-hdds-1879-pbs75-1821932185, networkLocation: /default-rack, certSerialId: null}. Reason : 2d4da40c-dd43-4554-9707-f6503cf38c80 has not seen follower/s a413c2ef-7abc-47d7-b263-b9548e673ba5 for 142740ms f3263f9a-ef6c-4ff4-a6b2-5a62e946b753 for 142740ms
2019-09-12 04:23:44,596 [EventQueue-PipelineActionsForPipelineActionHandler] INFO  pipeline.SCMPipelineManager (SCMPipelineManager.java:finalizeAndDestroyPipeline(311)) - destroying pipeline:Pipeline[ Id: 01d26c0f-af01-4266-92c2-6d8373f8491b, Nodes: f3263f9a-ef6c-4ff4-a6b2-5a62e946b753{ip: 192.168.34.8, host: pr-hdds-1879-pbs75-1821932185, networkLocation: /default-rack, certSerialId: null}2d4da40c-dd43-4554-9707-f6503cf38c80{ip: 192.168.34.8, host: pr-hdds-1879-pbs75-1821932185, networkLocation: /default-rack, certSerialId: null}a413c2ef-7abc-47d7-b263-b9548e673ba5{ip: 192.168.34.8, host: pr-hdds-1879-pbs75-1821932185, networkLocation: /default-rack, certSerialId: null}, Type:RATIS, Factor:THREE, State:CLOSED]
2019-09-12 04:23:46,111 [org.apache.ratis.server.impl.LogAppender$AppenderDaemon$$Lambda$495/740911003@3fad8569] ERROR ratis.XceiverServerRatis (XceiverServerRatis.java:triggerPipelineClose(568)) - pipeline Action CLOSE  on pipeline PipelineID=01d26c0f-af01-4266-92c2-6d8373f8491b.Reason : 2d4da40c-dd43-4554-9707-f6503cf38c80 has not seen follower/s a413c2ef-7abc-47d7-b263-b9548e673ba5 for 145242ms f3263f9a-ef6c-4ff4-a6b2-5a62e946b753 for 145242ms
2019-09-12 04:23:46,111 [org.apache.ratis.server.impl.LogAppender$AppenderDaemon$$Lambda$495/740911003@74c8839b] ERROR ratis.XceiverServerRatis (XceiverServerRatis.java:triggerPipelineClose(568)) - pipeline Action CLOSE  on pipeline PipelineID=01d26c0f-af01-4266-92c2-6d8373f8491b.Reason : 2d4da40c-dd43-4554-9707-f6503cf38c80 has not seen follower/s a413c2ef-7abc-47d7-b263-b9548e673ba5 for 145242ms f3263f9a-ef6c-4ff4-a6b2-5a62e946b753 for 145242ms
2019-09-12 04:23:46,596 [EventQueue-PipelineActionsForPipelineActionHandler] ERROR pipeline.PipelineActionHandler (PipelineActionHandler.java:onMessage(60)) - Received pipeline action CLOSE for Pipeline[ Id: 01d26c0f-af01-4266-92c2-6d8373f8491b, Nodes: f3263f9a-ef6c-4ff4-a6b2-5a62e946b753{ip: 192.168.34.8, host: pr-hdds-1879-pbs75-1821932185, networkLocation: /default-rack, certSerialId: null}2d4da40c-dd43-4554-9707-f6503cf38c80{ip: 192.168.34.8, host: pr-hdds-1879-pbs75-1821932185, networkLocation: /default-rack, certSerialId: null}a413c2ef-7abc-47d7-b263-b9548e673ba5{ip: 192.168.34.8, host: pr-hdds-1879-pbs75-1821932185, networkLocation: /default-rack, certSerialId: null}, Type:RATIS, Factor:THREE, State:CLOSED] from datanode 2d4da40c-dd43-4554-9707-f6503cf38c80{ip: 192.168.34.8, host: pr-hdds-1879-pbs75-1821932185, networkLocation: /default-rack, certSerialId: null}. Reason : 2d4da40c-dd43-4554-9707-f6503cf38c80 has not seen follower/s a413c2ef-7abc-47d7-b263-b9548e673ba5 for 145242ms f3263f9a-ef6c-4ff4-a6b2-5a62e946b753 for 145242ms
2019-09-12 04:23:46,596 [EventQueue-PipelineActionsForPipelineActionHandler] INFO  pipeline.SCMPipelineManager (SCMPipelineManager.java:finalizeAndDestroyPipeline(311)) - destroying pipeline:Pipeline[ Id: 01d26c0f-af01-4266-92c2-6d8373f8491b, Nodes: f3263f9a-ef6c-4ff4-a6b2-5a62e946b753{ip: 192.168.34.8, host: pr-hdds-1879-pbs75-1821932185, networkLocation: /default-rack, certSerialId: null}2d4da40c-dd43-4554-9707-f6503cf38c80{ip: 192.168.34.8, host: pr-hdds-1879-pbs75-1821932185, networkLocation: /default-rack, certSerialId: null}a413c2ef-7abc-47d7-b263-b9548e673ba5{ip: 192.168.34.8, host: pr-hdds-1879-pbs75-1821932185, networkLocation: /default-rack, certSerialId: null}, Type:RATIS, Factor:THREE, State:CLOSED]
2019-09-12 04:23:46,609 [java.util.concurrent.ThreadPoolExecutor$Worker@2fea0fa2[State = -1, empty queue]] WARN  server.GrpcLogAppender (GrpcLogAppender.java:timeoutAppendRequest(200)) - 2d4da40c-dd43-4554-9707-f6503cf38c80@group-6D8373F8491B->f3263f9a-ef6c-4ff4-a6b2-5a62e946b753-GrpcLogAppender: appendEntries Timeout, request=2d4da40c-dd43-4554-9707-f6503cf38c80->f3263f9a-ef6c-4ff4-a6b2-5a62e946b753#78-t1, previous=(t:1, i:21), leaderCommit=16, initializing? false, entries: <empty>
2019-09-12 04:23:46,609 [java.util.concurrent.ThreadPoolExecutor$Worker@73f1de88[State = -1, empty queue]] WARN  server.GrpcLogAppender (GrpcLogAppender.java:timeoutAppendRequest(200)) - 2d4da40c-dd43-4554-9707-f6503cf38c80@group-6D8373F8491B->a413c2ef-7abc-47d7-b263-b9548e673ba5-GrpcLogAppender: appendEntries Timeout, request=2d4da40c-dd43-4554-9707-f6503cf38c80->a413c2ef-7abc-47d7-b263-b9548e673ba5#78-t1, previous=(t:1, i:21), leaderCommit=16, initializing? false, entries: <empty>
2019-09-12 04:23:47,822 [grpc-default-executor-11] INFO  client.GrpcClientProtocolClient (GrpcClientProtocolClient.java:onNext(264)) - client-70E987BF850D->a413c2ef-7abc-47d7-b263-b9548e673ba5: receive RaftClientReply:client-70E987BF850D->a413c2ef-7abc-47d7-b263-b9548e673ba5@group-6D8373F8491B, cid=298, FAILED org.apache.ratis.protocol.NotLeaderException: Server a413c2ef-7abc-47d7-b263-b9548e673ba5@group-6D8373F8491B is not the leader 2d4da40c-dd43-4554-9707-f6503cf38c80:192.168.34.8:45634, logIndex=0, commits[a413c2ef-7abc-47d7-b263-b9548e673ba5:c16, 2d4da40c-dd43-4554-9707-f6503cf38c80:c16, f3263f9a-ef6c-4ff4-a6b2-5a62e946b753:c12]
2019-09-12 04:23:48,612 [org.apache.ratis.server.impl.LogAppender$AppenderDaemon$$Lambda$495/740911003@3fad8569] ERROR ratis.XceiverServerRatis (XceiverServerRatis.java:triggerPipelineClose(568)) - pipeline Action CLOSE  on pipeline PipelineID=01d26c0f-af01-4266-92c2-6d8373f8491b.Reason : 2d4da40c-dd43-4554-9707-f6503cf38c80 has not seen follower/s a413c2ef-7abc-47d7-b263-b9548e673ba5 for 147744ms f3263f9a-ef6c-4ff4-a6b2-5a62e946b753 for 147743ms
2019-09-12 04:23:48,612 [org.apache.ratis.server.impl.LogAppender$AppenderDaemon$$Lambda$495/740911003@74c8839b] ERROR ratis.XceiverServerRatis (XceiverServerRatis.java:triggerPipelineClose(568)) - pipeline Action CLOSE  on pipeline PipelineID=01d26c0f-af01-4266-92c2-6d8373f8491b.Reason : 2d4da40c-dd43-4554-9707-f6503cf38c80 has not seen follower/s a413c2ef-7abc-47d7-b263-b9548e673ba5 for 147744ms f3263f9a-ef6c-4ff4-a6b2-5a62e946b753 for 147743ms
2019-09-12 04:23:49,111 [java.util.concurrent.ThreadPoolExecutor$Worker@73f1de88[State = -1, empty queue]] WARN  server.GrpcLogAppender (GrpcLogAppender.java:timeoutAppendRequest(200)) - 2d4da40c-dd43-4554-9707-f6503cf38c80@group-6D8373F8491B->a413c2ef-7abc-47d7-b263-b9548e673ba5-GrpcLogAppender: appendEntries Timeout, request=2d4da40c-dd43-4554-9707-f6503cf38c80->a413c2ef-7abc-47d7-b263-b9548e673ba5#79-t1, previous=(t:1, i:21), leaderCommit=16, initializing? false, entries: <empty>
2019-09-12 04:23:49,111 [java.util.concurrent.ThreadPoolExecutor$Worker@2fea0fa2[State = -1, empty queue]] WARN  server.GrpcLogAppender (GrpcLogAppender.java:timeoutAppendRequest(200)) - 2d4da40c-dd43-4554-9707-f6503cf38c80@group-6D8373F8491B->f3263f9a-ef6c-4ff4-a6b2-5a62e946b753-GrpcLogAppender: appendEntries Timeout, request=2d4da40c-dd43-4554-9707-f6503cf38c80->f3263f9a-ef6c-4ff4-a6b2-5a62e946b753#79-t1, previous=(t:1, i:21), leaderCommit=16, initializing? false, entries: <empty>
2019-09-12 04:23:49,595 [EventQueue-PipelineActionsForPipelineActionHandler] ERROR pipeline.PipelineActionHandler (PipelineActionHandler.java:onMessage(60)) - Received pipeline action CLOSE for Pipeline[ Id: 01d26c0f-af01-4266-92c2-6d8373f8491b, Nodes: f3263f9a-ef6c-4ff4-a6b2-5a62e946b753{ip: 192.168.34.8, host: pr-hdds-1879-pbs75-1821932185, networkLocation: /default-rack, certSerialId: null}2d4da40c-dd43-4554-9707-f6503cf38c80{ip: 192.168.34.8, host: pr-hdds-1879-pbs75-1821932185, networkLocation: /default-rack, certSerialId: null}a413c2ef-7abc-47d7-b263-b9548e673ba5{ip: 192.168.34.8, host: pr-hdds-1879-pbs75-1821932185, networkLocation: /default-rack, certSerialId: null}, Type:RATIS, Factor:THREE, State:CLOSED] from datanode 2d4da40c-dd43-4554-9707-f6503cf38c80{ip: 192.168.34.8, host: pr-hdds-1879-pbs75-1821932185, networkLocation: /default-rack, certSerialId: null}. Reason : 2d4da40c-dd43-4554-9707-f6503cf38c80 has not seen follower/s a413c2ef-7abc-47d7-b263-b9548e673ba5 for 147744ms f3263f9a-ef6c-4ff4-a6b2-5a62e946b753 for 147743ms
2019-09-12 04:23:49,596 [EventQueue-PipelineActionsForPipelineActionHandler] INFO  pipeline.SCMPipelineManager (SCMPipelineManager.java:finalizeAndDestroyPipeline(311)) - destroying pipeline:Pipeline[ Id: 01d26c0f-af01-4266-92c2-6d8373f8491b, Nodes: f3263f9a-ef6c-4ff4-a6b2-5a62e946b753{ip: 192.168.34.8, host: pr-hdds-1879-pbs75-1821932185, networkLocation: /default-rack, certSerialId: null}2d4da40c-dd43-4554-9707-f6503cf38c80{ip: 192.168.34.8, host: pr-hdds-1879-pbs75-1821932185, networkLocation: /default-rack, certSerialId: null}a413c2ef-7abc-47d7-b263-b9548e673ba5{ip: 192.168.34.8, host: pr-hdds-1879-pbs75-1821932185, networkLocation: /default-rack, certSerialId: null}, Type:RATIS, Factor:THREE, State:CLOSED]
2019-09-12 04:23:51,113 [org.apache.ratis.server.impl.LogAppender$AppenderDaemon$$Lambda$495/740911003@3fad8569] ERROR ratis.XceiverServerRatis (XceiverServerRatis.java:triggerPipelineClose(568)) - pipeline Action CLOSE  on pipeline PipelineID=01d26c0f-af01-4266-92c2-6d8373f8491b.Reason : 2d4da40c-dd43-4554-9707-f6503cf38c80 has not seen follower/s a413c2ef-7abc-47d7-b263-b9548e673ba5 for 150244ms f3263f9a-ef6c-4ff4-a6b2-5a62e946b753 for 150243ms
2019-09-12 04:23:51,113 [org.apache.ratis.server.impl.LogAppender$AppenderDaemon$$Lambda$495/740911003@74c8839b] ERROR ratis.XceiverServerRatis (XceiverServerRatis.java:triggerPipelineClose(568)) - pipeline Action CLOSE  on pipeline PipelineID=01d26c0f-af01-4266-92c2-6d8373f8491b.Reason : 2d4da40c-dd43-4554-9707-f6503cf38c80 has not seen follower/s a413c2ef-7abc-47d7-b263-b9548e673ba5 for 150244ms f3263f9a-ef6c-4ff4-a6b2-5a62e946b753 for 150243ms
2019-09-12 04:23:51,265 [2d4da40c-dd43-4554-9707-f6503cf38c80@group-6D8373F8491B-SegmentedRaftLogWorker] WARN  segmented.SegmentedRaftLogWorker (SegmentedRaftLogWorker.java:getFromFuture(90)) - Timeout 14/~
org.apache.ratis.protocol.TimeoutIOException: Timeout 10s: WriteLog:17: (t:1, i:17), STATEMACHINELOGENTRY, client-70E987BF850D, cid=298-writeStateMachineData
	at org.apache.ratis.util.IOUtils.getFromFuture(IOUtils.java:87)
	at org.apache.ratis.server.raftlog.segmented.SegmentedRaftLogWorker$StateMachineDataPolicy.getFromFuture(SegmentedRaftLogWorker.java:87)
	at org.apache.ratis.server.raftlog.segmented.SegmentedRaftLogWorker$WriteLog.execute(SegmentedRaftLogWorker.java:477)
	at org.apache.ratis.server.raftlog.segmented.SegmentedRaftLogWorker.run(SegmentedRaftLogWorker.java:289)
	at java.lang.Thread.run(Thread.java:748)
Caused by: java.util.concurrent.TimeoutException
	at java.util.concurrent.CompletableFuture.timedGet(CompletableFuture.java:1771)
	at java.util.concurrent.CompletableFuture.get(CompletableFuture.java:1915)
	at org.apache.ratis.util.IOUtils.getFromFuture(IOUtils.java:79)
	... 4 more
2019-09-12 04:23:51,297 [a413c2ef-7abc-47d7-b263-b9548e673ba5@group-6D8373F8491B-SegmentedRaftLogWorker] WARN  segmented.SegmentedRaftLogWorker (SegmentedRaftLogWorker.java:getFromFuture(90)) - Timeout 14/~
org.apache.ratis.protocol.TimeoutIOException: Timeout 10s: WriteLog:17: (t:1, i:17), STATEMACHINELOGENTRY, client-70E987BF850D, cid=298-writeStateMachineData
	at org.apache.ratis.util.IOUtils.getFromFuture(IOUtils.java:87)
	at org.apache.ratis.server.raftlog.segmented.SegmentedRaftLogWorker$StateMachineDataPolicy.getFromFuture(SegmentedRaftLogWorker.java:87)
	at org.apache.ratis.server.raftlog.segmented.SegmentedRaftLogWorker$WriteLog.execute(SegmentedRaftLogWorker.java:477)
	at org.apache.ratis.server.raftlog.segmented.SegmentedRaftLogWorker.run(SegmentedRaftLogWorker.java:289)
	at java.lang.Thread.run(Thread.java:748)
Caused by: java.util.concurrent.TimeoutException
	at java.util.concurrent.CompletableFuture.timedGet(CompletableFuture.java:1771)
	at java.util.concurrent.CompletableFuture.get(CompletableFuture.java:1915)
	at org.apache.ratis.util.IOUtils.getFromFuture(IOUtils.java:79)
	... 4 more
2019-09-12 04:23:51,443 [f3263f9a-ef6c-4ff4-a6b2-5a62e946b753@group-6D8373F8491B-SegmentedRaftLogWorker] WARN  segmented.SegmentedRaftLogWorker (SegmentedRaftLogWorker.java:getFromFuture(90)) - Timeout 14/~
org.apache.ratis.protocol.TimeoutIOException: Timeout 10s: WriteLog:19: (t:1, i:19), STATEMACHINELOGENTRY, client-70E987BF850D, cid=300-writeStateMachineData
	at org.apache.ratis.util.IOUtils.getFromFuture(IOUtils.java:87)
	at org.apache.ratis.server.raftlog.segmented.SegmentedRaftLogWorker$StateMachineDataPolicy.getFromFuture(SegmentedRaftLogWorker.java:87)
	at org.apache.ratis.server.raftlog.segmented.SegmentedRaftLogWorker$WriteLog.execute(SegmentedRaftLogWorker.java:477)
	at org.apache.ratis.server.raftlog.segmented.SegmentedRaftLogWorker.run(SegmentedRaftLogWorker.java:289)
	at java.lang.Thread.run(Thread.java:748)
Caused by: java.util.concurrent.TimeoutException
	at java.util.concurrent.CompletableFuture.timedGet(CompletableFuture.java:1771)
	at java.util.concurrent.CompletableFuture.get(CompletableFuture.java:1915)
	at org.apache.ratis.util.IOUtils.getFromFuture(IOUtils.java:79)
	... 4 more
2019-09-12 04:23:51,596 [EventQueue-PipelineActionsForPipelineActionHandler] ERROR pipeline.PipelineActionHandler (PipelineActionHandler.java:onMessage(60)) - Received pipeline action CLOSE for Pipeline[ Id: 01d26c0f-af01-4266-92c2-6d8373f8491b, Nodes: f3263f9a-ef6c-4ff4-a6b2-5a62e946b753{ip: 192.168.34.8, host: pr-hdds-1879-pbs75-1821932185, networkLocation: /default-rack, certSerialId: null}2d4da40c-dd43-4554-9707-f6503cf38c80{ip: 192.168.34.8, host: pr-hdds-1879-pbs75-1821932185, networkLocation: /default-rack, certSerialId: null}a413c2ef-7abc-47d7-b263-b9548e673ba5{ip: 192.168.34.8, host: pr-hdds-1879-pbs75-1821932185, networkLocation: /default-rack, certSerialId: null}, Type:RATIS, Factor:THREE, State:CLOSED] from datanode 2d4da40c-dd43-4554-9707-f6503cf38c80{ip: 192.168.34.8, host: pr-hdds-1879-pbs75-1821932185, networkLocation: /default-rack, certSerialId: null}. Reason : 2d4da40c-dd43-4554-9707-f6503cf38c80 has not seen follower/s a413c2ef-7abc-47d7-b263-b9548e673ba5 for 150244ms f3263f9a-ef6c-4ff4-a6b2-5a62e946b753 for 150243ms
2019-09-12 04:23:51,596 [EventQueue-PipelineActionsForPipelineActionHandler] INFO  pipeline.SCMPipelineManager (SCMPipelineManager.java:finalizeAndDestroyPipeline(311)) - destroying pipeline:Pipeline[ Id: 01d26c0f-af01-4266-92c2-6d8373f8491b, Nodes: f3263f9a-ef6c-4ff4-a6b2-5a62e946b753{ip: 192.168.34.8, host: pr-hdds-1879-pbs75-1821932185, networkLocation: /default-rack, certSerialId: null}2d4da40c-dd43-4554-9707-f6503cf38c80{ip: 192.168.34.8, host: pr-hdds-1879-pbs75-1821932185, networkLocation: /default-rack, certSerialId: null}a413c2ef-7abc-47d7-b263-b9548e673ba5{ip: 192.168.34.8, host: pr-hdds-1879-pbs75-1821932185, networkLocation: /default-rack, certSerialId: null}, Type:RATIS, Factor:THREE, State:CLOSED]
2019-09-12 04:23:51,612 [java.util.concurrent.ThreadPoolExecutor$Worker@2fea0fa2[State = -1, empty queue]] WARN  server.GrpcLogAppender (GrpcLogAppender.java:timeoutAppendRequest(200)) - 2d4da40c-dd43-4554-9707-f6503cf38c80@group-6D8373F8491B->f3263f9a-ef6c-4ff4-a6b2-5a62e946b753-GrpcLogAppender: appendEntries Timeout, request=2d4da40c-dd43-4554-9707-f6503cf38c80->f3263f9a-ef6c-4ff4-a6b2-5a62e946b753#80-t1, previous=(t:1, i:21), leaderCommit=16, initializing? false, entries: <empty>
2019-09-12 04:23:51,612 [java.util.concurrent.ThreadPoolExecutor$Worker@73f1de88[State = -1, empty queue]] WARN  server.GrpcLogAppender (GrpcLogAppender.java:timeoutAppendRequest(200)) - 2d4da40c-dd43-4554-9707-f6503cf38c80@group-6D8373F8491B->a413c2ef-7abc-47d7-b263-b9548e673ba5-GrpcLogAppender: appendEntries Timeout, request=2d4da40c-dd43-4554-9707-f6503cf38c80->a413c2ef-7abc-47d7-b263-b9548e673ba5#80-t1, previous=(t:1, i:21), leaderCommit=16, initializing? false, entries: <empty>
2019-09-12 04:23:52,893 [grpc-default-executor-6] INFO  client.GrpcClientProtocolClient (GrpcClientProtocolClient.java:onNext(264)) - client-70E987BF850D->a413c2ef-7abc-47d7-b263-b9548e673ba5: receive RaftClientReply:client-70E987BF850D->a413c2ef-7abc-47d7-b263-b9548e673ba5@group-6D8373F8491B, cid=298, FAILED org.apache.ratis.protocol.NotLeaderException: Server a413c2ef-7abc-47d7-b263-b9548e673ba5@group-6D8373F8491B is not the leader 2d4da40c-dd43-4554-9707-f6503cf38c80:192.168.34.8:45634, logIndex=0, commits[a413c2ef-7abc-47d7-b263-b9548e673ba5:c16, 2d4da40c-dd43-4554-9707-f6503cf38c80:c16, f3263f9a-ef6c-4ff4-a6b2-5a62e946b753:c12]
2019-09-12 04:23:53,613 [org.apache.ratis.server.impl.LogAppender$AppenderDaemon$$Lambda$495/740911003@3fad8569] ERROR ratis.XceiverServerRatis (XceiverServerRatis.java:triggerPipelineClose(568)) - pipeline Action CLOSE  on pipeline PipelineID=01d26c0f-af01-4266-92c2-6d8373f8491b.Reason : 2d4da40c-dd43-4554-9707-f6503cf38c80 has not seen follower/s a413c2ef-7abc-47d7-b263-b9548e673ba5 for 152744ms f3263f9a-ef6c-4ff4-a6b2-5a62e946b753 for 152744ms
2019-09-12 04:23:53,613 [org.apache.ratis.server.impl.LogAppender$AppenderDaemon$$Lambda$495/740911003@74c8839b] ERROR ratis.XceiverServerRatis (XceiverServerRatis.java:triggerPipelineClose(568)) - pipeline Action CLOSE  on pipeline PipelineID=01d26c0f-af01-4266-92c2-6d8373f8491b.Reason : 2d4da40c-dd43-4554-9707-f6503cf38c80 has not seen follower/s a413c2ef-7abc-47d7-b263-b9548e673ba5 for 152745ms f3263f9a-ef6c-4ff4-a6b2-5a62e946b753 for 152744ms
2019-09-12 04:23:54,113 [java.util.concurrent.ThreadPoolExecutor$Worker@2fea0fa2[State = -1, empty queue]] WARN  server.GrpcLogAppender (GrpcLogAppender.java:timeoutAppendRequest(200)) - 2d4da40c-dd43-4554-9707-f6503cf38c80@group-6D8373F8491B->f3263f9a-ef6c-4ff4-a6b2-5a62e946b753-GrpcLogAppender: appendEntries Timeout, request=2d4da40c-dd43-4554-9707-f6503cf38c80->f3263f9a-ef6c-4ff4-a6b2-5a62e946b753#81-t1, previous=(t:1, i:21), leaderCommit=16, initializing? false, entries: <empty>
2019-09-12 04:23:54,113 [java.util.concurrent.ThreadPoolExecutor$Worker@73f1de88[State = -1, empty queue]] WARN  server.GrpcLogAppender (GrpcLogAppender.java:timeoutAppendRequest(200)) - 2d4da40c-dd43-4554-9707-f6503cf38c80@group-6D8373F8491B->a413c2ef-7abc-47d7-b263-b9548e673ba5-GrpcLogAppender: appendEntries Timeout, request=2d4da40c-dd43-4554-9707-f6503cf38c80->a413c2ef-7abc-47d7-b263-b9548e673ba5#81-t1, previous=(t:1, i:21), leaderCommit=16, initializing? false, entries: <empty>
2019-09-12 04:23:54,596 [EventQueue-PipelineActionsForPipelineActionHandler] ERROR pipeline.PipelineActionHandler (PipelineActionHandler.java:onMessage(60)) - Received pipeline action CLOSE for Pipeline[ Id: 01d26c0f-af01-4266-92c2-6d8373f8491b, Nodes: f3263f9a-ef6c-4ff4-a6b2-5a62e946b753{ip: 192.168.34.8, host: pr-hdds-1879-pbs75-1821932185, networkLocation: /default-rack, certSerialId: null}2d4da40c-dd43-4554-9707-f6503cf38c80{ip: 192.168.34.8, host: pr-hdds-1879-pbs75-1821932185, networkLocation: /default-rack, certSerialId: null}a413c2ef-7abc-47d7-b263-b9548e673ba5{ip: 192.168.34.8, host: pr-hdds-1879-pbs75-1821932185, networkLocation: /default-rack, certSerialId: null}, Type:RATIS, Factor:THREE, State:CLOSED] from datanode 2d4da40c-dd43-4554-9707-f6503cf38c80{ip: 192.168.34.8, host: pr-hdds-1879-pbs75-1821932185, networkLocation: /default-rack, certSerialId: null}. Reason : 2d4da40c-dd43-4554-9707-f6503cf38c80 has not seen follower/s a413c2ef-7abc-47d7-b263-b9548e673ba5 for 152744ms f3263f9a-ef6c-4ff4-a6b2-5a62e946b753 for 152744ms
2019-09-12 04:23:54,596 [EventQueue-PipelineActionsForPipelineActionHandler] INFO  pipeline.SCMPipelineManager (SCMPipelineManager.java:finalizeAndDestroyPipeline(311)) - destroying pipeline:Pipeline[ Id: 01d26c0f-af01-4266-92c2-6d8373f8491b, Nodes: f3263f9a-ef6c-4ff4-a6b2-5a62e946b753{ip: 192.168.34.8, host: pr-hdds-1879-pbs75-1821932185, networkLocation: /default-rack, certSerialId: null}2d4da40c-dd43-4554-9707-f6503cf38c80{ip: 192.168.34.8, host: pr-hdds-1879-pbs75-1821932185, networkLocation: /default-rack, certSerialId: null}a413c2ef-7abc-47d7-b263-b9548e673ba5{ip: 192.168.34.8, host: pr-hdds-1879-pbs75-1821932185, networkLocation: /default-rack, certSerialId: null}, Type:RATIS, Factor:THREE, State:CLOSED]
2019-09-12 04:23:56,114 [org.apache.ratis.server.impl.LogAppender$AppenderDaemon$$Lambda$495/740911003@74c8839b] ERROR ratis.XceiverServerRatis (XceiverServerRatis.java:triggerPipelineClose(568)) - pipeline Action CLOSE  on pipeline PipelineID=01d26c0f-af01-4266-92c2-6d8373f8491b.Reason : 2d4da40c-dd43-4554-9707-f6503cf38c80 has not seen follower/s a413c2ef-7abc-47d7-b263-b9548e673ba5 for 155245ms f3263f9a-ef6c-4ff4-a6b2-5a62e946b753 for 155245ms
2019-09-12 04:23:56,114 [org.apache.ratis.server.impl.LogAppender$AppenderDaemon$$Lambda$495/740911003@3fad8569] ERROR ratis.XceiverServerRatis (XceiverServerRatis.java:triggerPipelineClose(568)) - pipeline Action CLOSE  on pipeline PipelineID=01d26c0f-af01-4266-92c2-6d8373f8491b.Reason : 2d4da40c-dd43-4554-9707-f6503cf38c80 has not seen follower/s a413c2ef-7abc-47d7-b263-b9548e673ba5 for 155245ms f3263f9a-ef6c-4ff4-a6b2-5a62e946b753 for 155245ms
2019-09-12 04:23:56,596 [EventQueue-PipelineActionsForPipelineActionHandler] ERROR pipeline.PipelineActionHandler (PipelineActionHandler.java:onMessage(60)) - Received pipeline action CLOSE for Pipeline[ Id: 01d26c0f-af01-4266-92c2-6d8373f8491b, Nodes: f3263f9a-ef6c-4ff4-a6b2-5a62e946b753{ip: 192.168.34.8, host: pr-hdds-1879-pbs75-1821932185, networkLocation: /default-rack, certSerialId: null}2d4da40c-dd43-4554-9707-f6503cf38c80{ip: 192.168.34.8, host: pr-hdds-1879-pbs75-1821932185, networkLocation: /default-rack, certSerialId: null}a413c2ef-7abc-47d7-b263-b9548e673ba5{ip: 192.168.34.8, host: pr-hdds-1879-pbs75-1821932185, networkLocation: /default-rack, certSerialId: null}, Type:RATIS, Factor:THREE, State:CLOSED] from datanode 2d4da40c-dd43-4554-9707-f6503cf38c80{ip: 192.168.34.8, host: pr-hdds-1879-pbs75-1821932185, networkLocation: /default-rack, certSerialId: null}. Reason : 2d4da40c-dd43-4554-9707-f6503cf38c80 has not seen follower/s a413c2ef-7abc-47d7-b263-b9548e673ba5 for 155245ms f3263f9a-ef6c-4ff4-a6b2-5a62e946b753 for 155245ms
2019-09-12 04:23:56,597 [EventQueue-PipelineActionsForPipelineActionHandler] INFO  pipeline.SCMPipelineManager (SCMPipelineManager.java:finalizeAndDestroyPipeline(311)) - destroying pipeline:Pipeline[ Id: 01d26c0f-af01-4266-92c2-6d8373f8491b, Nodes: f3263f9a-ef6c-4ff4-a6b2-5a62e946b753{ip: 192.168.34.8, host: pr-hdds-1879-pbs75-1821932185, networkLocation: /default-rack, certSerialId: null}2d4da40c-dd43-4554-9707-f6503cf38c80{ip: 192.168.34.8, host: pr-hdds-1879-pbs75-1821932185, networkLocation: /default-rack, certSerialId: null}a413c2ef-7abc-47d7-b263-b9548e673ba5{ip: 192.168.34.8, host: pr-hdds-1879-pbs75-1821932185, networkLocation: /default-rack, certSerialId: null}, Type:RATIS, Factor:THREE, State:CLOSED]
2019-09-12 04:23:56,613 [java.util.concurrent.ThreadPoolExecutor$Worker@73f1de88[State = -1, empty queue]] WARN  server.GrpcLogAppender (GrpcLogAppender.java:timeoutAppendRequest(200)) - 2d4da40c-dd43-4554-9707-f6503cf38c80@group-6D8373F8491B->a413c2ef-7abc-47d7-b263-b9548e673ba5-GrpcLogAppender: appendEntries Timeout, request=2d4da40c-dd43-4554-9707-f6503cf38c80->a413c2ef-7abc-47d7-b263-b9548e673ba5#82-t1, previous=(t:1, i:21), leaderCommit=16, initializing? false, entries: <empty>
2019-09-12 04:23:56,613 [java.util.concurrent.ThreadPoolExecutor$Worker@2fea0fa2[State = -1, empty queue]] WARN  server.GrpcLogAppender (GrpcLogAppender.java:timeoutAppendRequest(200)) - 2d4da40c-dd43-4554-9707-f6503cf38c80@group-6D8373F8491B->f3263f9a-ef6c-4ff4-a6b2-5a62e946b753-GrpcLogAppender: appendEntries Timeout, request=2d4da40c-dd43-4554-9707-f6503cf38c80->f3263f9a-ef6c-4ff4-a6b2-5a62e946b753#82-t1, previous=(t:1, i:21), leaderCommit=16, initializing? false, entries: <empty>
2019-09-12 04:23:57,953 [grpc-default-executor-6] INFO  client.GrpcClientProtocolClient (GrpcClientProtocolClient.java:onNext(264)) - client-70E987BF850D->f3263f9a-ef6c-4ff4-a6b2-5a62e946b753: receive RaftClientReply:client-70E987BF850D->f3263f9a-ef6c-4ff4-a6b2-5a62e946b753@group-6D8373F8491B, cid=298, FAILED org.apache.ratis.protocol.NotLeaderException: Server f3263f9a-ef6c-4ff4-a6b2-5a62e946b753@group-6D8373F8491B is not the leader 2d4da40c-dd43-4554-9707-f6503cf38c80:192.168.34.8:45634, logIndex=0, commits[f3263f9a-ef6c-4ff4-a6b2-5a62e946b753:c16, 2d4da40c-dd43-4554-9707-f6503cf38c80:c16, a413c2ef-7abc-47d7-b263-b9548e673ba5:c12]
2019-09-12 04:23:58,615 [org.apache.ratis.server.impl.LogAppender$AppenderDaemon$$Lambda$495/740911003@74c8839b] ERROR ratis.XceiverServerRatis (XceiverServerRatis.java:triggerPipelineClose(568)) - pipeline Action CLOSE  on pipeline PipelineID=01d26c0f-af01-4266-92c2-6d8373f8491b.Reason : 2d4da40c-dd43-4554-9707-f6503cf38c80 has not seen follower/s a413c2ef-7abc-47d7-b263-b9548e673ba5 for 157746ms f3263f9a-ef6c-4ff4-a6b2-5a62e946b753 for 157746ms
2019-09-12 04:23:58,615 [org.apache.ratis.server.impl.LogAppender$AppenderDaemon$$Lambda$495/740911003@3fad8569] ERROR ratis.XceiverServerRatis (XceiverServerRatis.java:triggerPipelineClose(568)) - pipeline Action CLOSE  on pipeline PipelineID=01d26c0f-af01-4266-92c2-6d8373f8491b.Reason : 2d4da40c-dd43-4554-9707-f6503cf38c80 has not seen follower/s a413c2ef-7abc-47d7-b263-b9548e673ba5 for 157747ms f3263f9a-ef6c-4ff4-a6b2-5a62e946b753 for 157746ms
2019-09-12 04:23:59,114 [java.util.concurrent.ThreadPoolExecutor$Worker@73f1de88[State = -1, empty queue]] WARN  server.GrpcLogAppender (GrpcLogAppender.java:timeoutAppendRequest(200)) - 2d4da40c-dd43-4554-9707-f6503cf38c80@group-6D8373F8491B->a413c2ef-7abc-47d7-b263-b9548e673ba5-GrpcLogAppender: appendEntries Timeout, request=2d4da40c-dd43-4554-9707-f6503cf38c80->a413c2ef-7abc-47d7-b263-b9548e673ba5#83-t1, previous=(t:1, i:21), leaderCommit=16, initializing? false, entries: <empty>
2019-09-12 04:23:59,114 [java.util.concurrent.ThreadPoolExecutor$Worker@2fea0fa2[State = -1, empty queue]] WARN  server.GrpcLogAppender (GrpcLogAppender.java:timeoutAppendRequest(200)) - 2d4da40c-dd43-4554-9707-f6503cf38c80@group-6D8373F8491B->f3263f9a-ef6c-4ff4-a6b2-5a62e946b753-GrpcLogAppender: appendEntries Timeout, request=2d4da40c-dd43-4554-9707-f6503cf38c80->f3263f9a-ef6c-4ff4-a6b2-5a62e946b753#83-t1, previous=(t:1, i:21), leaderCommit=16, initializing? false, entries: <empty>
2019-09-12 04:23:59,596 [EventQueue-PipelineActionsForPipelineActionHandler] ERROR pipeline.PipelineActionHandler (PipelineActionHandler.java:onMessage(60)) - Received pipeline action CLOSE for Pipeline[ Id: 01d26c0f-af01-4266-92c2-6d8373f8491b, Nodes: f3263f9a-ef6c-4ff4-a6b2-5a62e946b753{ip: 192.168.34.8, host: pr-hdds-1879-pbs75-1821932185, networkLocation: /default-rack, certSerialId: null}2d4da40c-dd43-4554-9707-f6503cf38c80{ip: 192.168.34.8, host: pr-hdds-1879-pbs75-1821932185, networkLocation: /default-rack, certSerialId: null}a413c2ef-7abc-47d7-b263-b9548e673ba5{ip: 192.168.34.8, host: pr-hdds-1879-pbs75-1821932185, networkLocation: /default-rack, certSerialId: null}, Type:RATIS, Factor:THREE, State:CLOSED] from datanode 2d4da40c-dd43-4554-9707-f6503cf38c80{ip: 192.168.34.8, host: pr-hdds-1879-pbs75-1821932185, networkLocation: /default-rack, certSerialId: null}. Reason : 2d4da40c-dd43-4554-9707-f6503cf38c80 has not seen follower/s a413c2ef-7abc-47d7-b263-b9548e673ba5 for 157746ms f3263f9a-ef6c-4ff4-a6b2-5a62e946b753 for 157746ms
2019-09-12 04:23:59,596 [EventQueue-PipelineActionsForPipelineActionHandler] INFO  pipeline.SCMPipelineManager (SCMPipelineManager.java:finalizeAndDestroyPipeline(311)) - destroying pipeline:Pipeline[ Id: 01d26c0f-af01-4266-92c2-6d8373f8491b, Nodes: f3263f9a-ef6c-4ff4-a6b2-5a62e946b753{ip: 192.168.34.8, host: pr-hdds-1879-pbs75-1821932185, networkLocation: /default-rack, certSerialId: null}2d4da40c-dd43-4554-9707-f6503cf38c80{ip: 192.168.34.8, host: pr-hdds-1879-pbs75-1821932185, networkLocation: /default-rack, certSerialId: null}a413c2ef-7abc-47d7-b263-b9548e673ba5{ip: 192.168.34.8, host: pr-hdds-1879-pbs75-1821932185, networkLocation: /default-rack, certSerialId: null}, Type:RATIS, Factor:THREE, State:CLOSED]
2019-09-12 04:24:01,117 [org.apache.ratis.server.impl.LogAppender$AppenderDaemon$$Lambda$495/740911003@74c8839b] ERROR ratis.XceiverServerRatis (XceiverServerRatis.java:triggerPipelineClose(568)) - pipeline Action CLOSE  on pipeline PipelineID=01d26c0f-af01-4266-92c2-6d8373f8491b.Reason : 2d4da40c-dd43-4554-9707-f6503cf38c80 has not seen follower/s a413c2ef-7abc-47d7-b263-b9548e673ba5 for 160248ms f3263f9a-ef6c-4ff4-a6b2-5a62e946b753 for 160248ms
2019-09-12 04:24:01,117 [org.apache.ratis.server.impl.LogAppender$AppenderDaemon$$Lambda$495/740911003@3fad8569] ERROR ratis.XceiverServerRatis (XceiverServerRatis.java:triggerPipelineClose(568)) - pipeline Action CLOSE  on pipeline PipelineID=01d26c0f-af01-4266-92c2-6d8373f8491b.Reason : 2d4da40c-dd43-4554-9707-f6503cf38c80 has not seen follower/s a413c2ef-7abc-47d7-b263-b9548e673ba5 for 160248ms f3263f9a-ef6c-4ff4-a6b2-5a62e946b753 for 160248ms
2019-09-12 04:24:01,266 [2d4da40c-dd43-4554-9707-f6503cf38c80@group-6D8373F8491B-SegmentedRaftLogWorker] WARN  segmented.SegmentedRaftLogWorker (SegmentedRaftLogWorker.java:getFromFuture(90)) - Timeout 15/~
org.apache.ratis.protocol.TimeoutIOException: Timeout 10s: WriteLog:17: (t:1, i:17), STATEMACHINELOGENTRY, client-70E987BF850D, cid=298-writeStateMachineData
	at org.apache.ratis.util.IOUtils.getFromFuture(IOUtils.java:87)
	at org.apache.ratis.server.raftlog.segmented.SegmentedRaftLogWorker$StateMachineDataPolicy.getFromFuture(SegmentedRaftLogWorker.java:87)
	at org.apache.ratis.server.raftlog.segmented.SegmentedRaftLogWorker$WriteLog.execute(SegmentedRaftLogWorker.java:477)
	at org.apache.ratis.server.raftlog.segmented.SegmentedRaftLogWorker.run(SegmentedRaftLogWorker.java:289)
	at java.lang.Thread.run(Thread.java:748)
Caused by: java.util.concurrent.TimeoutException
	at java.util.concurrent.CompletableFuture.timedGet(CompletableFuture.java:1771)
	at java.util.concurrent.CompletableFuture.get(CompletableFuture.java:1915)
	at org.apache.ratis.util.IOUtils.getFromFuture(IOUtils.java:79)
	... 4 more
2019-09-12 04:24:01,298 [a413c2ef-7abc-47d7-b263-b9548e673ba5@group-6D8373F8491B-SegmentedRaftLogWorker] WARN  segmented.SegmentedRaftLogWorker (SegmentedRaftLogWorker.java:getFromFuture(90)) - Timeout 15/~
org.apache.ratis.protocol.TimeoutIOException: Timeout 10s: WriteLog:17: (t:1, i:17), STATEMACHINELOGENTRY, client-70E987BF850D, cid=298-writeStateMachineData
	at org.apache.ratis.util.IOUtils.getFromFuture(IOUtils.java:87)
	at org.apache.ratis.server.raftlog.segmented.SegmentedRaftLogWorker$StateMachineDataPolicy.getFromFuture(SegmentedRaftLogWorker.java:87)
	at org.apache.ratis.server.raftlog.segmented.SegmentedRaftLogWorker$WriteLog.execute(SegmentedRaftLogWorker.java:477)
	at org.apache.ratis.server.raftlog.segmented.SegmentedRaftLogWorker.run(SegmentedRaftLogWorker.java:289)
	at java.lang.Thread.run(Thread.java:748)
Caused by: java.util.concurrent.TimeoutException
	at java.util.concurrent.CompletableFuture.timedGet(CompletableFuture.java:1771)
	at java.util.concurrent.CompletableFuture.get(CompletableFuture.java:1915)
	at org.apache.ratis.util.IOUtils.getFromFuture(IOUtils.java:79)
	... 4 more
2019-09-12 04:24:01,444 [f3263f9a-ef6c-4ff4-a6b2-5a62e946b753@group-6D8373F8491B-SegmentedRaftLogWorker] WARN  segmented.SegmentedRaftLogWorker (SegmentedRaftLogWorker.java:getFromFuture(90)) - Timeout 15/~
org.apache.ratis.protocol.TimeoutIOException: Timeout 10s: WriteLog:19: (t:1, i:19), STATEMACHINELOGENTRY, client-70E987BF850D, cid=300-writeStateMachineData
	at org.apache.ratis.util.IOUtils.getFromFuture(IOUtils.java:87)
	at org.apache.ratis.server.raftlog.segmented.SegmentedRaftLogWorker$StateMachineDataPolicy.getFromFuture(SegmentedRaftLogWorker.java:87)
	at org.apache.ratis.server.raftlog.segmented.SegmentedRaftLogWorker$WriteLog.execute(SegmentedRaftLogWorker.java:477)
	at org.apache.ratis.server.raftlog.segmented.SegmentedRaftLogWorker.run(SegmentedRaftLogWorker.java:289)
	at java.lang.Thread.run(Thread.java:748)
Caused by: java.util.concurrent.TimeoutException
	at java.util.concurrent.CompletableFuture.timedGet(CompletableFuture.java:1771)
	at java.util.concurrent.CompletableFuture.get(CompletableFuture.java:1915)
	at org.apache.ratis.util.IOUtils.getFromFuture(IOUtils.java:79)
	... 4 more
2019-09-12 04:24:01,597 [EventQueue-PipelineActionsForPipelineActionHandler] ERROR pipeline.PipelineActionHandler (PipelineActionHandler.java:onMessage(60)) - Received pipeline action CLOSE for Pipeline[ Id: 01d26c0f-af01-4266-92c2-6d8373f8491b, Nodes: f3263f9a-ef6c-4ff4-a6b2-5a62e946b753{ip: 192.168.34.8, host: pr-hdds-1879-pbs75-1821932185, networkLocation: /default-rack, certSerialId: null}2d4da40c-dd43-4554-9707-f6503cf38c80{ip: 192.168.34.8, host: pr-hdds-1879-pbs75-1821932185, networkLocation: /default-rack, certSerialId: null}a413c2ef-7abc-47d7-b263-b9548e673ba5{ip: 192.168.34.8, host: pr-hdds-1879-pbs75-1821932185, networkLocation: /default-rack, certSerialId: null}, Type:RATIS, Factor:THREE, State:CLOSED] from datanode 2d4da40c-dd43-4554-9707-f6503cf38c80{ip: 192.168.34.8, host: pr-hdds-1879-pbs75-1821932185, networkLocation: /default-rack, certSerialId: null}. Reason : 2d4da40c-dd43-4554-9707-f6503cf38c80 has not seen follower/s a413c2ef-7abc-47d7-b263-b9548e673ba5 for 160248ms f3263f9a-ef6c-4ff4-a6b2-5a62e946b753 for 160248ms
2019-09-12 04:24:01,597 [EventQueue-PipelineActionsForPipelineActionHandler] INFO  pipeline.SCMPipelineManager (SCMPipelineManager.java:finalizeAndDestroyPipeline(311)) - destroying pipeline:Pipeline[ Id: 01d26c0f-af01-4266-92c2-6d8373f8491b, Nodes: f3263f9a-ef6c-4ff4-a6b2-5a62e946b753{ip: 192.168.34.8, host: pr-hdds-1879-pbs75-1821932185, networkLocation: /default-rack, certSerialId: null}2d4da40c-dd43-4554-9707-f6503cf38c80{ip: 192.168.34.8, host: pr-hdds-1879-pbs75-1821932185, networkLocation: /default-rack, certSerialId: null}a413c2ef-7abc-47d7-b263-b9548e673ba5{ip: 192.168.34.8, host: pr-hdds-1879-pbs75-1821932185, networkLocation: /default-rack, certSerialId: null}, Type:RATIS, Factor:THREE, State:CLOSED]
2019-09-12 04:24:01,615 [java.util.concurrent.ThreadPoolExecutor$Worker@2fea0fa2[State = -1, empty queue]] WARN  server.GrpcLogAppender (GrpcLogAppender.java:timeoutAppendRequest(200)) - 2d4da40c-dd43-4554-9707-f6503cf38c80@group-6D8373F8491B->f3263f9a-ef6c-4ff4-a6b2-5a62e946b753-GrpcLogAppender: appendEntries Timeout, request=2d4da40c-dd43-4554-9707-f6503cf38c80->f3263f9a-ef6c-4ff4-a6b2-5a62e946b753#84-t1, previous=(t:1, i:21), leaderCommit=16, initializing? false, entries: <empty>
2019-09-12 04:24:01,615 [java.util.concurrent.ThreadPoolExecutor$Worker@73f1de88[State = -1, empty queue]] WARN  server.GrpcLogAppender (GrpcLogAppender.java:timeoutAppendRequest(200)) - 2d4da40c-dd43-4554-9707-f6503cf38c80@group-6D8373F8491B->a413c2ef-7abc-47d7-b263-b9548e673ba5-GrpcLogAppender: appendEntries Timeout, request=2d4da40c-dd43-4554-9707-f6503cf38c80->a413c2ef-7abc-47d7-b263-b9548e673ba5#84-t1, previous=(t:1, i:21), leaderCommit=16, initializing? false, entries: <empty>
2019-09-12 04:24:03,001 [grpc-default-executor-6] INFO  client.GrpcClientProtocolClient (GrpcClientProtocolClient.java:onNext(264)) - client-70E987BF850D->a413c2ef-7abc-47d7-b263-b9548e673ba5: receive RaftClientReply:client-70E987BF850D->a413c2ef-7abc-47d7-b263-b9548e673ba5@group-6D8373F8491B, cid=298, FAILED org.apache.ratis.protocol.NotLeaderException: Server a413c2ef-7abc-47d7-b263-b9548e673ba5@group-6D8373F8491B is not the leader 2d4da40c-dd43-4554-9707-f6503cf38c80:192.168.34.8:45634, logIndex=0, commits[a413c2ef-7abc-47d7-b263-b9548e673ba5:c16, 2d4da40c-dd43-4554-9707-f6503cf38c80:c16, f3263f9a-ef6c-4ff4-a6b2-5a62e946b753:c12]
2019-09-12 04:24:03,618 [org.apache.ratis.server.impl.LogAppender$AppenderDaemon$$Lambda$495/740911003@74c8839b] ERROR ratis.XceiverServerRatis (XceiverServerRatis.java:triggerPipelineClose(568)) - pipeline Action CLOSE  on pipeline PipelineID=01d26c0f-af01-4266-92c2-6d8373f8491b.Reason : 2d4da40c-dd43-4554-9707-f6503cf38c80 has not seen follower/s a413c2ef-7abc-47d7-b263-b9548e673ba5 for 162749ms f3263f9a-ef6c-4ff4-a6b2-5a62e946b753 for 162748ms
2019-09-12 04:24:03,618 [org.apache.ratis.server.impl.LogAppender$AppenderDaemon$$Lambda$495/740911003@3fad8569] ERROR ratis.XceiverServerRatis (XceiverServerRatis.java:triggerPipelineClose(568)) - pipeline Action CLOSE  on pipeline PipelineID=01d26c0f-af01-4266-92c2-6d8373f8491b.Reason : 2d4da40c-dd43-4554-9707-f6503cf38c80 has not seen follower/s a413c2ef-7abc-47d7-b263-b9548e673ba5 for 162749ms f3263f9a-ef6c-4ff4-a6b2-5a62e946b753 for 162748ms
2019-09-12 04:24:04,117 [java.util.concurrent.ThreadPoolExecutor$Worker@73f1de88[State = -1, empty queue]] WARN  server.GrpcLogAppender (GrpcLogAppender.java:timeoutAppendRequest(200)) - 2d4da40c-dd43-4554-9707-f6503cf38c80@group-6D8373F8491B->a413c2ef-7abc-47d7-b263-b9548e673ba5-GrpcLogAppender: appendEntries Timeout, request=2d4da40c-dd43-4554-9707-f6503cf38c80->a413c2ef-7abc-47d7-b263-b9548e673ba5#85-t1, previous=(t:1, i:21), leaderCommit=16, initializing? false, entries: <empty>
2019-09-12 04:24:04,117 [java.util.concurrent.ThreadPoolExecutor$Worker@2fea0fa2[State = -1, empty queue]] WARN  server.GrpcLogAppender (GrpcLogAppender.java:timeoutAppendRequest(200)) - 2d4da40c-dd43-4554-9707-f6503cf38c80@group-6D8373F8491B->f3263f9a-ef6c-4ff4-a6b2-5a62e946b753-GrpcLogAppender: appendEntries Timeout, request=2d4da40c-dd43-4554-9707-f6503cf38c80->f3263f9a-ef6c-4ff4-a6b2-5a62e946b753#85-t1, previous=(t:1, i:21), leaderCommit=16, initializing? false, entries: <empty>
2019-09-12 04:24:04,596 [EventQueue-PipelineActionsForPipelineActionHandler] ERROR pipeline.PipelineActionHandler (PipelineActionHandler.java:onMessage(60)) - Received pipeline action CLOSE for Pipeline[ Id: 01d26c0f-af01-4266-92c2-6d8373f8491b, Nodes: f3263f9a-ef6c-4ff4-a6b2-5a62e946b753{ip: 192.168.34.8, host: pr-hdds-1879-pbs75-1821932185, networkLocation: /default-rack, certSerialId: null}2d4da40c-dd43-4554-9707-f6503cf38c80{ip: 192.168.34.8, host: pr-hdds-1879-pbs75-1821932185, networkLocation: /default-rack, certSerialId: null}a413c2ef-7abc-47d7-b263-b9548e673ba5{ip: 192.168.34.8, host: pr-hdds-1879-pbs75-1821932185, networkLocation: /default-rack, certSerialId: null}, Type:RATIS, Factor:THREE, State:CLOSED] from datanode 2d4da40c-dd43-4554-9707-f6503cf38c80{ip: 192.168.34.8, host: pr-hdds-1879-pbs75-1821932185, networkLocation: /default-rack, certSerialId: null}. Reason : 2d4da40c-dd43-4554-9707-f6503cf38c80 has not seen follower/s a413c2ef-7abc-47d7-b263-b9548e673ba5 for 162749ms f3263f9a-ef6c-4ff4-a6b2-5a62e946b753 for 162748ms
2019-09-12 04:24:04,596 [EventQueue-PipelineActionsForPipelineActionHandler] INFO  pipeline.SCMPipelineManager (SCMPipelineManager.java:finalizeAndDestroyPipeline(311)) - destroying pipeline:Pipeline[ Id: 01d26c0f-af01-4266-92c2-6d8373f8491b, Nodes: f3263f9a-ef6c-4ff4-a6b2-5a62e946b753{ip: 192.168.34.8, host: pr-hdds-1879-pbs75-1821932185, networkLocation: /default-rack, certSerialId: null}2d4da40c-dd43-4554-9707-f6503cf38c80{ip: 192.168.34.8, host: pr-hdds-1879-pbs75-1821932185, networkLocation: /default-rack, certSerialId: null}a413c2ef-7abc-47d7-b263-b9548e673ba5{ip: 192.168.34.8, host: pr-hdds-1879-pbs75-1821932185, networkLocation: /default-rack, certSerialId: null}, Type:RATIS, Factor:THREE, State:CLOSED]
2019-09-12 04:24:06,120 [org.apache.ratis.server.impl.LogAppender$AppenderDaemon$$Lambda$495/740911003@3fad8569] ERROR ratis.XceiverServerRatis (XceiverServerRatis.java:triggerPipelineClose(568)) - pipeline Action CLOSE  on pipeline PipelineID=01d26c0f-af01-4266-92c2-6d8373f8491b.Reason : 2d4da40c-dd43-4554-9707-f6503cf38c80 has not seen follower/s a413c2ef-7abc-47d7-b263-b9548e673ba5 for 165251ms f3263f9a-ef6c-4ff4-a6b2-5a62e946b753 for 165250ms
2019-09-12 04:24:06,120 [org.apache.ratis.server.impl.LogAppender$AppenderDaemon$$Lambda$495/740911003@74c8839b] ERROR ratis.XceiverServerRatis (XceiverServerRatis.java:triggerPipelineClose(568)) - pipeline Action CLOSE  on pipeline PipelineID=01d26c0f-af01-4266-92c2-6d8373f8491b.Reason : 2d4da40c-dd43-4554-9707-f6503cf38c80 has not seen follower/s a413c2ef-7abc-47d7-b263-b9548e673ba5 for 165251ms f3263f9a-ef6c-4ff4-a6b2-5a62e946b753 for 165250ms
2019-09-12 04:24:06,596 [EventQueue-PipelineActionsForPipelineActionHandler] ERROR pipeline.PipelineActionHandler (PipelineActionHandler.java:onMessage(60)) - Received pipeline action CLOSE for Pipeline[ Id: 01d26c0f-af01-4266-92c2-6d8373f8491b, Nodes: f3263f9a-ef6c-4ff4-a6b2-5a62e946b753{ip: 192.168.34.8, host: pr-hdds-1879-pbs75-1821932185, networkLocation: /default-rack, certSerialId: null}2d4da40c-dd43-4554-9707-f6503cf38c80{ip: 192.168.34.8, host: pr-hdds-1879-pbs75-1821932185, networkLocation: /default-rack, certSerialId: null}a413c2ef-7abc-47d7-b263-b9548e673ba5{ip: 192.168.34.8, host: pr-hdds-1879-pbs75-1821932185, networkLocation: /default-rack, certSerialId: null}, Type:RATIS, Factor:THREE, State:CLOSED] from datanode 2d4da40c-dd43-4554-9707-f6503cf38c80{ip: 192.168.34.8, host: pr-hdds-1879-pbs75-1821932185, networkLocation: /default-rack, certSerialId: null}. Reason : 2d4da40c-dd43-4554-9707-f6503cf38c80 has not seen follower/s a413c2ef-7abc-47d7-b263-b9548e673ba5 for 165251ms f3263f9a-ef6c-4ff4-a6b2-5a62e946b753 for 165250ms
2019-09-12 04:24:06,596 [EventQueue-PipelineActionsForPipelineActionHandler] INFO  pipeline.SCMPipelineManager (SCMPipelineManager.java:finalizeAndDestroyPipeline(311)) - destroying pipeline:Pipeline[ Id: 01d26c0f-af01-4266-92c2-6d8373f8491b, Nodes: f3263f9a-ef6c-4ff4-a6b2-5a62e946b753{ip: 192.168.34.8, host: pr-hdds-1879-pbs75-1821932185, networkLocation: /default-rack, certSerialId: null}2d4da40c-dd43-4554-9707-f6503cf38c80{ip: 192.168.34.8, host: pr-hdds-1879-pbs75-1821932185, networkLocation: /default-rack, certSerialId: null}a413c2ef-7abc-47d7-b263-b9548e673ba5{ip: 192.168.34.8, host: pr-hdds-1879-pbs75-1821932185, networkLocation: /default-rack, certSerialId: null}, Type:RATIS, Factor:THREE, State:CLOSED]
2019-09-12 04:24:06,618 [java.util.concurrent.ThreadPoolExecutor$Worker@2fea0fa2[State = -1, empty queue]] WARN  server.GrpcLogAppender (GrpcLogAppender.java:timeoutAppendRequest(200)) - 2d4da40c-dd43-4554-9707-f6503cf38c80@group-6D8373F8491B->f3263f9a-ef6c-4ff4-a6b2-5a62e946b753-GrpcLogAppender: appendEntries Timeout, request=2d4da40c-dd43-4554-9707-f6503cf38c80->f3263f9a-ef6c-4ff4-a6b2-5a62e946b753#86-t1, previous=(t:1, i:21), leaderCommit=16, initializing? false, entries: <empty>
2019-09-12 04:24:06,618 [java.util.concurrent.ThreadPoolExecutor$Worker@73f1de88[State = -1, empty queue]] WARN  server.GrpcLogAppender (GrpcLogAppender.java:timeoutAppendRequest(200)) - 2d4da40c-dd43-4554-9707-f6503cf38c80@group-6D8373F8491B->a413c2ef-7abc-47d7-b263-b9548e673ba5-GrpcLogAppender: appendEntries Timeout, request=2d4da40c-dd43-4554-9707-f6503cf38c80->a413c2ef-7abc-47d7-b263-b9548e673ba5#86-t1, previous=(t:1, i:21), leaderCommit=16, initializing? false, entries: <empty>
2019-09-12 04:24:08,254 [grpc-default-executor-11] INFO  client.GrpcClientProtocolClient (GrpcClientProtocolClient.java:onNext(264)) - client-70E987BF850D->f3263f9a-ef6c-4ff4-a6b2-5a62e946b753: receive RaftClientReply:client-70E987BF850D->f3263f9a-ef6c-4ff4-a6b2-5a62e946b753@group-6D8373F8491B, cid=298, FAILED org.apache.ratis.protocol.NotLeaderException: Server f3263f9a-ef6c-4ff4-a6b2-5a62e946b753@group-6D8373F8491B is not the leader 2d4da40c-dd43-4554-9707-f6503cf38c80:192.168.34.8:45634, logIndex=0, commits[f3263f9a-ef6c-4ff4-a6b2-5a62e946b753:c16, 2d4da40c-dd43-4554-9707-f6503cf38c80:c16, a413c2ef-7abc-47d7-b263-b9548e673ba5:c12]
2019-09-12 04:24:08,620 [org.apache.ratis.server.impl.LogAppender$AppenderDaemon$$Lambda$495/740911003@74c8839b] ERROR ratis.XceiverServerRatis (XceiverServerRatis.java:triggerPipelineClose(568)) - pipeline Action CLOSE  on pipeline PipelineID=01d26c0f-af01-4266-92c2-6d8373f8491b.Reason : 2d4da40c-dd43-4554-9707-f6503cf38c80 has not seen follower/s a413c2ef-7abc-47d7-b263-b9548e673ba5 for 167751ms f3263f9a-ef6c-4ff4-a6b2-5a62e946b753 for 167751ms
2019-09-12 04:24:08,620 [org.apache.ratis.server.impl.LogAppender$AppenderDaemon$$Lambda$495/740911003@3fad8569] ERROR ratis.XceiverServerRatis (XceiverServerRatis.java:triggerPipelineClose(568)) - pipeline Action CLOSE  on pipeline PipelineID=01d26c0f-af01-4266-92c2-6d8373f8491b.Reason : 2d4da40c-dd43-4554-9707-f6503cf38c80 has not seen follower/s a413c2ef-7abc-47d7-b263-b9548e673ba5 for 167751ms f3263f9a-ef6c-4ff4-a6b2-5a62e946b753 for 167751ms
2019-09-12 04:24:09,120 [java.util.concurrent.ThreadPoolExecutor$Worker@2fea0fa2[State = -1, empty queue]] WARN  server.GrpcLogAppender (GrpcLogAppender.java:timeoutAppendRequest(200)) - 2d4da40c-dd43-4554-9707-f6503cf38c80@group-6D8373F8491B->f3263f9a-ef6c-4ff4-a6b2-5a62e946b753-GrpcLogAppender: appendEntries Timeout, request=2d4da40c-dd43-4554-9707-f6503cf38c80->f3263f9a-ef6c-4ff4-a6b2-5a62e946b753#87-t1, previous=(t:1, i:21), leaderCommit=16, initializing? false, entries: <empty>
2019-09-12 04:24:09,120 [java.util.concurrent.ThreadPoolExecutor$Worker@73f1de88[State = -1, empty queue]] WARN  server.GrpcLogAppender (GrpcLogAppender.java:timeoutAppendRequest(200)) - 2d4da40c-dd43-4554-9707-f6503cf38c80@group-6D8373F8491B->a413c2ef-7abc-47d7-b263-b9548e673ba5-GrpcLogAppender: appendEntries Timeout, request=2d4da40c-dd43-4554-9707-f6503cf38c80->a413c2ef-7abc-47d7-b263-b9548e673ba5#87-t1, previous=(t:1, i:21), leaderCommit=16, initializing? false, entries: <empty>
2019-09-12 04:24:09,596 [EventQueue-PipelineActionsForPipelineActionHandler] ERROR pipeline.PipelineActionHandler (PipelineActionHandler.java:onMessage(60)) - Received pipeline action CLOSE for Pipeline[ Id: 01d26c0f-af01-4266-92c2-6d8373f8491b, Nodes: f3263f9a-ef6c-4ff4-a6b2-5a62e946b753{ip: 192.168.34.8, host: pr-hdds-1879-pbs75-1821932185, networkLocation: /default-rack, certSerialId: null}2d4da40c-dd43-4554-9707-f6503cf38c80{ip: 192.168.34.8, host: pr-hdds-1879-pbs75-1821932185, networkLocation: /default-rack, certSerialId: null}a413c2ef-7abc-47d7-b263-b9548e673ba5{ip: 192.168.34.8, host: pr-hdds-1879-pbs75-1821932185, networkLocation: /default-rack, certSerialId: null}, Type:RATIS, Factor:THREE, State:CLOSED] from datanode 2d4da40c-dd43-4554-9707-f6503cf38c80{ip: 192.168.34.8, host: pr-hdds-1879-pbs75-1821932185, networkLocation: /default-rack, certSerialId: null}. Reason : 2d4da40c-dd43-4554-9707-f6503cf38c80 has not seen follower/s a413c2ef-7abc-47d7-b263-b9548e673ba5 for 167751ms f3263f9a-ef6c-4ff4-a6b2-5a62e946b753 for 167751ms
2019-09-12 04:24:09,596 [EventQueue-PipelineActionsForPipelineActionHandler] INFO  pipeline.SCMPipelineManager (SCMPipelineManager.java:finalizeAndDestroyPipeline(311)) - destroying pipeline:Pipeline[ Id: 01d26c0f-af01-4266-92c2-6d8373f8491b, Nodes: f3263f9a-ef6c-4ff4-a6b2-5a62e946b753{ip: 192.168.34.8, host: pr-hdds-1879-pbs75-1821932185, networkLocation: /default-rack, certSerialId: null}2d4da40c-dd43-4554-9707-f6503cf38c80{ip: 192.168.34.8, host: pr-hdds-1879-pbs75-1821932185, networkLocation: /default-rack, certSerialId: null}a413c2ef-7abc-47d7-b263-b9548e673ba5{ip: 192.168.34.8, host: pr-hdds-1879-pbs75-1821932185, networkLocation: /default-rack, certSerialId: null}, Type:RATIS, Factor:THREE, State:CLOSED]
2019-09-12 04:24:11,122 [org.apache.ratis.server.impl.LogAppender$AppenderDaemon$$Lambda$495/740911003@3fad8569] ERROR ratis.XceiverServerRatis (XceiverServerRatis.java:triggerPipelineClose(568)) - pipeline Action CLOSE  on pipeline PipelineID=01d26c0f-af01-4266-92c2-6d8373f8491b.Reason : 2d4da40c-dd43-4554-9707-f6503cf38c80 has not seen follower/s a413c2ef-7abc-47d7-b263-b9548e673ba5 for 170253ms f3263f9a-ef6c-4ff4-a6b2-5a62e946b753 for 170252ms
2019-09-12 04:24:11,122 [org.apache.ratis.server.impl.LogAppender$AppenderDaemon$$Lambda$495/740911003@74c8839b] ERROR ratis.XceiverServerRatis (XceiverServerRatis.java:triggerPipelineClose(568)) - pipeline Action CLOSE  on pipeline PipelineID=01d26c0f-af01-4266-92c2-6d8373f8491b.Reason : 2d4da40c-dd43-4554-9707-f6503cf38c80 has not seen follower/s a413c2ef-7abc-47d7-b263-b9548e673ba5 for 170253ms f3263f9a-ef6c-4ff4-a6b2-5a62e946b753 for 170252ms
2019-09-12 04:24:11,268 [2d4da40c-dd43-4554-9707-f6503cf38c80@group-6D8373F8491B-SegmentedRaftLogWorker] WARN  segmented.SegmentedRaftLogWorker (SegmentedRaftLogWorker.java:getFromFuture(90)) - Timeout 16/~
org.apache.ratis.protocol.TimeoutIOException: Timeout 10s: WriteLog:17: (t:1, i:17), STATEMACHINELOGENTRY, client-70E987BF850D, cid=298-writeStateMachineData
	at org.apache.ratis.util.IOUtils.getFromFuture(IOUtils.java:87)
	at org.apache.ratis.server.raftlog.segmented.SegmentedRaftLogWorker$StateMachineDataPolicy.getFromFuture(SegmentedRaftLogWorker.java:87)
	at org.apache.ratis.server.raftlog.segmented.SegmentedRaftLogWorker$WriteLog.execute(SegmentedRaftLogWorker.java:477)
	at org.apache.ratis.server.raftlog.segmented.SegmentedRaftLogWorker.run(SegmentedRaftLogWorker.java:289)
	at java.lang.Thread.run(Thread.java:748)
Caused by: java.util.concurrent.TimeoutException
	at java.util.concurrent.CompletableFuture.timedGet(CompletableFuture.java:1771)
	at java.util.concurrent.CompletableFuture.get(CompletableFuture.java:1915)
	at org.apache.ratis.util.IOUtils.getFromFuture(IOUtils.java:79)
	... 4 more
2019-09-12 04:24:11,325 [a413c2ef-7abc-47d7-b263-b9548e673ba5@group-6D8373F8491B-SegmentedRaftLogWorker] WARN  segmented.SegmentedRaftLogWorker (SegmentedRaftLogWorker.java:getFromFuture(90)) - Timeout 16/~
org.apache.ratis.protocol.TimeoutIOException: Timeout 10s: WriteLog:17: (t:1, i:17), STATEMACHINELOGENTRY, client-70E987BF850D, cid=298-writeStateMachineData
	at org.apache.ratis.util.IOUtils.getFromFuture(IOUtils.java:87)
	at org.apache.ratis.server.raftlog.segmented.SegmentedRaftLogWorker$StateMachineDataPolicy.getFromFuture(SegmentedRaftLogWorker.java:87)
	at org.apache.ratis.server.raftlog.segmented.SegmentedRaftLogWorker$WriteLog.execute(SegmentedRaftLogWorker.java:477)
	at org.apache.ratis.server.raftlog.segmented.SegmentedRaftLogWorker.run(SegmentedRaftLogWorker.java:289)
	at java.lang.Thread.run(Thread.java:748)
Caused by: java.util.concurrent.TimeoutException
	at java.util.concurrent.CompletableFuture.timedGet(CompletableFuture.java:1771)
	at java.util.concurrent.CompletableFuture.get(CompletableFuture.java:1915)
	at org.apache.ratis.util.IOUtils.getFromFuture(IOUtils.java:79)
	... 4 more
2019-09-12 04:24:11,445 [f3263f9a-ef6c-4ff4-a6b2-5a62e946b753@group-6D8373F8491B-SegmentedRaftLogWorker] WARN  segmented.SegmentedRaftLogWorker (SegmentedRaftLogWorker.java:getFromFuture(90)) - Timeout 16/~
org.apache.ratis.protocol.TimeoutIOException: Timeout 10s: WriteLog:19: (t:1, i:19), STATEMACHINELOGENTRY, client-70E987BF850D, cid=300-writeStateMachineData
	at org.apache.ratis.util.IOUtils.getFromFuture(IOUtils.java:87)
	at org.apache.ratis.server.raftlog.segmented.SegmentedRaftLogWorker$StateMachineDataPolicy.getFromFuture(SegmentedRaftLogWorker.java:87)
	at org.apache.ratis.server.raftlog.segmented.SegmentedRaftLogWorker$WriteLog.execute(SegmentedRaftLogWorker.java:477)
	at org.apache.ratis.server.raftlog.segmented.SegmentedRaftLogWorker.run(SegmentedRaftLogWorker.java:289)
	at java.lang.Thread.run(Thread.java:748)
Caused by: java.util.concurrent.TimeoutException
	at java.util.concurrent.CompletableFuture.timedGet(CompletableFuture.java:1771)
	at java.util.concurrent.CompletableFuture.get(CompletableFuture.java:1915)
	at org.apache.ratis.util.IOUtils.getFromFuture(IOUtils.java:79)
	... 4 more
2019-09-12 04:24:11,596 [EventQueue-PipelineActionsForPipelineActionHandler] ERROR pipeline.PipelineActionHandler (PipelineActionHandler.java:onMessage(60)) - Received pipeline action CLOSE for Pipeline[ Id: 01d26c0f-af01-4266-92c2-6d8373f8491b, Nodes: f3263f9a-ef6c-4ff4-a6b2-5a62e946b753{ip: 192.168.34.8, host: pr-hdds-1879-pbs75-1821932185, networkLocation: /default-rack, certSerialId: null}2d4da40c-dd43-4554-9707-f6503cf38c80{ip: 192.168.34.8, host: pr-hdds-1879-pbs75-1821932185, networkLocation: /default-rack, certSerialId: null}a413c2ef-7abc-47d7-b263-b9548e673ba5{ip: 192.168.34.8, host: pr-hdds-1879-pbs75-1821932185, networkLocation: /default-rack, certSerialId: null}, Type:RATIS, Factor:THREE, State:CLOSED] from datanode 2d4da40c-dd43-4554-9707-f6503cf38c80{ip: 192.168.34.8, host: pr-hdds-1879-pbs75-1821932185, networkLocation: /default-rack, certSerialId: null}. Reason : 2d4da40c-dd43-4554-9707-f6503cf38c80 has not seen follower/s a413c2ef-7abc-47d7-b263-b9548e673ba5 for 170253ms f3263f9a-ef6c-4ff4-a6b2-5a62e946b753 for 170252ms
2019-09-12 04:24:11,596 [EventQueue-PipelineActionsForPipelineActionHandler] INFO  pipeline.SCMPipelineManager (SCMPipelineManager.java:finalizeAndDestroyPipeline(311)) - destroying pipeline:Pipeline[ Id: 01d26c0f-af01-4266-92c2-6d8373f8491b, Nodes: f3263f9a-ef6c-4ff4-a6b2-5a62e946b753{ip: 192.168.34.8, host: pr-hdds-1879-pbs75-1821932185, networkLocation: /default-rack, certSerialId: null}2d4da40c-dd43-4554-9707-f6503cf38c80{ip: 192.168.34.8, host: pr-hdds-1879-pbs75-1821932185, networkLocation: /default-rack, certSerialId: null}a413c2ef-7abc-47d7-b263-b9548e673ba5{ip: 192.168.34.8, host: pr-hdds-1879-pbs75-1821932185, networkLocation: /default-rack, certSerialId: null}, Type:RATIS, Factor:THREE, State:CLOSED]
2019-09-12 04:24:11,620 [java.util.concurrent.ThreadPoolExecutor$Worker@2fea0fa2[State = -1, empty queue]] WARN  server.GrpcLogAppender (GrpcLogAppender.java:timeoutAppendRequest(200)) - 2d4da40c-dd43-4554-9707-f6503cf38c80@group-6D8373F8491B->f3263f9a-ef6c-4ff4-a6b2-5a62e946b753-GrpcLogAppender: appendEntries Timeout, request=2d4da40c-dd43-4554-9707-f6503cf38c80->f3263f9a-ef6c-4ff4-a6b2-5a62e946b753#88-t1, previous=(t:1, i:21), leaderCommit=16, initializing? false, entries: <empty>
2019-09-12 04:24:11,620 [java.util.concurrent.ThreadPoolExecutor$Worker@73f1de88[State = -1, empty queue]] WARN  server.GrpcLogAppender (GrpcLogAppender.java:timeoutAppendRequest(200)) - 2d4da40c-dd43-4554-9707-f6503cf38c80@group-6D8373F8491B->a413c2ef-7abc-47d7-b263-b9548e673ba5-GrpcLogAppender: appendEntries Timeout, request=2d4da40c-dd43-4554-9707-f6503cf38c80->a413c2ef-7abc-47d7-b263-b9548e673ba5#88-t1, previous=(t:1, i:21), leaderCommit=16, initializing? false, entries: <empty>
2019-09-12 04:24:13,311 [grpc-default-executor-11] INFO  client.GrpcClientProtocolClient (GrpcClientProtocolClient.java:onNext(264)) - client-70E987BF850D->a413c2ef-7abc-47d7-b263-b9548e673ba5: receive RaftClientReply:client-70E987BF850D->a413c2ef-7abc-47d7-b263-b9548e673ba5@group-6D8373F8491B, cid=298, FAILED org.apache.ratis.protocol.NotLeaderException: Server a413c2ef-7abc-47d7-b263-b9548e673ba5@group-6D8373F8491B is not the leader 2d4da40c-dd43-4554-9707-f6503cf38c80:192.168.34.8:45634, logIndex=0, commits[a413c2ef-7abc-47d7-b263-b9548e673ba5:c16, 2d4da40c-dd43-4554-9707-f6503cf38c80:c16, f3263f9a-ef6c-4ff4-a6b2-5a62e946b753:c12]
2019-09-12 04:24:13,623 [org.apache.ratis.server.impl.LogAppender$AppenderDaemon$$Lambda$495/740911003@3fad8569] ERROR ratis.XceiverServerRatis (XceiverServerRatis.java:triggerPipelineClose(568)) - pipeline Action CLOSE  on pipeline PipelineID=01d26c0f-af01-4266-92c2-6d8373f8491b.Reason : 2d4da40c-dd43-4554-9707-f6503cf38c80 has not seen follower/s a413c2ef-7abc-47d7-b263-b9548e673ba5 for 172754ms f3263f9a-ef6c-4ff4-a6b2-5a62e946b753 for 172753ms
2019-09-12 04:24:13,623 [org.apache.ratis.server.impl.LogAppender$AppenderDaemon$$Lambda$495/740911003@74c8839b] ERROR ratis.XceiverServerRatis (XceiverServerRatis.java:triggerPipelineClose(568)) - pipeline Action CLOSE  on pipeline PipelineID=01d26c0f-af01-4266-92c2-6d8373f8491b.Reason : 2d4da40c-dd43-4554-9707-f6503cf38c80 has not seen follower/s a413c2ef-7abc-47d7-b263-b9548e673ba5 for 172754ms f3263f9a-ef6c-4ff4-a6b2-5a62e946b753 for 172753ms
2019-09-12 04:24:14,122 [java.util.concurrent.ThreadPoolExecutor$Worker@2fea0fa2[State = -1, empty queue]] WARN  server.GrpcLogAppender (GrpcLogAppender.java:timeoutAppendRequest(200)) - 2d4da40c-dd43-4554-9707-f6503cf38c80@group-6D8373F8491B->f3263f9a-ef6c-4ff4-a6b2-5a62e946b753-GrpcLogAppender: appendEntries Timeout, request=2d4da40c-dd43-4554-9707-f6503cf38c80->f3263f9a-ef6c-4ff4-a6b2-5a62e946b753#89-t1, previous=(t:1, i:21), leaderCommit=16, initializing? false, entries: <empty>
2019-09-12 04:24:14,122 [java.util.concurrent.ThreadPoolExecutor$Worker@73f1de88[State = -1, empty queue]] WARN  server.GrpcLogAppender (GrpcLogAppender.java:timeoutAppendRequest(200)) - 2d4da40c-dd43-4554-9707-f6503cf38c80@group-6D8373F8491B->a413c2ef-7abc-47d7-b263-b9548e673ba5-GrpcLogAppender: appendEntries Timeout, request=2d4da40c-dd43-4554-9707-f6503cf38c80->a413c2ef-7abc-47d7-b263-b9548e673ba5#89-t1, previous=(t:1, i:21), leaderCommit=16, initializing? false, entries: <empty>
2019-09-12 04:24:14,596 [EventQueue-PipelineActionsForPipelineActionHandler] ERROR pipeline.PipelineActionHandler (PipelineActionHandler.java:onMessage(60)) - Received pipeline action CLOSE for Pipeline[ Id: 01d26c0f-af01-4266-92c2-6d8373f8491b, Nodes: f3263f9a-ef6c-4ff4-a6b2-5a62e946b753{ip: 192.168.34.8, host: pr-hdds-1879-pbs75-1821932185, networkLocation: /default-rack, certSerialId: null}2d4da40c-dd43-4554-9707-f6503cf38c80{ip: 192.168.34.8, host: pr-hdds-1879-pbs75-1821932185, networkLocation: /default-rack, certSerialId: null}a413c2ef-7abc-47d7-b263-b9548e673ba5{ip: 192.168.34.8, host: pr-hdds-1879-pbs75-1821932185, networkLocation: /default-rack, certSerialId: null}, Type:RATIS, Factor:THREE, State:CLOSED] from datanode 2d4da40c-dd43-4554-9707-f6503cf38c80{ip: 192.168.34.8, host: pr-hdds-1879-pbs75-1821932185, networkLocation: /default-rack, certSerialId: null}. Reason : 2d4da40c-dd43-4554-9707-f6503cf38c80 has not seen follower/s a413c2ef-7abc-47d7-b263-b9548e673ba5 for 172754ms f3263f9a-ef6c-4ff4-a6b2-5a62e946b753 for 172753ms
2019-09-12 04:24:14,596 [EventQueue-PipelineActionsForPipelineActionHandler] INFO  pipeline.SCMPipelineManager (SCMPipelineManager.java:finalizeAndDestroyPipeline(311)) - destroying pipeline:Pipeline[ Id: 01d26c0f-af01-4266-92c2-6d8373f8491b, Nodes: f3263f9a-ef6c-4ff4-a6b2-5a62e946b753{ip: 192.168.34.8, host: pr-hdds-1879-pbs75-1821932185, networkLocation: /default-rack, certSerialId: null}2d4da40c-dd43-4554-9707-f6503cf38c80{ip: 192.168.34.8, host: pr-hdds-1879-pbs75-1821932185, networkLocation: /default-rack, certSerialId: null}a413c2ef-7abc-47d7-b263-b9548e673ba5{ip: 192.168.34.8, host: pr-hdds-1879-pbs75-1821932185, networkLocation: /default-rack, certSerialId: null}, Type:RATIS, Factor:THREE, State:CLOSED]
2019-09-12 04:24:16,124 [org.apache.ratis.server.impl.LogAppender$AppenderDaemon$$Lambda$495/740911003@3fad8569] ERROR ratis.XceiverServerRatis (XceiverServerRatis.java:triggerPipelineClose(568)) - pipeline Action CLOSE  on pipeline PipelineID=01d26c0f-af01-4266-92c2-6d8373f8491b.Reason : 2d4da40c-dd43-4554-9707-f6503cf38c80 has not seen follower/s a413c2ef-7abc-47d7-b263-b9548e673ba5 for 175255ms f3263f9a-ef6c-4ff4-a6b2-5a62e946b753 for 175255ms
2019-09-12 04:24:16,124 [org.apache.ratis.server.impl.LogAppender$AppenderDaemon$$Lambda$495/740911003@74c8839b] ERROR ratis.XceiverServerRatis (XceiverServerRatis.java:triggerPipelineClose(568)) - pipeline Action CLOSE  on pipeline PipelineID=01d26c0f-af01-4266-92c2-6d8373f8491b.Reason : 2d4da40c-dd43-4554-9707-f6503cf38c80 has not seen follower/s a413c2ef-7abc-47d7-b263-b9548e673ba5 for 175255ms f3263f9a-ef6c-4ff4-a6b2-5a62e946b753 for 175255ms
2019-09-12 04:24:16,597 [EventQueue-PipelineActionsForPipelineActionHandler] ERROR pipeline.PipelineActionHandler (PipelineActionHandler.java:onMessage(60)) - Received pipeline action CLOSE for Pipeline[ Id: 01d26c0f-af01-4266-92c2-6d8373f8491b, Nodes: f3263f9a-ef6c-4ff4-a6b2-5a62e946b753{ip: 192.168.34.8, host: pr-hdds-1879-pbs75-1821932185, networkLocation: /default-rack, certSerialId: null}2d4da40c-dd43-4554-9707-f6503cf38c80{ip: 192.168.34.8, host: pr-hdds-1879-pbs75-1821932185, networkLocation: /default-rack, certSerialId: null}a413c2ef-7abc-47d7-b263-b9548e673ba5{ip: 192.168.34.8, host: pr-hdds-1879-pbs75-1821932185, networkLocation: /default-rack, certSerialId: null}, Type:RATIS, Factor:THREE, State:CLOSED] from datanode 2d4da40c-dd43-4554-9707-f6503cf38c80{ip: 192.168.34.8, host: pr-hdds-1879-pbs75-1821932185, networkLocation: /default-rack, certSerialId: null}. Reason : 2d4da40c-dd43-4554-9707-f6503cf38c80 has not seen follower/s a413c2ef-7abc-47d7-b263-b9548e673ba5 for 175255ms f3263f9a-ef6c-4ff4-a6b2-5a62e946b753 for 175255ms
2019-09-12 04:24:16,597 [EventQueue-PipelineActionsForPipelineActionHandler] INFO  pipeline.SCMPipelineManager (SCMPipelineManager.java:finalizeAndDestroyPipeline(311)) - destroying pipeline:Pipeline[ Id: 01d26c0f-af01-4266-92c2-6d8373f8491b, Nodes: f3263f9a-ef6c-4ff4-a6b2-5a62e946b753{ip: 192.168.34.8, host: pr-hdds-1879-pbs75-1821932185, networkLocation: /default-rack, certSerialId: null}2d4da40c-dd43-4554-9707-f6503cf38c80{ip: 192.168.34.8, host: pr-hdds-1879-pbs75-1821932185, networkLocation: /default-rack, certSerialId: null}a413c2ef-7abc-47d7-b263-b9548e673ba5{ip: 192.168.34.8, host: pr-hdds-1879-pbs75-1821932185, networkLocation: /default-rack, certSerialId: null}, Type:RATIS, Factor:THREE, State:CLOSED]
2019-09-12 04:24:16,622 [java.util.concurrent.ThreadPoolExecutor$Worker@2fea0fa2[State = -1, empty queue]] WARN  server.GrpcLogAppender (GrpcLogAppender.java:timeoutAppendRequest(200)) - 2d4da40c-dd43-4554-9707-f6503cf38c80@group-6D8373F8491B->f3263f9a-ef6c-4ff4-a6b2-5a62e946b753-GrpcLogAppender: appendEntries Timeout, request=2d4da40c-dd43-4554-9707-f6503cf38c80->f3263f9a-ef6c-4ff4-a6b2-5a62e946b753#90-t1, previous=(t:1, i:21), leaderCommit=16, initializing? false, entries: <empty>
2019-09-12 04:24:16,622 [java.util.concurrent.ThreadPoolExecutor$Worker@73f1de88[State = -1, empty queue]] WARN  server.GrpcLogAppender (GrpcLogAppender.java:timeoutAppendRequest(200)) - 2d4da40c-dd43-4554-9707-f6503cf38c80@group-6D8373F8491B->a413c2ef-7abc-47d7-b263-b9548e673ba5-GrpcLogAppender: appendEntries Timeout, request=2d4da40c-dd43-4554-9707-f6503cf38c80->a413c2ef-7abc-47d7-b263-b9548e673ba5#90-t1, previous=(t:1, i:21), leaderCommit=16, initializing? false, entries: <empty>
2019-09-12 04:24:18,359 [grpc-default-executor-6] INFO  client.GrpcClientProtocolClient (GrpcClientProtocolClient.java:onNext(264)) - client-70E987BF850D->a413c2ef-7abc-47d7-b263-b9548e673ba5: receive RaftClientReply:client-70E987BF850D->a413c2ef-7abc-47d7-b263-b9548e673ba5@group-6D8373F8491B, cid=298, FAILED org.apache.ratis.protocol.NotLeaderException: Server a413c2ef-7abc-47d7-b263-b9548e673ba5@group-6D8373F8491B is not the leader 2d4da40c-dd43-4554-9707-f6503cf38c80:192.168.34.8:45634, logIndex=0, commits[a413c2ef-7abc-47d7-b263-b9548e673ba5:c16, 2d4da40c-dd43-4554-9707-f6503cf38c80:c16, f3263f9a-ef6c-4ff4-a6b2-5a62e946b753:c12]
2019-09-12 04:24:18,625 [org.apache.ratis.server.impl.LogAppender$AppenderDaemon$$Lambda$495/740911003@74c8839b] ERROR ratis.XceiverServerRatis (XceiverServerRatis.java:triggerPipelineClose(568)) - pipeline Action CLOSE  on pipeline PipelineID=01d26c0f-af01-4266-92c2-6d8373f8491b.Reason : 2d4da40c-dd43-4554-9707-f6503cf38c80 has not seen follower/s a413c2ef-7abc-47d7-b263-b9548e673ba5 for 177756ms f3263f9a-ef6c-4ff4-a6b2-5a62e946b753 for 177755ms
2019-09-12 04:24:18,625 [org.apache.ratis.server.impl.LogAppender$AppenderDaemon$$Lambda$495/740911003@3fad8569] ERROR ratis.XceiverServerRatis (XceiverServerRatis.java:triggerPipelineClose(568)) - pipeline Action CLOSE  on pipeline PipelineID=01d26c0f-af01-4266-92c2-6d8373f8491b.Reason : 2d4da40c-dd43-4554-9707-f6503cf38c80 has not seen follower/s a413c2ef-7abc-47d7-b263-b9548e673ba5 for 177756ms f3263f9a-ef6c-4ff4-a6b2-5a62e946b753 for 177756ms
2019-09-12 04:24:19,124 [java.util.concurrent.ThreadPoolExecutor$Worker@2fea0fa2[State = -1, empty queue]] WARN  server.GrpcLogAppender (GrpcLogAppender.java:timeoutAppendRequest(200)) - 2d4da40c-dd43-4554-9707-f6503cf38c80@group-6D8373F8491B->f3263f9a-ef6c-4ff4-a6b2-5a62e946b753-GrpcLogAppender: appendEntries Timeout, request=2d4da40c-dd43-4554-9707-f6503cf38c80->f3263f9a-ef6c-4ff4-a6b2-5a62e946b753#91-t1, previous=(t:1, i:21), leaderCommit=16, initializing? false, entries: <empty>
2019-09-12 04:24:19,124 [java.util.concurrent.ThreadPoolExecutor$Worker@73f1de88[State = -1, empty queue]] WARN  server.GrpcLogAppender (GrpcLogAppender.java:timeoutAppendRequest(200)) - 2d4da40c-dd43-4554-9707-f6503cf38c80@group-6D8373F8491B->a413c2ef-7abc-47d7-b263-b9548e673ba5-GrpcLogAppender: appendEntries Timeout, request=2d4da40c-dd43-4554-9707-f6503cf38c80->a413c2ef-7abc-47d7-b263-b9548e673ba5#91-t1, previous=(t:1, i:21), leaderCommit=16, initializing? false, entries: <empty>
2019-09-12 04:24:19,597 [EventQueue-PipelineActionsForPipelineActionHandler] ERROR pipeline.PipelineActionHandler (PipelineActionHandler.java:onMessage(60)) - Received pipeline action CLOSE for Pipeline[ Id: 01d26c0f-af01-4266-92c2-6d8373f8491b, Nodes: f3263f9a-ef6c-4ff4-a6b2-5a62e946b753{ip: 192.168.34.8, host: pr-hdds-1879-pbs75-1821932185, networkLocation: /default-rack, certSerialId: null}2d4da40c-dd43-4554-9707-f6503cf38c80{ip: 192.168.34.8, host: pr-hdds-1879-pbs75-1821932185, networkLocation: /default-rack, certSerialId: null}a413c2ef-7abc-47d7-b263-b9548e673ba5{ip: 192.168.34.8, host: pr-hdds-1879-pbs75-1821932185, networkLocation: /default-rack, certSerialId: null}, Type:RATIS, Factor:THREE, State:CLOSED] from datanode 2d4da40c-dd43-4554-9707-f6503cf38c80{ip: 192.168.34.8, host: pr-hdds-1879-pbs75-1821932185, networkLocation: /default-rack, certSerialId: null}. Reason : 2d4da40c-dd43-4554-9707-f6503cf38c80 has not seen follower/s a413c2ef-7abc-47d7-b263-b9548e673ba5 for 177756ms f3263f9a-ef6c-4ff4-a6b2-5a62e946b753 for 177755ms
2019-09-12 04:24:19,597 [EventQueue-PipelineActionsForPipelineActionHandler] INFO  pipeline.SCMPipelineManager (SCMPipelineManager.java:finalizeAndDestroyPipeline(311)) - destroying pipeline:Pipeline[ Id: 01d26c0f-af01-4266-92c2-6d8373f8491b, Nodes: f3263f9a-ef6c-4ff4-a6b2-5a62e946b753{ip: 192.168.34.8, host: pr-hdds-1879-pbs75-1821932185, networkLocation: /default-rack, certSerialId: null}2d4da40c-dd43-4554-9707-f6503cf38c80{ip: 192.168.34.8, host: pr-hdds-1879-pbs75-1821932185, networkLocation: /default-rack, certSerialId: null}a413c2ef-7abc-47d7-b263-b9548e673ba5{ip: 192.168.34.8, host: pr-hdds-1879-pbs75-1821932185, networkLocation: /default-rack, certSerialId: null}, Type:RATIS, Factor:THREE, State:CLOSED]
2019-09-12 04:24:21,127 [org.apache.ratis.server.impl.LogAppender$AppenderDaemon$$Lambda$495/740911003@74c8839b] ERROR ratis.XceiverServerRatis (XceiverServerRatis.java:triggerPipelineClose(568)) - pipeline Action CLOSE  on pipeline PipelineID=01d26c0f-af01-4266-92c2-6d8373f8491b.Reason : 2d4da40c-dd43-4554-9707-f6503cf38c80 has not seen follower/s a413c2ef-7abc-47d7-b263-b9548e673ba5 for 180258ms f3263f9a-ef6c-4ff4-a6b2-5a62e946b753 for 180257ms
2019-09-12 04:24:21,127 [org.apache.ratis.server.impl.LogAppender$AppenderDaemon$$Lambda$495/740911003@3fad8569] ERROR ratis.XceiverServerRatis (XceiverServerRatis.java:triggerPipelineClose(568)) - pipeline Action CLOSE  on pipeline PipelineID=01d26c0f-af01-4266-92c2-6d8373f8491b.Reason : 2d4da40c-dd43-4554-9707-f6503cf38c80 has not seen follower/s a413c2ef-7abc-47d7-b263-b9548e673ba5 for 180258ms f3263f9a-ef6c-4ff4-a6b2-5a62e946b753 for 180258ms
2019-09-12 04:24:21,273 [2d4da40c-dd43-4554-9707-f6503cf38c80@group-6D8373F8491B-SegmentedRaftLogWorker] WARN  segmented.SegmentedRaftLogWorker (SegmentedRaftLogWorker.java:getFromFuture(90)) - Timeout 17/~
org.apache.ratis.protocol.TimeoutIOException: Timeout 10s: WriteLog:17: (t:1, i:17), STATEMACHINELOGENTRY, client-70E987BF850D, cid=298-writeStateMachineData
	at org.apache.ratis.util.IOUtils.getFromFuture(IOUtils.java:87)
	at org.apache.ratis.server.raftlog.segmented.SegmentedRaftLogWorker$StateMachineDataPolicy.getFromFuture(SegmentedRaftLogWorker.java:87)
	at org.apache.ratis.server.raftlog.segmented.SegmentedRaftLogWorker$WriteLog.execute(SegmentedRaftLogWorker.java:477)
	at org.apache.ratis.server.raftlog.segmented.SegmentedRaftLogWorker.run(SegmentedRaftLogWorker.java:289)
	at java.lang.Thread.run(Thread.java:748)
Caused by: java.util.concurrent.TimeoutException
	at java.util.concurrent.CompletableFuture.timedGet(CompletableFuture.java:1771)
	at java.util.concurrent.CompletableFuture.get(CompletableFuture.java:1915)
	at org.apache.ratis.util.IOUtils.getFromFuture(IOUtils.java:79)
	... 4 more
2019-09-12 04:24:21,326 [a413c2ef-7abc-47d7-b263-b9548e673ba5@group-6D8373F8491B-SegmentedRaftLogWorker] WARN  segmented.SegmentedRaftLogWorker (SegmentedRaftLogWorker.java:getFromFuture(90)) - Timeout 17/~
org.apache.ratis.protocol.TimeoutIOException: Timeout 10s: WriteLog:17: (t:1, i:17), STATEMACHINELOGENTRY, client-70E987BF850D, cid=298-writeStateMachineData
	at org.apache.ratis.util.IOUtils.getFromFuture(IOUtils.java:87)
	at org.apache.ratis.server.raftlog.segmented.SegmentedRaftLogWorker$StateMachineDataPolicy.getFromFuture(SegmentedRaftLogWorker.java:87)
	at org.apache.ratis.server.raftlog.segmented.SegmentedRaftLogWorker$WriteLog.execute(SegmentedRaftLogWorker.java:477)
	at org.apache.ratis.server.raftlog.segmented.SegmentedRaftLogWorker.run(SegmentedRaftLogWorker.java:289)
	at java.lang.Thread.run(Thread.java:748)
Caused by: java.util.concurrent.TimeoutException
	at java.util.concurrent.CompletableFuture.timedGet(CompletableFuture.java:1771)
	at java.util.concurrent.CompletableFuture.get(CompletableFuture.java:1915)
	at org.apache.ratis.util.IOUtils.getFromFuture(IOUtils.java:79)
	... 4 more
2019-09-12 04:24:21,445 [f3263f9a-ef6c-4ff4-a6b2-5a62e946b753@group-6D8373F8491B-SegmentedRaftLogWorker] WARN  segmented.SegmentedRaftLogWorker (SegmentedRaftLogWorker.java:getFromFuture(90)) - Timeout 17/~
org.apache.ratis.protocol.TimeoutIOException: Timeout 10s: WriteLog:19: (t:1, i:19), STATEMACHINELOGENTRY, client-70E987BF850D, cid=300-writeStateMachineData
	at org.apache.ratis.util.IOUtils.getFromFuture(IOUtils.java:87)
	at org.apache.ratis.server.raftlog.segmented.SegmentedRaftLogWorker$StateMachineDataPolicy.getFromFuture(SegmentedRaftLogWorker.java:87)
	at org.apache.ratis.server.raftlog.segmented.SegmentedRaftLogWorker$WriteLog.execute(SegmentedRaftLogWorker.java:477)
	at org.apache.ratis.server.raftlog.segmented.SegmentedRaftLogWorker.run(SegmentedRaftLogWorker.java:289)
	at java.lang.Thread.run(Thread.java:748)
Caused by: java.util.concurrent.TimeoutException
	at java.util.concurrent.CompletableFuture.timedGet(CompletableFuture.java:1771)
	at java.util.concurrent.CompletableFuture.get(CompletableFuture.java:1915)
	at org.apache.ratis.util.IOUtils.getFromFuture(IOUtils.java:79)
	... 4 more
2019-09-12 04:24:21,597 [EventQueue-PipelineActionsForPipelineActionHandler] ERROR pipeline.PipelineActionHandler (PipelineActionHandler.java:onMessage(60)) - Received pipeline action CLOSE for Pipeline[ Id: 01d26c0f-af01-4266-92c2-6d8373f8491b, Nodes: f3263f9a-ef6c-4ff4-a6b2-5a62e946b753{ip: 192.168.34.8, host: pr-hdds-1879-pbs75-1821932185, networkLocation: /default-rack, certSerialId: null}2d4da40c-dd43-4554-9707-f6503cf38c80{ip: 192.168.34.8, host: pr-hdds-1879-pbs75-1821932185, networkLocation: /default-rack, certSerialId: null}a413c2ef-7abc-47d7-b263-b9548e673ba5{ip: 192.168.34.8, host: pr-hdds-1879-pbs75-1821932185, networkLocation: /default-rack, certSerialId: null}, Type:RATIS, Factor:THREE, State:CLOSED] from datanode 2d4da40c-dd43-4554-9707-f6503cf38c80{ip: 192.168.34.8, host: pr-hdds-1879-pbs75-1821932185, networkLocation: /default-rack, certSerialId: null}. Reason : 2d4da40c-dd43-4554-9707-f6503cf38c80 has not seen follower/s a413c2ef-7abc-47d7-b263-b9548e673ba5 for 180258ms f3263f9a-ef6c-4ff4-a6b2-5a62e946b753 for 180257ms
2019-09-12 04:24:21,597 [EventQueue-PipelineActionsForPipelineActionHandler] INFO  pipeline.SCMPipelineManager (SCMPipelineManager.java:finalizeAndDestroyPipeline(311)) - destroying pipeline:Pipeline[ Id: 01d26c0f-af01-4266-92c2-6d8373f8491b, Nodes: f3263f9a-ef6c-4ff4-a6b2-5a62e946b753{ip: 192.168.34.8, host: pr-hdds-1879-pbs75-1821932185, networkLocation: /default-rack, certSerialId: null}2d4da40c-dd43-4554-9707-f6503cf38c80{ip: 192.168.34.8, host: pr-hdds-1879-pbs75-1821932185, networkLocation: /default-rack, certSerialId: null}a413c2ef-7abc-47d7-b263-b9548e673ba5{ip: 192.168.34.8, host: pr-hdds-1879-pbs75-1821932185, networkLocation: /default-rack, certSerialId: null}, Type:RATIS, Factor:THREE, State:CLOSED]
2019-09-12 04:24:21,624 [java.util.concurrent.ThreadPoolExecutor$Worker@2fea0fa2[State = -1, empty queue]] WARN  server.GrpcLogAppender (GrpcLogAppender.java:timeoutAppendRequest(200)) - 2d4da40c-dd43-4554-9707-f6503cf38c80@group-6D8373F8491B->f3263f9a-ef6c-4ff4-a6b2-5a62e946b753-GrpcLogAppender: appendEntries Timeout, request=2d4da40c-dd43-4554-9707-f6503cf38c80->f3263f9a-ef6c-4ff4-a6b2-5a62e946b753#92-t1, previous=(t:1, i:21), leaderCommit=16, initializing? false, entries: <empty>
2019-09-12 04:24:21,625 [java.util.concurrent.ThreadPoolExecutor$Worker@73f1de88[State = -1, empty queue]] WARN  server.GrpcLogAppender (GrpcLogAppender.java:timeoutAppendRequest(200)) - 2d4da40c-dd43-4554-9707-f6503cf38c80@group-6D8373F8491B->a413c2ef-7abc-47d7-b263-b9548e673ba5-GrpcLogAppender: appendEntries Timeout, request=2d4da40c-dd43-4554-9707-f6503cf38c80->a413c2ef-7abc-47d7-b263-b9548e673ba5#92-t1, previous=(t:1, i:21), leaderCommit=16, initializing? false, entries: <empty>
2019-09-12 04:24:23,414 [grpc-default-executor-11] INFO  client.GrpcClientProtocolClient (GrpcClientProtocolClient.java:onNext(264)) - client-70E987BF850D->a413c2ef-7abc-47d7-b263-b9548e673ba5: receive RaftClientReply:client-70E987BF850D->a413c2ef-7abc-47d7-b263-b9548e673ba5@group-6D8373F8491B, cid=298, FAILED org.apache.ratis.protocol.NotLeaderException: Server a413c2ef-7abc-47d7-b263-b9548e673ba5@group-6D8373F8491B is not the leader 2d4da40c-dd43-4554-9707-f6503cf38c80:192.168.34.8:45634, logIndex=0, commits[a413c2ef-7abc-47d7-b263-b9548e673ba5:c16, 2d4da40c-dd43-4554-9707-f6503cf38c80:c16, f3263f9a-ef6c-4ff4-a6b2-5a62e946b753:c12]
2019-09-12 04:24:23,628 [org.apache.ratis.server.impl.LogAppender$AppenderDaemon$$Lambda$495/740911003@74c8839b] ERROR ratis.XceiverServerRatis (XceiverServerRatis.java:triggerPipelineClose(568)) - pipeline Action CLOSE  on pipeline PipelineID=01d26c0f-af01-4266-92c2-6d8373f8491b.Reason : 2d4da40c-dd43-4554-9707-f6503cf38c80 has not seen follower/s a413c2ef-7abc-47d7-b263-b9548e673ba5 for 182759ms f3263f9a-ef6c-4ff4-a6b2-5a62e946b753 for 182758ms
2019-09-12 04:24:23,628 [org.apache.ratis.server.impl.LogAppender$AppenderDaemon$$Lambda$495/740911003@3fad8569] ERROR ratis.XceiverServerRatis (XceiverServerRatis.java:triggerPipelineClose(568)) - pipeline Action CLOSE  on pipeline PipelineID=01d26c0f-af01-4266-92c2-6d8373f8491b.Reason : 2d4da40c-dd43-4554-9707-f6503cf38c80 has not seen follower/s a413c2ef-7abc-47d7-b263-b9548e673ba5 for 182759ms f3263f9a-ef6c-4ff4-a6b2-5a62e946b753 for 182758ms
2019-09-12 04:24:24,127 [java.util.concurrent.ThreadPoolExecutor$Worker@2fea0fa2[State = -1, empty queue]] WARN  server.GrpcLogAppender (GrpcLogAppender.java:timeoutAppendRequest(200)) - 2d4da40c-dd43-4554-9707-f6503cf38c80@group-6D8373F8491B->f3263f9a-ef6c-4ff4-a6b2-5a62e946b753-GrpcLogAppender: appendEntries Timeout, request=2d4da40c-dd43-4554-9707-f6503cf38c80->f3263f9a-ef6c-4ff4-a6b2-5a62e946b753#93-t1, previous=(t:1, i:21), leaderCommit=16, initializing? false, entries: <empty>
2019-09-12 04:24:24,127 [java.util.concurrent.ThreadPoolExecutor$Worker@73f1de88[State = -1, empty queue]] WARN  server.GrpcLogAppender (GrpcLogAppender.java:timeoutAppendRequest(200)) - 2d4da40c-dd43-4554-9707-f6503cf38c80@group-6D8373F8491B->a413c2ef-7abc-47d7-b263-b9548e673ba5-GrpcLogAppender: appendEntries Timeout, request=2d4da40c-dd43-4554-9707-f6503cf38c80->a413c2ef-7abc-47d7-b263-b9548e673ba5#93-t1, previous=(t:1, i:21), leaderCommit=16, initializing? false, entries: <empty>
2019-09-12 04:24:24,597 [EventQueue-PipelineActionsForPipelineActionHandler] ERROR pipeline.PipelineActionHandler (PipelineActionHandler.java:onMessage(60)) - Received pipeline action CLOSE for Pipeline[ Id: 01d26c0f-af01-4266-92c2-6d8373f8491b, Nodes: f3263f9a-ef6c-4ff4-a6b2-5a62e946b753{ip: 192.168.34.8, host: pr-hdds-1879-pbs75-1821932185, networkLocation: /default-rack, certSerialId: null}2d4da40c-dd43-4554-9707-f6503cf38c80{ip: 192.168.34.8, host: pr-hdds-1879-pbs75-1821932185, networkLocation: /default-rack, certSerialId: null}a413c2ef-7abc-47d7-b263-b9548e673ba5{ip: 192.168.34.8, host: pr-hdds-1879-pbs75-1821932185, networkLocation: /default-rack, certSerialId: null}, Type:RATIS, Factor:THREE, State:CLOSED] from datanode 2d4da40c-dd43-4554-9707-f6503cf38c80{ip: 192.168.34.8, host: pr-hdds-1879-pbs75-1821932185, networkLocation: /default-rack, certSerialId: null}. Reason : 2d4da40c-dd43-4554-9707-f6503cf38c80 has not seen follower/s a413c2ef-7abc-47d7-b263-b9548e673ba5 for 182759ms f3263f9a-ef6c-4ff4-a6b2-5a62e946b753 for 182758ms
2019-09-12 04:24:24,597 [EventQueue-PipelineActionsForPipelineActionHandler] INFO  pipeline.SCMPipelineManager (SCMPipelineManager.java:finalizeAndDestroyPipeline(311)) - destroying pipeline:Pipeline[ Id: 01d26c0f-af01-4266-92c2-6d8373f8491b, Nodes: f3263f9a-ef6c-4ff4-a6b2-5a62e946b753{ip: 192.168.34.8, host: pr-hdds-1879-pbs75-1821932185, networkLocation: /default-rack, certSerialId: null}2d4da40c-dd43-4554-9707-f6503cf38c80{ip: 192.168.34.8, host: pr-hdds-1879-pbs75-1821932185, networkLocation: /default-rack, certSerialId: null}a413c2ef-7abc-47d7-b263-b9548e673ba5{ip: 192.168.34.8, host: pr-hdds-1879-pbs75-1821932185, networkLocation: /default-rack, certSerialId: null}, Type:RATIS, Factor:THREE, State:CLOSED]
2019-09-12 04:24:26,130 [org.apache.ratis.server.impl.LogAppender$AppenderDaemon$$Lambda$495/740911003@3fad8569] ERROR ratis.XceiverServerRatis (XceiverServerRatis.java:triggerPipelineClose(568)) - pipeline Action CLOSE  on pipeline PipelineID=01d26c0f-af01-4266-92c2-6d8373f8491b.Reason : 2d4da40c-dd43-4554-9707-f6503cf38c80 has not seen follower/s a413c2ef-7abc-47d7-b263-b9548e673ba5 for 185261ms f3263f9a-ef6c-4ff4-a6b2-5a62e946b753 for 185260ms
2019-09-12 04:24:26,130 [org.apache.ratis.server.impl.LogAppender$AppenderDaemon$$Lambda$495/740911003@74c8839b] ERROR ratis.XceiverServerRatis (XceiverServerRatis.java:triggerPipelineClose(568)) - pipeline Action CLOSE  on pipeline PipelineID=01d26c0f-af01-4266-92c2-6d8373f8491b.Reason : 2d4da40c-dd43-4554-9707-f6503cf38c80 has not seen follower/s a413c2ef-7abc-47d7-b263-b9548e673ba5 for 185261ms f3263f9a-ef6c-4ff4-a6b2-5a62e946b753 for 185260ms
2019-09-12 04:24:26,597 [EventQueue-PipelineActionsForPipelineActionHandler] ERROR pipeline.PipelineActionHandler (PipelineActionHandler.java:onMessage(60)) - Received pipeline action CLOSE for Pipeline[ Id: 01d26c0f-af01-4266-92c2-6d8373f8491b, Nodes: f3263f9a-ef6c-4ff4-a6b2-5a62e946b753{ip: 192.168.34.8, host: pr-hdds-1879-pbs75-1821932185, networkLocation: /default-rack, certSerialId: null}2d4da40c-dd43-4554-9707-f6503cf38c80{ip: 192.168.34.8, host: pr-hdds-1879-pbs75-1821932185, networkLocation: /default-rack, certSerialId: null}a413c2ef-7abc-47d7-b263-b9548e673ba5{ip: 192.168.34.8, host: pr-hdds-1879-pbs75-1821932185, networkLocation: /default-rack, certSerialId: null}, Type:RATIS, Factor:THREE, State:CLOSED] from datanode 2d4da40c-dd43-4554-9707-f6503cf38c80{ip: 192.168.34.8, host: pr-hdds-1879-pbs75-1821932185, networkLocation: /default-rack, certSerialId: null}. Reason : 2d4da40c-dd43-4554-9707-f6503cf38c80 has not seen follower/s a413c2ef-7abc-47d7-b263-b9548e673ba5 for 185261ms f3263f9a-ef6c-4ff4-a6b2-5a62e946b753 for 185260ms
2019-09-12 04:24:26,598 [EventQueue-PipelineActionsForPipelineActionHandler] INFO  pipeline.SCMPipelineManager (SCMPipelineManager.java:finalizeAndDestroyPipeline(311)) - destroying pipeline:Pipeline[ Id: 01d26c0f-af01-4266-92c2-6d8373f8491b, Nodes: f3263f9a-ef6c-4ff4-a6b2-5a62e946b753{ip: 192.168.34.8, host: pr-hdds-1879-pbs75-1821932185, networkLocation: /default-rack, certSerialId: null}2d4da40c-dd43-4554-9707-f6503cf38c80{ip: 192.168.34.8, host: pr-hdds-1879-pbs75-1821932185, networkLocation: /default-rack, certSerialId: null}a413c2ef-7abc-47d7-b263-b9548e673ba5{ip: 192.168.34.8, host: pr-hdds-1879-pbs75-1821932185, networkLocation: /default-rack, certSerialId: null}, Type:RATIS, Factor:THREE, State:CLOSED]
2019-09-12 04:24:26,628 [java.util.concurrent.ThreadPoolExecutor$Worker@2fea0fa2[State = -1, empty queue]] WARN  server.GrpcLogAppender (GrpcLogAppender.java:timeoutAppendRequest(200)) - 2d4da40c-dd43-4554-9707-f6503cf38c80@group-6D8373F8491B->f3263f9a-ef6c-4ff4-a6b2-5a62e946b753-GrpcLogAppender: appendEntries Timeout, request=2d4da40c-dd43-4554-9707-f6503cf38c80->f3263f9a-ef6c-4ff4-a6b2-5a62e946b753#94-t1, previous=(t:1, i:21), leaderCommit=16, initializing? false, entries: <empty>
2019-09-12 04:24:26,628 [java.util.concurrent.ThreadPoolExecutor$Worker@73f1de88[State = -1, empty queue]] WARN  server.GrpcLogAppender (GrpcLogAppender.java:timeoutAppendRequest(200)) - 2d4da40c-dd43-4554-9707-f6503cf38c80@group-6D8373F8491B->a413c2ef-7abc-47d7-b263-b9548e673ba5-GrpcLogAppender: appendEntries Timeout, request=2d4da40c-dd43-4554-9707-f6503cf38c80->a413c2ef-7abc-47d7-b263-b9548e673ba5#94-t1, previous=(t:1, i:21), leaderCommit=16, initializing? false, entries: <empty>
2019-09-12 04:24:27,540 [grpc-default-executor-6] INFO  impl.RaftServerProxy (RaftServerProxy.java:remove(95)) - f3263f9a-ef6c-4ff4-a6b2-5a62e946b753: remove  FOLLOWER f3263f9a-ef6c-4ff4-a6b2-5a62e946b753@group-6D8373F8491B:t1, leader=2d4da40c-dd43-4554-9707-f6503cf38c80, voted=2d4da40c-dd43-4554-9707-f6503cf38c80, raftlog=f3263f9a-ef6c-4ff4-a6b2-5a62e946b753@group-6D8373F8491B-SegmentedRaftLog:OPENED:c16,f16,i21, conf=0: [2d4da40c-dd43-4554-9707-f6503cf38c80:192.168.34.8:45634, a413c2ef-7abc-47d7-b263-b9548e673ba5:192.168.34.8:39020, f3263f9a-ef6c-4ff4-a6b2-5a62e946b753:192.168.34.8:40334], old=null RUNNING
2019-09-12 04:24:27,541 [grpc-default-executor-6] INFO  impl.RaftServerImpl (RaftServerImpl.java:lambda$shutdown$3(251)) - f3263f9a-ef6c-4ff4-a6b2-5a62e946b753@group-6D8373F8491B: shutdown
2019-09-12 04:24:27,541 [grpc-default-executor-6] INFO  util.JmxRegister (JmxRegister.java:unregister(73)) - Successfully un-registered JMX Bean with object name Ratis:service=RaftServer,group=group-6D8373F8491B,id=f3263f9a-ef6c-4ff4-a6b2-5a62e946b753
2019-09-12 04:24:27,542 [grpc-default-executor-6] INFO  impl.RoleInfo (RoleInfo.java:shutdownFollowerState(121)) - f3263f9a-ef6c-4ff4-a6b2-5a62e946b753: shutdown FollowerState
2019-09-12 04:24:27,542 [grpc-default-executor-6] INFO  impl.StateMachineUpdater (StateMachineUpdater.java:stopAndJoin(125)) - f3263f9a-ef6c-4ff4-a6b2-5a62e946b753@group-6D8373F8491B-StateMachineUpdater: set stopIndex = 16
2019-09-12 04:24:27,542 [Thread-2394] INFO  impl.FollowerState (FollowerState.java:run(115)) - f3263f9a-ef6c-4ff4-a6b2-5a62e946b753: FollowerState was interrupted: java.lang.InterruptedException: sleep interrupted
2019-09-12 04:24:27,542 [f3263f9a-ef6c-4ff4-a6b2-5a62e946b753@group-6D8373F8491B-StateMachineUpdater] INFO  ratis.ContainerStateMachine (ContainerStateMachine.java:takeSnapshot(289)) - group-6D8373F8491B: Taking a snapshot at:(t:1, i:12) file /workdir/hadoop-ozone/integration-test/target/test-dir/MiniOzoneClusterImpl-60a3af6c-3451-4a8a-82ad-625647a1d2f0/datanode-1/data/ratis/01d26c0f-af01-4266-92c2-6d8373f8491b/sm/snapshot.1_12
2019-09-12 04:24:27,614 [f3263f9a-ef6c-4ff4-a6b2-5a62e946b753@group-6D8373F8491B-StateMachineUpdater] INFO  ratis.ContainerStateMachine (ContainerStateMachine.java:takeSnapshot(300)) - group-6D8373F8491B: Finished taking a snapshot at:(t:1, i:12) file:/workdir/hadoop-ozone/integration-test/target/test-dir/MiniOzoneClusterImpl-60a3af6c-3451-4a8a-82ad-625647a1d2f0/datanode-1/data/ratis/01d26c0f-af01-4266-92c2-6d8373f8491b/sm/snapshot.1_12 time:72
2019-09-12 04:24:27,614 [f3263f9a-ef6c-4ff4-a6b2-5a62e946b753@group-6D8373F8491B-StateMachineUpdater] INFO  impl.StateMachineUpdater (StateMachineUpdater.java:takeSnapshot(258)) - f3263f9a-ef6c-4ff4-a6b2-5a62e946b753@group-6D8373F8491B-StateMachineUpdater: Took a snapshot at index 12
2019-09-12 04:24:27,614 [f3263f9a-ef6c-4ff4-a6b2-5a62e946b753@group-6D8373F8491B-StateMachineUpdater] INFO  impl.StateMachineUpdater (StateMachineUpdater.java:lambda$new$0(83)) - f3263f9a-ef6c-4ff4-a6b2-5a62e946b753@group-6D8373F8491B-StateMachineUpdater: snapshotIndex: updateIncreasingly -1 -> 12
2019-09-12 04:24:27,615 [f3263f9a-ef6c-4ff4-a6b2-5a62e946b753@group-6D8373F8491B-StateMachineUpdater] INFO  ratis.ContainerStateMachine (ContainerStateMachine.java:takeSnapshot(289)) - group-6D8373F8491B: Taking a snapshot at:(t:1, i:12) file /workdir/hadoop-ozone/integration-test/target/test-dir/MiniOzoneClusterImpl-60a3af6c-3451-4a8a-82ad-625647a1d2f0/datanode-1/data/ratis/01d26c0f-af01-4266-92c2-6d8373f8491b/sm/snapshot.1_12
2019-09-12 04:24:27,678 [f3263f9a-ef6c-4ff4-a6b2-5a62e946b753@group-6D8373F8491B-StateMachineUpdater] INFO  ratis.ContainerStateMachine (ContainerStateMachine.java:takeSnapshot(300)) - group-6D8373F8491B: Finished taking a snapshot at:(t:1, i:12) file:/workdir/hadoop-ozone/integration-test/target/test-dir/MiniOzoneClusterImpl-60a3af6c-3451-4a8a-82ad-625647a1d2f0/datanode-1/data/ratis/01d26c0f-af01-4266-92c2-6d8373f8491b/sm/snapshot.1_12 time:64
2019-09-12 04:24:27,679 [f3263f9a-ef6c-4ff4-a6b2-5a62e946b753@group-6D8373F8491B-StateMachineUpdater] INFO  impl.StateMachineUpdater (StateMachineUpdater.java:takeSnapshot(258)) - f3263f9a-ef6c-4ff4-a6b2-5a62e946b753@group-6D8373F8491B-StateMachineUpdater: Took a snapshot at index 12
2019-09-12 04:24:27,679 [f3263f9a-ef6c-4ff4-a6b2-5a62e946b753@group-6D8373F8491B-StateMachineUpdater] INFO  impl.StateMachineUpdater (StateMachineUpdater.java:lambda$new$0(83)) - f3263f9a-ef6c-4ff4-a6b2-5a62e946b753@group-6D8373F8491B-StateMachineUpdater: snapshotIndex: updateIncreasingly 12 -> 12
2019-09-12 04:24:27,680 [grpc-default-executor-6] INFO  impl.RaftServerImpl (ServerState.java:close(385)) - f3263f9a-ef6c-4ff4-a6b2-5a62e946b753@group-6D8373F8491B: closes. applyIndex: 16
2019-09-12 04:24:27,681 [f3263f9a-ef6c-4ff4-a6b2-5a62e946b753@group-6D8373F8491B-SegmentedRaftLogWorker] ERROR ratis.XceiverServerRatis (XceiverServerRatis.java:triggerPipelineClose(568)) - pipeline Action CLOSE  on pipeline PipelineID=01d26c0f-af01-4266-92c2-6d8373f8491b.Reason : WriteLog:19: (t:1, i:19), STATEMACHINELOGENTRY, client-70E987BF850D, cid=300-writeStateMachineData interrupted.
2019-09-12 04:24:27,686 [EventQueue-PipelineActionsForPipelineActionHandler] ERROR pipeline.PipelineActionHandler (PipelineActionHandler.java:onMessage(60)) - Received pipeline action CLOSE for Pipeline[ Id: 01d26c0f-af01-4266-92c2-6d8373f8491b, Nodes: f3263f9a-ef6c-4ff4-a6b2-5a62e946b753{ip: 192.168.34.8, host: pr-hdds-1879-pbs75-1821932185, networkLocation: /default-rack, certSerialId: null}2d4da40c-dd43-4554-9707-f6503cf38c80{ip: 192.168.34.8, host: pr-hdds-1879-pbs75-1821932185, networkLocation: /default-rack, certSerialId: null}a413c2ef-7abc-47d7-b263-b9548e673ba5{ip: 192.168.34.8, host: pr-hdds-1879-pbs75-1821932185, networkLocation: /default-rack, certSerialId: null}, Type:RATIS, Factor:THREE, State:CLOSED] from datanode f3263f9a-ef6c-4ff4-a6b2-5a62e946b753{ip: 192.168.34.8, host: pr-hdds-1879-pbs75-1821932185, networkLocation: /default-rack, certSerialId: null}. Reason : WriteLog:19: (t:1, i:19), STATEMACHINELOGENTRY, client-70E987BF850D, cid=300-writeStateMachineData interrupted.
2019-09-12 04:24:27,686 [EventQueue-PipelineActionsForPipelineActionHandler] INFO  pipeline.SCMPipelineManager (SCMPipelineManager.java:finalizeAndDestroyPipeline(311)) - destroying pipeline:Pipeline[ Id: 01d26c0f-af01-4266-92c2-6d8373f8491b, Nodes: f3263f9a-ef6c-4ff4-a6b2-5a62e946b753{ip: 192.168.34.8, host: pr-hdds-1879-pbs75-1821932185, networkLocation: /default-rack, certSerialId: null}2d4da40c-dd43-4554-9707-f6503cf38c80{ip: 192.168.34.8, host: pr-hdds-1879-pbs75-1821932185, networkLocation: /default-rack, certSerialId: null}a413c2ef-7abc-47d7-b263-b9548e673ba5{ip: 192.168.34.8, host: pr-hdds-1879-pbs75-1821932185, networkLocation: /default-rack, certSerialId: null}, Type:RATIS, Factor:THREE, State:CLOSED]
2019-09-12 04:24:27,707 [grpc-default-executor-6] INFO  segmented.SegmentedRaftLogWorker (SegmentedRaftLogWorker.java:close(228)) - f3263f9a-ef6c-4ff4-a6b2-5a62e946b753@group-6D8373F8491B-SegmentedRaftLogWorker close()
2019-09-12 04:24:27,761 [grpc-default-executor-6] INFO  interfaces.Container (KeyValueContainer.java:flushAndSyncDB(384)) - Container 12 is synced with bcsId 12.
2019-09-12 04:24:27,761 [grpc-default-executor-6] INFO  interfaces.Container (KeyValueContainer.java:flushAndSyncDB(384)) - Container 12 is synced with bcsId 12.
2019-09-12 04:24:27,841 [EventQueue-IncrementalContainerReportForIncrementalContainerReportHandler] INFO  container.IncrementalContainerReportHandler (AbstractContainerReportHandler.java:updateContainerState(169)) - Moving container #12 to QUASI_CLOSED state, datanode f3263f9a-ef6c-4ff4-a6b2-5a62e946b753{ip: 192.168.34.8, host: pr-hdds-1879-pbs75-1821932185, networkLocation: /default-rack, certSerialId: null} reported QUASI_CLOSED replica.
2019-09-12 04:24:28,196 [grpc-default-executor-6] INFO  interfaces.Container (KeyValueContainer.java:flushAndSyncDB(384)) - Container 13 is synced with bcsId 0.
2019-09-12 04:24:28,197 [grpc-default-executor-6] INFO  interfaces.Container (KeyValueContainer.java:flushAndSyncDB(384)) - Container 13 is synced with bcsId 0.
2019-09-12 04:24:28,271 [EventQueue-IncrementalContainerReportForIncrementalContainerReportHandler] INFO  container.IncrementalContainerReportHandler (AbstractContainerReportHandler.java:updateContainerState(169)) - Moving container #13 to QUASI_CLOSED state, datanode f3263f9a-ef6c-4ff4-a6b2-5a62e946b753{ip: 192.168.34.8, host: pr-hdds-1879-pbs75-1821932185, networkLocation: /default-rack, certSerialId: null} reported QUASI_CLOSED replica.
2019-09-12 04:24:28,278 [grpc-default-executor-6] INFO  impl.RaftServerProxy (RaftServerProxy.java:remove(95)) - 2d4da40c-dd43-4554-9707-f6503cf38c80: remove    LEADER 2d4da40c-dd43-4554-9707-f6503cf38c80@group-6D8373F8491B:t1, leader=2d4da40c-dd43-4554-9707-f6503cf38c80, voted=2d4da40c-dd43-4554-9707-f6503cf38c80, raftlog=2d4da40c-dd43-4554-9707-f6503cf38c80@group-6D8373F8491B-SegmentedRaftLog:OPENED:c16,f16,i21, conf=0: [2d4da40c-dd43-4554-9707-f6503cf38c80:192.168.34.8:45634, a413c2ef-7abc-47d7-b263-b9548e673ba5:192.168.34.8:39020, f3263f9a-ef6c-4ff4-a6b2-5a62e946b753:192.168.34.8:40334], old=null RUNNING
2019-09-12 04:24:28,278 [grpc-default-executor-6] INFO  impl.RaftServerImpl (RaftServerImpl.java:lambda$shutdown$3(251)) - 2d4da40c-dd43-4554-9707-f6503cf38c80@group-6D8373F8491B: shutdown
2019-09-12 04:24:28,279 [grpc-default-executor-6] INFO  util.JmxRegister (JmxRegister.java:unregister(73)) - Successfully un-registered JMX Bean with object name Ratis:service=RaftServer,group=group-6D8373F8491B,id=2d4da40c-dd43-4554-9707-f6503cf38c80
2019-09-12 04:24:28,279 [grpc-default-executor-6] INFO  impl.RoleInfo (RoleInfo.java:shutdownLeaderState(104)) - 2d4da40c-dd43-4554-9707-f6503cf38c80: shutdown LeaderState
2019-09-12 04:24:28,286 [grpc-default-executor-6] INFO  impl.PendingRequests (PendingRequests.java:sendNotLeaderResponses(202)) - 2d4da40c-dd43-4554-9707-f6503cf38c80-PendingRequests: sendNotLeaderResponses
2019-09-12 04:24:28,286 [org.apache.ratis.server.impl.LogAppender$AppenderDaemon$$Lambda$495/740911003@74c8839b] WARN  server.GrpcLogAppender (GrpcLogAppender.java:mayWait(143)) - 2d4da40c-dd43-4554-9707-f6503cf38c80@group-6D8373F8491B->f3263f9a-ef6c-4ff4-a6b2-5a62e946b753-GrpcLogAppender: Wait interrupted by java.lang.InterruptedException
2019-09-12 04:24:28,286 [org.apache.ratis.server.impl.LogAppender$AppenderDaemon$$Lambda$495/740911003@3fad8569] WARN  server.GrpcLogAppender (GrpcLogAppender.java:mayWait(143)) - 2d4da40c-dd43-4554-9707-f6503cf38c80@group-6D8373F8491B->a413c2ef-7abc-47d7-b263-b9548e673ba5-GrpcLogAppender: Wait interrupted by java.lang.InterruptedException
2019-09-12 04:24:28,291 [grpc-default-executor-14] INFO  server.GrpcServerProtocolService (GrpcServerProtocolService.java:onCompleted(113)) - f3263f9a-ef6c-4ff4-a6b2-5a62e946b753: Completed APPEND_ENTRIES, lastRequest: 2d4da40c-dd43-4554-9707-f6503cf38c80->f3263f9a-ef6c-4ff4-a6b2-5a62e946b753#95-t1, previous=(t:1, i:21), leaderCommit=16, initializing? false, entries: <empty>
2019-09-12 04:24:28,291 [grpc-default-executor-11] INFO  server.GrpcServerProtocolService (GrpcServerProtocolService.java:onCompleted(113)) - a413c2ef-7abc-47d7-b263-b9548e673ba5: Completed APPEND_ENTRIES, lastRequest: 2d4da40c-dd43-4554-9707-f6503cf38c80->a413c2ef-7abc-47d7-b263-b9548e673ba5#95-t1, previous=(t:1, i:21), leaderCommit=16, initializing? false, entries: <empty>
2019-09-12 04:24:28,291 [2d4da40c-dd43-4554-9707-f6503cf38c80@group-6D8373F8491B-StateMachineUpdater] INFO  ratis.ContainerStateMachine (ContainerStateMachine.java:takeSnapshot(289)) - group-6D8373F8491B: Taking a snapshot at:(t:1, i:14) file /workdir/hadoop-ozone/integration-test/target/test-dir/MiniOzoneClusterImpl-60a3af6c-3451-4a8a-82ad-625647a1d2f0/datanode-4/data/ratis/01d26c0f-af01-4266-92c2-6d8373f8491b/sm/snapshot.1_14
2019-09-12 04:24:28,291 [grpc-default-executor-6] INFO  impl.StateMachineUpdater (StateMachineUpdater.java:stopAndJoin(125)) - 2d4da40c-dd43-4554-9707-f6503cf38c80@group-6D8373F8491B-StateMachineUpdater: set stopIndex = 16
2019-09-12 04:24:28,292 [grpc-default-executor-11] INFO  server.GrpcLogAppender (GrpcLogAppender.java:onCompleted(293)) - 2d4da40c-dd43-4554-9707-f6503cf38c80@group-6D8373F8491B->a413c2ef-7abc-47d7-b263-b9548e673ba5-AppendLogResponseHandler: follower responses appendEntries COMPLETED
2019-09-12 04:24:28,291 [grpc-default-executor-14] INFO  server.GrpcLogAppender (GrpcLogAppender.java:onCompleted(293)) - 2d4da40c-dd43-4554-9707-f6503cf38c80@group-6D8373F8491B->f3263f9a-ef6c-4ff4-a6b2-5a62e946b753-AppendLogResponseHandler: follower responses appendEntries COMPLETED
2019-09-12 04:24:28,292 [grpc-default-executor-11] INFO  impl.FollowerInfo (FollowerInfo.java:lambda$new$0(51)) - 2d4da40c-dd43-4554-9707-f6503cf38c80@group-6D8373F8491B->a413c2ef-7abc-47d7-b263-b9548e673ba5: nextIndex: updateUnconditionally 22 -> 17
2019-09-12 04:24:28,292 [grpc-default-executor-14] INFO  impl.FollowerInfo (FollowerInfo.java:lambda$new$0(51)) - 2d4da40c-dd43-4554-9707-f6503cf38c80@group-6D8373F8491B->f3263f9a-ef6c-4ff4-a6b2-5a62e946b753: nextIndex: updateUnconditionally 22 -> 17
2019-09-12 04:24:28,354 [2d4da40c-dd43-4554-9707-f6503cf38c80@group-6D8373F8491B-StateMachineUpdater] INFO  ratis.ContainerStateMachine (ContainerStateMachine.java:takeSnapshot(300)) - group-6D8373F8491B: Finished taking a snapshot at:(t:1, i:14) file:/workdir/hadoop-ozone/integration-test/target/test-dir/MiniOzoneClusterImpl-60a3af6c-3451-4a8a-82ad-625647a1d2f0/datanode-4/data/ratis/01d26c0f-af01-4266-92c2-6d8373f8491b/sm/snapshot.1_14 time:63
2019-09-12 04:24:28,354 [2d4da40c-dd43-4554-9707-f6503cf38c80@group-6D8373F8491B-StateMachineUpdater] INFO  impl.StateMachineUpdater (StateMachineUpdater.java:takeSnapshot(258)) - 2d4da40c-dd43-4554-9707-f6503cf38c80@group-6D8373F8491B-StateMachineUpdater: Took a snapshot at index 14
2019-09-12 04:24:28,354 [2d4da40c-dd43-4554-9707-f6503cf38c80@group-6D8373F8491B-StateMachineUpdater] INFO  impl.StateMachineUpdater (StateMachineUpdater.java:lambda$new$0(83)) - 2d4da40c-dd43-4554-9707-f6503cf38c80@group-6D8373F8491B-StateMachineUpdater: snapshotIndex: updateIncreasingly -1 -> 14
2019-09-12 04:24:28,355 [2d4da40c-dd43-4554-9707-f6503cf38c80@group-6D8373F8491B-StateMachineUpdater] INFO  ratis.ContainerStateMachine (ContainerStateMachine.java:takeSnapshot(289)) - group-6D8373F8491B: Taking a snapshot at:(t:1, i:14) file /workdir/hadoop-ozone/integration-test/target/test-dir/MiniOzoneClusterImpl-60a3af6c-3451-4a8a-82ad-625647a1d2f0/datanode-4/data/ratis/01d26c0f-af01-4266-92c2-6d8373f8491b/sm/snapshot.1_14
2019-09-12 04:24:28,355 [Command processor thread] ERROR commandhandler.CloseContainerCommandHandler (CloseContainerCommandHandler.java:handle(125)) - Can't close container #13
java.io.IOException: org.apache.ratis.protocol.GroupMismatchException: 2d4da40c-dd43-4554-9707-f6503cf38c80: group-6D8373F8491B not found.
	at org.apache.hadoop.ozone.container.common.transport.server.ratis.XceiverServerRatis.submitRequest(XceiverServerRatis.java:495)
	at org.apache.hadoop.ozone.container.common.statemachine.commandhandler.CloseContainerCommandHandler.handle(CloseContainerCommandHandler.java:102)
	at org.apache.hadoop.ozone.container.common.statemachine.commandhandler.CommandDispatcher.handle(CommandDispatcher.java:99)
	at org.apache.hadoop.ozone.container.common.statemachine.DatanodeStateMachine.lambda$initCommandHandlerThread$1(DatanodeStateMachine.java:432)
	at java.lang.Thread.run(Thread.java:748)
Caused by: java.util.concurrent.ExecutionException: org.apache.ratis.protocol.GroupMismatchException: 2d4da40c-dd43-4554-9707-f6503cf38c80: group-6D8373F8491B not found.
	at java.util.concurrent.CompletableFuture.reportGet(CompletableFuture.java:357)
	at java.util.concurrent.CompletableFuture.get(CompletableFuture.java:1895)
	at org.apache.hadoop.ozone.container.common.transport.server.ratis.XceiverServerRatis.submitRequest(XceiverServerRatis.java:493)
	... 4 more
Caused by: org.apache.ratis.protocol.GroupMismatchException: 2d4da40c-dd43-4554-9707-f6503cf38c80: group-6D8373F8491B not found.
	at org.apache.ratis.server.impl.RaftServerProxy$ImplMap.get(RaftServerProxy.java:122)
	at org.apache.ratis.server.impl.RaftServerProxy.getImplFuture(RaftServerProxy.java:269)
	at org.apache.ratis.server.impl.RaftServerProxy.submitRequest(RaftServerProxy.java:327)
	at org.apache.ratis.server.impl.RaftServerProxy.submitClientRequestAsync(RaftServerProxy.java:333)
	... 5 more
2019-09-12 04:24:28,426 [2d4da40c-dd43-4554-9707-f6503cf38c80@group-6D8373F8491B-StateMachineUpdater] INFO  ratis.ContainerStateMachine (ContainerStateMachine.java:takeSnapshot(300)) - group-6D8373F8491B: Finished taking a snapshot at:(t:1, i:14) file:/workdir/hadoop-ozone/integration-test/target/test-dir/MiniOzoneClusterImpl-60a3af6c-3451-4a8a-82ad-625647a1d2f0/datanode-4/data/ratis/01d26c0f-af01-4266-92c2-6d8373f8491b/sm/snapshot.1_14 time:71
2019-09-12 04:24:28,426 [2d4da40c-dd43-4554-9707-f6503cf38c80@group-6D8373F8491B-StateMachineUpdater] INFO  impl.StateMachineUpdater (StateMachineUpdater.java:takeSnapshot(258)) - 2d4da40c-dd43-4554-9707-f6503cf38c80@group-6D8373F8491B-StateMachineUpdater: Took a snapshot at index 14
2019-09-12 04:24:28,426 [2d4da40c-dd43-4554-9707-f6503cf38c80@group-6D8373F8491B-StateMachineUpdater] INFO  impl.StateMachineUpdater (StateMachineUpdater.java:lambda$new$0(83)) - 2d4da40c-dd43-4554-9707-f6503cf38c80@group-6D8373F8491B-StateMachineUpdater: snapshotIndex: updateIncreasingly 14 -> 14
2019-09-12 04:24:28,427 [grpc-default-executor-6] INFO  impl.RaftServerImpl (ServerState.java:close(385)) - 2d4da40c-dd43-4554-9707-f6503cf38c80@group-6D8373F8491B: closes. applyIndex: 16
2019-09-12 04:24:28,427 [2d4da40c-dd43-4554-9707-f6503cf38c80@group-6D8373F8491B-SegmentedRaftLogWorker] ERROR ratis.XceiverServerRatis (XceiverServerRatis.java:triggerPipelineClose(568)) - pipeline Action CLOSE  on pipeline PipelineID=01d26c0f-af01-4266-92c2-6d8373f8491b.Reason : WriteLog:17: (t:1, i:17), STATEMACHINELOGENTRY, client-70E987BF850D, cid=298-writeStateMachineData interrupted.
2019-09-12 04:24:28,428 [grpc-default-executor-6] INFO  segmented.SegmentedRaftLogWorker (SegmentedRaftLogWorker.java:close(228)) - 2d4da40c-dd43-4554-9707-f6503cf38c80@group-6D8373F8491B-SegmentedRaftLogWorker close()
2019-09-12 04:24:28,431 [EventQueue-PipelineActionsForPipelineActionHandler] ERROR pipeline.PipelineActionHandler (PipelineActionHandler.java:onMessage(60)) - Received pipeline action CLOSE for Pipeline[ Id: 01d26c0f-af01-4266-92c2-6d8373f8491b, Nodes: f3263f9a-ef6c-4ff4-a6b2-5a62e946b753{ip: 192.168.34.8, host: pr-hdds-1879-pbs75-1821932185, networkLocation: /default-rack, certSerialId: null}2d4da40c-dd43-4554-9707-f6503cf38c80{ip: 192.168.34.8, host: pr-hdds-1879-pbs75-1821932185, networkLocation: /default-rack, certSerialId: null}a413c2ef-7abc-47d7-b263-b9548e673ba5{ip: 192.168.34.8, host: pr-hdds-1879-pbs75-1821932185, networkLocation: /default-rack, certSerialId: null}, Type:RATIS, Factor:THREE, State:CLOSED] from datanode 2d4da40c-dd43-4554-9707-f6503cf38c80{ip: 192.168.34.8, host: pr-hdds-1879-pbs75-1821932185, networkLocation: /default-rack, certSerialId: null}. Reason : WriteLog:17: (t:1, i:17), STATEMACHINELOGENTRY, client-70E987BF850D, cid=298-writeStateMachineData interrupted.
2019-09-12 04:24:28,431 [EventQueue-PipelineActionsForPipelineActionHandler] INFO  pipeline.SCMPipelineManager (SCMPipelineManager.java:finalizeAndDestroyPipeline(311)) - destroying pipeline:Pipeline[ Id: 01d26c0f-af01-4266-92c2-6d8373f8491b, Nodes: f3263f9a-ef6c-4ff4-a6b2-5a62e946b753{ip: 192.168.34.8, host: pr-hdds-1879-pbs75-1821932185, networkLocation: /default-rack, certSerialId: null}2d4da40c-dd43-4554-9707-f6503cf38c80{ip: 192.168.34.8, host: pr-hdds-1879-pbs75-1821932185, networkLocation: /default-rack, certSerialId: null}a413c2ef-7abc-47d7-b263-b9548e673ba5{ip: 192.168.34.8, host: pr-hdds-1879-pbs75-1821932185, networkLocation: /default-rack, certSerialId: null}, Type:RATIS, Factor:THREE, State:CLOSED]
2019-09-12 04:24:28,467 [grpc-default-executor-11] INFO  client.GrpcClientProtocolClient (GrpcClientProtocolClient.java:onNext(264)) - client-70E987BF850D->a413c2ef-7abc-47d7-b263-b9548e673ba5: receive RaftClientReply:client-70E987BF850D->a413c2ef-7abc-47d7-b263-b9548e673ba5@group-6D8373F8491B, cid=298, FAILED org.apache.ratis.protocol.NotLeaderException: Server a413c2ef-7abc-47d7-b263-b9548e673ba5@group-6D8373F8491B is not the leader 2d4da40c-dd43-4554-9707-f6503cf38c80:192.168.34.8:45634, logIndex=0, commits[a413c2ef-7abc-47d7-b263-b9548e673ba5:c16, 2d4da40c-dd43-4554-9707-f6503cf38c80:c16, f3263f9a-ef6c-4ff4-a6b2-5a62e946b753:c12]
2019-09-12 04:24:28,480 [grpc-default-executor-6] INFO  interfaces.Container (KeyValueContainer.java:flushAndSyncDB(384)) - Container 12 is synced with bcsId 12.
2019-09-12 04:24:28,480 [grpc-default-executor-6] INFO  interfaces.Container (KeyValueContainer.java:flushAndSyncDB(384)) - Container 12 is synced with bcsId 12.
2019-09-12 04:24:28,497 [main] WARN  io.KeyOutputStream (KeyOutputStream.java:handleException(276)) - Encountered exception java.io.IOException: Unexpected Storage Container Exception: java.util.concurrent.CompletionException: java.util.concurrent.CompletionException: org.apache.ratis.protocol.GroupMismatchException: 2d4da40c-dd43-4554-9707-f6503cf38c80: group-6D8373F8491B not found. on the pipeline Pipeline[ Id: 01d26c0f-af01-4266-92c2-6d8373f8491b, Nodes: f3263f9a-ef6c-4ff4-a6b2-5a62e946b753{ip: 192.168.34.8, host: pr-hdds-1879-pbs75-1821932185, networkLocation: /default-rack, certSerialId: null}2d4da40c-dd43-4554-9707-f6503cf38c80{ip: 192.168.34.8, host: pr-hdds-1879-pbs75-1821932185, networkLocation: /default-rack, certSerialId: null}a413c2ef-7abc-47d7-b263-b9548e673ba5{ip: 192.168.34.8, host: pr-hdds-1879-pbs75-1821932185, networkLocation: /default-rack, certSerialId: null}, Type:RATIS, Factor:THREE, State:OPEN]. The last committed block length is 0, uncommitted data length is 2097152 retry count 0
2019-09-12 04:24:28,511 [grpc-default-executor-11] INFO  client.GrpcClientProtocolClient (GrpcClientProtocolClient.java:onNext(264)) - client-C7E4314964D6->90957f92-0013-496b-a419-9c1212c810e8: receive RaftClientReply:client-C7E4314964D6->90957f92-0013-496b-a419-9c1212c810e8@group-6371820A5F4C, cid=382, FAILED org.apache.ratis.protocol.NotLeaderException: Server 90957f92-0013-496b-a419-9c1212c810e8@group-6371820A5F4C is not the leader 8466bef0-9559-4d2e-b20d-aaf3fd2b14fd:192.168.34.8:32905, logIndex=0, commits[90957f92-0013-496b-a419-9c1212c810e8:c15, 897fdfd8-a3cb-4c9b-9ef8-a626c4e76414:c15, 8466bef0-9559-4d2e-b20d-aaf3fd2b14fd:c15]
2019-09-12 04:24:28,975 [grpc-default-executor-6] INFO  interfaces.Container (KeyValueContainer.java:flushAndSyncDB(384)) - Container 13 is synced with bcsId 0.
2019-09-12 04:24:28,976 [grpc-default-executor-6] INFO  interfaces.Container (KeyValueContainer.java:flushAndSyncDB(384)) - Container 13 is synced with bcsId 0.
2019-09-12 04:24:29,095 [grpc-default-executor-6] INFO  impl.RaftServerProxy (RaftServerProxy.java:remove(95)) - a413c2ef-7abc-47d7-b263-b9548e673ba5: remove  FOLLOWER a413c2ef-7abc-47d7-b263-b9548e673ba5@group-6D8373F8491B:t1, leader=2d4da40c-dd43-4554-9707-f6503cf38c80, voted=a413c2ef-7abc-47d7-b263-b9548e673ba5, raftlog=a413c2ef-7abc-47d7-b263-b9548e673ba5@group-6D8373F8491B-SegmentedRaftLog:OPENED:c16,f16,i21, conf=0: [2d4da40c-dd43-4554-9707-f6503cf38c80:192.168.34.8:45634, a413c2ef-7abc-47d7-b263-b9548e673ba5:192.168.34.8:39020, f3263f9a-ef6c-4ff4-a6b2-5a62e946b753:192.168.34.8:40334], old=null RUNNING
2019-09-12 04:24:29,095 [grpc-default-executor-6] INFO  impl.RaftServerImpl (RaftServerImpl.java:lambda$shutdown$3(251)) - a413c2ef-7abc-47d7-b263-b9548e673ba5@group-6D8373F8491B: shutdown
2019-09-12 04:24:29,096 [grpc-default-executor-6] INFO  util.JmxRegister (JmxRegister.java:unregister(73)) - Successfully un-registered JMX Bean with object name Ratis:service=RaftServer,group=group-6D8373F8491B,id=a413c2ef-7abc-47d7-b263-b9548e673ba5
2019-09-12 04:24:29,096 [grpc-default-executor-6] INFO  impl.RoleInfo (RoleInfo.java:shutdownFollowerState(121)) - a413c2ef-7abc-47d7-b263-b9548e673ba5: shutdown FollowerState
2019-09-12 04:24:29,096 [grpc-default-executor-6] INFO  impl.StateMachineUpdater (StateMachineUpdater.java:stopAndJoin(125)) - a413c2ef-7abc-47d7-b263-b9548e673ba5@group-6D8373F8491B-StateMachineUpdater: set stopIndex = 16
2019-09-12 04:24:29,096 [Thread-2397] INFO  impl.FollowerState (FollowerState.java:run(115)) - a413c2ef-7abc-47d7-b263-b9548e673ba5: FollowerState was interrupted: java.lang.InterruptedException: sleep interrupted
2019-09-12 04:24:29,096 [a413c2ef-7abc-47d7-b263-b9548e673ba5@group-6D8373F8491B-StateMachineUpdater] INFO  ratis.ContainerStateMachine (ContainerStateMachine.java:takeSnapshot(289)) - group-6D8373F8491B: Taking a snapshot at:(t:1, i:12) file /workdir/hadoop-ozone/integration-test/target/test-dir/MiniOzoneClusterImpl-60a3af6c-3451-4a8a-82ad-625647a1d2f0/datanode-6/data/ratis/01d26c0f-af01-4266-92c2-6d8373f8491b/sm/snapshot.1_12
2019-09-12 04:24:29,143 [grpc-default-executor-14] INFO  client.GrpcClientProtocolClient (GrpcClientProtocolClient.java:onNext(264)) - client-C7E4314964D6->8466bef0-9559-4d2e-b20d-aaf3fd2b14fd: receive RaftClientReply:client-C7E4314964D6->8466bef0-9559-4d2e-b20d-aaf3fd2b14fd@group-6371820A5F4C, cid=382, SUCCESS, logIndex=16, commits[8466bef0-9559-4d2e-b20d-aaf3fd2b14fd:c16, 897fdfd8-a3cb-4c9b-9ef8-a626c4e76414:c15, 90957f92-0013-496b-a419-9c1212c810e8:c15]
2019-09-12 04:24:29,158 [a413c2ef-7abc-47d7-b263-b9548e673ba5@group-6D8373F8491B-StateMachineUpdater] INFO  ratis.ContainerStateMachine (ContainerStateMachine.java:takeSnapshot(300)) - group-6D8373F8491B: Finished taking a snapshot at:(t:1, i:12) file:/workdir/hadoop-ozone/integration-test/target/test-dir/MiniOzoneClusterImpl-60a3af6c-3451-4a8a-82ad-625647a1d2f0/datanode-6/data/ratis/01d26c0f-af01-4266-92c2-6d8373f8491b/sm/snapshot.1_12 time:61
2019-09-12 04:24:29,158 [a413c2ef-7abc-47d7-b263-b9548e673ba5@group-6D8373F8491B-StateMachineUpdater] INFO  impl.StateMachineUpdater (StateMachineUpdater.java:takeSnapshot(258)) - a413c2ef-7abc-47d7-b263-b9548e673ba5@group-6D8373F8491B-StateMachineUpdater: Took a snapshot at index 12
2019-09-12 04:24:29,158 [a413c2ef-7abc-47d7-b263-b9548e673ba5@group-6D8373F8491B-StateMachineUpdater] INFO  impl.StateMachineUpdater (StateMachineUpdater.java:lambda$new$0(83)) - a413c2ef-7abc-47d7-b263-b9548e673ba5@group-6D8373F8491B-StateMachineUpdater: snapshotIndex: updateIncreasingly -1 -> 12
2019-09-12 04:24:29,158 [a413c2ef-7abc-47d7-b263-b9548e673ba5@group-6D8373F8491B-StateMachineUpdater] INFO  ratis.ContainerStateMachine (ContainerStateMachine.java:takeSnapshot(289)) - group-6D8373F8491B: Taking a snapshot at:(t:1, i:12) file /workdir/hadoop-ozone/integration-test/target/test-dir/MiniOzoneClusterImpl-60a3af6c-3451-4a8a-82ad-625647a1d2f0/datanode-6/data/ratis/01d26c0f-af01-4266-92c2-6d8373f8491b/sm/snapshot.1_12
2019-09-12 04:24:29,236 [a413c2ef-7abc-47d7-b263-b9548e673ba5@group-6D8373F8491B-StateMachineUpdater] INFO  ratis.ContainerStateMachine (ContainerStateMachine.java:takeSnapshot(300)) - group-6D8373F8491B: Finished taking a snapshot at:(t:1, i:12) file:/workdir/hadoop-ozone/integration-test/target/test-dir/MiniOzoneClusterImpl-60a3af6c-3451-4a8a-82ad-625647a1d2f0/datanode-6/data/ratis/01d26c0f-af01-4266-92c2-6d8373f8491b/sm/snapshot.1_12 time:77
2019-09-12 04:24:29,236 [a413c2ef-7abc-47d7-b263-b9548e673ba5@group-6D8373F8491B-StateMachineUpdater] INFO  impl.StateMachineUpdater (StateMachineUpdater.java:takeSnapshot(258)) - a413c2ef-7abc-47d7-b263-b9548e673ba5@group-6D8373F8491B-StateMachineUpdater: Took a snapshot at index 12
2019-09-12 04:24:29,237 [a413c2ef-7abc-47d7-b263-b9548e673ba5@group-6D8373F8491B-StateMachineUpdater] INFO  impl.StateMachineUpdater (StateMachineUpdater.java:lambda$new$0(83)) - a413c2ef-7abc-47d7-b263-b9548e673ba5@group-6D8373F8491B-StateMachineUpdater: snapshotIndex: updateIncreasingly 12 -> 12
2019-09-12 04:24:29,237 [grpc-default-executor-6] INFO  impl.RaftServerImpl (ServerState.java:close(385)) - a413c2ef-7abc-47d7-b263-b9548e673ba5@group-6D8373F8491B: closes. applyIndex: 16
2019-09-12 04:24:29,238 [a413c2ef-7abc-47d7-b263-b9548e673ba5@group-6D8373F8491B-SegmentedRaftLogWorker] ERROR ratis.XceiverServerRatis (XceiverServerRatis.java:triggerPipelineClose(568)) - pipeline Action CLOSE  on pipeline PipelineID=01d26c0f-af01-4266-92c2-6d8373f8491b.Reason : WriteLog:17: (t:1, i:17), STATEMACHINELOGENTRY, client-70E987BF850D, cid=298-writeStateMachineData interrupted.
2019-09-12 04:24:29,239 [grpc-default-executor-6] INFO  segmented.SegmentedRaftLogWorker (SegmentedRaftLogWorker.java:close(228)) - a413c2ef-7abc-47d7-b263-b9548e673ba5@group-6D8373F8491B-SegmentedRaftLogWorker close()
2019-09-12 04:24:29,239 [EventQueue-PipelineActionsForPipelineActionHandler] ERROR pipeline.PipelineActionHandler (PipelineActionHandler.java:onMessage(60)) - Received pipeline action CLOSE for Pipeline[ Id: 01d26c0f-af01-4266-92c2-6d8373f8491b, Nodes: f3263f9a-ef6c-4ff4-a6b2-5a62e946b753{ip: 192.168.34.8, host: pr-hdds-1879-pbs75-1821932185, networkLocation: /default-rack, certSerialId: null}2d4da40c-dd43-4554-9707-f6503cf38c80{ip: 192.168.34.8, host: pr-hdds-1879-pbs75-1821932185, networkLocation: /default-rack, certSerialId: null}a413c2ef-7abc-47d7-b263-b9548e673ba5{ip: 192.168.34.8, host: pr-hdds-1879-pbs75-1821932185, networkLocation: /default-rack, certSerialId: null}, Type:RATIS, Factor:THREE, State:CLOSED] from datanode a413c2ef-7abc-47d7-b263-b9548e673ba5{ip: 192.168.34.8, host: pr-hdds-1879-pbs75-1821932185, networkLocation: /default-rack, certSerialId: null}. Reason : WriteLog:17: (t:1, i:17), STATEMACHINELOGENTRY, client-70E987BF850D, cid=298-writeStateMachineData interrupted.
2019-09-12 04:24:29,241 [EventQueue-PipelineActionsForPipelineActionHandler] INFO  pipeline.SCMPipelineManager (SCMPipelineManager.java:finalizeAndDestroyPipeline(311)) - destroying pipeline:Pipeline[ Id: 01d26c0f-af01-4266-92c2-6d8373f8491b, Nodes: f3263f9a-ef6c-4ff4-a6b2-5a62e946b753{ip: 192.168.34.8, host: pr-hdds-1879-pbs75-1821932185, networkLocation: /default-rack, certSerialId: null}2d4da40c-dd43-4554-9707-f6503cf38c80{ip: 192.168.34.8, host: pr-hdds-1879-pbs75-1821932185, networkLocation: /default-rack, certSerialId: null}a413c2ef-7abc-47d7-b263-b9548e673ba5{ip: 192.168.34.8, host: pr-hdds-1879-pbs75-1821932185, networkLocation: /default-rack, certSerialId: null}, Type:RATIS, Factor:THREE, State:CLOSED]
2019-09-12 04:24:29,335 [grpc-default-executor-14] INFO  client.GrpcClientProtocolClient (GrpcClientProtocolClient.java:onNext(264)) - client-C7E4314964D6->8466bef0-9559-4d2e-b20d-aaf3fd2b14fd: receive RaftClientReply:client-C7E4314964D6->8466bef0-9559-4d2e-b20d-aaf3fd2b14fd@group-6371820A5F4C, cid=383, SUCCESS, logIndex=18, commits[8466bef0-9559-4d2e-b20d-aaf3fd2b14fd:c22, 897fdfd8-a3cb-4c9b-9ef8-a626c4e76414:c20, 90957f92-0013-496b-a419-9c1212c810e8:c20]
2019-09-12 04:24:29,335 [grpc-default-executor-14] INFO  client.GrpcClientProtocolClient (GrpcClientProtocolClient.java:onNext(264)) - client-C7E4314964D6->8466bef0-9559-4d2e-b20d-aaf3fd2b14fd: receive RaftClientReply:client-C7E4314964D6->8466bef0-9559-4d2e-b20d-aaf3fd2b14fd@group-6371820A5F4C, cid=384, SUCCESS, logIndex=19, commits[8466bef0-9559-4d2e-b20d-aaf3fd2b14fd:c22, 897fdfd8-a3cb-4c9b-9ef8-a626c4e76414:c20, 90957f92-0013-496b-a419-9c1212c810e8:c20]
2019-09-12 04:24:29,816 [grpc-default-executor-14] INFO  client.GrpcClientProtocolClient (GrpcClientProtocolClient.java:onNext(264)) - client-C7E4314964D6->8466bef0-9559-4d2e-b20d-aaf3fd2b14fd: receive RaftClientReply:client-C7E4314964D6->8466bef0-9559-4d2e-b20d-aaf3fd2b14fd@group-6371820A5F4C, cid=385, SUCCESS, logIndex=20, commits[8466bef0-9559-4d2e-b20d-aaf3fd2b14fd:c22, 897fdfd8-a3cb-4c9b-9ef8-a626c4e76414:c20, 90957f92-0013-496b-a419-9c1212c810e8:c20]
2019-09-12 04:24:29,837 [grpc-default-executor-6] INFO  interfaces.Container (KeyValueContainer.java:flushAndSyncDB(384)) - Container 12 is synced with bcsId 12.
2019-09-12 04:24:29,838 [grpc-default-executor-6] INFO  interfaces.Container (KeyValueContainer.java:flushAndSyncDB(384)) - Container 12 is synced with bcsId 12.
2019-09-12 04:24:29,841 [grpc-default-executor-16] INFO  client.GrpcClientProtocolClient (GrpcClientProtocolClient.java:onNext(264)) - client-C7E4314964D6->8466bef0-9559-4d2e-b20d-aaf3fd2b14fd: receive RaftClientReply:client-C7E4314964D6->8466bef0-9559-4d2e-b20d-aaf3fd2b14fd@group-6371820A5F4C, cid=387, SUCCESS, logIndex=23, commits[8466bef0-9559-4d2e-b20d-aaf3fd2b14fd:c24, 897fdfd8-a3cb-4c9b-9ef8-a626c4e76414:c22, 90957f92-0013-496b-a419-9c1212c810e8:c22]
2019-09-12 04:24:29,842 [grpc-default-executor-16] INFO  client.GrpcClientProtocolClient (GrpcClientProtocolClient.java:onNext(264)) - client-C7E4314964D6->8466bef0-9559-4d2e-b20d-aaf3fd2b14fd: receive RaftClientReply:client-C7E4314964D6->8466bef0-9559-4d2e-b20d-aaf3fd2b14fd@group-6371820A5F4C, cid=388, SUCCESS, logIndex=24, commits[8466bef0-9559-4d2e-b20d-aaf3fd2b14fd:c24, 897fdfd8-a3cb-4c9b-9ef8-a626c4e76414:c22, 90957f92-0013-496b-a419-9c1212c810e8:c22]
2019-09-12 04:24:29,884 [grpc-default-executor-16] INFO  client.GrpcClientProtocolClient (GrpcClientProtocolClient.java:onNext(264)) - client-C7E4314964D6->8466bef0-9559-4d2e-b20d-aaf3fd2b14fd: receive RaftClientReply:client-C7E4314964D6->8466bef0-9559-4d2e-b20d-aaf3fd2b14fd@group-6371820A5F4C, cid=389, SUCCESS, logIndex=25, commits[8466bef0-9559-4d2e-b20d-aaf3fd2b14fd:c27, 897fdfd8-a3cb-4c9b-9ef8-a626c4e76414:c24, 90957f92-0013-496b-a419-9c1212c810e8:c24]
2019-09-12 04:24:29,885 [grpc-default-executor-16] INFO  client.GrpcClientProtocolClient (GrpcClientProtocolClient.java:onNext(264)) - client-C7E4314964D6->8466bef0-9559-4d2e-b20d-aaf3fd2b14fd: receive RaftClientReply:client-C7E4314964D6->8466bef0-9559-4d2e-b20d-aaf3fd2b14fd@group-6371820A5F4C, cid=390, SUCCESS, logIndex=26, commits[8466bef0-9559-4d2e-b20d-aaf3fd2b14fd:c27, 897fdfd8-a3cb-4c9b-9ef8-a626c4e76414:c24, 90957f92-0013-496b-a419-9c1212c810e8:c24]
2019-09-12 04:24:30,142 [grpc-default-executor-6] INFO  interfaces.Container (KeyValueContainer.java:flushAndSyncDB(384)) - Container 13 is synced with bcsId 0.
2019-09-12 04:24:30,142 [grpc-default-executor-6] INFO  interfaces.Container (KeyValueContainer.java:flushAndSyncDB(384)) - Container 13 is synced with bcsId 0.
2019-09-12 04:24:30,204 [RatisPipelineUtilsThread] INFO  pipeline.PipelineStateManager (PipelineStateManager.java:removePipeline(108)) - Pipeline Pipeline[ Id: 01d26c0f-af01-4266-92c2-6d8373f8491b, Nodes: f3263f9a-ef6c-4ff4-a6b2-5a62e946b753{ip: 192.168.34.8, host: pr-hdds-1879-pbs75-1821932185, networkLocation: /default-rack, certSerialId: null}2d4da40c-dd43-4554-9707-f6503cf38c80{ip: 192.168.34.8, host: pr-hdds-1879-pbs75-1821932185, networkLocation: /default-rack, certSerialId: null}a413c2ef-7abc-47d7-b263-b9548e673ba5{ip: 192.168.34.8, host: pr-hdds-1879-pbs75-1821932185, networkLocation: /default-rack, certSerialId: null}, Type:RATIS, Factor:THREE, State:CLOSED] removed from db
2019-09-12 04:24:30,216 [grpc-default-executor-11] INFO  impl.RaftServerProxy (RaftServerProxy.java:addNew(89)) - f3263f9a-ef6c-4ff4-a6b2-5a62e946b753: addNew group-5B52E8B6CC20:[2d4da40c-dd43-4554-9707-f6503cf38c80:192.168.34.8:45634, a413c2ef-7abc-47d7-b263-b9548e673ba5:192.168.34.8:39020, f3263f9a-ef6c-4ff4-a6b2-5a62e946b753:192.168.34.8:40334] returns group-5B52E8B6CC20:java.util.concurrent.CompletableFuture@7edfbe84[Not completed]
2019-09-12 04:24:30,216 [grpc-default-executor-16] INFO  impl.RaftServerProxy (RaftServerProxy.java:addNew(89)) - 2d4da40c-dd43-4554-9707-f6503cf38c80: addNew group-5B52E8B6CC20:[2d4da40c-dd43-4554-9707-f6503cf38c80:192.168.34.8:45634, a413c2ef-7abc-47d7-b263-b9548e673ba5:192.168.34.8:39020, f3263f9a-ef6c-4ff4-a6b2-5a62e946b753:192.168.34.8:40334] returns group-5B52E8B6CC20:java.util.concurrent.CompletableFuture@166cdf06[Not completed]
2019-09-12 04:24:30,216 [grpc-default-executor-6] INFO  impl.RaftServerProxy (RaftServerProxy.java:addNew(89)) - a413c2ef-7abc-47d7-b263-b9548e673ba5: addNew group-5B52E8B6CC20:[2d4da40c-dd43-4554-9707-f6503cf38c80:192.168.34.8:45634, a413c2ef-7abc-47d7-b263-b9548e673ba5:192.168.34.8:39020, f3263f9a-ef6c-4ff4-a6b2-5a62e946b753:192.168.34.8:40334] returns group-5B52E8B6CC20:java.util.concurrent.CompletableFuture@3dfaf282[Not completed]
2019-09-12 04:24:30,220 [pool-37-thread-1] INFO  impl.RaftServerImpl (RaftServerImpl.java:<init>(95)) - f3263f9a-ef6c-4ff4-a6b2-5a62e946b753: new RaftServerImpl for group-5B52E8B6CC20:[2d4da40c-dd43-4554-9707-f6503cf38c80:192.168.34.8:45634, a413c2ef-7abc-47d7-b263-b9548e673ba5:192.168.34.8:39020, f3263f9a-ef6c-4ff4-a6b2-5a62e946b753:192.168.34.8:40334] with ContainerStateMachine:uninitialized
2019-09-12 04:24:30,220 [pool-37-thread-1] INFO  server.RaftServerConfigKeys (ConfUtils.java:logGet(43)) - raft.server.rpc.timeout.min = 5s (custom)
2019-09-12 04:24:30,220 [pool-37-thread-1] INFO  server.RaftServerConfigKeys (ConfUtils.java:logGet(43)) - raft.server.rpc.timeout.max = 5200ms (custom)
2019-09-12 04:24:30,221 [pool-37-thread-1] INFO  server.RaftServerConfigKeys (ConfUtils.java:logGet(43)) - raft.server.rpcslowness.timeout = 120s (custom)
2019-09-12 04:24:30,221 [pool-37-thread-1] INFO  server.RaftServerConfigKeys (ConfUtils.java:logGet(43)) - raft.server.sleep.deviation.threshold = 300 (default)
2019-09-12 04:24:30,221 [pool-37-thread-1] INFO  server.RaftServerConfigKeys (ConfUtils.java:logGet(43)) - raft.server.log.appender.install.snapshot.enabled = false (custom)
2019-09-12 04:24:30,221 [pool-87-thread-1] INFO  impl.RaftServerImpl (RaftServerImpl.java:<init>(95)) - a413c2ef-7abc-47d7-b263-b9548e673ba5: new RaftServerImpl for group-5B52E8B6CC20:[2d4da40c-dd43-4554-9707-f6503cf38c80:192.168.34.8:45634, a413c2ef-7abc-47d7-b263-b9548e673ba5:192.168.34.8:39020, f3263f9a-ef6c-4ff4-a6b2-5a62e946b753:192.168.34.8:40334] with ContainerStateMachine:uninitialized
2019-09-12 04:24:30,221 [pool-37-thread-1] INFO  impl.RaftServerImpl (ServerState.java:<init>(103)) - f3263f9a-ef6c-4ff4-a6b2-5a62e946b753@group-5B52E8B6CC20: ConfigurationManager, init=-1: [2d4da40c-dd43-4554-9707-f6503cf38c80:192.168.34.8:45634, a413c2ef-7abc-47d7-b263-b9548e673ba5:192.168.34.8:39020, f3263f9a-ef6c-4ff4-a6b2-5a62e946b753:192.168.34.8:40334], old=null, confs=<EMPTY_MAP>
2019-09-12 04:24:30,221 [pool-87-thread-1] INFO  server.RaftServerConfigKeys (ConfUtils.java:logGet(43)) - raft.server.rpc.timeout.min = 5s (custom)
2019-09-12 04:24:30,221 [pool-87-thread-1] INFO  server.RaftServerConfigKeys (ConfUtils.java:logGet(43)) - raft.server.rpc.timeout.max = 5200ms (custom)
2019-09-12 04:24:30,221 [pool-37-thread-1] INFO  server.RaftServerConfigKeys (ConfUtils.java:logGet(43)) - raft.server.storage.dir = [/workdir/hadoop-ozone/integration-test/target/test-dir/MiniOzoneClusterImpl-60a3af6c-3451-4a8a-82ad-625647a1d2f0/datanode-1/data/ratis] (custom)
2019-09-12 04:24:30,222 [pool-87-thread-1] INFO  server.RaftServerConfigKeys (ConfUtils.java:logGet(43)) - raft.server.rpcslowness.timeout = 120s (custom)
2019-09-12 04:24:30,222 [pool-87-thread-1] INFO  server.RaftServerConfigKeys (ConfUtils.java:logGet(43)) - raft.server.sleep.deviation.threshold = 300 (default)
2019-09-12 04:24:30,222 [pool-87-thread-1] INFO  server.RaftServerConfigKeys (ConfUtils.java:logGet(43)) - raft.server.log.appender.install.snapshot.enabled = false (custom)
2019-09-12 04:24:30,222 [pool-37-thread-1] INFO  storage.RaftStorageDirectory (RaftStorageDirectory.java:analyzeStorage(246)) - The storage directory /workdir/hadoop-ozone/integration-test/target/test-dir/MiniOzoneClusterImpl-60a3af6c-3451-4a8a-82ad-625647a1d2f0/datanode-1/data/ratis/c460370d-6091-4e4d-9312-5b52e8b6cc20 does not exist. Creating ...
2019-09-12 04:24:30,222 [pool-67-thread-1] INFO  impl.RaftServerImpl (RaftServerImpl.java:<init>(95)) - 2d4da40c-dd43-4554-9707-f6503cf38c80: new RaftServerImpl for group-5B52E8B6CC20:[2d4da40c-dd43-4554-9707-f6503cf38c80:192.168.34.8:45634, a413c2ef-7abc-47d7-b263-b9548e673ba5:192.168.34.8:39020, f3263f9a-ef6c-4ff4-a6b2-5a62e946b753:192.168.34.8:40334] with ContainerStateMachine:uninitialized
2019-09-12 04:24:30,222 [pool-87-thread-1] INFO  impl.RaftServerImpl (ServerState.java:<init>(103)) - a413c2ef-7abc-47d7-b263-b9548e673ba5@group-5B52E8B6CC20: ConfigurationManager, init=-1: [2d4da40c-dd43-4554-9707-f6503cf38c80:192.168.34.8:45634, a413c2ef-7abc-47d7-b263-b9548e673ba5:192.168.34.8:39020, f3263f9a-ef6c-4ff4-a6b2-5a62e946b753:192.168.34.8:40334], old=null, confs=<EMPTY_MAP>
2019-09-12 04:24:30,222 [pool-67-thread-1] INFO  server.RaftServerConfigKeys (ConfUtils.java:logGet(43)) - raft.server.rpc.timeout.min = 5s (custom)
2019-09-12 04:24:30,223 [pool-87-thread-1] INFO  server.RaftServerConfigKeys (ConfUtils.java:logGet(43)) - raft.server.storage.dir = [/workdir/hadoop-ozone/integration-test/target/test-dir/MiniOzoneClusterImpl-60a3af6c-3451-4a8a-82ad-625647a1d2f0/datanode-6/data/ratis] (custom)
2019-09-12 04:24:30,223 [pool-67-thread-1] INFO  server.RaftServerConfigKeys (ConfUtils.java:logGet(43)) - raft.server.rpc.timeout.max = 5200ms (custom)
2019-09-12 04:24:30,223 [pool-67-thread-1] INFO  server.RaftServerConfigKeys (ConfUtils.java:logGet(43)) - raft.server.rpcslowness.timeout = 120s (custom)
2019-09-12 04:24:30,223 [pool-87-thread-1] INFO  storage.RaftStorageDirectory (RaftStorageDirectory.java:analyzeStorage(246)) - The storage directory /workdir/hadoop-ozone/integration-test/target/test-dir/MiniOzoneClusterImpl-60a3af6c-3451-4a8a-82ad-625647a1d2f0/datanode-6/data/ratis/c460370d-6091-4e4d-9312-5b52e8b6cc20 does not exist. Creating ...
2019-09-12 04:24:30,223 [pool-67-thread-1] INFO  server.RaftServerConfigKeys (ConfUtils.java:logGet(43)) - raft.server.sleep.deviation.threshold = 300 (default)
2019-09-12 04:24:30,223 [pool-67-thread-1] INFO  server.RaftServerConfigKeys (ConfUtils.java:logGet(43)) - raft.server.log.appender.install.snapshot.enabled = false (custom)
2019-09-12 04:24:30,224 [pool-67-thread-1] INFO  impl.RaftServerImpl (ServerState.java:<init>(103)) - 2d4da40c-dd43-4554-9707-f6503cf38c80@group-5B52E8B6CC20: ConfigurationManager, init=-1: [2d4da40c-dd43-4554-9707-f6503cf38c80:192.168.34.8:45634, a413c2ef-7abc-47d7-b263-b9548e673ba5:192.168.34.8:39020, f3263f9a-ef6c-4ff4-a6b2-5a62e946b753:192.168.34.8:40334], old=null, confs=<EMPTY_MAP>
2019-09-12 04:24:30,224 [pool-67-thread-1] INFO  server.RaftServerConfigKeys (ConfUtils.java:logGet(43)) - raft.server.storage.dir = [/workdir/hadoop-ozone/integration-test/target/test-dir/MiniOzoneClusterImpl-60a3af6c-3451-4a8a-82ad-625647a1d2f0/datanode-4/data/ratis] (custom)
2019-09-12 04:24:30,224 [pool-67-thread-1] INFO  storage.RaftStorageDirectory (RaftStorageDirectory.java:analyzeStorage(246)) - The storage directory /workdir/hadoop-ozone/integration-test/target/test-dir/MiniOzoneClusterImpl-60a3af6c-3451-4a8a-82ad-625647a1d2f0/datanode-4/data/ratis/c460370d-6091-4e4d-9312-5b52e8b6cc20 does not exist. Creating ...
2019-09-12 04:24:30,292 [pool-67-thread-1] INFO  storage.RaftStorageDirectory (RaftStorageDirectory.java:tryLock(328)) - Lock on /workdir/hadoop-ozone/integration-test/target/test-dir/MiniOzoneClusterImpl-60a3af6c-3451-4a8a-82ad-625647a1d2f0/datanode-4/data/ratis/c460370d-6091-4e4d-9312-5b52e8b6cc20/in_use.lock acquired by nodename 19026@pr-hdds-1879-pbs75-1821932185
2019-09-12 04:24:30,292 [pool-37-thread-1] INFO  storage.RaftStorageDirectory (RaftStorageDirectory.java:tryLock(328)) - Lock on /workdir/hadoop-ozone/integration-test/target/test-dir/MiniOzoneClusterImpl-60a3af6c-3451-4a8a-82ad-625647a1d2f0/datanode-1/data/ratis/c460370d-6091-4e4d-9312-5b52e8b6cc20/in_use.lock acquired by nodename 19026@pr-hdds-1879-pbs75-1821932185
2019-09-12 04:24:30,292 [pool-87-thread-1] INFO  storage.RaftStorageDirectory (RaftStorageDirectory.java:tryLock(328)) - Lock on /workdir/hadoop-ozone/integration-test/target/test-dir/MiniOzoneClusterImpl-60a3af6c-3451-4a8a-82ad-625647a1d2f0/datanode-6/data/ratis/c460370d-6091-4e4d-9312-5b52e8b6cc20/in_use.lock acquired by nodename 19026@pr-hdds-1879-pbs75-1821932185
2019-09-12 04:24:30,343 [pool-67-thread-1] INFO  storage.RaftStorage (RaftStorage.java:format(72)) - Storage directory /workdir/hadoop-ozone/integration-test/target/test-dir/MiniOzoneClusterImpl-60a3af6c-3451-4a8a-82ad-625647a1d2f0/datanode-4/data/ratis/c460370d-6091-4e4d-9312-5b52e8b6cc20 has been successfully formatted.
2019-09-12 04:24:30,343 [pool-37-thread-1] INFO  storage.RaftStorage (RaftStorage.java:format(72)) - Storage directory /workdir/hadoop-ozone/integration-test/target/test-dir/MiniOzoneClusterImpl-60a3af6c-3451-4a8a-82ad-625647a1d2f0/datanode-1/data/ratis/c460370d-6091-4e4d-9312-5b52e8b6cc20 has been successfully formatted.
2019-09-12 04:24:30,343 [pool-87-thread-1] INFO  storage.RaftStorage (RaftStorage.java:format(72)) - Storage directory /workdir/hadoop-ozone/integration-test/target/test-dir/MiniOzoneClusterImpl-60a3af6c-3451-4a8a-82ad-625647a1d2f0/datanode-6/data/ratis/c460370d-6091-4e4d-9312-5b52e8b6cc20 has been successfully formatted.
2019-09-12 04:24:30,343 [pool-37-thread-1] INFO  ratis.ContainerStateMachine (ContainerStateMachine.java:loadSnapshot(230)) - group-5B52E8B6CC20: The snapshot info is null. Setting the last applied indexto:(t:0, i:~)
2019-09-12 04:24:30,344 [pool-87-thread-1] INFO  ratis.ContainerStateMachine (ContainerStateMachine.java:loadSnapshot(230)) - group-5B52E8B6CC20: The snapshot info is null. Setting the last applied indexto:(t:0, i:~)
2019-09-12 04:24:30,344 [pool-37-thread-1] INFO  server.RaftServerConfigKeys (ConfUtils.java:logGet(43)) - raft.server.notification.no-leader.timeout = 120s (custom)
2019-09-12 04:24:30,344 [pool-87-thread-1] INFO  server.RaftServerConfigKeys (ConfUtils.java:logGet(43)) - raft.server.notification.no-leader.timeout = 120s (custom)
2019-09-12 04:24:30,344 [pool-67-thread-1] INFO  ratis.ContainerStateMachine (ContainerStateMachine.java:loadSnapshot(230)) - group-5B52E8B6CC20: The snapshot info is null. Setting the last applied indexto:(t:0, i:~)
2019-09-12 04:24:30,344 [pool-37-thread-1] INFO  server.RaftServerConfigKeys (ConfUtils.java:logGet(43)) - raft.server.log.use.memory = false (default)
2019-09-12 04:24:30,344 [pool-67-thread-1] INFO  server.RaftServerConfigKeys (ConfUtils.java:logGet(43)) - raft.server.notification.no-leader.timeout = 120s (custom)
2019-09-12 04:24:30,344 [pool-87-thread-1] INFO  server.RaftServerConfigKeys (ConfUtils.java:logGet(43)) - raft.server.log.use.memory = false (default)
2019-09-12 04:24:30,345 [pool-67-thread-1] INFO  server.RaftServerConfigKeys (ConfUtils.java:logGet(43)) - raft.server.log.use.memory = false (default)
2019-09-12 04:24:30,344 [pool-37-thread-1] INFO  server.RaftServerConfigKeys (ConfUtils.java:logGet(43)) - raft.server.log.purge.gap = 1000000 (custom)
2019-09-12 04:24:30,345 [pool-67-thread-1] INFO  server.RaftServerConfigKeys (ConfUtils.java:logGet(43)) - raft.server.log.purge.gap = 1000000 (custom)
2019-09-12 04:24:30,345 [pool-87-thread-1] INFO  server.RaftServerConfigKeys (ConfUtils.java:logGet(43)) - raft.server.log.purge.gap = 1000000 (custom)
2019-09-12 04:24:30,345 [pool-67-thread-1] INFO  server.RaftServerConfigKeys (ConfUtils.java:logGet(43)) - raft.server.log.appender.buffer.byte-limit = 33554432 (custom)
2019-09-12 04:24:30,345 [pool-37-thread-1] INFO  server.RaftServerConfigKeys (ConfUtils.java:logGet(43)) - raft.server.log.appender.buffer.byte-limit = 33554432 (custom)
2019-09-12 04:24:30,346 [pool-67-thread-1] INFO  server.RaftServerConfigKeys (ConfUtils.java:logGet(43)) - raft.server.log.segment.size.max = 1048576 (custom)
2019-09-12 04:24:30,345 [pool-87-thread-1] INFO  server.RaftServerConfigKeys (ConfUtils.java:logGet(43)) - raft.server.log.appender.buffer.byte-limit = 33554432 (custom)
2019-09-12 04:24:30,346 [pool-67-thread-1] INFO  server.RaftServerConfigKeys (ConfUtils.java:logGet(43)) - raft.server.log.segment.cache.num.max = 2 (custom)
2019-09-12 04:24:30,346 [pool-37-thread-1] INFO  server.RaftServerConfigKeys (ConfUtils.java:logGet(43)) - raft.server.log.segment.size.max = 1048576 (custom)
2019-09-12 04:24:30,346 [pool-67-thread-1] INFO  segmented.SegmentedRaftLogWorker (SegmentedRaftLogWorker.java:<init>(172)) - new 2d4da40c-dd43-4554-9707-f6503cf38c80@group-5B52E8B6CC20-SegmentedRaftLogWorker for RaftStorage:Storage Directory /workdir/hadoop-ozone/integration-test/target/test-dir/MiniOzoneClusterImpl-60a3af6c-3451-4a8a-82ad-625647a1d2f0/datanode-4/data/ratis/c460370d-6091-4e4d-9312-5b52e8b6cc20
2019-09-12 04:24:30,346 [pool-87-thread-1] INFO  server.RaftServerConfigKeys (ConfUtils.java:logGet(43)) - raft.server.log.segment.size.max = 1048576 (custom)
2019-09-12 04:24:30,347 [pool-67-thread-1] INFO  server.RaftServerConfigKeys (ConfUtils.java:logGet(43)) - raft.server.log.queue.byte-limit = 2147483647 (custom)
2019-09-12 04:24:30,346 [pool-37-thread-1] INFO  server.RaftServerConfigKeys (ConfUtils.java:logGet(43)) - raft.server.log.segment.cache.num.max = 2 (custom)
2019-09-12 04:24:30,347 [pool-67-thread-1] INFO  server.RaftServerConfigKeys (ConfUtils.java:logGet(43)) - raft.server.log.queue.element-limit = 1024 (custom)
2019-09-12 04:24:30,347 [pool-87-thread-1] INFO  server.RaftServerConfigKeys (ConfUtils.java:logGet(43)) - raft.server.log.segment.cache.num.max = 2 (custom)
2019-09-12 04:24:30,347 [pool-67-thread-1] INFO  server.RaftServerConfigKeys (ConfUtils.java:logGet(43)) - raft.server.log.segment.size.max = 1048576 (custom)
2019-09-12 04:24:30,347 [pool-37-thread-1] INFO  segmented.SegmentedRaftLogWorker (SegmentedRaftLogWorker.java:<init>(172)) - new f3263f9a-ef6c-4ff4-a6b2-5a62e946b753@group-5B52E8B6CC20-SegmentedRaftLogWorker for RaftStorage:Storage Directory /workdir/hadoop-ozone/integration-test/target/test-dir/MiniOzoneClusterImpl-60a3af6c-3451-4a8a-82ad-625647a1d2f0/datanode-1/data/ratis/c460370d-6091-4e4d-9312-5b52e8b6cc20
2019-09-12 04:24:30,348 [pool-67-thread-1] INFO  server.RaftServerConfigKeys (ConfUtils.java:logGet(43)) - raft.server.log.preallocated.size = 16384 (custom)
2019-09-12 04:24:30,347 [pool-87-thread-1] INFO  segmented.SegmentedRaftLogWorker (SegmentedRaftLogWorker.java:<init>(172)) - new a413c2ef-7abc-47d7-b263-b9548e673ba5@group-5B52E8B6CC20-SegmentedRaftLogWorker for RaftStorage:Storage Directory /workdir/hadoop-ozone/integration-test/target/test-dir/MiniOzoneClusterImpl-60a3af6c-3451-4a8a-82ad-625647a1d2f0/datanode-6/data/ratis/c460370d-6091-4e4d-9312-5b52e8b6cc20
2019-09-12 04:24:30,348 [pool-67-thread-1] INFO  server.RaftServerConfigKeys (ConfUtils.java:logGet(43)) - raft.server.log.write.buffer.size = 33554432 (custom)
2019-09-12 04:24:30,348 [pool-37-thread-1] INFO  server.RaftServerConfigKeys (ConfUtils.java:logGet(43)) - raft.server.log.queue.byte-limit = 2147483647 (custom)
2019-09-12 04:24:30,348 [pool-67-thread-1] INFO  server.RaftServerConfigKeys (ConfUtils.java:logGet(43)) - raft.server.log.force.sync.num = 128 (default)
2019-09-12 04:24:30,348 [pool-87-thread-1] INFO  server.RaftServerConfigKeys (ConfUtils.java:logGet(43)) - raft.server.log.queue.byte-limit = 2147483647 (custom)
2019-09-12 04:24:30,349 [pool-67-thread-1] INFO  server.RaftServerConfigKeys (ConfUtils.java:logGet(43)) - raft.server.log.statemachine.data.sync = true (default)
2019-09-12 04:24:30,348 [pool-37-thread-1] INFO  server.RaftServerConfigKeys (ConfUtils.java:logGet(43)) - raft.server.log.queue.element-limit = 1024 (custom)
2019-09-12 04:24:30,349 [pool-67-thread-1] INFO  server.RaftServerConfigKeys (ConfUtils.java:logGet(43)) - raft.server.log.statemachine.data.sync.timeout = 10s (default)
2019-09-12 04:24:30,349 [pool-87-thread-1] INFO  server.RaftServerConfigKeys (ConfUtils.java:logGet(43)) - raft.server.log.queue.element-limit = 1024 (custom)
2019-09-12 04:24:30,349 [pool-67-thread-1] INFO  server.RaftServerConfigKeys (ConfUtils.java:logGet(43)) - raft.server.log.statemachine.data.sync.timeout.retry = -1 (default)
2019-09-12 04:24:30,349 [pool-37-thread-1] INFO  server.RaftServerConfigKeys (ConfUtils.java:logGet(43)) - raft.server.log.segment.size.max = 1048576 (custom)
2019-09-12 04:24:30,350 [pool-67-thread-1] INFO  server.RaftServerConfigKeys (ConfUtils.java:logGet(43)) - raft.server.log.statemachine.data.caching.enabled = true (custom)
2019-09-12 04:24:30,349 [pool-87-thread-1] INFO  server.RaftServerConfigKeys (ConfUtils.java:logGet(43)) - raft.server.log.segment.size.max = 1048576 (custom)
2019-09-12 04:24:30,350 [pool-37-thread-1] INFO  server.RaftServerConfigKeys (ConfUtils.java:logGet(43)) - raft.server.log.preallocated.size = 16384 (custom)
2019-09-12 04:24:30,350 [pool-67-thread-1] INFO  segmented.SegmentedRaftLogWorker (SegmentedRaftLogWorker.java:lambda$new$0(132)) - 2d4da40c-dd43-4554-9707-f6503cf38c80@group-5B52E8B6CC20-SegmentedRaftLogWorker: flushIndex: setUnconditionally 0 -> -1
2019-09-12 04:24:30,350 [pool-87-thread-1] INFO  server.RaftServerConfigKeys (ConfUtils.java:logGet(43)) - raft.server.log.preallocated.size = 16384 (custom)
2019-09-12 04:24:30,350 [pool-37-thread-1] INFO  server.RaftServerConfigKeys (ConfUtils.java:logGet(43)) - raft.server.log.write.buffer.size = 33554432 (custom)
2019-09-12 04:24:30,351 [pool-67-thread-1] INFO  server.RaftServerConfigKeys (ConfUtils.java:logGet(43)) - raft.server.snapshot.auto.trigger.enabled = true (custom)
2019-09-12 04:24:30,351 [pool-87-thread-1] INFO  server.RaftServerConfigKeys (ConfUtils.java:logGet(43)) - raft.server.log.write.buffer.size = 33554432 (custom)
2019-09-12 04:24:30,351 [pool-67-thread-1] INFO  server.RaftServerConfigKeys (ConfUtils.java:logGet(43)) - raft.server.snapshot.auto.trigger.threshold = 10000 (custom)
2019-09-12 04:24:30,351 [pool-37-thread-1] INFO  server.RaftServerConfigKeys (ConfUtils.java:logGet(43)) - raft.server.log.force.sync.num = 128 (default)
2019-09-12 04:24:30,351 [pool-67-thread-1] INFO  server.RaftServerConfigKeys (ConfUtils.java:logGet(43)) - raft.server.snapshot.retention.num.files = -1 (default)
2019-09-12 04:24:30,351 [pool-87-thread-1] INFO  server.RaftServerConfigKeys (ConfUtils.java:logGet(43)) - raft.server.log.force.sync.num = 128 (default)
2019-09-12 04:24:30,352 [pool-67-thread-1] INFO  server.RaftServerConfigKeys (ConfUtils.java:logGet(43)) - raft.server.retrycache.expirytime = 600000ms (custom)
2019-09-12 04:24:30,351 [pool-37-thread-1] INFO  server.RaftServerConfigKeys (ConfUtils.java:logGet(43)) - raft.server.log.statemachine.data.sync = true (default)
2019-09-12 04:24:30,352 [pool-87-thread-1] INFO  server.RaftServerConfigKeys (ConfUtils.java:logGet(43)) - raft.server.log.statemachine.data.sync = true (default)
2019-09-12 04:24:30,352 [pool-37-thread-1] INFO  server.RaftServerConfigKeys (ConfUtils.java:logGet(43)) - raft.server.log.statemachine.data.sync.timeout = 10s (default)
2019-09-12 04:24:30,352 [pool-87-thread-1] INFO  server.RaftServerConfigKeys (ConfUtils.java:logGet(43)) - raft.server.log.statemachine.data.sync.timeout = 10s (default)
2019-09-12 04:24:30,352 [pool-37-thread-1] INFO  server.RaftServerConfigKeys (ConfUtils.java:logGet(43)) - raft.server.log.statemachine.data.sync.timeout.retry = -1 (default)
2019-09-12 04:24:30,353 [pool-87-thread-1] INFO  server.RaftServerConfigKeys (ConfUtils.java:logGet(43)) - raft.server.log.statemachine.data.sync.timeout.retry = -1 (default)
2019-09-12 04:24:30,353 [pool-37-thread-1] INFO  server.RaftServerConfigKeys (ConfUtils.java:logGet(43)) - raft.server.log.statemachine.data.caching.enabled = true (custom)
2019-09-12 04:24:30,353 [pool-87-thread-1] INFO  server.RaftServerConfigKeys (ConfUtils.java:logGet(43)) - raft.server.log.statemachine.data.caching.enabled = true (custom)
2019-09-12 04:24:30,353 [pool-37-thread-1] INFO  segmented.SegmentedRaftLogWorker (SegmentedRaftLogWorker.java:lambda$new$0(132)) - f3263f9a-ef6c-4ff4-a6b2-5a62e946b753@group-5B52E8B6CC20-SegmentedRaftLogWorker: flushIndex: setUnconditionally 0 -> -1
2019-09-12 04:24:30,353 [pool-87-thread-1] INFO  segmented.SegmentedRaftLogWorker (SegmentedRaftLogWorker.java:lambda$new$0(132)) - a413c2ef-7abc-47d7-b263-b9548e673ba5@group-5B52E8B6CC20-SegmentedRaftLogWorker: flushIndex: setUnconditionally 0 -> -1
2019-09-12 04:24:30,354 [pool-37-thread-1] INFO  server.RaftServerConfigKeys (ConfUtils.java:logGet(43)) - raft.server.snapshot.auto.trigger.enabled = true (custom)
2019-09-12 04:24:30,354 [pool-37-thread-1] INFO  server.RaftServerConfigKeys (ConfUtils.java:logGet(43)) - raft.server.snapshot.auto.trigger.threshold = 10000 (custom)
2019-09-12 04:24:30,354 [pool-87-thread-1] INFO  server.RaftServerConfigKeys (ConfUtils.java:logGet(43)) - raft.server.snapshot.auto.trigger.enabled = true (custom)
2019-09-12 04:24:30,354 [pool-37-thread-1] INFO  server.RaftServerConfigKeys (ConfUtils.java:logGet(43)) - raft.server.snapshot.retention.num.files = -1 (default)
2019-09-12 04:24:30,354 [pool-87-thread-1] INFO  server.RaftServerConfigKeys (ConfUtils.java:logGet(43)) - raft.server.snapshot.auto.trigger.threshold = 10000 (custom)
2019-09-12 04:24:30,354 [pool-37-thread-1] INFO  server.RaftServerConfigKeys (ConfUtils.java:logGet(43)) - raft.server.retrycache.expirytime = 600000ms (custom)
2019-09-12 04:24:30,354 [pool-87-thread-1] INFO  server.RaftServerConfigKeys (ConfUtils.java:logGet(43)) - raft.server.snapshot.retention.num.files = -1 (default)
2019-09-12 04:24:30,355 [pool-87-thread-1] INFO  server.RaftServerConfigKeys (ConfUtils.java:logGet(43)) - raft.server.retrycache.expirytime = 600000ms (custom)
2019-09-12 04:24:30,355 [pool-67-thread-1] INFO  impl.RaftServerImpl (RaftServerImpl.java:start(185)) - 2d4da40c-dd43-4554-9707-f6503cf38c80@group-5B52E8B6CC20: start as a follower, conf=-1: [2d4da40c-dd43-4554-9707-f6503cf38c80:192.168.34.8:45634, a413c2ef-7abc-47d7-b263-b9548e673ba5:192.168.34.8:39020, f3263f9a-ef6c-4ff4-a6b2-5a62e946b753:192.168.34.8:40334], old=null
2019-09-12 04:24:30,356 [pool-67-thread-1] INFO  impl.RaftServerImpl (RaftServerImpl.java:setRole(174)) - 2d4da40c-dd43-4554-9707-f6503cf38c80@group-5B52E8B6CC20: changes role from      null to FOLLOWER at term 0 for startAsFollower
2019-09-12 04:24:30,356 [pool-67-thread-1] INFO  impl.RoleInfo (RoleInfo.java:updateAndGet(143)) - 2d4da40c-dd43-4554-9707-f6503cf38c80: start FollowerState
2019-09-12 04:24:30,356 [pool-67-thread-1] INFO  util.JmxRegister (JmxRegister.java:tryRegister(44)) - Successfully registered JMX Bean with object name Ratis:service=RaftServer,group=group-5B52E8B6CC20,id=2d4da40c-dd43-4554-9707-f6503cf38c80
2019-09-12 04:24:30,358 [pool-37-thread-1] INFO  impl.RaftServerImpl (RaftServerImpl.java:start(185)) - f3263f9a-ef6c-4ff4-a6b2-5a62e946b753@group-5B52E8B6CC20: start as a follower, conf=-1: [2d4da40c-dd43-4554-9707-f6503cf38c80:192.168.34.8:45634, a413c2ef-7abc-47d7-b263-b9548e673ba5:192.168.34.8:39020, f3263f9a-ef6c-4ff4-a6b2-5a62e946b753:192.168.34.8:40334], old=null
2019-09-12 04:24:30,358 [pool-37-thread-1] INFO  impl.RaftServerImpl (RaftServerImpl.java:setRole(174)) - f3263f9a-ef6c-4ff4-a6b2-5a62e946b753@group-5B52E8B6CC20: changes role from      null to FOLLOWER at term 0 for startAsFollower
2019-09-12 04:24:30,358 [pool-37-thread-1] INFO  impl.RoleInfo (RoleInfo.java:updateAndGet(143)) - f3263f9a-ef6c-4ff4-a6b2-5a62e946b753: start FollowerState
2019-09-12 04:24:30,358 [pool-87-thread-1] INFO  impl.RaftServerImpl (RaftServerImpl.java:start(185)) - a413c2ef-7abc-47d7-b263-b9548e673ba5@group-5B52E8B6CC20: start as a follower, conf=-1: [2d4da40c-dd43-4554-9707-f6503cf38c80:192.168.34.8:45634, a413c2ef-7abc-47d7-b263-b9548e673ba5:192.168.34.8:39020, f3263f9a-ef6c-4ff4-a6b2-5a62e946b753:192.168.34.8:40334], old=null
2019-09-12 04:24:30,358 [pool-37-thread-1] INFO  util.JmxRegister (JmxRegister.java:tryRegister(44)) - Successfully registered JMX Bean with object name Ratis:service=RaftServer,group=group-5B52E8B6CC20,id=f3263f9a-ef6c-4ff4-a6b2-5a62e946b753
2019-09-12 04:24:30,358 [pool-87-thread-1] INFO  impl.RaftServerImpl (RaftServerImpl.java:setRole(174)) - a413c2ef-7abc-47d7-b263-b9548e673ba5@group-5B52E8B6CC20: changes role from      null to FOLLOWER at term 0 for startAsFollower
2019-09-12 04:24:30,359 [pool-87-thread-1] INFO  impl.RoleInfo (RoleInfo.java:updateAndGet(143)) - a413c2ef-7abc-47d7-b263-b9548e673ba5: start FollowerState
2019-09-12 04:24:30,359 [pool-87-thread-1] INFO  util.JmxRegister (JmxRegister.java:tryRegister(44)) - Successfully registered JMX Bean with object name Ratis:service=RaftServer,group=group-5B52E8B6CC20,id=a413c2ef-7abc-47d7-b263-b9548e673ba5
2019-09-12 04:24:30,361 [RatisPipelineUtilsThread] INFO  pipeline.PipelineStateManager (PipelineStateManager.java:addPipeline(56)) - Created pipeline Pipeline[ Id: c460370d-6091-4e4d-9312-5b52e8b6cc20, Nodes: f3263f9a-ef6c-4ff4-a6b2-5a62e946b753{ip: 192.168.34.8, host: pr-hdds-1879-pbs75-1821932185, networkLocation: /default-rack, certSerialId: null}2d4da40c-dd43-4554-9707-f6503cf38c80{ip: 192.168.34.8, host: pr-hdds-1879-pbs75-1821932185, networkLocation: /default-rack, certSerialId: null}a413c2ef-7abc-47d7-b263-b9548e673ba5{ip: 192.168.34.8, host: pr-hdds-1879-pbs75-1821932185, networkLocation: /default-rack, certSerialId: null}, Type:RATIS, Factor:THREE, State:OPEN]
2019-09-12 04:24:30,599 [grpc-default-executor-6] INFO  impl.RaftServerProxy (RaftServerProxy.java:remove(95)) - f3263f9a-ef6c-4ff4-a6b2-5a62e946b753: remove group-6D8373F8491B:null
2019-09-12 04:24:30,602 [RatisPipelineUtilsThread] WARN  pipeline.RatisPipelineUtils (RatisPipelineUtils.java:destroyPipeline(66)) - Pipeline destroy failed for pipeline=PipelineID=01d26c0f-af01-4266-92c2-6d8373f8491b dn=f3263f9a-ef6c-4ff4-a6b2-5a62e946b753{ip: 192.168.34.8, host: pr-hdds-1879-pbs75-1821932185, networkLocation: /default-rack, certSerialId: null}
2019-09-12 04:24:30,604 [grpc-default-executor-6] INFO  impl.RaftServerProxy (RaftServerProxy.java:remove(95)) - 2d4da40c-dd43-4554-9707-f6503cf38c80: remove group-6D8373F8491B:null
2019-09-12 04:24:30,606 [RatisPipelineUtilsThread] WARN  pipeline.RatisPipelineUtils (RatisPipelineUtils.java:destroyPipeline(66)) - Pipeline destroy failed for pipeline=PipelineID=01d26c0f-af01-4266-92c2-6d8373f8491b dn=2d4da40c-dd43-4554-9707-f6503cf38c80{ip: 192.168.34.8, host: pr-hdds-1879-pbs75-1821932185, networkLocation: /default-rack, certSerialId: null}
2019-09-12 04:24:30,608 [grpc-default-executor-6] INFO  impl.RaftServerProxy (RaftServerProxy.java:remove(95)) - a413c2ef-7abc-47d7-b263-b9548e673ba5: remove group-6D8373F8491B:null
2019-09-12 04:24:30,610 [RatisPipelineUtilsThread] WARN  pipeline.RatisPipelineUtils (RatisPipelineUtils.java:destroyPipeline(66)) - Pipeline destroy failed for pipeline=PipelineID=01d26c0f-af01-4266-92c2-6d8373f8491b dn=a413c2ef-7abc-47d7-b263-b9548e673ba5{ip: 192.168.34.8, host: pr-hdds-1879-pbs75-1821932185, networkLocation: /default-rack, certSerialId: null}
2019-09-12 04:24:30,610 [RatisPipelineUtilsThread] ERROR pipeline.SCMPipelineManager (Scheduler.java:lambda$schedule$1(70)) - Destroy pipeline failed for pipeline:Pipeline[ Id: 01d26c0f-af01-4266-92c2-6d8373f8491b, Nodes: f3263f9a-ef6c-4ff4-a6b2-5a62e946b753{ip: 192.168.34.8, host: pr-hdds-1879-pbs75-1821932185, networkLocation: /default-rack, certSerialId: null}2d4da40c-dd43-4554-9707-f6503cf38c80{ip: 192.168.34.8, host: pr-hdds-1879-pbs75-1821932185, networkLocation: /default-rack, certSerialId: null}a413c2ef-7abc-47d7-b263-b9548e673ba5{ip: 192.168.34.8, host: pr-hdds-1879-pbs75-1821932185, networkLocation: /default-rack, certSerialId: null}, Type:RATIS, Factor:THREE, State:CLOSED]
org.apache.hadoop.hdds.scm.pipeline.PipelineNotFoundException: PipelineID=01d26c0f-af01-4266-92c2-6d8373f8491b not found
	at org.apache.hadoop.hdds.scm.pipeline.PipelineStateMap.getPipeline(PipelineStateMap.java:132)
	at org.apache.hadoop.hdds.scm.pipeline.PipelineStateMap.removePipeline(PipelineStateMap.java:322)
	at org.apache.hadoop.hdds.scm.pipeline.PipelineStateManager.removePipeline(PipelineStateManager.java:107)
	at org.apache.hadoop.hdds.scm.pipeline.SCMPipelineManager.removePipeline(SCMPipelineManager.java:423)
	at org.apache.hadoop.hdds.scm.pipeline.SCMPipelineManager.destroyPipeline(SCMPipelineManager.java:409)
	at org.apache.hadoop.hdds.scm.pipeline.SCMPipelineManager.lambda$finalizeAndDestroyPipeline$0(SCMPipelineManager.java:318)
	at org.apache.hadoop.utils.Scheduler.lambda$schedule$1(Scheduler.java:68)
	at java.util.concurrent.Executors$RunnableAdapter.call(Executors.java:511)
	at java.util.concurrent.FutureTask.run(FutureTask.java:266)
	at java.util.concurrent.ScheduledThreadPoolExecutor$ScheduledFutureTask.access$201(ScheduledThreadPoolExecutor.java:180)
	at java.util.concurrent.ScheduledThreadPoolExecutor$ScheduledFutureTask.run(ScheduledThreadPoolExecutor.java:293)
	at java.util.concurrent.ThreadPoolExecutor.runWorker(ThreadPoolExecutor.java:1149)
	at java.util.concurrent.ThreadPoolExecutor$Worker.run(ThreadPoolExecutor.java:624)
	at java.lang.Thread.run(Thread.java:748)
2019-09-12 04:24:32,398 [grpc-default-executor-16] INFO  client.GrpcClientProtocolClient (GrpcClientProtocolClient.java:onNext(264)) - client-C7E4314964D6->8466bef0-9559-4d2e-b20d-aaf3fd2b14fd: receive RaftClientReply:client-C7E4314964D6->8466bef0-9559-4d2e-b20d-aaf3fd2b14fd@group-6371820A5F4C, cid=391, SUCCESS, logIndex=0, commits[8466bef0-9559-4d2e-b20d-aaf3fd2b14fd:c29, 897fdfd8-a3cb-4c9b-9ef8-a626c4e76414:c29, 90957f92-0013-496b-a419-9c1212c810e8:c29]
2019-09-12 04:24:32,599 [grpc-default-executor-11] INFO  impl.RaftServerProxy (RaftServerProxy.java:remove(95)) - f3263f9a-ef6c-4ff4-a6b2-5a62e946b753: remove group-6D8373F8491B:null
2019-09-12 04:24:32,602 [RatisPipelineUtilsThread] WARN  pipeline.RatisPipelineUtils (RatisPipelineUtils.java:destroyPipeline(66)) - Pipeline destroy failed for pipeline=PipelineID=01d26c0f-af01-4266-92c2-6d8373f8491b dn=f3263f9a-ef6c-4ff4-a6b2-5a62e946b753{ip: 192.168.34.8, host: pr-hdds-1879-pbs75-1821932185, networkLocation: /default-rack, certSerialId: null}
2019-09-12 04:24:32,604 [grpc-default-executor-11] INFO  impl.RaftServerProxy (RaftServerProxy.java:remove(95)) - 2d4da40c-dd43-4554-9707-f6503cf38c80: remove group-6D8373F8491B:null
2019-09-12 04:24:32,606 [RatisPipelineUtilsThread] WARN  pipeline.RatisPipelineUtils (RatisPipelineUtils.java:destroyPipeline(66)) - Pipeline destroy failed for pipeline=PipelineID=01d26c0f-af01-4266-92c2-6d8373f8491b dn=2d4da40c-dd43-4554-9707-f6503cf38c80{ip: 192.168.34.8, host: pr-hdds-1879-pbs75-1821932185, networkLocation: /default-rack, certSerialId: null}
2019-09-12 04:24:32,607 [grpc-default-executor-11] INFO  impl.RaftServerProxy (RaftServerProxy.java:remove(95)) - a413c2ef-7abc-47d7-b263-b9548e673ba5: remove group-6D8373F8491B:null
2019-09-12 04:24:32,609 [RatisPipelineUtilsThread] WARN  pipeline.RatisPipelineUtils (RatisPipelineUtils.java:destroyPipeline(66)) - Pipeline destroy failed for pipeline=PipelineID=01d26c0f-af01-4266-92c2-6d8373f8491b dn=a413c2ef-7abc-47d7-b263-b9548e673ba5{ip: 192.168.34.8, host: pr-hdds-1879-pbs75-1821932185, networkLocation: /default-rack, certSerialId: null}
2019-09-12 04:24:32,610 [RatisPipelineUtilsThread] ERROR pipeline.SCMPipelineManager (Scheduler.java:lambda$schedule$1(70)) - Destroy pipeline failed for pipeline:Pipeline[ Id: 01d26c0f-af01-4266-92c2-6d8373f8491b, Nodes: f3263f9a-ef6c-4ff4-a6b2-5a62e946b753{ip: 192.168.34.8, host: pr-hdds-1879-pbs75-1821932185, networkLocation: /default-rack, certSerialId: null}2d4da40c-dd43-4554-9707-f6503cf38c80{ip: 192.168.34.8, host: pr-hdds-1879-pbs75-1821932185, networkLocation: /default-rack, certSerialId: null}a413c2ef-7abc-47d7-b263-b9548e673ba5{ip: 192.168.34.8, host: pr-hdds-1879-pbs75-1821932185, networkLocation: /default-rack, certSerialId: null}, Type:RATIS, Factor:THREE, State:CLOSED]
org.apache.hadoop.hdds.scm.pipeline.PipelineNotFoundException: PipelineID=01d26c0f-af01-4266-92c2-6d8373f8491b not found
	at org.apache.hadoop.hdds.scm.pipeline.PipelineStateMap.getPipeline(PipelineStateMap.java:132)
	at org.apache.hadoop.hdds.scm.pipeline.PipelineStateMap.removePipeline(PipelineStateMap.java:322)
	at org.apache.hadoop.hdds.scm.pipeline.PipelineStateManager.removePipeline(PipelineStateManager.java:107)
	at org.apache.hadoop.hdds.scm.pipeline.SCMPipelineManager.removePipeline(SCMPipelineManager.java:423)
	at org.apache.hadoop.hdds.scm.pipeline.SCMPipelineManager.destroyPipeline(SCMPipelineManager.java:409)
	at org.apache.hadoop.hdds.scm.pipeline.SCMPipelineManager.lambda$finalizeAndDestroyPipeline$0(SCMPipelineManager.java:318)
	at org.apache.hadoop.utils.Scheduler.lambda$schedule$1(Scheduler.java:68)
	at java.util.concurrent.Executors$RunnableAdapter.call(Executors.java:511)
	at java.util.concurrent.FutureTask.run(FutureTask.java:266)
	at java.util.concurrent.ScheduledThreadPoolExecutor$ScheduledFutureTask.access$201(ScheduledThreadPoolExecutor.java:180)
	at java.util.concurrent.ScheduledThreadPoolExecutor$ScheduledFutureTask.run(ScheduledThreadPoolExecutor.java:293)
	at java.util.concurrent.ThreadPoolExecutor.runWorker(ThreadPoolExecutor.java:1149)
	at java.util.concurrent.ThreadPoolExecutor$Worker.run(ThreadPoolExecutor.java:624)
	at java.lang.Thread.run(Thread.java:748)
2019-09-12 04:24:33,324 [grpc-default-executor-14] INFO  client.GrpcClientProtocolClient (GrpcClientProtocolClient.java:onNext(264)) - client-C7E4314964D6->8466bef0-9559-4d2e-b20d-aaf3fd2b14fd: receive RaftClientReply:client-C7E4314964D6->8466bef0-9559-4d2e-b20d-aaf3fd2b14fd@group-6371820A5F4C, cid=398, SUCCESS, logIndex=30, commits[8466bef0-9559-4d2e-b20d-aaf3fd2b14fd:c33, 897fdfd8-a3cb-4c9b-9ef8-a626c4e76414:c29, 90957f92-0013-496b-a419-9c1212c810e8:c29]
2019-09-12 04:24:33,554 [grpc-default-executor-14] INFO  client.GrpcClientProtocolClient (GrpcClientProtocolClient.java:onNext(264)) - client-C7E4314964D6->8466bef0-9559-4d2e-b20d-aaf3fd2b14fd: receive RaftClientReply:client-C7E4314964D6->8466bef0-9559-4d2e-b20d-aaf3fd2b14fd@group-6371820A5F4C, cid=399, SUCCESS, logIndex=31, commits[8466bef0-9559-4d2e-b20d-aaf3fd2b14fd:c36, 897fdfd8-a3cb-4c9b-9ef8-a626c4e76414:c29, 90957f92-0013-496b-a419-9c1212c810e8:c33]
2019-09-12 04:24:33,555 [grpc-default-executor-14] INFO  client.GrpcClientProtocolClient (GrpcClientProtocolClient.java:onNext(264)) - client-C7E4314964D6->8466bef0-9559-4d2e-b20d-aaf3fd2b14fd: receive RaftClientReply:client-C7E4314964D6->8466bef0-9559-4d2e-b20d-aaf3fd2b14fd@group-6371820A5F4C, cid=400, SUCCESS, logIndex=32, commits[8466bef0-9559-4d2e-b20d-aaf3fd2b14fd:c36, 897fdfd8-a3cb-4c9b-9ef8-a626c4e76414:c29, 90957f92-0013-496b-a419-9c1212c810e8:c33]
2019-09-12 04:24:33,803 [grpc-default-executor-14] INFO  client.GrpcClientProtocolClient (GrpcClientProtocolClient.java:onNext(264)) - client-C7E4314964D6->8466bef0-9559-4d2e-b20d-aaf3fd2b14fd: receive RaftClientReply:client-C7E4314964D6->8466bef0-9559-4d2e-b20d-aaf3fd2b14fd@group-6371820A5F4C, cid=401, SUCCESS, logIndex=33, commits[8466bef0-9559-4d2e-b20d-aaf3fd2b14fd:c36, 897fdfd8-a3cb-4c9b-9ef8-a626c4e76414:c29, 90957f92-0013-496b-a419-9c1212c810e8:c33]
2019-09-12 04:24:35,373 [Thread-3008] INFO  impl.FollowerState (FollowerState.java:run(106)) - 2d4da40c-dd43-4554-9707-f6503cf38c80:group-5B52E8B6CC20 changes to CANDIDATE, lastRpcTime:5016, electionTimeout:5016ms
2019-09-12 04:24:35,374 [Thread-3008] INFO  impl.RoleInfo (RoleInfo.java:shutdownFollowerState(121)) - 2d4da40c-dd43-4554-9707-f6503cf38c80: shutdown FollowerState
2019-09-12 04:24:35,374 [Thread-3008] INFO  impl.RaftServerImpl (RaftServerImpl.java:setRole(174)) - 2d4da40c-dd43-4554-9707-f6503cf38c80@group-5B52E8B6CC20: changes role from  FOLLOWER to CANDIDATE at term 0 for changeToCandidate
2019-09-12 04:24:35,375 [Thread-3008] INFO  impl.RoleInfo (RoleInfo.java:updateAndGet(143)) - 2d4da40c-dd43-4554-9707-f6503cf38c80: start LeaderElection
2019-09-12 04:24:35,436 [Thread-3011] INFO  impl.FollowerState (FollowerState.java:run(106)) - a413c2ef-7abc-47d7-b263-b9548e673ba5:group-5B52E8B6CC20 changes to CANDIDATE, lastRpcTime:5077, electionTimeout:5077ms
2019-09-12 04:24:35,437 [Thread-3011] INFO  impl.RoleInfo (RoleInfo.java:shutdownFollowerState(121)) - a413c2ef-7abc-47d7-b263-b9548e673ba5: shutdown FollowerState
2019-09-12 04:24:35,437 [Thread-3011] INFO  impl.RaftServerImpl (RaftServerImpl.java:setRole(174)) - a413c2ef-7abc-47d7-b263-b9548e673ba5@group-5B52E8B6CC20: changes role from  FOLLOWER to CANDIDATE at term 0 for changeToCandidate
2019-09-12 04:24:35,437 [Thread-3011] INFO  impl.RoleInfo (RoleInfo.java:updateAndGet(143)) - a413c2ef-7abc-47d7-b263-b9548e673ba5: start LeaderElection
2019-09-12 04:24:35,459 [java.util.concurrent.ThreadPoolExecutor$Worker@545d3615[State = -1, empty queue]] WARN  server.GrpcLogAppender (GrpcLogAppender.java:timeoutAppendRequest(200)) - 8466bef0-9559-4d2e-b20d-aaf3fd2b14fd@group-6371820A5F4C->897fdfd8-a3cb-4c9b-9ef8-a626c4e76414-GrpcLogAppender: appendEntries Timeout, request=8466bef0-9559-4d2e-b20d-aaf3fd2b14fd->897fdfd8-a3cb-4c9b-9ef8-a626c4e76414#202-t1, previous=(t:1, i:29), leaderCommit=29, initializing? false, entries: size=1, first=(t:1, i:30), STATEMACHINELOGENTRY, client-C7E4314964D6, cid=398
2019-09-12 04:24:35,459 [java.util.concurrent.ThreadPoolExecutor$Worker@545d3615[State = -1, empty queue]] WARN  server.GrpcLogAppender (GrpcLogAppender.java:timeoutAppendRequest(200)) - 8466bef0-9559-4d2e-b20d-aaf3fd2b14fd@group-6371820A5F4C->897fdfd8-a3cb-4c9b-9ef8-a626c4e76414-GrpcLogAppender: appendEntries Timeout, request=8466bef0-9559-4d2e-b20d-aaf3fd2b14fd->897fdfd8-a3cb-4c9b-9ef8-a626c4e76414#203-t1, previous=(t:1, i:30), leaderCommit=29, initializing? false, entries: size=1, first=(t:1, i:31), STATEMACHINELOGENTRY, client-C7E4314964D6, cid=399
2019-09-12 04:24:35,459 [java.util.concurrent.ThreadPoolExecutor$Worker@545d3615[State = -1, empty queue]] WARN  server.GrpcLogAppender (GrpcLogAppender.java:timeoutAppendRequest(200)) - 8466bef0-9559-4d2e-b20d-aaf3fd2b14fd@group-6371820A5F4C->897fdfd8-a3cb-4c9b-9ef8-a626c4e76414-GrpcLogAppender: appendEntries Timeout, request=8466bef0-9559-4d2e-b20d-aaf3fd2b14fd->897fdfd8-a3cb-4c9b-9ef8-a626c4e76414#204-t1, previous=(t:1, i:31), leaderCommit=29, initializing? false, entries: size=1, first=(t:1, i:32), STATEMACHINELOGENTRY, client-C7E4314964D6, cid=400
2019-09-12 04:24:35,460 [java.util.concurrent.ThreadPoolExecutor$Worker@545d3615[State = -1, empty queue]] WARN  server.GrpcLogAppender (GrpcLogAppender.java:timeoutAppendRequest(200)) - 8466bef0-9559-4d2e-b20d-aaf3fd2b14fd@group-6371820A5F4C->897fdfd8-a3cb-4c9b-9ef8-a626c4e76414-GrpcLogAppender: appendEntries Timeout, request=8466bef0-9559-4d2e-b20d-aaf3fd2b14fd->897fdfd8-a3cb-4c9b-9ef8-a626c4e76414#205-t1, previous=(t:1, i:32), leaderCommit=29, initializing? false, entries: size=1, first=(t:1, i:33), STATEMACHINELOGENTRY, client-C7E4314964D6, cid=401
2019-09-12 04:24:35,463 [Thread-3010] INFO  impl.FollowerState (FollowerState.java:run(106)) - f3263f9a-ef6c-4ff4-a6b2-5a62e946b753:group-5B52E8B6CC20 changes to CANDIDATE, lastRpcTime:5105, electionTimeout:5105ms
2019-09-12 04:24:35,464 [Thread-3010] INFO  impl.RoleInfo (RoleInfo.java:shutdownFollowerState(121)) - f3263f9a-ef6c-4ff4-a6b2-5a62e946b753: shutdown FollowerState
2019-09-12 04:24:35,464 [Thread-3010] INFO  impl.RaftServerImpl (RaftServerImpl.java:setRole(174)) - f3263f9a-ef6c-4ff4-a6b2-5a62e946b753@group-5B52E8B6CC20: changes role from  FOLLOWER to CANDIDATE at term 0 for changeToCandidate
2019-09-12 04:24:35,464 [Thread-3010] INFO  impl.RoleInfo (RoleInfo.java:updateAndGet(143)) - f3263f9a-ef6c-4ff4-a6b2-5a62e946b753: start LeaderElection
2019-09-12 04:24:35,500 [2d4da40c-dd43-4554-9707-f6503cf38c80@group-5B52E8B6CC20:LeaderElection25] INFO  impl.LeaderElection (LeaderElection.java:askForVotes(182)) - 2d4da40c-dd43-4554-9707-f6503cf38c80@group-5B52E8B6CC20:LeaderElection25: begin an election at term 1 for -1: [2d4da40c-dd43-4554-9707-f6503cf38c80:192.168.34.8:45634, a413c2ef-7abc-47d7-b263-b9548e673ba5:192.168.34.8:39020, f3263f9a-ef6c-4ff4-a6b2-5a62e946b753:192.168.34.8:40334], old=null
2019-09-12 04:24:35,522 [f3263f9a-ef6c-4ff4-a6b2-5a62e946b753@group-5B52E8B6CC20:LeaderElection27] INFO  impl.LeaderElection (LeaderElection.java:askForVotes(182)) - f3263f9a-ef6c-4ff4-a6b2-5a62e946b753@group-5B52E8B6CC20:LeaderElection27: begin an election at term 1 for -1: [2d4da40c-dd43-4554-9707-f6503cf38c80:192.168.34.8:45634, a413c2ef-7abc-47d7-b263-b9548e673ba5:192.168.34.8:39020, f3263f9a-ef6c-4ff4-a6b2-5a62e946b753:192.168.34.8:40334], old=null
2019-09-12 04:24:35,522 [a413c2ef-7abc-47d7-b263-b9548e673ba5@group-5B52E8B6CC20:LeaderElection26] INFO  impl.LeaderElection (LeaderElection.java:askForVotes(182)) - a413c2ef-7abc-47d7-b263-b9548e673ba5@group-5B52E8B6CC20:LeaderElection26: begin an election at term 1 for -1: [2d4da40c-dd43-4554-9707-f6503cf38c80:192.168.34.8:45634, a413c2ef-7abc-47d7-b263-b9548e673ba5:192.168.34.8:39020, f3263f9a-ef6c-4ff4-a6b2-5a62e946b753:192.168.34.8:40334], old=null
2019-09-12 04:24:35,523 [2d4da40c-dd43-4554-9707-f6503cf38c80@group-5B52E8B6CC20:LeaderElection25] INFO  impl.LeaderElection (LeaderElection.java:logAndReturn(56)) - 2d4da40c-dd43-4554-9707-f6503cf38c80@group-5B52E8B6CC20:LeaderElection25: Election REJECTED; received 2 response(s) [2d4da40c-dd43-4554-9707-f6503cf38c80<-a413c2ef-7abc-47d7-b263-b9548e673ba5#0:FAIL-t1, 2d4da40c-dd43-4554-9707-f6503cf38c80<-f3263f9a-ef6c-4ff4-a6b2-5a62e946b753#0:FAIL-t1] and 0 exception(s); 2d4da40c-dd43-4554-9707-f6503cf38c80@group-5B52E8B6CC20:t1, leader=null, voted=2d4da40c-dd43-4554-9707-f6503cf38c80, raftlog=2d4da40c-dd43-4554-9707-f6503cf38c80@group-5B52E8B6CC20-SegmentedRaftLog:OPENED:c-1,f-1,i0, conf=-1: [2d4da40c-dd43-4554-9707-f6503cf38c80:192.168.34.8:45634, a413c2ef-7abc-47d7-b263-b9548e673ba5:192.168.34.8:39020, f3263f9a-ef6c-4ff4-a6b2-5a62e946b753:192.168.34.8:40334], old=null
2019-09-12 04:24:35,523 [2d4da40c-dd43-4554-9707-f6503cf38c80@group-5B52E8B6CC20:LeaderElection25] INFO  impl.RaftServerImpl (RaftServerImpl.java:setRole(174)) - 2d4da40c-dd43-4554-9707-f6503cf38c80@group-5B52E8B6CC20: changes role from CANDIDATE to FOLLOWER at term 1 for DISCOVERED_A_NEW_TERM
2019-09-12 04:24:35,524 [2d4da40c-dd43-4554-9707-f6503cf38c80@group-5B52E8B6CC20:LeaderElection25] INFO  impl.RoleInfo (RoleInfo.java:shutdownLeaderElection(134)) - 2d4da40c-dd43-4554-9707-f6503cf38c80: shutdown LeaderElection
2019-09-12 04:24:35,524 [2d4da40c-dd43-4554-9707-f6503cf38c80@group-5B52E8B6CC20:LeaderElection25] INFO  impl.RoleInfo (RoleInfo.java:updateAndGet(143)) - 2d4da40c-dd43-4554-9707-f6503cf38c80: start FollowerState
2019-09-12 04:24:35,525 [a413c2ef-7abc-47d7-b263-b9548e673ba5@group-5B52E8B6CC20:LeaderElection26] INFO  impl.LeaderElection (LeaderElection.java:logAndReturn(56)) - a413c2ef-7abc-47d7-b263-b9548e673ba5@group-5B52E8B6CC20:LeaderElection26: Election REJECTED; received 2 response(s) [a413c2ef-7abc-47d7-b263-b9548e673ba5<-2d4da40c-dd43-4554-9707-f6503cf38c80#0:FAIL-t1, a413c2ef-7abc-47d7-b263-b9548e673ba5<-f3263f9a-ef6c-4ff4-a6b2-5a62e946b753#0:FAIL-t1] and 0 exception(s); a413c2ef-7abc-47d7-b263-b9548e673ba5@group-5B52E8B6CC20:t1, leader=null, voted=a413c2ef-7abc-47d7-b263-b9548e673ba5, raftlog=a413c2ef-7abc-47d7-b263-b9548e673ba5@group-5B52E8B6CC20-SegmentedRaftLog:OPENED:c-1,f-1,i0, conf=-1: [2d4da40c-dd43-4554-9707-f6503cf38c80:192.168.34.8:45634, a413c2ef-7abc-47d7-b263-b9548e673ba5:192.168.34.8:39020, f3263f9a-ef6c-4ff4-a6b2-5a62e946b753:192.168.34.8:40334], old=null
2019-09-12 04:24:35,525 [a413c2ef-7abc-47d7-b263-b9548e673ba5@group-5B52E8B6CC20:LeaderElection26] INFO  impl.RaftServerImpl (RaftServerImpl.java:setRole(174)) - a413c2ef-7abc-47d7-b263-b9548e673ba5@group-5B52E8B6CC20: changes role from CANDIDATE to FOLLOWER at term 1 for DISCOVERED_A_NEW_TERM
2019-09-12 04:24:35,525 [a413c2ef-7abc-47d7-b263-b9548e673ba5@group-5B52E8B6CC20:LeaderElection26] INFO  impl.RoleInfo (RoleInfo.java:shutdownLeaderElection(134)) - a413c2ef-7abc-47d7-b263-b9548e673ba5: shutdown LeaderElection
2019-09-12 04:24:35,525 [a413c2ef-7abc-47d7-b263-b9548e673ba5@group-5B52E8B6CC20:LeaderElection26] INFO  impl.RoleInfo (RoleInfo.java:updateAndGet(143)) - a413c2ef-7abc-47d7-b263-b9548e673ba5: start FollowerState
2019-09-12 04:24:35,526 [f3263f9a-ef6c-4ff4-a6b2-5a62e946b753@group-5B52E8B6CC20:LeaderElection27] INFO  impl.LeaderElection (LeaderElection.java:logAndReturn(56)) - f3263f9a-ef6c-4ff4-a6b2-5a62e946b753@group-5B52E8B6CC20:LeaderElection27: Election REJECTED; received 2 response(s) [f3263f9a-ef6c-4ff4-a6b2-5a62e946b753<-2d4da40c-dd43-4554-9707-f6503cf38c80#0:FAIL-t1, f3263f9a-ef6c-4ff4-a6b2-5a62e946b753<-a413c2ef-7abc-47d7-b263-b9548e673ba5#0:FAIL-t1] and 0 exception(s); f3263f9a-ef6c-4ff4-a6b2-5a62e946b753@group-5B52E8B6CC20:t1, leader=null, voted=f3263f9a-ef6c-4ff4-a6b2-5a62e946b753, raftlog=f3263f9a-ef6c-4ff4-a6b2-5a62e946b753@group-5B52E8B6CC20-SegmentedRaftLog:OPENED:c-1,f-1,i0, conf=-1: [2d4da40c-dd43-4554-9707-f6503cf38c80:192.168.34.8:45634, a413c2ef-7abc-47d7-b263-b9548e673ba5:192.168.34.8:39020, f3263f9a-ef6c-4ff4-a6b2-5a62e946b753:192.168.34.8:40334], old=null
2019-09-12 04:24:35,526 [f3263f9a-ef6c-4ff4-a6b2-5a62e946b753@group-5B52E8B6CC20:LeaderElection27] INFO  impl.RaftServerImpl (RaftServerImpl.java:setRole(174)) - f3263f9a-ef6c-4ff4-a6b2-5a62e946b753@group-5B52E8B6CC20: changes role from CANDIDATE to FOLLOWER at term 1 for DISCOVERED_A_NEW_TERM
2019-09-12 04:24:35,526 [f3263f9a-ef6c-4ff4-a6b2-5a62e946b753@group-5B52E8B6CC20:LeaderElection27] INFO  impl.RoleInfo (RoleInfo.java:shutdownLeaderElection(134)) - f3263f9a-ef6c-4ff4-a6b2-5a62e946b753: shutdown LeaderElection
2019-09-12 04:24:35,526 [f3263f9a-ef6c-4ff4-a6b2-5a62e946b753@group-5B52E8B6CC20:LeaderElection27] INFO  impl.RoleInfo (RoleInfo.java:updateAndGet(143)) - f3263f9a-ef6c-4ff4-a6b2-5a62e946b753: start FollowerState
2019-09-12 04:24:35,600 [grpc-default-executor-11] INFO  impl.RaftServerProxy (RaftServerProxy.java:remove(95)) - f3263f9a-ef6c-4ff4-a6b2-5a62e946b753: remove group-6D8373F8491B:null
2019-09-12 04:24:35,604 [RatisPipelineUtilsThread] WARN  pipeline.RatisPipelineUtils (RatisPipelineUtils.java:destroyPipeline(66)) - Pipeline destroy failed for pipeline=PipelineID=01d26c0f-af01-4266-92c2-6d8373f8491b dn=f3263f9a-ef6c-4ff4-a6b2-5a62e946b753{ip: 192.168.34.8, host: pr-hdds-1879-pbs75-1821932185, networkLocation: /default-rack, certSerialId: null}
2019-09-12 04:24:35,606 [grpc-default-executor-11] INFO  impl.RaftServerProxy (RaftServerProxy.java:remove(95)) - 2d4da40c-dd43-4554-9707-f6503cf38c80: remove group-6D8373F8491B:null
2019-09-12 04:24:35,608 [RatisPipelineUtilsThread] WARN  pipeline.RatisPipelineUtils (RatisPipelineUtils.java:destroyPipeline(66)) - Pipeline destroy failed for pipeline=PipelineID=01d26c0f-af01-4266-92c2-6d8373f8491b dn=2d4da40c-dd43-4554-9707-f6503cf38c80{ip: 192.168.34.8, host: pr-hdds-1879-pbs75-1821932185, networkLocation: /default-rack, certSerialId: null}
2019-09-12 04:24:35,610 [grpc-default-executor-11] INFO  impl.RaftServerProxy (RaftServerProxy.java:remove(95)) - a413c2ef-7abc-47d7-b263-b9548e673ba5: remove group-6D8373F8491B:null
2019-09-12 04:24:35,612 [RatisPipelineUtilsThread] WARN  pipeline.RatisPipelineUtils (RatisPipelineUtils.java:destroyPipeline(66)) - Pipeline destroy failed for pipeline=PipelineID=01d26c0f-af01-4266-92c2-6d8373f8491b dn=a413c2ef-7abc-47d7-b263-b9548e673ba5{ip: 192.168.34.8, host: pr-hdds-1879-pbs75-1821932185, networkLocation: /default-rack, certSerialId: null}
2019-09-12 04:24:35,613 [RatisPipelineUtilsThread] ERROR pipeline.SCMPipelineManager (Scheduler.java:lambda$schedule$1(70)) - Destroy pipeline failed for pipeline:Pipeline[ Id: 01d26c0f-af01-4266-92c2-6d8373f8491b, Nodes: f3263f9a-ef6c-4ff4-a6b2-5a62e946b753{ip: 192.168.34.8, host: pr-hdds-1879-pbs75-1821932185, networkLocation: /default-rack, certSerialId: null}2d4da40c-dd43-4554-9707-f6503cf38c80{ip: 192.168.34.8, host: pr-hdds-1879-pbs75-1821932185, networkLocation: /default-rack, certSerialId: null}a413c2ef-7abc-47d7-b263-b9548e673ba5{ip: 192.168.34.8, host: pr-hdds-1879-pbs75-1821932185, networkLocation: /default-rack, certSerialId: null}, Type:RATIS, Factor:THREE, State:CLOSED]
org.apache.hadoop.hdds.scm.pipeline.PipelineNotFoundException: PipelineID=01d26c0f-af01-4266-92c2-6d8373f8491b not found
	at org.apache.hadoop.hdds.scm.pipeline.PipelineStateMap.getPipeline(PipelineStateMap.java:132)
	at org.apache.hadoop.hdds.scm.pipeline.PipelineStateMap.removePipeline(PipelineStateMap.java:322)
	at org.apache.hadoop.hdds.scm.pipeline.PipelineStateManager.removePipeline(PipelineStateManager.java:107)
	at org.apache.hadoop.hdds.scm.pipeline.SCMPipelineManager.removePipeline(SCMPipelineManager.java:423)
	at org.apache.hadoop.hdds.scm.pipeline.SCMPipelineManager.destroyPipeline(SCMPipelineManager.java:409)
	at org.apache.hadoop.hdds.scm.pipeline.SCMPipelineManager.lambda$finalizeAndDestroyPipeline$0(SCMPipelineManager.java:318)
	at org.apache.hadoop.utils.Scheduler.lambda$schedule$1(Scheduler.java:68)
	at java.util.concurrent.Executors$RunnableAdapter.call(Executors.java:511)
	at java.util.concurrent.FutureTask.run(FutureTask.java:266)
	at java.util.concurrent.ScheduledThreadPoolExecutor$ScheduledFutureTask.access$201(ScheduledThreadPoolExecutor.java:180)
	at java.util.concurrent.ScheduledThreadPoolExecutor$ScheduledFutureTask.run(ScheduledThreadPoolExecutor.java:293)
	at java.util.concurrent.ThreadPoolExecutor.runWorker(ThreadPoolExecutor.java:1149)
	at java.util.concurrent.ThreadPoolExecutor$Worker.run(ThreadPoolExecutor.java:624)
	at java.lang.Thread.run(Thread.java:748)
2019-09-12 04:24:36,322 [java.util.concurrent.ThreadPoolExecutor$Worker@545d3615[State = -1, empty queue]] WARN  server.GrpcLogAppender (GrpcLogAppender.java:timeoutAppendRequest(200)) - 8466bef0-9559-4d2e-b20d-aaf3fd2b14fd@group-6371820A5F4C->897fdfd8-a3cb-4c9b-9ef8-a626c4e76414-GrpcLogAppender: appendEntries Timeout, request=8466bef0-9559-4d2e-b20d-aaf3fd2b14fd->897fdfd8-a3cb-4c9b-9ef8-a626c4e76414#206-t1, previous=(t:1, i:33), leaderCommit=30, initializing? false, entries: size=1, first=(t:1, i:34), METADATAENTRY(c30)
2019-09-12 04:24:36,323 [java.util.concurrent.ThreadPoolExecutor$Worker@545d3615[State = -1, empty queue]] WARN  server.GrpcLogAppender (GrpcLogAppender.java:timeoutAppendRequest(200)) - 8466bef0-9559-4d2e-b20d-aaf3fd2b14fd@group-6371820A5F4C->897fdfd8-a3cb-4c9b-9ef8-a626c4e76414-GrpcLogAppender: appendEntries Timeout, request=8466bef0-9559-4d2e-b20d-aaf3fd2b14fd->897fdfd8-a3cb-4c9b-9ef8-a626c4e76414#207-t1, previous=(t:1, i:34), leaderCommit=32, initializing? false, entries: size=1, first=(t:1, i:35), METADATAENTRY(c32)
2019-09-12 04:24:36,323 [java.util.concurrent.ThreadPoolExecutor$Worker@545d3615[State = -1, empty queue]] WARN  server.GrpcLogAppender (GrpcLogAppender.java:timeoutAppendRequest(200)) - 8466bef0-9559-4d2e-b20d-aaf3fd2b14fd@group-6371820A5F4C->897fdfd8-a3cb-4c9b-9ef8-a626c4e76414-GrpcLogAppender: appendEntries Timeout, request=8466bef0-9559-4d2e-b20d-aaf3fd2b14fd->897fdfd8-a3cb-4c9b-9ef8-a626c4e76414#208-t1, previous=(t:1, i:35), leaderCommit=33, initializing? false, entries: size=1, first=(t:1, i:36), METADATAENTRY(c33)
2019-09-12 04:24:37,602 [grpc-default-executor-11] INFO  impl.RaftServerProxy (RaftServerProxy.java:remove(95)) - f3263f9a-ef6c-4ff4-a6b2-5a62e946b753: remove group-6D8373F8491B:null
2019-09-12 04:24:37,605 [RatisPipelineUtilsThread] WARN  pipeline.RatisPipelineUtils (RatisPipelineUtils.java:destroyPipeline(66)) - Pipeline destroy failed for pipeline=PipelineID=01d26c0f-af01-4266-92c2-6d8373f8491b dn=f3263f9a-ef6c-4ff4-a6b2-5a62e946b753{ip: 192.168.34.8, host: pr-hdds-1879-pbs75-1821932185, networkLocation: /default-rack, certSerialId: null}
2019-09-12 04:24:37,608 [grpc-default-executor-11] INFO  impl.RaftServerProxy (RaftServerProxy.java:remove(95)) - 2d4da40c-dd43-4554-9707-f6503cf38c80: remove group-6D8373F8491B:null
2019-09-12 04:24:37,610 [RatisPipelineUtilsThread] WARN  pipeline.RatisPipelineUtils (RatisPipelineUtils.java:destroyPipeline(66)) - Pipeline destroy failed for pipeline=PipelineID=01d26c0f-af01-4266-92c2-6d8373f8491b dn=2d4da40c-dd43-4554-9707-f6503cf38c80{ip: 192.168.34.8, host: pr-hdds-1879-pbs75-1821932185, networkLocation: /default-rack, certSerialId: null}
2019-09-12 04:24:37,612 [grpc-default-executor-11] INFO  impl.RaftServerProxy (RaftServerProxy.java:remove(95)) - a413c2ef-7abc-47d7-b263-b9548e673ba5: remove group-6D8373F8491B:null
2019-09-12 04:24:37,614 [RatisPipelineUtilsThread] WARN  pipeline.RatisPipelineUtils (RatisPipelineUtils.java:destroyPipeline(66)) - Pipeline destroy failed for pipeline=PipelineID=01d26c0f-af01-4266-92c2-6d8373f8491b dn=a413c2ef-7abc-47d7-b263-b9548e673ba5{ip: 192.168.34.8, host: pr-hdds-1879-pbs75-1821932185, networkLocation: /default-rack, certSerialId: null}
2019-09-12 04:24:37,614 [RatisPipelineUtilsThread] ERROR pipeline.SCMPipelineManager (Scheduler.java:lambda$schedule$1(70)) - Destroy pipeline failed for pipeline:Pipeline[ Id: 01d26c0f-af01-4266-92c2-6d8373f8491b, Nodes: f3263f9a-ef6c-4ff4-a6b2-5a62e946b753{ip: 192.168.34.8, host: pr-hdds-1879-pbs75-1821932185, networkLocation: /default-rack, certSerialId: null}2d4da40c-dd43-4554-9707-f6503cf38c80{ip: 192.168.34.8, host: pr-hdds-1879-pbs75-1821932185, networkLocation: /default-rack, certSerialId: null}a413c2ef-7abc-47d7-b263-b9548e673ba5{ip: 192.168.34.8, host: pr-hdds-1879-pbs75-1821932185, networkLocation: /default-rack, certSerialId: null}, Type:RATIS, Factor:THREE, State:CLOSED]
org.apache.hadoop.hdds.scm.pipeline.PipelineNotFoundException: PipelineID=01d26c0f-af01-4266-92c2-6d8373f8491b not found
	at org.apache.hadoop.hdds.scm.pipeline.PipelineStateMap.getPipeline(PipelineStateMap.java:132)
	at org.apache.hadoop.hdds.scm.pipeline.PipelineStateMap.removePipeline(PipelineStateMap.java:322)
	at org.apache.hadoop.hdds.scm.pipeline.PipelineStateManager.removePipeline(PipelineStateManager.java:107)
	at org.apache.hadoop.hdds.scm.pipeline.SCMPipelineManager.removePipeline(SCMPipelineManager.java:423)
	at org.apache.hadoop.hdds.scm.pipeline.SCMPipelineManager.destroyPipeline(SCMPipelineManager.java:409)
	at org.apache.hadoop.hdds.scm.pipeline.SCMPipelineManager.lambda$finalizeAndDestroyPipeline$0(SCMPipelineManager.java:318)
	at org.apache.hadoop.utils.Scheduler.lambda$schedule$1(Scheduler.java:68)
	at java.util.concurrent.Executors$RunnableAdapter.call(Executors.java:511)
	at java.util.concurrent.FutureTask.run(FutureTask.java:266)
	at java.util.concurrent.ScheduledThreadPoolExecutor$ScheduledFutureTask.access$201(ScheduledThreadPoolExecutor.java:180)
	at java.util.concurrent.ScheduledThreadPoolExecutor$ScheduledFutureTask.run(ScheduledThreadPoolExecutor.java:293)
	at java.util.concurrent.ThreadPoolExecutor.runWorker(ThreadPoolExecutor.java:1149)
	at java.util.concurrent.ThreadPoolExecutor$Worker.run(ThreadPoolExecutor.java:624)
	at java.lang.Thread.run(Thread.java:748)
2019-09-12 04:24:38,805 [main] WARN  scm.XceiverClientRatis (XceiverClientRatis.java:watchForCommit(262)) - 3 way commit failed on pipeline Pipeline[ Id: 24a3be0d-b2af-45ba-b6eb-6371820a5f4c, Nodes: 90957f92-0013-496b-a419-9c1212c810e8{ip: 192.168.34.8, host: pr-hdds-1879-pbs75-1821932185, networkLocation: /default-rack, certSerialId: null}8466bef0-9559-4d2e-b20d-aaf3fd2b14fd{ip: 192.168.34.8, host: pr-hdds-1879-pbs75-1821932185, networkLocation: /default-rack, certSerialId: null}897fdfd8-a3cb-4c9b-9ef8-a626c4e76414{ip: 192.168.34.8, host: pr-hdds-1879-pbs75-1821932185, networkLocation: /default-rack, certSerialId: null}, Type:RATIS, Factor:THREE, State:OPEN]
java.util.concurrent.TimeoutException
	at java.util.concurrent.CompletableFuture.timedGet(CompletableFuture.java:1771)
	at java.util.concurrent.CompletableFuture.get(CompletableFuture.java:1915)
	at org.apache.hadoop.hdds.scm.XceiverClientRatis.watchForCommit(XceiverClientRatis.java:259)
	at org.apache.hadoop.hdds.scm.storage.CommitWatcher.watchForCommit(CommitWatcher.java:194)
	at org.apache.hadoop.hdds.scm.storage.CommitWatcher.watchOnFirstIndex(CommitWatcher.java:135)
	at org.apache.hadoop.hdds.scm.storage.BlockOutputStream.watchForCommit(BlockOutputStream.java:347)
	at org.apache.hadoop.hdds.scm.storage.BlockOutputStream.handleFullBuffer(BlockOutputStream.java:324)
	at org.apache.hadoop.hdds.scm.storage.BlockOutputStream.write(BlockOutputStream.java:251)
	at org.apache.hadoop.ozone.client.io.BlockOutputStreamEntry.write(BlockOutputStreamEntry.java:129)
	at org.apache.hadoop.ozone.client.io.KeyOutputStream.handleWrite(KeyOutputStream.java:211)
	at org.apache.hadoop.ozone.client.io.KeyOutputStream.write(KeyOutputStream.java:193)
	at org.apache.hadoop.ozone.client.io.OzoneOutputStream.write(OzoneOutputStream.java:49)
	at java.io.OutputStream.write(OutputStream.java:75)
	at org.apache.hadoop.ozone.client.rpc.TestCloseContainerHandlingByClient.testMultiBlockWrites2(TestCloseContainerHandlingByClient.java:243)
	at sun.reflect.NativeMethodAccessorImpl.invoke0(Native Method)
	at sun.reflect.NativeMethodAccessorImpl.invoke(NativeMethodAccessorImpl.java:62)
	at sun.reflect.DelegatingMethodAccessorImpl.invoke(DelegatingMethodAccessorImpl.java:43)
	at java.lang.reflect.Method.invoke(Method.java:498)
	at org.junit.runners.model.FrameworkMethod$1.runReflectiveCall(FrameworkMethod.java:47)
	at org.junit.internal.runners.model.ReflectiveCallable.run(ReflectiveCallable.java:12)
	at org.junit.runners.model.FrameworkMethod.invokeExplosively(FrameworkMethod.java:44)
	at org.junit.internal.runners.statements.InvokeMethod.evaluate(InvokeMethod.java:17)
	at org.junit.runners.ParentRunner.runLeaf(ParentRunner.java:271)
	at org.junit.runners.BlockJUnit4ClassRunner.runChild(BlockJUnit4ClassRunner.java:70)
	at org.junit.runners.BlockJUnit4ClassRunner.runChild(BlockJUnit4ClassRunner.java:50)
	at org.junit.runners.ParentRunner$3.run(ParentRunner.java:238)
	at org.junit.runners.ParentRunner$1.schedule(ParentRunner.java:63)
	at org.junit.runners.ParentRunner.runChildren(ParentRunner.java:236)
	at org.junit.runners.ParentRunner.access$000(ParentRunner.java:53)
	at org.junit.runners.ParentRunner$2.evaluate(ParentRunner.java:229)
	at org.junit.internal.runners.statements.RunBefores.evaluate(RunBefores.java:26)
	at org.junit.internal.runners.statements.RunAfters.evaluate(RunAfters.java:27)
	at org.junit.runners.ParentRunner.run(ParentRunner.java:309)
	at org.apache.maven.surefire.junit4.JUnit4Provider.execute(JUnit4Provider.java:365)
	at org.apache.maven.surefire.junit4.JUnit4Provider.executeWithRerun(JUnit4Provider.java:273)
	at org.apache.maven.surefire.junit4.JUnit4Provider.executeTestSet(JUnit4Provider.java:238)
	at org.apache.maven.surefire.junit4.JUnit4Provider.invoke(JUnit4Provider.java:159)
	at org.apache.maven.surefire.booter.ForkedBooter.invokeProviderInSameClassLoader(ForkedBooter.java:384)
	at org.apache.maven.surefire.booter.ForkedBooter.runSuitesInProcess(ForkedBooter.java:345)
	at org.apache.maven.surefire.booter.ForkedBooter.execute(ForkedBooter.java:126)
	at org.apache.maven.surefire.booter.ForkedBooter.main(ForkedBooter.java:418)
2019-09-12 04:24:38,810 [grpc-default-executor-11] INFO  client.GrpcClientProtocolClient (GrpcClientProtocolClient.java:onNext(264)) - client-C7E4314964D6->8466bef0-9559-4d2e-b20d-aaf3fd2b14fd: receive RaftClientReply:client-C7E4314964D6->8466bef0-9559-4d2e-b20d-aaf3fd2b14fd@group-6371820A5F4C, cid=412, SUCCESS, logIndex=0, commits[8466bef0-9559-4d2e-b20d-aaf3fd2b14fd:c36, 897fdfd8-a3cb-4c9b-9ef8-a626c4e76414:c29, 90957f92-0013-496b-a419-9c1212c810e8:c36]
2019-09-12 04:24:38,815 [main] INFO  scm.XceiverClientRatis (XceiverClientRatis.java:lambda$watchForCommit$7(280)) - Could not commit index 31 on pipeline Pipeline[ Id: 24a3be0d-b2af-45ba-b6eb-6371820a5f4c, Nodes: 90957f92-0013-496b-a419-9c1212c810e8{ip: 192.168.34.8, host: pr-hdds-1879-pbs75-1821932185, networkLocation: /default-rack, certSerialId: null}8466bef0-9559-4d2e-b20d-aaf3fd2b14fd{ip: 192.168.34.8, host: pr-hdds-1879-pbs75-1821932185, networkLocation: /default-rack, certSerialId: null}897fdfd8-a3cb-4c9b-9ef8-a626c4e76414{ip: 192.168.34.8, host: pr-hdds-1879-pbs75-1821932185, networkLocation: /default-rack, certSerialId: null}, Type:RATIS, Factor:THREE, State:OPEN] to all the nodes. Server 897fdfd8-a3cb-4c9b-9ef8-a626c4e76414 has failed. Committed by majority.
2019-09-12 04:24:38,816 [main] WARN  storage.BlockOutputStream (BlockOutputStream.java:watchForCommit(353)) - Failed to commit BlockId conID: 15 locID: 102777636286496790 bcsId: 33 on Pipeline[ Id: 24a3be0d-b2af-45ba-b6eb-6371820a5f4c, Nodes: 90957f92-0013-496b-a419-9c1212c810e8{ip: 192.168.34.8, host: pr-hdds-1879-pbs75-1821932185, networkLocation: /default-rack, certSerialId: null}8466bef0-9559-4d2e-b20d-aaf3fd2b14fd{ip: 192.168.34.8, host: pr-hdds-1879-pbs75-1821932185, networkLocation: /default-rack, certSerialId: null}897fdfd8-a3cb-4c9b-9ef8-a626c4e76414{ip: 192.168.34.8, host: pr-hdds-1879-pbs75-1821932185, networkLocation: /default-rack, certSerialId: null}, Type:RATIS, Factor:THREE, State:OPEN]. Failed nodes: [897fdfd8-a3cb-4c9b-9ef8-a626c4e76414{ip: null, host: null, networkLocation: /default-rack, certSerialId: null}]
2019-09-12 04:24:38,827 [java.util.concurrent.ThreadPoolExecutor$Worker@545d3615[State = -1, empty queue]] WARN  server.GrpcLogAppender (GrpcLogAppender.java:timeoutAppendRequest(200)) - 8466bef0-9559-4d2e-b20d-aaf3fd2b14fd@group-6371820A5F4C->897fdfd8-a3cb-4c9b-9ef8-a626c4e76414-GrpcLogAppender: appendEntries Timeout, request=8466bef0-9559-4d2e-b20d-aaf3fd2b14fd->897fdfd8-a3cb-4c9b-9ef8-a626c4e76414#209-t1, previous=(t:1, i:36), leaderCommit=36, initializing? false, entries: <empty>
2019-09-12 04:24:38,869 [grpc-default-executor-16] INFO  client.GrpcClientProtocolClient (GrpcClientProtocolClient.java:onNext(264)) - client-C7E4314964D6->8466bef0-9559-4d2e-b20d-aaf3fd2b14fd: receive RaftClientReply:client-C7E4314964D6->8466bef0-9559-4d2e-b20d-aaf3fd2b14fd@group-6371820A5F4C, cid=413, SUCCESS, logIndex=37, commits[8466bef0-9559-4d2e-b20d-aaf3fd2b14fd:c38, 897fdfd8-a3cb-4c9b-9ef8-a626c4e76414:c29, 90957f92-0013-496b-a419-9c1212c810e8:c36]
2019-09-12 04:24:38,870 [grpc-default-executor-16] INFO  client.GrpcClientProtocolClient (GrpcClientProtocolClient.java:onNext(264)) - client-C7E4314964D6->8466bef0-9559-4d2e-b20d-aaf3fd2b14fd: receive RaftClientReply:client-C7E4314964D6->8466bef0-9559-4d2e-b20d-aaf3fd2b14fd@group-6371820A5F4C, cid=414, SUCCESS, logIndex=38, commits[8466bef0-9559-4d2e-b20d-aaf3fd2b14fd:c38, 897fdfd8-a3cb-4c9b-9ef8-a626c4e76414:c29, 90957f92-0013-496b-a419-9c1212c810e8:c36]
2019-09-12 04:24:38,892 [grpc-default-executor-16] INFO  client.GrpcClientProtocolClient (GrpcClientProtocolClient.java:onNext(264)) - client-C7E4314964D6->8466bef0-9559-4d2e-b20d-aaf3fd2b14fd: receive RaftClientReply:client-C7E4314964D6->8466bef0-9559-4d2e-b20d-aaf3fd2b14fd@group-6371820A5F4C, cid=415, SUCCESS, logIndex=41, commits[8466bef0-9559-4d2e-b20d-aaf3fd2b14fd:c42, 897fdfd8-a3cb-4c9b-9ef8-a626c4e76414:c29, 90957f92-0013-496b-a419-9c1212c810e8:c38]
2019-09-12 04:24:38,893 [grpc-default-executor-16] INFO  client.GrpcClientProtocolClient (GrpcClientProtocolClient.java:onNext(264)) - client-C7E4314964D6->8466bef0-9559-4d2e-b20d-aaf3fd2b14fd: receive RaftClientReply:client-C7E4314964D6->8466bef0-9559-4d2e-b20d-aaf3fd2b14fd@group-6371820A5F4C, cid=416, SUCCESS, logIndex=42, commits[8466bef0-9559-4d2e-b20d-aaf3fd2b14fd:c42, 897fdfd8-a3cb-4c9b-9ef8-a626c4e76414:c29, 90957f92-0013-496b-a419-9c1212c810e8:c38]
2019-09-12 04:24:40,572 [Thread-3050] INFO  impl.FollowerState (FollowerState.java:run(106)) - f3263f9a-ef6c-4ff4-a6b2-5a62e946b753:group-5B52E8B6CC20 changes to CANDIDATE, lastRpcTime:5045, electionTimeout:5045ms
2019-09-12 04:24:40,572 [Thread-3050] INFO  impl.RoleInfo (RoleInfo.java:shutdownFollowerState(121)) - f3263f9a-ef6c-4ff4-a6b2-5a62e946b753: shutdown FollowerState
2019-09-12 04:24:40,572 [Thread-3050] INFO  impl.RaftServerImpl (RaftServerImpl.java:setRole(174)) - f3263f9a-ef6c-4ff4-a6b2-5a62e946b753@group-5B52E8B6CC20: changes role from  FOLLOWER to CANDIDATE at term 1 for changeToCandidate
2019-09-12 04:24:40,573 [Thread-3050] INFO  impl.RoleInfo (RoleInfo.java:updateAndGet(143)) - f3263f9a-ef6c-4ff4-a6b2-5a62e946b753: start LeaderElection
2019-09-12 04:24:40,602 [grpc-default-executor-16] INFO  impl.RaftServerProxy (RaftServerProxy.java:remove(95)) - f3263f9a-ef6c-4ff4-a6b2-5a62e946b753: remove group-6D8373F8491B:null
2019-09-12 04:24:40,605 [RatisPipelineUtilsThread] WARN  pipeline.RatisPipelineUtils (RatisPipelineUtils.java:destroyPipeline(66)) - Pipeline destroy failed for pipeline=PipelineID=01d26c0f-af01-4266-92c2-6d8373f8491b dn=f3263f9a-ef6c-4ff4-a6b2-5a62e946b753{ip: 192.168.34.8, host: pr-hdds-1879-pbs75-1821932185, networkLocation: /default-rack, certSerialId: null}
2019-09-12 04:24:40,607 [grpc-default-executor-16] INFO  impl.RaftServerProxy (RaftServerProxy.java:remove(95)) - 2d4da40c-dd43-4554-9707-f6503cf38c80: remove group-6D8373F8491B:null
2019-09-12 04:24:40,609 [RatisPipelineUtilsThread] WARN  pipeline.RatisPipelineUtils (RatisPipelineUtils.java:destroyPipeline(66)) - Pipeline destroy failed for pipeline=PipelineID=01d26c0f-af01-4266-92c2-6d8373f8491b dn=2d4da40c-dd43-4554-9707-f6503cf38c80{ip: 192.168.34.8, host: pr-hdds-1879-pbs75-1821932185, networkLocation: /default-rack, certSerialId: null}
2019-09-12 04:24:40,611 [grpc-default-executor-16] INFO  impl.RaftServerProxy (RaftServerProxy.java:remove(95)) - a413c2ef-7abc-47d7-b263-b9548e673ba5: remove group-6D8373F8491B:null
2019-09-12 04:24:40,613 [RatisPipelineUtilsThread] WARN  pipeline.RatisPipelineUtils (RatisPipelineUtils.java:destroyPipeline(66)) - Pipeline destroy failed for pipeline=PipelineID=01d26c0f-af01-4266-92c2-6d8373f8491b dn=a413c2ef-7abc-47d7-b263-b9548e673ba5{ip: 192.168.34.8, host: pr-hdds-1879-pbs75-1821932185, networkLocation: /default-rack, certSerialId: null}
2019-09-12 04:24:40,613 [RatisPipelineUtilsThread] ERROR pipeline.SCMPipelineManager (Scheduler.java:lambda$schedule$1(70)) - Destroy pipeline failed for pipeline:Pipeline[ Id: 01d26c0f-af01-4266-92c2-6d8373f8491b, Nodes: f3263f9a-ef6c-4ff4-a6b2-5a62e946b753{ip: 192.168.34.8, host: pr-hdds-1879-pbs75-1821932185, networkLocation: /default-rack, certSerialId: null}2d4da40c-dd43-4554-9707-f6503cf38c80{ip: 192.168.34.8, host: pr-hdds-1879-pbs75-1821932185, networkLocation: /default-rack, certSerialId: null}a413c2ef-7abc-47d7-b263-b9548e673ba5{ip: 192.168.34.8, host: pr-hdds-1879-pbs75-1821932185, networkLocation: /default-rack, certSerialId: null}, Type:RATIS, Factor:THREE, State:CLOSED]
org.apache.hadoop.hdds.scm.pipeline.PipelineNotFoundException: PipelineID=01d26c0f-af01-4266-92c2-6d8373f8491b not found
	at org.apache.hadoop.hdds.scm.pipeline.PipelineStateMap.getPipeline(PipelineStateMap.java:132)
	at org.apache.hadoop.hdds.scm.pipeline.PipelineStateMap.removePipeline(PipelineStateMap.java:322)
	at org.apache.hadoop.hdds.scm.pipeline.PipelineStateManager.removePipeline(PipelineStateManager.java:107)
	at org.apache.hadoop.hdds.scm.pipeline.SCMPipelineManager.removePipeline(SCMPipelineManager.java:423)
	at org.apache.hadoop.hdds.scm.pipeline.SCMPipelineManager.destroyPipeline(SCMPipelineManager.java:409)
	at org.apache.hadoop.hdds.scm.pipeline.SCMPipelineManager.lambda$finalizeAndDestroyPipeline$0(SCMPipelineManager.java:318)
	at org.apache.hadoop.utils.Scheduler.lambda$schedule$1(Scheduler.java:68)
	at java.util.concurrent.Executors$RunnableAdapter.call(Executors.java:511)
	at java.util.concurrent.FutureTask.run(FutureTask.java:266)
	at java.util.concurrent.ScheduledThreadPoolExecutor$ScheduledFutureTask.access$201(ScheduledThreadPoolExecutor.java:180)
	at java.util.concurrent.ScheduledThreadPoolExecutor$ScheduledFutureTask.run(ScheduledThreadPoolExecutor.java:293)
	at java.util.concurrent.ThreadPoolExecutor.runWorker(ThreadPoolExecutor.java:1149)
	at java.util.concurrent.ThreadPoolExecutor$Worker.run(ThreadPoolExecutor.java:624)
	at java.lang.Thread.run(Thread.java:748)
2019-09-12 04:24:40,625 [f3263f9a-ef6c-4ff4-a6b2-5a62e946b753@group-5B52E8B6CC20:LeaderElection28] INFO  impl.LeaderElection (LeaderElection.java:askForVotes(182)) - f3263f9a-ef6c-4ff4-a6b2-5a62e946b753@group-5B52E8B6CC20:LeaderElection28: begin an election at term 2 for -1: [2d4da40c-dd43-4554-9707-f6503cf38c80:192.168.34.8:45634, a413c2ef-7abc-47d7-b263-b9548e673ba5:192.168.34.8:39020, f3263f9a-ef6c-4ff4-a6b2-5a62e946b753:192.168.34.8:40334], old=null
2019-09-12 04:24:40,626 [grpc-default-executor-16] INFO  impl.RaftServerImpl (RaftServerImpl.java:setRole(174)) - 2d4da40c-dd43-4554-9707-f6503cf38c80@group-5B52E8B6CC20: changes role from  FOLLOWER to FOLLOWER at term 2 for recognizeCandidate:f3263f9a-ef6c-4ff4-a6b2-5a62e946b753
2019-09-12 04:24:40,626 [grpc-default-executor-16] INFO  impl.RoleInfo (RoleInfo.java:shutdownFollowerState(121)) - 2d4da40c-dd43-4554-9707-f6503cf38c80: shutdown FollowerState
2019-09-12 04:24:40,627 [grpc-default-executor-16] INFO  impl.RoleInfo (RoleInfo.java:updateAndGet(143)) - 2d4da40c-dd43-4554-9707-f6503cf38c80: start FollowerState
2019-09-12 04:24:40,627 [grpc-default-executor-11] INFO  impl.RaftServerImpl (RaftServerImpl.java:setRole(174)) - a413c2ef-7abc-47d7-b263-b9548e673ba5@group-5B52E8B6CC20: changes role from  FOLLOWER to FOLLOWER at term 2 for recognizeCandidate:f3263f9a-ef6c-4ff4-a6b2-5a62e946b753
2019-09-12 04:24:40,627 [Thread-3048] INFO  impl.FollowerState (FollowerState.java:run(115)) - 2d4da40c-dd43-4554-9707-f6503cf38c80: FollowerState was interrupted: java.lang.InterruptedException: sleep interrupted
2019-09-12 04:24:40,627 [grpc-default-executor-11] INFO  impl.RoleInfo (RoleInfo.java:shutdownFollowerState(121)) - a413c2ef-7abc-47d7-b263-b9548e673ba5: shutdown FollowerState
2019-09-12 04:24:40,630 [grpc-default-executor-11] INFO  impl.RoleInfo (RoleInfo.java:updateAndGet(143)) - a413c2ef-7abc-47d7-b263-b9548e673ba5: start FollowerState
2019-09-12 04:24:40,630 [Thread-3049] INFO  impl.FollowerState (FollowerState.java:run(115)) - a413c2ef-7abc-47d7-b263-b9548e673ba5: FollowerState was interrupted: java.lang.InterruptedException: sleep interrupted
2019-09-12 04:24:40,700 [f3263f9a-ef6c-4ff4-a6b2-5a62e946b753@group-5B52E8B6CC20:LeaderElection28] INFO  impl.LeaderElection (LeaderElection.java:logAndReturn(56)) - f3263f9a-ef6c-4ff4-a6b2-5a62e946b753@group-5B52E8B6CC20:LeaderElection28: Election PASSED; received 1 response(s) [f3263f9a-ef6c-4ff4-a6b2-5a62e946b753<-a413c2ef-7abc-47d7-b263-b9548e673ba5#0:OK-t2] and 0 exception(s); f3263f9a-ef6c-4ff4-a6b2-5a62e946b753@group-5B52E8B6CC20:t2, leader=null, voted=f3263f9a-ef6c-4ff4-a6b2-5a62e946b753, raftlog=f3263f9a-ef6c-4ff4-a6b2-5a62e946b753@group-5B52E8B6CC20-SegmentedRaftLog:OPENED:c-1,f-1,i0, conf=-1: [2d4da40c-dd43-4554-9707-f6503cf38c80:192.168.34.8:45634, a413c2ef-7abc-47d7-b263-b9548e673ba5:192.168.34.8:39020, f3263f9a-ef6c-4ff4-a6b2-5a62e946b753:192.168.34.8:40334], old=null
2019-09-12 04:24:40,701 [f3263f9a-ef6c-4ff4-a6b2-5a62e946b753@group-5B52E8B6CC20:LeaderElection28] INFO  impl.RoleInfo (RoleInfo.java:shutdownLeaderElection(134)) - f3263f9a-ef6c-4ff4-a6b2-5a62e946b753: shutdown LeaderElection
2019-09-12 04:24:40,701 [f3263f9a-ef6c-4ff4-a6b2-5a62e946b753@group-5B52E8B6CC20:LeaderElection28] INFO  impl.RaftServerImpl (RaftServerImpl.java:setRole(174)) - f3263f9a-ef6c-4ff4-a6b2-5a62e946b753@group-5B52E8B6CC20: changes role from CANDIDATE to LEADER at term 2 for changeToLeader
2019-09-12 04:24:40,701 [f3263f9a-ef6c-4ff4-a6b2-5a62e946b753@group-5B52E8B6CC20:LeaderElection28] INFO  impl.RaftServerImpl (ServerState.java:setLeader(253)) - f3263f9a-ef6c-4ff4-a6b2-5a62e946b753@group-5B52E8B6CC20: change Leader from null to f3263f9a-ef6c-4ff4-a6b2-5a62e946b753 at term 2 for becomeLeader, leader elected after 10357ms
2019-09-12 04:24:40,701 [f3263f9a-ef6c-4ff4-a6b2-5a62e946b753@group-5B52E8B6CC20:LeaderElection28] INFO  server.RaftServerConfigKeys (ConfUtils.java:logGet(43)) - raft.server.staging.catchup.gap = 1000 (default)
2019-09-12 04:24:40,702 [f3263f9a-ef6c-4ff4-a6b2-5a62e946b753@group-5B52E8B6CC20:LeaderElection28] INFO  server.RaftServerConfigKeys (ConfUtils.java:logGet(43)) - raft.server.rpc.sleep.time = 25ms (default)
2019-09-12 04:24:40,702 [f3263f9a-ef6c-4ff4-a6b2-5a62e946b753@group-5B52E8B6CC20:LeaderElection28] INFO  server.RaftServerConfigKeys (ConfUtils.java:logGet(43)) - raft.server.write.element-limit = 4096 (default)
2019-09-12 04:24:40,702 [f3263f9a-ef6c-4ff4-a6b2-5a62e946b753@group-5B52E8B6CC20:LeaderElection28] INFO  server.RaftServerConfigKeys (ConfUtils.java:logGet(43)) - raft.server.watch.timeout = 10s (default)
2019-09-12 04:24:40,702 [f3263f9a-ef6c-4ff4-a6b2-5a62e946b753@group-5B52E8B6CC20:LeaderElection28] INFO  server.RaftServerConfigKeys (ConfUtils.java:logGet(43)) - raft.server.watch.timeout.denomination = 1s (default)
2019-09-12 04:24:40,702 [f3263f9a-ef6c-4ff4-a6b2-5a62e946b753@group-5B52E8B6CC20:LeaderElection28] INFO  server.RaftServerConfigKeys (ConfUtils.java:logGet(43)) - raft.server.watch.element-limit = 65536 (default)
2019-09-12 04:24:40,707 [f3263f9a-ef6c-4ff4-a6b2-5a62e946b753@group-5B52E8B6CC20:LeaderElection28] INFO  server.RaftServerConfigKeys (ConfUtils.java:logGet(43)) - raft.server.log.appender.snapshot.chunk.size.max = 16MB (=16777216) (default)
2019-09-12 04:24:40,707 [f3263f9a-ef6c-4ff4-a6b2-5a62e946b753@group-5B52E8B6CC20:LeaderElection28] INFO  server.RaftServerConfigKeys (ConfUtils.java:logGet(43)) - raft.server.log.appender.buffer.byte-limit = 33554432 (custom)
2019-09-12 04:24:40,708 [f3263f9a-ef6c-4ff4-a6b2-5a62e946b753@group-5B52E8B6CC20:LeaderElection28] INFO  server.RaftServerConfigKeys (ConfUtils.java:logGet(43)) - raft.server.log.appender.buffer.element-limit = 1 (custom)
2019-09-12 04:24:40,708 [f3263f9a-ef6c-4ff4-a6b2-5a62e946b753@group-5B52E8B6CC20:LeaderElection28] INFO  grpc.GrpcConfigKeys$Server (ConfUtils.java:logGet(43)) - raft.grpc.server.leader.outstanding.appends.max = 128 (default)
2019-09-12 04:24:40,708 [f3263f9a-ef6c-4ff4-a6b2-5a62e946b753@group-5B52E8B6CC20:LeaderElection28] INFO  server.RaftServerConfigKeys (ConfUtils.java:logGet(43)) - raft.server.rpc.request.timeout = 3000ms (default)
2019-09-12 04:24:40,709 [f3263f9a-ef6c-4ff4-a6b2-5a62e946b753@group-5B52E8B6CC20:LeaderElection28] INFO  server.RaftServerConfigKeys (ConfUtils.java:logGet(43)) - raft.server.log.appender.install.snapshot.enabled = false (custom)
2019-09-12 04:24:40,709 [f3263f9a-ef6c-4ff4-a6b2-5a62e946b753@group-5B52E8B6CC20:LeaderElection28] INFO  server.RaftServerConfigKeys (ConfUtils.java:logGet(43)) - raft.server.log.appender.snapshot.chunk.size.max = 16MB (=16777216) (default)
2019-09-12 04:24:40,709 [f3263f9a-ef6c-4ff4-a6b2-5a62e946b753@group-5B52E8B6CC20:LeaderElection28] INFO  server.RaftServerConfigKeys (ConfUtils.java:logGet(43)) - raft.server.log.appender.buffer.byte-limit = 33554432 (custom)
2019-09-12 04:24:40,709 [f3263f9a-ef6c-4ff4-a6b2-5a62e946b753@group-5B52E8B6CC20:LeaderElection28] INFO  server.RaftServerConfigKeys (ConfUtils.java:logGet(43)) - raft.server.log.appender.buffer.element-limit = 1 (custom)
2019-09-12 04:24:40,710 [f3263f9a-ef6c-4ff4-a6b2-5a62e946b753@group-5B52E8B6CC20:LeaderElection28] INFO  grpc.GrpcConfigKeys$Server (ConfUtils.java:logGet(43)) - raft.grpc.server.leader.outstanding.appends.max = 128 (default)
2019-09-12 04:24:40,710 [f3263f9a-ef6c-4ff4-a6b2-5a62e946b753@group-5B52E8B6CC20:LeaderElection28] INFO  server.RaftServerConfigKeys (ConfUtils.java:logGet(43)) - raft.server.rpc.request.timeout = 3000ms (default)
2019-09-12 04:24:40,710 [f3263f9a-ef6c-4ff4-a6b2-5a62e946b753@group-5B52E8B6CC20:LeaderElection28] INFO  server.RaftServerConfigKeys (ConfUtils.java:logGet(43)) - raft.server.log.appender.install.snapshot.enabled = false (custom)
2019-09-12 04:24:40,710 [f3263f9a-ef6c-4ff4-a6b2-5a62e946b753@group-5B52E8B6CC20:LeaderElection28] INFO  impl.RoleInfo (RoleInfo.java:updateAndGet(143)) - f3263f9a-ef6c-4ff4-a6b2-5a62e946b753: start LeaderState
2019-09-12 04:24:40,711 [f3263f9a-ef6c-4ff4-a6b2-5a62e946b753@group-5B52E8B6CC20:LeaderElection28] INFO  segmented.SegmentedRaftLogWorker (SegmentedRaftLogWorker.java:startLogSegment(380)) - f3263f9a-ef6c-4ff4-a6b2-5a62e946b753@group-5B52E8B6CC20-SegmentedRaftLogWorker: Starting segment from index:0
2019-09-12 04:24:40,712 [f3263f9a-ef6c-4ff4-a6b2-5a62e946b753@group-5B52E8B6CC20:LeaderElection28] INFO  impl.RaftServerImpl (ServerState.java:setRaftConf(354)) - f3263f9a-ef6c-4ff4-a6b2-5a62e946b753@group-5B52E8B6CC20: set configuration 0: [2d4da40c-dd43-4554-9707-f6503cf38c80:192.168.34.8:45634, a413c2ef-7abc-47d7-b263-b9548e673ba5:192.168.34.8:39020, f3263f9a-ef6c-4ff4-a6b2-5a62e946b753:192.168.34.8:40334], old=null at 0
2019-09-12 04:24:40,713 [grpc-default-executor-16] INFO  impl.RaftServerImpl (ServerState.java:setLeader(253)) - 2d4da40c-dd43-4554-9707-f6503cf38c80@group-5B52E8B6CC20: change Leader from null to f3263f9a-ef6c-4ff4-a6b2-5a62e946b753 at term 2 for appendEntries, leader elected after 10368ms
2019-09-12 04:24:40,713 [grpc-default-executor-11] INFO  impl.RaftServerImpl (ServerState.java:setLeader(253)) - a413c2ef-7abc-47d7-b263-b9548e673ba5@group-5B52E8B6CC20: change Leader from null to f3263f9a-ef6c-4ff4-a6b2-5a62e946b753 at term 2 for appendEntries, leader elected after 10369ms
2019-09-12 04:24:40,714 [grpc-default-executor-11] INFO  impl.RaftServerImpl (ServerState.java:setRaftConf(354)) - 2d4da40c-dd43-4554-9707-f6503cf38c80@group-5B52E8B6CC20: set configuration 0: [2d4da40c-dd43-4554-9707-f6503cf38c80:192.168.34.8:45634, a413c2ef-7abc-47d7-b263-b9548e673ba5:192.168.34.8:39020, f3263f9a-ef6c-4ff4-a6b2-5a62e946b753:192.168.34.8:40334], old=null at 0
2019-09-12 04:24:40,715 [grpc-default-executor-11] INFO  segmented.SegmentedRaftLogWorker (SegmentedRaftLogWorker.java:startLogSegment(380)) - 2d4da40c-dd43-4554-9707-f6503cf38c80@group-5B52E8B6CC20-SegmentedRaftLogWorker: Starting segment from index:0
2019-09-12 04:24:40,715 [grpc-default-executor-16] INFO  impl.RaftServerImpl (ServerState.java:setRaftConf(354)) - a413c2ef-7abc-47d7-b263-b9548e673ba5@group-5B52E8B6CC20: set configuration 0: [2d4da40c-dd43-4554-9707-f6503cf38c80:192.168.34.8:45634, a413c2ef-7abc-47d7-b263-b9548e673ba5:192.168.34.8:39020, f3263f9a-ef6c-4ff4-a6b2-5a62e946b753:192.168.34.8:40334], old=null at 0
2019-09-12 04:24:40,715 [grpc-default-executor-16] INFO  segmented.SegmentedRaftLogWorker (SegmentedRaftLogWorker.java:startLogSegment(380)) - a413c2ef-7abc-47d7-b263-b9548e673ba5@group-5B52E8B6CC20-SegmentedRaftLogWorker: Starting segment from index:0
2019-09-12 04:24:40,838 [f3263f9a-ef6c-4ff4-a6b2-5a62e946b753@group-5B52E8B6CC20-SegmentedRaftLogWorker] INFO  segmented.SegmentedRaftLogWorker (SegmentedRaftLogWorker.java:execute(569)) - f3263f9a-ef6c-4ff4-a6b2-5a62e946b753@group-5B52E8B6CC20-SegmentedRaftLogWorker: created new log segment /workdir/hadoop-ozone/integration-test/target/test-dir/MiniOzoneClusterImpl-60a3af6c-3451-4a8a-82ad-625647a1d2f0/datanode-1/data/ratis/c460370d-6091-4e4d-9312-5b52e8b6cc20/current/log_inprogress_0
2019-09-12 04:24:40,838 [a413c2ef-7abc-47d7-b263-b9548e673ba5@group-5B52E8B6CC20-SegmentedRaftLogWorker] INFO  segmented.SegmentedRaftLogWorker (SegmentedRaftLogWorker.java:execute(569)) - a413c2ef-7abc-47d7-b263-b9548e673ba5@group-5B52E8B6CC20-SegmentedRaftLogWorker: created new log segment /workdir/hadoop-ozone/integration-test/target/test-dir/MiniOzoneClusterImpl-60a3af6c-3451-4a8a-82ad-625647a1d2f0/datanode-6/data/ratis/c460370d-6091-4e4d-9312-5b52e8b6cc20/current/log_inprogress_0
2019-09-12 04:24:40,838 [2d4da40c-dd43-4554-9707-f6503cf38c80@group-5B52E8B6CC20-SegmentedRaftLogWorker] INFO  segmented.SegmentedRaftLogWorker (SegmentedRaftLogWorker.java:execute(569)) - 2d4da40c-dd43-4554-9707-f6503cf38c80@group-5B52E8B6CC20-SegmentedRaftLogWorker: created new log segment /workdir/hadoop-ozone/integration-test/target/test-dir/MiniOzoneClusterImpl-60a3af6c-3451-4a8a-82ad-625647a1d2f0/datanode-4/data/ratis/c460370d-6091-4e4d-9312-5b52e8b6cc20/current/log_inprogress_0
2019-09-12 04:24:41,324 [java.util.concurrent.ThreadPoolExecutor$Worker@545d3615[State = -1, empty queue]] WARN  server.GrpcLogAppender (GrpcLogAppender.java:timeoutAppendRequest(200)) - 8466bef0-9559-4d2e-b20d-aaf3fd2b14fd@group-6371820A5F4C->897fdfd8-a3cb-4c9b-9ef8-a626c4e76414-GrpcLogAppender: appendEntries Timeout, request=8466bef0-9559-4d2e-b20d-aaf3fd2b14fd->897fdfd8-a3cb-4c9b-9ef8-a626c4e76414#210-t1, previous=(t:1, i:36), leaderCommit=36, initializing? false, entries: <empty>
2019-09-12 04:24:41,837 [java.util.concurrent.ThreadPoolExecutor$Worker@545d3615[State = -1, empty queue]] WARN  server.GrpcLogAppender (GrpcLogAppender.java:timeoutAppendRequest(200)) - 8466bef0-9559-4d2e-b20d-aaf3fd2b14fd@group-6371820A5F4C->897fdfd8-a3cb-4c9b-9ef8-a626c4e76414-GrpcLogAppender: appendEntries Timeout, request=8466bef0-9559-4d2e-b20d-aaf3fd2b14fd->897fdfd8-a3cb-4c9b-9ef8-a626c4e76414#211-t1, previous=(t:1, i:36), leaderCommit=36, initializing? false, entries: size=1, first=(t:1, i:37), STATEMACHINELOGENTRY, client-C7E4314964D6, cid=413
2019-09-12 04:24:41,837 [java.util.concurrent.ThreadPoolExecutor$Worker@545d3615[State = -1, empty queue]] WARN  server.GrpcLogAppender (GrpcLogAppender.java:timeoutAppendRequest(200)) - 8466bef0-9559-4d2e-b20d-aaf3fd2b14fd@group-6371820A5F4C->897fdfd8-a3cb-4c9b-9ef8-a626c4e76414-GrpcLogAppender: appendEntries Timeout, request=8466bef0-9559-4d2e-b20d-aaf3fd2b14fd->897fdfd8-a3cb-4c9b-9ef8-a626c4e76414#212-t1, previous=(t:1, i:37), leaderCommit=36, initializing? false, entries: size=1, first=(t:1, i:38), STATEMACHINELOGENTRY, client-C7E4314964D6, cid=414
2019-09-12 04:24:41,867 [java.util.concurrent.ThreadPoolExecutor$Worker@545d3615[State = -1, empty queue]] WARN  server.GrpcLogAppender (GrpcLogAppender.java:timeoutAppendRequest(200)) - 8466bef0-9559-4d2e-b20d-aaf3fd2b14fd@group-6371820A5F4C->897fdfd8-a3cb-4c9b-9ef8-a626c4e76414-GrpcLogAppender: appendEntries Timeout, request=8466bef0-9559-4d2e-b20d-aaf3fd2b14fd->897fdfd8-a3cb-4c9b-9ef8-a626c4e76414#213-t1, previous=(t:1, i:38), leaderCommit=38, initializing? false, entries: size=1, first=(t:1, i:39), METADATAENTRY(c37)
2019-09-12 04:24:41,867 [java.util.concurrent.ThreadPoolExecutor$Worker@545d3615[State = -1, empty queue]] WARN  server.GrpcLogAppender (GrpcLogAppender.java:timeoutAppendRequest(200)) - 8466bef0-9559-4d2e-b20d-aaf3fd2b14fd@group-6371820A5F4C->897fdfd8-a3cb-4c9b-9ef8-a626c4e76414-GrpcLogAppender: appendEntries Timeout, request=8466bef0-9559-4d2e-b20d-aaf3fd2b14fd->897fdfd8-a3cb-4c9b-9ef8-a626c4e76414#214-t1, previous=(t:1, i:39), leaderCommit=38, initializing? false, entries: size=1, first=(t:1, i:40), METADATAENTRY(c38)
2019-09-12 04:24:41,878 [java.util.concurrent.ThreadPoolExecutor$Worker@545d3615[State = -1, empty queue]] WARN  server.GrpcLogAppender (GrpcLogAppender.java:timeoutAppendRequest(200)) - 8466bef0-9559-4d2e-b20d-aaf3fd2b14fd@group-6371820A5F4C->897fdfd8-a3cb-4c9b-9ef8-a626c4e76414-GrpcLogAppender: appendEntries Timeout, request=8466bef0-9559-4d2e-b20d-aaf3fd2b14fd->897fdfd8-a3cb-4c9b-9ef8-a626c4e76414#215-t1, previous=(t:1, i:40), leaderCommit=38, initializing? false, entries: size=1, first=(t:1, i:41), STATEMACHINELOGENTRY, client-C7E4314964D6, cid=415
2019-09-12 04:24:41,878 [java.util.concurrent.ThreadPoolExecutor$Worker@545d3615[State = -1, empty queue]] WARN  server.GrpcLogAppender (GrpcLogAppender.java:timeoutAppendRequest(200)) - 8466bef0-9559-4d2e-b20d-aaf3fd2b14fd@group-6371820A5F4C->897fdfd8-a3cb-4c9b-9ef8-a626c4e76414-GrpcLogAppender: appendEntries Timeout, request=8466bef0-9559-4d2e-b20d-aaf3fd2b14fd->897fdfd8-a3cb-4c9b-9ef8-a626c4e76414#216-t1, previous=(t:1, i:41), leaderCommit=38, initializing? false, entries: size=1, first=(t:1, i:42), STATEMACHINELOGENTRY, client-C7E4314964D6, cid=416
2019-09-12 04:24:41,891 [java.util.concurrent.ThreadPoolExecutor$Worker@545d3615[State = -1, empty queue]] WARN  server.GrpcLogAppender (GrpcLogAppender.java:timeoutAppendRequest(200)) - 8466bef0-9559-4d2e-b20d-aaf3fd2b14fd@group-6371820A5F4C->897fdfd8-a3cb-4c9b-9ef8-a626c4e76414-GrpcLogAppender: appendEntries Timeout, request=8466bef0-9559-4d2e-b20d-aaf3fd2b14fd->897fdfd8-a3cb-4c9b-9ef8-a626c4e76414#217-t1, previous=(t:1, i:42), leaderCommit=42, initializing? false, entries: size=1, first=(t:1, i:43), METADATAENTRY(c41)
2019-09-12 04:24:41,891 [java.util.concurrent.ThreadPoolExecutor$Worker@545d3615[State = -1, empty queue]] WARN  server.GrpcLogAppender (GrpcLogAppender.java:timeoutAppendRequest(200)) - 8466bef0-9559-4d2e-b20d-aaf3fd2b14fd@group-6371820A5F4C->897fdfd8-a3cb-4c9b-9ef8-a626c4e76414-GrpcLogAppender: appendEntries Timeout, request=8466bef0-9559-4d2e-b20d-aaf3fd2b14fd->897fdfd8-a3cb-4c9b-9ef8-a626c4e76414#218-t1, previous=(t:1, i:43), leaderCommit=42, initializing? false, entries: size=1, first=(t:1, i:44), METADATAENTRY(c42)
2019-09-12 04:24:42,457 [897fdfd8-a3cb-4c9b-9ef8-a626c4e76414@group-6371820A5F4C-SegmentedRaftLogWorker] WARN  segmented.SegmentedRaftLogWorker (SegmentedRaftLogWorker.java:getFromFuture(90)) - Timeout 0/~
org.apache.ratis.protocol.TimeoutIOException: Timeout 10s: WriteLog:30: (t:1, i:30), STATEMACHINELOGENTRY, client-C7E4314964D6, cid=398-writeStateMachineData
	at org.apache.ratis.util.IOUtils.getFromFuture(IOUtils.java:87)
	at org.apache.ratis.server.raftlog.segmented.SegmentedRaftLogWorker$StateMachineDataPolicy.getFromFuture(SegmentedRaftLogWorker.java:87)
	at org.apache.ratis.server.raftlog.segmented.SegmentedRaftLogWorker$WriteLog.execute(SegmentedRaftLogWorker.java:477)
	at org.apache.ratis.server.raftlog.segmented.SegmentedRaftLogWorker.run(SegmentedRaftLogWorker.java:289)
	at java.lang.Thread.run(Thread.java:748)
Caused by: java.util.concurrent.TimeoutException
	at java.util.concurrent.CompletableFuture.timedGet(CompletableFuture.java:1771)
	at java.util.concurrent.CompletableFuture.get(CompletableFuture.java:1915)
	at org.apache.ratis.util.IOUtils.getFromFuture(IOUtils.java:79)
	... 4 more
2019-09-12 04:24:42,600 [grpc-default-executor-16] INFO  impl.RaftServerProxy (RaftServerProxy.java:remove(95)) - f3263f9a-ef6c-4ff4-a6b2-5a62e946b753: remove group-6D8373F8491B:null
2019-09-12 04:24:42,602 [RatisPipelineUtilsThread] WARN  pipeline.RatisPipelineUtils (RatisPipelineUtils.java:destroyPipeline(66)) - Pipeline destroy failed for pipeline=PipelineID=01d26c0f-af01-4266-92c2-6d8373f8491b dn=f3263f9a-ef6c-4ff4-a6b2-5a62e946b753{ip: 192.168.34.8, host: pr-hdds-1879-pbs75-1821932185, networkLocation: /default-rack, certSerialId: null}
2019-09-12 04:24:42,604 [grpc-default-executor-16] INFO  impl.RaftServerProxy (RaftServerProxy.java:remove(95)) - 2d4da40c-dd43-4554-9707-f6503cf38c80: remove group-6D8373F8491B:null
2019-09-12 04:24:42,606 [RatisPipelineUtilsThread] WARN  pipeline.RatisPipelineUtils (RatisPipelineUtils.java:destroyPipeline(66)) - Pipeline destroy failed for pipeline=PipelineID=01d26c0f-af01-4266-92c2-6d8373f8491b dn=2d4da40c-dd43-4554-9707-f6503cf38c80{ip: 192.168.34.8, host: pr-hdds-1879-pbs75-1821932185, networkLocation: /default-rack, certSerialId: null}
2019-09-12 04:24:42,608 [grpc-default-executor-16] INFO  impl.RaftServerProxy (RaftServerProxy.java:remove(95)) - a413c2ef-7abc-47d7-b263-b9548e673ba5: remove group-6D8373F8491B:null
2019-09-12 04:24:42,610 [RatisPipelineUtilsThread] WARN  pipeline.RatisPipelineUtils (RatisPipelineUtils.java:destroyPipeline(66)) - Pipeline destroy failed for pipeline=PipelineID=01d26c0f-af01-4266-92c2-6d8373f8491b dn=a413c2ef-7abc-47d7-b263-b9548e673ba5{ip: 192.168.34.8, host: pr-hdds-1879-pbs75-1821932185, networkLocation: /default-rack, certSerialId: null}
2019-09-12 04:24:42,610 [RatisPipelineUtilsThread] ERROR pipeline.SCMPipelineManager (Scheduler.java:lambda$schedule$1(70)) - Destroy pipeline failed for pipeline:Pipeline[ Id: 01d26c0f-af01-4266-92c2-6d8373f8491b, Nodes: f3263f9a-ef6c-4ff4-a6b2-5a62e946b753{ip: 192.168.34.8, host: pr-hdds-1879-pbs75-1821932185, networkLocation: /default-rack, certSerialId: null}2d4da40c-dd43-4554-9707-f6503cf38c80{ip: 192.168.34.8, host: pr-hdds-1879-pbs75-1821932185, networkLocation: /default-rack, certSerialId: null}a413c2ef-7abc-47d7-b263-b9548e673ba5{ip: 192.168.34.8, host: pr-hdds-1879-pbs75-1821932185, networkLocation: /default-rack, certSerialId: null}, Type:RATIS, Factor:THREE, State:CLOSED]
org.apache.hadoop.hdds.scm.pipeline.PipelineNotFoundException: PipelineID=01d26c0f-af01-4266-92c2-6d8373f8491b not found
	at org.apache.hadoop.hdds.scm.pipeline.PipelineStateMap.getPipeline(PipelineStateMap.java:132)
	at org.apache.hadoop.hdds.scm.pipeline.PipelineStateMap.removePipeline(PipelineStateMap.java:322)
	at org.apache.hadoop.hdds.scm.pipeline.PipelineStateManager.removePipeline(PipelineStateManager.java:107)
	at org.apache.hadoop.hdds.scm.pipeline.SCMPipelineManager.removePipeline(SCMPipelineManager.java:423)
	at org.apache.hadoop.hdds.scm.pipeline.SCMPipelineManager.destroyPipeline(SCMPipelineManager.java:409)
	at org.apache.hadoop.hdds.scm.pipeline.SCMPipelineManager.lambda$finalizeAndDestroyPipeline$0(SCMPipelineManager.java:318)
	at org.apache.hadoop.utils.Scheduler.lambda$schedule$1(Scheduler.java:68)
	at java.util.concurrent.Executors$RunnableAdapter.call(Executors.java:511)
	at java.util.concurrent.FutureTask.run(FutureTask.java:266)
	at java.util.concurrent.ScheduledThreadPoolExecutor$ScheduledFutureTask.access$201(ScheduledThreadPoolExecutor.java:180)
	at java.util.concurrent.ScheduledThreadPoolExecutor$ScheduledFutureTask.run(ScheduledThreadPoolExecutor.java:293)
	at java.util.concurrent.ThreadPoolExecutor.runWorker(ThreadPoolExecutor.java:1149)
	at java.util.concurrent.ThreadPoolExecutor$Worker.run(ThreadPoolExecutor.java:624)
	at java.lang.Thread.run(Thread.java:748)
2019-09-12 04:24:43,894 [main] WARN  scm.XceiverClientRatis (XceiverClientRatis.java:watchForCommit(262)) - 3 way commit failed on pipeline Pipeline[ Id: 24a3be0d-b2af-45ba-b6eb-6371820a5f4c, Nodes: 90957f92-0013-496b-a419-9c1212c810e8{ip: 192.168.34.8, host: pr-hdds-1879-pbs75-1821932185, networkLocation: /default-rack, certSerialId: null}8466bef0-9559-4d2e-b20d-aaf3fd2b14fd{ip: 192.168.34.8, host: pr-hdds-1879-pbs75-1821932185, networkLocation: /default-rack, certSerialId: null}897fdfd8-a3cb-4c9b-9ef8-a626c4e76414{ip: 192.168.34.8, host: pr-hdds-1879-pbs75-1821932185, networkLocation: /default-rack, certSerialId: null}, Type:RATIS, Factor:THREE, State:OPEN]
java.util.concurrent.TimeoutException
	at java.util.concurrent.CompletableFuture.timedGet(CompletableFuture.java:1771)
	at java.util.concurrent.CompletableFuture.get(CompletableFuture.java:1915)
	at org.apache.hadoop.hdds.scm.XceiverClientRatis.watchForCommit(XceiverClientRatis.java:259)
	at org.apache.hadoop.hdds.scm.storage.CommitWatcher.watchForCommit(CommitWatcher.java:194)
	at org.apache.hadoop.hdds.scm.storage.CommitWatcher.watchOnLastIndex(CommitWatcher.java:157)
	at org.apache.hadoop.hdds.scm.storage.BlockOutputStream.watchForCommit(BlockOutputStream.java:347)
	at org.apache.hadoop.hdds.scm.storage.BlockOutputStream.handleFlush(BlockOutputStream.java:479)
	at org.apache.hadoop.hdds.scm.storage.BlockOutputStream.close(BlockOutputStream.java:493)
	at org.apache.hadoop.ozone.client.io.BlockOutputStreamEntry.close(BlockOutputStreamEntry.java:143)
	at org.apache.hadoop.ozone.client.io.KeyOutputStream.handleFlushOrClose(KeyOutputStream.java:438)
	at org.apache.hadoop.ozone.client.io.KeyOutputStream.handleWrite(KeyOutputStream.java:235)
	at org.apache.hadoop.ozone.client.io.KeyOutputStream.write(KeyOutputStream.java:193)
	at org.apache.hadoop.ozone.client.io.OzoneOutputStream.write(OzoneOutputStream.java:49)
	at java.io.OutputStream.write(OutputStream.java:75)
	at org.apache.hadoop.ozone.client.rpc.TestCloseContainerHandlingByClient.testMultiBlockWrites2(TestCloseContainerHandlingByClient.java:243)
	at sun.reflect.NativeMethodAccessorImpl.invoke0(Native Method)
	at sun.reflect.NativeMethodAccessorImpl.invoke(NativeMethodAccessorImpl.java:62)
	at sun.reflect.DelegatingMethodAccessorImpl.invoke(DelegatingMethodAccessorImpl.java:43)
	at java.lang.reflect.Method.invoke(Method.java:498)
	at org.junit.runners.model.FrameworkMethod$1.runReflectiveCall(FrameworkMethod.java:47)
	at org.junit.internal.runners.model.ReflectiveCallable.run(ReflectiveCallable.java:12)
	at org.junit.runners.model.FrameworkMethod.invokeExplosively(FrameworkMethod.java:44)
	at org.junit.internal.runners.statements.InvokeMethod.evaluate(InvokeMethod.java:17)
	at org.junit.runners.ParentRunner.runLeaf(ParentRunner.java:271)
	at org.junit.runners.BlockJUnit4ClassRunner.runChild(BlockJUnit4ClassRunner.java:70)
	at org.junit.runners.BlockJUnit4ClassRunner.runChild(BlockJUnit4ClassRunner.java:50)
	at org.junit.runners.ParentRunner$3.run(ParentRunner.java:238)
	at org.junit.runners.ParentRunner$1.schedule(ParentRunner.java:63)
	at org.junit.runners.ParentRunner.runChildren(ParentRunner.java:236)
	at org.junit.runners.ParentRunner.access$000(ParentRunner.java:53)
	at org.junit.runners.ParentRunner$2.evaluate(ParentRunner.java:229)
	at org.junit.internal.runners.statements.RunBefores.evaluate(RunBefores.java:26)
	at org.junit.internal.runners.statements.RunAfters.evaluate(RunAfters.java:27)
	at org.junit.runners.ParentRunner.run(ParentRunner.java:309)
	at org.apache.maven.surefire.junit4.JUnit4Provider.execute(JUnit4Provider.java:365)
	at org.apache.maven.surefire.junit4.JUnit4Provider.executeWithRerun(JUnit4Provider.java:273)
	at org.apache.maven.surefire.junit4.JUnit4Provider.executeTestSet(JUnit4Provider.java:238)
	at org.apache.maven.surefire.junit4.JUnit4Provider.invoke(JUnit4Provider.java:159)
	at org.apache.maven.surefire.booter.ForkedBooter.invokeProviderInSameClassLoader(ForkedBooter.java:384)
	at org.apache.maven.surefire.booter.ForkedBooter.runSuitesInProcess(ForkedBooter.java:345)
	at org.apache.maven.surefire.booter.ForkedBooter.execute(ForkedBooter.java:126)
	at org.apache.maven.surefire.booter.ForkedBooter.main(ForkedBooter.java:418)
2019-09-12 04:24:43,896 [grpc-default-executor-11] INFO  client.GrpcClientProtocolClient (GrpcClientProtocolClient.java:onNext(264)) - client-C7E4314964D6->8466bef0-9559-4d2e-b20d-aaf3fd2b14fd: receive RaftClientReply:client-C7E4314964D6->8466bef0-9559-4d2e-b20d-aaf3fd2b14fd@group-6371820A5F4C, cid=424, SUCCESS, logIndex=0, commits[8466bef0-9559-4d2e-b20d-aaf3fd2b14fd:c44, 897fdfd8-a3cb-4c9b-9ef8-a626c4e76414:c29, 90957f92-0013-496b-a419-9c1212c810e8:c44]
2019-09-12 04:24:43,896 [main] INFO  scm.XceiverClientRatis (XceiverClientRatis.java:lambda$watchForCommit$7(280)) - Could not commit index 42 on pipeline Pipeline[ Id: 24a3be0d-b2af-45ba-b6eb-6371820a5f4c, Nodes: 90957f92-0013-496b-a419-9c1212c810e8{ip: 192.168.34.8, host: pr-hdds-1879-pbs75-1821932185, networkLocation: /default-rack, certSerialId: null}8466bef0-9559-4d2e-b20d-aaf3fd2b14fd{ip: 192.168.34.8, host: pr-hdds-1879-pbs75-1821932185, networkLocation: /default-rack, certSerialId: null}897fdfd8-a3cb-4c9b-9ef8-a626c4e76414{ip: 192.168.34.8, host: pr-hdds-1879-pbs75-1821932185, networkLocation: /default-rack, certSerialId: null}, Type:RATIS, Factor:THREE, State:OPEN] to all the nodes. Server 897fdfd8-a3cb-4c9b-9ef8-a626c4e76414 has failed. Committed by majority.
2019-09-12 04:24:43,897 [main] WARN  storage.BlockOutputStream (BlockOutputStream.java:watchForCommit(353)) - Failed to commit BlockId conID: 15 locID: 102777636286496790 bcsId: 42 on Pipeline[ Id: 24a3be0d-b2af-45ba-b6eb-6371820a5f4c, Nodes: 90957f92-0013-496b-a419-9c1212c810e8{ip: 192.168.34.8, host: pr-hdds-1879-pbs75-1821932185, networkLocation: /default-rack, certSerialId: null}8466bef0-9559-4d2e-b20d-aaf3fd2b14fd{ip: 192.168.34.8, host: pr-hdds-1879-pbs75-1821932185, networkLocation: /default-rack, certSerialId: null}897fdfd8-a3cb-4c9b-9ef8-a626c4e76414{ip: 192.168.34.8, host: pr-hdds-1879-pbs75-1821932185, networkLocation: /default-rack, certSerialId: null}, Type:RATIS, Factor:THREE, State:OPEN]. Failed nodes: [897fdfd8-a3cb-4c9b-9ef8-a626c4e76414{ip: null, host: null, networkLocation: /default-rack, certSerialId: null}]
2019-09-12 04:24:44,392 [java.util.concurrent.ThreadPoolExecutor$Worker@545d3615[State = -1, empty queue]] WARN  server.GrpcLogAppender (GrpcLogAppender.java:timeoutAppendRequest(200)) - 8466bef0-9559-4d2e-b20d-aaf3fd2b14fd@group-6371820A5F4C->897fdfd8-a3cb-4c9b-9ef8-a626c4e76414-GrpcLogAppender: appendEntries Timeout, request=8466bef0-9559-4d2e-b20d-aaf3fd2b14fd->897fdfd8-a3cb-4c9b-9ef8-a626c4e76414#219-t1, previous=(t:1, i:44), leaderCommit=44, initializing? false, entries: <empty>
2019-09-12 04:24:44,702 [grpc-default-executor-16] INFO  client.GrpcClientProtocolClient (GrpcClientProtocolClient.java:onNext(264)) - client-2230B74C5D8E->f3263f9a-ef6c-4ff4-a6b2-5a62e946b753: receive RaftClientReply:client-2230B74C5D8E->f3263f9a-ef6c-4ff4-a6b2-5a62e946b753@group-5B52E8B6CC20, cid=425, SUCCESS, logIndex=1, commits[f3263f9a-ef6c-4ff4-a6b2-5a62e946b753:c1, 2d4da40c-dd43-4554-9707-f6503cf38c80:c0, a413c2ef-7abc-47d7-b263-b9548e673ba5:c0]
2019-09-12 04:24:44,755 [Thread-3119] INFO  client.GrpcClientProtocolService (GrpcClientProtocolService.java:lambda$processClientRequest$0(278)) - Failed RaftClientRequest:client-C7E4314964D6->8466bef0-9559-4d2e-b20d-aaf3fd2b14fd@group-6371820A5F4C, cid=405, seq=0, Watch-ALL_COMMITTED(31), Message:<EMPTY>, reply=RaftClientReply:client-C7E4314964D6->8466bef0-9559-4d2e-b20d-aaf3fd2b14fd@group-6371820A5F4C, cid=405, FAILED org.apache.ratis.protocol.NotReplicatedException: Request with call Id 405 and log index 31 is not yet replicated to ALL_COMMITTED, logIndex=31, commits[8466bef0-9559-4d2e-b20d-aaf3fd2b14fd:c44, 897fdfd8-a3cb-4c9b-9ef8-a626c4e76414:c29, 90957f92-0013-496b-a419-9c1212c810e8:c44]
2019-09-12 04:24:44,761 [grpc-default-executor-11] INFO  client.GrpcClientProtocolClient (GrpcClientProtocolClient.java:onNext(264)) - client-C7E4314964D6->8466bef0-9559-4d2e-b20d-aaf3fd2b14fd: receive RaftClientReply:client-C7E4314964D6->8466bef0-9559-4d2e-b20d-aaf3fd2b14fd@group-6371820A5F4C, cid=405, FAILED org.apache.ratis.protocol.NotReplicatedException: Request with call Id 405 and log index 31 is not yet replicated to ALL_COMMITTED, logIndex=31, commits[8466bef0-9559-4d2e-b20d-aaf3fd2b14fd:c44, 897fdfd8-a3cb-4c9b-9ef8-a626c4e76414:c29, 90957f92-0013-496b-a419-9c1212c810e8:c44]
2019-09-12 04:24:44,839 [grpc-default-executor-11] INFO  client.GrpcClientProtocolClient (GrpcClientProtocolClient.java:onNext(264)) - client-2230B74C5D8E->f3263f9a-ef6c-4ff4-a6b2-5a62e946b753: receive RaftClientReply:client-2230B74C5D8E->f3263f9a-ef6c-4ff4-a6b2-5a62e946b753@group-5B52E8B6CC20, cid=426, SUCCESS, logIndex=3, commits[f3263f9a-ef6c-4ff4-a6b2-5a62e946b753:c4, 2d4da40c-dd43-4554-9707-f6503cf38c80:c3, a413c2ef-7abc-47d7-b263-b9548e673ba5:c3]
2019-09-12 04:24:45,075 [grpc-default-executor-16] INFO  client.GrpcClientProtocolClient (GrpcClientProtocolClient.java:onNext(264)) - client-2230B74C5D8E->f3263f9a-ef6c-4ff4-a6b2-5a62e946b753: receive RaftClientReply:client-2230B74C5D8E->f3263f9a-ef6c-4ff4-a6b2-5a62e946b753@group-5B52E8B6CC20, cid=427, SUCCESS, logIndex=5, commits[f3263f9a-ef6c-4ff4-a6b2-5a62e946b753:c6, 2d4da40c-dd43-4554-9707-f6503cf38c80:c3, a413c2ef-7abc-47d7-b263-b9548e673ba5:c4]
2019-09-12 04:24:45,146 [grpc-default-executor-16] INFO  client.GrpcClientProtocolClient (GrpcClientProtocolClient.java:onNext(264)) - client-2230B74C5D8E->f3263f9a-ef6c-4ff4-a6b2-5a62e946b753: receive RaftClientReply:client-2230B74C5D8E->f3263f9a-ef6c-4ff4-a6b2-5a62e946b753@group-5B52E8B6CC20, cid=428, SUCCESS, logIndex=6, commits[f3263f9a-ef6c-4ff4-a6b2-5a62e946b753:c8, 2d4da40c-dd43-4554-9707-f6503cf38c80:c6, a413c2ef-7abc-47d7-b263-b9548e673ba5:c6]
]]></system-out>
  </testcase>
  <testcase name="testMultiBlockWrites3" classname="org.apache.hadoop.ozone.client.rpc.TestCloseContainerHandlingByClient" time="47.647">
    <error message="Timed out waiting for condition. Thread diagnostics:&#10;Timestamp: 2019-09-12 04:25:32,489&#10;&#10;&quot;pool-86-thread-44&quot;  prio=5 tid=757 in Object.wait()&#10;java.lang.Thread.State: WAITING (on object monitor)&#10;        at sun.misc.Unsafe.park(Native Method)&#10;        at java.util.concurrent.locks.LockSupport.park(LockSupport.java:175)&#10;        at java.util.concurrent.locks.AbstractQueuedSynchronizer$ConditionObject.await(AbstractQueuedSynchronizer.java:2039)&#10;        at java.util.concurrent.ArrayBlockingQueue.take(ArrayBlockingQueue.java:403)&#10;        at java.util.concurrent.ThreadPoolExecutor.getTask(ThreadPoolExecutor.java:1074)&#10;        at java.util.concurrent.ThreadPoolExecutor.runWorker(ThreadPoolExecutor.java:1134)&#10;        at java.util.concurrent.ThreadPoolExecutor$Worker.run(ThreadPoolExecutor.java:624)&#10;        at java.lang.Thread.run(Thread.java:748)&#10;&quot;BlockDeletingService#1&quot; daemon prio=5 tid=525 in Object.wait()&#10;java.lang.Thread.State: WAITING (on object monitor)&#10;        at sun.misc.Unsafe.park(Native Method)&#10;        at java.util.concurrent.locks.LockSupport.park(LockSupport.java:175)&#10;        at java.util.concurrent.locks.AbstractQueuedSynchronizer$ConditionObject.await(AbstractQueuedSynchronizer.java:2039)&#10;        at java.util.concurrent.ScheduledThreadPoolExecutor$DelayedWorkQueue.take(ScheduledThreadPoolExecutor.java:1088)&#10;        at java.util.concurrent.ScheduledThreadPoolExecutor$DelayedWorkQueue.take(ScheduledThreadPoolExecutor.java:809)&#10;        at java.util.concurrent.ThreadPoolExecutor.getTask(ThreadPoolExecutor.java:1074)&#10;        at java.util.concurrent.ThreadPoolExecutor.runWorker(ThreadPoolExecutor.java:1134)&#10;        at java.util.concurrent.ThreadPoolExecutor$Worker.run(ThreadPoolExecutor.java:624)&#10;        at java.lang.Thread.run(Thread.java:748)&#10;&quot;pool-36-thread-56&quot;  prio=5 tid=456 in Object.wait()&#10;java.lang.Thread.State: WAITING (on object monitor)&#10;        at sun.misc.Unsafe.park(Native Method)&#10;        at java.util.concurrent.locks.LockSupport.park(LockSupport.java:175)&#10;        at java.util.concurrent.locks.AbstractQueuedSynchronizer$ConditionObject.await(AbstractQueuedSynchronizer.java:2039)&#10;        at java.util.concurrent.ArrayBlockingQueue.take(ArrayBlockingQueue.java:403)&#10;        at java.util.concurrent.ThreadPoolExecutor.getTask(ThreadPoolExecutor.java:1074)&#10;        at java.util.concurrent.ThreadPoolExecutor.runWorker(ThreadPoolExecutor.java:1134)&#10;        at java.util.concurrent.ThreadPoolExecutor$Worker.run(ThreadPoolExecutor.java:624)&#10;        at java.lang.Thread.run(Thread.java:748)&#10;&quot;metrics-hadoop-metrics2-reporter-36-thread-1&quot; daemon prio=5 tid=2222 timed_waiting&#10;java.lang.Thread.State: TIMED_WAITING&#10;        at sun.misc.Unsafe.park(Native Method)&#10;        at java.util.concurrent.locks.LockSupport.parkNanos(LockSupport.java:215)&#10;        at java.util.concurrent.locks.AbstractQueuedSynchronizer$ConditionObject.awaitNanos(AbstractQueuedSynchronizer.java:2078)&#10;        at java.util.concurrent.ScheduledThreadPoolExecutor$DelayedWorkQueue.take(ScheduledThreadPoolExecutor.java:1093)&#10;        at java.util.concurrent.ScheduledThreadPoolExecutor$DelayedWorkQueue.take(ScheduledThreadPoolExecutor.java:809)&#10;        at java.util.concurrent.ThreadPoolExecutor.getTask(ThreadPoolExecutor.java:1074)&#10;        at java.util.concurrent.ThreadPoolExecutor.runWorker(ThreadPoolExecutor.java:1134)&#10;        at java.util.concurrent.ThreadPoolExecutor$Worker.run(ThreadPoolExecutor.java:624)&#10;        at java.lang.Thread.run(Thread.java:748)&#10;&quot;Thread-296&quot; daemon prio=5 tid=903 timed_waiting&#10;java.lang.Thread.State: TIMED_WAITING&#10;        at sun.misc.Unsafe.park(Native Method)&#10;        at java.util.concurrent.locks.LockSupport.parkNanos(LockSupport.java:215)&#10;        at java.util.concurrent.locks.AbstractQueuedSynchronizer$ConditionObject.awaitNanos(AbstractQueuedSynchronizer.java:2078)&#10;        at java.util.concurrent.ArrayBlockingQueue.poll(ArrayBlockingQueue.java:418)&#10;        at org.apache.ratis.server.impl.LeaderState$EventQueue.poll(LeaderState.java:115)&#10;        at org.apache.ratis.server.impl.LeaderState$EventProcessor.run(LeaderState.java:457)&#10;&quot;pool-46-thread-29&quot;  prio=5 tid=489 in Object.wait()&#10;java.lang.Thread.State: WAITING (on object monitor)&#10;        at sun.misc.Unsafe.park(Native Method)&#10;        at java.util.concurrent.locks.LockSupport.park(LockSupport.java:175)&#10;        at java.util.concurrent.locks.AbstractQueuedSynchronizer$ConditionObject.await(AbstractQueuedSynchronizer.java:2039)&#10;        at java.util.concurrent.ArrayBlockingQueue.take(ArrayBlockingQueue.java:403)&#10;        at java.util.concurrent.ThreadPoolExecutor.getTask(ThreadPoolExecutor.java:1074)&#10;        at java.util.concurrent.ThreadPoolExecutor.runWorker(ThreadPoolExecutor.java:1134)&#10;        at java.util.concurrent.ThreadPoolExecutor$Worker.run(ThreadPoolExecutor.java:624)&#10;        at java.lang.Thread.run(Thread.java:748)&#10;&quot;org.eclipse.jetty.server.session.HashSessionManager@c27a3a2Timer&quot; daemon prio=5 tid=194 timed_waiting&#10;java.lang.Thread.State: TIMED_WAITING&#10;        at sun.misc.Unsafe.park(Native Method)&#10;        at java.util.concurrent.locks.LockSupport.parkNanos(LockSupport.java:215)&#10;        at java.util.concurrent.locks.AbstractQueuedSynchronizer$ConditionObject.awaitNanos(AbstractQueuedSynchronizer.java:2078)&#10;        at java.util.concurrent.ScheduledThreadPoolExecutor$DelayedWorkQueue.take(ScheduledThreadPoolExecutor.java:1093)&#10;        at java.util.concurrent.ScheduledThreadPoolExecutor$DelayedWorkQueue.take(ScheduledThreadPoolExecutor.java:809)&#10;        at java.util.concurrent.ThreadPoolExecutor.getTask(ThreadPoolExecutor.java:1074)&#10;        at java.util.concurrent.ThreadPoolExecutor.runWorker(ThreadPoolExecutor.java:1134)&#10;        at java.util.concurrent.ThreadPoolExecutor$Worker.run(ThreadPoolExecutor.java:624)&#10;        at java.lang.Thread.run(Thread.java:748)&#10;&quot;pool-56-thread-27&quot;  prio=5 tid=554 in Object.wait()&#10;java.lang.Thread.State: WAITING (on object monitor)&#10;        at sun.misc.Unsafe.park(Native Method)&#10;        at java.util.concurrent.locks.LockSupport.park(LockSupport.java:175)&#10;        at java.util.concurrent.locks.AbstractQueuedSynchronizer$ConditionObject.await(AbstractQueuedSynchronizer.java:2039)&#10;        at java.util.concurrent.ArrayBlockingQueue.take(ArrayBlockingQueue.java:403)&#10;        at java.util.concurrent.ThreadPoolExecutor.getTask(ThreadPoolExecutor.java:1074)&#10;        at java.util.concurrent.ThreadPoolExecutor.runWorker(ThreadPoolExecutor.java:1134)&#10;        at java.util.concurrent.ThreadPoolExecutor$Worker.run(ThreadPoolExecutor.java:624)&#10;        at java.lang.Thread.run(Thread.java:748)&#10;&quot;pool-26-thread-41&quot;  prio=5 tid=381 in Object.wait()&#10;java.lang.Thread.State: WAITING (on object monitor)&#10;        at sun.misc.Unsafe.park(Native Method)&#10;        at java.util.concurrent.locks.LockSupport.park(LockSupport.java:175)&#10;        at java.util.concurrent.locks.AbstractQueuedSynchronizer$ConditionObject.await(AbstractQueuedSynchronizer.java:2039)&#10;        at java.util.concurrent.ArrayBlockingQueue.take(ArrayBlockingQueue.java:403)&#10;        at java.util.concurrent.ThreadPoolExecutor.getTask(ThreadPoolExecutor.java:1074)&#10;        at java.util.concurrent.ThreadPoolExecutor.runWorker(ThreadPoolExecutor.java:1134)&#10;        at java.util.concurrent.ThreadPoolExecutor$Worker.run(ThreadPoolExecutor.java:624)&#10;        at java.lang.Thread.run(Thread.java:748)&#10;&quot;pool-36-thread-21&quot;  prio=5 tid=421 in Object.wait()&#10;java.lang.Thread.State: WAITING (on object monitor)&#10;        at sun.misc.Unsafe.park(Native Method)&#10;        at java.util.concurrent.locks.LockSupport.park(LockSupport.java:175)&#10;        at java.util.concurrent.locks.AbstractQueuedSynchronizer$ConditionObject.await(AbstractQueuedSynchronizer.java:2039)&#10;        at java.util.concurrent.ArrayBlockingQueue.take(ArrayBlockingQueue.java:403)&#10;        at java.util.concurrent.ThreadPoolExecutor.getTask(ThreadPoolExecutor.java:1074)&#10;        at java.util.concurrent.ThreadPoolExecutor.runWorker(ThreadPoolExecutor.java:1134)&#10;        at java.util.concurrent.ThreadPoolExecutor$Worker.run(ThreadPoolExecutor.java:624)&#10;        at java.lang.Thread.run(Thread.java:748)&#10;&quot;refreshUsed-/workdir/hadoop-ozone/integration-test/target/test-dir/MiniOzoneClusterImpl-60a3af6c-3451-4a8a-82ad-625647a1d2f0/datanode-6/data/containers&quot; daemon prio=5 tid=316 timed_waiting&#10;java.lang.Thread.State: TIMED_WAITING&#10;        at java.lang.Thread.sleep(Native Method)&#10;        at org.apache.hadoop.fs.CachingGetSpaceUsed$RefreshThread.run(CachingGetSpaceUsed.java:179)&#10;        at java.lang.Thread.run(Thread.java:748)&#10;&quot;metrics-hadoop-metrics2-reporter-13-thread-1&quot; daemon prio=5 tid=845 timed_waiting&#10;java.lang.Thread.State: TIMED_WAITING&#10;        at sun.misc.Unsafe.park(Native Method)&#10;        at java.util.concurrent.locks.LockSupport.parkNanos(LockSupport.java:215)&#10;        at java.util.concurrent.locks.AbstractQueuedSynchronizer$ConditionObject.awaitNanos(AbstractQueuedSynchronizer.java:2078)&#10;        at java.util.concurrent.ScheduledThreadPoolExecutor$DelayedWorkQueue.take(ScheduledThreadPoolExecutor.java:1093)&#10;        at java.util.concurrent.ScheduledThreadPoolExecutor$DelayedWorkQueue.take(ScheduledThreadPoolExecutor.java:809)&#10;        at java.util.concurrent.ThreadPoolExecutor.getTask(ThreadPoolExecutor.java:1074)&#10;        at java.util.concurrent.ThreadPoolExecutor.runWorker(ThreadPoolExecutor.java:1134)&#10;        at java.util.concurrent.ThreadPoolExecutor$Worker.run(ThreadPoolExecutor.java:624)&#10;        at java.lang.Thread.run(Thread.java:748)&#10;&quot;java.util.concurrent.ThreadPoolExecutor$Worker@5a78be13[State = -1, empty queue]&quot; daemon prio=5 tid=3974 runnable&#10;java.lang.Thread.State: RUNNABLE&#10;        at java.util.concurrent.ScheduledThreadPoolExecutor$DelayedWorkQueue.poll(ScheduledThreadPoolExecutor.java:809)&#10;        at java.util.concurrent.ThreadPoolExecutor.getTask(ThreadPoolExecutor.java:1073)&#10;        at java.util.concurrent.ThreadPoolExecutor.runWorker(ThreadPoolExecutor.java:1134)&#10;        at java.util.concurrent.ThreadPoolExecutor$Worker.run(ThreadPoolExecutor.java:624)&#10;        at java.lang.Thread.run(Thread.java:748)&#10;&quot;SCMBlockDeletingService#0&quot; daemon prio=5 tid=101 timed_waiting&#10;java.lang.Thread.State: TIMED_WAITING&#10;        at sun.misc.Unsafe.park(Native Method)&#10;        at java.util.concurrent.locks.LockSupport.parkNanos(LockSupport.java:215)&#10;        at java.util.concurrent.locks.AbstractQueuedSynchronizer$ConditionObject.awaitNanos(AbstractQueuedSynchronizer.java:2078)&#10;        at java.util.concurrent.ScheduledThreadPoolExecutor$DelayedWorkQueue.take(ScheduledThreadPoolExecutor.java:1093)&#10;        at java.util.concurrent.ScheduledThreadPoolExecutor$DelayedWorkQueue.take(ScheduledThreadPoolExecutor.java:809)&#10;        at java.util.concurrent.ThreadPoolExecutor.getTask(ThreadPoolExecutor.java:1074)&#10;        at java.util.concurrent.ThreadPoolExecutor.runWorker(ThreadPoolExecutor.java:1134)&#10;        at java.util.concurrent.ThreadPoolExecutor$Worker.run(ThreadPoolExecutor.java:624)&#10;        at java.lang.Thread.run(Thread.java:748)&#10;&quot;RatisApplyTransactionExecutor 0&quot; daemon prio=5 tid=2407 in Object.wait()&#10;java.lang.Thread.State: WAITING (on object monitor)&#10;        at sun.misc.Unsafe.park(Native Method)&#10;        at java.util.concurrent.locks.LockSupport.park(LockSupport.java:175)&#10;        at java.util.concurrent.locks.AbstractQueuedSynchronizer$ConditionObject.await(AbstractQueuedSynchronizer.java:2039)&#10;        at java.util.concurrent.LinkedBlockingQueue.take(LinkedBlockingQueue.java:442)&#10;        at java.util.concurrent.ThreadPoolExecutor.getTask(ThreadPoolExecutor.java:1074)&#10;        at java.util.concurrent.ThreadPoolExecutor.runWorker(ThreadPoolExecutor.java:1134)&#10;        at java.util.concurrent.ThreadPoolExecutor$Worker.run(ThreadPoolExecutor.java:624)&#10;        at java.lang.Thread.run(Thread.java:748)&#10;&quot;pool-66-thread-4&quot;  prio=5 tid=593 in Object.wait()&#10;java.lang.Thread.State: WAITING (on object monitor)&#10;        at sun.misc.Unsafe.park(Native Method)&#10;        at java.util.concurrent.locks.LockSupport.park(LockSupport.java:175)&#10;        at java.util.concurrent.locks.AbstractQueuedSynchronizer$ConditionObject.await(AbstractQueuedSynchronizer.java:2039)&#10;        at java.util.concurrent.ArrayBlockingQueue.take(ArrayBlockingQueue.java:403)&#10;        at java.util.concurrent.ThreadPoolExecutor.getTask(ThreadPoolExecutor.java:1074)&#10;        at java.util.concurrent.ThreadPoolExecutor.runWorker(ThreadPoolExecutor.java:1134)&#10;        at java.util.concurrent.ThreadPoolExecutor$Worker.run(ThreadPoolExecutor.java:624)&#10;        at java.lang.Thread.run(Thread.java:748)&#10;&quot;pool-76-thread-36&quot;  prio=5 tid=687 in Object.wait()&#10;java.lang.Thread.State: WAITING (on object monitor)&#10;        at sun.misc.Unsafe.park(Native Method)&#10;        at java.util.concurrent.locks.LockSupport.park(LockSupport.java:175)&#10;        at java.util.concurrent.locks.AbstractQueuedSynchronizer$ConditionObject.await(AbstractQueuedSynchronizer.java:2039)&#10;        at java.util.concurrent.ArrayBlockingQueue.take(ArrayBlockingQueue.java:403)&#10;        at java.util.concurrent.ThreadPoolExecutor.getTask(ThreadPoolExecutor.java:1074)&#10;        at java.util.concurrent.ThreadPoolExecutor.runWorker(ThreadPoolExecutor.java:1134)&#10;        at java.util.concurrent.ThreadPoolExecutor$Worker.run(ThreadPoolExecutor.java:624)&#10;        at java.lang.Thread.run(Thread.java:748)&#10;&quot;qtp1092382020-270&quot; daemon prio=5 tid=270 timed_waiting&#10;java.lang.Thread.State: TIMED_WAITING&#10;        at sun.misc.Unsafe.park(Native Method)&#10;        at java.util.concurrent.locks.LockSupport.parkNanos(LockSupport.java:215)&#10;        at java.util.concurrent.locks.AbstractQueuedSynchronizer$ConditionObject.awaitNanos(AbstractQueuedSynchronizer.java:2078)&#10;        at org.eclipse.jetty.util.BlockingArrayQueue.poll(BlockingArrayQueue.java:392)&#10;        at org.eclipse.jetty.util.thread.QueuedThreadPool.idleJobPoll(QueuedThreadPool.java:563)&#10;        at org.eclipse.jetty.util.thread.QueuedThreadPool.access$800(QueuedThreadPool.java:48)&#10;        at org.eclipse.jetty.util.thread.QueuedThreadPool$2.run(QueuedThreadPool.java:626)&#10;        at java.lang.Thread.run(Thread.java:748)&#10;&quot;IPC Server handler 17 on 40419&quot; daemon prio=5 tid=46 timed_waiting&#10;java.lang.Thread.State: TIMED_WAITING&#10;        at sun.misc.Unsafe.park(Native Method)&#10;        at java.util.concurrent.locks.LockSupport.parkNanos(LockSupport.java:215)&#10;        at java.util.concurrent.locks.AbstractQueuedSynchronizer$ConditionObject.awaitNanos(AbstractQueuedSynchronizer.java:2078)&#10;        at java.util.concurrent.LinkedBlockingQueue.poll(LinkedBlockingQueue.java:467)&#10;        at org.apache.hadoop.ipc.CallQueueManager.take(CallQueueManager.java:288)&#10;        at org.apache.hadoop.ipc.Server$Handler.run(Server.java:2668)&#10;&quot;pool-76-thread-38&quot;  prio=5 tid=689 in Object.wait()&#10;java.lang.Thread.State: WAITING (on object monitor)&#10;        at sun.misc.Unsafe.park(Native Method)&#10;        at java.util.concurrent.locks.LockSupport.park(LockSupport.java:175)&#10;        at java.util.concurrent.locks.AbstractQueuedSynchronizer$ConditionObject.await(AbstractQueuedSynchronizer.java:2039)&#10;        at java.util.concurrent.ArrayBlockingQueue.take(ArrayBlockingQueue.java:403)&#10;        at java.util.concurrent.ThreadPoolExecutor.getTask(ThreadPoolExecutor.java:1074)&#10;        at java.util.concurrent.ThreadPoolExecutor.runWorker(ThreadPoolExecutor.java:1134)&#10;        at java.util.concurrent.ThreadPoolExecutor$Worker.run(ThreadPoolExecutor.java:624)&#10;        at java.lang.Thread.run(Thread.java:748)&#10;&quot;IPC Server handler 6 on 40610&quot; daemon prio=5 tid=121 timed_waiting&#10;java.lang.Thread.State: TIMED_WAITING&#10;        at sun.misc.Unsafe.park(Native Method)&#10;        at java.util.concurrent.locks.LockSupport.parkNanos(LockSupport.java:215)&#10;        at java.util.concurrent.locks.AbstractQueuedSynchronizer$ConditionObject.awaitNanos(AbstractQueuedSynchronizer.java:2078)&#10;        at java.util.concurrent.LinkedBlockingQueue.poll(LinkedBlockingQueue.java:467)&#10;        at org.apache.hadoop.ipc.CallQueueManager.take(CallQueueManager.java:288)&#10;        at org.apache.hadoop.ipc.Server$Handler.run(Server.java:2668)&#10;&quot;pool-66-thread-39&quot;  prio=5 tid=628 in Object.wait()&#10;java.lang.Thread.State: WAITING (on object monitor)&#10;        at sun.misc.Unsafe.park(Native Method)&#10;        at java.util.concurrent.locks.LockSupport.park(LockSupport.java:175)&#10;        at java.util.concurrent.locks.AbstractQueuedSynchronizer$ConditionObject.await(AbstractQueuedSynchronizer.java:2039)&#10;        at java.util.concurrent.ArrayBlockingQueue.take(ArrayBlockingQueue.java:403)&#10;        at java.util.concurrent.ThreadPoolExecutor.getTask(ThreadPoolExecutor.java:1074)&#10;        at java.util.concurrent.ThreadPoolExecutor.runWorker(ThreadPoolExecutor.java:1134)&#10;        at java.util.concurrent.ThreadPoolExecutor$Worker.run(ThreadPoolExecutor.java:624)&#10;        at java.lang.Thread.run(Thread.java:748)&#10;&quot;pool-76-thread-45&quot;  prio=5 tid=696 in Object.wait()&#10;java.lang.Thread.State: WAITING (on object monitor)&#10;        at sun.misc.Unsafe.park(Native Method)&#10;        at java.util.concurrent.locks.LockSupport.park(LockSupport.java:175)&#10;        at java.util.concurrent.locks.AbstractQueuedSynchronizer$ConditionObject.await(AbstractQueuedSynchronizer.java:2039)&#10;        at java.util.concurrent.ArrayBlockingQueue.take(ArrayBlockingQueue.java:403)&#10;        at java.util.concurrent.ThreadPoolExecutor.getTask(ThreadPoolExecutor.java:1074)&#10;        at java.util.concurrent.ThreadPoolExecutor.runWorker(ThreadPoolExecutor.java:1134)&#10;        at java.util.concurrent.ThreadPoolExecutor$Worker.run(ThreadPoolExecutor.java:624)&#10;        at java.lang.Thread.run(Thread.java:748)&#10;&quot;pool-46-thread-40&quot;  prio=5 tid=500 in Object.wait()&#10;java.lang.Thread.State: WAITING (on object monitor)&#10;        at sun.misc.Unsafe.park(Native Method)&#10;        at java.util.concurrent.locks.LockSupport.park(LockSupport.java:175)&#10;        at java.util.concurrent.locks.AbstractQueuedSynchronizer$ConditionObject.await(AbstractQueuedSynchronizer.java:2039)&#10;        at java.util.concurrent.ArrayBlockingQueue.take(ArrayBlockingQueue.java:403)&#10;        at java.util.concurrent.ThreadPoolExecutor.getTask(ThreadPoolExecutor.java:1074)&#10;        at java.util.concurrent.ThreadPoolExecutor.runWorker(ThreadPoolExecutor.java:1134)&#10;        at java.util.concurrent.ThreadPoolExecutor$Worker.run(ThreadPoolExecutor.java:624)&#10;        at java.lang.Thread.run(Thread.java:748)&#10;&quot;surefire-forkedjvm-ping-30s&quot; daemon prio=5 tid=9 timed_waiting&#10;java.lang.Thread.State: TIMED_WAITING&#10;        at sun.misc.Unsafe.park(Native Method)&#10;        at java.util.concurrent.locks.LockSupport.parkNanos(LockSupport.java:215)&#10;        at java.util.concurrent.locks.AbstractQueuedSynchronizer$ConditionObject.awaitNanos(AbstractQueuedSynchronizer.java:2078)&#10;        at java.util.concurrent.ScheduledThreadPoolExecutor$DelayedWorkQueue.take(ScheduledThreadPoolExecutor.java:1093)&#10;        at java.util.concurrent.ScheduledThreadPoolExecutor$DelayedWorkQueue.take(ScheduledThreadPoolExecutor.java:809)&#10;        at java.util.concurrent.ThreadPoolExecutor.getTask(ThreadPoolExecutor.java:1074)&#10;        at java.util.concurrent.ThreadPoolExecutor.runWorker(ThreadPoolExecutor.java:1134)&#10;        at java.util.concurrent.ThreadPoolExecutor$Worker.run(ThreadPoolExecutor.java:624)&#10;        at java.lang.Thread.run(Thread.java:748)&#10;&quot;qtp2075074394-219&quot; daemon prio=5 tid=219 timed_waiting&#10;java.lang.Thread.State: TIMED_WAITING&#10;        at sun.misc.Unsafe.park(Native Method)&#10;        at java.util.concurrent.locks.LockSupport.parkNanos(LockSupport.java:215)&#10;        at java.util.concurrent.locks.AbstractQueuedSynchronizer$ConditionObject.awaitNanos(AbstractQueuedSynchronizer.java:2078)&#10;        at org.eclipse.jetty.util.BlockingArrayQueue.poll(BlockingArrayQueue.java:392)&#10;        at org.eclipse.jetty.util.thread.QueuedThreadPool.idleJobPoll(QueuedThreadPool.java:563)&#10;        at org.eclipse.jetty.util.thread.QueuedThreadPool.access$800(QueuedThreadPool.java:48)&#10;        at org.eclipse.jetty.util.thread.QueuedThreadPool$2.run(QueuedThreadPool.java:626)&#10;        at java.lang.Thread.run(Thread.java:748)&#10;&quot;metrics-hadoop-metrics2-reporter-14-thread-1&quot; daemon prio=5 tid=848 timed_waiting&#10;java.lang.Thread.State: TIMED_WAITING&#10;        at sun.misc.Unsafe.park(Native Method)&#10;        at java.util.concurrent.locks.LockSupport.parkNanos(LockSupport.java:215)&#10;        at java.util.concurrent.locks.AbstractQueuedSynchronizer$ConditionObject.awaitNanos(AbstractQueuedSynchronizer.java:2078)&#10;        at java.util.concurrent.ScheduledThreadPoolExecutor$DelayedWorkQueue.take(ScheduledThreadPoolExecutor.java:1093)&#10;        at java.util.concurrent.ScheduledThreadPoolExecutor$DelayedWorkQueue.take(ScheduledThreadPoolExecutor.java:809)&#10;        at java.util.concurrent.ThreadPoolExecutor.getTask(ThreadPoolExecutor.java:1074)&#10;        at java.util.concurrent.ThreadPoolExecutor.runWorker(ThreadPoolExecutor.java:1134)&#10;        at java.util.concurrent.ThreadPoolExecutor$Worker.run(ThreadPoolExecutor.java:624)&#10;        at java.lang.Thread.run(Thread.java:748)&#10;&quot;pool-86-thread-6&quot;  prio=5 tid=719 in Object.wait()&#10;java.lang.Thread.State: WAITING (on object monitor)&#10;        at sun.misc.Unsafe.park(Native Method)&#10;        at java.util.concurrent.locks.LockSupport.park(LockSupport.java:175)&#10;        at java.util.concurrent.locks.AbstractQueuedSynchronizer$ConditionObject.await(AbstractQueuedSynchronizer.java:2039)&#10;        at java.util.concurrent.ArrayBlockingQueue.take(ArrayBlockingQueue.java:403)&#10;        at java.util.concurrent.ThreadPoolExecutor.getTask(ThreadPoolExecutor.java:1074)&#10;        at java.util.concurrent.ThreadPoolExecutor.runWorker(ThreadPoolExecutor.java:1134)&#10;        at java.util.concurrent.ThreadPoolExecutor$Worker.run(ThreadPoolExecutor.java:624)&#10;        at java.lang.Thread.run(Thread.java:748)&#10;&quot;pool-56-thread-24&quot;  prio=5 tid=551 in Object.wait()&#10;java.lang.Thread.State: WAITING (on object monitor)&#10;        at sun.misc.Unsafe.park(Native Method)&#10;        at java.util.concurrent.locks.LockSupport.park(LockSupport.java:175)&#10;        at java.util.concurrent.locks.AbstractQueuedSynchronizer$ConditionObject.await(AbstractQueuedSynchronizer.java:2039)&#10;        at java.util.concurrent.ArrayBlockingQueue.take(ArrayBlockingQueue.java:403)&#10;        at java.util.concurrent.ThreadPoolExecutor.getTask(ThreadPoolExecutor.java:1074)&#10;        at java.util.concurrent.ThreadPoolExecutor.runWorker(ThreadPoolExecutor.java:1134)&#10;        at java.util.concurrent.ThreadPoolExecutor$Worker.run(ThreadPoolExecutor.java:624)&#10;        at java.lang.Thread.run(Thread.java:748)&#10;&quot;pool-46-thread-58&quot;  prio=5 tid=518 in Object.wait()&#10;java.lang.Thread.State: WAITING (on object monitor)&#10;        at sun.misc.Unsafe.park(Native Method)&#10;        at java.util.concurrent.locks.LockSupport.park(LockSupport.java:175)&#10;        at java.util.concurrent.locks.AbstractQueuedSynchronizer$ConditionObject.await(AbstractQueuedSynchronizer.java:2039)&#10;        at java.util.concurrent.ArrayBlockingQueue.take(ArrayBlockingQueue.java:403)&#10;        at java.util.concurrent.ThreadPoolExecutor.getTask(ThreadPoolExecutor.java:1074)&#10;        at java.util.concurrent.ThreadPoolExecutor.runWorker(ThreadPoolExecutor.java:1134)&#10;        at java.util.concurrent.ThreadPoolExecutor$Worker.run(ThreadPoolExecutor.java:624)&#10;        at java.lang.Thread.run(Thread.java:748)&#10;&quot;pool-46-thread-7&quot;  prio=5 tid=467 in Object.wait()&#10;java.lang.Thread.State: WAITING (on object monitor)&#10;        at sun.misc.Unsafe.park(Native Method)&#10;        at java.util.concurrent.locks.LockSupport.park(LockSupport.java:175)&#10;        at java.util.concurrent.locks.AbstractQueuedSynchronizer$ConditionObject.await(AbstractQueuedSynchronizer.java:2039)&#10;        at java.util.concurrent.ArrayBlockingQueue.take(ArrayBlockingQueue.java:403)&#10;        at java.util.concurrent.ThreadPoolExecutor.getTask(ThreadPoolExecutor.java:1074)&#10;        at java.util.concurrent.ThreadPoolExecutor.runWorker(ThreadPoolExecutor.java:1134)&#10;        at java.util.concurrent.ThreadPoolExecutor$Worker.run(ThreadPoolExecutor.java:624)&#10;        at java.lang.Thread.run(Thread.java:748)&#10;&quot;metrics-hadoop-metrics2-reporter-34-thread-1&quot; daemon prio=5 tid=1678 timed_waiting&#10;java.lang.Thread.State: TIMED_WAITING&#10;        at sun.misc.Unsafe.park(Native Method)&#10;        at java.util.concurrent.locks.LockSupport.parkNanos(LockSupport.java:215)&#10;        at java.util.concurrent.locks.AbstractQueuedSynchronizer$ConditionObject.awaitNanos(AbstractQueuedSynchronizer.java:2078)&#10;        at java.util.concurrent.ScheduledThreadPoolExecutor$DelayedWorkQueue.take(ScheduledThreadPoolExecutor.java:1093)&#10;        at java.util.concurrent.ScheduledThreadPoolExecutor$DelayedWorkQueue.take(ScheduledThreadPoolExecutor.java:809)&#10;        at java.util.concurrent.ThreadPoolExecutor.getTask(ThreadPoolExecutor.java:1074)&#10;        at java.util.concurrent.ThreadPoolExecutor.runWorker(ThreadPoolExecutor.java:1134)&#10;        at java.util.concurrent.ThreadPoolExecutor$Worker.run(ThreadPoolExecutor.java:624)&#10;        at java.lang.Thread.run(Thread.java:748)&#10;&quot;pool-36-thread-58&quot;  prio=5 tid=458 in Object.wait()&#10;java.lang.Thread.State: WAITING (on object monitor)&#10;        at sun.misc.Unsafe.park(Native Method)&#10;        at java.util.concurrent.locks.LockSupport.park(LockSupport.java:175)&#10;        at java.util.concurrent.locks.AbstractQueuedSynchronizer$ConditionObject.await(AbstractQueuedSynchronizer.java:2039)&#10;        at java.util.concurrent.ArrayBlockingQueue.take(ArrayBlockingQueue.java:403)&#10;        at java.util.concurrent.ThreadPoolExecutor.getTask(ThreadPoolExecutor.java:1074)&#10;        at java.util.concurrent.ThreadPoolExecutor.runWorker(ThreadPoolExecutor.java:1134)&#10;        at java.util.concurrent.ThreadPoolExecutor$Worker.run(ThreadPoolExecutor.java:624)&#10;        at java.lang.Thread.run(Thread.java:748)&#10;&quot;qtp978035840-140&quot; daemon prio=5 tid=140 timed_waiting&#10;java.lang.Thread.State: TIMED_WAITING&#10;        at sun.misc.Unsafe.park(Native Method)&#10;        at java.util.concurrent.locks.LockSupport.parkNanos(LockSupport.java:215)&#10;        at java.util.concurrent.locks.AbstractQueuedSynchronizer$ConditionObject.awaitNanos(AbstractQueuedSynchronizer.java:2078)&#10;        at org.eclipse.jetty.util.BlockingArrayQueue.poll(BlockingArrayQueue.java:392)&#10;        at org.eclipse.jetty.util.thread.QueuedThreadPool.idleJobPoll(QueuedThreadPool.java:563)&#10;        at org.eclipse.jetty.util.thread.QueuedThreadPool.access$800(QueuedThreadPool.java:48)&#10;        at org.eclipse.jetty.util.thread.QueuedThreadPool$2.run(QueuedThreadPool.java:626)&#10;        at java.lang.Thread.run(Thread.java:748)&#10;&quot;IPC Server handler 15 on 40419&quot; daemon prio=5 tid=44 timed_waiting&#10;java.lang.Thread.State: TIMED_WAITING&#10;        at sun.misc.Unsafe.park(Native Method)&#10;        at java.util.concurrent.locks.LockSupport.parkNanos(LockSupport.java:215)&#10;        at java.util.concurrent.locks.AbstractQueuedSynchronizer$ConditionObject.awaitNanos(AbstractQueuedSynchronizer.java:2078)&#10;        at java.util.concurrent.LinkedBlockingQueue.poll(LinkedBlockingQueue.java:467)&#10;        at org.apache.hadoop.ipc.CallQueueManager.take(CallQueueManager.java:288)&#10;        at org.apache.hadoop.ipc.Server$Handler.run(Server.java:2668)&#10;&quot;Datanode State Machine Thread - 0&quot; daemon prio=5 tid=170 timed_waiting&#10;java.lang.Thread.State: TIMED_WAITING&#10;        at java.lang.Thread.sleep(Native Method)&#10;        at org.apache.hadoop.ozone.container.common.statemachine.DatanodeStateMachine.start(DatanodeStateMachine.java:191)&#10;        at org.apache.hadoop.ozone.container.common.statemachine.DatanodeStateMachine.lambda$startDaemon$0(DatanodeStateMachine.java:349)&#10;        at org.apache.hadoop.ozone.container.common.statemachine.DatanodeStateMachine$$Lambda$136/1673604690.run(Unknown Source)&#10;        at java.lang.Thread.run(Thread.java:748)&#10;&quot;main&quot;  prio=5 tid=1 runnable&#10;java.lang.Thread.State: RUNNABLE&#10;        at java.lang.Thread.dumpThreads(Native Method)&#10;        at java.lang.Thread.getAllStackTraces(Thread.java:1610)&#10;        at org.apache.hadoop.test.TimedOutTestsListener.buildThreadDump(TimedOutTestsListener.java:87)&#10;        at org.apache.hadoop.test.TimedOutTestsListener.buildThreadDiagnosticString(TimedOutTestsListener.java:73)&#10;        at org.apache.hadoop.test.GenericTestUtils.waitFor(GenericTestUtils.java:389)&#10;        at org.apache.hadoop.ozone.container.ContainerTestHelper.waitForContainerClose(ContainerTestHelper.java:863)&#10;        at org.apache.hadoop.ozone.container.ContainerTestHelper.waitForContainerClose(ContainerTestHelper.java:741)&#10;        at org.apache.hadoop.ozone.client.rpc.TestCloseContainerHandlingByClient.waitForContainerClose(TestCloseContainerHandlingByClient.java:342)&#10;        at org.apache.hadoop.ozone.client.rpc.TestCloseContainerHandlingByClient.testMultiBlockWrites3(TestCloseContainerHandlingByClient.java:310)&#10;        at sun.reflect.NativeMethodAccessorImpl.invoke0(Native Method)&#10;        at sun.reflect.NativeMethodAccessorImpl.invoke(NativeMethodAccessorImpl.java:62)&#10;        at sun.reflect.DelegatingMethodAccessorImpl.invoke(DelegatingMethodAccessorImpl.java:43)&#10;        at java.lang.reflect.Method.invoke(Method.java:498)&#10;        at org.junit.runners.model.FrameworkMethod$1.runReflectiveCall(FrameworkMethod.java:47)&#10;        at org.junit.internal.runners.model.ReflectiveCallable.run(ReflectiveCallable.java:12)&#10;        at org.junit.runners.model.FrameworkMethod.invokeExplosively(FrameworkMethod.java:44)&#10;        at org.junit.internal.runners.statements.InvokeMethod.evaluate(InvokeMethod.java:17)&#10;        at org.junit.runners.ParentRunner.runLeaf(ParentRunner.java:271)&#10;        at org.junit.runners.BlockJUnit4ClassRunner.runChild(BlockJUnit4ClassRunner.java:70)&#10;        at org.junit.runners.BlockJUnit4ClassRunner.runChild(BlockJUnit4ClassRunner.java:50)&#10;        at org.junit.runners.ParentRunner$3.run(ParentRunner.java:238)&#10;        at org.junit.runners.ParentRunner$1.schedule(ParentRunner.java:63)&#10;        at org.junit.runners.ParentRunner.runChildren(ParentRunner.java:236)&#10;        at org.junit.runners.ParentRunner.access$000(ParentRunner.java:53)&#10;        at org.junit.runners.ParentRunner$2.evaluate(ParentRunner.java:229)&#10;        at org.junit.internal.runners.statements.RunBefores.evaluate(RunBefores.java:26)&#10;        at org.junit.internal.runners.statements.RunAfters.evaluate(RunAfters.java:27)&#10;        at org.junit.runners.ParentRunner.run(ParentRunner.java:309)&#10;        at org.apache.maven.surefire.junit4.JUnit4Provider.execute(JUnit4Provider.java:365)&#10;        at org.apache.maven.surefire.junit4.JUnit4Provider.executeWithRerun(JUnit4Provider.java:273)&#10;        at org.apache.maven.surefire.junit4.JUnit4Provider.executeTestSet(JUnit4Provider.java:238)&#10;        at org.apache.maven.surefire.junit4.JUnit4Provider.invoke(JUnit4Provider.java:159)&#10;        at org.apache.maven.surefire.booter.ForkedBooter.invokeProviderInSameClassLoader(ForkedBooter.java:384)&#10;        at org.apache.maven.surefire.booter.ForkedBooter.runSuitesInProcess(ForkedBooter.java:345)&#10;        at org.apache.maven.surefire.booter.ForkedBooter.execute(ForkedBooter.java:126)&#10;        at org.apache.maven.surefire.booter.ForkedBooter.main(ForkedBooter.java:418)&#10;&quot;pool-86-thread-43&quot;  prio=5 tid=756 in Object.wait()&#10;java.lang.Thread.State: WAITING (on object monitor)&#10;        at sun.misc.Unsafe.park(Native Method)&#10;        at java.util.concurrent.locks.LockSupport.park(LockSupport.java:175)&#10;        at java.util.concurrent.locks.AbstractQueuedSynchronizer$ConditionObject.await(AbstractQueuedSynchronizer.java:2039)&#10;        at java.util.concurrent.ArrayBlockingQueue.take(ArrayBlockingQueue.java:403)&#10;        at java.util.concurrent.ThreadPoolExecutor.getTask(ThreadPoolExecutor.java:1074)&#10;        at java.util.concurrent.ThreadPoolExecutor.runWorker(ThreadPoolExecutor.java:1134)&#10;        at java.util.concurrent.ThreadPoolExecutor$Worker.run(ThreadPoolExecutor.java:624)&#10;        at java.lang.Thread.run(Thread.java:748)&#10;&quot;pool-34-thread-1&quot; daemon prio=5 tid=183 in Object.wait()&#10;java.lang.Thread.State: WAITING (on object monitor)&#10;        at sun.misc.Unsafe.park(Native Method)&#10;        at java.util.concurrent.locks.LockSupport.park(LockSupport.java:175)&#10;        at java.util.concurrent.locks.AbstractQueuedSynchronizer$ConditionObject.await(AbstractQueuedSynchronizer.java:2039)&#10;        at java.util.concurrent.ScheduledThreadPoolExecutor$DelayedWorkQueue.take(ScheduledThreadPoolExecutor.java:1081)&#10;        at java.util.concurrent.ScheduledThreadPoolExecutor$DelayedWorkQueue.take(ScheduledThreadPoolExecutor.java:809)&#10;        at java.util.concurrent.ThreadPoolExecutor.getTask(ThreadPoolExecutor.java:1074)&#10;        at java.util.concurrent.ThreadPoolExecutor.runWorker(ThreadPoolExecutor.java:1134)&#10;        at java.util.concurrent.ThreadPoolExecutor$Worker.run(ThreadPoolExecutor.java:624)&#10;        at java.lang.Thread.run(Thread.java:748)&#10;&quot;Signal Dispatcher&quot; daemon prio=9 tid=4 runnable&#10;java.lang.Thread.State: RUNNABLE&#10;&quot;pool-46-thread-27&quot;  prio=5 tid=487 in Object.wait()&#10;java.lang.Thread.State: WAITING (on object monitor)&#10;        at sun.misc.Unsafe.park(Native Method)&#10;        at java.util.concurrent.locks.LockSupport.park(LockSupport.java:175)&#10;        at java.util.concurrent.locks.AbstractQueuedSynchronizer$ConditionObject.await(AbstractQueuedSynchronizer.java:2039)&#10;        at java.util.concurrent.ArrayBlockingQueue.take(ArrayBlockingQueue.java:403)&#10;        at java.util.concurrent.ThreadPoolExecutor.getTask(ThreadPoolExecutor.java:1074)&#10;        at java.util.concurrent.ThreadPoolExecutor.runWorker(ThreadPoolExecutor.java:1134)&#10;        at java.util.concurrent.ThreadPoolExecutor$Worker.run(ThreadPoolExecutor.java:624)&#10;        at java.lang.Thread.run(Thread.java:748)&#10;&quot;java.util.concurrent.ThreadPoolExecutor$Worker@40d282bd[State = -1, empty queue]&quot; daemon prio=5 tid=3899 runnable&#10;java.lang.Thread.State: RUNNABLE&#10;        at java.util.concurrent.ScheduledThreadPoolExecutor$DelayedWorkQueue.poll(ScheduledThreadPoolExecutor.java:809)&#10;        at java.util.concurrent.ThreadPoolExecutor.getTask(ThreadPoolExecutor.java:1073)&#10;        at java.util.concurrent.ThreadPoolExecutor.runWorker(ThreadPoolExecutor.java:1134)&#10;        at java.util.concurrent.ThreadPoolExecutor$Worker.run(ThreadPoolExecutor.java:624)&#10;        at java.lang.Thread.run(Thread.java:748)&#10;&quot;pool-86-thread-18&quot;  prio=5 tid=731 in Object.wait()&#10;java.lang.Thread.State: WAITING (on object monitor)&#10;        at sun.misc.Unsafe.park(Native Method)&#10;        at java.util.concurrent.locks.LockSupport.park(LockSupport.java:175)&#10;        at java.util.concurrent.locks.AbstractQueuedSynchronizer$ConditionObject.await(AbstractQueuedSynchronizer.java:2039)&#10;        at java.util.concurrent.ArrayBlockingQueue.take(ArrayBlockingQueue.java:403)&#10;        at java.util.concurrent.ThreadPoolExecutor.getTask(ThreadPoolExecutor.java:1074)&#10;        at java.util.concurrent.ThreadPoolExecutor.runWorker(ThreadPoolExecutor.java:1134)&#10;        at java.util.concurrent.ThreadPoolExecutor$Worker.run(ThreadPoolExecutor.java:624)&#10;        at java.lang.Thread.run(Thread.java:748)&#10;&quot;pool-86-thread-36&quot;  prio=5 tid=749 in Object.wait()&#10;java.lang.Thread.State: WAITING (on object monitor)&#10;        at sun.misc.Unsafe.park(Native Method)&#10;        at java.util.concurrent.locks.LockSupport.park(LockSupport.java:175)&#10;        at java.util.concurrent.locks.AbstractQueuedSynchronizer$ConditionObject.await(AbstractQueuedSynchronizer.java:2039)&#10;        at java.util.concurrent.ArrayBlockingQueue.take(ArrayBlockingQueue.java:403)&#10;        at java.util.concurrent.ThreadPoolExecutor.getTask(ThreadPoolExecutor.java:1074)&#10;        at java.util.concurrent.ThreadPoolExecutor.runWorker(ThreadPoolExecutor.java:1134)&#10;        at java.util.concurrent.ThreadPoolExecutor$Worker.run(ThreadPoolExecutor.java:624)&#10;        at java.lang.Thread.run(Thread.java:748)&#10;&quot;pool-66-thread-29&quot;  prio=5 tid=618 in Object.wait()&#10;java.lang.Thread.State: WAITING (on object monitor)&#10;        at sun.misc.Unsafe.park(Native Method)&#10;        at java.util.concurrent.locks.LockSupport.park(LockSupport.java:175)&#10;        at java.util.concurrent.locks.AbstractQueuedSynchronizer$ConditionObject.await(AbstractQueuedSynchronizer.java:2039)&#10;        at java.util.concurrent.ArrayBlockingQueue.take(ArrayBlockingQueue.java:403)&#10;        at java.util.concurrent.ThreadPoolExecutor.getTask(ThreadPoolExecutor.java:1074)&#10;        at java.util.concurrent.ThreadPoolExecutor.runWorker(ThreadPoolExecutor.java:1134)&#10;        at java.util.concurrent.ThreadPoolExecutor$Worker.run(ThreadPoolExecutor.java:624)&#10;        at java.lang.Thread.run(Thread.java:748)&#10;&quot;RatisApplyTransactionExecutor 5&quot; daemon prio=5 tid=3767 in Object.wait()&#10;java.lang.Thread.State: WAITING (on object monitor)&#10;        at sun.misc.Unsafe.park(Native Method)&#10;        at java.util.concurrent.locks.LockSupport.park(LockSupport.java:175)&#10;        at java.util.concurrent.locks.AbstractQueuedSynchronizer$ConditionObject.await(AbstractQueuedSynchronizer.java:2039)&#10;        at java.util.concurrent.LinkedBlockingQueue.take(LinkedBlockingQueue.java:442)&#10;        at java.util.concurrent.ThreadPoolExecutor.getTask(ThreadPoolExecutor.java:1074)&#10;        at java.util.concurrent.ThreadPoolExecutor.runWorker(ThreadPoolExecutor.java:1134)&#10;        at java.util.concurrent.ThreadPoolExecutor$Worker.run(ThreadPoolExecutor.java:624)&#10;        at java.lang.Thread.run(Thread.java:748)&#10;&quot;pool-36-thread-3&quot;  prio=5 tid=403 in Object.wait()&#10;java.lang.Thread.State: WAITING (on object monitor)&#10;        at sun.misc.Unsafe.park(Native Method)&#10;        at java.util.concurrent.locks.LockSupport.park(LockSupport.java:175)&#10;        at java.util.concurrent.locks.AbstractQueuedSynchronizer$ConditionObject.await(AbstractQueuedSynchronizer.java:2039)&#10;        at java.util.concurrent.ArrayBlockingQueue.take(ArrayBlockingQueue.java:403)&#10;        at java.util.concurrent.ThreadPoolExecutor.getTask(ThreadPoolExecutor.java:1074)&#10;        at java.util.concurrent.ThreadPoolExecutor.runWorker(ThreadPoolExecutor.java:1134)&#10;        at java.util.concurrent.ThreadPoolExecutor$Worker.run(ThreadPoolExecutor.java:624)&#10;        at java.lang.Thread.run(Thread.java:748)&#10;&quot;pool-46-thread-54&quot;  prio=5 tid=514 in Object.wait()&#10;java.lang.Thread.State: WAITING (on object monitor)&#10;        at sun.misc.Unsafe.park(Native Method)&#10;        at java.util.concurrent.locks.LockSupport.park(LockSupport.java:175)&#10;        at java.util.concurrent.locks.AbstractQueuedSynchronizer$ConditionObject.await(AbstractQueuedSynchronizer.java:2039)&#10;        at java.util.concurrent.ArrayBlockingQueue.take(ArrayBlockingQueue.java:403)&#10;        at java.util.concurrent.ThreadPoolExecutor.getTask(ThreadPoolExecutor.java:1074)&#10;        at java.util.concurrent.ThreadPoolExecutor.runWorker(ThreadPoolExecutor.java:1134)&#10;        at java.util.concurrent.ThreadPoolExecutor$Worker.run(ThreadPoolExecutor.java:624)&#10;        at java.lang.Thread.run(Thread.java:748)&#10;&quot;BlockDeletingService#5&quot; daemon prio=5 tid=1845 in Object.wait()&#10;java.lang.Thread.State: WAITING (on object monitor)&#10;        at sun.misc.Unsafe.park(Native Method)&#10;        at java.util.concurrent.locks.LockSupport.park(LockSupport.java:175)&#10;        at java.util.concurrent.locks.AbstractQueuedSynchronizer$ConditionObject.await(AbstractQueuedSynchronizer.java:2039)&#10;        at java.util.concurrent.ScheduledThreadPoolExecutor$DelayedWorkQueue.take(ScheduledThreadPoolExecutor.java:1088)&#10;        at java.util.concurrent.ScheduledThreadPoolExecutor$DelayedWorkQueue.take(ScheduledThreadPoolExecutor.java:809)&#10;        at java.util.concurrent.ThreadPoolExecutor.getTask(ThreadPoolExecutor.java:1074)&#10;        at java.util.concurrent.ThreadPoolExecutor.runWorker(ThreadPoolExecutor.java:1134)&#10;        at java.util.concurrent.ThreadPoolExecutor$Worker.run(ThreadPoolExecutor.java:624)&#10;        at java.lang.Thread.run(Thread.java:748)&#10;&quot;metrics-hadoop-metrics2-reporter-39-thread-1&quot; daemon prio=5 tid=3056 timed_waiting&#10;java.lang.Thread.State: TIMED_WAITING&#10;        at sun.misc.Unsafe.park(Native Method)&#10;        at java.util.concurrent.locks.LockSupport.parkNanos(LockSupport.java:215)&#10;        at java.util.concurrent.locks.AbstractQueuedSynchronizer$ConditionObject.awaitNanos(AbstractQueuedSynchronizer.java:2078)&#10;        at java.util.concurrent.ScheduledThreadPoolExecutor$DelayedWorkQueue.take(ScheduledThreadPoolExecutor.java:1093)&#10;        at java.util.concurrent.ScheduledThreadPoolExecutor$DelayedWorkQueue.take(ScheduledThreadPoolExecutor.java:809)&#10;        at java.util.concurrent.ThreadPoolExecutor.getTask(ThreadPoolExecutor.java:1074)&#10;        at java.util.concurrent.ThreadPoolExecutor.runWorker(ThreadPoolExecutor.java:1134)&#10;        at java.util.concurrent.ThreadPoolExecutor$Worker.run(ThreadPoolExecutor.java:624)&#10;        at java.lang.Thread.run(Thread.java:748)&#10;&quot;Thread-290&quot; daemon prio=5 tid=894 timed_waiting&#10;java.lang.Thread.State: TIMED_WAITING&#10;        at sun.misc.Unsafe.park(Native Method)&#10;        at java.util.concurrent.locks.LockSupport.parkNanos(LockSupport.java:215)&#10;        at java.util.concurrent.locks.AbstractQueuedSynchronizer$ConditionObject.awaitNanos(AbstractQueuedSynchronizer.java:2078)&#10;        at java.util.concurrent.ArrayBlockingQueue.poll(ArrayBlockingQueue.java:418)&#10;        at org.apache.ratis.server.impl.LeaderState$EventQueue.poll(LeaderState.java:115)&#10;        at org.apache.ratis.server.impl.LeaderState$EventProcessor.run(LeaderState.java:457)&#10;&quot;IPC Server handler 19 on 40419&quot; daemon prio=5 tid=48 timed_waiting&#10;java.lang.Thread.State: TIMED_WAITING&#10;        at sun.misc.Unsafe.park(Native Method)&#10;        at java.util.concurrent.locks.LockSupport.parkNanos(LockSupport.java:215)&#10;        at java.util.concurrent.locks.AbstractQueuedSynchronizer$ConditionObject.awaitNanos(AbstractQueuedSynchronizer.java:2078)&#10;        at java.util.concurrent.LinkedBlockingQueue.poll(LinkedBlockingQueue.java:467)&#10;        at org.apache.hadoop.ipc.CallQueueManager.take(CallQueueManager.java:288)&#10;        at org.apache.hadoop.ipc.Server$Handler.run(Server.java:2668)&#10;&quot;java.util.concurrent.ThreadPoolExecutor$Worker@5be2f882[State = -1, empty queue]&quot; daemon prio=5 tid=4120 runnable&#10;java.lang.Thread.State: RUNNABLE&#10;        at java.util.concurrent.ScheduledThreadPoolExecutor$DelayedWorkQueue.poll(ScheduledThreadPoolExecutor.java:809)&#10;        at java.util.concurrent.ThreadPoolExecutor.getTask(ThreadPoolExecutor.java:1073)&#10;        at java.util.concurrent.ThreadPoolExecutor.runWorker(ThreadPoolExecutor.java:1134)&#10;        at java.util.concurrent.ThreadPoolExecutor$Worker.run(ThreadPoolExecutor.java:624)&#10;        at java.lang.Thread.run(Thread.java:748)&#10;&quot;Periodic HDDS volume checker&quot;  prio=5 tid=233 timed_waiting&#10;java.lang.Thread.State: TIMED_WAITING&#10;        at sun.misc.Unsafe.park(Native Method)&#10;        at java.util.concurrent.locks.LockSupport.parkNanos(LockSupport.java:215)&#10;        at java.util.concurrent.locks.AbstractQueuedSynchronizer$ConditionObject.awaitNanos(AbstractQueuedSynchronizer.java:2078)&#10;        at java.util.concurrent.ScheduledThreadPoolExecutor$DelayedWorkQueue.take(ScheduledThreadPoolExecutor.java:1093)&#10;        at java.util.concurrent.ScheduledThreadPoolExecutor$DelayedWorkQueue.take(ScheduledThreadPoolExecutor.java:809)&#10;        at java.util.concurrent.ThreadPoolExecutor.getTask(ThreadPoolExecutor.java:1074)&#10;        at java.util.concurrent.ThreadPoolExecutor.runWorker(ThreadPoolExecutor.java:1134)&#10;        at java.util.concurrent.ThreadPoolExecutor$Worker.run(ThreadPoolExecutor.java:624)&#10;        at java.lang.Thread.run(Thread.java:748)&#10;&quot;IPC Server handler 14 on 46754&quot; daemon prio=5 tid=63 timed_waiting&#10;java.lang.Thread.State: TIMED_WAITING&#10;        at sun.misc.Unsafe.park(Native Method)&#10;        at java.util.concurrent.locks.LockSupport.parkNanos(LockSupport.java:215)&#10;        at java.util.concurrent.locks.AbstractQueuedSynchronizer$ConditionObject.awaitNanos(AbstractQueuedSynchronizer.java:2078)&#10;        at java.util.concurrent.LinkedBlockingQueue.poll(LinkedBlockingQueue.java:467)&#10;        at org.apache.hadoop.ipc.CallQueueManager.take(CallQueueManager.java:288)&#10;        at org.apache.hadoop.ipc.Server$Handler.run(Server.java:2668)&#10;&quot;pool-76-thread-6&quot;  prio=5 tid=657 in Object.wait()&#10;java.lang.Thread.State: WAITING (on object monitor)&#10;        at sun.misc.Unsafe.park(Native Method)&#10;        at java.util.concurrent.locks.LockSupport.park(LockSupport.java:175)&#10;        at java.util.concurrent.locks.AbstractQueuedSynchronizer$ConditionObject.await(AbstractQueuedSynchronizer.java:2039)&#10;        at java.util.concurrent.ArrayBlockingQueue.take(ArrayBlockingQueue.java:403)&#10;        at java.util.concurrent.ThreadPoolExecutor.getTask(ThreadPoolExecutor.java:1074)&#10;        at java.util.concurrent.ThreadPoolExecutor.runWorker(ThreadPoolExecutor.java:1134)&#10;        at java.util.concurrent.ThreadPoolExecutor$Worker.run(ThreadPoolExecutor.java:624)&#10;        at java.lang.Thread.run(Thread.java:748)&#10;&quot;pool-86-thread-55&quot;  prio=5 tid=768 in Object.wait()&#10;java.lang.Thread.State: WAITING (on object monitor)&#10;        at sun.misc.Unsafe.park(Native Method)&#10;        at java.util.concurrent.locks.LockSupport.park(LockSupport.java:175)&#10;        at java.util.concurrent.locks.AbstractQueuedSynchronizer$ConditionObject.await(AbstractQueuedSynchronizer.java:2039)&#10;        at java.util.concurrent.ArrayBlockingQueue.take(ArrayBlockingQueue.java:403)&#10;        at java.util.concurrent.ThreadPoolExecutor.getTask(ThreadPoolExecutor.java:1074)&#10;        at java.util.concurrent.ThreadPoolExecutor.runWorker(ThreadPoolExecutor.java:1134)&#10;        at java.util.concurrent.ThreadPoolExecutor$Worker.run(ThreadPoolExecutor.java:624)&#10;        at java.lang.Thread.run(Thread.java:748)&#10;&quot;pool-66-thread-6&quot;  prio=5 tid=595 in Object.wait()&#10;java.lang.Thread.State: WAITING (on object monitor)&#10;        at sun.misc.Unsafe.park(Native Method)&#10;        at java.util.concurrent.locks.LockSupport.park(LockSupport.java:175)&#10;        at java.util.concurrent.locks.AbstractQueuedSynchronizer$ConditionObject.await(AbstractQueuedSynchronizer.java:2039)&#10;        at java.util.concurrent.ArrayBlockingQueue.take(ArrayBlockingQueue.java:403)&#10;        at java.util.concurrent.ThreadPoolExecutor.getTask(ThreadPoolExecutor.java:1074)&#10;        at java.util.concurrent.ThreadPoolExecutor.runWorker(ThreadPoolExecutor.java:1134)&#10;        at java.util.concurrent.ThreadPoolExecutor$Worker.run(ThreadPoolExecutor.java:624)&#10;        at java.lang.Thread.run(Thread.java:748)&#10;&quot;pool-76-thread-57&quot;  prio=5 tid=708 in Object.wait()&#10;java.lang.Thread.State: WAITING (on object monitor)&#10;        at sun.misc.Unsafe.park(Native Method)&#10;        at java.util.concurrent.locks.LockSupport.park(LockSupport.java:175)&#10;        at java.util.concurrent.locks.AbstractQueuedSynchronizer$ConditionObject.await(AbstractQueuedSynchronizer.java:2039)&#10;        at java.util.concurrent.ArrayBlockingQueue.take(ArrayBlockingQueue.java:403)&#10;        at java.util.concurrent.ThreadPoolExecutor.getTask(ThreadPoolExecutor.java:1074)&#10;        at java.util.concurrent.ThreadPoolExecutor.runWorker(ThreadPoolExecutor.java:1134)&#10;        at java.util.concurrent.ThreadPoolExecutor$Worker.run(ThreadPoolExecutor.java:624)&#10;        at java.lang.Thread.run(Thread.java:748)&#10;&quot;qtp1128600792-242&quot; daemon prio=5 tid=242 timed_waiting&#10;java.lang.Thread.State: TIMED_WAITING&#10;        at sun.misc.Unsafe.park(Native Method)&#10;        at java.util.concurrent.locks.LockSupport.parkNanos(LockSupport.java:215)&#10;        at java.util.concurrent.locks.AbstractQueuedSynchronizer$ConditionObject.awaitNanos(AbstractQueuedSynchronizer.java:2078)&#10;        at org.eclipse.jetty.util.BlockingArrayQueue.poll(BlockingArrayQueue.java:392)&#10;        at org.eclipse.jetty.util.thread.QueuedThreadPool.idleJobPoll(QueuedThreadPool.java:563)&#10;        at org.eclipse.jetty.util.thread.QueuedThreadPool.access$800(QueuedThreadPool.java:48)&#10;        at org.eclipse.jetty.util.thread.QueuedThreadPool$2.run(QueuedThreadPool.java:626)&#10;        at java.lang.Thread.run(Thread.java:748)&#10;&quot;qtp978035840-137-acceptor-0@12ad247-ServerConnector@2032e725{HTTP/1.1,[http/1.1]}{0.0.0.0:34375}&quot; daemon prio=3 tid=137 runnable&#10;java.lang.Thread.State: RUNNABLE&#10;        at sun.nio.ch.ServerSocketChannelImpl.accept0(Native Method)&#10;        at sun.nio.ch.ServerSocketChannelImpl.accept(ServerSocketChannelImpl.java:422)&#10;        at sun.nio.ch.ServerSocketChannelImpl.accept(ServerSocketChannelImpl.java:250)&#10;        at org.eclipse.jetty.server.ServerConnector.accept(ServerConnector.java:397)&#10;        at org.eclipse.jetty.server.AbstractConnector$Acceptor.run(AbstractConnector.java:601)&#10;        at org.eclipse.jetty.util.thread.QueuedThreadPool.runJob(QueuedThreadPool.java:671)&#10;        at org.eclipse.jetty.util.thread.QueuedThreadPool$2.run(QueuedThreadPool.java:589)&#10;        at java.lang.Thread.run(Thread.java:748)&#10;&quot;897fdfd8-a3cb-4c9b-9ef8-a626c4e76414@group-6371820A5F4C-SegmentedRaftLogWorker&quot;  prio=5 tid=2217 timed_waiting&#10;java.lang.Thread.State: TIMED_WAITING&#10;        at sun.misc.Unsafe.park(Native Method)&#10;        at java.util.concurrent.locks.LockSupport.parkNanos(LockSupport.java:215)&#10;        at java.util.concurrent.CompletableFuture$Signaller.block(CompletableFuture.java:1695)&#10;        at java.util.concurrent.ForkJoinPool.managedBlock(ForkJoinPool.java:3323)&#10;        at java.util.concurrent.CompletableFuture.timedGet(CompletableFuture.java:1775)&#10;        at java.util.concurrent.CompletableFuture.get(CompletableFuture.java:1915)&#10;        at org.apache.ratis.util.IOUtils.getFromFuture(IOUtils.java:79)&#10;        at org.apache.ratis.server.raftlog.segmented.SegmentedRaftLogWorker$StateMachineDataPolicy.getFromFuture(SegmentedRaftLogWorker.java:87)&#10;        at org.apache.ratis.server.raftlog.segmented.SegmentedRaftLogWorker$WriteLog.execute(SegmentedRaftLogWorker.java:477)&#10;        at org.apache.ratis.server.raftlog.segmented.SegmentedRaftLogWorker.run(SegmentedRaftLogWorker.java:289)&#10;        at java.lang.Thread.run(Thread.java:748)&#10;&quot;pool-46-thread-36&quot;  prio=5 tid=496 in Object.wait()&#10;java.lang.Thread.State: WAITING (on object monitor)&#10;        at sun.misc.Unsafe.park(Native Method)&#10;        at java.util.concurrent.locks.LockSupport.park(LockSupport.java:175)&#10;        at java.util.concurrent.locks.AbstractQueuedSynchronizer$ConditionObject.await(AbstractQueuedSynchronizer.java:2039)&#10;        at java.util.concurrent.ArrayBlockingQueue.take(ArrayBlockingQueue.java:403)&#10;        at java.util.concurrent.ThreadPoolExecutor.getTask(ThreadPoolExecutor.java:1074)&#10;        at java.util.concurrent.ThreadPoolExecutor.runWorker(ThreadPoolExecutor.java:1134)&#10;        at java.util.concurrent.ThreadPoolExecutor$Worker.run(ThreadPoolExecutor.java:624)&#10;        at java.lang.Thread.run(Thread.java:748)&#10;&quot;org.apache.ratis.server.impl.LogAppender$AppenderDaemon$$Lambda$495/740911003@7001170a&quot; daemon prio=5 tid=2251 timed_waiting&#10;java.lang.Thread.State: TIMED_WAITING&#10;        at java.lang.Object.wait(Native Method)&#10;        at org.apache.ratis.grpc.server.GrpcLogAppender.mayWait(GrpcLogAppender.java:141)&#10;        at org.apache.ratis.grpc.server.GrpcLogAppender.runAppenderImpl(GrpcLogAppender.java:95)&#10;        at org.apache.ratis.server.impl.LogAppender$AppenderDaemon.run(LogAppender.java:76)&#10;        at org.apache.ratis.server.impl.LogAppender$AppenderDaemon$$Lambda$495/740911003.run(Unknown Source)&#10;        at java.lang.Thread.run(Thread.java:748)&#10;&quot;897fdfd8-a3cb-4c9b-9ef8-a626c4e76414@group-6371820A5F4C-StateMachineUpdater&quot; daemon prio=5 tid=2219 in Object.wait()&#10;java.lang.Thread.State: WAITING (on object monitor)&#10;        at java.lang.Object.wait(Native Method)&#10;        at java.lang.Object.wait(Object.java:502)&#10;        at org.apache.ratis.server.impl.StateMachineUpdater.waitForCommit(StateMachineUpdater.java:183)&#10;        at org.apache.ratis.server.impl.StateMachineUpdater.run(StateMachineUpdater.java:148)&#10;        at java.lang.Thread.run(Thread.java:748)&#10;&quot;IPC Server handler 19 on 38980&quot; daemon prio=5 tid=88 timed_waiting&#10;java.lang.Thread.State: TIMED_WAITING&#10;        at sun.misc.Unsafe.park(Native Method)&#10;        at java.util.concurrent.locks.LockSupport.parkNanos(LockSupport.java:215)&#10;        at java.util.concurrent.locks.AbstractQueuedSynchronizer$ConditionObject.awaitNanos(AbstractQueuedSynchronizer.java:2078)&#10;        at java.util.concurrent.LinkedBlockingQueue.poll(LinkedBlockingQueue.java:467)&#10;        at org.apache.hadoop.ipc.CallQueueManager.take(CallQueueManager.java:288)&#10;        at org.apache.hadoop.ipc.Server$Handler.run(Server.java:2668)&#10;&quot;Finalizer&quot; daemon prio=8 tid=3 in Object.wait()&#10;java.lang.Thread.State: WAITING (on object monitor)&#10;        at java.lang.Object.wait(Native Method)&#10;        at java.lang.ref.ReferenceQueue.remove(ReferenceQueue.java:144)&#10;        at java.lang.ref.ReferenceQueue.remove(ReferenceQueue.java:165)&#10;        at java.lang.ref.Finalizer$FinalizerThread.run(Finalizer.java:216)&#10;&quot;pool-26-thread-3&quot;  prio=5 tid=343 in Object.wait()&#10;java.lang.Thread.State: WAITING (on object monitor)&#10;        at sun.misc.Unsafe.park(Native Method)&#10;        at java.util.concurrent.locks.LockSupport.park(LockSupport.java:175)&#10;        at java.util.concurrent.locks.AbstractQueuedSynchronizer$ConditionObject.await(AbstractQueuedSynchronizer.java:2039)&#10;        at java.util.concurrent.ArrayBlockingQueue.take(ArrayBlockingQueue.java:403)&#10;        at java.util.concurrent.ThreadPoolExecutor.getTask(ThreadPoolExecutor.java:1074)&#10;        at java.util.concurrent.ThreadPoolExecutor.runWorker(ThreadPoolExecutor.java:1134)&#10;        at java.util.concurrent.ThreadPoolExecutor$Worker.run(ThreadPoolExecutor.java:624)&#10;        at java.lang.Thread.run(Thread.java:748)&#10;&quot;qtp523528914-324&quot; daemon prio=5 tid=324 timed_waiting&#10;java.lang.Thread.State: TIMED_WAITING&#10;        at sun.misc.Unsafe.park(Native Method)&#10;        at java.util.concurrent.locks.LockSupport.parkNanos(LockSupport.java:215)&#10;        at java.util.concurrent.locks.AbstractQueuedSynchronizer$ConditionObject.awaitNanos(AbstractQueuedSynchronizer.java:2078)&#10;        at org.eclipse.jetty.util.BlockingArrayQueue.poll(BlockingArrayQueue.java:392)&#10;        at org.eclipse.jetty.util.thread.QueuedThreadPool.idleJobPoll(QueuedThreadPool.java:563)&#10;        at org.eclipse.jetty.util.thread.QueuedThreadPool.access$800(QueuedThreadPool.java:48)&#10;        at org.eclipse.jetty.util.thread.QueuedThreadPool$2.run(QueuedThreadPool.java:626)&#10;        at java.lang.Thread.run(Thread.java:748)&#10;&quot;qtp292890110-193&quot; daemon prio=5 tid=193 timed_waiting&#10;java.lang.Thread.State: TIMED_WAITING&#10;        at sun.misc.Unsafe.park(Native Method)&#10;        at java.util.concurrent.locks.LockSupport.parkNanos(LockSupport.java:215)&#10;        at java.util.concurrent.locks.AbstractQueuedSynchronizer$ConditionObject.awaitNanos(AbstractQueuedSynchronizer.java:2078)&#10;        at org.eclipse.jetty.util.BlockingArrayQueue.poll(BlockingArrayQueue.java:392)&#10;        at org.eclipse.jetty.util.thread.QueuedThreadPool.idleJobPoll(QueuedThreadPool.java:563)&#10;        at org.eclipse.jetty.util.thread.QueuedThreadPool.access$800(QueuedThreadPool.java:48)&#10;        at org.eclipse.jetty.util.thread.QueuedThreadPool$2.run(QueuedThreadPool.java:626)&#10;        at java.lang.Thread.run(Thread.java:748)&#10;&quot;pool-46-thread-41&quot;  prio=5 tid=501 in Object.wait()&#10;java.lang.Thread.State: WAITING (on object monitor)&#10;        at sun.misc.Unsafe.park(Native Method)&#10;        at java.util.concurrent.locks.LockSupport.park(LockSupport.java:175)&#10;        at java.util.concurrent.locks.AbstractQueuedSynchronizer$ConditionObject.await(AbstractQueuedSynchronizer.java:2039)&#10;        at java.util.concurrent.ArrayBlockingQueue.take(ArrayBlockingQueue.java:403)&#10;        at java.util.concurrent.ThreadPoolExecutor.getTask(ThreadPoolExecutor.java:1074)&#10;        at java.util.concurrent.ThreadPoolExecutor.runWorker(ThreadPoolExecutor.java:1134)&#10;        at java.util.concurrent.ThreadPoolExecutor$Worker.run(ThreadPoolExecutor.java:624)&#10;        at java.lang.Thread.run(Thread.java:748)&#10;&quot;IPC Server handler 9 on 46754&quot; daemon prio=5 tid=58 timed_waiting&#10;java.lang.Thread.State: TIMED_WAITING&#10;        at sun.misc.Unsafe.park(Native Method)&#10;        at java.util.concurrent.locks.LockSupport.parkNanos(LockSupport.java:215)&#10;        at java.util.concurrent.locks.AbstractQueuedSynchronizer$ConditionObject.awaitNanos(AbstractQueuedSynchronizer.java:2078)&#10;        at java.util.concurrent.LinkedBlockingQueue.poll(LinkedBlockingQueue.java:467)&#10;        at org.apache.hadoop.ipc.CallQueueManager.take(CallQueueManager.java:288)&#10;        at org.apache.hadoop.ipc.Server$Handler.run(Server.java:2668)&#10;&quot;BlockDeletingService#0&quot; daemon prio=5 tid=524 in Object.wait()&#10;java.lang.Thread.State: WAITING (on object monitor)&#10;        at sun.misc.Unsafe.park(Native Method)&#10;        at java.util.concurrent.locks.LockSupport.park(LockSupport.java:175)&#10;        at java.util.concurrent.locks.AbstractQueuedSynchronizer$ConditionObject.await(AbstractQueuedSynchronizer.java:2039)&#10;        at java.util.concurrent.ScheduledThreadPoolExecutor$DelayedWorkQueue.take(ScheduledThreadPoolExecutor.java:1088)&#10;        at java.util.concurrent.ScheduledThreadPoolExecutor$DelayedWorkQueue.take(ScheduledThreadPoolExecutor.java:809)&#10;        at java.util.concurrent.ThreadPoolExecutor.getTask(ThreadPoolExecutor.java:1074)&#10;        at java.util.concurrent.ThreadPoolExecutor.runWorker(ThreadPoolExecutor.java:1134)&#10;        at java.util.concurrent.ThreadPoolExecutor$Worker.run(ThreadPoolExecutor.java:624)&#10;        at java.lang.Thread.run(Thread.java:748)&#10;&quot;IPC Server handler 13 on 46754&quot; daemon prio=5 tid=62 timed_waiting&#10;java.lang.Thread.State: TIMED_WAITING&#10;        at sun.misc.Unsafe.park(Native Method)&#10;        at java.util.concurrent.locks.LockSupport.parkNanos(LockSupport.java:215)&#10;        at java.util.concurrent.locks.AbstractQueuedSynchronizer$ConditionObject.awaitNanos(AbstractQueuedSynchronizer.java:2078)&#10;        at java.util.concurrent.LinkedBlockingQueue.poll(LinkedBlockingQueue.java:467)&#10;        at org.apache.hadoop.ipc.CallQueueManager.take(CallQueueManager.java:288)&#10;        at org.apache.hadoop.ipc.Server$Handler.run(Server.java:2668)&#10;&quot;Thread-3083&quot; daemon prio=5 tid=3822 timed_waiting&#10;java.lang.Thread.State: TIMED_WAITING&#10;        at java.lang.Thread.sleep(Native Method)&#10;        at org.apache.ratis.util.JavaUtils.sleep(JavaUtils.java:247)&#10;        at org.apache.ratis.server.impl.FollowerState.run(FollowerState.java:96)&#10;&quot;pool-76-thread-12&quot;  prio=5 tid=663 in Object.wait()&#10;java.lang.Thread.State: WAITING (on object monitor)&#10;        at sun.misc.Unsafe.park(Native Method)&#10;        at java.util.concurrent.locks.LockSupport.park(LockSupport.java:175)&#10;        at java.util.concurrent.locks.AbstractQueuedSynchronizer$ConditionObject.await(AbstractQueuedSynchronizer.java:2039)&#10;        at java.util.concurrent.ArrayBlockingQueue.take(ArrayBlockingQueue.java:403)&#10;        at java.util.concurrent.ThreadPoolExecutor.getTask(ThreadPoolExecutor.java:1074)&#10;        at java.util.concurrent.ThreadPoolExecutor.runWorker(ThreadPoolExecutor.java:1134)&#10;        at java.util.concurrent.ThreadPoolExecutor$Worker.run(ThreadPoolExecutor.java:624)&#10;        at java.lang.Thread.run(Thread.java:748)&#10;&quot;org.eclipse.jetty.server.session.HashSessionManager@23f3da8bTimer&quot; daemon prio=5 tid=250 timed_waiting&#10;java.lang.Thread.State: TIMED_WAITING&#10;        at sun.misc.Unsafe.park(Native Method)&#10;        at java.util.concurrent.locks.LockSupport.parkNanos(LockSupport.java:215)&#10;        at java.util.concurrent.locks.AbstractQueuedSynchronizer$ConditionObject.awaitNanos(AbstractQueuedSynchronizer.java:2078)&#10;        at java.util.concurrent.ScheduledThreadPoolExecutor$DelayedWorkQueue.take(ScheduledThreadPoolExecutor.java:1093)&#10;        at java.util.concurrent.ScheduledThreadPoolExecutor$DelayedWorkQueue.take(ScheduledThreadPoolExecutor.java:809)&#10;        at java.util.concurrent.ThreadPoolExecutor.getTask(ThreadPoolExecutor.java:1074)&#10;        at java.util.concurrent.ThreadPoolExecutor.runWorker(ThreadPoolExecutor.java:1134)&#10;        at java.util.concurrent.ThreadPoolExecutor$Worker.run(ThreadPoolExecutor.java:624)&#10;        at java.lang.Thread.run(Thread.java:748)&#10;&quot;IPC Server handler 19 on 40610&quot; daemon prio=5 tid=134 timed_waiting&#10;java.lang.Thread.State: TIMED_WAITING&#10;        at sun.misc.Unsafe.park(Native Method)&#10;        at java.util.concurrent.locks.LockSupport.parkNanos(LockSupport.java:215)&#10;        at java.util.concurrent.locks.AbstractQueuedSynchronizer$ConditionObject.awaitNanos(AbstractQueuedSynchronizer.java:2078)&#10;        at java.util.concurrent.LinkedBlockingQueue.poll(LinkedBlockingQueue.java:467)&#10;        at org.apache.hadoop.ipc.CallQueueManager.take(CallQueueManager.java:288)&#10;        at org.apache.hadoop.ipc.Server$Handler.run(Server.java:2668)&#10;&quot;pool-56-thread-28&quot;  prio=5 tid=555 in Object.wait()&#10;java.lang.Thread.State: WAITING (on object monitor)&#10;        at sun.misc.Unsafe.park(Native Method)&#10;        at java.util.concurrent.locks.LockSupport.park(LockSupport.java:175)&#10;        at java.util.concurrent.locks.AbstractQueuedSynchronizer$ConditionObject.await(AbstractQueuedSynchronizer.java:2039)&#10;        at java.util.concurrent.ArrayBlockingQueue.take(ArrayBlockingQueue.java:403)&#10;        at java.util.concurrent.ThreadPoolExecutor.getTask(ThreadPoolExecutor.java:1074)&#10;        at java.util.concurrent.ThreadPoolExecutor.runWorker(ThreadPoolExecutor.java:1134)&#10;        at java.util.concurrent.ThreadPoolExecutor$Worker.run(ThreadPoolExecutor.java:624)&#10;        at java.lang.Thread.run(Thread.java:748)&#10;&quot;pool-46-thread-1&quot;  prio=5 tid=461 in Object.wait()&#10;java.lang.Thread.State: WAITING (on object monitor)&#10;        at sun.misc.Unsafe.park(Native Method)&#10;        at java.util.concurrent.locks.LockSupport.park(LockSupport.java:175)&#10;        at java.util.concurrent.locks.AbstractQueuedSynchronizer$ConditionObject.await(AbstractQueuedSynchronizer.java:2039)&#10;        at java.util.concurrent.ArrayBlockingQueue.take(ArrayBlockingQueue.java:403)&#10;        at java.util.concurrent.ThreadPoolExecutor.getTask(ThreadPoolExecutor.java:1074)&#10;        at java.util.concurrent.ThreadPoolExecutor.runWorker(ThreadPoolExecutor.java:1134)&#10;        at java.util.concurrent.ThreadPoolExecutor$Worker.run(ThreadPoolExecutor.java:624)&#10;        at java.lang.Thread.run(Thread.java:748)&#10;&quot;pool-36-thread-22&quot;  prio=5 tid=422 in Object.wait()&#10;java.lang.Thread.State: WAITING (on object monitor)&#10;        at sun.misc.Unsafe.park(Native Method)&#10;        at java.util.concurrent.locks.LockSupport.park(LockSupport.java:175)&#10;        at java.util.concurrent.locks.AbstractQueuedSynchronizer$ConditionObject.await(AbstractQueuedSynchronizer.java:2039)&#10;        at java.util.concurrent.ArrayBlockingQueue.take(ArrayBlockingQueue.java:403)&#10;        at java.util.concurrent.ThreadPoolExecutor.getTask(ThreadPoolExecutor.java:1074)&#10;        at java.util.concurrent.ThreadPoolExecutor.runWorker(ThreadPoolExecutor.java:1134)&#10;        at java.util.concurrent.ThreadPoolExecutor$Worker.run(ThreadPoolExecutor.java:624)&#10;        at java.lang.Thread.run(Thread.java:748)&#10;&quot;pool-26-thread-26&quot;  prio=5 tid=366 in Object.wait()&#10;java.lang.Thread.State: WAITING (on object monitor)&#10;        at sun.misc.Unsafe.park(Native Method)&#10;        at java.util.concurrent.locks.LockSupport.park(LockSupport.java:175)&#10;        at java.util.concurrent.locks.AbstractQueuedSynchronizer$ConditionObject.await(AbstractQueuedSynchronizer.java:2039)&#10;        at java.util.concurrent.ArrayBlockingQueue.take(ArrayBlockingQueue.java:403)&#10;        at java.util.concurrent.ThreadPoolExecutor.getTask(ThreadPoolExecutor.java:1074)&#10;        at java.util.concurrent.ThreadPoolExecutor.runWorker(ThreadPoolExecutor.java:1134)&#10;        at java.util.concurrent.ThreadPoolExecutor$Worker.run(ThreadPoolExecutor.java:624)&#10;        at java.lang.Thread.run(Thread.java:748)&#10;&quot;qtp523528914-322-acceptor-0@57d43ed5-ServerConnector@31c628e7{HTTP/1.1,[http/1.1]}{0.0.0.0:42314}&quot; daemon prio=3 tid=322 runnable&#10;java.lang.Thread.State: RUNNABLE&#10;        at sun.nio.ch.ServerSocketChannelImpl.accept0(Native Method)&#10;        at sun.nio.ch.ServerSocketChannelImpl.accept(ServerSocketChannelImpl.java:422)&#10;        at sun.nio.ch.ServerSocketChannelImpl.accept(ServerSocketChannelImpl.java:250)&#10;        at org.eclipse.jetty.server.ServerConnector.accept(ServerConnector.java:397)&#10;        at org.eclipse.jetty.server.AbstractConnector$Acceptor.run(AbstractConnector.java:601)&#10;        at org.eclipse.jetty.util.thread.QueuedThreadPool.runJob(QueuedThreadPool.java:671)&#10;        at org.eclipse.jetty.util.thread.QueuedThreadPool$2.run(QueuedThreadPool.java:589)&#10;        at java.lang.Thread.run(Thread.java:748)&#10;&quot;pool-56-thread-25&quot;  prio=5 tid=552 in Object.wait()&#10;java.lang.Thread.State: WAITING (on object monitor)&#10;        at sun.misc.Unsafe.park(Native Method)&#10;        at java.util.concurrent.locks.LockSupport.park(LockSupport.java:175)&#10;        at java.util.concurrent.locks.AbstractQueuedSynchronizer$ConditionObject.await(AbstractQueuedSynchronizer.java:2039)&#10;        at java.util.concurrent.ArrayBlockingQueue.take(ArrayBlockingQueue.java:403)&#10;        at java.util.concurrent.ThreadPoolExecutor.getTask(ThreadPoolExecutor.java:1074)&#10;        at java.util.concurrent.ThreadPoolExecutor.runWorker(ThreadPoolExecutor.java:1134)&#10;        at java.util.concurrent.ThreadPoolExecutor$Worker.run(ThreadPoolExecutor.java:624)&#10;        at java.lang.Thread.run(Thread.java:748)&#10;&quot;java.util.concurrent.ThreadPoolExecutor$Worker@1024fc88[State = -1, empty queue]&quot; daemon prio=5 tid=3878 runnable&#10;java.lang.Thread.State: RUNNABLE&#10;        at java.util.concurrent.ScheduledThreadPoolExecutor$DelayedWorkQueue.poll(ScheduledThreadPoolExecutor.java:809)&#10;        at java.util.concurrent.ThreadPoolExecutor.getTask(ThreadPoolExecutor.java:1073)&#10;        at java.util.concurrent.ThreadPoolExecutor.runWorker(ThreadPoolExecutor.java:1134)&#10;        at java.util.concurrent.ThreadPoolExecutor$Worker.run(ThreadPoolExecutor.java:624)&#10;        at java.lang.Thread.run(Thread.java:748)&#10;&quot;pool-76-thread-10&quot;  prio=5 tid=661 in Object.wait()&#10;java.lang.Thread.State: WAITING (on object monitor)&#10;        at sun.misc.Unsafe.park(Native Method)&#10;        at java.util.concurrent.locks.LockSupport.park(LockSupport.java:175)&#10;        at java.util.concurrent.locks.AbstractQueuedSynchronizer$ConditionObject.await(AbstractQueuedSynchronizer.java:2039)&#10;        at java.util.concurrent.ArrayBlockingQueue.take(ArrayBlockingQueue.java:403)&#10;        at java.util.concurrent.ThreadPoolExecutor.getTask(ThreadPoolExecutor.java:1074)&#10;        at java.util.concurrent.ThreadPoolExecutor.runWorker(ThreadPoolExecutor.java:1134)&#10;        at java.util.concurrent.ThreadPoolExecutor$Worker.run(ThreadPoolExecutor.java:624)&#10;        at java.lang.Thread.run(Thread.java:748)&#10;&quot;pool-36-thread-31&quot;  prio=5 tid=431 in Object.wait()&#10;java.lang.Thread.State: WAITING (on object monitor)&#10;        at sun.misc.Unsafe.park(Native Method)&#10;        at java.util.concurrent.locks.LockSupport.park(LockSupport.java:175)&#10;        at java.util.concurrent.locks.AbstractQueuedSynchronizer$ConditionObject.await(AbstractQueuedSynchronizer.java:2039)&#10;        at java.util.concurrent.ArrayBlockingQueue.take(ArrayBlockingQueue.java:403)&#10;        at java.util.concurrent.ThreadPoolExecutor.getTask(ThreadPoolExecutor.java:1074)&#10;        at java.util.concurrent.ThreadPoolExecutor.runWorker(ThreadPoolExecutor.java:1134)&#10;        at java.util.concurrent.ThreadPoolExecutor$Worker.run(ThreadPoolExecutor.java:624)&#10;        at java.lang.Thread.run(Thread.java:748)&#10;&quot;pool-66-thread-24&quot;  prio=5 tid=613 in Object.wait()&#10;java.lang.Thread.State: WAITING (on object monitor)&#10;        at sun.misc.Unsafe.park(Native Method)&#10;        at java.util.concurrent.locks.LockSupport.park(LockSupport.java:175)&#10;        at java.util.concurrent.locks.AbstractQueuedSynchronizer$ConditionObject.await(AbstractQueuedSynchronizer.java:2039)&#10;        at java.util.concurrent.ArrayBlockingQueue.take(ArrayBlockingQueue.java:403)&#10;        at java.util.concurrent.ThreadPoolExecutor.getTask(ThreadPoolExecutor.java:1074)&#10;        at java.util.concurrent.ThreadPoolExecutor.runWorker(ThreadPoolExecutor.java:1134)&#10;        at java.util.concurrent.ThreadPoolExecutor$Worker.run(ThreadPoolExecutor.java:624)&#10;        at java.lang.Thread.run(Thread.java:748)&#10;&quot;pool-46-thread-42&quot;  prio=5 tid=502 in Object.wait()&#10;java.lang.Thread.State: WAITING (on object monitor)&#10;        at sun.misc.Unsafe.park(Native Method)&#10;        at java.util.concurrent.locks.LockSupport.park(LockSupport.java:175)&#10;        at java.util.concurrent.locks.AbstractQueuedSynchronizer$ConditionObject.await(AbstractQueuedSynchronizer.java:2039)&#10;        at java.util.concurrent.ArrayBlockingQueue.take(ArrayBlockingQueue.java:403)&#10;        at java.util.concurrent.ThreadPoolExecutor.getTask(ThreadPoolExecutor.java:1074)&#10;        at java.util.concurrent.ThreadPoolExecutor.runWorker(ThreadPoolExecutor.java:1134)&#10;        at java.util.concurrent.ThreadPoolExecutor$Worker.run(ThreadPoolExecutor.java:624)&#10;        at java.lang.Thread.run(Thread.java:748)&#10;&quot;org.eclipse.jetty.server.session.HashSessionManager@20b9d5d5Timer&quot; daemon prio=5 tid=276 timed_waiting&#10;java.lang.Thread.State: TIMED_WAITING&#10;        at sun.misc.Unsafe.park(Native Method)&#10;        at java.util.concurrent.locks.LockSupport.parkNanos(LockSupport.java:215)&#10;        at java.util.concurrent.locks.AbstractQueuedSynchronizer$ConditionObject.awaitNanos(AbstractQueuedSynchronizer.java:2078)&#10;        at java.util.concurrent.ScheduledThreadPoolExecutor$DelayedWorkQueue.take(ScheduledThreadPoolExecutor.java:1093)&#10;        at java.util.concurrent.ScheduledThreadPoolExecutor$DelayedWorkQueue.take(ScheduledThreadPoolExecutor.java:809)&#10;        at java.util.concurrent.ThreadPoolExecutor.getTask(ThreadPoolExecutor.java:1074)&#10;        at java.util.concurrent.ThreadPoolExecutor.runWorker(ThreadPoolExecutor.java:1134)&#10;        at java.util.concurrent.ThreadPoolExecutor$Worker.run(ThreadPoolExecutor.java:624)&#10;        at java.lang.Thread.run(Thread.java:748)&#10;&quot;pool-26-thread-53&quot;  prio=5 tid=393 in Object.wait()&#10;java.lang.Thread.State: WAITING (on object monitor)&#10;        at sun.misc.Unsafe.park(Native Method)&#10;        at java.util.concurrent.locks.LockSupport.park(LockSupport.java:175)&#10;        at java.util.concurrent.locks.AbstractQueuedSynchronizer$ConditionObject.await(AbstractQueuedSynchronizer.java:2039)&#10;        at java.util.concurrent.ArrayBlockingQueue.take(ArrayBlockingQueue.java:403)&#10;        at java.util.concurrent.ThreadPoolExecutor.getTask(ThreadPoolExecutor.java:1074)&#10;        at java.util.concurrent.ThreadPoolExecutor.runWorker(ThreadPoolExecutor.java:1134)&#10;        at java.util.concurrent.ThreadPoolExecutor$Worker.run(ThreadPoolExecutor.java:624)&#10;        at java.lang.Thread.run(Thread.java:748)&#10;&quot;8466bef0-9559-4d2e-b20d-aaf3fd2b14fd@group-6371820A5F4C-StateMachineUpdater&quot; daemon prio=5 tid=2220 in Object.wait()&#10;java.lang.Thread.State: WAITING (on object monitor)&#10;        at java.lang.Object.wait(Native Method)&#10;        at java.lang.Object.wait(Object.java:502)&#10;        at org.apache.ratis.server.impl.StateMachineUpdater.waitForCommit(StateMachineUpdater.java:183)&#10;        at org.apache.ratis.server.impl.StateMachineUpdater.run(StateMachineUpdater.java:148)&#10;        at java.lang.Thread.run(Thread.java:748)&#10;&quot;BlockDeletingService#2&quot; daemon prio=5 tid=1158 timed_waiting&#10;java.lang.Thread.State: TIMED_WAITING&#10;        at sun.misc.Unsafe.park(Native Method)&#10;        at java.util.concurrent.locks.LockSupport.parkNanos(LockSupport.java:215)&#10;        at java.util.concurrent.locks.AbstractQueuedSynchronizer$ConditionObject.awaitNanos(AbstractQueuedSynchronizer.java:2078)&#10;        at java.util.concurrent.ScheduledThreadPoolExecutor$DelayedWorkQueue.take(ScheduledThreadPoolExecutor.java:1093)&#10;        at java.util.concurrent.ScheduledThreadPoolExecutor$DelayedWorkQueue.take(ScheduledThreadPoolExecutor.java:809)&#10;        at java.util.concurrent.ThreadPoolExecutor.getTask(ThreadPoolExecutor.java:1074)&#10;        at java.util.concurrent.ThreadPoolExecutor.runWorker(ThreadPoolExecutor.java:1134)&#10;        at java.util.concurrent.ThreadPoolExecutor$Worker.run(ThreadPoolExecutor.java:624)&#10;        at java.lang.Thread.run(Thread.java:748)&#10;&quot;Datanode ReportManager Thread - 3&quot; daemon prio=5 tid=309 in Object.wait()&#10;java.lang.Thread.State: WAITING (on object monitor)&#10;        at sun.misc.Unsafe.park(Native Method)&#10;        at java.util.concurrent.locks.LockSupport.park(LockSupport.java:175)&#10;        at java.util.concurrent.locks.AbstractQueuedSynchronizer$ConditionObject.await(AbstractQueuedSynchronizer.java:2039)&#10;        at java.util.concurrent.ScheduledThreadPoolExecutor$DelayedWorkQueue.take(ScheduledThreadPoolExecutor.java:1088)&#10;        at java.util.concurrent.ScheduledThreadPoolExecutor$DelayedWorkQueue.take(ScheduledThreadPoolExecutor.java:809)&#10;        at java.util.concurrent.ThreadPoolExecutor.getTask(ThreadPoolExecutor.java:1074)&#10;        at java.util.concurrent.ThreadPoolExecutor.runWorker(ThreadPoolExecutor.java:1134)&#10;        at java.util.concurrent.ThreadPoolExecutor$Worker.run(ThreadPoolExecutor.java:624)&#10;        at java.lang.Thread.run(Thread.java:748)&#10;&quot;pool-86-thread-58&quot;  prio=5 tid=771 in Object.wait()&#10;java.lang.Thread.State: WAITING (on object monitor)&#10;        at sun.misc.Unsafe.park(Native Method)&#10;        at java.util.concurrent.locks.LockSupport.park(LockSupport.java:175)&#10;        at java.util.concurrent.locks.AbstractQueuedSynchronizer$ConditionObject.await(AbstractQueuedSynchronizer.java:2039)&#10;        at java.util.concurrent.ArrayBlockingQueue.take(ArrayBlockingQueue.java:403)&#10;        at java.util.concurrent.ThreadPoolExecutor.getTask(ThreadPoolExecutor.java:1074)&#10;        at java.util.concurrent.ThreadPoolExecutor.runWorker(ThreadPoolExecutor.java:1134)&#10;        at java.util.concurrent.ThreadPoolExecutor$Worker.run(ThreadPoolExecutor.java:624)&#10;        at java.lang.Thread.run(Thread.java:748)&#10;&quot;pool-76-thread-16&quot;  prio=5 tid=667 in Object.wait()&#10;java.lang.Thread.State: WAITING (on object monitor)&#10;        at sun.misc.Unsafe.park(Native Method)&#10;        at java.util.concurrent.locks.LockSupport.park(LockSupport.java:175)&#10;        at java.util.concurrent.locks.AbstractQueuedSynchronizer$ConditionObject.await(AbstractQueuedSynchronizer.java:2039)&#10;        at java.util.concurrent.ArrayBlockingQueue.take(ArrayBlockingQueue.java:403)&#10;        at java.util.concurrent.ThreadPoolExecutor.getTask(ThreadPoolExecutor.java:1074)&#10;        at java.util.concurrent.ThreadPoolExecutor.runWorker(ThreadPoolExecutor.java:1134)&#10;        at java.util.concurrent.ThreadPoolExecutor$Worker.run(ThreadPoolExecutor.java:624)&#10;        at java.lang.Thread.run(Thread.java:748)&#10;&quot;pool-26-thread-34&quot;  prio=5 tid=374 in Object.wait()&#10;java.lang.Thread.State: WAITING (on object monitor)&#10;        at sun.misc.Unsafe.park(Native Method)&#10;        at java.util.concurrent.locks.LockSupport.park(LockSupport.java:175)&#10;        at java.util.concurrent.locks.AbstractQueuedSynchronizer$ConditionObject.await(AbstractQueuedSynchronizer.java:2039)&#10;        at java.util.concurrent.ArrayBlockingQueue.take(ArrayBlockingQueue.java:403)&#10;        at java.util.concurrent.ThreadPoolExecutor.getTask(ThreadPoolExecutor.java:1074)&#10;        at java.util.concurrent.ThreadPoolExecutor.runWorker(ThreadPoolExecutor.java:1134)&#10;        at java.util.concurrent.ThreadPoolExecutor$Worker.run(ThreadPoolExecutor.java:624)&#10;        at java.lang.Thread.run(Thread.java:748)&#10;&quot;pool-76-thread-26&quot;  prio=5 tid=677 in Object.wait()&#10;java.lang.Thread.State: WAITING (on object monitor)&#10;        at sun.misc.Unsafe.park(Native Method)&#10;        at java.util.concurrent.locks.LockSupport.park(LockSupport.java:175)&#10;        at java.util.concurrent.locks.AbstractQueuedSynchronizer$ConditionObject.await(AbstractQueuedSynchronizer.java:2039)&#10;        at java.util.concurrent.ArrayBlockingQueue.take(ArrayBlockingQueue.java:403)&#10;        at java.util.concurrent.ThreadPoolExecutor.getTask(ThreadPoolExecutor.java:1074)&#10;        at java.util.concurrent.ThreadPoolExecutor.runWorker(ThreadPoolExecutor.java:1134)&#10;        at java.util.concurrent.ThreadPoolExecutor$Worker.run(ThreadPoolExecutor.java:624)&#10;        at java.lang.Thread.run(Thread.java:748)&#10;&quot;IPC Server handler 11 on 46754&quot; daemon prio=5 tid=60 timed_waiting&#10;java.lang.Thread.State: TIMED_WAITING&#10;        at sun.misc.Unsafe.park(Native Method)&#10;        at java.util.concurrent.locks.LockSupport.parkNanos(LockSupport.java:215)&#10;        at java.util.concurrent.locks.AbstractQueuedSynchronizer$ConditionObject.awaitNanos(AbstractQueuedSynchronizer.java:2078)&#10;        at java.util.concurrent.LinkedBlockingQueue.poll(LinkedBlockingQueue.java:467)&#10;        at org.apache.hadoop.ipc.CallQueueManager.take(CallQueueManager.java:288)&#10;        at org.apache.hadoop.ipc.Server$Handler.run(Server.java:2668)&#10;&quot;PartialTableCache Cleanup Thread - 0&quot; daemon prio=5 tid=841 in Object.wait()&#10;java.lang.Thread.State: WAITING (on object monitor)&#10;        at sun.misc.Unsafe.park(Native Method)&#10;        at java.util.concurrent.locks.LockSupport.park(LockSupport.java:175)&#10;        at java.util.concurrent.locks.AbstractQueuedSynchronizer$ConditionObject.await(AbstractQueuedSynchronizer.java:2039)&#10;        at java.util.concurrent.LinkedBlockingQueue.take(LinkedBlockingQueue.java:442)&#10;        at java.util.concurrent.ThreadPoolExecutor.getTask(ThreadPoolExecutor.java:1074)&#10;        at java.util.concurrent.ThreadPoolExecutor.runWorker(ThreadPoolExecutor.java:1134)&#10;        at java.util.concurrent.ThreadPoolExecutor$Worker.run(ThreadPoolExecutor.java:624)&#10;        at java.lang.Thread.run(Thread.java:748)&#10;&quot;qtp292890110-188&quot; daemon prio=5 tid=188 timed_waiting&#10;java.lang.Thread.State: TIMED_WAITING&#10;        at sun.misc.Unsafe.park(Native Method)&#10;        at java.util.concurrent.locks.LockSupport.parkNanos(LockSupport.java:215)&#10;        at java.util.concurrent.locks.AbstractQueuedSynchronizer$ConditionObject.awaitNanos(AbstractQueuedSynchronizer.java:2078)&#10;        at org.eclipse.jetty.util.BlockingArrayQueue.poll(BlockingArrayQueue.java:392)&#10;        at org.eclipse.jetty.util.thread.QueuedThreadPool.idleJobPoll(QueuedThreadPool.java:563)&#10;        at org.eclipse.jetty.util.thread.QueuedThreadPool.access$800(QueuedThreadPool.java:48)&#10;        at org.eclipse.jetty.util.thread.QueuedThreadPool$2.run(QueuedThreadPool.java:626)&#10;        at java.lang.Thread.run(Thread.java:748)&#10;&quot;BlockDeletingService#4&quot; daemon prio=5 tid=1461 in Object.wait()&#10;java.lang.Thread.State: WAITING (on object monitor)&#10;        at sun.misc.Unsafe.park(Native Method)&#10;        at java.util.concurrent.locks.LockSupport.park(LockSupport.java:175)&#10;        at java.util.concurrent.locks.AbstractQueuedSynchronizer$ConditionObject.await(AbstractQueuedSynchronizer.java:2039)&#10;        at java.util.concurrent.ScheduledThreadPoolExecutor$DelayedWorkQueue.take(ScheduledThreadPoolExecutor.java:1088)&#10;        at java.util.concurrent.ScheduledThreadPoolExecutor$DelayedWorkQueue.take(ScheduledThreadPoolExecutor.java:809)&#10;        at java.util.concurrent.ThreadPoolExecutor.getTask(ThreadPoolExecutor.java:1074)&#10;        at java.util.concurrent.ThreadPoolExecutor.runWorker(ThreadPoolExecutor.java:1134)&#10;        at java.util.concurrent.ThreadPoolExecutor$Worker.run(ThreadPoolExecutor.java:624)&#10;        at java.lang.Thread.run(Thread.java:748)&#10;&quot;qtp1179244298-162&quot; daemon prio=5 tid=162 timed_waiting&#10;java.lang.Thread.State: TIMED_WAITING&#10;        at sun.misc.Unsafe.park(Native Method)&#10;        at java.util.concurrent.locks.LockSupport.parkNanos(LockSupport.java:215)&#10;        at java.util.concurrent.locks.AbstractQueuedSynchronizer$ConditionObject.awaitNanos(AbstractQueuedSynchronizer.java:2078)&#10;        at org.eclipse.jetty.util.BlockingArrayQueue.poll(BlockingArrayQueue.java:392)&#10;        at org.eclipse.jetty.util.thread.QueuedThreadPool.idleJobPoll(QueuedThreadPool.java:563)&#10;        at org.eclipse.jetty.util.thread.QueuedThreadPool.access$800(QueuedThreadPool.java:48)&#10;        at org.eclipse.jetty.util.thread.QueuedThreadPool$2.run(QueuedThreadPool.java:626)&#10;        at java.lang.Thread.run(Thread.java:748)&#10;&quot;pool-76-thread-31&quot;  prio=5 tid=682 in Object.wait()&#10;java.lang.Thread.State: WAITING (on object monitor)&#10;        at sun.misc.Unsafe.park(Native Method)&#10;        at java.util.concurrent.locks.LockSupport.park(LockSupport.java:175)&#10;        at java.util.concurrent.locks.AbstractQueuedSynchronizer$ConditionObject.await(AbstractQueuedSynchronizer.java:2039)&#10;        at java.util.concurrent.ArrayBlockingQueue.take(ArrayBlockingQueue.java:403)&#10;        at java.util.concurrent.ThreadPoolExecutor.getTask(ThreadPoolExecutor.java:1074)&#10;        at java.util.concurrent.ThreadPoolExecutor.runWorker(ThreadPoolExecutor.java:1134)&#10;        at java.util.concurrent.ThreadPoolExecutor$Worker.run(ThreadPoolExecutor.java:624)&#10;        at java.lang.Thread.run(Thread.java:748)&#10;&quot;8466bef0-9559-4d2e-b20d-aaf3fd2b14fd@group-8D27FC9C30A9-StateMachineUpdater&quot; daemon prio=5 tid=823 in Object.wait()&#10;java.lang.Thread.State: WAITING (on object monitor)&#10;        at java.lang.Object.wait(Native Method)&#10;        at java.lang.Object.wait(Object.java:502)&#10;        at org.apache.ratis.server.impl.StateMachineUpdater.waitForCommit(StateMachineUpdater.java:183)&#10;        at org.apache.ratis.server.impl.StateMachineUpdater.run(StateMachineUpdater.java:148)&#10;        at java.lang.Thread.run(Thread.java:748)&#10;&quot;pool-86-thread-57&quot;  prio=5 tid=770 in Object.wait()&#10;java.lang.Thread.State: WAITING (on object monitor)&#10;        at sun.misc.Unsafe.park(Native Method)&#10;        at java.util.concurrent.locks.LockSupport.park(LockSupport.java:175)&#10;        at java.util.concurrent.locks.AbstractQueuedSynchronizer$ConditionObject.await(AbstractQueuedSynchronizer.java:2039)&#10;        at java.util.concurrent.ArrayBlockingQueue.take(ArrayBlockingQueue.java:403)&#10;        at java.util.concurrent.ThreadPoolExecutor.getTask(ThreadPoolExecutor.java:1074)&#10;        at java.util.concurrent.ThreadPoolExecutor.runWorker(ThreadPoolExecutor.java:1134)&#10;        at java.util.concurrent.ThreadPoolExecutor$Worker.run(ThreadPoolExecutor.java:624)&#10;        at java.lang.Thread.run(Thread.java:748)&#10;&quot;pool-56-thread-48&quot;  prio=5 tid=575 in Object.wait()&#10;java.lang.Thread.State: WAITING (on object monitor)&#10;        at sun.misc.Unsafe.park(Native Method)&#10;        at java.util.concurrent.locks.LockSupport.park(LockSupport.java:175)&#10;        at java.util.concurrent.locks.AbstractQueuedSynchronizer$ConditionObject.await(AbstractQueuedSynchronizer.java:2039)&#10;        at java.util.concurrent.ArrayBlockingQueue.take(ArrayBlockingQueue.java:403)&#10;        at java.util.concurrent.ThreadPoolExecutor.getTask(ThreadPoolExecutor.java:1074)&#10;        at java.util.concurrent.ThreadPoolExecutor.runWorker(ThreadPoolExecutor.java:1134)&#10;        at java.util.concurrent.ThreadPoolExecutor$Worker.run(ThreadPoolExecutor.java:624)&#10;        at java.lang.Thread.run(Thread.java:748)&#10;&quot;PartialTableCache Cleanup Thread - 0&quot; daemon prio=5 tid=840 in Object.wait()&#10;java.lang.Thread.State: WAITING (on object monitor)&#10;        at sun.misc.Unsafe.park(Native Method)&#10;        at java.util.concurrent.locks.LockSupport.park(LockSupport.java:175)&#10;        at java.util.concurrent.locks.AbstractQueuedSynchronizer$ConditionObject.await(AbstractQueuedSynchronizer.java:2039)&#10;        at java.util.concurrent.LinkedBlockingQueue.take(LinkedBlockingQueue.java:442)&#10;        at java.util.concurrent.ThreadPoolExecutor.getTask(ThreadPoolExecutor.java:1074)&#10;        at java.util.concurrent.ThreadPoolExecutor.runWorker(ThreadPoolExecutor.java:1134)&#10;        at java.util.concurrent.ThreadPoolExecutor$Worker.run(ThreadPoolExecutor.java:624)&#10;        at java.lang.Thread.run(Thread.java:748)&#10;&quot;Datanode ReportManager Thread - 0&quot; daemon prio=5 tid=333 in Object.wait()&#10;java.lang.Thread.State: WAITING (on object monitor)&#10;        at sun.misc.Unsafe.park(Native Method)&#10;        at java.util.concurrent.locks.LockSupport.park(LockSupport.java:175)&#10;        at java.util.concurrent.locks.AbstractQueuedSynchronizer$ConditionObject.await(AbstractQueuedSynchronizer.java:2039)&#10;        at java.util.concurrent.ScheduledThreadPoolExecutor$DelayedWorkQueue.take(ScheduledThreadPoolExecutor.java:1088)&#10;        at java.util.concurrent.ScheduledThreadPoolExecutor$DelayedWorkQueue.take(ScheduledThreadPoolExecutor.java:809)&#10;        at java.util.concurrent.ThreadPoolExecutor.getTask(ThreadPoolExecutor.java:1074)&#10;        at java.util.concurrent.ThreadPoolExecutor.runWorker(ThreadPoolExecutor.java:1134)&#10;        at java.util.concurrent.ThreadPoolExecutor$Worker.run(ThreadPoolExecutor.java:624)&#10;        at java.lang.Thread.run(Thread.java:748)&#10;&quot;refreshUsed-/workdir/hadoop-ozone/integration-test/target/test-dir/MiniOzoneClusterImpl-60a3af6c-3451-4a8a-82ad-625647a1d2f0/datanode-1/data/containers&quot; daemon prio=5 tid=181 timed_waiting&#10;java.lang.Thread.State: TIMED_WAITING&#10;        at java.lang.Thread.sleep(Native Method)&#10;        at org.apache.hadoop.fs.CachingGetSpaceUsed$RefreshThread.run(CachingGetSpaceUsed.java:179)&#10;        at java.lang.Thread.run(Thread.java:748)&#10;&quot;metrics-hadoop-metrics2-reporter-29-thread-1&quot; daemon prio=5 tid=968 timed_waiting&#10;java.lang.Thread.State: TIMED_WAITING&#10;        at sun.misc.Unsafe.park(Native Method)&#10;        at java.util.concurrent.locks.LockSupport.parkNanos(LockSupport.java:215)&#10;        at java.util.concurrent.locks.AbstractQueuedSynchronizer$ConditionObject.awaitNanos(AbstractQueuedSynchronizer.java:2078)&#10;        at java.util.concurrent.ScheduledThreadPoolExecutor$DelayedWorkQueue.take(ScheduledThreadPoolExecutor.java:1093)&#10;        at java.util.concurrent.ScheduledThreadPoolExecutor$DelayedWorkQueue.take(ScheduledThreadPoolExecutor.java:809)&#10;        at java.util.concurrent.ThreadPoolExecutor.getTask(ThreadPoolExecutor.java:1074)&#10;        at java.util.concurrent.ThreadPoolExecutor.runWorker(ThreadPoolExecutor.java:1134)&#10;        at java.util.concurrent.ThreadPoolExecutor$Worker.run(ThreadPoolExecutor.java:624)&#10;        at java.lang.Thread.run(Thread.java:748)&#10;&quot;org.eclipse.jetty.server.session.HashSessionManager@574a89e2Timer&quot; daemon prio=5 tid=331 timed_waiting&#10;java.lang.Thread.State: TIMED_WAITING&#10;        at sun.misc.Unsafe.park(Native Method)&#10;        at java.util.concurrent.locks.LockSupport.parkNanos(LockSupport.java:215)&#10;        at java.util.concurrent.locks.AbstractQueuedSynchronizer$ConditionObject.awaitNanos(AbstractQueuedSynchronizer.java:2078)&#10;        at java.util.concurrent.ScheduledThreadPoolExecutor$DelayedWorkQueue.take(ScheduledThreadPoolExecutor.java:1093)&#10;        at java.util.concurrent.ScheduledThreadPoolExecutor$DelayedWorkQueue.take(ScheduledThreadPoolExecutor.java:809)&#10;        at java.util.concurrent.ThreadPoolExecutor.getTask(ThreadPoolExecutor.java:1074)&#10;        at java.util.concurrent.ThreadPoolExecutor.runWorker(ThreadPoolExecutor.java:1134)&#10;        at java.util.concurrent.ThreadPoolExecutor$Worker.run(ThreadPoolExecutor.java:624)&#10;        at java.lang.Thread.run(Thread.java:748)&#10;&quot;qtp523528914-325&quot; daemon prio=5 tid=325 timed_waiting&#10;java.lang.Thread.State: TIMED_WAITING&#10;        at sun.misc.Unsafe.park(Native Method)&#10;        at java.util.concurrent.locks.LockSupport.parkNanos(LockSupport.java:215)&#10;        at java.util.concurrent.locks.AbstractQueuedSynchronizer$ConditionObject.awaitNanos(AbstractQueuedSynchronizer.java:2078)&#10;        at org.eclipse.jetty.util.BlockingArrayQueue.poll(BlockingArrayQueue.java:392)&#10;        at org.eclipse.jetty.util.thread.QueuedThreadPool.idleJobPoll(QueuedThreadPool.java:563)&#10;        at org.eclipse.jetty.util.thread.QueuedThreadPool.access$800(QueuedThreadPool.java:48)&#10;        at org.eclipse.jetty.util.thread.QueuedThreadPool$2.run(QueuedThreadPool.java:626)&#10;        at java.lang.Thread.run(Thread.java:748)&#10;&quot;pool-86-thread-39&quot;  prio=5 tid=752 in Object.wait()&#10;java.lang.Thread.State: WAITING (on object monitor)&#10;        at sun.misc.Unsafe.park(Native Method)&#10;        at java.util.concurrent.locks.LockSupport.park(LockSupport.java:175)&#10;        at java.util.concurrent.locks.AbstractQueuedSynchronizer$ConditionObject.await(AbstractQueuedSynchronizer.java:2039)&#10;        at java.util.concurrent.ArrayBlockingQueue.take(ArrayBlockingQueue.java:403)&#10;        at java.util.concurrent.ThreadPoolExecutor.getTask(ThreadPoolExecutor.java:1074)&#10;        at java.util.concurrent.ThreadPoolExecutor.runWorker(ThreadPoolExecutor.java:1134)&#10;        at java.util.concurrent.ThreadPoolExecutor$Worker.run(ThreadPoolExecutor.java:624)&#10;        at java.lang.Thread.run(Thread.java:748)&#10;&quot;pool-46-thread-51&quot;  prio=5 tid=511 in Object.wait()&#10;java.lang.Thread.State: WAITING (on object monitor)&#10;        at sun.misc.Unsafe.park(Native Method)&#10;        at java.util.concurrent.locks.LockSupport.park(LockSupport.java:175)&#10;        at java.util.concurrent.locks.AbstractQueuedSynchronizer$ConditionObject.await(AbstractQueuedSynchronizer.java:2039)&#10;        at java.util.concurrent.ArrayBlockingQueue.take(ArrayBlockingQueue.java:403)&#10;        at java.util.concurrent.ThreadPoolExecutor.getTask(ThreadPoolExecutor.java:1074)&#10;        at java.util.concurrent.ThreadPoolExecutor.runWorker(ThreadPoolExecutor.java:1134)&#10;        at java.util.concurrent.ThreadPoolExecutor$Worker.run(ThreadPoolExecutor.java:624)&#10;        at java.lang.Thread.run(Thread.java:748)&#10;&quot;RatisApplyTransactionExecutor 4&quot; daemon prio=5 tid=3695 in Object.wait()&#10;java.lang.Thread.State: WAITING (on object monitor)&#10;        at sun.misc.Unsafe.park(Native Method)&#10;        at java.util.concurrent.locks.LockSupport.park(LockSupport.java:175)&#10;        at java.util.concurrent.locks.AbstractQueuedSynchronizer$ConditionObject.await(AbstractQueuedSynchronizer.java:2039)&#10;        at java.util.concurrent.LinkedBlockingQueue.take(LinkedBlockingQueue.java:442)&#10;        at java.util.concurrent.ThreadPoolExecutor.getTask(ThreadPoolExecutor.java:1074)&#10;        at java.util.concurrent.ThreadPoolExecutor.runWorker(ThreadPoolExecutor.java:1134)&#10;        at java.util.concurrent.ThreadPoolExecutor$Worker.run(ThreadPoolExecutor.java:624)&#10;        at java.lang.Thread.run(Thread.java:748)&#10;&quot;Periodic HDDS volume checker&quot;  prio=5 tid=260 timed_waiting&#10;java.lang.Thread.State: TIMED_WAITING&#10;        at sun.misc.Unsafe.park(Native Method)&#10;        at java.util.concurrent.locks.LockSupport.parkNanos(LockSupport.java:215)&#10;        at java.util.concurrent.locks.AbstractQueuedSynchronizer$ConditionObject.awaitNanos(AbstractQueuedSynchronizer.java:2078)&#10;        at java.util.concurrent.ScheduledThreadPoolExecutor$DelayedWorkQueue.take(ScheduledThreadPoolExecutor.java:1093)&#10;        at java.util.concurrent.ScheduledThreadPoolExecutor$DelayedWorkQueue.take(ScheduledThreadPoolExecutor.java:809)&#10;        at java.util.concurrent.ThreadPoolExecutor.getTask(ThreadPoolExecutor.java:1074)&#10;        at java.util.concurrent.ThreadPoolExecutor.runWorker(ThreadPoolExecutor.java:1134)&#10;        at java.util.concurrent.ThreadPoolExecutor$Worker.run(ThreadPoolExecutor.java:624)&#10;        at java.lang.Thread.run(Thread.java:748)&#10;&quot;pool-44-thread-1&quot; daemon prio=5 tid=210 in Object.wait()&#10;java.lang.Thread.State: WAITING (on object monitor)&#10;        at sun.misc.Unsafe.park(Native Method)&#10;        at java.util.concurrent.locks.LockSupport.park(LockSupport.java:175)&#10;        at java.util.concurrent.locks.AbstractQueuedSynchronizer$ConditionObject.await(AbstractQueuedSynchronizer.java:2039)&#10;        at java.util.concurrent.ScheduledThreadPoolExecutor$DelayedWorkQueue.take(ScheduledThreadPoolExecutor.java:1081)&#10;        at java.util.concurrent.ScheduledThreadPoolExecutor$DelayedWorkQueue.take(ScheduledThreadPoolExecutor.java:809)&#10;        at java.util.concurrent.ThreadPoolExecutor.getTask(ThreadPoolExecutor.java:1074)&#10;        at java.util.concurrent.ThreadPoolExecutor.runWorker(ThreadPoolExecutor.java:1134)&#10;        at java.util.concurrent.ThreadPoolExecutor$Worker.run(ThreadPoolExecutor.java:624)&#10;        at java.lang.Thread.run(Thread.java:748)&#10;&quot;IPC Server handler 7 on 46754&quot; daemon prio=5 tid=56 timed_waiting&#10;java.lang.Thread.State: TIMED_WAITING&#10;        at sun.misc.Unsafe.park(Native Method)&#10;        at java.util.concurrent.locks.LockSupport.parkNanos(LockSupport.java:215)&#10;        at java.util.concurrent.locks.AbstractQueuedSynchronizer$ConditionObject.awaitNanos(AbstractQueuedSynchronizer.java:2078)&#10;        at java.util.concurrent.LinkedBlockingQueue.poll(LinkedBlockingQueue.java:467)&#10;        at org.apache.hadoop.ipc.CallQueueManager.take(CallQueueManager.java:288)&#10;        at org.apache.hadoop.ipc.Server$Handler.run(Server.java:2668)&#10;&quot;Datanode State Machine Thread - 0&quot; daemon prio=5 tid=224 timed_waiting&#10;java.lang.Thread.State: TIMED_WAITING&#10;        at java.lang.Thread.sleep(Native Method)&#10;        at org.apache.hadoop.ozone.container.common.statemachine.DatanodeStateMachine.start(DatanodeStateMachine.java:191)&#10;        at org.apache.hadoop.ozone.container.common.statemachine.DatanodeStateMachine.lambda$startDaemon$0(DatanodeStateMachine.java:349)&#10;        at org.apache.hadoop.ozone.container.common.statemachine.DatanodeStateMachine$$Lambda$136/1673604690.run(Unknown Source)&#10;        at java.lang.Thread.run(Thread.java:748)&#10;&quot;EventQueue-ContainerReportForContainerReportHandler&quot; daemon prio=5 tid=778 in Object.wait()&#10;java.lang.Thread.State: WAITING (on object monitor)&#10;        at sun.misc.Unsafe.park(Native Method)&#10;        at java.util.concurrent.locks.LockSupport.park(LockSupport.java:175)&#10;        at java.util.concurrent.locks.AbstractQueuedSynchronizer$ConditionObject.await(AbstractQueuedSynchronizer.java:2039)&#10;        at java.util.concurrent.LinkedBlockingQueue.take(LinkedBlockingQueue.java:442)&#10;        at java.util.concurrent.ThreadPoolExecutor.getTask(ThreadPoolExecutor.java:1074)&#10;        at java.util.concurrent.ThreadPoolExecutor.runWorker(ThreadPoolExecutor.java:1134)&#10;        at java.util.concurrent.ThreadPoolExecutor$Worker.run(ThreadPoolExecutor.java:624)&#10;        at java.lang.Thread.run(Thread.java:748)&#10;&quot;pool-86-thread-16&quot;  prio=5 tid=729 in Object.wait()&#10;java.lang.Thread.State: WAITING (on object monitor)&#10;        at sun.misc.Unsafe.park(Native Method)&#10;        at java.util.concurrent.locks.LockSupport.park(LockSupport.java:175)&#10;        at java.util.concurrent.locks.AbstractQueuedSynchronizer$ConditionObject.await(AbstractQueuedSynchronizer.java:2039)&#10;        at java.util.concurrent.ArrayBlockingQueue.take(ArrayBlockingQueue.java:403)&#10;        at java.util.concurrent.ThreadPoolExecutor.getTask(ThreadPoolExecutor.java:1074)&#10;        at java.util.concurrent.ThreadPoolExecutor.runWorker(ThreadPoolExecutor.java:1134)&#10;        at java.util.concurrent.ThreadPoolExecutor$Worker.run(ThreadPoolExecutor.java:624)&#10;        at java.lang.Thread.run(Thread.java:748)&#10;&quot;pool-66-thread-19&quot;  prio=5 tid=608 in Object.wait()&#10;java.lang.Thread.State: WAITING (on object monitor)&#10;        at sun.misc.Unsafe.park(Native Method)&#10;        at java.util.concurrent.locks.LockSupport.park(LockSupport.java:175)&#10;        at java.util.concurrent.locks.AbstractQueuedSynchronizer$ConditionObject.await(AbstractQueuedSynchronizer.java:2039)&#10;        at java.util.concurrent.ArrayBlockingQueue.take(ArrayBlockingQueue.java:403)&#10;        at java.util.concurrent.ThreadPoolExecutor.getTask(ThreadPoolExecutor.java:1074)&#10;        at java.util.concurrent.ThreadPoolExecutor.runWorker(ThreadPoolExecutor.java:1134)&#10;        at java.util.concurrent.ThreadPoolExecutor$Worker.run(ThreadPoolExecutor.java:624)&#10;        at java.lang.Thread.run(Thread.java:748)&#10;&quot;pool-46-thread-46&quot;  prio=5 tid=506 in Object.wait()&#10;java.lang.Thread.State: WAITING (on object monitor)&#10;        at sun.misc.Unsafe.park(Native Method)&#10;        at java.util.concurrent.locks.LockSupport.park(LockSupport.java:175)&#10;        at java.util.concurrent.locks.AbstractQueuedSynchronizer$ConditionObject.await(AbstractQueuedSynchronizer.java:2039)&#10;        at java.util.concurrent.ArrayBlockingQueue.take(ArrayBlockingQueue.java:403)&#10;        at java.util.concurrent.ThreadPoolExecutor.getTask(ThreadPoolExecutor.java:1074)&#10;        at java.util.concurrent.ThreadPoolExecutor.runWorker(ThreadPoolExecutor.java:1134)&#10;        at java.util.concurrent.ThreadPoolExecutor$Worker.run(ThreadPoolExecutor.java:624)&#10;        at java.lang.Thread.run(Thread.java:748)&#10;&quot;pool-36-thread-1&quot;  prio=5 tid=401 in Object.wait()&#10;java.lang.Thread.State: WAITING (on object monitor)&#10;        at sun.misc.Unsafe.park(Native Method)&#10;        at java.util.concurrent.locks.LockSupport.park(LockSupport.java:175)&#10;        at java.util.concurrent.locks.AbstractQueuedSynchronizer$ConditionObject.await(AbstractQueuedSynchronizer.java:2039)&#10;        at java.util.concurrent.ArrayBlockingQueue.take(ArrayBlockingQueue.java:403)&#10;        at java.util.concurrent.ThreadPoolExecutor.getTask(ThreadPoolExecutor.java:1074)&#10;        at java.util.concurrent.ThreadPoolExecutor.runWorker(ThreadPoolExecutor.java:1134)&#10;        at java.util.concurrent.ThreadPoolExecutor$Worker.run(ThreadPoolExecutor.java:624)&#10;        at java.lang.Thread.run(Thread.java:748)&#10;&quot;pool-26-thread-50&quot;  prio=5 tid=390 in Object.wait()&#10;java.lang.Thread.State: WAITING (on object monitor)&#10;        at sun.misc.Unsafe.park(Native Method)&#10;        at java.util.concurrent.locks.LockSupport.park(LockSupport.java:175)&#10;        at java.util.concurrent.locks.AbstractQueuedSynchronizer$ConditionObject.await(AbstractQueuedSynchronizer.java:2039)&#10;        at java.util.concurrent.ArrayBlockingQueue.take(ArrayBlockingQueue.java:403)&#10;        at java.util.concurrent.ThreadPoolExecutor.getTask(ThreadPoolExecutor.java:1074)&#10;        at java.util.concurrent.ThreadPoolExecutor.runWorker(ThreadPoolExecutor.java:1134)&#10;        at java.util.concurrent.ThreadPoolExecutor$Worker.run(ThreadPoolExecutor.java:624)&#10;        at java.lang.Thread.run(Thread.java:748)&#10;&quot;BlockDeletingService#5&quot; daemon prio=5 tid=1842 in Object.wait()&#10;java.lang.Thread.State: WAITING (on object monitor)&#10;        at sun.misc.Unsafe.park(Native Method)&#10;        at java.util.concurrent.locks.LockSupport.park(LockSupport.java:175)&#10;        at java.util.concurrent.locks.AbstractQueuedSynchronizer$ConditionObject.await(AbstractQueuedSynchronizer.java:2039)&#10;        at java.util.concurrent.ScheduledThreadPoolExecutor$DelayedWorkQueue.take(ScheduledThreadPoolExecutor.java:1088)&#10;        at java.util.concurrent.ScheduledThreadPoolExecutor$DelayedWorkQueue.take(ScheduledThreadPoolExecutor.java:809)&#10;        at java.util.concurrent.ThreadPoolExecutor.getTask(ThreadPoolExecutor.java:1074)&#10;        at java.util.concurrent.ThreadPoolExecutor.runWorker(ThreadPoolExecutor.java:1134)&#10;        at java.util.concurrent.ThreadPoolExecutor$Worker.run(ThreadPoolExecutor.java:624)&#10;        at java.lang.Thread.run(Thread.java:748)&#10;&quot;pool-24-thread-1&quot; daemon prio=5 tid=156 in Object.wait()&#10;java.lang.Thread.State: WAITING (on object monitor)&#10;        at sun.misc.Unsafe.park(Native Method)&#10;        at java.util.concurrent.locks.LockSupport.park(LockSupport.java:175)&#10;        at java.util.concurrent.locks.AbstractQueuedSynchronizer$ConditionObject.await(AbstractQueuedSynchronizer.java:2039)&#10;        at java.util.concurrent.ScheduledThreadPoolExecutor$DelayedWorkQueue.take(ScheduledThreadPoolExecutor.java:1081)&#10;        at java.util.concurrent.ScheduledThreadPoolExecutor$DelayedWorkQueue.take(ScheduledThreadPoolExecutor.java:809)&#10;        at java.util.concurrent.ThreadPoolExecutor.getTask(ThreadPoolExecutor.java:1074)&#10;        at java.util.concurrent.ThreadPoolExecutor.runWorker(ThreadPoolExecutor.java:1134)&#10;        at java.util.concurrent.ThreadPoolExecutor$Worker.run(ThreadPoolExecutor.java:624)&#10;        at java.lang.Thread.run(Thread.java:748)&#10;&quot;grpc-default-boss-ELG-1-1&quot; daemon prio=5 tid=521 runnable&#10;java.lang.Thread.State: RUNNABLE&#10;        at sun.nio.ch.EPollArrayWrapper.epollWait(Native Method)&#10;        at sun.nio.ch.EPollArrayWrapper.poll(EPollArrayWrapper.java:269)&#10;        at sun.nio.ch.EPollSelectorImpl.doSelect(EPollSelectorImpl.java:93)&#10;        at sun.nio.ch.SelectorImpl.lockAndDoSelect(SelectorImpl.java:86)&#10;        at sun.nio.ch.SelectorImpl.select(SelectorImpl.java:97)&#10;        at org.apache.ratis.thirdparty.io.netty.channel.nio.SelectedSelectionKeySetSelector.select(SelectedSelectionKeySetSelector.java:62)&#10;        at org.apache.ratis.thirdparty.io.netty.channel.nio.NioEventLoop.select(NioEventLoop.java:753)&#10;        at org.apache.ratis.thirdparty.io.netty.channel.nio.NioEventLoop.run(NioEventLoop.java:408)&#10;        at org.apache.ratis.thirdparty.io.netty.util.concurrent.SingleThreadEventExecutor$5.run(SingleThreadEventExecutor.java:897)&#10;        at org.apache.ratis.thirdparty.io.netty.util.concurrent.FastThreadLocalRunnable.run(FastThreadLocalRunnable.java:30)&#10;        at java.lang.Thread.run(Thread.java:748)&#10;&quot;IPC Server handler 11 on 40419&quot; daemon prio=5 tid=40 timed_waiting&#10;java.lang.Thread.State: TIMED_WAITING&#10;        at sun.misc.Unsafe.park(Native Method)&#10;        at java.util.concurrent.locks.LockSupport.parkNanos(LockSupport.java:215)&#10;        at java.util.concurrent.locks.AbstractQueuedSynchronizer$ConditionObject.awaitNanos(AbstractQueuedSynchronizer.java:2078)&#10;        at java.util.concurrent.LinkedBlockingQueue.poll(LinkedBlockingQueue.java:467)&#10;        at org.apache.hadoop.ipc.CallQueueManager.take(CallQueueManager.java:288)&#10;        at org.apache.hadoop.ipc.Server$Handler.run(Server.java:2668)&#10;&quot;pool-66-thread-46&quot;  prio=5 tid=635 in Object.wait()&#10;java.lang.Thread.State: WAITING (on object monitor)&#10;        at sun.misc.Unsafe.park(Native Method)&#10;        at java.util.concurrent.locks.LockSupport.park(LockSupport.java:175)&#10;        at java.util.concurrent.locks.AbstractQueuedSynchronizer$ConditionObject.await(AbstractQueuedSynchronizer.java:2039)&#10;        at java.util.concurrent.ArrayBlockingQueue.take(ArrayBlockingQueue.java:403)&#10;        at java.util.concurrent.ThreadPoolExecutor.getTask(ThreadPoolExecutor.java:1074)&#10;        at java.util.concurrent.ThreadPoolExecutor.runWorker(ThreadPoolExecutor.java:1134)&#10;        at java.util.concurrent.ThreadPoolExecutor$Worker.run(ThreadPoolExecutor.java:624)&#10;        at java.lang.Thread.run(Thread.java:748)&#10;&quot;qtp2111457497-93&quot; daemon prio=5 tid=93 timed_waiting&#10;java.lang.Thread.State: TIMED_WAITING&#10;        at sun.misc.Unsafe.park(Native Method)&#10;        at java.util.concurrent.locks.LockSupport.parkNanos(LockSupport.java:215)&#10;        at java.util.concurrent.locks.AbstractQueuedSynchronizer$ConditionObject.awaitNanos(AbstractQueuedSynchronizer.java:2078)&#10;        at org.eclipse.jetty.util.BlockingArrayQueue.poll(BlockingArrayQueue.java:392)&#10;        at org.eclipse.jetty.util.thread.QueuedThreadPool.idleJobPoll(QueuedThreadPool.java:563)&#10;        at org.eclipse.jetty.util.thread.QueuedThreadPool.access$800(QueuedThreadPool.java:48)&#10;        at org.eclipse.jetty.util.thread.QueuedThreadPool$2.run(QueuedThreadPool.java:626)&#10;        at java.lang.Thread.run(Thread.java:748)&#10;&quot;pool-56-thread-49&quot;  prio=5 tid=576 in Object.wait()&#10;java.lang.Thread.State: WAITING (on object monitor)&#10;        at sun.misc.Unsafe.park(Native Method)&#10;        at java.util.concurrent.locks.LockSupport.park(LockSupport.java:175)&#10;        at java.util.concurrent.locks.AbstractQueuedSynchronizer$ConditionObject.await(AbstractQueuedSynchronizer.java:2039)&#10;        at java.util.concurrent.ArrayBlockingQueue.take(ArrayBlockingQueue.java:403)&#10;        at java.util.concurrent.ThreadPoolExecutor.getTask(ThreadPoolExecutor.java:1074)&#10;        at java.util.concurrent.ThreadPoolExecutor.runWorker(ThreadPoolExecutor.java:1134)&#10;        at java.util.concurrent.ThreadPoolExecutor$Worker.run(ThreadPoolExecutor.java:624)&#10;        at java.lang.Thread.run(Thread.java:748)&#10;&quot;pool-66-thread-12&quot;  prio=5 tid=601 in Object.wait()&#10;java.lang.Thread.State: WAITING (on object monitor)&#10;        at sun.misc.Unsafe.park(Native Method)&#10;        at java.util.concurrent.locks.LockSupport.park(LockSupport.java:175)&#10;        at java.util.concurrent.locks.AbstractQueuedSynchronizer$ConditionObject.await(AbstractQueuedSynchronizer.java:2039)&#10;        at java.util.concurrent.ArrayBlockingQueue.take(ArrayBlockingQueue.java:403)&#10;        at java.util.concurrent.ThreadPoolExecutor.getTask(ThreadPoolExecutor.java:1074)&#10;        at java.util.concurrent.ThreadPoolExecutor.runWorker(ThreadPoolExecutor.java:1134)&#10;        at java.util.concurrent.ThreadPoolExecutor$Worker.run(ThreadPoolExecutor.java:624)&#10;        at java.lang.Thread.run(Thread.java:748)&#10;&quot;pool-26-thread-5&quot;  prio=5 tid=345 in Object.wait()&#10;java.lang.Thread.State: WAITING (on object monitor)&#10;        at sun.misc.Unsafe.park(Native Method)&#10;        at java.util.concurrent.locks.LockSupport.park(LockSupport.java:175)&#10;        at java.util.concurrent.locks.AbstractQueuedSynchronizer$ConditionObject.await(AbstractQueuedSynchronizer.java:2039)&#10;        at java.util.concurrent.ArrayBlockingQueue.take(ArrayBlockingQueue.java:403)&#10;        at java.util.concurrent.ThreadPoolExecutor.getTask(ThreadPoolExecutor.java:1074)&#10;        at java.util.concurrent.ThreadPoolExecutor.runWorker(ThreadPoolExecutor.java:1134)&#10;        at java.util.concurrent.ThreadPoolExecutor$Worker.run(ThreadPoolExecutor.java:624)&#10;        at java.lang.Thread.run(Thread.java:748)&#10;&quot;IPC Server Responder&quot; daemon prio=5 tid=21 runnable&#10;java.lang.Thread.State: RUNNABLE&#10;        at sun.nio.ch.EPollArrayWrapper.epollWait(Native Method)&#10;        at sun.nio.ch.EPollArrayWrapper.poll(EPollArrayWrapper.java:269)&#10;        at sun.nio.ch.EPollSelectorImpl.doSelect(EPollSelectorImpl.java:93)&#10;        at sun.nio.ch.SelectorImpl.lockAndDoSelect(SelectorImpl.java:86)&#10;        at sun.nio.ch.SelectorImpl.select(SelectorImpl.java:97)&#10;        at org.apache.hadoop.ipc.Server$Responder.doRunLoop(Server.java:1334)&#10;        at org.apache.hadoop.ipc.Server$Responder.run(Server.java:1317)&#10;&quot;metrics-hadoop-metrics2-reporter-22-thread-1&quot; daemon prio=5 tid=898 timed_waiting&#10;java.lang.Thread.State: TIMED_WAITING&#10;        at sun.misc.Unsafe.park(Native Method)&#10;        at java.util.concurrent.locks.LockSupport.parkNanos(LockSupport.java:215)&#10;        at java.util.concurrent.locks.AbstractQueuedSynchronizer$ConditionObject.awaitNanos(AbstractQueuedSynchronizer.java:2078)&#10;        at java.util.concurrent.ScheduledThreadPoolExecutor$DelayedWorkQueue.take(ScheduledThreadPoolExecutor.java:1093)&#10;        at java.util.concurrent.ScheduledThreadPoolExecutor$DelayedWorkQueue.take(ScheduledThreadPoolExecutor.java:809)&#10;        at java.util.concurrent.ThreadPoolExecutor.getTask(ThreadPoolExecutor.java:1074)&#10;        at java.util.concurrent.ThreadPoolExecutor.runWorker(ThreadPoolExecutor.java:1134)&#10;        at java.util.concurrent.ThreadPoolExecutor$Worker.run(ThreadPoolExecutor.java:624)&#10;        at java.lang.Thread.run(Thread.java:748)&#10;&quot;pool-66-thread-11&quot;  prio=5 tid=600 in Object.wait()&#10;java.lang.Thread.State: WAITING (on object monitor)&#10;        at sun.misc.Unsafe.park(Native Method)&#10;        at java.util.concurrent.locks.LockSupport.park(LockSupport.java:175)&#10;        at java.util.concurrent.locks.AbstractQueuedSynchronizer$ConditionObject.await(AbstractQueuedSynchronizer.java:2039)&#10;        at java.util.concurrent.ArrayBlockingQueue.take(ArrayBlockingQueue.java:403)&#10;        at java.util.concurrent.ThreadPoolExecutor.getTask(ThreadPoolExecutor.java:1074)&#10;        at java.util.concurrent.ThreadPoolExecutor.runWorker(ThreadPoolExecutor.java:1134)&#10;        at java.util.concurrent.ThreadPoolExecutor$Worker.run(ThreadPoolExecutor.java:624)&#10;        at java.lang.Thread.run(Thread.java:748)&#10;&quot;Thread-3084&quot; daemon prio=5 tid=3823 timed_waiting&#10;java.lang.Thread.State: TIMED_WAITING&#10;        at sun.misc.Unsafe.park(Native Method)&#10;        at java.util.concurrent.locks.LockSupport.parkNanos(LockSupport.java:215)&#10;        at java.util.concurrent.locks.AbstractQueuedSynchronizer$ConditionObject.awaitNanos(AbstractQueuedSynchronizer.java:2078)&#10;        at java.util.concurrent.ArrayBlockingQueue.poll(ArrayBlockingQueue.java:418)&#10;        at org.apache.ratis.server.impl.LeaderState$EventQueue.poll(LeaderState.java:115)&#10;        at org.apache.ratis.server.impl.LeaderState$EventProcessor.run(LeaderState.java:457)&#10;&quot;BlockDeletingService#9&quot; daemon prio=5 tid=2733 in Object.wait()&#10;java.lang.Thread.State: WAITING (on object monitor)&#10;        at sun.misc.Unsafe.park(Native Method)&#10;        at java.util.concurrent.locks.LockSupport.park(LockSupport.java:175)&#10;        at java.util.concurrent.locks.AbstractQueuedSynchronizer$ConditionObject.await(AbstractQueuedSynchronizer.java:2039)&#10;        at java.util.concurrent.ScheduledThreadPoolExecutor$DelayedWorkQueue.take(ScheduledThreadPoolExecutor.java:1088)&#10;        at java.util.concurrent.ScheduledThreadPoolExecutor$DelayedWorkQueue.take(ScheduledThreadPoolExecutor.java:809)&#10;        at java.util.concurrent.ThreadPoolExecutor.getTask(ThreadPoolExecutor.java:1074)&#10;        at java.util.concurrent.ThreadPoolExecutor.runWorker(ThreadPoolExecutor.java:1134)&#10;        at java.util.concurrent.ThreadPoolExecutor$Worker.run(ThreadPoolExecutor.java:624)&#10;        at java.lang.Thread.run(Thread.java:748)&#10;&quot;8466bef0-9559-4d2e-b20d-aaf3fd2b14fd@group-6371820A5F4C-SegmentedRaftLogWorker&quot;  prio=5 tid=2218 timed_waiting&#10;java.lang.Thread.State: TIMED_WAITING&#10;        at sun.misc.Unsafe.park(Native Method)&#10;        at java.util.concurrent.locks.LockSupport.parkNanos(LockSupport.java:215)&#10;        at java.util.concurrent.locks.AbstractQueuedSynchronizer$ConditionObject.awaitNanos(AbstractQueuedSynchronizer.java:2078)&#10;        at org.apache.ratis.util.DataBlockingQueue.poll(DataBlockingQueue.java:137)&#10;        at org.apache.ratis.server.raftlog.segmented.SegmentedRaftLogWorker.run(SegmentedRaftLogWorker.java:283)&#10;        at java.lang.Thread.run(Thread.java:748)&#10;&quot;qtp978035840-136&quot; daemon prio=5 tid=136 runnable&#10;java.lang.Thread.State: RUNNABLE&#10;        at sun.nio.ch.EPollArrayWrapper.epollWait(Native Method)&#10;        at sun.nio.ch.EPollArrayWrapper.poll(EPollArrayWrapper.java:269)&#10;        at sun.nio.ch.EPollSelectorImpl.doSelect(EPollSelectorImpl.java:93)&#10;        at sun.nio.ch.SelectorImpl.lockAndDoSelect(SelectorImpl.java:86)&#10;        at sun.nio.ch.SelectorImpl.select(SelectorImpl.java:97)&#10;        at sun.nio.ch.SelectorImpl.select(SelectorImpl.java:101)&#10;        at org.eclipse.jetty.io.ManagedSelector$SelectorProducer.select(ManagedSelector.java:243)&#10;        at org.eclipse.jetty.io.ManagedSelector$SelectorProducer.produce(ManagedSelector.java:191)&#10;        at org.eclipse.jetty.util.thread.strategy.ExecuteProduceConsume.executeProduceConsume(ExecuteProduceConsume.java:249)&#10;        at org.eclipse.jetty.util.thread.strategy.ExecuteProduceConsume.produceConsume(ExecuteProduceConsume.java:148)&#10;        at org.eclipse.jetty.util.thread.strategy.ExecuteProduceConsume.execute(ExecuteProduceConsume.java:100)&#10;        at org.eclipse.jetty.io.ManagedSelector.run(ManagedSelector.java:147)&#10;        at org.eclipse.jetty.util.thread.QueuedThreadPool.runJob(QueuedThreadPool.java:671)&#10;        at org.eclipse.jetty.util.thread.QueuedThreadPool$2.run(QueuedThreadPool.java:589)&#10;        at java.lang.Thread.run(Thread.java:748)&#10;&quot;IPC Server handler 5 on 38980&quot; daemon prio=5 tid=74 timed_waiting&#10;java.lang.Thread.State: TIMED_WAITING&#10;        at sun.misc.Unsafe.park(Native Method)&#10;        at java.util.concurrent.locks.LockSupport.parkNanos(LockSupport.java:215)&#10;        at java.util.concurrent.locks.AbstractQueuedSynchronizer$ConditionObject.awaitNanos(AbstractQueuedSynchronizer.java:2078)&#10;        at java.util.concurrent.LinkedBlockingQueue.poll(LinkedBlockingQueue.java:467)&#10;        at org.apache.hadoop.ipc.CallQueueManager.take(CallQueueManager.java:288)&#10;        at org.apache.hadoop.ipc.Server$Handler.run(Server.java:2668)&#10;&quot;BlockDeletingService#1&quot; daemon prio=5 tid=526 in Object.wait()&#10;java.lang.Thread.State: WAITING (on object monitor)&#10;        at sun.misc.Unsafe.park(Native Method)&#10;        at java.util.concurrent.locks.LockSupport.park(LockSupport.java:175)&#10;        at java.util.concurrent.locks.AbstractQueuedSynchronizer$ConditionObject.await(AbstractQueuedSynchronizer.java:2039)&#10;        at java.util.concurrent.ScheduledThreadPoolExecutor$DelayedWorkQueue.take(ScheduledThreadPoolExecutor.java:1088)&#10;        at java.util.concurrent.ScheduledThreadPoolExecutor$DelayedWorkQueue.take(ScheduledThreadPoolExecutor.java:809)&#10;        at java.util.concurrent.ThreadPoolExecutor.getTask(ThreadPoolExecutor.java:1074)&#10;        at java.util.concurrent.ThreadPoolExecutor.runWorker(ThreadPoolExecutor.java:1134)&#10;        at java.util.concurrent.ThreadPoolExecutor$Worker.run(ThreadPoolExecutor.java:624)&#10;        at java.lang.Thread.run(Thread.java:748)&#10;&quot;pool-76-thread-42&quot;  prio=5 tid=693 in Object.wait()&#10;java.lang.Thread.State: WAITING (on object monitor)&#10;        at sun.misc.Unsafe.park(Native Method)&#10;        at java.util.concurrent.locks.LockSupport.park(LockSupport.java:175)&#10;        at java.util.concurrent.locks.AbstractQueuedSynchronizer$ConditionObject.await(AbstractQueuedSynchronizer.java:2039)&#10;        at java.util.concurrent.ArrayBlockingQueue.take(ArrayBlockingQueue.java:403)&#10;        at java.util.concurrent.ThreadPoolExecutor.getTask(ThreadPoolExecutor.java:1074)&#10;        at java.util.concurrent.ThreadPoolExecutor.runWorker(ThreadPoolExecutor.java:1134)&#10;        at java.util.concurrent.ThreadPoolExecutor$Worker.run(ThreadPoolExecutor.java:624)&#10;        at java.lang.Thread.run(Thread.java:748)&#10;&quot;pool-76-thread-24&quot;  prio=5 tid=675 in Object.wait()&#10;java.lang.Thread.State: WAITING (on object monitor)&#10;        at sun.misc.Unsafe.park(Native Method)&#10;        at java.util.concurrent.locks.LockSupport.park(LockSupport.java:175)&#10;        at java.util.concurrent.locks.AbstractQueuedSynchronizer$ConditionObject.await(AbstractQueuedSynchronizer.java:2039)&#10;        at java.util.concurrent.ArrayBlockingQueue.take(ArrayBlockingQueue.java:403)&#10;        at java.util.concurrent.ThreadPoolExecutor.getTask(ThreadPoolExecutor.java:1074)&#10;        at java.util.concurrent.ThreadPoolExecutor.runWorker(ThreadPoolExecutor.java:1134)&#10;        at java.util.concurrent.ThreadPoolExecutor$Worker.run(ThreadPoolExecutor.java:624)&#10;        at java.lang.Thread.run(Thread.java:748)&#10;&quot;pool-46-thread-17&quot;  prio=5 tid=477 in Object.wait()&#10;java.lang.Thread.State: WAITING (on object monitor)&#10;        at sun.misc.Unsafe.park(Native Method)&#10;        at java.util.concurrent.locks.LockSupport.park(LockSupport.java:175)&#10;        at java.util.concurrent.locks.AbstractQueuedSynchronizer$ConditionObject.await(AbstractQueuedSynchronizer.java:2039)&#10;        at java.util.concurrent.ArrayBlockingQueue.take(ArrayBlockingQueue.java:403)&#10;        at java.util.concurrent.ThreadPoolExecutor.getTask(ThreadPoolExecutor.java:1074)&#10;        at java.util.concurrent.ThreadPoolExecutor.runWorker(ThreadPoolExecutor.java:1134)&#10;        at java.util.concurrent.ThreadPoolExecutor$Worker.run(ThreadPoolExecutor.java:624)&#10;        at java.lang.Thread.run(Thread.java:748)&#10;&quot;BlockDeletingService#0&quot; daemon prio=5 tid=650 in Object.wait()&#10;java.lang.Thread.State: WAITING (on object monitor)&#10;        at sun.misc.Unsafe.park(Native Method)&#10;        at java.util.concurrent.locks.LockSupport.park(LockSupport.java:175)&#10;        at java.util.concurrent.locks.AbstractQueuedSynchronizer$ConditionObject.await(AbstractQueuedSynchronizer.java:2039)&#10;        at java.util.concurrent.ScheduledThreadPoolExecutor$DelayedWorkQueue.take(ScheduledThreadPoolExecutor.java:1088)&#10;        at java.util.concurrent.ScheduledThreadPoolExecutor$DelayedWorkQueue.take(ScheduledThreadPoolExecutor.java:809)&#10;        at java.util.concurrent.ThreadPoolExecutor.getTask(ThreadPoolExecutor.java:1074)&#10;        at java.util.concurrent.ThreadPoolExecutor.runWorker(ThreadPoolExecutor.java:1134)&#10;        at java.util.concurrent.ThreadPoolExecutor$Worker.run(ThreadPoolExecutor.java:624)&#10;        at java.lang.Thread.run(Thread.java:748)&#10;&quot;pool-36-thread-54&quot;  prio=5 tid=454 in Object.wait()&#10;java.lang.Thread.State: WAITING (on object monitor)&#10;        at sun.misc.Unsafe.park(Native Method)&#10;        at java.util.concurrent.locks.LockSupport.park(LockSupport.java:175)&#10;        at java.util.concurrent.locks.AbstractQueuedSynchronizer$ConditionObject.await(AbstractQueuedSynchronizer.java:2039)&#10;        at java.util.concurrent.ArrayBlockingQueue.take(ArrayBlockingQueue.java:403)&#10;        at java.util.concurrent.ThreadPoolExecutor.getTask(ThreadPoolExecutor.java:1074)&#10;        at java.util.concurrent.ThreadPoolExecutor.runWorker(ThreadPoolExecutor.java:1134)&#10;        at java.util.concurrent.ThreadPoolExecutor$Worker.run(ThreadPoolExecutor.java:624)&#10;        at java.lang.Thread.run(Thread.java:748)&#10;&quot;897fdfd8-a3cb-4c9b-9ef8-a626c4e76414@group-2AAFD84C0C8F-StateMachineUpdater&quot; daemon prio=5 tid=831 in Object.wait()&#10;java.lang.Thread.State: WAITING (on object monitor)&#10;        at java.lang.Object.wait(Native Method)&#10;        at java.lang.Object.wait(Object.java:502)&#10;        at org.apache.ratis.server.impl.StateMachineUpdater.waitForCommit(StateMachineUpdater.java:183)&#10;        at org.apache.ratis.server.impl.StateMachineUpdater.run(StateMachineUpdater.java:148)&#10;        at java.lang.Thread.run(Thread.java:748)&#10;&quot;qtp1128600792-244&quot; daemon prio=5 tid=244 timed_waiting&#10;java.lang.Thread.State: TIMED_WAITING&#10;        at sun.misc.Unsafe.park(Native Method)&#10;        at java.util.concurrent.locks.LockSupport.parkNanos(LockSupport.java:215)&#10;        at java.util.concurrent.locks.AbstractQueuedSynchronizer$ConditionObject.awaitNanos(AbstractQueuedSynchronizer.java:2078)&#10;        at org.eclipse.jetty.util.BlockingArrayQueue.poll(BlockingArrayQueue.java:392)&#10;        at org.eclipse.jetty.util.thread.QueuedThreadPool.idleJobPoll(QueuedThreadPool.java:563)&#10;        at org.eclipse.jetty.util.thread.QueuedThreadPool.access$800(QueuedThreadPool.java:48)&#10;        at org.eclipse.jetty.util.thread.QueuedThreadPool$2.run(QueuedThreadPool.java:626)&#10;        at java.lang.Thread.run(Thread.java:748)&#10;&quot;qtp729375394-299&quot; daemon prio=5 tid=299 timed_waiting&#10;java.lang.Thread.State: TIMED_WAITING&#10;        at sun.misc.Unsafe.park(Native Method)&#10;        at java.util.concurrent.locks.LockSupport.parkNanos(LockSupport.java:215)&#10;        at java.util.concurrent.locks.AbstractQueuedSynchronizer$ConditionObject.awaitNanos(AbstractQueuedSynchronizer.java:2078)&#10;        at org.eclipse.jetty.util.BlockingArrayQueue.poll(BlockingArrayQueue.java:392)&#10;        at org.eclipse.jetty.util.thread.QueuedThreadPool.idleJobPoll(QueuedThreadPool.java:563)&#10;        at org.eclipse.jetty.util.thread.QueuedThreadPool.access$800(QueuedThreadPool.java:48)&#10;        at org.eclipse.jetty.util.thread.QueuedThreadPool$2.run(QueuedThreadPool.java:626)&#10;        at java.lang.Thread.run(Thread.java:748)&#10;&quot;BlockDeletingService#9&quot; daemon prio=5 tid=2737 in Object.wait()&#10;java.lang.Thread.State: WAITING (on object monitor)&#10;        at sun.misc.Unsafe.park(Native Method)&#10;        at java.util.concurrent.locks.LockSupport.park(LockSupport.java:175)&#10;        at java.util.concurrent.locks.AbstractQueuedSynchronizer$ConditionObject.await(AbstractQueuedSynchronizer.java:2039)&#10;        at java.util.concurrent.ScheduledThreadPoolExecutor$DelayedWorkQueue.take(ScheduledThreadPoolExecutor.java:1088)&#10;        at java.util.concurrent.ScheduledThreadPoolExecutor$DelayedWorkQueue.take(ScheduledThreadPoolExecutor.java:809)&#10;        at java.util.concurrent.ThreadPoolExecutor.getTask(ThreadPoolExecutor.java:1074)&#10;        at java.util.concurrent.ThreadPoolExecutor.runWorker(ThreadPoolExecutor.java:1134)&#10;        at java.util.concurrent.ThreadPoolExecutor$Worker.run(ThreadPoolExecutor.java:624)&#10;        at java.lang.Thread.run(Thread.java:748)&#10;&quot;Datanode ReportManager Thread - 3&quot; daemon prio=5 tid=255 in Object.wait()&#10;java.lang.Thread.State: WAITING (on object monitor)&#10;        at sun.misc.Unsafe.park(Native Method)&#10;        at java.util.concurrent.locks.LockSupport.park(LockSupport.java:175)&#10;        at java.util.concurrent.locks.AbstractQueuedSynchronizer$ConditionObject.await(AbstractQueuedSynchronizer.java:2039)&#10;        at java.util.concurrent.ScheduledThreadPoolExecutor$DelayedWorkQueue.take(ScheduledThreadPoolExecutor.java:1088)&#10;        at java.util.concurrent.ScheduledThreadPoolExecutor$DelayedWorkQueue.take(ScheduledThreadPoolExecutor.java:809)&#10;        at java.util.concurrent.ThreadPoolExecutor.getTask(ThreadPoolExecutor.java:1074)&#10;        at java.util.concurrent.ThreadPoolExecutor.runWorker(ThreadPoolExecutor.java:1134)&#10;        at java.util.concurrent.ThreadPoolExecutor$Worker.run(ThreadPoolExecutor.java:624)&#10;        at java.lang.Thread.run(Thread.java:748)&#10;&quot;2d4da40c-dd43-4554-9707-f6503cf38c80@group-1A5E3D590F2D-SegmentedRaftLogWorker&quot;  prio=5 tid=807 timed_waiting&#10;java.lang.Thread.State: TIMED_WAITING&#10;        at sun.misc.Unsafe.park(Native Method)&#10;        at java.util.concurrent.locks.LockSupport.parkNanos(LockSupport.java:215)&#10;        at java.util.concurrent.locks.AbstractQueuedSynchronizer$ConditionObject.awaitNanos(AbstractQueuedSynchronizer.java:2078)&#10;        at org.apache.ratis.util.DataBlockingQueue.poll(DataBlockingQueue.java:137)&#10;        at org.apache.ratis.server.raftlog.segmented.SegmentedRaftLogWorker.run(SegmentedRaftLogWorker.java:283)&#10;        at java.lang.Thread.run(Thread.java:748)&#10;&quot;Datanode ReportManager Thread - 1&quot; daemon prio=5 tid=334 in Object.wait()&#10;java.lang.Thread.State: WAITING (on object monitor)&#10;        at sun.misc.Unsafe.park(Native Method)&#10;        at java.util.concurrent.locks.LockSupport.park(LockSupport.java:175)&#10;        at java.util.concurrent.locks.AbstractQueuedSynchronizer$ConditionObject.await(AbstractQueuedSynchronizer.java:2039)&#10;        at java.util.concurrent.ScheduledThreadPoolExecutor$DelayedWorkQueue.take(ScheduledThreadPoolExecutor.java:1088)&#10;        at java.util.concurrent.ScheduledThreadPoolExecutor$DelayedWorkQueue.take(ScheduledThreadPoolExecutor.java:809)&#10;        at java.util.concurrent.ThreadPoolExecutor.getTask(ThreadPoolExecutor.java:1074)&#10;        at java.util.concurrent.ThreadPoolExecutor.runWorker(ThreadPoolExecutor.java:1134)&#10;        at java.util.concurrent.ThreadPoolExecutor$Worker.run(ThreadPoolExecutor.java:624)&#10;        at java.lang.Thread.run(Thread.java:748)&#10;&quot;IPC Server handler 14 on 40610&quot; daemon prio=5 tid=129 timed_waiting&#10;java.lang.Thread.State: TIMED_WAITING&#10;        at sun.misc.Unsafe.park(Native Method)&#10;        at java.util.concurrent.locks.LockSupport.parkNanos(LockSupport.java:215)&#10;        at java.util.concurrent.locks.AbstractQueuedSynchronizer$ConditionObject.awaitNanos(AbstractQueuedSynchronizer.java:2078)&#10;        at java.util.concurrent.LinkedBlockingQueue.poll(LinkedBlockingQueue.java:467)&#10;        at org.apache.hadoop.ipc.CallQueueManager.take(CallQueueManager.java:288)&#10;        at org.apache.hadoop.ipc.Server$Handler.run(Server.java:2668)&#10;&quot;pool-36-thread-57&quot;  prio=5 tid=457 in Object.wait()&#10;java.lang.Thread.State: WAITING (on object monitor)&#10;        at sun.misc.Unsafe.park(Native Method)&#10;        at java.util.concurrent.locks.LockSupport.park(LockSupport.java:175)&#10;        at java.util.concurrent.locks.AbstractQueuedSynchronizer$ConditionObject.await(AbstractQueuedSynchronizer.java:2039)&#10;        at java.util.concurrent.ArrayBlockingQueue.take(ArrayBlockingQueue.java:403)&#10;        at java.util.concurrent.ThreadPoolExecutor.getTask(ThreadPoolExecutor.java:1074)&#10;        at java.util.concurrent.ThreadPoolExecutor.runWorker(ThreadPoolExecutor.java:1134)&#10;        at java.util.concurrent.ThreadPoolExecutor$Worker.run(ThreadPoolExecutor.java:624)&#10;        at java.lang.Thread.run(Thread.java:748)&#10;&quot;Command processor thread&quot; daemon prio=5 tid=310 timed_waiting&#10;java.lang.Thread.State: TIMED_WAITING&#10;        at java.lang.Thread.sleep(Native Method)&#10;        at org.apache.hadoop.ozone.container.common.statemachine.DatanodeStateMachine.lambda$initCommandHandlerThread$1(DatanodeStateMachine.java:439)&#10;        at org.apache.hadoop.ozone.container.common.statemachine.DatanodeStateMachine$$Lambda$137/1719414483.run(Unknown Source)&#10;        at java.lang.Thread.run(Thread.java:748)&#10;&quot;org.apache.hadoop.util.JvmPauseMonitor$Monitor@724bade8&quot; daemon prio=5 tid=103 timed_waiting&#10;java.lang.Thread.State: TIMED_WAITING&#10;        at java.lang.Thread.sleep(Native Method)&#10;        at org.apache.hadoop.util.JvmPauseMonitor$Monitor.run(JvmPauseMonitor.java:192)&#10;        at java.lang.Thread.run(Thread.java:748)&#10;&quot;IPC Server handler 6 on 46754&quot; daemon prio=5 tid=55 timed_waiting&#10;java.lang.Thread.State: TIMED_WAITING&#10;        at sun.misc.Unsafe.park(Native Method)&#10;        at java.util.concurrent.locks.LockSupport.parkNanos(LockSupport.java:215)&#10;        at java.util.concurrent.locks.AbstractQueuedSynchronizer$ConditionObject.awaitNanos(AbstractQueuedSynchronizer.java:2078)&#10;        at java.util.concurrent.LinkedBlockingQueue.poll(LinkedBlockingQueue.java:467)&#10;        at org.apache.hadoop.ipc.CallQueueManager.take(CallQueueManager.java:288)&#10;        at org.apache.hadoop.ipc.Server$Handler.run(Server.java:2668)&#10;&quot;pool-66-thread-30&quot;  prio=5 tid=619 in Object.wait()&#10;java.lang.Thread.State: WAITING (on object monitor)&#10;        at sun.misc.Unsafe.park(Native Method)&#10;        at java.util.concurrent.locks.LockSupport.park(LockSupport.java:175)&#10;        at java.util.concurrent.locks.AbstractQueuedSynchronizer$ConditionObject.await(AbstractQueuedSynchronizer.java:2039)&#10;        at java.util.concurrent.ArrayBlockingQueue.take(ArrayBlockingQueue.java:403)&#10;        at java.util.concurrent.ThreadPoolExecutor.getTask(ThreadPoolExecutor.java:1074)&#10;        at java.util.concurrent.ThreadPoolExecutor.runWorker(ThreadPoolExecutor.java:1134)&#10;        at java.util.concurrent.ThreadPoolExecutor$Worker.run(ThreadPoolExecutor.java:624)&#10;        at java.lang.Thread.run(Thread.java:748)&#10;&quot;Datanode State Machine Thread - 0&quot; daemon prio=5 tid=231 timed_waiting&#10;java.lang.Thread.State: TIMED_WAITING&#10;        at sun.misc.Unsafe.park(Native Method)&#10;        at java.util.concurrent.locks.LockSupport.parkNanos(LockSupport.java:215)&#10;        at java.util.concurrent.SynchronousQueue$TransferStack.awaitFulfill(SynchronousQueue.java:460)&#10;        at java.util.concurrent.SynchronousQueue$TransferStack.transfer(SynchronousQueue.java:362)&#10;        at java.util.concurrent.SynchronousQueue.poll(SynchronousQueue.java:941)&#10;        at java.util.concurrent.ThreadPoolExecutor.getTask(ThreadPoolExecutor.java:1073)&#10;        at java.util.concurrent.ThreadPoolExecutor.runWorker(ThreadPoolExecutor.java:1134)&#10;        at java.util.concurrent.ThreadPoolExecutor$Worker.run(ThreadPoolExecutor.java:624)&#10;        at java.lang.Thread.run(Thread.java:748)&#10;&quot;Timer-0&quot;  prio=5 tid=114 timed_waiting&#10;java.lang.Thread.State: TIMED_WAITING&#10;        at java.lang.Object.wait(Native Method)&#10;        at java.util.TimerThread.mainLoop(Timer.java:552)&#10;        at java.util.TimerThread.run(Timer.java:505)&#10;&quot;BlockDeletingService#9&quot; daemon prio=5 tid=2731 in Object.wait()&#10;java.lang.Thread.State: WAITING (on object monitor)&#10;        at sun.misc.Unsafe.park(Native Method)&#10;        at java.util.concurrent.locks.LockSupport.park(LockSupport.java:175)&#10;        at java.util.concurrent.locks.AbstractQueuedSynchronizer$ConditionObject.await(AbstractQueuedSynchronizer.java:2039)&#10;        at java.util.concurrent.ScheduledThreadPoolExecutor$DelayedWorkQueue.take(ScheduledThreadPoolExecutor.java:1088)&#10;        at java.util.concurrent.ScheduledThreadPoolExecutor$DelayedWorkQueue.take(ScheduledThreadPoolExecutor.java:809)&#10;        at java.util.concurrent.ThreadPoolExecutor.getTask(ThreadPoolExecutor.java:1074)&#10;        at java.util.concurrent.ThreadPoolExecutor.runWorker(ThreadPoolExecutor.java:1134)&#10;        at java.util.concurrent.ThreadPoolExecutor$Worker.run(ThreadPoolExecutor.java:624)&#10;        at java.lang.Thread.run(Thread.java:748)&#10;&quot;IPC Server handler 3 on 46754&quot; daemon prio=5 tid=52 timed_waiting&#10;java.lang.Thread.State: TIMED_WAITING&#10;        at sun.misc.Unsafe.park(Native Method)&#10;        at java.util.concurrent.locks.LockSupport.parkNanos(LockSupport.java:215)&#10;        at java.util.concurrent.locks.AbstractQueuedSynchronizer$ConditionObject.awaitNanos(AbstractQueuedSynchronizer.java:2078)&#10;        at java.util.concurrent.LinkedBlockingQueue.poll(LinkedBlockingQueue.java:467)&#10;        at org.apache.hadoop.ipc.CallQueueManager.take(CallQueueManager.java:288)&#10;        at org.apache.hadoop.ipc.Server$Handler.run(Server.java:2668)&#10;&quot;BlockDeletingService#8&quot; daemon prio=5 tid=2513 in Object.wait()&#10;java.lang.Thread.State: WAITING (on object monitor)&#10;        at sun.misc.Unsafe.park(Native Method)&#10;        at java.util.concurrent.locks.LockSupport.park(LockSupport.java:175)&#10;        at java.util.concurrent.locks.AbstractQueuedSynchronizer$ConditionObject.await(AbstractQueuedSynchronizer.java:2039)&#10;        at java.util.concurrent.ScheduledThreadPoolExecutor$DelayedWorkQueue.take(ScheduledThreadPoolExecutor.java:1088)&#10;        at java.util.concurrent.ScheduledThreadPoolExecutor$DelayedWorkQueue.take(ScheduledThreadPoolExecutor.java:809)&#10;        at java.util.concurrent.ThreadPoolExecutor.getTask(ThreadPoolExecutor.java:1074)&#10;        at java.util.concurrent.ThreadPoolExecutor.runWorker(ThreadPoolExecutor.java:1134)&#10;        at java.util.concurrent.ThreadPoolExecutor$Worker.run(ThreadPoolExecutor.java:624)&#10;        at java.lang.Thread.run(Thread.java:748)&#10;&quot;pool-56-thread-30&quot;  prio=5 tid=557 in Object.wait()&#10;java.lang.Thread.State: WAITING (on object monitor)&#10;        at sun.misc.Unsafe.park(Native Method)&#10;        at java.util.concurrent.locks.LockSupport.park(LockSupport.java:175)&#10;        at java.util.concurrent.locks.AbstractQueuedSynchronizer$ConditionObject.await(AbstractQueuedSynchronizer.java:2039)&#10;        at java.util.concurrent.ArrayBlockingQueue.take(ArrayBlockingQueue.java:403)&#10;        at java.util.concurrent.ThreadPoolExecutor.getTask(ThreadPoolExecutor.java:1074)&#10;        at java.util.concurrent.ThreadPoolExecutor.runWorker(ThreadPoolExecutor.java:1134)&#10;        at java.util.concurrent.ThreadPoolExecutor$Worker.run(ThreadPoolExecutor.java:624)&#10;        at java.lang.Thread.run(Thread.java:748)&#10;&quot;BlockDeletingService#5&quot; daemon prio=5 tid=1841 in Object.wait()&#10;java.lang.Thread.State: WAITING (on object monitor)&#10;        at sun.misc.Unsafe.park(Native Method)&#10;        at java.util.concurrent.locks.LockSupport.park(LockSupport.java:175)&#10;        at java.util.concurrent.locks.AbstractQueuedSynchronizer$ConditionObject.await(AbstractQueuedSynchronizer.java:2039)&#10;        at java.util.concurrent.ScheduledThreadPoolExecutor$DelayedWorkQueue.take(ScheduledThreadPoolExecutor.java:1088)&#10;        at java.util.concurrent.ScheduledThreadPoolExecutor$DelayedWorkQueue.take(ScheduledThreadPoolExecutor.java:809)&#10;        at java.util.concurrent.ThreadPoolExecutor.getTask(ThreadPoolExecutor.java:1074)&#10;        at java.util.concurrent.ThreadPoolExecutor.runWorker(ThreadPoolExecutor.java:1134)&#10;        at java.util.concurrent.ThreadPoolExecutor$Worker.run(ThreadPoolExecutor.java:624)&#10;        at java.lang.Thread.run(Thread.java:748)&#10;&quot;pool-76-thread-29&quot;  prio=5 tid=680 in Object.wait()&#10;java.lang.Thread.State: WAITING (on object monitor)&#10;        at sun.misc.Unsafe.park(Native Method)&#10;        at java.util.concurrent.locks.LockSupport.park(LockSupport.java:175)&#10;        at java.util.concurrent.locks.AbstractQueuedSynchronizer$ConditionObject.await(AbstractQueuedSynchronizer.java:2039)&#10;        at java.util.concurrent.ArrayBlockingQueue.take(ArrayBlockingQueue.java:403)&#10;        at java.util.concurrent.ThreadPoolExecutor.getTask(ThreadPoolExecutor.java:1074)&#10;        at java.util.concurrent.ThreadPoolExecutor.runWorker(ThreadPoolExecutor.java:1134)&#10;        at java.util.concurrent.ThreadPoolExecutor$Worker.run(ThreadPoolExecutor.java:624)&#10;        at java.lang.Thread.run(Thread.java:748)&#10;&quot;pool-30-thread-1&quot;  prio=5 tid=158 timed_waiting&#10;java.lang.Thread.State: TIMED_WAITING&#10;        at sun.misc.Unsafe.park(Native Method)&#10;        at java.util.concurrent.locks.LockSupport.parkNanos(LockSupport.java:215)&#10;        at java.util.concurrent.locks.AbstractQueuedSynchronizer$ConditionObject.awaitNanos(AbstractQueuedSynchronizer.java:2078)&#10;        at java.util.concurrent.ScheduledThreadPoolExecutor$DelayedWorkQueue.take(ScheduledThreadPoolExecutor.java:1093)&#10;        at java.util.concurrent.ScheduledThreadPoolExecutor$DelayedWorkQueue.take(ScheduledThreadPoolExecutor.java:809)&#10;        at java.util.concurrent.ThreadPoolExecutor.getTask(ThreadPoolExecutor.java:1074)&#10;        at java.util.concurrent.ThreadPoolExecutor.runWorker(ThreadPoolExecutor.java:1134)&#10;        at java.util.concurrent.ThreadPoolExecutor$Worker.run(ThreadPoolExecutor.java:624)&#10;        at java.lang.Thread.run(Thread.java:748)&#10;&quot;pool-66-thread-22&quot;  prio=5 tid=611 in Object.wait()&#10;java.lang.Thread.State: WAITING (on object monitor)&#10;        at sun.misc.Unsafe.park(Native Method)&#10;        at java.util.concurrent.locks.LockSupport.park(LockSupport.java:175)&#10;        at java.util.concurrent.locks.AbstractQueuedSynchronizer$ConditionObject.await(AbstractQueuedSynchronizer.java:2039)&#10;        at java.util.concurrent.ArrayBlockingQueue.take(ArrayBlockingQueue.java:403)&#10;        at java.util.concurrent.ThreadPoolExecutor.getTask(ThreadPoolExecutor.java:1074)&#10;        at java.util.concurrent.ThreadPoolExecutor.runWorker(ThreadPoolExecutor.java:1134)&#10;        at java.util.concurrent.ThreadPoolExecutor$Worker.run(ThreadPoolExecutor.java:624)&#10;        at java.lang.Thread.run(Thread.java:748)&#10;&quot;IPC Server handler 9 on 40610&quot; daemon prio=5 tid=124 timed_waiting&#10;java.lang.Thread.State: TIMED_WAITING&#10;        at sun.misc.Unsafe.park(Native Method)&#10;        at java.util.concurrent.locks.LockSupport.parkNanos(LockSupport.java:215)&#10;        at java.util.concurrent.locks.AbstractQueuedSynchronizer$ConditionObject.awaitNanos(AbstractQueuedSynchronizer.java:2078)&#10;        at java.util.concurrent.LinkedBlockingQueue.poll(LinkedBlockingQueue.java:467)&#10;        at org.apache.hadoop.ipc.CallQueueManager.take(CallQueueManager.java:288)&#10;        at org.apache.hadoop.ipc.Server$Handler.run(Server.java:2668)&#10;&quot;pool-67-thread-1&quot;  prio=5 tid=805 in Object.wait()&#10;java.lang.Thread.State: WAITING (on object monitor)&#10;        at sun.misc.Unsafe.park(Native Method)&#10;        at java.util.concurrent.locks.LockSupport.park(LockSupport.java:175)&#10;        at java.util.concurrent.locks.AbstractQueuedSynchronizer$ConditionObject.await(AbstractQueuedSynchronizer.java:2039)&#10;        at java.util.concurrent.LinkedBlockingQueue.take(LinkedBlockingQueue.java:442)&#10;        at java.util.concurrent.ThreadPoolExecutor.getTask(ThreadPoolExecutor.java:1074)&#10;        at java.util.concurrent.ThreadPoolExecutor.runWorker(ThreadPoolExecutor.java:1134)&#10;        at java.util.concurrent.ThreadPoolExecutor$Worker.run(ThreadPoolExecutor.java:624)&#10;        at java.lang.Thread.run(Thread.java:748)&#10;&quot;pool-46-thread-34&quot;  prio=5 tid=494 in Object.wait()&#10;java.lang.Thread.State: WAITING (on object monitor)&#10;        at sun.misc.Unsafe.park(Native Method)&#10;        at java.util.concurrent.locks.LockSupport.park(LockSupport.java:175)&#10;        at java.util.concurrent.locks.AbstractQueuedSynchronizer$ConditionObject.await(AbstractQueuedSynchronizer.java:2039)&#10;        at java.util.concurrent.ArrayBlockingQueue.take(ArrayBlockingQueue.java:403)&#10;        at java.util.concurrent.ThreadPoolExecutor.getTask(ThreadPoolExecutor.java:1074)&#10;        at java.util.concurrent.ThreadPoolExecutor.runWorker(ThreadPoolExecutor.java:1134)&#10;        at java.util.concurrent.ThreadPoolExecutor$Worker.run(ThreadPoolExecutor.java:624)&#10;        at java.lang.Thread.run(Thread.java:748)&#10;&quot;IPC Server handler 3 on 38980&quot; daemon prio=5 tid=72 timed_waiting&#10;java.lang.Thread.State: TIMED_WAITING&#10;        at sun.misc.Unsafe.park(Native Method)&#10;        at java.util.concurrent.locks.LockSupport.parkNanos(LockSupport.java:215)&#10;        at java.util.concurrent.locks.AbstractQueuedSynchronizer$ConditionObject.awaitNanos(AbstractQueuedSynchronizer.java:2078)&#10;        at java.util.concurrent.LinkedBlockingQueue.poll(LinkedBlockingQueue.java:467)&#10;        at org.apache.hadoop.ipc.CallQueueManager.take(CallQueueManager.java:288)&#10;        at org.apache.hadoop.ipc.Server$Handler.run(Server.java:2668)&#10;&quot;pool-56-thread-42&quot;  prio=5 tid=569 in Object.wait()&#10;java.lang.Thread.State: WAITING (on object monitor)&#10;        at sun.misc.Unsafe.park(Native Method)&#10;        at java.util.concurrent.locks.LockSupport.park(LockSupport.java:175)&#10;        at java.util.concurrent.locks.AbstractQueuedSynchronizer$ConditionObject.await(AbstractQueuedSynchronizer.java:2039)&#10;        at java.util.concurrent.ArrayBlockingQueue.take(ArrayBlockingQueue.java:403)&#10;        at java.util.concurrent.ThreadPoolExecutor.getTask(ThreadPoolExecutor.java:1074)&#10;        at java.util.concurrent.ThreadPoolExecutor.runWorker(ThreadPoolExecutor.java:1134)&#10;        at java.util.concurrent.ThreadPoolExecutor$Worker.run(ThreadPoolExecutor.java:624)&#10;        at java.lang.Thread.run(Thread.java:748)&#10;&quot;pool-26-thread-51&quot;  prio=5 tid=391 in Object.wait()&#10;java.lang.Thread.State: WAITING (on object monitor)&#10;        at sun.misc.Unsafe.park(Native Method)&#10;        at java.util.concurrent.locks.LockSupport.park(LockSupport.java:175)&#10;        at java.util.concurrent.locks.AbstractQueuedSynchronizer$ConditionObject.await(AbstractQueuedSynchronizer.java:2039)&#10;        at java.util.concurrent.ArrayBlockingQueue.take(ArrayBlockingQueue.java:403)&#10;        at java.util.concurrent.ThreadPoolExecutor.getTask(ThreadPoolExecutor.java:1074)&#10;        at java.util.concurrent.ThreadPoolExecutor.runWorker(ThreadPoolExecutor.java:1134)&#10;        at java.util.concurrent.ThreadPoolExecutor$Worker.run(ThreadPoolExecutor.java:624)&#10;        at java.lang.Thread.run(Thread.java:748)&#10;&quot;pool-46-thread-4&quot;  prio=5 tid=464 in Object.wait()&#10;java.lang.Thread.State: WAITING (on object monitor)&#10;        at sun.misc.Unsafe.park(Native Method)&#10;        at java.util.concurrent.locks.LockSupport.park(LockSupport.java:175)&#10;        at java.util.concurrent.locks.AbstractQueuedSynchronizer$ConditionObject.await(AbstractQueuedSynchronizer.java:2039)&#10;        at java.util.concurrent.ArrayBlockingQueue.take(ArrayBlockingQueue.java:403)&#10;        at java.util.concurrent.ThreadPoolExecutor.getTask(ThreadPoolExecutor.java:1074)&#10;        at java.util.concurrent.ThreadPoolExecutor.runWorker(ThreadPoolExecutor.java:1134)&#10;        at java.util.concurrent.ThreadPoolExecutor$Worker.run(ThreadPoolExecutor.java:624)&#10;        at java.lang.Thread.run(Thread.java:748)&#10;&quot;Datanode State Machine Thread - 0&quot; daemon prio=5 tid=339 timed_waiting&#10;java.lang.Thread.State: TIMED_WAITING&#10;        at sun.misc.Unsafe.park(Native Method)&#10;        at java.util.concurrent.locks.LockSupport.parkNanos(LockSupport.java:215)&#10;        at java.util.concurrent.SynchronousQueue$TransferStack.awaitFulfill(SynchronousQueue.java:460)&#10;        at java.util.concurrent.SynchronousQueue$TransferStack.transfer(SynchronousQueue.java:362)&#10;        at java.util.concurrent.SynchronousQueue.poll(SynchronousQueue.java:941)&#10;        at java.util.concurrent.ThreadPoolExecutor.getTask(ThreadPoolExecutor.java:1073)&#10;        at java.util.concurrent.ThreadPoolExecutor.runWorker(ThreadPoolExecutor.java:1134)&#10;        at java.util.concurrent.ThreadPoolExecutor$Worker.run(ThreadPoolExecutor.java:624)&#10;        at java.lang.Thread.run(Thread.java:748)&#10;&quot;BlockDeletingService#0&quot; daemon prio=5 tid=712 in Object.wait()&#10;java.lang.Thread.State: WAITING (on object monitor)&#10;        at sun.misc.Unsafe.park(Native Method)&#10;        at java.util.concurrent.locks.LockSupport.park(LockSupport.java:175)&#10;        at java.util.concurrent.locks.AbstractQueuedSynchronizer$ConditionObject.await(AbstractQueuedSynchronizer.java:2039)&#10;        at java.util.concurrent.ScheduledThreadPoolExecutor$DelayedWorkQueue.take(ScheduledThreadPoolExecutor.java:1088)&#10;        at java.util.concurrent.ScheduledThreadPoolExecutor$DelayedWorkQueue.take(ScheduledThreadPoolExecutor.java:809)&#10;        at java.util.concurrent.ThreadPoolExecutor.getTask(ThreadPoolExecutor.java:1074)&#10;        at java.util.concurrent.ThreadPoolExecutor.runWorker(ThreadPoolExecutor.java:1134)&#10;        at java.util.concurrent.ThreadPoolExecutor$Worker.run(ThreadPoolExecutor.java:624)&#10;        at java.lang.Thread.run(Thread.java:748)&#10;&quot;pool-56-thread-60&quot;  prio=5 tid=587 in Object.wait()&#10;java.lang.Thread.State: WAITING (on object monitor)&#10;        at sun.misc.Unsafe.park(Native Method)&#10;        at java.util.concurrent.locks.LockSupport.park(LockSupport.java:175)&#10;        at java.util.concurrent.locks.AbstractQueuedSynchronizer$ConditionObject.await(AbstractQueuedSynchronizer.java:2039)&#10;        at java.util.concurrent.ArrayBlockingQueue.take(ArrayBlockingQueue.java:403)&#10;        at java.util.concurrent.ThreadPoolExecutor.getTask(ThreadPoolExecutor.java:1074)&#10;        at java.util.concurrent.ThreadPoolExecutor.runWorker(ThreadPoolExecutor.java:1134)&#10;        at java.util.concurrent.ThreadPoolExecutor$Worker.run(ThreadPoolExecutor.java:624)&#10;        at java.lang.Thread.run(Thread.java:748)&#10;&quot;pool-76-thread-46&quot;  prio=5 tid=697 in Object.wait()&#10;java.lang.Thread.State: WAITING (on object monitor)&#10;        at sun.misc.Unsafe.park(Native Method)&#10;        at java.util.concurrent.locks.LockSupport.park(LockSupport.java:175)&#10;        at java.util.concurrent.locks.AbstractQueuedSynchronizer$ConditionObject.await(AbstractQueuedSynchronizer.java:2039)&#10;        at java.util.concurrent.ArrayBlockingQueue.take(ArrayBlockingQueue.java:403)&#10;        at java.util.concurrent.ThreadPoolExecutor.getTask(ThreadPoolExecutor.java:1074)&#10;        at java.util.concurrent.ThreadPoolExecutor.runWorker(ThreadPoolExecutor.java:1134)&#10;        at java.util.concurrent.ThreadPoolExecutor$Worker.run(ThreadPoolExecutor.java:624)&#10;        at java.lang.Thread.run(Thread.java:748)&#10;&quot;BlockDeletingService#6&quot; daemon prio=5 tid=2043 in Object.wait()&#10;java.lang.Thread.State: WAITING (on object monitor)&#10;        at sun.misc.Unsafe.park(Native Method)&#10;        at java.util.concurrent.locks.LockSupport.park(LockSupport.java:175)&#10;        at java.util.concurrent.locks.AbstractQueuedSynchronizer$ConditionObject.await(AbstractQueuedSynchronizer.java:2039)&#10;        at java.util.concurrent.ScheduledThreadPoolExecutor$DelayedWorkQueue.take(ScheduledThreadPoolExecutor.java:1088)&#10;        at java.util.concurrent.ScheduledThreadPoolExecutor$DelayedWorkQueue.take(ScheduledThreadPoolExecutor.java:809)&#10;        at java.util.concurrent.ThreadPoolExecutor.getTask(ThreadPoolExecutor.java:1074)&#10;        at java.util.concurrent.ThreadPoolExecutor.runWorker(ThreadPoolExecutor.java:1134)&#10;        at java.util.concurrent.ThreadPoolExecutor$Worker.run(ThreadPoolExecutor.java:624)&#10;        at java.lang.Thread.run(Thread.java:748)&#10;&quot;IPC Server Responder&quot; daemon prio=5 tid=112 runnable&#10;java.lang.Thread.State: RUNNABLE&#10;        at sun.nio.ch.EPollArrayWrapper.epollWait(Native Method)&#10;        at sun.nio.ch.EPollArrayWrapper.poll(EPollArrayWrapper.java:269)&#10;        at sun.nio.ch.EPollSelectorImpl.doSelect(EPollSelectorImpl.java:93)&#10;        at sun.nio.ch.SelectorImpl.lockAndDoSelect(SelectorImpl.java:86)&#10;        at sun.nio.ch.SelectorImpl.select(SelectorImpl.java:97)&#10;        at org.apache.hadoop.ipc.Server$Responder.doRunLoop(Server.java:1334)&#10;        at org.apache.hadoop.ipc.Server$Responder.run(Server.java:1317)&#10;&quot;BlockDeletingService#0&quot; daemon prio=5 tid=588 in Object.wait()&#10;java.lang.Thread.State: WAITING (on object monitor)&#10;        at sun.misc.Unsafe.park(Native Method)&#10;        at java.util.concurrent.locks.LockSupport.park(LockSupport.java:175)&#10;        at java.util.concurrent.locks.AbstractQueuedSynchronizer$ConditionObject.await(AbstractQueuedSynchronizer.java:2039)&#10;        at java.util.concurrent.ScheduledThreadPoolExecutor$DelayedWorkQueue.take(ScheduledThreadPoolExecutor.java:1088)&#10;        at java.util.concurrent.ScheduledThreadPoolExecutor$DelayedWorkQueue.take(ScheduledThreadPoolExecutor.java:809)&#10;        at java.util.concurrent.ThreadPoolExecutor.getTask(ThreadPoolExecutor.java:1074)&#10;        at java.util.concurrent.ThreadPoolExecutor.runWorker(ThreadPoolExecutor.java:1134)&#10;        at java.util.concurrent.ThreadPoolExecutor$Worker.run(ThreadPoolExecutor.java:624)&#10;        at java.lang.Thread.run(Thread.java:748)&#10;&quot;RatisApplyTransactionExecutor 4&quot; daemon prio=5 tid=3696 in Object.wait()&#10;java.lang.Thread.State: WAITING (on object monitor)&#10;        at sun.misc.Unsafe.park(Native Method)&#10;        at java.util.concurrent.locks.LockSupport.park(LockSupport.java:175)&#10;        at java.util.concurrent.locks.AbstractQueuedSynchronizer$ConditionObject.await(AbstractQueuedSynchronizer.java:2039)&#10;        at java.util.concurrent.LinkedBlockingQueue.take(LinkedBlockingQueue.java:442)&#10;        at java.util.concurrent.ThreadPoolExecutor.getTask(ThreadPoolExecutor.java:1074)&#10;        at java.util.concurrent.ThreadPoolExecutor.runWorker(ThreadPoolExecutor.java:1134)&#10;        at java.util.concurrent.ThreadPoolExecutor$Worker.run(ThreadPoolExecutor.java:624)&#10;        at java.lang.Thread.run(Thread.java:748)&#10;&quot;pool-56-thread-36&quot;  prio=5 tid=563 in Object.wait()&#10;java.lang.Thread.State: WAITING (on object monitor)&#10;        at sun.misc.Unsafe.park(Native Method)&#10;        at java.util.concurrent.locks.LockSupport.park(LockSupport.java:175)&#10;        at java.util.concurrent.locks.AbstractQueuedSynchronizer$ConditionObject.await(AbstractQueuedSynchronizer.java:2039)&#10;        at java.util.concurrent.ArrayBlockingQueue.take(ArrayBlockingQueue.java:403)&#10;        at java.util.concurrent.ThreadPoolExecutor.getTask(ThreadPoolExecutor.java:1074)&#10;        at java.util.concurrent.ThreadPoolExecutor.runWorker(ThreadPoolExecutor.java:1134)&#10;        at java.util.concurrent.ThreadPoolExecutor$Worker.run(ThreadPoolExecutor.java:624)&#10;        at java.lang.Thread.run(Thread.java:748)&#10;&quot;Datanode ReportManager Thread - 0&quot; daemon prio=5 tid=252 timed_waiting&#10;java.lang.Thread.State: TIMED_WAITING&#10;        at sun.misc.Unsafe.park(Native Method)&#10;        at java.util.concurrent.locks.LockSupport.parkNanos(LockSupport.java:215)&#10;        at java.util.concurrent.locks.AbstractQueuedSynchronizer$ConditionObject.awaitNanos(AbstractQueuedSynchronizer.java:2078)&#10;        at java.util.concurrent.ScheduledThreadPoolExecutor$DelayedWorkQueue.take(ScheduledThreadPoolExecutor.java:1093)&#10;        at java.util.concurrent.ScheduledThreadPoolExecutor$DelayedWorkQueue.take(ScheduledThreadPoolExecutor.java:809)&#10;        at java.util.concurrent.ThreadPoolExecutor.getTask(ThreadPoolExecutor.java:1074)&#10;        at java.util.concurrent.ThreadPoolExecutor.runWorker(ThreadPoolExecutor.java:1134)&#10;        at java.util.concurrent.ThreadPoolExecutor$Worker.run(ThreadPoolExecutor.java:624)&#10;        at java.lang.Thread.run(Thread.java:748)&#10;&quot;metrics-hadoop-metrics2-reporter-10-thread-1&quot; daemon prio=5 tid=824 timed_waiting&#10;java.lang.Thread.State: TIMED_WAITING&#10;        at sun.misc.Unsafe.park(Native Method)&#10;        at java.util.concurrent.locks.LockSupport.parkNanos(LockSupport.java:215)&#10;        at java.util.concurrent.locks.AbstractQueuedSynchronizer$ConditionObject.awaitNanos(AbstractQueuedSynchronizer.java:2078)&#10;        at java.util.concurrent.ScheduledThreadPoolExecutor$DelayedWorkQueue.take(ScheduledThreadPoolExecutor.java:1093)&#10;        at java.util.concurrent.ScheduledThreadPoolExecutor$DelayedWorkQueue.take(ScheduledThreadPoolExecutor.java:809)&#10;        at java.util.concurrent.ThreadPoolExecutor.getTask(ThreadPoolExecutor.java:1074)&#10;        at java.util.concurrent.ThreadPoolExecutor.runWorker(ThreadPoolExecutor.java:1134)&#10;        at java.util.concurrent.ThreadPoolExecutor$Worker.run(ThreadPoolExecutor.java:624)&#10;        at java.lang.Thread.run(Thread.java:748)&#10;&quot;pool-86-thread-30&quot;  prio=5 tid=743 in Object.wait()&#10;java.lang.Thread.State: WAITING (on object monitor)&#10;        at sun.misc.Unsafe.park(Native Method)&#10;        at java.util.concurrent.locks.LockSupport.park(LockSupport.java:175)&#10;        at java.util.concurrent.locks.AbstractQueuedSynchronizer$ConditionObject.await(AbstractQueuedSynchronizer.java:2039)&#10;        at java.util.concurrent.ArrayBlockingQueue.take(ArrayBlockingQueue.java:403)&#10;        at java.util.concurrent.ThreadPoolExecutor.getTask(ThreadPoolExecutor.java:1074)&#10;        at java.util.concurrent.ThreadPoolExecutor.runWorker(ThreadPoolExecutor.java:1134)&#10;        at java.util.concurrent.ThreadPoolExecutor$Worker.run(ThreadPoolExecutor.java:624)&#10;        at java.lang.Thread.run(Thread.java:748)&#10;&quot;pool-86-thread-23&quot;  prio=5 tid=736 in Object.wait()&#10;java.lang.Thread.State: WAITING (on object monitor)&#10;        at sun.misc.Unsafe.park(Native Method)&#10;        at java.util.concurrent.locks.LockSupport.park(LockSupport.java:175)&#10;        at java.util.concurrent.locks.AbstractQueuedSynchronizer$ConditionObject.await(AbstractQueuedSynchronizer.java:2039)&#10;        at java.util.concurrent.ArrayBlockingQueue.take(ArrayBlockingQueue.java:403)&#10;        at java.util.concurrent.ThreadPoolExecutor.getTask(ThreadPoolExecutor.java:1074)&#10;        at java.util.concurrent.ThreadPoolExecutor.runWorker(ThreadPoolExecutor.java:1134)&#10;        at java.util.concurrent.ThreadPoolExecutor$Worker.run(ThreadPoolExecutor.java:624)&#10;        at java.lang.Thread.run(Thread.java:748)&#10;&quot;pool-36-thread-14&quot;  prio=5 tid=414 in Object.wait()&#10;java.lang.Thread.State: WAITING (on object monitor)&#10;        at sun.misc.Unsafe.park(Native Method)&#10;        at java.util.concurrent.locks.LockSupport.park(LockSupport.java:175)&#10;        at java.util.concurrent.locks.AbstractQueuedSynchronizer$ConditionObject.await(AbstractQueuedSynchronizer.java:2039)&#10;        at java.util.concurrent.ArrayBlockingQueue.take(ArrayBlockingQueue.java:403)&#10;        at java.util.concurrent.ThreadPoolExecutor.getTask(ThreadPoolExecutor.java:1074)&#10;        at java.util.concurrent.ThreadPoolExecutor.runWorker(ThreadPoolExecutor.java:1134)&#10;        at java.util.concurrent.ThreadPoolExecutor$Worker.run(ThreadPoolExecutor.java:624)&#10;        at java.lang.Thread.run(Thread.java:748)&#10;&quot;IPC Server handler 14 on 38980&quot; daemon prio=5 tid=83 timed_waiting&#10;java.lang.Thread.State: TIMED_WAITING&#10;        at sun.misc.Unsafe.park(Native Method)&#10;        at java.util.concurrent.locks.LockSupport.parkNanos(LockSupport.java:215)&#10;        at java.util.concurrent.locks.AbstractQueuedSynchronizer$ConditionObject.awaitNanos(AbstractQueuedSynchronizer.java:2078)&#10;        at java.util.concurrent.LinkedBlockingQueue.poll(LinkedBlockingQueue.java:467)&#10;        at org.apache.hadoop.ipc.CallQueueManager.take(CallQueueManager.java:288)&#10;        at org.apache.hadoop.ipc.Server$Handler.run(Server.java:2668)&#10;&quot;pool-36-thread-55&quot;  prio=5 tid=455 in Object.wait()&#10;java.lang.Thread.State: WAITING (on object monitor)&#10;        at sun.misc.Unsafe.park(Native Method)&#10;        at java.util.concurrent.locks.LockSupport.park(LockSupport.java:175)&#10;        at java.util.concurrent.locks.AbstractQueuedSynchronizer$ConditionObject.await(AbstractQueuedSynchronizer.java:2039)&#10;        at java.util.concurrent.ArrayBlockingQueue.take(ArrayBlockingQueue.java:403)&#10;        at java.util.concurrent.ThreadPoolExecutor.getTask(ThreadPoolExecutor.java:1074)&#10;        at java.util.concurrent.ThreadPoolExecutor.runWorker(ThreadPoolExecutor.java:1134)&#10;        at java.util.concurrent.ThreadPoolExecutor$Worker.run(ThreadPoolExecutor.java:624)&#10;        at java.lang.Thread.run(Thread.java:748)&#10;&quot;pool-36-thread-23&quot;  prio=5 tid=423 in Object.wait()&#10;java.lang.Thread.State: WAITING (on object monitor)&#10;        at sun.misc.Unsafe.park(Native Method)&#10;        at java.util.concurrent.locks.LockSupport.park(LockSupport.java:175)&#10;        at java.util.concurrent.locks.AbstractQueuedSynchronizer$ConditionObject.await(AbstractQueuedSynchronizer.java:2039)&#10;        at java.util.concurrent.ArrayBlockingQueue.take(ArrayBlockingQueue.java:403)&#10;        at java.util.concurrent.ThreadPoolExecutor.getTask(ThreadPoolExecutor.java:1074)&#10;        at java.util.concurrent.ThreadPoolExecutor.runWorker(ThreadPoolExecutor.java:1134)&#10;        at java.util.concurrent.ThreadPoolExecutor$Worker.run(ThreadPoolExecutor.java:624)&#10;        at java.lang.Thread.run(Thread.java:748)&#10;&quot;pool-26-thread-35&quot;  prio=5 tid=375 in Object.wait()&#10;java.lang.Thread.State: WAITING (on object monitor)&#10;        at sun.misc.Unsafe.park(Native Method)&#10;        at java.util.concurrent.locks.LockSupport.park(LockSupport.java:175)&#10;        at java.util.concurrent.locks.AbstractQueuedSynchronizer$ConditionObject.await(AbstractQueuedSynchronizer.java:2039)&#10;        at java.util.concurrent.ArrayBlockingQueue.take(ArrayBlockingQueue.java:403)&#10;        at java.util.concurrent.ThreadPoolExecutor.getTask(ThreadPoolExecutor.java:1074)&#10;        at java.util.concurrent.ThreadPoolExecutor.runWorker(ThreadPoolExecutor.java:1134)&#10;        at java.util.concurrent.ThreadPoolExecutor$Worker.run(ThreadPoolExecutor.java:624)&#10;        at java.lang.Thread.run(Thread.java:748)&#10;&quot;org.eclipse.jetty.server.session.HashSessionManager@1352434eTimer&quot; daemon prio=5 tid=303 timed_waiting&#10;java.lang.Thread.State: TIMED_WAITING&#10;        at sun.misc.Unsafe.park(Native Method)&#10;        at java.util.concurrent.locks.LockSupport.parkNanos(LockSupport.java:215)&#10;        at java.util.concurrent.locks.AbstractQueuedSynchronizer$ConditionObject.awaitNanos(AbstractQueuedSynchronizer.java:2078)&#10;        at java.util.concurrent.ScheduledThreadPoolExecutor$DelayedWorkQueue.take(ScheduledThreadPoolExecutor.java:1093)&#10;        at java.util.concurrent.ScheduledThreadPoolExecutor$DelayedWorkQueue.take(ScheduledThreadPoolExecutor.java:809)&#10;        at java.util.concurrent.ThreadPoolExecutor.getTask(ThreadPoolExecutor.java:1074)&#10;        at java.util.concurrent.ThreadPoolExecutor.runWorker(ThreadPoolExecutor.java:1134)&#10;        at java.util.concurrent.ThreadPoolExecutor$Worker.run(ThreadPoolExecutor.java:624)&#10;        at java.lang.Thread.run(Thread.java:748)&#10;&quot;IPC Server handler 17 on 46754&quot; daemon prio=5 tid=66 timed_waiting&#10;java.lang.Thread.State: TIMED_WAITING&#10;        at sun.misc.Unsafe.park(Native Method)&#10;        at java.util.concurrent.locks.LockSupport.parkNanos(LockSupport.java:215)&#10;        at java.util.concurrent.locks.AbstractQueuedSynchronizer$ConditionObject.awaitNanos(AbstractQueuedSynchronizer.java:2078)&#10;        at java.util.concurrent.LinkedBlockingQueue.poll(LinkedBlockingQueue.java:467)&#10;        at org.apache.hadoop.ipc.CallQueueManager.take(CallQueueManager.java:288)&#10;        at org.apache.hadoop.ipc.Server$Handler.run(Server.java:2668)&#10;&quot;pool-26-thread-17&quot;  prio=5 tid=357 in Object.wait()&#10;java.lang.Thread.State: WAITING (on object monitor)&#10;        at sun.misc.Unsafe.park(Native Method)&#10;        at java.util.concurrent.locks.LockSupport.park(LockSupport.java:175)&#10;        at java.util.concurrent.locks.AbstractQueuedSynchronizer$ConditionObject.await(AbstractQueuedSynchronizer.java:2039)&#10;        at java.util.concurrent.ArrayBlockingQueue.take(ArrayBlockingQueue.java:403)&#10;        at java.util.concurrent.ThreadPoolExecutor.getTask(ThreadPoolExecutor.java:1074)&#10;        at java.util.concurrent.ThreadPoolExecutor.runWorker(ThreadPoolExecutor.java:1134)&#10;        at java.util.concurrent.ThreadPoolExecutor$Worker.run(ThreadPoolExecutor.java:624)&#10;        at java.lang.Thread.run(Thread.java:748)&#10;&quot;pool-46-thread-52&quot;  prio=5 tid=512 in Object.wait()&#10;java.lang.Thread.State: WAITING (on object monitor)&#10;        at sun.misc.Unsafe.park(Native Method)&#10;        at java.util.concurrent.locks.LockSupport.park(LockSupport.java:175)&#10;        at java.util.concurrent.locks.AbstractQueuedSynchronizer$ConditionObject.await(AbstractQueuedSynchronizer.java:2039)&#10;        at java.util.concurrent.ArrayBlockingQueue.take(ArrayBlockingQueue.java:403)&#10;        at java.util.concurrent.ThreadPoolExecutor.getTask(ThreadPoolExecutor.java:1074)&#10;        at java.util.concurrent.ThreadPoolExecutor.runWorker(ThreadPoolExecutor.java:1134)&#10;        at java.util.concurrent.ThreadPoolExecutor$Worker.run(ThreadPoolExecutor.java:624)&#10;        at java.lang.Thread.run(Thread.java:748)&#10;&quot;RatisApplyTransactionExecutor 6&quot; daemon prio=5 tid=3855 in Object.wait()&#10;java.lang.Thread.State: WAITING (on object monitor)&#10;        at sun.misc.Unsafe.park(Native Method)&#10;        at java.util.concurrent.locks.LockSupport.park(LockSupport.java:175)&#10;        at java.util.concurrent.locks.AbstractQueuedSynchronizer$ConditionObject.await(AbstractQueuedSynchronizer.java:2039)&#10;        at java.util.concurrent.LinkedBlockingQueue.take(LinkedBlockingQueue.java:442)&#10;        at java.util.concurrent.ThreadPoolExecutor.getTask(ThreadPoolExecutor.java:1074)&#10;        at java.util.concurrent.ThreadPoolExecutor.runWorker(ThreadPoolExecutor.java:1134)&#10;        at java.util.concurrent.ThreadPoolExecutor$Worker.run(ThreadPoolExecutor.java:624)&#10;        at java.lang.Thread.run(Thread.java:748)&#10;&quot;Datanode ReportManager Thread - 0&quot; daemon prio=5 tid=306 in Object.wait()&#10;java.lang.Thread.State: WAITING (on object monitor)&#10;        at sun.misc.Unsafe.park(Native Method)&#10;        at java.util.concurrent.locks.LockSupport.park(LockSupport.java:175)&#10;        at java.util.concurrent.locks.AbstractQueuedSynchronizer$ConditionObject.await(AbstractQueuedSynchronizer.java:2039)&#10;        at java.util.concurrent.ScheduledThreadPoolExecutor$DelayedWorkQueue.take(ScheduledThreadPoolExecutor.java:1088)&#10;        at java.util.concurrent.ScheduledThreadPoolExecutor$DelayedWorkQueue.take(ScheduledThreadPoolExecutor.java:809)&#10;        at java.util.concurrent.ThreadPoolExecutor.getTask(ThreadPoolExecutor.java:1074)&#10;        at java.util.concurrent.ThreadPoolExecutor.runWorker(ThreadPoolExecutor.java:1134)&#10;        at java.util.concurrent.ThreadPoolExecutor$Worker.run(ThreadPoolExecutor.java:624)&#10;        at java.lang.Thread.run(Thread.java:748)&#10;&quot;IPC Server handler 6 on 40419&quot; daemon prio=5 tid=35 timed_waiting&#10;java.lang.Thread.State: TIMED_WAITING&#10;        at sun.misc.Unsafe.park(Native Method)&#10;        at java.util.concurrent.locks.LockSupport.parkNanos(LockSupport.java:215)&#10;        at java.util.concurrent.locks.AbstractQueuedSynchronizer$ConditionObject.awaitNanos(AbstractQueuedSynchronizer.java:2078)&#10;        at java.util.concurrent.LinkedBlockingQueue.poll(LinkedBlockingQueue.java:467)&#10;        at org.apache.hadoop.ipc.CallQueueManager.take(CallQueueManager.java:288)&#10;        at org.apache.hadoop.ipc.Server$Handler.run(Server.java:2668)&#10;&quot;qtp2075074394-213&quot; daemon prio=5 tid=213 runnable&#10;java.lang.Thread.State: RUNNABLE&#10;        at sun.nio.ch.EPollArrayWrapper.epollWait(Native Method)&#10;        at sun.nio.ch.EPollArrayWrapper.poll(EPollArrayWrapper.java:269)&#10;        at sun.nio.ch.EPollSelectorImpl.doSelect(EPollSelectorImpl.java:93)&#10;        at sun.nio.ch.SelectorImpl.lockAndDoSelect(SelectorImpl.java:86)&#10;        at sun.nio.ch.SelectorImpl.select(SelectorImpl.java:97)&#10;        at sun.nio.ch.SelectorImpl.select(SelectorImpl.java:101)&#10;        at org.eclipse.jetty.io.ManagedSelector$SelectorProducer.select(ManagedSelector.java:243)&#10;        at org.eclipse.jetty.io.ManagedSelector$SelectorProducer.produce(ManagedSelector.java:191)&#10;        at org.eclipse.jetty.util.thread.strategy.ExecuteProduceConsume.executeProduceConsume(ExecuteProduceConsume.java:249)&#10;        at org.eclipse.jetty.util.thread.strategy.ExecuteProduceConsume.produceConsume(ExecuteProduceConsume.java:148)&#10;        at org.eclipse.jetty.util.thread.strategy.ExecuteProduceConsume.execute(ExecuteProduceConsume.java:100)&#10;        at org.eclipse.jetty.io.ManagedSelector.run(ManagedSelector.java:147)&#10;        at org.eclipse.jetty.util.thread.QueuedThreadPool.runJob(QueuedThreadPool.java:671)&#10;        at org.eclipse.jetty.util.thread.QueuedThreadPool$2.run(QueuedThreadPool.java:589)&#10;        at java.lang.Thread.run(Thread.java:748)&#10;&quot;pool-76-thread-7&quot;  prio=5 tid=658 in Object.wait()&#10;java.lang.Thread.State: WAITING (on object monitor)&#10;        at sun.misc.Unsafe.park(Native Method)&#10;        at java.util.concurrent.locks.LockSupport.park(LockSupport.java:175)&#10;        at java.util.concurrent.locks.AbstractQueuedSynchronizer$ConditionObject.await(AbstractQueuedSynchronizer.java:2039)&#10;        at java.util.concurrent.ArrayBlockingQueue.take(ArrayBlockingQueue.java:403)&#10;        at java.util.concurrent.ThreadPoolExecutor.getTask(ThreadPoolExecutor.java:1074)&#10;        at java.util.concurrent.ThreadPoolExecutor.runWorker(ThreadPoolExecutor.java:1134)&#10;        at java.util.concurrent.ThreadPoolExecutor$Worker.run(ThreadPoolExecutor.java:624)&#10;        at java.lang.Thread.run(Thread.java:748)&#10;&quot;pool-26-thread-11&quot;  prio=5 tid=351 in Object.wait()&#10;java.lang.Thread.State: WAITING (on object monitor)&#10;        at sun.misc.Unsafe.park(Native Method)&#10;        at java.util.concurrent.locks.LockSupport.park(LockSupport.java:175)&#10;        at java.util.concurrent.locks.AbstractQueuedSynchronizer$ConditionObject.await(AbstractQueuedSynchronizer.java:2039)&#10;        at java.util.concurrent.ArrayBlockingQueue.take(ArrayBlockingQueue.java:403)&#10;        at java.util.concurrent.ThreadPoolExecutor.getTask(ThreadPoolExecutor.java:1074)&#10;        at java.util.concurrent.ThreadPoolExecutor.runWorker(ThreadPoolExecutor.java:1134)&#10;        at java.util.concurrent.ThreadPoolExecutor$Worker.run(ThreadPoolExecutor.java:624)&#10;        at java.lang.Thread.run(Thread.java:748)&#10;&quot;qtp1092382020-268-acceptor-0@443a63fd-ServerConnector@3bd2af5b{HTTP/1.1,[http/1.1]}{0.0.0.0:40243}&quot; daemon prio=3 tid=268 runnable&#10;java.lang.Thread.State: RUNNABLE&#10;        at sun.nio.ch.ServerSocketChannelImpl.accept0(Native Method)&#10;        at sun.nio.ch.ServerSocketChannelImpl.accept(ServerSocketChannelImpl.java:422)&#10;        at sun.nio.ch.ServerSocketChannelImpl.accept(ServerSocketChannelImpl.java:250)&#10;        at org.eclipse.jetty.server.ServerConnector.accept(ServerConnector.java:397)&#10;        at org.eclipse.jetty.server.AbstractConnector$Acceptor.run(AbstractConnector.java:601)&#10;        at org.eclipse.jetty.util.thread.QueuedThreadPool.runJob(QueuedThreadPool.java:671)&#10;        at org.eclipse.jetty.util.thread.QueuedThreadPool$2.run(QueuedThreadPool.java:589)&#10;        at java.lang.Thread.run(Thread.java:748)&#10;&quot;IPC Server handler 0 on 46754&quot; daemon prio=5 tid=49 timed_waiting&#10;java.lang.Thread.State: TIMED_WAITING&#10;        at sun.misc.Unsafe.park(Native Method)&#10;        at java.util.concurrent.locks.LockSupport.parkNanos(LockSupport.java:215)&#10;        at java.util.concurrent.locks.AbstractQueuedSynchronizer$ConditionObject.awaitNanos(AbstractQueuedSynchronizer.java:2078)&#10;        at java.util.concurrent.LinkedBlockingQueue.poll(LinkedBlockingQueue.java:467)&#10;        at org.apache.hadoop.ipc.CallQueueManager.take(CallQueueManager.java:288)&#10;        at org.apache.hadoop.ipc.Server$Handler.run(Server.java:2668)&#10;&quot;BlockDeletingService#7&quot; daemon prio=5 tid=2190 in Object.wait()&#10;java.lang.Thread.State: WAITING (on object monitor)&#10;        at sun.misc.Unsafe.park(Native Method)&#10;        at java.util.concurrent.locks.LockSupport.park(LockSupport.java:175)&#10;        at java.util.concurrent.locks.AbstractQueuedSynchronizer$ConditionObject.await(AbstractQueuedSynchronizer.java:2039)&#10;        at java.util.concurrent.ScheduledThreadPoolExecutor$DelayedWorkQueue.take(ScheduledThreadPoolExecutor.java:1088)&#10;        at java.util.concurrent.ScheduledThreadPoolExecutor$DelayedWorkQueue.take(ScheduledThreadPoolExecutor.java:809)&#10;        at java.util.concurrent.ThreadPoolExecutor.getTask(ThreadPoolExecutor.java:1074)&#10;        at java.util.concurrent.ThreadPoolExecutor.runWorker(ThreadPoolExecutor.java:1134)&#10;        at java.util.concurrent.ThreadPoolExecutor$Worker.run(ThreadPoolExecutor.java:624)&#10;        at java.lang.Thread.run(Thread.java:748)&#10;&quot;BlockDeletingService#6&quot; daemon prio=5 tid=2042 in Object.wait()&#10;java.lang.Thread.State: WAITING (on object monitor)&#10;        at sun.misc.Unsafe.park(Native Method)&#10;        at java.util.concurrent.locks.LockSupport.park(LockSupport.java:175)&#10;        at java.util.concurrent.locks.AbstractQueuedSynchronizer$ConditionObject.await(AbstractQueuedSynchronizer.java:2039)&#10;        at java.util.concurrent.ScheduledThreadPoolExecutor$DelayedWorkQueue.take(ScheduledThreadPoolExecutor.java:1088)&#10;        at java.util.concurrent.ScheduledThreadPoolExecutor$DelayedWorkQueue.take(ScheduledThreadPoolExecutor.java:809)&#10;        at java.util.concurrent.ThreadPoolExecutor.getTask(ThreadPoolExecutor.java:1074)&#10;        at java.util.concurrent.ThreadPoolExecutor.runWorker(ThreadPoolExecutor.java:1134)&#10;        at java.util.concurrent.ThreadPoolExecutor$Worker.run(ThreadPoolExecutor.java:624)&#10;        at java.lang.Thread.run(Thread.java:748)&#10;&quot;refreshUsed-/workdir/hadoop-ozone/integration-test/target/test-dir/MiniOzoneClusterImpl-60a3af6c-3451-4a8a-82ad-625647a1d2f0/datanode-4/data/containers&quot; daemon prio=5 tid=262 timed_waiting&#10;java.lang.Thread.State: TIMED_WAITING&#10;        at java.lang.Thread.sleep(Native Method)&#10;        at org.apache.hadoop.fs.CachingGetSpaceUsed$RefreshThread.run(CachingGetSpaceUsed.java:179)&#10;        at java.lang.Thread.run(Thread.java:748)&#10;&quot;pool-36-thread-7&quot;  prio=5 tid=407 in Object.wait()&#10;java.lang.Thread.State: WAITING (on object monitor)&#10;        at sun.misc.Unsafe.park(Native Method)&#10;        at java.util.concurrent.locks.LockSupport.park(LockSupport.java:175)&#10;        at java.util.concurrent.locks.AbstractQueuedSynchronizer$ConditionObject.await(AbstractQueuedSynchronizer.java:2039)&#10;        at java.util.concurrent.ArrayBlockingQueue.take(ArrayBlockingQueue.java:403)&#10;        at java.util.concurrent.ThreadPoolExecutor.getTask(ThreadPoolExecutor.java:1074)&#10;        at java.util.concurrent.ThreadPoolExecutor.runWorker(ThreadPoolExecutor.java:1134)&#10;        at java.util.concurrent.ThreadPoolExecutor$Worker.run(ThreadPoolExecutor.java:624)&#10;        at java.lang.Thread.run(Thread.java:748)&#10;&quot;IPC Server handler 2 on 38980&quot; daemon prio=5 tid=71 timed_waiting&#10;java.lang.Thread.State: TIMED_WAITING&#10;        at sun.misc.Unsafe.park(Native Method)&#10;        at java.util.concurrent.locks.LockSupport.parkNanos(LockSupport.java:215)&#10;        at java.util.concurrent.locks.AbstractQueuedSynchronizer$ConditionObject.awaitNanos(AbstractQueuedSynchronizer.java:2078)&#10;        at java.util.concurrent.LinkedBlockingQueue.poll(LinkedBlockingQueue.java:467)&#10;        at org.apache.hadoop.ipc.CallQueueManager.take(CallQueueManager.java:288)&#10;        at org.apache.hadoop.ipc.Server$Handler.run(Server.java:2668)&#10;&quot;metrics-hadoop-metrics2-reporter-25-thread-1&quot; daemon prio=5 tid=909 timed_waiting&#10;java.lang.Thread.State: TIMED_WAITING&#10;        at sun.misc.Unsafe.park(Native Method)&#10;        at java.util.concurrent.locks.LockSupport.parkNanos(LockSupport.java:215)&#10;        at java.util.concurrent.locks.AbstractQueuedSynchronizer$ConditionObject.awaitNanos(AbstractQueuedSynchronizer.java:2078)&#10;        at java.util.concurrent.ScheduledThreadPoolExecutor$DelayedWorkQueue.take(ScheduledThreadPoolExecutor.java:1093)&#10;        at java.util.concurrent.ScheduledThreadPoolExecutor$DelayedWorkQueue.take(ScheduledThreadPoolExecutor.java:809)&#10;        at java.util.concurrent.ThreadPoolExecutor.getTask(ThreadPoolExecutor.java:1074)&#10;        at java.util.concurrent.ThreadPoolExecutor.runWorker(ThreadPoolExecutor.java:1134)&#10;        at java.util.concurrent.ThreadPoolExecutor$Worker.run(ThreadPoolExecutor.java:624)&#10;        at java.lang.Thread.run(Thread.java:748)&#10;&quot;pool-56-thread-46&quot;  prio=5 tid=573 in Object.wait()&#10;java.lang.Thread.State: WAITING (on object monitor)&#10;        at sun.misc.Unsafe.park(Native Method)&#10;        at java.util.concurrent.locks.LockSupport.park(LockSupport.java:175)&#10;        at java.util.concurrent.locks.AbstractQueuedSynchronizer$ConditionObject.await(AbstractQueuedSynchronizer.java:2039)&#10;        at java.util.concurrent.ArrayBlockingQueue.take(ArrayBlockingQueue.java:403)&#10;        at java.util.concurrent.ThreadPoolExecutor.getTask(ThreadPoolExecutor.java:1074)&#10;        at java.util.concurrent.ThreadPoolExecutor.runWorker(ThreadPoolExecutor.java:1134)&#10;        at java.util.concurrent.ThreadPoolExecutor$Worker.run(ThreadPoolExecutor.java:624)&#10;        at java.lang.Thread.run(Thread.java:748)&#10;&quot;BlockDeletingService#7&quot; daemon prio=5 tid=2191 in Object.wait()&#10;java.lang.Thread.State: WAITING (on object monitor)&#10;        at sun.misc.Unsafe.park(Native Method)&#10;        at java.util.concurrent.locks.LockSupport.park(LockSupport.java:175)&#10;        at java.util.concurrent.locks.AbstractQueuedSynchronizer$ConditionObject.await(AbstractQueuedSynchronizer.java:2039)&#10;        at java.util.concurrent.ScheduledThreadPoolExecutor$DelayedWorkQueue.take(ScheduledThreadPoolExecutor.java:1088)&#10;        at java.util.concurrent.ScheduledThreadPoolExecutor$DelayedWorkQueue.take(ScheduledThreadPoolExecutor.java:809)&#10;        at java.util.concurrent.ThreadPoolExecutor.getTask(ThreadPoolExecutor.java:1074)&#10;        at java.util.concurrent.ThreadPoolExecutor.runWorker(ThreadPoolExecutor.java:1134)&#10;        at java.util.concurrent.ThreadPoolExecutor$Worker.run(ThreadPoolExecutor.java:624)&#10;        at java.lang.Thread.run(Thread.java:748)&#10;&quot;IPC Server handler 7 on 40419&quot; daemon prio=5 tid=36 timed_waiting&#10;java.lang.Thread.State: TIMED_WAITING&#10;        at sun.misc.Unsafe.park(Native Method)&#10;        at java.util.concurrent.locks.LockSupport.parkNanos(LockSupport.java:215)&#10;        at java.util.concurrent.locks.AbstractQueuedSynchronizer$ConditionObject.awaitNanos(AbstractQueuedSynchronizer.java:2078)&#10;        at java.util.concurrent.LinkedBlockingQueue.poll(LinkedBlockingQueue.java:467)&#10;        at org.apache.hadoop.ipc.CallQueueManager.take(CallQueueManager.java:288)&#10;        at org.apache.hadoop.ipc.Server$Handler.run(Server.java:2668)&#10;&quot;metrics-hadoop-metrics2-reporter-12-thread-1&quot; daemon prio=5 tid=832 timed_waiting&#10;java.lang.Thread.State: TIMED_WAITING&#10;        at sun.misc.Unsafe.park(Native Method)&#10;        at java.util.concurrent.locks.LockSupport.parkNanos(LockSupport.java:215)&#10;        at java.util.concurrent.locks.AbstractQueuedSynchronizer$ConditionObject.awaitNanos(AbstractQueuedSynchronizer.java:2078)&#10;        at java.util.concurrent.ScheduledThreadPoolExecutor$DelayedWorkQueue.take(ScheduledThreadPoolExecutor.java:1093)&#10;        at java.util.concurrent.ScheduledThreadPoolExecutor$DelayedWorkQueue.take(ScheduledThreadPoolExecutor.java:809)&#10;        at java.util.concurrent.ThreadPoolExecutor.getTask(ThreadPoolExecutor.java:1074)&#10;        at java.util.concurrent.ThreadPoolExecutor.runWorker(ThreadPoolExecutor.java:1134)&#10;        at java.util.concurrent.ThreadPoolExecutor$Worker.run(ThreadPoolExecutor.java:624)&#10;        at java.lang.Thread.run(Thread.java:748)&#10;&quot;pool-86-thread-47&quot;  prio=5 tid=760 in Object.wait()&#10;java.lang.Thread.State: WAITING (on object monitor)&#10;        at sun.misc.Unsafe.park(Native Method)&#10;        at java.util.concurrent.locks.LockSupport.park(LockSupport.java:175)&#10;        at java.util.concurrent.locks.AbstractQueuedSynchronizer$ConditionObject.await(AbstractQueuedSynchronizer.java:2039)&#10;        at java.util.concurrent.ArrayBlockingQueue.take(ArrayBlockingQueue.java:403)&#10;        at java.util.concurrent.ThreadPoolExecutor.getTask(ThreadPoolExecutor.java:1074)&#10;        at java.util.concurrent.ThreadPoolExecutor.runWorker(ThreadPoolExecutor.java:1134)&#10;        at java.util.concurrent.ThreadPoolExecutor$Worker.run(ThreadPoolExecutor.java:624)&#10;        at java.lang.Thread.run(Thread.java:748)&#10;&quot;BlockDeletingService#2&quot; daemon prio=5 tid=1160 timed_waiting&#10;java.lang.Thread.State: TIMED_WAITING&#10;        at sun.misc.Unsafe.park(Native Method)&#10;        at java.util.concurrent.locks.LockSupport.parkNanos(LockSupport.java:215)&#10;        at java.util.concurrent.locks.AbstractQueuedSynchronizer$ConditionObject.awaitNanos(AbstractQueuedSynchronizer.java:2078)&#10;        at java.util.concurrent.ScheduledThreadPoolExecutor$DelayedWorkQueue.take(ScheduledThreadPoolExecutor.java:1093)&#10;        at java.util.concurrent.ScheduledThreadPoolExecutor$DelayedWorkQueue.take(ScheduledThreadPoolExecutor.java:809)&#10;        at java.util.concurrent.ThreadPoolExecutor.getTask(ThreadPoolExecutor.java:1074)&#10;        at java.util.concurrent.ThreadPoolExecutor.runWorker(ThreadPoolExecutor.java:1134)&#10;        at java.util.concurrent.ThreadPoolExecutor$Worker.run(ThreadPoolExecutor.java:624)&#10;        at java.lang.Thread.run(Thread.java:748)&#10;&quot;Datanode ReportManager Thread - 1&quot; daemon prio=5 tid=280 in Object.wait()&#10;java.lang.Thread.State: WAITING (on object monitor)&#10;        at sun.misc.Unsafe.park(Native Method)&#10;        at java.util.concurrent.locks.LockSupport.park(LockSupport.java:175)&#10;        at java.util.concurrent.locks.AbstractQueuedSynchronizer$ConditionObject.await(AbstractQueuedSynchronizer.java:2039)&#10;        at java.util.concurrent.ScheduledThreadPoolExecutor$DelayedWorkQueue.take(ScheduledThreadPoolExecutor.java:1088)&#10;        at java.util.concurrent.ScheduledThreadPoolExecutor$DelayedWorkQueue.take(ScheduledThreadPoolExecutor.java:809)&#10;        at java.util.concurrent.ThreadPoolExecutor.getTask(ThreadPoolExecutor.java:1074)&#10;        at java.util.concurrent.ThreadPoolExecutor.runWorker(ThreadPoolExecutor.java:1134)&#10;        at java.util.concurrent.ThreadPoolExecutor$Worker.run(ThreadPoolExecutor.java:624)&#10;        at java.lang.Thread.run(Thread.java:748)&#10;&quot;Thread-304&quot; daemon prio=5 tid=914 timed_waiting&#10;java.lang.Thread.State: TIMED_WAITING&#10;        at sun.misc.Unsafe.park(Native Method)&#10;        at java.util.concurrent.locks.LockSupport.parkNanos(LockSupport.java:215)&#10;        at java.util.concurrent.locks.AbstractQueuedSynchronizer$ConditionObject.awaitNanos(AbstractQueuedSynchronizer.java:2078)&#10;        at java.util.concurrent.ArrayBlockingQueue.poll(ArrayBlockingQueue.java:418)&#10;        at org.apache.ratis.server.impl.LeaderState$EventQueue.poll(LeaderState.java:115)&#10;        at org.apache.ratis.server.impl.LeaderState$EventProcessor.run(LeaderState.java:457)&#10;&quot;pool-57-thread-1&quot;  prio=5 tid=835 in Object.wait()&#10;java.lang.Thread.State: WAITING (on object monitor)&#10;        at sun.misc.Unsafe.park(Native Method)&#10;        at java.util.concurrent.locks.LockSupport.park(LockSupport.java:175)&#10;        at java.util.concurrent.locks.AbstractQueuedSynchronizer$ConditionObject.await(AbstractQueuedSynchronizer.java:2039)&#10;        at java.util.concurrent.LinkedBlockingQueue.take(LinkedBlockingQueue.java:442)&#10;        at java.util.concurrent.ThreadPoolExecutor.getTask(ThreadPoolExecutor.java:1074)&#10;        at java.util.concurrent.ThreadPoolExecutor.runWorker(ThreadPoolExecutor.java:1134)&#10;        at java.util.concurrent.ThreadPoolExecutor$Worker.run(ThreadPoolExecutor.java:624)&#10;        at java.lang.Thread.run(Thread.java:748)&#10;&quot;pool-36-thread-20&quot;  prio=5 tid=420 in Object.wait()&#10;java.lang.Thread.State: WAITING (on object monitor)&#10;        at sun.misc.Unsafe.park(Native Method)&#10;        at java.util.concurrent.locks.LockSupport.park(LockSupport.java:175)&#10;        at java.util.concurrent.locks.AbstractQueuedSynchronizer$ConditionObject.await(AbstractQueuedSynchronizer.java:2039)&#10;        at java.util.concurrent.ArrayBlockingQueue.take(ArrayBlockingQueue.java:403)&#10;        at java.util.concurrent.ThreadPoolExecutor.getTask(ThreadPoolExecutor.java:1074)&#10;        at java.util.concurrent.ThreadPoolExecutor.runWorker(ThreadPoolExecutor.java:1134)&#10;        at java.util.concurrent.ThreadPoolExecutor$Worker.run(ThreadPoolExecutor.java:624)&#10;        at java.lang.Thread.run(Thread.java:748)&#10;&quot;Datanode ReportManager Thread - 2&quot; daemon prio=5 tid=173 in Object.wait()&#10;java.lang.Thread.State: WAITING (on object monitor)&#10;        at sun.misc.Unsafe.park(Native Method)&#10;        at java.util.concurrent.locks.LockSupport.park(LockSupport.java:175)&#10;        at java.util.concurrent.locks.AbstractQueuedSynchronizer$ConditionObject.await(AbstractQueuedSynchronizer.java:2039)&#10;        at java.util.concurrent.ScheduledThreadPoolExecutor$DelayedWorkQueue.take(ScheduledThreadPoolExecutor.java:1088)&#10;        at java.util.concurrent.ScheduledThreadPoolExecutor$DelayedWorkQueue.take(ScheduledThreadPoolExecutor.java:809)&#10;        at java.util.concurrent.ThreadPoolExecutor.getTask(ThreadPoolExecutor.java:1074)&#10;        at java.util.concurrent.ThreadPoolExecutor.runWorker(ThreadPoolExecutor.java:1134)&#10;        at java.util.concurrent.ThreadPoolExecutor$Worker.run(ThreadPoolExecutor.java:624)&#10;        at java.lang.Thread.run(Thread.java:748)&#10;&quot;pool-76-thread-48&quot;  prio=5 tid=699 in Object.wait()&#10;java.lang.Thread.State: WAITING (on object monitor)&#10;        at sun.misc.Unsafe.park(Native Method)&#10;        at java.util.concurrent.locks.LockSupport.park(LockSupport.java:175)&#10;        at java.util.concurrent.locks.AbstractQueuedSynchronizer$ConditionObject.await(AbstractQueuedSynchronizer.java:2039)&#10;        at java.util.concurrent.ArrayBlockingQueue.take(ArrayBlockingQueue.java:403)&#10;        at java.util.concurrent.ThreadPoolExecutor.getTask(ThreadPoolExecutor.java:1074)&#10;        at java.util.concurrent.ThreadPoolExecutor.runWorker(ThreadPoolExecutor.java:1134)&#10;        at java.util.concurrent.ThreadPoolExecutor$Worker.run(ThreadPoolExecutor.java:624)&#10;        at java.lang.Thread.run(Thread.java:748)&#10;&quot;BlockDeletingService#0&quot; daemon prio=5 tid=522 in Object.wait()&#10;java.lang.Thread.State: WAITING (on object monitor)&#10;        at sun.misc.Unsafe.park(Native Method)&#10;        at java.util.concurrent.locks.LockSupport.park(LockSupport.java:175)&#10;        at java.util.concurrent.locks.AbstractQueuedSynchronizer$ConditionObject.await(AbstractQueuedSynchronizer.java:2039)&#10;        at java.util.concurrent.ScheduledThreadPoolExecutor$DelayedWorkQueue.take(ScheduledThreadPoolExecutor.java:1088)&#10;        at java.util.concurrent.ScheduledThreadPoolExecutor$DelayedWorkQueue.take(ScheduledThreadPoolExecutor.java:809)&#10;        at java.util.concurrent.ThreadPoolExecutor.getTask(ThreadPoolExecutor.java:1074)&#10;        at java.util.concurrent.ThreadPoolExecutor.runWorker(ThreadPoolExecutor.java:1134)&#10;        at java.util.concurrent.ThreadPoolExecutor$Worker.run(ThreadPoolExecutor.java:624)&#10;        at java.lang.Thread.run(Thread.java:748)&#10;&quot;Datanode ReportManager Thread - 1&quot; daemon prio=5 tid=253 in Object.wait()&#10;java.lang.Thread.State: WAITING (on object monitor)&#10;        at sun.misc.Unsafe.park(Native Method)&#10;        at java.util.concurrent.locks.LockSupport.park(LockSupport.java:175)&#10;        at java.util.concurrent.locks.AbstractQueuedSynchronizer$ConditionObject.await(AbstractQueuedSynchronizer.java:2039)&#10;        at java.util.concurrent.ScheduledThreadPoolExecutor$DelayedWorkQueue.take(ScheduledThreadPoolExecutor.java:1088)&#10;        at java.util.concurrent.ScheduledThreadPoolExecutor$DelayedWorkQueue.take(ScheduledThreadPoolExecutor.java:809)&#10;        at java.util.concurrent.ThreadPoolExecutor.getTask(ThreadPoolExecutor.java:1074)&#10;        at java.util.concurrent.ThreadPoolExecutor.runWorker(ThreadPoolExecutor.java:1134)&#10;        at java.util.concurrent.ThreadPoolExecutor$Worker.run(ThreadPoolExecutor.java:624)&#10;        at java.lang.Thread.run(Thread.java:748)&#10;&quot;metrics-hadoop-metrics2-reporter-4-thread-1&quot; daemon prio=5 tid=802 timed_waiting&#10;java.lang.Thread.State: TIMED_WAITING&#10;        at sun.misc.Unsafe.park(Native Method)&#10;        at java.util.concurrent.locks.LockSupport.parkNanos(LockSupport.java:215)&#10;        at java.util.concurrent.locks.AbstractQueuedSynchronizer$ConditionObject.awaitNanos(AbstractQueuedSynchronizer.java:2078)&#10;        at java.util.concurrent.ScheduledThreadPoolExecutor$DelayedWorkQueue.take(ScheduledThreadPoolExecutor.java:1093)&#10;        at java.util.concurrent.ScheduledThreadPoolExecutor$DelayedWorkQueue.take(ScheduledThreadPoolExecutor.java:809)&#10;        at java.util.concurrent.ThreadPoolExecutor.getTask(ThreadPoolExecutor.java:1074)&#10;        at java.util.concurrent.ThreadPoolExecutor.runWorker(ThreadPoolExecutor.java:1134)&#10;        at java.util.concurrent.ThreadPoolExecutor$Worker.run(ThreadPoolExecutor.java:624)&#10;        at java.lang.Thread.run(Thread.java:748)&#10;&quot;Datanode ReportManager Thread - 2&quot; daemon prio=5 tid=308 in Object.wait()&#10;java.lang.Thread.State: WAITING (on object monitor)&#10;        at sun.misc.Unsafe.park(Native Method)&#10;        at java.util.concurrent.locks.LockSupport.park(LockSupport.java:175)&#10;        at java.util.concurrent.locks.AbstractQueuedSynchronizer$ConditionObject.await(AbstractQueuedSynchronizer.java:2039)&#10;        at java.util.concurrent.ScheduledThreadPoolExecutor$DelayedWorkQueue.take(ScheduledThreadPoolExecutor.java:1088)&#10;        at java.util.concurrent.ScheduledThreadPoolExecutor$DelayedWorkQueue.take(ScheduledThreadPoolExecutor.java:809)&#10;        at java.util.concurrent.ThreadPoolExecutor.getTask(ThreadPoolExecutor.java:1074)&#10;        at java.util.concurrent.ThreadPoolExecutor.runWorker(ThreadPoolExecutor.java:1134)&#10;        at java.util.concurrent.ThreadPoolExecutor$Worker.run(ThreadPoolExecutor.java:624)&#10;        at java.lang.Thread.run(Thread.java:748)&#10;&quot;IPC Server handler 8 on 40610&quot; daemon prio=5 tid=123 timed_waiting&#10;java.lang.Thread.State: TIMED_WAITING&#10;        at sun.misc.Unsafe.park(Native Method)&#10;        at java.util.concurrent.locks.LockSupport.parkNanos(LockSupport.java:215)&#10;        at java.util.concurrent.locks.AbstractQueuedSynchronizer$ConditionObject.awaitNanos(AbstractQueuedSynchronizer.java:2078)&#10;        at java.util.concurrent.LinkedBlockingQueue.poll(LinkedBlockingQueue.java:467)&#10;        at org.apache.hadoop.ipc.CallQueueManager.take(CallQueueManager.java:288)&#10;        at org.apache.hadoop.ipc.Server$Handler.run(Server.java:2668)&#10;&quot;IPC Server handler 13 on 38980&quot; daemon prio=5 tid=82 timed_waiting&#10;java.lang.Thread.State: TIMED_WAITING&#10;        at sun.misc.Unsafe.park(Native Method)&#10;        at java.util.concurrent.locks.LockSupport.parkNanos(LockSupport.java:215)&#10;        at java.util.concurrent.locks.AbstractQueuedSynchronizer$ConditionObject.awaitNanos(AbstractQueuedSynchronizer.java:2078)&#10;        at java.util.concurrent.LinkedBlockingQueue.poll(LinkedBlockingQueue.java:467)&#10;        at org.apache.hadoop.ipc.CallQueueManager.take(CallQueueManager.java:288)&#10;        at org.apache.hadoop.ipc.Server$Handler.run(Server.java:2668)&#10;&quot;pool-36-thread-10&quot;  prio=5 tid=410 in Object.wait()&#10;java.lang.Thread.State: WAITING (on object monitor)&#10;        at sun.misc.Unsafe.park(Native Method)&#10;        at java.util.concurrent.locks.LockSupport.park(LockSupport.java:175)&#10;        at java.util.concurrent.locks.AbstractQueuedSynchronizer$ConditionObject.await(AbstractQueuedSynchronizer.java:2039)&#10;        at java.util.concurrent.ArrayBlockingQueue.take(ArrayBlockingQueue.java:403)&#10;        at java.util.concurrent.ThreadPoolExecutor.getTask(ThreadPoolExecutor.java:1074)&#10;        at java.util.concurrent.ThreadPoolExecutor.runWorker(ThreadPoolExecutor.java:1134)&#10;        at java.util.concurrent.ThreadPoolExecutor$Worker.run(ThreadPoolExecutor.java:624)&#10;        at java.lang.Thread.run(Thread.java:748)&#10;&quot;IPC Server handler 15 on 40610&quot; daemon prio=5 tid=130 timed_waiting&#10;java.lang.Thread.State: TIMED_WAITING&#10;        at sun.misc.Unsafe.park(Native Method)&#10;        at java.util.concurrent.locks.LockSupport.parkNanos(LockSupport.java:215)&#10;        at java.util.concurrent.locks.AbstractQueuedSynchronizer$ConditionObject.awaitNanos(AbstractQueuedSynchronizer.java:2078)&#10;        at java.util.concurrent.LinkedBlockingQueue.poll(LinkedBlockingQueue.java:467)&#10;        at org.apache.hadoop.ipc.CallQueueManager.take(CallQueueManager.java:288)&#10;        at org.apache.hadoop.ipc.Server$Handler.run(Server.java:2668)&#10;&quot;metrics-hadoop-metrics2-reporter-23-thread-1&quot; daemon prio=5 tid=902 timed_waiting&#10;java.lang.Thread.State: TIMED_WAITING&#10;        at sun.misc.Unsafe.park(Native Method)&#10;        at java.util.concurrent.locks.LockSupport.parkNanos(LockSupport.java:215)&#10;        at java.util.concurrent.locks.AbstractQueuedSynchronizer$ConditionObject.awaitNanos(AbstractQueuedSynchronizer.java:2078)&#10;        at java.util.concurrent.ScheduledThreadPoolExecutor$DelayedWorkQueue.take(ScheduledThreadPoolExecutor.java:1093)&#10;        at java.util.concurrent.ScheduledThreadPoolExecutor$DelayedWorkQueue.take(ScheduledThreadPoolExecutor.java:809)&#10;        at java.util.concurrent.ThreadPoolExecutor.getTask(ThreadPoolExecutor.java:1074)&#10;        at java.util.concurrent.ThreadPoolExecutor.runWorker(ThreadPoolExecutor.java:1134)&#10;        at java.util.concurrent.ThreadPoolExecutor$Worker.run(ThreadPoolExecutor.java:624)&#10;        at java.lang.Thread.run(Thread.java:748)&#10;&quot;qtp292890110-187-acceptor-0@555ad771-ServerConnector@56a4f272{HTTP/1.1,[http/1.1]}{0.0.0.0:40070}&quot; daemon prio=3 tid=187 runnable&#10;java.lang.Thread.State: RUNNABLE&#10;        at sun.nio.ch.ServerSocketChannelImpl.accept0(Native Method)&#10;        at sun.nio.ch.ServerSocketChannelImpl.accept(ServerSocketChannelImpl.java:422)&#10;        at sun.nio.ch.ServerSocketChannelImpl.accept(ServerSocketChannelImpl.java:250)&#10;        at org.eclipse.jetty.server.ServerConnector.accept(ServerConnector.java:397)&#10;        at org.eclipse.jetty.server.AbstractConnector$Acceptor.run(AbstractConnector.java:601)&#10;        at org.eclipse.jetty.util.thread.QueuedThreadPool.runJob(QueuedThreadPool.java:671)&#10;        at org.eclipse.jetty.util.thread.QueuedThreadPool$2.run(QueuedThreadPool.java:589)&#10;        at java.lang.Thread.run(Thread.java:748)&#10;&quot;BlockDeletingService#9&quot; daemon prio=5 tid=2749 in Object.wait()&#10;java.lang.Thread.State: WAITING (on object monitor)&#10;        at sun.misc.Unsafe.park(Native Method)&#10;        at java.util.concurrent.locks.LockSupport.park(LockSupport.java:175)&#10;        at java.util.concurrent.locks.AbstractQueuedSynchronizer$ConditionObject.await(AbstractQueuedSynchronizer.java:2039)&#10;        at java.util.concurrent.ScheduledThreadPoolExecutor$DelayedWorkQueue.take(ScheduledThreadPoolExecutor.java:1088)&#10;        at java.util.concurrent.ScheduledThreadPoolExecutor$DelayedWorkQueue.take(ScheduledThreadPoolExecutor.java:809)&#10;        at java.util.concurrent.ThreadPoolExecutor.getTask(ThreadPoolExecutor.java:1074)&#10;        at java.util.concurrent.ThreadPoolExecutor.runWorker(ThreadPoolExecutor.java:1134)&#10;        at java.util.concurrent.ThreadPoolExecutor$Worker.run(ThreadPoolExecutor.java:624)&#10;        at java.lang.Thread.run(Thread.java:748)&#10;&quot;f3263f9a-ef6c-4ff4-a6b2-5a62e946b753@group-C650F42891D4-StateMachineUpdater&quot; daemon prio=5 tid=801 in Object.wait()&#10;java.lang.Thread.State: WAITING (on object monitor)&#10;        at java.lang.Object.wait(Native Method)&#10;        at java.lang.Object.wait(Object.java:502)&#10;        at org.apache.ratis.server.impl.StateMachineUpdater.waitForCommit(StateMachineUpdater.java:183)&#10;        at org.apache.ratis.server.impl.StateMachineUpdater.run(StateMachineUpdater.java:148)&#10;        at java.lang.Thread.run(Thread.java:748)&#10;&quot;pool-76-thread-2&quot;  prio=5 tid=653 in Object.wait()&#10;java.lang.Thread.State: WAITING (on object monitor)&#10;        at sun.misc.Unsafe.park(Native Method)&#10;        at java.util.concurrent.locks.LockSupport.park(LockSupport.java:175)&#10;        at java.util.concurrent.locks.AbstractQueuedSynchronizer$ConditionObject.await(AbstractQueuedSynchronizer.java:2039)&#10;        at java.util.concurrent.ArrayBlockingQueue.take(ArrayBlockingQueue.java:403)&#10;        at java.util.concurrent.ThreadPoolExecutor.getTask(ThreadPoolExecutor.java:1074)&#10;        at java.util.concurrent.ThreadPoolExecutor.runWorker(ThreadPoolExecutor.java:1134)&#10;        at java.util.concurrent.ThreadPoolExecutor$Worker.run(ThreadPoolExecutor.java:624)&#10;        at java.lang.Thread.run(Thread.java:748)&#10;&quot;BlockDeletingService#6&quot; daemon prio=5 tid=2050 in Object.wait()&#10;java.lang.Thread.State: WAITING (on object monitor)&#10;        at sun.misc.Unsafe.park(Native Method)&#10;        at java.util.concurrent.locks.LockSupport.park(LockSupport.java:175)&#10;        at java.util.concurrent.locks.AbstractQueuedSynchronizer$ConditionObject.await(AbstractQueuedSynchronizer.java:2039)&#10;        at java.util.concurrent.ScheduledThreadPoolExecutor$DelayedWorkQueue.take(ScheduledThreadPoolExecutor.java:1088)&#10;        at java.util.concurrent.ScheduledThreadPoolExecutor$DelayedWorkQueue.take(ScheduledThreadPoolExecutor.java:809)&#10;        at java.util.concurrent.ThreadPoolExecutor.getTask(ThreadPoolExecutor.java:1074)&#10;        at java.util.concurrent.ThreadPoolExecutor.runWorker(ThreadPoolExecutor.java:1134)&#10;        at java.util.concurrent.ThreadPoolExecutor$Worker.run(ThreadPoolExecutor.java:624)&#10;        at java.lang.Thread.run(Thread.java:748)&#10;&quot;pool-26-thread-44&quot;  prio=5 tid=384 in Object.wait()&#10;java.lang.Thread.State: WAITING (on object monitor)&#10;        at sun.misc.Unsafe.park(Native Method)&#10;        at java.util.concurrent.locks.LockSupport.park(LockSupport.java:175)&#10;        at java.util.concurrent.locks.AbstractQueuedSynchronizer$ConditionObject.await(AbstractQueuedSynchronizer.java:2039)&#10;        at java.util.concurrent.ArrayBlockingQueue.take(ArrayBlockingQueue.java:403)&#10;        at java.util.concurrent.ThreadPoolExecutor.getTask(ThreadPoolExecutor.java:1074)&#10;        at java.util.concurrent.ThreadPoolExecutor.runWorker(ThreadPoolExecutor.java:1134)&#10;        at java.util.concurrent.ThreadPoolExecutor$Worker.run(ThreadPoolExecutor.java:624)&#10;        at java.lang.Thread.run(Thread.java:748)&#10;&quot;pool-26-thread-40&quot;  prio=5 tid=380 in Object.wait()&#10;java.lang.Thread.State: WAITING (on object monitor)&#10;        at sun.misc.Unsafe.park(Native Method)&#10;        at java.util.concurrent.locks.LockSupport.park(LockSupport.java:175)&#10;        at java.util.concurrent.locks.AbstractQueuedSynchronizer$ConditionObject.await(AbstractQueuedSynchronizer.java:2039)&#10;        at java.util.concurrent.ArrayBlockingQueue.take(ArrayBlockingQueue.java:403)&#10;        at java.util.concurrent.ThreadPoolExecutor.getTask(ThreadPoolExecutor.java:1074)&#10;        at java.util.concurrent.ThreadPoolExecutor.runWorker(ThreadPoolExecutor.java:1134)&#10;        at java.util.concurrent.ThreadPoolExecutor$Worker.run(ThreadPoolExecutor.java:624)&#10;        at java.lang.Thread.run(Thread.java:748)&#10;&quot;pool-46-thread-43&quot;  prio=5 tid=503 in Object.wait()&#10;java.lang.Thread.State: WAITING (on object monitor)&#10;        at sun.misc.Unsafe.park(Native Method)&#10;        at java.util.concurrent.locks.LockSupport.park(LockSupport.java:175)&#10;        at java.util.concurrent.locks.AbstractQueuedSynchronizer$ConditionObject.await(AbstractQueuedSynchronizer.java:2039)&#10;        at java.util.concurrent.ArrayBlockingQueue.take(ArrayBlockingQueue.java:403)&#10;        at java.util.concurrent.ThreadPoolExecutor.getTask(ThreadPoolExecutor.java:1074)&#10;        at java.util.concurrent.ThreadPoolExecutor.runWorker(ThreadPoolExecutor.java:1134)&#10;        at java.util.concurrent.ThreadPoolExecutor$Worker.run(ThreadPoolExecutor.java:624)&#10;        at java.lang.Thread.run(Thread.java:748)&#10;&quot;qtp978035840-139&quot; daemon prio=5 tid=139 timed_waiting&#10;java.lang.Thread.State: TIMED_WAITING&#10;        at sun.misc.Unsafe.park(Native Method)&#10;        at java.util.concurrent.locks.LockSupport.parkNanos(LockSupport.java:215)&#10;        at java.util.concurrent.locks.AbstractQueuedSynchronizer$ConditionObject.awaitNanos(AbstractQueuedSynchronizer.java:2078)&#10;        at org.eclipse.jetty.util.BlockingArrayQueue.poll(BlockingArrayQueue.java:392)&#10;        at org.eclipse.jetty.util.thread.QueuedThreadPool.idleJobPoll(QueuedThreadPool.java:563)&#10;        at org.eclipse.jetty.util.thread.QueuedThreadPool.access$800(QueuedThreadPool.java:48)&#10;        at org.eclipse.jetty.util.thread.QueuedThreadPool$2.run(QueuedThreadPool.java:626)&#10;        at java.lang.Thread.run(Thread.java:748)&#10;&quot;pool-86-thread-25&quot;  prio=5 tid=738 in Object.wait()&#10;java.lang.Thread.State: WAITING (on object monitor)&#10;        at sun.misc.Unsafe.park(Native Method)&#10;        at java.util.concurrent.locks.LockSupport.park(LockSupport.java:175)&#10;        at java.util.concurrent.locks.AbstractQueuedSynchronizer$ConditionObject.await(AbstractQueuedSynchronizer.java:2039)&#10;        at java.util.concurrent.ArrayBlockingQueue.take(ArrayBlockingQueue.java:403)&#10;        at java.util.concurrent.ThreadPoolExecutor.getTask(ThreadPoolExecutor.java:1074)&#10;        at java.util.concurrent.ThreadPoolExecutor.runWorker(ThreadPoolExecutor.java:1134)&#10;        at java.util.concurrent.ThreadPoolExecutor$Worker.run(ThreadPoolExecutor.java:624)&#10;        at java.lang.Thread.run(Thread.java:748)&#10;&quot;Datanode State Machine Thread - 0&quot; daemon prio=5 tid=332 timed_waiting&#10;java.lang.Thread.State: TIMED_WAITING&#10;        at java.lang.Thread.sleep(Native Method)&#10;        at org.apache.hadoop.ozone.container.common.statemachine.DatanodeStateMachine.start(DatanodeStateMachine.java:191)&#10;        at org.apache.hadoop.ozone.container.common.statemachine.DatanodeStateMachine.lambda$startDaemon$0(DatanodeStateMachine.java:349)&#10;        at org.apache.hadoop.ozone.container.common.statemachine.DatanodeStateMachine$$Lambda$136/1673604690.run(Unknown Source)&#10;        at java.lang.Thread.run(Thread.java:748)&#10;&quot;pool-36-thread-36&quot;  prio=5 tid=436 in Object.wait()&#10;java.lang.Thread.State: WAITING (on object monitor)&#10;        at sun.misc.Unsafe.park(Native Method)&#10;        at java.util.concurrent.locks.LockSupport.park(LockSupport.java:175)&#10;        at java.util.concurrent.locks.AbstractQueuedSynchronizer$ConditionObject.await(AbstractQueuedSynchronizer.java:2039)&#10;        at java.util.concurrent.ArrayBlockingQueue.take(ArrayBlockingQueue.java:403)&#10;        at java.util.concurrent.ThreadPoolExecutor.getTask(ThreadPoolExecutor.java:1074)&#10;        at java.util.concurrent.ThreadPoolExecutor.runWorker(ThreadPoolExecutor.java:1134)&#10;        at java.util.concurrent.ThreadPoolExecutor$Worker.run(ThreadPoolExecutor.java:624)&#10;        at java.lang.Thread.run(Thread.java:748)&#10;&quot;Command processor thread&quot; daemon prio=5 tid=229 timed_waiting&#10;java.lang.Thread.State: TIMED_WAITING&#10;        at java.lang.Thread.sleep(Native Method)&#10;        at org.apache.hadoop.ozone.container.common.statemachine.DatanodeStateMachine.lambda$initCommandHandlerThread$1(DatanodeStateMachine.java:439)&#10;        at org.apache.hadoop.ozone.container.common.statemachine.DatanodeStateMachine$$Lambda$137/1719414483.run(Unknown Source)&#10;        at java.lang.Thread.run(Thread.java:748)&#10;&quot;pool-56-thread-33&quot;  prio=5 tid=560 in Object.wait()&#10;java.lang.Thread.State: WAITING (on object monitor)&#10;        at sun.misc.Unsafe.park(Native Method)&#10;        at java.util.concurrent.locks.LockSupport.park(LockSupport.java:175)&#10;        at java.util.concurrent.locks.AbstractQueuedSynchronizer$ConditionObject.await(AbstractQueuedSynchronizer.java:2039)&#10;        at java.util.concurrent.ArrayBlockingQueue.take(ArrayBlockingQueue.java:403)&#10;        at java.util.concurrent.ThreadPoolExecutor.getTask(ThreadPoolExecutor.java:1074)&#10;        at java.util.concurrent.ThreadPoolExecutor.runWorker(ThreadPoolExecutor.java:1134)&#10;        at java.util.concurrent.ThreadPoolExecutor$Worker.run(ThreadPoolExecutor.java:624)&#10;        at java.lang.Thread.run(Thread.java:748)&#10;&quot;Periodic HDDS volume checker&quot;  prio=5 tid=206 timed_waiting&#10;java.lang.Thread.State: TIMED_WAITING&#10;        at sun.misc.Unsafe.park(Native Method)&#10;        at java.util.concurrent.locks.LockSupport.parkNanos(LockSupport.java:215)&#10;        at java.util.concurrent.locks.AbstractQueuedSynchronizer$ConditionObject.awaitNanos(AbstractQueuedSynchronizer.java:2078)&#10;        at java.util.concurrent.ScheduledThreadPoolExecutor$DelayedWorkQueue.take(ScheduledThreadPoolExecutor.java:1093)&#10;        at java.util.concurrent.ScheduledThreadPoolExecutor$DelayedWorkQueue.take(ScheduledThreadPoolExecutor.java:809)&#10;        at java.util.concurrent.ThreadPoolExecutor.getTask(ThreadPoolExecutor.java:1074)&#10;        at java.util.concurrent.ThreadPoolExecutor.runWorker(ThreadPoolExecutor.java:1134)&#10;        at java.util.concurrent.ThreadPoolExecutor$Worker.run(ThreadPoolExecutor.java:624)&#10;        at java.lang.Thread.run(Thread.java:748)&#10;&quot;qtp2075074394-218&quot; daemon prio=5 tid=218 timed_waiting&#10;java.lang.Thread.State: TIMED_WAITING&#10;        at sun.misc.Unsafe.park(Native Method)&#10;        at java.util.concurrent.locks.LockSupport.parkNanos(LockSupport.java:215)&#10;        at java.util.concurrent.locks.AbstractQueuedSynchronizer$ConditionObject.awaitNanos(AbstractQueuedSynchronizer.java:2078)&#10;        at org.eclipse.jetty.util.BlockingArrayQueue.poll(BlockingArrayQueue.java:392)&#10;        at org.eclipse.jetty.util.thread.QueuedThreadPool.idleJobPoll(QueuedThreadPool.java:563)&#10;        at org.eclipse.jetty.util.thread.QueuedThreadPool.access$800(QueuedThreadPool.java:48)&#10;        at org.eclipse.jetty.util.thread.QueuedThreadPool$2.run(QueuedThreadPool.java:626)&#10;        at java.lang.Thread.run(Thread.java:748)&#10;&quot;pool-27-thread-1&quot;  prio=5 tid=790 in Object.wait()&#10;java.lang.Thread.State: WAITING (on object monitor)&#10;        at sun.misc.Unsafe.park(Native Method)&#10;        at java.util.concurrent.locks.LockSupport.park(LockSupport.java:175)&#10;        at java.util.concurrent.locks.AbstractQueuedSynchronizer$ConditionObject.await(AbstractQueuedSynchronizer.java:2039)&#10;        at java.util.concurrent.LinkedBlockingQueue.take(LinkedBlockingQueue.java:442)&#10;        at java.util.concurrent.ThreadPoolExecutor.getTask(ThreadPoolExecutor.java:1074)&#10;        at java.util.concurrent.ThreadPoolExecutor.runWorker(ThreadPoolExecutor.java:1134)&#10;        at java.util.concurrent.ThreadPoolExecutor$Worker.run(ThreadPoolExecutor.java:624)&#10;        at java.lang.Thread.run(Thread.java:748)&#10;&quot;pool-26-thread-20&quot;  prio=5 tid=360 in Object.wait()&#10;java.lang.Thread.State: WAITING (on object monitor)&#10;        at sun.misc.Unsafe.park(Native Method)&#10;        at java.util.concurrent.locks.LockSupport.park(LockSupport.java:175)&#10;        at java.util.concurrent.locks.AbstractQueuedSynchronizer$ConditionObject.await(AbstractQueuedSynchronizer.java:2039)&#10;        at java.util.concurrent.ArrayBlockingQueue.take(ArrayBlockingQueue.java:403)&#10;        at java.util.concurrent.ThreadPoolExecutor.getTask(ThreadPoolExecutor.java:1074)&#10;        at java.util.concurrent.ThreadPoolExecutor.runWorker(ThreadPoolExecutor.java:1134)&#10;        at java.util.concurrent.ThreadPoolExecutor$Worker.run(ThreadPoolExecutor.java:624)&#10;        at java.lang.Thread.run(Thread.java:748)&#10;&quot;pool-66-thread-42&quot;  prio=5 tid=631 in Object.wait()&#10;java.lang.Thread.State: WAITING (on object monitor)&#10;        at sun.misc.Unsafe.park(Native Method)&#10;        at java.util.concurrent.locks.LockSupport.park(LockSupport.java:175)&#10;        at java.util.concurrent.locks.AbstractQueuedSynchronizer$ConditionObject.await(AbstractQueuedSynchronizer.java:2039)&#10;        at java.util.concurrent.ArrayBlockingQueue.take(ArrayBlockingQueue.java:403)&#10;        at java.util.concurrent.ThreadPoolExecutor.getTask(ThreadPoolExecutor.java:1074)&#10;        at java.util.concurrent.ThreadPoolExecutor.runWorker(ThreadPoolExecutor.java:1134)&#10;        at java.util.concurrent.ThreadPoolExecutor$Worker.run(ThreadPoolExecutor.java:624)&#10;        at java.lang.Thread.run(Thread.java:748)&#10;&quot;pool-86-thread-7&quot;  prio=5 tid=720 in Object.wait()&#10;java.lang.Thread.State: WAITING (on object monitor)&#10;        at sun.misc.Unsafe.park(Native Method)&#10;        at java.util.concurrent.locks.LockSupport.park(LockSupport.java:175)&#10;        at java.util.concurrent.locks.AbstractQueuedSynchronizer$ConditionObject.await(AbstractQueuedSynchronizer.java:2039)&#10;        at java.util.concurrent.ArrayBlockingQueue.take(ArrayBlockingQueue.java:403)&#10;        at java.util.concurrent.ThreadPoolExecutor.getTask(ThreadPoolExecutor.java:1074)&#10;        at java.util.concurrent.ThreadPoolExecutor.runWorker(ThreadPoolExecutor.java:1134)&#10;        at java.util.concurrent.ThreadPoolExecutor$Worker.run(ThreadPoolExecutor.java:624)&#10;        at java.lang.Thread.run(Thread.java:748)&#10;&quot;pool-26-thread-30&quot;  prio=5 tid=370 in Object.wait()&#10;java.lang.Thread.State: WAITING (on object monitor)&#10;        at sun.misc.Unsafe.park(Native Method)&#10;        at java.util.concurrent.locks.LockSupport.park(LockSupport.java:175)&#10;        at java.util.concurrent.locks.AbstractQueuedSynchronizer$ConditionObject.await(AbstractQueuedSynchronizer.java:2039)&#10;        at java.util.concurrent.ArrayBlockingQueue.take(ArrayBlockingQueue.java:403)&#10;        at java.util.concurrent.ThreadPoolExecutor.getTask(ThreadPoolExecutor.java:1074)&#10;        at java.util.concurrent.ThreadPoolExecutor.runWorker(ThreadPoolExecutor.java:1134)&#10;        at java.util.concurrent.ThreadPoolExecutor$Worker.run(ThreadPoolExecutor.java:624)&#10;        at java.lang.Thread.run(Thread.java:748)&#10;&quot;qtp729375394-294&quot; daemon prio=5 tid=294 runnable&#10;java.lang.Thread.State: RUNNABLE&#10;        at sun.nio.ch.EPollArrayWrapper.epollWait(Native Method)&#10;        at sun.nio.ch.EPollArrayWrapper.poll(EPollArrayWrapper.java:269)&#10;        at sun.nio.ch.EPollSelectorImpl.doSelect(EPollSelectorImpl.java:93)&#10;        at sun.nio.ch.SelectorImpl.lockAndDoSelect(SelectorImpl.java:86)&#10;        at sun.nio.ch.SelectorImpl.select(SelectorImpl.java:97)&#10;        at sun.nio.ch.SelectorImpl.select(SelectorImpl.java:101)&#10;        at org.eclipse.jetty.io.ManagedSelector$SelectorProducer.select(ManagedSelector.java:243)&#10;        at org.eclipse.jetty.io.ManagedSelector$SelectorProducer.produce(ManagedSelector.java:191)&#10;        at org.eclipse.jetty.util.thread.strategy.ExecuteProduceConsume.executeProduceConsume(ExecuteProduceConsume.java:249)&#10;        at org.eclipse.jetty.util.thread.strategy.ExecuteProduceConsume.produceConsume(ExecuteProduceConsume.java:148)&#10;        at org.eclipse.jetty.util.thread.strategy.ExecuteProduceConsume.execute(ExecuteProduceConsume.java:100)&#10;        at org.eclipse.jetty.io.ManagedSelector.run(ManagedSelector.java:147)&#10;        at org.eclipse.jetty.util.thread.QueuedThreadPool.runJob(QueuedThreadPool.java:671)&#10;        at org.eclipse.jetty.util.thread.QueuedThreadPool$2.run(QueuedThreadPool.java:589)&#10;        at java.lang.Thread.run(Thread.java:748)&#10;&quot;pool-26-thread-19&quot;  prio=5 tid=359 in Object.wait()&#10;java.lang.Thread.State: WAITING (on object monitor)&#10;        at sun.misc.Unsafe.park(Native Method)&#10;        at java.util.concurrent.locks.LockSupport.park(LockSupport.java:175)&#10;        at java.util.concurrent.locks.AbstractQueuedSynchronizer$ConditionObject.await(AbstractQueuedSynchronizer.java:2039)&#10;        at java.util.concurrent.ArrayBlockingQueue.take(ArrayBlockingQueue.java:403)&#10;        at java.util.concurrent.ThreadPoolExecutor.getTask(ThreadPoolExecutor.java:1074)&#10;        at java.util.concurrent.ThreadPoolExecutor.runWorker(ThreadPoolExecutor.java:1134)&#10;        at java.util.concurrent.ThreadPoolExecutor$Worker.run(ThreadPoolExecutor.java:624)&#10;        at java.lang.Thread.run(Thread.java:748)&#10;&quot;metrics-hadoop-metrics2-reporter-21-thread-1&quot; daemon prio=5 tid=895 timed_waiting&#10;java.lang.Thread.State: TIMED_WAITING&#10;        at sun.misc.Unsafe.park(Native Method)&#10;        at java.util.concurrent.locks.LockSupport.parkNanos(LockSupport.java:215)&#10;        at java.util.concurrent.locks.AbstractQueuedSynchronizer$ConditionObject.awaitNanos(AbstractQueuedSynchronizer.java:2078)&#10;        at java.util.concurrent.ScheduledThreadPoolExecutor$DelayedWorkQueue.take(ScheduledThreadPoolExecutor.java:1093)&#10;        at java.util.concurrent.ScheduledThreadPoolExecutor$DelayedWorkQueue.take(ScheduledThreadPoolExecutor.java:809)&#10;        at java.util.concurrent.ThreadPoolExecutor.getTask(ThreadPoolExecutor.java:1074)&#10;        at java.util.concurrent.ThreadPoolExecutor.runWorker(ThreadPoolExecutor.java:1134)&#10;        at java.util.concurrent.ThreadPoolExecutor$Worker.run(ThreadPoolExecutor.java:624)&#10;        at java.lang.Thread.run(Thread.java:748)&#10;&quot;qtp292890110-189&quot; daemon prio=5 tid=189 timed_waiting&#10;java.lang.Thread.State: TIMED_WAITING&#10;        at sun.misc.Unsafe.park(Native Method)&#10;        at java.util.concurrent.locks.LockSupport.parkNanos(LockSupport.java:215)&#10;        at java.util.concurrent.locks.AbstractQueuedSynchronizer$ConditionObject.awaitNanos(AbstractQueuedSynchronizer.java:2078)&#10;        at org.eclipse.jetty.util.BlockingArrayQueue.poll(BlockingArrayQueue.java:392)&#10;        at org.eclipse.jetty.util.thread.QueuedThreadPool.idleJobPoll(QueuedThreadPool.java:563)&#10;        at org.eclipse.jetty.util.thread.QueuedThreadPool.access$800(QueuedThreadPool.java:48)&#10;        at org.eclipse.jetty.util.thread.QueuedThreadPool$2.run(QueuedThreadPool.java:626)&#10;        at java.lang.Thread.run(Thread.java:748)&#10;&quot;IPC Server listener on 46754&quot; daemon prio=5 tid=18 runnable&#10;java.lang.Thread.State: RUNNABLE&#10;        at sun.nio.ch.EPollArrayWrapper.epollWait(Native Method)&#10;        at sun.nio.ch.EPollArrayWrapper.poll(EPollArrayWrapper.java:269)&#10;        at sun.nio.ch.EPollSelectorImpl.doSelect(EPollSelectorImpl.java:93)&#10;        at sun.nio.ch.SelectorImpl.lockAndDoSelect(SelectorImpl.java:86)&#10;        at sun.nio.ch.SelectorImpl.select(SelectorImpl.java:97)&#10;        at sun.nio.ch.SelectorImpl.select(SelectorImpl.java:101)&#10;        at org.apache.hadoop.ipc.Server$Listener.run(Server.java:1159)&#10;&quot;qtp523528914-327&quot; daemon prio=5 tid=327 timed_waiting&#10;java.lang.Thread.State: TIMED_WAITING&#10;        at sun.misc.Unsafe.park(Native Method)&#10;        at java.util.concurrent.locks.LockSupport.parkNanos(LockSupport.java:215)&#10;        at java.util.concurrent.locks.AbstractQueuedSynchronizer$ConditionObject.awaitNanos(AbstractQueuedSynchronizer.java:2078)&#10;        at org.eclipse.jetty.util.BlockingArrayQueue.poll(BlockingArrayQueue.java:392)&#10;        at org.eclipse.jetty.util.thread.QueuedThreadPool.idleJobPoll(QueuedThreadPool.java:563)&#10;        at org.eclipse.jetty.util.thread.QueuedThreadPool.access$800(QueuedThreadPool.java:48)&#10;        at org.eclipse.jetty.util.thread.QueuedThreadPool$2.run(QueuedThreadPool.java:626)&#10;        at java.lang.Thread.run(Thread.java:748)&#10;&quot;pool-46-thread-11&quot;  prio=5 tid=471 in Object.wait()&#10;java.lang.Thread.State: WAITING (on object monitor)&#10;        at sun.misc.Unsafe.park(Native Method)&#10;        at java.util.concurrent.locks.LockSupport.park(LockSupport.java:175)&#10;        at java.util.concurrent.locks.AbstractQueuedSynchronizer$ConditionObject.await(AbstractQueuedSynchronizer.java:2039)&#10;        at java.util.concurrent.ArrayBlockingQueue.take(ArrayBlockingQueue.java:403)&#10;        at java.util.concurrent.ThreadPoolExecutor.getTask(ThreadPoolExecutor.java:1074)&#10;        at java.util.concurrent.ThreadPoolExecutor.runWorker(ThreadPoolExecutor.java:1134)&#10;        at java.util.concurrent.ThreadPoolExecutor$Worker.run(ThreadPoolExecutor.java:624)&#10;        at java.lang.Thread.run(Thread.java:748)&#10;&quot;Thread-1573&quot; daemon prio=5 tid=2248 timed_waiting&#10;java.lang.Thread.State: TIMED_WAITING&#10;        at java.lang.Thread.sleep(Native Method)&#10;        at org.apache.ratis.util.JavaUtils.sleep(JavaUtils.java:247)&#10;        at org.apache.ratis.server.impl.FollowerState.run(FollowerState.java:96)&#10;&quot;pool-76-thread-22&quot;  prio=5 tid=673 in Object.wait()&#10;java.lang.Thread.State: WAITING (on object monitor)&#10;        at sun.misc.Unsafe.park(Native Method)&#10;        at java.util.concurrent.locks.LockSupport.park(LockSupport.java:175)&#10;        at java.util.concurrent.locks.AbstractQueuedSynchronizer$ConditionObject.await(AbstractQueuedSynchronizer.java:2039)&#10;        at java.util.concurrent.ArrayBlockingQueue.take(ArrayBlockingQueue.java:403)&#10;        at java.util.concurrent.ThreadPoolExecutor.getTask(ThreadPoolExecutor.java:1074)&#10;        at java.util.concurrent.ThreadPoolExecutor.runWorker(ThreadPoolExecutor.java:1134)&#10;        at java.util.concurrent.ThreadPoolExecutor$Worker.run(ThreadPoolExecutor.java:624)&#10;        at java.lang.Thread.run(Thread.java:748)&#10;&quot;pool-56-thread-15&quot;  prio=5 tid=542 in Object.wait()&#10;java.lang.Thread.State: WAITING (on object monitor)&#10;        at sun.misc.Unsafe.park(Native Method)&#10;        at java.util.concurrent.locks.LockSupport.park(LockSupport.java:175)&#10;        at java.util.concurrent.locks.AbstractQueuedSynchronizer$ConditionObject.await(AbstractQueuedSynchronizer.java:2039)&#10;        at java.util.concurrent.ArrayBlockingQueue.take(ArrayBlockingQueue.java:403)&#10;        at java.util.concurrent.ThreadPoolExecutor.getTask(ThreadPoolExecutor.java:1074)&#10;        at java.util.concurrent.ThreadPoolExecutor.runWorker(ThreadPoolExecutor.java:1134)&#10;        at java.util.concurrent.ThreadPoolExecutor$Worker.run(ThreadPoolExecutor.java:624)&#10;        at java.lang.Thread.run(Thread.java:748)&#10;&quot;IPC Server handler 2 on 46754&quot; daemon prio=5 tid=51 timed_waiting&#10;java.lang.Thread.State: TIMED_WAITING&#10;        at sun.misc.Unsafe.park(Native Method)&#10;        at java.util.concurrent.locks.LockSupport.parkNanos(LockSupport.java:215)&#10;        at java.util.concurrent.locks.AbstractQueuedSynchronizer$ConditionObject.awaitNanos(AbstractQueuedSynchronizer.java:2078)&#10;        at java.util.concurrent.LinkedBlockingQueue.poll(LinkedBlockingQueue.java:467)&#10;        at org.apache.hadoop.ipc.CallQueueManager.take(CallQueueManager.java:288)&#10;        at org.apache.hadoop.ipc.Server$Handler.run(Server.java:2668)&#10;&quot;pool-46-thread-16&quot;  prio=5 tid=476 in Object.wait()&#10;java.lang.Thread.State: WAITING (on object monitor)&#10;        at sun.misc.Unsafe.park(Native Method)&#10;        at java.util.concurrent.locks.LockSupport.park(LockSupport.java:175)&#10;        at java.util.concurrent.locks.AbstractQueuedSynchronizer$ConditionObject.await(AbstractQueuedSynchronizer.java:2039)&#10;        at java.util.concurrent.ArrayBlockingQueue.take(ArrayBlockingQueue.java:403)&#10;        at java.util.concurrent.ThreadPoolExecutor.getTask(ThreadPoolExecutor.java:1074)&#10;        at java.util.concurrent.ThreadPoolExecutor.runWorker(ThreadPoolExecutor.java:1134)&#10;        at java.util.concurrent.ThreadPoolExecutor$Worker.run(ThreadPoolExecutor.java:624)&#10;        at java.lang.Thread.run(Thread.java:748)&#10;&quot;pool-26-thread-29&quot;  prio=5 tid=369 in Object.wait()&#10;java.lang.Thread.State: WAITING (on object monitor)&#10;        at sun.misc.Unsafe.park(Native Method)&#10;        at java.util.concurrent.locks.LockSupport.park(LockSupport.java:175)&#10;        at java.util.concurrent.locks.AbstractQueuedSynchronizer$ConditionObject.await(AbstractQueuedSynchronizer.java:2039)&#10;        at java.util.concurrent.ArrayBlockingQueue.take(ArrayBlockingQueue.java:403)&#10;        at java.util.concurrent.ThreadPoolExecutor.getTask(ThreadPoolExecutor.java:1074)&#10;        at java.util.concurrent.ThreadPoolExecutor.runWorker(ThreadPoolExecutor.java:1134)&#10;        at java.util.concurrent.ThreadPoolExecutor$Worker.run(ThreadPoolExecutor.java:624)&#10;        at java.lang.Thread.run(Thread.java:748)&#10;&quot;Command processor thread&quot; daemon prio=5 tid=283 timed_waiting&#10;java.lang.Thread.State: TIMED_WAITING&#10;        at java.lang.Thread.sleep(Native Method)&#10;        at org.apache.hadoop.ozone.container.common.statemachine.DatanodeStateMachine.lambda$initCommandHandlerThread$1(DatanodeStateMachine.java:439)&#10;        at org.apache.hadoop.ozone.container.common.statemachine.DatanodeStateMachine$$Lambda$137/1719414483.run(Unknown Source)&#10;        at java.lang.Thread.run(Thread.java:748)&#10;&quot;BlockDeletingService#4&quot; daemon prio=5 tid=1458 in Object.wait()&#10;java.lang.Thread.State: WAITING (on object monitor)&#10;        at sun.misc.Unsafe.park(Native Method)&#10;        at java.util.concurrent.locks.LockSupport.park(LockSupport.java:175)&#10;        at java.util.concurrent.locks.AbstractQueuedSynchronizer$ConditionObject.await(AbstractQueuedSynchronizer.java:2039)&#10;        at java.util.concurrent.ScheduledThreadPoolExecutor$DelayedWorkQueue.take(ScheduledThreadPoolExecutor.java:1088)&#10;        at java.util.concurrent.ScheduledThreadPoolExecutor$DelayedWorkQueue.take(ScheduledThreadPoolExecutor.java:809)&#10;        at java.util.concurrent.ThreadPoolExecutor.getTask(ThreadPoolExecutor.java:1074)&#10;        at java.util.concurrent.ThreadPoolExecutor.runWorker(ThreadPoolExecutor.java:1134)&#10;        at java.util.concurrent.ThreadPoolExecutor$Worker.run(ThreadPoolExecutor.java:624)&#10;        at java.lang.Thread.run(Thread.java:748)&#10;&quot;pool-70-thread-1&quot;  prio=5 tid=266 timed_waiting&#10;java.lang.Thread.State: TIMED_WAITING&#10;        at sun.misc.Unsafe.park(Native Method)&#10;        at java.util.concurrent.locks.LockSupport.parkNanos(LockSupport.java:215)&#10;        at java.util.concurrent.locks.AbstractQueuedSynchronizer$ConditionObject.awaitNanos(AbstractQueuedSynchronizer.java:2078)&#10;        at java.util.concurrent.ScheduledThreadPoolExecutor$DelayedWorkQueue.take(ScheduledThreadPoolExecutor.java:1093)&#10;        at java.util.concurrent.ScheduledThreadPoolExecutor$DelayedWorkQueue.take(ScheduledThreadPoolExecutor.java:809)&#10;        at java.util.concurrent.ThreadPoolExecutor.getTask(ThreadPoolExecutor.java:1074)&#10;        at java.util.concurrent.ThreadPoolExecutor.runWorker(ThreadPoolExecutor.java:1134)&#10;        at java.util.concurrent.ThreadPoolExecutor$Worker.run(ThreadPoolExecutor.java:624)&#10;        at java.lang.Thread.run(Thread.java:748)&#10;&quot;pool-76-thread-11&quot;  prio=5 tid=662 in Object.wait()&#10;java.lang.Thread.State: WAITING (on object monitor)&#10;        at sun.misc.Unsafe.park(Native Method)&#10;        at java.util.concurrent.locks.LockSupport.park(LockSupport.java:175)&#10;        at java.util.concurrent.locks.AbstractQueuedSynchronizer$ConditionObject.await(AbstractQueuedSynchronizer.java:2039)&#10;        at java.util.concurrent.ArrayBlockingQueue.take(ArrayBlockingQueue.java:403)&#10;        at java.util.concurrent.ThreadPoolExecutor.getTask(ThreadPoolExecutor.java:1074)&#10;        at java.util.concurrent.ThreadPoolExecutor.runWorker(ThreadPoolExecutor.java:1134)&#10;        at java.util.concurrent.ThreadPoolExecutor$Worker.run(ThreadPoolExecutor.java:624)&#10;        at java.lang.Thread.run(Thread.java:748)&#10;&quot;pool-26-thread-46&quot;  prio=5 tid=386 in Object.wait()&#10;java.lang.Thread.State: WAITING (on object monitor)&#10;        at sun.misc.Unsafe.park(Native Method)&#10;        at java.util.concurrent.locks.LockSupport.park(LockSupport.java:175)&#10;        at java.util.concurrent.locks.AbstractQueuedSynchronizer$ConditionObject.await(AbstractQueuedSynchronizer.java:2039)&#10;        at java.util.concurrent.ArrayBlockingQueue.take(ArrayBlockingQueue.java:403)&#10;        at java.util.concurrent.ThreadPoolExecutor.getTask(ThreadPoolExecutor.java:1074)&#10;        at java.util.concurrent.ThreadPoolExecutor.runWorker(ThreadPoolExecutor.java:1134)&#10;        at java.util.concurrent.ThreadPoolExecutor$Worker.run(ThreadPoolExecutor.java:624)&#10;        at java.lang.Thread.run(Thread.java:748)&#10;&quot;pool-66-thread-51&quot;  prio=5 tid=640 in Object.wait()&#10;java.lang.Thread.State: WAITING (on object monitor)&#10;        at sun.misc.Unsafe.park(Native Method)&#10;        at java.util.concurrent.locks.LockSupport.park(LockSupport.java:175)&#10;        at java.util.concurrent.locks.AbstractQueuedSynchronizer$ConditionObject.await(AbstractQueuedSynchronizer.java:2039)&#10;        at java.util.concurrent.ArrayBlockingQueue.take(ArrayBlockingQueue.java:403)&#10;        at java.util.concurrent.ThreadPoolExecutor.getTask(ThreadPoolExecutor.java:1074)&#10;        at java.util.concurrent.ThreadPoolExecutor.runWorker(ThreadPoolExecutor.java:1134)&#10;        at java.util.concurrent.ThreadPoolExecutor$Worker.run(ThreadPoolExecutor.java:624)&#10;        at java.lang.Thread.run(Thread.java:748)&#10;&quot;pool-26-thread-32&quot;  prio=5 tid=372 in Object.wait()&#10;java.lang.Thread.State: WAITING (on object monitor)&#10;        at sun.misc.Unsafe.park(Native Method)&#10;        at java.util.concurrent.locks.LockSupport.park(LockSupport.java:175)&#10;        at java.util.concurrent.locks.AbstractQueuedSynchronizer$ConditionObject.await(AbstractQueuedSynchronizer.java:2039)&#10;        at java.util.concurrent.ArrayBlockingQueue.take(ArrayBlockingQueue.java:403)&#10;        at java.util.concurrent.ThreadPoolExecutor.getTask(ThreadPoolExecutor.java:1074)&#10;        at java.util.concurrent.ThreadPoolExecutor.runWorker(ThreadPoolExecutor.java:1134)&#10;        at java.util.concurrent.ThreadPoolExecutor$Worker.run(ThreadPoolExecutor.java:624)&#10;        at java.lang.Thread.run(Thread.java:748)&#10;&quot;pool-76-thread-5&quot;  prio=5 tid=656 in Object.wait()&#10;java.lang.Thread.State: WAITING (on object monitor)&#10;        at sun.misc.Unsafe.park(Native Method)&#10;        at java.util.concurrent.locks.LockSupport.park(LockSupport.java:175)&#10;        at java.util.concurrent.locks.AbstractQueuedSynchronizer$ConditionObject.await(AbstractQueuedSynchronizer.java:2039)&#10;        at java.util.concurrent.ArrayBlockingQueue.take(ArrayBlockingQueue.java:403)&#10;        at java.util.concurrent.ThreadPoolExecutor.getTask(ThreadPoolExecutor.java:1074)&#10;        at java.util.concurrent.ThreadPoolExecutor.runWorker(ThreadPoolExecutor.java:1134)&#10;        at java.util.concurrent.ThreadPoolExecutor$Worker.run(ThreadPoolExecutor.java:624)&#10;        at java.lang.Thread.run(Thread.java:748)&#10;&quot;metrics-hadoop-metrics2-reporter-45-thread-1&quot; daemon prio=5 tid=3743 timed_waiting&#10;java.lang.Thread.State: TIMED_WAITING&#10;        at sun.misc.Unsafe.park(Native Method)&#10;        at java.util.concurrent.locks.LockSupport.parkNanos(LockSupport.java:215)&#10;        at java.util.concurrent.locks.AbstractQueuedSynchronizer$ConditionObject.awaitNanos(AbstractQueuedSynchronizer.java:2078)&#10;        at java.util.concurrent.ScheduledThreadPoolExecutor$DelayedWorkQueue.take(ScheduledThreadPoolExecutor.java:1093)&#10;        at java.util.concurrent.ScheduledThreadPoolExecutor$DelayedWorkQueue.take(ScheduledThreadPoolExecutor.java:809)&#10;        at java.util.concurrent.ThreadPoolExecutor.getTask(ThreadPoolExecutor.java:1074)&#10;        at java.util.concurrent.ThreadPoolExecutor.runWorker(ThreadPoolExecutor.java:1134)&#10;        at java.util.concurrent.ThreadPoolExecutor$Worker.run(ThreadPoolExecutor.java:624)&#10;        at java.lang.Thread.run(Thread.java:748)&#10;&quot;qtp1128600792-246&quot; daemon prio=5 tid=246 timed_waiting&#10;java.lang.Thread.State: TIMED_WAITING&#10;        at sun.misc.Unsafe.park(Native Method)&#10;        at java.util.concurrent.locks.LockSupport.parkNanos(LockSupport.java:215)&#10;        at java.util.concurrent.locks.AbstractQueuedSynchronizer$ConditionObject.awaitNanos(AbstractQueuedSynchronizer.java:2078)&#10;        at org.eclipse.jetty.util.BlockingArrayQueue.poll(BlockingArrayQueue.java:392)&#10;        at org.eclipse.jetty.util.thread.QueuedThreadPool.idleJobPoll(QueuedThreadPool.java:563)&#10;        at org.eclipse.jetty.util.thread.QueuedThreadPool.access$800(QueuedThreadPool.java:48)&#10;        at org.eclipse.jetty.util.thread.QueuedThreadPool$2.run(QueuedThreadPool.java:626)&#10;        at java.lang.Thread.run(Thread.java:748)&#10;&quot;pool-26-thread-58&quot;  prio=5 tid=398 in Object.wait()&#10;java.lang.Thread.State: WAITING (on object monitor)&#10;        at sun.misc.Unsafe.park(Native Method)&#10;        at java.util.concurrent.locks.LockSupport.park(LockSupport.java:175)&#10;        at java.util.concurrent.locks.AbstractQueuedSynchronizer$ConditionObject.await(AbstractQueuedSynchronizer.java:2039)&#10;        at java.util.concurrent.ArrayBlockingQueue.take(ArrayBlockingQueue.java:403)&#10;        at java.util.concurrent.ThreadPoolExecutor.getTask(ThreadPoolExecutor.java:1074)&#10;        at java.util.concurrent.ThreadPoolExecutor.runWorker(ThreadPoolExecutor.java:1134)&#10;        at java.util.concurrent.ThreadPoolExecutor$Worker.run(ThreadPoolExecutor.java:624)&#10;        at java.lang.Thread.run(Thread.java:748)&#10;&quot;pool-86-thread-9&quot;  prio=5 tid=722 in Object.wait()&#10;java.lang.Thread.State: WAITING (on object monitor)&#10;        at sun.misc.Unsafe.park(Native Method)&#10;        at java.util.concurrent.locks.LockSupport.park(LockSupport.java:175)&#10;        at java.util.concurrent.locks.AbstractQueuedSynchronizer$ConditionObject.await(AbstractQueuedSynchronizer.java:2039)&#10;        at java.util.concurrent.ArrayBlockingQueue.take(ArrayBlockingQueue.java:403)&#10;        at java.util.concurrent.ThreadPoolExecutor.getTask(ThreadPoolExecutor.java:1074)&#10;        at java.util.concurrent.ThreadPoolExecutor.runWorker(ThreadPoolExecutor.java:1134)&#10;        at java.util.concurrent.ThreadPoolExecutor$Worker.run(ThreadPoolExecutor.java:624)&#10;        at java.lang.Thread.run(Thread.java:748)&#10;&quot;qtp1179244298-159&quot; daemon prio=5 tid=159 runnable&#10;java.lang.Thread.State: RUNNABLE&#10;        at sun.nio.ch.EPollArrayWrapper.epollWait(Native Method)&#10;        at sun.nio.ch.EPollArrayWrapper.poll(EPollArrayWrapper.java:269)&#10;        at sun.nio.ch.EPollSelectorImpl.doSelect(EPollSelectorImpl.java:93)&#10;        at sun.nio.ch.SelectorImpl.lockAndDoSelect(SelectorImpl.java:86)&#10;        at sun.nio.ch.SelectorImpl.select(SelectorImpl.java:97)&#10;        at sun.nio.ch.SelectorImpl.select(SelectorImpl.java:101)&#10;        at org.eclipse.jetty.io.ManagedSelector$SelectorProducer.select(ManagedSelector.java:243)&#10;        at org.eclipse.jetty.io.ManagedSelector$SelectorProducer.produce(ManagedSelector.java:191)&#10;        at org.eclipse.jetty.util.thread.strategy.ExecuteProduceConsume.executeProduceConsume(ExecuteProduceConsume.java:249)&#10;        at org.eclipse.jetty.util.thread.strategy.ExecuteProduceConsume.produceConsume(ExecuteProduceConsume.java:148)&#10;        at org.eclipse.jetty.util.thread.strategy.ExecuteProduceConsume.execute(ExecuteProduceConsume.java:100)&#10;        at org.eclipse.jetty.io.ManagedSelector.run(ManagedSelector.java:147)&#10;        at org.eclipse.jetty.util.thread.QueuedThreadPool.runJob(QueuedThreadPool.java:671)&#10;        at org.eclipse.jetty.util.thread.QueuedThreadPool$2.run(QueuedThreadPool.java:589)&#10;        at java.lang.Thread.run(Thread.java:748)&#10;&quot;pool-21-thread-1&quot;  prio=5 tid=135 timed_waiting&#10;java.lang.Thread.State: TIMED_WAITING&#10;        at sun.misc.Unsafe.park(Native Method)&#10;        at java.util.concurrent.locks.LockSupport.parkNanos(LockSupport.java:215)&#10;        at java.util.concurrent.locks.AbstractQueuedSynchronizer$ConditionObject.awaitNanos(AbstractQueuedSynchronizer.java:2078)&#10;        at java.util.concurrent.ScheduledThreadPoolExecutor$DelayedWorkQueue.take(ScheduledThreadPoolExecutor.java:1093)&#10;        at java.util.concurrent.ScheduledThreadPoolExecutor$DelayedWorkQueue.take(ScheduledThreadPoolExecutor.java:809)&#10;        at java.util.concurrent.ThreadPoolExecutor.getTask(ThreadPoolExecutor.java:1074)&#10;        at java.util.concurrent.ThreadPoolExecutor.runWorker(ThreadPoolExecutor.java:1134)&#10;        at java.util.concurrent.ThreadPoolExecutor$Worker.run(ThreadPoolExecutor.java:624)&#10;        at java.lang.Thread.run(Thread.java:748)&#10;&quot;metrics-hadoop-metrics2-reporter-40-thread-1&quot; daemon prio=5 tid=3060 timed_waiting&#10;java.lang.Thread.State: TIMED_WAITING&#10;        at sun.misc.Unsafe.park(Native Method)&#10;        at java.util.concurrent.locks.LockSupport.parkNanos(LockSupport.java:215)&#10;        at java.util.concurrent.locks.AbstractQueuedSynchronizer$ConditionObject.awaitNanos(AbstractQueuedSynchronizer.java:2078)&#10;        at java.util.concurrent.ScheduledThreadPoolExecutor$DelayedWorkQueue.take(ScheduledThreadPoolExecutor.java:1093)&#10;        at java.util.concurrent.ScheduledThreadPoolExecutor$DelayedWorkQueue.take(ScheduledThreadPoolExecutor.java:809)&#10;        at java.util.concurrent.ThreadPoolExecutor.getTask(ThreadPoolExecutor.java:1074)&#10;        at java.util.concurrent.ThreadPoolExecutor.runWorker(ThreadPoolExecutor.java:1134)&#10;        at java.util.concurrent.ThreadPoolExecutor$Worker.run(ThreadPoolExecutor.java:624)&#10;        at java.lang.Thread.run(Thread.java:748)&#10;&quot;PartialTableCache Cleanup Thread - 0&quot; daemon prio=5 tid=837 in Object.wait()&#10;java.lang.Thread.State: WAITING (on object monitor)&#10;        at sun.misc.Unsafe.park(Native Method)&#10;        at java.util.concurrent.locks.LockSupport.park(LockSupport.java:175)&#10;        at java.util.concurrent.locks.AbstractQueuedSynchronizer$ConditionObject.await(AbstractQueuedSynchronizer.java:2039)&#10;        at java.util.concurrent.LinkedBlockingQueue.take(LinkedBlockingQueue.java:442)&#10;        at java.util.concurrent.ThreadPoolExecutor.getTask(ThreadPoolExecutor.java:1074)&#10;        at java.util.concurrent.ThreadPoolExecutor.runWorker(ThreadPoolExecutor.java:1134)&#10;        at java.util.concurrent.ThreadPoolExecutor$Worker.run(ThreadPoolExecutor.java:624)&#10;        at java.lang.Thread.run(Thread.java:748)&#10;&quot;pool-36-thread-6&quot;  prio=5 tid=406 in Object.wait()&#10;java.lang.Thread.State: WAITING (on object monitor)&#10;        at sun.misc.Unsafe.park(Native Method)&#10;        at java.util.concurrent.locks.LockSupport.park(LockSupport.java:175)&#10;        at java.util.concurrent.locks.AbstractQueuedSynchronizer$ConditionObject.await(AbstractQueuedSynchronizer.java:2039)&#10;        at java.util.concurrent.ArrayBlockingQueue.take(ArrayBlockingQueue.java:403)&#10;        at java.util.concurrent.ThreadPoolExecutor.getTask(ThreadPoolExecutor.java:1074)&#10;        at java.util.concurrent.ThreadPoolExecutor.runWorker(ThreadPoolExecutor.java:1134)&#10;        at java.util.concurrent.ThreadPoolExecutor$Worker.run(ThreadPoolExecutor.java:624)&#10;        at java.lang.Thread.run(Thread.java:748)&#10;&quot;pool-6-thread-1&quot;  prio=5 tid=26 timed_waiting&#10;java.lang.Thread.State: TIMED_WAITING&#10;        at sun.misc.Unsafe.park(Native Method)&#10;        at java.util.concurrent.locks.LockSupport.parkNanos(LockSupport.java:215)&#10;        at java.util.concurrent.locks.AbstractQueuedSynchronizer$ConditionObject.awaitNanos(AbstractQueuedSynchronizer.java:2078)&#10;        at java.util.concurrent.ScheduledThreadPoolExecutor$DelayedWorkQueue.take(ScheduledThreadPoolExecutor.java:1093)&#10;        at java.util.concurrent.ScheduledThreadPoolExecutor$DelayedWorkQueue.take(ScheduledThreadPoolExecutor.java:809)&#10;        at java.util.concurrent.ThreadPoolExecutor.getTask(ThreadPoolExecutor.java:1074)&#10;        at java.util.concurrent.ThreadPoolExecutor.runWorker(ThreadPoolExecutor.java:1134)&#10;        at java.util.concurrent.ThreadPoolExecutor$Worker.run(ThreadPoolExecutor.java:624)&#10;        at java.lang.Thread.run(Thread.java:748)&#10;&quot;IPC Server handler 18 on 46754&quot; daemon prio=5 tid=67 timed_waiting&#10;java.lang.Thread.State: TIMED_WAITING&#10;        at sun.misc.Unsafe.park(Native Method)&#10;        at java.util.concurrent.locks.LockSupport.parkNanos(LockSupport.java:215)&#10;        at java.util.concurrent.locks.AbstractQueuedSynchronizer$ConditionObject.awaitNanos(AbstractQueuedSynchronizer.java:2078)&#10;        at java.util.concurrent.LinkedBlockingQueue.poll(LinkedBlockingQueue.java:467)&#10;        at org.apache.hadoop.ipc.CallQueueManager.take(CallQueueManager.java:288)&#10;        at org.apache.hadoop.ipc.Server$Handler.run(Server.java:2668)&#10;&quot;IPC Server handler 0 on 38980&quot; daemon prio=5 tid=69 timed_waiting&#10;java.lang.Thread.State: TIMED_WAITING&#10;        at sun.misc.Unsafe.park(Native Method)&#10;        at java.util.concurrent.locks.LockSupport.parkNanos(LockSupport.java:215)&#10;        at java.util.concurrent.locks.AbstractQueuedSynchronizer$ConditionObject.awaitNanos(AbstractQueuedSynchronizer.java:2078)&#10;        at java.util.concurrent.LinkedBlockingQueue.poll(LinkedBlockingQueue.java:467)&#10;        at org.apache.hadoop.ipc.CallQueueManager.take(CallQueueManager.java:288)&#10;        at org.apache.hadoop.ipc.Server$Handler.run(Server.java:2668)&#10;&quot;pool-76-thread-1&quot;  prio=5 tid=652 in Object.wait()&#10;java.lang.Thread.State: WAITING (on object monitor)&#10;        at sun.misc.Unsafe.park(Native Method)&#10;        at java.util.concurrent.locks.LockSupport.park(LockSupport.java:175)&#10;        at java.util.concurrent.locks.AbstractQueuedSynchronizer$ConditionObject.await(AbstractQueuedSynchronizer.java:2039)&#10;        at java.util.concurrent.ArrayBlockingQueue.take(ArrayBlockingQueue.java:403)&#10;        at java.util.concurrent.ThreadPoolExecutor.getTask(ThreadPoolExecutor.java:1074)&#10;        at java.util.concurrent.ThreadPoolExecutor.runWorker(ThreadPoolExecutor.java:1134)&#10;        at java.util.concurrent.ThreadPoolExecutor$Worker.run(ThreadPoolExecutor.java:624)&#10;        at java.lang.Thread.run(Thread.java:748)&#10;&quot;pool-56-thread-23&quot;  prio=5 tid=550 in Object.wait()&#10;java.lang.Thread.State: WAITING (on object monitor)&#10;        at sun.misc.Unsafe.park(Native Method)&#10;        at java.util.concurrent.locks.LockSupport.park(LockSupport.java:175)&#10;        at java.util.concurrent.locks.AbstractQueuedSynchronizer$ConditionObject.await(AbstractQueuedSynchronizer.java:2039)&#10;        at java.util.concurrent.ArrayBlockingQueue.take(ArrayBlockingQueue.java:403)&#10;        at java.util.concurrent.ThreadPoolExecutor.getTask(ThreadPoolExecutor.java:1074)&#10;        at java.util.concurrent.ThreadPoolExecutor.runWorker(ThreadPoolExecutor.java:1134)&#10;        at java.util.concurrent.ThreadPoolExecutor$Worker.run(ThreadPoolExecutor.java:624)&#10;        at java.lang.Thread.run(Thread.java:748)&#10;&quot;Datanode ReportManager Thread - 1&quot; daemon prio=5 tid=199 in Object.wait()&#10;java.lang.Thread.State: WAITING (on object monitor)&#10;        at sun.misc.Unsafe.park(Native Method)&#10;        at java.util.concurrent.locks.LockSupport.park(LockSupport.java:175)&#10;        at java.util.concurrent.locks.AbstractQueuedSynchronizer$ConditionObject.await(AbstractQueuedSynchronizer.java:2039)&#10;        at java.util.concurrent.ScheduledThreadPoolExecutor$DelayedWorkQueue.take(ScheduledThreadPoolExecutor.java:1088)&#10;        at java.util.concurrent.ScheduledThreadPoolExecutor$DelayedWorkQueue.take(ScheduledThreadPoolExecutor.java:809)&#10;        at java.util.concurrent.ThreadPoolExecutor.getTask(ThreadPoolExecutor.java:1074)&#10;        at java.util.concurrent.ThreadPoolExecutor.runWorker(ThreadPoolExecutor.java:1134)&#10;        at java.util.concurrent.ThreadPoolExecutor$Worker.run(ThreadPoolExecutor.java:624)&#10;        at java.lang.Thread.run(Thread.java:748)&#10;&quot;pool-66-thread-57&quot;  prio=5 tid=646 in Object.wait()&#10;java.lang.Thread.State: WAITING (on object monitor)&#10;        at sun.misc.Unsafe.park(Native Method)&#10;        at java.util.concurrent.locks.LockSupport.park(LockSupport.java:175)&#10;        at java.util.concurrent.locks.AbstractQueuedSynchronizer$ConditionObject.await(AbstractQueuedSynchronizer.java:2039)&#10;        at java.util.concurrent.ArrayBlockingQueue.take(ArrayBlockingQueue.java:403)&#10;        at java.util.concurrent.ThreadPoolExecutor.getTask(ThreadPoolExecutor.java:1074)&#10;        at java.util.concurrent.ThreadPoolExecutor.runWorker(ThreadPoolExecutor.java:1134)&#10;        at java.util.concurrent.ThreadPoolExecutor$Worker.run(ThreadPoolExecutor.java:624)&#10;        at java.lang.Thread.run(Thread.java:748)&#10;&quot;Datanode State Machine Thread - 0&quot; daemon prio=5 tid=251 timed_waiting&#10;java.lang.Thread.State: TIMED_WAITING&#10;        at java.lang.Thread.sleep(Native Method)&#10;        at org.apache.hadoop.ozone.container.common.statemachine.DatanodeStateMachine.start(DatanodeStateMachine.java:191)&#10;        at org.apache.hadoop.ozone.container.common.statemachine.DatanodeStateMachine.lambda$startDaemon$0(DatanodeStateMachine.java:349)&#10;        at org.apache.hadoop.ozone.container.common.statemachine.DatanodeStateMachine$$Lambda$136/1673604690.run(Unknown Source)&#10;        at java.lang.Thread.run(Thread.java:748)&#10;&quot;a413c2ef-7abc-47d7-b263-b9548e673ba5@group-5D9677AA7517-SegmentedRaftLogWorker&quot;  prio=5 tid=814 timed_waiting&#10;java.lang.Thread.State: TIMED_WAITING&#10;        at sun.misc.Unsafe.park(Native Method)&#10;        at java.util.concurrent.locks.LockSupport.parkNanos(LockSupport.java:215)&#10;        at java.util.concurrent.locks.AbstractQueuedSynchronizer$ConditionObject.awaitNanos(AbstractQueuedSynchronizer.java:2078)&#10;        at org.apache.ratis.util.DataBlockingQueue.poll(DataBlockingQueue.java:137)&#10;        at org.apache.ratis.server.raftlog.segmented.SegmentedRaftLogWorker.run(SegmentedRaftLogWorker.java:283)&#10;        at java.lang.Thread.run(Thread.java:748)&#10;&quot;pool-86-thread-33&quot;  prio=5 tid=746 in Object.wait()&#10;java.lang.Thread.State: WAITING (on object monitor)&#10;        at sun.misc.Unsafe.park(Native Method)&#10;        at java.util.concurrent.locks.LockSupport.park(LockSupport.java:175)&#10;        at java.util.concurrent.locks.AbstractQueuedSynchronizer$ConditionObject.await(AbstractQueuedSynchronizer.java:2039)&#10;        at java.util.concurrent.ArrayBlockingQueue.take(ArrayBlockingQueue.java:403)&#10;        at java.util.concurrent.ThreadPoolExecutor.getTask(ThreadPoolExecutor.java:1074)&#10;        at java.util.concurrent.ThreadPoolExecutor.runWorker(ThreadPoolExecutor.java:1134)&#10;        at java.util.concurrent.ThreadPoolExecutor$Worker.run(ThreadPoolExecutor.java:624)&#10;        at java.lang.Thread.run(Thread.java:748)&#10;&quot;pool-46-thread-44&quot;  prio=5 tid=504 in Object.wait()&#10;java.lang.Thread.State: WAITING (on object monitor)&#10;        at sun.misc.Unsafe.park(Native Method)&#10;        at java.util.concurrent.locks.LockSupport.park(LockSupport.java:175)&#10;        at java.util.concurrent.locks.AbstractQueuedSynchronizer$ConditionObject.await(AbstractQueuedSynchronizer.java:2039)&#10;        at java.util.concurrent.ArrayBlockingQueue.take(ArrayBlockingQueue.java:403)&#10;        at java.util.concurrent.ThreadPoolExecutor.getTask(ThreadPoolExecutor.java:1074)&#10;        at java.util.concurrent.ThreadPoolExecutor.runWorker(ThreadPoolExecutor.java:1134)&#10;        at java.util.concurrent.ThreadPoolExecutor$Worker.run(ThreadPoolExecutor.java:624)&#10;        at java.lang.Thread.run(Thread.java:748)&#10;&quot;pool-26-thread-28&quot;  prio=5 tid=368 in Object.wait()&#10;java.lang.Thread.State: WAITING (on object monitor)&#10;        at sun.misc.Unsafe.park(Native Method)&#10;        at java.util.concurrent.locks.LockSupport.park(LockSupport.java:175)&#10;        at java.util.concurrent.locks.AbstractQueuedSynchronizer$ConditionObject.await(AbstractQueuedSynchronizer.java:2039)&#10;        at java.util.concurrent.ArrayBlockingQueue.take(ArrayBlockingQueue.java:403)&#10;        at java.util.concurrent.ThreadPoolExecutor.getTask(ThreadPoolExecutor.java:1074)&#10;        at java.util.concurrent.ThreadPoolExecutor.runWorker(ThreadPoolExecutor.java:1134)&#10;        at java.util.concurrent.ThreadPoolExecutor$Worker.run(ThreadPoolExecutor.java:624)&#10;        at java.lang.Thread.run(Thread.java:748)&#10;&quot;pool-56-thread-10&quot;  prio=5 tid=537 in Object.wait()&#10;java.lang.Thread.State: WAITING (on object monitor)&#10;        at sun.misc.Unsafe.park(Native Method)&#10;        at java.util.concurrent.locks.LockSupport.park(LockSupport.java:175)&#10;        at java.util.concurrent.locks.AbstractQueuedSynchronizer$ConditionObject.await(AbstractQueuedSynchronizer.java:2039)&#10;        at java.util.concurrent.ArrayBlockingQueue.take(ArrayBlockingQueue.java:403)&#10;        at java.util.concurrent.ThreadPoolExecutor.getTask(ThreadPoolExecutor.java:1074)&#10;        at java.util.concurrent.ThreadPoolExecutor.runWorker(ThreadPoolExecutor.java:1134)&#10;        at java.util.concurrent.ThreadPoolExecutor$Worker.run(ThreadPoolExecutor.java:624)&#10;        at java.lang.Thread.run(Thread.java:748)&#10;&quot;pool-36-thread-35&quot;  prio=5 tid=435 in Object.wait()&#10;java.lang.Thread.State: WAITING (on object monitor)&#10;        at sun.misc.Unsafe.park(Native Method)&#10;        at java.util.concurrent.locks.LockSupport.park(LockSupport.java:175)&#10;        at java.util.concurrent.locks.AbstractQueuedSynchronizer$ConditionObject.await(AbstractQueuedSynchronizer.java:2039)&#10;        at java.util.concurrent.ArrayBlockingQueue.take(ArrayBlockingQueue.java:403)&#10;        at java.util.concurrent.ThreadPoolExecutor.getTask(ThreadPoolExecutor.java:1074)&#10;        at java.util.concurrent.ThreadPoolExecutor.runWorker(ThreadPoolExecutor.java:1134)&#10;        at java.util.concurrent.ThreadPoolExecutor$Worker.run(ThreadPoolExecutor.java:624)&#10;        at java.lang.Thread.run(Thread.java:748)&#10;&quot;IPC Server handler 1 on 40419&quot; daemon prio=5 tid=30 timed_waiting&#10;java.lang.Thread.State: TIMED_WAITING&#10;        at sun.misc.Unsafe.park(Native Method)&#10;        at java.util.concurrent.locks.LockSupport.parkNanos(LockSupport.java:215)&#10;        at java.util.concurrent.locks.AbstractQueuedSynchronizer$ConditionObject.awaitNanos(AbstractQueuedSynchronizer.java:2078)&#10;        at java.util.concurrent.LinkedBlockingQueue.poll(LinkedBlockingQueue.java:467)&#10;        at org.apache.hadoop.ipc.CallQueueManager.take(CallQueueManager.java:288)&#10;        at org.apache.hadoop.ipc.Server$Handler.run(Server.java:2668)&#10;&quot;pool-86-thread-49&quot;  prio=5 tid=762 in Object.wait()&#10;java.lang.Thread.State: WAITING (on object monitor)&#10;        at sun.misc.Unsafe.park(Native Method)&#10;        at java.util.concurrent.locks.LockSupport.park(LockSupport.java:175)&#10;        at java.util.concurrent.locks.AbstractQueuedSynchronizer$ConditionObject.await(AbstractQueuedSynchronizer.java:2039)&#10;        at java.util.concurrent.ArrayBlockingQueue.take(ArrayBlockingQueue.java:403)&#10;        at java.util.concurrent.ThreadPoolExecutor.getTask(ThreadPoolExecutor.java:1074)&#10;        at java.util.concurrent.ThreadPoolExecutor.runWorker(ThreadPoolExecutor.java:1134)&#10;        at java.util.concurrent.ThreadPoolExecutor$Worker.run(ThreadPoolExecutor.java:624)&#10;        at java.lang.Thread.run(Thread.java:748)&#10;&quot;pool-56-thread-52&quot;  prio=5 tid=579 in Object.wait()&#10;java.lang.Thread.State: WAITING (on object monitor)&#10;        at sun.misc.Unsafe.park(Native Method)&#10;        at java.util.concurrent.locks.LockSupport.park(LockSupport.java:175)&#10;        at java.util.concurrent.locks.AbstractQueuedSynchronizer$ConditionObject.await(AbstractQueuedSynchronizer.java:2039)&#10;        at java.util.concurrent.ArrayBlockingQueue.take(ArrayBlockingQueue.java:403)&#10;        at java.util.concurrent.ThreadPoolExecutor.getTask(ThreadPoolExecutor.java:1074)&#10;        at java.util.concurrent.ThreadPoolExecutor.runWorker(ThreadPoolExecutor.java:1134)&#10;        at java.util.concurrent.ThreadPoolExecutor$Worker.run(ThreadPoolExecutor.java:624)&#10;        at java.lang.Thread.run(Thread.java:748)&#10;&quot;BlockDeletingService#3&quot; daemon prio=5 tid=1317 in Object.wait()&#10;java.lang.Thread.State: WAITING (on object monitor)&#10;        at sun.misc.Unsafe.park(Native Method)&#10;        at java.util.concurrent.locks.LockSupport.park(LockSupport.java:175)&#10;        at java.util.concurrent.locks.AbstractQueuedSynchronizer$ConditionObject.await(AbstractQueuedSynchronizer.java:2039)&#10;        at java.util.concurrent.ScheduledThreadPoolExecutor$DelayedWorkQueue.take(ScheduledThreadPoolExecutor.java:1088)&#10;        at java.util.concurrent.ScheduledThreadPoolExecutor$DelayedWorkQueue.take(ScheduledThreadPoolExecutor.java:809)&#10;        at java.util.concurrent.ThreadPoolExecutor.getTask(ThreadPoolExecutor.java:1074)&#10;        at java.util.concurrent.ThreadPoolExecutor.runWorker(ThreadPoolExecutor.java:1134)&#10;        at java.util.concurrent.ThreadPoolExecutor$Worker.run(ThreadPoolExecutor.java:624)&#10;        at java.lang.Thread.run(Thread.java:748)&#10;&quot;pool-36-thread-47&quot;  prio=5 tid=447 in Object.wait()&#10;java.lang.Thread.State: WAITING (on object monitor)&#10;        at sun.misc.Unsafe.park(Native Method)&#10;        at java.util.concurrent.locks.LockSupport.park(LockSupport.java:175)&#10;        at java.util.concurrent.locks.AbstractQueuedSynchronizer$ConditionObject.await(AbstractQueuedSynchronizer.java:2039)&#10;        at java.util.concurrent.ArrayBlockingQueue.take(ArrayBlockingQueue.java:403)&#10;        at java.util.concurrent.ThreadPoolExecutor.getTask(ThreadPoolExecutor.java:1074)&#10;        at java.util.concurrent.ThreadPoolExecutor.runWorker(ThreadPoolExecutor.java:1134)&#10;        at java.util.concurrent.ThreadPoolExecutor$Worker.run(ThreadPoolExecutor.java:624)&#10;        at java.lang.Thread.run(Thread.java:748)&#10;&quot;pool-86-thread-38&quot;  prio=5 tid=751 in Object.wait()&#10;java.lang.Thread.State: WAITING (on object monitor)&#10;        at sun.misc.Unsafe.park(Native Method)&#10;        at java.util.concurrent.locks.LockSupport.park(LockSupport.java:175)&#10;        at java.util.concurrent.locks.AbstractQueuedSynchronizer$ConditionObject.await(AbstractQueuedSynchronizer.java:2039)&#10;        at java.util.concurrent.ArrayBlockingQueue.take(ArrayBlockingQueue.java:403)&#10;        at java.util.concurrent.ThreadPoolExecutor.getTask(ThreadPoolExecutor.java:1074)&#10;        at java.util.concurrent.ThreadPoolExecutor.runWorker(ThreadPoolExecutor.java:1134)&#10;        at java.util.concurrent.ThreadPoolExecutor$Worker.run(ThreadPoolExecutor.java:624)&#10;        at java.lang.Thread.run(Thread.java:748)&#10;&quot;Datanode ReportManager Thread - 0&quot; daemon prio=5 tid=225 in Object.wait()&#10;java.lang.Thread.State: WAITING (on object monitor)&#10;        at sun.misc.Unsafe.park(Native Method)&#10;        at java.util.concurrent.locks.LockSupport.park(LockSupport.java:175)&#10;        at java.util.concurrent.locks.AbstractQueuedSynchronizer$ConditionObject.await(AbstractQueuedSynchronizer.java:2039)&#10;        at java.util.concurrent.ScheduledThreadPoolExecutor$DelayedWorkQueue.take(ScheduledThreadPoolExecutor.java:1088)&#10;        at java.util.concurrent.ScheduledThreadPoolExecutor$DelayedWorkQueue.take(ScheduledThreadPoolExecutor.java:809)&#10;        at java.util.concurrent.ThreadPoolExecutor.getTask(ThreadPoolExecutor.java:1074)&#10;        at java.util.concurrent.ThreadPoolExecutor.runWorker(ThreadPoolExecutor.java:1134)&#10;        at java.util.concurrent.ThreadPoolExecutor$Worker.run(ThreadPoolExecutor.java:624)&#10;        at java.lang.Thread.run(Thread.java:748)&#10;&quot;pool-76-thread-8&quot;  prio=5 tid=659 in Object.wait()&#10;java.lang.Thread.State: WAITING (on object monitor)&#10;        at sun.misc.Unsafe.park(Native Method)&#10;        at java.util.concurrent.locks.LockSupport.park(LockSupport.java:175)&#10;        at java.util.concurrent.locks.AbstractQueuedSynchronizer$ConditionObject.await(AbstractQueuedSynchronizer.java:2039)&#10;        at java.util.concurrent.ArrayBlockingQueue.take(ArrayBlockingQueue.java:403)&#10;        at java.util.concurrent.ThreadPoolExecutor.getTask(ThreadPoolExecutor.java:1074)&#10;        at java.util.concurrent.ThreadPoolExecutor.runWorker(ThreadPoolExecutor.java:1134)&#10;        at java.util.concurrent.ThreadPoolExecutor$Worker.run(ThreadPoolExecutor.java:624)&#10;        at java.lang.Thread.run(Thread.java:748)&#10;&quot;Datanode State Machine Thread - 0&quot; daemon prio=5 tid=179 timed_waiting&#10;java.lang.Thread.State: TIMED_WAITING&#10;        at sun.misc.Unsafe.park(Native Method)&#10;        at java.util.concurrent.locks.LockSupport.parkNanos(LockSupport.java:215)&#10;        at java.util.concurrent.SynchronousQueue$TransferStack.awaitFulfill(SynchronousQueue.java:460)&#10;        at java.util.concurrent.SynchronousQueue$TransferStack.transfer(SynchronousQueue.java:362)&#10;        at java.util.concurrent.SynchronousQueue.poll(SynchronousQueue.java:941)&#10;        at java.util.concurrent.ThreadPoolExecutor.getTask(ThreadPoolExecutor.java:1073)&#10;        at java.util.concurrent.ThreadPoolExecutor.runWorker(ThreadPoolExecutor.java:1134)&#10;        at java.util.concurrent.ThreadPoolExecutor$Worker.run(ThreadPoolExecutor.java:624)&#10;        at java.lang.Thread.run(Thread.java:748)&#10;&quot;pool-86-thread-12&quot;  prio=5 tid=725 in Object.wait()&#10;java.lang.Thread.State: WAITING (on object monitor)&#10;        at sun.misc.Unsafe.park(Native Method)&#10;        at java.util.concurrent.locks.LockSupport.park(LockSupport.java:175)&#10;        at java.util.concurrent.locks.AbstractQueuedSynchronizer$ConditionObject.await(AbstractQueuedSynchronizer.java:2039)&#10;        at java.util.concurrent.ArrayBlockingQueue.take(ArrayBlockingQueue.java:403)&#10;        at java.util.concurrent.ThreadPoolExecutor.getTask(ThreadPoolExecutor.java:1074)&#10;        at java.util.concurrent.ThreadPoolExecutor.runWorker(ThreadPoolExecutor.java:1134)&#10;        at java.util.concurrent.ThreadPoolExecutor$Worker.run(ThreadPoolExecutor.java:624)&#10;        at java.lang.Thread.run(Thread.java:748)&#10;&quot;pool-76-thread-21&quot;  prio=5 tid=672 in Object.wait()&#10;java.lang.Thread.State: WAITING (on object monitor)&#10;        at sun.misc.Unsafe.park(Native Method)&#10;        at java.util.concurrent.locks.LockSupport.park(LockSupport.java:175)&#10;        at java.util.concurrent.locks.AbstractQueuedSynchronizer$ConditionObject.await(AbstractQueuedSynchronizer.java:2039)&#10;        at java.util.concurrent.ArrayBlockingQueue.take(ArrayBlockingQueue.java:403)&#10;        at java.util.concurrent.ThreadPoolExecutor.getTask(ThreadPoolExecutor.java:1074)&#10;        at java.util.concurrent.ThreadPoolExecutor.runWorker(ThreadPoolExecutor.java:1134)&#10;        at java.util.concurrent.ThreadPoolExecutor$Worker.run(ThreadPoolExecutor.java:624)&#10;        at java.lang.Thread.run(Thread.java:748)&#10;&quot;pool-66-thread-53&quot;  prio=5 tid=642 in Object.wait()&#10;java.lang.Thread.State: WAITING (on object monitor)&#10;        at sun.misc.Unsafe.park(Native Method)&#10;        at java.util.concurrent.locks.LockSupport.park(LockSupport.java:175)&#10;        at java.util.concurrent.locks.AbstractQueuedSynchronizer$ConditionObject.await(AbstractQueuedSynchronizer.java:2039)&#10;        at java.util.concurrent.ArrayBlockingQueue.take(ArrayBlockingQueue.java:403)&#10;        at java.util.concurrent.ThreadPoolExecutor.getTask(ThreadPoolExecutor.java:1074)&#10;        at java.util.concurrent.ThreadPoolExecutor.runWorker(ThreadPoolExecutor.java:1134)&#10;        at java.util.concurrent.ThreadPoolExecutor$Worker.run(ThreadPoolExecutor.java:624)&#10;        at java.lang.Thread.run(Thread.java:748)&#10;&quot;pool-36-thread-48&quot;  prio=5 tid=448 in Object.wait()&#10;java.lang.Thread.State: WAITING (on object monitor)&#10;        at sun.misc.Unsafe.park(Native Method)&#10;        at java.util.concurrent.locks.LockSupport.park(LockSupport.java:175)&#10;        at java.util.concurrent.locks.AbstractQueuedSynchronizer$ConditionObject.await(AbstractQueuedSynchronizer.java:2039)&#10;        at java.util.concurrent.ArrayBlockingQueue.take(ArrayBlockingQueue.java:403)&#10;        at java.util.concurrent.ThreadPoolExecutor.getTask(ThreadPoolExecutor.java:1074)&#10;        at java.util.concurrent.ThreadPoolExecutor.runWorker(ThreadPoolExecutor.java:1134)&#10;        at java.util.concurrent.ThreadPoolExecutor$Worker.run(ThreadPoolExecutor.java:624)&#10;        at java.lang.Thread.run(Thread.java:748)&#10;&quot;metrics-hadoop-metrics2-reporter-28-thread-1&quot; daemon prio=5 tid=940 timed_waiting&#10;java.lang.Thread.State: TIMED_WAITING&#10;        at sun.misc.Unsafe.park(Native Method)&#10;        at java.util.concurrent.locks.LockSupport.parkNanos(LockSupport.java:215)&#10;        at java.util.concurrent.locks.AbstractQueuedSynchronizer$ConditionObject.awaitNanos(AbstractQueuedSynchronizer.java:2078)&#10;        at java.util.concurrent.ScheduledThreadPoolExecutor$DelayedWorkQueue.take(ScheduledThreadPoolExecutor.java:1093)&#10;        at java.util.concurrent.ScheduledThreadPoolExecutor$DelayedWorkQueue.take(ScheduledThreadPoolExecutor.java:809)&#10;        at java.util.concurrent.ThreadPoolExecutor.getTask(ThreadPoolExecutor.java:1074)&#10;        at java.util.concurrent.ThreadPoolExecutor.runWorker(ThreadPoolExecutor.java:1134)&#10;        at java.util.concurrent.ThreadPoolExecutor$Worker.run(ThreadPoolExecutor.java:624)&#10;        at java.lang.Thread.run(Thread.java:748)&#10;&quot;pool-46-thread-49&quot;  prio=5 tid=509 in Object.wait()&#10;java.lang.Thread.State: WAITING (on object monitor)&#10;        at sun.misc.Unsafe.park(Native Method)&#10;        at java.util.concurrent.locks.LockSupport.park(LockSupport.java:175)&#10;        at java.util.concurrent.locks.AbstractQueuedSynchronizer$ConditionObject.await(AbstractQueuedSynchronizer.java:2039)&#10;        at java.util.concurrent.ArrayBlockingQueue.take(ArrayBlockingQueue.java:403)&#10;        at java.util.concurrent.ThreadPoolExecutor.getTask(ThreadPoolExecutor.java:1074)&#10;        at java.util.concurrent.ThreadPoolExecutor.runWorker(ThreadPoolExecutor.java:1134)&#10;        at java.util.concurrent.ThreadPoolExecutor$Worker.run(ThreadPoolExecutor.java:624)&#10;        at java.lang.Thread.run(Thread.java:748)&#10;&quot;metrics-hadoop-metrics2-reporter-1-thread-1&quot; daemon prio=5 tid=791 timed_waiting&#10;java.lang.Thread.State: TIMED_WAITING&#10;        at sun.misc.Unsafe.park(Native Method)&#10;        at java.util.concurrent.locks.LockSupport.parkNanos(LockSupport.java:215)&#10;        at java.util.concurrent.locks.AbstractQueuedSynchronizer$ConditionObject.awaitNanos(AbstractQueuedSynchronizer.java:2078)&#10;        at java.util.concurrent.ScheduledThreadPoolExecutor$DelayedWorkQueue.take(ScheduledThreadPoolExecutor.java:1093)&#10;        at java.util.concurrent.ScheduledThreadPoolExecutor$DelayedWorkQueue.take(ScheduledThreadPoolExecutor.java:809)&#10;        at java.util.concurrent.ThreadPoolExecutor.getTask(ThreadPoolExecutor.java:1074)&#10;        at java.util.concurrent.ThreadPoolExecutor.runWorker(ThreadPoolExecutor.java:1134)&#10;        at java.util.concurrent.ThreadPoolExecutor$Worker.run(ThreadPoolExecutor.java:624)&#10;        at java.lang.Thread.run(Thread.java:748)&#10;&quot;Datanode ReportManager Thread - 3&quot; daemon prio=5 tid=336 timed_waiting&#10;java.lang.Thread.State: TIMED_WAITING&#10;        at sun.misc.Unsafe.park(Native Method)&#10;        at java.util.concurrent.locks.LockSupport.parkNanos(LockSupport.java:215)&#10;        at java.util.concurrent.locks.AbstractQueuedSynchronizer$ConditionObject.awaitNanos(AbstractQueuedSynchronizer.java:2078)&#10;        at java.util.concurrent.ScheduledThreadPoolExecutor$DelayedWorkQueue.take(ScheduledThreadPoolExecutor.java:1093)&#10;        at java.util.concurrent.ScheduledThreadPoolExecutor$DelayedWorkQueue.take(ScheduledThreadPoolExecutor.java:809)&#10;        at java.util.concurrent.ThreadPoolExecutor.getTask(ThreadPoolExecutor.java:1074)&#10;        at java.util.concurrent.ThreadPoolExecutor.runWorker(ThreadPoolExecutor.java:1134)&#10;        at java.util.concurrent.ThreadPoolExecutor$Worker.run(ThreadPoolExecutor.java:624)&#10;        at java.lang.Thread.run(Thread.java:748)&#10;&quot;metrics-hadoop-metrics2-reporter-42-thread-1&quot; daemon prio=5 tid=3108 timed_waiting&#10;java.lang.Thread.State: TIMED_WAITING&#10;        at sun.misc.Unsafe.park(Native Method)&#10;        at java.util.concurrent.locks.LockSupport.parkNanos(LockSupport.java:215)&#10;        at java.util.concurrent.locks.AbstractQueuedSynchronizer$ConditionObject.awaitNanos(AbstractQueuedSynchronizer.java:2078)&#10;        at java.util.concurrent.ScheduledThreadPoolExecutor$DelayedWorkQueue.take(ScheduledThreadPoolExecutor.java:1093)&#10;        at java.util.concurrent.ScheduledThreadPoolExecutor$DelayedWorkQueue.take(ScheduledThreadPoolExecutor.java:809)&#10;        at java.util.concurrent.ThreadPoolExecutor.getTask(ThreadPoolExecutor.java:1074)&#10;        at java.util.concurrent.ThreadPoolExecutor.runWorker(ThreadPoolExecutor.java:1134)&#10;        at java.util.concurrent.ThreadPoolExecutor$Worker.run(ThreadPoolExecutor.java:624)&#10;        at java.lang.Thread.run(Thread.java:748)&#10;&quot;pool-76-thread-47&quot;  prio=5 tid=698 in Object.wait()&#10;java.lang.Thread.State: WAITING (on object monitor)&#10;        at sun.misc.Unsafe.park(Native Method)&#10;        at java.util.concurrent.locks.LockSupport.park(LockSupport.java:175)&#10;        at java.util.concurrent.locks.AbstractQueuedSynchronizer$ConditionObject.await(AbstractQueuedSynchronizer.java:2039)&#10;        at java.util.concurrent.ArrayBlockingQueue.take(ArrayBlockingQueue.java:403)&#10;        at java.util.concurrent.ThreadPoolExecutor.getTask(ThreadPoolExecutor.java:1074)&#10;        at java.util.concurrent.ThreadPoolExecutor.runWorker(ThreadPoolExecutor.java:1134)&#10;        at java.util.concurrent.ThreadPoolExecutor$Worker.run(ThreadPoolExecutor.java:624)&#10;        at java.lang.Thread.run(Thread.java:748)&#10;&quot;qtp2075074394-214-acceptor-0@595f26e6-ServerConnector@a098d76{HTTP/1.1,[http/1.1]}{0.0.0.0:42662}&quot; daemon prio=3 tid=214 runnable&#10;java.lang.Thread.State: RUNNABLE&#10;        at sun.nio.ch.ServerSocketChannelImpl.accept0(Native Method)&#10;        at sun.nio.ch.ServerSocketChannelImpl.accept(ServerSocketChannelImpl.java:422)&#10;        at sun.nio.ch.ServerSocketChannelImpl.accept(ServerSocketChannelImpl.java:250)&#10;        at org.eclipse.jetty.server.ServerConnector.accept(ServerConnector.java:397)&#10;        at org.eclipse.jetty.server.AbstractConnector$Acceptor.run(AbstractConnector.java:601)&#10;        at org.eclipse.jetty.util.thread.QueuedThreadPool.runJob(QueuedThreadPool.java:671)&#10;        at org.eclipse.jetty.util.thread.QueuedThreadPool$2.run(QueuedThreadPool.java:589)&#10;        at java.lang.Thread.run(Thread.java:748)&#10;&quot;pool-66-thread-43&quot;  prio=5 tid=632 in Object.wait()&#10;java.lang.Thread.State: WAITING (on object monitor)&#10;        at sun.misc.Unsafe.park(Native Method)&#10;        at java.util.concurrent.locks.LockSupport.park(LockSupport.java:175)&#10;        at java.util.concurrent.locks.AbstractQueuedSynchronizer$ConditionObject.await(AbstractQueuedSynchronizer.java:2039)&#10;        at java.util.concurrent.ArrayBlockingQueue.take(ArrayBlockingQueue.java:403)&#10;        at java.util.concurrent.ThreadPoolExecutor.getTask(ThreadPoolExecutor.java:1074)&#10;        at java.util.concurrent.ThreadPoolExecutor.runWorker(ThreadPoolExecutor.java:1134)&#10;        at java.util.concurrent.ThreadPoolExecutor$Worker.run(ThreadPoolExecutor.java:624)&#10;        at java.lang.Thread.run(Thread.java:748)&#10;&quot;pool-37-thread-1&quot;  prio=5 tid=798 in Object.wait()&#10;java.lang.Thread.State: WAITING (on object monitor)&#10;        at sun.misc.Unsafe.park(Native Method)&#10;        at java.util.concurrent.locks.LockSupport.park(LockSupport.java:175)&#10;        at java.util.concurrent.locks.AbstractQueuedSynchronizer$ConditionObject.await(AbstractQueuedSynchronizer.java:2039)&#10;        at java.util.concurrent.LinkedBlockingQueue.take(LinkedBlockingQueue.java:442)&#10;        at java.util.concurrent.ThreadPoolExecutor.getTask(ThreadPoolExecutor.java:1074)&#10;        at java.util.concurrent.ThreadPoolExecutor.runWorker(ThreadPoolExecutor.java:1134)&#10;        at java.util.concurrent.ThreadPoolExecutor$Worker.run(ThreadPoolExecutor.java:624)&#10;        at java.lang.Thread.run(Thread.java:748)&#10;&quot;pool-86-thread-3&quot;  prio=5 tid=716 in Object.wait()&#10;java.lang.Thread.State: WAITING (on object monitor)&#10;        at sun.misc.Unsafe.park(Native Method)&#10;        at java.util.concurrent.locks.LockSupport.park(LockSupport.java:175)&#10;        at java.util.concurrent.locks.AbstractQueuedSynchronizer$ConditionObject.await(AbstractQueuedSynchronizer.java:2039)&#10;        at java.util.concurrent.ArrayBlockingQueue.take(ArrayBlockingQueue.java:403)&#10;        at java.util.concurrent.ThreadPoolExecutor.getTask(ThreadPoolExecutor.java:1074)&#10;        at java.util.concurrent.ThreadPoolExecutor.runWorker(ThreadPoolExecutor.java:1134)&#10;        at java.util.concurrent.ThreadPoolExecutor$Worker.run(ThreadPoolExecutor.java:624)&#10;        at java.lang.Thread.run(Thread.java:748)&#10;&quot;org.eclipse.jetty.server.session.HashSessionManager@74170687Timer&quot; daemon prio=5 tid=304 timed_waiting&#10;java.lang.Thread.State: TIMED_WAITING&#10;        at sun.misc.Unsafe.park(Native Method)&#10;        at java.util.concurrent.locks.LockSupport.parkNanos(LockSupport.java:215)&#10;        at java.util.concurrent.locks.AbstractQueuedSynchronizer$ConditionObject.awaitNanos(AbstractQueuedSynchronizer.java:2078)&#10;        at java.util.concurrent.ScheduledThreadPoolExecutor$DelayedWorkQueue.take(ScheduledThreadPoolExecutor.java:1093)&#10;        at java.util.concurrent.ScheduledThreadPoolExecutor$DelayedWorkQueue.take(ScheduledThreadPoolExecutor.java:809)&#10;        at java.util.concurrent.ThreadPoolExecutor.getTask(ThreadPoolExecutor.java:1074)&#10;        at java.util.concurrent.ThreadPoolExecutor.runWorker(ThreadPoolExecutor.java:1134)&#10;        at java.util.concurrent.ThreadPoolExecutor$Worker.run(ThreadPoolExecutor.java:624)&#10;        at java.lang.Thread.run(Thread.java:748)&#10;&quot;IPC Server listener on 40610&quot; daemon prio=5 tid=109 runnable&#10;java.lang.Thread.State: RUNNABLE&#10;        at sun.nio.ch.EPollArrayWrapper.epollWait(Native Method)&#10;        at sun.nio.ch.EPollArrayWrapper.poll(EPollArrayWrapper.java:269)&#10;        at sun.nio.ch.EPollSelectorImpl.doSelect(EPollSelectorImpl.java:93)&#10;        at sun.nio.ch.SelectorImpl.lockAndDoSelect(SelectorImpl.java:86)&#10;        at sun.nio.ch.SelectorImpl.select(SelectorImpl.java:97)&#10;        at sun.nio.ch.SelectorImpl.select(SelectorImpl.java:101)&#10;        at org.apache.hadoop.ipc.Server$Listener.run(Server.java:1159)&#10;&quot;pool-56-thread-6&quot;  prio=5 tid=533 in Object.wait()&#10;java.lang.Thread.State: WAITING (on object monitor)&#10;        at sun.misc.Unsafe.park(Native Method)&#10;        at java.util.concurrent.locks.LockSupport.park(LockSupport.java:175)&#10;        at java.util.concurrent.locks.AbstractQueuedSynchronizer$ConditionObject.await(AbstractQueuedSynchronizer.java:2039)&#10;        at java.util.concurrent.ArrayBlockingQueue.take(ArrayBlockingQueue.java:403)&#10;        at java.util.concurrent.ThreadPoolExecutor.getTask(ThreadPoolExecutor.java:1074)&#10;        at java.util.concurrent.ThreadPoolExecutor.runWorker(ThreadPoolExecutor.java:1134)&#10;        at java.util.concurrent.ThreadPoolExecutor$Worker.run(ThreadPoolExecutor.java:624)&#10;        at java.lang.Thread.run(Thread.java:748)&#10;&quot;pool-86-thread-29&quot;  prio=5 tid=742 in Object.wait()&#10;java.lang.Thread.State: WAITING (on object monitor)&#10;        at sun.misc.Unsafe.park(Native Method)&#10;        at java.util.concurrent.locks.LockSupport.park(LockSupport.java:175)&#10;        at java.util.concurrent.locks.AbstractQueuedSynchronizer$ConditionObject.await(AbstractQueuedSynchronizer.java:2039)&#10;        at java.util.concurrent.ArrayBlockingQueue.take(ArrayBlockingQueue.java:403)&#10;        at java.util.concurrent.ThreadPoolExecutor.getTask(ThreadPoolExecutor.java:1074)&#10;        at java.util.concurrent.ThreadPoolExecutor.runWorker(ThreadPoolExecutor.java:1134)&#10;        at java.util.concurrent.ThreadPoolExecutor$Worker.run(ThreadPoolExecutor.java:624)&#10;        at java.lang.Thread.run(Thread.java:748)&#10;&quot;pool-26-thread-55&quot;  prio=5 tid=395 in Object.wait()&#10;java.lang.Thread.State: WAITING (on object monitor)&#10;        at sun.misc.Unsafe.park(Native Method)&#10;        at java.util.concurrent.locks.LockSupport.park(LockSupport.java:175)&#10;        at java.util.concurrent.locks.AbstractQueuedSynchronizer$ConditionObject.await(AbstractQueuedSynchronizer.java:2039)&#10;        at java.util.concurrent.ArrayBlockingQueue.take(ArrayBlockingQueue.java:403)&#10;        at java.util.concurrent.ThreadPoolExecutor.getTask(ThreadPoolExecutor.java:1074)&#10;        at java.util.concurrent.ThreadPoolExecutor.runWorker(ThreadPoolExecutor.java:1134)&#10;        at java.util.concurrent.ThreadPoolExecutor$Worker.run(ThreadPoolExecutor.java:624)&#10;        at java.lang.Thread.run(Thread.java:748)&#10;&quot;pool-46-thread-9&quot;  prio=5 tid=469 in Object.wait()&#10;java.lang.Thread.State: WAITING (on object monitor)&#10;        at sun.misc.Unsafe.park(Native Method)&#10;        at java.util.concurrent.locks.LockSupport.park(LockSupport.java:175)&#10;        at java.util.concurrent.locks.AbstractQueuedSynchronizer$ConditionObject.await(AbstractQueuedSynchronizer.java:2039)&#10;        at java.util.concurrent.ArrayBlockingQueue.take(ArrayBlockingQueue.java:403)&#10;        at java.util.concurrent.ThreadPoolExecutor.getTask(ThreadPoolExecutor.java:1074)&#10;        at java.util.concurrent.ThreadPoolExecutor.runWorker(ThreadPoolExecutor.java:1134)&#10;        at java.util.concurrent.ThreadPoolExecutor$Worker.run(ThreadPoolExecutor.java:624)&#10;        at java.lang.Thread.run(Thread.java:748)&#10;&quot;BlockDeletingService#2&quot; daemon prio=5 tid=1163 timed_waiting&#10;java.lang.Thread.State: TIMED_WAITING&#10;        at sun.misc.Unsafe.park(Native Method)&#10;        at java.util.concurrent.locks.LockSupport.parkNanos(LockSupport.java:215)&#10;        at java.util.concurrent.locks.AbstractQueuedSynchronizer$ConditionObject.awaitNanos(AbstractQueuedSynchronizer.java:2078)&#10;        at java.util.concurrent.ScheduledThreadPoolExecutor$DelayedWorkQueue.take(ScheduledThreadPoolExecutor.java:1093)&#10;        at java.util.concurrent.ScheduledThreadPoolExecutor$DelayedWorkQueue.take(ScheduledThreadPoolExecutor.java:809)&#10;        at java.util.concurrent.ThreadPoolExecutor.getTask(ThreadPoolExecutor.java:1074)&#10;        at java.util.concurrent.ThreadPoolExecutor.runWorker(ThreadPoolExecutor.java:1134)&#10;        at java.util.concurrent.ThreadPoolExecutor$Worker.run(ThreadPoolExecutor.java:624)&#10;        at java.lang.Thread.run(Thread.java:748)&#10;&quot;metrics-hadoop-metrics2-reporter-46-thread-1&quot; daemon prio=5 tid=3824 timed_waiting&#10;java.lang.Thread.State: TIMED_WAITING&#10;        at sun.misc.Unsafe.park(Native Method)&#10;        at java.util.concurrent.locks.LockSupport.parkNanos(LockSupport.java:215)&#10;        at java.util.concurrent.locks.AbstractQueuedSynchronizer$ConditionObject.awaitNanos(AbstractQueuedSynchronizer.java:2078)&#10;        at java.util.concurrent.ScheduledThreadPoolExecutor$DelayedWorkQueue.take(ScheduledThreadPoolExecutor.java:1093)&#10;        at java.util.concurrent.ScheduledThreadPoolExecutor$DelayedWorkQueue.take(ScheduledThreadPoolExecutor.java:809)&#10;        at java.util.concurrent.ThreadPoolExecutor.getTask(ThreadPoolExecutor.java:1074)&#10;        at java.util.concurrent.ThreadPoolExecutor.runWorker(ThreadPoolExecutor.java:1134)&#10;        at java.util.concurrent.ThreadPoolExecutor$Worker.run(ThreadPoolExecutor.java:624)&#10;        at java.lang.Thread.run(Thread.java:748)&#10;&quot;pool-26-thread-7&quot;  prio=5 tid=347 in Object.wait()&#10;java.lang.Thread.State: WAITING (on object monitor)&#10;        at sun.misc.Unsafe.park(Native Method)&#10;        at java.util.concurrent.locks.LockSupport.park(LockSupport.java:175)&#10;        at java.util.concurrent.locks.AbstractQueuedSynchronizer$ConditionObject.await(AbstractQueuedSynchronizer.java:2039)&#10;        at java.util.concurrent.ArrayBlockingQueue.take(ArrayBlockingQueue.java:403)&#10;        at java.util.concurrent.ThreadPoolExecutor.getTask(ThreadPoolExecutor.java:1074)&#10;        at java.util.concurrent.ThreadPoolExecutor.runWorker(ThreadPoolExecutor.java:1134)&#10;        at java.util.concurrent.ThreadPoolExecutor$Worker.run(ThreadPoolExecutor.java:624)&#10;        at java.lang.Thread.run(Thread.java:748)&#10;&quot;IPC Server handler 3 on 40610&quot; daemon prio=5 tid=118 timed_waiting&#10;java.lang.Thread.State: TIMED_WAITING&#10;        at sun.misc.Unsafe.park(Native Method)&#10;        at java.util.concurrent.locks.LockSupport.parkNanos(LockSupport.java:215)&#10;        at java.util.concurrent.locks.AbstractQueuedSynchronizer$ConditionObject.awaitNanos(AbstractQueuedSynchronizer.java:2078)&#10;        at java.util.concurrent.LinkedBlockingQueue.poll(LinkedBlockingQueue.java:467)&#10;        at org.apache.hadoop.ipc.CallQueueManager.take(CallQueueManager.java:288)&#10;        at org.apache.hadoop.ipc.Server$Handler.run(Server.java:2668)&#10;&quot;BlockDeletingService#3&quot; daemon prio=5 tid=1311 in Object.wait()&#10;java.lang.Thread.State: WAITING (on object monitor)&#10;        at sun.misc.Unsafe.park(Native Method)&#10;        at java.util.concurrent.locks.LockSupport.park(LockSupport.java:175)&#10;        at java.util.concurrent.locks.AbstractQueuedSynchronizer$ConditionObject.await(AbstractQueuedSynchronizer.java:2039)&#10;        at java.util.concurrent.ScheduledThreadPoolExecutor$DelayedWorkQueue.take(ScheduledThreadPoolExecutor.java:1088)&#10;        at java.util.concurrent.ScheduledThreadPoolExecutor$DelayedWorkQueue.take(ScheduledThreadPoolExecutor.java:809)&#10;        at java.util.concurrent.ThreadPoolExecutor.getTask(ThreadPoolExecutor.java:1074)&#10;        at java.util.concurrent.ThreadPoolExecutor.runWorker(ThreadPoolExecutor.java:1134)&#10;        at java.util.concurrent.ThreadPoolExecutor$Worker.run(ThreadPoolExecutor.java:624)&#10;        at java.lang.Thread.run(Thread.java:748)&#10;&quot;java.util.concurrent.ThreadPoolExecutor$Worker@5f980cad[State = -1, empty queue]&quot; daemon prio=5 tid=3827 timed_waiting&#10;java.lang.Thread.State: TIMED_WAITING&#10;        at sun.misc.Unsafe.park(Native Method)&#10;        at java.util.concurrent.locks.LockSupport.parkNanos(LockSupport.java:215)&#10;        at java.util.concurrent.locks.AbstractQueuedSynchronizer$ConditionObject.awaitNanos(AbstractQueuedSynchronizer.java:2078)&#10;        at java.util.concurrent.ScheduledThreadPoolExecutor$DelayedWorkQueue.take(ScheduledThreadPoolExecutor.java:1093)&#10;        at java.util.concurrent.ScheduledThreadPoolExecutor$DelayedWorkQueue.take(ScheduledThreadPoolExecutor.java:809)&#10;        at java.util.concurrent.ThreadPoolExecutor.getTask(ThreadPoolExecutor.java:1074)&#10;        at java.util.concurrent.ThreadPoolExecutor.runWorker(ThreadPoolExecutor.java:1134)&#10;        at java.util.concurrent.ThreadPoolExecutor$Worker.run(ThreadPoolExecutor.java:624)&#10;        at java.lang.Thread.run(Thread.java:748)&#10;&quot;Periodic HDDS volume checker&quot;  prio=5 tid=178 timed_waiting&#10;java.lang.Thread.State: TIMED_WAITING&#10;        at sun.misc.Unsafe.park(Native Method)&#10;        at java.util.concurrent.locks.LockSupport.parkNanos(LockSupport.java:215)&#10;        at java.util.concurrent.locks.AbstractQueuedSynchronizer$ConditionObject.awaitNanos(AbstractQueuedSynchronizer.java:2078)&#10;        at java.util.concurrent.ScheduledThreadPoolExecutor$DelayedWorkQueue.take(ScheduledThreadPoolExecutor.java:1093)&#10;        at java.util.concurrent.ScheduledThreadPoolExecutor$DelayedWorkQueue.take(ScheduledThreadPoolExecutor.java:809)&#10;        at java.util.concurrent.ThreadPoolExecutor.getTask(ThreadPoolExecutor.java:1074)&#10;        at java.util.concurrent.ThreadPoolExecutor.runWorker(ThreadPoolExecutor.java:1134)&#10;        at java.util.concurrent.ThreadPoolExecutor$Worker.run(ThreadPoolExecutor.java:624)&#10;        at java.lang.Thread.run(Thread.java:748)&#10;&quot;pool-46-thread-24&quot;  prio=5 tid=484 in Object.wait()&#10;java.lang.Thread.State: WAITING (on object monitor)&#10;        at sun.misc.Unsafe.park(Native Method)&#10;        at java.util.concurrent.locks.LockSupport.park(LockSupport.java:175)&#10;        at java.util.concurrent.locks.AbstractQueuedSynchronizer$ConditionObject.await(AbstractQueuedSynchronizer.java:2039)&#10;        at java.util.concurrent.ArrayBlockingQueue.take(ArrayBlockingQueue.java:403)&#10;        at java.util.concurrent.ThreadPoolExecutor.getTask(ThreadPoolExecutor.java:1074)&#10;        at java.util.concurrent.ThreadPoolExecutor.runWorker(ThreadPoolExecutor.java:1134)&#10;        at java.util.concurrent.ThreadPoolExecutor$Worker.run(ThreadPoolExecutor.java:624)&#10;        at java.lang.Thread.run(Thread.java:748)&#10;&quot;PartialTableCache Cleanup Thread - 0&quot; daemon prio=5 tid=842 in Object.wait()&#10;java.lang.Thread.State: WAITING (on object monitor)&#10;        at sun.misc.Unsafe.park(Native Method)&#10;        at java.util.concurrent.locks.LockSupport.park(LockSupport.java:175)&#10;        at java.util.concurrent.locks.AbstractQueuedSynchronizer$ConditionObject.await(AbstractQueuedSynchronizer.java:2039)&#10;        at java.util.concurrent.LinkedBlockingQueue.take(LinkedBlockingQueue.java:442)&#10;        at java.util.concurrent.ThreadPoolExecutor.getTask(ThreadPoolExecutor.java:1074)&#10;        at java.util.concurrent.ThreadPoolExecutor.runWorker(ThreadPoolExecutor.java:1134)&#10;        at java.util.concurrent.ThreadPoolExecutor$Worker.run(ThreadPoolExecutor.java:624)&#10;        at java.lang.Thread.run(Thread.java:748)&#10;&quot;pool-76-thread-33&quot;  prio=5 tid=684 in Object.wait()&#10;java.lang.Thread.State: WAITING (on object monitor)&#10;        at sun.misc.Unsafe.park(Native Method)&#10;        at java.util.concurrent.locks.LockSupport.park(LockSupport.java:175)&#10;        at java.util.concurrent.locks.AbstractQueuedSynchronizer$ConditionObject.await(AbstractQueuedSynchronizer.java:2039)&#10;        at java.util.concurrent.ArrayBlockingQueue.take(ArrayBlockingQueue.java:403)&#10;        at java.util.concurrent.ThreadPoolExecutor.getTask(ThreadPoolExecutor.java:1074)&#10;        at java.util.concurrent.ThreadPoolExecutor.runWorker(ThreadPoolExecutor.java:1134)&#10;        at java.util.concurrent.ThreadPoolExecutor$Worker.run(ThreadPoolExecutor.java:624)&#10;        at java.lang.Thread.run(Thread.java:748)&#10;&quot;org.eclipse.jetty.server.session.HashSessionManager@43045f9fTimer&quot; daemon prio=5 tid=167 timed_waiting&#10;java.lang.Thread.State: TIMED_WAITING&#10;        at sun.misc.Unsafe.park(Native Method)&#10;        at java.util.concurrent.locks.LockSupport.parkNanos(LockSupport.java:215)&#10;        at java.util.concurrent.locks.AbstractQueuedSynchronizer$ConditionObject.awaitNanos(AbstractQueuedSynchronizer.java:2078)&#10;        at java.util.concurrent.ScheduledThreadPoolExecutor$DelayedWorkQueue.take(ScheduledThreadPoolExecutor.java:1093)&#10;        at java.util.concurrent.ScheduledThreadPoolExecutor$DelayedWorkQueue.take(ScheduledThreadPoolExecutor.java:809)&#10;        at java.util.concurrent.ThreadPoolExecutor.getTask(ThreadPoolExecutor.java:1074)&#10;        at java.util.concurrent.ThreadPoolExecutor.runWorker(ThreadPoolExecutor.java:1134)&#10;        at java.util.concurrent.ThreadPoolExecutor$Worker.run(ThreadPoolExecutor.java:624)&#10;        at java.lang.Thread.run(Thread.java:748)&#10;&quot;pool-76-thread-27&quot;  prio=5 tid=678 in Object.wait()&#10;java.lang.Thread.State: WAITING (on object monitor)&#10;        at sun.misc.Unsafe.park(Native Method)&#10;        at java.util.concurrent.locks.LockSupport.park(LockSupport.java:175)&#10;        at java.util.concurrent.locks.AbstractQueuedSynchronizer$ConditionObject.await(AbstractQueuedSynchronizer.java:2039)&#10;        at java.util.concurrent.ArrayBlockingQueue.take(ArrayBlockingQueue.java:403)&#10;        at java.util.concurrent.ThreadPoolExecutor.getTask(ThreadPoolExecutor.java:1074)&#10;        at java.util.concurrent.ThreadPoolExecutor.runWorker(ThreadPoolExecutor.java:1134)&#10;        at java.util.concurrent.ThreadPoolExecutor$Worker.run(ThreadPoolExecutor.java:624)&#10;        at java.lang.Thread.run(Thread.java:748)&#10;&quot;pool-86-thread-37&quot;  prio=5 tid=750 in Object.wait()&#10;java.lang.Thread.State: WAITING (on object monitor)&#10;        at sun.misc.Unsafe.park(Native Method)&#10;        at java.util.concurrent.locks.LockSupport.park(LockSupport.java:175)&#10;        at java.util.concurrent.locks.AbstractQueuedSynchronizer$ConditionObject.await(AbstractQueuedSynchronizer.java:2039)&#10;        at java.util.concurrent.ArrayBlockingQueue.take(ArrayBlockingQueue.java:403)&#10;        at java.util.concurrent.ThreadPoolExecutor.getTask(ThreadPoolExecutor.java:1074)&#10;        at java.util.concurrent.ThreadPoolExecutor.runWorker(ThreadPoolExecutor.java:1134)&#10;        at java.util.concurrent.ThreadPoolExecutor$Worker.run(ThreadPoolExecutor.java:624)&#10;        at java.lang.Thread.run(Thread.java:748)&#10;&quot;org.eclipse.jetty.server.session.HashSessionManager@31ddb930Timer&quot; daemon prio=5 tid=302 timed_waiting&#10;java.lang.Thread.State: TIMED_WAITING&#10;        at sun.misc.Unsafe.park(Native Method)&#10;        at java.util.concurrent.locks.LockSupport.parkNanos(LockSupport.java:215)&#10;        at java.util.concurrent.locks.AbstractQueuedSynchronizer$ConditionObject.awaitNanos(AbstractQueuedSynchronizer.java:2078)&#10;        at java.util.concurrent.ScheduledThreadPoolExecutor$DelayedWorkQueue.take(ScheduledThreadPoolExecutor.java:1093)&#10;        at java.util.concurrent.ScheduledThreadPoolExecutor$DelayedWorkQueue.take(ScheduledThreadPoolExecutor.java:809)&#10;        at java.util.concurrent.ThreadPoolExecutor.getTask(ThreadPoolExecutor.java:1074)&#10;        at java.util.concurrent.ThreadPoolExecutor.runWorker(ThreadPoolExecutor.java:1134)&#10;        at java.util.concurrent.ThreadPoolExecutor$Worker.run(ThreadPoolExecutor.java:624)&#10;        at java.lang.Thread.run(Thread.java:748)&#10;&quot;qtp2075074394-220&quot; daemon prio=5 tid=220 timed_waiting&#10;java.lang.Thread.State: TIMED_WAITING&#10;        at sun.misc.Unsafe.park(Native Method)&#10;        at java.util.concurrent.locks.LockSupport.parkNanos(LockSupport.java:215)&#10;        at java.util.concurrent.locks.AbstractQueuedSynchronizer$ConditionObject.awaitNanos(AbstractQueuedSynchronizer.java:2078)&#10;        at org.eclipse.jetty.util.BlockingArrayQueue.poll(BlockingArrayQueue.java:392)&#10;        at org.eclipse.jetty.util.thread.QueuedThreadPool.idleJobPoll(QueuedThreadPool.java:563)&#10;        at org.eclipse.jetty.util.thread.QueuedThreadPool.access$800(QueuedThreadPool.java:48)&#10;        at org.eclipse.jetty.util.thread.QueuedThreadPool$2.run(QueuedThreadPool.java:626)&#10;        at java.lang.Thread.run(Thread.java:748)&#10;&quot;IPC Server handler 7 on 38980&quot; daemon prio=5 tid=76 timed_waiting&#10;java.lang.Thread.State: TIMED_WAITING&#10;        at sun.misc.Unsafe.park(Native Method)&#10;        at java.util.concurrent.locks.LockSupport.parkNanos(LockSupport.java:215)&#10;        at java.util.concurrent.locks.AbstractQueuedSynchronizer$ConditionObject.awaitNanos(AbstractQueuedSynchronizer.java:2078)&#10;        at java.util.concurrent.LinkedBlockingQueue.poll(LinkedBlockingQueue.java:467)&#10;        at org.apache.hadoop.ipc.CallQueueManager.take(CallQueueManager.java:288)&#10;        at org.apache.hadoop.ipc.Server$Handler.run(Server.java:2668)&#10;&quot;pool-56-thread-21&quot;  prio=5 tid=548 in Object.wait()&#10;java.lang.Thread.State: WAITING (on object monitor)&#10;        at sun.misc.Unsafe.park(Native Method)&#10;        at java.util.concurrent.locks.LockSupport.park(LockSupport.java:175)&#10;        at java.util.concurrent.locks.AbstractQueuedSynchronizer$ConditionObject.await(AbstractQueuedSynchronizer.java:2039)&#10;        at java.util.concurrent.ArrayBlockingQueue.take(ArrayBlockingQueue.java:403)&#10;        at java.util.concurrent.ThreadPoolExecutor.getTask(ThreadPoolExecutor.java:1074)&#10;        at java.util.concurrent.ThreadPoolExecutor.runWorker(ThreadPoolExecutor.java:1134)&#10;        at java.util.concurrent.ThreadPoolExecutor$Worker.run(ThreadPoolExecutor.java:624)&#10;        at java.lang.Thread.run(Thread.java:748)&#10;&quot;BlockDeletingService#2&quot; daemon prio=5 tid=1167 timed_waiting&#10;java.lang.Thread.State: TIMED_WAITING&#10;        at sun.misc.Unsafe.park(Native Method)&#10;        at java.util.concurrent.locks.LockSupport.parkNanos(LockSupport.java:215)&#10;        at java.util.concurrent.locks.AbstractQueuedSynchronizer$ConditionObject.awaitNanos(AbstractQueuedSynchronizer.java:2078)&#10;        at java.util.concurrent.ScheduledThreadPoolExecutor$DelayedWorkQueue.take(ScheduledThreadPoolExecutor.java:1093)&#10;        at java.util.concurrent.ScheduledThreadPoolExecutor$DelayedWorkQueue.take(ScheduledThreadPoolExecutor.java:809)&#10;        at java.util.concurrent.ThreadPoolExecutor.getTask(ThreadPoolExecutor.java:1074)&#10;        at java.util.concurrent.ThreadPoolExecutor.runWorker(ThreadPoolExecutor.java:1134)&#10;        at java.util.concurrent.ThreadPoolExecutor$Worker.run(ThreadPoolExecutor.java:624)&#10;        at java.lang.Thread.run(Thread.java:748)&#10;&quot;pool-56-thread-4&quot;  prio=5 tid=531 in Object.wait()&#10;java.lang.Thread.State: WAITING (on object monitor)&#10;        at sun.misc.Unsafe.park(Native Method)&#10;        at java.util.concurrent.locks.LockSupport.park(LockSupport.java:175)&#10;        at java.util.concurrent.locks.AbstractQueuedSynchronizer$ConditionObject.await(AbstractQueuedSynchronizer.java:2039)&#10;        at java.util.concurrent.ArrayBlockingQueue.take(ArrayBlockingQueue.java:403)&#10;        at java.util.concurrent.ThreadPoolExecutor.getTask(ThreadPoolExecutor.java:1074)&#10;        at java.util.concurrent.ThreadPoolExecutor.runWorker(ThreadPoolExecutor.java:1134)&#10;        at java.util.concurrent.ThreadPoolExecutor$Worker.run(ThreadPoolExecutor.java:624)&#10;        at java.lang.Thread.run(Thread.java:748)&#10;&quot;pool-46-thread-39&quot;  prio=5 tid=499 in Object.wait()&#10;java.lang.Thread.State: WAITING (on object monitor)&#10;        at sun.misc.Unsafe.park(Native Method)&#10;        at java.util.concurrent.locks.LockSupport.park(LockSupport.java:175)&#10;        at java.util.concurrent.locks.AbstractQueuedSynchronizer$ConditionObject.await(AbstractQueuedSynchronizer.java:2039)&#10;        at java.util.concurrent.ArrayBlockingQueue.take(ArrayBlockingQueue.java:403)&#10;        at java.util.concurrent.ThreadPoolExecutor.getTask(ThreadPoolExecutor.java:1074)&#10;        at java.util.concurrent.ThreadPoolExecutor.runWorker(ThreadPoolExecutor.java:1134)&#10;        at java.util.concurrent.ThreadPoolExecutor$Worker.run(ThreadPoolExecutor.java:624)&#10;        at java.lang.Thread.run(Thread.java:748)&#10;&quot;IPC Server handler 1 on 38980&quot; daemon prio=5 tid=70 timed_waiting&#10;java.lang.Thread.State: TIMED_WAITING&#10;        at sun.misc.Unsafe.park(Native Method)&#10;        at java.util.concurrent.locks.LockSupport.parkNanos(LockSupport.java:215)&#10;        at java.util.concurrent.locks.AbstractQueuedSynchronizer$ConditionObject.awaitNanos(AbstractQueuedSynchronizer.java:2078)&#10;        at java.util.concurrent.LinkedBlockingQueue.poll(LinkedBlockingQueue.java:467)&#10;        at org.apache.hadoop.ipc.CallQueueManager.take(CallQueueManager.java:288)&#10;        at org.apache.hadoop.ipc.Server$Handler.run(Server.java:2668)&#10;&quot;Datanode ReportManager Thread - 0&quot; daemon prio=5 tid=279 in Object.wait()&#10;java.lang.Thread.State: WAITING (on object monitor)&#10;        at sun.misc.Unsafe.park(Native Method)&#10;        at java.util.concurrent.locks.LockSupport.park(LockSupport.java:175)&#10;        at java.util.concurrent.locks.AbstractQueuedSynchronizer$ConditionObject.await(AbstractQueuedSynchronizer.java:2039)&#10;        at java.util.concurrent.ScheduledThreadPoolExecutor$DelayedWorkQueue.take(ScheduledThreadPoolExecutor.java:1088)&#10;        at java.util.concurrent.ScheduledThreadPoolExecutor$DelayedWorkQueue.take(ScheduledThreadPoolExecutor.java:809)&#10;        at java.util.concurrent.ThreadPoolExecutor.getTask(ThreadPoolExecutor.java:1074)&#10;        at java.util.concurrent.ThreadPoolExecutor.runWorker(ThreadPoolExecutor.java:1134)&#10;        at java.util.concurrent.ThreadPoolExecutor$Worker.run(ThreadPoolExecutor.java:624)&#10;        at java.lang.Thread.run(Thread.java:748)&#10;&quot;pool-76-thread-23&quot;  prio=5 tid=674 in Object.wait()&#10;java.lang.Thread.State: WAITING (on object monitor)&#10;        at sun.misc.Unsafe.park(Native Method)&#10;        at java.util.concurrent.locks.LockSupport.park(LockSupport.java:175)&#10;        at java.util.concurrent.locks.AbstractQueuedSynchronizer$ConditionObject.await(AbstractQueuedSynchronizer.java:2039)&#10;        at java.util.concurrent.ArrayBlockingQueue.take(ArrayBlockingQueue.java:403)&#10;        at java.util.concurrent.ThreadPoolExecutor.getTask(ThreadPoolExecutor.java:1074)&#10;        at java.util.concurrent.ThreadPoolExecutor.runWorker(ThreadPoolExecutor.java:1134)&#10;        at java.util.concurrent.ThreadPoolExecutor$Worker.run(ThreadPoolExecutor.java:624)&#10;        at java.lang.Thread.run(Thread.java:748)&#10;&quot;Datanode State Machine Thread - 0&quot; daemon prio=5 tid=305 timed_waiting&#10;java.lang.Thread.State: TIMED_WAITING&#10;        at java.lang.Thread.sleep(Native Method)&#10;        at org.apache.hadoop.ozone.container.common.statemachine.DatanodeStateMachine.start(DatanodeStateMachine.java:191)&#10;        at org.apache.hadoop.ozone.container.common.statemachine.DatanodeStateMachine.lambda$startDaemon$0(DatanodeStateMachine.java:349)&#10;        at org.apache.hadoop.ozone.container.common.statemachine.DatanodeStateMachine$$Lambda$136/1673604690.run(Unknown Source)&#10;        at java.lang.Thread.run(Thread.java:748)&#10;&quot;org.eclipse.jetty.server.session.HashSessionManager@7100deaTimer&quot; daemon prio=5 tid=221 timed_waiting&#10;java.lang.Thread.State: TIMED_WAITING&#10;        at sun.misc.Unsafe.park(Native Method)&#10;        at java.util.concurrent.locks.LockSupport.parkNanos(LockSupport.java:215)&#10;        at java.util.concurrent.locks.AbstractQueuedSynchronizer$ConditionObject.awaitNanos(AbstractQueuedSynchronizer.java:2078)&#10;        at java.util.concurrent.ScheduledThreadPoolExecutor$DelayedWorkQueue.take(ScheduledThreadPoolExecutor.java:1093)&#10;        at java.util.concurrent.ScheduledThreadPoolExecutor$DelayedWorkQueue.take(ScheduledThreadPoolExecutor.java:809)&#10;        at java.util.concurrent.ThreadPoolExecutor.getTask(ThreadPoolExecutor.java:1074)&#10;        at java.util.concurrent.ThreadPoolExecutor.runWorker(ThreadPoolExecutor.java:1134)&#10;        at java.util.concurrent.ThreadPoolExecutor$Worker.run(ThreadPoolExecutor.java:624)&#10;        at java.lang.Thread.run(Thread.java:748)&#10;&quot;pool-56-thread-3&quot;  prio=5 tid=530 in Object.wait()&#10;java.lang.Thread.State: WAITING (on object monitor)&#10;        at sun.misc.Unsafe.park(Native Method)&#10;        at java.util.concurrent.locks.LockSupport.park(LockSupport.java:175)&#10;        at java.util.concurrent.locks.AbstractQueuedSynchronizer$ConditionObject.await(AbstractQueuedSynchronizer.java:2039)&#10;        at java.util.concurrent.ArrayBlockingQueue.take(ArrayBlockingQueue.java:403)&#10;        at java.util.concurrent.ThreadPoolExecutor.getTask(ThreadPoolExecutor.java:1074)&#10;        at java.util.concurrent.ThreadPoolExecutor.runWorker(ThreadPoolExecutor.java:1134)&#10;        at java.util.concurrent.ThreadPoolExecutor$Worker.run(ThreadPoolExecutor.java:624)&#10;        at java.lang.Thread.run(Thread.java:748)&#10;&quot;pool-46-thread-47&quot;  prio=5 tid=507 in Object.wait()&#10;java.lang.Thread.State: WAITING (on object monitor)&#10;        at sun.misc.Unsafe.park(Native Method)&#10;        at java.util.concurrent.locks.LockSupport.park(LockSupport.java:175)&#10;        at java.util.concurrent.locks.AbstractQueuedSynchronizer$ConditionObject.await(AbstractQueuedSynchronizer.java:2039)&#10;        at java.util.concurrent.ArrayBlockingQueue.take(ArrayBlockingQueue.java:403)&#10;        at java.util.concurrent.ThreadPoolExecutor.getTask(ThreadPoolExecutor.java:1074)&#10;        at java.util.concurrent.ThreadPoolExecutor.runWorker(ThreadPoolExecutor.java:1134)&#10;        at java.util.concurrent.ThreadPoolExecutor$Worker.run(ThreadPoolExecutor.java:624)&#10;        at java.lang.Thread.run(Thread.java:748)&#10;&quot;metrics-hadoop-metrics2-reporter-38-thread-1&quot; daemon prio=5 tid=2250 timed_waiting&#10;java.lang.Thread.State: TIMED_WAITING&#10;        at sun.misc.Unsafe.park(Native Method)&#10;        at java.util.concurrent.locks.LockSupport.parkNanos(LockSupport.java:215)&#10;        at java.util.concurrent.locks.AbstractQueuedSynchronizer$ConditionObject.awaitNanos(AbstractQueuedSynchronizer.java:2078)&#10;        at java.util.concurrent.ScheduledThreadPoolExecutor$DelayedWorkQueue.take(ScheduledThreadPoolExecutor.java:1093)&#10;        at java.util.concurrent.ScheduledThreadPoolExecutor$DelayedWorkQueue.take(ScheduledThreadPoolExecutor.java:809)&#10;        at java.util.concurrent.ThreadPoolExecutor.getTask(ThreadPoolExecutor.java:1074)&#10;        at java.util.concurrent.ThreadPoolExecutor.runWorker(ThreadPoolExecutor.java:1134)&#10;        at java.util.concurrent.ThreadPoolExecutor$Worker.run(ThreadPoolExecutor.java:624)&#10;        at java.lang.Thread.run(Thread.java:748)&#10;&quot;jaeger.RemoteReporter-FlushTimer&quot; daemon prio=5 tid=148 timed_waiting&#10;java.lang.Thread.State: TIMED_WAITING&#10;        at java.lang.Object.wait(Native Method)&#10;        at java.util.TimerThread.mainLoop(Timer.java:552)&#10;        at java.util.TimerThread.run(Timer.java:505)&#10;&quot;Datanode ReportManager Thread - 0&quot; daemon prio=5 tid=198 in Object.wait()&#10;java.lang.Thread.State: WAITING (on object monitor)&#10;        at sun.misc.Unsafe.park(Native Method)&#10;        at java.util.concurrent.locks.LockSupport.park(LockSupport.java:175)&#10;        at java.util.concurrent.locks.AbstractQueuedSynchronizer$ConditionObject.await(AbstractQueuedSynchronizer.java:2039)&#10;        at java.util.concurrent.ScheduledThreadPoolExecutor$DelayedWorkQueue.take(ScheduledThreadPoolExecutor.java:1088)&#10;        at java.util.concurrent.ScheduledThreadPoolExecutor$DelayedWorkQueue.take(ScheduledThreadPoolExecutor.java:809)&#10;        at java.util.concurrent.ThreadPoolExecutor.getTask(ThreadPoolExecutor.java:1074)&#10;        at java.util.concurrent.ThreadPoolExecutor.runWorker(ThreadPoolExecutor.java:1134)&#10;        at java.util.concurrent.ThreadPoolExecutor$Worker.run(ThreadPoolExecutor.java:624)&#10;        at java.lang.Thread.run(Thread.java:748)&#10;&quot;pool-26-thread-16&quot;  prio=5 tid=356 in Object.wait()&#10;java.lang.Thread.State: WAITING (on object monitor)&#10;        at sun.misc.Unsafe.park(Native Method)&#10;        at java.util.concurrent.locks.LockSupport.park(LockSupport.java:175)&#10;        at java.util.concurrent.locks.AbstractQueuedSynchronizer$ConditionObject.await(AbstractQueuedSynchronizer.java:2039)&#10;        at java.util.concurrent.ArrayBlockingQueue.take(ArrayBlockingQueue.java:403)&#10;        at java.util.concurrent.ThreadPoolExecutor.getTask(ThreadPoolExecutor.java:1074)&#10;        at java.util.concurrent.ThreadPoolExecutor.runWorker(ThreadPoolExecutor.java:1134)&#10;        at java.util.concurrent.ThreadPoolExecutor$Worker.run(ThreadPoolExecutor.java:624)&#10;        at java.lang.Thread.run(Thread.java:748)&#10;&quot;pool-26-thread-2&quot;  prio=5 tid=342 in Object.wait()&#10;java.lang.Thread.State: WAITING (on object monitor)&#10;        at sun.misc.Unsafe.park(Native Method)&#10;        at java.util.concurrent.locks.LockSupport.park(LockSupport.java:175)&#10;        at java.util.concurrent.locks.AbstractQueuedSynchronizer$ConditionObject.await(AbstractQueuedSynchronizer.java:2039)&#10;        at java.util.concurrent.ArrayBlockingQueue.take(ArrayBlockingQueue.java:403)&#10;        at java.util.concurrent.ThreadPoolExecutor.getTask(ThreadPoolExecutor.java:1074)&#10;        at java.util.concurrent.ThreadPoolExecutor.runWorker(ThreadPoolExecutor.java:1134)&#10;        at java.util.concurrent.ThreadPoolExecutor$Worker.run(ThreadPoolExecutor.java:624)&#10;        at java.lang.Thread.run(Thread.java:748)&#10;&quot;BlockDeletingService#6&quot; daemon prio=5 tid=2046 in Object.wait()&#10;java.lang.Thread.State: WAITING (on object monitor)&#10;        at sun.misc.Unsafe.park(Native Method)&#10;        at java.util.concurrent.locks.LockSupport.park(LockSupport.java:175)&#10;        at java.util.concurrent.locks.AbstractQueuedSynchronizer$ConditionObject.await(AbstractQueuedSynchronizer.java:2039)&#10;        at java.util.concurrent.ScheduledThreadPoolExecutor$DelayedWorkQueue.take(ScheduledThreadPoolExecutor.java:1088)&#10;        at java.util.concurrent.ScheduledThreadPoolExecutor$DelayedWorkQueue.take(ScheduledThreadPoolExecutor.java:809)&#10;        at java.util.concurrent.ThreadPoolExecutor.getTask(ThreadPoolExecutor.java:1074)&#10;        at java.util.concurrent.ThreadPoolExecutor.runWorker(ThreadPoolExecutor.java:1134)&#10;        at java.util.concurrent.ThreadPoolExecutor$Worker.run(ThreadPoolExecutor.java:624)&#10;        at java.lang.Thread.run(Thread.java:748)&#10;&quot;pool-56-thread-44&quot;  prio=5 tid=571 in Object.wait()&#10;java.lang.Thread.State: WAITING (on object monitor)&#10;        at sun.misc.Unsafe.park(Native Method)&#10;        at java.util.concurrent.locks.LockSupport.park(LockSupport.java:175)&#10;        at java.util.concurrent.locks.AbstractQueuedSynchronizer$ConditionObject.await(AbstractQueuedSynchronizer.java:2039)&#10;        at java.util.concurrent.ArrayBlockingQueue.take(ArrayBlockingQueue.java:403)&#10;        at java.util.concurrent.ThreadPoolExecutor.getTask(ThreadPoolExecutor.java:1074)&#10;        at java.util.concurrent.ThreadPoolExecutor.runWorker(ThreadPoolExecutor.java:1134)&#10;        at java.util.concurrent.ThreadPoolExecutor$Worker.run(ThreadPoolExecutor.java:624)&#10;        at java.lang.Thread.run(Thread.java:748)&#10;&quot;qtp292890110-192&quot; daemon prio=5 tid=192 timed_waiting&#10;java.lang.Thread.State: TIMED_WAITING&#10;        at sun.misc.Unsafe.park(Native Method)&#10;        at java.util.concurrent.locks.LockSupport.parkNanos(LockSupport.java:215)&#10;        at java.util.concurrent.locks.AbstractQueuedSynchronizer$ConditionObject.awaitNanos(AbstractQueuedSynchronizer.java:2078)&#10;        at org.eclipse.jetty.util.BlockingArrayQueue.poll(BlockingArrayQueue.java:392)&#10;        at org.eclipse.jetty.util.thread.QueuedThreadPool.idleJobPoll(QueuedThreadPool.java:563)&#10;        at org.eclipse.jetty.util.thread.QueuedThreadPool.access$800(QueuedThreadPool.java:48)&#10;        at org.eclipse.jetty.util.thread.QueuedThreadPool$2.run(QueuedThreadPool.java:626)&#10;        at java.lang.Thread.run(Thread.java:748)&#10;&quot;Timer-1&quot; daemon prio=5 tid=149 timed_waiting&#10;java.lang.Thread.State: TIMED_WAITING&#10;        at java.lang.Object.wait(Native Method)&#10;        at java.util.TimerThread.mainLoop(Timer.java:552)&#10;        at java.util.TimerThread.run(Timer.java:505)&#10;&quot;qtp1179244298-160-acceptor-0@47951ab-ServerConnector@75ae4a1f{HTTP/1.1,[http/1.1]}{0.0.0.0:45058}&quot; daemon prio=3 tid=160 runnable&#10;java.lang.Thread.State: RUNNABLE&#10;        at sun.nio.ch.ServerSocketChannelImpl.accept0(Native Method)&#10;        at sun.nio.ch.ServerSocketChannelImpl.accept(ServerSocketChannelImpl.java:422)&#10;        at sun.nio.ch.ServerSocketChannelImpl.accept(ServerSocketChannelImpl.java:250)&#10;        at org.eclipse.jetty.server.ServerConnector.accept(ServerConnector.java:397)&#10;        at org.eclipse.jetty.server.AbstractConnector$Acceptor.run(AbstractConnector.java:601)&#10;        at org.eclipse.jetty.util.thread.QueuedThreadPool.runJob(QueuedThreadPool.java:671)&#10;        at org.eclipse.jetty.util.thread.QueuedThreadPool$2.run(QueuedThreadPool.java:589)&#10;        at java.lang.Thread.run(Thread.java:748)&#10;&quot;RatisApplyTransactionExecutor 6&quot; daemon prio=5 tid=3851 in Object.wait()&#10;java.lang.Thread.State: WAITING (on object monitor)&#10;        at sun.misc.Unsafe.park(Native Method)&#10;        at java.util.concurrent.locks.LockSupport.park(LockSupport.java:175)&#10;        at java.util.concurrent.locks.AbstractQueuedSynchronizer$ConditionObject.await(AbstractQueuedSynchronizer.java:2039)&#10;        at java.util.concurrent.LinkedBlockingQueue.take(LinkedBlockingQueue.java:442)&#10;        at java.util.concurrent.ThreadPoolExecutor.getTask(ThreadPoolExecutor.java:1074)&#10;        at java.util.concurrent.ThreadPoolExecutor.runWorker(ThreadPoolExecutor.java:1134)&#10;        at java.util.concurrent.ThreadPoolExecutor$Worker.run(ThreadPoolExecutor.java:624)&#10;        at java.lang.Thread.run(Thread.java:748)&#10;&quot;qtp2111457497-89&quot; daemon prio=5 tid=89 runnable&#10;java.lang.Thread.State: RUNNABLE&#10;        at sun.nio.ch.EPollArrayWrapper.epollWait(Native Method)&#10;        at sun.nio.ch.EPollArrayWrapper.poll(EPollArrayWrapper.java:269)&#10;        at sun.nio.ch.EPollSelectorImpl.doSelect(EPollSelectorImpl.java:93)&#10;        at sun.nio.ch.SelectorImpl.lockAndDoSelect(SelectorImpl.java:86)&#10;        at sun.nio.ch.SelectorImpl.select(SelectorImpl.java:97)&#10;        at sun.nio.ch.SelectorImpl.select(SelectorImpl.java:101)&#10;        at org.eclipse.jetty.io.ManagedSelector$SelectorProducer.select(ManagedSelector.java:243)&#10;        at org.eclipse.jetty.io.ManagedSelector$SelectorProducer.produce(ManagedSelector.java:191)&#10;        at org.eclipse.jetty.util.thread.strategy.ExecuteProduceConsume.executeProduceConsume(ExecuteProduceConsume.java:249)&#10;        at org.eclipse.jetty.util.thread.strategy.ExecuteProduceConsume.produceConsume(ExecuteProduceConsume.java:148)&#10;        at org.eclipse.jetty.util.thread.strategy.ExecuteProduceConsume.execute(ExecuteProduceConsume.java:100)&#10;        at org.eclipse.jetty.io.ManagedSelector.run(ManagedSelector.java:147)&#10;        at org.eclipse.jetty.util.thread.QueuedThreadPool.runJob(QueuedThreadPool.java:671)&#10;        at org.eclipse.jetty.util.thread.QueuedThreadPool$2.run(QueuedThreadPool.java:589)&#10;        at java.lang.Thread.run(Thread.java:748)&#10;&quot;pool-86-thread-27&quot;  prio=5 tid=740 in Object.wait()&#10;java.lang.Thread.State: WAITING (on object monitor)&#10;        at sun.misc.Unsafe.park(Native Method)&#10;        at java.util.concurrent.locks.LockSupport.park(LockSupport.java:175)&#10;        at java.util.concurrent.locks.AbstractQueuedSynchronizer$ConditionObject.await(AbstractQueuedSynchronizer.java:2039)&#10;        at java.util.concurrent.ArrayBlockingQueue.take(ArrayBlockingQueue.java:403)&#10;        at java.util.concurrent.ThreadPoolExecutor.getTask(ThreadPoolExecutor.java:1074)&#10;        at java.util.concurrent.ThreadPoolExecutor.runWorker(ThreadPoolExecutor.java:1134)&#10;        at java.util.concurrent.ThreadPoolExecutor$Worker.run(ThreadPoolExecutor.java:624)&#10;        at java.lang.Thread.run(Thread.java:748)&#10;&quot;Timer for &apos;StorageContainerManager&apos; metrics system&quot; daemon prio=5 tid=27 timed_waiting&#10;java.lang.Thread.State: TIMED_WAITING&#10;        at java.lang.Object.wait(Native Method)&#10;        at java.util.TimerThread.mainLoop(Timer.java:552)&#10;        at java.util.TimerThread.run(Timer.java:505)&#10;&quot;metrics-hadoop-metrics2-reporter-3-thread-1&quot; daemon prio=5 tid=799 timed_waiting&#10;java.lang.Thread.State: TIMED_WAITING&#10;        at sun.misc.Unsafe.park(Native Method)&#10;        at java.util.concurrent.locks.LockSupport.parkNanos(LockSupport.java:215)&#10;        at java.util.concurrent.locks.AbstractQueuedSynchronizer$ConditionObject.awaitNanos(AbstractQueuedSynchronizer.java:2078)&#10;        at java.util.concurrent.ScheduledThreadPoolExecutor$DelayedWorkQueue.take(ScheduledThreadPoolExecutor.java:1093)&#10;        at java.util.concurrent.ScheduledThreadPoolExecutor$DelayedWorkQueue.take(ScheduledThreadPoolExecutor.java:809)&#10;        at java.util.concurrent.ThreadPoolExecutor.getTask(ThreadPoolExecutor.java:1074)&#10;        at java.util.concurrent.ThreadPoolExecutor.runWorker(ThreadPoolExecutor.java:1134)&#10;        at java.util.concurrent.ThreadPoolExecutor$Worker.run(ThreadPoolExecutor.java:624)&#10;        at java.lang.Thread.run(Thread.java:748)&#10;&quot;EventQueue-SafemodestatusForSafeModeHandler&quot; daemon prio=5 tid=782 in Object.wait()&#10;java.lang.Thread.State: WAITING (on object monitor)&#10;        at sun.misc.Unsafe.park(Native Method)&#10;        at java.util.concurrent.locks.LockSupport.park(LockSupport.java:175)&#10;        at java.util.concurrent.locks.AbstractQueuedSynchronizer$ConditionObject.await(AbstractQueuedSynchronizer.java:2039)&#10;        at java.util.concurrent.LinkedBlockingQueue.take(LinkedBlockingQueue.java:442)&#10;        at java.util.concurrent.ThreadPoolExecutor.getTask(ThreadPoolExecutor.java:1074)&#10;        at java.util.concurrent.ThreadPoolExecutor.runWorker(ThreadPoolExecutor.java:1134)&#10;        at java.util.concurrent.ThreadPoolExecutor$Worker.run(ThreadPoolExecutor.java:624)&#10;        at java.lang.Thread.run(Thread.java:748)&#10;&quot;qtp1092382020-267&quot; daemon prio=5 tid=267 runnable&#10;java.lang.Thread.State: RUNNABLE&#10;        at sun.nio.ch.EPollArrayWrapper.epollWait(Native Method)&#10;        at sun.nio.ch.EPollArrayWrapper.poll(EPollArrayWrapper.java:269)&#10;        at sun.nio.ch.EPollSelectorImpl.doSelect(EPollSelectorImpl.java:93)&#10;        at sun.nio.ch.SelectorImpl.lockAndDoSelect(SelectorImpl.java:86)&#10;        at sun.nio.ch.SelectorImpl.select(SelectorImpl.java:97)&#10;        at sun.nio.ch.SelectorImpl.select(SelectorImpl.java:101)&#10;        at org.eclipse.jetty.io.ManagedSelector$SelectorProducer.select(ManagedSelector.java:243)&#10;        at org.eclipse.jetty.io.ManagedSelector$SelectorProducer.produce(ManagedSelector.java:191)&#10;        at org.eclipse.jetty.util.thread.strategy.ExecuteProduceConsume.executeProduceConsume(ExecuteProduceConsume.java:249)&#10;        at org.eclipse.jetty.util.thread.strategy.ExecuteProduceConsume.produceConsume(ExecuteProduceConsume.java:148)&#10;        at org.eclipse.jetty.util.thread.strategy.ExecuteProduceConsume.execute(ExecuteProduceConsume.java:100)&#10;        at org.eclipse.jetty.io.ManagedSelector.run(ManagedSelector.java:147)&#10;        at org.eclipse.jetty.util.thread.QueuedThreadPool.runJob(QueuedThreadPool.java:671)&#10;        at org.eclipse.jetty.util.thread.QueuedThreadPool$2.run(QueuedThreadPool.java:589)&#10;        at java.lang.Thread.run(Thread.java:748)&#10;&quot;pool-66-thread-27&quot;  prio=5 tid=616 in Object.wait()&#10;java.lang.Thread.State: WAITING (on object monitor)&#10;        at sun.misc.Unsafe.park(Native Method)&#10;        at java.util.concurrent.locks.LockSupport.park(LockSupport.java:175)&#10;        at java.util.concurrent.locks.AbstractQueuedSynchronizer$ConditionObject.await(AbstractQueuedSynchronizer.java:2039)&#10;        at java.util.concurrent.ArrayBlockingQueue.take(ArrayBlockingQueue.java:403)&#10;        at java.util.concurrent.ThreadPoolExecutor.getTask(ThreadPoolExecutor.java:1074)&#10;        at java.util.concurrent.ThreadPoolExecutor.runWorker(ThreadPoolExecutor.java:1134)&#10;        at java.util.concurrent.ThreadPoolExecutor$Worker.run(ThreadPoolExecutor.java:624)&#10;        at java.lang.Thread.run(Thread.java:748)&#10;&quot;IPC Server listener on 40419&quot; daemon prio=5 tid=22 runnable&#10;java.lang.Thread.State: RUNNABLE&#10;        at sun.nio.ch.EPollArrayWrapper.epollWait(Native Method)&#10;        at sun.nio.ch.EPollArrayWrapper.poll(EPollArrayWrapper.java:269)&#10;        at sun.nio.ch.EPollSelectorImpl.doSelect(EPollSelectorImpl.java:93)&#10;        at sun.nio.ch.SelectorImpl.lockAndDoSelect(SelectorImpl.java:86)&#10;        at sun.nio.ch.SelectorImpl.select(SelectorImpl.java:97)&#10;        at sun.nio.ch.SelectorImpl.select(SelectorImpl.java:101)&#10;        at org.apache.hadoop.ipc.Server$Listener.run(Server.java:1159)&#10;&quot;f3263f9a-ef6c-4ff4-a6b2-5a62e946b753@group-5B52E8B6CC20-SegmentedRaftLogWorker&quot;  prio=5 tid=3737 timed_waiting&#10;java.lang.Thread.State: TIMED_WAITING&#10;        at sun.misc.Unsafe.park(Native Method)&#10;        at java.util.concurrent.locks.LockSupport.parkNanos(LockSupport.java:215)&#10;        at java.util.concurrent.locks.AbstractQueuedSynchronizer$ConditionObject.awaitNanos(AbstractQueuedSynchronizer.java:2078)&#10;        at org.apache.ratis.util.DataBlockingQueue.poll(DataBlockingQueue.java:137)&#10;        at org.apache.ratis.server.raftlog.segmented.SegmentedRaftLogWorker.run(SegmentedRaftLogWorker.java:283)&#10;        at java.lang.Thread.run(Thread.java:748)&#10;&quot;qtp2111457497-96&quot; daemon prio=5 tid=96 timed_waiting&#10;java.lang.Thread.State: TIMED_WAITING&#10;        at sun.misc.Unsafe.park(Native Method)&#10;        at java.util.concurrent.locks.LockSupport.parkNanos(LockSupport.java:215)&#10;        at java.util.concurrent.locks.AbstractQueuedSynchronizer$ConditionObject.awaitNanos(AbstractQueuedSynchronizer.java:2078)&#10;        at org.eclipse.jetty.util.BlockingArrayQueue.poll(BlockingArrayQueue.java:392)&#10;        at org.eclipse.jetty.util.thread.QueuedThreadPool.idleJobPoll(QueuedThreadPool.java:563)&#10;        at org.eclipse.jetty.util.thread.QueuedThreadPool.access$800(QueuedThreadPool.java:48)&#10;        at org.eclipse.jetty.util.thread.QueuedThreadPool$2.run(QueuedThreadPool.java:626)&#10;        at java.lang.Thread.run(Thread.java:748)&#10;&quot;BlockDeletingService#8&quot; daemon prio=5 tid=2509 in Object.wait()&#10;java.lang.Thread.State: WAITING (on object monitor)&#10;        at sun.misc.Unsafe.park(Native Method)&#10;        at java.util.concurrent.locks.LockSupport.park(LockSupport.java:175)&#10;        at java.util.concurrent.locks.AbstractQueuedSynchronizer$ConditionObject.await(AbstractQueuedSynchronizer.java:2039)&#10;        at java.util.concurrent.ScheduledThreadPoolExecutor$DelayedWorkQueue.take(ScheduledThreadPoolExecutor.java:1088)&#10;        at java.util.concurrent.ScheduledThreadPoolExecutor$DelayedWorkQueue.take(ScheduledThreadPoolExecutor.java:809)&#10;        at java.util.concurrent.ThreadPoolExecutor.getTask(ThreadPoolExecutor.java:1074)&#10;        at java.util.concurrent.ThreadPoolExecutor.runWorker(ThreadPoolExecutor.java:1134)&#10;        at java.util.concurrent.ThreadPoolExecutor$Worker.run(ThreadPoolExecutor.java:624)&#10;        at java.lang.Thread.run(Thread.java:748)&#10;&quot;BlockDeletingService#4&quot; daemon prio=5 tid=1465 in Object.wait()&#10;java.lang.Thread.State: WAITING (on object monitor)&#10;        at sun.misc.Unsafe.park(Native Method)&#10;        at java.util.concurrent.locks.LockSupport.park(LockSupport.java:175)&#10;        at java.util.concurrent.locks.AbstractQueuedSynchronizer$ConditionObject.await(AbstractQueuedSynchronizer.java:2039)&#10;        at java.util.concurrent.ScheduledThreadPoolExecutor$DelayedWorkQueue.take(ScheduledThreadPoolExecutor.java:1088)&#10;        at java.util.concurrent.ScheduledThreadPoolExecutor$DelayedWorkQueue.take(ScheduledThreadPoolExecutor.java:809)&#10;        at java.util.concurrent.ThreadPoolExecutor.getTask(ThreadPoolExecutor.java:1074)&#10;        at java.util.concurrent.ThreadPoolExecutor.runWorker(ThreadPoolExecutor.java:1134)&#10;        at java.util.concurrent.ThreadPoolExecutor$Worker.run(ThreadPoolExecutor.java:624)&#10;        at java.lang.Thread.run(Thread.java:748)&#10;&quot;pool-76-thread-30&quot;  prio=5 tid=681 in Object.wait()&#10;java.lang.Thread.State: WAITING (on object monitor)&#10;        at sun.misc.Unsafe.park(Native Method)&#10;        at java.util.concurrent.locks.LockSupport.park(LockSupport.java:175)&#10;        at java.util.concurrent.locks.AbstractQueuedSynchronizer$ConditionObject.await(AbstractQueuedSynchronizer.java:2039)&#10;        at java.util.concurrent.ArrayBlockingQueue.take(ArrayBlockingQueue.java:403)&#10;        at java.util.concurrent.ThreadPoolExecutor.getTask(ThreadPoolExecutor.java:1074)&#10;        at java.util.concurrent.ThreadPoolExecutor.runWorker(ThreadPoolExecutor.java:1134)&#10;        at java.util.concurrent.ThreadPoolExecutor$Worker.run(ThreadPoolExecutor.java:624)&#10;        at java.lang.Thread.run(Thread.java:748)&#10;&quot;BlockDeletingService#7&quot; daemon prio=5 tid=2189 in Object.wait()&#10;java.lang.Thread.State: WAITING (on object monitor)&#10;        at sun.misc.Unsafe.park(Native Method)&#10;        at java.util.concurrent.locks.LockSupport.park(LockSupport.java:175)&#10;        at java.util.concurrent.locks.AbstractQueuedSynchronizer$ConditionObject.await(AbstractQueuedSynchronizer.java:2039)&#10;        at java.util.concurrent.ScheduledThreadPoolExecutor$DelayedWorkQueue.take(ScheduledThreadPoolExecutor.java:1088)&#10;        at java.util.concurrent.ScheduledThreadPoolExecutor$DelayedWorkQueue.take(ScheduledThreadPoolExecutor.java:809)&#10;        at java.util.concurrent.ThreadPoolExecutor.getTask(ThreadPoolExecutor.java:1074)&#10;        at java.util.concurrent.ThreadPoolExecutor.runWorker(ThreadPoolExecutor.java:1134)&#10;        at java.util.concurrent.ThreadPoolExecutor$Worker.run(ThreadPoolExecutor.java:624)&#10;        at java.lang.Thread.run(Thread.java:748)&#10;&quot;pool-66-thread-13&quot;  prio=5 tid=602 in Object.wait()&#10;java.lang.Thread.State: WAITING (on object monitor)&#10;        at sun.misc.Unsafe.park(Native Method)&#10;        at java.util.concurrent.locks.LockSupport.park(LockSupport.java:175)&#10;        at java.util.concurrent.locks.AbstractQueuedSynchronizer$ConditionObject.await(AbstractQueuedSynchronizer.java:2039)&#10;        at java.util.concurrent.ArrayBlockingQueue.take(ArrayBlockingQueue.java:403)&#10;        at java.util.concurrent.ThreadPoolExecutor.getTask(ThreadPoolExecutor.java:1074)&#10;        at java.util.concurrent.ThreadPoolExecutor.runWorker(ThreadPoolExecutor.java:1134)&#10;        at java.util.concurrent.ThreadPoolExecutor$Worker.run(ThreadPoolExecutor.java:624)&#10;        at java.lang.Thread.run(Thread.java:748)&#10;&quot;pool-26-thread-4&quot;  prio=5 tid=344 in Object.wait()&#10;java.lang.Thread.State: WAITING (on object monitor)&#10;        at sun.misc.Unsafe.park(Native Method)&#10;        at java.util.concurrent.locks.LockSupport.park(LockSupport.java:175)&#10;        at java.util.concurrent.locks.AbstractQueuedSynchronizer$ConditionObject.await(AbstractQueuedSynchronizer.java:2039)&#10;        at java.util.concurrent.ArrayBlockingQueue.take(ArrayBlockingQueue.java:403)&#10;        at java.util.concurrent.ThreadPoolExecutor.getTask(ThreadPoolExecutor.java:1074)&#10;        at java.util.concurrent.ThreadPoolExecutor.runWorker(ThreadPoolExecutor.java:1134)&#10;        at java.util.concurrent.ThreadPoolExecutor$Worker.run(ThreadPoolExecutor.java:624)&#10;        at java.lang.Thread.run(Thread.java:748)&#10;&quot;a413c2ef-7abc-47d7-b263-b9548e673ba5@group-5B52E8B6CC20-StateMachineUpdater&quot; daemon prio=5 tid=3741 in Object.wait()&#10;java.lang.Thread.State: WAITING (on object monitor)&#10;        at java.lang.Object.wait(Native Method)&#10;        at java.lang.Object.wait(Object.java:502)&#10;        at org.apache.ratis.server.impl.StateMachineUpdater.waitForCommit(StateMachineUpdater.java:183)&#10;        at org.apache.ratis.server.impl.StateMachineUpdater.run(StateMachineUpdater.java:148)&#10;        at java.lang.Thread.run(Thread.java:748)&#10;&quot;metrics-hadoop-metrics2-reporter-2-thread-1&quot; daemon prio=5 tid=794 timed_waiting&#10;java.lang.Thread.State: TIMED_WAITING&#10;        at sun.misc.Unsafe.park(Native Method)&#10;        at java.util.concurrent.locks.LockSupport.parkNanos(LockSupport.java:215)&#10;        at java.util.concurrent.locks.AbstractQueuedSynchronizer$ConditionObject.awaitNanos(AbstractQueuedSynchronizer.java:2078)&#10;        at java.util.concurrent.ScheduledThreadPoolExecutor$DelayedWorkQueue.take(ScheduledThreadPoolExecutor.java:1093)&#10;        at java.util.concurrent.ScheduledThreadPoolExecutor$DelayedWorkQueue.take(ScheduledThreadPoolExecutor.java:809)&#10;        at java.util.concurrent.ThreadPoolExecutor.getTask(ThreadPoolExecutor.java:1074)&#10;        at java.util.concurrent.ThreadPoolExecutor.runWorker(ThreadPoolExecutor.java:1134)&#10;        at java.util.concurrent.ThreadPoolExecutor$Worker.run(ThreadPoolExecutor.java:624)&#10;        at java.lang.Thread.run(Thread.java:748)&#10;&quot;qtp2075074394-217&quot; daemon prio=5 tid=217 timed_waiting&#10;java.lang.Thread.State: TIMED_WAITING&#10;        at sun.misc.Unsafe.park(Native Method)&#10;        at java.util.concurrent.locks.LockSupport.parkNanos(LockSupport.java:215)&#10;        at java.util.concurrent.locks.AbstractQueuedSynchronizer$ConditionObject.awaitNanos(AbstractQueuedSynchronizer.java:2078)&#10;        at org.eclipse.jetty.util.BlockingArrayQueue.poll(BlockingArrayQueue.java:392)&#10;        at org.eclipse.jetty.util.thread.QueuedThreadPool.idleJobPoll(QueuedThreadPool.java:563)&#10;        at org.eclipse.jetty.util.thread.QueuedThreadPool.access$800(QueuedThreadPool.java:48)&#10;        at org.eclipse.jetty.util.thread.QueuedThreadPool$2.run(QueuedThreadPool.java:626)&#10;        at java.lang.Thread.run(Thread.java:748)&#10;&quot;org.eclipse.jetty.server.session.HashSessionManager@782a4fffTimer&quot; daemon prio=5 tid=98 timed_waiting&#10;java.lang.Thread.State: TIMED_WAITING&#10;        at sun.misc.Unsafe.park(Native Method)&#10;        at java.util.concurrent.locks.LockSupport.parkNanos(LockSupport.java:215)&#10;        at java.util.concurrent.locks.AbstractQueuedSynchronizer$ConditionObject.awaitNanos(AbstractQueuedSynchronizer.java:2078)&#10;        at java.util.concurrent.ScheduledThreadPoolExecutor$DelayedWorkQueue.take(ScheduledThreadPoolExecutor.java:1093)&#10;        at java.util.concurrent.ScheduledThreadPoolExecutor$DelayedWorkQueue.take(ScheduledThreadPoolExecutor.java:809)&#10;        at java.util.concurrent.ThreadPoolExecutor.getTask(ThreadPoolExecutor.java:1074)&#10;        at java.util.concurrent.ThreadPoolExecutor.runWorker(ThreadPoolExecutor.java:1134)&#10;        at java.util.concurrent.ThreadPoolExecutor$Worker.run(ThreadPoolExecutor.java:624)&#10;        at java.lang.Thread.run(Thread.java:748)&#10;&quot;EventQueue-PipelineActionsForPipelineActionHandler&quot; daemon prio=5 tid=1368 in Object.wait()&#10;java.lang.Thread.State: WAITING (on object monitor)&#10;        at sun.misc.Unsafe.park(Native Method)&#10;        at java.util.concurrent.locks.LockSupport.park(LockSupport.java:175)&#10;        at java.util.concurrent.locks.AbstractQueuedSynchronizer$ConditionObject.await(AbstractQueuedSynchronizer.java:2039)&#10;        at java.util.concurrent.LinkedBlockingQueue.take(LinkedBlockingQueue.java:442)&#10;        at java.util.concurrent.ThreadPoolExecutor.getTask(ThreadPoolExecutor.java:1074)&#10;        at java.util.concurrent.ThreadPoolExecutor.runWorker(ThreadPoolExecutor.java:1134)&#10;        at java.util.concurrent.ThreadPoolExecutor$Worker.run(ThreadPoolExecutor.java:624)&#10;        at java.lang.Thread.run(Thread.java:748)&#10;&quot;EventQueue-NodeRegistrationContainerReportForContainerSafeModeRule&quot; daemon prio=5 tid=780 in Object.wait()&#10;java.lang.Thread.State: WAITING (on object monitor)&#10;        at sun.misc.Unsafe.park(Native Method)&#10;        at java.util.concurrent.locks.LockSupport.park(LockSupport.java:175)&#10;        at java.util.concurrent.locks.AbstractQueuedSynchronizer$ConditionObject.await(AbstractQueuedSynchronizer.java:2039)&#10;        at java.util.concurrent.LinkedBlockingQueue.take(LinkedBlockingQueue.java:442)&#10;        at java.util.concurrent.ThreadPoolExecutor.getTask(ThreadPoolExecutor.java:1074)&#10;        at java.util.concurrent.ThreadPoolExecutor.runWorker(ThreadPoolExecutor.java:1134)&#10;        at java.util.concurrent.ThreadPoolExecutor$Worker.run(ThreadPoolExecutor.java:624)&#10;        at java.lang.Thread.run(Thread.java:748)&#10;&quot;org.eclipse.jetty.server.session.HashSessionManager@762637beTimer&quot; daemon prio=5 tid=249 timed_waiting&#10;java.lang.Thread.State: TIMED_WAITING&#10;        at sun.misc.Unsafe.park(Native Method)&#10;        at java.util.concurrent.locks.LockSupport.parkNanos(LockSupport.java:215)&#10;        at java.util.concurrent.locks.AbstractQueuedSynchronizer$ConditionObject.awaitNanos(AbstractQueuedSynchronizer.java:2078)&#10;        at java.util.concurrent.ScheduledThreadPoolExecutor$DelayedWorkQueue.take(ScheduledThreadPoolExecutor.java:1093)&#10;        at java.util.concurrent.ScheduledThreadPoolExecutor$DelayedWorkQueue.take(ScheduledThreadPoolExecutor.java:809)&#10;        at java.util.concurrent.ThreadPoolExecutor.getTask(ThreadPoolExecutor.java:1074)&#10;        at java.util.concurrent.ThreadPoolExecutor.runWorker(ThreadPoolExecutor.java:1134)&#10;        at java.util.concurrent.ThreadPoolExecutor$Worker.run(ThreadPoolExecutor.java:624)&#10;        at java.lang.Thread.run(Thread.java:748)&#10;&quot;Datanode ReportManager Thread - 2&quot; daemon prio=5 tid=200 timed_waiting&#10;java.lang.Thread.State: TIMED_WAITING&#10;        at sun.misc.Unsafe.park(Native Method)&#10;        at java.util.concurrent.locks.LockSupport.parkNanos(LockSupport.java:215)&#10;        at java.util.concurrent.locks.AbstractQueuedSynchronizer$ConditionObject.awaitNanos(AbstractQueuedSynchronizer.java:2078)&#10;        at java.util.concurrent.ScheduledThreadPoolExecutor$DelayedWorkQueue.take(ScheduledThreadPoolExecutor.java:1093)&#10;        at java.util.concurrent.ScheduledThreadPoolExecutor$DelayedWorkQueue.take(ScheduledThreadPoolExecutor.java:809)&#10;        at java.util.concurrent.ThreadPoolExecutor.getTask(ThreadPoolExecutor.java:1074)&#10;        at java.util.concurrent.ThreadPoolExecutor.runWorker(ThreadPoolExecutor.java:1134)&#10;        at java.util.concurrent.ThreadPoolExecutor$Worker.run(ThreadPoolExecutor.java:624)&#10;        at java.lang.Thread.run(Thread.java:748)&#10;&quot;pool-86-thread-53&quot;  prio=5 tid=766 in Object.wait()&#10;java.lang.Thread.State: WAITING (on object monitor)&#10;        at sun.misc.Unsafe.park(Native Method)&#10;        at java.util.concurrent.locks.LockSupport.park(LockSupport.java:175)&#10;        at java.util.concurrent.locks.AbstractQueuedSynchronizer$ConditionObject.await(AbstractQueuedSynchronizer.java:2039)&#10;        at java.util.concurrent.ArrayBlockingQueue.take(ArrayBlockingQueue.java:403)&#10;        at java.util.concurrent.ThreadPoolExecutor.getTask(ThreadPoolExecutor.java:1074)&#10;        at java.util.concurrent.ThreadPoolExecutor.runWorker(ThreadPoolExecutor.java:1134)&#10;        at java.util.concurrent.ThreadPoolExecutor$Worker.run(ThreadPoolExecutor.java:624)&#10;        at java.lang.Thread.run(Thread.java:748)&#10;&quot;Command processor thread&quot; daemon prio=5 tid=256 timed_waiting&#10;java.lang.Thread.State: TIMED_WAITING&#10;        at java.lang.Thread.sleep(Native Method)&#10;        at org.apache.hadoop.ozone.container.common.statemachine.DatanodeStateMachine.lambda$initCommandHandlerThread$1(DatanodeStateMachine.java:439)&#10;        at org.apache.hadoop.ozone.container.common.statemachine.DatanodeStateMachine$$Lambda$137/1719414483.run(Unknown Source)&#10;        at java.lang.Thread.run(Thread.java:748)&#10;&quot;qtp292890110-186&quot; daemon prio=5 tid=186 runnable&#10;java.lang.Thread.State: RUNNABLE&#10;        at sun.nio.ch.EPollArrayWrapper.epollWait(Native Method)&#10;        at sun.nio.ch.EPollArrayWrapper.poll(EPollArrayWrapper.java:269)&#10;        at sun.nio.ch.EPollSelectorImpl.doSelect(EPollSelectorImpl.java:93)&#10;        at sun.nio.ch.SelectorImpl.lockAndDoSelect(SelectorImpl.java:86)&#10;        at sun.nio.ch.SelectorImpl.select(SelectorImpl.java:97)&#10;        at sun.nio.ch.SelectorImpl.select(SelectorImpl.java:101)&#10;        at org.eclipse.jetty.io.ManagedSelector$SelectorProducer.select(ManagedSelector.java:243)&#10;        at org.eclipse.jetty.io.ManagedSelector$SelectorProducer.produce(ManagedSelector.java:191)&#10;        at org.eclipse.jetty.util.thread.strategy.ExecuteProduceConsume.executeProduceConsume(ExecuteProduceConsume.java:249)&#10;        at org.eclipse.jetty.util.thread.strategy.ExecuteProduceConsume.produceConsume(ExecuteProduceConsume.java:148)&#10;        at org.eclipse.jetty.util.thread.strategy.ExecuteProduceConsume.execute(ExecuteProduceConsume.java:100)&#10;        at org.eclipse.jetty.io.ManagedSelector.run(ManagedSelector.java:147)&#10;        at org.eclipse.jetty.util.thread.QueuedThreadPool.runJob(QueuedThreadPool.java:671)&#10;        at org.eclipse.jetty.util.thread.QueuedThreadPool$2.run(QueuedThreadPool.java:589)&#10;        at java.lang.Thread.run(Thread.java:748)&#10;&quot;qtp1092382020-273&quot; daemon prio=5 tid=273 timed_waiting&#10;java.lang.Thread.State: TIMED_WAITING&#10;        at sun.misc.Unsafe.park(Native Method)&#10;        at java.util.concurrent.locks.LockSupport.parkNanos(LockSupport.java:215)&#10;        at java.util.concurrent.locks.AbstractQueuedSynchronizer$ConditionObject.awaitNanos(AbstractQueuedSynchronizer.java:2078)&#10;        at org.eclipse.jetty.util.BlockingArrayQueue.poll(BlockingArrayQueue.java:392)&#10;        at org.eclipse.jetty.util.thread.QueuedThreadPool.idleJobPoll(QueuedThreadPool.java:563)&#10;        at org.eclipse.jetty.util.thread.QueuedThreadPool.access$800(QueuedThreadPool.java:48)&#10;        at org.eclipse.jetty.util.thread.QueuedThreadPool$2.run(QueuedThreadPool.java:626)&#10;        at java.lang.Thread.run(Thread.java:748)&#10;&quot;IPC Parameter Sending Thread #1&quot; daemon prio=5 tid=2905 timed_waiting&#10;java.lang.Thread.State: TIMED_WAITING&#10;        at sun.misc.Unsafe.park(Native Method)&#10;        at java.util.concurrent.locks.LockSupport.parkNanos(LockSupport.java:215)&#10;        at java.util.concurrent.SynchronousQueue$TransferStack.awaitFulfill(SynchronousQueue.java:460)&#10;        at java.util.concurrent.SynchronousQueue$TransferStack.transfer(SynchronousQueue.java:362)&#10;        at java.util.concurrent.SynchronousQueue.poll(SynchronousQueue.java:941)&#10;        at java.util.concurrent.ThreadPoolExecutor.getTask(ThreadPoolExecutor.java:1073)&#10;        at java.util.concurrent.ThreadPoolExecutor.runWorker(ThreadPoolExecutor.java:1134)&#10;        at java.util.concurrent.ThreadPoolExecutor$Worker.run(ThreadPoolExecutor.java:624)&#10;        at java.lang.Thread.run(Thread.java:748)&#10;&quot;pool-86-thread-2&quot;  prio=5 tid=715 in Object.wait()&#10;java.lang.Thread.State: WAITING (on object monitor)&#10;        at sun.misc.Unsafe.park(Native Method)&#10;        at java.util.concurrent.locks.LockSupport.park(LockSupport.java:175)&#10;        at java.util.concurrent.locks.AbstractQueuedSynchronizer$ConditionObject.await(AbstractQueuedSynchronizer.java:2039)&#10;        at java.util.concurrent.ArrayBlockingQueue.take(ArrayBlockingQueue.java:403)&#10;        at java.util.concurrent.ThreadPoolExecutor.getTask(ThreadPoolExecutor.java:1074)&#10;        at java.util.concurrent.ThreadPoolExecutor.runWorker(ThreadPoolExecutor.java:1134)&#10;        at java.util.concurrent.ThreadPoolExecutor$Worker.run(ThreadPoolExecutor.java:624)&#10;        at java.lang.Thread.run(Thread.java:748)&#10;&quot;pool-26-thread-37&quot;  prio=5 tid=377 in Object.wait()&#10;java.lang.Thread.State: WAITING (on object monitor)&#10;        at sun.misc.Unsafe.park(Native Method)&#10;        at java.util.concurrent.locks.LockSupport.park(LockSupport.java:175)&#10;        at java.util.concurrent.locks.AbstractQueuedSynchronizer$ConditionObject.await(AbstractQueuedSynchronizer.java:2039)&#10;        at java.util.concurrent.ArrayBlockingQueue.take(ArrayBlockingQueue.java:403)&#10;        at java.util.concurrent.ThreadPoolExecutor.getTask(ThreadPoolExecutor.java:1074)&#10;        at java.util.concurrent.ThreadPoolExecutor.runWorker(ThreadPoolExecutor.java:1134)&#10;        at java.util.concurrent.ThreadPoolExecutor$Worker.run(ThreadPoolExecutor.java:624)&#10;        at java.lang.Thread.run(Thread.java:748)&#10;&quot;org.eclipse.jetty.server.session.HashSessionManager@3ed7821Timer&quot; daemon prio=5 tid=196 timed_waiting&#10;java.lang.Thread.State: TIMED_WAITING&#10;        at sun.misc.Unsafe.park(Native Method)&#10;        at java.util.concurrent.locks.LockSupport.parkNanos(LockSupport.java:215)&#10;        at java.util.concurrent.locks.AbstractQueuedSynchronizer$ConditionObject.awaitNanos(AbstractQueuedSynchronizer.java:2078)&#10;        at java.util.concurrent.ScheduledThreadPoolExecutor$DelayedWorkQueue.take(ScheduledThreadPoolExecutor.java:1093)&#10;        at java.util.concurrent.ScheduledThreadPoolExecutor$DelayedWorkQueue.take(ScheduledThreadPoolExecutor.java:809)&#10;        at java.util.concurrent.ThreadPoolExecutor.getTask(ThreadPoolExecutor.java:1074)&#10;        at java.util.concurrent.ThreadPoolExecutor.runWorker(ThreadPoolExecutor.java:1134)&#10;        at java.util.concurrent.ThreadPoolExecutor$Worker.run(ThreadPoolExecutor.java:624)&#10;        at java.lang.Thread.run(Thread.java:748)&#10;&quot;pool-26-thread-27&quot;  prio=5 tid=367 in Object.wait()&#10;java.lang.Thread.State: WAITING (on object monitor)&#10;        at sun.misc.Unsafe.park(Native Method)&#10;        at java.util.concurrent.locks.LockSupport.park(LockSupport.java:175)&#10;        at java.util.concurrent.locks.AbstractQueuedSynchronizer$ConditionObject.await(AbstractQueuedSynchronizer.java:2039)&#10;        at java.util.concurrent.ArrayBlockingQueue.take(ArrayBlockingQueue.java:403)&#10;        at java.util.concurrent.ThreadPoolExecutor.getTask(ThreadPoolExecutor.java:1074)&#10;        at java.util.concurrent.ThreadPoolExecutor.runWorker(ThreadPoolExecutor.java:1134)&#10;        at java.util.concurrent.ThreadPoolExecutor$Worker.run(ThreadPoolExecutor.java:624)&#10;        at java.lang.Thread.run(Thread.java:748)&#10;&quot;ReplicationMonitor&quot; daemon prio=5 tid=885 timed_waiting&#10;java.lang.Thread.State: TIMED_WAITING&#10;        at java.lang.Object.wait(Native Method)&#10;        at org.apache.hadoop.hdds.scm.container.ReplicationManager.run(ReplicationManager.java:229)&#10;        at org.apache.hadoop.hdds.scm.container.ReplicationManager$$Lambda$328/1617744629.run(Unknown Source)&#10;        at java.lang.Thread.run(Thread.java:748)&#10;&quot;pool-64-thread-1&quot; daemon prio=5 tid=264 in Object.wait()&#10;java.lang.Thread.State: WAITING (on object monitor)&#10;        at sun.misc.Unsafe.park(Native Method)&#10;        at java.util.concurrent.locks.LockSupport.park(LockSupport.java:175)&#10;        at java.util.concurrent.locks.AbstractQueuedSynchronizer$ConditionObject.await(AbstractQueuedSynchronizer.java:2039)&#10;        at java.util.concurrent.ScheduledThreadPoolExecutor$DelayedWorkQueue.take(ScheduledThreadPoolExecutor.java:1081)&#10;        at java.util.concurrent.ScheduledThreadPoolExecutor$DelayedWorkQueue.take(ScheduledThreadPoolExecutor.java:809)&#10;        at java.util.concurrent.ThreadPoolExecutor.getTask(ThreadPoolExecutor.java:1074)&#10;        at java.util.concurrent.ThreadPoolExecutor.runWorker(ThreadPoolExecutor.java:1134)&#10;        at java.util.concurrent.ThreadPoolExecutor$Worker.run(ThreadPoolExecutor.java:624)&#10;        at java.lang.Thread.run(Thread.java:748)&#10;&quot;pool-66-thread-5&quot;  prio=5 tid=594 in Object.wait()&#10;java.lang.Thread.State: WAITING (on object monitor)&#10;        at sun.misc.Unsafe.park(Native Method)&#10;        at java.util.concurrent.locks.LockSupport.park(LockSupport.java:175)&#10;        at java.util.concurrent.locks.AbstractQueuedSynchronizer$ConditionObject.await(AbstractQueuedSynchronizer.java:2039)&#10;        at java.util.concurrent.ArrayBlockingQueue.take(ArrayBlockingQueue.java:403)&#10;        at java.util.concurrent.ThreadPoolExecutor.getTask(ThreadPoolExecutor.java:1074)&#10;        at java.util.concurrent.ThreadPoolExecutor.runWorker(ThreadPoolExecutor.java:1134)&#10;        at java.util.concurrent.ThreadPoolExecutor$Worker.run(ThreadPoolExecutor.java:624)&#10;        at java.lang.Thread.run(Thread.java:748)&#10;&quot;org.eclipse.jetty.server.session.HashSessionManager@26f46fa6Timer&quot; daemon prio=5 tid=169 timed_waiting&#10;java.lang.Thread.State: TIMED_WAITING&#10;        at sun.misc.Unsafe.park(Native Method)&#10;        at java.util.concurrent.locks.LockSupport.parkNanos(LockSupport.java:215)&#10;        at java.util.concurrent.locks.AbstractQueuedSynchronizer$ConditionObject.awaitNanos(AbstractQueuedSynchronizer.java:2078)&#10;        at java.util.concurrent.ScheduledThreadPoolExecutor$DelayedWorkQueue.take(ScheduledThreadPoolExecutor.java:1093)&#10;        at java.util.concurrent.ScheduledThreadPoolExecutor$DelayedWorkQueue.take(ScheduledThreadPoolExecutor.java:809)&#10;        at java.util.concurrent.ThreadPoolExecutor.getTask(ThreadPoolExecutor.java:1074)&#10;        at java.util.concurrent.ThreadPoolExecutor.runWorker(ThreadPoolExecutor.java:1134)&#10;        at java.util.concurrent.ThreadPoolExecutor$Worker.run(ThreadPoolExecutor.java:624)&#10;        at java.lang.Thread.run(Thread.java:748)&#10;&quot;pool-86-thread-32&quot;  prio=5 tid=745 in Object.wait()&#10;java.lang.Thread.State: WAITING (on object monitor)&#10;        at sun.misc.Unsafe.park(Native Method)&#10;        at java.util.concurrent.locks.LockSupport.park(LockSupport.java:175)&#10;        at java.util.concurrent.locks.AbstractQueuedSynchronizer$ConditionObject.await(AbstractQueuedSynchronizer.java:2039)&#10;        at java.util.concurrent.ArrayBlockingQueue.take(ArrayBlockingQueue.java:403)&#10;        at java.util.concurrent.ThreadPoolExecutor.getTask(ThreadPoolExecutor.java:1074)&#10;        at java.util.concurrent.ThreadPoolExecutor.runWorker(ThreadPoolExecutor.java:1134)&#10;        at java.util.concurrent.ThreadPoolExecutor$Worker.run(ThreadPoolExecutor.java:624)&#10;        at java.lang.Thread.run(Thread.java:748)&#10;&quot;qtp1179244298-161&quot; daemon prio=5 tid=161 timed_waiting&#10;java.lang.Thread.State: TIMED_WAITING&#10;        at sun.misc.Unsafe.park(Native Method)&#10;        at java.util.concurrent.locks.LockSupport.parkNanos(LockSupport.java:215)&#10;        at java.util.concurrent.locks.AbstractQueuedSynchronizer$ConditionObject.awaitNanos(AbstractQueuedSynchronizer.java:2078)&#10;        at org.eclipse.jetty.util.BlockingArrayQueue.poll(BlockingArrayQueue.java:392)&#10;        at org.eclipse.jetty.util.thread.QueuedThreadPool.idleJobPoll(QueuedThreadPool.java:563)&#10;        at org.eclipse.jetty.util.thread.QueuedThreadPool.access$800(QueuedThreadPool.java:48)&#10;        at org.eclipse.jetty.util.thread.QueuedThreadPool$2.run(QueuedThreadPool.java:626)&#10;        at java.lang.Thread.run(Thread.java:748)&#10;&quot;Datanode ReportManager Thread - 1&quot; daemon prio=5 tid=307 timed_waiting&#10;java.lang.Thread.State: TIMED_WAITING&#10;        at sun.misc.Unsafe.park(Native Method)&#10;        at java.util.concurrent.locks.LockSupport.parkNanos(LockSupport.java:215)&#10;        at java.util.concurrent.locks.AbstractQueuedSynchronizer$ConditionObject.awaitNanos(AbstractQueuedSynchronizer.java:2078)&#10;        at java.util.concurrent.ScheduledThreadPoolExecutor$DelayedWorkQueue.take(ScheduledThreadPoolExecutor.java:1093)&#10;        at java.util.concurrent.ScheduledThreadPoolExecutor$DelayedWorkQueue.take(ScheduledThreadPoolExecutor.java:809)&#10;        at java.util.concurrent.ThreadPoolExecutor.getTask(ThreadPoolExecutor.java:1074)&#10;        at java.util.concurrent.ThreadPoolExecutor.runWorker(ThreadPoolExecutor.java:1134)&#10;        at java.util.concurrent.ThreadPoolExecutor$Worker.run(ThreadPoolExecutor.java:624)&#10;        at java.lang.Thread.run(Thread.java:748)&#10;&quot;grpc-default-worker-ELG-3-3&quot; daemon prio=5 tid=788 runnable&#10;java.lang.Thread.State: RUNNABLE&#10;        at sun.nio.ch.EPollArrayWrapper.epollWait(Native Method)&#10;        at sun.nio.ch.EPollArrayWrapper.poll(EPollArrayWrapper.java:269)&#10;        at sun.nio.ch.EPollSelectorImpl.doSelect(EPollSelectorImpl.java:93)&#10;        at sun.nio.ch.SelectorImpl.lockAndDoSelect(SelectorImpl.java:86)&#10;        at sun.nio.ch.SelectorImpl.select(SelectorImpl.java:97)&#10;        at org.apache.ratis.thirdparty.io.netty.channel.nio.SelectedSelectionKeySetSelector.select(SelectedSelectionKeySetSelector.java:62)&#10;        at org.apache.ratis.thirdparty.io.netty.channel.nio.NioEventLoop.select(NioEventLoop.java:753)&#10;        at org.apache.ratis.thirdparty.io.netty.channel.nio.NioEventLoop.run(NioEventLoop.java:408)&#10;        at org.apache.ratis.thirdparty.io.netty.util.concurrent.SingleThreadEventExecutor$5.run(SingleThreadEventExecutor.java:897)&#10;        at org.apache.ratis.thirdparty.io.netty.util.concurrent.FastThreadLocalRunnable.run(FastThreadLocalRunnable.java:30)&#10;        at java.lang.Thread.run(Thread.java:748)&#10;&quot;pool-36-thread-53&quot;  prio=5 tid=453 in Object.wait()&#10;java.lang.Thread.State: WAITING (on object monitor)&#10;        at sun.misc.Unsafe.park(Native Method)&#10;        at java.util.concurrent.locks.LockSupport.park(LockSupport.java:175)&#10;        at java.util.concurrent.locks.AbstractQueuedSynchronizer$ConditionObject.await(AbstractQueuedSynchronizer.java:2039)&#10;        at java.util.concurrent.ArrayBlockingQueue.take(ArrayBlockingQueue.java:403)&#10;        at java.util.concurrent.ThreadPoolExecutor.getTask(ThreadPoolExecutor.java:1074)&#10;        at java.util.concurrent.ThreadPoolExecutor.runWorker(ThreadPoolExecutor.java:1134)&#10;        at java.util.concurrent.ThreadPoolExecutor$Worker.run(ThreadPoolExecutor.java:624)&#10;        at java.lang.Thread.run(Thread.java:748)&#10;&quot;org.eclipse.jetty.server.session.HashSessionManager@31cb96e1Timer&quot; daemon prio=5 tid=146 timed_waiting&#10;java.lang.Thread.State: TIMED_WAITING&#10;        at sun.misc.Unsafe.park(Native Method)&#10;        at java.util.concurrent.locks.LockSupport.parkNanos(LockSupport.java:215)&#10;        at java.util.concurrent.locks.AbstractQueuedSynchronizer$ConditionObject.awaitNanos(AbstractQueuedSynchronizer.java:2078)&#10;        at java.util.concurrent.ScheduledThreadPoolExecutor$DelayedWorkQueue.take(ScheduledThreadPoolExecutor.java:1093)&#10;        at java.util.concurrent.ScheduledThreadPoolExecutor$DelayedWorkQueue.take(ScheduledThreadPoolExecutor.java:809)&#10;        at java.util.concurrent.ThreadPoolExecutor.getTask(ThreadPoolExecutor.java:1074)&#10;        at java.util.concurrent.ThreadPoolExecutor.runWorker(ThreadPoolExecutor.java:1134)&#10;        at java.util.concurrent.ThreadPoolExecutor$Worker.run(ThreadPoolExecutor.java:624)&#10;        at java.lang.Thread.run(Thread.java:748)&#10;&quot;BlockDeletingService#1&quot; daemon prio=5 tid=589 in Object.wait()&#10;java.lang.Thread.State: WAITING (on object monitor)&#10;        at sun.misc.Unsafe.park(Native Method)&#10;        at java.util.concurrent.locks.LockSupport.park(LockSupport.java:175)&#10;        at java.util.concurrent.locks.AbstractQueuedSynchronizer$ConditionObject.await(AbstractQueuedSynchronizer.java:2039)&#10;        at java.util.concurrent.ScheduledThreadPoolExecutor$DelayedWorkQueue.take(ScheduledThreadPoolExecutor.java:1088)&#10;        at java.util.concurrent.ScheduledThreadPoolExecutor$DelayedWorkQueue.take(ScheduledThreadPoolExecutor.java:809)&#10;        at java.util.concurrent.ThreadPoolExecutor.getTask(ThreadPoolExecutor.java:1074)&#10;        at java.util.concurrent.ThreadPoolExecutor.runWorker(ThreadPoolExecutor.java:1134)&#10;        at java.util.concurrent.ThreadPoolExecutor$Worker.run(ThreadPoolExecutor.java:624)&#10;        at java.lang.Thread.run(Thread.java:748)&#10;&quot;metrics-hadoop-metrics2-reporter-37-thread-1&quot; daemon prio=5 tid=2223 timed_waiting&#10;java.lang.Thread.State: TIMED_WAITING&#10;        at sun.misc.Unsafe.park(Native Method)&#10;        at java.util.concurrent.locks.LockSupport.parkNanos(LockSupport.java:215)&#10;        at java.util.concurrent.locks.AbstractQueuedSynchronizer$ConditionObject.awaitNanos(AbstractQueuedSynchronizer.java:2078)&#10;        at java.util.concurrent.ScheduledThreadPoolExecutor$DelayedWorkQueue.take(ScheduledThreadPoolExecutor.java:1093)&#10;        at java.util.concurrent.ScheduledThreadPoolExecutor$DelayedWorkQueue.take(ScheduledThreadPoolExecutor.java:809)&#10;        at java.util.concurrent.ThreadPoolExecutor.getTask(ThreadPoolExecutor.java:1074)&#10;        at java.util.concurrent.ThreadPoolExecutor.runWorker(ThreadPoolExecutor.java:1134)&#10;        at java.util.concurrent.ThreadPoolExecutor$Worker.run(ThreadPoolExecutor.java:624)&#10;        at java.lang.Thread.run(Thread.java:748)&#10;&quot;pool-86-thread-56&quot;  prio=5 tid=769 in Object.wait()&#10;java.lang.Thread.State: WAITING (on object monitor)&#10;        at sun.misc.Unsafe.park(Native Method)&#10;        at java.util.concurrent.locks.LockSupport.park(LockSupport.java:175)&#10;        at java.util.concurrent.locks.AbstractQueuedSynchronizer$ConditionObject.await(AbstractQueuedSynchronizer.java:2039)&#10;        at java.util.concurrent.ArrayBlockingQueue.take(ArrayBlockingQueue.java:403)&#10;        at java.util.concurrent.ThreadPoolExecutor.getTask(ThreadPoolExecutor.java:1074)&#10;        at java.util.concurrent.ThreadPoolExecutor.runWorker(ThreadPoolExecutor.java:1134)&#10;        at java.util.concurrent.ThreadPoolExecutor$Worker.run(ThreadPoolExecutor.java:624)&#10;        at java.lang.Thread.run(Thread.java:748)&#10;&quot;pool-46-thread-37&quot;  prio=5 tid=497 in Object.wait()&#10;java.lang.Thread.State: WAITING (on object monitor)&#10;        at sun.misc.Unsafe.park(Native Method)&#10;        at java.util.concurrent.locks.LockSupport.park(LockSupport.java:175)&#10;        at java.util.concurrent.locks.AbstractQueuedSynchronizer$ConditionObject.await(AbstractQueuedSynchronizer.java:2039)&#10;        at java.util.concurrent.ArrayBlockingQueue.take(ArrayBlockingQueue.java:403)&#10;        at java.util.concurrent.ThreadPoolExecutor.getTask(ThreadPoolExecutor.java:1074)&#10;        at java.util.concurrent.ThreadPoolExecutor.runWorker(ThreadPoolExecutor.java:1134)&#10;        at java.util.concurrent.ThreadPoolExecutor$Worker.run(ThreadPoolExecutor.java:624)&#10;        at java.lang.Thread.run(Thread.java:748)&#10;&quot;pool-56-thread-40&quot;  prio=5 tid=567 in Object.wait()&#10;java.lang.Thread.State: WAITING (on object monitor)&#10;        at sun.misc.Unsafe.park(Native Method)&#10;        at java.util.concurrent.locks.LockSupport.park(LockSupport.java:175)&#10;        at java.util.concurrent.locks.AbstractQueuedSynchronizer$ConditionObject.await(AbstractQueuedSynchronizer.java:2039)&#10;        at java.util.concurrent.ArrayBlockingQueue.take(ArrayBlockingQueue.java:403)&#10;        at java.util.concurrent.ThreadPoolExecutor.getTask(ThreadPoolExecutor.java:1074)&#10;        at java.util.concurrent.ThreadPoolExecutor.runWorker(ThreadPoolExecutor.java:1134)&#10;        at java.util.concurrent.ThreadPoolExecutor$Worker.run(ThreadPoolExecutor.java:624)&#10;        at java.lang.Thread.run(Thread.java:748)&#10;&quot;RatisPipelineUtilsThread&quot;  prio=5 tid=777 timed_waiting&#10;java.lang.Thread.State: TIMED_WAITING&#10;        at sun.misc.Unsafe.park(Native Method)&#10;        at java.util.concurrent.locks.LockSupport.parkNanos(LockSupport.java:215)&#10;        at java.util.concurrent.locks.AbstractQueuedSynchronizer$ConditionObject.awaitNanos(AbstractQueuedSynchronizer.java:2078)&#10;        at java.util.concurrent.ScheduledThreadPoolExecutor$DelayedWorkQueue.take(ScheduledThreadPoolExecutor.java:1093)&#10;        at java.util.concurrent.ScheduledThreadPoolExecutor$DelayedWorkQueue.take(ScheduledThreadPoolExecutor.java:809)&#10;        at java.util.concurrent.ThreadPoolExecutor.getTask(ThreadPoolExecutor.java:1074)&#10;        at java.util.concurrent.ThreadPoolExecutor.runWorker(ThreadPoolExecutor.java:1134)&#10;        at java.util.concurrent.ThreadPoolExecutor$Worker.run(ThreadPoolExecutor.java:624)&#10;        at java.lang.Thread.run(Thread.java:748)&#10;&quot;BlockDeletingService#6&quot; daemon prio=5 tid=2049 in Object.wait()&#10;java.lang.Thread.State: WAITING (on object monitor)&#10;        at sun.misc.Unsafe.park(Native Method)&#10;        at java.util.concurrent.locks.LockSupport.park(LockSupport.java:175)&#10;        at java.util.concurrent.locks.AbstractQueuedSynchronizer$ConditionObject.await(AbstractQueuedSynchronizer.java:2039)&#10;        at java.util.concurrent.ScheduledThreadPoolExecutor$DelayedWorkQueue.take(ScheduledThreadPoolExecutor.java:1088)&#10;        at java.util.concurrent.ScheduledThreadPoolExecutor$DelayedWorkQueue.take(ScheduledThreadPoolExecutor.java:809)&#10;        at java.util.concurrent.ThreadPoolExecutor.getTask(ThreadPoolExecutor.java:1074)&#10;        at java.util.concurrent.ThreadPoolExecutor.runWorker(ThreadPoolExecutor.java:1134)&#10;        at java.util.concurrent.ThreadPoolExecutor$Worker.run(ThreadPoolExecutor.java:624)&#10;        at java.lang.Thread.run(Thread.java:748)&#10;&quot;pool-56-thread-45&quot;  prio=5 tid=572 in Object.wait()&#10;java.lang.Thread.State: WAITING (on object monitor)&#10;        at sun.misc.Unsafe.park(Native Method)&#10;        at java.util.concurrent.locks.LockSupport.park(LockSupport.java:175)&#10;        at java.util.concurrent.locks.AbstractQueuedSynchronizer$ConditionObject.await(AbstractQueuedSynchronizer.java:2039)&#10;        at java.util.concurrent.ArrayBlockingQueue.take(ArrayBlockingQueue.java:403)&#10;        at java.util.concurrent.ThreadPoolExecutor.getTask(ThreadPoolExecutor.java:1074)&#10;        at java.util.concurrent.ThreadPoolExecutor.runWorker(ThreadPoolExecutor.java:1134)&#10;        at java.util.concurrent.ThreadPoolExecutor$Worker.run(ThreadPoolExecutor.java:624)&#10;        at java.lang.Thread.run(Thread.java:748)&#10;&quot;IPC Server handler 5 on 40419&quot; daemon prio=5 tid=34 timed_waiting&#10;java.lang.Thread.State: TIMED_WAITING&#10;        at sun.misc.Unsafe.park(Native Method)&#10;        at java.util.concurrent.locks.LockSupport.parkNanos(LockSupport.java:215)&#10;        at java.util.concurrent.locks.AbstractQueuedSynchronizer$ConditionObject.awaitNanos(AbstractQueuedSynchronizer.java:2078)&#10;        at java.util.concurrent.LinkedBlockingQueue.poll(LinkedBlockingQueue.java:467)&#10;        at org.apache.hadoop.ipc.CallQueueManager.take(CallQueueManager.java:288)&#10;        at org.apache.hadoop.ipc.Server$Handler.run(Server.java:2668)&#10;&quot;BlockDeletingService#5&quot; daemon prio=5 tid=1848 in Object.wait()&#10;java.lang.Thread.State: WAITING (on object monitor)&#10;        at sun.misc.Unsafe.park(Native Method)&#10;        at java.util.concurrent.locks.LockSupport.park(LockSupport.java:175)&#10;        at java.util.concurrent.locks.AbstractQueuedSynchronizer$ConditionObject.await(AbstractQueuedSynchronizer.java:2039)&#10;        at java.util.concurrent.ScheduledThreadPoolExecutor$DelayedWorkQueue.take(ScheduledThreadPoolExecutor.java:1088)&#10;        at java.util.concurrent.ScheduledThreadPoolExecutor$DelayedWorkQueue.take(ScheduledThreadPoolExecutor.java:809)&#10;        at java.util.concurrent.ThreadPoolExecutor.getTask(ThreadPoolExecutor.java:1074)&#10;        at java.util.concurrent.ThreadPoolExecutor.runWorker(ThreadPoolExecutor.java:1134)&#10;        at java.util.concurrent.ThreadPoolExecutor$Worker.run(ThreadPoolExecutor.java:624)&#10;        at java.lang.Thread.run(Thread.java:748)&#10;&quot;Command processor thread&quot; daemon prio=5 tid=337 timed_waiting&#10;java.lang.Thread.State: TIMED_WAITING&#10;        at java.lang.Thread.sleep(Native Method)&#10;        at org.apache.hadoop.ozone.container.common.statemachine.DatanodeStateMachine.lambda$initCommandHandlerThread$1(DatanodeStateMachine.java:439)&#10;        at org.apache.hadoop.ozone.container.common.statemachine.DatanodeStateMachine$$Lambda$137/1719414483.run(Unknown Source)&#10;        at java.lang.Thread.run(Thread.java:748)&#10;&quot;8466bef0-9559-4d2e-b20d-aaf3fd2b14fd@group-8D27FC9C30A9-SegmentedRaftLogWorker&quot;  prio=5 tid=822 timed_waiting&#10;java.lang.Thread.State: TIMED_WAITING&#10;        at sun.misc.Unsafe.park(Native Method)&#10;        at java.util.concurrent.locks.LockSupport.parkNanos(LockSupport.java:215)&#10;        at java.util.concurrent.locks.AbstractQueuedSynchronizer$ConditionObject.awaitNanos(AbstractQueuedSynchronizer.java:2078)&#10;        at org.apache.ratis.util.DataBlockingQueue.poll(DataBlockingQueue.java:137)&#10;        at org.apache.ratis.server.raftlog.segmented.SegmentedRaftLogWorker.run(SegmentedRaftLogWorker.java:283)&#10;        at java.lang.Thread.run(Thread.java:748)&#10;&quot;Thread-292&quot; daemon prio=5 tid=897 timed_waiting&#10;java.lang.Thread.State: TIMED_WAITING&#10;        at sun.misc.Unsafe.park(Native Method)&#10;        at java.util.concurrent.locks.LockSupport.parkNanos(LockSupport.java:215)&#10;        at java.util.concurrent.locks.AbstractQueuedSynchronizer$ConditionObject.awaitNanos(AbstractQueuedSynchronizer.java:2078)&#10;        at java.util.concurrent.ArrayBlockingQueue.poll(ArrayBlockingQueue.java:418)&#10;        at org.apache.ratis.server.impl.LeaderState$EventQueue.poll(LeaderState.java:115)&#10;        at org.apache.ratis.server.impl.LeaderState$EventProcessor.run(LeaderState.java:457)&#10;&quot;java.util.concurrent.ThreadPoolExecutor$Worker@5c1a4f77[State = -1, empty queue]&quot; daemon prio=5 tid=4060 runnable&#10;java.lang.Thread.State: RUNNABLE&#10;        at java.util.concurrent.ScheduledThreadPoolExecutor$DelayedWorkQueue.poll(ScheduledThreadPoolExecutor.java:809)&#10;        at java.util.concurrent.ThreadPoolExecutor.getTask(ThreadPoolExecutor.java:1073)&#10;        at java.util.concurrent.ThreadPoolExecutor.runWorker(ThreadPoolExecutor.java:1134)&#10;        at java.util.concurrent.ThreadPoolExecutor$Worker.run(ThreadPoolExecutor.java:624)&#10;        at java.lang.Thread.run(Thread.java:748)&#10;&quot;pool-66-thread-48&quot;  prio=5 tid=637 in Object.wait()&#10;java.lang.Thread.State: WAITING (on object monitor)&#10;        at sun.misc.Unsafe.park(Native Method)&#10;        at java.util.concurrent.locks.LockSupport.park(LockSupport.java:175)&#10;        at java.util.concurrent.locks.AbstractQueuedSynchronizer$ConditionObject.await(AbstractQueuedSynchronizer.java:2039)&#10;        at java.util.concurrent.ArrayBlockingQueue.take(ArrayBlockingQueue.java:403)&#10;        at java.util.concurrent.ThreadPoolExecutor.getTask(ThreadPoolExecutor.java:1074)&#10;        at java.util.concurrent.ThreadPoolExecutor.runWorker(ThreadPoolExecutor.java:1134)&#10;        at java.util.concurrent.ThreadPoolExecutor$Worker.run(ThreadPoolExecutor.java:624)&#10;        at java.lang.Thread.run(Thread.java:748)&#10;&quot;PartialTableCache Cleanup Thread - 0&quot; daemon prio=5 tid=838 in Object.wait()&#10;java.lang.Thread.State: WAITING (on object monitor)&#10;        at sun.misc.Unsafe.park(Native Method)&#10;        at java.util.concurrent.locks.LockSupport.park(LockSupport.java:175)&#10;        at java.util.concurrent.locks.AbstractQueuedSynchronizer$ConditionObject.await(AbstractQueuedSynchronizer.java:2039)&#10;        at java.util.concurrent.LinkedBlockingQueue.take(LinkedBlockingQueue.java:442)&#10;        at java.util.concurrent.ThreadPoolExecutor.getTask(ThreadPoolExecutor.java:1074)&#10;        at java.util.concurrent.ThreadPoolExecutor.runWorker(ThreadPoolExecutor.java:1134)&#10;        at java.util.concurrent.ThreadPoolExecutor$Worker.run(ThreadPoolExecutor.java:624)&#10;        at java.lang.Thread.run(Thread.java:748)&#10;&quot;pool-46-thread-23&quot;  prio=5 tid=483 in Object.wait()&#10;java.lang.Thread.State: WAITING (on object monitor)&#10;        at sun.misc.Unsafe.park(Native Method)&#10;        at java.util.concurrent.locks.LockSupport.park(LockSupport.java:175)&#10;        at java.util.concurrent.locks.AbstractQueuedSynchronizer$ConditionObject.await(AbstractQueuedSynchronizer.java:2039)&#10;        at java.util.concurrent.ArrayBlockingQueue.take(ArrayBlockingQueue.java:403)&#10;        at java.util.concurrent.ThreadPoolExecutor.getTask(ThreadPoolExecutor.java:1074)&#10;        at java.util.concurrent.ThreadPoolExecutor.runWorker(ThreadPoolExecutor.java:1134)&#10;        at java.util.concurrent.ThreadPoolExecutor$Worker.run(ThreadPoolExecutor.java:624)&#10;        at java.lang.Thread.run(Thread.java:748)&#10;&quot;BlockDeletingService#3&quot; daemon prio=5 tid=1310 in Object.wait()&#10;java.lang.Thread.State: WAITING (on object monitor)&#10;        at sun.misc.Unsafe.park(Native Method)&#10;        at java.util.concurrent.locks.LockSupport.park(LockSupport.java:175)&#10;        at java.util.concurrent.locks.AbstractQueuedSynchronizer$ConditionObject.await(AbstractQueuedSynchronizer.java:2039)&#10;        at java.util.concurrent.ScheduledThreadPoolExecutor$DelayedWorkQueue.take(ScheduledThreadPoolExecutor.java:1088)&#10;        at java.util.concurrent.ScheduledThreadPoolExecutor$DelayedWorkQueue.take(ScheduledThreadPoolExecutor.java:809)&#10;        at java.util.concurrent.ThreadPoolExecutor.getTask(ThreadPoolExecutor.java:1074)&#10;        at java.util.concurrent.ThreadPoolExecutor.runWorker(ThreadPoolExecutor.java:1134)&#10;        at java.util.concurrent.ThreadPoolExecutor$Worker.run(ThreadPoolExecutor.java:624)&#10;        at java.lang.Thread.run(Thread.java:748)&#10;&quot;java.util.concurrent.ThreadPoolExecutor$Worker@3c380bd8[State = -1, empty queue]&quot; daemon prio=5 tid=3848 runnable&#10;java.lang.Thread.State: RUNNABLE&#10;        at java.util.concurrent.ScheduledThreadPoolExecutor$DelayedWorkQueue.poll(ScheduledThreadPoolExecutor.java:809)&#10;        at java.util.concurrent.ThreadPoolExecutor.getTask(ThreadPoolExecutor.java:1073)&#10;        at java.util.concurrent.ThreadPoolExecutor.runWorker(ThreadPoolExecutor.java:1134)&#10;        at java.util.concurrent.ThreadPoolExecutor$Worker.run(ThreadPoolExecutor.java:624)&#10;        at java.lang.Thread.run(Thread.java:748)&#10;&quot;BlockDeletingService#4&quot; daemon prio=5 tid=1453 in Object.wait()&#10;java.lang.Thread.State: WAITING (on object monitor)&#10;        at sun.misc.Unsafe.park(Native Method)&#10;        at java.util.concurrent.locks.LockSupport.park(LockSupport.java:175)&#10;        at java.util.concurrent.locks.AbstractQueuedSynchronizer$ConditionObject.await(AbstractQueuedSynchronizer.java:2039)&#10;        at java.util.concurrent.ScheduledThreadPoolExecutor$DelayedWorkQueue.take(ScheduledThreadPoolExecutor.java:1088)&#10;        at java.util.concurrent.ScheduledThreadPoolExecutor$DelayedWorkQueue.take(ScheduledThreadPoolExecutor.java:809)&#10;        at java.util.concurrent.ThreadPoolExecutor.getTask(ThreadPoolExecutor.java:1074)&#10;        at java.util.concurrent.ThreadPoolExecutor.runWorker(ThreadPoolExecutor.java:1134)&#10;        at java.util.concurrent.ThreadPoolExecutor$Worker.run(ThreadPoolExecutor.java:624)&#10;        at java.lang.Thread.run(Thread.java:748)&#10;&quot;process reaper&quot; daemon prio=10 tid=10 timed_waiting&#10;java.lang.Thread.State: TIMED_WAITING&#10;        at sun.misc.Unsafe.park(Native Method)&#10;        at java.util.concurrent.locks.LockSupport.parkNanos(LockSupport.java:215)&#10;        at java.util.concurrent.SynchronousQueue$TransferStack.awaitFulfill(SynchronousQueue.java:460)&#10;        at java.util.concurrent.SynchronousQueue$TransferStack.transfer(SynchronousQueue.java:362)&#10;        at java.util.concurrent.SynchronousQueue.poll(SynchronousQueue.java:941)&#10;        at java.util.concurrent.ThreadPoolExecutor.getTask(ThreadPoolExecutor.java:1073)&#10;        at java.util.concurrent.ThreadPoolExecutor.runWorker(ThreadPoolExecutor.java:1134)&#10;        at java.util.concurrent.ThreadPoolExecutor$Worker.run(ThreadPoolExecutor.java:624)&#10;        at java.lang.Thread.run(Thread.java:748)&#10;&quot;qtp729375394-298&quot; daemon prio=5 tid=298 timed_waiting&#10;java.lang.Thread.State: TIMED_WAITING&#10;        at sun.misc.Unsafe.park(Native Method)&#10;        at java.util.concurrent.locks.LockSupport.parkNanos(LockSupport.java:215)&#10;        at java.util.concurrent.locks.AbstractQueuedSynchronizer$ConditionObject.awaitNanos(AbstractQueuedSynchronizer.java:2078)&#10;        at org.eclipse.jetty.util.BlockingArrayQueue.poll(BlockingArrayQueue.java:392)&#10;        at org.eclipse.jetty.util.thread.QueuedThreadPool.idleJobPoll(QueuedThreadPool.java:563)&#10;        at org.eclipse.jetty.util.thread.QueuedThreadPool.access$800(QueuedThreadPool.java:48)&#10;        at org.eclipse.jetty.util.thread.QueuedThreadPool$2.run(QueuedThreadPool.java:626)&#10;        at java.lang.Thread.run(Thread.java:748)&#10;&quot;BlockDeletingService#0&quot; daemon prio=5 tid=774 in Object.wait()&#10;java.lang.Thread.State: WAITING (on object monitor)&#10;        at sun.misc.Unsafe.park(Native Method)&#10;        at java.util.concurrent.locks.LockSupport.park(LockSupport.java:175)&#10;        at java.util.concurrent.locks.AbstractQueuedSynchronizer$ConditionObject.await(AbstractQueuedSynchronizer.java:2039)&#10;        at java.util.concurrent.ScheduledThreadPoolExecutor$DelayedWorkQueue.take(ScheduledThreadPoolExecutor.java:1088)&#10;        at java.util.concurrent.ScheduledThreadPoolExecutor$DelayedWorkQueue.take(ScheduledThreadPoolExecutor.java:809)&#10;        at java.util.concurrent.ThreadPoolExecutor.getTask(ThreadPoolExecutor.java:1074)&#10;        at java.util.concurrent.ThreadPoolExecutor.runWorker(ThreadPoolExecutor.java:1134)&#10;        at java.util.concurrent.ThreadPoolExecutor$Worker.run(ThreadPoolExecutor.java:624)&#10;        at java.lang.Thread.run(Thread.java:748)&#10;&quot;pool-66-thread-23&quot;  prio=5 tid=612 in Object.wait()&#10;java.lang.Thread.State: WAITING (on object monitor)&#10;        at sun.misc.Unsafe.park(Native Method)&#10;        at java.util.concurrent.locks.LockSupport.park(LockSupport.java:175)&#10;        at java.util.concurrent.locks.AbstractQueuedSynchronizer$ConditionObject.await(AbstractQueuedSynchronizer.java:2039)&#10;        at java.util.concurrent.ArrayBlockingQueue.take(ArrayBlockingQueue.java:403)&#10;        at java.util.concurrent.ThreadPoolExecutor.getTask(ThreadPoolExecutor.java:1074)&#10;        at java.util.concurrent.ThreadPoolExecutor.runWorker(ThreadPoolExecutor.java:1134)&#10;        at java.util.concurrent.ThreadPoolExecutor$Worker.run(ThreadPoolExecutor.java:624)&#10;        at java.lang.Thread.run(Thread.java:748)&#10;&quot;Datanode ReportManager Thread - 3&quot; daemon prio=5 tid=174 in Object.wait()&#10;java.lang.Thread.State: WAITING (on object monitor)&#10;        at sun.misc.Unsafe.park(Native Method)&#10;        at java.util.concurrent.locks.LockSupport.park(LockSupport.java:175)&#10;        at java.util.concurrent.locks.AbstractQueuedSynchronizer$ConditionObject.await(AbstractQueuedSynchronizer.java:2039)&#10;        at java.util.concurrent.ScheduledThreadPoolExecutor$DelayedWorkQueue.take(ScheduledThreadPoolExecutor.java:1088)&#10;        at java.util.concurrent.ScheduledThreadPoolExecutor$DelayedWorkQueue.take(ScheduledThreadPoolExecutor.java:809)&#10;        at java.util.concurrent.ThreadPoolExecutor.getTask(ThreadPoolExecutor.java:1074)&#10;        at java.util.concurrent.ThreadPoolExecutor.runWorker(ThreadPoolExecutor.java:1134)&#10;        at java.util.concurrent.ThreadPoolExecutor$Worker.run(ThreadPoolExecutor.java:624)&#10;        at java.lang.Thread.run(Thread.java:748)&#10;&quot;BlockDeletingService#5&quot; daemon prio=5 tid=1849 in Object.wait()&#10;java.lang.Thread.State: WAITING (on object monitor)&#10;        at sun.misc.Unsafe.park(Native Method)&#10;        at java.util.concurrent.locks.LockSupport.park(LockSupport.java:175)&#10;        at java.util.concurrent.locks.AbstractQueuedSynchronizer$ConditionObject.await(AbstractQueuedSynchronizer.java:2039)&#10;        at java.util.concurrent.ScheduledThreadPoolExecutor$DelayedWorkQueue.take(ScheduledThreadPoolExecutor.java:1088)&#10;        at java.util.concurrent.ScheduledThreadPoolExecutor$DelayedWorkQueue.take(ScheduledThreadPoolExecutor.java:809)&#10;        at java.util.concurrent.ThreadPoolExecutor.getTask(ThreadPoolExecutor.java:1074)&#10;        at java.util.concurrent.ThreadPoolExecutor.runWorker(ThreadPoolExecutor.java:1134)&#10;        at java.util.concurrent.ThreadPoolExecutor$Worker.run(ThreadPoolExecutor.java:624)&#10;        at java.lang.Thread.run(Thread.java:748)&#10;&quot;pool-26-thread-21&quot;  prio=5 tid=361 in Object.wait()&#10;java.lang.Thread.State: WAITING (on object monitor)&#10;        at sun.misc.Unsafe.park(Native Method)&#10;        at java.util.concurrent.locks.LockSupport.park(LockSupport.java:175)&#10;        at java.util.concurrent.locks.AbstractQueuedSynchronizer$ConditionObject.await(AbstractQueuedSynchronizer.java:2039)&#10;        at java.util.concurrent.ArrayBlockingQueue.take(ArrayBlockingQueue.java:403)&#10;        at java.util.concurrent.ThreadPoolExecutor.getTask(ThreadPoolExecutor.java:1074)&#10;        at java.util.concurrent.ThreadPoolExecutor.runWorker(ThreadPoolExecutor.java:1134)&#10;        at java.util.concurrent.ThreadPoolExecutor$Worker.run(ThreadPoolExecutor.java:624)&#10;        at java.lang.Thread.run(Thread.java:748)&#10;&quot;IPC Server handler 1 on 40610&quot; daemon prio=5 tid=116 timed_waiting&#10;java.lang.Thread.State: TIMED_WAITING&#10;        at sun.misc.Unsafe.park(Native Method)&#10;        at java.util.concurrent.locks.LockSupport.parkNanos(LockSupport.java:215)&#10;        at java.util.concurrent.locks.AbstractQueuedSynchronizer$ConditionObject.awaitNanos(AbstractQueuedSynchronizer.java:2078)&#10;        at java.util.concurrent.LinkedBlockingQueue.poll(LinkedBlockingQueue.java:467)&#10;        at org.apache.hadoop.ipc.CallQueueManager.take(CallQueueManager.java:288)&#10;        at org.apache.hadoop.ipc.Server$Handler.run(Server.java:2668)&#10;&quot;Datanode ReportManager Thread - 3&quot; daemon prio=5 tid=201 in Object.wait()&#10;java.lang.Thread.State: WAITING (on object monitor)&#10;        at sun.misc.Unsafe.park(Native Method)&#10;        at java.util.concurrent.locks.LockSupport.park(LockSupport.java:175)&#10;        at java.util.concurrent.locks.AbstractQueuedSynchronizer$ConditionObject.await(AbstractQueuedSynchronizer.java:2039)&#10;        at java.util.concurrent.ScheduledThreadPoolExecutor$DelayedWorkQueue.take(ScheduledThreadPoolExecutor.java:1088)&#10;        at java.util.concurrent.ScheduledThreadPoolExecutor$DelayedWorkQueue.take(ScheduledThreadPoolExecutor.java:809)&#10;        at java.util.concurrent.ThreadPoolExecutor.getTask(ThreadPoolExecutor.java:1074)&#10;        at java.util.concurrent.ThreadPoolExecutor.runWorker(ThreadPoolExecutor.java:1134)&#10;        at java.util.concurrent.ThreadPoolExecutor$Worker.run(ThreadPoolExecutor.java:624)&#10;        at java.lang.Thread.run(Thread.java:748)&#10;&quot;IPC Server handler 17 on 40610&quot; daemon prio=5 tid=132 timed_waiting&#10;java.lang.Thread.State: TIMED_WAITING&#10;        at sun.misc.Unsafe.park(Native Method)&#10;        at java.util.concurrent.locks.LockSupport.parkNanos(LockSupport.java:215)&#10;        at java.util.concurrent.locks.AbstractQueuedSynchronizer$ConditionObject.awaitNanos(AbstractQueuedSynchronizer.java:2078)&#10;        at java.util.concurrent.LinkedBlockingQueue.poll(LinkedBlockingQueue.java:467)&#10;        at org.apache.hadoop.ipc.CallQueueManager.take(CallQueueManager.java:288)&#10;        at org.apache.hadoop.ipc.Server$Handler.run(Server.java:2668)&#10;&quot;pool-66-thread-44&quot;  prio=5 tid=633 in Object.wait()&#10;java.lang.Thread.State: WAITING (on object monitor)&#10;        at sun.misc.Unsafe.park(Native Method)&#10;        at java.util.concurrent.locks.LockSupport.park(LockSupport.java:175)&#10;        at java.util.concurrent.locks.AbstractQueuedSynchronizer$ConditionObject.await(AbstractQueuedSynchronizer.java:2039)&#10;        at java.util.concurrent.ArrayBlockingQueue.take(ArrayBlockingQueue.java:403)&#10;        at java.util.concurrent.ThreadPoolExecutor.getTask(ThreadPoolExecutor.java:1074)&#10;        at java.util.concurrent.ThreadPoolExecutor.runWorker(ThreadPoolExecutor.java:1134)&#10;        at java.util.concurrent.ThreadPoolExecutor$Worker.run(ThreadPoolExecutor.java:624)&#10;        at java.lang.Thread.run(Thread.java:748)&#10;&quot;metrics-hadoop-metrics2-reporter-30-thread-1&quot; daemon prio=5 tid=986 timed_waiting&#10;java.lang.Thread.State: TIMED_WAITING&#10;        at sun.misc.Unsafe.park(Native Method)&#10;        at java.util.concurrent.locks.LockSupport.parkNanos(LockSupport.java:215)&#10;        at java.util.concurrent.locks.AbstractQueuedSynchronizer$ConditionObject.awaitNanos(AbstractQueuedSynchronizer.java:2078)&#10;        at java.util.concurrent.ScheduledThreadPoolExecutor$DelayedWorkQueue.take(ScheduledThreadPoolExecutor.java:1093)&#10;        at java.util.concurrent.ScheduledThreadPoolExecutor$DelayedWorkQueue.take(ScheduledThreadPoolExecutor.java:809)&#10;        at java.util.concurrent.ThreadPoolExecutor.getTask(ThreadPoolExecutor.java:1074)&#10;        at java.util.concurrent.ThreadPoolExecutor.runWorker(ThreadPoolExecutor.java:1134)&#10;        at java.util.concurrent.ThreadPoolExecutor$Worker.run(ThreadPoolExecutor.java:624)&#10;        at java.lang.Thread.run(Thread.java:748)&#10;&quot;EventQueue-NewNodeForNewNodeHandler&quot; daemon prio=5 tid=776 in Object.wait()&#10;java.lang.Thread.State: WAITING (on object monitor)&#10;        at sun.misc.Unsafe.park(Native Method)&#10;        at java.util.concurrent.locks.LockSupport.park(LockSupport.java:175)&#10;        at java.util.concurrent.locks.AbstractQueuedSynchronizer$ConditionObject.await(AbstractQueuedSynchronizer.java:2039)&#10;        at java.util.concurrent.LinkedBlockingQueue.take(LinkedBlockingQueue.java:442)&#10;        at java.util.concurrent.ThreadPoolExecutor.getTask(ThreadPoolExecutor.java:1074)&#10;        at java.util.concurrent.ThreadPoolExecutor.runWorker(ThreadPoolExecutor.java:1134)&#10;        at java.util.concurrent.ThreadPoolExecutor$Worker.run(ThreadPoolExecutor.java:624)&#10;        at java.lang.Thread.run(Thread.java:748)&#10;&quot;pool-66-thread-20&quot;  prio=5 tid=609 in Object.wait()&#10;java.lang.Thread.State: WAITING (on object monitor)&#10;        at sun.misc.Unsafe.park(Native Method)&#10;        at java.util.concurrent.locks.LockSupport.park(LockSupport.java:175)&#10;        at java.util.concurrent.locks.AbstractQueuedSynchronizer$ConditionObject.await(AbstractQueuedSynchronizer.java:2039)&#10;        at java.util.concurrent.ArrayBlockingQueue.take(ArrayBlockingQueue.java:403)&#10;        at java.util.concurrent.ThreadPoolExecutor.getTask(ThreadPoolExecutor.java:1074)&#10;        at java.util.concurrent.ThreadPoolExecutor.runWorker(ThreadPoolExecutor.java:1134)&#10;        at java.util.concurrent.ThreadPoolExecutor$Worker.run(ThreadPoolExecutor.java:624)&#10;        at java.lang.Thread.run(Thread.java:748)&#10;&quot;pool-46-thread-6&quot;  prio=5 tid=466 in Object.wait()&#10;java.lang.Thread.State: WAITING (on object monitor)&#10;        at sun.misc.Unsafe.park(Native Method)&#10;        at java.util.concurrent.locks.LockSupport.park(LockSupport.java:175)&#10;        at java.util.concurrent.locks.AbstractQueuedSynchronizer$ConditionObject.await(AbstractQueuedSynchronizer.java:2039)&#10;        at java.util.concurrent.ArrayBlockingQueue.take(ArrayBlockingQueue.java:403)&#10;        at java.util.concurrent.ThreadPoolExecutor.getTask(ThreadPoolExecutor.java:1074)&#10;        at java.util.concurrent.ThreadPoolExecutor.runWorker(ThreadPoolExecutor.java:1134)&#10;        at java.util.concurrent.ThreadPoolExecutor$Worker.run(ThreadPoolExecutor.java:624)&#10;        at java.lang.Thread.run(Thread.java:748)&#10;&quot;org.eclipse.jetty.server.session.HashSessionManager@50687efbTimer&quot; daemon prio=5 tid=97 timed_waiting&#10;java.lang.Thread.State: TIMED_WAITING&#10;        at sun.misc.Unsafe.park(Native Method)&#10;        at java.util.concurrent.locks.LockSupport.parkNanos(LockSupport.java:215)&#10;        at java.util.concurrent.locks.AbstractQueuedSynchronizer$ConditionObject.awaitNanos(AbstractQueuedSynchronizer.java:2078)&#10;        at java.util.concurrent.ScheduledThreadPoolExecutor$DelayedWorkQueue.take(ScheduledThreadPoolExecutor.java:1093)&#10;        at java.util.concurrent.ScheduledThreadPoolExecutor$DelayedWorkQueue.take(ScheduledThreadPoolExecutor.java:809)&#10;        at java.util.concurrent.ThreadPoolExecutor.getTask(ThreadPoolExecutor.java:1074)&#10;        at java.util.concurrent.ThreadPoolExecutor.runWorker(ThreadPoolExecutor.java:1134)&#10;        at java.util.concurrent.ThreadPoolExecutor$Worker.run(ThreadPoolExecutor.java:624)&#10;        at java.lang.Thread.run(Thread.java:748)&#10;&quot;pool-54-thread-1&quot; daemon prio=5 tid=237 in Object.wait()&#10;java.lang.Thread.State: WAITING (on object monitor)&#10;        at sun.misc.Unsafe.park(Native Method)&#10;        at java.util.concurrent.locks.LockSupport.park(LockSupport.java:175)&#10;        at java.util.concurrent.locks.AbstractQueuedSynchronizer$ConditionObject.await(AbstractQueuedSynchronizer.java:2039)&#10;        at java.util.concurrent.ScheduledThreadPoolExecutor$DelayedWorkQueue.take(ScheduledThreadPoolExecutor.java:1081)&#10;        at java.util.concurrent.ScheduledThreadPoolExecutor$DelayedWorkQueue.take(ScheduledThreadPoolExecutor.java:809)&#10;        at java.util.concurrent.ThreadPoolExecutor.getTask(ThreadPoolExecutor.java:1074)&#10;        at java.util.concurrent.ThreadPoolExecutor.runWorker(ThreadPoolExecutor.java:1134)&#10;        at java.util.concurrent.ThreadPoolExecutor$Worker.run(ThreadPoolExecutor.java:624)&#10;        at java.lang.Thread.run(Thread.java:748)&#10;&quot;pool-36-thread-42&quot;  prio=5 tid=442 in Object.wait()&#10;java.lang.Thread.State: WAITING (on object monitor)&#10;        at sun.misc.Unsafe.park(Native Method)&#10;        at java.util.concurrent.locks.LockSupport.park(LockSupport.java:175)&#10;        at java.util.concurrent.locks.AbstractQueuedSynchronizer$ConditionObject.await(AbstractQueuedSynchronizer.java:2039)&#10;        at java.util.concurrent.ArrayBlockingQueue.take(ArrayBlockingQueue.java:403)&#10;        at java.util.concurrent.ThreadPoolExecutor.getTask(ThreadPoolExecutor.java:1074)&#10;        at java.util.concurrent.ThreadPoolExecutor.runWorker(ThreadPoolExecutor.java:1134)&#10;        at java.util.concurrent.ThreadPoolExecutor$Worker.run(ThreadPoolExecutor.java:624)&#10;        at java.lang.Thread.run(Thread.java:748)&#10;&quot;pool-86-thread-59&quot;  prio=5 tid=772 in Object.wait()&#10;java.lang.Thread.State: WAITING (on object monitor)&#10;        at sun.misc.Unsafe.park(Native Method)&#10;        at java.util.concurrent.locks.LockSupport.park(LockSupport.java:175)&#10;        at java.util.concurrent.locks.AbstractQueuedSynchronizer$ConditionObject.await(AbstractQueuedSynchronizer.java:2039)&#10;        at java.util.concurrent.ArrayBlockingQueue.take(ArrayBlockingQueue.java:403)&#10;        at java.util.concurrent.ThreadPoolExecutor.getTask(ThreadPoolExecutor.java:1074)&#10;        at java.util.concurrent.ThreadPoolExecutor.runWorker(ThreadPoolExecutor.java:1134)&#10;        at java.util.concurrent.ThreadPoolExecutor$Worker.run(ThreadPoolExecutor.java:624)&#10;        at java.lang.Thread.run(Thread.java:748)&#10;&quot;metrics-hadoop-metrics2-reporter-17-thread-1&quot; daemon prio=5 tid=863 timed_waiting&#10;java.lang.Thread.State: TIMED_WAITING&#10;        at sun.misc.Unsafe.park(Native Method)&#10;        at java.util.concurrent.locks.LockSupport.parkNanos(LockSupport.java:215)&#10;        at java.util.concurrent.locks.AbstractQueuedSynchronizer$ConditionObject.awaitNanos(AbstractQueuedSynchronizer.java:2078)&#10;        at java.util.concurrent.ScheduledThreadPoolExecutor$DelayedWorkQueue.take(ScheduledThreadPoolExecutor.java:1093)&#10;        at java.util.concurrent.ScheduledThreadPoolExecutor$DelayedWorkQueue.take(ScheduledThreadPoolExecutor.java:809)&#10;        at java.util.concurrent.ThreadPoolExecutor.getTask(ThreadPoolExecutor.java:1074)&#10;        at java.util.concurrent.ThreadPoolExecutor.runWorker(ThreadPoolExecutor.java:1134)&#10;        at java.util.concurrent.ThreadPoolExecutor$Worker.run(ThreadPoolExecutor.java:624)&#10;        at java.lang.Thread.run(Thread.java:748)&#10;&quot;pool-36-thread-50&quot;  prio=5 tid=450 in Object.wait()&#10;java.lang.Thread.State: WAITING (on object monitor)&#10;        at sun.misc.Unsafe.park(Native Method)&#10;        at java.util.concurrent.locks.LockSupport.park(LockSupport.java:175)&#10;        at java.util.concurrent.locks.AbstractQueuedSynchronizer$ConditionObject.await(AbstractQueuedSynchronizer.java:2039)&#10;        at java.util.concurrent.ArrayBlockingQueue.take(ArrayBlockingQueue.java:403)&#10;        at java.util.concurrent.ThreadPoolExecutor.getTask(ThreadPoolExecutor.java:1074)&#10;        at java.util.concurrent.ThreadPoolExecutor.runWorker(ThreadPoolExecutor.java:1134)&#10;        at java.util.concurrent.ThreadPoolExecutor$Worker.run(ThreadPoolExecutor.java:624)&#10;        at java.lang.Thread.run(Thread.java:748)&#10;&quot;pool-56-thread-17&quot;  prio=5 tid=544 in Object.wait()&#10;java.lang.Thread.State: WAITING (on object monitor)&#10;        at sun.misc.Unsafe.park(Native Method)&#10;        at java.util.concurrent.locks.LockSupport.park(LockSupport.java:175)&#10;        at java.util.concurrent.locks.AbstractQueuedSynchronizer$ConditionObject.await(AbstractQueuedSynchronizer.java:2039)&#10;        at java.util.concurrent.ArrayBlockingQueue.take(ArrayBlockingQueue.java:403)&#10;        at java.util.concurrent.ThreadPoolExecutor.getTask(ThreadPoolExecutor.java:1074)&#10;        at java.util.concurrent.ThreadPoolExecutor.runWorker(ThreadPoolExecutor.java:1134)&#10;        at java.util.concurrent.ThreadPoolExecutor$Worker.run(ThreadPoolExecutor.java:624)&#10;        at java.lang.Thread.run(Thread.java:748)&#10;&quot;metrics-hadoop-metrics2-reporter-31-thread-1&quot; daemon prio=5 tid=1579 timed_waiting&#10;java.lang.Thread.State: TIMED_WAITING&#10;        at sun.misc.Unsafe.park(Native Method)&#10;        at java.util.concurrent.locks.LockSupport.parkNanos(LockSupport.java:215)&#10;        at java.util.concurrent.locks.AbstractQueuedSynchronizer$ConditionObject.awaitNanos(AbstractQueuedSynchronizer.java:2078)&#10;        at java.util.concurrent.ScheduledThreadPoolExecutor$DelayedWorkQueue.take(ScheduledThreadPoolExecutor.java:1093)&#10;        at java.util.concurrent.ScheduledThreadPoolExecutor$DelayedWorkQueue.take(ScheduledThreadPoolExecutor.java:809)&#10;        at java.util.concurrent.ThreadPoolExecutor.getTask(ThreadPoolExecutor.java:1074)&#10;        at java.util.concurrent.ThreadPoolExecutor.runWorker(ThreadPoolExecutor.java:1134)&#10;        at java.util.concurrent.ThreadPoolExecutor$Worker.run(ThreadPoolExecutor.java:624)&#10;        at java.lang.Thread.run(Thread.java:748)&#10;&quot;qtp729375394-297&quot; daemon prio=5 tid=297 timed_waiting&#10;java.lang.Thread.State: TIMED_WAITING&#10;        at sun.misc.Unsafe.park(Native Method)&#10;        at java.util.concurrent.locks.LockSupport.parkNanos(LockSupport.java:215)&#10;        at java.util.concurrent.locks.AbstractQueuedSynchronizer$ConditionObject.awaitNanos(AbstractQueuedSynchronizer.java:2078)&#10;        at org.eclipse.jetty.util.BlockingArrayQueue.poll(BlockingArrayQueue.java:392)&#10;        at org.eclipse.jetty.util.thread.QueuedThreadPool.idleJobPoll(QueuedThreadPool.java:563)&#10;        at org.eclipse.jetty.util.thread.QueuedThreadPool.access$800(QueuedThreadPool.java:48)&#10;        at org.eclipse.jetty.util.thread.QueuedThreadPool$2.run(QueuedThreadPool.java:626)&#10;        at java.lang.Thread.run(Thread.java:748)&#10;&quot;Socket Reader #1 for port 40610&quot;  prio=5 tid=110 runnable&#10;java.lang.Thread.State: RUNNABLE&#10;        at sun.nio.ch.EPollArrayWrapper.epollWait(Native Method)&#10;        at sun.nio.ch.EPollArrayWrapper.poll(EPollArrayWrapper.java:269)&#10;        at sun.nio.ch.EPollSelectorImpl.doSelect(EPollSelectorImpl.java:93)&#10;        at sun.nio.ch.SelectorImpl.lockAndDoSelect(SelectorImpl.java:86)&#10;        at sun.nio.ch.SelectorImpl.select(SelectorImpl.java:97)&#10;        at sun.nio.ch.SelectorImpl.select(SelectorImpl.java:101)&#10;        at org.apache.hadoop.ipc.Server$Listener$Reader.doRunLoop(Server.java:1097)&#10;        at org.apache.hadoop.ipc.Server$Listener$Reader.run(Server.java:1076)&#10;&quot;pool-66-thread-55&quot;  prio=5 tid=644 in Object.wait()&#10;java.lang.Thread.State: WAITING (on object monitor)&#10;        at sun.misc.Unsafe.park(Native Method)&#10;        at java.util.concurrent.locks.LockSupport.park(LockSupport.java:175)&#10;        at java.util.concurrent.locks.AbstractQueuedSynchronizer$ConditionObject.await(AbstractQueuedSynchronizer.java:2039)&#10;        at java.util.concurrent.ArrayBlockingQueue.take(ArrayBlockingQueue.java:403)&#10;        at java.util.concurrent.ThreadPoolExecutor.getTask(ThreadPoolExecutor.java:1074)&#10;        at java.util.concurrent.ThreadPoolExecutor.runWorker(ThreadPoolExecutor.java:1134)&#10;        at java.util.concurrent.ThreadPoolExecutor$Worker.run(ThreadPoolExecutor.java:624)&#10;        at java.lang.Thread.run(Thread.java:748)&#10;&quot;IPC Server idle connection scanner for port 38980&quot; daemon prio=5 tid=16 timed_waiting&#10;java.lang.Thread.State: TIMED_WAITING&#10;        at java.lang.Object.wait(Native Method)&#10;        at java.util.TimerThread.mainLoop(Timer.java:552)&#10;        at java.util.TimerThread.run(Timer.java:505)&#10;&quot;pool-36-thread-5&quot;  prio=5 tid=405 in Object.wait()&#10;java.lang.Thread.State: WAITING (on object monitor)&#10;        at sun.misc.Unsafe.park(Native Method)&#10;        at java.util.concurrent.locks.LockSupport.park(LockSupport.java:175)&#10;        at java.util.concurrent.locks.AbstractQueuedSynchronizer$ConditionObject.await(AbstractQueuedSynchronizer.java:2039)&#10;        at java.util.concurrent.ArrayBlockingQueue.take(ArrayBlockingQueue.java:403)&#10;        at java.util.concurrent.ThreadPoolExecutor.getTask(ThreadPoolExecutor.java:1074)&#10;        at java.util.concurrent.ThreadPoolExecutor.runWorker(ThreadPoolExecutor.java:1134)&#10;        at java.util.concurrent.ThreadPoolExecutor$Worker.run(ThreadPoolExecutor.java:624)&#10;        at java.lang.Thread.run(Thread.java:748)&#10;&quot;metrics-hadoop-metrics2-reporter-11-thread-1&quot; daemon prio=5 tid=829 timed_waiting&#10;java.lang.Thread.State: TIMED_WAITING&#10;        at sun.misc.Unsafe.park(Native Method)&#10;        at java.util.concurrent.locks.LockSupport.parkNanos(LockSupport.java:215)&#10;        at java.util.concurrent.locks.AbstractQueuedSynchronizer$ConditionObject.awaitNanos(AbstractQueuedSynchronizer.java:2078)&#10;        at java.util.concurrent.ScheduledThreadPoolExecutor$DelayedWorkQueue.take(ScheduledThreadPoolExecutor.java:1093)&#10;        at java.util.concurrent.ScheduledThreadPoolExecutor$DelayedWorkQueue.take(ScheduledThreadPoolExecutor.java:809)&#10;        at java.util.concurrent.ThreadPoolExecutor.getTask(ThreadPoolExecutor.java:1074)&#10;        at java.util.concurrent.ThreadPoolExecutor.runWorker(ThreadPoolExecutor.java:1134)&#10;        at java.util.concurrent.ThreadPoolExecutor$Worker.run(ThreadPoolExecutor.java:624)&#10;        at java.lang.Thread.run(Thread.java:748)&#10;&quot;qtp978035840-141&quot; daemon prio=5 tid=141 timed_waiting&#10;java.lang.Thread.State: TIMED_WAITING&#10;        at sun.misc.Unsafe.park(Native Method)&#10;        at java.util.concurrent.locks.LockSupport.parkNanos(LockSupport.java:215)&#10;        at java.util.concurrent.locks.AbstractQueuedSynchronizer$ConditionObject.awaitNanos(AbstractQueuedSynchronizer.java:2078)&#10;        at org.eclipse.jetty.util.BlockingArrayQueue.poll(BlockingArrayQueue.java:392)&#10;        at org.eclipse.jetty.util.thread.QueuedThreadPool.idleJobPoll(QueuedThreadPool.java:563)&#10;        at org.eclipse.jetty.util.thread.QueuedThreadPool.access$800(QueuedThreadPool.java:48)&#10;        at org.eclipse.jetty.util.thread.QueuedThreadPool$2.run(QueuedThreadPool.java:626)&#10;        at java.lang.Thread.run(Thread.java:748)&#10;&quot;Datanode ReportManager Thread - 1&quot; daemon prio=5 tid=172 timed_waiting&#10;java.lang.Thread.State: TIMED_WAITING&#10;        at sun.misc.Unsafe.park(Native Method)&#10;        at java.util.concurrent.locks.LockSupport.parkNanos(LockSupport.java:215)&#10;        at java.util.concurrent.locks.AbstractQueuedSynchronizer$ConditionObject.awaitNanos(AbstractQueuedSynchronizer.java:2078)&#10;        at java.util.concurrent.ScheduledThreadPoolExecutor$DelayedWorkQueue.take(ScheduledThreadPoolExecutor.java:1093)&#10;        at java.util.concurrent.ScheduledThreadPoolExecutor$DelayedWorkQueue.take(ScheduledThreadPoolExecutor.java:809)&#10;        at java.util.concurrent.ThreadPoolExecutor.getTask(ThreadPoolExecutor.java:1074)&#10;        at java.util.concurrent.ThreadPoolExecutor.runWorker(ThreadPoolExecutor.java:1134)&#10;        at java.util.concurrent.ThreadPoolExecutor$Worker.run(ThreadPoolExecutor.java:624)&#10;        at java.lang.Thread.run(Thread.java:748)&#10;&quot;org.eclipse.jetty.server.session.HashSessionManager@6f94fb9dTimer&quot; daemon prio=5 tid=275 timed_waiting&#10;java.lang.Thread.State: TIMED_WAITING&#10;        at sun.misc.Unsafe.park(Native Method)&#10;        at java.util.concurrent.locks.LockSupport.parkNanos(LockSupport.java:215)&#10;        at java.util.concurrent.locks.AbstractQueuedSynchronizer$ConditionObject.awaitNanos(AbstractQueuedSynchronizer.java:2078)&#10;        at java.util.concurrent.ScheduledThreadPoolExecutor$DelayedWorkQueue.take(ScheduledThreadPoolExecutor.java:1093)&#10;        at java.util.concurrent.ScheduledThreadPoolExecutor$DelayedWorkQueue.take(ScheduledThreadPoolExecutor.java:809)&#10;        at java.util.concurrent.ThreadPoolExecutor.getTask(ThreadPoolExecutor.java:1074)&#10;        at java.util.concurrent.ThreadPoolExecutor.runWorker(ThreadPoolExecutor.java:1134)&#10;        at java.util.concurrent.ThreadPoolExecutor$Worker.run(ThreadPoolExecutor.java:624)&#10;        at java.lang.Thread.run(Thread.java:748)&#10;&quot;pool-66-thread-14&quot;  prio=5 tid=603 in Object.wait()&#10;java.lang.Thread.State: WAITING (on object monitor)&#10;        at sun.misc.Unsafe.park(Native Method)&#10;        at java.util.concurrent.locks.LockSupport.park(LockSupport.java:175)&#10;        at java.util.concurrent.locks.AbstractQueuedSynchronizer$ConditionObject.await(AbstractQueuedSynchronizer.java:2039)&#10;        at java.util.concurrent.ArrayBlockingQueue.take(ArrayBlockingQueue.java:403)&#10;        at java.util.concurrent.ThreadPoolExecutor.getTask(ThreadPoolExecutor.java:1074)&#10;        at java.util.concurrent.ThreadPoolExecutor.runWorker(ThreadPoolExecutor.java:1134)&#10;        at java.util.concurrent.ThreadPoolExecutor$Worker.run(ThreadPoolExecutor.java:624)&#10;        at java.lang.Thread.run(Thread.java:748)&#10;&quot;pool-66-thread-3&quot;  prio=5 tid=592 in Object.wait()&#10;java.lang.Thread.State: WAITING (on object monitor)&#10;        at sun.misc.Unsafe.park(Native Method)&#10;        at java.util.concurrent.locks.LockSupport.park(LockSupport.java:175)&#10;        at java.util.concurrent.locks.AbstractQueuedSynchronizer$ConditionObject.await(AbstractQueuedSynchronizer.java:2039)&#10;        at java.util.concurrent.ArrayBlockingQueue.take(ArrayBlockingQueue.java:403)&#10;        at java.util.concurrent.ThreadPoolExecutor.getTask(ThreadPoolExecutor.java:1074)&#10;        at java.util.concurrent.ThreadPoolExecutor.runWorker(ThreadPoolExecutor.java:1134)&#10;        at java.util.concurrent.ThreadPoolExecutor$Worker.run(ThreadPoolExecutor.java:624)&#10;        at java.lang.Thread.run(Thread.java:748)&#10;&quot;EventQueue-DatanodeCommandForSCMNodeManager&quot;  prio=5 tid=1011 in Object.wait()&#10;java.lang.Thread.State: WAITING (on object monitor)&#10;        at sun.misc.Unsafe.park(Native Method)&#10;        at java.util.concurrent.locks.LockSupport.park(LockSupport.java:175)&#10;        at java.util.concurrent.locks.AbstractQueuedSynchronizer$ConditionObject.await(AbstractQueuedSynchronizer.java:2039)&#10;        at java.util.concurrent.LinkedBlockingQueue.take(LinkedBlockingQueue.java:442)&#10;        at java.util.concurrent.ThreadPoolExecutor.getTask(ThreadPoolExecutor.java:1074)&#10;        at java.util.concurrent.ThreadPoolExecutor.runWorker(ThreadPoolExecutor.java:1134)&#10;        at java.util.concurrent.ThreadPoolExecutor$Worker.run(ThreadPoolExecutor.java:624)&#10;        at java.lang.Thread.run(Thread.java:748)&#10;&quot;IPC Server handler 4 on 46754&quot; daemon prio=5 tid=53 timed_waiting&#10;java.lang.Thread.State: TIMED_WAITING&#10;        at sun.misc.Unsafe.park(Native Method)&#10;        at java.util.concurrent.locks.LockSupport.parkNanos(LockSupport.java:215)&#10;        at java.util.concurrent.locks.AbstractQueuedSynchronizer$ConditionObject.awaitNanos(AbstractQueuedSynchronizer.java:2078)&#10;        at java.util.concurrent.LinkedBlockingQueue.poll(LinkedBlockingQueue.java:467)&#10;        at org.apache.hadoop.ipc.CallQueueManager.take(CallQueueManager.java:288)&#10;        at org.apache.hadoop.ipc.Server$Handler.run(Server.java:2668)&#10;&quot;pool-26-thread-12&quot;  prio=5 tid=352 in Object.wait()&#10;java.lang.Thread.State: WAITING (on object monitor)&#10;        at sun.misc.Unsafe.park(Native Method)&#10;        at java.util.concurrent.locks.LockSupport.park(LockSupport.java:175)&#10;        at java.util.concurrent.locks.AbstractQueuedSynchronizer$ConditionObject.await(AbstractQueuedSynchronizer.java:2039)&#10;        at java.util.concurrent.ArrayBlockingQueue.take(ArrayBlockingQueue.java:403)&#10;        at java.util.concurrent.ThreadPoolExecutor.getTask(ThreadPoolExecutor.java:1074)&#10;        at java.util.concurrent.ThreadPoolExecutor.runWorker(ThreadPoolExecutor.java:1134)&#10;        at java.util.concurrent.ThreadPoolExecutor$Worker.run(ThreadPoolExecutor.java:624)&#10;        at java.lang.Thread.run(Thread.java:748)&#10;&quot;Thread-1574&quot; daemon prio=5 tid=2249 timed_waiting&#10;java.lang.Thread.State: TIMED_WAITING&#10;        at sun.misc.Unsafe.park(Native Method)&#10;        at java.util.concurrent.locks.LockSupport.parkNanos(LockSupport.java:215)&#10;        at java.util.concurrent.locks.AbstractQueuedSynchronizer$ConditionObject.awaitNanos(AbstractQueuedSynchronizer.java:2078)&#10;        at java.util.concurrent.ArrayBlockingQueue.poll(ArrayBlockingQueue.java:418)&#10;        at org.apache.ratis.server.impl.LeaderState$EventQueue.poll(LeaderState.java:115)&#10;        at org.apache.ratis.server.impl.LeaderState$EventProcessor.run(LeaderState.java:457)&#10;&quot;IPC Client (817941759) connection to /0.0.0.0:38980 from jenkins1000&quot; daemon prio=5 tid=340 timed_waiting&#10;java.lang.Thread.State: TIMED_WAITING&#10;        at java.lang.Object.wait(Native Method)&#10;        at org.apache.hadoop.ipc.Client$Connection.waitForWork(Client.java:1024)&#10;        at org.apache.hadoop.ipc.Client$Connection.run(Client.java:1068)&#10;&quot;qtp1179244298-163&quot; daemon prio=5 tid=163 timed_waiting&#10;java.lang.Thread.State: TIMED_WAITING&#10;        at sun.misc.Unsafe.park(Native Method)&#10;        at java.util.concurrent.locks.LockSupport.parkNanos(LockSupport.java:215)&#10;        at java.util.concurrent.locks.AbstractQueuedSynchronizer$ConditionObject.awaitNanos(AbstractQueuedSynchronizer.java:2078)&#10;        at org.eclipse.jetty.util.BlockingArrayQueue.poll(BlockingArrayQueue.java:392)&#10;        at org.eclipse.jetty.util.thread.QueuedThreadPool.idleJobPoll(QueuedThreadPool.java:563)&#10;        at org.eclipse.jetty.util.thread.QueuedThreadPool.access$800(QueuedThreadPool.java:48)&#10;        at org.eclipse.jetty.util.thread.QueuedThreadPool$2.run(QueuedThreadPool.java:626)&#10;        at java.lang.Thread.run(Thread.java:748)&#10;&quot;a413c2ef-7abc-47d7-b263-b9548e673ba5@group-5D9677AA7517-StateMachineUpdater&quot; daemon prio=5 tid=815 in Object.wait()&#10;java.lang.Thread.State: WAITING (on object monitor)&#10;        at java.lang.Object.wait(Native Method)&#10;        at java.lang.Object.wait(Object.java:502)&#10;        at org.apache.ratis.server.impl.StateMachineUpdater.waitForCommit(StateMachineUpdater.java:183)&#10;        at org.apache.ratis.server.impl.StateMachineUpdater.run(StateMachineUpdater.java:148)&#10;        at java.lang.Thread.run(Thread.java:748)&#10;&quot;pool-46-thread-31&quot;  prio=5 tid=491 in Object.wait()&#10;java.lang.Thread.State: WAITING (on object monitor)&#10;        at sun.misc.Unsafe.park(Native Method)&#10;        at java.util.concurrent.locks.LockSupport.park(LockSupport.java:175)&#10;        at java.util.concurrent.locks.AbstractQueuedSynchronizer$ConditionObject.await(AbstractQueuedSynchronizer.java:2039)&#10;        at java.util.concurrent.ArrayBlockingQueue.take(ArrayBlockingQueue.java:403)&#10;        at java.util.concurrent.ThreadPoolExecutor.getTask(ThreadPoolExecutor.java:1074)&#10;        at java.util.concurrent.ThreadPoolExecutor.runWorker(ThreadPoolExecutor.java:1134)&#10;        at java.util.concurrent.ThreadPoolExecutor$Worker.run(ThreadPoolExecutor.java:624)&#10;        at java.lang.Thread.run(Thread.java:748)&#10;&quot;pool-86-thread-19&quot;  prio=5 tid=732 in Object.wait()&#10;java.lang.Thread.State: WAITING (on object monitor)&#10;        at sun.misc.Unsafe.park(Native Method)&#10;        at java.util.concurrent.locks.LockSupport.park(LockSupport.java:175)&#10;        at java.util.concurrent.locks.AbstractQueuedSynchronizer$ConditionObject.await(AbstractQueuedSynchronizer.java:2039)&#10;        at java.util.concurrent.ArrayBlockingQueue.take(ArrayBlockingQueue.java:403)&#10;        at java.util.concurrent.ThreadPoolExecutor.getTask(ThreadPoolExecutor.java:1074)&#10;        at java.util.concurrent.ThreadPoolExecutor.runWorker(ThreadPoolExecutor.java:1134)&#10;        at java.util.concurrent.ThreadPoolExecutor$Worker.run(ThreadPoolExecutor.java:624)&#10;        at java.lang.Thread.run(Thread.java:748)&#10;&quot;pool-36-thread-37&quot;  prio=5 tid=437 in Object.wait()&#10;java.lang.Thread.State: WAITING (on object monitor)&#10;        at sun.misc.Unsafe.park(Native Method)&#10;        at java.util.concurrent.locks.LockSupport.park(LockSupport.java:175)&#10;        at java.util.concurrent.locks.AbstractQueuedSynchronizer$ConditionObject.await(AbstractQueuedSynchronizer.java:2039)&#10;        at java.util.concurrent.ArrayBlockingQueue.take(ArrayBlockingQueue.java:403)&#10;        at java.util.concurrent.ThreadPoolExecutor.getTask(ThreadPoolExecutor.java:1074)&#10;        at java.util.concurrent.ThreadPoolExecutor.runWorker(ThreadPoolExecutor.java:1134)&#10;        at java.util.concurrent.ThreadPoolExecutor$Worker.run(ThreadPoolExecutor.java:624)&#10;        at java.lang.Thread.run(Thread.java:748)&#10;&quot;pool-86-thread-22&quot;  prio=5 tid=735 in Object.wait()&#10;java.lang.Thread.State: WAITING (on object monitor)&#10;        at sun.misc.Unsafe.park(Native Method)&#10;        at java.util.concurrent.locks.LockSupport.park(LockSupport.java:175)&#10;        at java.util.concurrent.locks.AbstractQueuedSynchronizer$ConditionObject.await(AbstractQueuedSynchronizer.java:2039)&#10;        at java.util.concurrent.ArrayBlockingQueue.take(ArrayBlockingQueue.java:403)&#10;        at java.util.concurrent.ThreadPoolExecutor.getTask(ThreadPoolExecutor.java:1074)&#10;        at java.util.concurrent.ThreadPoolExecutor.runWorker(ThreadPoolExecutor.java:1134)&#10;        at java.util.concurrent.ThreadPoolExecutor$Worker.run(ThreadPoolExecutor.java:624)&#10;        at java.lang.Thread.run(Thread.java:748)&#10;&quot;pool-46-thread-19&quot;  prio=5 tid=479 in Object.wait()&#10;java.lang.Thread.State: WAITING (on object monitor)&#10;        at sun.misc.Unsafe.park(Native Method)&#10;        at java.util.concurrent.locks.LockSupport.park(LockSupport.java:175)&#10;        at java.util.concurrent.locks.AbstractQueuedSynchronizer$ConditionObject.await(AbstractQueuedSynchronizer.java:2039)&#10;        at java.util.concurrent.ArrayBlockingQueue.take(ArrayBlockingQueue.java:403)&#10;        at java.util.concurrent.ThreadPoolExecutor.getTask(ThreadPoolExecutor.java:1074)&#10;        at java.util.concurrent.ThreadPoolExecutor.runWorker(ThreadPoolExecutor.java:1134)&#10;        at java.util.concurrent.ThreadPoolExecutor$Worker.run(ThreadPoolExecutor.java:624)&#10;        at java.lang.Thread.run(Thread.java:748)&#10;&quot;pool-26-thread-31&quot;  prio=5 tid=371 in Object.wait()&#10;java.lang.Thread.State: WAITING (on object monitor)&#10;        at sun.misc.Unsafe.park(Native Method)&#10;        at java.util.concurrent.locks.LockSupport.park(LockSupport.java:175)&#10;        at java.util.concurrent.locks.AbstractQueuedSynchronizer$ConditionObject.await(AbstractQueuedSynchronizer.java:2039)&#10;        at java.util.concurrent.ArrayBlockingQueue.take(ArrayBlockingQueue.java:403)&#10;        at java.util.concurrent.ThreadPoolExecutor.getTask(ThreadPoolExecutor.java:1074)&#10;        at java.util.concurrent.ThreadPoolExecutor.runWorker(ThreadPoolExecutor.java:1134)&#10;        at java.util.concurrent.ThreadPoolExecutor$Worker.run(ThreadPoolExecutor.java:624)&#10;        at java.lang.Thread.run(Thread.java:748)&#10;&quot;pool-76-thread-55&quot;  prio=5 tid=706 in Object.wait()&#10;java.lang.Thread.State: WAITING (on object monitor)&#10;        at sun.misc.Unsafe.park(Native Method)&#10;        at java.util.concurrent.locks.LockSupport.park(LockSupport.java:175)&#10;        at java.util.concurrent.locks.AbstractQueuedSynchronizer$ConditionObject.await(AbstractQueuedSynchronizer.java:2039)&#10;        at java.util.concurrent.ArrayBlockingQueue.take(ArrayBlockingQueue.java:403)&#10;        at java.util.concurrent.ThreadPoolExecutor.getTask(ThreadPoolExecutor.java:1074)&#10;        at java.util.concurrent.ThreadPoolExecutor.runWorker(ThreadPoolExecutor.java:1134)&#10;        at java.util.concurrent.ThreadPoolExecutor$Worker.run(ThreadPoolExecutor.java:624)&#10;        at java.lang.Thread.run(Thread.java:748)&#10;&quot;pool-66-thread-7&quot;  prio=5 tid=596 in Object.wait()&#10;java.lang.Thread.State: WAITING (on object monitor)&#10;        at sun.misc.Unsafe.park(Native Method)&#10;        at java.util.concurrent.locks.LockSupport.park(LockSupport.java:175)&#10;        at java.util.concurrent.locks.AbstractQueuedSynchronizer$ConditionObject.await(AbstractQueuedSynchronizer.java:2039)&#10;        at java.util.concurrent.ArrayBlockingQueue.take(ArrayBlockingQueue.java:403)&#10;        at java.util.concurrent.ThreadPoolExecutor.getTask(ThreadPoolExecutor.java:1074)&#10;        at java.util.concurrent.ThreadPoolExecutor.runWorker(ThreadPoolExecutor.java:1134)&#10;        at java.util.concurrent.ThreadPoolExecutor$Worker.run(ThreadPoolExecutor.java:624)&#10;        at java.lang.Thread.run(Thread.java:748)&#10;&quot;qtp1092382020-271&quot; daemon prio=5 tid=271 timed_waiting&#10;java.lang.Thread.State: TIMED_WAITING&#10;        at sun.misc.Unsafe.park(Native Method)&#10;        at java.util.concurrent.locks.LockSupport.parkNanos(LockSupport.java:215)&#10;        at java.util.concurrent.locks.AbstractQueuedSynchronizer$ConditionObject.awaitNanos(AbstractQueuedSynchronizer.java:2078)&#10;        at org.eclipse.jetty.util.BlockingArrayQueue.poll(BlockingArrayQueue.java:392)&#10;        at org.eclipse.jetty.util.thread.QueuedThreadPool.idleJobPoll(QueuedThreadPool.java:563)&#10;        at org.eclipse.jetty.util.thread.QueuedThreadPool.access$800(QueuedThreadPool.java:48)&#10;        at org.eclipse.jetty.util.thread.QueuedThreadPool$2.run(QueuedThreadPool.java:626)&#10;        at java.lang.Thread.run(Thread.java:748)&#10;&quot;pool-36-thread-8&quot;  prio=5 tid=408 in Object.wait()&#10;java.lang.Thread.State: WAITING (on object monitor)&#10;        at sun.misc.Unsafe.park(Native Method)&#10;        at java.util.concurrent.locks.LockSupport.park(LockSupport.java:175)&#10;        at java.util.concurrent.locks.AbstractQueuedSynchronizer$ConditionObject.await(AbstractQueuedSynchronizer.java:2039)&#10;        at java.util.concurrent.ArrayBlockingQueue.take(ArrayBlockingQueue.java:403)&#10;        at java.util.concurrent.ThreadPoolExecutor.getTask(ThreadPoolExecutor.java:1074)&#10;        at java.util.concurrent.ThreadPoolExecutor.runWorker(ThreadPoolExecutor.java:1134)&#10;        at java.util.concurrent.ThreadPoolExecutor$Worker.run(ThreadPoolExecutor.java:624)&#10;        at java.lang.Thread.run(Thread.java:748)&#10;&quot;pool-66-thread-40&quot;  prio=5 tid=629 in Object.wait()&#10;java.lang.Thread.State: WAITING (on object monitor)&#10;        at sun.misc.Unsafe.park(Native Method)&#10;        at java.util.concurrent.locks.LockSupport.park(LockSupport.java:175)&#10;        at java.util.concurrent.locks.AbstractQueuedSynchronizer$ConditionObject.await(AbstractQueuedSynchronizer.java:2039)&#10;        at java.util.concurrent.ArrayBlockingQueue.take(ArrayBlockingQueue.java:403)&#10;        at java.util.concurrent.ThreadPoolExecutor.getTask(ThreadPoolExecutor.java:1074)&#10;        at java.util.concurrent.ThreadPoolExecutor.runWorker(ThreadPoolExecutor.java:1134)&#10;        at java.util.concurrent.ThreadPoolExecutor$Worker.run(ThreadPoolExecutor.java:624)&#10;        at java.lang.Thread.run(Thread.java:748)&#10;&quot;Thread-1572&quot; daemon prio=5 tid=2246 timed_waiting&#10;java.lang.Thread.State: TIMED_WAITING&#10;        at java.lang.Thread.sleep(Native Method)&#10;        at org.apache.ratis.util.JavaUtils.sleep(JavaUtils.java:247)&#10;        at org.apache.ratis.server.impl.FollowerState.run(FollowerState.java:96)&#10;&quot;qtp1128600792-241-acceptor-0@71af3d9c-ServerConnector@3d4e405e{HTTP/1.1,[http/1.1]}{0.0.0.0:34764}&quot; daemon prio=3 tid=241 runnable&#10;java.lang.Thread.State: RUNNABLE&#10;        at sun.nio.ch.ServerSocketChannelImpl.accept0(Native Method)&#10;        at sun.nio.ch.ServerSocketChannelImpl.accept(ServerSocketChannelImpl.java:422)&#10;        at sun.nio.ch.ServerSocketChannelImpl.accept(ServerSocketChannelImpl.java:250)&#10;        at org.eclipse.jetty.server.ServerConnector.accept(ServerConnector.java:397)&#10;        at org.eclipse.jetty.server.AbstractConnector$Acceptor.run(AbstractConnector.java:601)&#10;        at org.eclipse.jetty.util.thread.QueuedThreadPool.runJob(QueuedThreadPool.java:671)&#10;        at org.eclipse.jetty.util.thread.QueuedThreadPool$2.run(QueuedThreadPool.java:589)&#10;        at java.lang.Thread.run(Thread.java:748)&#10;&quot;pool-86-thread-14&quot;  prio=5 tid=727 in Object.wait()&#10;java.lang.Thread.State: WAITING (on object monitor)&#10;        at sun.misc.Unsafe.park(Native Method)&#10;        at java.util.concurrent.locks.LockSupport.park(LockSupport.java:175)&#10;        at java.util.concurrent.locks.AbstractQueuedSynchronizer$ConditionObject.await(AbstractQueuedSynchronizer.java:2039)&#10;        at java.util.concurrent.ArrayBlockingQueue.take(ArrayBlockingQueue.java:403)&#10;        at java.util.concurrent.ThreadPoolExecutor.getTask(ThreadPoolExecutor.java:1074)&#10;        at java.util.concurrent.ThreadPoolExecutor.runWorker(ThreadPoolExecutor.java:1134)&#10;        at java.util.concurrent.ThreadPoolExecutor$Worker.run(ThreadPoolExecutor.java:624)&#10;        at java.lang.Thread.run(Thread.java:748)&#10;&quot;pool-56-thread-37&quot;  prio=5 tid=564 in Object.wait()&#10;java.lang.Thread.State: WAITING (on object monitor)&#10;        at sun.misc.Unsafe.park(Native Method)&#10;        at java.util.concurrent.locks.LockSupport.park(LockSupport.java:175)&#10;        at java.util.concurrent.locks.AbstractQueuedSynchronizer$ConditionObject.await(AbstractQueuedSynchronizer.java:2039)&#10;        at java.util.concurrent.ArrayBlockingQueue.take(ArrayBlockingQueue.java:403)&#10;        at java.util.concurrent.ThreadPoolExecutor.getTask(ThreadPoolExecutor.java:1074)&#10;        at java.util.concurrent.ThreadPoolExecutor.runWorker(ThreadPoolExecutor.java:1134)&#10;        at java.util.concurrent.ThreadPoolExecutor$Worker.run(ThreadPoolExecutor.java:624)&#10;        at java.lang.Thread.run(Thread.java:748)&#10;&quot;PartialTableCache Cleanup Thread - 0&quot; daemon prio=5 tid=844 in Object.wait()&#10;java.lang.Thread.State: WAITING (on object monitor)&#10;        at sun.misc.Unsafe.park(Native Method)&#10;        at java.util.concurrent.locks.LockSupport.park(LockSupport.java:175)&#10;        at java.util.concurrent.locks.AbstractQueuedSynchronizer$ConditionObject.await(AbstractQueuedSynchronizer.java:2039)&#10;        at java.util.concurrent.LinkedBlockingQueue.take(LinkedBlockingQueue.java:442)&#10;        at java.util.concurrent.ThreadPoolExecutor.getTask(ThreadPoolExecutor.java:1074)&#10;        at java.util.concurrent.ThreadPoolExecutor.runWorker(ThreadPoolExecutor.java:1134)&#10;        at java.util.concurrent.ThreadPoolExecutor$Worker.run(ThreadPoolExecutor.java:624)&#10;        at java.lang.Thread.run(Thread.java:748)&#10;&quot;pool-90-thread-1&quot;  prio=5 tid=320 timed_waiting&#10;java.lang.Thread.State: TIMED_WAITING&#10;        at sun.misc.Unsafe.park(Native Method)&#10;        at java.util.concurrent.locks.LockSupport.parkNanos(LockSupport.java:215)&#10;        at java.util.concurrent.locks.AbstractQueuedSynchronizer$ConditionObject.awaitNanos(AbstractQueuedSynchronizer.java:2078)&#10;        at java.util.concurrent.ScheduledThreadPoolExecutor$DelayedWorkQueue.take(ScheduledThreadPoolExecutor.java:1093)&#10;        at java.util.concurrent.ScheduledThreadPoolExecutor$DelayedWorkQueue.take(ScheduledThreadPoolExecutor.java:809)&#10;        at java.util.concurrent.ThreadPoolExecutor.getTask(ThreadPoolExecutor.java:1074)&#10;        at java.util.concurrent.ThreadPoolExecutor.runWorker(ThreadPoolExecutor.java:1134)&#10;        at java.util.concurrent.ThreadPoolExecutor$Worker.run(ThreadPoolExecutor.java:624)&#10;        at java.lang.Thread.run(Thread.java:748)&#10;&quot;IPC Server handler 6 on 38980&quot; daemon prio=5 tid=75 timed_waiting&#10;java.lang.Thread.State: TIMED_WAITING&#10;        at sun.misc.Unsafe.park(Native Method)&#10;        at java.util.concurrent.locks.LockSupport.parkNanos(LockSupport.java:215)&#10;        at java.util.concurrent.locks.AbstractQueuedSynchronizer$ConditionObject.awaitNanos(AbstractQueuedSynchronizer.java:2078)&#10;        at java.util.concurrent.LinkedBlockingQueue.poll(LinkedBlockingQueue.java:467)&#10;        at org.apache.hadoop.ipc.CallQueueManager.take(CallQueueManager.java:288)&#10;        at org.apache.hadoop.ipc.Server$Handler.run(Server.java:2668)&#10;&quot;org.eclipse.jetty.server.session.HashSessionManager@4cafa9aaTimer&quot; daemon prio=5 tid=145 timed_waiting&#10;java.lang.Thread.State: TIMED_WAITING&#10;        at sun.misc.Unsafe.park(Native Method)&#10;        at java.util.concurrent.locks.LockSupport.parkNanos(LockSupport.java:215)&#10;        at java.util.concurrent.locks.AbstractQueuedSynchronizer$ConditionObject.awaitNanos(AbstractQueuedSynchronizer.java:2078)&#10;        at java.util.concurrent.ScheduledThreadPoolExecutor$DelayedWorkQueue.take(ScheduledThreadPoolExecutor.java:1093)&#10;        at java.util.concurrent.ScheduledThreadPoolExecutor$DelayedWorkQueue.take(ScheduledThreadPoolExecutor.java:809)&#10;        at java.util.concurrent.ThreadPoolExecutor.getTask(ThreadPoolExecutor.java:1074)&#10;        at java.util.concurrent.ThreadPoolExecutor.runWorker(ThreadPoolExecutor.java:1134)&#10;        at java.util.concurrent.ThreadPoolExecutor$Worker.run(ThreadPoolExecutor.java:624)&#10;        at java.lang.Thread.run(Thread.java:748)&#10;&quot;pool-56-thread-39&quot;  prio=5 tid=566 in Object.wait()&#10;java.lang.Thread.State: WAITING (on object monitor)&#10;        at sun.misc.Unsafe.park(Native Method)&#10;        at java.util.concurrent.locks.LockSupport.park(LockSupport.java:175)&#10;        at java.util.concurrent.locks.AbstractQueuedSynchronizer$ConditionObject.await(AbstractQueuedSynchronizer.java:2039)&#10;        at java.util.concurrent.ArrayBlockingQueue.take(ArrayBlockingQueue.java:403)&#10;        at java.util.concurrent.ThreadPoolExecutor.getTask(ThreadPoolExecutor.java:1074)&#10;        at java.util.concurrent.ThreadPoolExecutor.runWorker(ThreadPoolExecutor.java:1134)&#10;        at java.util.concurrent.ThreadPoolExecutor$Worker.run(ThreadPoolExecutor.java:624)&#10;        at java.lang.Thread.run(Thread.java:748)&#10;&quot;qtp292890110-190&quot; daemon prio=5 tid=190 timed_waiting&#10;java.lang.Thread.State: TIMED_WAITING&#10;        at sun.misc.Unsafe.park(Native Method)&#10;        at java.util.concurrent.locks.LockSupport.parkNanos(LockSupport.java:215)&#10;        at java.util.concurrent.locks.AbstractQueuedSynchronizer$ConditionObject.awaitNanos(AbstractQueuedSynchronizer.java:2078)&#10;        at org.eclipse.jetty.util.BlockingArrayQueue.poll(BlockingArrayQueue.java:392)&#10;        at org.eclipse.jetty.util.thread.QueuedThreadPool.idleJobPoll(QueuedThreadPool.java:563)&#10;        at org.eclipse.jetty.util.thread.QueuedThreadPool.access$800(QueuedThreadPool.java:48)&#10;        at org.eclipse.jetty.util.thread.QueuedThreadPool$2.run(QueuedThreadPool.java:626)&#10;        at java.lang.Thread.run(Thread.java:748)&#10;&quot;java.util.concurrent.ThreadPoolExecutor$Worker@5a00bc07[State = -1, empty queue]&quot; daemon prio=5 tid=3954 runnable&#10;java.lang.Thread.State: RUNNABLE&#10;        at java.util.concurrent.ScheduledThreadPoolExecutor$DelayedWorkQueue.poll(ScheduledThreadPoolExecutor.java:809)&#10;        at java.util.concurrent.ThreadPoolExecutor.getTask(ThreadPoolExecutor.java:1073)&#10;        at java.util.concurrent.ThreadPoolExecutor.runWorker(ThreadPoolExecutor.java:1134)&#10;        at java.util.concurrent.ThreadPoolExecutor$Worker.run(ThreadPoolExecutor.java:624)&#10;        at java.lang.Thread.run(Thread.java:748)&#10;&quot;metrics-hadoop-metrics2-reporter-15-thread-1&quot; daemon prio=5 tid=858 timed_waiting&#10;java.lang.Thread.State: TIMED_WAITING&#10;        at sun.misc.Unsafe.park(Native Method)&#10;        at java.util.concurrent.locks.LockSupport.parkNanos(LockSupport.java:215)&#10;        at java.util.concurrent.locks.AbstractQueuedSynchronizer$ConditionObject.awaitNanos(AbstractQueuedSynchronizer.java:2078)&#10;        at java.util.concurrent.ScheduledThreadPoolExecutor$DelayedWorkQueue.take(ScheduledThreadPoolExecutor.java:1093)&#10;        at java.util.concurrent.ScheduledThreadPoolExecutor$DelayedWorkQueue.take(ScheduledThreadPoolExecutor.java:809)&#10;        at java.util.concurrent.ThreadPoolExecutor.getTask(ThreadPoolExecutor.java:1074)&#10;        at java.util.concurrent.ThreadPoolExecutor.runWorker(ThreadPoolExecutor.java:1134)&#10;        at java.util.concurrent.ThreadPoolExecutor$Worker.run(ThreadPoolExecutor.java:624)&#10;        at java.lang.Thread.run(Thread.java:748)&#10;&quot;pool-66-thread-17&quot;  prio=5 tid=606 in Object.wait()&#10;java.lang.Thread.State: WAITING (on object monitor)&#10;        at sun.misc.Unsafe.park(Native Method)&#10;        at java.util.concurrent.locks.LockSupport.park(LockSupport.java:175)&#10;        at java.util.concurrent.locks.AbstractQueuedSynchronizer$ConditionObject.await(AbstractQueuedSynchronizer.java:2039)&#10;        at java.util.concurrent.ArrayBlockingQueue.take(ArrayBlockingQueue.java:403)&#10;        at java.util.concurrent.ThreadPoolExecutor.getTask(ThreadPoolExecutor.java:1074)&#10;        at java.util.concurrent.ThreadPoolExecutor.runWorker(ThreadPoolExecutor.java:1134)&#10;        at java.util.concurrent.ThreadPoolExecutor$Worker.run(ThreadPoolExecutor.java:624)&#10;        at java.lang.Thread.run(Thread.java:748)&#10;&quot;qtp523528914-326&quot; daemon prio=5 tid=326 timed_waiting&#10;java.lang.Thread.State: TIMED_WAITING&#10;        at sun.misc.Unsafe.park(Native Method)&#10;        at java.util.concurrent.locks.LockSupport.parkNanos(LockSupport.java:215)&#10;        at java.util.concurrent.locks.AbstractQueuedSynchronizer$ConditionObject.awaitNanos(AbstractQueuedSynchronizer.java:2078)&#10;        at org.eclipse.jetty.util.BlockingArrayQueue.poll(BlockingArrayQueue.java:392)&#10;        at org.eclipse.jetty.util.thread.QueuedThreadPool.idleJobPoll(QueuedThreadPool.java:563)&#10;        at org.eclipse.jetty.util.thread.QueuedThreadPool.access$800(QueuedThreadPool.java:48)&#10;        at org.eclipse.jetty.util.thread.QueuedThreadPool$2.run(QueuedThreadPool.java:626)&#10;        at java.lang.Thread.run(Thread.java:748)&#10;&quot;IPC Server handler 14 on 40419&quot; daemon prio=5 tid=43 timed_waiting&#10;java.lang.Thread.State: TIMED_WAITING&#10;        at sun.misc.Unsafe.park(Native Method)&#10;        at java.util.concurrent.locks.LockSupport.parkNanos(LockSupport.java:215)&#10;        at java.util.concurrent.locks.AbstractQueuedSynchronizer$ConditionObject.awaitNanos(AbstractQueuedSynchronizer.java:2078)&#10;        at java.util.concurrent.LinkedBlockingQueue.poll(LinkedBlockingQueue.java:467)&#10;        at org.apache.hadoop.ipc.CallQueueManager.take(CallQueueManager.java:288)&#10;        at org.apache.hadoop.ipc.Server$Handler.run(Server.java:2668)&#10;&quot;pool-36-thread-33&quot;  prio=5 tid=433 in Object.wait()&#10;java.lang.Thread.State: WAITING (on object monitor)&#10;        at sun.misc.Unsafe.park(Native Method)&#10;        at java.util.concurrent.locks.LockSupport.park(LockSupport.java:175)&#10;        at java.util.concurrent.locks.AbstractQueuedSynchronizer$ConditionObject.await(AbstractQueuedSynchronizer.java:2039)&#10;        at java.util.concurrent.ArrayBlockingQueue.take(ArrayBlockingQueue.java:403)&#10;        at java.util.concurrent.ThreadPoolExecutor.getTask(ThreadPoolExecutor.java:1074)&#10;        at java.util.concurrent.ThreadPoolExecutor.runWorker(ThreadPoolExecutor.java:1134)&#10;        at java.util.concurrent.ThreadPoolExecutor$Worker.run(ThreadPoolExecutor.java:624)&#10;        at java.lang.Thread.run(Thread.java:748)&#10;&quot;pool-86-thread-10&quot;  prio=5 tid=723 in Object.wait()&#10;java.lang.Thread.State: WAITING (on object monitor)&#10;        at sun.misc.Unsafe.park(Native Method)&#10;        at java.util.concurrent.locks.LockSupport.park(LockSupport.java:175)&#10;        at java.util.concurrent.locks.AbstractQueuedSynchronizer$ConditionObject.await(AbstractQueuedSynchronizer.java:2039)&#10;        at java.util.concurrent.ArrayBlockingQueue.take(ArrayBlockingQueue.java:403)&#10;        at java.util.concurrent.ThreadPoolExecutor.getTask(ThreadPoolExecutor.java:1074)&#10;        at java.util.concurrent.ThreadPoolExecutor.runWorker(ThreadPoolExecutor.java:1134)&#10;        at java.util.concurrent.ThreadPoolExecutor$Worker.run(ThreadPoolExecutor.java:624)&#10;        at java.lang.Thread.run(Thread.java:748)&#10;&quot;pool-76-thread-14&quot;  prio=5 tid=665 in Object.wait()&#10;java.lang.Thread.State: WAITING (on object monitor)&#10;        at sun.misc.Unsafe.park(Native Method)&#10;        at java.util.concurrent.locks.LockSupport.park(LockSupport.java:175)&#10;        at java.util.concurrent.locks.AbstractQueuedSynchronizer$ConditionObject.await(AbstractQueuedSynchronizer.java:2039)&#10;        at java.util.concurrent.ArrayBlockingQueue.take(ArrayBlockingQueue.java:403)&#10;        at java.util.concurrent.ThreadPoolExecutor.getTask(ThreadPoolExecutor.java:1074)&#10;        at java.util.concurrent.ThreadPoolExecutor.runWorker(ThreadPoolExecutor.java:1134)&#10;        at java.util.concurrent.ThreadPoolExecutor$Worker.run(ThreadPoolExecutor.java:624)&#10;        at java.lang.Thread.run(Thread.java:748)&#10;&quot;IPC Server handler 12 on 38980&quot; daemon prio=5 tid=81 timed_waiting&#10;java.lang.Thread.State: TIMED_WAITING&#10;        at sun.misc.Unsafe.park(Native Method)&#10;        at java.util.concurrent.locks.LockSupport.parkNanos(LockSupport.java:215)&#10;        at java.util.concurrent.locks.AbstractQueuedSynchronizer$ConditionObject.awaitNanos(AbstractQueuedSynchronizer.java:2078)&#10;        at java.util.concurrent.LinkedBlockingQueue.poll(LinkedBlockingQueue.java:467)&#10;        at org.apache.hadoop.ipc.CallQueueManager.take(CallQueueManager.java:288)&#10;        at org.apache.hadoop.ipc.Server$Handler.run(Server.java:2668)&#10;&quot;IPC Server handler 12 on 40610&quot; daemon prio=5 tid=127 timed_waiting&#10;java.lang.Thread.State: TIMED_WAITING&#10;        at sun.misc.Unsafe.park(Native Method)&#10;        at java.util.concurrent.locks.LockSupport.parkNanos(LockSupport.java:215)&#10;        at java.util.concurrent.locks.AbstractQueuedSynchronizer$ConditionObject.awaitNanos(AbstractQueuedSynchronizer.java:2078)&#10;        at java.util.concurrent.LinkedBlockingQueue.poll(LinkedBlockingQueue.java:467)&#10;        at org.apache.hadoop.ipc.CallQueueManager.take(CallQueueManager.java:288)&#10;        at org.apache.hadoop.ipc.Server$Handler.run(Server.java:2668)&#10;&quot;pool-46-thread-48&quot;  prio=5 tid=508 in Object.wait()&#10;java.lang.Thread.State: WAITING (on object monitor)&#10;        at sun.misc.Unsafe.park(Native Method)&#10;        at java.util.concurrent.locks.LockSupport.park(LockSupport.java:175)&#10;        at java.util.concurrent.locks.AbstractQueuedSynchronizer$ConditionObject.await(AbstractQueuedSynchronizer.java:2039)&#10;        at java.util.concurrent.ArrayBlockingQueue.take(ArrayBlockingQueue.java:403)&#10;        at java.util.concurrent.ThreadPoolExecutor.getTask(ThreadPoolExecutor.java:1074)&#10;        at java.util.concurrent.ThreadPoolExecutor.runWorker(ThreadPoolExecutor.java:1134)&#10;        at java.util.concurrent.ThreadPoolExecutor$Worker.run(ThreadPoolExecutor.java:624)&#10;        at java.lang.Thread.run(Thread.java:748)&#10;&quot;BlockDeletingService#1&quot; daemon prio=5 tid=713 in Object.wait()&#10;java.lang.Thread.State: WAITING (on object monitor)&#10;        at sun.misc.Unsafe.park(Native Method)&#10;        at java.util.concurrent.locks.LockSupport.park(LockSupport.java:175)&#10;        at java.util.concurrent.locks.AbstractQueuedSynchronizer$ConditionObject.await(AbstractQueuedSynchronizer.java:2039)&#10;        at java.util.concurrent.ScheduledThreadPoolExecutor$DelayedWorkQueue.take(ScheduledThreadPoolExecutor.java:1088)&#10;        at java.util.concurrent.ScheduledThreadPoolExecutor$DelayedWorkQueue.take(ScheduledThreadPoolExecutor.java:809)&#10;        at java.util.concurrent.ThreadPoolExecutor.getTask(ThreadPoolExecutor.java:1074)&#10;        at java.util.concurrent.ThreadPoolExecutor.runWorker(ThreadPoolExecutor.java:1134)&#10;        at java.util.concurrent.ThreadPoolExecutor$Worker.run(ThreadPoolExecutor.java:624)&#10;        at java.lang.Thread.run(Thread.java:748)&#10;&quot;pool-66-thread-26&quot;  prio=5 tid=615 in Object.wait()&#10;java.lang.Thread.State: WAITING (on object monitor)&#10;        at sun.misc.Unsafe.park(Native Method)&#10;        at java.util.concurrent.locks.LockSupport.park(LockSupport.java:175)&#10;        at java.util.concurrent.locks.AbstractQueuedSynchronizer$ConditionObject.await(AbstractQueuedSynchronizer.java:2039)&#10;        at java.util.concurrent.ArrayBlockingQueue.take(ArrayBlockingQueue.java:403)&#10;        at java.util.concurrent.ThreadPoolExecutor.getTask(ThreadPoolExecutor.java:1074)&#10;        at java.util.concurrent.ThreadPoolExecutor.runWorker(ThreadPoolExecutor.java:1134)&#10;        at java.util.concurrent.ThreadPoolExecutor$Worker.run(ThreadPoolExecutor.java:624)&#10;        at java.lang.Thread.run(Thread.java:748)&#10;&quot;pool-66-thread-33&quot;  prio=5 tid=622 in Object.wait()&#10;java.lang.Thread.State: WAITING (on object monitor)&#10;        at sun.misc.Unsafe.park(Native Method)&#10;        at java.util.concurrent.locks.LockSupport.park(LockSupport.java:175)&#10;        at java.util.concurrent.locks.AbstractQueuedSynchronizer$ConditionObject.await(AbstractQueuedSynchronizer.java:2039)&#10;        at java.util.concurrent.ArrayBlockingQueue.take(ArrayBlockingQueue.java:403)&#10;        at java.util.concurrent.ThreadPoolExecutor.getTask(ThreadPoolExecutor.java:1074)&#10;        at java.util.concurrent.ThreadPoolExecutor.runWorker(ThreadPoolExecutor.java:1134)&#10;        at java.util.concurrent.ThreadPoolExecutor$Worker.run(ThreadPoolExecutor.java:624)&#10;        at java.lang.Thread.run(Thread.java:748)&#10;&quot;pool-36-thread-15&quot;  prio=5 tid=415 in Object.wait()&#10;java.lang.Thread.State: WAITING (on object monitor)&#10;        at sun.misc.Unsafe.park(Native Method)&#10;        at java.util.concurrent.locks.LockSupport.park(LockSupport.java:175)&#10;        at java.util.concurrent.locks.AbstractQueuedSynchronizer$ConditionObject.await(AbstractQueuedSynchronizer.java:2039)&#10;        at java.util.concurrent.ArrayBlockingQueue.take(ArrayBlockingQueue.java:403)&#10;        at java.util.concurrent.ThreadPoolExecutor.getTask(ThreadPoolExecutor.java:1074)&#10;        at java.util.concurrent.ThreadPoolExecutor.runWorker(ThreadPoolExecutor.java:1134)&#10;        at java.util.concurrent.ThreadPoolExecutor$Worker.run(ThreadPoolExecutor.java:624)&#10;        at java.lang.Thread.run(Thread.java:748)&#10;&quot;metrics-hadoop-metrics2-reporter-7-thread-1&quot; daemon prio=5 tid=813 timed_waiting&#10;java.lang.Thread.State: TIMED_WAITING&#10;        at sun.misc.Unsafe.park(Native Method)&#10;        at java.util.concurrent.locks.LockSupport.parkNanos(LockSupport.java:215)&#10;        at java.util.concurrent.locks.AbstractQueuedSynchronizer$ConditionObject.awaitNanos(AbstractQueuedSynchronizer.java:2078)&#10;        at java.util.concurrent.ScheduledThreadPoolExecutor$DelayedWorkQueue.take(ScheduledThreadPoolExecutor.java:1093)&#10;        at java.util.concurrent.ScheduledThreadPoolExecutor$DelayedWorkQueue.take(ScheduledThreadPoolExecutor.java:809)&#10;        at java.util.concurrent.ThreadPoolExecutor.getTask(ThreadPoolExecutor.java:1074)&#10;        at java.util.concurrent.ThreadPoolExecutor.runWorker(ThreadPoolExecutor.java:1134)&#10;        at java.util.concurrent.ThreadPoolExecutor$Worker.run(ThreadPoolExecutor.java:624)&#10;        at java.lang.Thread.run(Thread.java:748)&#10;&quot;IPC Server handler 18 on 40419&quot; daemon prio=5 tid=47 timed_waiting&#10;java.lang.Thread.State: TIMED_WAITING&#10;        at sun.misc.Unsafe.park(Native Method)&#10;        at java.util.concurrent.locks.LockSupport.parkNanos(LockSupport.java:215)&#10;        at java.util.concurrent.locks.AbstractQueuedSynchronizer$ConditionObject.awaitNanos(AbstractQueuedSynchronizer.java:2078)&#10;        at java.util.concurrent.LinkedBlockingQueue.poll(LinkedBlockingQueue.java:467)&#10;        at org.apache.hadoop.ipc.CallQueueManager.take(CallQueueManager.java:288)&#10;        at org.apache.hadoop.ipc.Server$Handler.run(Server.java:2668)&#10;&quot;java.util.concurrent.ThreadPoolExecutor$Worker@1c94b476[State = -1, empty queue]&quot; daemon prio=5 tid=3730 timed_waiting&#10;java.lang.Thread.State: TIMED_WAITING&#10;        at sun.misc.Unsafe.park(Native Method)&#10;        at java.util.concurrent.locks.LockSupport.parkNanos(LockSupport.java:215)&#10;        at java.util.concurrent.locks.AbstractQueuedSynchronizer$ConditionObject.awaitNanos(AbstractQueuedSynchronizer.java:2078)&#10;        at java.util.concurrent.ScheduledThreadPoolExecutor$DelayedWorkQueue.take(ScheduledThreadPoolExecutor.java:1093)&#10;        at java.util.concurrent.ScheduledThreadPoolExecutor$DelayedWorkQueue.take(ScheduledThreadPoolExecutor.java:809)&#10;        at java.util.concurrent.ThreadPoolExecutor.getTask(ThreadPoolExecutor.java:1074)&#10;        at java.util.concurrent.ThreadPoolExecutor.runWorker(ThreadPoolExecutor.java:1134)&#10;        at java.util.concurrent.ThreadPoolExecutor$Worker.run(ThreadPoolExecutor.java:624)&#10;        at java.lang.Thread.run(Thread.java:748)&#10;&quot;pool-76-thread-37&quot;  prio=5 tid=688 in Object.wait()&#10;java.lang.Thread.State: WAITING (on object monitor)&#10;        at sun.misc.Unsafe.park(Native Method)&#10;        at java.util.concurrent.locks.LockSupport.park(LockSupport.java:175)&#10;        at java.util.concurrent.locks.AbstractQueuedSynchronizer$ConditionObject.await(AbstractQueuedSynchronizer.java:2039)&#10;        at java.util.concurrent.ArrayBlockingQueue.take(ArrayBlockingQueue.java:403)&#10;        at java.util.concurrent.ThreadPoolExecutor.getTask(ThreadPoolExecutor.java:1074)&#10;        at java.util.concurrent.ThreadPoolExecutor.runWorker(ThreadPoolExecutor.java:1134)&#10;        at java.util.concurrent.ThreadPoolExecutor$Worker.run(ThreadPoolExecutor.java:624)&#10;        at java.lang.Thread.run(Thread.java:748)&#10;&quot;pool-46-thread-55&quot;  prio=5 tid=515 in Object.wait()&#10;java.lang.Thread.State: WAITING (on object monitor)&#10;        at sun.misc.Unsafe.park(Native Method)&#10;        at java.util.concurrent.locks.LockSupport.park(LockSupport.java:175)&#10;        at java.util.concurrent.locks.AbstractQueuedSynchronizer$ConditionObject.await(AbstractQueuedSynchronizer.java:2039)&#10;        at java.util.concurrent.ArrayBlockingQueue.take(ArrayBlockingQueue.java:403)&#10;        at java.util.concurrent.ThreadPoolExecutor.getTask(ThreadPoolExecutor.java:1074)&#10;        at java.util.concurrent.ThreadPoolExecutor.runWorker(ThreadPoolExecutor.java:1134)&#10;        at java.util.concurrent.ThreadPoolExecutor$Worker.run(ThreadPoolExecutor.java:624)&#10;        at java.lang.Thread.run(Thread.java:748)&#10;&quot;a413c2ef-7abc-47d7-b263-b9548e673ba5@group-5B52E8B6CC20-SegmentedRaftLogWorker&quot;  prio=5 tid=3739 timed_waiting&#10;java.lang.Thread.State: TIMED_WAITING&#10;        at sun.misc.Unsafe.park(Native Method)&#10;        at java.util.concurrent.locks.LockSupport.parkNanos(LockSupport.java:215)&#10;        at java.util.concurrent.locks.AbstractQueuedSynchronizer$ConditionObject.awaitNanos(AbstractQueuedSynchronizer.java:2078)&#10;        at org.apache.ratis.util.DataBlockingQueue.poll(DataBlockingQueue.java:137)&#10;        at org.apache.ratis.server.raftlog.segmented.SegmentedRaftLogWorker.run(SegmentedRaftLogWorker.java:283)&#10;        at java.lang.Thread.run(Thread.java:748)&#10;&quot;pool-66-thread-32&quot;  prio=5 tid=621 in Object.wait()&#10;java.lang.Thread.State: WAITING (on object monitor)&#10;        at sun.misc.Unsafe.park(Native Method)&#10;        at java.util.concurrent.locks.LockSupport.park(LockSupport.java:175)&#10;        at java.util.concurrent.locks.AbstractQueuedSynchronizer$ConditionObject.await(AbstractQueuedSynchronizer.java:2039)&#10;        at java.util.concurrent.ArrayBlockingQueue.take(ArrayBlockingQueue.java:403)&#10;        at java.util.concurrent.ThreadPoolExecutor.getTask(ThreadPoolExecutor.java:1074)&#10;        at java.util.concurrent.ThreadPoolExecutor.runWorker(ThreadPoolExecutor.java:1134)&#10;        at java.util.concurrent.ThreadPoolExecutor$Worker.run(ThreadPoolExecutor.java:624)&#10;        at java.lang.Thread.run(Thread.java:748)&#10;&quot;BlockDeletingService#8&quot; daemon prio=5 tid=2518 in Object.wait()&#10;java.lang.Thread.State: WAITING (on object monitor)&#10;        at sun.misc.Unsafe.park(Native Method)&#10;        at java.util.concurrent.locks.LockSupport.park(LockSupport.java:175)&#10;        at java.util.concurrent.locks.AbstractQueuedSynchronizer$ConditionObject.await(AbstractQueuedSynchronizer.java:2039)&#10;        at java.util.concurrent.ScheduledThreadPoolExecutor$DelayedWorkQueue.take(ScheduledThreadPoolExecutor.java:1088)&#10;        at java.util.concurrent.ScheduledThreadPoolExecutor$DelayedWorkQueue.take(ScheduledThreadPoolExecutor.java:809)&#10;        at java.util.concurrent.ThreadPoolExecutor.getTask(ThreadPoolExecutor.java:1074)&#10;        at java.util.concurrent.ThreadPoolExecutor.runWorker(ThreadPoolExecutor.java:1134)&#10;        at java.util.concurrent.ThreadPoolExecutor$Worker.run(ThreadPoolExecutor.java:624)&#10;        at java.lang.Thread.run(Thread.java:748)&#10;&quot;pool-46-thread-8&quot;  prio=5 tid=468 in Object.wait()&#10;java.lang.Thread.State: WAITING (on object monitor)&#10;        at sun.misc.Unsafe.park(Native Method)&#10;        at java.util.concurrent.locks.LockSupport.park(LockSupport.java:175)&#10;        at java.util.concurrent.locks.AbstractQueuedSynchronizer$ConditionObject.await(AbstractQueuedSynchronizer.java:2039)&#10;        at java.util.concurrent.ArrayBlockingQueue.take(ArrayBlockingQueue.java:403)&#10;        at java.util.concurrent.ThreadPoolExecutor.getTask(ThreadPoolExecutor.java:1074)&#10;        at java.util.concurrent.ThreadPoolExecutor.runWorker(ThreadPoolExecutor.java:1134)&#10;        at java.util.concurrent.ThreadPoolExecutor$Worker.run(ThreadPoolExecutor.java:624)&#10;        at java.lang.Thread.run(Thread.java:748)&#10;&quot;pool-36-thread-28&quot;  prio=5 tid=428 in Object.wait()&#10;java.lang.Thread.State: WAITING (on object monitor)&#10;        at sun.misc.Unsafe.park(Native Method)&#10;        at java.util.concurrent.locks.LockSupport.park(LockSupport.java:175)&#10;        at java.util.concurrent.locks.AbstractQueuedSynchronizer$ConditionObject.await(AbstractQueuedSynchronizer.java:2039)&#10;        at java.util.concurrent.ArrayBlockingQueue.take(ArrayBlockingQueue.java:403)&#10;        at java.util.concurrent.ThreadPoolExecutor.getTask(ThreadPoolExecutor.java:1074)&#10;        at java.util.concurrent.ThreadPoolExecutor.runWorker(ThreadPoolExecutor.java:1134)&#10;        at java.util.concurrent.ThreadPoolExecutor$Worker.run(ThreadPoolExecutor.java:624)&#10;        at java.lang.Thread.run(Thread.java:748)&#10;&quot;IPC Server handler 4 on 40610&quot; daemon prio=5 tid=119 timed_waiting&#10;java.lang.Thread.State: TIMED_WAITING&#10;        at sun.misc.Unsafe.park(Native Method)&#10;        at java.util.concurrent.locks.LockSupport.parkNanos(LockSupport.java:215)&#10;        at java.util.concurrent.locks.AbstractQueuedSynchronizer$ConditionObject.awaitNanos(AbstractQueuedSynchronizer.java:2078)&#10;        at java.util.concurrent.LinkedBlockingQueue.poll(LinkedBlockingQueue.java:467)&#10;        at org.apache.hadoop.ipc.CallQueueManager.take(CallQueueManager.java:288)&#10;        at org.apache.hadoop.ipc.Server$Handler.run(Server.java:2668)&#10;&quot;pool-36-thread-24&quot;  prio=5 tid=424 in Object.wait()&#10;java.lang.Thread.State: WAITING (on object monitor)&#10;        at sun.misc.Unsafe.park(Native Method)&#10;        at java.util.concurrent.locks.LockSupport.park(LockSupport.java:175)&#10;        at java.util.concurrent.locks.AbstractQueuedSynchronizer$ConditionObject.await(AbstractQueuedSynchronizer.java:2039)&#10;        at java.util.concurrent.ArrayBlockingQueue.take(ArrayBlockingQueue.java:403)&#10;        at java.util.concurrent.ThreadPoolExecutor.getTask(ThreadPoolExecutor.java:1074)&#10;        at java.util.concurrent.ThreadPoolExecutor.runWorker(ThreadPoolExecutor.java:1134)&#10;        at java.util.concurrent.ThreadPoolExecutor$Worker.run(ThreadPoolExecutor.java:624)&#10;        at java.lang.Thread.run(Thread.java:748)&#10;&quot;Datanode ReportManager Thread - 1&quot; daemon prio=5 tid=226 timed_waiting&#10;java.lang.Thread.State: TIMED_WAITING&#10;        at sun.misc.Unsafe.park(Native Method)&#10;        at java.util.concurrent.locks.LockSupport.parkNanos(LockSupport.java:215)&#10;        at java.util.concurrent.locks.AbstractQueuedSynchronizer$ConditionObject.awaitNanos(AbstractQueuedSynchronizer.java:2078)&#10;        at java.util.concurrent.ScheduledThreadPoolExecutor$DelayedWorkQueue.take(ScheduledThreadPoolExecutor.java:1093)&#10;        at java.util.concurrent.ScheduledThreadPoolExecutor$DelayedWorkQueue.take(ScheduledThreadPoolExecutor.java:809)&#10;        at java.util.concurrent.ThreadPoolExecutor.getTask(ThreadPoolExecutor.java:1074)&#10;        at java.util.concurrent.ThreadPoolExecutor.runWorker(ThreadPoolExecutor.java:1134)&#10;        at java.util.concurrent.ThreadPoolExecutor$Worker.run(ThreadPoolExecutor.java:624)&#10;        at java.lang.Thread.run(Thread.java:748)&#10;&quot;pool-76-thread-58&quot;  prio=5 tid=709 in Object.wait()&#10;java.lang.Thread.State: WAITING (on object monitor)&#10;        at sun.misc.Unsafe.park(Native Method)&#10;        at java.util.concurrent.locks.LockSupport.park(LockSupport.java:175)&#10;        at java.util.concurrent.locks.AbstractQueuedSynchronizer$ConditionObject.await(AbstractQueuedSynchronizer.java:2039)&#10;        at java.util.concurrent.ArrayBlockingQueue.take(ArrayBlockingQueue.java:403)&#10;        at java.util.concurrent.ThreadPoolExecutor.getTask(ThreadPoolExecutor.java:1074)&#10;        at java.util.concurrent.ThreadPoolExecutor.runWorker(ThreadPoolExecutor.java:1134)&#10;        at java.util.concurrent.ThreadPoolExecutor$Worker.run(ThreadPoolExecutor.java:624)&#10;        at java.lang.Thread.run(Thread.java:748)&#10;&quot;metrics-hadoop-metrics2-reporter-43-thread-1&quot; daemon prio=5 tid=3738 timed_waiting&#10;java.lang.Thread.State: TIMED_WAITING&#10;        at sun.misc.Unsafe.park(Native Method)&#10;        at java.util.concurrent.locks.LockSupport.parkNanos(LockSupport.java:215)&#10;        at java.util.concurrent.locks.AbstractQueuedSynchronizer$ConditionObject.awaitNanos(AbstractQueuedSynchronizer.java:2078)&#10;        at java.util.concurrent.ScheduledThreadPoolExecutor$DelayedWorkQueue.take(ScheduledThreadPoolExecutor.java:1093)&#10;        at java.util.concurrent.ScheduledThreadPoolExecutor$DelayedWorkQueue.take(ScheduledThreadPoolExecutor.java:809)&#10;        at java.util.concurrent.ThreadPoolExecutor.getTask(ThreadPoolExecutor.java:1074)&#10;        at java.util.concurrent.ThreadPoolExecutor.runWorker(ThreadPoolExecutor.java:1134)&#10;        at java.util.concurrent.ThreadPoolExecutor$Worker.run(ThreadPoolExecutor.java:624)&#10;        at java.lang.Thread.run(Thread.java:748)&#10;&quot;pool-76-thread-18&quot;  prio=5 tid=669 in Object.wait()&#10;java.lang.Thread.State: WAITING (on object monitor)&#10;        at sun.misc.Unsafe.park(Native Method)&#10;        at java.util.concurrent.locks.LockSupport.park(LockSupport.java:175)&#10;        at java.util.concurrent.locks.AbstractQueuedSynchronizer$ConditionObject.await(AbstractQueuedSynchronizer.java:2039)&#10;        at java.util.concurrent.ArrayBlockingQueue.take(ArrayBlockingQueue.java:403)&#10;        at java.util.concurrent.ThreadPoolExecutor.getTask(ThreadPoolExecutor.java:1074)&#10;        at java.util.concurrent.ThreadPoolExecutor.runWorker(ThreadPoolExecutor.java:1134)&#10;        at java.util.concurrent.ThreadPoolExecutor$Worker.run(ThreadPoolExecutor.java:624)&#10;        at java.lang.Thread.run(Thread.java:748)&#10;&quot;pool-46-thread-38&quot;  prio=5 tid=498 in Object.wait()&#10;java.lang.Thread.State: WAITING (on object monitor)&#10;        at sun.misc.Unsafe.park(Native Method)&#10;        at java.util.concurrent.locks.LockSupport.park(LockSupport.java:175)&#10;        at java.util.concurrent.locks.AbstractQueuedSynchronizer$ConditionObject.await(AbstractQueuedSynchronizer.java:2039)&#10;        at java.util.concurrent.ArrayBlockingQueue.take(ArrayBlockingQueue.java:403)&#10;        at java.util.concurrent.ThreadPoolExecutor.getTask(ThreadPoolExecutor.java:1074)&#10;        at java.util.concurrent.ThreadPoolExecutor.runWorker(ThreadPoolExecutor.java:1134)&#10;        at java.util.concurrent.ThreadPoolExecutor$Worker.run(ThreadPoolExecutor.java:624)&#10;        at java.lang.Thread.run(Thread.java:748)&#10;&quot;pool-36-thread-52&quot;  prio=5 tid=452 in Object.wait()&#10;java.lang.Thread.State: WAITING (on object monitor)&#10;        at sun.misc.Unsafe.park(Native Method)&#10;        at java.util.concurrent.locks.LockSupport.park(LockSupport.java:175)&#10;        at java.util.concurrent.locks.AbstractQueuedSynchronizer$ConditionObject.await(AbstractQueuedSynchronizer.java:2039)&#10;        at java.util.concurrent.ArrayBlockingQueue.take(ArrayBlockingQueue.java:403)&#10;        at java.util.concurrent.ThreadPoolExecutor.getTask(ThreadPoolExecutor.java:1074)&#10;        at java.util.concurrent.ThreadPoolExecutor.runWorker(ThreadPoolExecutor.java:1134)&#10;        at java.util.concurrent.ThreadPoolExecutor$Worker.run(ThreadPoolExecutor.java:624)&#10;        at java.lang.Thread.run(Thread.java:748)&#10;&quot;BlockDeletingService#2&quot; daemon prio=5 tid=1161 timed_waiting&#10;java.lang.Thread.State: TIMED_WAITING&#10;        at sun.misc.Unsafe.park(Native Method)&#10;        at java.util.concurrent.locks.LockSupport.parkNanos(LockSupport.java:215)&#10;        at java.util.concurrent.locks.AbstractQueuedSynchronizer$ConditionObject.awaitNanos(AbstractQueuedSynchronizer.java:2078)&#10;        at java.util.concurrent.ScheduledThreadPoolExecutor$DelayedWorkQueue.take(ScheduledThreadPoolExecutor.java:1093)&#10;        at java.util.concurrent.ScheduledThreadPoolExecutor$DelayedWorkQueue.take(ScheduledThreadPoolExecutor.java:809)&#10;        at java.util.concurrent.ThreadPoolExecutor.getTask(ThreadPoolExecutor.java:1074)&#10;        at java.util.concurrent.ThreadPoolExecutor.runWorker(ThreadPoolExecutor.java:1134)&#10;        at java.util.concurrent.ThreadPoolExecutor$Worker.run(ThreadPoolExecutor.java:624)&#10;        at java.lang.Thread.run(Thread.java:748)&#10;&quot;metrics-hadoop-metrics2-reporter-5-thread-1&quot; daemon prio=5 tid=806 timed_waiting&#10;java.lang.Thread.State: TIMED_WAITING&#10;        at sun.misc.Unsafe.park(Native Method)&#10;        at java.util.concurrent.locks.LockSupport.parkNanos(LockSupport.java:215)&#10;        at java.util.concurrent.locks.AbstractQueuedSynchronizer$ConditionObject.awaitNanos(AbstractQueuedSynchronizer.java:2078)&#10;        at java.util.concurrent.ScheduledThreadPoolExecutor$DelayedWorkQueue.take(ScheduledThreadPoolExecutor.java:1093)&#10;        at java.util.concurrent.ScheduledThreadPoolExecutor$DelayedWorkQueue.take(ScheduledThreadPoolExecutor.java:809)&#10;        at java.util.concurrent.ThreadPoolExecutor.getTask(ThreadPoolExecutor.java:1074)&#10;        at java.util.concurrent.ThreadPoolExecutor.runWorker(ThreadPoolExecutor.java:1134)&#10;        at java.util.concurrent.ThreadPoolExecutor$Worker.run(ThreadPoolExecutor.java:624)&#10;        at java.lang.Thread.run(Thread.java:748)&#10;&quot;qtp292890110-191&quot; daemon prio=5 tid=191 timed_waiting&#10;java.lang.Thread.State: TIMED_WAITING&#10;        at sun.misc.Unsafe.park(Native Method)&#10;        at java.util.concurrent.locks.LockSupport.parkNanos(LockSupport.java:215)&#10;        at java.util.concurrent.locks.AbstractQueuedSynchronizer$ConditionObject.awaitNanos(AbstractQueuedSynchronizer.java:2078)&#10;        at org.eclipse.jetty.util.BlockingArrayQueue.poll(BlockingArrayQueue.java:392)&#10;        at org.eclipse.jetty.util.thread.QueuedThreadPool.idleJobPoll(QueuedThreadPool.java:563)&#10;        at org.eclipse.jetty.util.thread.QueuedThreadPool.access$800(QueuedThreadPool.java:48)&#10;        at org.eclipse.jetty.util.thread.QueuedThreadPool$2.run(QueuedThreadPool.java:626)&#10;        at java.lang.Thread.run(Thread.java:748)&#10;&quot;pool-36-thread-49&quot;  prio=5 tid=449 in Object.wait()&#10;java.lang.Thread.State: WAITING (on object monitor)&#10;        at sun.misc.Unsafe.park(Native Method)&#10;        at java.util.concurrent.locks.LockSupport.park(LockSupport.java:175)&#10;        at java.util.concurrent.locks.AbstractQueuedSynchronizer$ConditionObject.await(AbstractQueuedSynchronizer.java:2039)&#10;        at java.util.concurrent.ArrayBlockingQueue.take(ArrayBlockingQueue.java:403)&#10;        at java.util.concurrent.ThreadPoolExecutor.getTask(ThreadPoolExecutor.java:1074)&#10;        at java.util.concurrent.ThreadPoolExecutor.runWorker(ThreadPoolExecutor.java:1134)&#10;        at java.util.concurrent.ThreadPoolExecutor$Worker.run(ThreadPoolExecutor.java:624)&#10;        at java.lang.Thread.run(Thread.java:748)&#10;&quot;pool-26-thread-48&quot;  prio=5 tid=388 in Object.wait()&#10;java.lang.Thread.State: WAITING (on object monitor)&#10;        at sun.misc.Unsafe.park(Native Method)&#10;        at java.util.concurrent.locks.LockSupport.park(LockSupport.java:175)&#10;        at java.util.concurrent.locks.AbstractQueuedSynchronizer$ConditionObject.await(AbstractQueuedSynchronizer.java:2039)&#10;        at java.util.concurrent.ArrayBlockingQueue.take(ArrayBlockingQueue.java:403)&#10;        at java.util.concurrent.ThreadPoolExecutor.getTask(ThreadPoolExecutor.java:1074)&#10;        at java.util.concurrent.ThreadPoolExecutor.runWorker(ThreadPoolExecutor.java:1134)&#10;        at java.util.concurrent.ThreadPoolExecutor$Worker.run(ThreadPoolExecutor.java:624)&#10;        at java.lang.Thread.run(Thread.java:748)&#10;&quot;pool-36-thread-51&quot;  prio=5 tid=451 in Object.wait()&#10;java.lang.Thread.State: WAITING (on object monitor)&#10;        at sun.misc.Unsafe.park(Native Method)&#10;        at java.util.concurrent.locks.LockSupport.park(LockSupport.java:175)&#10;        at java.util.concurrent.locks.AbstractQueuedSynchronizer$ConditionObject.await(AbstractQueuedSynchronizer.java:2039)&#10;        at java.util.concurrent.ArrayBlockingQueue.take(ArrayBlockingQueue.java:403)&#10;        at java.util.concurrent.ThreadPoolExecutor.getTask(ThreadPoolExecutor.java:1074)&#10;        at java.util.concurrent.ThreadPoolExecutor.runWorker(ThreadPoolExecutor.java:1134)&#10;        at java.util.concurrent.ThreadPoolExecutor$Worker.run(ThreadPoolExecutor.java:624)&#10;        at java.lang.Thread.run(Thread.java:748)&#10;&quot;pool-66-thread-60&quot;  prio=5 tid=649 in Object.wait()&#10;java.lang.Thread.State: WAITING (on object monitor)&#10;        at sun.misc.Unsafe.park(Native Method)&#10;        at java.util.concurrent.locks.LockSupport.park(LockSupport.java:175)&#10;        at java.util.concurrent.locks.AbstractQueuedSynchronizer$ConditionObject.await(AbstractQueuedSynchronizer.java:2039)&#10;        at java.util.concurrent.ArrayBlockingQueue.take(ArrayBlockingQueue.java:403)&#10;        at java.util.concurrent.ThreadPoolExecutor.getTask(ThreadPoolExecutor.java:1074)&#10;        at java.util.concurrent.ThreadPoolExecutor.runWorker(ThreadPoolExecutor.java:1134)&#10;        at java.util.concurrent.ThreadPoolExecutor$Worker.run(ThreadPoolExecutor.java:624)&#10;        at java.lang.Thread.run(Thread.java:748)&#10;&quot;pool-36-thread-45&quot;  prio=5 tid=445 in Object.wait()&#10;java.lang.Thread.State: WAITING (on object monitor)&#10;        at sun.misc.Unsafe.park(Native Method)&#10;        at java.util.concurrent.locks.LockSupport.park(LockSupport.java:175)&#10;        at java.util.concurrent.locks.AbstractQueuedSynchronizer$ConditionObject.await(AbstractQueuedSynchronizer.java:2039)&#10;        at java.util.concurrent.ArrayBlockingQueue.take(ArrayBlockingQueue.java:403)&#10;        at java.util.concurrent.ThreadPoolExecutor.getTask(ThreadPoolExecutor.java:1074)&#10;        at java.util.concurrent.ThreadPoolExecutor.runWorker(ThreadPoolExecutor.java:1134)&#10;        at java.util.concurrent.ThreadPoolExecutor$Worker.run(ThreadPoolExecutor.java:624)&#10;        at java.lang.Thread.run(Thread.java:748)&#10;&quot;IPC Server Responder&quot; daemon prio=5 tid=17 runnable&#10;java.lang.Thread.State: RUNNABLE&#10;        at sun.nio.ch.EPollArrayWrapper.epollWait(Native Method)&#10;        at sun.nio.ch.EPollArrayWrapper.poll(EPollArrayWrapper.java:269)&#10;        at sun.nio.ch.EPollSelectorImpl.doSelect(EPollSelectorImpl.java:93)&#10;        at sun.nio.ch.SelectorImpl.lockAndDoSelect(SelectorImpl.java:86)&#10;        at sun.nio.ch.SelectorImpl.select(SelectorImpl.java:97)&#10;        at org.apache.hadoop.ipc.Server$Responder.doRunLoop(Server.java:1334)&#10;        at org.apache.hadoop.ipc.Server$Responder.run(Server.java:1317)&#10;&quot;metrics-hadoop-metrics2-reporter-27-thread-1&quot; daemon prio=5 tid=915 timed_waiting&#10;java.lang.Thread.State: TIMED_WAITING&#10;        at sun.misc.Unsafe.park(Native Method)&#10;        at java.util.concurrent.locks.LockSupport.parkNanos(LockSupport.java:215)&#10;        at java.util.concurrent.locks.AbstractQueuedSynchronizer$ConditionObject.awaitNanos(AbstractQueuedSynchronizer.java:2078)&#10;        at java.util.concurrent.ScheduledThreadPoolExecutor$DelayedWorkQueue.take(ScheduledThreadPoolExecutor.java:1093)&#10;        at java.util.concurrent.ScheduledThreadPoolExecutor$DelayedWorkQueue.take(ScheduledThreadPoolExecutor.java:809)&#10;        at java.util.concurrent.ThreadPoolExecutor.getTask(ThreadPoolExecutor.java:1074)&#10;        at java.util.concurrent.ThreadPoolExecutor.runWorker(ThreadPoolExecutor.java:1134)&#10;        at java.util.concurrent.ThreadPoolExecutor$Worker.run(ThreadPoolExecutor.java:624)&#10;        at java.lang.Thread.run(Thread.java:748)&#10;&quot;pool-56-thread-31&quot;  prio=5 tid=558 in Object.wait()&#10;java.lang.Thread.State: WAITING (on object monitor)&#10;        at sun.misc.Unsafe.park(Native Method)&#10;        at java.util.concurrent.locks.LockSupport.park(LockSupport.java:175)&#10;        at java.util.concurrent.locks.AbstractQueuedSynchronizer$ConditionObject.await(AbstractQueuedSynchronizer.java:2039)&#10;        at java.util.concurrent.ArrayBlockingQueue.take(ArrayBlockingQueue.java:403)&#10;        at java.util.concurrent.ThreadPoolExecutor.getTask(ThreadPoolExecutor.java:1074)&#10;        at java.util.concurrent.ThreadPoolExecutor.runWorker(ThreadPoolExecutor.java:1134)&#10;        at java.util.concurrent.ThreadPoolExecutor$Worker.run(ThreadPoolExecutor.java:624)&#10;        at java.lang.Thread.run(Thread.java:748)&#10;&quot;pool-26-thread-25&quot;  prio=5 tid=365 in Object.wait()&#10;java.lang.Thread.State: WAITING (on object monitor)&#10;        at sun.misc.Unsafe.park(Native Method)&#10;        at java.util.concurrent.locks.LockSupport.park(LockSupport.java:175)&#10;        at java.util.concurrent.locks.AbstractQueuedSynchronizer$ConditionObject.await(AbstractQueuedSynchronizer.java:2039)&#10;        at java.util.concurrent.ArrayBlockingQueue.take(ArrayBlockingQueue.java:403)&#10;        at java.util.concurrent.ThreadPoolExecutor.getTask(ThreadPoolExecutor.java:1074)&#10;        at java.util.concurrent.ThreadPoolExecutor.runWorker(ThreadPoolExecutor.java:1134)&#10;        at java.util.concurrent.ThreadPoolExecutor$Worker.run(ThreadPoolExecutor.java:624)&#10;        at java.lang.Thread.run(Thread.java:748)&#10;&quot;metrics-hadoop-metrics2-reporter-33-thread-1&quot; daemon prio=5 tid=1586 timed_waiting&#10;java.lang.Thread.State: TIMED_WAITING&#10;        at sun.misc.Unsafe.park(Native Method)&#10;        at java.util.concurrent.locks.LockSupport.parkNanos(LockSupport.java:215)&#10;        at java.util.concurrent.locks.AbstractQueuedSynchronizer$ConditionObject.awaitNanos(AbstractQueuedSynchronizer.java:2078)&#10;        at java.util.concurrent.ScheduledThreadPoolExecutor$DelayedWorkQueue.take(ScheduledThreadPoolExecutor.java:1093)&#10;        at java.util.concurrent.ScheduledThreadPoolExecutor$DelayedWorkQueue.take(ScheduledThreadPoolExecutor.java:809)&#10;        at java.util.concurrent.ThreadPoolExecutor.getTask(ThreadPoolExecutor.java:1074)&#10;        at java.util.concurrent.ThreadPoolExecutor.runWorker(ThreadPoolExecutor.java:1134)&#10;        at java.util.concurrent.ThreadPoolExecutor$Worker.run(ThreadPoolExecutor.java:624)&#10;        at java.lang.Thread.run(Thread.java:748)&#10;&quot;pool-56-thread-59&quot;  prio=5 tid=586 in Object.wait()&#10;java.lang.Thread.State: WAITING (on object monitor)&#10;        at sun.misc.Unsafe.park(Native Method)&#10;        at java.util.concurrent.locks.LockSupport.park(LockSupport.java:175)&#10;        at java.util.concurrent.locks.AbstractQueuedSynchronizer$ConditionObject.await(AbstractQueuedSynchronizer.java:2039)&#10;        at java.util.concurrent.ArrayBlockingQueue.take(ArrayBlockingQueue.java:403)&#10;        at java.util.concurrent.ThreadPoolExecutor.getTask(ThreadPoolExecutor.java:1074)&#10;        at java.util.concurrent.ThreadPoolExecutor.runWorker(ThreadPoolExecutor.java:1134)&#10;        at java.util.concurrent.ThreadPoolExecutor$Worker.run(ThreadPoolExecutor.java:624)&#10;        at java.lang.Thread.run(Thread.java:748)&#10;&quot;pool-36-thread-12&quot;  prio=5 tid=412 in Object.wait()&#10;java.lang.Thread.State: WAITING (on object monitor)&#10;        at sun.misc.Unsafe.park(Native Method)&#10;        at java.util.concurrent.locks.LockSupport.park(LockSupport.java:175)&#10;        at java.util.concurrent.locks.AbstractQueuedSynchronizer$ConditionObject.await(AbstractQueuedSynchronizer.java:2039)&#10;        at java.util.concurrent.ArrayBlockingQueue.take(ArrayBlockingQueue.java:403)&#10;        at java.util.concurrent.ThreadPoolExecutor.getTask(ThreadPoolExecutor.java:1074)&#10;        at java.util.concurrent.ThreadPoolExecutor.runWorker(ThreadPoolExecutor.java:1134)&#10;        at java.util.concurrent.ThreadPoolExecutor$Worker.run(ThreadPoolExecutor.java:624)&#10;        at java.lang.Thread.run(Thread.java:748)&#10;&quot;pool-86-thread-40&quot;  prio=5 tid=753 in Object.wait()&#10;java.lang.Thread.State: WAITING (on object monitor)&#10;        at sun.misc.Unsafe.park(Native Method)&#10;        at java.util.concurrent.locks.LockSupport.park(LockSupport.java:175)&#10;        at java.util.concurrent.locks.AbstractQueuedSynchronizer$ConditionObject.await(AbstractQueuedSynchronizer.java:2039)&#10;        at java.util.concurrent.ArrayBlockingQueue.take(ArrayBlockingQueue.java:403)&#10;        at java.util.concurrent.ThreadPoolExecutor.getTask(ThreadPoolExecutor.java:1074)&#10;        at java.util.concurrent.ThreadPoolExecutor.runWorker(ThreadPoolExecutor.java:1134)&#10;        at java.util.concurrent.ThreadPoolExecutor$Worker.run(ThreadPoolExecutor.java:624)&#10;        at java.lang.Thread.run(Thread.java:748)&#10;&quot;BlockDeletingService#4&quot; daemon prio=5 tid=1463 in Object.wait()&#10;java.lang.Thread.State: WAITING (on object monitor)&#10;        at sun.misc.Unsafe.park(Native Method)&#10;        at java.util.concurrent.locks.LockSupport.park(LockSupport.java:175)&#10;        at java.util.concurrent.locks.AbstractQueuedSynchronizer$ConditionObject.await(AbstractQueuedSynchronizer.java:2039)&#10;        at java.util.concurrent.ScheduledThreadPoolExecutor$DelayedWorkQueue.take(ScheduledThreadPoolExecutor.java:1088)&#10;        at java.util.concurrent.ScheduledThreadPoolExecutor$DelayedWorkQueue.take(ScheduledThreadPoolExecutor.java:809)&#10;        at java.util.concurrent.ThreadPoolExecutor.getTask(ThreadPoolExecutor.java:1074)&#10;        at java.util.concurrent.ThreadPoolExecutor.runWorker(ThreadPoolExecutor.java:1134)&#10;        at java.util.concurrent.ThreadPoolExecutor$Worker.run(ThreadPoolExecutor.java:624)&#10;        at java.lang.Thread.run(Thread.java:748)&#10;&quot;Datanode ReportManager Thread - 2&quot; daemon prio=5 tid=227 in Object.wait()&#10;java.lang.Thread.State: WAITING (on object monitor)&#10;        at sun.misc.Unsafe.park(Native Method)&#10;        at java.util.concurrent.locks.LockSupport.park(LockSupport.java:175)&#10;        at java.util.concurrent.locks.AbstractQueuedSynchronizer$ConditionObject.await(AbstractQueuedSynchronizer.java:2039)&#10;        at java.util.concurrent.ScheduledThreadPoolExecutor$DelayedWorkQueue.take(ScheduledThreadPoolExecutor.java:1088)&#10;        at java.util.concurrent.ScheduledThreadPoolExecutor$DelayedWorkQueue.take(ScheduledThreadPoolExecutor.java:809)&#10;        at java.util.concurrent.ThreadPoolExecutor.getTask(ThreadPoolExecutor.java:1074)&#10;        at java.util.concurrent.ThreadPoolExecutor.runWorker(ThreadPoolExecutor.java:1134)&#10;        at java.util.concurrent.ThreadPoolExecutor$Worker.run(ThreadPoolExecutor.java:624)&#10;        at java.lang.Thread.run(Thread.java:748)&#10;&quot;metrics-hadoop-metrics2-reporter-20-thread-1&quot; daemon prio=5 tid=880 timed_waiting&#10;java.lang.Thread.State: TIMED_WAITING&#10;        at sun.misc.Unsafe.park(Native Method)&#10;        at java.util.concurrent.locks.LockSupport.parkNanos(LockSupport.java:215)&#10;        at java.util.concurrent.locks.AbstractQueuedSynchronizer$ConditionObject.awaitNanos(AbstractQueuedSynchronizer.java:2078)&#10;        at java.util.concurrent.ScheduledThreadPoolExecutor$DelayedWorkQueue.take(ScheduledThreadPoolExecutor.java:1093)&#10;        at java.util.concurrent.ScheduledThreadPoolExecutor$DelayedWorkQueue.take(ScheduledThreadPoolExecutor.java:809)&#10;        at java.util.concurrent.ThreadPoolExecutor.getTask(ThreadPoolExecutor.java:1074)&#10;        at java.util.concurrent.ThreadPoolExecutor.runWorker(ThreadPoolExecutor.java:1134)&#10;        at java.util.concurrent.ThreadPoolExecutor$Worker.run(ThreadPoolExecutor.java:624)&#10;        at java.lang.Thread.run(Thread.java:748)&#10;&quot;Thread-3082&quot; daemon prio=5 tid=3821 timed_waiting&#10;java.lang.Thread.State: TIMED_WAITING&#10;        at java.lang.Thread.sleep(Native Method)&#10;        at org.apache.ratis.util.JavaUtils.sleep(JavaUtils.java:247)&#10;        at org.apache.ratis.server.impl.FollowerState.run(FollowerState.java:96)&#10;&quot;pool-66-thread-2&quot;  prio=5 tid=591 in Object.wait()&#10;java.lang.Thread.State: WAITING (on object monitor)&#10;        at sun.misc.Unsafe.park(Native Method)&#10;        at java.util.concurrent.locks.LockSupport.park(LockSupport.java:175)&#10;        at java.util.concurrent.locks.AbstractQueuedSynchronizer$ConditionObject.await(AbstractQueuedSynchronizer.java:2039)&#10;        at java.util.concurrent.ArrayBlockingQueue.take(ArrayBlockingQueue.java:403)&#10;        at java.util.concurrent.ThreadPoolExecutor.getTask(ThreadPoolExecutor.java:1074)&#10;        at java.util.concurrent.ThreadPoolExecutor.runWorker(ThreadPoolExecutor.java:1134)&#10;        at java.util.concurrent.ThreadPoolExecutor$Worker.run(ThreadPoolExecutor.java:624)&#10;        at java.lang.Thread.run(Thread.java:748)&#10;&quot;pool-56-thread-41&quot;  prio=5 tid=568 in Object.wait()&#10;java.lang.Thread.State: WAITING (on object monitor)&#10;        at sun.misc.Unsafe.park(Native Method)&#10;        at java.util.concurrent.locks.LockSupport.park(LockSupport.java:175)&#10;        at java.util.concurrent.locks.AbstractQueuedSynchronizer$ConditionObject.await(AbstractQueuedSynchronizer.java:2039)&#10;        at java.util.concurrent.ArrayBlockingQueue.take(ArrayBlockingQueue.java:403)&#10;        at java.util.concurrent.ThreadPoolExecutor.getTask(ThreadPoolExecutor.java:1074)&#10;        at java.util.concurrent.ThreadPoolExecutor.runWorker(ThreadPoolExecutor.java:1134)&#10;        at java.util.concurrent.ThreadPoolExecutor$Worker.run(ThreadPoolExecutor.java:624)&#10;        at java.lang.Thread.run(Thread.java:748)&#10;&quot;org.apache.ratis.server.impl.LogAppender$AppenderDaemon$$Lambda$495/740911003@103f43b0&quot; daemon prio=5 tid=2252 timed_waiting&#10;java.lang.Thread.State: TIMED_WAITING&#10;        at java.lang.Object.wait(Native Method)&#10;        at org.apache.ratis.grpc.server.GrpcLogAppender.mayWait(GrpcLogAppender.java:141)&#10;        at org.apache.ratis.grpc.server.GrpcLogAppender.runAppenderImpl(GrpcLogAppender.java:95)&#10;        at org.apache.ratis.server.impl.LogAppender$AppenderDaemon.run(LogAppender.java:76)&#10;        at org.apache.ratis.server.impl.LogAppender$AppenderDaemon$$Lambda$495/740911003.run(Unknown Source)&#10;        at java.lang.Thread.run(Thread.java:748)&#10;&quot;pool-56-thread-9&quot;  prio=5 tid=536 in Object.wait()&#10;java.lang.Thread.State: WAITING (on object monitor)&#10;        at sun.misc.Unsafe.park(Native Method)&#10;        at java.util.concurrent.locks.LockSupport.park(LockSupport.java:175)&#10;        at java.util.concurrent.locks.AbstractQueuedSynchronizer$ConditionObject.await(AbstractQueuedSynchronizer.java:2039)&#10;        at java.util.concurrent.ArrayBlockingQueue.take(ArrayBlockingQueue.java:403)&#10;        at java.util.concurrent.ThreadPoolExecutor.getTask(ThreadPoolExecutor.java:1074)&#10;        at java.util.concurrent.ThreadPoolExecutor.runWorker(ThreadPoolExecutor.java:1134)&#10;        at java.util.concurrent.ThreadPoolExecutor$Worker.run(ThreadPoolExecutor.java:624)&#10;        at java.lang.Thread.run(Thread.java:748)&#10;&quot;RatisApplyTransactionExecutor 5&quot; daemon prio=5 tid=3771 in Object.wait()&#10;java.lang.Thread.State: WAITING (on object monitor)&#10;        at sun.misc.Unsafe.park(Native Method)&#10;        at java.util.concurrent.locks.LockSupport.park(LockSupport.java:175)&#10;        at java.util.concurrent.locks.AbstractQueuedSynchronizer$ConditionObject.await(AbstractQueuedSynchronizer.java:2039)&#10;        at java.util.concurrent.LinkedBlockingQueue.take(LinkedBlockingQueue.java:442)&#10;        at java.util.concurrent.ThreadPoolExecutor.getTask(ThreadPoolExecutor.java:1074)&#10;        at java.util.concurrent.ThreadPoolExecutor.runWorker(ThreadPoolExecutor.java:1134)&#10;        at java.util.concurrent.ThreadPoolExecutor$Worker.run(ThreadPoolExecutor.java:624)&#10;        at java.lang.Thread.run(Thread.java:748)&#10;&quot;pool-76-thread-28&quot;  prio=5 tid=679 in Object.wait()&#10;java.lang.Thread.State: WAITING (on object monitor)&#10;        at sun.misc.Unsafe.park(Native Method)&#10;        at java.util.concurrent.locks.LockSupport.park(LockSupport.java:175)&#10;        at java.util.concurrent.locks.AbstractQueuedSynchronizer$ConditionObject.await(AbstractQueuedSynchronizer.java:2039)&#10;        at java.util.concurrent.ArrayBlockingQueue.take(ArrayBlockingQueue.java:403)&#10;        at java.util.concurrent.ThreadPoolExecutor.getTask(ThreadPoolExecutor.java:1074)&#10;        at java.util.concurrent.ThreadPoolExecutor.runWorker(ThreadPoolExecutor.java:1134)&#10;        at java.util.concurrent.ThreadPoolExecutor$Worker.run(ThreadPoolExecutor.java:624)&#10;        at java.lang.Thread.run(Thread.java:748)&#10;&quot;pool-76-thread-39&quot;  prio=5 tid=690 in Object.wait()&#10;java.lang.Thread.State: WAITING (on object monitor)&#10;        at sun.misc.Unsafe.park(Native Method)&#10;        at java.util.concurrent.locks.LockSupport.park(LockSupport.java:175)&#10;        at java.util.concurrent.locks.AbstractQueuedSynchronizer$ConditionObject.await(AbstractQueuedSynchronizer.java:2039)&#10;        at java.util.concurrent.ArrayBlockingQueue.take(ArrayBlockingQueue.java:403)&#10;        at java.util.concurrent.ThreadPoolExecutor.getTask(ThreadPoolExecutor.java:1074)&#10;        at java.util.concurrent.ThreadPoolExecutor.runWorker(ThreadPoolExecutor.java:1134)&#10;        at java.util.concurrent.ThreadPoolExecutor$Worker.run(ThreadPoolExecutor.java:624)&#10;        at java.lang.Thread.run(Thread.java:748)&#10;&quot;java.util.concurrent.ThreadPoolExecutor$Worker@545d3615[State = -1, empty queue]&quot; daemon prio=5 tid=2253 timed_waiting&#10;java.lang.Thread.State: TIMED_WAITING&#10;        at sun.misc.Unsafe.park(Native Method)&#10;        at java.util.concurrent.locks.LockSupport.parkNanos(LockSupport.java:215)&#10;        at java.util.concurrent.locks.AbstractQueuedSynchronizer$ConditionObject.awaitNanos(AbstractQueuedSynchronizer.java:2078)&#10;        at java.util.concurrent.ScheduledThreadPoolExecutor$DelayedWorkQueue.take(ScheduledThreadPoolExecutor.java:1093)&#10;        at java.util.concurrent.ScheduledThreadPoolExecutor$DelayedWorkQueue.take(ScheduledThreadPoolExecutor.java:809)&#10;        at java.util.concurrent.ThreadPoolExecutor.getTask(ThreadPoolExecutor.java:1074)&#10;        at java.util.concurrent.ThreadPoolExecutor.runWorker(ThreadPoolExecutor.java:1134)&#10;        at java.util.concurrent.ThreadPoolExecutor$Worker.run(ThreadPoolExecutor.java:624)&#10;        at java.lang.Thread.run(Thread.java:748)&#10;&quot;pool-76-thread-15&quot;  prio=5 tid=666 in Object.wait()&#10;java.lang.Thread.State: WAITING (on object monitor)&#10;        at sun.misc.Unsafe.park(Native Method)&#10;        at java.util.concurrent.locks.LockSupport.park(LockSupport.java:175)&#10;        at java.util.concurrent.locks.AbstractQueuedSynchronizer$ConditionObject.await(AbstractQueuedSynchronizer.java:2039)&#10;        at java.util.concurrent.ArrayBlockingQueue.take(ArrayBlockingQueue.java:403)&#10;        at java.util.concurrent.ThreadPoolExecutor.getTask(ThreadPoolExecutor.java:1074)&#10;        at java.util.concurrent.ThreadPoolExecutor.runWorker(ThreadPoolExecutor.java:1134)&#10;        at java.util.concurrent.ThreadPoolExecutor$Worker.run(ThreadPoolExecutor.java:624)&#10;        at java.lang.Thread.run(Thread.java:748)&#10;&quot;IPC Server handler 16 on 40610&quot; daemon prio=5 tid=131 timed_waiting&#10;java.lang.Thread.State: TIMED_WAITING&#10;        at sun.misc.Unsafe.park(Native Method)&#10;        at java.util.concurrent.locks.LockSupport.parkNanos(LockSupport.java:215)&#10;        at java.util.concurrent.locks.AbstractQueuedSynchronizer$ConditionObject.awaitNanos(AbstractQueuedSynchronizer.java:2078)&#10;        at java.util.concurrent.LinkedBlockingQueue.poll(LinkedBlockingQueue.java:467)&#10;        at org.apache.hadoop.ipc.CallQueueManager.take(CallQueueManager.java:288)&#10;        at org.apache.hadoop.ipc.Server$Handler.run(Server.java:2668)&#10;&quot;qtp729375394-300&quot; daemon prio=5 tid=300 timed_waiting&#10;java.lang.Thread.State: TIMED_WAITING&#10;        at sun.misc.Unsafe.park(Native Method)&#10;        at java.util.concurrent.locks.LockSupport.parkNanos(LockSupport.java:215)&#10;        at java.util.concurrent.locks.AbstractQueuedSynchronizer$ConditionObject.awaitNanos(AbstractQueuedSynchronizer.java:2078)&#10;        at org.eclipse.jetty.util.BlockingArrayQueue.poll(BlockingArrayQueue.java:392)&#10;        at org.eclipse.jetty.util.thread.QueuedThreadPool.idleJobPoll(QueuedThreadPool.java:563)&#10;        at org.eclipse.jetty.util.thread.QueuedThreadPool.access$800(QueuedThreadPool.java:48)&#10;        at org.eclipse.jetty.util.thread.QueuedThreadPool$2.run(QueuedThreadPool.java:626)&#10;        at java.lang.Thread.run(Thread.java:748)&#10;&quot;IPC Server handler 4 on 38980&quot; daemon prio=5 tid=73 timed_waiting&#10;java.lang.Thread.State: TIMED_WAITING&#10;        at sun.misc.Unsafe.park(Native Method)&#10;        at java.util.concurrent.locks.LockSupport.parkNanos(LockSupport.java:215)&#10;        at java.util.concurrent.locks.AbstractQueuedSynchronizer$ConditionObject.awaitNanos(AbstractQueuedSynchronizer.java:2078)&#10;        at java.util.concurrent.LinkedBlockingQueue.poll(LinkedBlockingQueue.java:467)&#10;        at org.apache.hadoop.ipc.CallQueueManager.take(CallQueueManager.java:288)&#10;        at org.apache.hadoop.ipc.Server$Handler.run(Server.java:2668)&#10;&quot;IPC Server handler 13 on 40610&quot; daemon prio=5 tid=128 timed_waiting&#10;java.lang.Thread.State: TIMED_WAITING&#10;        at sun.misc.Unsafe.park(Native Method)&#10;        at java.util.concurrent.locks.LockSupport.parkNanos(LockSupport.java:215)&#10;        at java.util.concurrent.locks.AbstractQueuedSynchronizer$ConditionObject.awaitNanos(AbstractQueuedSynchronizer.java:2078)&#10;        at java.util.concurrent.LinkedBlockingQueue.poll(LinkedBlockingQueue.java:467)&#10;        at org.apache.hadoop.ipc.CallQueueManager.take(CallQueueManager.java:288)&#10;        at org.apache.hadoop.ipc.Server$Handler.run(Server.java:2668)&#10;&quot;EventQueue-PipelineReportForPipelineReportHandler&quot; daemon prio=5 tid=781 in Object.wait()&#10;java.lang.Thread.State: WAITING (on object monitor)&#10;        at sun.misc.Unsafe.park(Native Method)&#10;        at java.util.concurrent.locks.LockSupport.park(LockSupport.java:175)&#10;        at java.util.concurrent.locks.AbstractQueuedSynchronizer$ConditionObject.await(AbstractQueuedSynchronizer.java:2039)&#10;        at java.util.concurrent.LinkedBlockingQueue.take(LinkedBlockingQueue.java:442)&#10;        at java.util.concurrent.ThreadPoolExecutor.getTask(ThreadPoolExecutor.java:1074)&#10;        at java.util.concurrent.ThreadPoolExecutor.runWorker(ThreadPoolExecutor.java:1134)&#10;        at java.util.concurrent.ThreadPoolExecutor$Worker.run(ThreadPoolExecutor.java:624)&#10;        at java.lang.Thread.run(Thread.java:748)&#10;&quot;IPC Server handler 12 on 46754&quot; daemon prio=5 tid=61 timed_waiting&#10;java.lang.Thread.State: TIMED_WAITING&#10;        at sun.misc.Unsafe.park(Native Method)&#10;        at java.util.concurrent.locks.LockSupport.parkNanos(LockSupport.java:215)&#10;        at java.util.concurrent.locks.AbstractQueuedSynchronizer$ConditionObject.awaitNanos(AbstractQueuedSynchronizer.java:2078)&#10;        at java.util.concurrent.LinkedBlockingQueue.poll(LinkedBlockingQueue.java:467)&#10;        at org.apache.hadoop.ipc.CallQueueManager.take(CallQueueManager.java:288)&#10;        at org.apache.hadoop.ipc.Server$Handler.run(Server.java:2668)&#10;&quot;pool-77-thread-1&quot;  prio=5 tid=819 in Object.wait()&#10;java.lang.Thread.State: WAITING (on object monitor)&#10;        at sun.misc.Unsafe.park(Native Method)&#10;        at java.util.concurrent.locks.LockSupport.park(LockSupport.java:175)&#10;        at java.util.concurrent.locks.AbstractQueuedSynchronizer$ConditionObject.await(AbstractQueuedSynchronizer.java:2039)&#10;        at java.util.concurrent.LinkedBlockingQueue.take(LinkedBlockingQueue.java:442)&#10;        at java.util.concurrent.ThreadPoolExecutor.getTask(ThreadPoolExecutor.java:1074)&#10;        at java.util.concurrent.ThreadPoolExecutor.runWorker(ThreadPoolExecutor.java:1134)&#10;        at java.util.concurrent.ThreadPoolExecutor$Worker.run(ThreadPoolExecutor.java:624)&#10;        at java.lang.Thread.run(Thread.java:748)&#10;&quot;qtp978035840-138&quot; daemon prio=5 tid=138 timed_waiting&#10;java.lang.Thread.State: TIMED_WAITING&#10;        at sun.misc.Unsafe.park(Native Method)&#10;        at java.util.concurrent.locks.LockSupport.parkNanos(LockSupport.java:215)&#10;        at java.util.concurrent.locks.AbstractQueuedSynchronizer$ConditionObject.awaitNanos(AbstractQueuedSynchronizer.java:2078)&#10;        at org.eclipse.jetty.util.BlockingArrayQueue.poll(BlockingArrayQueue.java:392)&#10;        at org.eclipse.jetty.util.thread.QueuedThreadPool.idleJobPoll(QueuedThreadPool.java:563)&#10;        at org.eclipse.jetty.util.thread.QueuedThreadPool.access$800(QueuedThreadPool.java:48)&#10;        at org.eclipse.jetty.util.thread.QueuedThreadPool$2.run(QueuedThreadPool.java:626)&#10;        at java.lang.Thread.run(Thread.java:748)&#10;&quot;IPC Server handler 11 on 38980&quot; daemon prio=5 tid=80 timed_waiting&#10;java.lang.Thread.State: TIMED_WAITING&#10;        at sun.misc.Unsafe.park(Native Method)&#10;        at java.util.concurrent.locks.LockSupport.parkNanos(LockSupport.java:215)&#10;        at java.util.concurrent.locks.AbstractQueuedSynchronizer$ConditionObject.awaitNanos(AbstractQueuedSynchronizer.java:2078)&#10;        at java.util.concurrent.LinkedBlockingQueue.poll(LinkedBlockingQueue.java:467)&#10;        at org.apache.hadoop.ipc.CallQueueManager.take(CallQueueManager.java:288)&#10;        at org.apache.hadoop.ipc.Server$Handler.run(Server.java:2668)&#10;&quot;pool-66-thread-31&quot;  prio=5 tid=620 in Object.wait()&#10;java.lang.Thread.State: WAITING (on object monitor)&#10;        at sun.misc.Unsafe.park(Native Method)&#10;        at java.util.concurrent.locks.LockSupport.park(LockSupport.java:175)&#10;        at java.util.concurrent.locks.AbstractQueuedSynchronizer$ConditionObject.await(AbstractQueuedSynchronizer.java:2039)&#10;        at java.util.concurrent.ArrayBlockingQueue.take(ArrayBlockingQueue.java:403)&#10;        at java.util.concurrent.ThreadPoolExecutor.getTask(ThreadPoolExecutor.java:1074)&#10;        at java.util.concurrent.ThreadPoolExecutor.runWorker(ThreadPoolExecutor.java:1134)&#10;        at java.util.concurrent.ThreadPoolExecutor$Worker.run(ThreadPoolExecutor.java:624)&#10;        at java.lang.Thread.run(Thread.java:748)&#10;&quot;pool-26-thread-33&quot;  prio=5 tid=373 in Object.wait()&#10;java.lang.Thread.State: WAITING (on object monitor)&#10;        at sun.misc.Unsafe.park(Native Method)&#10;        at java.util.concurrent.locks.LockSupport.park(LockSupport.java:175)&#10;        at java.util.concurrent.locks.AbstractQueuedSynchronizer$ConditionObject.await(AbstractQueuedSynchronizer.java:2039)&#10;        at java.util.concurrent.ArrayBlockingQueue.take(ArrayBlockingQueue.java:403)&#10;        at java.util.concurrent.ThreadPoolExecutor.getTask(ThreadPoolExecutor.java:1074)&#10;        at java.util.concurrent.ThreadPoolExecutor.runWorker(ThreadPoolExecutor.java:1134)&#10;        at java.util.concurrent.ThreadPoolExecutor$Worker.run(ThreadPoolExecutor.java:624)&#10;        at java.lang.Thread.run(Thread.java:748)&#10;&quot;java.util.concurrent.ThreadPoolExecutor$Worker@1b87e942[State = -1, empty queue]&quot; daemon prio=5 tid=3828 timed_waiting&#10;java.lang.Thread.State: TIMED_WAITING&#10;        at sun.misc.Unsafe.park(Native Method)&#10;        at java.util.concurrent.locks.LockSupport.parkNanos(LockSupport.java:215)&#10;        at java.util.concurrent.locks.AbstractQueuedSynchronizer$ConditionObject.awaitNanos(AbstractQueuedSynchronizer.java:2078)&#10;        at java.util.concurrent.ScheduledThreadPoolExecutor$DelayedWorkQueue.take(ScheduledThreadPoolExecutor.java:1093)&#10;        at java.util.concurrent.ScheduledThreadPoolExecutor$DelayedWorkQueue.take(ScheduledThreadPoolExecutor.java:809)&#10;        at java.util.concurrent.ThreadPoolExecutor.getTask(ThreadPoolExecutor.java:1074)&#10;        at java.util.concurrent.ThreadPoolExecutor.runWorker(ThreadPoolExecutor.java:1134)&#10;        at java.util.concurrent.ThreadPoolExecutor$Worker.run(ThreadPoolExecutor.java:624)&#10;        at java.lang.Thread.run(Thread.java:748)&#10;&quot;pool-76-thread-43&quot;  prio=5 tid=694 in Object.wait()&#10;java.lang.Thread.State: WAITING (on object monitor)&#10;        at sun.misc.Unsafe.park(Native Method)&#10;        at java.util.concurrent.locks.LockSupport.park(LockSupport.java:175)&#10;        at java.util.concurrent.locks.AbstractQueuedSynchronizer$ConditionObject.await(AbstractQueuedSynchronizer.java:2039)&#10;        at java.util.concurrent.ArrayBlockingQueue.take(ArrayBlockingQueue.java:403)&#10;        at java.util.concurrent.ThreadPoolExecutor.getTask(ThreadPoolExecutor.java:1074)&#10;        at java.util.concurrent.ThreadPoolExecutor.runWorker(ThreadPoolExecutor.java:1134)&#10;        at java.util.concurrent.ThreadPoolExecutor$Worker.run(ThreadPoolExecutor.java:624)&#10;        at java.lang.Thread.run(Thread.java:748)&#10;&quot;pool-26-thread-36&quot;  prio=5 tid=376 in Object.wait()&#10;java.lang.Thread.State: WAITING (on object monitor)&#10;        at sun.misc.Unsafe.park(Native Method)&#10;        at java.util.concurrent.locks.LockSupport.park(LockSupport.java:175)&#10;        at java.util.concurrent.locks.AbstractQueuedSynchronizer$ConditionObject.await(AbstractQueuedSynchronizer.java:2039)&#10;        at java.util.concurrent.ArrayBlockingQueue.take(ArrayBlockingQueue.java:403)&#10;        at java.util.concurrent.ThreadPoolExecutor.getTask(ThreadPoolExecutor.java:1074)&#10;        at java.util.concurrent.ThreadPoolExecutor.runWorker(ThreadPoolExecutor.java:1134)&#10;        at java.util.concurrent.ThreadPoolExecutor$Worker.run(ThreadPoolExecutor.java:624)&#10;        at java.lang.Thread.run(Thread.java:748)&#10;&quot;pool-86-thread-46&quot;  prio=5 tid=759 in Object.wait()&#10;java.lang.Thread.State: WAITING (on object monitor)&#10;        at sun.misc.Unsafe.park(Native Method)&#10;        at java.util.concurrent.locks.LockSupport.park(LockSupport.java:175)&#10;        at java.util.concurrent.locks.AbstractQueuedSynchronizer$ConditionObject.await(AbstractQueuedSynchronizer.java:2039)&#10;        at java.util.concurrent.ArrayBlockingQueue.take(ArrayBlockingQueue.java:403)&#10;        at java.util.concurrent.ThreadPoolExecutor.getTask(ThreadPoolExecutor.java:1074)&#10;        at java.util.concurrent.ThreadPoolExecutor.runWorker(ThreadPoolExecutor.java:1134)&#10;        at java.util.concurrent.ThreadPoolExecutor$Worker.run(ThreadPoolExecutor.java:624)&#10;        at java.lang.Thread.run(Thread.java:748)&#10;&quot;IPC Server handler 15 on 38980&quot; daemon prio=5 tid=84 timed_waiting&#10;java.lang.Thread.State: TIMED_WAITING&#10;        at sun.misc.Unsafe.park(Native Method)&#10;        at java.util.concurrent.locks.LockSupport.parkNanos(LockSupport.java:215)&#10;        at java.util.concurrent.locks.AbstractQueuedSynchronizer$ConditionObject.awaitNanos(AbstractQueuedSynchronizer.java:2078)&#10;        at java.util.concurrent.LinkedBlockingQueue.poll(LinkedBlockingQueue.java:467)&#10;        at org.apache.hadoop.ipc.CallQueueManager.take(CallQueueManager.java:288)&#10;        at org.apache.hadoop.ipc.Server$Handler.run(Server.java:2668)&#10;&quot;pool-46-thread-59&quot;  prio=5 tid=519 in Object.wait()&#10;java.lang.Thread.State: WAITING (on object monitor)&#10;        at sun.misc.Unsafe.park(Native Method)&#10;        at java.util.concurrent.locks.LockSupport.park(LockSupport.java:175)&#10;        at java.util.concurrent.locks.AbstractQueuedSynchronizer$ConditionObject.await(AbstractQueuedSynchronizer.java:2039)&#10;        at java.util.concurrent.ArrayBlockingQueue.take(ArrayBlockingQueue.java:403)&#10;        at java.util.concurrent.ThreadPoolExecutor.getTask(ThreadPoolExecutor.java:1074)&#10;        at java.util.concurrent.ThreadPoolExecutor.runWorker(ThreadPoolExecutor.java:1134)&#10;        at java.util.concurrent.ThreadPoolExecutor$Worker.run(ThreadPoolExecutor.java:624)&#10;        at java.lang.Thread.run(Thread.java:748)&#10;&quot;qtp1179244298-165&quot; daemon prio=5 tid=165 timed_waiting&#10;java.lang.Thread.State: TIMED_WAITING&#10;        at sun.misc.Unsafe.park(Native Method)&#10;        at java.util.concurrent.locks.LockSupport.parkNanos(LockSupport.java:215)&#10;        at java.util.concurrent.locks.AbstractQueuedSynchronizer$ConditionObject.awaitNanos(AbstractQueuedSynchronizer.java:2078)&#10;        at org.eclipse.jetty.util.BlockingArrayQueue.poll(BlockingArrayQueue.java:392)&#10;        at org.eclipse.jetty.util.thread.QueuedThreadPool.idleJobPoll(QueuedThreadPool.java:563)&#10;        at org.eclipse.jetty.util.thread.QueuedThreadPool.access$800(QueuedThreadPool.java:48)&#10;        at org.eclipse.jetty.util.thread.QueuedThreadPool$2.run(QueuedThreadPool.java:626)&#10;        at java.lang.Thread.run(Thread.java:748)&#10;&quot;IPC Server handler 1 on 46754&quot; daemon prio=5 tid=50 timed_waiting&#10;java.lang.Thread.State: TIMED_WAITING&#10;        at sun.misc.Unsafe.park(Native Method)&#10;        at java.util.concurrent.locks.LockSupport.parkNanos(LockSupport.java:215)&#10;        at java.util.concurrent.locks.AbstractQueuedSynchronizer$ConditionObject.awaitNanos(AbstractQueuedSynchronizer.java:2078)&#10;        at java.util.concurrent.LinkedBlockingQueue.poll(LinkedBlockingQueue.java:467)&#10;        at org.apache.hadoop.ipc.CallQueueManager.take(CallQueueManager.java:288)&#10;        at org.apache.hadoop.ipc.Server$Handler.run(Server.java:2668)&#10;&quot;jaeger.RemoteReporter-QueueProcessor&quot; daemon prio=5 tid=147 in Object.wait()&#10;java.lang.Thread.State: WAITING (on object monitor)&#10;        at sun.misc.Unsafe.park(Native Method)&#10;        at java.util.concurrent.locks.LockSupport.park(LockSupport.java:175)&#10;        at java.util.concurrent.locks.AbstractQueuedSynchronizer$ConditionObject.await(AbstractQueuedSynchronizer.java:2039)&#10;        at java.util.concurrent.ArrayBlockingQueue.take(ArrayBlockingQueue.java:403)&#10;        at io.jaegertracing.internal.reporters.RemoteReporter$QueueProcessor.run(RemoteReporter.java:173)&#10;        at java.lang.Thread.run(Thread.java:748)&#10;&quot;pool-56-thread-16&quot;  prio=5 tid=543 in Object.wait()&#10;java.lang.Thread.State: WAITING (on object monitor)&#10;        at sun.misc.Unsafe.park(Native Method)&#10;        at java.util.concurrent.locks.LockSupport.park(LockSupport.java:175)&#10;        at java.util.concurrent.locks.AbstractQueuedSynchronizer$ConditionObject.await(AbstractQueuedSynchronizer.java:2039)&#10;        at java.util.concurrent.ArrayBlockingQueue.take(ArrayBlockingQueue.java:403)&#10;        at java.util.concurrent.ThreadPoolExecutor.getTask(ThreadPoolExecutor.java:1074)&#10;        at java.util.concurrent.ThreadPoolExecutor.runWorker(ThreadPoolExecutor.java:1134)&#10;        at java.util.concurrent.ThreadPoolExecutor$Worker.run(ThreadPoolExecutor.java:624)&#10;        at java.lang.Thread.run(Thread.java:748)&#10;&quot;SCM Heartbeat Processing Thread - 0&quot; daemon prio=5 tid=13 timed_waiting&#10;java.lang.Thread.State: TIMED_WAITING&#10;        at sun.misc.Unsafe.park(Native Method)&#10;        at java.util.concurrent.locks.LockSupport.parkNanos(LockSupport.java:215)&#10;        at java.util.concurrent.locks.AbstractQueuedSynchronizer$ConditionObject.awaitNanos(AbstractQueuedSynchronizer.java:2078)&#10;        at java.util.concurrent.ScheduledThreadPoolExecutor$DelayedWorkQueue.take(ScheduledThreadPoolExecutor.java:1093)&#10;        at java.util.concurrent.ScheduledThreadPoolExecutor$DelayedWorkQueue.take(ScheduledThreadPoolExecutor.java:809)&#10;        at java.util.concurrent.ThreadPoolExecutor.getTask(ThreadPoolExecutor.java:1074)&#10;        at java.util.concurrent.ThreadPoolExecutor.runWorker(ThreadPoolExecutor.java:1134)&#10;        at java.util.concurrent.ThreadPoolExecutor$Worker.run(ThreadPoolExecutor.java:624)&#10;        at java.lang.Thread.run(Thread.java:748)&#10;&quot;Periodic HDDS volume checker&quot;  prio=5 tid=152 timed_waiting&#10;java.lang.Thread.State: TIMED_WAITING&#10;        at sun.misc.Unsafe.park(Native Method)&#10;        at java.util.concurrent.locks.LockSupport.parkNanos(LockSupport.java:215)&#10;        at java.util.concurrent.locks.AbstractQueuedSynchronizer$ConditionObject.awaitNanos(AbstractQueuedSynchronizer.java:2078)&#10;        at java.util.concurrent.ScheduledThreadPoolExecutor$DelayedWorkQueue.take(ScheduledThreadPoolExecutor.java:1093)&#10;        at java.util.concurrent.ScheduledThreadPoolExecutor$DelayedWorkQueue.take(ScheduledThreadPoolExecutor.java:809)&#10;        at java.util.concurrent.ThreadPoolExecutor.getTask(ThreadPoolExecutor.java:1074)&#10;        at java.util.concurrent.ThreadPoolExecutor.runWorker(ThreadPoolExecutor.java:1134)&#10;        at java.util.concurrent.ThreadPoolExecutor$Worker.run(ThreadPoolExecutor.java:624)&#10;        at java.lang.Thread.run(Thread.java:748)&#10;&quot;pool-86-thread-24&quot;  prio=5 tid=737 in Object.wait()&#10;java.lang.Thread.State: WAITING (on object monitor)&#10;        at sun.misc.Unsafe.park(Native Method)&#10;        at java.util.concurrent.locks.LockSupport.park(LockSupport.java:175)&#10;        at java.util.concurrent.locks.AbstractQueuedSynchronizer$ConditionObject.await(AbstractQueuedSynchronizer.java:2039)&#10;        at java.util.concurrent.ArrayBlockingQueue.take(ArrayBlockingQueue.java:403)&#10;        at java.util.concurrent.ThreadPoolExecutor.getTask(ThreadPoolExecutor.java:1074)&#10;        at java.util.concurrent.ThreadPoolExecutor.runWorker(ThreadPoolExecutor.java:1134)&#10;        at java.util.concurrent.ThreadPoolExecutor$Worker.run(ThreadPoolExecutor.java:624)&#10;        at java.lang.Thread.run(Thread.java:748)&#10;&quot;pool-46-thread-2&quot;  prio=5 tid=462 in Object.wait()&#10;java.lang.Thread.State: WAITING (on object monitor)&#10;        at sun.misc.Unsafe.park(Native Method)&#10;        at java.util.concurrent.locks.LockSupport.park(LockSupport.java:175)&#10;        at java.util.concurrent.locks.AbstractQueuedSynchronizer$ConditionObject.await(AbstractQueuedSynchronizer.java:2039)&#10;        at java.util.concurrent.ArrayBlockingQueue.take(ArrayBlockingQueue.java:403)&#10;        at java.util.concurrent.ThreadPoolExecutor.getTask(ThreadPoolExecutor.java:1074)&#10;        at java.util.concurrent.ThreadPoolExecutor.runWorker(ThreadPoolExecutor.java:1134)&#10;        at java.util.concurrent.ThreadPoolExecutor$Worker.run(ThreadPoolExecutor.java:624)&#10;        at java.lang.Thread.run(Thread.java:748)&#10;&quot;IPC Server handler 11 on 40610&quot; daemon prio=5 tid=126 timed_waiting&#10;java.lang.Thread.State: TIMED_WAITING&#10;        at sun.misc.Unsafe.park(Native Method)&#10;        at java.util.concurrent.locks.LockSupport.parkNanos(LockSupport.java:215)&#10;        at java.util.concurrent.locks.AbstractQueuedSynchronizer$ConditionObject.awaitNanos(AbstractQueuedSynchronizer.java:2078)&#10;        at java.util.concurrent.LinkedBlockingQueue.poll(LinkedBlockingQueue.java:467)&#10;        at org.apache.hadoop.ipc.CallQueueManager.take(CallQueueManager.java:288)&#10;        at org.apache.hadoop.ipc.Server$Handler.run(Server.java:2668)&#10;&quot;EventQueue-NodeRegistrationContainerReportForDataNodeSafeModeRule&quot; daemon prio=5 tid=779 in Object.wait()&#10;java.lang.Thread.State: WAITING (on object monitor)&#10;        at sun.misc.Unsafe.park(Native Method)&#10;        at java.util.concurrent.locks.LockSupport.park(LockSupport.java:175)&#10;        at java.util.concurrent.locks.AbstractQueuedSynchronizer$ConditionObject.await(AbstractQueuedSynchronizer.java:2039)&#10;        at java.util.concurrent.LinkedBlockingQueue.take(LinkedBlockingQueue.java:442)&#10;        at java.util.concurrent.ThreadPoolExecutor.getTask(ThreadPoolExecutor.java:1074)&#10;        at java.util.concurrent.ThreadPoolExecutor.runWorker(ThreadPoolExecutor.java:1134)&#10;        at java.util.concurrent.ThreadPoolExecutor$Worker.run(ThreadPoolExecutor.java:624)&#10;        at java.lang.Thread.run(Thread.java:748)&#10;&quot;IPC Server handler 18 on 38980&quot; daemon prio=5 tid=87 timed_waiting&#10;java.lang.Thread.State: TIMED_WAITING&#10;        at sun.misc.Unsafe.park(Native Method)&#10;        at java.util.concurrent.locks.LockSupport.parkNanos(LockSupport.java:215)&#10;        at java.util.concurrent.locks.AbstractQueuedSynchronizer$ConditionObject.awaitNanos(AbstractQueuedSynchronizer.java:2078)&#10;        at java.util.concurrent.LinkedBlockingQueue.poll(LinkedBlockingQueue.java:467)&#10;        at org.apache.hadoop.ipc.CallQueueManager.take(CallQueueManager.java:288)&#10;        at org.apache.hadoop.ipc.Server$Handler.run(Server.java:2668)&#10;&quot;BlockDeletingService#8&quot; daemon prio=5 tid=2517 in Object.wait()&#10;java.lang.Thread.State: WAITING (on object monitor)&#10;        at sun.misc.Unsafe.park(Native Method)&#10;        at java.util.concurrent.locks.LockSupport.park(LockSupport.java:175)&#10;        at java.util.concurrent.locks.AbstractQueuedSynchronizer$ConditionObject.await(AbstractQueuedSynchronizer.java:2039)&#10;        at java.util.concurrent.ScheduledThreadPoolExecutor$DelayedWorkQueue.take(ScheduledThreadPoolExecutor.java:1088)&#10;        at java.util.concurrent.ScheduledThreadPoolExecutor$DelayedWorkQueue.take(ScheduledThreadPoolExecutor.java:809)&#10;        at java.util.concurrent.ThreadPoolExecutor.getTask(ThreadPoolExecutor.java:1074)&#10;        at java.util.concurrent.ThreadPoolExecutor.runWorker(ThreadPoolExecutor.java:1134)&#10;        at java.util.concurrent.ThreadPoolExecutor$Worker.run(ThreadPoolExecutor.java:624)&#10;        at java.lang.Thread.run(Thread.java:748)&#10;&quot;pool-86-thread-1&quot;  prio=5 tid=714 in Object.wait()&#10;java.lang.Thread.State: WAITING (on object monitor)&#10;        at sun.misc.Unsafe.park(Native Method)&#10;        at java.util.concurrent.locks.LockSupport.park(LockSupport.java:175)&#10;        at java.util.concurrent.locks.AbstractQueuedSynchronizer$ConditionObject.await(AbstractQueuedSynchronizer.java:2039)&#10;        at java.util.concurrent.ArrayBlockingQueue.take(ArrayBlockingQueue.java:403)&#10;        at java.util.concurrent.ThreadPoolExecutor.getTask(ThreadPoolExecutor.java:1074)&#10;        at java.util.concurrent.ThreadPoolExecutor.runWorker(ThreadPoolExecutor.java:1134)&#10;        at java.util.concurrent.ThreadPoolExecutor$Worker.run(ThreadPoolExecutor.java:624)&#10;        at java.lang.Thread.run(Thread.java:748)&#10;&quot;org.apache.hadoop.util.JvmPauseMonitor$Monitor@53d8d097&quot; daemon prio=5 tid=257 timed_waiting&#10;java.lang.Thread.State: TIMED_WAITING&#10;        at java.lang.Thread.sleep(Native Method)&#10;        at org.apache.hadoop.util.JvmPauseMonitor$Monitor.run(JvmPauseMonitor.java:192)&#10;        at java.lang.Thread.run(Thread.java:748)&#10;&quot;Datanode ReportManager Thread - 3&quot; daemon prio=5 tid=282 timed_waiting&#10;java.lang.Thread.State: TIMED_WAITING&#10;        at sun.misc.Unsafe.park(Native Method)&#10;        at java.util.concurrent.locks.LockSupport.parkNanos(LockSupport.java:215)&#10;        at java.util.concurrent.locks.AbstractQueuedSynchronizer$ConditionObject.awaitNanos(AbstractQueuedSynchronizer.java:2078)&#10;        at java.util.concurrent.ScheduledThreadPoolExecutor$DelayedWorkQueue.take(ScheduledThreadPoolExecutor.java:1093)&#10;        at java.util.concurrent.ScheduledThreadPoolExecutor$DelayedWorkQueue.take(ScheduledThreadPoolExecutor.java:809)&#10;        at java.util.concurrent.ThreadPoolExecutor.getTask(ThreadPoolExecutor.java:1074)&#10;        at java.util.concurrent.ThreadPoolExecutor.runWorker(ThreadPoolExecutor.java:1134)&#10;        at java.util.concurrent.ThreadPoolExecutor$Worker.run(ThreadPoolExecutor.java:624)&#10;        at java.lang.Thread.run(Thread.java:748)&#10;&quot;pool-86-thread-35&quot;  prio=5 tid=748 in Object.wait()&#10;java.lang.Thread.State: WAITING (on object monitor)&#10;        at sun.misc.Unsafe.park(Native Method)&#10;        at java.util.concurrent.locks.LockSupport.park(LockSupport.java:175)&#10;        at java.util.concurrent.locks.AbstractQueuedSynchronizer$ConditionObject.await(AbstractQueuedSynchronizer.java:2039)&#10;        at java.util.concurrent.ArrayBlockingQueue.take(ArrayBlockingQueue.java:403)&#10;        at java.util.concurrent.ThreadPoolExecutor.getTask(ThreadPoolExecutor.java:1074)&#10;        at java.util.concurrent.ThreadPoolExecutor.runWorker(ThreadPoolExecutor.java:1134)&#10;        at java.util.concurrent.ThreadPoolExecutor$Worker.run(ThreadPoolExecutor.java:624)&#10;        at java.lang.Thread.run(Thread.java:748)&#10;&quot;pool-36-thread-29&quot;  prio=5 tid=429 in Object.wait()&#10;java.lang.Thread.State: WAITING (on object monitor)&#10;        at sun.misc.Unsafe.park(Native Method)&#10;        at java.util.concurrent.locks.LockSupport.park(LockSupport.java:175)&#10;        at java.util.concurrent.locks.AbstractQueuedSynchronizer$ConditionObject.await(AbstractQueuedSynchronizer.java:2039)&#10;        at java.util.concurrent.ArrayBlockingQueue.take(ArrayBlockingQueue.java:403)&#10;        at java.util.concurrent.ThreadPoolExecutor.getTask(ThreadPoolExecutor.java:1074)&#10;        at java.util.concurrent.ThreadPoolExecutor.runWorker(ThreadPoolExecutor.java:1134)&#10;        at java.util.concurrent.ThreadPoolExecutor$Worker.run(ThreadPoolExecutor.java:624)&#10;        at java.lang.Thread.run(Thread.java:748)&#10;&quot;pool-66-thread-45&quot;  prio=5 tid=634 in Object.wait()&#10;java.lang.Thread.State: WAITING (on object monitor)&#10;        at sun.misc.Unsafe.park(Native Method)&#10;        at java.util.concurrent.locks.LockSupport.park(LockSupport.java:175)&#10;        at java.util.concurrent.locks.AbstractQueuedSynchronizer$ConditionObject.await(AbstractQueuedSynchronizer.java:2039)&#10;        at java.util.concurrent.ArrayBlockingQueue.take(ArrayBlockingQueue.java:403)&#10;        at java.util.concurrent.ThreadPoolExecutor.getTask(ThreadPoolExecutor.java:1074)&#10;        at java.util.concurrent.ThreadPoolExecutor.runWorker(ThreadPoolExecutor.java:1134)&#10;        at java.util.concurrent.ThreadPoolExecutor$Worker.run(ThreadPoolExecutor.java:624)&#10;        at java.lang.Thread.run(Thread.java:748)&#10;&quot;org.apache.hadoop.util.JvmPauseMonitor$Monitor@1c785c26&quot; daemon prio=5 tid=284 timed_waiting&#10;java.lang.Thread.State: TIMED_WAITING&#10;        at java.lang.Thread.sleep(Native Method)&#10;        at org.apache.hadoop.util.JvmPauseMonitor$Monitor.run(JvmPauseMonitor.java:192)&#10;        at java.lang.Thread.run(Thread.java:748)&#10;&quot;qtp2111457497-90&quot; daemon prio=5 tid=90 timed_waiting&#10;java.lang.Thread.State: TIMED_WAITING&#10;        at sun.misc.Unsafe.park(Native Method)&#10;        at java.util.concurrent.locks.LockSupport.parkNanos(LockSupport.java:215)&#10;        at java.util.concurrent.locks.AbstractQueuedSynchronizer$ConditionObject.awaitNanos(AbstractQueuedSynchronizer.java:2078)&#10;        at org.eclipse.jetty.util.BlockingArrayQueue.poll(BlockingArrayQueue.java:392)&#10;        at org.eclipse.jetty.util.thread.QueuedThreadPool.idleJobPoll(QueuedThreadPool.java:563)&#10;        at org.eclipse.jetty.util.thread.QueuedThreadPool.access$800(QueuedThreadPool.java:48)&#10;        at org.eclipse.jetty.util.thread.QueuedThreadPool$2.run(QueuedThreadPool.java:626)&#10;        at java.lang.Thread.run(Thread.java:748)&#10;&quot;pool-36-thread-11&quot;  prio=5 tid=411 in Object.wait()&#10;java.lang.Thread.State: WAITING (on object monitor)&#10;        at sun.misc.Unsafe.park(Native Method)&#10;        at java.util.concurrent.locks.LockSupport.park(LockSupport.java:175)&#10;        at java.util.concurrent.locks.AbstractQueuedSynchronizer$ConditionObject.await(AbstractQueuedSynchronizer.java:2039)&#10;        at java.util.concurrent.ArrayBlockingQueue.take(ArrayBlockingQueue.java:403)&#10;        at java.util.concurrent.ThreadPoolExecutor.getTask(ThreadPoolExecutor.java:1074)&#10;        at java.util.concurrent.ThreadPoolExecutor.runWorker(ThreadPoolExecutor.java:1134)&#10;        at java.util.concurrent.ThreadPoolExecutor$Worker.run(ThreadPoolExecutor.java:624)&#10;        at java.lang.Thread.run(Thread.java:748)&#10;&quot;pool-66-thread-8&quot;  prio=5 tid=597 in Object.wait()&#10;java.lang.Thread.State: WAITING (on object monitor)&#10;        at sun.misc.Unsafe.park(Native Method)&#10;        at java.util.concurrent.locks.LockSupport.park(LockSupport.java:175)&#10;        at java.util.concurrent.locks.AbstractQueuedSynchronizer$ConditionObject.await(AbstractQueuedSynchronizer.java:2039)&#10;        at java.util.concurrent.ArrayBlockingQueue.take(ArrayBlockingQueue.java:403)&#10;        at java.util.concurrent.ThreadPoolExecutor.getTask(ThreadPoolExecutor.java:1074)&#10;        at java.util.concurrent.ThreadPoolExecutor.runWorker(ThreadPoolExecutor.java:1134)&#10;        at java.util.concurrent.ThreadPoolExecutor$Worker.run(ThreadPoolExecutor.java:624)&#10;        at java.lang.Thread.run(Thread.java:748)&#10;&quot;grpc-default-executor-6&quot; daemon prio=5 tid=1241 timed_waiting&#10;java.lang.Thread.State: TIMED_WAITING&#10;        at sun.misc.Unsafe.park(Native Method)&#10;        at java.util.concurrent.locks.LockSupport.parkNanos(LockSupport.java:215)&#10;        at java.util.concurrent.SynchronousQueue$TransferStack.awaitFulfill(SynchronousQueue.java:460)&#10;        at java.util.concurrent.SynchronousQueue$TransferStack.transfer(SynchronousQueue.java:362)&#10;        at java.util.concurrent.SynchronousQueue.poll(SynchronousQueue.java:941)&#10;        at java.util.concurrent.ThreadPoolExecutor.getTask(ThreadPoolExecutor.java:1073)&#10;        at java.util.concurrent.ThreadPoolExecutor.runWorker(ThreadPoolExecutor.java:1134)&#10;        at java.util.concurrent.ThreadPoolExecutor$Worker.run(ThreadPoolExecutor.java:624)&#10;        at java.lang.Thread.run(Thread.java:748)&#10;&quot;pool-36-thread-18&quot;  prio=5 tid=418 in Object.wait()&#10;java.lang.Thread.State: WAITING (on object monitor)&#10;        at sun.misc.Unsafe.park(Native Method)&#10;        at java.util.concurrent.locks.LockSupport.park(LockSupport.java:175)&#10;        at java.util.concurrent.locks.AbstractQueuedSynchronizer$ConditionObject.await(AbstractQueuedSynchronizer.java:2039)&#10;        at java.util.concurrent.ArrayBlockingQueue.take(ArrayBlockingQueue.java:403)&#10;        at java.util.concurrent.ThreadPoolExecutor.getTask(ThreadPoolExecutor.java:1074)&#10;        at java.util.concurrent.ThreadPoolExecutor.runWorker(ThreadPoolExecutor.java:1134)&#10;        at java.util.concurrent.ThreadPoolExecutor$Worker.run(ThreadPoolExecutor.java:624)&#10;        at java.lang.Thread.run(Thread.java:748)&#10;&quot;pool-76-thread-41&quot;  prio=5 tid=692 in Object.wait()&#10;java.lang.Thread.State: WAITING (on object monitor)&#10;        at sun.misc.Unsafe.park(Native Method)&#10;        at java.util.concurrent.locks.LockSupport.park(LockSupport.java:175)&#10;        at java.util.concurrent.locks.AbstractQueuedSynchronizer$ConditionObject.await(AbstractQueuedSynchronizer.java:2039)&#10;        at java.util.concurrent.ArrayBlockingQueue.take(ArrayBlockingQueue.java:403)&#10;        at java.util.concurrent.ThreadPoolExecutor.getTask(ThreadPoolExecutor.java:1074)&#10;        at java.util.concurrent.ThreadPoolExecutor.runWorker(ThreadPoolExecutor.java:1134)&#10;        at java.util.concurrent.ThreadPoolExecutor$Worker.run(ThreadPoolExecutor.java:624)&#10;        at java.lang.Thread.run(Thread.java:748)&#10;&quot;BlockDeletingService#8&quot; daemon prio=5 tid=2522 in Object.wait()&#10;java.lang.Thread.State: WAITING (on object monitor)&#10;        at sun.misc.Unsafe.park(Native Method)&#10;        at java.util.concurrent.locks.LockSupport.park(LockSupport.java:175)&#10;        at java.util.concurrent.locks.AbstractQueuedSynchronizer$ConditionObject.await(AbstractQueuedSynchronizer.java:2039)&#10;        at java.util.concurrent.ScheduledThreadPoolExecutor$DelayedWorkQueue.take(ScheduledThreadPoolExecutor.java:1088)&#10;        at java.util.concurrent.ScheduledThreadPoolExecutor$DelayedWorkQueue.take(ScheduledThreadPoolExecutor.java:809)&#10;        at java.util.concurrent.ThreadPoolExecutor.getTask(ThreadPoolExecutor.java:1074)&#10;        at java.util.concurrent.ThreadPoolExecutor.runWorker(ThreadPoolExecutor.java:1134)&#10;        at java.util.concurrent.ThreadPoolExecutor$Worker.run(ThreadPoolExecutor.java:624)&#10;        at java.lang.Thread.run(Thread.java:748)&#10;&quot;BlockDeletingService#7&quot; daemon prio=5 tid=2194 in Object.wait()&#10;java.lang.Thread.State: WAITING (on object monitor)&#10;        at sun.misc.Unsafe.park(Native Method)&#10;        at java.util.concurrent.locks.LockSupport.park(LockSupport.java:175)&#10;        at java.util.concurrent.locks.AbstractQueuedSynchronizer$ConditionObject.await(AbstractQueuedSynchronizer.java:2039)&#10;        at java.util.concurrent.ScheduledThreadPoolExecutor$DelayedWorkQueue.take(ScheduledThreadPoolExecutor.java:1088)&#10;        at java.util.concurrent.ScheduledThreadPoolExecutor$DelayedWorkQueue.take(ScheduledThreadPoolExecutor.java:809)&#10;        at java.util.concurrent.ThreadPoolExecutor.getTask(ThreadPoolExecutor.java:1074)&#10;        at java.util.concurrent.ThreadPoolExecutor.runWorker(ThreadPoolExecutor.java:1134)&#10;        at java.util.concurrent.ThreadPoolExecutor$Worker.run(ThreadPoolExecutor.java:624)&#10;        at java.lang.Thread.run(Thread.java:748)&#10;&quot;Socket Reader #1 for port 40419&quot;  prio=5 tid=23 runnable&#10;java.lang.Thread.State: RUNNABLE&#10;        at sun.nio.ch.EPollArrayWrapper.epollWait(Native Method)&#10;        at sun.nio.ch.EPollArrayWrapper.poll(EPollArrayWrapper.java:269)&#10;        at sun.nio.ch.EPollSelectorImpl.doSelect(EPollSelectorImpl.java:93)&#10;        at sun.nio.ch.SelectorImpl.lockAndDoSelect(SelectorImpl.java:86)&#10;        at sun.nio.ch.SelectorImpl.select(SelectorImpl.java:97)&#10;        at sun.nio.ch.SelectorImpl.select(SelectorImpl.java:101)&#10;        at org.apache.hadoop.ipc.Server$Listener$Reader.doRunLoop(Server.java:1097)&#10;        at org.apache.hadoop.ipc.Server$Listener$Reader.run(Server.java:1076)&#10;&quot;IPC Server handler 16 on 46754&quot; daemon prio=5 tid=65 timed_waiting&#10;java.lang.Thread.State: TIMED_WAITING&#10;        at sun.misc.Unsafe.park(Native Method)&#10;        at java.util.concurrent.locks.LockSupport.parkNanos(LockSupport.java:215)&#10;        at java.util.concurrent.locks.AbstractQueuedSynchronizer$ConditionObject.awaitNanos(AbstractQueuedSynchronizer.java:2078)&#10;        at java.util.concurrent.LinkedBlockingQueue.poll(LinkedBlockingQueue.java:467)&#10;        at org.apache.hadoop.ipc.CallQueueManager.take(CallQueueManager.java:288)&#10;        at org.apache.hadoop.ipc.Server$Handler.run(Server.java:2668)&#10;&quot;pool-86-thread-34&quot;  prio=5 tid=747 in Object.wait()&#10;java.lang.Thread.State: WAITING (on object monitor)&#10;        at sun.misc.Unsafe.park(Native Method)&#10;        at java.util.concurrent.locks.LockSupport.park(LockSupport.java:175)&#10;        at java.util.concurrent.locks.AbstractQueuedSynchronizer$ConditionObject.await(AbstractQueuedSynchronizer.java:2039)&#10;        at java.util.concurrent.ArrayBlockingQueue.take(ArrayBlockingQueue.java:403)&#10;        at java.util.concurrent.ThreadPoolExecutor.getTask(ThreadPoolExecutor.java:1074)&#10;        at java.util.concurrent.ThreadPoolExecutor.runWorker(ThreadPoolExecutor.java:1134)&#10;        at java.util.concurrent.ThreadPoolExecutor$Worker.run(ThreadPoolExecutor.java:624)&#10;        at java.lang.Thread.run(Thread.java:748)&#10;&quot;90957f92-0013-496b-a419-9c1212c810e8@group-054128F2D0E1-StateMachineUpdater&quot; daemon prio=5 tid=793 in Object.wait()&#10;java.lang.Thread.State: WAITING (on object monitor)&#10;        at java.lang.Object.wait(Native Method)&#10;        at java.lang.Object.wait(Object.java:502)&#10;        at org.apache.ratis.server.impl.StateMachineUpdater.waitForCommit(StateMachineUpdater.java:183)&#10;        at org.apache.ratis.server.impl.StateMachineUpdater.run(StateMachineUpdater.java:148)&#10;        at java.lang.Thread.run(Thread.java:748)&#10;&quot;pool-76-thread-3&quot;  prio=5 tid=654 in Object.wait()&#10;java.lang.Thread.State: WAITING (on object monitor)&#10;        at sun.misc.Unsafe.park(Native Method)&#10;        at java.util.concurrent.locks.LockSupport.park(LockSupport.java:175)&#10;        at java.util.concurrent.locks.AbstractQueuedSynchronizer$ConditionObject.await(AbstractQueuedSynchronizer.java:2039)&#10;        at java.util.concurrent.ArrayBlockingQueue.take(ArrayBlockingQueue.java:403)&#10;        at java.util.concurrent.ThreadPoolExecutor.getTask(ThreadPoolExecutor.java:1074)&#10;        at java.util.concurrent.ThreadPoolExecutor.runWorker(ThreadPoolExecutor.java:1134)&#10;        at java.util.concurrent.ThreadPoolExecutor$Worker.run(ThreadPoolExecutor.java:624)&#10;        at java.lang.Thread.run(Thread.java:748)&#10;&quot;surefire-forkedjvm-command-thread&quot; daemon prio=5 tid=8 runnable&#10;java.lang.Thread.State: RUNNABLE&#10;        at java.io.FileInputStream.readBytes(Native Method)&#10;        at java.io.FileInputStream.read(FileInputStream.java:255)&#10;        at java.io.BufferedInputStream.fill(BufferedInputStream.java:246)&#10;        at java.io.BufferedInputStream.read(BufferedInputStream.java:265)&#10;        at java.io.DataInputStream.readInt(DataInputStream.java:387)&#10;        at org.apache.maven.surefire.booter.MasterProcessCommand.decode(MasterProcessCommand.java:115)&#10;        at org.apache.maven.surefire.booter.CommandReader$CommandRunnable.run(CommandReader.java:390)&#10;        at java.lang.Thread.run(Thread.java:748)&#10;&quot;pool-86-thread-31&quot;  prio=5 tid=744 in Object.wait()&#10;java.lang.Thread.State: WAITING (on object monitor)&#10;        at sun.misc.Unsafe.park(Native Method)&#10;        at java.util.concurrent.locks.LockSupport.park(LockSupport.java:175)&#10;        at java.util.concurrent.locks.AbstractQueuedSynchronizer$ConditionObject.await(AbstractQueuedSynchronizer.java:2039)&#10;        at java.util.concurrent.ArrayBlockingQueue.take(ArrayBlockingQueue.java:403)&#10;        at java.util.concurrent.ThreadPoolExecutor.getTask(ThreadPoolExecutor.java:1074)&#10;        at java.util.concurrent.ThreadPoolExecutor.runWorker(ThreadPoolExecutor.java:1134)&#10;        at java.util.concurrent.ThreadPoolExecutor$Worker.run(ThreadPoolExecutor.java:624)&#10;        at java.lang.Thread.run(Thread.java:748)&#10;&quot;qtp1128600792-243&quot; daemon prio=5 tid=243 timed_waiting&#10;java.lang.Thread.State: TIMED_WAITING&#10;        at sun.misc.Unsafe.park(Native Method)&#10;        at java.util.concurrent.locks.LockSupport.parkNanos(LockSupport.java:215)&#10;        at java.util.concurrent.locks.AbstractQueuedSynchronizer$ConditionObject.awaitNanos(AbstractQueuedSynchronizer.java:2078)&#10;        at org.eclipse.jetty.util.BlockingArrayQueue.poll(BlockingArrayQueue.java:392)&#10;        at org.eclipse.jetty.util.thread.QueuedThreadPool.idleJobPoll(QueuedThreadPool.java:563)&#10;        at org.eclipse.jetty.util.thread.QueuedThreadPool.access$800(QueuedThreadPool.java:48)&#10;        at org.eclipse.jetty.util.thread.QueuedThreadPool$2.run(QueuedThreadPool.java:626)&#10;        at java.lang.Thread.run(Thread.java:748)&#10;&quot;pool-56-thread-20&quot;  prio=5 tid=547 in Object.wait()&#10;java.lang.Thread.State: WAITING (on object monitor)&#10;        at sun.misc.Unsafe.park(Native Method)&#10;        at java.util.concurrent.locks.LockSupport.park(LockSupport.java:175)&#10;        at java.util.concurrent.locks.AbstractQueuedSynchronizer$ConditionObject.await(AbstractQueuedSynchronizer.java:2039)&#10;        at java.util.concurrent.ArrayBlockingQueue.take(ArrayBlockingQueue.java:403)&#10;        at java.util.concurrent.ThreadPoolExecutor.getTask(ThreadPoolExecutor.java:1074)&#10;        at java.util.concurrent.ThreadPoolExecutor.runWorker(ThreadPoolExecutor.java:1134)&#10;        at java.util.concurrent.ThreadPoolExecutor$Worker.run(ThreadPoolExecutor.java:624)&#10;        at java.lang.Thread.run(Thread.java:748)&#10;&quot;pool-26-thread-15&quot;  prio=5 tid=355 in Object.wait()&#10;java.lang.Thread.State: WAITING (on object monitor)&#10;        at sun.misc.Unsafe.park(Native Method)&#10;        at java.util.concurrent.locks.LockSupport.park(LockSupport.java:175)&#10;        at java.util.concurrent.locks.AbstractQueuedSynchronizer$ConditionObject.await(AbstractQueuedSynchronizer.java:2039)&#10;        at java.util.concurrent.ArrayBlockingQueue.take(ArrayBlockingQueue.java:403)&#10;        at java.util.concurrent.ThreadPoolExecutor.getTask(ThreadPoolExecutor.java:1074)&#10;        at java.util.concurrent.ThreadPoolExecutor.runWorker(ThreadPoolExecutor.java:1134)&#10;        at java.util.concurrent.ThreadPoolExecutor$Worker.run(ThreadPoolExecutor.java:624)&#10;        at java.lang.Thread.run(Thread.java:748)&#10;&quot;pool-76-thread-56&quot;  prio=5 tid=707 in Object.wait()&#10;java.lang.Thread.State: WAITING (on object monitor)&#10;        at sun.misc.Unsafe.park(Native Method)&#10;        at java.util.concurrent.locks.LockSupport.park(LockSupport.java:175)&#10;        at java.util.concurrent.locks.AbstractQueuedSynchronizer$ConditionObject.await(AbstractQueuedSynchronizer.java:2039)&#10;        at java.util.concurrent.ArrayBlockingQueue.take(ArrayBlockingQueue.java:403)&#10;        at java.util.concurrent.ThreadPoolExecutor.getTask(ThreadPoolExecutor.java:1074)&#10;        at java.util.concurrent.ThreadPoolExecutor.runWorker(ThreadPoolExecutor.java:1134)&#10;        at java.util.concurrent.ThreadPoolExecutor$Worker.run(ThreadPoolExecutor.java:624)&#10;        at java.lang.Thread.run(Thread.java:748)&#10;&quot;pool-56-thread-32&quot;  prio=5 tid=559 in Object.wait()&#10;java.lang.Thread.State: WAITING (on object monitor)&#10;        at sun.misc.Unsafe.park(Native Method)&#10;        at java.util.concurrent.locks.LockSupport.park(LockSupport.java:175)&#10;        at java.util.concurrent.locks.AbstractQueuedSynchronizer$ConditionObject.await(AbstractQueuedSynchronizer.java:2039)&#10;        at java.util.concurrent.ArrayBlockingQueue.take(ArrayBlockingQueue.java:403)&#10;        at java.util.concurrent.ThreadPoolExecutor.getTask(ThreadPoolExecutor.java:1074)&#10;        at java.util.concurrent.ThreadPoolExecutor.runWorker(ThreadPoolExecutor.java:1134)&#10;        at java.util.concurrent.ThreadPoolExecutor$Worker.run(ThreadPoolExecutor.java:624)&#10;        at java.lang.Thread.run(Thread.java:748)&#10;&quot;java.util.concurrent.ThreadPoolExecutor$Worker@428b17cc[State = -1, empty queue]&quot; daemon prio=5 tid=4124 runnable&#10;java.lang.Thread.State: RUNNABLE&#10;        at java.util.concurrent.ScheduledThreadPoolExecutor$DelayedWorkQueue.poll(ScheduledThreadPoolExecutor.java:809)&#10;        at java.util.concurrent.ThreadPoolExecutor.getTask(ThreadPoolExecutor.java:1073)&#10;        at java.util.concurrent.ThreadPoolExecutor.runWorker(ThreadPoolExecutor.java:1134)&#10;        at java.util.concurrent.ThreadPoolExecutor$Worker.run(ThreadPoolExecutor.java:624)&#10;        at java.lang.Thread.run(Thread.java:748)&#10;&quot;metrics-hadoop-metrics2-reporter-8-thread-1&quot; daemon prio=5 tid=816 timed_waiting&#10;java.lang.Thread.State: TIMED_WAITING&#10;        at sun.misc.Unsafe.park(Native Method)&#10;        at java.util.concurrent.locks.LockSupport.parkNanos(LockSupport.java:215)&#10;        at java.util.concurrent.locks.AbstractQueuedSynchronizer$ConditionObject.awaitNanos(AbstractQueuedSynchronizer.java:2078)&#10;        at java.util.concurrent.ScheduledThreadPoolExecutor$DelayedWorkQueue.take(ScheduledThreadPoolExecutor.java:1093)&#10;        at java.util.concurrent.ScheduledThreadPoolExecutor$DelayedWorkQueue.take(ScheduledThreadPoolExecutor.java:809)&#10;        at java.util.concurrent.ThreadPoolExecutor.getTask(ThreadPoolExecutor.java:1074)&#10;        at java.util.concurrent.ThreadPoolExecutor.runWorker(ThreadPoolExecutor.java:1134)&#10;        at java.util.concurrent.ThreadPoolExecutor$Worker.run(ThreadPoolExecutor.java:624)&#10;        at java.lang.Thread.run(Thread.java:748)&#10;&quot;pool-66-thread-21&quot;  prio=5 tid=610 in Object.wait()&#10;java.lang.Thread.State: WAITING (on object monitor)&#10;        at sun.misc.Unsafe.park(Native Method)&#10;        at java.util.concurrent.locks.LockSupport.park(LockSupport.java:175)&#10;        at java.util.concurrent.locks.AbstractQueuedSynchronizer$ConditionObject.await(AbstractQueuedSynchronizer.java:2039)&#10;        at java.util.concurrent.ArrayBlockingQueue.take(ArrayBlockingQueue.java:403)&#10;        at java.util.concurrent.ThreadPoolExecutor.getTask(ThreadPoolExecutor.java:1074)&#10;        at java.util.concurrent.ThreadPoolExecutor.runWorker(ThreadPoolExecutor.java:1134)&#10;        at java.util.concurrent.ThreadPoolExecutor$Worker.run(ThreadPoolExecutor.java:624)&#10;        at java.lang.Thread.run(Thread.java:748)&#10;&quot;pool-46-thread-15&quot;  prio=5 tid=475 in Object.wait()&#10;java.lang.Thread.State: WAITING (on object monitor)&#10;        at sun.misc.Unsafe.park(Native Method)&#10;        at java.util.concurrent.locks.LockSupport.park(LockSupport.java:175)&#10;        at java.util.concurrent.locks.AbstractQueuedSynchronizer$ConditionObject.await(AbstractQueuedSynchronizer.java:2039)&#10;        at java.util.concurrent.ArrayBlockingQueue.take(ArrayBlockingQueue.java:403)&#10;        at java.util.concurrent.ThreadPoolExecutor.getTask(ThreadPoolExecutor.java:1074)&#10;        at java.util.concurrent.ThreadPoolExecutor.runWorker(ThreadPoolExecutor.java:1134)&#10;        at java.util.concurrent.ThreadPoolExecutor$Worker.run(ThreadPoolExecutor.java:624)&#10;        at java.lang.Thread.run(Thread.java:748)&#10;&quot;IPC Server listener on 38980&quot; daemon prio=5 tid=14 runnable&#10;java.lang.Thread.State: RUNNABLE&#10;        at sun.nio.ch.EPollArrayWrapper.epollWait(Native Method)&#10;        at sun.nio.ch.EPollArrayWrapper.poll(EPollArrayWrapper.java:269)&#10;        at sun.nio.ch.EPollSelectorImpl.doSelect(EPollSelectorImpl.java:93)&#10;        at sun.nio.ch.SelectorImpl.lockAndDoSelect(SelectorImpl.java:86)&#10;        at sun.nio.ch.SelectorImpl.select(SelectorImpl.java:97)&#10;        at sun.nio.ch.SelectorImpl.select(SelectorImpl.java:101)&#10;        at org.apache.hadoop.ipc.Server$Listener.run(Server.java:1159)&#10;&quot;qtp1128600792-240&quot; daemon prio=5 tid=240 runnable&#10;java.lang.Thread.State: RUNNABLE&#10;        at sun.nio.ch.EPollArrayWrapper.epollWait(Native Method)&#10;        at sun.nio.ch.EPollArrayWrapper.poll(EPollArrayWrapper.java:269)&#10;        at sun.nio.ch.EPollSelectorImpl.doSelect(EPollSelectorImpl.java:93)&#10;        at sun.nio.ch.SelectorImpl.lockAndDoSelect(SelectorImpl.java:86)&#10;        at sun.nio.ch.SelectorImpl.select(SelectorImpl.java:97)&#10;        at sun.nio.ch.SelectorImpl.select(SelectorImpl.java:101)&#10;        at org.eclipse.jetty.io.ManagedSelector$SelectorProducer.select(ManagedSelector.java:243)&#10;        at org.eclipse.jetty.io.ManagedSelector$SelectorProducer.produce(ManagedSelector.java:191)&#10;        at org.eclipse.jetty.util.thread.strategy.ExecuteProduceConsume.executeProduceConsume(ExecuteProduceConsume.java:249)&#10;        at org.eclipse.jetty.util.thread.strategy.ExecuteProduceConsume.produceConsume(ExecuteProduceConsume.java:148)&#10;        at org.eclipse.jetty.util.thread.strategy.ExecuteProduceConsume.execute(ExecuteProduceConsume.java:100)&#10;        at org.eclipse.jetty.io.ManagedSelector.run(ManagedSelector.java:147)&#10;        at org.eclipse.jetty.util.thread.QueuedThreadPool.runJob(QueuedThreadPool.java:671)&#10;        at org.eclipse.jetty.util.thread.QueuedThreadPool$2.run(QueuedThreadPool.java:589)&#10;        at java.lang.Thread.run(Thread.java:748)&#10;&quot;Thread-300&quot; daemon prio=5 tid=908 timed_waiting&#10;java.lang.Thread.State: TIMED_WAITING&#10;        at sun.misc.Unsafe.park(Native Method)&#10;        at java.util.concurrent.locks.LockSupport.parkNanos(LockSupport.java:215)&#10;        at java.util.concurrent.locks.AbstractQueuedSynchronizer$ConditionObject.awaitNanos(AbstractQueuedSynchronizer.java:2078)&#10;        at java.util.concurrent.ArrayBlockingQueue.poll(ArrayBlockingQueue.java:418)&#10;        at org.apache.ratis.server.impl.LeaderState$EventQueue.poll(LeaderState.java:115)&#10;        at org.apache.ratis.server.impl.LeaderState$EventProcessor.run(LeaderState.java:457)&#10;&quot;pool-26-thread-56&quot;  prio=5 tid=396 in Object.wait()&#10;java.lang.Thread.State: WAITING (on object monitor)&#10;        at sun.misc.Unsafe.park(Native Method)&#10;        at java.util.concurrent.locks.LockSupport.park(LockSupport.java:175)&#10;        at java.util.concurrent.locks.AbstractQueuedSynchronizer$ConditionObject.await(AbstractQueuedSynchronizer.java:2039)&#10;        at java.util.concurrent.ArrayBlockingQueue.take(ArrayBlockingQueue.java:403)&#10;        at java.util.concurrent.ThreadPoolExecutor.getTask(ThreadPoolExecutor.java:1074)&#10;        at java.util.concurrent.ThreadPoolExecutor.runWorker(ThreadPoolExecutor.java:1134)&#10;        at java.util.concurrent.ThreadPoolExecutor$Worker.run(ThreadPoolExecutor.java:624)&#10;        at java.lang.Thread.run(Thread.java:748)&#10;&quot;pool-56-thread-53&quot;  prio=5 tid=580 in Object.wait()&#10;java.lang.Thread.State: WAITING (on object monitor)&#10;        at sun.misc.Unsafe.park(Native Method)&#10;        at java.util.concurrent.locks.LockSupport.park(LockSupport.java:175)&#10;        at java.util.concurrent.locks.AbstractQueuedSynchronizer$ConditionObject.await(AbstractQueuedSynchronizer.java:2039)&#10;        at java.util.concurrent.ArrayBlockingQueue.take(ArrayBlockingQueue.java:403)&#10;        at java.util.concurrent.ThreadPoolExecutor.getTask(ThreadPoolExecutor.java:1074)&#10;        at java.util.concurrent.ThreadPoolExecutor.runWorker(ThreadPoolExecutor.java:1134)&#10;        at java.util.concurrent.ThreadPoolExecutor$Worker.run(ThreadPoolExecutor.java:624)&#10;        at java.lang.Thread.run(Thread.java:748)&#10;&quot;pool-66-thread-25&quot;  prio=5 tid=614 in Object.wait()&#10;java.lang.Thread.State: WAITING (on object monitor)&#10;        at sun.misc.Unsafe.park(Native Method)&#10;        at java.util.concurrent.locks.LockSupport.park(LockSupport.java:175)&#10;        at java.util.concurrent.locks.AbstractQueuedSynchronizer$ConditionObject.await(AbstractQueuedSynchronizer.java:2039)&#10;        at java.util.concurrent.ArrayBlockingQueue.take(ArrayBlockingQueue.java:403)&#10;        at java.util.concurrent.ThreadPoolExecutor.getTask(ThreadPoolExecutor.java:1074)&#10;        at java.util.concurrent.ThreadPoolExecutor.runWorker(ThreadPoolExecutor.java:1134)&#10;        at java.util.concurrent.ThreadPoolExecutor$Worker.run(ThreadPoolExecutor.java:624)&#10;        at java.lang.Thread.run(Thread.java:748)&#10;&quot;pool-36-thread-34&quot;  prio=5 tid=434 in Object.wait()&#10;java.lang.Thread.State: WAITING (on object monitor)&#10;        at sun.misc.Unsafe.park(Native Method)&#10;        at java.util.concurrent.locks.LockSupport.park(LockSupport.java:175)&#10;        at java.util.concurrent.locks.AbstractQueuedSynchronizer$ConditionObject.await(AbstractQueuedSynchronizer.java:2039)&#10;        at java.util.concurrent.ArrayBlockingQueue.take(ArrayBlockingQueue.java:403)&#10;        at java.util.concurrent.ThreadPoolExecutor.getTask(ThreadPoolExecutor.java:1074)&#10;        at java.util.concurrent.ThreadPoolExecutor.runWorker(ThreadPoolExecutor.java:1134)&#10;        at java.util.concurrent.ThreadPoolExecutor$Worker.run(ThreadPoolExecutor.java:624)&#10;        at java.lang.Thread.run(Thread.java:748)&#10;&quot;pool-66-thread-36&quot;  prio=5 tid=625 in Object.wait()&#10;java.lang.Thread.State: WAITING (on object monitor)&#10;        at sun.misc.Unsafe.park(Native Method)&#10;        at java.util.concurrent.locks.LockSupport.park(LockSupport.java:175)&#10;        at java.util.concurrent.locks.AbstractQueuedSynchronizer$ConditionObject.await(AbstractQueuedSynchronizer.java:2039)&#10;        at java.util.concurrent.ArrayBlockingQueue.take(ArrayBlockingQueue.java:403)&#10;        at java.util.concurrent.ThreadPoolExecutor.getTask(ThreadPoolExecutor.java:1074)&#10;        at java.util.concurrent.ThreadPoolExecutor.runWorker(ThreadPoolExecutor.java:1134)&#10;        at java.util.concurrent.ThreadPoolExecutor$Worker.run(ThreadPoolExecutor.java:624)&#10;        at java.lang.Thread.run(Thread.java:748)&#10;&quot;EventQueue-NodeReportForNodeReportHandler&quot; daemon prio=5 tid=1149 in Object.wait()&#10;java.lang.Thread.State: WAITING (on object monitor)&#10;        at sun.misc.Unsafe.park(Native Method)&#10;        at java.util.concurrent.locks.LockSupport.park(LockSupport.java:175)&#10;        at java.util.concurrent.locks.AbstractQueuedSynchronizer$ConditionObject.await(AbstractQueuedSynchronizer.java:2039)&#10;        at java.util.concurrent.LinkedBlockingQueue.take(LinkedBlockingQueue.java:442)&#10;        at java.util.concurrent.ThreadPoolExecutor.getTask(ThreadPoolExecutor.java:1074)&#10;        at java.util.concurrent.ThreadPoolExecutor.runWorker(ThreadPoolExecutor.java:1134)&#10;        at java.util.concurrent.ThreadPoolExecutor$Worker.run(ThreadPoolExecutor.java:624)&#10;        at java.lang.Thread.run(Thread.java:748)&#10;&quot;pool-74-thread-1&quot; daemon prio=5 tid=291 in Object.wait()&#10;java.lang.Thread.State: WAITING (on object monitor)&#10;        at sun.misc.Unsafe.park(Native Method)&#10;        at java.util.concurrent.locks.LockSupport.park(LockSupport.java:175)&#10;        at java.util.concurrent.locks.AbstractQueuedSynchronizer$ConditionObject.await(AbstractQueuedSynchronizer.java:2039)&#10;        at java.util.concurrent.ScheduledThreadPoolExecutor$DelayedWorkQueue.take(ScheduledThreadPoolExecutor.java:1081)&#10;        at java.util.concurrent.ScheduledThreadPoolExecutor$DelayedWorkQueue.take(ScheduledThreadPoolExecutor.java:809)&#10;        at java.util.concurrent.ThreadPoolExecutor.getTask(ThreadPoolExecutor.java:1074)&#10;        at java.util.concurrent.ThreadPoolExecutor.runWorker(ThreadPoolExecutor.java:1134)&#10;        at java.util.concurrent.ThreadPoolExecutor$Worker.run(ThreadPoolExecutor.java:624)&#10;        at java.lang.Thread.run(Thread.java:748)&#10;&quot;pool-86-thread-50&quot;  prio=5 tid=763 in Object.wait()&#10;java.lang.Thread.State: WAITING (on object monitor)&#10;        at sun.misc.Unsafe.park(Native Method)&#10;        at java.util.concurrent.locks.LockSupport.park(LockSupport.java:175)&#10;        at java.util.concurrent.locks.AbstractQueuedSynchronizer$ConditionObject.await(AbstractQueuedSynchronizer.java:2039)&#10;        at java.util.concurrent.ArrayBlockingQueue.take(ArrayBlockingQueue.java:403)&#10;        at java.util.concurrent.ThreadPoolExecutor.getTask(ThreadPoolExecutor.java:1074)&#10;        at java.util.concurrent.ThreadPoolExecutor.runWorker(ThreadPoolExecutor.java:1134)&#10;        at java.util.concurrent.ThreadPoolExecutor$Worker.run(ThreadPoolExecutor.java:624)&#10;        at java.lang.Thread.run(Thread.java:748)&#10;&quot;90957f92-0013-496b-a419-9c1212c810e8@group-6371820A5F4C-StateMachineUpdater&quot; daemon prio=5 tid=2215 in Object.wait()&#10;java.lang.Thread.State: WAITING (on object monitor)&#10;        at java.lang.Object.wait(Native Method)&#10;        at java.lang.Object.wait(Object.java:502)&#10;        at org.apache.ratis.server.impl.StateMachineUpdater.waitForCommit(StateMachineUpdater.java:183)&#10;        at org.apache.ratis.server.impl.StateMachineUpdater.run(StateMachineUpdater.java:148)&#10;        at java.lang.Thread.run(Thread.java:748)&#10;&quot;pool-86-thread-42&quot;  prio=5 tid=755 in Object.wait()&#10;java.lang.Thread.State: WAITING (on object monitor)&#10;        at sun.misc.Unsafe.park(Native Method)&#10;        at java.util.concurrent.locks.LockSupport.park(LockSupport.java:175)&#10;        at java.util.concurrent.locks.AbstractQueuedSynchronizer$ConditionObject.await(AbstractQueuedSynchronizer.java:2039)&#10;        at java.util.concurrent.ArrayBlockingQueue.take(ArrayBlockingQueue.java:403)&#10;        at java.util.concurrent.ThreadPoolExecutor.getTask(ThreadPoolExecutor.java:1074)&#10;        at java.util.concurrent.ThreadPoolExecutor.runWorker(ThreadPoolExecutor.java:1134)&#10;        at java.util.concurrent.ThreadPoolExecutor$Worker.run(ThreadPoolExecutor.java:624)&#10;        at java.lang.Thread.run(Thread.java:748)&#10;&quot;f3263f9a-ef6c-4ff4-a6b2-5a62e946b753@group-C650F42891D4-SegmentedRaftLogWorker&quot;  prio=5 tid=800 timed_waiting&#10;java.lang.Thread.State: TIMED_WAITING&#10;        at sun.misc.Unsafe.park(Native Method)&#10;        at java.util.concurrent.locks.LockSupport.parkNanos(LockSupport.java:215)&#10;        at java.util.concurrent.locks.AbstractQueuedSynchronizer$ConditionObject.awaitNanos(AbstractQueuedSynchronizer.java:2078)&#10;        at org.apache.ratis.util.DataBlockingQueue.poll(DataBlockingQueue.java:137)&#10;        at org.apache.ratis.server.raftlog.segmented.SegmentedRaftLogWorker.run(SegmentedRaftLogWorker.java:283)&#10;        at java.lang.Thread.run(Thread.java:748)&#10;&quot;qtp1128600792-245&quot; daemon prio=5 tid=245 timed_waiting&#10;java.lang.Thread.State: TIMED_WAITING&#10;        at sun.misc.Unsafe.park(Native Method)&#10;        at java.util.concurrent.locks.LockSupport.parkNanos(LockSupport.java:215)&#10;        at java.util.concurrent.locks.AbstractQueuedSynchronizer$ConditionObject.awaitNanos(AbstractQueuedSynchronizer.java:2078)&#10;        at org.eclipse.jetty.util.BlockingArrayQueue.poll(BlockingArrayQueue.java:392)&#10;        at org.eclipse.jetty.util.thread.QueuedThreadPool.idleJobPoll(QueuedThreadPool.java:563)&#10;        at org.eclipse.jetty.util.thread.QueuedThreadPool.access$800(QueuedThreadPool.java:48)&#10;        at org.eclipse.jetty.util.thread.QueuedThreadPool$2.run(QueuedThreadPool.java:626)&#10;        at java.lang.Thread.run(Thread.java:748)&#10;&quot;pool-36-thread-59&quot;  prio=5 tid=459 in Object.wait()&#10;java.lang.Thread.State: WAITING (on object monitor)&#10;        at sun.misc.Unsafe.park(Native Method)&#10;        at java.util.concurrent.locks.LockSupport.park(LockSupport.java:175)&#10;        at java.util.concurrent.locks.AbstractQueuedSynchronizer$ConditionObject.await(AbstractQueuedSynchronizer.java:2039)&#10;        at java.util.concurrent.ArrayBlockingQueue.take(ArrayBlockingQueue.java:403)&#10;        at java.util.concurrent.ThreadPoolExecutor.getTask(ThreadPoolExecutor.java:1074)&#10;        at java.util.concurrent.ThreadPoolExecutor.runWorker(ThreadPoolExecutor.java:1134)&#10;        at java.util.concurrent.ThreadPoolExecutor$Worker.run(ThreadPoolExecutor.java:624)&#10;        at java.lang.Thread.run(Thread.java:748)&#10;&quot;pool-46-thread-60&quot;  prio=5 tid=520 in Object.wait()&#10;java.lang.Thread.State: WAITING (on object monitor)&#10;        at sun.misc.Unsafe.park(Native Method)&#10;        at java.util.concurrent.locks.LockSupport.park(LockSupport.java:175)&#10;        at java.util.concurrent.locks.AbstractQueuedSynchronizer$ConditionObject.await(AbstractQueuedSynchronizer.java:2039)&#10;        at java.util.concurrent.ArrayBlockingQueue.take(ArrayBlockingQueue.java:403)&#10;        at java.util.concurrent.ThreadPoolExecutor.getTask(ThreadPoolExecutor.java:1074)&#10;        at java.util.concurrent.ThreadPoolExecutor.runWorker(ThreadPoolExecutor.java:1134)&#10;        at java.util.concurrent.ThreadPoolExecutor$Worker.run(ThreadPoolExecutor.java:624)&#10;        at java.lang.Thread.run(Thread.java:748)&#10;&quot;pool-56-thread-22&quot;  prio=5 tid=549 in Object.wait()&#10;java.lang.Thread.State: WAITING (on object monitor)&#10;        at sun.misc.Unsafe.park(Native Method)&#10;        at java.util.concurrent.locks.LockSupport.park(LockSupport.java:175)&#10;        at java.util.concurrent.locks.AbstractQueuedSynchronizer$ConditionObject.await(AbstractQueuedSynchronizer.java:2039)&#10;        at java.util.concurrent.ArrayBlockingQueue.take(ArrayBlockingQueue.java:403)&#10;        at java.util.concurrent.ThreadPoolExecutor.getTask(ThreadPoolExecutor.java:1074)&#10;        at java.util.concurrent.ThreadPoolExecutor.runWorker(ThreadPoolExecutor.java:1134)&#10;        at java.util.concurrent.ThreadPoolExecutor$Worker.run(ThreadPoolExecutor.java:624)&#10;        at java.lang.Thread.run(Thread.java:748)&#10;&quot;pool-46-thread-45&quot;  prio=5 tid=505 in Object.wait()&#10;java.lang.Thread.State: WAITING (on object monitor)&#10;        at sun.misc.Unsafe.park(Native Method)&#10;        at java.util.concurrent.locks.LockSupport.park(LockSupport.java:175)&#10;        at java.util.concurrent.locks.AbstractQueuedSynchronizer$ConditionObject.await(AbstractQueuedSynchronizer.java:2039)&#10;        at java.util.concurrent.ArrayBlockingQueue.take(ArrayBlockingQueue.java:403)&#10;        at java.util.concurrent.ThreadPoolExecutor.getTask(ThreadPoolExecutor.java:1074)&#10;        at java.util.concurrent.ThreadPoolExecutor.runWorker(ThreadPoolExecutor.java:1134)&#10;        at java.util.concurrent.ThreadPoolExecutor$Worker.run(ThreadPoolExecutor.java:624)&#10;        at java.lang.Thread.run(Thread.java:748)&#10;&quot;org.eclipse.jetty.server.session.HashSessionManager@1305c126Timer&quot; daemon prio=5 tid=248 timed_waiting&#10;java.lang.Thread.State: TIMED_WAITING&#10;        at sun.misc.Unsafe.park(Native Method)&#10;        at java.util.concurrent.locks.LockSupport.parkNanos(LockSupport.java:215)&#10;        at java.util.concurrent.locks.AbstractQueuedSynchronizer$ConditionObject.awaitNanos(AbstractQueuedSynchronizer.java:2078)&#10;        at java.util.concurrent.ScheduledThreadPoolExecutor$DelayedWorkQueue.take(ScheduledThreadPoolExecutor.java:1093)&#10;        at java.util.concurrent.ScheduledThreadPoolExecutor$DelayedWorkQueue.take(ScheduledThreadPoolExecutor.java:809)&#10;        at java.util.concurrent.ThreadPoolExecutor.getTask(ThreadPoolExecutor.java:1074)&#10;        at java.util.concurrent.ThreadPoolExecutor.runWorker(ThreadPoolExecutor.java:1134)&#10;        at java.util.concurrent.ThreadPoolExecutor$Worker.run(ThreadPoolExecutor.java:624)&#10;        at java.lang.Thread.run(Thread.java:748)&#10;&quot;IPC Server handler 8 on 40419&quot; daemon prio=5 tid=37 timed_waiting&#10;java.lang.Thread.State: TIMED_WAITING&#10;        at sun.misc.Unsafe.park(Native Method)&#10;        at java.util.concurrent.locks.LockSupport.parkNanos(LockSupport.java:215)&#10;        at java.util.concurrent.locks.AbstractQueuedSynchronizer$ConditionObject.awaitNanos(AbstractQueuedSynchronizer.java:2078)&#10;        at java.util.concurrent.LinkedBlockingQueue.poll(LinkedBlockingQueue.java:467)&#10;        at org.apache.hadoop.ipc.CallQueueManager.take(CallQueueManager.java:288)&#10;        at org.apache.hadoop.ipc.Server$Handler.run(Server.java:2668)&#10;&quot;pool-84-thread-1&quot; daemon prio=5 tid=318 in Object.wait()&#10;java.lang.Thread.State: WAITING (on object monitor)&#10;        at sun.misc.Unsafe.park(Native Method)&#10;        at java.util.concurrent.locks.LockSupport.park(LockSupport.java:175)&#10;        at java.util.concurrent.locks.AbstractQueuedSynchronizer$ConditionObject.await(AbstractQueuedSynchronizer.java:2039)&#10;        at java.util.concurrent.ScheduledThreadPoolExecutor$DelayedWorkQueue.take(ScheduledThreadPoolExecutor.java:1081)&#10;        at java.util.concurrent.ScheduledThreadPoolExecutor$DelayedWorkQueue.take(ScheduledThreadPoolExecutor.java:809)&#10;        at java.util.concurrent.ThreadPoolExecutor.getTask(ThreadPoolExecutor.java:1074)&#10;        at java.util.concurrent.ThreadPoolExecutor.runWorker(ThreadPoolExecutor.java:1134)&#10;        at java.util.concurrent.ThreadPoolExecutor$Worker.run(ThreadPoolExecutor.java:624)&#10;        at java.lang.Thread.run(Thread.java:748)&#10;&quot;IPC Server handler 0 on 40419&quot; daemon prio=5 tid=29 timed_waiting&#10;java.lang.Thread.State: TIMED_WAITING&#10;        at sun.misc.Unsafe.park(Native Method)&#10;        at java.util.concurrent.locks.LockSupport.parkNanos(LockSupport.java:215)&#10;        at java.util.concurrent.locks.AbstractQueuedSynchronizer$ConditionObject.awaitNanos(AbstractQueuedSynchronizer.java:2078)&#10;        at java.util.concurrent.LinkedBlockingQueue.poll(LinkedBlockingQueue.java:467)&#10;        at org.apache.hadoop.ipc.CallQueueManager.take(CallQueueManager.java:288)&#10;        at org.apache.hadoop.ipc.Server$Handler.run(Server.java:2668)&#10;&quot;Periodic HDDS volume checker&quot;  prio=5 tid=287 timed_waiting&#10;java.lang.Thread.State: TIMED_WAITING&#10;        at sun.misc.Unsafe.park(Native Method)&#10;        at java.util.concurrent.locks.LockSupport.parkNanos(LockSupport.java:215)&#10;        at java.util.concurrent.locks.AbstractQueuedSynchronizer$ConditionObject.awaitNanos(AbstractQueuedSynchronizer.java:2078)&#10;        at java.util.concurrent.ScheduledThreadPoolExecutor$DelayedWorkQueue.take(ScheduledThreadPoolExecutor.java:1093)&#10;        at java.util.concurrent.ScheduledThreadPoolExecutor$DelayedWorkQueue.take(ScheduledThreadPoolExecutor.java:809)&#10;        at java.util.concurrent.ThreadPoolExecutor.getTask(ThreadPoolExecutor.java:1074)&#10;        at java.util.concurrent.ThreadPoolExecutor.runWorker(ThreadPoolExecutor.java:1134)&#10;        at java.util.concurrent.ThreadPoolExecutor$Worker.run(ThreadPoolExecutor.java:624)&#10;        at java.lang.Thread.run(Thread.java:748)&#10;&quot;IPC Server idle connection scanner for port 40610&quot; daemon prio=5 tid=111 timed_waiting&#10;java.lang.Thread.State: TIMED_WAITING&#10;        at java.lang.Object.wait(Native Method)&#10;        at java.util.TimerThread.mainLoop(Timer.java:552)&#10;        at java.util.TimerThread.run(Timer.java:505)&#10;&quot;pool-66-thread-10&quot;  prio=5 tid=599 in Object.wait()&#10;java.lang.Thread.State: WAITING (on object monitor)&#10;        at sun.misc.Unsafe.park(Native Method)&#10;        at java.util.concurrent.locks.LockSupport.park(LockSupport.java:175)&#10;        at java.util.concurrent.locks.AbstractQueuedSynchronizer$ConditionObject.await(AbstractQueuedSynchronizer.java:2039)&#10;        at java.util.concurrent.ArrayBlockingQueue.take(ArrayBlockingQueue.java:403)&#10;        at java.util.concurrent.ThreadPoolExecutor.getTask(ThreadPoolExecutor.java:1074)&#10;        at java.util.concurrent.ThreadPoolExecutor.runWorker(ThreadPoolExecutor.java:1134)&#10;        at java.util.concurrent.ThreadPoolExecutor$Worker.run(ThreadPoolExecutor.java:624)&#10;        at java.lang.Thread.run(Thread.java:748)&#10;&quot;pool-87-thread-1&quot;  prio=5 tid=812 in Object.wait()&#10;java.lang.Thread.State: WAITING (on object monitor)&#10;        at sun.misc.Unsafe.park(Native Method)&#10;        at java.util.concurrent.locks.LockSupport.park(LockSupport.java:175)&#10;        at java.util.concurrent.locks.AbstractQueuedSynchronizer$ConditionObject.await(AbstractQueuedSynchronizer.java:2039)&#10;        at java.util.concurrent.LinkedBlockingQueue.take(LinkedBlockingQueue.java:442)&#10;        at java.util.concurrent.ThreadPoolExecutor.getTask(ThreadPoolExecutor.java:1074)&#10;        at java.util.concurrent.ThreadPoolExecutor.runWorker(ThreadPoolExecutor.java:1134)&#10;        at java.util.concurrent.ThreadPoolExecutor$Worker.run(ThreadPoolExecutor.java:624)&#10;        at java.lang.Thread.run(Thread.java:748)&#10;&quot;pool-56-thread-47&quot;  prio=5 tid=574 in Object.wait()&#10;java.lang.Thread.State: WAITING (on object monitor)&#10;        at sun.misc.Unsafe.park(Native Method)&#10;        at java.util.concurrent.locks.LockSupport.park(LockSupport.java:175)&#10;        at java.util.concurrent.locks.AbstractQueuedSynchronizer$ConditionObject.await(AbstractQueuedSynchronizer.java:2039)&#10;        at java.util.concurrent.ArrayBlockingQueue.take(ArrayBlockingQueue.java:403)&#10;        at java.util.concurrent.ThreadPoolExecutor.getTask(ThreadPoolExecutor.java:1074)&#10;        at java.util.concurrent.ThreadPoolExecutor.runWorker(ThreadPoolExecutor.java:1134)&#10;        at java.util.concurrent.ThreadPoolExecutor$Worker.run(ThreadPoolExecutor.java:624)&#10;        at java.lang.Thread.run(Thread.java:748)&#10;&quot;Socket Reader #1 for port 38980&quot;  prio=5 tid=15 runnable&#10;java.lang.Thread.State: RUNNABLE&#10;        at sun.nio.ch.EPollArrayWrapper.epollWait(Native Method)&#10;        at sun.nio.ch.EPollArrayWrapper.poll(EPollArrayWrapper.java:269)&#10;        at sun.nio.ch.EPollSelectorImpl.doSelect(EPollSelectorImpl.java:93)&#10;        at sun.nio.ch.SelectorImpl.lockAndDoSelect(SelectorImpl.java:86)&#10;        at sun.nio.ch.SelectorImpl.select(SelectorImpl.java:97)&#10;        at sun.nio.ch.SelectorImpl.select(SelectorImpl.java:101)&#10;        at org.apache.hadoop.ipc.Server$Listener$Reader.doRunLoop(Server.java:1097)&#10;        at org.apache.hadoop.ipc.Server$Listener$Reader.run(Server.java:1076)&#10;&quot;BlockDeletingService#3&quot; daemon prio=5 tid=1309 in Object.wait()&#10;java.lang.Thread.State: WAITING (on object monitor)&#10;        at sun.misc.Unsafe.park(Native Method)&#10;        at java.util.concurrent.locks.LockSupport.park(LockSupport.java:175)&#10;        at java.util.concurrent.locks.AbstractQueuedSynchronizer$ConditionObject.await(AbstractQueuedSynchronizer.java:2039)&#10;        at java.util.concurrent.ScheduledThreadPoolExecutor$DelayedWorkQueue.take(ScheduledThreadPoolExecutor.java:1088)&#10;        at java.util.concurrent.ScheduledThreadPoolExecutor$DelayedWorkQueue.take(ScheduledThreadPoolExecutor.java:809)&#10;        at java.util.concurrent.ThreadPoolExecutor.getTask(ThreadPoolExecutor.java:1074)&#10;        at java.util.concurrent.ThreadPoolExecutor.runWorker(ThreadPoolExecutor.java:1134)&#10;        at java.util.concurrent.ThreadPoolExecutor$Worker.run(ThreadPoolExecutor.java:624)&#10;        at java.lang.Thread.run(Thread.java:748)&#10;&quot;pool-66-thread-16&quot;  prio=5 tid=605 in Object.wait()&#10;java.lang.Thread.State: WAITING (on object monitor)&#10;        at sun.misc.Unsafe.park(Native Method)&#10;        at java.util.concurrent.locks.LockSupport.park(LockSupport.java:175)&#10;        at java.util.concurrent.locks.AbstractQueuedSynchronizer$ConditionObject.await(AbstractQueuedSynchronizer.java:2039)&#10;        at java.util.concurrent.ArrayBlockingQueue.take(ArrayBlockingQueue.java:403)&#10;        at java.util.concurrent.ThreadPoolExecutor.getTask(ThreadPoolExecutor.java:1074)&#10;        at java.util.concurrent.ThreadPoolExecutor.runWorker(ThreadPoolExecutor.java:1134)&#10;        at java.util.concurrent.ThreadPoolExecutor$Worker.run(ThreadPoolExecutor.java:624)&#10;        at java.lang.Thread.run(Thread.java:748)&#10;&quot;pool-56-thread-51&quot;  prio=5 tid=578 in Object.wait()&#10;java.lang.Thread.State: WAITING (on object monitor)&#10;        at sun.misc.Unsafe.park(Native Method)&#10;        at java.util.concurrent.locks.LockSupport.park(LockSupport.java:175)&#10;        at java.util.concurrent.locks.AbstractQueuedSynchronizer$ConditionObject.await(AbstractQueuedSynchronizer.java:2039)&#10;        at java.util.concurrent.ArrayBlockingQueue.take(ArrayBlockingQueue.java:403)&#10;        at java.util.concurrent.ThreadPoolExecutor.getTask(ThreadPoolExecutor.java:1074)&#10;        at java.util.concurrent.ThreadPoolExecutor.runWorker(ThreadPoolExecutor.java:1134)&#10;        at java.util.concurrent.ThreadPoolExecutor$Worker.run(ThreadPoolExecutor.java:624)&#10;        at java.lang.Thread.run(Thread.java:748)&#10;&quot;pool-26-thread-54&quot;  prio=5 tid=394 in Object.wait()&#10;java.lang.Thread.State: WAITING (on object monitor)&#10;        at sun.misc.Unsafe.park(Native Method)&#10;        at java.util.concurrent.locks.LockSupport.park(LockSupport.java:175)&#10;        at java.util.concurrent.locks.AbstractQueuedSynchronizer$ConditionObject.await(AbstractQueuedSynchronizer.java:2039)&#10;        at java.util.concurrent.ArrayBlockingQueue.take(ArrayBlockingQueue.java:403)&#10;        at java.util.concurrent.ThreadPoolExecutor.getTask(ThreadPoolExecutor.java:1074)&#10;        at java.util.concurrent.ThreadPoolExecutor.runWorker(ThreadPoolExecutor.java:1134)&#10;        at java.util.concurrent.ThreadPoolExecutor$Worker.run(ThreadPoolExecutor.java:624)&#10;        at java.lang.Thread.run(Thread.java:748)&#10;&quot;BlockDeletingService#9&quot; daemon prio=5 tid=2741 in Object.wait()&#10;java.lang.Thread.State: WAITING (on object monitor)&#10;        at sun.misc.Unsafe.park(Native Method)&#10;        at java.util.concurrent.locks.LockSupport.park(LockSupport.java:175)&#10;        at java.util.concurrent.locks.AbstractQueuedSynchronizer$ConditionObject.await(AbstractQueuedSynchronizer.java:2039)&#10;        at java.util.concurrent.ScheduledThreadPoolExecutor$DelayedWorkQueue.take(ScheduledThreadPoolExecutor.java:1088)&#10;        at java.util.concurrent.ScheduledThreadPoolExecutor$DelayedWorkQueue.take(ScheduledThreadPoolExecutor.java:809)&#10;        at java.util.concurrent.ThreadPoolExecutor.getTask(ThreadPoolExecutor.java:1074)&#10;        at java.util.concurrent.ThreadPoolExecutor.runWorker(ThreadPoolExecutor.java:1134)&#10;        at java.util.concurrent.ThreadPoolExecutor$Worker.run(ThreadPoolExecutor.java:624)&#10;        at java.lang.Thread.run(Thread.java:748)&#10;&quot;pool-66-thread-18&quot;  prio=5 tid=607 in Object.wait()&#10;java.lang.Thread.State: WAITING (on object monitor)&#10;        at sun.misc.Unsafe.park(Native Method)&#10;        at java.util.concurrent.locks.LockSupport.park(LockSupport.java:175)&#10;        at java.util.concurrent.locks.AbstractQueuedSynchronizer$ConditionObject.await(AbstractQueuedSynchronizer.java:2039)&#10;        at java.util.concurrent.ArrayBlockingQueue.take(ArrayBlockingQueue.java:403)&#10;        at java.util.concurrent.ThreadPoolExecutor.getTask(ThreadPoolExecutor.java:1074)&#10;        at java.util.concurrent.ThreadPoolExecutor.runWorker(ThreadPoolExecutor.java:1134)&#10;        at java.util.concurrent.ThreadPoolExecutor$Worker.run(ThreadPoolExecutor.java:624)&#10;        at java.lang.Thread.run(Thread.java:748)&#10;&quot;metrics-hadoop-metrics2-reporter-41-thread-1&quot; daemon prio=5 tid=3063 timed_waiting&#10;java.lang.Thread.State: TIMED_WAITING&#10;        at sun.misc.Unsafe.park(Native Method)&#10;        at java.util.concurrent.locks.LockSupport.parkNanos(LockSupport.java:215)&#10;        at java.util.concurrent.locks.AbstractQueuedSynchronizer$ConditionObject.awaitNanos(AbstractQueuedSynchronizer.java:2078)&#10;        at java.util.concurrent.ScheduledThreadPoolExecutor$DelayedWorkQueue.take(ScheduledThreadPoolExecutor.java:1093)&#10;        at java.util.concurrent.ScheduledThreadPoolExecutor$DelayedWorkQueue.take(ScheduledThreadPoolExecutor.java:809)&#10;        at java.util.concurrent.ThreadPoolExecutor.getTask(ThreadPoolExecutor.java:1074)&#10;        at java.util.concurrent.ThreadPoolExecutor.runWorker(ThreadPoolExecutor.java:1134)&#10;        at java.util.concurrent.ThreadPoolExecutor$Worker.run(ThreadPoolExecutor.java:624)&#10;        at java.lang.Thread.run(Thread.java:748)&#10;&quot;pool-86-thread-20&quot;  prio=5 tid=733 in Object.wait()&#10;java.lang.Thread.State: WAITING (on object monitor)&#10;        at sun.misc.Unsafe.park(Native Method)&#10;        at java.util.concurrent.locks.LockSupport.park(LockSupport.java:175)&#10;        at java.util.concurrent.locks.AbstractQueuedSynchronizer$ConditionObject.await(AbstractQueuedSynchronizer.java:2039)&#10;        at java.util.concurrent.ArrayBlockingQueue.take(ArrayBlockingQueue.java:403)&#10;        at java.util.concurrent.ThreadPoolExecutor.getTask(ThreadPoolExecutor.java:1074)&#10;        at java.util.concurrent.ThreadPoolExecutor.runWorker(ThreadPoolExecutor.java:1134)&#10;        at java.util.concurrent.ThreadPoolExecutor$Worker.run(ThreadPoolExecutor.java:624)&#10;        at java.lang.Thread.run(Thread.java:748)&#10;&quot;BlockDeletingService#1&quot; daemon prio=5 tid=651 in Object.wait()&#10;java.lang.Thread.State: WAITING (on object monitor)&#10;        at sun.misc.Unsafe.park(Native Method)&#10;        at java.util.concurrent.locks.LockSupport.park(LockSupport.java:175)&#10;        at java.util.concurrent.locks.AbstractQueuedSynchronizer$ConditionObject.await(AbstractQueuedSynchronizer.java:2039)&#10;        at java.util.concurrent.ScheduledThreadPoolExecutor$DelayedWorkQueue.take(ScheduledThreadPoolExecutor.java:1088)&#10;        at java.util.concurrent.ScheduledThreadPoolExecutor$DelayedWorkQueue.take(ScheduledThreadPoolExecutor.java:809)&#10;        at java.util.concurrent.ThreadPoolExecutor.getTask(ThreadPoolExecutor.java:1074)&#10;        at java.util.concurrent.ThreadPoolExecutor.runWorker(ThreadPoolExecutor.java:1134)&#10;        at java.util.concurrent.ThreadPoolExecutor$Worker.run(ThreadPoolExecutor.java:624)&#10;        at java.lang.Thread.run(Thread.java:748)&#10;&quot;pool-46-thread-3&quot;  prio=5 tid=463 in Object.wait()&#10;java.lang.Thread.State: WAITING (on object monitor)&#10;        at sun.misc.Unsafe.park(Native Method)&#10;        at java.util.concurrent.locks.LockSupport.park(LockSupport.java:175)&#10;        at java.util.concurrent.locks.AbstractQueuedSynchronizer$ConditionObject.await(AbstractQueuedSynchronizer.java:2039)&#10;        at java.util.concurrent.ArrayBlockingQueue.take(ArrayBlockingQueue.java:403)&#10;        at java.util.concurrent.ThreadPoolExecutor.getTask(ThreadPoolExecutor.java:1074)&#10;        at java.util.concurrent.ThreadPoolExecutor.runWorker(ThreadPoolExecutor.java:1134)&#10;        at java.util.concurrent.ThreadPoolExecutor$Worker.run(ThreadPoolExecutor.java:624)&#10;        at java.lang.Thread.run(Thread.java:748)&#10;&quot;pool-86-thread-21&quot;  prio=5 tid=734 in Object.wait()&#10;java.lang.Thread.State: WAITING (on object monitor)&#10;        at sun.misc.Unsafe.park(Native Method)&#10;        at java.util.concurrent.locks.LockSupport.park(LockSupport.java:175)&#10;        at java.util.concurrent.locks.AbstractQueuedSynchronizer$ConditionObject.await(AbstractQueuedSynchronizer.java:2039)&#10;        at java.util.concurrent.ArrayBlockingQueue.take(ArrayBlockingQueue.java:403)&#10;        at java.util.concurrent.ThreadPoolExecutor.getTask(ThreadPoolExecutor.java:1074)&#10;        at java.util.concurrent.ThreadPoolExecutor.runWorker(ThreadPoolExecutor.java:1134)&#10;        at java.util.concurrent.ThreadPoolExecutor$Worker.run(ThreadPoolExecutor.java:624)&#10;        at java.lang.Thread.run(Thread.java:748)&#10;&quot;897fdfd8-a3cb-4c9b-9ef8-a626c4e76414@group-2AAFD84C0C8F-SegmentedRaftLogWorker&quot;  prio=5 tid=830 timed_waiting&#10;java.lang.Thread.State: TIMED_WAITING&#10;        at sun.misc.Unsafe.park(Native Method)&#10;        at java.util.concurrent.locks.LockSupport.parkNanos(LockSupport.java:215)&#10;        at java.util.concurrent.locks.AbstractQueuedSynchronizer$ConditionObject.awaitNanos(AbstractQueuedSynchronizer.java:2078)&#10;        at org.apache.ratis.util.DataBlockingQueue.poll(DataBlockingQueue.java:137)&#10;        at org.apache.ratis.server.raftlog.segmented.SegmentedRaftLogWorker.run(SegmentedRaftLogWorker.java:283)&#10;        at java.lang.Thread.run(Thread.java:748)&#10;&quot;pool-86-thread-48&quot;  prio=5 tid=761 in Object.wait()&#10;java.lang.Thread.State: WAITING (on object monitor)&#10;        at sun.misc.Unsafe.park(Native Method)&#10;        at java.util.concurrent.locks.LockSupport.park(LockSupport.java:175)&#10;        at java.util.concurrent.locks.AbstractQueuedSynchronizer$ConditionObject.await(AbstractQueuedSynchronizer.java:2039)&#10;        at java.util.concurrent.ArrayBlockingQueue.take(ArrayBlockingQueue.java:403)&#10;        at java.util.concurrent.ThreadPoolExecutor.getTask(ThreadPoolExecutor.java:1074)&#10;        at java.util.concurrent.ThreadPoolExecutor.runWorker(ThreadPoolExecutor.java:1134)&#10;        at java.util.concurrent.ThreadPoolExecutor$Worker.run(ThreadPoolExecutor.java:624)&#10;        at java.lang.Thread.run(Thread.java:748)&#10;&quot;pool-46-thread-13&quot;  prio=5 tid=473 in Object.wait()&#10;java.lang.Thread.State: WAITING (on object monitor)&#10;        at sun.misc.Unsafe.park(Native Method)&#10;        at java.util.concurrent.locks.LockSupport.park(LockSupport.java:175)&#10;        at java.util.concurrent.locks.AbstractQueuedSynchronizer$ConditionObject.await(AbstractQueuedSynchronizer.java:2039)&#10;        at java.util.concurrent.ArrayBlockingQueue.take(ArrayBlockingQueue.java:403)&#10;        at java.util.concurrent.ThreadPoolExecutor.getTask(ThreadPoolExecutor.java:1074)&#10;        at java.util.concurrent.ThreadPoolExecutor.runWorker(ThreadPoolExecutor.java:1134)&#10;        at java.util.concurrent.ThreadPoolExecutor$Worker.run(ThreadPoolExecutor.java:624)&#10;        at java.lang.Thread.run(Thread.java:748)&#10;&quot;pool-66-thread-15&quot;  prio=5 tid=604 in Object.wait()&#10;java.lang.Thread.State: WAITING (on object monitor)&#10;        at sun.misc.Unsafe.park(Native Method)&#10;        at java.util.concurrent.locks.LockSupport.park(LockSupport.java:175)&#10;        at java.util.concurrent.locks.AbstractQueuedSynchronizer$ConditionObject.await(AbstractQueuedSynchronizer.java:2039)&#10;        at java.util.concurrent.ArrayBlockingQueue.take(ArrayBlockingQueue.java:403)&#10;        at java.util.concurrent.ThreadPoolExecutor.getTask(ThreadPoolExecutor.java:1074)&#10;        at java.util.concurrent.ThreadPoolExecutor.runWorker(ThreadPoolExecutor.java:1134)&#10;        at java.util.concurrent.ThreadPoolExecutor$Worker.run(ThreadPoolExecutor.java:624)&#10;        at java.lang.Thread.run(Thread.java:748)&#10;&quot;BlockDeletingService#7&quot; daemon prio=5 tid=2197 in Object.wait()&#10;java.lang.Thread.State: WAITING (on object monitor)&#10;        at sun.misc.Unsafe.park(Native Method)&#10;        at java.util.concurrent.locks.LockSupport.park(LockSupport.java:175)&#10;        at java.util.concurrent.locks.AbstractQueuedSynchronizer$ConditionObject.await(AbstractQueuedSynchronizer.java:2039)&#10;        at java.util.concurrent.ScheduledThreadPoolExecutor$DelayedWorkQueue.take(ScheduledThreadPoolExecutor.java:1088)&#10;        at java.util.concurrent.ScheduledThreadPoolExecutor$DelayedWorkQueue.take(ScheduledThreadPoolExecutor.java:809)&#10;        at java.util.concurrent.ThreadPoolExecutor.getTask(ThreadPoolExecutor.java:1074)&#10;        at java.util.concurrent.ThreadPoolExecutor.runWorker(ThreadPoolExecutor.java:1134)&#10;        at java.util.concurrent.ThreadPoolExecutor$Worker.run(ThreadPoolExecutor.java:624)&#10;        at java.lang.Thread.run(Thread.java:748)&#10;&quot;pool-76-thread-35&quot;  prio=5 tid=686 in Object.wait()&#10;java.lang.Thread.State: WAITING (on object monitor)&#10;        at sun.misc.Unsafe.park(Native Method)&#10;        at java.util.concurrent.locks.LockSupport.park(LockSupport.java:175)&#10;        at java.util.concurrent.locks.AbstractQueuedSynchronizer$ConditionObject.await(AbstractQueuedSynchronizer.java:2039)&#10;        at java.util.concurrent.ArrayBlockingQueue.take(ArrayBlockingQueue.java:403)&#10;        at java.util.concurrent.ThreadPoolExecutor.getTask(ThreadPoolExecutor.java:1074)&#10;        at java.util.concurrent.ThreadPoolExecutor.runWorker(ThreadPoolExecutor.java:1134)&#10;        at java.util.concurrent.ThreadPoolExecutor$Worker.run(ThreadPoolExecutor.java:624)&#10;        at java.lang.Thread.run(Thread.java:748)&#10;&quot;RatisApplyTransactionExecutor 6&quot; daemon prio=5 tid=3857 in Object.wait()&#10;java.lang.Thread.State: WAITING (on object monitor)&#10;        at sun.misc.Unsafe.park(Native Method)&#10;        at java.util.concurrent.locks.LockSupport.park(LockSupport.java:175)&#10;        at java.util.concurrent.locks.AbstractQueuedSynchronizer$ConditionObject.await(AbstractQueuedSynchronizer.java:2039)&#10;        at java.util.concurrent.LinkedBlockingQueue.take(LinkedBlockingQueue.java:442)&#10;        at java.util.concurrent.ThreadPoolExecutor.getTask(ThreadPoolExecutor.java:1074)&#10;        at java.util.concurrent.ThreadPoolExecutor.runWorker(ThreadPoolExecutor.java:1134)&#10;        at java.util.concurrent.ThreadPoolExecutor$Worker.run(ThreadPoolExecutor.java:624)&#10;        at java.lang.Thread.run(Thread.java:748)&#10;&quot;metrics-hadoop-metrics2-reporter-24-thread-1&quot; daemon prio=5 tid=904 timed_waiting&#10;java.lang.Thread.State: TIMED_WAITING&#10;        at sun.misc.Unsafe.park(Native Method)&#10;        at java.util.concurrent.locks.LockSupport.parkNanos(LockSupport.java:215)&#10;        at java.util.concurrent.locks.AbstractQueuedSynchronizer$ConditionObject.awaitNanos(AbstractQueuedSynchronizer.java:2078)&#10;        at java.util.concurrent.ScheduledThreadPoolExecutor$DelayedWorkQueue.take(ScheduledThreadPoolExecutor.java:1093)&#10;        at java.util.concurrent.ScheduledThreadPoolExecutor$DelayedWorkQueue.take(ScheduledThreadPoolExecutor.java:809)&#10;        at java.util.concurrent.ThreadPoolExecutor.getTask(ThreadPoolExecutor.java:1074)&#10;        at java.util.concurrent.ThreadPoolExecutor.runWorker(ThreadPoolExecutor.java:1134)&#10;        at java.util.concurrent.ThreadPoolExecutor$Worker.run(ThreadPoolExecutor.java:624)&#10;        at java.lang.Thread.run(Thread.java:748)&#10;&quot;pool-26-thread-49&quot;  prio=5 tid=389 in Object.wait()&#10;java.lang.Thread.State: WAITING (on object monitor)&#10;        at sun.misc.Unsafe.park(Native Method)&#10;        at java.util.concurrent.locks.LockSupport.park(LockSupport.java:175)&#10;        at java.util.concurrent.locks.AbstractQueuedSynchronizer$ConditionObject.await(AbstractQueuedSynchronizer.java:2039)&#10;        at java.util.concurrent.ArrayBlockingQueue.take(ArrayBlockingQueue.java:403)&#10;        at java.util.concurrent.ThreadPoolExecutor.getTask(ThreadPoolExecutor.java:1074)&#10;        at java.util.concurrent.ThreadPoolExecutor.runWorker(ThreadPoolExecutor.java:1134)&#10;        at java.util.concurrent.ThreadPoolExecutor$Worker.run(ThreadPoolExecutor.java:624)&#10;        at java.lang.Thread.run(Thread.java:748)&#10;&quot;IPC Server handler 2 on 40610&quot; daemon prio=5 tid=117 timed_waiting&#10;java.lang.Thread.State: TIMED_WAITING&#10;        at sun.misc.Unsafe.park(Native Method)&#10;        at java.util.concurrent.locks.LockSupport.parkNanos(LockSupport.java:215)&#10;        at java.util.concurrent.locks.AbstractQueuedSynchronizer$ConditionObject.awaitNanos(AbstractQueuedSynchronizer.java:2078)&#10;        at java.util.concurrent.LinkedBlockingQueue.poll(LinkedBlockingQueue.java:467)&#10;        at org.apache.hadoop.ipc.CallQueueManager.take(CallQueueManager.java:288)&#10;        at org.apache.hadoop.ipc.Server$Handler.run(Server.java:2668)&#10;&quot;pool-36-thread-46&quot;  prio=5 tid=446 in Object.wait()&#10;java.lang.Thread.State: WAITING (on object monitor)&#10;        at sun.misc.Unsafe.park(Native Method)&#10;        at java.util.concurrent.locks.LockSupport.park(LockSupport.java:175)&#10;        at java.util.concurrent.locks.AbstractQueuedSynchronizer$ConditionObject.await(AbstractQueuedSynchronizer.java:2039)&#10;        at java.util.concurrent.ArrayBlockingQueue.take(ArrayBlockingQueue.java:403)&#10;        at java.util.concurrent.ThreadPoolExecutor.getTask(ThreadPoolExecutor.java:1074)&#10;        at java.util.concurrent.ThreadPoolExecutor.runWorker(ThreadPoolExecutor.java:1134)&#10;        at java.util.concurrent.ThreadPoolExecutor$Worker.run(ThreadPoolExecutor.java:624)&#10;        at java.lang.Thread.run(Thread.java:748)&#10;&quot;2d4da40c-dd43-4554-9707-f6503cf38c80@group-5B52E8B6CC20-SegmentedRaftLogWorker&quot;  prio=5 tid=3735 timed_waiting&#10;java.lang.Thread.State: TIMED_WAITING&#10;        at sun.misc.Unsafe.park(Native Method)&#10;        at java.util.concurrent.locks.LockSupport.parkNanos(LockSupport.java:215)&#10;        at java.util.concurrent.locks.AbstractQueuedSynchronizer$ConditionObject.awaitNanos(AbstractQueuedSynchronizer.java:2078)&#10;        at org.apache.ratis.util.DataBlockingQueue.poll(DataBlockingQueue.java:137)&#10;        at org.apache.ratis.server.raftlog.segmented.SegmentedRaftLogWorker.run(SegmentedRaftLogWorker.java:283)&#10;        at java.lang.Thread.run(Thread.java:748)&#10;&quot;BlockDeletingService#5&quot; daemon prio=5 tid=1852 in Object.wait()&#10;java.lang.Thread.State: WAITING (on object monitor)&#10;        at sun.misc.Unsafe.park(Native Method)&#10;        at java.util.concurrent.locks.LockSupport.park(LockSupport.java:175)&#10;        at java.util.concurrent.locks.AbstractQueuedSynchronizer$ConditionObject.await(AbstractQueuedSynchronizer.java:2039)&#10;        at java.util.concurrent.ScheduledThreadPoolExecutor$DelayedWorkQueue.take(ScheduledThreadPoolExecutor.java:1088)&#10;        at java.util.concurrent.ScheduledThreadPoolExecutor$DelayedWorkQueue.take(ScheduledThreadPoolExecutor.java:809)&#10;        at java.util.concurrent.ThreadPoolExecutor.getTask(ThreadPoolExecutor.java:1074)&#10;        at java.util.concurrent.ThreadPoolExecutor.runWorker(ThreadPoolExecutor.java:1134)&#10;        at java.util.concurrent.ThreadPoolExecutor$Worker.run(ThreadPoolExecutor.java:624)&#10;        at java.lang.Thread.run(Thread.java:748)&#10;&quot;pool-76-thread-32&quot;  prio=5 tid=683 in Object.wait()&#10;java.lang.Thread.State: WAITING (on object monitor)&#10;        at sun.misc.Unsafe.park(Native Method)&#10;        at java.util.concurrent.locks.LockSupport.park(LockSupport.java:175)&#10;        at java.util.concurrent.locks.AbstractQueuedSynchronizer$ConditionObject.await(AbstractQueuedSynchronizer.java:2039)&#10;        at java.util.concurrent.ArrayBlockingQueue.take(ArrayBlockingQueue.java:403)&#10;        at java.util.concurrent.ThreadPoolExecutor.getTask(ThreadPoolExecutor.java:1074)&#10;        at java.util.concurrent.ThreadPoolExecutor.runWorker(ThreadPoolExecutor.java:1134)&#10;        at java.util.concurrent.ThreadPoolExecutor$Worker.run(ThreadPoolExecutor.java:624)&#10;        at java.lang.Thread.run(Thread.java:748)&#10;&quot;pool-26-thread-24&quot;  prio=5 tid=364 in Object.wait()&#10;java.lang.Thread.State: WAITING (on object monitor)&#10;        at sun.misc.Unsafe.park(Native Method)&#10;        at java.util.concurrent.locks.LockSupport.park(LockSupport.java:175)&#10;        at java.util.concurrent.locks.AbstractQueuedSynchronizer$ConditionObject.await(AbstractQueuedSynchronizer.java:2039)&#10;        at java.util.concurrent.ArrayBlockingQueue.take(ArrayBlockingQueue.java:403)&#10;        at java.util.concurrent.ThreadPoolExecutor.getTask(ThreadPoolExecutor.java:1074)&#10;        at java.util.concurrent.ThreadPoolExecutor.runWorker(ThreadPoolExecutor.java:1134)&#10;        at java.util.concurrent.ThreadPoolExecutor$Worker.run(ThreadPoolExecutor.java:624)&#10;        at java.lang.Thread.run(Thread.java:748)&#10;&quot;qtp2075074394-215&quot; daemon prio=5 tid=215 timed_waiting&#10;java.lang.Thread.State: TIMED_WAITING&#10;        at sun.misc.Unsafe.park(Native Method)&#10;        at java.util.concurrent.locks.LockSupport.parkNanos(LockSupport.java:215)&#10;        at java.util.concurrent.locks.AbstractQueuedSynchronizer$ConditionObject.awaitNanos(AbstractQueuedSynchronizer.java:2078)&#10;        at org.eclipse.jetty.util.BlockingArrayQueue.poll(BlockingArrayQueue.java:392)&#10;        at org.eclipse.jetty.util.thread.QueuedThreadPool.idleJobPoll(QueuedThreadPool.java:563)&#10;        at org.eclipse.jetty.util.thread.QueuedThreadPool.access$800(QueuedThreadPool.java:48)&#10;        at org.eclipse.jetty.util.thread.QueuedThreadPool$2.run(QueuedThreadPool.java:626)&#10;        at java.lang.Thread.run(Thread.java:748)&#10;&quot;qtp1179244298-164&quot; daemon prio=5 tid=164 timed_waiting&#10;java.lang.Thread.State: TIMED_WAITING&#10;        at sun.misc.Unsafe.park(Native Method)&#10;        at java.util.concurrent.locks.LockSupport.parkNanos(LockSupport.java:215)&#10;        at java.util.concurrent.locks.AbstractQueuedSynchronizer$ConditionObject.awaitNanos(AbstractQueuedSynchronizer.java:2078)&#10;        at org.eclipse.jetty.util.BlockingArrayQueue.poll(BlockingArrayQueue.java:392)&#10;        at org.eclipse.jetty.util.thread.QueuedThreadPool.idleJobPoll(QueuedThreadPool.java:563)&#10;        at org.eclipse.jetty.util.thread.QueuedThreadPool.access$800(QueuedThreadPool.java:48)&#10;        at org.eclipse.jetty.util.thread.QueuedThreadPool$2.run(QueuedThreadPool.java:626)&#10;        at java.lang.Thread.run(Thread.java:748)&#10;&quot;IPC Server handler 4 on 40419&quot; daemon prio=5 tid=33 timed_waiting&#10;java.lang.Thread.State: TIMED_WAITING&#10;        at sun.misc.Unsafe.park(Native Method)&#10;        at java.util.concurrent.locks.LockSupport.parkNanos(LockSupport.java:215)&#10;        at java.util.concurrent.locks.AbstractQueuedSynchronizer$ConditionObject.awaitNanos(AbstractQueuedSynchronizer.java:2078)&#10;        at java.util.concurrent.LinkedBlockingQueue.poll(LinkedBlockingQueue.java:467)&#10;        at org.apache.hadoop.ipc.CallQueueManager.take(CallQueueManager.java:288)&#10;        at org.apache.hadoop.ipc.Server$Handler.run(Server.java:2668)&#10;&quot;pool-66-thread-1&quot;  prio=5 tid=590 in Object.wait()&#10;java.lang.Thread.State: WAITING (on object monitor)&#10;        at sun.misc.Unsafe.park(Native Method)&#10;        at java.util.concurrent.locks.LockSupport.park(LockSupport.java:175)&#10;        at java.util.concurrent.locks.AbstractQueuedSynchronizer$ConditionObject.await(AbstractQueuedSynchronizer.java:2039)&#10;        at java.util.concurrent.ArrayBlockingQueue.take(ArrayBlockingQueue.java:403)&#10;        at java.util.concurrent.ThreadPoolExecutor.getTask(ThreadPoolExecutor.java:1074)&#10;        at java.util.concurrent.ThreadPoolExecutor.runWorker(ThreadPoolExecutor.java:1134)&#10;        at java.util.concurrent.ThreadPoolExecutor$Worker.run(ThreadPoolExecutor.java:624)&#10;        at java.lang.Thread.run(Thread.java:748)&#10;&quot;IPC Server idle connection scanner for port 46754&quot; daemon prio=5 tid=20 timed_waiting&#10;java.lang.Thread.State: TIMED_WAITING&#10;        at java.lang.Object.wait(Native Method)&#10;        at java.util.TimerThread.mainLoop(Timer.java:552)&#10;        at java.util.TimerThread.run(Timer.java:505)&#10;&quot;IPC Server handler 13 on 40419&quot; daemon prio=5 tid=42 timed_waiting&#10;java.lang.Thread.State: TIMED_WAITING&#10;        at sun.misc.Unsafe.park(Native Method)&#10;        at java.util.concurrent.locks.LockSupport.parkNanos(LockSupport.java:215)&#10;        at java.util.concurrent.locks.AbstractQueuedSynchronizer$ConditionObject.awaitNanos(AbstractQueuedSynchronizer.java:2078)&#10;        at java.util.concurrent.LinkedBlockingQueue.poll(LinkedBlockingQueue.java:467)&#10;        at org.apache.hadoop.ipc.CallQueueManager.take(CallQueueManager.java:288)&#10;        at org.apache.hadoop.ipc.Server$Handler.run(Server.java:2668)&#10;&quot;IPC Server handler 7 on 40610&quot; daemon prio=5 tid=122 timed_waiting&#10;java.lang.Thread.State: TIMED_WAITING&#10;        at sun.misc.Unsafe.park(Native Method)&#10;        at java.util.concurrent.locks.LockSupport.parkNanos(LockSupport.java:215)&#10;        at java.util.concurrent.locks.AbstractQueuedSynchronizer$ConditionObject.awaitNanos(AbstractQueuedSynchronizer.java:2078)&#10;        at java.util.concurrent.LinkedBlockingQueue.poll(LinkedBlockingQueue.java:467)&#10;        at org.apache.hadoop.ipc.CallQueueManager.take(CallQueueManager.java:288)&#10;        at org.apache.hadoop.ipc.Server$Handler.run(Server.java:2668)&#10;&quot;pool-36-thread-9&quot;  prio=5 tid=409 in Object.wait()&#10;java.lang.Thread.State: WAITING (on object monitor)&#10;        at sun.misc.Unsafe.park(Native Method)&#10;        at java.util.concurrent.locks.LockSupport.park(LockSupport.java:175)&#10;        at java.util.concurrent.locks.AbstractQueuedSynchronizer$ConditionObject.await(AbstractQueuedSynchronizer.java:2039)&#10;        at java.util.concurrent.ArrayBlockingQueue.take(ArrayBlockingQueue.java:403)&#10;        at java.util.concurrent.ThreadPoolExecutor.getTask(ThreadPoolExecutor.java:1074)&#10;        at java.util.concurrent.ThreadPoolExecutor.runWorker(ThreadPoolExecutor.java:1134)&#10;        at java.util.concurrent.ThreadPoolExecutor$Worker.run(ThreadPoolExecutor.java:624)&#10;        at java.lang.Thread.run(Thread.java:748)&#10;&quot;IPC Server handler 15 on 46754&quot; daemon prio=5 tid=64 timed_waiting&#10;java.lang.Thread.State: TIMED_WAITING&#10;        at sun.misc.Unsafe.park(Native Method)&#10;        at java.util.concurrent.locks.LockSupport.parkNanos(LockSupport.java:215)&#10;        at java.util.concurrent.locks.AbstractQueuedSynchronizer$ConditionObject.awaitNanos(AbstractQueuedSynchronizer.java:2078)&#10;        at java.util.concurrent.LinkedBlockingQueue.poll(LinkedBlockingQueue.java:467)&#10;        at org.apache.hadoop.ipc.CallQueueManager.take(CallQueueManager.java:288)&#10;        at org.apache.hadoop.ipc.Server$Handler.run(Server.java:2668)&#10;&quot;grpc-default-executor-14&quot; daemon prio=5 tid=3165 timed_waiting&#10;java.lang.Thread.State: TIMED_WAITING&#10;        at sun.misc.Unsafe.park(Native Method)&#10;        at java.util.concurrent.locks.LockSupport.parkNanos(LockSupport.java:215)&#10;        at java.util.concurrent.SynchronousQueue$TransferStack.awaitFulfill(SynchronousQueue.java:460)&#10;        at java.util.concurrent.SynchronousQueue$TransferStack.transfer(SynchronousQueue.java:362)&#10;        at java.util.concurrent.SynchronousQueue.poll(SynchronousQueue.java:941)&#10;        at java.util.concurrent.ThreadPoolExecutor.getTask(ThreadPoolExecutor.java:1073)&#10;        at java.util.concurrent.ThreadPoolExecutor.runWorker(ThreadPoolExecutor.java:1134)&#10;        at java.util.concurrent.ThreadPoolExecutor$Worker.run(ThreadPoolExecutor.java:624)&#10;        at java.lang.Thread.run(Thread.java:748)&#10;&quot;pool-86-thread-26&quot;  prio=5 tid=739 in Object.wait()&#10;java.lang.Thread.State: WAITING (on object monitor)&#10;        at sun.misc.Unsafe.park(Native Method)&#10;        at java.util.concurrent.locks.LockSupport.park(LockSupport.java:175)&#10;        at java.util.concurrent.locks.AbstractQueuedSynchronizer$ConditionObject.await(AbstractQueuedSynchronizer.java:2039)&#10;        at java.util.concurrent.ArrayBlockingQueue.take(ArrayBlockingQueue.java:403)&#10;        at java.util.concurrent.ThreadPoolExecutor.getTask(ThreadPoolExecutor.java:1074)&#10;        at java.util.concurrent.ThreadPoolExecutor.runWorker(ThreadPoolExecutor.java:1134)&#10;        at java.util.concurrent.ThreadPoolExecutor$Worker.run(ThreadPoolExecutor.java:624)&#10;        at java.lang.Thread.run(Thread.java:748)&#10;&quot;IPC Server handler 9 on 40419&quot; daemon prio=5 tid=38 timed_waiting&#10;java.lang.Thread.State: TIMED_WAITING&#10;        at sun.misc.Unsafe.park(Native Method)&#10;        at java.util.concurrent.locks.LockSupport.parkNanos(LockSupport.java:215)&#10;        at java.util.concurrent.locks.AbstractQueuedSynchronizer$ConditionObject.awaitNanos(AbstractQueuedSynchronizer.java:2078)&#10;        at java.util.concurrent.LinkedBlockingQueue.poll(LinkedBlockingQueue.java:467)&#10;        at org.apache.hadoop.ipc.CallQueueManager.take(CallQueueManager.java:288)&#10;        at org.apache.hadoop.ipc.Server$Handler.run(Server.java:2668)&#10;&quot;metrics-hadoop-metrics2-reporter-35-thread-1&quot; daemon prio=5 tid=2216 timed_waiting&#10;java.lang.Thread.State: TIMED_WAITING&#10;        at sun.misc.Unsafe.park(Native Method)&#10;        at java.util.concurrent.locks.LockSupport.parkNanos(LockSupport.java:215)&#10;        at java.util.concurrent.locks.AbstractQueuedSynchronizer$ConditionObject.awaitNanos(AbstractQueuedSynchronizer.java:2078)&#10;        at java.util.concurrent.ScheduledThreadPoolExecutor$DelayedWorkQueue.take(ScheduledThreadPoolExecutor.java:1093)&#10;        at java.util.concurrent.ScheduledThreadPoolExecutor$DelayedWorkQueue.take(ScheduledThreadPoolExecutor.java:809)&#10;        at java.util.concurrent.ThreadPoolExecutor.getTask(ThreadPoolExecutor.java:1074)&#10;        at java.util.concurrent.ThreadPoolExecutor.runWorker(ThreadPoolExecutor.java:1134)&#10;        at java.util.concurrent.ThreadPoolExecutor$Worker.run(ThreadPoolExecutor.java:624)&#10;        at java.lang.Thread.run(Thread.java:748)&#10;&quot;qtp1092382020-269&quot; daemon prio=5 tid=269 timed_waiting&#10;java.lang.Thread.State: TIMED_WAITING&#10;        at sun.misc.Unsafe.park(Native Method)&#10;        at java.util.concurrent.locks.LockSupport.parkNanos(LockSupport.java:215)&#10;        at java.util.concurrent.locks.AbstractQueuedSynchronizer$ConditionObject.awaitNanos(AbstractQueuedSynchronizer.java:2078)&#10;        at org.eclipse.jetty.util.BlockingArrayQueue.poll(BlockingArrayQueue.java:392)&#10;        at org.eclipse.jetty.util.thread.QueuedThreadPool.idleJobPoll(QueuedThreadPool.java:563)&#10;        at org.eclipse.jetty.util.thread.QueuedThreadPool.access$800(QueuedThreadPool.java:48)&#10;        at org.eclipse.jetty.util.thread.QueuedThreadPool$2.run(QueuedThreadPool.java:626)&#10;        at java.lang.Thread.run(Thread.java:748)&#10;&quot;qtp1179244298-166&quot; daemon prio=5 tid=166 timed_waiting&#10;java.lang.Thread.State: TIMED_WAITING&#10;        at sun.misc.Unsafe.park(Native Method)&#10;        at java.util.concurrent.locks.LockSupport.parkNanos(LockSupport.java:215)&#10;        at java.util.concurrent.locks.AbstractQueuedSynchronizer$ConditionObject.awaitNanos(AbstractQueuedSynchronizer.java:2078)&#10;        at org.eclipse.jetty.util.BlockingArrayQueue.poll(BlockingArrayQueue.java:392)&#10;        at org.eclipse.jetty.util.thread.QueuedThreadPool.idleJobPoll(QueuedThreadPool.java:563)&#10;        at org.eclipse.jetty.util.thread.QueuedThreadPool.access$800(QueuedThreadPool.java:48)&#10;        at org.eclipse.jetty.util.thread.QueuedThreadPool$2.run(QueuedThreadPool.java:626)&#10;        at java.lang.Thread.run(Thread.java:748)&#10;&quot;PartialTableCache Cleanup Thread - 0&quot; daemon prio=5 tid=839 in Object.wait()&#10;java.lang.Thread.State: WAITING (on object monitor)&#10;        at sun.misc.Unsafe.park(Native Method)&#10;        at java.util.concurrent.locks.LockSupport.park(LockSupport.java:175)&#10;        at java.util.concurrent.locks.AbstractQueuedSynchronizer$ConditionObject.await(AbstractQueuedSynchronizer.java:2039)&#10;        at java.util.concurrent.LinkedBlockingQueue.take(LinkedBlockingQueue.java:442)&#10;        at java.util.concurrent.ThreadPoolExecutor.getTask(ThreadPoolExecutor.java:1074)&#10;        at java.util.concurrent.ThreadPoolExecutor.runWorker(ThreadPoolExecutor.java:1134)&#10;        at java.util.concurrent.ThreadPoolExecutor$Worker.run(ThreadPoolExecutor.java:624)&#10;        at java.lang.Thread.run(Thread.java:748)&#10;&quot;pool-56-thread-1&quot;  prio=5 tid=528 in Object.wait()&#10;java.lang.Thread.State: WAITING (on object monitor)&#10;        at sun.misc.Unsafe.park(Native Method)&#10;        at java.util.concurrent.locks.LockSupport.park(LockSupport.java:175)&#10;        at java.util.concurrent.locks.AbstractQueuedSynchronizer$ConditionObject.await(AbstractQueuedSynchronizer.java:2039)&#10;        at java.util.concurrent.ArrayBlockingQueue.take(ArrayBlockingQueue.java:403)&#10;        at java.util.concurrent.ThreadPoolExecutor.getTask(ThreadPoolExecutor.java:1074)&#10;        at java.util.concurrent.ThreadPoolExecutor.runWorker(ThreadPoolExecutor.java:1134)&#10;        at java.util.concurrent.ThreadPoolExecutor$Worker.run(ThreadPoolExecutor.java:624)&#10;        at java.lang.Thread.run(Thread.java:748)&#10;&quot;qtp2111457497-92&quot; daemon prio=5 tid=92 timed_waiting&#10;java.lang.Thread.State: TIMED_WAITING&#10;        at sun.misc.Unsafe.park(Native Method)&#10;        at java.util.concurrent.locks.LockSupport.parkNanos(LockSupport.java:215)&#10;        at java.util.concurrent.locks.AbstractQueuedSynchronizer$ConditionObject.awaitNanos(AbstractQueuedSynchronizer.java:2078)&#10;        at org.eclipse.jetty.util.BlockingArrayQueue.poll(BlockingArrayQueue.java:392)&#10;        at org.eclipse.jetty.util.thread.QueuedThreadPool.idleJobPoll(QueuedThreadPool.java:563)&#10;        at org.eclipse.jetty.util.thread.QueuedThreadPool.access$800(QueuedThreadPool.java:48)&#10;        at org.eclipse.jetty.util.thread.QueuedThreadPool$2.run(QueuedThreadPool.java:626)&#10;        at java.lang.Thread.run(Thread.java:748)&#10;&quot;BlockDeletingService#2&quot; daemon prio=5 tid=1165 timed_waiting&#10;java.lang.Thread.State: TIMED_WAITING&#10;        at sun.misc.Unsafe.park(Native Method)&#10;        at java.util.concurrent.locks.LockSupport.parkNanos(LockSupport.java:215)&#10;        at java.util.concurrent.locks.AbstractQueuedSynchronizer$ConditionObject.awaitNanos(AbstractQueuedSynchronizer.java:2078)&#10;        at java.util.concurrent.ScheduledThreadPoolExecutor$DelayedWorkQueue.take(ScheduledThreadPoolExecutor.java:1093)&#10;        at java.util.concurrent.ScheduledThreadPoolExecutor$DelayedWorkQueue.take(ScheduledThreadPoolExecutor.java:809)&#10;        at java.util.concurrent.ThreadPoolExecutor.getTask(ThreadPoolExecutor.java:1074)&#10;        at java.util.concurrent.ThreadPoolExecutor.runWorker(ThreadPoolExecutor.java:1134)&#10;        at java.util.concurrent.ThreadPoolExecutor$Worker.run(ThreadPoolExecutor.java:624)&#10;        at java.lang.Thread.run(Thread.java:748)&#10;&quot;pool-86-thread-4&quot;  prio=5 tid=717 in Object.wait()&#10;java.lang.Thread.State: WAITING (on object monitor)&#10;        at sun.misc.Unsafe.park(Native Method)&#10;        at java.util.concurrent.locks.LockSupport.park(LockSupport.java:175)&#10;        at java.util.concurrent.locks.AbstractQueuedSynchronizer$ConditionObject.await(AbstractQueuedSynchronizer.java:2039)&#10;        at java.util.concurrent.ArrayBlockingQueue.take(ArrayBlockingQueue.java:403)&#10;        at java.util.concurrent.ThreadPoolExecutor.getTask(ThreadPoolExecutor.java:1074)&#10;        at java.util.concurrent.ThreadPoolExecutor.runWorker(ThreadPoolExecutor.java:1134)&#10;        at java.util.concurrent.ThreadPoolExecutor$Worker.run(ThreadPoolExecutor.java:624)&#10;        at java.lang.Thread.run(Thread.java:748)&#10;&quot;pool-60-thread-1&quot;  prio=5 tid=239 timed_waiting&#10;java.lang.Thread.State: TIMED_WAITING&#10;        at sun.misc.Unsafe.park(Native Method)&#10;        at java.util.concurrent.locks.LockSupport.parkNanos(LockSupport.java:215)&#10;        at java.util.concurrent.locks.AbstractQueuedSynchronizer$ConditionObject.awaitNanos(AbstractQueuedSynchronizer.java:2078)&#10;        at java.util.concurrent.ScheduledThreadPoolExecutor$DelayedWorkQueue.take(ScheduledThreadPoolExecutor.java:1093)&#10;        at java.util.concurrent.ScheduledThreadPoolExecutor$DelayedWorkQueue.take(ScheduledThreadPoolExecutor.java:809)&#10;        at java.util.concurrent.ThreadPoolExecutor.getTask(ThreadPoolExecutor.java:1074)&#10;        at java.util.concurrent.ThreadPoolExecutor.runWorker(ThreadPoolExecutor.java:1134)&#10;        at java.util.concurrent.ThreadPoolExecutor$Worker.run(ThreadPoolExecutor.java:624)&#10;        at java.lang.Thread.run(Thread.java:748)&#10;&quot;BlockDeletingService#5&quot; daemon prio=5 tid=1840 in Object.wait()&#10;java.lang.Thread.State: WAITING (on object monitor)&#10;        at sun.misc.Unsafe.park(Native Method)&#10;        at java.util.concurrent.locks.LockSupport.park(LockSupport.java:175)&#10;        at java.util.concurrent.locks.AbstractQueuedSynchronizer$ConditionObject.await(AbstractQueuedSynchronizer.java:2039)&#10;        at java.util.concurrent.ScheduledThreadPoolExecutor$DelayedWorkQueue.take(ScheduledThreadPoolExecutor.java:1088)&#10;        at java.util.concurrent.ScheduledThreadPoolExecutor$DelayedWorkQueue.take(ScheduledThreadPoolExecutor.java:809)&#10;        at java.util.concurrent.ThreadPoolExecutor.getTask(ThreadPoolExecutor.java:1074)&#10;        at java.util.concurrent.ThreadPoolExecutor.runWorker(ThreadPoolExecutor.java:1134)&#10;        at java.util.concurrent.ThreadPoolExecutor$Worker.run(ThreadPoolExecutor.java:624)&#10;        at java.lang.Thread.run(Thread.java:748)&#10;&quot;pool-76-thread-44&quot;  prio=5 tid=695 in Object.wait()&#10;java.lang.Thread.State: WAITING (on object monitor)&#10;        at sun.misc.Unsafe.park(Native Method)&#10;        at java.util.concurrent.locks.LockSupport.park(LockSupport.java:175)&#10;        at java.util.concurrent.locks.AbstractQueuedSynchronizer$ConditionObject.await(AbstractQueuedSynchronizer.java:2039)&#10;        at java.util.concurrent.ArrayBlockingQueue.take(ArrayBlockingQueue.java:403)&#10;        at java.util.concurrent.ThreadPoolExecutor.getTask(ThreadPoolExecutor.java:1074)&#10;        at java.util.concurrent.ThreadPoolExecutor.runWorker(ThreadPoolExecutor.java:1134)&#10;        at java.util.concurrent.ThreadPoolExecutor$Worker.run(ThreadPoolExecutor.java:624)&#10;        at java.lang.Thread.run(Thread.java:748)&#10;&quot;pool-66-thread-9&quot;  prio=5 tid=598 in Object.wait()&#10;java.lang.Thread.State: WAITING (on object monitor)&#10;        at sun.misc.Unsafe.park(Native Method)&#10;        at java.util.concurrent.locks.LockSupport.park(LockSupport.java:175)&#10;        at java.util.concurrent.locks.AbstractQueuedSynchronizer$ConditionObject.await(AbstractQueuedSynchronizer.java:2039)&#10;        at java.util.concurrent.ArrayBlockingQueue.take(ArrayBlockingQueue.java:403)&#10;        at java.util.concurrent.ThreadPoolExecutor.getTask(ThreadPoolExecutor.java:1074)&#10;        at java.util.concurrent.ThreadPoolExecutor.runWorker(ThreadPoolExecutor.java:1134)&#10;        at java.util.concurrent.ThreadPoolExecutor$Worker.run(ThreadPoolExecutor.java:624)&#10;        at java.lang.Thread.run(Thread.java:748)&#10;&quot;qtp729375394-295-acceptor-0@136e5096-ServerConnector@77bb48d5{HTTP/1.1,[http/1.1]}{0.0.0.0:42387}&quot; daemon prio=3 tid=295 runnable&#10;java.lang.Thread.State: RUNNABLE&#10;        at sun.nio.ch.ServerSocketChannelImpl.accept0(Native Method)&#10;        at sun.nio.ch.ServerSocketChannelImpl.accept(ServerSocketChannelImpl.java:422)&#10;        at sun.nio.ch.ServerSocketChannelImpl.accept(ServerSocketChannelImpl.java:250)&#10;        at org.eclipse.jetty.server.ServerConnector.accept(ServerConnector.java:397)&#10;        at org.eclipse.jetty.server.AbstractConnector$Acceptor.run(AbstractConnector.java:601)&#10;        at org.eclipse.jetty.util.thread.QueuedThreadPool.runJob(QueuedThreadPool.java:671)&#10;        at org.eclipse.jetty.util.thread.QueuedThreadPool$2.run(QueuedThreadPool.java:589)&#10;        at java.lang.Thread.run(Thread.java:748)&#10;&quot;OMDoubleBufferFlushThread&quot; daemon prio=5 tid=108 timed_waiting&#10;java.lang.Thread.State: TIMED_WAITING&#10;        at java.lang.Object.wait(Native Method)&#10;        at org.apache.hadoop.ozone.om.ratis.OzoneManagerDoubleBuffer.canFlush(OzoneManagerDoubleBuffer.java:320)&#10;        at org.apache.hadoop.ozone.om.ratis.OzoneManagerDoubleBuffer.flushTransactions(OzoneManagerDoubleBuffer.java:130)&#10;        at org.apache.hadoop.ozone.om.ratis.OzoneManagerDoubleBuffer$$Lambda$51/1288815068.run(Unknown Source)&#10;        at java.lang.Thread.run(Thread.java:748)&#10;&quot;IPC Server handler 5 on 46754&quot; daemon prio=5 tid=54 timed_waiting&#10;java.lang.Thread.State: TIMED_WAITING&#10;        at sun.misc.Unsafe.park(Native Method)&#10;        at java.util.concurrent.locks.LockSupport.parkNanos(LockSupport.java:215)&#10;        at java.util.concurrent.locks.AbstractQueuedSynchronizer$ConditionObject.awaitNanos(AbstractQueuedSynchronizer.java:2078)&#10;        at java.util.concurrent.LinkedBlockingQueue.poll(LinkedBlockingQueue.java:467)&#10;        at org.apache.hadoop.ipc.CallQueueManager.take(CallQueueManager.java:288)&#10;        at org.apache.hadoop.ipc.Server$Handler.run(Server.java:2668)&#10;&quot;Datanode State Machine Thread - 0&quot; daemon prio=5 tid=258 timed_waiting&#10;java.lang.Thread.State: TIMED_WAITING&#10;        at sun.misc.Unsafe.park(Native Method)&#10;        at java.util.concurrent.locks.LockSupport.parkNanos(LockSupport.java:215)&#10;        at java.util.concurrent.SynchronousQueue$TransferStack.awaitFulfill(SynchronousQueue.java:460)&#10;        at java.util.concurrent.SynchronousQueue$TransferStack.transfer(SynchronousQueue.java:362)&#10;        at java.util.concurrent.SynchronousQueue.poll(SynchronousQueue.java:941)&#10;        at java.util.concurrent.ThreadPoolExecutor.getTask(ThreadPoolExecutor.java:1073)&#10;        at java.util.concurrent.ThreadPoolExecutor.runWorker(ThreadPoolExecutor.java:1134)&#10;        at java.util.concurrent.ThreadPoolExecutor$Worker.run(ThreadPoolExecutor.java:624)&#10;        at java.lang.Thread.run(Thread.java:748)&#10;&quot;Datanode ReportManager Thread - 3&quot; daemon prio=5 tid=228 in Object.wait()&#10;java.lang.Thread.State: WAITING (on object monitor)&#10;        at sun.misc.Unsafe.park(Native Method)&#10;        at java.util.concurrent.locks.LockSupport.park(LockSupport.java:175)&#10;        at java.util.concurrent.locks.AbstractQueuedSynchronizer$ConditionObject.await(AbstractQueuedSynchronizer.java:2039)&#10;        at java.util.concurrent.ScheduledThreadPoolExecutor$DelayedWorkQueue.take(ScheduledThreadPoolExecutor.java:1088)&#10;        at java.util.concurrent.ScheduledThreadPoolExecutor$DelayedWorkQueue.take(ScheduledThreadPoolExecutor.java:809)&#10;        at java.util.concurrent.ThreadPoolExecutor.getTask(ThreadPoolExecutor.java:1074)&#10;        at java.util.concurrent.ThreadPoolExecutor.runWorker(ThreadPoolExecutor.java:1134)&#10;        at java.util.concurrent.ThreadPoolExecutor$Worker.run(ThreadPoolExecutor.java:624)&#10;        at java.lang.Thread.run(Thread.java:748)&#10;&quot;pool-26-thread-10&quot;  prio=5 tid=350 in Object.wait()&#10;java.lang.Thread.State: WAITING (on object monitor)&#10;        at sun.misc.Unsafe.park(Native Method)&#10;        at java.util.concurrent.locks.LockSupport.park(LockSupport.java:175)&#10;        at java.util.concurrent.locks.AbstractQueuedSynchronizer$ConditionObject.await(AbstractQueuedSynchronizer.java:2039)&#10;        at java.util.concurrent.ArrayBlockingQueue.take(ArrayBlockingQueue.java:403)&#10;        at java.util.concurrent.ThreadPoolExecutor.getTask(ThreadPoolExecutor.java:1074)&#10;        at java.util.concurrent.ThreadPoolExecutor.runWorker(ThreadPoolExecutor.java:1134)&#10;        at java.util.concurrent.ThreadPoolExecutor$Worker.run(ThreadPoolExecutor.java:624)&#10;        at java.lang.Thread.run(Thread.java:748)&#10;&quot;metrics-hadoop-metrics2-reporter-9-thread-1&quot; daemon prio=5 tid=821 timed_waiting&#10;java.lang.Thread.State: TIMED_WAITING&#10;        at sun.misc.Unsafe.park(Native Method)&#10;        at java.util.concurrent.locks.LockSupport.parkNanos(LockSupport.java:215)&#10;        at java.util.concurrent.locks.AbstractQueuedSynchronizer$ConditionObject.awaitNanos(AbstractQueuedSynchronizer.java:2078)&#10;        at java.util.concurrent.ScheduledThreadPoolExecutor$DelayedWorkQueue.take(ScheduledThreadPoolExecutor.java:1093)&#10;        at java.util.concurrent.ScheduledThreadPoolExecutor$DelayedWorkQueue.take(ScheduledThreadPoolExecutor.java:809)&#10;        at java.util.concurrent.ThreadPoolExecutor.getTask(ThreadPoolExecutor.java:1074)&#10;        at java.util.concurrent.ThreadPoolExecutor.runWorker(ThreadPoolExecutor.java:1134)&#10;        at java.util.concurrent.ThreadPoolExecutor$Worker.run(ThreadPoolExecutor.java:624)&#10;        at java.lang.Thread.run(Thread.java:748)&#10;&quot;BlockDeletingService#1&quot; daemon prio=5 tid=775 in Object.wait()&#10;java.lang.Thread.State: WAITING (on object monitor)&#10;        at sun.misc.Unsafe.park(Native Method)&#10;        at java.util.concurrent.locks.LockSupport.park(LockSupport.java:175)&#10;        at java.util.concurrent.locks.AbstractQueuedSynchronizer$ConditionObject.await(AbstractQueuedSynchronizer.java:2039)&#10;        at java.util.concurrent.ScheduledThreadPoolExecutor$DelayedWorkQueue.take(ScheduledThreadPoolExecutor.java:1088)&#10;        at java.util.concurrent.ScheduledThreadPoolExecutor$DelayedWorkQueue.take(ScheduledThreadPoolExecutor.java:809)&#10;        at java.util.concurrent.ThreadPoolExecutor.getTask(ThreadPoolExecutor.java:1074)&#10;        at java.util.concurrent.ThreadPoolExecutor.runWorker(ThreadPoolExecutor.java:1134)&#10;        at java.util.concurrent.ThreadPoolExecutor$Worker.run(ThreadPoolExecutor.java:624)&#10;        at java.lang.Thread.run(Thread.java:748)&#10;&quot;pool-50-thread-1&quot;  prio=5 tid=212 timed_waiting&#10;java.lang.Thread.State: TIMED_WAITING&#10;        at sun.misc.Unsafe.park(Native Method)&#10;        at java.util.concurrent.locks.LockSupport.parkNanos(LockSupport.java:215)&#10;        at java.util.concurrent.locks.AbstractQueuedSynchronizer$ConditionObject.awaitNanos(AbstractQueuedSynchronizer.java:2078)&#10;        at java.util.concurrent.ScheduledThreadPoolExecutor$DelayedWorkQueue.take(ScheduledThreadPoolExecutor.java:1093)&#10;        at java.util.concurrent.ScheduledThreadPoolExecutor$DelayedWorkQueue.take(ScheduledThreadPoolExecutor.java:809)&#10;        at java.util.concurrent.ThreadPoolExecutor.getTask(ThreadPoolExecutor.java:1074)&#10;        at java.util.concurrent.ThreadPoolExecutor.runWorker(ThreadPoolExecutor.java:1134)&#10;        at java.util.concurrent.ThreadPoolExecutor$Worker.run(ThreadPoolExecutor.java:624)&#10;        at java.lang.Thread.run(Thread.java:748)&#10;&quot;pool-26-thread-39&quot;  prio=5 tid=379 in Object.wait()&#10;java.lang.Thread.State: WAITING (on object monitor)&#10;        at sun.misc.Unsafe.park(Native Method)&#10;        at java.util.concurrent.locks.LockSupport.park(LockSupport.java:175)&#10;        at java.util.concurrent.locks.AbstractQueuedSynchronizer$ConditionObject.await(AbstractQueuedSynchronizer.java:2039)&#10;        at java.util.concurrent.ArrayBlockingQueue.take(ArrayBlockingQueue.java:403)&#10;        at java.util.concurrent.ThreadPoolExecutor.getTask(ThreadPoolExecutor.java:1074)&#10;        at java.util.concurrent.ThreadPoolExecutor.runWorker(ThreadPoolExecutor.java:1134)&#10;        at java.util.concurrent.ThreadPoolExecutor$Worker.run(ThreadPoolExecutor.java:624)&#10;        at java.lang.Thread.run(Thread.java:748)&#10;&quot;qtp2075074394-216&quot; daemon prio=5 tid=216 timed_waiting&#10;java.lang.Thread.State: TIMED_WAITING&#10;        at sun.misc.Unsafe.park(Native Method)&#10;        at java.util.concurrent.locks.LockSupport.parkNanos(LockSupport.java:215)&#10;        at java.util.concurrent.locks.AbstractQueuedSynchronizer$ConditionObject.awaitNanos(AbstractQueuedSynchronizer.java:2078)&#10;        at org.eclipse.jetty.util.BlockingArrayQueue.poll(BlockingArrayQueue.java:392)&#10;        at org.eclipse.jetty.util.thread.QueuedThreadPool.idleJobPoll(QueuedThreadPool.java:563)&#10;        at org.eclipse.jetty.util.thread.QueuedThreadPool.access$800(QueuedThreadPool.java:48)&#10;        at org.eclipse.jetty.util.thread.QueuedThreadPool$2.run(QueuedThreadPool.java:626)&#10;        at java.lang.Thread.run(Thread.java:748)&#10;&quot;org.eclipse.jetty.server.session.HashSessionManager@68d7a2dfTimer&quot; daemon prio=5 tid=195 timed_waiting&#10;java.lang.Thread.State: TIMED_WAITING&#10;        at sun.misc.Unsafe.park(Native Method)&#10;        at java.util.concurrent.locks.LockSupport.parkNanos(LockSupport.java:215)&#10;        at java.util.concurrent.locks.AbstractQueuedSynchronizer$ConditionObject.awaitNanos(AbstractQueuedSynchronizer.java:2078)&#10;        at java.util.concurrent.ScheduledThreadPoolExecutor$DelayedWorkQueue.take(ScheduledThreadPoolExecutor.java:1093)&#10;        at java.util.concurrent.ScheduledThreadPoolExecutor$DelayedWorkQueue.take(ScheduledThreadPoolExecutor.java:809)&#10;        at java.util.concurrent.ThreadPoolExecutor.getTask(ThreadPoolExecutor.java:1074)&#10;        at java.util.concurrent.ThreadPoolExecutor.runWorker(ThreadPoolExecutor.java:1134)&#10;        at java.util.concurrent.ThreadPoolExecutor$Worker.run(ThreadPoolExecutor.java:624)&#10;        at java.lang.Thread.run(Thread.java:748)&#10;&quot;Datanode ReportManager Thread - 2&quot; daemon prio=5 tid=281 in Object.wait()&#10;java.lang.Thread.State: WAITING (on object monitor)&#10;        at sun.misc.Unsafe.park(Native Method)&#10;        at java.util.concurrent.locks.LockSupport.park(LockSupport.java:175)&#10;        at java.util.concurrent.locks.AbstractQueuedSynchronizer$ConditionObject.await(AbstractQueuedSynchronizer.java:2039)&#10;        at java.util.concurrent.ScheduledThreadPoolExecutor$DelayedWorkQueue.take(ScheduledThreadPoolExecutor.java:1088)&#10;        at java.util.concurrent.ScheduledThreadPoolExecutor$DelayedWorkQueue.take(ScheduledThreadPoolExecutor.java:809)&#10;        at java.util.concurrent.ThreadPoolExecutor.getTask(ThreadPoolExecutor.java:1074)&#10;        at java.util.concurrent.ThreadPoolExecutor.runWorker(ThreadPoolExecutor.java:1134)&#10;        at java.util.concurrent.ThreadPoolExecutor$Worker.run(ThreadPoolExecutor.java:624)&#10;        at java.lang.Thread.run(Thread.java:748)&#10;&quot;org.eclipse.jetty.server.session.HashSessionManager@2f236de0Timer&quot; daemon prio=5 tid=168 timed_waiting&#10;java.lang.Thread.State: TIMED_WAITING&#10;        at sun.misc.Unsafe.park(Native Method)&#10;        at java.util.concurrent.locks.LockSupport.parkNanos(LockSupport.java:215)&#10;        at java.util.concurrent.locks.AbstractQueuedSynchronizer$ConditionObject.awaitNanos(AbstractQueuedSynchronizer.java:2078)&#10;        at java.util.concurrent.ScheduledThreadPoolExecutor$DelayedWorkQueue.take(ScheduledThreadPoolExecutor.java:1093)&#10;        at java.util.concurrent.ScheduledThreadPoolExecutor$DelayedWorkQueue.take(ScheduledThreadPoolExecutor.java:809)&#10;        at java.util.concurrent.ThreadPoolExecutor.getTask(ThreadPoolExecutor.java:1074)&#10;        at java.util.concurrent.ThreadPoolExecutor.runWorker(ThreadPoolExecutor.java:1134)&#10;        at java.util.concurrent.ThreadPoolExecutor$Worker.run(ThreadPoolExecutor.java:624)&#10;        at java.lang.Thread.run(Thread.java:748)&#10;&quot;qtp2111457497-91-acceptor-0@2bb9ae27-ServerConnector@758f4f03{HTTP/1.1,[http/1.1]}{0.0.0.0:37944}&quot; daemon prio=3 tid=91 runnable&#10;java.lang.Thread.State: RUNNABLE&#10;        at sun.nio.ch.ServerSocketChannelImpl.accept0(Native Method)&#10;        at sun.nio.ch.ServerSocketChannelImpl.accept(ServerSocketChannelImpl.java:422)&#10;        at sun.nio.ch.ServerSocketChannelImpl.accept(ServerSocketChannelImpl.java:250)&#10;        at org.eclipse.jetty.server.ServerConnector.accept(ServerConnector.java:397)&#10;        at org.eclipse.jetty.server.AbstractConnector$Acceptor.run(AbstractConnector.java:601)&#10;        at org.eclipse.jetty.util.thread.QueuedThreadPool.runJob(QueuedThreadPool.java:671)&#10;        at org.eclipse.jetty.util.thread.QueuedThreadPool$2.run(QueuedThreadPool.java:589)&#10;        at java.lang.Thread.run(Thread.java:748)&#10;&quot;Thread-295&quot; daemon prio=5 tid=901 timed_waiting&#10;java.lang.Thread.State: TIMED_WAITING&#10;        at sun.misc.Unsafe.park(Native Method)&#10;        at java.util.concurrent.locks.LockSupport.parkNanos(LockSupport.java:215)&#10;        at java.util.concurrent.locks.AbstractQueuedSynchronizer$ConditionObject.awaitNanos(AbstractQueuedSynchronizer.java:2078)&#10;        at java.util.concurrent.ArrayBlockingQueue.poll(ArrayBlockingQueue.java:418)&#10;        at org.apache.ratis.server.impl.LeaderState$EventQueue.poll(LeaderState.java:115)&#10;        at org.apache.ratis.server.impl.LeaderState$EventProcessor.run(LeaderState.java:457)&#10;&quot;pool-26-thread-38&quot;  prio=5 tid=378 in Object.wait()&#10;java.lang.Thread.State: WAITING (on object monitor)&#10;        at sun.misc.Unsafe.park(Native Method)&#10;        at java.util.concurrent.locks.LockSupport.park(LockSupport.java:175)&#10;        at java.util.concurrent.locks.AbstractQueuedSynchronizer$ConditionObject.await(AbstractQueuedSynchronizer.java:2039)&#10;        at java.util.concurrent.ArrayBlockingQueue.take(ArrayBlockingQueue.java:403)&#10;        at java.util.concurrent.ThreadPoolExecutor.getTask(ThreadPoolExecutor.java:1074)&#10;        at java.util.concurrent.ThreadPoolExecutor.runWorker(ThreadPoolExecutor.java:1134)&#10;        at java.util.concurrent.ThreadPoolExecutor$Worker.run(ThreadPoolExecutor.java:624)&#10;        at java.lang.Thread.run(Thread.java:748)&#10;&quot;BlockDeletingService#3&quot; daemon prio=5 tid=1308 in Object.wait()&#10;java.lang.Thread.State: WAITING (on object monitor)&#10;        at sun.misc.Unsafe.park(Native Method)&#10;        at java.util.concurrent.locks.LockSupport.park(LockSupport.java:175)&#10;        at java.util.concurrent.locks.AbstractQueuedSynchronizer$ConditionObject.await(AbstractQueuedSynchronizer.java:2039)&#10;        at java.util.concurrent.ScheduledThreadPoolExecutor$DelayedWorkQueue.take(ScheduledThreadPoolExecutor.java:1088)&#10;        at java.util.concurrent.ScheduledThreadPoolExecutor$DelayedWorkQueue.take(ScheduledThreadPoolExecutor.java:809)&#10;        at java.util.concurrent.ThreadPoolExecutor.getTask(ThreadPoolExecutor.java:1074)&#10;        at java.util.concurrent.ThreadPoolExecutor.runWorker(ThreadPoolExecutor.java:1134)&#10;        at java.util.concurrent.ThreadPoolExecutor$Worker.run(ThreadPoolExecutor.java:624)&#10;        at java.lang.Thread.run(Thread.java:748)&#10;&quot;PartialTableCache Cleanup Thread - 0&quot; daemon prio=5 tid=843 in Object.wait()&#10;java.lang.Thread.State: WAITING (on object monitor)&#10;        at sun.misc.Unsafe.park(Native Method)&#10;        at java.util.concurrent.locks.LockSupport.park(LockSupport.java:175)&#10;        at java.util.concurrent.locks.AbstractQueuedSynchronizer$ConditionObject.await(AbstractQueuedSynchronizer.java:2039)&#10;        at java.util.concurrent.LinkedBlockingQueue.take(LinkedBlockingQueue.java:442)&#10;        at java.util.concurrent.ThreadPoolExecutor.getTask(ThreadPoolExecutor.java:1074)&#10;        at java.util.concurrent.ThreadPoolExecutor.runWorker(ThreadPoolExecutor.java:1134)&#10;        at java.util.concurrent.ThreadPoolExecutor$Worker.run(ThreadPoolExecutor.java:624)&#10;        at java.lang.Thread.run(Thread.java:748)&#10;&quot;pool-46-thread-26&quot;  prio=5 tid=486 in Object.wait()&#10;java.lang.Thread.State: WAITING (on object monitor)&#10;        at sun.misc.Unsafe.park(Native Method)&#10;        at java.util.concurrent.locks.LockSupport.park(LockSupport.java:175)&#10;        at java.util.concurrent.locks.AbstractQueuedSynchronizer$ConditionObject.await(AbstractQueuedSynchronizer.java:2039)&#10;        at java.util.concurrent.ArrayBlockingQueue.take(ArrayBlockingQueue.java:403)&#10;        at java.util.concurrent.ThreadPoolExecutor.getTask(ThreadPoolExecutor.java:1074)&#10;        at java.util.concurrent.ThreadPoolExecutor.runWorker(ThreadPoolExecutor.java:1134)&#10;        at java.util.concurrent.ThreadPoolExecutor$Worker.run(ThreadPoolExecutor.java:624)&#10;        at java.lang.Thread.run(Thread.java:748)&#10;&quot;Datanode State Machine Thread - 0&quot; daemon prio=5 tid=312 timed_waiting&#10;java.lang.Thread.State: TIMED_WAITING&#10;        at sun.misc.Unsafe.park(Native Method)&#10;        at java.util.concurrent.locks.LockSupport.parkNanos(LockSupport.java:215)&#10;        at java.util.concurrent.SynchronousQueue$TransferStack.awaitFulfill(SynchronousQueue.java:460)&#10;        at java.util.concurrent.SynchronousQueue$TransferStack.transfer(SynchronousQueue.java:362)&#10;        at java.util.concurrent.SynchronousQueue.poll(SynchronousQueue.java:941)&#10;        at java.util.concurrent.ThreadPoolExecutor.getTask(ThreadPoolExecutor.java:1073)&#10;        at java.util.concurrent.ThreadPoolExecutor.runWorker(ThreadPoolExecutor.java:1134)&#10;        at java.util.concurrent.ThreadPoolExecutor$Worker.run(ThreadPoolExecutor.java:624)&#10;        at java.lang.Thread.run(Thread.java:748)&#10;&quot;qtp2111457497-95&quot; daemon prio=5 tid=95 timed_waiting&#10;java.lang.Thread.State: TIMED_WAITING&#10;        at sun.misc.Unsafe.park(Native Method)&#10;        at java.util.concurrent.locks.LockSupport.parkNanos(LockSupport.java:215)&#10;        at java.util.concurrent.locks.AbstractQueuedSynchronizer$ConditionObject.awaitNanos(AbstractQueuedSynchronizer.java:2078)&#10;        at org.eclipse.jetty.util.BlockingArrayQueue.poll(BlockingArrayQueue.java:392)&#10;        at org.eclipse.jetty.util.thread.QueuedThreadPool.idleJobPoll(QueuedThreadPool.java:563)&#10;        at org.eclipse.jetty.util.thread.QueuedThreadPool.access$800(QueuedThreadPool.java:48)&#10;        at org.eclipse.jetty.util.thread.QueuedThreadPool$2.run(QueuedThreadPool.java:626)&#10;        at java.lang.Thread.run(Thread.java:748)&#10;&quot;grpc-default-executor-11&quot; daemon prio=5 tid=2388 timed_waiting&#10;java.lang.Thread.State: TIMED_WAITING&#10;        at sun.misc.Unsafe.park(Native Method)&#10;        at java.util.concurrent.locks.LockSupport.parkNanos(LockSupport.java:215)&#10;        at java.util.concurrent.SynchronousQueue$TransferStack.awaitFulfill(SynchronousQueue.java:460)&#10;        at java.util.concurrent.SynchronousQueue$TransferStack.transfer(SynchronousQueue.java:362)&#10;        at java.util.concurrent.SynchronousQueue.poll(SynchronousQueue.java:941)&#10;        at java.util.concurrent.ThreadPoolExecutor.getTask(ThreadPoolExecutor.java:1073)&#10;        at java.util.concurrent.ThreadPoolExecutor.runWorker(ThreadPoolExecutor.java:1134)&#10;        at java.util.concurrent.ThreadPoolExecutor$Worker.run(ThreadPoolExecutor.java:624)&#10;        at java.lang.Thread.run(Thread.java:748)&#10;&quot;pool-86-thread-52&quot;  prio=5 tid=765 in Object.wait()&#10;java.lang.Thread.State: WAITING (on object monitor)&#10;        at sun.misc.Unsafe.park(Native Method)&#10;        at java.util.concurrent.locks.LockSupport.park(LockSupport.java:175)&#10;        at java.util.concurrent.locks.AbstractQueuedSynchronizer$ConditionObject.await(AbstractQueuedSynchronizer.java:2039)&#10;        at java.util.concurrent.ArrayBlockingQueue.take(ArrayBlockingQueue.java:403)&#10;        at java.util.concurrent.ThreadPoolExecutor.getTask(ThreadPoolExecutor.java:1074)&#10;        at java.util.concurrent.ThreadPoolExecutor.runWorker(ThreadPoolExecutor.java:1134)&#10;        at java.util.concurrent.ThreadPoolExecutor$Worker.run(ThreadPoolExecutor.java:624)&#10;        at java.lang.Thread.run(Thread.java:748)&#10;&quot;BlockDeletingService#3&quot; daemon prio=5 tid=1313 in Object.wait()&#10;java.lang.Thread.State: WAITING (on object monitor)&#10;        at sun.misc.Unsafe.park(Native Method)&#10;        at java.util.concurrent.locks.LockSupport.park(LockSupport.java:175)&#10;        at java.util.concurrent.locks.AbstractQueuedSynchronizer$ConditionObject.await(AbstractQueuedSynchronizer.java:2039)&#10;        at java.util.concurrent.ScheduledThreadPoolExecutor$DelayedWorkQueue.take(ScheduledThreadPoolExecutor.java:1088)&#10;        at java.util.concurrent.ScheduledThreadPoolExecutor$DelayedWorkQueue.take(ScheduledThreadPoolExecutor.java:809)&#10;        at java.util.concurrent.ThreadPoolExecutor.getTask(ThreadPoolExecutor.java:1074)&#10;        at java.util.concurrent.ThreadPoolExecutor.runWorker(ThreadPoolExecutor.java:1134)&#10;        at java.util.concurrent.ThreadPoolExecutor$Worker.run(ThreadPoolExecutor.java:624)&#10;        at java.lang.Thread.run(Thread.java:748)&#10;&quot;grpc-default-worker-ELG-3-4&quot; daemon prio=5 tid=789 runnable&#10;java.lang.Thread.State: RUNNABLE&#10;        at sun.nio.ch.EPollArrayWrapper.epollWait(Native Method)&#10;        at sun.nio.ch.EPollArrayWrapper.poll(EPollArrayWrapper.java:269)&#10;        at sun.nio.ch.EPollSelectorImpl.doSelect(EPollSelectorImpl.java:93)&#10;        at sun.nio.ch.SelectorImpl.lockAndDoSelect(SelectorImpl.java:86)&#10;        at sun.nio.ch.SelectorImpl.select(SelectorImpl.java:97)&#10;        at org.apache.ratis.thirdparty.io.netty.channel.nio.SelectedSelectionKeySetSelector.select(SelectedSelectionKeySetSelector.java:62)&#10;        at org.apache.ratis.thirdparty.io.netty.channel.nio.NioEventLoop.select(NioEventLoop.java:753)&#10;        at org.apache.ratis.thirdparty.io.netty.channel.nio.NioEventLoop.run(NioEventLoop.java:408)&#10;        at org.apache.ratis.thirdparty.io.netty.util.concurrent.SingleThreadEventExecutor$5.run(SingleThreadEventExecutor.java:897)&#10;        at org.apache.ratis.thirdparty.io.netty.util.concurrent.FastThreadLocalRunnable.run(FastThreadLocalRunnable.java:30)&#10;        at java.lang.Thread.run(Thread.java:748)&#10;&quot;pool-86-thread-5&quot;  prio=5 tid=718 in Object.wait()&#10;java.lang.Thread.State: WAITING (on object monitor)&#10;        at sun.misc.Unsafe.park(Native Method)&#10;        at java.util.concurrent.locks.LockSupport.park(LockSupport.java:175)&#10;        at java.util.concurrent.locks.AbstractQueuedSynchronizer$ConditionObject.await(AbstractQueuedSynchronizer.java:2039)&#10;        at java.util.concurrent.ArrayBlockingQueue.take(ArrayBlockingQueue.java:403)&#10;        at java.util.concurrent.ThreadPoolExecutor.getTask(ThreadPoolExecutor.java:1074)&#10;        at java.util.concurrent.ThreadPoolExecutor.runWorker(ThreadPoolExecutor.java:1134)&#10;        at java.util.concurrent.ThreadPoolExecutor$Worker.run(ThreadPoolExecutor.java:624)&#10;        at java.lang.Thread.run(Thread.java:748)&#10;&quot;org.apache.ratis.server.impl.LogAppender$AppenderDaemon$$Lambda$495/740911003@2e2e8dd1&quot; daemon prio=5 tid=3826 timed_waiting&#10;java.lang.Thread.State: TIMED_WAITING&#10;        at java.lang.Object.wait(Native Method)&#10;        at org.apache.ratis.grpc.server.GrpcLogAppender.mayWait(GrpcLogAppender.java:141)&#10;        at org.apache.ratis.grpc.server.GrpcLogAppender.runAppenderImpl(GrpcLogAppender.java:95)&#10;        at org.apache.ratis.server.impl.LogAppender$AppenderDaemon.run(LogAppender.java:76)&#10;        at org.apache.ratis.server.impl.LogAppender$AppenderDaemon$$Lambda$495/740911003.run(Unknown Source)&#10;        at java.lang.Thread.run(Thread.java:748)&#10;&quot;BlockDeletingService#3&quot; daemon prio=5 tid=1315 in Object.wait()&#10;java.lang.Thread.State: WAITING (on object monitor)&#10;        at sun.misc.Unsafe.park(Native Method)&#10;        at java.util.concurrent.locks.LockSupport.park(LockSupport.java:175)&#10;        at java.util.concurrent.locks.AbstractQueuedSynchronizer$ConditionObject.await(AbstractQueuedSynchronizer.java:2039)&#10;        at java.util.concurrent.ScheduledThreadPoolExecutor$DelayedWorkQueue.take(ScheduledThreadPoolExecutor.java:1088)&#10;        at java.util.concurrent.ScheduledThreadPoolExecutor$DelayedWorkQueue.take(ScheduledThreadPoolExecutor.java:809)&#10;        at java.util.concurrent.ThreadPoolExecutor.getTask(ThreadPoolExecutor.java:1074)&#10;        at java.util.concurrent.ThreadPoolExecutor.runWorker(ThreadPoolExecutor.java:1134)&#10;        at java.util.concurrent.ThreadPoolExecutor$Worker.run(ThreadPoolExecutor.java:624)&#10;        at java.lang.Thread.run(Thread.java:748)&#10;&quot;org.eclipse.jetty.server.session.HashSessionManager@2a369e14Timer&quot; daemon prio=5 tid=277 timed_waiting&#10;java.lang.Thread.State: TIMED_WAITING&#10;        at sun.misc.Unsafe.park(Native Method)&#10;        at java.util.concurrent.locks.LockSupport.parkNanos(LockSupport.java:215)&#10;        at java.util.concurrent.locks.AbstractQueuedSynchronizer$ConditionObject.awaitNanos(AbstractQueuedSynchronizer.java:2078)&#10;        at java.util.concurrent.ScheduledThreadPoolExecutor$DelayedWorkQueue.take(ScheduledThreadPoolExecutor.java:1093)&#10;        at java.util.concurrent.ScheduledThreadPoolExecutor$DelayedWorkQueue.take(ScheduledThreadPoolExecutor.java:809)&#10;        at java.util.concurrent.ThreadPoolExecutor.getTask(ThreadPoolExecutor.java:1074)&#10;        at java.util.concurrent.ThreadPoolExecutor.runWorker(ThreadPoolExecutor.java:1134)&#10;        at java.util.concurrent.ThreadPoolExecutor$Worker.run(ThreadPoolExecutor.java:624)&#10;        at java.lang.Thread.run(Thread.java:748)&#10;&quot;bd2e206f-69ae-4a0a-8707-c4973b5ce5b7@group-24BD381958D5-StateMachineUpdater&quot; daemon prio=5 tid=847 in Object.wait()&#10;java.lang.Thread.State: WAITING (on object monitor)&#10;        at java.lang.Object.wait(Native Method)&#10;        at java.lang.Object.wait(Object.java:502)&#10;        at org.apache.ratis.server.impl.StateMachineUpdater.waitForCommit(StateMachineUpdater.java:183)&#10;        at org.apache.ratis.server.impl.StateMachineUpdater.run(StateMachineUpdater.java:148)&#10;        at java.lang.Thread.run(Thread.java:748)&#10;&quot;pool-46-thread-35&quot;  prio=5 tid=495 in Object.wait()&#10;java.lang.Thread.State: WAITING (on object monitor)&#10;        at sun.misc.Unsafe.park(Native Method)&#10;        at java.util.concurrent.locks.LockSupport.park(LockSupport.java:175)&#10;        at java.util.concurrent.locks.AbstractQueuedSynchronizer$ConditionObject.await(AbstractQueuedSynchronizer.java:2039)&#10;        at java.util.concurrent.ArrayBlockingQueue.take(ArrayBlockingQueue.java:403)&#10;        at java.util.concurrent.ThreadPoolExecutor.getTask(ThreadPoolExecutor.java:1074)&#10;        at java.util.concurrent.ThreadPoolExecutor.runWorker(ThreadPoolExecutor.java:1134)&#10;        at java.util.concurrent.ThreadPoolExecutor$Worker.run(ThreadPoolExecutor.java:624)&#10;        at java.lang.Thread.run(Thread.java:748)&#10;&quot;pool-66-thread-54&quot;  prio=5 tid=643 in Object.wait()&#10;java.lang.Thread.State: WAITING (on object monitor)&#10;        at sun.misc.Unsafe.park(Native Method)&#10;        at java.util.concurrent.locks.LockSupport.park(LockSupport.java:175)&#10;        at java.util.concurrent.locks.AbstractQueuedSynchronizer$ConditionObject.await(AbstractQueuedSynchronizer.java:2039)&#10;        at java.util.concurrent.ArrayBlockingQueue.take(ArrayBlockingQueue.java:403)&#10;        at java.util.concurrent.ThreadPoolExecutor.getTask(ThreadPoolExecutor.java:1074)&#10;        at java.util.concurrent.ThreadPoolExecutor.runWorker(ThreadPoolExecutor.java:1134)&#10;        at java.util.concurrent.ThreadPoolExecutor$Worker.run(ThreadPoolExecutor.java:624)&#10;        at java.lang.Thread.run(Thread.java:748)&#10;&quot;qtp1092382020-272&quot; daemon prio=5 tid=272 timed_waiting&#10;java.lang.Thread.State: TIMED_WAITING&#10;        at sun.misc.Unsafe.park(Native Method)&#10;        at java.util.concurrent.locks.LockSupport.parkNanos(LockSupport.java:215)&#10;        at java.util.concurrent.locks.AbstractQueuedSynchronizer$ConditionObject.awaitNanos(AbstractQueuedSynchronizer.java:2078)&#10;        at org.eclipse.jetty.util.BlockingArrayQueue.poll(BlockingArrayQueue.java:392)&#10;        at org.eclipse.jetty.util.thread.QueuedThreadPool.idleJobPoll(QueuedThreadPool.java:563)&#10;        at org.eclipse.jetty.util.thread.QueuedThreadPool.access$800(QueuedThreadPool.java:48)&#10;        at org.eclipse.jetty.util.thread.QueuedThreadPool$2.run(QueuedThreadPool.java:626)&#10;        at java.lang.Thread.run(Thread.java:748)&#10;&quot;pool-66-thread-34&quot;  prio=5 tid=623 in Object.wait()&#10;java.lang.Thread.State: WAITING (on object monitor)&#10;        at sun.misc.Unsafe.park(Native Method)&#10;        at java.util.concurrent.locks.LockSupport.park(LockSupport.java:175)&#10;        at java.util.concurrent.locks.AbstractQueuedSynchronizer$ConditionObject.await(AbstractQueuedSynchronizer.java:2039)&#10;        at java.util.concurrent.ArrayBlockingQueue.take(ArrayBlockingQueue.java:403)&#10;        at java.util.concurrent.ThreadPoolExecutor.getTask(ThreadPoolExecutor.java:1074)&#10;        at java.util.concurrent.ThreadPoolExecutor.runWorker(ThreadPoolExecutor.java:1134)&#10;        at java.util.concurrent.ThreadPoolExecutor$Worker.run(ThreadPoolExecutor.java:624)&#10;        at java.lang.Thread.run(Thread.java:748)&#10;&quot;pool-66-thread-28&quot;  prio=5 tid=617 in Object.wait()&#10;java.lang.Thread.State: WAITING (on object monitor)&#10;        at sun.misc.Unsafe.park(Native Method)&#10;        at java.util.concurrent.locks.LockSupport.park(LockSupport.java:175)&#10;        at java.util.concurrent.locks.AbstractQueuedSynchronizer$ConditionObject.await(AbstractQueuedSynchronizer.java:2039)&#10;        at java.util.concurrent.ArrayBlockingQueue.take(ArrayBlockingQueue.java:403)&#10;        at java.util.concurrent.ThreadPoolExecutor.getTask(ThreadPoolExecutor.java:1074)&#10;        at java.util.concurrent.ThreadPoolExecutor.runWorker(ThreadPoolExecutor.java:1134)&#10;        at java.util.concurrent.ThreadPoolExecutor$Worker.run(ThreadPoolExecutor.java:624)&#10;        at java.lang.Thread.run(Thread.java:748)&#10;&quot;pool-36-thread-4&quot;  prio=5 tid=404 in Object.wait()&#10;java.lang.Thread.State: WAITING (on object monitor)&#10;        at sun.misc.Unsafe.park(Native Method)&#10;        at java.util.concurrent.locks.LockSupport.park(LockSupport.java:175)&#10;        at java.util.concurrent.locks.AbstractQueuedSynchronizer$ConditionObject.await(AbstractQueuedSynchronizer.java:2039)&#10;        at java.util.concurrent.ArrayBlockingQueue.take(ArrayBlockingQueue.java:403)&#10;        at java.util.concurrent.ThreadPoolExecutor.getTask(ThreadPoolExecutor.java:1074)&#10;        at java.util.concurrent.ThreadPoolExecutor.runWorker(ThreadPoolExecutor.java:1134)&#10;        at java.util.concurrent.ThreadPoolExecutor$Worker.run(ThreadPoolExecutor.java:624)&#10;        at java.lang.Thread.run(Thread.java:748)&#10;&quot;CommandWatcher-LeaseManager#LeaseMonitor&quot; daemon prio=5 tid=28 timed_waiting&#10;java.lang.Thread.State: TIMED_WAITING&#10;        at java.lang.Thread.sleep(Native Method)&#10;        at org.apache.hadoop.ozone.lease.LeaseManager$LeaseMonitor.run(LeaseManager.java:234)&#10;        at java.lang.Thread.run(Thread.java:748)&#10;&quot;pool-56-thread-57&quot;  prio=5 tid=584 in Object.wait()&#10;java.lang.Thread.State: WAITING (on object monitor)&#10;        at sun.misc.Unsafe.park(Native Method)&#10;        at java.util.concurrent.locks.LockSupport.park(LockSupport.java:175)&#10;        at java.util.concurrent.locks.AbstractQueuedSynchronizer$ConditionObject.await(AbstractQueuedSynchronizer.java:2039)&#10;        at java.util.concurrent.ArrayBlockingQueue.take(ArrayBlockingQueue.java:403)&#10;        at java.util.concurrent.ThreadPoolExecutor.getTask(ThreadPoolExecutor.java:1074)&#10;        at java.util.concurrent.ThreadPoolExecutor.runWorker(ThreadPoolExecutor.java:1134)&#10;        at java.util.concurrent.ThreadPoolExecutor$Worker.run(ThreadPoolExecutor.java:624)&#10;        at java.lang.Thread.run(Thread.java:748)&#10;&quot;pool-86-thread-54&quot;  prio=5 tid=767 in Object.wait()&#10;java.lang.Thread.State: WAITING (on object monitor)&#10;        at sun.misc.Unsafe.park(Native Method)&#10;        at java.util.concurrent.locks.LockSupport.park(LockSupport.java:175)&#10;        at java.util.concurrent.locks.AbstractQueuedSynchronizer$ConditionObject.await(AbstractQueuedSynchronizer.java:2039)&#10;        at java.util.concurrent.ArrayBlockingQueue.take(ArrayBlockingQueue.java:403)&#10;        at java.util.concurrent.ThreadPoolExecutor.getTask(ThreadPoolExecutor.java:1074)&#10;        at java.util.concurrent.ThreadPoolExecutor.runWorker(ThreadPoolExecutor.java:1134)&#10;        at java.util.concurrent.ThreadPoolExecutor$Worker.run(ThreadPoolExecutor.java:624)&#10;        at java.lang.Thread.run(Thread.java:748)&#10;&quot;IPC Server handler 2 on 40419&quot; daemon prio=5 tid=31 timed_waiting&#10;java.lang.Thread.State: TIMED_WAITING&#10;        at sun.misc.Unsafe.park(Native Method)&#10;        at java.util.concurrent.locks.LockSupport.parkNanos(LockSupport.java:215)&#10;        at java.util.concurrent.locks.AbstractQueuedSynchronizer$ConditionObject.awaitNanos(AbstractQueuedSynchronizer.java:2078)&#10;        at java.util.concurrent.LinkedBlockingQueue.poll(LinkedBlockingQueue.java:467)&#10;        at org.apache.hadoop.ipc.CallQueueManager.take(CallQueueManager.java:288)&#10;        at org.apache.hadoop.ipc.Server$Handler.run(Server.java:2668)&#10;&quot;pool-56-thread-56&quot;  prio=5 tid=583 in Object.wait()&#10;java.lang.Thread.State: WAITING (on object monitor)&#10;        at sun.misc.Unsafe.park(Native Method)&#10;        at java.util.concurrent.locks.LockSupport.park(LockSupport.java:175)&#10;        at java.util.concurrent.locks.AbstractQueuedSynchronizer$ConditionObject.await(AbstractQueuedSynchronizer.java:2039)&#10;        at java.util.concurrent.ArrayBlockingQueue.take(ArrayBlockingQueue.java:403)&#10;        at java.util.concurrent.ThreadPoolExecutor.getTask(ThreadPoolExecutor.java:1074)&#10;        at java.util.concurrent.ThreadPoolExecutor.runWorker(ThreadPoolExecutor.java:1134)&#10;        at java.util.concurrent.ThreadPoolExecutor$Worker.run(ThreadPoolExecutor.java:624)&#10;        at java.lang.Thread.run(Thread.java:748)&#10;&quot;pool-26-thread-8&quot;  prio=5 tid=348 in Object.wait()&#10;java.lang.Thread.State: WAITING (on object monitor)&#10;        at sun.misc.Unsafe.park(Native Method)&#10;        at java.util.concurrent.locks.LockSupport.park(LockSupport.java:175)&#10;        at java.util.concurrent.locks.AbstractQueuedSynchronizer$ConditionObject.await(AbstractQueuedSynchronizer.java:2039)&#10;        at java.util.concurrent.ArrayBlockingQueue.take(ArrayBlockingQueue.java:403)&#10;        at java.util.concurrent.ThreadPoolExecutor.getTask(ThreadPoolExecutor.java:1074)&#10;        at java.util.concurrent.ThreadPoolExecutor.runWorker(ThreadPoolExecutor.java:1134)&#10;        at java.util.concurrent.ThreadPoolExecutor$Worker.run(ThreadPoolExecutor.java:624)&#10;        at java.lang.Thread.run(Thread.java:748)&#10;&quot;org.eclipse.jetty.server.session.HashSessionManager@151bf776Timer&quot; daemon prio=5 tid=223 timed_waiting&#10;java.lang.Thread.State: TIMED_WAITING&#10;        at sun.misc.Unsafe.park(Native Method)&#10;        at java.util.concurrent.locks.LockSupport.parkNanos(LockSupport.java:215)&#10;        at java.util.concurrent.locks.AbstractQueuedSynchronizer$ConditionObject.awaitNanos(AbstractQueuedSynchronizer.java:2078)&#10;        at java.util.concurrent.ScheduledThreadPoolExecutor$DelayedWorkQueue.take(ScheduledThreadPoolExecutor.java:1093)&#10;        at java.util.concurrent.ScheduledThreadPoolExecutor$DelayedWorkQueue.take(ScheduledThreadPoolExecutor.java:809)&#10;        at java.util.concurrent.ThreadPoolExecutor.getTask(ThreadPoolExecutor.java:1074)&#10;        at java.util.concurrent.ThreadPoolExecutor.runWorker(ThreadPoolExecutor.java:1134)&#10;        at java.util.concurrent.ThreadPoolExecutor$Worker.run(ThreadPoolExecutor.java:624)&#10;        at java.lang.Thread.run(Thread.java:748)&#10;&quot;IPC Server handler 10 on 46754&quot; daemon prio=5 tid=59 timed_waiting&#10;java.lang.Thread.State: TIMED_WAITING&#10;        at sun.misc.Unsafe.park(Native Method)&#10;        at java.util.concurrent.locks.LockSupport.parkNanos(LockSupport.java:215)&#10;        at java.util.concurrent.locks.AbstractQueuedSynchronizer$ConditionObject.awaitNanos(AbstractQueuedSynchronizer.java:2078)&#10;        at java.util.concurrent.LinkedBlockingQueue.poll(LinkedBlockingQueue.java:467)&#10;        at org.apache.hadoop.ipc.CallQueueManager.take(CallQueueManager.java:288)&#10;        at org.apache.hadoop.ipc.Server$Handler.run(Server.java:2668)&#10;&quot;org.apache.ratis.server.impl.LogAppender$AppenderDaemon$$Lambda$495/740911003@5666d2f2&quot; daemon prio=5 tid=3825 timed_waiting&#10;java.lang.Thread.State: TIMED_WAITING&#10;        at java.lang.Object.wait(Native Method)&#10;        at org.apache.ratis.grpc.server.GrpcLogAppender.mayWait(GrpcLogAppender.java:141)&#10;        at org.apache.ratis.grpc.server.GrpcLogAppender.runAppenderImpl(GrpcLogAppender.java:95)&#10;        at org.apache.ratis.server.impl.LogAppender$AppenderDaemon.run(LogAppender.java:76)&#10;        at org.apache.ratis.server.impl.LogAppender$AppenderDaemon$$Lambda$495/740911003.run(Unknown Source)&#10;        at java.lang.Thread.run(Thread.java:748)&#10;&quot;metrics-hadoop-metrics2-reporter-44-thread-1&quot; daemon prio=5 tid=3742 timed_waiting&#10;java.lang.Thread.State: TIMED_WAITING&#10;        at sun.misc.Unsafe.park(Native Method)&#10;        at java.util.concurrent.locks.LockSupport.parkNanos(LockSupport.java:215)&#10;        at java.util.concurrent.locks.AbstractQueuedSynchronizer$ConditionObject.awaitNanos(AbstractQueuedSynchronizer.java:2078)&#10;        at java.util.concurrent.ScheduledThreadPoolExecutor$DelayedWorkQueue.take(ScheduledThreadPoolExecutor.java:1093)&#10;        at java.util.concurrent.ScheduledThreadPoolExecutor$DelayedWorkQueue.take(ScheduledThreadPoolExecutor.java:809)&#10;        at java.util.concurrent.ThreadPoolExecutor.getTask(ThreadPoolExecutor.java:1074)&#10;        at java.util.concurrent.ThreadPoolExecutor.runWorker(ThreadPoolExecutor.java:1134)&#10;        at java.util.concurrent.ThreadPoolExecutor$Worker.run(ThreadPoolExecutor.java:624)&#10;        at java.lang.Thread.run(Thread.java:748)&#10;&quot;BlockDeletingService#7&quot; daemon prio=5 tid=2198 in Object.wait()&#10;java.lang.Thread.State: WAITING (on object monitor)&#10;        at sun.misc.Unsafe.park(Native Method)&#10;        at java.util.concurrent.locks.LockSupport.park(LockSupport.java:175)&#10;        at java.util.concurrent.locks.AbstractQueuedSynchronizer$ConditionObject.await(AbstractQueuedSynchronizer.java:2039)&#10;        at java.util.concurrent.ScheduledThreadPoolExecutor$DelayedWorkQueue.take(ScheduledThreadPoolExecutor.java:1088)&#10;        at java.util.concurrent.ScheduledThreadPoolExecutor$DelayedWorkQueue.take(ScheduledThreadPoolExecutor.java:809)&#10;        at java.util.concurrent.ThreadPoolExecutor.getTask(ThreadPoolExecutor.java:1074)&#10;        at java.util.concurrent.ThreadPoolExecutor.runWorker(ThreadPoolExecutor.java:1134)&#10;        at java.util.concurrent.ThreadPoolExecutor$Worker.run(ThreadPoolExecutor.java:624)&#10;        at java.lang.Thread.run(Thread.java:748)&#10;&quot;pool-80-thread-1&quot;  prio=5 tid=293 timed_waiting&#10;java.lang.Thread.State: TIMED_WAITING&#10;        at sun.misc.Unsafe.park(Native Method)&#10;        at java.util.concurrent.locks.LockSupport.parkNanos(LockSupport.java:215)&#10;        at java.util.concurrent.locks.AbstractQueuedSynchronizer$ConditionObject.awaitNanos(AbstractQueuedSynchronizer.java:2078)&#10;        at java.util.concurrent.ScheduledThreadPoolExecutor$DelayedWorkQueue.take(ScheduledThreadPoolExecutor.java:1093)&#10;        at java.util.concurrent.ScheduledThreadPoolExecutor$DelayedWorkQueue.take(ScheduledThreadPoolExecutor.java:809)&#10;        at java.util.concurrent.ThreadPoolExecutor.getTask(ThreadPoolExecutor.java:1074)&#10;        at java.util.concurrent.ThreadPoolExecutor.runWorker(ThreadPoolExecutor.java:1134)&#10;        at java.util.concurrent.ThreadPoolExecutor$Worker.run(ThreadPoolExecutor.java:624)&#10;        at java.lang.Thread.run(Thread.java:748)&#10;&quot;pool-56-thread-14&quot;  prio=5 tid=541 in Object.wait()&#10;java.lang.Thread.State: WAITING (on object monitor)&#10;        at sun.misc.Unsafe.park(Native Method)&#10;        at java.util.concurrent.locks.LockSupport.park(LockSupport.java:175)&#10;        at java.util.concurrent.locks.AbstractQueuedSynchronizer$ConditionObject.await(AbstractQueuedSynchronizer.java:2039)&#10;        at java.util.concurrent.ArrayBlockingQueue.take(ArrayBlockingQueue.java:403)&#10;        at java.util.concurrent.ThreadPoolExecutor.getTask(ThreadPoolExecutor.java:1074)&#10;        at java.util.concurrent.ThreadPoolExecutor.runWorker(ThreadPoolExecutor.java:1134)&#10;        at java.util.concurrent.ThreadPoolExecutor$Worker.run(ThreadPoolExecutor.java:624)&#10;        at java.lang.Thread.run(Thread.java:748)&#10;&quot;pool-26-thread-14&quot;  prio=5 tid=354 in Object.wait()&#10;java.lang.Thread.State: WAITING (on object monitor)&#10;        at sun.misc.Unsafe.park(Native Method)&#10;        at java.util.concurrent.locks.LockSupport.park(LockSupport.java:175)&#10;        at java.util.concurrent.locks.AbstractQueuedSynchronizer$ConditionObject.await(AbstractQueuedSynchronizer.java:2039)&#10;        at java.util.concurrent.ArrayBlockingQueue.take(ArrayBlockingQueue.java:403)&#10;        at java.util.concurrent.ThreadPoolExecutor.getTask(ThreadPoolExecutor.java:1074)&#10;        at java.util.concurrent.ThreadPoolExecutor.runWorker(ThreadPoolExecutor.java:1134)&#10;        at java.util.concurrent.ThreadPoolExecutor$Worker.run(ThreadPoolExecutor.java:624)&#10;        at java.lang.Thread.run(Thread.java:748)&#10;&quot;IPC Server handler 10 on 38980&quot; daemon prio=5 tid=79 timed_waiting&#10;java.lang.Thread.State: TIMED_WAITING&#10;        at sun.misc.Unsafe.park(Native Method)&#10;        at java.util.concurrent.locks.LockSupport.parkNanos(LockSupport.java:215)&#10;        at java.util.concurrent.locks.AbstractQueuedSynchronizer$ConditionObject.awaitNanos(AbstractQueuedSynchronizer.java:2078)&#10;        at java.util.concurrent.LinkedBlockingQueue.poll(LinkedBlockingQueue.java:467)&#10;        at org.apache.hadoop.ipc.CallQueueManager.take(CallQueueManager.java:288)&#10;        at org.apache.hadoop.ipc.Server$Handler.run(Server.java:2668)&#10;&quot;BlockDeletingService#8&quot; daemon prio=5 tid=2508 in Object.wait()&#10;java.lang.Thread.State: WAITING (on object monitor)&#10;        at sun.misc.Unsafe.park(Native Method)&#10;        at java.util.concurrent.locks.LockSupport.park(LockSupport.java:175)&#10;        at java.util.concurrent.locks.AbstractQueuedSynchronizer$ConditionObject.await(AbstractQueuedSynchronizer.java:2039)&#10;        at java.util.concurrent.ScheduledThreadPoolExecutor$DelayedWorkQueue.take(ScheduledThreadPoolExecutor.java:1088)&#10;        at java.util.concurrent.ScheduledThreadPoolExecutor$DelayedWorkQueue.take(ScheduledThreadPoolExecutor.java:809)&#10;        at java.util.concurrent.ThreadPoolExecutor.getTask(ThreadPoolExecutor.java:1074)&#10;        at java.util.concurrent.ThreadPoolExecutor.runWorker(ThreadPoolExecutor.java:1134)&#10;        at java.util.concurrent.ThreadPoolExecutor$Worker.run(ThreadPoolExecutor.java:624)&#10;        at java.lang.Thread.run(Thread.java:748)&#10;&quot;org.apache.hadoop.util.JvmPauseMonitor$Monitor@587181e7&quot; daemon prio=5 tid=338 timed_waiting&#10;java.lang.Thread.State: TIMED_WAITING&#10;        at java.lang.Thread.sleep(Native Method)&#10;        at org.apache.hadoop.util.JvmPauseMonitor$Monitor.run(JvmPauseMonitor.java:192)&#10;        at java.lang.Thread.run(Thread.java:748)&#10;&quot;pool-56-thread-26&quot;  prio=5 tid=553 in Object.wait()&#10;java.lang.Thread.State: WAITING (on object monitor)&#10;        at sun.misc.Unsafe.park(Native Method)&#10;        at java.util.concurrent.locks.LockSupport.park(LockSupport.java:175)&#10;        at java.util.concurrent.locks.AbstractQueuedSynchronizer$ConditionObject.await(AbstractQueuedSynchronizer.java:2039)&#10;        at java.util.concurrent.ArrayBlockingQueue.take(ArrayBlockingQueue.java:403)&#10;        at java.util.concurrent.ThreadPoolExecutor.getTask(ThreadPoolExecutor.java:1074)&#10;        at java.util.concurrent.ThreadPoolExecutor.runWorker(ThreadPoolExecutor.java:1134)&#10;        at java.util.concurrent.ThreadPoolExecutor$Worker.run(ThreadPoolExecutor.java:624)&#10;        at java.lang.Thread.run(Thread.java:748)&#10;&quot;pool-36-thread-19&quot;  prio=5 tid=419 in Object.wait()&#10;java.lang.Thread.State: WAITING (on object monitor)&#10;        at sun.misc.Unsafe.park(Native Method)&#10;        at java.util.concurrent.locks.LockSupport.park(LockSupport.java:175)&#10;        at java.util.concurrent.locks.AbstractQueuedSynchronizer$ConditionObject.await(AbstractQueuedSynchronizer.java:2039)&#10;        at java.util.concurrent.ArrayBlockingQueue.take(ArrayBlockingQueue.java:403)&#10;        at java.util.concurrent.ThreadPoolExecutor.getTask(ThreadPoolExecutor.java:1074)&#10;        at java.util.concurrent.ThreadPoolExecutor.runWorker(ThreadPoolExecutor.java:1134)&#10;        at java.util.concurrent.ThreadPoolExecutor$Worker.run(ThreadPoolExecutor.java:624)&#10;        at java.lang.Thread.run(Thread.java:748)&#10;&quot;pool-26-thread-47&quot;  prio=5 tid=387 in Object.wait()&#10;java.lang.Thread.State: WAITING (on object monitor)&#10;        at sun.misc.Unsafe.park(Native Method)&#10;        at java.util.concurrent.locks.LockSupport.park(LockSupport.java:175)&#10;        at java.util.concurrent.locks.AbstractQueuedSynchronizer$ConditionObject.await(AbstractQueuedSynchronizer.java:2039)&#10;        at java.util.concurrent.ArrayBlockingQueue.take(ArrayBlockingQueue.java:403)&#10;        at java.util.concurrent.ThreadPoolExecutor.getTask(ThreadPoolExecutor.java:1074)&#10;        at java.util.concurrent.ThreadPoolExecutor.runWorker(ThreadPoolExecutor.java:1134)&#10;        at java.util.concurrent.ThreadPoolExecutor$Worker.run(ThreadPoolExecutor.java:624)&#10;        at java.lang.Thread.run(Thread.java:748)&#10;&quot;pool-26-thread-45&quot;  prio=5 tid=385 in Object.wait()&#10;java.lang.Thread.State: WAITING (on object monitor)&#10;        at sun.misc.Unsafe.park(Native Method)&#10;        at java.util.concurrent.locks.LockSupport.park(LockSupport.java:175)&#10;        at java.util.concurrent.locks.AbstractQueuedSynchronizer$ConditionObject.await(AbstractQueuedSynchronizer.java:2039)&#10;        at java.util.concurrent.ArrayBlockingQueue.take(ArrayBlockingQueue.java:403)&#10;        at java.util.concurrent.ThreadPoolExecutor.getTask(ThreadPoolExecutor.java:1074)&#10;        at java.util.concurrent.ThreadPoolExecutor.runWorker(ThreadPoolExecutor.java:1134)&#10;        at java.util.concurrent.ThreadPoolExecutor$Worker.run(ThreadPoolExecutor.java:624)&#10;        at java.lang.Thread.run(Thread.java:748)&#10;&quot;Thread-302&quot; daemon prio=5 tid=911 timed_waiting&#10;java.lang.Thread.State: TIMED_WAITING&#10;        at sun.misc.Unsafe.park(Native Method)&#10;        at java.util.concurrent.locks.LockSupport.parkNanos(LockSupport.java:215)&#10;        at java.util.concurrent.locks.AbstractQueuedSynchronizer$ConditionObject.awaitNanos(AbstractQueuedSynchronizer.java:2078)&#10;        at java.util.concurrent.ArrayBlockingQueue.poll(ArrayBlockingQueue.java:418)&#10;        at org.apache.ratis.server.impl.LeaderState$EventQueue.poll(LeaderState.java:115)&#10;        at org.apache.ratis.server.impl.LeaderState$EventProcessor.run(LeaderState.java:457)&#10;&quot;pool-86-thread-15&quot;  prio=5 tid=728 in Object.wait()&#10;java.lang.Thread.State: WAITING (on object monitor)&#10;        at sun.misc.Unsafe.park(Native Method)&#10;        at java.util.concurrent.locks.LockSupport.park(LockSupport.java:175)&#10;        at java.util.concurrent.locks.AbstractQueuedSynchronizer$ConditionObject.await(AbstractQueuedSynchronizer.java:2039)&#10;        at java.util.concurrent.ArrayBlockingQueue.take(ArrayBlockingQueue.java:403)&#10;        at java.util.concurrent.ThreadPoolExecutor.getTask(ThreadPoolExecutor.java:1074)&#10;        at java.util.concurrent.ThreadPoolExecutor.runWorker(ThreadPoolExecutor.java:1134)&#10;        at java.util.concurrent.ThreadPoolExecutor$Worker.run(ThreadPoolExecutor.java:624)&#10;        at java.lang.Thread.run(Thread.java:748)&#10;&quot;pool-36-thread-16&quot;  prio=5 tid=416 in Object.wait()&#10;java.lang.Thread.State: WAITING (on object monitor)&#10;        at sun.misc.Unsafe.park(Native Method)&#10;        at java.util.concurrent.locks.LockSupport.park(LockSupport.java:175)&#10;        at java.util.concurrent.locks.AbstractQueuedSynchronizer$ConditionObject.await(AbstractQueuedSynchronizer.java:2039)&#10;        at java.util.concurrent.ArrayBlockingQueue.take(ArrayBlockingQueue.java:403)&#10;        at java.util.concurrent.ThreadPoolExecutor.getTask(ThreadPoolExecutor.java:1074)&#10;        at java.util.concurrent.ThreadPoolExecutor.runWorker(ThreadPoolExecutor.java:1134)&#10;        at java.util.concurrent.ThreadPoolExecutor$Worker.run(ThreadPoolExecutor.java:624)&#10;        at java.lang.Thread.run(Thread.java:748)&#10;&quot;pool-26-thread-18&quot;  prio=5 tid=358 in Object.wait()&#10;java.lang.Thread.State: WAITING (on object monitor)&#10;        at sun.misc.Unsafe.park(Native Method)&#10;        at java.util.concurrent.locks.LockSupport.park(LockSupport.java:175)&#10;        at java.util.concurrent.locks.AbstractQueuedSynchronizer$ConditionObject.await(AbstractQueuedSynchronizer.java:2039)&#10;        at java.util.concurrent.ArrayBlockingQueue.take(ArrayBlockingQueue.java:403)&#10;        at java.util.concurrent.ThreadPoolExecutor.getTask(ThreadPoolExecutor.java:1074)&#10;        at java.util.concurrent.ThreadPoolExecutor.runWorker(ThreadPoolExecutor.java:1134)&#10;        at java.util.concurrent.ThreadPoolExecutor$Worker.run(ThreadPoolExecutor.java:624)&#10;        at java.lang.Thread.run(Thread.java:748)&#10;&quot;pool-36-thread-13&quot;  prio=5 tid=413 in Object.wait()&#10;java.lang.Thread.State: WAITING (on object monitor)&#10;        at sun.misc.Unsafe.park(Native Method)&#10;        at java.util.concurrent.locks.LockSupport.park(LockSupport.java:175)&#10;        at java.util.concurrent.locks.AbstractQueuedSynchronizer$ConditionObject.await(AbstractQueuedSynchronizer.java:2039)&#10;        at java.util.concurrent.ArrayBlockingQueue.take(ArrayBlockingQueue.java:403)&#10;        at java.util.concurrent.ThreadPoolExecutor.getTask(ThreadPoolExecutor.java:1074)&#10;        at java.util.concurrent.ThreadPoolExecutor.runWorker(ThreadPoolExecutor.java:1134)&#10;        at java.util.concurrent.ThreadPoolExecutor$Worker.run(ThreadPoolExecutor.java:624)&#10;        at java.lang.Thread.run(Thread.java:748)&#10;&quot;IPC Server idle connection scanner for port 40419&quot; daemon prio=5 tid=24 timed_waiting&#10;java.lang.Thread.State: TIMED_WAITING&#10;        at java.lang.Object.wait(Native Method)&#10;        at java.util.TimerThread.mainLoop(Timer.java:552)&#10;        at java.util.TimerThread.run(Timer.java:505)&#10;&quot;RatisApplyTransactionExecutor 0&quot; daemon prio=5 tid=2413 in Object.wait()&#10;java.lang.Thread.State: WAITING (on object monitor)&#10;        at sun.misc.Unsafe.park(Native Method)&#10;        at java.util.concurrent.locks.LockSupport.park(LockSupport.java:175)&#10;        at java.util.concurrent.locks.AbstractQueuedSynchronizer$ConditionObject.await(AbstractQueuedSynchronizer.java:2039)&#10;        at java.util.concurrent.LinkedBlockingQueue.take(LinkedBlockingQueue.java:442)&#10;        at java.util.concurrent.ThreadPoolExecutor.getTask(ThreadPoolExecutor.java:1074)&#10;        at java.util.concurrent.ThreadPoolExecutor.runWorker(ThreadPoolExecutor.java:1134)&#10;        at java.util.concurrent.ThreadPoolExecutor$Worker.run(ThreadPoolExecutor.java:624)&#10;        at java.lang.Thread.run(Thread.java:748)&#10;&quot;metrics-hadoop-metrics2-reporter-26-thread-1&quot; daemon prio=5 tid=912 timed_waiting&#10;java.lang.Thread.State: TIMED_WAITING&#10;        at sun.misc.Unsafe.park(Native Method)&#10;        at java.util.concurrent.locks.LockSupport.parkNanos(LockSupport.java:215)&#10;        at java.util.concurrent.locks.AbstractQueuedSynchronizer$ConditionObject.awaitNanos(AbstractQueuedSynchronizer.java:2078)&#10;        at java.util.concurrent.ScheduledThreadPoolExecutor$DelayedWorkQueue.take(ScheduledThreadPoolExecutor.java:1093)&#10;        at java.util.concurrent.ScheduledThreadPoolExecutor$DelayedWorkQueue.take(ScheduledThreadPoolExecutor.java:809)&#10;        at java.util.concurrent.ThreadPoolExecutor.getTask(ThreadPoolExecutor.java:1074)&#10;        at java.util.concurrent.ThreadPoolExecutor.runWorker(ThreadPoolExecutor.java:1134)&#10;        at java.util.concurrent.ThreadPoolExecutor$Worker.run(ThreadPoolExecutor.java:624)&#10;        at java.lang.Thread.run(Thread.java:748)&#10;&quot;pool-76-thread-34&quot;  prio=5 tid=685 in Object.wait()&#10;java.lang.Thread.State: WAITING (on object monitor)&#10;        at sun.misc.Unsafe.park(Native Method)&#10;        at java.util.concurrent.locks.LockSupport.park(LockSupport.java:175)&#10;        at java.util.concurrent.locks.AbstractQueuedSynchronizer$ConditionObject.await(AbstractQueuedSynchronizer.java:2039)&#10;        at java.util.concurrent.ArrayBlockingQueue.take(ArrayBlockingQueue.java:403)&#10;        at java.util.concurrent.ThreadPoolExecutor.getTask(ThreadPoolExecutor.java:1074)&#10;        at java.util.concurrent.ThreadPoolExecutor.runWorker(ThreadPoolExecutor.java:1134)&#10;        at java.util.concurrent.ThreadPoolExecutor$Worker.run(ThreadPoolExecutor.java:624)&#10;        at java.lang.Thread.run(Thread.java:748)&#10;&quot;pool-56-thread-50&quot;  prio=5 tid=577 in Object.wait()&#10;java.lang.Thread.State: WAITING (on object monitor)&#10;        at sun.misc.Unsafe.park(Native Method)&#10;        at java.util.concurrent.locks.LockSupport.park(LockSupport.java:175)&#10;        at java.util.concurrent.locks.AbstractQueuedSynchronizer$ConditionObject.await(AbstractQueuedSynchronizer.java:2039)&#10;        at java.util.concurrent.ArrayBlockingQueue.take(ArrayBlockingQueue.java:403)&#10;        at java.util.concurrent.ThreadPoolExecutor.getTask(ThreadPoolExecutor.java:1074)&#10;        at java.util.concurrent.ThreadPoolExecutor.runWorker(ThreadPoolExecutor.java:1134)&#10;        at java.util.concurrent.ThreadPoolExecutor$Worker.run(ThreadPoolExecutor.java:624)&#10;        at java.lang.Thread.run(Thread.java:748)&#10;&quot;java.util.concurrent.ThreadPoolExecutor$Worker@1f5184ca[State = -1, empty queue]&quot; daemon prio=5 tid=2254 timed_waiting&#10;java.lang.Thread.State: TIMED_WAITING&#10;        at sun.misc.Unsafe.park(Native Method)&#10;        at java.util.concurrent.locks.LockSupport.parkNanos(LockSupport.java:215)&#10;        at java.util.concurrent.locks.AbstractQueuedSynchronizer$ConditionObject.awaitNanos(AbstractQueuedSynchronizer.java:2078)&#10;        at java.util.concurrent.ScheduledThreadPoolExecutor$DelayedWorkQueue.take(ScheduledThreadPoolExecutor.java:1093)&#10;        at java.util.concurrent.ScheduledThreadPoolExecutor$DelayedWorkQueue.take(ScheduledThreadPoolExecutor.java:809)&#10;        at java.util.concurrent.ThreadPoolExecutor.getTask(ThreadPoolExecutor.java:1074)&#10;        at java.util.concurrent.ThreadPoolExecutor.runWorker(ThreadPoolExecutor.java:1134)&#10;        at java.util.concurrent.ThreadPoolExecutor$Worker.run(ThreadPoolExecutor.java:624)&#10;        at java.lang.Thread.run(Thread.java:748)&#10;&quot;metrics-hadoop-metrics2-reporter-32-thread-1&quot; daemon prio=5 tid=1584 timed_waiting&#10;java.lang.Thread.State: TIMED_WAITING&#10;        at sun.misc.Unsafe.park(Native Method)&#10;        at java.util.concurrent.locks.LockSupport.parkNanos(LockSupport.java:215)&#10;        at java.util.concurrent.locks.AbstractQueuedSynchronizer$ConditionObject.awaitNanos(AbstractQueuedSynchronizer.java:2078)&#10;        at java.util.concurrent.ScheduledThreadPoolExecutor$DelayedWorkQueue.take(ScheduledThreadPoolExecutor.java:1093)&#10;        at java.util.concurrent.ScheduledThreadPoolExecutor$DelayedWorkQueue.take(ScheduledThreadPoolExecutor.java:809)&#10;        at java.util.concurrent.ThreadPoolExecutor.getTask(ThreadPoolExecutor.java:1074)&#10;        at java.util.concurrent.ThreadPoolExecutor.runWorker(ThreadPoolExecutor.java:1134)&#10;        at java.util.concurrent.ThreadPoolExecutor$Worker.run(ThreadPoolExecutor.java:624)&#10;        at java.lang.Thread.run(Thread.java:748)&#10;&quot;IPC Server handler 9 on 38980&quot; daemon prio=5 tid=78 timed_waiting&#10;java.lang.Thread.State: TIMED_WAITING&#10;        at sun.misc.Unsafe.park(Native Method)&#10;        at java.util.concurrent.locks.LockSupport.parkNanos(LockSupport.java:215)&#10;        at java.util.concurrent.locks.AbstractQueuedSynchronizer$ConditionObject.awaitNanos(AbstractQueuedSynchronizer.java:2078)&#10;        at java.util.concurrent.LinkedBlockingQueue.poll(LinkedBlockingQueue.java:467)&#10;        at org.apache.hadoop.ipc.CallQueueManager.take(CallQueueManager.java:288)&#10;        at org.apache.hadoop.ipc.Server$Handler.run(Server.java:2668)&#10;&quot;pool-66-thread-38&quot;  prio=5 tid=627 in Object.wait()&#10;java.lang.Thread.State: WAITING (on object monitor)&#10;        at sun.misc.Unsafe.park(Native Method)&#10;        at java.util.concurrent.locks.LockSupport.park(LockSupport.java:175)&#10;        at java.util.concurrent.locks.AbstractQueuedSynchronizer$ConditionObject.await(AbstractQueuedSynchronizer.java:2039)&#10;        at java.util.concurrent.ArrayBlockingQueue.take(ArrayBlockingQueue.java:403)&#10;        at java.util.concurrent.ThreadPoolExecutor.getTask(ThreadPoolExecutor.java:1074)&#10;        at java.util.concurrent.ThreadPoolExecutor.runWorker(ThreadPoolExecutor.java:1134)&#10;        at java.util.concurrent.ThreadPoolExecutor$Worker.run(ThreadPoolExecutor.java:624)&#10;        at java.lang.Thread.run(Thread.java:748)&#10;&quot;metrics-hadoop-metrics2-reporter-16-thread-1&quot; daemon prio=5 tid=862 timed_waiting&#10;java.lang.Thread.State: TIMED_WAITING&#10;        at sun.misc.Unsafe.park(Native Method)&#10;        at java.util.concurrent.locks.LockSupport.parkNanos(LockSupport.java:215)&#10;        at java.util.concurrent.locks.AbstractQueuedSynchronizer$ConditionObject.awaitNanos(AbstractQueuedSynchronizer.java:2078)&#10;        at java.util.concurrent.ScheduledThreadPoolExecutor$DelayedWorkQueue.take(ScheduledThreadPoolExecutor.java:1093)&#10;        at java.util.concurrent.ScheduledThreadPoolExecutor$DelayedWorkQueue.take(ScheduledThreadPoolExecutor.java:809)&#10;        at java.util.concurrent.ThreadPoolExecutor.getTask(ThreadPoolExecutor.java:1074)&#10;        at java.util.concurrent.ThreadPoolExecutor.runWorker(ThreadPoolExecutor.java:1134)&#10;        at java.util.concurrent.ThreadPoolExecutor$Worker.run(ThreadPoolExecutor.java:624)&#10;        at java.lang.Thread.run(Thread.java:748)&#10;&quot;grpc-default-executor-16&quot; daemon prio=5 tid=3711 timed_waiting&#10;java.lang.Thread.State: TIMED_WAITING&#10;        at sun.misc.Unsafe.park(Native Method)&#10;        at java.util.concurrent.locks.LockSupport.parkNanos(LockSupport.java:215)&#10;        at java.util.concurrent.SynchronousQueue$TransferStack.awaitFulfill(SynchronousQueue.java:460)&#10;        at java.util.concurrent.SynchronousQueue$TransferStack.transfer(SynchronousQueue.java:362)&#10;        at java.util.concurrent.SynchronousQueue.poll(SynchronousQueue.java:941)&#10;        at java.util.concurrent.ThreadPoolExecutor.getTask(ThreadPoolExecutor.java:1073)&#10;        at java.util.concurrent.ThreadPoolExecutor.runWorker(ThreadPoolExecutor.java:1134)&#10;        at java.util.concurrent.ThreadPoolExecutor$Worker.run(ThreadPoolExecutor.java:624)&#10;        at java.lang.Thread.run(Thread.java:748)&#10;&quot;pool-26-thread-60&quot;  prio=5 tid=400 in Object.wait()&#10;java.lang.Thread.State: WAITING (on object monitor)&#10;        at sun.misc.Unsafe.park(Native Method)&#10;        at java.util.concurrent.locks.LockSupport.park(LockSupport.java:175)&#10;        at java.util.concurrent.locks.AbstractQueuedSynchronizer$ConditionObject.await(AbstractQueuedSynchronizer.java:2039)&#10;        at java.util.concurrent.ArrayBlockingQueue.take(ArrayBlockingQueue.java:403)&#10;        at java.util.concurrent.ThreadPoolExecutor.getTask(ThreadPoolExecutor.java:1074)&#10;        at java.util.concurrent.ThreadPoolExecutor.runWorker(ThreadPoolExecutor.java:1134)&#10;        at java.util.concurrent.ThreadPoolExecutor$Worker.run(ThreadPoolExecutor.java:624)&#10;        at java.lang.Thread.run(Thread.java:748)&#10;&quot;IPC Server handler 8 on 46754&quot; daemon prio=5 tid=57 timed_waiting&#10;java.lang.Thread.State: TIMED_WAITING&#10;        at sun.misc.Unsafe.park(Native Method)&#10;        at java.util.concurrent.locks.LockSupport.parkNanos(LockSupport.java:215)&#10;        at java.util.concurrent.locks.AbstractQueuedSynchronizer$ConditionObject.awaitNanos(AbstractQueuedSynchronizer.java:2078)&#10;        at java.util.concurrent.LinkedBlockingQueue.poll(LinkedBlockingQueue.java:467)&#10;        at org.apache.hadoop.ipc.CallQueueManager.take(CallQueueManager.java:288)&#10;        at org.apache.hadoop.ipc.Server$Handler.run(Server.java:2668)&#10;&quot;java.util.concurrent.ThreadPoolExecutor$Worker@4181da88[State = -1, empty queue]&quot; daemon prio=5 tid=4135 runnable&#10;java.lang.Thread.State: RUNNABLE&#10;        at java.util.concurrent.ScheduledThreadPoolExecutor$DelayedWorkQueue.poll(ScheduledThreadPoolExecutor.java:809)&#10;        at java.util.concurrent.ThreadPoolExecutor.getTask(ThreadPoolExecutor.java:1073)&#10;        at java.util.concurrent.ThreadPoolExecutor.runWorker(ThreadPoolExecutor.java:1134)&#10;        at java.util.concurrent.ThreadPoolExecutor$Worker.run(ThreadPoolExecutor.java:624)&#10;        at java.lang.Thread.run(Thread.java:748)&#10;&quot;qtp2111457497-94&quot; daemon prio=5 tid=94 timed_waiting&#10;java.lang.Thread.State: TIMED_WAITING&#10;        at sun.misc.Unsafe.park(Native Method)&#10;        at java.util.concurrent.locks.LockSupport.parkNanos(LockSupport.java:215)&#10;        at java.util.concurrent.locks.AbstractQueuedSynchronizer$ConditionObject.awaitNanos(AbstractQueuedSynchronizer.java:2078)&#10;        at org.eclipse.jetty.util.BlockingArrayQueue.poll(BlockingArrayQueue.java:392)&#10;        at org.eclipse.jetty.util.thread.QueuedThreadPool.idleJobPoll(QueuedThreadPool.java:563)&#10;        at org.eclipse.jetty.util.thread.QueuedThreadPool.access$800(QueuedThreadPool.java:48)&#10;        at org.eclipse.jetty.util.thread.QueuedThreadPool$2.run(QueuedThreadPool.java:626)&#10;        at java.lang.Thread.run(Thread.java:748)&#10;&quot;pool-86-thread-41&quot;  prio=5 tid=754 in Object.wait()&#10;java.lang.Thread.State: WAITING (on object monitor)&#10;        at sun.misc.Unsafe.park(Native Method)&#10;        at java.util.concurrent.locks.LockSupport.park(LockSupport.java:175)&#10;        at java.util.concurrent.locks.AbstractQueuedSynchronizer$ConditionObject.await(AbstractQueuedSynchronizer.java:2039)&#10;        at java.util.concurrent.ArrayBlockingQueue.take(ArrayBlockingQueue.java:403)&#10;        at java.util.concurrent.ThreadPoolExecutor.getTask(ThreadPoolExecutor.java:1074)&#10;        at java.util.concurrent.ThreadPoolExecutor.runWorker(ThreadPoolExecutor.java:1134)&#10;        at java.util.concurrent.ThreadPoolExecutor$Worker.run(ThreadPoolExecutor.java:624)&#10;        at java.lang.Thread.run(Thread.java:748)&#10;&quot;pool-36-thread-27&quot;  prio=5 tid=427 in Object.wait()&#10;java.lang.Thread.State: WAITING (on object monitor)&#10;        at sun.misc.Unsafe.park(Native Method)&#10;        at java.util.concurrent.locks.LockSupport.park(LockSupport.java:175)&#10;        at java.util.concurrent.locks.AbstractQueuedSynchronizer$ConditionObject.await(AbstractQueuedSynchronizer.java:2039)&#10;        at java.util.concurrent.ArrayBlockingQueue.take(ArrayBlockingQueue.java:403)&#10;        at java.util.concurrent.ThreadPoolExecutor.getTask(ThreadPoolExecutor.java:1074)&#10;        at java.util.concurrent.ThreadPoolExecutor.runWorker(ThreadPoolExecutor.java:1134)&#10;        at java.util.concurrent.ThreadPoolExecutor$Worker.run(ThreadPoolExecutor.java:624)&#10;        at java.lang.Thread.run(Thread.java:748)&#10;&quot;metrics-hadoop-metrics2-reporter-19-thread-1&quot; daemon prio=5 tid=879 timed_waiting&#10;java.lang.Thread.State: TIMED_WAITING&#10;        at sun.misc.Unsafe.park(Native Method)&#10;        at java.util.concurrent.locks.LockSupport.parkNanos(LockSupport.java:215)&#10;        at java.util.concurrent.locks.AbstractQueuedSynchronizer$ConditionObject.awaitNanos(AbstractQueuedSynchronizer.java:2078)&#10;        at java.util.concurrent.ScheduledThreadPoolExecutor$DelayedWorkQueue.take(ScheduledThreadPoolExecutor.java:1093)&#10;        at java.util.concurrent.ScheduledThreadPoolExecutor$DelayedWorkQueue.take(ScheduledThreadPoolExecutor.java:809)&#10;        at java.util.concurrent.ThreadPoolExecutor.getTask(ThreadPoolExecutor.java:1074)&#10;        at java.util.concurrent.ThreadPoolExecutor.runWorker(ThreadPoolExecutor.java:1134)&#10;        at java.util.concurrent.ThreadPoolExecutor$Worker.run(ThreadPoolExecutor.java:624)&#10;        at java.lang.Thread.run(Thread.java:748)&#10;&quot;pool-56-thread-35&quot;  prio=5 tid=562 in Object.wait()&#10;java.lang.Thread.State: WAITING (on object monitor)&#10;        at sun.misc.Unsafe.park(Native Method)&#10;        at java.util.concurrent.locks.LockSupport.park(LockSupport.java:175)&#10;        at java.util.concurrent.locks.AbstractQueuedSynchronizer$ConditionObject.await(AbstractQueuedSynchronizer.java:2039)&#10;        at java.util.concurrent.ArrayBlockingQueue.take(ArrayBlockingQueue.java:403)&#10;        at java.util.concurrent.ThreadPoolExecutor.getTask(ThreadPoolExecutor.java:1074)&#10;        at java.util.concurrent.ThreadPoolExecutor.runWorker(ThreadPoolExecutor.java:1134)&#10;        at java.util.concurrent.ThreadPoolExecutor$Worker.run(ThreadPoolExecutor.java:624)&#10;        at java.lang.Thread.run(Thread.java:748)&#10;&quot;pool-26-thread-9&quot;  prio=5 tid=349 in Object.wait()&#10;java.lang.Thread.State: WAITING (on object monitor)&#10;        at sun.misc.Unsafe.park(Native Method)&#10;        at java.util.concurrent.locks.LockSupport.park(LockSupport.java:175)&#10;        at java.util.concurrent.locks.AbstractQueuedSynchronizer$ConditionObject.await(AbstractQueuedSynchronizer.java:2039)&#10;        at java.util.concurrent.ArrayBlockingQueue.take(ArrayBlockingQueue.java:403)&#10;        at java.util.concurrent.ThreadPoolExecutor.getTask(ThreadPoolExecutor.java:1074)&#10;        at java.util.concurrent.ThreadPoolExecutor.runWorker(ThreadPoolExecutor.java:1134)&#10;        at java.util.concurrent.ThreadPoolExecutor$Worker.run(ThreadPoolExecutor.java:624)&#10;        at java.lang.Thread.run(Thread.java:748)&#10;&quot;pool-66-thread-52&quot;  prio=5 tid=641 in Object.wait()&#10;java.lang.Thread.State: WAITING (on object monitor)&#10;        at sun.misc.Unsafe.park(Native Method)&#10;        at java.util.concurrent.locks.LockSupport.park(LockSupport.java:175)&#10;        at java.util.concurrent.locks.AbstractQueuedSynchronizer$ConditionObject.await(AbstractQueuedSynchronizer.java:2039)&#10;        at java.util.concurrent.ArrayBlockingQueue.take(ArrayBlockingQueue.java:403)&#10;        at java.util.concurrent.ThreadPoolExecutor.getTask(ThreadPoolExecutor.java:1074)&#10;        at java.util.concurrent.ThreadPoolExecutor.runWorker(ThreadPoolExecutor.java:1134)&#10;        at java.util.concurrent.ThreadPoolExecutor$Worker.run(ThreadPoolExecutor.java:624)&#10;        at java.lang.Thread.run(Thread.java:748)&#10;&quot;pool-46-thread-5&quot;  prio=5 tid=465 in Object.wait()&#10;java.lang.Thread.State: WAITING (on object monitor)&#10;        at sun.misc.Unsafe.park(Native Method)&#10;        at java.util.concurrent.locks.LockSupport.park(LockSupport.java:175)&#10;        at java.util.concurrent.locks.AbstractQueuedSynchronizer$ConditionObject.await(AbstractQueuedSynchronizer.java:2039)&#10;        at java.util.concurrent.ArrayBlockingQueue.take(ArrayBlockingQueue.java:403)&#10;        at java.util.concurrent.ThreadPoolExecutor.getTask(ThreadPoolExecutor.java:1074)&#10;        at java.util.concurrent.ThreadPoolExecutor.runWorker(ThreadPoolExecutor.java:1134)&#10;        at java.util.concurrent.ThreadPoolExecutor$Worker.run(ThreadPoolExecutor.java:624)&#10;        at java.lang.Thread.run(Thread.java:748)&#10;&quot;pool-66-thread-59&quot;  prio=5 tid=648 in Object.wait()&#10;java.lang.Thread.State: WAITING (on object monitor)&#10;        at sun.misc.Unsafe.park(Native Method)&#10;        at java.util.concurrent.locks.LockSupport.park(LockSupport.java:175)&#10;        at java.util.concurrent.locks.AbstractQueuedSynchronizer$ConditionObject.await(AbstractQueuedSynchronizer.java:2039)&#10;        at java.util.concurrent.ArrayBlockingQueue.take(ArrayBlockingQueue.java:403)&#10;        at java.util.concurrent.ThreadPoolExecutor.getTask(ThreadPoolExecutor.java:1074)&#10;        at java.util.concurrent.ThreadPoolExecutor.runWorker(ThreadPoolExecutor.java:1134)&#10;        at java.util.concurrent.ThreadPoolExecutor$Worker.run(ThreadPoolExecutor.java:624)&#10;        at java.lang.Thread.run(Thread.java:748)&#10;&quot;IPC Server handler 8 on 38980&quot; daemon prio=5 tid=77 timed_waiting&#10;java.lang.Thread.State: TIMED_WAITING&#10;        at sun.misc.Unsafe.park(Native Method)&#10;        at java.util.concurrent.locks.LockSupport.parkNanos(LockSupport.java:215)&#10;        at java.util.concurrent.locks.AbstractQueuedSynchronizer$ConditionObject.awaitNanos(AbstractQueuedSynchronizer.java:2078)&#10;        at java.util.concurrent.LinkedBlockingQueue.poll(LinkedBlockingQueue.java:467)&#10;        at org.apache.hadoop.ipc.CallQueueManager.take(CallQueueManager.java:288)&#10;        at org.apache.hadoop.ipc.Server$Handler.run(Server.java:2668)&#10;&quot;pool-36-thread-39&quot;  prio=5 tid=439 in Object.wait()&#10;java.lang.Thread.State: WAITING (on object monitor)&#10;        at sun.misc.Unsafe.park(Native Method)&#10;        at java.util.concurrent.locks.LockSupport.park(LockSupport.java:175)&#10;        at java.util.concurrent.locks.AbstractQueuedSynchronizer$ConditionObject.await(AbstractQueuedSynchronizer.java:2039)&#10;        at java.util.concurrent.ArrayBlockingQueue.take(ArrayBlockingQueue.java:403)&#10;        at java.util.concurrent.ThreadPoolExecutor.getTask(ThreadPoolExecutor.java:1074)&#10;        at java.util.concurrent.ThreadPoolExecutor.runWorker(ThreadPoolExecutor.java:1134)&#10;        at java.util.concurrent.ThreadPoolExecutor$Worker.run(ThreadPoolExecutor.java:624)&#10;        at java.lang.Thread.run(Thread.java:748)&#10;&quot;IPC Server handler 16 on 40419&quot; daemon prio=5 tid=45 timed_waiting&#10;java.lang.Thread.State: TIMED_WAITING&#10;        at sun.misc.Unsafe.park(Native Method)&#10;        at java.util.concurrent.locks.LockSupport.parkNanos(LockSupport.java:215)&#10;        at java.util.concurrent.locks.AbstractQueuedSynchronizer$ConditionObject.awaitNanos(AbstractQueuedSynchronizer.java:2078)&#10;        at java.util.concurrent.LinkedBlockingQueue.poll(LinkedBlockingQueue.java:467)&#10;        at org.apache.hadoop.ipc.CallQueueManager.take(CallQueueManager.java:288)&#10;        at org.apache.hadoop.ipc.Server$Handler.run(Server.java:2668)&#10;&quot;qtp1092382020-274&quot; daemon prio=5 tid=274 timed_waiting&#10;java.lang.Thread.State: TIMED_WAITING&#10;        at sun.misc.Unsafe.park(Native Method)&#10;        at java.util.concurrent.locks.LockSupport.parkNanos(LockSupport.java:215)&#10;        at java.util.concurrent.locks.AbstractQueuedSynchronizer$ConditionObject.awaitNanos(AbstractQueuedSynchronizer.java:2078)&#10;        at org.eclipse.jetty.util.BlockingArrayQueue.poll(BlockingArrayQueue.java:392)&#10;        at org.eclipse.jetty.util.thread.QueuedThreadPool.idleJobPoll(QueuedThreadPool.java:563)&#10;        at org.eclipse.jetty.util.thread.QueuedThreadPool.access$800(QueuedThreadPool.java:48)&#10;        at org.eclipse.jetty.util.thread.QueuedThreadPool$2.run(QueuedThreadPool.java:626)&#10;        at java.lang.Thread.run(Thread.java:748)&#10;&quot;Datanode State Machine Thread - 1&quot; daemon prio=5 tid=3043 timed_waiting&#10;java.lang.Thread.State: TIMED_WAITING&#10;        at sun.misc.Unsafe.park(Native Method)&#10;        at java.util.concurrent.locks.LockSupport.parkNanos(LockSupport.java:215)&#10;        at java.util.concurrent.SynchronousQueue$TransferStack.awaitFulfill(SynchronousQueue.java:460)&#10;        at java.util.concurrent.SynchronousQueue$TransferStack.transfer(SynchronousQueue.java:362)&#10;        at java.util.concurrent.SynchronousQueue.poll(SynchronousQueue.java:941)&#10;        at java.util.concurrent.ThreadPoolExecutor.getTask(ThreadPoolExecutor.java:1073)&#10;        at java.util.concurrent.ThreadPoolExecutor.runWorker(ThreadPoolExecutor.java:1134)&#10;        at java.util.concurrent.ThreadPoolExecutor$Worker.run(ThreadPoolExecutor.java:624)&#10;        at java.lang.Thread.run(Thread.java:748)&#10;&quot;pool-66-thread-50&quot;  prio=5 tid=639 in Object.wait()&#10;java.lang.Thread.State: WAITING (on object monitor)&#10;        at sun.misc.Unsafe.park(Native Method)&#10;        at java.util.concurrent.locks.LockSupport.park(LockSupport.java:175)&#10;        at java.util.concurrent.locks.AbstractQueuedSynchronizer$ConditionObject.await(AbstractQueuedSynchronizer.java:2039)&#10;        at java.util.concurrent.ArrayBlockingQueue.take(ArrayBlockingQueue.java:403)&#10;        at java.util.concurrent.ThreadPoolExecutor.getTask(ThreadPoolExecutor.java:1074)&#10;        at java.util.concurrent.ThreadPoolExecutor.runWorker(ThreadPoolExecutor.java:1134)&#10;        at java.util.concurrent.ThreadPoolExecutor$Worker.run(ThreadPoolExecutor.java:624)&#10;        at java.lang.Thread.run(Thread.java:748)&#10;&quot;pool-46-thread-25&quot;  prio=5 tid=485 in Object.wait()&#10;java.lang.Thread.State: WAITING (on object monitor)&#10;        at sun.misc.Unsafe.park(Native Method)&#10;        at java.util.concurrent.locks.LockSupport.park(LockSupport.java:175)&#10;        at java.util.concurrent.locks.AbstractQueuedSynchronizer$ConditionObject.await(AbstractQueuedSynchronizer.java:2039)&#10;        at java.util.concurrent.ArrayBlockingQueue.take(ArrayBlockingQueue.java:403)&#10;        at java.util.concurrent.ThreadPoolExecutor.getTask(ThreadPoolExecutor.java:1074)&#10;        at java.util.concurrent.ThreadPoolExecutor.runWorker(ThreadPoolExecutor.java:1134)&#10;        at java.util.concurrent.ThreadPoolExecutor$Worker.run(ThreadPoolExecutor.java:624)&#10;        at java.lang.Thread.run(Thread.java:748)&#10;&quot;pool-47-thread-1&quot;  prio=5 tid=827 in Object.wait()&#10;java.lang.Thread.State: WAITING (on object monitor)&#10;        at sun.misc.Unsafe.park(Native Method)&#10;        at java.util.concurrent.locks.LockSupport.park(LockSupport.java:175)&#10;        at java.util.concurrent.locks.AbstractQueuedSynchronizer$ConditionObject.await(AbstractQueuedSynchronizer.java:2039)&#10;        at java.util.concurrent.LinkedBlockingQueue.take(LinkedBlockingQueue.java:442)&#10;        at java.util.concurrent.ThreadPoolExecutor.getTask(ThreadPoolExecutor.java:1074)&#10;        at java.util.concurrent.ThreadPoolExecutor.runWorker(ThreadPoolExecutor.java:1134)&#10;        at java.util.concurrent.ThreadPoolExecutor$Worker.run(ThreadPoolExecutor.java:624)&#10;        at java.lang.Thread.run(Thread.java:748)&#10;&quot;pool-36-thread-44&quot;  prio=5 tid=444 in Object.wait()&#10;java.lang.Thread.State: WAITING (on object monitor)&#10;        at sun.misc.Unsafe.park(Native Method)&#10;        at java.util.concurrent.locks.LockSupport.park(LockSupport.java:175)&#10;        at java.util.concurrent.locks.AbstractQueuedSynchronizer$ConditionObject.await(AbstractQueuedSynchronizer.java:2039)&#10;        at java.util.concurrent.ArrayBlockingQueue.take(ArrayBlockingQueue.java:403)&#10;        at java.util.concurrent.ThreadPoolExecutor.getTask(ThreadPoolExecutor.java:1074)&#10;        at java.util.concurrent.ThreadPoolExecutor.runWorker(ThreadPoolExecutor.java:1134)&#10;        at java.util.concurrent.ThreadPoolExecutor$Worker.run(ThreadPoolExecutor.java:624)&#10;        at java.lang.Thread.run(Thread.java:748)&#10;&quot;pool-36-thread-41&quot;  prio=5 tid=441 in Object.wait()&#10;java.lang.Thread.State: WAITING (on object monitor)&#10;        at sun.misc.Unsafe.park(Native Method)&#10;        at java.util.concurrent.locks.LockSupport.park(LockSupport.java:175)&#10;        at java.util.concurrent.locks.AbstractQueuedSynchronizer$ConditionObject.await(AbstractQueuedSynchronizer.java:2039)&#10;        at java.util.concurrent.ArrayBlockingQueue.take(ArrayBlockingQueue.java:403)&#10;        at java.util.concurrent.ThreadPoolExecutor.getTask(ThreadPoolExecutor.java:1074)&#10;        at java.util.concurrent.ThreadPoolExecutor.runWorker(ThreadPoolExecutor.java:1134)&#10;        at java.util.concurrent.ThreadPoolExecutor$Worker.run(ThreadPoolExecutor.java:624)&#10;        at java.lang.Thread.run(Thread.java:748)&#10;&quot;BlockDeletingService#1&quot; daemon prio=5 tid=527 in Object.wait()&#10;java.lang.Thread.State: WAITING (on object monitor)&#10;        at sun.misc.Unsafe.park(Native Method)&#10;        at java.util.concurrent.locks.LockSupport.park(LockSupport.java:175)&#10;        at java.util.concurrent.locks.AbstractQueuedSynchronizer$ConditionObject.await(AbstractQueuedSynchronizer.java:2039)&#10;        at java.util.concurrent.ScheduledThreadPoolExecutor$DelayedWorkQueue.take(ScheduledThreadPoolExecutor.java:1088)&#10;        at java.util.concurrent.ScheduledThreadPoolExecutor$DelayedWorkQueue.take(ScheduledThreadPoolExecutor.java:809)&#10;        at java.util.concurrent.ThreadPoolExecutor.getTask(ThreadPoolExecutor.java:1074)&#10;        at java.util.concurrent.ThreadPoolExecutor.runWorker(ThreadPoolExecutor.java:1134)&#10;        at java.util.concurrent.ThreadPoolExecutor$Worker.run(ThreadPoolExecutor.java:624)&#10;        at java.lang.Thread.run(Thread.java:748)&#10;&quot;pool-56-thread-38&quot;  prio=5 tid=565 in Object.wait()&#10;java.lang.Thread.State: WAITING (on object monitor)&#10;        at sun.misc.Unsafe.park(Native Method)&#10;        at java.util.concurrent.locks.LockSupport.park(LockSupport.java:175)&#10;        at java.util.concurrent.locks.AbstractQueuedSynchronizer$ConditionObject.await(AbstractQueuedSynchronizer.java:2039)&#10;        at java.util.concurrent.ArrayBlockingQueue.take(ArrayBlockingQueue.java:403)&#10;        at java.util.concurrent.ThreadPoolExecutor.getTask(ThreadPoolExecutor.java:1074)&#10;        at java.util.concurrent.ThreadPoolExecutor.runWorker(ThreadPoolExecutor.java:1134)&#10;        at java.util.concurrent.ThreadPoolExecutor$Worker.run(ThreadPoolExecutor.java:624)&#10;        at java.lang.Thread.run(Thread.java:748)&#10;&quot;org.eclipse.jetty.server.session.HashSessionManager@49aa766bTimer&quot; daemon prio=5 tid=144 timed_waiting&#10;java.lang.Thread.State: TIMED_WAITING&#10;        at sun.misc.Unsafe.park(Native Method)&#10;        at java.util.concurrent.locks.LockSupport.parkNanos(LockSupport.java:215)&#10;        at java.util.concurrent.locks.AbstractQueuedSynchronizer$ConditionObject.awaitNanos(AbstractQueuedSynchronizer.java:2078)&#10;        at java.util.concurrent.ScheduledThreadPoolExecutor$DelayedWorkQueue.take(ScheduledThreadPoolExecutor.java:1093)&#10;        at java.util.concurrent.ScheduledThreadPoolExecutor$DelayedWorkQueue.take(ScheduledThreadPoolExecutor.java:809)&#10;        at java.util.concurrent.ThreadPoolExecutor.getTask(ThreadPoolExecutor.java:1074)&#10;        at java.util.concurrent.ThreadPoolExecutor.runWorker(ThreadPoolExecutor.java:1134)&#10;        at java.util.concurrent.ThreadPoolExecutor$Worker.run(ThreadPoolExecutor.java:624)&#10;        at java.lang.Thread.run(Thread.java:748)&#10;&quot;qtp1128600792-247&quot; daemon prio=5 tid=247 timed_waiting&#10;java.lang.Thread.State: TIMED_WAITING&#10;        at sun.misc.Unsafe.park(Native Method)&#10;        at java.util.concurrent.locks.LockSupport.parkNanos(LockSupport.java:215)&#10;        at java.util.concurrent.locks.AbstractQueuedSynchronizer$ConditionObject.awaitNanos(AbstractQueuedSynchronizer.java:2078)&#10;        at org.eclipse.jetty.util.BlockingArrayQueue.poll(BlockingArrayQueue.java:392)&#10;        at org.eclipse.jetty.util.thread.QueuedThreadPool.idleJobPoll(QueuedThreadPool.java:563)&#10;        at org.eclipse.jetty.util.thread.QueuedThreadPool.access$800(QueuedThreadPool.java:48)&#10;        at org.eclipse.jetty.util.thread.QueuedThreadPool$2.run(QueuedThreadPool.java:626)&#10;        at java.lang.Thread.run(Thread.java:748)&#10;&quot;IPC Server handler 10 on 40419&quot; daemon prio=5 tid=39 timed_waiting&#10;java.lang.Thread.State: TIMED_WAITING&#10;        at sun.misc.Unsafe.park(Native Method)&#10;        at java.util.concurrent.locks.LockSupport.parkNanos(LockSupport.java:215)&#10;        at java.util.concurrent.locks.AbstractQueuedSynchronizer$ConditionObject.awaitNanos(AbstractQueuedSynchronizer.java:2078)&#10;        at java.util.concurrent.LinkedBlockingQueue.poll(LinkedBlockingQueue.java:467)&#10;        at org.apache.hadoop.ipc.CallQueueManager.take(CallQueueManager.java:288)&#10;        at org.apache.hadoop.ipc.Server$Handler.run(Server.java:2668)&#10;&quot;pool-36-thread-43&quot;  prio=5 tid=443 in Object.wait()&#10;java.lang.Thread.State: WAITING (on object monitor)&#10;        at sun.misc.Unsafe.park(Native Method)&#10;        at java.util.concurrent.locks.LockSupport.park(LockSupport.java:175)&#10;        at java.util.concurrent.locks.AbstractQueuedSynchronizer$ConditionObject.await(AbstractQueuedSynchronizer.java:2039)&#10;        at java.util.concurrent.ArrayBlockingQueue.take(ArrayBlockingQueue.java:403)&#10;        at java.util.concurrent.ThreadPoolExecutor.getTask(ThreadPoolExecutor.java:1074)&#10;        at java.util.concurrent.ThreadPoolExecutor.runWorker(ThreadPoolExecutor.java:1134)&#10;        at java.util.concurrent.ThreadPoolExecutor$Worker.run(ThreadPoolExecutor.java:624)&#10;        at java.lang.Thread.run(Thread.java:748)&#10;&quot;pool-56-thread-13&quot;  prio=5 tid=540 in Object.wait()&#10;java.lang.Thread.State: WAITING (on object monitor)&#10;        at sun.misc.Unsafe.park(Native Method)&#10;        at java.util.concurrent.locks.LockSupport.park(LockSupport.java:175)&#10;        at java.util.concurrent.locks.AbstractQueuedSynchronizer$ConditionObject.await(AbstractQueuedSynchronizer.java:2039)&#10;        at java.util.concurrent.ArrayBlockingQueue.take(ArrayBlockingQueue.java:403)&#10;        at java.util.concurrent.ThreadPoolExecutor.getTask(ThreadPoolExecutor.java:1074)&#10;        at java.util.concurrent.ThreadPoolExecutor.runWorker(ThreadPoolExecutor.java:1134)&#10;        at java.util.concurrent.ThreadPoolExecutor$Worker.run(ThreadPoolExecutor.java:624)&#10;        at java.lang.Thread.run(Thread.java:748)&#10;&quot;pool-76-thread-25&quot;  prio=5 tid=676 in Object.wait()&#10;java.lang.Thread.State: WAITING (on object monitor)&#10;        at sun.misc.Unsafe.park(Native Method)&#10;        at java.util.concurrent.locks.LockSupport.park(LockSupport.java:175)&#10;        at java.util.concurrent.locks.AbstractQueuedSynchronizer$ConditionObject.await(AbstractQueuedSynchronizer.java:2039)&#10;        at java.util.concurrent.ArrayBlockingQueue.take(ArrayBlockingQueue.java:403)&#10;        at java.util.concurrent.ThreadPoolExecutor.getTask(ThreadPoolExecutor.java:1074)&#10;        at java.util.concurrent.ThreadPoolExecutor.runWorker(ThreadPoolExecutor.java:1134)&#10;        at java.util.concurrent.ThreadPoolExecutor$Worker.run(ThreadPoolExecutor.java:624)&#10;        at java.lang.Thread.run(Thread.java:748)&#10;&quot;BlockDeletingService#2&quot; daemon prio=5 tid=1159 timed_waiting&#10;java.lang.Thread.State: TIMED_WAITING&#10;        at sun.misc.Unsafe.park(Native Method)&#10;        at java.util.concurrent.locks.LockSupport.parkNanos(LockSupport.java:215)&#10;        at java.util.concurrent.locks.AbstractQueuedSynchronizer$ConditionObject.awaitNanos(AbstractQueuedSynchronizer.java:2078)&#10;        at java.util.concurrent.ScheduledThreadPoolExecutor$DelayedWorkQueue.take(ScheduledThreadPoolExecutor.java:1093)&#10;        at java.util.concurrent.ScheduledThreadPoolExecutor$DelayedWorkQueue.take(ScheduledThreadPoolExecutor.java:809)&#10;        at java.util.concurrent.ThreadPoolExecutor.getTask(ThreadPoolExecutor.java:1074)&#10;        at java.util.concurrent.ThreadPoolExecutor.runWorker(ThreadPoolExecutor.java:1134)&#10;        at java.util.concurrent.ThreadPoolExecutor$Worker.run(ThreadPoolExecutor.java:624)&#10;        at java.lang.Thread.run(Thread.java:748)&#10;&quot;grpc-default-worker-ELG-3-2&quot; daemon prio=5 tid=787 runnable&#10;java.lang.Thread.State: RUNNABLE&#10;        at sun.nio.ch.EPollArrayWrapper.epollWait(Native Method)&#10;        at sun.nio.ch.EPollArrayWrapper.poll(EPollArrayWrapper.java:269)&#10;        at sun.nio.ch.EPollSelectorImpl.doSelect(EPollSelectorImpl.java:93)&#10;        at sun.nio.ch.SelectorImpl.lockAndDoSelect(SelectorImpl.java:86)&#10;        at sun.nio.ch.SelectorImpl.select(SelectorImpl.java:97)&#10;        at org.apache.ratis.thirdparty.io.netty.channel.nio.SelectedSelectionKeySetSelector.select(SelectedSelectionKeySetSelector.java:62)&#10;        at org.apache.ratis.thirdparty.io.netty.channel.nio.NioEventLoop.select(NioEventLoop.java:753)&#10;        at org.apache.ratis.thirdparty.io.netty.channel.nio.NioEventLoop.run(NioEventLoop.java:408)&#10;        at org.apache.ratis.thirdparty.io.netty.util.concurrent.SingleThreadEventExecutor$5.run(SingleThreadEventExecutor.java:897)&#10;        at org.apache.ratis.thirdparty.io.netty.util.concurrent.FastThreadLocalRunnable.run(FastThreadLocalRunnable.java:30)&#10;        at java.lang.Thread.run(Thread.java:748)&#10;&quot;pool-26-thread-59&quot;  prio=5 tid=399 in Object.wait()&#10;java.lang.Thread.State: WAITING (on object monitor)&#10;        at sun.misc.Unsafe.park(Native Method)&#10;        at java.util.concurrent.locks.LockSupport.park(LockSupport.java:175)&#10;        at java.util.concurrent.locks.AbstractQueuedSynchronizer$ConditionObject.await(AbstractQueuedSynchronizer.java:2039)&#10;        at java.util.concurrent.ArrayBlockingQueue.take(ArrayBlockingQueue.java:403)&#10;        at java.util.concurrent.ThreadPoolExecutor.getTask(ThreadPoolExecutor.java:1074)&#10;        at java.util.concurrent.ThreadPoolExecutor.runWorker(ThreadPoolExecutor.java:1134)&#10;        at java.util.concurrent.ThreadPoolExecutor$Worker.run(ThreadPoolExecutor.java:624)&#10;        at java.lang.Thread.run(Thread.java:748)&#10;&quot;Periodic HDDS volume checker&quot;  prio=5 tid=314 timed_waiting&#10;java.lang.Thread.State: TIMED_WAITING&#10;        at sun.misc.Unsafe.park(Native Method)&#10;        at java.util.concurrent.locks.LockSupport.parkNanos(LockSupport.java:215)&#10;        at java.util.concurrent.locks.AbstractQueuedSynchronizer$ConditionObject.awaitNanos(AbstractQueuedSynchronizer.java:2078)&#10;        at java.util.concurrent.ScheduledThreadPoolExecutor$DelayedWorkQueue.take(ScheduledThreadPoolExecutor.java:1093)&#10;        at java.util.concurrent.ScheduledThreadPoolExecutor$DelayedWorkQueue.take(ScheduledThreadPoolExecutor.java:809)&#10;        at java.util.concurrent.ThreadPoolExecutor.getTask(ThreadPoolExecutor.java:1074)&#10;        at java.util.concurrent.ThreadPoolExecutor.runWorker(ThreadPoolExecutor.java:1134)&#10;        at java.util.concurrent.ThreadPoolExecutor$Worker.run(ThreadPoolExecutor.java:624)&#10;        at java.lang.Thread.run(Thread.java:748)&#10;&quot;pool-66-thread-47&quot;  prio=5 tid=636 in Object.wait()&#10;java.lang.Thread.State: WAITING (on object monitor)&#10;        at sun.misc.Unsafe.park(Native Method)&#10;        at java.util.concurrent.locks.LockSupport.park(LockSupport.java:175)&#10;        at java.util.concurrent.locks.AbstractQueuedSynchronizer$ConditionObject.await(AbstractQueuedSynchronizer.java:2039)&#10;        at java.util.concurrent.ArrayBlockingQueue.take(ArrayBlockingQueue.java:403)&#10;        at java.util.concurrent.ThreadPoolExecutor.getTask(ThreadPoolExecutor.java:1074)&#10;        at java.util.concurrent.ThreadPoolExecutor.runWorker(ThreadPoolExecutor.java:1134)&#10;        at java.util.concurrent.ThreadPoolExecutor$Worker.run(ThreadPoolExecutor.java:624)&#10;        at java.lang.Thread.run(Thread.java:748)&#10;&quot;BlockDeletingService#6&quot; daemon prio=5 tid=2053 in Object.wait()&#10;java.lang.Thread.State: WAITING (on object monitor)&#10;        at sun.misc.Unsafe.park(Native Method)&#10;        at java.util.concurrent.locks.LockSupport.park(LockSupport.java:175)&#10;        at java.util.concurrent.locks.AbstractQueuedSynchronizer$ConditionObject.await(AbstractQueuedSynchronizer.java:2039)&#10;        at java.util.concurrent.ScheduledThreadPoolExecutor$DelayedWorkQueue.take(ScheduledThreadPoolExecutor.java:1088)&#10;        at java.util.concurrent.ScheduledThreadPoolExecutor$DelayedWorkQueue.take(ScheduledThreadPoolExecutor.java:809)&#10;        at java.util.concurrent.ThreadPoolExecutor.getTask(ThreadPoolExecutor.java:1074)&#10;        at java.util.concurrent.ThreadPoolExecutor.runWorker(ThreadPoolExecutor.java:1134)&#10;        at java.util.concurrent.ThreadPoolExecutor$Worker.run(ThreadPoolExecutor.java:624)&#10;        at java.lang.Thread.run(Thread.java:748)&#10;&quot;pool-26-thread-13&quot;  prio=5 tid=353 in Object.wait()&#10;java.lang.Thread.State: WAITING (on object monitor)&#10;        at sun.misc.Unsafe.park(Native Method)&#10;        at java.util.concurrent.locks.LockSupport.park(LockSupport.java:175)&#10;        at java.util.concurrent.locks.AbstractQueuedSynchronizer$ConditionObject.await(AbstractQueuedSynchronizer.java:2039)&#10;        at java.util.concurrent.ArrayBlockingQueue.take(ArrayBlockingQueue.java:403)&#10;        at java.util.concurrent.ThreadPoolExecutor.getTask(ThreadPoolExecutor.java:1074)&#10;        at java.util.concurrent.ThreadPoolExecutor.runWorker(ThreadPoolExecutor.java:1134)&#10;        at java.util.concurrent.ThreadPoolExecutor$Worker.run(ThreadPoolExecutor.java:624)&#10;        at java.lang.Thread.run(Thread.java:748)&#10;&quot;pool-46-thread-53&quot;  prio=5 tid=513 in Object.wait()&#10;java.lang.Thread.State: WAITING (on object monitor)&#10;        at sun.misc.Unsafe.park(Native Method)&#10;        at java.util.concurrent.locks.LockSupport.park(LockSupport.java:175)&#10;        at java.util.concurrent.locks.AbstractQueuedSynchronizer$ConditionObject.await(AbstractQueuedSynchronizer.java:2039)&#10;        at java.util.concurrent.ArrayBlockingQueue.take(ArrayBlockingQueue.java:403)&#10;        at java.util.concurrent.ThreadPoolExecutor.getTask(ThreadPoolExecutor.java:1074)&#10;        at java.util.concurrent.ThreadPoolExecutor.runWorker(ThreadPoolExecutor.java:1134)&#10;        at java.util.concurrent.ThreadPoolExecutor$Worker.run(ThreadPoolExecutor.java:624)&#10;        at java.lang.Thread.run(Thread.java:748)&#10;&quot;org.apache.hadoop.util.JvmPauseMonitor$Monitor@50d901ba&quot; daemon prio=5 tid=230 timed_waiting&#10;java.lang.Thread.State: TIMED_WAITING&#10;        at java.lang.Thread.sleep(Native Method)&#10;        at org.apache.hadoop.util.JvmPauseMonitor$Monitor.run(JvmPauseMonitor.java:192)&#10;        at java.lang.Thread.run(Thread.java:748)&#10;&quot;pool-46-thread-56&quot;  prio=5 tid=516 in Object.wait()&#10;java.lang.Thread.State: WAITING (on object monitor)&#10;        at sun.misc.Unsafe.park(Native Method)&#10;        at java.util.concurrent.locks.LockSupport.park(LockSupport.java:175)&#10;        at java.util.concurrent.locks.AbstractQueuedSynchronizer$ConditionObject.await(AbstractQueuedSynchronizer.java:2039)&#10;        at java.util.concurrent.ArrayBlockingQueue.take(ArrayBlockingQueue.java:403)&#10;        at java.util.concurrent.ThreadPoolExecutor.getTask(ThreadPoolExecutor.java:1074)&#10;        at java.util.concurrent.ThreadPoolExecutor.runWorker(ThreadPoolExecutor.java:1134)&#10;        at java.util.concurrent.ThreadPoolExecutor$Worker.run(ThreadPoolExecutor.java:624)&#10;        at java.lang.Thread.run(Thread.java:748)&#10;&quot;RatisApplyTransactionExecutor 4&quot; daemon prio=5 tid=3690 in Object.wait()&#10;java.lang.Thread.State: WAITING (on object monitor)&#10;        at sun.misc.Unsafe.park(Native Method)&#10;        at java.util.concurrent.locks.LockSupport.park(LockSupport.java:175)&#10;        at java.util.concurrent.locks.AbstractQueuedSynchronizer$ConditionObject.await(AbstractQueuedSynchronizer.java:2039)&#10;        at java.util.concurrent.LinkedBlockingQueue.take(LinkedBlockingQueue.java:442)&#10;        at java.util.concurrent.ThreadPoolExecutor.getTask(ThreadPoolExecutor.java:1074)&#10;        at java.util.concurrent.ThreadPoolExecutor.runWorker(ThreadPoolExecutor.java:1134)&#10;        at java.util.concurrent.ThreadPoolExecutor$Worker.run(ThreadPoolExecutor.java:624)&#10;        at java.lang.Thread.run(Thread.java:748)&#10;&quot;pool-36-thread-32&quot;  prio=5 tid=432 in Object.wait()&#10;java.lang.Thread.State: WAITING (on object monitor)&#10;        at sun.misc.Unsafe.park(Native Method)&#10;        at java.util.concurrent.locks.LockSupport.park(LockSupport.java:175)&#10;        at java.util.concurrent.locks.AbstractQueuedSynchronizer$ConditionObject.await(AbstractQueuedSynchronizer.java:2039)&#10;        at java.util.concurrent.ArrayBlockingQueue.take(ArrayBlockingQueue.java:403)&#10;        at java.util.concurrent.ThreadPoolExecutor.getTask(ThreadPoolExecutor.java:1074)&#10;        at java.util.concurrent.ThreadPoolExecutor.runWorker(ThreadPoolExecutor.java:1134)&#10;        at java.util.concurrent.ThreadPoolExecutor$Worker.run(ThreadPoolExecutor.java:624)&#10;        at java.lang.Thread.run(Thread.java:748)&#10;&quot;Datanode State Machine Thread - 0&quot; daemon prio=5 tid=285 timed_waiting&#10;java.lang.Thread.State: TIMED_WAITING&#10;        at sun.misc.Unsafe.park(Native Method)&#10;        at java.util.concurrent.locks.LockSupport.parkNanos(LockSupport.java:215)&#10;        at java.util.concurrent.SynchronousQueue$TransferStack.awaitFulfill(SynchronousQueue.java:460)&#10;        at java.util.concurrent.SynchronousQueue$TransferStack.transfer(SynchronousQueue.java:362)&#10;        at java.util.concurrent.SynchronousQueue.poll(SynchronousQueue.java:941)&#10;        at java.util.concurrent.ThreadPoolExecutor.getTask(ThreadPoolExecutor.java:1073)&#10;        at java.util.concurrent.ThreadPoolExecutor.runWorker(ThreadPoolExecutor.java:1134)&#10;        at java.util.concurrent.ThreadPoolExecutor$Worker.run(ThreadPoolExecutor.java:624)&#10;        at java.lang.Thread.run(Thread.java:748)&#10;&quot;pool-86-thread-51&quot;  prio=5 tid=764 in Object.wait()&#10;java.lang.Thread.State: WAITING (on object monitor)&#10;        at sun.misc.Unsafe.park(Native Method)&#10;        at java.util.concurrent.locks.LockSupport.park(LockSupport.java:175)&#10;        at java.util.concurrent.locks.AbstractQueuedSynchronizer$ConditionObject.await(AbstractQueuedSynchronizer.java:2039)&#10;        at java.util.concurrent.ArrayBlockingQueue.take(ArrayBlockingQueue.java:403)&#10;        at java.util.concurrent.ThreadPoolExecutor.getTask(ThreadPoolExecutor.java:1074)&#10;        at java.util.concurrent.ThreadPoolExecutor.runWorker(ThreadPoolExecutor.java:1134)&#10;        at java.util.concurrent.ThreadPoolExecutor$Worker.run(ThreadPoolExecutor.java:624)&#10;        at java.lang.Thread.run(Thread.java:748)&#10;&quot;BlockDeletingService#0&quot; daemon prio=5 tid=523 in Object.wait()&#10;java.lang.Thread.State: WAITING (on object monitor)&#10;        at sun.misc.Unsafe.park(Native Method)&#10;        at java.util.concurrent.locks.LockSupport.park(LockSupport.java:175)&#10;        at java.util.concurrent.locks.AbstractQueuedSynchronizer$ConditionObject.await(AbstractQueuedSynchronizer.java:2039)&#10;        at java.util.concurrent.ScheduledThreadPoolExecutor$DelayedWorkQueue.take(ScheduledThreadPoolExecutor.java:1088)&#10;        at java.util.concurrent.ScheduledThreadPoolExecutor$DelayedWorkQueue.take(ScheduledThreadPoolExecutor.java:809)&#10;        at java.util.concurrent.ThreadPoolExecutor.getTask(ThreadPoolExecutor.java:1074)&#10;        at java.util.concurrent.ThreadPoolExecutor.runWorker(ThreadPoolExecutor.java:1134)&#10;        at java.util.concurrent.ThreadPoolExecutor$Worker.run(ThreadPoolExecutor.java:624)&#10;        at java.lang.Thread.run(Thread.java:748)&#10;&quot;pool-26-thread-57&quot;  prio=5 tid=397 in Object.wait()&#10;java.lang.Thread.State: WAITING (on object monitor)&#10;        at sun.misc.Unsafe.park(Native Method)&#10;        at java.util.concurrent.locks.LockSupport.park(LockSupport.java:175)&#10;        at java.util.concurrent.locks.AbstractQueuedSynchronizer$ConditionObject.await(AbstractQueuedSynchronizer.java:2039)&#10;        at java.util.concurrent.ArrayBlockingQueue.take(ArrayBlockingQueue.java:403)&#10;        at java.util.concurrent.ThreadPoolExecutor.getTask(ThreadPoolExecutor.java:1074)&#10;        at java.util.concurrent.ThreadPoolExecutor.runWorker(ThreadPoolExecutor.java:1134)&#10;        at java.util.concurrent.ThreadPoolExecutor$Worker.run(ThreadPoolExecutor.java:624)&#10;        at java.lang.Thread.run(Thread.java:748)&#10;&quot;pool-86-thread-13&quot;  prio=5 tid=726 in Object.wait()&#10;java.lang.Thread.State: WAITING (on object monitor)&#10;        at sun.misc.Unsafe.park(Native Method)&#10;        at java.util.concurrent.locks.LockSupport.park(LockSupport.java:175)&#10;        at java.util.concurrent.locks.AbstractQueuedSynchronizer$ConditionObject.await(AbstractQueuedSynchronizer.java:2039)&#10;        at java.util.concurrent.ArrayBlockingQueue.take(ArrayBlockingQueue.java:403)&#10;        at java.util.concurrent.ThreadPoolExecutor.getTask(ThreadPoolExecutor.java:1074)&#10;        at java.util.concurrent.ThreadPoolExecutor.runWorker(ThreadPoolExecutor.java:1134)&#10;        at java.util.concurrent.ThreadPoolExecutor$Worker.run(ThreadPoolExecutor.java:624)&#10;        at java.lang.Thread.run(Thread.java:748)&#10;&quot;BlockDeletingService#9&quot; daemon prio=5 tid=2742 in Object.wait()&#10;java.lang.Thread.State: WAITING (on object monitor)&#10;        at sun.misc.Unsafe.park(Native Method)&#10;        at java.util.concurrent.locks.LockSupport.park(LockSupport.java:175)&#10;        at java.util.concurrent.locks.AbstractQueuedSynchronizer$ConditionObject.await(AbstractQueuedSynchronizer.java:2039)&#10;        at java.util.concurrent.ScheduledThreadPoolExecutor$DelayedWorkQueue.take(ScheduledThreadPoolExecutor.java:1088)&#10;        at java.util.concurrent.ScheduledThreadPoolExecutor$DelayedWorkQueue.take(ScheduledThreadPoolExecutor.java:809)&#10;        at java.util.concurrent.ThreadPoolExecutor.getTask(ThreadPoolExecutor.java:1074)&#10;        at java.util.concurrent.ThreadPoolExecutor.runWorker(ThreadPoolExecutor.java:1134)&#10;        at java.util.concurrent.ThreadPoolExecutor$Worker.run(ThreadPoolExecutor.java:624)&#10;        at java.lang.Thread.run(Thread.java:748)&#10;&quot;BlockDeletingService#4&quot; daemon prio=5 tid=1459 in Object.wait()&#10;java.lang.Thread.State: WAITING (on object monitor)&#10;        at sun.misc.Unsafe.park(Native Method)&#10;        at java.util.concurrent.locks.LockSupport.park(LockSupport.java:175)&#10;        at java.util.concurrent.locks.AbstractQueuedSynchronizer$ConditionObject.await(AbstractQueuedSynchronizer.java:2039)&#10;        at java.util.concurrent.ScheduledThreadPoolExecutor$DelayedWorkQueue.take(ScheduledThreadPoolExecutor.java:1088)&#10;        at java.util.concurrent.ScheduledThreadPoolExecutor$DelayedWorkQueue.take(ScheduledThreadPoolExecutor.java:809)&#10;        at java.util.concurrent.ThreadPoolExecutor.getTask(ThreadPoolExecutor.java:1074)&#10;        at java.util.concurrent.ThreadPoolExecutor.runWorker(ThreadPoolExecutor.java:1134)&#10;        at java.util.concurrent.ThreadPoolExecutor$Worker.run(ThreadPoolExecutor.java:624)&#10;        at java.lang.Thread.run(Thread.java:748)&#10;&quot;f3263f9a-ef6c-4ff4-a6b2-5a62e946b753@group-5B52E8B6CC20-StateMachineUpdater&quot; daemon prio=5 tid=3740 in Object.wait()&#10;java.lang.Thread.State: WAITING (on object monitor)&#10;        at java.lang.Object.wait(Native Method)&#10;        at java.lang.Object.wait(Object.java:502)&#10;        at org.apache.ratis.server.impl.StateMachineUpdater.waitForCommit(StateMachineUpdater.java:183)&#10;        at org.apache.ratis.server.impl.StateMachineUpdater.run(StateMachineUpdater.java:148)&#10;        at java.lang.Thread.run(Thread.java:748)&#10;&quot;qtp978035840-143&quot; daemon prio=5 tid=143 timed_waiting&#10;java.lang.Thread.State: TIMED_WAITING&#10;        at sun.misc.Unsafe.park(Native Method)&#10;        at java.util.concurrent.locks.LockSupport.parkNanos(LockSupport.java:215)&#10;        at java.util.concurrent.locks.AbstractQueuedSynchronizer$ConditionObject.awaitNanos(AbstractQueuedSynchronizer.java:2078)&#10;        at org.eclipse.jetty.util.BlockingArrayQueue.poll(BlockingArrayQueue.java:392)&#10;        at org.eclipse.jetty.util.thread.QueuedThreadPool.idleJobPoll(QueuedThreadPool.java:563)&#10;        at org.eclipse.jetty.util.thread.QueuedThreadPool.access$800(QueuedThreadPool.java:48)&#10;        at org.eclipse.jetty.util.thread.QueuedThreadPool$2.run(QueuedThreadPool.java:626)&#10;        at java.lang.Thread.run(Thread.java:748)&#10;&quot;pool-40-thread-1&quot;  prio=5 tid=185 timed_waiting&#10;java.lang.Thread.State: TIMED_WAITING&#10;        at sun.misc.Unsafe.park(Native Method)&#10;        at java.util.concurrent.locks.LockSupport.parkNanos(LockSupport.java:215)&#10;        at java.util.concurrent.locks.AbstractQueuedSynchronizer$ConditionObject.awaitNanos(AbstractQueuedSynchronizer.java:2078)&#10;        at java.util.concurrent.ScheduledThreadPoolExecutor$DelayedWorkQueue.take(ScheduledThreadPoolExecutor.java:1093)&#10;        at java.util.concurrent.ScheduledThreadPoolExecutor$DelayedWorkQueue.take(ScheduledThreadPoolExecutor.java:809)&#10;        at java.util.concurrent.ThreadPoolExecutor.getTask(ThreadPoolExecutor.java:1074)&#10;        at java.util.concurrent.ThreadPoolExecutor.runWorker(ThreadPoolExecutor.java:1134)&#10;        at java.util.concurrent.ThreadPoolExecutor$Worker.run(ThreadPoolExecutor.java:624)&#10;        at java.lang.Thread.run(Thread.java:748)&#10;&quot;pool-46-thread-33&quot;  prio=5 tid=493 in Object.wait()&#10;java.lang.Thread.State: WAITING (on object monitor)&#10;        at sun.misc.Unsafe.park(Native Method)&#10;        at java.util.concurrent.locks.LockSupport.park(LockSupport.java:175)&#10;        at java.util.concurrent.locks.AbstractQueuedSynchronizer$ConditionObject.await(AbstractQueuedSynchronizer.java:2039)&#10;        at java.util.concurrent.ArrayBlockingQueue.take(ArrayBlockingQueue.java:403)&#10;        at java.util.concurrent.ThreadPoolExecutor.getTask(ThreadPoolExecutor.java:1074)&#10;        at java.util.concurrent.ThreadPoolExecutor.runWorker(ThreadPoolExecutor.java:1134)&#10;        at java.util.concurrent.ThreadPoolExecutor$Worker.run(ThreadPoolExecutor.java:624)&#10;        at java.lang.Thread.run(Thread.java:748)&#10;&quot;org.eclipse.jetty.server.session.HashSessionManager@6691490cTimer&quot; daemon prio=5 tid=99 timed_waiting&#10;java.lang.Thread.State: TIMED_WAITING&#10;        at sun.misc.Unsafe.park(Native Method)&#10;        at java.util.concurrent.locks.LockSupport.parkNanos(LockSupport.java:215)&#10;        at java.util.concurrent.locks.AbstractQueuedSynchronizer$ConditionObject.awaitNanos(AbstractQueuedSynchronizer.java:2078)&#10;        at java.util.concurrent.ScheduledThreadPoolExecutor$DelayedWorkQueue.take(ScheduledThreadPoolExecutor.java:1093)&#10;        at java.util.concurrent.ScheduledThreadPoolExecutor$DelayedWorkQueue.take(ScheduledThreadPoolExecutor.java:809)&#10;        at java.util.concurrent.ThreadPoolExecutor.getTask(ThreadPoolExecutor.java:1074)&#10;        at java.util.concurrent.ThreadPoolExecutor.runWorker(ThreadPoolExecutor.java:1134)&#10;        at java.util.concurrent.ThreadPoolExecutor$Worker.run(ThreadPoolExecutor.java:624)&#10;        at java.lang.Thread.run(Thread.java:748)&#10;&quot;org.apache.hadoop.util.JvmPauseMonitor$Monitor@791b41e1&quot; daemon prio=5 tid=203 timed_waiting&#10;java.lang.Thread.State: TIMED_WAITING&#10;        at java.lang.Thread.sleep(Native Method)&#10;        at org.apache.hadoop.util.JvmPauseMonitor$Monitor.run(JvmPauseMonitor.java:192)&#10;        at java.lang.Thread.run(Thread.java:748)&#10;&quot;pool-86-thread-45&quot;  prio=5 tid=758 in Object.wait()&#10;java.lang.Thread.State: WAITING (on object monitor)&#10;        at sun.misc.Unsafe.park(Native Method)&#10;        at java.util.concurrent.locks.LockSupport.park(LockSupport.java:175)&#10;        at java.util.concurrent.locks.AbstractQueuedSynchronizer$ConditionObject.await(AbstractQueuedSynchronizer.java:2039)&#10;        at java.util.concurrent.ArrayBlockingQueue.take(ArrayBlockingQueue.java:403)&#10;        at java.util.concurrent.ThreadPoolExecutor.getTask(ThreadPoolExecutor.java:1074)&#10;        at java.util.concurrent.ThreadPoolExecutor.runWorker(ThreadPoolExecutor.java:1134)&#10;        at java.util.concurrent.ThreadPoolExecutor$Worker.run(ThreadPoolExecutor.java:624)&#10;        at java.lang.Thread.run(Thread.java:748)&#10;&quot;pool-114-thread-1&quot;  prio=5 tid=4128 in Object.wait()&#10;java.lang.Thread.State: WAITING (on object monitor)&#10;        at sun.misc.Unsafe.park(Native Method)&#10;        at java.util.concurrent.locks.LockSupport.park(LockSupport.java:175)&#10;        at java.util.concurrent.locks.AbstractQueuedSynchronizer$ConditionObject.await(AbstractQueuedSynchronizer.java:2039)&#10;        at java.util.concurrent.LinkedBlockingQueue.take(LinkedBlockingQueue.java:442)&#10;        at java.util.concurrent.ThreadPoolExecutor.getTask(ThreadPoolExecutor.java:1074)&#10;        at java.util.concurrent.ThreadPoolExecutor.runWorker(ThreadPoolExecutor.java:1134)&#10;        at java.util.concurrent.ThreadPoolExecutor$Worker.run(ThreadPoolExecutor.java:624)&#10;        at java.lang.Thread.run(Thread.java:748)&#10;&quot;BlockDeletingService#6&quot; daemon prio=5 tid=2041 in Object.wait()&#10;java.lang.Thread.State: WAITING (on object monitor)&#10;        at sun.misc.Unsafe.park(Native Method)&#10;        at java.util.concurrent.locks.LockSupport.park(LockSupport.java:175)&#10;        at java.util.concurrent.locks.AbstractQueuedSynchronizer$ConditionObject.await(AbstractQueuedSynchronizer.java:2039)&#10;        at java.util.concurrent.ScheduledThreadPoolExecutor$DelayedWorkQueue.take(ScheduledThreadPoolExecutor.java:1088)&#10;        at java.util.concurrent.ScheduledThreadPoolExecutor$DelayedWorkQueue.take(ScheduledThreadPoolExecutor.java:809)&#10;        at java.util.concurrent.ThreadPoolExecutor.getTask(ThreadPoolExecutor.java:1074)&#10;        at java.util.concurrent.ThreadPoolExecutor.runWorker(ThreadPoolExecutor.java:1134)&#10;        at java.util.concurrent.ThreadPoolExecutor$Worker.run(ThreadPoolExecutor.java:624)&#10;        at java.lang.Thread.run(Thread.java:748)&#10;&quot;2d4da40c-dd43-4554-9707-f6503cf38c80@group-5B52E8B6CC20-StateMachineUpdater&quot; daemon prio=5 tid=3736 in Object.wait()&#10;java.lang.Thread.State: WAITING (on object monitor)&#10;        at java.lang.Object.wait(Native Method)&#10;        at java.lang.Object.wait(Object.java:502)&#10;        at org.apache.ratis.server.impl.StateMachineUpdater.waitForCommit(StateMachineUpdater.java:183)&#10;        at org.apache.ratis.server.impl.StateMachineUpdater.run(StateMachineUpdater.java:148)&#10;        at java.lang.Thread.run(Thread.java:748)&#10;&quot;SCMBlockDeletingService#1&quot; daemon prio=5 tid=102 in Object.wait()&#10;java.lang.Thread.State: WAITING (on object monitor)&#10;        at sun.misc.Unsafe.park(Native Method)&#10;        at java.util.concurrent.locks.LockSupport.park(LockSupport.java:175)&#10;        at java.util.concurrent.locks.AbstractQueuedSynchronizer$ConditionObject.await(AbstractQueuedSynchronizer.java:2039)&#10;        at java.util.concurrent.ScheduledThreadPoolExecutor$DelayedWorkQueue.take(ScheduledThreadPoolExecutor.java:1088)&#10;        at java.util.concurrent.ScheduledThreadPoolExecutor$DelayedWorkQueue.take(ScheduledThreadPoolExecutor.java:809)&#10;        at java.util.concurrent.ThreadPoolExecutor.getTask(ThreadPoolExecutor.java:1074)&#10;        at java.util.concurrent.ThreadPoolExecutor.runWorker(ThreadPoolExecutor.java:1134)&#10;        at java.util.concurrent.ThreadPoolExecutor$Worker.run(ThreadPoolExecutor.java:624)&#10;        at java.lang.Thread.run(Thread.java:748)&#10;&quot;pool-66-thread-49&quot;  prio=5 tid=638 in Object.wait()&#10;java.lang.Thread.State: WAITING (on object monitor)&#10;        at sun.misc.Unsafe.park(Native Method)&#10;        at java.util.concurrent.locks.LockSupport.park(LockSupport.java:175)&#10;        at java.util.concurrent.locks.AbstractQueuedSynchronizer$ConditionObject.await(AbstractQueuedSynchronizer.java:2039)&#10;        at java.util.concurrent.ArrayBlockingQueue.take(ArrayBlockingQueue.java:403)&#10;        at java.util.concurrent.ThreadPoolExecutor.getTask(ThreadPoolExecutor.java:1074)&#10;        at java.util.concurrent.ThreadPoolExecutor.runWorker(ThreadPoolExecutor.java:1134)&#10;        at java.util.concurrent.ThreadPoolExecutor$Worker.run(ThreadPoolExecutor.java:624)&#10;        at java.lang.Thread.run(Thread.java:748)&#10;&quot;qtp729375394-301&quot; daemon prio=5 tid=301 timed_waiting&#10;java.lang.Thread.State: TIMED_WAITING&#10;        at sun.misc.Unsafe.park(Native Method)&#10;        at java.util.concurrent.locks.LockSupport.parkNanos(LockSupport.java:215)&#10;        at java.util.concurrent.locks.AbstractQueuedSynchronizer$ConditionObject.awaitNanos(AbstractQueuedSynchronizer.java:2078)&#10;        at org.eclipse.jetty.util.BlockingArrayQueue.poll(BlockingArrayQueue.java:392)&#10;        at org.eclipse.jetty.util.thread.QueuedThreadPool.idleJobPoll(QueuedThreadPool.java:563)&#10;        at org.eclipse.jetty.util.thread.QueuedThreadPool.access$800(QueuedThreadPool.java:48)&#10;        at org.eclipse.jetty.util.thread.QueuedThreadPool$2.run(QueuedThreadPool.java:626)&#10;        at java.lang.Thread.run(Thread.java:748)&#10;&quot;IPC Server handler 0 on 40610&quot; daemon prio=5 tid=115 timed_waiting&#10;java.lang.Thread.State: TIMED_WAITING&#10;        at sun.misc.Unsafe.park(Native Method)&#10;        at java.util.concurrent.locks.LockSupport.parkNanos(LockSupport.java:215)&#10;        at java.util.concurrent.locks.AbstractQueuedSynchronizer$ConditionObject.awaitNanos(AbstractQueuedSynchronizer.java:2078)&#10;        at java.util.concurrent.LinkedBlockingQueue.poll(LinkedBlockingQueue.java:467)&#10;        at org.apache.hadoop.ipc.CallQueueManager.take(CallQueueManager.java:288)&#10;        at org.apache.hadoop.ipc.Server$Handler.run(Server.java:2668)&#10;&quot;qtp729375394-296&quot; daemon prio=5 tid=296 timed_waiting&#10;java.lang.Thread.State: TIMED_WAITING&#10;        at sun.misc.Unsafe.park(Native Method)&#10;        at java.util.concurrent.locks.LockSupport.parkNanos(LockSupport.java:215)&#10;        at java.util.concurrent.locks.AbstractQueuedSynchronizer$ConditionObject.awaitNanos(AbstractQueuedSynchronizer.java:2078)&#10;        at org.eclipse.jetty.util.BlockingArrayQueue.poll(BlockingArrayQueue.java:392)&#10;        at org.eclipse.jetty.util.thread.QueuedThreadPool.idleJobPoll(QueuedThreadPool.java:563)&#10;        at org.eclipse.jetty.util.thread.QueuedThreadPool.access$800(QueuedThreadPool.java:48)&#10;        at org.eclipse.jetty.util.thread.QueuedThreadPool$2.run(QueuedThreadPool.java:626)&#10;        at java.lang.Thread.run(Thread.java:748)&#10;&quot;pool-56-thread-7&quot;  prio=5 tid=534 in Object.wait()&#10;java.lang.Thread.State: WAITING (on object monitor)&#10;        at sun.misc.Unsafe.park(Native Method)&#10;        at java.util.concurrent.locks.LockSupport.park(LockSupport.java:175)&#10;        at java.util.concurrent.locks.AbstractQueuedSynchronizer$ConditionObject.await(AbstractQueuedSynchronizer.java:2039)&#10;        at java.util.concurrent.ArrayBlockingQueue.take(ArrayBlockingQueue.java:403)&#10;        at java.util.concurrent.ThreadPoolExecutor.getTask(ThreadPoolExecutor.java:1074)&#10;        at java.util.concurrent.ThreadPoolExecutor.runWorker(ThreadPoolExecutor.java:1134)&#10;        at java.util.concurrent.ThreadPoolExecutor$Worker.run(ThreadPoolExecutor.java:624)&#10;        at java.lang.Thread.run(Thread.java:748)&#10;&quot;pool-56-thread-54&quot;  prio=5 tid=581 in Object.wait()&#10;java.lang.Thread.State: WAITING (on object monitor)&#10;        at sun.misc.Unsafe.park(Native Method)&#10;        at java.util.concurrent.locks.LockSupport.park(LockSupport.java:175)&#10;        at java.util.concurrent.locks.AbstractQueuedSynchronizer$ConditionObject.await(AbstractQueuedSynchronizer.java:2039)&#10;        at java.util.concurrent.ArrayBlockingQueue.take(ArrayBlockingQueue.java:403)&#10;        at java.util.concurrent.ThreadPoolExecutor.getTask(ThreadPoolExecutor.java:1074)&#10;        at java.util.concurrent.ThreadPoolExecutor.runWorker(ThreadPoolExecutor.java:1134)&#10;        at java.util.concurrent.ThreadPoolExecutor$Worker.run(ThreadPoolExecutor.java:624)&#10;        at java.lang.Thread.run(Thread.java:748)&#10;&quot;pool-76-thread-49&quot;  prio=5 tid=700 in Object.wait()&#10;java.lang.Thread.State: WAITING (on object monitor)&#10;        at sun.misc.Unsafe.park(Native Method)&#10;        at java.util.concurrent.locks.LockSupport.park(LockSupport.java:175)&#10;        at java.util.concurrent.locks.AbstractQueuedSynchronizer$ConditionObject.await(AbstractQueuedSynchronizer.java:2039)&#10;        at java.util.concurrent.ArrayBlockingQueue.take(ArrayBlockingQueue.java:403)&#10;        at java.util.concurrent.ThreadPoolExecutor.getTask(ThreadPoolExecutor.java:1074)&#10;        at java.util.concurrent.ThreadPoolExecutor.runWorker(ThreadPoolExecutor.java:1134)&#10;        at java.util.concurrent.ThreadPoolExecutor$Worker.run(ThreadPoolExecutor.java:624)&#10;        at java.lang.Thread.run(Thread.java:748)&#10;&quot;java.util.concurrent.ThreadPoolExecutor$Worker@7387b016[State = -1, empty queue]&quot; daemon prio=5 tid=4125 runnable&#10;java.lang.Thread.State: RUNNABLE&#10;        at java.util.concurrent.ScheduledThreadPoolExecutor$DelayedWorkQueue.poll(ScheduledThreadPoolExecutor.java:809)&#10;        at java.util.concurrent.ThreadPoolExecutor.getTask(ThreadPoolExecutor.java:1073)&#10;        at java.util.concurrent.ThreadPoolExecutor.runWorker(ThreadPoolExecutor.java:1134)&#10;        at java.util.concurrent.ThreadPoolExecutor$Worker.run(ThreadPoolExecutor.java:624)&#10;        at java.lang.Thread.run(Thread.java:748)&#10;&quot;pool-26-thread-22&quot;  prio=5 tid=362 in Object.wait()&#10;java.lang.Thread.State: WAITING (on object monitor)&#10;        at sun.misc.Unsafe.park(Native Method)&#10;        at java.util.concurrent.locks.LockSupport.park(LockSupport.java:175)&#10;        at java.util.concurrent.locks.AbstractQueuedSynchronizer$ConditionObject.await(AbstractQueuedSynchronizer.java:2039)&#10;        at java.util.concurrent.ArrayBlockingQueue.take(ArrayBlockingQueue.java:403)&#10;        at java.util.concurrent.ThreadPoolExecutor.getTask(ThreadPoolExecutor.java:1074)&#10;        at java.util.concurrent.ThreadPoolExecutor.runWorker(ThreadPoolExecutor.java:1134)&#10;        at java.util.concurrent.ThreadPoolExecutor$Worker.run(ThreadPoolExecutor.java:624)&#10;        at java.lang.Thread.run(Thread.java:748)&#10;&quot;pool-26-thread-1&quot;  prio=5 tid=341 in Object.wait()&#10;java.lang.Thread.State: WAITING (on object monitor)&#10;        at sun.misc.Unsafe.park(Native Method)&#10;        at java.util.concurrent.locks.LockSupport.park(LockSupport.java:175)&#10;        at java.util.concurrent.locks.AbstractQueuedSynchronizer$ConditionObject.await(AbstractQueuedSynchronizer.java:2039)&#10;        at java.util.concurrent.ArrayBlockingQueue.take(ArrayBlockingQueue.java:403)&#10;        at java.util.concurrent.ThreadPoolExecutor.getTask(ThreadPoolExecutor.java:1074)&#10;        at java.util.concurrent.ThreadPoolExecutor.runWorker(ThreadPoolExecutor.java:1134)&#10;        at java.util.concurrent.ThreadPoolExecutor$Worker.run(ThreadPoolExecutor.java:624)&#10;        at java.lang.Thread.run(Thread.java:748)&#10;&quot;qtp523528914-328&quot; daemon prio=5 tid=328 timed_waiting&#10;java.lang.Thread.State: TIMED_WAITING&#10;        at sun.misc.Unsafe.park(Native Method)&#10;        at java.util.concurrent.locks.LockSupport.parkNanos(LockSupport.java:215)&#10;        at java.util.concurrent.locks.AbstractQueuedSynchronizer$ConditionObject.awaitNanos(AbstractQueuedSynchronizer.java:2078)&#10;        at org.eclipse.jetty.util.BlockingArrayQueue.poll(BlockingArrayQueue.java:392)&#10;        at org.eclipse.jetty.util.thread.QueuedThreadPool.idleJobPoll(QueuedThreadPool.java:563)&#10;        at org.eclipse.jetty.util.thread.QueuedThreadPool.access$800(QueuedThreadPool.java:48)&#10;        at org.eclipse.jetty.util.thread.QueuedThreadPool$2.run(QueuedThreadPool.java:626)&#10;        at java.lang.Thread.run(Thread.java:748)&#10;&quot;refreshUsed-/workdir/hadoop-ozone/integration-test/target/test-dir/MiniOzoneClusterImpl-60a3af6c-3451-4a8a-82ad-625647a1d2f0/datanode-0/data/containers&quot; daemon prio=5 tid=154 timed_waiting&#10;java.lang.Thread.State: TIMED_WAITING&#10;        at java.lang.Thread.sleep(Native Method)&#10;        at org.apache.hadoop.fs.CachingGetSpaceUsed$RefreshThread.run(CachingGetSpaceUsed.java:179)&#10;        at java.lang.Thread.run(Thread.java:748)&#10;&quot;pool-36-thread-26&quot;  prio=5 tid=426 in Object.wait()&#10;java.lang.Thread.State: WAITING (on object monitor)&#10;        at sun.misc.Unsafe.park(Native Method)&#10;        at java.util.concurrent.locks.LockSupport.park(LockSupport.java:175)&#10;        at java.util.concurrent.locks.AbstractQueuedSynchronizer$ConditionObject.await(AbstractQueuedSynchronizer.java:2039)&#10;        at java.util.concurrent.ArrayBlockingQueue.take(ArrayBlockingQueue.java:403)&#10;        at java.util.concurrent.ThreadPoolExecutor.getTask(ThreadPoolExecutor.java:1074)&#10;        at java.util.concurrent.ThreadPoolExecutor.runWorker(ThreadPoolExecutor.java:1134)&#10;        at java.util.concurrent.ThreadPoolExecutor$Worker.run(ThreadPoolExecutor.java:624)&#10;        at java.lang.Thread.run(Thread.java:748)&#10;&quot;org.apache.hadoop.util.JvmPauseMonitor$Monitor@a85aa59&quot; daemon prio=5 tid=311 timed_waiting&#10;java.lang.Thread.State: TIMED_WAITING&#10;        at java.lang.Thread.sleep(Native Method)&#10;        at org.apache.hadoop.util.JvmPauseMonitor$Monitor.run(JvmPauseMonitor.java:192)&#10;        at java.lang.Thread.run(Thread.java:748)&#10;&quot;pool-66-thread-41&quot;  prio=5 tid=630 in Object.wait()&#10;java.lang.Thread.State: WAITING (on object monitor)&#10;        at sun.misc.Unsafe.park(Native Method)&#10;        at java.util.concurrent.locks.LockSupport.park(LockSupport.java:175)&#10;        at java.util.concurrent.locks.AbstractQueuedSynchronizer$ConditionObject.await(AbstractQueuedSynchronizer.java:2039)&#10;        at java.util.concurrent.ArrayBlockingQueue.take(ArrayBlockingQueue.java:403)&#10;        at java.util.concurrent.ThreadPoolExecutor.getTask(ThreadPoolExecutor.java:1074)&#10;        at java.util.concurrent.ThreadPoolExecutor.runWorker(ThreadPoolExecutor.java:1134)&#10;        at java.util.concurrent.ThreadPoolExecutor$Worker.run(ThreadPoolExecutor.java:624)&#10;        at java.lang.Thread.run(Thread.java:748)&#10;&quot;Socket Reader #1 for port 46754&quot;  prio=5 tid=19 runnable&#10;java.lang.Thread.State: RUNNABLE&#10;        at sun.nio.ch.EPollArrayWrapper.epollWait(Native Method)&#10;        at sun.nio.ch.EPollArrayWrapper.poll(EPollArrayWrapper.java:269)&#10;        at sun.nio.ch.EPollSelectorImpl.doSelect(EPollSelectorImpl.java:93)&#10;        at sun.nio.ch.SelectorImpl.lockAndDoSelect(SelectorImpl.java:86)&#10;        at sun.nio.ch.SelectorImpl.select(SelectorImpl.java:97)&#10;        at sun.nio.ch.SelectorImpl.select(SelectorImpl.java:101)&#10;        at org.apache.hadoop.ipc.Server$Listener$Reader.doRunLoop(Server.java:1097)&#10;        at org.apache.hadoop.ipc.Server$Listener$Reader.run(Server.java:1076)&#10;&quot;pool-46-thread-20&quot;  prio=5 tid=480 in Object.wait()&#10;java.lang.Thread.State: WAITING (on object monitor)&#10;        at sun.misc.Unsafe.park(Native Method)&#10;        at java.util.concurrent.locks.LockSupport.park(LockSupport.java:175)&#10;        at java.util.concurrent.locks.AbstractQueuedSynchronizer$ConditionObject.await(AbstractQueuedSynchronizer.java:2039)&#10;        at java.util.concurrent.ArrayBlockingQueue.take(ArrayBlockingQueue.java:403)&#10;        at java.util.concurrent.ThreadPoolExecutor.getTask(ThreadPoolExecutor.java:1074)&#10;        at java.util.concurrent.ThreadPoolExecutor.runWorker(ThreadPoolExecutor.java:1134)&#10;        at java.util.concurrent.ThreadPoolExecutor$Worker.run(ThreadPoolExecutor.java:624)&#10;        at java.lang.Thread.run(Thread.java:748)&#10;&quot;KeyDeletingService#1&quot; daemon prio=5 tid=107 in Object.wait()&#10;java.lang.Thread.State: WAITING (on object monitor)&#10;        at sun.misc.Unsafe.park(Native Method)&#10;        at java.util.concurrent.locks.LockSupport.park(LockSupport.java:175)&#10;        at java.util.concurrent.locks.AbstractQueuedSynchronizer$ConditionObject.await(AbstractQueuedSynchronizer.java:2039)&#10;        at java.util.concurrent.ScheduledThreadPoolExecutor$DelayedWorkQueue.take(ScheduledThreadPoolExecutor.java:1088)&#10;        at java.util.concurrent.ScheduledThreadPoolExecutor$DelayedWorkQueue.take(ScheduledThreadPoolExecutor.java:809)&#10;        at java.util.concurrent.ThreadPoolExecutor.getTask(ThreadPoolExecutor.java:1074)&#10;        at java.util.concurrent.ThreadPoolExecutor.runWorker(ThreadPoolExecutor.java:1134)&#10;        at java.util.concurrent.ThreadPoolExecutor$Worker.run(ThreadPoolExecutor.java:624)&#10;        at java.lang.Thread.run(Thread.java:748)&#10;&quot;pool-36-thread-60&quot;  prio=5 tid=460 in Object.wait()&#10;java.lang.Thread.State: WAITING (on object monitor)&#10;        at sun.misc.Unsafe.park(Native Method)&#10;        at java.util.concurrent.locks.LockSupport.park(LockSupport.java:175)&#10;        at java.util.concurrent.locks.AbstractQueuedSynchronizer$ConditionObject.await(AbstractQueuedSynchronizer.java:2039)&#10;        at java.util.concurrent.ArrayBlockingQueue.take(ArrayBlockingQueue.java:403)&#10;        at java.util.concurrent.ThreadPoolExecutor.getTask(ThreadPoolExecutor.java:1074)&#10;        at java.util.concurrent.ThreadPoolExecutor.runWorker(ThreadPoolExecutor.java:1134)&#10;        at java.util.concurrent.ThreadPoolExecutor$Worker.run(ThreadPoolExecutor.java:624)&#10;        at java.lang.Thread.run(Thread.java:748)&#10;&quot;pool-56-thread-34&quot;  prio=5 tid=561 in Object.wait()&#10;java.lang.Thread.State: WAITING (on object monitor)&#10;        at sun.misc.Unsafe.park(Native Method)&#10;        at java.util.concurrent.locks.LockSupport.park(LockSupport.java:175)&#10;        at java.util.concurrent.locks.AbstractQueuedSynchronizer$ConditionObject.await(AbstractQueuedSynchronizer.java:2039)&#10;        at java.util.concurrent.ArrayBlockingQueue.take(ArrayBlockingQueue.java:403)&#10;        at java.util.concurrent.ThreadPoolExecutor.getTask(ThreadPoolExecutor.java:1074)&#10;        at java.util.concurrent.ThreadPoolExecutor.runWorker(ThreadPoolExecutor.java:1134)&#10;        at java.util.concurrent.ThreadPoolExecutor$Worker.run(ThreadPoolExecutor.java:624)&#10;        at java.lang.Thread.run(Thread.java:748)&#10;&quot;pool-76-thread-13&quot;  prio=5 tid=664 in Object.wait()&#10;java.lang.Thread.State: WAITING (on object monitor)&#10;        at sun.misc.Unsafe.park(Native Method)&#10;        at java.util.concurrent.locks.LockSupport.park(LockSupport.java:175)&#10;        at java.util.concurrent.locks.AbstractQueuedSynchronizer$ConditionObject.await(AbstractQueuedSynchronizer.java:2039)&#10;        at java.util.concurrent.ArrayBlockingQueue.take(ArrayBlockingQueue.java:403)&#10;        at java.util.concurrent.ThreadPoolExecutor.getTask(ThreadPoolExecutor.java:1074)&#10;        at java.util.concurrent.ThreadPoolExecutor.runWorker(ThreadPoolExecutor.java:1134)&#10;        at java.util.concurrent.ThreadPoolExecutor$Worker.run(ThreadPoolExecutor.java:624)&#10;        at java.lang.Thread.run(Thread.java:748)&#10;&quot;Command processor thread&quot; daemon prio=5 tid=202 timed_waiting&#10;java.lang.Thread.State: TIMED_WAITING&#10;        at java.lang.Thread.sleep(Native Method)&#10;        at org.apache.hadoop.ozone.container.common.statemachine.DatanodeStateMachine.lambda$initCommandHandlerThread$1(DatanodeStateMachine.java:439)&#10;        at org.apache.hadoop.ozone.container.common.statemachine.DatanodeStateMachine$$Lambda$137/1719414483.run(Unknown Source)&#10;        at java.lang.Thread.run(Thread.java:748)&#10;&quot;pool-46-thread-22&quot;  prio=5 tid=482 in Object.wait()&#10;java.lang.Thread.State: WAITING (on object monitor)&#10;        at sun.misc.Unsafe.park(Native Method)&#10;        at java.util.concurrent.locks.LockSupport.park(LockSupport.java:175)&#10;        at java.util.concurrent.locks.AbstractQueuedSynchronizer$ConditionObject.await(AbstractQueuedSynchronizer.java:2039)&#10;        at java.util.concurrent.ArrayBlockingQueue.take(ArrayBlockingQueue.java:403)&#10;        at java.util.concurrent.ThreadPoolExecutor.getTask(ThreadPoolExecutor.java:1074)&#10;        at java.util.concurrent.ThreadPoolExecutor.runWorker(ThreadPoolExecutor.java:1134)&#10;        at java.util.concurrent.ThreadPoolExecutor$Worker.run(ThreadPoolExecutor.java:624)&#10;        at java.lang.Thread.run(Thread.java:748)&#10;&quot;Reference Handler&quot; daemon prio=10 tid=2 in Object.wait()&#10;java.lang.Thread.State: WAITING (on object monitor)&#10;        at java.lang.Object.wait(Native Method)&#10;        at java.lang.Object.wait(Object.java:502)&#10;        at java.lang.ref.Reference.tryHandlePending(Reference.java:191)&#10;        at java.lang.ref.Reference$ReferenceHandler.run(Reference.java:153)&#10;&quot;metrics-hadoop-metrics2-reporter-18-thread-1&quot; daemon prio=5 tid=872 timed_waiting&#10;java.lang.Thread.State: TIMED_WAITING&#10;        at sun.misc.Unsafe.park(Native Method)&#10;        at java.util.concurrent.locks.LockSupport.parkNanos(LockSupport.java:215)&#10;        at java.util.concurrent.locks.AbstractQueuedSynchronizer$ConditionObject.awaitNanos(AbstractQueuedSynchronizer.java:2078)&#10;        at java.util.concurrent.ScheduledThreadPoolExecutor$DelayedWorkQueue.take(ScheduledThreadPoolExecutor.java:1093)&#10;        at java.util.concurrent.ScheduledThreadPoolExecutor$DelayedWorkQueue.take(ScheduledThreadPoolExecutor.java:809)&#10;        at java.util.concurrent.ThreadPoolExecutor.getTask(ThreadPoolExecutor.java:1074)&#10;        at java.util.concurrent.ThreadPoolExecutor.runWorker(ThreadPoolExecutor.java:1134)&#10;        at java.util.concurrent.ThreadPoolExecutor$Worker.run(ThreadPoolExecutor.java:624)&#10;        at java.lang.Thread.run(Thread.java:748)&#10;&quot;pool-76-thread-59&quot;  prio=5 tid=710 in Object.wait()&#10;java.lang.Thread.State: WAITING (on object monitor)&#10;        at sun.misc.Unsafe.park(Native Method)&#10;        at java.util.concurrent.locks.LockSupport.park(LockSupport.java:175)&#10;        at java.util.concurrent.locks.AbstractQueuedSynchronizer$ConditionObject.await(AbstractQueuedSynchronizer.java:2039)&#10;        at java.util.concurrent.ArrayBlockingQueue.take(ArrayBlockingQueue.java:403)&#10;        at java.util.concurrent.ThreadPoolExecutor.getTask(ThreadPoolExecutor.java:1074)&#10;        at java.util.concurrent.ThreadPoolExecutor.runWorker(ThreadPoolExecutor.java:1134)&#10;        at java.util.concurrent.ThreadPoolExecutor$Worker.run(ThreadPoolExecutor.java:624)&#10;        at java.lang.Thread.run(Thread.java:748)&#10;&quot;Datanode State Machine Thread - 0&quot; daemon prio=5 tid=197 timed_waiting&#10;java.lang.Thread.State: TIMED_WAITING&#10;        at java.lang.Thread.sleep(Native Method)&#10;        at org.apache.hadoop.ozone.container.common.statemachine.DatanodeStateMachine.start(DatanodeStateMachine.java:191)&#10;        at org.apache.hadoop.ozone.container.common.statemachine.DatanodeStateMachine.lambda$startDaemon$0(DatanodeStateMachine.java:349)&#10;        at org.apache.hadoop.ozone.container.common.statemachine.DatanodeStateMachine$$Lambda$136/1673604690.run(Unknown Source)&#10;        at java.lang.Thread.run(Thread.java:748)&#10;&quot;bd2e206f-69ae-4a0a-8707-c4973b5ce5b7@group-24BD381958D5-SegmentedRaftLogWorker&quot;  prio=5 tid=846 timed_waiting&#10;java.lang.Thread.State: TIMED_WAITING&#10;        at sun.misc.Unsafe.park(Native Method)&#10;        at java.util.concurrent.locks.LockSupport.parkNanos(LockSupport.java:215)&#10;        at java.util.concurrent.locks.AbstractQueuedSynchronizer$ConditionObject.awaitNanos(AbstractQueuedSynchronizer.java:2078)&#10;        at org.apache.ratis.util.DataBlockingQueue.poll(DataBlockingQueue.java:137)&#10;        at org.apache.ratis.server.raftlog.segmented.SegmentedRaftLogWorker.run(SegmentedRaftLogWorker.java:283)&#10;        at java.lang.Thread.run(Thread.java:748)&#10;&quot;refreshUsed-/workdir/hadoop-ozone/integration-test/target/test-dir/MiniOzoneClusterImpl-60a3af6c-3451-4a8a-82ad-625647a1d2f0/datanode-5/data/containers&quot; daemon prio=5 tid=289 timed_waiting&#10;java.lang.Thread.State: TIMED_WAITING&#10;        at java.lang.Thread.sleep(Native Method)&#10;        at org.apache.hadoop.fs.CachingGetSpaceUsed$RefreshThread.run(CachingGetSpaceUsed.java:179)&#10;        at java.lang.Thread.run(Thread.java:748)&#10;&quot;org.eclipse.jetty.server.session.HashSessionManager@4437ac07Timer&quot; daemon prio=5 tid=330 timed_waiting&#10;java.lang.Thread.State: TIMED_WAITING&#10;        at sun.misc.Unsafe.park(Native Method)&#10;        at java.util.concurrent.locks.LockSupport.parkNanos(LockSupport.java:215)&#10;        at java.util.concurrent.locks.AbstractQueuedSynchronizer$ConditionObject.awaitNanos(AbstractQueuedSynchronizer.java:2078)&#10;        at java.util.concurrent.ScheduledThreadPoolExecutor$DelayedWorkQueue.take(ScheduledThreadPoolExecutor.java:1093)&#10;        at java.util.concurrent.ScheduledThreadPoolExecutor$DelayedWorkQueue.take(ScheduledThreadPoolExecutor.java:809)&#10;        at java.util.concurrent.ThreadPoolExecutor.getTask(ThreadPoolExecutor.java:1074)&#10;        at java.util.concurrent.ThreadPoolExecutor.runWorker(ThreadPoolExecutor.java:1134)&#10;        at java.util.concurrent.ThreadPoolExecutor$Worker.run(ThreadPoolExecutor.java:624)&#10;        at java.lang.Thread.run(Thread.java:748)&#10;&quot;pool-76-thread-52&quot;  prio=5 tid=703 in Object.wait()&#10;java.lang.Thread.State: WAITING (on object monitor)&#10;        at sun.misc.Unsafe.park(Native Method)&#10;        at java.util.concurrent.locks.LockSupport.park(LockSupport.java:175)&#10;        at java.util.concurrent.locks.AbstractQueuedSynchronizer$ConditionObject.await(AbstractQueuedSynchronizer.java:2039)&#10;        at java.util.concurrent.ArrayBlockingQueue.take(ArrayBlockingQueue.java:403)&#10;        at java.util.concurrent.ThreadPoolExecutor.getTask(ThreadPoolExecutor.java:1074)&#10;        at java.util.concurrent.ThreadPoolExecutor.runWorker(ThreadPoolExecutor.java:1134)&#10;        at java.util.concurrent.ThreadPoolExecutor$Worker.run(ThreadPoolExecutor.java:624)&#10;        at java.lang.Thread.run(Thread.java:748)&#10;&quot;pool-76-thread-9&quot;  prio=5 tid=660 in Object.wait()&#10;java.lang.Thread.State: WAITING (on object monitor)&#10;        at sun.misc.Unsafe.park(Native Method)&#10;        at java.util.concurrent.locks.LockSupport.park(LockSupport.java:175)&#10;        at java.util.concurrent.locks.AbstractQueuedSynchronizer$ConditionObject.await(AbstractQueuedSynchronizer.java:2039)&#10;        at java.util.concurrent.ArrayBlockingQueue.take(ArrayBlockingQueue.java:403)&#10;        at java.util.concurrent.ThreadPoolExecutor.getTask(ThreadPoolExecutor.java:1074)&#10;        at java.util.concurrent.ThreadPoolExecutor.runWorker(ThreadPoolExecutor.java:1134)&#10;        at java.util.concurrent.ThreadPoolExecutor$Worker.run(ThreadPoolExecutor.java:624)&#10;        at java.lang.Thread.run(Thread.java:748)&#10;&quot;pool-46-thread-10&quot;  prio=5 tid=470 in Object.wait()&#10;java.lang.Thread.State: WAITING (on object monitor)&#10;        at sun.misc.Unsafe.park(Native Method)&#10;        at java.util.concurrent.locks.LockSupport.park(LockSupport.java:175)&#10;        at java.util.concurrent.locks.AbstractQueuedSynchronizer$ConditionObject.await(AbstractQueuedSynchronizer.java:2039)&#10;        at java.util.concurrent.ArrayBlockingQueue.take(ArrayBlockingQueue.java:403)&#10;        at java.util.concurrent.ThreadPoolExecutor.getTask(ThreadPoolExecutor.java:1074)&#10;        at java.util.concurrent.ThreadPoolExecutor.runWorker(ThreadPoolExecutor.java:1134)&#10;        at java.util.concurrent.ThreadPoolExecutor$Worker.run(ThreadPoolExecutor.java:624)&#10;        at java.lang.Thread.run(Thread.java:748)&#10;&quot;EventQueue-IncrementalContainerReportForIncrementalContainerReportHandler&quot; daemon prio=5 tid=995 in Object.wait()&#10;java.lang.Thread.State: WAITING (on object monitor)&#10;        at sun.misc.Unsafe.park(Native Method)&#10;        at java.util.concurrent.locks.LockSupport.park(LockSupport.java:175)&#10;        at java.util.concurrent.locks.AbstractQueuedSynchronizer$ConditionObject.await(AbstractQueuedSynchronizer.java:2039)&#10;        at java.util.concurrent.LinkedBlockingQueue.take(LinkedBlockingQueue.java:442)&#10;        at java.util.concurrent.ThreadPoolExecutor.getTask(ThreadPoolExecutor.java:1074)&#10;        at java.util.concurrent.ThreadPoolExecutor.runWorker(ThreadPoolExecutor.java:1134)&#10;        at java.util.concurrent.ThreadPoolExecutor$Worker.run(ThreadPoolExecutor.java:624)&#10;        at java.lang.Thread.run(Thread.java:748)&#10;&quot;Datanode ReportManager Thread - 2&quot; daemon prio=5 tid=335 in Object.wait()&#10;java.lang.Thread.State: WAITING (on object monitor)&#10;        at sun.misc.Unsafe.park(Native Method)&#10;        at java.util.concurrent.locks.LockSupport.park(LockSupport.java:175)&#10;        at java.util.concurrent.locks.AbstractQueuedSynchronizer$ConditionObject.await(AbstractQueuedSynchronizer.java:2039)&#10;        at java.util.concurrent.ScheduledThreadPoolExecutor$DelayedWorkQueue.take(ScheduledThreadPoolExecutor.java:1088)&#10;        at java.util.concurrent.ScheduledThreadPoolExecutor$DelayedWorkQueue.take(ScheduledThreadPoolExecutor.java:809)&#10;        at java.util.concurrent.ThreadPoolExecutor.getTask(ThreadPoolExecutor.java:1074)&#10;        at java.util.concurrent.ThreadPoolExecutor.runWorker(ThreadPoolExecutor.java:1134)&#10;        at java.util.concurrent.ThreadPoolExecutor$Worker.run(ThreadPoolExecutor.java:624)&#10;        at java.lang.Thread.run(Thread.java:748)&#10;&quot;pool-56-thread-58&quot;  prio=5 tid=585 in Object.wait()&#10;java.lang.Thread.State: WAITING (on object monitor)&#10;        at sun.misc.Unsafe.park(Native Method)&#10;        at java.util.concurrent.locks.LockSupport.park(LockSupport.java:175)&#10;        at java.util.concurrent.locks.AbstractQueuedSynchronizer$ConditionObject.await(AbstractQueuedSynchronizer.java:2039)&#10;        at java.util.concurrent.ArrayBlockingQueue.take(ArrayBlockingQueue.java:403)&#10;        at java.util.concurrent.ThreadPoolExecutor.getTask(ThreadPoolExecutor.java:1074)&#10;        at java.util.concurrent.ThreadPoolExecutor.runWorker(ThreadPoolExecutor.java:1134)&#10;        at java.util.concurrent.ThreadPoolExecutor$Worker.run(ThreadPoolExecutor.java:624)&#10;        at java.lang.Thread.run(Thread.java:748)&#10;&quot;pool-56-thread-29&quot;  prio=5 tid=556 in Object.wait()&#10;java.lang.Thread.State: WAITING (on object monitor)&#10;        at sun.misc.Unsafe.park(Native Method)&#10;        at java.util.concurrent.locks.LockSupport.park(LockSupport.java:175)&#10;        at java.util.concurrent.locks.AbstractQueuedSynchronizer$ConditionObject.await(AbstractQueuedSynchronizer.java:2039)&#10;        at java.util.concurrent.ArrayBlockingQueue.take(ArrayBlockingQueue.java:403)&#10;        at java.util.concurrent.ThreadPoolExecutor.getTask(ThreadPoolExecutor.java:1074)&#10;        at java.util.concurrent.ThreadPoolExecutor.runWorker(ThreadPoolExecutor.java:1134)&#10;        at java.util.concurrent.ThreadPoolExecutor$Worker.run(ThreadPoolExecutor.java:624)&#10;        at java.lang.Thread.run(Thread.java:748)&#10;&quot;pool-86-thread-28&quot;  prio=5 tid=741 in Object.wait()&#10;java.lang.Thread.State: WAITING (on object monitor)&#10;        at sun.misc.Unsafe.park(Native Method)&#10;        at java.util.concurrent.locks.LockSupport.park(LockSupport.java:175)&#10;        at java.util.concurrent.locks.AbstractQueuedSynchronizer$ConditionObject.await(AbstractQueuedSynchronizer.java:2039)&#10;        at java.util.concurrent.ArrayBlockingQueue.take(ArrayBlockingQueue.java:403)&#10;        at java.util.concurrent.ThreadPoolExecutor.getTask(ThreadPoolExecutor.java:1074)&#10;        at java.util.concurrent.ThreadPoolExecutor.runWorker(ThreadPoolExecutor.java:1134)&#10;        at java.util.concurrent.ThreadPoolExecutor$Worker.run(ThreadPoolExecutor.java:624)&#10;        at java.lang.Thread.run(Thread.java:748)&#10;&quot;2d4da40c-dd43-4554-9707-f6503cf38c80@group-1A5E3D590F2D-StateMachineUpdater&quot; daemon prio=5 tid=808 in Object.wait()&#10;java.lang.Thread.State: WAITING (on object monitor)&#10;        at java.lang.Object.wait(Native Method)&#10;        at java.lang.Object.wait(Object.java:502)&#10;        at org.apache.ratis.server.impl.StateMachineUpdater.waitForCommit(StateMachineUpdater.java:183)&#10;        at org.apache.ratis.server.impl.StateMachineUpdater.run(StateMachineUpdater.java:148)&#10;        at java.lang.Thread.run(Thread.java:748)&#10;&quot;pool-36-thread-38&quot;  prio=5 tid=438 in Object.wait()&#10;java.lang.Thread.State: WAITING (on object monitor)&#10;        at sun.misc.Unsafe.park(Native Method)&#10;        at java.util.concurrent.locks.LockSupport.park(LockSupport.java:175)&#10;        at java.util.concurrent.locks.AbstractQueuedSynchronizer$ConditionObject.await(AbstractQueuedSynchronizer.java:2039)&#10;        at java.util.concurrent.ArrayBlockingQueue.take(ArrayBlockingQueue.java:403)&#10;        at java.util.concurrent.ThreadPoolExecutor.getTask(ThreadPoolExecutor.java:1074)&#10;        at java.util.concurrent.ThreadPoolExecutor.runWorker(ThreadPoolExecutor.java:1134)&#10;        at java.util.concurrent.ThreadPoolExecutor$Worker.run(ThreadPoolExecutor.java:624)&#10;        at java.lang.Thread.run(Thread.java:748)&#10;&quot;RatisApplyTransactionExecutor 0&quot; daemon prio=5 tid=2412 in Object.wait()&#10;java.lang.Thread.State: WAITING (on object monitor)&#10;        at sun.misc.Unsafe.park(Native Method)&#10;        at java.util.concurrent.locks.LockSupport.park(LockSupport.java:175)&#10;        at java.util.concurrent.locks.AbstractQueuedSynchronizer$ConditionObject.await(AbstractQueuedSynchronizer.java:2039)&#10;        at java.util.concurrent.LinkedBlockingQueue.take(LinkedBlockingQueue.java:442)&#10;        at java.util.concurrent.ThreadPoolExecutor.getTask(ThreadPoolExecutor.java:1074)&#10;        at java.util.concurrent.ThreadPoolExecutor.runWorker(ThreadPoolExecutor.java:1134)&#10;        at java.util.concurrent.ThreadPoolExecutor$Worker.run(ThreadPoolExecutor.java:624)&#10;        at java.lang.Thread.run(Thread.java:748)&#10;&quot;pool-86-thread-8&quot;  prio=5 tid=721 in Object.wait()&#10;java.lang.Thread.State: WAITING (on object monitor)&#10;        at sun.misc.Unsafe.park(Native Method)&#10;        at java.util.concurrent.locks.LockSupport.park(LockSupport.java:175)&#10;        at java.util.concurrent.locks.AbstractQueuedSynchronizer$ConditionObject.await(AbstractQueuedSynchronizer.java:2039)&#10;        at java.util.concurrent.ArrayBlockingQueue.take(ArrayBlockingQueue.java:403)&#10;        at java.util.concurrent.ThreadPoolExecutor.getTask(ThreadPoolExecutor.java:1074)&#10;        at java.util.concurrent.ThreadPoolExecutor.runWorker(ThreadPoolExecutor.java:1134)&#10;        at java.util.concurrent.ThreadPoolExecutor$Worker.run(ThreadPoolExecutor.java:624)&#10;        at java.lang.Thread.run(Thread.java:748)&#10;&quot;pool-36-thread-30&quot;  prio=5 tid=430 in Object.wait()&#10;java.lang.Thread.State: WAITING (on object monitor)&#10;        at sun.misc.Unsafe.park(Native Method)&#10;        at java.util.concurrent.locks.LockSupport.park(LockSupport.java:175)&#10;        at java.util.concurrent.locks.AbstractQueuedSynchronizer$ConditionObject.await(AbstractQueuedSynchronizer.java:2039)&#10;        at java.util.concurrent.ArrayBlockingQueue.take(ArrayBlockingQueue.java:403)&#10;        at java.util.concurrent.ThreadPoolExecutor.getTask(ThreadPoolExecutor.java:1074)&#10;        at java.util.concurrent.ThreadPoolExecutor.runWorker(ThreadPoolExecutor.java:1134)&#10;        at java.util.concurrent.ThreadPoolExecutor$Worker.run(ThreadPoolExecutor.java:624)&#10;        at java.lang.Thread.run(Thread.java:748)&#10;&quot;grpc-default-worker-ELG-3-1&quot; daemon prio=5 tid=785 runnable&#10;java.lang.Thread.State: RUNNABLE&#10;        at sun.nio.ch.EPollArrayWrapper.epollWait(Native Method)&#10;        at sun.nio.ch.EPollArrayWrapper.poll(EPollArrayWrapper.java:269)&#10;        at sun.nio.ch.EPollSelectorImpl.doSelect(EPollSelectorImpl.java:93)&#10;        at sun.nio.ch.SelectorImpl.lockAndDoSelect(SelectorImpl.java:86)&#10;        at sun.nio.ch.SelectorImpl.select(SelectorImpl.java:97)&#10;        at org.apache.ratis.thirdparty.io.netty.channel.nio.SelectedSelectionKeySetSelector.select(SelectedSelectionKeySetSelector.java:62)&#10;        at org.apache.ratis.thirdparty.io.netty.channel.nio.NioEventLoop.select(NioEventLoop.java:753)&#10;        at org.apache.ratis.thirdparty.io.netty.channel.nio.NioEventLoop.run(NioEventLoop.java:408)&#10;        at org.apache.ratis.thirdparty.io.netty.util.concurrent.SingleThreadEventExecutor$5.run(SingleThreadEventExecutor.java:897)&#10;        at org.apache.ratis.thirdparty.io.netty.util.concurrent.FastThreadLocalRunnable.run(FastThreadLocalRunnable.java:30)&#10;        at java.lang.Thread.run(Thread.java:748)&#10;&quot;pool-86-thread-11&quot;  prio=5 tid=724 in Object.wait()&#10;java.lang.Thread.State: WAITING (on object monitor)&#10;        at sun.misc.Unsafe.park(Native Method)&#10;        at java.util.concurrent.locks.LockSupport.park(LockSupport.java:175)&#10;        at java.util.concurrent.locks.AbstractQueuedSynchronizer$ConditionObject.await(AbstractQueuedSynchronizer.java:2039)&#10;        at java.util.concurrent.ArrayBlockingQueue.take(ArrayBlockingQueue.java:403)&#10;        at java.util.concurrent.ThreadPoolExecutor.getTask(ThreadPoolExecutor.java:1074)&#10;        at java.util.concurrent.ThreadPoolExecutor.runWorker(ThreadPoolExecutor.java:1134)&#10;        at java.util.concurrent.ThreadPoolExecutor$Worker.run(ThreadPoolExecutor.java:624)&#10;        at java.lang.Thread.run(Thread.java:748)&#10;&quot;pool-76-thread-19&quot;  prio=5 tid=670 in Object.wait()&#10;java.lang.Thread.State: WAITING (on object monitor)&#10;        at sun.misc.Unsafe.park(Native Method)&#10;        at java.util.concurrent.locks.LockSupport.park(LockSupport.java:175)&#10;        at java.util.concurrent.locks.AbstractQueuedSynchronizer$ConditionObject.await(AbstractQueuedSynchronizer.java:2039)&#10;        at java.util.concurrent.ArrayBlockingQueue.take(ArrayBlockingQueue.java:403)&#10;        at java.util.concurrent.ThreadPoolExecutor.getTask(ThreadPoolExecutor.java:1074)&#10;        at java.util.concurrent.ThreadPoolExecutor.runWorker(ThreadPoolExecutor.java:1134)&#10;        at java.util.concurrent.ThreadPoolExecutor$Worker.run(ThreadPoolExecutor.java:624)&#10;        at java.lang.Thread.run(Thread.java:748)&#10;&quot;pool-56-thread-43&quot;  prio=5 tid=570 in Object.wait()&#10;java.lang.Thread.State: WAITING (on object monitor)&#10;        at sun.misc.Unsafe.park(Native Method)&#10;        at java.util.concurrent.locks.LockSupport.park(LockSupport.java:175)&#10;        at java.util.concurrent.locks.AbstractQueuedSynchronizer$ConditionObject.await(AbstractQueuedSynchronizer.java:2039)&#10;        at java.util.concurrent.ArrayBlockingQueue.take(ArrayBlockingQueue.java:403)&#10;        at java.util.concurrent.ThreadPoolExecutor.getTask(ThreadPoolExecutor.java:1074)&#10;        at java.util.concurrent.ThreadPoolExecutor.runWorker(ThreadPoolExecutor.java:1134)&#10;        at java.util.concurrent.ThreadPoolExecutor$Worker.run(ThreadPoolExecutor.java:624)&#10;        at java.lang.Thread.run(Thread.java:748)&#10;&quot;pool-46-thread-50&quot;  prio=5 tid=510 in Object.wait()&#10;java.lang.Thread.State: WAITING (on object monitor)&#10;        at sun.misc.Unsafe.park(Native Method)&#10;        at java.util.concurrent.locks.LockSupport.park(LockSupport.java:175)&#10;        at java.util.concurrent.locks.AbstractQueuedSynchronizer$ConditionObject.await(AbstractQueuedSynchronizer.java:2039)&#10;        at java.util.concurrent.ArrayBlockingQueue.take(ArrayBlockingQueue.java:403)&#10;        at java.util.concurrent.ThreadPoolExecutor.getTask(ThreadPoolExecutor.java:1074)&#10;        at java.util.concurrent.ThreadPoolExecutor.runWorker(ThreadPoolExecutor.java:1134)&#10;        at java.util.concurrent.ThreadPoolExecutor$Worker.run(ThreadPoolExecutor.java:624)&#10;        at java.lang.Thread.run(Thread.java:748)&#10;&quot;pool-56-thread-8&quot;  prio=5 tid=535 in Object.wait()&#10;java.lang.Thread.State: WAITING (on object monitor)&#10;        at sun.misc.Unsafe.park(Native Method)&#10;        at java.util.concurrent.locks.LockSupport.park(LockSupport.java:175)&#10;        at java.util.concurrent.locks.AbstractQueuedSynchronizer$ConditionObject.await(AbstractQueuedSynchronizer.java:2039)&#10;        at java.util.concurrent.ArrayBlockingQueue.take(ArrayBlockingQueue.java:403)&#10;        at java.util.concurrent.ThreadPoolExecutor.getTask(ThreadPoolExecutor.java:1074)&#10;        at java.util.concurrent.ThreadPoolExecutor.runWorker(ThreadPoolExecutor.java:1134)&#10;        at java.util.concurrent.ThreadPoolExecutor$Worker.run(ThreadPoolExecutor.java:624)&#10;        at java.lang.Thread.run(Thread.java:748)&#10;&quot;pool-36-thread-25&quot;  prio=5 tid=425 in Object.wait()&#10;java.lang.Thread.State: WAITING (on object monitor)&#10;        at sun.misc.Unsafe.park(Native Method)&#10;        at java.util.concurrent.locks.LockSupport.park(LockSupport.java:175)&#10;        at java.util.concurrent.locks.AbstractQueuedSynchronizer$ConditionObject.await(AbstractQueuedSynchronizer.java:2039)&#10;        at java.util.concurrent.ArrayBlockingQueue.take(ArrayBlockingQueue.java:403)&#10;        at java.util.concurrent.ThreadPoolExecutor.getTask(ThreadPoolExecutor.java:1074)&#10;        at java.util.concurrent.ThreadPoolExecutor.runWorker(ThreadPoolExecutor.java:1134)&#10;        at java.util.concurrent.ThreadPoolExecutor$Worker.run(ThreadPoolExecutor.java:624)&#10;        at java.lang.Thread.run(Thread.java:748)&#10;&quot;org.eclipse.jetty.server.session.HashSessionManager@15639440Timer&quot; daemon prio=5 tid=222 timed_waiting&#10;java.lang.Thread.State: TIMED_WAITING&#10;        at sun.misc.Unsafe.park(Native Method)&#10;        at java.util.concurrent.locks.LockSupport.parkNanos(LockSupport.java:215)&#10;        at java.util.concurrent.locks.AbstractQueuedSynchronizer$ConditionObject.awaitNanos(AbstractQueuedSynchronizer.java:2078)&#10;        at java.util.concurrent.ScheduledThreadPoolExecutor$DelayedWorkQueue.take(ScheduledThreadPoolExecutor.java:1093)&#10;        at java.util.concurrent.ScheduledThreadPoolExecutor$DelayedWorkQueue.take(ScheduledThreadPoolExecutor.java:809)&#10;        at java.util.concurrent.ThreadPoolExecutor.getTask(ThreadPoolExecutor.java:1074)&#10;        at java.util.concurrent.ThreadPoolExecutor.runWorker(ThreadPoolExecutor.java:1134)&#10;        at java.util.concurrent.ThreadPoolExecutor$Worker.run(ThreadPoolExecutor.java:624)&#10;        at java.lang.Thread.run(Thread.java:748)&#10;&quot;IPC Server handler 10 on 40610&quot; daemon prio=5 tid=125 timed_waiting&#10;java.lang.Thread.State: TIMED_WAITING&#10;        at sun.misc.Unsafe.park(Native Method)&#10;        at java.util.concurrent.locks.LockSupport.parkNanos(LockSupport.java:215)&#10;        at java.util.concurrent.locks.AbstractQueuedSynchronizer$ConditionObject.awaitNanos(AbstractQueuedSynchronizer.java:2078)&#10;        at java.util.concurrent.LinkedBlockingQueue.poll(LinkedBlockingQueue.java:467)&#10;        at org.apache.hadoop.ipc.CallQueueManager.take(CallQueueManager.java:288)&#10;        at org.apache.hadoop.ipc.Server$Handler.run(Server.java:2668)&#10;&quot;pool-86-thread-60&quot;  prio=5 tid=773 in Object.wait()&#10;java.lang.Thread.State: WAITING (on object monitor)&#10;        at sun.misc.Unsafe.park(Native Method)&#10;        at java.util.concurrent.locks.LockSupport.park(LockSupport.java:175)&#10;        at java.util.concurrent.locks.AbstractQueuedSynchronizer$ConditionObject.await(AbstractQueuedSynchronizer.java:2039)&#10;        at java.util.concurrent.ArrayBlockingQueue.take(ArrayBlockingQueue.java:403)&#10;        at java.util.concurrent.ThreadPoolExecutor.getTask(ThreadPoolExecutor.java:1074)&#10;        at java.util.concurrent.ThreadPoolExecutor.runWorker(ThreadPoolExecutor.java:1134)&#10;        at java.util.concurrent.ThreadPoolExecutor$Worker.run(ThreadPoolExecutor.java:624)&#10;        at java.lang.Thread.run(Thread.java:748)&#10;&quot;EventQueue-CloseContainerForCloseContainerEventHandler&quot;  prio=5 tid=1010 in Object.wait()&#10;java.lang.Thread.State: WAITING (on object monitor)&#10;        at sun.misc.Unsafe.park(Native Method)&#10;        at java.util.concurrent.locks.LockSupport.park(LockSupport.java:175)&#10;        at java.util.concurrent.locks.AbstractQueuedSynchronizer$ConditionObject.await(AbstractQueuedSynchronizer.java:2039)&#10;        at java.util.concurrent.LinkedBlockingQueue.take(LinkedBlockingQueue.java:442)&#10;        at java.util.concurrent.ThreadPoolExecutor.getTask(ThreadPoolExecutor.java:1074)&#10;        at java.util.concurrent.ThreadPoolExecutor.runWorker(ThreadPoolExecutor.java:1134)&#10;        at java.util.concurrent.ThreadPoolExecutor$Worker.run(ThreadPoolExecutor.java:624)&#10;        at java.lang.Thread.run(Thread.java:748)&#10;&quot;BlockDeletingService#7&quot; daemon prio=5 tid=2201 in Object.wait()&#10;java.lang.Thread.State: WAITING (on object monitor)&#10;        at sun.misc.Unsafe.park(Native Method)&#10;        at java.util.concurrent.locks.LockSupport.park(LockSupport.java:175)&#10;        at java.util.concurrent.locks.AbstractQueuedSynchronizer$ConditionObject.await(AbstractQueuedSynchronizer.java:2039)&#10;        at java.util.concurrent.ScheduledThreadPoolExecutor$DelayedWorkQueue.take(ScheduledThreadPoolExecutor.java:1088)&#10;        at java.util.concurrent.ScheduledThreadPoolExecutor$DelayedWorkQueue.take(ScheduledThreadPoolExecutor.java:809)&#10;        at java.util.concurrent.ThreadPoolExecutor.getTask(ThreadPoolExecutor.java:1074)&#10;        at java.util.concurrent.ThreadPoolExecutor.runWorker(ThreadPoolExecutor.java:1134)&#10;        at java.util.concurrent.ThreadPoolExecutor$Worker.run(ThreadPoolExecutor.java:624)&#10;        at java.lang.Thread.run(Thread.java:748)&#10;&quot;pool-76-thread-60&quot;  prio=5 tid=711 in Object.wait()&#10;java.lang.Thread.State: WAITING (on object monitor)&#10;        at sun.misc.Unsafe.park(Native Method)&#10;        at java.util.concurrent.locks.LockSupport.park(LockSupport.java:175)&#10;        at java.util.concurrent.locks.AbstractQueuedSynchronizer$ConditionObject.await(AbstractQueuedSynchronizer.java:2039)&#10;        at java.util.concurrent.ArrayBlockingQueue.take(ArrayBlockingQueue.java:403)&#10;        at java.util.concurrent.ThreadPoolExecutor.getTask(ThreadPoolExecutor.java:1074)&#10;        at java.util.concurrent.ThreadPoolExecutor.runWorker(ThreadPoolExecutor.java:1134)&#10;        at java.util.concurrent.ThreadPoolExecutor$Worker.run(ThreadPoolExecutor.java:624)&#10;        at java.lang.Thread.run(Thread.java:748)&#10;&quot;90957f92-0013-496b-a419-9c1212c810e8@group-6371820A5F4C-SegmentedRaftLogWorker&quot;  prio=5 tid=2214 timed_waiting&#10;java.lang.Thread.State: TIMED_WAITING&#10;        at sun.misc.Unsafe.park(Native Method)&#10;        at java.util.concurrent.locks.LockSupport.parkNanos(LockSupport.java:215)&#10;        at java.util.concurrent.locks.AbstractQueuedSynchronizer$ConditionObject.awaitNanos(AbstractQueuedSynchronizer.java:2078)&#10;        at org.apache.ratis.util.DataBlockingQueue.poll(DataBlockingQueue.java:137)&#10;        at org.apache.ratis.server.raftlog.segmented.SegmentedRaftLogWorker.run(SegmentedRaftLogWorker.java:283)&#10;        at java.lang.Thread.run(Thread.java:748)&#10;&quot;BlockDeletingService#4&quot; daemon prio=5 tid=1457 in Object.wait()&#10;java.lang.Thread.State: WAITING (on object monitor)&#10;        at sun.misc.Unsafe.park(Native Method)&#10;        at java.util.concurrent.locks.LockSupport.park(LockSupport.java:175)&#10;        at java.util.concurrent.locks.AbstractQueuedSynchronizer$ConditionObject.await(AbstractQueuedSynchronizer.java:2039)&#10;        at java.util.concurrent.ScheduledThreadPoolExecutor$DelayedWorkQueue.take(ScheduledThreadPoolExecutor.java:1088)&#10;        at java.util.concurrent.ScheduledThreadPoolExecutor$DelayedWorkQueue.take(ScheduledThreadPoolExecutor.java:809)&#10;        at java.util.concurrent.ThreadPoolExecutor.getTask(ThreadPoolExecutor.java:1074)&#10;        at java.util.concurrent.ThreadPoolExecutor.runWorker(ThreadPoolExecutor.java:1134)&#10;        at java.util.concurrent.ThreadPoolExecutor$Worker.run(ThreadPoolExecutor.java:624)&#10;        at java.lang.Thread.run(Thread.java:748)&#10;&quot;pool-46-thread-30&quot;  prio=5 tid=490 in Object.wait()&#10;java.lang.Thread.State: WAITING (on object monitor)&#10;        at sun.misc.Unsafe.park(Native Method)&#10;        at java.util.concurrent.locks.LockSupport.park(LockSupport.java:175)&#10;        at java.util.concurrent.locks.AbstractQueuedSynchronizer$ConditionObject.await(AbstractQueuedSynchronizer.java:2039)&#10;        at java.util.concurrent.ArrayBlockingQueue.take(ArrayBlockingQueue.java:403)&#10;        at java.util.concurrent.ThreadPoolExecutor.getTask(ThreadPoolExecutor.java:1074)&#10;        at java.util.concurrent.ThreadPoolExecutor.runWorker(ThreadPoolExecutor.java:1134)&#10;        at java.util.concurrent.ThreadPoolExecutor$Worker.run(ThreadPoolExecutor.java:624)&#10;        at java.lang.Thread.run(Thread.java:748)&#10;&quot;pool-26-thread-43&quot;  prio=5 tid=383 in Object.wait()&#10;java.lang.Thread.State: WAITING (on object monitor)&#10;        at sun.misc.Unsafe.park(Native Method)&#10;        at java.util.concurrent.locks.LockSupport.park(LockSupport.java:175)&#10;        at java.util.concurrent.locks.AbstractQueuedSynchronizer$ConditionObject.await(AbstractQueuedSynchronizer.java:2039)&#10;        at java.util.concurrent.ArrayBlockingQueue.take(ArrayBlockingQueue.java:403)&#10;        at java.util.concurrent.ThreadPoolExecutor.getTask(ThreadPoolExecutor.java:1074)&#10;        at java.util.concurrent.ThreadPoolExecutor.runWorker(ThreadPoolExecutor.java:1134)&#10;        at java.util.concurrent.ThreadPoolExecutor$Worker.run(ThreadPoolExecutor.java:624)&#10;        at java.lang.Thread.run(Thread.java:748)&#10;&quot;pool-76-thread-53&quot;  prio=5 tid=704 in Object.wait()&#10;java.lang.Thread.State: WAITING (on object monitor)&#10;        at sun.misc.Unsafe.park(Native Method)&#10;        at java.util.concurrent.locks.LockSupport.park(LockSupport.java:175)&#10;        at java.util.concurrent.locks.AbstractQueuedSynchronizer$ConditionObject.await(AbstractQueuedSynchronizer.java:2039)&#10;        at java.util.concurrent.ArrayBlockingQueue.take(ArrayBlockingQueue.java:403)&#10;        at java.util.concurrent.ThreadPoolExecutor.getTask(ThreadPoolExecutor.java:1074)&#10;        at java.util.concurrent.ThreadPoolExecutor.runWorker(ThreadPoolExecutor.java:1134)&#10;        at java.util.concurrent.ThreadPoolExecutor$Worker.run(ThreadPoolExecutor.java:624)&#10;        at java.lang.Thread.run(Thread.java:748)&#10;&quot;KeyDeletingService#0&quot; daemon prio=5 tid=106 timed_waiting&#10;java.lang.Thread.State: TIMED_WAITING&#10;        at sun.misc.Unsafe.park(Native Method)&#10;        at java.util.concurrent.locks.LockSupport.parkNanos(LockSupport.java:215)&#10;        at java.util.concurrent.locks.AbstractQueuedSynchronizer$ConditionObject.awaitNanos(AbstractQueuedSynchronizer.java:2078)&#10;        at java.util.concurrent.ScheduledThreadPoolExecutor$DelayedWorkQueue.take(ScheduledThreadPoolExecutor.java:1093)&#10;        at java.util.concurrent.ScheduledThreadPoolExecutor$DelayedWorkQueue.take(ScheduledThreadPoolExecutor.java:809)&#10;        at java.util.concurrent.ThreadPoolExecutor.getTask(ThreadPoolExecutor.java:1074)&#10;        at java.util.concurrent.ThreadPoolExecutor.runWorker(ThreadPoolExecutor.java:1134)&#10;        at java.util.concurrent.ThreadPoolExecutor$Worker.run(ThreadPoolExecutor.java:624)&#10;        at java.lang.Thread.run(Thread.java:748)&#10;&quot;refreshUsed-/workdir/hadoop-ozone/integration-test/target/test-dir/MiniOzoneClusterImpl-60a3af6c-3451-4a8a-82ad-625647a1d2f0/datanode-2/data/containers&quot; daemon prio=5 tid=208 timed_waiting&#10;java.lang.Thread.State: TIMED_WAITING&#10;        at java.lang.Thread.sleep(Native Method)&#10;        at org.apache.hadoop.fs.CachingGetSpaceUsed$RefreshThread.run(CachingGetSpaceUsed.java:179)&#10;        at java.lang.Thread.run(Thread.java:748)&#10;&quot;java.util.concurrent.ThreadPoolExecutor$Worker@7c48732c[State = -1, empty queue]&quot; daemon prio=5 tid=4036 runnable&#10;java.lang.Thread.State: RUNNABLE&#10;        at java.util.concurrent.ScheduledThreadPoolExecutor$DelayedWorkQueue.poll(ScheduledThreadPoolExecutor.java:809)&#10;        at java.util.concurrent.ThreadPoolExecutor.getTask(ThreadPoolExecutor.java:1073)&#10;        at java.util.concurrent.ThreadPoolExecutor.runWorker(ThreadPoolExecutor.java:1134)&#10;        at java.util.concurrent.ThreadPoolExecutor$Worker.run(ThreadPoolExecutor.java:624)&#10;        at java.lang.Thread.run(Thread.java:748)&#10;&quot;pool-46-thread-12&quot;  prio=5 tid=472 in Object.wait()&#10;java.lang.Thread.State: WAITING (on object monitor)&#10;        at sun.misc.Unsafe.park(Native Method)&#10;        at java.util.concurrent.locks.LockSupport.park(LockSupport.java:175)&#10;        at java.util.concurrent.locks.AbstractQueuedSynchronizer$ConditionObject.await(AbstractQueuedSynchronizer.java:2039)&#10;        at java.util.concurrent.ArrayBlockingQueue.take(ArrayBlockingQueue.java:403)&#10;        at java.util.concurrent.ThreadPoolExecutor.getTask(ThreadPoolExecutor.java:1074)&#10;        at java.util.concurrent.ThreadPoolExecutor.runWorker(ThreadPoolExecutor.java:1134)&#10;        at java.util.concurrent.ThreadPoolExecutor$Worker.run(ThreadPoolExecutor.java:624)&#10;        at java.lang.Thread.run(Thread.java:748)&#10;&quot;qtp523528914-323&quot; daemon prio=5 tid=323 timed_waiting&#10;java.lang.Thread.State: TIMED_WAITING&#10;        at sun.misc.Unsafe.park(Native Method)&#10;        at java.util.concurrent.locks.LockSupport.parkNanos(LockSupport.java:215)&#10;        at java.util.concurrent.locks.AbstractQueuedSynchronizer$ConditionObject.awaitNanos(AbstractQueuedSynchronizer.java:2078)&#10;        at org.eclipse.jetty.util.BlockingArrayQueue.poll(BlockingArrayQueue.java:392)&#10;        at org.eclipse.jetty.util.thread.QueuedThreadPool.idleJobPoll(QueuedThreadPool.java:563)&#10;        at org.eclipse.jetty.util.thread.QueuedThreadPool.access$800(QueuedThreadPool.java:48)&#10;        at org.eclipse.jetty.util.thread.QueuedThreadPool$2.run(QueuedThreadPool.java:626)&#10;        at java.lang.Thread.run(Thread.java:748)&#10;&quot;IPC Server handler 16 on 38980&quot; daemon prio=5 tid=85 timed_waiting&#10;java.lang.Thread.State: TIMED_WAITING&#10;        at sun.misc.Unsafe.park(Native Method)&#10;        at java.util.concurrent.locks.LockSupport.parkNanos(LockSupport.java:215)&#10;        at java.util.concurrent.locks.AbstractQueuedSynchronizer$ConditionObject.awaitNanos(AbstractQueuedSynchronizer.java:2078)&#10;        at java.util.concurrent.LinkedBlockingQueue.poll(LinkedBlockingQueue.java:467)&#10;        at org.apache.hadoop.ipc.CallQueueManager.take(CallQueueManager.java:288)&#10;        at org.apache.hadoop.ipc.Server$Handler.run(Server.java:2668)&#10;&quot;IPC Server handler 12 on 40419&quot; daemon prio=5 tid=41 timed_waiting&#10;java.lang.Thread.State: TIMED_WAITING&#10;        at sun.misc.Unsafe.park(Native Method)&#10;        at java.util.concurrent.locks.LockSupport.parkNanos(LockSupport.java:215)&#10;        at java.util.concurrent.locks.AbstractQueuedSynchronizer$ConditionObject.awaitNanos(AbstractQueuedSynchronizer.java:2078)&#10;        at java.util.concurrent.LinkedBlockingQueue.poll(LinkedBlockingQueue.java:467)&#10;        at org.apache.hadoop.ipc.CallQueueManager.take(CallQueueManager.java:288)&#10;        at org.apache.hadoop.ipc.Server$Handler.run(Server.java:2668)&#10;&quot;pool-66-thread-58&quot;  prio=5 tid=647 in Object.wait()&#10;java.lang.Thread.State: WAITING (on object monitor)&#10;        at sun.misc.Unsafe.park(Native Method)&#10;        at java.util.concurrent.locks.LockSupport.park(LockSupport.java:175)&#10;        at java.util.concurrent.locks.AbstractQueuedSynchronizer$ConditionObject.await(AbstractQueuedSynchronizer.java:2039)&#10;        at java.util.concurrent.ArrayBlockingQueue.take(ArrayBlockingQueue.java:403)&#10;        at java.util.concurrent.ThreadPoolExecutor.getTask(ThreadPoolExecutor.java:1074)&#10;        at java.util.concurrent.ThreadPoolExecutor.runWorker(ThreadPoolExecutor.java:1134)&#10;        at java.util.concurrent.ThreadPoolExecutor$Worker.run(ThreadPoolExecutor.java:624)&#10;        at java.lang.Thread.run(Thread.java:748)&#10;&quot;BlockDeletingService#8&quot; daemon prio=5 tid=2507 in Object.wait()&#10;java.lang.Thread.State: WAITING (on object monitor)&#10;        at sun.misc.Unsafe.park(Native Method)&#10;        at java.util.concurrent.locks.LockSupport.park(LockSupport.java:175)&#10;        at java.util.concurrent.locks.AbstractQueuedSynchronizer$ConditionObject.await(AbstractQueuedSynchronizer.java:2039)&#10;        at java.util.concurrent.ScheduledThreadPoolExecutor$DelayedWorkQueue.take(ScheduledThreadPoolExecutor.java:1088)&#10;        at java.util.concurrent.ScheduledThreadPoolExecutor$DelayedWorkQueue.take(ScheduledThreadPoolExecutor.java:809)&#10;        at java.util.concurrent.ThreadPoolExecutor.getTask(ThreadPoolExecutor.java:1074)&#10;        at java.util.concurrent.ThreadPoolExecutor.runWorker(ThreadPoolExecutor.java:1134)&#10;        at java.util.concurrent.ThreadPoolExecutor$Worker.run(ThreadPoolExecutor.java:624)&#10;        at java.lang.Thread.run(Thread.java:748)&#10;&quot;IPC Server handler 17 on 38980&quot; daemon prio=5 tid=86 timed_waiting&#10;java.lang.Thread.State: TIMED_WAITING&#10;        at sun.misc.Unsafe.park(Native Method)&#10;        at java.util.concurrent.locks.LockSupport.parkNanos(LockSupport.java:215)&#10;        at java.util.concurrent.locks.AbstractQueuedSynchronizer$ConditionObject.awaitNanos(AbstractQueuedSynchronizer.java:2078)&#10;        at java.util.concurrent.LinkedBlockingQueue.poll(LinkedBlockingQueue.java:467)&#10;        at org.apache.hadoop.ipc.CallQueueManager.take(CallQueueManager.java:288)&#10;        at org.apache.hadoop.ipc.Server$Handler.run(Server.java:2668)&#10;&quot;BlockDeletingService#9&quot; daemon prio=5 tid=2732 in Object.wait()&#10;java.lang.Thread.State: WAITING (on object monitor)&#10;        at sun.misc.Unsafe.park(Native Method)&#10;        at java.util.concurrent.locks.LockSupport.park(LockSupport.java:175)&#10;        at java.util.concurrent.locks.AbstractQueuedSynchronizer$ConditionObject.await(AbstractQueuedSynchronizer.java:2039)&#10;        at java.util.concurrent.ScheduledThreadPoolExecutor$DelayedWorkQueue.take(ScheduledThreadPoolExecutor.java:1088)&#10;        at java.util.concurrent.ScheduledThreadPoolExecutor$DelayedWorkQueue.take(ScheduledThreadPoolExecutor.java:809)&#10;        at java.util.concurrent.ThreadPoolExecutor.getTask(ThreadPoolExecutor.java:1074)&#10;        at java.util.concurrent.ThreadPoolExecutor.runWorker(ThreadPoolExecutor.java:1134)&#10;        at java.util.concurrent.ThreadPoolExecutor$Worker.run(ThreadPoolExecutor.java:624)&#10;        at java.lang.Thread.run(Thread.java:748)&#10;&quot;pool-46-thread-18&quot;  prio=5 tid=478 in Object.wait()&#10;java.lang.Thread.State: WAITING (on object monitor)&#10;        at sun.misc.Unsafe.park(Native Method)&#10;        at java.util.concurrent.locks.LockSupport.park(LockSupport.java:175)&#10;        at java.util.concurrent.locks.AbstractQueuedSynchronizer$ConditionObject.await(AbstractQueuedSynchronizer.java:2039)&#10;        at java.util.concurrent.ArrayBlockingQueue.take(ArrayBlockingQueue.java:403)&#10;        at java.util.concurrent.ThreadPoolExecutor.getTask(ThreadPoolExecutor.java:1074)&#10;        at java.util.concurrent.ThreadPoolExecutor.runWorker(ThreadPoolExecutor.java:1134)&#10;        at java.util.concurrent.ThreadPoolExecutor$Worker.run(ThreadPoolExecutor.java:624)&#10;        at java.lang.Thread.run(Thread.java:748)&#10;&quot;org.apache.hadoop.util.JvmPauseMonitor$Monitor@7af5808e&quot; daemon prio=5 tid=177 timed_waiting&#10;java.lang.Thread.State: TIMED_WAITING&#10;        at java.lang.Thread.sleep(Native Method)&#10;        at org.apache.hadoop.util.JvmPauseMonitor$Monitor.run(JvmPauseMonitor.java:192)&#10;        at java.lang.Thread.run(Thread.java:748)&#10;&quot;IPC Server handler 3 on 40419&quot; daemon prio=5 tid=32 timed_waiting&#10;java.lang.Thread.State: TIMED_WAITING&#10;        at sun.misc.Unsafe.park(Native Method)&#10;        at java.util.concurrent.locks.LockSupport.parkNanos(LockSupport.java:215)&#10;        at java.util.concurrent.locks.AbstractQueuedSynchronizer$ConditionObject.awaitNanos(AbstractQueuedSynchronizer.java:2078)&#10;        at java.util.concurrent.LinkedBlockingQueue.poll(LinkedBlockingQueue.java:467)&#10;        at org.apache.hadoop.ipc.CallQueueManager.take(CallQueueManager.java:288)&#10;        at org.apache.hadoop.ipc.Server$Handler.run(Server.java:2668)&#10;&quot;pool-76-thread-50&quot;  prio=5 tid=701 in Object.wait()&#10;java.lang.Thread.State: WAITING (on object monitor)&#10;        at sun.misc.Unsafe.park(Native Method)&#10;        at java.util.concurrent.locks.LockSupport.park(LockSupport.java:175)&#10;        at java.util.concurrent.locks.AbstractQueuedSynchronizer$ConditionObject.await(AbstractQueuedSynchronizer.java:2039)&#10;        at java.util.concurrent.ArrayBlockingQueue.take(ArrayBlockingQueue.java:403)&#10;        at java.util.concurrent.ThreadPoolExecutor.getTask(ThreadPoolExecutor.java:1074)&#10;        at java.util.concurrent.ThreadPoolExecutor.runWorker(ThreadPoolExecutor.java:1134)&#10;        at java.util.concurrent.ThreadPoolExecutor$Worker.run(ThreadPoolExecutor.java:624)&#10;        at java.lang.Thread.run(Thread.java:748)&#10;&quot;pool-56-thread-5&quot;  prio=5 tid=532 in Object.wait()&#10;java.lang.Thread.State: WAITING (on object monitor)&#10;        at sun.misc.Unsafe.park(Native Method)&#10;        at java.util.concurrent.locks.LockSupport.park(LockSupport.java:175)&#10;        at java.util.concurrent.locks.AbstractQueuedSynchronizer$ConditionObject.await(AbstractQueuedSynchronizer.java:2039)&#10;        at java.util.concurrent.ArrayBlockingQueue.take(ArrayBlockingQueue.java:403)&#10;        at java.util.concurrent.ThreadPoolExecutor.getTask(ThreadPoolExecutor.java:1074)&#10;        at java.util.concurrent.ThreadPoolExecutor.runWorker(ThreadPoolExecutor.java:1134)&#10;        at java.util.concurrent.ThreadPoolExecutor$Worker.run(ThreadPoolExecutor.java:624)&#10;        at java.lang.Thread.run(Thread.java:748)&#10;&quot;pool-76-thread-51&quot;  prio=5 tid=702 in Object.wait()&#10;java.lang.Thread.State: WAITING (on object monitor)&#10;        at sun.misc.Unsafe.park(Native Method)&#10;        at java.util.concurrent.locks.LockSupport.park(LockSupport.java:175)&#10;        at java.util.concurrent.locks.AbstractQueuedSynchronizer$ConditionObject.await(AbstractQueuedSynchronizer.java:2039)&#10;        at java.util.concurrent.ArrayBlockingQueue.take(ArrayBlockingQueue.java:403)&#10;        at java.util.concurrent.ThreadPoolExecutor.getTask(ThreadPoolExecutor.java:1074)&#10;        at java.util.concurrent.ThreadPoolExecutor.runWorker(ThreadPoolExecutor.java:1134)&#10;        at java.util.concurrent.ThreadPoolExecutor$Worker.run(ThreadPoolExecutor.java:624)&#10;        at java.lang.Thread.run(Thread.java:748)&#10;&quot;IPC Server handler 19 on 46754&quot; daemon prio=5 tid=68 timed_waiting&#10;java.lang.Thread.State: TIMED_WAITING&#10;        at sun.misc.Unsafe.park(Native Method)&#10;        at java.util.concurrent.locks.LockSupport.parkNanos(LockSupport.java:215)&#10;        at java.util.concurrent.locks.AbstractQueuedSynchronizer$ConditionObject.awaitNanos(AbstractQueuedSynchronizer.java:2078)&#10;        at java.util.concurrent.LinkedBlockingQueue.poll(LinkedBlockingQueue.java:467)&#10;        at org.apache.hadoop.ipc.CallQueueManager.take(CallQueueManager.java:288)&#10;        at org.apache.hadoop.ipc.Server$Handler.run(Server.java:2668)&#10;&quot;pool-26-thread-42&quot;  prio=5 tid=382 in Object.wait()&#10;java.lang.Thread.State: WAITING (on object monitor)&#10;        at sun.misc.Unsafe.park(Native Method)&#10;        at java.util.concurrent.locks.LockSupport.park(LockSupport.java:175)&#10;        at java.util.concurrent.locks.AbstractQueuedSynchronizer$ConditionObject.await(AbstractQueuedSynchronizer.java:2039)&#10;        at java.util.concurrent.ArrayBlockingQueue.take(ArrayBlockingQueue.java:403)&#10;        at java.util.concurrent.ThreadPoolExecutor.getTask(ThreadPoolExecutor.java:1074)&#10;        at java.util.concurrent.ThreadPoolExecutor.runWorker(ThreadPoolExecutor.java:1134)&#10;        at java.util.concurrent.ThreadPoolExecutor$Worker.run(ThreadPoolExecutor.java:624)&#10;        at java.lang.Thread.run(Thread.java:748)&#10;&quot;pool-76-thread-40&quot;  prio=5 tid=691 in Object.wait()&#10;java.lang.Thread.State: WAITING (on object monitor)&#10;        at sun.misc.Unsafe.park(Native Method)&#10;        at java.util.concurrent.locks.LockSupport.park(LockSupport.java:175)&#10;        at java.util.concurrent.locks.AbstractQueuedSynchronizer$ConditionObject.await(AbstractQueuedSynchronizer.java:2039)&#10;        at java.util.concurrent.ArrayBlockingQueue.take(ArrayBlockingQueue.java:403)&#10;        at java.util.concurrent.ThreadPoolExecutor.getTask(ThreadPoolExecutor.java:1074)&#10;        at java.util.concurrent.ThreadPoolExecutor.runWorker(ThreadPoolExecutor.java:1134)&#10;        at java.util.concurrent.ThreadPoolExecutor$Worker.run(ThreadPoolExecutor.java:624)&#10;        at java.lang.Thread.run(Thread.java:748)&#10;&quot;pool-36-thread-40&quot;  prio=5 tid=440 in Object.wait()&#10;java.lang.Thread.State: WAITING (on object monitor)&#10;        at sun.misc.Unsafe.park(Native Method)&#10;        at java.util.concurrent.locks.LockSupport.park(LockSupport.java:175)&#10;        at java.util.concurrent.locks.AbstractQueuedSynchronizer$ConditionObject.await(AbstractQueuedSynchronizer.java:2039)&#10;        at java.util.concurrent.ArrayBlockingQueue.take(ArrayBlockingQueue.java:403)&#10;        at java.util.concurrent.ThreadPoolExecutor.getTask(ThreadPoolExecutor.java:1074)&#10;        at java.util.concurrent.ThreadPoolExecutor.runWorker(ThreadPoolExecutor.java:1134)&#10;        at java.util.concurrent.ThreadPoolExecutor$Worker.run(ThreadPoolExecutor.java:624)&#10;        at java.lang.Thread.run(Thread.java:748)&#10;&quot;Datanode State Machine Thread - 0&quot; daemon prio=5 tid=278 timed_waiting&#10;java.lang.Thread.State: TIMED_WAITING&#10;        at java.lang.Thread.sleep(Native Method)&#10;        at org.apache.hadoop.ozone.container.common.statemachine.DatanodeStateMachine.start(DatanodeStateMachine.java:191)&#10;        at org.apache.hadoop.ozone.container.common.statemachine.DatanodeStateMachine.lambda$startDaemon$0(DatanodeStateMachine.java:349)&#10;        at org.apache.hadoop.ozone.container.common.statemachine.DatanodeStateMachine$$Lambda$136/1673604690.run(Unknown Source)&#10;        at java.lang.Thread.run(Thread.java:748)&#10;&quot;pool-66-thread-37&quot;  prio=5 tid=626 in Object.wait()&#10;java.lang.Thread.State: WAITING (on object monitor)&#10;        at sun.misc.Unsafe.park(Native Method)&#10;        at java.util.concurrent.locks.LockSupport.park(LockSupport.java:175)&#10;        at java.util.concurrent.locks.AbstractQueuedSynchronizer$ConditionObject.await(AbstractQueuedSynchronizer.java:2039)&#10;        at java.util.concurrent.ArrayBlockingQueue.take(ArrayBlockingQueue.java:403)&#10;        at java.util.concurrent.ThreadPoolExecutor.getTask(ThreadPoolExecutor.java:1074)&#10;        at java.util.concurrent.ThreadPoolExecutor.runWorker(ThreadPoolExecutor.java:1134)&#10;        at java.util.concurrent.ThreadPoolExecutor$Worker.run(ThreadPoolExecutor.java:624)&#10;        at java.lang.Thread.run(Thread.java:748)&#10;&quot;pool-26-thread-52&quot;  prio=5 tid=392 in Object.wait()&#10;java.lang.Thread.State: WAITING (on object monitor)&#10;        at sun.misc.Unsafe.park(Native Method)&#10;        at java.util.concurrent.locks.LockSupport.park(LockSupport.java:175)&#10;        at java.util.concurrent.locks.AbstractQueuedSynchronizer$ConditionObject.await(AbstractQueuedSynchronizer.java:2039)&#10;        at java.util.concurrent.ArrayBlockingQueue.take(ArrayBlockingQueue.java:403)&#10;        at java.util.concurrent.ThreadPoolExecutor.getTask(ThreadPoolExecutor.java:1074)&#10;        at java.util.concurrent.ThreadPoolExecutor.runWorker(ThreadPoolExecutor.java:1134)&#10;        at java.util.concurrent.ThreadPoolExecutor$Worker.run(ThreadPoolExecutor.java:624)&#10;        at java.lang.Thread.run(Thread.java:748)&#10;&quot;pool-46-thread-32&quot;  prio=5 tid=492 in Object.wait()&#10;java.lang.Thread.State: WAITING (on object monitor)&#10;        at sun.misc.Unsafe.park(Native Method)&#10;        at java.util.concurrent.locks.LockSupport.park(LockSupport.java:175)&#10;        at java.util.concurrent.locks.AbstractQueuedSynchronizer$ConditionObject.await(AbstractQueuedSynchronizer.java:2039)&#10;        at java.util.concurrent.ArrayBlockingQueue.take(ArrayBlockingQueue.java:403)&#10;        at java.util.concurrent.ThreadPoolExecutor.getTask(ThreadPoolExecutor.java:1074)&#10;        at java.util.concurrent.ThreadPoolExecutor.runWorker(ThreadPoolExecutor.java:1134)&#10;        at java.util.concurrent.ThreadPoolExecutor$Worker.run(ThreadPoolExecutor.java:624)&#10;        at java.lang.Thread.run(Thread.java:748)&#10;&quot;pool-46-thread-57&quot;  prio=5 tid=517 in Object.wait()&#10;java.lang.Thread.State: WAITING (on object monitor)&#10;        at sun.misc.Unsafe.park(Native Method)&#10;        at java.util.concurrent.locks.LockSupport.park(LockSupport.java:175)&#10;        at java.util.concurrent.locks.AbstractQueuedSynchronizer$ConditionObject.await(AbstractQueuedSynchronizer.java:2039)&#10;        at java.util.concurrent.ArrayBlockingQueue.take(ArrayBlockingQueue.java:403)&#10;        at java.util.concurrent.ThreadPoolExecutor.getTask(ThreadPoolExecutor.java:1074)&#10;        at java.util.concurrent.ThreadPoolExecutor.runWorker(ThreadPoolExecutor.java:1134)&#10;        at java.util.concurrent.ThreadPoolExecutor$Worker.run(ThreadPoolExecutor.java:624)&#10;        at java.lang.Thread.run(Thread.java:748)&#10;&quot;Command processor thread&quot; daemon prio=5 tid=175 timed_waiting&#10;java.lang.Thread.State: TIMED_WAITING&#10;        at java.lang.Thread.sleep(Native Method)&#10;        at org.apache.hadoop.ozone.container.common.statemachine.DatanodeStateMachine.lambda$initCommandHandlerThread$1(DatanodeStateMachine.java:439)&#10;        at org.apache.hadoop.ozone.container.common.statemachine.DatanodeStateMachine$$Lambda$137/1719414483.run(Unknown Source)&#10;        at java.lang.Thread.run(Thread.java:748)&#10;&quot;IPC Server handler 18 on 40610&quot; daemon prio=5 tid=133 timed_waiting&#10;java.lang.Thread.State: TIMED_WAITING&#10;        at sun.misc.Unsafe.park(Native Method)&#10;        at java.util.concurrent.locks.LockSupport.parkNanos(LockSupport.java:215)&#10;        at java.util.concurrent.locks.AbstractQueuedSynchronizer$ConditionObject.awaitNanos(AbstractQueuedSynchronizer.java:2078)&#10;        at java.util.concurrent.LinkedBlockingQueue.poll(LinkedBlockingQueue.java:467)&#10;        at org.apache.hadoop.ipc.CallQueueManager.take(CallQueueManager.java:288)&#10;        at org.apache.hadoop.ipc.Server$Handler.run(Server.java:2668)&#10;&quot;pool-46-thread-28&quot;  prio=5 tid=488 in Object.wait()&#10;java.lang.Thread.State: WAITING (on object monitor)&#10;        at sun.misc.Unsafe.park(Native Method)&#10;        at java.util.concurrent.locks.LockSupport.park(LockSupport.java:175)&#10;        at java.util.concurrent.locks.AbstractQueuedSynchronizer$ConditionObject.await(AbstractQueuedSynchronizer.java:2039)&#10;        at java.util.concurrent.ArrayBlockingQueue.take(ArrayBlockingQueue.java:403)&#10;        at java.util.concurrent.ThreadPoolExecutor.getTask(ThreadPoolExecutor.java:1074)&#10;        at java.util.concurrent.ThreadPoolExecutor.runWorker(ThreadPoolExecutor.java:1134)&#10;        at java.util.concurrent.ThreadPoolExecutor$Worker.run(ThreadPoolExecutor.java:624)&#10;        at java.lang.Thread.run(Thread.java:748)&#10;&quot;org.eclipse.jetty.server.session.HashSessionManager@79a04e5fTimer&quot; daemon prio=5 tid=329 timed_waiting&#10;java.lang.Thread.State: TIMED_WAITING&#10;        at sun.misc.Unsafe.park(Native Method)&#10;        at java.util.concurrent.locks.LockSupport.parkNanos(LockSupport.java:215)&#10;        at java.util.concurrent.locks.AbstractQueuedSynchronizer$ConditionObject.awaitNanos(AbstractQueuedSynchronizer.java:2078)&#10;        at java.util.concurrent.ScheduledThreadPoolExecutor$DelayedWorkQueue.take(ScheduledThreadPoolExecutor.java:1093)&#10;        at java.util.concurrent.ScheduledThreadPoolExecutor$DelayedWorkQueue.take(ScheduledThreadPoolExecutor.java:809)&#10;        at java.util.concurrent.ThreadPoolExecutor.getTask(ThreadPoolExecutor.java:1074)&#10;        at java.util.concurrent.ThreadPoolExecutor.runWorker(ThreadPoolExecutor.java:1134)&#10;        at java.util.concurrent.ThreadPoolExecutor$Worker.run(ThreadPoolExecutor.java:624)&#10;        at java.lang.Thread.run(Thread.java:748)&#10;&quot;pool-56-thread-18&quot;  prio=5 tid=545 in Object.wait()&#10;java.lang.Thread.State: WAITING (on object monitor)&#10;        at sun.misc.Unsafe.park(Native Method)&#10;        at java.util.concurrent.locks.LockSupport.park(LockSupport.java:175)&#10;        at java.util.concurrent.locks.AbstractQueuedSynchronizer$ConditionObject.await(AbstractQueuedSynchronizer.java:2039)&#10;        at java.util.concurrent.ArrayBlockingQueue.take(ArrayBlockingQueue.java:403)&#10;        at java.util.concurrent.ThreadPoolExecutor.getTask(ThreadPoolExecutor.java:1074)&#10;        at java.util.concurrent.ThreadPoolExecutor.runWorker(ThreadPoolExecutor.java:1134)&#10;        at java.util.concurrent.ThreadPoolExecutor$Worker.run(ThreadPoolExecutor.java:624)&#10;        at java.lang.Thread.run(Thread.java:748)&#10;&quot;pool-56-thread-19&quot;  prio=5 tid=546 in Object.wait()&#10;java.lang.Thread.State: WAITING (on object monitor)&#10;        at sun.misc.Unsafe.park(Native Method)&#10;        at java.util.concurrent.locks.LockSupport.park(LockSupport.java:175)&#10;        at java.util.concurrent.locks.AbstractQueuedSynchronizer$ConditionObject.await(AbstractQueuedSynchronizer.java:2039)&#10;        at java.util.concurrent.ArrayBlockingQueue.take(ArrayBlockingQueue.java:403)&#10;        at java.util.concurrent.ThreadPoolExecutor.getTask(ThreadPoolExecutor.java:1074)&#10;        at java.util.concurrent.ThreadPoolExecutor.runWorker(ThreadPoolExecutor.java:1134)&#10;        at java.util.concurrent.ThreadPoolExecutor$Worker.run(ThreadPoolExecutor.java:624)&#10;        at java.lang.Thread.run(Thread.java:748)&#10;&quot;pool-46-thread-21&quot;  prio=5 tid=481 in Object.wait()&#10;java.lang.Thread.State: WAITING (on object monitor)&#10;        at sun.misc.Unsafe.park(Native Method)&#10;        at java.util.concurrent.locks.LockSupport.park(LockSupport.java:175)&#10;        at java.util.concurrent.locks.AbstractQueuedSynchronizer$ConditionObject.await(AbstractQueuedSynchronizer.java:2039)&#10;        at java.util.concurrent.ArrayBlockingQueue.take(ArrayBlockingQueue.java:403)&#10;        at java.util.concurrent.ThreadPoolExecutor.getTask(ThreadPoolExecutor.java:1074)&#10;        at java.util.concurrent.ThreadPoolExecutor.runWorker(ThreadPoolExecutor.java:1134)&#10;        at java.util.concurrent.ThreadPoolExecutor$Worker.run(ThreadPoolExecutor.java:624)&#10;        at java.lang.Thread.run(Thread.java:748)&#10;&quot;IPC Server handler 5 on 40610&quot; daemon prio=5 tid=120 timed_waiting&#10;java.lang.Thread.State: TIMED_WAITING&#10;        at sun.misc.Unsafe.park(Native Method)&#10;        at java.util.concurrent.locks.LockSupport.parkNanos(LockSupport.java:215)&#10;        at java.util.concurrent.locks.AbstractQueuedSynchronizer$ConditionObject.awaitNanos(AbstractQueuedSynchronizer.java:2078)&#10;        at java.util.concurrent.LinkedBlockingQueue.poll(LinkedBlockingQueue.java:467)&#10;        at org.apache.hadoop.ipc.CallQueueManager.take(CallQueueManager.java:288)&#10;        at org.apache.hadoop.ipc.Server$Handler.run(Server.java:2668)&#10;&quot;pool-46-thread-14&quot;  prio=5 tid=474 in Object.wait()&#10;java.lang.Thread.State: WAITING (on object monitor)&#10;        at sun.misc.Unsafe.park(Native Method)&#10;        at java.util.concurrent.locks.LockSupport.park(LockSupport.java:175)&#10;        at java.util.concurrent.locks.AbstractQueuedSynchronizer$ConditionObject.await(AbstractQueuedSynchronizer.java:2039)&#10;        at java.util.concurrent.ArrayBlockingQueue.take(ArrayBlockingQueue.java:403)&#10;        at java.util.concurrent.ThreadPoolExecutor.getTask(ThreadPoolExecutor.java:1074)&#10;        at java.util.concurrent.ThreadPoolExecutor.runWorker(ThreadPoolExecutor.java:1134)&#10;        at java.util.concurrent.ThreadPoolExecutor$Worker.run(ThreadPoolExecutor.java:624)&#10;        at java.lang.Thread.run(Thread.java:748)&#10;&quot;Datanode ReportManager Thread - 0&quot; daemon prio=5 tid=171 timed_waiting&#10;java.lang.Thread.State: TIMED_WAITING&#10;        at sun.misc.Unsafe.park(Native Method)&#10;        at java.util.concurrent.locks.LockSupport.parkNanos(LockSupport.java:215)&#10;        at java.util.concurrent.locks.AbstractQueuedSynchronizer$ConditionObject.awaitNanos(AbstractQueuedSynchronizer.java:2078)&#10;        at java.util.concurrent.ScheduledThreadPoolExecutor$DelayedWorkQueue.take(ScheduledThreadPoolExecutor.java:1093)&#10;        at java.util.concurrent.ScheduledThreadPoolExecutor$DelayedWorkQueue.take(ScheduledThreadPoolExecutor.java:809)&#10;        at java.util.concurrent.ThreadPoolExecutor.getTask(ThreadPoolExecutor.java:1074)&#10;        at java.util.concurrent.ThreadPoolExecutor.runWorker(ThreadPoolExecutor.java:1134)&#10;        at java.util.concurrent.ThreadPoolExecutor$Worker.run(ThreadPoolExecutor.java:624)&#10;        at java.lang.Thread.run(Thread.java:748)&#10;&quot;pool-56-thread-12&quot;  prio=5 tid=539 in Object.wait()&#10;java.lang.Thread.State: WAITING (on object monitor)&#10;        at sun.misc.Unsafe.park(Native Method)&#10;        at java.util.concurrent.locks.LockSupport.park(LockSupport.java:175)&#10;        at java.util.concurrent.locks.AbstractQueuedSynchronizer$ConditionObject.await(AbstractQueuedSynchronizer.java:2039)&#10;        at java.util.concurrent.ArrayBlockingQueue.take(ArrayBlockingQueue.java:403)&#10;        at java.util.concurrent.ThreadPoolExecutor.getTask(ThreadPoolExecutor.java:1074)&#10;        at java.util.concurrent.ThreadPoolExecutor.runWorker(ThreadPoolExecutor.java:1134)&#10;        at java.util.concurrent.ThreadPoolExecutor$Worker.run(ThreadPoolExecutor.java:624)&#10;        at java.lang.Thread.run(Thread.java:748)&#10;&quot;pool-56-thread-11&quot;  prio=5 tid=538 in Object.wait()&#10;java.lang.Thread.State: WAITING (on object monitor)&#10;        at sun.misc.Unsafe.park(Native Method)&#10;        at java.util.concurrent.locks.LockSupport.park(LockSupport.java:175)&#10;        at java.util.concurrent.locks.AbstractQueuedSynchronizer$ConditionObject.await(AbstractQueuedSynchronizer.java:2039)&#10;        at java.util.concurrent.ArrayBlockingQueue.take(ArrayBlockingQueue.java:403)&#10;        at java.util.concurrent.ThreadPoolExecutor.getTask(ThreadPoolExecutor.java:1074)&#10;        at java.util.concurrent.ThreadPoolExecutor.runWorker(ThreadPoolExecutor.java:1134)&#10;        at java.util.concurrent.ThreadPoolExecutor$Worker.run(ThreadPoolExecutor.java:624)&#10;        at java.lang.Thread.run(Thread.java:748)&#10;&quot;qtp978035840-142&quot; daemon prio=5 tid=142 timed_waiting&#10;java.lang.Thread.State: TIMED_WAITING&#10;        at sun.misc.Unsafe.park(Native Method)&#10;        at java.util.concurrent.locks.LockSupport.parkNanos(LockSupport.java:215)&#10;        at java.util.concurrent.locks.AbstractQueuedSynchronizer$ConditionObject.awaitNanos(AbstractQueuedSynchronizer.java:2078)&#10;        at org.eclipse.jetty.util.BlockingArrayQueue.poll(BlockingArrayQueue.java:392)&#10;        at org.eclipse.jetty.util.thread.QueuedThreadPool.idleJobPoll(QueuedThreadPool.java:563)&#10;        at org.eclipse.jetty.util.thread.QueuedThreadPool.access$800(QueuedThreadPool.java:48)&#10;        at org.eclipse.jetty.util.thread.QueuedThreadPool$2.run(QueuedThreadPool.java:626)&#10;        at java.lang.Thread.run(Thread.java:748)&#10;&quot;pool-86-thread-17&quot;  prio=5 tid=730 in Object.wait()&#10;java.lang.Thread.State: WAITING (on object monitor)&#10;        at sun.misc.Unsafe.park(Native Method)&#10;        at java.util.concurrent.locks.LockSupport.park(LockSupport.java:175)&#10;        at java.util.concurrent.locks.AbstractQueuedSynchronizer$ConditionObject.await(AbstractQueuedSynchronizer.java:2039)&#10;        at java.util.concurrent.ArrayBlockingQueue.take(ArrayBlockingQueue.java:403)&#10;        at java.util.concurrent.ThreadPoolExecutor.getTask(ThreadPoolExecutor.java:1074)&#10;        at java.util.concurrent.ThreadPoolExecutor.runWorker(ThreadPoolExecutor.java:1134)&#10;        at java.util.concurrent.ThreadPoolExecutor$Worker.run(ThreadPoolExecutor.java:624)&#10;        at java.lang.Thread.run(Thread.java:748)&#10;&quot;pool-66-thread-56&quot;  prio=5 tid=645 in Object.wait()&#10;java.lang.Thread.State: WAITING (on object monitor)&#10;        at sun.misc.Unsafe.park(Native Method)&#10;        at java.util.concurrent.locks.LockSupport.park(LockSupport.java:175)&#10;        at java.util.concurrent.locks.AbstractQueuedSynchronizer$ConditionObject.await(AbstractQueuedSynchronizer.java:2039)&#10;        at java.util.concurrent.ArrayBlockingQueue.take(ArrayBlockingQueue.java:403)&#10;        at java.util.concurrent.ThreadPoolExecutor.getTask(ThreadPoolExecutor.java:1074)&#10;        at java.util.concurrent.ThreadPoolExecutor.runWorker(ThreadPoolExecutor.java:1134)&#10;        at java.util.concurrent.ThreadPoolExecutor$Worker.run(ThreadPoolExecutor.java:624)&#10;        at java.lang.Thread.run(Thread.java:748)&#10;&quot;pool-36-thread-17&quot;  prio=5 tid=417 in Object.wait()&#10;java.lang.Thread.State: WAITING (on object monitor)&#10;        at sun.misc.Unsafe.park(Native Method)&#10;        at java.util.concurrent.locks.LockSupport.park(LockSupport.java:175)&#10;        at java.util.concurrent.locks.AbstractQueuedSynchronizer$ConditionObject.await(AbstractQueuedSynchronizer.java:2039)&#10;        at java.util.concurrent.ArrayBlockingQueue.take(ArrayBlockingQueue.java:403)&#10;        at java.util.concurrent.ThreadPoolExecutor.getTask(ThreadPoolExecutor.java:1074)&#10;        at java.util.concurrent.ThreadPoolExecutor.runWorker(ThreadPoolExecutor.java:1134)&#10;        at java.util.concurrent.ThreadPoolExecutor$Worker.run(ThreadPoolExecutor.java:624)&#10;        at java.lang.Thread.run(Thread.java:748)&#10;&quot;Datanode ReportManager Thread - 2&quot; daemon prio=5 tid=254 in Object.wait()&#10;java.lang.Thread.State: WAITING (on object monitor)&#10;        at sun.misc.Unsafe.park(Native Method)&#10;        at java.util.concurrent.locks.LockSupport.park(LockSupport.java:175)&#10;        at java.util.concurrent.locks.AbstractQueuedSynchronizer$ConditionObject.await(AbstractQueuedSynchronizer.java:2039)&#10;        at java.util.concurrent.ScheduledThreadPoolExecutor$DelayedWorkQueue.take(ScheduledThreadPoolExecutor.java:1088)&#10;        at java.util.concurrent.ScheduledThreadPoolExecutor$DelayedWorkQueue.take(ScheduledThreadPoolExecutor.java:809)&#10;        at java.util.concurrent.ThreadPoolExecutor.getTask(ThreadPoolExecutor.java:1074)&#10;        at java.util.concurrent.ThreadPoolExecutor.runWorker(ThreadPoolExecutor.java:1134)&#10;        at java.util.concurrent.ThreadPoolExecutor$Worker.run(ThreadPoolExecutor.java:624)&#10;        at java.lang.Thread.run(Thread.java:748)&#10;&quot;pool-56-thread-55&quot;  prio=5 tid=582 in Object.wait()&#10;java.lang.Thread.State: WAITING (on object monitor)&#10;        at sun.misc.Unsafe.park(Native Method)&#10;        at java.util.concurrent.locks.LockSupport.park(LockSupport.java:175)&#10;        at java.util.concurrent.locks.AbstractQueuedSynchronizer$ConditionObject.await(AbstractQueuedSynchronizer.java:2039)&#10;        at java.util.concurrent.ArrayBlockingQueue.take(ArrayBlockingQueue.java:403)&#10;        at java.util.concurrent.ThreadPoolExecutor.getTask(ThreadPoolExecutor.java:1074)&#10;        at java.util.concurrent.ThreadPoolExecutor.runWorker(ThreadPoolExecutor.java:1134)&#10;        at java.util.concurrent.ThreadPoolExecutor$Worker.run(ThreadPoolExecutor.java:624)&#10;        at java.lang.Thread.run(Thread.java:748)&#10;&quot;pool-26-thread-6&quot;  prio=5 tid=346 in Object.wait()&#10;java.lang.Thread.State: WAITING (on object monitor)&#10;        at sun.misc.Unsafe.park(Native Method)&#10;        at java.util.concurrent.locks.LockSupport.park(LockSupport.java:175)&#10;        at java.util.concurrent.locks.AbstractQueuedSynchronizer$ConditionObject.await(AbstractQueuedSynchronizer.java:2039)&#10;        at java.util.concurrent.ArrayBlockingQueue.take(ArrayBlockingQueue.java:403)&#10;        at java.util.concurrent.ThreadPoolExecutor.getTask(ThreadPoolExecutor.java:1074)&#10;        at java.util.concurrent.ThreadPoolExecutor.runWorker(ThreadPoolExecutor.java:1134)&#10;        at java.util.concurrent.ThreadPoolExecutor$Worker.run(ThreadPoolExecutor.java:624)&#10;        at java.lang.Thread.run(Thread.java:748)&#10;&quot;90957f92-0013-496b-a419-9c1212c810e8@group-054128F2D0E1-SegmentedRaftLogWorker&quot;  prio=5 tid=792 timed_waiting&#10;java.lang.Thread.State: TIMED_WAITING&#10;        at sun.misc.Unsafe.park(Native Method)&#10;        at java.util.concurrent.locks.LockSupport.parkNanos(LockSupport.java:215)&#10;        at java.util.concurrent.locks.AbstractQueuedSynchronizer$ConditionObject.awaitNanos(AbstractQueuedSynchronizer.java:2078)&#10;        at org.apache.ratis.util.DataBlockingQueue.poll(DataBlockingQueue.java:137)&#10;        at org.apache.ratis.server.raftlog.segmented.SegmentedRaftLogWorker.run(SegmentedRaftLogWorker.java:283)&#10;        at java.lang.Thread.run(Thread.java:748)&#10;&quot;pool-66-thread-35&quot;  prio=5 tid=624 in Object.wait()&#10;java.lang.Thread.State: WAITING (on object monitor)&#10;        at sun.misc.Unsafe.park(Native Method)&#10;        at java.util.concurrent.locks.LockSupport.park(LockSupport.java:175)&#10;        at java.util.concurrent.locks.AbstractQueuedSynchronizer$ConditionObject.await(AbstractQueuedSynchronizer.java:2039)&#10;        at java.util.concurrent.ArrayBlockingQueue.take(ArrayBlockingQueue.java:403)&#10;        at java.util.concurrent.ThreadPoolExecutor.getTask(ThreadPoolExecutor.java:1074)&#10;        at java.util.concurrent.ThreadPoolExecutor.runWorker(ThreadPoolExecutor.java:1134)&#10;        at java.util.concurrent.ThreadPoolExecutor$Worker.run(ThreadPoolExecutor.java:624)&#10;        at java.lang.Thread.run(Thread.java:748)&#10;&quot;pool-76-thread-20&quot;  prio=5 tid=671 in Object.wait()&#10;java.lang.Thread.State: WAITING (on object monitor)&#10;        at sun.misc.Unsafe.park(Native Method)&#10;        at java.util.concurrent.locks.LockSupport.park(LockSupport.java:175)&#10;        at java.util.concurrent.locks.AbstractQueuedSynchronizer$ConditionObject.await(AbstractQueuedSynchronizer.java:2039)&#10;        at java.util.concurrent.ArrayBlockingQueue.take(ArrayBlockingQueue.java:403)&#10;        at java.util.concurrent.ThreadPoolExecutor.getTask(ThreadPoolExecutor.java:1074)&#10;        at java.util.concurrent.ThreadPoolExecutor.runWorker(ThreadPoolExecutor.java:1134)&#10;        at java.util.concurrent.ThreadPoolExecutor$Worker.run(ThreadPoolExecutor.java:624)&#10;        at java.lang.Thread.run(Thread.java:748)&#10;&quot;pool-56-thread-2&quot;  prio=5 tid=529 in Object.wait()&#10;java.lang.Thread.State: WAITING (on object monitor)&#10;        at sun.misc.Unsafe.park(Native Method)&#10;        at java.util.concurrent.locks.LockSupport.park(LockSupport.java:175)&#10;        at java.util.concurrent.locks.AbstractQueuedSynchronizer$ConditionObject.await(AbstractQueuedSynchronizer.java:2039)&#10;        at java.util.concurrent.ArrayBlockingQueue.take(ArrayBlockingQueue.java:403)&#10;        at java.util.concurrent.ThreadPoolExecutor.getTask(ThreadPoolExecutor.java:1074)&#10;        at java.util.concurrent.ThreadPoolExecutor.runWorker(ThreadPoolExecutor.java:1134)&#10;        at java.util.concurrent.ThreadPoolExecutor$Worker.run(ThreadPoolExecutor.java:624)&#10;        at java.lang.Thread.run(Thread.java:748)&#10;&quot;qtp523528914-321&quot; daemon prio=5 tid=321 runnable&#10;java.lang.Thread.State: RUNNABLE&#10;        at sun.nio.ch.EPollArrayWrapper.epollWait(Native Method)&#10;        at sun.nio.ch.EPollArrayWrapper.poll(EPollArrayWrapper.java:269)&#10;        at sun.nio.ch.EPollSelectorImpl.doSelect(EPollSelectorImpl.java:93)&#10;        at sun.nio.ch.SelectorImpl.lockAndDoSelect(SelectorImpl.java:86)&#10;        at sun.nio.ch.SelectorImpl.select(SelectorImpl.java:97)&#10;        at sun.nio.ch.SelectorImpl.select(SelectorImpl.java:101)&#10;        at org.eclipse.jetty.io.ManagedSelector$SelectorProducer.select(ManagedSelector.java:243)&#10;        at org.eclipse.jetty.io.ManagedSelector$SelectorProducer.produce(ManagedSelector.java:191)&#10;        at org.eclipse.jetty.util.thread.strategy.ExecuteProduceConsume.executeProduceConsume(ExecuteProduceConsume.java:249)&#10;        at org.eclipse.jetty.util.thread.strategy.ExecuteProduceConsume.produceConsume(ExecuteProduceConsume.java:148)&#10;        at org.eclipse.jetty.util.thread.strategy.ExecuteProduceConsume.execute(ExecuteProduceConsume.java:100)&#10;        at org.eclipse.jetty.io.ManagedSelector.run(ManagedSelector.java:147)&#10;        at org.eclipse.jetty.util.thread.QueuedThreadPool.runJob(QueuedThreadPool.java:671)&#10;        at org.eclipse.jetty.util.thread.QueuedThreadPool$2.run(QueuedThreadPool.java:589)&#10;        at java.lang.Thread.run(Thread.java:748)&#10;&quot;pool-36-thread-2&quot;  prio=5 tid=402 in Object.wait()&#10;java.lang.Thread.State: WAITING (on object monitor)&#10;        at sun.misc.Unsafe.park(Native Method)&#10;        at java.util.concurrent.locks.LockSupport.park(LockSupport.java:175)&#10;        at java.util.concurrent.locks.AbstractQueuedSynchronizer$ConditionObject.await(AbstractQueuedSynchronizer.java:2039)&#10;        at java.util.concurrent.ArrayBlockingQueue.take(ArrayBlockingQueue.java:403)&#10;        at java.util.concurrent.ThreadPoolExecutor.getTask(ThreadPoolExecutor.java:1074)&#10;        at java.util.concurrent.ThreadPoolExecutor.runWorker(ThreadPoolExecutor.java:1134)&#10;        at java.util.concurrent.ThreadPoolExecutor$Worker.run(ThreadPoolExecutor.java:624)&#10;        at java.lang.Thread.run(Thread.java:748)&#10;&quot;refreshUsed-/workdir/hadoop-ozone/integration-test/target/test-dir/MiniOzoneClusterImpl-60a3af6c-3451-4a8a-82ad-625647a1d2f0/datanode-3/data/containers&quot; daemon prio=5 tid=235 timed_waiting&#10;java.lang.Thread.State: TIMED_WAITING&#10;        at java.lang.Thread.sleep(Native Method)&#10;        at org.apache.hadoop.fs.CachingGetSpaceUsed$RefreshThread.run(CachingGetSpaceUsed.java:179)&#10;        at java.lang.Thread.run(Thread.java:748)&#10;&quot;prometheus&quot; daemon prio=5 tid=100 in Object.wait()&#10;java.lang.Thread.State: WAITING (on object monitor)&#10;        at java.lang.Object.wait(Native Method)&#10;        at java.lang.Object.wait(Object.java:502)&#10;        at org.apache.hadoop.metrics2.impl.SinkQueue.waitForData(SinkQueue.java:114)&#10;        at org.apache.hadoop.metrics2.impl.SinkQueue.consumeAll(SinkQueue.java:83)&#10;        at org.apache.hadoop.metrics2.impl.MetricsSinkAdapter.publishMetricsFromQueue(MetricsSinkAdapter.java:135)&#10;        at org.apache.hadoop.metrics2.impl.MetricsSinkAdapter$1.run(MetricsSinkAdapter.java:89)&#10;&quot;pool-76-thread-54&quot;  prio=5 tid=705 in Object.wait()&#10;java.lang.Thread.State: WAITING (on object monitor)&#10;        at sun.misc.Unsafe.park(Native Method)&#10;        at java.util.concurrent.locks.LockSupport.park(LockSupport.java:175)&#10;        at java.util.concurrent.locks.AbstractQueuedSynchronizer$ConditionObject.await(AbstractQueuedSynchronizer.java:2039)&#10;        at java.util.concurrent.ArrayBlockingQueue.take(ArrayBlockingQueue.java:403)&#10;        at java.util.concurrent.ThreadPoolExecutor.getTask(ThreadPoolExecutor.java:1074)&#10;        at java.util.concurrent.ThreadPoolExecutor.runWorker(ThreadPoolExecutor.java:1134)&#10;        at java.util.concurrent.ThreadPoolExecutor$Worker.run(ThreadPoolExecutor.java:624)&#10;        at java.lang.Thread.run(Thread.java:748)&#10;&quot;IPC Server Responder&quot; daemon prio=5 tid=25 runnable&#10;java.lang.Thread.State: RUNNABLE&#10;        at sun.nio.ch.EPollArrayWrapper.epollWait(Native Method)&#10;        at sun.nio.ch.EPollArrayWrapper.poll(EPollArrayWrapper.java:269)&#10;        at sun.nio.ch.EPollSelectorImpl.doSelect(EPollSelectorImpl.java:93)&#10;        at sun.nio.ch.SelectorImpl.lockAndDoSelect(SelectorImpl.java:86)&#10;        at sun.nio.ch.SelectorImpl.select(SelectorImpl.java:97)&#10;        at org.apache.hadoop.ipc.Server$Responder.doRunLoop(Server.java:1334)&#10;        at org.apache.hadoop.ipc.Server$Responder.run(Server.java:1317)&#10;&quot;pool-76-thread-4&quot;  prio=5 tid=655 in Object.wait()&#10;java.lang.Thread.State: WAITING (on object monitor)&#10;        at sun.misc.Unsafe.park(Native Method)&#10;        at java.util.concurrent.locks.LockSupport.park(LockSupport.java:175)&#10;        at java.util.concurrent.locks.AbstractQueuedSynchronizer$ConditionObject.await(AbstractQueuedSynchronizer.java:2039)&#10;        at java.util.concurrent.ArrayBlockingQueue.take(ArrayBlockingQueue.java:403)&#10;        at java.util.concurrent.ThreadPoolExecutor.getTask(ThreadPoolExecutor.java:1074)&#10;        at java.util.concurrent.ThreadPoolExecutor.runWorker(ThreadPoolExecutor.java:1134)&#10;        at java.util.concurrent.ThreadPoolExecutor$Worker.run(ThreadPoolExecutor.java:624)&#10;        at java.lang.Thread.run(Thread.java:748)&#10;&quot;pool-26-thread-23&quot;  prio=5 tid=363 in Object.wait()&#10;java.lang.Thread.State: WAITING (on object monitor)&#10;        at sun.misc.Unsafe.park(Native Method)&#10;        at java.util.concurrent.locks.LockSupport.park(LockSupport.java:175)&#10;        at java.util.concurrent.locks.AbstractQueuedSynchronizer$ConditionObject.await(AbstractQueuedSynchronizer.java:2039)&#10;        at java.util.concurrent.ArrayBlockingQueue.take(ArrayBlockingQueue.java:403)&#10;        at java.util.concurrent.ThreadPoolExecutor.getTask(ThreadPoolExecutor.java:1074)&#10;        at java.util.concurrent.ThreadPoolExecutor.runWorker(ThreadPoolExecutor.java:1134)&#10;        at java.util.concurrent.ThreadPoolExecutor$Worker.run(ThreadPoolExecutor.java:624)&#10;        at java.lang.Thread.run(Thread.java:748)&#10;&quot;metrics-hadoop-metrics2-reporter-6-thread-1&quot; daemon prio=5 tid=809 timed_waiting&#10;java.lang.Thread.State: TIMED_WAITING&#10;        at sun.misc.Unsafe.park(Native Method)&#10;        at java.util.concurrent.locks.LockSupport.parkNanos(LockSupport.java:215)&#10;        at java.util.concurrent.locks.AbstractQueuedSynchronizer$ConditionObject.awaitNanos(AbstractQueuedSynchronizer.java:2078)&#10;        at java.util.concurrent.ScheduledThreadPoolExecutor$DelayedWorkQueue.take(ScheduledThreadPoolExecutor.java:1093)&#10;        at java.util.concurrent.ScheduledThreadPoolExecutor$DelayedWorkQueue.take(ScheduledThreadPoolExecutor.java:809)&#10;        at java.util.concurrent.ThreadPoolExecutor.getTask(ThreadPoolExecutor.java:1074)&#10;        at java.util.concurrent.ThreadPoolExecutor.runWorker(ThreadPoolExecutor.java:1134)&#10;        at java.util.concurrent.ThreadPoolExecutor$Worker.run(ThreadPoolExecutor.java:624)&#10;        at java.lang.Thread.run(Thread.java:748)&#10;&quot;pool-76-thread-17&quot;  prio=5 tid=668 in Object.wait()&#10;java.lang.Thread.State: WAITING (on object monitor)&#10;        at sun.misc.Unsafe.park(Native Method)&#10;        at java.util.concurrent.locks.LockSupport.park(LockSupport.java:175)&#10;        at java.util.concurrent.locks.AbstractQueuedSynchronizer$ConditionObject.await(AbstractQueuedSynchronizer.java:2039)&#10;        at java.util.concurrent.ArrayBlockingQueue.take(ArrayBlockingQueue.java:403)&#10;        at java.util.concurrent.ThreadPoolExecutor.getTask(ThreadPoolExecutor.java:1074)&#10;        at java.util.concurrent.ThreadPoolExecutor.runWorker(ThreadPoolExecutor.java:1134)&#10;        at java.util.concurrent.ThreadPoolExecutor$Worker.run(ThreadPoolExecutor.java:624)&#10;        at java.lang.Thread.run(Thread.java:748)&#10;&#10;" type="java.util.concurrent.TimeoutException">java.util.concurrent.TimeoutException: 
Timed out waiting for condition. Thread diagnostics:
Timestamp: 2019-09-12 04:25:32,489

"pool-86-thread-44"  prio=5 tid=757 in Object.wait()
java.lang.Thread.State: WAITING (on object monitor)
        at sun.misc.Unsafe.park(Native Method)
        at java.util.concurrent.locks.LockSupport.park(LockSupport.java:175)
        at java.util.concurrent.locks.AbstractQueuedSynchronizer$ConditionObject.await(AbstractQueuedSynchronizer.java:2039)
        at java.util.concurrent.ArrayBlockingQueue.take(ArrayBlockingQueue.java:403)
        at java.util.concurrent.ThreadPoolExecutor.getTask(ThreadPoolExecutor.java:1074)
        at java.util.concurrent.ThreadPoolExecutor.runWorker(ThreadPoolExecutor.java:1134)
        at java.util.concurrent.ThreadPoolExecutor$Worker.run(ThreadPoolExecutor.java:624)
        at java.lang.Thread.run(Thread.java:748)
"BlockDeletingService#1" daemon prio=5 tid=525 in Object.wait()
java.lang.Thread.State: WAITING (on object monitor)
        at sun.misc.Unsafe.park(Native Method)
        at java.util.concurrent.locks.LockSupport.park(LockSupport.java:175)
        at java.util.concurrent.locks.AbstractQueuedSynchronizer$ConditionObject.await(AbstractQueuedSynchronizer.java:2039)
        at java.util.concurrent.ScheduledThreadPoolExecutor$DelayedWorkQueue.take(ScheduledThreadPoolExecutor.java:1088)
        at java.util.concurrent.ScheduledThreadPoolExecutor$DelayedWorkQueue.take(ScheduledThreadPoolExecutor.java:809)
        at java.util.concurrent.ThreadPoolExecutor.getTask(ThreadPoolExecutor.java:1074)
        at java.util.concurrent.ThreadPoolExecutor.runWorker(ThreadPoolExecutor.java:1134)
        at java.util.concurrent.ThreadPoolExecutor$Worker.run(ThreadPoolExecutor.java:624)
        at java.lang.Thread.run(Thread.java:748)
"pool-36-thread-56"  prio=5 tid=456 in Object.wait()
java.lang.Thread.State: WAITING (on object monitor)
        at sun.misc.Unsafe.park(Native Method)
        at java.util.concurrent.locks.LockSupport.park(LockSupport.java:175)
        at java.util.concurrent.locks.AbstractQueuedSynchronizer$ConditionObject.await(AbstractQueuedSynchronizer.java:2039)
        at java.util.concurrent.ArrayBlockingQueue.take(ArrayBlockingQueue.java:403)
        at java.util.concurrent.ThreadPoolExecutor.getTask(ThreadPoolExecutor.java:1074)
        at java.util.concurrent.ThreadPoolExecutor.runWorker(ThreadPoolExecutor.java:1134)
        at java.util.concurrent.ThreadPoolExecutor$Worker.run(ThreadPoolExecutor.java:624)
        at java.lang.Thread.run(Thread.java:748)
"metrics-hadoop-metrics2-reporter-36-thread-1" daemon prio=5 tid=2222 timed_waiting
java.lang.Thread.State: TIMED_WAITING
        at sun.misc.Unsafe.park(Native Method)
        at java.util.concurrent.locks.LockSupport.parkNanos(LockSupport.java:215)
        at java.util.concurrent.locks.AbstractQueuedSynchronizer$ConditionObject.awaitNanos(AbstractQueuedSynchronizer.java:2078)
        at java.util.concurrent.ScheduledThreadPoolExecutor$DelayedWorkQueue.take(ScheduledThreadPoolExecutor.java:1093)
        at java.util.concurrent.ScheduledThreadPoolExecutor$DelayedWorkQueue.take(ScheduledThreadPoolExecutor.java:809)
        at java.util.concurrent.ThreadPoolExecutor.getTask(ThreadPoolExecutor.java:1074)
        at java.util.concurrent.ThreadPoolExecutor.runWorker(ThreadPoolExecutor.java:1134)
        at java.util.concurrent.ThreadPoolExecutor$Worker.run(ThreadPoolExecutor.java:624)
        at java.lang.Thread.run(Thread.java:748)
"Thread-296" daemon prio=5 tid=903 timed_waiting
java.lang.Thread.State: TIMED_WAITING
        at sun.misc.Unsafe.park(Native Method)
        at java.util.concurrent.locks.LockSupport.parkNanos(LockSupport.java:215)
        at java.util.concurrent.locks.AbstractQueuedSynchronizer$ConditionObject.awaitNanos(AbstractQueuedSynchronizer.java:2078)
        at java.util.concurrent.ArrayBlockingQueue.poll(ArrayBlockingQueue.java:418)
        at org.apache.ratis.server.impl.LeaderState$EventQueue.poll(LeaderState.java:115)
        at org.apache.ratis.server.impl.LeaderState$EventProcessor.run(LeaderState.java:457)
"pool-46-thread-29"  prio=5 tid=489 in Object.wait()
java.lang.Thread.State: WAITING (on object monitor)
        at sun.misc.Unsafe.park(Native Method)
        at java.util.concurrent.locks.LockSupport.park(LockSupport.java:175)
        at java.util.concurrent.locks.AbstractQueuedSynchronizer$ConditionObject.await(AbstractQueuedSynchronizer.java:2039)
        at java.util.concurrent.ArrayBlockingQueue.take(ArrayBlockingQueue.java:403)
        at java.util.concurrent.ThreadPoolExecutor.getTask(ThreadPoolExecutor.java:1074)
        at java.util.concurrent.ThreadPoolExecutor.runWorker(ThreadPoolExecutor.java:1134)
        at java.util.concurrent.ThreadPoolExecutor$Worker.run(ThreadPoolExecutor.java:624)
        at java.lang.Thread.run(Thread.java:748)
"org.eclipse.jetty.server.session.HashSessionManager@c27a3a2Timer" daemon prio=5 tid=194 timed_waiting
java.lang.Thread.State: TIMED_WAITING
        at sun.misc.Unsafe.park(Native Method)
        at java.util.concurrent.locks.LockSupport.parkNanos(LockSupport.java:215)
        at java.util.concurrent.locks.AbstractQueuedSynchronizer$ConditionObject.awaitNanos(AbstractQueuedSynchronizer.java:2078)
        at java.util.concurrent.ScheduledThreadPoolExecutor$DelayedWorkQueue.take(ScheduledThreadPoolExecutor.java:1093)
        at java.util.concurrent.ScheduledThreadPoolExecutor$DelayedWorkQueue.take(ScheduledThreadPoolExecutor.java:809)
        at java.util.concurrent.ThreadPoolExecutor.getTask(ThreadPoolExecutor.java:1074)
        at java.util.concurrent.ThreadPoolExecutor.runWorker(ThreadPoolExecutor.java:1134)
        at java.util.concurrent.ThreadPoolExecutor$Worker.run(ThreadPoolExecutor.java:624)
        at java.lang.Thread.run(Thread.java:748)
"pool-56-thread-27"  prio=5 tid=554 in Object.wait()
java.lang.Thread.State: WAITING (on object monitor)
        at sun.misc.Unsafe.park(Native Method)
        at java.util.concurrent.locks.LockSupport.park(LockSupport.java:175)
        at java.util.concurrent.locks.AbstractQueuedSynchronizer$ConditionObject.await(AbstractQueuedSynchronizer.java:2039)
        at java.util.concurrent.ArrayBlockingQueue.take(ArrayBlockingQueue.java:403)
        at java.util.concurrent.ThreadPoolExecutor.getTask(ThreadPoolExecutor.java:1074)
        at java.util.concurrent.ThreadPoolExecutor.runWorker(ThreadPoolExecutor.java:1134)
        at java.util.concurrent.ThreadPoolExecutor$Worker.run(ThreadPoolExecutor.java:624)
        at java.lang.Thread.run(Thread.java:748)
"pool-26-thread-41"  prio=5 tid=381 in Object.wait()
java.lang.Thread.State: WAITING (on object monitor)
        at sun.misc.Unsafe.park(Native Method)
        at java.util.concurrent.locks.LockSupport.park(LockSupport.java:175)
        at java.util.concurrent.locks.AbstractQueuedSynchronizer$ConditionObject.await(AbstractQueuedSynchronizer.java:2039)
        at java.util.concurrent.ArrayBlockingQueue.take(ArrayBlockingQueue.java:403)
        at java.util.concurrent.ThreadPoolExecutor.getTask(ThreadPoolExecutor.java:1074)
        at java.util.concurrent.ThreadPoolExecutor.runWorker(ThreadPoolExecutor.java:1134)
        at java.util.concurrent.ThreadPoolExecutor$Worker.run(ThreadPoolExecutor.java:624)
        at java.lang.Thread.run(Thread.java:748)
"pool-36-thread-21"  prio=5 tid=421 in Object.wait()
java.lang.Thread.State: WAITING (on object monitor)
        at sun.misc.Unsafe.park(Native Method)
        at java.util.concurrent.locks.LockSupport.park(LockSupport.java:175)
        at java.util.concurrent.locks.AbstractQueuedSynchronizer$ConditionObject.await(AbstractQueuedSynchronizer.java:2039)
        at java.util.concurrent.ArrayBlockingQueue.take(ArrayBlockingQueue.java:403)
        at java.util.concurrent.ThreadPoolExecutor.getTask(ThreadPoolExecutor.java:1074)
        at java.util.concurrent.ThreadPoolExecutor.runWorker(ThreadPoolExecutor.java:1134)
        at java.util.concurrent.ThreadPoolExecutor$Worker.run(ThreadPoolExecutor.java:624)
        at java.lang.Thread.run(Thread.java:748)
"refreshUsed-/workdir/hadoop-ozone/integration-test/target/test-dir/MiniOzoneClusterImpl-60a3af6c-3451-4a8a-82ad-625647a1d2f0/datanode-6/data/containers" daemon prio=5 tid=316 timed_waiting
java.lang.Thread.State: TIMED_WAITING
        at java.lang.Thread.sleep(Native Method)
        at org.apache.hadoop.fs.CachingGetSpaceUsed$RefreshThread.run(CachingGetSpaceUsed.java:179)
        at java.lang.Thread.run(Thread.java:748)
"metrics-hadoop-metrics2-reporter-13-thread-1" daemon prio=5 tid=845 timed_waiting
java.lang.Thread.State: TIMED_WAITING
        at sun.misc.Unsafe.park(Native Method)
        at java.util.concurrent.locks.LockSupport.parkNanos(LockSupport.java:215)
        at java.util.concurrent.locks.AbstractQueuedSynchronizer$ConditionObject.awaitNanos(AbstractQueuedSynchronizer.java:2078)
        at java.util.concurrent.ScheduledThreadPoolExecutor$DelayedWorkQueue.take(ScheduledThreadPoolExecutor.java:1093)
        at java.util.concurrent.ScheduledThreadPoolExecutor$DelayedWorkQueue.take(ScheduledThreadPoolExecutor.java:809)
        at java.util.concurrent.ThreadPoolExecutor.getTask(ThreadPoolExecutor.java:1074)
        at java.util.concurrent.ThreadPoolExecutor.runWorker(ThreadPoolExecutor.java:1134)
        at java.util.concurrent.ThreadPoolExecutor$Worker.run(ThreadPoolExecutor.java:624)
        at java.lang.Thread.run(Thread.java:748)
"java.util.concurrent.ThreadPoolExecutor$Worker@5a78be13[State = -1, empty queue]" daemon prio=5 tid=3974 runnable
java.lang.Thread.State: RUNNABLE
        at java.util.concurrent.ScheduledThreadPoolExecutor$DelayedWorkQueue.poll(ScheduledThreadPoolExecutor.java:809)
        at java.util.concurrent.ThreadPoolExecutor.getTask(ThreadPoolExecutor.java:1073)
        at java.util.concurrent.ThreadPoolExecutor.runWorker(ThreadPoolExecutor.java:1134)
        at java.util.concurrent.ThreadPoolExecutor$Worker.run(ThreadPoolExecutor.java:624)
        at java.lang.Thread.run(Thread.java:748)
"SCMBlockDeletingService#0" daemon prio=5 tid=101 timed_waiting
java.lang.Thread.State: TIMED_WAITING
        at sun.misc.Unsafe.park(Native Method)
        at java.util.concurrent.locks.LockSupport.parkNanos(LockSupport.java:215)
        at java.util.concurrent.locks.AbstractQueuedSynchronizer$ConditionObject.awaitNanos(AbstractQueuedSynchronizer.java:2078)
        at java.util.concurrent.ScheduledThreadPoolExecutor$DelayedWorkQueue.take(ScheduledThreadPoolExecutor.java:1093)
        at java.util.concurrent.ScheduledThreadPoolExecutor$DelayedWorkQueue.take(ScheduledThreadPoolExecutor.java:809)
        at java.util.concurrent.ThreadPoolExecutor.getTask(ThreadPoolExecutor.java:1074)
        at java.util.concurrent.ThreadPoolExecutor.runWorker(ThreadPoolExecutor.java:1134)
        at java.util.concurrent.ThreadPoolExecutor$Worker.run(ThreadPoolExecutor.java:624)
        at java.lang.Thread.run(Thread.java:748)
"RatisApplyTransactionExecutor 0" daemon prio=5 tid=2407 in Object.wait()
java.lang.Thread.State: WAITING (on object monitor)
        at sun.misc.Unsafe.park(Native Method)
        at java.util.concurrent.locks.LockSupport.park(LockSupport.java:175)
        at java.util.concurrent.locks.AbstractQueuedSynchronizer$ConditionObject.await(AbstractQueuedSynchronizer.java:2039)
        at java.util.concurrent.LinkedBlockingQueue.take(LinkedBlockingQueue.java:442)
        at java.util.concurrent.ThreadPoolExecutor.getTask(ThreadPoolExecutor.java:1074)
        at java.util.concurrent.ThreadPoolExecutor.runWorker(ThreadPoolExecutor.java:1134)
        at java.util.concurrent.ThreadPoolExecutor$Worker.run(ThreadPoolExecutor.java:624)
        at java.lang.Thread.run(Thread.java:748)
"pool-66-thread-4"  prio=5 tid=593 in Object.wait()
java.lang.Thread.State: WAITING (on object monitor)
        at sun.misc.Unsafe.park(Native Method)
        at java.util.concurrent.locks.LockSupport.park(LockSupport.java:175)
        at java.util.concurrent.locks.AbstractQueuedSynchronizer$ConditionObject.await(AbstractQueuedSynchronizer.java:2039)
        at java.util.concurrent.ArrayBlockingQueue.take(ArrayBlockingQueue.java:403)
        at java.util.concurrent.ThreadPoolExecutor.getTask(ThreadPoolExecutor.java:1074)
        at java.util.concurrent.ThreadPoolExecutor.runWorker(ThreadPoolExecutor.java:1134)
        at java.util.concurrent.ThreadPoolExecutor$Worker.run(ThreadPoolExecutor.java:624)
        at java.lang.Thread.run(Thread.java:748)
"pool-76-thread-36"  prio=5 tid=687 in Object.wait()
java.lang.Thread.State: WAITING (on object monitor)
        at sun.misc.Unsafe.park(Native Method)
        at java.util.concurrent.locks.LockSupport.park(LockSupport.java:175)
        at java.util.concurrent.locks.AbstractQueuedSynchronizer$ConditionObject.await(AbstractQueuedSynchronizer.java:2039)
        at java.util.concurrent.ArrayBlockingQueue.take(ArrayBlockingQueue.java:403)
        at java.util.concurrent.ThreadPoolExecutor.getTask(ThreadPoolExecutor.java:1074)
        at java.util.concurrent.ThreadPoolExecutor.runWorker(ThreadPoolExecutor.java:1134)
        at java.util.concurrent.ThreadPoolExecutor$Worker.run(ThreadPoolExecutor.java:624)
        at java.lang.Thread.run(Thread.java:748)
"qtp1092382020-270" daemon prio=5 tid=270 timed_waiting
java.lang.Thread.State: TIMED_WAITING
        at sun.misc.Unsafe.park(Native Method)
        at java.util.concurrent.locks.LockSupport.parkNanos(LockSupport.java:215)
        at java.util.concurrent.locks.AbstractQueuedSynchronizer$ConditionObject.awaitNanos(AbstractQueuedSynchronizer.java:2078)
        at org.eclipse.jetty.util.BlockingArrayQueue.poll(BlockingArrayQueue.java:392)
        at org.eclipse.jetty.util.thread.QueuedThreadPool.idleJobPoll(QueuedThreadPool.java:563)
        at org.eclipse.jetty.util.thread.QueuedThreadPool.access$800(QueuedThreadPool.java:48)
        at org.eclipse.jetty.util.thread.QueuedThreadPool$2.run(QueuedThreadPool.java:626)
        at java.lang.Thread.run(Thread.java:748)
"IPC Server handler 17 on 40419" daemon prio=5 tid=46 timed_waiting
java.lang.Thread.State: TIMED_WAITING
        at sun.misc.Unsafe.park(Native Method)
        at java.util.concurrent.locks.LockSupport.parkNanos(LockSupport.java:215)
        at java.util.concurrent.locks.AbstractQueuedSynchronizer$ConditionObject.awaitNanos(AbstractQueuedSynchronizer.java:2078)
        at java.util.concurrent.LinkedBlockingQueue.poll(LinkedBlockingQueue.java:467)
        at org.apache.hadoop.ipc.CallQueueManager.take(CallQueueManager.java:288)
        at org.apache.hadoop.ipc.Server$Handler.run(Server.java:2668)
"pool-76-thread-38"  prio=5 tid=689 in Object.wait()
java.lang.Thread.State: WAITING (on object monitor)
        at sun.misc.Unsafe.park(Native Method)
        at java.util.concurrent.locks.LockSupport.park(LockSupport.java:175)
        at java.util.concurrent.locks.AbstractQueuedSynchronizer$ConditionObject.await(AbstractQueuedSynchronizer.java:2039)
        at java.util.concurrent.ArrayBlockingQueue.take(ArrayBlockingQueue.java:403)
        at java.util.concurrent.ThreadPoolExecutor.getTask(ThreadPoolExecutor.java:1074)
        at java.util.concurrent.ThreadPoolExecutor.runWorker(ThreadPoolExecutor.java:1134)
        at java.util.concurrent.ThreadPoolExecutor$Worker.run(ThreadPoolExecutor.java:624)
        at java.lang.Thread.run(Thread.java:748)
"IPC Server handler 6 on 40610" daemon prio=5 tid=121 timed_waiting
java.lang.Thread.State: TIMED_WAITING
        at sun.misc.Unsafe.park(Native Method)
        at java.util.concurrent.locks.LockSupport.parkNanos(LockSupport.java:215)
        at java.util.concurrent.locks.AbstractQueuedSynchronizer$ConditionObject.awaitNanos(AbstractQueuedSynchronizer.java:2078)
        at java.util.concurrent.LinkedBlockingQueue.poll(LinkedBlockingQueue.java:467)
        at org.apache.hadoop.ipc.CallQueueManager.take(CallQueueManager.java:288)
        at org.apache.hadoop.ipc.Server$Handler.run(Server.java:2668)
"pool-66-thread-39"  prio=5 tid=628 in Object.wait()
java.lang.Thread.State: WAITING (on object monitor)
        at sun.misc.Unsafe.park(Native Method)
        at java.util.concurrent.locks.LockSupport.park(LockSupport.java:175)
        at java.util.concurrent.locks.AbstractQueuedSynchronizer$ConditionObject.await(AbstractQueuedSynchronizer.java:2039)
        at java.util.concurrent.ArrayBlockingQueue.take(ArrayBlockingQueue.java:403)
        at java.util.concurrent.ThreadPoolExecutor.getTask(ThreadPoolExecutor.java:1074)
        at java.util.concurrent.ThreadPoolExecutor.runWorker(ThreadPoolExecutor.java:1134)
        at java.util.concurrent.ThreadPoolExecutor$Worker.run(ThreadPoolExecutor.java:624)
        at java.lang.Thread.run(Thread.java:748)
"pool-76-thread-45"  prio=5 tid=696 in Object.wait()
java.lang.Thread.State: WAITING (on object monitor)
        at sun.misc.Unsafe.park(Native Method)
        at java.util.concurrent.locks.LockSupport.park(LockSupport.java:175)
        at java.util.concurrent.locks.AbstractQueuedSynchronizer$ConditionObject.await(AbstractQueuedSynchronizer.java:2039)
        at java.util.concurrent.ArrayBlockingQueue.take(ArrayBlockingQueue.java:403)
        at java.util.concurrent.ThreadPoolExecutor.getTask(ThreadPoolExecutor.java:1074)
        at java.util.concurrent.ThreadPoolExecutor.runWorker(ThreadPoolExecutor.java:1134)
        at java.util.concurrent.ThreadPoolExecutor$Worker.run(ThreadPoolExecutor.java:624)
        at java.lang.Thread.run(Thread.java:748)
"pool-46-thread-40"  prio=5 tid=500 in Object.wait()
java.lang.Thread.State: WAITING (on object monitor)
        at sun.misc.Unsafe.park(Native Method)
        at java.util.concurrent.locks.LockSupport.park(LockSupport.java:175)
        at java.util.concurrent.locks.AbstractQueuedSynchronizer$ConditionObject.await(AbstractQueuedSynchronizer.java:2039)
        at java.util.concurrent.ArrayBlockingQueue.take(ArrayBlockingQueue.java:403)
        at java.util.concurrent.ThreadPoolExecutor.getTask(ThreadPoolExecutor.java:1074)
        at java.util.concurrent.ThreadPoolExecutor.runWorker(ThreadPoolExecutor.java:1134)
        at java.util.concurrent.ThreadPoolExecutor$Worker.run(ThreadPoolExecutor.java:624)
        at java.lang.Thread.run(Thread.java:748)
"surefire-forkedjvm-ping-30s" daemon prio=5 tid=9 timed_waiting
java.lang.Thread.State: TIMED_WAITING
        at sun.misc.Unsafe.park(Native Method)
        at java.util.concurrent.locks.LockSupport.parkNanos(LockSupport.java:215)
        at java.util.concurrent.locks.AbstractQueuedSynchronizer$ConditionObject.awaitNanos(AbstractQueuedSynchronizer.java:2078)
        at java.util.concurrent.ScheduledThreadPoolExecutor$DelayedWorkQueue.take(ScheduledThreadPoolExecutor.java:1093)
        at java.util.concurrent.ScheduledThreadPoolExecutor$DelayedWorkQueue.take(ScheduledThreadPoolExecutor.java:809)
        at java.util.concurrent.ThreadPoolExecutor.getTask(ThreadPoolExecutor.java:1074)
        at java.util.concurrent.ThreadPoolExecutor.runWorker(ThreadPoolExecutor.java:1134)
        at java.util.concurrent.ThreadPoolExecutor$Worker.run(ThreadPoolExecutor.java:624)
        at java.lang.Thread.run(Thread.java:748)
"qtp2075074394-219" daemon prio=5 tid=219 timed_waiting
java.lang.Thread.State: TIMED_WAITING
        at sun.misc.Unsafe.park(Native Method)
        at java.util.concurrent.locks.LockSupport.parkNanos(LockSupport.java:215)
        at java.util.concurrent.locks.AbstractQueuedSynchronizer$ConditionObject.awaitNanos(AbstractQueuedSynchronizer.java:2078)
        at org.eclipse.jetty.util.BlockingArrayQueue.poll(BlockingArrayQueue.java:392)
        at org.eclipse.jetty.util.thread.QueuedThreadPool.idleJobPoll(QueuedThreadPool.java:563)
        at org.eclipse.jetty.util.thread.QueuedThreadPool.access$800(QueuedThreadPool.java:48)
        at org.eclipse.jetty.util.thread.QueuedThreadPool$2.run(QueuedThreadPool.java:626)
        at java.lang.Thread.run(Thread.java:748)
"metrics-hadoop-metrics2-reporter-14-thread-1" daemon prio=5 tid=848 timed_waiting
java.lang.Thread.State: TIMED_WAITING
        at sun.misc.Unsafe.park(Native Method)
        at java.util.concurrent.locks.LockSupport.parkNanos(LockSupport.java:215)
        at java.util.concurrent.locks.AbstractQueuedSynchronizer$ConditionObject.awaitNanos(AbstractQueuedSynchronizer.java:2078)
        at java.util.concurrent.ScheduledThreadPoolExecutor$DelayedWorkQueue.take(ScheduledThreadPoolExecutor.java:1093)
        at java.util.concurrent.ScheduledThreadPoolExecutor$DelayedWorkQueue.take(ScheduledThreadPoolExecutor.java:809)
        at java.util.concurrent.ThreadPoolExecutor.getTask(ThreadPoolExecutor.java:1074)
        at java.util.concurrent.ThreadPoolExecutor.runWorker(ThreadPoolExecutor.java:1134)
        at java.util.concurrent.ThreadPoolExecutor$Worker.run(ThreadPoolExecutor.java:624)
        at java.lang.Thread.run(Thread.java:748)
"pool-86-thread-6"  prio=5 tid=719 in Object.wait()
java.lang.Thread.State: WAITING (on object monitor)
        at sun.misc.Unsafe.park(Native Method)
        at java.util.concurrent.locks.LockSupport.park(LockSupport.java:175)
        at java.util.concurrent.locks.AbstractQueuedSynchronizer$ConditionObject.await(AbstractQueuedSynchronizer.java:2039)
        at java.util.concurrent.ArrayBlockingQueue.take(ArrayBlockingQueue.java:403)
        at java.util.concurrent.ThreadPoolExecutor.getTask(ThreadPoolExecutor.java:1074)
        at java.util.concurrent.ThreadPoolExecutor.runWorker(ThreadPoolExecutor.java:1134)
        at java.util.concurrent.ThreadPoolExecutor$Worker.run(ThreadPoolExecutor.java:624)
        at java.lang.Thread.run(Thread.java:748)
"pool-56-thread-24"  prio=5 tid=551 in Object.wait()
java.lang.Thread.State: WAITING (on object monitor)
        at sun.misc.Unsafe.park(Native Method)
        at java.util.concurrent.locks.LockSupport.park(LockSupport.java:175)
        at java.util.concurrent.locks.AbstractQueuedSynchronizer$ConditionObject.await(AbstractQueuedSynchronizer.java:2039)
        at java.util.concurrent.ArrayBlockingQueue.take(ArrayBlockingQueue.java:403)
        at java.util.concurrent.ThreadPoolExecutor.getTask(ThreadPoolExecutor.java:1074)
        at java.util.concurrent.ThreadPoolExecutor.runWorker(ThreadPoolExecutor.java:1134)
        at java.util.concurrent.ThreadPoolExecutor$Worker.run(ThreadPoolExecutor.java:624)
        at java.lang.Thread.run(Thread.java:748)
"pool-46-thread-58"  prio=5 tid=518 in Object.wait()
java.lang.Thread.State: WAITING (on object monitor)
        at sun.misc.Unsafe.park(Native Method)
        at java.util.concurrent.locks.LockSupport.park(LockSupport.java:175)
        at java.util.concurrent.locks.AbstractQueuedSynchronizer$ConditionObject.await(AbstractQueuedSynchronizer.java:2039)
        at java.util.concurrent.ArrayBlockingQueue.take(ArrayBlockingQueue.java:403)
        at java.util.concurrent.ThreadPoolExecutor.getTask(ThreadPoolExecutor.java:1074)
        at java.util.concurrent.ThreadPoolExecutor.runWorker(ThreadPoolExecutor.java:1134)
        at java.util.concurrent.ThreadPoolExecutor$Worker.run(ThreadPoolExecutor.java:624)
        at java.lang.Thread.run(Thread.java:748)
"pool-46-thread-7"  prio=5 tid=467 in Object.wait()
java.lang.Thread.State: WAITING (on object monitor)
        at sun.misc.Unsafe.park(Native Method)
        at java.util.concurrent.locks.LockSupport.park(LockSupport.java:175)
        at java.util.concurrent.locks.AbstractQueuedSynchronizer$ConditionObject.await(AbstractQueuedSynchronizer.java:2039)
        at java.util.concurrent.ArrayBlockingQueue.take(ArrayBlockingQueue.java:403)
        at java.util.concurrent.ThreadPoolExecutor.getTask(ThreadPoolExecutor.java:1074)
        at java.util.concurrent.ThreadPoolExecutor.runWorker(ThreadPoolExecutor.java:1134)
        at java.util.concurrent.ThreadPoolExecutor$Worker.run(ThreadPoolExecutor.java:624)
        at java.lang.Thread.run(Thread.java:748)
"metrics-hadoop-metrics2-reporter-34-thread-1" daemon prio=5 tid=1678 timed_waiting
java.lang.Thread.State: TIMED_WAITING
        at sun.misc.Unsafe.park(Native Method)
        at java.util.concurrent.locks.LockSupport.parkNanos(LockSupport.java:215)
        at java.util.concurrent.locks.AbstractQueuedSynchronizer$ConditionObject.awaitNanos(AbstractQueuedSynchronizer.java:2078)
        at java.util.concurrent.ScheduledThreadPoolExecutor$DelayedWorkQueue.take(ScheduledThreadPoolExecutor.java:1093)
        at java.util.concurrent.ScheduledThreadPoolExecutor$DelayedWorkQueue.take(ScheduledThreadPoolExecutor.java:809)
        at java.util.concurrent.ThreadPoolExecutor.getTask(ThreadPoolExecutor.java:1074)
        at java.util.concurrent.ThreadPoolExecutor.runWorker(ThreadPoolExecutor.java:1134)
        at java.util.concurrent.ThreadPoolExecutor$Worker.run(ThreadPoolExecutor.java:624)
        at java.lang.Thread.run(Thread.java:748)
"pool-36-thread-58"  prio=5 tid=458 in Object.wait()
java.lang.Thread.State: WAITING (on object monitor)
        at sun.misc.Unsafe.park(Native Method)
        at java.util.concurrent.locks.LockSupport.park(LockSupport.java:175)
        at java.util.concurrent.locks.AbstractQueuedSynchronizer$ConditionObject.await(AbstractQueuedSynchronizer.java:2039)
        at java.util.concurrent.ArrayBlockingQueue.take(ArrayBlockingQueue.java:403)
        at java.util.concurrent.ThreadPoolExecutor.getTask(ThreadPoolExecutor.java:1074)
        at java.util.concurrent.ThreadPoolExecutor.runWorker(ThreadPoolExecutor.java:1134)
        at java.util.concurrent.ThreadPoolExecutor$Worker.run(ThreadPoolExecutor.java:624)
        at java.lang.Thread.run(Thread.java:748)
"qtp978035840-140" daemon prio=5 tid=140 timed_waiting
java.lang.Thread.State: TIMED_WAITING
        at sun.misc.Unsafe.park(Native Method)
        at java.util.concurrent.locks.LockSupport.parkNanos(LockSupport.java:215)
        at java.util.concurrent.locks.AbstractQueuedSynchronizer$ConditionObject.awaitNanos(AbstractQueuedSynchronizer.java:2078)
        at org.eclipse.jetty.util.BlockingArrayQueue.poll(BlockingArrayQueue.java:392)
        at org.eclipse.jetty.util.thread.QueuedThreadPool.idleJobPoll(QueuedThreadPool.java:563)
        at org.eclipse.jetty.util.thread.QueuedThreadPool.access$800(QueuedThreadPool.java:48)
        at org.eclipse.jetty.util.thread.QueuedThreadPool$2.run(QueuedThreadPool.java:626)
        at java.lang.Thread.run(Thread.java:748)
"IPC Server handler 15 on 40419" daemon prio=5 tid=44 timed_waiting
java.lang.Thread.State: TIMED_WAITING
        at sun.misc.Unsafe.park(Native Method)
        at java.util.concurrent.locks.LockSupport.parkNanos(LockSupport.java:215)
        at java.util.concurrent.locks.AbstractQueuedSynchronizer$ConditionObject.awaitNanos(AbstractQueuedSynchronizer.java:2078)
        at java.util.concurrent.LinkedBlockingQueue.poll(LinkedBlockingQueue.java:467)
        at org.apache.hadoop.ipc.CallQueueManager.take(CallQueueManager.java:288)
        at org.apache.hadoop.ipc.Server$Handler.run(Server.java:2668)
"Datanode State Machine Thread - 0" daemon prio=5 tid=170 timed_waiting
java.lang.Thread.State: TIMED_WAITING
        at java.lang.Thread.sleep(Native Method)
        at org.apache.hadoop.ozone.container.common.statemachine.DatanodeStateMachine.start(DatanodeStateMachine.java:191)
        at org.apache.hadoop.ozone.container.common.statemachine.DatanodeStateMachine.lambda$startDaemon$0(DatanodeStateMachine.java:349)
        at org.apache.hadoop.ozone.container.common.statemachine.DatanodeStateMachine$$Lambda$136/1673604690.run(Unknown Source)
        at java.lang.Thread.run(Thread.java:748)
"main"  prio=5 tid=1 runnable
java.lang.Thread.State: RUNNABLE
        at java.lang.Thread.dumpThreads(Native Method)
        at java.lang.Thread.getAllStackTraces(Thread.java:1610)
        at org.apache.hadoop.test.TimedOutTestsListener.buildThreadDump(TimedOutTestsListener.java:87)
        at org.apache.hadoop.test.TimedOutTestsListener.buildThreadDiagnosticString(TimedOutTestsListener.java:73)
        at org.apache.hadoop.test.GenericTestUtils.waitFor(GenericTestUtils.java:389)
        at org.apache.hadoop.ozone.container.ContainerTestHelper.waitForContainerClose(ContainerTestHelper.java:863)
        at org.apache.hadoop.ozone.container.ContainerTestHelper.waitForContainerClose(ContainerTestHelper.java:741)
        at org.apache.hadoop.ozone.client.rpc.TestCloseContainerHandlingByClient.waitForContainerClose(TestCloseContainerHandlingByClient.java:342)
        at org.apache.hadoop.ozone.client.rpc.TestCloseContainerHandlingByClient.testMultiBlockWrites3(TestCloseContainerHandlingByClient.java:310)
        at sun.reflect.NativeMethodAccessorImpl.invoke0(Native Method)
        at sun.reflect.NativeMethodAccessorImpl.invoke(NativeMethodAccessorImpl.java:62)
        at sun.reflect.DelegatingMethodAccessorImpl.invoke(DelegatingMethodAccessorImpl.java:43)
        at java.lang.reflect.Method.invoke(Method.java:498)
        at org.junit.runners.model.FrameworkMethod$1.runReflectiveCall(FrameworkMethod.java:47)
        at org.junit.internal.runners.model.ReflectiveCallable.run(ReflectiveCallable.java:12)
        at org.junit.runners.model.FrameworkMethod.invokeExplosively(FrameworkMethod.java:44)
        at org.junit.internal.runners.statements.InvokeMethod.evaluate(InvokeMethod.java:17)
        at org.junit.runners.ParentRunner.runLeaf(ParentRunner.java:271)
        at org.junit.runners.BlockJUnit4ClassRunner.runChild(BlockJUnit4ClassRunner.java:70)
        at org.junit.runners.BlockJUnit4ClassRunner.runChild(BlockJUnit4ClassRunner.java:50)
        at org.junit.runners.ParentRunner$3.run(ParentRunner.java:238)
        at org.junit.runners.ParentRunner$1.schedule(ParentRunner.java:63)
        at org.junit.runners.ParentRunner.runChildren(ParentRunner.java:236)
        at org.junit.runners.ParentRunner.access$000(ParentRunner.java:53)
        at org.junit.runners.ParentRunner$2.evaluate(ParentRunner.java:229)
        at org.junit.internal.runners.statements.RunBefores.evaluate(RunBefores.java:26)
        at org.junit.internal.runners.statements.RunAfters.evaluate(RunAfters.java:27)
        at org.junit.runners.ParentRunner.run(ParentRunner.java:309)
        at org.apache.maven.surefire.junit4.JUnit4Provider.execute(JUnit4Provider.java:365)
        at org.apache.maven.surefire.junit4.JUnit4Provider.executeWithRerun(JUnit4Provider.java:273)
        at org.apache.maven.surefire.junit4.JUnit4Provider.executeTestSet(JUnit4Provider.java:238)
        at org.apache.maven.surefire.junit4.JUnit4Provider.invoke(JUnit4Provider.java:159)
        at org.apache.maven.surefire.booter.ForkedBooter.invokeProviderInSameClassLoader(ForkedBooter.java:384)
        at org.apache.maven.surefire.booter.ForkedBooter.runSuitesInProcess(ForkedBooter.java:345)
        at org.apache.maven.surefire.booter.ForkedBooter.execute(ForkedBooter.java:126)
        at org.apache.maven.surefire.booter.ForkedBooter.main(ForkedBooter.java:418)
"pool-86-thread-43"  prio=5 tid=756 in Object.wait()
java.lang.Thread.State: WAITING (on object monitor)
        at sun.misc.Unsafe.park(Native Method)
        at java.util.concurrent.locks.LockSupport.park(LockSupport.java:175)
        at java.util.concurrent.locks.AbstractQueuedSynchronizer$ConditionObject.await(AbstractQueuedSynchronizer.java:2039)
        at java.util.concurrent.ArrayBlockingQueue.take(ArrayBlockingQueue.java:403)
        at java.util.concurrent.ThreadPoolExecutor.getTask(ThreadPoolExecutor.java:1074)
        at java.util.concurrent.ThreadPoolExecutor.runWorker(ThreadPoolExecutor.java:1134)
        at java.util.concurrent.ThreadPoolExecutor$Worker.run(ThreadPoolExecutor.java:624)
        at java.lang.Thread.run(Thread.java:748)
"pool-34-thread-1" daemon prio=5 tid=183 in Object.wait()
java.lang.Thread.State: WAITING (on object monitor)
        at sun.misc.Unsafe.park(Native Method)
        at java.util.concurrent.locks.LockSupport.park(LockSupport.java:175)
        at java.util.concurrent.locks.AbstractQueuedSynchronizer$ConditionObject.await(AbstractQueuedSynchronizer.java:2039)
        at java.util.concurrent.ScheduledThreadPoolExecutor$DelayedWorkQueue.take(ScheduledThreadPoolExecutor.java:1081)
        at java.util.concurrent.ScheduledThreadPoolExecutor$DelayedWorkQueue.take(ScheduledThreadPoolExecutor.java:809)
        at java.util.concurrent.ThreadPoolExecutor.getTask(ThreadPoolExecutor.java:1074)
        at java.util.concurrent.ThreadPoolExecutor.runWorker(ThreadPoolExecutor.java:1134)
        at java.util.concurrent.ThreadPoolExecutor$Worker.run(ThreadPoolExecutor.java:624)
        at java.lang.Thread.run(Thread.java:748)
"Signal Dispatcher" daemon prio=9 tid=4 runnable
java.lang.Thread.State: RUNNABLE
"pool-46-thread-27"  prio=5 tid=487 in Object.wait()
java.lang.Thread.State: WAITING (on object monitor)
        at sun.misc.Unsafe.park(Native Method)
        at java.util.concurrent.locks.LockSupport.park(LockSupport.java:175)
        at java.util.concurrent.locks.AbstractQueuedSynchronizer$ConditionObject.await(AbstractQueuedSynchronizer.java:2039)
        at java.util.concurrent.ArrayBlockingQueue.take(ArrayBlockingQueue.java:403)
        at java.util.concurrent.ThreadPoolExecutor.getTask(ThreadPoolExecutor.java:1074)
        at java.util.concurrent.ThreadPoolExecutor.runWorker(ThreadPoolExecutor.java:1134)
        at java.util.concurrent.ThreadPoolExecutor$Worker.run(ThreadPoolExecutor.java:624)
        at java.lang.Thread.run(Thread.java:748)
"java.util.concurrent.ThreadPoolExecutor$Worker@40d282bd[State = -1, empty queue]" daemon prio=5 tid=3899 runnable
java.lang.Thread.State: RUNNABLE
        at java.util.concurrent.ScheduledThreadPoolExecutor$DelayedWorkQueue.poll(ScheduledThreadPoolExecutor.java:809)
        at java.util.concurrent.ThreadPoolExecutor.getTask(ThreadPoolExecutor.java:1073)
        at java.util.concurrent.ThreadPoolExecutor.runWorker(ThreadPoolExecutor.java:1134)
        at java.util.concurrent.ThreadPoolExecutor$Worker.run(ThreadPoolExecutor.java:624)
        at java.lang.Thread.run(Thread.java:748)
"pool-86-thread-18"  prio=5 tid=731 in Object.wait()
java.lang.Thread.State: WAITING (on object monitor)
        at sun.misc.Unsafe.park(Native Method)
        at java.util.concurrent.locks.LockSupport.park(LockSupport.java:175)
        at java.util.concurrent.locks.AbstractQueuedSynchronizer$ConditionObject.await(AbstractQueuedSynchronizer.java:2039)
        at java.util.concurrent.ArrayBlockingQueue.take(ArrayBlockingQueue.java:403)
        at java.util.concurrent.ThreadPoolExecutor.getTask(ThreadPoolExecutor.java:1074)
        at java.util.concurrent.ThreadPoolExecutor.runWorker(ThreadPoolExecutor.java:1134)
        at java.util.concurrent.ThreadPoolExecutor$Worker.run(ThreadPoolExecutor.java:624)
        at java.lang.Thread.run(Thread.java:748)
"pool-86-thread-36"  prio=5 tid=749 in Object.wait()
java.lang.Thread.State: WAITING (on object monitor)
        at sun.misc.Unsafe.park(Native Method)
        at java.util.concurrent.locks.LockSupport.park(LockSupport.java:175)
        at java.util.concurrent.locks.AbstractQueuedSynchronizer$ConditionObject.await(AbstractQueuedSynchronizer.java:2039)
        at java.util.concurrent.ArrayBlockingQueue.take(ArrayBlockingQueue.java:403)
        at java.util.concurrent.ThreadPoolExecutor.getTask(ThreadPoolExecutor.java:1074)
        at java.util.concurrent.ThreadPoolExecutor.runWorker(ThreadPoolExecutor.java:1134)
        at java.util.concurrent.ThreadPoolExecutor$Worker.run(ThreadPoolExecutor.java:624)
        at java.lang.Thread.run(Thread.java:748)
"pool-66-thread-29"  prio=5 tid=618 in Object.wait()
java.lang.Thread.State: WAITING (on object monitor)
        at sun.misc.Unsafe.park(Native Method)
        at java.util.concurrent.locks.LockSupport.park(LockSupport.java:175)
        at java.util.concurrent.locks.AbstractQueuedSynchronizer$ConditionObject.await(AbstractQueuedSynchronizer.java:2039)
        at java.util.concurrent.ArrayBlockingQueue.take(ArrayBlockingQueue.java:403)
        at java.util.concurrent.ThreadPoolExecutor.getTask(ThreadPoolExecutor.java:1074)
        at java.util.concurrent.ThreadPoolExecutor.runWorker(ThreadPoolExecutor.java:1134)
        at java.util.concurrent.ThreadPoolExecutor$Worker.run(ThreadPoolExecutor.java:624)
        at java.lang.Thread.run(Thread.java:748)
"RatisApplyTransactionExecutor 5" daemon prio=5 tid=3767 in Object.wait()
java.lang.Thread.State: WAITING (on object monitor)
        at sun.misc.Unsafe.park(Native Method)
        at java.util.concurrent.locks.LockSupport.park(LockSupport.java:175)
        at java.util.concurrent.locks.AbstractQueuedSynchronizer$ConditionObject.await(AbstractQueuedSynchronizer.java:2039)
        at java.util.concurrent.LinkedBlockingQueue.take(LinkedBlockingQueue.java:442)
        at java.util.concurrent.ThreadPoolExecutor.getTask(ThreadPoolExecutor.java:1074)
        at java.util.concurrent.ThreadPoolExecutor.runWorker(ThreadPoolExecutor.java:1134)
        at java.util.concurrent.ThreadPoolExecutor$Worker.run(ThreadPoolExecutor.java:624)
        at java.lang.Thread.run(Thread.java:748)
"pool-36-thread-3"  prio=5 tid=403 in Object.wait()
java.lang.Thread.State: WAITING (on object monitor)
        at sun.misc.Unsafe.park(Native Method)
        at java.util.concurrent.locks.LockSupport.park(LockSupport.java:175)
        at java.util.concurrent.locks.AbstractQueuedSynchronizer$ConditionObject.await(AbstractQueuedSynchronizer.java:2039)
        at java.util.concurrent.ArrayBlockingQueue.take(ArrayBlockingQueue.java:403)
        at java.util.concurrent.ThreadPoolExecutor.getTask(ThreadPoolExecutor.java:1074)
        at java.util.concurrent.ThreadPoolExecutor.runWorker(ThreadPoolExecutor.java:1134)
        at java.util.concurrent.ThreadPoolExecutor$Worker.run(ThreadPoolExecutor.java:624)
        at java.lang.Thread.run(Thread.java:748)
"pool-46-thread-54"  prio=5 tid=514 in Object.wait()
java.lang.Thread.State: WAITING (on object monitor)
        at sun.misc.Unsafe.park(Native Method)
        at java.util.concurrent.locks.LockSupport.park(LockSupport.java:175)
        at java.util.concurrent.locks.AbstractQueuedSynchronizer$ConditionObject.await(AbstractQueuedSynchronizer.java:2039)
        at java.util.concurrent.ArrayBlockingQueue.take(ArrayBlockingQueue.java:403)
        at java.util.concurrent.ThreadPoolExecutor.getTask(ThreadPoolExecutor.java:1074)
        at java.util.concurrent.ThreadPoolExecutor.runWorker(ThreadPoolExecutor.java:1134)
        at java.util.concurrent.ThreadPoolExecutor$Worker.run(ThreadPoolExecutor.java:624)
        at java.lang.Thread.run(Thread.java:748)
"BlockDeletingService#5" daemon prio=5 tid=1845 in Object.wait()
java.lang.Thread.State: WAITING (on object monitor)
        at sun.misc.Unsafe.park(Native Method)
        at java.util.concurrent.locks.LockSupport.park(LockSupport.java:175)
        at java.util.concurrent.locks.AbstractQueuedSynchronizer$ConditionObject.await(AbstractQueuedSynchronizer.java:2039)
        at java.util.concurrent.ScheduledThreadPoolExecutor$DelayedWorkQueue.take(ScheduledThreadPoolExecutor.java:1088)
        at java.util.concurrent.ScheduledThreadPoolExecutor$DelayedWorkQueue.take(ScheduledThreadPoolExecutor.java:809)
        at java.util.concurrent.ThreadPoolExecutor.getTask(ThreadPoolExecutor.java:1074)
        at java.util.concurrent.ThreadPoolExecutor.runWorker(ThreadPoolExecutor.java:1134)
        at java.util.concurrent.ThreadPoolExecutor$Worker.run(ThreadPoolExecutor.java:624)
        at java.lang.Thread.run(Thread.java:748)
"metrics-hadoop-metrics2-reporter-39-thread-1" daemon prio=5 tid=3056 timed_waiting
java.lang.Thread.State: TIMED_WAITING
        at sun.misc.Unsafe.park(Native Method)
        at java.util.concurrent.locks.LockSupport.parkNanos(LockSupport.java:215)
        at java.util.concurrent.locks.AbstractQueuedSynchronizer$ConditionObject.awaitNanos(AbstractQueuedSynchronizer.java:2078)
        at java.util.concurrent.ScheduledThreadPoolExecutor$DelayedWorkQueue.take(ScheduledThreadPoolExecutor.java:1093)
        at java.util.concurrent.ScheduledThreadPoolExecutor$DelayedWorkQueue.take(ScheduledThreadPoolExecutor.java:809)
        at java.util.concurrent.ThreadPoolExecutor.getTask(ThreadPoolExecutor.java:1074)
        at java.util.concurrent.ThreadPoolExecutor.runWorker(ThreadPoolExecutor.java:1134)
        at java.util.concurrent.ThreadPoolExecutor$Worker.run(ThreadPoolExecutor.java:624)
        at java.lang.Thread.run(Thread.java:748)
"Thread-290" daemon prio=5 tid=894 timed_waiting
java.lang.Thread.State: TIMED_WAITING
        at sun.misc.Unsafe.park(Native Method)
        at java.util.concurrent.locks.LockSupport.parkNanos(LockSupport.java:215)
        at java.util.concurrent.locks.AbstractQueuedSynchronizer$ConditionObject.awaitNanos(AbstractQueuedSynchronizer.java:2078)
        at java.util.concurrent.ArrayBlockingQueue.poll(ArrayBlockingQueue.java:418)
        at org.apache.ratis.server.impl.LeaderState$EventQueue.poll(LeaderState.java:115)
        at org.apache.ratis.server.impl.LeaderState$EventProcessor.run(LeaderState.java:457)
"IPC Server handler 19 on 40419" daemon prio=5 tid=48 timed_waiting
java.lang.Thread.State: TIMED_WAITING
        at sun.misc.Unsafe.park(Native Method)
        at java.util.concurrent.locks.LockSupport.parkNanos(LockSupport.java:215)
        at java.util.concurrent.locks.AbstractQueuedSynchronizer$ConditionObject.awaitNanos(AbstractQueuedSynchronizer.java:2078)
        at java.util.concurrent.LinkedBlockingQueue.poll(LinkedBlockingQueue.java:467)
        at org.apache.hadoop.ipc.CallQueueManager.take(CallQueueManager.java:288)
        at org.apache.hadoop.ipc.Server$Handler.run(Server.java:2668)
"java.util.concurrent.ThreadPoolExecutor$Worker@5be2f882[State = -1, empty queue]" daemon prio=5 tid=4120 runnable
java.lang.Thread.State: RUNNABLE
        at java.util.concurrent.ScheduledThreadPoolExecutor$DelayedWorkQueue.poll(ScheduledThreadPoolExecutor.java:809)
        at java.util.concurrent.ThreadPoolExecutor.getTask(ThreadPoolExecutor.java:1073)
        at java.util.concurrent.ThreadPoolExecutor.runWorker(ThreadPoolExecutor.java:1134)
        at java.util.concurrent.ThreadPoolExecutor$Worker.run(ThreadPoolExecutor.java:624)
        at java.lang.Thread.run(Thread.java:748)
"Periodic HDDS volume checker"  prio=5 tid=233 timed_waiting
java.lang.Thread.State: TIMED_WAITING
        at sun.misc.Unsafe.park(Native Method)
        at java.util.concurrent.locks.LockSupport.parkNanos(LockSupport.java:215)
        at java.util.concurrent.locks.AbstractQueuedSynchronizer$ConditionObject.awaitNanos(AbstractQueuedSynchronizer.java:2078)
        at java.util.concurrent.ScheduledThreadPoolExecutor$DelayedWorkQueue.take(ScheduledThreadPoolExecutor.java:1093)
        at java.util.concurrent.ScheduledThreadPoolExecutor$DelayedWorkQueue.take(ScheduledThreadPoolExecutor.java:809)
        at java.util.concurrent.ThreadPoolExecutor.getTask(ThreadPoolExecutor.java:1074)
        at java.util.concurrent.ThreadPoolExecutor.runWorker(ThreadPoolExecutor.java:1134)
        at java.util.concurrent.ThreadPoolExecutor$Worker.run(ThreadPoolExecutor.java:624)
        at java.lang.Thread.run(Thread.java:748)
"IPC Server handler 14 on 46754" daemon prio=5 tid=63 timed_waiting
java.lang.Thread.State: TIMED_WAITING
        at sun.misc.Unsafe.park(Native Method)
        at java.util.concurrent.locks.LockSupport.parkNanos(LockSupport.java:215)
        at java.util.concurrent.locks.AbstractQueuedSynchronizer$ConditionObject.awaitNanos(AbstractQueuedSynchronizer.java:2078)
        at java.util.concurrent.LinkedBlockingQueue.poll(LinkedBlockingQueue.java:467)
        at org.apache.hadoop.ipc.CallQueueManager.take(CallQueueManager.java:288)
        at org.apache.hadoop.ipc.Server$Handler.run(Server.java:2668)
"pool-76-thread-6"  prio=5 tid=657 in Object.wait()
java.lang.Thread.State: WAITING (on object monitor)
        at sun.misc.Unsafe.park(Native Method)
        at java.util.concurrent.locks.LockSupport.park(LockSupport.java:175)
        at java.util.concurrent.locks.AbstractQueuedSynchronizer$ConditionObject.await(AbstractQueuedSynchronizer.java:2039)
        at java.util.concurrent.ArrayBlockingQueue.take(ArrayBlockingQueue.java:403)
        at java.util.concurrent.ThreadPoolExecutor.getTask(ThreadPoolExecutor.java:1074)
        at java.util.concurrent.ThreadPoolExecutor.runWorker(ThreadPoolExecutor.java:1134)
        at java.util.concurrent.ThreadPoolExecutor$Worker.run(ThreadPoolExecutor.java:624)
        at java.lang.Thread.run(Thread.java:748)
"pool-86-thread-55"  prio=5 tid=768 in Object.wait()
java.lang.Thread.State: WAITING (on object monitor)
        at sun.misc.Unsafe.park(Native Method)
        at java.util.concurrent.locks.LockSupport.park(LockSupport.java:175)
        at java.util.concurrent.locks.AbstractQueuedSynchronizer$ConditionObject.await(AbstractQueuedSynchronizer.java:2039)
        at java.util.concurrent.ArrayBlockingQueue.take(ArrayBlockingQueue.java:403)
        at java.util.concurrent.ThreadPoolExecutor.getTask(ThreadPoolExecutor.java:1074)
        at java.util.concurrent.ThreadPoolExecutor.runWorker(ThreadPoolExecutor.java:1134)
        at java.util.concurrent.ThreadPoolExecutor$Worker.run(ThreadPoolExecutor.java:624)
        at java.lang.Thread.run(Thread.java:748)
"pool-66-thread-6"  prio=5 tid=595 in Object.wait()
java.lang.Thread.State: WAITING (on object monitor)
        at sun.misc.Unsafe.park(Native Method)
        at java.util.concurrent.locks.LockSupport.park(LockSupport.java:175)
        at java.util.concurrent.locks.AbstractQueuedSynchronizer$ConditionObject.await(AbstractQueuedSynchronizer.java:2039)
        at java.util.concurrent.ArrayBlockingQueue.take(ArrayBlockingQueue.java:403)
        at java.util.concurrent.ThreadPoolExecutor.getTask(ThreadPoolExecutor.java:1074)
        at java.util.concurrent.ThreadPoolExecutor.runWorker(ThreadPoolExecutor.java:1134)
        at java.util.concurrent.ThreadPoolExecutor$Worker.run(ThreadPoolExecutor.java:624)
        at java.lang.Thread.run(Thread.java:748)
"pool-76-thread-57"  prio=5 tid=708 in Object.wait()
java.lang.Thread.State: WAITING (on object monitor)
        at sun.misc.Unsafe.park(Native Method)
        at java.util.concurrent.locks.LockSupport.park(LockSupport.java:175)
        at java.util.concurrent.locks.AbstractQueuedSynchronizer$ConditionObject.await(AbstractQueuedSynchronizer.java:2039)
        at java.util.concurrent.ArrayBlockingQueue.take(ArrayBlockingQueue.java:403)
        at java.util.concurrent.ThreadPoolExecutor.getTask(ThreadPoolExecutor.java:1074)
        at java.util.concurrent.ThreadPoolExecutor.runWorker(ThreadPoolExecutor.java:1134)
        at java.util.concurrent.ThreadPoolExecutor$Worker.run(ThreadPoolExecutor.java:624)
        at java.lang.Thread.run(Thread.java:748)
"qtp1128600792-242" daemon prio=5 tid=242 timed_waiting
java.lang.Thread.State: TIMED_WAITING
        at sun.misc.Unsafe.park(Native Method)
        at java.util.concurrent.locks.LockSupport.parkNanos(LockSupport.java:215)
        at java.util.concurrent.locks.AbstractQueuedSynchronizer$ConditionObject.awaitNanos(AbstractQueuedSynchronizer.java:2078)
        at org.eclipse.jetty.util.BlockingArrayQueue.poll(BlockingArrayQueue.java:392)
        at org.eclipse.jetty.util.thread.QueuedThreadPool.idleJobPoll(QueuedThreadPool.java:563)
        at org.eclipse.jetty.util.thread.QueuedThreadPool.access$800(QueuedThreadPool.java:48)
        at org.eclipse.jetty.util.thread.QueuedThreadPool$2.run(QueuedThreadPool.java:626)
        at java.lang.Thread.run(Thread.java:748)
"qtp978035840-137-acceptor-0@12ad247-ServerConnector@2032e725{HTTP/1.1,[http/1.1]}{0.0.0.0:34375}" daemon prio=3 tid=137 runnable
java.lang.Thread.State: RUNNABLE
        at sun.nio.ch.ServerSocketChannelImpl.accept0(Native Method)
        at sun.nio.ch.ServerSocketChannelImpl.accept(ServerSocketChannelImpl.java:422)
        at sun.nio.ch.ServerSocketChannelImpl.accept(ServerSocketChannelImpl.java:250)
        at org.eclipse.jetty.server.ServerConnector.accept(ServerConnector.java:397)
        at org.eclipse.jetty.server.AbstractConnector$Acceptor.run(AbstractConnector.java:601)
        at org.eclipse.jetty.util.thread.QueuedThreadPool.runJob(QueuedThreadPool.java:671)
        at org.eclipse.jetty.util.thread.QueuedThreadPool$2.run(QueuedThreadPool.java:589)
        at java.lang.Thread.run(Thread.java:748)
"897fdfd8-a3cb-4c9b-9ef8-a626c4e76414@group-6371820A5F4C-SegmentedRaftLogWorker"  prio=5 tid=2217 timed_waiting
java.lang.Thread.State: TIMED_WAITING
        at sun.misc.Unsafe.park(Native Method)
        at java.util.concurrent.locks.LockSupport.parkNanos(LockSupport.java:215)
        at java.util.concurrent.CompletableFuture$Signaller.block(CompletableFuture.java:1695)
        at java.util.concurrent.ForkJoinPool.managedBlock(ForkJoinPool.java:3323)
        at java.util.concurrent.CompletableFuture.timedGet(CompletableFuture.java:1775)
        at java.util.concurrent.CompletableFuture.get(CompletableFuture.java:1915)
        at org.apache.ratis.util.IOUtils.getFromFuture(IOUtils.java:79)
        at org.apache.ratis.server.raftlog.segmented.SegmentedRaftLogWorker$StateMachineDataPolicy.getFromFuture(SegmentedRaftLogWorker.java:87)
        at org.apache.ratis.server.raftlog.segmented.SegmentedRaftLogWorker$WriteLog.execute(SegmentedRaftLogWorker.java:477)
        at org.apache.ratis.server.raftlog.segmented.SegmentedRaftLogWorker.run(SegmentedRaftLogWorker.java:289)
        at java.lang.Thread.run(Thread.java:748)
"pool-46-thread-36"  prio=5 tid=496 in Object.wait()
java.lang.Thread.State: WAITING (on object monitor)
        at sun.misc.Unsafe.park(Native Method)
        at java.util.concurrent.locks.LockSupport.park(LockSupport.java:175)
        at java.util.concurrent.locks.AbstractQueuedSynchronizer$ConditionObject.await(AbstractQueuedSynchronizer.java:2039)
        at java.util.concurrent.ArrayBlockingQueue.take(ArrayBlockingQueue.java:403)
        at java.util.concurrent.ThreadPoolExecutor.getTask(ThreadPoolExecutor.java:1074)
        at java.util.concurrent.ThreadPoolExecutor.runWorker(ThreadPoolExecutor.java:1134)
        at java.util.concurrent.ThreadPoolExecutor$Worker.run(ThreadPoolExecutor.java:624)
        at java.lang.Thread.run(Thread.java:748)
"org.apache.ratis.server.impl.LogAppender$AppenderDaemon$$Lambda$495/740911003@7001170a" daemon prio=5 tid=2251 timed_waiting
java.lang.Thread.State: TIMED_WAITING
        at java.lang.Object.wait(Native Method)
        at org.apache.ratis.grpc.server.GrpcLogAppender.mayWait(GrpcLogAppender.java:141)
        at org.apache.ratis.grpc.server.GrpcLogAppender.runAppenderImpl(GrpcLogAppender.java:95)
        at org.apache.ratis.server.impl.LogAppender$AppenderDaemon.run(LogAppender.java:76)
        at org.apache.ratis.server.impl.LogAppender$AppenderDaemon$$Lambda$495/740911003.run(Unknown Source)
        at java.lang.Thread.run(Thread.java:748)
"897fdfd8-a3cb-4c9b-9ef8-a626c4e76414@group-6371820A5F4C-StateMachineUpdater" daemon prio=5 tid=2219 in Object.wait()
java.lang.Thread.State: WAITING (on object monitor)
        at java.lang.Object.wait(Native Method)
        at java.lang.Object.wait(Object.java:502)
        at org.apache.ratis.server.impl.StateMachineUpdater.waitForCommit(StateMachineUpdater.java:183)
        at org.apache.ratis.server.impl.StateMachineUpdater.run(StateMachineUpdater.java:148)
        at java.lang.Thread.run(Thread.java:748)
"IPC Server handler 19 on 38980" daemon prio=5 tid=88 timed_waiting
java.lang.Thread.State: TIMED_WAITING
        at sun.misc.Unsafe.park(Native Method)
        at java.util.concurrent.locks.LockSupport.parkNanos(LockSupport.java:215)
        at java.util.concurrent.locks.AbstractQueuedSynchronizer$ConditionObject.awaitNanos(AbstractQueuedSynchronizer.java:2078)
        at java.util.concurrent.LinkedBlockingQueue.poll(LinkedBlockingQueue.java:467)
        at org.apache.hadoop.ipc.CallQueueManager.take(CallQueueManager.java:288)
        at org.apache.hadoop.ipc.Server$Handler.run(Server.java:2668)
"Finalizer" daemon prio=8 tid=3 in Object.wait()
java.lang.Thread.State: WAITING (on object monitor)
        at java.lang.Object.wait(Native Method)
        at java.lang.ref.ReferenceQueue.remove(ReferenceQueue.java:144)
        at java.lang.ref.ReferenceQueue.remove(ReferenceQueue.java:165)
        at java.lang.ref.Finalizer$FinalizerThread.run(Finalizer.java:216)
"pool-26-thread-3"  prio=5 tid=343 in Object.wait()
java.lang.Thread.State: WAITING (on object monitor)
        at sun.misc.Unsafe.park(Native Method)
        at java.util.concurrent.locks.LockSupport.park(LockSupport.java:175)
        at java.util.concurrent.locks.AbstractQueuedSynchronizer$ConditionObject.await(AbstractQueuedSynchronizer.java:2039)
        at java.util.concurrent.ArrayBlockingQueue.take(ArrayBlockingQueue.java:403)
        at java.util.concurrent.ThreadPoolExecutor.getTask(ThreadPoolExecutor.java:1074)
        at java.util.concurrent.ThreadPoolExecutor.runWorker(ThreadPoolExecutor.java:1134)
        at java.util.concurrent.ThreadPoolExecutor$Worker.run(ThreadPoolExecutor.java:624)
        at java.lang.Thread.run(Thread.java:748)
"qtp523528914-324" daemon prio=5 tid=324 timed_waiting
java.lang.Thread.State: TIMED_WAITING
        at sun.misc.Unsafe.park(Native Method)
        at java.util.concurrent.locks.LockSupport.parkNanos(LockSupport.java:215)
        at java.util.concurrent.locks.AbstractQueuedSynchronizer$ConditionObject.awaitNanos(AbstractQueuedSynchronizer.java:2078)
        at org.eclipse.jetty.util.BlockingArrayQueue.poll(BlockingArrayQueue.java:392)
        at org.eclipse.jetty.util.thread.QueuedThreadPool.idleJobPoll(QueuedThreadPool.java:563)
        at org.eclipse.jetty.util.thread.QueuedThreadPool.access$800(QueuedThreadPool.java:48)
        at org.eclipse.jetty.util.thread.QueuedThreadPool$2.run(QueuedThreadPool.java:626)
        at java.lang.Thread.run(Thread.java:748)
"qtp292890110-193" daemon prio=5 tid=193 timed_waiting
java.lang.Thread.State: TIMED_WAITING
        at sun.misc.Unsafe.park(Native Method)
        at java.util.concurrent.locks.LockSupport.parkNanos(LockSupport.java:215)
        at java.util.concurrent.locks.AbstractQueuedSynchronizer$ConditionObject.awaitNanos(AbstractQueuedSynchronizer.java:2078)
        at org.eclipse.jetty.util.BlockingArrayQueue.poll(BlockingArrayQueue.java:392)
        at org.eclipse.jetty.util.thread.QueuedThreadPool.idleJobPoll(QueuedThreadPool.java:563)
        at org.eclipse.jetty.util.thread.QueuedThreadPool.access$800(QueuedThreadPool.java:48)
        at org.eclipse.jetty.util.thread.QueuedThreadPool$2.run(QueuedThreadPool.java:626)
        at java.lang.Thread.run(Thread.java:748)
"pool-46-thread-41"  prio=5 tid=501 in Object.wait()
java.lang.Thread.State: WAITING (on object monitor)
        at sun.misc.Unsafe.park(Native Method)
        at java.util.concurrent.locks.LockSupport.park(LockSupport.java:175)
        at java.util.concurrent.locks.AbstractQueuedSynchronizer$ConditionObject.await(AbstractQueuedSynchronizer.java:2039)
        at java.util.concurrent.ArrayBlockingQueue.take(ArrayBlockingQueue.java:403)
        at java.util.concurrent.ThreadPoolExecutor.getTask(ThreadPoolExecutor.java:1074)
        at java.util.concurrent.ThreadPoolExecutor.runWorker(ThreadPoolExecutor.java:1134)
        at java.util.concurrent.ThreadPoolExecutor$Worker.run(ThreadPoolExecutor.java:624)
        at java.lang.Thread.run(Thread.java:748)
"IPC Server handler 9 on 46754" daemon prio=5 tid=58 timed_waiting
java.lang.Thread.State: TIMED_WAITING
        at sun.misc.Unsafe.park(Native Method)
        at java.util.concurrent.locks.LockSupport.parkNanos(LockSupport.java:215)
        at java.util.concurrent.locks.AbstractQueuedSynchronizer$ConditionObject.awaitNanos(AbstractQueuedSynchronizer.java:2078)
        at java.util.concurrent.LinkedBlockingQueue.poll(LinkedBlockingQueue.java:467)
        at org.apache.hadoop.ipc.CallQueueManager.take(CallQueueManager.java:288)
        at org.apache.hadoop.ipc.Server$Handler.run(Server.java:2668)
"BlockDeletingService#0" daemon prio=5 tid=524 in Object.wait()
java.lang.Thread.State: WAITING (on object monitor)
        at sun.misc.Unsafe.park(Native Method)
        at java.util.concurrent.locks.LockSupport.park(LockSupport.java:175)
        at java.util.concurrent.locks.AbstractQueuedSynchronizer$ConditionObject.await(AbstractQueuedSynchronizer.java:2039)
        at java.util.concurrent.ScheduledThreadPoolExecutor$DelayedWorkQueue.take(ScheduledThreadPoolExecutor.java:1088)
        at java.util.concurrent.ScheduledThreadPoolExecutor$DelayedWorkQueue.take(ScheduledThreadPoolExecutor.java:809)
        at java.util.concurrent.ThreadPoolExecutor.getTask(ThreadPoolExecutor.java:1074)
        at java.util.concurrent.ThreadPoolExecutor.runWorker(ThreadPoolExecutor.java:1134)
        at java.util.concurrent.ThreadPoolExecutor$Worker.run(ThreadPoolExecutor.java:624)
        at java.lang.Thread.run(Thread.java:748)
"IPC Server handler 13 on 46754" daemon prio=5 tid=62 timed_waiting
java.lang.Thread.State: TIMED_WAITING
        at sun.misc.Unsafe.park(Native Method)
        at java.util.concurrent.locks.LockSupport.parkNanos(LockSupport.java:215)
        at java.util.concurrent.locks.AbstractQueuedSynchronizer$ConditionObject.awaitNanos(AbstractQueuedSynchronizer.java:2078)
        at java.util.concurrent.LinkedBlockingQueue.poll(LinkedBlockingQueue.java:467)
        at org.apache.hadoop.ipc.CallQueueManager.take(CallQueueManager.java:288)
        at org.apache.hadoop.ipc.Server$Handler.run(Server.java:2668)
"Thread-3083" daemon prio=5 tid=3822 timed_waiting
java.lang.Thread.State: TIMED_WAITING
        at java.lang.Thread.sleep(Native Method)
        at org.apache.ratis.util.JavaUtils.sleep(JavaUtils.java:247)
        at org.apache.ratis.server.impl.FollowerState.run(FollowerState.java:96)
"pool-76-thread-12"  prio=5 tid=663 in Object.wait()
java.lang.Thread.State: WAITING (on object monitor)
        at sun.misc.Unsafe.park(Native Method)
        at java.util.concurrent.locks.LockSupport.park(LockSupport.java:175)
        at java.util.concurrent.locks.AbstractQueuedSynchronizer$ConditionObject.await(AbstractQueuedSynchronizer.java:2039)
        at java.util.concurrent.ArrayBlockingQueue.take(ArrayBlockingQueue.java:403)
        at java.util.concurrent.ThreadPoolExecutor.getTask(ThreadPoolExecutor.java:1074)
        at java.util.concurrent.ThreadPoolExecutor.runWorker(ThreadPoolExecutor.java:1134)
        at java.util.concurrent.ThreadPoolExecutor$Worker.run(ThreadPoolExecutor.java:624)
        at java.lang.Thread.run(Thread.java:748)
"org.eclipse.jetty.server.session.HashSessionManager@23f3da8bTimer" daemon prio=5 tid=250 timed_waiting
java.lang.Thread.State: TIMED_WAITING
        at sun.misc.Unsafe.park(Native Method)
        at java.util.concurrent.locks.LockSupport.parkNanos(LockSupport.java:215)
        at java.util.concurrent.locks.AbstractQueuedSynchronizer$ConditionObject.awaitNanos(AbstractQueuedSynchronizer.java:2078)
        at java.util.concurrent.ScheduledThreadPoolExecutor$DelayedWorkQueue.take(ScheduledThreadPoolExecutor.java:1093)
        at java.util.concurrent.ScheduledThreadPoolExecutor$DelayedWorkQueue.take(ScheduledThreadPoolExecutor.java:809)
        at java.util.concurrent.ThreadPoolExecutor.getTask(ThreadPoolExecutor.java:1074)
        at java.util.concurrent.ThreadPoolExecutor.runWorker(ThreadPoolExecutor.java:1134)
        at java.util.concurrent.ThreadPoolExecutor$Worker.run(ThreadPoolExecutor.java:624)
        at java.lang.Thread.run(Thread.java:748)
"IPC Server handler 19 on 40610" daemon prio=5 tid=134 timed_waiting
java.lang.Thread.State: TIMED_WAITING
        at sun.misc.Unsafe.park(Native Method)
        at java.util.concurrent.locks.LockSupport.parkNanos(LockSupport.java:215)
        at java.util.concurrent.locks.AbstractQueuedSynchronizer$ConditionObject.awaitNanos(AbstractQueuedSynchronizer.java:2078)
        at java.util.concurrent.LinkedBlockingQueue.poll(LinkedBlockingQueue.java:467)
        at org.apache.hadoop.ipc.CallQueueManager.take(CallQueueManager.java:288)
        at org.apache.hadoop.ipc.Server$Handler.run(Server.java:2668)
"pool-56-thread-28"  prio=5 tid=555 in Object.wait()
java.lang.Thread.State: WAITING (on object monitor)
        at sun.misc.Unsafe.park(Native Method)
        at java.util.concurrent.locks.LockSupport.park(LockSupport.java:175)
        at java.util.concurrent.locks.AbstractQueuedSynchronizer$ConditionObject.await(AbstractQueuedSynchronizer.java:2039)
        at java.util.concurrent.ArrayBlockingQueue.take(ArrayBlockingQueue.java:403)
        at java.util.concurrent.ThreadPoolExecutor.getTask(ThreadPoolExecutor.java:1074)
        at java.util.concurrent.ThreadPoolExecutor.runWorker(ThreadPoolExecutor.java:1134)
        at java.util.concurrent.ThreadPoolExecutor$Worker.run(ThreadPoolExecutor.java:624)
        at java.lang.Thread.run(Thread.java:748)
"pool-46-thread-1"  prio=5 tid=461 in Object.wait()
java.lang.Thread.State: WAITING (on object monitor)
        at sun.misc.Unsafe.park(Native Method)
        at java.util.concurrent.locks.LockSupport.park(LockSupport.java:175)
        at java.util.concurrent.locks.AbstractQueuedSynchronizer$ConditionObject.await(AbstractQueuedSynchronizer.java:2039)
        at java.util.concurrent.ArrayBlockingQueue.take(ArrayBlockingQueue.java:403)
        at java.util.concurrent.ThreadPoolExecutor.getTask(ThreadPoolExecutor.java:1074)
        at java.util.concurrent.ThreadPoolExecutor.runWorker(ThreadPoolExecutor.java:1134)
        at java.util.concurrent.ThreadPoolExecutor$Worker.run(ThreadPoolExecutor.java:624)
        at java.lang.Thread.run(Thread.java:748)
"pool-36-thread-22"  prio=5 tid=422 in Object.wait()
java.lang.Thread.State: WAITING (on object monitor)
        at sun.misc.Unsafe.park(Native Method)
        at java.util.concurrent.locks.LockSupport.park(LockSupport.java:175)
        at java.util.concurrent.locks.AbstractQueuedSynchronizer$ConditionObject.await(AbstractQueuedSynchronizer.java:2039)
        at java.util.concurrent.ArrayBlockingQueue.take(ArrayBlockingQueue.java:403)
        at java.util.concurrent.ThreadPoolExecutor.getTask(ThreadPoolExecutor.java:1074)
        at java.util.concurrent.ThreadPoolExecutor.runWorker(ThreadPoolExecutor.java:1134)
        at java.util.concurrent.ThreadPoolExecutor$Worker.run(ThreadPoolExecutor.java:624)
        at java.lang.Thread.run(Thread.java:748)
"pool-26-thread-26"  prio=5 tid=366 in Object.wait()
java.lang.Thread.State: WAITING (on object monitor)
        at sun.misc.Unsafe.park(Native Method)
        at java.util.concurrent.locks.LockSupport.park(LockSupport.java:175)
        at java.util.concurrent.locks.AbstractQueuedSynchronizer$ConditionObject.await(AbstractQueuedSynchronizer.java:2039)
        at java.util.concurrent.ArrayBlockingQueue.take(ArrayBlockingQueue.java:403)
        at java.util.concurrent.ThreadPoolExecutor.getTask(ThreadPoolExecutor.java:1074)
        at java.util.concurrent.ThreadPoolExecutor.runWorker(ThreadPoolExecutor.java:1134)
        at java.util.concurrent.ThreadPoolExecutor$Worker.run(ThreadPoolExecutor.java:624)
        at java.lang.Thread.run(Thread.java:748)
"qtp523528914-322-acceptor-0@57d43ed5-ServerConnector@31c628e7{HTTP/1.1,[http/1.1]}{0.0.0.0:42314}" daemon prio=3 tid=322 runnable
java.lang.Thread.State: RUNNABLE
        at sun.nio.ch.ServerSocketChannelImpl.accept0(Native Method)
        at sun.nio.ch.ServerSocketChannelImpl.accept(ServerSocketChannelImpl.java:422)
        at sun.nio.ch.ServerSocketChannelImpl.accept(ServerSocketChannelImpl.java:250)
        at org.eclipse.jetty.server.ServerConnector.accept(ServerConnector.java:397)
        at org.eclipse.jetty.server.AbstractConnector$Acceptor.run(AbstractConnector.java:601)
        at org.eclipse.jetty.util.thread.QueuedThreadPool.runJob(QueuedThreadPool.java:671)
        at org.eclipse.jetty.util.thread.QueuedThreadPool$2.run(QueuedThreadPool.java:589)
        at java.lang.Thread.run(Thread.java:748)
"pool-56-thread-25"  prio=5 tid=552 in Object.wait()
java.lang.Thread.State: WAITING (on object monitor)
        at sun.misc.Unsafe.park(Native Method)
        at java.util.concurrent.locks.LockSupport.park(LockSupport.java:175)
        at java.util.concurrent.locks.AbstractQueuedSynchronizer$ConditionObject.await(AbstractQueuedSynchronizer.java:2039)
        at java.util.concurrent.ArrayBlockingQueue.take(ArrayBlockingQueue.java:403)
        at java.util.concurrent.ThreadPoolExecutor.getTask(ThreadPoolExecutor.java:1074)
        at java.util.concurrent.ThreadPoolExecutor.runWorker(ThreadPoolExecutor.java:1134)
        at java.util.concurrent.ThreadPoolExecutor$Worker.run(ThreadPoolExecutor.java:624)
        at java.lang.Thread.run(Thread.java:748)
"java.util.concurrent.ThreadPoolExecutor$Worker@1024fc88[State = -1, empty queue]" daemon prio=5 tid=3878 runnable
java.lang.Thread.State: RUNNABLE
        at java.util.concurrent.ScheduledThreadPoolExecutor$DelayedWorkQueue.poll(ScheduledThreadPoolExecutor.java:809)
        at java.util.concurrent.ThreadPoolExecutor.getTask(ThreadPoolExecutor.java:1073)
        at java.util.concurrent.ThreadPoolExecutor.runWorker(ThreadPoolExecutor.java:1134)
        at java.util.concurrent.ThreadPoolExecutor$Worker.run(ThreadPoolExecutor.java:624)
        at java.lang.Thread.run(Thread.java:748)
"pool-76-thread-10"  prio=5 tid=661 in Object.wait()
java.lang.Thread.State: WAITING (on object monitor)
        at sun.misc.Unsafe.park(Native Method)
        at java.util.concurrent.locks.LockSupport.park(LockSupport.java:175)
        at java.util.concurrent.locks.AbstractQueuedSynchronizer$ConditionObject.await(AbstractQueuedSynchronizer.java:2039)
        at java.util.concurrent.ArrayBlockingQueue.take(ArrayBlockingQueue.java:403)
        at java.util.concurrent.ThreadPoolExecutor.getTask(ThreadPoolExecutor.java:1074)
        at java.util.concurrent.ThreadPoolExecutor.runWorker(ThreadPoolExecutor.java:1134)
        at java.util.concurrent.ThreadPoolExecutor$Worker.run(ThreadPoolExecutor.java:624)
        at java.lang.Thread.run(Thread.java:748)
"pool-36-thread-31"  prio=5 tid=431 in Object.wait()
java.lang.Thread.State: WAITING (on object monitor)
        at sun.misc.Unsafe.park(Native Method)
        at java.util.concurrent.locks.LockSupport.park(LockSupport.java:175)
        at java.util.concurrent.locks.AbstractQueuedSynchronizer$ConditionObject.await(AbstractQueuedSynchronizer.java:2039)
        at java.util.concurrent.ArrayBlockingQueue.take(ArrayBlockingQueue.java:403)
        at java.util.concurrent.ThreadPoolExecutor.getTask(ThreadPoolExecutor.java:1074)
        at java.util.concurrent.ThreadPoolExecutor.runWorker(ThreadPoolExecutor.java:1134)
        at java.util.concurrent.ThreadPoolExecutor$Worker.run(ThreadPoolExecutor.java:624)
        at java.lang.Thread.run(Thread.java:748)
"pool-66-thread-24"  prio=5 tid=613 in Object.wait()
java.lang.Thread.State: WAITING (on object monitor)
        at sun.misc.Unsafe.park(Native Method)
        at java.util.concurrent.locks.LockSupport.park(LockSupport.java:175)
        at java.util.concurrent.locks.AbstractQueuedSynchronizer$ConditionObject.await(AbstractQueuedSynchronizer.java:2039)
        at java.util.concurrent.ArrayBlockingQueue.take(ArrayBlockingQueue.java:403)
        at java.util.concurrent.ThreadPoolExecutor.getTask(ThreadPoolExecutor.java:1074)
        at java.util.concurrent.ThreadPoolExecutor.runWorker(ThreadPoolExecutor.java:1134)
        at java.util.concurrent.ThreadPoolExecutor$Worker.run(ThreadPoolExecutor.java:624)
        at java.lang.Thread.run(Thread.java:748)
"pool-46-thread-42"  prio=5 tid=502 in Object.wait()
java.lang.Thread.State: WAITING (on object monitor)
        at sun.misc.Unsafe.park(Native Method)
        at java.util.concurrent.locks.LockSupport.park(LockSupport.java:175)
        at java.util.concurrent.locks.AbstractQueuedSynchronizer$ConditionObject.await(AbstractQueuedSynchronizer.java:2039)
        at java.util.concurrent.ArrayBlockingQueue.take(ArrayBlockingQueue.java:403)
        at java.util.concurrent.ThreadPoolExecutor.getTask(ThreadPoolExecutor.java:1074)
        at java.util.concurrent.ThreadPoolExecutor.runWorker(ThreadPoolExecutor.java:1134)
        at java.util.concurrent.ThreadPoolExecutor$Worker.run(ThreadPoolExecutor.java:624)
        at java.lang.Thread.run(Thread.java:748)
"org.eclipse.jetty.server.session.HashSessionManager@20b9d5d5Timer" daemon prio=5 tid=276 timed_waiting
java.lang.Thread.State: TIMED_WAITING
        at sun.misc.Unsafe.park(Native Method)
        at java.util.concurrent.locks.LockSupport.parkNanos(LockSupport.java:215)
        at java.util.concurrent.locks.AbstractQueuedSynchronizer$ConditionObject.awaitNanos(AbstractQueuedSynchronizer.java:2078)
        at java.util.concurrent.ScheduledThreadPoolExecutor$DelayedWorkQueue.take(ScheduledThreadPoolExecutor.java:1093)
        at java.util.concurrent.ScheduledThreadPoolExecutor$DelayedWorkQueue.take(ScheduledThreadPoolExecutor.java:809)
        at java.util.concurrent.ThreadPoolExecutor.getTask(ThreadPoolExecutor.java:1074)
        at java.util.concurrent.ThreadPoolExecutor.runWorker(ThreadPoolExecutor.java:1134)
        at java.util.concurrent.ThreadPoolExecutor$Worker.run(ThreadPoolExecutor.java:624)
        at java.lang.Thread.run(Thread.java:748)
"pool-26-thread-53"  prio=5 tid=393 in Object.wait()
java.lang.Thread.State: WAITING (on object monitor)
        at sun.misc.Unsafe.park(Native Method)
        at java.util.concurrent.locks.LockSupport.park(LockSupport.java:175)
        at java.util.concurrent.locks.AbstractQueuedSynchronizer$ConditionObject.await(AbstractQueuedSynchronizer.java:2039)
        at java.util.concurrent.ArrayBlockingQueue.take(ArrayBlockingQueue.java:403)
        at java.util.concurrent.ThreadPoolExecutor.getTask(ThreadPoolExecutor.java:1074)
        at java.util.concurrent.ThreadPoolExecutor.runWorker(ThreadPoolExecutor.java:1134)
        at java.util.concurrent.ThreadPoolExecutor$Worker.run(ThreadPoolExecutor.java:624)
        at java.lang.Thread.run(Thread.java:748)
"8466bef0-9559-4d2e-b20d-aaf3fd2b14fd@group-6371820A5F4C-StateMachineUpdater" daemon prio=5 tid=2220 in Object.wait()
java.lang.Thread.State: WAITING (on object monitor)
        at java.lang.Object.wait(Native Method)
        at java.lang.Object.wait(Object.java:502)
        at org.apache.ratis.server.impl.StateMachineUpdater.waitForCommit(StateMachineUpdater.java:183)
        at org.apache.ratis.server.impl.StateMachineUpdater.run(StateMachineUpdater.java:148)
        at java.lang.Thread.run(Thread.java:748)
"BlockDeletingService#2" daemon prio=5 tid=1158 timed_waiting
java.lang.Thread.State: TIMED_WAITING
        at sun.misc.Unsafe.park(Native Method)
        at java.util.concurrent.locks.LockSupport.parkNanos(LockSupport.java:215)
        at java.util.concurrent.locks.AbstractQueuedSynchronizer$ConditionObject.awaitNanos(AbstractQueuedSynchronizer.java:2078)
        at java.util.concurrent.ScheduledThreadPoolExecutor$DelayedWorkQueue.take(ScheduledThreadPoolExecutor.java:1093)
        at java.util.concurrent.ScheduledThreadPoolExecutor$DelayedWorkQueue.take(ScheduledThreadPoolExecutor.java:809)
        at java.util.concurrent.ThreadPoolExecutor.getTask(ThreadPoolExecutor.java:1074)
        at java.util.concurrent.ThreadPoolExecutor.runWorker(ThreadPoolExecutor.java:1134)
        at java.util.concurrent.ThreadPoolExecutor$Worker.run(ThreadPoolExecutor.java:624)
        at java.lang.Thread.run(Thread.java:748)
"Datanode ReportManager Thread - 3" daemon prio=5 tid=309 in Object.wait()
java.lang.Thread.State: WAITING (on object monitor)
        at sun.misc.Unsafe.park(Native Method)
        at java.util.concurrent.locks.LockSupport.park(LockSupport.java:175)
        at java.util.concurrent.locks.AbstractQueuedSynchronizer$ConditionObject.await(AbstractQueuedSynchronizer.java:2039)
        at java.util.concurrent.ScheduledThreadPoolExecutor$DelayedWorkQueue.take(ScheduledThreadPoolExecutor.java:1088)
        at java.util.concurrent.ScheduledThreadPoolExecutor$DelayedWorkQueue.take(ScheduledThreadPoolExecutor.java:809)
        at java.util.concurrent.ThreadPoolExecutor.getTask(ThreadPoolExecutor.java:1074)
        at java.util.concurrent.ThreadPoolExecutor.runWorker(ThreadPoolExecutor.java:1134)
        at java.util.concurrent.ThreadPoolExecutor$Worker.run(ThreadPoolExecutor.java:624)
        at java.lang.Thread.run(Thread.java:748)
"pool-86-thread-58"  prio=5 tid=771 in Object.wait()
java.lang.Thread.State: WAITING (on object monitor)
        at sun.misc.Unsafe.park(Native Method)
        at java.util.concurrent.locks.LockSupport.park(LockSupport.java:175)
        at java.util.concurrent.locks.AbstractQueuedSynchronizer$ConditionObject.await(AbstractQueuedSynchronizer.java:2039)
        at java.util.concurrent.ArrayBlockingQueue.take(ArrayBlockingQueue.java:403)
        at java.util.concurrent.ThreadPoolExecutor.getTask(ThreadPoolExecutor.java:1074)
        at java.util.concurrent.ThreadPoolExecutor.runWorker(ThreadPoolExecutor.java:1134)
        at java.util.concurrent.ThreadPoolExecutor$Worker.run(ThreadPoolExecutor.java:624)
        at java.lang.Thread.run(Thread.java:748)
"pool-76-thread-16"  prio=5 tid=667 in Object.wait()
java.lang.Thread.State: WAITING (on object monitor)
        at sun.misc.Unsafe.park(Native Method)
        at java.util.concurrent.locks.LockSupport.park(LockSupport.java:175)
        at java.util.concurrent.locks.AbstractQueuedSynchronizer$ConditionObject.await(AbstractQueuedSynchronizer.java:2039)
        at java.util.concurrent.ArrayBlockingQueue.take(ArrayBlockingQueue.java:403)
        at java.util.concurrent.ThreadPoolExecutor.getTask(ThreadPoolExecutor.java:1074)
        at java.util.concurrent.ThreadPoolExecutor.runWorker(ThreadPoolExecutor.java:1134)
        at java.util.concurrent.ThreadPoolExecutor$Worker.run(ThreadPoolExecutor.java:624)
        at java.lang.Thread.run(Thread.java:748)
"pool-26-thread-34"  prio=5 tid=374 in Object.wait()
java.lang.Thread.State: WAITING (on object monitor)
        at sun.misc.Unsafe.park(Native Method)
        at java.util.concurrent.locks.LockSupport.park(LockSupport.java:175)
        at java.util.concurrent.locks.AbstractQueuedSynchronizer$ConditionObject.await(AbstractQueuedSynchronizer.java:2039)
        at java.util.concurrent.ArrayBlockingQueue.take(ArrayBlockingQueue.java:403)
        at java.util.concurrent.ThreadPoolExecutor.getTask(ThreadPoolExecutor.java:1074)
        at java.util.concurrent.ThreadPoolExecutor.runWorker(ThreadPoolExecutor.java:1134)
        at java.util.concurrent.ThreadPoolExecutor$Worker.run(ThreadPoolExecutor.java:624)
        at java.lang.Thread.run(Thread.java:748)
"pool-76-thread-26"  prio=5 tid=677 in Object.wait()
java.lang.Thread.State: WAITING (on object monitor)
        at sun.misc.Unsafe.park(Native Method)
        at java.util.concurrent.locks.LockSupport.park(LockSupport.java:175)
        at java.util.concurrent.locks.AbstractQueuedSynchronizer$ConditionObject.await(AbstractQueuedSynchronizer.java:2039)
        at java.util.concurrent.ArrayBlockingQueue.take(ArrayBlockingQueue.java:403)
        at java.util.concurrent.ThreadPoolExecutor.getTask(ThreadPoolExecutor.java:1074)
        at java.util.concurrent.ThreadPoolExecutor.runWorker(ThreadPoolExecutor.java:1134)
        at java.util.concurrent.ThreadPoolExecutor$Worker.run(ThreadPoolExecutor.java:624)
        at java.lang.Thread.run(Thread.java:748)
"IPC Server handler 11 on 46754" daemon prio=5 tid=60 timed_waiting
java.lang.Thread.State: TIMED_WAITING
        at sun.misc.Unsafe.park(Native Method)
        at java.util.concurrent.locks.LockSupport.parkNanos(LockSupport.java:215)
        at java.util.concurrent.locks.AbstractQueuedSynchronizer$ConditionObject.awaitNanos(AbstractQueuedSynchronizer.java:2078)
        at java.util.concurrent.LinkedBlockingQueue.poll(LinkedBlockingQueue.java:467)
        at org.apache.hadoop.ipc.CallQueueManager.take(CallQueueManager.java:288)
        at org.apache.hadoop.ipc.Server$Handler.run(Server.java:2668)
"PartialTableCache Cleanup Thread - 0" daemon prio=5 tid=841 in Object.wait()
java.lang.Thread.State: WAITING (on object monitor)
        at sun.misc.Unsafe.park(Native Method)
        at java.util.concurrent.locks.LockSupport.park(LockSupport.java:175)
        at java.util.concurrent.locks.AbstractQueuedSynchronizer$ConditionObject.await(AbstractQueuedSynchronizer.java:2039)
        at java.util.concurrent.LinkedBlockingQueue.take(LinkedBlockingQueue.java:442)
        at java.util.concurrent.ThreadPoolExecutor.getTask(ThreadPoolExecutor.java:1074)
        at java.util.concurrent.ThreadPoolExecutor.runWorker(ThreadPoolExecutor.java:1134)
        at java.util.concurrent.ThreadPoolExecutor$Worker.run(ThreadPoolExecutor.java:624)
        at java.lang.Thread.run(Thread.java:748)
"qtp292890110-188" daemon prio=5 tid=188 timed_waiting
java.lang.Thread.State: TIMED_WAITING
        at sun.misc.Unsafe.park(Native Method)
        at java.util.concurrent.locks.LockSupport.parkNanos(LockSupport.java:215)
        at java.util.concurrent.locks.AbstractQueuedSynchronizer$ConditionObject.awaitNanos(AbstractQueuedSynchronizer.java:2078)
        at org.eclipse.jetty.util.BlockingArrayQueue.poll(BlockingArrayQueue.java:392)
        at org.eclipse.jetty.util.thread.QueuedThreadPool.idleJobPoll(QueuedThreadPool.java:563)
        at org.eclipse.jetty.util.thread.QueuedThreadPool.access$800(QueuedThreadPool.java:48)
        at org.eclipse.jetty.util.thread.QueuedThreadPool$2.run(QueuedThreadPool.java:626)
        at java.lang.Thread.run(Thread.java:748)
"BlockDeletingService#4" daemon prio=5 tid=1461 in Object.wait()
java.lang.Thread.State: WAITING (on object monitor)
        at sun.misc.Unsafe.park(Native Method)
        at java.util.concurrent.locks.LockSupport.park(LockSupport.java:175)
        at java.util.concurrent.locks.AbstractQueuedSynchronizer$ConditionObject.await(AbstractQueuedSynchronizer.java:2039)
        at java.util.concurrent.ScheduledThreadPoolExecutor$DelayedWorkQueue.take(ScheduledThreadPoolExecutor.java:1088)
        at java.util.concurrent.ScheduledThreadPoolExecutor$DelayedWorkQueue.take(ScheduledThreadPoolExecutor.java:809)
        at java.util.concurrent.ThreadPoolExecutor.getTask(ThreadPoolExecutor.java:1074)
        at java.util.concurrent.ThreadPoolExecutor.runWorker(ThreadPoolExecutor.java:1134)
        at java.util.concurrent.ThreadPoolExecutor$Worker.run(ThreadPoolExecutor.java:624)
        at java.lang.Thread.run(Thread.java:748)
"qtp1179244298-162" daemon prio=5 tid=162 timed_waiting
java.lang.Thread.State: TIMED_WAITING
        at sun.misc.Unsafe.park(Native Method)
        at java.util.concurrent.locks.LockSupport.parkNanos(LockSupport.java:215)
        at java.util.concurrent.locks.AbstractQueuedSynchronizer$ConditionObject.awaitNanos(AbstractQueuedSynchronizer.java:2078)
        at org.eclipse.jetty.util.BlockingArrayQueue.poll(BlockingArrayQueue.java:392)
        at org.eclipse.jetty.util.thread.QueuedThreadPool.idleJobPoll(QueuedThreadPool.java:563)
        at org.eclipse.jetty.util.thread.QueuedThreadPool.access$800(QueuedThreadPool.java:48)
        at org.eclipse.jetty.util.thread.QueuedThreadPool$2.run(QueuedThreadPool.java:626)
        at java.lang.Thread.run(Thread.java:748)
"pool-76-thread-31"  prio=5 tid=682 in Object.wait()
java.lang.Thread.State: WAITING (on object monitor)
        at sun.misc.Unsafe.park(Native Method)
        at java.util.concurrent.locks.LockSupport.park(LockSupport.java:175)
        at java.util.concurrent.locks.AbstractQueuedSynchronizer$ConditionObject.await(AbstractQueuedSynchronizer.java:2039)
        at java.util.concurrent.ArrayBlockingQueue.take(ArrayBlockingQueue.java:403)
        at java.util.concurrent.ThreadPoolExecutor.getTask(ThreadPoolExecutor.java:1074)
        at java.util.concurrent.ThreadPoolExecutor.runWorker(ThreadPoolExecutor.java:1134)
        at java.util.concurrent.ThreadPoolExecutor$Worker.run(ThreadPoolExecutor.java:624)
        at java.lang.Thread.run(Thread.java:748)
"8466bef0-9559-4d2e-b20d-aaf3fd2b14fd@group-8D27FC9C30A9-StateMachineUpdater" daemon prio=5 tid=823 in Object.wait()
java.lang.Thread.State: WAITING (on object monitor)
        at java.lang.Object.wait(Native Method)
        at java.lang.Object.wait(Object.java:502)
        at org.apache.ratis.server.impl.StateMachineUpdater.waitForCommit(StateMachineUpdater.java:183)
        at org.apache.ratis.server.impl.StateMachineUpdater.run(StateMachineUpdater.java:148)
        at java.lang.Thread.run(Thread.java:748)
"pool-86-thread-57"  prio=5 tid=770 in Object.wait()
java.lang.Thread.State: WAITING (on object monitor)
        at sun.misc.Unsafe.park(Native Method)
        at java.util.concurrent.locks.LockSupport.park(LockSupport.java:175)
        at java.util.concurrent.locks.AbstractQueuedSynchronizer$ConditionObject.await(AbstractQueuedSynchronizer.java:2039)
        at java.util.concurrent.ArrayBlockingQueue.take(ArrayBlockingQueue.java:403)
        at java.util.concurrent.ThreadPoolExecutor.getTask(ThreadPoolExecutor.java:1074)
        at java.util.concurrent.ThreadPoolExecutor.runWorker(ThreadPoolExecutor.java:1134)
        at java.util.concurrent.ThreadPoolExecutor$Worker.run(ThreadPoolExecutor.java:624)
        at java.lang.Thread.run(Thread.java:748)
"pool-56-thread-48"  prio=5 tid=575 in Object.wait()
java.lang.Thread.State: WAITING (on object monitor)
        at sun.misc.Unsafe.park(Native Method)
        at java.util.concurrent.locks.LockSupport.park(LockSupport.java:175)
        at java.util.concurrent.locks.AbstractQueuedSynchronizer$ConditionObject.await(AbstractQueuedSynchronizer.java:2039)
        at java.util.concurrent.ArrayBlockingQueue.take(ArrayBlockingQueue.java:403)
        at java.util.concurrent.ThreadPoolExecutor.getTask(ThreadPoolExecutor.java:1074)
        at java.util.concurrent.ThreadPoolExecutor.runWorker(ThreadPoolExecutor.java:1134)
        at java.util.concurrent.ThreadPoolExecutor$Worker.run(ThreadPoolExecutor.java:624)
        at java.lang.Thread.run(Thread.java:748)
"PartialTableCache Cleanup Thread - 0" daemon prio=5 tid=840 in Object.wait()
java.lang.Thread.State: WAITING (on object monitor)
        at sun.misc.Unsafe.park(Native Method)
        at java.util.concurrent.locks.LockSupport.park(LockSupport.java:175)
        at java.util.concurrent.locks.AbstractQueuedSynchronizer$ConditionObject.await(AbstractQueuedSynchronizer.java:2039)
        at java.util.concurrent.LinkedBlockingQueue.take(LinkedBlockingQueue.java:442)
        at java.util.concurrent.ThreadPoolExecutor.getTask(ThreadPoolExecutor.java:1074)
        at java.util.concurrent.ThreadPoolExecutor.runWorker(ThreadPoolExecutor.java:1134)
        at java.util.concurrent.ThreadPoolExecutor$Worker.run(ThreadPoolExecutor.java:624)
        at java.lang.Thread.run(Thread.java:748)
"Datanode ReportManager Thread - 0" daemon prio=5 tid=333 in Object.wait()
java.lang.Thread.State: WAITING (on object monitor)
        at sun.misc.Unsafe.park(Native Method)
        at java.util.concurrent.locks.LockSupport.park(LockSupport.java:175)
        at java.util.concurrent.locks.AbstractQueuedSynchronizer$ConditionObject.await(AbstractQueuedSynchronizer.java:2039)
        at java.util.concurrent.ScheduledThreadPoolExecutor$DelayedWorkQueue.take(ScheduledThreadPoolExecutor.java:1088)
        at java.util.concurrent.ScheduledThreadPoolExecutor$DelayedWorkQueue.take(ScheduledThreadPoolExecutor.java:809)
        at java.util.concurrent.ThreadPoolExecutor.getTask(ThreadPoolExecutor.java:1074)
        at java.util.concurrent.ThreadPoolExecutor.runWorker(ThreadPoolExecutor.java:1134)
        at java.util.concurrent.ThreadPoolExecutor$Worker.run(ThreadPoolExecutor.java:624)
        at java.lang.Thread.run(Thread.java:748)
"refreshUsed-/workdir/hadoop-ozone/integration-test/target/test-dir/MiniOzoneClusterImpl-60a3af6c-3451-4a8a-82ad-625647a1d2f0/datanode-1/data/containers" daemon prio=5 tid=181 timed_waiting
java.lang.Thread.State: TIMED_WAITING
        at java.lang.Thread.sleep(Native Method)
        at org.apache.hadoop.fs.CachingGetSpaceUsed$RefreshThread.run(CachingGetSpaceUsed.java:179)
        at java.lang.Thread.run(Thread.java:748)
"metrics-hadoop-metrics2-reporter-29-thread-1" daemon prio=5 tid=968 timed_waiting
java.lang.Thread.State: TIMED_WAITING
        at sun.misc.Unsafe.park(Native Method)
        at java.util.concurrent.locks.LockSupport.parkNanos(LockSupport.java:215)
        at java.util.concurrent.locks.AbstractQueuedSynchronizer$ConditionObject.awaitNanos(AbstractQueuedSynchronizer.java:2078)
        at java.util.concurrent.ScheduledThreadPoolExecutor$DelayedWorkQueue.take(ScheduledThreadPoolExecutor.java:1093)
        at java.util.concurrent.ScheduledThreadPoolExecutor$DelayedWorkQueue.take(ScheduledThreadPoolExecutor.java:809)
        at java.util.concurrent.ThreadPoolExecutor.getTask(ThreadPoolExecutor.java:1074)
        at java.util.concurrent.ThreadPoolExecutor.runWorker(ThreadPoolExecutor.java:1134)
        at java.util.concurrent.ThreadPoolExecutor$Worker.run(ThreadPoolExecutor.java:624)
        at java.lang.Thread.run(Thread.java:748)
"org.eclipse.jetty.server.session.HashSessionManager@574a89e2Timer" daemon prio=5 tid=331 timed_waiting
java.lang.Thread.State: TIMED_WAITING
        at sun.misc.Unsafe.park(Native Method)
        at java.util.concurrent.locks.LockSupport.parkNanos(LockSupport.java:215)
        at java.util.concurrent.locks.AbstractQueuedSynchronizer$ConditionObject.awaitNanos(AbstractQueuedSynchronizer.java:2078)
        at java.util.concurrent.ScheduledThreadPoolExecutor$DelayedWorkQueue.take(ScheduledThreadPoolExecutor.java:1093)
        at java.util.concurrent.ScheduledThreadPoolExecutor$DelayedWorkQueue.take(ScheduledThreadPoolExecutor.java:809)
        at java.util.concurrent.ThreadPoolExecutor.getTask(ThreadPoolExecutor.java:1074)
        at java.util.concurrent.ThreadPoolExecutor.runWorker(ThreadPoolExecutor.java:1134)
        at java.util.concurrent.ThreadPoolExecutor$Worker.run(ThreadPoolExecutor.java:624)
        at java.lang.Thread.run(Thread.java:748)
"qtp523528914-325" daemon prio=5 tid=325 timed_waiting
java.lang.Thread.State: TIMED_WAITING
        at sun.misc.Unsafe.park(Native Method)
        at java.util.concurrent.locks.LockSupport.parkNanos(LockSupport.java:215)
        at java.util.concurrent.locks.AbstractQueuedSynchronizer$ConditionObject.awaitNanos(AbstractQueuedSynchronizer.java:2078)
        at org.eclipse.jetty.util.BlockingArrayQueue.poll(BlockingArrayQueue.java:392)
        at org.eclipse.jetty.util.thread.QueuedThreadPool.idleJobPoll(QueuedThreadPool.java:563)
        at org.eclipse.jetty.util.thread.QueuedThreadPool.access$800(QueuedThreadPool.java:48)
        at org.eclipse.jetty.util.thread.QueuedThreadPool$2.run(QueuedThreadPool.java:626)
        at java.lang.Thread.run(Thread.java:748)
"pool-86-thread-39"  prio=5 tid=752 in Object.wait()
java.lang.Thread.State: WAITING (on object monitor)
        at sun.misc.Unsafe.park(Native Method)
        at java.util.concurrent.locks.LockSupport.park(LockSupport.java:175)
        at java.util.concurrent.locks.AbstractQueuedSynchronizer$ConditionObject.await(AbstractQueuedSynchronizer.java:2039)
        at java.util.concurrent.ArrayBlockingQueue.take(ArrayBlockingQueue.java:403)
        at java.util.concurrent.ThreadPoolExecutor.getTask(ThreadPoolExecutor.java:1074)
        at java.util.concurrent.ThreadPoolExecutor.runWorker(ThreadPoolExecutor.java:1134)
        at java.util.concurrent.ThreadPoolExecutor$Worker.run(ThreadPoolExecutor.java:624)
        at java.lang.Thread.run(Thread.java:748)
"pool-46-thread-51"  prio=5 tid=511 in Object.wait()
java.lang.Thread.State: WAITING (on object monitor)
        at sun.misc.Unsafe.park(Native Method)
        at java.util.concurrent.locks.LockSupport.park(LockSupport.java:175)
        at java.util.concurrent.locks.AbstractQueuedSynchronizer$ConditionObject.await(AbstractQueuedSynchronizer.java:2039)
        at java.util.concurrent.ArrayBlockingQueue.take(ArrayBlockingQueue.java:403)
        at java.util.concurrent.ThreadPoolExecutor.getTask(ThreadPoolExecutor.java:1074)
        at java.util.concurrent.ThreadPoolExecutor.runWorker(ThreadPoolExecutor.java:1134)
        at java.util.concurrent.ThreadPoolExecutor$Worker.run(ThreadPoolExecutor.java:624)
        at java.lang.Thread.run(Thread.java:748)
"RatisApplyTransactionExecutor 4" daemon prio=5 tid=3695 in Object.wait()
java.lang.Thread.State: WAITING (on object monitor)
        at sun.misc.Unsafe.park(Native Method)
        at java.util.concurrent.locks.LockSupport.park(LockSupport.java:175)
        at java.util.concurrent.locks.AbstractQueuedSynchronizer$ConditionObject.await(AbstractQueuedSynchronizer.java:2039)
        at java.util.concurrent.LinkedBlockingQueue.take(LinkedBlockingQueue.java:442)
        at java.util.concurrent.ThreadPoolExecutor.getTask(ThreadPoolExecutor.java:1074)
        at java.util.concurrent.ThreadPoolExecutor.runWorker(ThreadPoolExecutor.java:1134)
        at java.util.concurrent.ThreadPoolExecutor$Worker.run(ThreadPoolExecutor.java:624)
        at java.lang.Thread.run(Thread.java:748)
"Periodic HDDS volume checker"  prio=5 tid=260 timed_waiting
java.lang.Thread.State: TIMED_WAITING
        at sun.misc.Unsafe.park(Native Method)
        at java.util.concurrent.locks.LockSupport.parkNanos(LockSupport.java:215)
        at java.util.concurrent.locks.AbstractQueuedSynchronizer$ConditionObject.awaitNanos(AbstractQueuedSynchronizer.java:2078)
        at java.util.concurrent.ScheduledThreadPoolExecutor$DelayedWorkQueue.take(ScheduledThreadPoolExecutor.java:1093)
        at java.util.concurrent.ScheduledThreadPoolExecutor$DelayedWorkQueue.take(ScheduledThreadPoolExecutor.java:809)
        at java.util.concurrent.ThreadPoolExecutor.getTask(ThreadPoolExecutor.java:1074)
        at java.util.concurrent.ThreadPoolExecutor.runWorker(ThreadPoolExecutor.java:1134)
        at java.util.concurrent.ThreadPoolExecutor$Worker.run(ThreadPoolExecutor.java:624)
        at java.lang.Thread.run(Thread.java:748)
"pool-44-thread-1" daemon prio=5 tid=210 in Object.wait()
java.lang.Thread.State: WAITING (on object monitor)
        at sun.misc.Unsafe.park(Native Method)
        at java.util.concurrent.locks.LockSupport.park(LockSupport.java:175)
        at java.util.concurrent.locks.AbstractQueuedSynchronizer$ConditionObject.await(AbstractQueuedSynchronizer.java:2039)
        at java.util.concurrent.ScheduledThreadPoolExecutor$DelayedWorkQueue.take(ScheduledThreadPoolExecutor.java:1081)
        at java.util.concurrent.ScheduledThreadPoolExecutor$DelayedWorkQueue.take(ScheduledThreadPoolExecutor.java:809)
        at java.util.concurrent.ThreadPoolExecutor.getTask(ThreadPoolExecutor.java:1074)
        at java.util.concurrent.ThreadPoolExecutor.runWorker(ThreadPoolExecutor.java:1134)
        at java.util.concurrent.ThreadPoolExecutor$Worker.run(ThreadPoolExecutor.java:624)
        at java.lang.Thread.run(Thread.java:748)
"IPC Server handler 7 on 46754" daemon prio=5 tid=56 timed_waiting
java.lang.Thread.State: TIMED_WAITING
        at sun.misc.Unsafe.park(Native Method)
        at java.util.concurrent.locks.LockSupport.parkNanos(LockSupport.java:215)
        at java.util.concurrent.locks.AbstractQueuedSynchronizer$ConditionObject.awaitNanos(AbstractQueuedSynchronizer.java:2078)
        at java.util.concurrent.LinkedBlockingQueue.poll(LinkedBlockingQueue.java:467)
        at org.apache.hadoop.ipc.CallQueueManager.take(CallQueueManager.java:288)
        at org.apache.hadoop.ipc.Server$Handler.run(Server.java:2668)
"Datanode State Machine Thread - 0" daemon prio=5 tid=224 timed_waiting
java.lang.Thread.State: TIMED_WAITING
        at java.lang.Thread.sleep(Native Method)
        at org.apache.hadoop.ozone.container.common.statemachine.DatanodeStateMachine.start(DatanodeStateMachine.java:191)
        at org.apache.hadoop.ozone.container.common.statemachine.DatanodeStateMachine.lambda$startDaemon$0(DatanodeStateMachine.java:349)
        at org.apache.hadoop.ozone.container.common.statemachine.DatanodeStateMachine$$Lambda$136/1673604690.run(Unknown Source)
        at java.lang.Thread.run(Thread.java:748)
"EventQueue-ContainerReportForContainerReportHandler" daemon prio=5 tid=778 in Object.wait()
java.lang.Thread.State: WAITING (on object monitor)
        at sun.misc.Unsafe.park(Native Method)
        at java.util.concurrent.locks.LockSupport.park(LockSupport.java:175)
        at java.util.concurrent.locks.AbstractQueuedSynchronizer$ConditionObject.await(AbstractQueuedSynchronizer.java:2039)
        at java.util.concurrent.LinkedBlockingQueue.take(LinkedBlockingQueue.java:442)
        at java.util.concurrent.ThreadPoolExecutor.getTask(ThreadPoolExecutor.java:1074)
        at java.util.concurrent.ThreadPoolExecutor.runWorker(ThreadPoolExecutor.java:1134)
        at java.util.concurrent.ThreadPoolExecutor$Worker.run(ThreadPoolExecutor.java:624)
        at java.lang.Thread.run(Thread.java:748)
"pool-86-thread-16"  prio=5 tid=729 in Object.wait()
java.lang.Thread.State: WAITING (on object monitor)
        at sun.misc.Unsafe.park(Native Method)
        at java.util.concurrent.locks.LockSupport.park(LockSupport.java:175)
        at java.util.concurrent.locks.AbstractQueuedSynchronizer$ConditionObject.await(AbstractQueuedSynchronizer.java:2039)
        at java.util.concurrent.ArrayBlockingQueue.take(ArrayBlockingQueue.java:403)
        at java.util.concurrent.ThreadPoolExecutor.getTask(ThreadPoolExecutor.java:1074)
        at java.util.concurrent.ThreadPoolExecutor.runWorker(ThreadPoolExecutor.java:1134)
        at java.util.concurrent.ThreadPoolExecutor$Worker.run(ThreadPoolExecutor.java:624)
        at java.lang.Thread.run(Thread.java:748)
"pool-66-thread-19"  prio=5 tid=608 in Object.wait()
java.lang.Thread.State: WAITING (on object monitor)
        at sun.misc.Unsafe.park(Native Method)
        at java.util.concurrent.locks.LockSupport.park(LockSupport.java:175)
        at java.util.concurrent.locks.AbstractQueuedSynchronizer$ConditionObject.await(AbstractQueuedSynchronizer.java:2039)
        at java.util.concurrent.ArrayBlockingQueue.take(ArrayBlockingQueue.java:403)
        at java.util.concurrent.ThreadPoolExecutor.getTask(ThreadPoolExecutor.java:1074)
        at java.util.concurrent.ThreadPoolExecutor.runWorker(ThreadPoolExecutor.java:1134)
        at java.util.concurrent.ThreadPoolExecutor$Worker.run(ThreadPoolExecutor.java:624)
        at java.lang.Thread.run(Thread.java:748)
"pool-46-thread-46"  prio=5 tid=506 in Object.wait()
java.lang.Thread.State: WAITING (on object monitor)
        at sun.misc.Unsafe.park(Native Method)
        at java.util.concurrent.locks.LockSupport.park(LockSupport.java:175)
        at java.util.concurrent.locks.AbstractQueuedSynchronizer$ConditionObject.await(AbstractQueuedSynchronizer.java:2039)
        at java.util.concurrent.ArrayBlockingQueue.take(ArrayBlockingQueue.java:403)
        at java.util.concurrent.ThreadPoolExecutor.getTask(ThreadPoolExecutor.java:1074)
        at java.util.concurrent.ThreadPoolExecutor.runWorker(ThreadPoolExecutor.java:1134)
        at java.util.concurrent.ThreadPoolExecutor$Worker.run(ThreadPoolExecutor.java:624)
        at java.lang.Thread.run(Thread.java:748)
"pool-36-thread-1"  prio=5 tid=401 in Object.wait()
java.lang.Thread.State: WAITING (on object monitor)
        at sun.misc.Unsafe.park(Native Method)
        at java.util.concurrent.locks.LockSupport.park(LockSupport.java:175)
        at java.util.concurrent.locks.AbstractQueuedSynchronizer$ConditionObject.await(AbstractQueuedSynchronizer.java:2039)
        at java.util.concurrent.ArrayBlockingQueue.take(ArrayBlockingQueue.java:403)
        at java.util.concurrent.ThreadPoolExecutor.getTask(ThreadPoolExecutor.java:1074)
        at java.util.concurrent.ThreadPoolExecutor.runWorker(ThreadPoolExecutor.java:1134)
        at java.util.concurrent.ThreadPoolExecutor$Worker.run(ThreadPoolExecutor.java:624)
        at java.lang.Thread.run(Thread.java:748)
"pool-26-thread-50"  prio=5 tid=390 in Object.wait()
java.lang.Thread.State: WAITING (on object monitor)
        at sun.misc.Unsafe.park(Native Method)
        at java.util.concurrent.locks.LockSupport.park(LockSupport.java:175)
        at java.util.concurrent.locks.AbstractQueuedSynchronizer$ConditionObject.await(AbstractQueuedSynchronizer.java:2039)
        at java.util.concurrent.ArrayBlockingQueue.take(ArrayBlockingQueue.java:403)
        at java.util.concurrent.ThreadPoolExecutor.getTask(ThreadPoolExecutor.java:1074)
        at java.util.concurrent.ThreadPoolExecutor.runWorker(ThreadPoolExecutor.java:1134)
        at java.util.concurrent.ThreadPoolExecutor$Worker.run(ThreadPoolExecutor.java:624)
        at java.lang.Thread.run(Thread.java:748)
"BlockDeletingService#5" daemon prio=5 tid=1842 in Object.wait()
java.lang.Thread.State: WAITING (on object monitor)
        at sun.misc.Unsafe.park(Native Method)
        at java.util.concurrent.locks.LockSupport.park(LockSupport.java:175)
        at java.util.concurrent.locks.AbstractQueuedSynchronizer$ConditionObject.await(AbstractQueuedSynchronizer.java:2039)
        at java.util.concurrent.ScheduledThreadPoolExecutor$DelayedWorkQueue.take(ScheduledThreadPoolExecutor.java:1088)
        at java.util.concurrent.ScheduledThreadPoolExecutor$DelayedWorkQueue.take(ScheduledThreadPoolExecutor.java:809)
        at java.util.concurrent.ThreadPoolExecutor.getTask(ThreadPoolExecutor.java:1074)
        at java.util.concurrent.ThreadPoolExecutor.runWorker(ThreadPoolExecutor.java:1134)
        at java.util.concurrent.ThreadPoolExecutor$Worker.run(ThreadPoolExecutor.java:624)
        at java.lang.Thread.run(Thread.java:748)
"pool-24-thread-1" daemon prio=5 tid=156 in Object.wait()
java.lang.Thread.State: WAITING (on object monitor)
        at sun.misc.Unsafe.park(Native Method)
        at java.util.concurrent.locks.LockSupport.park(LockSupport.java:175)
        at java.util.concurrent.locks.AbstractQueuedSynchronizer$ConditionObject.await(AbstractQueuedSynchronizer.java:2039)
        at java.util.concurrent.ScheduledThreadPoolExecutor$DelayedWorkQueue.take(ScheduledThreadPoolExecutor.java:1081)
        at java.util.concurrent.ScheduledThreadPoolExecutor$DelayedWorkQueue.take(ScheduledThreadPoolExecutor.java:809)
        at java.util.concurrent.ThreadPoolExecutor.getTask(ThreadPoolExecutor.java:1074)
        at java.util.concurrent.ThreadPoolExecutor.runWorker(ThreadPoolExecutor.java:1134)
        at java.util.concurrent.ThreadPoolExecutor$Worker.run(ThreadPoolExecutor.java:624)
        at java.lang.Thread.run(Thread.java:748)
"grpc-default-boss-ELG-1-1" daemon prio=5 tid=521 runnable
java.lang.Thread.State: RUNNABLE
        at sun.nio.ch.EPollArrayWrapper.epollWait(Native Method)
        at sun.nio.ch.EPollArrayWrapper.poll(EPollArrayWrapper.java:269)
        at sun.nio.ch.EPollSelectorImpl.doSelect(EPollSelectorImpl.java:93)
        at sun.nio.ch.SelectorImpl.lockAndDoSelect(SelectorImpl.java:86)
        at sun.nio.ch.SelectorImpl.select(SelectorImpl.java:97)
        at org.apache.ratis.thirdparty.io.netty.channel.nio.SelectedSelectionKeySetSelector.select(SelectedSelectionKeySetSelector.java:62)
        at org.apache.ratis.thirdparty.io.netty.channel.nio.NioEventLoop.select(NioEventLoop.java:753)
        at org.apache.ratis.thirdparty.io.netty.channel.nio.NioEventLoop.run(NioEventLoop.java:408)
        at org.apache.ratis.thirdparty.io.netty.util.concurrent.SingleThreadEventExecutor$5.run(SingleThreadEventExecutor.java:897)
        at org.apache.ratis.thirdparty.io.netty.util.concurrent.FastThreadLocalRunnable.run(FastThreadLocalRunnable.java:30)
        at java.lang.Thread.run(Thread.java:748)
"IPC Server handler 11 on 40419" daemon prio=5 tid=40 timed_waiting
java.lang.Thread.State: TIMED_WAITING
        at sun.misc.Unsafe.park(Native Method)
        at java.util.concurrent.locks.LockSupport.parkNanos(LockSupport.java:215)
        at java.util.concurrent.locks.AbstractQueuedSynchronizer$ConditionObject.awaitNanos(AbstractQueuedSynchronizer.java:2078)
        at java.util.concurrent.LinkedBlockingQueue.poll(LinkedBlockingQueue.java:467)
        at org.apache.hadoop.ipc.CallQueueManager.take(CallQueueManager.java:288)
        at org.apache.hadoop.ipc.Server$Handler.run(Server.java:2668)
"pool-66-thread-46"  prio=5 tid=635 in Object.wait()
java.lang.Thread.State: WAITING (on object monitor)
        at sun.misc.Unsafe.park(Native Method)
        at java.util.concurrent.locks.LockSupport.park(LockSupport.java:175)
        at java.util.concurrent.locks.AbstractQueuedSynchronizer$ConditionObject.await(AbstractQueuedSynchronizer.java:2039)
        at java.util.concurrent.ArrayBlockingQueue.take(ArrayBlockingQueue.java:403)
        at java.util.concurrent.ThreadPoolExecutor.getTask(ThreadPoolExecutor.java:1074)
        at java.util.concurrent.ThreadPoolExecutor.runWorker(ThreadPoolExecutor.java:1134)
        at java.util.concurrent.ThreadPoolExecutor$Worker.run(ThreadPoolExecutor.java:624)
        at java.lang.Thread.run(Thread.java:748)
"qtp2111457497-93" daemon prio=5 tid=93 timed_waiting
java.lang.Thread.State: TIMED_WAITING
        at sun.misc.Unsafe.park(Native Method)
        at java.util.concurrent.locks.LockSupport.parkNanos(LockSupport.java:215)
        at java.util.concurrent.locks.AbstractQueuedSynchronizer$ConditionObject.awaitNanos(AbstractQueuedSynchronizer.java:2078)
        at org.eclipse.jetty.util.BlockingArrayQueue.poll(BlockingArrayQueue.java:392)
        at org.eclipse.jetty.util.thread.QueuedThreadPool.idleJobPoll(QueuedThreadPool.java:563)
        at org.eclipse.jetty.util.thread.QueuedThreadPool.access$800(QueuedThreadPool.java:48)
        at org.eclipse.jetty.util.thread.QueuedThreadPool$2.run(QueuedThreadPool.java:626)
        at java.lang.Thread.run(Thread.java:748)
"pool-56-thread-49"  prio=5 tid=576 in Object.wait()
java.lang.Thread.State: WAITING (on object monitor)
        at sun.misc.Unsafe.park(Native Method)
        at java.util.concurrent.locks.LockSupport.park(LockSupport.java:175)
        at java.util.concurrent.locks.AbstractQueuedSynchronizer$ConditionObject.await(AbstractQueuedSynchronizer.java:2039)
        at java.util.concurrent.ArrayBlockingQueue.take(ArrayBlockingQueue.java:403)
        at java.util.concurrent.ThreadPoolExecutor.getTask(ThreadPoolExecutor.java:1074)
        at java.util.concurrent.ThreadPoolExecutor.runWorker(ThreadPoolExecutor.java:1134)
        at java.util.concurrent.ThreadPoolExecutor$Worker.run(ThreadPoolExecutor.java:624)
        at java.lang.Thread.run(Thread.java:748)
"pool-66-thread-12"  prio=5 tid=601 in Object.wait()
java.lang.Thread.State: WAITING (on object monitor)
        at sun.misc.Unsafe.park(Native Method)
        at java.util.concurrent.locks.LockSupport.park(LockSupport.java:175)
        at java.util.concurrent.locks.AbstractQueuedSynchronizer$ConditionObject.await(AbstractQueuedSynchronizer.java:2039)
        at java.util.concurrent.ArrayBlockingQueue.take(ArrayBlockingQueue.java:403)
        at java.util.concurrent.ThreadPoolExecutor.getTask(ThreadPoolExecutor.java:1074)
        at java.util.concurrent.ThreadPoolExecutor.runWorker(ThreadPoolExecutor.java:1134)
        at java.util.concurrent.ThreadPoolExecutor$Worker.run(ThreadPoolExecutor.java:624)
        at java.lang.Thread.run(Thread.java:748)
"pool-26-thread-5"  prio=5 tid=345 in Object.wait()
java.lang.Thread.State: WAITING (on object monitor)
        at sun.misc.Unsafe.park(Native Method)
        at java.util.concurrent.locks.LockSupport.park(LockSupport.java:175)
        at java.util.concurrent.locks.AbstractQueuedSynchronizer$ConditionObject.await(AbstractQueuedSynchronizer.java:2039)
        at java.util.concurrent.ArrayBlockingQueue.take(ArrayBlockingQueue.java:403)
        at java.util.concurrent.ThreadPoolExecutor.getTask(ThreadPoolExecutor.java:1074)
        at java.util.concurrent.ThreadPoolExecutor.runWorker(ThreadPoolExecutor.java:1134)
        at java.util.concurrent.ThreadPoolExecutor$Worker.run(ThreadPoolExecutor.java:624)
        at java.lang.Thread.run(Thread.java:748)
"IPC Server Responder" daemon prio=5 tid=21 runnable
java.lang.Thread.State: RUNNABLE
        at sun.nio.ch.EPollArrayWrapper.epollWait(Native Method)
        at sun.nio.ch.EPollArrayWrapper.poll(EPollArrayWrapper.java:269)
        at sun.nio.ch.EPollSelectorImpl.doSelect(EPollSelectorImpl.java:93)
        at sun.nio.ch.SelectorImpl.lockAndDoSelect(SelectorImpl.java:86)
        at sun.nio.ch.SelectorImpl.select(SelectorImpl.java:97)
        at org.apache.hadoop.ipc.Server$Responder.doRunLoop(Server.java:1334)
        at org.apache.hadoop.ipc.Server$Responder.run(Server.java:1317)
"metrics-hadoop-metrics2-reporter-22-thread-1" daemon prio=5 tid=898 timed_waiting
java.lang.Thread.State: TIMED_WAITING
        at sun.misc.Unsafe.park(Native Method)
        at java.util.concurrent.locks.LockSupport.parkNanos(LockSupport.java:215)
        at java.util.concurrent.locks.AbstractQueuedSynchronizer$ConditionObject.awaitNanos(AbstractQueuedSynchronizer.java:2078)
        at java.util.concurrent.ScheduledThreadPoolExecutor$DelayedWorkQueue.take(ScheduledThreadPoolExecutor.java:1093)
        at java.util.concurrent.ScheduledThreadPoolExecutor$DelayedWorkQueue.take(ScheduledThreadPoolExecutor.java:809)
        at java.util.concurrent.ThreadPoolExecutor.getTask(ThreadPoolExecutor.java:1074)
        at java.util.concurrent.ThreadPoolExecutor.runWorker(ThreadPoolExecutor.java:1134)
        at java.util.concurrent.ThreadPoolExecutor$Worker.run(ThreadPoolExecutor.java:624)
        at java.lang.Thread.run(Thread.java:748)
"pool-66-thread-11"  prio=5 tid=600 in Object.wait()
java.lang.Thread.State: WAITING (on object monitor)
        at sun.misc.Unsafe.park(Native Method)
        at java.util.concurrent.locks.LockSupport.park(LockSupport.java:175)
        at java.util.concurrent.locks.AbstractQueuedSynchronizer$ConditionObject.await(AbstractQueuedSynchronizer.java:2039)
        at java.util.concurrent.ArrayBlockingQueue.take(ArrayBlockingQueue.java:403)
        at java.util.concurrent.ThreadPoolExecutor.getTask(ThreadPoolExecutor.java:1074)
        at java.util.concurrent.ThreadPoolExecutor.runWorker(ThreadPoolExecutor.java:1134)
        at java.util.concurrent.ThreadPoolExecutor$Worker.run(ThreadPoolExecutor.java:624)
        at java.lang.Thread.run(Thread.java:748)
"Thread-3084" daemon prio=5 tid=3823 timed_waiting
java.lang.Thread.State: TIMED_WAITING
        at sun.misc.Unsafe.park(Native Method)
        at java.util.concurrent.locks.LockSupport.parkNanos(LockSupport.java:215)
        at java.util.concurrent.locks.AbstractQueuedSynchronizer$ConditionObject.awaitNanos(AbstractQueuedSynchronizer.java:2078)
        at java.util.concurrent.ArrayBlockingQueue.poll(ArrayBlockingQueue.java:418)
        at org.apache.ratis.server.impl.LeaderState$EventQueue.poll(LeaderState.java:115)
        at org.apache.ratis.server.impl.LeaderState$EventProcessor.run(LeaderState.java:457)
"BlockDeletingService#9" daemon prio=5 tid=2733 in Object.wait()
java.lang.Thread.State: WAITING (on object monitor)
        at sun.misc.Unsafe.park(Native Method)
        at java.util.concurrent.locks.LockSupport.park(LockSupport.java:175)
        at java.util.concurrent.locks.AbstractQueuedSynchronizer$ConditionObject.await(AbstractQueuedSynchronizer.java:2039)
        at java.util.concurrent.ScheduledThreadPoolExecutor$DelayedWorkQueue.take(ScheduledThreadPoolExecutor.java:1088)
        at java.util.concurrent.ScheduledThreadPoolExecutor$DelayedWorkQueue.take(ScheduledThreadPoolExecutor.java:809)
        at java.util.concurrent.ThreadPoolExecutor.getTask(ThreadPoolExecutor.java:1074)
        at java.util.concurrent.ThreadPoolExecutor.runWorker(ThreadPoolExecutor.java:1134)
        at java.util.concurrent.ThreadPoolExecutor$Worker.run(ThreadPoolExecutor.java:624)
        at java.lang.Thread.run(Thread.java:748)
"8466bef0-9559-4d2e-b20d-aaf3fd2b14fd@group-6371820A5F4C-SegmentedRaftLogWorker"  prio=5 tid=2218 timed_waiting
java.lang.Thread.State: TIMED_WAITING
        at sun.misc.Unsafe.park(Native Method)
        at java.util.concurrent.locks.LockSupport.parkNanos(LockSupport.java:215)
        at java.util.concurrent.locks.AbstractQueuedSynchronizer$ConditionObject.awaitNanos(AbstractQueuedSynchronizer.java:2078)
        at org.apache.ratis.util.DataBlockingQueue.poll(DataBlockingQueue.java:137)
        at org.apache.ratis.server.raftlog.segmented.SegmentedRaftLogWorker.run(SegmentedRaftLogWorker.java:283)
        at java.lang.Thread.run(Thread.java:748)
"qtp978035840-136" daemon prio=5 tid=136 runnable
java.lang.Thread.State: RUNNABLE
        at sun.nio.ch.EPollArrayWrapper.epollWait(Native Method)
        at sun.nio.ch.EPollArrayWrapper.poll(EPollArrayWrapper.java:269)
        at sun.nio.ch.EPollSelectorImpl.doSelect(EPollSelectorImpl.java:93)
        at sun.nio.ch.SelectorImpl.lockAndDoSelect(SelectorImpl.java:86)
        at sun.nio.ch.SelectorImpl.select(SelectorImpl.java:97)
        at sun.nio.ch.SelectorImpl.select(SelectorImpl.java:101)
        at org.eclipse.jetty.io.ManagedSelector$SelectorProducer.select(ManagedSelector.java:243)
        at org.eclipse.jetty.io.ManagedSelector$SelectorProducer.produce(ManagedSelector.java:191)
        at org.eclipse.jetty.util.thread.strategy.ExecuteProduceConsume.executeProduceConsume(ExecuteProduceConsume.java:249)
        at org.eclipse.jetty.util.thread.strategy.ExecuteProduceConsume.produceConsume(ExecuteProduceConsume.java:148)
        at org.eclipse.jetty.util.thread.strategy.ExecuteProduceConsume.execute(ExecuteProduceConsume.java:100)
        at org.eclipse.jetty.io.ManagedSelector.run(ManagedSelector.java:147)
        at org.eclipse.jetty.util.thread.QueuedThreadPool.runJob(QueuedThreadPool.java:671)
        at org.eclipse.jetty.util.thread.QueuedThreadPool$2.run(QueuedThreadPool.java:589)
        at java.lang.Thread.run(Thread.java:748)
"IPC Server handler 5 on 38980" daemon prio=5 tid=74 timed_waiting
java.lang.Thread.State: TIMED_WAITING
        at sun.misc.Unsafe.park(Native Method)
        at java.util.concurrent.locks.LockSupport.parkNanos(LockSupport.java:215)
        at java.util.concurrent.locks.AbstractQueuedSynchronizer$ConditionObject.awaitNanos(AbstractQueuedSynchronizer.java:2078)
        at java.util.concurrent.LinkedBlockingQueue.poll(LinkedBlockingQueue.java:467)
        at org.apache.hadoop.ipc.CallQueueManager.take(CallQueueManager.java:288)
        at org.apache.hadoop.ipc.Server$Handler.run(Server.java:2668)
"BlockDeletingService#1" daemon prio=5 tid=526 in Object.wait()
java.lang.Thread.State: WAITING (on object monitor)
        at sun.misc.Unsafe.park(Native Method)
        at java.util.concurrent.locks.LockSupport.park(LockSupport.java:175)
        at java.util.concurrent.locks.AbstractQueuedSynchronizer$ConditionObject.await(AbstractQueuedSynchronizer.java:2039)
        at java.util.concurrent.ScheduledThreadPoolExecutor$DelayedWorkQueue.take(ScheduledThreadPoolExecutor.java:1088)
        at java.util.concurrent.ScheduledThreadPoolExecutor$DelayedWorkQueue.take(ScheduledThreadPoolExecutor.java:809)
        at java.util.concurrent.ThreadPoolExecutor.getTask(ThreadPoolExecutor.java:1074)
        at java.util.concurrent.ThreadPoolExecutor.runWorker(ThreadPoolExecutor.java:1134)
        at java.util.concurrent.ThreadPoolExecutor$Worker.run(ThreadPoolExecutor.java:624)
        at java.lang.Thread.run(Thread.java:748)
"pool-76-thread-42"  prio=5 tid=693 in Object.wait()
java.lang.Thread.State: WAITING (on object monitor)
        at sun.misc.Unsafe.park(Native Method)
        at java.util.concurrent.locks.LockSupport.park(LockSupport.java:175)
        at java.util.concurrent.locks.AbstractQueuedSynchronizer$ConditionObject.await(AbstractQueuedSynchronizer.java:2039)
        at java.util.concurrent.ArrayBlockingQueue.take(ArrayBlockingQueue.java:403)
        at java.util.concurrent.ThreadPoolExecutor.getTask(ThreadPoolExecutor.java:1074)
        at java.util.concurrent.ThreadPoolExecutor.runWorker(ThreadPoolExecutor.java:1134)
        at java.util.concurrent.ThreadPoolExecutor$Worker.run(ThreadPoolExecutor.java:624)
        at java.lang.Thread.run(Thread.java:748)
"pool-76-thread-24"  prio=5 tid=675 in Object.wait()
java.lang.Thread.State: WAITING (on object monitor)
        at sun.misc.Unsafe.park(Native Method)
        at java.util.concurrent.locks.LockSupport.park(LockSupport.java:175)
        at java.util.concurrent.locks.AbstractQueuedSynchronizer$ConditionObject.await(AbstractQueuedSynchronizer.java:2039)
        at java.util.concurrent.ArrayBlockingQueue.take(ArrayBlockingQueue.java:403)
        at java.util.concurrent.ThreadPoolExecutor.getTask(ThreadPoolExecutor.java:1074)
        at java.util.concurrent.ThreadPoolExecutor.runWorker(ThreadPoolExecutor.java:1134)
        at java.util.concurrent.ThreadPoolExecutor$Worker.run(ThreadPoolExecutor.java:624)
        at java.lang.Thread.run(Thread.java:748)
"pool-46-thread-17"  prio=5 tid=477 in Object.wait()
java.lang.Thread.State: WAITING (on object monitor)
        at sun.misc.Unsafe.park(Native Method)
        at java.util.concurrent.locks.LockSupport.park(LockSupport.java:175)
        at java.util.concurrent.locks.AbstractQueuedSynchronizer$ConditionObject.await(AbstractQueuedSynchronizer.java:2039)
        at java.util.concurrent.ArrayBlockingQueue.take(ArrayBlockingQueue.java:403)
        at java.util.concurrent.ThreadPoolExecutor.getTask(ThreadPoolExecutor.java:1074)
        at java.util.concurrent.ThreadPoolExecutor.runWorker(ThreadPoolExecutor.java:1134)
        at java.util.concurrent.ThreadPoolExecutor$Worker.run(ThreadPoolExecutor.java:624)
        at java.lang.Thread.run(Thread.java:748)
"BlockDeletingService#0" daemon prio=5 tid=650 in Object.wait()
java.lang.Thread.State: WAITING (on object monitor)
        at sun.misc.Unsafe.park(Native Method)
        at java.util.concurrent.locks.LockSupport.park(LockSupport.java:175)
        at java.util.concurrent.locks.AbstractQueuedSynchronizer$ConditionObject.await(AbstractQueuedSynchronizer.java:2039)
        at java.util.concurrent.ScheduledThreadPoolExecutor$DelayedWorkQueue.take(ScheduledThreadPoolExecutor.java:1088)
        at java.util.concurrent.ScheduledThreadPoolExecutor$DelayedWorkQueue.take(ScheduledThreadPoolExecutor.java:809)
        at java.util.concurrent.ThreadPoolExecutor.getTask(ThreadPoolExecutor.java:1074)
        at java.util.concurrent.ThreadPoolExecutor.runWorker(ThreadPoolExecutor.java:1134)
        at java.util.concurrent.ThreadPoolExecutor$Worker.run(ThreadPoolExecutor.java:624)
        at java.lang.Thread.run(Thread.java:748)
"pool-36-thread-54"  prio=5 tid=454 in Object.wait()
java.lang.Thread.State: WAITING (on object monitor)
        at sun.misc.Unsafe.park(Native Method)
        at java.util.concurrent.locks.LockSupport.park(LockSupport.java:175)
        at java.util.concurrent.locks.AbstractQueuedSynchronizer$ConditionObject.await(AbstractQueuedSynchronizer.java:2039)
        at java.util.concurrent.ArrayBlockingQueue.take(ArrayBlockingQueue.java:403)
        at java.util.concurrent.ThreadPoolExecutor.getTask(ThreadPoolExecutor.java:1074)
        at java.util.concurrent.ThreadPoolExecutor.runWorker(ThreadPoolExecutor.java:1134)
        at java.util.concurrent.ThreadPoolExecutor$Worker.run(ThreadPoolExecutor.java:624)
        at java.lang.Thread.run(Thread.java:748)
"897fdfd8-a3cb-4c9b-9ef8-a626c4e76414@group-2AAFD84C0C8F-StateMachineUpdater" daemon prio=5 tid=831 in Object.wait()
java.lang.Thread.State: WAITING (on object monitor)
        at java.lang.Object.wait(Native Method)
        at java.lang.Object.wait(Object.java:502)
        at org.apache.ratis.server.impl.StateMachineUpdater.waitForCommit(StateMachineUpdater.java:183)
        at org.apache.ratis.server.impl.StateMachineUpdater.run(StateMachineUpdater.java:148)
        at java.lang.Thread.run(Thread.java:748)
"qtp1128600792-244" daemon prio=5 tid=244 timed_waiting
java.lang.Thread.State: TIMED_WAITING
        at sun.misc.Unsafe.park(Native Method)
        at java.util.concurrent.locks.LockSupport.parkNanos(LockSupport.java:215)
        at java.util.concurrent.locks.AbstractQueuedSynchronizer$ConditionObject.awaitNanos(AbstractQueuedSynchronizer.java:2078)
        at org.eclipse.jetty.util.BlockingArrayQueue.poll(BlockingArrayQueue.java:392)
        at org.eclipse.jetty.util.thread.QueuedThreadPool.idleJobPoll(QueuedThreadPool.java:563)
        at org.eclipse.jetty.util.thread.QueuedThreadPool.access$800(QueuedThreadPool.java:48)
        at org.eclipse.jetty.util.thread.QueuedThreadPool$2.run(QueuedThreadPool.java:626)
        at java.lang.Thread.run(Thread.java:748)
"qtp729375394-299" daemon prio=5 tid=299 timed_waiting
java.lang.Thread.State: TIMED_WAITING
        at sun.misc.Unsafe.park(Native Method)
        at java.util.concurrent.locks.LockSupport.parkNanos(LockSupport.java:215)
        at java.util.concurrent.locks.AbstractQueuedSynchronizer$ConditionObject.awaitNanos(AbstractQueuedSynchronizer.java:2078)
        at org.eclipse.jetty.util.BlockingArrayQueue.poll(BlockingArrayQueue.java:392)
        at org.eclipse.jetty.util.thread.QueuedThreadPool.idleJobPoll(QueuedThreadPool.java:563)
        at org.eclipse.jetty.util.thread.QueuedThreadPool.access$800(QueuedThreadPool.java:48)
        at org.eclipse.jetty.util.thread.QueuedThreadPool$2.run(QueuedThreadPool.java:626)
        at java.lang.Thread.run(Thread.java:748)
"BlockDeletingService#9" daemon prio=5 tid=2737 in Object.wait()
java.lang.Thread.State: WAITING (on object monitor)
        at sun.misc.Unsafe.park(Native Method)
        at java.util.concurrent.locks.LockSupport.park(LockSupport.java:175)
        at java.util.concurrent.locks.AbstractQueuedSynchronizer$ConditionObject.await(AbstractQueuedSynchronizer.java:2039)
        at java.util.concurrent.ScheduledThreadPoolExecutor$DelayedWorkQueue.take(ScheduledThreadPoolExecutor.java:1088)
        at java.util.concurrent.ScheduledThreadPoolExecutor$DelayedWorkQueue.take(ScheduledThreadPoolExecutor.java:809)
        at java.util.concurrent.ThreadPoolExecutor.getTask(ThreadPoolExecutor.java:1074)
        at java.util.concurrent.ThreadPoolExecutor.runWorker(ThreadPoolExecutor.java:1134)
        at java.util.concurrent.ThreadPoolExecutor$Worker.run(ThreadPoolExecutor.java:624)
        at java.lang.Thread.run(Thread.java:748)
"Datanode ReportManager Thread - 3" daemon prio=5 tid=255 in Object.wait()
java.lang.Thread.State: WAITING (on object monitor)
        at sun.misc.Unsafe.park(Native Method)
        at java.util.concurrent.locks.LockSupport.park(LockSupport.java:175)
        at java.util.concurrent.locks.AbstractQueuedSynchronizer$ConditionObject.await(AbstractQueuedSynchronizer.java:2039)
        at java.util.concurrent.ScheduledThreadPoolExecutor$DelayedWorkQueue.take(ScheduledThreadPoolExecutor.java:1088)
        at java.util.concurrent.ScheduledThreadPoolExecutor$DelayedWorkQueue.take(ScheduledThreadPoolExecutor.java:809)
        at java.util.concurrent.ThreadPoolExecutor.getTask(ThreadPoolExecutor.java:1074)
        at java.util.concurrent.ThreadPoolExecutor.runWorker(ThreadPoolExecutor.java:1134)
        at java.util.concurrent.ThreadPoolExecutor$Worker.run(ThreadPoolExecutor.java:624)
        at java.lang.Thread.run(Thread.java:748)
"2d4da40c-dd43-4554-9707-f6503cf38c80@group-1A5E3D590F2D-SegmentedRaftLogWorker"  prio=5 tid=807 timed_waiting
java.lang.Thread.State: TIMED_WAITING
        at sun.misc.Unsafe.park(Native Method)
        at java.util.concurrent.locks.LockSupport.parkNanos(LockSupport.java:215)
        at java.util.concurrent.locks.AbstractQueuedSynchronizer$ConditionObject.awaitNanos(AbstractQueuedSynchronizer.java:2078)
        at org.apache.ratis.util.DataBlockingQueue.poll(DataBlockingQueue.java:137)
        at org.apache.ratis.server.raftlog.segmented.SegmentedRaftLogWorker.run(SegmentedRaftLogWorker.java:283)
        at java.lang.Thread.run(Thread.java:748)
"Datanode ReportManager Thread - 1" daemon prio=5 tid=334 in Object.wait()
java.lang.Thread.State: WAITING (on object monitor)
        at sun.misc.Unsafe.park(Native Method)
        at java.util.concurrent.locks.LockSupport.park(LockSupport.java:175)
        at java.util.concurrent.locks.AbstractQueuedSynchronizer$ConditionObject.await(AbstractQueuedSynchronizer.java:2039)
        at java.util.concurrent.ScheduledThreadPoolExecutor$DelayedWorkQueue.take(ScheduledThreadPoolExecutor.java:1088)
        at java.util.concurrent.ScheduledThreadPoolExecutor$DelayedWorkQueue.take(ScheduledThreadPoolExecutor.java:809)
        at java.util.concurrent.ThreadPoolExecutor.getTask(ThreadPoolExecutor.java:1074)
        at java.util.concurrent.ThreadPoolExecutor.runWorker(ThreadPoolExecutor.java:1134)
        at java.util.concurrent.ThreadPoolExecutor$Worker.run(ThreadPoolExecutor.java:624)
        at java.lang.Thread.run(Thread.java:748)
"IPC Server handler 14 on 40610" daemon prio=5 tid=129 timed_waiting
java.lang.Thread.State: TIMED_WAITING
        at sun.misc.Unsafe.park(Native Method)
        at java.util.concurrent.locks.LockSupport.parkNanos(LockSupport.java:215)
        at java.util.concurrent.locks.AbstractQueuedSynchronizer$ConditionObject.awaitNanos(AbstractQueuedSynchronizer.java:2078)
        at java.util.concurrent.LinkedBlockingQueue.poll(LinkedBlockingQueue.java:467)
        at org.apache.hadoop.ipc.CallQueueManager.take(CallQueueManager.java:288)
        at org.apache.hadoop.ipc.Server$Handler.run(Server.java:2668)
"pool-36-thread-57"  prio=5 tid=457 in Object.wait()
java.lang.Thread.State: WAITING (on object monitor)
        at sun.misc.Unsafe.park(Native Method)
        at java.util.concurrent.locks.LockSupport.park(LockSupport.java:175)
        at java.util.concurrent.locks.AbstractQueuedSynchronizer$ConditionObject.await(AbstractQueuedSynchronizer.java:2039)
        at java.util.concurrent.ArrayBlockingQueue.take(ArrayBlockingQueue.java:403)
        at java.util.concurrent.ThreadPoolExecutor.getTask(ThreadPoolExecutor.java:1074)
        at java.util.concurrent.ThreadPoolExecutor.runWorker(ThreadPoolExecutor.java:1134)
        at java.util.concurrent.ThreadPoolExecutor$Worker.run(ThreadPoolExecutor.java:624)
        at java.lang.Thread.run(Thread.java:748)
"Command processor thread" daemon prio=5 tid=310 timed_waiting
java.lang.Thread.State: TIMED_WAITING
        at java.lang.Thread.sleep(Native Method)
        at org.apache.hadoop.ozone.container.common.statemachine.DatanodeStateMachine.lambda$initCommandHandlerThread$1(DatanodeStateMachine.java:439)
        at org.apache.hadoop.ozone.container.common.statemachine.DatanodeStateMachine$$Lambda$137/1719414483.run(Unknown Source)
        at java.lang.Thread.run(Thread.java:748)
"org.apache.hadoop.util.JvmPauseMonitor$Monitor@724bade8" daemon prio=5 tid=103 timed_waiting
java.lang.Thread.State: TIMED_WAITING
        at java.lang.Thread.sleep(Native Method)
        at org.apache.hadoop.util.JvmPauseMonitor$Monitor.run(JvmPauseMonitor.java:192)
        at java.lang.Thread.run(Thread.java:748)
"IPC Server handler 6 on 46754" daemon prio=5 tid=55 timed_waiting
java.lang.Thread.State: TIMED_WAITING
        at sun.misc.Unsafe.park(Native Method)
        at java.util.concurrent.locks.LockSupport.parkNanos(LockSupport.java:215)
        at java.util.concurrent.locks.AbstractQueuedSynchronizer$ConditionObject.awaitNanos(AbstractQueuedSynchronizer.java:2078)
        at java.util.concurrent.LinkedBlockingQueue.poll(LinkedBlockingQueue.java:467)
        at org.apache.hadoop.ipc.CallQueueManager.take(CallQueueManager.java:288)
        at org.apache.hadoop.ipc.Server$Handler.run(Server.java:2668)
"pool-66-thread-30"  prio=5 tid=619 in Object.wait()
java.lang.Thread.State: WAITING (on object monitor)
        at sun.misc.Unsafe.park(Native Method)
        at java.util.concurrent.locks.LockSupport.park(LockSupport.java:175)
        at java.util.concurrent.locks.AbstractQueuedSynchronizer$ConditionObject.await(AbstractQueuedSynchronizer.java:2039)
        at java.util.concurrent.ArrayBlockingQueue.take(ArrayBlockingQueue.java:403)
        at java.util.concurrent.ThreadPoolExecutor.getTask(ThreadPoolExecutor.java:1074)
        at java.util.concurrent.ThreadPoolExecutor.runWorker(ThreadPoolExecutor.java:1134)
        at java.util.concurrent.ThreadPoolExecutor$Worker.run(ThreadPoolExecutor.java:624)
        at java.lang.Thread.run(Thread.java:748)
"Datanode State Machine Thread - 0" daemon prio=5 tid=231 timed_waiting
java.lang.Thread.State: TIMED_WAITING
        at sun.misc.Unsafe.park(Native Method)
        at java.util.concurrent.locks.LockSupport.parkNanos(LockSupport.java:215)
        at java.util.concurrent.SynchronousQueue$TransferStack.awaitFulfill(SynchronousQueue.java:460)
        at java.util.concurrent.SynchronousQueue$TransferStack.transfer(SynchronousQueue.java:362)
        at java.util.concurrent.SynchronousQueue.poll(SynchronousQueue.java:941)
        at java.util.concurrent.ThreadPoolExecutor.getTask(ThreadPoolExecutor.java:1073)
        at java.util.concurrent.ThreadPoolExecutor.runWorker(ThreadPoolExecutor.java:1134)
        at java.util.concurrent.ThreadPoolExecutor$Worker.run(ThreadPoolExecutor.java:624)
        at java.lang.Thread.run(Thread.java:748)
"Timer-0"  prio=5 tid=114 timed_waiting
java.lang.Thread.State: TIMED_WAITING
        at java.lang.Object.wait(Native Method)
        at java.util.TimerThread.mainLoop(Timer.java:552)
        at java.util.TimerThread.run(Timer.java:505)
"BlockDeletingService#9" daemon prio=5 tid=2731 in Object.wait()
java.lang.Thread.State: WAITING (on object monitor)
        at sun.misc.Unsafe.park(Native Method)
        at java.util.concurrent.locks.LockSupport.park(LockSupport.java:175)
        at java.util.concurrent.locks.AbstractQueuedSynchronizer$ConditionObject.await(AbstractQueuedSynchronizer.java:2039)
        at java.util.concurrent.ScheduledThreadPoolExecutor$DelayedWorkQueue.take(ScheduledThreadPoolExecutor.java:1088)
        at java.util.concurrent.ScheduledThreadPoolExecutor$DelayedWorkQueue.take(ScheduledThreadPoolExecutor.java:809)
        at java.util.concurrent.ThreadPoolExecutor.getTask(ThreadPoolExecutor.java:1074)
        at java.util.concurrent.ThreadPoolExecutor.runWorker(ThreadPoolExecutor.java:1134)
        at java.util.concurrent.ThreadPoolExecutor$Worker.run(ThreadPoolExecutor.java:624)
        at java.lang.Thread.run(Thread.java:748)
"IPC Server handler 3 on 46754" daemon prio=5 tid=52 timed_waiting
java.lang.Thread.State: TIMED_WAITING
        at sun.misc.Unsafe.park(Native Method)
        at java.util.concurrent.locks.LockSupport.parkNanos(LockSupport.java:215)
        at java.util.concurrent.locks.AbstractQueuedSynchronizer$ConditionObject.awaitNanos(AbstractQueuedSynchronizer.java:2078)
        at java.util.concurrent.LinkedBlockingQueue.poll(LinkedBlockingQueue.java:467)
        at org.apache.hadoop.ipc.CallQueueManager.take(CallQueueManager.java:288)
        at org.apache.hadoop.ipc.Server$Handler.run(Server.java:2668)
"BlockDeletingService#8" daemon prio=5 tid=2513 in Object.wait()
java.lang.Thread.State: WAITING (on object monitor)
        at sun.misc.Unsafe.park(Native Method)
        at java.util.concurrent.locks.LockSupport.park(LockSupport.java:175)
        at java.util.concurrent.locks.AbstractQueuedSynchronizer$ConditionObject.await(AbstractQueuedSynchronizer.java:2039)
        at java.util.concurrent.ScheduledThreadPoolExecutor$DelayedWorkQueue.take(ScheduledThreadPoolExecutor.java:1088)
        at java.util.concurrent.ScheduledThreadPoolExecutor$DelayedWorkQueue.take(ScheduledThreadPoolExecutor.java:809)
        at java.util.concurrent.ThreadPoolExecutor.getTask(ThreadPoolExecutor.java:1074)
        at java.util.concurrent.ThreadPoolExecutor.runWorker(ThreadPoolExecutor.java:1134)
        at java.util.concurrent.ThreadPoolExecutor$Worker.run(ThreadPoolExecutor.java:624)
        at java.lang.Thread.run(Thread.java:748)
"pool-56-thread-30"  prio=5 tid=557 in Object.wait()
java.lang.Thread.State: WAITING (on object monitor)
        at sun.misc.Unsafe.park(Native Method)
        at java.util.concurrent.locks.LockSupport.park(LockSupport.java:175)
        at java.util.concurrent.locks.AbstractQueuedSynchronizer$ConditionObject.await(AbstractQueuedSynchronizer.java:2039)
        at java.util.concurrent.ArrayBlockingQueue.take(ArrayBlockingQueue.java:403)
        at java.util.concurrent.ThreadPoolExecutor.getTask(ThreadPoolExecutor.java:1074)
        at java.util.concurrent.ThreadPoolExecutor.runWorker(ThreadPoolExecutor.java:1134)
        at java.util.concurrent.ThreadPoolExecutor$Worker.run(ThreadPoolExecutor.java:624)
        at java.lang.Thread.run(Thread.java:748)
"BlockDeletingService#5" daemon prio=5 tid=1841 in Object.wait()
java.lang.Thread.State: WAITING (on object monitor)
        at sun.misc.Unsafe.park(Native Method)
        at java.util.concurrent.locks.LockSupport.park(LockSupport.java:175)
        at java.util.concurrent.locks.AbstractQueuedSynchronizer$ConditionObject.await(AbstractQueuedSynchronizer.java:2039)
        at java.util.concurrent.ScheduledThreadPoolExecutor$DelayedWorkQueue.take(ScheduledThreadPoolExecutor.java:1088)
        at java.util.concurrent.ScheduledThreadPoolExecutor$DelayedWorkQueue.take(ScheduledThreadPoolExecutor.java:809)
        at java.util.concurrent.ThreadPoolExecutor.getTask(ThreadPoolExecutor.java:1074)
        at java.util.concurrent.ThreadPoolExecutor.runWorker(ThreadPoolExecutor.java:1134)
        at java.util.concurrent.ThreadPoolExecutor$Worker.run(ThreadPoolExecutor.java:624)
        at java.lang.Thread.run(Thread.java:748)
"pool-76-thread-29"  prio=5 tid=680 in Object.wait()
java.lang.Thread.State: WAITING (on object monitor)
        at sun.misc.Unsafe.park(Native Method)
        at java.util.concurrent.locks.LockSupport.park(LockSupport.java:175)
        at java.util.concurrent.locks.AbstractQueuedSynchronizer$ConditionObject.await(AbstractQueuedSynchronizer.java:2039)
        at java.util.concurrent.ArrayBlockingQueue.take(ArrayBlockingQueue.java:403)
        at java.util.concurrent.ThreadPoolExecutor.getTask(ThreadPoolExecutor.java:1074)
        at java.util.concurrent.ThreadPoolExecutor.runWorker(ThreadPoolExecutor.java:1134)
        at java.util.concurrent.ThreadPoolExecutor$Worker.run(ThreadPoolExecutor.java:624)
        at java.lang.Thread.run(Thread.java:748)
"pool-30-thread-1"  prio=5 tid=158 timed_waiting
java.lang.Thread.State: TIMED_WAITING
        at sun.misc.Unsafe.park(Native Method)
        at java.util.concurrent.locks.LockSupport.parkNanos(LockSupport.java:215)
        at java.util.concurrent.locks.AbstractQueuedSynchronizer$ConditionObject.awaitNanos(AbstractQueuedSynchronizer.java:2078)
        at java.util.concurrent.ScheduledThreadPoolExecutor$DelayedWorkQueue.take(ScheduledThreadPoolExecutor.java:1093)
        at java.util.concurrent.ScheduledThreadPoolExecutor$DelayedWorkQueue.take(ScheduledThreadPoolExecutor.java:809)
        at java.util.concurrent.ThreadPoolExecutor.getTask(ThreadPoolExecutor.java:1074)
        at java.util.concurrent.ThreadPoolExecutor.runWorker(ThreadPoolExecutor.java:1134)
        at java.util.concurrent.ThreadPoolExecutor$Worker.run(ThreadPoolExecutor.java:624)
        at java.lang.Thread.run(Thread.java:748)
"pool-66-thread-22"  prio=5 tid=611 in Object.wait()
java.lang.Thread.State: WAITING (on object monitor)
        at sun.misc.Unsafe.park(Native Method)
        at java.util.concurrent.locks.LockSupport.park(LockSupport.java:175)
        at java.util.concurrent.locks.AbstractQueuedSynchronizer$ConditionObject.await(AbstractQueuedSynchronizer.java:2039)
        at java.util.concurrent.ArrayBlockingQueue.take(ArrayBlockingQueue.java:403)
        at java.util.concurrent.ThreadPoolExecutor.getTask(ThreadPoolExecutor.java:1074)
        at java.util.concurrent.ThreadPoolExecutor.runWorker(ThreadPoolExecutor.java:1134)
        at java.util.concurrent.ThreadPoolExecutor$Worker.run(ThreadPoolExecutor.java:624)
        at java.lang.Thread.run(Thread.java:748)
"IPC Server handler 9 on 40610" daemon prio=5 tid=124 timed_waiting
java.lang.Thread.State: TIMED_WAITING
        at sun.misc.Unsafe.park(Native Method)
        at java.util.concurrent.locks.LockSupport.parkNanos(LockSupport.java:215)
        at java.util.concurrent.locks.AbstractQueuedSynchronizer$ConditionObject.awaitNanos(AbstractQueuedSynchronizer.java:2078)
        at java.util.concurrent.LinkedBlockingQueue.poll(LinkedBlockingQueue.java:467)
        at org.apache.hadoop.ipc.CallQueueManager.take(CallQueueManager.java:288)
        at org.apache.hadoop.ipc.Server$Handler.run(Server.java:2668)
"pool-67-thread-1"  prio=5 tid=805 in Object.wait()
java.lang.Thread.State: WAITING (on object monitor)
        at sun.misc.Unsafe.park(Native Method)
        at java.util.concurrent.locks.LockSupport.park(LockSupport.java:175)
        at java.util.concurrent.locks.AbstractQueuedSynchronizer$ConditionObject.await(AbstractQueuedSynchronizer.java:2039)
        at java.util.concurrent.LinkedBlockingQueue.take(LinkedBlockingQueue.java:442)
        at java.util.concurrent.ThreadPoolExecutor.getTask(ThreadPoolExecutor.java:1074)
        at java.util.concurrent.ThreadPoolExecutor.runWorker(ThreadPoolExecutor.java:1134)
        at java.util.concurrent.ThreadPoolExecutor$Worker.run(ThreadPoolExecutor.java:624)
        at java.lang.Thread.run(Thread.java:748)
"pool-46-thread-34"  prio=5 tid=494 in Object.wait()
java.lang.Thread.State: WAITING (on object monitor)
        at sun.misc.Unsafe.park(Native Method)
        at java.util.concurrent.locks.LockSupport.park(LockSupport.java:175)
        at java.util.concurrent.locks.AbstractQueuedSynchronizer$ConditionObject.await(AbstractQueuedSynchronizer.java:2039)
        at java.util.concurrent.ArrayBlockingQueue.take(ArrayBlockingQueue.java:403)
        at java.util.concurrent.ThreadPoolExecutor.getTask(ThreadPoolExecutor.java:1074)
        at java.util.concurrent.ThreadPoolExecutor.runWorker(ThreadPoolExecutor.java:1134)
        at java.util.concurrent.ThreadPoolExecutor$Worker.run(ThreadPoolExecutor.java:624)
        at java.lang.Thread.run(Thread.java:748)
"IPC Server handler 3 on 38980" daemon prio=5 tid=72 timed_waiting
java.lang.Thread.State: TIMED_WAITING
        at sun.misc.Unsafe.park(Native Method)
        at java.util.concurrent.locks.LockSupport.parkNanos(LockSupport.java:215)
        at java.util.concurrent.locks.AbstractQueuedSynchronizer$ConditionObject.awaitNanos(AbstractQueuedSynchronizer.java:2078)
        at java.util.concurrent.LinkedBlockingQueue.poll(LinkedBlockingQueue.java:467)
        at org.apache.hadoop.ipc.CallQueueManager.take(CallQueueManager.java:288)
        at org.apache.hadoop.ipc.Server$Handler.run(Server.java:2668)
"pool-56-thread-42"  prio=5 tid=569 in Object.wait()
java.lang.Thread.State: WAITING (on object monitor)
        at sun.misc.Unsafe.park(Native Method)
        at java.util.concurrent.locks.LockSupport.park(LockSupport.java:175)
        at java.util.concurrent.locks.AbstractQueuedSynchronizer$ConditionObject.await(AbstractQueuedSynchronizer.java:2039)
        at java.util.concurrent.ArrayBlockingQueue.take(ArrayBlockingQueue.java:403)
        at java.util.concurrent.ThreadPoolExecutor.getTask(ThreadPoolExecutor.java:1074)
        at java.util.concurrent.ThreadPoolExecutor.runWorker(ThreadPoolExecutor.java:1134)
        at java.util.concurrent.ThreadPoolExecutor$Worker.run(ThreadPoolExecutor.java:624)
        at java.lang.Thread.run(Thread.java:748)
"pool-26-thread-51"  prio=5 tid=391 in Object.wait()
java.lang.Thread.State: WAITING (on object monitor)
        at sun.misc.Unsafe.park(Native Method)
        at java.util.concurrent.locks.LockSupport.park(LockSupport.java:175)
        at java.util.concurrent.locks.AbstractQueuedSynchronizer$ConditionObject.await(AbstractQueuedSynchronizer.java:2039)
        at java.util.concurrent.ArrayBlockingQueue.take(ArrayBlockingQueue.java:403)
        at java.util.concurrent.ThreadPoolExecutor.getTask(ThreadPoolExecutor.java:1074)
        at java.util.concurrent.ThreadPoolExecutor.runWorker(ThreadPoolExecutor.java:1134)
        at java.util.concurrent.ThreadPoolExecutor$Worker.run(ThreadPoolExecutor.java:624)
        at java.lang.Thread.run(Thread.java:748)
"pool-46-thread-4"  prio=5 tid=464 in Object.wait()
java.lang.Thread.State: WAITING (on object monitor)
        at sun.misc.Unsafe.park(Native Method)
        at java.util.concurrent.locks.LockSupport.park(LockSupport.java:175)
        at java.util.concurrent.locks.AbstractQueuedSynchronizer$ConditionObject.await(AbstractQueuedSynchronizer.java:2039)
        at java.util.concurrent.ArrayBlockingQueue.take(ArrayBlockingQueue.java:403)
        at java.util.concurrent.ThreadPoolExecutor.getTask(ThreadPoolExecutor.java:1074)
        at java.util.concurrent.ThreadPoolExecutor.runWorker(ThreadPoolExecutor.java:1134)
        at java.util.concurrent.ThreadPoolExecutor$Worker.run(ThreadPoolExecutor.java:624)
        at java.lang.Thread.run(Thread.java:748)
"Datanode State Machine Thread - 0" daemon prio=5 tid=339 timed_waiting
java.lang.Thread.State: TIMED_WAITING
        at sun.misc.Unsafe.park(Native Method)
        at java.util.concurrent.locks.LockSupport.parkNanos(LockSupport.java:215)
        at java.util.concurrent.SynchronousQueue$TransferStack.awaitFulfill(SynchronousQueue.java:460)
        at java.util.concurrent.SynchronousQueue$TransferStack.transfer(SynchronousQueue.java:362)
        at java.util.concurrent.SynchronousQueue.poll(SynchronousQueue.java:941)
        at java.util.concurrent.ThreadPoolExecutor.getTask(ThreadPoolExecutor.java:1073)
        at java.util.concurrent.ThreadPoolExecutor.runWorker(ThreadPoolExecutor.java:1134)
        at java.util.concurrent.ThreadPoolExecutor$Worker.run(ThreadPoolExecutor.java:624)
        at java.lang.Thread.run(Thread.java:748)
"BlockDeletingService#0" daemon prio=5 tid=712 in Object.wait()
java.lang.Thread.State: WAITING (on object monitor)
        at sun.misc.Unsafe.park(Native Method)
        at java.util.concurrent.locks.LockSupport.park(LockSupport.java:175)
        at java.util.concurrent.locks.AbstractQueuedSynchronizer$ConditionObject.await(AbstractQueuedSynchronizer.java:2039)
        at java.util.concurrent.ScheduledThreadPoolExecutor$DelayedWorkQueue.take(ScheduledThreadPoolExecutor.java:1088)
        at java.util.concurrent.ScheduledThreadPoolExecutor$DelayedWorkQueue.take(ScheduledThreadPoolExecutor.java:809)
        at java.util.concurrent.ThreadPoolExecutor.getTask(ThreadPoolExecutor.java:1074)
        at java.util.concurrent.ThreadPoolExecutor.runWorker(ThreadPoolExecutor.java:1134)
        at java.util.concurrent.ThreadPoolExecutor$Worker.run(ThreadPoolExecutor.java:624)
        at java.lang.Thread.run(Thread.java:748)
"pool-56-thread-60"  prio=5 tid=587 in Object.wait()
java.lang.Thread.State: WAITING (on object monitor)
        at sun.misc.Unsafe.park(Native Method)
        at java.util.concurrent.locks.LockSupport.park(LockSupport.java:175)
        at java.util.concurrent.locks.AbstractQueuedSynchronizer$ConditionObject.await(AbstractQueuedSynchronizer.java:2039)
        at java.util.concurrent.ArrayBlockingQueue.take(ArrayBlockingQueue.java:403)
        at java.util.concurrent.ThreadPoolExecutor.getTask(ThreadPoolExecutor.java:1074)
        at java.util.concurrent.ThreadPoolExecutor.runWorker(ThreadPoolExecutor.java:1134)
        at java.util.concurrent.ThreadPoolExecutor$Worker.run(ThreadPoolExecutor.java:624)
        at java.lang.Thread.run(Thread.java:748)
"pool-76-thread-46"  prio=5 tid=697 in Object.wait()
java.lang.Thread.State: WAITING (on object monitor)
        at sun.misc.Unsafe.park(Native Method)
        at java.util.concurrent.locks.LockSupport.park(LockSupport.java:175)
        at java.util.concurrent.locks.AbstractQueuedSynchronizer$ConditionObject.await(AbstractQueuedSynchronizer.java:2039)
        at java.util.concurrent.ArrayBlockingQueue.take(ArrayBlockingQueue.java:403)
        at java.util.concurrent.ThreadPoolExecutor.getTask(ThreadPoolExecutor.java:1074)
        at java.util.concurrent.ThreadPoolExecutor.runWorker(ThreadPoolExecutor.java:1134)
        at java.util.concurrent.ThreadPoolExecutor$Worker.run(ThreadPoolExecutor.java:624)
        at java.lang.Thread.run(Thread.java:748)
"BlockDeletingService#6" daemon prio=5 tid=2043 in Object.wait()
java.lang.Thread.State: WAITING (on object monitor)
        at sun.misc.Unsafe.park(Native Method)
        at java.util.concurrent.locks.LockSupport.park(LockSupport.java:175)
        at java.util.concurrent.locks.AbstractQueuedSynchronizer$ConditionObject.await(AbstractQueuedSynchronizer.java:2039)
        at java.util.concurrent.ScheduledThreadPoolExecutor$DelayedWorkQueue.take(ScheduledThreadPoolExecutor.java:1088)
        at java.util.concurrent.ScheduledThreadPoolExecutor$DelayedWorkQueue.take(ScheduledThreadPoolExecutor.java:809)
        at java.util.concurrent.ThreadPoolExecutor.getTask(ThreadPoolExecutor.java:1074)
        at java.util.concurrent.ThreadPoolExecutor.runWorker(ThreadPoolExecutor.java:1134)
        at java.util.concurrent.ThreadPoolExecutor$Worker.run(ThreadPoolExecutor.java:624)
        at java.lang.Thread.run(Thread.java:748)
"IPC Server Responder" daemon prio=5 tid=112 runnable
java.lang.Thread.State: RUNNABLE
        at sun.nio.ch.EPollArrayWrapper.epollWait(Native Method)
        at sun.nio.ch.EPollArrayWrapper.poll(EPollArrayWrapper.java:269)
        at sun.nio.ch.EPollSelectorImpl.doSelect(EPollSelectorImpl.java:93)
        at sun.nio.ch.SelectorImpl.lockAndDoSelect(SelectorImpl.java:86)
        at sun.nio.ch.SelectorImpl.select(SelectorImpl.java:97)
        at org.apache.hadoop.ipc.Server$Responder.doRunLoop(Server.java:1334)
        at org.apache.hadoop.ipc.Server$Responder.run(Server.java:1317)
"BlockDeletingService#0" daemon prio=5 tid=588 in Object.wait()
java.lang.Thread.State: WAITING (on object monitor)
        at sun.misc.Unsafe.park(Native Method)
        at java.util.concurrent.locks.LockSupport.park(LockSupport.java:175)
        at java.util.concurrent.locks.AbstractQueuedSynchronizer$ConditionObject.await(AbstractQueuedSynchronizer.java:2039)
        at java.util.concurrent.ScheduledThreadPoolExecutor$DelayedWorkQueue.take(ScheduledThreadPoolExecutor.java:1088)
        at java.util.concurrent.ScheduledThreadPoolExecutor$DelayedWorkQueue.take(ScheduledThreadPoolExecutor.java:809)
        at java.util.concurrent.ThreadPoolExecutor.getTask(ThreadPoolExecutor.java:1074)
        at java.util.concurrent.ThreadPoolExecutor.runWorker(ThreadPoolExecutor.java:1134)
        at java.util.concurrent.ThreadPoolExecutor$Worker.run(ThreadPoolExecutor.java:624)
        at java.lang.Thread.run(Thread.java:748)
"RatisApplyTransactionExecutor 4" daemon prio=5 tid=3696 in Object.wait()
java.lang.Thread.State: WAITING (on object monitor)
        at sun.misc.Unsafe.park(Native Method)
        at java.util.concurrent.locks.LockSupport.park(LockSupport.java:175)
        at java.util.concurrent.locks.AbstractQueuedSynchronizer$ConditionObject.await(AbstractQueuedSynchronizer.java:2039)
        at java.util.concurrent.LinkedBlockingQueue.take(LinkedBlockingQueue.java:442)
        at java.util.concurrent.ThreadPoolExecutor.getTask(ThreadPoolExecutor.java:1074)
        at java.util.concurrent.ThreadPoolExecutor.runWorker(ThreadPoolExecutor.java:1134)
        at java.util.concurrent.ThreadPoolExecutor$Worker.run(ThreadPoolExecutor.java:624)
        at java.lang.Thread.run(Thread.java:748)
"pool-56-thread-36"  prio=5 tid=563 in Object.wait()
java.lang.Thread.State: WAITING (on object monitor)
        at sun.misc.Unsafe.park(Native Method)
        at java.util.concurrent.locks.LockSupport.park(LockSupport.java:175)
        at java.util.concurrent.locks.AbstractQueuedSynchronizer$ConditionObject.await(AbstractQueuedSynchronizer.java:2039)
        at java.util.concurrent.ArrayBlockingQueue.take(ArrayBlockingQueue.java:403)
        at java.util.concurrent.ThreadPoolExecutor.getTask(ThreadPoolExecutor.java:1074)
        at java.util.concurrent.ThreadPoolExecutor.runWorker(ThreadPoolExecutor.java:1134)
        at java.util.concurrent.ThreadPoolExecutor$Worker.run(ThreadPoolExecutor.java:624)
        at java.lang.Thread.run(Thread.java:748)
"Datanode ReportManager Thread - 0" daemon prio=5 tid=252 timed_waiting
java.lang.Thread.State: TIMED_WAITING
        at sun.misc.Unsafe.park(Native Method)
        at java.util.concurrent.locks.LockSupport.parkNanos(LockSupport.java:215)
        at java.util.concurrent.locks.AbstractQueuedSynchronizer$ConditionObject.awaitNanos(AbstractQueuedSynchronizer.java:2078)
        at java.util.concurrent.ScheduledThreadPoolExecutor$DelayedWorkQueue.take(ScheduledThreadPoolExecutor.java:1093)
        at java.util.concurrent.ScheduledThreadPoolExecutor$DelayedWorkQueue.take(ScheduledThreadPoolExecutor.java:809)
        at java.util.concurrent.ThreadPoolExecutor.getTask(ThreadPoolExecutor.java:1074)
        at java.util.concurrent.ThreadPoolExecutor.runWorker(ThreadPoolExecutor.java:1134)
        at java.util.concurrent.ThreadPoolExecutor$Worker.run(ThreadPoolExecutor.java:624)
        at java.lang.Thread.run(Thread.java:748)
"metrics-hadoop-metrics2-reporter-10-thread-1" daemon prio=5 tid=824 timed_waiting
java.lang.Thread.State: TIMED_WAITING
        at sun.misc.Unsafe.park(Native Method)
        at java.util.concurrent.locks.LockSupport.parkNanos(LockSupport.java:215)
        at java.util.concurrent.locks.AbstractQueuedSynchronizer$ConditionObject.awaitNanos(AbstractQueuedSynchronizer.java:2078)
        at java.util.concurrent.ScheduledThreadPoolExecutor$DelayedWorkQueue.take(ScheduledThreadPoolExecutor.java:1093)
        at java.util.concurrent.ScheduledThreadPoolExecutor$DelayedWorkQueue.take(ScheduledThreadPoolExecutor.java:809)
        at java.util.concurrent.ThreadPoolExecutor.getTask(ThreadPoolExecutor.java:1074)
        at java.util.concurrent.ThreadPoolExecutor.runWorker(ThreadPoolExecutor.java:1134)
        at java.util.concurrent.ThreadPoolExecutor$Worker.run(ThreadPoolExecutor.java:624)
        at java.lang.Thread.run(Thread.java:748)
"pool-86-thread-30"  prio=5 tid=743 in Object.wait()
java.lang.Thread.State: WAITING (on object monitor)
        at sun.misc.Unsafe.park(Native Method)
        at java.util.concurrent.locks.LockSupport.park(LockSupport.java:175)
        at java.util.concurrent.locks.AbstractQueuedSynchronizer$ConditionObject.await(AbstractQueuedSynchronizer.java:2039)
        at java.util.concurrent.ArrayBlockingQueue.take(ArrayBlockingQueue.java:403)
        at java.util.concurrent.ThreadPoolExecutor.getTask(ThreadPoolExecutor.java:1074)
        at java.util.concurrent.ThreadPoolExecutor.runWorker(ThreadPoolExecutor.java:1134)
        at java.util.concurrent.ThreadPoolExecutor$Worker.run(ThreadPoolExecutor.java:624)
        at java.lang.Thread.run(Thread.java:748)
"pool-86-thread-23"  prio=5 tid=736 in Object.wait()
java.lang.Thread.State: WAITING (on object monitor)
        at sun.misc.Unsafe.park(Native Method)
        at java.util.concurrent.locks.LockSupport.park(LockSupport.java:175)
        at java.util.concurrent.locks.AbstractQueuedSynchronizer$ConditionObject.await(AbstractQueuedSynchronizer.java:2039)
        at java.util.concurrent.ArrayBlockingQueue.take(ArrayBlockingQueue.java:403)
        at java.util.concurrent.ThreadPoolExecutor.getTask(ThreadPoolExecutor.java:1074)
        at java.util.concurrent.ThreadPoolExecutor.runWorker(ThreadPoolExecutor.java:1134)
        at java.util.concurrent.ThreadPoolExecutor$Worker.run(ThreadPoolExecutor.java:624)
        at java.lang.Thread.run(Thread.java:748)
"pool-36-thread-14"  prio=5 tid=414 in Object.wait()
java.lang.Thread.State: WAITING (on object monitor)
        at sun.misc.Unsafe.park(Native Method)
        at java.util.concurrent.locks.LockSupport.park(LockSupport.java:175)
        at java.util.concurrent.locks.AbstractQueuedSynchronizer$ConditionObject.await(AbstractQueuedSynchronizer.java:2039)
        at java.util.concurrent.ArrayBlockingQueue.take(ArrayBlockingQueue.java:403)
        at java.util.concurrent.ThreadPoolExecutor.getTask(ThreadPoolExecutor.java:1074)
        at java.util.concurrent.ThreadPoolExecutor.runWorker(ThreadPoolExecutor.java:1134)
        at java.util.concurrent.ThreadPoolExecutor$Worker.run(ThreadPoolExecutor.java:624)
        at java.lang.Thread.run(Thread.java:748)
"IPC Server handler 14 on 38980" daemon prio=5 tid=83 timed_waiting
java.lang.Thread.State: TIMED_WAITING
        at sun.misc.Unsafe.park(Native Method)
        at java.util.concurrent.locks.LockSupport.parkNanos(LockSupport.java:215)
        at java.util.concurrent.locks.AbstractQueuedSynchronizer$ConditionObject.awaitNanos(AbstractQueuedSynchronizer.java:2078)
        at java.util.concurrent.LinkedBlockingQueue.poll(LinkedBlockingQueue.java:467)
        at org.apache.hadoop.ipc.CallQueueManager.take(CallQueueManager.java:288)
        at org.apache.hadoop.ipc.Server$Handler.run(Server.java:2668)
"pool-36-thread-55"  prio=5 tid=455 in Object.wait()
java.lang.Thread.State: WAITING (on object monitor)
        at sun.misc.Unsafe.park(Native Method)
        at java.util.concurrent.locks.LockSupport.park(LockSupport.java:175)
        at java.util.concurrent.locks.AbstractQueuedSynchronizer$ConditionObject.await(AbstractQueuedSynchronizer.java:2039)
        at java.util.concurrent.ArrayBlockingQueue.take(ArrayBlockingQueue.java:403)
        at java.util.concurrent.ThreadPoolExecutor.getTask(ThreadPoolExecutor.java:1074)
        at java.util.concurrent.ThreadPoolExecutor.runWorker(ThreadPoolExecutor.java:1134)
        at java.util.concurrent.ThreadPoolExecutor$Worker.run(ThreadPoolExecutor.java:624)
        at java.lang.Thread.run(Thread.java:748)
"pool-36-thread-23"  prio=5 tid=423 in Object.wait()
java.lang.Thread.State: WAITING (on object monitor)
        at sun.misc.Unsafe.park(Native Method)
        at java.util.concurrent.locks.LockSupport.park(LockSupport.java:175)
        at java.util.concurrent.locks.AbstractQueuedSynchronizer$ConditionObject.await(AbstractQueuedSynchronizer.java:2039)
        at java.util.concurrent.ArrayBlockingQueue.take(ArrayBlockingQueue.java:403)
        at java.util.concurrent.ThreadPoolExecutor.getTask(ThreadPoolExecutor.java:1074)
        at java.util.concurrent.ThreadPoolExecutor.runWorker(ThreadPoolExecutor.java:1134)
        at java.util.concurrent.ThreadPoolExecutor$Worker.run(ThreadPoolExecutor.java:624)
        at java.lang.Thread.run(Thread.java:748)
"pool-26-thread-35"  prio=5 tid=375 in Object.wait()
java.lang.Thread.State: WAITING (on object monitor)
        at sun.misc.Unsafe.park(Native Method)
        at java.util.concurrent.locks.LockSupport.park(LockSupport.java:175)
        at java.util.concurrent.locks.AbstractQueuedSynchronizer$ConditionObject.await(AbstractQueuedSynchronizer.java:2039)
        at java.util.concurrent.ArrayBlockingQueue.take(ArrayBlockingQueue.java:403)
        at java.util.concurrent.ThreadPoolExecutor.getTask(ThreadPoolExecutor.java:1074)
        at java.util.concurrent.ThreadPoolExecutor.runWorker(ThreadPoolExecutor.java:1134)
        at java.util.concurrent.ThreadPoolExecutor$Worker.run(ThreadPoolExecutor.java:624)
        at java.lang.Thread.run(Thread.java:748)
"org.eclipse.jetty.server.session.HashSessionManager@1352434eTimer" daemon prio=5 tid=303 timed_waiting
java.lang.Thread.State: TIMED_WAITING
        at sun.misc.Unsafe.park(Native Method)
        at java.util.concurrent.locks.LockSupport.parkNanos(LockSupport.java:215)
        at java.util.concurrent.locks.AbstractQueuedSynchronizer$ConditionObject.awaitNanos(AbstractQueuedSynchronizer.java:2078)
        at java.util.concurrent.ScheduledThreadPoolExecutor$DelayedWorkQueue.take(ScheduledThreadPoolExecutor.java:1093)
        at java.util.concurrent.ScheduledThreadPoolExecutor$DelayedWorkQueue.take(ScheduledThreadPoolExecutor.java:809)
        at java.util.concurrent.ThreadPoolExecutor.getTask(ThreadPoolExecutor.java:1074)
        at java.util.concurrent.ThreadPoolExecutor.runWorker(ThreadPoolExecutor.java:1134)
        at java.util.concurrent.ThreadPoolExecutor$Worker.run(ThreadPoolExecutor.java:624)
        at java.lang.Thread.run(Thread.java:748)
"IPC Server handler 17 on 46754" daemon prio=5 tid=66 timed_waiting
java.lang.Thread.State: TIMED_WAITING
        at sun.misc.Unsafe.park(Native Method)
        at java.util.concurrent.locks.LockSupport.parkNanos(LockSupport.java:215)
        at java.util.concurrent.locks.AbstractQueuedSynchronizer$ConditionObject.awaitNanos(AbstractQueuedSynchronizer.java:2078)
        at java.util.concurrent.LinkedBlockingQueue.poll(LinkedBlockingQueue.java:467)
        at org.apache.hadoop.ipc.CallQueueManager.take(CallQueueManager.java:288)
        at org.apache.hadoop.ipc.Server$Handler.run(Server.java:2668)
"pool-26-thread-17"  prio=5 tid=357 in Object.wait()
java.lang.Thread.State: WAITING (on object monitor)
        at sun.misc.Unsafe.park(Native Method)
        at java.util.concurrent.locks.LockSupport.park(LockSupport.java:175)
        at java.util.concurrent.locks.AbstractQueuedSynchronizer$ConditionObject.await(AbstractQueuedSynchronizer.java:2039)
        at java.util.concurrent.ArrayBlockingQueue.take(ArrayBlockingQueue.java:403)
        at java.util.concurrent.ThreadPoolExecutor.getTask(ThreadPoolExecutor.java:1074)
        at java.util.concurrent.ThreadPoolExecutor.runWorker(ThreadPoolExecutor.java:1134)
        at java.util.concurrent.ThreadPoolExecutor$Worker.run(ThreadPoolExecutor.java:624)
        at java.lang.Thread.run(Thread.java:748)
"pool-46-thread-52"  prio=5 tid=512 in Object.wait()
java.lang.Thread.State: WAITING (on object monitor)
        at sun.misc.Unsafe.park(Native Method)
        at java.util.concurrent.locks.LockSupport.park(LockSupport.java:175)
        at java.util.concurrent.locks.AbstractQueuedSynchronizer$ConditionObject.await(AbstractQueuedSynchronizer.java:2039)
        at java.util.concurrent.ArrayBlockingQueue.take(ArrayBlockingQueue.java:403)
        at java.util.concurrent.ThreadPoolExecutor.getTask(ThreadPoolExecutor.java:1074)
        at java.util.concurrent.ThreadPoolExecutor.runWorker(ThreadPoolExecutor.java:1134)
        at java.util.concurrent.ThreadPoolExecutor$Worker.run(ThreadPoolExecutor.java:624)
        at java.lang.Thread.run(Thread.java:748)
"RatisApplyTransactionExecutor 6" daemon prio=5 tid=3855 in Object.wait()
java.lang.Thread.State: WAITING (on object monitor)
        at sun.misc.Unsafe.park(Native Method)
        at java.util.concurrent.locks.LockSupport.park(LockSupport.java:175)
        at java.util.concurrent.locks.AbstractQueuedSynchronizer$ConditionObject.await(AbstractQueuedSynchronizer.java:2039)
        at java.util.concurrent.LinkedBlockingQueue.take(LinkedBlockingQueue.java:442)
        at java.util.concurrent.ThreadPoolExecutor.getTask(ThreadPoolExecutor.java:1074)
        at java.util.concurrent.ThreadPoolExecutor.runWorker(ThreadPoolExecutor.java:1134)
        at java.util.concurrent.ThreadPoolExecutor$Worker.run(ThreadPoolExecutor.java:624)
        at java.lang.Thread.run(Thread.java:748)
"Datanode ReportManager Thread - 0" daemon prio=5 tid=306 in Object.wait()
java.lang.Thread.State: WAITING (on object monitor)
        at sun.misc.Unsafe.park(Native Method)
        at java.util.concurrent.locks.LockSupport.park(LockSupport.java:175)
        at java.util.concurrent.locks.AbstractQueuedSynchronizer$ConditionObject.await(AbstractQueuedSynchronizer.java:2039)
        at java.util.concurrent.ScheduledThreadPoolExecutor$DelayedWorkQueue.take(ScheduledThreadPoolExecutor.java:1088)
        at java.util.concurrent.ScheduledThreadPoolExecutor$DelayedWorkQueue.take(ScheduledThreadPoolExecutor.java:809)
        at java.util.concurrent.ThreadPoolExecutor.getTask(ThreadPoolExecutor.java:1074)
        at java.util.concurrent.ThreadPoolExecutor.runWorker(ThreadPoolExecutor.java:1134)
        at java.util.concurrent.ThreadPoolExecutor$Worker.run(ThreadPoolExecutor.java:624)
        at java.lang.Thread.run(Thread.java:748)
"IPC Server handler 6 on 40419" daemon prio=5 tid=35 timed_waiting
java.lang.Thread.State: TIMED_WAITING
        at sun.misc.Unsafe.park(Native Method)
        at java.util.concurrent.locks.LockSupport.parkNanos(LockSupport.java:215)
        at java.util.concurrent.locks.AbstractQueuedSynchronizer$ConditionObject.awaitNanos(AbstractQueuedSynchronizer.java:2078)
        at java.util.concurrent.LinkedBlockingQueue.poll(LinkedBlockingQueue.java:467)
        at org.apache.hadoop.ipc.CallQueueManager.take(CallQueueManager.java:288)
        at org.apache.hadoop.ipc.Server$Handler.run(Server.java:2668)
"qtp2075074394-213" daemon prio=5 tid=213 runnable
java.lang.Thread.State: RUNNABLE
        at sun.nio.ch.EPollArrayWrapper.epollWait(Native Method)
        at sun.nio.ch.EPollArrayWrapper.poll(EPollArrayWrapper.java:269)
        at sun.nio.ch.EPollSelectorImpl.doSelect(EPollSelectorImpl.java:93)
        at sun.nio.ch.SelectorImpl.lockAndDoSelect(SelectorImpl.java:86)
        at sun.nio.ch.SelectorImpl.select(SelectorImpl.java:97)
        at sun.nio.ch.SelectorImpl.select(SelectorImpl.java:101)
        at org.eclipse.jetty.io.ManagedSelector$SelectorProducer.select(ManagedSelector.java:243)
        at org.eclipse.jetty.io.ManagedSelector$SelectorProducer.produce(ManagedSelector.java:191)
        at org.eclipse.jetty.util.thread.strategy.ExecuteProduceConsume.executeProduceConsume(ExecuteProduceConsume.java:249)
        at org.eclipse.jetty.util.thread.strategy.ExecuteProduceConsume.produceConsume(ExecuteProduceConsume.java:148)
        at org.eclipse.jetty.util.thread.strategy.ExecuteProduceConsume.execute(ExecuteProduceConsume.java:100)
        at org.eclipse.jetty.io.ManagedSelector.run(ManagedSelector.java:147)
        at org.eclipse.jetty.util.thread.QueuedThreadPool.runJob(QueuedThreadPool.java:671)
        at org.eclipse.jetty.util.thread.QueuedThreadPool$2.run(QueuedThreadPool.java:589)
        at java.lang.Thread.run(Thread.java:748)
"pool-76-thread-7"  prio=5 tid=658 in Object.wait()
java.lang.Thread.State: WAITING (on object monitor)
        at sun.misc.Unsafe.park(Native Method)
        at java.util.concurrent.locks.LockSupport.park(LockSupport.java:175)
        at java.util.concurrent.locks.AbstractQueuedSynchronizer$ConditionObject.await(AbstractQueuedSynchronizer.java:2039)
        at java.util.concurrent.ArrayBlockingQueue.take(ArrayBlockingQueue.java:403)
        at java.util.concurrent.ThreadPoolExecutor.getTask(ThreadPoolExecutor.java:1074)
        at java.util.concurrent.ThreadPoolExecutor.runWorker(ThreadPoolExecutor.java:1134)
        at java.util.concurrent.ThreadPoolExecutor$Worker.run(ThreadPoolExecutor.java:624)
        at java.lang.Thread.run(Thread.java:748)
"pool-26-thread-11"  prio=5 tid=351 in Object.wait()
java.lang.Thread.State: WAITING (on object monitor)
        at sun.misc.Unsafe.park(Native Method)
        at java.util.concurrent.locks.LockSupport.park(LockSupport.java:175)
        at java.util.concurrent.locks.AbstractQueuedSynchronizer$ConditionObject.await(AbstractQueuedSynchronizer.java:2039)
        at java.util.concurrent.ArrayBlockingQueue.take(ArrayBlockingQueue.java:403)
        at java.util.concurrent.ThreadPoolExecutor.getTask(ThreadPoolExecutor.java:1074)
        at java.util.concurrent.ThreadPoolExecutor.runWorker(ThreadPoolExecutor.java:1134)
        at java.util.concurrent.ThreadPoolExecutor$Worker.run(ThreadPoolExecutor.java:624)
        at java.lang.Thread.run(Thread.java:748)
"qtp1092382020-268-acceptor-0@443a63fd-ServerConnector@3bd2af5b{HTTP/1.1,[http/1.1]}{0.0.0.0:40243}" daemon prio=3 tid=268 runnable
java.lang.Thread.State: RUNNABLE
        at sun.nio.ch.ServerSocketChannelImpl.accept0(Native Method)
        at sun.nio.ch.ServerSocketChannelImpl.accept(ServerSocketChannelImpl.java:422)
        at sun.nio.ch.ServerSocketChannelImpl.accept(ServerSocketChannelImpl.java:250)
        at org.eclipse.jetty.server.ServerConnector.accept(ServerConnector.java:397)
        at org.eclipse.jetty.server.AbstractConnector$Acceptor.run(AbstractConnector.java:601)
        at org.eclipse.jetty.util.thread.QueuedThreadPool.runJob(QueuedThreadPool.java:671)
        at org.eclipse.jetty.util.thread.QueuedThreadPool$2.run(QueuedThreadPool.java:589)
        at java.lang.Thread.run(Thread.java:748)
"IPC Server handler 0 on 46754" daemon prio=5 tid=49 timed_waiting
java.lang.Thread.State: TIMED_WAITING
        at sun.misc.Unsafe.park(Native Method)
        at java.util.concurrent.locks.LockSupport.parkNanos(LockSupport.java:215)
        at java.util.concurrent.locks.AbstractQueuedSynchronizer$ConditionObject.awaitNanos(AbstractQueuedSynchronizer.java:2078)
        at java.util.concurrent.LinkedBlockingQueue.poll(LinkedBlockingQueue.java:467)
        at org.apache.hadoop.ipc.CallQueueManager.take(CallQueueManager.java:288)
        at org.apache.hadoop.ipc.Server$Handler.run(Server.java:2668)
"BlockDeletingService#7" daemon prio=5 tid=2190 in Object.wait()
java.lang.Thread.State: WAITING (on object monitor)
        at sun.misc.Unsafe.park(Native Method)
        at java.util.concurrent.locks.LockSupport.park(LockSupport.java:175)
        at java.util.concurrent.locks.AbstractQueuedSynchronizer$ConditionObject.await(AbstractQueuedSynchronizer.java:2039)
        at java.util.concurrent.ScheduledThreadPoolExecutor$DelayedWorkQueue.take(ScheduledThreadPoolExecutor.java:1088)
        at java.util.concurrent.ScheduledThreadPoolExecutor$DelayedWorkQueue.take(ScheduledThreadPoolExecutor.java:809)
        at java.util.concurrent.ThreadPoolExecutor.getTask(ThreadPoolExecutor.java:1074)
        at java.util.concurrent.ThreadPoolExecutor.runWorker(ThreadPoolExecutor.java:1134)
        at java.util.concurrent.ThreadPoolExecutor$Worker.run(ThreadPoolExecutor.java:624)
        at java.lang.Thread.run(Thread.java:748)
"BlockDeletingService#6" daemon prio=5 tid=2042 in Object.wait()
java.lang.Thread.State: WAITING (on object monitor)
        at sun.misc.Unsafe.park(Native Method)
        at java.util.concurrent.locks.LockSupport.park(LockSupport.java:175)
        at java.util.concurrent.locks.AbstractQueuedSynchronizer$ConditionObject.await(AbstractQueuedSynchronizer.java:2039)
        at java.util.concurrent.ScheduledThreadPoolExecutor$DelayedWorkQueue.take(ScheduledThreadPoolExecutor.java:1088)
        at java.util.concurrent.ScheduledThreadPoolExecutor$DelayedWorkQueue.take(ScheduledThreadPoolExecutor.java:809)
        at java.util.concurrent.ThreadPoolExecutor.getTask(ThreadPoolExecutor.java:1074)
        at java.util.concurrent.ThreadPoolExecutor.runWorker(ThreadPoolExecutor.java:1134)
        at java.util.concurrent.ThreadPoolExecutor$Worker.run(ThreadPoolExecutor.java:624)
        at java.lang.Thread.run(Thread.java:748)
"refreshUsed-/workdir/hadoop-ozone/integration-test/target/test-dir/MiniOzoneClusterImpl-60a3af6c-3451-4a8a-82ad-625647a1d2f0/datanode-4/data/containers" daemon prio=5 tid=262 timed_waiting
java.lang.Thread.State: TIMED_WAITING
        at java.lang.Thread.sleep(Native Method)
        at org.apache.hadoop.fs.CachingGetSpaceUsed$RefreshThread.run(CachingGetSpaceUsed.java:179)
        at java.lang.Thread.run(Thread.java:748)
"pool-36-thread-7"  prio=5 tid=407 in Object.wait()
java.lang.Thread.State: WAITING (on object monitor)
        at sun.misc.Unsafe.park(Native Method)
        at java.util.concurrent.locks.LockSupport.park(LockSupport.java:175)
        at java.util.concurrent.locks.AbstractQueuedSynchronizer$ConditionObject.await(AbstractQueuedSynchronizer.java:2039)
        at java.util.concurrent.ArrayBlockingQueue.take(ArrayBlockingQueue.java:403)
        at java.util.concurrent.ThreadPoolExecutor.getTask(ThreadPoolExecutor.java:1074)
        at java.util.concurrent.ThreadPoolExecutor.runWorker(ThreadPoolExecutor.java:1134)
        at java.util.concurrent.ThreadPoolExecutor$Worker.run(ThreadPoolExecutor.java:624)
        at java.lang.Thread.run(Thread.java:748)
"IPC Server handler 2 on 38980" daemon prio=5 tid=71 timed_waiting
java.lang.Thread.State: TIMED_WAITING
        at sun.misc.Unsafe.park(Native Method)
        at java.util.concurrent.locks.LockSupport.parkNanos(LockSupport.java:215)
        at java.util.concurrent.locks.AbstractQueuedSynchronizer$ConditionObject.awaitNanos(AbstractQueuedSynchronizer.java:2078)
        at java.util.concurrent.LinkedBlockingQueue.poll(LinkedBlockingQueue.java:467)
        at org.apache.hadoop.ipc.CallQueueManager.take(CallQueueManager.java:288)
        at org.apache.hadoop.ipc.Server$Handler.run(Server.java:2668)
"metrics-hadoop-metrics2-reporter-25-thread-1" daemon prio=5 tid=909 timed_waiting
java.lang.Thread.State: TIMED_WAITING
        at sun.misc.Unsafe.park(Native Method)
        at java.util.concurrent.locks.LockSupport.parkNanos(LockSupport.java:215)
        at java.util.concurrent.locks.AbstractQueuedSynchronizer$ConditionObject.awaitNanos(AbstractQueuedSynchronizer.java:2078)
        at java.util.concurrent.ScheduledThreadPoolExecutor$DelayedWorkQueue.take(ScheduledThreadPoolExecutor.java:1093)
        at java.util.concurrent.ScheduledThreadPoolExecutor$DelayedWorkQueue.take(ScheduledThreadPoolExecutor.java:809)
        at java.util.concurrent.ThreadPoolExecutor.getTask(ThreadPoolExecutor.java:1074)
        at java.util.concurrent.ThreadPoolExecutor.runWorker(ThreadPoolExecutor.java:1134)
        at java.util.concurrent.ThreadPoolExecutor$Worker.run(ThreadPoolExecutor.java:624)
        at java.lang.Thread.run(Thread.java:748)
"pool-56-thread-46"  prio=5 tid=573 in Object.wait()
java.lang.Thread.State: WAITING (on object monitor)
        at sun.misc.Unsafe.park(Native Method)
        at java.util.concurrent.locks.LockSupport.park(LockSupport.java:175)
        at java.util.concurrent.locks.AbstractQueuedSynchronizer$ConditionObject.await(AbstractQueuedSynchronizer.java:2039)
        at java.util.concurrent.ArrayBlockingQueue.take(ArrayBlockingQueue.java:403)
        at java.util.concurrent.ThreadPoolExecutor.getTask(ThreadPoolExecutor.java:1074)
        at java.util.concurrent.ThreadPoolExecutor.runWorker(ThreadPoolExecutor.java:1134)
        at java.util.concurrent.ThreadPoolExecutor$Worker.run(ThreadPoolExecutor.java:624)
        at java.lang.Thread.run(Thread.java:748)
"BlockDeletingService#7" daemon prio=5 tid=2191 in Object.wait()
java.lang.Thread.State: WAITING (on object monitor)
        at sun.misc.Unsafe.park(Native Method)
        at java.util.concurrent.locks.LockSupport.park(LockSupport.java:175)
        at java.util.concurrent.locks.AbstractQueuedSynchronizer$ConditionObject.await(AbstractQueuedSynchronizer.java:2039)
        at java.util.concurrent.ScheduledThreadPoolExecutor$DelayedWorkQueue.take(ScheduledThreadPoolExecutor.java:1088)
        at java.util.concurrent.ScheduledThreadPoolExecutor$DelayedWorkQueue.take(ScheduledThreadPoolExecutor.java:809)
        at java.util.concurrent.ThreadPoolExecutor.getTask(ThreadPoolExecutor.java:1074)
        at java.util.concurrent.ThreadPoolExecutor.runWorker(ThreadPoolExecutor.java:1134)
        at java.util.concurrent.ThreadPoolExecutor$Worker.run(ThreadPoolExecutor.java:624)
        at java.lang.Thread.run(Thread.java:748)
"IPC Server handler 7 on 40419" daemon prio=5 tid=36 timed_waiting
java.lang.Thread.State: TIMED_WAITING
        at sun.misc.Unsafe.park(Native Method)
        at java.util.concurrent.locks.LockSupport.parkNanos(LockSupport.java:215)
        at java.util.concurrent.locks.AbstractQueuedSynchronizer$ConditionObject.awaitNanos(AbstractQueuedSynchronizer.java:2078)
        at java.util.concurrent.LinkedBlockingQueue.poll(LinkedBlockingQueue.java:467)
        at org.apache.hadoop.ipc.CallQueueManager.take(CallQueueManager.java:288)
        at org.apache.hadoop.ipc.Server$Handler.run(Server.java:2668)
"metrics-hadoop-metrics2-reporter-12-thread-1" daemon prio=5 tid=832 timed_waiting
java.lang.Thread.State: TIMED_WAITING
        at sun.misc.Unsafe.park(Native Method)
        at java.util.concurrent.locks.LockSupport.parkNanos(LockSupport.java:215)
        at java.util.concurrent.locks.AbstractQueuedSynchronizer$ConditionObject.awaitNanos(AbstractQueuedSynchronizer.java:2078)
        at java.util.concurrent.ScheduledThreadPoolExecutor$DelayedWorkQueue.take(ScheduledThreadPoolExecutor.java:1093)
        at java.util.concurrent.ScheduledThreadPoolExecutor$DelayedWorkQueue.take(ScheduledThreadPoolExecutor.java:809)
        at java.util.concurrent.ThreadPoolExecutor.getTask(ThreadPoolExecutor.java:1074)
        at java.util.concurrent.ThreadPoolExecutor.runWorker(ThreadPoolExecutor.java:1134)
        at java.util.concurrent.ThreadPoolExecutor$Worker.run(ThreadPoolExecutor.java:624)
        at java.lang.Thread.run(Thread.java:748)
"pool-86-thread-47"  prio=5 tid=760 in Object.wait()
java.lang.Thread.State: WAITING (on object monitor)
        at sun.misc.Unsafe.park(Native Method)
        at java.util.concurrent.locks.LockSupport.park(LockSupport.java:175)
        at java.util.concurrent.locks.AbstractQueuedSynchronizer$ConditionObject.await(AbstractQueuedSynchronizer.java:2039)
        at java.util.concurrent.ArrayBlockingQueue.take(ArrayBlockingQueue.java:403)
        at java.util.concurrent.ThreadPoolExecutor.getTask(ThreadPoolExecutor.java:1074)
        at java.util.concurrent.ThreadPoolExecutor.runWorker(ThreadPoolExecutor.java:1134)
        at java.util.concurrent.ThreadPoolExecutor$Worker.run(ThreadPoolExecutor.java:624)
        at java.lang.Thread.run(Thread.java:748)
"BlockDeletingService#2" daemon prio=5 tid=1160 timed_waiting
java.lang.Thread.State: TIMED_WAITING
        at sun.misc.Unsafe.park(Native Method)
        at java.util.concurrent.locks.LockSupport.parkNanos(LockSupport.java:215)
        at java.util.concurrent.locks.AbstractQueuedSynchronizer$ConditionObject.awaitNanos(AbstractQueuedSynchronizer.java:2078)
        at java.util.concurrent.ScheduledThreadPoolExecutor$DelayedWorkQueue.take(ScheduledThreadPoolExecutor.java:1093)
        at java.util.concurrent.ScheduledThreadPoolExecutor$DelayedWorkQueue.take(ScheduledThreadPoolExecutor.java:809)
        at java.util.concurrent.ThreadPoolExecutor.getTask(ThreadPoolExecutor.java:1074)
        at java.util.concurrent.ThreadPoolExecutor.runWorker(ThreadPoolExecutor.java:1134)
        at java.util.concurrent.ThreadPoolExecutor$Worker.run(ThreadPoolExecutor.java:624)
        at java.lang.Thread.run(Thread.java:748)
"Datanode ReportManager Thread - 1" daemon prio=5 tid=280 in Object.wait()
java.lang.Thread.State: WAITING (on object monitor)
        at sun.misc.Unsafe.park(Native Method)
        at java.util.concurrent.locks.LockSupport.park(LockSupport.java:175)
        at java.util.concurrent.locks.AbstractQueuedSynchronizer$ConditionObject.await(AbstractQueuedSynchronizer.java:2039)
        at java.util.concurrent.ScheduledThreadPoolExecutor$DelayedWorkQueue.take(ScheduledThreadPoolExecutor.java:1088)
        at java.util.concurrent.ScheduledThreadPoolExecutor$DelayedWorkQueue.take(ScheduledThreadPoolExecutor.java:809)
        at java.util.concurrent.ThreadPoolExecutor.getTask(ThreadPoolExecutor.java:1074)
        at java.util.concurrent.ThreadPoolExecutor.runWorker(ThreadPoolExecutor.java:1134)
        at java.util.concurrent.ThreadPoolExecutor$Worker.run(ThreadPoolExecutor.java:624)
        at java.lang.Thread.run(Thread.java:748)
"Thread-304" daemon prio=5 tid=914 timed_waiting
java.lang.Thread.State: TIMED_WAITING
        at sun.misc.Unsafe.park(Native Method)
        at java.util.concurrent.locks.LockSupport.parkNanos(LockSupport.java:215)
        at java.util.concurrent.locks.AbstractQueuedSynchronizer$ConditionObject.awaitNanos(AbstractQueuedSynchronizer.java:2078)
        at java.util.concurrent.ArrayBlockingQueue.poll(ArrayBlockingQueue.java:418)
        at org.apache.ratis.server.impl.LeaderState$EventQueue.poll(LeaderState.java:115)
        at org.apache.ratis.server.impl.LeaderState$EventProcessor.run(LeaderState.java:457)
"pool-57-thread-1"  prio=5 tid=835 in Object.wait()
java.lang.Thread.State: WAITING (on object monitor)
        at sun.misc.Unsafe.park(Native Method)
        at java.util.concurrent.locks.LockSupport.park(LockSupport.java:175)
        at java.util.concurrent.locks.AbstractQueuedSynchronizer$ConditionObject.await(AbstractQueuedSynchronizer.java:2039)
        at java.util.concurrent.LinkedBlockingQueue.take(LinkedBlockingQueue.java:442)
        at java.util.concurrent.ThreadPoolExecutor.getTask(ThreadPoolExecutor.java:1074)
        at java.util.concurrent.ThreadPoolExecutor.runWorker(ThreadPoolExecutor.java:1134)
        at java.util.concurrent.ThreadPoolExecutor$Worker.run(ThreadPoolExecutor.java:624)
        at java.lang.Thread.run(Thread.java:748)
"pool-36-thread-20"  prio=5 tid=420 in Object.wait()
java.lang.Thread.State: WAITING (on object monitor)
        at sun.misc.Unsafe.park(Native Method)
        at java.util.concurrent.locks.LockSupport.park(LockSupport.java:175)
        at java.util.concurrent.locks.AbstractQueuedSynchronizer$ConditionObject.await(AbstractQueuedSynchronizer.java:2039)
        at java.util.concurrent.ArrayBlockingQueue.take(ArrayBlockingQueue.java:403)
        at java.util.concurrent.ThreadPoolExecutor.getTask(ThreadPoolExecutor.java:1074)
        at java.util.concurrent.ThreadPoolExecutor.runWorker(ThreadPoolExecutor.java:1134)
        at java.util.concurrent.ThreadPoolExecutor$Worker.run(ThreadPoolExecutor.java:624)
        at java.lang.Thread.run(Thread.java:748)
"Datanode ReportManager Thread - 2" daemon prio=5 tid=173 in Object.wait()
java.lang.Thread.State: WAITING (on object monitor)
        at sun.misc.Unsafe.park(Native Method)
        at java.util.concurrent.locks.LockSupport.park(LockSupport.java:175)
        at java.util.concurrent.locks.AbstractQueuedSynchronizer$ConditionObject.await(AbstractQueuedSynchronizer.java:2039)
        at java.util.concurrent.ScheduledThreadPoolExecutor$DelayedWorkQueue.take(ScheduledThreadPoolExecutor.java:1088)
        at java.util.concurrent.ScheduledThreadPoolExecutor$DelayedWorkQueue.take(ScheduledThreadPoolExecutor.java:809)
        at java.util.concurrent.ThreadPoolExecutor.getTask(ThreadPoolExecutor.java:1074)
        at java.util.concurrent.ThreadPoolExecutor.runWorker(ThreadPoolExecutor.java:1134)
        at java.util.concurrent.ThreadPoolExecutor$Worker.run(ThreadPoolExecutor.java:624)
        at java.lang.Thread.run(Thread.java:748)
"pool-76-thread-48"  prio=5 tid=699 in Object.wait()
java.lang.Thread.State: WAITING (on object monitor)
        at sun.misc.Unsafe.park(Native Method)
        at java.util.concurrent.locks.LockSupport.park(LockSupport.java:175)
        at java.util.concurrent.locks.AbstractQueuedSynchronizer$ConditionObject.await(AbstractQueuedSynchronizer.java:2039)
        at java.util.concurrent.ArrayBlockingQueue.take(ArrayBlockingQueue.java:403)
        at java.util.concurrent.ThreadPoolExecutor.getTask(ThreadPoolExecutor.java:1074)
        at java.util.concurrent.ThreadPoolExecutor.runWorker(ThreadPoolExecutor.java:1134)
        at java.util.concurrent.ThreadPoolExecutor$Worker.run(ThreadPoolExecutor.java:624)
        at java.lang.Thread.run(Thread.java:748)
"BlockDeletingService#0" daemon prio=5 tid=522 in Object.wait()
java.lang.Thread.State: WAITING (on object monitor)
        at sun.misc.Unsafe.park(Native Method)
        at java.util.concurrent.locks.LockSupport.park(LockSupport.java:175)
        at java.util.concurrent.locks.AbstractQueuedSynchronizer$ConditionObject.await(AbstractQueuedSynchronizer.java:2039)
        at java.util.concurrent.ScheduledThreadPoolExecutor$DelayedWorkQueue.take(ScheduledThreadPoolExecutor.java:1088)
        at java.util.concurrent.ScheduledThreadPoolExecutor$DelayedWorkQueue.take(ScheduledThreadPoolExecutor.java:809)
        at java.util.concurrent.ThreadPoolExecutor.getTask(ThreadPoolExecutor.java:1074)
        at java.util.concurrent.ThreadPoolExecutor.runWorker(ThreadPoolExecutor.java:1134)
        at java.util.concurrent.ThreadPoolExecutor$Worker.run(ThreadPoolExecutor.java:624)
        at java.lang.Thread.run(Thread.java:748)
"Datanode ReportManager Thread - 1" daemon prio=5 tid=253 in Object.wait()
java.lang.Thread.State: WAITING (on object monitor)
        at sun.misc.Unsafe.park(Native Method)
        at java.util.concurrent.locks.LockSupport.park(LockSupport.java:175)
        at java.util.concurrent.locks.AbstractQueuedSynchronizer$ConditionObject.await(AbstractQueuedSynchronizer.java:2039)
        at java.util.concurrent.ScheduledThreadPoolExecutor$DelayedWorkQueue.take(ScheduledThreadPoolExecutor.java:1088)
        at java.util.concurrent.ScheduledThreadPoolExecutor$DelayedWorkQueue.take(ScheduledThreadPoolExecutor.java:809)
        at java.util.concurrent.ThreadPoolExecutor.getTask(ThreadPoolExecutor.java:1074)
        at java.util.concurrent.ThreadPoolExecutor.runWorker(ThreadPoolExecutor.java:1134)
        at java.util.concurrent.ThreadPoolExecutor$Worker.run(ThreadPoolExecutor.java:624)
        at java.lang.Thread.run(Thread.java:748)
"metrics-hadoop-metrics2-reporter-4-thread-1" daemon prio=5 tid=802 timed_waiting
java.lang.Thread.State: TIMED_WAITING
        at sun.misc.Unsafe.park(Native Method)
        at java.util.concurrent.locks.LockSupport.parkNanos(LockSupport.java:215)
        at java.util.concurrent.locks.AbstractQueuedSynchronizer$ConditionObject.awaitNanos(AbstractQueuedSynchronizer.java:2078)
        at java.util.concurrent.ScheduledThreadPoolExecutor$DelayedWorkQueue.take(ScheduledThreadPoolExecutor.java:1093)
        at java.util.concurrent.ScheduledThreadPoolExecutor$DelayedWorkQueue.take(ScheduledThreadPoolExecutor.java:809)
        at java.util.concurrent.ThreadPoolExecutor.getTask(ThreadPoolExecutor.java:1074)
        at java.util.concurrent.ThreadPoolExecutor.runWorker(ThreadPoolExecutor.java:1134)
        at java.util.concurrent.ThreadPoolExecutor$Worker.run(ThreadPoolExecutor.java:624)
        at java.lang.Thread.run(Thread.java:748)
"Datanode ReportManager Thread - 2" daemon prio=5 tid=308 in Object.wait()
java.lang.Thread.State: WAITING (on object monitor)
        at sun.misc.Unsafe.park(Native Method)
        at java.util.concurrent.locks.LockSupport.park(LockSupport.java:175)
        at java.util.concurrent.locks.AbstractQueuedSynchronizer$ConditionObject.await(AbstractQueuedSynchronizer.java:2039)
        at java.util.concurrent.ScheduledThreadPoolExecutor$DelayedWorkQueue.take(ScheduledThreadPoolExecutor.java:1088)
        at java.util.concurrent.ScheduledThreadPoolExecutor$DelayedWorkQueue.take(ScheduledThreadPoolExecutor.java:809)
        at java.util.concurrent.ThreadPoolExecutor.getTask(ThreadPoolExecutor.java:1074)
        at java.util.concurrent.ThreadPoolExecutor.runWorker(ThreadPoolExecutor.java:1134)
        at java.util.concurrent.ThreadPoolExecutor$Worker.run(ThreadPoolExecutor.java:624)
        at java.lang.Thread.run(Thread.java:748)
"IPC Server handler 8 on 40610" daemon prio=5 tid=123 timed_waiting
java.lang.Thread.State: TIMED_WAITING
        at sun.misc.Unsafe.park(Native Method)
        at java.util.concurrent.locks.LockSupport.parkNanos(LockSupport.java:215)
        at java.util.concurrent.locks.AbstractQueuedSynchronizer$ConditionObject.awaitNanos(AbstractQueuedSynchronizer.java:2078)
        at java.util.concurrent.LinkedBlockingQueue.poll(LinkedBlockingQueue.java:467)
        at org.apache.hadoop.ipc.CallQueueManager.take(CallQueueManager.java:288)
        at org.apache.hadoop.ipc.Server$Handler.run(Server.java:2668)
"IPC Server handler 13 on 38980" daemon prio=5 tid=82 timed_waiting
java.lang.Thread.State: TIMED_WAITING
        at sun.misc.Unsafe.park(Native Method)
        at java.util.concurrent.locks.LockSupport.parkNanos(LockSupport.java:215)
        at java.util.concurrent.locks.AbstractQueuedSynchronizer$ConditionObject.awaitNanos(AbstractQueuedSynchronizer.java:2078)
        at java.util.concurrent.LinkedBlockingQueue.poll(LinkedBlockingQueue.java:467)
        at org.apache.hadoop.ipc.CallQueueManager.take(CallQueueManager.java:288)
        at org.apache.hadoop.ipc.Server$Handler.run(Server.java:2668)
"pool-36-thread-10"  prio=5 tid=410 in Object.wait()
java.lang.Thread.State: WAITING (on object monitor)
        at sun.misc.Unsafe.park(Native Method)
        at java.util.concurrent.locks.LockSupport.park(LockSupport.java:175)
        at java.util.concurrent.locks.AbstractQueuedSynchronizer$ConditionObject.await(AbstractQueuedSynchronizer.java:2039)
        at java.util.concurrent.ArrayBlockingQueue.take(ArrayBlockingQueue.java:403)
        at java.util.concurrent.ThreadPoolExecutor.getTask(ThreadPoolExecutor.java:1074)
        at java.util.concurrent.ThreadPoolExecutor.runWorker(ThreadPoolExecutor.java:1134)
        at java.util.concurrent.ThreadPoolExecutor$Worker.run(ThreadPoolExecutor.java:624)
        at java.lang.Thread.run(Thread.java:748)
"IPC Server handler 15 on 40610" daemon prio=5 tid=130 timed_waiting
java.lang.Thread.State: TIMED_WAITING
        at sun.misc.Unsafe.park(Native Method)
        at java.util.concurrent.locks.LockSupport.parkNanos(LockSupport.java:215)
        at java.util.concurrent.locks.AbstractQueuedSynchronizer$ConditionObject.awaitNanos(AbstractQueuedSynchronizer.java:2078)
        at java.util.concurrent.LinkedBlockingQueue.poll(LinkedBlockingQueue.java:467)
        at org.apache.hadoop.ipc.CallQueueManager.take(CallQueueManager.java:288)
        at org.apache.hadoop.ipc.Server$Handler.run(Server.java:2668)
"metrics-hadoop-metrics2-reporter-23-thread-1" daemon prio=5 tid=902 timed_waiting
java.lang.Thread.State: TIMED_WAITING
        at sun.misc.Unsafe.park(Native Method)
        at java.util.concurrent.locks.LockSupport.parkNanos(LockSupport.java:215)
        at java.util.concurrent.locks.AbstractQueuedSynchronizer$ConditionObject.awaitNanos(AbstractQueuedSynchronizer.java:2078)
        at java.util.concurrent.ScheduledThreadPoolExecutor$DelayedWorkQueue.take(ScheduledThreadPoolExecutor.java:1093)
        at java.util.concurrent.ScheduledThreadPoolExecutor$DelayedWorkQueue.take(ScheduledThreadPoolExecutor.java:809)
        at java.util.concurrent.ThreadPoolExecutor.getTask(ThreadPoolExecutor.java:1074)
        at java.util.concurrent.ThreadPoolExecutor.runWorker(ThreadPoolExecutor.java:1134)
        at java.util.concurrent.ThreadPoolExecutor$Worker.run(ThreadPoolExecutor.java:624)
        at java.lang.Thread.run(Thread.java:748)
"qtp292890110-187-acceptor-0@555ad771-ServerConnector@56a4f272{HTTP/1.1,[http/1.1]}{0.0.0.0:40070}" daemon prio=3 tid=187 runnable
java.lang.Thread.State: RUNNABLE
        at sun.nio.ch.ServerSocketChannelImpl.accept0(Native Method)
        at sun.nio.ch.ServerSocketChannelImpl.accept(ServerSocketChannelImpl.java:422)
        at sun.nio.ch.ServerSocketChannelImpl.accept(ServerSocketChannelImpl.java:250)
        at org.eclipse.jetty.server.ServerConnector.accept(ServerConnector.java:397)
        at org.eclipse.jetty.server.AbstractConnector$Acceptor.run(AbstractConnector.java:601)
        at org.eclipse.jetty.util.thread.QueuedThreadPool.runJob(QueuedThreadPool.java:671)
        at org.eclipse.jetty.util.thread.QueuedThreadPool$2.run(QueuedThreadPool.java:589)
        at java.lang.Thread.run(Thread.java:748)
"BlockDeletingService#9" daemon prio=5 tid=2749 in Object.wait()
java.lang.Thread.State: WAITING (on object monitor)
        at sun.misc.Unsafe.park(Native Method)
        at java.util.concurrent.locks.LockSupport.park(LockSupport.java:175)
        at java.util.concurrent.locks.AbstractQueuedSynchronizer$ConditionObject.await(AbstractQueuedSynchronizer.java:2039)
        at java.util.concurrent.ScheduledThreadPoolExecutor$DelayedWorkQueue.take(ScheduledThreadPoolExecutor.java:1088)
        at java.util.concurrent.ScheduledThreadPoolExecutor$DelayedWorkQueue.take(ScheduledThreadPoolExecutor.java:809)
        at java.util.concurrent.ThreadPoolExecutor.getTask(ThreadPoolExecutor.java:1074)
        at java.util.concurrent.ThreadPoolExecutor.runWorker(ThreadPoolExecutor.java:1134)
        at java.util.concurrent.ThreadPoolExecutor$Worker.run(ThreadPoolExecutor.java:624)
        at java.lang.Thread.run(Thread.java:748)
"f3263f9a-ef6c-4ff4-a6b2-5a62e946b753@group-C650F42891D4-StateMachineUpdater" daemon prio=5 tid=801 in Object.wait()
java.lang.Thread.State: WAITING (on object monitor)
        at java.lang.Object.wait(Native Method)
        at java.lang.Object.wait(Object.java:502)
        at org.apache.ratis.server.impl.StateMachineUpdater.waitForCommit(StateMachineUpdater.java:183)
        at org.apache.ratis.server.impl.StateMachineUpdater.run(StateMachineUpdater.java:148)
        at java.lang.Thread.run(Thread.java:748)
"pool-76-thread-2"  prio=5 tid=653 in Object.wait()
java.lang.Thread.State: WAITING (on object monitor)
        at sun.misc.Unsafe.park(Native Method)
        at java.util.concurrent.locks.LockSupport.park(LockSupport.java:175)
        at java.util.concurrent.locks.AbstractQueuedSynchronizer$ConditionObject.await(AbstractQueuedSynchronizer.java:2039)
        at java.util.concurrent.ArrayBlockingQueue.take(ArrayBlockingQueue.java:403)
        at java.util.concurrent.ThreadPoolExecutor.getTask(ThreadPoolExecutor.java:1074)
        at java.util.concurrent.ThreadPoolExecutor.runWorker(ThreadPoolExecutor.java:1134)
        at java.util.concurrent.ThreadPoolExecutor$Worker.run(ThreadPoolExecutor.java:624)
        at java.lang.Thread.run(Thread.java:748)
"BlockDeletingService#6" daemon prio=5 tid=2050 in Object.wait()
java.lang.Thread.State: WAITING (on object monitor)
        at sun.misc.Unsafe.park(Native Method)
        at java.util.concurrent.locks.LockSupport.park(LockSupport.java:175)
        at java.util.concurrent.locks.AbstractQueuedSynchronizer$ConditionObject.await(AbstractQueuedSynchronizer.java:2039)
        at java.util.concurrent.ScheduledThreadPoolExecutor$DelayedWorkQueue.take(ScheduledThreadPoolExecutor.java:1088)
        at java.util.concurrent.ScheduledThreadPoolExecutor$DelayedWorkQueue.take(ScheduledThreadPoolExecutor.java:809)
        at java.util.concurrent.ThreadPoolExecutor.getTask(ThreadPoolExecutor.java:1074)
        at java.util.concurrent.ThreadPoolExecutor.runWorker(ThreadPoolExecutor.java:1134)
        at java.util.concurrent.ThreadPoolExecutor$Worker.run(ThreadPoolExecutor.java:624)
        at java.lang.Thread.run(Thread.java:748)
"pool-26-thread-44"  prio=5 tid=384 in Object.wait()
java.lang.Thread.State: WAITING (on object monitor)
        at sun.misc.Unsafe.park(Native Method)
        at java.util.concurrent.locks.LockSupport.park(LockSupport.java:175)
        at java.util.concurrent.locks.AbstractQueuedSynchronizer$ConditionObject.await(AbstractQueuedSynchronizer.java:2039)
        at java.util.concurrent.ArrayBlockingQueue.take(ArrayBlockingQueue.java:403)
        at java.util.concurrent.ThreadPoolExecutor.getTask(ThreadPoolExecutor.java:1074)
        at java.util.concurrent.ThreadPoolExecutor.runWorker(ThreadPoolExecutor.java:1134)
        at java.util.concurrent.ThreadPoolExecutor$Worker.run(ThreadPoolExecutor.java:624)
        at java.lang.Thread.run(Thread.java:748)
"pool-26-thread-40"  prio=5 tid=380 in Object.wait()
java.lang.Thread.State: WAITING (on object monitor)
        at sun.misc.Unsafe.park(Native Method)
        at java.util.concurrent.locks.LockSupport.park(LockSupport.java:175)
        at java.util.concurrent.locks.AbstractQueuedSynchronizer$ConditionObject.await(AbstractQueuedSynchronizer.java:2039)
        at java.util.concurrent.ArrayBlockingQueue.take(ArrayBlockingQueue.java:403)
        at java.util.concurrent.ThreadPoolExecutor.getTask(ThreadPoolExecutor.java:1074)
        at java.util.concurrent.ThreadPoolExecutor.runWorker(ThreadPoolExecutor.java:1134)
        at java.util.concurrent.ThreadPoolExecutor$Worker.run(ThreadPoolExecutor.java:624)
        at java.lang.Thread.run(Thread.java:748)
"pool-46-thread-43"  prio=5 tid=503 in Object.wait()
java.lang.Thread.State: WAITING (on object monitor)
        at sun.misc.Unsafe.park(Native Method)
        at java.util.concurrent.locks.LockSupport.park(LockSupport.java:175)
        at java.util.concurrent.locks.AbstractQueuedSynchronizer$ConditionObject.await(AbstractQueuedSynchronizer.java:2039)
        at java.util.concurrent.ArrayBlockingQueue.take(ArrayBlockingQueue.java:403)
        at java.util.concurrent.ThreadPoolExecutor.getTask(ThreadPoolExecutor.java:1074)
        at java.util.concurrent.ThreadPoolExecutor.runWorker(ThreadPoolExecutor.java:1134)
        at java.util.concurrent.ThreadPoolExecutor$Worker.run(ThreadPoolExecutor.java:624)
        at java.lang.Thread.run(Thread.java:748)
"qtp978035840-139" daemon prio=5 tid=139 timed_waiting
java.lang.Thread.State: TIMED_WAITING
        at sun.misc.Unsafe.park(Native Method)
        at java.util.concurrent.locks.LockSupport.parkNanos(LockSupport.java:215)
        at java.util.concurrent.locks.AbstractQueuedSynchronizer$ConditionObject.awaitNanos(AbstractQueuedSynchronizer.java:2078)
        at org.eclipse.jetty.util.BlockingArrayQueue.poll(BlockingArrayQueue.java:392)
        at org.eclipse.jetty.util.thread.QueuedThreadPool.idleJobPoll(QueuedThreadPool.java:563)
        at org.eclipse.jetty.util.thread.QueuedThreadPool.access$800(QueuedThreadPool.java:48)
        at org.eclipse.jetty.util.thread.QueuedThreadPool$2.run(QueuedThreadPool.java:626)
        at java.lang.Thread.run(Thread.java:748)
"pool-86-thread-25"  prio=5 tid=738 in Object.wait()
java.lang.Thread.State: WAITING (on object monitor)
        at sun.misc.Unsafe.park(Native Method)
        at java.util.concurrent.locks.LockSupport.park(LockSupport.java:175)
        at java.util.concurrent.locks.AbstractQueuedSynchronizer$ConditionObject.await(AbstractQueuedSynchronizer.java:2039)
        at java.util.concurrent.ArrayBlockingQueue.take(ArrayBlockingQueue.java:403)
        at java.util.concurrent.ThreadPoolExecutor.getTask(ThreadPoolExecutor.java:1074)
        at java.util.concurrent.ThreadPoolExecutor.runWorker(ThreadPoolExecutor.java:1134)
        at java.util.concurrent.ThreadPoolExecutor$Worker.run(ThreadPoolExecutor.java:624)
        at java.lang.Thread.run(Thread.java:748)
"Datanode State Machine Thread - 0" daemon prio=5 tid=332 timed_waiting
java.lang.Thread.State: TIMED_WAITING
        at java.lang.Thread.sleep(Native Method)
        at org.apache.hadoop.ozone.container.common.statemachine.DatanodeStateMachine.start(DatanodeStateMachine.java:191)
        at org.apache.hadoop.ozone.container.common.statemachine.DatanodeStateMachine.lambda$startDaemon$0(DatanodeStateMachine.java:349)
        at org.apache.hadoop.ozone.container.common.statemachine.DatanodeStateMachine$$Lambda$136/1673604690.run(Unknown Source)
        at java.lang.Thread.run(Thread.java:748)
"pool-36-thread-36"  prio=5 tid=436 in Object.wait()
java.lang.Thread.State: WAITING (on object monitor)
        at sun.misc.Unsafe.park(Native Method)
        at java.util.concurrent.locks.LockSupport.park(LockSupport.java:175)
        at java.util.concurrent.locks.AbstractQueuedSynchronizer$ConditionObject.await(AbstractQueuedSynchronizer.java:2039)
        at java.util.concurrent.ArrayBlockingQueue.take(ArrayBlockingQueue.java:403)
        at java.util.concurrent.ThreadPoolExecutor.getTask(ThreadPoolExecutor.java:1074)
        at java.util.concurrent.ThreadPoolExecutor.runWorker(ThreadPoolExecutor.java:1134)
        at java.util.concurrent.ThreadPoolExecutor$Worker.run(ThreadPoolExecutor.java:624)
        at java.lang.Thread.run(Thread.java:748)
"Command processor thread" daemon prio=5 tid=229 timed_waiting
java.lang.Thread.State: TIMED_WAITING
        at java.lang.Thread.sleep(Native Method)
        at org.apache.hadoop.ozone.container.common.statemachine.DatanodeStateMachine.lambda$initCommandHandlerThread$1(DatanodeStateMachine.java:439)
        at org.apache.hadoop.ozone.container.common.statemachine.DatanodeStateMachine$$Lambda$137/1719414483.run(Unknown Source)
        at java.lang.Thread.run(Thread.java:748)
"pool-56-thread-33"  prio=5 tid=560 in Object.wait()
java.lang.Thread.State: WAITING (on object monitor)
        at sun.misc.Unsafe.park(Native Method)
        at java.util.concurrent.locks.LockSupport.park(LockSupport.java:175)
        at java.util.concurrent.locks.AbstractQueuedSynchronizer$ConditionObject.await(AbstractQueuedSynchronizer.java:2039)
        at java.util.concurrent.ArrayBlockingQueue.take(ArrayBlockingQueue.java:403)
        at java.util.concurrent.ThreadPoolExecutor.getTask(ThreadPoolExecutor.java:1074)
        at java.util.concurrent.ThreadPoolExecutor.runWorker(ThreadPoolExecutor.java:1134)
        at java.util.concurrent.ThreadPoolExecutor$Worker.run(ThreadPoolExecutor.java:624)
        at java.lang.Thread.run(Thread.java:748)
"Periodic HDDS volume checker"  prio=5 tid=206 timed_waiting
java.lang.Thread.State: TIMED_WAITING
        at sun.misc.Unsafe.park(Native Method)
        at java.util.concurrent.locks.LockSupport.parkNanos(LockSupport.java:215)
        at java.util.concurrent.locks.AbstractQueuedSynchronizer$ConditionObject.awaitNanos(AbstractQueuedSynchronizer.java:2078)
        at java.util.concurrent.ScheduledThreadPoolExecutor$DelayedWorkQueue.take(ScheduledThreadPoolExecutor.java:1093)
        at java.util.concurrent.ScheduledThreadPoolExecutor$DelayedWorkQueue.take(ScheduledThreadPoolExecutor.java:809)
        at java.util.concurrent.ThreadPoolExecutor.getTask(ThreadPoolExecutor.java:1074)
        at java.util.concurrent.ThreadPoolExecutor.runWorker(ThreadPoolExecutor.java:1134)
        at java.util.concurrent.ThreadPoolExecutor$Worker.run(ThreadPoolExecutor.java:624)
        at java.lang.Thread.run(Thread.java:748)
"qtp2075074394-218" daemon prio=5 tid=218 timed_waiting
java.lang.Thread.State: TIMED_WAITING
        at sun.misc.Unsafe.park(Native Method)
        at java.util.concurrent.locks.LockSupport.parkNanos(LockSupport.java:215)
        at java.util.concurrent.locks.AbstractQueuedSynchronizer$ConditionObject.awaitNanos(AbstractQueuedSynchronizer.java:2078)
        at org.eclipse.jetty.util.BlockingArrayQueue.poll(BlockingArrayQueue.java:392)
        at org.eclipse.jetty.util.thread.QueuedThreadPool.idleJobPoll(QueuedThreadPool.java:563)
        at org.eclipse.jetty.util.thread.QueuedThreadPool.access$800(QueuedThreadPool.java:48)
        at org.eclipse.jetty.util.thread.QueuedThreadPool$2.run(QueuedThreadPool.java:626)
        at java.lang.Thread.run(Thread.java:748)
"pool-27-thread-1"  prio=5 tid=790 in Object.wait()
java.lang.Thread.State: WAITING (on object monitor)
        at sun.misc.Unsafe.park(Native Method)
        at java.util.concurrent.locks.LockSupport.park(LockSupport.java:175)
        at java.util.concurrent.locks.AbstractQueuedSynchronizer$ConditionObject.await(AbstractQueuedSynchronizer.java:2039)
        at java.util.concurrent.LinkedBlockingQueue.take(LinkedBlockingQueue.java:442)
        at java.util.concurrent.ThreadPoolExecutor.getTask(ThreadPoolExecutor.java:1074)
        at java.util.concurrent.ThreadPoolExecutor.runWorker(ThreadPoolExecutor.java:1134)
        at java.util.concurrent.ThreadPoolExecutor$Worker.run(ThreadPoolExecutor.java:624)
        at java.lang.Thread.run(Thread.java:748)
"pool-26-thread-20"  prio=5 tid=360 in Object.wait()
java.lang.Thread.State: WAITING (on object monitor)
        at sun.misc.Unsafe.park(Native Method)
        at java.util.concurrent.locks.LockSupport.park(LockSupport.java:175)
        at java.util.concurrent.locks.AbstractQueuedSynchronizer$ConditionObject.await(AbstractQueuedSynchronizer.java:2039)
        at java.util.concurrent.ArrayBlockingQueue.take(ArrayBlockingQueue.java:403)
        at java.util.concurrent.ThreadPoolExecutor.getTask(ThreadPoolExecutor.java:1074)
        at java.util.concurrent.ThreadPoolExecutor.runWorker(ThreadPoolExecutor.java:1134)
        at java.util.concurrent.ThreadPoolExecutor$Worker.run(ThreadPoolExecutor.java:624)
        at java.lang.Thread.run(Thread.java:748)
"pool-66-thread-42"  prio=5 tid=631 in Object.wait()
java.lang.Thread.State: WAITING (on object monitor)
        at sun.misc.Unsafe.park(Native Method)
        at java.util.concurrent.locks.LockSupport.park(LockSupport.java:175)
        at java.util.concurrent.locks.AbstractQueuedSynchronizer$ConditionObject.await(AbstractQueuedSynchronizer.java:2039)
        at java.util.concurrent.ArrayBlockingQueue.take(ArrayBlockingQueue.java:403)
        at java.util.concurrent.ThreadPoolExecutor.getTask(ThreadPoolExecutor.java:1074)
        at java.util.concurrent.ThreadPoolExecutor.runWorker(ThreadPoolExecutor.java:1134)
        at java.util.concurrent.ThreadPoolExecutor$Worker.run(ThreadPoolExecutor.java:624)
        at java.lang.Thread.run(Thread.java:748)
"pool-86-thread-7"  prio=5 tid=720 in Object.wait()
java.lang.Thread.State: WAITING (on object monitor)
        at sun.misc.Unsafe.park(Native Method)
        at java.util.concurrent.locks.LockSupport.park(LockSupport.java:175)
        at java.util.concurrent.locks.AbstractQueuedSynchronizer$ConditionObject.await(AbstractQueuedSynchronizer.java:2039)
        at java.util.concurrent.ArrayBlockingQueue.take(ArrayBlockingQueue.java:403)
        at java.util.concurrent.ThreadPoolExecutor.getTask(ThreadPoolExecutor.java:1074)
        at java.util.concurrent.ThreadPoolExecutor.runWorker(ThreadPoolExecutor.java:1134)
        at java.util.concurrent.ThreadPoolExecutor$Worker.run(ThreadPoolExecutor.java:624)
        at java.lang.Thread.run(Thread.java:748)
"pool-26-thread-30"  prio=5 tid=370 in Object.wait()
java.lang.Thread.State: WAITING (on object monitor)
        at sun.misc.Unsafe.park(Native Method)
        at java.util.concurrent.locks.LockSupport.park(LockSupport.java:175)
        at java.util.concurrent.locks.AbstractQueuedSynchronizer$ConditionObject.await(AbstractQueuedSynchronizer.java:2039)
        at java.util.concurrent.ArrayBlockingQueue.take(ArrayBlockingQueue.java:403)
        at java.util.concurrent.ThreadPoolExecutor.getTask(ThreadPoolExecutor.java:1074)
        at java.util.concurrent.ThreadPoolExecutor.runWorker(ThreadPoolExecutor.java:1134)
        at java.util.concurrent.ThreadPoolExecutor$Worker.run(ThreadPoolExecutor.java:624)
        at java.lang.Thread.run(Thread.java:748)
"qtp729375394-294" daemon prio=5 tid=294 runnable
java.lang.Thread.State: RUNNABLE
        at sun.nio.ch.EPollArrayWrapper.epollWait(Native Method)
        at sun.nio.ch.EPollArrayWrapper.poll(EPollArrayWrapper.java:269)
        at sun.nio.ch.EPollSelectorImpl.doSelect(EPollSelectorImpl.java:93)
        at sun.nio.ch.SelectorImpl.lockAndDoSelect(SelectorImpl.java:86)
        at sun.nio.ch.SelectorImpl.select(SelectorImpl.java:97)
        at sun.nio.ch.SelectorImpl.select(SelectorImpl.java:101)
        at org.eclipse.jetty.io.ManagedSelector$SelectorProducer.select(ManagedSelector.java:243)
        at org.eclipse.jetty.io.ManagedSelector$SelectorProducer.produce(ManagedSelector.java:191)
        at org.eclipse.jetty.util.thread.strategy.ExecuteProduceConsume.executeProduceConsume(ExecuteProduceConsume.java:249)
        at org.eclipse.jetty.util.thread.strategy.ExecuteProduceConsume.produceConsume(ExecuteProduceConsume.java:148)
        at org.eclipse.jetty.util.thread.strategy.ExecuteProduceConsume.execute(ExecuteProduceConsume.java:100)
        at org.eclipse.jetty.io.ManagedSelector.run(ManagedSelector.java:147)
        at org.eclipse.jetty.util.thread.QueuedThreadPool.runJob(QueuedThreadPool.java:671)
        at org.eclipse.jetty.util.thread.QueuedThreadPool$2.run(QueuedThreadPool.java:589)
        at java.lang.Thread.run(Thread.java:748)
"pool-26-thread-19"  prio=5 tid=359 in Object.wait()
java.lang.Thread.State: WAITING (on object monitor)
        at sun.misc.Unsafe.park(Native Method)
        at java.util.concurrent.locks.LockSupport.park(LockSupport.java:175)
        at java.util.concurrent.locks.AbstractQueuedSynchronizer$ConditionObject.await(AbstractQueuedSynchronizer.java:2039)
        at java.util.concurrent.ArrayBlockingQueue.take(ArrayBlockingQueue.java:403)
        at java.util.concurrent.ThreadPoolExecutor.getTask(ThreadPoolExecutor.java:1074)
        at java.util.concurrent.ThreadPoolExecutor.runWorker(ThreadPoolExecutor.java:1134)
        at java.util.concurrent.ThreadPoolExecutor$Worker.run(ThreadPoolExecutor.java:624)
        at java.lang.Thread.run(Thread.java:748)
"metrics-hadoop-metrics2-reporter-21-thread-1" daemon prio=5 tid=895 timed_waiting
java.lang.Thread.State: TIMED_WAITING
        at sun.misc.Unsafe.park(Native Method)
        at java.util.concurrent.locks.LockSupport.parkNanos(LockSupport.java:215)
        at java.util.concurrent.locks.AbstractQueuedSynchronizer$ConditionObject.awaitNanos(AbstractQueuedSynchronizer.java:2078)
        at java.util.concurrent.ScheduledThreadPoolExecutor$DelayedWorkQueue.take(ScheduledThreadPoolExecutor.java:1093)
        at java.util.concurrent.ScheduledThreadPoolExecutor$DelayedWorkQueue.take(ScheduledThreadPoolExecutor.java:809)
        at java.util.concurrent.ThreadPoolExecutor.getTask(ThreadPoolExecutor.java:1074)
        at java.util.concurrent.ThreadPoolExecutor.runWorker(ThreadPoolExecutor.java:1134)
        at java.util.concurrent.ThreadPoolExecutor$Worker.run(ThreadPoolExecutor.java:624)
        at java.lang.Thread.run(Thread.java:748)
"qtp292890110-189" daemon prio=5 tid=189 timed_waiting
java.lang.Thread.State: TIMED_WAITING
        at sun.misc.Unsafe.park(Native Method)
        at java.util.concurrent.locks.LockSupport.parkNanos(LockSupport.java:215)
        at java.util.concurrent.locks.AbstractQueuedSynchronizer$ConditionObject.awaitNanos(AbstractQueuedSynchronizer.java:2078)
        at org.eclipse.jetty.util.BlockingArrayQueue.poll(BlockingArrayQueue.java:392)
        at org.eclipse.jetty.util.thread.QueuedThreadPool.idleJobPoll(QueuedThreadPool.java:563)
        at org.eclipse.jetty.util.thread.QueuedThreadPool.access$800(QueuedThreadPool.java:48)
        at org.eclipse.jetty.util.thread.QueuedThreadPool$2.run(QueuedThreadPool.java:626)
        at java.lang.Thread.run(Thread.java:748)
"IPC Server listener on 46754" daemon prio=5 tid=18 runnable
java.lang.Thread.State: RUNNABLE
        at sun.nio.ch.EPollArrayWrapper.epollWait(Native Method)
        at sun.nio.ch.EPollArrayWrapper.poll(EPollArrayWrapper.java:269)
        at sun.nio.ch.EPollSelectorImpl.doSelect(EPollSelectorImpl.java:93)
        at sun.nio.ch.SelectorImpl.lockAndDoSelect(SelectorImpl.java:86)
        at sun.nio.ch.SelectorImpl.select(SelectorImpl.java:97)
        at sun.nio.ch.SelectorImpl.select(SelectorImpl.java:101)
        at org.apache.hadoop.ipc.Server$Listener.run(Server.java:1159)
"qtp523528914-327" daemon prio=5 tid=327 timed_waiting
java.lang.Thread.State: TIMED_WAITING
        at sun.misc.Unsafe.park(Native Method)
        at java.util.concurrent.locks.LockSupport.parkNanos(LockSupport.java:215)
        at java.util.concurrent.locks.AbstractQueuedSynchronizer$ConditionObject.awaitNanos(AbstractQueuedSynchronizer.java:2078)
        at org.eclipse.jetty.util.BlockingArrayQueue.poll(BlockingArrayQueue.java:392)
        at org.eclipse.jetty.util.thread.QueuedThreadPool.idleJobPoll(QueuedThreadPool.java:563)
        at org.eclipse.jetty.util.thread.QueuedThreadPool.access$800(QueuedThreadPool.java:48)
        at org.eclipse.jetty.util.thread.QueuedThreadPool$2.run(QueuedThreadPool.java:626)
        at java.lang.Thread.run(Thread.java:748)
"pool-46-thread-11"  prio=5 tid=471 in Object.wait()
java.lang.Thread.State: WAITING (on object monitor)
        at sun.misc.Unsafe.park(Native Method)
        at java.util.concurrent.locks.LockSupport.park(LockSupport.java:175)
        at java.util.concurrent.locks.AbstractQueuedSynchronizer$ConditionObject.await(AbstractQueuedSynchronizer.java:2039)
        at java.util.concurrent.ArrayBlockingQueue.take(ArrayBlockingQueue.java:403)
        at java.util.concurrent.ThreadPoolExecutor.getTask(ThreadPoolExecutor.java:1074)
        at java.util.concurrent.ThreadPoolExecutor.runWorker(ThreadPoolExecutor.java:1134)
        at java.util.concurrent.ThreadPoolExecutor$Worker.run(ThreadPoolExecutor.java:624)
        at java.lang.Thread.run(Thread.java:748)
"Thread-1573" daemon prio=5 tid=2248 timed_waiting
java.lang.Thread.State: TIMED_WAITING
        at java.lang.Thread.sleep(Native Method)
        at org.apache.ratis.util.JavaUtils.sleep(JavaUtils.java:247)
        at org.apache.ratis.server.impl.FollowerState.run(FollowerState.java:96)
"pool-76-thread-22"  prio=5 tid=673 in Object.wait()
java.lang.Thread.State: WAITING (on object monitor)
        at sun.misc.Unsafe.park(Native Method)
        at java.util.concurrent.locks.LockSupport.park(LockSupport.java:175)
        at java.util.concurrent.locks.AbstractQueuedSynchronizer$ConditionObject.await(AbstractQueuedSynchronizer.java:2039)
        at java.util.concurrent.ArrayBlockingQueue.take(ArrayBlockingQueue.java:403)
        at java.util.concurrent.ThreadPoolExecutor.getTask(ThreadPoolExecutor.java:1074)
        at java.util.concurrent.ThreadPoolExecutor.runWorker(ThreadPoolExecutor.java:1134)
        at java.util.concurrent.ThreadPoolExecutor$Worker.run(ThreadPoolExecutor.java:624)
        at java.lang.Thread.run(Thread.java:748)
"pool-56-thread-15"  prio=5 tid=542 in Object.wait()
java.lang.Thread.State: WAITING (on object monitor)
        at sun.misc.Unsafe.park(Native Method)
        at java.util.concurrent.locks.LockSupport.park(LockSupport.java:175)
        at java.util.concurrent.locks.AbstractQueuedSynchronizer$ConditionObject.await(AbstractQueuedSynchronizer.java:2039)
        at java.util.concurrent.ArrayBlockingQueue.take(ArrayBlockingQueue.java:403)
        at java.util.concurrent.ThreadPoolExecutor.getTask(ThreadPoolExecutor.java:1074)
        at java.util.concurrent.ThreadPoolExecutor.runWorker(ThreadPoolExecutor.java:1134)
        at java.util.concurrent.ThreadPoolExecutor$Worker.run(ThreadPoolExecutor.java:624)
        at java.lang.Thread.run(Thread.java:748)
"IPC Server handler 2 on 46754" daemon prio=5 tid=51 timed_waiting
java.lang.Thread.State: TIMED_WAITING
        at sun.misc.Unsafe.park(Native Method)
        at java.util.concurrent.locks.LockSupport.parkNanos(LockSupport.java:215)
        at java.util.concurrent.locks.AbstractQueuedSynchronizer$ConditionObject.awaitNanos(AbstractQueuedSynchronizer.java:2078)
        at java.util.concurrent.LinkedBlockingQueue.poll(LinkedBlockingQueue.java:467)
        at org.apache.hadoop.ipc.CallQueueManager.take(CallQueueManager.java:288)
        at org.apache.hadoop.ipc.Server$Handler.run(Server.java:2668)
"pool-46-thread-16"  prio=5 tid=476 in Object.wait()
java.lang.Thread.State: WAITING (on object monitor)
        at sun.misc.Unsafe.park(Native Method)
        at java.util.concurrent.locks.LockSupport.park(LockSupport.java:175)
        at java.util.concurrent.locks.AbstractQueuedSynchronizer$ConditionObject.await(AbstractQueuedSynchronizer.java:2039)
        at java.util.concurrent.ArrayBlockingQueue.take(ArrayBlockingQueue.java:403)
        at java.util.concurrent.ThreadPoolExecutor.getTask(ThreadPoolExecutor.java:1074)
        at java.util.concurrent.ThreadPoolExecutor.runWorker(ThreadPoolExecutor.java:1134)
        at java.util.concurrent.ThreadPoolExecutor$Worker.run(ThreadPoolExecutor.java:624)
        at java.lang.Thread.run(Thread.java:748)
"pool-26-thread-29"  prio=5 tid=369 in Object.wait()
java.lang.Thread.State: WAITING (on object monitor)
        at sun.misc.Unsafe.park(Native Method)
        at java.util.concurrent.locks.LockSupport.park(LockSupport.java:175)
        at java.util.concurrent.locks.AbstractQueuedSynchronizer$ConditionObject.await(AbstractQueuedSynchronizer.java:2039)
        at java.util.concurrent.ArrayBlockingQueue.take(ArrayBlockingQueue.java:403)
        at java.util.concurrent.ThreadPoolExecutor.getTask(ThreadPoolExecutor.java:1074)
        at java.util.concurrent.ThreadPoolExecutor.runWorker(ThreadPoolExecutor.java:1134)
        at java.util.concurrent.ThreadPoolExecutor$Worker.run(ThreadPoolExecutor.java:624)
        at java.lang.Thread.run(Thread.java:748)
"Command processor thread" daemon prio=5 tid=283 timed_waiting
java.lang.Thread.State: TIMED_WAITING
        at java.lang.Thread.sleep(Native Method)
        at org.apache.hadoop.ozone.container.common.statemachine.DatanodeStateMachine.lambda$initCommandHandlerThread$1(DatanodeStateMachine.java:439)
        at org.apache.hadoop.ozone.container.common.statemachine.DatanodeStateMachine$$Lambda$137/1719414483.run(Unknown Source)
        at java.lang.Thread.run(Thread.java:748)
"BlockDeletingService#4" daemon prio=5 tid=1458 in Object.wait()
java.lang.Thread.State: WAITING (on object monitor)
        at sun.misc.Unsafe.park(Native Method)
        at java.util.concurrent.locks.LockSupport.park(LockSupport.java:175)
        at java.util.concurrent.locks.AbstractQueuedSynchronizer$ConditionObject.await(AbstractQueuedSynchronizer.java:2039)
        at java.util.concurrent.ScheduledThreadPoolExecutor$DelayedWorkQueue.take(ScheduledThreadPoolExecutor.java:1088)
        at java.util.concurrent.ScheduledThreadPoolExecutor$DelayedWorkQueue.take(ScheduledThreadPoolExecutor.java:809)
        at java.util.concurrent.ThreadPoolExecutor.getTask(ThreadPoolExecutor.java:1074)
        at java.util.concurrent.ThreadPoolExecutor.runWorker(ThreadPoolExecutor.java:1134)
        at java.util.concurrent.ThreadPoolExecutor$Worker.run(ThreadPoolExecutor.java:624)
        at java.lang.Thread.run(Thread.java:748)
"pool-70-thread-1"  prio=5 tid=266 timed_waiting
java.lang.Thread.State: TIMED_WAITING
        at sun.misc.Unsafe.park(Native Method)
        at java.util.concurrent.locks.LockSupport.parkNanos(LockSupport.java:215)
        at java.util.concurrent.locks.AbstractQueuedSynchronizer$ConditionObject.awaitNanos(AbstractQueuedSynchronizer.java:2078)
        at java.util.concurrent.ScheduledThreadPoolExecutor$DelayedWorkQueue.take(ScheduledThreadPoolExecutor.java:1093)
        at java.util.concurrent.ScheduledThreadPoolExecutor$DelayedWorkQueue.take(ScheduledThreadPoolExecutor.java:809)
        at java.util.concurrent.ThreadPoolExecutor.getTask(ThreadPoolExecutor.java:1074)
        at java.util.concurrent.ThreadPoolExecutor.runWorker(ThreadPoolExecutor.java:1134)
        at java.util.concurrent.ThreadPoolExecutor$Worker.run(ThreadPoolExecutor.java:624)
        at java.lang.Thread.run(Thread.java:748)
"pool-76-thread-11"  prio=5 tid=662 in Object.wait()
java.lang.Thread.State: WAITING (on object monitor)
        at sun.misc.Unsafe.park(Native Method)
        at java.util.concurrent.locks.LockSupport.park(LockSupport.java:175)
        at java.util.concurrent.locks.AbstractQueuedSynchronizer$ConditionObject.await(AbstractQueuedSynchronizer.java:2039)
        at java.util.concurrent.ArrayBlockingQueue.take(ArrayBlockingQueue.java:403)
        at java.util.concurrent.ThreadPoolExecutor.getTask(ThreadPoolExecutor.java:1074)
        at java.util.concurrent.ThreadPoolExecutor.runWorker(ThreadPoolExecutor.java:1134)
        at java.util.concurrent.ThreadPoolExecutor$Worker.run(ThreadPoolExecutor.java:624)
        at java.lang.Thread.run(Thread.java:748)
"pool-26-thread-46"  prio=5 tid=386 in Object.wait()
java.lang.Thread.State: WAITING (on object monitor)
        at sun.misc.Unsafe.park(Native Method)
        at java.util.concurrent.locks.LockSupport.park(LockSupport.java:175)
        at java.util.concurrent.locks.AbstractQueuedSynchronizer$ConditionObject.await(AbstractQueuedSynchronizer.java:2039)
        at java.util.concurrent.ArrayBlockingQueue.take(ArrayBlockingQueue.java:403)
        at java.util.concurrent.ThreadPoolExecutor.getTask(ThreadPoolExecutor.java:1074)
        at java.util.concurrent.ThreadPoolExecutor.runWorker(ThreadPoolExecutor.java:1134)
        at java.util.concurrent.ThreadPoolExecutor$Worker.run(ThreadPoolExecutor.java:624)
        at java.lang.Thread.run(Thread.java:748)
"pool-66-thread-51"  prio=5 tid=640 in Object.wait()
java.lang.Thread.State: WAITING (on object monitor)
        at sun.misc.Unsafe.park(Native Method)
        at java.util.concurrent.locks.LockSupport.park(LockSupport.java:175)
        at java.util.concurrent.locks.AbstractQueuedSynchronizer$ConditionObject.await(AbstractQueuedSynchronizer.java:2039)
        at java.util.concurrent.ArrayBlockingQueue.take(ArrayBlockingQueue.java:403)
        at java.util.concurrent.ThreadPoolExecutor.getTask(ThreadPoolExecutor.java:1074)
        at java.util.concurrent.ThreadPoolExecutor.runWorker(ThreadPoolExecutor.java:1134)
        at java.util.concurrent.ThreadPoolExecutor$Worker.run(ThreadPoolExecutor.java:624)
        at java.lang.Thread.run(Thread.java:748)
"pool-26-thread-32"  prio=5 tid=372 in Object.wait()
java.lang.Thread.State: WAITING (on object monitor)
        at sun.misc.Unsafe.park(Native Method)
        at java.util.concurrent.locks.LockSupport.park(LockSupport.java:175)
        at java.util.concurrent.locks.AbstractQueuedSynchronizer$ConditionObject.await(AbstractQueuedSynchronizer.java:2039)
        at java.util.concurrent.ArrayBlockingQueue.take(ArrayBlockingQueue.java:403)
        at java.util.concurrent.ThreadPoolExecutor.getTask(ThreadPoolExecutor.java:1074)
        at java.util.concurrent.ThreadPoolExecutor.runWorker(ThreadPoolExecutor.java:1134)
        at java.util.concurrent.ThreadPoolExecutor$Worker.run(ThreadPoolExecutor.java:624)
        at java.lang.Thread.run(Thread.java:748)
"pool-76-thread-5"  prio=5 tid=656 in Object.wait()
java.lang.Thread.State: WAITING (on object monitor)
        at sun.misc.Unsafe.park(Native Method)
        at java.util.concurrent.locks.LockSupport.park(LockSupport.java:175)
        at java.util.concurrent.locks.AbstractQueuedSynchronizer$ConditionObject.await(AbstractQueuedSynchronizer.java:2039)
        at java.util.concurrent.ArrayBlockingQueue.take(ArrayBlockingQueue.java:403)
        at java.util.concurrent.ThreadPoolExecutor.getTask(ThreadPoolExecutor.java:1074)
        at java.util.concurrent.ThreadPoolExecutor.runWorker(ThreadPoolExecutor.java:1134)
        at java.util.concurrent.ThreadPoolExecutor$Worker.run(ThreadPoolExecutor.java:624)
        at java.lang.Thread.run(Thread.java:748)
"metrics-hadoop-metrics2-reporter-45-thread-1" daemon prio=5 tid=3743 timed_waiting
java.lang.Thread.State: TIMED_WAITING
        at sun.misc.Unsafe.park(Native Method)
        at java.util.concurrent.locks.LockSupport.parkNanos(LockSupport.java:215)
        at java.util.concurrent.locks.AbstractQueuedSynchronizer$ConditionObject.awaitNanos(AbstractQueuedSynchronizer.java:2078)
        at java.util.concurrent.ScheduledThreadPoolExecutor$DelayedWorkQueue.take(ScheduledThreadPoolExecutor.java:1093)
        at java.util.concurrent.ScheduledThreadPoolExecutor$DelayedWorkQueue.take(ScheduledThreadPoolExecutor.java:809)
        at java.util.concurrent.ThreadPoolExecutor.getTask(ThreadPoolExecutor.java:1074)
        at java.util.concurrent.ThreadPoolExecutor.runWorker(ThreadPoolExecutor.java:1134)
        at java.util.concurrent.ThreadPoolExecutor$Worker.run(ThreadPoolExecutor.java:624)
        at java.lang.Thread.run(Thread.java:748)
"qtp1128600792-246" daemon prio=5 tid=246 timed_waiting
java.lang.Thread.State: TIMED_WAITING
        at sun.misc.Unsafe.park(Native Method)
        at java.util.concurrent.locks.LockSupport.parkNanos(LockSupport.java:215)
        at java.util.concurrent.locks.AbstractQueuedSynchronizer$ConditionObject.awaitNanos(AbstractQueuedSynchronizer.java:2078)
        at org.eclipse.jetty.util.BlockingArrayQueue.poll(BlockingArrayQueue.java:392)
        at org.eclipse.jetty.util.thread.QueuedThreadPool.idleJobPoll(QueuedThreadPool.java:563)
        at org.eclipse.jetty.util.thread.QueuedThreadPool.access$800(QueuedThreadPool.java:48)
        at org.eclipse.jetty.util.thread.QueuedThreadPool$2.run(QueuedThreadPool.java:626)
        at java.lang.Thread.run(Thread.java:748)
"pool-26-thread-58"  prio=5 tid=398 in Object.wait()
java.lang.Thread.State: WAITING (on object monitor)
        at sun.misc.Unsafe.park(Native Method)
        at java.util.concurrent.locks.LockSupport.park(LockSupport.java:175)
        at java.util.concurrent.locks.AbstractQueuedSynchronizer$ConditionObject.await(AbstractQueuedSynchronizer.java:2039)
        at java.util.concurrent.ArrayBlockingQueue.take(ArrayBlockingQueue.java:403)
        at java.util.concurrent.ThreadPoolExecutor.getTask(ThreadPoolExecutor.java:1074)
        at java.util.concurrent.ThreadPoolExecutor.runWorker(ThreadPoolExecutor.java:1134)
        at java.util.concurrent.ThreadPoolExecutor$Worker.run(ThreadPoolExecutor.java:624)
        at java.lang.Thread.run(Thread.java:748)
"pool-86-thread-9"  prio=5 tid=722 in Object.wait()
java.lang.Thread.State: WAITING (on object monitor)
        at sun.misc.Unsafe.park(Native Method)
        at java.util.concurrent.locks.LockSupport.park(LockSupport.java:175)
        at java.util.concurrent.locks.AbstractQueuedSynchronizer$ConditionObject.await(AbstractQueuedSynchronizer.java:2039)
        at java.util.concurrent.ArrayBlockingQueue.take(ArrayBlockingQueue.java:403)
        at java.util.concurrent.ThreadPoolExecutor.getTask(ThreadPoolExecutor.java:1074)
        at java.util.concurrent.ThreadPoolExecutor.runWorker(ThreadPoolExecutor.java:1134)
        at java.util.concurrent.ThreadPoolExecutor$Worker.run(ThreadPoolExecutor.java:624)
        at java.lang.Thread.run(Thread.java:748)
"qtp1179244298-159" daemon prio=5 tid=159 runnable
java.lang.Thread.State: RUNNABLE
        at sun.nio.ch.EPollArrayWrapper.epollWait(Native Method)
        at sun.nio.ch.EPollArrayWrapper.poll(EPollArrayWrapper.java:269)
        at sun.nio.ch.EPollSelectorImpl.doSelect(EPollSelectorImpl.java:93)
        at sun.nio.ch.SelectorImpl.lockAndDoSelect(SelectorImpl.java:86)
        at sun.nio.ch.SelectorImpl.select(SelectorImpl.java:97)
        at sun.nio.ch.SelectorImpl.select(SelectorImpl.java:101)
        at org.eclipse.jetty.io.ManagedSelector$SelectorProducer.select(ManagedSelector.java:243)
        at org.eclipse.jetty.io.ManagedSelector$SelectorProducer.produce(ManagedSelector.java:191)
        at org.eclipse.jetty.util.thread.strategy.ExecuteProduceConsume.executeProduceConsume(ExecuteProduceConsume.java:249)
        at org.eclipse.jetty.util.thread.strategy.ExecuteProduceConsume.produceConsume(ExecuteProduceConsume.java:148)
        at org.eclipse.jetty.util.thread.strategy.ExecuteProduceConsume.execute(ExecuteProduceConsume.java:100)
        at org.eclipse.jetty.io.ManagedSelector.run(ManagedSelector.java:147)
        at org.eclipse.jetty.util.thread.QueuedThreadPool.runJob(QueuedThreadPool.java:671)
        at org.eclipse.jetty.util.thread.QueuedThreadPool$2.run(QueuedThreadPool.java:589)
        at java.lang.Thread.run(Thread.java:748)
"pool-21-thread-1"  prio=5 tid=135 timed_waiting
java.lang.Thread.State: TIMED_WAITING
        at sun.misc.Unsafe.park(Native Method)
        at java.util.concurrent.locks.LockSupport.parkNanos(LockSupport.java:215)
        at java.util.concurrent.locks.AbstractQueuedSynchronizer$ConditionObject.awaitNanos(AbstractQueuedSynchronizer.java:2078)
        at java.util.concurrent.ScheduledThreadPoolExecutor$DelayedWorkQueue.take(ScheduledThreadPoolExecutor.java:1093)
        at java.util.concurrent.ScheduledThreadPoolExecutor$DelayedWorkQueue.take(ScheduledThreadPoolExecutor.java:809)
        at java.util.concurrent.ThreadPoolExecutor.getTask(ThreadPoolExecutor.java:1074)
        at java.util.concurrent.ThreadPoolExecutor.runWorker(ThreadPoolExecutor.java:1134)
        at java.util.concurrent.ThreadPoolExecutor$Worker.run(ThreadPoolExecutor.java:624)
        at java.lang.Thread.run(Thread.java:748)
"metrics-hadoop-metrics2-reporter-40-thread-1" daemon prio=5 tid=3060 timed_waiting
java.lang.Thread.State: TIMED_WAITING
        at sun.misc.Unsafe.park(Native Method)
        at java.util.concurrent.locks.LockSupport.parkNanos(LockSupport.java:215)
        at java.util.concurrent.locks.AbstractQueuedSynchronizer$ConditionObject.awaitNanos(AbstractQueuedSynchronizer.java:2078)
        at java.util.concurrent.ScheduledThreadPoolExecutor$DelayedWorkQueue.take(ScheduledThreadPoolExecutor.java:1093)
        at java.util.concurrent.ScheduledThreadPoolExecutor$DelayedWorkQueue.take(ScheduledThreadPoolExecutor.java:809)
        at java.util.concurrent.ThreadPoolExecutor.getTask(ThreadPoolExecutor.java:1074)
        at java.util.concurrent.ThreadPoolExecutor.runWorker(ThreadPoolExecutor.java:1134)
        at java.util.concurrent.ThreadPoolExecutor$Worker.run(ThreadPoolExecutor.java:624)
        at java.lang.Thread.run(Thread.java:748)
"PartialTableCache Cleanup Thread - 0" daemon prio=5 tid=837 in Object.wait()
java.lang.Thread.State: WAITING (on object monitor)
        at sun.misc.Unsafe.park(Native Method)
        at java.util.concurrent.locks.LockSupport.park(LockSupport.java:175)
        at java.util.concurrent.locks.AbstractQueuedSynchronizer$ConditionObject.await(AbstractQueuedSynchronizer.java:2039)
        at java.util.concurrent.LinkedBlockingQueue.take(LinkedBlockingQueue.java:442)
        at java.util.concurrent.ThreadPoolExecutor.getTask(ThreadPoolExecutor.java:1074)
        at java.util.concurrent.ThreadPoolExecutor.runWorker(ThreadPoolExecutor.java:1134)
        at java.util.concurrent.ThreadPoolExecutor$Worker.run(ThreadPoolExecutor.java:624)
        at java.lang.Thread.run(Thread.java:748)
"pool-36-thread-6"  prio=5 tid=406 in Object.wait()
java.lang.Thread.State: WAITING (on object monitor)
        at sun.misc.Unsafe.park(Native Method)
        at java.util.concurrent.locks.LockSupport.park(LockSupport.java:175)
        at java.util.concurrent.locks.AbstractQueuedSynchronizer$ConditionObject.await(AbstractQueuedSynchronizer.java:2039)
        at java.util.concurrent.ArrayBlockingQueue.take(ArrayBlockingQueue.java:403)
        at java.util.concurrent.ThreadPoolExecutor.getTask(ThreadPoolExecutor.java:1074)
        at java.util.concurrent.ThreadPoolExecutor.runWorker(ThreadPoolExecutor.java:1134)
        at java.util.concurrent.ThreadPoolExecutor$Worker.run(ThreadPoolExecutor.java:624)
        at java.lang.Thread.run(Thread.java:748)
"pool-6-thread-1"  prio=5 tid=26 timed_waiting
java.lang.Thread.State: TIMED_WAITING
        at sun.misc.Unsafe.park(Native Method)
        at java.util.concurrent.locks.LockSupport.parkNanos(LockSupport.java:215)
        at java.util.concurrent.locks.AbstractQueuedSynchronizer$ConditionObject.awaitNanos(AbstractQueuedSynchronizer.java:2078)
        at java.util.concurrent.ScheduledThreadPoolExecutor$DelayedWorkQueue.take(ScheduledThreadPoolExecutor.java:1093)
        at java.util.concurrent.ScheduledThreadPoolExecutor$DelayedWorkQueue.take(ScheduledThreadPoolExecutor.java:809)
        at java.util.concurrent.ThreadPoolExecutor.getTask(ThreadPoolExecutor.java:1074)
        at java.util.concurrent.ThreadPoolExecutor.runWorker(ThreadPoolExecutor.java:1134)
        at java.util.concurrent.ThreadPoolExecutor$Worker.run(ThreadPoolExecutor.java:624)
        at java.lang.Thread.run(Thread.java:748)
"IPC Server handler 18 on 46754" daemon prio=5 tid=67 timed_waiting
java.lang.Thread.State: TIMED_WAITING
        at sun.misc.Unsafe.park(Native Method)
        at java.util.concurrent.locks.LockSupport.parkNanos(LockSupport.java:215)
        at java.util.concurrent.locks.AbstractQueuedSynchronizer$ConditionObject.awaitNanos(AbstractQueuedSynchronizer.java:2078)
        at java.util.concurrent.LinkedBlockingQueue.poll(LinkedBlockingQueue.java:467)
        at org.apache.hadoop.ipc.CallQueueManager.take(CallQueueManager.java:288)
        at org.apache.hadoop.ipc.Server$Handler.run(Server.java:2668)
"IPC Server handler 0 on 38980" daemon prio=5 tid=69 timed_waiting
java.lang.Thread.State: TIMED_WAITING
        at sun.misc.Unsafe.park(Native Method)
        at java.util.concurrent.locks.LockSupport.parkNanos(LockSupport.java:215)
        at java.util.concurrent.locks.AbstractQueuedSynchronizer$ConditionObject.awaitNanos(AbstractQueuedSynchronizer.java:2078)
        at java.util.concurrent.LinkedBlockingQueue.poll(LinkedBlockingQueue.java:467)
        at org.apache.hadoop.ipc.CallQueueManager.take(CallQueueManager.java:288)
        at org.apache.hadoop.ipc.Server$Handler.run(Server.java:2668)
"pool-76-thread-1"  prio=5 tid=652 in Object.wait()
java.lang.Thread.State: WAITING (on object monitor)
        at sun.misc.Unsafe.park(Native Method)
        at java.util.concurrent.locks.LockSupport.park(LockSupport.java:175)
        at java.util.concurrent.locks.AbstractQueuedSynchronizer$ConditionObject.await(AbstractQueuedSynchronizer.java:2039)
        at java.util.concurrent.ArrayBlockingQueue.take(ArrayBlockingQueue.java:403)
        at java.util.concurrent.ThreadPoolExecutor.getTask(ThreadPoolExecutor.java:1074)
        at java.util.concurrent.ThreadPoolExecutor.runWorker(ThreadPoolExecutor.java:1134)
        at java.util.concurrent.ThreadPoolExecutor$Worker.run(ThreadPoolExecutor.java:624)
        at java.lang.Thread.run(Thread.java:748)
"pool-56-thread-23"  prio=5 tid=550 in Object.wait()
java.lang.Thread.State: WAITING (on object monitor)
        at sun.misc.Unsafe.park(Native Method)
        at java.util.concurrent.locks.LockSupport.park(LockSupport.java:175)
        at java.util.concurrent.locks.AbstractQueuedSynchronizer$ConditionObject.await(AbstractQueuedSynchronizer.java:2039)
        at java.util.concurrent.ArrayBlockingQueue.take(ArrayBlockingQueue.java:403)
        at java.util.concurrent.ThreadPoolExecutor.getTask(ThreadPoolExecutor.java:1074)
        at java.util.concurrent.ThreadPoolExecutor.runWorker(ThreadPoolExecutor.java:1134)
        at java.util.concurrent.ThreadPoolExecutor$Worker.run(ThreadPoolExecutor.java:624)
        at java.lang.Thread.run(Thread.java:748)
"Datanode ReportManager Thread - 1" daemon prio=5 tid=199 in Object.wait()
java.lang.Thread.State: WAITING (on object monitor)
        at sun.misc.Unsafe.park(Native Method)
        at java.util.concurrent.locks.LockSupport.park(LockSupport.java:175)
        at java.util.concurrent.locks.AbstractQueuedSynchronizer$ConditionObject.await(AbstractQueuedSynchronizer.java:2039)
        at java.util.concurrent.ScheduledThreadPoolExecutor$DelayedWorkQueue.take(ScheduledThreadPoolExecutor.java:1088)
        at java.util.concurrent.ScheduledThreadPoolExecutor$DelayedWorkQueue.take(ScheduledThreadPoolExecutor.java:809)
        at java.util.concurrent.ThreadPoolExecutor.getTask(ThreadPoolExecutor.java:1074)
        at java.util.concurrent.ThreadPoolExecutor.runWorker(ThreadPoolExecutor.java:1134)
        at java.util.concurrent.ThreadPoolExecutor$Worker.run(ThreadPoolExecutor.java:624)
        at java.lang.Thread.run(Thread.java:748)
"pool-66-thread-57"  prio=5 tid=646 in Object.wait()
java.lang.Thread.State: WAITING (on object monitor)
        at sun.misc.Unsafe.park(Native Method)
        at java.util.concurrent.locks.LockSupport.park(LockSupport.java:175)
        at java.util.concurrent.locks.AbstractQueuedSynchronizer$ConditionObject.await(AbstractQueuedSynchronizer.java:2039)
        at java.util.concurrent.ArrayBlockingQueue.take(ArrayBlockingQueue.java:403)
        at java.util.concurrent.ThreadPoolExecutor.getTask(ThreadPoolExecutor.java:1074)
        at java.util.concurrent.ThreadPoolExecutor.runWorker(ThreadPoolExecutor.java:1134)
        at java.util.concurrent.ThreadPoolExecutor$Worker.run(ThreadPoolExecutor.java:624)
        at java.lang.Thread.run(Thread.java:748)
"Datanode State Machine Thread - 0" daemon prio=5 tid=251 timed_waiting
java.lang.Thread.State: TIMED_WAITING
        at java.lang.Thread.sleep(Native Method)
        at org.apache.hadoop.ozone.container.common.statemachine.DatanodeStateMachine.start(DatanodeStateMachine.java:191)
        at org.apache.hadoop.ozone.container.common.statemachine.DatanodeStateMachine.lambda$startDaemon$0(DatanodeStateMachine.java:349)
        at org.apache.hadoop.ozone.container.common.statemachine.DatanodeStateMachine$$Lambda$136/1673604690.run(Unknown Source)
        at java.lang.Thread.run(Thread.java:748)
"a413c2ef-7abc-47d7-b263-b9548e673ba5@group-5D9677AA7517-SegmentedRaftLogWorker"  prio=5 tid=814 timed_waiting
java.lang.Thread.State: TIMED_WAITING
        at sun.misc.Unsafe.park(Native Method)
        at java.util.concurrent.locks.LockSupport.parkNanos(LockSupport.java:215)
        at java.util.concurrent.locks.AbstractQueuedSynchronizer$ConditionObject.awaitNanos(AbstractQueuedSynchronizer.java:2078)
        at org.apache.ratis.util.DataBlockingQueue.poll(DataBlockingQueue.java:137)
        at org.apache.ratis.server.raftlog.segmented.SegmentedRaftLogWorker.run(SegmentedRaftLogWorker.java:283)
        at java.lang.Thread.run(Thread.java:748)
"pool-86-thread-33"  prio=5 tid=746 in Object.wait()
java.lang.Thread.State: WAITING (on object monitor)
        at sun.misc.Unsafe.park(Native Method)
        at java.util.concurrent.locks.LockSupport.park(LockSupport.java:175)
        at java.util.concurrent.locks.AbstractQueuedSynchronizer$ConditionObject.await(AbstractQueuedSynchronizer.java:2039)
        at java.util.concurrent.ArrayBlockingQueue.take(ArrayBlockingQueue.java:403)
        at java.util.concurrent.ThreadPoolExecutor.getTask(ThreadPoolExecutor.java:1074)
        at java.util.concurrent.ThreadPoolExecutor.runWorker(ThreadPoolExecutor.java:1134)
        at java.util.concurrent.ThreadPoolExecutor$Worker.run(ThreadPoolExecutor.java:624)
        at java.lang.Thread.run(Thread.java:748)
"pool-46-thread-44"  prio=5 tid=504 in Object.wait()
java.lang.Thread.State: WAITING (on object monitor)
        at sun.misc.Unsafe.park(Native Method)
        at java.util.concurrent.locks.LockSupport.park(LockSupport.java:175)
        at java.util.concurrent.locks.AbstractQueuedSynchronizer$ConditionObject.await(AbstractQueuedSynchronizer.java:2039)
        at java.util.concurrent.ArrayBlockingQueue.take(ArrayBlockingQueue.java:403)
        at java.util.concurrent.ThreadPoolExecutor.getTask(ThreadPoolExecutor.java:1074)
        at java.util.concurrent.ThreadPoolExecutor.runWorker(ThreadPoolExecutor.java:1134)
        at java.util.concurrent.ThreadPoolExecutor$Worker.run(ThreadPoolExecutor.java:624)
        at java.lang.Thread.run(Thread.java:748)
"pool-26-thread-28"  prio=5 tid=368 in Object.wait()
java.lang.Thread.State: WAITING (on object monitor)
        at sun.misc.Unsafe.park(Native Method)
        at java.util.concurrent.locks.LockSupport.park(LockSupport.java:175)
        at java.util.concurrent.locks.AbstractQueuedSynchronizer$ConditionObject.await(AbstractQueuedSynchronizer.java:2039)
        at java.util.concurrent.ArrayBlockingQueue.take(ArrayBlockingQueue.java:403)
        at java.util.concurrent.ThreadPoolExecutor.getTask(ThreadPoolExecutor.java:1074)
        at java.util.concurrent.ThreadPoolExecutor.runWorker(ThreadPoolExecutor.java:1134)
        at java.util.concurrent.ThreadPoolExecutor$Worker.run(ThreadPoolExecutor.java:624)
        at java.lang.Thread.run(Thread.java:748)
"pool-56-thread-10"  prio=5 tid=537 in Object.wait()
java.lang.Thread.State: WAITING (on object monitor)
        at sun.misc.Unsafe.park(Native Method)
        at java.util.concurrent.locks.LockSupport.park(LockSupport.java:175)
        at java.util.concurrent.locks.AbstractQueuedSynchronizer$ConditionObject.await(AbstractQueuedSynchronizer.java:2039)
        at java.util.concurrent.ArrayBlockingQueue.take(ArrayBlockingQueue.java:403)
        at java.util.concurrent.ThreadPoolExecutor.getTask(ThreadPoolExecutor.java:1074)
        at java.util.concurrent.ThreadPoolExecutor.runWorker(ThreadPoolExecutor.java:1134)
        at java.util.concurrent.ThreadPoolExecutor$Worker.run(ThreadPoolExecutor.java:624)
        at java.lang.Thread.run(Thread.java:748)
"pool-36-thread-35"  prio=5 tid=435 in Object.wait()
java.lang.Thread.State: WAITING (on object monitor)
        at sun.misc.Unsafe.park(Native Method)
        at java.util.concurrent.locks.LockSupport.park(LockSupport.java:175)
        at java.util.concurrent.locks.AbstractQueuedSynchronizer$ConditionObject.await(AbstractQueuedSynchronizer.java:2039)
        at java.util.concurrent.ArrayBlockingQueue.take(ArrayBlockingQueue.java:403)
        at java.util.concurrent.ThreadPoolExecutor.getTask(ThreadPoolExecutor.java:1074)
        at java.util.concurrent.ThreadPoolExecutor.runWorker(ThreadPoolExecutor.java:1134)
        at java.util.concurrent.ThreadPoolExecutor$Worker.run(ThreadPoolExecutor.java:624)
        at java.lang.Thread.run(Thread.java:748)
"IPC Server handler 1 on 40419" daemon prio=5 tid=30 timed_waiting
java.lang.Thread.State: TIMED_WAITING
        at sun.misc.Unsafe.park(Native Method)
        at java.util.concurrent.locks.LockSupport.parkNanos(LockSupport.java:215)
        at java.util.concurrent.locks.AbstractQueuedSynchronizer$ConditionObject.awaitNanos(AbstractQueuedSynchronizer.java:2078)
        at java.util.concurrent.LinkedBlockingQueue.poll(LinkedBlockingQueue.java:467)
        at org.apache.hadoop.ipc.CallQueueManager.take(CallQueueManager.java:288)
        at org.apache.hadoop.ipc.Server$Handler.run(Server.java:2668)
"pool-86-thread-49"  prio=5 tid=762 in Object.wait()
java.lang.Thread.State: WAITING (on object monitor)
        at sun.misc.Unsafe.park(Native Method)
        at java.util.concurrent.locks.LockSupport.park(LockSupport.java:175)
        at java.util.concurrent.locks.AbstractQueuedSynchronizer$ConditionObject.await(AbstractQueuedSynchronizer.java:2039)
        at java.util.concurrent.ArrayBlockingQueue.take(ArrayBlockingQueue.java:403)
        at java.util.concurrent.ThreadPoolExecutor.getTask(ThreadPoolExecutor.java:1074)
        at java.util.concurrent.ThreadPoolExecutor.runWorker(ThreadPoolExecutor.java:1134)
        at java.util.concurrent.ThreadPoolExecutor$Worker.run(ThreadPoolExecutor.java:624)
        at java.lang.Thread.run(Thread.java:748)
"pool-56-thread-52"  prio=5 tid=579 in Object.wait()
java.lang.Thread.State: WAITING (on object monitor)
        at sun.misc.Unsafe.park(Native Method)
        at java.util.concurrent.locks.LockSupport.park(LockSupport.java:175)
        at java.util.concurrent.locks.AbstractQueuedSynchronizer$ConditionObject.await(AbstractQueuedSynchronizer.java:2039)
        at java.util.concurrent.ArrayBlockingQueue.take(ArrayBlockingQueue.java:403)
        at java.util.concurrent.ThreadPoolExecutor.getTask(ThreadPoolExecutor.java:1074)
        at java.util.concurrent.ThreadPoolExecutor.runWorker(ThreadPoolExecutor.java:1134)
        at java.util.concurrent.ThreadPoolExecutor$Worker.run(ThreadPoolExecutor.java:624)
        at java.lang.Thread.run(Thread.java:748)
"BlockDeletingService#3" daemon prio=5 tid=1317 in Object.wait()
java.lang.Thread.State: WAITING (on object monitor)
        at sun.misc.Unsafe.park(Native Method)
        at java.util.concurrent.locks.LockSupport.park(LockSupport.java:175)
        at java.util.concurrent.locks.AbstractQueuedSynchronizer$ConditionObject.await(AbstractQueuedSynchronizer.java:2039)
        at java.util.concurrent.ScheduledThreadPoolExecutor$DelayedWorkQueue.take(ScheduledThreadPoolExecutor.java:1088)
        at java.util.concurrent.ScheduledThreadPoolExecutor$DelayedWorkQueue.take(ScheduledThreadPoolExecutor.java:809)
        at java.util.concurrent.ThreadPoolExecutor.getTask(ThreadPoolExecutor.java:1074)
        at java.util.concurrent.ThreadPoolExecutor.runWorker(ThreadPoolExecutor.java:1134)
        at java.util.concurrent.ThreadPoolExecutor$Worker.run(ThreadPoolExecutor.java:624)
        at java.lang.Thread.run(Thread.java:748)
"pool-36-thread-47"  prio=5 tid=447 in Object.wait()
java.lang.Thread.State: WAITING (on object monitor)
        at sun.misc.Unsafe.park(Native Method)
        at java.util.concurrent.locks.LockSupport.park(LockSupport.java:175)
        at java.util.concurrent.locks.AbstractQueuedSynchronizer$ConditionObject.await(AbstractQueuedSynchronizer.java:2039)
        at java.util.concurrent.ArrayBlockingQueue.take(ArrayBlockingQueue.java:403)
        at java.util.concurrent.ThreadPoolExecutor.getTask(ThreadPoolExecutor.java:1074)
        at java.util.concurrent.ThreadPoolExecutor.runWorker(ThreadPoolExecutor.java:1134)
        at java.util.concurrent.ThreadPoolExecutor$Worker.run(ThreadPoolExecutor.java:624)
        at java.lang.Thread.run(Thread.java:748)
"pool-86-thread-38"  prio=5 tid=751 in Object.wait()
java.lang.Thread.State: WAITING (on object monitor)
        at sun.misc.Unsafe.park(Native Method)
        at java.util.concurrent.locks.LockSupport.park(LockSupport.java:175)
        at java.util.concurrent.locks.AbstractQueuedSynchronizer$ConditionObject.await(AbstractQueuedSynchronizer.java:2039)
        at java.util.concurrent.ArrayBlockingQueue.take(ArrayBlockingQueue.java:403)
        at java.util.concurrent.ThreadPoolExecutor.getTask(ThreadPoolExecutor.java:1074)
        at java.util.concurrent.ThreadPoolExecutor.runWorker(ThreadPoolExecutor.java:1134)
        at java.util.concurrent.ThreadPoolExecutor$Worker.run(ThreadPoolExecutor.java:624)
        at java.lang.Thread.run(Thread.java:748)
"Datanode ReportManager Thread - 0" daemon prio=5 tid=225 in Object.wait()
java.lang.Thread.State: WAITING (on object monitor)
        at sun.misc.Unsafe.park(Native Method)
        at java.util.concurrent.locks.LockSupport.park(LockSupport.java:175)
        at java.util.concurrent.locks.AbstractQueuedSynchronizer$ConditionObject.await(AbstractQueuedSynchronizer.java:2039)
        at java.util.concurrent.ScheduledThreadPoolExecutor$DelayedWorkQueue.take(ScheduledThreadPoolExecutor.java:1088)
        at java.util.concurrent.ScheduledThreadPoolExecutor$DelayedWorkQueue.take(ScheduledThreadPoolExecutor.java:809)
        at java.util.concurrent.ThreadPoolExecutor.getTask(ThreadPoolExecutor.java:1074)
        at java.util.concurrent.ThreadPoolExecutor.runWorker(ThreadPoolExecutor.java:1134)
        at java.util.concurrent.ThreadPoolExecutor$Worker.run(ThreadPoolExecutor.java:624)
        at java.lang.Thread.run(Thread.java:748)
"pool-76-thread-8"  prio=5 tid=659 in Object.wait()
java.lang.Thread.State: WAITING (on object monitor)
        at sun.misc.Unsafe.park(Native Method)
        at java.util.concurrent.locks.LockSupport.park(LockSupport.java:175)
        at java.util.concurrent.locks.AbstractQueuedSynchronizer$ConditionObject.await(AbstractQueuedSynchronizer.java:2039)
        at java.util.concurrent.ArrayBlockingQueue.take(ArrayBlockingQueue.java:403)
        at java.util.concurrent.ThreadPoolExecutor.getTask(ThreadPoolExecutor.java:1074)
        at java.util.concurrent.ThreadPoolExecutor.runWorker(ThreadPoolExecutor.java:1134)
        at java.util.concurrent.ThreadPoolExecutor$Worker.run(ThreadPoolExecutor.java:624)
        at java.lang.Thread.run(Thread.java:748)
"Datanode State Machine Thread - 0" daemon prio=5 tid=179 timed_waiting
java.lang.Thread.State: TIMED_WAITING
        at sun.misc.Unsafe.park(Native Method)
        at java.util.concurrent.locks.LockSupport.parkNanos(LockSupport.java:215)
        at java.util.concurrent.SynchronousQueue$TransferStack.awaitFulfill(SynchronousQueue.java:460)
        at java.util.concurrent.SynchronousQueue$TransferStack.transfer(SynchronousQueue.java:362)
        at java.util.concurrent.SynchronousQueue.poll(SynchronousQueue.java:941)
        at java.util.concurrent.ThreadPoolExecutor.getTask(ThreadPoolExecutor.java:1073)
        at java.util.concurrent.ThreadPoolExecutor.runWorker(ThreadPoolExecutor.java:1134)
        at java.util.concurrent.ThreadPoolExecutor$Worker.run(ThreadPoolExecutor.java:624)
        at java.lang.Thread.run(Thread.java:748)
"pool-86-thread-12"  prio=5 tid=725 in Object.wait()
java.lang.Thread.State: WAITING (on object monitor)
        at sun.misc.Unsafe.park(Native Method)
        at java.util.concurrent.locks.LockSupport.park(LockSupport.java:175)
        at java.util.concurrent.locks.AbstractQueuedSynchronizer$ConditionObject.await(AbstractQueuedSynchronizer.java:2039)
        at java.util.concurrent.ArrayBlockingQueue.take(ArrayBlockingQueue.java:403)
        at java.util.concurrent.ThreadPoolExecutor.getTask(ThreadPoolExecutor.java:1074)
        at java.util.concurrent.ThreadPoolExecutor.runWorker(ThreadPoolExecutor.java:1134)
        at java.util.concurrent.ThreadPoolExecutor$Worker.run(ThreadPoolExecutor.java:624)
        at java.lang.Thread.run(Thread.java:748)
"pool-76-thread-21"  prio=5 tid=672 in Object.wait()
java.lang.Thread.State: WAITING (on object monitor)
        at sun.misc.Unsafe.park(Native Method)
        at java.util.concurrent.locks.LockSupport.park(LockSupport.java:175)
        at java.util.concurrent.locks.AbstractQueuedSynchronizer$ConditionObject.await(AbstractQueuedSynchronizer.java:2039)
        at java.util.concurrent.ArrayBlockingQueue.take(ArrayBlockingQueue.java:403)
        at java.util.concurrent.ThreadPoolExecutor.getTask(ThreadPoolExecutor.java:1074)
        at java.util.concurrent.ThreadPoolExecutor.runWorker(ThreadPoolExecutor.java:1134)
        at java.util.concurrent.ThreadPoolExecutor$Worker.run(ThreadPoolExecutor.java:624)
        at java.lang.Thread.run(Thread.java:748)
"pool-66-thread-53"  prio=5 tid=642 in Object.wait()
java.lang.Thread.State: WAITING (on object monitor)
        at sun.misc.Unsafe.park(Native Method)
        at java.util.concurrent.locks.LockSupport.park(LockSupport.java:175)
        at java.util.concurrent.locks.AbstractQueuedSynchronizer$ConditionObject.await(AbstractQueuedSynchronizer.java:2039)
        at java.util.concurrent.ArrayBlockingQueue.take(ArrayBlockingQueue.java:403)
        at java.util.concurrent.ThreadPoolExecutor.getTask(ThreadPoolExecutor.java:1074)
        at java.util.concurrent.ThreadPoolExecutor.runWorker(ThreadPoolExecutor.java:1134)
        at java.util.concurrent.ThreadPoolExecutor$Worker.run(ThreadPoolExecutor.java:624)
        at java.lang.Thread.run(Thread.java:748)
"pool-36-thread-48"  prio=5 tid=448 in Object.wait()
java.lang.Thread.State: WAITING (on object monitor)
        at sun.misc.Unsafe.park(Native Method)
        at java.util.concurrent.locks.LockSupport.park(LockSupport.java:175)
        at java.util.concurrent.locks.AbstractQueuedSynchronizer$ConditionObject.await(AbstractQueuedSynchronizer.java:2039)
        at java.util.concurrent.ArrayBlockingQueue.take(ArrayBlockingQueue.java:403)
        at java.util.concurrent.ThreadPoolExecutor.getTask(ThreadPoolExecutor.java:1074)
        at java.util.concurrent.ThreadPoolExecutor.runWorker(ThreadPoolExecutor.java:1134)
        at java.util.concurrent.ThreadPoolExecutor$Worker.run(ThreadPoolExecutor.java:624)
        at java.lang.Thread.run(Thread.java:748)
"metrics-hadoop-metrics2-reporter-28-thread-1" daemon prio=5 tid=940 timed_waiting
java.lang.Thread.State: TIMED_WAITING
        at sun.misc.Unsafe.park(Native Method)
        at java.util.concurrent.locks.LockSupport.parkNanos(LockSupport.java:215)
        at java.util.concurrent.locks.AbstractQueuedSynchronizer$ConditionObject.awaitNanos(AbstractQueuedSynchronizer.java:2078)
        at java.util.concurrent.ScheduledThreadPoolExecutor$DelayedWorkQueue.take(ScheduledThreadPoolExecutor.java:1093)
        at java.util.concurrent.ScheduledThreadPoolExecutor$DelayedWorkQueue.take(ScheduledThreadPoolExecutor.java:809)
        at java.util.concurrent.ThreadPoolExecutor.getTask(ThreadPoolExecutor.java:1074)
        at java.util.concurrent.ThreadPoolExecutor.runWorker(ThreadPoolExecutor.java:1134)
        at java.util.concurrent.ThreadPoolExecutor$Worker.run(ThreadPoolExecutor.java:624)
        at java.lang.Thread.run(Thread.java:748)
"pool-46-thread-49"  prio=5 tid=509 in Object.wait()
java.lang.Thread.State: WAITING (on object monitor)
        at sun.misc.Unsafe.park(Native Method)
        at java.util.concurrent.locks.LockSupport.park(LockSupport.java:175)
        at java.util.concurrent.locks.AbstractQueuedSynchronizer$ConditionObject.await(AbstractQueuedSynchronizer.java:2039)
        at java.util.concurrent.ArrayBlockingQueue.take(ArrayBlockingQueue.java:403)
        at java.util.concurrent.ThreadPoolExecutor.getTask(ThreadPoolExecutor.java:1074)
        at java.util.concurrent.ThreadPoolExecutor.runWorker(ThreadPoolExecutor.java:1134)
        at java.util.concurrent.ThreadPoolExecutor$Worker.run(ThreadPoolExecutor.java:624)
        at java.lang.Thread.run(Thread.java:748)
"metrics-hadoop-metrics2-reporter-1-thread-1" daemon prio=5 tid=791 timed_waiting
java.lang.Thread.State: TIMED_WAITING
        at sun.misc.Unsafe.park(Native Method)
        at java.util.concurrent.locks.LockSupport.parkNanos(LockSupport.java:215)
        at java.util.concurrent.locks.AbstractQueuedSynchronizer$ConditionObject.awaitNanos(AbstractQueuedSynchronizer.java:2078)
        at java.util.concurrent.ScheduledThreadPoolExecutor$DelayedWorkQueue.take(ScheduledThreadPoolExecutor.java:1093)
        at java.util.concurrent.ScheduledThreadPoolExecutor$DelayedWorkQueue.take(ScheduledThreadPoolExecutor.java:809)
        at java.util.concurrent.ThreadPoolExecutor.getTask(ThreadPoolExecutor.java:1074)
        at java.util.concurrent.ThreadPoolExecutor.runWorker(ThreadPoolExecutor.java:1134)
        at java.util.concurrent.ThreadPoolExecutor$Worker.run(ThreadPoolExecutor.java:624)
        at java.lang.Thread.run(Thread.java:748)
"Datanode ReportManager Thread - 3" daemon prio=5 tid=336 timed_waiting
java.lang.Thread.State: TIMED_WAITING
        at sun.misc.Unsafe.park(Native Method)
        at java.util.concurrent.locks.LockSupport.parkNanos(LockSupport.java:215)
        at java.util.concurrent.locks.AbstractQueuedSynchronizer$ConditionObject.awaitNanos(AbstractQueuedSynchronizer.java:2078)
        at java.util.concurrent.ScheduledThreadPoolExecutor$DelayedWorkQueue.take(ScheduledThreadPoolExecutor.java:1093)
        at java.util.concurrent.ScheduledThreadPoolExecutor$DelayedWorkQueue.take(ScheduledThreadPoolExecutor.java:809)
        at java.util.concurrent.ThreadPoolExecutor.getTask(ThreadPoolExecutor.java:1074)
        at java.util.concurrent.ThreadPoolExecutor.runWorker(ThreadPoolExecutor.java:1134)
        at java.util.concurrent.ThreadPoolExecutor$Worker.run(ThreadPoolExecutor.java:624)
        at java.lang.Thread.run(Thread.java:748)
"metrics-hadoop-metrics2-reporter-42-thread-1" daemon prio=5 tid=3108 timed_waiting
java.lang.Thread.State: TIMED_WAITING
        at sun.misc.Unsafe.park(Native Method)
        at java.util.concurrent.locks.LockSupport.parkNanos(LockSupport.java:215)
        at java.util.concurrent.locks.AbstractQueuedSynchronizer$ConditionObject.awaitNanos(AbstractQueuedSynchronizer.java:2078)
        at java.util.concurrent.ScheduledThreadPoolExecutor$DelayedWorkQueue.take(ScheduledThreadPoolExecutor.java:1093)
        at java.util.concurrent.ScheduledThreadPoolExecutor$DelayedWorkQueue.take(ScheduledThreadPoolExecutor.java:809)
        at java.util.concurrent.ThreadPoolExecutor.getTask(ThreadPoolExecutor.java:1074)
        at java.util.concurrent.ThreadPoolExecutor.runWorker(ThreadPoolExecutor.java:1134)
        at java.util.concurrent.ThreadPoolExecutor$Worker.run(ThreadPoolExecutor.java:624)
        at java.lang.Thread.run(Thread.java:748)
"pool-76-thread-47"  prio=5 tid=698 in Object.wait()
java.lang.Thread.State: WAITING (on object monitor)
        at sun.misc.Unsafe.park(Native Method)
        at java.util.concurrent.locks.LockSupport.park(LockSupport.java:175)
        at java.util.concurrent.locks.AbstractQueuedSynchronizer$ConditionObject.await(AbstractQueuedSynchronizer.java:2039)
        at java.util.concurrent.ArrayBlockingQueue.take(ArrayBlockingQueue.java:403)
        at java.util.concurrent.ThreadPoolExecutor.getTask(ThreadPoolExecutor.java:1074)
        at java.util.concurrent.ThreadPoolExecutor.runWorker(ThreadPoolExecutor.java:1134)
        at java.util.concurrent.ThreadPoolExecutor$Worker.run(ThreadPoolExecutor.java:624)
        at java.lang.Thread.run(Thread.java:748)
"qtp2075074394-214-acceptor-0@595f26e6-ServerConnector@a098d76{HTTP/1.1,[http/1.1]}{0.0.0.0:42662}" daemon prio=3 tid=214 runnable
java.lang.Thread.State: RUNNABLE
        at sun.nio.ch.ServerSocketChannelImpl.accept0(Native Method)
        at sun.nio.ch.ServerSocketChannelImpl.accept(ServerSocketChannelImpl.java:422)
        at sun.nio.ch.ServerSocketChannelImpl.accept(ServerSocketChannelImpl.java:250)
        at org.eclipse.jetty.server.ServerConnector.accept(ServerConnector.java:397)
        at org.eclipse.jetty.server.AbstractConnector$Acceptor.run(AbstractConnector.java:601)
        at org.eclipse.jetty.util.thread.QueuedThreadPool.runJob(QueuedThreadPool.java:671)
        at org.eclipse.jetty.util.thread.QueuedThreadPool$2.run(QueuedThreadPool.java:589)
        at java.lang.Thread.run(Thread.java:748)
"pool-66-thread-43"  prio=5 tid=632 in Object.wait()
java.lang.Thread.State: WAITING (on object monitor)
        at sun.misc.Unsafe.park(Native Method)
        at java.util.concurrent.locks.LockSupport.park(LockSupport.java:175)
        at java.util.concurrent.locks.AbstractQueuedSynchronizer$ConditionObject.await(AbstractQueuedSynchronizer.java:2039)
        at java.util.concurrent.ArrayBlockingQueue.take(ArrayBlockingQueue.java:403)
        at java.util.concurrent.ThreadPoolExecutor.getTask(ThreadPoolExecutor.java:1074)
        at java.util.concurrent.ThreadPoolExecutor.runWorker(ThreadPoolExecutor.java:1134)
        at java.util.concurrent.ThreadPoolExecutor$Worker.run(ThreadPoolExecutor.java:624)
        at java.lang.Thread.run(Thread.java:748)
"pool-37-thread-1"  prio=5 tid=798 in Object.wait()
java.lang.Thread.State: WAITING (on object monitor)
        at sun.misc.Unsafe.park(Native Method)
        at java.util.concurrent.locks.LockSupport.park(LockSupport.java:175)
        at java.util.concurrent.locks.AbstractQueuedSynchronizer$ConditionObject.await(AbstractQueuedSynchronizer.java:2039)
        at java.util.concurrent.LinkedBlockingQueue.take(LinkedBlockingQueue.java:442)
        at java.util.concurrent.ThreadPoolExecutor.getTask(ThreadPoolExecutor.java:1074)
        at java.util.concurrent.ThreadPoolExecutor.runWorker(ThreadPoolExecutor.java:1134)
        at java.util.concurrent.ThreadPoolExecutor$Worker.run(ThreadPoolExecutor.java:624)
        at java.lang.Thread.run(Thread.java:748)
"pool-86-thread-3"  prio=5 tid=716 in Object.wait()
java.lang.Thread.State: WAITING (on object monitor)
        at sun.misc.Unsafe.park(Native Method)
        at java.util.concurrent.locks.LockSupport.park(LockSupport.java:175)
        at java.util.concurrent.locks.AbstractQueuedSynchronizer$ConditionObject.await(AbstractQueuedSynchronizer.java:2039)
        at java.util.concurrent.ArrayBlockingQueue.take(ArrayBlockingQueue.java:403)
        at java.util.concurrent.ThreadPoolExecutor.getTask(ThreadPoolExecutor.java:1074)
        at java.util.concurrent.ThreadPoolExecutor.runWorker(ThreadPoolExecutor.java:1134)
        at java.util.concurrent.ThreadPoolExecutor$Worker.run(ThreadPoolExecutor.java:624)
        at java.lang.Thread.run(Thread.java:748)
"org.eclipse.jetty.server.session.HashSessionManager@74170687Timer" daemon prio=5 tid=304 timed_waiting
java.lang.Thread.State: TIMED_WAITING
        at sun.misc.Unsafe.park(Native Method)
        at java.util.concurrent.locks.LockSupport.parkNanos(LockSupport.java:215)
        at java.util.concurrent.locks.AbstractQueuedSynchronizer$ConditionObject.awaitNanos(AbstractQueuedSynchronizer.java:2078)
        at java.util.concurrent.ScheduledThreadPoolExecutor$DelayedWorkQueue.take(ScheduledThreadPoolExecutor.java:1093)
        at java.util.concurrent.ScheduledThreadPoolExecutor$DelayedWorkQueue.take(ScheduledThreadPoolExecutor.java:809)
        at java.util.concurrent.ThreadPoolExecutor.getTask(ThreadPoolExecutor.java:1074)
        at java.util.concurrent.ThreadPoolExecutor.runWorker(ThreadPoolExecutor.java:1134)
        at java.util.concurrent.ThreadPoolExecutor$Worker.run(ThreadPoolExecutor.java:624)
        at java.lang.Thread.run(Thread.java:748)
"IPC Server listener on 40610" daemon prio=5 tid=109 runnable
java.lang.Thread.State: RUNNABLE
        at sun.nio.ch.EPollArrayWrapper.epollWait(Native Method)
        at sun.nio.ch.EPollArrayWrapper.poll(EPollArrayWrapper.java:269)
        at sun.nio.ch.EPollSelectorImpl.doSelect(EPollSelectorImpl.java:93)
        at sun.nio.ch.SelectorImpl.lockAndDoSelect(SelectorImpl.java:86)
        at sun.nio.ch.SelectorImpl.select(SelectorImpl.java:97)
        at sun.nio.ch.SelectorImpl.select(SelectorImpl.java:101)
        at org.apache.hadoop.ipc.Server$Listener.run(Server.java:1159)
"pool-56-thread-6"  prio=5 tid=533 in Object.wait()
java.lang.Thread.State: WAITING (on object monitor)
        at sun.misc.Unsafe.park(Native Method)
        at java.util.concurrent.locks.LockSupport.park(LockSupport.java:175)
        at java.util.concurrent.locks.AbstractQueuedSynchronizer$ConditionObject.await(AbstractQueuedSynchronizer.java:2039)
        at java.util.concurrent.ArrayBlockingQueue.take(ArrayBlockingQueue.java:403)
        at java.util.concurrent.ThreadPoolExecutor.getTask(ThreadPoolExecutor.java:1074)
        at java.util.concurrent.ThreadPoolExecutor.runWorker(ThreadPoolExecutor.java:1134)
        at java.util.concurrent.ThreadPoolExecutor$Worker.run(ThreadPoolExecutor.java:624)
        at java.lang.Thread.run(Thread.java:748)
"pool-86-thread-29"  prio=5 tid=742 in Object.wait()
java.lang.Thread.State: WAITING (on object monitor)
        at sun.misc.Unsafe.park(Native Method)
        at java.util.concurrent.locks.LockSupport.park(LockSupport.java:175)
        at java.util.concurrent.locks.AbstractQueuedSynchronizer$ConditionObject.await(AbstractQueuedSynchronizer.java:2039)
        at java.util.concurrent.ArrayBlockingQueue.take(ArrayBlockingQueue.java:403)
        at java.util.concurrent.ThreadPoolExecutor.getTask(ThreadPoolExecutor.java:1074)
        at java.util.concurrent.ThreadPoolExecutor.runWorker(ThreadPoolExecutor.java:1134)
        at java.util.concurrent.ThreadPoolExecutor$Worker.run(ThreadPoolExecutor.java:624)
        at java.lang.Thread.run(Thread.java:748)
"pool-26-thread-55"  prio=5 tid=395 in Object.wait()
java.lang.Thread.State: WAITING (on object monitor)
        at sun.misc.Unsafe.park(Native Method)
        at java.util.concurrent.locks.LockSupport.park(LockSupport.java:175)
        at java.util.concurrent.locks.AbstractQueuedSynchronizer$ConditionObject.await(AbstractQueuedSynchronizer.java:2039)
        at java.util.concurrent.ArrayBlockingQueue.take(ArrayBlockingQueue.java:403)
        at java.util.concurrent.ThreadPoolExecutor.getTask(ThreadPoolExecutor.java:1074)
        at java.util.concurrent.ThreadPoolExecutor.runWorker(ThreadPoolExecutor.java:1134)
        at java.util.concurrent.ThreadPoolExecutor$Worker.run(ThreadPoolExecutor.java:624)
        at java.lang.Thread.run(Thread.java:748)
"pool-46-thread-9"  prio=5 tid=469 in Object.wait()
java.lang.Thread.State: WAITING (on object monitor)
        at sun.misc.Unsafe.park(Native Method)
        at java.util.concurrent.locks.LockSupport.park(LockSupport.java:175)
        at java.util.concurrent.locks.AbstractQueuedSynchronizer$ConditionObject.await(AbstractQueuedSynchronizer.java:2039)
        at java.util.concurrent.ArrayBlockingQueue.take(ArrayBlockingQueue.java:403)
        at java.util.concurrent.ThreadPoolExecutor.getTask(ThreadPoolExecutor.java:1074)
        at java.util.concurrent.ThreadPoolExecutor.runWorker(ThreadPoolExecutor.java:1134)
        at java.util.concurrent.ThreadPoolExecutor$Worker.run(ThreadPoolExecutor.java:624)
        at java.lang.Thread.run(Thread.java:748)
"BlockDeletingService#2" daemon prio=5 tid=1163 timed_waiting
java.lang.Thread.State: TIMED_WAITING
        at sun.misc.Unsafe.park(Native Method)
        at java.util.concurrent.locks.LockSupport.parkNanos(LockSupport.java:215)
        at java.util.concurrent.locks.AbstractQueuedSynchronizer$ConditionObject.awaitNanos(AbstractQueuedSynchronizer.java:2078)
        at java.util.concurrent.ScheduledThreadPoolExecutor$DelayedWorkQueue.take(ScheduledThreadPoolExecutor.java:1093)
        at java.util.concurrent.ScheduledThreadPoolExecutor$DelayedWorkQueue.take(ScheduledThreadPoolExecutor.java:809)
        at java.util.concurrent.ThreadPoolExecutor.getTask(ThreadPoolExecutor.java:1074)
        at java.util.concurrent.ThreadPoolExecutor.runWorker(ThreadPoolExecutor.java:1134)
        at java.util.concurrent.ThreadPoolExecutor$Worker.run(ThreadPoolExecutor.java:624)
        at java.lang.Thread.run(Thread.java:748)
"metrics-hadoop-metrics2-reporter-46-thread-1" daemon prio=5 tid=3824 timed_waiting
java.lang.Thread.State: TIMED_WAITING
        at sun.misc.Unsafe.park(Native Method)
        at java.util.concurrent.locks.LockSupport.parkNanos(LockSupport.java:215)
        at java.util.concurrent.locks.AbstractQueuedSynchronizer$ConditionObject.awaitNanos(AbstractQueuedSynchronizer.java:2078)
        at java.util.concurrent.ScheduledThreadPoolExecutor$DelayedWorkQueue.take(ScheduledThreadPoolExecutor.java:1093)
        at java.util.concurrent.ScheduledThreadPoolExecutor$DelayedWorkQueue.take(ScheduledThreadPoolExecutor.java:809)
        at java.util.concurrent.ThreadPoolExecutor.getTask(ThreadPoolExecutor.java:1074)
        at java.util.concurrent.ThreadPoolExecutor.runWorker(ThreadPoolExecutor.java:1134)
        at java.util.concurrent.ThreadPoolExecutor$Worker.run(ThreadPoolExecutor.java:624)
        at java.lang.Thread.run(Thread.java:748)
"pool-26-thread-7"  prio=5 tid=347 in Object.wait()
java.lang.Thread.State: WAITING (on object monitor)
        at sun.misc.Unsafe.park(Native Method)
        at java.util.concurrent.locks.LockSupport.park(LockSupport.java:175)
        at java.util.concurrent.locks.AbstractQueuedSynchronizer$ConditionObject.await(AbstractQueuedSynchronizer.java:2039)
        at java.util.concurrent.ArrayBlockingQueue.take(ArrayBlockingQueue.java:403)
        at java.util.concurrent.ThreadPoolExecutor.getTask(ThreadPoolExecutor.java:1074)
        at java.util.concurrent.ThreadPoolExecutor.runWorker(ThreadPoolExecutor.java:1134)
        at java.util.concurrent.ThreadPoolExecutor$Worker.run(ThreadPoolExecutor.java:624)
        at java.lang.Thread.run(Thread.java:748)
"IPC Server handler 3 on 40610" daemon prio=5 tid=118 timed_waiting
java.lang.Thread.State: TIMED_WAITING
        at sun.misc.Unsafe.park(Native Method)
        at java.util.concurrent.locks.LockSupport.parkNanos(LockSupport.java:215)
        at java.util.concurrent.locks.AbstractQueuedSynchronizer$ConditionObject.awaitNanos(AbstractQueuedSynchronizer.java:2078)
        at java.util.concurrent.LinkedBlockingQueue.poll(LinkedBlockingQueue.java:467)
        at org.apache.hadoop.ipc.CallQueueManager.take(CallQueueManager.java:288)
        at org.apache.hadoop.ipc.Server$Handler.run(Server.java:2668)
"BlockDeletingService#3" daemon prio=5 tid=1311 in Object.wait()
java.lang.Thread.State: WAITING (on object monitor)
        at sun.misc.Unsafe.park(Native Method)
        at java.util.concurrent.locks.LockSupport.park(LockSupport.java:175)
        at java.util.concurrent.locks.AbstractQueuedSynchronizer$ConditionObject.await(AbstractQueuedSynchronizer.java:2039)
        at java.util.concurrent.ScheduledThreadPoolExecutor$DelayedWorkQueue.take(ScheduledThreadPoolExecutor.java:1088)
        at java.util.concurrent.ScheduledThreadPoolExecutor$DelayedWorkQueue.take(ScheduledThreadPoolExecutor.java:809)
        at java.util.concurrent.ThreadPoolExecutor.getTask(ThreadPoolExecutor.java:1074)
        at java.util.concurrent.ThreadPoolExecutor.runWorker(ThreadPoolExecutor.java:1134)
        at java.util.concurrent.ThreadPoolExecutor$Worker.run(ThreadPoolExecutor.java:624)
        at java.lang.Thread.run(Thread.java:748)
"java.util.concurrent.ThreadPoolExecutor$Worker@5f980cad[State = -1, empty queue]" daemon prio=5 tid=3827 timed_waiting
java.lang.Thread.State: TIMED_WAITING
        at sun.misc.Unsafe.park(Native Method)
        at java.util.concurrent.locks.LockSupport.parkNanos(LockSupport.java:215)
        at java.util.concurrent.locks.AbstractQueuedSynchronizer$ConditionObject.awaitNanos(AbstractQueuedSynchronizer.java:2078)
        at java.util.concurrent.ScheduledThreadPoolExecutor$DelayedWorkQueue.take(ScheduledThreadPoolExecutor.java:1093)
        at java.util.concurrent.ScheduledThreadPoolExecutor$DelayedWorkQueue.take(ScheduledThreadPoolExecutor.java:809)
        at java.util.concurrent.ThreadPoolExecutor.getTask(ThreadPoolExecutor.java:1074)
        at java.util.concurrent.ThreadPoolExecutor.runWorker(ThreadPoolExecutor.java:1134)
        at java.util.concurrent.ThreadPoolExecutor$Worker.run(ThreadPoolExecutor.java:624)
        at java.lang.Thread.run(Thread.java:748)
"Periodic HDDS volume checker"  prio=5 tid=178 timed_waiting
java.lang.Thread.State: TIMED_WAITING
        at sun.misc.Unsafe.park(Native Method)
        at java.util.concurrent.locks.LockSupport.parkNanos(LockSupport.java:215)
        at java.util.concurrent.locks.AbstractQueuedSynchronizer$ConditionObject.awaitNanos(AbstractQueuedSynchronizer.java:2078)
        at java.util.concurrent.ScheduledThreadPoolExecutor$DelayedWorkQueue.take(ScheduledThreadPoolExecutor.java:1093)
        at java.util.concurrent.ScheduledThreadPoolExecutor$DelayedWorkQueue.take(ScheduledThreadPoolExecutor.java:809)
        at java.util.concurrent.ThreadPoolExecutor.getTask(ThreadPoolExecutor.java:1074)
        at java.util.concurrent.ThreadPoolExecutor.runWorker(ThreadPoolExecutor.java:1134)
        at java.util.concurrent.ThreadPoolExecutor$Worker.run(ThreadPoolExecutor.java:624)
        at java.lang.Thread.run(Thread.java:748)
"pool-46-thread-24"  prio=5 tid=484 in Object.wait()
java.lang.Thread.State: WAITING (on object monitor)
        at sun.misc.Unsafe.park(Native Method)
        at java.util.concurrent.locks.LockSupport.park(LockSupport.java:175)
        at java.util.concurrent.locks.AbstractQueuedSynchronizer$ConditionObject.await(AbstractQueuedSynchronizer.java:2039)
        at java.util.concurrent.ArrayBlockingQueue.take(ArrayBlockingQueue.java:403)
        at java.util.concurrent.ThreadPoolExecutor.getTask(ThreadPoolExecutor.java:1074)
        at java.util.concurrent.ThreadPoolExecutor.runWorker(ThreadPoolExecutor.java:1134)
        at java.util.concurrent.ThreadPoolExecutor$Worker.run(ThreadPoolExecutor.java:624)
        at java.lang.Thread.run(Thread.java:748)
"PartialTableCache Cleanup Thread - 0" daemon prio=5 tid=842 in Object.wait()
java.lang.Thread.State: WAITING (on object monitor)
        at sun.misc.Unsafe.park(Native Method)
        at java.util.concurrent.locks.LockSupport.park(LockSupport.java:175)
        at java.util.concurrent.locks.AbstractQueuedSynchronizer$ConditionObject.await(AbstractQueuedSynchronizer.java:2039)
        at java.util.concurrent.LinkedBlockingQueue.take(LinkedBlockingQueue.java:442)
        at java.util.concurrent.ThreadPoolExecutor.getTask(ThreadPoolExecutor.java:1074)
        at java.util.concurrent.ThreadPoolExecutor.runWorker(ThreadPoolExecutor.java:1134)
        at java.util.concurrent.ThreadPoolExecutor$Worker.run(ThreadPoolExecutor.java:624)
        at java.lang.Thread.run(Thread.java:748)
"pool-76-thread-33"  prio=5 tid=684 in Object.wait()
java.lang.Thread.State: WAITING (on object monitor)
        at sun.misc.Unsafe.park(Native Method)
        at java.util.concurrent.locks.LockSupport.park(LockSupport.java:175)
        at java.util.concurrent.locks.AbstractQueuedSynchronizer$ConditionObject.await(AbstractQueuedSynchronizer.java:2039)
        at java.util.concurrent.ArrayBlockingQueue.take(ArrayBlockingQueue.java:403)
        at java.util.concurrent.ThreadPoolExecutor.getTask(ThreadPoolExecutor.java:1074)
        at java.util.concurrent.ThreadPoolExecutor.runWorker(ThreadPoolExecutor.java:1134)
        at java.util.concurrent.ThreadPoolExecutor$Worker.run(ThreadPoolExecutor.java:624)
        at java.lang.Thread.run(Thread.java:748)
"org.eclipse.jetty.server.session.HashSessionManager@43045f9fTimer" daemon prio=5 tid=167 timed_waiting
java.lang.Thread.State: TIMED_WAITING
        at sun.misc.Unsafe.park(Native Method)
        at java.util.concurrent.locks.LockSupport.parkNanos(LockSupport.java:215)
        at java.util.concurrent.locks.AbstractQueuedSynchronizer$ConditionObject.awaitNanos(AbstractQueuedSynchronizer.java:2078)
        at java.util.concurrent.ScheduledThreadPoolExecutor$DelayedWorkQueue.take(ScheduledThreadPoolExecutor.java:1093)
        at java.util.concurrent.ScheduledThreadPoolExecutor$DelayedWorkQueue.take(ScheduledThreadPoolExecutor.java:809)
        at java.util.concurrent.ThreadPoolExecutor.getTask(ThreadPoolExecutor.java:1074)
        at java.util.concurrent.ThreadPoolExecutor.runWorker(ThreadPoolExecutor.java:1134)
        at java.util.concurrent.ThreadPoolExecutor$Worker.run(ThreadPoolExecutor.java:624)
        at java.lang.Thread.run(Thread.java:748)
"pool-76-thread-27"  prio=5 tid=678 in Object.wait()
java.lang.Thread.State: WAITING (on object monitor)
        at sun.misc.Unsafe.park(Native Method)
        at java.util.concurrent.locks.LockSupport.park(LockSupport.java:175)
        at java.util.concurrent.locks.AbstractQueuedSynchronizer$ConditionObject.await(AbstractQueuedSynchronizer.java:2039)
        at java.util.concurrent.ArrayBlockingQueue.take(ArrayBlockingQueue.java:403)
        at java.util.concurrent.ThreadPoolExecutor.getTask(ThreadPoolExecutor.java:1074)
        at java.util.concurrent.ThreadPoolExecutor.runWorker(ThreadPoolExecutor.java:1134)
        at java.util.concurrent.ThreadPoolExecutor$Worker.run(ThreadPoolExecutor.java:624)
        at java.lang.Thread.run(Thread.java:748)
"pool-86-thread-37"  prio=5 tid=750 in Object.wait()
java.lang.Thread.State: WAITING (on object monitor)
        at sun.misc.Unsafe.park(Native Method)
        at java.util.concurrent.locks.LockSupport.park(LockSupport.java:175)
        at java.util.concurrent.locks.AbstractQueuedSynchronizer$ConditionObject.await(AbstractQueuedSynchronizer.java:2039)
        at java.util.concurrent.ArrayBlockingQueue.take(ArrayBlockingQueue.java:403)
        at java.util.concurrent.ThreadPoolExecutor.getTask(ThreadPoolExecutor.java:1074)
        at java.util.concurrent.ThreadPoolExecutor.runWorker(ThreadPoolExecutor.java:1134)
        at java.util.concurrent.ThreadPoolExecutor$Worker.run(ThreadPoolExecutor.java:624)
        at java.lang.Thread.run(Thread.java:748)
"org.eclipse.jetty.server.session.HashSessionManager@31ddb930Timer" daemon prio=5 tid=302 timed_waiting
java.lang.Thread.State: TIMED_WAITING
        at sun.misc.Unsafe.park(Native Method)
        at java.util.concurrent.locks.LockSupport.parkNanos(LockSupport.java:215)
        at java.util.concurrent.locks.AbstractQueuedSynchronizer$ConditionObject.awaitNanos(AbstractQueuedSynchronizer.java:2078)
        at java.util.concurrent.ScheduledThreadPoolExecutor$DelayedWorkQueue.take(ScheduledThreadPoolExecutor.java:1093)
        at java.util.concurrent.ScheduledThreadPoolExecutor$DelayedWorkQueue.take(ScheduledThreadPoolExecutor.java:809)
        at java.util.concurrent.ThreadPoolExecutor.getTask(ThreadPoolExecutor.java:1074)
        at java.util.concurrent.ThreadPoolExecutor.runWorker(ThreadPoolExecutor.java:1134)
        at java.util.concurrent.ThreadPoolExecutor$Worker.run(ThreadPoolExecutor.java:624)
        at java.lang.Thread.run(Thread.java:748)
"qtp2075074394-220" daemon prio=5 tid=220 timed_waiting
java.lang.Thread.State: TIMED_WAITING
        at sun.misc.Unsafe.park(Native Method)
        at java.util.concurrent.locks.LockSupport.parkNanos(LockSupport.java:215)
        at java.util.concurrent.locks.AbstractQueuedSynchronizer$ConditionObject.awaitNanos(AbstractQueuedSynchronizer.java:2078)
        at org.eclipse.jetty.util.BlockingArrayQueue.poll(BlockingArrayQueue.java:392)
        at org.eclipse.jetty.util.thread.QueuedThreadPool.idleJobPoll(QueuedThreadPool.java:563)
        at org.eclipse.jetty.util.thread.QueuedThreadPool.access$800(QueuedThreadPool.java:48)
        at org.eclipse.jetty.util.thread.QueuedThreadPool$2.run(QueuedThreadPool.java:626)
        at java.lang.Thread.run(Thread.java:748)
"IPC Server handler 7 on 38980" daemon prio=5 tid=76 timed_waiting
java.lang.Thread.State: TIMED_WAITING
        at sun.misc.Unsafe.park(Native Method)
        at java.util.concurrent.locks.LockSupport.parkNanos(LockSupport.java:215)
        at java.util.concurrent.locks.AbstractQueuedSynchronizer$ConditionObject.awaitNanos(AbstractQueuedSynchronizer.java:2078)
        at java.util.concurrent.LinkedBlockingQueue.poll(LinkedBlockingQueue.java:467)
        at org.apache.hadoop.ipc.CallQueueManager.take(CallQueueManager.java:288)
        at org.apache.hadoop.ipc.Server$Handler.run(Server.java:2668)
"pool-56-thread-21"  prio=5 tid=548 in Object.wait()
java.lang.Thread.State: WAITING (on object monitor)
        at sun.misc.Unsafe.park(Native Method)
        at java.util.concurrent.locks.LockSupport.park(LockSupport.java:175)
        at java.util.concurrent.locks.AbstractQueuedSynchronizer$ConditionObject.await(AbstractQueuedSynchronizer.java:2039)
        at java.util.concurrent.ArrayBlockingQueue.take(ArrayBlockingQueue.java:403)
        at java.util.concurrent.ThreadPoolExecutor.getTask(ThreadPoolExecutor.java:1074)
        at java.util.concurrent.ThreadPoolExecutor.runWorker(ThreadPoolExecutor.java:1134)
        at java.util.concurrent.ThreadPoolExecutor$Worker.run(ThreadPoolExecutor.java:624)
        at java.lang.Thread.run(Thread.java:748)
"BlockDeletingService#2" daemon prio=5 tid=1167 timed_waiting
java.lang.Thread.State: TIMED_WAITING
        at sun.misc.Unsafe.park(Native Method)
        at java.util.concurrent.locks.LockSupport.parkNanos(LockSupport.java:215)
        at java.util.concurrent.locks.AbstractQueuedSynchronizer$ConditionObject.awaitNanos(AbstractQueuedSynchronizer.java:2078)
        at java.util.concurrent.ScheduledThreadPoolExecutor$DelayedWorkQueue.take(ScheduledThreadPoolExecutor.java:1093)
        at java.util.concurrent.ScheduledThreadPoolExecutor$DelayedWorkQueue.take(ScheduledThreadPoolExecutor.java:809)
        at java.util.concurrent.ThreadPoolExecutor.getTask(ThreadPoolExecutor.java:1074)
        at java.util.concurrent.ThreadPoolExecutor.runWorker(ThreadPoolExecutor.java:1134)
        at java.util.concurrent.ThreadPoolExecutor$Worker.run(ThreadPoolExecutor.java:624)
        at java.lang.Thread.run(Thread.java:748)
"pool-56-thread-4"  prio=5 tid=531 in Object.wait()
java.lang.Thread.State: WAITING (on object monitor)
        at sun.misc.Unsafe.park(Native Method)
        at java.util.concurrent.locks.LockSupport.park(LockSupport.java:175)
        at java.util.concurrent.locks.AbstractQueuedSynchronizer$ConditionObject.await(AbstractQueuedSynchronizer.java:2039)
        at java.util.concurrent.ArrayBlockingQueue.take(ArrayBlockingQueue.java:403)
        at java.util.concurrent.ThreadPoolExecutor.getTask(ThreadPoolExecutor.java:1074)
        at java.util.concurrent.ThreadPoolExecutor.runWorker(ThreadPoolExecutor.java:1134)
        at java.util.concurrent.ThreadPoolExecutor$Worker.run(ThreadPoolExecutor.java:624)
        at java.lang.Thread.run(Thread.java:748)
"pool-46-thread-39"  prio=5 tid=499 in Object.wait()
java.lang.Thread.State: WAITING (on object monitor)
        at sun.misc.Unsafe.park(Native Method)
        at java.util.concurrent.locks.LockSupport.park(LockSupport.java:175)
        at java.util.concurrent.locks.AbstractQueuedSynchronizer$ConditionObject.await(AbstractQueuedSynchronizer.java:2039)
        at java.util.concurrent.ArrayBlockingQueue.take(ArrayBlockingQueue.java:403)
        at java.util.concurrent.ThreadPoolExecutor.getTask(ThreadPoolExecutor.java:1074)
        at java.util.concurrent.ThreadPoolExecutor.runWorker(ThreadPoolExecutor.java:1134)
        at java.util.concurrent.ThreadPoolExecutor$Worker.run(ThreadPoolExecutor.java:624)
        at java.lang.Thread.run(Thread.java:748)
"IPC Server handler 1 on 38980" daemon prio=5 tid=70 timed_waiting
java.lang.Thread.State: TIMED_WAITING
        at sun.misc.Unsafe.park(Native Method)
        at java.util.concurrent.locks.LockSupport.parkNanos(LockSupport.java:215)
        at java.util.concurrent.locks.AbstractQueuedSynchronizer$ConditionObject.awaitNanos(AbstractQueuedSynchronizer.java:2078)
        at java.util.concurrent.LinkedBlockingQueue.poll(LinkedBlockingQueue.java:467)
        at org.apache.hadoop.ipc.CallQueueManager.take(CallQueueManager.java:288)
        at org.apache.hadoop.ipc.Server$Handler.run(Server.java:2668)
"Datanode ReportManager Thread - 0" daemon prio=5 tid=279 in Object.wait()
java.lang.Thread.State: WAITING (on object monitor)
        at sun.misc.Unsafe.park(Native Method)
        at java.util.concurrent.locks.LockSupport.park(LockSupport.java:175)
        at java.util.concurrent.locks.AbstractQueuedSynchronizer$ConditionObject.await(AbstractQueuedSynchronizer.java:2039)
        at java.util.concurrent.ScheduledThreadPoolExecutor$DelayedWorkQueue.take(ScheduledThreadPoolExecutor.java:1088)
        at java.util.concurrent.ScheduledThreadPoolExecutor$DelayedWorkQueue.take(ScheduledThreadPoolExecutor.java:809)
        at java.util.concurrent.ThreadPoolExecutor.getTask(ThreadPoolExecutor.java:1074)
        at java.util.concurrent.ThreadPoolExecutor.runWorker(ThreadPoolExecutor.java:1134)
        at java.util.concurrent.ThreadPoolExecutor$Worker.run(ThreadPoolExecutor.java:624)
        at java.lang.Thread.run(Thread.java:748)
"pool-76-thread-23"  prio=5 tid=674 in Object.wait()
java.lang.Thread.State: WAITING (on object monitor)
        at sun.misc.Unsafe.park(Native Method)
        at java.util.concurrent.locks.LockSupport.park(LockSupport.java:175)
        at java.util.concurrent.locks.AbstractQueuedSynchronizer$ConditionObject.await(AbstractQueuedSynchronizer.java:2039)
        at java.util.concurrent.ArrayBlockingQueue.take(ArrayBlockingQueue.java:403)
        at java.util.concurrent.ThreadPoolExecutor.getTask(ThreadPoolExecutor.java:1074)
        at java.util.concurrent.ThreadPoolExecutor.runWorker(ThreadPoolExecutor.java:1134)
        at java.util.concurrent.ThreadPoolExecutor$Worker.run(ThreadPoolExecutor.java:624)
        at java.lang.Thread.run(Thread.java:748)
"Datanode State Machine Thread - 0" daemon prio=5 tid=305 timed_waiting
java.lang.Thread.State: TIMED_WAITING
        at java.lang.Thread.sleep(Native Method)
        at org.apache.hadoop.ozone.container.common.statemachine.DatanodeStateMachine.start(DatanodeStateMachine.java:191)
        at org.apache.hadoop.ozone.container.common.statemachine.DatanodeStateMachine.lambda$startDaemon$0(DatanodeStateMachine.java:349)
        at org.apache.hadoop.ozone.container.common.statemachine.DatanodeStateMachine$$Lambda$136/1673604690.run(Unknown Source)
        at java.lang.Thread.run(Thread.java:748)
"org.eclipse.jetty.server.session.HashSessionManager@7100deaTimer" daemon prio=5 tid=221 timed_waiting
java.lang.Thread.State: TIMED_WAITING
        at sun.misc.Unsafe.park(Native Method)
        at java.util.concurrent.locks.LockSupport.parkNanos(LockSupport.java:215)
        at java.util.concurrent.locks.AbstractQueuedSynchronizer$ConditionObject.awaitNanos(AbstractQueuedSynchronizer.java:2078)
        at java.util.concurrent.ScheduledThreadPoolExecutor$DelayedWorkQueue.take(ScheduledThreadPoolExecutor.java:1093)
        at java.util.concurrent.ScheduledThreadPoolExecutor$DelayedWorkQueue.take(ScheduledThreadPoolExecutor.java:809)
        at java.util.concurrent.ThreadPoolExecutor.getTask(ThreadPoolExecutor.java:1074)
        at java.util.concurrent.ThreadPoolExecutor.runWorker(ThreadPoolExecutor.java:1134)
        at java.util.concurrent.ThreadPoolExecutor$Worker.run(ThreadPoolExecutor.java:624)
        at java.lang.Thread.run(Thread.java:748)
"pool-56-thread-3"  prio=5 tid=530 in Object.wait()
java.lang.Thread.State: WAITING (on object monitor)
        at sun.misc.Unsafe.park(Native Method)
        at java.util.concurrent.locks.LockSupport.park(LockSupport.java:175)
        at java.util.concurrent.locks.AbstractQueuedSynchronizer$ConditionObject.await(AbstractQueuedSynchronizer.java:2039)
        at java.util.concurrent.ArrayBlockingQueue.take(ArrayBlockingQueue.java:403)
        at java.util.concurrent.ThreadPoolExecutor.getTask(ThreadPoolExecutor.java:1074)
        at java.util.concurrent.ThreadPoolExecutor.runWorker(ThreadPoolExecutor.java:1134)
        at java.util.concurrent.ThreadPoolExecutor$Worker.run(ThreadPoolExecutor.java:624)
        at java.lang.Thread.run(Thread.java:748)
"pool-46-thread-47"  prio=5 tid=507 in Object.wait()
java.lang.Thread.State: WAITING (on object monitor)
        at sun.misc.Unsafe.park(Native Method)
        at java.util.concurrent.locks.LockSupport.park(LockSupport.java:175)
        at java.util.concurrent.locks.AbstractQueuedSynchronizer$ConditionObject.await(AbstractQueuedSynchronizer.java:2039)
        at java.util.concurrent.ArrayBlockingQueue.take(ArrayBlockingQueue.java:403)
        at java.util.concurrent.ThreadPoolExecutor.getTask(ThreadPoolExecutor.java:1074)
        at java.util.concurrent.ThreadPoolExecutor.runWorker(ThreadPoolExecutor.java:1134)
        at java.util.concurrent.ThreadPoolExecutor$Worker.run(ThreadPoolExecutor.java:624)
        at java.lang.Thread.run(Thread.java:748)
"metrics-hadoop-metrics2-reporter-38-thread-1" daemon prio=5 tid=2250 timed_waiting
java.lang.Thread.State: TIMED_WAITING
        at sun.misc.Unsafe.park(Native Method)
        at java.util.concurrent.locks.LockSupport.parkNanos(LockSupport.java:215)
        at java.util.concurrent.locks.AbstractQueuedSynchronizer$ConditionObject.awaitNanos(AbstractQueuedSynchronizer.java:2078)
        at java.util.concurrent.ScheduledThreadPoolExecutor$DelayedWorkQueue.take(ScheduledThreadPoolExecutor.java:1093)
        at java.util.concurrent.ScheduledThreadPoolExecutor$DelayedWorkQueue.take(ScheduledThreadPoolExecutor.java:809)
        at java.util.concurrent.ThreadPoolExecutor.getTask(ThreadPoolExecutor.java:1074)
        at java.util.concurrent.ThreadPoolExecutor.runWorker(ThreadPoolExecutor.java:1134)
        at java.util.concurrent.ThreadPoolExecutor$Worker.run(ThreadPoolExecutor.java:624)
        at java.lang.Thread.run(Thread.java:748)
"jaeger.RemoteReporter-FlushTimer" daemon prio=5 tid=148 timed_waiting
java.lang.Thread.State: TIMED_WAITING
        at java.lang.Object.wait(Native Method)
        at java.util.TimerThread.mainLoop(Timer.java:552)
        at java.util.TimerThread.run(Timer.java:505)
"Datanode ReportManager Thread - 0" daemon prio=5 tid=198 in Object.wait()
java.lang.Thread.State: WAITING (on object monitor)
        at sun.misc.Unsafe.park(Native Method)
        at java.util.concurrent.locks.LockSupport.park(LockSupport.java:175)
        at java.util.concurrent.locks.AbstractQueuedSynchronizer$ConditionObject.await(AbstractQueuedSynchronizer.java:2039)
        at java.util.concurrent.ScheduledThreadPoolExecutor$DelayedWorkQueue.take(ScheduledThreadPoolExecutor.java:1088)
        at java.util.concurrent.ScheduledThreadPoolExecutor$DelayedWorkQueue.take(ScheduledThreadPoolExecutor.java:809)
        at java.util.concurrent.ThreadPoolExecutor.getTask(ThreadPoolExecutor.java:1074)
        at java.util.concurrent.ThreadPoolExecutor.runWorker(ThreadPoolExecutor.java:1134)
        at java.util.concurrent.ThreadPoolExecutor$Worker.run(ThreadPoolExecutor.java:624)
        at java.lang.Thread.run(Thread.java:748)
"pool-26-thread-16"  prio=5 tid=356 in Object.wait()
java.lang.Thread.State: WAITING (on object monitor)
        at sun.misc.Unsafe.park(Native Method)
        at java.util.concurrent.locks.LockSupport.park(LockSupport.java:175)
        at java.util.concurrent.locks.AbstractQueuedSynchronizer$ConditionObject.await(AbstractQueuedSynchronizer.java:2039)
        at java.util.concurrent.ArrayBlockingQueue.take(ArrayBlockingQueue.java:403)
        at java.util.concurrent.ThreadPoolExecutor.getTask(ThreadPoolExecutor.java:1074)
        at java.util.concurrent.ThreadPoolExecutor.runWorker(ThreadPoolExecutor.java:1134)
        at java.util.concurrent.ThreadPoolExecutor$Worker.run(ThreadPoolExecutor.java:624)
        at java.lang.Thread.run(Thread.java:748)
"pool-26-thread-2"  prio=5 tid=342 in Object.wait()
java.lang.Thread.State: WAITING (on object monitor)
        at sun.misc.Unsafe.park(Native Method)
        at java.util.concurrent.locks.LockSupport.park(LockSupport.java:175)
        at java.util.concurrent.locks.AbstractQueuedSynchronizer$ConditionObject.await(AbstractQueuedSynchronizer.java:2039)
        at java.util.concurrent.ArrayBlockingQueue.take(ArrayBlockingQueue.java:403)
        at java.util.concurrent.ThreadPoolExecutor.getTask(ThreadPoolExecutor.java:1074)
        at java.util.concurrent.ThreadPoolExecutor.runWorker(ThreadPoolExecutor.java:1134)
        at java.util.concurrent.ThreadPoolExecutor$Worker.run(ThreadPoolExecutor.java:624)
        at java.lang.Thread.run(Thread.java:748)
"BlockDeletingService#6" daemon prio=5 tid=2046 in Object.wait()
java.lang.Thread.State: WAITING (on object monitor)
        at sun.misc.Unsafe.park(Native Method)
        at java.util.concurrent.locks.LockSupport.park(LockSupport.java:175)
        at java.util.concurrent.locks.AbstractQueuedSynchronizer$ConditionObject.await(AbstractQueuedSynchronizer.java:2039)
        at java.util.concurrent.ScheduledThreadPoolExecutor$DelayedWorkQueue.take(ScheduledThreadPoolExecutor.java:1088)
        at java.util.concurrent.ScheduledThreadPoolExecutor$DelayedWorkQueue.take(ScheduledThreadPoolExecutor.java:809)
        at java.util.concurrent.ThreadPoolExecutor.getTask(ThreadPoolExecutor.java:1074)
        at java.util.concurrent.ThreadPoolExecutor.runWorker(ThreadPoolExecutor.java:1134)
        at java.util.concurrent.ThreadPoolExecutor$Worker.run(ThreadPoolExecutor.java:624)
        at java.lang.Thread.run(Thread.java:748)
"pool-56-thread-44"  prio=5 tid=571 in Object.wait()
java.lang.Thread.State: WAITING (on object monitor)
        at sun.misc.Unsafe.park(Native Method)
        at java.util.concurrent.locks.LockSupport.park(LockSupport.java:175)
        at java.util.concurrent.locks.AbstractQueuedSynchronizer$ConditionObject.await(AbstractQueuedSynchronizer.java:2039)
        at java.util.concurrent.ArrayBlockingQueue.take(ArrayBlockingQueue.java:403)
        at java.util.concurrent.ThreadPoolExecutor.getTask(ThreadPoolExecutor.java:1074)
        at java.util.concurrent.ThreadPoolExecutor.runWorker(ThreadPoolExecutor.java:1134)
        at java.util.concurrent.ThreadPoolExecutor$Worker.run(ThreadPoolExecutor.java:624)
        at java.lang.Thread.run(Thread.java:748)
"qtp292890110-192" daemon prio=5 tid=192 timed_waiting
java.lang.Thread.State: TIMED_WAITING
        at sun.misc.Unsafe.park(Native Method)
        at java.util.concurrent.locks.LockSupport.parkNanos(LockSupport.java:215)
        at java.util.concurrent.locks.AbstractQueuedSynchronizer$ConditionObject.awaitNanos(AbstractQueuedSynchronizer.java:2078)
        at org.eclipse.jetty.util.BlockingArrayQueue.poll(BlockingArrayQueue.java:392)
        at org.eclipse.jetty.util.thread.QueuedThreadPool.idleJobPoll(QueuedThreadPool.java:563)
        at org.eclipse.jetty.util.thread.QueuedThreadPool.access$800(QueuedThreadPool.java:48)
        at org.eclipse.jetty.util.thread.QueuedThreadPool$2.run(QueuedThreadPool.java:626)
        at java.lang.Thread.run(Thread.java:748)
"Timer-1" daemon prio=5 tid=149 timed_waiting
java.lang.Thread.State: TIMED_WAITING
        at java.lang.Object.wait(Native Method)
        at java.util.TimerThread.mainLoop(Timer.java:552)
        at java.util.TimerThread.run(Timer.java:505)
"qtp1179244298-160-acceptor-0@47951ab-ServerConnector@75ae4a1f{HTTP/1.1,[http/1.1]}{0.0.0.0:45058}" daemon prio=3 tid=160 runnable
java.lang.Thread.State: RUNNABLE
        at sun.nio.ch.ServerSocketChannelImpl.accept0(Native Method)
        at sun.nio.ch.ServerSocketChannelImpl.accept(ServerSocketChannelImpl.java:422)
        at sun.nio.ch.ServerSocketChannelImpl.accept(ServerSocketChannelImpl.java:250)
        at org.eclipse.jetty.server.ServerConnector.accept(ServerConnector.java:397)
        at org.eclipse.jetty.server.AbstractConnector$Acceptor.run(AbstractConnector.java:601)
        at org.eclipse.jetty.util.thread.QueuedThreadPool.runJob(QueuedThreadPool.java:671)
        at org.eclipse.jetty.util.thread.QueuedThreadPool$2.run(QueuedThreadPool.java:589)
        at java.lang.Thread.run(Thread.java:748)
"RatisApplyTransactionExecutor 6" daemon prio=5 tid=3851 in Object.wait()
java.lang.Thread.State: WAITING (on object monitor)
        at sun.misc.Unsafe.park(Native Method)
        at java.util.concurrent.locks.LockSupport.park(LockSupport.java:175)
        at java.util.concurrent.locks.AbstractQueuedSynchronizer$ConditionObject.await(AbstractQueuedSynchronizer.java:2039)
        at java.util.concurrent.LinkedBlockingQueue.take(LinkedBlockingQueue.java:442)
        at java.util.concurrent.ThreadPoolExecutor.getTask(ThreadPoolExecutor.java:1074)
        at java.util.concurrent.ThreadPoolExecutor.runWorker(ThreadPoolExecutor.java:1134)
        at java.util.concurrent.ThreadPoolExecutor$Worker.run(ThreadPoolExecutor.java:624)
        at java.lang.Thread.run(Thread.java:748)
"qtp2111457497-89" daemon prio=5 tid=89 runnable
java.lang.Thread.State: RUNNABLE
        at sun.nio.ch.EPollArrayWrapper.epollWait(Native Method)
        at sun.nio.ch.EPollArrayWrapper.poll(EPollArrayWrapper.java:269)
        at sun.nio.ch.EPollSelectorImpl.doSelect(EPollSelectorImpl.java:93)
        at sun.nio.ch.SelectorImpl.lockAndDoSelect(SelectorImpl.java:86)
        at sun.nio.ch.SelectorImpl.select(SelectorImpl.java:97)
        at sun.nio.ch.SelectorImpl.select(SelectorImpl.java:101)
        at org.eclipse.jetty.io.ManagedSelector$SelectorProducer.select(ManagedSelector.java:243)
        at org.eclipse.jetty.io.ManagedSelector$SelectorProducer.produce(ManagedSelector.java:191)
        at org.eclipse.jetty.util.thread.strategy.ExecuteProduceConsume.executeProduceConsume(ExecuteProduceConsume.java:249)
        at org.eclipse.jetty.util.thread.strategy.ExecuteProduceConsume.produceConsume(ExecuteProduceConsume.java:148)
        at org.eclipse.jetty.util.thread.strategy.ExecuteProduceConsume.execute(ExecuteProduceConsume.java:100)
        at org.eclipse.jetty.io.ManagedSelector.run(ManagedSelector.java:147)
        at org.eclipse.jetty.util.thread.QueuedThreadPool.runJob(QueuedThreadPool.java:671)
        at org.eclipse.jetty.util.thread.QueuedThreadPool$2.run(QueuedThreadPool.java:589)
        at java.lang.Thread.run(Thread.java:748)
"pool-86-thread-27"  prio=5 tid=740 in Object.wait()
java.lang.Thread.State: WAITING (on object monitor)
        at sun.misc.Unsafe.park(Native Method)
        at java.util.concurrent.locks.LockSupport.park(LockSupport.java:175)
        at java.util.concurrent.locks.AbstractQueuedSynchronizer$ConditionObject.await(AbstractQueuedSynchronizer.java:2039)
        at java.util.concurrent.ArrayBlockingQueue.take(ArrayBlockingQueue.java:403)
        at java.util.concurrent.ThreadPoolExecutor.getTask(ThreadPoolExecutor.java:1074)
        at java.util.concurrent.ThreadPoolExecutor.runWorker(ThreadPoolExecutor.java:1134)
        at java.util.concurrent.ThreadPoolExecutor$Worker.run(ThreadPoolExecutor.java:624)
        at java.lang.Thread.run(Thread.java:748)
"Timer for 'StorageContainerManager' metrics system" daemon prio=5 tid=27 timed_waiting
java.lang.Thread.State: TIMED_WAITING
        at java.lang.Object.wait(Native Method)
        at java.util.TimerThread.mainLoop(Timer.java:552)
        at java.util.TimerThread.run(Timer.java:505)
"metrics-hadoop-metrics2-reporter-3-thread-1" daemon prio=5 tid=799 timed_waiting
java.lang.Thread.State: TIMED_WAITING
        at sun.misc.Unsafe.park(Native Method)
        at java.util.concurrent.locks.LockSupport.parkNanos(LockSupport.java:215)
        at java.util.concurrent.locks.AbstractQueuedSynchronizer$ConditionObject.awaitNanos(AbstractQueuedSynchronizer.java:2078)
        at java.util.concurrent.ScheduledThreadPoolExecutor$DelayedWorkQueue.take(ScheduledThreadPoolExecutor.java:1093)
        at java.util.concurrent.ScheduledThreadPoolExecutor$DelayedWorkQueue.take(ScheduledThreadPoolExecutor.java:809)
        at java.util.concurrent.ThreadPoolExecutor.getTask(ThreadPoolExecutor.java:1074)
        at java.util.concurrent.ThreadPoolExecutor.runWorker(ThreadPoolExecutor.java:1134)
        at java.util.concurrent.ThreadPoolExecutor$Worker.run(ThreadPoolExecutor.java:624)
        at java.lang.Thread.run(Thread.java:748)
"EventQueue-SafemodestatusForSafeModeHandler" daemon prio=5 tid=782 in Object.wait()
java.lang.Thread.State: WAITING (on object monitor)
        at sun.misc.Unsafe.park(Native Method)
        at java.util.concurrent.locks.LockSupport.park(LockSupport.java:175)
        at java.util.concurrent.locks.AbstractQueuedSynchronizer$ConditionObject.await(AbstractQueuedSynchronizer.java:2039)
        at java.util.concurrent.LinkedBlockingQueue.take(LinkedBlockingQueue.java:442)
        at java.util.concurrent.ThreadPoolExecutor.getTask(ThreadPoolExecutor.java:1074)
        at java.util.concurrent.ThreadPoolExecutor.runWorker(ThreadPoolExecutor.java:1134)
        at java.util.concurrent.ThreadPoolExecutor$Worker.run(ThreadPoolExecutor.java:624)
        at java.lang.Thread.run(Thread.java:748)
"qtp1092382020-267" daemon prio=5 tid=267 runnable
java.lang.Thread.State: RUNNABLE
        at sun.nio.ch.EPollArrayWrapper.epollWait(Native Method)
        at sun.nio.ch.EPollArrayWrapper.poll(EPollArrayWrapper.java:269)
        at sun.nio.ch.EPollSelectorImpl.doSelect(EPollSelectorImpl.java:93)
        at sun.nio.ch.SelectorImpl.lockAndDoSelect(SelectorImpl.java:86)
        at sun.nio.ch.SelectorImpl.select(SelectorImpl.java:97)
        at sun.nio.ch.SelectorImpl.select(SelectorImpl.java:101)
        at org.eclipse.jetty.io.ManagedSelector$SelectorProducer.select(ManagedSelector.java:243)
        at org.eclipse.jetty.io.ManagedSelector$SelectorProducer.produce(ManagedSelector.java:191)
        at org.eclipse.jetty.util.thread.strategy.ExecuteProduceConsume.executeProduceConsume(ExecuteProduceConsume.java:249)
        at org.eclipse.jetty.util.thread.strategy.ExecuteProduceConsume.produceConsume(ExecuteProduceConsume.java:148)
        at org.eclipse.jetty.util.thread.strategy.ExecuteProduceConsume.execute(ExecuteProduceConsume.java:100)
        at org.eclipse.jetty.io.ManagedSelector.run(ManagedSelector.java:147)
        at org.eclipse.jetty.util.thread.QueuedThreadPool.runJob(QueuedThreadPool.java:671)
        at org.eclipse.jetty.util.thread.QueuedThreadPool$2.run(QueuedThreadPool.java:589)
        at java.lang.Thread.run(Thread.java:748)
"pool-66-thread-27"  prio=5 tid=616 in Object.wait()
java.lang.Thread.State: WAITING (on object monitor)
        at sun.misc.Unsafe.park(Native Method)
        at java.util.concurrent.locks.LockSupport.park(LockSupport.java:175)
        at java.util.concurrent.locks.AbstractQueuedSynchronizer$ConditionObject.await(AbstractQueuedSynchronizer.java:2039)
        at java.util.concurrent.ArrayBlockingQueue.take(ArrayBlockingQueue.java:403)
        at java.util.concurrent.ThreadPoolExecutor.getTask(ThreadPoolExecutor.java:1074)
        at java.util.concurrent.ThreadPoolExecutor.runWorker(ThreadPoolExecutor.java:1134)
        at java.util.concurrent.ThreadPoolExecutor$Worker.run(ThreadPoolExecutor.java:624)
        at java.lang.Thread.run(Thread.java:748)
"IPC Server listener on 40419" daemon prio=5 tid=22 runnable
java.lang.Thread.State: RUNNABLE
        at sun.nio.ch.EPollArrayWrapper.epollWait(Native Method)
        at sun.nio.ch.EPollArrayWrapper.poll(EPollArrayWrapper.java:269)
        at sun.nio.ch.EPollSelectorImpl.doSelect(EPollSelectorImpl.java:93)
        at sun.nio.ch.SelectorImpl.lockAndDoSelect(SelectorImpl.java:86)
        at sun.nio.ch.SelectorImpl.select(SelectorImpl.java:97)
        at sun.nio.ch.SelectorImpl.select(SelectorImpl.java:101)
        at org.apache.hadoop.ipc.Server$Listener.run(Server.java:1159)
"f3263f9a-ef6c-4ff4-a6b2-5a62e946b753@group-5B52E8B6CC20-SegmentedRaftLogWorker"  prio=5 tid=3737 timed_waiting
java.lang.Thread.State: TIMED_WAITING
        at sun.misc.Unsafe.park(Native Method)
        at java.util.concurrent.locks.LockSupport.parkNanos(LockSupport.java:215)
        at java.util.concurrent.locks.AbstractQueuedSynchronizer$ConditionObject.awaitNanos(AbstractQueuedSynchronizer.java:2078)
        at org.apache.ratis.util.DataBlockingQueue.poll(DataBlockingQueue.java:137)
        at org.apache.ratis.server.raftlog.segmented.SegmentedRaftLogWorker.run(SegmentedRaftLogWorker.java:283)
        at java.lang.Thread.run(Thread.java:748)
"qtp2111457497-96" daemon prio=5 tid=96 timed_waiting
java.lang.Thread.State: TIMED_WAITING
        at sun.misc.Unsafe.park(Native Method)
        at java.util.concurrent.locks.LockSupport.parkNanos(LockSupport.java:215)
        at java.util.concurrent.locks.AbstractQueuedSynchronizer$ConditionObject.awaitNanos(AbstractQueuedSynchronizer.java:2078)
        at org.eclipse.jetty.util.BlockingArrayQueue.poll(BlockingArrayQueue.java:392)
        at org.eclipse.jetty.util.thread.QueuedThreadPool.idleJobPoll(QueuedThreadPool.java:563)
        at org.eclipse.jetty.util.thread.QueuedThreadPool.access$800(QueuedThreadPool.java:48)
        at org.eclipse.jetty.util.thread.QueuedThreadPool$2.run(QueuedThreadPool.java:626)
        at java.lang.Thread.run(Thread.java:748)
"BlockDeletingService#8" daemon prio=5 tid=2509 in Object.wait()
java.lang.Thread.State: WAITING (on object monitor)
        at sun.misc.Unsafe.park(Native Method)
        at java.util.concurrent.locks.LockSupport.park(LockSupport.java:175)
        at java.util.concurrent.locks.AbstractQueuedSynchronizer$ConditionObject.await(AbstractQueuedSynchronizer.java:2039)
        at java.util.concurrent.ScheduledThreadPoolExecutor$DelayedWorkQueue.take(ScheduledThreadPoolExecutor.java:1088)
        at java.util.concurrent.ScheduledThreadPoolExecutor$DelayedWorkQueue.take(ScheduledThreadPoolExecutor.java:809)
        at java.util.concurrent.ThreadPoolExecutor.getTask(ThreadPoolExecutor.java:1074)
        at java.util.concurrent.ThreadPoolExecutor.runWorker(ThreadPoolExecutor.java:1134)
        at java.util.concurrent.ThreadPoolExecutor$Worker.run(ThreadPoolExecutor.java:624)
        at java.lang.Thread.run(Thread.java:748)
"BlockDeletingService#4" daemon prio=5 tid=1465 in Object.wait()
java.lang.Thread.State: WAITING (on object monitor)
        at sun.misc.Unsafe.park(Native Method)
        at java.util.concurrent.locks.LockSupport.park(LockSupport.java:175)
        at java.util.concurrent.locks.AbstractQueuedSynchronizer$ConditionObject.await(AbstractQueuedSynchronizer.java:2039)
        at java.util.concurrent.ScheduledThreadPoolExecutor$DelayedWorkQueue.take(ScheduledThreadPoolExecutor.java:1088)
        at java.util.concurrent.ScheduledThreadPoolExecutor$DelayedWorkQueue.take(ScheduledThreadPoolExecutor.java:809)
        at java.util.concurrent.ThreadPoolExecutor.getTask(ThreadPoolExecutor.java:1074)
        at java.util.concurrent.ThreadPoolExecutor.runWorker(ThreadPoolExecutor.java:1134)
        at java.util.concurrent.ThreadPoolExecutor$Worker.run(ThreadPoolExecutor.java:624)
        at java.lang.Thread.run(Thread.java:748)
"pool-76-thread-30"  prio=5 tid=681 in Object.wait()
java.lang.Thread.State: WAITING (on object monitor)
        at sun.misc.Unsafe.park(Native Method)
        at java.util.concurrent.locks.LockSupport.park(LockSupport.java:175)
        at java.util.concurrent.locks.AbstractQueuedSynchronizer$ConditionObject.await(AbstractQueuedSynchronizer.java:2039)
        at java.util.concurrent.ArrayBlockingQueue.take(ArrayBlockingQueue.java:403)
        at java.util.concurrent.ThreadPoolExecutor.getTask(ThreadPoolExecutor.java:1074)
        at java.util.concurrent.ThreadPoolExecutor.runWorker(ThreadPoolExecutor.java:1134)
        at java.util.concurrent.ThreadPoolExecutor$Worker.run(ThreadPoolExecutor.java:624)
        at java.lang.Thread.run(Thread.java:748)
"BlockDeletingService#7" daemon prio=5 tid=2189 in Object.wait()
java.lang.Thread.State: WAITING (on object monitor)
        at sun.misc.Unsafe.park(Native Method)
        at java.util.concurrent.locks.LockSupport.park(LockSupport.java:175)
        at java.util.concurrent.locks.AbstractQueuedSynchronizer$ConditionObject.await(AbstractQueuedSynchronizer.java:2039)
        at java.util.concurrent.ScheduledThreadPoolExecutor$DelayedWorkQueue.take(ScheduledThreadPoolExecutor.java:1088)
        at java.util.concurrent.ScheduledThreadPoolExecutor$DelayedWorkQueue.take(ScheduledThreadPoolExecutor.java:809)
        at java.util.concurrent.ThreadPoolExecutor.getTask(ThreadPoolExecutor.java:1074)
        at java.util.concurrent.ThreadPoolExecutor.runWorker(ThreadPoolExecutor.java:1134)
        at java.util.concurrent.ThreadPoolExecutor$Worker.run(ThreadPoolExecutor.java:624)
        at java.lang.Thread.run(Thread.java:748)
"pool-66-thread-13"  prio=5 tid=602 in Object.wait()
java.lang.Thread.State: WAITING (on object monitor)
        at sun.misc.Unsafe.park(Native Method)
        at java.util.concurrent.locks.LockSupport.park(LockSupport.java:175)
        at java.util.concurrent.locks.AbstractQueuedSynchronizer$ConditionObject.await(AbstractQueuedSynchronizer.java:2039)
        at java.util.concurrent.ArrayBlockingQueue.take(ArrayBlockingQueue.java:403)
        at java.util.concurrent.ThreadPoolExecutor.getTask(ThreadPoolExecutor.java:1074)
        at java.util.concurrent.ThreadPoolExecutor.runWorker(ThreadPoolExecutor.java:1134)
        at java.util.concurrent.ThreadPoolExecutor$Worker.run(ThreadPoolExecutor.java:624)
        at java.lang.Thread.run(Thread.java:748)
"pool-26-thread-4"  prio=5 tid=344 in Object.wait()
java.lang.Thread.State: WAITING (on object monitor)
        at sun.misc.Unsafe.park(Native Method)
        at java.util.concurrent.locks.LockSupport.park(LockSupport.java:175)
        at java.util.concurrent.locks.AbstractQueuedSynchronizer$ConditionObject.await(AbstractQueuedSynchronizer.java:2039)
        at java.util.concurrent.ArrayBlockingQueue.take(ArrayBlockingQueue.java:403)
        at java.util.concurrent.ThreadPoolExecutor.getTask(ThreadPoolExecutor.java:1074)
        at java.util.concurrent.ThreadPoolExecutor.runWorker(ThreadPoolExecutor.java:1134)
        at java.util.concurrent.ThreadPoolExecutor$Worker.run(ThreadPoolExecutor.java:624)
        at java.lang.Thread.run(Thread.java:748)
"a413c2ef-7abc-47d7-b263-b9548e673ba5@group-5B52E8B6CC20-StateMachineUpdater" daemon prio=5 tid=3741 in Object.wait()
java.lang.Thread.State: WAITING (on object monitor)
        at java.lang.Object.wait(Native Method)
        at java.lang.Object.wait(Object.java:502)
        at org.apache.ratis.server.impl.StateMachineUpdater.waitForCommit(StateMachineUpdater.java:183)
        at org.apache.ratis.server.impl.StateMachineUpdater.run(StateMachineUpdater.java:148)
        at java.lang.Thread.run(Thread.java:748)
"metrics-hadoop-metrics2-reporter-2-thread-1" daemon prio=5 tid=794 timed_waiting
java.lang.Thread.State: TIMED_WAITING
        at sun.misc.Unsafe.park(Native Method)
        at java.util.concurrent.locks.LockSupport.parkNanos(LockSupport.java:215)
        at java.util.concurrent.locks.AbstractQueuedSynchronizer$ConditionObject.awaitNanos(AbstractQueuedSynchronizer.java:2078)
        at java.util.concurrent.ScheduledThreadPoolExecutor$DelayedWorkQueue.take(ScheduledThreadPoolExecutor.java:1093)
        at java.util.concurrent.ScheduledThreadPoolExecutor$DelayedWorkQueue.take(ScheduledThreadPoolExecutor.java:809)
        at java.util.concurrent.ThreadPoolExecutor.getTask(ThreadPoolExecutor.java:1074)
        at java.util.concurrent.ThreadPoolExecutor.runWorker(ThreadPoolExecutor.java:1134)
        at java.util.concurrent.ThreadPoolExecutor$Worker.run(ThreadPoolExecutor.java:624)
        at java.lang.Thread.run(Thread.java:748)
"qtp2075074394-217" daemon prio=5 tid=217 timed_waiting
java.lang.Thread.State: TIMED_WAITING
        at sun.misc.Unsafe.park(Native Method)
        at java.util.concurrent.locks.LockSupport.parkNanos(LockSupport.java:215)
        at java.util.concurrent.locks.AbstractQueuedSynchronizer$ConditionObject.awaitNanos(AbstractQueuedSynchronizer.java:2078)
        at org.eclipse.jetty.util.BlockingArrayQueue.poll(BlockingArrayQueue.java:392)
        at org.eclipse.jetty.util.thread.QueuedThreadPool.idleJobPoll(QueuedThreadPool.java:563)
        at org.eclipse.jetty.util.thread.QueuedThreadPool.access$800(QueuedThreadPool.java:48)
        at org.eclipse.jetty.util.thread.QueuedThreadPool$2.run(QueuedThreadPool.java:626)
        at java.lang.Thread.run(Thread.java:748)
"org.eclipse.jetty.server.session.HashSessionManager@782a4fffTimer" daemon prio=5 tid=98 timed_waiting
java.lang.Thread.State: TIMED_WAITING
        at sun.misc.Unsafe.park(Native Method)
        at java.util.concurrent.locks.LockSupport.parkNanos(LockSupport.java:215)
        at java.util.concurrent.locks.AbstractQueuedSynchronizer$ConditionObject.awaitNanos(AbstractQueuedSynchronizer.java:2078)
        at java.util.concurrent.ScheduledThreadPoolExecutor$DelayedWorkQueue.take(ScheduledThreadPoolExecutor.java:1093)
        at java.util.concurrent.ScheduledThreadPoolExecutor$DelayedWorkQueue.take(ScheduledThreadPoolExecutor.java:809)
        at java.util.concurrent.ThreadPoolExecutor.getTask(ThreadPoolExecutor.java:1074)
        at java.util.concurrent.ThreadPoolExecutor.runWorker(ThreadPoolExecutor.java:1134)
        at java.util.concurrent.ThreadPoolExecutor$Worker.run(ThreadPoolExecutor.java:624)
        at java.lang.Thread.run(Thread.java:748)
"EventQueue-PipelineActionsForPipelineActionHandler" daemon prio=5 tid=1368 in Object.wait()
java.lang.Thread.State: WAITING (on object monitor)
        at sun.misc.Unsafe.park(Native Method)
        at java.util.concurrent.locks.LockSupport.park(LockSupport.java:175)
        at java.util.concurrent.locks.AbstractQueuedSynchronizer$ConditionObject.await(AbstractQueuedSynchronizer.java:2039)
        at java.util.concurrent.LinkedBlockingQueue.take(LinkedBlockingQueue.java:442)
        at java.util.concurrent.ThreadPoolExecutor.getTask(ThreadPoolExecutor.java:1074)
        at java.util.concurrent.ThreadPoolExecutor.runWorker(ThreadPoolExecutor.java:1134)
        at java.util.concurrent.ThreadPoolExecutor$Worker.run(ThreadPoolExecutor.java:624)
        at java.lang.Thread.run(Thread.java:748)
"EventQueue-NodeRegistrationContainerReportForContainerSafeModeRule" daemon prio=5 tid=780 in Object.wait()
java.lang.Thread.State: WAITING (on object monitor)
        at sun.misc.Unsafe.park(Native Method)
        at java.util.concurrent.locks.LockSupport.park(LockSupport.java:175)
        at java.util.concurrent.locks.AbstractQueuedSynchronizer$ConditionObject.await(AbstractQueuedSynchronizer.java:2039)
        at java.util.concurrent.LinkedBlockingQueue.take(LinkedBlockingQueue.java:442)
        at java.util.concurrent.ThreadPoolExecutor.getTask(ThreadPoolExecutor.java:1074)
        at java.util.concurrent.ThreadPoolExecutor.runWorker(ThreadPoolExecutor.java:1134)
        at java.util.concurrent.ThreadPoolExecutor$Worker.run(ThreadPoolExecutor.java:624)
        at java.lang.Thread.run(Thread.java:748)
"org.eclipse.jetty.server.session.HashSessionManager@762637beTimer" daemon prio=5 tid=249 timed_waiting
java.lang.Thread.State: TIMED_WAITING
        at sun.misc.Unsafe.park(Native Method)
        at java.util.concurrent.locks.LockSupport.parkNanos(LockSupport.java:215)
        at java.util.concurrent.locks.AbstractQueuedSynchronizer$ConditionObject.awaitNanos(AbstractQueuedSynchronizer.java:2078)
        at java.util.concurrent.ScheduledThreadPoolExecutor$DelayedWorkQueue.take(ScheduledThreadPoolExecutor.java:1093)
        at java.util.concurrent.ScheduledThreadPoolExecutor$DelayedWorkQueue.take(ScheduledThreadPoolExecutor.java:809)
        at java.util.concurrent.ThreadPoolExecutor.getTask(ThreadPoolExecutor.java:1074)
        at java.util.concurrent.ThreadPoolExecutor.runWorker(ThreadPoolExecutor.java:1134)
        at java.util.concurrent.ThreadPoolExecutor$Worker.run(ThreadPoolExecutor.java:624)
        at java.lang.Thread.run(Thread.java:748)
"Datanode ReportManager Thread - 2" daemon prio=5 tid=200 timed_waiting
java.lang.Thread.State: TIMED_WAITING
        at sun.misc.Unsafe.park(Native Method)
        at java.util.concurrent.locks.LockSupport.parkNanos(LockSupport.java:215)
        at java.util.concurrent.locks.AbstractQueuedSynchronizer$ConditionObject.awaitNanos(AbstractQueuedSynchronizer.java:2078)
        at java.util.concurrent.ScheduledThreadPoolExecutor$DelayedWorkQueue.take(ScheduledThreadPoolExecutor.java:1093)
        at java.util.concurrent.ScheduledThreadPoolExecutor$DelayedWorkQueue.take(ScheduledThreadPoolExecutor.java:809)
        at java.util.concurrent.ThreadPoolExecutor.getTask(ThreadPoolExecutor.java:1074)
        at java.util.concurrent.ThreadPoolExecutor.runWorker(ThreadPoolExecutor.java:1134)
        at java.util.concurrent.ThreadPoolExecutor$Worker.run(ThreadPoolExecutor.java:624)
        at java.lang.Thread.run(Thread.java:748)
"pool-86-thread-53"  prio=5 tid=766 in Object.wait()
java.lang.Thread.State: WAITING (on object monitor)
        at sun.misc.Unsafe.park(Native Method)
        at java.util.concurrent.locks.LockSupport.park(LockSupport.java:175)
        at java.util.concurrent.locks.AbstractQueuedSynchronizer$ConditionObject.await(AbstractQueuedSynchronizer.java:2039)
        at java.util.concurrent.ArrayBlockingQueue.take(ArrayBlockingQueue.java:403)
        at java.util.concurrent.ThreadPoolExecutor.getTask(ThreadPoolExecutor.java:1074)
        at java.util.concurrent.ThreadPoolExecutor.runWorker(ThreadPoolExecutor.java:1134)
        at java.util.concurrent.ThreadPoolExecutor$Worker.run(ThreadPoolExecutor.java:624)
        at java.lang.Thread.run(Thread.java:748)
"Command processor thread" daemon prio=5 tid=256 timed_waiting
java.lang.Thread.State: TIMED_WAITING
        at java.lang.Thread.sleep(Native Method)
        at org.apache.hadoop.ozone.container.common.statemachine.DatanodeStateMachine.lambda$initCommandHandlerThread$1(DatanodeStateMachine.java:439)
        at org.apache.hadoop.ozone.container.common.statemachine.DatanodeStateMachine$$Lambda$137/1719414483.run(Unknown Source)
        at java.lang.Thread.run(Thread.java:748)
"qtp292890110-186" daemon prio=5 tid=186 runnable
java.lang.Thread.State: RUNNABLE
        at sun.nio.ch.EPollArrayWrapper.epollWait(Native Method)
        at sun.nio.ch.EPollArrayWrapper.poll(EPollArrayWrapper.java:269)
        at sun.nio.ch.EPollSelectorImpl.doSelect(EPollSelectorImpl.java:93)
        at sun.nio.ch.SelectorImpl.lockAndDoSelect(SelectorImpl.java:86)
        at sun.nio.ch.SelectorImpl.select(SelectorImpl.java:97)
        at sun.nio.ch.SelectorImpl.select(SelectorImpl.java:101)
        at org.eclipse.jetty.io.ManagedSelector$SelectorProducer.select(ManagedSelector.java:243)
        at org.eclipse.jetty.io.ManagedSelector$SelectorProducer.produce(ManagedSelector.java:191)
        at org.eclipse.jetty.util.thread.strategy.ExecuteProduceConsume.executeProduceConsume(ExecuteProduceConsume.java:249)
        at org.eclipse.jetty.util.thread.strategy.ExecuteProduceConsume.produceConsume(ExecuteProduceConsume.java:148)
        at org.eclipse.jetty.util.thread.strategy.ExecuteProduceConsume.execute(ExecuteProduceConsume.java:100)
        at org.eclipse.jetty.io.ManagedSelector.run(ManagedSelector.java:147)
        at org.eclipse.jetty.util.thread.QueuedThreadPool.runJob(QueuedThreadPool.java:671)
        at org.eclipse.jetty.util.thread.QueuedThreadPool$2.run(QueuedThreadPool.java:589)
        at java.lang.Thread.run(Thread.java:748)
"qtp1092382020-273" daemon prio=5 tid=273 timed_waiting
java.lang.Thread.State: TIMED_WAITING
        at sun.misc.Unsafe.park(Native Method)
        at java.util.concurrent.locks.LockSupport.parkNanos(LockSupport.java:215)
        at java.util.concurrent.locks.AbstractQueuedSynchronizer$ConditionObject.awaitNanos(AbstractQueuedSynchronizer.java:2078)
        at org.eclipse.jetty.util.BlockingArrayQueue.poll(BlockingArrayQueue.java:392)
        at org.eclipse.jetty.util.thread.QueuedThreadPool.idleJobPoll(QueuedThreadPool.java:563)
        at org.eclipse.jetty.util.thread.QueuedThreadPool.access$800(QueuedThreadPool.java:48)
        at org.eclipse.jetty.util.thread.QueuedThreadPool$2.run(QueuedThreadPool.java:626)
        at java.lang.Thread.run(Thread.java:748)
"IPC Parameter Sending Thread #1" daemon prio=5 tid=2905 timed_waiting
java.lang.Thread.State: TIMED_WAITING
        at sun.misc.Unsafe.park(Native Method)
        at java.util.concurrent.locks.LockSupport.parkNanos(LockSupport.java:215)
        at java.util.concurrent.SynchronousQueue$TransferStack.awaitFulfill(SynchronousQueue.java:460)
        at java.util.concurrent.SynchronousQueue$TransferStack.transfer(SynchronousQueue.java:362)
        at java.util.concurrent.SynchronousQueue.poll(SynchronousQueue.java:941)
        at java.util.concurrent.ThreadPoolExecutor.getTask(ThreadPoolExecutor.java:1073)
        at java.util.concurrent.ThreadPoolExecutor.runWorker(ThreadPoolExecutor.java:1134)
        at java.util.concurrent.ThreadPoolExecutor$Worker.run(ThreadPoolExecutor.java:624)
        at java.lang.Thread.run(Thread.java:748)
"pool-86-thread-2"  prio=5 tid=715 in Object.wait()
java.lang.Thread.State: WAITING (on object monitor)
        at sun.misc.Unsafe.park(Native Method)
        at java.util.concurrent.locks.LockSupport.park(LockSupport.java:175)
        at java.util.concurrent.locks.AbstractQueuedSynchronizer$ConditionObject.await(AbstractQueuedSynchronizer.java:2039)
        at java.util.concurrent.ArrayBlockingQueue.take(ArrayBlockingQueue.java:403)
        at java.util.concurrent.ThreadPoolExecutor.getTask(ThreadPoolExecutor.java:1074)
        at java.util.concurrent.ThreadPoolExecutor.runWorker(ThreadPoolExecutor.java:1134)
        at java.util.concurrent.ThreadPoolExecutor$Worker.run(ThreadPoolExecutor.java:624)
        at java.lang.Thread.run(Thread.java:748)
"pool-26-thread-37"  prio=5 tid=377 in Object.wait()
java.lang.Thread.State: WAITING (on object monitor)
        at sun.misc.Unsafe.park(Native Method)
        at java.util.concurrent.locks.LockSupport.park(LockSupport.java:175)
        at java.util.concurrent.locks.AbstractQueuedSynchronizer$ConditionObject.await(AbstractQueuedSynchronizer.java:2039)
        at java.util.concurrent.ArrayBlockingQueue.take(ArrayBlockingQueue.java:403)
        at java.util.concurrent.ThreadPoolExecutor.getTask(ThreadPoolExecutor.java:1074)
        at java.util.concurrent.ThreadPoolExecutor.runWorker(ThreadPoolExecutor.java:1134)
        at java.util.concurrent.ThreadPoolExecutor$Worker.run(ThreadPoolExecutor.java:624)
        at java.lang.Thread.run(Thread.java:748)
"org.eclipse.jetty.server.session.HashSessionManager@3ed7821Timer" daemon prio=5 tid=196 timed_waiting
java.lang.Thread.State: TIMED_WAITING
        at sun.misc.Unsafe.park(Native Method)
        at java.util.concurrent.locks.LockSupport.parkNanos(LockSupport.java:215)
        at java.util.concurrent.locks.AbstractQueuedSynchronizer$ConditionObject.awaitNanos(AbstractQueuedSynchronizer.java:2078)
        at java.util.concurrent.ScheduledThreadPoolExecutor$DelayedWorkQueue.take(ScheduledThreadPoolExecutor.java:1093)
        at java.util.concurrent.ScheduledThreadPoolExecutor$DelayedWorkQueue.take(ScheduledThreadPoolExecutor.java:809)
        at java.util.concurrent.ThreadPoolExecutor.getTask(ThreadPoolExecutor.java:1074)
        at java.util.concurrent.ThreadPoolExecutor.runWorker(ThreadPoolExecutor.java:1134)
        at java.util.concurrent.ThreadPoolExecutor$Worker.run(ThreadPoolExecutor.java:624)
        at java.lang.Thread.run(Thread.java:748)
"pool-26-thread-27"  prio=5 tid=367 in Object.wait()
java.lang.Thread.State: WAITING (on object monitor)
        at sun.misc.Unsafe.park(Native Method)
        at java.util.concurrent.locks.LockSupport.park(LockSupport.java:175)
        at java.util.concurrent.locks.AbstractQueuedSynchronizer$ConditionObject.await(AbstractQueuedSynchronizer.java:2039)
        at java.util.concurrent.ArrayBlockingQueue.take(ArrayBlockingQueue.java:403)
        at java.util.concurrent.ThreadPoolExecutor.getTask(ThreadPoolExecutor.java:1074)
        at java.util.concurrent.ThreadPoolExecutor.runWorker(ThreadPoolExecutor.java:1134)
        at java.util.concurrent.ThreadPoolExecutor$Worker.run(ThreadPoolExecutor.java:624)
        at java.lang.Thread.run(Thread.java:748)
"ReplicationMonitor" daemon prio=5 tid=885 timed_waiting
java.lang.Thread.State: TIMED_WAITING
        at java.lang.Object.wait(Native Method)
        at org.apache.hadoop.hdds.scm.container.ReplicationManager.run(ReplicationManager.java:229)
        at org.apache.hadoop.hdds.scm.container.ReplicationManager$$Lambda$328/1617744629.run(Unknown Source)
        at java.lang.Thread.run(Thread.java:748)
"pool-64-thread-1" daemon prio=5 tid=264 in Object.wait()
java.lang.Thread.State: WAITING (on object monitor)
        at sun.misc.Unsafe.park(Native Method)
        at java.util.concurrent.locks.LockSupport.park(LockSupport.java:175)
        at java.util.concurrent.locks.AbstractQueuedSynchronizer$ConditionObject.await(AbstractQueuedSynchronizer.java:2039)
        at java.util.concurrent.ScheduledThreadPoolExecutor$DelayedWorkQueue.take(ScheduledThreadPoolExecutor.java:1081)
        at java.util.concurrent.ScheduledThreadPoolExecutor$DelayedWorkQueue.take(ScheduledThreadPoolExecutor.java:809)
        at java.util.concurrent.ThreadPoolExecutor.getTask(ThreadPoolExecutor.java:1074)
        at java.util.concurrent.ThreadPoolExecutor.runWorker(ThreadPoolExecutor.java:1134)
        at java.util.concurrent.ThreadPoolExecutor$Worker.run(ThreadPoolExecutor.java:624)
        at java.lang.Thread.run(Thread.java:748)
"pool-66-thread-5"  prio=5 tid=594 in Object.wait()
java.lang.Thread.State: WAITING (on object monitor)
        at sun.misc.Unsafe.park(Native Method)
        at java.util.concurrent.locks.LockSupport.park(LockSupport.java:175)
        at java.util.concurrent.locks.AbstractQueuedSynchronizer$ConditionObject.await(AbstractQueuedSynchronizer.java:2039)
        at java.util.concurrent.ArrayBlockingQueue.take(ArrayBlockingQueue.java:403)
        at java.util.concurrent.ThreadPoolExecutor.getTask(ThreadPoolExecutor.java:1074)
        at java.util.concurrent.ThreadPoolExecutor.runWorker(ThreadPoolExecutor.java:1134)
        at java.util.concurrent.ThreadPoolExecutor$Worker.run(ThreadPoolExecutor.java:624)
        at java.lang.Thread.run(Thread.java:748)
"org.eclipse.jetty.server.session.HashSessionManager@26f46fa6Timer" daemon prio=5 tid=169 timed_waiting
java.lang.Thread.State: TIMED_WAITING
        at sun.misc.Unsafe.park(Native Method)
        at java.util.concurrent.locks.LockSupport.parkNanos(LockSupport.java:215)
        at java.util.concurrent.locks.AbstractQueuedSynchronizer$ConditionObject.awaitNanos(AbstractQueuedSynchronizer.java:2078)
        at java.util.concurrent.ScheduledThreadPoolExecutor$DelayedWorkQueue.take(ScheduledThreadPoolExecutor.java:1093)
        at java.util.concurrent.ScheduledThreadPoolExecutor$DelayedWorkQueue.take(ScheduledThreadPoolExecutor.java:809)
        at java.util.concurrent.ThreadPoolExecutor.getTask(ThreadPoolExecutor.java:1074)
        at java.util.concurrent.ThreadPoolExecutor.runWorker(ThreadPoolExecutor.java:1134)
        at java.util.concurrent.ThreadPoolExecutor$Worker.run(ThreadPoolExecutor.java:624)
        at java.lang.Thread.run(Thread.java:748)
"pool-86-thread-32"  prio=5 tid=745 in Object.wait()
java.lang.Thread.State: WAITING (on object monitor)
        at sun.misc.Unsafe.park(Native Method)
        at java.util.concurrent.locks.LockSupport.park(LockSupport.java:175)
        at java.util.concurrent.locks.AbstractQueuedSynchronizer$ConditionObject.await(AbstractQueuedSynchronizer.java:2039)
        at java.util.concurrent.ArrayBlockingQueue.take(ArrayBlockingQueue.java:403)
        at java.util.concurrent.ThreadPoolExecutor.getTask(ThreadPoolExecutor.java:1074)
        at java.util.concurrent.ThreadPoolExecutor.runWorker(ThreadPoolExecutor.java:1134)
        at java.util.concurrent.ThreadPoolExecutor$Worker.run(ThreadPoolExecutor.java:624)
        at java.lang.Thread.run(Thread.java:748)
"qtp1179244298-161" daemon prio=5 tid=161 timed_waiting
java.lang.Thread.State: TIMED_WAITING
        at sun.misc.Unsafe.park(Native Method)
        at java.util.concurrent.locks.LockSupport.parkNanos(LockSupport.java:215)
        at java.util.concurrent.locks.AbstractQueuedSynchronizer$ConditionObject.awaitNanos(AbstractQueuedSynchronizer.java:2078)
        at org.eclipse.jetty.util.BlockingArrayQueue.poll(BlockingArrayQueue.java:392)
        at org.eclipse.jetty.util.thread.QueuedThreadPool.idleJobPoll(QueuedThreadPool.java:563)
        at org.eclipse.jetty.util.thread.QueuedThreadPool.access$800(QueuedThreadPool.java:48)
        at org.eclipse.jetty.util.thread.QueuedThreadPool$2.run(QueuedThreadPool.java:626)
        at java.lang.Thread.run(Thread.java:748)
"Datanode ReportManager Thread - 1" daemon prio=5 tid=307 timed_waiting
java.lang.Thread.State: TIMED_WAITING
        at sun.misc.Unsafe.park(Native Method)
        at java.util.concurrent.locks.LockSupport.parkNanos(LockSupport.java:215)
        at java.util.concurrent.locks.AbstractQueuedSynchronizer$ConditionObject.awaitNanos(AbstractQueuedSynchronizer.java:2078)
        at java.util.concurrent.ScheduledThreadPoolExecutor$DelayedWorkQueue.take(ScheduledThreadPoolExecutor.java:1093)
        at java.util.concurrent.ScheduledThreadPoolExecutor$DelayedWorkQueue.take(ScheduledThreadPoolExecutor.java:809)
        at java.util.concurrent.ThreadPoolExecutor.getTask(ThreadPoolExecutor.java:1074)
        at java.util.concurrent.ThreadPoolExecutor.runWorker(ThreadPoolExecutor.java:1134)
        at java.util.concurrent.ThreadPoolExecutor$Worker.run(ThreadPoolExecutor.java:624)
        at java.lang.Thread.run(Thread.java:748)
"grpc-default-worker-ELG-3-3" daemon prio=5 tid=788 runnable
java.lang.Thread.State: RUNNABLE
        at sun.nio.ch.EPollArrayWrapper.epollWait(Native Method)
        at sun.nio.ch.EPollArrayWrapper.poll(EPollArrayWrapper.java:269)
        at sun.nio.ch.EPollSelectorImpl.doSelect(EPollSelectorImpl.java:93)
        at sun.nio.ch.SelectorImpl.lockAndDoSelect(SelectorImpl.java:86)
        at sun.nio.ch.SelectorImpl.select(SelectorImpl.java:97)
        at org.apache.ratis.thirdparty.io.netty.channel.nio.SelectedSelectionKeySetSelector.select(SelectedSelectionKeySetSelector.java:62)
        at org.apache.ratis.thirdparty.io.netty.channel.nio.NioEventLoop.select(NioEventLoop.java:753)
        at org.apache.ratis.thirdparty.io.netty.channel.nio.NioEventLoop.run(NioEventLoop.java:408)
        at org.apache.ratis.thirdparty.io.netty.util.concurrent.SingleThreadEventExecutor$5.run(SingleThreadEventExecutor.java:897)
        at org.apache.ratis.thirdparty.io.netty.util.concurrent.FastThreadLocalRunnable.run(FastThreadLocalRunnable.java:30)
        at java.lang.Thread.run(Thread.java:748)
"pool-36-thread-53"  prio=5 tid=453 in Object.wait()
java.lang.Thread.State: WAITING (on object monitor)
        at sun.misc.Unsafe.park(Native Method)
        at java.util.concurrent.locks.LockSupport.park(LockSupport.java:175)
        at java.util.concurrent.locks.AbstractQueuedSynchronizer$ConditionObject.await(AbstractQueuedSynchronizer.java:2039)
        at java.util.concurrent.ArrayBlockingQueue.take(ArrayBlockingQueue.java:403)
        at java.util.concurrent.ThreadPoolExecutor.getTask(ThreadPoolExecutor.java:1074)
        at java.util.concurrent.ThreadPoolExecutor.runWorker(ThreadPoolExecutor.java:1134)
        at java.util.concurrent.ThreadPoolExecutor$Worker.run(ThreadPoolExecutor.java:624)
        at java.lang.Thread.run(Thread.java:748)
"org.eclipse.jetty.server.session.HashSessionManager@31cb96e1Timer" daemon prio=5 tid=146 timed_waiting
java.lang.Thread.State: TIMED_WAITING
        at sun.misc.Unsafe.park(Native Method)
        at java.util.concurrent.locks.LockSupport.parkNanos(LockSupport.java:215)
        at java.util.concurrent.locks.AbstractQueuedSynchronizer$ConditionObject.awaitNanos(AbstractQueuedSynchronizer.java:2078)
        at java.util.concurrent.ScheduledThreadPoolExecutor$DelayedWorkQueue.take(ScheduledThreadPoolExecutor.java:1093)
        at java.util.concurrent.ScheduledThreadPoolExecutor$DelayedWorkQueue.take(ScheduledThreadPoolExecutor.java:809)
        at java.util.concurrent.ThreadPoolExecutor.getTask(ThreadPoolExecutor.java:1074)
        at java.util.concurrent.ThreadPoolExecutor.runWorker(ThreadPoolExecutor.java:1134)
        at java.util.concurrent.ThreadPoolExecutor$Worker.run(ThreadPoolExecutor.java:624)
        at java.lang.Thread.run(Thread.java:748)
"BlockDeletingService#1" daemon prio=5 tid=589 in Object.wait()
java.lang.Thread.State: WAITING (on object monitor)
        at sun.misc.Unsafe.park(Native Method)
        at java.util.concurrent.locks.LockSupport.park(LockSupport.java:175)
        at java.util.concurrent.locks.AbstractQueuedSynchronizer$ConditionObject.await(AbstractQueuedSynchronizer.java:2039)
        at java.util.concurrent.ScheduledThreadPoolExecutor$DelayedWorkQueue.take(ScheduledThreadPoolExecutor.java:1088)
        at java.util.concurrent.ScheduledThreadPoolExecutor$DelayedWorkQueue.take(ScheduledThreadPoolExecutor.java:809)
        at java.util.concurrent.ThreadPoolExecutor.getTask(ThreadPoolExecutor.java:1074)
        at java.util.concurrent.ThreadPoolExecutor.runWorker(ThreadPoolExecutor.java:1134)
        at java.util.concurrent.ThreadPoolExecutor$Worker.run(ThreadPoolExecutor.java:624)
        at java.lang.Thread.run(Thread.java:748)
"metrics-hadoop-metrics2-reporter-37-thread-1" daemon prio=5 tid=2223 timed_waiting
java.lang.Thread.State: TIMED_WAITING
        at sun.misc.Unsafe.park(Native Method)
        at java.util.concurrent.locks.LockSupport.parkNanos(LockSupport.java:215)
        at java.util.concurrent.locks.AbstractQueuedSynchronizer$ConditionObject.awaitNanos(AbstractQueuedSynchronizer.java:2078)
        at java.util.concurrent.ScheduledThreadPoolExecutor$DelayedWorkQueue.take(ScheduledThreadPoolExecutor.java:1093)
        at java.util.concurrent.ScheduledThreadPoolExecutor$DelayedWorkQueue.take(ScheduledThreadPoolExecutor.java:809)
        at java.util.concurrent.ThreadPoolExecutor.getTask(ThreadPoolExecutor.java:1074)
        at java.util.concurrent.ThreadPoolExecutor.runWorker(ThreadPoolExecutor.java:1134)
        at java.util.concurrent.ThreadPoolExecutor$Worker.run(ThreadPoolExecutor.java:624)
        at java.lang.Thread.run(Thread.java:748)
"pool-86-thread-56"  prio=5 tid=769 in Object.wait()
java.lang.Thread.State: WAITING (on object monitor)
        at sun.misc.Unsafe.park(Native Method)
        at java.util.concurrent.locks.LockSupport.park(LockSupport.java:175)
        at java.util.concurrent.locks.AbstractQueuedSynchronizer$ConditionObject.await(AbstractQueuedSynchronizer.java:2039)
        at java.util.concurrent.ArrayBlockingQueue.take(ArrayBlockingQueue.java:403)
        at java.util.concurrent.ThreadPoolExecutor.getTask(ThreadPoolExecutor.java:1074)
        at java.util.concurrent.ThreadPoolExecutor.runWorker(ThreadPoolExecutor.java:1134)
        at java.util.concurrent.ThreadPoolExecutor$Worker.run(ThreadPoolExecutor.java:624)
        at java.lang.Thread.run(Thread.java:748)
"pool-46-thread-37"  prio=5 tid=497 in Object.wait()
java.lang.Thread.State: WAITING (on object monitor)
        at sun.misc.Unsafe.park(Native Method)
        at java.util.concurrent.locks.LockSupport.park(LockSupport.java:175)
        at java.util.concurrent.locks.AbstractQueuedSynchronizer$ConditionObject.await(AbstractQueuedSynchronizer.java:2039)
        at java.util.concurrent.ArrayBlockingQueue.take(ArrayBlockingQueue.java:403)
        at java.util.concurrent.ThreadPoolExecutor.getTask(ThreadPoolExecutor.java:1074)
        at java.util.concurrent.ThreadPoolExecutor.runWorker(ThreadPoolExecutor.java:1134)
        at java.util.concurrent.ThreadPoolExecutor$Worker.run(ThreadPoolExecutor.java:624)
        at java.lang.Thread.run(Thread.java:748)
"pool-56-thread-40"  prio=5 tid=567 in Object.wait()
java.lang.Thread.State: WAITING (on object monitor)
        at sun.misc.Unsafe.park(Native Method)
        at java.util.concurrent.locks.LockSupport.park(LockSupport.java:175)
        at java.util.concurrent.locks.AbstractQueuedSynchronizer$ConditionObject.await(AbstractQueuedSynchronizer.java:2039)
        at java.util.concurrent.ArrayBlockingQueue.take(ArrayBlockingQueue.java:403)
        at java.util.concurrent.ThreadPoolExecutor.getTask(ThreadPoolExecutor.java:1074)
        at java.util.concurrent.ThreadPoolExecutor.runWorker(ThreadPoolExecutor.java:1134)
        at java.util.concurrent.ThreadPoolExecutor$Worker.run(ThreadPoolExecutor.java:624)
        at java.lang.Thread.run(Thread.java:748)
"RatisPipelineUtilsThread"  prio=5 tid=777 timed_waiting
java.lang.Thread.State: TIMED_WAITING
        at sun.misc.Unsafe.park(Native Method)
        at java.util.concurrent.locks.LockSupport.parkNanos(LockSupport.java:215)
        at java.util.concurrent.locks.AbstractQueuedSynchronizer$ConditionObject.awaitNanos(AbstractQueuedSynchronizer.java:2078)
        at java.util.concurrent.ScheduledThreadPoolExecutor$DelayedWorkQueue.take(ScheduledThreadPoolExecutor.java:1093)
        at java.util.concurrent.ScheduledThreadPoolExecutor$DelayedWorkQueue.take(ScheduledThreadPoolExecutor.java:809)
        at java.util.concurrent.ThreadPoolExecutor.getTask(ThreadPoolExecutor.java:1074)
        at java.util.concurrent.ThreadPoolExecutor.runWorker(ThreadPoolExecutor.java:1134)
        at java.util.concurrent.ThreadPoolExecutor$Worker.run(ThreadPoolExecutor.java:624)
        at java.lang.Thread.run(Thread.java:748)
"BlockDeletingService#6" daemon prio=5 tid=2049 in Object.wait()
java.lang.Thread.State: WAITING (on object monitor)
        at sun.misc.Unsafe.park(Native Method)
        at java.util.concurrent.locks.LockSupport.park(LockSupport.java:175)
        at java.util.concurrent.locks.AbstractQueuedSynchronizer$ConditionObject.await(AbstractQueuedSynchronizer.java:2039)
        at java.util.concurrent.ScheduledThreadPoolExecutor$DelayedWorkQueue.take(ScheduledThreadPoolExecutor.java:1088)
        at java.util.concurrent.ScheduledThreadPoolExecutor$DelayedWorkQueue.take(ScheduledThreadPoolExecutor.java:809)
        at java.util.concurrent.ThreadPoolExecutor.getTask(ThreadPoolExecutor.java:1074)
        at java.util.concurrent.ThreadPoolExecutor.runWorker(ThreadPoolExecutor.java:1134)
        at java.util.concurrent.ThreadPoolExecutor$Worker.run(ThreadPoolExecutor.java:624)
        at java.lang.Thread.run(Thread.java:748)
"pool-56-thread-45"  prio=5 tid=572 in Object.wait()
java.lang.Thread.State: WAITING (on object monitor)
        at sun.misc.Unsafe.park(Native Method)
        at java.util.concurrent.locks.LockSupport.park(LockSupport.java:175)
        at java.util.concurrent.locks.AbstractQueuedSynchronizer$ConditionObject.await(AbstractQueuedSynchronizer.java:2039)
        at java.util.concurrent.ArrayBlockingQueue.take(ArrayBlockingQueue.java:403)
        at java.util.concurrent.ThreadPoolExecutor.getTask(ThreadPoolExecutor.java:1074)
        at java.util.concurrent.ThreadPoolExecutor.runWorker(ThreadPoolExecutor.java:1134)
        at java.util.concurrent.ThreadPoolExecutor$Worker.run(ThreadPoolExecutor.java:624)
        at java.lang.Thread.run(Thread.java:748)
"IPC Server handler 5 on 40419" daemon prio=5 tid=34 timed_waiting
java.lang.Thread.State: TIMED_WAITING
        at sun.misc.Unsafe.park(Native Method)
        at java.util.concurrent.locks.LockSupport.parkNanos(LockSupport.java:215)
        at java.util.concurrent.locks.AbstractQueuedSynchronizer$ConditionObject.awaitNanos(AbstractQueuedSynchronizer.java:2078)
        at java.util.concurrent.LinkedBlockingQueue.poll(LinkedBlockingQueue.java:467)
        at org.apache.hadoop.ipc.CallQueueManager.take(CallQueueManager.java:288)
        at org.apache.hadoop.ipc.Server$Handler.run(Server.java:2668)
"BlockDeletingService#5" daemon prio=5 tid=1848 in Object.wait()
java.lang.Thread.State: WAITING (on object monitor)
        at sun.misc.Unsafe.park(Native Method)
        at java.util.concurrent.locks.LockSupport.park(LockSupport.java:175)
        at java.util.concurrent.locks.AbstractQueuedSynchronizer$ConditionObject.await(AbstractQueuedSynchronizer.java:2039)
        at java.util.concurrent.ScheduledThreadPoolExecutor$DelayedWorkQueue.take(ScheduledThreadPoolExecutor.java:1088)
        at java.util.concurrent.ScheduledThreadPoolExecutor$DelayedWorkQueue.take(ScheduledThreadPoolExecutor.java:809)
        at java.util.concurrent.ThreadPoolExecutor.getTask(ThreadPoolExecutor.java:1074)
        at java.util.concurrent.ThreadPoolExecutor.runWorker(ThreadPoolExecutor.java:1134)
        at java.util.concurrent.ThreadPoolExecutor$Worker.run(ThreadPoolExecutor.java:624)
        at java.lang.Thread.run(Thread.java:748)
"Command processor thread" daemon prio=5 tid=337 timed_waiting
java.lang.Thread.State: TIMED_WAITING
        at java.lang.Thread.sleep(Native Method)
        at org.apache.hadoop.ozone.container.common.statemachine.DatanodeStateMachine.lambda$initCommandHandlerThread$1(DatanodeStateMachine.java:439)
        at org.apache.hadoop.ozone.container.common.statemachine.DatanodeStateMachine$$Lambda$137/1719414483.run(Unknown Source)
        at java.lang.Thread.run(Thread.java:748)
"8466bef0-9559-4d2e-b20d-aaf3fd2b14fd@group-8D27FC9C30A9-SegmentedRaftLogWorker"  prio=5 tid=822 timed_waiting
java.lang.Thread.State: TIMED_WAITING
        at sun.misc.Unsafe.park(Native Method)
        at java.util.concurrent.locks.LockSupport.parkNanos(LockSupport.java:215)
        at java.util.concurrent.locks.AbstractQueuedSynchronizer$ConditionObject.awaitNanos(AbstractQueuedSynchronizer.java:2078)
        at org.apache.ratis.util.DataBlockingQueue.poll(DataBlockingQueue.java:137)
        at org.apache.ratis.server.raftlog.segmented.SegmentedRaftLogWorker.run(SegmentedRaftLogWorker.java:283)
        at java.lang.Thread.run(Thread.java:748)
"Thread-292" daemon prio=5 tid=897 timed_waiting
java.lang.Thread.State: TIMED_WAITING
        at sun.misc.Unsafe.park(Native Method)
        at java.util.concurrent.locks.LockSupport.parkNanos(LockSupport.java:215)
        at java.util.concurrent.locks.AbstractQueuedSynchronizer$ConditionObject.awaitNanos(AbstractQueuedSynchronizer.java:2078)
        at java.util.concurrent.ArrayBlockingQueue.poll(ArrayBlockingQueue.java:418)
        at org.apache.ratis.server.impl.LeaderState$EventQueue.poll(LeaderState.java:115)
        at org.apache.ratis.server.impl.LeaderState$EventProcessor.run(LeaderState.java:457)
"java.util.concurrent.ThreadPoolExecutor$Worker@5c1a4f77[State = -1, empty queue]" daemon prio=5 tid=4060 runnable
java.lang.Thread.State: RUNNABLE
        at java.util.concurrent.ScheduledThreadPoolExecutor$DelayedWorkQueue.poll(ScheduledThreadPoolExecutor.java:809)
        at java.util.concurrent.ThreadPoolExecutor.getTask(ThreadPoolExecutor.java:1073)
        at java.util.concurrent.ThreadPoolExecutor.runWorker(ThreadPoolExecutor.java:1134)
        at java.util.concurrent.ThreadPoolExecutor$Worker.run(ThreadPoolExecutor.java:624)
        at java.lang.Thread.run(Thread.java:748)
"pool-66-thread-48"  prio=5 tid=637 in Object.wait()
java.lang.Thread.State: WAITING (on object monitor)
        at sun.misc.Unsafe.park(Native Method)
        at java.util.concurrent.locks.LockSupport.park(LockSupport.java:175)
        at java.util.concurrent.locks.AbstractQueuedSynchronizer$ConditionObject.await(AbstractQueuedSynchronizer.java:2039)
        at java.util.concurrent.ArrayBlockingQueue.take(ArrayBlockingQueue.java:403)
        at java.util.concurrent.ThreadPoolExecutor.getTask(ThreadPoolExecutor.java:1074)
        at java.util.concurrent.ThreadPoolExecutor.runWorker(ThreadPoolExecutor.java:1134)
        at java.util.concurrent.ThreadPoolExecutor$Worker.run(ThreadPoolExecutor.java:624)
        at java.lang.Thread.run(Thread.java:748)
"PartialTableCache Cleanup Thread - 0" daemon prio=5 tid=838 in Object.wait()
java.lang.Thread.State: WAITING (on object monitor)
        at sun.misc.Unsafe.park(Native Method)
        at java.util.concurrent.locks.LockSupport.park(LockSupport.java:175)
        at java.util.concurrent.locks.AbstractQueuedSynchronizer$ConditionObject.await(AbstractQueuedSynchronizer.java:2039)
        at java.util.concurrent.LinkedBlockingQueue.take(LinkedBlockingQueue.java:442)
        at java.util.concurrent.ThreadPoolExecutor.getTask(ThreadPoolExecutor.java:1074)
        at java.util.concurrent.ThreadPoolExecutor.runWorker(ThreadPoolExecutor.java:1134)
        at java.util.concurrent.ThreadPoolExecutor$Worker.run(ThreadPoolExecutor.java:624)
        at java.lang.Thread.run(Thread.java:748)
"pool-46-thread-23"  prio=5 tid=483 in Object.wait()
java.lang.Thread.State: WAITING (on object monitor)
        at sun.misc.Unsafe.park(Native Method)
        at java.util.concurrent.locks.LockSupport.park(LockSupport.java:175)
        at java.util.concurrent.locks.AbstractQueuedSynchronizer$ConditionObject.await(AbstractQueuedSynchronizer.java:2039)
        at java.util.concurrent.ArrayBlockingQueue.take(ArrayBlockingQueue.java:403)
        at java.util.concurrent.ThreadPoolExecutor.getTask(ThreadPoolExecutor.java:1074)
        at java.util.concurrent.ThreadPoolExecutor.runWorker(ThreadPoolExecutor.java:1134)
        at java.util.concurrent.ThreadPoolExecutor$Worker.run(ThreadPoolExecutor.java:624)
        at java.lang.Thread.run(Thread.java:748)
"BlockDeletingService#3" daemon prio=5 tid=1310 in Object.wait()
java.lang.Thread.State: WAITING (on object monitor)
        at sun.misc.Unsafe.park(Native Method)
        at java.util.concurrent.locks.LockSupport.park(LockSupport.java:175)
        at java.util.concurrent.locks.AbstractQueuedSynchronizer$ConditionObject.await(AbstractQueuedSynchronizer.java:2039)
        at java.util.concurrent.ScheduledThreadPoolExecutor$DelayedWorkQueue.take(ScheduledThreadPoolExecutor.java:1088)
        at java.util.concurrent.ScheduledThreadPoolExecutor$DelayedWorkQueue.take(ScheduledThreadPoolExecutor.java:809)
        at java.util.concurrent.ThreadPoolExecutor.getTask(ThreadPoolExecutor.java:1074)
        at java.util.concurrent.ThreadPoolExecutor.runWorker(ThreadPoolExecutor.java:1134)
        at java.util.concurrent.ThreadPoolExecutor$Worker.run(ThreadPoolExecutor.java:624)
        at java.lang.Thread.run(Thread.java:748)
"java.util.concurrent.ThreadPoolExecutor$Worker@3c380bd8[State = -1, empty queue]" daemon prio=5 tid=3848 runnable
java.lang.Thread.State: RUNNABLE
        at java.util.concurrent.ScheduledThreadPoolExecutor$DelayedWorkQueue.poll(ScheduledThreadPoolExecutor.java:809)
        at java.util.concurrent.ThreadPoolExecutor.getTask(ThreadPoolExecutor.java:1073)
        at java.util.concurrent.ThreadPoolExecutor.runWorker(ThreadPoolExecutor.java:1134)
        at java.util.concurrent.ThreadPoolExecutor$Worker.run(ThreadPoolExecutor.java:624)
        at java.lang.Thread.run(Thread.java:748)
"BlockDeletingService#4" daemon prio=5 tid=1453 in Object.wait()
java.lang.Thread.State: WAITING (on object monitor)
        at sun.misc.Unsafe.park(Native Method)
        at java.util.concurrent.locks.LockSupport.park(LockSupport.java:175)
        at java.util.concurrent.locks.AbstractQueuedSynchronizer$ConditionObject.await(AbstractQueuedSynchronizer.java:2039)
        at java.util.concurrent.ScheduledThreadPoolExecutor$DelayedWorkQueue.take(ScheduledThreadPoolExecutor.java:1088)
        at java.util.concurrent.ScheduledThreadPoolExecutor$DelayedWorkQueue.take(ScheduledThreadPoolExecutor.java:809)
        at java.util.concurrent.ThreadPoolExecutor.getTask(ThreadPoolExecutor.java:1074)
        at java.util.concurrent.ThreadPoolExecutor.runWorker(ThreadPoolExecutor.java:1134)
        at java.util.concurrent.ThreadPoolExecutor$Worker.run(ThreadPoolExecutor.java:624)
        at java.lang.Thread.run(Thread.java:748)
"process reaper" daemon prio=10 tid=10 timed_waiting
java.lang.Thread.State: TIMED_WAITING
        at sun.misc.Unsafe.park(Native Method)
        at java.util.concurrent.locks.LockSupport.parkNanos(LockSupport.java:215)
        at java.util.concurrent.SynchronousQueue$TransferStack.awaitFulfill(SynchronousQueue.java:460)
        at java.util.concurrent.SynchronousQueue$TransferStack.transfer(SynchronousQueue.java:362)
        at java.util.concurrent.SynchronousQueue.poll(SynchronousQueue.java:941)
        at java.util.concurrent.ThreadPoolExecutor.getTask(ThreadPoolExecutor.java:1073)
        at java.util.concurrent.ThreadPoolExecutor.runWorker(ThreadPoolExecutor.java:1134)
        at java.util.concurrent.ThreadPoolExecutor$Worker.run(ThreadPoolExecutor.java:624)
        at java.lang.Thread.run(Thread.java:748)
"qtp729375394-298" daemon prio=5 tid=298 timed_waiting
java.lang.Thread.State: TIMED_WAITING
        at sun.misc.Unsafe.park(Native Method)
        at java.util.concurrent.locks.LockSupport.parkNanos(LockSupport.java:215)
        at java.util.concurrent.locks.AbstractQueuedSynchronizer$ConditionObject.awaitNanos(AbstractQueuedSynchronizer.java:2078)
        at org.eclipse.jetty.util.BlockingArrayQueue.poll(BlockingArrayQueue.java:392)
        at org.eclipse.jetty.util.thread.QueuedThreadPool.idleJobPoll(QueuedThreadPool.java:563)
        at org.eclipse.jetty.util.thread.QueuedThreadPool.access$800(QueuedThreadPool.java:48)
        at org.eclipse.jetty.util.thread.QueuedThreadPool$2.run(QueuedThreadPool.java:626)
        at java.lang.Thread.run(Thread.java:748)
"BlockDeletingService#0" daemon prio=5 tid=774 in Object.wait()
java.lang.Thread.State: WAITING (on object monitor)
        at sun.misc.Unsafe.park(Native Method)
        at java.util.concurrent.locks.LockSupport.park(LockSupport.java:175)
        at java.util.concurrent.locks.AbstractQueuedSynchronizer$ConditionObject.await(AbstractQueuedSynchronizer.java:2039)
        at java.util.concurrent.ScheduledThreadPoolExecutor$DelayedWorkQueue.take(ScheduledThreadPoolExecutor.java:1088)
        at java.util.concurrent.ScheduledThreadPoolExecutor$DelayedWorkQueue.take(ScheduledThreadPoolExecutor.java:809)
        at java.util.concurrent.ThreadPoolExecutor.getTask(ThreadPoolExecutor.java:1074)
        at java.util.concurrent.ThreadPoolExecutor.runWorker(ThreadPoolExecutor.java:1134)
        at java.util.concurrent.ThreadPoolExecutor$Worker.run(ThreadPoolExecutor.java:624)
        at java.lang.Thread.run(Thread.java:748)
"pool-66-thread-23"  prio=5 tid=612 in Object.wait()
java.lang.Thread.State: WAITING (on object monitor)
        at sun.misc.Unsafe.park(Native Method)
        at java.util.concurrent.locks.LockSupport.park(LockSupport.java:175)
        at java.util.concurrent.locks.AbstractQueuedSynchronizer$ConditionObject.await(AbstractQueuedSynchronizer.java:2039)
        at java.util.concurrent.ArrayBlockingQueue.take(ArrayBlockingQueue.java:403)
        at java.util.concurrent.ThreadPoolExecutor.getTask(ThreadPoolExecutor.java:1074)
        at java.util.concurrent.ThreadPoolExecutor.runWorker(ThreadPoolExecutor.java:1134)
        at java.util.concurrent.ThreadPoolExecutor$Worker.run(ThreadPoolExecutor.java:624)
        at java.lang.Thread.run(Thread.java:748)
"Datanode ReportManager Thread - 3" daemon prio=5 tid=174 in Object.wait()
java.lang.Thread.State: WAITING (on object monitor)
        at sun.misc.Unsafe.park(Native Method)
        at java.util.concurrent.locks.LockSupport.park(LockSupport.java:175)
        at java.util.concurrent.locks.AbstractQueuedSynchronizer$ConditionObject.await(AbstractQueuedSynchronizer.java:2039)
        at java.util.concurrent.ScheduledThreadPoolExecutor$DelayedWorkQueue.take(ScheduledThreadPoolExecutor.java:1088)
        at java.util.concurrent.ScheduledThreadPoolExecutor$DelayedWorkQueue.take(ScheduledThreadPoolExecutor.java:809)
        at java.util.concurrent.ThreadPoolExecutor.getTask(ThreadPoolExecutor.java:1074)
        at java.util.concurrent.ThreadPoolExecutor.runWorker(ThreadPoolExecutor.java:1134)
        at java.util.concurrent.ThreadPoolExecutor$Worker.run(ThreadPoolExecutor.java:624)
        at java.lang.Thread.run(Thread.java:748)
"BlockDeletingService#5" daemon prio=5 tid=1849 in Object.wait()
java.lang.Thread.State: WAITING (on object monitor)
        at sun.misc.Unsafe.park(Native Method)
        at java.util.concurrent.locks.LockSupport.park(LockSupport.java:175)
        at java.util.concurrent.locks.AbstractQueuedSynchronizer$ConditionObject.await(AbstractQueuedSynchronizer.java:2039)
        at java.util.concurrent.ScheduledThreadPoolExecutor$DelayedWorkQueue.take(ScheduledThreadPoolExecutor.java:1088)
        at java.util.concurrent.ScheduledThreadPoolExecutor$DelayedWorkQueue.take(ScheduledThreadPoolExecutor.java:809)
        at java.util.concurrent.ThreadPoolExecutor.getTask(ThreadPoolExecutor.java:1074)
        at java.util.concurrent.ThreadPoolExecutor.runWorker(ThreadPoolExecutor.java:1134)
        at java.util.concurrent.ThreadPoolExecutor$Worker.run(ThreadPoolExecutor.java:624)
        at java.lang.Thread.run(Thread.java:748)
"pool-26-thread-21"  prio=5 tid=361 in Object.wait()
java.lang.Thread.State: WAITING (on object monitor)
        at sun.misc.Unsafe.park(Native Method)
        at java.util.concurrent.locks.LockSupport.park(LockSupport.java:175)
        at java.util.concurrent.locks.AbstractQueuedSynchronizer$ConditionObject.await(AbstractQueuedSynchronizer.java:2039)
        at java.util.concurrent.ArrayBlockingQueue.take(ArrayBlockingQueue.java:403)
        at java.util.concurrent.ThreadPoolExecutor.getTask(ThreadPoolExecutor.java:1074)
        at java.util.concurrent.ThreadPoolExecutor.runWorker(ThreadPoolExecutor.java:1134)
        at java.util.concurrent.ThreadPoolExecutor$Worker.run(ThreadPoolExecutor.java:624)
        at java.lang.Thread.run(Thread.java:748)
"IPC Server handler 1 on 40610" daemon prio=5 tid=116 timed_waiting
java.lang.Thread.State: TIMED_WAITING
        at sun.misc.Unsafe.park(Native Method)
        at java.util.concurrent.locks.LockSupport.parkNanos(LockSupport.java:215)
        at java.util.concurrent.locks.AbstractQueuedSynchronizer$ConditionObject.awaitNanos(AbstractQueuedSynchronizer.java:2078)
        at java.util.concurrent.LinkedBlockingQueue.poll(LinkedBlockingQueue.java:467)
        at org.apache.hadoop.ipc.CallQueueManager.take(CallQueueManager.java:288)
        at org.apache.hadoop.ipc.Server$Handler.run(Server.java:2668)
"Datanode ReportManager Thread - 3" daemon prio=5 tid=201 in Object.wait()
java.lang.Thread.State: WAITING (on object monitor)
        at sun.misc.Unsafe.park(Native Method)
        at java.util.concurrent.locks.LockSupport.park(LockSupport.java:175)
        at java.util.concurrent.locks.AbstractQueuedSynchronizer$ConditionObject.await(AbstractQueuedSynchronizer.java:2039)
        at java.util.concurrent.ScheduledThreadPoolExecutor$DelayedWorkQueue.take(ScheduledThreadPoolExecutor.java:1088)
        at java.util.concurrent.ScheduledThreadPoolExecutor$DelayedWorkQueue.take(ScheduledThreadPoolExecutor.java:809)
        at java.util.concurrent.ThreadPoolExecutor.getTask(ThreadPoolExecutor.java:1074)
        at java.util.concurrent.ThreadPoolExecutor.runWorker(ThreadPoolExecutor.java:1134)
        at java.util.concurrent.ThreadPoolExecutor$Worker.run(ThreadPoolExecutor.java:624)
        at java.lang.Thread.run(Thread.java:748)
"IPC Server handler 17 on 40610" daemon prio=5 tid=132 timed_waiting
java.lang.Thread.State: TIMED_WAITING
        at sun.misc.Unsafe.park(Native Method)
        at java.util.concurrent.locks.LockSupport.parkNanos(LockSupport.java:215)
        at java.util.concurrent.locks.AbstractQueuedSynchronizer$ConditionObject.awaitNanos(AbstractQueuedSynchronizer.java:2078)
        at java.util.concurrent.LinkedBlockingQueue.poll(LinkedBlockingQueue.java:467)
        at org.apache.hadoop.ipc.CallQueueManager.take(CallQueueManager.java:288)
        at org.apache.hadoop.ipc.Server$Handler.run(Server.java:2668)
"pool-66-thread-44"  prio=5 tid=633 in Object.wait()
java.lang.Thread.State: WAITING (on object monitor)
        at sun.misc.Unsafe.park(Native Method)
        at java.util.concurrent.locks.LockSupport.park(LockSupport.java:175)
        at java.util.concurrent.locks.AbstractQueuedSynchronizer$ConditionObject.await(AbstractQueuedSynchronizer.java:2039)
        at java.util.concurrent.ArrayBlockingQueue.take(ArrayBlockingQueue.java:403)
        at java.util.concurrent.ThreadPoolExecutor.getTask(ThreadPoolExecutor.java:1074)
        at java.util.concurrent.ThreadPoolExecutor.runWorker(ThreadPoolExecutor.java:1134)
        at java.util.concurrent.ThreadPoolExecutor$Worker.run(ThreadPoolExecutor.java:624)
        at java.lang.Thread.run(Thread.java:748)
"metrics-hadoop-metrics2-reporter-30-thread-1" daemon prio=5 tid=986 timed_waiting
java.lang.Thread.State: TIMED_WAITING
        at sun.misc.Unsafe.park(Native Method)
        at java.util.concurrent.locks.LockSupport.parkNanos(LockSupport.java:215)
        at java.util.concurrent.locks.AbstractQueuedSynchronizer$ConditionObject.awaitNanos(AbstractQueuedSynchronizer.java:2078)
        at java.util.concurrent.ScheduledThreadPoolExecutor$DelayedWorkQueue.take(ScheduledThreadPoolExecutor.java:1093)
        at java.util.concurrent.ScheduledThreadPoolExecutor$DelayedWorkQueue.take(ScheduledThreadPoolExecutor.java:809)
        at java.util.concurrent.ThreadPoolExecutor.getTask(ThreadPoolExecutor.java:1074)
        at java.util.concurrent.ThreadPoolExecutor.runWorker(ThreadPoolExecutor.java:1134)
        at java.util.concurrent.ThreadPoolExecutor$Worker.run(ThreadPoolExecutor.java:624)
        at java.lang.Thread.run(Thread.java:748)
"EventQueue-NewNodeForNewNodeHandler" daemon prio=5 tid=776 in Object.wait()
java.lang.Thread.State: WAITING (on object monitor)
        at sun.misc.Unsafe.park(Native Method)
        at java.util.concurrent.locks.LockSupport.park(LockSupport.java:175)
        at java.util.concurrent.locks.AbstractQueuedSynchronizer$ConditionObject.await(AbstractQueuedSynchronizer.java:2039)
        at java.util.concurrent.LinkedBlockingQueue.take(LinkedBlockingQueue.java:442)
        at java.util.concurrent.ThreadPoolExecutor.getTask(ThreadPoolExecutor.java:1074)
        at java.util.concurrent.ThreadPoolExecutor.runWorker(ThreadPoolExecutor.java:1134)
        at java.util.concurrent.ThreadPoolExecutor$Worker.run(ThreadPoolExecutor.java:624)
        at java.lang.Thread.run(Thread.java:748)
"pool-66-thread-20"  prio=5 tid=609 in Object.wait()
java.lang.Thread.State: WAITING (on object monitor)
        at sun.misc.Unsafe.park(Native Method)
        at java.util.concurrent.locks.LockSupport.park(LockSupport.java:175)
        at java.util.concurrent.locks.AbstractQueuedSynchronizer$ConditionObject.await(AbstractQueuedSynchronizer.java:2039)
        at java.util.concurrent.ArrayBlockingQueue.take(ArrayBlockingQueue.java:403)
        at java.util.concurrent.ThreadPoolExecutor.getTask(ThreadPoolExecutor.java:1074)
        at java.util.concurrent.ThreadPoolExecutor.runWorker(ThreadPoolExecutor.java:1134)
        at java.util.concurrent.ThreadPoolExecutor$Worker.run(ThreadPoolExecutor.java:624)
        at java.lang.Thread.run(Thread.java:748)
"pool-46-thread-6"  prio=5 tid=466 in Object.wait()
java.lang.Thread.State: WAITING (on object monitor)
        at sun.misc.Unsafe.park(Native Method)
        at java.util.concurrent.locks.LockSupport.park(LockSupport.java:175)
        at java.util.concurrent.locks.AbstractQueuedSynchronizer$ConditionObject.await(AbstractQueuedSynchronizer.java:2039)
        at java.util.concurrent.ArrayBlockingQueue.take(ArrayBlockingQueue.java:403)
        at java.util.concurrent.ThreadPoolExecutor.getTask(ThreadPoolExecutor.java:1074)
        at java.util.concurrent.ThreadPoolExecutor.runWorker(ThreadPoolExecutor.java:1134)
        at java.util.concurrent.ThreadPoolExecutor$Worker.run(ThreadPoolExecutor.java:624)
        at java.lang.Thread.run(Thread.java:748)
"org.eclipse.jetty.server.session.HashSessionManager@50687efbTimer" daemon prio=5 tid=97 timed_waiting
java.lang.Thread.State: TIMED_WAITING
        at sun.misc.Unsafe.park(Native Method)
        at java.util.concurrent.locks.LockSupport.parkNanos(LockSupport.java:215)
        at java.util.concurrent.locks.AbstractQueuedSynchronizer$ConditionObject.awaitNanos(AbstractQueuedSynchronizer.java:2078)
        at java.util.concurrent.ScheduledThreadPoolExecutor$DelayedWorkQueue.take(ScheduledThreadPoolExecutor.java:1093)
        at java.util.concurrent.ScheduledThreadPoolExecutor$DelayedWorkQueue.take(ScheduledThreadPoolExecutor.java:809)
        at java.util.concurrent.ThreadPoolExecutor.getTask(ThreadPoolExecutor.java:1074)
        at java.util.concurrent.ThreadPoolExecutor.runWorker(ThreadPoolExecutor.java:1134)
        at java.util.concurrent.ThreadPoolExecutor$Worker.run(ThreadPoolExecutor.java:624)
        at java.lang.Thread.run(Thread.java:748)
"pool-54-thread-1" daemon prio=5 tid=237 in Object.wait()
java.lang.Thread.State: WAITING (on object monitor)
        at sun.misc.Unsafe.park(Native Method)
        at java.util.concurrent.locks.LockSupport.park(LockSupport.java:175)
        at java.util.concurrent.locks.AbstractQueuedSynchronizer$ConditionObject.await(AbstractQueuedSynchronizer.java:2039)
        at java.util.concurrent.ScheduledThreadPoolExecutor$DelayedWorkQueue.take(ScheduledThreadPoolExecutor.java:1081)
        at java.util.concurrent.ScheduledThreadPoolExecutor$DelayedWorkQueue.take(ScheduledThreadPoolExecutor.java:809)
        at java.util.concurrent.ThreadPoolExecutor.getTask(ThreadPoolExecutor.java:1074)
        at java.util.concurrent.ThreadPoolExecutor.runWorker(ThreadPoolExecutor.java:1134)
        at java.util.concurrent.ThreadPoolExecutor$Worker.run(ThreadPoolExecutor.java:624)
        at java.lang.Thread.run(Thread.java:748)
"pool-36-thread-42"  prio=5 tid=442 in Object.wait()
java.lang.Thread.State: WAITING (on object monitor)
        at sun.misc.Unsafe.park(Native Method)
        at java.util.concurrent.locks.LockSupport.park(LockSupport.java:175)
        at java.util.concurrent.locks.AbstractQueuedSynchronizer$ConditionObject.await(AbstractQueuedSynchronizer.java:2039)
        at java.util.concurrent.ArrayBlockingQueue.take(ArrayBlockingQueue.java:403)
        at java.util.concurrent.ThreadPoolExecutor.getTask(ThreadPoolExecutor.java:1074)
        at java.util.concurrent.ThreadPoolExecutor.runWorker(ThreadPoolExecutor.java:1134)
        at java.util.concurrent.ThreadPoolExecutor$Worker.run(ThreadPoolExecutor.java:624)
        at java.lang.Thread.run(Thread.java:748)
"pool-86-thread-59"  prio=5 tid=772 in Object.wait()
java.lang.Thread.State: WAITING (on object monitor)
        at sun.misc.Unsafe.park(Native Method)
        at java.util.concurrent.locks.LockSupport.park(LockSupport.java:175)
        at java.util.concurrent.locks.AbstractQueuedSynchronizer$ConditionObject.await(AbstractQueuedSynchronizer.java:2039)
        at java.util.concurrent.ArrayBlockingQueue.take(ArrayBlockingQueue.java:403)
        at java.util.concurrent.ThreadPoolExecutor.getTask(ThreadPoolExecutor.java:1074)
        at java.util.concurrent.ThreadPoolExecutor.runWorker(ThreadPoolExecutor.java:1134)
        at java.util.concurrent.ThreadPoolExecutor$Worker.run(ThreadPoolExecutor.java:624)
        at java.lang.Thread.run(Thread.java:748)
"metrics-hadoop-metrics2-reporter-17-thread-1" daemon prio=5 tid=863 timed_waiting
java.lang.Thread.State: TIMED_WAITING
        at sun.misc.Unsafe.park(Native Method)
        at java.util.concurrent.locks.LockSupport.parkNanos(LockSupport.java:215)
        at java.util.concurrent.locks.AbstractQueuedSynchronizer$ConditionObject.awaitNanos(AbstractQueuedSynchronizer.java:2078)
        at java.util.concurrent.ScheduledThreadPoolExecutor$DelayedWorkQueue.take(ScheduledThreadPoolExecutor.java:1093)
        at java.util.concurrent.ScheduledThreadPoolExecutor$DelayedWorkQueue.take(ScheduledThreadPoolExecutor.java:809)
        at java.util.concurrent.ThreadPoolExecutor.getTask(ThreadPoolExecutor.java:1074)
        at java.util.concurrent.ThreadPoolExecutor.runWorker(ThreadPoolExecutor.java:1134)
        at java.util.concurrent.ThreadPoolExecutor$Worker.run(ThreadPoolExecutor.java:624)
        at java.lang.Thread.run(Thread.java:748)
"pool-36-thread-50"  prio=5 tid=450 in Object.wait()
java.lang.Thread.State: WAITING (on object monitor)
        at sun.misc.Unsafe.park(Native Method)
        at java.util.concurrent.locks.LockSupport.park(LockSupport.java:175)
        at java.util.concurrent.locks.AbstractQueuedSynchronizer$ConditionObject.await(AbstractQueuedSynchronizer.java:2039)
        at java.util.concurrent.ArrayBlockingQueue.take(ArrayBlockingQueue.java:403)
        at java.util.concurrent.ThreadPoolExecutor.getTask(ThreadPoolExecutor.java:1074)
        at java.util.concurrent.ThreadPoolExecutor.runWorker(ThreadPoolExecutor.java:1134)
        at java.util.concurrent.ThreadPoolExecutor$Worker.run(ThreadPoolExecutor.java:624)
        at java.lang.Thread.run(Thread.java:748)
"pool-56-thread-17"  prio=5 tid=544 in Object.wait()
java.lang.Thread.State: WAITING (on object monitor)
        at sun.misc.Unsafe.park(Native Method)
        at java.util.concurrent.locks.LockSupport.park(LockSupport.java:175)
        at java.util.concurrent.locks.AbstractQueuedSynchronizer$ConditionObject.await(AbstractQueuedSynchronizer.java:2039)
        at java.util.concurrent.ArrayBlockingQueue.take(ArrayBlockingQueue.java:403)
        at java.util.concurrent.ThreadPoolExecutor.getTask(ThreadPoolExecutor.java:1074)
        at java.util.concurrent.ThreadPoolExecutor.runWorker(ThreadPoolExecutor.java:1134)
        at java.util.concurrent.ThreadPoolExecutor$Worker.run(ThreadPoolExecutor.java:624)
        at java.lang.Thread.run(Thread.java:748)
"metrics-hadoop-metrics2-reporter-31-thread-1" daemon prio=5 tid=1579 timed_waiting
java.lang.Thread.State: TIMED_WAITING
        at sun.misc.Unsafe.park(Native Method)
        at java.util.concurrent.locks.LockSupport.parkNanos(LockSupport.java:215)
        at java.util.concurrent.locks.AbstractQueuedSynchronizer$ConditionObject.awaitNanos(AbstractQueuedSynchronizer.java:2078)
        at java.util.concurrent.ScheduledThreadPoolExecutor$DelayedWorkQueue.take(ScheduledThreadPoolExecutor.java:1093)
        at java.util.concurrent.ScheduledThreadPoolExecutor$DelayedWorkQueue.take(ScheduledThreadPoolExecutor.java:809)
        at java.util.concurrent.ThreadPoolExecutor.getTask(ThreadPoolExecutor.java:1074)
        at java.util.concurrent.ThreadPoolExecutor.runWorker(ThreadPoolExecutor.java:1134)
        at java.util.concurrent.ThreadPoolExecutor$Worker.run(ThreadPoolExecutor.java:624)
        at java.lang.Thread.run(Thread.java:748)
"qtp729375394-297" daemon prio=5 tid=297 timed_waiting
java.lang.Thread.State: TIMED_WAITING
        at sun.misc.Unsafe.park(Native Method)
        at java.util.concurrent.locks.LockSupport.parkNanos(LockSupport.java:215)
        at java.util.concurrent.locks.AbstractQueuedSynchronizer$ConditionObject.awaitNanos(AbstractQueuedSynchronizer.java:2078)
        at org.eclipse.jetty.util.BlockingArrayQueue.poll(BlockingArrayQueue.java:392)
        at org.eclipse.jetty.util.thread.QueuedThreadPool.idleJobPoll(QueuedThreadPool.java:563)
        at org.eclipse.jetty.util.thread.QueuedThreadPool.access$800(QueuedThreadPool.java:48)
        at org.eclipse.jetty.util.thread.QueuedThreadPool$2.run(QueuedThreadPool.java:626)
        at java.lang.Thread.run(Thread.java:748)
"Socket Reader #1 for port 40610"  prio=5 tid=110 runnable
java.lang.Thread.State: RUNNABLE
        at sun.nio.ch.EPollArrayWrapper.epollWait(Native Method)
        at sun.nio.ch.EPollArrayWrapper.poll(EPollArrayWrapper.java:269)
        at sun.nio.ch.EPollSelectorImpl.doSelect(EPollSelectorImpl.java:93)
        at sun.nio.ch.SelectorImpl.lockAndDoSelect(SelectorImpl.java:86)
        at sun.nio.ch.SelectorImpl.select(SelectorImpl.java:97)
        at sun.nio.ch.SelectorImpl.select(SelectorImpl.java:101)
        at org.apache.hadoop.ipc.Server$Listener$Reader.doRunLoop(Server.java:1097)
        at org.apache.hadoop.ipc.Server$Listener$Reader.run(Server.java:1076)
"pool-66-thread-55"  prio=5 tid=644 in Object.wait()
java.lang.Thread.State: WAITING (on object monitor)
        at sun.misc.Unsafe.park(Native Method)
        at java.util.concurrent.locks.LockSupport.park(LockSupport.java:175)
        at java.util.concurrent.locks.AbstractQueuedSynchronizer$ConditionObject.await(AbstractQueuedSynchronizer.java:2039)
        at java.util.concurrent.ArrayBlockingQueue.take(ArrayBlockingQueue.java:403)
        at java.util.concurrent.ThreadPoolExecutor.getTask(ThreadPoolExecutor.java:1074)
        at java.util.concurrent.ThreadPoolExecutor.runWorker(ThreadPoolExecutor.java:1134)
        at java.util.concurrent.ThreadPoolExecutor$Worker.run(ThreadPoolExecutor.java:624)
        at java.lang.Thread.run(Thread.java:748)
"IPC Server idle connection scanner for port 38980" daemon prio=5 tid=16 timed_waiting
java.lang.Thread.State: TIMED_WAITING
        at java.lang.Object.wait(Native Method)
        at java.util.TimerThread.mainLoop(Timer.java:552)
        at java.util.TimerThread.run(Timer.java:505)
"pool-36-thread-5"  prio=5 tid=405 in Object.wait()
java.lang.Thread.State: WAITING (on object monitor)
        at sun.misc.Unsafe.park(Native Method)
        at java.util.concurrent.locks.LockSupport.park(LockSupport.java:175)
        at java.util.concurrent.locks.AbstractQueuedSynchronizer$ConditionObject.await(AbstractQueuedSynchronizer.java:2039)
        at java.util.concurrent.ArrayBlockingQueue.take(ArrayBlockingQueue.java:403)
        at java.util.concurrent.ThreadPoolExecutor.getTask(ThreadPoolExecutor.java:1074)
        at java.util.concurrent.ThreadPoolExecutor.runWorker(ThreadPoolExecutor.java:1134)
        at java.util.concurrent.ThreadPoolExecutor$Worker.run(ThreadPoolExecutor.java:624)
        at java.lang.Thread.run(Thread.java:748)
"metrics-hadoop-metrics2-reporter-11-thread-1" daemon prio=5 tid=829 timed_waiting
java.lang.Thread.State: TIMED_WAITING
        at sun.misc.Unsafe.park(Native Method)
        at java.util.concurrent.locks.LockSupport.parkNanos(LockSupport.java:215)
        at java.util.concurrent.locks.AbstractQueuedSynchronizer$ConditionObject.awaitNanos(AbstractQueuedSynchronizer.java:2078)
        at java.util.concurrent.ScheduledThreadPoolExecutor$DelayedWorkQueue.take(ScheduledThreadPoolExecutor.java:1093)
        at java.util.concurrent.ScheduledThreadPoolExecutor$DelayedWorkQueue.take(ScheduledThreadPoolExecutor.java:809)
        at java.util.concurrent.ThreadPoolExecutor.getTask(ThreadPoolExecutor.java:1074)
        at java.util.concurrent.ThreadPoolExecutor.runWorker(ThreadPoolExecutor.java:1134)
        at java.util.concurrent.ThreadPoolExecutor$Worker.run(ThreadPoolExecutor.java:624)
        at java.lang.Thread.run(Thread.java:748)
"qtp978035840-141" daemon prio=5 tid=141 timed_waiting
java.lang.Thread.State: TIMED_WAITING
        at sun.misc.Unsafe.park(Native Method)
        at java.util.concurrent.locks.LockSupport.parkNanos(LockSupport.java:215)
        at java.util.concurrent.locks.AbstractQueuedSynchronizer$ConditionObject.awaitNanos(AbstractQueuedSynchronizer.java:2078)
        at org.eclipse.jetty.util.BlockingArrayQueue.poll(BlockingArrayQueue.java:392)
        at org.eclipse.jetty.util.thread.QueuedThreadPool.idleJobPoll(QueuedThreadPool.java:563)
        at org.eclipse.jetty.util.thread.QueuedThreadPool.access$800(QueuedThreadPool.java:48)
        at org.eclipse.jetty.util.thread.QueuedThreadPool$2.run(QueuedThreadPool.java:626)
        at java.lang.Thread.run(Thread.java:748)
"Datanode ReportManager Thread - 1" daemon prio=5 tid=172 timed_waiting
java.lang.Thread.State: TIMED_WAITING
        at sun.misc.Unsafe.park(Native Method)
        at java.util.concurrent.locks.LockSupport.parkNanos(LockSupport.java:215)
        at java.util.concurrent.locks.AbstractQueuedSynchronizer$ConditionObject.awaitNanos(AbstractQueuedSynchronizer.java:2078)
        at java.util.concurrent.ScheduledThreadPoolExecutor$DelayedWorkQueue.take(ScheduledThreadPoolExecutor.java:1093)
        at java.util.concurrent.ScheduledThreadPoolExecutor$DelayedWorkQueue.take(ScheduledThreadPoolExecutor.java:809)
        at java.util.concurrent.ThreadPoolExecutor.getTask(ThreadPoolExecutor.java:1074)
        at java.util.concurrent.ThreadPoolExecutor.runWorker(ThreadPoolExecutor.java:1134)
        at java.util.concurrent.ThreadPoolExecutor$Worker.run(ThreadPoolExecutor.java:624)
        at java.lang.Thread.run(Thread.java:748)
"org.eclipse.jetty.server.session.HashSessionManager@6f94fb9dTimer" daemon prio=5 tid=275 timed_waiting
java.lang.Thread.State: TIMED_WAITING
        at sun.misc.Unsafe.park(Native Method)
        at java.util.concurrent.locks.LockSupport.parkNanos(LockSupport.java:215)
        at java.util.concurrent.locks.AbstractQueuedSynchronizer$ConditionObject.awaitNanos(AbstractQueuedSynchronizer.java:2078)
        at java.util.concurrent.ScheduledThreadPoolExecutor$DelayedWorkQueue.take(ScheduledThreadPoolExecutor.java:1093)
        at java.util.concurrent.ScheduledThreadPoolExecutor$DelayedWorkQueue.take(ScheduledThreadPoolExecutor.java:809)
        at java.util.concurrent.ThreadPoolExecutor.getTask(ThreadPoolExecutor.java:1074)
        at java.util.concurrent.ThreadPoolExecutor.runWorker(ThreadPoolExecutor.java:1134)
        at java.util.concurrent.ThreadPoolExecutor$Worker.run(ThreadPoolExecutor.java:624)
        at java.lang.Thread.run(Thread.java:748)
"pool-66-thread-14"  prio=5 tid=603 in Object.wait()
java.lang.Thread.State: WAITING (on object monitor)
        at sun.misc.Unsafe.park(Native Method)
        at java.util.concurrent.locks.LockSupport.park(LockSupport.java:175)
        at java.util.concurrent.locks.AbstractQueuedSynchronizer$ConditionObject.await(AbstractQueuedSynchronizer.java:2039)
        at java.util.concurrent.ArrayBlockingQueue.take(ArrayBlockingQueue.java:403)
        at java.util.concurrent.ThreadPoolExecutor.getTask(ThreadPoolExecutor.java:1074)
        at java.util.concurrent.ThreadPoolExecutor.runWorker(ThreadPoolExecutor.java:1134)
        at java.util.concurrent.ThreadPoolExecutor$Worker.run(ThreadPoolExecutor.java:624)
        at java.lang.Thread.run(Thread.java:748)
"pool-66-thread-3"  prio=5 tid=592 in Object.wait()
java.lang.Thread.State: WAITING (on object monitor)
        at sun.misc.Unsafe.park(Native Method)
        at java.util.concurrent.locks.LockSupport.park(LockSupport.java:175)
        at java.util.concurrent.locks.AbstractQueuedSynchronizer$ConditionObject.await(AbstractQueuedSynchronizer.java:2039)
        at java.util.concurrent.ArrayBlockingQueue.take(ArrayBlockingQueue.java:403)
        at java.util.concurrent.ThreadPoolExecutor.getTask(ThreadPoolExecutor.java:1074)
        at java.util.concurrent.ThreadPoolExecutor.runWorker(ThreadPoolExecutor.java:1134)
        at java.util.concurrent.ThreadPoolExecutor$Worker.run(ThreadPoolExecutor.java:624)
        at java.lang.Thread.run(Thread.java:748)
"EventQueue-DatanodeCommandForSCMNodeManager"  prio=5 tid=1011 in Object.wait()
java.lang.Thread.State: WAITING (on object monitor)
        at sun.misc.Unsafe.park(Native Method)
        at java.util.concurrent.locks.LockSupport.park(LockSupport.java:175)
        at java.util.concurrent.locks.AbstractQueuedSynchronizer$ConditionObject.await(AbstractQueuedSynchronizer.java:2039)
        at java.util.concurrent.LinkedBlockingQueue.take(LinkedBlockingQueue.java:442)
        at java.util.concurrent.ThreadPoolExecutor.getTask(ThreadPoolExecutor.java:1074)
        at java.util.concurrent.ThreadPoolExecutor.runWorker(ThreadPoolExecutor.java:1134)
        at java.util.concurrent.ThreadPoolExecutor$Worker.run(ThreadPoolExecutor.java:624)
        at java.lang.Thread.run(Thread.java:748)
"IPC Server handler 4 on 46754" daemon prio=5 tid=53 timed_waiting
java.lang.Thread.State: TIMED_WAITING
        at sun.misc.Unsafe.park(Native Method)
        at java.util.concurrent.locks.LockSupport.parkNanos(LockSupport.java:215)
        at java.util.concurrent.locks.AbstractQueuedSynchronizer$ConditionObject.awaitNanos(AbstractQueuedSynchronizer.java:2078)
        at java.util.concurrent.LinkedBlockingQueue.poll(LinkedBlockingQueue.java:467)
        at org.apache.hadoop.ipc.CallQueueManager.take(CallQueueManager.java:288)
        at org.apache.hadoop.ipc.Server$Handler.run(Server.java:2668)
"pool-26-thread-12"  prio=5 tid=352 in Object.wait()
java.lang.Thread.State: WAITING (on object monitor)
        at sun.misc.Unsafe.park(Native Method)
        at java.util.concurrent.locks.LockSupport.park(LockSupport.java:175)
        at java.util.concurrent.locks.AbstractQueuedSynchronizer$ConditionObject.await(AbstractQueuedSynchronizer.java:2039)
        at java.util.concurrent.ArrayBlockingQueue.take(ArrayBlockingQueue.java:403)
        at java.util.concurrent.ThreadPoolExecutor.getTask(ThreadPoolExecutor.java:1074)
        at java.util.concurrent.ThreadPoolExecutor.runWorker(ThreadPoolExecutor.java:1134)
        at java.util.concurrent.ThreadPoolExecutor$Worker.run(ThreadPoolExecutor.java:624)
        at java.lang.Thread.run(Thread.java:748)
"Thread-1574" daemon prio=5 tid=2249 timed_waiting
java.lang.Thread.State: TIMED_WAITING
        at sun.misc.Unsafe.park(Native Method)
        at java.util.concurrent.locks.LockSupport.parkNanos(LockSupport.java:215)
        at java.util.concurrent.locks.AbstractQueuedSynchronizer$ConditionObject.awaitNanos(AbstractQueuedSynchronizer.java:2078)
        at java.util.concurrent.ArrayBlockingQueue.poll(ArrayBlockingQueue.java:418)
        at org.apache.ratis.server.impl.LeaderState$EventQueue.poll(LeaderState.java:115)
        at org.apache.ratis.server.impl.LeaderState$EventProcessor.run(LeaderState.java:457)
"IPC Client (817941759) connection to /0.0.0.0:38980 from jenkins1000" daemon prio=5 tid=340 timed_waiting
java.lang.Thread.State: TIMED_WAITING
        at java.lang.Object.wait(Native Method)
        at org.apache.hadoop.ipc.Client$Connection.waitForWork(Client.java:1024)
        at org.apache.hadoop.ipc.Client$Connection.run(Client.java:1068)
"qtp1179244298-163" daemon prio=5 tid=163 timed_waiting
java.lang.Thread.State: TIMED_WAITING
        at sun.misc.Unsafe.park(Native Method)
        at java.util.concurrent.locks.LockSupport.parkNanos(LockSupport.java:215)
        at java.util.concurrent.locks.AbstractQueuedSynchronizer$ConditionObject.awaitNanos(AbstractQueuedSynchronizer.java:2078)
        at org.eclipse.jetty.util.BlockingArrayQueue.poll(BlockingArrayQueue.java:392)
        at org.eclipse.jetty.util.thread.QueuedThreadPool.idleJobPoll(QueuedThreadPool.java:563)
        at org.eclipse.jetty.util.thread.QueuedThreadPool.access$800(QueuedThreadPool.java:48)
        at org.eclipse.jetty.util.thread.QueuedThreadPool$2.run(QueuedThreadPool.java:626)
        at java.lang.Thread.run(Thread.java:748)
"a413c2ef-7abc-47d7-b263-b9548e673ba5@group-5D9677AA7517-StateMachineUpdater" daemon prio=5 tid=815 in Object.wait()
java.lang.Thread.State: WAITING (on object monitor)
        at java.lang.Object.wait(Native Method)
        at java.lang.Object.wait(Object.java:502)
        at org.apache.ratis.server.impl.StateMachineUpdater.waitForCommit(StateMachineUpdater.java:183)
        at org.apache.ratis.server.impl.StateMachineUpdater.run(StateMachineUpdater.java:148)
        at java.lang.Thread.run(Thread.java:748)
"pool-46-thread-31"  prio=5 tid=491 in Object.wait()
java.lang.Thread.State: WAITING (on object monitor)
        at sun.misc.Unsafe.park(Native Method)
        at java.util.concurrent.locks.LockSupport.park(LockSupport.java:175)
        at java.util.concurrent.locks.AbstractQueuedSynchronizer$ConditionObject.await(AbstractQueuedSynchronizer.java:2039)
        at java.util.concurrent.ArrayBlockingQueue.take(ArrayBlockingQueue.java:403)
        at java.util.concurrent.ThreadPoolExecutor.getTask(ThreadPoolExecutor.java:1074)
        at java.util.concurrent.ThreadPoolExecutor.runWorker(ThreadPoolExecutor.java:1134)
        at java.util.concurrent.ThreadPoolExecutor$Worker.run(ThreadPoolExecutor.java:624)
        at java.lang.Thread.run(Thread.java:748)
"pool-86-thread-19"  prio=5 tid=732 in Object.wait()
java.lang.Thread.State: WAITING (on object monitor)
        at sun.misc.Unsafe.park(Native Method)
        at java.util.concurrent.locks.LockSupport.park(LockSupport.java:175)
        at java.util.concurrent.locks.AbstractQueuedSynchronizer$ConditionObject.await(AbstractQueuedSynchronizer.java:2039)
        at java.util.concurrent.ArrayBlockingQueue.take(ArrayBlockingQueue.java:403)
        at java.util.concurrent.ThreadPoolExecutor.getTask(ThreadPoolExecutor.java:1074)
        at java.util.concurrent.ThreadPoolExecutor.runWorker(ThreadPoolExecutor.java:1134)
        at java.util.concurrent.ThreadPoolExecutor$Worker.run(ThreadPoolExecutor.java:624)
        at java.lang.Thread.run(Thread.java:748)
"pool-36-thread-37"  prio=5 tid=437 in Object.wait()
java.lang.Thread.State: WAITING (on object monitor)
        at sun.misc.Unsafe.park(Native Method)
        at java.util.concurrent.locks.LockSupport.park(LockSupport.java:175)
        at java.util.concurrent.locks.AbstractQueuedSynchronizer$ConditionObject.await(AbstractQueuedSynchronizer.java:2039)
        at java.util.concurrent.ArrayBlockingQueue.take(ArrayBlockingQueue.java:403)
        at java.util.concurrent.ThreadPoolExecutor.getTask(ThreadPoolExecutor.java:1074)
        at java.util.concurrent.ThreadPoolExecutor.runWorker(ThreadPoolExecutor.java:1134)
        at java.util.concurrent.ThreadPoolExecutor$Worker.run(ThreadPoolExecutor.java:624)
        at java.lang.Thread.run(Thread.java:748)
"pool-86-thread-22"  prio=5 tid=735 in Object.wait()
java.lang.Thread.State: WAITING (on object monitor)
        at sun.misc.Unsafe.park(Native Method)
        at java.util.concurrent.locks.LockSupport.park(LockSupport.java:175)
        at java.util.concurrent.locks.AbstractQueuedSynchronizer$ConditionObject.await(AbstractQueuedSynchronizer.java:2039)
        at java.util.concurrent.ArrayBlockingQueue.take(ArrayBlockingQueue.java:403)
        at java.util.concurrent.ThreadPoolExecutor.getTask(ThreadPoolExecutor.java:1074)
        at java.util.concurrent.ThreadPoolExecutor.runWorker(ThreadPoolExecutor.java:1134)
        at java.util.concurrent.ThreadPoolExecutor$Worker.run(ThreadPoolExecutor.java:624)
        at java.lang.Thread.run(Thread.java:748)
"pool-46-thread-19"  prio=5 tid=479 in Object.wait()
java.lang.Thread.State: WAITING (on object monitor)
        at sun.misc.Unsafe.park(Native Method)
        at java.util.concurrent.locks.LockSupport.park(LockSupport.java:175)
        at java.util.concurrent.locks.AbstractQueuedSynchronizer$ConditionObject.await(AbstractQueuedSynchronizer.java:2039)
        at java.util.concurrent.ArrayBlockingQueue.take(ArrayBlockingQueue.java:403)
        at java.util.concurrent.ThreadPoolExecutor.getTask(ThreadPoolExecutor.java:1074)
        at java.util.concurrent.ThreadPoolExecutor.runWorker(ThreadPoolExecutor.java:1134)
        at java.util.concurrent.ThreadPoolExecutor$Worker.run(ThreadPoolExecutor.java:624)
        at java.lang.Thread.run(Thread.java:748)
"pool-26-thread-31"  prio=5 tid=371 in Object.wait()
java.lang.Thread.State: WAITING (on object monitor)
        at sun.misc.Unsafe.park(Native Method)
        at java.util.concurrent.locks.LockSupport.park(LockSupport.java:175)
        at java.util.concurrent.locks.AbstractQueuedSynchronizer$ConditionObject.await(AbstractQueuedSynchronizer.java:2039)
        at java.util.concurrent.ArrayBlockingQueue.take(ArrayBlockingQueue.java:403)
        at java.util.concurrent.ThreadPoolExecutor.getTask(ThreadPoolExecutor.java:1074)
        at java.util.concurrent.ThreadPoolExecutor.runWorker(ThreadPoolExecutor.java:1134)
        at java.util.concurrent.ThreadPoolExecutor$Worker.run(ThreadPoolExecutor.java:624)
        at java.lang.Thread.run(Thread.java:748)
"pool-76-thread-55"  prio=5 tid=706 in Object.wait()
java.lang.Thread.State: WAITING (on object monitor)
        at sun.misc.Unsafe.park(Native Method)
        at java.util.concurrent.locks.LockSupport.park(LockSupport.java:175)
        at java.util.concurrent.locks.AbstractQueuedSynchronizer$ConditionObject.await(AbstractQueuedSynchronizer.java:2039)
        at java.util.concurrent.ArrayBlockingQueue.take(ArrayBlockingQueue.java:403)
        at java.util.concurrent.ThreadPoolExecutor.getTask(ThreadPoolExecutor.java:1074)
        at java.util.concurrent.ThreadPoolExecutor.runWorker(ThreadPoolExecutor.java:1134)
        at java.util.concurrent.ThreadPoolExecutor$Worker.run(ThreadPoolExecutor.java:624)
        at java.lang.Thread.run(Thread.java:748)
"pool-66-thread-7"  prio=5 tid=596 in Object.wait()
java.lang.Thread.State: WAITING (on object monitor)
        at sun.misc.Unsafe.park(Native Method)
        at java.util.concurrent.locks.LockSupport.park(LockSupport.java:175)
        at java.util.concurrent.locks.AbstractQueuedSynchronizer$ConditionObject.await(AbstractQueuedSynchronizer.java:2039)
        at java.util.concurrent.ArrayBlockingQueue.take(ArrayBlockingQueue.java:403)
        at java.util.concurrent.ThreadPoolExecutor.getTask(ThreadPoolExecutor.java:1074)
        at java.util.concurrent.ThreadPoolExecutor.runWorker(ThreadPoolExecutor.java:1134)
        at java.util.concurrent.ThreadPoolExecutor$Worker.run(ThreadPoolExecutor.java:624)
        at java.lang.Thread.run(Thread.java:748)
"qtp1092382020-271" daemon prio=5 tid=271 timed_waiting
java.lang.Thread.State: TIMED_WAITING
        at sun.misc.Unsafe.park(Native Method)
        at java.util.concurrent.locks.LockSupport.parkNanos(LockSupport.java:215)
        at java.util.concurrent.locks.AbstractQueuedSynchronizer$ConditionObject.awaitNanos(AbstractQueuedSynchronizer.java:2078)
        at org.eclipse.jetty.util.BlockingArrayQueue.poll(BlockingArrayQueue.java:392)
        at org.eclipse.jetty.util.thread.QueuedThreadPool.idleJobPoll(QueuedThreadPool.java:563)
        at org.eclipse.jetty.util.thread.QueuedThreadPool.access$800(QueuedThreadPool.java:48)
        at org.eclipse.jetty.util.thread.QueuedThreadPool$2.run(QueuedThreadPool.java:626)
        at java.lang.Thread.run(Thread.java:748)
"pool-36-thread-8"  prio=5 tid=408 in Object.wait()
java.lang.Thread.State: WAITING (on object monitor)
        at sun.misc.Unsafe.park(Native Method)
        at java.util.concurrent.locks.LockSupport.park(LockSupport.java:175)
        at java.util.concurrent.locks.AbstractQueuedSynchronizer$ConditionObject.await(AbstractQueuedSynchronizer.java:2039)
        at java.util.concurrent.ArrayBlockingQueue.take(ArrayBlockingQueue.java:403)
        at java.util.concurrent.ThreadPoolExecutor.getTask(ThreadPoolExecutor.java:1074)
        at java.util.concurrent.ThreadPoolExecutor.runWorker(ThreadPoolExecutor.java:1134)
        at java.util.concurrent.ThreadPoolExecutor$Worker.run(ThreadPoolExecutor.java:624)
        at java.lang.Thread.run(Thread.java:748)
"pool-66-thread-40"  prio=5 tid=629 in Object.wait()
java.lang.Thread.State: WAITING (on object monitor)
        at sun.misc.Unsafe.park(Native Method)
        at java.util.concurrent.locks.LockSupport.park(LockSupport.java:175)
        at java.util.concurrent.locks.AbstractQueuedSynchronizer$ConditionObject.await(AbstractQueuedSynchronizer.java:2039)
        at java.util.concurrent.ArrayBlockingQueue.take(ArrayBlockingQueue.java:403)
        at java.util.concurrent.ThreadPoolExecutor.getTask(ThreadPoolExecutor.java:1074)
        at java.util.concurrent.ThreadPoolExecutor.runWorker(ThreadPoolExecutor.java:1134)
        at java.util.concurrent.ThreadPoolExecutor$Worker.run(ThreadPoolExecutor.java:624)
        at java.lang.Thread.run(Thread.java:748)
"Thread-1572" daemon prio=5 tid=2246 timed_waiting
java.lang.Thread.State: TIMED_WAITING
        at java.lang.Thread.sleep(Native Method)
        at org.apache.ratis.util.JavaUtils.sleep(JavaUtils.java:247)
        at org.apache.ratis.server.impl.FollowerState.run(FollowerState.java:96)
"qtp1128600792-241-acceptor-0@71af3d9c-ServerConnector@3d4e405e{HTTP/1.1,[http/1.1]}{0.0.0.0:34764}" daemon prio=3 tid=241 runnable
java.lang.Thread.State: RUNNABLE
        at sun.nio.ch.ServerSocketChannelImpl.accept0(Native Method)
        at sun.nio.ch.ServerSocketChannelImpl.accept(ServerSocketChannelImpl.java:422)
        at sun.nio.ch.ServerSocketChannelImpl.accept(ServerSocketChannelImpl.java:250)
        at org.eclipse.jetty.server.ServerConnector.accept(ServerConnector.java:397)
        at org.eclipse.jetty.server.AbstractConnector$Acceptor.run(AbstractConnector.java:601)
        at org.eclipse.jetty.util.thread.QueuedThreadPool.runJob(QueuedThreadPool.java:671)
        at org.eclipse.jetty.util.thread.QueuedThreadPool$2.run(QueuedThreadPool.java:589)
        at java.lang.Thread.run(Thread.java:748)
"pool-86-thread-14"  prio=5 tid=727 in Object.wait()
java.lang.Thread.State: WAITING (on object monitor)
        at sun.misc.Unsafe.park(Native Method)
        at java.util.concurrent.locks.LockSupport.park(LockSupport.java:175)
        at java.util.concurrent.locks.AbstractQueuedSynchronizer$ConditionObject.await(AbstractQueuedSynchronizer.java:2039)
        at java.util.concurrent.ArrayBlockingQueue.take(ArrayBlockingQueue.java:403)
        at java.util.concurrent.ThreadPoolExecutor.getTask(ThreadPoolExecutor.java:1074)
        at java.util.concurrent.ThreadPoolExecutor.runWorker(ThreadPoolExecutor.java:1134)
        at java.util.concurrent.ThreadPoolExecutor$Worker.run(ThreadPoolExecutor.java:624)
        at java.lang.Thread.run(Thread.java:748)
"pool-56-thread-37"  prio=5 tid=564 in Object.wait()
java.lang.Thread.State: WAITING (on object monitor)
        at sun.misc.Unsafe.park(Native Method)
        at java.util.concurrent.locks.LockSupport.park(LockSupport.java:175)
        at java.util.concurrent.locks.AbstractQueuedSynchronizer$ConditionObject.await(AbstractQueuedSynchronizer.java:2039)
        at java.util.concurrent.ArrayBlockingQueue.take(ArrayBlockingQueue.java:403)
        at java.util.concurrent.ThreadPoolExecutor.getTask(ThreadPoolExecutor.java:1074)
        at java.util.concurrent.ThreadPoolExecutor.runWorker(ThreadPoolExecutor.java:1134)
        at java.util.concurrent.ThreadPoolExecutor$Worker.run(ThreadPoolExecutor.java:624)
        at java.lang.Thread.run(Thread.java:748)
"PartialTableCache Cleanup Thread - 0" daemon prio=5 tid=844 in Object.wait()
java.lang.Thread.State: WAITING (on object monitor)
        at sun.misc.Unsafe.park(Native Method)
        at java.util.concurrent.locks.LockSupport.park(LockSupport.java:175)
        at java.util.concurrent.locks.AbstractQueuedSynchronizer$ConditionObject.await(AbstractQueuedSynchronizer.java:2039)
        at java.util.concurrent.LinkedBlockingQueue.take(LinkedBlockingQueue.java:442)
        at java.util.concurrent.ThreadPoolExecutor.getTask(ThreadPoolExecutor.java:1074)
        at java.util.concurrent.ThreadPoolExecutor.runWorker(ThreadPoolExecutor.java:1134)
        at java.util.concurrent.ThreadPoolExecutor$Worker.run(ThreadPoolExecutor.java:624)
        at java.lang.Thread.run(Thread.java:748)
"pool-90-thread-1"  prio=5 tid=320 timed_waiting
java.lang.Thread.State: TIMED_WAITING
        at sun.misc.Unsafe.park(Native Method)
        at java.util.concurrent.locks.LockSupport.parkNanos(LockSupport.java:215)
        at java.util.concurrent.locks.AbstractQueuedSynchronizer$ConditionObject.awaitNanos(AbstractQueuedSynchronizer.java:2078)
        at java.util.concurrent.ScheduledThreadPoolExecutor$DelayedWorkQueue.take(ScheduledThreadPoolExecutor.java:1093)
        at java.util.concurrent.ScheduledThreadPoolExecutor$DelayedWorkQueue.take(ScheduledThreadPoolExecutor.java:809)
        at java.util.concurrent.ThreadPoolExecutor.getTask(ThreadPoolExecutor.java:1074)
        at java.util.concurrent.ThreadPoolExecutor.runWorker(ThreadPoolExecutor.java:1134)
        at java.util.concurrent.ThreadPoolExecutor$Worker.run(ThreadPoolExecutor.java:624)
        at java.lang.Thread.run(Thread.java:748)
"IPC Server handler 6 on 38980" daemon prio=5 tid=75 timed_waiting
java.lang.Thread.State: TIMED_WAITING
        at sun.misc.Unsafe.park(Native Method)
        at java.util.concurrent.locks.LockSupport.parkNanos(LockSupport.java:215)
        at java.util.concurrent.locks.AbstractQueuedSynchronizer$ConditionObject.awaitNanos(AbstractQueuedSynchronizer.java:2078)
        at java.util.concurrent.LinkedBlockingQueue.poll(LinkedBlockingQueue.java:467)
        at org.apache.hadoop.ipc.CallQueueManager.take(CallQueueManager.java:288)
        at org.apache.hadoop.ipc.Server$Handler.run(Server.java:2668)
"org.eclipse.jetty.server.session.HashSessionManager@4cafa9aaTimer" daemon prio=5 tid=145 timed_waiting
java.lang.Thread.State: TIMED_WAITING
        at sun.misc.Unsafe.park(Native Method)
        at java.util.concurrent.locks.LockSupport.parkNanos(LockSupport.java:215)
        at java.util.concurrent.locks.AbstractQueuedSynchronizer$ConditionObject.awaitNanos(AbstractQueuedSynchronizer.java:2078)
        at java.util.concurrent.ScheduledThreadPoolExecutor$DelayedWorkQueue.take(ScheduledThreadPoolExecutor.java:1093)
        at java.util.concurrent.ScheduledThreadPoolExecutor$DelayedWorkQueue.take(ScheduledThreadPoolExecutor.java:809)
        at java.util.concurrent.ThreadPoolExecutor.getTask(ThreadPoolExecutor.java:1074)
        at java.util.concurrent.ThreadPoolExecutor.runWorker(ThreadPoolExecutor.java:1134)
        at java.util.concurrent.ThreadPoolExecutor$Worker.run(ThreadPoolExecutor.java:624)
        at java.lang.Thread.run(Thread.java:748)
"pool-56-thread-39"  prio=5 tid=566 in Object.wait()
java.lang.Thread.State: WAITING (on object monitor)
        at sun.misc.Unsafe.park(Native Method)
        at java.util.concurrent.locks.LockSupport.park(LockSupport.java:175)
        at java.util.concurrent.locks.AbstractQueuedSynchronizer$ConditionObject.await(AbstractQueuedSynchronizer.java:2039)
        at java.util.concurrent.ArrayBlockingQueue.take(ArrayBlockingQueue.java:403)
        at java.util.concurrent.ThreadPoolExecutor.getTask(ThreadPoolExecutor.java:1074)
        at java.util.concurrent.ThreadPoolExecutor.runWorker(ThreadPoolExecutor.java:1134)
        at java.util.concurrent.ThreadPoolExecutor$Worker.run(ThreadPoolExecutor.java:624)
        at java.lang.Thread.run(Thread.java:748)
"qtp292890110-190" daemon prio=5 tid=190 timed_waiting
java.lang.Thread.State: TIMED_WAITING
        at sun.misc.Unsafe.park(Native Method)
        at java.util.concurrent.locks.LockSupport.parkNanos(LockSupport.java:215)
        at java.util.concurrent.locks.AbstractQueuedSynchronizer$ConditionObject.awaitNanos(AbstractQueuedSynchronizer.java:2078)
        at org.eclipse.jetty.util.BlockingArrayQueue.poll(BlockingArrayQueue.java:392)
        at org.eclipse.jetty.util.thread.QueuedThreadPool.idleJobPoll(QueuedThreadPool.java:563)
        at org.eclipse.jetty.util.thread.QueuedThreadPool.access$800(QueuedThreadPool.java:48)
        at org.eclipse.jetty.util.thread.QueuedThreadPool$2.run(QueuedThreadPool.java:626)
        at java.lang.Thread.run(Thread.java:748)
"java.util.concurrent.ThreadPoolExecutor$Worker@5a00bc07[State = -1, empty queue]" daemon prio=5 tid=3954 runnable
java.lang.Thread.State: RUNNABLE
        at java.util.concurrent.ScheduledThreadPoolExecutor$DelayedWorkQueue.poll(ScheduledThreadPoolExecutor.java:809)
        at java.util.concurrent.ThreadPoolExecutor.getTask(ThreadPoolExecutor.java:1073)
        at java.util.concurrent.ThreadPoolExecutor.runWorker(ThreadPoolExecutor.java:1134)
        at java.util.concurrent.ThreadPoolExecutor$Worker.run(ThreadPoolExecutor.java:624)
        at java.lang.Thread.run(Thread.java:748)
"metrics-hadoop-metrics2-reporter-15-thread-1" daemon prio=5 tid=858 timed_waiting
java.lang.Thread.State: TIMED_WAITING
        at sun.misc.Unsafe.park(Native Method)
        at java.util.concurrent.locks.LockSupport.parkNanos(LockSupport.java:215)
        at java.util.concurrent.locks.AbstractQueuedSynchronizer$ConditionObject.awaitNanos(AbstractQueuedSynchronizer.java:2078)
        at java.util.concurrent.ScheduledThreadPoolExecutor$DelayedWorkQueue.take(ScheduledThreadPoolExecutor.java:1093)
        at java.util.concurrent.ScheduledThreadPoolExecutor$DelayedWorkQueue.take(ScheduledThreadPoolExecutor.java:809)
        at java.util.concurrent.ThreadPoolExecutor.getTask(ThreadPoolExecutor.java:1074)
        at java.util.concurrent.ThreadPoolExecutor.runWorker(ThreadPoolExecutor.java:1134)
        at java.util.concurrent.ThreadPoolExecutor$Worker.run(ThreadPoolExecutor.java:624)
        at java.lang.Thread.run(Thread.java:748)
"pool-66-thread-17"  prio=5 tid=606 in Object.wait()
java.lang.Thread.State: WAITING (on object monitor)
        at sun.misc.Unsafe.park(Native Method)
        at java.util.concurrent.locks.LockSupport.park(LockSupport.java:175)
        at java.util.concurrent.locks.AbstractQueuedSynchronizer$ConditionObject.await(AbstractQueuedSynchronizer.java:2039)
        at java.util.concurrent.ArrayBlockingQueue.take(ArrayBlockingQueue.java:403)
        at java.util.concurrent.ThreadPoolExecutor.getTask(ThreadPoolExecutor.java:1074)
        at java.util.concurrent.ThreadPoolExecutor.runWorker(ThreadPoolExecutor.java:1134)
        at java.util.concurrent.ThreadPoolExecutor$Worker.run(ThreadPoolExecutor.java:624)
        at java.lang.Thread.run(Thread.java:748)
"qtp523528914-326" daemon prio=5 tid=326 timed_waiting
java.lang.Thread.State: TIMED_WAITING
        at sun.misc.Unsafe.park(Native Method)
        at java.util.concurrent.locks.LockSupport.parkNanos(LockSupport.java:215)
        at java.util.concurrent.locks.AbstractQueuedSynchronizer$ConditionObject.awaitNanos(AbstractQueuedSynchronizer.java:2078)
        at org.eclipse.jetty.util.BlockingArrayQueue.poll(BlockingArrayQueue.java:392)
        at org.eclipse.jetty.util.thread.QueuedThreadPool.idleJobPoll(QueuedThreadPool.java:563)
        at org.eclipse.jetty.util.thread.QueuedThreadPool.access$800(QueuedThreadPool.java:48)
        at org.eclipse.jetty.util.thread.QueuedThreadPool$2.run(QueuedThreadPool.java:626)
        at java.lang.Thread.run(Thread.java:748)
"IPC Server handler 14 on 40419" daemon prio=5 tid=43 timed_waiting
java.lang.Thread.State: TIMED_WAITING
        at sun.misc.Unsafe.park(Native Method)
        at java.util.concurrent.locks.LockSupport.parkNanos(LockSupport.java:215)
        at java.util.concurrent.locks.AbstractQueuedSynchronizer$ConditionObject.awaitNanos(AbstractQueuedSynchronizer.java:2078)
        at java.util.concurrent.LinkedBlockingQueue.poll(LinkedBlockingQueue.java:467)
        at org.apache.hadoop.ipc.CallQueueManager.take(CallQueueManager.java:288)
        at org.apache.hadoop.ipc.Server$Handler.run(Server.java:2668)
"pool-36-thread-33"  prio=5 tid=433 in Object.wait()
java.lang.Thread.State: WAITING (on object monitor)
        at sun.misc.Unsafe.park(Native Method)
        at java.util.concurrent.locks.LockSupport.park(LockSupport.java:175)
        at java.util.concurrent.locks.AbstractQueuedSynchronizer$ConditionObject.await(AbstractQueuedSynchronizer.java:2039)
        at java.util.concurrent.ArrayBlockingQueue.take(ArrayBlockingQueue.java:403)
        at java.util.concurrent.ThreadPoolExecutor.getTask(ThreadPoolExecutor.java:1074)
        at java.util.concurrent.ThreadPoolExecutor.runWorker(ThreadPoolExecutor.java:1134)
        at java.util.concurrent.ThreadPoolExecutor$Worker.run(ThreadPoolExecutor.java:624)
        at java.lang.Thread.run(Thread.java:748)
"pool-86-thread-10"  prio=5 tid=723 in Object.wait()
java.lang.Thread.State: WAITING (on object monitor)
        at sun.misc.Unsafe.park(Native Method)
        at java.util.concurrent.locks.LockSupport.park(LockSupport.java:175)
        at java.util.concurrent.locks.AbstractQueuedSynchronizer$ConditionObject.await(AbstractQueuedSynchronizer.java:2039)
        at java.util.concurrent.ArrayBlockingQueue.take(ArrayBlockingQueue.java:403)
        at java.util.concurrent.ThreadPoolExecutor.getTask(ThreadPoolExecutor.java:1074)
        at java.util.concurrent.ThreadPoolExecutor.runWorker(ThreadPoolExecutor.java:1134)
        at java.util.concurrent.ThreadPoolExecutor$Worker.run(ThreadPoolExecutor.java:624)
        at java.lang.Thread.run(Thread.java:748)
"pool-76-thread-14"  prio=5 tid=665 in Object.wait()
java.lang.Thread.State: WAITING (on object monitor)
        at sun.misc.Unsafe.park(Native Method)
        at java.util.concurrent.locks.LockSupport.park(LockSupport.java:175)
        at java.util.concurrent.locks.AbstractQueuedSynchronizer$ConditionObject.await(AbstractQueuedSynchronizer.java:2039)
        at java.util.concurrent.ArrayBlockingQueue.take(ArrayBlockingQueue.java:403)
        at java.util.concurrent.ThreadPoolExecutor.getTask(ThreadPoolExecutor.java:1074)
        at java.util.concurrent.ThreadPoolExecutor.runWorker(ThreadPoolExecutor.java:1134)
        at java.util.concurrent.ThreadPoolExecutor$Worker.run(ThreadPoolExecutor.java:624)
        at java.lang.Thread.run(Thread.java:748)
"IPC Server handler 12 on 38980" daemon prio=5 tid=81 timed_waiting
java.lang.Thread.State: TIMED_WAITING
        at sun.misc.Unsafe.park(Native Method)
        at java.util.concurrent.locks.LockSupport.parkNanos(LockSupport.java:215)
        at java.util.concurrent.locks.AbstractQueuedSynchronizer$ConditionObject.awaitNanos(AbstractQueuedSynchronizer.java:2078)
        at java.util.concurrent.LinkedBlockingQueue.poll(LinkedBlockingQueue.java:467)
        at org.apache.hadoop.ipc.CallQueueManager.take(CallQueueManager.java:288)
        at org.apache.hadoop.ipc.Server$Handler.run(Server.java:2668)
"IPC Server handler 12 on 40610" daemon prio=5 tid=127 timed_waiting
java.lang.Thread.State: TIMED_WAITING
        at sun.misc.Unsafe.park(Native Method)
        at java.util.concurrent.locks.LockSupport.parkNanos(LockSupport.java:215)
        at java.util.concurrent.locks.AbstractQueuedSynchronizer$ConditionObject.awaitNanos(AbstractQueuedSynchronizer.java:2078)
        at java.util.concurrent.LinkedBlockingQueue.poll(LinkedBlockingQueue.java:467)
        at org.apache.hadoop.ipc.CallQueueManager.take(CallQueueManager.java:288)
        at org.apache.hadoop.ipc.Server$Handler.run(Server.java:2668)
"pool-46-thread-48"  prio=5 tid=508 in Object.wait()
java.lang.Thread.State: WAITING (on object monitor)
        at sun.misc.Unsafe.park(Native Method)
        at java.util.concurrent.locks.LockSupport.park(LockSupport.java:175)
        at java.util.concurrent.locks.AbstractQueuedSynchronizer$ConditionObject.await(AbstractQueuedSynchronizer.java:2039)
        at java.util.concurrent.ArrayBlockingQueue.take(ArrayBlockingQueue.java:403)
        at java.util.concurrent.ThreadPoolExecutor.getTask(ThreadPoolExecutor.java:1074)
        at java.util.concurrent.ThreadPoolExecutor.runWorker(ThreadPoolExecutor.java:1134)
        at java.util.concurrent.ThreadPoolExecutor$Worker.run(ThreadPoolExecutor.java:624)
        at java.lang.Thread.run(Thread.java:748)
"BlockDeletingService#1" daemon prio=5 tid=713 in Object.wait()
java.lang.Thread.State: WAITING (on object monitor)
        at sun.misc.Unsafe.park(Native Method)
        at java.util.concurrent.locks.LockSupport.park(LockSupport.java:175)
        at java.util.concurrent.locks.AbstractQueuedSynchronizer$ConditionObject.await(AbstractQueuedSynchronizer.java:2039)
        at java.util.concurrent.ScheduledThreadPoolExecutor$DelayedWorkQueue.take(ScheduledThreadPoolExecutor.java:1088)
        at java.util.concurrent.ScheduledThreadPoolExecutor$DelayedWorkQueue.take(ScheduledThreadPoolExecutor.java:809)
        at java.util.concurrent.ThreadPoolExecutor.getTask(ThreadPoolExecutor.java:1074)
        at java.util.concurrent.ThreadPoolExecutor.runWorker(ThreadPoolExecutor.java:1134)
        at java.util.concurrent.ThreadPoolExecutor$Worker.run(ThreadPoolExecutor.java:624)
        at java.lang.Thread.run(Thread.java:748)
"pool-66-thread-26"  prio=5 tid=615 in Object.wait()
java.lang.Thread.State: WAITING (on object monitor)
        at sun.misc.Unsafe.park(Native Method)
        at java.util.concurrent.locks.LockSupport.park(LockSupport.java:175)
        at java.util.concurrent.locks.AbstractQueuedSynchronizer$ConditionObject.await(AbstractQueuedSynchronizer.java:2039)
        at java.util.concurrent.ArrayBlockingQueue.take(ArrayBlockingQueue.java:403)
        at java.util.concurrent.ThreadPoolExecutor.getTask(ThreadPoolExecutor.java:1074)
        at java.util.concurrent.ThreadPoolExecutor.runWorker(ThreadPoolExecutor.java:1134)
        at java.util.concurrent.ThreadPoolExecutor$Worker.run(ThreadPoolExecutor.java:624)
        at java.lang.Thread.run(Thread.java:748)
"pool-66-thread-33"  prio=5 tid=622 in Object.wait()
java.lang.Thread.State: WAITING (on object monitor)
        at sun.misc.Unsafe.park(Native Method)
        at java.util.concurrent.locks.LockSupport.park(LockSupport.java:175)
        at java.util.concurrent.locks.AbstractQueuedSynchronizer$ConditionObject.await(AbstractQueuedSynchronizer.java:2039)
        at java.util.concurrent.ArrayBlockingQueue.take(ArrayBlockingQueue.java:403)
        at java.util.concurrent.ThreadPoolExecutor.getTask(ThreadPoolExecutor.java:1074)
        at java.util.concurrent.ThreadPoolExecutor.runWorker(ThreadPoolExecutor.java:1134)
        at java.util.concurrent.ThreadPoolExecutor$Worker.run(ThreadPoolExecutor.java:624)
        at java.lang.Thread.run(Thread.java:748)
"pool-36-thread-15"  prio=5 tid=415 in Object.wait()
java.lang.Thread.State: WAITING (on object monitor)
        at sun.misc.Unsafe.park(Native Method)
        at java.util.concurrent.locks.LockSupport.park(LockSupport.java:175)
        at java.util.concurrent.locks.AbstractQueuedSynchronizer$ConditionObject.await(AbstractQueuedSynchronizer.java:2039)
        at java.util.concurrent.ArrayBlockingQueue.take(ArrayBlockingQueue.java:403)
        at java.util.concurrent.ThreadPoolExecutor.getTask(ThreadPoolExecutor.java:1074)
        at java.util.concurrent.ThreadPoolExecutor.runWorker(ThreadPoolExecutor.java:1134)
        at java.util.concurrent.ThreadPoolExecutor$Worker.run(ThreadPoolExecutor.java:624)
        at java.lang.Thread.run(Thread.java:748)
"metrics-hadoop-metrics2-reporter-7-thread-1" daemon prio=5 tid=813 timed_waiting
java.lang.Thread.State: TIMED_WAITING
        at sun.misc.Unsafe.park(Native Method)
        at java.util.concurrent.locks.LockSupport.parkNanos(LockSupport.java:215)
        at java.util.concurrent.locks.AbstractQueuedSynchronizer$ConditionObject.awaitNanos(AbstractQueuedSynchronizer.java:2078)
        at java.util.concurrent.ScheduledThreadPoolExecutor$DelayedWorkQueue.take(ScheduledThreadPoolExecutor.java:1093)
        at java.util.concurrent.ScheduledThreadPoolExecutor$DelayedWorkQueue.take(ScheduledThreadPoolExecutor.java:809)
        at java.util.concurrent.ThreadPoolExecutor.getTask(ThreadPoolExecutor.java:1074)
        at java.util.concurrent.ThreadPoolExecutor.runWorker(ThreadPoolExecutor.java:1134)
        at java.util.concurrent.ThreadPoolExecutor$Worker.run(ThreadPoolExecutor.java:624)
        at java.lang.Thread.run(Thread.java:748)
"IPC Server handler 18 on 40419" daemon prio=5 tid=47 timed_waiting
java.lang.Thread.State: TIMED_WAITING
        at sun.misc.Unsafe.park(Native Method)
        at java.util.concurrent.locks.LockSupport.parkNanos(LockSupport.java:215)
        at java.util.concurrent.locks.AbstractQueuedSynchronizer$ConditionObject.awaitNanos(AbstractQueuedSynchronizer.java:2078)
        at java.util.concurrent.LinkedBlockingQueue.poll(LinkedBlockingQueue.java:467)
        at org.apache.hadoop.ipc.CallQueueManager.take(CallQueueManager.java:288)
        at org.apache.hadoop.ipc.Server$Handler.run(Server.java:2668)
"java.util.concurrent.ThreadPoolExecutor$Worker@1c94b476[State = -1, empty queue]" daemon prio=5 tid=3730 timed_waiting
java.lang.Thread.State: TIMED_WAITING
        at sun.misc.Unsafe.park(Native Method)
        at java.util.concurrent.locks.LockSupport.parkNanos(LockSupport.java:215)
        at java.util.concurrent.locks.AbstractQueuedSynchronizer$ConditionObject.awaitNanos(AbstractQueuedSynchronizer.java:2078)
        at java.util.concurrent.ScheduledThreadPoolExecutor$DelayedWorkQueue.take(ScheduledThreadPoolExecutor.java:1093)
        at java.util.concurrent.ScheduledThreadPoolExecutor$DelayedWorkQueue.take(ScheduledThreadPoolExecutor.java:809)
        at java.util.concurrent.ThreadPoolExecutor.getTask(ThreadPoolExecutor.java:1074)
        at java.util.concurrent.ThreadPoolExecutor.runWorker(ThreadPoolExecutor.java:1134)
        at java.util.concurrent.ThreadPoolExecutor$Worker.run(ThreadPoolExecutor.java:624)
        at java.lang.Thread.run(Thread.java:748)
"pool-76-thread-37"  prio=5 tid=688 in Object.wait()
java.lang.Thread.State: WAITING (on object monitor)
        at sun.misc.Unsafe.park(Native Method)
        at java.util.concurrent.locks.LockSupport.park(LockSupport.java:175)
        at java.util.concurrent.locks.AbstractQueuedSynchronizer$ConditionObject.await(AbstractQueuedSynchronizer.java:2039)
        at java.util.concurrent.ArrayBlockingQueue.take(ArrayBlockingQueue.java:403)
        at java.util.concurrent.ThreadPoolExecutor.getTask(ThreadPoolExecutor.java:1074)
        at java.util.concurrent.ThreadPoolExecutor.runWorker(ThreadPoolExecutor.java:1134)
        at java.util.concurrent.ThreadPoolExecutor$Worker.run(ThreadPoolExecutor.java:624)
        at java.lang.Thread.run(Thread.java:748)
"pool-46-thread-55"  prio=5 tid=515 in Object.wait()
java.lang.Thread.State: WAITING (on object monitor)
        at sun.misc.Unsafe.park(Native Method)
        at java.util.concurrent.locks.LockSupport.park(LockSupport.java:175)
        at java.util.concurrent.locks.AbstractQueuedSynchronizer$ConditionObject.await(AbstractQueuedSynchronizer.java:2039)
        at java.util.concurrent.ArrayBlockingQueue.take(ArrayBlockingQueue.java:403)
        at java.util.concurrent.ThreadPoolExecutor.getTask(ThreadPoolExecutor.java:1074)
        at java.util.concurrent.ThreadPoolExecutor.runWorker(ThreadPoolExecutor.java:1134)
        at java.util.concurrent.ThreadPoolExecutor$Worker.run(ThreadPoolExecutor.java:624)
        at java.lang.Thread.run(Thread.java:748)
"a413c2ef-7abc-47d7-b263-b9548e673ba5@group-5B52E8B6CC20-SegmentedRaftLogWorker"  prio=5 tid=3739 timed_waiting
java.lang.Thread.State: TIMED_WAITING
        at sun.misc.Unsafe.park(Native Method)
        at java.util.concurrent.locks.LockSupport.parkNanos(LockSupport.java:215)
        at java.util.concurrent.locks.AbstractQueuedSynchronizer$ConditionObject.awaitNanos(AbstractQueuedSynchronizer.java:2078)
        at org.apache.ratis.util.DataBlockingQueue.poll(DataBlockingQueue.java:137)
        at org.apache.ratis.server.raftlog.segmented.SegmentedRaftLogWorker.run(SegmentedRaftLogWorker.java:283)
        at java.lang.Thread.run(Thread.java:748)
"pool-66-thread-32"  prio=5 tid=621 in Object.wait()
java.lang.Thread.State: WAITING (on object monitor)
        at sun.misc.Unsafe.park(Native Method)
        at java.util.concurrent.locks.LockSupport.park(LockSupport.java:175)
        at java.util.concurrent.locks.AbstractQueuedSynchronizer$ConditionObject.await(AbstractQueuedSynchronizer.java:2039)
        at java.util.concurrent.ArrayBlockingQueue.take(ArrayBlockingQueue.java:403)
        at java.util.concurrent.ThreadPoolExecutor.getTask(ThreadPoolExecutor.java:1074)
        at java.util.concurrent.ThreadPoolExecutor.runWorker(ThreadPoolExecutor.java:1134)
        at java.util.concurrent.ThreadPoolExecutor$Worker.run(ThreadPoolExecutor.java:624)
        at java.lang.Thread.run(Thread.java:748)
"BlockDeletingService#8" daemon prio=5 tid=2518 in Object.wait()
java.lang.Thread.State: WAITING (on object monitor)
        at sun.misc.Unsafe.park(Native Method)
        at java.util.concurrent.locks.LockSupport.park(LockSupport.java:175)
        at java.util.concurrent.locks.AbstractQueuedSynchronizer$ConditionObject.await(AbstractQueuedSynchronizer.java:2039)
        at java.util.concurrent.ScheduledThreadPoolExecutor$DelayedWorkQueue.take(ScheduledThreadPoolExecutor.java:1088)
        at java.util.concurrent.ScheduledThreadPoolExecutor$DelayedWorkQueue.take(ScheduledThreadPoolExecutor.java:809)
        at java.util.concurrent.ThreadPoolExecutor.getTask(ThreadPoolExecutor.java:1074)
        at java.util.concurrent.ThreadPoolExecutor.runWorker(ThreadPoolExecutor.java:1134)
        at java.util.concurrent.ThreadPoolExecutor$Worker.run(ThreadPoolExecutor.java:624)
        at java.lang.Thread.run(Thread.java:748)
"pool-46-thread-8"  prio=5 tid=468 in Object.wait()
java.lang.Thread.State: WAITING (on object monitor)
        at sun.misc.Unsafe.park(Native Method)
        at java.util.concurrent.locks.LockSupport.park(LockSupport.java:175)
        at java.util.concurrent.locks.AbstractQueuedSynchronizer$ConditionObject.await(AbstractQueuedSynchronizer.java:2039)
        at java.util.concurrent.ArrayBlockingQueue.take(ArrayBlockingQueue.java:403)
        at java.util.concurrent.ThreadPoolExecutor.getTask(ThreadPoolExecutor.java:1074)
        at java.util.concurrent.ThreadPoolExecutor.runWorker(ThreadPoolExecutor.java:1134)
        at java.util.concurrent.ThreadPoolExecutor$Worker.run(ThreadPoolExecutor.java:624)
        at java.lang.Thread.run(Thread.java:748)
"pool-36-thread-28"  prio=5 tid=428 in Object.wait()
java.lang.Thread.State: WAITING (on object monitor)
        at sun.misc.Unsafe.park(Native Method)
        at java.util.concurrent.locks.LockSupport.park(LockSupport.java:175)
        at java.util.concurrent.locks.AbstractQueuedSynchronizer$ConditionObject.await(AbstractQueuedSynchronizer.java:2039)
        at java.util.concurrent.ArrayBlockingQueue.take(ArrayBlockingQueue.java:403)
        at java.util.concurrent.ThreadPoolExecutor.getTask(ThreadPoolExecutor.java:1074)
        at java.util.concurrent.ThreadPoolExecutor.runWorker(ThreadPoolExecutor.java:1134)
        at java.util.concurrent.ThreadPoolExecutor$Worker.run(ThreadPoolExecutor.java:624)
        at java.lang.Thread.run(Thread.java:748)
"IPC Server handler 4 on 40610" daemon prio=5 tid=119 timed_waiting
java.lang.Thread.State: TIMED_WAITING
        at sun.misc.Unsafe.park(Native Method)
        at java.util.concurrent.locks.LockSupport.parkNanos(LockSupport.java:215)
        at java.util.concurrent.locks.AbstractQueuedSynchronizer$ConditionObject.awaitNanos(AbstractQueuedSynchronizer.java:2078)
        at java.util.concurrent.LinkedBlockingQueue.poll(LinkedBlockingQueue.java:467)
        at org.apache.hadoop.ipc.CallQueueManager.take(CallQueueManager.java:288)
        at org.apache.hadoop.ipc.Server$Handler.run(Server.java:2668)
"pool-36-thread-24"  prio=5 tid=424 in Object.wait()
java.lang.Thread.State: WAITING (on object monitor)
        at sun.misc.Unsafe.park(Native Method)
        at java.util.concurrent.locks.LockSupport.park(LockSupport.java:175)
        at java.util.concurrent.locks.AbstractQueuedSynchronizer$ConditionObject.await(AbstractQueuedSynchronizer.java:2039)
        at java.util.concurrent.ArrayBlockingQueue.take(ArrayBlockingQueue.java:403)
        at java.util.concurrent.ThreadPoolExecutor.getTask(ThreadPoolExecutor.java:1074)
        at java.util.concurrent.ThreadPoolExecutor.runWorker(ThreadPoolExecutor.java:1134)
        at java.util.concurrent.ThreadPoolExecutor$Worker.run(ThreadPoolExecutor.java:624)
        at java.lang.Thread.run(Thread.java:748)
"Datanode ReportManager Thread - 1" daemon prio=5 tid=226 timed_waiting
java.lang.Thread.State: TIMED_WAITING
        at sun.misc.Unsafe.park(Native Method)
        at java.util.concurrent.locks.LockSupport.parkNanos(LockSupport.java:215)
        at java.util.concurrent.locks.AbstractQueuedSynchronizer$ConditionObject.awaitNanos(AbstractQueuedSynchronizer.java:2078)
        at java.util.concurrent.ScheduledThreadPoolExecutor$DelayedWorkQueue.take(ScheduledThreadPoolExecutor.java:1093)
        at java.util.concurrent.ScheduledThreadPoolExecutor$DelayedWorkQueue.take(ScheduledThreadPoolExecutor.java:809)
        at java.util.concurrent.ThreadPoolExecutor.getTask(ThreadPoolExecutor.java:1074)
        at java.util.concurrent.ThreadPoolExecutor.runWorker(ThreadPoolExecutor.java:1134)
        at java.util.concurrent.ThreadPoolExecutor$Worker.run(ThreadPoolExecutor.java:624)
        at java.lang.Thread.run(Thread.java:748)
"pool-76-thread-58"  prio=5 tid=709 in Object.wait()
java.lang.Thread.State: WAITING (on object monitor)
        at sun.misc.Unsafe.park(Native Method)
        at java.util.concurrent.locks.LockSupport.park(LockSupport.java:175)
        at java.util.concurrent.locks.AbstractQueuedSynchronizer$ConditionObject.await(AbstractQueuedSynchronizer.java:2039)
        at java.util.concurrent.ArrayBlockingQueue.take(ArrayBlockingQueue.java:403)
        at java.util.concurrent.ThreadPoolExecutor.getTask(ThreadPoolExecutor.java:1074)
        at java.util.concurrent.ThreadPoolExecutor.runWorker(ThreadPoolExecutor.java:1134)
        at java.util.concurrent.ThreadPoolExecutor$Worker.run(ThreadPoolExecutor.java:624)
        at java.lang.Thread.run(Thread.java:748)
"metrics-hadoop-metrics2-reporter-43-thread-1" daemon prio=5 tid=3738 timed_waiting
java.lang.Thread.State: TIMED_WAITING
        at sun.misc.Unsafe.park(Native Method)
        at java.util.concurrent.locks.LockSupport.parkNanos(LockSupport.java:215)
        at java.util.concurrent.locks.AbstractQueuedSynchronizer$ConditionObject.awaitNanos(AbstractQueuedSynchronizer.java:2078)
        at java.util.concurrent.ScheduledThreadPoolExecutor$DelayedWorkQueue.take(ScheduledThreadPoolExecutor.java:1093)
        at java.util.concurrent.ScheduledThreadPoolExecutor$DelayedWorkQueue.take(ScheduledThreadPoolExecutor.java:809)
        at java.util.concurrent.ThreadPoolExecutor.getTask(ThreadPoolExecutor.java:1074)
        at java.util.concurrent.ThreadPoolExecutor.runWorker(ThreadPoolExecutor.java:1134)
        at java.util.concurrent.ThreadPoolExecutor$Worker.run(ThreadPoolExecutor.java:624)
        at java.lang.Thread.run(Thread.java:748)
"pool-76-thread-18"  prio=5 tid=669 in Object.wait()
java.lang.Thread.State: WAITING (on object monitor)
        at sun.misc.Unsafe.park(Native Method)
        at java.util.concurrent.locks.LockSupport.park(LockSupport.java:175)
        at java.util.concurrent.locks.AbstractQueuedSynchronizer$ConditionObject.await(AbstractQueuedSynchronizer.java:2039)
        at java.util.concurrent.ArrayBlockingQueue.take(ArrayBlockingQueue.java:403)
        at java.util.concurrent.ThreadPoolExecutor.getTask(ThreadPoolExecutor.java:1074)
        at java.util.concurrent.ThreadPoolExecutor.runWorker(ThreadPoolExecutor.java:1134)
        at java.util.concurrent.ThreadPoolExecutor$Worker.run(ThreadPoolExecutor.java:624)
        at java.lang.Thread.run(Thread.java:748)
"pool-46-thread-38"  prio=5 tid=498 in Object.wait()
java.lang.Thread.State: WAITING (on object monitor)
        at sun.misc.Unsafe.park(Native Method)
        at java.util.concurrent.locks.LockSupport.park(LockSupport.java:175)
        at java.util.concurrent.locks.AbstractQueuedSynchronizer$ConditionObject.await(AbstractQueuedSynchronizer.java:2039)
        at java.util.concurrent.ArrayBlockingQueue.take(ArrayBlockingQueue.java:403)
        at java.util.concurrent.ThreadPoolExecutor.getTask(ThreadPoolExecutor.java:1074)
        at java.util.concurrent.ThreadPoolExecutor.runWorker(ThreadPoolExecutor.java:1134)
        at java.util.concurrent.ThreadPoolExecutor$Worker.run(ThreadPoolExecutor.java:624)
        at java.lang.Thread.run(Thread.java:748)
"pool-36-thread-52"  prio=5 tid=452 in Object.wait()
java.lang.Thread.State: WAITING (on object monitor)
        at sun.misc.Unsafe.park(Native Method)
        at java.util.concurrent.locks.LockSupport.park(LockSupport.java:175)
        at java.util.concurrent.locks.AbstractQueuedSynchronizer$ConditionObject.await(AbstractQueuedSynchronizer.java:2039)
        at java.util.concurrent.ArrayBlockingQueue.take(ArrayBlockingQueue.java:403)
        at java.util.concurrent.ThreadPoolExecutor.getTask(ThreadPoolExecutor.java:1074)
        at java.util.concurrent.ThreadPoolExecutor.runWorker(ThreadPoolExecutor.java:1134)
        at java.util.concurrent.ThreadPoolExecutor$Worker.run(ThreadPoolExecutor.java:624)
        at java.lang.Thread.run(Thread.java:748)
"BlockDeletingService#2" daemon prio=5 tid=1161 timed_waiting
java.lang.Thread.State: TIMED_WAITING
        at sun.misc.Unsafe.park(Native Method)
        at java.util.concurrent.locks.LockSupport.parkNanos(LockSupport.java:215)
        at java.util.concurrent.locks.AbstractQueuedSynchronizer$ConditionObject.awaitNanos(AbstractQueuedSynchronizer.java:2078)
        at java.util.concurrent.ScheduledThreadPoolExecutor$DelayedWorkQueue.take(ScheduledThreadPoolExecutor.java:1093)
        at java.util.concurrent.ScheduledThreadPoolExecutor$DelayedWorkQueue.take(ScheduledThreadPoolExecutor.java:809)
        at java.util.concurrent.ThreadPoolExecutor.getTask(ThreadPoolExecutor.java:1074)
        at java.util.concurrent.ThreadPoolExecutor.runWorker(ThreadPoolExecutor.java:1134)
        at java.util.concurrent.ThreadPoolExecutor$Worker.run(ThreadPoolExecutor.java:624)
        at java.lang.Thread.run(Thread.java:748)
"metrics-hadoop-metrics2-reporter-5-thread-1" daemon prio=5 tid=806 timed_waiting
java.lang.Thread.State: TIMED_WAITING
        at sun.misc.Unsafe.park(Native Method)
        at java.util.concurrent.locks.LockSupport.parkNanos(LockSupport.java:215)
        at java.util.concurrent.locks.AbstractQueuedSynchronizer$ConditionObject.awaitNanos(AbstractQueuedSynchronizer.java:2078)
        at java.util.concurrent.ScheduledThreadPoolExecutor$DelayedWorkQueue.take(ScheduledThreadPoolExecutor.java:1093)
        at java.util.concurrent.ScheduledThreadPoolExecutor$DelayedWorkQueue.take(ScheduledThreadPoolExecutor.java:809)
        at java.util.concurrent.ThreadPoolExecutor.getTask(ThreadPoolExecutor.java:1074)
        at java.util.concurrent.ThreadPoolExecutor.runWorker(ThreadPoolExecutor.java:1134)
        at java.util.concurrent.ThreadPoolExecutor$Worker.run(ThreadPoolExecutor.java:624)
        at java.lang.Thread.run(Thread.java:748)
"qtp292890110-191" daemon prio=5 tid=191 timed_waiting
java.lang.Thread.State: TIMED_WAITING
        at sun.misc.Unsafe.park(Native Method)
        at java.util.concurrent.locks.LockSupport.parkNanos(LockSupport.java:215)
        at java.util.concurrent.locks.AbstractQueuedSynchronizer$ConditionObject.awaitNanos(AbstractQueuedSynchronizer.java:2078)
        at org.eclipse.jetty.util.BlockingArrayQueue.poll(BlockingArrayQueue.java:392)
        at org.eclipse.jetty.util.thread.QueuedThreadPool.idleJobPoll(QueuedThreadPool.java:563)
        at org.eclipse.jetty.util.thread.QueuedThreadPool.access$800(QueuedThreadPool.java:48)
        at org.eclipse.jetty.util.thread.QueuedThreadPool$2.run(QueuedThreadPool.java:626)
        at java.lang.Thread.run(Thread.java:748)
"pool-36-thread-49"  prio=5 tid=449 in Object.wait()
java.lang.Thread.State: WAITING (on object monitor)
        at sun.misc.Unsafe.park(Native Method)
        at java.util.concurrent.locks.LockSupport.park(LockSupport.java:175)
        at java.util.concurrent.locks.AbstractQueuedSynchronizer$ConditionObject.await(AbstractQueuedSynchronizer.java:2039)
        at java.util.concurrent.ArrayBlockingQueue.take(ArrayBlockingQueue.java:403)
        at java.util.concurrent.ThreadPoolExecutor.getTask(ThreadPoolExecutor.java:1074)
        at java.util.concurrent.ThreadPoolExecutor.runWorker(ThreadPoolExecutor.java:1134)
        at java.util.concurrent.ThreadPoolExecutor$Worker.run(ThreadPoolExecutor.java:624)
        at java.lang.Thread.run(Thread.java:748)
"pool-26-thread-48"  prio=5 tid=388 in Object.wait()
java.lang.Thread.State: WAITING (on object monitor)
        at sun.misc.Unsafe.park(Native Method)
        at java.util.concurrent.locks.LockSupport.park(LockSupport.java:175)
        at java.util.concurrent.locks.AbstractQueuedSynchronizer$ConditionObject.await(AbstractQueuedSynchronizer.java:2039)
        at java.util.concurrent.ArrayBlockingQueue.take(ArrayBlockingQueue.java:403)
        at java.util.concurrent.ThreadPoolExecutor.getTask(ThreadPoolExecutor.java:1074)
        at java.util.concurrent.ThreadPoolExecutor.runWorker(ThreadPoolExecutor.java:1134)
        at java.util.concurrent.ThreadPoolExecutor$Worker.run(ThreadPoolExecutor.java:624)
        at java.lang.Thread.run(Thread.java:748)
"pool-36-thread-51"  prio=5 tid=451 in Object.wait()
java.lang.Thread.State: WAITING (on object monitor)
        at sun.misc.Unsafe.park(Native Method)
        at java.util.concurrent.locks.LockSupport.park(LockSupport.java:175)
        at java.util.concurrent.locks.AbstractQueuedSynchronizer$ConditionObject.await(AbstractQueuedSynchronizer.java:2039)
        at java.util.concurrent.ArrayBlockingQueue.take(ArrayBlockingQueue.java:403)
        at java.util.concurrent.ThreadPoolExecutor.getTask(ThreadPoolExecutor.java:1074)
        at java.util.concurrent.ThreadPoolExecutor.runWorker(ThreadPoolExecutor.java:1134)
        at java.util.concurrent.ThreadPoolExecutor$Worker.run(ThreadPoolExecutor.java:624)
        at java.lang.Thread.run(Thread.java:748)
"pool-66-thread-60"  prio=5 tid=649 in Object.wait()
java.lang.Thread.State: WAITING (on object monitor)
        at sun.misc.Unsafe.park(Native Method)
        at java.util.concurrent.locks.LockSupport.park(LockSupport.java:175)
        at java.util.concurrent.locks.AbstractQueuedSynchronizer$ConditionObject.await(AbstractQueuedSynchronizer.java:2039)
        at java.util.concurrent.ArrayBlockingQueue.take(ArrayBlockingQueue.java:403)
        at java.util.concurrent.ThreadPoolExecutor.getTask(ThreadPoolExecutor.java:1074)
        at java.util.concurrent.ThreadPoolExecutor.runWorker(ThreadPoolExecutor.java:1134)
        at java.util.concurrent.ThreadPoolExecutor$Worker.run(ThreadPoolExecutor.java:624)
        at java.lang.Thread.run(Thread.java:748)
"pool-36-thread-45"  prio=5 tid=445 in Object.wait()
java.lang.Thread.State: WAITING (on object monitor)
        at sun.misc.Unsafe.park(Native Method)
        at java.util.concurrent.locks.LockSupport.park(LockSupport.java:175)
        at java.util.concurrent.locks.AbstractQueuedSynchronizer$ConditionObject.await(AbstractQueuedSynchronizer.java:2039)
        at java.util.concurrent.ArrayBlockingQueue.take(ArrayBlockingQueue.java:403)
        at java.util.concurrent.ThreadPoolExecutor.getTask(ThreadPoolExecutor.java:1074)
        at java.util.concurrent.ThreadPoolExecutor.runWorker(ThreadPoolExecutor.java:1134)
        at java.util.concurrent.ThreadPoolExecutor$Worker.run(ThreadPoolExecutor.java:624)
        at java.lang.Thread.run(Thread.java:748)
"IPC Server Responder" daemon prio=5 tid=17 runnable
java.lang.Thread.State: RUNNABLE
        at sun.nio.ch.EPollArrayWrapper.epollWait(Native Method)
        at sun.nio.ch.EPollArrayWrapper.poll(EPollArrayWrapper.java:269)
        at sun.nio.ch.EPollSelectorImpl.doSelect(EPollSelectorImpl.java:93)
        at sun.nio.ch.SelectorImpl.lockAndDoSelect(SelectorImpl.java:86)
        at sun.nio.ch.SelectorImpl.select(SelectorImpl.java:97)
        at org.apache.hadoop.ipc.Server$Responder.doRunLoop(Server.java:1334)
        at org.apache.hadoop.ipc.Server$Responder.run(Server.java:1317)
"metrics-hadoop-metrics2-reporter-27-thread-1" daemon prio=5 tid=915 timed_waiting
java.lang.Thread.State: TIMED_WAITING
        at sun.misc.Unsafe.park(Native Method)
        at java.util.concurrent.locks.LockSupport.parkNanos(LockSupport.java:215)
        at java.util.concurrent.locks.AbstractQueuedSynchronizer$ConditionObject.awaitNanos(AbstractQueuedSynchronizer.java:2078)
        at java.util.concurrent.ScheduledThreadPoolExecutor$DelayedWorkQueue.take(ScheduledThreadPoolExecutor.java:1093)
        at java.util.concurrent.ScheduledThreadPoolExecutor$DelayedWorkQueue.take(ScheduledThreadPoolExecutor.java:809)
        at java.util.concurrent.ThreadPoolExecutor.getTask(ThreadPoolExecutor.java:1074)
        at java.util.concurrent.ThreadPoolExecutor.runWorker(ThreadPoolExecutor.java:1134)
        at java.util.concurrent.ThreadPoolExecutor$Worker.run(ThreadPoolExecutor.java:624)
        at java.lang.Thread.run(Thread.java:748)
"pool-56-thread-31"  prio=5 tid=558 in Object.wait()
java.lang.Thread.State: WAITING (on object monitor)
        at sun.misc.Unsafe.park(Native Method)
        at java.util.concurrent.locks.LockSupport.park(LockSupport.java:175)
        at java.util.concurrent.locks.AbstractQueuedSynchronizer$ConditionObject.await(AbstractQueuedSynchronizer.java:2039)
        at java.util.concurrent.ArrayBlockingQueue.take(ArrayBlockingQueue.java:403)
        at java.util.concurrent.ThreadPoolExecutor.getTask(ThreadPoolExecutor.java:1074)
        at java.util.concurrent.ThreadPoolExecutor.runWorker(ThreadPoolExecutor.java:1134)
        at java.util.concurrent.ThreadPoolExecutor$Worker.run(ThreadPoolExecutor.java:624)
        at java.lang.Thread.run(Thread.java:748)
"pool-26-thread-25"  prio=5 tid=365 in Object.wait()
java.lang.Thread.State: WAITING (on object monitor)
        at sun.misc.Unsafe.park(Native Method)
        at java.util.concurrent.locks.LockSupport.park(LockSupport.java:175)
        at java.util.concurrent.locks.AbstractQueuedSynchronizer$ConditionObject.await(AbstractQueuedSynchronizer.java:2039)
        at java.util.concurrent.ArrayBlockingQueue.take(ArrayBlockingQueue.java:403)
        at java.util.concurrent.ThreadPoolExecutor.getTask(ThreadPoolExecutor.java:1074)
        at java.util.concurrent.ThreadPoolExecutor.runWorker(ThreadPoolExecutor.java:1134)
        at java.util.concurrent.ThreadPoolExecutor$Worker.run(ThreadPoolExecutor.java:624)
        at java.lang.Thread.run(Thread.java:748)
"metrics-hadoop-metrics2-reporter-33-thread-1" daemon prio=5 tid=1586 timed_waiting
java.lang.Thread.State: TIMED_WAITING
        at sun.misc.Unsafe.park(Native Method)
        at java.util.concurrent.locks.LockSupport.parkNanos(LockSupport.java:215)
        at java.util.concurrent.locks.AbstractQueuedSynchronizer$ConditionObject.awaitNanos(AbstractQueuedSynchronizer.java:2078)
        at java.util.concurrent.ScheduledThreadPoolExecutor$DelayedWorkQueue.take(ScheduledThreadPoolExecutor.java:1093)
        at java.util.concurrent.ScheduledThreadPoolExecutor$DelayedWorkQueue.take(ScheduledThreadPoolExecutor.java:809)
        at java.util.concurrent.ThreadPoolExecutor.getTask(ThreadPoolExecutor.java:1074)
        at java.util.concurrent.ThreadPoolExecutor.runWorker(ThreadPoolExecutor.java:1134)
        at java.util.concurrent.ThreadPoolExecutor$Worker.run(ThreadPoolExecutor.java:624)
        at java.lang.Thread.run(Thread.java:748)
"pool-56-thread-59"  prio=5 tid=586 in Object.wait()
java.lang.Thread.State: WAITING (on object monitor)
        at sun.misc.Unsafe.park(Native Method)
        at java.util.concurrent.locks.LockSupport.park(LockSupport.java:175)
        at java.util.concurrent.locks.AbstractQueuedSynchronizer$ConditionObject.await(AbstractQueuedSynchronizer.java:2039)
        at java.util.concurrent.ArrayBlockingQueue.take(ArrayBlockingQueue.java:403)
        at java.util.concurrent.ThreadPoolExecutor.getTask(ThreadPoolExecutor.java:1074)
        at java.util.concurrent.ThreadPoolExecutor.runWorker(ThreadPoolExecutor.java:1134)
        at java.util.concurrent.ThreadPoolExecutor$Worker.run(ThreadPoolExecutor.java:624)
        at java.lang.Thread.run(Thread.java:748)
"pool-36-thread-12"  prio=5 tid=412 in Object.wait()
java.lang.Thread.State: WAITING (on object monitor)
        at sun.misc.Unsafe.park(Native Method)
        at java.util.concurrent.locks.LockSupport.park(LockSupport.java:175)
        at java.util.concurrent.locks.AbstractQueuedSynchronizer$ConditionObject.await(AbstractQueuedSynchronizer.java:2039)
        at java.util.concurrent.ArrayBlockingQueue.take(ArrayBlockingQueue.java:403)
        at java.util.concurrent.ThreadPoolExecutor.getTask(ThreadPoolExecutor.java:1074)
        at java.util.concurrent.ThreadPoolExecutor.runWorker(ThreadPoolExecutor.java:1134)
        at java.util.concurrent.ThreadPoolExecutor$Worker.run(ThreadPoolExecutor.java:624)
        at java.lang.Thread.run(Thread.java:748)
"pool-86-thread-40"  prio=5 tid=753 in Object.wait()
java.lang.Thread.State: WAITING (on object monitor)
        at sun.misc.Unsafe.park(Native Method)
        at java.util.concurrent.locks.LockSupport.park(LockSupport.java:175)
        at java.util.concurrent.locks.AbstractQueuedSynchronizer$ConditionObject.await(AbstractQueuedSynchronizer.java:2039)
        at java.util.concurrent.ArrayBlockingQueue.take(ArrayBlockingQueue.java:403)
        at java.util.concurrent.ThreadPoolExecutor.getTask(ThreadPoolExecutor.java:1074)
        at java.util.concurrent.ThreadPoolExecutor.runWorker(ThreadPoolExecutor.java:1134)
        at java.util.concurrent.ThreadPoolExecutor$Worker.run(ThreadPoolExecutor.java:624)
        at java.lang.Thread.run(Thread.java:748)
"BlockDeletingService#4" daemon prio=5 tid=1463 in Object.wait()
java.lang.Thread.State: WAITING (on object monitor)
        at sun.misc.Unsafe.park(Native Method)
        at java.util.concurrent.locks.LockSupport.park(LockSupport.java:175)
        at java.util.concurrent.locks.AbstractQueuedSynchronizer$ConditionObject.await(AbstractQueuedSynchronizer.java:2039)
        at java.util.concurrent.ScheduledThreadPoolExecutor$DelayedWorkQueue.take(ScheduledThreadPoolExecutor.java:1088)
        at java.util.concurrent.ScheduledThreadPoolExecutor$DelayedWorkQueue.take(ScheduledThreadPoolExecutor.java:809)
        at java.util.concurrent.ThreadPoolExecutor.getTask(ThreadPoolExecutor.java:1074)
        at java.util.concurrent.ThreadPoolExecutor.runWorker(ThreadPoolExecutor.java:1134)
        at java.util.concurrent.ThreadPoolExecutor$Worker.run(ThreadPoolExecutor.java:624)
        at java.lang.Thread.run(Thread.java:748)
"Datanode ReportManager Thread - 2" daemon prio=5 tid=227 in Object.wait()
java.lang.Thread.State: WAITING (on object monitor)
        at sun.misc.Unsafe.park(Native Method)
        at java.util.concurrent.locks.LockSupport.park(LockSupport.java:175)
        at java.util.concurrent.locks.AbstractQueuedSynchronizer$ConditionObject.await(AbstractQueuedSynchronizer.java:2039)
        at java.util.concurrent.ScheduledThreadPoolExecutor$DelayedWorkQueue.take(ScheduledThreadPoolExecutor.java:1088)
        at java.util.concurrent.ScheduledThreadPoolExecutor$DelayedWorkQueue.take(ScheduledThreadPoolExecutor.java:809)
        at java.util.concurrent.ThreadPoolExecutor.getTask(ThreadPoolExecutor.java:1074)
        at java.util.concurrent.ThreadPoolExecutor.runWorker(ThreadPoolExecutor.java:1134)
        at java.util.concurrent.ThreadPoolExecutor$Worker.run(ThreadPoolExecutor.java:624)
        at java.lang.Thread.run(Thread.java:748)
"metrics-hadoop-metrics2-reporter-20-thread-1" daemon prio=5 tid=880 timed_waiting
java.lang.Thread.State: TIMED_WAITING
        at sun.misc.Unsafe.park(Native Method)
        at java.util.concurrent.locks.LockSupport.parkNanos(LockSupport.java:215)
        at java.util.concurrent.locks.AbstractQueuedSynchronizer$ConditionObject.awaitNanos(AbstractQueuedSynchronizer.java:2078)
        at java.util.concurrent.ScheduledThreadPoolExecutor$DelayedWorkQueue.take(ScheduledThreadPoolExecutor.java:1093)
        at java.util.concurrent.ScheduledThreadPoolExecutor$DelayedWorkQueue.take(ScheduledThreadPoolExecutor.java:809)
        at java.util.concurrent.ThreadPoolExecutor.getTask(ThreadPoolExecutor.java:1074)
        at java.util.concurrent.ThreadPoolExecutor.runWorker(ThreadPoolExecutor.java:1134)
        at java.util.concurrent.ThreadPoolExecutor$Worker.run(ThreadPoolExecutor.java:624)
        at java.lang.Thread.run(Thread.java:748)
"Thread-3082" daemon prio=5 tid=3821 timed_waiting
java.lang.Thread.State: TIMED_WAITING
        at java.lang.Thread.sleep(Native Method)
        at org.apache.ratis.util.JavaUtils.sleep(JavaUtils.java:247)
        at org.apache.ratis.server.impl.FollowerState.run(FollowerState.java:96)
"pool-66-thread-2"  prio=5 tid=591 in Object.wait()
java.lang.Thread.State: WAITING (on object monitor)
        at sun.misc.Unsafe.park(Native Method)
        at java.util.concurrent.locks.LockSupport.park(LockSupport.java:175)
        at java.util.concurrent.locks.AbstractQueuedSynchronizer$ConditionObject.await(AbstractQueuedSynchronizer.java:2039)
        at java.util.concurrent.ArrayBlockingQueue.take(ArrayBlockingQueue.java:403)
        at java.util.concurrent.ThreadPoolExecutor.getTask(ThreadPoolExecutor.java:1074)
        at java.util.concurrent.ThreadPoolExecutor.runWorker(ThreadPoolExecutor.java:1134)
        at java.util.concurrent.ThreadPoolExecutor$Worker.run(ThreadPoolExecutor.java:624)
        at java.lang.Thread.run(Thread.java:748)
"pool-56-thread-41"  prio=5 tid=568 in Object.wait()
java.lang.Thread.State: WAITING (on object monitor)
        at sun.misc.Unsafe.park(Native Method)
        at java.util.concurrent.locks.LockSupport.park(LockSupport.java:175)
        at java.util.concurrent.locks.AbstractQueuedSynchronizer$ConditionObject.await(AbstractQueuedSynchronizer.java:2039)
        at java.util.concurrent.ArrayBlockingQueue.take(ArrayBlockingQueue.java:403)
        at java.util.concurrent.ThreadPoolExecutor.getTask(ThreadPoolExecutor.java:1074)
        at java.util.concurrent.ThreadPoolExecutor.runWorker(ThreadPoolExecutor.java:1134)
        at java.util.concurrent.ThreadPoolExecutor$Worker.run(ThreadPoolExecutor.java:624)
        at java.lang.Thread.run(Thread.java:748)
"org.apache.ratis.server.impl.LogAppender$AppenderDaemon$$Lambda$495/740911003@103f43b0" daemon prio=5 tid=2252 timed_waiting
java.lang.Thread.State: TIMED_WAITING
        at java.lang.Object.wait(Native Method)
        at org.apache.ratis.grpc.server.GrpcLogAppender.mayWait(GrpcLogAppender.java:141)
        at org.apache.ratis.grpc.server.GrpcLogAppender.runAppenderImpl(GrpcLogAppender.java:95)
        at org.apache.ratis.server.impl.LogAppender$AppenderDaemon.run(LogAppender.java:76)
        at org.apache.ratis.server.impl.LogAppender$AppenderDaemon$$Lambda$495/740911003.run(Unknown Source)
        at java.lang.Thread.run(Thread.java:748)
"pool-56-thread-9"  prio=5 tid=536 in Object.wait()
java.lang.Thread.State: WAITING (on object monitor)
        at sun.misc.Unsafe.park(Native Method)
        at java.util.concurrent.locks.LockSupport.park(LockSupport.java:175)
        at java.util.concurrent.locks.AbstractQueuedSynchronizer$ConditionObject.await(AbstractQueuedSynchronizer.java:2039)
        at java.util.concurrent.ArrayBlockingQueue.take(ArrayBlockingQueue.java:403)
        at java.util.concurrent.ThreadPoolExecutor.getTask(ThreadPoolExecutor.java:1074)
        at java.util.concurrent.ThreadPoolExecutor.runWorker(ThreadPoolExecutor.java:1134)
        at java.util.concurrent.ThreadPoolExecutor$Worker.run(ThreadPoolExecutor.java:624)
        at java.lang.Thread.run(Thread.java:748)
"RatisApplyTransactionExecutor 5" daemon prio=5 tid=3771 in Object.wait()
java.lang.Thread.State: WAITING (on object monitor)
        at sun.misc.Unsafe.park(Native Method)
        at java.util.concurrent.locks.LockSupport.park(LockSupport.java:175)
        at java.util.concurrent.locks.AbstractQueuedSynchronizer$ConditionObject.await(AbstractQueuedSynchronizer.java:2039)
        at java.util.concurrent.LinkedBlockingQueue.take(LinkedBlockingQueue.java:442)
        at java.util.concurrent.ThreadPoolExecutor.getTask(ThreadPoolExecutor.java:1074)
        at java.util.concurrent.ThreadPoolExecutor.runWorker(ThreadPoolExecutor.java:1134)
        at java.util.concurrent.ThreadPoolExecutor$Worker.run(ThreadPoolExecutor.java:624)
        at java.lang.Thread.run(Thread.java:748)
"pool-76-thread-28"  prio=5 tid=679 in Object.wait()
java.lang.Thread.State: WAITING (on object monitor)
        at sun.misc.Unsafe.park(Native Method)
        at java.util.concurrent.locks.LockSupport.park(LockSupport.java:175)
        at java.util.concurrent.locks.AbstractQueuedSynchronizer$ConditionObject.await(AbstractQueuedSynchronizer.java:2039)
        at java.util.concurrent.ArrayBlockingQueue.take(ArrayBlockingQueue.java:403)
        at java.util.concurrent.ThreadPoolExecutor.getTask(ThreadPoolExecutor.java:1074)
        at java.util.concurrent.ThreadPoolExecutor.runWorker(ThreadPoolExecutor.java:1134)
        at java.util.concurrent.ThreadPoolExecutor$Worker.run(ThreadPoolExecutor.java:624)
        at java.lang.Thread.run(Thread.java:748)
"pool-76-thread-39"  prio=5 tid=690 in Object.wait()
java.lang.Thread.State: WAITING (on object monitor)
        at sun.misc.Unsafe.park(Native Method)
        at java.util.concurrent.locks.LockSupport.park(LockSupport.java:175)
        at java.util.concurrent.locks.AbstractQueuedSynchronizer$ConditionObject.await(AbstractQueuedSynchronizer.java:2039)
        at java.util.concurrent.ArrayBlockingQueue.take(ArrayBlockingQueue.java:403)
        at java.util.concurrent.ThreadPoolExecutor.getTask(ThreadPoolExecutor.java:1074)
        at java.util.concurrent.ThreadPoolExecutor.runWorker(ThreadPoolExecutor.java:1134)
        at java.util.concurrent.ThreadPoolExecutor$Worker.run(ThreadPoolExecutor.java:624)
        at java.lang.Thread.run(Thread.java:748)
"java.util.concurrent.ThreadPoolExecutor$Worker@545d3615[State = -1, empty queue]" daemon prio=5 tid=2253 timed_waiting
java.lang.Thread.State: TIMED_WAITING
        at sun.misc.Unsafe.park(Native Method)
        at java.util.concurrent.locks.LockSupport.parkNanos(LockSupport.java:215)
        at java.util.concurrent.locks.AbstractQueuedSynchronizer$ConditionObject.awaitNanos(AbstractQueuedSynchronizer.java:2078)
        at java.util.concurrent.ScheduledThreadPoolExecutor$DelayedWorkQueue.take(ScheduledThreadPoolExecutor.java:1093)
        at java.util.concurrent.ScheduledThreadPoolExecutor$DelayedWorkQueue.take(ScheduledThreadPoolExecutor.java:809)
        at java.util.concurrent.ThreadPoolExecutor.getTask(ThreadPoolExecutor.java:1074)
        at java.util.concurrent.ThreadPoolExecutor.runWorker(ThreadPoolExecutor.java:1134)
        at java.util.concurrent.ThreadPoolExecutor$Worker.run(ThreadPoolExecutor.java:624)
        at java.lang.Thread.run(Thread.java:748)
"pool-76-thread-15"  prio=5 tid=666 in Object.wait()
java.lang.Thread.State: WAITING (on object monitor)
        at sun.misc.Unsafe.park(Native Method)
        at java.util.concurrent.locks.LockSupport.park(LockSupport.java:175)
        at java.util.concurrent.locks.AbstractQueuedSynchronizer$ConditionObject.await(AbstractQueuedSynchronizer.java:2039)
        at java.util.concurrent.ArrayBlockingQueue.take(ArrayBlockingQueue.java:403)
        at java.util.concurrent.ThreadPoolExecutor.getTask(ThreadPoolExecutor.java:1074)
        at java.util.concurrent.ThreadPoolExecutor.runWorker(ThreadPoolExecutor.java:1134)
        at java.util.concurrent.ThreadPoolExecutor$Worker.run(ThreadPoolExecutor.java:624)
        at java.lang.Thread.run(Thread.java:748)
"IPC Server handler 16 on 40610" daemon prio=5 tid=131 timed_waiting
java.lang.Thread.State: TIMED_WAITING
        at sun.misc.Unsafe.park(Native Method)
        at java.util.concurrent.locks.LockSupport.parkNanos(LockSupport.java:215)
        at java.util.concurrent.locks.AbstractQueuedSynchronizer$ConditionObject.awaitNanos(AbstractQueuedSynchronizer.java:2078)
        at java.util.concurrent.LinkedBlockingQueue.poll(LinkedBlockingQueue.java:467)
        at org.apache.hadoop.ipc.CallQueueManager.take(CallQueueManager.java:288)
        at org.apache.hadoop.ipc.Server$Handler.run(Server.java:2668)
"qtp729375394-300" daemon prio=5 tid=300 timed_waiting
java.lang.Thread.State: TIMED_WAITING
        at sun.misc.Unsafe.park(Native Method)
        at java.util.concurrent.locks.LockSupport.parkNanos(LockSupport.java:215)
        at java.util.concurrent.locks.AbstractQueuedSynchronizer$ConditionObject.awaitNanos(AbstractQueuedSynchronizer.java:2078)
        at org.eclipse.jetty.util.BlockingArrayQueue.poll(BlockingArrayQueue.java:392)
        at org.eclipse.jetty.util.thread.QueuedThreadPool.idleJobPoll(QueuedThreadPool.java:563)
        at org.eclipse.jetty.util.thread.QueuedThreadPool.access$800(QueuedThreadPool.java:48)
        at org.eclipse.jetty.util.thread.QueuedThreadPool$2.run(QueuedThreadPool.java:626)
        at java.lang.Thread.run(Thread.java:748)
"IPC Server handler 4 on 38980" daemon prio=5 tid=73 timed_waiting
java.lang.Thread.State: TIMED_WAITING
        at sun.misc.Unsafe.park(Native Method)
        at java.util.concurrent.locks.LockSupport.parkNanos(LockSupport.java:215)
        at java.util.concurrent.locks.AbstractQueuedSynchronizer$ConditionObject.awaitNanos(AbstractQueuedSynchronizer.java:2078)
        at java.util.concurrent.LinkedBlockingQueue.poll(LinkedBlockingQueue.java:467)
        at org.apache.hadoop.ipc.CallQueueManager.take(CallQueueManager.java:288)
        at org.apache.hadoop.ipc.Server$Handler.run(Server.java:2668)
"IPC Server handler 13 on 40610" daemon prio=5 tid=128 timed_waiting
java.lang.Thread.State: TIMED_WAITING
        at sun.misc.Unsafe.park(Native Method)
        at java.util.concurrent.locks.LockSupport.parkNanos(LockSupport.java:215)
        at java.util.concurrent.locks.AbstractQueuedSynchronizer$ConditionObject.awaitNanos(AbstractQueuedSynchronizer.java:2078)
        at java.util.concurrent.LinkedBlockingQueue.poll(LinkedBlockingQueue.java:467)
        at org.apache.hadoop.ipc.CallQueueManager.take(CallQueueManager.java:288)
        at org.apache.hadoop.ipc.Server$Handler.run(Server.java:2668)
"EventQueue-PipelineReportForPipelineReportHandler" daemon prio=5 tid=781 in Object.wait()
java.lang.Thread.State: WAITING (on object monitor)
        at sun.misc.Unsafe.park(Native Method)
        at java.util.concurrent.locks.LockSupport.park(LockSupport.java:175)
        at java.util.concurrent.locks.AbstractQueuedSynchronizer$ConditionObject.await(AbstractQueuedSynchronizer.java:2039)
        at java.util.concurrent.LinkedBlockingQueue.take(LinkedBlockingQueue.java:442)
        at java.util.concurrent.ThreadPoolExecutor.getTask(ThreadPoolExecutor.java:1074)
        at java.util.concurrent.ThreadPoolExecutor.runWorker(ThreadPoolExecutor.java:1134)
        at java.util.concurrent.ThreadPoolExecutor$Worker.run(ThreadPoolExecutor.java:624)
        at java.lang.Thread.run(Thread.java:748)
"IPC Server handler 12 on 46754" daemon prio=5 tid=61 timed_waiting
java.lang.Thread.State: TIMED_WAITING
        at sun.misc.Unsafe.park(Native Method)
        at java.util.concurrent.locks.LockSupport.parkNanos(LockSupport.java:215)
        at java.util.concurrent.locks.AbstractQueuedSynchronizer$ConditionObject.awaitNanos(AbstractQueuedSynchronizer.java:2078)
        at java.util.concurrent.LinkedBlockingQueue.poll(LinkedBlockingQueue.java:467)
        at org.apache.hadoop.ipc.CallQueueManager.take(CallQueueManager.java:288)
        at org.apache.hadoop.ipc.Server$Handler.run(Server.java:2668)
"pool-77-thread-1"  prio=5 tid=819 in Object.wait()
java.lang.Thread.State: WAITING (on object monitor)
        at sun.misc.Unsafe.park(Native Method)
        at java.util.concurrent.locks.LockSupport.park(LockSupport.java:175)
        at java.util.concurrent.locks.AbstractQueuedSynchronizer$ConditionObject.await(AbstractQueuedSynchronizer.java:2039)
        at java.util.concurrent.LinkedBlockingQueue.take(LinkedBlockingQueue.java:442)
        at java.util.concurrent.ThreadPoolExecutor.getTask(ThreadPoolExecutor.java:1074)
        at java.util.concurrent.ThreadPoolExecutor.runWorker(ThreadPoolExecutor.java:1134)
        at java.util.concurrent.ThreadPoolExecutor$Worker.run(ThreadPoolExecutor.java:624)
        at java.lang.Thread.run(Thread.java:748)
"qtp978035840-138" daemon prio=5 tid=138 timed_waiting
java.lang.Thread.State: TIMED_WAITING
        at sun.misc.Unsafe.park(Native Method)
        at java.util.concurrent.locks.LockSupport.parkNanos(LockSupport.java:215)
        at java.util.concurrent.locks.AbstractQueuedSynchronizer$ConditionObject.awaitNanos(AbstractQueuedSynchronizer.java:2078)
        at org.eclipse.jetty.util.BlockingArrayQueue.poll(BlockingArrayQueue.java:392)
        at org.eclipse.jetty.util.thread.QueuedThreadPool.idleJobPoll(QueuedThreadPool.java:563)
        at org.eclipse.jetty.util.thread.QueuedThreadPool.access$800(QueuedThreadPool.java:48)
        at org.eclipse.jetty.util.thread.QueuedThreadPool$2.run(QueuedThreadPool.java:626)
        at java.lang.Thread.run(Thread.java:748)
"IPC Server handler 11 on 38980" daemon prio=5 tid=80 timed_waiting
java.lang.Thread.State: TIMED_WAITING
        at sun.misc.Unsafe.park(Native Method)
        at java.util.concurrent.locks.LockSupport.parkNanos(LockSupport.java:215)
        at java.util.concurrent.locks.AbstractQueuedSynchronizer$ConditionObject.awaitNanos(AbstractQueuedSynchronizer.java:2078)
        at java.util.concurrent.LinkedBlockingQueue.poll(LinkedBlockingQueue.java:467)
        at org.apache.hadoop.ipc.CallQueueManager.take(CallQueueManager.java:288)
        at org.apache.hadoop.ipc.Server$Handler.run(Server.java:2668)
"pool-66-thread-31"  prio=5 tid=620 in Object.wait()
java.lang.Thread.State: WAITING (on object monitor)
        at sun.misc.Unsafe.park(Native Method)
        at java.util.concurrent.locks.LockSupport.park(LockSupport.java:175)
        at java.util.concurrent.locks.AbstractQueuedSynchronizer$ConditionObject.await(AbstractQueuedSynchronizer.java:2039)
        at java.util.concurrent.ArrayBlockingQueue.take(ArrayBlockingQueue.java:403)
        at java.util.concurrent.ThreadPoolExecutor.getTask(ThreadPoolExecutor.java:1074)
        at java.util.concurrent.ThreadPoolExecutor.runWorker(ThreadPoolExecutor.java:1134)
        at java.util.concurrent.ThreadPoolExecutor$Worker.run(ThreadPoolExecutor.java:624)
        at java.lang.Thread.run(Thread.java:748)
"pool-26-thread-33"  prio=5 tid=373 in Object.wait()
java.lang.Thread.State: WAITING (on object monitor)
        at sun.misc.Unsafe.park(Native Method)
        at java.util.concurrent.locks.LockSupport.park(LockSupport.java:175)
        at java.util.concurrent.locks.AbstractQueuedSynchronizer$ConditionObject.await(AbstractQueuedSynchronizer.java:2039)
        at java.util.concurrent.ArrayBlockingQueue.take(ArrayBlockingQueue.java:403)
        at java.util.concurrent.ThreadPoolExecutor.getTask(ThreadPoolExecutor.java:1074)
        at java.util.concurrent.ThreadPoolExecutor.runWorker(ThreadPoolExecutor.java:1134)
        at java.util.concurrent.ThreadPoolExecutor$Worker.run(ThreadPoolExecutor.java:624)
        at java.lang.Thread.run(Thread.java:748)
"java.util.concurrent.ThreadPoolExecutor$Worker@1b87e942[State = -1, empty queue]" daemon prio=5 tid=3828 timed_waiting
java.lang.Thread.State: TIMED_WAITING
        at sun.misc.Unsafe.park(Native Method)
        at java.util.concurrent.locks.LockSupport.parkNanos(LockSupport.java:215)
        at java.util.concurrent.locks.AbstractQueuedSynchronizer$ConditionObject.awaitNanos(AbstractQueuedSynchronizer.java:2078)
        at java.util.concurrent.ScheduledThreadPoolExecutor$DelayedWorkQueue.take(ScheduledThreadPoolExecutor.java:1093)
        at java.util.concurrent.ScheduledThreadPoolExecutor$DelayedWorkQueue.take(ScheduledThreadPoolExecutor.java:809)
        at java.util.concurrent.ThreadPoolExecutor.getTask(ThreadPoolExecutor.java:1074)
        at java.util.concurrent.ThreadPoolExecutor.runWorker(ThreadPoolExecutor.java:1134)
        at java.util.concurrent.ThreadPoolExecutor$Worker.run(ThreadPoolExecutor.java:624)
        at java.lang.Thread.run(Thread.java:748)
"pool-76-thread-43"  prio=5 tid=694 in Object.wait()
java.lang.Thread.State: WAITING (on object monitor)
        at sun.misc.Unsafe.park(Native Method)
        at java.util.concurrent.locks.LockSupport.park(LockSupport.java:175)
        at java.util.concurrent.locks.AbstractQueuedSynchronizer$ConditionObject.await(AbstractQueuedSynchronizer.java:2039)
        at java.util.concurrent.ArrayBlockingQueue.take(ArrayBlockingQueue.java:403)
        at java.util.concurrent.ThreadPoolExecutor.getTask(ThreadPoolExecutor.java:1074)
        at java.util.concurrent.ThreadPoolExecutor.runWorker(ThreadPoolExecutor.java:1134)
        at java.util.concurrent.ThreadPoolExecutor$Worker.run(ThreadPoolExecutor.java:624)
        at java.lang.Thread.run(Thread.java:748)
"pool-26-thread-36"  prio=5 tid=376 in Object.wait()
java.lang.Thread.State: WAITING (on object monitor)
        at sun.misc.Unsafe.park(Native Method)
        at java.util.concurrent.locks.LockSupport.park(LockSupport.java:175)
        at java.util.concurrent.locks.AbstractQueuedSynchronizer$ConditionObject.await(AbstractQueuedSynchronizer.java:2039)
        at java.util.concurrent.ArrayBlockingQueue.take(ArrayBlockingQueue.java:403)
        at java.util.concurrent.ThreadPoolExecutor.getTask(ThreadPoolExecutor.java:1074)
        at java.util.concurrent.ThreadPoolExecutor.runWorker(ThreadPoolExecutor.java:1134)
        at java.util.concurrent.ThreadPoolExecutor$Worker.run(ThreadPoolExecutor.java:624)
        at java.lang.Thread.run(Thread.java:748)
"pool-86-thread-46"  prio=5 tid=759 in Object.wait()
java.lang.Thread.State: WAITING (on object monitor)
        at sun.misc.Unsafe.park(Native Method)
        at java.util.concurrent.locks.LockSupport.park(LockSupport.java:175)
        at java.util.concurrent.locks.AbstractQueuedSynchronizer$ConditionObject.await(AbstractQueuedSynchronizer.java:2039)
        at java.util.concurrent.ArrayBlockingQueue.take(ArrayBlockingQueue.java:403)
        at java.util.concurrent.ThreadPoolExecutor.getTask(ThreadPoolExecutor.java:1074)
        at java.util.concurrent.ThreadPoolExecutor.runWorker(ThreadPoolExecutor.java:1134)
        at java.util.concurrent.ThreadPoolExecutor$Worker.run(ThreadPoolExecutor.java:624)
        at java.lang.Thread.run(Thread.java:748)
"IPC Server handler 15 on 38980" daemon prio=5 tid=84 timed_waiting
java.lang.Thread.State: TIMED_WAITING
        at sun.misc.Unsafe.park(Native Method)
        at java.util.concurrent.locks.LockSupport.parkNanos(LockSupport.java:215)
        at java.util.concurrent.locks.AbstractQueuedSynchronizer$ConditionObject.awaitNanos(AbstractQueuedSynchronizer.java:2078)
        at java.util.concurrent.LinkedBlockingQueue.poll(LinkedBlockingQueue.java:467)
        at org.apache.hadoop.ipc.CallQueueManager.take(CallQueueManager.java:288)
        at org.apache.hadoop.ipc.Server$Handler.run(Server.java:2668)
"pool-46-thread-59"  prio=5 tid=519 in Object.wait()
java.lang.Thread.State: WAITING (on object monitor)
        at sun.misc.Unsafe.park(Native Method)
        at java.util.concurrent.locks.LockSupport.park(LockSupport.java:175)
        at java.util.concurrent.locks.AbstractQueuedSynchronizer$ConditionObject.await(AbstractQueuedSynchronizer.java:2039)
        at java.util.concurrent.ArrayBlockingQueue.take(ArrayBlockingQueue.java:403)
        at java.util.concurrent.ThreadPoolExecutor.getTask(ThreadPoolExecutor.java:1074)
        at java.util.concurrent.ThreadPoolExecutor.runWorker(ThreadPoolExecutor.java:1134)
        at java.util.concurrent.ThreadPoolExecutor$Worker.run(ThreadPoolExecutor.java:624)
        at java.lang.Thread.run(Thread.java:748)
"qtp1179244298-165" daemon prio=5 tid=165 timed_waiting
java.lang.Thread.State: TIMED_WAITING
        at sun.misc.Unsafe.park(Native Method)
        at java.util.concurrent.locks.LockSupport.parkNanos(LockSupport.java:215)
        at java.util.concurrent.locks.AbstractQueuedSynchronizer$ConditionObject.awaitNanos(AbstractQueuedSynchronizer.java:2078)
        at org.eclipse.jetty.util.BlockingArrayQueue.poll(BlockingArrayQueue.java:392)
        at org.eclipse.jetty.util.thread.QueuedThreadPool.idleJobPoll(QueuedThreadPool.java:563)
        at org.eclipse.jetty.util.thread.QueuedThreadPool.access$800(QueuedThreadPool.java:48)
        at org.eclipse.jetty.util.thread.QueuedThreadPool$2.run(QueuedThreadPool.java:626)
        at java.lang.Thread.run(Thread.java:748)
"IPC Server handler 1 on 46754" daemon prio=5 tid=50 timed_waiting
java.lang.Thread.State: TIMED_WAITING
        at sun.misc.Unsafe.park(Native Method)
        at java.util.concurrent.locks.LockSupport.parkNanos(LockSupport.java:215)
        at java.util.concurrent.locks.AbstractQueuedSynchronizer$ConditionObject.awaitNanos(AbstractQueuedSynchronizer.java:2078)
        at java.util.concurrent.LinkedBlockingQueue.poll(LinkedBlockingQueue.java:467)
        at org.apache.hadoop.ipc.CallQueueManager.take(CallQueueManager.java:288)
        at org.apache.hadoop.ipc.Server$Handler.run(Server.java:2668)
"jaeger.RemoteReporter-QueueProcessor" daemon prio=5 tid=147 in Object.wait()
java.lang.Thread.State: WAITING (on object monitor)
        at sun.misc.Unsafe.park(Native Method)
        at java.util.concurrent.locks.LockSupport.park(LockSupport.java:175)
        at java.util.concurrent.locks.AbstractQueuedSynchronizer$ConditionObject.await(AbstractQueuedSynchronizer.java:2039)
        at java.util.concurrent.ArrayBlockingQueue.take(ArrayBlockingQueue.java:403)
        at io.jaegertracing.internal.reporters.RemoteReporter$QueueProcessor.run(RemoteReporter.java:173)
        at java.lang.Thread.run(Thread.java:748)
"pool-56-thread-16"  prio=5 tid=543 in Object.wait()
java.lang.Thread.State: WAITING (on object monitor)
        at sun.misc.Unsafe.park(Native Method)
        at java.util.concurrent.locks.LockSupport.park(LockSupport.java:175)
        at java.util.concurrent.locks.AbstractQueuedSynchronizer$ConditionObject.await(AbstractQueuedSynchronizer.java:2039)
        at java.util.concurrent.ArrayBlockingQueue.take(ArrayBlockingQueue.java:403)
        at java.util.concurrent.ThreadPoolExecutor.getTask(ThreadPoolExecutor.java:1074)
        at java.util.concurrent.ThreadPoolExecutor.runWorker(ThreadPoolExecutor.java:1134)
        at java.util.concurrent.ThreadPoolExecutor$Worker.run(ThreadPoolExecutor.java:624)
        at java.lang.Thread.run(Thread.java:748)
"SCM Heartbeat Processing Thread - 0" daemon prio=5 tid=13 timed_waiting
java.lang.Thread.State: TIMED_WAITING
        at sun.misc.Unsafe.park(Native Method)
        at java.util.concurrent.locks.LockSupport.parkNanos(LockSupport.java:215)
        at java.util.concurrent.locks.AbstractQueuedSynchronizer$ConditionObject.awaitNanos(AbstractQueuedSynchronizer.java:2078)
        at java.util.concurrent.ScheduledThreadPoolExecutor$DelayedWorkQueue.take(ScheduledThreadPoolExecutor.java:1093)
        at java.util.concurrent.ScheduledThreadPoolExecutor$DelayedWorkQueue.take(ScheduledThreadPoolExecutor.java:809)
        at java.util.concurrent.ThreadPoolExecutor.getTask(ThreadPoolExecutor.java:1074)
        at java.util.concurrent.ThreadPoolExecutor.runWorker(ThreadPoolExecutor.java:1134)
        at java.util.concurrent.ThreadPoolExecutor$Worker.run(ThreadPoolExecutor.java:624)
        at java.lang.Thread.run(Thread.java:748)
"Periodic HDDS volume checker"  prio=5 tid=152 timed_waiting
java.lang.Thread.State: TIMED_WAITING
        at sun.misc.Unsafe.park(Native Method)
        at java.util.concurrent.locks.LockSupport.parkNanos(LockSupport.java:215)
        at java.util.concurrent.locks.AbstractQueuedSynchronizer$ConditionObject.awaitNanos(AbstractQueuedSynchronizer.java:2078)
        at java.util.concurrent.ScheduledThreadPoolExecutor$DelayedWorkQueue.take(ScheduledThreadPoolExecutor.java:1093)
        at java.util.concurrent.ScheduledThreadPoolExecutor$DelayedWorkQueue.take(ScheduledThreadPoolExecutor.java:809)
        at java.util.concurrent.ThreadPoolExecutor.getTask(ThreadPoolExecutor.java:1074)
        at java.util.concurrent.ThreadPoolExecutor.runWorker(ThreadPoolExecutor.java:1134)
        at java.util.concurrent.ThreadPoolExecutor$Worker.run(ThreadPoolExecutor.java:624)
        at java.lang.Thread.run(Thread.java:748)
"pool-86-thread-24"  prio=5 tid=737 in Object.wait()
java.lang.Thread.State: WAITING (on object monitor)
        at sun.misc.Unsafe.park(Native Method)
        at java.util.concurrent.locks.LockSupport.park(LockSupport.java:175)
        at java.util.concurrent.locks.AbstractQueuedSynchronizer$ConditionObject.await(AbstractQueuedSynchronizer.java:2039)
        at java.util.concurrent.ArrayBlockingQueue.take(ArrayBlockingQueue.java:403)
        at java.util.concurrent.ThreadPoolExecutor.getTask(ThreadPoolExecutor.java:1074)
        at java.util.concurrent.ThreadPoolExecutor.runWorker(ThreadPoolExecutor.java:1134)
        at java.util.concurrent.ThreadPoolExecutor$Worker.run(ThreadPoolExecutor.java:624)
        at java.lang.Thread.run(Thread.java:748)
"pool-46-thread-2"  prio=5 tid=462 in Object.wait()
java.lang.Thread.State: WAITING (on object monitor)
        at sun.misc.Unsafe.park(Native Method)
        at java.util.concurrent.locks.LockSupport.park(LockSupport.java:175)
        at java.util.concurrent.locks.AbstractQueuedSynchronizer$ConditionObject.await(AbstractQueuedSynchronizer.java:2039)
        at java.util.concurrent.ArrayBlockingQueue.take(ArrayBlockingQueue.java:403)
        at java.util.concurrent.ThreadPoolExecutor.getTask(ThreadPoolExecutor.java:1074)
        at java.util.concurrent.ThreadPoolExecutor.runWorker(ThreadPoolExecutor.java:1134)
        at java.util.concurrent.ThreadPoolExecutor$Worker.run(ThreadPoolExecutor.java:624)
        at java.lang.Thread.run(Thread.java:748)
"IPC Server handler 11 on 40610" daemon prio=5 tid=126 timed_waiting
java.lang.Thread.State: TIMED_WAITING
        at sun.misc.Unsafe.park(Native Method)
        at java.util.concurrent.locks.LockSupport.parkNanos(LockSupport.java:215)
        at java.util.concurrent.locks.AbstractQueuedSynchronizer$ConditionObject.awaitNanos(AbstractQueuedSynchronizer.java:2078)
        at java.util.concurrent.LinkedBlockingQueue.poll(LinkedBlockingQueue.java:467)
        at org.apache.hadoop.ipc.CallQueueManager.take(CallQueueManager.java:288)
        at org.apache.hadoop.ipc.Server$Handler.run(Server.java:2668)
"EventQueue-NodeRegistrationContainerReportForDataNodeSafeModeRule" daemon prio=5 tid=779 in Object.wait()
java.lang.Thread.State: WAITING (on object monitor)
        at sun.misc.Unsafe.park(Native Method)
        at java.util.concurrent.locks.LockSupport.park(LockSupport.java:175)
        at java.util.concurrent.locks.AbstractQueuedSynchronizer$ConditionObject.await(AbstractQueuedSynchronizer.java:2039)
        at java.util.concurrent.LinkedBlockingQueue.take(LinkedBlockingQueue.java:442)
        at java.util.concurrent.ThreadPoolExecutor.getTask(ThreadPoolExecutor.java:1074)
        at java.util.concurrent.ThreadPoolExecutor.runWorker(ThreadPoolExecutor.java:1134)
        at java.util.concurrent.ThreadPoolExecutor$Worker.run(ThreadPoolExecutor.java:624)
        at java.lang.Thread.run(Thread.java:748)
"IPC Server handler 18 on 38980" daemon prio=5 tid=87 timed_waiting
java.lang.Thread.State: TIMED_WAITING
        at sun.misc.Unsafe.park(Native Method)
        at java.util.concurrent.locks.LockSupport.parkNanos(LockSupport.java:215)
        at java.util.concurrent.locks.AbstractQueuedSynchronizer$ConditionObject.awaitNanos(AbstractQueuedSynchronizer.java:2078)
        at java.util.concurrent.LinkedBlockingQueue.poll(LinkedBlockingQueue.java:467)
        at org.apache.hadoop.ipc.CallQueueManager.take(CallQueueManager.java:288)
        at org.apache.hadoop.ipc.Server$Handler.run(Server.java:2668)
"BlockDeletingService#8" daemon prio=5 tid=2517 in Object.wait()
java.lang.Thread.State: WAITING (on object monitor)
        at sun.misc.Unsafe.park(Native Method)
        at java.util.concurrent.locks.LockSupport.park(LockSupport.java:175)
        at java.util.concurrent.locks.AbstractQueuedSynchronizer$ConditionObject.await(AbstractQueuedSynchronizer.java:2039)
        at java.util.concurrent.ScheduledThreadPoolExecutor$DelayedWorkQueue.take(ScheduledThreadPoolExecutor.java:1088)
        at java.util.concurrent.ScheduledThreadPoolExecutor$DelayedWorkQueue.take(ScheduledThreadPoolExecutor.java:809)
        at java.util.concurrent.ThreadPoolExecutor.getTask(ThreadPoolExecutor.java:1074)
        at java.util.concurrent.ThreadPoolExecutor.runWorker(ThreadPoolExecutor.java:1134)
        at java.util.concurrent.ThreadPoolExecutor$Worker.run(ThreadPoolExecutor.java:624)
        at java.lang.Thread.run(Thread.java:748)
"pool-86-thread-1"  prio=5 tid=714 in Object.wait()
java.lang.Thread.State: WAITING (on object monitor)
        at sun.misc.Unsafe.park(Native Method)
        at java.util.concurrent.locks.LockSupport.park(LockSupport.java:175)
        at java.util.concurrent.locks.AbstractQueuedSynchronizer$ConditionObject.await(AbstractQueuedSynchronizer.java:2039)
        at java.util.concurrent.ArrayBlockingQueue.take(ArrayBlockingQueue.java:403)
        at java.util.concurrent.ThreadPoolExecutor.getTask(ThreadPoolExecutor.java:1074)
        at java.util.concurrent.ThreadPoolExecutor.runWorker(ThreadPoolExecutor.java:1134)
        at java.util.concurrent.ThreadPoolExecutor$Worker.run(ThreadPoolExecutor.java:624)
        at java.lang.Thread.run(Thread.java:748)
"org.apache.hadoop.util.JvmPauseMonitor$Monitor@53d8d097" daemon prio=5 tid=257 timed_waiting
java.lang.Thread.State: TIMED_WAITING
        at java.lang.Thread.sleep(Native Method)
        at org.apache.hadoop.util.JvmPauseMonitor$Monitor.run(JvmPauseMonitor.java:192)
        at java.lang.Thread.run(Thread.java:748)
"Datanode ReportManager Thread - 3" daemon prio=5 tid=282 timed_waiting
java.lang.Thread.State: TIMED_WAITING
        at sun.misc.Unsafe.park(Native Method)
        at java.util.concurrent.locks.LockSupport.parkNanos(LockSupport.java:215)
        at java.util.concurrent.locks.AbstractQueuedSynchronizer$ConditionObject.awaitNanos(AbstractQueuedSynchronizer.java:2078)
        at java.util.concurrent.ScheduledThreadPoolExecutor$DelayedWorkQueue.take(ScheduledThreadPoolExecutor.java:1093)
        at java.util.concurrent.ScheduledThreadPoolExecutor$DelayedWorkQueue.take(ScheduledThreadPoolExecutor.java:809)
        at java.util.concurrent.ThreadPoolExecutor.getTask(ThreadPoolExecutor.java:1074)
        at java.util.concurrent.ThreadPoolExecutor.runWorker(ThreadPoolExecutor.java:1134)
        at java.util.concurrent.ThreadPoolExecutor$Worker.run(ThreadPoolExecutor.java:624)
        at java.lang.Thread.run(Thread.java:748)
"pool-86-thread-35"  prio=5 tid=748 in Object.wait()
java.lang.Thread.State: WAITING (on object monitor)
        at sun.misc.Unsafe.park(Native Method)
        at java.util.concurrent.locks.LockSupport.park(LockSupport.java:175)
        at java.util.concurrent.locks.AbstractQueuedSynchronizer$ConditionObject.await(AbstractQueuedSynchronizer.java:2039)
        at java.util.concurrent.ArrayBlockingQueue.take(ArrayBlockingQueue.java:403)
        at java.util.concurrent.ThreadPoolExecutor.getTask(ThreadPoolExecutor.java:1074)
        at java.util.concurrent.ThreadPoolExecutor.runWorker(ThreadPoolExecutor.java:1134)
        at java.util.concurrent.ThreadPoolExecutor$Worker.run(ThreadPoolExecutor.java:624)
        at java.lang.Thread.run(Thread.java:748)
"pool-36-thread-29"  prio=5 tid=429 in Object.wait()
java.lang.Thread.State: WAITING (on object monitor)
        at sun.misc.Unsafe.park(Native Method)
        at java.util.concurrent.locks.LockSupport.park(LockSupport.java:175)
        at java.util.concurrent.locks.AbstractQueuedSynchronizer$ConditionObject.await(AbstractQueuedSynchronizer.java:2039)
        at java.util.concurrent.ArrayBlockingQueue.take(ArrayBlockingQueue.java:403)
        at java.util.concurrent.ThreadPoolExecutor.getTask(ThreadPoolExecutor.java:1074)
        at java.util.concurrent.ThreadPoolExecutor.runWorker(ThreadPoolExecutor.java:1134)
        at java.util.concurrent.ThreadPoolExecutor$Worker.run(ThreadPoolExecutor.java:624)
        at java.lang.Thread.run(Thread.java:748)
"pool-66-thread-45"  prio=5 tid=634 in Object.wait()
java.lang.Thread.State: WAITING (on object monitor)
        at sun.misc.Unsafe.park(Native Method)
        at java.util.concurrent.locks.LockSupport.park(LockSupport.java:175)
        at java.util.concurrent.locks.AbstractQueuedSynchronizer$ConditionObject.await(AbstractQueuedSynchronizer.java:2039)
        at java.util.concurrent.ArrayBlockingQueue.take(ArrayBlockingQueue.java:403)
        at java.util.concurrent.ThreadPoolExecutor.getTask(ThreadPoolExecutor.java:1074)
        at java.util.concurrent.ThreadPoolExecutor.runWorker(ThreadPoolExecutor.java:1134)
        at java.util.concurrent.ThreadPoolExecutor$Worker.run(ThreadPoolExecutor.java:624)
        at java.lang.Thread.run(Thread.java:748)
"org.apache.hadoop.util.JvmPauseMonitor$Monitor@1c785c26" daemon prio=5 tid=284 timed_waiting
java.lang.Thread.State: TIMED_WAITING
        at java.lang.Thread.sleep(Native Method)
        at org.apache.hadoop.util.JvmPauseMonitor$Monitor.run(JvmPauseMonitor.java:192)
        at java.lang.Thread.run(Thread.java:748)
"qtp2111457497-90" daemon prio=5 tid=90 timed_waiting
java.lang.Thread.State: TIMED_WAITING
        at sun.misc.Unsafe.park(Native Method)
        at java.util.concurrent.locks.LockSupport.parkNanos(LockSupport.java:215)
        at java.util.concurrent.locks.AbstractQueuedSynchronizer$ConditionObject.awaitNanos(AbstractQueuedSynchronizer.java:2078)
        at org.eclipse.jetty.util.BlockingArrayQueue.poll(BlockingArrayQueue.java:392)
        at org.eclipse.jetty.util.thread.QueuedThreadPool.idleJobPoll(QueuedThreadPool.java:563)
        at org.eclipse.jetty.util.thread.QueuedThreadPool.access$800(QueuedThreadPool.java:48)
        at org.eclipse.jetty.util.thread.QueuedThreadPool$2.run(QueuedThreadPool.java:626)
        at java.lang.Thread.run(Thread.java:748)
"pool-36-thread-11"  prio=5 tid=411 in Object.wait()
java.lang.Thread.State: WAITING (on object monitor)
        at sun.misc.Unsafe.park(Native Method)
        at java.util.concurrent.locks.LockSupport.park(LockSupport.java:175)
        at java.util.concurrent.locks.AbstractQueuedSynchronizer$ConditionObject.await(AbstractQueuedSynchronizer.java:2039)
        at java.util.concurrent.ArrayBlockingQueue.take(ArrayBlockingQueue.java:403)
        at java.util.concurrent.ThreadPoolExecutor.getTask(ThreadPoolExecutor.java:1074)
        at java.util.concurrent.ThreadPoolExecutor.runWorker(ThreadPoolExecutor.java:1134)
        at java.util.concurrent.ThreadPoolExecutor$Worker.run(ThreadPoolExecutor.java:624)
        at java.lang.Thread.run(Thread.java:748)
"pool-66-thread-8"  prio=5 tid=597 in Object.wait()
java.lang.Thread.State: WAITING (on object monitor)
        at sun.misc.Unsafe.park(Native Method)
        at java.util.concurrent.locks.LockSupport.park(LockSupport.java:175)
        at java.util.concurrent.locks.AbstractQueuedSynchronizer$ConditionObject.await(AbstractQueuedSynchronizer.java:2039)
        at java.util.concurrent.ArrayBlockingQueue.take(ArrayBlockingQueue.java:403)
        at java.util.concurrent.ThreadPoolExecutor.getTask(ThreadPoolExecutor.java:1074)
        at java.util.concurrent.ThreadPoolExecutor.runWorker(ThreadPoolExecutor.java:1134)
        at java.util.concurrent.ThreadPoolExecutor$Worker.run(ThreadPoolExecutor.java:624)
        at java.lang.Thread.run(Thread.java:748)
"grpc-default-executor-6" daemon prio=5 tid=1241 timed_waiting
java.lang.Thread.State: TIMED_WAITING
        at sun.misc.Unsafe.park(Native Method)
        at java.util.concurrent.locks.LockSupport.parkNanos(LockSupport.java:215)
        at java.util.concurrent.SynchronousQueue$TransferStack.awaitFulfill(SynchronousQueue.java:460)
        at java.util.concurrent.SynchronousQueue$TransferStack.transfer(SynchronousQueue.java:362)
        at java.util.concurrent.SynchronousQueue.poll(SynchronousQueue.java:941)
        at java.util.concurrent.ThreadPoolExecutor.getTask(ThreadPoolExecutor.java:1073)
        at java.util.concurrent.ThreadPoolExecutor.runWorker(ThreadPoolExecutor.java:1134)
        at java.util.concurrent.ThreadPoolExecutor$Worker.run(ThreadPoolExecutor.java:624)
        at java.lang.Thread.run(Thread.java:748)
"pool-36-thread-18"  prio=5 tid=418 in Object.wait()
java.lang.Thread.State: WAITING (on object monitor)
        at sun.misc.Unsafe.park(Native Method)
        at java.util.concurrent.locks.LockSupport.park(LockSupport.java:175)
        at java.util.concurrent.locks.AbstractQueuedSynchronizer$ConditionObject.await(AbstractQueuedSynchronizer.java:2039)
        at java.util.concurrent.ArrayBlockingQueue.take(ArrayBlockingQueue.java:403)
        at java.util.concurrent.ThreadPoolExecutor.getTask(ThreadPoolExecutor.java:1074)
        at java.util.concurrent.ThreadPoolExecutor.runWorker(ThreadPoolExecutor.java:1134)
        at java.util.concurrent.ThreadPoolExecutor$Worker.run(ThreadPoolExecutor.java:624)
        at java.lang.Thread.run(Thread.java:748)
"pool-76-thread-41"  prio=5 tid=692 in Object.wait()
java.lang.Thread.State: WAITING (on object monitor)
        at sun.misc.Unsafe.park(Native Method)
        at java.util.concurrent.locks.LockSupport.park(LockSupport.java:175)
        at java.util.concurrent.locks.AbstractQueuedSynchronizer$ConditionObject.await(AbstractQueuedSynchronizer.java:2039)
        at java.util.concurrent.ArrayBlockingQueue.take(ArrayBlockingQueue.java:403)
        at java.util.concurrent.ThreadPoolExecutor.getTask(ThreadPoolExecutor.java:1074)
        at java.util.concurrent.ThreadPoolExecutor.runWorker(ThreadPoolExecutor.java:1134)
        at java.util.concurrent.ThreadPoolExecutor$Worker.run(ThreadPoolExecutor.java:624)
        at java.lang.Thread.run(Thread.java:748)
"BlockDeletingService#8" daemon prio=5 tid=2522 in Object.wait()
java.lang.Thread.State: WAITING (on object monitor)
        at sun.misc.Unsafe.park(Native Method)
        at java.util.concurrent.locks.LockSupport.park(LockSupport.java:175)
        at java.util.concurrent.locks.AbstractQueuedSynchronizer$ConditionObject.await(AbstractQueuedSynchronizer.java:2039)
        at java.util.concurrent.ScheduledThreadPoolExecutor$DelayedWorkQueue.take(ScheduledThreadPoolExecutor.java:1088)
        at java.util.concurrent.ScheduledThreadPoolExecutor$DelayedWorkQueue.take(ScheduledThreadPoolExecutor.java:809)
        at java.util.concurrent.ThreadPoolExecutor.getTask(ThreadPoolExecutor.java:1074)
        at java.util.concurrent.ThreadPoolExecutor.runWorker(ThreadPoolExecutor.java:1134)
        at java.util.concurrent.ThreadPoolExecutor$Worker.run(ThreadPoolExecutor.java:624)
        at java.lang.Thread.run(Thread.java:748)
"BlockDeletingService#7" daemon prio=5 tid=2194 in Object.wait()
java.lang.Thread.State: WAITING (on object monitor)
        at sun.misc.Unsafe.park(Native Method)
        at java.util.concurrent.locks.LockSupport.park(LockSupport.java:175)
        at java.util.concurrent.locks.AbstractQueuedSynchronizer$ConditionObject.await(AbstractQueuedSynchronizer.java:2039)
        at java.util.concurrent.ScheduledThreadPoolExecutor$DelayedWorkQueue.take(ScheduledThreadPoolExecutor.java:1088)
        at java.util.concurrent.ScheduledThreadPoolExecutor$DelayedWorkQueue.take(ScheduledThreadPoolExecutor.java:809)
        at java.util.concurrent.ThreadPoolExecutor.getTask(ThreadPoolExecutor.java:1074)
        at java.util.concurrent.ThreadPoolExecutor.runWorker(ThreadPoolExecutor.java:1134)
        at java.util.concurrent.ThreadPoolExecutor$Worker.run(ThreadPoolExecutor.java:624)
        at java.lang.Thread.run(Thread.java:748)
"Socket Reader #1 for port 40419"  prio=5 tid=23 runnable
java.lang.Thread.State: RUNNABLE
        at sun.nio.ch.EPollArrayWrapper.epollWait(Native Method)
        at sun.nio.ch.EPollArrayWrapper.poll(EPollArrayWrapper.java:269)
        at sun.nio.ch.EPollSelectorImpl.doSelect(EPollSelectorImpl.java:93)
        at sun.nio.ch.SelectorImpl.lockAndDoSelect(SelectorImpl.java:86)
        at sun.nio.ch.SelectorImpl.select(SelectorImpl.java:97)
        at sun.nio.ch.SelectorImpl.select(SelectorImpl.java:101)
        at org.apache.hadoop.ipc.Server$Listener$Reader.doRunLoop(Server.java:1097)
        at org.apache.hadoop.ipc.Server$Listener$Reader.run(Server.java:1076)
"IPC Server handler 16 on 46754" daemon prio=5 tid=65 timed_waiting
java.lang.Thread.State: TIMED_WAITING
        at sun.misc.Unsafe.park(Native Method)
        at java.util.concurrent.locks.LockSupport.parkNanos(LockSupport.java:215)
        at java.util.concurrent.locks.AbstractQueuedSynchronizer$ConditionObject.awaitNanos(AbstractQueuedSynchronizer.java:2078)
        at java.util.concurrent.LinkedBlockingQueue.poll(LinkedBlockingQueue.java:467)
        at org.apache.hadoop.ipc.CallQueueManager.take(CallQueueManager.java:288)
        at org.apache.hadoop.ipc.Server$Handler.run(Server.java:2668)
"pool-86-thread-34"  prio=5 tid=747 in Object.wait()
java.lang.Thread.State: WAITING (on object monitor)
        at sun.misc.Unsafe.park(Native Method)
        at java.util.concurrent.locks.LockSupport.park(LockSupport.java:175)
        at java.util.concurrent.locks.AbstractQueuedSynchronizer$ConditionObject.await(AbstractQueuedSynchronizer.java:2039)
        at java.util.concurrent.ArrayBlockingQueue.take(ArrayBlockingQueue.java:403)
        at java.util.concurrent.ThreadPoolExecutor.getTask(ThreadPoolExecutor.java:1074)
        at java.util.concurrent.ThreadPoolExecutor.runWorker(ThreadPoolExecutor.java:1134)
        at java.util.concurrent.ThreadPoolExecutor$Worker.run(ThreadPoolExecutor.java:624)
        at java.lang.Thread.run(Thread.java:748)
"90957f92-0013-496b-a419-9c1212c810e8@group-054128F2D0E1-StateMachineUpdater" daemon prio=5 tid=793 in Object.wait()
java.lang.Thread.State: WAITING (on object monitor)
        at java.lang.Object.wait(Native Method)
        at java.lang.Object.wait(Object.java:502)
        at org.apache.ratis.server.impl.StateMachineUpdater.waitForCommit(StateMachineUpdater.java:183)
        at org.apache.ratis.server.impl.StateMachineUpdater.run(StateMachineUpdater.java:148)
        at java.lang.Thread.run(Thread.java:748)
"pool-76-thread-3"  prio=5 tid=654 in Object.wait()
java.lang.Thread.State: WAITING (on object monitor)
        at sun.misc.Unsafe.park(Native Method)
        at java.util.concurrent.locks.LockSupport.park(LockSupport.java:175)
        at java.util.concurrent.locks.AbstractQueuedSynchronizer$ConditionObject.await(AbstractQueuedSynchronizer.java:2039)
        at java.util.concurrent.ArrayBlockingQueue.take(ArrayBlockingQueue.java:403)
        at java.util.concurrent.ThreadPoolExecutor.getTask(ThreadPoolExecutor.java:1074)
        at java.util.concurrent.ThreadPoolExecutor.runWorker(ThreadPoolExecutor.java:1134)
        at java.util.concurrent.ThreadPoolExecutor$Worker.run(ThreadPoolExecutor.java:624)
        at java.lang.Thread.run(Thread.java:748)
"surefire-forkedjvm-command-thread" daemon prio=5 tid=8 runnable
java.lang.Thread.State: RUNNABLE
        at java.io.FileInputStream.readBytes(Native Method)
        at java.io.FileInputStream.read(FileInputStream.java:255)
        at java.io.BufferedInputStream.fill(BufferedInputStream.java:246)
        at java.io.BufferedInputStream.read(BufferedInputStream.java:265)
        at java.io.DataInputStream.readInt(DataInputStream.java:387)
        at org.apache.maven.surefire.booter.MasterProcessCommand.decode(MasterProcessCommand.java:115)
        at org.apache.maven.surefire.booter.CommandReader$CommandRunnable.run(CommandReader.java:390)
        at java.lang.Thread.run(Thread.java:748)
"pool-86-thread-31"  prio=5 tid=744 in Object.wait()
java.lang.Thread.State: WAITING (on object monitor)
        at sun.misc.Unsafe.park(Native Method)
        at java.util.concurrent.locks.LockSupport.park(LockSupport.java:175)
        at java.util.concurrent.locks.AbstractQueuedSynchronizer$ConditionObject.await(AbstractQueuedSynchronizer.java:2039)
        at java.util.concurrent.ArrayBlockingQueue.take(ArrayBlockingQueue.java:403)
        at java.util.concurrent.ThreadPoolExecutor.getTask(ThreadPoolExecutor.java:1074)
        at java.util.concurrent.ThreadPoolExecutor.runWorker(ThreadPoolExecutor.java:1134)
        at java.util.concurrent.ThreadPoolExecutor$Worker.run(ThreadPoolExecutor.java:624)
        at java.lang.Thread.run(Thread.java:748)
"qtp1128600792-243" daemon prio=5 tid=243 timed_waiting
java.lang.Thread.State: TIMED_WAITING
        at sun.misc.Unsafe.park(Native Method)
        at java.util.concurrent.locks.LockSupport.parkNanos(LockSupport.java:215)
        at java.util.concurrent.locks.AbstractQueuedSynchronizer$ConditionObject.awaitNanos(AbstractQueuedSynchronizer.java:2078)
        at org.eclipse.jetty.util.BlockingArrayQueue.poll(BlockingArrayQueue.java:392)
        at org.eclipse.jetty.util.thread.QueuedThreadPool.idleJobPoll(QueuedThreadPool.java:563)
        at org.eclipse.jetty.util.thread.QueuedThreadPool.access$800(QueuedThreadPool.java:48)
        at org.eclipse.jetty.util.thread.QueuedThreadPool$2.run(QueuedThreadPool.java:626)
        at java.lang.Thread.run(Thread.java:748)
"pool-56-thread-20"  prio=5 tid=547 in Object.wait()
java.lang.Thread.State: WAITING (on object monitor)
        at sun.misc.Unsafe.park(Native Method)
        at java.util.concurrent.locks.LockSupport.park(LockSupport.java:175)
        at java.util.concurrent.locks.AbstractQueuedSynchronizer$ConditionObject.await(AbstractQueuedSynchronizer.java:2039)
        at java.util.concurrent.ArrayBlockingQueue.take(ArrayBlockingQueue.java:403)
        at java.util.concurrent.ThreadPoolExecutor.getTask(ThreadPoolExecutor.java:1074)
        at java.util.concurrent.ThreadPoolExecutor.runWorker(ThreadPoolExecutor.java:1134)
        at java.util.concurrent.ThreadPoolExecutor$Worker.run(ThreadPoolExecutor.java:624)
        at java.lang.Thread.run(Thread.java:748)
"pool-26-thread-15"  prio=5 tid=355 in Object.wait()
java.lang.Thread.State: WAITING (on object monitor)
        at sun.misc.Unsafe.park(Native Method)
        at java.util.concurrent.locks.LockSupport.park(LockSupport.java:175)
        at java.util.concurrent.locks.AbstractQueuedSynchronizer$ConditionObject.await(AbstractQueuedSynchronizer.java:2039)
        at java.util.concurrent.ArrayBlockingQueue.take(ArrayBlockingQueue.java:403)
        at java.util.concurrent.ThreadPoolExecutor.getTask(ThreadPoolExecutor.java:1074)
        at java.util.concurrent.ThreadPoolExecutor.runWorker(ThreadPoolExecutor.java:1134)
        at java.util.concurrent.ThreadPoolExecutor$Worker.run(ThreadPoolExecutor.java:624)
        at java.lang.Thread.run(Thread.java:748)
"pool-76-thread-56"  prio=5 tid=707 in Object.wait()
java.lang.Thread.State: WAITING (on object monitor)
        at sun.misc.Unsafe.park(Native Method)
        at java.util.concurrent.locks.LockSupport.park(LockSupport.java:175)
        at java.util.concurrent.locks.AbstractQueuedSynchronizer$ConditionObject.await(AbstractQueuedSynchronizer.java:2039)
        at java.util.concurrent.ArrayBlockingQueue.take(ArrayBlockingQueue.java:403)
        at java.util.concurrent.ThreadPoolExecutor.getTask(ThreadPoolExecutor.java:1074)
        at java.util.concurrent.ThreadPoolExecutor.runWorker(ThreadPoolExecutor.java:1134)
        at java.util.concurrent.ThreadPoolExecutor$Worker.run(ThreadPoolExecutor.java:624)
        at java.lang.Thread.run(Thread.java:748)
"pool-56-thread-32"  prio=5 tid=559 in Object.wait()
java.lang.Thread.State: WAITING (on object monitor)
        at sun.misc.Unsafe.park(Native Method)
        at java.util.concurrent.locks.LockSupport.park(LockSupport.java:175)
        at java.util.concurrent.locks.AbstractQueuedSynchronizer$ConditionObject.await(AbstractQueuedSynchronizer.java:2039)
        at java.util.concurrent.ArrayBlockingQueue.take(ArrayBlockingQueue.java:403)
        at java.util.concurrent.ThreadPoolExecutor.getTask(ThreadPoolExecutor.java:1074)
        at java.util.concurrent.ThreadPoolExecutor.runWorker(ThreadPoolExecutor.java:1134)
        at java.util.concurrent.ThreadPoolExecutor$Worker.run(ThreadPoolExecutor.java:624)
        at java.lang.Thread.run(Thread.java:748)
"java.util.concurrent.ThreadPoolExecutor$Worker@428b17cc[State = -1, empty queue]" daemon prio=5 tid=4124 runnable
java.lang.Thread.State: RUNNABLE
        at java.util.concurrent.ScheduledThreadPoolExecutor$DelayedWorkQueue.poll(ScheduledThreadPoolExecutor.java:809)
        at java.util.concurrent.ThreadPoolExecutor.getTask(ThreadPoolExecutor.java:1073)
        at java.util.concurrent.ThreadPoolExecutor.runWorker(ThreadPoolExecutor.java:1134)
        at java.util.concurrent.ThreadPoolExecutor$Worker.run(ThreadPoolExecutor.java:624)
        at java.lang.Thread.run(Thread.java:748)
"metrics-hadoop-metrics2-reporter-8-thread-1" daemon prio=5 tid=816 timed_waiting
java.lang.Thread.State: TIMED_WAITING
        at sun.misc.Unsafe.park(Native Method)
        at java.util.concurrent.locks.LockSupport.parkNanos(LockSupport.java:215)
        at java.util.concurrent.locks.AbstractQueuedSynchronizer$ConditionObject.awaitNanos(AbstractQueuedSynchronizer.java:2078)
        at java.util.concurrent.ScheduledThreadPoolExecutor$DelayedWorkQueue.take(ScheduledThreadPoolExecutor.java:1093)
        at java.util.concurrent.ScheduledThreadPoolExecutor$DelayedWorkQueue.take(ScheduledThreadPoolExecutor.java:809)
        at java.util.concurrent.ThreadPoolExecutor.getTask(ThreadPoolExecutor.java:1074)
        at java.util.concurrent.ThreadPoolExecutor.runWorker(ThreadPoolExecutor.java:1134)
        at java.util.concurrent.ThreadPoolExecutor$Worker.run(ThreadPoolExecutor.java:624)
        at java.lang.Thread.run(Thread.java:748)
"pool-66-thread-21"  prio=5 tid=610 in Object.wait()
java.lang.Thread.State: WAITING (on object monitor)
        at sun.misc.Unsafe.park(Native Method)
        at java.util.concurrent.locks.LockSupport.park(LockSupport.java:175)
        at java.util.concurrent.locks.AbstractQueuedSynchronizer$ConditionObject.await(AbstractQueuedSynchronizer.java:2039)
        at java.util.concurrent.ArrayBlockingQueue.take(ArrayBlockingQueue.java:403)
        at java.util.concurrent.ThreadPoolExecutor.getTask(ThreadPoolExecutor.java:1074)
        at java.util.concurrent.ThreadPoolExecutor.runWorker(ThreadPoolExecutor.java:1134)
        at java.util.concurrent.ThreadPoolExecutor$Worker.run(ThreadPoolExecutor.java:624)
        at java.lang.Thread.run(Thread.java:748)
"pool-46-thread-15"  prio=5 tid=475 in Object.wait()
java.lang.Thread.State: WAITING (on object monitor)
        at sun.misc.Unsafe.park(Native Method)
        at java.util.concurrent.locks.LockSupport.park(LockSupport.java:175)
        at java.util.concurrent.locks.AbstractQueuedSynchronizer$ConditionObject.await(AbstractQueuedSynchronizer.java:2039)
        at java.util.concurrent.ArrayBlockingQueue.take(ArrayBlockingQueue.java:403)
        at java.util.concurrent.ThreadPoolExecutor.getTask(ThreadPoolExecutor.java:1074)
        at java.util.concurrent.ThreadPoolExecutor.runWorker(ThreadPoolExecutor.java:1134)
        at java.util.concurrent.ThreadPoolExecutor$Worker.run(ThreadPoolExecutor.java:624)
        at java.lang.Thread.run(Thread.java:748)
"IPC Server listener on 38980" daemon prio=5 tid=14 runnable
java.lang.Thread.State: RUNNABLE
        at sun.nio.ch.EPollArrayWrapper.epollWait(Native Method)
        at sun.nio.ch.EPollArrayWrapper.poll(EPollArrayWrapper.java:269)
        at sun.nio.ch.EPollSelectorImpl.doSelect(EPollSelectorImpl.java:93)
        at sun.nio.ch.SelectorImpl.lockAndDoSelect(SelectorImpl.java:86)
        at sun.nio.ch.SelectorImpl.select(SelectorImpl.java:97)
        at sun.nio.ch.SelectorImpl.select(SelectorImpl.java:101)
        at org.apache.hadoop.ipc.Server$Listener.run(Server.java:1159)
"qtp1128600792-240" daemon prio=5 tid=240 runnable
java.lang.Thread.State: RUNNABLE
        at sun.nio.ch.EPollArrayWrapper.epollWait(Native Method)
        at sun.nio.ch.EPollArrayWrapper.poll(EPollArrayWrapper.java:269)
        at sun.nio.ch.EPollSelectorImpl.doSelect(EPollSelectorImpl.java:93)
        at sun.nio.ch.SelectorImpl.lockAndDoSelect(SelectorImpl.java:86)
        at sun.nio.ch.SelectorImpl.select(SelectorImpl.java:97)
        at sun.nio.ch.SelectorImpl.select(SelectorImpl.java:101)
        at org.eclipse.jetty.io.ManagedSelector$SelectorProducer.select(ManagedSelector.java:243)
        at org.eclipse.jetty.io.ManagedSelector$SelectorProducer.produce(ManagedSelector.java:191)
        at org.eclipse.jetty.util.thread.strategy.ExecuteProduceConsume.executeProduceConsume(ExecuteProduceConsume.java:249)
        at org.eclipse.jetty.util.thread.strategy.ExecuteProduceConsume.produceConsume(ExecuteProduceConsume.java:148)
        at org.eclipse.jetty.util.thread.strategy.ExecuteProduceConsume.execute(ExecuteProduceConsume.java:100)
        at org.eclipse.jetty.io.ManagedSelector.run(ManagedSelector.java:147)
        at org.eclipse.jetty.util.thread.QueuedThreadPool.runJob(QueuedThreadPool.java:671)
        at org.eclipse.jetty.util.thread.QueuedThreadPool$2.run(QueuedThreadPool.java:589)
        at java.lang.Thread.run(Thread.java:748)
"Thread-300" daemon prio=5 tid=908 timed_waiting
java.lang.Thread.State: TIMED_WAITING
        at sun.misc.Unsafe.park(Native Method)
        at java.util.concurrent.locks.LockSupport.parkNanos(LockSupport.java:215)
        at java.util.concurrent.locks.AbstractQueuedSynchronizer$ConditionObject.awaitNanos(AbstractQueuedSynchronizer.java:2078)
        at java.util.concurrent.ArrayBlockingQueue.poll(ArrayBlockingQueue.java:418)
        at org.apache.ratis.server.impl.LeaderState$EventQueue.poll(LeaderState.java:115)
        at org.apache.ratis.server.impl.LeaderState$EventProcessor.run(LeaderState.java:457)
"pool-26-thread-56"  prio=5 tid=396 in Object.wait()
java.lang.Thread.State: WAITING (on object monitor)
        at sun.misc.Unsafe.park(Native Method)
        at java.util.concurrent.locks.LockSupport.park(LockSupport.java:175)
        at java.util.concurrent.locks.AbstractQueuedSynchronizer$ConditionObject.await(AbstractQueuedSynchronizer.java:2039)
        at java.util.concurrent.ArrayBlockingQueue.take(ArrayBlockingQueue.java:403)
        at java.util.concurrent.ThreadPoolExecutor.getTask(ThreadPoolExecutor.java:1074)
        at java.util.concurrent.ThreadPoolExecutor.runWorker(ThreadPoolExecutor.java:1134)
        at java.util.concurrent.ThreadPoolExecutor$Worker.run(ThreadPoolExecutor.java:624)
        at java.lang.Thread.run(Thread.java:748)
"pool-56-thread-53"  prio=5 tid=580 in Object.wait()
java.lang.Thread.State: WAITING (on object monitor)
        at sun.misc.Unsafe.park(Native Method)
        at java.util.concurrent.locks.LockSupport.park(LockSupport.java:175)
        at java.util.concurrent.locks.AbstractQueuedSynchronizer$ConditionObject.await(AbstractQueuedSynchronizer.java:2039)
        at java.util.concurrent.ArrayBlockingQueue.take(ArrayBlockingQueue.java:403)
        at java.util.concurrent.ThreadPoolExecutor.getTask(ThreadPoolExecutor.java:1074)
        at java.util.concurrent.ThreadPoolExecutor.runWorker(ThreadPoolExecutor.java:1134)
        at java.util.concurrent.ThreadPoolExecutor$Worker.run(ThreadPoolExecutor.java:624)
        at java.lang.Thread.run(Thread.java:748)
"pool-66-thread-25"  prio=5 tid=614 in Object.wait()
java.lang.Thread.State: WAITING (on object monitor)
        at sun.misc.Unsafe.park(Native Method)
        at java.util.concurrent.locks.LockSupport.park(LockSupport.java:175)
        at java.util.concurrent.locks.AbstractQueuedSynchronizer$ConditionObject.await(AbstractQueuedSynchronizer.java:2039)
        at java.util.concurrent.ArrayBlockingQueue.take(ArrayBlockingQueue.java:403)
        at java.util.concurrent.ThreadPoolExecutor.getTask(ThreadPoolExecutor.java:1074)
        at java.util.concurrent.ThreadPoolExecutor.runWorker(ThreadPoolExecutor.java:1134)
        at java.util.concurrent.ThreadPoolExecutor$Worker.run(ThreadPoolExecutor.java:624)
        at java.lang.Thread.run(Thread.java:748)
"pool-36-thread-34"  prio=5 tid=434 in Object.wait()
java.lang.Thread.State: WAITING (on object monitor)
        at sun.misc.Unsafe.park(Native Method)
        at java.util.concurrent.locks.LockSupport.park(LockSupport.java:175)
        at java.util.concurrent.locks.AbstractQueuedSynchronizer$ConditionObject.await(AbstractQueuedSynchronizer.java:2039)
        at java.util.concurrent.ArrayBlockingQueue.take(ArrayBlockingQueue.java:403)
        at java.util.concurrent.ThreadPoolExecutor.getTask(ThreadPoolExecutor.java:1074)
        at java.util.concurrent.ThreadPoolExecutor.runWorker(ThreadPoolExecutor.java:1134)
        at java.util.concurrent.ThreadPoolExecutor$Worker.run(ThreadPoolExecutor.java:624)
        at java.lang.Thread.run(Thread.java:748)
"pool-66-thread-36"  prio=5 tid=625 in Object.wait()
java.lang.Thread.State: WAITING (on object monitor)
        at sun.misc.Unsafe.park(Native Method)
        at java.util.concurrent.locks.LockSupport.park(LockSupport.java:175)
        at java.util.concurrent.locks.AbstractQueuedSynchronizer$ConditionObject.await(AbstractQueuedSynchronizer.java:2039)
        at java.util.concurrent.ArrayBlockingQueue.take(ArrayBlockingQueue.java:403)
        at java.util.concurrent.ThreadPoolExecutor.getTask(ThreadPoolExecutor.java:1074)
        at java.util.concurrent.ThreadPoolExecutor.runWorker(ThreadPoolExecutor.java:1134)
        at java.util.concurrent.ThreadPoolExecutor$Worker.run(ThreadPoolExecutor.java:624)
        at java.lang.Thread.run(Thread.java:748)
"EventQueue-NodeReportForNodeReportHandler" daemon prio=5 tid=1149 in Object.wait()
java.lang.Thread.State: WAITING (on object monitor)
        at sun.misc.Unsafe.park(Native Method)
        at java.util.concurrent.locks.LockSupport.park(LockSupport.java:175)
        at java.util.concurrent.locks.AbstractQueuedSynchronizer$ConditionObject.await(AbstractQueuedSynchronizer.java:2039)
        at java.util.concurrent.LinkedBlockingQueue.take(LinkedBlockingQueue.java:442)
        at java.util.concurrent.ThreadPoolExecutor.getTask(ThreadPoolExecutor.java:1074)
        at java.util.concurrent.ThreadPoolExecutor.runWorker(ThreadPoolExecutor.java:1134)
        at java.util.concurrent.ThreadPoolExecutor$Worker.run(ThreadPoolExecutor.java:624)
        at java.lang.Thread.run(Thread.java:748)
"pool-74-thread-1" daemon prio=5 tid=291 in Object.wait()
java.lang.Thread.State: WAITING (on object monitor)
        at sun.misc.Unsafe.park(Native Method)
        at java.util.concurrent.locks.LockSupport.park(LockSupport.java:175)
        at java.util.concurrent.locks.AbstractQueuedSynchronizer$ConditionObject.await(AbstractQueuedSynchronizer.java:2039)
        at java.util.concurrent.ScheduledThreadPoolExecutor$DelayedWorkQueue.take(ScheduledThreadPoolExecutor.java:1081)
        at java.util.concurrent.ScheduledThreadPoolExecutor$DelayedWorkQueue.take(ScheduledThreadPoolExecutor.java:809)
        at java.util.concurrent.ThreadPoolExecutor.getTask(ThreadPoolExecutor.java:1074)
        at java.util.concurrent.ThreadPoolExecutor.runWorker(ThreadPoolExecutor.java:1134)
        at java.util.concurrent.ThreadPoolExecutor$Worker.run(ThreadPoolExecutor.java:624)
        at java.lang.Thread.run(Thread.java:748)
"pool-86-thread-50"  prio=5 tid=763 in Object.wait()
java.lang.Thread.State: WAITING (on object monitor)
        at sun.misc.Unsafe.park(Native Method)
        at java.util.concurrent.locks.LockSupport.park(LockSupport.java:175)
        at java.util.concurrent.locks.AbstractQueuedSynchronizer$ConditionObject.await(AbstractQueuedSynchronizer.java:2039)
        at java.util.concurrent.ArrayBlockingQueue.take(ArrayBlockingQueue.java:403)
        at java.util.concurrent.ThreadPoolExecutor.getTask(ThreadPoolExecutor.java:1074)
        at java.util.concurrent.ThreadPoolExecutor.runWorker(ThreadPoolExecutor.java:1134)
        at java.util.concurrent.ThreadPoolExecutor$Worker.run(ThreadPoolExecutor.java:624)
        at java.lang.Thread.run(Thread.java:748)
"90957f92-0013-496b-a419-9c1212c810e8@group-6371820A5F4C-StateMachineUpdater" daemon prio=5 tid=2215 in Object.wait()
java.lang.Thread.State: WAITING (on object monitor)
        at java.lang.Object.wait(Native Method)
        at java.lang.Object.wait(Object.java:502)
        at org.apache.ratis.server.impl.StateMachineUpdater.waitForCommit(StateMachineUpdater.java:183)
        at org.apache.ratis.server.impl.StateMachineUpdater.run(StateMachineUpdater.java:148)
        at java.lang.Thread.run(Thread.java:748)
"pool-86-thread-42"  prio=5 tid=755 in Object.wait()
java.lang.Thread.State: WAITING (on object monitor)
        at sun.misc.Unsafe.park(Native Method)
        at java.util.concurrent.locks.LockSupport.park(LockSupport.java:175)
        at java.util.concurrent.locks.AbstractQueuedSynchronizer$ConditionObject.await(AbstractQueuedSynchronizer.java:2039)
        at java.util.concurrent.ArrayBlockingQueue.take(ArrayBlockingQueue.java:403)
        at java.util.concurrent.ThreadPoolExecutor.getTask(ThreadPoolExecutor.java:1074)
        at java.util.concurrent.ThreadPoolExecutor.runWorker(ThreadPoolExecutor.java:1134)
        at java.util.concurrent.ThreadPoolExecutor$Worker.run(ThreadPoolExecutor.java:624)
        at java.lang.Thread.run(Thread.java:748)
"f3263f9a-ef6c-4ff4-a6b2-5a62e946b753@group-C650F42891D4-SegmentedRaftLogWorker"  prio=5 tid=800 timed_waiting
java.lang.Thread.State: TIMED_WAITING
        at sun.misc.Unsafe.park(Native Method)
        at java.util.concurrent.locks.LockSupport.parkNanos(LockSupport.java:215)
        at java.util.concurrent.locks.AbstractQueuedSynchronizer$ConditionObject.awaitNanos(AbstractQueuedSynchronizer.java:2078)
        at org.apache.ratis.util.DataBlockingQueue.poll(DataBlockingQueue.java:137)
        at org.apache.ratis.server.raftlog.segmented.SegmentedRaftLogWorker.run(SegmentedRaftLogWorker.java:283)
        at java.lang.Thread.run(Thread.java:748)
"qtp1128600792-245" daemon prio=5 tid=245 timed_waiting
java.lang.Thread.State: TIMED_WAITING
        at sun.misc.Unsafe.park(Native Method)
        at java.util.concurrent.locks.LockSupport.parkNanos(LockSupport.java:215)
        at java.util.concurrent.locks.AbstractQueuedSynchronizer$ConditionObject.awaitNanos(AbstractQueuedSynchronizer.java:2078)
        at org.eclipse.jetty.util.BlockingArrayQueue.poll(BlockingArrayQueue.java:392)
        at org.eclipse.jetty.util.thread.QueuedThreadPool.idleJobPoll(QueuedThreadPool.java:563)
        at org.eclipse.jetty.util.thread.QueuedThreadPool.access$800(QueuedThreadPool.java:48)
        at org.eclipse.jetty.util.thread.QueuedThreadPool$2.run(QueuedThreadPool.java:626)
        at java.lang.Thread.run(Thread.java:748)
"pool-36-thread-59"  prio=5 tid=459 in Object.wait()
java.lang.Thread.State: WAITING (on object monitor)
        at sun.misc.Unsafe.park(Native Method)
        at java.util.concurrent.locks.LockSupport.park(LockSupport.java:175)
        at java.util.concurrent.locks.AbstractQueuedSynchronizer$ConditionObject.await(AbstractQueuedSynchronizer.java:2039)
        at java.util.concurrent.ArrayBlockingQueue.take(ArrayBlockingQueue.java:403)
        at java.util.concurrent.ThreadPoolExecutor.getTask(ThreadPoolExecutor.java:1074)
        at java.util.concurrent.ThreadPoolExecutor.runWorker(ThreadPoolExecutor.java:1134)
        at java.util.concurrent.ThreadPoolExecutor$Worker.run(ThreadPoolExecutor.java:624)
        at java.lang.Thread.run(Thread.java:748)
"pool-46-thread-60"  prio=5 tid=520 in Object.wait()
java.lang.Thread.State: WAITING (on object monitor)
        at sun.misc.Unsafe.park(Native Method)
        at java.util.concurrent.locks.LockSupport.park(LockSupport.java:175)
        at java.util.concurrent.locks.AbstractQueuedSynchronizer$ConditionObject.await(AbstractQueuedSynchronizer.java:2039)
        at java.util.concurrent.ArrayBlockingQueue.take(ArrayBlockingQueue.java:403)
        at java.util.concurrent.ThreadPoolExecutor.getTask(ThreadPoolExecutor.java:1074)
        at java.util.concurrent.ThreadPoolExecutor.runWorker(ThreadPoolExecutor.java:1134)
        at java.util.concurrent.ThreadPoolExecutor$Worker.run(ThreadPoolExecutor.java:624)
        at java.lang.Thread.run(Thread.java:748)
"pool-56-thread-22"  prio=5 tid=549 in Object.wait()
java.lang.Thread.State: WAITING (on object monitor)
        at sun.misc.Unsafe.park(Native Method)
        at java.util.concurrent.locks.LockSupport.park(LockSupport.java:175)
        at java.util.concurrent.locks.AbstractQueuedSynchronizer$ConditionObject.await(AbstractQueuedSynchronizer.java:2039)
        at java.util.concurrent.ArrayBlockingQueue.take(ArrayBlockingQueue.java:403)
        at java.util.concurrent.ThreadPoolExecutor.getTask(ThreadPoolExecutor.java:1074)
        at java.util.concurrent.ThreadPoolExecutor.runWorker(ThreadPoolExecutor.java:1134)
        at java.util.concurrent.ThreadPoolExecutor$Worker.run(ThreadPoolExecutor.java:624)
        at java.lang.Thread.run(Thread.java:748)
"pool-46-thread-45"  prio=5 tid=505 in Object.wait()
java.lang.Thread.State: WAITING (on object monitor)
        at sun.misc.Unsafe.park(Native Method)
        at java.util.concurrent.locks.LockSupport.park(LockSupport.java:175)
        at java.util.concurrent.locks.AbstractQueuedSynchronizer$ConditionObject.await(AbstractQueuedSynchronizer.java:2039)
        at java.util.concurrent.ArrayBlockingQueue.take(ArrayBlockingQueue.java:403)
        at java.util.concurrent.ThreadPoolExecutor.getTask(ThreadPoolExecutor.java:1074)
        at java.util.concurrent.ThreadPoolExecutor.runWorker(ThreadPoolExecutor.java:1134)
        at java.util.concurrent.ThreadPoolExecutor$Worker.run(ThreadPoolExecutor.java:624)
        at java.lang.Thread.run(Thread.java:748)
"org.eclipse.jetty.server.session.HashSessionManager@1305c126Timer" daemon prio=5 tid=248 timed_waiting
java.lang.Thread.State: TIMED_WAITING
        at sun.misc.Unsafe.park(Native Method)
        at java.util.concurrent.locks.LockSupport.parkNanos(LockSupport.java:215)
        at java.util.concurrent.locks.AbstractQueuedSynchronizer$ConditionObject.awaitNanos(AbstractQueuedSynchronizer.java:2078)
        at java.util.concurrent.ScheduledThreadPoolExecutor$DelayedWorkQueue.take(ScheduledThreadPoolExecutor.java:1093)
        at java.util.concurrent.ScheduledThreadPoolExecutor$DelayedWorkQueue.take(ScheduledThreadPoolExecutor.java:809)
        at java.util.concurrent.ThreadPoolExecutor.getTask(ThreadPoolExecutor.java:1074)
        at java.util.concurrent.ThreadPoolExecutor.runWorker(ThreadPoolExecutor.java:1134)
        at java.util.concurrent.ThreadPoolExecutor$Worker.run(ThreadPoolExecutor.java:624)
        at java.lang.Thread.run(Thread.java:748)
"IPC Server handler 8 on 40419" daemon prio=5 tid=37 timed_waiting
java.lang.Thread.State: TIMED_WAITING
        at sun.misc.Unsafe.park(Native Method)
        at java.util.concurrent.locks.LockSupport.parkNanos(LockSupport.java:215)
        at java.util.concurrent.locks.AbstractQueuedSynchronizer$ConditionObject.awaitNanos(AbstractQueuedSynchronizer.java:2078)
        at java.util.concurrent.LinkedBlockingQueue.poll(LinkedBlockingQueue.java:467)
        at org.apache.hadoop.ipc.CallQueueManager.take(CallQueueManager.java:288)
        at org.apache.hadoop.ipc.Server$Handler.run(Server.java:2668)
"pool-84-thread-1" daemon prio=5 tid=318 in Object.wait()
java.lang.Thread.State: WAITING (on object monitor)
        at sun.misc.Unsafe.park(Native Method)
        at java.util.concurrent.locks.LockSupport.park(LockSupport.java:175)
        at java.util.concurrent.locks.AbstractQueuedSynchronizer$ConditionObject.await(AbstractQueuedSynchronizer.java:2039)
        at java.util.concurrent.ScheduledThreadPoolExecutor$DelayedWorkQueue.take(ScheduledThreadPoolExecutor.java:1081)
        at java.util.concurrent.ScheduledThreadPoolExecutor$DelayedWorkQueue.take(ScheduledThreadPoolExecutor.java:809)
        at java.util.concurrent.ThreadPoolExecutor.getTask(ThreadPoolExecutor.java:1074)
        at java.util.concurrent.ThreadPoolExecutor.runWorker(ThreadPoolExecutor.java:1134)
        at java.util.concurrent.ThreadPoolExecutor$Worker.run(ThreadPoolExecutor.java:624)
        at java.lang.Thread.run(Thread.java:748)
"IPC Server handler 0 on 40419" daemon prio=5 tid=29 timed_waiting
java.lang.Thread.State: TIMED_WAITING
        at sun.misc.Unsafe.park(Native Method)
        at java.util.concurrent.locks.LockSupport.parkNanos(LockSupport.java:215)
        at java.util.concurrent.locks.AbstractQueuedSynchronizer$ConditionObject.awaitNanos(AbstractQueuedSynchronizer.java:2078)
        at java.util.concurrent.LinkedBlockingQueue.poll(LinkedBlockingQueue.java:467)
        at org.apache.hadoop.ipc.CallQueueManager.take(CallQueueManager.java:288)
        at org.apache.hadoop.ipc.Server$Handler.run(Server.java:2668)
"Periodic HDDS volume checker"  prio=5 tid=287 timed_waiting
java.lang.Thread.State: TIMED_WAITING
        at sun.misc.Unsafe.park(Native Method)
        at java.util.concurrent.locks.LockSupport.parkNanos(LockSupport.java:215)
        at java.util.concurrent.locks.AbstractQueuedSynchronizer$ConditionObject.awaitNanos(AbstractQueuedSynchronizer.java:2078)
        at java.util.concurrent.ScheduledThreadPoolExecutor$DelayedWorkQueue.take(ScheduledThreadPoolExecutor.java:1093)
        at java.util.concurrent.ScheduledThreadPoolExecutor$DelayedWorkQueue.take(ScheduledThreadPoolExecutor.java:809)
        at java.util.concurrent.ThreadPoolExecutor.getTask(ThreadPoolExecutor.java:1074)
        at java.util.concurrent.ThreadPoolExecutor.runWorker(ThreadPoolExecutor.java:1134)
        at java.util.concurrent.ThreadPoolExecutor$Worker.run(ThreadPoolExecutor.java:624)
        at java.lang.Thread.run(Thread.java:748)
"IPC Server idle connection scanner for port 40610" daemon prio=5 tid=111 timed_waiting
java.lang.Thread.State: TIMED_WAITING
        at java.lang.Object.wait(Native Method)
        at java.util.TimerThread.mainLoop(Timer.java:552)
        at java.util.TimerThread.run(Timer.java:505)
"pool-66-thread-10"  prio=5 tid=599 in Object.wait()
java.lang.Thread.State: WAITING (on object monitor)
        at sun.misc.Unsafe.park(Native Method)
        at java.util.concurrent.locks.LockSupport.park(LockSupport.java:175)
        at java.util.concurrent.locks.AbstractQueuedSynchronizer$ConditionObject.await(AbstractQueuedSynchronizer.java:2039)
        at java.util.concurrent.ArrayBlockingQueue.take(ArrayBlockingQueue.java:403)
        at java.util.concurrent.ThreadPoolExecutor.getTask(ThreadPoolExecutor.java:1074)
        at java.util.concurrent.ThreadPoolExecutor.runWorker(ThreadPoolExecutor.java:1134)
        at java.util.concurrent.ThreadPoolExecutor$Worker.run(ThreadPoolExecutor.java:624)
        at java.lang.Thread.run(Thread.java:748)
"pool-87-thread-1"  prio=5 tid=812 in Object.wait()
java.lang.Thread.State: WAITING (on object monitor)
        at sun.misc.Unsafe.park(Native Method)
        at java.util.concurrent.locks.LockSupport.park(LockSupport.java:175)
        at java.util.concurrent.locks.AbstractQueuedSynchronizer$ConditionObject.await(AbstractQueuedSynchronizer.java:2039)
        at java.util.concurrent.LinkedBlockingQueue.take(LinkedBlockingQueue.java:442)
        at java.util.concurrent.ThreadPoolExecutor.getTask(ThreadPoolExecutor.java:1074)
        at java.util.concurrent.ThreadPoolExecutor.runWorker(ThreadPoolExecutor.java:1134)
        at java.util.concurrent.ThreadPoolExecutor$Worker.run(ThreadPoolExecutor.java:624)
        at java.lang.Thread.run(Thread.java:748)
"pool-56-thread-47"  prio=5 tid=574 in Object.wait()
java.lang.Thread.State: WAITING (on object monitor)
        at sun.misc.Unsafe.park(Native Method)
        at java.util.concurrent.locks.LockSupport.park(LockSupport.java:175)
        at java.util.concurrent.locks.AbstractQueuedSynchronizer$ConditionObject.await(AbstractQueuedSynchronizer.java:2039)
        at java.util.concurrent.ArrayBlockingQueue.take(ArrayBlockingQueue.java:403)
        at java.util.concurrent.ThreadPoolExecutor.getTask(ThreadPoolExecutor.java:1074)
        at java.util.concurrent.ThreadPoolExecutor.runWorker(ThreadPoolExecutor.java:1134)
        at java.util.concurrent.ThreadPoolExecutor$Worker.run(ThreadPoolExecutor.java:624)
        at java.lang.Thread.run(Thread.java:748)
"Socket Reader #1 for port 38980"  prio=5 tid=15 runnable
java.lang.Thread.State: RUNNABLE
        at sun.nio.ch.EPollArrayWrapper.epollWait(Native Method)
        at sun.nio.ch.EPollArrayWrapper.poll(EPollArrayWrapper.java:269)
        at sun.nio.ch.EPollSelectorImpl.doSelect(EPollSelectorImpl.java:93)
        at sun.nio.ch.SelectorImpl.lockAndDoSelect(SelectorImpl.java:86)
        at sun.nio.ch.SelectorImpl.select(SelectorImpl.java:97)
        at sun.nio.ch.SelectorImpl.select(SelectorImpl.java:101)
        at org.apache.hadoop.ipc.Server$Listener$Reader.doRunLoop(Server.java:1097)
        at org.apache.hadoop.ipc.Server$Listener$Reader.run(Server.java:1076)
"BlockDeletingService#3" daemon prio=5 tid=1309 in Object.wait()
java.lang.Thread.State: WAITING (on object monitor)
        at sun.misc.Unsafe.park(Native Method)
        at java.util.concurrent.locks.LockSupport.park(LockSupport.java:175)
        at java.util.concurrent.locks.AbstractQueuedSynchronizer$ConditionObject.await(AbstractQueuedSynchronizer.java:2039)
        at java.util.concurrent.ScheduledThreadPoolExecutor$DelayedWorkQueue.take(ScheduledThreadPoolExecutor.java:1088)
        at java.util.concurrent.ScheduledThreadPoolExecutor$DelayedWorkQueue.take(ScheduledThreadPoolExecutor.java:809)
        at java.util.concurrent.ThreadPoolExecutor.getTask(ThreadPoolExecutor.java:1074)
        at java.util.concurrent.ThreadPoolExecutor.runWorker(ThreadPoolExecutor.java:1134)
        at java.util.concurrent.ThreadPoolExecutor$Worker.run(ThreadPoolExecutor.java:624)
        at java.lang.Thread.run(Thread.java:748)
"pool-66-thread-16"  prio=5 tid=605 in Object.wait()
java.lang.Thread.State: WAITING (on object monitor)
        at sun.misc.Unsafe.park(Native Method)
        at java.util.concurrent.locks.LockSupport.park(LockSupport.java:175)
        at java.util.concurrent.locks.AbstractQueuedSynchronizer$ConditionObject.await(AbstractQueuedSynchronizer.java:2039)
        at java.util.concurrent.ArrayBlockingQueue.take(ArrayBlockingQueue.java:403)
        at java.util.concurrent.ThreadPoolExecutor.getTask(ThreadPoolExecutor.java:1074)
        at java.util.concurrent.ThreadPoolExecutor.runWorker(ThreadPoolExecutor.java:1134)
        at java.util.concurrent.ThreadPoolExecutor$Worker.run(ThreadPoolExecutor.java:624)
        at java.lang.Thread.run(Thread.java:748)
"pool-56-thread-51"  prio=5 tid=578 in Object.wait()
java.lang.Thread.State: WAITING (on object monitor)
        at sun.misc.Unsafe.park(Native Method)
        at java.util.concurrent.locks.LockSupport.park(LockSupport.java:175)
        at java.util.concurrent.locks.AbstractQueuedSynchronizer$ConditionObject.await(AbstractQueuedSynchronizer.java:2039)
        at java.util.concurrent.ArrayBlockingQueue.take(ArrayBlockingQueue.java:403)
        at java.util.concurrent.ThreadPoolExecutor.getTask(ThreadPoolExecutor.java:1074)
        at java.util.concurrent.ThreadPoolExecutor.runWorker(ThreadPoolExecutor.java:1134)
        at java.util.concurrent.ThreadPoolExecutor$Worker.run(ThreadPoolExecutor.java:624)
        at java.lang.Thread.run(Thread.java:748)
"pool-26-thread-54"  prio=5 tid=394 in Object.wait()
java.lang.Thread.State: WAITING (on object monitor)
        at sun.misc.Unsafe.park(Native Method)
        at java.util.concurrent.locks.LockSupport.park(LockSupport.java:175)
        at java.util.concurrent.locks.AbstractQueuedSynchronizer$ConditionObject.await(AbstractQueuedSynchronizer.java:2039)
        at java.util.concurrent.ArrayBlockingQueue.take(ArrayBlockingQueue.java:403)
        at java.util.concurrent.ThreadPoolExecutor.getTask(ThreadPoolExecutor.java:1074)
        at java.util.concurrent.ThreadPoolExecutor.runWorker(ThreadPoolExecutor.java:1134)
        at java.util.concurrent.ThreadPoolExecutor$Worker.run(ThreadPoolExecutor.java:624)
        at java.lang.Thread.run(Thread.java:748)
"BlockDeletingService#9" daemon prio=5 tid=2741 in Object.wait()
java.lang.Thread.State: WAITING (on object monitor)
        at sun.misc.Unsafe.park(Native Method)
        at java.util.concurrent.locks.LockSupport.park(LockSupport.java:175)
        at java.util.concurrent.locks.AbstractQueuedSynchronizer$ConditionObject.await(AbstractQueuedSynchronizer.java:2039)
        at java.util.concurrent.ScheduledThreadPoolExecutor$DelayedWorkQueue.take(ScheduledThreadPoolExecutor.java:1088)
        at java.util.concurrent.ScheduledThreadPoolExecutor$DelayedWorkQueue.take(ScheduledThreadPoolExecutor.java:809)
        at java.util.concurrent.ThreadPoolExecutor.getTask(ThreadPoolExecutor.java:1074)
        at java.util.concurrent.ThreadPoolExecutor.runWorker(ThreadPoolExecutor.java:1134)
        at java.util.concurrent.ThreadPoolExecutor$Worker.run(ThreadPoolExecutor.java:624)
        at java.lang.Thread.run(Thread.java:748)
"pool-66-thread-18"  prio=5 tid=607 in Object.wait()
java.lang.Thread.State: WAITING (on object monitor)
        at sun.misc.Unsafe.park(Native Method)
        at java.util.concurrent.locks.LockSupport.park(LockSupport.java:175)
        at java.util.concurrent.locks.AbstractQueuedSynchronizer$ConditionObject.await(AbstractQueuedSynchronizer.java:2039)
        at java.util.concurrent.ArrayBlockingQueue.take(ArrayBlockingQueue.java:403)
        at java.util.concurrent.ThreadPoolExecutor.getTask(ThreadPoolExecutor.java:1074)
        at java.util.concurrent.ThreadPoolExecutor.runWorker(ThreadPoolExecutor.java:1134)
        at java.util.concurrent.ThreadPoolExecutor$Worker.run(ThreadPoolExecutor.java:624)
        at java.lang.Thread.run(Thread.java:748)
"metrics-hadoop-metrics2-reporter-41-thread-1" daemon prio=5 tid=3063 timed_waiting
java.lang.Thread.State: TIMED_WAITING
        at sun.misc.Unsafe.park(Native Method)
        at java.util.concurrent.locks.LockSupport.parkNanos(LockSupport.java:215)
        at java.util.concurrent.locks.AbstractQueuedSynchronizer$ConditionObject.awaitNanos(AbstractQueuedSynchronizer.java:2078)
        at java.util.concurrent.ScheduledThreadPoolExecutor$DelayedWorkQueue.take(ScheduledThreadPoolExecutor.java:1093)
        at java.util.concurrent.ScheduledThreadPoolExecutor$DelayedWorkQueue.take(ScheduledThreadPoolExecutor.java:809)
        at java.util.concurrent.ThreadPoolExecutor.getTask(ThreadPoolExecutor.java:1074)
        at java.util.concurrent.ThreadPoolExecutor.runWorker(ThreadPoolExecutor.java:1134)
        at java.util.concurrent.ThreadPoolExecutor$Worker.run(ThreadPoolExecutor.java:624)
        at java.lang.Thread.run(Thread.java:748)
"pool-86-thread-20"  prio=5 tid=733 in Object.wait()
java.lang.Thread.State: WAITING (on object monitor)
        at sun.misc.Unsafe.park(Native Method)
        at java.util.concurrent.locks.LockSupport.park(LockSupport.java:175)
        at java.util.concurrent.locks.AbstractQueuedSynchronizer$ConditionObject.await(AbstractQueuedSynchronizer.java:2039)
        at java.util.concurrent.ArrayBlockingQueue.take(ArrayBlockingQueue.java:403)
        at java.util.concurrent.ThreadPoolExecutor.getTask(ThreadPoolExecutor.java:1074)
        at java.util.concurrent.ThreadPoolExecutor.runWorker(ThreadPoolExecutor.java:1134)
        at java.util.concurrent.ThreadPoolExecutor$Worker.run(ThreadPoolExecutor.java:624)
        at java.lang.Thread.run(Thread.java:748)
"BlockDeletingService#1" daemon prio=5 tid=651 in Object.wait()
java.lang.Thread.State: WAITING (on object monitor)
        at sun.misc.Unsafe.park(Native Method)
        at java.util.concurrent.locks.LockSupport.park(LockSupport.java:175)
        at java.util.concurrent.locks.AbstractQueuedSynchronizer$ConditionObject.await(AbstractQueuedSynchronizer.java:2039)
        at java.util.concurrent.ScheduledThreadPoolExecutor$DelayedWorkQueue.take(ScheduledThreadPoolExecutor.java:1088)
        at java.util.concurrent.ScheduledThreadPoolExecutor$DelayedWorkQueue.take(ScheduledThreadPoolExecutor.java:809)
        at java.util.concurrent.ThreadPoolExecutor.getTask(ThreadPoolExecutor.java:1074)
        at java.util.concurrent.ThreadPoolExecutor.runWorker(ThreadPoolExecutor.java:1134)
        at java.util.concurrent.ThreadPoolExecutor$Worker.run(ThreadPoolExecutor.java:624)
        at java.lang.Thread.run(Thread.java:748)
"pool-46-thread-3"  prio=5 tid=463 in Object.wait()
java.lang.Thread.State: WAITING (on object monitor)
        at sun.misc.Unsafe.park(Native Method)
        at java.util.concurrent.locks.LockSupport.park(LockSupport.java:175)
        at java.util.concurrent.locks.AbstractQueuedSynchronizer$ConditionObject.await(AbstractQueuedSynchronizer.java:2039)
        at java.util.concurrent.ArrayBlockingQueue.take(ArrayBlockingQueue.java:403)
        at java.util.concurrent.ThreadPoolExecutor.getTask(ThreadPoolExecutor.java:1074)
        at java.util.concurrent.ThreadPoolExecutor.runWorker(ThreadPoolExecutor.java:1134)
        at java.util.concurrent.ThreadPoolExecutor$Worker.run(ThreadPoolExecutor.java:624)
        at java.lang.Thread.run(Thread.java:748)
"pool-86-thread-21"  prio=5 tid=734 in Object.wait()
java.lang.Thread.State: WAITING (on object monitor)
        at sun.misc.Unsafe.park(Native Method)
        at java.util.concurrent.locks.LockSupport.park(LockSupport.java:175)
        at java.util.concurrent.locks.AbstractQueuedSynchronizer$ConditionObject.await(AbstractQueuedSynchronizer.java:2039)
        at java.util.concurrent.ArrayBlockingQueue.take(ArrayBlockingQueue.java:403)
        at java.util.concurrent.ThreadPoolExecutor.getTask(ThreadPoolExecutor.java:1074)
        at java.util.concurrent.ThreadPoolExecutor.runWorker(ThreadPoolExecutor.java:1134)
        at java.util.concurrent.ThreadPoolExecutor$Worker.run(ThreadPoolExecutor.java:624)
        at java.lang.Thread.run(Thread.java:748)
"897fdfd8-a3cb-4c9b-9ef8-a626c4e76414@group-2AAFD84C0C8F-SegmentedRaftLogWorker"  prio=5 tid=830 timed_waiting
java.lang.Thread.State: TIMED_WAITING
        at sun.misc.Unsafe.park(Native Method)
        at java.util.concurrent.locks.LockSupport.parkNanos(LockSupport.java:215)
        at java.util.concurrent.locks.AbstractQueuedSynchronizer$ConditionObject.awaitNanos(AbstractQueuedSynchronizer.java:2078)
        at org.apache.ratis.util.DataBlockingQueue.poll(DataBlockingQueue.java:137)
        at org.apache.ratis.server.raftlog.segmented.SegmentedRaftLogWorker.run(SegmentedRaftLogWorker.java:283)
        at java.lang.Thread.run(Thread.java:748)
"pool-86-thread-48"  prio=5 tid=761 in Object.wait()
java.lang.Thread.State: WAITING (on object monitor)
        at sun.misc.Unsafe.park(Native Method)
        at java.util.concurrent.locks.LockSupport.park(LockSupport.java:175)
        at java.util.concurrent.locks.AbstractQueuedSynchronizer$ConditionObject.await(AbstractQueuedSynchronizer.java:2039)
        at java.util.concurrent.ArrayBlockingQueue.take(ArrayBlockingQueue.java:403)
        at java.util.concurrent.ThreadPoolExecutor.getTask(ThreadPoolExecutor.java:1074)
        at java.util.concurrent.ThreadPoolExecutor.runWorker(ThreadPoolExecutor.java:1134)
        at java.util.concurrent.ThreadPoolExecutor$Worker.run(ThreadPoolExecutor.java:624)
        at java.lang.Thread.run(Thread.java:748)
"pool-46-thread-13"  prio=5 tid=473 in Object.wait()
java.lang.Thread.State: WAITING (on object monitor)
        at sun.misc.Unsafe.park(Native Method)
        at java.util.concurrent.locks.LockSupport.park(LockSupport.java:175)
        at java.util.concurrent.locks.AbstractQueuedSynchronizer$ConditionObject.await(AbstractQueuedSynchronizer.java:2039)
        at java.util.concurrent.ArrayBlockingQueue.take(ArrayBlockingQueue.java:403)
        at java.util.concurrent.ThreadPoolExecutor.getTask(ThreadPoolExecutor.java:1074)
        at java.util.concurrent.ThreadPoolExecutor.runWorker(ThreadPoolExecutor.java:1134)
        at java.util.concurrent.ThreadPoolExecutor$Worker.run(ThreadPoolExecutor.java:624)
        at java.lang.Thread.run(Thread.java:748)
"pool-66-thread-15"  prio=5 tid=604 in Object.wait()
java.lang.Thread.State: WAITING (on object monitor)
        at sun.misc.Unsafe.park(Native Method)
        at java.util.concurrent.locks.LockSupport.park(LockSupport.java:175)
        at java.util.concurrent.locks.AbstractQueuedSynchronizer$ConditionObject.await(AbstractQueuedSynchronizer.java:2039)
        at java.util.concurrent.ArrayBlockingQueue.take(ArrayBlockingQueue.java:403)
        at java.util.concurrent.ThreadPoolExecutor.getTask(ThreadPoolExecutor.java:1074)
        at java.util.concurrent.ThreadPoolExecutor.runWorker(ThreadPoolExecutor.java:1134)
        at java.util.concurrent.ThreadPoolExecutor$Worker.run(ThreadPoolExecutor.java:624)
        at java.lang.Thread.run(Thread.java:748)
"BlockDeletingService#7" daemon prio=5 tid=2197 in Object.wait()
java.lang.Thread.State: WAITING (on object monitor)
        at sun.misc.Unsafe.park(Native Method)
        at java.util.concurrent.locks.LockSupport.park(LockSupport.java:175)
        at java.util.concurrent.locks.AbstractQueuedSynchronizer$ConditionObject.await(AbstractQueuedSynchronizer.java:2039)
        at java.util.concurrent.ScheduledThreadPoolExecutor$DelayedWorkQueue.take(ScheduledThreadPoolExecutor.java:1088)
        at java.util.concurrent.ScheduledThreadPoolExecutor$DelayedWorkQueue.take(ScheduledThreadPoolExecutor.java:809)
        at java.util.concurrent.ThreadPoolExecutor.getTask(ThreadPoolExecutor.java:1074)
        at java.util.concurrent.ThreadPoolExecutor.runWorker(ThreadPoolExecutor.java:1134)
        at java.util.concurrent.ThreadPoolExecutor$Worker.run(ThreadPoolExecutor.java:624)
        at java.lang.Thread.run(Thread.java:748)
"pool-76-thread-35"  prio=5 tid=686 in Object.wait()
java.lang.Thread.State: WAITING (on object monitor)
        at sun.misc.Unsafe.park(Native Method)
        at java.util.concurrent.locks.LockSupport.park(LockSupport.java:175)
        at java.util.concurrent.locks.AbstractQueuedSynchronizer$ConditionObject.await(AbstractQueuedSynchronizer.java:2039)
        at java.util.concurrent.ArrayBlockingQueue.take(ArrayBlockingQueue.java:403)
        at java.util.concurrent.ThreadPoolExecutor.getTask(ThreadPoolExecutor.java:1074)
        at java.util.concurrent.ThreadPoolExecutor.runWorker(ThreadPoolExecutor.java:1134)
        at java.util.concurrent.ThreadPoolExecutor$Worker.run(ThreadPoolExecutor.java:624)
        at java.lang.Thread.run(Thread.java:748)
"RatisApplyTransactionExecutor 6" daemon prio=5 tid=3857 in Object.wait()
java.lang.Thread.State: WAITING (on object monitor)
        at sun.misc.Unsafe.park(Native Method)
        at java.util.concurrent.locks.LockSupport.park(LockSupport.java:175)
        at java.util.concurrent.locks.AbstractQueuedSynchronizer$ConditionObject.await(AbstractQueuedSynchronizer.java:2039)
        at java.util.concurrent.LinkedBlockingQueue.take(LinkedBlockingQueue.java:442)
        at java.util.concurrent.ThreadPoolExecutor.getTask(ThreadPoolExecutor.java:1074)
        at java.util.concurrent.ThreadPoolExecutor.runWorker(ThreadPoolExecutor.java:1134)
        at java.util.concurrent.ThreadPoolExecutor$Worker.run(ThreadPoolExecutor.java:624)
        at java.lang.Thread.run(Thread.java:748)
"metrics-hadoop-metrics2-reporter-24-thread-1" daemon prio=5 tid=904 timed_waiting
java.lang.Thread.State: TIMED_WAITING
        at sun.misc.Unsafe.park(Native Method)
        at java.util.concurrent.locks.LockSupport.parkNanos(LockSupport.java:215)
        at java.util.concurrent.locks.AbstractQueuedSynchronizer$ConditionObject.awaitNanos(AbstractQueuedSynchronizer.java:2078)
        at java.util.concurrent.ScheduledThreadPoolExecutor$DelayedWorkQueue.take(ScheduledThreadPoolExecutor.java:1093)
        at java.util.concurrent.ScheduledThreadPoolExecutor$DelayedWorkQueue.take(ScheduledThreadPoolExecutor.java:809)
        at java.util.concurrent.ThreadPoolExecutor.getTask(ThreadPoolExecutor.java:1074)
        at java.util.concurrent.ThreadPoolExecutor.runWorker(ThreadPoolExecutor.java:1134)
        at java.util.concurrent.ThreadPoolExecutor$Worker.run(ThreadPoolExecutor.java:624)
        at java.lang.Thread.run(Thread.java:748)
"pool-26-thread-49"  prio=5 tid=389 in Object.wait()
java.lang.Thread.State: WAITING (on object monitor)
        at sun.misc.Unsafe.park(Native Method)
        at java.util.concurrent.locks.LockSupport.park(LockSupport.java:175)
        at java.util.concurrent.locks.AbstractQueuedSynchronizer$ConditionObject.await(AbstractQueuedSynchronizer.java:2039)
        at java.util.concurrent.ArrayBlockingQueue.take(ArrayBlockingQueue.java:403)
        at java.util.concurrent.ThreadPoolExecutor.getTask(ThreadPoolExecutor.java:1074)
        at java.util.concurrent.ThreadPoolExecutor.runWorker(ThreadPoolExecutor.java:1134)
        at java.util.concurrent.ThreadPoolExecutor$Worker.run(ThreadPoolExecutor.java:624)
        at java.lang.Thread.run(Thread.java:748)
"IPC Server handler 2 on 40610" daemon prio=5 tid=117 timed_waiting
java.lang.Thread.State: TIMED_WAITING
        at sun.misc.Unsafe.park(Native Method)
        at java.util.concurrent.locks.LockSupport.parkNanos(LockSupport.java:215)
        at java.util.concurrent.locks.AbstractQueuedSynchronizer$ConditionObject.awaitNanos(AbstractQueuedSynchronizer.java:2078)
        at java.util.concurrent.LinkedBlockingQueue.poll(LinkedBlockingQueue.java:467)
        at org.apache.hadoop.ipc.CallQueueManager.take(CallQueueManager.java:288)
        at org.apache.hadoop.ipc.Server$Handler.run(Server.java:2668)
"pool-36-thread-46"  prio=5 tid=446 in Object.wait()
java.lang.Thread.State: WAITING (on object monitor)
        at sun.misc.Unsafe.park(Native Method)
        at java.util.concurrent.locks.LockSupport.park(LockSupport.java:175)
        at java.util.concurrent.locks.AbstractQueuedSynchronizer$ConditionObject.await(AbstractQueuedSynchronizer.java:2039)
        at java.util.concurrent.ArrayBlockingQueue.take(ArrayBlockingQueue.java:403)
        at java.util.concurrent.ThreadPoolExecutor.getTask(ThreadPoolExecutor.java:1074)
        at java.util.concurrent.ThreadPoolExecutor.runWorker(ThreadPoolExecutor.java:1134)
        at java.util.concurrent.ThreadPoolExecutor$Worker.run(ThreadPoolExecutor.java:624)
        at java.lang.Thread.run(Thread.java:748)
"2d4da40c-dd43-4554-9707-f6503cf38c80@group-5B52E8B6CC20-SegmentedRaftLogWorker"  prio=5 tid=3735 timed_waiting
java.lang.Thread.State: TIMED_WAITING
        at sun.misc.Unsafe.park(Native Method)
        at java.util.concurrent.locks.LockSupport.parkNanos(LockSupport.java:215)
        at java.util.concurrent.locks.AbstractQueuedSynchronizer$ConditionObject.awaitNanos(AbstractQueuedSynchronizer.java:2078)
        at org.apache.ratis.util.DataBlockingQueue.poll(DataBlockingQueue.java:137)
        at org.apache.ratis.server.raftlog.segmented.SegmentedRaftLogWorker.run(SegmentedRaftLogWorker.java:283)
        at java.lang.Thread.run(Thread.java:748)
"BlockDeletingService#5" daemon prio=5 tid=1852 in Object.wait()
java.lang.Thread.State: WAITING (on object monitor)
        at sun.misc.Unsafe.park(Native Method)
        at java.util.concurrent.locks.LockSupport.park(LockSupport.java:175)
        at java.util.concurrent.locks.AbstractQueuedSynchronizer$ConditionObject.await(AbstractQueuedSynchronizer.java:2039)
        at java.util.concurrent.ScheduledThreadPoolExecutor$DelayedWorkQueue.take(ScheduledThreadPoolExecutor.java:1088)
        at java.util.concurrent.ScheduledThreadPoolExecutor$DelayedWorkQueue.take(ScheduledThreadPoolExecutor.java:809)
        at java.util.concurrent.ThreadPoolExecutor.getTask(ThreadPoolExecutor.java:1074)
        at java.util.concurrent.ThreadPoolExecutor.runWorker(ThreadPoolExecutor.java:1134)
        at java.util.concurrent.ThreadPoolExecutor$Worker.run(ThreadPoolExecutor.java:624)
        at java.lang.Thread.run(Thread.java:748)
"pool-76-thread-32"  prio=5 tid=683 in Object.wait()
java.lang.Thread.State: WAITING (on object monitor)
        at sun.misc.Unsafe.park(Native Method)
        at java.util.concurrent.locks.LockSupport.park(LockSupport.java:175)
        at java.util.concurrent.locks.AbstractQueuedSynchronizer$ConditionObject.await(AbstractQueuedSynchronizer.java:2039)
        at java.util.concurrent.ArrayBlockingQueue.take(ArrayBlockingQueue.java:403)
        at java.util.concurrent.ThreadPoolExecutor.getTask(ThreadPoolExecutor.java:1074)
        at java.util.concurrent.ThreadPoolExecutor.runWorker(ThreadPoolExecutor.java:1134)
        at java.util.concurrent.ThreadPoolExecutor$Worker.run(ThreadPoolExecutor.java:624)
        at java.lang.Thread.run(Thread.java:748)
"pool-26-thread-24"  prio=5 tid=364 in Object.wait()
java.lang.Thread.State: WAITING (on object monitor)
        at sun.misc.Unsafe.park(Native Method)
        at java.util.concurrent.locks.LockSupport.park(LockSupport.java:175)
        at java.util.concurrent.locks.AbstractQueuedSynchronizer$ConditionObject.await(AbstractQueuedSynchronizer.java:2039)
        at java.util.concurrent.ArrayBlockingQueue.take(ArrayBlockingQueue.java:403)
        at java.util.concurrent.ThreadPoolExecutor.getTask(ThreadPoolExecutor.java:1074)
        at java.util.concurrent.ThreadPoolExecutor.runWorker(ThreadPoolExecutor.java:1134)
        at java.util.concurrent.ThreadPoolExecutor$Worker.run(ThreadPoolExecutor.java:624)
        at java.lang.Thread.run(Thread.java:748)
"qtp2075074394-215" daemon prio=5 tid=215 timed_waiting
java.lang.Thread.State: TIMED_WAITING
        at sun.misc.Unsafe.park(Native Method)
        at java.util.concurrent.locks.LockSupport.parkNanos(LockSupport.java:215)
        at java.util.concurrent.locks.AbstractQueuedSynchronizer$ConditionObject.awaitNanos(AbstractQueuedSynchronizer.java:2078)
        at org.eclipse.jetty.util.BlockingArrayQueue.poll(BlockingArrayQueue.java:392)
        at org.eclipse.jetty.util.thread.QueuedThreadPool.idleJobPoll(QueuedThreadPool.java:563)
        at org.eclipse.jetty.util.thread.QueuedThreadPool.access$800(QueuedThreadPool.java:48)
        at org.eclipse.jetty.util.thread.QueuedThreadPool$2.run(QueuedThreadPool.java:626)
        at java.lang.Thread.run(Thread.java:748)
"qtp1179244298-164" daemon prio=5 tid=164 timed_waiting
java.lang.Thread.State: TIMED_WAITING
        at sun.misc.Unsafe.park(Native Method)
        at java.util.concurrent.locks.LockSupport.parkNanos(LockSupport.java:215)
        at java.util.concurrent.locks.AbstractQueuedSynchronizer$ConditionObject.awaitNanos(AbstractQueuedSynchronizer.java:2078)
        at org.eclipse.jetty.util.BlockingArrayQueue.poll(BlockingArrayQueue.java:392)
        at org.eclipse.jetty.util.thread.QueuedThreadPool.idleJobPoll(QueuedThreadPool.java:563)
        at org.eclipse.jetty.util.thread.QueuedThreadPool.access$800(QueuedThreadPool.java:48)
        at org.eclipse.jetty.util.thread.QueuedThreadPool$2.run(QueuedThreadPool.java:626)
        at java.lang.Thread.run(Thread.java:748)
"IPC Server handler 4 on 40419" daemon prio=5 tid=33 timed_waiting
java.lang.Thread.State: TIMED_WAITING
        at sun.misc.Unsafe.park(Native Method)
        at java.util.concurrent.locks.LockSupport.parkNanos(LockSupport.java:215)
        at java.util.concurrent.locks.AbstractQueuedSynchronizer$ConditionObject.awaitNanos(AbstractQueuedSynchronizer.java:2078)
        at java.util.concurrent.LinkedBlockingQueue.poll(LinkedBlockingQueue.java:467)
        at org.apache.hadoop.ipc.CallQueueManager.take(CallQueueManager.java:288)
        at org.apache.hadoop.ipc.Server$Handler.run(Server.java:2668)
"pool-66-thread-1"  prio=5 tid=590 in Object.wait()
java.lang.Thread.State: WAITING (on object monitor)
        at sun.misc.Unsafe.park(Native Method)
        at java.util.concurrent.locks.LockSupport.park(LockSupport.java:175)
        at java.util.concurrent.locks.AbstractQueuedSynchronizer$ConditionObject.await(AbstractQueuedSynchronizer.java:2039)
        at java.util.concurrent.ArrayBlockingQueue.take(ArrayBlockingQueue.java:403)
        at java.util.concurrent.ThreadPoolExecutor.getTask(ThreadPoolExecutor.java:1074)
        at java.util.concurrent.ThreadPoolExecutor.runWorker(ThreadPoolExecutor.java:1134)
        at java.util.concurrent.ThreadPoolExecutor$Worker.run(ThreadPoolExecutor.java:624)
        at java.lang.Thread.run(Thread.java:748)
"IPC Server idle connection scanner for port 46754" daemon prio=5 tid=20 timed_waiting
java.lang.Thread.State: TIMED_WAITING
        at java.lang.Object.wait(Native Method)
        at java.util.TimerThread.mainLoop(Timer.java:552)
        at java.util.TimerThread.run(Timer.java:505)
"IPC Server handler 13 on 40419" daemon prio=5 tid=42 timed_waiting
java.lang.Thread.State: TIMED_WAITING
        at sun.misc.Unsafe.park(Native Method)
        at java.util.concurrent.locks.LockSupport.parkNanos(LockSupport.java:215)
        at java.util.concurrent.locks.AbstractQueuedSynchronizer$ConditionObject.awaitNanos(AbstractQueuedSynchronizer.java:2078)
        at java.util.concurrent.LinkedBlockingQueue.poll(LinkedBlockingQueue.java:467)
        at org.apache.hadoop.ipc.CallQueueManager.take(CallQueueManager.java:288)
        at org.apache.hadoop.ipc.Server$Handler.run(Server.java:2668)
"IPC Server handler 7 on 40610" daemon prio=5 tid=122 timed_waiting
java.lang.Thread.State: TIMED_WAITING
        at sun.misc.Unsafe.park(Native Method)
        at java.util.concurrent.locks.LockSupport.parkNanos(LockSupport.java:215)
        at java.util.concurrent.locks.AbstractQueuedSynchronizer$ConditionObject.awaitNanos(AbstractQueuedSynchronizer.java:2078)
        at java.util.concurrent.LinkedBlockingQueue.poll(LinkedBlockingQueue.java:467)
        at org.apache.hadoop.ipc.CallQueueManager.take(CallQueueManager.java:288)
        at org.apache.hadoop.ipc.Server$Handler.run(Server.java:2668)
"pool-36-thread-9"  prio=5 tid=409 in Object.wait()
java.lang.Thread.State: WAITING (on object monitor)
        at sun.misc.Unsafe.park(Native Method)
        at java.util.concurrent.locks.LockSupport.park(LockSupport.java:175)
        at java.util.concurrent.locks.AbstractQueuedSynchronizer$ConditionObject.await(AbstractQueuedSynchronizer.java:2039)
        at java.util.concurrent.ArrayBlockingQueue.take(ArrayBlockingQueue.java:403)
        at java.util.concurrent.ThreadPoolExecutor.getTask(ThreadPoolExecutor.java:1074)
        at java.util.concurrent.ThreadPoolExecutor.runWorker(ThreadPoolExecutor.java:1134)
        at java.util.concurrent.ThreadPoolExecutor$Worker.run(ThreadPoolExecutor.java:624)
        at java.lang.Thread.run(Thread.java:748)
"IPC Server handler 15 on 46754" daemon prio=5 tid=64 timed_waiting
java.lang.Thread.State: TIMED_WAITING
        at sun.misc.Unsafe.park(Native Method)
        at java.util.concurrent.locks.LockSupport.parkNanos(LockSupport.java:215)
        at java.util.concurrent.locks.AbstractQueuedSynchronizer$ConditionObject.awaitNanos(AbstractQueuedSynchronizer.java:2078)
        at java.util.concurrent.LinkedBlockingQueue.poll(LinkedBlockingQueue.java:467)
        at org.apache.hadoop.ipc.CallQueueManager.take(CallQueueManager.java:288)
        at org.apache.hadoop.ipc.Server$Handler.run(Server.java:2668)
"grpc-default-executor-14" daemon prio=5 tid=3165 timed_waiting
java.lang.Thread.State: TIMED_WAITING
        at sun.misc.Unsafe.park(Native Method)
        at java.util.concurrent.locks.LockSupport.parkNanos(LockSupport.java:215)
        at java.util.concurrent.SynchronousQueue$TransferStack.awaitFulfill(SynchronousQueue.java:460)
        at java.util.concurrent.SynchronousQueue$TransferStack.transfer(SynchronousQueue.java:362)
        at java.util.concurrent.SynchronousQueue.poll(SynchronousQueue.java:941)
        at java.util.concurrent.ThreadPoolExecutor.getTask(ThreadPoolExecutor.java:1073)
        at java.util.concurrent.ThreadPoolExecutor.runWorker(ThreadPoolExecutor.java:1134)
        at java.util.concurrent.ThreadPoolExecutor$Worker.run(ThreadPoolExecutor.java:624)
        at java.lang.Thread.run(Thread.java:748)
"pool-86-thread-26"  prio=5 tid=739 in Object.wait()
java.lang.Thread.State: WAITING (on object monitor)
        at sun.misc.Unsafe.park(Native Method)
        at java.util.concurrent.locks.LockSupport.park(LockSupport.java:175)
        at java.util.concurrent.locks.AbstractQueuedSynchronizer$ConditionObject.await(AbstractQueuedSynchronizer.java:2039)
        at java.util.concurrent.ArrayBlockingQueue.take(ArrayBlockingQueue.java:403)
        at java.util.concurrent.ThreadPoolExecutor.getTask(ThreadPoolExecutor.java:1074)
        at java.util.concurrent.ThreadPoolExecutor.runWorker(ThreadPoolExecutor.java:1134)
        at java.util.concurrent.ThreadPoolExecutor$Worker.run(ThreadPoolExecutor.java:624)
        at java.lang.Thread.run(Thread.java:748)
"IPC Server handler 9 on 40419" daemon prio=5 tid=38 timed_waiting
java.lang.Thread.State: TIMED_WAITING
        at sun.misc.Unsafe.park(Native Method)
        at java.util.concurrent.locks.LockSupport.parkNanos(LockSupport.java:215)
        at java.util.concurrent.locks.AbstractQueuedSynchronizer$ConditionObject.awaitNanos(AbstractQueuedSynchronizer.java:2078)
        at java.util.concurrent.LinkedBlockingQueue.poll(LinkedBlockingQueue.java:467)
        at org.apache.hadoop.ipc.CallQueueManager.take(CallQueueManager.java:288)
        at org.apache.hadoop.ipc.Server$Handler.run(Server.java:2668)
"metrics-hadoop-metrics2-reporter-35-thread-1" daemon prio=5 tid=2216 timed_waiting
java.lang.Thread.State: TIMED_WAITING
        at sun.misc.Unsafe.park(Native Method)
        at java.util.concurrent.locks.LockSupport.parkNanos(LockSupport.java:215)
        at java.util.concurrent.locks.AbstractQueuedSynchronizer$ConditionObject.awaitNanos(AbstractQueuedSynchronizer.java:2078)
        at java.util.concurrent.ScheduledThreadPoolExecutor$DelayedWorkQueue.take(ScheduledThreadPoolExecutor.java:1093)
        at java.util.concurrent.ScheduledThreadPoolExecutor$DelayedWorkQueue.take(ScheduledThreadPoolExecutor.java:809)
        at java.util.concurrent.ThreadPoolExecutor.getTask(ThreadPoolExecutor.java:1074)
        at java.util.concurrent.ThreadPoolExecutor.runWorker(ThreadPoolExecutor.java:1134)
        at java.util.concurrent.ThreadPoolExecutor$Worker.run(ThreadPoolExecutor.java:624)
        at java.lang.Thread.run(Thread.java:748)
"qtp1092382020-269" daemon prio=5 tid=269 timed_waiting
java.lang.Thread.State: TIMED_WAITING
        at sun.misc.Unsafe.park(Native Method)
        at java.util.concurrent.locks.LockSupport.parkNanos(LockSupport.java:215)
        at java.util.concurrent.locks.AbstractQueuedSynchronizer$ConditionObject.awaitNanos(AbstractQueuedSynchronizer.java:2078)
        at org.eclipse.jetty.util.BlockingArrayQueue.poll(BlockingArrayQueue.java:392)
        at org.eclipse.jetty.util.thread.QueuedThreadPool.idleJobPoll(QueuedThreadPool.java:563)
        at org.eclipse.jetty.util.thread.QueuedThreadPool.access$800(QueuedThreadPool.java:48)
        at org.eclipse.jetty.util.thread.QueuedThreadPool$2.run(QueuedThreadPool.java:626)
        at java.lang.Thread.run(Thread.java:748)
"qtp1179244298-166" daemon prio=5 tid=166 timed_waiting
java.lang.Thread.State: TIMED_WAITING
        at sun.misc.Unsafe.park(Native Method)
        at java.util.concurrent.locks.LockSupport.parkNanos(LockSupport.java:215)
        at java.util.concurrent.locks.AbstractQueuedSynchronizer$ConditionObject.awaitNanos(AbstractQueuedSynchronizer.java:2078)
        at org.eclipse.jetty.util.BlockingArrayQueue.poll(BlockingArrayQueue.java:392)
        at org.eclipse.jetty.util.thread.QueuedThreadPool.idleJobPoll(QueuedThreadPool.java:563)
        at org.eclipse.jetty.util.thread.QueuedThreadPool.access$800(QueuedThreadPool.java:48)
        at org.eclipse.jetty.util.thread.QueuedThreadPool$2.run(QueuedThreadPool.java:626)
        at java.lang.Thread.run(Thread.java:748)
"PartialTableCache Cleanup Thread - 0" daemon prio=5 tid=839 in Object.wait()
java.lang.Thread.State: WAITING (on object monitor)
        at sun.misc.Unsafe.park(Native Method)
        at java.util.concurrent.locks.LockSupport.park(LockSupport.java:175)
        at java.util.concurrent.locks.AbstractQueuedSynchronizer$ConditionObject.await(AbstractQueuedSynchronizer.java:2039)
        at java.util.concurrent.LinkedBlockingQueue.take(LinkedBlockingQueue.java:442)
        at java.util.concurrent.ThreadPoolExecutor.getTask(ThreadPoolExecutor.java:1074)
        at java.util.concurrent.ThreadPoolExecutor.runWorker(ThreadPoolExecutor.java:1134)
        at java.util.concurrent.ThreadPoolExecutor$Worker.run(ThreadPoolExecutor.java:624)
        at java.lang.Thread.run(Thread.java:748)
"pool-56-thread-1"  prio=5 tid=528 in Object.wait()
java.lang.Thread.State: WAITING (on object monitor)
        at sun.misc.Unsafe.park(Native Method)
        at java.util.concurrent.locks.LockSupport.park(LockSupport.java:175)
        at java.util.concurrent.locks.AbstractQueuedSynchronizer$ConditionObject.await(AbstractQueuedSynchronizer.java:2039)
        at java.util.concurrent.ArrayBlockingQueue.take(ArrayBlockingQueue.java:403)
        at java.util.concurrent.ThreadPoolExecutor.getTask(ThreadPoolExecutor.java:1074)
        at java.util.concurrent.ThreadPoolExecutor.runWorker(ThreadPoolExecutor.java:1134)
        at java.util.concurrent.ThreadPoolExecutor$Worker.run(ThreadPoolExecutor.java:624)
        at java.lang.Thread.run(Thread.java:748)
"qtp2111457497-92" daemon prio=5 tid=92 timed_waiting
java.lang.Thread.State: TIMED_WAITING
        at sun.misc.Unsafe.park(Native Method)
        at java.util.concurrent.locks.LockSupport.parkNanos(LockSupport.java:215)
        at java.util.concurrent.locks.AbstractQueuedSynchronizer$ConditionObject.awaitNanos(AbstractQueuedSynchronizer.java:2078)
        at org.eclipse.jetty.util.BlockingArrayQueue.poll(BlockingArrayQueue.java:392)
        at org.eclipse.jetty.util.thread.QueuedThreadPool.idleJobPoll(QueuedThreadPool.java:563)
        at org.eclipse.jetty.util.thread.QueuedThreadPool.access$800(QueuedThreadPool.java:48)
        at org.eclipse.jetty.util.thread.QueuedThreadPool$2.run(QueuedThreadPool.java:626)
        at java.lang.Thread.run(Thread.java:748)
"BlockDeletingService#2" daemon prio=5 tid=1165 timed_waiting
java.lang.Thread.State: TIMED_WAITING
        at sun.misc.Unsafe.park(Native Method)
        at java.util.concurrent.locks.LockSupport.parkNanos(LockSupport.java:215)
        at java.util.concurrent.locks.AbstractQueuedSynchronizer$ConditionObject.awaitNanos(AbstractQueuedSynchronizer.java:2078)
        at java.util.concurrent.ScheduledThreadPoolExecutor$DelayedWorkQueue.take(ScheduledThreadPoolExecutor.java:1093)
        at java.util.concurrent.ScheduledThreadPoolExecutor$DelayedWorkQueue.take(ScheduledThreadPoolExecutor.java:809)
        at java.util.concurrent.ThreadPoolExecutor.getTask(ThreadPoolExecutor.java:1074)
        at java.util.concurrent.ThreadPoolExecutor.runWorker(ThreadPoolExecutor.java:1134)
        at java.util.concurrent.ThreadPoolExecutor$Worker.run(ThreadPoolExecutor.java:624)
        at java.lang.Thread.run(Thread.java:748)
"pool-86-thread-4"  prio=5 tid=717 in Object.wait()
java.lang.Thread.State: WAITING (on object monitor)
        at sun.misc.Unsafe.park(Native Method)
        at java.util.concurrent.locks.LockSupport.park(LockSupport.java:175)
        at java.util.concurrent.locks.AbstractQueuedSynchronizer$ConditionObject.await(AbstractQueuedSynchronizer.java:2039)
        at java.util.concurrent.ArrayBlockingQueue.take(ArrayBlockingQueue.java:403)
        at java.util.concurrent.ThreadPoolExecutor.getTask(ThreadPoolExecutor.java:1074)
        at java.util.concurrent.ThreadPoolExecutor.runWorker(ThreadPoolExecutor.java:1134)
        at java.util.concurrent.ThreadPoolExecutor$Worker.run(ThreadPoolExecutor.java:624)
        at java.lang.Thread.run(Thread.java:748)
"pool-60-thread-1"  prio=5 tid=239 timed_waiting
java.lang.Thread.State: TIMED_WAITING
        at sun.misc.Unsafe.park(Native Method)
        at java.util.concurrent.locks.LockSupport.parkNanos(LockSupport.java:215)
        at java.util.concurrent.locks.AbstractQueuedSynchronizer$ConditionObject.awaitNanos(AbstractQueuedSynchronizer.java:2078)
        at java.util.concurrent.ScheduledThreadPoolExecutor$DelayedWorkQueue.take(ScheduledThreadPoolExecutor.java:1093)
        at java.util.concurrent.ScheduledThreadPoolExecutor$DelayedWorkQueue.take(ScheduledThreadPoolExecutor.java:809)
        at java.util.concurrent.ThreadPoolExecutor.getTask(ThreadPoolExecutor.java:1074)
        at java.util.concurrent.ThreadPoolExecutor.runWorker(ThreadPoolExecutor.java:1134)
        at java.util.concurrent.ThreadPoolExecutor$Worker.run(ThreadPoolExecutor.java:624)
        at java.lang.Thread.run(Thread.java:748)
"BlockDeletingService#5" daemon prio=5 tid=1840 in Object.wait()
java.lang.Thread.State: WAITING (on object monitor)
        at sun.misc.Unsafe.park(Native Method)
        at java.util.concurrent.locks.LockSupport.park(LockSupport.java:175)
        at java.util.concurrent.locks.AbstractQueuedSynchronizer$ConditionObject.await(AbstractQueuedSynchronizer.java:2039)
        at java.util.concurrent.ScheduledThreadPoolExecutor$DelayedWorkQueue.take(ScheduledThreadPoolExecutor.java:1088)
        at java.util.concurrent.ScheduledThreadPoolExecutor$DelayedWorkQueue.take(ScheduledThreadPoolExecutor.java:809)
        at java.util.concurrent.ThreadPoolExecutor.getTask(ThreadPoolExecutor.java:1074)
        at java.util.concurrent.ThreadPoolExecutor.runWorker(ThreadPoolExecutor.java:1134)
        at java.util.concurrent.ThreadPoolExecutor$Worker.run(ThreadPoolExecutor.java:624)
        at java.lang.Thread.run(Thread.java:748)
"pool-76-thread-44"  prio=5 tid=695 in Object.wait()
java.lang.Thread.State: WAITING (on object monitor)
        at sun.misc.Unsafe.park(Native Method)
        at java.util.concurrent.locks.LockSupport.park(LockSupport.java:175)
        at java.util.concurrent.locks.AbstractQueuedSynchronizer$ConditionObject.await(AbstractQueuedSynchronizer.java:2039)
        at java.util.concurrent.ArrayBlockingQueue.take(ArrayBlockingQueue.java:403)
        at java.util.concurrent.ThreadPoolExecutor.getTask(ThreadPoolExecutor.java:1074)
        at java.util.concurrent.ThreadPoolExecutor.runWorker(ThreadPoolExecutor.java:1134)
        at java.util.concurrent.ThreadPoolExecutor$Worker.run(ThreadPoolExecutor.java:624)
        at java.lang.Thread.run(Thread.java:748)
"pool-66-thread-9"  prio=5 tid=598 in Object.wait()
java.lang.Thread.State: WAITING (on object monitor)
        at sun.misc.Unsafe.park(Native Method)
        at java.util.concurrent.locks.LockSupport.park(LockSupport.java:175)
        at java.util.concurrent.locks.AbstractQueuedSynchronizer$ConditionObject.await(AbstractQueuedSynchronizer.java:2039)
        at java.util.concurrent.ArrayBlockingQueue.take(ArrayBlockingQueue.java:403)
        at java.util.concurrent.ThreadPoolExecutor.getTask(ThreadPoolExecutor.java:1074)
        at java.util.concurrent.ThreadPoolExecutor.runWorker(ThreadPoolExecutor.java:1134)
        at java.util.concurrent.ThreadPoolExecutor$Worker.run(ThreadPoolExecutor.java:624)
        at java.lang.Thread.run(Thread.java:748)
"qtp729375394-295-acceptor-0@136e5096-ServerConnector@77bb48d5{HTTP/1.1,[http/1.1]}{0.0.0.0:42387}" daemon prio=3 tid=295 runnable
java.lang.Thread.State: RUNNABLE
        at sun.nio.ch.ServerSocketChannelImpl.accept0(Native Method)
        at sun.nio.ch.ServerSocketChannelImpl.accept(ServerSocketChannelImpl.java:422)
        at sun.nio.ch.ServerSocketChannelImpl.accept(ServerSocketChannelImpl.java:250)
        at org.eclipse.jetty.server.ServerConnector.accept(ServerConnector.java:397)
        at org.eclipse.jetty.server.AbstractConnector$Acceptor.run(AbstractConnector.java:601)
        at org.eclipse.jetty.util.thread.QueuedThreadPool.runJob(QueuedThreadPool.java:671)
        at org.eclipse.jetty.util.thread.QueuedThreadPool$2.run(QueuedThreadPool.java:589)
        at java.lang.Thread.run(Thread.java:748)
"OMDoubleBufferFlushThread" daemon prio=5 tid=108 timed_waiting
java.lang.Thread.State: TIMED_WAITING
        at java.lang.Object.wait(Native Method)
        at org.apache.hadoop.ozone.om.ratis.OzoneManagerDoubleBuffer.canFlush(OzoneManagerDoubleBuffer.java:320)
        at org.apache.hadoop.ozone.om.ratis.OzoneManagerDoubleBuffer.flushTransactions(OzoneManagerDoubleBuffer.java:130)
        at org.apache.hadoop.ozone.om.ratis.OzoneManagerDoubleBuffer$$Lambda$51/1288815068.run(Unknown Source)
        at java.lang.Thread.run(Thread.java:748)
"IPC Server handler 5 on 46754" daemon prio=5 tid=54 timed_waiting
java.lang.Thread.State: TIMED_WAITING
        at sun.misc.Unsafe.park(Native Method)
        at java.util.concurrent.locks.LockSupport.parkNanos(LockSupport.java:215)
        at java.util.concurrent.locks.AbstractQueuedSynchronizer$ConditionObject.awaitNanos(AbstractQueuedSynchronizer.java:2078)
        at java.util.concurrent.LinkedBlockingQueue.poll(LinkedBlockingQueue.java:467)
        at org.apache.hadoop.ipc.CallQueueManager.take(CallQueueManager.java:288)
        at org.apache.hadoop.ipc.Server$Handler.run(Server.java:2668)
"Datanode State Machine Thread - 0" daemon prio=5 tid=258 timed_waiting
java.lang.Thread.State: TIMED_WAITING
        at sun.misc.Unsafe.park(Native Method)
        at java.util.concurrent.locks.LockSupport.parkNanos(LockSupport.java:215)
        at java.util.concurrent.SynchronousQueue$TransferStack.awaitFulfill(SynchronousQueue.java:460)
        at java.util.concurrent.SynchronousQueue$TransferStack.transfer(SynchronousQueue.java:362)
        at java.util.concurrent.SynchronousQueue.poll(SynchronousQueue.java:941)
        at java.util.concurrent.ThreadPoolExecutor.getTask(ThreadPoolExecutor.java:1073)
        at java.util.concurrent.ThreadPoolExecutor.runWorker(ThreadPoolExecutor.java:1134)
        at java.util.concurrent.ThreadPoolExecutor$Worker.run(ThreadPoolExecutor.java:624)
        at java.lang.Thread.run(Thread.java:748)
"Datanode ReportManager Thread - 3" daemon prio=5 tid=228 in Object.wait()
java.lang.Thread.State: WAITING (on object monitor)
        at sun.misc.Unsafe.park(Native Method)
        at java.util.concurrent.locks.LockSupport.park(LockSupport.java:175)
        at java.util.concurrent.locks.AbstractQueuedSynchronizer$ConditionObject.await(AbstractQueuedSynchronizer.java:2039)
        at java.util.concurrent.ScheduledThreadPoolExecutor$DelayedWorkQueue.take(ScheduledThreadPoolExecutor.java:1088)
        at java.util.concurrent.ScheduledThreadPoolExecutor$DelayedWorkQueue.take(ScheduledThreadPoolExecutor.java:809)
        at java.util.concurrent.ThreadPoolExecutor.getTask(ThreadPoolExecutor.java:1074)
        at java.util.concurrent.ThreadPoolExecutor.runWorker(ThreadPoolExecutor.java:1134)
        at java.util.concurrent.ThreadPoolExecutor$Worker.run(ThreadPoolExecutor.java:624)
        at java.lang.Thread.run(Thread.java:748)
"pool-26-thread-10"  prio=5 tid=350 in Object.wait()
java.lang.Thread.State: WAITING (on object monitor)
        at sun.misc.Unsafe.park(Native Method)
        at java.util.concurrent.locks.LockSupport.park(LockSupport.java:175)
        at java.util.concurrent.locks.AbstractQueuedSynchronizer$ConditionObject.await(AbstractQueuedSynchronizer.java:2039)
        at java.util.concurrent.ArrayBlockingQueue.take(ArrayBlockingQueue.java:403)
        at java.util.concurrent.ThreadPoolExecutor.getTask(ThreadPoolExecutor.java:1074)
        at java.util.concurrent.ThreadPoolExecutor.runWorker(ThreadPoolExecutor.java:1134)
        at java.util.concurrent.ThreadPoolExecutor$Worker.run(ThreadPoolExecutor.java:624)
        at java.lang.Thread.run(Thread.java:748)
"metrics-hadoop-metrics2-reporter-9-thread-1" daemon prio=5 tid=821 timed_waiting
java.lang.Thread.State: TIMED_WAITING
        at sun.misc.Unsafe.park(Native Method)
        at java.util.concurrent.locks.LockSupport.parkNanos(LockSupport.java:215)
        at java.util.concurrent.locks.AbstractQueuedSynchronizer$ConditionObject.awaitNanos(AbstractQueuedSynchronizer.java:2078)
        at java.util.concurrent.ScheduledThreadPoolExecutor$DelayedWorkQueue.take(ScheduledThreadPoolExecutor.java:1093)
        at java.util.concurrent.ScheduledThreadPoolExecutor$DelayedWorkQueue.take(ScheduledThreadPoolExecutor.java:809)
        at java.util.concurrent.ThreadPoolExecutor.getTask(ThreadPoolExecutor.java:1074)
        at java.util.concurrent.ThreadPoolExecutor.runWorker(ThreadPoolExecutor.java:1134)
        at java.util.concurrent.ThreadPoolExecutor$Worker.run(ThreadPoolExecutor.java:624)
        at java.lang.Thread.run(Thread.java:748)
"BlockDeletingService#1" daemon prio=5 tid=775 in Object.wait()
java.lang.Thread.State: WAITING (on object monitor)
        at sun.misc.Unsafe.park(Native Method)
        at java.util.concurrent.locks.LockSupport.park(LockSupport.java:175)
        at java.util.concurrent.locks.AbstractQueuedSynchronizer$ConditionObject.await(AbstractQueuedSynchronizer.java:2039)
        at java.util.concurrent.ScheduledThreadPoolExecutor$DelayedWorkQueue.take(ScheduledThreadPoolExecutor.java:1088)
        at java.util.concurrent.ScheduledThreadPoolExecutor$DelayedWorkQueue.take(ScheduledThreadPoolExecutor.java:809)
        at java.util.concurrent.ThreadPoolExecutor.getTask(ThreadPoolExecutor.java:1074)
        at java.util.concurrent.ThreadPoolExecutor.runWorker(ThreadPoolExecutor.java:1134)
        at java.util.concurrent.ThreadPoolExecutor$Worker.run(ThreadPoolExecutor.java:624)
        at java.lang.Thread.run(Thread.java:748)
"pool-50-thread-1"  prio=5 tid=212 timed_waiting
java.lang.Thread.State: TIMED_WAITING
        at sun.misc.Unsafe.park(Native Method)
        at java.util.concurrent.locks.LockSupport.parkNanos(LockSupport.java:215)
        at java.util.concurrent.locks.AbstractQueuedSynchronizer$ConditionObject.awaitNanos(AbstractQueuedSynchronizer.java:2078)
        at java.util.concurrent.ScheduledThreadPoolExecutor$DelayedWorkQueue.take(ScheduledThreadPoolExecutor.java:1093)
        at java.util.concurrent.ScheduledThreadPoolExecutor$DelayedWorkQueue.take(ScheduledThreadPoolExecutor.java:809)
        at java.util.concurrent.ThreadPoolExecutor.getTask(ThreadPoolExecutor.java:1074)
        at java.util.concurrent.ThreadPoolExecutor.runWorker(ThreadPoolExecutor.java:1134)
        at java.util.concurrent.ThreadPoolExecutor$Worker.run(ThreadPoolExecutor.java:624)
        at java.lang.Thread.run(Thread.java:748)
"pool-26-thread-39"  prio=5 tid=379 in Object.wait()
java.lang.Thread.State: WAITING (on object monitor)
        at sun.misc.Unsafe.park(Native Method)
        at java.util.concurrent.locks.LockSupport.park(LockSupport.java:175)
        at java.util.concurrent.locks.AbstractQueuedSynchronizer$ConditionObject.await(AbstractQueuedSynchronizer.java:2039)
        at java.util.concurrent.ArrayBlockingQueue.take(ArrayBlockingQueue.java:403)
        at java.util.concurrent.ThreadPoolExecutor.getTask(ThreadPoolExecutor.java:1074)
        at java.util.concurrent.ThreadPoolExecutor.runWorker(ThreadPoolExecutor.java:1134)
        at java.util.concurrent.ThreadPoolExecutor$Worker.run(ThreadPoolExecutor.java:624)
        at java.lang.Thread.run(Thread.java:748)
"qtp2075074394-216" daemon prio=5 tid=216 timed_waiting
java.lang.Thread.State: TIMED_WAITING
        at sun.misc.Unsafe.park(Native Method)
        at java.util.concurrent.locks.LockSupport.parkNanos(LockSupport.java:215)
        at java.util.concurrent.locks.AbstractQueuedSynchronizer$ConditionObject.awaitNanos(AbstractQueuedSynchronizer.java:2078)
        at org.eclipse.jetty.util.BlockingArrayQueue.poll(BlockingArrayQueue.java:392)
        at org.eclipse.jetty.util.thread.QueuedThreadPool.idleJobPoll(QueuedThreadPool.java:563)
        at org.eclipse.jetty.util.thread.QueuedThreadPool.access$800(QueuedThreadPool.java:48)
        at org.eclipse.jetty.util.thread.QueuedThreadPool$2.run(QueuedThreadPool.java:626)
        at java.lang.Thread.run(Thread.java:748)
"org.eclipse.jetty.server.session.HashSessionManager@68d7a2dfTimer" daemon prio=5 tid=195 timed_waiting
java.lang.Thread.State: TIMED_WAITING
        at sun.misc.Unsafe.park(Native Method)
        at java.util.concurrent.locks.LockSupport.parkNanos(LockSupport.java:215)
        at java.util.concurrent.locks.AbstractQueuedSynchronizer$ConditionObject.awaitNanos(AbstractQueuedSynchronizer.java:2078)
        at java.util.concurrent.ScheduledThreadPoolExecutor$DelayedWorkQueue.take(ScheduledThreadPoolExecutor.java:1093)
        at java.util.concurrent.ScheduledThreadPoolExecutor$DelayedWorkQueue.take(ScheduledThreadPoolExecutor.java:809)
        at java.util.concurrent.ThreadPoolExecutor.getTask(ThreadPoolExecutor.java:1074)
        at java.util.concurrent.ThreadPoolExecutor.runWorker(ThreadPoolExecutor.java:1134)
        at java.util.concurrent.ThreadPoolExecutor$Worker.run(ThreadPoolExecutor.java:624)
        at java.lang.Thread.run(Thread.java:748)
"Datanode ReportManager Thread - 2" daemon prio=5 tid=281 in Object.wait()
java.lang.Thread.State: WAITING (on object monitor)
        at sun.misc.Unsafe.park(Native Method)
        at java.util.concurrent.locks.LockSupport.park(LockSupport.java:175)
        at java.util.concurrent.locks.AbstractQueuedSynchronizer$ConditionObject.await(AbstractQueuedSynchronizer.java:2039)
        at java.util.concurrent.ScheduledThreadPoolExecutor$DelayedWorkQueue.take(ScheduledThreadPoolExecutor.java:1088)
        at java.util.concurrent.ScheduledThreadPoolExecutor$DelayedWorkQueue.take(ScheduledThreadPoolExecutor.java:809)
        at java.util.concurrent.ThreadPoolExecutor.getTask(ThreadPoolExecutor.java:1074)
        at java.util.concurrent.ThreadPoolExecutor.runWorker(ThreadPoolExecutor.java:1134)
        at java.util.concurrent.ThreadPoolExecutor$Worker.run(ThreadPoolExecutor.java:624)
        at java.lang.Thread.run(Thread.java:748)
"org.eclipse.jetty.server.session.HashSessionManager@2f236de0Timer" daemon prio=5 tid=168 timed_waiting
java.lang.Thread.State: TIMED_WAITING
        at sun.misc.Unsafe.park(Native Method)
        at java.util.concurrent.locks.LockSupport.parkNanos(LockSupport.java:215)
        at java.util.concurrent.locks.AbstractQueuedSynchronizer$ConditionObject.awaitNanos(AbstractQueuedSynchronizer.java:2078)
        at java.util.concurrent.ScheduledThreadPoolExecutor$DelayedWorkQueue.take(ScheduledThreadPoolExecutor.java:1093)
        at java.util.concurrent.ScheduledThreadPoolExecutor$DelayedWorkQueue.take(ScheduledThreadPoolExecutor.java:809)
        at java.util.concurrent.ThreadPoolExecutor.getTask(ThreadPoolExecutor.java:1074)
        at java.util.concurrent.ThreadPoolExecutor.runWorker(ThreadPoolExecutor.java:1134)
        at java.util.concurrent.ThreadPoolExecutor$Worker.run(ThreadPoolExecutor.java:624)
        at java.lang.Thread.run(Thread.java:748)
"qtp2111457497-91-acceptor-0@2bb9ae27-ServerConnector@758f4f03{HTTP/1.1,[http/1.1]}{0.0.0.0:37944}" daemon prio=3 tid=91 runnable
java.lang.Thread.State: RUNNABLE
        at sun.nio.ch.ServerSocketChannelImpl.accept0(Native Method)
        at sun.nio.ch.ServerSocketChannelImpl.accept(ServerSocketChannelImpl.java:422)
        at sun.nio.ch.ServerSocketChannelImpl.accept(ServerSocketChannelImpl.java:250)
        at org.eclipse.jetty.server.ServerConnector.accept(ServerConnector.java:397)
        at org.eclipse.jetty.server.AbstractConnector$Acceptor.run(AbstractConnector.java:601)
        at org.eclipse.jetty.util.thread.QueuedThreadPool.runJob(QueuedThreadPool.java:671)
        at org.eclipse.jetty.util.thread.QueuedThreadPool$2.run(QueuedThreadPool.java:589)
        at java.lang.Thread.run(Thread.java:748)
"Thread-295" daemon prio=5 tid=901 timed_waiting
java.lang.Thread.State: TIMED_WAITING
        at sun.misc.Unsafe.park(Native Method)
        at java.util.concurrent.locks.LockSupport.parkNanos(LockSupport.java:215)
        at java.util.concurrent.locks.AbstractQueuedSynchronizer$ConditionObject.awaitNanos(AbstractQueuedSynchronizer.java:2078)
        at java.util.concurrent.ArrayBlockingQueue.poll(ArrayBlockingQueue.java:418)
        at org.apache.ratis.server.impl.LeaderState$EventQueue.poll(LeaderState.java:115)
        at org.apache.ratis.server.impl.LeaderState$EventProcessor.run(LeaderState.java:457)
"pool-26-thread-38"  prio=5 tid=378 in Object.wait()
java.lang.Thread.State: WAITING (on object monitor)
        at sun.misc.Unsafe.park(Native Method)
        at java.util.concurrent.locks.LockSupport.park(LockSupport.java:175)
        at java.util.concurrent.locks.AbstractQueuedSynchronizer$ConditionObject.await(AbstractQueuedSynchronizer.java:2039)
        at java.util.concurrent.ArrayBlockingQueue.take(ArrayBlockingQueue.java:403)
        at java.util.concurrent.ThreadPoolExecutor.getTask(ThreadPoolExecutor.java:1074)
        at java.util.concurrent.ThreadPoolExecutor.runWorker(ThreadPoolExecutor.java:1134)
        at java.util.concurrent.ThreadPoolExecutor$Worker.run(ThreadPoolExecutor.java:624)
        at java.lang.Thread.run(Thread.java:748)
"BlockDeletingService#3" daemon prio=5 tid=1308 in Object.wait()
java.lang.Thread.State: WAITING (on object monitor)
        at sun.misc.Unsafe.park(Native Method)
        at java.util.concurrent.locks.LockSupport.park(LockSupport.java:175)
        at java.util.concurrent.locks.AbstractQueuedSynchronizer$ConditionObject.await(AbstractQueuedSynchronizer.java:2039)
        at java.util.concurrent.ScheduledThreadPoolExecutor$DelayedWorkQueue.take(ScheduledThreadPoolExecutor.java:1088)
        at java.util.concurrent.ScheduledThreadPoolExecutor$DelayedWorkQueue.take(ScheduledThreadPoolExecutor.java:809)
        at java.util.concurrent.ThreadPoolExecutor.getTask(ThreadPoolExecutor.java:1074)
        at java.util.concurrent.ThreadPoolExecutor.runWorker(ThreadPoolExecutor.java:1134)
        at java.util.concurrent.ThreadPoolExecutor$Worker.run(ThreadPoolExecutor.java:624)
        at java.lang.Thread.run(Thread.java:748)
"PartialTableCache Cleanup Thread - 0" daemon prio=5 tid=843 in Object.wait()
java.lang.Thread.State: WAITING (on object monitor)
        at sun.misc.Unsafe.park(Native Method)
        at java.util.concurrent.locks.LockSupport.park(LockSupport.java:175)
        at java.util.concurrent.locks.AbstractQueuedSynchronizer$ConditionObject.await(AbstractQueuedSynchronizer.java:2039)
        at java.util.concurrent.LinkedBlockingQueue.take(LinkedBlockingQueue.java:442)
        at java.util.concurrent.ThreadPoolExecutor.getTask(ThreadPoolExecutor.java:1074)
        at java.util.concurrent.ThreadPoolExecutor.runWorker(ThreadPoolExecutor.java:1134)
        at java.util.concurrent.ThreadPoolExecutor$Worker.run(ThreadPoolExecutor.java:624)
        at java.lang.Thread.run(Thread.java:748)
"pool-46-thread-26"  prio=5 tid=486 in Object.wait()
java.lang.Thread.State: WAITING (on object monitor)
        at sun.misc.Unsafe.park(Native Method)
        at java.util.concurrent.locks.LockSupport.park(LockSupport.java:175)
        at java.util.concurrent.locks.AbstractQueuedSynchronizer$ConditionObject.await(AbstractQueuedSynchronizer.java:2039)
        at java.util.concurrent.ArrayBlockingQueue.take(ArrayBlockingQueue.java:403)
        at java.util.concurrent.ThreadPoolExecutor.getTask(ThreadPoolExecutor.java:1074)
        at java.util.concurrent.ThreadPoolExecutor.runWorker(ThreadPoolExecutor.java:1134)
        at java.util.concurrent.ThreadPoolExecutor$Worker.run(ThreadPoolExecutor.java:624)
        at java.lang.Thread.run(Thread.java:748)
"Datanode State Machine Thread - 0" daemon prio=5 tid=312 timed_waiting
java.lang.Thread.State: TIMED_WAITING
        at sun.misc.Unsafe.park(Native Method)
        at java.util.concurrent.locks.LockSupport.parkNanos(LockSupport.java:215)
        at java.util.concurrent.SynchronousQueue$TransferStack.awaitFulfill(SynchronousQueue.java:460)
        at java.util.concurrent.SynchronousQueue$TransferStack.transfer(SynchronousQueue.java:362)
        at java.util.concurrent.SynchronousQueue.poll(SynchronousQueue.java:941)
        at java.util.concurrent.ThreadPoolExecutor.getTask(ThreadPoolExecutor.java:1073)
        at java.util.concurrent.ThreadPoolExecutor.runWorker(ThreadPoolExecutor.java:1134)
        at java.util.concurrent.ThreadPoolExecutor$Worker.run(ThreadPoolExecutor.java:624)
        at java.lang.Thread.run(Thread.java:748)
"qtp2111457497-95" daemon prio=5 tid=95 timed_waiting
java.lang.Thread.State: TIMED_WAITING
        at sun.misc.Unsafe.park(Native Method)
        at java.util.concurrent.locks.LockSupport.parkNanos(LockSupport.java:215)
        at java.util.concurrent.locks.AbstractQueuedSynchronizer$ConditionObject.awaitNanos(AbstractQueuedSynchronizer.java:2078)
        at org.eclipse.jetty.util.BlockingArrayQueue.poll(BlockingArrayQueue.java:392)
        at org.eclipse.jetty.util.thread.QueuedThreadPool.idleJobPoll(QueuedThreadPool.java:563)
        at org.eclipse.jetty.util.thread.QueuedThreadPool.access$800(QueuedThreadPool.java:48)
        at org.eclipse.jetty.util.thread.QueuedThreadPool$2.run(QueuedThreadPool.java:626)
        at java.lang.Thread.run(Thread.java:748)
"grpc-default-executor-11" daemon prio=5 tid=2388 timed_waiting
java.lang.Thread.State: TIMED_WAITING
        at sun.misc.Unsafe.park(Native Method)
        at java.util.concurrent.locks.LockSupport.parkNanos(LockSupport.java:215)
        at java.util.concurrent.SynchronousQueue$TransferStack.awaitFulfill(SynchronousQueue.java:460)
        at java.util.concurrent.SynchronousQueue$TransferStack.transfer(SynchronousQueue.java:362)
        at java.util.concurrent.SynchronousQueue.poll(SynchronousQueue.java:941)
        at java.util.concurrent.ThreadPoolExecutor.getTask(ThreadPoolExecutor.java:1073)
        at java.util.concurrent.ThreadPoolExecutor.runWorker(ThreadPoolExecutor.java:1134)
        at java.util.concurrent.ThreadPoolExecutor$Worker.run(ThreadPoolExecutor.java:624)
        at java.lang.Thread.run(Thread.java:748)
"pool-86-thread-52"  prio=5 tid=765 in Object.wait()
java.lang.Thread.State: WAITING (on object monitor)
        at sun.misc.Unsafe.park(Native Method)
        at java.util.concurrent.locks.LockSupport.park(LockSupport.java:175)
        at java.util.concurrent.locks.AbstractQueuedSynchronizer$ConditionObject.await(AbstractQueuedSynchronizer.java:2039)
        at java.util.concurrent.ArrayBlockingQueue.take(ArrayBlockingQueue.java:403)
        at java.util.concurrent.ThreadPoolExecutor.getTask(ThreadPoolExecutor.java:1074)
        at java.util.concurrent.ThreadPoolExecutor.runWorker(ThreadPoolExecutor.java:1134)
        at java.util.concurrent.ThreadPoolExecutor$Worker.run(ThreadPoolExecutor.java:624)
        at java.lang.Thread.run(Thread.java:748)
"BlockDeletingService#3" daemon prio=5 tid=1313 in Object.wait()
java.lang.Thread.State: WAITING (on object monitor)
        at sun.misc.Unsafe.park(Native Method)
        at java.util.concurrent.locks.LockSupport.park(LockSupport.java:175)
        at java.util.concurrent.locks.AbstractQueuedSynchronizer$ConditionObject.await(AbstractQueuedSynchronizer.java:2039)
        at java.util.concurrent.ScheduledThreadPoolExecutor$DelayedWorkQueue.take(ScheduledThreadPoolExecutor.java:1088)
        at java.util.concurrent.ScheduledThreadPoolExecutor$DelayedWorkQueue.take(ScheduledThreadPoolExecutor.java:809)
        at java.util.concurrent.ThreadPoolExecutor.getTask(ThreadPoolExecutor.java:1074)
        at java.util.concurrent.ThreadPoolExecutor.runWorker(ThreadPoolExecutor.java:1134)
        at java.util.concurrent.ThreadPoolExecutor$Worker.run(ThreadPoolExecutor.java:624)
        at java.lang.Thread.run(Thread.java:748)
"grpc-default-worker-ELG-3-4" daemon prio=5 tid=789 runnable
java.lang.Thread.State: RUNNABLE
        at sun.nio.ch.EPollArrayWrapper.epollWait(Native Method)
        at sun.nio.ch.EPollArrayWrapper.poll(EPollArrayWrapper.java:269)
        at sun.nio.ch.EPollSelectorImpl.doSelect(EPollSelectorImpl.java:93)
        at sun.nio.ch.SelectorImpl.lockAndDoSelect(SelectorImpl.java:86)
        at sun.nio.ch.SelectorImpl.select(SelectorImpl.java:97)
        at org.apache.ratis.thirdparty.io.netty.channel.nio.SelectedSelectionKeySetSelector.select(SelectedSelectionKeySetSelector.java:62)
        at org.apache.ratis.thirdparty.io.netty.channel.nio.NioEventLoop.select(NioEventLoop.java:753)
        at org.apache.ratis.thirdparty.io.netty.channel.nio.NioEventLoop.run(NioEventLoop.java:408)
        at org.apache.ratis.thirdparty.io.netty.util.concurrent.SingleThreadEventExecutor$5.run(SingleThreadEventExecutor.java:897)
        at org.apache.ratis.thirdparty.io.netty.util.concurrent.FastThreadLocalRunnable.run(FastThreadLocalRunnable.java:30)
        at java.lang.Thread.run(Thread.java:748)
"pool-86-thread-5"  prio=5 tid=718 in Object.wait()
java.lang.Thread.State: WAITING (on object monitor)
        at sun.misc.Unsafe.park(Native Method)
        at java.util.concurrent.locks.LockSupport.park(LockSupport.java:175)
        at java.util.concurrent.locks.AbstractQueuedSynchronizer$ConditionObject.await(AbstractQueuedSynchronizer.java:2039)
        at java.util.concurrent.ArrayBlockingQueue.take(ArrayBlockingQueue.java:403)
        at java.util.concurrent.ThreadPoolExecutor.getTask(ThreadPoolExecutor.java:1074)
        at java.util.concurrent.ThreadPoolExecutor.runWorker(ThreadPoolExecutor.java:1134)
        at java.util.concurrent.ThreadPoolExecutor$Worker.run(ThreadPoolExecutor.java:624)
        at java.lang.Thread.run(Thread.java:748)
"org.apache.ratis.server.impl.LogAppender$AppenderDaemon$$Lambda$495/740911003@2e2e8dd1" daemon prio=5 tid=3826 timed_waiting
java.lang.Thread.State: TIMED_WAITING
        at java.lang.Object.wait(Native Method)
        at org.apache.ratis.grpc.server.GrpcLogAppender.mayWait(GrpcLogAppender.java:141)
        at org.apache.ratis.grpc.server.GrpcLogAppender.runAppenderImpl(GrpcLogAppender.java:95)
        at org.apache.ratis.server.impl.LogAppender$AppenderDaemon.run(LogAppender.java:76)
        at org.apache.ratis.server.impl.LogAppender$AppenderDaemon$$Lambda$495/740911003.run(Unknown Source)
        at java.lang.Thread.run(Thread.java:748)
"BlockDeletingService#3" daemon prio=5 tid=1315 in Object.wait()
java.lang.Thread.State: WAITING (on object monitor)
        at sun.misc.Unsafe.park(Native Method)
        at java.util.concurrent.locks.LockSupport.park(LockSupport.java:175)
        at java.util.concurrent.locks.AbstractQueuedSynchronizer$ConditionObject.await(AbstractQueuedSynchronizer.java:2039)
        at java.util.concurrent.ScheduledThreadPoolExecutor$DelayedWorkQueue.take(ScheduledThreadPoolExecutor.java:1088)
        at java.util.concurrent.ScheduledThreadPoolExecutor$DelayedWorkQueue.take(ScheduledThreadPoolExecutor.java:809)
        at java.util.concurrent.ThreadPoolExecutor.getTask(ThreadPoolExecutor.java:1074)
        at java.util.concurrent.ThreadPoolExecutor.runWorker(ThreadPoolExecutor.java:1134)
        at java.util.concurrent.ThreadPoolExecutor$Worker.run(ThreadPoolExecutor.java:624)
        at java.lang.Thread.run(Thread.java:748)
"org.eclipse.jetty.server.session.HashSessionManager@2a369e14Timer" daemon prio=5 tid=277 timed_waiting
java.lang.Thread.State: TIMED_WAITING
        at sun.misc.Unsafe.park(Native Method)
        at java.util.concurrent.locks.LockSupport.parkNanos(LockSupport.java:215)
        at java.util.concurrent.locks.AbstractQueuedSynchronizer$ConditionObject.awaitNanos(AbstractQueuedSynchronizer.java:2078)
        at java.util.concurrent.ScheduledThreadPoolExecutor$DelayedWorkQueue.take(ScheduledThreadPoolExecutor.java:1093)
        at java.util.concurrent.ScheduledThreadPoolExecutor$DelayedWorkQueue.take(ScheduledThreadPoolExecutor.java:809)
        at java.util.concurrent.ThreadPoolExecutor.getTask(ThreadPoolExecutor.java:1074)
        at java.util.concurrent.ThreadPoolExecutor.runWorker(ThreadPoolExecutor.java:1134)
        at java.util.concurrent.ThreadPoolExecutor$Worker.run(ThreadPoolExecutor.java:624)
        at java.lang.Thread.run(Thread.java:748)
"bd2e206f-69ae-4a0a-8707-c4973b5ce5b7@group-24BD381958D5-StateMachineUpdater" daemon prio=5 tid=847 in Object.wait()
java.lang.Thread.State: WAITING (on object monitor)
        at java.lang.Object.wait(Native Method)
        at java.lang.Object.wait(Object.java:502)
        at org.apache.ratis.server.impl.StateMachineUpdater.waitForCommit(StateMachineUpdater.java:183)
        at org.apache.ratis.server.impl.StateMachineUpdater.run(StateMachineUpdater.java:148)
        at java.lang.Thread.run(Thread.java:748)
"pool-46-thread-35"  prio=5 tid=495 in Object.wait()
java.lang.Thread.State: WAITING (on object monitor)
        at sun.misc.Unsafe.park(Native Method)
        at java.util.concurrent.locks.LockSupport.park(LockSupport.java:175)
        at java.util.concurrent.locks.AbstractQueuedSynchronizer$ConditionObject.await(AbstractQueuedSynchronizer.java:2039)
        at java.util.concurrent.ArrayBlockingQueue.take(ArrayBlockingQueue.java:403)
        at java.util.concurrent.ThreadPoolExecutor.getTask(ThreadPoolExecutor.java:1074)
        at java.util.concurrent.ThreadPoolExecutor.runWorker(ThreadPoolExecutor.java:1134)
        at java.util.concurrent.ThreadPoolExecutor$Worker.run(ThreadPoolExecutor.java:624)
        at java.lang.Thread.run(Thread.java:748)
"pool-66-thread-54"  prio=5 tid=643 in Object.wait()
java.lang.Thread.State: WAITING (on object monitor)
        at sun.misc.Unsafe.park(Native Method)
        at java.util.concurrent.locks.LockSupport.park(LockSupport.java:175)
        at java.util.concurrent.locks.AbstractQueuedSynchronizer$ConditionObject.await(AbstractQueuedSynchronizer.java:2039)
        at java.util.concurrent.ArrayBlockingQueue.take(ArrayBlockingQueue.java:403)
        at java.util.concurrent.ThreadPoolExecutor.getTask(ThreadPoolExecutor.java:1074)
        at java.util.concurrent.ThreadPoolExecutor.runWorker(ThreadPoolExecutor.java:1134)
        at java.util.concurrent.ThreadPoolExecutor$Worker.run(ThreadPoolExecutor.java:624)
        at java.lang.Thread.run(Thread.java:748)
"qtp1092382020-272" daemon prio=5 tid=272 timed_waiting
java.lang.Thread.State: TIMED_WAITING
        at sun.misc.Unsafe.park(Native Method)
        at java.util.concurrent.locks.LockSupport.parkNanos(LockSupport.java:215)
        at java.util.concurrent.locks.AbstractQueuedSynchronizer$ConditionObject.awaitNanos(AbstractQueuedSynchronizer.java:2078)
        at org.eclipse.jetty.util.BlockingArrayQueue.poll(BlockingArrayQueue.java:392)
        at org.eclipse.jetty.util.thread.QueuedThreadPool.idleJobPoll(QueuedThreadPool.java:563)
        at org.eclipse.jetty.util.thread.QueuedThreadPool.access$800(QueuedThreadPool.java:48)
        at org.eclipse.jetty.util.thread.QueuedThreadPool$2.run(QueuedThreadPool.java:626)
        at java.lang.Thread.run(Thread.java:748)
"pool-66-thread-34"  prio=5 tid=623 in Object.wait()
java.lang.Thread.State: WAITING (on object monitor)
        at sun.misc.Unsafe.park(Native Method)
        at java.util.concurrent.locks.LockSupport.park(LockSupport.java:175)
        at java.util.concurrent.locks.AbstractQueuedSynchronizer$ConditionObject.await(AbstractQueuedSynchronizer.java:2039)
        at java.util.concurrent.ArrayBlockingQueue.take(ArrayBlockingQueue.java:403)
        at java.util.concurrent.ThreadPoolExecutor.getTask(ThreadPoolExecutor.java:1074)
        at java.util.concurrent.ThreadPoolExecutor.runWorker(ThreadPoolExecutor.java:1134)
        at java.util.concurrent.ThreadPoolExecutor$Worker.run(ThreadPoolExecutor.java:624)
        at java.lang.Thread.run(Thread.java:748)
"pool-66-thread-28"  prio=5 tid=617 in Object.wait()
java.lang.Thread.State: WAITING (on object monitor)
        at sun.misc.Unsafe.park(Native Method)
        at java.util.concurrent.locks.LockSupport.park(LockSupport.java:175)
        at java.util.concurrent.locks.AbstractQueuedSynchronizer$ConditionObject.await(AbstractQueuedSynchronizer.java:2039)
        at java.util.concurrent.ArrayBlockingQueue.take(ArrayBlockingQueue.java:403)
        at java.util.concurrent.ThreadPoolExecutor.getTask(ThreadPoolExecutor.java:1074)
        at java.util.concurrent.ThreadPoolExecutor.runWorker(ThreadPoolExecutor.java:1134)
        at java.util.concurrent.ThreadPoolExecutor$Worker.run(ThreadPoolExecutor.java:624)
        at java.lang.Thread.run(Thread.java:748)
"pool-36-thread-4"  prio=5 tid=404 in Object.wait()
java.lang.Thread.State: WAITING (on object monitor)
        at sun.misc.Unsafe.park(Native Method)
        at java.util.concurrent.locks.LockSupport.park(LockSupport.java:175)
        at java.util.concurrent.locks.AbstractQueuedSynchronizer$ConditionObject.await(AbstractQueuedSynchronizer.java:2039)
        at java.util.concurrent.ArrayBlockingQueue.take(ArrayBlockingQueue.java:403)
        at java.util.concurrent.ThreadPoolExecutor.getTask(ThreadPoolExecutor.java:1074)
        at java.util.concurrent.ThreadPoolExecutor.runWorker(ThreadPoolExecutor.java:1134)
        at java.util.concurrent.ThreadPoolExecutor$Worker.run(ThreadPoolExecutor.java:624)
        at java.lang.Thread.run(Thread.java:748)
"CommandWatcher-LeaseManager#LeaseMonitor" daemon prio=5 tid=28 timed_waiting
java.lang.Thread.State: TIMED_WAITING
        at java.lang.Thread.sleep(Native Method)
        at org.apache.hadoop.ozone.lease.LeaseManager$LeaseMonitor.run(LeaseManager.java:234)
        at java.lang.Thread.run(Thread.java:748)
"pool-56-thread-57"  prio=5 tid=584 in Object.wait()
java.lang.Thread.State: WAITING (on object monitor)
        at sun.misc.Unsafe.park(Native Method)
        at java.util.concurrent.locks.LockSupport.park(LockSupport.java:175)
        at java.util.concurrent.locks.AbstractQueuedSynchronizer$ConditionObject.await(AbstractQueuedSynchronizer.java:2039)
        at java.util.concurrent.ArrayBlockingQueue.take(ArrayBlockingQueue.java:403)
        at java.util.concurrent.ThreadPoolExecutor.getTask(ThreadPoolExecutor.java:1074)
        at java.util.concurrent.ThreadPoolExecutor.runWorker(ThreadPoolExecutor.java:1134)
        at java.util.concurrent.ThreadPoolExecutor$Worker.run(ThreadPoolExecutor.java:624)
        at java.lang.Thread.run(Thread.java:748)
"pool-86-thread-54"  prio=5 tid=767 in Object.wait()
java.lang.Thread.State: WAITING (on object monitor)
        at sun.misc.Unsafe.park(Native Method)
        at java.util.concurrent.locks.LockSupport.park(LockSupport.java:175)
        at java.util.concurrent.locks.AbstractQueuedSynchronizer$ConditionObject.await(AbstractQueuedSynchronizer.java:2039)
        at java.util.concurrent.ArrayBlockingQueue.take(ArrayBlockingQueue.java:403)
        at java.util.concurrent.ThreadPoolExecutor.getTask(ThreadPoolExecutor.java:1074)
        at java.util.concurrent.ThreadPoolExecutor.runWorker(ThreadPoolExecutor.java:1134)
        at java.util.concurrent.ThreadPoolExecutor$Worker.run(ThreadPoolExecutor.java:624)
        at java.lang.Thread.run(Thread.java:748)
"IPC Server handler 2 on 40419" daemon prio=5 tid=31 timed_waiting
java.lang.Thread.State: TIMED_WAITING
        at sun.misc.Unsafe.park(Native Method)
        at java.util.concurrent.locks.LockSupport.parkNanos(LockSupport.java:215)
        at java.util.concurrent.locks.AbstractQueuedSynchronizer$ConditionObject.awaitNanos(AbstractQueuedSynchronizer.java:2078)
        at java.util.concurrent.LinkedBlockingQueue.poll(LinkedBlockingQueue.java:467)
        at org.apache.hadoop.ipc.CallQueueManager.take(CallQueueManager.java:288)
        at org.apache.hadoop.ipc.Server$Handler.run(Server.java:2668)
"pool-56-thread-56"  prio=5 tid=583 in Object.wait()
java.lang.Thread.State: WAITING (on object monitor)
        at sun.misc.Unsafe.park(Native Method)
        at java.util.concurrent.locks.LockSupport.park(LockSupport.java:175)
        at java.util.concurrent.locks.AbstractQueuedSynchronizer$ConditionObject.await(AbstractQueuedSynchronizer.java:2039)
        at java.util.concurrent.ArrayBlockingQueue.take(ArrayBlockingQueue.java:403)
        at java.util.concurrent.ThreadPoolExecutor.getTask(ThreadPoolExecutor.java:1074)
        at java.util.concurrent.ThreadPoolExecutor.runWorker(ThreadPoolExecutor.java:1134)
        at java.util.concurrent.ThreadPoolExecutor$Worker.run(ThreadPoolExecutor.java:624)
        at java.lang.Thread.run(Thread.java:748)
"pool-26-thread-8"  prio=5 tid=348 in Object.wait()
java.lang.Thread.State: WAITING (on object monitor)
        at sun.misc.Unsafe.park(Native Method)
        at java.util.concurrent.locks.LockSupport.park(LockSupport.java:175)
        at java.util.concurrent.locks.AbstractQueuedSynchronizer$ConditionObject.await(AbstractQueuedSynchronizer.java:2039)
        at java.util.concurrent.ArrayBlockingQueue.take(ArrayBlockingQueue.java:403)
        at java.util.concurrent.ThreadPoolExecutor.getTask(ThreadPoolExecutor.java:1074)
        at java.util.concurrent.ThreadPoolExecutor.runWorker(ThreadPoolExecutor.java:1134)
        at java.util.concurrent.ThreadPoolExecutor$Worker.run(ThreadPoolExecutor.java:624)
        at java.lang.Thread.run(Thread.java:748)
"org.eclipse.jetty.server.session.HashSessionManager@151bf776Timer" daemon prio=5 tid=223 timed_waiting
java.lang.Thread.State: TIMED_WAITING
        at sun.misc.Unsafe.park(Native Method)
        at java.util.concurrent.locks.LockSupport.parkNanos(LockSupport.java:215)
        at java.util.concurrent.locks.AbstractQueuedSynchronizer$ConditionObject.awaitNanos(AbstractQueuedSynchronizer.java:2078)
        at java.util.concurrent.ScheduledThreadPoolExecutor$DelayedWorkQueue.take(ScheduledThreadPoolExecutor.java:1093)
        at java.util.concurrent.ScheduledThreadPoolExecutor$DelayedWorkQueue.take(ScheduledThreadPoolExecutor.java:809)
        at java.util.concurrent.ThreadPoolExecutor.getTask(ThreadPoolExecutor.java:1074)
        at java.util.concurrent.ThreadPoolExecutor.runWorker(ThreadPoolExecutor.java:1134)
        at java.util.concurrent.ThreadPoolExecutor$Worker.run(ThreadPoolExecutor.java:624)
        at java.lang.Thread.run(Thread.java:748)
"IPC Server handler 10 on 46754" daemon prio=5 tid=59 timed_waiting
java.lang.Thread.State: TIMED_WAITING
        at sun.misc.Unsafe.park(Native Method)
        at java.util.concurrent.locks.LockSupport.parkNanos(LockSupport.java:215)
        at java.util.concurrent.locks.AbstractQueuedSynchronizer$ConditionObject.awaitNanos(AbstractQueuedSynchronizer.java:2078)
        at java.util.concurrent.LinkedBlockingQueue.poll(LinkedBlockingQueue.java:467)
        at org.apache.hadoop.ipc.CallQueueManager.take(CallQueueManager.java:288)
        at org.apache.hadoop.ipc.Server$Handler.run(Server.java:2668)
"org.apache.ratis.server.impl.LogAppender$AppenderDaemon$$Lambda$495/740911003@5666d2f2" daemon prio=5 tid=3825 timed_waiting
java.lang.Thread.State: TIMED_WAITING
        at java.lang.Object.wait(Native Method)
        at org.apache.ratis.grpc.server.GrpcLogAppender.mayWait(GrpcLogAppender.java:141)
        at org.apache.ratis.grpc.server.GrpcLogAppender.runAppenderImpl(GrpcLogAppender.java:95)
        at org.apache.ratis.server.impl.LogAppender$AppenderDaemon.run(LogAppender.java:76)
        at org.apache.ratis.server.impl.LogAppender$AppenderDaemon$$Lambda$495/740911003.run(Unknown Source)
        at java.lang.Thread.run(Thread.java:748)
"metrics-hadoop-metrics2-reporter-44-thread-1" daemon prio=5 tid=3742 timed_waiting
java.lang.Thread.State: TIMED_WAITING
        at sun.misc.Unsafe.park(Native Method)
        at java.util.concurrent.locks.LockSupport.parkNanos(LockSupport.java:215)
        at java.util.concurrent.locks.AbstractQueuedSynchronizer$ConditionObject.awaitNanos(AbstractQueuedSynchronizer.java:2078)
        at java.util.concurrent.ScheduledThreadPoolExecutor$DelayedWorkQueue.take(ScheduledThreadPoolExecutor.java:1093)
        at java.util.concurrent.ScheduledThreadPoolExecutor$DelayedWorkQueue.take(ScheduledThreadPoolExecutor.java:809)
        at java.util.concurrent.ThreadPoolExecutor.getTask(ThreadPoolExecutor.java:1074)
        at java.util.concurrent.ThreadPoolExecutor.runWorker(ThreadPoolExecutor.java:1134)
        at java.util.concurrent.ThreadPoolExecutor$Worker.run(ThreadPoolExecutor.java:624)
        at java.lang.Thread.run(Thread.java:748)
"BlockDeletingService#7" daemon prio=5 tid=2198 in Object.wait()
java.lang.Thread.State: WAITING (on object monitor)
        at sun.misc.Unsafe.park(Native Method)
        at java.util.concurrent.locks.LockSupport.park(LockSupport.java:175)
        at java.util.concurrent.locks.AbstractQueuedSynchronizer$ConditionObject.await(AbstractQueuedSynchronizer.java:2039)
        at java.util.concurrent.ScheduledThreadPoolExecutor$DelayedWorkQueue.take(ScheduledThreadPoolExecutor.java:1088)
        at java.util.concurrent.ScheduledThreadPoolExecutor$DelayedWorkQueue.take(ScheduledThreadPoolExecutor.java:809)
        at java.util.concurrent.ThreadPoolExecutor.getTask(ThreadPoolExecutor.java:1074)
        at java.util.concurrent.ThreadPoolExecutor.runWorker(ThreadPoolExecutor.java:1134)
        at java.util.concurrent.ThreadPoolExecutor$Worker.run(ThreadPoolExecutor.java:624)
        at java.lang.Thread.run(Thread.java:748)
"pool-80-thread-1"  prio=5 tid=293 timed_waiting
java.lang.Thread.State: TIMED_WAITING
        at sun.misc.Unsafe.park(Native Method)
        at java.util.concurrent.locks.LockSupport.parkNanos(LockSupport.java:215)
        at java.util.concurrent.locks.AbstractQueuedSynchronizer$ConditionObject.awaitNanos(AbstractQueuedSynchronizer.java:2078)
        at java.util.concurrent.ScheduledThreadPoolExecutor$DelayedWorkQueue.take(ScheduledThreadPoolExecutor.java:1093)
        at java.util.concurrent.ScheduledThreadPoolExecutor$DelayedWorkQueue.take(ScheduledThreadPoolExecutor.java:809)
        at java.util.concurrent.ThreadPoolExecutor.getTask(ThreadPoolExecutor.java:1074)
        at java.util.concurrent.ThreadPoolExecutor.runWorker(ThreadPoolExecutor.java:1134)
        at java.util.concurrent.ThreadPoolExecutor$Worker.run(ThreadPoolExecutor.java:624)
        at java.lang.Thread.run(Thread.java:748)
"pool-56-thread-14"  prio=5 tid=541 in Object.wait()
java.lang.Thread.State: WAITING (on object monitor)
        at sun.misc.Unsafe.park(Native Method)
        at java.util.concurrent.locks.LockSupport.park(LockSupport.java:175)
        at java.util.concurrent.locks.AbstractQueuedSynchronizer$ConditionObject.await(AbstractQueuedSynchronizer.java:2039)
        at java.util.concurrent.ArrayBlockingQueue.take(ArrayBlockingQueue.java:403)
        at java.util.concurrent.ThreadPoolExecutor.getTask(ThreadPoolExecutor.java:1074)
        at java.util.concurrent.ThreadPoolExecutor.runWorker(ThreadPoolExecutor.java:1134)
        at java.util.concurrent.ThreadPoolExecutor$Worker.run(ThreadPoolExecutor.java:624)
        at java.lang.Thread.run(Thread.java:748)
"pool-26-thread-14"  prio=5 tid=354 in Object.wait()
java.lang.Thread.State: WAITING (on object monitor)
        at sun.misc.Unsafe.park(Native Method)
        at java.util.concurrent.locks.LockSupport.park(LockSupport.java:175)
        at java.util.concurrent.locks.AbstractQueuedSynchronizer$ConditionObject.await(AbstractQueuedSynchronizer.java:2039)
        at java.util.concurrent.ArrayBlockingQueue.take(ArrayBlockingQueue.java:403)
        at java.util.concurrent.ThreadPoolExecutor.getTask(ThreadPoolExecutor.java:1074)
        at java.util.concurrent.ThreadPoolExecutor.runWorker(ThreadPoolExecutor.java:1134)
        at java.util.concurrent.ThreadPoolExecutor$Worker.run(ThreadPoolExecutor.java:624)
        at java.lang.Thread.run(Thread.java:748)
"IPC Server handler 10 on 38980" daemon prio=5 tid=79 timed_waiting
java.lang.Thread.State: TIMED_WAITING
        at sun.misc.Unsafe.park(Native Method)
        at java.util.concurrent.locks.LockSupport.parkNanos(LockSupport.java:215)
        at java.util.concurrent.locks.AbstractQueuedSynchronizer$ConditionObject.awaitNanos(AbstractQueuedSynchronizer.java:2078)
        at java.util.concurrent.LinkedBlockingQueue.poll(LinkedBlockingQueue.java:467)
        at org.apache.hadoop.ipc.CallQueueManager.take(CallQueueManager.java:288)
        at org.apache.hadoop.ipc.Server$Handler.run(Server.java:2668)
"BlockDeletingService#8" daemon prio=5 tid=2508 in Object.wait()
java.lang.Thread.State: WAITING (on object monitor)
        at sun.misc.Unsafe.park(Native Method)
        at java.util.concurrent.locks.LockSupport.park(LockSupport.java:175)
        at java.util.concurrent.locks.AbstractQueuedSynchronizer$ConditionObject.await(AbstractQueuedSynchronizer.java:2039)
        at java.util.concurrent.ScheduledThreadPoolExecutor$DelayedWorkQueue.take(ScheduledThreadPoolExecutor.java:1088)
        at java.util.concurrent.ScheduledThreadPoolExecutor$DelayedWorkQueue.take(ScheduledThreadPoolExecutor.java:809)
        at java.util.concurrent.ThreadPoolExecutor.getTask(ThreadPoolExecutor.java:1074)
        at java.util.concurrent.ThreadPoolExecutor.runWorker(ThreadPoolExecutor.java:1134)
        at java.util.concurrent.ThreadPoolExecutor$Worker.run(ThreadPoolExecutor.java:624)
        at java.lang.Thread.run(Thread.java:748)
"org.apache.hadoop.util.JvmPauseMonitor$Monitor@587181e7" daemon prio=5 tid=338 timed_waiting
java.lang.Thread.State: TIMED_WAITING
        at java.lang.Thread.sleep(Native Method)
        at org.apache.hadoop.util.JvmPauseMonitor$Monitor.run(JvmPauseMonitor.java:192)
        at java.lang.Thread.run(Thread.java:748)
"pool-56-thread-26"  prio=5 tid=553 in Object.wait()
java.lang.Thread.State: WAITING (on object monitor)
        at sun.misc.Unsafe.park(Native Method)
        at java.util.concurrent.locks.LockSupport.park(LockSupport.java:175)
        at java.util.concurrent.locks.AbstractQueuedSynchronizer$ConditionObject.await(AbstractQueuedSynchronizer.java:2039)
        at java.util.concurrent.ArrayBlockingQueue.take(ArrayBlockingQueue.java:403)
        at java.util.concurrent.ThreadPoolExecutor.getTask(ThreadPoolExecutor.java:1074)
        at java.util.concurrent.ThreadPoolExecutor.runWorker(ThreadPoolExecutor.java:1134)
        at java.util.concurrent.ThreadPoolExecutor$Worker.run(ThreadPoolExecutor.java:624)
        at java.lang.Thread.run(Thread.java:748)
"pool-36-thread-19"  prio=5 tid=419 in Object.wait()
java.lang.Thread.State: WAITING (on object monitor)
        at sun.misc.Unsafe.park(Native Method)
        at java.util.concurrent.locks.LockSupport.park(LockSupport.java:175)
        at java.util.concurrent.locks.AbstractQueuedSynchronizer$ConditionObject.await(AbstractQueuedSynchronizer.java:2039)
        at java.util.concurrent.ArrayBlockingQueue.take(ArrayBlockingQueue.java:403)
        at java.util.concurrent.ThreadPoolExecutor.getTask(ThreadPoolExecutor.java:1074)
        at java.util.concurrent.ThreadPoolExecutor.runWorker(ThreadPoolExecutor.java:1134)
        at java.util.concurrent.ThreadPoolExecutor$Worker.run(ThreadPoolExecutor.java:624)
        at java.lang.Thread.run(Thread.java:748)
"pool-26-thread-47"  prio=5 tid=387 in Object.wait()
java.lang.Thread.State: WAITING (on object monitor)
        at sun.misc.Unsafe.park(Native Method)
        at java.util.concurrent.locks.LockSupport.park(LockSupport.java:175)
        at java.util.concurrent.locks.AbstractQueuedSynchronizer$ConditionObject.await(AbstractQueuedSynchronizer.java:2039)
        at java.util.concurrent.ArrayBlockingQueue.take(ArrayBlockingQueue.java:403)
        at java.util.concurrent.ThreadPoolExecutor.getTask(ThreadPoolExecutor.java:1074)
        at java.util.concurrent.ThreadPoolExecutor.runWorker(ThreadPoolExecutor.java:1134)
        at java.util.concurrent.ThreadPoolExecutor$Worker.run(ThreadPoolExecutor.java:624)
        at java.lang.Thread.run(Thread.java:748)
"pool-26-thread-45"  prio=5 tid=385 in Object.wait()
java.lang.Thread.State: WAITING (on object monitor)
        at sun.misc.Unsafe.park(Native Method)
        at java.util.concurrent.locks.LockSupport.park(LockSupport.java:175)
        at java.util.concurrent.locks.AbstractQueuedSynchronizer$ConditionObject.await(AbstractQueuedSynchronizer.java:2039)
        at java.util.concurrent.ArrayBlockingQueue.take(ArrayBlockingQueue.java:403)
        at java.util.concurrent.ThreadPoolExecutor.getTask(ThreadPoolExecutor.java:1074)
        at java.util.concurrent.ThreadPoolExecutor.runWorker(ThreadPoolExecutor.java:1134)
        at java.util.concurrent.ThreadPoolExecutor$Worker.run(ThreadPoolExecutor.java:624)
        at java.lang.Thread.run(Thread.java:748)
"Thread-302" daemon prio=5 tid=911 timed_waiting
java.lang.Thread.State: TIMED_WAITING
        at sun.misc.Unsafe.park(Native Method)
        at java.util.concurrent.locks.LockSupport.parkNanos(LockSupport.java:215)
        at java.util.concurrent.locks.AbstractQueuedSynchronizer$ConditionObject.awaitNanos(AbstractQueuedSynchronizer.java:2078)
        at java.util.concurrent.ArrayBlockingQueue.poll(ArrayBlockingQueue.java:418)
        at org.apache.ratis.server.impl.LeaderState$EventQueue.poll(LeaderState.java:115)
        at org.apache.ratis.server.impl.LeaderState$EventProcessor.run(LeaderState.java:457)
"pool-86-thread-15"  prio=5 tid=728 in Object.wait()
java.lang.Thread.State: WAITING (on object monitor)
        at sun.misc.Unsafe.park(Native Method)
        at java.util.concurrent.locks.LockSupport.park(LockSupport.java:175)
        at java.util.concurrent.locks.AbstractQueuedSynchronizer$ConditionObject.await(AbstractQueuedSynchronizer.java:2039)
        at java.util.concurrent.ArrayBlockingQueue.take(ArrayBlockingQueue.java:403)
        at java.util.concurrent.ThreadPoolExecutor.getTask(ThreadPoolExecutor.java:1074)
        at java.util.concurrent.ThreadPoolExecutor.runWorker(ThreadPoolExecutor.java:1134)
        at java.util.concurrent.ThreadPoolExecutor$Worker.run(ThreadPoolExecutor.java:624)
        at java.lang.Thread.run(Thread.java:748)
"pool-36-thread-16"  prio=5 tid=416 in Object.wait()
java.lang.Thread.State: WAITING (on object monitor)
        at sun.misc.Unsafe.park(Native Method)
        at java.util.concurrent.locks.LockSupport.park(LockSupport.java:175)
        at java.util.concurrent.locks.AbstractQueuedSynchronizer$ConditionObject.await(AbstractQueuedSynchronizer.java:2039)
        at java.util.concurrent.ArrayBlockingQueue.take(ArrayBlockingQueue.java:403)
        at java.util.concurrent.ThreadPoolExecutor.getTask(ThreadPoolExecutor.java:1074)
        at java.util.concurrent.ThreadPoolExecutor.runWorker(ThreadPoolExecutor.java:1134)
        at java.util.concurrent.ThreadPoolExecutor$Worker.run(ThreadPoolExecutor.java:624)
        at java.lang.Thread.run(Thread.java:748)
"pool-26-thread-18"  prio=5 tid=358 in Object.wait()
java.lang.Thread.State: WAITING (on object monitor)
        at sun.misc.Unsafe.park(Native Method)
        at java.util.concurrent.locks.LockSupport.park(LockSupport.java:175)
        at java.util.concurrent.locks.AbstractQueuedSynchronizer$ConditionObject.await(AbstractQueuedSynchronizer.java:2039)
        at java.util.concurrent.ArrayBlockingQueue.take(ArrayBlockingQueue.java:403)
        at java.util.concurrent.ThreadPoolExecutor.getTask(ThreadPoolExecutor.java:1074)
        at java.util.concurrent.ThreadPoolExecutor.runWorker(ThreadPoolExecutor.java:1134)
        at java.util.concurrent.ThreadPoolExecutor$Worker.run(ThreadPoolExecutor.java:624)
        at java.lang.Thread.run(Thread.java:748)
"pool-36-thread-13"  prio=5 tid=413 in Object.wait()
java.lang.Thread.State: WAITING (on object monitor)
        at sun.misc.Unsafe.park(Native Method)
        at java.util.concurrent.locks.LockSupport.park(LockSupport.java:175)
        at java.util.concurrent.locks.AbstractQueuedSynchronizer$ConditionObject.await(AbstractQueuedSynchronizer.java:2039)
        at java.util.concurrent.ArrayBlockingQueue.take(ArrayBlockingQueue.java:403)
        at java.util.concurrent.ThreadPoolExecutor.getTask(ThreadPoolExecutor.java:1074)
        at java.util.concurrent.ThreadPoolExecutor.runWorker(ThreadPoolExecutor.java:1134)
        at java.util.concurrent.ThreadPoolExecutor$Worker.run(ThreadPoolExecutor.java:624)
        at java.lang.Thread.run(Thread.java:748)
"IPC Server idle connection scanner for port 40419" daemon prio=5 tid=24 timed_waiting
java.lang.Thread.State: TIMED_WAITING
        at java.lang.Object.wait(Native Method)
        at java.util.TimerThread.mainLoop(Timer.java:552)
        at java.util.TimerThread.run(Timer.java:505)
"RatisApplyTransactionExecutor 0" daemon prio=5 tid=2413 in Object.wait()
java.lang.Thread.State: WAITING (on object monitor)
        at sun.misc.Unsafe.park(Native Method)
        at java.util.concurrent.locks.LockSupport.park(LockSupport.java:175)
        at java.util.concurrent.locks.AbstractQueuedSynchronizer$ConditionObject.await(AbstractQueuedSynchronizer.java:2039)
        at java.util.concurrent.LinkedBlockingQueue.take(LinkedBlockingQueue.java:442)
        at java.util.concurrent.ThreadPoolExecutor.getTask(ThreadPoolExecutor.java:1074)
        at java.util.concurrent.ThreadPoolExecutor.runWorker(ThreadPoolExecutor.java:1134)
        at java.util.concurrent.ThreadPoolExecutor$Worker.run(ThreadPoolExecutor.java:624)
        at java.lang.Thread.run(Thread.java:748)
"metrics-hadoop-metrics2-reporter-26-thread-1" daemon prio=5 tid=912 timed_waiting
java.lang.Thread.State: TIMED_WAITING
        at sun.misc.Unsafe.park(Native Method)
        at java.util.concurrent.locks.LockSupport.parkNanos(LockSupport.java:215)
        at java.util.concurrent.locks.AbstractQueuedSynchronizer$ConditionObject.awaitNanos(AbstractQueuedSynchronizer.java:2078)
        at java.util.concurrent.ScheduledThreadPoolExecutor$DelayedWorkQueue.take(ScheduledThreadPoolExecutor.java:1093)
        at java.util.concurrent.ScheduledThreadPoolExecutor$DelayedWorkQueue.take(ScheduledThreadPoolExecutor.java:809)
        at java.util.concurrent.ThreadPoolExecutor.getTask(ThreadPoolExecutor.java:1074)
        at java.util.concurrent.ThreadPoolExecutor.runWorker(ThreadPoolExecutor.java:1134)
        at java.util.concurrent.ThreadPoolExecutor$Worker.run(ThreadPoolExecutor.java:624)
        at java.lang.Thread.run(Thread.java:748)
"pool-76-thread-34"  prio=5 tid=685 in Object.wait()
java.lang.Thread.State: WAITING (on object monitor)
        at sun.misc.Unsafe.park(Native Method)
        at java.util.concurrent.locks.LockSupport.park(LockSupport.java:175)
        at java.util.concurrent.locks.AbstractQueuedSynchronizer$ConditionObject.await(AbstractQueuedSynchronizer.java:2039)
        at java.util.concurrent.ArrayBlockingQueue.take(ArrayBlockingQueue.java:403)
        at java.util.concurrent.ThreadPoolExecutor.getTask(ThreadPoolExecutor.java:1074)
        at java.util.concurrent.ThreadPoolExecutor.runWorker(ThreadPoolExecutor.java:1134)
        at java.util.concurrent.ThreadPoolExecutor$Worker.run(ThreadPoolExecutor.java:624)
        at java.lang.Thread.run(Thread.java:748)
"pool-56-thread-50"  prio=5 tid=577 in Object.wait()
java.lang.Thread.State: WAITING (on object monitor)
        at sun.misc.Unsafe.park(Native Method)
        at java.util.concurrent.locks.LockSupport.park(LockSupport.java:175)
        at java.util.concurrent.locks.AbstractQueuedSynchronizer$ConditionObject.await(AbstractQueuedSynchronizer.java:2039)
        at java.util.concurrent.ArrayBlockingQueue.take(ArrayBlockingQueue.java:403)
        at java.util.concurrent.ThreadPoolExecutor.getTask(ThreadPoolExecutor.java:1074)
        at java.util.concurrent.ThreadPoolExecutor.runWorker(ThreadPoolExecutor.java:1134)
        at java.util.concurrent.ThreadPoolExecutor$Worker.run(ThreadPoolExecutor.java:624)
        at java.lang.Thread.run(Thread.java:748)
"java.util.concurrent.ThreadPoolExecutor$Worker@1f5184ca[State = -1, empty queue]" daemon prio=5 tid=2254 timed_waiting
java.lang.Thread.State: TIMED_WAITING
        at sun.misc.Unsafe.park(Native Method)
        at java.util.concurrent.locks.LockSupport.parkNanos(LockSupport.java:215)
        at java.util.concurrent.locks.AbstractQueuedSynchronizer$ConditionObject.awaitNanos(AbstractQueuedSynchronizer.java:2078)
        at java.util.concurrent.ScheduledThreadPoolExecutor$DelayedWorkQueue.take(ScheduledThreadPoolExecutor.java:1093)
        at java.util.concurrent.ScheduledThreadPoolExecutor$DelayedWorkQueue.take(ScheduledThreadPoolExecutor.java:809)
        at java.util.concurrent.ThreadPoolExecutor.getTask(ThreadPoolExecutor.java:1074)
        at java.util.concurrent.ThreadPoolExecutor.runWorker(ThreadPoolExecutor.java:1134)
        at java.util.concurrent.ThreadPoolExecutor$Worker.run(ThreadPoolExecutor.java:624)
        at java.lang.Thread.run(Thread.java:748)
"metrics-hadoop-metrics2-reporter-32-thread-1" daemon prio=5 tid=1584 timed_waiting
java.lang.Thread.State: TIMED_WAITING
        at sun.misc.Unsafe.park(Native Method)
        at java.util.concurrent.locks.LockSupport.parkNanos(LockSupport.java:215)
        at java.util.concurrent.locks.AbstractQueuedSynchronizer$ConditionObject.awaitNanos(AbstractQueuedSynchronizer.java:2078)
        at java.util.concurrent.ScheduledThreadPoolExecutor$DelayedWorkQueue.take(ScheduledThreadPoolExecutor.java:1093)
        at java.util.concurrent.ScheduledThreadPoolExecutor$DelayedWorkQueue.take(ScheduledThreadPoolExecutor.java:809)
        at java.util.concurrent.ThreadPoolExecutor.getTask(ThreadPoolExecutor.java:1074)
        at java.util.concurrent.ThreadPoolExecutor.runWorker(ThreadPoolExecutor.java:1134)
        at java.util.concurrent.ThreadPoolExecutor$Worker.run(ThreadPoolExecutor.java:624)
        at java.lang.Thread.run(Thread.java:748)
"IPC Server handler 9 on 38980" daemon prio=5 tid=78 timed_waiting
java.lang.Thread.State: TIMED_WAITING
        at sun.misc.Unsafe.park(Native Method)
        at java.util.concurrent.locks.LockSupport.parkNanos(LockSupport.java:215)
        at java.util.concurrent.locks.AbstractQueuedSynchronizer$ConditionObject.awaitNanos(AbstractQueuedSynchronizer.java:2078)
        at java.util.concurrent.LinkedBlockingQueue.poll(LinkedBlockingQueue.java:467)
        at org.apache.hadoop.ipc.CallQueueManager.take(CallQueueManager.java:288)
        at org.apache.hadoop.ipc.Server$Handler.run(Server.java:2668)
"pool-66-thread-38"  prio=5 tid=627 in Object.wait()
java.lang.Thread.State: WAITING (on object monitor)
        at sun.misc.Unsafe.park(Native Method)
        at java.util.concurrent.locks.LockSupport.park(LockSupport.java:175)
        at java.util.concurrent.locks.AbstractQueuedSynchronizer$ConditionObject.await(AbstractQueuedSynchronizer.java:2039)
        at java.util.concurrent.ArrayBlockingQueue.take(ArrayBlockingQueue.java:403)
        at java.util.concurrent.ThreadPoolExecutor.getTask(ThreadPoolExecutor.java:1074)
        at java.util.concurrent.ThreadPoolExecutor.runWorker(ThreadPoolExecutor.java:1134)
        at java.util.concurrent.ThreadPoolExecutor$Worker.run(ThreadPoolExecutor.java:624)
        at java.lang.Thread.run(Thread.java:748)
"metrics-hadoop-metrics2-reporter-16-thread-1" daemon prio=5 tid=862 timed_waiting
java.lang.Thread.State: TIMED_WAITING
        at sun.misc.Unsafe.park(Native Method)
        at java.util.concurrent.locks.LockSupport.parkNanos(LockSupport.java:215)
        at java.util.concurrent.locks.AbstractQueuedSynchronizer$ConditionObject.awaitNanos(AbstractQueuedSynchronizer.java:2078)
        at java.util.concurrent.ScheduledThreadPoolExecutor$DelayedWorkQueue.take(ScheduledThreadPoolExecutor.java:1093)
        at java.util.concurrent.ScheduledThreadPoolExecutor$DelayedWorkQueue.take(ScheduledThreadPoolExecutor.java:809)
        at java.util.concurrent.ThreadPoolExecutor.getTask(ThreadPoolExecutor.java:1074)
        at java.util.concurrent.ThreadPoolExecutor.runWorker(ThreadPoolExecutor.java:1134)
        at java.util.concurrent.ThreadPoolExecutor$Worker.run(ThreadPoolExecutor.java:624)
        at java.lang.Thread.run(Thread.java:748)
"grpc-default-executor-16" daemon prio=5 tid=3711 timed_waiting
java.lang.Thread.State: TIMED_WAITING
        at sun.misc.Unsafe.park(Native Method)
        at java.util.concurrent.locks.LockSupport.parkNanos(LockSupport.java:215)
        at java.util.concurrent.SynchronousQueue$TransferStack.awaitFulfill(SynchronousQueue.java:460)
        at java.util.concurrent.SynchronousQueue$TransferStack.transfer(SynchronousQueue.java:362)
        at java.util.concurrent.SynchronousQueue.poll(SynchronousQueue.java:941)
        at java.util.concurrent.ThreadPoolExecutor.getTask(ThreadPoolExecutor.java:1073)
        at java.util.concurrent.ThreadPoolExecutor.runWorker(ThreadPoolExecutor.java:1134)
        at java.util.concurrent.ThreadPoolExecutor$Worker.run(ThreadPoolExecutor.java:624)
        at java.lang.Thread.run(Thread.java:748)
"pool-26-thread-60"  prio=5 tid=400 in Object.wait()
java.lang.Thread.State: WAITING (on object monitor)
        at sun.misc.Unsafe.park(Native Method)
        at java.util.concurrent.locks.LockSupport.park(LockSupport.java:175)
        at java.util.concurrent.locks.AbstractQueuedSynchronizer$ConditionObject.await(AbstractQueuedSynchronizer.java:2039)
        at java.util.concurrent.ArrayBlockingQueue.take(ArrayBlockingQueue.java:403)
        at java.util.concurrent.ThreadPoolExecutor.getTask(ThreadPoolExecutor.java:1074)
        at java.util.concurrent.ThreadPoolExecutor.runWorker(ThreadPoolExecutor.java:1134)
        at java.util.concurrent.ThreadPoolExecutor$Worker.run(ThreadPoolExecutor.java:624)
        at java.lang.Thread.run(Thread.java:748)
"IPC Server handler 8 on 46754" daemon prio=5 tid=57 timed_waiting
java.lang.Thread.State: TIMED_WAITING
        at sun.misc.Unsafe.park(Native Method)
        at java.util.concurrent.locks.LockSupport.parkNanos(LockSupport.java:215)
        at java.util.concurrent.locks.AbstractQueuedSynchronizer$ConditionObject.awaitNanos(AbstractQueuedSynchronizer.java:2078)
        at java.util.concurrent.LinkedBlockingQueue.poll(LinkedBlockingQueue.java:467)
        at org.apache.hadoop.ipc.CallQueueManager.take(CallQueueManager.java:288)
        at org.apache.hadoop.ipc.Server$Handler.run(Server.java:2668)
"java.util.concurrent.ThreadPoolExecutor$Worker@4181da88[State = -1, empty queue]" daemon prio=5 tid=4135 runnable
java.lang.Thread.State: RUNNABLE
        at java.util.concurrent.ScheduledThreadPoolExecutor$DelayedWorkQueue.poll(ScheduledThreadPoolExecutor.java:809)
        at java.util.concurrent.ThreadPoolExecutor.getTask(ThreadPoolExecutor.java:1073)
        at java.util.concurrent.ThreadPoolExecutor.runWorker(ThreadPoolExecutor.java:1134)
        at java.util.concurrent.ThreadPoolExecutor$Worker.run(ThreadPoolExecutor.java:624)
        at java.lang.Thread.run(Thread.java:748)
"qtp2111457497-94" daemon prio=5 tid=94 timed_waiting
java.lang.Thread.State: TIMED_WAITING
        at sun.misc.Unsafe.park(Native Method)
        at java.util.concurrent.locks.LockSupport.parkNanos(LockSupport.java:215)
        at java.util.concurrent.locks.AbstractQueuedSynchronizer$ConditionObject.awaitNanos(AbstractQueuedSynchronizer.java:2078)
        at org.eclipse.jetty.util.BlockingArrayQueue.poll(BlockingArrayQueue.java:392)
        at org.eclipse.jetty.util.thread.QueuedThreadPool.idleJobPoll(QueuedThreadPool.java:563)
        at org.eclipse.jetty.util.thread.QueuedThreadPool.access$800(QueuedThreadPool.java:48)
        at org.eclipse.jetty.util.thread.QueuedThreadPool$2.run(QueuedThreadPool.java:626)
        at java.lang.Thread.run(Thread.java:748)
"pool-86-thread-41"  prio=5 tid=754 in Object.wait()
java.lang.Thread.State: WAITING (on object monitor)
        at sun.misc.Unsafe.park(Native Method)
        at java.util.concurrent.locks.LockSupport.park(LockSupport.java:175)
        at java.util.concurrent.locks.AbstractQueuedSynchronizer$ConditionObject.await(AbstractQueuedSynchronizer.java:2039)
        at java.util.concurrent.ArrayBlockingQueue.take(ArrayBlockingQueue.java:403)
        at java.util.concurrent.ThreadPoolExecutor.getTask(ThreadPoolExecutor.java:1074)
        at java.util.concurrent.ThreadPoolExecutor.runWorker(ThreadPoolExecutor.java:1134)
        at java.util.concurrent.ThreadPoolExecutor$Worker.run(ThreadPoolExecutor.java:624)
        at java.lang.Thread.run(Thread.java:748)
"pool-36-thread-27"  prio=5 tid=427 in Object.wait()
java.lang.Thread.State: WAITING (on object monitor)
        at sun.misc.Unsafe.park(Native Method)
        at java.util.concurrent.locks.LockSupport.park(LockSupport.java:175)
        at java.util.concurrent.locks.AbstractQueuedSynchronizer$ConditionObject.await(AbstractQueuedSynchronizer.java:2039)
        at java.util.concurrent.ArrayBlockingQueue.take(ArrayBlockingQueue.java:403)
        at java.util.concurrent.ThreadPoolExecutor.getTask(ThreadPoolExecutor.java:1074)
        at java.util.concurrent.ThreadPoolExecutor.runWorker(ThreadPoolExecutor.java:1134)
        at java.util.concurrent.ThreadPoolExecutor$Worker.run(ThreadPoolExecutor.java:624)
        at java.lang.Thread.run(Thread.java:748)
"metrics-hadoop-metrics2-reporter-19-thread-1" daemon prio=5 tid=879 timed_waiting
java.lang.Thread.State: TIMED_WAITING
        at sun.misc.Unsafe.park(Native Method)
        at java.util.concurrent.locks.LockSupport.parkNanos(LockSupport.java:215)
        at java.util.concurrent.locks.AbstractQueuedSynchronizer$ConditionObject.awaitNanos(AbstractQueuedSynchronizer.java:2078)
        at java.util.concurrent.ScheduledThreadPoolExecutor$DelayedWorkQueue.take(ScheduledThreadPoolExecutor.java:1093)
        at java.util.concurrent.ScheduledThreadPoolExecutor$DelayedWorkQueue.take(ScheduledThreadPoolExecutor.java:809)
        at java.util.concurrent.ThreadPoolExecutor.getTask(ThreadPoolExecutor.java:1074)
        at java.util.concurrent.ThreadPoolExecutor.runWorker(ThreadPoolExecutor.java:1134)
        at java.util.concurrent.ThreadPoolExecutor$Worker.run(ThreadPoolExecutor.java:624)
        at java.lang.Thread.run(Thread.java:748)
"pool-56-thread-35"  prio=5 tid=562 in Object.wait()
java.lang.Thread.State: WAITING (on object monitor)
        at sun.misc.Unsafe.park(Native Method)
        at java.util.concurrent.locks.LockSupport.park(LockSupport.java:175)
        at java.util.concurrent.locks.AbstractQueuedSynchronizer$ConditionObject.await(AbstractQueuedSynchronizer.java:2039)
        at java.util.concurrent.ArrayBlockingQueue.take(ArrayBlockingQueue.java:403)
        at java.util.concurrent.ThreadPoolExecutor.getTask(ThreadPoolExecutor.java:1074)
        at java.util.concurrent.ThreadPoolExecutor.runWorker(ThreadPoolExecutor.java:1134)
        at java.util.concurrent.ThreadPoolExecutor$Worker.run(ThreadPoolExecutor.java:624)
        at java.lang.Thread.run(Thread.java:748)
"pool-26-thread-9"  prio=5 tid=349 in Object.wait()
java.lang.Thread.State: WAITING (on object monitor)
        at sun.misc.Unsafe.park(Native Method)
        at java.util.concurrent.locks.LockSupport.park(LockSupport.java:175)
        at java.util.concurrent.locks.AbstractQueuedSynchronizer$ConditionObject.await(AbstractQueuedSynchronizer.java:2039)
        at java.util.concurrent.ArrayBlockingQueue.take(ArrayBlockingQueue.java:403)
        at java.util.concurrent.ThreadPoolExecutor.getTask(ThreadPoolExecutor.java:1074)
        at java.util.concurrent.ThreadPoolExecutor.runWorker(ThreadPoolExecutor.java:1134)
        at java.util.concurrent.ThreadPoolExecutor$Worker.run(ThreadPoolExecutor.java:624)
        at java.lang.Thread.run(Thread.java:748)
"pool-66-thread-52"  prio=5 tid=641 in Object.wait()
java.lang.Thread.State: WAITING (on object monitor)
        at sun.misc.Unsafe.park(Native Method)
        at java.util.concurrent.locks.LockSupport.park(LockSupport.java:175)
        at java.util.concurrent.locks.AbstractQueuedSynchronizer$ConditionObject.await(AbstractQueuedSynchronizer.java:2039)
        at java.util.concurrent.ArrayBlockingQueue.take(ArrayBlockingQueue.java:403)
        at java.util.concurrent.ThreadPoolExecutor.getTask(ThreadPoolExecutor.java:1074)
        at java.util.concurrent.ThreadPoolExecutor.runWorker(ThreadPoolExecutor.java:1134)
        at java.util.concurrent.ThreadPoolExecutor$Worker.run(ThreadPoolExecutor.java:624)
        at java.lang.Thread.run(Thread.java:748)
"pool-46-thread-5"  prio=5 tid=465 in Object.wait()
java.lang.Thread.State: WAITING (on object monitor)
        at sun.misc.Unsafe.park(Native Method)
        at java.util.concurrent.locks.LockSupport.park(LockSupport.java:175)
        at java.util.concurrent.locks.AbstractQueuedSynchronizer$ConditionObject.await(AbstractQueuedSynchronizer.java:2039)
        at java.util.concurrent.ArrayBlockingQueue.take(ArrayBlockingQueue.java:403)
        at java.util.concurrent.ThreadPoolExecutor.getTask(ThreadPoolExecutor.java:1074)
        at java.util.concurrent.ThreadPoolExecutor.runWorker(ThreadPoolExecutor.java:1134)
        at java.util.concurrent.ThreadPoolExecutor$Worker.run(ThreadPoolExecutor.java:624)
        at java.lang.Thread.run(Thread.java:748)
"pool-66-thread-59"  prio=5 tid=648 in Object.wait()
java.lang.Thread.State: WAITING (on object monitor)
        at sun.misc.Unsafe.park(Native Method)
        at java.util.concurrent.locks.LockSupport.park(LockSupport.java:175)
        at java.util.concurrent.locks.AbstractQueuedSynchronizer$ConditionObject.await(AbstractQueuedSynchronizer.java:2039)
        at java.util.concurrent.ArrayBlockingQueue.take(ArrayBlockingQueue.java:403)
        at java.util.concurrent.ThreadPoolExecutor.getTask(ThreadPoolExecutor.java:1074)
        at java.util.concurrent.ThreadPoolExecutor.runWorker(ThreadPoolExecutor.java:1134)
        at java.util.concurrent.ThreadPoolExecutor$Worker.run(ThreadPoolExecutor.java:624)
        at java.lang.Thread.run(Thread.java:748)
"IPC Server handler 8 on 38980" daemon prio=5 tid=77 timed_waiting
java.lang.Thread.State: TIMED_WAITING
        at sun.misc.Unsafe.park(Native Method)
        at java.util.concurrent.locks.LockSupport.parkNanos(LockSupport.java:215)
        at java.util.concurrent.locks.AbstractQueuedSynchronizer$ConditionObject.awaitNanos(AbstractQueuedSynchronizer.java:2078)
        at java.util.concurrent.LinkedBlockingQueue.poll(LinkedBlockingQueue.java:467)
        at org.apache.hadoop.ipc.CallQueueManager.take(CallQueueManager.java:288)
        at org.apache.hadoop.ipc.Server$Handler.run(Server.java:2668)
"pool-36-thread-39"  prio=5 tid=439 in Object.wait()
java.lang.Thread.State: WAITING (on object monitor)
        at sun.misc.Unsafe.park(Native Method)
        at java.util.concurrent.locks.LockSupport.park(LockSupport.java:175)
        at java.util.concurrent.locks.AbstractQueuedSynchronizer$ConditionObject.await(AbstractQueuedSynchronizer.java:2039)
        at java.util.concurrent.ArrayBlockingQueue.take(ArrayBlockingQueue.java:403)
        at java.util.concurrent.ThreadPoolExecutor.getTask(ThreadPoolExecutor.java:1074)
        at java.util.concurrent.ThreadPoolExecutor.runWorker(ThreadPoolExecutor.java:1134)
        at java.util.concurrent.ThreadPoolExecutor$Worker.run(ThreadPoolExecutor.java:624)
        at java.lang.Thread.run(Thread.java:748)
"IPC Server handler 16 on 40419" daemon prio=5 tid=45 timed_waiting
java.lang.Thread.State: TIMED_WAITING
        at sun.misc.Unsafe.park(Native Method)
        at java.util.concurrent.locks.LockSupport.parkNanos(LockSupport.java:215)
        at java.util.concurrent.locks.AbstractQueuedSynchronizer$ConditionObject.awaitNanos(AbstractQueuedSynchronizer.java:2078)
        at java.util.concurrent.LinkedBlockingQueue.poll(LinkedBlockingQueue.java:467)
        at org.apache.hadoop.ipc.CallQueueManager.take(CallQueueManager.java:288)
        at org.apache.hadoop.ipc.Server$Handler.run(Server.java:2668)
"qtp1092382020-274" daemon prio=5 tid=274 timed_waiting
java.lang.Thread.State: TIMED_WAITING
        at sun.misc.Unsafe.park(Native Method)
        at java.util.concurrent.locks.LockSupport.parkNanos(LockSupport.java:215)
        at java.util.concurrent.locks.AbstractQueuedSynchronizer$ConditionObject.awaitNanos(AbstractQueuedSynchronizer.java:2078)
        at org.eclipse.jetty.util.BlockingArrayQueue.poll(BlockingArrayQueue.java:392)
        at org.eclipse.jetty.util.thread.QueuedThreadPool.idleJobPoll(QueuedThreadPool.java:563)
        at org.eclipse.jetty.util.thread.QueuedThreadPool.access$800(QueuedThreadPool.java:48)
        at org.eclipse.jetty.util.thread.QueuedThreadPool$2.run(QueuedThreadPool.java:626)
        at java.lang.Thread.run(Thread.java:748)
"Datanode State Machine Thread - 1" daemon prio=5 tid=3043 timed_waiting
java.lang.Thread.State: TIMED_WAITING
        at sun.misc.Unsafe.park(Native Method)
        at java.util.concurrent.locks.LockSupport.parkNanos(LockSupport.java:215)
        at java.util.concurrent.SynchronousQueue$TransferStack.awaitFulfill(SynchronousQueue.java:460)
        at java.util.concurrent.SynchronousQueue$TransferStack.transfer(SynchronousQueue.java:362)
        at java.util.concurrent.SynchronousQueue.poll(SynchronousQueue.java:941)
        at java.util.concurrent.ThreadPoolExecutor.getTask(ThreadPoolExecutor.java:1073)
        at java.util.concurrent.ThreadPoolExecutor.runWorker(ThreadPoolExecutor.java:1134)
        at java.util.concurrent.ThreadPoolExecutor$Worker.run(ThreadPoolExecutor.java:624)
        at java.lang.Thread.run(Thread.java:748)
"pool-66-thread-50"  prio=5 tid=639 in Object.wait()
java.lang.Thread.State: WAITING (on object monitor)
        at sun.misc.Unsafe.park(Native Method)
        at java.util.concurrent.locks.LockSupport.park(LockSupport.java:175)
        at java.util.concurrent.locks.AbstractQueuedSynchronizer$ConditionObject.await(AbstractQueuedSynchronizer.java:2039)
        at java.util.concurrent.ArrayBlockingQueue.take(ArrayBlockingQueue.java:403)
        at java.util.concurrent.ThreadPoolExecutor.getTask(ThreadPoolExecutor.java:1074)
        at java.util.concurrent.ThreadPoolExecutor.runWorker(ThreadPoolExecutor.java:1134)
        at java.util.concurrent.ThreadPoolExecutor$Worker.run(ThreadPoolExecutor.java:624)
        at java.lang.Thread.run(Thread.java:748)
"pool-46-thread-25"  prio=5 tid=485 in Object.wait()
java.lang.Thread.State: WAITING (on object monitor)
        at sun.misc.Unsafe.park(Native Method)
        at java.util.concurrent.locks.LockSupport.park(LockSupport.java:175)
        at java.util.concurrent.locks.AbstractQueuedSynchronizer$ConditionObject.await(AbstractQueuedSynchronizer.java:2039)
        at java.util.concurrent.ArrayBlockingQueue.take(ArrayBlockingQueue.java:403)
        at java.util.concurrent.ThreadPoolExecutor.getTask(ThreadPoolExecutor.java:1074)
        at java.util.concurrent.ThreadPoolExecutor.runWorker(ThreadPoolExecutor.java:1134)
        at java.util.concurrent.ThreadPoolExecutor$Worker.run(ThreadPoolExecutor.java:624)
        at java.lang.Thread.run(Thread.java:748)
"pool-47-thread-1"  prio=5 tid=827 in Object.wait()
java.lang.Thread.State: WAITING (on object monitor)
        at sun.misc.Unsafe.park(Native Method)
        at java.util.concurrent.locks.LockSupport.park(LockSupport.java:175)
        at java.util.concurrent.locks.AbstractQueuedSynchronizer$ConditionObject.await(AbstractQueuedSynchronizer.java:2039)
        at java.util.concurrent.LinkedBlockingQueue.take(LinkedBlockingQueue.java:442)
        at java.util.concurrent.ThreadPoolExecutor.getTask(ThreadPoolExecutor.java:1074)
        at java.util.concurrent.ThreadPoolExecutor.runWorker(ThreadPoolExecutor.java:1134)
        at java.util.concurrent.ThreadPoolExecutor$Worker.run(ThreadPoolExecutor.java:624)
        at java.lang.Thread.run(Thread.java:748)
"pool-36-thread-44"  prio=5 tid=444 in Object.wait()
java.lang.Thread.State: WAITING (on object monitor)
        at sun.misc.Unsafe.park(Native Method)
        at java.util.concurrent.locks.LockSupport.park(LockSupport.java:175)
        at java.util.concurrent.locks.AbstractQueuedSynchronizer$ConditionObject.await(AbstractQueuedSynchronizer.java:2039)
        at java.util.concurrent.ArrayBlockingQueue.take(ArrayBlockingQueue.java:403)
        at java.util.concurrent.ThreadPoolExecutor.getTask(ThreadPoolExecutor.java:1074)
        at java.util.concurrent.ThreadPoolExecutor.runWorker(ThreadPoolExecutor.java:1134)
        at java.util.concurrent.ThreadPoolExecutor$Worker.run(ThreadPoolExecutor.java:624)
        at java.lang.Thread.run(Thread.java:748)
"pool-36-thread-41"  prio=5 tid=441 in Object.wait()
java.lang.Thread.State: WAITING (on object monitor)
        at sun.misc.Unsafe.park(Native Method)
        at java.util.concurrent.locks.LockSupport.park(LockSupport.java:175)
        at java.util.concurrent.locks.AbstractQueuedSynchronizer$ConditionObject.await(AbstractQueuedSynchronizer.java:2039)
        at java.util.concurrent.ArrayBlockingQueue.take(ArrayBlockingQueue.java:403)
        at java.util.concurrent.ThreadPoolExecutor.getTask(ThreadPoolExecutor.java:1074)
        at java.util.concurrent.ThreadPoolExecutor.runWorker(ThreadPoolExecutor.java:1134)
        at java.util.concurrent.ThreadPoolExecutor$Worker.run(ThreadPoolExecutor.java:624)
        at java.lang.Thread.run(Thread.java:748)
"BlockDeletingService#1" daemon prio=5 tid=527 in Object.wait()
java.lang.Thread.State: WAITING (on object monitor)
        at sun.misc.Unsafe.park(Native Method)
        at java.util.concurrent.locks.LockSupport.park(LockSupport.java:175)
        at java.util.concurrent.locks.AbstractQueuedSynchronizer$ConditionObject.await(AbstractQueuedSynchronizer.java:2039)
        at java.util.concurrent.ScheduledThreadPoolExecutor$DelayedWorkQueue.take(ScheduledThreadPoolExecutor.java:1088)
        at java.util.concurrent.ScheduledThreadPoolExecutor$DelayedWorkQueue.take(ScheduledThreadPoolExecutor.java:809)
        at java.util.concurrent.ThreadPoolExecutor.getTask(ThreadPoolExecutor.java:1074)
        at java.util.concurrent.ThreadPoolExecutor.runWorker(ThreadPoolExecutor.java:1134)
        at java.util.concurrent.ThreadPoolExecutor$Worker.run(ThreadPoolExecutor.java:624)
        at java.lang.Thread.run(Thread.java:748)
"pool-56-thread-38"  prio=5 tid=565 in Object.wait()
java.lang.Thread.State: WAITING (on object monitor)
        at sun.misc.Unsafe.park(Native Method)
        at java.util.concurrent.locks.LockSupport.park(LockSupport.java:175)
        at java.util.concurrent.locks.AbstractQueuedSynchronizer$ConditionObject.await(AbstractQueuedSynchronizer.java:2039)
        at java.util.concurrent.ArrayBlockingQueue.take(ArrayBlockingQueue.java:403)
        at java.util.concurrent.ThreadPoolExecutor.getTask(ThreadPoolExecutor.java:1074)
        at java.util.concurrent.ThreadPoolExecutor.runWorker(ThreadPoolExecutor.java:1134)
        at java.util.concurrent.ThreadPoolExecutor$Worker.run(ThreadPoolExecutor.java:624)
        at java.lang.Thread.run(Thread.java:748)
"org.eclipse.jetty.server.session.HashSessionManager@49aa766bTimer" daemon prio=5 tid=144 timed_waiting
java.lang.Thread.State: TIMED_WAITING
        at sun.misc.Unsafe.park(Native Method)
        at java.util.concurrent.locks.LockSupport.parkNanos(LockSupport.java:215)
        at java.util.concurrent.locks.AbstractQueuedSynchronizer$ConditionObject.awaitNanos(AbstractQueuedSynchronizer.java:2078)
        at java.util.concurrent.ScheduledThreadPoolExecutor$DelayedWorkQueue.take(ScheduledThreadPoolExecutor.java:1093)
        at java.util.concurrent.ScheduledThreadPoolExecutor$DelayedWorkQueue.take(ScheduledThreadPoolExecutor.java:809)
        at java.util.concurrent.ThreadPoolExecutor.getTask(ThreadPoolExecutor.java:1074)
        at java.util.concurrent.ThreadPoolExecutor.runWorker(ThreadPoolExecutor.java:1134)
        at java.util.concurrent.ThreadPoolExecutor$Worker.run(ThreadPoolExecutor.java:624)
        at java.lang.Thread.run(Thread.java:748)
"qtp1128600792-247" daemon prio=5 tid=247 timed_waiting
java.lang.Thread.State: TIMED_WAITING
        at sun.misc.Unsafe.park(Native Method)
        at java.util.concurrent.locks.LockSupport.parkNanos(LockSupport.java:215)
        at java.util.concurrent.locks.AbstractQueuedSynchronizer$ConditionObject.awaitNanos(AbstractQueuedSynchronizer.java:2078)
        at org.eclipse.jetty.util.BlockingArrayQueue.poll(BlockingArrayQueue.java:392)
        at org.eclipse.jetty.util.thread.QueuedThreadPool.idleJobPoll(QueuedThreadPool.java:563)
        at org.eclipse.jetty.util.thread.QueuedThreadPool.access$800(QueuedThreadPool.java:48)
        at org.eclipse.jetty.util.thread.QueuedThreadPool$2.run(QueuedThreadPool.java:626)
        at java.lang.Thread.run(Thread.java:748)
"IPC Server handler 10 on 40419" daemon prio=5 tid=39 timed_waiting
java.lang.Thread.State: TIMED_WAITING
        at sun.misc.Unsafe.park(Native Method)
        at java.util.concurrent.locks.LockSupport.parkNanos(LockSupport.java:215)
        at java.util.concurrent.locks.AbstractQueuedSynchronizer$ConditionObject.awaitNanos(AbstractQueuedSynchronizer.java:2078)
        at java.util.concurrent.LinkedBlockingQueue.poll(LinkedBlockingQueue.java:467)
        at org.apache.hadoop.ipc.CallQueueManager.take(CallQueueManager.java:288)
        at org.apache.hadoop.ipc.Server$Handler.run(Server.java:2668)
"pool-36-thread-43"  prio=5 tid=443 in Object.wait()
java.lang.Thread.State: WAITING (on object monitor)
        at sun.misc.Unsafe.park(Native Method)
        at java.util.concurrent.locks.LockSupport.park(LockSupport.java:175)
        at java.util.concurrent.locks.AbstractQueuedSynchronizer$ConditionObject.await(AbstractQueuedSynchronizer.java:2039)
        at java.util.concurrent.ArrayBlockingQueue.take(ArrayBlockingQueue.java:403)
        at java.util.concurrent.ThreadPoolExecutor.getTask(ThreadPoolExecutor.java:1074)
        at java.util.concurrent.ThreadPoolExecutor.runWorker(ThreadPoolExecutor.java:1134)
        at java.util.concurrent.ThreadPoolExecutor$Worker.run(ThreadPoolExecutor.java:624)
        at java.lang.Thread.run(Thread.java:748)
"pool-56-thread-13"  prio=5 tid=540 in Object.wait()
java.lang.Thread.State: WAITING (on object monitor)
        at sun.misc.Unsafe.park(Native Method)
        at java.util.concurrent.locks.LockSupport.park(LockSupport.java:175)
        at java.util.concurrent.locks.AbstractQueuedSynchronizer$ConditionObject.await(AbstractQueuedSynchronizer.java:2039)
        at java.util.concurrent.ArrayBlockingQueue.take(ArrayBlockingQueue.java:403)
        at java.util.concurrent.ThreadPoolExecutor.getTask(ThreadPoolExecutor.java:1074)
        at java.util.concurrent.ThreadPoolExecutor.runWorker(ThreadPoolExecutor.java:1134)
        at java.util.concurrent.ThreadPoolExecutor$Worker.run(ThreadPoolExecutor.java:624)
        at java.lang.Thread.run(Thread.java:748)
"pool-76-thread-25"  prio=5 tid=676 in Object.wait()
java.lang.Thread.State: WAITING (on object monitor)
        at sun.misc.Unsafe.park(Native Method)
        at java.util.concurrent.locks.LockSupport.park(LockSupport.java:175)
        at java.util.concurrent.locks.AbstractQueuedSynchronizer$ConditionObject.await(AbstractQueuedSynchronizer.java:2039)
        at java.util.concurrent.ArrayBlockingQueue.take(ArrayBlockingQueue.java:403)
        at java.util.concurrent.ThreadPoolExecutor.getTask(ThreadPoolExecutor.java:1074)
        at java.util.concurrent.ThreadPoolExecutor.runWorker(ThreadPoolExecutor.java:1134)
        at java.util.concurrent.ThreadPoolExecutor$Worker.run(ThreadPoolExecutor.java:624)
        at java.lang.Thread.run(Thread.java:748)
"BlockDeletingService#2" daemon prio=5 tid=1159 timed_waiting
java.lang.Thread.State: TIMED_WAITING
        at sun.misc.Unsafe.park(Native Method)
        at java.util.concurrent.locks.LockSupport.parkNanos(LockSupport.java:215)
        at java.util.concurrent.locks.AbstractQueuedSynchronizer$ConditionObject.awaitNanos(AbstractQueuedSynchronizer.java:2078)
        at java.util.concurrent.ScheduledThreadPoolExecutor$DelayedWorkQueue.take(ScheduledThreadPoolExecutor.java:1093)
        at java.util.concurrent.ScheduledThreadPoolExecutor$DelayedWorkQueue.take(ScheduledThreadPoolExecutor.java:809)
        at java.util.concurrent.ThreadPoolExecutor.getTask(ThreadPoolExecutor.java:1074)
        at java.util.concurrent.ThreadPoolExecutor.runWorker(ThreadPoolExecutor.java:1134)
        at java.util.concurrent.ThreadPoolExecutor$Worker.run(ThreadPoolExecutor.java:624)
        at java.lang.Thread.run(Thread.java:748)
"grpc-default-worker-ELG-3-2" daemon prio=5 tid=787 runnable
java.lang.Thread.State: RUNNABLE
        at sun.nio.ch.EPollArrayWrapper.epollWait(Native Method)
        at sun.nio.ch.EPollArrayWrapper.poll(EPollArrayWrapper.java:269)
        at sun.nio.ch.EPollSelectorImpl.doSelect(EPollSelectorImpl.java:93)
        at sun.nio.ch.SelectorImpl.lockAndDoSelect(SelectorImpl.java:86)
        at sun.nio.ch.SelectorImpl.select(SelectorImpl.java:97)
        at org.apache.ratis.thirdparty.io.netty.channel.nio.SelectedSelectionKeySetSelector.select(SelectedSelectionKeySetSelector.java:62)
        at org.apache.ratis.thirdparty.io.netty.channel.nio.NioEventLoop.select(NioEventLoop.java:753)
        at org.apache.ratis.thirdparty.io.netty.channel.nio.NioEventLoop.run(NioEventLoop.java:408)
        at org.apache.ratis.thirdparty.io.netty.util.concurrent.SingleThreadEventExecutor$5.run(SingleThreadEventExecutor.java:897)
        at org.apache.ratis.thirdparty.io.netty.util.concurrent.FastThreadLocalRunnable.run(FastThreadLocalRunnable.java:30)
        at java.lang.Thread.run(Thread.java:748)
"pool-26-thread-59"  prio=5 tid=399 in Object.wait()
java.lang.Thread.State: WAITING (on object monitor)
        at sun.misc.Unsafe.park(Native Method)
        at java.util.concurrent.locks.LockSupport.park(LockSupport.java:175)
        at java.util.concurrent.locks.AbstractQueuedSynchronizer$ConditionObject.await(AbstractQueuedSynchronizer.java:2039)
        at java.util.concurrent.ArrayBlockingQueue.take(ArrayBlockingQueue.java:403)
        at java.util.concurrent.ThreadPoolExecutor.getTask(ThreadPoolExecutor.java:1074)
        at java.util.concurrent.ThreadPoolExecutor.runWorker(ThreadPoolExecutor.java:1134)
        at java.util.concurrent.ThreadPoolExecutor$Worker.run(ThreadPoolExecutor.java:624)
        at java.lang.Thread.run(Thread.java:748)
"Periodic HDDS volume checker"  prio=5 tid=314 timed_waiting
java.lang.Thread.State: TIMED_WAITING
        at sun.misc.Unsafe.park(Native Method)
        at java.util.concurrent.locks.LockSupport.parkNanos(LockSupport.java:215)
        at java.util.concurrent.locks.AbstractQueuedSynchronizer$ConditionObject.awaitNanos(AbstractQueuedSynchronizer.java:2078)
        at java.util.concurrent.ScheduledThreadPoolExecutor$DelayedWorkQueue.take(ScheduledThreadPoolExecutor.java:1093)
        at java.util.concurrent.ScheduledThreadPoolExecutor$DelayedWorkQueue.take(ScheduledThreadPoolExecutor.java:809)
        at java.util.concurrent.ThreadPoolExecutor.getTask(ThreadPoolExecutor.java:1074)
        at java.util.concurrent.ThreadPoolExecutor.runWorker(ThreadPoolExecutor.java:1134)
        at java.util.concurrent.ThreadPoolExecutor$Worker.run(ThreadPoolExecutor.java:624)
        at java.lang.Thread.run(Thread.java:748)
"pool-66-thread-47"  prio=5 tid=636 in Object.wait()
java.lang.Thread.State: WAITING (on object monitor)
        at sun.misc.Unsafe.park(Native Method)
        at java.util.concurrent.locks.LockSupport.park(LockSupport.java:175)
        at java.util.concurrent.locks.AbstractQueuedSynchronizer$ConditionObject.await(AbstractQueuedSynchronizer.java:2039)
        at java.util.concurrent.ArrayBlockingQueue.take(ArrayBlockingQueue.java:403)
        at java.util.concurrent.ThreadPoolExecutor.getTask(ThreadPoolExecutor.java:1074)
        at java.util.concurrent.ThreadPoolExecutor.runWorker(ThreadPoolExecutor.java:1134)
        at java.util.concurrent.ThreadPoolExecutor$Worker.run(ThreadPoolExecutor.java:624)
        at java.lang.Thread.run(Thread.java:748)
"BlockDeletingService#6" daemon prio=5 tid=2053 in Object.wait()
java.lang.Thread.State: WAITING (on object monitor)
        at sun.misc.Unsafe.park(Native Method)
        at java.util.concurrent.locks.LockSupport.park(LockSupport.java:175)
        at java.util.concurrent.locks.AbstractQueuedSynchronizer$ConditionObject.await(AbstractQueuedSynchronizer.java:2039)
        at java.util.concurrent.ScheduledThreadPoolExecutor$DelayedWorkQueue.take(ScheduledThreadPoolExecutor.java:1088)
        at java.util.concurrent.ScheduledThreadPoolExecutor$DelayedWorkQueue.take(ScheduledThreadPoolExecutor.java:809)
        at java.util.concurrent.ThreadPoolExecutor.getTask(ThreadPoolExecutor.java:1074)
        at java.util.concurrent.ThreadPoolExecutor.runWorker(ThreadPoolExecutor.java:1134)
        at java.util.concurrent.ThreadPoolExecutor$Worker.run(ThreadPoolExecutor.java:624)
        at java.lang.Thread.run(Thread.java:748)
"pool-26-thread-13"  prio=5 tid=353 in Object.wait()
java.lang.Thread.State: WAITING (on object monitor)
        at sun.misc.Unsafe.park(Native Method)
        at java.util.concurrent.locks.LockSupport.park(LockSupport.java:175)
        at java.util.concurrent.locks.AbstractQueuedSynchronizer$ConditionObject.await(AbstractQueuedSynchronizer.java:2039)
        at java.util.concurrent.ArrayBlockingQueue.take(ArrayBlockingQueue.java:403)
        at java.util.concurrent.ThreadPoolExecutor.getTask(ThreadPoolExecutor.java:1074)
        at java.util.concurrent.ThreadPoolExecutor.runWorker(ThreadPoolExecutor.java:1134)
        at java.util.concurrent.ThreadPoolExecutor$Worker.run(ThreadPoolExecutor.java:624)
        at java.lang.Thread.run(Thread.java:748)
"pool-46-thread-53"  prio=5 tid=513 in Object.wait()
java.lang.Thread.State: WAITING (on object monitor)
        at sun.misc.Unsafe.park(Native Method)
        at java.util.concurrent.locks.LockSupport.park(LockSupport.java:175)
        at java.util.concurrent.locks.AbstractQueuedSynchronizer$ConditionObject.await(AbstractQueuedSynchronizer.java:2039)
        at java.util.concurrent.ArrayBlockingQueue.take(ArrayBlockingQueue.java:403)
        at java.util.concurrent.ThreadPoolExecutor.getTask(ThreadPoolExecutor.java:1074)
        at java.util.concurrent.ThreadPoolExecutor.runWorker(ThreadPoolExecutor.java:1134)
        at java.util.concurrent.ThreadPoolExecutor$Worker.run(ThreadPoolExecutor.java:624)
        at java.lang.Thread.run(Thread.java:748)
"org.apache.hadoop.util.JvmPauseMonitor$Monitor@50d901ba" daemon prio=5 tid=230 timed_waiting
java.lang.Thread.State: TIMED_WAITING
        at java.lang.Thread.sleep(Native Method)
        at org.apache.hadoop.util.JvmPauseMonitor$Monitor.run(JvmPauseMonitor.java:192)
        at java.lang.Thread.run(Thread.java:748)
"pool-46-thread-56"  prio=5 tid=516 in Object.wait()
java.lang.Thread.State: WAITING (on object monitor)
        at sun.misc.Unsafe.park(Native Method)
        at java.util.concurrent.locks.LockSupport.park(LockSupport.java:175)
        at java.util.concurrent.locks.AbstractQueuedSynchronizer$ConditionObject.await(AbstractQueuedSynchronizer.java:2039)
        at java.util.concurrent.ArrayBlockingQueue.take(ArrayBlockingQueue.java:403)
        at java.util.concurrent.ThreadPoolExecutor.getTask(ThreadPoolExecutor.java:1074)
        at java.util.concurrent.ThreadPoolExecutor.runWorker(ThreadPoolExecutor.java:1134)
        at java.util.concurrent.ThreadPoolExecutor$Worker.run(ThreadPoolExecutor.java:624)
        at java.lang.Thread.run(Thread.java:748)
"RatisApplyTransactionExecutor 4" daemon prio=5 tid=3690 in Object.wait()
java.lang.Thread.State: WAITING (on object monitor)
        at sun.misc.Unsafe.park(Native Method)
        at java.util.concurrent.locks.LockSupport.park(LockSupport.java:175)
        at java.util.concurrent.locks.AbstractQueuedSynchronizer$ConditionObject.await(AbstractQueuedSynchronizer.java:2039)
        at java.util.concurrent.LinkedBlockingQueue.take(LinkedBlockingQueue.java:442)
        at java.util.concurrent.ThreadPoolExecutor.getTask(ThreadPoolExecutor.java:1074)
        at java.util.concurrent.ThreadPoolExecutor.runWorker(ThreadPoolExecutor.java:1134)
        at java.util.concurrent.ThreadPoolExecutor$Worker.run(ThreadPoolExecutor.java:624)
        at java.lang.Thread.run(Thread.java:748)
"pool-36-thread-32"  prio=5 tid=432 in Object.wait()
java.lang.Thread.State: WAITING (on object monitor)
        at sun.misc.Unsafe.park(Native Method)
        at java.util.concurrent.locks.LockSupport.park(LockSupport.java:175)
        at java.util.concurrent.locks.AbstractQueuedSynchronizer$ConditionObject.await(AbstractQueuedSynchronizer.java:2039)
        at java.util.concurrent.ArrayBlockingQueue.take(ArrayBlockingQueue.java:403)
        at java.util.concurrent.ThreadPoolExecutor.getTask(ThreadPoolExecutor.java:1074)
        at java.util.concurrent.ThreadPoolExecutor.runWorker(ThreadPoolExecutor.java:1134)
        at java.util.concurrent.ThreadPoolExecutor$Worker.run(ThreadPoolExecutor.java:624)
        at java.lang.Thread.run(Thread.java:748)
"Datanode State Machine Thread - 0" daemon prio=5 tid=285 timed_waiting
java.lang.Thread.State: TIMED_WAITING
        at sun.misc.Unsafe.park(Native Method)
        at java.util.concurrent.locks.LockSupport.parkNanos(LockSupport.java:215)
        at java.util.concurrent.SynchronousQueue$TransferStack.awaitFulfill(SynchronousQueue.java:460)
        at java.util.concurrent.SynchronousQueue$TransferStack.transfer(SynchronousQueue.java:362)
        at java.util.concurrent.SynchronousQueue.poll(SynchronousQueue.java:941)
        at java.util.concurrent.ThreadPoolExecutor.getTask(ThreadPoolExecutor.java:1073)
        at java.util.concurrent.ThreadPoolExecutor.runWorker(ThreadPoolExecutor.java:1134)
        at java.util.concurrent.ThreadPoolExecutor$Worker.run(ThreadPoolExecutor.java:624)
        at java.lang.Thread.run(Thread.java:748)
"pool-86-thread-51"  prio=5 tid=764 in Object.wait()
java.lang.Thread.State: WAITING (on object monitor)
        at sun.misc.Unsafe.park(Native Method)
        at java.util.concurrent.locks.LockSupport.park(LockSupport.java:175)
        at java.util.concurrent.locks.AbstractQueuedSynchronizer$ConditionObject.await(AbstractQueuedSynchronizer.java:2039)
        at java.util.concurrent.ArrayBlockingQueue.take(ArrayBlockingQueue.java:403)
        at java.util.concurrent.ThreadPoolExecutor.getTask(ThreadPoolExecutor.java:1074)
        at java.util.concurrent.ThreadPoolExecutor.runWorker(ThreadPoolExecutor.java:1134)
        at java.util.concurrent.ThreadPoolExecutor$Worker.run(ThreadPoolExecutor.java:624)
        at java.lang.Thread.run(Thread.java:748)
"BlockDeletingService#0" daemon prio=5 tid=523 in Object.wait()
java.lang.Thread.State: WAITING (on object monitor)
        at sun.misc.Unsafe.park(Native Method)
        at java.util.concurrent.locks.LockSupport.park(LockSupport.java:175)
        at java.util.concurrent.locks.AbstractQueuedSynchronizer$ConditionObject.await(AbstractQueuedSynchronizer.java:2039)
        at java.util.concurrent.ScheduledThreadPoolExecutor$DelayedWorkQueue.take(ScheduledThreadPoolExecutor.java:1088)
        at java.util.concurrent.ScheduledThreadPoolExecutor$DelayedWorkQueue.take(ScheduledThreadPoolExecutor.java:809)
        at java.util.concurrent.ThreadPoolExecutor.getTask(ThreadPoolExecutor.java:1074)
        at java.util.concurrent.ThreadPoolExecutor.runWorker(ThreadPoolExecutor.java:1134)
        at java.util.concurrent.ThreadPoolExecutor$Worker.run(ThreadPoolExecutor.java:624)
        at java.lang.Thread.run(Thread.java:748)
"pool-26-thread-57"  prio=5 tid=397 in Object.wait()
java.lang.Thread.State: WAITING (on object monitor)
        at sun.misc.Unsafe.park(Native Method)
        at java.util.concurrent.locks.LockSupport.park(LockSupport.java:175)
        at java.util.concurrent.locks.AbstractQueuedSynchronizer$ConditionObject.await(AbstractQueuedSynchronizer.java:2039)
        at java.util.concurrent.ArrayBlockingQueue.take(ArrayBlockingQueue.java:403)
        at java.util.concurrent.ThreadPoolExecutor.getTask(ThreadPoolExecutor.java:1074)
        at java.util.concurrent.ThreadPoolExecutor.runWorker(ThreadPoolExecutor.java:1134)
        at java.util.concurrent.ThreadPoolExecutor$Worker.run(ThreadPoolExecutor.java:624)
        at java.lang.Thread.run(Thread.java:748)
"pool-86-thread-13"  prio=5 tid=726 in Object.wait()
java.lang.Thread.State: WAITING (on object monitor)
        at sun.misc.Unsafe.park(Native Method)
        at java.util.concurrent.locks.LockSupport.park(LockSupport.java:175)
        at java.util.concurrent.locks.AbstractQueuedSynchronizer$ConditionObject.await(AbstractQueuedSynchronizer.java:2039)
        at java.util.concurrent.ArrayBlockingQueue.take(ArrayBlockingQueue.java:403)
        at java.util.concurrent.ThreadPoolExecutor.getTask(ThreadPoolExecutor.java:1074)
        at java.util.concurrent.ThreadPoolExecutor.runWorker(ThreadPoolExecutor.java:1134)
        at java.util.concurrent.ThreadPoolExecutor$Worker.run(ThreadPoolExecutor.java:624)
        at java.lang.Thread.run(Thread.java:748)
"BlockDeletingService#9" daemon prio=5 tid=2742 in Object.wait()
java.lang.Thread.State: WAITING (on object monitor)
        at sun.misc.Unsafe.park(Native Method)
        at java.util.concurrent.locks.LockSupport.park(LockSupport.java:175)
        at java.util.concurrent.locks.AbstractQueuedSynchronizer$ConditionObject.await(AbstractQueuedSynchronizer.java:2039)
        at java.util.concurrent.ScheduledThreadPoolExecutor$DelayedWorkQueue.take(ScheduledThreadPoolExecutor.java:1088)
        at java.util.concurrent.ScheduledThreadPoolExecutor$DelayedWorkQueue.take(ScheduledThreadPoolExecutor.java:809)
        at java.util.concurrent.ThreadPoolExecutor.getTask(ThreadPoolExecutor.java:1074)
        at java.util.concurrent.ThreadPoolExecutor.runWorker(ThreadPoolExecutor.java:1134)
        at java.util.concurrent.ThreadPoolExecutor$Worker.run(ThreadPoolExecutor.java:624)
        at java.lang.Thread.run(Thread.java:748)
"BlockDeletingService#4" daemon prio=5 tid=1459 in Object.wait()
java.lang.Thread.State: WAITING (on object monitor)
        at sun.misc.Unsafe.park(Native Method)
        at java.util.concurrent.locks.LockSupport.park(LockSupport.java:175)
        at java.util.concurrent.locks.AbstractQueuedSynchronizer$ConditionObject.await(AbstractQueuedSynchronizer.java:2039)
        at java.util.concurrent.ScheduledThreadPoolExecutor$DelayedWorkQueue.take(ScheduledThreadPoolExecutor.java:1088)
        at java.util.concurrent.ScheduledThreadPoolExecutor$DelayedWorkQueue.take(ScheduledThreadPoolExecutor.java:809)
        at java.util.concurrent.ThreadPoolExecutor.getTask(ThreadPoolExecutor.java:1074)
        at java.util.concurrent.ThreadPoolExecutor.runWorker(ThreadPoolExecutor.java:1134)
        at java.util.concurrent.ThreadPoolExecutor$Worker.run(ThreadPoolExecutor.java:624)
        at java.lang.Thread.run(Thread.java:748)
"f3263f9a-ef6c-4ff4-a6b2-5a62e946b753@group-5B52E8B6CC20-StateMachineUpdater" daemon prio=5 tid=3740 in Object.wait()
java.lang.Thread.State: WAITING (on object monitor)
        at java.lang.Object.wait(Native Method)
        at java.lang.Object.wait(Object.java:502)
        at org.apache.ratis.server.impl.StateMachineUpdater.waitForCommit(StateMachineUpdater.java:183)
        at org.apache.ratis.server.impl.StateMachineUpdater.run(StateMachineUpdater.java:148)
        at java.lang.Thread.run(Thread.java:748)
"qtp978035840-143" daemon prio=5 tid=143 timed_waiting
java.lang.Thread.State: TIMED_WAITING
        at sun.misc.Unsafe.park(Native Method)
        at java.util.concurrent.locks.LockSupport.parkNanos(LockSupport.java:215)
        at java.util.concurrent.locks.AbstractQueuedSynchronizer$ConditionObject.awaitNanos(AbstractQueuedSynchronizer.java:2078)
        at org.eclipse.jetty.util.BlockingArrayQueue.poll(BlockingArrayQueue.java:392)
        at org.eclipse.jetty.util.thread.QueuedThreadPool.idleJobPoll(QueuedThreadPool.java:563)
        at org.eclipse.jetty.util.thread.QueuedThreadPool.access$800(QueuedThreadPool.java:48)
        at org.eclipse.jetty.util.thread.QueuedThreadPool$2.run(QueuedThreadPool.java:626)
        at java.lang.Thread.run(Thread.java:748)
"pool-40-thread-1"  prio=5 tid=185 timed_waiting
java.lang.Thread.State: TIMED_WAITING
        at sun.misc.Unsafe.park(Native Method)
        at java.util.concurrent.locks.LockSupport.parkNanos(LockSupport.java:215)
        at java.util.concurrent.locks.AbstractQueuedSynchronizer$ConditionObject.awaitNanos(AbstractQueuedSynchronizer.java:2078)
        at java.util.concurrent.ScheduledThreadPoolExecutor$DelayedWorkQueue.take(ScheduledThreadPoolExecutor.java:1093)
        at java.util.concurrent.ScheduledThreadPoolExecutor$DelayedWorkQueue.take(ScheduledThreadPoolExecutor.java:809)
        at java.util.concurrent.ThreadPoolExecutor.getTask(ThreadPoolExecutor.java:1074)
        at java.util.concurrent.ThreadPoolExecutor.runWorker(ThreadPoolExecutor.java:1134)
        at java.util.concurrent.ThreadPoolExecutor$Worker.run(ThreadPoolExecutor.java:624)
        at java.lang.Thread.run(Thread.java:748)
"pool-46-thread-33"  prio=5 tid=493 in Object.wait()
java.lang.Thread.State: WAITING (on object monitor)
        at sun.misc.Unsafe.park(Native Method)
        at java.util.concurrent.locks.LockSupport.park(LockSupport.java:175)
        at java.util.concurrent.locks.AbstractQueuedSynchronizer$ConditionObject.await(AbstractQueuedSynchronizer.java:2039)
        at java.util.concurrent.ArrayBlockingQueue.take(ArrayBlockingQueue.java:403)
        at java.util.concurrent.ThreadPoolExecutor.getTask(ThreadPoolExecutor.java:1074)
        at java.util.concurrent.ThreadPoolExecutor.runWorker(ThreadPoolExecutor.java:1134)
        at java.util.concurrent.ThreadPoolExecutor$Worker.run(ThreadPoolExecutor.java:624)
        at java.lang.Thread.run(Thread.java:748)
"org.eclipse.jetty.server.session.HashSessionManager@6691490cTimer" daemon prio=5 tid=99 timed_waiting
java.lang.Thread.State: TIMED_WAITING
        at sun.misc.Unsafe.park(Native Method)
        at java.util.concurrent.locks.LockSupport.parkNanos(LockSupport.java:215)
        at java.util.concurrent.locks.AbstractQueuedSynchronizer$ConditionObject.awaitNanos(AbstractQueuedSynchronizer.java:2078)
        at java.util.concurrent.ScheduledThreadPoolExecutor$DelayedWorkQueue.take(ScheduledThreadPoolExecutor.java:1093)
        at java.util.concurrent.ScheduledThreadPoolExecutor$DelayedWorkQueue.take(ScheduledThreadPoolExecutor.java:809)
        at java.util.concurrent.ThreadPoolExecutor.getTask(ThreadPoolExecutor.java:1074)
        at java.util.concurrent.ThreadPoolExecutor.runWorker(ThreadPoolExecutor.java:1134)
        at java.util.concurrent.ThreadPoolExecutor$Worker.run(ThreadPoolExecutor.java:624)
        at java.lang.Thread.run(Thread.java:748)
"org.apache.hadoop.util.JvmPauseMonitor$Monitor@791b41e1" daemon prio=5 tid=203 timed_waiting
java.lang.Thread.State: TIMED_WAITING
        at java.lang.Thread.sleep(Native Method)
        at org.apache.hadoop.util.JvmPauseMonitor$Monitor.run(JvmPauseMonitor.java:192)
        at java.lang.Thread.run(Thread.java:748)
"pool-86-thread-45"  prio=5 tid=758 in Object.wait()
java.lang.Thread.State: WAITING (on object monitor)
        at sun.misc.Unsafe.park(Native Method)
        at java.util.concurrent.locks.LockSupport.park(LockSupport.java:175)
        at java.util.concurrent.locks.AbstractQueuedSynchronizer$ConditionObject.await(AbstractQueuedSynchronizer.java:2039)
        at java.util.concurrent.ArrayBlockingQueue.take(ArrayBlockingQueue.java:403)
        at java.util.concurrent.ThreadPoolExecutor.getTask(ThreadPoolExecutor.java:1074)
        at java.util.concurrent.ThreadPoolExecutor.runWorker(ThreadPoolExecutor.java:1134)
        at java.util.concurrent.ThreadPoolExecutor$Worker.run(ThreadPoolExecutor.java:624)
        at java.lang.Thread.run(Thread.java:748)
"pool-114-thread-1"  prio=5 tid=4128 in Object.wait()
java.lang.Thread.State: WAITING (on object monitor)
        at sun.misc.Unsafe.park(Native Method)
        at java.util.concurrent.locks.LockSupport.park(LockSupport.java:175)
        at java.util.concurrent.locks.AbstractQueuedSynchronizer$ConditionObject.await(AbstractQueuedSynchronizer.java:2039)
        at java.util.concurrent.LinkedBlockingQueue.take(LinkedBlockingQueue.java:442)
        at java.util.concurrent.ThreadPoolExecutor.getTask(ThreadPoolExecutor.java:1074)
        at java.util.concurrent.ThreadPoolExecutor.runWorker(ThreadPoolExecutor.java:1134)
        at java.util.concurrent.ThreadPoolExecutor$Worker.run(ThreadPoolExecutor.java:624)
        at java.lang.Thread.run(Thread.java:748)
"BlockDeletingService#6" daemon prio=5 tid=2041 in Object.wait()
java.lang.Thread.State: WAITING (on object monitor)
        at sun.misc.Unsafe.park(Native Method)
        at java.util.concurrent.locks.LockSupport.park(LockSupport.java:175)
        at java.util.concurrent.locks.AbstractQueuedSynchronizer$ConditionObject.await(AbstractQueuedSynchronizer.java:2039)
        at java.util.concurrent.ScheduledThreadPoolExecutor$DelayedWorkQueue.take(ScheduledThreadPoolExecutor.java:1088)
        at java.util.concurrent.ScheduledThreadPoolExecutor$DelayedWorkQueue.take(ScheduledThreadPoolExecutor.java:809)
        at java.util.concurrent.ThreadPoolExecutor.getTask(ThreadPoolExecutor.java:1074)
        at java.util.concurrent.ThreadPoolExecutor.runWorker(ThreadPoolExecutor.java:1134)
        at java.util.concurrent.ThreadPoolExecutor$Worker.run(ThreadPoolExecutor.java:624)
        at java.lang.Thread.run(Thread.java:748)
"2d4da40c-dd43-4554-9707-f6503cf38c80@group-5B52E8B6CC20-StateMachineUpdater" daemon prio=5 tid=3736 in Object.wait()
java.lang.Thread.State: WAITING (on object monitor)
        at java.lang.Object.wait(Native Method)
        at java.lang.Object.wait(Object.java:502)
        at org.apache.ratis.server.impl.StateMachineUpdater.waitForCommit(StateMachineUpdater.java:183)
        at org.apache.ratis.server.impl.StateMachineUpdater.run(StateMachineUpdater.java:148)
        at java.lang.Thread.run(Thread.java:748)
"SCMBlockDeletingService#1" daemon prio=5 tid=102 in Object.wait()
java.lang.Thread.State: WAITING (on object monitor)
        at sun.misc.Unsafe.park(Native Method)
        at java.util.concurrent.locks.LockSupport.park(LockSupport.java:175)
        at java.util.concurrent.locks.AbstractQueuedSynchronizer$ConditionObject.await(AbstractQueuedSynchronizer.java:2039)
        at java.util.concurrent.ScheduledThreadPoolExecutor$DelayedWorkQueue.take(ScheduledThreadPoolExecutor.java:1088)
        at java.util.concurrent.ScheduledThreadPoolExecutor$DelayedWorkQueue.take(ScheduledThreadPoolExecutor.java:809)
        at java.util.concurrent.ThreadPoolExecutor.getTask(ThreadPoolExecutor.java:1074)
        at java.util.concurrent.ThreadPoolExecutor.runWorker(ThreadPoolExecutor.java:1134)
        at java.util.concurrent.ThreadPoolExecutor$Worker.run(ThreadPoolExecutor.java:624)
        at java.lang.Thread.run(Thread.java:748)
"pool-66-thread-49"  prio=5 tid=638 in Object.wait()
java.lang.Thread.State: WAITING (on object monitor)
        at sun.misc.Unsafe.park(Native Method)
        at java.util.concurrent.locks.LockSupport.park(LockSupport.java:175)
        at java.util.concurrent.locks.AbstractQueuedSynchronizer$ConditionObject.await(AbstractQueuedSynchronizer.java:2039)
        at java.util.concurrent.ArrayBlockingQueue.take(ArrayBlockingQueue.java:403)
        at java.util.concurrent.ThreadPoolExecutor.getTask(ThreadPoolExecutor.java:1074)
        at java.util.concurrent.ThreadPoolExecutor.runWorker(ThreadPoolExecutor.java:1134)
        at java.util.concurrent.ThreadPoolExecutor$Worker.run(ThreadPoolExecutor.java:624)
        at java.lang.Thread.run(Thread.java:748)
"qtp729375394-301" daemon prio=5 tid=301 timed_waiting
java.lang.Thread.State: TIMED_WAITING
        at sun.misc.Unsafe.park(Native Method)
        at java.util.concurrent.locks.LockSupport.parkNanos(LockSupport.java:215)
        at java.util.concurrent.locks.AbstractQueuedSynchronizer$ConditionObject.awaitNanos(AbstractQueuedSynchronizer.java:2078)
        at org.eclipse.jetty.util.BlockingArrayQueue.poll(BlockingArrayQueue.java:392)
        at org.eclipse.jetty.util.thread.QueuedThreadPool.idleJobPoll(QueuedThreadPool.java:563)
        at org.eclipse.jetty.util.thread.QueuedThreadPool.access$800(QueuedThreadPool.java:48)
        at org.eclipse.jetty.util.thread.QueuedThreadPool$2.run(QueuedThreadPool.java:626)
        at java.lang.Thread.run(Thread.java:748)
"IPC Server handler 0 on 40610" daemon prio=5 tid=115 timed_waiting
java.lang.Thread.State: TIMED_WAITING
        at sun.misc.Unsafe.park(Native Method)
        at java.util.concurrent.locks.LockSupport.parkNanos(LockSupport.java:215)
        at java.util.concurrent.locks.AbstractQueuedSynchronizer$ConditionObject.awaitNanos(AbstractQueuedSynchronizer.java:2078)
        at java.util.concurrent.LinkedBlockingQueue.poll(LinkedBlockingQueue.java:467)
        at org.apache.hadoop.ipc.CallQueueManager.take(CallQueueManager.java:288)
        at org.apache.hadoop.ipc.Server$Handler.run(Server.java:2668)
"qtp729375394-296" daemon prio=5 tid=296 timed_waiting
java.lang.Thread.State: TIMED_WAITING
        at sun.misc.Unsafe.park(Native Method)
        at java.util.concurrent.locks.LockSupport.parkNanos(LockSupport.java:215)
        at java.util.concurrent.locks.AbstractQueuedSynchronizer$ConditionObject.awaitNanos(AbstractQueuedSynchronizer.java:2078)
        at org.eclipse.jetty.util.BlockingArrayQueue.poll(BlockingArrayQueue.java:392)
        at org.eclipse.jetty.util.thread.QueuedThreadPool.idleJobPoll(QueuedThreadPool.java:563)
        at org.eclipse.jetty.util.thread.QueuedThreadPool.access$800(QueuedThreadPool.java:48)
        at org.eclipse.jetty.util.thread.QueuedThreadPool$2.run(QueuedThreadPool.java:626)
        at java.lang.Thread.run(Thread.java:748)
"pool-56-thread-7"  prio=5 tid=534 in Object.wait()
java.lang.Thread.State: WAITING (on object monitor)
        at sun.misc.Unsafe.park(Native Method)
        at java.util.concurrent.locks.LockSupport.park(LockSupport.java:175)
        at java.util.concurrent.locks.AbstractQueuedSynchronizer$ConditionObject.await(AbstractQueuedSynchronizer.java:2039)
        at java.util.concurrent.ArrayBlockingQueue.take(ArrayBlockingQueue.java:403)
        at java.util.concurrent.ThreadPoolExecutor.getTask(ThreadPoolExecutor.java:1074)
        at java.util.concurrent.ThreadPoolExecutor.runWorker(ThreadPoolExecutor.java:1134)
        at java.util.concurrent.ThreadPoolExecutor$Worker.run(ThreadPoolExecutor.java:624)
        at java.lang.Thread.run(Thread.java:748)
"pool-56-thread-54"  prio=5 tid=581 in Object.wait()
java.lang.Thread.State: WAITING (on object monitor)
        at sun.misc.Unsafe.park(Native Method)
        at java.util.concurrent.locks.LockSupport.park(LockSupport.java:175)
        at java.util.concurrent.locks.AbstractQueuedSynchronizer$ConditionObject.await(AbstractQueuedSynchronizer.java:2039)
        at java.util.concurrent.ArrayBlockingQueue.take(ArrayBlockingQueue.java:403)
        at java.util.concurrent.ThreadPoolExecutor.getTask(ThreadPoolExecutor.java:1074)
        at java.util.concurrent.ThreadPoolExecutor.runWorker(ThreadPoolExecutor.java:1134)
        at java.util.concurrent.ThreadPoolExecutor$Worker.run(ThreadPoolExecutor.java:624)
        at java.lang.Thread.run(Thread.java:748)
"pool-76-thread-49"  prio=5 tid=700 in Object.wait()
java.lang.Thread.State: WAITING (on object monitor)
        at sun.misc.Unsafe.park(Native Method)
        at java.util.concurrent.locks.LockSupport.park(LockSupport.java:175)
        at java.util.concurrent.locks.AbstractQueuedSynchronizer$ConditionObject.await(AbstractQueuedSynchronizer.java:2039)
        at java.util.concurrent.ArrayBlockingQueue.take(ArrayBlockingQueue.java:403)
        at java.util.concurrent.ThreadPoolExecutor.getTask(ThreadPoolExecutor.java:1074)
        at java.util.concurrent.ThreadPoolExecutor.runWorker(ThreadPoolExecutor.java:1134)
        at java.util.concurrent.ThreadPoolExecutor$Worker.run(ThreadPoolExecutor.java:624)
        at java.lang.Thread.run(Thread.java:748)
"java.util.concurrent.ThreadPoolExecutor$Worker@7387b016[State = -1, empty queue]" daemon prio=5 tid=4125 runnable
java.lang.Thread.State: RUNNABLE
        at java.util.concurrent.ScheduledThreadPoolExecutor$DelayedWorkQueue.poll(ScheduledThreadPoolExecutor.java:809)
        at java.util.concurrent.ThreadPoolExecutor.getTask(ThreadPoolExecutor.java:1073)
        at java.util.concurrent.ThreadPoolExecutor.runWorker(ThreadPoolExecutor.java:1134)
        at java.util.concurrent.ThreadPoolExecutor$Worker.run(ThreadPoolExecutor.java:624)
        at java.lang.Thread.run(Thread.java:748)
"pool-26-thread-22"  prio=5 tid=362 in Object.wait()
java.lang.Thread.State: WAITING (on object monitor)
        at sun.misc.Unsafe.park(Native Method)
        at java.util.concurrent.locks.LockSupport.park(LockSupport.java:175)
        at java.util.concurrent.locks.AbstractQueuedSynchronizer$ConditionObject.await(AbstractQueuedSynchronizer.java:2039)
        at java.util.concurrent.ArrayBlockingQueue.take(ArrayBlockingQueue.java:403)
        at java.util.concurrent.ThreadPoolExecutor.getTask(ThreadPoolExecutor.java:1074)
        at java.util.concurrent.ThreadPoolExecutor.runWorker(ThreadPoolExecutor.java:1134)
        at java.util.concurrent.ThreadPoolExecutor$Worker.run(ThreadPoolExecutor.java:624)
        at java.lang.Thread.run(Thread.java:748)
"pool-26-thread-1"  prio=5 tid=341 in Object.wait()
java.lang.Thread.State: WAITING (on object monitor)
        at sun.misc.Unsafe.park(Native Method)
        at java.util.concurrent.locks.LockSupport.park(LockSupport.java:175)
        at java.util.concurrent.locks.AbstractQueuedSynchronizer$ConditionObject.await(AbstractQueuedSynchronizer.java:2039)
        at java.util.concurrent.ArrayBlockingQueue.take(ArrayBlockingQueue.java:403)
        at java.util.concurrent.ThreadPoolExecutor.getTask(ThreadPoolExecutor.java:1074)
        at java.util.concurrent.ThreadPoolExecutor.runWorker(ThreadPoolExecutor.java:1134)
        at java.util.concurrent.ThreadPoolExecutor$Worker.run(ThreadPoolExecutor.java:624)
        at java.lang.Thread.run(Thread.java:748)
"qtp523528914-328" daemon prio=5 tid=328 timed_waiting
java.lang.Thread.State: TIMED_WAITING
        at sun.misc.Unsafe.park(Native Method)
        at java.util.concurrent.locks.LockSupport.parkNanos(LockSupport.java:215)
        at java.util.concurrent.locks.AbstractQueuedSynchronizer$ConditionObject.awaitNanos(AbstractQueuedSynchronizer.java:2078)
        at org.eclipse.jetty.util.BlockingArrayQueue.poll(BlockingArrayQueue.java:392)
        at org.eclipse.jetty.util.thread.QueuedThreadPool.idleJobPoll(QueuedThreadPool.java:563)
        at org.eclipse.jetty.util.thread.QueuedThreadPool.access$800(QueuedThreadPool.java:48)
        at org.eclipse.jetty.util.thread.QueuedThreadPool$2.run(QueuedThreadPool.java:626)
        at java.lang.Thread.run(Thread.java:748)
"refreshUsed-/workdir/hadoop-ozone/integration-test/target/test-dir/MiniOzoneClusterImpl-60a3af6c-3451-4a8a-82ad-625647a1d2f0/datanode-0/data/containers" daemon prio=5 tid=154 timed_waiting
java.lang.Thread.State: TIMED_WAITING
        at java.lang.Thread.sleep(Native Method)
        at org.apache.hadoop.fs.CachingGetSpaceUsed$RefreshThread.run(CachingGetSpaceUsed.java:179)
        at java.lang.Thread.run(Thread.java:748)
"pool-36-thread-26"  prio=5 tid=426 in Object.wait()
java.lang.Thread.State: WAITING (on object monitor)
        at sun.misc.Unsafe.park(Native Method)
        at java.util.concurrent.locks.LockSupport.park(LockSupport.java:175)
        at java.util.concurrent.locks.AbstractQueuedSynchronizer$ConditionObject.await(AbstractQueuedSynchronizer.java:2039)
        at java.util.concurrent.ArrayBlockingQueue.take(ArrayBlockingQueue.java:403)
        at java.util.concurrent.ThreadPoolExecutor.getTask(ThreadPoolExecutor.java:1074)
        at java.util.concurrent.ThreadPoolExecutor.runWorker(ThreadPoolExecutor.java:1134)
        at java.util.concurrent.ThreadPoolExecutor$Worker.run(ThreadPoolExecutor.java:624)
        at java.lang.Thread.run(Thread.java:748)
"org.apache.hadoop.util.JvmPauseMonitor$Monitor@a85aa59" daemon prio=5 tid=311 timed_waiting
java.lang.Thread.State: TIMED_WAITING
        at java.lang.Thread.sleep(Native Method)
        at org.apache.hadoop.util.JvmPauseMonitor$Monitor.run(JvmPauseMonitor.java:192)
        at java.lang.Thread.run(Thread.java:748)
"pool-66-thread-41"  prio=5 tid=630 in Object.wait()
java.lang.Thread.State: WAITING (on object monitor)
        at sun.misc.Unsafe.park(Native Method)
        at java.util.concurrent.locks.LockSupport.park(LockSupport.java:175)
        at java.util.concurrent.locks.AbstractQueuedSynchronizer$ConditionObject.await(AbstractQueuedSynchronizer.java:2039)
        at java.util.concurrent.ArrayBlockingQueue.take(ArrayBlockingQueue.java:403)
        at java.util.concurrent.ThreadPoolExecutor.getTask(ThreadPoolExecutor.java:1074)
        at java.util.concurrent.ThreadPoolExecutor.runWorker(ThreadPoolExecutor.java:1134)
        at java.util.concurrent.ThreadPoolExecutor$Worker.run(ThreadPoolExecutor.java:624)
        at java.lang.Thread.run(Thread.java:748)
"Socket Reader #1 for port 46754"  prio=5 tid=19 runnable
java.lang.Thread.State: RUNNABLE
        at sun.nio.ch.EPollArrayWrapper.epollWait(Native Method)
        at sun.nio.ch.EPollArrayWrapper.poll(EPollArrayWrapper.java:269)
        at sun.nio.ch.EPollSelectorImpl.doSelect(EPollSelectorImpl.java:93)
        at sun.nio.ch.SelectorImpl.lockAndDoSelect(SelectorImpl.java:86)
        at sun.nio.ch.SelectorImpl.select(SelectorImpl.java:97)
        at sun.nio.ch.SelectorImpl.select(SelectorImpl.java:101)
        at org.apache.hadoop.ipc.Server$Listener$Reader.doRunLoop(Server.java:1097)
        at org.apache.hadoop.ipc.Server$Listener$Reader.run(Server.java:1076)
"pool-46-thread-20"  prio=5 tid=480 in Object.wait()
java.lang.Thread.State: WAITING (on object monitor)
        at sun.misc.Unsafe.park(Native Method)
        at java.util.concurrent.locks.LockSupport.park(LockSupport.java:175)
        at java.util.concurrent.locks.AbstractQueuedSynchronizer$ConditionObject.await(AbstractQueuedSynchronizer.java:2039)
        at java.util.concurrent.ArrayBlockingQueue.take(ArrayBlockingQueue.java:403)
        at java.util.concurrent.ThreadPoolExecutor.getTask(ThreadPoolExecutor.java:1074)
        at java.util.concurrent.ThreadPoolExecutor.runWorker(ThreadPoolExecutor.java:1134)
        at java.util.concurrent.ThreadPoolExecutor$Worker.run(ThreadPoolExecutor.java:624)
        at java.lang.Thread.run(Thread.java:748)
"KeyDeletingService#1" daemon prio=5 tid=107 in Object.wait()
java.lang.Thread.State: WAITING (on object monitor)
        at sun.misc.Unsafe.park(Native Method)
        at java.util.concurrent.locks.LockSupport.park(LockSupport.java:175)
        at java.util.concurrent.locks.AbstractQueuedSynchronizer$ConditionObject.await(AbstractQueuedSynchronizer.java:2039)
        at java.util.concurrent.ScheduledThreadPoolExecutor$DelayedWorkQueue.take(ScheduledThreadPoolExecutor.java:1088)
        at java.util.concurrent.ScheduledThreadPoolExecutor$DelayedWorkQueue.take(ScheduledThreadPoolExecutor.java:809)
        at java.util.concurrent.ThreadPoolExecutor.getTask(ThreadPoolExecutor.java:1074)
        at java.util.concurrent.ThreadPoolExecutor.runWorker(ThreadPoolExecutor.java:1134)
        at java.util.concurrent.ThreadPoolExecutor$Worker.run(ThreadPoolExecutor.java:624)
        at java.lang.Thread.run(Thread.java:748)
"pool-36-thread-60"  prio=5 tid=460 in Object.wait()
java.lang.Thread.State: WAITING (on object monitor)
        at sun.misc.Unsafe.park(Native Method)
        at java.util.concurrent.locks.LockSupport.park(LockSupport.java:175)
        at java.util.concurrent.locks.AbstractQueuedSynchronizer$ConditionObject.await(AbstractQueuedSynchronizer.java:2039)
        at java.util.concurrent.ArrayBlockingQueue.take(ArrayBlockingQueue.java:403)
        at java.util.concurrent.ThreadPoolExecutor.getTask(ThreadPoolExecutor.java:1074)
        at java.util.concurrent.ThreadPoolExecutor.runWorker(ThreadPoolExecutor.java:1134)
        at java.util.concurrent.ThreadPoolExecutor$Worker.run(ThreadPoolExecutor.java:624)
        at java.lang.Thread.run(Thread.java:748)
"pool-56-thread-34"  prio=5 tid=561 in Object.wait()
java.lang.Thread.State: WAITING (on object monitor)
        at sun.misc.Unsafe.park(Native Method)
        at java.util.concurrent.locks.LockSupport.park(LockSupport.java:175)
        at java.util.concurrent.locks.AbstractQueuedSynchronizer$ConditionObject.await(AbstractQueuedSynchronizer.java:2039)
        at java.util.concurrent.ArrayBlockingQueue.take(ArrayBlockingQueue.java:403)
        at java.util.concurrent.ThreadPoolExecutor.getTask(ThreadPoolExecutor.java:1074)
        at java.util.concurrent.ThreadPoolExecutor.runWorker(ThreadPoolExecutor.java:1134)
        at java.util.concurrent.ThreadPoolExecutor$Worker.run(ThreadPoolExecutor.java:624)
        at java.lang.Thread.run(Thread.java:748)
"pool-76-thread-13"  prio=5 tid=664 in Object.wait()
java.lang.Thread.State: WAITING (on object monitor)
        at sun.misc.Unsafe.park(Native Method)
        at java.util.concurrent.locks.LockSupport.park(LockSupport.java:175)
        at java.util.concurrent.locks.AbstractQueuedSynchronizer$ConditionObject.await(AbstractQueuedSynchronizer.java:2039)
        at java.util.concurrent.ArrayBlockingQueue.take(ArrayBlockingQueue.java:403)
        at java.util.concurrent.ThreadPoolExecutor.getTask(ThreadPoolExecutor.java:1074)
        at java.util.concurrent.ThreadPoolExecutor.runWorker(ThreadPoolExecutor.java:1134)
        at java.util.concurrent.ThreadPoolExecutor$Worker.run(ThreadPoolExecutor.java:624)
        at java.lang.Thread.run(Thread.java:748)
"Command processor thread" daemon prio=5 tid=202 timed_waiting
java.lang.Thread.State: TIMED_WAITING
        at java.lang.Thread.sleep(Native Method)
        at org.apache.hadoop.ozone.container.common.statemachine.DatanodeStateMachine.lambda$initCommandHandlerThread$1(DatanodeStateMachine.java:439)
        at org.apache.hadoop.ozone.container.common.statemachine.DatanodeStateMachine$$Lambda$137/1719414483.run(Unknown Source)
        at java.lang.Thread.run(Thread.java:748)
"pool-46-thread-22"  prio=5 tid=482 in Object.wait()
java.lang.Thread.State: WAITING (on object monitor)
        at sun.misc.Unsafe.park(Native Method)
        at java.util.concurrent.locks.LockSupport.park(LockSupport.java:175)
        at java.util.concurrent.locks.AbstractQueuedSynchronizer$ConditionObject.await(AbstractQueuedSynchronizer.java:2039)
        at java.util.concurrent.ArrayBlockingQueue.take(ArrayBlockingQueue.java:403)
        at java.util.concurrent.ThreadPoolExecutor.getTask(ThreadPoolExecutor.java:1074)
        at java.util.concurrent.ThreadPoolExecutor.runWorker(ThreadPoolExecutor.java:1134)
        at java.util.concurrent.ThreadPoolExecutor$Worker.run(ThreadPoolExecutor.java:624)
        at java.lang.Thread.run(Thread.java:748)
"Reference Handler" daemon prio=10 tid=2 in Object.wait()
java.lang.Thread.State: WAITING (on object monitor)
        at java.lang.Object.wait(Native Method)
        at java.lang.Object.wait(Object.java:502)
        at java.lang.ref.Reference.tryHandlePending(Reference.java:191)
        at java.lang.ref.Reference$ReferenceHandler.run(Reference.java:153)
"metrics-hadoop-metrics2-reporter-18-thread-1" daemon prio=5 tid=872 timed_waiting
java.lang.Thread.State: TIMED_WAITING
        at sun.misc.Unsafe.park(Native Method)
        at java.util.concurrent.locks.LockSupport.parkNanos(LockSupport.java:215)
        at java.util.concurrent.locks.AbstractQueuedSynchronizer$ConditionObject.awaitNanos(AbstractQueuedSynchronizer.java:2078)
        at java.util.concurrent.ScheduledThreadPoolExecutor$DelayedWorkQueue.take(ScheduledThreadPoolExecutor.java:1093)
        at java.util.concurrent.ScheduledThreadPoolExecutor$DelayedWorkQueue.take(ScheduledThreadPoolExecutor.java:809)
        at java.util.concurrent.ThreadPoolExecutor.getTask(ThreadPoolExecutor.java:1074)
        at java.util.concurrent.ThreadPoolExecutor.runWorker(ThreadPoolExecutor.java:1134)
        at java.util.concurrent.ThreadPoolExecutor$Worker.run(ThreadPoolExecutor.java:624)
        at java.lang.Thread.run(Thread.java:748)
"pool-76-thread-59"  prio=5 tid=710 in Object.wait()
java.lang.Thread.State: WAITING (on object monitor)
        at sun.misc.Unsafe.park(Native Method)
        at java.util.concurrent.locks.LockSupport.park(LockSupport.java:175)
        at java.util.concurrent.locks.AbstractQueuedSynchronizer$ConditionObject.await(AbstractQueuedSynchronizer.java:2039)
        at java.util.concurrent.ArrayBlockingQueue.take(ArrayBlockingQueue.java:403)
        at java.util.concurrent.ThreadPoolExecutor.getTask(ThreadPoolExecutor.java:1074)
        at java.util.concurrent.ThreadPoolExecutor.runWorker(ThreadPoolExecutor.java:1134)
        at java.util.concurrent.ThreadPoolExecutor$Worker.run(ThreadPoolExecutor.java:624)
        at java.lang.Thread.run(Thread.java:748)
"Datanode State Machine Thread - 0" daemon prio=5 tid=197 timed_waiting
java.lang.Thread.State: TIMED_WAITING
        at java.lang.Thread.sleep(Native Method)
        at org.apache.hadoop.ozone.container.common.statemachine.DatanodeStateMachine.start(DatanodeStateMachine.java:191)
        at org.apache.hadoop.ozone.container.common.statemachine.DatanodeStateMachine.lambda$startDaemon$0(DatanodeStateMachine.java:349)
        at org.apache.hadoop.ozone.container.common.statemachine.DatanodeStateMachine$$Lambda$136/1673604690.run(Unknown Source)
        at java.lang.Thread.run(Thread.java:748)
"bd2e206f-69ae-4a0a-8707-c4973b5ce5b7@group-24BD381958D5-SegmentedRaftLogWorker"  prio=5 tid=846 timed_waiting
java.lang.Thread.State: TIMED_WAITING
        at sun.misc.Unsafe.park(Native Method)
        at java.util.concurrent.locks.LockSupport.parkNanos(LockSupport.java:215)
        at java.util.concurrent.locks.AbstractQueuedSynchronizer$ConditionObject.awaitNanos(AbstractQueuedSynchronizer.java:2078)
        at org.apache.ratis.util.DataBlockingQueue.poll(DataBlockingQueue.java:137)
        at org.apache.ratis.server.raftlog.segmented.SegmentedRaftLogWorker.run(SegmentedRaftLogWorker.java:283)
        at java.lang.Thread.run(Thread.java:748)
"refreshUsed-/workdir/hadoop-ozone/integration-test/target/test-dir/MiniOzoneClusterImpl-60a3af6c-3451-4a8a-82ad-625647a1d2f0/datanode-5/data/containers" daemon prio=5 tid=289 timed_waiting
java.lang.Thread.State: TIMED_WAITING
        at java.lang.Thread.sleep(Native Method)
        at org.apache.hadoop.fs.CachingGetSpaceUsed$RefreshThread.run(CachingGetSpaceUsed.java:179)
        at java.lang.Thread.run(Thread.java:748)
"org.eclipse.jetty.server.session.HashSessionManager@4437ac07Timer" daemon prio=5 tid=330 timed_waiting
java.lang.Thread.State: TIMED_WAITING
        at sun.misc.Unsafe.park(Native Method)
        at java.util.concurrent.locks.LockSupport.parkNanos(LockSupport.java:215)
        at java.util.concurrent.locks.AbstractQueuedSynchronizer$ConditionObject.awaitNanos(AbstractQueuedSynchronizer.java:2078)
        at java.util.concurrent.ScheduledThreadPoolExecutor$DelayedWorkQueue.take(ScheduledThreadPoolExecutor.java:1093)
        at java.util.concurrent.ScheduledThreadPoolExecutor$DelayedWorkQueue.take(ScheduledThreadPoolExecutor.java:809)
        at java.util.concurrent.ThreadPoolExecutor.getTask(ThreadPoolExecutor.java:1074)
        at java.util.concurrent.ThreadPoolExecutor.runWorker(ThreadPoolExecutor.java:1134)
        at java.util.concurrent.ThreadPoolExecutor$Worker.run(ThreadPoolExecutor.java:624)
        at java.lang.Thread.run(Thread.java:748)
"pool-76-thread-52"  prio=5 tid=703 in Object.wait()
java.lang.Thread.State: WAITING (on object monitor)
        at sun.misc.Unsafe.park(Native Method)
        at java.util.concurrent.locks.LockSupport.park(LockSupport.java:175)
        at java.util.concurrent.locks.AbstractQueuedSynchronizer$ConditionObject.await(AbstractQueuedSynchronizer.java:2039)
        at java.util.concurrent.ArrayBlockingQueue.take(ArrayBlockingQueue.java:403)
        at java.util.concurrent.ThreadPoolExecutor.getTask(ThreadPoolExecutor.java:1074)
        at java.util.concurrent.ThreadPoolExecutor.runWorker(ThreadPoolExecutor.java:1134)
        at java.util.concurrent.ThreadPoolExecutor$Worker.run(ThreadPoolExecutor.java:624)
        at java.lang.Thread.run(Thread.java:748)
"pool-76-thread-9"  prio=5 tid=660 in Object.wait()
java.lang.Thread.State: WAITING (on object monitor)
        at sun.misc.Unsafe.park(Native Method)
        at java.util.concurrent.locks.LockSupport.park(LockSupport.java:175)
        at java.util.concurrent.locks.AbstractQueuedSynchronizer$ConditionObject.await(AbstractQueuedSynchronizer.java:2039)
        at java.util.concurrent.ArrayBlockingQueue.take(ArrayBlockingQueue.java:403)
        at java.util.concurrent.ThreadPoolExecutor.getTask(ThreadPoolExecutor.java:1074)
        at java.util.concurrent.ThreadPoolExecutor.runWorker(ThreadPoolExecutor.java:1134)
        at java.util.concurrent.ThreadPoolExecutor$Worker.run(ThreadPoolExecutor.java:624)
        at java.lang.Thread.run(Thread.java:748)
"pool-46-thread-10"  prio=5 tid=470 in Object.wait()
java.lang.Thread.State: WAITING (on object monitor)
        at sun.misc.Unsafe.park(Native Method)
        at java.util.concurrent.locks.LockSupport.park(LockSupport.java:175)
        at java.util.concurrent.locks.AbstractQueuedSynchronizer$ConditionObject.await(AbstractQueuedSynchronizer.java:2039)
        at java.util.concurrent.ArrayBlockingQueue.take(ArrayBlockingQueue.java:403)
        at java.util.concurrent.ThreadPoolExecutor.getTask(ThreadPoolExecutor.java:1074)
        at java.util.concurrent.ThreadPoolExecutor.runWorker(ThreadPoolExecutor.java:1134)
        at java.util.concurrent.ThreadPoolExecutor$Worker.run(ThreadPoolExecutor.java:624)
        at java.lang.Thread.run(Thread.java:748)
"EventQueue-IncrementalContainerReportForIncrementalContainerReportHandler" daemon prio=5 tid=995 in Object.wait()
java.lang.Thread.State: WAITING (on object monitor)
        at sun.misc.Unsafe.park(Native Method)
        at java.util.concurrent.locks.LockSupport.park(LockSupport.java:175)
        at java.util.concurrent.locks.AbstractQueuedSynchronizer$ConditionObject.await(AbstractQueuedSynchronizer.java:2039)
        at java.util.concurrent.LinkedBlockingQueue.take(LinkedBlockingQueue.java:442)
        at java.util.concurrent.ThreadPoolExecutor.getTask(ThreadPoolExecutor.java:1074)
        at java.util.concurrent.ThreadPoolExecutor.runWorker(ThreadPoolExecutor.java:1134)
        at java.util.concurrent.ThreadPoolExecutor$Worker.run(ThreadPoolExecutor.java:624)
        at java.lang.Thread.run(Thread.java:748)
"Datanode ReportManager Thread - 2" daemon prio=5 tid=335 in Object.wait()
java.lang.Thread.State: WAITING (on object monitor)
        at sun.misc.Unsafe.park(Native Method)
        at java.util.concurrent.locks.LockSupport.park(LockSupport.java:175)
        at java.util.concurrent.locks.AbstractQueuedSynchronizer$ConditionObject.await(AbstractQueuedSynchronizer.java:2039)
        at java.util.concurrent.ScheduledThreadPoolExecutor$DelayedWorkQueue.take(ScheduledThreadPoolExecutor.java:1088)
        at java.util.concurrent.ScheduledThreadPoolExecutor$DelayedWorkQueue.take(ScheduledThreadPoolExecutor.java:809)
        at java.util.concurrent.ThreadPoolExecutor.getTask(ThreadPoolExecutor.java:1074)
        at java.util.concurrent.ThreadPoolExecutor.runWorker(ThreadPoolExecutor.java:1134)
        at java.util.concurrent.ThreadPoolExecutor$Worker.run(ThreadPoolExecutor.java:624)
        at java.lang.Thread.run(Thread.java:748)
"pool-56-thread-58"  prio=5 tid=585 in Object.wait()
java.lang.Thread.State: WAITING (on object monitor)
        at sun.misc.Unsafe.park(Native Method)
        at java.util.concurrent.locks.LockSupport.park(LockSupport.java:175)
        at java.util.concurrent.locks.AbstractQueuedSynchronizer$ConditionObject.await(AbstractQueuedSynchronizer.java:2039)
        at java.util.concurrent.ArrayBlockingQueue.take(ArrayBlockingQueue.java:403)
        at java.util.concurrent.ThreadPoolExecutor.getTask(ThreadPoolExecutor.java:1074)
        at java.util.concurrent.ThreadPoolExecutor.runWorker(ThreadPoolExecutor.java:1134)
        at java.util.concurrent.ThreadPoolExecutor$Worker.run(ThreadPoolExecutor.java:624)
        at java.lang.Thread.run(Thread.java:748)
"pool-56-thread-29"  prio=5 tid=556 in Object.wait()
java.lang.Thread.State: WAITING (on object monitor)
        at sun.misc.Unsafe.park(Native Method)
        at java.util.concurrent.locks.LockSupport.park(LockSupport.java:175)
        at java.util.concurrent.locks.AbstractQueuedSynchronizer$ConditionObject.await(AbstractQueuedSynchronizer.java:2039)
        at java.util.concurrent.ArrayBlockingQueue.take(ArrayBlockingQueue.java:403)
        at java.util.concurrent.ThreadPoolExecutor.getTask(ThreadPoolExecutor.java:1074)
        at java.util.concurrent.ThreadPoolExecutor.runWorker(ThreadPoolExecutor.java:1134)
        at java.util.concurrent.ThreadPoolExecutor$Worker.run(ThreadPoolExecutor.java:624)
        at java.lang.Thread.run(Thread.java:748)
"pool-86-thread-28"  prio=5 tid=741 in Object.wait()
java.lang.Thread.State: WAITING (on object monitor)
        at sun.misc.Unsafe.park(Native Method)
        at java.util.concurrent.locks.LockSupport.park(LockSupport.java:175)
        at java.util.concurrent.locks.AbstractQueuedSynchronizer$ConditionObject.await(AbstractQueuedSynchronizer.java:2039)
        at java.util.concurrent.ArrayBlockingQueue.take(ArrayBlockingQueue.java:403)
        at java.util.concurrent.ThreadPoolExecutor.getTask(ThreadPoolExecutor.java:1074)
        at java.util.concurrent.ThreadPoolExecutor.runWorker(ThreadPoolExecutor.java:1134)
        at java.util.concurrent.ThreadPoolExecutor$Worker.run(ThreadPoolExecutor.java:624)
        at java.lang.Thread.run(Thread.java:748)
"2d4da40c-dd43-4554-9707-f6503cf38c80@group-1A5E3D590F2D-StateMachineUpdater" daemon prio=5 tid=808 in Object.wait()
java.lang.Thread.State: WAITING (on object monitor)
        at java.lang.Object.wait(Native Method)
        at java.lang.Object.wait(Object.java:502)
        at org.apache.ratis.server.impl.StateMachineUpdater.waitForCommit(StateMachineUpdater.java:183)
        at org.apache.ratis.server.impl.StateMachineUpdater.run(StateMachineUpdater.java:148)
        at java.lang.Thread.run(Thread.java:748)
"pool-36-thread-38"  prio=5 tid=438 in Object.wait()
java.lang.Thread.State: WAITING (on object monitor)
        at sun.misc.Unsafe.park(Native Method)
        at java.util.concurrent.locks.LockSupport.park(LockSupport.java:175)
        at java.util.concurrent.locks.AbstractQueuedSynchronizer$ConditionObject.await(AbstractQueuedSynchronizer.java:2039)
        at java.util.concurrent.ArrayBlockingQueue.take(ArrayBlockingQueue.java:403)
        at java.util.concurrent.ThreadPoolExecutor.getTask(ThreadPoolExecutor.java:1074)
        at java.util.concurrent.ThreadPoolExecutor.runWorker(ThreadPoolExecutor.java:1134)
        at java.util.concurrent.ThreadPoolExecutor$Worker.run(ThreadPoolExecutor.java:624)
        at java.lang.Thread.run(Thread.java:748)
"RatisApplyTransactionExecutor 0" daemon prio=5 tid=2412 in Object.wait()
java.lang.Thread.State: WAITING (on object monitor)
        at sun.misc.Unsafe.park(Native Method)
        at java.util.concurrent.locks.LockSupport.park(LockSupport.java:175)
        at java.util.concurrent.locks.AbstractQueuedSynchronizer$ConditionObject.await(AbstractQueuedSynchronizer.java:2039)
        at java.util.concurrent.LinkedBlockingQueue.take(LinkedBlockingQueue.java:442)
        at java.util.concurrent.ThreadPoolExecutor.getTask(ThreadPoolExecutor.java:1074)
        at java.util.concurrent.ThreadPoolExecutor.runWorker(ThreadPoolExecutor.java:1134)
        at java.util.concurrent.ThreadPoolExecutor$Worker.run(ThreadPoolExecutor.java:624)
        at java.lang.Thread.run(Thread.java:748)
"pool-86-thread-8"  prio=5 tid=721 in Object.wait()
java.lang.Thread.State: WAITING (on object monitor)
        at sun.misc.Unsafe.park(Native Method)
        at java.util.concurrent.locks.LockSupport.park(LockSupport.java:175)
        at java.util.concurrent.locks.AbstractQueuedSynchronizer$ConditionObject.await(AbstractQueuedSynchronizer.java:2039)
        at java.util.concurrent.ArrayBlockingQueue.take(ArrayBlockingQueue.java:403)
        at java.util.concurrent.ThreadPoolExecutor.getTask(ThreadPoolExecutor.java:1074)
        at java.util.concurrent.ThreadPoolExecutor.runWorker(ThreadPoolExecutor.java:1134)
        at java.util.concurrent.ThreadPoolExecutor$Worker.run(ThreadPoolExecutor.java:624)
        at java.lang.Thread.run(Thread.java:748)
"pool-36-thread-30"  prio=5 tid=430 in Object.wait()
java.lang.Thread.State: WAITING (on object monitor)
        at sun.misc.Unsafe.park(Native Method)
        at java.util.concurrent.locks.LockSupport.park(LockSupport.java:175)
        at java.util.concurrent.locks.AbstractQueuedSynchronizer$ConditionObject.await(AbstractQueuedSynchronizer.java:2039)
        at java.util.concurrent.ArrayBlockingQueue.take(ArrayBlockingQueue.java:403)
        at java.util.concurrent.ThreadPoolExecutor.getTask(ThreadPoolExecutor.java:1074)
        at java.util.concurrent.ThreadPoolExecutor.runWorker(ThreadPoolExecutor.java:1134)
        at java.util.concurrent.ThreadPoolExecutor$Worker.run(ThreadPoolExecutor.java:624)
        at java.lang.Thread.run(Thread.java:748)
"grpc-default-worker-ELG-3-1" daemon prio=5 tid=785 runnable
java.lang.Thread.State: RUNNABLE
        at sun.nio.ch.EPollArrayWrapper.epollWait(Native Method)
        at sun.nio.ch.EPollArrayWrapper.poll(EPollArrayWrapper.java:269)
        at sun.nio.ch.EPollSelectorImpl.doSelect(EPollSelectorImpl.java:93)
        at sun.nio.ch.SelectorImpl.lockAndDoSelect(SelectorImpl.java:86)
        at sun.nio.ch.SelectorImpl.select(SelectorImpl.java:97)
        at org.apache.ratis.thirdparty.io.netty.channel.nio.SelectedSelectionKeySetSelector.select(SelectedSelectionKeySetSelector.java:62)
        at org.apache.ratis.thirdparty.io.netty.channel.nio.NioEventLoop.select(NioEventLoop.java:753)
        at org.apache.ratis.thirdparty.io.netty.channel.nio.NioEventLoop.run(NioEventLoop.java:408)
        at org.apache.ratis.thirdparty.io.netty.util.concurrent.SingleThreadEventExecutor$5.run(SingleThreadEventExecutor.java:897)
        at org.apache.ratis.thirdparty.io.netty.util.concurrent.FastThreadLocalRunnable.run(FastThreadLocalRunnable.java:30)
        at java.lang.Thread.run(Thread.java:748)
"pool-86-thread-11"  prio=5 tid=724 in Object.wait()
java.lang.Thread.State: WAITING (on object monitor)
        at sun.misc.Unsafe.park(Native Method)
        at java.util.concurrent.locks.LockSupport.park(LockSupport.java:175)
        at java.util.concurrent.locks.AbstractQueuedSynchronizer$ConditionObject.await(AbstractQueuedSynchronizer.java:2039)
        at java.util.concurrent.ArrayBlockingQueue.take(ArrayBlockingQueue.java:403)
        at java.util.concurrent.ThreadPoolExecutor.getTask(ThreadPoolExecutor.java:1074)
        at java.util.concurrent.ThreadPoolExecutor.runWorker(ThreadPoolExecutor.java:1134)
        at java.util.concurrent.ThreadPoolExecutor$Worker.run(ThreadPoolExecutor.java:624)
        at java.lang.Thread.run(Thread.java:748)
"pool-76-thread-19"  prio=5 tid=670 in Object.wait()
java.lang.Thread.State: WAITING (on object monitor)
        at sun.misc.Unsafe.park(Native Method)
        at java.util.concurrent.locks.LockSupport.park(LockSupport.java:175)
        at java.util.concurrent.locks.AbstractQueuedSynchronizer$ConditionObject.await(AbstractQueuedSynchronizer.java:2039)
        at java.util.concurrent.ArrayBlockingQueue.take(ArrayBlockingQueue.java:403)
        at java.util.concurrent.ThreadPoolExecutor.getTask(ThreadPoolExecutor.java:1074)
        at java.util.concurrent.ThreadPoolExecutor.runWorker(ThreadPoolExecutor.java:1134)
        at java.util.concurrent.ThreadPoolExecutor$Worker.run(ThreadPoolExecutor.java:624)
        at java.lang.Thread.run(Thread.java:748)
"pool-56-thread-43"  prio=5 tid=570 in Object.wait()
java.lang.Thread.State: WAITING (on object monitor)
        at sun.misc.Unsafe.park(Native Method)
        at java.util.concurrent.locks.LockSupport.park(LockSupport.java:175)
        at java.util.concurrent.locks.AbstractQueuedSynchronizer$ConditionObject.await(AbstractQueuedSynchronizer.java:2039)
        at java.util.concurrent.ArrayBlockingQueue.take(ArrayBlockingQueue.java:403)
        at java.util.concurrent.ThreadPoolExecutor.getTask(ThreadPoolExecutor.java:1074)
        at java.util.concurrent.ThreadPoolExecutor.runWorker(ThreadPoolExecutor.java:1134)
        at java.util.concurrent.ThreadPoolExecutor$Worker.run(ThreadPoolExecutor.java:624)
        at java.lang.Thread.run(Thread.java:748)
"pool-46-thread-50"  prio=5 tid=510 in Object.wait()
java.lang.Thread.State: WAITING (on object monitor)
        at sun.misc.Unsafe.park(Native Method)
        at java.util.concurrent.locks.LockSupport.park(LockSupport.java:175)
        at java.util.concurrent.locks.AbstractQueuedSynchronizer$ConditionObject.await(AbstractQueuedSynchronizer.java:2039)
        at java.util.concurrent.ArrayBlockingQueue.take(ArrayBlockingQueue.java:403)
        at java.util.concurrent.ThreadPoolExecutor.getTask(ThreadPoolExecutor.java:1074)
        at java.util.concurrent.ThreadPoolExecutor.runWorker(ThreadPoolExecutor.java:1134)
        at java.util.concurrent.ThreadPoolExecutor$Worker.run(ThreadPoolExecutor.java:624)
        at java.lang.Thread.run(Thread.java:748)
"pool-56-thread-8"  prio=5 tid=535 in Object.wait()
java.lang.Thread.State: WAITING (on object monitor)
        at sun.misc.Unsafe.park(Native Method)
        at java.util.concurrent.locks.LockSupport.park(LockSupport.java:175)
        at java.util.concurrent.locks.AbstractQueuedSynchronizer$ConditionObject.await(AbstractQueuedSynchronizer.java:2039)
        at java.util.concurrent.ArrayBlockingQueue.take(ArrayBlockingQueue.java:403)
        at java.util.concurrent.ThreadPoolExecutor.getTask(ThreadPoolExecutor.java:1074)
        at java.util.concurrent.ThreadPoolExecutor.runWorker(ThreadPoolExecutor.java:1134)
        at java.util.concurrent.ThreadPoolExecutor$Worker.run(ThreadPoolExecutor.java:624)
        at java.lang.Thread.run(Thread.java:748)
"pool-36-thread-25"  prio=5 tid=425 in Object.wait()
java.lang.Thread.State: WAITING (on object monitor)
        at sun.misc.Unsafe.park(Native Method)
        at java.util.concurrent.locks.LockSupport.park(LockSupport.java:175)
        at java.util.concurrent.locks.AbstractQueuedSynchronizer$ConditionObject.await(AbstractQueuedSynchronizer.java:2039)
        at java.util.concurrent.ArrayBlockingQueue.take(ArrayBlockingQueue.java:403)
        at java.util.concurrent.ThreadPoolExecutor.getTask(ThreadPoolExecutor.java:1074)
        at java.util.concurrent.ThreadPoolExecutor.runWorker(ThreadPoolExecutor.java:1134)
        at java.util.concurrent.ThreadPoolExecutor$Worker.run(ThreadPoolExecutor.java:624)
        at java.lang.Thread.run(Thread.java:748)
"org.eclipse.jetty.server.session.HashSessionManager@15639440Timer" daemon prio=5 tid=222 timed_waiting
java.lang.Thread.State: TIMED_WAITING
        at sun.misc.Unsafe.park(Native Method)
        at java.util.concurrent.locks.LockSupport.parkNanos(LockSupport.java:215)
        at java.util.concurrent.locks.AbstractQueuedSynchronizer$ConditionObject.awaitNanos(AbstractQueuedSynchronizer.java:2078)
        at java.util.concurrent.ScheduledThreadPoolExecutor$DelayedWorkQueue.take(ScheduledThreadPoolExecutor.java:1093)
        at java.util.concurrent.ScheduledThreadPoolExecutor$DelayedWorkQueue.take(ScheduledThreadPoolExecutor.java:809)
        at java.util.concurrent.ThreadPoolExecutor.getTask(ThreadPoolExecutor.java:1074)
        at java.util.concurrent.ThreadPoolExecutor.runWorker(ThreadPoolExecutor.java:1134)
        at java.util.concurrent.ThreadPoolExecutor$Worker.run(ThreadPoolExecutor.java:624)
        at java.lang.Thread.run(Thread.java:748)
"IPC Server handler 10 on 40610" daemon prio=5 tid=125 timed_waiting
java.lang.Thread.State: TIMED_WAITING
        at sun.misc.Unsafe.park(Native Method)
        at java.util.concurrent.locks.LockSupport.parkNanos(LockSupport.java:215)
        at java.util.concurrent.locks.AbstractQueuedSynchronizer$ConditionObject.awaitNanos(AbstractQueuedSynchronizer.java:2078)
        at java.util.concurrent.LinkedBlockingQueue.poll(LinkedBlockingQueue.java:467)
        at org.apache.hadoop.ipc.CallQueueManager.take(CallQueueManager.java:288)
        at org.apache.hadoop.ipc.Server$Handler.run(Server.java:2668)
"pool-86-thread-60"  prio=5 tid=773 in Object.wait()
java.lang.Thread.State: WAITING (on object monitor)
        at sun.misc.Unsafe.park(Native Method)
        at java.util.concurrent.locks.LockSupport.park(LockSupport.java:175)
        at java.util.concurrent.locks.AbstractQueuedSynchronizer$ConditionObject.await(AbstractQueuedSynchronizer.java:2039)
        at java.util.concurrent.ArrayBlockingQueue.take(ArrayBlockingQueue.java:403)
        at java.util.concurrent.ThreadPoolExecutor.getTask(ThreadPoolExecutor.java:1074)
        at java.util.concurrent.ThreadPoolExecutor.runWorker(ThreadPoolExecutor.java:1134)
        at java.util.concurrent.ThreadPoolExecutor$Worker.run(ThreadPoolExecutor.java:624)
        at java.lang.Thread.run(Thread.java:748)
"EventQueue-CloseContainerForCloseContainerEventHandler"  prio=5 tid=1010 in Object.wait()
java.lang.Thread.State: WAITING (on object monitor)
        at sun.misc.Unsafe.park(Native Method)
        at java.util.concurrent.locks.LockSupport.park(LockSupport.java:175)
        at java.util.concurrent.locks.AbstractQueuedSynchronizer$ConditionObject.await(AbstractQueuedSynchronizer.java:2039)
        at java.util.concurrent.LinkedBlockingQueue.take(LinkedBlockingQueue.java:442)
        at java.util.concurrent.ThreadPoolExecutor.getTask(ThreadPoolExecutor.java:1074)
        at java.util.concurrent.ThreadPoolExecutor.runWorker(ThreadPoolExecutor.java:1134)
        at java.util.concurrent.ThreadPoolExecutor$Worker.run(ThreadPoolExecutor.java:624)
        at java.lang.Thread.run(Thread.java:748)
"BlockDeletingService#7" daemon prio=5 tid=2201 in Object.wait()
java.lang.Thread.State: WAITING (on object monitor)
        at sun.misc.Unsafe.park(Native Method)
        at java.util.concurrent.locks.LockSupport.park(LockSupport.java:175)
        at java.util.concurrent.locks.AbstractQueuedSynchronizer$ConditionObject.await(AbstractQueuedSynchronizer.java:2039)
        at java.util.concurrent.ScheduledThreadPoolExecutor$DelayedWorkQueue.take(ScheduledThreadPoolExecutor.java:1088)
        at java.util.concurrent.ScheduledThreadPoolExecutor$DelayedWorkQueue.take(ScheduledThreadPoolExecutor.java:809)
        at java.util.concurrent.ThreadPoolExecutor.getTask(ThreadPoolExecutor.java:1074)
        at java.util.concurrent.ThreadPoolExecutor.runWorker(ThreadPoolExecutor.java:1134)
        at java.util.concurrent.ThreadPoolExecutor$Worker.run(ThreadPoolExecutor.java:624)
        at java.lang.Thread.run(Thread.java:748)
"pool-76-thread-60"  prio=5 tid=711 in Object.wait()
java.lang.Thread.State: WAITING (on object monitor)
        at sun.misc.Unsafe.park(Native Method)
        at java.util.concurrent.locks.LockSupport.park(LockSupport.java:175)
        at java.util.concurrent.locks.AbstractQueuedSynchronizer$ConditionObject.await(AbstractQueuedSynchronizer.java:2039)
        at java.util.concurrent.ArrayBlockingQueue.take(ArrayBlockingQueue.java:403)
        at java.util.concurrent.ThreadPoolExecutor.getTask(ThreadPoolExecutor.java:1074)
        at java.util.concurrent.ThreadPoolExecutor.runWorker(ThreadPoolExecutor.java:1134)
        at java.util.concurrent.ThreadPoolExecutor$Worker.run(ThreadPoolExecutor.java:624)
        at java.lang.Thread.run(Thread.java:748)
"90957f92-0013-496b-a419-9c1212c810e8@group-6371820A5F4C-SegmentedRaftLogWorker"  prio=5 tid=2214 timed_waiting
java.lang.Thread.State: TIMED_WAITING
        at sun.misc.Unsafe.park(Native Method)
        at java.util.concurrent.locks.LockSupport.parkNanos(LockSupport.java:215)
        at java.util.concurrent.locks.AbstractQueuedSynchronizer$ConditionObject.awaitNanos(AbstractQueuedSynchronizer.java:2078)
        at org.apache.ratis.util.DataBlockingQueue.poll(DataBlockingQueue.java:137)
        at org.apache.ratis.server.raftlog.segmented.SegmentedRaftLogWorker.run(SegmentedRaftLogWorker.java:283)
        at java.lang.Thread.run(Thread.java:748)
"BlockDeletingService#4" daemon prio=5 tid=1457 in Object.wait()
java.lang.Thread.State: WAITING (on object monitor)
        at sun.misc.Unsafe.park(Native Method)
        at java.util.concurrent.locks.LockSupport.park(LockSupport.java:175)
        at java.util.concurrent.locks.AbstractQueuedSynchronizer$ConditionObject.await(AbstractQueuedSynchronizer.java:2039)
        at java.util.concurrent.ScheduledThreadPoolExecutor$DelayedWorkQueue.take(ScheduledThreadPoolExecutor.java:1088)
        at java.util.concurrent.ScheduledThreadPoolExecutor$DelayedWorkQueue.take(ScheduledThreadPoolExecutor.java:809)
        at java.util.concurrent.ThreadPoolExecutor.getTask(ThreadPoolExecutor.java:1074)
        at java.util.concurrent.ThreadPoolExecutor.runWorker(ThreadPoolExecutor.java:1134)
        at java.util.concurrent.ThreadPoolExecutor$Worker.run(ThreadPoolExecutor.java:624)
        at java.lang.Thread.run(Thread.java:748)
"pool-46-thread-30"  prio=5 tid=490 in Object.wait()
java.lang.Thread.State: WAITING (on object monitor)
        at sun.misc.Unsafe.park(Native Method)
        at java.util.concurrent.locks.LockSupport.park(LockSupport.java:175)
        at java.util.concurrent.locks.AbstractQueuedSynchronizer$ConditionObject.await(AbstractQueuedSynchronizer.java:2039)
        at java.util.concurrent.ArrayBlockingQueue.take(ArrayBlockingQueue.java:403)
        at java.util.concurrent.ThreadPoolExecutor.getTask(ThreadPoolExecutor.java:1074)
        at java.util.concurrent.ThreadPoolExecutor.runWorker(ThreadPoolExecutor.java:1134)
        at java.util.concurrent.ThreadPoolExecutor$Worker.run(ThreadPoolExecutor.java:624)
        at java.lang.Thread.run(Thread.java:748)
"pool-26-thread-43"  prio=5 tid=383 in Object.wait()
java.lang.Thread.State: WAITING (on object monitor)
        at sun.misc.Unsafe.park(Native Method)
        at java.util.concurrent.locks.LockSupport.park(LockSupport.java:175)
        at java.util.concurrent.locks.AbstractQueuedSynchronizer$ConditionObject.await(AbstractQueuedSynchronizer.java:2039)
        at java.util.concurrent.ArrayBlockingQueue.take(ArrayBlockingQueue.java:403)
        at java.util.concurrent.ThreadPoolExecutor.getTask(ThreadPoolExecutor.java:1074)
        at java.util.concurrent.ThreadPoolExecutor.runWorker(ThreadPoolExecutor.java:1134)
        at java.util.concurrent.ThreadPoolExecutor$Worker.run(ThreadPoolExecutor.java:624)
        at java.lang.Thread.run(Thread.java:748)
"pool-76-thread-53"  prio=5 tid=704 in Object.wait()
java.lang.Thread.State: WAITING (on object monitor)
        at sun.misc.Unsafe.park(Native Method)
        at java.util.concurrent.locks.LockSupport.park(LockSupport.java:175)
        at java.util.concurrent.locks.AbstractQueuedSynchronizer$ConditionObject.await(AbstractQueuedSynchronizer.java:2039)
        at java.util.concurrent.ArrayBlockingQueue.take(ArrayBlockingQueue.java:403)
        at java.util.concurrent.ThreadPoolExecutor.getTask(ThreadPoolExecutor.java:1074)
        at java.util.concurrent.ThreadPoolExecutor.runWorker(ThreadPoolExecutor.java:1134)
        at java.util.concurrent.ThreadPoolExecutor$Worker.run(ThreadPoolExecutor.java:624)
        at java.lang.Thread.run(Thread.java:748)
"KeyDeletingService#0" daemon prio=5 tid=106 timed_waiting
java.lang.Thread.State: TIMED_WAITING
        at sun.misc.Unsafe.park(Native Method)
        at java.util.concurrent.locks.LockSupport.parkNanos(LockSupport.java:215)
        at java.util.concurrent.locks.AbstractQueuedSynchronizer$ConditionObject.awaitNanos(AbstractQueuedSynchronizer.java:2078)
        at java.util.concurrent.ScheduledThreadPoolExecutor$DelayedWorkQueue.take(ScheduledThreadPoolExecutor.java:1093)
        at java.util.concurrent.ScheduledThreadPoolExecutor$DelayedWorkQueue.take(ScheduledThreadPoolExecutor.java:809)
        at java.util.concurrent.ThreadPoolExecutor.getTask(ThreadPoolExecutor.java:1074)
        at java.util.concurrent.ThreadPoolExecutor.runWorker(ThreadPoolExecutor.java:1134)
        at java.util.concurrent.ThreadPoolExecutor$Worker.run(ThreadPoolExecutor.java:624)
        at java.lang.Thread.run(Thread.java:748)
"refreshUsed-/workdir/hadoop-ozone/integration-test/target/test-dir/MiniOzoneClusterImpl-60a3af6c-3451-4a8a-82ad-625647a1d2f0/datanode-2/data/containers" daemon prio=5 tid=208 timed_waiting
java.lang.Thread.State: TIMED_WAITING
        at java.lang.Thread.sleep(Native Method)
        at org.apache.hadoop.fs.CachingGetSpaceUsed$RefreshThread.run(CachingGetSpaceUsed.java:179)
        at java.lang.Thread.run(Thread.java:748)
"java.util.concurrent.ThreadPoolExecutor$Worker@7c48732c[State = -1, empty queue]" daemon prio=5 tid=4036 runnable
java.lang.Thread.State: RUNNABLE
        at java.util.concurrent.ScheduledThreadPoolExecutor$DelayedWorkQueue.poll(ScheduledThreadPoolExecutor.java:809)
        at java.util.concurrent.ThreadPoolExecutor.getTask(ThreadPoolExecutor.java:1073)
        at java.util.concurrent.ThreadPoolExecutor.runWorker(ThreadPoolExecutor.java:1134)
        at java.util.concurrent.ThreadPoolExecutor$Worker.run(ThreadPoolExecutor.java:624)
        at java.lang.Thread.run(Thread.java:748)
"pool-46-thread-12"  prio=5 tid=472 in Object.wait()
java.lang.Thread.State: WAITING (on object monitor)
        at sun.misc.Unsafe.park(Native Method)
        at java.util.concurrent.locks.LockSupport.park(LockSupport.java:175)
        at java.util.concurrent.locks.AbstractQueuedSynchronizer$ConditionObject.await(AbstractQueuedSynchronizer.java:2039)
        at java.util.concurrent.ArrayBlockingQueue.take(ArrayBlockingQueue.java:403)
        at java.util.concurrent.ThreadPoolExecutor.getTask(ThreadPoolExecutor.java:1074)
        at java.util.concurrent.ThreadPoolExecutor.runWorker(ThreadPoolExecutor.java:1134)
        at java.util.concurrent.ThreadPoolExecutor$Worker.run(ThreadPoolExecutor.java:624)
        at java.lang.Thread.run(Thread.java:748)
"qtp523528914-323" daemon prio=5 tid=323 timed_waiting
java.lang.Thread.State: TIMED_WAITING
        at sun.misc.Unsafe.park(Native Method)
        at java.util.concurrent.locks.LockSupport.parkNanos(LockSupport.java:215)
        at java.util.concurrent.locks.AbstractQueuedSynchronizer$ConditionObject.awaitNanos(AbstractQueuedSynchronizer.java:2078)
        at org.eclipse.jetty.util.BlockingArrayQueue.poll(BlockingArrayQueue.java:392)
        at org.eclipse.jetty.util.thread.QueuedThreadPool.idleJobPoll(QueuedThreadPool.java:563)
        at org.eclipse.jetty.util.thread.QueuedThreadPool.access$800(QueuedThreadPool.java:48)
        at org.eclipse.jetty.util.thread.QueuedThreadPool$2.run(QueuedThreadPool.java:626)
        at java.lang.Thread.run(Thread.java:748)
"IPC Server handler 16 on 38980" daemon prio=5 tid=85 timed_waiting
java.lang.Thread.State: TIMED_WAITING
        at sun.misc.Unsafe.park(Native Method)
        at java.util.concurrent.locks.LockSupport.parkNanos(LockSupport.java:215)
        at java.util.concurrent.locks.AbstractQueuedSynchronizer$ConditionObject.awaitNanos(AbstractQueuedSynchronizer.java:2078)
        at java.util.concurrent.LinkedBlockingQueue.poll(LinkedBlockingQueue.java:467)
        at org.apache.hadoop.ipc.CallQueueManager.take(CallQueueManager.java:288)
        at org.apache.hadoop.ipc.Server$Handler.run(Server.java:2668)
"IPC Server handler 12 on 40419" daemon prio=5 tid=41 timed_waiting
java.lang.Thread.State: TIMED_WAITING
        at sun.misc.Unsafe.park(Native Method)
        at java.util.concurrent.locks.LockSupport.parkNanos(LockSupport.java:215)
        at java.util.concurrent.locks.AbstractQueuedSynchronizer$ConditionObject.awaitNanos(AbstractQueuedSynchronizer.java:2078)
        at java.util.concurrent.LinkedBlockingQueue.poll(LinkedBlockingQueue.java:467)
        at org.apache.hadoop.ipc.CallQueueManager.take(CallQueueManager.java:288)
        at org.apache.hadoop.ipc.Server$Handler.run(Server.java:2668)
"pool-66-thread-58"  prio=5 tid=647 in Object.wait()
java.lang.Thread.State: WAITING (on object monitor)
        at sun.misc.Unsafe.park(Native Method)
        at java.util.concurrent.locks.LockSupport.park(LockSupport.java:175)
        at java.util.concurrent.locks.AbstractQueuedSynchronizer$ConditionObject.await(AbstractQueuedSynchronizer.java:2039)
        at java.util.concurrent.ArrayBlockingQueue.take(ArrayBlockingQueue.java:403)
        at java.util.concurrent.ThreadPoolExecutor.getTask(ThreadPoolExecutor.java:1074)
        at java.util.concurrent.ThreadPoolExecutor.runWorker(ThreadPoolExecutor.java:1134)
        at java.util.concurrent.ThreadPoolExecutor$Worker.run(ThreadPoolExecutor.java:624)
        at java.lang.Thread.run(Thread.java:748)
"BlockDeletingService#8" daemon prio=5 tid=2507 in Object.wait()
java.lang.Thread.State: WAITING (on object monitor)
        at sun.misc.Unsafe.park(Native Method)
        at java.util.concurrent.locks.LockSupport.park(LockSupport.java:175)
        at java.util.concurrent.locks.AbstractQueuedSynchronizer$ConditionObject.await(AbstractQueuedSynchronizer.java:2039)
        at java.util.concurrent.ScheduledThreadPoolExecutor$DelayedWorkQueue.take(ScheduledThreadPoolExecutor.java:1088)
        at java.util.concurrent.ScheduledThreadPoolExecutor$DelayedWorkQueue.take(ScheduledThreadPoolExecutor.java:809)
        at java.util.concurrent.ThreadPoolExecutor.getTask(ThreadPoolExecutor.java:1074)
        at java.util.concurrent.ThreadPoolExecutor.runWorker(ThreadPoolExecutor.java:1134)
        at java.util.concurrent.ThreadPoolExecutor$Worker.run(ThreadPoolExecutor.java:624)
        at java.lang.Thread.run(Thread.java:748)
"IPC Server handler 17 on 38980" daemon prio=5 tid=86 timed_waiting
java.lang.Thread.State: TIMED_WAITING
        at sun.misc.Unsafe.park(Native Method)
        at java.util.concurrent.locks.LockSupport.parkNanos(LockSupport.java:215)
        at java.util.concurrent.locks.AbstractQueuedSynchronizer$ConditionObject.awaitNanos(AbstractQueuedSynchronizer.java:2078)
        at java.util.concurrent.LinkedBlockingQueue.poll(LinkedBlockingQueue.java:467)
        at org.apache.hadoop.ipc.CallQueueManager.take(CallQueueManager.java:288)
        at org.apache.hadoop.ipc.Server$Handler.run(Server.java:2668)
"BlockDeletingService#9" daemon prio=5 tid=2732 in Object.wait()
java.lang.Thread.State: WAITING (on object monitor)
        at sun.misc.Unsafe.park(Native Method)
        at java.util.concurrent.locks.LockSupport.park(LockSupport.java:175)
        at java.util.concurrent.locks.AbstractQueuedSynchronizer$ConditionObject.await(AbstractQueuedSynchronizer.java:2039)
        at java.util.concurrent.ScheduledThreadPoolExecutor$DelayedWorkQueue.take(ScheduledThreadPoolExecutor.java:1088)
        at java.util.concurrent.ScheduledThreadPoolExecutor$DelayedWorkQueue.take(ScheduledThreadPoolExecutor.java:809)
        at java.util.concurrent.ThreadPoolExecutor.getTask(ThreadPoolExecutor.java:1074)
        at java.util.concurrent.ThreadPoolExecutor.runWorker(ThreadPoolExecutor.java:1134)
        at java.util.concurrent.ThreadPoolExecutor$Worker.run(ThreadPoolExecutor.java:624)
        at java.lang.Thread.run(Thread.java:748)
"pool-46-thread-18"  prio=5 tid=478 in Object.wait()
java.lang.Thread.State: WAITING (on object monitor)
        at sun.misc.Unsafe.park(Native Method)
        at java.util.concurrent.locks.LockSupport.park(LockSupport.java:175)
        at java.util.concurrent.locks.AbstractQueuedSynchronizer$ConditionObject.await(AbstractQueuedSynchronizer.java:2039)
        at java.util.concurrent.ArrayBlockingQueue.take(ArrayBlockingQueue.java:403)
        at java.util.concurrent.ThreadPoolExecutor.getTask(ThreadPoolExecutor.java:1074)
        at java.util.concurrent.ThreadPoolExecutor.runWorker(ThreadPoolExecutor.java:1134)
        at java.util.concurrent.ThreadPoolExecutor$Worker.run(ThreadPoolExecutor.java:624)
        at java.lang.Thread.run(Thread.java:748)
"org.apache.hadoop.util.JvmPauseMonitor$Monitor@7af5808e" daemon prio=5 tid=177 timed_waiting
java.lang.Thread.State: TIMED_WAITING
        at java.lang.Thread.sleep(Native Method)
        at org.apache.hadoop.util.JvmPauseMonitor$Monitor.run(JvmPauseMonitor.java:192)
        at java.lang.Thread.run(Thread.java:748)
"IPC Server handler 3 on 40419" daemon prio=5 tid=32 timed_waiting
java.lang.Thread.State: TIMED_WAITING
        at sun.misc.Unsafe.park(Native Method)
        at java.util.concurrent.locks.LockSupport.parkNanos(LockSupport.java:215)
        at java.util.concurrent.locks.AbstractQueuedSynchronizer$ConditionObject.awaitNanos(AbstractQueuedSynchronizer.java:2078)
        at java.util.concurrent.LinkedBlockingQueue.poll(LinkedBlockingQueue.java:467)
        at org.apache.hadoop.ipc.CallQueueManager.take(CallQueueManager.java:288)
        at org.apache.hadoop.ipc.Server$Handler.run(Server.java:2668)
"pool-76-thread-50"  prio=5 tid=701 in Object.wait()
java.lang.Thread.State: WAITING (on object monitor)
        at sun.misc.Unsafe.park(Native Method)
        at java.util.concurrent.locks.LockSupport.park(LockSupport.java:175)
        at java.util.concurrent.locks.AbstractQueuedSynchronizer$ConditionObject.await(AbstractQueuedSynchronizer.java:2039)
        at java.util.concurrent.ArrayBlockingQueue.take(ArrayBlockingQueue.java:403)
        at java.util.concurrent.ThreadPoolExecutor.getTask(ThreadPoolExecutor.java:1074)
        at java.util.concurrent.ThreadPoolExecutor.runWorker(ThreadPoolExecutor.java:1134)
        at java.util.concurrent.ThreadPoolExecutor$Worker.run(ThreadPoolExecutor.java:624)
        at java.lang.Thread.run(Thread.java:748)
"pool-56-thread-5"  prio=5 tid=532 in Object.wait()
java.lang.Thread.State: WAITING (on object monitor)
        at sun.misc.Unsafe.park(Native Method)
        at java.util.concurrent.locks.LockSupport.park(LockSupport.java:175)
        at java.util.concurrent.locks.AbstractQueuedSynchronizer$ConditionObject.await(AbstractQueuedSynchronizer.java:2039)
        at java.util.concurrent.ArrayBlockingQueue.take(ArrayBlockingQueue.java:403)
        at java.util.concurrent.ThreadPoolExecutor.getTask(ThreadPoolExecutor.java:1074)
        at java.util.concurrent.ThreadPoolExecutor.runWorker(ThreadPoolExecutor.java:1134)
        at java.util.concurrent.ThreadPoolExecutor$Worker.run(ThreadPoolExecutor.java:624)
        at java.lang.Thread.run(Thread.java:748)
"pool-76-thread-51"  prio=5 tid=702 in Object.wait()
java.lang.Thread.State: WAITING (on object monitor)
        at sun.misc.Unsafe.park(Native Method)
        at java.util.concurrent.locks.LockSupport.park(LockSupport.java:175)
        at java.util.concurrent.locks.AbstractQueuedSynchronizer$ConditionObject.await(AbstractQueuedSynchronizer.java:2039)
        at java.util.concurrent.ArrayBlockingQueue.take(ArrayBlockingQueue.java:403)
        at java.util.concurrent.ThreadPoolExecutor.getTask(ThreadPoolExecutor.java:1074)
        at java.util.concurrent.ThreadPoolExecutor.runWorker(ThreadPoolExecutor.java:1134)
        at java.util.concurrent.ThreadPoolExecutor$Worker.run(ThreadPoolExecutor.java:624)
        at java.lang.Thread.run(Thread.java:748)
"IPC Server handler 19 on 46754" daemon prio=5 tid=68 timed_waiting
java.lang.Thread.State: TIMED_WAITING
        at sun.misc.Unsafe.park(Native Method)
        at java.util.concurrent.locks.LockSupport.parkNanos(LockSupport.java:215)
        at java.util.concurrent.locks.AbstractQueuedSynchronizer$ConditionObject.awaitNanos(AbstractQueuedSynchronizer.java:2078)
        at java.util.concurrent.LinkedBlockingQueue.poll(LinkedBlockingQueue.java:467)
        at org.apache.hadoop.ipc.CallQueueManager.take(CallQueueManager.java:288)
        at org.apache.hadoop.ipc.Server$Handler.run(Server.java:2668)
"pool-26-thread-42"  prio=5 tid=382 in Object.wait()
java.lang.Thread.State: WAITING (on object monitor)
        at sun.misc.Unsafe.park(Native Method)
        at java.util.concurrent.locks.LockSupport.park(LockSupport.java:175)
        at java.util.concurrent.locks.AbstractQueuedSynchronizer$ConditionObject.await(AbstractQueuedSynchronizer.java:2039)
        at java.util.concurrent.ArrayBlockingQueue.take(ArrayBlockingQueue.java:403)
        at java.util.concurrent.ThreadPoolExecutor.getTask(ThreadPoolExecutor.java:1074)
        at java.util.concurrent.ThreadPoolExecutor.runWorker(ThreadPoolExecutor.java:1134)
        at java.util.concurrent.ThreadPoolExecutor$Worker.run(ThreadPoolExecutor.java:624)
        at java.lang.Thread.run(Thread.java:748)
"pool-76-thread-40"  prio=5 tid=691 in Object.wait()
java.lang.Thread.State: WAITING (on object monitor)
        at sun.misc.Unsafe.park(Native Method)
        at java.util.concurrent.locks.LockSupport.park(LockSupport.java:175)
        at java.util.concurrent.locks.AbstractQueuedSynchronizer$ConditionObject.await(AbstractQueuedSynchronizer.java:2039)
        at java.util.concurrent.ArrayBlockingQueue.take(ArrayBlockingQueue.java:403)
        at java.util.concurrent.ThreadPoolExecutor.getTask(ThreadPoolExecutor.java:1074)
        at java.util.concurrent.ThreadPoolExecutor.runWorker(ThreadPoolExecutor.java:1134)
        at java.util.concurrent.ThreadPoolExecutor$Worker.run(ThreadPoolExecutor.java:624)
        at java.lang.Thread.run(Thread.java:748)
"pool-36-thread-40"  prio=5 tid=440 in Object.wait()
java.lang.Thread.State: WAITING (on object monitor)
        at sun.misc.Unsafe.park(Native Method)
        at java.util.concurrent.locks.LockSupport.park(LockSupport.java:175)
        at java.util.concurrent.locks.AbstractQueuedSynchronizer$ConditionObject.await(AbstractQueuedSynchronizer.java:2039)
        at java.util.concurrent.ArrayBlockingQueue.take(ArrayBlockingQueue.java:403)
        at java.util.concurrent.ThreadPoolExecutor.getTask(ThreadPoolExecutor.java:1074)
        at java.util.concurrent.ThreadPoolExecutor.runWorker(ThreadPoolExecutor.java:1134)
        at java.util.concurrent.ThreadPoolExecutor$Worker.run(ThreadPoolExecutor.java:624)
        at java.lang.Thread.run(Thread.java:748)
"Datanode State Machine Thread - 0" daemon prio=5 tid=278 timed_waiting
java.lang.Thread.State: TIMED_WAITING
        at java.lang.Thread.sleep(Native Method)
        at org.apache.hadoop.ozone.container.common.statemachine.DatanodeStateMachine.start(DatanodeStateMachine.java:191)
        at org.apache.hadoop.ozone.container.common.statemachine.DatanodeStateMachine.lambda$startDaemon$0(DatanodeStateMachine.java:349)
        at org.apache.hadoop.ozone.container.common.statemachine.DatanodeStateMachine$$Lambda$136/1673604690.run(Unknown Source)
        at java.lang.Thread.run(Thread.java:748)
"pool-66-thread-37"  prio=5 tid=626 in Object.wait()
java.lang.Thread.State: WAITING (on object monitor)
        at sun.misc.Unsafe.park(Native Method)
        at java.util.concurrent.locks.LockSupport.park(LockSupport.java:175)
        at java.util.concurrent.locks.AbstractQueuedSynchronizer$ConditionObject.await(AbstractQueuedSynchronizer.java:2039)
        at java.util.concurrent.ArrayBlockingQueue.take(ArrayBlockingQueue.java:403)
        at java.util.concurrent.ThreadPoolExecutor.getTask(ThreadPoolExecutor.java:1074)
        at java.util.concurrent.ThreadPoolExecutor.runWorker(ThreadPoolExecutor.java:1134)
        at java.util.concurrent.ThreadPoolExecutor$Worker.run(ThreadPoolExecutor.java:624)
        at java.lang.Thread.run(Thread.java:748)
"pool-26-thread-52"  prio=5 tid=392 in Object.wait()
java.lang.Thread.State: WAITING (on object monitor)
        at sun.misc.Unsafe.park(Native Method)
        at java.util.concurrent.locks.LockSupport.park(LockSupport.java:175)
        at java.util.concurrent.locks.AbstractQueuedSynchronizer$ConditionObject.await(AbstractQueuedSynchronizer.java:2039)
        at java.util.concurrent.ArrayBlockingQueue.take(ArrayBlockingQueue.java:403)
        at java.util.concurrent.ThreadPoolExecutor.getTask(ThreadPoolExecutor.java:1074)
        at java.util.concurrent.ThreadPoolExecutor.runWorker(ThreadPoolExecutor.java:1134)
        at java.util.concurrent.ThreadPoolExecutor$Worker.run(ThreadPoolExecutor.java:624)
        at java.lang.Thread.run(Thread.java:748)
"pool-46-thread-32"  prio=5 tid=492 in Object.wait()
java.lang.Thread.State: WAITING (on object monitor)
        at sun.misc.Unsafe.park(Native Method)
        at java.util.concurrent.locks.LockSupport.park(LockSupport.java:175)
        at java.util.concurrent.locks.AbstractQueuedSynchronizer$ConditionObject.await(AbstractQueuedSynchronizer.java:2039)
        at java.util.concurrent.ArrayBlockingQueue.take(ArrayBlockingQueue.java:403)
        at java.util.concurrent.ThreadPoolExecutor.getTask(ThreadPoolExecutor.java:1074)
        at java.util.concurrent.ThreadPoolExecutor.runWorker(ThreadPoolExecutor.java:1134)
        at java.util.concurrent.ThreadPoolExecutor$Worker.run(ThreadPoolExecutor.java:624)
        at java.lang.Thread.run(Thread.java:748)
"pool-46-thread-57"  prio=5 tid=517 in Object.wait()
java.lang.Thread.State: WAITING (on object monitor)
        at sun.misc.Unsafe.park(Native Method)
        at java.util.concurrent.locks.LockSupport.park(LockSupport.java:175)
        at java.util.concurrent.locks.AbstractQueuedSynchronizer$ConditionObject.await(AbstractQueuedSynchronizer.java:2039)
        at java.util.concurrent.ArrayBlockingQueue.take(ArrayBlockingQueue.java:403)
        at java.util.concurrent.ThreadPoolExecutor.getTask(ThreadPoolExecutor.java:1074)
        at java.util.concurrent.ThreadPoolExecutor.runWorker(ThreadPoolExecutor.java:1134)
        at java.util.concurrent.ThreadPoolExecutor$Worker.run(ThreadPoolExecutor.java:624)
        at java.lang.Thread.run(Thread.java:748)
"Command processor thread" daemon prio=5 tid=175 timed_waiting
java.lang.Thread.State: TIMED_WAITING
        at java.lang.Thread.sleep(Native Method)
        at org.apache.hadoop.ozone.container.common.statemachine.DatanodeStateMachine.lambda$initCommandHandlerThread$1(DatanodeStateMachine.java:439)
        at org.apache.hadoop.ozone.container.common.statemachine.DatanodeStateMachine$$Lambda$137/1719414483.run(Unknown Source)
        at java.lang.Thread.run(Thread.java:748)
"IPC Server handler 18 on 40610" daemon prio=5 tid=133 timed_waiting
java.lang.Thread.State: TIMED_WAITING
        at sun.misc.Unsafe.park(Native Method)
        at java.util.concurrent.locks.LockSupport.parkNanos(LockSupport.java:215)
        at java.util.concurrent.locks.AbstractQueuedSynchronizer$ConditionObject.awaitNanos(AbstractQueuedSynchronizer.java:2078)
        at java.util.concurrent.LinkedBlockingQueue.poll(LinkedBlockingQueue.java:467)
        at org.apache.hadoop.ipc.CallQueueManager.take(CallQueueManager.java:288)
        at org.apache.hadoop.ipc.Server$Handler.run(Server.java:2668)
"pool-46-thread-28"  prio=5 tid=488 in Object.wait()
java.lang.Thread.State: WAITING (on object monitor)
        at sun.misc.Unsafe.park(Native Method)
        at java.util.concurrent.locks.LockSupport.park(LockSupport.java:175)
        at java.util.concurrent.locks.AbstractQueuedSynchronizer$ConditionObject.await(AbstractQueuedSynchronizer.java:2039)
        at java.util.concurrent.ArrayBlockingQueue.take(ArrayBlockingQueue.java:403)
        at java.util.concurrent.ThreadPoolExecutor.getTask(ThreadPoolExecutor.java:1074)
        at java.util.concurrent.ThreadPoolExecutor.runWorker(ThreadPoolExecutor.java:1134)
        at java.util.concurrent.ThreadPoolExecutor$Worker.run(ThreadPoolExecutor.java:624)
        at java.lang.Thread.run(Thread.java:748)
"org.eclipse.jetty.server.session.HashSessionManager@79a04e5fTimer" daemon prio=5 tid=329 timed_waiting
java.lang.Thread.State: TIMED_WAITING
        at sun.misc.Unsafe.park(Native Method)
        at java.util.concurrent.locks.LockSupport.parkNanos(LockSupport.java:215)
        at java.util.concurrent.locks.AbstractQueuedSynchronizer$ConditionObject.awaitNanos(AbstractQueuedSynchronizer.java:2078)
        at java.util.concurrent.ScheduledThreadPoolExecutor$DelayedWorkQueue.take(ScheduledThreadPoolExecutor.java:1093)
        at java.util.concurrent.ScheduledThreadPoolExecutor$DelayedWorkQueue.take(ScheduledThreadPoolExecutor.java:809)
        at java.util.concurrent.ThreadPoolExecutor.getTask(ThreadPoolExecutor.java:1074)
        at java.util.concurrent.ThreadPoolExecutor.runWorker(ThreadPoolExecutor.java:1134)
        at java.util.concurrent.ThreadPoolExecutor$Worker.run(ThreadPoolExecutor.java:624)
        at java.lang.Thread.run(Thread.java:748)
"pool-56-thread-18"  prio=5 tid=545 in Object.wait()
java.lang.Thread.State: WAITING (on object monitor)
        at sun.misc.Unsafe.park(Native Method)
        at java.util.concurrent.locks.LockSupport.park(LockSupport.java:175)
        at java.util.concurrent.locks.AbstractQueuedSynchronizer$ConditionObject.await(AbstractQueuedSynchronizer.java:2039)
        at java.util.concurrent.ArrayBlockingQueue.take(ArrayBlockingQueue.java:403)
        at java.util.concurrent.ThreadPoolExecutor.getTask(ThreadPoolExecutor.java:1074)
        at java.util.concurrent.ThreadPoolExecutor.runWorker(ThreadPoolExecutor.java:1134)
        at java.util.concurrent.ThreadPoolExecutor$Worker.run(ThreadPoolExecutor.java:624)
        at java.lang.Thread.run(Thread.java:748)
"pool-56-thread-19"  prio=5 tid=546 in Object.wait()
java.lang.Thread.State: WAITING (on object monitor)
        at sun.misc.Unsafe.park(Native Method)
        at java.util.concurrent.locks.LockSupport.park(LockSupport.java:175)
        at java.util.concurrent.locks.AbstractQueuedSynchronizer$ConditionObject.await(AbstractQueuedSynchronizer.java:2039)
        at java.util.concurrent.ArrayBlockingQueue.take(ArrayBlockingQueue.java:403)
        at java.util.concurrent.ThreadPoolExecutor.getTask(ThreadPoolExecutor.java:1074)
        at java.util.concurrent.ThreadPoolExecutor.runWorker(ThreadPoolExecutor.java:1134)
        at java.util.concurrent.ThreadPoolExecutor$Worker.run(ThreadPoolExecutor.java:624)
        at java.lang.Thread.run(Thread.java:748)
"pool-46-thread-21"  prio=5 tid=481 in Object.wait()
java.lang.Thread.State: WAITING (on object monitor)
        at sun.misc.Unsafe.park(Native Method)
        at java.util.concurrent.locks.LockSupport.park(LockSupport.java:175)
        at java.util.concurrent.locks.AbstractQueuedSynchronizer$ConditionObject.await(AbstractQueuedSynchronizer.java:2039)
        at java.util.concurrent.ArrayBlockingQueue.take(ArrayBlockingQueue.java:403)
        at java.util.concurrent.ThreadPoolExecutor.getTask(ThreadPoolExecutor.java:1074)
        at java.util.concurrent.ThreadPoolExecutor.runWorker(ThreadPoolExecutor.java:1134)
        at java.util.concurrent.ThreadPoolExecutor$Worker.run(ThreadPoolExecutor.java:624)
        at java.lang.Thread.run(Thread.java:748)
"IPC Server handler 5 on 40610" daemon prio=5 tid=120 timed_waiting
java.lang.Thread.State: TIMED_WAITING
        at sun.misc.Unsafe.park(Native Method)
        at java.util.concurrent.locks.LockSupport.parkNanos(LockSupport.java:215)
        at java.util.concurrent.locks.AbstractQueuedSynchronizer$ConditionObject.awaitNanos(AbstractQueuedSynchronizer.java:2078)
        at java.util.concurrent.LinkedBlockingQueue.poll(LinkedBlockingQueue.java:467)
        at org.apache.hadoop.ipc.CallQueueManager.take(CallQueueManager.java:288)
        at org.apache.hadoop.ipc.Server$Handler.run(Server.java:2668)
"pool-46-thread-14"  prio=5 tid=474 in Object.wait()
java.lang.Thread.State: WAITING (on object monitor)
        at sun.misc.Unsafe.park(Native Method)
        at java.util.concurrent.locks.LockSupport.park(LockSupport.java:175)
        at java.util.concurrent.locks.AbstractQueuedSynchronizer$ConditionObject.await(AbstractQueuedSynchronizer.java:2039)
        at java.util.concurrent.ArrayBlockingQueue.take(ArrayBlockingQueue.java:403)
        at java.util.concurrent.ThreadPoolExecutor.getTask(ThreadPoolExecutor.java:1074)
        at java.util.concurrent.ThreadPoolExecutor.runWorker(ThreadPoolExecutor.java:1134)
        at java.util.concurrent.ThreadPoolExecutor$Worker.run(ThreadPoolExecutor.java:624)
        at java.lang.Thread.run(Thread.java:748)
"Datanode ReportManager Thread - 0" daemon prio=5 tid=171 timed_waiting
java.lang.Thread.State: TIMED_WAITING
        at sun.misc.Unsafe.park(Native Method)
        at java.util.concurrent.locks.LockSupport.parkNanos(LockSupport.java:215)
        at java.util.concurrent.locks.AbstractQueuedSynchronizer$ConditionObject.awaitNanos(AbstractQueuedSynchronizer.java:2078)
        at java.util.concurrent.ScheduledThreadPoolExecutor$DelayedWorkQueue.take(ScheduledThreadPoolExecutor.java:1093)
        at java.util.concurrent.ScheduledThreadPoolExecutor$DelayedWorkQueue.take(ScheduledThreadPoolExecutor.java:809)
        at java.util.concurrent.ThreadPoolExecutor.getTask(ThreadPoolExecutor.java:1074)
        at java.util.concurrent.ThreadPoolExecutor.runWorker(ThreadPoolExecutor.java:1134)
        at java.util.concurrent.ThreadPoolExecutor$Worker.run(ThreadPoolExecutor.java:624)
        at java.lang.Thread.run(Thread.java:748)
"pool-56-thread-12"  prio=5 tid=539 in Object.wait()
java.lang.Thread.State: WAITING (on object monitor)
        at sun.misc.Unsafe.park(Native Method)
        at java.util.concurrent.locks.LockSupport.park(LockSupport.java:175)
        at java.util.concurrent.locks.AbstractQueuedSynchronizer$ConditionObject.await(AbstractQueuedSynchronizer.java:2039)
        at java.util.concurrent.ArrayBlockingQueue.take(ArrayBlockingQueue.java:403)
        at java.util.concurrent.ThreadPoolExecutor.getTask(ThreadPoolExecutor.java:1074)
        at java.util.concurrent.ThreadPoolExecutor.runWorker(ThreadPoolExecutor.java:1134)
        at java.util.concurrent.ThreadPoolExecutor$Worker.run(ThreadPoolExecutor.java:624)
        at java.lang.Thread.run(Thread.java:748)
"pool-56-thread-11"  prio=5 tid=538 in Object.wait()
java.lang.Thread.State: WAITING (on object monitor)
        at sun.misc.Unsafe.park(Native Method)
        at java.util.concurrent.locks.LockSupport.park(LockSupport.java:175)
        at java.util.concurrent.locks.AbstractQueuedSynchronizer$ConditionObject.await(AbstractQueuedSynchronizer.java:2039)
        at java.util.concurrent.ArrayBlockingQueue.take(ArrayBlockingQueue.java:403)
        at java.util.concurrent.ThreadPoolExecutor.getTask(ThreadPoolExecutor.java:1074)
        at java.util.concurrent.ThreadPoolExecutor.runWorker(ThreadPoolExecutor.java:1134)
        at java.util.concurrent.ThreadPoolExecutor$Worker.run(ThreadPoolExecutor.java:624)
        at java.lang.Thread.run(Thread.java:748)
"qtp978035840-142" daemon prio=5 tid=142 timed_waiting
java.lang.Thread.State: TIMED_WAITING
        at sun.misc.Unsafe.park(Native Method)
        at java.util.concurrent.locks.LockSupport.parkNanos(LockSupport.java:215)
        at java.util.concurrent.locks.AbstractQueuedSynchronizer$ConditionObject.awaitNanos(AbstractQueuedSynchronizer.java:2078)
        at org.eclipse.jetty.util.BlockingArrayQueue.poll(BlockingArrayQueue.java:392)
        at org.eclipse.jetty.util.thread.QueuedThreadPool.idleJobPoll(QueuedThreadPool.java:563)
        at org.eclipse.jetty.util.thread.QueuedThreadPool.access$800(QueuedThreadPool.java:48)
        at org.eclipse.jetty.util.thread.QueuedThreadPool$2.run(QueuedThreadPool.java:626)
        at java.lang.Thread.run(Thread.java:748)
"pool-86-thread-17"  prio=5 tid=730 in Object.wait()
java.lang.Thread.State: WAITING (on object monitor)
        at sun.misc.Unsafe.park(Native Method)
        at java.util.concurrent.locks.LockSupport.park(LockSupport.java:175)
        at java.util.concurrent.locks.AbstractQueuedSynchronizer$ConditionObject.await(AbstractQueuedSynchronizer.java:2039)
        at java.util.concurrent.ArrayBlockingQueue.take(ArrayBlockingQueue.java:403)
        at java.util.concurrent.ThreadPoolExecutor.getTask(ThreadPoolExecutor.java:1074)
        at java.util.concurrent.ThreadPoolExecutor.runWorker(ThreadPoolExecutor.java:1134)
        at java.util.concurrent.ThreadPoolExecutor$Worker.run(ThreadPoolExecutor.java:624)
        at java.lang.Thread.run(Thread.java:748)
"pool-66-thread-56"  prio=5 tid=645 in Object.wait()
java.lang.Thread.State: WAITING (on object monitor)
        at sun.misc.Unsafe.park(Native Method)
        at java.util.concurrent.locks.LockSupport.park(LockSupport.java:175)
        at java.util.concurrent.locks.AbstractQueuedSynchronizer$ConditionObject.await(AbstractQueuedSynchronizer.java:2039)
        at java.util.concurrent.ArrayBlockingQueue.take(ArrayBlockingQueue.java:403)
        at java.util.concurrent.ThreadPoolExecutor.getTask(ThreadPoolExecutor.java:1074)
        at java.util.concurrent.ThreadPoolExecutor.runWorker(ThreadPoolExecutor.java:1134)
        at java.util.concurrent.ThreadPoolExecutor$Worker.run(ThreadPoolExecutor.java:624)
        at java.lang.Thread.run(Thread.java:748)
"pool-36-thread-17"  prio=5 tid=417 in Object.wait()
java.lang.Thread.State: WAITING (on object monitor)
        at sun.misc.Unsafe.park(Native Method)
        at java.util.concurrent.locks.LockSupport.park(LockSupport.java:175)
        at java.util.concurrent.locks.AbstractQueuedSynchronizer$ConditionObject.await(AbstractQueuedSynchronizer.java:2039)
        at java.util.concurrent.ArrayBlockingQueue.take(ArrayBlockingQueue.java:403)
        at java.util.concurrent.ThreadPoolExecutor.getTask(ThreadPoolExecutor.java:1074)
        at java.util.concurrent.ThreadPoolExecutor.runWorker(ThreadPoolExecutor.java:1134)
        at java.util.concurrent.ThreadPoolExecutor$Worker.run(ThreadPoolExecutor.java:624)
        at java.lang.Thread.run(Thread.java:748)
"Datanode ReportManager Thread - 2" daemon prio=5 tid=254 in Object.wait()
java.lang.Thread.State: WAITING (on object monitor)
        at sun.misc.Unsafe.park(Native Method)
        at java.util.concurrent.locks.LockSupport.park(LockSupport.java:175)
        at java.util.concurrent.locks.AbstractQueuedSynchronizer$ConditionObject.await(AbstractQueuedSynchronizer.java:2039)
        at java.util.concurrent.ScheduledThreadPoolExecutor$DelayedWorkQueue.take(ScheduledThreadPoolExecutor.java:1088)
        at java.util.concurrent.ScheduledThreadPoolExecutor$DelayedWorkQueue.take(ScheduledThreadPoolExecutor.java:809)
        at java.util.concurrent.ThreadPoolExecutor.getTask(ThreadPoolExecutor.java:1074)
        at java.util.concurrent.ThreadPoolExecutor.runWorker(ThreadPoolExecutor.java:1134)
        at java.util.concurrent.ThreadPoolExecutor$Worker.run(ThreadPoolExecutor.java:624)
        at java.lang.Thread.run(Thread.java:748)
"pool-56-thread-55"  prio=5 tid=582 in Object.wait()
java.lang.Thread.State: WAITING (on object monitor)
        at sun.misc.Unsafe.park(Native Method)
        at java.util.concurrent.locks.LockSupport.park(LockSupport.java:175)
        at java.util.concurrent.locks.AbstractQueuedSynchronizer$ConditionObject.await(AbstractQueuedSynchronizer.java:2039)
        at java.util.concurrent.ArrayBlockingQueue.take(ArrayBlockingQueue.java:403)
        at java.util.concurrent.ThreadPoolExecutor.getTask(ThreadPoolExecutor.java:1074)
        at java.util.concurrent.ThreadPoolExecutor.runWorker(ThreadPoolExecutor.java:1134)
        at java.util.concurrent.ThreadPoolExecutor$Worker.run(ThreadPoolExecutor.java:624)
        at java.lang.Thread.run(Thread.java:748)
"pool-26-thread-6"  prio=5 tid=346 in Object.wait()
java.lang.Thread.State: WAITING (on object monitor)
        at sun.misc.Unsafe.park(Native Method)
        at java.util.concurrent.locks.LockSupport.park(LockSupport.java:175)
        at java.util.concurrent.locks.AbstractQueuedSynchronizer$ConditionObject.await(AbstractQueuedSynchronizer.java:2039)
        at java.util.concurrent.ArrayBlockingQueue.take(ArrayBlockingQueue.java:403)
        at java.util.concurrent.ThreadPoolExecutor.getTask(ThreadPoolExecutor.java:1074)
        at java.util.concurrent.ThreadPoolExecutor.runWorker(ThreadPoolExecutor.java:1134)
        at java.util.concurrent.ThreadPoolExecutor$Worker.run(ThreadPoolExecutor.java:624)
        at java.lang.Thread.run(Thread.java:748)
"90957f92-0013-496b-a419-9c1212c810e8@group-054128F2D0E1-SegmentedRaftLogWorker"  prio=5 tid=792 timed_waiting
java.lang.Thread.State: TIMED_WAITING
        at sun.misc.Unsafe.park(Native Method)
        at java.util.concurrent.locks.LockSupport.parkNanos(LockSupport.java:215)
        at java.util.concurrent.locks.AbstractQueuedSynchronizer$ConditionObject.awaitNanos(AbstractQueuedSynchronizer.java:2078)
        at org.apache.ratis.util.DataBlockingQueue.poll(DataBlockingQueue.java:137)
        at org.apache.ratis.server.raftlog.segmented.SegmentedRaftLogWorker.run(SegmentedRaftLogWorker.java:283)
        at java.lang.Thread.run(Thread.java:748)
"pool-66-thread-35"  prio=5 tid=624 in Object.wait()
java.lang.Thread.State: WAITING (on object monitor)
        at sun.misc.Unsafe.park(Native Method)
        at java.util.concurrent.locks.LockSupport.park(LockSupport.java:175)
        at java.util.concurrent.locks.AbstractQueuedSynchronizer$ConditionObject.await(AbstractQueuedSynchronizer.java:2039)
        at java.util.concurrent.ArrayBlockingQueue.take(ArrayBlockingQueue.java:403)
        at java.util.concurrent.ThreadPoolExecutor.getTask(ThreadPoolExecutor.java:1074)
        at java.util.concurrent.ThreadPoolExecutor.runWorker(ThreadPoolExecutor.java:1134)
        at java.util.concurrent.ThreadPoolExecutor$Worker.run(ThreadPoolExecutor.java:624)
        at java.lang.Thread.run(Thread.java:748)
"pool-76-thread-20"  prio=5 tid=671 in Object.wait()
java.lang.Thread.State: WAITING (on object monitor)
        at sun.misc.Unsafe.park(Native Method)
        at java.util.concurrent.locks.LockSupport.park(LockSupport.java:175)
        at java.util.concurrent.locks.AbstractQueuedSynchronizer$ConditionObject.await(AbstractQueuedSynchronizer.java:2039)
        at java.util.concurrent.ArrayBlockingQueue.take(ArrayBlockingQueue.java:403)
        at java.util.concurrent.ThreadPoolExecutor.getTask(ThreadPoolExecutor.java:1074)
        at java.util.concurrent.ThreadPoolExecutor.runWorker(ThreadPoolExecutor.java:1134)
        at java.util.concurrent.ThreadPoolExecutor$Worker.run(ThreadPoolExecutor.java:624)
        at java.lang.Thread.run(Thread.java:748)
"pool-56-thread-2"  prio=5 tid=529 in Object.wait()
java.lang.Thread.State: WAITING (on object monitor)
        at sun.misc.Unsafe.park(Native Method)
        at java.util.concurrent.locks.LockSupport.park(LockSupport.java:175)
        at java.util.concurrent.locks.AbstractQueuedSynchronizer$ConditionObject.await(AbstractQueuedSynchronizer.java:2039)
        at java.util.concurrent.ArrayBlockingQueue.take(ArrayBlockingQueue.java:403)
        at java.util.concurrent.ThreadPoolExecutor.getTask(ThreadPoolExecutor.java:1074)
        at java.util.concurrent.ThreadPoolExecutor.runWorker(ThreadPoolExecutor.java:1134)
        at java.util.concurrent.ThreadPoolExecutor$Worker.run(ThreadPoolExecutor.java:624)
        at java.lang.Thread.run(Thread.java:748)
"qtp523528914-321" daemon prio=5 tid=321 runnable
java.lang.Thread.State: RUNNABLE
        at sun.nio.ch.EPollArrayWrapper.epollWait(Native Method)
        at sun.nio.ch.EPollArrayWrapper.poll(EPollArrayWrapper.java:269)
        at sun.nio.ch.EPollSelectorImpl.doSelect(EPollSelectorImpl.java:93)
        at sun.nio.ch.SelectorImpl.lockAndDoSelect(SelectorImpl.java:86)
        at sun.nio.ch.SelectorImpl.select(SelectorImpl.java:97)
        at sun.nio.ch.SelectorImpl.select(SelectorImpl.java:101)
        at org.eclipse.jetty.io.ManagedSelector$SelectorProducer.select(ManagedSelector.java:243)
        at org.eclipse.jetty.io.ManagedSelector$SelectorProducer.produce(ManagedSelector.java:191)
        at org.eclipse.jetty.util.thread.strategy.ExecuteProduceConsume.executeProduceConsume(ExecuteProduceConsume.java:249)
        at org.eclipse.jetty.util.thread.strategy.ExecuteProduceConsume.produceConsume(ExecuteProduceConsume.java:148)
        at org.eclipse.jetty.util.thread.strategy.ExecuteProduceConsume.execute(ExecuteProduceConsume.java:100)
        at org.eclipse.jetty.io.ManagedSelector.run(ManagedSelector.java:147)
        at org.eclipse.jetty.util.thread.QueuedThreadPool.runJob(QueuedThreadPool.java:671)
        at org.eclipse.jetty.util.thread.QueuedThreadPool$2.run(QueuedThreadPool.java:589)
        at java.lang.Thread.run(Thread.java:748)
"pool-36-thread-2"  prio=5 tid=402 in Object.wait()
java.lang.Thread.State: WAITING (on object monitor)
        at sun.misc.Unsafe.park(Native Method)
        at java.util.concurrent.locks.LockSupport.park(LockSupport.java:175)
        at java.util.concurrent.locks.AbstractQueuedSynchronizer$ConditionObject.await(AbstractQueuedSynchronizer.java:2039)
        at java.util.concurrent.ArrayBlockingQueue.take(ArrayBlockingQueue.java:403)
        at java.util.concurrent.ThreadPoolExecutor.getTask(ThreadPoolExecutor.java:1074)
        at java.util.concurrent.ThreadPoolExecutor.runWorker(ThreadPoolExecutor.java:1134)
        at java.util.concurrent.ThreadPoolExecutor$Worker.run(ThreadPoolExecutor.java:624)
        at java.lang.Thread.run(Thread.java:748)
"refreshUsed-/workdir/hadoop-ozone/integration-test/target/test-dir/MiniOzoneClusterImpl-60a3af6c-3451-4a8a-82ad-625647a1d2f0/datanode-3/data/containers" daemon prio=5 tid=235 timed_waiting
java.lang.Thread.State: TIMED_WAITING
        at java.lang.Thread.sleep(Native Method)
        at org.apache.hadoop.fs.CachingGetSpaceUsed$RefreshThread.run(CachingGetSpaceUsed.java:179)
        at java.lang.Thread.run(Thread.java:748)
"prometheus" daemon prio=5 tid=100 in Object.wait()
java.lang.Thread.State: WAITING (on object monitor)
        at java.lang.Object.wait(Native Method)
        at java.lang.Object.wait(Object.java:502)
        at org.apache.hadoop.metrics2.impl.SinkQueue.waitForData(SinkQueue.java:114)
        at org.apache.hadoop.metrics2.impl.SinkQueue.consumeAll(SinkQueue.java:83)
        at org.apache.hadoop.metrics2.impl.MetricsSinkAdapter.publishMetricsFromQueue(MetricsSinkAdapter.java:135)
        at org.apache.hadoop.metrics2.impl.MetricsSinkAdapter$1.run(MetricsSinkAdapter.java:89)
"pool-76-thread-54"  prio=5 tid=705 in Object.wait()
java.lang.Thread.State: WAITING (on object monitor)
        at sun.misc.Unsafe.park(Native Method)
        at java.util.concurrent.locks.LockSupport.park(LockSupport.java:175)
        at java.util.concurrent.locks.AbstractQueuedSynchronizer$ConditionObject.await(AbstractQueuedSynchronizer.java:2039)
        at java.util.concurrent.ArrayBlockingQueue.take(ArrayBlockingQueue.java:403)
        at java.util.concurrent.ThreadPoolExecutor.getTask(ThreadPoolExecutor.java:1074)
        at java.util.concurrent.ThreadPoolExecutor.runWorker(ThreadPoolExecutor.java:1134)
        at java.util.concurrent.ThreadPoolExecutor$Worker.run(ThreadPoolExecutor.java:624)
        at java.lang.Thread.run(Thread.java:748)
"IPC Server Responder" daemon prio=5 tid=25 runnable
java.lang.Thread.State: RUNNABLE
        at sun.nio.ch.EPollArrayWrapper.epollWait(Native Method)
        at sun.nio.ch.EPollArrayWrapper.poll(EPollArrayWrapper.java:269)
        at sun.nio.ch.EPollSelectorImpl.doSelect(EPollSelectorImpl.java:93)
        at sun.nio.ch.SelectorImpl.lockAndDoSelect(SelectorImpl.java:86)
        at sun.nio.ch.SelectorImpl.select(SelectorImpl.java:97)
        at org.apache.hadoop.ipc.Server$Responder.doRunLoop(Server.java:1334)
        at org.apache.hadoop.ipc.Server$Responder.run(Server.java:1317)
"pool-76-thread-4"  prio=5 tid=655 in Object.wait()
java.lang.Thread.State: WAITING (on object monitor)
        at sun.misc.Unsafe.park(Native Method)
        at java.util.concurrent.locks.LockSupport.park(LockSupport.java:175)
        at java.util.concurrent.locks.AbstractQueuedSynchronizer$ConditionObject.await(AbstractQueuedSynchronizer.java:2039)
        at java.util.concurrent.ArrayBlockingQueue.take(ArrayBlockingQueue.java:403)
        at java.util.concurrent.ThreadPoolExecutor.getTask(ThreadPoolExecutor.java:1074)
        at java.util.concurrent.ThreadPoolExecutor.runWorker(ThreadPoolExecutor.java:1134)
        at java.util.concurrent.ThreadPoolExecutor$Worker.run(ThreadPoolExecutor.java:624)
        at java.lang.Thread.run(Thread.java:748)
"pool-26-thread-23"  prio=5 tid=363 in Object.wait()
java.lang.Thread.State: WAITING (on object monitor)
        at sun.misc.Unsafe.park(Native Method)
        at java.util.concurrent.locks.LockSupport.park(LockSupport.java:175)
        at java.util.concurrent.locks.AbstractQueuedSynchronizer$ConditionObject.await(AbstractQueuedSynchronizer.java:2039)
        at java.util.concurrent.ArrayBlockingQueue.take(ArrayBlockingQueue.java:403)
        at java.util.concurrent.ThreadPoolExecutor.getTask(ThreadPoolExecutor.java:1074)
        at java.util.concurrent.ThreadPoolExecutor.runWorker(ThreadPoolExecutor.java:1134)
        at java.util.concurrent.ThreadPoolExecutor$Worker.run(ThreadPoolExecutor.java:624)
        at java.lang.Thread.run(Thread.java:748)
"metrics-hadoop-metrics2-reporter-6-thread-1" daemon prio=5 tid=809 timed_waiting
java.lang.Thread.State: TIMED_WAITING
        at sun.misc.Unsafe.park(Native Method)
        at java.util.concurrent.locks.LockSupport.parkNanos(LockSupport.java:215)
        at java.util.concurrent.locks.AbstractQueuedSynchronizer$ConditionObject.awaitNanos(AbstractQueuedSynchronizer.java:2078)
        at java.util.concurrent.ScheduledThreadPoolExecutor$DelayedWorkQueue.take(ScheduledThreadPoolExecutor.java:1093)
        at java.util.concurrent.ScheduledThreadPoolExecutor$DelayedWorkQueue.take(ScheduledThreadPoolExecutor.java:809)
        at java.util.concurrent.ThreadPoolExecutor.getTask(ThreadPoolExecutor.java:1074)
        at java.util.concurrent.ThreadPoolExecutor.runWorker(ThreadPoolExecutor.java:1134)
        at java.util.concurrent.ThreadPoolExecutor$Worker.run(ThreadPoolExecutor.java:624)
        at java.lang.Thread.run(Thread.java:748)
"pool-76-thread-17"  prio=5 tid=668 in Object.wait()
java.lang.Thread.State: WAITING (on object monitor)
        at sun.misc.Unsafe.park(Native Method)
        at java.util.concurrent.locks.LockSupport.park(LockSupport.java:175)
        at java.util.concurrent.locks.AbstractQueuedSynchronizer$ConditionObject.await(AbstractQueuedSynchronizer.java:2039)
        at java.util.concurrent.ArrayBlockingQueue.take(ArrayBlockingQueue.java:403)
        at java.util.concurrent.ThreadPoolExecutor.getTask(ThreadPoolExecutor.java:1074)
        at java.util.concurrent.ThreadPoolExecutor.runWorker(ThreadPoolExecutor.java:1134)
        at java.util.concurrent.ThreadPoolExecutor$Worker.run(ThreadPoolExecutor.java:624)
        at java.lang.Thread.run(Thread.java:748)


	at org.apache.hadoop.test.GenericTestUtils.waitFor(GenericTestUtils.java:389)
	at org.apache.hadoop.ozone.container.ContainerTestHelper.waitForContainerClose(ContainerTestHelper.java:863)
	at org.apache.hadoop.ozone.container.ContainerTestHelper.waitForContainerClose(ContainerTestHelper.java:741)
	at org.apache.hadoop.ozone.client.rpc.TestCloseContainerHandlingByClient.waitForContainerClose(TestCloseContainerHandlingByClient.java:342)
	at org.apache.hadoop.ozone.client.rpc.TestCloseContainerHandlingByClient.testMultiBlockWrites3(TestCloseContainerHandlingByClient.java:310)
	at sun.reflect.NativeMethodAccessorImpl.invoke0(Native Method)
	at sun.reflect.NativeMethodAccessorImpl.invoke(NativeMethodAccessorImpl.java:62)
	at sun.reflect.DelegatingMethodAccessorImpl.invoke(DelegatingMethodAccessorImpl.java:43)
	at java.lang.reflect.Method.invoke(Method.java:498)
	at org.junit.runners.model.FrameworkMethod$1.runReflectiveCall(FrameworkMethod.java:47)
	at org.junit.internal.runners.model.ReflectiveCallable.run(ReflectiveCallable.java:12)
	at org.junit.runners.model.FrameworkMethod.invokeExplosively(FrameworkMethod.java:44)
	at org.junit.internal.runners.statements.InvokeMethod.evaluate(InvokeMethod.java:17)
	at org.junit.runners.ParentRunner.runLeaf(ParentRunner.java:271)
	at org.junit.runners.BlockJUnit4ClassRunner.runChild(BlockJUnit4ClassRunner.java:70)
	at org.junit.runners.BlockJUnit4ClassRunner.runChild(BlockJUnit4ClassRunner.java:50)
	at org.junit.runners.ParentRunner$3.run(ParentRunner.java:238)
	at org.junit.runners.ParentRunner$1.schedule(ParentRunner.java:63)
	at org.junit.runners.ParentRunner.runChildren(ParentRunner.java:236)
	at org.junit.runners.ParentRunner.access$000(ParentRunner.java:53)
	at org.junit.runners.ParentRunner$2.evaluate(ParentRunner.java:229)
	at org.junit.internal.runners.statements.RunBefores.evaluate(RunBefores.java:26)
	at org.junit.internal.runners.statements.RunAfters.evaluate(RunAfters.java:27)
	at org.junit.runners.ParentRunner.run(ParentRunner.java:309)
	at org.apache.maven.surefire.junit4.JUnit4Provider.execute(JUnit4Provider.java:365)
	at org.apache.maven.surefire.junit4.JUnit4Provider.executeWithRerun(JUnit4Provider.java:273)
	at org.apache.maven.surefire.junit4.JUnit4Provider.executeTestSet(JUnit4Provider.java:238)
	at org.apache.maven.surefire.junit4.JUnit4Provider.invoke(JUnit4Provider.java:159)
	at org.apache.maven.surefire.booter.ForkedBooter.invokeProviderInSameClassLoader(ForkedBooter.java:384)
	at org.apache.maven.surefire.booter.ForkedBooter.runSuitesInProcess(ForkedBooter.java:345)
	at org.apache.maven.surefire.booter.ForkedBooter.execute(ForkedBooter.java:126)
	at org.apache.maven.surefire.booter.ForkedBooter.main(ForkedBooter.java:418)
</error>
    <system-out><![CDATA[2019-09-12 04:24:45,460 [grpc-default-executor-16] INFO  client.GrpcClientProtocolClient (GrpcClientProtocolClient.java:onNext(264)) - client-6815E68BD393->90957f92-0013-496b-a419-9c1212c810e8: receive RaftClientReply:client-6815E68BD393->90957f92-0013-496b-a419-9c1212c810e8@group-6371820A5F4C, cid=429, FAILED org.apache.ratis.protocol.NotLeaderException: Server 90957f92-0013-496b-a419-9c1212c810e8@group-6371820A5F4C is not the leader 8466bef0-9559-4d2e-b20d-aaf3fd2b14fd:192.168.34.8:32905, logIndex=0, commits[90957f92-0013-496b-a419-9c1212c810e8:c44, 897fdfd8-a3cb-4c9b-9ef8-a626c4e76414:c29, 8466bef0-9559-4d2e-b20d-aaf3fd2b14fd:c44]
2019-09-12 04:24:45,501 [grpc-default-executor-16] INFO  client.GrpcClientProtocolClient (GrpcClientProtocolClient.java:onNext(264)) - client-6815E68BD393->8466bef0-9559-4d2e-b20d-aaf3fd2b14fd: receive RaftClientReply:client-6815E68BD393->8466bef0-9559-4d2e-b20d-aaf3fd2b14fd@group-6371820A5F4C, cid=429, SUCCESS, logIndex=45, commits[8466bef0-9559-4d2e-b20d-aaf3fd2b14fd:c45, 897fdfd8-a3cb-4c9b-9ef8-a626c4e76414:c29, 90957f92-0013-496b-a419-9c1212c810e8:c44]
2019-09-12 04:24:45,543 [grpc-default-executor-11] INFO  client.GrpcClientProtocolClient (GrpcClientProtocolClient.java:onNext(264)) - client-6815E68BD393->8466bef0-9559-4d2e-b20d-aaf3fd2b14fd: receive RaftClientReply:client-6815E68BD393->8466bef0-9559-4d2e-b20d-aaf3fd2b14fd@group-6371820A5F4C, cid=430, SUCCESS, logIndex=47, commits[8466bef0-9559-4d2e-b20d-aaf3fd2b14fd:c49, 897fdfd8-a3cb-4c9b-9ef8-a626c4e76414:c29, 90957f92-0013-496b-a419-9c1212c810e8:c45]
2019-09-12 04:24:45,544 [grpc-default-executor-11] INFO  client.GrpcClientProtocolClient (GrpcClientProtocolClient.java:onNext(264)) - client-6815E68BD393->8466bef0-9559-4d2e-b20d-aaf3fd2b14fd: receive RaftClientReply:client-6815E68BD393->8466bef0-9559-4d2e-b20d-aaf3fd2b14fd@group-6371820A5F4C, cid=431, SUCCESS, logIndex=48, commits[8466bef0-9559-4d2e-b20d-aaf3fd2b14fd:c49, 897fdfd8-a3cb-4c9b-9ef8-a626c4e76414:c29, 90957f92-0013-496b-a419-9c1212c810e8:c45]
2019-09-12 04:24:45,544 [grpc-default-executor-11] INFO  client.GrpcClientProtocolClient (GrpcClientProtocolClient.java:onNext(264)) - client-6815E68BD393->8466bef0-9559-4d2e-b20d-aaf3fd2b14fd: receive RaftClientReply:client-6815E68BD393->8466bef0-9559-4d2e-b20d-aaf3fd2b14fd@group-6371820A5F4C, cid=432, SUCCESS, logIndex=49, commits[8466bef0-9559-4d2e-b20d-aaf3fd2b14fd:c49, 897fdfd8-a3cb-4c9b-9ef8-a626c4e76414:c29, 90957f92-0013-496b-a419-9c1212c810e8:c45]
2019-09-12 04:24:45,599 [grpc-default-executor-11] INFO  impl.RaftServerProxy (RaftServerProxy.java:remove(95)) - f3263f9a-ef6c-4ff4-a6b2-5a62e946b753: remove group-6D8373F8491B:null
2019-09-12 04:24:45,601 [RatisPipelineUtilsThread] WARN  pipeline.RatisPipelineUtils (RatisPipelineUtils.java:destroyPipeline(66)) - Pipeline destroy failed for pipeline=PipelineID=01d26c0f-af01-4266-92c2-6d8373f8491b dn=f3263f9a-ef6c-4ff4-a6b2-5a62e946b753{ip: 192.168.34.8, host: pr-hdds-1879-pbs75-1821932185, networkLocation: /default-rack, certSerialId: null}
2019-09-12 04:24:45,603 [grpc-default-executor-11] INFO  impl.RaftServerProxy (RaftServerProxy.java:remove(95)) - 2d4da40c-dd43-4554-9707-f6503cf38c80: remove group-6D8373F8491B:null
2019-09-12 04:24:45,604 [RatisPipelineUtilsThread] WARN  pipeline.RatisPipelineUtils (RatisPipelineUtils.java:destroyPipeline(66)) - Pipeline destroy failed for pipeline=PipelineID=01d26c0f-af01-4266-92c2-6d8373f8491b dn=2d4da40c-dd43-4554-9707-f6503cf38c80{ip: 192.168.34.8, host: pr-hdds-1879-pbs75-1821932185, networkLocation: /default-rack, certSerialId: null}
2019-09-12 04:24:45,606 [grpc-default-executor-11] INFO  impl.RaftServerProxy (RaftServerProxy.java:remove(95)) - a413c2ef-7abc-47d7-b263-b9548e673ba5: remove group-6D8373F8491B:null
2019-09-12 04:24:45,608 [RatisPipelineUtilsThread] WARN  pipeline.RatisPipelineUtils (RatisPipelineUtils.java:destroyPipeline(66)) - Pipeline destroy failed for pipeline=PipelineID=01d26c0f-af01-4266-92c2-6d8373f8491b dn=a413c2ef-7abc-47d7-b263-b9548e673ba5{ip: 192.168.34.8, host: pr-hdds-1879-pbs75-1821932185, networkLocation: /default-rack, certSerialId: null}
2019-09-12 04:24:45,608 [RatisPipelineUtilsThread] ERROR pipeline.SCMPipelineManager (Scheduler.java:lambda$schedule$1(70)) - Destroy pipeline failed for pipeline:Pipeline[ Id: 01d26c0f-af01-4266-92c2-6d8373f8491b, Nodes: f3263f9a-ef6c-4ff4-a6b2-5a62e946b753{ip: 192.168.34.8, host: pr-hdds-1879-pbs75-1821932185, networkLocation: /default-rack, certSerialId: null}2d4da40c-dd43-4554-9707-f6503cf38c80{ip: 192.168.34.8, host: pr-hdds-1879-pbs75-1821932185, networkLocation: /default-rack, certSerialId: null}a413c2ef-7abc-47d7-b263-b9548e673ba5{ip: 192.168.34.8, host: pr-hdds-1879-pbs75-1821932185, networkLocation: /default-rack, certSerialId: null}, Type:RATIS, Factor:THREE, State:CLOSED]
org.apache.hadoop.hdds.scm.pipeline.PipelineNotFoundException: PipelineID=01d26c0f-af01-4266-92c2-6d8373f8491b not found
	at org.apache.hadoop.hdds.scm.pipeline.PipelineStateMap.getPipeline(PipelineStateMap.java:132)
	at org.apache.hadoop.hdds.scm.pipeline.PipelineStateMap.removePipeline(PipelineStateMap.java:322)
	at org.apache.hadoop.hdds.scm.pipeline.PipelineStateManager.removePipeline(PipelineStateManager.java:107)
	at org.apache.hadoop.hdds.scm.pipeline.SCMPipelineManager.removePipeline(SCMPipelineManager.java:423)
	at org.apache.hadoop.hdds.scm.pipeline.SCMPipelineManager.destroyPipeline(SCMPipelineManager.java:409)
	at org.apache.hadoop.hdds.scm.pipeline.SCMPipelineManager.lambda$finalizeAndDestroyPipeline$0(SCMPipelineManager.java:318)
	at org.apache.hadoop.utils.Scheduler.lambda$schedule$1(Scheduler.java:68)
	at java.util.concurrent.Executors$RunnableAdapter.call(Executors.java:511)
	at java.util.concurrent.FutureTask.run(FutureTask.java:266)
	at java.util.concurrent.ScheduledThreadPoolExecutor$ScheduledFutureTask.access$201(ScheduledThreadPoolExecutor.java:180)
	at java.util.concurrent.ScheduledThreadPoolExecutor$ScheduledFutureTask.run(ScheduledThreadPoolExecutor.java:293)
	at java.util.concurrent.ThreadPoolExecutor.runWorker(ThreadPoolExecutor.java:1149)
	at java.util.concurrent.ThreadPoolExecutor$Worker.run(ThreadPoolExecutor.java:624)
	at java.lang.Thread.run(Thread.java:748)
2019-09-12 04:24:46,893 [java.util.concurrent.ThreadPoolExecutor$Worker@545d3615[State = -1, empty queue]] WARN  server.GrpcLogAppender (GrpcLogAppender.java:timeoutAppendRequest(200)) - 8466bef0-9559-4d2e-b20d-aaf3fd2b14fd@group-6371820A5F4C->897fdfd8-a3cb-4c9b-9ef8-a626c4e76414-GrpcLogAppender: appendEntries Timeout, request=8466bef0-9559-4d2e-b20d-aaf3fd2b14fd->897fdfd8-a3cb-4c9b-9ef8-a626c4e76414#220-t1, previous=(t:1, i:44), leaderCommit=44, initializing? false, entries: <empty>
2019-09-12 04:24:47,599 [grpc-default-executor-11] INFO  impl.RaftServerProxy (RaftServerProxy.java:remove(95)) - f3263f9a-ef6c-4ff4-a6b2-5a62e946b753: remove group-6D8373F8491B:null
2019-09-12 04:24:47,601 [RatisPipelineUtilsThread] WARN  pipeline.RatisPipelineUtils (RatisPipelineUtils.java:destroyPipeline(66)) - Pipeline destroy failed for pipeline=PipelineID=01d26c0f-af01-4266-92c2-6d8373f8491b dn=f3263f9a-ef6c-4ff4-a6b2-5a62e946b753{ip: 192.168.34.8, host: pr-hdds-1879-pbs75-1821932185, networkLocation: /default-rack, certSerialId: null}
2019-09-12 04:24:47,603 [grpc-default-executor-11] INFO  impl.RaftServerProxy (RaftServerProxy.java:remove(95)) - 2d4da40c-dd43-4554-9707-f6503cf38c80: remove group-6D8373F8491B:null
2019-09-12 04:24:47,605 [RatisPipelineUtilsThread] WARN  pipeline.RatisPipelineUtils (RatisPipelineUtils.java:destroyPipeline(66)) - Pipeline destroy failed for pipeline=PipelineID=01d26c0f-af01-4266-92c2-6d8373f8491b dn=2d4da40c-dd43-4554-9707-f6503cf38c80{ip: 192.168.34.8, host: pr-hdds-1879-pbs75-1821932185, networkLocation: /default-rack, certSerialId: null}
2019-09-12 04:24:47,607 [grpc-default-executor-11] INFO  impl.RaftServerProxy (RaftServerProxy.java:remove(95)) - a413c2ef-7abc-47d7-b263-b9548e673ba5: remove group-6D8373F8491B:null
2019-09-12 04:24:47,609 [RatisPipelineUtilsThread] WARN  pipeline.RatisPipelineUtils (RatisPipelineUtils.java:destroyPipeline(66)) - Pipeline destroy failed for pipeline=PipelineID=01d26c0f-af01-4266-92c2-6d8373f8491b dn=a413c2ef-7abc-47d7-b263-b9548e673ba5{ip: 192.168.34.8, host: pr-hdds-1879-pbs75-1821932185, networkLocation: /default-rack, certSerialId: null}
2019-09-12 04:24:47,609 [RatisPipelineUtilsThread] ERROR pipeline.SCMPipelineManager (Scheduler.java:lambda$schedule$1(70)) - Destroy pipeline failed for pipeline:Pipeline[ Id: 01d26c0f-af01-4266-92c2-6d8373f8491b, Nodes: f3263f9a-ef6c-4ff4-a6b2-5a62e946b753{ip: 192.168.34.8, host: pr-hdds-1879-pbs75-1821932185, networkLocation: /default-rack, certSerialId: null}2d4da40c-dd43-4554-9707-f6503cf38c80{ip: 192.168.34.8, host: pr-hdds-1879-pbs75-1821932185, networkLocation: /default-rack, certSerialId: null}a413c2ef-7abc-47d7-b263-b9548e673ba5{ip: 192.168.34.8, host: pr-hdds-1879-pbs75-1821932185, networkLocation: /default-rack, certSerialId: null}, Type:RATIS, Factor:THREE, State:CLOSED]
org.apache.hadoop.hdds.scm.pipeline.PipelineNotFoundException: PipelineID=01d26c0f-af01-4266-92c2-6d8373f8491b not found
	at org.apache.hadoop.hdds.scm.pipeline.PipelineStateMap.getPipeline(PipelineStateMap.java:132)
	at org.apache.hadoop.hdds.scm.pipeline.PipelineStateMap.removePipeline(PipelineStateMap.java:322)
	at org.apache.hadoop.hdds.scm.pipeline.PipelineStateManager.removePipeline(PipelineStateManager.java:107)
	at org.apache.hadoop.hdds.scm.pipeline.SCMPipelineManager.removePipeline(SCMPipelineManager.java:423)
	at org.apache.hadoop.hdds.scm.pipeline.SCMPipelineManager.destroyPipeline(SCMPipelineManager.java:409)
	at org.apache.hadoop.hdds.scm.pipeline.SCMPipelineManager.lambda$finalizeAndDestroyPipeline$0(SCMPipelineManager.java:318)
	at org.apache.hadoop.utils.Scheduler.lambda$schedule$1(Scheduler.java:68)
	at java.util.concurrent.Executors$RunnableAdapter.call(Executors.java:511)
	at java.util.concurrent.FutureTask.run(FutureTask.java:266)
	at java.util.concurrent.ScheduledThreadPoolExecutor$ScheduledFutureTask.access$201(ScheduledThreadPoolExecutor.java:180)
	at java.util.concurrent.ScheduledThreadPoolExecutor$ScheduledFutureTask.run(ScheduledThreadPoolExecutor.java:293)
	at java.util.concurrent.ThreadPoolExecutor.runWorker(ThreadPoolExecutor.java:1149)
	at java.util.concurrent.ThreadPoolExecutor$Worker.run(ThreadPoolExecutor.java:624)
	at java.lang.Thread.run(Thread.java:748)
2019-09-12 04:24:48,482 [java.util.concurrent.ThreadPoolExecutor$Worker@545d3615[State = -1, empty queue]] WARN  server.GrpcLogAppender (GrpcLogAppender.java:timeoutAppendRequest(200)) - 8466bef0-9559-4d2e-b20d-aaf3fd2b14fd@group-6371820A5F4C->897fdfd8-a3cb-4c9b-9ef8-a626c4e76414-GrpcLogAppender: appendEntries Timeout, request=8466bef0-9559-4d2e-b20d-aaf3fd2b14fd->897fdfd8-a3cb-4c9b-9ef8-a626c4e76414#221-t1, previous=(t:1, i:44), leaderCommit=44, initializing? false, entries: size=1, first=(t:1, i:45), STATEMACHINELOGENTRY, client-6815E68BD393, cid=429
2019-09-12 04:24:48,497 [java.util.concurrent.ThreadPoolExecutor$Worker@545d3615[State = -1, empty queue]] WARN  server.GrpcLogAppender (GrpcLogAppender.java:timeoutAppendRequest(200)) - 8466bef0-9559-4d2e-b20d-aaf3fd2b14fd@group-6371820A5F4C->897fdfd8-a3cb-4c9b-9ef8-a626c4e76414-GrpcLogAppender: appendEntries Timeout, request=8466bef0-9559-4d2e-b20d-aaf3fd2b14fd->897fdfd8-a3cb-4c9b-9ef8-a626c4e76414#222-t1, previous=(t:1, i:45), leaderCommit=45, initializing? false, entries: size=1, first=(t:1, i:46), METADATAENTRY(c45)
2019-09-12 04:24:48,509 [java.util.concurrent.ThreadPoolExecutor$Worker@545d3615[State = -1, empty queue]] WARN  server.GrpcLogAppender (GrpcLogAppender.java:timeoutAppendRequest(200)) - 8466bef0-9559-4d2e-b20d-aaf3fd2b14fd@group-6371820A5F4C->897fdfd8-a3cb-4c9b-9ef8-a626c4e76414-GrpcLogAppender: appendEntries Timeout, request=8466bef0-9559-4d2e-b20d-aaf3fd2b14fd->897fdfd8-a3cb-4c9b-9ef8-a626c4e76414#223-t1, previous=(t:1, i:46), leaderCommit=45, initializing? false, entries: size=1, first=(t:1, i:47), STATEMACHINELOGENTRY, client-6815E68BD393, cid=430
2019-09-12 04:24:48,512 [java.util.concurrent.ThreadPoolExecutor$Worker@545d3615[State = -1, empty queue]] WARN  server.GrpcLogAppender (GrpcLogAppender.java:timeoutAppendRequest(200)) - 8466bef0-9559-4d2e-b20d-aaf3fd2b14fd@group-6371820A5F4C->897fdfd8-a3cb-4c9b-9ef8-a626c4e76414-GrpcLogAppender: appendEntries Timeout, request=8466bef0-9559-4d2e-b20d-aaf3fd2b14fd->897fdfd8-a3cb-4c9b-9ef8-a626c4e76414#224-t1, previous=(t:1, i:47), leaderCommit=45, initializing? false, entries: size=1, first=(t:1, i:48), STATEMACHINELOGENTRY, client-6815E68BD393, cid=431
2019-09-12 04:24:48,512 [java.util.concurrent.ThreadPoolExecutor$Worker@545d3615[State = -1, empty queue]] WARN  server.GrpcLogAppender (GrpcLogAppender.java:timeoutAppendRequest(200)) - 8466bef0-9559-4d2e-b20d-aaf3fd2b14fd@group-6371820A5F4C->897fdfd8-a3cb-4c9b-9ef8-a626c4e76414-GrpcLogAppender: appendEntries Timeout, request=8466bef0-9559-4d2e-b20d-aaf3fd2b14fd->897fdfd8-a3cb-4c9b-9ef8-a626c4e76414#225-t1, previous=(t:1, i:48), leaderCommit=45, initializing? false, entries: size=1, first=(t:1, i:49), STATEMACHINELOGENTRY, client-6815E68BD393, cid=432
2019-09-12 04:24:48,539 [java.util.concurrent.ThreadPoolExecutor$Worker@545d3615[State = -1, empty queue]] WARN  server.GrpcLogAppender (GrpcLogAppender.java:timeoutAppendRequest(200)) - 8466bef0-9559-4d2e-b20d-aaf3fd2b14fd@group-6371820A5F4C->897fdfd8-a3cb-4c9b-9ef8-a626c4e76414-GrpcLogAppender: appendEntries Timeout, request=8466bef0-9559-4d2e-b20d-aaf3fd2b14fd->897fdfd8-a3cb-4c9b-9ef8-a626c4e76414#226-t1, previous=(t:1, i:49), leaderCommit=48, initializing? false, entries: size=1, first=(t:1, i:50), METADATAENTRY(c47)
2019-09-12 04:24:48,540 [java.util.concurrent.ThreadPoolExecutor$Worker@545d3615[State = -1, empty queue]] WARN  server.GrpcLogAppender (GrpcLogAppender.java:timeoutAppendRequest(200)) - 8466bef0-9559-4d2e-b20d-aaf3fd2b14fd@group-6371820A5F4C->897fdfd8-a3cb-4c9b-9ef8-a626c4e76414-GrpcLogAppender: appendEntries Timeout, request=8466bef0-9559-4d2e-b20d-aaf3fd2b14fd->897fdfd8-a3cb-4c9b-9ef8-a626c4e76414#227-t1, previous=(t:1, i:50), leaderCommit=49, initializing? false, entries: size=1, first=(t:1, i:51), METADATAENTRY(c48)
2019-09-12 04:24:48,540 [java.util.concurrent.ThreadPoolExecutor$Worker@545d3615[State = -1, empty queue]] WARN  server.GrpcLogAppender (GrpcLogAppender.java:timeoutAppendRequest(200)) - 8466bef0-9559-4d2e-b20d-aaf3fd2b14fd@group-6371820A5F4C->897fdfd8-a3cb-4c9b-9ef8-a626c4e76414-GrpcLogAppender: appendEntries Timeout, request=8466bef0-9559-4d2e-b20d-aaf3fd2b14fd->897fdfd8-a3cb-4c9b-9ef8-a626c4e76414#228-t1, previous=(t:1, i:51), leaderCommit=49, initializing? false, entries: size=1, first=(t:1, i:52), METADATAENTRY(c49)
2019-09-12 04:24:48,755 [Thread-3165] INFO  client.GrpcClientProtocolService (GrpcClientProtocolService.java:lambda$processClientRequest$0(278)) - Failed RaftClientRequest:client-C7E4314964D6->8466bef0-9559-4d2e-b20d-aaf3fd2b14fd@group-6371820A5F4C, cid=405, seq=0, Watch-ALL_COMMITTED(31), Message:<EMPTY>, reply=RaftClientReply:client-C7E4314964D6->8466bef0-9559-4d2e-b20d-aaf3fd2b14fd@group-6371820A5F4C, cid=405, FAILED org.apache.ratis.protocol.NotReplicatedException: Request with call Id 405 and log index 31 is not yet replicated to ALL_COMMITTED, logIndex=31, commits[8466bef0-9559-4d2e-b20d-aaf3fd2b14fd:c52, 897fdfd8-a3cb-4c9b-9ef8-a626c4e76414:c29, 90957f92-0013-496b-a419-9c1212c810e8:c52]
2019-09-12 04:24:49,755 [Thread-3167] INFO  client.GrpcClientProtocolService (GrpcClientProtocolService.java:lambda$processClientRequest$0(278)) - Failed RaftClientRequest:client-C7E4314964D6->8466bef0-9559-4d2e-b20d-aaf3fd2b14fd@group-6371820A5F4C, cid=417, seq=0, Watch-ALL_COMMITTED(42), Message:<EMPTY>, reply=RaftClientReply:client-C7E4314964D6->8466bef0-9559-4d2e-b20d-aaf3fd2b14fd@group-6371820A5F4C, cid=417, FAILED org.apache.ratis.protocol.NotReplicatedException: Request with call Id 417 and log index 42 is not yet replicated to ALL_COMMITTED, logIndex=42, commits[8466bef0-9559-4d2e-b20d-aaf3fd2b14fd:c52, 897fdfd8-a3cb-4c9b-9ef8-a626c4e76414:c29, 90957f92-0013-496b-a419-9c1212c810e8:c52]
2019-09-12 04:24:50,545 [main] WARN  scm.XceiverClientRatis (XceiverClientRatis.java:watchForCommit(262)) - 3 way commit failed on pipeline Pipeline[ Id: 24a3be0d-b2af-45ba-b6eb-6371820a5f4c, Nodes: 90957f92-0013-496b-a419-9c1212c810e8{ip: 192.168.34.8, host: pr-hdds-1879-pbs75-1821932185, networkLocation: /default-rack, certSerialId: null}8466bef0-9559-4d2e-b20d-aaf3fd2b14fd{ip: 192.168.34.8, host: pr-hdds-1879-pbs75-1821932185, networkLocation: /default-rack, certSerialId: null}897fdfd8-a3cb-4c9b-9ef8-a626c4e76414{ip: 192.168.34.8, host: pr-hdds-1879-pbs75-1821932185, networkLocation: /default-rack, certSerialId: null}, Type:RATIS, Factor:THREE, State:OPEN]
java.util.concurrent.TimeoutException
	at java.util.concurrent.CompletableFuture.timedGet(CompletableFuture.java:1771)
	at java.util.concurrent.CompletableFuture.get(CompletableFuture.java:1915)
	at org.apache.hadoop.hdds.scm.XceiverClientRatis.watchForCommit(XceiverClientRatis.java:259)
	at org.apache.hadoop.hdds.scm.storage.CommitWatcher.watchForCommit(CommitWatcher.java:194)
	at org.apache.hadoop.hdds.scm.storage.CommitWatcher.watchOnFirstIndex(CommitWatcher.java:135)
	at org.apache.hadoop.hdds.scm.storage.BlockOutputStream.watchForCommit(BlockOutputStream.java:347)
	at org.apache.hadoop.hdds.scm.storage.BlockOutputStream.handleFullBuffer(BlockOutputStream.java:324)
	at org.apache.hadoop.hdds.scm.storage.BlockOutputStream.write(BlockOutputStream.java:251)
	at org.apache.hadoop.ozone.client.io.BlockOutputStreamEntry.write(BlockOutputStreamEntry.java:129)
	at org.apache.hadoop.ozone.client.io.KeyOutputStream.handleWrite(KeyOutputStream.java:211)
	at org.apache.hadoop.ozone.client.io.KeyOutputStream.write(KeyOutputStream.java:193)
	at org.apache.hadoop.ozone.client.io.OzoneOutputStream.write(OzoneOutputStream.java:49)
	at java.io.OutputStream.write(OutputStream.java:75)
	at org.apache.hadoop.ozone.client.rpc.TestCloseContainerHandlingByClient.testMultiBlockWrites3(TestCloseContainerHandlingByClient.java:300)
	at sun.reflect.NativeMethodAccessorImpl.invoke0(Native Method)
	at sun.reflect.NativeMethodAccessorImpl.invoke(NativeMethodAccessorImpl.java:62)
	at sun.reflect.DelegatingMethodAccessorImpl.invoke(DelegatingMethodAccessorImpl.java:43)
	at java.lang.reflect.Method.invoke(Method.java:498)
	at org.junit.runners.model.FrameworkMethod$1.runReflectiveCall(FrameworkMethod.java:47)
	at org.junit.internal.runners.model.ReflectiveCallable.run(ReflectiveCallable.java:12)
	at org.junit.runners.model.FrameworkMethod.invokeExplosively(FrameworkMethod.java:44)
	at org.junit.internal.runners.statements.InvokeMethod.evaluate(InvokeMethod.java:17)
	at org.junit.runners.ParentRunner.runLeaf(ParentRunner.java:271)
	at org.junit.runners.BlockJUnit4ClassRunner.runChild(BlockJUnit4ClassRunner.java:70)
	at org.junit.runners.BlockJUnit4ClassRunner.runChild(BlockJUnit4ClassRunner.java:50)
	at org.junit.runners.ParentRunner$3.run(ParentRunner.java:238)
	at org.junit.runners.ParentRunner$1.schedule(ParentRunner.java:63)
	at org.junit.runners.ParentRunner.runChildren(ParentRunner.java:236)
	at org.junit.runners.ParentRunner.access$000(ParentRunner.java:53)
	at org.junit.runners.ParentRunner$2.evaluate(ParentRunner.java:229)
	at org.junit.internal.runners.statements.RunBefores.evaluate(RunBefores.java:26)
	at org.junit.internal.runners.statements.RunAfters.evaluate(RunAfters.java:27)
	at org.junit.runners.ParentRunner.run(ParentRunner.java:309)
	at org.apache.maven.surefire.junit4.JUnit4Provider.execute(JUnit4Provider.java:365)
	at org.apache.maven.surefire.junit4.JUnit4Provider.executeWithRerun(JUnit4Provider.java:273)
	at org.apache.maven.surefire.junit4.JUnit4Provider.executeTestSet(JUnit4Provider.java:238)
	at org.apache.maven.surefire.junit4.JUnit4Provider.invoke(JUnit4Provider.java:159)
	at org.apache.maven.surefire.booter.ForkedBooter.invokeProviderInSameClassLoader(ForkedBooter.java:384)
	at org.apache.maven.surefire.booter.ForkedBooter.runSuitesInProcess(ForkedBooter.java:345)
	at org.apache.maven.surefire.booter.ForkedBooter.execute(ForkedBooter.java:126)
	at org.apache.maven.surefire.booter.ForkedBooter.main(ForkedBooter.java:418)
2019-09-12 04:24:50,551 [grpc-default-executor-11] INFO  client.GrpcClientProtocolClient (GrpcClientProtocolClient.java:onNext(264)) - client-6815E68BD393->8466bef0-9559-4d2e-b20d-aaf3fd2b14fd: receive RaftClientReply:client-6815E68BD393->8466bef0-9559-4d2e-b20d-aaf3fd2b14fd@group-6371820A5F4C, cid=440, SUCCESS, logIndex=0, commits[8466bef0-9559-4d2e-b20d-aaf3fd2b14fd:c52, 897fdfd8-a3cb-4c9b-9ef8-a626c4e76414:c29, 90957f92-0013-496b-a419-9c1212c810e8:c52]
2019-09-12 04:24:50,552 [main] INFO  scm.XceiverClientRatis (XceiverClientRatis.java:lambda$watchForCommit$7(280)) - Could not commit index 47 on pipeline Pipeline[ Id: 24a3be0d-b2af-45ba-b6eb-6371820a5f4c, Nodes: 90957f92-0013-496b-a419-9c1212c810e8{ip: 192.168.34.8, host: pr-hdds-1879-pbs75-1821932185, networkLocation: /default-rack, certSerialId: null}8466bef0-9559-4d2e-b20d-aaf3fd2b14fd{ip: 192.168.34.8, host: pr-hdds-1879-pbs75-1821932185, networkLocation: /default-rack, certSerialId: null}897fdfd8-a3cb-4c9b-9ef8-a626c4e76414{ip: 192.168.34.8, host: pr-hdds-1879-pbs75-1821932185, networkLocation: /default-rack, certSerialId: null}, Type:RATIS, Factor:THREE, State:OPEN] to all the nodes. Server 897fdfd8-a3cb-4c9b-9ef8-a626c4e76414 has failed. Committed by majority.
2019-09-12 04:24:50,553 [main] WARN  storage.BlockOutputStream (BlockOutputStream.java:watchForCommit(353)) - Failed to commit BlockId conID: 10 locID: 102777637121884184 bcsId: 49 on Pipeline[ Id: 24a3be0d-b2af-45ba-b6eb-6371820a5f4c, Nodes: 90957f92-0013-496b-a419-9c1212c810e8{ip: 192.168.34.8, host: pr-hdds-1879-pbs75-1821932185, networkLocation: /default-rack, certSerialId: null}8466bef0-9559-4d2e-b20d-aaf3fd2b14fd{ip: 192.168.34.8, host: pr-hdds-1879-pbs75-1821932185, networkLocation: /default-rack, certSerialId: null}897fdfd8-a3cb-4c9b-9ef8-a626c4e76414{ip: 192.168.34.8, host: pr-hdds-1879-pbs75-1821932185, networkLocation: /default-rack, certSerialId: null}, Type:RATIS, Factor:THREE, State:OPEN]. Failed nodes: [897fdfd8-a3cb-4c9b-9ef8-a626c4e76414{ip: null, host: null, networkLocation: /default-rack, certSerialId: null}]
2019-09-12 04:24:50,582 [grpc-default-executor-11] INFO  client.GrpcClientProtocolClient (GrpcClientProtocolClient.java:onNext(264)) - client-6815E68BD393->8466bef0-9559-4d2e-b20d-aaf3fd2b14fd: receive RaftClientReply:client-6815E68BD393->8466bef0-9559-4d2e-b20d-aaf3fd2b14fd@group-6371820A5F4C, cid=441, SUCCESS, logIndex=53, commits[8466bef0-9559-4d2e-b20d-aaf3fd2b14fd:c54, 897fdfd8-a3cb-4c9b-9ef8-a626c4e76414:c29, 90957f92-0013-496b-a419-9c1212c810e8:c52]
2019-09-12 04:24:50,582 [grpc-default-executor-11] INFO  client.GrpcClientProtocolClient (GrpcClientProtocolClient.java:onNext(264)) - client-6815E68BD393->8466bef0-9559-4d2e-b20d-aaf3fd2b14fd: receive RaftClientReply:client-6815E68BD393->8466bef0-9559-4d2e-b20d-aaf3fd2b14fd@group-6371820A5F4C, cid=442, SUCCESS, logIndex=54, commits[8466bef0-9559-4d2e-b20d-aaf3fd2b14fd:c54, 897fdfd8-a3cb-4c9b-9ef8-a626c4e76414:c29, 90957f92-0013-496b-a419-9c1212c810e8:c52]
2019-09-12 04:24:50,600 [grpc-default-executor-14] INFO  impl.RaftServerProxy (RaftServerProxy.java:remove(95)) - f3263f9a-ef6c-4ff4-a6b2-5a62e946b753: remove group-6D8373F8491B:null
2019-09-12 04:24:50,603 [RatisPipelineUtilsThread] WARN  pipeline.RatisPipelineUtils (RatisPipelineUtils.java:destroyPipeline(66)) - Pipeline destroy failed for pipeline=PipelineID=01d26c0f-af01-4266-92c2-6d8373f8491b dn=f3263f9a-ef6c-4ff4-a6b2-5a62e946b753{ip: 192.168.34.8, host: pr-hdds-1879-pbs75-1821932185, networkLocation: /default-rack, certSerialId: null}
2019-09-12 04:24:50,605 [grpc-default-executor-14] INFO  impl.RaftServerProxy (RaftServerProxy.java:remove(95)) - 2d4da40c-dd43-4554-9707-f6503cf38c80: remove group-6D8373F8491B:null
2019-09-12 04:24:50,606 [RatisPipelineUtilsThread] WARN  pipeline.RatisPipelineUtils (RatisPipelineUtils.java:destroyPipeline(66)) - Pipeline destroy failed for pipeline=PipelineID=01d26c0f-af01-4266-92c2-6d8373f8491b dn=2d4da40c-dd43-4554-9707-f6503cf38c80{ip: 192.168.34.8, host: pr-hdds-1879-pbs75-1821932185, networkLocation: /default-rack, certSerialId: null}
2019-09-12 04:24:50,608 [grpc-default-executor-14] INFO  impl.RaftServerProxy (RaftServerProxy.java:remove(95)) - a413c2ef-7abc-47d7-b263-b9548e673ba5: remove group-6D8373F8491B:null
2019-09-12 04:24:50,609 [RatisPipelineUtilsThread] WARN  pipeline.RatisPipelineUtils (RatisPipelineUtils.java:destroyPipeline(66)) - Pipeline destroy failed for pipeline=PipelineID=01d26c0f-af01-4266-92c2-6d8373f8491b dn=a413c2ef-7abc-47d7-b263-b9548e673ba5{ip: 192.168.34.8, host: pr-hdds-1879-pbs75-1821932185, networkLocation: /default-rack, certSerialId: null}
2019-09-12 04:24:50,610 [RatisPipelineUtilsThread] ERROR pipeline.SCMPipelineManager (Scheduler.java:lambda$schedule$1(70)) - Destroy pipeline failed for pipeline:Pipeline[ Id: 01d26c0f-af01-4266-92c2-6d8373f8491b, Nodes: f3263f9a-ef6c-4ff4-a6b2-5a62e946b753{ip: 192.168.34.8, host: pr-hdds-1879-pbs75-1821932185, networkLocation: /default-rack, certSerialId: null}2d4da40c-dd43-4554-9707-f6503cf38c80{ip: 192.168.34.8, host: pr-hdds-1879-pbs75-1821932185, networkLocation: /default-rack, certSerialId: null}a413c2ef-7abc-47d7-b263-b9548e673ba5{ip: 192.168.34.8, host: pr-hdds-1879-pbs75-1821932185, networkLocation: /default-rack, certSerialId: null}, Type:RATIS, Factor:THREE, State:CLOSED]
org.apache.hadoop.hdds.scm.pipeline.PipelineNotFoundException: PipelineID=01d26c0f-af01-4266-92c2-6d8373f8491b not found
	at org.apache.hadoop.hdds.scm.pipeline.PipelineStateMap.getPipeline(PipelineStateMap.java:132)
	at org.apache.hadoop.hdds.scm.pipeline.PipelineStateMap.removePipeline(PipelineStateMap.java:322)
	at org.apache.hadoop.hdds.scm.pipeline.PipelineStateManager.removePipeline(PipelineStateManager.java:107)
	at org.apache.hadoop.hdds.scm.pipeline.SCMPipelineManager.removePipeline(SCMPipelineManager.java:423)
	at org.apache.hadoop.hdds.scm.pipeline.SCMPipelineManager.destroyPipeline(SCMPipelineManager.java:409)
	at org.apache.hadoop.hdds.scm.pipeline.SCMPipelineManager.lambda$finalizeAndDestroyPipeline$0(SCMPipelineManager.java:318)
	at org.apache.hadoop.utils.Scheduler.lambda$schedule$1(Scheduler.java:68)
	at java.util.concurrent.Executors$RunnableAdapter.call(Executors.java:511)
	at java.util.concurrent.FutureTask.run(FutureTask.java:266)
	at java.util.concurrent.ScheduledThreadPoolExecutor$ScheduledFutureTask.access$201(ScheduledThreadPoolExecutor.java:180)
	at java.util.concurrent.ScheduledThreadPoolExecutor$ScheduledFutureTask.run(ScheduledThreadPoolExecutor.java:293)
	at java.util.concurrent.ThreadPoolExecutor.runWorker(ThreadPoolExecutor.java:1149)
	at java.util.concurrent.ThreadPoolExecutor$Worker.run(ThreadPoolExecutor.java:624)
	at java.lang.Thread.run(Thread.java:748)
2019-09-12 04:24:50,633 [grpc-default-executor-16] INFO  client.GrpcClientProtocolClient (GrpcClientProtocolClient.java:onNext(264)) - client-6815E68BD393->8466bef0-9559-4d2e-b20d-aaf3fd2b14fd: receive RaftClientReply:client-6815E68BD393->8466bef0-9559-4d2e-b20d-aaf3fd2b14fd@group-6371820A5F4C, cid=443, SUCCESS, logIndex=57, commits[8466bef0-9559-4d2e-b20d-aaf3fd2b14fd:c58, 897fdfd8-a3cb-4c9b-9ef8-a626c4e76414:c29, 90957f92-0013-496b-a419-9c1212c810e8:c54]
2019-09-12 04:24:50,633 [grpc-default-executor-16] INFO  client.GrpcClientProtocolClient (GrpcClientProtocolClient.java:onNext(264)) - client-6815E68BD393->8466bef0-9559-4d2e-b20d-aaf3fd2b14fd: receive RaftClientReply:client-6815E68BD393->8466bef0-9559-4d2e-b20d-aaf3fd2b14fd@group-6371820A5F4C, cid=444, SUCCESS, logIndex=58, commits[8466bef0-9559-4d2e-b20d-aaf3fd2b14fd:c58, 897fdfd8-a3cb-4c9b-9ef8-a626c4e76414:c29, 90957f92-0013-496b-a419-9c1212c810e8:c54]
2019-09-12 04:24:51,040 [java.util.concurrent.ThreadPoolExecutor$Worker@545d3615[State = -1, empty queue]] WARN  server.GrpcLogAppender (GrpcLogAppender.java:timeoutAppendRequest(200)) - 8466bef0-9559-4d2e-b20d-aaf3fd2b14fd@group-6371820A5F4C->897fdfd8-a3cb-4c9b-9ef8-a626c4e76414-GrpcLogAppender: appendEntries Timeout, request=8466bef0-9559-4d2e-b20d-aaf3fd2b14fd->897fdfd8-a3cb-4c9b-9ef8-a626c4e76414#229-t1, previous=(t:1, i:52), leaderCommit=52, initializing? false, entries: <empty>
2019-09-12 04:24:52,458 [897fdfd8-a3cb-4c9b-9ef8-a626c4e76414@group-6371820A5F4C-SegmentedRaftLogWorker] WARN  segmented.SegmentedRaftLogWorker (SegmentedRaftLogWorker.java:getFromFuture(90)) - Timeout 1/~
org.apache.ratis.protocol.TimeoutIOException: Timeout 10s: WriteLog:30: (t:1, i:30), STATEMACHINELOGENTRY, client-C7E4314964D6, cid=398-writeStateMachineData
	at org.apache.ratis.util.IOUtils.getFromFuture(IOUtils.java:87)
	at org.apache.ratis.server.raftlog.segmented.SegmentedRaftLogWorker$StateMachineDataPolicy.getFromFuture(SegmentedRaftLogWorker.java:87)
	at org.apache.ratis.server.raftlog.segmented.SegmentedRaftLogWorker$WriteLog.execute(SegmentedRaftLogWorker.java:477)
	at org.apache.ratis.server.raftlog.segmented.SegmentedRaftLogWorker.run(SegmentedRaftLogWorker.java:289)
	at java.lang.Thread.run(Thread.java:748)
Caused by: java.util.concurrent.TimeoutException
	at java.util.concurrent.CompletableFuture.timedGet(CompletableFuture.java:1771)
	at java.util.concurrent.CompletableFuture.get(CompletableFuture.java:1915)
	at org.apache.ratis.util.IOUtils.getFromFuture(IOUtils.java:79)
	... 4 more
2019-09-12 04:24:52,599 [grpc-default-executor-16] INFO  impl.RaftServerProxy (RaftServerProxy.java:remove(95)) - f3263f9a-ef6c-4ff4-a6b2-5a62e946b753: remove group-6D8373F8491B:null
2019-09-12 04:24:52,602 [RatisPipelineUtilsThread] WARN  pipeline.RatisPipelineUtils (RatisPipelineUtils.java:destroyPipeline(66)) - Pipeline destroy failed for pipeline=PipelineID=01d26c0f-af01-4266-92c2-6d8373f8491b dn=f3263f9a-ef6c-4ff4-a6b2-5a62e946b753{ip: 192.168.34.8, host: pr-hdds-1879-pbs75-1821932185, networkLocation: /default-rack, certSerialId: null}
2019-09-12 04:24:52,603 [grpc-default-executor-16] INFO  impl.RaftServerProxy (RaftServerProxy.java:remove(95)) - 2d4da40c-dd43-4554-9707-f6503cf38c80: remove group-6D8373F8491B:null
2019-09-12 04:24:52,605 [RatisPipelineUtilsThread] WARN  pipeline.RatisPipelineUtils (RatisPipelineUtils.java:destroyPipeline(66)) - Pipeline destroy failed for pipeline=PipelineID=01d26c0f-af01-4266-92c2-6d8373f8491b dn=2d4da40c-dd43-4554-9707-f6503cf38c80{ip: 192.168.34.8, host: pr-hdds-1879-pbs75-1821932185, networkLocation: /default-rack, certSerialId: null}
2019-09-12 04:24:52,607 [grpc-default-executor-16] INFO  impl.RaftServerProxy (RaftServerProxy.java:remove(95)) - a413c2ef-7abc-47d7-b263-b9548e673ba5: remove group-6D8373F8491B:null
2019-09-12 04:24:52,609 [RatisPipelineUtilsThread] WARN  pipeline.RatisPipelineUtils (RatisPipelineUtils.java:destroyPipeline(66)) - Pipeline destroy failed for pipeline=PipelineID=01d26c0f-af01-4266-92c2-6d8373f8491b dn=a413c2ef-7abc-47d7-b263-b9548e673ba5{ip: 192.168.34.8, host: pr-hdds-1879-pbs75-1821932185, networkLocation: /default-rack, certSerialId: null}
2019-09-12 04:24:52,609 [RatisPipelineUtilsThread] ERROR pipeline.SCMPipelineManager (Scheduler.java:lambda$schedule$1(70)) - Destroy pipeline failed for pipeline:Pipeline[ Id: 01d26c0f-af01-4266-92c2-6d8373f8491b, Nodes: f3263f9a-ef6c-4ff4-a6b2-5a62e946b753{ip: 192.168.34.8, host: pr-hdds-1879-pbs75-1821932185, networkLocation: /default-rack, certSerialId: null}2d4da40c-dd43-4554-9707-f6503cf38c80{ip: 192.168.34.8, host: pr-hdds-1879-pbs75-1821932185, networkLocation: /default-rack, certSerialId: null}a413c2ef-7abc-47d7-b263-b9548e673ba5{ip: 192.168.34.8, host: pr-hdds-1879-pbs75-1821932185, networkLocation: /default-rack, certSerialId: null}, Type:RATIS, Factor:THREE, State:CLOSED]
org.apache.hadoop.hdds.scm.pipeline.PipelineNotFoundException: PipelineID=01d26c0f-af01-4266-92c2-6d8373f8491b not found
	at org.apache.hadoop.hdds.scm.pipeline.PipelineStateMap.getPipeline(PipelineStateMap.java:132)
	at org.apache.hadoop.hdds.scm.pipeline.PipelineStateMap.removePipeline(PipelineStateMap.java:322)
	at org.apache.hadoop.hdds.scm.pipeline.PipelineStateManager.removePipeline(PipelineStateManager.java:107)
	at org.apache.hadoop.hdds.scm.pipeline.SCMPipelineManager.removePipeline(SCMPipelineManager.java:423)
	at org.apache.hadoop.hdds.scm.pipeline.SCMPipelineManager.destroyPipeline(SCMPipelineManager.java:409)
	at org.apache.hadoop.hdds.scm.pipeline.SCMPipelineManager.lambda$finalizeAndDestroyPipeline$0(SCMPipelineManager.java:318)
	at org.apache.hadoop.utils.Scheduler.lambda$schedule$1(Scheduler.java:68)
	at java.util.concurrent.Executors$RunnableAdapter.call(Executors.java:511)
	at java.util.concurrent.FutureTask.run(FutureTask.java:266)
	at java.util.concurrent.ScheduledThreadPoolExecutor$ScheduledFutureTask.access$201(ScheduledThreadPoolExecutor.java:180)
	at java.util.concurrent.ScheduledThreadPoolExecutor$ScheduledFutureTask.run(ScheduledThreadPoolExecutor.java:293)
	at java.util.concurrent.ThreadPoolExecutor.runWorker(ThreadPoolExecutor.java:1149)
	at java.util.concurrent.ThreadPoolExecutor$Worker.run(ThreadPoolExecutor.java:624)
	at java.lang.Thread.run(Thread.java:748)
2019-09-12 04:24:52,755 [Thread-3194] INFO  client.GrpcClientProtocolService (GrpcClientProtocolService.java:lambda$processClientRequest$0(278)) - Failed RaftClientRequest:client-C7E4314964D6->8466bef0-9559-4d2e-b20d-aaf3fd2b14fd@group-6371820A5F4C, cid=405, seq=0, Watch-ALL_COMMITTED(31), Message:<EMPTY>, reply=RaftClientReply:client-C7E4314964D6->8466bef0-9559-4d2e-b20d-aaf3fd2b14fd@group-6371820A5F4C, cid=405, FAILED org.apache.ratis.protocol.NotReplicatedException: Request with call Id 405 and log index 31 is not yet replicated to ALL_COMMITTED, logIndex=31, commits[8466bef0-9559-4d2e-b20d-aaf3fd2b14fd:c60, 897fdfd8-a3cb-4c9b-9ef8-a626c4e76414:c29, 90957f92-0013-496b-a419-9c1212c810e8:c58]
2019-09-12 04:24:53,541 [java.util.concurrent.ThreadPoolExecutor$Worker@545d3615[State = -1, empty queue]] WARN  server.GrpcLogAppender (GrpcLogAppender.java:timeoutAppendRequest(200)) - 8466bef0-9559-4d2e-b20d-aaf3fd2b14fd@group-6371820A5F4C->897fdfd8-a3cb-4c9b-9ef8-a626c4e76414-GrpcLogAppender: appendEntries Timeout, request=8466bef0-9559-4d2e-b20d-aaf3fd2b14fd->897fdfd8-a3cb-4c9b-9ef8-a626c4e76414#230-t1, previous=(t:1, i:52), leaderCommit=52, initializing? false, entries: <empty>
2019-09-12 04:24:53,562 [java.util.concurrent.ThreadPoolExecutor$Worker@545d3615[State = -1, empty queue]] WARN  server.GrpcLogAppender (GrpcLogAppender.java:timeoutAppendRequest(200)) - 8466bef0-9559-4d2e-b20d-aaf3fd2b14fd@group-6371820A5F4C->897fdfd8-a3cb-4c9b-9ef8-a626c4e76414-GrpcLogAppender: appendEntries Timeout, request=8466bef0-9559-4d2e-b20d-aaf3fd2b14fd->897fdfd8-a3cb-4c9b-9ef8-a626c4e76414#231-t1, previous=(t:1, i:52), leaderCommit=52, initializing? false, entries: size=1, first=(t:1, i:53), STATEMACHINELOGENTRY, client-6815E68BD393, cid=441
2019-09-12 04:24:53,562 [java.util.concurrent.ThreadPoolExecutor$Worker@545d3615[State = -1, empty queue]] WARN  server.GrpcLogAppender (GrpcLogAppender.java:timeoutAppendRequest(200)) - 8466bef0-9559-4d2e-b20d-aaf3fd2b14fd@group-6371820A5F4C->897fdfd8-a3cb-4c9b-9ef8-a626c4e76414-GrpcLogAppender: appendEntries Timeout, request=8466bef0-9559-4d2e-b20d-aaf3fd2b14fd->897fdfd8-a3cb-4c9b-9ef8-a626c4e76414#232-t1, previous=(t:1, i:53), leaderCommit=52, initializing? false, entries: size=1, first=(t:1, i:54), STATEMACHINELOGENTRY, client-6815E68BD393, cid=442
2019-09-12 04:24:53,580 [java.util.concurrent.ThreadPoolExecutor$Worker@545d3615[State = -1, empty queue]] WARN  server.GrpcLogAppender (GrpcLogAppender.java:timeoutAppendRequest(200)) - 8466bef0-9559-4d2e-b20d-aaf3fd2b14fd@group-6371820A5F4C->897fdfd8-a3cb-4c9b-9ef8-a626c4e76414-GrpcLogAppender: appendEntries Timeout, request=8466bef0-9559-4d2e-b20d-aaf3fd2b14fd->897fdfd8-a3cb-4c9b-9ef8-a626c4e76414#233-t1, previous=(t:1, i:54), leaderCommit=53, initializing? false, entries: size=1, first=(t:1, i:55), METADATAENTRY(c53)
2019-09-12 04:24:53,581 [java.util.concurrent.ThreadPoolExecutor$Worker@545d3615[State = -1, empty queue]] WARN  server.GrpcLogAppender (GrpcLogAppender.java:timeoutAppendRequest(200)) - 8466bef0-9559-4d2e-b20d-aaf3fd2b14fd@group-6371820A5F4C->897fdfd8-a3cb-4c9b-9ef8-a626c4e76414-GrpcLogAppender: appendEntries Timeout, request=8466bef0-9559-4d2e-b20d-aaf3fd2b14fd->897fdfd8-a3cb-4c9b-9ef8-a626c4e76414#234-t1, previous=(t:1, i:55), leaderCommit=54, initializing? false, entries: size=1, first=(t:1, i:56), METADATAENTRY(c54)
2019-09-12 04:24:53,589 [java.util.concurrent.ThreadPoolExecutor$Worker@545d3615[State = -1, empty queue]] WARN  server.GrpcLogAppender (GrpcLogAppender.java:timeoutAppendRequest(200)) - 8466bef0-9559-4d2e-b20d-aaf3fd2b14fd@group-6371820A5F4C->897fdfd8-a3cb-4c9b-9ef8-a626c4e76414-GrpcLogAppender: appendEntries Timeout, request=8466bef0-9559-4d2e-b20d-aaf3fd2b14fd->897fdfd8-a3cb-4c9b-9ef8-a626c4e76414#235-t1, previous=(t:1, i:56), leaderCommit=54, initializing? false, entries: size=1, first=(t:1, i:57), STATEMACHINELOGENTRY, client-6815E68BD393, cid=443
2019-09-12 04:24:53,589 [java.util.concurrent.ThreadPoolExecutor$Worker@545d3615[State = -1, empty queue]] WARN  server.GrpcLogAppender (GrpcLogAppender.java:timeoutAppendRequest(200)) - 8466bef0-9559-4d2e-b20d-aaf3fd2b14fd@group-6371820A5F4C->897fdfd8-a3cb-4c9b-9ef8-a626c4e76414-GrpcLogAppender: appendEntries Timeout, request=8466bef0-9559-4d2e-b20d-aaf3fd2b14fd->897fdfd8-a3cb-4c9b-9ef8-a626c4e76414#236-t1, previous=(t:1, i:57), leaderCommit=54, initializing? false, entries: size=1, first=(t:1, i:58), STATEMACHINELOGENTRY, client-6815E68BD393, cid=444
2019-09-12 04:24:53,612 [java.util.concurrent.ThreadPoolExecutor$Worker@545d3615[State = -1, empty queue]] WARN  server.GrpcLogAppender (GrpcLogAppender.java:timeoutAppendRequest(200)) - 8466bef0-9559-4d2e-b20d-aaf3fd2b14fd@group-6371820A5F4C->897fdfd8-a3cb-4c9b-9ef8-a626c4e76414-GrpcLogAppender: appendEntries Timeout, request=8466bef0-9559-4d2e-b20d-aaf3fd2b14fd->897fdfd8-a3cb-4c9b-9ef8-a626c4e76414#237-t1, previous=(t:1, i:58), leaderCommit=58, initializing? false, entries: size=1, first=(t:1, i:59), METADATAENTRY(c57)
2019-09-12 04:24:53,612 [java.util.concurrent.ThreadPoolExecutor$Worker@545d3615[State = -1, empty queue]] WARN  server.GrpcLogAppender (GrpcLogAppender.java:timeoutAppendRequest(200)) - 8466bef0-9559-4d2e-b20d-aaf3fd2b14fd@group-6371820A5F4C->897fdfd8-a3cb-4c9b-9ef8-a626c4e76414-GrpcLogAppender: appendEntries Timeout, request=8466bef0-9559-4d2e-b20d-aaf3fd2b14fd->897fdfd8-a3cb-4c9b-9ef8-a626c4e76414#238-t1, previous=(t:1, i:59), leaderCommit=58, initializing? false, entries: size=1, first=(t:1, i:60), METADATAENTRY(c58)
2019-09-12 04:24:53,755 [Thread-3199] INFO  client.GrpcClientProtocolService (GrpcClientProtocolService.java:lambda$processClientRequest$0(278)) - Failed RaftClientRequest:client-C7E4314964D6->8466bef0-9559-4d2e-b20d-aaf3fd2b14fd@group-6371820A5F4C, cid=417, seq=0, Watch-ALL_COMMITTED(42), Message:<EMPTY>, reply=RaftClientReply:client-C7E4314964D6->8466bef0-9559-4d2e-b20d-aaf3fd2b14fd@group-6371820A5F4C, cid=417, FAILED org.apache.ratis.protocol.NotReplicatedException: Request with call Id 417 and log index 42 is not yet replicated to ALL_COMMITTED, logIndex=42, commits[8466bef0-9559-4d2e-b20d-aaf3fd2b14fd:c60, 897fdfd8-a3cb-4c9b-9ef8-a626c4e76414:c29, 90957f92-0013-496b-a419-9c1212c810e8:c60]
2019-09-12 04:24:55,605 [grpc-default-executor-16] INFO  impl.RaftServerProxy (RaftServerProxy.java:remove(95)) - f3263f9a-ef6c-4ff4-a6b2-5a62e946b753: remove group-6D8373F8491B:null
2019-09-12 04:24:55,609 [RatisPipelineUtilsThread] WARN  pipeline.RatisPipelineUtils (RatisPipelineUtils.java:destroyPipeline(66)) - Pipeline destroy failed for pipeline=PipelineID=01d26c0f-af01-4266-92c2-6d8373f8491b dn=f3263f9a-ef6c-4ff4-a6b2-5a62e946b753{ip: 192.168.34.8, host: pr-hdds-1879-pbs75-1821932185, networkLocation: /default-rack, certSerialId: null}
2019-09-12 04:24:55,612 [grpc-default-executor-16] INFO  impl.RaftServerProxy (RaftServerProxy.java:remove(95)) - 2d4da40c-dd43-4554-9707-f6503cf38c80: remove group-6D8373F8491B:null
2019-09-12 04:24:55,614 [RatisPipelineUtilsThread] WARN  pipeline.RatisPipelineUtils (RatisPipelineUtils.java:destroyPipeline(66)) - Pipeline destroy failed for pipeline=PipelineID=01d26c0f-af01-4266-92c2-6d8373f8491b dn=2d4da40c-dd43-4554-9707-f6503cf38c80{ip: 192.168.34.8, host: pr-hdds-1879-pbs75-1821932185, networkLocation: /default-rack, certSerialId: null}
2019-09-12 04:24:55,616 [grpc-default-executor-16] INFO  impl.RaftServerProxy (RaftServerProxy.java:remove(95)) - a413c2ef-7abc-47d7-b263-b9548e673ba5: remove group-6D8373F8491B:null
2019-09-12 04:24:55,618 [RatisPipelineUtilsThread] WARN  pipeline.RatisPipelineUtils (RatisPipelineUtils.java:destroyPipeline(66)) - Pipeline destroy failed for pipeline=PipelineID=01d26c0f-af01-4266-92c2-6d8373f8491b dn=a413c2ef-7abc-47d7-b263-b9548e673ba5{ip: 192.168.34.8, host: pr-hdds-1879-pbs75-1821932185, networkLocation: /default-rack, certSerialId: null}
2019-09-12 04:24:55,618 [RatisPipelineUtilsThread] ERROR pipeline.SCMPipelineManager (Scheduler.java:lambda$schedule$1(70)) - Destroy pipeline failed for pipeline:Pipeline[ Id: 01d26c0f-af01-4266-92c2-6d8373f8491b, Nodes: f3263f9a-ef6c-4ff4-a6b2-5a62e946b753{ip: 192.168.34.8, host: pr-hdds-1879-pbs75-1821932185, networkLocation: /default-rack, certSerialId: null}2d4da40c-dd43-4554-9707-f6503cf38c80{ip: 192.168.34.8, host: pr-hdds-1879-pbs75-1821932185, networkLocation: /default-rack, certSerialId: null}a413c2ef-7abc-47d7-b263-b9548e673ba5{ip: 192.168.34.8, host: pr-hdds-1879-pbs75-1821932185, networkLocation: /default-rack, certSerialId: null}, Type:RATIS, Factor:THREE, State:CLOSED]
org.apache.hadoop.hdds.scm.pipeline.PipelineNotFoundException: PipelineID=01d26c0f-af01-4266-92c2-6d8373f8491b not found
	at org.apache.hadoop.hdds.scm.pipeline.PipelineStateMap.getPipeline(PipelineStateMap.java:132)
	at org.apache.hadoop.hdds.scm.pipeline.PipelineStateMap.removePipeline(PipelineStateMap.java:322)
	at org.apache.hadoop.hdds.scm.pipeline.PipelineStateManager.removePipeline(PipelineStateManager.java:107)
	at org.apache.hadoop.hdds.scm.pipeline.SCMPipelineManager.removePipeline(SCMPipelineManager.java:423)
	at org.apache.hadoop.hdds.scm.pipeline.SCMPipelineManager.destroyPipeline(SCMPipelineManager.java:409)
	at org.apache.hadoop.hdds.scm.pipeline.SCMPipelineManager.lambda$finalizeAndDestroyPipeline$0(SCMPipelineManager.java:318)
	at org.apache.hadoop.utils.Scheduler.lambda$schedule$1(Scheduler.java:68)
	at java.util.concurrent.Executors$RunnableAdapter.call(Executors.java:511)
	at java.util.concurrent.FutureTask.run(FutureTask.java:266)
	at java.util.concurrent.ScheduledThreadPoolExecutor$ScheduledFutureTask.access$201(ScheduledThreadPoolExecutor.java:180)
	at java.util.concurrent.ScheduledThreadPoolExecutor$ScheduledFutureTask.run(ScheduledThreadPoolExecutor.java:293)
	at java.util.concurrent.ThreadPoolExecutor.runWorker(ThreadPoolExecutor.java:1149)
	at java.util.concurrent.ThreadPoolExecutor$Worker.run(ThreadPoolExecutor.java:624)
	at java.lang.Thread.run(Thread.java:748)
2019-09-12 04:24:55,634 [main] WARN  scm.XceiverClientRatis (XceiverClientRatis.java:watchForCommit(262)) - 3 way commit failed on pipeline Pipeline[ Id: 24a3be0d-b2af-45ba-b6eb-6371820a5f4c, Nodes: 90957f92-0013-496b-a419-9c1212c810e8{ip: 192.168.34.8, host: pr-hdds-1879-pbs75-1821932185, networkLocation: /default-rack, certSerialId: null}8466bef0-9559-4d2e-b20d-aaf3fd2b14fd{ip: 192.168.34.8, host: pr-hdds-1879-pbs75-1821932185, networkLocation: /default-rack, certSerialId: null}897fdfd8-a3cb-4c9b-9ef8-a626c4e76414{ip: 192.168.34.8, host: pr-hdds-1879-pbs75-1821932185, networkLocation: /default-rack, certSerialId: null}, Type:RATIS, Factor:THREE, State:OPEN]
java.util.concurrent.TimeoutException
	at java.util.concurrent.CompletableFuture.timedGet(CompletableFuture.java:1771)
	at java.util.concurrent.CompletableFuture.get(CompletableFuture.java:1915)
	at org.apache.hadoop.hdds.scm.XceiverClientRatis.watchForCommit(XceiverClientRatis.java:259)
	at org.apache.hadoop.hdds.scm.storage.CommitWatcher.watchForCommit(CommitWatcher.java:194)
	at org.apache.hadoop.hdds.scm.storage.CommitWatcher.watchOnLastIndex(CommitWatcher.java:157)
	at org.apache.hadoop.hdds.scm.storage.BlockOutputStream.watchForCommit(BlockOutputStream.java:347)
	at org.apache.hadoop.hdds.scm.storage.BlockOutputStream.handleFlush(BlockOutputStream.java:479)
	at org.apache.hadoop.hdds.scm.storage.BlockOutputStream.close(BlockOutputStream.java:493)
	at org.apache.hadoop.ozone.client.io.BlockOutputStreamEntry.close(BlockOutputStreamEntry.java:143)
	at org.apache.hadoop.ozone.client.io.KeyOutputStream.handleFlushOrClose(KeyOutputStream.java:438)
	at org.apache.hadoop.ozone.client.io.KeyOutputStream.handleWrite(KeyOutputStream.java:235)
	at org.apache.hadoop.ozone.client.io.KeyOutputStream.write(KeyOutputStream.java:193)
	at org.apache.hadoop.ozone.client.io.OzoneOutputStream.write(OzoneOutputStream.java:49)
	at java.io.OutputStream.write(OutputStream.java:75)
	at org.apache.hadoop.ozone.client.rpc.TestCloseContainerHandlingByClient.testMultiBlockWrites3(TestCloseContainerHandlingByClient.java:300)
	at sun.reflect.NativeMethodAccessorImpl.invoke0(Native Method)
	at sun.reflect.NativeMethodAccessorImpl.invoke(NativeMethodAccessorImpl.java:62)
	at sun.reflect.DelegatingMethodAccessorImpl.invoke(DelegatingMethodAccessorImpl.java:43)
	at java.lang.reflect.Method.invoke(Method.java:498)
	at org.junit.runners.model.FrameworkMethod$1.runReflectiveCall(FrameworkMethod.java:47)
	at org.junit.internal.runners.model.ReflectiveCallable.run(ReflectiveCallable.java:12)
	at org.junit.runners.model.FrameworkMethod.invokeExplosively(FrameworkMethod.java:44)
	at org.junit.internal.runners.statements.InvokeMethod.evaluate(InvokeMethod.java:17)
	at org.junit.runners.ParentRunner.runLeaf(ParentRunner.java:271)
	at org.junit.runners.BlockJUnit4ClassRunner.runChild(BlockJUnit4ClassRunner.java:70)
	at org.junit.runners.BlockJUnit4ClassRunner.runChild(BlockJUnit4ClassRunner.java:50)
	at org.junit.runners.ParentRunner$3.run(ParentRunner.java:238)
	at org.junit.runners.ParentRunner$1.schedule(ParentRunner.java:63)
	at org.junit.runners.ParentRunner.runChildren(ParentRunner.java:236)
	at org.junit.runners.ParentRunner.access$000(ParentRunner.java:53)
	at org.junit.runners.ParentRunner$2.evaluate(ParentRunner.java:229)
	at org.junit.internal.runners.statements.RunBefores.evaluate(RunBefores.java:26)
	at org.junit.internal.runners.statements.RunAfters.evaluate(RunAfters.java:27)
	at org.junit.runners.ParentRunner.run(ParentRunner.java:309)
	at org.apache.maven.surefire.junit4.JUnit4Provider.execute(JUnit4Provider.java:365)
	at org.apache.maven.surefire.junit4.JUnit4Provider.executeWithRerun(JUnit4Provider.java:273)
	at org.apache.maven.surefire.junit4.JUnit4Provider.executeTestSet(JUnit4Provider.java:238)
	at org.apache.maven.surefire.junit4.JUnit4Provider.invoke(JUnit4Provider.java:159)
	at org.apache.maven.surefire.booter.ForkedBooter.invokeProviderInSameClassLoader(ForkedBooter.java:384)
	at org.apache.maven.surefire.booter.ForkedBooter.runSuitesInProcess(ForkedBooter.java:345)
	at org.apache.maven.surefire.booter.ForkedBooter.execute(ForkedBooter.java:126)
	at org.apache.maven.surefire.booter.ForkedBooter.main(ForkedBooter.java:418)
2019-09-12 04:24:55,637 [grpc-default-executor-16] INFO  client.GrpcClientProtocolClient (GrpcClientProtocolClient.java:onNext(264)) - client-6815E68BD393->8466bef0-9559-4d2e-b20d-aaf3fd2b14fd: receive RaftClientReply:client-6815E68BD393->8466bef0-9559-4d2e-b20d-aaf3fd2b14fd@group-6371820A5F4C, cid=455, SUCCESS, logIndex=0, commits[8466bef0-9559-4d2e-b20d-aaf3fd2b14fd:c60, 897fdfd8-a3cb-4c9b-9ef8-a626c4e76414:c29, 90957f92-0013-496b-a419-9c1212c810e8:c60]
2019-09-12 04:24:55,638 [main] INFO  scm.XceiverClientRatis (XceiverClientRatis.java:lambda$watchForCommit$7(280)) - Could not commit index 58 on pipeline Pipeline[ Id: 24a3be0d-b2af-45ba-b6eb-6371820a5f4c, Nodes: 90957f92-0013-496b-a419-9c1212c810e8{ip: 192.168.34.8, host: pr-hdds-1879-pbs75-1821932185, networkLocation: /default-rack, certSerialId: null}8466bef0-9559-4d2e-b20d-aaf3fd2b14fd{ip: 192.168.34.8, host: pr-hdds-1879-pbs75-1821932185, networkLocation: /default-rack, certSerialId: null}897fdfd8-a3cb-4c9b-9ef8-a626c4e76414{ip: 192.168.34.8, host: pr-hdds-1879-pbs75-1821932185, networkLocation: /default-rack, certSerialId: null}, Type:RATIS, Factor:THREE, State:OPEN] to all the nodes. Server 897fdfd8-a3cb-4c9b-9ef8-a626c4e76414 has failed. Committed by majority.
2019-09-12 04:24:55,638 [main] WARN  storage.BlockOutputStream (BlockOutputStream.java:watchForCommit(353)) - Failed to commit BlockId conID: 10 locID: 102777637121884184 bcsId: 58 on Pipeline[ Id: 24a3be0d-b2af-45ba-b6eb-6371820a5f4c, Nodes: 90957f92-0013-496b-a419-9c1212c810e8{ip: 192.168.34.8, host: pr-hdds-1879-pbs75-1821932185, networkLocation: /default-rack, certSerialId: null}8466bef0-9559-4d2e-b20d-aaf3fd2b14fd{ip: 192.168.34.8, host: pr-hdds-1879-pbs75-1821932185, networkLocation: /default-rack, certSerialId: null}897fdfd8-a3cb-4c9b-9ef8-a626c4e76414{ip: 192.168.34.8, host: pr-hdds-1879-pbs75-1821932185, networkLocation: /default-rack, certSerialId: null}, Type:RATIS, Factor:THREE, State:OPEN]. Failed nodes: [897fdfd8-a3cb-4c9b-9ef8-a626c4e76414{ip: null, host: null, networkLocation: /default-rack, certSerialId: null}]
2019-09-12 04:24:55,657 [grpc-default-executor-16] INFO  client.GrpcClientProtocolClient (GrpcClientProtocolClient.java:onNext(264)) - client-B6D45D7B487F->90957f92-0013-496b-a419-9c1212c810e8: receive RaftClientReply:client-B6D45D7B487F->90957f92-0013-496b-a419-9c1212c810e8@group-6371820A5F4C, cid=456, FAILED org.apache.ratis.protocol.NotLeaderException: Server 90957f92-0013-496b-a419-9c1212c810e8@group-6371820A5F4C is not the leader 8466bef0-9559-4d2e-b20d-aaf3fd2b14fd:192.168.34.8:32905, logIndex=0, commits[90957f92-0013-496b-a419-9c1212c810e8:c60, 897fdfd8-a3cb-4c9b-9ef8-a626c4e76414:c29, 8466bef0-9559-4d2e-b20d-aaf3fd2b14fd:c60]
2019-09-12 04:24:55,695 [grpc-default-executor-16] INFO  client.GrpcClientProtocolClient (GrpcClientProtocolClient.java:onNext(264)) - client-B6D45D7B487F->8466bef0-9559-4d2e-b20d-aaf3fd2b14fd: receive RaftClientReply:client-B6D45D7B487F->8466bef0-9559-4d2e-b20d-aaf3fd2b14fd@group-6371820A5F4C, cid=456, SUCCESS, logIndex=61, commits[8466bef0-9559-4d2e-b20d-aaf3fd2b14fd:c61, 897fdfd8-a3cb-4c9b-9ef8-a626c4e76414:c29, 90957f92-0013-496b-a419-9c1212c810e8:c60]
2019-09-12 04:24:55,717 [grpc-default-executor-16] INFO  client.GrpcClientProtocolClient (GrpcClientProtocolClient.java:onNext(264)) - client-B6D45D7B487F->8466bef0-9559-4d2e-b20d-aaf3fd2b14fd: receive RaftClientReply:client-B6D45D7B487F->8466bef0-9559-4d2e-b20d-aaf3fd2b14fd@group-6371820A5F4C, cid=457, SUCCESS, logIndex=63, commits[8466bef0-9559-4d2e-b20d-aaf3fd2b14fd:c65, 897fdfd8-a3cb-4c9b-9ef8-a626c4e76414:c29, 90957f92-0013-496b-a419-9c1212c810e8:c61]
2019-09-12 04:24:55,717 [grpc-default-executor-16] INFO  client.GrpcClientProtocolClient (GrpcClientProtocolClient.java:onNext(264)) - client-B6D45D7B487F->8466bef0-9559-4d2e-b20d-aaf3fd2b14fd: receive RaftClientReply:client-B6D45D7B487F->8466bef0-9559-4d2e-b20d-aaf3fd2b14fd@group-6371820A5F4C, cid=458, SUCCESS, logIndex=64, commits[8466bef0-9559-4d2e-b20d-aaf3fd2b14fd:c65, 897fdfd8-a3cb-4c9b-9ef8-a626c4e76414:c29, 90957f92-0013-496b-a419-9c1212c810e8:c61]
2019-09-12 04:24:55,718 [grpc-default-executor-16] INFO  client.GrpcClientProtocolClient (GrpcClientProtocolClient.java:onNext(264)) - client-B6D45D7B487F->8466bef0-9559-4d2e-b20d-aaf3fd2b14fd: receive RaftClientReply:client-B6D45D7B487F->8466bef0-9559-4d2e-b20d-aaf3fd2b14fd@group-6371820A5F4C, cid=459, SUCCESS, logIndex=65, commits[8466bef0-9559-4d2e-b20d-aaf3fd2b14fd:c65, 897fdfd8-a3cb-4c9b-9ef8-a626c4e76414:c29, 90957f92-0013-496b-a419-9c1212c810e8:c61]
2019-09-12 04:24:55,755 [Thread-3225] INFO  client.GrpcClientProtocolService (GrpcClientProtocolService.java:lambda$processClientRequest$0(278)) - Failed RaftClientRequest:client-6815E68BD393->8466bef0-9559-4d2e-b20d-aaf3fd2b14fd@group-6371820A5F4C, cid=433, seq=0, Watch-ALL_COMMITTED(47), Message:<EMPTY>, reply=RaftClientReply:client-6815E68BD393->8466bef0-9559-4d2e-b20d-aaf3fd2b14fd@group-6371820A5F4C, cid=433, FAILED org.apache.ratis.protocol.NotReplicatedException: Request with call Id 433 and log index 47 is not yet replicated to ALL_COMMITTED, logIndex=47, commits[8466bef0-9559-4d2e-b20d-aaf3fd2b14fd:c66, 897fdfd8-a3cb-4c9b-9ef8-a626c4e76414:c29, 90957f92-0013-496b-a419-9c1212c810e8:c64]
2019-09-12 04:24:56,113 [java.util.concurrent.ThreadPoolExecutor$Worker@545d3615[State = -1, empty queue]] WARN  server.GrpcLogAppender (GrpcLogAppender.java:timeoutAppendRequest(200)) - 8466bef0-9559-4d2e-b20d-aaf3fd2b14fd@group-6371820A5F4C->897fdfd8-a3cb-4c9b-9ef8-a626c4e76414-GrpcLogAppender: appendEntries Timeout, request=8466bef0-9559-4d2e-b20d-aaf3fd2b14fd->897fdfd8-a3cb-4c9b-9ef8-a626c4e76414#239-t1, previous=(t:1, i:60), leaderCommit=60, initializing? false, entries: <empty>
2019-09-12 04:24:56,755 [Thread-3229] INFO  client.GrpcClientProtocolService (GrpcClientProtocolService.java:lambda$processClientRequest$0(278)) - Failed RaftClientRequest:client-C7E4314964D6->8466bef0-9559-4d2e-b20d-aaf3fd2b14fd@group-6371820A5F4C, cid=417, seq=0, Watch-ALL_COMMITTED(42), Message:<EMPTY>, reply=RaftClientReply:client-C7E4314964D6->8466bef0-9559-4d2e-b20d-aaf3fd2b14fd@group-6371820A5F4C, cid=417, FAILED org.apache.ratis.protocol.NotReplicatedException: Request with call Id 417 and log index 42 is not yet replicated to ALL_COMMITTED, logIndex=42, commits[8466bef0-9559-4d2e-b20d-aaf3fd2b14fd:c68, 897fdfd8-a3cb-4c9b-9ef8-a626c4e76414:c29, 90957f92-0013-496b-a419-9c1212c810e8:c65]
2019-09-12 04:24:56,756 [grpc-default-executor-16] INFO  client.GrpcClientProtocolClient (GrpcClientProtocolClient.java:onNext(264)) - client-C7E4314964D6->8466bef0-9559-4d2e-b20d-aaf3fd2b14fd: receive RaftClientReply:client-C7E4314964D6->8466bef0-9559-4d2e-b20d-aaf3fd2b14fd@group-6371820A5F4C, cid=417, FAILED org.apache.ratis.protocol.NotReplicatedException: Request with call Id 417 and log index 42 is not yet replicated to ALL_COMMITTED, logIndex=42, commits[8466bef0-9559-4d2e-b20d-aaf3fd2b14fd:c68, 897fdfd8-a3cb-4c9b-9ef8-a626c4e76414:c29, 90957f92-0013-496b-a419-9c1212c810e8:c65]
2019-09-12 04:24:57,599 [grpc-default-executor-16] INFO  impl.RaftServerProxy (RaftServerProxy.java:remove(95)) - f3263f9a-ef6c-4ff4-a6b2-5a62e946b753: remove group-6D8373F8491B:null
2019-09-12 04:24:57,601 [RatisPipelineUtilsThread] WARN  pipeline.RatisPipelineUtils (RatisPipelineUtils.java:destroyPipeline(66)) - Pipeline destroy failed for pipeline=PipelineID=01d26c0f-af01-4266-92c2-6d8373f8491b dn=f3263f9a-ef6c-4ff4-a6b2-5a62e946b753{ip: 192.168.34.8, host: pr-hdds-1879-pbs75-1821932185, networkLocation: /default-rack, certSerialId: null}
2019-09-12 04:24:57,603 [grpc-default-executor-11] INFO  impl.RaftServerProxy (RaftServerProxy.java:remove(95)) - 2d4da40c-dd43-4554-9707-f6503cf38c80: remove group-6D8373F8491B:null
2019-09-12 04:24:57,605 [RatisPipelineUtilsThread] WARN  pipeline.RatisPipelineUtils (RatisPipelineUtils.java:destroyPipeline(66)) - Pipeline destroy failed for pipeline=PipelineID=01d26c0f-af01-4266-92c2-6d8373f8491b dn=2d4da40c-dd43-4554-9707-f6503cf38c80{ip: 192.168.34.8, host: pr-hdds-1879-pbs75-1821932185, networkLocation: /default-rack, certSerialId: null}
2019-09-12 04:24:57,606 [grpc-default-executor-11] INFO  impl.RaftServerProxy (RaftServerProxy.java:remove(95)) - a413c2ef-7abc-47d7-b263-b9548e673ba5: remove group-6D8373F8491B:null
2019-09-12 04:24:57,608 [RatisPipelineUtilsThread] WARN  pipeline.RatisPipelineUtils (RatisPipelineUtils.java:destroyPipeline(66)) - Pipeline destroy failed for pipeline=PipelineID=01d26c0f-af01-4266-92c2-6d8373f8491b dn=a413c2ef-7abc-47d7-b263-b9548e673ba5{ip: 192.168.34.8, host: pr-hdds-1879-pbs75-1821932185, networkLocation: /default-rack, certSerialId: null}
2019-09-12 04:24:57,608 [RatisPipelineUtilsThread] ERROR pipeline.SCMPipelineManager (Scheduler.java:lambda$schedule$1(70)) - Destroy pipeline failed for pipeline:Pipeline[ Id: 01d26c0f-af01-4266-92c2-6d8373f8491b, Nodes: f3263f9a-ef6c-4ff4-a6b2-5a62e946b753{ip: 192.168.34.8, host: pr-hdds-1879-pbs75-1821932185, networkLocation: /default-rack, certSerialId: null}2d4da40c-dd43-4554-9707-f6503cf38c80{ip: 192.168.34.8, host: pr-hdds-1879-pbs75-1821932185, networkLocation: /default-rack, certSerialId: null}a413c2ef-7abc-47d7-b263-b9548e673ba5{ip: 192.168.34.8, host: pr-hdds-1879-pbs75-1821932185, networkLocation: /default-rack, certSerialId: null}, Type:RATIS, Factor:THREE, State:CLOSED]
org.apache.hadoop.hdds.scm.pipeline.PipelineNotFoundException: PipelineID=01d26c0f-af01-4266-92c2-6d8373f8491b not found
	at org.apache.hadoop.hdds.scm.pipeline.PipelineStateMap.getPipeline(PipelineStateMap.java:132)
	at org.apache.hadoop.hdds.scm.pipeline.PipelineStateMap.removePipeline(PipelineStateMap.java:322)
	at org.apache.hadoop.hdds.scm.pipeline.PipelineStateManager.removePipeline(PipelineStateManager.java:107)
	at org.apache.hadoop.hdds.scm.pipeline.SCMPipelineManager.removePipeline(SCMPipelineManager.java:423)
	at org.apache.hadoop.hdds.scm.pipeline.SCMPipelineManager.destroyPipeline(SCMPipelineManager.java:409)
	at org.apache.hadoop.hdds.scm.pipeline.SCMPipelineManager.lambda$finalizeAndDestroyPipeline$0(SCMPipelineManager.java:318)
	at org.apache.hadoop.utils.Scheduler.lambda$schedule$1(Scheduler.java:68)
	at java.util.concurrent.Executors$RunnableAdapter.call(Executors.java:511)
	at java.util.concurrent.FutureTask.run(FutureTask.java:266)
	at java.util.concurrent.ScheduledThreadPoolExecutor$ScheduledFutureTask.access$201(ScheduledThreadPoolExecutor.java:180)
	at java.util.concurrent.ScheduledThreadPoolExecutor$ScheduledFutureTask.run(ScheduledThreadPoolExecutor.java:293)
	at java.util.concurrent.ThreadPoolExecutor.runWorker(ThreadPoolExecutor.java:1149)
	at java.util.concurrent.ThreadPoolExecutor$Worker.run(ThreadPoolExecutor.java:624)
	at java.lang.Thread.run(Thread.java:748)
2019-09-12 04:24:58,613 [java.util.concurrent.ThreadPoolExecutor$Worker@545d3615[State = -1, empty queue]] WARN  server.GrpcLogAppender (GrpcLogAppender.java:timeoutAppendRequest(200)) - 8466bef0-9559-4d2e-b20d-aaf3fd2b14fd@group-6371820A5F4C->897fdfd8-a3cb-4c9b-9ef8-a626c4e76414-GrpcLogAppender: appendEntries Timeout, request=8466bef0-9559-4d2e-b20d-aaf3fd2b14fd->897fdfd8-a3cb-4c9b-9ef8-a626c4e76414#240-t1, previous=(t:1, i:60), leaderCommit=60, initializing? false, entries: <empty>
2019-09-12 04:24:58,676 [java.util.concurrent.ThreadPoolExecutor$Worker@545d3615[State = -1, empty queue]] WARN  server.GrpcLogAppender (GrpcLogAppender.java:timeoutAppendRequest(200)) - 8466bef0-9559-4d2e-b20d-aaf3fd2b14fd@group-6371820A5F4C->897fdfd8-a3cb-4c9b-9ef8-a626c4e76414-GrpcLogAppender: appendEntries Timeout, request=8466bef0-9559-4d2e-b20d-aaf3fd2b14fd->897fdfd8-a3cb-4c9b-9ef8-a626c4e76414#241-t1, previous=(t:1, i:60), leaderCommit=60, initializing? false, entries: size=1, first=(t:1, i:61), STATEMACHINELOGENTRY, client-B6D45D7B487F, cid=456
2019-09-12 04:24:58,691 [java.util.concurrent.ThreadPoolExecutor$Worker@545d3615[State = -1, empty queue]] WARN  server.GrpcLogAppender (GrpcLogAppender.java:timeoutAppendRequest(200)) - 8466bef0-9559-4d2e-b20d-aaf3fd2b14fd@group-6371820A5F4C->897fdfd8-a3cb-4c9b-9ef8-a626c4e76414-GrpcLogAppender: appendEntries Timeout, request=8466bef0-9559-4d2e-b20d-aaf3fd2b14fd->897fdfd8-a3cb-4c9b-9ef8-a626c4e76414#242-t1, previous=(t:1, i:61), leaderCommit=61, initializing? false, entries: size=1, first=(t:1, i:62), METADATAENTRY(c61)
2019-09-12 04:24:58,700 [java.util.concurrent.ThreadPoolExecutor$Worker@545d3615[State = -1, empty queue]] WARN  server.GrpcLogAppender (GrpcLogAppender.java:timeoutAppendRequest(200)) - 8466bef0-9559-4d2e-b20d-aaf3fd2b14fd@group-6371820A5F4C->897fdfd8-a3cb-4c9b-9ef8-a626c4e76414-GrpcLogAppender: appendEntries Timeout, request=8466bef0-9559-4d2e-b20d-aaf3fd2b14fd->897fdfd8-a3cb-4c9b-9ef8-a626c4e76414#243-t1, previous=(t:1, i:62), leaderCommit=61, initializing? false, entries: size=1, first=(t:1, i:63), STATEMACHINELOGENTRY, client-B6D45D7B487F, cid=457
2019-09-12 04:24:58,703 [java.util.concurrent.ThreadPoolExecutor$Worker@545d3615[State = -1, empty queue]] WARN  server.GrpcLogAppender (GrpcLogAppender.java:timeoutAppendRequest(200)) - 8466bef0-9559-4d2e-b20d-aaf3fd2b14fd@group-6371820A5F4C->897fdfd8-a3cb-4c9b-9ef8-a626c4e76414-GrpcLogAppender: appendEntries Timeout, request=8466bef0-9559-4d2e-b20d-aaf3fd2b14fd->897fdfd8-a3cb-4c9b-9ef8-a626c4e76414#244-t1, previous=(t:1, i:63), leaderCommit=61, initializing? false, entries: size=1, first=(t:1, i:64), STATEMACHINELOGENTRY, client-B6D45D7B487F, cid=458
2019-09-12 04:24:58,704 [java.util.concurrent.ThreadPoolExecutor$Worker@545d3615[State = -1, empty queue]] WARN  server.GrpcLogAppender (GrpcLogAppender.java:timeoutAppendRequest(200)) - 8466bef0-9559-4d2e-b20d-aaf3fd2b14fd@group-6371820A5F4C->897fdfd8-a3cb-4c9b-9ef8-a626c4e76414-GrpcLogAppender: appendEntries Timeout, request=8466bef0-9559-4d2e-b20d-aaf3fd2b14fd->897fdfd8-a3cb-4c9b-9ef8-a626c4e76414#245-t1, previous=(t:1, i:64), leaderCommit=61, initializing? false, entries: size=1, first=(t:1, i:65), STATEMACHINELOGENTRY, client-B6D45D7B487F, cid=459
2019-09-12 04:24:58,713 [java.util.concurrent.ThreadPoolExecutor$Worker@545d3615[State = -1, empty queue]] WARN  server.GrpcLogAppender (GrpcLogAppender.java:timeoutAppendRequest(200)) - 8466bef0-9559-4d2e-b20d-aaf3fd2b14fd@group-6371820A5F4C->897fdfd8-a3cb-4c9b-9ef8-a626c4e76414-GrpcLogAppender: appendEntries Timeout, request=8466bef0-9559-4d2e-b20d-aaf3fd2b14fd->897fdfd8-a3cb-4c9b-9ef8-a626c4e76414#246-t1, previous=(t:1, i:65), leaderCommit=64, initializing? false, entries: size=1, first=(t:1, i:66), METADATAENTRY(c63)
2019-09-12 04:24:58,713 [java.util.concurrent.ThreadPoolExecutor$Worker@545d3615[State = -1, empty queue]] WARN  server.GrpcLogAppender (GrpcLogAppender.java:timeoutAppendRequest(200)) - 8466bef0-9559-4d2e-b20d-aaf3fd2b14fd@group-6371820A5F4C->897fdfd8-a3cb-4c9b-9ef8-a626c4e76414-GrpcLogAppender: appendEntries Timeout, request=8466bef0-9559-4d2e-b20d-aaf3fd2b14fd->897fdfd8-a3cb-4c9b-9ef8-a626c4e76414#247-t1, previous=(t:1, i:66), leaderCommit=65, initializing? false, entries: size=1, first=(t:1, i:67), METADATAENTRY(c64)
2019-09-12 04:24:58,713 [java.util.concurrent.ThreadPoolExecutor$Worker@545d3615[State = -1, empty queue]] WARN  server.GrpcLogAppender (GrpcLogAppender.java:timeoutAppendRequest(200)) - 8466bef0-9559-4d2e-b20d-aaf3fd2b14fd@group-6371820A5F4C->897fdfd8-a3cb-4c9b-9ef8-a626c4e76414-GrpcLogAppender: appendEntries Timeout, request=8466bef0-9559-4d2e-b20d-aaf3fd2b14fd->897fdfd8-a3cb-4c9b-9ef8-a626c4e76414#248-t1, previous=(t:1, i:67), leaderCommit=65, initializing? false, entries: size=1, first=(t:1, i:68), METADATAENTRY(c65)
2019-09-12 04:24:59,756 [Thread-3241] INFO  client.GrpcClientProtocolService (GrpcClientProtocolService.java:lambda$processClientRequest$0(278)) - Failed RaftClientRequest:client-6815E68BD393->8466bef0-9559-4d2e-b20d-aaf3fd2b14fd@group-6371820A5F4C, cid=433, seq=0, Watch-ALL_COMMITTED(47), Message:<EMPTY>, reply=RaftClientReply:client-6815E68BD393->8466bef0-9559-4d2e-b20d-aaf3fd2b14fd@group-6371820A5F4C, cid=433, FAILED org.apache.ratis.protocol.NotReplicatedException: Request with call Id 433 and log index 47 is not yet replicated to ALL_COMMITTED, logIndex=47, commits[8466bef0-9559-4d2e-b20d-aaf3fd2b14fd:c68, 897fdfd8-a3cb-4c9b-9ef8-a626c4e76414:c29, 90957f92-0013-496b-a419-9c1212c810e8:c68]
2019-09-12 04:25:00,605 [grpc-default-executor-11] INFO  impl.RaftServerProxy (RaftServerProxy.java:remove(95)) - f3263f9a-ef6c-4ff4-a6b2-5a62e946b753: remove group-6D8373F8491B:null
2019-09-12 04:25:00,610 [RatisPipelineUtilsThread] WARN  pipeline.RatisPipelineUtils (RatisPipelineUtils.java:destroyPipeline(66)) - Pipeline destroy failed for pipeline=PipelineID=01d26c0f-af01-4266-92c2-6d8373f8491b dn=f3263f9a-ef6c-4ff4-a6b2-5a62e946b753{ip: 192.168.34.8, host: pr-hdds-1879-pbs75-1821932185, networkLocation: /default-rack, certSerialId: null}
2019-09-12 04:25:00,612 [grpc-default-executor-11] INFO  impl.RaftServerProxy (RaftServerProxy.java:remove(95)) - 2d4da40c-dd43-4554-9707-f6503cf38c80: remove group-6D8373F8491B:null
2019-09-12 04:25:00,614 [RatisPipelineUtilsThread] WARN  pipeline.RatisPipelineUtils (RatisPipelineUtils.java:destroyPipeline(66)) - Pipeline destroy failed for pipeline=PipelineID=01d26c0f-af01-4266-92c2-6d8373f8491b dn=2d4da40c-dd43-4554-9707-f6503cf38c80{ip: 192.168.34.8, host: pr-hdds-1879-pbs75-1821932185, networkLocation: /default-rack, certSerialId: null}
2019-09-12 04:25:00,616 [grpc-default-executor-11] INFO  impl.RaftServerProxy (RaftServerProxy.java:remove(95)) - a413c2ef-7abc-47d7-b263-b9548e673ba5: remove group-6D8373F8491B:null
2019-09-12 04:25:00,617 [RatisPipelineUtilsThread] WARN  pipeline.RatisPipelineUtils (RatisPipelineUtils.java:destroyPipeline(66)) - Pipeline destroy failed for pipeline=PipelineID=01d26c0f-af01-4266-92c2-6d8373f8491b dn=a413c2ef-7abc-47d7-b263-b9548e673ba5{ip: 192.168.34.8, host: pr-hdds-1879-pbs75-1821932185, networkLocation: /default-rack, certSerialId: null}
2019-09-12 04:25:00,618 [RatisPipelineUtilsThread] ERROR pipeline.SCMPipelineManager (Scheduler.java:lambda$schedule$1(70)) - Destroy pipeline failed for pipeline:Pipeline[ Id: 01d26c0f-af01-4266-92c2-6d8373f8491b, Nodes: f3263f9a-ef6c-4ff4-a6b2-5a62e946b753{ip: 192.168.34.8, host: pr-hdds-1879-pbs75-1821932185, networkLocation: /default-rack, certSerialId: null}2d4da40c-dd43-4554-9707-f6503cf38c80{ip: 192.168.34.8, host: pr-hdds-1879-pbs75-1821932185, networkLocation: /default-rack, certSerialId: null}a413c2ef-7abc-47d7-b263-b9548e673ba5{ip: 192.168.34.8, host: pr-hdds-1879-pbs75-1821932185, networkLocation: /default-rack, certSerialId: null}, Type:RATIS, Factor:THREE, State:CLOSED]
org.apache.hadoop.hdds.scm.pipeline.PipelineNotFoundException: PipelineID=01d26c0f-af01-4266-92c2-6d8373f8491b not found
	at org.apache.hadoop.hdds.scm.pipeline.PipelineStateMap.getPipeline(PipelineStateMap.java:132)
	at org.apache.hadoop.hdds.scm.pipeline.PipelineStateMap.removePipeline(PipelineStateMap.java:322)
	at org.apache.hadoop.hdds.scm.pipeline.PipelineStateManager.removePipeline(PipelineStateManager.java:107)
	at org.apache.hadoop.hdds.scm.pipeline.SCMPipelineManager.removePipeline(SCMPipelineManager.java:423)
	at org.apache.hadoop.hdds.scm.pipeline.SCMPipelineManager.destroyPipeline(SCMPipelineManager.java:409)
	at org.apache.hadoop.hdds.scm.pipeline.SCMPipelineManager.lambda$finalizeAndDestroyPipeline$0(SCMPipelineManager.java:318)
	at org.apache.hadoop.utils.Scheduler.lambda$schedule$1(Scheduler.java:68)
	at java.util.concurrent.Executors$RunnableAdapter.call(Executors.java:511)
	at java.util.concurrent.FutureTask.run(FutureTask.java:266)
	at java.util.concurrent.ScheduledThreadPoolExecutor$ScheduledFutureTask.access$201(ScheduledThreadPoolExecutor.java:180)
	at java.util.concurrent.ScheduledThreadPoolExecutor$ScheduledFutureTask.run(ScheduledThreadPoolExecutor.java:293)
	at java.util.concurrent.ThreadPoolExecutor.runWorker(ThreadPoolExecutor.java:1149)
	at java.util.concurrent.ThreadPoolExecutor$Worker.run(ThreadPoolExecutor.java:624)
	at java.lang.Thread.run(Thread.java:748)
2019-09-12 04:25:00,719 [main] WARN  scm.XceiverClientRatis (XceiverClientRatis.java:watchForCommit(262)) - 3 way commit failed on pipeline Pipeline[ Id: 24a3be0d-b2af-45ba-b6eb-6371820a5f4c, Nodes: 90957f92-0013-496b-a419-9c1212c810e8{ip: 192.168.34.8, host: pr-hdds-1879-pbs75-1821932185, networkLocation: /default-rack, certSerialId: null}8466bef0-9559-4d2e-b20d-aaf3fd2b14fd{ip: 192.168.34.8, host: pr-hdds-1879-pbs75-1821932185, networkLocation: /default-rack, certSerialId: null}897fdfd8-a3cb-4c9b-9ef8-a626c4e76414{ip: 192.168.34.8, host: pr-hdds-1879-pbs75-1821932185, networkLocation: /default-rack, certSerialId: null}, Type:RATIS, Factor:THREE, State:OPEN]
java.util.concurrent.TimeoutException
	at java.util.concurrent.CompletableFuture.timedGet(CompletableFuture.java:1771)
	at java.util.concurrent.CompletableFuture.get(CompletableFuture.java:1915)
	at org.apache.hadoop.hdds.scm.XceiverClientRatis.watchForCommit(XceiverClientRatis.java:259)
	at org.apache.hadoop.hdds.scm.storage.CommitWatcher.watchForCommit(CommitWatcher.java:194)
	at org.apache.hadoop.hdds.scm.storage.CommitWatcher.watchOnFirstIndex(CommitWatcher.java:135)
	at org.apache.hadoop.hdds.scm.storage.BlockOutputStream.watchForCommit(BlockOutputStream.java:347)
	at org.apache.hadoop.hdds.scm.storage.BlockOutputStream.handleFullBuffer(BlockOutputStream.java:324)
	at org.apache.hadoop.hdds.scm.storage.BlockOutputStream.write(BlockOutputStream.java:251)
	at org.apache.hadoop.ozone.client.io.BlockOutputStreamEntry.write(BlockOutputStreamEntry.java:129)
	at org.apache.hadoop.ozone.client.io.KeyOutputStream.handleWrite(KeyOutputStream.java:211)
	at org.apache.hadoop.ozone.client.io.KeyOutputStream.write(KeyOutputStream.java:193)
	at org.apache.hadoop.ozone.client.io.OzoneOutputStream.write(OzoneOutputStream.java:49)
	at java.io.OutputStream.write(OutputStream.java:75)
	at org.apache.hadoop.ozone.client.rpc.TestCloseContainerHandlingByClient.testMultiBlockWrites3(TestCloseContainerHandlingByClient.java:300)
	at sun.reflect.NativeMethodAccessorImpl.invoke0(Native Method)
	at sun.reflect.NativeMethodAccessorImpl.invoke(NativeMethodAccessorImpl.java:62)
	at sun.reflect.DelegatingMethodAccessorImpl.invoke(DelegatingMethodAccessorImpl.java:43)
	at java.lang.reflect.Method.invoke(Method.java:498)
	at org.junit.runners.model.FrameworkMethod$1.runReflectiveCall(FrameworkMethod.java:47)
	at org.junit.internal.runners.model.ReflectiveCallable.run(ReflectiveCallable.java:12)
	at org.junit.runners.model.FrameworkMethod.invokeExplosively(FrameworkMethod.java:44)
	at org.junit.internal.runners.statements.InvokeMethod.evaluate(InvokeMethod.java:17)
	at org.junit.runners.ParentRunner.runLeaf(ParentRunner.java:271)
	at org.junit.runners.BlockJUnit4ClassRunner.runChild(BlockJUnit4ClassRunner.java:70)
	at org.junit.runners.BlockJUnit4ClassRunner.runChild(BlockJUnit4ClassRunner.java:50)
	at org.junit.runners.ParentRunner$3.run(ParentRunner.java:238)
	at org.junit.runners.ParentRunner$1.schedule(ParentRunner.java:63)
	at org.junit.runners.ParentRunner.runChildren(ParentRunner.java:236)
	at org.junit.runners.ParentRunner.access$000(ParentRunner.java:53)
	at org.junit.runners.ParentRunner$2.evaluate(ParentRunner.java:229)
	at org.junit.internal.runners.statements.RunBefores.evaluate(RunBefores.java:26)
	at org.junit.internal.runners.statements.RunAfters.evaluate(RunAfters.java:27)
	at org.junit.runners.ParentRunner.run(ParentRunner.java:309)
	at org.apache.maven.surefire.junit4.JUnit4Provider.execute(JUnit4Provider.java:365)
	at org.apache.maven.surefire.junit4.JUnit4Provider.executeWithRerun(JUnit4Provider.java:273)
	at org.apache.maven.surefire.junit4.JUnit4Provider.executeTestSet(JUnit4Provider.java:238)
	at org.apache.maven.surefire.junit4.JUnit4Provider.invoke(JUnit4Provider.java:159)
	at org.apache.maven.surefire.booter.ForkedBooter.invokeProviderInSameClassLoader(ForkedBooter.java:384)
	at org.apache.maven.surefire.booter.ForkedBooter.runSuitesInProcess(ForkedBooter.java:345)
	at org.apache.maven.surefire.booter.ForkedBooter.execute(ForkedBooter.java:126)
	at org.apache.maven.surefire.booter.ForkedBooter.main(ForkedBooter.java:418)
2019-09-12 04:25:00,721 [grpc-default-executor-11] INFO  client.GrpcClientProtocolClient (GrpcClientProtocolClient.java:onNext(264)) - client-B6D45D7B487F->8466bef0-9559-4d2e-b20d-aaf3fd2b14fd: receive RaftClientReply:client-B6D45D7B487F->8466bef0-9559-4d2e-b20d-aaf3fd2b14fd@group-6371820A5F4C, cid=467, SUCCESS, logIndex=0, commits[8466bef0-9559-4d2e-b20d-aaf3fd2b14fd:c68, 897fdfd8-a3cb-4c9b-9ef8-a626c4e76414:c29, 90957f92-0013-496b-a419-9c1212c810e8:c68]
2019-09-12 04:25:00,722 [main] INFO  scm.XceiverClientRatis (XceiverClientRatis.java:lambda$watchForCommit$7(280)) - Could not commit index 63 on pipeline Pipeline[ Id: 24a3be0d-b2af-45ba-b6eb-6371820a5f4c, Nodes: 90957f92-0013-496b-a419-9c1212c810e8{ip: 192.168.34.8, host: pr-hdds-1879-pbs75-1821932185, networkLocation: /default-rack, certSerialId: null}8466bef0-9559-4d2e-b20d-aaf3fd2b14fd{ip: 192.168.34.8, host: pr-hdds-1879-pbs75-1821932185, networkLocation: /default-rack, certSerialId: null}897fdfd8-a3cb-4c9b-9ef8-a626c4e76414{ip: 192.168.34.8, host: pr-hdds-1879-pbs75-1821932185, networkLocation: /default-rack, certSerialId: null}, Type:RATIS, Factor:THREE, State:OPEN] to all the nodes. Server 897fdfd8-a3cb-4c9b-9ef8-a626c4e76414 has failed. Committed by majority.
2019-09-12 04:25:00,722 [main] WARN  storage.BlockOutputStream (BlockOutputStream.java:watchForCommit(353)) - Failed to commit BlockId conID: 14 locID: 102777637121884185 bcsId: 65 on Pipeline[ Id: 24a3be0d-b2af-45ba-b6eb-6371820a5f4c, Nodes: 90957f92-0013-496b-a419-9c1212c810e8{ip: 192.168.34.8, host: pr-hdds-1879-pbs75-1821932185, networkLocation: /default-rack, certSerialId: null}8466bef0-9559-4d2e-b20d-aaf3fd2b14fd{ip: 192.168.34.8, host: pr-hdds-1879-pbs75-1821932185, networkLocation: /default-rack, certSerialId: null}897fdfd8-a3cb-4c9b-9ef8-a626c4e76414{ip: 192.168.34.8, host: pr-hdds-1879-pbs75-1821932185, networkLocation: /default-rack, certSerialId: null}, Type:RATIS, Factor:THREE, State:OPEN]. Failed nodes: [897fdfd8-a3cb-4c9b-9ef8-a626c4e76414{ip: null, host: null, networkLocation: /default-rack, certSerialId: null}]
2019-09-12 04:25:00,751 [grpc-default-executor-14] INFO  client.GrpcClientProtocolClient (GrpcClientProtocolClient.java:onNext(264)) - client-B6D45D7B487F->8466bef0-9559-4d2e-b20d-aaf3fd2b14fd: receive RaftClientReply:client-B6D45D7B487F->8466bef0-9559-4d2e-b20d-aaf3fd2b14fd@group-6371820A5F4C, cid=468, SUCCESS, logIndex=69, commits[8466bef0-9559-4d2e-b20d-aaf3fd2b14fd:c70, 897fdfd8-a3cb-4c9b-9ef8-a626c4e76414:c29, 90957f92-0013-496b-a419-9c1212c810e8:c68]
2019-09-12 04:25:00,753 [grpc-default-executor-14] INFO  client.GrpcClientProtocolClient (GrpcClientProtocolClient.java:onNext(264)) - client-B6D45D7B487F->8466bef0-9559-4d2e-b20d-aaf3fd2b14fd: receive RaftClientReply:client-B6D45D7B487F->8466bef0-9559-4d2e-b20d-aaf3fd2b14fd@group-6371820A5F4C, cid=469, SUCCESS, logIndex=70, commits[8466bef0-9559-4d2e-b20d-aaf3fd2b14fd:c70, 897fdfd8-a3cb-4c9b-9ef8-a626c4e76414:c29, 90957f92-0013-496b-a419-9c1212c810e8:c68]
2019-09-12 04:25:00,755 [Thread-3254] INFO  client.GrpcClientProtocolService (GrpcClientProtocolService.java:lambda$processClientRequest$0(278)) - Failed RaftClientRequest:client-6815E68BD393->8466bef0-9559-4d2e-b20d-aaf3fd2b14fd@group-6371820A5F4C, cid=448, seq=0, Watch-ALL_COMMITTED(58), Message:<EMPTY>, reply=RaftClientReply:client-6815E68BD393->8466bef0-9559-4d2e-b20d-aaf3fd2b14fd@group-6371820A5F4C, cid=448, FAILED org.apache.ratis.protocol.NotReplicatedException: Request with call Id 448 and log index 58 is not yet replicated to ALL_COMMITTED, logIndex=58, commits[8466bef0-9559-4d2e-b20d-aaf3fd2b14fd:c70, 897fdfd8-a3cb-4c9b-9ef8-a626c4e76414:c29, 90957f92-0013-496b-a419-9c1212c810e8:c68]
2019-09-12 04:25:00,755 [Thread-3255] INFO  client.GrpcClientProtocolService (GrpcClientProtocolService.java:lambda$processClientRequest$0(278)) - Failed RaftClientRequest:client-C7E4314964D6->8466bef0-9559-4d2e-b20d-aaf3fd2b14fd@group-6371820A5F4C, cid=417, seq=0, Watch-ALL_COMMITTED(42), Message:<EMPTY>, reply=RaftClientReply:client-C7E4314964D6->8466bef0-9559-4d2e-b20d-aaf3fd2b14fd@group-6371820A5F4C, cid=417, FAILED org.apache.ratis.protocol.NotReplicatedException: Request with call Id 417 and log index 42 is not yet replicated to ALL_COMMITTED, logIndex=42, commits[8466bef0-9559-4d2e-b20d-aaf3fd2b14fd:c70, 897fdfd8-a3cb-4c9b-9ef8-a626c4e76414:c29, 90957f92-0013-496b-a419-9c1212c810e8:c68]
2019-09-12 04:25:00,756 [grpc-default-executor-14] INFO  client.GrpcClientProtocolClient (GrpcClientProtocolClient.java:onNext(264)) - client-C7E4314964D6->8466bef0-9559-4d2e-b20d-aaf3fd2b14fd: receive RaftClientReply:client-C7E4314964D6->8466bef0-9559-4d2e-b20d-aaf3fd2b14fd@group-6371820A5F4C, cid=417, FAILED org.apache.ratis.protocol.NotReplicatedException: Request with call Id 417 and log index 42 is not yet replicated to ALL_COMMITTED, logIndex=42, commits[8466bef0-9559-4d2e-b20d-aaf3fd2b14fd:c70, 897fdfd8-a3cb-4c9b-9ef8-a626c4e76414:c29, 90957f92-0013-496b-a419-9c1212c810e8:c68]
2019-09-12 04:25:00,777 [grpc-default-executor-14] INFO  client.GrpcClientProtocolClient (GrpcClientProtocolClient.java:onNext(264)) - client-B6D45D7B487F->8466bef0-9559-4d2e-b20d-aaf3fd2b14fd: receive RaftClientReply:client-B6D45D7B487F->8466bef0-9559-4d2e-b20d-aaf3fd2b14fd@group-6371820A5F4C, cid=470, SUCCESS, logIndex=73, commits[8466bef0-9559-4d2e-b20d-aaf3fd2b14fd:c74, 897fdfd8-a3cb-4c9b-9ef8-a626c4e76414:c29, 90957f92-0013-496b-a419-9c1212c810e8:c70]
2019-09-12 04:25:00,777 [grpc-default-executor-14] INFO  client.GrpcClientProtocolClient (GrpcClientProtocolClient.java:onNext(264)) - client-B6D45D7B487F->8466bef0-9559-4d2e-b20d-aaf3fd2b14fd: receive RaftClientReply:client-B6D45D7B487F->8466bef0-9559-4d2e-b20d-aaf3fd2b14fd@group-6371820A5F4C, cid=471, SUCCESS, logIndex=74, commits[8466bef0-9559-4d2e-b20d-aaf3fd2b14fd:c74, 897fdfd8-a3cb-4c9b-9ef8-a626c4e76414:c29, 90957f92-0013-496b-a419-9c1212c810e8:c70]
2019-09-12 04:25:01,214 [java.util.concurrent.ThreadPoolExecutor$Worker@545d3615[State = -1, empty queue]] WARN  server.GrpcLogAppender (GrpcLogAppender.java:timeoutAppendRequest(200)) - 8466bef0-9559-4d2e-b20d-aaf3fd2b14fd@group-6371820A5F4C->897fdfd8-a3cb-4c9b-9ef8-a626c4e76414-GrpcLogAppender: appendEntries Timeout, request=8466bef0-9559-4d2e-b20d-aaf3fd2b14fd->897fdfd8-a3cb-4c9b-9ef8-a626c4e76414#249-t1, previous=(t:1, i:68), leaderCommit=68, initializing? false, entries: <empty>
2019-09-12 04:25:02,459 [897fdfd8-a3cb-4c9b-9ef8-a626c4e76414@group-6371820A5F4C-SegmentedRaftLogWorker] WARN  segmented.SegmentedRaftLogWorker (SegmentedRaftLogWorker.java:getFromFuture(90)) - Timeout 2/~
org.apache.ratis.protocol.TimeoutIOException: Timeout 10s: WriteLog:30: (t:1, i:30), STATEMACHINELOGENTRY, client-C7E4314964D6, cid=398-writeStateMachineData
	at org.apache.ratis.util.IOUtils.getFromFuture(IOUtils.java:87)
	at org.apache.ratis.server.raftlog.segmented.SegmentedRaftLogWorker$StateMachineDataPolicy.getFromFuture(SegmentedRaftLogWorker.java:87)
	at org.apache.ratis.server.raftlog.segmented.SegmentedRaftLogWorker$WriteLog.execute(SegmentedRaftLogWorker.java:477)
	at org.apache.ratis.server.raftlog.segmented.SegmentedRaftLogWorker.run(SegmentedRaftLogWorker.java:289)
	at java.lang.Thread.run(Thread.java:748)
Caused by: java.util.concurrent.TimeoutException
	at java.util.concurrent.CompletableFuture.timedGet(CompletableFuture.java:1771)
	at java.util.concurrent.CompletableFuture.get(CompletableFuture.java:1915)
	at org.apache.ratis.util.IOUtils.getFromFuture(IOUtils.java:79)
	... 4 more
2019-09-12 04:25:02,600 [grpc-default-executor-14] INFO  impl.RaftServerProxy (RaftServerProxy.java:remove(95)) - f3263f9a-ef6c-4ff4-a6b2-5a62e946b753: remove group-6D8373F8491B:null
2019-09-12 04:25:02,602 [RatisPipelineUtilsThread] WARN  pipeline.RatisPipelineUtils (RatisPipelineUtils.java:destroyPipeline(66)) - Pipeline destroy failed for pipeline=PipelineID=01d26c0f-af01-4266-92c2-6d8373f8491b dn=f3263f9a-ef6c-4ff4-a6b2-5a62e946b753{ip: 192.168.34.8, host: pr-hdds-1879-pbs75-1821932185, networkLocation: /default-rack, certSerialId: null}
2019-09-12 04:25:02,604 [grpc-default-executor-14] INFO  impl.RaftServerProxy (RaftServerProxy.java:remove(95)) - 2d4da40c-dd43-4554-9707-f6503cf38c80: remove group-6D8373F8491B:null
2019-09-12 04:25:02,605 [RatisPipelineUtilsThread] WARN  pipeline.RatisPipelineUtils (RatisPipelineUtils.java:destroyPipeline(66)) - Pipeline destroy failed for pipeline=PipelineID=01d26c0f-af01-4266-92c2-6d8373f8491b dn=2d4da40c-dd43-4554-9707-f6503cf38c80{ip: 192.168.34.8, host: pr-hdds-1879-pbs75-1821932185, networkLocation: /default-rack, certSerialId: null}
2019-09-12 04:25:02,607 [grpc-default-executor-14] INFO  impl.RaftServerProxy (RaftServerProxy.java:remove(95)) - a413c2ef-7abc-47d7-b263-b9548e673ba5: remove group-6D8373F8491B:null
2019-09-12 04:25:02,609 [RatisPipelineUtilsThread] WARN  pipeline.RatisPipelineUtils (RatisPipelineUtils.java:destroyPipeline(66)) - Pipeline destroy failed for pipeline=PipelineID=01d26c0f-af01-4266-92c2-6d8373f8491b dn=a413c2ef-7abc-47d7-b263-b9548e673ba5{ip: 192.168.34.8, host: pr-hdds-1879-pbs75-1821932185, networkLocation: /default-rack, certSerialId: null}
2019-09-12 04:25:02,609 [RatisPipelineUtilsThread] ERROR pipeline.SCMPipelineManager (Scheduler.java:lambda$schedule$1(70)) - Destroy pipeline failed for pipeline:Pipeline[ Id: 01d26c0f-af01-4266-92c2-6d8373f8491b, Nodes: f3263f9a-ef6c-4ff4-a6b2-5a62e946b753{ip: 192.168.34.8, host: pr-hdds-1879-pbs75-1821932185, networkLocation: /default-rack, certSerialId: null}2d4da40c-dd43-4554-9707-f6503cf38c80{ip: 192.168.34.8, host: pr-hdds-1879-pbs75-1821932185, networkLocation: /default-rack, certSerialId: null}a413c2ef-7abc-47d7-b263-b9548e673ba5{ip: 192.168.34.8, host: pr-hdds-1879-pbs75-1821932185, networkLocation: /default-rack, certSerialId: null}, Type:RATIS, Factor:THREE, State:CLOSED]
org.apache.hadoop.hdds.scm.pipeline.PipelineNotFoundException: PipelineID=01d26c0f-af01-4266-92c2-6d8373f8491b not found
	at org.apache.hadoop.hdds.scm.pipeline.PipelineStateMap.getPipeline(PipelineStateMap.java:132)
	at org.apache.hadoop.hdds.scm.pipeline.PipelineStateMap.removePipeline(PipelineStateMap.java:322)
	at org.apache.hadoop.hdds.scm.pipeline.PipelineStateManager.removePipeline(PipelineStateManager.java:107)
	at org.apache.hadoop.hdds.scm.pipeline.SCMPipelineManager.removePipeline(SCMPipelineManager.java:423)
	at org.apache.hadoop.hdds.scm.pipeline.SCMPipelineManager.destroyPipeline(SCMPipelineManager.java:409)
	at org.apache.hadoop.hdds.scm.pipeline.SCMPipelineManager.lambda$finalizeAndDestroyPipeline$0(SCMPipelineManager.java:318)
	at org.apache.hadoop.utils.Scheduler.lambda$schedule$1(Scheduler.java:68)
	at java.util.concurrent.Executors$RunnableAdapter.call(Executors.java:511)
	at java.util.concurrent.FutureTask.run(FutureTask.java:266)
	at java.util.concurrent.ScheduledThreadPoolExecutor$ScheduledFutureTask.access$201(ScheduledThreadPoolExecutor.java:180)
	at java.util.concurrent.ScheduledThreadPoolExecutor$ScheduledFutureTask.run(ScheduledThreadPoolExecutor.java:293)
	at java.util.concurrent.ThreadPoolExecutor.runWorker(ThreadPoolExecutor.java:1149)
	at java.util.concurrent.ThreadPoolExecutor$Worker.run(ThreadPoolExecutor.java:624)
	at java.lang.Thread.run(Thread.java:748)
2019-09-12 04:25:03,714 [java.util.concurrent.ThreadPoolExecutor$Worker@545d3615[State = -1, empty queue]] WARN  server.GrpcLogAppender (GrpcLogAppender.java:timeoutAppendRequest(200)) - 8466bef0-9559-4d2e-b20d-aaf3fd2b14fd@group-6371820A5F4C->897fdfd8-a3cb-4c9b-9ef8-a626c4e76414-GrpcLogAppender: appendEntries Timeout, request=8466bef0-9559-4d2e-b20d-aaf3fd2b14fd->897fdfd8-a3cb-4c9b-9ef8-a626c4e76414#250-t1, previous=(t:1, i:68), leaderCommit=68, initializing? false, entries: <empty>
2019-09-12 04:25:03,732 [java.util.concurrent.ThreadPoolExecutor$Worker@545d3615[State = -1, empty queue]] WARN  server.GrpcLogAppender (GrpcLogAppender.java:timeoutAppendRequest(200)) - 8466bef0-9559-4d2e-b20d-aaf3fd2b14fd@group-6371820A5F4C->897fdfd8-a3cb-4c9b-9ef8-a626c4e76414-GrpcLogAppender: appendEntries Timeout, request=8466bef0-9559-4d2e-b20d-aaf3fd2b14fd->897fdfd8-a3cb-4c9b-9ef8-a626c4e76414#251-t1, previous=(t:1, i:68), leaderCommit=68, initializing? false, entries: size=1, first=(t:1, i:69), STATEMACHINELOGENTRY, client-B6D45D7B487F, cid=468
2019-09-12 04:25:03,732 [java.util.concurrent.ThreadPoolExecutor$Worker@545d3615[State = -1, empty queue]] WARN  server.GrpcLogAppender (GrpcLogAppender.java:timeoutAppendRequest(200)) - 8466bef0-9559-4d2e-b20d-aaf3fd2b14fd@group-6371820A5F4C->897fdfd8-a3cb-4c9b-9ef8-a626c4e76414-GrpcLogAppender: appendEntries Timeout, request=8466bef0-9559-4d2e-b20d-aaf3fd2b14fd->897fdfd8-a3cb-4c9b-9ef8-a626c4e76414#252-t1, previous=(t:1, i:69), leaderCommit=68, initializing? false, entries: size=1, first=(t:1, i:70), STATEMACHINELOGENTRY, client-B6D45D7B487F, cid=469
2019-09-12 04:25:03,750 [java.util.concurrent.ThreadPoolExecutor$Worker@545d3615[State = -1, empty queue]] WARN  server.GrpcLogAppender (GrpcLogAppender.java:timeoutAppendRequest(200)) - 8466bef0-9559-4d2e-b20d-aaf3fd2b14fd@group-6371820A5F4C->897fdfd8-a3cb-4c9b-9ef8-a626c4e76414-GrpcLogAppender: appendEntries Timeout, request=8466bef0-9559-4d2e-b20d-aaf3fd2b14fd->897fdfd8-a3cb-4c9b-9ef8-a626c4e76414#253-t1, previous=(t:1, i:70), leaderCommit=70, initializing? false, entries: size=1, first=(t:1, i:71), METADATAENTRY(c69)
2019-09-12 04:25:03,750 [java.util.concurrent.ThreadPoolExecutor$Worker@545d3615[State = -1, empty queue]] WARN  server.GrpcLogAppender (GrpcLogAppender.java:timeoutAppendRequest(200)) - 8466bef0-9559-4d2e-b20d-aaf3fd2b14fd@group-6371820A5F4C->897fdfd8-a3cb-4c9b-9ef8-a626c4e76414-GrpcLogAppender: appendEntries Timeout, request=8466bef0-9559-4d2e-b20d-aaf3fd2b14fd->897fdfd8-a3cb-4c9b-9ef8-a626c4e76414#254-t1, previous=(t:1, i:71), leaderCommit=70, initializing? false, entries: size=1, first=(t:1, i:72), METADATAENTRY(c70)
2019-09-12 04:25:03,755 [Thread-3274] INFO  client.GrpcClientProtocolService (GrpcClientProtocolService.java:lambda$processClientRequest$0(278)) - Failed RaftClientRequest:client-6815E68BD393->8466bef0-9559-4d2e-b20d-aaf3fd2b14fd@group-6371820A5F4C, cid=433, seq=0, Watch-ALL_COMMITTED(47), Message:<EMPTY>, reply=RaftClientReply:client-6815E68BD393->8466bef0-9559-4d2e-b20d-aaf3fd2b14fd@group-6371820A5F4C, cid=433, FAILED org.apache.ratis.protocol.NotReplicatedException: Request with call Id 433 and log index 47 is not yet replicated to ALL_COMMITTED, logIndex=47, commits[8466bef0-9559-4d2e-b20d-aaf3fd2b14fd:c76, 897fdfd8-a3cb-4c9b-9ef8-a626c4e76414:c29, 90957f92-0013-496b-a419-9c1212c810e8:c76]
2019-09-12 04:25:03,760 [java.util.concurrent.ThreadPoolExecutor$Worker@545d3615[State = -1, empty queue]] WARN  server.GrpcLogAppender (GrpcLogAppender.java:timeoutAppendRequest(200)) - 8466bef0-9559-4d2e-b20d-aaf3fd2b14fd@group-6371820A5F4C->897fdfd8-a3cb-4c9b-9ef8-a626c4e76414-GrpcLogAppender: appendEntries Timeout, request=8466bef0-9559-4d2e-b20d-aaf3fd2b14fd->897fdfd8-a3cb-4c9b-9ef8-a626c4e76414#255-t1, previous=(t:1, i:72), leaderCommit=70, initializing? false, entries: size=1, first=(t:1, i:73), STATEMACHINELOGENTRY, client-B6D45D7B487F, cid=470
2019-09-12 04:25:03,760 [java.util.concurrent.ThreadPoolExecutor$Worker@545d3615[State = -1, empty queue]] WARN  server.GrpcLogAppender (GrpcLogAppender.java:timeoutAppendRequest(200)) - 8466bef0-9559-4d2e-b20d-aaf3fd2b14fd@group-6371820A5F4C->897fdfd8-a3cb-4c9b-9ef8-a626c4e76414-GrpcLogAppender: appendEntries Timeout, request=8466bef0-9559-4d2e-b20d-aaf3fd2b14fd->897fdfd8-a3cb-4c9b-9ef8-a626c4e76414#256-t1, previous=(t:1, i:73), leaderCommit=70, initializing? false, entries: size=1, first=(t:1, i:74), STATEMACHINELOGENTRY, client-B6D45D7B487F, cid=471
2019-09-12 04:25:03,776 [java.util.concurrent.ThreadPoolExecutor$Worker@545d3615[State = -1, empty queue]] WARN  server.GrpcLogAppender (GrpcLogAppender.java:timeoutAppendRequest(200)) - 8466bef0-9559-4d2e-b20d-aaf3fd2b14fd@group-6371820A5F4C->897fdfd8-a3cb-4c9b-9ef8-a626c4e76414-GrpcLogAppender: appendEntries Timeout, request=8466bef0-9559-4d2e-b20d-aaf3fd2b14fd->897fdfd8-a3cb-4c9b-9ef8-a626c4e76414#257-t1, previous=(t:1, i:74), leaderCommit=73, initializing? false, entries: size=1, first=(t:1, i:75), METADATAENTRY(c73)
2019-09-12 04:25:03,776 [java.util.concurrent.ThreadPoolExecutor$Worker@545d3615[State = -1, empty queue]] WARN  server.GrpcLogAppender (GrpcLogAppender.java:timeoutAppendRequest(200)) - 8466bef0-9559-4d2e-b20d-aaf3fd2b14fd@group-6371820A5F4C->897fdfd8-a3cb-4c9b-9ef8-a626c4e76414-GrpcLogAppender: appendEntries Timeout, request=8466bef0-9559-4d2e-b20d-aaf3fd2b14fd->897fdfd8-a3cb-4c9b-9ef8-a626c4e76414#258-t1, previous=(t:1, i:75), leaderCommit=74, initializing? false, entries: size=1, first=(t:1, i:76), METADATAENTRY(c74)
2019-09-12 04:25:04,756 [Thread-3277] INFO  client.GrpcClientProtocolService (GrpcClientProtocolService.java:lambda$processClientRequest$0(278)) - Failed RaftClientRequest:client-C7E4314964D6->8466bef0-9559-4d2e-b20d-aaf3fd2b14fd@group-6371820A5F4C, cid=417, seq=0, Watch-ALL_COMMITTED(42), Message:<EMPTY>, reply=RaftClientReply:client-C7E4314964D6->8466bef0-9559-4d2e-b20d-aaf3fd2b14fd@group-6371820A5F4C, cid=417, FAILED org.apache.ratis.protocol.NotReplicatedException: Request with call Id 417 and log index 42 is not yet replicated to ALL_COMMITTED, logIndex=42, commits[8466bef0-9559-4d2e-b20d-aaf3fd2b14fd:c76, 897fdfd8-a3cb-4c9b-9ef8-a626c4e76414:c29, 90957f92-0013-496b-a419-9c1212c810e8:c76]
2019-09-12 04:25:04,756 [Thread-3276] INFO  client.GrpcClientProtocolService (GrpcClientProtocolService.java:lambda$processClientRequest$0(278)) - Failed RaftClientRequest:client-6815E68BD393->8466bef0-9559-4d2e-b20d-aaf3fd2b14fd@group-6371820A5F4C, cid=448, seq=0, Watch-ALL_COMMITTED(58), Message:<EMPTY>, reply=RaftClientReply:client-6815E68BD393->8466bef0-9559-4d2e-b20d-aaf3fd2b14fd@group-6371820A5F4C, cid=448, FAILED org.apache.ratis.protocol.NotReplicatedException: Request with call Id 448 and log index 58 is not yet replicated to ALL_COMMITTED, logIndex=58, commits[8466bef0-9559-4d2e-b20d-aaf3fd2b14fd:c76, 897fdfd8-a3cb-4c9b-9ef8-a626c4e76414:c29, 90957f92-0013-496b-a419-9c1212c810e8:c76]
2019-09-12 04:25:04,757 [grpc-default-executor-14] INFO  client.GrpcClientProtocolClient (GrpcClientProtocolClient.java:onNext(264)) - client-C7E4314964D6->8466bef0-9559-4d2e-b20d-aaf3fd2b14fd: receive RaftClientReply:client-C7E4314964D6->8466bef0-9559-4d2e-b20d-aaf3fd2b14fd@group-6371820A5F4C, cid=417, FAILED org.apache.ratis.protocol.NotReplicatedException: Request with call Id 417 and log index 42 is not yet replicated to ALL_COMMITTED, logIndex=42, commits[8466bef0-9559-4d2e-b20d-aaf3fd2b14fd:c76, 897fdfd8-a3cb-4c9b-9ef8-a626c4e76414:c29, 90957f92-0013-496b-a419-9c1212c810e8:c76]
2019-09-12 04:25:05,605 [grpc-default-executor-16] INFO  impl.RaftServerProxy (RaftServerProxy.java:remove(95)) - f3263f9a-ef6c-4ff4-a6b2-5a62e946b753: remove group-6D8373F8491B:null
2019-09-12 04:25:05,608 [RatisPipelineUtilsThread] WARN  pipeline.RatisPipelineUtils (RatisPipelineUtils.java:destroyPipeline(66)) - Pipeline destroy failed for pipeline=PipelineID=01d26c0f-af01-4266-92c2-6d8373f8491b dn=f3263f9a-ef6c-4ff4-a6b2-5a62e946b753{ip: 192.168.34.8, host: pr-hdds-1879-pbs75-1821932185, networkLocation: /default-rack, certSerialId: null}
2019-09-12 04:25:05,609 [grpc-default-executor-16] INFO  impl.RaftServerProxy (RaftServerProxy.java:remove(95)) - 2d4da40c-dd43-4554-9707-f6503cf38c80: remove group-6D8373F8491B:null
2019-09-12 04:25:05,610 [RatisPipelineUtilsThread] WARN  pipeline.RatisPipelineUtils (RatisPipelineUtils.java:destroyPipeline(66)) - Pipeline destroy failed for pipeline=PipelineID=01d26c0f-af01-4266-92c2-6d8373f8491b dn=2d4da40c-dd43-4554-9707-f6503cf38c80{ip: 192.168.34.8, host: pr-hdds-1879-pbs75-1821932185, networkLocation: /default-rack, certSerialId: null}
2019-09-12 04:25:05,612 [grpc-default-executor-16] INFO  impl.RaftServerProxy (RaftServerProxy.java:remove(95)) - a413c2ef-7abc-47d7-b263-b9548e673ba5: remove group-6D8373F8491B:null
2019-09-12 04:25:05,613 [RatisPipelineUtilsThread] WARN  pipeline.RatisPipelineUtils (RatisPipelineUtils.java:destroyPipeline(66)) - Pipeline destroy failed for pipeline=PipelineID=01d26c0f-af01-4266-92c2-6d8373f8491b dn=a413c2ef-7abc-47d7-b263-b9548e673ba5{ip: 192.168.34.8, host: pr-hdds-1879-pbs75-1821932185, networkLocation: /default-rack, certSerialId: null}
2019-09-12 04:25:05,614 [RatisPipelineUtilsThread] ERROR pipeline.SCMPipelineManager (Scheduler.java:lambda$schedule$1(70)) - Destroy pipeline failed for pipeline:Pipeline[ Id: 01d26c0f-af01-4266-92c2-6d8373f8491b, Nodes: f3263f9a-ef6c-4ff4-a6b2-5a62e946b753{ip: 192.168.34.8, host: pr-hdds-1879-pbs75-1821932185, networkLocation: /default-rack, certSerialId: null}2d4da40c-dd43-4554-9707-f6503cf38c80{ip: 192.168.34.8, host: pr-hdds-1879-pbs75-1821932185, networkLocation: /default-rack, certSerialId: null}a413c2ef-7abc-47d7-b263-b9548e673ba5{ip: 192.168.34.8, host: pr-hdds-1879-pbs75-1821932185, networkLocation: /default-rack, certSerialId: null}, Type:RATIS, Factor:THREE, State:CLOSED]
org.apache.hadoop.hdds.scm.pipeline.PipelineNotFoundException: PipelineID=01d26c0f-af01-4266-92c2-6d8373f8491b not found
	at org.apache.hadoop.hdds.scm.pipeline.PipelineStateMap.getPipeline(PipelineStateMap.java:132)
	at org.apache.hadoop.hdds.scm.pipeline.PipelineStateMap.removePipeline(PipelineStateMap.java:322)
	at org.apache.hadoop.hdds.scm.pipeline.PipelineStateManager.removePipeline(PipelineStateManager.java:107)
	at org.apache.hadoop.hdds.scm.pipeline.SCMPipelineManager.removePipeline(SCMPipelineManager.java:423)
	at org.apache.hadoop.hdds.scm.pipeline.SCMPipelineManager.destroyPipeline(SCMPipelineManager.java:409)
	at org.apache.hadoop.hdds.scm.pipeline.SCMPipelineManager.lambda$finalizeAndDestroyPipeline$0(SCMPipelineManager.java:318)
	at org.apache.hadoop.utils.Scheduler.lambda$schedule$1(Scheduler.java:68)
	at java.util.concurrent.Executors$RunnableAdapter.call(Executors.java:511)
	at java.util.concurrent.FutureTask.run(FutureTask.java:266)
	at java.util.concurrent.ScheduledThreadPoolExecutor$ScheduledFutureTask.access$201(ScheduledThreadPoolExecutor.java:180)
	at java.util.concurrent.ScheduledThreadPoolExecutor$ScheduledFutureTask.run(ScheduledThreadPoolExecutor.java:293)
	at java.util.concurrent.ThreadPoolExecutor.runWorker(ThreadPoolExecutor.java:1149)
	at java.util.concurrent.ThreadPoolExecutor$Worker.run(ThreadPoolExecutor.java:624)
	at java.lang.Thread.run(Thread.java:748)
2019-09-12 04:25:05,755 [Thread-3283] INFO  client.GrpcClientProtocolService (GrpcClientProtocolService.java:lambda$processClientRequest$0(278)) - Failed RaftClientRequest:client-B6D45D7B487F->8466bef0-9559-4d2e-b20d-aaf3fd2b14fd@group-6371820A5F4C, cid=460, seq=0, Watch-ALL_COMMITTED(63), Message:<EMPTY>, reply=RaftClientReply:client-B6D45D7B487F->8466bef0-9559-4d2e-b20d-aaf3fd2b14fd@group-6371820A5F4C, cid=460, FAILED org.apache.ratis.protocol.NotReplicatedException: Request with call Id 460 and log index 63 is not yet replicated to ALL_COMMITTED, logIndex=63, commits[8466bef0-9559-4d2e-b20d-aaf3fd2b14fd:c76, 897fdfd8-a3cb-4c9b-9ef8-a626c4e76414:c29, 90957f92-0013-496b-a419-9c1212c810e8:c76]
2019-09-12 04:25:05,757 [grpc-default-executor-16] INFO  client.GrpcClientProtocolClient (GrpcClientProtocolClient.java:onNext(264)) - client-B6D45D7B487F->8466bef0-9559-4d2e-b20d-aaf3fd2b14fd: receive RaftClientReply:client-B6D45D7B487F->8466bef0-9559-4d2e-b20d-aaf3fd2b14fd@group-6371820A5F4C, cid=460, FAILED org.apache.ratis.protocol.NotReplicatedException: Request with call Id 460 and log index 63 is not yet replicated to ALL_COMMITTED, logIndex=63, commits[8466bef0-9559-4d2e-b20d-aaf3fd2b14fd:c76, 897fdfd8-a3cb-4c9b-9ef8-a626c4e76414:c29, 90957f92-0013-496b-a419-9c1212c810e8:c76]
2019-09-12 04:25:05,778 [main] WARN  scm.XceiverClientRatis (XceiverClientRatis.java:watchForCommit(262)) - 3 way commit failed on pipeline Pipeline[ Id: 24a3be0d-b2af-45ba-b6eb-6371820a5f4c, Nodes: 90957f92-0013-496b-a419-9c1212c810e8{ip: 192.168.34.8, host: pr-hdds-1879-pbs75-1821932185, networkLocation: /default-rack, certSerialId: null}8466bef0-9559-4d2e-b20d-aaf3fd2b14fd{ip: 192.168.34.8, host: pr-hdds-1879-pbs75-1821932185, networkLocation: /default-rack, certSerialId: null}897fdfd8-a3cb-4c9b-9ef8-a626c4e76414{ip: 192.168.34.8, host: pr-hdds-1879-pbs75-1821932185, networkLocation: /default-rack, certSerialId: null}, Type:RATIS, Factor:THREE, State:OPEN]
java.util.concurrent.TimeoutException
	at java.util.concurrent.CompletableFuture.timedGet(CompletableFuture.java:1771)
	at java.util.concurrent.CompletableFuture.get(CompletableFuture.java:1915)
	at org.apache.hadoop.hdds.scm.XceiverClientRatis.watchForCommit(XceiverClientRatis.java:259)
	at org.apache.hadoop.hdds.scm.storage.CommitWatcher.watchForCommit(CommitWatcher.java:194)
	at org.apache.hadoop.hdds.scm.storage.CommitWatcher.watchOnLastIndex(CommitWatcher.java:157)
	at org.apache.hadoop.hdds.scm.storage.BlockOutputStream.watchForCommit(BlockOutputStream.java:347)
	at org.apache.hadoop.hdds.scm.storage.BlockOutputStream.handleFlush(BlockOutputStream.java:479)
	at org.apache.hadoop.hdds.scm.storage.BlockOutputStream.close(BlockOutputStream.java:493)
	at org.apache.hadoop.ozone.client.io.BlockOutputStreamEntry.close(BlockOutputStreamEntry.java:143)
	at org.apache.hadoop.ozone.client.io.KeyOutputStream.handleFlushOrClose(KeyOutputStream.java:438)
	at org.apache.hadoop.ozone.client.io.KeyOutputStream.handleWrite(KeyOutputStream.java:235)
	at org.apache.hadoop.ozone.client.io.KeyOutputStream.write(KeyOutputStream.java:193)
	at org.apache.hadoop.ozone.client.io.OzoneOutputStream.write(OzoneOutputStream.java:49)
	at java.io.OutputStream.write(OutputStream.java:75)
	at org.apache.hadoop.ozone.client.rpc.TestCloseContainerHandlingByClient.testMultiBlockWrites3(TestCloseContainerHandlingByClient.java:300)
	at sun.reflect.NativeMethodAccessorImpl.invoke0(Native Method)
	at sun.reflect.NativeMethodAccessorImpl.invoke(NativeMethodAccessorImpl.java:62)
	at sun.reflect.DelegatingMethodAccessorImpl.invoke(DelegatingMethodAccessorImpl.java:43)
	at java.lang.reflect.Method.invoke(Method.java:498)
	at org.junit.runners.model.FrameworkMethod$1.runReflectiveCall(FrameworkMethod.java:47)
	at org.junit.internal.runners.model.ReflectiveCallable.run(ReflectiveCallable.java:12)
	at org.junit.runners.model.FrameworkMethod.invokeExplosively(FrameworkMethod.java:44)
	at org.junit.internal.runners.statements.InvokeMethod.evaluate(InvokeMethod.java:17)
	at org.junit.runners.ParentRunner.runLeaf(ParentRunner.java:271)
	at org.junit.runners.BlockJUnit4ClassRunner.runChild(BlockJUnit4ClassRunner.java:70)
	at org.junit.runners.BlockJUnit4ClassRunner.runChild(BlockJUnit4ClassRunner.java:50)
	at org.junit.runners.ParentRunner$3.run(ParentRunner.java:238)
	at org.junit.runners.ParentRunner$1.schedule(ParentRunner.java:63)
	at org.junit.runners.ParentRunner.runChildren(ParentRunner.java:236)
	at org.junit.runners.ParentRunner.access$000(ParentRunner.java:53)
	at org.junit.runners.ParentRunner$2.evaluate(ParentRunner.java:229)
	at org.junit.internal.runners.statements.RunBefores.evaluate(RunBefores.java:26)
	at org.junit.internal.runners.statements.RunAfters.evaluate(RunAfters.java:27)
	at org.junit.runners.ParentRunner.run(ParentRunner.java:309)
	at org.apache.maven.surefire.junit4.JUnit4Provider.execute(JUnit4Provider.java:365)
	at org.apache.maven.surefire.junit4.JUnit4Provider.executeWithRerun(JUnit4Provider.java:273)
	at org.apache.maven.surefire.junit4.JUnit4Provider.executeTestSet(JUnit4Provider.java:238)
	at org.apache.maven.surefire.junit4.JUnit4Provider.invoke(JUnit4Provider.java:159)
	at org.apache.maven.surefire.booter.ForkedBooter.invokeProviderInSameClassLoader(ForkedBooter.java:384)
	at org.apache.maven.surefire.booter.ForkedBooter.runSuitesInProcess(ForkedBooter.java:345)
	at org.apache.maven.surefire.booter.ForkedBooter.execute(ForkedBooter.java:126)
	at org.apache.maven.surefire.booter.ForkedBooter.main(ForkedBooter.java:418)
2019-09-12 04:25:05,780 [grpc-default-executor-16] INFO  client.GrpcClientProtocolClient (GrpcClientProtocolClient.java:onNext(264)) - client-B6D45D7B487F->8466bef0-9559-4d2e-b20d-aaf3fd2b14fd: receive RaftClientReply:client-B6D45D7B487F->8466bef0-9559-4d2e-b20d-aaf3fd2b14fd@group-6371820A5F4C, cid=479, SUCCESS, logIndex=0, commits[8466bef0-9559-4d2e-b20d-aaf3fd2b14fd:c76, 897fdfd8-a3cb-4c9b-9ef8-a626c4e76414:c29, 90957f92-0013-496b-a419-9c1212c810e8:c76]
2019-09-12 04:25:05,781 [main] INFO  scm.XceiverClientRatis (XceiverClientRatis.java:lambda$watchForCommit$7(280)) - Could not commit index 74 on pipeline Pipeline[ Id: 24a3be0d-b2af-45ba-b6eb-6371820a5f4c, Nodes: 90957f92-0013-496b-a419-9c1212c810e8{ip: 192.168.34.8, host: pr-hdds-1879-pbs75-1821932185, networkLocation: /default-rack, certSerialId: null}8466bef0-9559-4d2e-b20d-aaf3fd2b14fd{ip: 192.168.34.8, host: pr-hdds-1879-pbs75-1821932185, networkLocation: /default-rack, certSerialId: null}897fdfd8-a3cb-4c9b-9ef8-a626c4e76414{ip: 192.168.34.8, host: pr-hdds-1879-pbs75-1821932185, networkLocation: /default-rack, certSerialId: null}, Type:RATIS, Factor:THREE, State:OPEN] to all the nodes. Server 897fdfd8-a3cb-4c9b-9ef8-a626c4e76414 has failed. Committed by majority.
2019-09-12 04:25:05,786 [main] WARN  storage.BlockOutputStream (BlockOutputStream.java:watchForCommit(353)) - Failed to commit BlockId conID: 14 locID: 102777637121884185 bcsId: 74 on Pipeline[ Id: 24a3be0d-b2af-45ba-b6eb-6371820a5f4c, Nodes: 90957f92-0013-496b-a419-9c1212c810e8{ip: 192.168.34.8, host: pr-hdds-1879-pbs75-1821932185, networkLocation: /default-rack, certSerialId: null}8466bef0-9559-4d2e-b20d-aaf3fd2b14fd{ip: 192.168.34.8, host: pr-hdds-1879-pbs75-1821932185, networkLocation: /default-rack, certSerialId: null}897fdfd8-a3cb-4c9b-9ef8-a626c4e76414{ip: 192.168.34.8, host: pr-hdds-1879-pbs75-1821932185, networkLocation: /default-rack, certSerialId: null}, Type:RATIS, Factor:THREE, State:OPEN]. Failed nodes: [897fdfd8-a3cb-4c9b-9ef8-a626c4e76414{ip: null, host: null, networkLocation: /default-rack, certSerialId: null}]
2019-09-12 04:25:05,801 [grpc-default-executor-16] INFO  client.GrpcClientProtocolClient (GrpcClientProtocolClient.java:onNext(264)) - client-D75F657DBF6C->90957f92-0013-496b-a419-9c1212c810e8: receive RaftClientReply:client-D75F657DBF6C->90957f92-0013-496b-a419-9c1212c810e8@group-6371820A5F4C, cid=480, FAILED org.apache.ratis.protocol.NotLeaderException: Server 90957f92-0013-496b-a419-9c1212c810e8@group-6371820A5F4C is not the leader 8466bef0-9559-4d2e-b20d-aaf3fd2b14fd:192.168.34.8:32905, logIndex=0, commits[90957f92-0013-496b-a419-9c1212c810e8:c76, 897fdfd8-a3cb-4c9b-9ef8-a626c4e76414:c29, 8466bef0-9559-4d2e-b20d-aaf3fd2b14fd:c76]
2019-09-12 04:25:05,841 [grpc-default-executor-16] INFO  client.GrpcClientProtocolClient (GrpcClientProtocolClient.java:onNext(264)) - client-D75F657DBF6C->8466bef0-9559-4d2e-b20d-aaf3fd2b14fd: receive RaftClientReply:client-D75F657DBF6C->8466bef0-9559-4d2e-b20d-aaf3fd2b14fd@group-6371820A5F4C, cid=480, SUCCESS, logIndex=77, commits[8466bef0-9559-4d2e-b20d-aaf3fd2b14fd:c77, 897fdfd8-a3cb-4c9b-9ef8-a626c4e76414:c29, 90957f92-0013-496b-a419-9c1212c810e8:c76]
2019-09-12 04:25:05,885 [grpc-default-executor-16] INFO  client.GrpcClientProtocolClient (GrpcClientProtocolClient.java:onNext(264)) - client-D75F657DBF6C->8466bef0-9559-4d2e-b20d-aaf3fd2b14fd: receive RaftClientReply:client-D75F657DBF6C->8466bef0-9559-4d2e-b20d-aaf3fd2b14fd@group-6371820A5F4C, cid=481, SUCCESS, logIndex=79, commits[8466bef0-9559-4d2e-b20d-aaf3fd2b14fd:c79, 897fdfd8-a3cb-4c9b-9ef8-a626c4e76414:c29, 90957f92-0013-496b-a419-9c1212c810e8:c77]
2019-09-12 04:25:05,886 [grpc-default-executor-6] INFO  client.GrpcClientProtocolClient (GrpcClientProtocolClient.java:onNext(264)) - client-D75F657DBF6C->8466bef0-9559-4d2e-b20d-aaf3fd2b14fd: receive RaftClientReply:client-D75F657DBF6C->8466bef0-9559-4d2e-b20d-aaf3fd2b14fd@group-6371820A5F4C, cid=482, SUCCESS, logIndex=80, commits[8466bef0-9559-4d2e-b20d-aaf3fd2b14fd:c82, 897fdfd8-a3cb-4c9b-9ef8-a626c4e76414:c29, 90957f92-0013-496b-a419-9c1212c810e8:c79]
2019-09-12 04:25:05,887 [grpc-default-executor-6] INFO  client.GrpcClientProtocolClient (GrpcClientProtocolClient.java:onNext(264)) - client-D75F657DBF6C->8466bef0-9559-4d2e-b20d-aaf3fd2b14fd: receive RaftClientReply:client-D75F657DBF6C->8466bef0-9559-4d2e-b20d-aaf3fd2b14fd@group-6371820A5F4C, cid=483, SUCCESS, logIndex=81, commits[8466bef0-9559-4d2e-b20d-aaf3fd2b14fd:c82, 897fdfd8-a3cb-4c9b-9ef8-a626c4e76414:c29, 90957f92-0013-496b-a419-9c1212c810e8:c79]
2019-09-12 04:25:06,347 [java.util.concurrent.ThreadPoolExecutor$Worker@545d3615[State = -1, empty queue]] WARN  server.GrpcLogAppender (GrpcLogAppender.java:timeoutAppendRequest(200)) - 8466bef0-9559-4d2e-b20d-aaf3fd2b14fd@group-6371820A5F4C->897fdfd8-a3cb-4c9b-9ef8-a626c4e76414-GrpcLogAppender: appendEntries Timeout, request=8466bef0-9559-4d2e-b20d-aaf3fd2b14fd->897fdfd8-a3cb-4c9b-9ef8-a626c4e76414#259-t1, previous=(t:1, i:76), leaderCommit=76, initializing? false, entries: <empty>
2019-09-12 04:25:06,755 [Thread-3307] INFO  client.GrpcClientProtocolService (GrpcClientProtocolService.java:lambda$processClientRequest$0(278)) - Failed RaftClientRequest:client-6815E68BD393->8466bef0-9559-4d2e-b20d-aaf3fd2b14fd@group-6371820A5F4C, cid=433, seq=0, Watch-ALL_COMMITTED(47), Message:<EMPTY>, reply=RaftClientReply:client-6815E68BD393->8466bef0-9559-4d2e-b20d-aaf3fd2b14fd@group-6371820A5F4C, cid=433, FAILED org.apache.ratis.protocol.NotReplicatedException: Request with call Id 433 and log index 47 is not yet replicated to ALL_COMMITTED, logIndex=47, commits[8466bef0-9559-4d2e-b20d-aaf3fd2b14fd:c84, 897fdfd8-a3cb-4c9b-9ef8-a626c4e76414:c29, 90957f92-0013-496b-a419-9c1212c810e8:c81]
2019-09-12 04:25:06,755 [Thread-3308] INFO  client.GrpcClientProtocolService (GrpcClientProtocolService.java:lambda$processClientRequest$0(278)) - Failed RaftClientRequest:client-6815E68BD393->8466bef0-9559-4d2e-b20d-aaf3fd2b14fd@group-6371820A5F4C, cid=448, seq=0, Watch-ALL_COMMITTED(58), Message:<EMPTY>, reply=RaftClientReply:client-6815E68BD393->8466bef0-9559-4d2e-b20d-aaf3fd2b14fd@group-6371820A5F4C, cid=448, FAILED org.apache.ratis.protocol.NotReplicatedException: Request with call Id 448 and log index 58 is not yet replicated to ALL_COMMITTED, logIndex=58, commits[8466bef0-9559-4d2e-b20d-aaf3fd2b14fd:c84, 897fdfd8-a3cb-4c9b-9ef8-a626c4e76414:c29, 90957f92-0013-496b-a419-9c1212c810e8:c81]
2019-09-12 04:25:06,756 [grpc-default-executor-6] INFO  client.GrpcClientProtocolClient (GrpcClientProtocolClient.java:onNext(264)) - client-6815E68BD393->8466bef0-9559-4d2e-b20d-aaf3fd2b14fd: receive RaftClientReply:client-6815E68BD393->8466bef0-9559-4d2e-b20d-aaf3fd2b14fd@group-6371820A5F4C, cid=433, FAILED org.apache.ratis.protocol.NotReplicatedException: Request with call Id 433 and log index 47 is not yet replicated to ALL_COMMITTED, logIndex=47, commits[8466bef0-9559-4d2e-b20d-aaf3fd2b14fd:c84, 897fdfd8-a3cb-4c9b-9ef8-a626c4e76414:c29, 90957f92-0013-496b-a419-9c1212c810e8:c81]
2019-09-12 04:25:06,756 [grpc-default-executor-6] INFO  client.GrpcClientProtocolClient (GrpcClientProtocolClient.java:onNext(264)) - client-6815E68BD393->8466bef0-9559-4d2e-b20d-aaf3fd2b14fd: receive RaftClientReply:client-6815E68BD393->8466bef0-9559-4d2e-b20d-aaf3fd2b14fd@group-6371820A5F4C, cid=448, FAILED org.apache.ratis.protocol.NotReplicatedException: Request with call Id 448 and log index 58 is not yet replicated to ALL_COMMITTED, logIndex=58, commits[8466bef0-9559-4d2e-b20d-aaf3fd2b14fd:c84, 897fdfd8-a3cb-4c9b-9ef8-a626c4e76414:c29, 90957f92-0013-496b-a419-9c1212c810e8:c81]
2019-09-12 04:25:07,600 [grpc-default-executor-6] INFO  impl.RaftServerProxy (RaftServerProxy.java:remove(95)) - f3263f9a-ef6c-4ff4-a6b2-5a62e946b753: remove group-6D8373F8491B:null
2019-09-12 04:25:07,602 [RatisPipelineUtilsThread] WARN  pipeline.RatisPipelineUtils (RatisPipelineUtils.java:destroyPipeline(66)) - Pipeline destroy failed for pipeline=PipelineID=01d26c0f-af01-4266-92c2-6d8373f8491b dn=f3263f9a-ef6c-4ff4-a6b2-5a62e946b753{ip: 192.168.34.8, host: pr-hdds-1879-pbs75-1821932185, networkLocation: /default-rack, certSerialId: null}
2019-09-12 04:25:07,603 [grpc-default-executor-6] INFO  impl.RaftServerProxy (RaftServerProxy.java:remove(95)) - 2d4da40c-dd43-4554-9707-f6503cf38c80: remove group-6D8373F8491B:null
2019-09-12 04:25:07,605 [RatisPipelineUtilsThread] WARN  pipeline.RatisPipelineUtils (RatisPipelineUtils.java:destroyPipeline(66)) - Pipeline destroy failed for pipeline=PipelineID=01d26c0f-af01-4266-92c2-6d8373f8491b dn=2d4da40c-dd43-4554-9707-f6503cf38c80{ip: 192.168.34.8, host: pr-hdds-1879-pbs75-1821932185, networkLocation: /default-rack, certSerialId: null}
2019-09-12 04:25:07,606 [grpc-default-executor-6] INFO  impl.RaftServerProxy (RaftServerProxy.java:remove(95)) - a413c2ef-7abc-47d7-b263-b9548e673ba5: remove group-6D8373F8491B:null
2019-09-12 04:25:07,607 [RatisPipelineUtilsThread] WARN  pipeline.RatisPipelineUtils (RatisPipelineUtils.java:destroyPipeline(66)) - Pipeline destroy failed for pipeline=PipelineID=01d26c0f-af01-4266-92c2-6d8373f8491b dn=a413c2ef-7abc-47d7-b263-b9548e673ba5{ip: 192.168.34.8, host: pr-hdds-1879-pbs75-1821932185, networkLocation: /default-rack, certSerialId: null}
2019-09-12 04:25:07,608 [RatisPipelineUtilsThread] ERROR pipeline.SCMPipelineManager (Scheduler.java:lambda$schedule$1(70)) - Destroy pipeline failed for pipeline:Pipeline[ Id: 01d26c0f-af01-4266-92c2-6d8373f8491b, Nodes: f3263f9a-ef6c-4ff4-a6b2-5a62e946b753{ip: 192.168.34.8, host: pr-hdds-1879-pbs75-1821932185, networkLocation: /default-rack, certSerialId: null}2d4da40c-dd43-4554-9707-f6503cf38c80{ip: 192.168.34.8, host: pr-hdds-1879-pbs75-1821932185, networkLocation: /default-rack, certSerialId: null}a413c2ef-7abc-47d7-b263-b9548e673ba5{ip: 192.168.34.8, host: pr-hdds-1879-pbs75-1821932185, networkLocation: /default-rack, certSerialId: null}, Type:RATIS, Factor:THREE, State:CLOSED]
org.apache.hadoop.hdds.scm.pipeline.PipelineNotFoundException: PipelineID=01d26c0f-af01-4266-92c2-6d8373f8491b not found
	at org.apache.hadoop.hdds.scm.pipeline.PipelineStateMap.getPipeline(PipelineStateMap.java:132)
	at org.apache.hadoop.hdds.scm.pipeline.PipelineStateMap.removePipeline(PipelineStateMap.java:322)
	at org.apache.hadoop.hdds.scm.pipeline.PipelineStateManager.removePipeline(PipelineStateManager.java:107)
	at org.apache.hadoop.hdds.scm.pipeline.SCMPipelineManager.removePipeline(SCMPipelineManager.java:423)
	at org.apache.hadoop.hdds.scm.pipeline.SCMPipelineManager.destroyPipeline(SCMPipelineManager.java:409)
	at org.apache.hadoop.hdds.scm.pipeline.SCMPipelineManager.lambda$finalizeAndDestroyPipeline$0(SCMPipelineManager.java:318)
	at org.apache.hadoop.utils.Scheduler.lambda$schedule$1(Scheduler.java:68)
	at java.util.concurrent.Executors$RunnableAdapter.call(Executors.java:511)
	at java.util.concurrent.FutureTask.run(FutureTask.java:266)
	at java.util.concurrent.ScheduledThreadPoolExecutor$ScheduledFutureTask.access$201(ScheduledThreadPoolExecutor.java:180)
	at java.util.concurrent.ScheduledThreadPoolExecutor$ScheduledFutureTask.run(ScheduledThreadPoolExecutor.java:293)
	at java.util.concurrent.ThreadPoolExecutor.runWorker(ThreadPoolExecutor.java:1149)
	at java.util.concurrent.ThreadPoolExecutor$Worker.run(ThreadPoolExecutor.java:624)
	at java.lang.Thread.run(Thread.java:748)
2019-09-12 04:25:08,778 [java.util.concurrent.ThreadPoolExecutor$Worker@545d3615[State = -1, empty queue]] WARN  server.GrpcLogAppender (GrpcLogAppender.java:timeoutAppendRequest(200)) - 8466bef0-9559-4d2e-b20d-aaf3fd2b14fd@group-6371820A5F4C->897fdfd8-a3cb-4c9b-9ef8-a626c4e76414-GrpcLogAppender: appendEntries Timeout, request=8466bef0-9559-4d2e-b20d-aaf3fd2b14fd->897fdfd8-a3cb-4c9b-9ef8-a626c4e76414#260-t1, previous=(t:1, i:76), leaderCommit=76, initializing? false, entries: <empty>
2019-09-12 04:25:08,819 [java.util.concurrent.ThreadPoolExecutor$Worker@545d3615[State = -1, empty queue]] WARN  server.GrpcLogAppender (GrpcLogAppender.java:timeoutAppendRequest(200)) - 8466bef0-9559-4d2e-b20d-aaf3fd2b14fd@group-6371820A5F4C->897fdfd8-a3cb-4c9b-9ef8-a626c4e76414-GrpcLogAppender: appendEntries Timeout, request=8466bef0-9559-4d2e-b20d-aaf3fd2b14fd->897fdfd8-a3cb-4c9b-9ef8-a626c4e76414#261-t1, previous=(t:1, i:76), leaderCommit=76, initializing? false, entries: size=1, first=(t:1, i:77), STATEMACHINELOGENTRY, client-D75F657DBF6C, cid=480
2019-09-12 04:25:08,838 [java.util.concurrent.ThreadPoolExecutor$Worker@545d3615[State = -1, empty queue]] WARN  server.GrpcLogAppender (GrpcLogAppender.java:timeoutAppendRequest(200)) - 8466bef0-9559-4d2e-b20d-aaf3fd2b14fd@group-6371820A5F4C->897fdfd8-a3cb-4c9b-9ef8-a626c4e76414-GrpcLogAppender: appendEntries Timeout, request=8466bef0-9559-4d2e-b20d-aaf3fd2b14fd->897fdfd8-a3cb-4c9b-9ef8-a626c4e76414#262-t1, previous=(t:1, i:77), leaderCommit=77, initializing? false, entries: size=1, first=(t:1, i:78), METADATAENTRY(c77)
2019-09-12 04:25:08,856 [java.util.concurrent.ThreadPoolExecutor$Worker@545d3615[State = -1, empty queue]] WARN  server.GrpcLogAppender (GrpcLogAppender.java:timeoutAppendRequest(200)) - 8466bef0-9559-4d2e-b20d-aaf3fd2b14fd@group-6371820A5F4C->897fdfd8-a3cb-4c9b-9ef8-a626c4e76414-GrpcLogAppender: appendEntries Timeout, request=8466bef0-9559-4d2e-b20d-aaf3fd2b14fd->897fdfd8-a3cb-4c9b-9ef8-a626c4e76414#263-t1, previous=(t:1, i:78), leaderCommit=77, initializing? false, entries: size=1, first=(t:1, i:79), STATEMACHINELOGENTRY, client-D75F657DBF6C, cid=481
2019-09-12 04:25:08,859 [java.util.concurrent.ThreadPoolExecutor$Worker@545d3615[State = -1, empty queue]] WARN  server.GrpcLogAppender (GrpcLogAppender.java:timeoutAppendRequest(200)) - 8466bef0-9559-4d2e-b20d-aaf3fd2b14fd@group-6371820A5F4C->897fdfd8-a3cb-4c9b-9ef8-a626c4e76414-GrpcLogAppender: appendEntries Timeout, request=8466bef0-9559-4d2e-b20d-aaf3fd2b14fd->897fdfd8-a3cb-4c9b-9ef8-a626c4e76414#264-t1, previous=(t:1, i:79), leaderCommit=77, initializing? false, entries: size=1, first=(t:1, i:80), STATEMACHINELOGENTRY, client-D75F657DBF6C, cid=482
2019-09-12 04:25:08,859 [java.util.concurrent.ThreadPoolExecutor$Worker@545d3615[State = -1, empty queue]] WARN  server.GrpcLogAppender (GrpcLogAppender.java:timeoutAppendRequest(200)) - 8466bef0-9559-4d2e-b20d-aaf3fd2b14fd@group-6371820A5F4C->897fdfd8-a3cb-4c9b-9ef8-a626c4e76414-GrpcLogAppender: appendEntries Timeout, request=8466bef0-9559-4d2e-b20d-aaf3fd2b14fd->897fdfd8-a3cb-4c9b-9ef8-a626c4e76414#265-t1, previous=(t:1, i:80), leaderCommit=77, initializing? false, entries: size=1, first=(t:1, i:81), STATEMACHINELOGENTRY, client-D75F657DBF6C, cid=483
2019-09-12 04:25:08,881 [java.util.concurrent.ThreadPoolExecutor$Worker@545d3615[State = -1, empty queue]] WARN  server.GrpcLogAppender (GrpcLogAppender.java:timeoutAppendRequest(200)) - 8466bef0-9559-4d2e-b20d-aaf3fd2b14fd@group-6371820A5F4C->897fdfd8-a3cb-4c9b-9ef8-a626c4e76414-GrpcLogAppender: appendEntries Timeout, request=8466bef0-9559-4d2e-b20d-aaf3fd2b14fd->897fdfd8-a3cb-4c9b-9ef8-a626c4e76414#266-t1, previous=(t:1, i:81), leaderCommit=79, initializing? false, entries: size=1, first=(t:1, i:82), METADATAENTRY(c79)
2019-09-12 04:25:08,885 [java.util.concurrent.ThreadPoolExecutor$Worker@545d3615[State = -1, empty queue]] WARN  server.GrpcLogAppender (GrpcLogAppender.java:timeoutAppendRequest(200)) - 8466bef0-9559-4d2e-b20d-aaf3fd2b14fd@group-6371820A5F4C->897fdfd8-a3cb-4c9b-9ef8-a626c4e76414-GrpcLogAppender: appendEntries Timeout, request=8466bef0-9559-4d2e-b20d-aaf3fd2b14fd->897fdfd8-a3cb-4c9b-9ef8-a626c4e76414#267-t1, previous=(t:1, i:82), leaderCommit=80, initializing? false, entries: size=1, first=(t:1, i:83), METADATAENTRY(c80)
2019-09-12 04:25:08,885 [java.util.concurrent.ThreadPoolExecutor$Worker@545d3615[State = -1, empty queue]] WARN  server.GrpcLogAppender (GrpcLogAppender.java:timeoutAppendRequest(200)) - 8466bef0-9559-4d2e-b20d-aaf3fd2b14fd@group-6371820A5F4C->897fdfd8-a3cb-4c9b-9ef8-a626c4e76414-GrpcLogAppender: appendEntries Timeout, request=8466bef0-9559-4d2e-b20d-aaf3fd2b14fd->897fdfd8-a3cb-4c9b-9ef8-a626c4e76414#268-t1, previous=(t:1, i:83), leaderCommit=81, initializing? false, entries: size=1, first=(t:1, i:84), METADATAENTRY(c81)
2019-09-12 04:25:09,755 [Thread-3320] INFO  client.GrpcClientProtocolService (GrpcClientProtocolService.java:lambda$processClientRequest$0(278)) - Failed RaftClientRequest:client-B6D45D7B487F->8466bef0-9559-4d2e-b20d-aaf3fd2b14fd@group-6371820A5F4C, cid=460, seq=0, Watch-ALL_COMMITTED(63), Message:<EMPTY>, reply=RaftClientReply:client-B6D45D7B487F->8466bef0-9559-4d2e-b20d-aaf3fd2b14fd@group-6371820A5F4C, cid=460, FAILED org.apache.ratis.protocol.NotReplicatedException: Request with call Id 460 and log index 63 is not yet replicated to ALL_COMMITTED, logIndex=63, commits[8466bef0-9559-4d2e-b20d-aaf3fd2b14fd:c84, 897fdfd8-a3cb-4c9b-9ef8-a626c4e76414:c29, 90957f92-0013-496b-a419-9c1212c810e8:c84]
2019-09-12 04:25:10,602 [grpc-default-executor-14] INFO  impl.RaftServerProxy (RaftServerProxy.java:remove(95)) - f3263f9a-ef6c-4ff4-a6b2-5a62e946b753: remove group-6D8373F8491B:null
2019-09-12 04:25:10,605 [RatisPipelineUtilsThread] WARN  pipeline.RatisPipelineUtils (RatisPipelineUtils.java:destroyPipeline(66)) - Pipeline destroy failed for pipeline=PipelineID=01d26c0f-af01-4266-92c2-6d8373f8491b dn=f3263f9a-ef6c-4ff4-a6b2-5a62e946b753{ip: 192.168.34.8, host: pr-hdds-1879-pbs75-1821932185, networkLocation: /default-rack, certSerialId: null}
2019-09-12 04:25:10,607 [grpc-default-executor-14] INFO  impl.RaftServerProxy (RaftServerProxy.java:remove(95)) - 2d4da40c-dd43-4554-9707-f6503cf38c80: remove group-6D8373F8491B:null
2019-09-12 04:25:10,609 [RatisPipelineUtilsThread] WARN  pipeline.RatisPipelineUtils (RatisPipelineUtils.java:destroyPipeline(66)) - Pipeline destroy failed for pipeline=PipelineID=01d26c0f-af01-4266-92c2-6d8373f8491b dn=2d4da40c-dd43-4554-9707-f6503cf38c80{ip: 192.168.34.8, host: pr-hdds-1879-pbs75-1821932185, networkLocation: /default-rack, certSerialId: null}
2019-09-12 04:25:10,611 [grpc-default-executor-14] INFO  impl.RaftServerProxy (RaftServerProxy.java:remove(95)) - a413c2ef-7abc-47d7-b263-b9548e673ba5: remove group-6D8373F8491B:null
2019-09-12 04:25:10,613 [RatisPipelineUtilsThread] WARN  pipeline.RatisPipelineUtils (RatisPipelineUtils.java:destroyPipeline(66)) - Pipeline destroy failed for pipeline=PipelineID=01d26c0f-af01-4266-92c2-6d8373f8491b dn=a413c2ef-7abc-47d7-b263-b9548e673ba5{ip: 192.168.34.8, host: pr-hdds-1879-pbs75-1821932185, networkLocation: /default-rack, certSerialId: null}
2019-09-12 04:25:10,613 [RatisPipelineUtilsThread] ERROR pipeline.SCMPipelineManager (Scheduler.java:lambda$schedule$1(70)) - Destroy pipeline failed for pipeline:Pipeline[ Id: 01d26c0f-af01-4266-92c2-6d8373f8491b, Nodes: f3263f9a-ef6c-4ff4-a6b2-5a62e946b753{ip: 192.168.34.8, host: pr-hdds-1879-pbs75-1821932185, networkLocation: /default-rack, certSerialId: null}2d4da40c-dd43-4554-9707-f6503cf38c80{ip: 192.168.34.8, host: pr-hdds-1879-pbs75-1821932185, networkLocation: /default-rack, certSerialId: null}a413c2ef-7abc-47d7-b263-b9548e673ba5{ip: 192.168.34.8, host: pr-hdds-1879-pbs75-1821932185, networkLocation: /default-rack, certSerialId: null}, Type:RATIS, Factor:THREE, State:CLOSED]
org.apache.hadoop.hdds.scm.pipeline.PipelineNotFoundException: PipelineID=01d26c0f-af01-4266-92c2-6d8373f8491b not found
	at org.apache.hadoop.hdds.scm.pipeline.PipelineStateMap.getPipeline(PipelineStateMap.java:132)
	at org.apache.hadoop.hdds.scm.pipeline.PipelineStateMap.removePipeline(PipelineStateMap.java:322)
	at org.apache.hadoop.hdds.scm.pipeline.PipelineStateManager.removePipeline(PipelineStateManager.java:107)
	at org.apache.hadoop.hdds.scm.pipeline.SCMPipelineManager.removePipeline(SCMPipelineManager.java:423)
	at org.apache.hadoop.hdds.scm.pipeline.SCMPipelineManager.destroyPipeline(SCMPipelineManager.java:409)
	at org.apache.hadoop.hdds.scm.pipeline.SCMPipelineManager.lambda$finalizeAndDestroyPipeline$0(SCMPipelineManager.java:318)
	at org.apache.hadoop.utils.Scheduler.lambda$schedule$1(Scheduler.java:68)
	at java.util.concurrent.Executors$RunnableAdapter.call(Executors.java:511)
	at java.util.concurrent.FutureTask.run(FutureTask.java:266)
	at java.util.concurrent.ScheduledThreadPoolExecutor$ScheduledFutureTask.access$201(ScheduledThreadPoolExecutor.java:180)
	at java.util.concurrent.ScheduledThreadPoolExecutor$ScheduledFutureTask.run(ScheduledThreadPoolExecutor.java:293)
	at java.util.concurrent.ThreadPoolExecutor.runWorker(ThreadPoolExecutor.java:1149)
	at java.util.concurrent.ThreadPoolExecutor$Worker.run(ThreadPoolExecutor.java:624)
	at java.lang.Thread.run(Thread.java:748)
2019-09-12 04:25:10,755 [Thread-3327] INFO  client.GrpcClientProtocolService (GrpcClientProtocolService.java:lambda$processClientRequest$0(278)) - Failed RaftClientRequest:client-6815E68BD393->8466bef0-9559-4d2e-b20d-aaf3fd2b14fd@group-6371820A5F4C, cid=448, seq=0, Watch-ALL_COMMITTED(58), Message:<EMPTY>, reply=RaftClientReply:client-6815E68BD393->8466bef0-9559-4d2e-b20d-aaf3fd2b14fd@group-6371820A5F4C, cid=448, FAILED org.apache.ratis.protocol.NotReplicatedException: Request with call Id 448 and log index 58 is not yet replicated to ALL_COMMITTED, logIndex=58, commits[8466bef0-9559-4d2e-b20d-aaf3fd2b14fd:c84, 897fdfd8-a3cb-4c9b-9ef8-a626c4e76414:c29, 90957f92-0013-496b-a419-9c1212c810e8:c84]
2019-09-12 04:25:10,755 [Thread-3328] INFO  client.GrpcClientProtocolService (GrpcClientProtocolService.java:lambda$processClientRequest$0(278)) - Failed RaftClientRequest:client-6815E68BD393->8466bef0-9559-4d2e-b20d-aaf3fd2b14fd@group-6371820A5F4C, cid=433, seq=0, Watch-ALL_COMMITTED(47), Message:<EMPTY>, reply=RaftClientReply:client-6815E68BD393->8466bef0-9559-4d2e-b20d-aaf3fd2b14fd@group-6371820A5F4C, cid=433, FAILED org.apache.ratis.protocol.NotReplicatedException: Request with call Id 433 and log index 47 is not yet replicated to ALL_COMMITTED, logIndex=47, commits[8466bef0-9559-4d2e-b20d-aaf3fd2b14fd:c84, 897fdfd8-a3cb-4c9b-9ef8-a626c4e76414:c29, 90957f92-0013-496b-a419-9c1212c810e8:c84]
2019-09-12 04:25:10,756 [grpc-default-executor-14] INFO  client.GrpcClientProtocolClient (GrpcClientProtocolClient.java:onNext(264)) - client-6815E68BD393->8466bef0-9559-4d2e-b20d-aaf3fd2b14fd: receive RaftClientReply:client-6815E68BD393->8466bef0-9559-4d2e-b20d-aaf3fd2b14fd@group-6371820A5F4C, cid=448, FAILED org.apache.ratis.protocol.NotReplicatedException: Request with call Id 448 and log index 58 is not yet replicated to ALL_COMMITTED, logIndex=58, commits[8466bef0-9559-4d2e-b20d-aaf3fd2b14fd:c84, 897fdfd8-a3cb-4c9b-9ef8-a626c4e76414:c29, 90957f92-0013-496b-a419-9c1212c810e8:c84]
2019-09-12 04:25:10,757 [grpc-default-executor-14] INFO  client.GrpcClientProtocolClient (GrpcClientProtocolClient.java:onNext(264)) - client-6815E68BD393->8466bef0-9559-4d2e-b20d-aaf3fd2b14fd: receive RaftClientReply:client-6815E68BD393->8466bef0-9559-4d2e-b20d-aaf3fd2b14fd@group-6371820A5F4C, cid=433, FAILED org.apache.ratis.protocol.NotReplicatedException: Request with call Id 433 and log index 47 is not yet replicated to ALL_COMMITTED, logIndex=47, commits[8466bef0-9559-4d2e-b20d-aaf3fd2b14fd:c84, 897fdfd8-a3cb-4c9b-9ef8-a626c4e76414:c29, 90957f92-0013-496b-a419-9c1212c810e8:c84]
2019-09-12 04:25:10,887 [main] WARN  scm.XceiverClientRatis (XceiverClientRatis.java:watchForCommit(262)) - 3 way commit failed on pipeline Pipeline[ Id: 24a3be0d-b2af-45ba-b6eb-6371820a5f4c, Nodes: 90957f92-0013-496b-a419-9c1212c810e8{ip: 192.168.34.8, host: pr-hdds-1879-pbs75-1821932185, networkLocation: /default-rack, certSerialId: null}8466bef0-9559-4d2e-b20d-aaf3fd2b14fd{ip: 192.168.34.8, host: pr-hdds-1879-pbs75-1821932185, networkLocation: /default-rack, certSerialId: null}897fdfd8-a3cb-4c9b-9ef8-a626c4e76414{ip: 192.168.34.8, host: pr-hdds-1879-pbs75-1821932185, networkLocation: /default-rack, certSerialId: null}, Type:RATIS, Factor:THREE, State:OPEN]
java.util.concurrent.TimeoutException
	at java.util.concurrent.CompletableFuture.timedGet(CompletableFuture.java:1771)
	at java.util.concurrent.CompletableFuture.get(CompletableFuture.java:1915)
	at org.apache.hadoop.hdds.scm.XceiverClientRatis.watchForCommit(XceiverClientRatis.java:259)
	at org.apache.hadoop.hdds.scm.storage.CommitWatcher.watchForCommit(CommitWatcher.java:194)
	at org.apache.hadoop.hdds.scm.storage.CommitWatcher.watchOnFirstIndex(CommitWatcher.java:135)
	at org.apache.hadoop.hdds.scm.storage.BlockOutputStream.watchForCommit(BlockOutputStream.java:347)
	at org.apache.hadoop.hdds.scm.storage.BlockOutputStream.handleFullBuffer(BlockOutputStream.java:324)
	at org.apache.hadoop.hdds.scm.storage.BlockOutputStream.write(BlockOutputStream.java:251)
	at org.apache.hadoop.ozone.client.io.BlockOutputStreamEntry.write(BlockOutputStreamEntry.java:129)
	at org.apache.hadoop.ozone.client.io.KeyOutputStream.handleWrite(KeyOutputStream.java:211)
	at org.apache.hadoop.ozone.client.io.KeyOutputStream.write(KeyOutputStream.java:193)
	at org.apache.hadoop.ozone.client.io.OzoneOutputStream.write(OzoneOutputStream.java:49)
	at java.io.OutputStream.write(OutputStream.java:75)
	at org.apache.hadoop.ozone.client.rpc.TestCloseContainerHandlingByClient.testMultiBlockWrites3(TestCloseContainerHandlingByClient.java:300)
	at sun.reflect.NativeMethodAccessorImpl.invoke0(Native Method)
	at sun.reflect.NativeMethodAccessorImpl.invoke(NativeMethodAccessorImpl.java:62)
	at sun.reflect.DelegatingMethodAccessorImpl.invoke(DelegatingMethodAccessorImpl.java:43)
	at java.lang.reflect.Method.invoke(Method.java:498)
	at org.junit.runners.model.FrameworkMethod$1.runReflectiveCall(FrameworkMethod.java:47)
	at org.junit.internal.runners.model.ReflectiveCallable.run(ReflectiveCallable.java:12)
	at org.junit.runners.model.FrameworkMethod.invokeExplosively(FrameworkMethod.java:44)
	at org.junit.internal.runners.statements.InvokeMethod.evaluate(InvokeMethod.java:17)
	at org.junit.runners.ParentRunner.runLeaf(ParentRunner.java:271)
	at org.junit.runners.BlockJUnit4ClassRunner.runChild(BlockJUnit4ClassRunner.java:70)
	at org.junit.runners.BlockJUnit4ClassRunner.runChild(BlockJUnit4ClassRunner.java:50)
	at org.junit.runners.ParentRunner$3.run(ParentRunner.java:238)
	at org.junit.runners.ParentRunner$1.schedule(ParentRunner.java:63)
	at org.junit.runners.ParentRunner.runChildren(ParentRunner.java:236)
	at org.junit.runners.ParentRunner.access$000(ParentRunner.java:53)
	at org.junit.runners.ParentRunner$2.evaluate(ParentRunner.java:229)
	at org.junit.internal.runners.statements.RunBefores.evaluate(RunBefores.java:26)
	at org.junit.internal.runners.statements.RunAfters.evaluate(RunAfters.java:27)
	at org.junit.runners.ParentRunner.run(ParentRunner.java:309)
	at org.apache.maven.surefire.junit4.JUnit4Provider.execute(JUnit4Provider.java:365)
	at org.apache.maven.surefire.junit4.JUnit4Provider.executeWithRerun(JUnit4Provider.java:273)
	at org.apache.maven.surefire.junit4.JUnit4Provider.executeTestSet(JUnit4Provider.java:238)
	at org.apache.maven.surefire.junit4.JUnit4Provider.invoke(JUnit4Provider.java:159)
	at org.apache.maven.surefire.booter.ForkedBooter.invokeProviderInSameClassLoader(ForkedBooter.java:384)
	at org.apache.maven.surefire.booter.ForkedBooter.runSuitesInProcess(ForkedBooter.java:345)
	at org.apache.maven.surefire.booter.ForkedBooter.execute(ForkedBooter.java:126)
	at org.apache.maven.surefire.booter.ForkedBooter.main(ForkedBooter.java:418)
2019-09-12 04:25:10,889 [grpc-default-executor-14] INFO  client.GrpcClientProtocolClient (GrpcClientProtocolClient.java:onNext(264)) - client-D75F657DBF6C->8466bef0-9559-4d2e-b20d-aaf3fd2b14fd: receive RaftClientReply:client-D75F657DBF6C->8466bef0-9559-4d2e-b20d-aaf3fd2b14fd@group-6371820A5F4C, cid=491, SUCCESS, logIndex=0, commits[8466bef0-9559-4d2e-b20d-aaf3fd2b14fd:c84, 897fdfd8-a3cb-4c9b-9ef8-a626c4e76414:c29, 90957f92-0013-496b-a419-9c1212c810e8:c84]
2019-09-12 04:25:10,890 [main] INFO  scm.XceiverClientRatis (XceiverClientRatis.java:lambda$watchForCommit$7(280)) - Could not commit index 79 on pipeline Pipeline[ Id: 24a3be0d-b2af-45ba-b6eb-6371820a5f4c, Nodes: 90957f92-0013-496b-a419-9c1212c810e8{ip: 192.168.34.8, host: pr-hdds-1879-pbs75-1821932185, networkLocation: /default-rack, certSerialId: null}8466bef0-9559-4d2e-b20d-aaf3fd2b14fd{ip: 192.168.34.8, host: pr-hdds-1879-pbs75-1821932185, networkLocation: /default-rack, certSerialId: null}897fdfd8-a3cb-4c9b-9ef8-a626c4e76414{ip: 192.168.34.8, host: pr-hdds-1879-pbs75-1821932185, networkLocation: /default-rack, certSerialId: null}, Type:RATIS, Factor:THREE, State:OPEN] to all the nodes. Server 897fdfd8-a3cb-4c9b-9ef8-a626c4e76414 has failed. Committed by majority.
2019-09-12 04:25:10,890 [main] WARN  storage.BlockOutputStream (BlockOutputStream.java:watchForCommit(353)) - Failed to commit BlockId conID: 15 locID: 102777637121884186 bcsId: 81 on Pipeline[ Id: 24a3be0d-b2af-45ba-b6eb-6371820a5f4c, Nodes: 90957f92-0013-496b-a419-9c1212c810e8{ip: 192.168.34.8, host: pr-hdds-1879-pbs75-1821932185, networkLocation: /default-rack, certSerialId: null}8466bef0-9559-4d2e-b20d-aaf3fd2b14fd{ip: 192.168.34.8, host: pr-hdds-1879-pbs75-1821932185, networkLocation: /default-rack, certSerialId: null}897fdfd8-a3cb-4c9b-9ef8-a626c4e76414{ip: 192.168.34.8, host: pr-hdds-1879-pbs75-1821932185, networkLocation: /default-rack, certSerialId: null}, Type:RATIS, Factor:THREE, State:OPEN]. Failed nodes: [897fdfd8-a3cb-4c9b-9ef8-a626c4e76414{ip: null, host: null, networkLocation: /default-rack, certSerialId: null}]
2019-09-12 04:25:10,918 [grpc-default-executor-14] INFO  client.GrpcClientProtocolClient (GrpcClientProtocolClient.java:onNext(264)) - client-D75F657DBF6C->8466bef0-9559-4d2e-b20d-aaf3fd2b14fd: receive RaftClientReply:client-D75F657DBF6C->8466bef0-9559-4d2e-b20d-aaf3fd2b14fd@group-6371820A5F4C, cid=492, SUCCESS, logIndex=85, commits[8466bef0-9559-4d2e-b20d-aaf3fd2b14fd:c86, 897fdfd8-a3cb-4c9b-9ef8-a626c4e76414:c29, 90957f92-0013-496b-a419-9c1212c810e8:c84]
2019-09-12 04:25:10,918 [grpc-default-executor-14] INFO  client.GrpcClientProtocolClient (GrpcClientProtocolClient.java:onNext(264)) - client-D75F657DBF6C->8466bef0-9559-4d2e-b20d-aaf3fd2b14fd: receive RaftClientReply:client-D75F657DBF6C->8466bef0-9559-4d2e-b20d-aaf3fd2b14fd@group-6371820A5F4C, cid=493, SUCCESS, logIndex=86, commits[8466bef0-9559-4d2e-b20d-aaf3fd2b14fd:c86, 897fdfd8-a3cb-4c9b-9ef8-a626c4e76414:c29, 90957f92-0013-496b-a419-9c1212c810e8:c84]
2019-09-12 04:25:10,945 [grpc-default-executor-6] INFO  client.GrpcClientProtocolClient (GrpcClientProtocolClient.java:onNext(264)) - client-D75F657DBF6C->8466bef0-9559-4d2e-b20d-aaf3fd2b14fd: receive RaftClientReply:client-D75F657DBF6C->8466bef0-9559-4d2e-b20d-aaf3fd2b14fd@group-6371820A5F4C, cid=494, SUCCESS, logIndex=89, commits[8466bef0-9559-4d2e-b20d-aaf3fd2b14fd:c90, 897fdfd8-a3cb-4c9b-9ef8-a626c4e76414:c29, 90957f92-0013-496b-a419-9c1212c810e8:c86]
2019-09-12 04:25:10,945 [grpc-default-executor-6] INFO  client.GrpcClientProtocolClient (GrpcClientProtocolClient.java:onNext(264)) - client-D75F657DBF6C->8466bef0-9559-4d2e-b20d-aaf3fd2b14fd: receive RaftClientReply:client-D75F657DBF6C->8466bef0-9559-4d2e-b20d-aaf3fd2b14fd@group-6371820A5F4C, cid=495, SUCCESS, logIndex=90, commits[8466bef0-9559-4d2e-b20d-aaf3fd2b14fd:c90, 897fdfd8-a3cb-4c9b-9ef8-a626c4e76414:c29, 90957f92-0013-496b-a419-9c1212c810e8:c86]
2019-09-12 04:25:11,387 [java.util.concurrent.ThreadPoolExecutor$Worker@545d3615[State = -1, empty queue]] WARN  server.GrpcLogAppender (GrpcLogAppender.java:timeoutAppendRequest(200)) - 8466bef0-9559-4d2e-b20d-aaf3fd2b14fd@group-6371820A5F4C->897fdfd8-a3cb-4c9b-9ef8-a626c4e76414-GrpcLogAppender: appendEntries Timeout, request=8466bef0-9559-4d2e-b20d-aaf3fd2b14fd->897fdfd8-a3cb-4c9b-9ef8-a626c4e76414#269-t1, previous=(t:1, i:84), leaderCommit=84, initializing? false, entries: <empty>
2019-09-12 04:25:11,755 [Thread-3344] INFO  client.GrpcClientProtocolService (GrpcClientProtocolService.java:lambda$processClientRequest$0(278)) - Failed RaftClientRequest:client-B6D45D7B487F->8466bef0-9559-4d2e-b20d-aaf3fd2b14fd@group-6371820A5F4C, cid=472, seq=0, Watch-ALL_COMMITTED(74), Message:<EMPTY>, reply=RaftClientReply:client-B6D45D7B487F->8466bef0-9559-4d2e-b20d-aaf3fd2b14fd@group-6371820A5F4C, cid=472, FAILED org.apache.ratis.protocol.NotReplicatedException: Request with call Id 472 and log index 74 is not yet replicated to ALL_COMMITTED, logIndex=74, commits[8466bef0-9559-4d2e-b20d-aaf3fd2b14fd:c92, 897fdfd8-a3cb-4c9b-9ef8-a626c4e76414:c29, 90957f92-0013-496b-a419-9c1212c810e8:c90]
2019-09-12 04:25:12,459 [897fdfd8-a3cb-4c9b-9ef8-a626c4e76414@group-6371820A5F4C-SegmentedRaftLogWorker] WARN  segmented.SegmentedRaftLogWorker (SegmentedRaftLogWorker.java:getFromFuture(90)) - Timeout 3/~
org.apache.ratis.protocol.TimeoutIOException: Timeout 10s: WriteLog:30: (t:1, i:30), STATEMACHINELOGENTRY, client-C7E4314964D6, cid=398-writeStateMachineData
	at org.apache.ratis.util.IOUtils.getFromFuture(IOUtils.java:87)
	at org.apache.ratis.server.raftlog.segmented.SegmentedRaftLogWorker$StateMachineDataPolicy.getFromFuture(SegmentedRaftLogWorker.java:87)
	at org.apache.ratis.server.raftlog.segmented.SegmentedRaftLogWorker$WriteLog.execute(SegmentedRaftLogWorker.java:477)
	at org.apache.ratis.server.raftlog.segmented.SegmentedRaftLogWorker.run(SegmentedRaftLogWorker.java:289)
	at java.lang.Thread.run(Thread.java:748)
Caused by: java.util.concurrent.TimeoutException
	at java.util.concurrent.CompletableFuture.timedGet(CompletableFuture.java:1771)
	at java.util.concurrent.CompletableFuture.get(CompletableFuture.java:1915)
	at org.apache.ratis.util.IOUtils.getFromFuture(IOUtils.java:79)
	... 4 more
2019-09-12 04:25:12,599 [grpc-default-executor-6] INFO  impl.RaftServerProxy (RaftServerProxy.java:remove(95)) - f3263f9a-ef6c-4ff4-a6b2-5a62e946b753: remove group-6D8373F8491B:null
2019-09-12 04:25:12,601 [RatisPipelineUtilsThread] WARN  pipeline.RatisPipelineUtils (RatisPipelineUtils.java:destroyPipeline(66)) - Pipeline destroy failed for pipeline=PipelineID=01d26c0f-af01-4266-92c2-6d8373f8491b dn=f3263f9a-ef6c-4ff4-a6b2-5a62e946b753{ip: 192.168.34.8, host: pr-hdds-1879-pbs75-1821932185, networkLocation: /default-rack, certSerialId: null}
2019-09-12 04:25:12,602 [grpc-default-executor-6] INFO  impl.RaftServerProxy (RaftServerProxy.java:remove(95)) - 2d4da40c-dd43-4554-9707-f6503cf38c80: remove group-6D8373F8491B:null
2019-09-12 04:25:12,603 [RatisPipelineUtilsThread] WARN  pipeline.RatisPipelineUtils (RatisPipelineUtils.java:destroyPipeline(66)) - Pipeline destroy failed for pipeline=PipelineID=01d26c0f-af01-4266-92c2-6d8373f8491b dn=2d4da40c-dd43-4554-9707-f6503cf38c80{ip: 192.168.34.8, host: pr-hdds-1879-pbs75-1821932185, networkLocation: /default-rack, certSerialId: null}
2019-09-12 04:25:12,604 [grpc-default-executor-6] INFO  impl.RaftServerProxy (RaftServerProxy.java:remove(95)) - a413c2ef-7abc-47d7-b263-b9548e673ba5: remove group-6D8373F8491B:null
2019-09-12 04:25:12,606 [RatisPipelineUtilsThread] WARN  pipeline.RatisPipelineUtils (RatisPipelineUtils.java:destroyPipeline(66)) - Pipeline destroy failed for pipeline=PipelineID=01d26c0f-af01-4266-92c2-6d8373f8491b dn=a413c2ef-7abc-47d7-b263-b9548e673ba5{ip: 192.168.34.8, host: pr-hdds-1879-pbs75-1821932185, networkLocation: /default-rack, certSerialId: null}
2019-09-12 04:25:12,606 [RatisPipelineUtilsThread] ERROR pipeline.SCMPipelineManager (Scheduler.java:lambda$schedule$1(70)) - Destroy pipeline failed for pipeline:Pipeline[ Id: 01d26c0f-af01-4266-92c2-6d8373f8491b, Nodes: f3263f9a-ef6c-4ff4-a6b2-5a62e946b753{ip: 192.168.34.8, host: pr-hdds-1879-pbs75-1821932185, networkLocation: /default-rack, certSerialId: null}2d4da40c-dd43-4554-9707-f6503cf38c80{ip: 192.168.34.8, host: pr-hdds-1879-pbs75-1821932185, networkLocation: /default-rack, certSerialId: null}a413c2ef-7abc-47d7-b263-b9548e673ba5{ip: 192.168.34.8, host: pr-hdds-1879-pbs75-1821932185, networkLocation: /default-rack, certSerialId: null}, Type:RATIS, Factor:THREE, State:CLOSED]
org.apache.hadoop.hdds.scm.pipeline.PipelineNotFoundException: PipelineID=01d26c0f-af01-4266-92c2-6d8373f8491b not found
	at org.apache.hadoop.hdds.scm.pipeline.PipelineStateMap.getPipeline(PipelineStateMap.java:132)
	at org.apache.hadoop.hdds.scm.pipeline.PipelineStateMap.removePipeline(PipelineStateMap.java:322)
	at org.apache.hadoop.hdds.scm.pipeline.PipelineStateManager.removePipeline(PipelineStateManager.java:107)
	at org.apache.hadoop.hdds.scm.pipeline.SCMPipelineManager.removePipeline(SCMPipelineManager.java:423)
	at org.apache.hadoop.hdds.scm.pipeline.SCMPipelineManager.destroyPipeline(SCMPipelineManager.java:409)
	at org.apache.hadoop.hdds.scm.pipeline.SCMPipelineManager.lambda$finalizeAndDestroyPipeline$0(SCMPipelineManager.java:318)
	at org.apache.hadoop.utils.Scheduler.lambda$schedule$1(Scheduler.java:68)
	at java.util.concurrent.Executors$RunnableAdapter.call(Executors.java:511)
	at java.util.concurrent.FutureTask.run(FutureTask.java:266)
	at java.util.concurrent.ScheduledThreadPoolExecutor$ScheduledFutureTask.access$201(ScheduledThreadPoolExecutor.java:180)
	at java.util.concurrent.ScheduledThreadPoolExecutor$ScheduledFutureTask.run(ScheduledThreadPoolExecutor.java:293)
	at java.util.concurrent.ThreadPoolExecutor.runWorker(ThreadPoolExecutor.java:1149)
	at java.util.concurrent.ThreadPoolExecutor$Worker.run(ThreadPoolExecutor.java:624)
	at java.lang.Thread.run(Thread.java:748)
2019-09-12 04:25:13,755 [Thread-3353] INFO  client.GrpcClientProtocolService (GrpcClientProtocolService.java:lambda$processClientRequest$0(278)) - Failed RaftClientRequest:client-B6D45D7B487F->8466bef0-9559-4d2e-b20d-aaf3fd2b14fd@group-6371820A5F4C, cid=460, seq=0, Watch-ALL_COMMITTED(63), Message:<EMPTY>, reply=RaftClientReply:client-B6D45D7B487F->8466bef0-9559-4d2e-b20d-aaf3fd2b14fd@group-6371820A5F4C, cid=460, FAILED org.apache.ratis.protocol.NotReplicatedException: Request with call Id 460 and log index 63 is not yet replicated to ALL_COMMITTED, logIndex=63, commits[8466bef0-9559-4d2e-b20d-aaf3fd2b14fd:c92, 897fdfd8-a3cb-4c9b-9ef8-a626c4e76414:c29, 90957f92-0013-496b-a419-9c1212c810e8:c92]
2019-09-12 04:25:13,887 [java.util.concurrent.ThreadPoolExecutor$Worker@545d3615[State = -1, empty queue]] WARN  server.GrpcLogAppender (GrpcLogAppender.java:timeoutAppendRequest(200)) - 8466bef0-9559-4d2e-b20d-aaf3fd2b14fd@group-6371820A5F4C->897fdfd8-a3cb-4c9b-9ef8-a626c4e76414-GrpcLogAppender: appendEntries Timeout, request=8466bef0-9559-4d2e-b20d-aaf3fd2b14fd->897fdfd8-a3cb-4c9b-9ef8-a626c4e76414#270-t1, previous=(t:1, i:84), leaderCommit=84, initializing? false, entries: <empty>
2019-09-12 04:25:13,900 [java.util.concurrent.ThreadPoolExecutor$Worker@545d3615[State = -1, empty queue]] WARN  server.GrpcLogAppender (GrpcLogAppender.java:timeoutAppendRequest(200)) - 8466bef0-9559-4d2e-b20d-aaf3fd2b14fd@group-6371820A5F4C->897fdfd8-a3cb-4c9b-9ef8-a626c4e76414-GrpcLogAppender: appendEntries Timeout, request=8466bef0-9559-4d2e-b20d-aaf3fd2b14fd->897fdfd8-a3cb-4c9b-9ef8-a626c4e76414#271-t1, previous=(t:1, i:84), leaderCommit=84, initializing? false, entries: size=1, first=(t:1, i:85), STATEMACHINELOGENTRY, client-D75F657DBF6C, cid=492
2019-09-12 04:25:13,900 [java.util.concurrent.ThreadPoolExecutor$Worker@545d3615[State = -1, empty queue]] WARN  server.GrpcLogAppender (GrpcLogAppender.java:timeoutAppendRequest(200)) - 8466bef0-9559-4d2e-b20d-aaf3fd2b14fd@group-6371820A5F4C->897fdfd8-a3cb-4c9b-9ef8-a626c4e76414-GrpcLogAppender: appendEntries Timeout, request=8466bef0-9559-4d2e-b20d-aaf3fd2b14fd->897fdfd8-a3cb-4c9b-9ef8-a626c4e76414#272-t1, previous=(t:1, i:85), leaderCommit=84, initializing? false, entries: size=1, first=(t:1, i:86), STATEMACHINELOGENTRY, client-D75F657DBF6C, cid=493
2019-09-12 04:25:13,917 [java.util.concurrent.ThreadPoolExecutor$Worker@545d3615[State = -1, empty queue]] WARN  server.GrpcLogAppender (GrpcLogAppender.java:timeoutAppendRequest(200)) - 8466bef0-9559-4d2e-b20d-aaf3fd2b14fd@group-6371820A5F4C->897fdfd8-a3cb-4c9b-9ef8-a626c4e76414-GrpcLogAppender: appendEntries Timeout, request=8466bef0-9559-4d2e-b20d-aaf3fd2b14fd->897fdfd8-a3cb-4c9b-9ef8-a626c4e76414#273-t1, previous=(t:1, i:86), leaderCommit=85, initializing? false, entries: size=1, first=(t:1, i:87), METADATAENTRY(c85)
2019-09-12 04:25:13,917 [java.util.concurrent.ThreadPoolExecutor$Worker@545d3615[State = -1, empty queue]] WARN  server.GrpcLogAppender (GrpcLogAppender.java:timeoutAppendRequest(200)) - 8466bef0-9559-4d2e-b20d-aaf3fd2b14fd@group-6371820A5F4C->897fdfd8-a3cb-4c9b-9ef8-a626c4e76414-GrpcLogAppender: appendEntries Timeout, request=8466bef0-9559-4d2e-b20d-aaf3fd2b14fd->897fdfd8-a3cb-4c9b-9ef8-a626c4e76414#274-t1, previous=(t:1, i:87), leaderCommit=86, initializing? false, entries: size=1, first=(t:1, i:88), METADATAENTRY(c86)
2019-09-12 04:25:13,923 [java.util.concurrent.ThreadPoolExecutor$Worker@545d3615[State = -1, empty queue]] WARN  server.GrpcLogAppender (GrpcLogAppender.java:timeoutAppendRequest(200)) - 8466bef0-9559-4d2e-b20d-aaf3fd2b14fd@group-6371820A5F4C->897fdfd8-a3cb-4c9b-9ef8-a626c4e76414-GrpcLogAppender: appendEntries Timeout, request=8466bef0-9559-4d2e-b20d-aaf3fd2b14fd->897fdfd8-a3cb-4c9b-9ef8-a626c4e76414#275-t1, previous=(t:1, i:88), leaderCommit=86, initializing? false, entries: size=1, first=(t:1, i:89), STATEMACHINELOGENTRY, client-D75F657DBF6C, cid=494
2019-09-12 04:25:13,923 [java.util.concurrent.ThreadPoolExecutor$Worker@545d3615[State = -1, empty queue]] WARN  server.GrpcLogAppender (GrpcLogAppender.java:timeoutAppendRequest(200)) - 8466bef0-9559-4d2e-b20d-aaf3fd2b14fd@group-6371820A5F4C->897fdfd8-a3cb-4c9b-9ef8-a626c4e76414-GrpcLogAppender: appendEntries Timeout, request=8466bef0-9559-4d2e-b20d-aaf3fd2b14fd->897fdfd8-a3cb-4c9b-9ef8-a626c4e76414#276-t1, previous=(t:1, i:89), leaderCommit=86, initializing? false, entries: size=1, first=(t:1, i:90), STATEMACHINELOGENTRY, client-D75F657DBF6C, cid=495
2019-09-12 04:25:13,944 [java.util.concurrent.ThreadPoolExecutor$Worker@545d3615[State = -1, empty queue]] WARN  server.GrpcLogAppender (GrpcLogAppender.java:timeoutAppendRequest(200)) - 8466bef0-9559-4d2e-b20d-aaf3fd2b14fd@group-6371820A5F4C->897fdfd8-a3cb-4c9b-9ef8-a626c4e76414-GrpcLogAppender: appendEntries Timeout, request=8466bef0-9559-4d2e-b20d-aaf3fd2b14fd->897fdfd8-a3cb-4c9b-9ef8-a626c4e76414#277-t1, previous=(t:1, i:90), leaderCommit=89, initializing? false, entries: size=1, first=(t:1, i:91), METADATAENTRY(c89)
2019-09-12 04:25:13,944 [java.util.concurrent.ThreadPoolExecutor$Worker@545d3615[State = -1, empty queue]] WARN  server.GrpcLogAppender (GrpcLogAppender.java:timeoutAppendRequest(200)) - 8466bef0-9559-4d2e-b20d-aaf3fd2b14fd@group-6371820A5F4C->897fdfd8-a3cb-4c9b-9ef8-a626c4e76414-GrpcLogAppender: appendEntries Timeout, request=8466bef0-9559-4d2e-b20d-aaf3fd2b14fd->897fdfd8-a3cb-4c9b-9ef8-a626c4e76414#278-t1, previous=(t:1, i:91), leaderCommit=90, initializing? false, entries: size=1, first=(t:1, i:92), METADATAENTRY(c90)
2019-09-12 04:25:14,755 [Thread-3356] INFO  client.GrpcClientProtocolService (GrpcClientProtocolService.java:lambda$processClientRequest$0(278)) - Failed RaftClientRequest:client-6815E68BD393->8466bef0-9559-4d2e-b20d-aaf3fd2b14fd@group-6371820A5F4C, cid=433, seq=0, Watch-ALL_COMMITTED(47), Message:<EMPTY>, reply=RaftClientReply:client-6815E68BD393->8466bef0-9559-4d2e-b20d-aaf3fd2b14fd@group-6371820A5F4C, cid=433, FAILED org.apache.ratis.protocol.NotReplicatedException: Request with call Id 433 and log index 47 is not yet replicated to ALL_COMMITTED, logIndex=47, commits[8466bef0-9559-4d2e-b20d-aaf3fd2b14fd:c92, 897fdfd8-a3cb-4c9b-9ef8-a626c4e76414:c29, 90957f92-0013-496b-a419-9c1212c810e8:c92]
2019-09-12 04:25:14,755 [Thread-3357] INFO  client.GrpcClientProtocolService (GrpcClientProtocolService.java:lambda$processClientRequest$0(278)) - Failed RaftClientRequest:client-6815E68BD393->8466bef0-9559-4d2e-b20d-aaf3fd2b14fd@group-6371820A5F4C, cid=448, seq=0, Watch-ALL_COMMITTED(58), Message:<EMPTY>, reply=RaftClientReply:client-6815E68BD393->8466bef0-9559-4d2e-b20d-aaf3fd2b14fd@group-6371820A5F4C, cid=448, FAILED org.apache.ratis.protocol.NotReplicatedException: Request with call Id 448 and log index 58 is not yet replicated to ALL_COMMITTED, logIndex=58, commits[8466bef0-9559-4d2e-b20d-aaf3fd2b14fd:c92, 897fdfd8-a3cb-4c9b-9ef8-a626c4e76414:c29, 90957f92-0013-496b-a419-9c1212c810e8:c92]
2019-09-12 04:25:14,757 [grpc-default-executor-6] INFO  client.GrpcClientProtocolClient (GrpcClientProtocolClient.java:onNext(264)) - client-6815E68BD393->8466bef0-9559-4d2e-b20d-aaf3fd2b14fd: receive RaftClientReply:client-6815E68BD393->8466bef0-9559-4d2e-b20d-aaf3fd2b14fd@group-6371820A5F4C, cid=448, FAILED org.apache.ratis.protocol.NotReplicatedException: Request with call Id 448 and log index 58 is not yet replicated to ALL_COMMITTED, logIndex=58, commits[8466bef0-9559-4d2e-b20d-aaf3fd2b14fd:c92, 897fdfd8-a3cb-4c9b-9ef8-a626c4e76414:c29, 90957f92-0013-496b-a419-9c1212c810e8:c92]
2019-09-12 04:25:14,757 [grpc-default-executor-6] INFO  client.GrpcClientProtocolClient (GrpcClientProtocolClient.java:onNext(264)) - client-6815E68BD393->8466bef0-9559-4d2e-b20d-aaf3fd2b14fd: receive RaftClientReply:client-6815E68BD393->8466bef0-9559-4d2e-b20d-aaf3fd2b14fd@group-6371820A5F4C, cid=433, FAILED org.apache.ratis.protocol.NotReplicatedException: Request with call Id 433 and log index 47 is not yet replicated to ALL_COMMITTED, logIndex=47, commits[8466bef0-9559-4d2e-b20d-aaf3fd2b14fd:c92, 897fdfd8-a3cb-4c9b-9ef8-a626c4e76414:c29, 90957f92-0013-496b-a419-9c1212c810e8:c92]
2019-09-12 04:25:15,601 [grpc-default-executor-14] INFO  impl.RaftServerProxy (RaftServerProxy.java:remove(95)) - f3263f9a-ef6c-4ff4-a6b2-5a62e946b753: remove group-6D8373F8491B:null
2019-09-12 04:25:15,604 [RatisPipelineUtilsThread] WARN  pipeline.RatisPipelineUtils (RatisPipelineUtils.java:destroyPipeline(66)) - Pipeline destroy failed for pipeline=PipelineID=01d26c0f-af01-4266-92c2-6d8373f8491b dn=f3263f9a-ef6c-4ff4-a6b2-5a62e946b753{ip: 192.168.34.8, host: pr-hdds-1879-pbs75-1821932185, networkLocation: /default-rack, certSerialId: null}
2019-09-12 04:25:15,606 [grpc-default-executor-14] INFO  impl.RaftServerProxy (RaftServerProxy.java:remove(95)) - 2d4da40c-dd43-4554-9707-f6503cf38c80: remove group-6D8373F8491B:null
2019-09-12 04:25:15,608 [RatisPipelineUtilsThread] WARN  pipeline.RatisPipelineUtils (RatisPipelineUtils.java:destroyPipeline(66)) - Pipeline destroy failed for pipeline=PipelineID=01d26c0f-af01-4266-92c2-6d8373f8491b dn=2d4da40c-dd43-4554-9707-f6503cf38c80{ip: 192.168.34.8, host: pr-hdds-1879-pbs75-1821932185, networkLocation: /default-rack, certSerialId: null}
2019-09-12 04:25:15,611 [grpc-default-executor-14] INFO  impl.RaftServerProxy (RaftServerProxy.java:remove(95)) - a413c2ef-7abc-47d7-b263-b9548e673ba5: remove group-6D8373F8491B:null
2019-09-12 04:25:15,613 [RatisPipelineUtilsThread] WARN  pipeline.RatisPipelineUtils (RatisPipelineUtils.java:destroyPipeline(66)) - Pipeline destroy failed for pipeline=PipelineID=01d26c0f-af01-4266-92c2-6d8373f8491b dn=a413c2ef-7abc-47d7-b263-b9548e673ba5{ip: 192.168.34.8, host: pr-hdds-1879-pbs75-1821932185, networkLocation: /default-rack, certSerialId: null}
2019-09-12 04:25:15,613 [RatisPipelineUtilsThread] ERROR pipeline.SCMPipelineManager (Scheduler.java:lambda$schedule$1(70)) - Destroy pipeline failed for pipeline:Pipeline[ Id: 01d26c0f-af01-4266-92c2-6d8373f8491b, Nodes: f3263f9a-ef6c-4ff4-a6b2-5a62e946b753{ip: 192.168.34.8, host: pr-hdds-1879-pbs75-1821932185, networkLocation: /default-rack, certSerialId: null}2d4da40c-dd43-4554-9707-f6503cf38c80{ip: 192.168.34.8, host: pr-hdds-1879-pbs75-1821932185, networkLocation: /default-rack, certSerialId: null}a413c2ef-7abc-47d7-b263-b9548e673ba5{ip: 192.168.34.8, host: pr-hdds-1879-pbs75-1821932185, networkLocation: /default-rack, certSerialId: null}, Type:RATIS, Factor:THREE, State:CLOSED]
org.apache.hadoop.hdds.scm.pipeline.PipelineNotFoundException: PipelineID=01d26c0f-af01-4266-92c2-6d8373f8491b not found
	at org.apache.hadoop.hdds.scm.pipeline.PipelineStateMap.getPipeline(PipelineStateMap.java:132)
	at org.apache.hadoop.hdds.scm.pipeline.PipelineStateMap.removePipeline(PipelineStateMap.java:322)
	at org.apache.hadoop.hdds.scm.pipeline.PipelineStateManager.removePipeline(PipelineStateManager.java:107)
	at org.apache.hadoop.hdds.scm.pipeline.SCMPipelineManager.removePipeline(SCMPipelineManager.java:423)
	at org.apache.hadoop.hdds.scm.pipeline.SCMPipelineManager.destroyPipeline(SCMPipelineManager.java:409)
	at org.apache.hadoop.hdds.scm.pipeline.SCMPipelineManager.lambda$finalizeAndDestroyPipeline$0(SCMPipelineManager.java:318)
	at org.apache.hadoop.utils.Scheduler.lambda$schedule$1(Scheduler.java:68)
	at java.util.concurrent.Executors$RunnableAdapter.call(Executors.java:511)
	at java.util.concurrent.FutureTask.run(FutureTask.java:266)
	at java.util.concurrent.ScheduledThreadPoolExecutor$ScheduledFutureTask.access$201(ScheduledThreadPoolExecutor.java:180)
	at java.util.concurrent.ScheduledThreadPoolExecutor$ScheduledFutureTask.run(ScheduledThreadPoolExecutor.java:293)
	at java.util.concurrent.ThreadPoolExecutor.runWorker(ThreadPoolExecutor.java:1149)
	at java.util.concurrent.ThreadPoolExecutor$Worker.run(ThreadPoolExecutor.java:624)
	at java.lang.Thread.run(Thread.java:748)
2019-09-12 04:25:15,755 [Thread-3363] INFO  client.GrpcClientProtocolService (GrpcClientProtocolService.java:lambda$processClientRequest$0(278)) - Failed RaftClientRequest:client-B6D45D7B487F->8466bef0-9559-4d2e-b20d-aaf3fd2b14fd@group-6371820A5F4C, cid=472, seq=0, Watch-ALL_COMMITTED(74), Message:<EMPTY>, reply=RaftClientReply:client-B6D45D7B487F->8466bef0-9559-4d2e-b20d-aaf3fd2b14fd@group-6371820A5F4C, cid=472, FAILED org.apache.ratis.protocol.NotReplicatedException: Request with call Id 472 and log index 74 is not yet replicated to ALL_COMMITTED, logIndex=74, commits[8466bef0-9559-4d2e-b20d-aaf3fd2b14fd:c92, 897fdfd8-a3cb-4c9b-9ef8-a626c4e76414:c29, 90957f92-0013-496b-a419-9c1212c810e8:c92]
2019-09-12 04:25:15,946 [main] WARN  scm.XceiverClientRatis (XceiverClientRatis.java:watchForCommit(262)) - 3 way commit failed on pipeline Pipeline[ Id: 24a3be0d-b2af-45ba-b6eb-6371820a5f4c, Nodes: 90957f92-0013-496b-a419-9c1212c810e8{ip: 192.168.34.8, host: pr-hdds-1879-pbs75-1821932185, networkLocation: /default-rack, certSerialId: null}8466bef0-9559-4d2e-b20d-aaf3fd2b14fd{ip: 192.168.34.8, host: pr-hdds-1879-pbs75-1821932185, networkLocation: /default-rack, certSerialId: null}897fdfd8-a3cb-4c9b-9ef8-a626c4e76414{ip: 192.168.34.8, host: pr-hdds-1879-pbs75-1821932185, networkLocation: /default-rack, certSerialId: null}, Type:RATIS, Factor:THREE, State:OPEN]
java.util.concurrent.TimeoutException
	at java.util.concurrent.CompletableFuture.timedGet(CompletableFuture.java:1771)
	at java.util.concurrent.CompletableFuture.get(CompletableFuture.java:1915)
	at org.apache.hadoop.hdds.scm.XceiverClientRatis.watchForCommit(XceiverClientRatis.java:259)
	at org.apache.hadoop.hdds.scm.storage.CommitWatcher.watchForCommit(CommitWatcher.java:194)
	at org.apache.hadoop.hdds.scm.storage.CommitWatcher.watchOnLastIndex(CommitWatcher.java:157)
	at org.apache.hadoop.hdds.scm.storage.BlockOutputStream.watchForCommit(BlockOutputStream.java:347)
	at org.apache.hadoop.hdds.scm.storage.BlockOutputStream.handleFlush(BlockOutputStream.java:479)
	at org.apache.hadoop.hdds.scm.storage.BlockOutputStream.close(BlockOutputStream.java:493)
	at org.apache.hadoop.ozone.client.io.BlockOutputStreamEntry.close(BlockOutputStreamEntry.java:143)
	at org.apache.hadoop.ozone.client.io.KeyOutputStream.handleFlushOrClose(KeyOutputStream.java:438)
	at org.apache.hadoop.ozone.client.io.KeyOutputStream.handleWrite(KeyOutputStream.java:235)
	at org.apache.hadoop.ozone.client.io.KeyOutputStream.write(KeyOutputStream.java:193)
	at org.apache.hadoop.ozone.client.io.OzoneOutputStream.write(OzoneOutputStream.java:49)
	at java.io.OutputStream.write(OutputStream.java:75)
	at org.apache.hadoop.ozone.client.rpc.TestCloseContainerHandlingByClient.testMultiBlockWrites3(TestCloseContainerHandlingByClient.java:300)
	at sun.reflect.NativeMethodAccessorImpl.invoke0(Native Method)
	at sun.reflect.NativeMethodAccessorImpl.invoke(NativeMethodAccessorImpl.java:62)
	at sun.reflect.DelegatingMethodAccessorImpl.invoke(DelegatingMethodAccessorImpl.java:43)
	at java.lang.reflect.Method.invoke(Method.java:498)
	at org.junit.runners.model.FrameworkMethod$1.runReflectiveCall(FrameworkMethod.java:47)
	at org.junit.internal.runners.model.ReflectiveCallable.run(ReflectiveCallable.java:12)
	at org.junit.runners.model.FrameworkMethod.invokeExplosively(FrameworkMethod.java:44)
	at org.junit.internal.runners.statements.InvokeMethod.evaluate(InvokeMethod.java:17)
	at org.junit.runners.ParentRunner.runLeaf(ParentRunner.java:271)
	at org.junit.runners.BlockJUnit4ClassRunner.runChild(BlockJUnit4ClassRunner.java:70)
	at org.junit.runners.BlockJUnit4ClassRunner.runChild(BlockJUnit4ClassRunner.java:50)
	at org.junit.runners.ParentRunner$3.run(ParentRunner.java:238)
	at org.junit.runners.ParentRunner$1.schedule(ParentRunner.java:63)
	at org.junit.runners.ParentRunner.runChildren(ParentRunner.java:236)
	at org.junit.runners.ParentRunner.access$000(ParentRunner.java:53)
	at org.junit.runners.ParentRunner$2.evaluate(ParentRunner.java:229)
	at org.junit.internal.runners.statements.RunBefores.evaluate(RunBefores.java:26)
	at org.junit.internal.runners.statements.RunAfters.evaluate(RunAfters.java:27)
	at org.junit.runners.ParentRunner.run(ParentRunner.java:309)
	at org.apache.maven.surefire.junit4.JUnit4Provider.execute(JUnit4Provider.java:365)
	at org.apache.maven.surefire.junit4.JUnit4Provider.executeWithRerun(JUnit4Provider.java:273)
	at org.apache.maven.surefire.junit4.JUnit4Provider.executeTestSet(JUnit4Provider.java:238)
	at org.apache.maven.surefire.junit4.JUnit4Provider.invoke(JUnit4Provider.java:159)
	at org.apache.maven.surefire.booter.ForkedBooter.invokeProviderInSameClassLoader(ForkedBooter.java:384)
	at org.apache.maven.surefire.booter.ForkedBooter.runSuitesInProcess(ForkedBooter.java:345)
	at org.apache.maven.surefire.booter.ForkedBooter.execute(ForkedBooter.java:126)
	at org.apache.maven.surefire.booter.ForkedBooter.main(ForkedBooter.java:418)
2019-09-12 04:25:15,949 [grpc-default-executor-14] INFO  client.GrpcClientProtocolClient (GrpcClientProtocolClient.java:onNext(264)) - client-D75F657DBF6C->8466bef0-9559-4d2e-b20d-aaf3fd2b14fd: receive RaftClientReply:client-D75F657DBF6C->8466bef0-9559-4d2e-b20d-aaf3fd2b14fd@group-6371820A5F4C, cid=503, SUCCESS, logIndex=0, commits[8466bef0-9559-4d2e-b20d-aaf3fd2b14fd:c92, 897fdfd8-a3cb-4c9b-9ef8-a626c4e76414:c29, 90957f92-0013-496b-a419-9c1212c810e8:c92]
2019-09-12 04:25:15,949 [main] INFO  scm.XceiverClientRatis (XceiverClientRatis.java:lambda$watchForCommit$7(280)) - Could not commit index 90 on pipeline Pipeline[ Id: 24a3be0d-b2af-45ba-b6eb-6371820a5f4c, Nodes: 90957f92-0013-496b-a419-9c1212c810e8{ip: 192.168.34.8, host: pr-hdds-1879-pbs75-1821932185, networkLocation: /default-rack, certSerialId: null}8466bef0-9559-4d2e-b20d-aaf3fd2b14fd{ip: 192.168.34.8, host: pr-hdds-1879-pbs75-1821932185, networkLocation: /default-rack, certSerialId: null}897fdfd8-a3cb-4c9b-9ef8-a626c4e76414{ip: 192.168.34.8, host: pr-hdds-1879-pbs75-1821932185, networkLocation: /default-rack, certSerialId: null}, Type:RATIS, Factor:THREE, State:OPEN] to all the nodes. Server 897fdfd8-a3cb-4c9b-9ef8-a626c4e76414 has failed. Committed by majority.
2019-09-12 04:25:15,950 [main] WARN  storage.BlockOutputStream (BlockOutputStream.java:watchForCommit(353)) - Failed to commit BlockId conID: 15 locID: 102777637121884186 bcsId: 90 on Pipeline[ Id: 24a3be0d-b2af-45ba-b6eb-6371820a5f4c, Nodes: 90957f92-0013-496b-a419-9c1212c810e8{ip: 192.168.34.8, host: pr-hdds-1879-pbs75-1821932185, networkLocation: /default-rack, certSerialId: null}8466bef0-9559-4d2e-b20d-aaf3fd2b14fd{ip: 192.168.34.8, host: pr-hdds-1879-pbs75-1821932185, networkLocation: /default-rack, certSerialId: null}897fdfd8-a3cb-4c9b-9ef8-a626c4e76414{ip: 192.168.34.8, host: pr-hdds-1879-pbs75-1821932185, networkLocation: /default-rack, certSerialId: null}, Type:RATIS, Factor:THREE, State:OPEN]. Failed nodes: [897fdfd8-a3cb-4c9b-9ef8-a626c4e76414{ip: null, host: null, networkLocation: /default-rack, certSerialId: null}]
2019-09-12 04:25:15,961 [EventQueue-CloseContainerForCloseContainerEventHandler] INFO  container.CloseContainerEventHandler (CloseContainerEventHandler.java:onMessage(61)) - Close container Event triggered for container : #10
2019-09-12 04:25:15,962 [EventQueue-CloseContainerForCloseContainerEventHandler] INFO  container.CloseContainerEventHandler (CloseContainerEventHandler.java:onMessage(61)) - Close container Event triggered for container : #10
2019-09-12 04:25:15,962 [EventQueue-CloseContainerForCloseContainerEventHandler] INFO  container.CloseContainerEventHandler (CloseContainerEventHandler.java:onMessage(61)) - Close container Event triggered for container : #10
2019-09-12 04:25:15,962 [EventQueue-CloseContainerForCloseContainerEventHandler] INFO  container.CloseContainerEventHandler (CloseContainerEventHandler.java:onMessage(61)) - Close container Event triggered for container : #14
2019-09-12 04:25:15,962 [EventQueue-CloseContainerForCloseContainerEventHandler] INFO  container.CloseContainerEventHandler (CloseContainerEventHandler.java:onMessage(61)) - Close container Event triggered for container : #14
2019-09-12 04:25:15,963 [EventQueue-CloseContainerForCloseContainerEventHandler] INFO  container.CloseContainerEventHandler (CloseContainerEventHandler.java:onMessage(61)) - Close container Event triggered for container : #14
2019-09-12 04:25:15,963 [EventQueue-CloseContainerForCloseContainerEventHandler] INFO  container.CloseContainerEventHandler (CloseContainerEventHandler.java:onMessage(61)) - Close container Event triggered for container : #15
2019-09-12 04:25:15,963 [EventQueue-CloseContainerForCloseContainerEventHandler] INFO  container.CloseContainerEventHandler (CloseContainerEventHandler.java:onMessage(61)) - Close container Event triggered for container : #15
2019-09-12 04:25:15,963 [EventQueue-CloseContainerForCloseContainerEventHandler] INFO  container.CloseContainerEventHandler (CloseContainerEventHandler.java:onMessage(61)) - Close container Event triggered for container : #15
2019-09-12 04:25:15,968 [grpc-default-executor-6] INFO  client.GrpcClientProtocolClient (GrpcClientProtocolClient.java:onNext(264)) - client-C73BFA6989BE->90957f92-0013-496b-a419-9c1212c810e8: receive RaftClientReply:client-C73BFA6989BE->90957f92-0013-496b-a419-9c1212c810e8@group-6371820A5F4C, cid=504, FAILED org.apache.ratis.protocol.NotLeaderException: Server 90957f92-0013-496b-a419-9c1212c810e8@group-6371820A5F4C is not the leader 8466bef0-9559-4d2e-b20d-aaf3fd2b14fd:192.168.34.8:32905, logIndex=0, commits[90957f92-0013-496b-a419-9c1212c810e8:c92, 897fdfd8-a3cb-4c9b-9ef8-a626c4e76414:c29, 8466bef0-9559-4d2e-b20d-aaf3fd2b14fd:c92]
2019-09-12 04:25:16,011 [grpc-default-executor-16] INFO  client.GrpcClientProtocolClient (GrpcClientProtocolClient.java:onNext(264)) - client-C73BFA6989BE->8466bef0-9559-4d2e-b20d-aaf3fd2b14fd: receive RaftClientReply:client-C73BFA6989BE->8466bef0-9559-4d2e-b20d-aaf3fd2b14fd@group-6371820A5F4C, cid=504, SUCCESS, logIndex=93, commits[8466bef0-9559-4d2e-b20d-aaf3fd2b14fd:c93, 897fdfd8-a3cb-4c9b-9ef8-a626c4e76414:c29, 90957f92-0013-496b-a419-9c1212c810e8:c92]
2019-09-12 04:25:16,042 [grpc-default-executor-14] INFO  client.GrpcClientProtocolClient (GrpcClientProtocolClient.java:onNext(264)) - client-C73BFA6989BE->8466bef0-9559-4d2e-b20d-aaf3fd2b14fd: receive RaftClientReply:client-C73BFA6989BE->8466bef0-9559-4d2e-b20d-aaf3fd2b14fd@group-6371820A5F4C, cid=505, SUCCESS, logIndex=95, commits[8466bef0-9559-4d2e-b20d-aaf3fd2b14fd:c95, 897fdfd8-a3cb-4c9b-9ef8-a626c4e76414:c29, 90957f92-0013-496b-a419-9c1212c810e8:c93]
2019-09-12 04:25:16,445 [java.util.concurrent.ThreadPoolExecutor$Worker@545d3615[State = -1, empty queue]] WARN  server.GrpcLogAppender (GrpcLogAppender.java:timeoutAppendRequest(200)) - 8466bef0-9559-4d2e-b20d-aaf3fd2b14fd@group-6371820A5F4C->897fdfd8-a3cb-4c9b-9ef8-a626c4e76414-GrpcLogAppender: appendEntries Timeout, request=8466bef0-9559-4d2e-b20d-aaf3fd2b14fd->897fdfd8-a3cb-4c9b-9ef8-a626c4e76414#279-t1, previous=(t:1, i:92), leaderCommit=92, initializing? false, entries: <empty>
2019-09-12 04:25:16,755 [Thread-3381] INFO  client.GrpcClientProtocolService (GrpcClientProtocolService.java:lambda$processClientRequest$0(278)) - Failed RaftClientRequest:client-D75F657DBF6C->8466bef0-9559-4d2e-b20d-aaf3fd2b14fd@group-6371820A5F4C, cid=484, seq=0, Watch-ALL_COMMITTED(79), Message:<EMPTY>, reply=RaftClientReply:client-D75F657DBF6C->8466bef0-9559-4d2e-b20d-aaf3fd2b14fd@group-6371820A5F4C, cid=484, FAILED org.apache.ratis.protocol.NotReplicatedException: Request with call Id 484 and log index 79 is not yet replicated to ALL_COMMITTED, logIndex=79, commits[8466bef0-9559-4d2e-b20d-aaf3fd2b14fd:c96, 897fdfd8-a3cb-4c9b-9ef8-a626c4e76414:c29, 90957f92-0013-496b-a419-9c1212c810e8:c95]
2019-09-12 04:25:17,309 [RatisApplyTransactionExecutor 0] INFO  interfaces.Container (KeyValueContainer.java:flushAndSyncDB(384)) - Container 10 is synced with bcsId 95.
2019-09-12 04:25:17,310 [RatisApplyTransactionExecutor 0] INFO  interfaces.Container (KeyValueContainer.java:flushAndSyncDB(384)) - Container 10 is synced with bcsId 95.
2019-09-12 04:25:17,388 [RatisApplyTransactionExecutor 0] INFO  interfaces.Container (KeyValueContainer.java:flushAndSyncDB(384)) - Container 10 is synced with bcsId 95.
2019-09-12 04:25:17,388 [RatisApplyTransactionExecutor 0] INFO  interfaces.Container (KeyValueContainer.java:close(333)) - Container 10 is closed with bcsId 95.
2019-09-12 04:25:17,388 [RatisApplyTransactionExecutor 0] INFO  interfaces.Container (KeyValueContainer.java:flushAndSyncDB(384)) - Container 10 is synced with bcsId 95.
2019-09-12 04:25:17,389 [EventQueue-IncrementalContainerReportForIncrementalContainerReportHandler] INFO  container.IncrementalContainerReportHandler (AbstractContainerReportHandler.java:updateContainerState(176)) - Moving container #10 to CLOSED state, datanode 8466bef0-9559-4d2e-b20d-aaf3fd2b14fd{ip: 192.168.34.8, host: pr-hdds-1879-pbs75-1821932185, networkLocation: /default-rack, certSerialId: null} reported CLOSED replica.
2019-09-12 04:25:17,423 [RatisApplyTransactionExecutor 0] INFO  interfaces.Container (KeyValueContainer.java:close(333)) - Container 10 is closed with bcsId 95.
2019-09-12 04:25:17,496 [RatisApplyTransactionExecutor 4] INFO  interfaces.Container (KeyValueContainer.java:flushAndSyncDB(384)) - Container 14 is synced with bcsId 74.
2019-09-12 04:25:17,497 [RatisApplyTransactionExecutor 4] INFO  interfaces.Container (KeyValueContainer.java:flushAndSyncDB(384)) - Container 14 is synced with bcsId 74.
2019-09-12 04:25:17,557 [RatisApplyTransactionExecutor 4] INFO  interfaces.Container (KeyValueContainer.java:close(333)) - Container 14 is closed with bcsId 74.
2019-09-12 04:25:17,558 [EventQueue-IncrementalContainerReportForIncrementalContainerReportHandler] INFO  container.IncrementalContainerReportHandler (AbstractContainerReportHandler.java:updateContainerState(176)) - Moving container #14 to CLOSED state, datanode 8466bef0-9559-4d2e-b20d-aaf3fd2b14fd{ip: 192.168.34.8, host: pr-hdds-1879-pbs75-1821932185, networkLocation: /default-rack, certSerialId: null} reported CLOSED replica.
2019-09-12 04:25:17,599 [grpc-default-executor-14] INFO  impl.RaftServerProxy (RaftServerProxy.java:remove(95)) - f3263f9a-ef6c-4ff4-a6b2-5a62e946b753: remove group-6D8373F8491B:null
2019-09-12 04:25:17,601 [RatisPipelineUtilsThread] WARN  pipeline.RatisPipelineUtils (RatisPipelineUtils.java:destroyPipeline(66)) - Pipeline destroy failed for pipeline=PipelineID=01d26c0f-af01-4266-92c2-6d8373f8491b dn=f3263f9a-ef6c-4ff4-a6b2-5a62e946b753{ip: 192.168.34.8, host: pr-hdds-1879-pbs75-1821932185, networkLocation: /default-rack, certSerialId: null}
2019-09-12 04:25:17,602 [grpc-default-executor-14] INFO  impl.RaftServerProxy (RaftServerProxy.java:remove(95)) - 2d4da40c-dd43-4554-9707-f6503cf38c80: remove group-6D8373F8491B:null
2019-09-12 04:25:17,604 [RatisPipelineUtilsThread] WARN  pipeline.RatisPipelineUtils (RatisPipelineUtils.java:destroyPipeline(66)) - Pipeline destroy failed for pipeline=PipelineID=01d26c0f-af01-4266-92c2-6d8373f8491b dn=2d4da40c-dd43-4554-9707-f6503cf38c80{ip: 192.168.34.8, host: pr-hdds-1879-pbs75-1821932185, networkLocation: /default-rack, certSerialId: null}
2019-09-12 04:25:17,605 [RatisApplyTransactionExecutor 4] INFO  interfaces.Container (KeyValueContainer.java:flushAndSyncDB(384)) - Container 14 is synced with bcsId 74.
2019-09-12 04:25:17,605 [grpc-default-executor-14] INFO  impl.RaftServerProxy (RaftServerProxy.java:remove(95)) - a413c2ef-7abc-47d7-b263-b9548e673ba5: remove group-6D8373F8491B:null
2019-09-12 04:25:17,605 [RatisApplyTransactionExecutor 4] INFO  interfaces.Container (KeyValueContainer.java:flushAndSyncDB(384)) - Container 14 is synced with bcsId 74.
2019-09-12 04:25:17,607 [RatisPipelineUtilsThread] WARN  pipeline.RatisPipelineUtils (RatisPipelineUtils.java:destroyPipeline(66)) - Pipeline destroy failed for pipeline=PipelineID=01d26c0f-af01-4266-92c2-6d8373f8491b dn=a413c2ef-7abc-47d7-b263-b9548e673ba5{ip: 192.168.34.8, host: pr-hdds-1879-pbs75-1821932185, networkLocation: /default-rack, certSerialId: null}
2019-09-12 04:25:17,629 [RatisPipelineUtilsThread] ERROR pipeline.SCMPipelineManager (Scheduler.java:lambda$schedule$1(70)) - Destroy pipeline failed for pipeline:Pipeline[ Id: 01d26c0f-af01-4266-92c2-6d8373f8491b, Nodes: f3263f9a-ef6c-4ff4-a6b2-5a62e946b753{ip: 192.168.34.8, host: pr-hdds-1879-pbs75-1821932185, networkLocation: /default-rack, certSerialId: null}2d4da40c-dd43-4554-9707-f6503cf38c80{ip: 192.168.34.8, host: pr-hdds-1879-pbs75-1821932185, networkLocation: /default-rack, certSerialId: null}a413c2ef-7abc-47d7-b263-b9548e673ba5{ip: 192.168.34.8, host: pr-hdds-1879-pbs75-1821932185, networkLocation: /default-rack, certSerialId: null}, Type:RATIS, Factor:THREE, State:CLOSED]
org.apache.hadoop.hdds.scm.pipeline.PipelineNotFoundException: PipelineID=01d26c0f-af01-4266-92c2-6d8373f8491b not found
	at org.apache.hadoop.hdds.scm.pipeline.PipelineStateMap.getPipeline(PipelineStateMap.java:132)
	at org.apache.hadoop.hdds.scm.pipeline.PipelineStateMap.removePipeline(PipelineStateMap.java:322)
	at org.apache.hadoop.hdds.scm.pipeline.PipelineStateManager.removePipeline(PipelineStateManager.java:107)
	at org.apache.hadoop.hdds.scm.pipeline.SCMPipelineManager.removePipeline(SCMPipelineManager.java:423)
	at org.apache.hadoop.hdds.scm.pipeline.SCMPipelineManager.destroyPipeline(SCMPipelineManager.java:409)
	at org.apache.hadoop.hdds.scm.pipeline.SCMPipelineManager.lambda$finalizeAndDestroyPipeline$0(SCMPipelineManager.java:318)
	at org.apache.hadoop.utils.Scheduler.lambda$schedule$1(Scheduler.java:68)
	at java.util.concurrent.Executors$RunnableAdapter.call(Executors.java:511)
	at java.util.concurrent.FutureTask.run(FutureTask.java:266)
	at java.util.concurrent.ScheduledThreadPoolExecutor$ScheduledFutureTask.access$201(ScheduledThreadPoolExecutor.java:180)
	at java.util.concurrent.ScheduledThreadPoolExecutor$ScheduledFutureTask.run(ScheduledThreadPoolExecutor.java:293)
	at java.util.concurrent.ThreadPoolExecutor.runWorker(ThreadPoolExecutor.java:1149)
	at java.util.concurrent.ThreadPoolExecutor$Worker.run(ThreadPoolExecutor.java:624)
	at java.lang.Thread.run(Thread.java:748)
2019-09-12 04:25:17,700 [RatisApplyTransactionExecutor 4] INFO  interfaces.Container (KeyValueContainer.java:close(333)) - Container 14 is closed with bcsId 74.
2019-09-12 04:25:17,755 [Thread-3394] INFO  client.GrpcClientProtocolService (GrpcClientProtocolService.java:lambda$processClientRequest$0(278)) - Failed RaftClientRequest:client-B6D45D7B487F->8466bef0-9559-4d2e-b20d-aaf3fd2b14fd@group-6371820A5F4C, cid=472, seq=0, Watch-ALL_COMMITTED(74), Message:<EMPTY>, reply=RaftClientReply:client-B6D45D7B487F->8466bef0-9559-4d2e-b20d-aaf3fd2b14fd@group-6371820A5F4C, cid=472, FAILED org.apache.ratis.protocol.NotReplicatedException: Request with call Id 472 and log index 74 is not yet replicated to ALL_COMMITTED, logIndex=74, commits[8466bef0-9559-4d2e-b20d-aaf3fd2b14fd:c102, 897fdfd8-a3cb-4c9b-9ef8-a626c4e76414:c29, 90957f92-0013-496b-a419-9c1212c810e8:c101]
2019-09-12 04:25:17,756 [grpc-default-executor-16] INFO  client.GrpcClientProtocolClient (GrpcClientProtocolClient.java:onNext(264)) - client-B6D45D7B487F->8466bef0-9559-4d2e-b20d-aaf3fd2b14fd: receive RaftClientReply:client-B6D45D7B487F->8466bef0-9559-4d2e-b20d-aaf3fd2b14fd@group-6371820A5F4C, cid=472, FAILED org.apache.ratis.protocol.NotReplicatedException: Request with call Id 472 and log index 74 is not yet replicated to ALL_COMMITTED, logIndex=74, commits[8466bef0-9559-4d2e-b20d-aaf3fd2b14fd:c102, 897fdfd8-a3cb-4c9b-9ef8-a626c4e76414:c29, 90957f92-0013-496b-a419-9c1212c810e8:c101]
2019-09-12 04:25:17,772 [RatisApplyTransactionExecutor 5] INFO  interfaces.Container (KeyValueContainer.java:flushAndSyncDB(384)) - Container 15 is synced with bcsId 90.
2019-09-12 04:25:17,772 [RatisApplyTransactionExecutor 5] INFO  interfaces.Container (KeyValueContainer.java:flushAndSyncDB(384)) - Container 15 is synced with bcsId 90.
2019-09-12 04:25:17,863 [RatisApplyTransactionExecutor 5] INFO  interfaces.Container (KeyValueContainer.java:close(333)) - Container 15 is closed with bcsId 90.
2019-09-12 04:25:17,864 [EventQueue-IncrementalContainerReportForIncrementalContainerReportHandler] INFO  container.IncrementalContainerReportHandler (AbstractContainerReportHandler.java:updateContainerState(176)) - Moving container #15 to CLOSED state, datanode 8466bef0-9559-4d2e-b20d-aaf3fd2b14fd{ip: 192.168.34.8, host: pr-hdds-1879-pbs75-1821932185, networkLocation: /default-rack, certSerialId: null} reported CLOSED replica.
2019-09-12 04:25:17,923 [RatisApplyTransactionExecutor 5] INFO  interfaces.Container (KeyValueContainer.java:flushAndSyncDB(384)) - Container 15 is synced with bcsId 90.
2019-09-12 04:25:17,924 [RatisApplyTransactionExecutor 5] INFO  interfaces.Container (KeyValueContainer.java:flushAndSyncDB(384)) - Container 15 is synced with bcsId 90.
2019-09-12 04:25:18,006 [RatisApplyTransactionExecutor 5] INFO  interfaces.Container (KeyValueContainer.java:close(333)) - Container 15 is closed with bcsId 90.
2019-09-12 04:25:18,946 [java.util.concurrent.ThreadPoolExecutor$Worker@545d3615[State = -1, empty queue]] WARN  server.GrpcLogAppender (GrpcLogAppender.java:timeoutAppendRequest(200)) - 8466bef0-9559-4d2e-b20d-aaf3fd2b14fd@group-6371820A5F4C->897fdfd8-a3cb-4c9b-9ef8-a626c4e76414-GrpcLogAppender: appendEntries Timeout, request=8466bef0-9559-4d2e-b20d-aaf3fd2b14fd->897fdfd8-a3cb-4c9b-9ef8-a626c4e76414#280-t1, previous=(t:1, i:92), leaderCommit=92, initializing? false, entries: <empty>
2019-09-12 04:25:18,990 [java.util.concurrent.ThreadPoolExecutor$Worker@545d3615[State = -1, empty queue]] WARN  server.GrpcLogAppender (GrpcLogAppender.java:timeoutAppendRequest(200)) - 8466bef0-9559-4d2e-b20d-aaf3fd2b14fd@group-6371820A5F4C->897fdfd8-a3cb-4c9b-9ef8-a626c4e76414-GrpcLogAppender: appendEntries Timeout, request=8466bef0-9559-4d2e-b20d-aaf3fd2b14fd->897fdfd8-a3cb-4c9b-9ef8-a626c4e76414#281-t1, previous=(t:1, i:92), leaderCommit=92, initializing? false, entries: size=1, first=(t:1, i:93), STATEMACHINELOGENTRY, client-C73BFA6989BE, cid=504
2019-09-12 04:25:19,007 [java.util.concurrent.ThreadPoolExecutor$Worker@545d3615[State = -1, empty queue]] WARN  server.GrpcLogAppender (GrpcLogAppender.java:timeoutAppendRequest(200)) - 8466bef0-9559-4d2e-b20d-aaf3fd2b14fd@group-6371820A5F4C->897fdfd8-a3cb-4c9b-9ef8-a626c4e76414-GrpcLogAppender: appendEntries Timeout, request=8466bef0-9559-4d2e-b20d-aaf3fd2b14fd->897fdfd8-a3cb-4c9b-9ef8-a626c4e76414#282-t1, previous=(t:1, i:93), leaderCommit=93, initializing? false, entries: size=1, first=(t:1, i:94), METADATAENTRY(c93)
2019-09-12 04:25:19,016 [java.util.concurrent.ThreadPoolExecutor$Worker@545d3615[State = -1, empty queue]] WARN  server.GrpcLogAppender (GrpcLogAppender.java:timeoutAppendRequest(200)) - 8466bef0-9559-4d2e-b20d-aaf3fd2b14fd@group-6371820A5F4C->897fdfd8-a3cb-4c9b-9ef8-a626c4e76414-GrpcLogAppender: appendEntries Timeout, request=8466bef0-9559-4d2e-b20d-aaf3fd2b14fd->897fdfd8-a3cb-4c9b-9ef8-a626c4e76414#283-t1, previous=(t:1, i:94), leaderCommit=93, initializing? false, entries: size=1, first=(t:1, i:95), STATEMACHINELOGENTRY, client-C73BFA6989BE, cid=505
2019-09-12 04:25:19,040 [java.util.concurrent.ThreadPoolExecutor$Worker@545d3615[State = -1, empty queue]] WARN  server.GrpcLogAppender (GrpcLogAppender.java:timeoutAppendRequest(200)) - 8466bef0-9559-4d2e-b20d-aaf3fd2b14fd@group-6371820A5F4C->897fdfd8-a3cb-4c9b-9ef8-a626c4e76414-GrpcLogAppender: appendEntries Timeout, request=8466bef0-9559-4d2e-b20d-aaf3fd2b14fd->897fdfd8-a3cb-4c9b-9ef8-a626c4e76414#284-t1, previous=(t:1, i:95), leaderCommit=95, initializing? false, entries: size=1, first=(t:1, i:96), METADATAENTRY(c95)
2019-09-12 04:25:20,245 [java.util.concurrent.ThreadPoolExecutor$Worker@545d3615[State = -1, empty queue]] WARN  server.GrpcLogAppender (GrpcLogAppender.java:timeoutAppendRequest(200)) - 8466bef0-9559-4d2e-b20d-aaf3fd2b14fd@group-6371820A5F4C->897fdfd8-a3cb-4c9b-9ef8-a626c4e76414-GrpcLogAppender: appendEntries Timeout, request=8466bef0-9559-4d2e-b20d-aaf3fd2b14fd->897fdfd8-a3cb-4c9b-9ef8-a626c4e76414#285-t1, previous=(t:1, i:96), leaderCommit=96, initializing? false, entries: size=1, first=(t:1, i:97), STATEMACHINELOGENTRY, client-53A2F9C12DFB, cid=123
2019-09-12 04:25:20,261 [java.util.concurrent.ThreadPoolExecutor$Worker@545d3615[State = -1, empty queue]] WARN  server.GrpcLogAppender (GrpcLogAppender.java:timeoutAppendRequest(200)) - 8466bef0-9559-4d2e-b20d-aaf3fd2b14fd@group-6371820A5F4C->897fdfd8-a3cb-4c9b-9ef8-a626c4e76414-GrpcLogAppender: appendEntries Timeout, request=8466bef0-9559-4d2e-b20d-aaf3fd2b14fd->897fdfd8-a3cb-4c9b-9ef8-a626c4e76414#286-t1, previous=(t:1, i:97), leaderCommit=97, initializing? false, entries: size=1, first=(t:1, i:98), METADATAENTRY(c97)
2019-09-12 04:25:20,424 [java.util.concurrent.ThreadPoolExecutor$Worker@545d3615[State = -1, empty queue]] WARN  server.GrpcLogAppender (GrpcLogAppender.java:timeoutAppendRequest(200)) - 8466bef0-9559-4d2e-b20d-aaf3fd2b14fd@group-6371820A5F4C->897fdfd8-a3cb-4c9b-9ef8-a626c4e76414-GrpcLogAppender: appendEntries Timeout, request=8466bef0-9559-4d2e-b20d-aaf3fd2b14fd->897fdfd8-a3cb-4c9b-9ef8-a626c4e76414#287-t1, previous=(t:1, i:98), leaderCommit=98, initializing? false, entries: size=1, first=(t:1, i:99), STATEMACHINELOGENTRY, client-53A2F9C12DFB, cid=124
2019-09-12 04:25:20,449 [java.util.concurrent.ThreadPoolExecutor$Worker@545d3615[State = -1, empty queue]] WARN  server.GrpcLogAppender (GrpcLogAppender.java:timeoutAppendRequest(200)) - 8466bef0-9559-4d2e-b20d-aaf3fd2b14fd@group-6371820A5F4C->897fdfd8-a3cb-4c9b-9ef8-a626c4e76414-GrpcLogAppender: appendEntries Timeout, request=8466bef0-9559-4d2e-b20d-aaf3fd2b14fd->897fdfd8-a3cb-4c9b-9ef8-a626c4e76414#288-t1, previous=(t:1, i:99), leaderCommit=99, initializing? false, entries: size=1, first=(t:1, i:100), METADATAENTRY(c99)
2019-09-12 04:25:20,604 [grpc-default-executor-14] INFO  impl.RaftServerProxy (RaftServerProxy.java:remove(95)) - f3263f9a-ef6c-4ff4-a6b2-5a62e946b753: remove group-6D8373F8491B:null
2019-09-12 04:25:20,607 [RatisPipelineUtilsThread] WARN  pipeline.RatisPipelineUtils (RatisPipelineUtils.java:destroyPipeline(66)) - Pipeline destroy failed for pipeline=PipelineID=01d26c0f-af01-4266-92c2-6d8373f8491b dn=f3263f9a-ef6c-4ff4-a6b2-5a62e946b753{ip: 192.168.34.8, host: pr-hdds-1879-pbs75-1821932185, networkLocation: /default-rack, certSerialId: null}
2019-09-12 04:25:20,609 [grpc-default-executor-14] INFO  impl.RaftServerProxy (RaftServerProxy.java:remove(95)) - 2d4da40c-dd43-4554-9707-f6503cf38c80: remove group-6D8373F8491B:null
2019-09-12 04:25:20,610 [RatisPipelineUtilsThread] WARN  pipeline.RatisPipelineUtils (RatisPipelineUtils.java:destroyPipeline(66)) - Pipeline destroy failed for pipeline=PipelineID=01d26c0f-af01-4266-92c2-6d8373f8491b dn=2d4da40c-dd43-4554-9707-f6503cf38c80{ip: 192.168.34.8, host: pr-hdds-1879-pbs75-1821932185, networkLocation: /default-rack, certSerialId: null}
2019-09-12 04:25:20,612 [grpc-default-executor-14] INFO  impl.RaftServerProxy (RaftServerProxy.java:remove(95)) - a413c2ef-7abc-47d7-b263-b9548e673ba5: remove group-6D8373F8491B:null
2019-09-12 04:25:20,613 [RatisPipelineUtilsThread] WARN  pipeline.RatisPipelineUtils (RatisPipelineUtils.java:destroyPipeline(66)) - Pipeline destroy failed for pipeline=PipelineID=01d26c0f-af01-4266-92c2-6d8373f8491b dn=a413c2ef-7abc-47d7-b263-b9548e673ba5{ip: 192.168.34.8, host: pr-hdds-1879-pbs75-1821932185, networkLocation: /default-rack, certSerialId: null}
2019-09-12 04:25:20,614 [RatisPipelineUtilsThread] ERROR pipeline.SCMPipelineManager (Scheduler.java:lambda$schedule$1(70)) - Destroy pipeline failed for pipeline:Pipeline[ Id: 01d26c0f-af01-4266-92c2-6d8373f8491b, Nodes: f3263f9a-ef6c-4ff4-a6b2-5a62e946b753{ip: 192.168.34.8, host: pr-hdds-1879-pbs75-1821932185, networkLocation: /default-rack, certSerialId: null}2d4da40c-dd43-4554-9707-f6503cf38c80{ip: 192.168.34.8, host: pr-hdds-1879-pbs75-1821932185, networkLocation: /default-rack, certSerialId: null}a413c2ef-7abc-47d7-b263-b9548e673ba5{ip: 192.168.34.8, host: pr-hdds-1879-pbs75-1821932185, networkLocation: /default-rack, certSerialId: null}, Type:RATIS, Factor:THREE, State:CLOSED]
org.apache.hadoop.hdds.scm.pipeline.PipelineNotFoundException: PipelineID=01d26c0f-af01-4266-92c2-6d8373f8491b not found
	at org.apache.hadoop.hdds.scm.pipeline.PipelineStateMap.getPipeline(PipelineStateMap.java:132)
	at org.apache.hadoop.hdds.scm.pipeline.PipelineStateMap.removePipeline(PipelineStateMap.java:322)
	at org.apache.hadoop.hdds.scm.pipeline.PipelineStateManager.removePipeline(PipelineStateManager.java:107)
	at org.apache.hadoop.hdds.scm.pipeline.SCMPipelineManager.removePipeline(SCMPipelineManager.java:423)
	at org.apache.hadoop.hdds.scm.pipeline.SCMPipelineManager.destroyPipeline(SCMPipelineManager.java:409)
	at org.apache.hadoop.hdds.scm.pipeline.SCMPipelineManager.lambda$finalizeAndDestroyPipeline$0(SCMPipelineManager.java:318)
	at org.apache.hadoop.utils.Scheduler.lambda$schedule$1(Scheduler.java:68)
	at java.util.concurrent.Executors$RunnableAdapter.call(Executors.java:511)
	at java.util.concurrent.FutureTask.run(FutureTask.java:266)
	at java.util.concurrent.ScheduledThreadPoolExecutor$ScheduledFutureTask.access$201(ScheduledThreadPoolExecutor.java:180)
	at java.util.concurrent.ScheduledThreadPoolExecutor$ScheduledFutureTask.run(ScheduledThreadPoolExecutor.java:293)
	at java.util.concurrent.ThreadPoolExecutor.runWorker(ThreadPoolExecutor.java:1149)
	at java.util.concurrent.ThreadPoolExecutor$Worker.run(ThreadPoolExecutor.java:624)
	at java.lang.Thread.run(Thread.java:748)
2019-09-12 04:25:20,672 [java.util.concurrent.ThreadPoolExecutor$Worker@545d3615[State = -1, empty queue]] WARN  server.GrpcLogAppender (GrpcLogAppender.java:timeoutAppendRequest(200)) - 8466bef0-9559-4d2e-b20d-aaf3fd2b14fd@group-6371820A5F4C->897fdfd8-a3cb-4c9b-9ef8-a626c4e76414-GrpcLogAppender: appendEntries Timeout, request=8466bef0-9559-4d2e-b20d-aaf3fd2b14fd->897fdfd8-a3cb-4c9b-9ef8-a626c4e76414#289-t1, previous=(t:1, i:100), leaderCommit=100, initializing? false, entries: size=1, first=(t:1, i:101), STATEMACHINELOGENTRY, client-53A2F9C12DFB, cid=125
2019-09-12 04:25:20,709 [java.util.concurrent.ThreadPoolExecutor$Worker@545d3615[State = -1, empty queue]] WARN  server.GrpcLogAppender (GrpcLogAppender.java:timeoutAppendRequest(200)) - 8466bef0-9559-4d2e-b20d-aaf3fd2b14fd@group-6371820A5F4C->897fdfd8-a3cb-4c9b-9ef8-a626c4e76414-GrpcLogAppender: appendEntries Timeout, request=8466bef0-9559-4d2e-b20d-aaf3fd2b14fd->897fdfd8-a3cb-4c9b-9ef8-a626c4e76414#290-t1, previous=(t:1, i:101), leaderCommit=101, initializing? false, entries: size=1, first=(t:1, i:102), METADATAENTRY(c101)
2019-09-12 04:25:20,756 [Thread-3405] INFO  client.GrpcClientProtocolService (GrpcClientProtocolService.java:lambda$processClientRequest$0(278)) - Failed RaftClientRequest:client-D75F657DBF6C->8466bef0-9559-4d2e-b20d-aaf3fd2b14fd@group-6371820A5F4C, cid=484, seq=0, Watch-ALL_COMMITTED(79), Message:<EMPTY>, reply=RaftClientReply:client-D75F657DBF6C->8466bef0-9559-4d2e-b20d-aaf3fd2b14fd@group-6371820A5F4C, cid=484, FAILED org.apache.ratis.protocol.NotReplicatedException: Request with call Id 484 and log index 79 is not yet replicated to ALL_COMMITTED, logIndex=79, commits[8466bef0-9559-4d2e-b20d-aaf3fd2b14fd:c102, 897fdfd8-a3cb-4c9b-9ef8-a626c4e76414:c29, 90957f92-0013-496b-a419-9c1212c810e8:c102]
2019-09-12 04:25:21,755 [Thread-3406] INFO  client.GrpcClientProtocolService (GrpcClientProtocolService.java:lambda$processClientRequest$0(278)) - Failed RaftClientRequest:client-D75F657DBF6C->8466bef0-9559-4d2e-b20d-aaf3fd2b14fd@group-6371820A5F4C, cid=496, seq=0, Watch-ALL_COMMITTED(90), Message:<EMPTY>, reply=RaftClientReply:client-D75F657DBF6C->8466bef0-9559-4d2e-b20d-aaf3fd2b14fd@group-6371820A5F4C, cid=496, FAILED org.apache.ratis.protocol.NotReplicatedException: Request with call Id 496 and log index 90 is not yet replicated to ALL_COMMITTED, logIndex=90, commits[8466bef0-9559-4d2e-b20d-aaf3fd2b14fd:c102, 897fdfd8-a3cb-4c9b-9ef8-a626c4e76414:c29, 90957f92-0013-496b-a419-9c1212c810e8:c102]
2019-09-12 04:25:21,755 [Thread-3407] INFO  client.GrpcClientProtocolService (GrpcClientProtocolService.java:lambda$processClientRequest$0(278)) - Failed RaftClientRequest:client-B6D45D7B487F->8466bef0-9559-4d2e-b20d-aaf3fd2b14fd@group-6371820A5F4C, cid=472, seq=0, Watch-ALL_COMMITTED(74), Message:<EMPTY>, reply=RaftClientReply:client-B6D45D7B487F->8466bef0-9559-4d2e-b20d-aaf3fd2b14fd@group-6371820A5F4C, cid=472, FAILED org.apache.ratis.protocol.NotReplicatedException: Request with call Id 472 and log index 74 is not yet replicated to ALL_COMMITTED, logIndex=74, commits[8466bef0-9559-4d2e-b20d-aaf3fd2b14fd:c102, 897fdfd8-a3cb-4c9b-9ef8-a626c4e76414:c29, 90957f92-0013-496b-a419-9c1212c810e8:c102]
2019-09-12 04:25:21,756 [grpc-default-executor-14] INFO  client.GrpcClientProtocolClient (GrpcClientProtocolClient.java:onNext(264)) - client-B6D45D7B487F->8466bef0-9559-4d2e-b20d-aaf3fd2b14fd: receive RaftClientReply:client-B6D45D7B487F->8466bef0-9559-4d2e-b20d-aaf3fd2b14fd@group-6371820A5F4C, cid=472, FAILED org.apache.ratis.protocol.NotReplicatedException: Request with call Id 472 and log index 74 is not yet replicated to ALL_COMMITTED, logIndex=74, commits[8466bef0-9559-4d2e-b20d-aaf3fd2b14fd:c102, 897fdfd8-a3cb-4c9b-9ef8-a626c4e76414:c29, 90957f92-0013-496b-a419-9c1212c810e8:c102]
2019-09-12 04:25:22,460 [897fdfd8-a3cb-4c9b-9ef8-a626c4e76414@group-6371820A5F4C-SegmentedRaftLogWorker] WARN  segmented.SegmentedRaftLogWorker (SegmentedRaftLogWorker.java:getFromFuture(90)) - Timeout 4/~
org.apache.ratis.protocol.TimeoutIOException: Timeout 10s: WriteLog:30: (t:1, i:30), STATEMACHINELOGENTRY, client-C7E4314964D6, cid=398-writeStateMachineData
	at org.apache.ratis.util.IOUtils.getFromFuture(IOUtils.java:87)
	at org.apache.ratis.server.raftlog.segmented.SegmentedRaftLogWorker$StateMachineDataPolicy.getFromFuture(SegmentedRaftLogWorker.java:87)
	at org.apache.ratis.server.raftlog.segmented.SegmentedRaftLogWorker$WriteLog.execute(SegmentedRaftLogWorker.java:477)
	at org.apache.ratis.server.raftlog.segmented.SegmentedRaftLogWorker.run(SegmentedRaftLogWorker.java:289)
	at java.lang.Thread.run(Thread.java:748)
Caused by: java.util.concurrent.TimeoutException
	at java.util.concurrent.CompletableFuture.timedGet(CompletableFuture.java:1771)
	at java.util.concurrent.CompletableFuture.get(CompletableFuture.java:1915)
	at org.apache.ratis.util.IOUtils.getFromFuture(IOUtils.java:79)
	... 4 more
2019-09-12 04:25:22,601 [grpc-default-executor-14] INFO  impl.RaftServerProxy (RaftServerProxy.java:remove(95)) - f3263f9a-ef6c-4ff4-a6b2-5a62e946b753: remove group-6D8373F8491B:null
2019-09-12 04:25:22,604 [RatisPipelineUtilsThread] WARN  pipeline.RatisPipelineUtils (RatisPipelineUtils.java:destroyPipeline(66)) - Pipeline destroy failed for pipeline=PipelineID=01d26c0f-af01-4266-92c2-6d8373f8491b dn=f3263f9a-ef6c-4ff4-a6b2-5a62e946b753{ip: 192.168.34.8, host: pr-hdds-1879-pbs75-1821932185, networkLocation: /default-rack, certSerialId: null}
2019-09-12 04:25:22,605 [grpc-default-executor-14] INFO  impl.RaftServerProxy (RaftServerProxy.java:remove(95)) - 2d4da40c-dd43-4554-9707-f6503cf38c80: remove group-6D8373F8491B:null
2019-09-12 04:25:22,607 [RatisPipelineUtilsThread] WARN  pipeline.RatisPipelineUtils (RatisPipelineUtils.java:destroyPipeline(66)) - Pipeline destroy failed for pipeline=PipelineID=01d26c0f-af01-4266-92c2-6d8373f8491b dn=2d4da40c-dd43-4554-9707-f6503cf38c80{ip: 192.168.34.8, host: pr-hdds-1879-pbs75-1821932185, networkLocation: /default-rack, certSerialId: null}
2019-09-12 04:25:22,608 [grpc-default-executor-14] INFO  impl.RaftServerProxy (RaftServerProxy.java:remove(95)) - a413c2ef-7abc-47d7-b263-b9548e673ba5: remove group-6D8373F8491B:null
2019-09-12 04:25:22,609 [RatisPipelineUtilsThread] WARN  pipeline.RatisPipelineUtils (RatisPipelineUtils.java:destroyPipeline(66)) - Pipeline destroy failed for pipeline=PipelineID=01d26c0f-af01-4266-92c2-6d8373f8491b dn=a413c2ef-7abc-47d7-b263-b9548e673ba5{ip: 192.168.34.8, host: pr-hdds-1879-pbs75-1821932185, networkLocation: /default-rack, certSerialId: null}
2019-09-12 04:25:22,609 [RatisPipelineUtilsThread] ERROR pipeline.SCMPipelineManager (Scheduler.java:lambda$schedule$1(70)) - Destroy pipeline failed for pipeline:Pipeline[ Id: 01d26c0f-af01-4266-92c2-6d8373f8491b, Nodes: f3263f9a-ef6c-4ff4-a6b2-5a62e946b753{ip: 192.168.34.8, host: pr-hdds-1879-pbs75-1821932185, networkLocation: /default-rack, certSerialId: null}2d4da40c-dd43-4554-9707-f6503cf38c80{ip: 192.168.34.8, host: pr-hdds-1879-pbs75-1821932185, networkLocation: /default-rack, certSerialId: null}a413c2ef-7abc-47d7-b263-b9548e673ba5{ip: 192.168.34.8, host: pr-hdds-1879-pbs75-1821932185, networkLocation: /default-rack, certSerialId: null}, Type:RATIS, Factor:THREE, State:CLOSED]
org.apache.hadoop.hdds.scm.pipeline.PipelineNotFoundException: PipelineID=01d26c0f-af01-4266-92c2-6d8373f8491b not found
	at org.apache.hadoop.hdds.scm.pipeline.PipelineStateMap.getPipeline(PipelineStateMap.java:132)
	at org.apache.hadoop.hdds.scm.pipeline.PipelineStateMap.removePipeline(PipelineStateMap.java:322)
	at org.apache.hadoop.hdds.scm.pipeline.PipelineStateManager.removePipeline(PipelineStateManager.java:107)
	at org.apache.hadoop.hdds.scm.pipeline.SCMPipelineManager.removePipeline(SCMPipelineManager.java:423)
	at org.apache.hadoop.hdds.scm.pipeline.SCMPipelineManager.destroyPipeline(SCMPipelineManager.java:409)
	at org.apache.hadoop.hdds.scm.pipeline.SCMPipelineManager.lambda$finalizeAndDestroyPipeline$0(SCMPipelineManager.java:318)
	at org.apache.hadoop.utils.Scheduler.lambda$schedule$1(Scheduler.java:68)
	at java.util.concurrent.Executors$RunnableAdapter.call(Executors.java:511)
	at java.util.concurrent.FutureTask.run(FutureTask.java:266)
	at java.util.concurrent.ScheduledThreadPoolExecutor$ScheduledFutureTask.access$201(ScheduledThreadPoolExecutor.java:180)
	at java.util.concurrent.ScheduledThreadPoolExecutor$ScheduledFutureTask.run(ScheduledThreadPoolExecutor.java:293)
	at java.util.concurrent.ThreadPoolExecutor.runWorker(ThreadPoolExecutor.java:1149)
	at java.util.concurrent.ThreadPoolExecutor$Worker.run(ThreadPoolExecutor.java:624)
	at java.lang.Thread.run(Thread.java:748)
2019-09-12 04:25:23,210 [java.util.concurrent.ThreadPoolExecutor$Worker@545d3615[State = -1, empty queue]] WARN  server.GrpcLogAppender (GrpcLogAppender.java:timeoutAppendRequest(200)) - 8466bef0-9559-4d2e-b20d-aaf3fd2b14fd@group-6371820A5F4C->897fdfd8-a3cb-4c9b-9ef8-a626c4e76414-GrpcLogAppender: appendEntries Timeout, request=8466bef0-9559-4d2e-b20d-aaf3fd2b14fd->897fdfd8-a3cb-4c9b-9ef8-a626c4e76414#291-t1, previous=(t:1, i:102), leaderCommit=102, initializing? false, entries: <empty>
2019-09-12 04:25:24,755 [Thread-3417] INFO  client.GrpcClientProtocolService (GrpcClientProtocolService.java:lambda$processClientRequest$0(278)) - Failed RaftClientRequest:client-D75F657DBF6C->8466bef0-9559-4d2e-b20d-aaf3fd2b14fd@group-6371820A5F4C, cid=484, seq=0, Watch-ALL_COMMITTED(79), Message:<EMPTY>, reply=RaftClientReply:client-D75F657DBF6C->8466bef0-9559-4d2e-b20d-aaf3fd2b14fd@group-6371820A5F4C, cid=484, FAILED org.apache.ratis.protocol.NotReplicatedException: Request with call Id 484 and log index 79 is not yet replicated to ALL_COMMITTED, logIndex=79, commits[8466bef0-9559-4d2e-b20d-aaf3fd2b14fd:c102, 897fdfd8-a3cb-4c9b-9ef8-a626c4e76414:c29, 90957f92-0013-496b-a419-9c1212c810e8:c102]
2019-09-12 04:25:25,600 [grpc-default-executor-14] INFO  impl.RaftServerProxy (RaftServerProxy.java:remove(95)) - f3263f9a-ef6c-4ff4-a6b2-5a62e946b753: remove group-6D8373F8491B:null
2019-09-12 04:25:25,602 [RatisPipelineUtilsThread] WARN  pipeline.RatisPipelineUtils (RatisPipelineUtils.java:destroyPipeline(66)) - Pipeline destroy failed for pipeline=PipelineID=01d26c0f-af01-4266-92c2-6d8373f8491b dn=f3263f9a-ef6c-4ff4-a6b2-5a62e946b753{ip: 192.168.34.8, host: pr-hdds-1879-pbs75-1821932185, networkLocation: /default-rack, certSerialId: null}
2019-09-12 04:25:25,603 [grpc-default-executor-14] INFO  impl.RaftServerProxy (RaftServerProxy.java:remove(95)) - 2d4da40c-dd43-4554-9707-f6503cf38c80: remove group-6D8373F8491B:null
2019-09-12 04:25:25,605 [RatisPipelineUtilsThread] WARN  pipeline.RatisPipelineUtils (RatisPipelineUtils.java:destroyPipeline(66)) - Pipeline destroy failed for pipeline=PipelineID=01d26c0f-af01-4266-92c2-6d8373f8491b dn=2d4da40c-dd43-4554-9707-f6503cf38c80{ip: 192.168.34.8, host: pr-hdds-1879-pbs75-1821932185, networkLocation: /default-rack, certSerialId: null}
2019-09-12 04:25:25,606 [grpc-default-executor-14] INFO  impl.RaftServerProxy (RaftServerProxy.java:remove(95)) - a413c2ef-7abc-47d7-b263-b9548e673ba5: remove group-6D8373F8491B:null
2019-09-12 04:25:25,608 [RatisPipelineUtilsThread] WARN  pipeline.RatisPipelineUtils (RatisPipelineUtils.java:destroyPipeline(66)) - Pipeline destroy failed for pipeline=PipelineID=01d26c0f-af01-4266-92c2-6d8373f8491b dn=a413c2ef-7abc-47d7-b263-b9548e673ba5{ip: 192.168.34.8, host: pr-hdds-1879-pbs75-1821932185, networkLocation: /default-rack, certSerialId: null}
2019-09-12 04:25:25,608 [RatisPipelineUtilsThread] ERROR pipeline.SCMPipelineManager (Scheduler.java:lambda$schedule$1(70)) - Destroy pipeline failed for pipeline:Pipeline[ Id: 01d26c0f-af01-4266-92c2-6d8373f8491b, Nodes: f3263f9a-ef6c-4ff4-a6b2-5a62e946b753{ip: 192.168.34.8, host: pr-hdds-1879-pbs75-1821932185, networkLocation: /default-rack, certSerialId: null}2d4da40c-dd43-4554-9707-f6503cf38c80{ip: 192.168.34.8, host: pr-hdds-1879-pbs75-1821932185, networkLocation: /default-rack, certSerialId: null}a413c2ef-7abc-47d7-b263-b9548e673ba5{ip: 192.168.34.8, host: pr-hdds-1879-pbs75-1821932185, networkLocation: /default-rack, certSerialId: null}, Type:RATIS, Factor:THREE, State:CLOSED]
org.apache.hadoop.hdds.scm.pipeline.PipelineNotFoundException: PipelineID=01d26c0f-af01-4266-92c2-6d8373f8491b not found
	at org.apache.hadoop.hdds.scm.pipeline.PipelineStateMap.getPipeline(PipelineStateMap.java:132)
	at org.apache.hadoop.hdds.scm.pipeline.PipelineStateMap.removePipeline(PipelineStateMap.java:322)
	at org.apache.hadoop.hdds.scm.pipeline.PipelineStateManager.removePipeline(PipelineStateManager.java:107)
	at org.apache.hadoop.hdds.scm.pipeline.SCMPipelineManager.removePipeline(SCMPipelineManager.java:423)
	at org.apache.hadoop.hdds.scm.pipeline.SCMPipelineManager.destroyPipeline(SCMPipelineManager.java:409)
	at org.apache.hadoop.hdds.scm.pipeline.SCMPipelineManager.lambda$finalizeAndDestroyPipeline$0(SCMPipelineManager.java:318)
	at org.apache.hadoop.utils.Scheduler.lambda$schedule$1(Scheduler.java:68)
	at java.util.concurrent.Executors$RunnableAdapter.call(Executors.java:511)
	at java.util.concurrent.FutureTask.run(FutureTask.java:266)
	at java.util.concurrent.ScheduledThreadPoolExecutor$ScheduledFutureTask.access$201(ScheduledThreadPoolExecutor.java:180)
	at java.util.concurrent.ScheduledThreadPoolExecutor$ScheduledFutureTask.run(ScheduledThreadPoolExecutor.java:293)
	at java.util.concurrent.ThreadPoolExecutor.runWorker(ThreadPoolExecutor.java:1149)
	at java.util.concurrent.ThreadPoolExecutor$Worker.run(ThreadPoolExecutor.java:624)
	at java.lang.Thread.run(Thread.java:748)
2019-09-12 04:25:25,711 [java.util.concurrent.ThreadPoolExecutor$Worker@545d3615[State = -1, empty queue]] WARN  server.GrpcLogAppender (GrpcLogAppender.java:timeoutAppendRequest(200)) - 8466bef0-9559-4d2e-b20d-aaf3fd2b14fd@group-6371820A5F4C->897fdfd8-a3cb-4c9b-9ef8-a626c4e76414-GrpcLogAppender: appendEntries Timeout, request=8466bef0-9559-4d2e-b20d-aaf3fd2b14fd->897fdfd8-a3cb-4c9b-9ef8-a626c4e76414#292-t1, previous=(t:1, i:102), leaderCommit=102, initializing? false, entries: <empty>
2019-09-12 04:25:25,755 [Thread-3426] INFO  client.GrpcClientProtocolService (GrpcClientProtocolService.java:lambda$processClientRequest$0(278)) - Failed RaftClientRequest:client-D75F657DBF6C->8466bef0-9559-4d2e-b20d-aaf3fd2b14fd@group-6371820A5F4C, cid=496, seq=0, Watch-ALL_COMMITTED(90), Message:<EMPTY>, reply=RaftClientReply:client-D75F657DBF6C->8466bef0-9559-4d2e-b20d-aaf3fd2b14fd@group-6371820A5F4C, cid=496, FAILED org.apache.ratis.protocol.NotReplicatedException: Request with call Id 496 and log index 90 is not yet replicated to ALL_COMMITTED, logIndex=90, commits[8466bef0-9559-4d2e-b20d-aaf3fd2b14fd:c102, 897fdfd8-a3cb-4c9b-9ef8-a626c4e76414:c29, 90957f92-0013-496b-a419-9c1212c810e8:c102]
2019-09-12 04:25:25,755 [Thread-3425] INFO  client.GrpcClientProtocolService (GrpcClientProtocolService.java:lambda$processClientRequest$0(278)) - Failed RaftClientRequest:client-B6D45D7B487F->8466bef0-9559-4d2e-b20d-aaf3fd2b14fd@group-6371820A5F4C, cid=472, seq=0, Watch-ALL_COMMITTED(74), Message:<EMPTY>, reply=RaftClientReply:client-B6D45D7B487F->8466bef0-9559-4d2e-b20d-aaf3fd2b14fd@group-6371820A5F4C, cid=472, FAILED org.apache.ratis.protocol.NotReplicatedException: Request with call Id 472 and log index 74 is not yet replicated to ALL_COMMITTED, logIndex=74, commits[8466bef0-9559-4d2e-b20d-aaf3fd2b14fd:c102, 897fdfd8-a3cb-4c9b-9ef8-a626c4e76414:c29, 90957f92-0013-496b-a419-9c1212c810e8:c102]
2019-09-12 04:25:25,756 [grpc-default-executor-14] INFO  client.GrpcClientProtocolClient (GrpcClientProtocolClient.java:onNext(264)) - client-B6D45D7B487F->8466bef0-9559-4d2e-b20d-aaf3fd2b14fd: receive RaftClientReply:client-B6D45D7B487F->8466bef0-9559-4d2e-b20d-aaf3fd2b14fd@group-6371820A5F4C, cid=472, FAILED org.apache.ratis.protocol.NotReplicatedException: Request with call Id 472 and log index 74 is not yet replicated to ALL_COMMITTED, logIndex=74, commits[8466bef0-9559-4d2e-b20d-aaf3fd2b14fd:c102, 897fdfd8-a3cb-4c9b-9ef8-a626c4e76414:c29, 90957f92-0013-496b-a419-9c1212c810e8:c102]
2019-09-12 04:25:27,601 [grpc-default-executor-14] INFO  impl.RaftServerProxy (RaftServerProxy.java:remove(95)) - f3263f9a-ef6c-4ff4-a6b2-5a62e946b753: remove group-6D8373F8491B:null
2019-09-12 04:25:27,603 [RatisPipelineUtilsThread] WARN  pipeline.RatisPipelineUtils (RatisPipelineUtils.java:destroyPipeline(66)) - Pipeline destroy failed for pipeline=PipelineID=01d26c0f-af01-4266-92c2-6d8373f8491b dn=f3263f9a-ef6c-4ff4-a6b2-5a62e946b753{ip: 192.168.34.8, host: pr-hdds-1879-pbs75-1821932185, networkLocation: /default-rack, certSerialId: null}
2019-09-12 04:25:27,604 [grpc-default-executor-14] INFO  impl.RaftServerProxy (RaftServerProxy.java:remove(95)) - 2d4da40c-dd43-4554-9707-f6503cf38c80: remove group-6D8373F8491B:null
2019-09-12 04:25:27,606 [RatisPipelineUtilsThread] WARN  pipeline.RatisPipelineUtils (RatisPipelineUtils.java:destroyPipeline(66)) - Pipeline destroy failed for pipeline=PipelineID=01d26c0f-af01-4266-92c2-6d8373f8491b dn=2d4da40c-dd43-4554-9707-f6503cf38c80{ip: 192.168.34.8, host: pr-hdds-1879-pbs75-1821932185, networkLocation: /default-rack, certSerialId: null}
2019-09-12 04:25:27,607 [grpc-default-executor-14] INFO  impl.RaftServerProxy (RaftServerProxy.java:remove(95)) - a413c2ef-7abc-47d7-b263-b9548e673ba5: remove group-6D8373F8491B:null
2019-09-12 04:25:27,609 [RatisPipelineUtilsThread] WARN  pipeline.RatisPipelineUtils (RatisPipelineUtils.java:destroyPipeline(66)) - Pipeline destroy failed for pipeline=PipelineID=01d26c0f-af01-4266-92c2-6d8373f8491b dn=a413c2ef-7abc-47d7-b263-b9548e673ba5{ip: 192.168.34.8, host: pr-hdds-1879-pbs75-1821932185, networkLocation: /default-rack, certSerialId: null}
2019-09-12 04:25:27,609 [RatisPipelineUtilsThread] ERROR pipeline.SCMPipelineManager (Scheduler.java:lambda$schedule$1(70)) - Destroy pipeline failed for pipeline:Pipeline[ Id: 01d26c0f-af01-4266-92c2-6d8373f8491b, Nodes: f3263f9a-ef6c-4ff4-a6b2-5a62e946b753{ip: 192.168.34.8, host: pr-hdds-1879-pbs75-1821932185, networkLocation: /default-rack, certSerialId: null}2d4da40c-dd43-4554-9707-f6503cf38c80{ip: 192.168.34.8, host: pr-hdds-1879-pbs75-1821932185, networkLocation: /default-rack, certSerialId: null}a413c2ef-7abc-47d7-b263-b9548e673ba5{ip: 192.168.34.8, host: pr-hdds-1879-pbs75-1821932185, networkLocation: /default-rack, certSerialId: null}, Type:RATIS, Factor:THREE, State:CLOSED]
org.apache.hadoop.hdds.scm.pipeline.PipelineNotFoundException: PipelineID=01d26c0f-af01-4266-92c2-6d8373f8491b not found
	at org.apache.hadoop.hdds.scm.pipeline.PipelineStateMap.getPipeline(PipelineStateMap.java:132)
	at org.apache.hadoop.hdds.scm.pipeline.PipelineStateMap.removePipeline(PipelineStateMap.java:322)
	at org.apache.hadoop.hdds.scm.pipeline.PipelineStateManager.removePipeline(PipelineStateManager.java:107)
	at org.apache.hadoop.hdds.scm.pipeline.SCMPipelineManager.removePipeline(SCMPipelineManager.java:423)
	at org.apache.hadoop.hdds.scm.pipeline.SCMPipelineManager.destroyPipeline(SCMPipelineManager.java:409)
	at org.apache.hadoop.hdds.scm.pipeline.SCMPipelineManager.lambda$finalizeAndDestroyPipeline$0(SCMPipelineManager.java:318)
	at org.apache.hadoop.utils.Scheduler.lambda$schedule$1(Scheduler.java:68)
	at java.util.concurrent.Executors$RunnableAdapter.call(Executors.java:511)
	at java.util.concurrent.FutureTask.run(FutureTask.java:266)
	at java.util.concurrent.ScheduledThreadPoolExecutor$ScheduledFutureTask.access$201(ScheduledThreadPoolExecutor.java:180)
	at java.util.concurrent.ScheduledThreadPoolExecutor$ScheduledFutureTask.run(ScheduledThreadPoolExecutor.java:293)
	at java.util.concurrent.ThreadPoolExecutor.runWorker(ThreadPoolExecutor.java:1149)
	at java.util.concurrent.ThreadPoolExecutor$Worker.run(ThreadPoolExecutor.java:624)
	at java.lang.Thread.run(Thread.java:748)
2019-09-12 04:25:27,755 [Thread-3434] INFO  client.GrpcClientProtocolService (GrpcClientProtocolService.java:lambda$processClientRequest$0(278)) - Failed RaftClientRequest:client-D75F657DBF6C->8466bef0-9559-4d2e-b20d-aaf3fd2b14fd@group-6371820A5F4C, cid=484, seq=0, Watch-ALL_COMMITTED(79), Message:<EMPTY>, reply=RaftClientReply:client-D75F657DBF6C->8466bef0-9559-4d2e-b20d-aaf3fd2b14fd@group-6371820A5F4C, cid=484, FAILED org.apache.ratis.protocol.NotReplicatedException: Request with call Id 484 and log index 79 is not yet replicated to ALL_COMMITTED, logIndex=79, commits[8466bef0-9559-4d2e-b20d-aaf3fd2b14fd:c102, 897fdfd8-a3cb-4c9b-9ef8-a626c4e76414:c29, 90957f92-0013-496b-a419-9c1212c810e8:c102]
2019-09-12 04:25:27,755 [Thread-3435] INFO  client.GrpcClientProtocolService (GrpcClientProtocolService.java:lambda$processClientRequest$0(278)) - Failed RaftClientRequest:client-D75F657DBF6C->8466bef0-9559-4d2e-b20d-aaf3fd2b14fd@group-6371820A5F4C, cid=496, seq=0, Watch-ALL_COMMITTED(90), Message:<EMPTY>, reply=RaftClientReply:client-D75F657DBF6C->8466bef0-9559-4d2e-b20d-aaf3fd2b14fd@group-6371820A5F4C, cid=496, FAILED org.apache.ratis.protocol.NotReplicatedException: Request with call Id 496 and log index 90 is not yet replicated to ALL_COMMITTED, logIndex=90, commits[8466bef0-9559-4d2e-b20d-aaf3fd2b14fd:c102, 897fdfd8-a3cb-4c9b-9ef8-a626c4e76414:c29, 90957f92-0013-496b-a419-9c1212c810e8:c102]
2019-09-12 04:25:27,759 [grpc-default-executor-14] INFO  client.GrpcClientProtocolClient (GrpcClientProtocolClient.java:onNext(264)) - client-D75F657DBF6C->8466bef0-9559-4d2e-b20d-aaf3fd2b14fd: receive RaftClientReply:client-D75F657DBF6C->8466bef0-9559-4d2e-b20d-aaf3fd2b14fd@group-6371820A5F4C, cid=484, FAILED org.apache.ratis.protocol.NotReplicatedException: Request with call Id 484 and log index 79 is not yet replicated to ALL_COMMITTED, logIndex=79, commits[8466bef0-9559-4d2e-b20d-aaf3fd2b14fd:c102, 897fdfd8-a3cb-4c9b-9ef8-a626c4e76414:c29, 90957f92-0013-496b-a419-9c1212c810e8:c102]
2019-09-12 04:25:27,759 [grpc-default-executor-14] INFO  client.GrpcClientProtocolClient (GrpcClientProtocolClient.java:onNext(264)) - client-D75F657DBF6C->8466bef0-9559-4d2e-b20d-aaf3fd2b14fd: receive RaftClientReply:client-D75F657DBF6C->8466bef0-9559-4d2e-b20d-aaf3fd2b14fd@group-6371820A5F4C, cid=496, FAILED org.apache.ratis.protocol.NotReplicatedException: Request with call Id 496 and log index 90 is not yet replicated to ALL_COMMITTED, logIndex=90, commits[8466bef0-9559-4d2e-b20d-aaf3fd2b14fd:c102, 897fdfd8-a3cb-4c9b-9ef8-a626c4e76414:c29, 90957f92-0013-496b-a419-9c1212c810e8:c102]
2019-09-12 04:25:28,211 [java.util.concurrent.ThreadPoolExecutor$Worker@545d3615[State = -1, empty queue]] WARN  server.GrpcLogAppender (GrpcLogAppender.java:timeoutAppendRequest(200)) - 8466bef0-9559-4d2e-b20d-aaf3fd2b14fd@group-6371820A5F4C->897fdfd8-a3cb-4c9b-9ef8-a626c4e76414-GrpcLogAppender: appendEntries Timeout, request=8466bef0-9559-4d2e-b20d-aaf3fd2b14fd->897fdfd8-a3cb-4c9b-9ef8-a626c4e76414#293-t1, previous=(t:1, i:102), leaderCommit=102, initializing? false, entries: <empty>
2019-09-12 04:25:30,606 [grpc-default-executor-14] INFO  impl.RaftServerProxy (RaftServerProxy.java:remove(95)) - f3263f9a-ef6c-4ff4-a6b2-5a62e946b753: remove group-6D8373F8491B:null
2019-09-12 04:25:30,610 [RatisPipelineUtilsThread] WARN  pipeline.RatisPipelineUtils (RatisPipelineUtils.java:destroyPipeline(66)) - Pipeline destroy failed for pipeline=PipelineID=01d26c0f-af01-4266-92c2-6d8373f8491b dn=f3263f9a-ef6c-4ff4-a6b2-5a62e946b753{ip: 192.168.34.8, host: pr-hdds-1879-pbs75-1821932185, networkLocation: /default-rack, certSerialId: null}
2019-09-12 04:25:30,612 [grpc-default-executor-14] INFO  impl.RaftServerProxy (RaftServerProxy.java:remove(95)) - 2d4da40c-dd43-4554-9707-f6503cf38c80: remove group-6D8373F8491B:null
2019-09-12 04:25:30,614 [RatisPipelineUtilsThread] WARN  pipeline.RatisPipelineUtils (RatisPipelineUtils.java:destroyPipeline(66)) - Pipeline destroy failed for pipeline=PipelineID=01d26c0f-af01-4266-92c2-6d8373f8491b dn=2d4da40c-dd43-4554-9707-f6503cf38c80{ip: 192.168.34.8, host: pr-hdds-1879-pbs75-1821932185, networkLocation: /default-rack, certSerialId: null}
2019-09-12 04:25:30,615 [grpc-default-executor-14] INFO  impl.RaftServerProxy (RaftServerProxy.java:remove(95)) - a413c2ef-7abc-47d7-b263-b9548e673ba5: remove group-6D8373F8491B:null
2019-09-12 04:25:30,616 [RatisPipelineUtilsThread] WARN  pipeline.RatisPipelineUtils (RatisPipelineUtils.java:destroyPipeline(66)) - Pipeline destroy failed for pipeline=PipelineID=01d26c0f-af01-4266-92c2-6d8373f8491b dn=a413c2ef-7abc-47d7-b263-b9548e673ba5{ip: 192.168.34.8, host: pr-hdds-1879-pbs75-1821932185, networkLocation: /default-rack, certSerialId: null}
2019-09-12 04:25:30,617 [RatisPipelineUtilsThread] ERROR pipeline.SCMPipelineManager (Scheduler.java:lambda$schedule$1(70)) - Destroy pipeline failed for pipeline:Pipeline[ Id: 01d26c0f-af01-4266-92c2-6d8373f8491b, Nodes: f3263f9a-ef6c-4ff4-a6b2-5a62e946b753{ip: 192.168.34.8, host: pr-hdds-1879-pbs75-1821932185, networkLocation: /default-rack, certSerialId: null}2d4da40c-dd43-4554-9707-f6503cf38c80{ip: 192.168.34.8, host: pr-hdds-1879-pbs75-1821932185, networkLocation: /default-rack, certSerialId: null}a413c2ef-7abc-47d7-b263-b9548e673ba5{ip: 192.168.34.8, host: pr-hdds-1879-pbs75-1821932185, networkLocation: /default-rack, certSerialId: null}, Type:RATIS, Factor:THREE, State:CLOSED]
org.apache.hadoop.hdds.scm.pipeline.PipelineNotFoundException: PipelineID=01d26c0f-af01-4266-92c2-6d8373f8491b not found
	at org.apache.hadoop.hdds.scm.pipeline.PipelineStateMap.getPipeline(PipelineStateMap.java:132)
	at org.apache.hadoop.hdds.scm.pipeline.PipelineStateMap.removePipeline(PipelineStateMap.java:322)
	at org.apache.hadoop.hdds.scm.pipeline.PipelineStateManager.removePipeline(PipelineStateManager.java:107)
	at org.apache.hadoop.hdds.scm.pipeline.SCMPipelineManager.removePipeline(SCMPipelineManager.java:423)
	at org.apache.hadoop.hdds.scm.pipeline.SCMPipelineManager.destroyPipeline(SCMPipelineManager.java:409)
	at org.apache.hadoop.hdds.scm.pipeline.SCMPipelineManager.lambda$finalizeAndDestroyPipeline$0(SCMPipelineManager.java:318)
	at org.apache.hadoop.utils.Scheduler.lambda$schedule$1(Scheduler.java:68)
	at java.util.concurrent.Executors$RunnableAdapter.call(Executors.java:511)
	at java.util.concurrent.FutureTask.run(FutureTask.java:266)
	at java.util.concurrent.ScheduledThreadPoolExecutor$ScheduledFutureTask.access$201(ScheduledThreadPoolExecutor.java:180)
	at java.util.concurrent.ScheduledThreadPoolExecutor$ScheduledFutureTask.run(ScheduledThreadPoolExecutor.java:293)
	at java.util.concurrent.ThreadPoolExecutor.runWorker(ThreadPoolExecutor.java:1149)
	at java.util.concurrent.ThreadPoolExecutor$Worker.run(ThreadPoolExecutor.java:624)
	at java.lang.Thread.run(Thread.java:748)
2019-09-12 04:25:30,711 [java.util.concurrent.ThreadPoolExecutor$Worker@545d3615[State = -1, empty queue]] WARN  server.GrpcLogAppender (GrpcLogAppender.java:timeoutAppendRequest(200)) - 8466bef0-9559-4d2e-b20d-aaf3fd2b14fd@group-6371820A5F4C->897fdfd8-a3cb-4c9b-9ef8-a626c4e76414-GrpcLogAppender: appendEntries Timeout, request=8466bef0-9559-4d2e-b20d-aaf3fd2b14fd->897fdfd8-a3cb-4c9b-9ef8-a626c4e76414#294-t1, previous=(t:1, i:102), leaderCommit=102, initializing? false, entries: <empty>
2019-09-12 04:25:31,755 [Thread-3446] INFO  client.GrpcClientProtocolService (GrpcClientProtocolService.java:lambda$processClientRequest$0(278)) - Failed RaftClientRequest:client-D75F657DBF6C->8466bef0-9559-4d2e-b20d-aaf3fd2b14fd@group-6371820A5F4C, cid=496, seq=0, Watch-ALL_COMMITTED(90), Message:<EMPTY>, reply=RaftClientReply:client-D75F657DBF6C->8466bef0-9559-4d2e-b20d-aaf3fd2b14fd@group-6371820A5F4C, cid=496, FAILED org.apache.ratis.protocol.NotReplicatedException: Request with call Id 496 and log index 90 is not yet replicated to ALL_COMMITTED, logIndex=90, commits[8466bef0-9559-4d2e-b20d-aaf3fd2b14fd:c102, 897fdfd8-a3cb-4c9b-9ef8-a626c4e76414:c29, 90957f92-0013-496b-a419-9c1212c810e8:c102]
2019-09-12 04:25:31,755 [Thread-3445] INFO  client.GrpcClientProtocolService (GrpcClientProtocolService.java:lambda$processClientRequest$0(278)) - Failed RaftClientRequest:client-D75F657DBF6C->8466bef0-9559-4d2e-b20d-aaf3fd2b14fd@group-6371820A5F4C, cid=484, seq=0, Watch-ALL_COMMITTED(79), Message:<EMPTY>, reply=RaftClientReply:client-D75F657DBF6C->8466bef0-9559-4d2e-b20d-aaf3fd2b14fd@group-6371820A5F4C, cid=484, FAILED org.apache.ratis.protocol.NotReplicatedException: Request with call Id 484 and log index 79 is not yet replicated to ALL_COMMITTED, logIndex=79, commits[8466bef0-9559-4d2e-b20d-aaf3fd2b14fd:c102, 897fdfd8-a3cb-4c9b-9ef8-a626c4e76414:c29, 90957f92-0013-496b-a419-9c1212c810e8:c102]
2019-09-12 04:25:31,757 [grpc-default-executor-14] INFO  client.GrpcClientProtocolClient (GrpcClientProtocolClient.java:onNext(264)) - client-D75F657DBF6C->8466bef0-9559-4d2e-b20d-aaf3fd2b14fd: receive RaftClientReply:client-D75F657DBF6C->8466bef0-9559-4d2e-b20d-aaf3fd2b14fd@group-6371820A5F4C, cid=484, FAILED org.apache.ratis.protocol.NotReplicatedException: Request with call Id 484 and log index 79 is not yet replicated to ALL_COMMITTED, logIndex=79, commits[8466bef0-9559-4d2e-b20d-aaf3fd2b14fd:c102, 897fdfd8-a3cb-4c9b-9ef8-a626c4e76414:c29, 90957f92-0013-496b-a419-9c1212c810e8:c102]
2019-09-12 04:25:31,758 [grpc-default-executor-14] INFO  client.GrpcClientProtocolClient (GrpcClientProtocolClient.java:onNext(264)) - client-D75F657DBF6C->8466bef0-9559-4d2e-b20d-aaf3fd2b14fd: receive RaftClientReply:client-D75F657DBF6C->8466bef0-9559-4d2e-b20d-aaf3fd2b14fd@group-6371820A5F4C, cid=496, FAILED org.apache.ratis.protocol.NotReplicatedException: Request with call Id 496 and log index 90 is not yet replicated to ALL_COMMITTED, logIndex=90, commits[8466bef0-9559-4d2e-b20d-aaf3fd2b14fd:c102, 897fdfd8-a3cb-4c9b-9ef8-a626c4e76414:c29, 90957f92-0013-496b-a419-9c1212c810e8:c102]
2019-09-12 04:25:32,461 [897fdfd8-a3cb-4c9b-9ef8-a626c4e76414@group-6371820A5F4C-SegmentedRaftLogWorker] WARN  segmented.SegmentedRaftLogWorker (SegmentedRaftLogWorker.java:getFromFuture(90)) - Timeout 5/~
org.apache.ratis.protocol.TimeoutIOException: Timeout 10s: WriteLog:30: (t:1, i:30), STATEMACHINELOGENTRY, client-C7E4314964D6, cid=398-writeStateMachineData
	at org.apache.ratis.util.IOUtils.getFromFuture(IOUtils.java:87)
	at org.apache.ratis.server.raftlog.segmented.SegmentedRaftLogWorker$StateMachineDataPolicy.getFromFuture(SegmentedRaftLogWorker.java:87)
	at org.apache.ratis.server.raftlog.segmented.SegmentedRaftLogWorker$WriteLog.execute(SegmentedRaftLogWorker.java:477)
	at org.apache.ratis.server.raftlog.segmented.SegmentedRaftLogWorker.run(SegmentedRaftLogWorker.java:289)
	at java.lang.Thread.run(Thread.java:748)
Caused by: java.util.concurrent.TimeoutException
	at java.util.concurrent.CompletableFuture.timedGet(CompletableFuture.java:1771)
	at java.util.concurrent.CompletableFuture.get(CompletableFuture.java:1915)
	at org.apache.ratis.util.IOUtils.getFromFuture(IOUtils.java:79)
	... 4 more
2019-09-12 04:25:32,608 [grpc-default-executor-14] INFO  impl.RaftServerProxy (RaftServerProxy.java:remove(95)) - f3263f9a-ef6c-4ff4-a6b2-5a62e946b753: remove group-6D8373F8491B:null
2019-09-12 04:25:32,612 [RatisPipelineUtilsThread] WARN  pipeline.RatisPipelineUtils (RatisPipelineUtils.java:destroyPipeline(66)) - Pipeline destroy failed for pipeline=PipelineID=01d26c0f-af01-4266-92c2-6d8373f8491b dn=f3263f9a-ef6c-4ff4-a6b2-5a62e946b753{ip: 192.168.34.8, host: pr-hdds-1879-pbs75-1821932185, networkLocation: /default-rack, certSerialId: null}
2019-09-12 04:25:32,614 [grpc-default-executor-14] INFO  impl.RaftServerProxy (RaftServerProxy.java:remove(95)) - 2d4da40c-dd43-4554-9707-f6503cf38c80: remove group-6D8373F8491B:null
2019-09-12 04:25:32,616 [RatisPipelineUtilsThread] WARN  pipeline.RatisPipelineUtils (RatisPipelineUtils.java:destroyPipeline(66)) - Pipeline destroy failed for pipeline=PipelineID=01d26c0f-af01-4266-92c2-6d8373f8491b dn=2d4da40c-dd43-4554-9707-f6503cf38c80{ip: 192.168.34.8, host: pr-hdds-1879-pbs75-1821932185, networkLocation: /default-rack, certSerialId: null}
2019-09-12 04:25:32,617 [grpc-default-executor-14] INFO  impl.RaftServerProxy (RaftServerProxy.java:remove(95)) - a413c2ef-7abc-47d7-b263-b9548e673ba5: remove group-6D8373F8491B:null
2019-09-12 04:25:32,618 [RatisPipelineUtilsThread] WARN  pipeline.RatisPipelineUtils (RatisPipelineUtils.java:destroyPipeline(66)) - Pipeline destroy failed for pipeline=PipelineID=01d26c0f-af01-4266-92c2-6d8373f8491b dn=a413c2ef-7abc-47d7-b263-b9548e673ba5{ip: 192.168.34.8, host: pr-hdds-1879-pbs75-1821932185, networkLocation: /default-rack, certSerialId: null}
2019-09-12 04:25:32,619 [RatisPipelineUtilsThread] ERROR pipeline.SCMPipelineManager (Scheduler.java:lambda$schedule$1(70)) - Destroy pipeline failed for pipeline:Pipeline[ Id: 01d26c0f-af01-4266-92c2-6d8373f8491b, Nodes: f3263f9a-ef6c-4ff4-a6b2-5a62e946b753{ip: 192.168.34.8, host: pr-hdds-1879-pbs75-1821932185, networkLocation: /default-rack, certSerialId: null}2d4da40c-dd43-4554-9707-f6503cf38c80{ip: 192.168.34.8, host: pr-hdds-1879-pbs75-1821932185, networkLocation: /default-rack, certSerialId: null}a413c2ef-7abc-47d7-b263-b9548e673ba5{ip: 192.168.34.8, host: pr-hdds-1879-pbs75-1821932185, networkLocation: /default-rack, certSerialId: null}, Type:RATIS, Factor:THREE, State:CLOSED]
org.apache.hadoop.hdds.scm.pipeline.PipelineNotFoundException: PipelineID=01d26c0f-af01-4266-92c2-6d8373f8491b not found
	at org.apache.hadoop.hdds.scm.pipeline.PipelineStateMap.getPipeline(PipelineStateMap.java:132)
	at org.apache.hadoop.hdds.scm.pipeline.PipelineStateMap.removePipeline(PipelineStateMap.java:322)
	at org.apache.hadoop.hdds.scm.pipeline.PipelineStateManager.removePipeline(PipelineStateManager.java:107)
	at org.apache.hadoop.hdds.scm.pipeline.SCMPipelineManager.removePipeline(SCMPipelineManager.java:423)
	at org.apache.hadoop.hdds.scm.pipeline.SCMPipelineManager.destroyPipeline(SCMPipelineManager.java:409)
	at org.apache.hadoop.hdds.scm.pipeline.SCMPipelineManager.lambda$finalizeAndDestroyPipeline$0(SCMPipelineManager.java:318)
	at org.apache.hadoop.utils.Scheduler.lambda$schedule$1(Scheduler.java:68)
	at java.util.concurrent.Executors$RunnableAdapter.call(Executors.java:511)
	at java.util.concurrent.FutureTask.run(FutureTask.java:266)
	at java.util.concurrent.ScheduledThreadPoolExecutor$ScheduledFutureTask.access$201(ScheduledThreadPoolExecutor.java:180)
	at java.util.concurrent.ScheduledThreadPoolExecutor$ScheduledFutureTask.run(ScheduledThreadPoolExecutor.java:293)
	at java.util.concurrent.ThreadPoolExecutor.runWorker(ThreadPoolExecutor.java:1149)
	at java.util.concurrent.ThreadPoolExecutor$Worker.run(ThreadPoolExecutor.java:624)
	at java.lang.Thread.run(Thread.java:748)
]]></system-out>
  </testcase>
  <testcase name="testDiscardPreallocatedBlocks" classname="org.apache.hadoop.ozone.client.rpc.TestCloseContainerHandlingByClient" time="0">
    <skipped/>
  </testcase>
</testsuite>