<?xml version="1.0" encoding="UTF-8"?>
<testsuite xmlns:xsi="http://www.w3.org/2001/XMLSchema-instance" xsi:noNamespaceSchemaLocation="https://maven.apache.org/surefire/maven-surefire-plugin/xsd/surefire-test-report.xsd" name="org.apache.hadoop.ozone.client.rpc.TestMultiBlockWritesWithDnFailures" time="155.297" tests="2" errors="1" skipped="0" failures="0">
  <properties>
    <property name="awt.toolkit" value="sun.awt.X11.XToolkit"/>
    <property name="file.encoding.pkg" value="sun.io"/>
    <property name="java.specification.version" value="1.8"/>
    <property name="sun.cpu.isalist" value=""/>
    <property name="sun.jnu.encoding" value="UTF-8"/>
    <property name="java.class.path" value="/workdir/hadoop-ozone/integration-test/target/test-classes:/workdir/hadoop-ozone/integration-test/target/classes:/home/user/.m2/repository/org/apache/hadoop/hadoop-ozone-common/0.5.0-SNAPSHOT/hadoop-ozone-common-0.5.0-SNAPSHOT.jar:/home/user/.m2/repository/org/apache/commons/commons-compress/1.4.1/commons-compress-1.4.1.jar:/home/user/.m2/repository/org/tukaani/xz/1.0/xz-1.0.jar:/home/user/.m2/repository/org/apache/hadoop/hadoop-common/3.2.0/hadoop-common-3.2.0.jar:/home/user/.m2/repository/org/apache/hadoop/hadoop-hdfs/3.2.0/hadoop-hdfs-3.2.0.jar:/home/user/.m2/repository/org/apache/hadoop/hadoop-hdfs-client/3.2.0/hadoop-hdfs-client-3.2.0.jar:/home/user/.m2/repository/com/fasterxml/jackson/core/jackson-annotations/2.9.5/jackson-annotations-2.9.5.jar:/home/user/.m2/repository/org/apache/hadoop/hadoop-hdds-common/0.5.0-SNAPSHOT/hadoop-hdds-common-0.5.0-SNAPSHOT.jar:/home/user/.m2/repository/javax/annotation/javax.annotation-api/1.2/javax.annotation-api-1.2.jar:/home/user/.m2/repository/org/apache/ratis/ratis-server/0.4.0-78e95b9-SNAPSHOT/ratis-server-0.4.0-78e95b9-SNAPSHOT.jar:/home/user/.m2/repository/org/apache/ratis/ratis-thirdparty-misc/0.2.0/ratis-thirdparty-misc-0.2.0.jar:/home/user/.m2/repository/org/apache/ratis/ratis-proto/0.4.0-78e95b9-SNAPSHOT/ratis-proto-0.4.0-78e95b9-SNAPSHOT.jar:/home/user/.m2/repository/org/apache/ratis/ratis-common/0.4.0-78e95b9-SNAPSHOT/ratis-common-0.4.0-78e95b9-SNAPSHOT.jar:/home/user/.m2/repository/org/apache/ratis/ratis-client/0.4.0-78e95b9-SNAPSHOT/ratis-client-0.4.0-78e95b9-SNAPSHOT.jar:/home/user/.m2/repository/org/apache/ratis/ratis-metrics/0.4.0-78e95b9-SNAPSHOT/ratis-metrics-0.4.0-78e95b9-SNAPSHOT.jar:/home/user/.m2/repository/com/github/joshelser/dropwizard-metrics-hadoop-metrics2-reporter/0.1.2/dropwizard-metrics-hadoop-metrics2-reporter-0.1.2.jar:/home/user/.m2/repository/io/dropwizard/metrics/metrics-jvm/3.2.5/metrics-jvm-3.2.5.jar:/home/user/.m2/repository/io/dropwizard/metrics/metrics-ganglia/3.2.5/metrics-ganglia-3.2.5.jar:/home/user/.m2/repository/info/ganglia/gmetric4j/gmetric4j/1.0.7/gmetric4j-1.0.7.jar:/home/user/.m2/repository/org/apache/ratis/ratis-netty/0.4.0-78e95b9-SNAPSHOT/ratis-netty-0.4.0-78e95b9-SNAPSHOT.jar:/home/user/.m2/repository/org/apache/ratis/ratis-grpc/0.4.0-78e95b9-SNAPSHOT/ratis-grpc-0.4.0-78e95b9-SNAPSHOT.jar:/home/user/.m2/repository/org/rocksdb/rocksdbjni/6.0.1/rocksdbjni-6.0.1.jar:/home/user/.m2/repository/org/apache/logging/log4j/log4j-api/2.11.0/log4j-api-2.11.0.jar:/home/user/.m2/repository/org/apache/logging/log4j/log4j-core/2.11.0/log4j-core-2.11.0.jar:/home/user/.m2/repository/com/lmax/disruptor/3.4.2/disruptor-3.4.2.jar:/home/user/.m2/repository/org/apache/commons/commons-pool2/2.6.0/commons-pool2-2.6.0.jar:/home/user/.m2/repository/org/bouncycastle/bcpkix-jdk15on/1.60/bcpkix-jdk15on-1.60.jar:/home/user/.m2/repository/commons-validator/commons-validator/1.6/commons-validator-1.6.jar:/home/user/.m2/repository/commons-digester/commons-digester/1.8.1/commons-digester-1.8.1.jar:/home/user/.m2/repository/io/jaegertracing/jaeger-client/0.33.1/jaeger-client-0.33.1.jar:/home/user/.m2/repository/io/jaegertracing/jaeger-thrift/0.33.1/jaeger-thrift-0.33.1.jar:/home/user/.m2/repository/org/apache/thrift/libthrift/0.11.0/libthrift-0.11.0.jar:/home/user/.m2/repository/com/squareup/okhttp3/okhttp/3.9.0/okhttp-3.9.0.jar:/home/user/.m2/repository/com/squareup/okio/okio/1.13.0/okio-1.13.0.jar:/home/user/.m2/repository/io/jaegertracing/jaeger-core/0.33.1/jaeger-core-0.33.1.jar:/home/user/.m2/repository/io/jaegertracing/jaeger-tracerresolver/0.33.1/jaeger-tracerresolver-0.33.1.jar:/home/user/.m2/repository/io/opentracing/contrib/opentracing-tracerresolver/0.1.5/opentracing-tracerresolver-0.1.5.jar:/home/user/.m2/repository/io/opentracing/opentracing-util/0.31.0/opentracing-util-0.31.0.jar:/home/user/.m2/repository/io/opentracing/opentracing-api/0.31.0/opentracing-api-0.31.0.jar:/home/user/.m2/repository/io/opentracing/opentracing-noop/0.31.0/opentracing-noop-0.31.0.jar:/home/user/.m2/repository/org/apache/hadoop/hadoop-hdds-server-framework/0.5.0-SNAPSHOT/hadoop-hdds-server-framework-0.5.0-SNAPSHOT.jar:/home/user/.m2/repository/org/apache/hadoop/hadoop-hdds-container-service/0.5.0-SNAPSHOT/hadoop-hdds-container-service-0.5.0-SNAPSHOT.jar:/home/user/.m2/repository/org/apache/hadoop/hadoop-hdds-client/0.5.0-SNAPSHOT/hadoop-hdds-client-0.5.0-SNAPSHOT.jar:/home/user/.m2/repository/org/apache/hadoop/hadoop-hdds-tools/0.5.0-SNAPSHOT/hadoop-hdds-tools-0.5.0-SNAPSHOT.jar:/home/user/.m2/repository/org/apache/hadoop/hadoop-hdds-server-scm/0.5.0-SNAPSHOT/hadoop-hdds-server-scm-0.5.0-SNAPSHOT.jar:/home/user/.m2/repository/org/apache/hadoop/hadoop-hdds-docs/0.5.0-SNAPSHOT/hadoop-hdds-docs-0.5.0-SNAPSHOT.jar:/home/user/.m2/repository/io/dropwizard/metrics/metrics-core/3.2.4/metrics-core-3.2.4.jar:/home/user/.m2/repository/org/hamcrest/hamcrest-all/1.3/hamcrest-all-1.3.jar:/home/user/.m2/repository/org/bouncycastle/bcprov-jdk15on/1.60/bcprov-jdk15on-1.60.jar:/home/user/.m2/repository/info/picocli/picocli/3.9.6/picocli-3.9.6.jar:/home/user/.m2/repository/com/google/protobuf/protobuf-java/2.5.0/protobuf-java-2.5.0.jar:/home/user/.m2/repository/com/google/guava/guava/11.0.2/guava-11.0.2.jar:/home/user/.m2/repository/org/apache/hadoop/hadoop-ozone-ozone-manager/0.5.0-SNAPSHOT/hadoop-ozone-ozone-manager-0.5.0-SNAPSHOT.jar:/home/user/.m2/repository/org/apache/hadoop/hadoop-minikdc/3.2.0/hadoop-minikdc-3.2.0.jar:/home/user/.m2/repository/commons-io/commons-io/2.5/commons-io-2.5.jar:/home/user/.m2/repository/org/apache/kerby/kerb-simplekdc/1.0.1/kerb-simplekdc-1.0.1.jar:/home/user/.m2/repository/org/apache/kerby/kerb-client/1.0.1/kerb-client-1.0.1.jar:/home/user/.m2/repository/org/apache/kerby/kerby-config/1.0.1/kerby-config-1.0.1.jar:/home/user/.m2/repository/org/apache/kerby/kerb-core/1.0.1/kerb-core-1.0.1.jar:/home/user/.m2/repository/org/apache/kerby/kerby-pkix/1.0.1/kerby-pkix-1.0.1.jar:/home/user/.m2/repository/org/apache/kerby/kerby-asn1/1.0.1/kerby-asn1-1.0.1.jar:/home/user/.m2/repository/org/apache/kerby/kerby-util/1.0.1/kerby-util-1.0.1.jar:/home/user/.m2/repository/org/apache/kerby/kerb-common/1.0.1/kerb-common-1.0.1.jar:/home/user/.m2/repository/org/apache/kerby/kerb-crypto/1.0.1/kerb-crypto-1.0.1.jar:/home/user/.m2/repository/org/apache/kerby/kerb-util/1.0.1/kerb-util-1.0.1.jar:/home/user/.m2/repository/org/apache/kerby/token-provider/1.0.1/token-provider-1.0.1.jar:/home/user/.m2/repository/org/apache/kerby/kerb-admin/1.0.1/kerb-admin-1.0.1.jar:/home/user/.m2/repository/org/apache/kerby/kerb-server/1.0.1/kerb-server-1.0.1.jar:/home/user/.m2/repository/org/apache/kerby/kerb-identity/1.0.1/kerb-identity-1.0.1.jar:/home/user/.m2/repository/org/apache/kerby/kerby-xdr/1.0.1/kerby-xdr-1.0.1.jar:/home/user/.m2/repository/org/slf4j/slf4j-log4j12/1.7.25/slf4j-log4j12-1.7.25.jar:/home/user/.m2/repository/org/apache/hadoop/hadoop-ozone-s3gateway/0.5.0-SNAPSHOT/hadoop-ozone-s3gateway-0.5.0-SNAPSHOT.jar:/home/user/.m2/repository/org/jboss/weld/servlet/weld-servlet/2.4.7.Final/weld-servlet-2.4.7.Final.jar:/home/user/.m2/repository/org/glassfish/jersey/containers/jersey-container-servlet-core/2.27/jersey-container-servlet-core-2.27.jar:/home/user/.m2/repository/org/glassfish/hk2/external/javax.inject/2.5.0-b42/javax.inject-2.5.0-b42.jar:/home/user/.m2/repository/org/glassfish/jersey/core/jersey-common/2.27/jersey-common-2.27.jar:/home/user/.m2/repository/org/glassfish/hk2/osgi-resource-locator/1.0.1/osgi-resource-locator-1.0.1.jar:/home/user/.m2/repository/javax/ws/rs/javax.ws.rs-api/2.1/javax.ws.rs-api-2.1.jar:/home/user/.m2/repository/org/glassfish/jersey/ext/cdi/jersey-cdi1x/2.27/jersey-cdi1x-2.27.jar:/home/user/.m2/repository/org/glassfish/jersey/inject/jersey-hk2/2.27/jersey-hk2-2.27.jar:/home/user/.m2/repository/org/glassfish/hk2/hk2-locator/2.5.0-b42/hk2-locator-2.5.0-b42.jar:/home/user/.m2/repository/org/javassist/javassist/3.22.0-CR2/javassist-3.22.0-CR2.jar:/home/user/.m2/repository/org/glassfish/hk2/hk2-api/2.5.0/hk2-api-2.5.0.jar:/home/user/.m2/repository/org/glassfish/hk2/external/jakarta.inject/2.5.0/jakarta.inject-2.5.0.jar:/home/user/.m2/repository/org/glassfish/hk2/hk2-utils/2.5.0/hk2-utils-2.5.0.jar:/home/user/.m2/repository/jakarta/annotation/jakarta.annotation-api/1.3.4/jakarta.annotation-api-1.3.4.jar:/home/user/.m2/repository/org/glassfish/hk2/external/aopalliance-repackaged/2.5.0/aopalliance-repackaged-2.5.0.jar:/home/user/.m2/repository/com/fasterxml/jackson/dataformat/jackson-dataformat-xml/2.9.0/jackson-dataformat-xml-2.9.0.jar:/home/user/.m2/repository/com/fasterxml/jackson/core/jackson-core/2.9.5/jackson-core-2.9.5.jar:/home/user/.m2/repository/com/fasterxml/jackson/module/jackson-module-jaxb-annotations/2.9.5/jackson-module-jaxb-annotations-2.9.5.jar:/home/user/.m2/repository/javax/enterprise/cdi-api/1.2/cdi-api-1.2.jar:/home/user/.m2/repository/javax/el/javax.el-api/3.0.0/javax.el-api-3.0.0.jar:/home/user/.m2/repository/javax/interceptor/javax.interceptor-api/1.2/javax.interceptor-api-1.2.jar:/home/user/.m2/repository/javax/inject/javax.inject/1/javax.inject-1.jar:/home/user/.m2/repository/com/sun/xml/bind/jaxb-impl/2.3.0.1/jaxb-impl-2.3.0.1.jar:/home/user/.m2/repository/com/sun/xml/bind/jaxb-core/2.3.0.1/jaxb-core-2.3.0.1.jar:/home/user/.m2/repository/javax/xml/bind/jaxb-api/2.3.0/jaxb-api-2.3.0.jar:/home/user/.m2/repository/javax/activation/activation/1.1.1/activation-1.1.1.jar:/home/user/.m2/repository/org/apache/hadoop/hadoop-ozone-csi/0.5.0-SNAPSHOT/hadoop-ozone-csi-0.5.0-SNAPSHOT.jar:/home/user/.m2/repository/com/google/protobuf/protobuf-java-util/3.5.1/protobuf-java-util-3.5.1.jar:/home/user/.m2/repository/org/apache/hadoop/hadoop-hdds-config/0.5.0-SNAPSHOT/hadoop-hdds-config-0.5.0-SNAPSHOT.jar:/home/user/.m2/repository/io/grpc/grpc-netty/1.17.1/grpc-netty-1.17.1.jar:/home/user/.m2/repository/io/grpc/grpc-core/1.17.1/grpc-core-1.17.1.jar:/home/user/.m2/repository/io/grpc/grpc-context/1.17.1/grpc-context-1.17.1.jar:/home/user/.m2/repository/com/google/errorprone/error_prone_annotations/2.2.0/error_prone_annotations-2.2.0.jar:/home/user/.m2/repository/org/codehaus/mojo/animal-sniffer-annotations/1.17/animal-sniffer-annotations-1.17.jar:/home/user/.m2/repository/io/opencensus/opencensus-api/0.17.0/opencensus-api-0.17.0.jar:/home/user/.m2/repository/io/opencensus/opencensus-contrib-grpc-metrics/0.17.0/opencensus-contrib-grpc-metrics-0.17.0.jar:/home/user/.m2/repository/io/netty/netty-codec-http2/4.1.30.Final/netty-codec-http2-4.1.30.Final.jar:/home/user/.m2/repository/io/netty/netty-codec-http/4.1.30.Final/netty-codec-http-4.1.30.Final.jar:/home/user/.m2/repository/io/netty/netty-codec/4.1.30.Final/netty-codec-4.1.30.Final.jar:/home/user/.m2/repository/io/netty/netty-handler/4.1.30.Final/netty-handler-4.1.30.Final.jar:/home/user/.m2/repository/io/netty/netty-handler-proxy/4.1.30.Final/netty-handler-proxy-4.1.30.Final.jar:/home/user/.m2/repository/io/netty/netty-codec-socks/4.1.30.Final/netty-codec-socks-4.1.30.Final.jar:/home/user/.m2/repository/io/netty/netty-transport-native-epoll/4.1.30.Final/netty-transport-native-epoll-4.1.30.Final.jar:/home/user/.m2/repository/io/netty/netty-common/4.1.30.Final/netty-common-4.1.30.Final.jar:/home/user/.m2/repository/io/netty/netty-buffer/4.1.30.Final/netty-buffer-4.1.30.Final.jar:/home/user/.m2/repository/io/netty/netty-transport/4.1.30.Final/netty-transport-4.1.30.Final.jar:/home/user/.m2/repository/io/netty/netty-resolver/4.1.30.Final/netty-resolver-4.1.30.Final.jar:/home/user/.m2/repository/io/netty/netty-transport-native-unix-common/4.1.30.Final/netty-transport-native-unix-common-4.1.30.Final.jar:/home/user/.m2/repository/io/grpc/grpc-protobuf/1.17.1/grpc-protobuf-1.17.1.jar:/home/user/.m2/repository/com/google/api/grpc/proto-google-common-protos/1.0.0/proto-google-common-protos-1.0.0.jar:/home/user/.m2/repository/io/grpc/grpc-protobuf-lite/1.17.1/grpc-protobuf-lite-1.17.1.jar:/home/user/.m2/repository/io/grpc/grpc-stub/1.17.1/grpc-stub-1.17.1.jar:/home/user/.m2/repository/org/apache/hadoop/hadoop-ozone-recon/0.5.0-SNAPSHOT/hadoop-ozone-recon-0.5.0-SNAPSHOT.jar:/home/user/.m2/repository/org/apache/hadoop/hadoop-ozone-reconcodegen/0.5.0-SNAPSHOT/hadoop-ozone-reconcodegen-0.5.0-SNAPSHOT.jar:/home/user/.m2/repository/com/google/inject/extensions/guice-multibindings/4.0/guice-multibindings-4.0.jar:/home/user/.m2/repository/com/google/inject/guice/4.0/guice-4.0.jar:/home/user/.m2/repository/aopalliance/aopalliance/1.0/aopalliance-1.0.jar:/home/user/.m2/repository/com/google/inject/extensions/guice-servlet/4.0/guice-servlet-4.0.jar:/home/user/.m2/repository/org/glassfish/jersey/containers/jersey-container-servlet/2.27/jersey-container-servlet-2.27.jar:/home/user/.m2/repository/org/glassfish/hk2/guice-bridge/2.5.0/guice-bridge-2.5.0.jar:/home/user/.m2/repository/org/glassfish/jersey/core/jersey-server/2.27/jersey-server-2.27.jar:/home/user/.m2/repository/org/glassfish/jersey/core/jersey-client/2.27/jersey-client-2.27.jar:/home/user/.m2/repository/org/glassfish/jersey/media/jersey-media-jaxb/2.27/jersey-media-jaxb-2.27.jar:/home/user/.m2/repository/javax/validation/validation-api/1.1.0.Final/validation-api-1.1.0.Final.jar:/home/user/.m2/repository/org/glassfish/jersey/media/jersey-media-json-jackson/2.27/jersey-media-json-jackson-2.27.jar:/home/user/.m2/repository/org/glassfish/jersey/ext/jersey-entity-filtering/2.27/jersey-entity-filtering-2.27.jar:/home/user/.m2/repository/com/google/inject/extensions/guice-assistedinject/4.0/guice-assistedinject-4.0.jar:/home/user/.m2/repository/org/jooq/jooq/3.11.10/jooq-3.11.10.jar:/home/user/.m2/repository/org/jooq/jooq-meta/3.11.10/jooq-meta-3.11.10.jar:/home/user/.m2/repository/org/jooq/jooq-codegen/3.11.10/jooq-codegen-3.11.10.jar:/home/user/.m2/repository/com/jolbox/bonecp/0.8.0.RELEASE/bonecp-0.8.0.RELEASE.jar:/home/user/.m2/repository/org/xerial/sqlite-jdbc/3.25.2/sqlite-jdbc-3.25.2.jar:/home/user/.m2/repository/org/springframework/spring-jdbc/5.1.3.RELEASE/spring-jdbc-5.1.3.RELEASE.jar:/home/user/.m2/repository/org/springframework/spring-beans/5.1.3.RELEASE/spring-beans-5.1.3.RELEASE.jar:/home/user/.m2/repository/org/springframework/spring-core/5.1.3.RELEASE/spring-core-5.1.3.RELEASE.jar:/home/user/.m2/repository/org/springframework/spring-jcl/5.1.3.RELEASE/spring-jcl-5.1.3.RELEASE.jar:/home/user/.m2/repository/org/springframework/spring-tx/5.1.3.RELEASE/spring-tx-5.1.3.RELEASE.jar:/home/user/.m2/repository/org/apache/hadoop/hadoop-ozone-client/0.5.0-SNAPSHOT/hadoop-ozone-client-0.5.0-SNAPSHOT.jar:/home/user/.m2/repository/commons-lang/commons-lang/2.6/commons-lang-2.6.jar:/home/user/.m2/repository/org/apache/hadoop/hadoop-ozone-ozone-manager/0.5.0-SNAPSHOT/hadoop-ozone-ozone-manager-0.5.0-SNAPSHOT-tests.jar:/home/user/.m2/repository/junit/junit/4.11/junit-4.11.jar:/home/user/.m2/repository/org/hamcrest/hamcrest-core/1.3/hamcrest-core-1.3.jar:/home/user/.m2/repository/org/openjdk/jmh/jmh-core/1.19/jmh-core-1.19.jar:/home/user/.m2/repository/net/sf/jopt-simple/jopt-simple/4.6/jopt-simple-4.6.jar:/home/user/.m2/repository/org/apache/commons/commons-math3/3.1.1/commons-math3-3.1.1.jar:/home/user/.m2/repository/org/openjdk/jmh/jmh-generator-annprocess/1.19/jmh-generator-annprocess-1.19.jar:/home/user/.m2/repository/org/mockito/mockito-all/1.8.5/mockito-all-1.8.5.jar:/home/user/.m2/repository/org/apache/hadoop/hadoop-kms/3.2.0/hadoop-kms-3.2.0.jar:/home/user/.m2/repository/org/apache/hadoop/hadoop-auth/3.2.0/hadoop-auth-3.2.0.jar:/home/user/.m2/repository/com/nimbusds/nimbus-jose-jwt/4.41.1/nimbus-jose-jwt-4.41.1.jar:/home/user/.m2/repository/com/github/stephenc/jcip/jcip-annotations/1.0-1/jcip-annotations-1.0-1.jar:/home/user/.m2/repository/net/minidev/json-smart/2.3/json-smart-2.3.jar:/home/user/.m2/repository/net/minidev/accessors-smart/1.2/accessors-smart-1.2.jar:/home/user/.m2/repository/org/ow2/asm/asm/5.0.4/asm-5.0.4.jar:/home/user/.m2/repository/org/apache/curator/curator-framework/2.12.0/curator-framework-2.12.0.jar:/home/user/.m2/repository/com/sun/jersey/jersey-core/1.19/jersey-core-1.19.jar:/home/user/.m2/repository/javax/ws/rs/jsr311-api/1.1.1/jsr311-api-1.1.1.jar:/home/user/.m2/repository/com/sun/jersey/jersey-server/1.19/jersey-server-1.19.jar:/home/user/.m2/repository/javax/servlet/javax.servlet-api/3.1.0/javax.servlet-api-3.1.0.jar:/home/user/.m2/repository/org/eclipse/jetty/jetty-server/9.3.24.v20180605/jetty-server-9.3.24.v20180605.jar:/home/user/.m2/repository/org/eclipse/jetty/jetty-http/9.3.24.v20180605/jetty-http-9.3.24.v20180605.jar:/home/user/.m2/repository/org/eclipse/jetty/jetty-io/9.3.24.v20180605/jetty-io-9.3.24.v20180605.jar:/home/user/.m2/repository/org/eclipse/jetty/jetty-webapp/9.3.24.v20180605/jetty-webapp-9.3.24.v20180605.jar:/home/user/.m2/repository/org/eclipse/jetty/jetty-xml/9.3.24.v20180605/jetty-xml-9.3.24.v20180605.jar:/home/user/.m2/repository/log4j/log4j/1.2.17/log4j-1.2.17.jar:/home/user/.m2/repository/org/slf4j/slf4j-api/1.7.25/slf4j-api-1.7.25.jar:/home/user/.m2/repository/org/slf4j/jul-to-slf4j/1.7.25/jul-to-slf4j-1.7.25.jar:/home/user/.m2/repository/org/eclipse/jetty/jetty-util/9.3.24.v20180605/jetty-util-9.3.24.v20180605.jar:/home/user/.m2/repository/com/fasterxml/jackson/core/jackson-databind/2.9.5/jackson-databind-2.9.5.jar:/home/user/.m2/repository/org/apache/hadoop/hadoop-kms/3.2.0/hadoop-kms-3.2.0-tests.jar:/home/user/.m2/repository/org/apache/hadoop/hadoop-hdds-server-scm/0.5.0-SNAPSHOT/hadoop-hdds-server-scm-0.5.0-SNAPSHOT-tests.jar:/home/user/.m2/repository/org/apache/hadoop/hadoop-hdds-container-service/0.5.0-SNAPSHOT/hadoop-hdds-container-service-0.5.0-SNAPSHOT-tests.jar:/home/user/.m2/repository/org/yaml/snakeyaml/1.16/snakeyaml-1.16.jar:/home/user/.m2/repository/org/apache/hadoop/hadoop-common/3.2.0/hadoop-common-3.2.0-tests.jar:/home/user/.m2/repository/org/apache/hadoop/hadoop-annotations/3.2.0/hadoop-annotations-3.2.0.jar:/usr/lib/jvm/java-1.8-openjdk/jre/../lib/tools.jar:/home/user/.m2/repository/commons-cli/commons-cli/1.2/commons-cli-1.2.jar:/home/user/.m2/repository/org/apache/httpcomponents/httpclient/4.5.2/httpclient-4.5.2.jar:/home/user/.m2/repository/org/apache/httpcomponents/httpcore/4.4.4/httpcore-4.4.4.jar:/home/user/.m2/repository/commons-codec/commons-codec/1.11/commons-codec-1.11.jar:/home/user/.m2/repository/commons-net/commons-net/3.6/commons-net-3.6.jar:/home/user/.m2/repository/commons-collections/commons-collections/3.2.2/commons-collections-3.2.2.jar:/home/user/.m2/repository/org/eclipse/jetty/jetty-servlet/9.3.24.v20180605/jetty-servlet-9.3.24.v20180605.jar:/home/user/.m2/repository/org/eclipse/jetty/jetty-security/9.3.24.v20180605/jetty-security-9.3.24.v20180605.jar:/home/user/.m2/repository/javax/servlet/jsp/jsp-api/2.1/jsp-api-2.1.jar:/home/user/.m2/repository/com/sun/jersey/jersey-servlet/1.19/jersey-servlet-1.19.jar:/home/user/.m2/repository/com/sun/jersey/jersey-json/1.19/jersey-json-1.19.jar:/home/user/.m2/repository/org/codehaus/jettison/jettison/1.1/jettison-1.1.jar:/home/user/.m2/repository/org/codehaus/jackson/jackson-core-asl/1.9.13/jackson-core-asl-1.9.13.jar:/home/user/.m2/repository/org/codehaus/jackson/jackson-mapper-asl/1.9.13/jackson-mapper-asl-1.9.13.jar:/home/user/.m2/repository/org/codehaus/jackson/jackson-jaxrs/1.9.13/jackson-jaxrs-1.9.13.jar:/home/user/.m2/repository/org/codehaus/jackson/jackson-xc/1.9.13/jackson-xc-1.9.13.jar:/home/user/.m2/repository/commons-logging/commons-logging/1.1.3/commons-logging-1.1.3.jar:/home/user/.m2/repository/commons-beanutils/commons-beanutils/1.9.3/commons-beanutils-1.9.3.jar:/home/user/.m2/repository/org/apache/commons/commons-configuration2/2.1.1/commons-configuration2-2.1.1.jar:/home/user/.m2/repository/org/apache/commons/commons-lang3/3.7/commons-lang3-3.7.jar:/home/user/.m2/repository/org/apache/commons/commons-text/1.4/commons-text-1.4.jar:/home/user/.m2/repository/org/apache/avro/avro/1.7.7/avro-1.7.7.jar:/home/user/.m2/repository/com/thoughtworks/paranamer/paranamer/2.3/paranamer-2.3.jar:/home/user/.m2/repository/org/xerial/snappy/snappy-java/1.0.5/snappy-java-1.0.5.jar:/home/user/.m2/repository/com/google/re2j/re2j/1.1/re2j-1.1.jar:/home/user/.m2/repository/com/google/code/gson/gson/2.2.4/gson-2.2.4.jar:/home/user/.m2/repository/com/jcraft/jsch/0.1.54/jsch-0.1.54.jar:/home/user/.m2/repository/org/apache/curator/curator-client/2.12.0/curator-client-2.12.0.jar:/home/user/.m2/repository/org/apache/curator/curator-recipes/2.12.0/curator-recipes-2.12.0.jar:/home/user/.m2/repository/com/google/code/findbugs/jsr305/3.0.0/jsr305-3.0.0.jar:/home/user/.m2/repository/org/apache/htrace/htrace-core4/4.1.0-incubating/htrace-core4-4.1.0-incubating.jar:/home/user/.m2/repository/org/apache/zookeeper/zookeeper/3.4.13/zookeeper-3.4.13.jar:/home/user/.m2/repository/org/apache/yetus/audience-annotations/0.5.0/audience-annotations-0.5.0.jar:/home/user/.m2/repository/org/codehaus/woodstox/stax2-api/3.1.4/stax2-api-3.1.4.jar:/home/user/.m2/repository/com/fasterxml/woodstox/woodstox-core/5.0.3/woodstox-core-5.0.3.jar:/home/user/.m2/repository/dnsjava/dnsjava/2.1.7/dnsjava-2.1.7.jar:/home/user/.m2/repository/org/apache/hadoop/hadoop-hdfs/3.2.0/hadoop-hdfs-3.2.0-tests.jar:/home/user/.m2/repository/org/eclipse/jetty/jetty-util-ajax/9.3.24.v20180605/jetty-util-ajax-9.3.24.v20180605.jar:/home/user/.m2/repository/commons-daemon/commons-daemon/1.0.13/commons-daemon-1.0.13.jar:/home/user/.m2/repository/io/netty/netty/3.10.5.Final/netty-3.10.5.Final.jar:/home/user/.m2/repository/io/netty/netty-all/4.0.52.Final/netty-all-4.0.52.Final.jar:/home/user/.m2/repository/org/fusesource/leveldbjni/leveldbjni-all/1.8/leveldbjni-all-1.8.jar:"/>
    <property name="java.vm.vendor" value="IcedTea"/>
    <property name="sun.arch.data.model" value="64"/>
    <property name="test.build.dir" value="/workdir/hadoop-ozone/integration-test/target/test-dir"/>
    <property name="test.cache.data" value=""/>
    <property name="java.vendor.url" value="https://icedtea.classpath.org"/>
    <property name="user.timezone" value=""/>
    <property name="java.vm.specification.version" value="1.8"/>
    <property name="os.name" value="Linux"/>
    <property name="test.build.data" value="/workdir/hadoop-ozone/integration-test/target/test-dir"/>
    <property name="user.country" value="US"/>
    <property name="sun.java.launcher" value="SUN_STANDARD"/>
    <property name="sun.boot.library.path" value="/usr/lib/jvm/java-1.8-openjdk/jre/lib/amd64"/>
    <property name="sun.java.command" value="/workdir/hadoop-ozone/integration-test/target/surefire/surefirebooter4958628064555591623.jar /workdir/hadoop-ozone/integration-test/target/surefire 2019-09-12T03-14-56_188-jvmRun1 surefire5392625438112039221tmp surefire_523185707071189835079tmp"/>
    <property name="test" value="!TestMiniChaosOzoneCluster"/>
    <property name="surefire.test.class.path" value="/workdir/hadoop-ozone/integration-test/target/test-classes:/workdir/hadoop-ozone/integration-test/target/classes:/home/user/.m2/repository/org/apache/hadoop/hadoop-ozone-common/0.5.0-SNAPSHOT/hadoop-ozone-common-0.5.0-SNAPSHOT.jar:/home/user/.m2/repository/org/apache/commons/commons-compress/1.4.1/commons-compress-1.4.1.jar:/home/user/.m2/repository/org/tukaani/xz/1.0/xz-1.0.jar:/home/user/.m2/repository/org/apache/hadoop/hadoop-common/3.2.0/hadoop-common-3.2.0.jar:/home/user/.m2/repository/org/apache/hadoop/hadoop-hdfs/3.2.0/hadoop-hdfs-3.2.0.jar:/home/user/.m2/repository/org/apache/hadoop/hadoop-hdfs-client/3.2.0/hadoop-hdfs-client-3.2.0.jar:/home/user/.m2/repository/com/fasterxml/jackson/core/jackson-annotations/2.9.5/jackson-annotations-2.9.5.jar:/home/user/.m2/repository/org/apache/hadoop/hadoop-hdds-common/0.5.0-SNAPSHOT/hadoop-hdds-common-0.5.0-SNAPSHOT.jar:/home/user/.m2/repository/javax/annotation/javax.annotation-api/1.2/javax.annotation-api-1.2.jar:/home/user/.m2/repository/org/apache/ratis/ratis-server/0.4.0-78e95b9-SNAPSHOT/ratis-server-0.4.0-78e95b9-SNAPSHOT.jar:/home/user/.m2/repository/org/apache/ratis/ratis-thirdparty-misc/0.2.0/ratis-thirdparty-misc-0.2.0.jar:/home/user/.m2/repository/org/apache/ratis/ratis-proto/0.4.0-78e95b9-SNAPSHOT/ratis-proto-0.4.0-78e95b9-SNAPSHOT.jar:/home/user/.m2/repository/org/apache/ratis/ratis-common/0.4.0-78e95b9-SNAPSHOT/ratis-common-0.4.0-78e95b9-SNAPSHOT.jar:/home/user/.m2/repository/org/apache/ratis/ratis-client/0.4.0-78e95b9-SNAPSHOT/ratis-client-0.4.0-78e95b9-SNAPSHOT.jar:/home/user/.m2/repository/org/apache/ratis/ratis-metrics/0.4.0-78e95b9-SNAPSHOT/ratis-metrics-0.4.0-78e95b9-SNAPSHOT.jar:/home/user/.m2/repository/com/github/joshelser/dropwizard-metrics-hadoop-metrics2-reporter/0.1.2/dropwizard-metrics-hadoop-metrics2-reporter-0.1.2.jar:/home/user/.m2/repository/io/dropwizard/metrics/metrics-jvm/3.2.5/metrics-jvm-3.2.5.jar:/home/user/.m2/repository/io/dropwizard/metrics/metrics-ganglia/3.2.5/metrics-ganglia-3.2.5.jar:/home/user/.m2/repository/info/ganglia/gmetric4j/gmetric4j/1.0.7/gmetric4j-1.0.7.jar:/home/user/.m2/repository/org/apache/ratis/ratis-netty/0.4.0-78e95b9-SNAPSHOT/ratis-netty-0.4.0-78e95b9-SNAPSHOT.jar:/home/user/.m2/repository/org/apache/ratis/ratis-grpc/0.4.0-78e95b9-SNAPSHOT/ratis-grpc-0.4.0-78e95b9-SNAPSHOT.jar:/home/user/.m2/repository/org/rocksdb/rocksdbjni/6.0.1/rocksdbjni-6.0.1.jar:/home/user/.m2/repository/org/apache/logging/log4j/log4j-api/2.11.0/log4j-api-2.11.0.jar:/home/user/.m2/repository/org/apache/logging/log4j/log4j-core/2.11.0/log4j-core-2.11.0.jar:/home/user/.m2/repository/com/lmax/disruptor/3.4.2/disruptor-3.4.2.jar:/home/user/.m2/repository/org/apache/commons/commons-pool2/2.6.0/commons-pool2-2.6.0.jar:/home/user/.m2/repository/org/bouncycastle/bcpkix-jdk15on/1.60/bcpkix-jdk15on-1.60.jar:/home/user/.m2/repository/commons-validator/commons-validator/1.6/commons-validator-1.6.jar:/home/user/.m2/repository/commons-digester/commons-digester/1.8.1/commons-digester-1.8.1.jar:/home/user/.m2/repository/io/jaegertracing/jaeger-client/0.33.1/jaeger-client-0.33.1.jar:/home/user/.m2/repository/io/jaegertracing/jaeger-thrift/0.33.1/jaeger-thrift-0.33.1.jar:/home/user/.m2/repository/org/apache/thrift/libthrift/0.11.0/libthrift-0.11.0.jar:/home/user/.m2/repository/com/squareup/okhttp3/okhttp/3.9.0/okhttp-3.9.0.jar:/home/user/.m2/repository/com/squareup/okio/okio/1.13.0/okio-1.13.0.jar:/home/user/.m2/repository/io/jaegertracing/jaeger-core/0.33.1/jaeger-core-0.33.1.jar:/home/user/.m2/repository/io/jaegertracing/jaeger-tracerresolver/0.33.1/jaeger-tracerresolver-0.33.1.jar:/home/user/.m2/repository/io/opentracing/contrib/opentracing-tracerresolver/0.1.5/opentracing-tracerresolver-0.1.5.jar:/home/user/.m2/repository/io/opentracing/opentracing-util/0.31.0/opentracing-util-0.31.0.jar:/home/user/.m2/repository/io/opentracing/opentracing-api/0.31.0/opentracing-api-0.31.0.jar:/home/user/.m2/repository/io/opentracing/opentracing-noop/0.31.0/opentracing-noop-0.31.0.jar:/home/user/.m2/repository/org/apache/hadoop/hadoop-hdds-server-framework/0.5.0-SNAPSHOT/hadoop-hdds-server-framework-0.5.0-SNAPSHOT.jar:/home/user/.m2/repository/org/apache/hadoop/hadoop-hdds-container-service/0.5.0-SNAPSHOT/hadoop-hdds-container-service-0.5.0-SNAPSHOT.jar:/home/user/.m2/repository/org/apache/hadoop/hadoop-hdds-client/0.5.0-SNAPSHOT/hadoop-hdds-client-0.5.0-SNAPSHOT.jar:/home/user/.m2/repository/org/apache/hadoop/hadoop-hdds-tools/0.5.0-SNAPSHOT/hadoop-hdds-tools-0.5.0-SNAPSHOT.jar:/home/user/.m2/repository/org/apache/hadoop/hadoop-hdds-server-scm/0.5.0-SNAPSHOT/hadoop-hdds-server-scm-0.5.0-SNAPSHOT.jar:/home/user/.m2/repository/org/apache/hadoop/hadoop-hdds-docs/0.5.0-SNAPSHOT/hadoop-hdds-docs-0.5.0-SNAPSHOT.jar:/home/user/.m2/repository/io/dropwizard/metrics/metrics-core/3.2.4/metrics-core-3.2.4.jar:/home/user/.m2/repository/org/hamcrest/hamcrest-all/1.3/hamcrest-all-1.3.jar:/home/user/.m2/repository/org/bouncycastle/bcprov-jdk15on/1.60/bcprov-jdk15on-1.60.jar:/home/user/.m2/repository/info/picocli/picocli/3.9.6/picocli-3.9.6.jar:/home/user/.m2/repository/com/google/protobuf/protobuf-java/2.5.0/protobuf-java-2.5.0.jar:/home/user/.m2/repository/com/google/guava/guava/11.0.2/guava-11.0.2.jar:/home/user/.m2/repository/org/apache/hadoop/hadoop-ozone-ozone-manager/0.5.0-SNAPSHOT/hadoop-ozone-ozone-manager-0.5.0-SNAPSHOT.jar:/home/user/.m2/repository/org/apache/hadoop/hadoop-minikdc/3.2.0/hadoop-minikdc-3.2.0.jar:/home/user/.m2/repository/commons-io/commons-io/2.5/commons-io-2.5.jar:/home/user/.m2/repository/org/apache/kerby/kerb-simplekdc/1.0.1/kerb-simplekdc-1.0.1.jar:/home/user/.m2/repository/org/apache/kerby/kerb-client/1.0.1/kerb-client-1.0.1.jar:/home/user/.m2/repository/org/apache/kerby/kerby-config/1.0.1/kerby-config-1.0.1.jar:/home/user/.m2/repository/org/apache/kerby/kerb-core/1.0.1/kerb-core-1.0.1.jar:/home/user/.m2/repository/org/apache/kerby/kerby-pkix/1.0.1/kerby-pkix-1.0.1.jar:/home/user/.m2/repository/org/apache/kerby/kerby-asn1/1.0.1/kerby-asn1-1.0.1.jar:/home/user/.m2/repository/org/apache/kerby/kerby-util/1.0.1/kerby-util-1.0.1.jar:/home/user/.m2/repository/org/apache/kerby/kerb-common/1.0.1/kerb-common-1.0.1.jar:/home/user/.m2/repository/org/apache/kerby/kerb-crypto/1.0.1/kerb-crypto-1.0.1.jar:/home/user/.m2/repository/org/apache/kerby/kerb-util/1.0.1/kerb-util-1.0.1.jar:/home/user/.m2/repository/org/apache/kerby/token-provider/1.0.1/token-provider-1.0.1.jar:/home/user/.m2/repository/org/apache/kerby/kerb-admin/1.0.1/kerb-admin-1.0.1.jar:/home/user/.m2/repository/org/apache/kerby/kerb-server/1.0.1/kerb-server-1.0.1.jar:/home/user/.m2/repository/org/apache/kerby/kerb-identity/1.0.1/kerb-identity-1.0.1.jar:/home/user/.m2/repository/org/apache/kerby/kerby-xdr/1.0.1/kerby-xdr-1.0.1.jar:/home/user/.m2/repository/org/slf4j/slf4j-log4j12/1.7.25/slf4j-log4j12-1.7.25.jar:/home/user/.m2/repository/org/apache/hadoop/hadoop-ozone-s3gateway/0.5.0-SNAPSHOT/hadoop-ozone-s3gateway-0.5.0-SNAPSHOT.jar:/home/user/.m2/repository/org/jboss/weld/servlet/weld-servlet/2.4.7.Final/weld-servlet-2.4.7.Final.jar:/home/user/.m2/repository/org/glassfish/jersey/containers/jersey-container-servlet-core/2.27/jersey-container-servlet-core-2.27.jar:/home/user/.m2/repository/org/glassfish/hk2/external/javax.inject/2.5.0-b42/javax.inject-2.5.0-b42.jar:/home/user/.m2/repository/org/glassfish/jersey/core/jersey-common/2.27/jersey-common-2.27.jar:/home/user/.m2/repository/org/glassfish/hk2/osgi-resource-locator/1.0.1/osgi-resource-locator-1.0.1.jar:/home/user/.m2/repository/javax/ws/rs/javax.ws.rs-api/2.1/javax.ws.rs-api-2.1.jar:/home/user/.m2/repository/org/glassfish/jersey/ext/cdi/jersey-cdi1x/2.27/jersey-cdi1x-2.27.jar:/home/user/.m2/repository/org/glassfish/jersey/inject/jersey-hk2/2.27/jersey-hk2-2.27.jar:/home/user/.m2/repository/org/glassfish/hk2/hk2-locator/2.5.0-b42/hk2-locator-2.5.0-b42.jar:/home/user/.m2/repository/org/javassist/javassist/3.22.0-CR2/javassist-3.22.0-CR2.jar:/home/user/.m2/repository/org/glassfish/hk2/hk2-api/2.5.0/hk2-api-2.5.0.jar:/home/user/.m2/repository/org/glassfish/hk2/external/jakarta.inject/2.5.0/jakarta.inject-2.5.0.jar:/home/user/.m2/repository/org/glassfish/hk2/hk2-utils/2.5.0/hk2-utils-2.5.0.jar:/home/user/.m2/repository/jakarta/annotation/jakarta.annotation-api/1.3.4/jakarta.annotation-api-1.3.4.jar:/home/user/.m2/repository/org/glassfish/hk2/external/aopalliance-repackaged/2.5.0/aopalliance-repackaged-2.5.0.jar:/home/user/.m2/repository/com/fasterxml/jackson/dataformat/jackson-dataformat-xml/2.9.0/jackson-dataformat-xml-2.9.0.jar:/home/user/.m2/repository/com/fasterxml/jackson/core/jackson-core/2.9.5/jackson-core-2.9.5.jar:/home/user/.m2/repository/com/fasterxml/jackson/module/jackson-module-jaxb-annotations/2.9.5/jackson-module-jaxb-annotations-2.9.5.jar:/home/user/.m2/repository/javax/enterprise/cdi-api/1.2/cdi-api-1.2.jar:/home/user/.m2/repository/javax/el/javax.el-api/3.0.0/javax.el-api-3.0.0.jar:/home/user/.m2/repository/javax/interceptor/javax.interceptor-api/1.2/javax.interceptor-api-1.2.jar:/home/user/.m2/repository/javax/inject/javax.inject/1/javax.inject-1.jar:/home/user/.m2/repository/com/sun/xml/bind/jaxb-impl/2.3.0.1/jaxb-impl-2.3.0.1.jar:/home/user/.m2/repository/com/sun/xml/bind/jaxb-core/2.3.0.1/jaxb-core-2.3.0.1.jar:/home/user/.m2/repository/javax/xml/bind/jaxb-api/2.3.0/jaxb-api-2.3.0.jar:/home/user/.m2/repository/javax/activation/activation/1.1.1/activation-1.1.1.jar:/home/user/.m2/repository/org/apache/hadoop/hadoop-ozone-csi/0.5.0-SNAPSHOT/hadoop-ozone-csi-0.5.0-SNAPSHOT.jar:/home/user/.m2/repository/com/google/protobuf/protobuf-java-util/3.5.1/protobuf-java-util-3.5.1.jar:/home/user/.m2/repository/org/apache/hadoop/hadoop-hdds-config/0.5.0-SNAPSHOT/hadoop-hdds-config-0.5.0-SNAPSHOT.jar:/home/user/.m2/repository/io/grpc/grpc-netty/1.17.1/grpc-netty-1.17.1.jar:/home/user/.m2/repository/io/grpc/grpc-core/1.17.1/grpc-core-1.17.1.jar:/home/user/.m2/repository/io/grpc/grpc-context/1.17.1/grpc-context-1.17.1.jar:/home/user/.m2/repository/com/google/errorprone/error_prone_annotations/2.2.0/error_prone_annotations-2.2.0.jar:/home/user/.m2/repository/org/codehaus/mojo/animal-sniffer-annotations/1.17/animal-sniffer-annotations-1.17.jar:/home/user/.m2/repository/io/opencensus/opencensus-api/0.17.0/opencensus-api-0.17.0.jar:/home/user/.m2/repository/io/opencensus/opencensus-contrib-grpc-metrics/0.17.0/opencensus-contrib-grpc-metrics-0.17.0.jar:/home/user/.m2/repository/io/netty/netty-codec-http2/4.1.30.Final/netty-codec-http2-4.1.30.Final.jar:/home/user/.m2/repository/io/netty/netty-codec-http/4.1.30.Final/netty-codec-http-4.1.30.Final.jar:/home/user/.m2/repository/io/netty/netty-codec/4.1.30.Final/netty-codec-4.1.30.Final.jar:/home/user/.m2/repository/io/netty/netty-handler/4.1.30.Final/netty-handler-4.1.30.Final.jar:/home/user/.m2/repository/io/netty/netty-handler-proxy/4.1.30.Final/netty-handler-proxy-4.1.30.Final.jar:/home/user/.m2/repository/io/netty/netty-codec-socks/4.1.30.Final/netty-codec-socks-4.1.30.Final.jar:/home/user/.m2/repository/io/netty/netty-transport-native-epoll/4.1.30.Final/netty-transport-native-epoll-4.1.30.Final.jar:/home/user/.m2/repository/io/netty/netty-common/4.1.30.Final/netty-common-4.1.30.Final.jar:/home/user/.m2/repository/io/netty/netty-buffer/4.1.30.Final/netty-buffer-4.1.30.Final.jar:/home/user/.m2/repository/io/netty/netty-transport/4.1.30.Final/netty-transport-4.1.30.Final.jar:/home/user/.m2/repository/io/netty/netty-resolver/4.1.30.Final/netty-resolver-4.1.30.Final.jar:/home/user/.m2/repository/io/netty/netty-transport-native-unix-common/4.1.30.Final/netty-transport-native-unix-common-4.1.30.Final.jar:/home/user/.m2/repository/io/grpc/grpc-protobuf/1.17.1/grpc-protobuf-1.17.1.jar:/home/user/.m2/repository/com/google/api/grpc/proto-google-common-protos/1.0.0/proto-google-common-protos-1.0.0.jar:/home/user/.m2/repository/io/grpc/grpc-protobuf-lite/1.17.1/grpc-protobuf-lite-1.17.1.jar:/home/user/.m2/repository/io/grpc/grpc-stub/1.17.1/grpc-stub-1.17.1.jar:/home/user/.m2/repository/org/apache/hadoop/hadoop-ozone-recon/0.5.0-SNAPSHOT/hadoop-ozone-recon-0.5.0-SNAPSHOT.jar:/home/user/.m2/repository/org/apache/hadoop/hadoop-ozone-reconcodegen/0.5.0-SNAPSHOT/hadoop-ozone-reconcodegen-0.5.0-SNAPSHOT.jar:/home/user/.m2/repository/com/google/inject/extensions/guice-multibindings/4.0/guice-multibindings-4.0.jar:/home/user/.m2/repository/com/google/inject/guice/4.0/guice-4.0.jar:/home/user/.m2/repository/aopalliance/aopalliance/1.0/aopalliance-1.0.jar:/home/user/.m2/repository/com/google/inject/extensions/guice-servlet/4.0/guice-servlet-4.0.jar:/home/user/.m2/repository/org/glassfish/jersey/containers/jersey-container-servlet/2.27/jersey-container-servlet-2.27.jar:/home/user/.m2/repository/org/glassfish/hk2/guice-bridge/2.5.0/guice-bridge-2.5.0.jar:/home/user/.m2/repository/org/glassfish/jersey/core/jersey-server/2.27/jersey-server-2.27.jar:/home/user/.m2/repository/org/glassfish/jersey/core/jersey-client/2.27/jersey-client-2.27.jar:/home/user/.m2/repository/org/glassfish/jersey/media/jersey-media-jaxb/2.27/jersey-media-jaxb-2.27.jar:/home/user/.m2/repository/javax/validation/validation-api/1.1.0.Final/validation-api-1.1.0.Final.jar:/home/user/.m2/repository/org/glassfish/jersey/media/jersey-media-json-jackson/2.27/jersey-media-json-jackson-2.27.jar:/home/user/.m2/repository/org/glassfish/jersey/ext/jersey-entity-filtering/2.27/jersey-entity-filtering-2.27.jar:/home/user/.m2/repository/com/google/inject/extensions/guice-assistedinject/4.0/guice-assistedinject-4.0.jar:/home/user/.m2/repository/org/jooq/jooq/3.11.10/jooq-3.11.10.jar:/home/user/.m2/repository/org/jooq/jooq-meta/3.11.10/jooq-meta-3.11.10.jar:/home/user/.m2/repository/org/jooq/jooq-codegen/3.11.10/jooq-codegen-3.11.10.jar:/home/user/.m2/repository/com/jolbox/bonecp/0.8.0.RELEASE/bonecp-0.8.0.RELEASE.jar:/home/user/.m2/repository/org/xerial/sqlite-jdbc/3.25.2/sqlite-jdbc-3.25.2.jar:/home/user/.m2/repository/org/springframework/spring-jdbc/5.1.3.RELEASE/spring-jdbc-5.1.3.RELEASE.jar:/home/user/.m2/repository/org/springframework/spring-beans/5.1.3.RELEASE/spring-beans-5.1.3.RELEASE.jar:/home/user/.m2/repository/org/springframework/spring-core/5.1.3.RELEASE/spring-core-5.1.3.RELEASE.jar:/home/user/.m2/repository/org/springframework/spring-jcl/5.1.3.RELEASE/spring-jcl-5.1.3.RELEASE.jar:/home/user/.m2/repository/org/springframework/spring-tx/5.1.3.RELEASE/spring-tx-5.1.3.RELEASE.jar:/home/user/.m2/repository/org/apache/hadoop/hadoop-ozone-client/0.5.0-SNAPSHOT/hadoop-ozone-client-0.5.0-SNAPSHOT.jar:/home/user/.m2/repository/commons-lang/commons-lang/2.6/commons-lang-2.6.jar:/home/user/.m2/repository/org/apache/hadoop/hadoop-ozone-ozone-manager/0.5.0-SNAPSHOT/hadoop-ozone-ozone-manager-0.5.0-SNAPSHOT-tests.jar:/home/user/.m2/repository/junit/junit/4.11/junit-4.11.jar:/home/user/.m2/repository/org/hamcrest/hamcrest-core/1.3/hamcrest-core-1.3.jar:/home/user/.m2/repository/org/openjdk/jmh/jmh-core/1.19/jmh-core-1.19.jar:/home/user/.m2/repository/net/sf/jopt-simple/jopt-simple/4.6/jopt-simple-4.6.jar:/home/user/.m2/repository/org/apache/commons/commons-math3/3.1.1/commons-math3-3.1.1.jar:/home/user/.m2/repository/org/openjdk/jmh/jmh-generator-annprocess/1.19/jmh-generator-annprocess-1.19.jar:/home/user/.m2/repository/org/mockito/mockito-all/1.8.5/mockito-all-1.8.5.jar:/home/user/.m2/repository/org/apache/hadoop/hadoop-kms/3.2.0/hadoop-kms-3.2.0.jar:/home/user/.m2/repository/org/apache/hadoop/hadoop-auth/3.2.0/hadoop-auth-3.2.0.jar:/home/user/.m2/repository/com/nimbusds/nimbus-jose-jwt/4.41.1/nimbus-jose-jwt-4.41.1.jar:/home/user/.m2/repository/com/github/stephenc/jcip/jcip-annotations/1.0-1/jcip-annotations-1.0-1.jar:/home/user/.m2/repository/net/minidev/json-smart/2.3/json-smart-2.3.jar:/home/user/.m2/repository/net/minidev/accessors-smart/1.2/accessors-smart-1.2.jar:/home/user/.m2/repository/org/ow2/asm/asm/5.0.4/asm-5.0.4.jar:/home/user/.m2/repository/org/apache/curator/curator-framework/2.12.0/curator-framework-2.12.0.jar:/home/user/.m2/repository/com/sun/jersey/jersey-core/1.19/jersey-core-1.19.jar:/home/user/.m2/repository/javax/ws/rs/jsr311-api/1.1.1/jsr311-api-1.1.1.jar:/home/user/.m2/repository/com/sun/jersey/jersey-server/1.19/jersey-server-1.19.jar:/home/user/.m2/repository/javax/servlet/javax.servlet-api/3.1.0/javax.servlet-api-3.1.0.jar:/home/user/.m2/repository/org/eclipse/jetty/jetty-server/9.3.24.v20180605/jetty-server-9.3.24.v20180605.jar:/home/user/.m2/repository/org/eclipse/jetty/jetty-http/9.3.24.v20180605/jetty-http-9.3.24.v20180605.jar:/home/user/.m2/repository/org/eclipse/jetty/jetty-io/9.3.24.v20180605/jetty-io-9.3.24.v20180605.jar:/home/user/.m2/repository/org/eclipse/jetty/jetty-webapp/9.3.24.v20180605/jetty-webapp-9.3.24.v20180605.jar:/home/user/.m2/repository/org/eclipse/jetty/jetty-xml/9.3.24.v20180605/jetty-xml-9.3.24.v20180605.jar:/home/user/.m2/repository/log4j/log4j/1.2.17/log4j-1.2.17.jar:/home/user/.m2/repository/org/slf4j/slf4j-api/1.7.25/slf4j-api-1.7.25.jar:/home/user/.m2/repository/org/slf4j/jul-to-slf4j/1.7.25/jul-to-slf4j-1.7.25.jar:/home/user/.m2/repository/org/eclipse/jetty/jetty-util/9.3.24.v20180605/jetty-util-9.3.24.v20180605.jar:/home/user/.m2/repository/com/fasterxml/jackson/core/jackson-databind/2.9.5/jackson-databind-2.9.5.jar:/home/user/.m2/repository/org/apache/hadoop/hadoop-kms/3.2.0/hadoop-kms-3.2.0-tests.jar:/home/user/.m2/repository/org/apache/hadoop/hadoop-hdds-server-scm/0.5.0-SNAPSHOT/hadoop-hdds-server-scm-0.5.0-SNAPSHOT-tests.jar:/home/user/.m2/repository/org/apache/hadoop/hadoop-hdds-container-service/0.5.0-SNAPSHOT/hadoop-hdds-container-service-0.5.0-SNAPSHOT-tests.jar:/home/user/.m2/repository/org/yaml/snakeyaml/1.16/snakeyaml-1.16.jar:/home/user/.m2/repository/org/apache/hadoop/hadoop-common/3.2.0/hadoop-common-3.2.0-tests.jar:/home/user/.m2/repository/org/apache/hadoop/hadoop-annotations/3.2.0/hadoop-annotations-3.2.0.jar:/usr/lib/jvm/java-1.8-openjdk/jre/../lib/tools.jar:/home/user/.m2/repository/commons-cli/commons-cli/1.2/commons-cli-1.2.jar:/home/user/.m2/repository/org/apache/httpcomponents/httpclient/4.5.2/httpclient-4.5.2.jar:/home/user/.m2/repository/org/apache/httpcomponents/httpcore/4.4.4/httpcore-4.4.4.jar:/home/user/.m2/repository/commons-codec/commons-codec/1.11/commons-codec-1.11.jar:/home/user/.m2/repository/commons-net/commons-net/3.6/commons-net-3.6.jar:/home/user/.m2/repository/commons-collections/commons-collections/3.2.2/commons-collections-3.2.2.jar:/home/user/.m2/repository/org/eclipse/jetty/jetty-servlet/9.3.24.v20180605/jetty-servlet-9.3.24.v20180605.jar:/home/user/.m2/repository/org/eclipse/jetty/jetty-security/9.3.24.v20180605/jetty-security-9.3.24.v20180605.jar:/home/user/.m2/repository/javax/servlet/jsp/jsp-api/2.1/jsp-api-2.1.jar:/home/user/.m2/repository/com/sun/jersey/jersey-servlet/1.19/jersey-servlet-1.19.jar:/home/user/.m2/repository/com/sun/jersey/jersey-json/1.19/jersey-json-1.19.jar:/home/user/.m2/repository/org/codehaus/jettison/jettison/1.1/jettison-1.1.jar:/home/user/.m2/repository/org/codehaus/jackson/jackson-core-asl/1.9.13/jackson-core-asl-1.9.13.jar:/home/user/.m2/repository/org/codehaus/jackson/jackson-mapper-asl/1.9.13/jackson-mapper-asl-1.9.13.jar:/home/user/.m2/repository/org/codehaus/jackson/jackson-jaxrs/1.9.13/jackson-jaxrs-1.9.13.jar:/home/user/.m2/repository/org/codehaus/jackson/jackson-xc/1.9.13/jackson-xc-1.9.13.jar:/home/user/.m2/repository/commons-logging/commons-logging/1.1.3/commons-logging-1.1.3.jar:/home/user/.m2/repository/commons-beanutils/commons-beanutils/1.9.3/commons-beanutils-1.9.3.jar:/home/user/.m2/repository/org/apache/commons/commons-configuration2/2.1.1/commons-configuration2-2.1.1.jar:/home/user/.m2/repository/org/apache/commons/commons-lang3/3.7/commons-lang3-3.7.jar:/home/user/.m2/repository/org/apache/commons/commons-text/1.4/commons-text-1.4.jar:/home/user/.m2/repository/org/apache/avro/avro/1.7.7/avro-1.7.7.jar:/home/user/.m2/repository/com/thoughtworks/paranamer/paranamer/2.3/paranamer-2.3.jar:/home/user/.m2/repository/org/xerial/snappy/snappy-java/1.0.5/snappy-java-1.0.5.jar:/home/user/.m2/repository/com/google/re2j/re2j/1.1/re2j-1.1.jar:/home/user/.m2/repository/com/google/code/gson/gson/2.2.4/gson-2.2.4.jar:/home/user/.m2/repository/com/jcraft/jsch/0.1.54/jsch-0.1.54.jar:/home/user/.m2/repository/org/apache/curator/curator-client/2.12.0/curator-client-2.12.0.jar:/home/user/.m2/repository/org/apache/curator/curator-recipes/2.12.0/curator-recipes-2.12.0.jar:/home/user/.m2/repository/com/google/code/findbugs/jsr305/3.0.0/jsr305-3.0.0.jar:/home/user/.m2/repository/org/apache/htrace/htrace-core4/4.1.0-incubating/htrace-core4-4.1.0-incubating.jar:/home/user/.m2/repository/org/apache/zookeeper/zookeeper/3.4.13/zookeeper-3.4.13.jar:/home/user/.m2/repository/org/apache/yetus/audience-annotations/0.5.0/audience-annotations-0.5.0.jar:/home/user/.m2/repository/org/codehaus/woodstox/stax2-api/3.1.4/stax2-api-3.1.4.jar:/home/user/.m2/repository/com/fasterxml/woodstox/woodstox-core/5.0.3/woodstox-core-5.0.3.jar:/home/user/.m2/repository/dnsjava/dnsjava/2.1.7/dnsjava-2.1.7.jar:/home/user/.m2/repository/org/apache/hadoop/hadoop-hdfs/3.2.0/hadoop-hdfs-3.2.0-tests.jar:/home/user/.m2/repository/org/eclipse/jetty/jetty-util-ajax/9.3.24.v20180605/jetty-util-ajax-9.3.24.v20180605.jar:/home/user/.m2/repository/commons-daemon/commons-daemon/1.0.13/commons-daemon-1.0.13.jar:/home/user/.m2/repository/io/netty/netty/3.10.5.Final/netty-3.10.5.Final.jar:/home/user/.m2/repository/io/netty/netty-all/4.0.52.Final/netty-all-4.0.52.Final.jar:/home/user/.m2/repository/org/fusesource/leveldbjni/leveldbjni-all/1.8/leveldbjni-all-1.8.jar:"/>
    <property name="sun.cpu.endian" value="little"/>
    <property name="user.home" value="/home/user"/>
    <property name="user.language" value="en"/>
    <property name="java.specification.vendor" value="Oracle Corporation"/>
    <property name="java.home" value="/usr/lib/jvm/java-1.8-openjdk/jre"/>
    <property name="java.security.krb5.conf" value="/workdir/hadoop-ozone/integration-test/target/test-classes/krb5.conf"/>
    <property name="basedir" value="/workdir/hadoop-ozone/integration-test"/>
    <property name="file.separator" value="/"/>
    <property name="line.separator" value="&#10;"/>
    <property name="java.vm.specification.vendor" value="Oracle Corporation"/>
    <property name="java.specification.name" value="Java Platform API Specification"/>
    <property name="java.awt.graphicsenv" value="sun.awt.X11GraphicsEnvironment"/>
    <property name="surefire.real.class.path" value="/workdir/hadoop-ozone/integration-test/target/surefire/surefirebooter4958628064555591623.jar"/>
    <property name="hadoop.log.dir" value="/workdir/hadoop-ozone/integration-test/target/log"/>
    <property name="sun.boot.class.path" value="/usr/lib/jvm/java-1.8-openjdk/jre/lib/resources.jar:/usr/lib/jvm/java-1.8-openjdk/jre/lib/rt.jar:/usr/lib/jvm/java-1.8-openjdk/jre/lib/sunrsasign.jar:/usr/lib/jvm/java-1.8-openjdk/jre/lib/jsse.jar:/usr/lib/jvm/java-1.8-openjdk/jre/lib/jce.jar:/usr/lib/jvm/java-1.8-openjdk/jre/lib/charsets.jar:/usr/lib/jvm/java-1.8-openjdk/jre/lib/jfr.jar:/usr/lib/jvm/java-1.8-openjdk/jre/classes"/>
    <property name="sun.management.compiler" value="HotSpot 64-Bit Tiered Compilers"/>
    <property name="java.runtime.version" value="1.8.0_212-b04"/>
    <property name="java.net.preferIPv4Stack" value="true"/>
    <property name="user.name" value="jenkins1000"/>
    <property name="path.separator" value=":"/>
    <property name="java.security.egd" value="file:///dev/urandom"/>
    <property name="os.version" value="3.10.0-957.12.2.el7.x86_64"/>
    <property name="java.endorsed.dirs" value="/usr/lib/jvm/java-1.8-openjdk/jre/lib/endorsed"/>
    <property name="java.runtime.name" value="OpenJDK Runtime Environment"/>
    <property name="file.encoding" value="UTF-8"/>
    <property name="java.vm.name" value="OpenJDK 64-Bit Server VM"/>
    <property name="test.build.webapps" value=""/>
    <property name="localRepository" value="/home/user/.m2/repository"/>
    <property name="java.vendor.url.bug" value="https://icedtea.classpath.org/bugzilla"/>
    <property name="java.io.tmpdir" value="/tmp"/>
    <property name="require.test.libhadoop" value=""/>
    <property name="java.version" value="1.8.0_212"/>
    <property name="user.dir" value="/workdir/hadoop-ozone/integration-test"/>
    <property name="os.arch" value="amd64"/>
    <property name="java.vm.specification.name" value="Java Virtual Machine Specification"/>
    <property name="test.build.classes" value="/workdir/hadoop-ozone/integration-test/target/test-classes"/>
    <property name="java.awt.printerjob" value="sun.print.PSPrinterJob"/>
    <property name="sun.os.patch.level" value="unknown"/>
    <property name="hadoop.tmp.dir" value="/workdir/hadoop-ozone/integration-test/target/tmp"/>
    <property name="java.library.path" value="/usr/lib/jvm/java-1.8-openjdk/jre/lib/amd64/server:/usr/lib/jvm/java-1.8-openjdk/jre/lib/amd64:/usr/lib/jvm/java-1.8-openjdk/jre/../lib/amd64:/workdir/hadoop-ozone/integration-test/target/native/target/usr/local/lib:/workdir/hadoop-ozone/integration-test/../../hadoop-common-project/hadoop-common/target/native/target/usr/local/lib:/usr/java/packages/lib/amd64:/usr/lib64:/lib64:/lib:/usr/lib"/>
    <property name="java.vm.info" value="mixed mode"/>
    <property name="java.vendor" value="IcedTea"/>
    <property name="java.vm.version" value="25.212-b04"/>
    <property name="java.ext.dirs" value="/usr/lib/jvm/java-1.8-openjdk/jre/lib/ext:/usr/java/packages/lib/ext"/>
    <property name="sun.io.unicode.encoding" value="UnicodeLittle"/>
    <property name="java.class.version" value="52.0"/>
  </properties>
  <testcase name="testMultiBlockWritesWithIntermittentDnFailures" classname="org.apache.hadoop.ozone.client.rpc.TestMultiBlockWritesWithDnFailures" time="108.358">
    <error message="Allocated 0 blocks. Requested 1 blocks" type="INTERNAL_ERROR org.apache.hadoop.ozone.om.exceptions.OMException">INTERNAL_ERROR org.apache.hadoop.ozone.om.exceptions.OMException: Allocated 0 blocks. Requested 1 blocks
	at org.apache.hadoop.ozone.om.protocolPB.OzoneManagerProtocolClientSideTranslatorPB.handleError(OzoneManagerProtocolClientSideTranslatorPB.java:725)
	at org.apache.hadoop.ozone.om.protocolPB.OzoneManagerProtocolClientSideTranslatorPB.allocateBlock(OzoneManagerProtocolClientSideTranslatorPB.java:757)
	at org.apache.hadoop.ozone.client.io.BlockOutputStreamEntryPool.allocateNewBlock(BlockOutputStreamEntryPool.java:248)
	at org.apache.hadoop.ozone.client.io.BlockOutputStreamEntryPool.allocateBlockIfNeeded(BlockOutputStreamEntryPool.java:296)
	at org.apache.hadoop.ozone.client.io.KeyOutputStream.handleWrite(KeyOutputStream.java:201)
	at org.apache.hadoop.ozone.client.io.KeyOutputStream.handleRetry(KeyOutputStream.java:376)
	at org.apache.hadoop.ozone.client.io.KeyOutputStream.handleException(KeyOutputStream.java:325)
	at org.apache.hadoop.ozone.client.io.KeyOutputStream.handleWrite(KeyOutputStream.java:231)
	at org.apache.hadoop.ozone.client.io.KeyOutputStream.write(KeyOutputStream.java:193)
	at org.apache.hadoop.ozone.client.io.OzoneOutputStream.write(OzoneOutputStream.java:49)
	at java.io.OutputStream.write(OutputStream.java:75)
	at org.apache.hadoop.ozone.client.rpc.TestMultiBlockWritesWithDnFailures.testMultiBlockWritesWithIntermittentDnFailures(TestMultiBlockWritesWithDnFailures.java:196)
	at sun.reflect.NativeMethodAccessorImpl.invoke0(Native Method)
	at sun.reflect.NativeMethodAccessorImpl.invoke(NativeMethodAccessorImpl.java:62)
	at sun.reflect.DelegatingMethodAccessorImpl.invoke(DelegatingMethodAccessorImpl.java:43)
	at java.lang.reflect.Method.invoke(Method.java:498)
	at org.junit.runners.model.FrameworkMethod$1.runReflectiveCall(FrameworkMethod.java:47)
	at org.junit.internal.runners.model.ReflectiveCallable.run(ReflectiveCallable.java:12)
	at org.junit.runners.model.FrameworkMethod.invokeExplosively(FrameworkMethod.java:44)
	at org.junit.internal.runners.statements.InvokeMethod.evaluate(InvokeMethod.java:17)
	at org.junit.internal.runners.statements.RunAfters.evaluate(RunAfters.java:27)
	at org.junit.runners.ParentRunner.runLeaf(ParentRunner.java:271)
	at org.junit.runners.BlockJUnit4ClassRunner.runChild(BlockJUnit4ClassRunner.java:70)
	at org.junit.runners.BlockJUnit4ClassRunner.runChild(BlockJUnit4ClassRunner.java:50)
	at org.junit.runners.ParentRunner$3.run(ParentRunner.java:238)
	at org.junit.runners.ParentRunner$1.schedule(ParentRunner.java:63)
	at org.junit.runners.ParentRunner.runChildren(ParentRunner.java:236)
	at org.junit.runners.ParentRunner.access$000(ParentRunner.java:53)
	at org.junit.runners.ParentRunner$2.evaluate(ParentRunner.java:229)
	at org.junit.runners.ParentRunner.run(ParentRunner.java:309)
	at org.apache.maven.surefire.junit4.JUnit4Provider.execute(JUnit4Provider.java:365)
	at org.apache.maven.surefire.junit4.JUnit4Provider.executeWithRerun(JUnit4Provider.java:273)
	at org.apache.maven.surefire.junit4.JUnit4Provider.executeTestSet(JUnit4Provider.java:238)
	at org.apache.maven.surefire.junit4.JUnit4Provider.invoke(JUnit4Provider.java:159)
	at org.apache.maven.surefire.booter.ForkedBooter.invokeProviderInSameClassLoader(ForkedBooter.java:384)
	at org.apache.maven.surefire.booter.ForkedBooter.runSuitesInProcess(ForkedBooter.java:345)
	at org.apache.maven.surefire.booter.ForkedBooter.execute(ForkedBooter.java:126)
	at org.apache.maven.surefire.booter.ForkedBooter.main(ForkedBooter.java:418)
</error>
    <system-out><![CDATA[2019-09-12 04:43:47,356 [main] WARN  server.ServerUtils (ServerUtils.java:getScmDbDir(145)) - ozone.scm.db.dirs is not configured. We recommend adding this setting. Falling back to ozone.metadata.dirs instead.
2019-09-12 04:43:47,542 [main] WARN  server.ServerUtils (ServerUtils.java:getScmDbDir(145)) - ozone.scm.db.dirs is not configured. We recommend adding this setting. Falling back to ozone.metadata.dirs instead.
2019-09-12 04:43:47,547 [main] WARN  server.ServerUtils (ServerUtils.java:getScmDbDir(145)) - ozone.scm.db.dirs is not configured. We recommend adding this setting. Falling back to ozone.metadata.dirs instead.
2019-09-12 04:43:47,572 [main] INFO  util.log (Log.java:initialized(192)) - Logging initialized @995ms
2019-09-12 04:43:47,684 [main] INFO  db.DBStoreBuilder (DBStoreBuilder.java:addTable(110)) - using custom profile for table: deletedBlocks
2019-09-12 04:43:47,685 [main] INFO  db.DBStoreBuilder (DBStoreBuilder.java:processTables(161)) - Using default column profile:DBProfile.DISK for Table:deletedBlocks
2019-09-12 04:43:47,685 [main] INFO  db.DBStoreBuilder (DBStoreBuilder.java:addTable(110)) - using custom profile for table: validCerts
2019-09-12 04:43:47,685 [main] INFO  db.DBStoreBuilder (DBStoreBuilder.java:processTables(161)) - Using default column profile:DBProfile.DISK for Table:validCerts
2019-09-12 04:43:47,686 [main] INFO  db.DBStoreBuilder (DBStoreBuilder.java:addTable(110)) - using custom profile for table: revokedCerts
2019-09-12 04:43:47,686 [main] INFO  db.DBStoreBuilder (DBStoreBuilder.java:processTables(161)) - Using default column profile:DBProfile.DISK for Table:revokedCerts
2019-09-12 04:43:47,698 [main] INFO  db.DBStoreBuilder (DBStoreBuilder.java:addTable(110)) - using custom profile for table: default
2019-09-12 04:43:47,699 [main] INFO  db.DBStoreBuilder (DBStoreBuilder.java:processTables(167)) - Using default column profile:DBProfile.DISK for Table:default
2019-09-12 04:43:47,700 [main] INFO  db.DBStoreBuilder (DBStoreBuilder.java:getDbProfile(198)) - Using default options. DBProfile.DISK
2019-09-12 04:43:47,955 [main] INFO  net.NodeSchemaLoader (NodeSchemaLoader.java:loadSchemaFromFile(125)) - Loading file from sun.misc.CompoundEnumeration@3270d194
2019-09-12 04:43:47,957 [main] INFO  net.NodeSchemaLoader (NodeSchemaLoader.java:loadSchema(171)) - Loading network topology layer schema file
2019-09-12 04:43:48,040 [main] INFO  node.SCMNodeManager (SCMNodeManager.java:<init>(114)) - Entering startup safe mode.
2019-09-12 04:43:48,117 [main] INFO  algorithms.ContainerPlacementPolicyFactory (ContainerPlacementPolicyFactory.java:getPolicy(57)) - Create container placement policy of type org.apache.hadoop.hdds.scm.container.placement.algorithms.SCMContainerPlacementRandom
2019-09-12 04:43:48,132 [main] WARN  server.ServerUtils (ServerUtils.java:getScmDbDir(145)) - ozone.scm.db.dirs is not configured. We recommend adding this setting. Falling back to ozone.metadata.dirs instead.
2019-09-12 04:43:48,206 [main] INFO  pipeline.SCMPipelineManager (SCMPipelineManager.java:initializePipelineState(128)) - No pipeline exists in current db
2019-09-12 04:43:48,209 [main] WARN  server.ServerUtils (ServerUtils.java:getScmDbDir(145)) - ozone.scm.db.dirs is not configured. We recommend adding this setting. Falling back to ozone.metadata.dirs instead.
2019-09-12 04:43:48,349 [main] WARN  events.EventQueue (EventQueue.java:fireEvent(183)) - No event handler registered for event TypedEvent{payloadType=SafeModeStatus, name='SafeModeStatus'}
2019-09-12 04:43:48,767 [main] INFO  ipc.CallQueueManager (CallQueueManager.java:<init>(84)) - Using callQueue: class java.util.concurrent.LinkedBlockingQueue, queueCapacity: 2000, scheduler: class org.apache.hadoop.ipc.DefaultRpcScheduler, ipcBackoff: false.
2019-09-12 04:43:48,806 [Socket Reader #1 for port 37276] INFO  ipc.Server (Server.java:run(1074)) - Starting Socket Reader #1 for port 37276
2019-09-12 04:43:48,989 [main] INFO  ipc.CallQueueManager (CallQueueManager.java:<init>(84)) - Using callQueue: class java.util.concurrent.LinkedBlockingQueue, queueCapacity: 2000, scheduler: class org.apache.hadoop.ipc.DefaultRpcScheduler, ipcBackoff: false.
2019-09-12 04:43:48,990 [Socket Reader #1 for port 46052] INFO  ipc.Server (Server.java:run(1074)) - Starting Socket Reader #1 for port 46052
2019-09-12 04:43:49,002 [main] INFO  ipc.CallQueueManager (CallQueueManager.java:<init>(84)) - Using callQueue: class java.util.concurrent.LinkedBlockingQueue, queueCapacity: 2000, scheduler: class org.apache.hadoop.ipc.DefaultRpcScheduler, ipcBackoff: false.
2019-09-12 04:43:49,003 [Socket Reader #1 for port 35212] INFO  ipc.Server (Server.java:run(1074)) - Starting Socket Reader #1 for port 35212
2019-09-12 04:43:49,031 [main] INFO  hdfs.DFSUtil (DFSUtil.java:httpServerTemplateForNNAndJN(1641)) - Starting Web-server for scm at: http://0.0.0.0:0
2019-09-12 04:43:49,218 [main] INFO  server.AuthenticationFilter (AuthenticationFilter.java:constructSecretProvider(240)) - Unable to initialize FileSignerSecretProvider, falling back to use random secrets.
2019-09-12 04:43:49,227 [main] WARN  http.HttpRequestLog (HttpRequestLog.java:getRequestLog(97)) - Jetty request log can only be enabled using Log4j
2019-09-12 04:43:49,235 [main] INFO  http.HttpServer2 (HttpServer2.java:addGlobalFilter(975)) - Added global filter 'safety' (class=org.apache.hadoop.http.HttpServer2$QuotingInputFilter)
2019-09-12 04:43:49,238 [main] INFO  http.HttpServer2 (HttpServer2.java:addFilter(948)) - Added filter static_user_filter (class=org.apache.hadoop.http.lib.StaticUserWebFilter$StaticUserFilter) to context scm
2019-09-12 04:43:49,238 [main] INFO  http.HttpServer2 (HttpServer2.java:addFilter(958)) - Added filter static_user_filter (class=org.apache.hadoop.http.lib.StaticUserWebFilter$StaticUserFilter) to context logs
2019-09-12 04:43:49,238 [main] INFO  http.HttpServer2 (HttpServer2.java:addFilter(958)) - Added filter static_user_filter (class=org.apache.hadoop.http.lib.StaticUserWebFilter$StaticUserFilter) to context static
2019-09-12 04:43:49,270 [main] INFO  server.StorageContainerManager (StorageContainerManager.java:start(763)) - StorageContainerLocationProtocol RPC server is listening at /0.0.0.0:35212
2019-09-12 04:43:49,332 [main] WARN  impl.MetricsConfig (MetricsConfig.java:loadFirst(134)) - Cannot locate configuration: tried hadoop-metrics2-storagecontainermanager.properties,hadoop-metrics2.properties
2019-09-12 04:43:49,345 [main] INFO  impl.MetricsSystemImpl (MetricsSystemImpl.java:startTimer(374)) - Scheduled Metric snapshot period at 10 second(s).
2019-09-12 04:43:49,346 [main] INFO  impl.MetricsSystemImpl (MetricsSystemImpl.java:start(191)) - StorageContainerManager metrics system started
2019-09-12 04:43:49,586 [main] INFO  server.SCMClientProtocolServer (SCMClientProtocolServer.java:start(151)) - RPC server for Client  is listening at /0.0.0.0:35212
2019-09-12 04:43:49,586 [IPC Server Responder] INFO  ipc.Server (Server.java:run(1314)) - IPC Server Responder: starting
2019-09-12 04:43:49,587 [IPC Server listener on 35212] INFO  ipc.Server (Server.java:run(1153)) - IPC Server listener on 35212: starting
2019-09-12 04:43:49,590 [main] INFO  server.StorageContainerManager (StorageContainerManager.java:start(773)) - ScmBlockLocationProtocol RPC server is listening at /0.0.0.0:46052
2019-09-12 04:43:49,592 [main] INFO  server.SCMBlockProtocolServer (SCMBlockProtocolServer.java:start(146)) - RPC server for Block Protocol is listening at /0.0.0.0:46052
2019-09-12 04:43:49,593 [IPC Server Responder] INFO  ipc.Server (Server.java:run(1314)) - IPC Server Responder: starting
2019-09-12 04:43:49,593 [IPC Server listener on 46052] INFO  ipc.Server (Server.java:run(1153)) - IPC Server listener on 46052: starting
2019-09-12 04:43:49,596 [main] INFO  server.StorageContainerManager (StorageContainerManager.java:start(777)) - ScmDatanodeProtocl RPC server is listening at /0.0.0.0:37276
2019-09-12 04:43:49,597 [main] INFO  server.SCMDatanodeProtocolServer (SCMDatanodeProtocolServer.java:start(191)) - RPC server for DataNodes is listening at /0.0.0.0:37276
2019-09-12 04:43:49,597 [IPC Server Responder] INFO  ipc.Server (Server.java:run(1314)) - IPC Server Responder: starting
2019-09-12 04:43:49,597 [IPC Server listener on 37276] INFO  ipc.Server (Server.java:run(1153)) - IPC Server listener on 37276: starting
2019-09-12 04:43:49,602 [main] INFO  http.HttpServer2 (HttpServer2.java:bindListener(1191)) - Jetty bound to port 39110
2019-09-12 04:43:49,605 [main] INFO  server.Server (Server.java:doStart(351)) - jetty-9.3.24.v20180605, build timestamp: 2018-06-05T17:11:56Z, git hash: 84205aa28f11a4f31f2a3b86d1bba2cc8ab69827
2019-09-12 04:43:49,661 [main] INFO  handler.ContextHandler (ContextHandler.java:doStart(781)) - Started o.e.j.s.ServletContextHandler@732f29af{/logs,file:///workdir/hadoop-ozone/integration-test/target/log,AVAILABLE}
2019-09-12 04:43:49,662 [main] INFO  handler.ContextHandler (ContextHandler.java:doStart(781)) - Started o.e.j.s.ServletContextHandler@6622fc65{/static,file:///workdir/hadoop-ozone/integration-test/target/test-classes/webapps/static,AVAILABLE}
2019-09-12 04:43:49,712 [main] INFO  handler.ContextHandler (ContextHandler.java:doStart(781)) - Started o.e.j.w.WebAppContext@7555b920{/,file:///workdir/hadoop-ozone/integration-test/target/test-classes/webapps/scm/,AVAILABLE}{/scm}
2019-09-12 04:43:49,719 [main] INFO  server.AbstractConnector (AbstractConnector.java:doStart(278)) - Started ServerConnector@6db66836{HTTP/1.1,[http/1.1]}{0.0.0.0:39110}
2019-09-12 04:43:49,720 [main] INFO  server.Server (Server.java:doStart(419)) - Started @3142ms
2019-09-12 04:43:49,722 [main] INFO  impl.MetricsSinkAdapter (MetricsSinkAdapter.java:start(204)) - Sink prometheus started
2019-09-12 04:43:49,723 [main] INFO  impl.MetricsSystemImpl (MetricsSystemImpl.java:registerSink(301)) - Registered sink prometheus
2019-09-12 04:43:49,724 [main] INFO  server.BaseHttpServer (BaseHttpServer.java:updateConnectorAddress(215)) - HTTP server of SCM is listening at http://0.0.0.0:39110
2019-09-12 04:43:49,732 [org.apache.hadoop.util.JvmPauseMonitor$Monitor@78461bc4] INFO  util.JvmPauseMonitor (JvmPauseMonitor.java:run(188)) - Starting JVM pause monitor
2019-09-12 04:43:49,738 [main] WARN  server.ServerUtils (ServerUtils.java:getDBPath(222)) - ozone.om.db.dirs is not configured. We recommend adding this setting. Falling back to ozone.metadata.dirs instead.
2019-09-12 04:43:50,138 [main] WARN  server.ServerUtils (ServerUtils.java:getDBPath(222)) - ozone.om.db.dirs is not configured. We recommend adding this setting. Falling back to ozone.metadata.dirs instead.
2019-09-12 04:43:50,138 [main] WARN  server.ServerUtils (ServerUtils.java:getDBPath(222)) - ozone.om.db.dirs is not configured. We recommend adding this setting. Falling back to ozone.metadata.dirs instead.
2019-09-12 04:43:50,139 [main] INFO  om.OzoneManager (OzoneManager.java:setOMNodeDetails(649)) - OM Service ID is not set. Setting it to the default ID: omServiceIdDefault
2019-09-12 04:43:50,140 [main] INFO  om.OzoneManager (OzoneManager.java:setOMNodeDetails(655)) - OM Node ID is not set. Setting it to the OmStorage's OmID: 3f42140b-a143-4694-88bf-557e61e1eb3b
2019-09-12 04:43:50,141 [main] INFO  om.OzoneManager (OzoneManager.java:loadOMHAConfigs(606)) - Found matching OM address with OMServiceId: null, OMNodeId: null, RPC Address: localhost:0 and Ratis port: 9872
2019-09-12 04:43:50,936 [main] WARN  server.ServerUtils (ServerUtils.java:getDBPath(222)) - ozone.om.db.dirs is not configured. We recommend adding this setting. Falling back to ozone.metadata.dirs instead.
2019-09-12 04:43:50,944 [main] INFO  db.DBStoreBuilder (DBStoreBuilder.java:addTable(110)) - using custom profile for table: userTable
2019-09-12 04:43:50,944 [main] INFO  db.DBStoreBuilder (DBStoreBuilder.java:processTables(161)) - Using default column profile:DBProfile.DISK for Table:userTable
2019-09-12 04:43:50,945 [main] INFO  db.DBStoreBuilder (DBStoreBuilder.java:addTable(110)) - using custom profile for table: volumeTable
2019-09-12 04:43:50,945 [main] INFO  db.DBStoreBuilder (DBStoreBuilder.java:processTables(161)) - Using default column profile:DBProfile.DISK for Table:volumeTable
2019-09-12 04:43:50,945 [main] INFO  db.DBStoreBuilder (DBStoreBuilder.java:addTable(110)) - using custom profile for table: bucketTable
2019-09-12 04:43:50,946 [main] INFO  db.DBStoreBuilder (DBStoreBuilder.java:processTables(161)) - Using default column profile:DBProfile.DISK for Table:bucketTable
2019-09-12 04:43:50,946 [main] INFO  db.DBStoreBuilder (DBStoreBuilder.java:addTable(110)) - using custom profile for table: keyTable
2019-09-12 04:43:50,946 [main] INFO  db.DBStoreBuilder (DBStoreBuilder.java:processTables(161)) - Using default column profile:DBProfile.DISK for Table:keyTable
2019-09-12 04:43:50,946 [main] INFO  db.DBStoreBuilder (DBStoreBuilder.java:addTable(110)) - using custom profile for table: deletedTable
2019-09-12 04:43:50,947 [main] INFO  db.DBStoreBuilder (DBStoreBuilder.java:processTables(161)) - Using default column profile:DBProfile.DISK for Table:deletedTable
2019-09-12 04:43:50,947 [main] INFO  db.DBStoreBuilder (DBStoreBuilder.java:addTable(110)) - using custom profile for table: openKeyTable
2019-09-12 04:43:50,947 [main] INFO  db.DBStoreBuilder (DBStoreBuilder.java:processTables(161)) - Using default column profile:DBProfile.DISK for Table:openKeyTable
2019-09-12 04:43:50,947 [main] INFO  db.DBStoreBuilder (DBStoreBuilder.java:addTable(110)) - using custom profile for table: s3Table
2019-09-12 04:43:50,948 [main] INFO  db.DBStoreBuilder (DBStoreBuilder.java:processTables(161)) - Using default column profile:DBProfile.DISK for Table:s3Table
2019-09-12 04:43:50,948 [main] INFO  db.DBStoreBuilder (DBStoreBuilder.java:addTable(110)) - using custom profile for table: multipartInfoTable
2019-09-12 04:43:50,948 [main] INFO  db.DBStoreBuilder (DBStoreBuilder.java:processTables(161)) - Using default column profile:DBProfile.DISK for Table:multipartInfoTable
2019-09-12 04:43:50,949 [main] INFO  db.DBStoreBuilder (DBStoreBuilder.java:addTable(110)) - using custom profile for table: dTokenTable
2019-09-12 04:43:50,949 [main] INFO  db.DBStoreBuilder (DBStoreBuilder.java:processTables(161)) - Using default column profile:DBProfile.DISK for Table:dTokenTable
2019-09-12 04:43:50,949 [main] INFO  db.DBStoreBuilder (DBStoreBuilder.java:addTable(110)) - using custom profile for table: s3SecretTable
2019-09-12 04:43:50,949 [main] INFO  db.DBStoreBuilder (DBStoreBuilder.java:processTables(161)) - Using default column profile:DBProfile.DISK for Table:s3SecretTable
2019-09-12 04:43:50,950 [main] INFO  db.DBStoreBuilder (DBStoreBuilder.java:addTable(110)) - using custom profile for table: prefixTable
2019-09-12 04:43:50,950 [main] INFO  db.DBStoreBuilder (DBStoreBuilder.java:processTables(161)) - Using default column profile:DBProfile.DISK for Table:prefixTable
2019-09-12 04:43:50,950 [main] INFO  db.DBStoreBuilder (DBStoreBuilder.java:addTable(110)) - using custom profile for table: default
2019-09-12 04:43:50,950 [main] INFO  db.DBStoreBuilder (DBStoreBuilder.java:processTables(167)) - Using default column profile:DBProfile.DISK for Table:default
2019-09-12 04:43:50,951 [main] INFO  db.DBStoreBuilder (DBStoreBuilder.java:getDbProfile(198)) - Using default options. DBProfile.DISK
2019-09-12 04:43:51,556 [main] INFO  ipc.CallQueueManager (CallQueueManager.java:<init>(84)) - Using callQueue: class java.util.concurrent.LinkedBlockingQueue, queueCapacity: 2000, scheduler: class org.apache.hadoop.ipc.DefaultRpcScheduler, ipcBackoff: false.
2019-09-12 04:43:51,557 [Socket Reader #1 for port 42821] INFO  ipc.Server (Server.java:run(1074)) - Starting Socket Reader #1 for port 42821
2019-09-12 04:43:51,579 [main] INFO  om.OzoneManager (OzoneManager.java:start(1240)) - OzoneManager RPC server is listening at localhost/127.0.0.1:42821
2019-09-12 04:43:51,579 [main] INFO  impl.MetricsSystemImpl (MetricsSystemImpl.java:init(158)) - OzoneManager metrics system started (again)
2019-09-12 04:43:51,581 [IPC Server Responder] INFO  ipc.Server (Server.java:run(1314)) - IPC Server Responder: starting
2019-09-12 04:43:51,581 [IPC Server listener on 42821] INFO  ipc.Server (Server.java:run(1153)) - IPC Server listener on 42821: starting
2019-09-12 04:43:51,588 [main] INFO  hdfs.DFSUtil (DFSUtil.java:httpServerTemplateForNNAndJN(1641)) - Starting Web-server for ozoneManager at: http://0.0.0.0:0
2019-09-12 04:43:51,590 [main] INFO  server.AuthenticationFilter (AuthenticationFilter.java:constructSecretProvider(240)) - Unable to initialize FileSignerSecretProvider, falling back to use random secrets.
2019-09-12 04:43:51,591 [main] WARN  http.HttpRequestLog (HttpRequestLog.java:getRequestLog(97)) - Jetty request log can only be enabled using Log4j
2019-09-12 04:43:51,595 [main] INFO  http.HttpServer2 (HttpServer2.java:addGlobalFilter(975)) - Added global filter 'safety' (class=org.apache.hadoop.http.HttpServer2$QuotingInputFilter)
2019-09-12 04:43:51,597 [main] INFO  http.HttpServer2 (HttpServer2.java:addFilter(948)) - Added filter static_user_filter (class=org.apache.hadoop.http.lib.StaticUserWebFilter$StaticUserFilter) to context ozoneManager
2019-09-12 04:43:51,597 [main] INFO  http.HttpServer2 (HttpServer2.java:addFilter(958)) - Added filter static_user_filter (class=org.apache.hadoop.http.lib.StaticUserWebFilter$StaticUserFilter) to context logs
2019-09-12 04:43:51,597 [main] INFO  http.HttpServer2 (HttpServer2.java:addFilter(958)) - Added filter static_user_filter (class=org.apache.hadoop.http.lib.StaticUserWebFilter$StaticUserFilter) to context static
2019-09-12 04:43:51,601 [main] INFO  http.HttpServer2 (HttpServer2.java:bindListener(1191)) - Jetty bound to port 32990
2019-09-12 04:43:51,601 [main] INFO  server.Server (Server.java:doStart(351)) - jetty-9.3.24.v20180605, build timestamp: 2018-06-05T17:11:56Z, git hash: 84205aa28f11a4f31f2a3b86d1bba2cc8ab69827
2019-09-12 04:43:51,605 [main] INFO  handler.ContextHandler (ContextHandler.java:doStart(781)) - Started o.e.j.s.ServletContextHandler@25d3cfc8{/logs,file:///workdir/hadoop-ozone/integration-test/target/log,AVAILABLE}
2019-09-12 04:43:51,607 [main] INFO  handler.ContextHandler (ContextHandler.java:doStart(781)) - Started o.e.j.s.ServletContextHandler@2571066a{/static,file:///workdir/hadoop-ozone/integration-test/target/test-classes/webapps/static,AVAILABLE}
2019-09-12 04:43:51,618 [main] INFO  handler.ContextHandler (ContextHandler.java:doStart(781)) - Started o.e.j.w.WebAppContext@444548a0{/,file:///workdir/hadoop-ozone/integration-test/target/test-classes/webapps/ozoneManager/,AVAILABLE}{/ozoneManager}
2019-09-12 04:43:51,621 [main] INFO  server.AbstractConnector (AbstractConnector.java:doStart(278)) - Started ServerConnector@3766c667{HTTP/1.1,[http/1.1]}{0.0.0.0:32990}
2019-09-12 04:43:51,622 [main] INFO  server.Server (Server.java:doStart(419)) - Started @5045ms
2019-09-12 04:43:51,623 [main] WARN  impl.MetricsSystemImpl (MetricsSystemImpl.java:register(276)) - Sink prometheus already exists!
2019-09-12 04:43:51,624 [main] INFO  server.BaseHttpServer (BaseHttpServer.java:updateConnectorAddress(215)) - HTTP server of OZONEMANAGER is listening at http://0.0.0.0:32990
2019-09-12 04:43:52,012 [main] INFO  impl.MetricsSystemImpl (MetricsSystemImpl.java:init(158)) - HddsDatanode metrics system started (again)
2019-09-12 04:43:52,084 [main] INFO  ozone.HddsDatanodeService (HddsDatanodeService.java:start(184)) - HddsDatanodeService host:pr-hdds-1879-pbs75-1821932185 ip:192.168.34.8
2019-09-12 04:43:52,136 [main] INFO  volume.HddsVolume (HddsVolume.java:<init>(176)) - Creating Volume: /workdir/hadoop-ozone/integration-test/target/test-dir/MiniOzoneClusterImpl-0727815a-69b9-4555-83e7-340a4888e3ed/datanode-0/data/containers/hdds of  storage type : DISK and capacity : 1482555576320
2019-09-12 04:43:52,139 [main] INFO  volume.VolumeSet (VolumeSet.java:initializeVolumeSet(170)) - Added Volume : /workdir/hadoop-ozone/integration-test/target/test-dir/MiniOzoneClusterImpl-0727815a-69b9-4555-83e7-340a4888e3ed/datanode-0/data/containers/hdds to VolumeSet
2019-09-12 04:43:52,144 [main] INFO  volume.ThrottledAsyncChecker (ThrottledAsyncChecker.java:schedule(139)) - Scheduling a check for org.apache.hadoop.ozone.container.common.volume.HddsVolume@7e2f86e6
2019-09-12 04:43:52,171 [main] INFO  volume.HddsVolumeChecker (HddsVolumeChecker.java:checkAllVolumes(202)) - Scheduled health check for volume org.apache.hadoop.ozone.container.common.volume.HddsVolume@7e2f86e6
2019-09-12 04:43:52,295 [main] INFO  impl.RaftServerProxy (ConfUtils.java:logGet(43)) - raft.rpc.type = GRPC (default)
2019-09-12 04:43:52,379 [main] INFO  grpc.GrpcFactory (GrpcFactory.java:checkPooledByteBufAllocatorUseCacheForAllThreads(45)) - PERFORMANCE WARNING: useCacheForAllThreads is true that may cause Netty to create a lot garbage objects and, as a result, trigger GC.
	It is recommended to disable useCacheForAllThreads by setting -Dorg.apache.ratis.thirdparty.io.netty.allocator.useCacheForAllThreads=false in command line.
2019-09-12 04:43:52,386 [main] INFO  grpc.GrpcConfigKeys$Server (ConfUtils.java:logGet(43)) - raft.grpc.server.port = 0 (default)
2019-09-12 04:43:52,387 [main] INFO  server.GrpcService (ConfUtils.java:logGet(43)) - raft.grpc.message.size.max = 33570816 (custom)
2019-09-12 04:43:52,389 [main] INFO  server.RaftServerConfigKeys (ConfUtils.java:logGet(43)) - raft.server.log.appender.buffer.byte-limit = 33554432 (custom)
2019-09-12 04:43:52,390 [main] INFO  server.GrpcService (ConfUtils.java:logGet(43)) - raft.grpc.flow.control.window = 1MB (=1048576) (default)
2019-09-12 04:43:52,391 [main] INFO  server.RaftServerConfigKeys (ConfUtils.java:logGet(43)) - raft.server.rpc.request.timeout = 3000ms (default)
2019-09-12 04:43:52,607 [main] INFO  server.RaftServerConfigKeys (ConfUtils.java:logGet(43)) - raft.server.storage.dir = [/workdir/hadoop-ozone/integration-test/target/test-dir/MiniOzoneClusterImpl-0727815a-69b9-4555-83e7-340a4888e3ed/datanode-0/data/ratis] (custom)
2019-09-12 04:43:52,676 [main] INFO  hdfs.DFSUtil (DFSUtil.java:httpServerTemplateForNNAndJN(1641)) - Starting Web-server for hddsDatanode at: http://0.0.0.0:0
2019-09-12 04:43:52,679 [main] INFO  server.AuthenticationFilter (AuthenticationFilter.java:constructSecretProvider(240)) - Unable to initialize FileSignerSecretProvider, falling back to use random secrets.
2019-09-12 04:43:52,680 [main] WARN  http.HttpRequestLog (HttpRequestLog.java:getRequestLog(97)) - Jetty request log can only be enabled using Log4j
2019-09-12 04:43:52,683 [main] INFO  http.HttpServer2 (HttpServer2.java:addGlobalFilter(975)) - Added global filter 'safety' (class=org.apache.hadoop.http.HttpServer2$QuotingInputFilter)
2019-09-12 04:43:52,684 [main] INFO  http.HttpServer2 (HttpServer2.java:addFilter(948)) - Added filter static_user_filter (class=org.apache.hadoop.http.lib.StaticUserWebFilter$StaticUserFilter) to context hddsDatanode
2019-09-12 04:43:52,684 [main] INFO  http.HttpServer2 (HttpServer2.java:addFilter(958)) - Added filter static_user_filter (class=org.apache.hadoop.http.lib.StaticUserWebFilter$StaticUserFilter) to context logs
2019-09-12 04:43:52,684 [main] INFO  http.HttpServer2 (HttpServer2.java:addFilter(958)) - Added filter static_user_filter (class=org.apache.hadoop.http.lib.StaticUserWebFilter$StaticUserFilter) to context static
2019-09-12 04:43:52,686 [main] INFO  http.HttpServer2 (HttpServer2.java:bindListener(1191)) - Jetty bound to port 46141
2019-09-12 04:43:52,687 [main] INFO  server.Server (Server.java:doStart(351)) - jetty-9.3.24.v20180605, build timestamp: 2018-06-05T17:11:56Z, git hash: 84205aa28f11a4f31f2a3b86d1bba2cc8ab69827
2019-09-12 04:43:52,689 [main] INFO  handler.ContextHandler (ContextHandler.java:doStart(781)) - Started o.e.j.s.ServletContextHandler@1effd53c{/logs,file:///workdir/hadoop-ozone/integration-test/target/log,AVAILABLE}
2019-09-12 04:43:52,690 [main] INFO  handler.ContextHandler (ContextHandler.java:doStart(781)) - Started o.e.j.s.ServletContextHandler@6920614{/static,jar:file:/home/user/.m2/repository/org/apache/hadoop/hadoop-hdds-container-service/0.5.0-SNAPSHOT/hadoop-hdds-container-service-0.5.0-SNAPSHOT.jar!/webapps/static,AVAILABLE}
2019-09-12 04:43:52,736 [main] INFO  handler.ContextHandler (ContextHandler.java:doStart(781)) - Started o.e.j.w.WebAppContext@476fe690{/,file:///tmp/jetty-0.0.0.0-46141-hddsDatanode-_-any-4471158770862766622.dir/webapp/,AVAILABLE}{/hddsDatanode}
2019-09-12 04:43:52,737 [main] INFO  server.AbstractConnector (AbstractConnector.java:doStart(278)) - Started ServerConnector@7a0e7ecd{HTTP/1.1,[http/1.1]}{0.0.0.0:46141}
2019-09-12 04:43:52,738 [main] INFO  server.Server (Server.java:doStart(419)) - Started @6160ms
2019-09-12 04:43:52,739 [main] WARN  impl.MetricsSystemImpl (MetricsSystemImpl.java:register(276)) - Sink prometheus already exists!
2019-09-12 04:43:52,740 [main] INFO  server.BaseHttpServer (BaseHttpServer.java:updateConnectorAddress(215)) - HTTP server of HDDSDATANODE is listening at http://0.0.0.0:46141
2019-09-12 04:43:52,741 [main] INFO  impl.MetricsSystemImpl (MetricsSystemImpl.java:init(158)) - HddsDatanode metrics system started (again)
2019-09-12 04:43:52,744 [main] INFO  ozone.HddsDatanodeService (HddsDatanodeService.java:start(184)) - HddsDatanodeService host:pr-hdds-1879-pbs75-1821932185 ip:192.168.34.8
2019-09-12 04:43:52,748 [org.apache.hadoop.util.JvmPauseMonitor$Monitor@6d0a2fbc] INFO  util.JvmPauseMonitor (JvmPauseMonitor.java:run(188)) - Starting JVM pause monitor
2019-09-12 04:43:52,754 [main] INFO  volume.HddsVolume (HddsVolume.java:<init>(176)) - Creating Volume: /workdir/hadoop-ozone/integration-test/target/test-dir/MiniOzoneClusterImpl-0727815a-69b9-4555-83e7-340a4888e3ed/datanode-1/data/containers/hdds of  storage type : DISK and capacity : 1482555576320
2019-09-12 04:43:52,755 [main] INFO  volume.VolumeSet (VolumeSet.java:initializeVolumeSet(170)) - Added Volume : /workdir/hadoop-ozone/integration-test/target/test-dir/MiniOzoneClusterImpl-0727815a-69b9-4555-83e7-340a4888e3ed/datanode-1/data/containers/hdds to VolumeSet
2019-09-12 04:43:52,755 [main] INFO  volume.ThrottledAsyncChecker (ThrottledAsyncChecker.java:schedule(139)) - Scheduling a check for org.apache.hadoop.ozone.container.common.volume.HddsVolume@623dcf2a
2019-09-12 04:43:52,756 [main] INFO  volume.HddsVolumeChecker (HddsVolumeChecker.java:checkAllVolumes(202)) - Scheduled health check for volume org.apache.hadoop.ozone.container.common.volume.HddsVolume@623dcf2a
2019-09-12 04:43:52,773 [main] INFO  impl.RaftServerProxy (ConfUtils.java:logGet(43)) - raft.rpc.type = GRPC (default)
2019-09-12 04:43:52,773 [main] INFO  grpc.GrpcFactory (GrpcFactory.java:checkPooledByteBufAllocatorUseCacheForAllThreads(45)) - PERFORMANCE WARNING: useCacheForAllThreads is true that may cause Netty to create a lot garbage objects and, as a result, trigger GC.
	It is recommended to disable useCacheForAllThreads by setting -Dorg.apache.ratis.thirdparty.io.netty.allocator.useCacheForAllThreads=false in command line.
2019-09-12 04:43:52,773 [main] INFO  grpc.GrpcConfigKeys$Server (ConfUtils.java:logGet(43)) - raft.grpc.server.port = 0 (default)
2019-09-12 04:43:52,774 [main] INFO  server.GrpcService (ConfUtils.java:logGet(43)) - raft.grpc.message.size.max = 33570816 (custom)
2019-09-12 04:43:52,774 [main] INFO  server.RaftServerConfigKeys (ConfUtils.java:logGet(43)) - raft.server.log.appender.buffer.byte-limit = 33554432 (custom)
2019-09-12 04:43:52,774 [main] INFO  server.GrpcService (ConfUtils.java:logGet(43)) - raft.grpc.flow.control.window = 1MB (=1048576) (default)
2019-09-12 04:43:52,775 [main] INFO  server.RaftServerConfigKeys (ConfUtils.java:logGet(43)) - raft.server.rpc.request.timeout = 3000ms (default)
2019-09-12 04:43:52,775 [main] INFO  server.RaftServerConfigKeys (ConfUtils.java:logGet(43)) - raft.server.storage.dir = [/workdir/hadoop-ozone/integration-test/target/test-dir/MiniOzoneClusterImpl-0727815a-69b9-4555-83e7-340a4888e3ed/datanode-1/data/ratis] (custom)
2019-09-12 04:43:52,777 [main] INFO  hdfs.DFSUtil (DFSUtil.java:httpServerTemplateForNNAndJN(1641)) - Starting Web-server for hddsDatanode at: http://0.0.0.0:0
2019-09-12 04:43:52,778 [main] INFO  server.AuthenticationFilter (AuthenticationFilter.java:constructSecretProvider(240)) - Unable to initialize FileSignerSecretProvider, falling back to use random secrets.
2019-09-12 04:43:52,779 [main] WARN  http.HttpRequestLog (HttpRequestLog.java:getRequestLog(97)) - Jetty request log can only be enabled using Log4j
2019-09-12 04:43:52,781 [main] INFO  http.HttpServer2 (HttpServer2.java:addGlobalFilter(975)) - Added global filter 'safety' (class=org.apache.hadoop.http.HttpServer2$QuotingInputFilter)
2019-09-12 04:43:52,782 [main] INFO  http.HttpServer2 (HttpServer2.java:addFilter(948)) - Added filter static_user_filter (class=org.apache.hadoop.http.lib.StaticUserWebFilter$StaticUserFilter) to context hddsDatanode
2019-09-12 04:43:52,782 [main] INFO  http.HttpServer2 (HttpServer2.java:addFilter(958)) - Added filter static_user_filter (class=org.apache.hadoop.http.lib.StaticUserWebFilter$StaticUserFilter) to context logs
2019-09-12 04:43:52,782 [main] INFO  http.HttpServer2 (HttpServer2.java:addFilter(958)) - Added filter static_user_filter (class=org.apache.hadoop.http.lib.StaticUserWebFilter$StaticUserFilter) to context static
2019-09-12 04:43:52,783 [main] INFO  http.HttpServer2 (HttpServer2.java:bindListener(1191)) - Jetty bound to port 42642
2019-09-12 04:43:52,783 [main] INFO  server.Server (Server.java:doStart(351)) - jetty-9.3.24.v20180605, build timestamp: 2018-06-05T17:11:56Z, git hash: 84205aa28f11a4f31f2a3b86d1bba2cc8ab69827
2019-09-12 04:43:52,788 [main] INFO  handler.ContextHandler (ContextHandler.java:doStart(781)) - Started o.e.j.s.ServletContextHandler@654c7d2d{/logs,file:///workdir/hadoop-ozone/integration-test/target/log,AVAILABLE}
2019-09-12 04:43:52,789 [main] INFO  handler.ContextHandler (ContextHandler.java:doStart(781)) - Started o.e.j.s.ServletContextHandler@15400fff{/static,jar:file:/home/user/.m2/repository/org/apache/hadoop/hadoop-hdds-container-service/0.5.0-SNAPSHOT/hadoop-hdds-container-service-0.5.0-SNAPSHOT.jar!/webapps/static,AVAILABLE}
2019-09-12 04:43:52,822 [main] INFO  handler.ContextHandler (ContextHandler.java:doStart(781)) - Started o.e.j.w.WebAppContext@25ad4f71{/,file:///tmp/jetty-0.0.0.0-42642-hddsDatanode-_-any-2699504934722194316.dir/webapp/,AVAILABLE}{/hddsDatanode}
2019-09-12 04:43:52,822 [main] INFO  server.AbstractConnector (AbstractConnector.java:doStart(278)) - Started ServerConnector@49faf066{HTTP/1.1,[http/1.1]}{0.0.0.0:42642}
2019-09-12 04:43:52,823 [main] INFO  server.Server (Server.java:doStart(419)) - Started @6246ms
2019-09-12 04:43:52,824 [main] WARN  impl.MetricsSystemImpl (MetricsSystemImpl.java:register(276)) - Sink prometheus already exists!
2019-09-12 04:43:52,825 [main] INFO  server.BaseHttpServer (BaseHttpServer.java:updateConnectorAddress(215)) - HTTP server of HDDSDATANODE is listening at http://0.0.0.0:42642
2019-09-12 04:43:52,826 [main] INFO  impl.MetricsSystemImpl (MetricsSystemImpl.java:init(158)) - HddsDatanode metrics system started (again)
2019-09-12 04:43:52,830 [org.apache.hadoop.util.JvmPauseMonitor$Monitor@61fa4552] INFO  util.JvmPauseMonitor (JvmPauseMonitor.java:run(188)) - Starting JVM pause monitor
2019-09-12 04:43:52,832 [main] INFO  ozone.HddsDatanodeService (HddsDatanodeService.java:start(184)) - HddsDatanodeService host:pr-hdds-1879-pbs75-1821932185 ip:192.168.34.8
2019-09-12 04:43:52,840 [main] INFO  volume.HddsVolume (HddsVolume.java:<init>(176)) - Creating Volume: /workdir/hadoop-ozone/integration-test/target/test-dir/MiniOzoneClusterImpl-0727815a-69b9-4555-83e7-340a4888e3ed/datanode-2/data/containers/hdds of  storage type : DISK and capacity : 1482555576320
2019-09-12 04:43:52,841 [main] INFO  volume.VolumeSet (VolumeSet.java:initializeVolumeSet(170)) - Added Volume : /workdir/hadoop-ozone/integration-test/target/test-dir/MiniOzoneClusterImpl-0727815a-69b9-4555-83e7-340a4888e3ed/datanode-2/data/containers/hdds to VolumeSet
2019-09-12 04:43:52,841 [main] INFO  volume.ThrottledAsyncChecker (ThrottledAsyncChecker.java:schedule(139)) - Scheduling a check for org.apache.hadoop.ozone.container.common.volume.HddsVolume@524a076e
2019-09-12 04:43:52,842 [main] INFO  volume.HddsVolumeChecker (HddsVolumeChecker.java:checkAllVolumes(202)) - Scheduled health check for volume org.apache.hadoop.ozone.container.common.volume.HddsVolume@524a076e
2019-09-12 04:43:52,864 [main] INFO  impl.RaftServerProxy (ConfUtils.java:logGet(43)) - raft.rpc.type = GRPC (default)
2019-09-12 04:43:52,864 [main] INFO  grpc.GrpcFactory (GrpcFactory.java:checkPooledByteBufAllocatorUseCacheForAllThreads(45)) - PERFORMANCE WARNING: useCacheForAllThreads is true that may cause Netty to create a lot garbage objects and, as a result, trigger GC.
	It is recommended to disable useCacheForAllThreads by setting -Dorg.apache.ratis.thirdparty.io.netty.allocator.useCacheForAllThreads=false in command line.
2019-09-12 04:43:52,865 [main] INFO  grpc.GrpcConfigKeys$Server (ConfUtils.java:logGet(43)) - raft.grpc.server.port = 0 (default)
2019-09-12 04:43:52,865 [main] INFO  server.GrpcService (ConfUtils.java:logGet(43)) - raft.grpc.message.size.max = 33570816 (custom)
2019-09-12 04:43:52,865 [main] INFO  server.RaftServerConfigKeys (ConfUtils.java:logGet(43)) - raft.server.log.appender.buffer.byte-limit = 33554432 (custom)
2019-09-12 04:43:52,866 [main] INFO  server.GrpcService (ConfUtils.java:logGet(43)) - raft.grpc.flow.control.window = 1MB (=1048576) (default)
2019-09-12 04:43:52,866 [main] INFO  server.RaftServerConfigKeys (ConfUtils.java:logGet(43)) - raft.server.rpc.request.timeout = 3000ms (default)
2019-09-12 04:43:52,867 [main] INFO  server.RaftServerConfigKeys (ConfUtils.java:logGet(43)) - raft.server.storage.dir = [/workdir/hadoop-ozone/integration-test/target/test-dir/MiniOzoneClusterImpl-0727815a-69b9-4555-83e7-340a4888e3ed/datanode-2/data/ratis] (custom)
2019-09-12 04:43:52,870 [main] INFO  hdfs.DFSUtil (DFSUtil.java:httpServerTemplateForNNAndJN(1641)) - Starting Web-server for hddsDatanode at: http://0.0.0.0:0
2019-09-12 04:43:52,872 [main] INFO  server.AuthenticationFilter (AuthenticationFilter.java:constructSecretProvider(240)) - Unable to initialize FileSignerSecretProvider, falling back to use random secrets.
2019-09-12 04:43:52,873 [main] WARN  http.HttpRequestLog (HttpRequestLog.java:getRequestLog(97)) - Jetty request log can only be enabled using Log4j
2019-09-12 04:43:52,875 [main] INFO  http.HttpServer2 (HttpServer2.java:addGlobalFilter(975)) - Added global filter 'safety' (class=org.apache.hadoop.http.HttpServer2$QuotingInputFilter)
2019-09-12 04:43:52,876 [main] INFO  http.HttpServer2 (HttpServer2.java:addFilter(948)) - Added filter static_user_filter (class=org.apache.hadoop.http.lib.StaticUserWebFilter$StaticUserFilter) to context hddsDatanode
2019-09-12 04:43:52,876 [main] INFO  http.HttpServer2 (HttpServer2.java:addFilter(958)) - Added filter static_user_filter (class=org.apache.hadoop.http.lib.StaticUserWebFilter$StaticUserFilter) to context static
2019-09-12 04:43:52,876 [main] INFO  http.HttpServer2 (HttpServer2.java:addFilter(958)) - Added filter static_user_filter (class=org.apache.hadoop.http.lib.StaticUserWebFilter$StaticUserFilter) to context logs
2019-09-12 04:43:52,877 [main] INFO  http.HttpServer2 (HttpServer2.java:bindListener(1191)) - Jetty bound to port 42978
2019-09-12 04:43:52,878 [main] INFO  server.Server (Server.java:doStart(351)) - jetty-9.3.24.v20180605, build timestamp: 2018-06-05T17:11:56Z, git hash: 84205aa28f11a4f31f2a3b86d1bba2cc8ab69827
2019-09-12 04:43:52,881 [main] INFO  handler.ContextHandler (ContextHandler.java:doStart(781)) - Started o.e.j.s.ServletContextHandler@2e66bc32{/logs,file:///workdir/hadoop-ozone/integration-test/target/log,AVAILABLE}
2019-09-12 04:43:52,882 [main] INFO  handler.ContextHandler (ContextHandler.java:doStart(781)) - Started o.e.j.s.ServletContextHandler@4b65d9f4{/static,jar:file:/home/user/.m2/repository/org/apache/hadoop/hadoop-hdds-container-service/0.5.0-SNAPSHOT/hadoop-hdds-container-service-0.5.0-SNAPSHOT.jar!/webapps/static,AVAILABLE}
2019-09-12 04:43:52,896 [Datanode State Machine Thread - 0] INFO  datanode.InitDatanodeState (InitDatanodeState.java:persistContainerDatanodeDetails(140)) - DatanodeDetails is persisted to /workdir/hadoop-ozone/integration-test/target/test-dir/MiniOzoneClusterImpl-0727815a-69b9-4555-83e7-340a4888e3ed/datanode-0/meta/datanode.id
2019-09-12 04:43:52,900 [Datanode State Machine Thread - 0] INFO  datanode.InitDatanodeState (InitDatanodeState.java:persistContainerDatanodeDetails(140)) - DatanodeDetails is persisted to /workdir/hadoop-ozone/integration-test/target/test-dir/MiniOzoneClusterImpl-0727815a-69b9-4555-83e7-340a4888e3ed/datanode-1/meta/datanode.id
2019-09-12 04:43:52,926 [main] INFO  handler.ContextHandler (ContextHandler.java:doStart(781)) - Started o.e.j.w.WebAppContext@4745e9c{/,file:///tmp/jetty-0.0.0.0-42978-hddsDatanode-_-any-4290772251897139331.dir/webapp/,AVAILABLE}{/hddsDatanode}
2019-09-12 04:43:52,927 [main] INFO  server.AbstractConnector (AbstractConnector.java:doStart(278)) - Started ServerConnector@2f2bff16{HTTP/1.1,[http/1.1]}{0.0.0.0:42978}
2019-09-12 04:43:52,928 [main] INFO  server.Server (Server.java:doStart(419)) - Started @6350ms
2019-09-12 04:43:52,928 [main] WARN  impl.MetricsSystemImpl (MetricsSystemImpl.java:register(276)) - Sink prometheus already exists!
2019-09-12 04:43:52,929 [main] INFO  server.BaseHttpServer (BaseHttpServer.java:updateConnectorAddress(215)) - HTTP server of HDDSDATANODE is listening at http://0.0.0.0:42978
2019-09-12 04:43:52,930 [main] INFO  impl.MetricsSystemImpl (MetricsSystemImpl.java:init(158)) - HddsDatanode metrics system started (again)
2019-09-12 04:43:52,933 [org.apache.hadoop.util.JvmPauseMonitor$Monitor@34765e60] INFO  util.JvmPauseMonitor (JvmPauseMonitor.java:run(188)) - Starting JVM pause monitor
2019-09-12 04:43:52,934 [main] INFO  ozone.HddsDatanodeService (HddsDatanodeService.java:start(184)) - HddsDatanodeService host:pr-hdds-1879-pbs75-1821932185 ip:192.168.34.8
2019-09-12 04:43:52,937 [Datanode State Machine Thread - 0] INFO  datanode.InitDatanodeState (InitDatanodeState.java:persistContainerDatanodeDetails(140)) - DatanodeDetails is persisted to /workdir/hadoop-ozone/integration-test/target/test-dir/MiniOzoneClusterImpl-0727815a-69b9-4555-83e7-340a4888e3ed/datanode-2/meta/datanode.id
2019-09-12 04:43:52,943 [main] INFO  volume.HddsVolume (HddsVolume.java:<init>(176)) - Creating Volume: /workdir/hadoop-ozone/integration-test/target/test-dir/MiniOzoneClusterImpl-0727815a-69b9-4555-83e7-340a4888e3ed/datanode-3/data/containers/hdds of  storage type : DISK and capacity : 1482555576320
2019-09-12 04:43:52,943 [main] INFO  volume.VolumeSet (VolumeSet.java:initializeVolumeSet(170)) - Added Volume : /workdir/hadoop-ozone/integration-test/target/test-dir/MiniOzoneClusterImpl-0727815a-69b9-4555-83e7-340a4888e3ed/datanode-3/data/containers/hdds to VolumeSet
2019-09-12 04:43:52,944 [main] INFO  volume.ThrottledAsyncChecker (ThrottledAsyncChecker.java:schedule(139)) - Scheduling a check for org.apache.hadoop.ozone.container.common.volume.HddsVolume@6342d610
2019-09-12 04:43:52,944 [main] INFO  volume.HddsVolumeChecker (HddsVolumeChecker.java:checkAllVolumes(202)) - Scheduled health check for volume org.apache.hadoop.ozone.container.common.volume.HddsVolume@6342d610
2019-09-12 04:43:52,961 [main] INFO  impl.RaftServerProxy (ConfUtils.java:logGet(43)) - raft.rpc.type = GRPC (default)
2019-09-12 04:43:52,961 [main] INFO  grpc.GrpcFactory (GrpcFactory.java:checkPooledByteBufAllocatorUseCacheForAllThreads(45)) - PERFORMANCE WARNING: useCacheForAllThreads is true that may cause Netty to create a lot garbage objects and, as a result, trigger GC.
	It is recommended to disable useCacheForAllThreads by setting -Dorg.apache.ratis.thirdparty.io.netty.allocator.useCacheForAllThreads=false in command line.
2019-09-12 04:43:52,962 [main] INFO  grpc.GrpcConfigKeys$Server (ConfUtils.java:logGet(43)) - raft.grpc.server.port = 0 (default)
2019-09-12 04:43:52,962 [main] INFO  server.GrpcService (ConfUtils.java:logGet(43)) - raft.grpc.message.size.max = 33570816 (custom)
2019-09-12 04:43:52,962 [main] INFO  server.RaftServerConfigKeys (ConfUtils.java:logGet(43)) - raft.server.log.appender.buffer.byte-limit = 33554432 (custom)
2019-09-12 04:43:52,962 [main] INFO  server.GrpcService (ConfUtils.java:logGet(43)) - raft.grpc.flow.control.window = 1MB (=1048576) (default)
2019-09-12 04:43:52,963 [main] INFO  server.RaftServerConfigKeys (ConfUtils.java:logGet(43)) - raft.server.rpc.request.timeout = 3000ms (default)
2019-09-12 04:43:52,963 [main] INFO  server.RaftServerConfigKeys (ConfUtils.java:logGet(43)) - raft.server.storage.dir = [/workdir/hadoop-ozone/integration-test/target/test-dir/MiniOzoneClusterImpl-0727815a-69b9-4555-83e7-340a4888e3ed/datanode-3/data/ratis] (custom)
2019-09-12 04:43:52,965 [main] INFO  hdfs.DFSUtil (DFSUtil.java:httpServerTemplateForNNAndJN(1641)) - Starting Web-server for hddsDatanode at: http://0.0.0.0:0
2019-09-12 04:43:52,966 [main] INFO  server.AuthenticationFilter (AuthenticationFilter.java:constructSecretProvider(240)) - Unable to initialize FileSignerSecretProvider, falling back to use random secrets.
2019-09-12 04:43:52,967 [main] WARN  http.HttpRequestLog (HttpRequestLog.java:getRequestLog(97)) - Jetty request log can only be enabled using Log4j
2019-09-12 04:43:52,969 [main] INFO  http.HttpServer2 (HttpServer2.java:addGlobalFilter(975)) - Added global filter 'safety' (class=org.apache.hadoop.http.HttpServer2$QuotingInputFilter)
2019-09-12 04:43:52,969 [main] INFO  http.HttpServer2 (HttpServer2.java:addFilter(948)) - Added filter static_user_filter (class=org.apache.hadoop.http.lib.StaticUserWebFilter$StaticUserFilter) to context hddsDatanode
2019-09-12 04:43:52,969 [main] INFO  http.HttpServer2 (HttpServer2.java:addFilter(958)) - Added filter static_user_filter (class=org.apache.hadoop.http.lib.StaticUserWebFilter$StaticUserFilter) to context static
2019-09-12 04:43:52,970 [main] INFO  http.HttpServer2 (HttpServer2.java:addFilter(958)) - Added filter static_user_filter (class=org.apache.hadoop.http.lib.StaticUserWebFilter$StaticUserFilter) to context logs
2019-09-12 04:43:52,971 [main] INFO  http.HttpServer2 (HttpServer2.java:bindListener(1191)) - Jetty bound to port 41530
2019-09-12 04:43:52,971 [main] INFO  server.Server (Server.java:doStart(351)) - jetty-9.3.24.v20180605, build timestamp: 2018-06-05T17:11:56Z, git hash: 84205aa28f11a4f31f2a3b86d1bba2cc8ab69827
2019-09-12 04:43:52,976 [main] INFO  handler.ContextHandler (ContextHandler.java:doStart(781)) - Started o.e.j.s.ServletContextHandler@74ecacc3{/logs,file:///workdir/hadoop-ozone/integration-test/target/log,AVAILABLE}
2019-09-12 04:43:52,977 [main] INFO  handler.ContextHandler (ContextHandler.java:doStart(781)) - Started o.e.j.s.ServletContextHandler@53b7ce6{/static,jar:file:/home/user/.m2/repository/org/apache/hadoop/hadoop-hdds-container-service/0.5.0-SNAPSHOT/hadoop-hdds-container-service-0.5.0-SNAPSHOT.jar!/webapps/static,AVAILABLE}
2019-09-12 04:43:53,007 [main] INFO  handler.ContextHandler (ContextHandler.java:doStart(781)) - Started o.e.j.w.WebAppContext@7d44a19{/,file:///tmp/jetty-0.0.0.0-41530-hddsDatanode-_-any-911623093453910615.dir/webapp/,AVAILABLE}{/hddsDatanode}
2019-09-12 04:43:53,008 [main] INFO  server.AbstractConnector (AbstractConnector.java:doStart(278)) - Started ServerConnector@1fb2d5e{HTTP/1.1,[http/1.1]}{0.0.0.0:41530}
2019-09-12 04:43:53,009 [main] INFO  server.Server (Server.java:doStart(419)) - Started @6432ms
2019-09-12 04:43:53,010 [main] WARN  impl.MetricsSystemImpl (MetricsSystemImpl.java:register(276)) - Sink prometheus already exists!
2019-09-12 04:43:53,011 [main] INFO  server.BaseHttpServer (BaseHttpServer.java:updateConnectorAddress(215)) - HTTP server of HDDSDATANODE is listening at http://0.0.0.0:41530
2019-09-12 04:43:53,011 [main] INFO  impl.MetricsSystemImpl (MetricsSystemImpl.java:init(158)) - HddsDatanode metrics system started (again)
2019-09-12 04:43:53,014 [org.apache.hadoop.util.JvmPauseMonitor$Monitor@5ec73eb4] INFO  util.JvmPauseMonitor (JvmPauseMonitor.java:run(188)) - Starting JVM pause monitor
2019-09-12 04:43:53,014 [main] INFO  ozone.HddsDatanodeService (HddsDatanodeService.java:start(184)) - HddsDatanodeService host:pr-hdds-1879-pbs75-1821932185 ip:192.168.34.8
2019-09-12 04:43:53,018 [Datanode State Machine Thread - 0] INFO  datanode.InitDatanodeState (InitDatanodeState.java:persistContainerDatanodeDetails(140)) - DatanodeDetails is persisted to /workdir/hadoop-ozone/integration-test/target/test-dir/MiniOzoneClusterImpl-0727815a-69b9-4555-83e7-340a4888e3ed/datanode-3/meta/datanode.id
2019-09-12 04:43:53,023 [main] INFO  volume.HddsVolume (HddsVolume.java:<init>(176)) - Creating Volume: /workdir/hadoop-ozone/integration-test/target/test-dir/MiniOzoneClusterImpl-0727815a-69b9-4555-83e7-340a4888e3ed/datanode-4/data/containers/hdds of  storage type : DISK and capacity : 1482555576320
2019-09-12 04:43:53,023 [main] INFO  volume.VolumeSet (VolumeSet.java:initializeVolumeSet(170)) - Added Volume : /workdir/hadoop-ozone/integration-test/target/test-dir/MiniOzoneClusterImpl-0727815a-69b9-4555-83e7-340a4888e3ed/datanode-4/data/containers/hdds to VolumeSet
2019-09-12 04:43:53,023 [main] INFO  volume.ThrottledAsyncChecker (ThrottledAsyncChecker.java:schedule(139)) - Scheduling a check for org.apache.hadoop.ozone.container.common.volume.HddsVolume@73844119
2019-09-12 04:43:53,024 [main] INFO  volume.HddsVolumeChecker (HddsVolumeChecker.java:checkAllVolumes(202)) - Scheduled health check for volume org.apache.hadoop.ozone.container.common.volume.HddsVolume@73844119
2019-09-12 04:43:53,039 [main] INFO  impl.RaftServerProxy (ConfUtils.java:logGet(43)) - raft.rpc.type = GRPC (default)
2019-09-12 04:43:53,039 [main] INFO  grpc.GrpcFactory (GrpcFactory.java:checkPooledByteBufAllocatorUseCacheForAllThreads(45)) - PERFORMANCE WARNING: useCacheForAllThreads is true that may cause Netty to create a lot garbage objects and, as a result, trigger GC.
	It is recommended to disable useCacheForAllThreads by setting -Dorg.apache.ratis.thirdparty.io.netty.allocator.useCacheForAllThreads=false in command line.
2019-09-12 04:43:53,040 [main] INFO  grpc.GrpcConfigKeys$Server (ConfUtils.java:logGet(43)) - raft.grpc.server.port = 0 (default)
2019-09-12 04:43:53,040 [main] INFO  server.GrpcService (ConfUtils.java:logGet(43)) - raft.grpc.message.size.max = 33570816 (custom)
2019-09-12 04:43:53,040 [main] INFO  server.RaftServerConfigKeys (ConfUtils.java:logGet(43)) - raft.server.log.appender.buffer.byte-limit = 33554432 (custom)
2019-09-12 04:43:53,040 [main] INFO  server.GrpcService (ConfUtils.java:logGet(43)) - raft.grpc.flow.control.window = 1MB (=1048576) (default)
2019-09-12 04:43:53,041 [main] INFO  server.RaftServerConfigKeys (ConfUtils.java:logGet(43)) - raft.server.rpc.request.timeout = 3000ms (default)
2019-09-12 04:43:53,041 [main] INFO  server.RaftServerConfigKeys (ConfUtils.java:logGet(43)) - raft.server.storage.dir = [/workdir/hadoop-ozone/integration-test/target/test-dir/MiniOzoneClusterImpl-0727815a-69b9-4555-83e7-340a4888e3ed/datanode-4/data/ratis] (custom)
2019-09-12 04:43:53,043 [main] INFO  hdfs.DFSUtil (DFSUtil.java:httpServerTemplateForNNAndJN(1641)) - Starting Web-server for hddsDatanode at: http://0.0.0.0:0
2019-09-12 04:43:53,044 [main] INFO  server.AuthenticationFilter (AuthenticationFilter.java:constructSecretProvider(240)) - Unable to initialize FileSignerSecretProvider, falling back to use random secrets.
2019-09-12 04:43:53,045 [main] WARN  http.HttpRequestLog (HttpRequestLog.java:getRequestLog(97)) - Jetty request log can only be enabled using Log4j
2019-09-12 04:43:53,046 [main] INFO  http.HttpServer2 (HttpServer2.java:addGlobalFilter(975)) - Added global filter 'safety' (class=org.apache.hadoop.http.HttpServer2$QuotingInputFilter)
2019-09-12 04:43:53,047 [main] INFO  http.HttpServer2 (HttpServer2.java:addFilter(948)) - Added filter static_user_filter (class=org.apache.hadoop.http.lib.StaticUserWebFilter$StaticUserFilter) to context hddsDatanode
2019-09-12 04:43:53,047 [main] INFO  http.HttpServer2 (HttpServer2.java:addFilter(958)) - Added filter static_user_filter (class=org.apache.hadoop.http.lib.StaticUserWebFilter$StaticUserFilter) to context logs
2019-09-12 04:43:53,047 [main] INFO  http.HttpServer2 (HttpServer2.java:addFilter(958)) - Added filter static_user_filter (class=org.apache.hadoop.http.lib.StaticUserWebFilter$StaticUserFilter) to context static
2019-09-12 04:43:53,048 [main] INFO  http.HttpServer2 (HttpServer2.java:bindListener(1191)) - Jetty bound to port 35067
2019-09-12 04:43:53,048 [main] INFO  server.Server (Server.java:doStart(351)) - jetty-9.3.24.v20180605, build timestamp: 2018-06-05T17:11:56Z, git hash: 84205aa28f11a4f31f2a3b86d1bba2cc8ab69827
2019-09-12 04:43:53,051 [main] INFO  handler.ContextHandler (ContextHandler.java:doStart(781)) - Started o.e.j.s.ServletContextHandler@77a074b4{/logs,file:///workdir/hadoop-ozone/integration-test/target/log,AVAILABLE}
2019-09-12 04:43:53,051 [main] INFO  handler.ContextHandler (ContextHandler.java:doStart(781)) - Started o.e.j.s.ServletContextHandler@6c0e13b7{/static,jar:file:/home/user/.m2/repository/org/apache/hadoop/hadoop-hdds-container-service/0.5.0-SNAPSHOT/hadoop-hdds-container-service-0.5.0-SNAPSHOT.jar!/webapps/static,AVAILABLE}
2019-09-12 04:43:53,087 [main] INFO  handler.ContextHandler (ContextHandler.java:doStart(781)) - Started o.e.j.w.WebAppContext@38ed139b{/,file:///tmp/jetty-0.0.0.0-35067-hddsDatanode-_-any-6254099709414015501.dir/webapp/,AVAILABLE}{/hddsDatanode}
2019-09-12 04:43:53,089 [main] INFO  server.AbstractConnector (AbstractConnector.java:doStart(278)) - Started ServerConnector@a5272be{HTTP/1.1,[http/1.1]}{0.0.0.0:35067}
2019-09-12 04:43:53,090 [main] INFO  server.Server (Server.java:doStart(419)) - Started @6512ms
2019-09-12 04:43:53,090 [main] WARN  impl.MetricsSystemImpl (MetricsSystemImpl.java:register(276)) - Sink prometheus already exists!
2019-09-12 04:43:53,091 [main] INFO  server.BaseHttpServer (BaseHttpServer.java:updateConnectorAddress(215)) - HTTP server of HDDSDATANODE is listening at http://0.0.0.0:35067
2019-09-12 04:43:53,092 [main] INFO  impl.MetricsSystemImpl (MetricsSystemImpl.java:init(158)) - HddsDatanode metrics system started (again)
2019-09-12 04:43:53,096 [org.apache.hadoop.util.JvmPauseMonitor$Monitor@79c952c3] INFO  util.JvmPauseMonitor (JvmPauseMonitor.java:run(188)) - Starting JVM pause monitor
2019-09-12 04:43:53,098 [main] INFO  ozone.HddsDatanodeService (HddsDatanodeService.java:start(184)) - HddsDatanodeService host:pr-hdds-1879-pbs75-1821932185 ip:192.168.34.8
2019-09-12 04:43:53,102 [Datanode State Machine Thread - 0] INFO  datanode.InitDatanodeState (InitDatanodeState.java:persistContainerDatanodeDetails(140)) - DatanodeDetails is persisted to /workdir/hadoop-ozone/integration-test/target/test-dir/MiniOzoneClusterImpl-0727815a-69b9-4555-83e7-340a4888e3ed/datanode-4/meta/datanode.id
2019-09-12 04:43:53,107 [main] INFO  volume.HddsVolume (HddsVolume.java:<init>(176)) - Creating Volume: /workdir/hadoop-ozone/integration-test/target/test-dir/MiniOzoneClusterImpl-0727815a-69b9-4555-83e7-340a4888e3ed/datanode-5/data/containers/hdds of  storage type : DISK and capacity : 1482555576320
2019-09-12 04:43:53,108 [main] INFO  volume.VolumeSet (VolumeSet.java:initializeVolumeSet(170)) - Added Volume : /workdir/hadoop-ozone/integration-test/target/test-dir/MiniOzoneClusterImpl-0727815a-69b9-4555-83e7-340a4888e3ed/datanode-5/data/containers/hdds to VolumeSet
2019-09-12 04:43:53,108 [main] INFO  volume.ThrottledAsyncChecker (ThrottledAsyncChecker.java:schedule(139)) - Scheduling a check for org.apache.hadoop.ozone.container.common.volume.HddsVolume@2938127d
2019-09-12 04:43:53,109 [main] INFO  volume.HddsVolumeChecker (HddsVolumeChecker.java:checkAllVolumes(202)) - Scheduled health check for volume org.apache.hadoop.ozone.container.common.volume.HddsVolume@2938127d
2019-09-12 04:43:53,130 [main] INFO  impl.RaftServerProxy (ConfUtils.java:logGet(43)) - raft.rpc.type = GRPC (default)
2019-09-12 04:43:53,130 [main] INFO  grpc.GrpcFactory (GrpcFactory.java:checkPooledByteBufAllocatorUseCacheForAllThreads(45)) - PERFORMANCE WARNING: useCacheForAllThreads is true that may cause Netty to create a lot garbage objects and, as a result, trigger GC.
	It is recommended to disable useCacheForAllThreads by setting -Dorg.apache.ratis.thirdparty.io.netty.allocator.useCacheForAllThreads=false in command line.
2019-09-12 04:43:53,130 [main] INFO  grpc.GrpcConfigKeys$Server (ConfUtils.java:logGet(43)) - raft.grpc.server.port = 0 (default)
2019-09-12 04:43:53,131 [main] INFO  server.GrpcService (ConfUtils.java:logGet(43)) - raft.grpc.message.size.max = 33570816 (custom)
2019-09-12 04:43:53,131 [main] INFO  server.RaftServerConfigKeys (ConfUtils.java:logGet(43)) - raft.server.log.appender.buffer.byte-limit = 33554432 (custom)
2019-09-12 04:43:53,131 [main] INFO  server.GrpcService (ConfUtils.java:logGet(43)) - raft.grpc.flow.control.window = 1MB (=1048576) (default)
2019-09-12 04:43:53,132 [main] INFO  server.RaftServerConfigKeys (ConfUtils.java:logGet(43)) - raft.server.rpc.request.timeout = 3000ms (default)
2019-09-12 04:43:53,132 [main] INFO  server.RaftServerConfigKeys (ConfUtils.java:logGet(43)) - raft.server.storage.dir = [/workdir/hadoop-ozone/integration-test/target/test-dir/MiniOzoneClusterImpl-0727815a-69b9-4555-83e7-340a4888e3ed/datanode-5/data/ratis] (custom)
2019-09-12 04:43:53,134 [main] INFO  hdfs.DFSUtil (DFSUtil.java:httpServerTemplateForNNAndJN(1641)) - Starting Web-server for hddsDatanode at: http://0.0.0.0:0
2019-09-12 04:43:53,136 [main] INFO  server.AuthenticationFilter (AuthenticationFilter.java:constructSecretProvider(240)) - Unable to initialize FileSignerSecretProvider, falling back to use random secrets.
2019-09-12 04:43:53,136 [main] WARN  http.HttpRequestLog (HttpRequestLog.java:getRequestLog(97)) - Jetty request log can only be enabled using Log4j
2019-09-12 04:43:53,138 [main] INFO  http.HttpServer2 (HttpServer2.java:addGlobalFilter(975)) - Added global filter 'safety' (class=org.apache.hadoop.http.HttpServer2$QuotingInputFilter)
2019-09-12 04:43:53,138 [main] INFO  http.HttpServer2 (HttpServer2.java:addFilter(948)) - Added filter static_user_filter (class=org.apache.hadoop.http.lib.StaticUserWebFilter$StaticUserFilter) to context hddsDatanode
2019-09-12 04:43:53,139 [main] INFO  http.HttpServer2 (HttpServer2.java:addFilter(958)) - Added filter static_user_filter (class=org.apache.hadoop.http.lib.StaticUserWebFilter$StaticUserFilter) to context static
2019-09-12 04:43:53,139 [main] INFO  http.HttpServer2 (HttpServer2.java:addFilter(958)) - Added filter static_user_filter (class=org.apache.hadoop.http.lib.StaticUserWebFilter$StaticUserFilter) to context logs
2019-09-12 04:43:53,140 [main] INFO  http.HttpServer2 (HttpServer2.java:bindListener(1191)) - Jetty bound to port 34865
2019-09-12 04:43:53,140 [main] INFO  server.Server (Server.java:doStart(351)) - jetty-9.3.24.v20180605, build timestamp: 2018-06-05T17:11:56Z, git hash: 84205aa28f11a4f31f2a3b86d1bba2cc8ab69827
2019-09-12 04:43:53,142 [main] INFO  handler.ContextHandler (ContextHandler.java:doStart(781)) - Started o.e.j.s.ServletContextHandler@75d4a80f{/logs,file:///workdir/hadoop-ozone/integration-test/target/log,AVAILABLE}
2019-09-12 04:43:53,143 [main] INFO  handler.ContextHandler (ContextHandler.java:doStart(781)) - Started o.e.j.s.ServletContextHandler@ccf91df{/static,jar:file:/home/user/.m2/repository/org/apache/hadoop/hadoop-hdds-container-service/0.5.0-SNAPSHOT/hadoop-hdds-container-service-0.5.0-SNAPSHOT.jar!/webapps/static,AVAILABLE}
2019-09-12 04:43:53,172 [main] INFO  handler.ContextHandler (ContextHandler.java:doStart(781)) - Started o.e.j.w.WebAppContext@3c83468e{/,file:///tmp/jetty-0.0.0.0-34865-hddsDatanode-_-any-2569114534178289076.dir/webapp/,AVAILABLE}{/hddsDatanode}
2019-09-12 04:43:53,173 [main] INFO  server.AbstractConnector (AbstractConnector.java:doStart(278)) - Started ServerConnector@272ce069{HTTP/1.1,[http/1.1]}{0.0.0.0:34865}
2019-09-12 04:43:53,174 [main] INFO  server.Server (Server.java:doStart(419)) - Started @6596ms
2019-09-12 04:43:53,174 [main] WARN  impl.MetricsSystemImpl (MetricsSystemImpl.java:register(276)) - Sink prometheus already exists!
2019-09-12 04:43:53,175 [main] INFO  server.BaseHttpServer (BaseHttpServer.java:updateConnectorAddress(215)) - HTTP server of HDDSDATANODE is listening at http://0.0.0.0:34865
2019-09-12 04:43:53,175 [main] INFO  impl.MetricsSystemImpl (MetricsSystemImpl.java:init(158)) - HddsDatanode metrics system started (again)
2019-09-12 04:43:53,179 [main] INFO  ozone.HddsDatanodeService (HddsDatanodeService.java:start(184)) - HddsDatanodeService host:pr-hdds-1879-pbs75-1821932185 ip:192.168.34.8
2019-09-12 04:43:53,180 [org.apache.hadoop.util.JvmPauseMonitor$Monitor@4e9748bb] INFO  util.JvmPauseMonitor (JvmPauseMonitor.java:run(188)) - Starting JVM pause monitor
2019-09-12 04:43:53,184 [Datanode State Machine Thread - 0] INFO  datanode.InitDatanodeState (InitDatanodeState.java:persistContainerDatanodeDetails(140)) - DatanodeDetails is persisted to /workdir/hadoop-ozone/integration-test/target/test-dir/MiniOzoneClusterImpl-0727815a-69b9-4555-83e7-340a4888e3ed/datanode-5/meta/datanode.id
2019-09-12 04:43:53,189 [main] INFO  volume.HddsVolume (HddsVolume.java:<init>(176)) - Creating Volume: /workdir/hadoop-ozone/integration-test/target/test-dir/MiniOzoneClusterImpl-0727815a-69b9-4555-83e7-340a4888e3ed/datanode-6/data/containers/hdds of  storage type : DISK and capacity : 1482555576320
2019-09-12 04:43:53,189 [main] INFO  volume.VolumeSet (VolumeSet.java:initializeVolumeSet(170)) - Added Volume : /workdir/hadoop-ozone/integration-test/target/test-dir/MiniOzoneClusterImpl-0727815a-69b9-4555-83e7-340a4888e3ed/datanode-6/data/containers/hdds to VolumeSet
2019-09-12 04:43:53,189 [main] INFO  volume.ThrottledAsyncChecker (ThrottledAsyncChecker.java:schedule(139)) - Scheduling a check for org.apache.hadoop.ozone.container.common.volume.HddsVolume@788ddc1f
2019-09-12 04:43:53,190 [main] INFO  volume.HddsVolumeChecker (HddsVolumeChecker.java:checkAllVolumes(202)) - Scheduled health check for volume org.apache.hadoop.ozone.container.common.volume.HddsVolume@788ddc1f
2019-09-12 04:43:53,205 [main] INFO  impl.RaftServerProxy (ConfUtils.java:logGet(43)) - raft.rpc.type = GRPC (default)
2019-09-12 04:43:53,205 [main] INFO  grpc.GrpcFactory (GrpcFactory.java:checkPooledByteBufAllocatorUseCacheForAllThreads(45)) - PERFORMANCE WARNING: useCacheForAllThreads is true that may cause Netty to create a lot garbage objects and, as a result, trigger GC.
	It is recommended to disable useCacheForAllThreads by setting -Dorg.apache.ratis.thirdparty.io.netty.allocator.useCacheForAllThreads=false in command line.
2019-09-12 04:43:53,205 [main] INFO  grpc.GrpcConfigKeys$Server (ConfUtils.java:logGet(43)) - raft.grpc.server.port = 0 (default)
2019-09-12 04:43:53,206 [main] INFO  server.GrpcService (ConfUtils.java:logGet(43)) - raft.grpc.message.size.max = 33570816 (custom)
2019-09-12 04:43:53,206 [main] INFO  server.RaftServerConfigKeys (ConfUtils.java:logGet(43)) - raft.server.log.appender.buffer.byte-limit = 33554432 (custom)
2019-09-12 04:43:53,206 [main] INFO  server.GrpcService (ConfUtils.java:logGet(43)) - raft.grpc.flow.control.window = 1MB (=1048576) (default)
2019-09-12 04:43:53,206 [main] INFO  server.RaftServerConfigKeys (ConfUtils.java:logGet(43)) - raft.server.rpc.request.timeout = 3000ms (default)
2019-09-12 04:43:53,207 [main] INFO  server.RaftServerConfigKeys (ConfUtils.java:logGet(43)) - raft.server.storage.dir = [/workdir/hadoop-ozone/integration-test/target/test-dir/MiniOzoneClusterImpl-0727815a-69b9-4555-83e7-340a4888e3ed/datanode-6/data/ratis] (custom)
2019-09-12 04:43:53,208 [main] INFO  hdfs.DFSUtil (DFSUtil.java:httpServerTemplateForNNAndJN(1641)) - Starting Web-server for hddsDatanode at: http://0.0.0.0:0
2019-09-12 04:43:53,210 [main] INFO  server.AuthenticationFilter (AuthenticationFilter.java:constructSecretProvider(240)) - Unable to initialize FileSignerSecretProvider, falling back to use random secrets.
2019-09-12 04:43:53,210 [main] WARN  http.HttpRequestLog (HttpRequestLog.java:getRequestLog(97)) - Jetty request log can only be enabled using Log4j
2019-09-12 04:43:53,212 [main] INFO  http.HttpServer2 (HttpServer2.java:addGlobalFilter(975)) - Added global filter 'safety' (class=org.apache.hadoop.http.HttpServer2$QuotingInputFilter)
2019-09-12 04:43:53,212 [main] INFO  http.HttpServer2 (HttpServer2.java:addFilter(948)) - Added filter static_user_filter (class=org.apache.hadoop.http.lib.StaticUserWebFilter$StaticUserFilter) to context hddsDatanode
2019-09-12 04:43:53,212 [main] INFO  http.HttpServer2 (HttpServer2.java:addFilter(958)) - Added filter static_user_filter (class=org.apache.hadoop.http.lib.StaticUserWebFilter$StaticUserFilter) to context logs
2019-09-12 04:43:53,213 [main] INFO  http.HttpServer2 (HttpServer2.java:addFilter(958)) - Added filter static_user_filter (class=org.apache.hadoop.http.lib.StaticUserWebFilter$StaticUserFilter) to context static
2019-09-12 04:43:53,213 [main] INFO  http.HttpServer2 (HttpServer2.java:bindListener(1191)) - Jetty bound to port 36298
2019-09-12 04:43:53,213 [main] INFO  server.Server (Server.java:doStart(351)) - jetty-9.3.24.v20180605, build timestamp: 2018-06-05T17:11:56Z, git hash: 84205aa28f11a4f31f2a3b86d1bba2cc8ab69827
2019-09-12 04:43:53,215 [main] INFO  handler.ContextHandler (ContextHandler.java:doStart(781)) - Started o.e.j.s.ServletContextHandler@173a6728{/logs,file:///workdir/hadoop-ozone/integration-test/target/log,AVAILABLE}
2019-09-12 04:43:53,216 [main] INFO  handler.ContextHandler (ContextHandler.java:doStart(781)) - Started o.e.j.s.ServletContextHandler@67514bdd{/static,jar:file:/home/user/.m2/repository/org/apache/hadoop/hadoop-hdds-container-service/0.5.0-SNAPSHOT/hadoop-hdds-container-service-0.5.0-SNAPSHOT.jar!/webapps/static,AVAILABLE}
2019-09-12 04:43:53,245 [main] INFO  handler.ContextHandler (ContextHandler.java:doStart(781)) - Started o.e.j.w.WebAppContext@a2341c6{/,file:///tmp/jetty-0.0.0.0-36298-hddsDatanode-_-any-7642744902467092637.dir/webapp/,AVAILABLE}{/hddsDatanode}
2019-09-12 04:43:53,245 [main] INFO  server.AbstractConnector (AbstractConnector.java:doStart(278)) - Started ServerConnector@6e4c0d8c{HTTP/1.1,[http/1.1]}{0.0.0.0:36298}
2019-09-12 04:43:53,246 [main] INFO  server.Server (Server.java:doStart(419)) - Started @6669ms
2019-09-12 04:43:53,246 [main] WARN  impl.MetricsSystemImpl (MetricsSystemImpl.java:register(276)) - Sink prometheus already exists!
2019-09-12 04:43:53,247 [main] INFO  server.BaseHttpServer (BaseHttpServer.java:updateConnectorAddress(215)) - HTTP server of HDDSDATANODE is listening at http://0.0.0.0:36298
2019-09-12 04:43:53,248 [main] INFO  impl.MetricsSystemImpl (MetricsSystemImpl.java:init(158)) - HddsDatanode metrics system started (again)
2019-09-12 04:43:53,252 [main] INFO  ozone.HddsDatanodeService (HddsDatanodeService.java:start(184)) - HddsDatanodeService host:pr-hdds-1879-pbs75-1821932185 ip:192.168.34.8
2019-09-12 04:43:53,252 [org.apache.hadoop.util.JvmPauseMonitor$Monitor@7bb80680] INFO  util.JvmPauseMonitor (JvmPauseMonitor.java:run(188)) - Starting JVM pause monitor
2019-09-12 04:43:53,256 [Datanode State Machine Thread - 0] INFO  datanode.InitDatanodeState (InitDatanodeState.java:persistContainerDatanodeDetails(140)) - DatanodeDetails is persisted to /workdir/hadoop-ozone/integration-test/target/test-dir/MiniOzoneClusterImpl-0727815a-69b9-4555-83e7-340a4888e3ed/datanode-6/meta/datanode.id
2019-09-12 04:43:53,260 [main] INFO  volume.HddsVolume (HddsVolume.java:<init>(176)) - Creating Volume: /workdir/hadoop-ozone/integration-test/target/test-dir/MiniOzoneClusterImpl-0727815a-69b9-4555-83e7-340a4888e3ed/datanode-7/data/containers/hdds of  storage type : DISK and capacity : 1482555576320
2019-09-12 04:43:53,261 [main] INFO  volume.VolumeSet (VolumeSet.java:initializeVolumeSet(170)) - Added Volume : /workdir/hadoop-ozone/integration-test/target/test-dir/MiniOzoneClusterImpl-0727815a-69b9-4555-83e7-340a4888e3ed/datanode-7/data/containers/hdds to VolumeSet
2019-09-12 04:43:53,261 [main] INFO  volume.ThrottledAsyncChecker (ThrottledAsyncChecker.java:schedule(139)) - Scheduling a check for org.apache.hadoop.ozone.container.common.volume.HddsVolume@984169e
2019-09-12 04:43:53,261 [main] INFO  volume.HddsVolumeChecker (HddsVolumeChecker.java:checkAllVolumes(202)) - Scheduled health check for volume org.apache.hadoop.ozone.container.common.volume.HddsVolume@984169e
2019-09-12 04:43:53,276 [main] INFO  impl.RaftServerProxy (ConfUtils.java:logGet(43)) - raft.rpc.type = GRPC (default)
2019-09-12 04:43:53,276 [main] INFO  grpc.GrpcFactory (GrpcFactory.java:checkPooledByteBufAllocatorUseCacheForAllThreads(45)) - PERFORMANCE WARNING: useCacheForAllThreads is true that may cause Netty to create a lot garbage objects and, as a result, trigger GC.
	It is recommended to disable useCacheForAllThreads by setting -Dorg.apache.ratis.thirdparty.io.netty.allocator.useCacheForAllThreads=false in command line.
2019-09-12 04:43:53,277 [main] INFO  grpc.GrpcConfigKeys$Server (ConfUtils.java:logGet(43)) - raft.grpc.server.port = 0 (default)
2019-09-12 04:43:53,277 [main] INFO  server.GrpcService (ConfUtils.java:logGet(43)) - raft.grpc.message.size.max = 33570816 (custom)
2019-09-12 04:43:53,277 [main] INFO  server.RaftServerConfigKeys (ConfUtils.java:logGet(43)) - raft.server.log.appender.buffer.byte-limit = 33554432 (custom)
2019-09-12 04:43:53,277 [main] INFO  server.GrpcService (ConfUtils.java:logGet(43)) - raft.grpc.flow.control.window = 1MB (=1048576) (default)
2019-09-12 04:43:53,277 [main] INFO  server.RaftServerConfigKeys (ConfUtils.java:logGet(43)) - raft.server.rpc.request.timeout = 3000ms (default)
2019-09-12 04:43:53,278 [main] INFO  server.RaftServerConfigKeys (ConfUtils.java:logGet(43)) - raft.server.storage.dir = [/workdir/hadoop-ozone/integration-test/target/test-dir/MiniOzoneClusterImpl-0727815a-69b9-4555-83e7-340a4888e3ed/datanode-7/data/ratis] (custom)
2019-09-12 04:43:53,280 [main] INFO  hdfs.DFSUtil (DFSUtil.java:httpServerTemplateForNNAndJN(1641)) - Starting Web-server for hddsDatanode at: http://0.0.0.0:0
2019-09-12 04:43:53,281 [main] INFO  server.AuthenticationFilter (AuthenticationFilter.java:constructSecretProvider(240)) - Unable to initialize FileSignerSecretProvider, falling back to use random secrets.
2019-09-12 04:43:53,281 [main] WARN  http.HttpRequestLog (HttpRequestLog.java:getRequestLog(97)) - Jetty request log can only be enabled using Log4j
2019-09-12 04:43:53,283 [main] INFO  http.HttpServer2 (HttpServer2.java:addGlobalFilter(975)) - Added global filter 'safety' (class=org.apache.hadoop.http.HttpServer2$QuotingInputFilter)
2019-09-12 04:43:53,283 [main] INFO  http.HttpServer2 (HttpServer2.java:addFilter(948)) - Added filter static_user_filter (class=org.apache.hadoop.http.lib.StaticUserWebFilter$StaticUserFilter) to context hddsDatanode
2019-09-12 04:43:53,284 [main] INFO  http.HttpServer2 (HttpServer2.java:addFilter(958)) - Added filter static_user_filter (class=org.apache.hadoop.http.lib.StaticUserWebFilter$StaticUserFilter) to context logs
2019-09-12 04:43:53,284 [main] INFO  http.HttpServer2 (HttpServer2.java:addFilter(958)) - Added filter static_user_filter (class=org.apache.hadoop.http.lib.StaticUserWebFilter$StaticUserFilter) to context static
2019-09-12 04:43:53,284 [main] INFO  http.HttpServer2 (HttpServer2.java:bindListener(1191)) - Jetty bound to port 38784
2019-09-12 04:43:53,285 [main] INFO  server.Server (Server.java:doStart(351)) - jetty-9.3.24.v20180605, build timestamp: 2018-06-05T17:11:56Z, git hash: 84205aa28f11a4f31f2a3b86d1bba2cc8ab69827
2019-09-12 04:43:53,286 [main] INFO  handler.ContextHandler (ContextHandler.java:doStart(781)) - Started o.e.j.s.ServletContextHandler@445bb139{/logs,file:///workdir/hadoop-ozone/integration-test/target/log,AVAILABLE}
2019-09-12 04:43:53,287 [main] INFO  handler.ContextHandler (ContextHandler.java:doStart(781)) - Started o.e.j.s.ServletContextHandler@7a81065e{/static,jar:file:/home/user/.m2/repository/org/apache/hadoop/hadoop-hdds-container-service/0.5.0-SNAPSHOT/hadoop-hdds-container-service-0.5.0-SNAPSHOT.jar!/webapps/static,AVAILABLE}
2019-09-12 04:43:53,315 [main] INFO  handler.ContextHandler (ContextHandler.java:doStart(781)) - Started o.e.j.w.WebAppContext@37b52340{/,file:///tmp/jetty-0.0.0.0-38784-hddsDatanode-_-any-3894495559433938236.dir/webapp/,AVAILABLE}{/hddsDatanode}
2019-09-12 04:43:53,315 [main] INFO  server.AbstractConnector (AbstractConnector.java:doStart(278)) - Started ServerConnector@663bb8ef{HTTP/1.1,[http/1.1]}{0.0.0.0:38784}
2019-09-12 04:43:53,317 [main] INFO  server.Server (Server.java:doStart(419)) - Started @6739ms
2019-09-12 04:43:53,317 [main] WARN  impl.MetricsSystemImpl (MetricsSystemImpl.java:register(276)) - Sink prometheus already exists!
2019-09-12 04:43:53,318 [main] INFO  server.BaseHttpServer (BaseHttpServer.java:updateConnectorAddress(215)) - HTTP server of HDDSDATANODE is listening at http://0.0.0.0:38784
2019-09-12 04:43:53,318 [main] INFO  impl.MetricsSystemImpl (MetricsSystemImpl.java:init(158)) - HddsDatanode metrics system started (again)
2019-09-12 04:43:53,323 [org.apache.hadoop.util.JvmPauseMonitor$Monitor@28c9edee] INFO  util.JvmPauseMonitor (JvmPauseMonitor.java:run(188)) - Starting JVM pause monitor
2019-09-12 04:43:53,323 [main] INFO  ozone.HddsDatanodeService (HddsDatanodeService.java:start(184)) - HddsDatanodeService host:pr-hdds-1879-pbs75-1821932185 ip:192.168.34.8
2019-09-12 04:43:53,326 [Datanode State Machine Thread - 0] INFO  datanode.InitDatanodeState (InitDatanodeState.java:persistContainerDatanodeDetails(140)) - DatanodeDetails is persisted to /workdir/hadoop-ozone/integration-test/target/test-dir/MiniOzoneClusterImpl-0727815a-69b9-4555-83e7-340a4888e3ed/datanode-7/meta/datanode.id
2019-09-12 04:43:53,335 [main] INFO  volume.HddsVolume (HddsVolume.java:<init>(176)) - Creating Volume: /workdir/hadoop-ozone/integration-test/target/test-dir/MiniOzoneClusterImpl-0727815a-69b9-4555-83e7-340a4888e3ed/datanode-8/data/containers/hdds of  storage type : DISK and capacity : 1482555576320
2019-09-12 04:43:53,335 [main] INFO  volume.VolumeSet (VolumeSet.java:initializeVolumeSet(170)) - Added Volume : /workdir/hadoop-ozone/integration-test/target/test-dir/MiniOzoneClusterImpl-0727815a-69b9-4555-83e7-340a4888e3ed/datanode-8/data/containers/hdds to VolumeSet
2019-09-12 04:43:53,336 [main] INFO  volume.ThrottledAsyncChecker (ThrottledAsyncChecker.java:schedule(139)) - Scheduling a check for org.apache.hadoop.ozone.container.common.volume.HddsVolume@44b29496
2019-09-12 04:43:53,336 [main] INFO  volume.HddsVolumeChecker (HddsVolumeChecker.java:checkAllVolumes(202)) - Scheduled health check for volume org.apache.hadoop.ozone.container.common.volume.HddsVolume@44b29496
2019-09-12 04:43:53,351 [main] INFO  impl.RaftServerProxy (ConfUtils.java:logGet(43)) - raft.rpc.type = GRPC (default)
2019-09-12 04:43:53,351 [main] INFO  grpc.GrpcFactory (GrpcFactory.java:checkPooledByteBufAllocatorUseCacheForAllThreads(45)) - PERFORMANCE WARNING: useCacheForAllThreads is true that may cause Netty to create a lot garbage objects and, as a result, trigger GC.
	It is recommended to disable useCacheForAllThreads by setting -Dorg.apache.ratis.thirdparty.io.netty.allocator.useCacheForAllThreads=false in command line.
2019-09-12 04:43:53,351 [main] INFO  grpc.GrpcConfigKeys$Server (ConfUtils.java:logGet(43)) - raft.grpc.server.port = 0 (default)
2019-09-12 04:43:53,352 [main] INFO  server.GrpcService (ConfUtils.java:logGet(43)) - raft.grpc.message.size.max = 33570816 (custom)
2019-09-12 04:43:53,352 [main] INFO  server.RaftServerConfigKeys (ConfUtils.java:logGet(43)) - raft.server.log.appender.buffer.byte-limit = 33554432 (custom)
2019-09-12 04:43:53,352 [main] INFO  server.GrpcService (ConfUtils.java:logGet(43)) - raft.grpc.flow.control.window = 1MB (=1048576) (default)
2019-09-12 04:43:53,352 [main] INFO  server.RaftServerConfigKeys (ConfUtils.java:logGet(43)) - raft.server.rpc.request.timeout = 3000ms (default)
2019-09-12 04:43:53,353 [main] INFO  server.RaftServerConfigKeys (ConfUtils.java:logGet(43)) - raft.server.storage.dir = [/workdir/hadoop-ozone/integration-test/target/test-dir/MiniOzoneClusterImpl-0727815a-69b9-4555-83e7-340a4888e3ed/datanode-8/data/ratis] (custom)
2019-09-12 04:43:53,355 [main] INFO  hdfs.DFSUtil (DFSUtil.java:httpServerTemplateForNNAndJN(1641)) - Starting Web-server for hddsDatanode at: http://0.0.0.0:0
2019-09-12 04:43:53,356 [main] INFO  server.AuthenticationFilter (AuthenticationFilter.java:constructSecretProvider(240)) - Unable to initialize FileSignerSecretProvider, falling back to use random secrets.
2019-09-12 04:43:53,356 [main] WARN  http.HttpRequestLog (HttpRequestLog.java:getRequestLog(97)) - Jetty request log can only be enabled using Log4j
2019-09-12 04:43:53,358 [main] INFO  http.HttpServer2 (HttpServer2.java:addGlobalFilter(975)) - Added global filter 'safety' (class=org.apache.hadoop.http.HttpServer2$QuotingInputFilter)
2019-09-12 04:43:53,358 [main] INFO  http.HttpServer2 (HttpServer2.java:addFilter(948)) - Added filter static_user_filter (class=org.apache.hadoop.http.lib.StaticUserWebFilter$StaticUserFilter) to context hddsDatanode
2019-09-12 04:43:53,359 [main] INFO  http.HttpServer2 (HttpServer2.java:addFilter(958)) - Added filter static_user_filter (class=org.apache.hadoop.http.lib.StaticUserWebFilter$StaticUserFilter) to context static
2019-09-12 04:43:53,359 [main] INFO  http.HttpServer2 (HttpServer2.java:addFilter(958)) - Added filter static_user_filter (class=org.apache.hadoop.http.lib.StaticUserWebFilter$StaticUserFilter) to context logs
2019-09-12 04:43:53,360 [main] INFO  http.HttpServer2 (HttpServer2.java:bindListener(1191)) - Jetty bound to port 39080
2019-09-12 04:43:53,360 [main] INFO  server.Server (Server.java:doStart(351)) - jetty-9.3.24.v20180605, build timestamp: 2018-06-05T17:11:56Z, git hash: 84205aa28f11a4f31f2a3b86d1bba2cc8ab69827
2019-09-12 04:43:53,362 [main] INFO  handler.ContextHandler (ContextHandler.java:doStart(781)) - Started o.e.j.s.ServletContextHandler@176f7f3b{/logs,file:///workdir/hadoop-ozone/integration-test/target/log,AVAILABLE}
2019-09-12 04:43:53,362 [main] INFO  handler.ContextHandler (ContextHandler.java:doStart(781)) - Started o.e.j.s.ServletContextHandler@58740366{/static,jar:file:/home/user/.m2/repository/org/apache/hadoop/hadoop-hdds-container-service/0.5.0-SNAPSHOT/hadoop-hdds-container-service-0.5.0-SNAPSHOT.jar!/webapps/static,AVAILABLE}
2019-09-12 04:43:53,392 [main] INFO  handler.ContextHandler (ContextHandler.java:doStart(781)) - Started o.e.j.w.WebAppContext@4b0f2299{/,file:///tmp/jetty-0.0.0.0-39080-hddsDatanode-_-any-1084687826885163259.dir/webapp/,AVAILABLE}{/hddsDatanode}
2019-09-12 04:43:53,392 [main] INFO  server.AbstractConnector (AbstractConnector.java:doStart(278)) - Started ServerConnector@33063f5b{HTTP/1.1,[http/1.1]}{0.0.0.0:39080}
2019-09-12 04:43:53,394 [main] INFO  server.Server (Server.java:doStart(419)) - Started @6816ms
2019-09-12 04:43:53,394 [main] WARN  impl.MetricsSystemImpl (MetricsSystemImpl.java:register(276)) - Sink prometheus already exists!
2019-09-12 04:43:53,395 [main] INFO  server.BaseHttpServer (BaseHttpServer.java:updateConnectorAddress(215)) - HTTP server of HDDSDATANODE is listening at http://0.0.0.0:39080
2019-09-12 04:43:53,395 [main] INFO  impl.MetricsSystemImpl (MetricsSystemImpl.java:init(158)) - HddsDatanode metrics system started (again)
2019-09-12 04:43:53,400 [org.apache.hadoop.util.JvmPauseMonitor$Monitor@42673db6] INFO  util.JvmPauseMonitor (JvmPauseMonitor.java:run(188)) - Starting JVM pause monitor
2019-09-12 04:43:53,405 [main] INFO  ozone.HddsDatanodeService (HddsDatanodeService.java:start(184)) - HddsDatanodeService host:pr-hdds-1879-pbs75-1821932185 ip:192.168.34.8
2019-09-12 04:43:53,406 [Datanode State Machine Thread - 0] INFO  datanode.InitDatanodeState (InitDatanodeState.java:persistContainerDatanodeDetails(140)) - DatanodeDetails is persisted to /workdir/hadoop-ozone/integration-test/target/test-dir/MiniOzoneClusterImpl-0727815a-69b9-4555-83e7-340a4888e3ed/datanode-8/meta/datanode.id
2019-09-12 04:43:53,413 [main] INFO  volume.HddsVolume (HddsVolume.java:<init>(176)) - Creating Volume: /workdir/hadoop-ozone/integration-test/target/test-dir/MiniOzoneClusterImpl-0727815a-69b9-4555-83e7-340a4888e3ed/datanode-9/data/containers/hdds of  storage type : DISK and capacity : 1482555576320
2019-09-12 04:43:53,413 [main] INFO  volume.VolumeSet (VolumeSet.java:initializeVolumeSet(170)) - Added Volume : /workdir/hadoop-ozone/integration-test/target/test-dir/MiniOzoneClusterImpl-0727815a-69b9-4555-83e7-340a4888e3ed/datanode-9/data/containers/hdds to VolumeSet
2019-09-12 04:43:53,413 [main] INFO  volume.ThrottledAsyncChecker (ThrottledAsyncChecker.java:schedule(139)) - Scheduling a check for org.apache.hadoop.ozone.container.common.volume.HddsVolume@2975a9e
2019-09-12 04:43:53,414 [main] INFO  volume.HddsVolumeChecker (HddsVolumeChecker.java:checkAllVolumes(202)) - Scheduled health check for volume org.apache.hadoop.ozone.container.common.volume.HddsVolume@2975a9e
2019-09-12 04:43:53,429 [main] INFO  impl.RaftServerProxy (ConfUtils.java:logGet(43)) - raft.rpc.type = GRPC (default)
2019-09-12 04:43:53,429 [main] INFO  grpc.GrpcFactory (GrpcFactory.java:checkPooledByteBufAllocatorUseCacheForAllThreads(45)) - PERFORMANCE WARNING: useCacheForAllThreads is true that may cause Netty to create a lot garbage objects and, as a result, trigger GC.
	It is recommended to disable useCacheForAllThreads by setting -Dorg.apache.ratis.thirdparty.io.netty.allocator.useCacheForAllThreads=false in command line.
2019-09-12 04:43:53,429 [main] INFO  grpc.GrpcConfigKeys$Server (ConfUtils.java:logGet(43)) - raft.grpc.server.port = 0 (default)
2019-09-12 04:43:53,430 [main] INFO  server.GrpcService (ConfUtils.java:logGet(43)) - raft.grpc.message.size.max = 33570816 (custom)
2019-09-12 04:43:53,430 [main] INFO  server.RaftServerConfigKeys (ConfUtils.java:logGet(43)) - raft.server.log.appender.buffer.byte-limit = 33554432 (custom)
2019-09-12 04:43:53,430 [main] INFO  server.GrpcService (ConfUtils.java:logGet(43)) - raft.grpc.flow.control.window = 1MB (=1048576) (default)
2019-09-12 04:43:53,430 [main] INFO  server.RaftServerConfigKeys (ConfUtils.java:logGet(43)) - raft.server.rpc.request.timeout = 3000ms (default)
2019-09-12 04:43:53,431 [main] INFO  server.RaftServerConfigKeys (ConfUtils.java:logGet(43)) - raft.server.storage.dir = [/workdir/hadoop-ozone/integration-test/target/test-dir/MiniOzoneClusterImpl-0727815a-69b9-4555-83e7-340a4888e3ed/datanode-9/data/ratis] (custom)
2019-09-12 04:43:53,432 [main] INFO  hdfs.DFSUtil (DFSUtil.java:httpServerTemplateForNNAndJN(1641)) - Starting Web-server for hddsDatanode at: http://0.0.0.0:0
2019-09-12 04:43:53,434 [main] INFO  server.AuthenticationFilter (AuthenticationFilter.java:constructSecretProvider(240)) - Unable to initialize FileSignerSecretProvider, falling back to use random secrets.
2019-09-12 04:43:53,434 [main] WARN  http.HttpRequestLog (HttpRequestLog.java:getRequestLog(97)) - Jetty request log can only be enabled using Log4j
2019-09-12 04:43:53,436 [main] INFO  http.HttpServer2 (HttpServer2.java:addGlobalFilter(975)) - Added global filter 'safety' (class=org.apache.hadoop.http.HttpServer2$QuotingInputFilter)
2019-09-12 04:43:53,436 [main] INFO  http.HttpServer2 (HttpServer2.java:addFilter(948)) - Added filter static_user_filter (class=org.apache.hadoop.http.lib.StaticUserWebFilter$StaticUserFilter) to context hddsDatanode
2019-09-12 04:43:53,437 [main] INFO  http.HttpServer2 (HttpServer2.java:addFilter(958)) - Added filter static_user_filter (class=org.apache.hadoop.http.lib.StaticUserWebFilter$StaticUserFilter) to context static
2019-09-12 04:43:53,437 [main] INFO  http.HttpServer2 (HttpServer2.java:addFilter(958)) - Added filter static_user_filter (class=org.apache.hadoop.http.lib.StaticUserWebFilter$StaticUserFilter) to context logs
2019-09-12 04:43:53,437 [main] INFO  http.HttpServer2 (HttpServer2.java:bindListener(1191)) - Jetty bound to port 40472
2019-09-12 04:43:53,438 [main] INFO  server.Server (Server.java:doStart(351)) - jetty-9.3.24.v20180605, build timestamp: 2018-06-05T17:11:56Z, git hash: 84205aa28f11a4f31f2a3b86d1bba2cc8ab69827
2019-09-12 04:43:53,440 [main] INFO  handler.ContextHandler (ContextHandler.java:doStart(781)) - Started o.e.j.s.ServletContextHandler@7b676112{/logs,file:///workdir/hadoop-ozone/integration-test/target/log,AVAILABLE}
2019-09-12 04:43:53,440 [main] INFO  handler.ContextHandler (ContextHandler.java:doStart(781)) - Started o.e.j.s.ServletContextHandler@4e49ce2b{/static,jar:file:/home/user/.m2/repository/org/apache/hadoop/hadoop-hdds-container-service/0.5.0-SNAPSHOT/hadoop-hdds-container-service-0.5.0-SNAPSHOT.jar!/webapps/static,AVAILABLE}
2019-09-12 04:43:53,468 [main] INFO  handler.ContextHandler (ContextHandler.java:doStart(781)) - Started o.e.j.w.WebAppContext@3c87fdf2{/,file:///tmp/jetty-0.0.0.0-40472-hddsDatanode-_-any-4818755262292967426.dir/webapp/,AVAILABLE}{/hddsDatanode}
2019-09-12 04:43:53,469 [main] INFO  server.AbstractConnector (AbstractConnector.java:doStart(278)) - Started ServerConnector@26bbe604{HTTP/1.1,[http/1.1]}{0.0.0.0:40472}
2019-09-12 04:43:53,470 [main] INFO  server.Server (Server.java:doStart(419)) - Started @6892ms
2019-09-12 04:43:53,470 [main] WARN  impl.MetricsSystemImpl (MetricsSystemImpl.java:register(276)) - Sink prometheus already exists!
2019-09-12 04:43:53,471 [main] INFO  server.BaseHttpServer (BaseHttpServer.java:updateConnectorAddress(215)) - HTTP server of HDDSDATANODE is listening at http://0.0.0.0:40472
2019-09-12 04:43:53,476 [main] INFO  ozone.MiniOzoneClusterImpl (MiniOzoneClusterImpl.java:lambda$waitForClusterToBeReady$0(140)) - Waiting for cluster to be ready. Got 0 of 10 DN Heartbeats.
2019-09-12 04:43:53,477 [org.apache.hadoop.util.JvmPauseMonitor$Monitor@382d44f0] INFO  util.JvmPauseMonitor (JvmPauseMonitor.java:run(188)) - Starting JVM pause monitor
2019-09-12 04:43:53,480 [Datanode State Machine Thread - 0] INFO  datanode.InitDatanodeState (InitDatanodeState.java:persistContainerDatanodeDetails(140)) - DatanodeDetails is persisted to /workdir/hadoop-ozone/integration-test/target/test-dir/MiniOzoneClusterImpl-0727815a-69b9-4555-83e7-340a4888e3ed/datanode-9/meta/datanode.id
2019-09-12 04:43:54,477 [main] INFO  ozone.MiniOzoneClusterImpl (MiniOzoneClusterImpl.java:lambda$waitForClusterToBeReady$0(140)) - Waiting for cluster to be ready. Got 0 of 10 DN Heartbeats.
2019-09-12 04:43:54,805 [Datanode State Machine Thread - 0] INFO  ozoneimpl.OzoneContainer (OzoneContainer.java:start(217)) - Attempting to start container services.
2019-09-12 04:43:54,807 [Datanode State Machine Thread - 0] INFO  ozoneimpl.OzoneContainer (OzoneContainer.java:startContainerScrub(179)) - Background container scanner has been disabled.
2019-09-12 04:43:54,807 [Datanode State Machine Thread - 0] INFO  ratis.XceiverServerRatis (XceiverServerRatis.java:start(404)) - Starting XceiverServerRatis 6a9b9dd7-7806-4506-bdaf-7a94c8190a08 at port 0
2019-09-12 04:43:54,832 [Datanode State Machine Thread - 0] INFO  impl.RaftServerProxy (RaftServerProxy.java:lambda$start$3(299)) - 6a9b9dd7-7806-4506-bdaf-7a94c8190a08: start RPC server
2019-09-12 04:43:54,849 [Datanode State Machine Thread - 0] INFO  ozoneimpl.OzoneContainer (OzoneContainer.java:start(217)) - Attempting to start container services.
2019-09-12 04:43:54,855 [Datanode State Machine Thread - 0] INFO  ozoneimpl.OzoneContainer (OzoneContainer.java:startContainerScrub(179)) - Background container scanner has been disabled.
2019-09-12 04:43:54,855 [Datanode State Machine Thread - 0] INFO  ratis.XceiverServerRatis (XceiverServerRatis.java:start(404)) - Starting XceiverServerRatis 4a6209c5-e52c-498b-a70a-f7b5c2b845a9 at port 0
2019-09-12 04:43:54,870 [Datanode State Machine Thread - 0] INFO  impl.RaftServerProxy (RaftServerProxy.java:lambda$start$3(299)) - 4a6209c5-e52c-498b-a70a-f7b5c2b845a9: start RPC server
2019-09-12 04:43:54,963 [Datanode State Machine Thread - 0] INFO  ozoneimpl.OzoneContainer (OzoneContainer.java:start(217)) - Attempting to start container services.
2019-09-12 04:43:54,964 [Datanode State Machine Thread - 0] INFO  ozoneimpl.OzoneContainer (OzoneContainer.java:startContainerScrub(179)) - Background container scanner has been disabled.
2019-09-12 04:43:54,964 [Datanode State Machine Thread - 0] INFO  ratis.XceiverServerRatis (XceiverServerRatis.java:start(404)) - Starting XceiverServerRatis ff593ad8-0a8c-4994-b186-664742ea902d at port 0
2019-09-12 04:43:54,978 [Datanode State Machine Thread - 0] INFO  impl.RaftServerProxy (RaftServerProxy.java:lambda$start$3(299)) - ff593ad8-0a8c-4994-b186-664742ea902d: start RPC server
2019-09-12 04:43:54,985 [Datanode State Machine Thread - 0] INFO  server.GrpcService (GrpcService.java:startImpl(158)) - 4a6209c5-e52c-498b-a70a-f7b5c2b845a9: GrpcService started, listening on 0.0.0.0/0.0.0.0:40323
2019-09-12 04:43:54,985 [Datanode State Machine Thread - 0] INFO  server.GrpcService (GrpcService.java:startImpl(158)) - 6a9b9dd7-7806-4506-bdaf-7a94c8190a08: GrpcService started, listening on 0.0.0.0/0.0.0.0:46421
2019-09-12 04:43:54,984 [Datanode State Machine Thread - 0] INFO  server.GrpcService (GrpcService.java:startImpl(158)) - ff593ad8-0a8c-4994-b186-664742ea902d: GrpcService started, listening on 0.0.0.0/0.0.0.0:42941
2019-09-12 04:43:54,986 [Datanode State Machine Thread - 0] INFO  ratis.XceiverServerRatis (XceiverServerRatis.java:start(414)) - XceiverServerRatis 6a9b9dd7-7806-4506-bdaf-7a94c8190a08 is started using port 46421
2019-09-12 04:43:54,986 [Datanode State Machine Thread - 0] INFO  ratis.XceiverServerRatis (XceiverServerRatis.java:start(414)) - XceiverServerRatis 4a6209c5-e52c-498b-a70a-f7b5c2b845a9 is started using port 40323
2019-09-12 04:43:54,987 [Datanode State Machine Thread - 0] INFO  ratis.XceiverServerRatis (XceiverServerRatis.java:start(414)) - XceiverServerRatis ff593ad8-0a8c-4994-b186-664742ea902d is started using port 42941
2019-09-12 04:43:54,997 [Datanode State Machine Thread - 0] INFO  server.XceiverServerGrpc (XceiverServerGrpc.java:start(163)) - XceiverServerGrpc ff593ad8-0a8c-4994-b186-664742ea902d is started using port 45827
2019-09-12 04:43:54,997 [Datanode State Machine Thread - 0] INFO  server.XceiverServerGrpc (XceiverServerGrpc.java:start(163)) - XceiverServerGrpc 6a9b9dd7-7806-4506-bdaf-7a94c8190a08 is started using port 44747
2019-09-12 04:43:54,997 [Datanode State Machine Thread - 0] INFO  server.XceiverServerGrpc (XceiverServerGrpc.java:start(163)) - XceiverServerGrpc 4a6209c5-e52c-498b-a70a-f7b5c2b845a9 is started using port 43891
2019-09-12 04:43:55,029 [Datanode State Machine Thread - 0] INFO  ozoneimpl.OzoneContainer (OzoneContainer.java:start(217)) - Attempting to start container services.
2019-09-12 04:43:55,030 [Datanode State Machine Thread - 0] INFO  ozoneimpl.OzoneContainer (OzoneContainer.java:startContainerScrub(179)) - Background container scanner has been disabled.
2019-09-12 04:43:55,030 [Datanode State Machine Thread - 0] INFO  ratis.XceiverServerRatis (XceiverServerRatis.java:start(404)) - Starting XceiverServerRatis dc062215-230a-40c1-88c1-e0a4fdad3ac4 at port 0
2019-09-12 04:43:55,039 [Datanode State Machine Thread - 0] INFO  impl.RaftServerProxy (RaftServerProxy.java:lambda$start$3(299)) - dc062215-230a-40c1-88c1-e0a4fdad3ac4: start RPC server
2019-09-12 04:43:55,045 [Datanode State Machine Thread - 0] INFO  server.GrpcService (GrpcService.java:startImpl(158)) - dc062215-230a-40c1-88c1-e0a4fdad3ac4: GrpcService started, listening on 0.0.0.0/0.0.0.0:46577
2019-09-12 04:43:55,046 [Datanode State Machine Thread - 0] INFO  ratis.XceiverServerRatis (XceiverServerRatis.java:start(414)) - XceiverServerRatis dc062215-230a-40c1-88c1-e0a4fdad3ac4 is started using port 46577
2019-09-12 04:43:55,052 [Datanode State Machine Thread - 0] INFO  server.XceiverServerGrpc (XceiverServerGrpc.java:start(163)) - XceiverServerGrpc dc062215-230a-40c1-88c1-e0a4fdad3ac4 is started using port 34224
2019-09-12 04:43:55,126 [Datanode State Machine Thread - 0] INFO  ozoneimpl.OzoneContainer (OzoneContainer.java:start(217)) - Attempting to start container services.
2019-09-12 04:43:55,126 [Datanode State Machine Thread - 0] INFO  ozoneimpl.OzoneContainer (OzoneContainer.java:startContainerScrub(179)) - Background container scanner has been disabled.
2019-09-12 04:43:55,127 [Datanode State Machine Thread - 0] INFO  ratis.XceiverServerRatis (XceiverServerRatis.java:start(404)) - Starting XceiverServerRatis cf6464f0-cbf8-4363-9806-263215a09c56 at port 0
2019-09-12 04:43:55,134 [Datanode State Machine Thread - 0] INFO  impl.RaftServerProxy (RaftServerProxy.java:lambda$start$3(299)) - cf6464f0-cbf8-4363-9806-263215a09c56: start RPC server
2019-09-12 04:43:55,139 [Datanode State Machine Thread - 0] INFO  server.GrpcService (GrpcService.java:startImpl(158)) - cf6464f0-cbf8-4363-9806-263215a09c56: GrpcService started, listening on 0.0.0.0/0.0.0.0:33437
2019-09-12 04:43:55,139 [Datanode State Machine Thread - 0] INFO  ratis.XceiverServerRatis (XceiverServerRatis.java:start(414)) - XceiverServerRatis cf6464f0-cbf8-4363-9806-263215a09c56 is started using port 33437
2019-09-12 04:43:55,143 [Datanode State Machine Thread - 0] INFO  server.XceiverServerGrpc (XceiverServerGrpc.java:start(163)) - XceiverServerGrpc cf6464f0-cbf8-4363-9806-263215a09c56 is started using port 38337
2019-09-12 04:43:55,197 [Datanode State Machine Thread - 0] INFO  ozoneimpl.OzoneContainer (OzoneContainer.java:start(217)) - Attempting to start container services.
2019-09-12 04:43:55,198 [Datanode State Machine Thread - 0] INFO  ozoneimpl.OzoneContainer (OzoneContainer.java:startContainerScrub(179)) - Background container scanner has been disabled.
2019-09-12 04:43:55,198 [Datanode State Machine Thread - 0] INFO  ratis.XceiverServerRatis (XceiverServerRatis.java:start(404)) - Starting XceiverServerRatis 5903dc6b-2e4c-43f3-9c86-89f09a7774cd at port 0
2019-09-12 04:43:55,206 [Datanode State Machine Thread - 0] INFO  impl.RaftServerProxy (RaftServerProxy.java:lambda$start$3(299)) - 5903dc6b-2e4c-43f3-9c86-89f09a7774cd: start RPC server
2019-09-12 04:43:55,211 [Datanode State Machine Thread - 0] INFO  server.GrpcService (GrpcService.java:startImpl(158)) - 5903dc6b-2e4c-43f3-9c86-89f09a7774cd: GrpcService started, listening on 0.0.0.0/0.0.0.0:35486
2019-09-12 04:43:55,211 [Datanode State Machine Thread - 0] INFO  ratis.XceiverServerRatis (XceiverServerRatis.java:start(414)) - XceiverServerRatis 5903dc6b-2e4c-43f3-9c86-89f09a7774cd is started using port 35486
2019-09-12 04:43:55,215 [Datanode State Machine Thread - 0] INFO  server.XceiverServerGrpc (XceiverServerGrpc.java:start(163)) - XceiverServerGrpc 5903dc6b-2e4c-43f3-9c86-89f09a7774cd is started using port 42874
2019-09-12 04:43:55,274 [Datanode State Machine Thread - 0] INFO  ozoneimpl.OzoneContainer (OzoneContainer.java:start(217)) - Attempting to start container services.
2019-09-12 04:43:55,274 [Datanode State Machine Thread - 0] INFO  ozoneimpl.OzoneContainer (OzoneContainer.java:startContainerScrub(179)) - Background container scanner has been disabled.
2019-09-12 04:43:55,274 [Datanode State Machine Thread - 0] INFO  ratis.XceiverServerRatis (XceiverServerRatis.java:start(404)) - Starting XceiverServerRatis f262dcb5-fcde-4b4d-8116-9712eaf07b60 at port 0
2019-09-12 04:43:55,281 [Datanode State Machine Thread - 0] INFO  impl.RaftServerProxy (RaftServerProxy.java:lambda$start$3(299)) - f262dcb5-fcde-4b4d-8116-9712eaf07b60: start RPC server
2019-09-12 04:43:55,288 [Datanode State Machine Thread - 0] INFO  server.GrpcService (GrpcService.java:startImpl(158)) - f262dcb5-fcde-4b4d-8116-9712eaf07b60: GrpcService started, listening on 0.0.0.0/0.0.0.0:45858
2019-09-12 04:43:55,288 [Datanode State Machine Thread - 0] INFO  ratis.XceiverServerRatis (XceiverServerRatis.java:start(414)) - XceiverServerRatis f262dcb5-fcde-4b4d-8116-9712eaf07b60 is started using port 45858
2019-09-12 04:43:55,294 [Datanode State Machine Thread - 0] INFO  server.XceiverServerGrpc (XceiverServerGrpc.java:start(163)) - XceiverServerGrpc f262dcb5-fcde-4b4d-8116-9712eaf07b60 is started using port 40799
2019-09-12 04:43:55,340 [Datanode State Machine Thread - 0] INFO  ozoneimpl.OzoneContainer (OzoneContainer.java:start(217)) - Attempting to start container services.
2019-09-12 04:43:55,341 [Datanode State Machine Thread - 0] INFO  ozoneimpl.OzoneContainer (OzoneContainer.java:startContainerScrub(179)) - Background container scanner has been disabled.
2019-09-12 04:43:55,341 [Datanode State Machine Thread - 0] INFO  ratis.XceiverServerRatis (XceiverServerRatis.java:start(404)) - Starting XceiverServerRatis eec7f56f-87bd-4e59-a43c-c5b862436b1c at port 0
2019-09-12 04:43:55,347 [Datanode State Machine Thread - 0] INFO  impl.RaftServerProxy (RaftServerProxy.java:lambda$start$3(299)) - eec7f56f-87bd-4e59-a43c-c5b862436b1c: start RPC server
2019-09-12 04:43:55,352 [Datanode State Machine Thread - 0] INFO  server.GrpcService (GrpcService.java:startImpl(158)) - eec7f56f-87bd-4e59-a43c-c5b862436b1c: GrpcService started, listening on 0.0.0.0/0.0.0.0:37396
2019-09-12 04:43:55,352 [Datanode State Machine Thread - 0] INFO  ratis.XceiverServerRatis (XceiverServerRatis.java:start(414)) - XceiverServerRatis eec7f56f-87bd-4e59-a43c-c5b862436b1c is started using port 37396
2019-09-12 04:43:55,356 [Datanode State Machine Thread - 0] INFO  server.XceiverServerGrpc (XceiverServerGrpc.java:start(163)) - XceiverServerGrpc eec7f56f-87bd-4e59-a43c-c5b862436b1c is started using port 41234
2019-09-12 04:43:55,425 [Datanode State Machine Thread - 0] INFO  ozoneimpl.OzoneContainer (OzoneContainer.java:start(217)) - Attempting to start container services.
2019-09-12 04:43:55,426 [Datanode State Machine Thread - 0] INFO  ozoneimpl.OzoneContainer (OzoneContainer.java:startContainerScrub(179)) - Background container scanner has been disabled.
2019-09-12 04:43:55,426 [Datanode State Machine Thread - 0] INFO  ratis.XceiverServerRatis (XceiverServerRatis.java:start(404)) - Starting XceiverServerRatis 11629c23-30ab-483c-81ff-e86f5fb16847 at port 0
2019-09-12 04:43:55,433 [Datanode State Machine Thread - 0] INFO  impl.RaftServerProxy (RaftServerProxy.java:lambda$start$3(299)) - 11629c23-30ab-483c-81ff-e86f5fb16847: start RPC server
2019-09-12 04:43:55,442 [Datanode State Machine Thread - 0] INFO  server.GrpcService (GrpcService.java:startImpl(158)) - 11629c23-30ab-483c-81ff-e86f5fb16847: GrpcService started, listening on 0.0.0.0/0.0.0.0:35874
2019-09-12 04:43:55,442 [Datanode State Machine Thread - 0] INFO  ratis.XceiverServerRatis (XceiverServerRatis.java:start(414)) - XceiverServerRatis 11629c23-30ab-483c-81ff-e86f5fb16847 is started using port 35874
2019-09-12 04:43:55,447 [Datanode State Machine Thread - 0] INFO  server.XceiverServerGrpc (XceiverServerGrpc.java:start(163)) - XceiverServerGrpc 11629c23-30ab-483c-81ff-e86f5fb16847 is started using port 40188
2019-09-12 04:43:55,477 [main] INFO  ozone.MiniOzoneClusterImpl (MiniOzoneClusterImpl.java:lambda$waitForClusterToBeReady$0(140)) - Waiting for cluster to be ready. Got 0 of 10 DN Heartbeats.
2019-09-12 04:43:55,508 [Datanode State Machine Thread - 0] INFO  ozoneimpl.OzoneContainer (OzoneContainer.java:start(217)) - Attempting to start container services.
2019-09-12 04:43:55,508 [Datanode State Machine Thread - 0] INFO  ozoneimpl.OzoneContainer (OzoneContainer.java:startContainerScrub(179)) - Background container scanner has been disabled.
2019-09-12 04:43:55,508 [Datanode State Machine Thread - 0] INFO  ratis.XceiverServerRatis (XceiverServerRatis.java:start(404)) - Starting XceiverServerRatis 2534340d-8749-41cd-9451-53923b204706 at port 0
2019-09-12 04:43:55,518 [Datanode State Machine Thread - 0] INFO  impl.RaftServerProxy (RaftServerProxy.java:lambda$start$3(299)) - 2534340d-8749-41cd-9451-53923b204706: start RPC server
2019-09-12 04:43:55,536 [Datanode State Machine Thread - 0] INFO  server.GrpcService (GrpcService.java:startImpl(158)) - 2534340d-8749-41cd-9451-53923b204706: GrpcService started, listening on 0.0.0.0/0.0.0.0:34449
2019-09-12 04:43:55,536 [Datanode State Machine Thread - 0] INFO  ratis.XceiverServerRatis (XceiverServerRatis.java:start(414)) - XceiverServerRatis 2534340d-8749-41cd-9451-53923b204706 is started using port 34449
2019-09-12 04:43:55,559 [Datanode State Machine Thread - 0] INFO  server.XceiverServerGrpc (XceiverServerGrpc.java:start(163)) - XceiverServerGrpc 2534340d-8749-41cd-9451-53923b204706 is started using port 39285
2019-09-12 04:43:56,478 [main] INFO  ozone.MiniOzoneClusterImpl (MiniOzoneClusterImpl.java:lambda$waitForClusterToBeReady$0(140)) - Waiting for cluster to be ready. Got 0 of 10 DN Heartbeats.
2019-09-12 04:43:56,799 [IPC Server handler 1 on 37276] INFO  net.NetworkTopology (NetworkTopologyImpl.java:add(111)) - Added a new node: /default-rack/6a9b9dd7-7806-4506-bdaf-7a94c8190a08
2019-09-12 04:43:56,800 [IPC Server handler 1 on 37276] INFO  node.SCMNodeManager (SCMNodeManager.java:register(266)) - Registered Data node : 6a9b9dd7-7806-4506-bdaf-7a94c8190a08{ip: 192.168.34.8, host: pr-hdds-1879-pbs75-1821932185, networkLocation: /default-rack, certSerialId: null}
2019-09-12 04:43:56,807 [EventQueue-NodeRegistrationContainerReportForDataNodeSafeModeRule] INFO  safemode.SCMSafeModeManager (DataNodeSafeModeRule.java:process(71)) - SCM in safe mode. 1 DataNodes registered, 1 required.
2019-09-12 04:43:56,811 [EventQueue-NodeRegistrationContainerReportForDataNodeSafeModeRule] INFO  safemode.SCMSafeModeManager (SCMSafeModeManager.java:validateSafeModeExitRules(177)) - ScmSafeModeManager, all rules are successfully validated
2019-09-12 04:43:56,811 [EventQueue-NodeRegistrationContainerReportForDataNodeSafeModeRule] INFO  safemode.SCMSafeModeManager (SCMSafeModeManager.java:exitSafeMode(193)) - SCM exiting safe mode.
2019-09-12 04:43:56,836 [IPC Server handler 2 on 37276] INFO  net.NetworkTopology (NetworkTopologyImpl.java:add(111)) - Added a new node: /default-rack/4a6209c5-e52c-498b-a70a-f7b5c2b845a9
2019-09-12 04:43:56,836 [IPC Server handler 2 on 37276] INFO  node.SCMNodeManager (SCMNodeManager.java:register(266)) - Registered Data node : 4a6209c5-e52c-498b-a70a-f7b5c2b845a9{ip: 192.168.34.8, host: pr-hdds-1879-pbs75-1821932185, networkLocation: /default-rack, certSerialId: null}
2019-09-12 04:43:56,939 [IPC Server handler 3 on 37276] INFO  net.NetworkTopology (NetworkTopologyImpl.java:add(111)) - Added a new node: /default-rack/ff593ad8-0a8c-4994-b186-664742ea902d
2019-09-12 04:43:56,939 [IPC Server handler 3 on 37276] INFO  node.SCMNodeManager (SCMNodeManager.java:register(266)) - Registered Data node : ff593ad8-0a8c-4994-b186-664742ea902d{ip: 192.168.34.8, host: pr-hdds-1879-pbs75-1821932185, networkLocation: /default-rack, certSerialId: null}
2019-09-12 04:43:57,020 [IPC Server handler 4 on 37276] INFO  net.NetworkTopology (NetworkTopologyImpl.java:add(111)) - Added a new node: /default-rack/dc062215-230a-40c1-88c1-e0a4fdad3ac4
2019-09-12 04:43:57,020 [IPC Server handler 4 on 37276] INFO  node.SCMNodeManager (SCMNodeManager.java:register(266)) - Registered Data node : dc062215-230a-40c1-88c1-e0a4fdad3ac4{ip: 192.168.34.8, host: pr-hdds-1879-pbs75-1821932185, networkLocation: /default-rack, certSerialId: null}
2019-09-12 04:43:57,119 [IPC Server handler 5 on 37276] INFO  net.NetworkTopology (NetworkTopologyImpl.java:add(111)) - Added a new node: /default-rack/cf6464f0-cbf8-4363-9806-263215a09c56
2019-09-12 04:43:57,119 [IPC Server handler 5 on 37276] INFO  node.SCMNodeManager (SCMNodeManager.java:register(266)) - Registered Data node : cf6464f0-cbf8-4363-9806-263215a09c56{ip: 192.168.34.8, host: pr-hdds-1879-pbs75-1821932185, networkLocation: /default-rack, certSerialId: null}
2019-09-12 04:43:57,185 [IPC Server handler 6 on 37276] INFO  net.NetworkTopology (NetworkTopologyImpl.java:add(111)) - Added a new node: /default-rack/5903dc6b-2e4c-43f3-9c86-89f09a7774cd
2019-09-12 04:43:57,185 [IPC Server handler 6 on 37276] INFO  node.SCMNodeManager (SCMNodeManager.java:register(266)) - Registered Data node : 5903dc6b-2e4c-43f3-9c86-89f09a7774cd{ip: 192.168.34.8, host: pr-hdds-1879-pbs75-1821932185, networkLocation: /default-rack, certSerialId: null}
2019-09-12 04:43:57,282 [IPC Server handler 7 on 37276] INFO  net.NetworkTopology (NetworkTopologyImpl.java:add(111)) - Added a new node: /default-rack/f262dcb5-fcde-4b4d-8116-9712eaf07b60
2019-09-12 04:43:57,282 [IPC Server handler 7 on 37276] INFO  node.SCMNodeManager (SCMNodeManager.java:register(266)) - Registered Data node : f262dcb5-fcde-4b4d-8116-9712eaf07b60{ip: 192.168.34.8, host: pr-hdds-1879-pbs75-1821932185, networkLocation: /default-rack, certSerialId: null}
2019-09-12 04:43:57,326 [IPC Server handler 8 on 37276] INFO  net.NetworkTopology (NetworkTopologyImpl.java:add(111)) - Added a new node: /default-rack/eec7f56f-87bd-4e59-a43c-c5b862436b1c
2019-09-12 04:43:57,326 [IPC Server handler 8 on 37276] INFO  node.SCMNodeManager (SCMNodeManager.java:register(266)) - Registered Data node : eec7f56f-87bd-4e59-a43c-c5b862436b1c{ip: 192.168.34.8, host: pr-hdds-1879-pbs75-1821932185, networkLocation: /default-rack, certSerialId: null}
2019-09-12 04:43:57,407 [IPC Server handler 10 on 37276] INFO  net.NetworkTopology (NetworkTopologyImpl.java:add(111)) - Added a new node: /default-rack/11629c23-30ab-483c-81ff-e86f5fb16847
2019-09-12 04:43:57,409 [IPC Server handler 10 on 37276] INFO  node.SCMNodeManager (SCMNodeManager.java:register(266)) - Registered Data node : 11629c23-30ab-483c-81ff-e86f5fb16847{ip: 192.168.34.8, host: pr-hdds-1879-pbs75-1821932185, networkLocation: /default-rack, certSerialId: null}
2019-09-12 04:43:57,454 [grpc-default-executor-0] INFO  impl.RaftServerProxy (RaftServerProxy.java:addNew(89)) - 6a9b9dd7-7806-4506-bdaf-7a94c8190a08: addNew group-73A181EEDD51:[6a9b9dd7-7806-4506-bdaf-7a94c8190a08:192.168.34.8:46421] returns group-73A181EEDD51:java.util.concurrent.CompletableFuture@60b189fe[Not completed]
2019-09-12 04:43:57,481 [main] INFO  ozone.MiniOzoneClusterImpl (MiniOzoneClusterImpl.java:lambda$waitForClusterToBeReady$0(140)) - Waiting for cluster to be ready. Got 9 of 10 DN Heartbeats.
2019-09-12 04:43:57,497 [IPC Server handler 9 on 37276] INFO  net.NetworkTopology (NetworkTopologyImpl.java:add(111)) - Added a new node: /default-rack/2534340d-8749-41cd-9451-53923b204706
2019-09-12 04:43:57,497 [IPC Server handler 9 on 37276] INFO  node.SCMNodeManager (SCMNodeManager.java:register(266)) - Registered Data node : 2534340d-8749-41cd-9451-53923b204706{ip: 192.168.34.8, host: pr-hdds-1879-pbs75-1821932185, networkLocation: /default-rack, certSerialId: null}
2019-09-12 04:43:57,497 [pool-27-thread-1] INFO  impl.RaftServerImpl (RaftServerImpl.java:<init>(95)) - 6a9b9dd7-7806-4506-bdaf-7a94c8190a08: new RaftServerImpl for group-73A181EEDD51:[6a9b9dd7-7806-4506-bdaf-7a94c8190a08:192.168.34.8:46421] with ContainerStateMachine:uninitialized
2019-09-12 04:43:57,499 [pool-27-thread-1] INFO  server.RaftServerConfigKeys (ConfUtils.java:logGet(43)) - raft.server.rpc.timeout.min = 1s (custom)
2019-09-12 04:43:57,501 [pool-27-thread-1] INFO  server.RaftServerConfigKeys (ConfUtils.java:logGet(43)) - raft.server.rpc.timeout.max = 1200ms (custom)
2019-09-12 04:43:57,501 [pool-27-thread-1] INFO  server.RaftServerConfigKeys (ConfUtils.java:logGet(43)) - raft.server.rpcslowness.timeout = 120s (custom)
2019-09-12 04:43:57,502 [pool-27-thread-1] INFO  server.RaftServerConfigKeys (ConfUtils.java:logGet(43)) - raft.server.sleep.deviation.threshold = 300 (default)
2019-09-12 04:43:57,504 [pool-27-thread-1] INFO  server.RaftServerConfigKeys (ConfUtils.java:logGet(43)) - raft.server.log.appender.install.snapshot.enabled = false (custom)
2019-09-12 04:43:57,512 [pool-27-thread-1] INFO  impl.RaftServerImpl (ServerState.java:<init>(103)) - 6a9b9dd7-7806-4506-bdaf-7a94c8190a08@group-73A181EEDD51: ConfigurationManager, init=-1: [6a9b9dd7-7806-4506-bdaf-7a94c8190a08:192.168.34.8:46421], old=null, confs=<EMPTY_MAP>
2019-09-12 04:43:57,513 [pool-27-thread-1] INFO  server.RaftServerConfigKeys (ConfUtils.java:logGet(43)) - raft.server.storage.dir = [/workdir/hadoop-ozone/integration-test/target/test-dir/MiniOzoneClusterImpl-0727815a-69b9-4555-83e7-340a4888e3ed/datanode-0/data/ratis] (custom)
2019-09-12 04:43:57,520 [pool-27-thread-1] INFO  storage.RaftStorageDirectory (RaftStorageDirectory.java:analyzeStorage(246)) - The storage directory /workdir/hadoop-ozone/integration-test/target/test-dir/MiniOzoneClusterImpl-0727815a-69b9-4555-83e7-340a4888e3ed/datanode-0/data/ratis/0ebd07ee-3efa-49ac-b5d1-73a181eedd51 does not exist. Creating ...
2019-09-12 04:43:57,538 [pool-27-thread-1] INFO  storage.RaftStorageDirectory (RaftStorageDirectory.java:tryLock(328)) - Lock on /workdir/hadoop-ozone/integration-test/target/test-dir/MiniOzoneClusterImpl-0727815a-69b9-4555-83e7-340a4888e3ed/datanode-0/data/ratis/0ebd07ee-3efa-49ac-b5d1-73a181eedd51/in_use.lock acquired by nodename 14047@pr-hdds-1879-pbs75-1821932185
2019-09-12 04:43:57,555 [pool-27-thread-1] INFO  storage.RaftStorage (RaftStorage.java:format(72)) - Storage directory /workdir/hadoop-ozone/integration-test/target/test-dir/MiniOzoneClusterImpl-0727815a-69b9-4555-83e7-340a4888e3ed/datanode-0/data/ratis/0ebd07ee-3efa-49ac-b5d1-73a181eedd51 has been successfully formatted.
2019-09-12 04:43:57,559 [pool-27-thread-1] INFO  ratis.ContainerStateMachine (ContainerStateMachine.java:loadSnapshot(230)) - group-73A181EEDD51: The snapshot info is null. Setting the last applied indexto:(t:0, i:~)
2019-09-12 04:43:57,559 [pool-27-thread-1] INFO  server.RaftServerConfigKeys (ConfUtils.java:logGet(43)) - raft.server.notification.no-leader.timeout = 120s (custom)
2019-09-12 04:43:57,563 [pool-27-thread-1] INFO  server.RaftServerConfigKeys (ConfUtils.java:logGet(43)) - raft.server.log.use.memory = false (default)
2019-09-12 04:43:57,571 [pool-27-thread-1] INFO  server.RaftServerConfigKeys (ConfUtils.java:logGet(43)) - raft.server.log.purge.gap = 1000000 (custom)
2019-09-12 04:43:57,572 [pool-27-thread-1] INFO  server.RaftServerConfigKeys (ConfUtils.java:logGet(43)) - raft.server.log.appender.buffer.byte-limit = 33554432 (custom)
2019-09-12 04:43:57,575 [pool-27-thread-1] INFO  server.RaftServerConfigKeys (ConfUtils.java:logGet(43)) - raft.server.log.segment.size.max = 1048576 (custom)
2019-09-12 04:43:57,582 [pool-27-thread-1] INFO  server.RaftServerConfigKeys (ConfUtils.java:logGet(43)) - raft.server.log.segment.cache.num.max = 2 (custom)
2019-09-12 04:43:57,590 [pool-27-thread-1] INFO  segmented.SegmentedRaftLogWorker (SegmentedRaftLogWorker.java:<init>(172)) - new 6a9b9dd7-7806-4506-bdaf-7a94c8190a08@group-73A181EEDD51-SegmentedRaftLogWorker for RaftStorage:Storage Directory /workdir/hadoop-ozone/integration-test/target/test-dir/MiniOzoneClusterImpl-0727815a-69b9-4555-83e7-340a4888e3ed/datanode-0/data/ratis/0ebd07ee-3efa-49ac-b5d1-73a181eedd51
2019-09-12 04:43:57,592 [pool-27-thread-1] INFO  impl.MetricsSystemImpl (MetricsSystemImpl.java:init(158)) - ratis metrics system started (again)
2019-09-12 04:43:57,639 [pool-27-thread-1] INFO  server.RaftServerConfigKeys (ConfUtils.java:logGet(43)) - raft.server.log.queue.byte-limit = 2147483647 (custom)
2019-09-12 04:43:57,639 [pool-27-thread-1] INFO  server.RaftServerConfigKeys (ConfUtils.java:logGet(43)) - raft.server.log.queue.element-limit = 1024 (custom)
2019-09-12 04:43:57,643 [pool-27-thread-1] INFO  server.RaftServerConfigKeys (ConfUtils.java:logGet(43)) - raft.server.log.segment.size.max = 1048576 (custom)
2019-09-12 04:43:57,644 [pool-27-thread-1] INFO  server.RaftServerConfigKeys (ConfUtils.java:logGet(43)) - raft.server.log.preallocated.size = 16384 (custom)
2019-09-12 04:43:57,644 [pool-27-thread-1] INFO  server.RaftServerConfigKeys (ConfUtils.java:logGet(43)) - raft.server.log.write.buffer.size = 33554432 (custom)
2019-09-12 04:43:57,645 [pool-27-thread-1] INFO  server.RaftServerConfigKeys (ConfUtils.java:logGet(43)) - raft.server.log.force.sync.num = 128 (default)
2019-09-12 04:43:57,646 [pool-27-thread-1] INFO  server.RaftServerConfigKeys (ConfUtils.java:logGet(43)) - raft.server.log.statemachine.data.sync = true (default)
2019-09-12 04:43:57,646 [pool-27-thread-1] INFO  server.RaftServerConfigKeys (ConfUtils.java:logGet(43)) - raft.server.log.statemachine.data.sync.timeout = 10s (default)
2019-09-12 04:43:57,646 [pool-27-thread-1] INFO  server.RaftServerConfigKeys (ConfUtils.java:logGet(43)) - raft.server.log.statemachine.data.sync.timeout.retry = -1 (default)
2019-09-12 04:43:57,656 [pool-27-thread-1] INFO  server.RaftServerConfigKeys (ConfUtils.java:logGet(43)) - raft.server.log.statemachine.data.caching.enabled = true (custom)
2019-09-12 04:43:57,660 [pool-27-thread-1] INFO  segmented.SegmentedRaftLogWorker (SegmentedRaftLogWorker.java:lambda$new$0(132)) - 6a9b9dd7-7806-4506-bdaf-7a94c8190a08@group-73A181EEDD51-SegmentedRaftLogWorker: flushIndex: setUnconditionally 0 -> -1
2019-09-12 04:43:57,665 [pool-27-thread-1] INFO  server.RaftServerConfigKeys (ConfUtils.java:logGet(43)) - raft.server.snapshot.auto.trigger.enabled = true (custom)
2019-09-12 04:43:57,665 [pool-27-thread-1] INFO  server.RaftServerConfigKeys (ConfUtils.java:logGet(43)) - raft.server.snapshot.auto.trigger.threshold = 10000 (custom)
2019-09-12 04:43:57,666 [pool-27-thread-1] INFO  server.RaftServerConfigKeys (ConfUtils.java:logGet(43)) - raft.server.snapshot.retention.num.files = -1 (default)
2019-09-12 04:43:57,666 [pool-27-thread-1] INFO  server.RaftServerConfigKeys (ConfUtils.java:logGet(43)) - raft.server.retrycache.expirytime = 600000ms (custom)
2019-09-12 04:43:57,693 [pool-27-thread-1] INFO  impl.RaftServerImpl (RaftServerImpl.java:start(185)) - 6a9b9dd7-7806-4506-bdaf-7a94c8190a08@group-73A181EEDD51: start as a follower, conf=-1: [6a9b9dd7-7806-4506-bdaf-7a94c8190a08:192.168.34.8:46421], old=null
2019-09-12 04:43:57,694 [pool-27-thread-1] INFO  impl.RaftServerImpl (RaftServerImpl.java:setRole(174)) - 6a9b9dd7-7806-4506-bdaf-7a94c8190a08@group-73A181EEDD51: changes role from      null to FOLLOWER at term 0 for startAsFollower
2019-09-12 04:43:57,695 [pool-27-thread-1] INFO  impl.RoleInfo (RoleInfo.java:updateAndGet(143)) - 6a9b9dd7-7806-4506-bdaf-7a94c8190a08: start FollowerState
2019-09-12 04:43:57,696 [pool-27-thread-1] INFO  util.JmxRegister (JmxRegister.java:tryRegister(44)) - Successfully registered JMX Bean with object name Ratis:service=RaftServer,group=group-73A181EEDD51,id=6a9b9dd7-7806-4506-bdaf-7a94c8190a08
2019-09-12 04:43:57,772 [RatisPipelineUtilsThread] INFO  pipeline.PipelineStateManager (PipelineStateManager.java:addPipeline(56)) - Created pipeline Pipeline[ Id: 0ebd07ee-3efa-49ac-b5d1-73a181eedd51, Nodes: 6a9b9dd7-7806-4506-bdaf-7a94c8190a08{ip: 192.168.34.8, host: pr-hdds-1879-pbs75-1821932185, networkLocation: /default-rack, certSerialId: null}, Type:RATIS, Factor:ONE, State:OPEN]
2019-09-12 04:43:57,809 [grpc-default-executor-0] INFO  impl.RaftServerProxy (RaftServerProxy.java:addNew(89)) - f262dcb5-fcde-4b4d-8116-9712eaf07b60: addNew group-097A1D94D7F7:[f262dcb5-fcde-4b4d-8116-9712eaf07b60:192.168.34.8:45858] returns group-097A1D94D7F7:java.util.concurrent.CompletableFuture@4612f270[Not completed]
2019-09-12 04:43:57,868 [pool-87-thread-1] INFO  impl.RaftServerImpl (RaftServerImpl.java:<init>(95)) - f262dcb5-fcde-4b4d-8116-9712eaf07b60: new RaftServerImpl for group-097A1D94D7F7:[f262dcb5-fcde-4b4d-8116-9712eaf07b60:192.168.34.8:45858] with ContainerStateMachine:uninitialized
2019-09-12 04:43:57,870 [pool-87-thread-1] INFO  server.RaftServerConfigKeys (ConfUtils.java:logGet(43)) - raft.server.rpc.timeout.min = 1s (custom)
2019-09-12 04:43:57,870 [pool-87-thread-1] INFO  server.RaftServerConfigKeys (ConfUtils.java:logGet(43)) - raft.server.rpc.timeout.max = 1200ms (custom)
2019-09-12 04:43:57,870 [pool-87-thread-1] INFO  server.RaftServerConfigKeys (ConfUtils.java:logGet(43)) - raft.server.rpcslowness.timeout = 120s (custom)
2019-09-12 04:43:57,870 [pool-87-thread-1] INFO  server.RaftServerConfigKeys (ConfUtils.java:logGet(43)) - raft.server.sleep.deviation.threshold = 300 (default)
2019-09-12 04:43:57,870 [pool-87-thread-1] INFO  server.RaftServerConfigKeys (ConfUtils.java:logGet(43)) - raft.server.log.appender.install.snapshot.enabled = false (custom)
2019-09-12 04:43:57,871 [pool-87-thread-1] INFO  impl.RaftServerImpl (ServerState.java:<init>(103)) - f262dcb5-fcde-4b4d-8116-9712eaf07b60@group-097A1D94D7F7: ConfigurationManager, init=-1: [f262dcb5-fcde-4b4d-8116-9712eaf07b60:192.168.34.8:45858], old=null, confs=<EMPTY_MAP>
2019-09-12 04:43:57,871 [pool-87-thread-1] INFO  server.RaftServerConfigKeys (ConfUtils.java:logGet(43)) - raft.server.storage.dir = [/workdir/hadoop-ozone/integration-test/target/test-dir/MiniOzoneClusterImpl-0727815a-69b9-4555-83e7-340a4888e3ed/datanode-6/data/ratis] (custom)
2019-09-12 04:43:57,871 [pool-87-thread-1] INFO  storage.RaftStorageDirectory (RaftStorageDirectory.java:analyzeStorage(246)) - The storage directory /workdir/hadoop-ozone/integration-test/target/test-dir/MiniOzoneClusterImpl-0727815a-69b9-4555-83e7-340a4888e3ed/datanode-6/data/ratis/b4b9d3cc-5fc4-4277-8a16-097a1d94d7f7 does not exist. Creating ...
2019-09-12 04:43:57,886 [pool-87-thread-1] INFO  storage.RaftStorageDirectory (RaftStorageDirectory.java:tryLock(328)) - Lock on /workdir/hadoop-ozone/integration-test/target/test-dir/MiniOzoneClusterImpl-0727815a-69b9-4555-83e7-340a4888e3ed/datanode-6/data/ratis/b4b9d3cc-5fc4-4277-8a16-097a1d94d7f7/in_use.lock acquired by nodename 14047@pr-hdds-1879-pbs75-1821932185
2019-09-12 04:43:57,902 [pool-87-thread-1] INFO  storage.RaftStorage (RaftStorage.java:format(72)) - Storage directory /workdir/hadoop-ozone/integration-test/target/test-dir/MiniOzoneClusterImpl-0727815a-69b9-4555-83e7-340a4888e3ed/datanode-6/data/ratis/b4b9d3cc-5fc4-4277-8a16-097a1d94d7f7 has been successfully formatted.
2019-09-12 04:43:57,905 [pool-87-thread-1] INFO  ratis.ContainerStateMachine (ContainerStateMachine.java:loadSnapshot(230)) - group-097A1D94D7F7: The snapshot info is null. Setting the last applied indexto:(t:0, i:~)
2019-09-12 04:43:57,908 [pool-87-thread-1] INFO  server.RaftServerConfigKeys (ConfUtils.java:logGet(43)) - raft.server.notification.no-leader.timeout = 120s (custom)
2019-09-12 04:43:57,908 [pool-87-thread-1] INFO  server.RaftServerConfigKeys (ConfUtils.java:logGet(43)) - raft.server.log.use.memory = false (default)
2019-09-12 04:43:57,908 [pool-87-thread-1] INFO  server.RaftServerConfigKeys (ConfUtils.java:logGet(43)) - raft.server.log.purge.gap = 1000000 (custom)
2019-09-12 04:43:57,908 [pool-87-thread-1] INFO  server.RaftServerConfigKeys (ConfUtils.java:logGet(43)) - raft.server.log.appender.buffer.byte-limit = 33554432 (custom)
2019-09-12 04:43:57,908 [pool-87-thread-1] INFO  server.RaftServerConfigKeys (ConfUtils.java:logGet(43)) - raft.server.log.segment.size.max = 1048576 (custom)
2019-09-12 04:43:57,909 [pool-87-thread-1] INFO  server.RaftServerConfigKeys (ConfUtils.java:logGet(43)) - raft.server.log.segment.cache.num.max = 2 (custom)
2019-09-12 04:43:57,909 [pool-87-thread-1] INFO  segmented.SegmentedRaftLogWorker (SegmentedRaftLogWorker.java:<init>(172)) - new f262dcb5-fcde-4b4d-8116-9712eaf07b60@group-097A1D94D7F7-SegmentedRaftLogWorker for RaftStorage:Storage Directory /workdir/hadoop-ozone/integration-test/target/test-dir/MiniOzoneClusterImpl-0727815a-69b9-4555-83e7-340a4888e3ed/datanode-6/data/ratis/b4b9d3cc-5fc4-4277-8a16-097a1d94d7f7
2019-09-12 04:43:57,917 [pool-87-thread-1] INFO  server.RaftServerConfigKeys (ConfUtils.java:logGet(43)) - raft.server.log.queue.byte-limit = 2147483647 (custom)
2019-09-12 04:43:57,917 [pool-87-thread-1] INFO  server.RaftServerConfigKeys (ConfUtils.java:logGet(43)) - raft.server.log.queue.element-limit = 1024 (custom)
2019-09-12 04:43:57,918 [pool-87-thread-1] INFO  server.RaftServerConfigKeys (ConfUtils.java:logGet(43)) - raft.server.log.segment.size.max = 1048576 (custom)
2019-09-12 04:43:57,918 [pool-87-thread-1] INFO  server.RaftServerConfigKeys (ConfUtils.java:logGet(43)) - raft.server.log.preallocated.size = 16384 (custom)
2019-09-12 04:43:57,918 [pool-87-thread-1] INFO  server.RaftServerConfigKeys (ConfUtils.java:logGet(43)) - raft.server.log.write.buffer.size = 33554432 (custom)
2019-09-12 04:43:57,918 [pool-87-thread-1] INFO  server.RaftServerConfigKeys (ConfUtils.java:logGet(43)) - raft.server.log.force.sync.num = 128 (default)
2019-09-12 04:43:57,918 [pool-87-thread-1] INFO  server.RaftServerConfigKeys (ConfUtils.java:logGet(43)) - raft.server.log.statemachine.data.sync = true (default)
2019-09-12 04:43:57,918 [pool-87-thread-1] INFO  server.RaftServerConfigKeys (ConfUtils.java:logGet(43)) - raft.server.log.statemachine.data.sync.timeout = 10s (default)
2019-09-12 04:43:57,919 [pool-87-thread-1] INFO  server.RaftServerConfigKeys (ConfUtils.java:logGet(43)) - raft.server.log.statemachine.data.sync.timeout.retry = -1 (default)
2019-09-12 04:43:57,919 [pool-87-thread-1] INFO  server.RaftServerConfigKeys (ConfUtils.java:logGet(43)) - raft.server.log.statemachine.data.caching.enabled = true (custom)
2019-09-12 04:43:57,919 [pool-87-thread-1] INFO  segmented.SegmentedRaftLogWorker (SegmentedRaftLogWorker.java:lambda$new$0(132)) - f262dcb5-fcde-4b4d-8116-9712eaf07b60@group-097A1D94D7F7-SegmentedRaftLogWorker: flushIndex: setUnconditionally 0 -> -1
2019-09-12 04:43:57,920 [pool-87-thread-1] INFO  server.RaftServerConfigKeys (ConfUtils.java:logGet(43)) - raft.server.snapshot.auto.trigger.enabled = true (custom)
2019-09-12 04:43:57,920 [pool-87-thread-1] INFO  server.RaftServerConfigKeys (ConfUtils.java:logGet(43)) - raft.server.snapshot.auto.trigger.threshold = 10000 (custom)
2019-09-12 04:43:57,920 [pool-87-thread-1] INFO  server.RaftServerConfigKeys (ConfUtils.java:logGet(43)) - raft.server.snapshot.retention.num.files = -1 (default)
2019-09-12 04:43:57,920 [pool-87-thread-1] INFO  server.RaftServerConfigKeys (ConfUtils.java:logGet(43)) - raft.server.retrycache.expirytime = 600000ms (custom)
2019-09-12 04:43:57,924 [pool-87-thread-1] INFO  impl.RaftServerImpl (RaftServerImpl.java:start(185)) - f262dcb5-fcde-4b4d-8116-9712eaf07b60@group-097A1D94D7F7: start as a follower, conf=-1: [f262dcb5-fcde-4b4d-8116-9712eaf07b60:192.168.34.8:45858], old=null
2019-09-12 04:43:57,925 [pool-87-thread-1] INFO  impl.RaftServerImpl (RaftServerImpl.java:setRole(174)) - f262dcb5-fcde-4b4d-8116-9712eaf07b60@group-097A1D94D7F7: changes role from      null to FOLLOWER at term 0 for startAsFollower
2019-09-12 04:43:57,925 [pool-87-thread-1] INFO  impl.RoleInfo (RoleInfo.java:updateAndGet(143)) - f262dcb5-fcde-4b4d-8116-9712eaf07b60: start FollowerState
2019-09-12 04:43:57,927 [pool-87-thread-1] INFO  util.JmxRegister (JmxRegister.java:tryRegister(44)) - Successfully registered JMX Bean with object name Ratis:service=RaftServer,group=group-097A1D94D7F7,id=f262dcb5-fcde-4b4d-8116-9712eaf07b60
2019-09-12 04:43:57,948 [RatisPipelineUtilsThread] INFO  pipeline.PipelineStateManager (PipelineStateManager.java:addPipeline(56)) - Created pipeline Pipeline[ Id: b4b9d3cc-5fc4-4277-8a16-097a1d94d7f7, Nodes: f262dcb5-fcde-4b4d-8116-9712eaf07b60{ip: 192.168.34.8, host: pr-hdds-1879-pbs75-1821932185, networkLocation: /default-rack, certSerialId: null}, Type:RATIS, Factor:ONE, State:OPEN]
2019-09-12 04:43:57,975 [grpc-default-executor-0] INFO  impl.RaftServerProxy (RaftServerProxy.java:addNew(89)) - 11629c23-30ab-483c-81ff-e86f5fb16847: addNew group-A1FE02390088:[11629c23-30ab-483c-81ff-e86f5fb16847:192.168.34.8:35874] returns group-A1FE02390088:java.util.concurrent.CompletableFuture@7f338940[Not completed]
2019-09-12 04:43:58,009 [pool-107-thread-1] INFO  impl.RaftServerImpl (RaftServerImpl.java:<init>(95)) - 11629c23-30ab-483c-81ff-e86f5fb16847: new RaftServerImpl for group-A1FE02390088:[11629c23-30ab-483c-81ff-e86f5fb16847:192.168.34.8:35874] with ContainerStateMachine:uninitialized
2019-09-12 04:43:58,009 [pool-107-thread-1] INFO  server.RaftServerConfigKeys (ConfUtils.java:logGet(43)) - raft.server.rpc.timeout.min = 1s (custom)
2019-09-12 04:43:58,010 [pool-107-thread-1] INFO  server.RaftServerConfigKeys (ConfUtils.java:logGet(43)) - raft.server.rpc.timeout.max = 1200ms (custom)
2019-09-12 04:43:58,010 [pool-107-thread-1] INFO  server.RaftServerConfigKeys (ConfUtils.java:logGet(43)) - raft.server.rpcslowness.timeout = 120s (custom)
2019-09-12 04:43:58,010 [pool-107-thread-1] INFO  server.RaftServerConfigKeys (ConfUtils.java:logGet(43)) - raft.server.sleep.deviation.threshold = 300 (default)
2019-09-12 04:43:58,010 [pool-107-thread-1] INFO  server.RaftServerConfigKeys (ConfUtils.java:logGet(43)) - raft.server.log.appender.install.snapshot.enabled = false (custom)
2019-09-12 04:43:58,010 [pool-107-thread-1] INFO  impl.RaftServerImpl (ServerState.java:<init>(103)) - 11629c23-30ab-483c-81ff-e86f5fb16847@group-A1FE02390088: ConfigurationManager, init=-1: [11629c23-30ab-483c-81ff-e86f5fb16847:192.168.34.8:35874], old=null, confs=<EMPTY_MAP>
2019-09-12 04:43:58,010 [pool-107-thread-1] INFO  server.RaftServerConfigKeys (ConfUtils.java:logGet(43)) - raft.server.storage.dir = [/workdir/hadoop-ozone/integration-test/target/test-dir/MiniOzoneClusterImpl-0727815a-69b9-4555-83e7-340a4888e3ed/datanode-8/data/ratis] (custom)
2019-09-12 04:43:58,011 [pool-107-thread-1] INFO  storage.RaftStorageDirectory (RaftStorageDirectory.java:analyzeStorage(246)) - The storage directory /workdir/hadoop-ozone/integration-test/target/test-dir/MiniOzoneClusterImpl-0727815a-69b9-4555-83e7-340a4888e3ed/datanode-8/data/ratis/15ee0392-0edb-494d-8c2f-a1fe02390088 does not exist. Creating ...
2019-09-12 04:43:58,024 [pool-107-thread-1] INFO  storage.RaftStorageDirectory (RaftStorageDirectory.java:tryLock(328)) - Lock on /workdir/hadoop-ozone/integration-test/target/test-dir/MiniOzoneClusterImpl-0727815a-69b9-4555-83e7-340a4888e3ed/datanode-8/data/ratis/15ee0392-0edb-494d-8c2f-a1fe02390088/in_use.lock acquired by nodename 14047@pr-hdds-1879-pbs75-1821932185
2019-09-12 04:43:58,037 [pool-107-thread-1] INFO  storage.RaftStorage (RaftStorage.java:format(72)) - Storage directory /workdir/hadoop-ozone/integration-test/target/test-dir/MiniOzoneClusterImpl-0727815a-69b9-4555-83e7-340a4888e3ed/datanode-8/data/ratis/15ee0392-0edb-494d-8c2f-a1fe02390088 has been successfully formatted.
2019-09-12 04:43:58,037 [pool-107-thread-1] INFO  ratis.ContainerStateMachine (ContainerStateMachine.java:loadSnapshot(230)) - group-A1FE02390088: The snapshot info is null. Setting the last applied indexto:(t:0, i:~)
2019-09-12 04:43:58,037 [pool-107-thread-1] INFO  server.RaftServerConfigKeys (ConfUtils.java:logGet(43)) - raft.server.notification.no-leader.timeout = 120s (custom)
2019-09-12 04:43:58,038 [pool-107-thread-1] INFO  server.RaftServerConfigKeys (ConfUtils.java:logGet(43)) - raft.server.log.use.memory = false (default)
2019-09-12 04:43:58,038 [pool-107-thread-1] INFO  server.RaftServerConfigKeys (ConfUtils.java:logGet(43)) - raft.server.log.purge.gap = 1000000 (custom)
2019-09-12 04:43:58,038 [pool-107-thread-1] INFO  server.RaftServerConfigKeys (ConfUtils.java:logGet(43)) - raft.server.log.appender.buffer.byte-limit = 33554432 (custom)
2019-09-12 04:43:58,038 [pool-107-thread-1] INFO  server.RaftServerConfigKeys (ConfUtils.java:logGet(43)) - raft.server.log.segment.size.max = 1048576 (custom)
2019-09-12 04:43:58,038 [pool-107-thread-1] INFO  server.RaftServerConfigKeys (ConfUtils.java:logGet(43)) - raft.server.log.segment.cache.num.max = 2 (custom)
2019-09-12 04:43:58,038 [pool-107-thread-1] INFO  segmented.SegmentedRaftLogWorker (SegmentedRaftLogWorker.java:<init>(172)) - new 11629c23-30ab-483c-81ff-e86f5fb16847@group-A1FE02390088-SegmentedRaftLogWorker for RaftStorage:Storage Directory /workdir/hadoop-ozone/integration-test/target/test-dir/MiniOzoneClusterImpl-0727815a-69b9-4555-83e7-340a4888e3ed/datanode-8/data/ratis/15ee0392-0edb-494d-8c2f-a1fe02390088
2019-09-12 04:43:58,079 [pool-107-thread-1] INFO  server.RaftServerConfigKeys (ConfUtils.java:logGet(43)) - raft.server.log.queue.byte-limit = 2147483647 (custom)
2019-09-12 04:43:58,080 [pool-107-thread-1] INFO  server.RaftServerConfigKeys (ConfUtils.java:logGet(43)) - raft.server.log.queue.element-limit = 1024 (custom)
2019-09-12 04:43:58,080 [pool-107-thread-1] INFO  server.RaftServerConfigKeys (ConfUtils.java:logGet(43)) - raft.server.log.segment.size.max = 1048576 (custom)
2019-09-12 04:43:58,080 [pool-107-thread-1] INFO  server.RaftServerConfigKeys (ConfUtils.java:logGet(43)) - raft.server.log.preallocated.size = 16384 (custom)
2019-09-12 04:43:58,080 [pool-107-thread-1] INFO  server.RaftServerConfigKeys (ConfUtils.java:logGet(43)) - raft.server.log.write.buffer.size = 33554432 (custom)
2019-09-12 04:43:58,080 [pool-107-thread-1] INFO  server.RaftServerConfigKeys (ConfUtils.java:logGet(43)) - raft.server.log.force.sync.num = 128 (default)
2019-09-12 04:43:58,080 [pool-107-thread-1] INFO  server.RaftServerConfigKeys (ConfUtils.java:logGet(43)) - raft.server.log.statemachine.data.sync = true (default)
2019-09-12 04:43:58,081 [pool-107-thread-1] INFO  server.RaftServerConfigKeys (ConfUtils.java:logGet(43)) - raft.server.log.statemachine.data.sync.timeout = 10s (default)
2019-09-12 04:43:58,081 [pool-107-thread-1] INFO  server.RaftServerConfigKeys (ConfUtils.java:logGet(43)) - raft.server.log.statemachine.data.sync.timeout.retry = -1 (default)
2019-09-12 04:43:58,081 [pool-107-thread-1] INFO  server.RaftServerConfigKeys (ConfUtils.java:logGet(43)) - raft.server.log.statemachine.data.caching.enabled = true (custom)
2019-09-12 04:43:58,082 [pool-107-thread-1] INFO  segmented.SegmentedRaftLogWorker (SegmentedRaftLogWorker.java:lambda$new$0(132)) - 11629c23-30ab-483c-81ff-e86f5fb16847@group-A1FE02390088-SegmentedRaftLogWorker: flushIndex: setUnconditionally 0 -> -1
2019-09-12 04:43:58,082 [pool-107-thread-1] INFO  server.RaftServerConfigKeys (ConfUtils.java:logGet(43)) - raft.server.snapshot.auto.trigger.enabled = true (custom)
2019-09-12 04:43:58,082 [pool-107-thread-1] INFO  server.RaftServerConfigKeys (ConfUtils.java:logGet(43)) - raft.server.snapshot.auto.trigger.threshold = 10000 (custom)
2019-09-12 04:43:58,082 [pool-107-thread-1] INFO  server.RaftServerConfigKeys (ConfUtils.java:logGet(43)) - raft.server.snapshot.retention.num.files = -1 (default)
2019-09-12 04:43:58,082 [pool-107-thread-1] INFO  server.RaftServerConfigKeys (ConfUtils.java:logGet(43)) - raft.server.retrycache.expirytime = 600000ms (custom)
2019-09-12 04:43:58,087 [pool-107-thread-1] INFO  impl.RaftServerImpl (RaftServerImpl.java:start(185)) - 11629c23-30ab-483c-81ff-e86f5fb16847@group-A1FE02390088: start as a follower, conf=-1: [11629c23-30ab-483c-81ff-e86f5fb16847:192.168.34.8:35874], old=null
2019-09-12 04:43:58,087 [pool-107-thread-1] INFO  impl.RaftServerImpl (RaftServerImpl.java:setRole(174)) - 11629c23-30ab-483c-81ff-e86f5fb16847@group-A1FE02390088: changes role from      null to FOLLOWER at term 0 for startAsFollower
2019-09-12 04:43:58,088 [pool-107-thread-1] INFO  impl.RoleInfo (RoleInfo.java:updateAndGet(143)) - 11629c23-30ab-483c-81ff-e86f5fb16847: start FollowerState
2019-09-12 04:43:58,088 [pool-107-thread-1] INFO  util.JmxRegister (JmxRegister.java:tryRegister(44)) - Successfully registered JMX Bean with object name Ratis:service=RaftServer,group=group-A1FE02390088,id=11629c23-30ab-483c-81ff-e86f5fb16847
2019-09-12 04:43:58,101 [RatisPipelineUtilsThread] INFO  pipeline.PipelineStateManager (PipelineStateManager.java:addPipeline(56)) - Created pipeline Pipeline[ Id: 15ee0392-0edb-494d-8c2f-a1fe02390088, Nodes: 11629c23-30ab-483c-81ff-e86f5fb16847{ip: 192.168.34.8, host: pr-hdds-1879-pbs75-1821932185, networkLocation: /default-rack, certSerialId: null}, Type:RATIS, Factor:ONE, State:OPEN]
2019-09-12 04:43:58,124 [grpc-default-executor-0] INFO  impl.RaftServerProxy (RaftServerProxy.java:addNew(89)) - dc062215-230a-40c1-88c1-e0a4fdad3ac4: addNew group-D763D5DD720D:[dc062215-230a-40c1-88c1-e0a4fdad3ac4:192.168.34.8:46577] returns group-D763D5DD720D:java.util.concurrent.CompletableFuture@343f752c[Not completed]
2019-09-12 04:43:58,133 [pool-57-thread-1] INFO  impl.RaftServerImpl (RaftServerImpl.java:<init>(95)) - dc062215-230a-40c1-88c1-e0a4fdad3ac4: new RaftServerImpl for group-D763D5DD720D:[dc062215-230a-40c1-88c1-e0a4fdad3ac4:192.168.34.8:46577] with ContainerStateMachine:uninitialized
2019-09-12 04:43:58,133 [pool-57-thread-1] INFO  server.RaftServerConfigKeys (ConfUtils.java:logGet(43)) - raft.server.rpc.timeout.min = 1s (custom)
2019-09-12 04:43:58,134 [pool-57-thread-1] INFO  server.RaftServerConfigKeys (ConfUtils.java:logGet(43)) - raft.server.rpc.timeout.max = 1200ms (custom)
2019-09-12 04:43:58,134 [pool-57-thread-1] INFO  server.RaftServerConfigKeys (ConfUtils.java:logGet(43)) - raft.server.rpcslowness.timeout = 120s (custom)
2019-09-12 04:43:58,134 [pool-57-thread-1] INFO  server.RaftServerConfigKeys (ConfUtils.java:logGet(43)) - raft.server.sleep.deviation.threshold = 300 (default)
2019-09-12 04:43:58,134 [pool-57-thread-1] INFO  server.RaftServerConfigKeys (ConfUtils.java:logGet(43)) - raft.server.log.appender.install.snapshot.enabled = false (custom)
2019-09-12 04:43:58,134 [pool-57-thread-1] INFO  impl.RaftServerImpl (ServerState.java:<init>(103)) - dc062215-230a-40c1-88c1-e0a4fdad3ac4@group-D763D5DD720D: ConfigurationManager, init=-1: [dc062215-230a-40c1-88c1-e0a4fdad3ac4:192.168.34.8:46577], old=null, confs=<EMPTY_MAP>
2019-09-12 04:43:58,134 [pool-57-thread-1] INFO  server.RaftServerConfigKeys (ConfUtils.java:logGet(43)) - raft.server.storage.dir = [/workdir/hadoop-ozone/integration-test/target/test-dir/MiniOzoneClusterImpl-0727815a-69b9-4555-83e7-340a4888e3ed/datanode-3/data/ratis] (custom)
2019-09-12 04:43:58,135 [pool-57-thread-1] INFO  storage.RaftStorageDirectory (RaftStorageDirectory.java:analyzeStorage(246)) - The storage directory /workdir/hadoop-ozone/integration-test/target/test-dir/MiniOzoneClusterImpl-0727815a-69b9-4555-83e7-340a4888e3ed/datanode-3/data/ratis/d37b17c7-d8cf-484f-97e9-d763d5dd720d does not exist. Creating ...
2019-09-12 04:43:58,148 [pool-57-thread-1] INFO  storage.RaftStorageDirectory (RaftStorageDirectory.java:tryLock(328)) - Lock on /workdir/hadoop-ozone/integration-test/target/test-dir/MiniOzoneClusterImpl-0727815a-69b9-4555-83e7-340a4888e3ed/datanode-3/data/ratis/d37b17c7-d8cf-484f-97e9-d763d5dd720d/in_use.lock acquired by nodename 14047@pr-hdds-1879-pbs75-1821932185
2019-09-12 04:43:58,167 [pool-57-thread-1] INFO  storage.RaftStorage (RaftStorage.java:format(72)) - Storage directory /workdir/hadoop-ozone/integration-test/target/test-dir/MiniOzoneClusterImpl-0727815a-69b9-4555-83e7-340a4888e3ed/datanode-3/data/ratis/d37b17c7-d8cf-484f-97e9-d763d5dd720d has been successfully formatted.
2019-09-12 04:43:58,168 [pool-57-thread-1] INFO  ratis.ContainerStateMachine (ContainerStateMachine.java:loadSnapshot(230)) - group-D763D5DD720D: The snapshot info is null. Setting the last applied indexto:(t:0, i:~)
2019-09-12 04:43:58,168 [pool-57-thread-1] INFO  server.RaftServerConfigKeys (ConfUtils.java:logGet(43)) - raft.server.notification.no-leader.timeout = 120s (custom)
2019-09-12 04:43:58,168 [pool-57-thread-1] INFO  server.RaftServerConfigKeys (ConfUtils.java:logGet(43)) - raft.server.log.use.memory = false (default)
2019-09-12 04:43:58,168 [pool-57-thread-1] INFO  server.RaftServerConfigKeys (ConfUtils.java:logGet(43)) - raft.server.log.purge.gap = 1000000 (custom)
2019-09-12 04:43:58,168 [pool-57-thread-1] INFO  server.RaftServerConfigKeys (ConfUtils.java:logGet(43)) - raft.server.log.appender.buffer.byte-limit = 33554432 (custom)
2019-09-12 04:43:58,168 [pool-57-thread-1] INFO  server.RaftServerConfigKeys (ConfUtils.java:logGet(43)) - raft.server.log.segment.size.max = 1048576 (custom)
2019-09-12 04:43:58,168 [pool-57-thread-1] INFO  server.RaftServerConfigKeys (ConfUtils.java:logGet(43)) - raft.server.log.segment.cache.num.max = 2 (custom)
2019-09-12 04:43:58,169 [pool-57-thread-1] INFO  segmented.SegmentedRaftLogWorker (SegmentedRaftLogWorker.java:<init>(172)) - new dc062215-230a-40c1-88c1-e0a4fdad3ac4@group-D763D5DD720D-SegmentedRaftLogWorker for RaftStorage:Storage Directory /workdir/hadoop-ozone/integration-test/target/test-dir/MiniOzoneClusterImpl-0727815a-69b9-4555-83e7-340a4888e3ed/datanode-3/data/ratis/d37b17c7-d8cf-484f-97e9-d763d5dd720d
2019-09-12 04:43:58,173 [pool-57-thread-1] INFO  server.RaftServerConfigKeys (ConfUtils.java:logGet(43)) - raft.server.log.queue.byte-limit = 2147483647 (custom)
2019-09-12 04:43:58,174 [pool-57-thread-1] INFO  server.RaftServerConfigKeys (ConfUtils.java:logGet(43)) - raft.server.log.queue.element-limit = 1024 (custom)
2019-09-12 04:43:58,174 [pool-57-thread-1] INFO  server.RaftServerConfigKeys (ConfUtils.java:logGet(43)) - raft.server.log.segment.size.max = 1048576 (custom)
2019-09-12 04:43:58,174 [pool-57-thread-1] INFO  server.RaftServerConfigKeys (ConfUtils.java:logGet(43)) - raft.server.log.preallocated.size = 16384 (custom)
2019-09-12 04:43:58,174 [pool-57-thread-1] INFO  server.RaftServerConfigKeys (ConfUtils.java:logGet(43)) - raft.server.log.write.buffer.size = 33554432 (custom)
2019-09-12 04:43:58,174 [pool-57-thread-1] INFO  server.RaftServerConfigKeys (ConfUtils.java:logGet(43)) - raft.server.log.force.sync.num = 128 (default)
2019-09-12 04:43:58,175 [pool-57-thread-1] INFO  server.RaftServerConfigKeys (ConfUtils.java:logGet(43)) - raft.server.log.statemachine.data.sync = true (default)
2019-09-12 04:43:58,175 [pool-57-thread-1] INFO  server.RaftServerConfigKeys (ConfUtils.java:logGet(43)) - raft.server.log.statemachine.data.sync.timeout = 10s (default)
2019-09-12 04:43:58,175 [pool-57-thread-1] INFO  server.RaftServerConfigKeys (ConfUtils.java:logGet(43)) - raft.server.log.statemachine.data.sync.timeout.retry = -1 (default)
2019-09-12 04:43:58,175 [pool-57-thread-1] INFO  server.RaftServerConfigKeys (ConfUtils.java:logGet(43)) - raft.server.log.statemachine.data.caching.enabled = true (custom)
2019-09-12 04:43:58,176 [pool-57-thread-1] INFO  segmented.SegmentedRaftLogWorker (SegmentedRaftLogWorker.java:lambda$new$0(132)) - dc062215-230a-40c1-88c1-e0a4fdad3ac4@group-D763D5DD720D-SegmentedRaftLogWorker: flushIndex: setUnconditionally 0 -> -1
2019-09-12 04:43:58,176 [pool-57-thread-1] INFO  server.RaftServerConfigKeys (ConfUtils.java:logGet(43)) - raft.server.snapshot.auto.trigger.enabled = true (custom)
2019-09-12 04:43:58,176 [pool-57-thread-1] INFO  server.RaftServerConfigKeys (ConfUtils.java:logGet(43)) - raft.server.snapshot.auto.trigger.threshold = 10000 (custom)
2019-09-12 04:43:58,176 [pool-57-thread-1] INFO  server.RaftServerConfigKeys (ConfUtils.java:logGet(43)) - raft.server.snapshot.retention.num.files = -1 (default)
2019-09-12 04:43:58,176 [pool-57-thread-1] INFO  server.RaftServerConfigKeys (ConfUtils.java:logGet(43)) - raft.server.retrycache.expirytime = 600000ms (custom)
2019-09-12 04:43:58,181 [pool-57-thread-1] INFO  impl.RaftServerImpl (RaftServerImpl.java:start(185)) - dc062215-230a-40c1-88c1-e0a4fdad3ac4@group-D763D5DD720D: start as a follower, conf=-1: [dc062215-230a-40c1-88c1-e0a4fdad3ac4:192.168.34.8:46577], old=null
2019-09-12 04:43:58,182 [pool-57-thread-1] INFO  impl.RaftServerImpl (RaftServerImpl.java:setRole(174)) - dc062215-230a-40c1-88c1-e0a4fdad3ac4@group-D763D5DD720D: changes role from      null to FOLLOWER at term 0 for startAsFollower
2019-09-12 04:43:58,182 [pool-57-thread-1] INFO  impl.RoleInfo (RoleInfo.java:updateAndGet(143)) - dc062215-230a-40c1-88c1-e0a4fdad3ac4: start FollowerState
2019-09-12 04:43:58,182 [pool-57-thread-1] INFO  util.JmxRegister (JmxRegister.java:tryRegister(44)) - Successfully registered JMX Bean with object name Ratis:service=RaftServer,group=group-D763D5DD720D,id=dc062215-230a-40c1-88c1-e0a4fdad3ac4
2019-09-12 04:43:58,213 [RatisPipelineUtilsThread] INFO  pipeline.PipelineStateManager (PipelineStateManager.java:addPipeline(56)) - Created pipeline Pipeline[ Id: d37b17c7-d8cf-484f-97e9-d763d5dd720d, Nodes: dc062215-230a-40c1-88c1-e0a4fdad3ac4{ip: 192.168.34.8, host: pr-hdds-1879-pbs75-1821932185, networkLocation: /default-rack, certSerialId: null}, Type:RATIS, Factor:ONE, State:OPEN]
2019-09-12 04:43:58,231 [grpc-default-executor-0] INFO  impl.RaftServerProxy (RaftServerProxy.java:addNew(89)) - eec7f56f-87bd-4e59-a43c-c5b862436b1c: addNew group-CD1DD2F8AC42:[eec7f56f-87bd-4e59-a43c-c5b862436b1c:192.168.34.8:37396] returns group-CD1DD2F8AC42:java.util.concurrent.CompletableFuture@79002feb[Not completed]
2019-09-12 04:43:58,238 [pool-97-thread-1] INFO  impl.RaftServerImpl (RaftServerImpl.java:<init>(95)) - eec7f56f-87bd-4e59-a43c-c5b862436b1c: new RaftServerImpl for group-CD1DD2F8AC42:[eec7f56f-87bd-4e59-a43c-c5b862436b1c:192.168.34.8:37396] with ContainerStateMachine:uninitialized
2019-09-12 04:43:58,238 [pool-97-thread-1] INFO  server.RaftServerConfigKeys (ConfUtils.java:logGet(43)) - raft.server.rpc.timeout.min = 1s (custom)
2019-09-12 04:43:58,239 [pool-97-thread-1] INFO  server.RaftServerConfigKeys (ConfUtils.java:logGet(43)) - raft.server.rpc.timeout.max = 1200ms (custom)
2019-09-12 04:43:58,239 [pool-97-thread-1] INFO  server.RaftServerConfigKeys (ConfUtils.java:logGet(43)) - raft.server.rpcslowness.timeout = 120s (custom)
2019-09-12 04:43:58,239 [pool-97-thread-1] INFO  server.RaftServerConfigKeys (ConfUtils.java:logGet(43)) - raft.server.sleep.deviation.threshold = 300 (default)
2019-09-12 04:43:58,239 [pool-97-thread-1] INFO  server.RaftServerConfigKeys (ConfUtils.java:logGet(43)) - raft.server.log.appender.install.snapshot.enabled = false (custom)
2019-09-12 04:43:58,239 [pool-97-thread-1] INFO  impl.RaftServerImpl (ServerState.java:<init>(103)) - eec7f56f-87bd-4e59-a43c-c5b862436b1c@group-CD1DD2F8AC42: ConfigurationManager, init=-1: [eec7f56f-87bd-4e59-a43c-c5b862436b1c:192.168.34.8:37396], old=null, confs=<EMPTY_MAP>
2019-09-12 04:43:58,240 [pool-97-thread-1] INFO  server.RaftServerConfigKeys (ConfUtils.java:logGet(43)) - raft.server.storage.dir = [/workdir/hadoop-ozone/integration-test/target/test-dir/MiniOzoneClusterImpl-0727815a-69b9-4555-83e7-340a4888e3ed/datanode-7/data/ratis] (custom)
2019-09-12 04:43:58,240 [pool-97-thread-1] INFO  storage.RaftStorageDirectory (RaftStorageDirectory.java:analyzeStorage(246)) - The storage directory /workdir/hadoop-ozone/integration-test/target/test-dir/MiniOzoneClusterImpl-0727815a-69b9-4555-83e7-340a4888e3ed/datanode-7/data/ratis/cb93c3d0-231c-4e66-84dc-cd1dd2f8ac42 does not exist. Creating ...
2019-09-12 04:43:58,253 [pool-97-thread-1] INFO  storage.RaftStorageDirectory (RaftStorageDirectory.java:tryLock(328)) - Lock on /workdir/hadoop-ozone/integration-test/target/test-dir/MiniOzoneClusterImpl-0727815a-69b9-4555-83e7-340a4888e3ed/datanode-7/data/ratis/cb93c3d0-231c-4e66-84dc-cd1dd2f8ac42/in_use.lock acquired by nodename 14047@pr-hdds-1879-pbs75-1821932185
2019-09-12 04:43:58,266 [pool-97-thread-1] INFO  storage.RaftStorage (RaftStorage.java:format(72)) - Storage directory /workdir/hadoop-ozone/integration-test/target/test-dir/MiniOzoneClusterImpl-0727815a-69b9-4555-83e7-340a4888e3ed/datanode-7/data/ratis/cb93c3d0-231c-4e66-84dc-cd1dd2f8ac42 has been successfully formatted.
2019-09-12 04:43:58,267 [pool-97-thread-1] INFO  ratis.ContainerStateMachine (ContainerStateMachine.java:loadSnapshot(230)) - group-CD1DD2F8AC42: The snapshot info is null. Setting the last applied indexto:(t:0, i:~)
2019-09-12 04:43:58,267 [pool-97-thread-1] INFO  server.RaftServerConfigKeys (ConfUtils.java:logGet(43)) - raft.server.notification.no-leader.timeout = 120s (custom)
2019-09-12 04:43:58,267 [pool-97-thread-1] INFO  server.RaftServerConfigKeys (ConfUtils.java:logGet(43)) - raft.server.log.use.memory = false (default)
2019-09-12 04:43:58,268 [pool-97-thread-1] INFO  server.RaftServerConfigKeys (ConfUtils.java:logGet(43)) - raft.server.log.purge.gap = 1000000 (custom)
2019-09-12 04:43:58,268 [pool-97-thread-1] INFO  server.RaftServerConfigKeys (ConfUtils.java:logGet(43)) - raft.server.log.appender.buffer.byte-limit = 33554432 (custom)
2019-09-12 04:43:58,268 [pool-97-thread-1] INFO  server.RaftServerConfigKeys (ConfUtils.java:logGet(43)) - raft.server.log.segment.size.max = 1048576 (custom)
2019-09-12 04:43:58,268 [pool-97-thread-1] INFO  server.RaftServerConfigKeys (ConfUtils.java:logGet(43)) - raft.server.log.segment.cache.num.max = 2 (custom)
2019-09-12 04:43:58,268 [pool-97-thread-1] INFO  segmented.SegmentedRaftLogWorker (SegmentedRaftLogWorker.java:<init>(172)) - new eec7f56f-87bd-4e59-a43c-c5b862436b1c@group-CD1DD2F8AC42-SegmentedRaftLogWorker for RaftStorage:Storage Directory /workdir/hadoop-ozone/integration-test/target/test-dir/MiniOzoneClusterImpl-0727815a-69b9-4555-83e7-340a4888e3ed/datanode-7/data/ratis/cb93c3d0-231c-4e66-84dc-cd1dd2f8ac42
2019-09-12 04:43:58,274 [pool-97-thread-1] INFO  server.RaftServerConfigKeys (ConfUtils.java:logGet(43)) - raft.server.log.queue.byte-limit = 2147483647 (custom)
2019-09-12 04:43:58,274 [pool-97-thread-1] INFO  server.RaftServerConfigKeys (ConfUtils.java:logGet(43)) - raft.server.log.queue.element-limit = 1024 (custom)
2019-09-12 04:43:58,274 [pool-97-thread-1] INFO  server.RaftServerConfigKeys (ConfUtils.java:logGet(43)) - raft.server.log.segment.size.max = 1048576 (custom)
2019-09-12 04:43:58,274 [pool-97-thread-1] INFO  server.RaftServerConfigKeys (ConfUtils.java:logGet(43)) - raft.server.log.preallocated.size = 16384 (custom)
2019-09-12 04:43:58,275 [pool-97-thread-1] INFO  server.RaftServerConfigKeys (ConfUtils.java:logGet(43)) - raft.server.log.write.buffer.size = 33554432 (custom)
2019-09-12 04:43:58,275 [pool-97-thread-1] INFO  server.RaftServerConfigKeys (ConfUtils.java:logGet(43)) - raft.server.log.force.sync.num = 128 (default)
2019-09-12 04:43:58,275 [pool-97-thread-1] INFO  server.RaftServerConfigKeys (ConfUtils.java:logGet(43)) - raft.server.log.statemachine.data.sync = true (default)
2019-09-12 04:43:58,275 [pool-97-thread-1] INFO  server.RaftServerConfigKeys (ConfUtils.java:logGet(43)) - raft.server.log.statemachine.data.sync.timeout = 10s (default)
2019-09-12 04:43:58,275 [pool-97-thread-1] INFO  server.RaftServerConfigKeys (ConfUtils.java:logGet(43)) - raft.server.log.statemachine.data.sync.timeout.retry = -1 (default)
2019-09-12 04:43:58,276 [pool-97-thread-1] INFO  server.RaftServerConfigKeys (ConfUtils.java:logGet(43)) - raft.server.log.statemachine.data.caching.enabled = true (custom)
2019-09-12 04:43:58,276 [pool-97-thread-1] INFO  segmented.SegmentedRaftLogWorker (SegmentedRaftLogWorker.java:lambda$new$0(132)) - eec7f56f-87bd-4e59-a43c-c5b862436b1c@group-CD1DD2F8AC42-SegmentedRaftLogWorker: flushIndex: setUnconditionally 0 -> -1
2019-09-12 04:43:58,277 [pool-97-thread-1] INFO  server.RaftServerConfigKeys (ConfUtils.java:logGet(43)) - raft.server.snapshot.auto.trigger.enabled = true (custom)
2019-09-12 04:43:58,277 [pool-97-thread-1] INFO  server.RaftServerConfigKeys (ConfUtils.java:logGet(43)) - raft.server.snapshot.auto.trigger.threshold = 10000 (custom)
2019-09-12 04:43:58,277 [pool-97-thread-1] INFO  server.RaftServerConfigKeys (ConfUtils.java:logGet(43)) - raft.server.snapshot.retention.num.files = -1 (default)
2019-09-12 04:43:58,277 [pool-97-thread-1] INFO  server.RaftServerConfigKeys (ConfUtils.java:logGet(43)) - raft.server.retrycache.expirytime = 600000ms (custom)
2019-09-12 04:43:58,282 [pool-97-thread-1] INFO  impl.RaftServerImpl (RaftServerImpl.java:start(185)) - eec7f56f-87bd-4e59-a43c-c5b862436b1c@group-CD1DD2F8AC42: start as a follower, conf=-1: [eec7f56f-87bd-4e59-a43c-c5b862436b1c:192.168.34.8:37396], old=null
2019-09-12 04:43:58,282 [pool-97-thread-1] INFO  impl.RaftServerImpl (RaftServerImpl.java:setRole(174)) - eec7f56f-87bd-4e59-a43c-c5b862436b1c@group-CD1DD2F8AC42: changes role from      null to FOLLOWER at term 0 for startAsFollower
2019-09-12 04:43:58,282 [pool-97-thread-1] INFO  impl.RoleInfo (RoleInfo.java:updateAndGet(143)) - eec7f56f-87bd-4e59-a43c-c5b862436b1c: start FollowerState
2019-09-12 04:43:58,283 [pool-97-thread-1] INFO  util.JmxRegister (JmxRegister.java:tryRegister(44)) - Successfully registered JMX Bean with object name Ratis:service=RaftServer,group=group-CD1DD2F8AC42,id=eec7f56f-87bd-4e59-a43c-c5b862436b1c
2019-09-12 04:43:58,300 [RatisPipelineUtilsThread] INFO  pipeline.PipelineStateManager (PipelineStateManager.java:addPipeline(56)) - Created pipeline Pipeline[ Id: cb93c3d0-231c-4e66-84dc-cd1dd2f8ac42, Nodes: eec7f56f-87bd-4e59-a43c-c5b862436b1c{ip: 192.168.34.8, host: pr-hdds-1879-pbs75-1821932185, networkLocation: /default-rack, certSerialId: null}, Type:RATIS, Factor:ONE, State:OPEN]
2019-09-12 04:43:58,321 [grpc-default-executor-0] INFO  impl.RaftServerProxy (RaftServerProxy.java:addNew(89)) - 2534340d-8749-41cd-9451-53923b204706: addNew group-82EACF060F3A:[2534340d-8749-41cd-9451-53923b204706:192.168.34.8:34449] returns group-82EACF060F3A:java.util.concurrent.CompletableFuture@5f437636[Not completed]
2019-09-12 04:43:58,328 [pool-117-thread-1] INFO  impl.RaftServerImpl (RaftServerImpl.java:<init>(95)) - 2534340d-8749-41cd-9451-53923b204706: new RaftServerImpl for group-82EACF060F3A:[2534340d-8749-41cd-9451-53923b204706:192.168.34.8:34449] with ContainerStateMachine:uninitialized
2019-09-12 04:43:58,329 [pool-117-thread-1] INFO  server.RaftServerConfigKeys (ConfUtils.java:logGet(43)) - raft.server.rpc.timeout.min = 1s (custom)
2019-09-12 04:43:58,329 [pool-117-thread-1] INFO  server.RaftServerConfigKeys (ConfUtils.java:logGet(43)) - raft.server.rpc.timeout.max = 1200ms (custom)
2019-09-12 04:43:58,329 [pool-117-thread-1] INFO  server.RaftServerConfigKeys (ConfUtils.java:logGet(43)) - raft.server.rpcslowness.timeout = 120s (custom)
2019-09-12 04:43:58,329 [pool-117-thread-1] INFO  server.RaftServerConfigKeys (ConfUtils.java:logGet(43)) - raft.server.sleep.deviation.threshold = 300 (default)
2019-09-12 04:43:58,329 [pool-117-thread-1] INFO  server.RaftServerConfigKeys (ConfUtils.java:logGet(43)) - raft.server.log.appender.install.snapshot.enabled = false (custom)
2019-09-12 04:43:58,329 [pool-117-thread-1] INFO  impl.RaftServerImpl (ServerState.java:<init>(103)) - 2534340d-8749-41cd-9451-53923b204706@group-82EACF060F3A: ConfigurationManager, init=-1: [2534340d-8749-41cd-9451-53923b204706:192.168.34.8:34449], old=null, confs=<EMPTY_MAP>
2019-09-12 04:43:58,330 [pool-117-thread-1] INFO  server.RaftServerConfigKeys (ConfUtils.java:logGet(43)) - raft.server.storage.dir = [/workdir/hadoop-ozone/integration-test/target/test-dir/MiniOzoneClusterImpl-0727815a-69b9-4555-83e7-340a4888e3ed/datanode-9/data/ratis] (custom)
2019-09-12 04:43:58,330 [pool-117-thread-1] INFO  storage.RaftStorageDirectory (RaftStorageDirectory.java:analyzeStorage(246)) - The storage directory /workdir/hadoop-ozone/integration-test/target/test-dir/MiniOzoneClusterImpl-0727815a-69b9-4555-83e7-340a4888e3ed/datanode-9/data/ratis/3589350d-6921-48e6-b361-82eacf060f3a does not exist. Creating ...
2019-09-12 04:43:58,344 [pool-117-thread-1] INFO  storage.RaftStorageDirectory (RaftStorageDirectory.java:tryLock(328)) - Lock on /workdir/hadoop-ozone/integration-test/target/test-dir/MiniOzoneClusterImpl-0727815a-69b9-4555-83e7-340a4888e3ed/datanode-9/data/ratis/3589350d-6921-48e6-b361-82eacf060f3a/in_use.lock acquired by nodename 14047@pr-hdds-1879-pbs75-1821932185
2019-09-12 04:43:58,357 [pool-117-thread-1] INFO  storage.RaftStorage (RaftStorage.java:format(72)) - Storage directory /workdir/hadoop-ozone/integration-test/target/test-dir/MiniOzoneClusterImpl-0727815a-69b9-4555-83e7-340a4888e3ed/datanode-9/data/ratis/3589350d-6921-48e6-b361-82eacf060f3a has been successfully formatted.
2019-09-12 04:43:58,358 [pool-117-thread-1] INFO  ratis.ContainerStateMachine (ContainerStateMachine.java:loadSnapshot(230)) - group-82EACF060F3A: The snapshot info is null. Setting the last applied indexto:(t:0, i:~)
2019-09-12 04:43:58,358 [pool-117-thread-1] INFO  server.RaftServerConfigKeys (ConfUtils.java:logGet(43)) - raft.server.notification.no-leader.timeout = 120s (custom)
2019-09-12 04:43:58,358 [pool-117-thread-1] INFO  server.RaftServerConfigKeys (ConfUtils.java:logGet(43)) - raft.server.log.use.memory = false (default)
2019-09-12 04:43:58,358 [pool-117-thread-1] INFO  server.RaftServerConfigKeys (ConfUtils.java:logGet(43)) - raft.server.log.purge.gap = 1000000 (custom)
2019-09-12 04:43:58,358 [pool-117-thread-1] INFO  server.RaftServerConfigKeys (ConfUtils.java:logGet(43)) - raft.server.log.appender.buffer.byte-limit = 33554432 (custom)
2019-09-12 04:43:58,359 [pool-117-thread-1] INFO  server.RaftServerConfigKeys (ConfUtils.java:logGet(43)) - raft.server.log.segment.size.max = 1048576 (custom)
2019-09-12 04:43:58,359 [pool-117-thread-1] INFO  server.RaftServerConfigKeys (ConfUtils.java:logGet(43)) - raft.server.log.segment.cache.num.max = 2 (custom)
2019-09-12 04:43:58,359 [pool-117-thread-1] INFO  segmented.SegmentedRaftLogWorker (SegmentedRaftLogWorker.java:<init>(172)) - new 2534340d-8749-41cd-9451-53923b204706@group-82EACF060F3A-SegmentedRaftLogWorker for RaftStorage:Storage Directory /workdir/hadoop-ozone/integration-test/target/test-dir/MiniOzoneClusterImpl-0727815a-69b9-4555-83e7-340a4888e3ed/datanode-9/data/ratis/3589350d-6921-48e6-b361-82eacf060f3a
2019-09-12 04:43:58,363 [pool-117-thread-1] INFO  server.RaftServerConfigKeys (ConfUtils.java:logGet(43)) - raft.server.log.queue.byte-limit = 2147483647 (custom)
2019-09-12 04:43:58,363 [pool-117-thread-1] INFO  server.RaftServerConfigKeys (ConfUtils.java:logGet(43)) - raft.server.log.queue.element-limit = 1024 (custom)
2019-09-12 04:43:58,364 [pool-117-thread-1] INFO  server.RaftServerConfigKeys (ConfUtils.java:logGet(43)) - raft.server.log.segment.size.max = 1048576 (custom)
2019-09-12 04:43:58,364 [pool-117-thread-1] INFO  server.RaftServerConfigKeys (ConfUtils.java:logGet(43)) - raft.server.log.preallocated.size = 16384 (custom)
2019-09-12 04:43:58,364 [pool-117-thread-1] INFO  server.RaftServerConfigKeys (ConfUtils.java:logGet(43)) - raft.server.log.write.buffer.size = 33554432 (custom)
2019-09-12 04:43:58,364 [pool-117-thread-1] INFO  server.RaftServerConfigKeys (ConfUtils.java:logGet(43)) - raft.server.log.force.sync.num = 128 (default)
2019-09-12 04:43:58,364 [pool-117-thread-1] INFO  server.RaftServerConfigKeys (ConfUtils.java:logGet(43)) - raft.server.log.statemachine.data.sync = true (default)
2019-09-12 04:43:58,364 [pool-117-thread-1] INFO  server.RaftServerConfigKeys (ConfUtils.java:logGet(43)) - raft.server.log.statemachine.data.sync.timeout = 10s (default)
2019-09-12 04:43:58,365 [pool-117-thread-1] INFO  server.RaftServerConfigKeys (ConfUtils.java:logGet(43)) - raft.server.log.statemachine.data.sync.timeout.retry = -1 (default)
2019-09-12 04:43:58,365 [pool-117-thread-1] INFO  server.RaftServerConfigKeys (ConfUtils.java:logGet(43)) - raft.server.log.statemachine.data.caching.enabled = true (custom)
2019-09-12 04:43:58,365 [pool-117-thread-1] INFO  segmented.SegmentedRaftLogWorker (SegmentedRaftLogWorker.java:lambda$new$0(132)) - 2534340d-8749-41cd-9451-53923b204706@group-82EACF060F3A-SegmentedRaftLogWorker: flushIndex: setUnconditionally 0 -> -1
2019-09-12 04:43:58,366 [pool-117-thread-1] INFO  server.RaftServerConfigKeys (ConfUtils.java:logGet(43)) - raft.server.snapshot.auto.trigger.enabled = true (custom)
2019-09-12 04:43:58,366 [pool-117-thread-1] INFO  server.RaftServerConfigKeys (ConfUtils.java:logGet(43)) - raft.server.snapshot.auto.trigger.threshold = 10000 (custom)
2019-09-12 04:43:58,366 [pool-117-thread-1] INFO  server.RaftServerConfigKeys (ConfUtils.java:logGet(43)) - raft.server.snapshot.retention.num.files = -1 (default)
2019-09-12 04:43:58,366 [pool-117-thread-1] INFO  server.RaftServerConfigKeys (ConfUtils.java:logGet(43)) - raft.server.retrycache.expirytime = 600000ms (custom)
2019-09-12 04:43:58,371 [pool-117-thread-1] INFO  impl.RaftServerImpl (RaftServerImpl.java:start(185)) - 2534340d-8749-41cd-9451-53923b204706@group-82EACF060F3A: start as a follower, conf=-1: [2534340d-8749-41cd-9451-53923b204706:192.168.34.8:34449], old=null
2019-09-12 04:43:58,371 [pool-117-thread-1] INFO  impl.RaftServerImpl (RaftServerImpl.java:setRole(174)) - 2534340d-8749-41cd-9451-53923b204706@group-82EACF060F3A: changes role from      null to FOLLOWER at term 0 for startAsFollower
2019-09-12 04:43:58,371 [pool-117-thread-1] INFO  impl.RoleInfo (RoleInfo.java:updateAndGet(143)) - 2534340d-8749-41cd-9451-53923b204706: start FollowerState
2019-09-12 04:43:58,372 [pool-117-thread-1] INFO  util.JmxRegister (JmxRegister.java:tryRegister(44)) - Successfully registered JMX Bean with object name Ratis:service=RaftServer,group=group-82EACF060F3A,id=2534340d-8749-41cd-9451-53923b204706
2019-09-12 04:43:58,389 [RatisPipelineUtilsThread] INFO  pipeline.PipelineStateManager (PipelineStateManager.java:addPipeline(56)) - Created pipeline Pipeline[ Id: 3589350d-6921-48e6-b361-82eacf060f3a, Nodes: 2534340d-8749-41cd-9451-53923b204706{ip: 192.168.34.8, host: pr-hdds-1879-pbs75-1821932185, networkLocation: /default-rack, certSerialId: null}, Type:RATIS, Factor:ONE, State:OPEN]
2019-09-12 04:43:58,410 [grpc-default-executor-0] INFO  impl.RaftServerProxy (RaftServerProxy.java:addNew(89)) - 5903dc6b-2e4c-43f3-9c86-89f09a7774cd: addNew group-8108B70598FE:[5903dc6b-2e4c-43f3-9c86-89f09a7774cd:192.168.34.8:35486] returns group-8108B70598FE:java.util.concurrent.CompletableFuture@750a8de4[Not completed]
2019-09-12 04:43:58,419 [pool-77-thread-1] INFO  impl.RaftServerImpl (RaftServerImpl.java:<init>(95)) - 5903dc6b-2e4c-43f3-9c86-89f09a7774cd: new RaftServerImpl for group-8108B70598FE:[5903dc6b-2e4c-43f3-9c86-89f09a7774cd:192.168.34.8:35486] with ContainerStateMachine:uninitialized
2019-09-12 04:43:58,420 [pool-77-thread-1] INFO  server.RaftServerConfigKeys (ConfUtils.java:logGet(43)) - raft.server.rpc.timeout.min = 1s (custom)
2019-09-12 04:43:58,420 [pool-77-thread-1] INFO  server.RaftServerConfigKeys (ConfUtils.java:logGet(43)) - raft.server.rpc.timeout.max = 1200ms (custom)
2019-09-12 04:43:58,420 [pool-77-thread-1] INFO  server.RaftServerConfigKeys (ConfUtils.java:logGet(43)) - raft.server.rpcslowness.timeout = 120s (custom)
2019-09-12 04:43:58,420 [pool-77-thread-1] INFO  server.RaftServerConfigKeys (ConfUtils.java:logGet(43)) - raft.server.sleep.deviation.threshold = 300 (default)
2019-09-12 04:43:58,420 [pool-77-thread-1] INFO  server.RaftServerConfigKeys (ConfUtils.java:logGet(43)) - raft.server.log.appender.install.snapshot.enabled = false (custom)
2019-09-12 04:43:58,420 [pool-77-thread-1] INFO  impl.RaftServerImpl (ServerState.java:<init>(103)) - 5903dc6b-2e4c-43f3-9c86-89f09a7774cd@group-8108B70598FE: ConfigurationManager, init=-1: [5903dc6b-2e4c-43f3-9c86-89f09a7774cd:192.168.34.8:35486], old=null, confs=<EMPTY_MAP>
2019-09-12 04:43:58,421 [pool-77-thread-1] INFO  server.RaftServerConfigKeys (ConfUtils.java:logGet(43)) - raft.server.storage.dir = [/workdir/hadoop-ozone/integration-test/target/test-dir/MiniOzoneClusterImpl-0727815a-69b9-4555-83e7-340a4888e3ed/datanode-5/data/ratis] (custom)
2019-09-12 04:43:58,423 [pool-77-thread-1] INFO  storage.RaftStorageDirectory (RaftStorageDirectory.java:analyzeStorage(246)) - The storage directory /workdir/hadoop-ozone/integration-test/target/test-dir/MiniOzoneClusterImpl-0727815a-69b9-4555-83e7-340a4888e3ed/datanode-5/data/ratis/34103b5d-a3bc-49cb-b5e6-8108b70598fe does not exist. Creating ...
2019-09-12 04:43:58,436 [pool-77-thread-1] INFO  storage.RaftStorageDirectory (RaftStorageDirectory.java:tryLock(328)) - Lock on /workdir/hadoop-ozone/integration-test/target/test-dir/MiniOzoneClusterImpl-0727815a-69b9-4555-83e7-340a4888e3ed/datanode-5/data/ratis/34103b5d-a3bc-49cb-b5e6-8108b70598fe/in_use.lock acquired by nodename 14047@pr-hdds-1879-pbs75-1821932185
2019-09-12 04:43:58,451 [pool-77-thread-1] INFO  storage.RaftStorage (RaftStorage.java:format(72)) - Storage directory /workdir/hadoop-ozone/integration-test/target/test-dir/MiniOzoneClusterImpl-0727815a-69b9-4555-83e7-340a4888e3ed/datanode-5/data/ratis/34103b5d-a3bc-49cb-b5e6-8108b70598fe has been successfully formatted.
2019-09-12 04:43:58,451 [pool-77-thread-1] INFO  ratis.ContainerStateMachine (ContainerStateMachine.java:loadSnapshot(230)) - group-8108B70598FE: The snapshot info is null. Setting the last applied indexto:(t:0, i:~)
2019-09-12 04:43:58,452 [pool-77-thread-1] INFO  server.RaftServerConfigKeys (ConfUtils.java:logGet(43)) - raft.server.notification.no-leader.timeout = 120s (custom)
2019-09-12 04:43:58,452 [pool-77-thread-1] INFO  server.RaftServerConfigKeys (ConfUtils.java:logGet(43)) - raft.server.log.use.memory = false (default)
2019-09-12 04:43:58,452 [pool-77-thread-1] INFO  server.RaftServerConfigKeys (ConfUtils.java:logGet(43)) - raft.server.log.purge.gap = 1000000 (custom)
2019-09-12 04:43:58,452 [pool-77-thread-1] INFO  server.RaftServerConfigKeys (ConfUtils.java:logGet(43)) - raft.server.log.appender.buffer.byte-limit = 33554432 (custom)
2019-09-12 04:43:58,452 [pool-77-thread-1] INFO  server.RaftServerConfigKeys (ConfUtils.java:logGet(43)) - raft.server.log.segment.size.max = 1048576 (custom)
2019-09-12 04:43:58,452 [pool-77-thread-1] INFO  server.RaftServerConfigKeys (ConfUtils.java:logGet(43)) - raft.server.log.segment.cache.num.max = 2 (custom)
2019-09-12 04:43:58,453 [pool-77-thread-1] INFO  segmented.SegmentedRaftLogWorker (SegmentedRaftLogWorker.java:<init>(172)) - new 5903dc6b-2e4c-43f3-9c86-89f09a7774cd@group-8108B70598FE-SegmentedRaftLogWorker for RaftStorage:Storage Directory /workdir/hadoop-ozone/integration-test/target/test-dir/MiniOzoneClusterImpl-0727815a-69b9-4555-83e7-340a4888e3ed/datanode-5/data/ratis/34103b5d-a3bc-49cb-b5e6-8108b70598fe
2019-09-12 04:43:58,456 [pool-77-thread-1] INFO  server.RaftServerConfigKeys (ConfUtils.java:logGet(43)) - raft.server.log.queue.byte-limit = 2147483647 (custom)
2019-09-12 04:43:58,457 [pool-77-thread-1] INFO  server.RaftServerConfigKeys (ConfUtils.java:logGet(43)) - raft.server.log.queue.element-limit = 1024 (custom)
2019-09-12 04:43:58,457 [pool-77-thread-1] INFO  server.RaftServerConfigKeys (ConfUtils.java:logGet(43)) - raft.server.log.segment.size.max = 1048576 (custom)
2019-09-12 04:43:58,457 [pool-77-thread-1] INFO  server.RaftServerConfigKeys (ConfUtils.java:logGet(43)) - raft.server.log.preallocated.size = 16384 (custom)
2019-09-12 04:43:58,457 [pool-77-thread-1] INFO  server.RaftServerConfigKeys (ConfUtils.java:logGet(43)) - raft.server.log.write.buffer.size = 33554432 (custom)
2019-09-12 04:43:58,457 [pool-77-thread-1] INFO  server.RaftServerConfigKeys (ConfUtils.java:logGet(43)) - raft.server.log.force.sync.num = 128 (default)
2019-09-12 04:43:58,458 [pool-77-thread-1] INFO  server.RaftServerConfigKeys (ConfUtils.java:logGet(43)) - raft.server.log.statemachine.data.sync = true (default)
2019-09-12 04:43:58,458 [pool-77-thread-1] INFO  server.RaftServerConfigKeys (ConfUtils.java:logGet(43)) - raft.server.log.statemachine.data.sync.timeout = 10s (default)
2019-09-12 04:43:58,458 [pool-77-thread-1] INFO  server.RaftServerConfigKeys (ConfUtils.java:logGet(43)) - raft.server.log.statemachine.data.sync.timeout.retry = -1 (default)
2019-09-12 04:43:58,459 [pool-77-thread-1] INFO  server.RaftServerConfigKeys (ConfUtils.java:logGet(43)) - raft.server.log.statemachine.data.caching.enabled = true (custom)
2019-09-12 04:43:58,459 [pool-77-thread-1] INFO  segmented.SegmentedRaftLogWorker (SegmentedRaftLogWorker.java:lambda$new$0(132)) - 5903dc6b-2e4c-43f3-9c86-89f09a7774cd@group-8108B70598FE-SegmentedRaftLogWorker: flushIndex: setUnconditionally 0 -> -1
2019-09-12 04:43:58,459 [pool-77-thread-1] INFO  server.RaftServerConfigKeys (ConfUtils.java:logGet(43)) - raft.server.snapshot.auto.trigger.enabled = true (custom)
2019-09-12 04:43:58,459 [pool-77-thread-1] INFO  server.RaftServerConfigKeys (ConfUtils.java:logGet(43)) - raft.server.snapshot.auto.trigger.threshold = 10000 (custom)
2019-09-12 04:43:58,460 [pool-77-thread-1] INFO  server.RaftServerConfigKeys (ConfUtils.java:logGet(43)) - raft.server.snapshot.retention.num.files = -1 (default)
2019-09-12 04:43:58,460 [pool-77-thread-1] INFO  server.RaftServerConfigKeys (ConfUtils.java:logGet(43)) - raft.server.retrycache.expirytime = 600000ms (custom)
2019-09-12 04:43:58,462 [pool-77-thread-1] INFO  impl.RaftServerImpl (RaftServerImpl.java:start(185)) - 5903dc6b-2e4c-43f3-9c86-89f09a7774cd@group-8108B70598FE: start as a follower, conf=-1: [5903dc6b-2e4c-43f3-9c86-89f09a7774cd:192.168.34.8:35486], old=null
2019-09-12 04:43:58,462 [pool-77-thread-1] INFO  impl.RaftServerImpl (RaftServerImpl.java:setRole(174)) - 5903dc6b-2e4c-43f3-9c86-89f09a7774cd@group-8108B70598FE: changes role from      null to FOLLOWER at term 0 for startAsFollower
2019-09-12 04:43:58,463 [pool-77-thread-1] INFO  impl.RoleInfo (RoleInfo.java:updateAndGet(143)) - 5903dc6b-2e4c-43f3-9c86-89f09a7774cd: start FollowerState
2019-09-12 04:43:58,463 [pool-77-thread-1] INFO  util.JmxRegister (JmxRegister.java:tryRegister(44)) - Successfully registered JMX Bean with object name Ratis:service=RaftServer,group=group-8108B70598FE,id=5903dc6b-2e4c-43f3-9c86-89f09a7774cd
2019-09-12 04:43:58,483 [main] INFO  ozone.MiniOzoneClusterImpl (MiniOzoneClusterImpl.java:lambda$waitForClusterToBeReady$0(140)) - Cluster is ready. Got 10 of 10 DN Heartbeats.
2019-09-12 04:43:58,487 [RatisPipelineUtilsThread] INFO  pipeline.PipelineStateManager (PipelineStateManager.java:addPipeline(56)) - Created pipeline Pipeline[ Id: 34103b5d-a3bc-49cb-b5e6-8108b70598fe, Nodes: 5903dc6b-2e4c-43f3-9c86-89f09a7774cd{ip: 192.168.34.8, host: pr-hdds-1879-pbs75-1821932185, networkLocation: /default-rack, certSerialId: null}, Type:RATIS, Factor:ONE, State:OPEN]
2019-09-12 04:43:58,511 [grpc-default-executor-0] INFO  impl.RaftServerProxy (RaftServerProxy.java:addNew(89)) - cf6464f0-cbf8-4363-9806-263215a09c56: addNew group-3BD1FB76A115:[cf6464f0-cbf8-4363-9806-263215a09c56:192.168.34.8:33437] returns group-3BD1FB76A115:java.util.concurrent.CompletableFuture@251caab8[Not completed]
2019-09-12 04:43:58,518 [pool-67-thread-1] INFO  impl.RaftServerImpl (RaftServerImpl.java:<init>(95)) - cf6464f0-cbf8-4363-9806-263215a09c56: new RaftServerImpl for group-3BD1FB76A115:[cf6464f0-cbf8-4363-9806-263215a09c56:192.168.34.8:33437] with ContainerStateMachine:uninitialized
2019-09-12 04:43:58,518 [pool-67-thread-1] INFO  server.RaftServerConfigKeys (ConfUtils.java:logGet(43)) - raft.server.rpc.timeout.min = 1s (custom)
2019-09-12 04:43:58,518 [pool-67-thread-1] INFO  server.RaftServerConfigKeys (ConfUtils.java:logGet(43)) - raft.server.rpc.timeout.max = 1200ms (custom)
2019-09-12 04:43:58,519 [pool-67-thread-1] INFO  server.RaftServerConfigKeys (ConfUtils.java:logGet(43)) - raft.server.rpcslowness.timeout = 120s (custom)
2019-09-12 04:43:58,519 [pool-67-thread-1] INFO  server.RaftServerConfigKeys (ConfUtils.java:logGet(43)) - raft.server.sleep.deviation.threshold = 300 (default)
2019-09-12 04:43:58,519 [pool-67-thread-1] INFO  server.RaftServerConfigKeys (ConfUtils.java:logGet(43)) - raft.server.log.appender.install.snapshot.enabled = false (custom)
2019-09-12 04:43:58,519 [pool-67-thread-1] INFO  impl.RaftServerImpl (ServerState.java:<init>(103)) - cf6464f0-cbf8-4363-9806-263215a09c56@group-3BD1FB76A115: ConfigurationManager, init=-1: [cf6464f0-cbf8-4363-9806-263215a09c56:192.168.34.8:33437], old=null, confs=<EMPTY_MAP>
2019-09-12 04:43:58,519 [pool-67-thread-1] INFO  server.RaftServerConfigKeys (ConfUtils.java:logGet(43)) - raft.server.storage.dir = [/workdir/hadoop-ozone/integration-test/target/test-dir/MiniOzoneClusterImpl-0727815a-69b9-4555-83e7-340a4888e3ed/datanode-4/data/ratis] (custom)
2019-09-12 04:43:58,520 [pool-67-thread-1] INFO  storage.RaftStorageDirectory (RaftStorageDirectory.java:analyzeStorage(246)) - The storage directory /workdir/hadoop-ozone/integration-test/target/test-dir/MiniOzoneClusterImpl-0727815a-69b9-4555-83e7-340a4888e3ed/datanode-4/data/ratis/5c86d281-3ba4-4ad6-8fae-3bd1fb76a115 does not exist. Creating ...
2019-09-12 04:43:58,533 [pool-67-thread-1] INFO  storage.RaftStorageDirectory (RaftStorageDirectory.java:tryLock(328)) - Lock on /workdir/hadoop-ozone/integration-test/target/test-dir/MiniOzoneClusterImpl-0727815a-69b9-4555-83e7-340a4888e3ed/datanode-4/data/ratis/5c86d281-3ba4-4ad6-8fae-3bd1fb76a115/in_use.lock acquired by nodename 14047@pr-hdds-1879-pbs75-1821932185
2019-09-12 04:43:58,545 [pool-67-thread-1] INFO  storage.RaftStorage (RaftStorage.java:format(72)) - Storage directory /workdir/hadoop-ozone/integration-test/target/test-dir/MiniOzoneClusterImpl-0727815a-69b9-4555-83e7-340a4888e3ed/datanode-4/data/ratis/5c86d281-3ba4-4ad6-8fae-3bd1fb76a115 has been successfully formatted.
2019-09-12 04:43:58,546 [pool-67-thread-1] INFO  ratis.ContainerStateMachine (ContainerStateMachine.java:loadSnapshot(230)) - group-3BD1FB76A115: The snapshot info is null. Setting the last applied indexto:(t:0, i:~)
2019-09-12 04:43:58,546 [pool-67-thread-1] INFO  server.RaftServerConfigKeys (ConfUtils.java:logGet(43)) - raft.server.notification.no-leader.timeout = 120s (custom)
2019-09-12 04:43:58,546 [pool-67-thread-1] INFO  server.RaftServerConfigKeys (ConfUtils.java:logGet(43)) - raft.server.log.use.memory = false (default)
2019-09-12 04:43:58,547 [pool-67-thread-1] INFO  server.RaftServerConfigKeys (ConfUtils.java:logGet(43)) - raft.server.log.purge.gap = 1000000 (custom)
2019-09-12 04:43:58,547 [pool-67-thread-1] INFO  server.RaftServerConfigKeys (ConfUtils.java:logGet(43)) - raft.server.log.appender.buffer.byte-limit = 33554432 (custom)
2019-09-12 04:43:58,547 [pool-67-thread-1] INFO  server.RaftServerConfigKeys (ConfUtils.java:logGet(43)) - raft.server.log.segment.size.max = 1048576 (custom)
2019-09-12 04:43:58,547 [pool-67-thread-1] INFO  server.RaftServerConfigKeys (ConfUtils.java:logGet(43)) - raft.server.log.segment.cache.num.max = 2 (custom)
2019-09-12 04:43:58,547 [pool-67-thread-1] INFO  segmented.SegmentedRaftLogWorker (SegmentedRaftLogWorker.java:<init>(172)) - new cf6464f0-cbf8-4363-9806-263215a09c56@group-3BD1FB76A115-SegmentedRaftLogWorker for RaftStorage:Storage Directory /workdir/hadoop-ozone/integration-test/target/test-dir/MiniOzoneClusterImpl-0727815a-69b9-4555-83e7-340a4888e3ed/datanode-4/data/ratis/5c86d281-3ba4-4ad6-8fae-3bd1fb76a115
2019-09-12 04:43:58,550 [pool-67-thread-1] INFO  server.RaftServerConfigKeys (ConfUtils.java:logGet(43)) - raft.server.log.queue.byte-limit = 2147483647 (custom)
2019-09-12 04:43:58,550 [pool-67-thread-1] INFO  server.RaftServerConfigKeys (ConfUtils.java:logGet(43)) - raft.server.log.queue.element-limit = 1024 (custom)
2019-09-12 04:43:58,551 [pool-67-thread-1] INFO  server.RaftServerConfigKeys (ConfUtils.java:logGet(43)) - raft.server.log.segment.size.max = 1048576 (custom)
2019-09-12 04:43:58,551 [pool-67-thread-1] INFO  server.RaftServerConfigKeys (ConfUtils.java:logGet(43)) - raft.server.log.preallocated.size = 16384 (custom)
2019-09-12 04:43:58,551 [pool-67-thread-1] INFO  server.RaftServerConfigKeys (ConfUtils.java:logGet(43)) - raft.server.log.write.buffer.size = 33554432 (custom)
2019-09-12 04:43:58,551 [pool-67-thread-1] INFO  server.RaftServerConfigKeys (ConfUtils.java:logGet(43)) - raft.server.log.force.sync.num = 128 (default)
2019-09-12 04:43:58,551 [pool-67-thread-1] INFO  server.RaftServerConfigKeys (ConfUtils.java:logGet(43)) - raft.server.log.statemachine.data.sync = true (default)
2019-09-12 04:43:58,551 [pool-67-thread-1] INFO  server.RaftServerConfigKeys (ConfUtils.java:logGet(43)) - raft.server.log.statemachine.data.sync.timeout = 10s (default)
2019-09-12 04:43:58,552 [pool-67-thread-1] INFO  server.RaftServerConfigKeys (ConfUtils.java:logGet(43)) - raft.server.log.statemachine.data.sync.timeout.retry = -1 (default)
2019-09-12 04:43:58,552 [pool-67-thread-1] INFO  server.RaftServerConfigKeys (ConfUtils.java:logGet(43)) - raft.server.log.statemachine.data.caching.enabled = true (custom)
2019-09-12 04:43:58,552 [pool-67-thread-1] INFO  segmented.SegmentedRaftLogWorker (SegmentedRaftLogWorker.java:lambda$new$0(132)) - cf6464f0-cbf8-4363-9806-263215a09c56@group-3BD1FB76A115-SegmentedRaftLogWorker: flushIndex: setUnconditionally 0 -> -1
2019-09-12 04:43:58,553 [pool-67-thread-1] INFO  server.RaftServerConfigKeys (ConfUtils.java:logGet(43)) - raft.server.snapshot.auto.trigger.enabled = true (custom)
2019-09-12 04:43:58,553 [pool-67-thread-1] INFO  server.RaftServerConfigKeys (ConfUtils.java:logGet(43)) - raft.server.snapshot.auto.trigger.threshold = 10000 (custom)
2019-09-12 04:43:58,553 [pool-67-thread-1] INFO  server.RaftServerConfigKeys (ConfUtils.java:logGet(43)) - raft.server.snapshot.retention.num.files = -1 (default)
2019-09-12 04:43:58,553 [pool-67-thread-1] INFO  server.RaftServerConfigKeys (ConfUtils.java:logGet(43)) - raft.server.retrycache.expirytime = 600000ms (custom)
2019-09-12 04:43:58,556 [pool-67-thread-1] INFO  impl.RaftServerImpl (RaftServerImpl.java:start(185)) - cf6464f0-cbf8-4363-9806-263215a09c56@group-3BD1FB76A115: start as a follower, conf=-1: [cf6464f0-cbf8-4363-9806-263215a09c56:192.168.34.8:33437], old=null
2019-09-12 04:43:58,556 [pool-67-thread-1] INFO  impl.RaftServerImpl (RaftServerImpl.java:setRole(174)) - cf6464f0-cbf8-4363-9806-263215a09c56@group-3BD1FB76A115: changes role from      null to FOLLOWER at term 0 for startAsFollower
2019-09-12 04:43:58,556 [pool-67-thread-1] INFO  impl.RoleInfo (RoleInfo.java:updateAndGet(143)) - cf6464f0-cbf8-4363-9806-263215a09c56: start FollowerState
2019-09-12 04:43:58,557 [pool-67-thread-1] INFO  util.JmxRegister (JmxRegister.java:tryRegister(44)) - Successfully registered JMX Bean with object name Ratis:service=RaftServer,group=group-3BD1FB76A115,id=cf6464f0-cbf8-4363-9806-263215a09c56
2019-09-12 04:43:58,573 [RatisPipelineUtilsThread] INFO  pipeline.PipelineStateManager (PipelineStateManager.java:addPipeline(56)) - Created pipeline Pipeline[ Id: 5c86d281-3ba4-4ad6-8fae-3bd1fb76a115, Nodes: cf6464f0-cbf8-4363-9806-263215a09c56{ip: 192.168.34.8, host: pr-hdds-1879-pbs75-1821932185, networkLocation: /default-rack, certSerialId: null}, Type:RATIS, Factor:ONE, State:OPEN]
2019-09-12 04:43:58,601 [grpc-default-executor-0] INFO  impl.RaftServerProxy (RaftServerProxy.java:addNew(89)) - 4a6209c5-e52c-498b-a70a-f7b5c2b845a9: addNew group-166E211DB835:[4a6209c5-e52c-498b-a70a-f7b5c2b845a9:192.168.34.8:40323] returns group-166E211DB835:java.util.concurrent.CompletableFuture@500e7355[Not completed]
2019-09-12 04:43:58,607 [pool-37-thread-1] INFO  impl.RaftServerImpl (RaftServerImpl.java:<init>(95)) - 4a6209c5-e52c-498b-a70a-f7b5c2b845a9: new RaftServerImpl for group-166E211DB835:[4a6209c5-e52c-498b-a70a-f7b5c2b845a9:192.168.34.8:40323] with ContainerStateMachine:uninitialized
2019-09-12 04:43:58,607 [pool-37-thread-1] INFO  server.RaftServerConfigKeys (ConfUtils.java:logGet(43)) - raft.server.rpc.timeout.min = 1s (custom)
2019-09-12 04:43:58,607 [pool-37-thread-1] INFO  server.RaftServerConfigKeys (ConfUtils.java:logGet(43)) - raft.server.rpc.timeout.max = 1200ms (custom)
2019-09-12 04:43:58,607 [pool-37-thread-1] INFO  server.RaftServerConfigKeys (ConfUtils.java:logGet(43)) - raft.server.rpcslowness.timeout = 120s (custom)
2019-09-12 04:43:58,608 [pool-37-thread-1] INFO  server.RaftServerConfigKeys (ConfUtils.java:logGet(43)) - raft.server.sleep.deviation.threshold = 300 (default)
2019-09-12 04:43:58,608 [pool-37-thread-1] INFO  server.RaftServerConfigKeys (ConfUtils.java:logGet(43)) - raft.server.log.appender.install.snapshot.enabled = false (custom)
2019-09-12 04:43:58,608 [pool-37-thread-1] INFO  impl.RaftServerImpl (ServerState.java:<init>(103)) - 4a6209c5-e52c-498b-a70a-f7b5c2b845a9@group-166E211DB835: ConfigurationManager, init=-1: [4a6209c5-e52c-498b-a70a-f7b5c2b845a9:192.168.34.8:40323], old=null, confs=<EMPTY_MAP>
2019-09-12 04:43:58,608 [pool-37-thread-1] INFO  server.RaftServerConfigKeys (ConfUtils.java:logGet(43)) - raft.server.storage.dir = [/workdir/hadoop-ozone/integration-test/target/test-dir/MiniOzoneClusterImpl-0727815a-69b9-4555-83e7-340a4888e3ed/datanode-1/data/ratis] (custom)
2019-09-12 04:43:58,608 [pool-37-thread-1] INFO  storage.RaftStorageDirectory (RaftStorageDirectory.java:analyzeStorage(246)) - The storage directory /workdir/hadoop-ozone/integration-test/target/test-dir/MiniOzoneClusterImpl-0727815a-69b9-4555-83e7-340a4888e3ed/datanode-1/data/ratis/600f59c1-9f31-4b2b-a8a5-166e211db835 does not exist. Creating ...
2019-09-12 04:43:58,623 [pool-37-thread-1] INFO  storage.RaftStorageDirectory (RaftStorageDirectory.java:tryLock(328)) - Lock on /workdir/hadoop-ozone/integration-test/target/test-dir/MiniOzoneClusterImpl-0727815a-69b9-4555-83e7-340a4888e3ed/datanode-1/data/ratis/600f59c1-9f31-4b2b-a8a5-166e211db835/in_use.lock acquired by nodename 14047@pr-hdds-1879-pbs75-1821932185
2019-09-12 04:43:58,635 [pool-37-thread-1] INFO  storage.RaftStorage (RaftStorage.java:format(72)) - Storage directory /workdir/hadoop-ozone/integration-test/target/test-dir/MiniOzoneClusterImpl-0727815a-69b9-4555-83e7-340a4888e3ed/datanode-1/data/ratis/600f59c1-9f31-4b2b-a8a5-166e211db835 has been successfully formatted.
2019-09-12 04:43:58,635 [pool-37-thread-1] INFO  ratis.ContainerStateMachine (ContainerStateMachine.java:loadSnapshot(230)) - group-166E211DB835: The snapshot info is null. Setting the last applied indexto:(t:0, i:~)
2019-09-12 04:43:58,635 [pool-37-thread-1] INFO  server.RaftServerConfigKeys (ConfUtils.java:logGet(43)) - raft.server.notification.no-leader.timeout = 120s (custom)
2019-09-12 04:43:58,636 [pool-37-thread-1] INFO  server.RaftServerConfigKeys (ConfUtils.java:logGet(43)) - raft.server.log.use.memory = false (default)
2019-09-12 04:43:58,636 [pool-37-thread-1] INFO  server.RaftServerConfigKeys (ConfUtils.java:logGet(43)) - raft.server.log.purge.gap = 1000000 (custom)
2019-09-12 04:43:58,636 [pool-37-thread-1] INFO  server.RaftServerConfigKeys (ConfUtils.java:logGet(43)) - raft.server.log.appender.buffer.byte-limit = 33554432 (custom)
2019-09-12 04:43:58,636 [pool-37-thread-1] INFO  server.RaftServerConfigKeys (ConfUtils.java:logGet(43)) - raft.server.log.segment.size.max = 1048576 (custom)
2019-09-12 04:43:58,636 [pool-37-thread-1] INFO  server.RaftServerConfigKeys (ConfUtils.java:logGet(43)) - raft.server.log.segment.cache.num.max = 2 (custom)
2019-09-12 04:43:58,639 [pool-37-thread-1] INFO  segmented.SegmentedRaftLogWorker (SegmentedRaftLogWorker.java:<init>(172)) - new 4a6209c5-e52c-498b-a70a-f7b5c2b845a9@group-166E211DB835-SegmentedRaftLogWorker for RaftStorage:Storage Directory /workdir/hadoop-ozone/integration-test/target/test-dir/MiniOzoneClusterImpl-0727815a-69b9-4555-83e7-340a4888e3ed/datanode-1/data/ratis/600f59c1-9f31-4b2b-a8a5-166e211db835
2019-09-12 04:43:58,642 [pool-37-thread-1] INFO  server.RaftServerConfigKeys (ConfUtils.java:logGet(43)) - raft.server.log.queue.byte-limit = 2147483647 (custom)
2019-09-12 04:43:58,642 [pool-37-thread-1] INFO  server.RaftServerConfigKeys (ConfUtils.java:logGet(43)) - raft.server.log.queue.element-limit = 1024 (custom)
2019-09-12 04:43:58,642 [pool-37-thread-1] INFO  server.RaftServerConfigKeys (ConfUtils.java:logGet(43)) - raft.server.log.segment.size.max = 1048576 (custom)
2019-09-12 04:43:58,643 [pool-37-thread-1] INFO  server.RaftServerConfigKeys (ConfUtils.java:logGet(43)) - raft.server.log.preallocated.size = 16384 (custom)
2019-09-12 04:43:58,643 [pool-37-thread-1] INFO  server.RaftServerConfigKeys (ConfUtils.java:logGet(43)) - raft.server.log.write.buffer.size = 33554432 (custom)
2019-09-12 04:43:58,643 [pool-37-thread-1] INFO  server.RaftServerConfigKeys (ConfUtils.java:logGet(43)) - raft.server.log.force.sync.num = 128 (default)
2019-09-12 04:43:58,643 [pool-37-thread-1] INFO  server.RaftServerConfigKeys (ConfUtils.java:logGet(43)) - raft.server.log.statemachine.data.sync = true (default)
2019-09-12 04:43:58,643 [pool-37-thread-1] INFO  server.RaftServerConfigKeys (ConfUtils.java:logGet(43)) - raft.server.log.statemachine.data.sync.timeout = 10s (default)
2019-09-12 04:43:58,643 [pool-37-thread-1] INFO  server.RaftServerConfigKeys (ConfUtils.java:logGet(43)) - raft.server.log.statemachine.data.sync.timeout.retry = -1 (default)
2019-09-12 04:43:58,644 [pool-37-thread-1] INFO  server.RaftServerConfigKeys (ConfUtils.java:logGet(43)) - raft.server.log.statemachine.data.caching.enabled = true (custom)
2019-09-12 04:43:58,644 [pool-37-thread-1] INFO  segmented.SegmentedRaftLogWorker (SegmentedRaftLogWorker.java:lambda$new$0(132)) - 4a6209c5-e52c-498b-a70a-f7b5c2b845a9@group-166E211DB835-SegmentedRaftLogWorker: flushIndex: setUnconditionally 0 -> -1
2019-09-12 04:43:58,644 [pool-37-thread-1] INFO  server.RaftServerConfigKeys (ConfUtils.java:logGet(43)) - raft.server.snapshot.auto.trigger.enabled = true (custom)
2019-09-12 04:43:58,645 [pool-37-thread-1] INFO  server.RaftServerConfigKeys (ConfUtils.java:logGet(43)) - raft.server.snapshot.auto.trigger.threshold = 10000 (custom)
2019-09-12 04:43:58,645 [pool-37-thread-1] INFO  server.RaftServerConfigKeys (ConfUtils.java:logGet(43)) - raft.server.snapshot.retention.num.files = -1 (default)
2019-09-12 04:43:58,645 [pool-37-thread-1] INFO  server.RaftServerConfigKeys (ConfUtils.java:logGet(43)) - raft.server.retrycache.expirytime = 600000ms (custom)
2019-09-12 04:43:58,647 [pool-37-thread-1] INFO  impl.RaftServerImpl (RaftServerImpl.java:start(185)) - 4a6209c5-e52c-498b-a70a-f7b5c2b845a9@group-166E211DB835: start as a follower, conf=-1: [4a6209c5-e52c-498b-a70a-f7b5c2b845a9:192.168.34.8:40323], old=null
2019-09-12 04:43:58,648 [pool-37-thread-1] INFO  impl.RaftServerImpl (RaftServerImpl.java:setRole(174)) - 4a6209c5-e52c-498b-a70a-f7b5c2b845a9@group-166E211DB835: changes role from      null to FOLLOWER at term 0 for startAsFollower
2019-09-12 04:43:58,648 [pool-37-thread-1] INFO  impl.RoleInfo (RoleInfo.java:updateAndGet(143)) - 4a6209c5-e52c-498b-a70a-f7b5c2b845a9: start FollowerState
2019-09-12 04:43:58,648 [pool-37-thread-1] INFO  util.JmxRegister (JmxRegister.java:tryRegister(44)) - Successfully registered JMX Bean with object name Ratis:service=RaftServer,group=group-166E211DB835,id=4a6209c5-e52c-498b-a70a-f7b5c2b845a9
2019-09-12 04:43:58,665 [RatisPipelineUtilsThread] INFO  pipeline.PipelineStateManager (PipelineStateManager.java:addPipeline(56)) - Created pipeline Pipeline[ Id: 600f59c1-9f31-4b2b-a8a5-166e211db835, Nodes: 4a6209c5-e52c-498b-a70a-f7b5c2b845a9{ip: 192.168.34.8, host: pr-hdds-1879-pbs75-1821932185, networkLocation: /default-rack, certSerialId: null}, Type:RATIS, Factor:ONE, State:OPEN]
2019-09-12 04:43:58,700 [grpc-default-executor-0] INFO  impl.RaftServerProxy (RaftServerProxy.java:addNew(89)) - ff593ad8-0a8c-4994-b186-664742ea902d: addNew group-E23EE48DF05D:[ff593ad8-0a8c-4994-b186-664742ea902d:192.168.34.8:42941] returns group-E23EE48DF05D:java.util.concurrent.CompletableFuture@6cdf6044[Not completed]
2019-09-12 04:43:58,711 [pool-47-thread-1] INFO  impl.RaftServerImpl (RaftServerImpl.java:<init>(95)) - ff593ad8-0a8c-4994-b186-664742ea902d: new RaftServerImpl for group-E23EE48DF05D:[ff593ad8-0a8c-4994-b186-664742ea902d:192.168.34.8:42941] with ContainerStateMachine:uninitialized
2019-09-12 04:43:58,712 [pool-47-thread-1] INFO  server.RaftServerConfigKeys (ConfUtils.java:logGet(43)) - raft.server.rpc.timeout.min = 1s (custom)
2019-09-12 04:43:58,712 [pool-47-thread-1] INFO  server.RaftServerConfigKeys (ConfUtils.java:logGet(43)) - raft.server.rpc.timeout.max = 1200ms (custom)
2019-09-12 04:43:58,712 [pool-47-thread-1] INFO  server.RaftServerConfigKeys (ConfUtils.java:logGet(43)) - raft.server.rpcslowness.timeout = 120s (custom)
2019-09-12 04:43:58,713 [pool-47-thread-1] INFO  server.RaftServerConfigKeys (ConfUtils.java:logGet(43)) - raft.server.sleep.deviation.threshold = 300 (default)
2019-09-12 04:43:58,713 [pool-47-thread-1] INFO  server.RaftServerConfigKeys (ConfUtils.java:logGet(43)) - raft.server.log.appender.install.snapshot.enabled = false (custom)
2019-09-12 04:43:58,713 [pool-47-thread-1] INFO  impl.RaftServerImpl (ServerState.java:<init>(103)) - ff593ad8-0a8c-4994-b186-664742ea902d@group-E23EE48DF05D: ConfigurationManager, init=-1: [ff593ad8-0a8c-4994-b186-664742ea902d:192.168.34.8:42941], old=null, confs=<EMPTY_MAP>
2019-09-12 04:43:58,713 [pool-47-thread-1] INFO  server.RaftServerConfigKeys (ConfUtils.java:logGet(43)) - raft.server.storage.dir = [/workdir/hadoop-ozone/integration-test/target/test-dir/MiniOzoneClusterImpl-0727815a-69b9-4555-83e7-340a4888e3ed/datanode-2/data/ratis] (custom)
2019-09-12 04:43:58,714 [pool-47-thread-1] INFO  storage.RaftStorageDirectory (RaftStorageDirectory.java:analyzeStorage(246)) - The storage directory /workdir/hadoop-ozone/integration-test/target/test-dir/MiniOzoneClusterImpl-0727815a-69b9-4555-83e7-340a4888e3ed/datanode-2/data/ratis/c8255526-9cdb-4bbc-9fca-e23ee48df05d does not exist. Creating ...
2019-09-12 04:43:58,743 [pool-47-thread-1] INFO  storage.RaftStorageDirectory (RaftStorageDirectory.java:tryLock(328)) - Lock on /workdir/hadoop-ozone/integration-test/target/test-dir/MiniOzoneClusterImpl-0727815a-69b9-4555-83e7-340a4888e3ed/datanode-2/data/ratis/c8255526-9cdb-4bbc-9fca-e23ee48df05d/in_use.lock acquired by nodename 14047@pr-hdds-1879-pbs75-1821932185
2019-09-12 04:43:58,862 [pool-47-thread-1] INFO  storage.RaftStorage (RaftStorage.java:format(72)) - Storage directory /workdir/hadoop-ozone/integration-test/target/test-dir/MiniOzoneClusterImpl-0727815a-69b9-4555-83e7-340a4888e3ed/datanode-2/data/ratis/c8255526-9cdb-4bbc-9fca-e23ee48df05d has been successfully formatted.
2019-09-12 04:43:58,862 [Thread-285] INFO  impl.FollowerState (FollowerState.java:run(106)) - 6a9b9dd7-7806-4506-bdaf-7a94c8190a08:group-73A181EEDD51 changes to CANDIDATE, lastRpcTime:1168, electionTimeout:1163ms
2019-09-12 04:43:58,878 [pool-47-thread-1] INFO  ratis.ContainerStateMachine (ContainerStateMachine.java:loadSnapshot(230)) - group-E23EE48DF05D: The snapshot info is null. Setting the last applied indexto:(t:0, i:~)
2019-09-12 04:43:58,883 [pool-47-thread-1] INFO  server.RaftServerConfigKeys (ConfUtils.java:logGet(43)) - raft.server.notification.no-leader.timeout = 120s (custom)
2019-09-12 04:43:58,886 [pool-47-thread-1] INFO  server.RaftServerConfigKeys (ConfUtils.java:logGet(43)) - raft.server.log.use.memory = false (default)
2019-09-12 04:43:58,888 [pool-47-thread-1] INFO  server.RaftServerConfigKeys (ConfUtils.java:logGet(43)) - raft.server.log.purge.gap = 1000000 (custom)
2019-09-12 04:43:58,889 [pool-47-thread-1] INFO  server.RaftServerConfigKeys (ConfUtils.java:logGet(43)) - raft.server.log.appender.buffer.byte-limit = 33554432 (custom)
2019-09-12 04:43:58,889 [pool-47-thread-1] INFO  server.RaftServerConfigKeys (ConfUtils.java:logGet(43)) - raft.server.log.segment.size.max = 1048576 (custom)
2019-09-12 04:43:58,889 [pool-47-thread-1] INFO  server.RaftServerConfigKeys (ConfUtils.java:logGet(43)) - raft.server.log.segment.cache.num.max = 2 (custom)
2019-09-12 04:43:58,889 [pool-47-thread-1] INFO  segmented.SegmentedRaftLogWorker (SegmentedRaftLogWorker.java:<init>(172)) - new ff593ad8-0a8c-4994-b186-664742ea902d@group-E23EE48DF05D-SegmentedRaftLogWorker for RaftStorage:Storage Directory /workdir/hadoop-ozone/integration-test/target/test-dir/MiniOzoneClusterImpl-0727815a-69b9-4555-83e7-340a4888e3ed/datanode-2/data/ratis/c8255526-9cdb-4bbc-9fca-e23ee48df05d
2019-09-12 04:43:58,889 [Thread-285] INFO  impl.RoleInfo (RoleInfo.java:shutdownFollowerState(121)) - 6a9b9dd7-7806-4506-bdaf-7a94c8190a08: shutdown FollowerState
2019-09-12 04:43:58,890 [Thread-285] INFO  impl.RaftServerImpl (RaftServerImpl.java:setRole(174)) - 6a9b9dd7-7806-4506-bdaf-7a94c8190a08@group-73A181EEDD51: changes role from  FOLLOWER to CANDIDATE at term 0 for changeToCandidate
2019-09-12 04:43:58,925 [pool-47-thread-1] INFO  server.RaftServerConfigKeys (ConfUtils.java:logGet(43)) - raft.server.log.queue.byte-limit = 2147483647 (custom)
2019-09-12 04:43:58,925 [pool-47-thread-1] INFO  server.RaftServerConfigKeys (ConfUtils.java:logGet(43)) - raft.server.log.queue.element-limit = 1024 (custom)
2019-09-12 04:43:58,925 [pool-47-thread-1] INFO  server.RaftServerConfigKeys (ConfUtils.java:logGet(43)) - raft.server.log.segment.size.max = 1048576 (custom)
2019-09-12 04:43:58,925 [pool-47-thread-1] INFO  server.RaftServerConfigKeys (ConfUtils.java:logGet(43)) - raft.server.log.preallocated.size = 16384 (custom)
2019-09-12 04:43:58,926 [pool-47-thread-1] INFO  server.RaftServerConfigKeys (ConfUtils.java:logGet(43)) - raft.server.log.write.buffer.size = 33554432 (custom)
2019-09-12 04:43:58,926 [pool-47-thread-1] INFO  server.RaftServerConfigKeys (ConfUtils.java:logGet(43)) - raft.server.log.force.sync.num = 128 (default)
2019-09-12 04:43:58,926 [pool-47-thread-1] INFO  server.RaftServerConfigKeys (ConfUtils.java:logGet(43)) - raft.server.log.statemachine.data.sync = true (default)
2019-09-12 04:43:58,930 [pool-47-thread-1] INFO  server.RaftServerConfigKeys (ConfUtils.java:logGet(43)) - raft.server.log.statemachine.data.sync.timeout = 10s (default)
2019-09-12 04:43:58,930 [Thread-285] INFO  impl.RoleInfo (RoleInfo.java:updateAndGet(143)) - 6a9b9dd7-7806-4506-bdaf-7a94c8190a08: start LeaderElection
2019-09-12 04:43:58,930 [pool-47-thread-1] INFO  server.RaftServerConfigKeys (ConfUtils.java:logGet(43)) - raft.server.log.statemachine.data.sync.timeout.retry = -1 (default)
2019-09-12 04:43:58,931 [pool-47-thread-1] INFO  server.RaftServerConfigKeys (ConfUtils.java:logGet(43)) - raft.server.log.statemachine.data.caching.enabled = true (custom)
2019-09-12 04:43:58,937 [pool-47-thread-1] INFO  segmented.SegmentedRaftLogWorker (SegmentedRaftLogWorker.java:lambda$new$0(132)) - ff593ad8-0a8c-4994-b186-664742ea902d@group-E23EE48DF05D-SegmentedRaftLogWorker: flushIndex: setUnconditionally 0 -> -1
2019-09-12 04:43:58,940 [pool-47-thread-1] INFO  server.RaftServerConfigKeys (ConfUtils.java:logGet(43)) - raft.server.snapshot.auto.trigger.enabled = true (custom)
2019-09-12 04:43:58,940 [pool-47-thread-1] INFO  server.RaftServerConfigKeys (ConfUtils.java:logGet(43)) - raft.server.snapshot.auto.trigger.threshold = 10000 (custom)
2019-09-12 04:43:58,940 [pool-47-thread-1] INFO  server.RaftServerConfigKeys (ConfUtils.java:logGet(43)) - raft.server.snapshot.retention.num.files = -1 (default)
2019-09-12 04:43:58,940 [pool-47-thread-1] INFO  server.RaftServerConfigKeys (ConfUtils.java:logGet(43)) - raft.server.retrycache.expirytime = 600000ms (custom)
2019-09-12 04:43:58,943 [pool-47-thread-1] INFO  impl.RaftServerImpl (RaftServerImpl.java:start(185)) - ff593ad8-0a8c-4994-b186-664742ea902d@group-E23EE48DF05D: start as a follower, conf=-1: [ff593ad8-0a8c-4994-b186-664742ea902d:192.168.34.8:42941], old=null
2019-09-12 04:43:58,943 [pool-47-thread-1] INFO  impl.RaftServerImpl (RaftServerImpl.java:setRole(174)) - ff593ad8-0a8c-4994-b186-664742ea902d@group-E23EE48DF05D: changes role from      null to FOLLOWER at term 0 for startAsFollower
2019-09-12 04:43:58,943 [pool-47-thread-1] INFO  impl.RoleInfo (RoleInfo.java:updateAndGet(143)) - ff593ad8-0a8c-4994-b186-664742ea902d: start FollowerState
2019-09-12 04:43:58,944 [pool-47-thread-1] INFO  util.JmxRegister (JmxRegister.java:tryRegister(44)) - Successfully registered JMX Bean with object name Ratis:service=RaftServer,group=group-E23EE48DF05D,id=ff593ad8-0a8c-4994-b186-664742ea902d
2019-09-12 04:43:58,953 [6a9b9dd7-7806-4506-bdaf-7a94c8190a08@group-73A181EEDD51:LeaderElection1] INFO  impl.LeaderElection (LeaderElection.java:askForVotes(182)) - 6a9b9dd7-7806-4506-bdaf-7a94c8190a08@group-73A181EEDD51:LeaderElection1: begin an election at term 1 for -1: [6a9b9dd7-7806-4506-bdaf-7a94c8190a08:192.168.34.8:46421], old=null
2019-09-12 04:43:58,957 [RatisPipelineUtilsThread] INFO  pipeline.PipelineStateManager (PipelineStateManager.java:addPipeline(56)) - Created pipeline Pipeline[ Id: c8255526-9cdb-4bbc-9fca-e23ee48df05d, Nodes: ff593ad8-0a8c-4994-b186-664742ea902d{ip: 192.168.34.8, host: pr-hdds-1879-pbs75-1821932185, networkLocation: /default-rack, certSerialId: null}, Type:RATIS, Factor:ONE, State:OPEN]
2019-09-12 04:43:58,959 [6a9b9dd7-7806-4506-bdaf-7a94c8190a08@group-73A181EEDD51:LeaderElection1] INFO  impl.RoleInfo (RoleInfo.java:shutdownLeaderElection(134)) - 6a9b9dd7-7806-4506-bdaf-7a94c8190a08: shutdown LeaderElection
2019-09-12 04:43:58,959 [6a9b9dd7-7806-4506-bdaf-7a94c8190a08@group-73A181EEDD51:LeaderElection1] INFO  impl.RaftServerImpl (RaftServerImpl.java:setRole(174)) - 6a9b9dd7-7806-4506-bdaf-7a94c8190a08@group-73A181EEDD51: changes role from CANDIDATE to LEADER at term 1 for changeToLeader
2019-09-12 04:43:58,960 [6a9b9dd7-7806-4506-bdaf-7a94c8190a08@group-73A181EEDD51:LeaderElection1] INFO  impl.RaftServerImpl (ServerState.java:setLeader(253)) - 6a9b9dd7-7806-4506-bdaf-7a94c8190a08@group-73A181EEDD51: change Leader from null to 6a9b9dd7-7806-4506-bdaf-7a94c8190a08 at term 1 for becomeLeader, leader elected after 1400ms
2019-09-12 04:43:58,984 [Thread-288] INFO  impl.FollowerState (FollowerState.java:run(106)) - f262dcb5-fcde-4b4d-8116-9712eaf07b60:group-097A1D94D7F7 changes to CANDIDATE, lastRpcTime:1059, electionTimeout:1056ms
2019-09-12 04:43:58,997 [Thread-288] INFO  impl.RoleInfo (RoleInfo.java:shutdownFollowerState(121)) - f262dcb5-fcde-4b4d-8116-9712eaf07b60: shutdown FollowerState
2019-09-12 04:43:58,997 [Thread-288] INFO  impl.RaftServerImpl (RaftServerImpl.java:setRole(174)) - f262dcb5-fcde-4b4d-8116-9712eaf07b60@group-097A1D94D7F7: changes role from  FOLLOWER to CANDIDATE at term 0 for changeToCandidate
2019-09-12 04:43:58,999 [Thread-288] INFO  impl.RoleInfo (RoleInfo.java:updateAndGet(143)) - f262dcb5-fcde-4b4d-8116-9712eaf07b60: start LeaderElection
2019-09-12 04:43:59,005 [6a9b9dd7-7806-4506-bdaf-7a94c8190a08@group-73A181EEDD51:LeaderElection1] INFO  server.RaftServerConfigKeys (ConfUtils.java:logGet(43)) - raft.server.staging.catchup.gap = 1000 (default)
2019-09-12 04:43:59,005 [6a9b9dd7-7806-4506-bdaf-7a94c8190a08@group-73A181EEDD51:LeaderElection1] INFO  server.RaftServerConfigKeys (ConfUtils.java:logGet(43)) - raft.server.rpc.sleep.time = 25ms (default)
2019-09-12 04:43:59,011 [grpc-default-executor-2] INFO  impl.RaftServerProxy (RaftServerProxy.java:addNew(89)) - f262dcb5-fcde-4b4d-8116-9712eaf07b60: addNew group-4108054CE771:[dc062215-230a-40c1-88c1-e0a4fdad3ac4:192.168.34.8:46577, f262dcb5-fcde-4b4d-8116-9712eaf07b60:192.168.34.8:45858, 11629c23-30ab-483c-81ff-e86f5fb16847:192.168.34.8:35874] returns group-4108054CE771:java.util.concurrent.CompletableFuture@34a92738[Not completed]
2019-09-12 04:43:59,016 [grpc-default-executor-1] INFO  impl.RaftServerProxy (RaftServerProxy.java:addNew(89)) - dc062215-230a-40c1-88c1-e0a4fdad3ac4: addNew group-4108054CE771:[dc062215-230a-40c1-88c1-e0a4fdad3ac4:192.168.34.8:46577, f262dcb5-fcde-4b4d-8116-9712eaf07b60:192.168.34.8:45858, 11629c23-30ab-483c-81ff-e86f5fb16847:192.168.34.8:35874] returns group-4108054CE771:java.util.concurrent.CompletableFuture@1e44dd08[Not completed]
2019-09-12 04:43:59,017 [grpc-default-executor-2] INFO  impl.RaftServerProxy (RaftServerProxy.java:addNew(89)) - 11629c23-30ab-483c-81ff-e86f5fb16847: addNew group-4108054CE771:[dc062215-230a-40c1-88c1-e0a4fdad3ac4:192.168.34.8:46577, f262dcb5-fcde-4b4d-8116-9712eaf07b60:192.168.34.8:45858, 11629c23-30ab-483c-81ff-e86f5fb16847:192.168.34.8:35874] returns group-4108054CE771:java.util.concurrent.CompletableFuture@71abbfc9[Not completed]
2019-09-12 04:43:59,017 [6a9b9dd7-7806-4506-bdaf-7a94c8190a08@group-73A181EEDD51:LeaderElection1] INFO  server.RaftServerConfigKeys (ConfUtils.java:logGet(43)) - raft.server.write.element-limit = 4096 (default)
2019-09-12 04:43:59,019 [f262dcb5-fcde-4b4d-8116-9712eaf07b60@group-097A1D94D7F7:LeaderElection2] INFO  impl.LeaderElection (LeaderElection.java:askForVotes(182)) - f262dcb5-fcde-4b4d-8116-9712eaf07b60@group-097A1D94D7F7:LeaderElection2: begin an election at term 1 for -1: [f262dcb5-fcde-4b4d-8116-9712eaf07b60:192.168.34.8:45858], old=null
2019-09-12 04:43:59,022 [pool-87-thread-1] INFO  impl.RaftServerImpl (RaftServerImpl.java:<init>(95)) - f262dcb5-fcde-4b4d-8116-9712eaf07b60: new RaftServerImpl for group-4108054CE771:[dc062215-230a-40c1-88c1-e0a4fdad3ac4:192.168.34.8:46577, f262dcb5-fcde-4b4d-8116-9712eaf07b60:192.168.34.8:45858, 11629c23-30ab-483c-81ff-e86f5fb16847:192.168.34.8:35874] with ContainerStateMachine:uninitialized
2019-09-12 04:43:59,022 [f262dcb5-fcde-4b4d-8116-9712eaf07b60@group-097A1D94D7F7:LeaderElection2] INFO  impl.RoleInfo (RoleInfo.java:shutdownLeaderElection(134)) - f262dcb5-fcde-4b4d-8116-9712eaf07b60: shutdown LeaderElection
2019-09-12 04:43:59,022 [pool-87-thread-1] INFO  server.RaftServerConfigKeys (ConfUtils.java:logGet(43)) - raft.server.rpc.timeout.min = 1s (custom)
2019-09-12 04:43:59,022 [f262dcb5-fcde-4b4d-8116-9712eaf07b60@group-097A1D94D7F7:LeaderElection2] INFO  impl.RaftServerImpl (RaftServerImpl.java:setRole(174)) - f262dcb5-fcde-4b4d-8116-9712eaf07b60@group-097A1D94D7F7: changes role from CANDIDATE to LEADER at term 1 for changeToLeader
2019-09-12 04:43:59,022 [pool-87-thread-1] INFO  server.RaftServerConfigKeys (ConfUtils.java:logGet(43)) - raft.server.rpc.timeout.max = 1200ms (custom)
2019-09-12 04:43:59,022 [f262dcb5-fcde-4b4d-8116-9712eaf07b60@group-097A1D94D7F7:LeaderElection2] INFO  impl.RaftServerImpl (ServerState.java:setLeader(253)) - f262dcb5-fcde-4b4d-8116-9712eaf07b60@group-097A1D94D7F7: change Leader from null to f262dcb5-fcde-4b4d-8116-9712eaf07b60 at term 1 for becomeLeader, leader elected after 1114ms
2019-09-12 04:43:59,022 [pool-87-thread-1] INFO  server.RaftServerConfigKeys (ConfUtils.java:logGet(43)) - raft.server.rpcslowness.timeout = 120s (custom)
2019-09-12 04:43:59,023 [f262dcb5-fcde-4b4d-8116-9712eaf07b60@group-097A1D94D7F7:LeaderElection2] INFO  server.RaftServerConfigKeys (ConfUtils.java:logGet(43)) - raft.server.staging.catchup.gap = 1000 (default)
2019-09-12 04:43:59,023 [pool-87-thread-1] INFO  server.RaftServerConfigKeys (ConfUtils.java:logGet(43)) - raft.server.sleep.deviation.threshold = 300 (default)
2019-09-12 04:43:59,023 [f262dcb5-fcde-4b4d-8116-9712eaf07b60@group-097A1D94D7F7:LeaderElection2] INFO  server.RaftServerConfigKeys (ConfUtils.java:logGet(43)) - raft.server.rpc.sleep.time = 25ms (default)
2019-09-12 04:43:59,023 [pool-87-thread-1] INFO  server.RaftServerConfigKeys (ConfUtils.java:logGet(43)) - raft.server.log.appender.install.snapshot.enabled = false (custom)
2019-09-12 04:43:59,023 [f262dcb5-fcde-4b4d-8116-9712eaf07b60@group-097A1D94D7F7:LeaderElection2] INFO  server.RaftServerConfigKeys (ConfUtils.java:logGet(43)) - raft.server.write.element-limit = 4096 (default)
2019-09-12 04:43:59,023 [pool-107-thread-1] INFO  impl.RaftServerImpl (RaftServerImpl.java:<init>(95)) - 11629c23-30ab-483c-81ff-e86f5fb16847: new RaftServerImpl for group-4108054CE771:[dc062215-230a-40c1-88c1-e0a4fdad3ac4:192.168.34.8:46577, f262dcb5-fcde-4b4d-8116-9712eaf07b60:192.168.34.8:45858, 11629c23-30ab-483c-81ff-e86f5fb16847:192.168.34.8:35874] with ContainerStateMachine:uninitialized
2019-09-12 04:43:59,023 [pool-87-thread-1] INFO  impl.RaftServerImpl (ServerState.java:<init>(103)) - f262dcb5-fcde-4b4d-8116-9712eaf07b60@group-4108054CE771: ConfigurationManager, init=-1: [dc062215-230a-40c1-88c1-e0a4fdad3ac4:192.168.34.8:46577, f262dcb5-fcde-4b4d-8116-9712eaf07b60:192.168.34.8:45858, 11629c23-30ab-483c-81ff-e86f5fb16847:192.168.34.8:35874], old=null, confs=<EMPTY_MAP>
2019-09-12 04:43:59,024 [pool-107-thread-1] INFO  server.RaftServerConfigKeys (ConfUtils.java:logGet(43)) - raft.server.rpc.timeout.min = 1s (custom)
2019-09-12 04:43:59,024 [pool-87-thread-1] INFO  server.RaftServerConfigKeys (ConfUtils.java:logGet(43)) - raft.server.storage.dir = [/workdir/hadoop-ozone/integration-test/target/test-dir/MiniOzoneClusterImpl-0727815a-69b9-4555-83e7-340a4888e3ed/datanode-6/data/ratis] (custom)
2019-09-12 04:43:59,024 [pool-107-thread-1] INFO  server.RaftServerConfigKeys (ConfUtils.java:logGet(43)) - raft.server.rpc.timeout.max = 1200ms (custom)
2019-09-12 04:43:59,024 [pool-107-thread-1] INFO  server.RaftServerConfigKeys (ConfUtils.java:logGet(43)) - raft.server.rpcslowness.timeout = 120s (custom)
2019-09-12 04:43:59,024 [pool-107-thread-1] INFO  server.RaftServerConfigKeys (ConfUtils.java:logGet(43)) - raft.server.sleep.deviation.threshold = 300 (default)
2019-09-12 04:43:59,024 [6a9b9dd7-7806-4506-bdaf-7a94c8190a08@group-73A181EEDD51:LeaderElection1] INFO  server.RaftServerConfigKeys (ConfUtils.java:logGet(43)) - raft.server.watch.timeout = 10s (default)
2019-09-12 04:43:59,024 [pool-87-thread-1] INFO  storage.RaftStorageDirectory (RaftStorageDirectory.java:analyzeStorage(246)) - The storage directory /workdir/hadoop-ozone/integration-test/target/test-dir/MiniOzoneClusterImpl-0727815a-69b9-4555-83e7-340a4888e3ed/datanode-6/data/ratis/9b9520e7-d4bb-49c1-a64e-4108054ce771 does not exist. Creating ...
2019-09-12 04:43:59,024 [6a9b9dd7-7806-4506-bdaf-7a94c8190a08@group-73A181EEDD51:LeaderElection1] INFO  server.RaftServerConfigKeys (ConfUtils.java:logGet(43)) - raft.server.watch.timeout.denomination = 1s (default)
2019-09-12 04:43:59,024 [pool-107-thread-1] INFO  server.RaftServerConfigKeys (ConfUtils.java:logGet(43)) - raft.server.log.appender.install.snapshot.enabled = false (custom)
2019-09-12 04:43:59,024 [f262dcb5-fcde-4b4d-8116-9712eaf07b60@group-097A1D94D7F7:LeaderElection2] INFO  server.RaftServerConfigKeys (ConfUtils.java:logGet(43)) - raft.server.watch.timeout = 10s (default)
2019-09-12 04:43:59,025 [pool-57-thread-1] INFO  impl.RaftServerImpl (RaftServerImpl.java:<init>(95)) - dc062215-230a-40c1-88c1-e0a4fdad3ac4: new RaftServerImpl for group-4108054CE771:[dc062215-230a-40c1-88c1-e0a4fdad3ac4:192.168.34.8:46577, f262dcb5-fcde-4b4d-8116-9712eaf07b60:192.168.34.8:45858, 11629c23-30ab-483c-81ff-e86f5fb16847:192.168.34.8:35874] with ContainerStateMachine:uninitialized
2019-09-12 04:43:59,025 [pool-107-thread-1] INFO  impl.RaftServerImpl (ServerState.java:<init>(103)) - 11629c23-30ab-483c-81ff-e86f5fb16847@group-4108054CE771: ConfigurationManager, init=-1: [dc062215-230a-40c1-88c1-e0a4fdad3ac4:192.168.34.8:46577, f262dcb5-fcde-4b4d-8116-9712eaf07b60:192.168.34.8:45858, 11629c23-30ab-483c-81ff-e86f5fb16847:192.168.34.8:35874], old=null, confs=<EMPTY_MAP>
2019-09-12 04:43:59,025 [pool-57-thread-1] INFO  server.RaftServerConfigKeys (ConfUtils.java:logGet(43)) - raft.server.rpc.timeout.min = 1s (custom)
2019-09-12 04:43:59,025 [f262dcb5-fcde-4b4d-8116-9712eaf07b60@group-097A1D94D7F7:LeaderElection2] INFO  server.RaftServerConfigKeys (ConfUtils.java:logGet(43)) - raft.server.watch.timeout.denomination = 1s (default)
2019-09-12 04:43:59,025 [pool-57-thread-1] INFO  server.RaftServerConfigKeys (ConfUtils.java:logGet(43)) - raft.server.rpc.timeout.max = 1200ms (custom)
2019-09-12 04:43:59,025 [6a9b9dd7-7806-4506-bdaf-7a94c8190a08@group-73A181EEDD51:LeaderElection1] INFO  server.RaftServerConfigKeys (ConfUtils.java:logGet(43)) - raft.server.watch.element-limit = 65536 (default)
2019-09-12 04:43:59,025 [pool-107-thread-1] INFO  server.RaftServerConfigKeys (ConfUtils.java:logGet(43)) - raft.server.storage.dir = [/workdir/hadoop-ozone/integration-test/target/test-dir/MiniOzoneClusterImpl-0727815a-69b9-4555-83e7-340a4888e3ed/datanode-8/data/ratis] (custom)
2019-09-12 04:43:59,026 [pool-57-thread-1] INFO  server.RaftServerConfigKeys (ConfUtils.java:logGet(43)) - raft.server.rpcslowness.timeout = 120s (custom)
2019-09-12 04:43:59,025 [f262dcb5-fcde-4b4d-8116-9712eaf07b60@group-097A1D94D7F7:LeaderElection2] INFO  server.RaftServerConfigKeys (ConfUtils.java:logGet(43)) - raft.server.watch.element-limit = 65536 (default)
2019-09-12 04:43:59,034 [pool-57-thread-1] INFO  server.RaftServerConfigKeys (ConfUtils.java:logGet(43)) - raft.server.sleep.deviation.threshold = 300 (default)
2019-09-12 04:43:59,034 [pool-107-thread-1] INFO  storage.RaftStorageDirectory (RaftStorageDirectory.java:analyzeStorage(246)) - The storage directory /workdir/hadoop-ozone/integration-test/target/test-dir/MiniOzoneClusterImpl-0727815a-69b9-4555-83e7-340a4888e3ed/datanode-8/data/ratis/9b9520e7-d4bb-49c1-a64e-4108054ce771 does not exist. Creating ...
2019-09-12 04:43:59,035 [pool-57-thread-1] INFO  server.RaftServerConfigKeys (ConfUtils.java:logGet(43)) - raft.server.log.appender.install.snapshot.enabled = false (custom)
2019-09-12 04:43:59,035 [pool-57-thread-1] INFO  impl.RaftServerImpl (ServerState.java:<init>(103)) - dc062215-230a-40c1-88c1-e0a4fdad3ac4@group-4108054CE771: ConfigurationManager, init=-1: [dc062215-230a-40c1-88c1-e0a4fdad3ac4:192.168.34.8:46577, f262dcb5-fcde-4b4d-8116-9712eaf07b60:192.168.34.8:45858, 11629c23-30ab-483c-81ff-e86f5fb16847:192.168.34.8:35874], old=null, confs=<EMPTY_MAP>
2019-09-12 04:43:59,035 [pool-57-thread-1] INFO  server.RaftServerConfigKeys (ConfUtils.java:logGet(43)) - raft.server.storage.dir = [/workdir/hadoop-ozone/integration-test/target/test-dir/MiniOzoneClusterImpl-0727815a-69b9-4555-83e7-340a4888e3ed/datanode-3/data/ratis] (custom)
2019-09-12 04:43:59,036 [pool-57-thread-1] INFO  storage.RaftStorageDirectory (RaftStorageDirectory.java:analyzeStorage(246)) - The storage directory /workdir/hadoop-ozone/integration-test/target/test-dir/MiniOzoneClusterImpl-0727815a-69b9-4555-83e7-340a4888e3ed/datanode-3/data/ratis/9b9520e7-d4bb-49c1-a64e-4108054ce771 does not exist. Creating ...
2019-09-12 04:43:59,050 [pool-87-thread-1] INFO  storage.RaftStorageDirectory (RaftStorageDirectory.java:tryLock(328)) - Lock on /workdir/hadoop-ozone/integration-test/target/test-dir/MiniOzoneClusterImpl-0727815a-69b9-4555-83e7-340a4888e3ed/datanode-6/data/ratis/9b9520e7-d4bb-49c1-a64e-4108054ce771/in_use.lock acquired by nodename 14047@pr-hdds-1879-pbs75-1821932185
2019-09-12 04:43:59,050 [pool-107-thread-1] INFO  storage.RaftStorageDirectory (RaftStorageDirectory.java:tryLock(328)) - Lock on /workdir/hadoop-ozone/integration-test/target/test-dir/MiniOzoneClusterImpl-0727815a-69b9-4555-83e7-340a4888e3ed/datanode-8/data/ratis/9b9520e7-d4bb-49c1-a64e-4108054ce771/in_use.lock acquired by nodename 14047@pr-hdds-1879-pbs75-1821932185
2019-09-12 04:43:59,057 [pool-57-thread-1] INFO  storage.RaftStorageDirectory (RaftStorageDirectory.java:tryLock(328)) - Lock on /workdir/hadoop-ozone/integration-test/target/test-dir/MiniOzoneClusterImpl-0727815a-69b9-4555-83e7-340a4888e3ed/datanode-3/data/ratis/9b9520e7-d4bb-49c1-a64e-4108054ce771/in_use.lock acquired by nodename 14047@pr-hdds-1879-pbs75-1821932185
2019-09-12 04:43:59,064 [6a9b9dd7-7806-4506-bdaf-7a94c8190a08@group-73A181EEDD51:LeaderElection1] INFO  impl.RoleInfo (RoleInfo.java:updateAndGet(143)) - 6a9b9dd7-7806-4506-bdaf-7a94c8190a08: start LeaderState
2019-09-12 04:43:59,064 [f262dcb5-fcde-4b4d-8116-9712eaf07b60@group-097A1D94D7F7:LeaderElection2] INFO  impl.RoleInfo (RoleInfo.java:updateAndGet(143)) - f262dcb5-fcde-4b4d-8116-9712eaf07b60: start LeaderState
2019-09-12 04:43:59,087 [pool-107-thread-1] INFO  storage.RaftStorage (RaftStorage.java:format(72)) - Storage directory /workdir/hadoop-ozone/integration-test/target/test-dir/MiniOzoneClusterImpl-0727815a-69b9-4555-83e7-340a4888e3ed/datanode-8/data/ratis/9b9520e7-d4bb-49c1-a64e-4108054ce771 has been successfully formatted.
2019-09-12 04:43:59,087 [pool-57-thread-1] INFO  storage.RaftStorage (RaftStorage.java:format(72)) - Storage directory /workdir/hadoop-ozone/integration-test/target/test-dir/MiniOzoneClusterImpl-0727815a-69b9-4555-83e7-340a4888e3ed/datanode-3/data/ratis/9b9520e7-d4bb-49c1-a64e-4108054ce771 has been successfully formatted.
2019-09-12 04:43:59,087 [pool-87-thread-1] INFO  storage.RaftStorage (RaftStorage.java:format(72)) - Storage directory /workdir/hadoop-ozone/integration-test/target/test-dir/MiniOzoneClusterImpl-0727815a-69b9-4555-83e7-340a4888e3ed/datanode-6/data/ratis/9b9520e7-d4bb-49c1-a64e-4108054ce771 has been successfully formatted.
2019-09-12 04:43:59,087 [pool-107-thread-1] INFO  ratis.ContainerStateMachine (ContainerStateMachine.java:loadSnapshot(230)) - group-4108054CE771: The snapshot info is null. Setting the last applied indexto:(t:0, i:~)
2019-09-12 04:43:59,087 [pool-87-thread-1] INFO  ratis.ContainerStateMachine (ContainerStateMachine.java:loadSnapshot(230)) - group-4108054CE771: The snapshot info is null. Setting the last applied indexto:(t:0, i:~)
2019-09-12 04:43:59,087 [6a9b9dd7-7806-4506-bdaf-7a94c8190a08@group-73A181EEDD51:LeaderElection1] INFO  segmented.SegmentedRaftLogWorker (SegmentedRaftLogWorker.java:startLogSegment(380)) - 6a9b9dd7-7806-4506-bdaf-7a94c8190a08@group-73A181EEDD51-SegmentedRaftLogWorker: Starting segment from index:0
2019-09-12 04:43:59,087 [f262dcb5-fcde-4b4d-8116-9712eaf07b60@group-097A1D94D7F7:LeaderElection2] INFO  segmented.SegmentedRaftLogWorker (SegmentedRaftLogWorker.java:startLogSegment(380)) - f262dcb5-fcde-4b4d-8116-9712eaf07b60@group-097A1D94D7F7-SegmentedRaftLogWorker: Starting segment from index:0
2019-09-12 04:43:59,089 [pool-87-thread-1] INFO  server.RaftServerConfigKeys (ConfUtils.java:logGet(43)) - raft.server.notification.no-leader.timeout = 120s (custom)
2019-09-12 04:43:59,087 [pool-107-thread-1] INFO  server.RaftServerConfigKeys (ConfUtils.java:logGet(43)) - raft.server.notification.no-leader.timeout = 120s (custom)
2019-09-12 04:43:59,087 [pool-57-thread-1] INFO  ratis.ContainerStateMachine (ContainerStateMachine.java:loadSnapshot(230)) - group-4108054CE771: The snapshot info is null. Setting the last applied indexto:(t:0, i:~)
2019-09-12 04:43:59,090 [pool-107-thread-1] INFO  server.RaftServerConfigKeys (ConfUtils.java:logGet(43)) - raft.server.log.use.memory = false (default)
2019-09-12 04:43:59,090 [pool-87-thread-1] INFO  server.RaftServerConfigKeys (ConfUtils.java:logGet(43)) - raft.server.log.use.memory = false (default)
2019-09-12 04:43:59,090 [pool-107-thread-1] INFO  server.RaftServerConfigKeys (ConfUtils.java:logGet(43)) - raft.server.log.purge.gap = 1000000 (custom)
2019-09-12 04:43:59,090 [pool-57-thread-1] INFO  server.RaftServerConfigKeys (ConfUtils.java:logGet(43)) - raft.server.notification.no-leader.timeout = 120s (custom)
2019-09-12 04:43:59,091 [pool-107-thread-1] INFO  server.RaftServerConfigKeys (ConfUtils.java:logGet(43)) - raft.server.log.appender.buffer.byte-limit = 33554432 (custom)
2019-09-12 04:43:59,090 [pool-87-thread-1] INFO  server.RaftServerConfigKeys (ConfUtils.java:logGet(43)) - raft.server.log.purge.gap = 1000000 (custom)
2019-09-12 04:43:59,091 [pool-107-thread-1] INFO  server.RaftServerConfigKeys (ConfUtils.java:logGet(43)) - raft.server.log.segment.size.max = 1048576 (custom)
2019-09-12 04:43:59,091 [pool-57-thread-1] INFO  server.RaftServerConfigKeys (ConfUtils.java:logGet(43)) - raft.server.log.use.memory = false (default)
2019-09-12 04:43:59,091 [pool-107-thread-1] INFO  server.RaftServerConfigKeys (ConfUtils.java:logGet(43)) - raft.server.log.segment.cache.num.max = 2 (custom)
2019-09-12 04:43:59,091 [pool-87-thread-1] INFO  server.RaftServerConfigKeys (ConfUtils.java:logGet(43)) - raft.server.log.appender.buffer.byte-limit = 33554432 (custom)
2019-09-12 04:43:59,092 [pool-107-thread-1] INFO  segmented.SegmentedRaftLogWorker (SegmentedRaftLogWorker.java:<init>(172)) - new 11629c23-30ab-483c-81ff-e86f5fb16847@group-4108054CE771-SegmentedRaftLogWorker for RaftStorage:Storage Directory /workdir/hadoop-ozone/integration-test/target/test-dir/MiniOzoneClusterImpl-0727815a-69b9-4555-83e7-340a4888e3ed/datanode-8/data/ratis/9b9520e7-d4bb-49c1-a64e-4108054ce771
2019-09-12 04:43:59,091 [pool-57-thread-1] INFO  server.RaftServerConfigKeys (ConfUtils.java:logGet(43)) - raft.server.log.purge.gap = 1000000 (custom)
2019-09-12 04:43:59,092 [pool-107-thread-1] INFO  server.RaftServerConfigKeys (ConfUtils.java:logGet(43)) - raft.server.log.queue.byte-limit = 2147483647 (custom)
2019-09-12 04:43:59,092 [pool-87-thread-1] INFO  server.RaftServerConfigKeys (ConfUtils.java:logGet(43)) - raft.server.log.segment.size.max = 1048576 (custom)
2019-09-12 04:43:59,092 [pool-107-thread-1] INFO  server.RaftServerConfigKeys (ConfUtils.java:logGet(43)) - raft.server.log.queue.element-limit = 1024 (custom)
2019-09-12 04:43:59,092 [pool-57-thread-1] INFO  server.RaftServerConfigKeys (ConfUtils.java:logGet(43)) - raft.server.log.appender.buffer.byte-limit = 33554432 (custom)
2019-09-12 04:43:59,092 [pool-107-thread-1] INFO  server.RaftServerConfigKeys (ConfUtils.java:logGet(43)) - raft.server.log.segment.size.max = 1048576 (custom)
2019-09-12 04:43:59,092 [pool-87-thread-1] INFO  server.RaftServerConfigKeys (ConfUtils.java:logGet(43)) - raft.server.log.segment.cache.num.max = 2 (custom)
2019-09-12 04:43:59,093 [pool-107-thread-1] INFO  server.RaftServerConfigKeys (ConfUtils.java:logGet(43)) - raft.server.log.preallocated.size = 16384 (custom)
2019-09-12 04:43:59,093 [pool-57-thread-1] INFO  server.RaftServerConfigKeys (ConfUtils.java:logGet(43)) - raft.server.log.segment.size.max = 1048576 (custom)
2019-09-12 04:43:59,093 [pool-107-thread-1] INFO  server.RaftServerConfigKeys (ConfUtils.java:logGet(43)) - raft.server.log.write.buffer.size = 33554432 (custom)
2019-09-12 04:43:59,093 [pool-87-thread-1] INFO  segmented.SegmentedRaftLogWorker (SegmentedRaftLogWorker.java:<init>(172)) - new f262dcb5-fcde-4b4d-8116-9712eaf07b60@group-4108054CE771-SegmentedRaftLogWorker for RaftStorage:Storage Directory /workdir/hadoop-ozone/integration-test/target/test-dir/MiniOzoneClusterImpl-0727815a-69b9-4555-83e7-340a4888e3ed/datanode-6/data/ratis/9b9520e7-d4bb-49c1-a64e-4108054ce771
2019-09-12 04:43:59,093 [pool-107-thread-1] INFO  server.RaftServerConfigKeys (ConfUtils.java:logGet(43)) - raft.server.log.force.sync.num = 128 (default)
2019-09-12 04:43:59,093 [pool-57-thread-1] INFO  server.RaftServerConfigKeys (ConfUtils.java:logGet(43)) - raft.server.log.segment.cache.num.max = 2 (custom)
2019-09-12 04:43:59,094 [pool-107-thread-1] INFO  server.RaftServerConfigKeys (ConfUtils.java:logGet(43)) - raft.server.log.statemachine.data.sync = true (default)
2019-09-12 04:43:59,093 [pool-87-thread-1] INFO  server.RaftServerConfigKeys (ConfUtils.java:logGet(43)) - raft.server.log.queue.byte-limit = 2147483647 (custom)
2019-09-12 04:43:59,094 [pool-107-thread-1] INFO  server.RaftServerConfigKeys (ConfUtils.java:logGet(43)) - raft.server.log.statemachine.data.sync.timeout = 10s (default)
2019-09-12 04:43:59,094 [pool-57-thread-1] INFO  segmented.SegmentedRaftLogWorker (SegmentedRaftLogWorker.java:<init>(172)) - new dc062215-230a-40c1-88c1-e0a4fdad3ac4@group-4108054CE771-SegmentedRaftLogWorker for RaftStorage:Storage Directory /workdir/hadoop-ozone/integration-test/target/test-dir/MiniOzoneClusterImpl-0727815a-69b9-4555-83e7-340a4888e3ed/datanode-3/data/ratis/9b9520e7-d4bb-49c1-a64e-4108054ce771
2019-09-12 04:43:59,094 [pool-107-thread-1] INFO  server.RaftServerConfigKeys (ConfUtils.java:logGet(43)) - raft.server.log.statemachine.data.sync.timeout.retry = -1 (default)
2019-09-12 04:43:59,094 [pool-87-thread-1] INFO  server.RaftServerConfigKeys (ConfUtils.java:logGet(43)) - raft.server.log.queue.element-limit = 1024 (custom)
2019-09-12 04:43:59,094 [pool-57-thread-1] INFO  server.RaftServerConfigKeys (ConfUtils.java:logGet(43)) - raft.server.log.queue.byte-limit = 2147483647 (custom)
2019-09-12 04:43:59,095 [pool-107-thread-1] INFO  server.RaftServerConfigKeys (ConfUtils.java:logGet(43)) - raft.server.log.statemachine.data.caching.enabled = true (custom)
2019-09-12 04:43:59,095 [pool-87-thread-1] INFO  server.RaftServerConfigKeys (ConfUtils.java:logGet(43)) - raft.server.log.segment.size.max = 1048576 (custom)
2019-09-12 04:43:59,095 [pool-57-thread-1] INFO  server.RaftServerConfigKeys (ConfUtils.java:logGet(43)) - raft.server.log.queue.element-limit = 1024 (custom)
2019-09-12 04:43:59,095 [pool-87-thread-1] INFO  server.RaftServerConfigKeys (ConfUtils.java:logGet(43)) - raft.server.log.preallocated.size = 16384 (custom)
2019-09-12 04:43:59,095 [pool-57-thread-1] INFO  server.RaftServerConfigKeys (ConfUtils.java:logGet(43)) - raft.server.log.segment.size.max = 1048576 (custom)
2019-09-12 04:43:59,095 [pool-107-thread-1] INFO  segmented.SegmentedRaftLogWorker (SegmentedRaftLogWorker.java:lambda$new$0(132)) - 11629c23-30ab-483c-81ff-e86f5fb16847@group-4108054CE771-SegmentedRaftLogWorker: flushIndex: setUnconditionally 0 -> -1
2019-09-12 04:43:59,096 [pool-57-thread-1] INFO  server.RaftServerConfigKeys (ConfUtils.java:logGet(43)) - raft.server.log.preallocated.size = 16384 (custom)
2019-09-12 04:43:59,096 [pool-87-thread-1] INFO  server.RaftServerConfigKeys (ConfUtils.java:logGet(43)) - raft.server.log.write.buffer.size = 33554432 (custom)
2019-09-12 04:43:59,096 [pool-57-thread-1] INFO  server.RaftServerConfigKeys (ConfUtils.java:logGet(43)) - raft.server.log.write.buffer.size = 33554432 (custom)
2019-09-12 04:43:59,096 [pool-107-thread-1] INFO  server.RaftServerConfigKeys (ConfUtils.java:logGet(43)) - raft.server.snapshot.auto.trigger.enabled = true (custom)
2019-09-12 04:43:59,096 [pool-87-thread-1] INFO  server.RaftServerConfigKeys (ConfUtils.java:logGet(43)) - raft.server.log.force.sync.num = 128 (default)
2019-09-12 04:43:59,097 [pool-107-thread-1] INFO  server.RaftServerConfigKeys (ConfUtils.java:logGet(43)) - raft.server.snapshot.auto.trigger.threshold = 10000 (custom)
2019-09-12 04:43:59,096 [pool-57-thread-1] INFO  server.RaftServerConfigKeys (ConfUtils.java:logGet(43)) - raft.server.log.force.sync.num = 128 (default)
2019-09-12 04:43:59,097 [pool-107-thread-1] INFO  server.RaftServerConfigKeys (ConfUtils.java:logGet(43)) - raft.server.snapshot.retention.num.files = -1 (default)
2019-09-12 04:43:59,097 [pool-87-thread-1] INFO  server.RaftServerConfigKeys (ConfUtils.java:logGet(43)) - raft.server.log.statemachine.data.sync = true (default)
2019-09-12 04:43:59,103 [pool-57-thread-1] INFO  server.RaftServerConfigKeys (ConfUtils.java:logGet(43)) - raft.server.log.statemachine.data.sync = true (default)
2019-09-12 04:43:59,103 [pool-107-thread-1] INFO  server.RaftServerConfigKeys (ConfUtils.java:logGet(43)) - raft.server.retrycache.expirytime = 600000ms (custom)
2019-09-12 04:43:59,103 [pool-87-thread-1] INFO  server.RaftServerConfigKeys (ConfUtils.java:logGet(43)) - raft.server.log.statemachine.data.sync.timeout = 10s (default)
2019-09-12 04:43:59,104 [pool-57-thread-1] INFO  server.RaftServerConfigKeys (ConfUtils.java:logGet(43)) - raft.server.log.statemachine.data.sync.timeout = 10s (default)
2019-09-12 04:43:59,104 [pool-87-thread-1] INFO  server.RaftServerConfigKeys (ConfUtils.java:logGet(43)) - raft.server.log.statemachine.data.sync.timeout.retry = -1 (default)
2019-09-12 04:43:59,104 [pool-57-thread-1] INFO  server.RaftServerConfigKeys (ConfUtils.java:logGet(43)) - raft.server.log.statemachine.data.sync.timeout.retry = -1 (default)
2019-09-12 04:43:59,105 [pool-87-thread-1] INFO  server.RaftServerConfigKeys (ConfUtils.java:logGet(43)) - raft.server.log.statemachine.data.caching.enabled = true (custom)
2019-09-12 04:43:59,105 [pool-57-thread-1] INFO  server.RaftServerConfigKeys (ConfUtils.java:logGet(43)) - raft.server.log.statemachine.data.caching.enabled = true (custom)
2019-09-12 04:43:59,105 [pool-87-thread-1] INFO  segmented.SegmentedRaftLogWorker (SegmentedRaftLogWorker.java:lambda$new$0(132)) - f262dcb5-fcde-4b4d-8116-9712eaf07b60@group-4108054CE771-SegmentedRaftLogWorker: flushIndex: setUnconditionally 0 -> -1
2019-09-12 04:43:59,105 [pool-57-thread-1] INFO  segmented.SegmentedRaftLogWorker (SegmentedRaftLogWorker.java:lambda$new$0(132)) - dc062215-230a-40c1-88c1-e0a4fdad3ac4@group-4108054CE771-SegmentedRaftLogWorker: flushIndex: setUnconditionally 0 -> -1
2019-09-12 04:43:59,105 [pool-87-thread-1] INFO  server.RaftServerConfigKeys (ConfUtils.java:logGet(43)) - raft.server.snapshot.auto.trigger.enabled = true (custom)
2019-09-12 04:43:59,106 [pool-87-thread-1] INFO  server.RaftServerConfigKeys (ConfUtils.java:logGet(43)) - raft.server.snapshot.auto.trigger.threshold = 10000 (custom)
2019-09-12 04:43:59,107 [pool-87-thread-1] INFO  server.RaftServerConfigKeys (ConfUtils.java:logGet(43)) - raft.server.snapshot.retention.num.files = -1 (default)
2019-09-12 04:43:59,107 [f262dcb5-fcde-4b4d-8116-9712eaf07b60@group-097A1D94D7F7:LeaderElection2] INFO  impl.RaftServerImpl (ServerState.java:setRaftConf(354)) - f262dcb5-fcde-4b4d-8116-9712eaf07b60@group-097A1D94D7F7: set configuration 0: [f262dcb5-fcde-4b4d-8116-9712eaf07b60:192.168.34.8:45858], old=null at 0
2019-09-12 04:43:59,107 [6a9b9dd7-7806-4506-bdaf-7a94c8190a08@group-73A181EEDD51:LeaderElection1] INFO  impl.RaftServerImpl (ServerState.java:setRaftConf(354)) - 6a9b9dd7-7806-4506-bdaf-7a94c8190a08@group-73A181EEDD51: set configuration 0: [6a9b9dd7-7806-4506-bdaf-7a94c8190a08:192.168.34.8:46421], old=null at 0
2019-09-12 04:43:59,107 [pool-57-thread-1] INFO  server.RaftServerConfigKeys (ConfUtils.java:logGet(43)) - raft.server.snapshot.auto.trigger.enabled = true (custom)
2019-09-12 04:43:59,108 [pool-87-thread-1] INFO  server.RaftServerConfigKeys (ConfUtils.java:logGet(43)) - raft.server.retrycache.expirytime = 600000ms (custom)
2019-09-12 04:43:59,108 [pool-57-thread-1] INFO  server.RaftServerConfigKeys (ConfUtils.java:logGet(43)) - raft.server.snapshot.auto.trigger.threshold = 10000 (custom)
2019-09-12 04:43:59,108 [pool-57-thread-1] INFO  server.RaftServerConfigKeys (ConfUtils.java:logGet(43)) - raft.server.snapshot.retention.num.files = -1 (default)
2019-09-12 04:43:59,108 [pool-57-thread-1] INFO  server.RaftServerConfigKeys (ConfUtils.java:logGet(43)) - raft.server.retrycache.expirytime = 600000ms (custom)
2019-09-12 04:43:59,118 [pool-107-thread-1] INFO  impl.RaftServerImpl (RaftServerImpl.java:start(185)) - 11629c23-30ab-483c-81ff-e86f5fb16847@group-4108054CE771: start as a follower, conf=-1: [dc062215-230a-40c1-88c1-e0a4fdad3ac4:192.168.34.8:46577, f262dcb5-fcde-4b4d-8116-9712eaf07b60:192.168.34.8:45858, 11629c23-30ab-483c-81ff-e86f5fb16847:192.168.34.8:35874], old=null
2019-09-12 04:43:59,119 [pool-107-thread-1] INFO  impl.RaftServerImpl (RaftServerImpl.java:setRole(174)) - 11629c23-30ab-483c-81ff-e86f5fb16847@group-4108054CE771: changes role from      null to FOLLOWER at term 0 for startAsFollower
2019-09-12 04:43:59,119 [pool-107-thread-1] INFO  impl.RoleInfo (RoleInfo.java:updateAndGet(143)) - 11629c23-30ab-483c-81ff-e86f5fb16847: start FollowerState
2019-09-12 04:43:59,120 [pool-87-thread-1] INFO  impl.RaftServerImpl (RaftServerImpl.java:start(185)) - f262dcb5-fcde-4b4d-8116-9712eaf07b60@group-4108054CE771: start as a follower, conf=-1: [dc062215-230a-40c1-88c1-e0a4fdad3ac4:192.168.34.8:46577, f262dcb5-fcde-4b4d-8116-9712eaf07b60:192.168.34.8:45858, 11629c23-30ab-483c-81ff-e86f5fb16847:192.168.34.8:35874], old=null
2019-09-12 04:43:59,120 [pool-57-thread-1] INFO  impl.RaftServerImpl (RaftServerImpl.java:start(185)) - dc062215-230a-40c1-88c1-e0a4fdad3ac4@group-4108054CE771: start as a follower, conf=-1: [dc062215-230a-40c1-88c1-e0a4fdad3ac4:192.168.34.8:46577, f262dcb5-fcde-4b4d-8116-9712eaf07b60:192.168.34.8:45858, 11629c23-30ab-483c-81ff-e86f5fb16847:192.168.34.8:35874], old=null
2019-09-12 04:43:59,120 [pool-87-thread-1] INFO  impl.RaftServerImpl (RaftServerImpl.java:setRole(174)) - f262dcb5-fcde-4b4d-8116-9712eaf07b60@group-4108054CE771: changes role from      null to FOLLOWER at term 0 for startAsFollower
2019-09-12 04:43:59,120 [pool-107-thread-1] INFO  util.JmxRegister (JmxRegister.java:tryRegister(44)) - Successfully registered JMX Bean with object name Ratis:service=RaftServer,group=group-4108054CE771,id=11629c23-30ab-483c-81ff-e86f5fb16847
2019-09-12 04:43:59,120 [pool-87-thread-1] INFO  impl.RoleInfo (RoleInfo.java:updateAndGet(143)) - f262dcb5-fcde-4b4d-8116-9712eaf07b60: start FollowerState
2019-09-12 04:43:59,120 [pool-57-thread-1] INFO  impl.RaftServerImpl (RaftServerImpl.java:setRole(174)) - dc062215-230a-40c1-88c1-e0a4fdad3ac4@group-4108054CE771: changes role from      null to FOLLOWER at term 0 for startAsFollower
2019-09-12 04:43:59,121 [pool-57-thread-1] INFO  impl.RoleInfo (RoleInfo.java:updateAndGet(143)) - dc062215-230a-40c1-88c1-e0a4fdad3ac4: start FollowerState
2019-09-12 04:43:59,121 [pool-87-thread-1] INFO  util.JmxRegister (JmxRegister.java:tryRegister(44)) - Successfully registered JMX Bean with object name Ratis:service=RaftServer,group=group-4108054CE771,id=f262dcb5-fcde-4b4d-8116-9712eaf07b60
2019-09-12 04:43:59,121 [pool-57-thread-1] INFO  util.JmxRegister (JmxRegister.java:tryRegister(44)) - Successfully registered JMX Bean with object name Ratis:service=RaftServer,group=group-4108054CE771,id=dc062215-230a-40c1-88c1-e0a4fdad3ac4
2019-09-12 04:43:59,172 [RatisPipelineUtilsThread] INFO  pipeline.PipelineStateManager (PipelineStateManager.java:addPipeline(56)) - Created pipeline Pipeline[ Id: 9b9520e7-d4bb-49c1-a64e-4108054ce771, Nodes: f262dcb5-fcde-4b4d-8116-9712eaf07b60{ip: 192.168.34.8, host: pr-hdds-1879-pbs75-1821932185, networkLocation: /default-rack, certSerialId: null}11629c23-30ab-483c-81ff-e86f5fb16847{ip: 192.168.34.8, host: pr-hdds-1879-pbs75-1821932185, networkLocation: /default-rack, certSerialId: null}dc062215-230a-40c1-88c1-e0a4fdad3ac4{ip: 192.168.34.8, host: pr-hdds-1879-pbs75-1821932185, networkLocation: /default-rack, certSerialId: null}, Type:RATIS, Factor:THREE, State:OPEN]
2019-09-12 04:43:59,201 [grpc-default-executor-0] INFO  impl.RaftServerProxy (RaftServerProxy.java:addNew(89)) - 2534340d-8749-41cd-9451-53923b204706: addNew group-F3FC0297FA2D:[eec7f56f-87bd-4e59-a43c-c5b862436b1c:192.168.34.8:37396, 6a9b9dd7-7806-4506-bdaf-7a94c8190a08:192.168.34.8:46421, 2534340d-8749-41cd-9451-53923b204706:192.168.34.8:34449] returns group-F3FC0297FA2D:java.util.concurrent.CompletableFuture@7d259e92[Not completed]
2019-09-12 04:43:59,201 [grpc-default-executor-2] INFO  impl.RaftServerProxy (RaftServerProxy.java:addNew(89)) - eec7f56f-87bd-4e59-a43c-c5b862436b1c: addNew group-F3FC0297FA2D:[eec7f56f-87bd-4e59-a43c-c5b862436b1c:192.168.34.8:37396, 6a9b9dd7-7806-4506-bdaf-7a94c8190a08:192.168.34.8:46421, 2534340d-8749-41cd-9451-53923b204706:192.168.34.8:34449] returns group-F3FC0297FA2D:java.util.concurrent.CompletableFuture@40108aca[Not completed]
2019-09-12 04:43:59,203 [grpc-default-executor-1] INFO  impl.RaftServerProxy (RaftServerProxy.java:addNew(89)) - 6a9b9dd7-7806-4506-bdaf-7a94c8190a08: addNew group-F3FC0297FA2D:[eec7f56f-87bd-4e59-a43c-c5b862436b1c:192.168.34.8:37396, 6a9b9dd7-7806-4506-bdaf-7a94c8190a08:192.168.34.8:46421, 2534340d-8749-41cd-9451-53923b204706:192.168.34.8:34449] returns group-F3FC0297FA2D:java.util.concurrent.CompletableFuture@6ad7bab8[Not completed]
2019-09-12 04:43:59,204 [pool-97-thread-1] INFO  impl.RaftServerImpl (RaftServerImpl.java:<init>(95)) - eec7f56f-87bd-4e59-a43c-c5b862436b1c: new RaftServerImpl for group-F3FC0297FA2D:[eec7f56f-87bd-4e59-a43c-c5b862436b1c:192.168.34.8:37396, 6a9b9dd7-7806-4506-bdaf-7a94c8190a08:192.168.34.8:46421, 2534340d-8749-41cd-9451-53923b204706:192.168.34.8:34449] with ContainerStateMachine:uninitialized
2019-09-12 04:43:59,204 [pool-97-thread-1] INFO  server.RaftServerConfigKeys (ConfUtils.java:logGet(43)) - raft.server.rpc.timeout.min = 1s (custom)
2019-09-12 04:43:59,204 [pool-97-thread-1] INFO  server.RaftServerConfigKeys (ConfUtils.java:logGet(43)) - raft.server.rpc.timeout.max = 1200ms (custom)
2019-09-12 04:43:59,204 [pool-97-thread-1] INFO  server.RaftServerConfigKeys (ConfUtils.java:logGet(43)) - raft.server.rpcslowness.timeout = 120s (custom)
2019-09-12 04:43:59,204 [pool-97-thread-1] INFO  server.RaftServerConfigKeys (ConfUtils.java:logGet(43)) - raft.server.sleep.deviation.threshold = 300 (default)
2019-09-12 04:43:59,205 [pool-97-thread-1] INFO  server.RaftServerConfigKeys (ConfUtils.java:logGet(43)) - raft.server.log.appender.install.snapshot.enabled = false (custom)
2019-09-12 04:43:59,205 [pool-97-thread-1] INFO  impl.RaftServerImpl (ServerState.java:<init>(103)) - eec7f56f-87bd-4e59-a43c-c5b862436b1c@group-F3FC0297FA2D: ConfigurationManager, init=-1: [eec7f56f-87bd-4e59-a43c-c5b862436b1c:192.168.34.8:37396, 6a9b9dd7-7806-4506-bdaf-7a94c8190a08:192.168.34.8:46421, 2534340d-8749-41cd-9451-53923b204706:192.168.34.8:34449], old=null, confs=<EMPTY_MAP>
2019-09-12 04:43:59,205 [pool-97-thread-1] INFO  server.RaftServerConfigKeys (ConfUtils.java:logGet(43)) - raft.server.storage.dir = [/workdir/hadoop-ozone/integration-test/target/test-dir/MiniOzoneClusterImpl-0727815a-69b9-4555-83e7-340a4888e3ed/datanode-7/data/ratis] (custom)
2019-09-12 04:43:59,205 [pool-27-thread-1] INFO  impl.RaftServerImpl (RaftServerImpl.java:<init>(95)) - 6a9b9dd7-7806-4506-bdaf-7a94c8190a08: new RaftServerImpl for group-F3FC0297FA2D:[eec7f56f-87bd-4e59-a43c-c5b862436b1c:192.168.34.8:37396, 6a9b9dd7-7806-4506-bdaf-7a94c8190a08:192.168.34.8:46421, 2534340d-8749-41cd-9451-53923b204706:192.168.34.8:34449] with ContainerStateMachine:uninitialized
2019-09-12 04:43:59,205 [pool-97-thread-1] INFO  storage.RaftStorageDirectory (RaftStorageDirectory.java:analyzeStorage(246)) - The storage directory /workdir/hadoop-ozone/integration-test/target/test-dir/MiniOzoneClusterImpl-0727815a-69b9-4555-83e7-340a4888e3ed/datanode-7/data/ratis/bddb4342-453a-4bb7-bb26-f3fc0297fa2d does not exist. Creating ...
2019-09-12 04:43:59,205 [pool-27-thread-1] INFO  server.RaftServerConfigKeys (ConfUtils.java:logGet(43)) - raft.server.rpc.timeout.min = 1s (custom)
2019-09-12 04:43:59,206 [pool-27-thread-1] INFO  server.RaftServerConfigKeys (ConfUtils.java:logGet(43)) - raft.server.rpc.timeout.max = 1200ms (custom)
2019-09-12 04:43:59,206 [pool-27-thread-1] INFO  server.RaftServerConfigKeys (ConfUtils.java:logGet(43)) - raft.server.rpcslowness.timeout = 120s (custom)
2019-09-12 04:43:59,206 [pool-117-thread-1] INFO  impl.RaftServerImpl (RaftServerImpl.java:<init>(95)) - 2534340d-8749-41cd-9451-53923b204706: new RaftServerImpl for group-F3FC0297FA2D:[eec7f56f-87bd-4e59-a43c-c5b862436b1c:192.168.34.8:37396, 6a9b9dd7-7806-4506-bdaf-7a94c8190a08:192.168.34.8:46421, 2534340d-8749-41cd-9451-53923b204706:192.168.34.8:34449] with ContainerStateMachine:uninitialized
2019-09-12 04:43:59,206 [pool-27-thread-1] INFO  server.RaftServerConfigKeys (ConfUtils.java:logGet(43)) - raft.server.sleep.deviation.threshold = 300 (default)
2019-09-12 04:43:59,206 [pool-117-thread-1] INFO  server.RaftServerConfigKeys (ConfUtils.java:logGet(43)) - raft.server.rpc.timeout.min = 1s (custom)
2019-09-12 04:43:59,206 [pool-27-thread-1] INFO  server.RaftServerConfigKeys (ConfUtils.java:logGet(43)) - raft.server.log.appender.install.snapshot.enabled = false (custom)
2019-09-12 04:43:59,207 [pool-117-thread-1] INFO  server.RaftServerConfigKeys (ConfUtils.java:logGet(43)) - raft.server.rpc.timeout.max = 1200ms (custom)
2019-09-12 04:43:59,207 [pool-27-thread-1] INFO  impl.RaftServerImpl (ServerState.java:<init>(103)) - 6a9b9dd7-7806-4506-bdaf-7a94c8190a08@group-F3FC0297FA2D: ConfigurationManager, init=-1: [eec7f56f-87bd-4e59-a43c-c5b862436b1c:192.168.34.8:37396, 6a9b9dd7-7806-4506-bdaf-7a94c8190a08:192.168.34.8:46421, 2534340d-8749-41cd-9451-53923b204706:192.168.34.8:34449], old=null, confs=<EMPTY_MAP>
2019-09-12 04:43:59,207 [pool-117-thread-1] INFO  server.RaftServerConfigKeys (ConfUtils.java:logGet(43)) - raft.server.rpcslowness.timeout = 120s (custom)
2019-09-12 04:43:59,207 [pool-117-thread-1] INFO  server.RaftServerConfigKeys (ConfUtils.java:logGet(43)) - raft.server.sleep.deviation.threshold = 300 (default)
2019-09-12 04:43:59,207 [pool-27-thread-1] INFO  server.RaftServerConfigKeys (ConfUtils.java:logGet(43)) - raft.server.storage.dir = [/workdir/hadoop-ozone/integration-test/target/test-dir/MiniOzoneClusterImpl-0727815a-69b9-4555-83e7-340a4888e3ed/datanode-0/data/ratis] (custom)
2019-09-12 04:43:59,207 [pool-117-thread-1] INFO  server.RaftServerConfigKeys (ConfUtils.java:logGet(43)) - raft.server.log.appender.install.snapshot.enabled = false (custom)
2019-09-12 04:43:59,208 [pool-117-thread-1] INFO  impl.RaftServerImpl (ServerState.java:<init>(103)) - 2534340d-8749-41cd-9451-53923b204706@group-F3FC0297FA2D: ConfigurationManager, init=-1: [eec7f56f-87bd-4e59-a43c-c5b862436b1c:192.168.34.8:37396, 6a9b9dd7-7806-4506-bdaf-7a94c8190a08:192.168.34.8:46421, 2534340d-8749-41cd-9451-53923b204706:192.168.34.8:34449], old=null, confs=<EMPTY_MAP>
2019-09-12 04:43:59,208 [pool-27-thread-1] INFO  storage.RaftStorageDirectory (RaftStorageDirectory.java:analyzeStorage(246)) - The storage directory /workdir/hadoop-ozone/integration-test/target/test-dir/MiniOzoneClusterImpl-0727815a-69b9-4555-83e7-340a4888e3ed/datanode-0/data/ratis/bddb4342-453a-4bb7-bb26-f3fc0297fa2d does not exist. Creating ...
2019-09-12 04:43:59,208 [pool-117-thread-1] INFO  server.RaftServerConfigKeys (ConfUtils.java:logGet(43)) - raft.server.storage.dir = [/workdir/hadoop-ozone/integration-test/target/test-dir/MiniOzoneClusterImpl-0727815a-69b9-4555-83e7-340a4888e3ed/datanode-9/data/ratis] (custom)
2019-09-12 04:43:59,208 [pool-117-thread-1] INFO  storage.RaftStorageDirectory (RaftStorageDirectory.java:analyzeStorage(246)) - The storage directory /workdir/hadoop-ozone/integration-test/target/test-dir/MiniOzoneClusterImpl-0727815a-69b9-4555-83e7-340a4888e3ed/datanode-9/data/ratis/bddb4342-453a-4bb7-bb26-f3fc0297fa2d does not exist. Creating ...
2019-09-12 04:43:59,230 [pool-27-thread-1] INFO  storage.RaftStorageDirectory (RaftStorageDirectory.java:tryLock(328)) - Lock on /workdir/hadoop-ozone/integration-test/target/test-dir/MiniOzoneClusterImpl-0727815a-69b9-4555-83e7-340a4888e3ed/datanode-0/data/ratis/bddb4342-453a-4bb7-bb26-f3fc0297fa2d/in_use.lock acquired by nodename 14047@pr-hdds-1879-pbs75-1821932185
2019-09-12 04:43:59,230 [pool-97-thread-1] INFO  storage.RaftStorageDirectory (RaftStorageDirectory.java:tryLock(328)) - Lock on /workdir/hadoop-ozone/integration-test/target/test-dir/MiniOzoneClusterImpl-0727815a-69b9-4555-83e7-340a4888e3ed/datanode-7/data/ratis/bddb4342-453a-4bb7-bb26-f3fc0297fa2d/in_use.lock acquired by nodename 14047@pr-hdds-1879-pbs75-1821932185
2019-09-12 04:43:59,230 [pool-117-thread-1] INFO  storage.RaftStorageDirectory (RaftStorageDirectory.java:tryLock(328)) - Lock on /workdir/hadoop-ozone/integration-test/target/test-dir/MiniOzoneClusterImpl-0727815a-69b9-4555-83e7-340a4888e3ed/datanode-9/data/ratis/bddb4342-453a-4bb7-bb26-f3fc0297fa2d/in_use.lock acquired by nodename 14047@pr-hdds-1879-pbs75-1821932185
2019-09-12 04:43:59,250 [pool-27-thread-1] INFO  storage.RaftStorage (RaftStorage.java:format(72)) - Storage directory /workdir/hadoop-ozone/integration-test/target/test-dir/MiniOzoneClusterImpl-0727815a-69b9-4555-83e7-340a4888e3ed/datanode-0/data/ratis/bddb4342-453a-4bb7-bb26-f3fc0297fa2d has been successfully formatted.
2019-09-12 04:43:59,250 [pool-117-thread-1] INFO  storage.RaftStorage (RaftStorage.java:format(72)) - Storage directory /workdir/hadoop-ozone/integration-test/target/test-dir/MiniOzoneClusterImpl-0727815a-69b9-4555-83e7-340a4888e3ed/datanode-9/data/ratis/bddb4342-453a-4bb7-bb26-f3fc0297fa2d has been successfully formatted.
2019-09-12 04:43:59,250 [pool-97-thread-1] INFO  storage.RaftStorage (RaftStorage.java:format(72)) - Storage directory /workdir/hadoop-ozone/integration-test/target/test-dir/MiniOzoneClusterImpl-0727815a-69b9-4555-83e7-340a4888e3ed/datanode-7/data/ratis/bddb4342-453a-4bb7-bb26-f3fc0297fa2d has been successfully formatted.
2019-09-12 04:43:59,251 [pool-27-thread-1] INFO  ratis.ContainerStateMachine (ContainerStateMachine.java:loadSnapshot(230)) - group-F3FC0297FA2D: The snapshot info is null. Setting the last applied indexto:(t:0, i:~)
2019-09-12 04:43:59,251 [pool-97-thread-1] INFO  ratis.ContainerStateMachine (ContainerStateMachine.java:loadSnapshot(230)) - group-F3FC0297FA2D: The snapshot info is null. Setting the last applied indexto:(t:0, i:~)
2019-09-12 04:43:59,251 [pool-117-thread-1] INFO  ratis.ContainerStateMachine (ContainerStateMachine.java:loadSnapshot(230)) - group-F3FC0297FA2D: The snapshot info is null. Setting the last applied indexto:(t:0, i:~)
2019-09-12 04:43:59,251 [pool-97-thread-1] INFO  server.RaftServerConfigKeys (ConfUtils.java:logGet(43)) - raft.server.notification.no-leader.timeout = 120s (custom)
2019-09-12 04:43:59,251 [pool-27-thread-1] INFO  server.RaftServerConfigKeys (ConfUtils.java:logGet(43)) - raft.server.notification.no-leader.timeout = 120s (custom)
2019-09-12 04:43:59,251 [Thread-291] INFO  impl.FollowerState (FollowerState.java:run(106)) - 11629c23-30ab-483c-81ff-e86f5fb16847:group-A1FE02390088 changes to CANDIDATE, lastRpcTime:1163, electionTimeout:1163ms
2019-09-12 04:43:59,251 [pool-97-thread-1] INFO  server.RaftServerConfigKeys (ConfUtils.java:logGet(43)) - raft.server.log.use.memory = false (default)
2019-09-12 04:43:59,251 [pool-117-thread-1] INFO  server.RaftServerConfigKeys (ConfUtils.java:logGet(43)) - raft.server.notification.no-leader.timeout = 120s (custom)
2019-09-12 04:43:59,251 [pool-97-thread-1] INFO  server.RaftServerConfigKeys (ConfUtils.java:logGet(43)) - raft.server.log.purge.gap = 1000000 (custom)
2019-09-12 04:43:59,251 [Thread-291] INFO  impl.RoleInfo (RoleInfo.java:shutdownFollowerState(121)) - 11629c23-30ab-483c-81ff-e86f5fb16847: shutdown FollowerState
2019-09-12 04:43:59,251 [pool-27-thread-1] INFO  server.RaftServerConfigKeys (ConfUtils.java:logGet(43)) - raft.server.log.use.memory = false (default)
2019-09-12 04:43:59,252 [Thread-291] INFO  impl.RaftServerImpl (RaftServerImpl.java:setRole(174)) - 11629c23-30ab-483c-81ff-e86f5fb16847@group-A1FE02390088: changes role from  FOLLOWER to CANDIDATE at term 0 for changeToCandidate
2019-09-12 04:43:59,252 [pool-97-thread-1] INFO  server.RaftServerConfigKeys (ConfUtils.java:logGet(43)) - raft.server.log.appender.buffer.byte-limit = 33554432 (custom)
2019-09-12 04:43:59,251 [pool-117-thread-1] INFO  server.RaftServerConfigKeys (ConfUtils.java:logGet(43)) - raft.server.log.use.memory = false (default)
2019-09-12 04:43:59,252 [pool-97-thread-1] INFO  server.RaftServerConfigKeys (ConfUtils.java:logGet(43)) - raft.server.log.segment.size.max = 1048576 (custom)
2019-09-12 04:43:59,252 [Thread-291] INFO  impl.RoleInfo (RoleInfo.java:updateAndGet(143)) - 11629c23-30ab-483c-81ff-e86f5fb16847: start LeaderElection
2019-09-12 04:43:59,252 [pool-27-thread-1] INFO  server.RaftServerConfigKeys (ConfUtils.java:logGet(43)) - raft.server.log.purge.gap = 1000000 (custom)
2019-09-12 04:43:59,252 [pool-97-thread-1] INFO  server.RaftServerConfigKeys (ConfUtils.java:logGet(43)) - raft.server.log.segment.cache.num.max = 2 (custom)
2019-09-12 04:43:59,252 [pool-117-thread-1] INFO  server.RaftServerConfigKeys (ConfUtils.java:logGet(43)) - raft.server.log.purge.gap = 1000000 (custom)
2019-09-12 04:43:59,257 [pool-97-thread-1] INFO  segmented.SegmentedRaftLogWorker (SegmentedRaftLogWorker.java:<init>(172)) - new eec7f56f-87bd-4e59-a43c-c5b862436b1c@group-F3FC0297FA2D-SegmentedRaftLogWorker for RaftStorage:Storage Directory /workdir/hadoop-ozone/integration-test/target/test-dir/MiniOzoneClusterImpl-0727815a-69b9-4555-83e7-340a4888e3ed/datanode-7/data/ratis/bddb4342-453a-4bb7-bb26-f3fc0297fa2d
2019-09-12 04:43:59,253 [pool-27-thread-1] INFO  server.RaftServerConfigKeys (ConfUtils.java:logGet(43)) - raft.server.log.appender.buffer.byte-limit = 33554432 (custom)
2019-09-12 04:43:59,258 [pool-97-thread-1] INFO  server.RaftServerConfigKeys (ConfUtils.java:logGet(43)) - raft.server.log.queue.byte-limit = 2147483647 (custom)
2019-09-12 04:43:59,258 [pool-117-thread-1] INFO  server.RaftServerConfigKeys (ConfUtils.java:logGet(43)) - raft.server.log.appender.buffer.byte-limit = 33554432 (custom)
2019-09-12 04:43:59,258 [pool-97-thread-1] INFO  server.RaftServerConfigKeys (ConfUtils.java:logGet(43)) - raft.server.log.queue.element-limit = 1024 (custom)
2019-09-12 04:43:59,258 [pool-27-thread-1] INFO  server.RaftServerConfigKeys (ConfUtils.java:logGet(43)) - raft.server.log.segment.size.max = 1048576 (custom)
2019-09-12 04:43:59,258 [pool-97-thread-1] INFO  server.RaftServerConfigKeys (ConfUtils.java:logGet(43)) - raft.server.log.segment.size.max = 1048576 (custom)
2019-09-12 04:43:59,258 [pool-117-thread-1] INFO  server.RaftServerConfigKeys (ConfUtils.java:logGet(43)) - raft.server.log.segment.size.max = 1048576 (custom)
2019-09-12 04:43:59,258 [pool-97-thread-1] INFO  server.RaftServerConfigKeys (ConfUtils.java:logGet(43)) - raft.server.log.preallocated.size = 16384 (custom)
2019-09-12 04:43:59,258 [pool-27-thread-1] INFO  server.RaftServerConfigKeys (ConfUtils.java:logGet(43)) - raft.server.log.segment.cache.num.max = 2 (custom)
2019-09-12 04:43:59,259 [pool-97-thread-1] INFO  server.RaftServerConfigKeys (ConfUtils.java:logGet(43)) - raft.server.log.write.buffer.size = 33554432 (custom)
2019-09-12 04:43:59,259 [pool-117-thread-1] INFO  server.RaftServerConfigKeys (ConfUtils.java:logGet(43)) - raft.server.log.segment.cache.num.max = 2 (custom)
2019-09-12 04:43:59,259 [pool-97-thread-1] INFO  server.RaftServerConfigKeys (ConfUtils.java:logGet(43)) - raft.server.log.force.sync.num = 128 (default)
2019-09-12 04:43:59,259 [pool-27-thread-1] INFO  segmented.SegmentedRaftLogWorker (SegmentedRaftLogWorker.java:<init>(172)) - new 6a9b9dd7-7806-4506-bdaf-7a94c8190a08@group-F3FC0297FA2D-SegmentedRaftLogWorker for RaftStorage:Storage Directory /workdir/hadoop-ozone/integration-test/target/test-dir/MiniOzoneClusterImpl-0727815a-69b9-4555-83e7-340a4888e3ed/datanode-0/data/ratis/bddb4342-453a-4bb7-bb26-f3fc0297fa2d
2019-09-12 04:43:59,259 [pool-97-thread-1] INFO  server.RaftServerConfigKeys (ConfUtils.java:logGet(43)) - raft.server.log.statemachine.data.sync = true (default)
2019-09-12 04:43:59,259 [pool-117-thread-1] INFO  segmented.SegmentedRaftLogWorker (SegmentedRaftLogWorker.java:<init>(172)) - new 2534340d-8749-41cd-9451-53923b204706@group-F3FC0297FA2D-SegmentedRaftLogWorker for RaftStorage:Storage Directory /workdir/hadoop-ozone/integration-test/target/test-dir/MiniOzoneClusterImpl-0727815a-69b9-4555-83e7-340a4888e3ed/datanode-9/data/ratis/bddb4342-453a-4bb7-bb26-f3fc0297fa2d
2019-09-12 04:43:59,259 [pool-97-thread-1] INFO  server.RaftServerConfigKeys (ConfUtils.java:logGet(43)) - raft.server.log.statemachine.data.sync.timeout = 10s (default)
2019-09-12 04:43:59,259 [pool-27-thread-1] INFO  server.RaftServerConfigKeys (ConfUtils.java:logGet(43)) - raft.server.log.queue.byte-limit = 2147483647 (custom)
2019-09-12 04:43:59,259 [pool-97-thread-1] INFO  server.RaftServerConfigKeys (ConfUtils.java:logGet(43)) - raft.server.log.statemachine.data.sync.timeout.retry = -1 (default)
2019-09-12 04:43:59,259 [pool-117-thread-1] INFO  server.RaftServerConfigKeys (ConfUtils.java:logGet(43)) - raft.server.log.queue.byte-limit = 2147483647 (custom)
2019-09-12 04:43:59,260 [pool-97-thread-1] INFO  server.RaftServerConfigKeys (ConfUtils.java:logGet(43)) - raft.server.log.statemachine.data.caching.enabled = true (custom)
2019-09-12 04:43:59,260 [pool-27-thread-1] INFO  server.RaftServerConfigKeys (ConfUtils.java:logGet(43)) - raft.server.log.queue.element-limit = 1024 (custom)
2019-09-12 04:43:59,260 [pool-117-thread-1] INFO  server.RaftServerConfigKeys (ConfUtils.java:logGet(43)) - raft.server.log.queue.element-limit = 1024 (custom)
2019-09-12 04:43:59,260 [pool-27-thread-1] INFO  server.RaftServerConfigKeys (ConfUtils.java:logGet(43)) - raft.server.log.segment.size.max = 1048576 (custom)
2019-09-12 04:43:59,260 [pool-117-thread-1] INFO  server.RaftServerConfigKeys (ConfUtils.java:logGet(43)) - raft.server.log.segment.size.max = 1048576 (custom)
2019-09-12 04:43:59,260 [pool-97-thread-1] INFO  segmented.SegmentedRaftLogWorker (SegmentedRaftLogWorker.java:lambda$new$0(132)) - eec7f56f-87bd-4e59-a43c-c5b862436b1c@group-F3FC0297FA2D-SegmentedRaftLogWorker: flushIndex: setUnconditionally 0 -> -1
2019-09-12 04:43:59,260 [pool-117-thread-1] INFO  server.RaftServerConfigKeys (ConfUtils.java:logGet(43)) - raft.server.log.preallocated.size = 16384 (custom)
2019-09-12 04:43:59,260 [pool-27-thread-1] INFO  server.RaftServerConfigKeys (ConfUtils.java:logGet(43)) - raft.server.log.preallocated.size = 16384 (custom)
2019-09-12 04:43:59,261 [pool-97-thread-1] INFO  server.RaftServerConfigKeys (ConfUtils.java:logGet(43)) - raft.server.snapshot.auto.trigger.enabled = true (custom)
2019-09-12 04:43:59,260 [pool-117-thread-1] INFO  server.RaftServerConfigKeys (ConfUtils.java:logGet(43)) - raft.server.log.write.buffer.size = 33554432 (custom)
2019-09-12 04:43:59,261 [pool-97-thread-1] INFO  server.RaftServerConfigKeys (ConfUtils.java:logGet(43)) - raft.server.snapshot.auto.trigger.threshold = 10000 (custom)
2019-09-12 04:43:59,261 [pool-27-thread-1] INFO  server.RaftServerConfigKeys (ConfUtils.java:logGet(43)) - raft.server.log.write.buffer.size = 33554432 (custom)
2019-09-12 04:43:59,261 [pool-97-thread-1] INFO  server.RaftServerConfigKeys (ConfUtils.java:logGet(43)) - raft.server.snapshot.retention.num.files = -1 (default)
2019-09-12 04:43:59,261 [pool-117-thread-1] INFO  server.RaftServerConfigKeys (ConfUtils.java:logGet(43)) - raft.server.log.force.sync.num = 128 (default)
2019-09-12 04:43:59,261 [pool-97-thread-1] INFO  server.RaftServerConfigKeys (ConfUtils.java:logGet(43)) - raft.server.retrycache.expirytime = 600000ms (custom)
2019-09-12 04:43:59,261 [pool-27-thread-1] INFO  server.RaftServerConfigKeys (ConfUtils.java:logGet(43)) - raft.server.log.force.sync.num = 128 (default)
2019-09-12 04:43:59,261 [pool-117-thread-1] INFO  server.RaftServerConfigKeys (ConfUtils.java:logGet(43)) - raft.server.log.statemachine.data.sync = true (default)
2019-09-12 04:43:59,261 [pool-27-thread-1] INFO  server.RaftServerConfigKeys (ConfUtils.java:logGet(43)) - raft.server.log.statemachine.data.sync = true (default)
2019-09-12 04:43:59,262 [pool-117-thread-1] INFO  server.RaftServerConfigKeys (ConfUtils.java:logGet(43)) - raft.server.log.statemachine.data.sync.timeout = 10s (default)
2019-09-12 04:43:59,262 [pool-27-thread-1] INFO  server.RaftServerConfigKeys (ConfUtils.java:logGet(43)) - raft.server.log.statemachine.data.sync.timeout = 10s (default)
2019-09-12 04:43:59,262 [pool-117-thread-1] INFO  server.RaftServerConfigKeys (ConfUtils.java:logGet(43)) - raft.server.log.statemachine.data.sync.timeout.retry = -1 (default)
2019-09-12 04:43:59,262 [pool-27-thread-1] INFO  server.RaftServerConfigKeys (ConfUtils.java:logGet(43)) - raft.server.log.statemachine.data.sync.timeout.retry = -1 (default)
2019-09-12 04:43:59,262 [pool-117-thread-1] INFO  server.RaftServerConfigKeys (ConfUtils.java:logGet(43)) - raft.server.log.statemachine.data.caching.enabled = true (custom)
2019-09-12 04:43:59,262 [pool-27-thread-1] INFO  server.RaftServerConfigKeys (ConfUtils.java:logGet(43)) - raft.server.log.statemachine.data.caching.enabled = true (custom)
2019-09-12 04:43:59,262 [pool-117-thread-1] INFO  segmented.SegmentedRaftLogWorker (SegmentedRaftLogWorker.java:lambda$new$0(132)) - 2534340d-8749-41cd-9451-53923b204706@group-F3FC0297FA2D-SegmentedRaftLogWorker: flushIndex: setUnconditionally 0 -> -1
2019-09-12 04:43:59,263 [pool-27-thread-1] INFO  segmented.SegmentedRaftLogWorker (SegmentedRaftLogWorker.java:lambda$new$0(132)) - 6a9b9dd7-7806-4506-bdaf-7a94c8190a08@group-F3FC0297FA2D-SegmentedRaftLogWorker: flushIndex: setUnconditionally 0 -> -1
2019-09-12 04:43:59,263 [pool-117-thread-1] INFO  server.RaftServerConfigKeys (ConfUtils.java:logGet(43)) - raft.server.snapshot.auto.trigger.enabled = true (custom)
2019-09-12 04:43:59,263 [pool-117-thread-1] INFO  server.RaftServerConfigKeys (ConfUtils.java:logGet(43)) - raft.server.snapshot.auto.trigger.threshold = 10000 (custom)
2019-09-12 04:43:59,263 [pool-27-thread-1] INFO  server.RaftServerConfigKeys (ConfUtils.java:logGet(43)) - raft.server.snapshot.auto.trigger.enabled = true (custom)
2019-09-12 04:43:59,263 [pool-117-thread-1] INFO  server.RaftServerConfigKeys (ConfUtils.java:logGet(43)) - raft.server.snapshot.retention.num.files = -1 (default)
2019-09-12 04:43:59,263 [pool-27-thread-1] INFO  server.RaftServerConfigKeys (ConfUtils.java:logGet(43)) - raft.server.snapshot.auto.trigger.threshold = 10000 (custom)
2019-09-12 04:43:59,263 [pool-117-thread-1] INFO  server.RaftServerConfigKeys (ConfUtils.java:logGet(43)) - raft.server.retrycache.expirytime = 600000ms (custom)
2019-09-12 04:43:59,263 [pool-27-thread-1] INFO  server.RaftServerConfigKeys (ConfUtils.java:logGet(43)) - raft.server.snapshot.retention.num.files = -1 (default)
2019-09-12 04:43:59,264 [pool-27-thread-1] INFO  server.RaftServerConfigKeys (ConfUtils.java:logGet(43)) - raft.server.retrycache.expirytime = 600000ms (custom)
2019-09-12 04:43:59,264 [pool-97-thread-1] INFO  impl.RaftServerImpl (RaftServerImpl.java:start(185)) - eec7f56f-87bd-4e59-a43c-c5b862436b1c@group-F3FC0297FA2D: start as a follower, conf=-1: [eec7f56f-87bd-4e59-a43c-c5b862436b1c:192.168.34.8:37396, 6a9b9dd7-7806-4506-bdaf-7a94c8190a08:192.168.34.8:46421, 2534340d-8749-41cd-9451-53923b204706:192.168.34.8:34449], old=null
2019-09-12 04:43:59,264 [pool-97-thread-1] INFO  impl.RaftServerImpl (RaftServerImpl.java:setRole(174)) - eec7f56f-87bd-4e59-a43c-c5b862436b1c@group-F3FC0297FA2D: changes role from      null to FOLLOWER at term 0 for startAsFollower
2019-09-12 04:43:59,264 [pool-97-thread-1] INFO  impl.RoleInfo (RoleInfo.java:updateAndGet(143)) - eec7f56f-87bd-4e59-a43c-c5b862436b1c: start FollowerState
2019-09-12 04:43:59,265 [pool-97-thread-1] INFO  util.JmxRegister (JmxRegister.java:tryRegister(44)) - Successfully registered JMX Bean with object name Ratis:service=RaftServer,group=group-F3FC0297FA2D,id=eec7f56f-87bd-4e59-a43c-c5b862436b1c
2019-09-12 04:43:59,267 [pool-117-thread-1] INFO  impl.RaftServerImpl (RaftServerImpl.java:start(185)) - 2534340d-8749-41cd-9451-53923b204706@group-F3FC0297FA2D: start as a follower, conf=-1: [eec7f56f-87bd-4e59-a43c-c5b862436b1c:192.168.34.8:37396, 6a9b9dd7-7806-4506-bdaf-7a94c8190a08:192.168.34.8:46421, 2534340d-8749-41cd-9451-53923b204706:192.168.34.8:34449], old=null
2019-09-12 04:43:59,267 [pool-117-thread-1] INFO  impl.RaftServerImpl (RaftServerImpl.java:setRole(174)) - 2534340d-8749-41cd-9451-53923b204706@group-F3FC0297FA2D: changes role from      null to FOLLOWER at term 0 for startAsFollower
2019-09-12 04:43:59,267 [pool-117-thread-1] INFO  impl.RoleInfo (RoleInfo.java:updateAndGet(143)) - 2534340d-8749-41cd-9451-53923b204706: start FollowerState
2019-09-12 04:43:59,268 [pool-117-thread-1] INFO  util.JmxRegister (JmxRegister.java:tryRegister(44)) - Successfully registered JMX Bean with object name Ratis:service=RaftServer,group=group-F3FC0297FA2D,id=2534340d-8749-41cd-9451-53923b204706
2019-09-12 04:43:59,268 [pool-27-thread-1] INFO  impl.RaftServerImpl (RaftServerImpl.java:start(185)) - 6a9b9dd7-7806-4506-bdaf-7a94c8190a08@group-F3FC0297FA2D: start as a follower, conf=-1: [eec7f56f-87bd-4e59-a43c-c5b862436b1c:192.168.34.8:37396, 6a9b9dd7-7806-4506-bdaf-7a94c8190a08:192.168.34.8:46421, 2534340d-8749-41cd-9451-53923b204706:192.168.34.8:34449], old=null
2019-09-12 04:43:59,268 [pool-27-thread-1] INFO  impl.RaftServerImpl (RaftServerImpl.java:setRole(174)) - 6a9b9dd7-7806-4506-bdaf-7a94c8190a08@group-F3FC0297FA2D: changes role from      null to FOLLOWER at term 0 for startAsFollower
2019-09-12 04:43:59,268 [pool-27-thread-1] INFO  impl.RoleInfo (RoleInfo.java:updateAndGet(143)) - 6a9b9dd7-7806-4506-bdaf-7a94c8190a08: start FollowerState
2019-09-12 04:43:59,273 [pool-27-thread-1] INFO  util.JmxRegister (JmxRegister.java:tryRegister(44)) - Successfully registered JMX Bean with object name Ratis:service=RaftServer,group=group-F3FC0297FA2D,id=6a9b9dd7-7806-4506-bdaf-7a94c8190a08
2019-09-12 04:43:59,295 [11629c23-30ab-483c-81ff-e86f5fb16847@group-A1FE02390088:LeaderElection3] INFO  impl.LeaderElection (LeaderElection.java:askForVotes(182)) - 11629c23-30ab-483c-81ff-e86f5fb16847@group-A1FE02390088:LeaderElection3: begin an election at term 1 for -1: [11629c23-30ab-483c-81ff-e86f5fb16847:192.168.34.8:35874], old=null
2019-09-12 04:43:59,295 [11629c23-30ab-483c-81ff-e86f5fb16847@group-A1FE02390088:LeaderElection3] INFO  impl.RoleInfo (RoleInfo.java:shutdownLeaderElection(134)) - 11629c23-30ab-483c-81ff-e86f5fb16847: shutdown LeaderElection
2019-09-12 04:43:59,300 [11629c23-30ab-483c-81ff-e86f5fb16847@group-A1FE02390088:LeaderElection3] INFO  impl.RaftServerImpl (RaftServerImpl.java:setRole(174)) - 11629c23-30ab-483c-81ff-e86f5fb16847@group-A1FE02390088: changes role from CANDIDATE to LEADER at term 1 for changeToLeader
2019-09-12 04:43:59,302 [11629c23-30ab-483c-81ff-e86f5fb16847@group-A1FE02390088:LeaderElection3] INFO  impl.RaftServerImpl (ServerState.java:setLeader(253)) - 11629c23-30ab-483c-81ff-e86f5fb16847@group-A1FE02390088: change Leader from null to 11629c23-30ab-483c-81ff-e86f5fb16847 at term 1 for becomeLeader, leader elected after 1264ms
2019-09-12 04:43:59,302 [11629c23-30ab-483c-81ff-e86f5fb16847@group-A1FE02390088:LeaderElection3] INFO  server.RaftServerConfigKeys (ConfUtils.java:logGet(43)) - raft.server.staging.catchup.gap = 1000 (default)
2019-09-12 04:43:59,302 [11629c23-30ab-483c-81ff-e86f5fb16847@group-A1FE02390088:LeaderElection3] INFO  server.RaftServerConfigKeys (ConfUtils.java:logGet(43)) - raft.server.rpc.sleep.time = 25ms (default)
2019-09-12 04:43:59,303 [11629c23-30ab-483c-81ff-e86f5fb16847@group-A1FE02390088:LeaderElection3] INFO  server.RaftServerConfigKeys (ConfUtils.java:logGet(43)) - raft.server.write.element-limit = 4096 (default)
2019-09-12 04:43:59,303 [11629c23-30ab-483c-81ff-e86f5fb16847@group-A1FE02390088:LeaderElection3] INFO  server.RaftServerConfigKeys (ConfUtils.java:logGet(43)) - raft.server.watch.timeout = 10s (default)
2019-09-12 04:43:59,303 [11629c23-30ab-483c-81ff-e86f5fb16847@group-A1FE02390088:LeaderElection3] INFO  server.RaftServerConfigKeys (ConfUtils.java:logGet(43)) - raft.server.watch.timeout.denomination = 1s (default)
2019-09-12 04:43:59,303 [11629c23-30ab-483c-81ff-e86f5fb16847@group-A1FE02390088:LeaderElection3] INFO  server.RaftServerConfigKeys (ConfUtils.java:logGet(43)) - raft.server.watch.element-limit = 65536 (default)
2019-09-12 04:43:59,306 [RatisPipelineUtilsThread] INFO  pipeline.PipelineStateManager (PipelineStateManager.java:addPipeline(56)) - Created pipeline Pipeline[ Id: bddb4342-453a-4bb7-bb26-f3fc0297fa2d, Nodes: 6a9b9dd7-7806-4506-bdaf-7a94c8190a08{ip: 192.168.34.8, host: pr-hdds-1879-pbs75-1821932185, networkLocation: /default-rack, certSerialId: null}eec7f56f-87bd-4e59-a43c-c5b862436b1c{ip: 192.168.34.8, host: pr-hdds-1879-pbs75-1821932185, networkLocation: /default-rack, certSerialId: null}2534340d-8749-41cd-9451-53923b204706{ip: 192.168.34.8, host: pr-hdds-1879-pbs75-1821932185, networkLocation: /default-rack, certSerialId: null}, Type:RATIS, Factor:THREE, State:OPEN]
2019-09-12 04:43:59,308 [11629c23-30ab-483c-81ff-e86f5fb16847@group-A1FE02390088:LeaderElection3] INFO  impl.RoleInfo (RoleInfo.java:updateAndGet(143)) - 11629c23-30ab-483c-81ff-e86f5fb16847: start LeaderState
2019-09-12 04:43:59,308 [11629c23-30ab-483c-81ff-e86f5fb16847@group-A1FE02390088:LeaderElection3] INFO  segmented.SegmentedRaftLogWorker (SegmentedRaftLogWorker.java:startLogSegment(380)) - 11629c23-30ab-483c-81ff-e86f5fb16847@group-A1FE02390088-SegmentedRaftLogWorker: Starting segment from index:0
2019-09-12 04:43:59,308 [11629c23-30ab-483c-81ff-e86f5fb16847@group-A1FE02390088:LeaderElection3] INFO  impl.RaftServerImpl (ServerState.java:setRaftConf(354)) - 11629c23-30ab-483c-81ff-e86f5fb16847@group-A1FE02390088: set configuration 0: [11629c23-30ab-483c-81ff-e86f5fb16847:192.168.34.8:35874], old=null at 0
2019-09-12 04:43:59,330 [grpc-default-executor-0] INFO  impl.RaftServerProxy (RaftServerProxy.java:addNew(89)) - 4a6209c5-e52c-498b-a70a-f7b5c2b845a9: addNew group-5FD8722A3841:[5903dc6b-2e4c-43f3-9c86-89f09a7774cd:192.168.34.8:35486, 4a6209c5-e52c-498b-a70a-f7b5c2b845a9:192.168.34.8:40323, cf6464f0-cbf8-4363-9806-263215a09c56:192.168.34.8:33437] returns group-5FD8722A3841:java.util.concurrent.CompletableFuture@2a667408[Not completed]
2019-09-12 04:43:59,337 [grpc-default-executor-0] INFO  impl.RaftServerProxy (RaftServerProxy.java:addNew(89)) - 5903dc6b-2e4c-43f3-9c86-89f09a7774cd: addNew group-5FD8722A3841:[5903dc6b-2e4c-43f3-9c86-89f09a7774cd:192.168.34.8:35486, 4a6209c5-e52c-498b-a70a-f7b5c2b845a9:192.168.34.8:40323, cf6464f0-cbf8-4363-9806-263215a09c56:192.168.34.8:33437] returns group-5FD8722A3841:java.util.concurrent.CompletableFuture@57ca788f[Not completed]
2019-09-12 04:43:59,337 [grpc-default-executor-1] INFO  impl.RaftServerProxy (RaftServerProxy.java:addNew(89)) - cf6464f0-cbf8-4363-9806-263215a09c56: addNew group-5FD8722A3841:[5903dc6b-2e4c-43f3-9c86-89f09a7774cd:192.168.34.8:35486, 4a6209c5-e52c-498b-a70a-f7b5c2b845a9:192.168.34.8:40323, cf6464f0-cbf8-4363-9806-263215a09c56:192.168.34.8:33437] returns group-5FD8722A3841:java.util.concurrent.CompletableFuture@3b69bfeb[Not completed]
2019-09-12 04:43:59,337 [pool-37-thread-1] INFO  impl.RaftServerImpl (RaftServerImpl.java:<init>(95)) - 4a6209c5-e52c-498b-a70a-f7b5c2b845a9: new RaftServerImpl for group-5FD8722A3841:[5903dc6b-2e4c-43f3-9c86-89f09a7774cd:192.168.34.8:35486, 4a6209c5-e52c-498b-a70a-f7b5c2b845a9:192.168.34.8:40323, cf6464f0-cbf8-4363-9806-263215a09c56:192.168.34.8:33437] with ContainerStateMachine:uninitialized
2019-09-12 04:43:59,337 [pool-37-thread-1] INFO  server.RaftServerConfigKeys (ConfUtils.java:logGet(43)) - raft.server.rpc.timeout.min = 1s (custom)
2019-09-12 04:43:59,337 [pool-37-thread-1] INFO  server.RaftServerConfigKeys (ConfUtils.java:logGet(43)) - raft.server.rpc.timeout.max = 1200ms (custom)
2019-09-12 04:43:59,337 [pool-37-thread-1] INFO  server.RaftServerConfigKeys (ConfUtils.java:logGet(43)) - raft.server.rpcslowness.timeout = 120s (custom)
2019-09-12 04:43:59,337 [pool-37-thread-1] INFO  server.RaftServerConfigKeys (ConfUtils.java:logGet(43)) - raft.server.sleep.deviation.threshold = 300 (default)
2019-09-12 04:43:59,338 [pool-37-thread-1] INFO  server.RaftServerConfigKeys (ConfUtils.java:logGet(43)) - raft.server.log.appender.install.snapshot.enabled = false (custom)
2019-09-12 04:43:59,338 [pool-37-thread-1] INFO  impl.RaftServerImpl (ServerState.java:<init>(103)) - 4a6209c5-e52c-498b-a70a-f7b5c2b845a9@group-5FD8722A3841: ConfigurationManager, init=-1: [5903dc6b-2e4c-43f3-9c86-89f09a7774cd:192.168.34.8:35486, 4a6209c5-e52c-498b-a70a-f7b5c2b845a9:192.168.34.8:40323, cf6464f0-cbf8-4363-9806-263215a09c56:192.168.34.8:33437], old=null, confs=<EMPTY_MAP>
2019-09-12 04:43:59,338 [pool-37-thread-1] INFO  server.RaftServerConfigKeys (ConfUtils.java:logGet(43)) - raft.server.storage.dir = [/workdir/hadoop-ozone/integration-test/target/test-dir/MiniOzoneClusterImpl-0727815a-69b9-4555-83e7-340a4888e3ed/datanode-1/data/ratis] (custom)
2019-09-12 04:43:59,338 [pool-67-thread-1] INFO  impl.RaftServerImpl (RaftServerImpl.java:<init>(95)) - cf6464f0-cbf8-4363-9806-263215a09c56: new RaftServerImpl for group-5FD8722A3841:[5903dc6b-2e4c-43f3-9c86-89f09a7774cd:192.168.34.8:35486, 4a6209c5-e52c-498b-a70a-f7b5c2b845a9:192.168.34.8:40323, cf6464f0-cbf8-4363-9806-263215a09c56:192.168.34.8:33437] with ContainerStateMachine:uninitialized
2019-09-12 04:43:59,338 [pool-67-thread-1] INFO  server.RaftServerConfigKeys (ConfUtils.java:logGet(43)) - raft.server.rpc.timeout.min = 1s (custom)
2019-09-12 04:43:59,338 [pool-37-thread-1] INFO  storage.RaftStorageDirectory (RaftStorageDirectory.java:analyzeStorage(246)) - The storage directory /workdir/hadoop-ozone/integration-test/target/test-dir/MiniOzoneClusterImpl-0727815a-69b9-4555-83e7-340a4888e3ed/datanode-1/data/ratis/5d771cb8-bc9c-4de1-9b29-5fd8722a3841 does not exist. Creating ...
2019-09-12 04:43:59,338 [pool-67-thread-1] INFO  server.RaftServerConfigKeys (ConfUtils.java:logGet(43)) - raft.server.rpc.timeout.max = 1200ms (custom)
2019-09-12 04:43:59,338 [pool-67-thread-1] INFO  server.RaftServerConfigKeys (ConfUtils.java:logGet(43)) - raft.server.rpcslowness.timeout = 120s (custom)
2019-09-12 04:43:59,339 [pool-67-thread-1] INFO  server.RaftServerConfigKeys (ConfUtils.java:logGet(43)) - raft.server.sleep.deviation.threshold = 300 (default)
2019-09-12 04:43:59,339 [pool-67-thread-1] INFO  server.RaftServerConfigKeys (ConfUtils.java:logGet(43)) - raft.server.log.appender.install.snapshot.enabled = false (custom)
2019-09-12 04:43:59,339 [pool-77-thread-1] INFO  impl.RaftServerImpl (RaftServerImpl.java:<init>(95)) - 5903dc6b-2e4c-43f3-9c86-89f09a7774cd: new RaftServerImpl for group-5FD8722A3841:[5903dc6b-2e4c-43f3-9c86-89f09a7774cd:192.168.34.8:35486, 4a6209c5-e52c-498b-a70a-f7b5c2b845a9:192.168.34.8:40323, cf6464f0-cbf8-4363-9806-263215a09c56:192.168.34.8:33437] with ContainerStateMachine:uninitialized
2019-09-12 04:43:59,339 [pool-67-thread-1] INFO  impl.RaftServerImpl (ServerState.java:<init>(103)) - cf6464f0-cbf8-4363-9806-263215a09c56@group-5FD8722A3841: ConfigurationManager, init=-1: [5903dc6b-2e4c-43f3-9c86-89f09a7774cd:192.168.34.8:35486, 4a6209c5-e52c-498b-a70a-f7b5c2b845a9:192.168.34.8:40323, cf6464f0-cbf8-4363-9806-263215a09c56:192.168.34.8:33437], old=null, confs=<EMPTY_MAP>
2019-09-12 04:43:59,339 [pool-77-thread-1] INFO  server.RaftServerConfigKeys (ConfUtils.java:logGet(43)) - raft.server.rpc.timeout.min = 1s (custom)
2019-09-12 04:43:59,339 [pool-67-thread-1] INFO  server.RaftServerConfigKeys (ConfUtils.java:logGet(43)) - raft.server.storage.dir = [/workdir/hadoop-ozone/integration-test/target/test-dir/MiniOzoneClusterImpl-0727815a-69b9-4555-83e7-340a4888e3ed/datanode-4/data/ratis] (custom)
2019-09-12 04:43:59,339 [pool-77-thread-1] INFO  server.RaftServerConfigKeys (ConfUtils.java:logGet(43)) - raft.server.rpc.timeout.max = 1200ms (custom)
2019-09-12 04:43:59,339 [pool-77-thread-1] INFO  server.RaftServerConfigKeys (ConfUtils.java:logGet(43)) - raft.server.rpcslowness.timeout = 120s (custom)
2019-09-12 04:43:59,340 [pool-67-thread-1] INFO  storage.RaftStorageDirectory (RaftStorageDirectory.java:analyzeStorage(246)) - The storage directory /workdir/hadoop-ozone/integration-test/target/test-dir/MiniOzoneClusterImpl-0727815a-69b9-4555-83e7-340a4888e3ed/datanode-4/data/ratis/5d771cb8-bc9c-4de1-9b29-5fd8722a3841 does not exist. Creating ...
2019-09-12 04:43:59,340 [pool-77-thread-1] INFO  server.RaftServerConfigKeys (ConfUtils.java:logGet(43)) - raft.server.sleep.deviation.threshold = 300 (default)
2019-09-12 04:43:59,340 [pool-77-thread-1] INFO  server.RaftServerConfigKeys (ConfUtils.java:logGet(43)) - raft.server.log.appender.install.snapshot.enabled = false (custom)
2019-09-12 04:43:59,340 [pool-77-thread-1] INFO  impl.RaftServerImpl (ServerState.java:<init>(103)) - 5903dc6b-2e4c-43f3-9c86-89f09a7774cd@group-5FD8722A3841: ConfigurationManager, init=-1: [5903dc6b-2e4c-43f3-9c86-89f09a7774cd:192.168.34.8:35486, 4a6209c5-e52c-498b-a70a-f7b5c2b845a9:192.168.34.8:40323, cf6464f0-cbf8-4363-9806-263215a09c56:192.168.34.8:33437], old=null, confs=<EMPTY_MAP>
2019-09-12 04:43:59,340 [pool-77-thread-1] INFO  server.RaftServerConfigKeys (ConfUtils.java:logGet(43)) - raft.server.storage.dir = [/workdir/hadoop-ozone/integration-test/target/test-dir/MiniOzoneClusterImpl-0727815a-69b9-4555-83e7-340a4888e3ed/datanode-5/data/ratis] (custom)
2019-09-12 04:43:59,341 [pool-77-thread-1] INFO  storage.RaftStorageDirectory (RaftStorageDirectory.java:analyzeStorage(246)) - The storage directory /workdir/hadoop-ozone/integration-test/target/test-dir/MiniOzoneClusterImpl-0727815a-69b9-4555-83e7-340a4888e3ed/datanode-5/data/ratis/5d771cb8-bc9c-4de1-9b29-5fd8722a3841 does not exist. Creating ...
2019-09-12 04:43:59,367 [pool-67-thread-1] INFO  storage.RaftStorageDirectory (RaftStorageDirectory.java:tryLock(328)) - Lock on /workdir/hadoop-ozone/integration-test/target/test-dir/MiniOzoneClusterImpl-0727815a-69b9-4555-83e7-340a4888e3ed/datanode-4/data/ratis/5d771cb8-bc9c-4de1-9b29-5fd8722a3841/in_use.lock acquired by nodename 14047@pr-hdds-1879-pbs75-1821932185
2019-09-12 04:43:59,387 [Thread-294] INFO  impl.FollowerState (FollowerState.java:run(106)) - dc062215-230a-40c1-88c1-e0a4fdad3ac4:group-D763D5DD720D changes to CANDIDATE, lastRpcTime:1204, electionTimeout:1195ms
2019-09-12 04:43:59,368 [pool-37-thread-1] INFO  storage.RaftStorageDirectory (RaftStorageDirectory.java:tryLock(328)) - Lock on /workdir/hadoop-ozone/integration-test/target/test-dir/MiniOzoneClusterImpl-0727815a-69b9-4555-83e7-340a4888e3ed/datanode-1/data/ratis/5d771cb8-bc9c-4de1-9b29-5fd8722a3841/in_use.lock acquired by nodename 14047@pr-hdds-1879-pbs75-1821932185
2019-09-12 04:43:59,369 [pool-77-thread-1] INFO  storage.RaftStorageDirectory (RaftStorageDirectory.java:tryLock(328)) - Lock on /workdir/hadoop-ozone/integration-test/target/test-dir/MiniOzoneClusterImpl-0727815a-69b9-4555-83e7-340a4888e3ed/datanode-5/data/ratis/5d771cb8-bc9c-4de1-9b29-5fd8722a3841/in_use.lock acquired by nodename 14047@pr-hdds-1879-pbs75-1821932185
2019-09-12 04:43:59,387 [Thread-294] INFO  impl.RoleInfo (RoleInfo.java:shutdownFollowerState(121)) - dc062215-230a-40c1-88c1-e0a4fdad3ac4: shutdown FollowerState
2019-09-12 04:43:59,388 [Thread-294] INFO  impl.RaftServerImpl (RaftServerImpl.java:setRole(174)) - dc062215-230a-40c1-88c1-e0a4fdad3ac4@group-D763D5DD720D: changes role from  FOLLOWER to CANDIDATE at term 0 for changeToCandidate
2019-09-12 04:43:59,401 [pool-67-thread-1] INFO  storage.RaftStorage (RaftStorage.java:format(72)) - Storage directory /workdir/hadoop-ozone/integration-test/target/test-dir/MiniOzoneClusterImpl-0727815a-69b9-4555-83e7-340a4888e3ed/datanode-4/data/ratis/5d771cb8-bc9c-4de1-9b29-5fd8722a3841 has been successfully formatted.
2019-09-12 04:43:59,401 [pool-37-thread-1] INFO  storage.RaftStorage (RaftStorage.java:format(72)) - Storage directory /workdir/hadoop-ozone/integration-test/target/test-dir/MiniOzoneClusterImpl-0727815a-69b9-4555-83e7-340a4888e3ed/datanode-1/data/ratis/5d771cb8-bc9c-4de1-9b29-5fd8722a3841 has been successfully formatted.
2019-09-12 04:43:59,401 [pool-77-thread-1] INFO  storage.RaftStorage (RaftStorage.java:format(72)) - Storage directory /workdir/hadoop-ozone/integration-test/target/test-dir/MiniOzoneClusterImpl-0727815a-69b9-4555-83e7-340a4888e3ed/datanode-5/data/ratis/5d771cb8-bc9c-4de1-9b29-5fd8722a3841 has been successfully formatted.
2019-09-12 04:43:59,401 [pool-37-thread-1] INFO  ratis.ContainerStateMachine (ContainerStateMachine.java:loadSnapshot(230)) - group-5FD8722A3841: The snapshot info is null. Setting the last applied indexto:(t:0, i:~)
2019-09-12 04:43:59,401 [pool-67-thread-1] INFO  ratis.ContainerStateMachine (ContainerStateMachine.java:loadSnapshot(230)) - group-5FD8722A3841: The snapshot info is null. Setting the last applied indexto:(t:0, i:~)
2019-09-12 04:43:59,401 [pool-37-thread-1] INFO  server.RaftServerConfigKeys (ConfUtils.java:logGet(43)) - raft.server.notification.no-leader.timeout = 120s (custom)
2019-09-12 04:43:59,401 [pool-77-thread-1] INFO  ratis.ContainerStateMachine (ContainerStateMachine.java:loadSnapshot(230)) - group-5FD8722A3841: The snapshot info is null. Setting the last applied indexto:(t:0, i:~)
2019-09-12 04:43:59,402 [pool-37-thread-1] INFO  server.RaftServerConfigKeys (ConfUtils.java:logGet(43)) - raft.server.log.use.memory = false (default)
2019-09-12 04:43:59,401 [pool-67-thread-1] INFO  server.RaftServerConfigKeys (ConfUtils.java:logGet(43)) - raft.server.notification.no-leader.timeout = 120s (custom)
2019-09-12 04:43:59,402 [pool-37-thread-1] INFO  server.RaftServerConfigKeys (ConfUtils.java:logGet(43)) - raft.server.log.purge.gap = 1000000 (custom)
2019-09-12 04:43:59,402 [pool-77-thread-1] INFO  server.RaftServerConfigKeys (ConfUtils.java:logGet(43)) - raft.server.notification.no-leader.timeout = 120s (custom)
2019-09-12 04:43:59,402 [pool-37-thread-1] INFO  server.RaftServerConfigKeys (ConfUtils.java:logGet(43)) - raft.server.log.appender.buffer.byte-limit = 33554432 (custom)
2019-09-12 04:43:59,402 [pool-67-thread-1] INFO  server.RaftServerConfigKeys (ConfUtils.java:logGet(43)) - raft.server.log.use.memory = false (default)
2019-09-12 04:43:59,402 [pool-37-thread-1] INFO  server.RaftServerConfigKeys (ConfUtils.java:logGet(43)) - raft.server.log.segment.size.max = 1048576 (custom)
2019-09-12 04:43:59,402 [pool-77-thread-1] INFO  server.RaftServerConfigKeys (ConfUtils.java:logGet(43)) - raft.server.log.use.memory = false (default)
2019-09-12 04:43:59,403 [pool-37-thread-1] INFO  server.RaftServerConfigKeys (ConfUtils.java:logGet(43)) - raft.server.log.segment.cache.num.max = 2 (custom)
2019-09-12 04:43:59,402 [pool-67-thread-1] INFO  server.RaftServerConfigKeys (ConfUtils.java:logGet(43)) - raft.server.log.purge.gap = 1000000 (custom)
2019-09-12 04:43:59,403 [pool-37-thread-1] INFO  segmented.SegmentedRaftLogWorker (SegmentedRaftLogWorker.java:<init>(172)) - new 4a6209c5-e52c-498b-a70a-f7b5c2b845a9@group-5FD8722A3841-SegmentedRaftLogWorker for RaftStorage:Storage Directory /workdir/hadoop-ozone/integration-test/target/test-dir/MiniOzoneClusterImpl-0727815a-69b9-4555-83e7-340a4888e3ed/datanode-1/data/ratis/5d771cb8-bc9c-4de1-9b29-5fd8722a3841
2019-09-12 04:43:59,403 [pool-77-thread-1] INFO  server.RaftServerConfigKeys (ConfUtils.java:logGet(43)) - raft.server.log.purge.gap = 1000000 (custom)
2019-09-12 04:43:59,403 [pool-37-thread-1] INFO  server.RaftServerConfigKeys (ConfUtils.java:logGet(43)) - raft.server.log.queue.byte-limit = 2147483647 (custom)
2019-09-12 04:43:59,403 [pool-67-thread-1] INFO  server.RaftServerConfigKeys (ConfUtils.java:logGet(43)) - raft.server.log.appender.buffer.byte-limit = 33554432 (custom)
2019-09-12 04:43:59,403 [pool-37-thread-1] INFO  server.RaftServerConfigKeys (ConfUtils.java:logGet(43)) - raft.server.log.queue.element-limit = 1024 (custom)
2019-09-12 04:43:59,403 [pool-77-thread-1] INFO  server.RaftServerConfigKeys (ConfUtils.java:logGet(43)) - raft.server.log.appender.buffer.byte-limit = 33554432 (custom)
2019-09-12 04:43:59,403 [pool-37-thread-1] INFO  server.RaftServerConfigKeys (ConfUtils.java:logGet(43)) - raft.server.log.segment.size.max = 1048576 (custom)
2019-09-12 04:43:59,403 [pool-67-thread-1] INFO  server.RaftServerConfigKeys (ConfUtils.java:logGet(43)) - raft.server.log.segment.size.max = 1048576 (custom)
2019-09-12 04:43:59,404 [pool-37-thread-1] INFO  server.RaftServerConfigKeys (ConfUtils.java:logGet(43)) - raft.server.log.preallocated.size = 16384 (custom)
2019-09-12 04:43:59,404 [pool-77-thread-1] INFO  server.RaftServerConfigKeys (ConfUtils.java:logGet(43)) - raft.server.log.segment.size.max = 1048576 (custom)
2019-09-12 04:43:59,404 [pool-37-thread-1] INFO  server.RaftServerConfigKeys (ConfUtils.java:logGet(43)) - raft.server.log.write.buffer.size = 33554432 (custom)
2019-09-12 04:43:59,404 [pool-67-thread-1] INFO  server.RaftServerConfigKeys (ConfUtils.java:logGet(43)) - raft.server.log.segment.cache.num.max = 2 (custom)
2019-09-12 04:43:59,404 [pool-37-thread-1] INFO  server.RaftServerConfigKeys (ConfUtils.java:logGet(43)) - raft.server.log.force.sync.num = 128 (default)
2019-09-12 04:43:59,404 [pool-77-thread-1] INFO  server.RaftServerConfigKeys (ConfUtils.java:logGet(43)) - raft.server.log.segment.cache.num.max = 2 (custom)
2019-09-12 04:43:59,404 [pool-37-thread-1] INFO  server.RaftServerConfigKeys (ConfUtils.java:logGet(43)) - raft.server.log.statemachine.data.sync = true (default)
2019-09-12 04:43:59,404 [pool-67-thread-1] INFO  segmented.SegmentedRaftLogWorker (SegmentedRaftLogWorker.java:<init>(172)) - new cf6464f0-cbf8-4363-9806-263215a09c56@group-5FD8722A3841-SegmentedRaftLogWorker for RaftStorage:Storage Directory /workdir/hadoop-ozone/integration-test/target/test-dir/MiniOzoneClusterImpl-0727815a-69b9-4555-83e7-340a4888e3ed/datanode-4/data/ratis/5d771cb8-bc9c-4de1-9b29-5fd8722a3841
2019-09-12 04:43:59,405 [pool-37-thread-1] INFO  server.RaftServerConfigKeys (ConfUtils.java:logGet(43)) - raft.server.log.statemachine.data.sync.timeout = 10s (default)
2019-09-12 04:43:59,405 [pool-77-thread-1] INFO  segmented.SegmentedRaftLogWorker (SegmentedRaftLogWorker.java:<init>(172)) - new 5903dc6b-2e4c-43f3-9c86-89f09a7774cd@group-5FD8722A3841-SegmentedRaftLogWorker for RaftStorage:Storage Directory /workdir/hadoop-ozone/integration-test/target/test-dir/MiniOzoneClusterImpl-0727815a-69b9-4555-83e7-340a4888e3ed/datanode-5/data/ratis/5d771cb8-bc9c-4de1-9b29-5fd8722a3841
2019-09-12 04:43:59,405 [pool-37-thread-1] INFO  server.RaftServerConfigKeys (ConfUtils.java:logGet(43)) - raft.server.log.statemachine.data.sync.timeout.retry = -1 (default)
2019-09-12 04:43:59,405 [pool-67-thread-1] INFO  server.RaftServerConfigKeys (ConfUtils.java:logGet(43)) - raft.server.log.queue.byte-limit = 2147483647 (custom)
2019-09-12 04:43:59,405 [pool-77-thread-1] INFO  server.RaftServerConfigKeys (ConfUtils.java:logGet(43)) - raft.server.log.queue.byte-limit = 2147483647 (custom)
2019-09-12 04:43:59,405 [pool-67-thread-1] INFO  server.RaftServerConfigKeys (ConfUtils.java:logGet(43)) - raft.server.log.queue.element-limit = 1024 (custom)
2019-09-12 04:43:59,405 [pool-77-thread-1] INFO  server.RaftServerConfigKeys (ConfUtils.java:logGet(43)) - raft.server.log.queue.element-limit = 1024 (custom)
2019-09-12 04:43:59,406 [pool-67-thread-1] INFO  server.RaftServerConfigKeys (ConfUtils.java:logGet(43)) - raft.server.log.segment.size.max = 1048576 (custom)
2019-09-12 04:43:59,406 [pool-77-thread-1] INFO  server.RaftServerConfigKeys (ConfUtils.java:logGet(43)) - raft.server.log.segment.size.max = 1048576 (custom)
2019-09-12 04:43:59,406 [pool-67-thread-1] INFO  server.RaftServerConfigKeys (ConfUtils.java:logGet(43)) - raft.server.log.preallocated.size = 16384 (custom)
2019-09-12 04:43:59,406 [pool-77-thread-1] INFO  server.RaftServerConfigKeys (ConfUtils.java:logGet(43)) - raft.server.log.preallocated.size = 16384 (custom)
2019-09-12 04:43:59,406 [pool-67-thread-1] INFO  server.RaftServerConfigKeys (ConfUtils.java:logGet(43)) - raft.server.log.write.buffer.size = 33554432 (custom)
2019-09-12 04:43:59,406 [pool-77-thread-1] INFO  server.RaftServerConfigKeys (ConfUtils.java:logGet(43)) - raft.server.log.write.buffer.size = 33554432 (custom)
2019-09-12 04:43:59,406 [pool-67-thread-1] INFO  server.RaftServerConfigKeys (ConfUtils.java:logGet(43)) - raft.server.log.force.sync.num = 128 (default)
2019-09-12 04:43:59,406 [pool-77-thread-1] INFO  server.RaftServerConfigKeys (ConfUtils.java:logGet(43)) - raft.server.log.force.sync.num = 128 (default)
2019-09-12 04:43:59,406 [pool-67-thread-1] INFO  server.RaftServerConfigKeys (ConfUtils.java:logGet(43)) - raft.server.log.statemachine.data.sync = true (default)
2019-09-12 04:43:59,407 [pool-77-thread-1] INFO  server.RaftServerConfigKeys (ConfUtils.java:logGet(43)) - raft.server.log.statemachine.data.sync = true (default)
2019-09-12 04:43:59,407 [pool-67-thread-1] INFO  server.RaftServerConfigKeys (ConfUtils.java:logGet(43)) - raft.server.log.statemachine.data.sync.timeout = 10s (default)
2019-09-12 04:43:59,407 [pool-77-thread-1] INFO  server.RaftServerConfigKeys (ConfUtils.java:logGet(43)) - raft.server.log.statemachine.data.sync.timeout = 10s (default)
2019-09-12 04:43:59,407 [pool-67-thread-1] INFO  server.RaftServerConfigKeys (ConfUtils.java:logGet(43)) - raft.server.log.statemachine.data.sync.timeout.retry = -1 (default)
2019-09-12 04:43:59,407 [pool-77-thread-1] INFO  server.RaftServerConfigKeys (ConfUtils.java:logGet(43)) - raft.server.log.statemachine.data.sync.timeout.retry = -1 (default)
2019-09-12 04:43:59,409 [pool-77-thread-1] INFO  server.RaftServerConfigKeys (ConfUtils.java:logGet(43)) - raft.server.log.statemachine.data.caching.enabled = true (custom)
2019-09-12 04:43:59,409 [pool-67-thread-1] INFO  server.RaftServerConfigKeys (ConfUtils.java:logGet(43)) - raft.server.log.statemachine.data.caching.enabled = true (custom)
2019-09-12 04:43:59,409 [pool-37-thread-1] INFO  server.RaftServerConfigKeys (ConfUtils.java:logGet(43)) - raft.server.log.statemachine.data.caching.enabled = true (custom)
2019-09-12 04:43:59,412 [Thread-294] INFO  impl.RoleInfo (RoleInfo.java:updateAndGet(143)) - dc062215-230a-40c1-88c1-e0a4fdad3ac4: start LeaderElection
2019-09-12 04:43:59,413 [pool-37-thread-1] INFO  segmented.SegmentedRaftLogWorker (SegmentedRaftLogWorker.java:lambda$new$0(132)) - 4a6209c5-e52c-498b-a70a-f7b5c2b845a9@group-5FD8722A3841-SegmentedRaftLogWorker: flushIndex: setUnconditionally 0 -> -1
2019-09-12 04:43:59,413 [pool-67-thread-1] INFO  segmented.SegmentedRaftLogWorker (SegmentedRaftLogWorker.java:lambda$new$0(132)) - cf6464f0-cbf8-4363-9806-263215a09c56@group-5FD8722A3841-SegmentedRaftLogWorker: flushIndex: setUnconditionally 0 -> -1
2019-09-12 04:43:59,412 [pool-77-thread-1] INFO  segmented.SegmentedRaftLogWorker (SegmentedRaftLogWorker.java:lambda$new$0(132)) - 5903dc6b-2e4c-43f3-9c86-89f09a7774cd@group-5FD8722A3841-SegmentedRaftLogWorker: flushIndex: setUnconditionally 0 -> -1
2019-09-12 04:43:59,420 [Thread-297] INFO  impl.FollowerState (FollowerState.java:run(106)) - eec7f56f-87bd-4e59-a43c-c5b862436b1c:group-CD1DD2F8AC42 changes to CANDIDATE, lastRpcTime:1137, electionTimeout:1132ms
2019-09-12 04:43:59,417 [pool-37-thread-1] INFO  server.RaftServerConfigKeys (ConfUtils.java:logGet(43)) - raft.server.snapshot.auto.trigger.enabled = true (custom)
2019-09-12 04:43:59,417 [pool-67-thread-1] INFO  server.RaftServerConfigKeys (ConfUtils.java:logGet(43)) - raft.server.snapshot.auto.trigger.enabled = true (custom)
2019-09-12 04:43:59,420 [pool-37-thread-1] INFO  server.RaftServerConfigKeys (ConfUtils.java:logGet(43)) - raft.server.snapshot.auto.trigger.threshold = 10000 (custom)
2019-09-12 04:43:59,420 [Thread-297] INFO  impl.RoleInfo (RoleInfo.java:shutdownFollowerState(121)) - eec7f56f-87bd-4e59-a43c-c5b862436b1c: shutdown FollowerState
2019-09-12 04:43:59,420 [pool-77-thread-1] INFO  server.RaftServerConfigKeys (ConfUtils.java:logGet(43)) - raft.server.snapshot.auto.trigger.enabled = true (custom)
2019-09-12 04:43:59,435 [Thread-297] INFO  impl.RaftServerImpl (RaftServerImpl.java:setRole(174)) - eec7f56f-87bd-4e59-a43c-c5b862436b1c@group-CD1DD2F8AC42: changes role from  FOLLOWER to CANDIDATE at term 0 for changeToCandidate
2019-09-12 04:43:59,435 [dc062215-230a-40c1-88c1-e0a4fdad3ac4@group-D763D5DD720D:LeaderElection4] INFO  impl.LeaderElection (LeaderElection.java:askForVotes(182)) - dc062215-230a-40c1-88c1-e0a4fdad3ac4@group-D763D5DD720D:LeaderElection4: begin an election at term 1 for -1: [dc062215-230a-40c1-88c1-e0a4fdad3ac4:192.168.34.8:46577], old=null
2019-09-12 04:43:59,436 [Thread-297] INFO  impl.RoleInfo (RoleInfo.java:updateAndGet(143)) - eec7f56f-87bd-4e59-a43c-c5b862436b1c: start LeaderElection
2019-09-12 04:43:59,435 [pool-37-thread-1] INFO  server.RaftServerConfigKeys (ConfUtils.java:logGet(43)) - raft.server.snapshot.retention.num.files = -1 (default)
2019-09-12 04:43:59,423 [pool-67-thread-1] INFO  server.RaftServerConfigKeys (ConfUtils.java:logGet(43)) - raft.server.snapshot.auto.trigger.threshold = 10000 (custom)
2019-09-12 04:43:59,436 [pool-37-thread-1] INFO  server.RaftServerConfigKeys (ConfUtils.java:logGet(43)) - raft.server.retrycache.expirytime = 600000ms (custom)
2019-09-12 04:43:59,436 [dc062215-230a-40c1-88c1-e0a4fdad3ac4@group-D763D5DD720D:LeaderElection4] INFO  impl.RoleInfo (RoleInfo.java:shutdownLeaderElection(134)) - dc062215-230a-40c1-88c1-e0a4fdad3ac4: shutdown LeaderElection
2019-09-12 04:43:59,435 [pool-77-thread-1] INFO  server.RaftServerConfigKeys (ConfUtils.java:logGet(43)) - raft.server.snapshot.auto.trigger.threshold = 10000 (custom)
2019-09-12 04:43:59,441 [dc062215-230a-40c1-88c1-e0a4fdad3ac4@group-D763D5DD720D:LeaderElection4] INFO  impl.RaftServerImpl (RaftServerImpl.java:setRole(174)) - dc062215-230a-40c1-88c1-e0a4fdad3ac4@group-D763D5DD720D: changes role from CANDIDATE to LEADER at term 1 for changeToLeader
2019-09-12 04:43:59,436 [pool-67-thread-1] INFO  server.RaftServerConfigKeys (ConfUtils.java:logGet(43)) - raft.server.snapshot.retention.num.files = -1 (default)
2019-09-12 04:43:59,449 [dc062215-230a-40c1-88c1-e0a4fdad3ac4@group-D763D5DD720D:LeaderElection4] INFO  impl.RaftServerImpl (ServerState.java:setLeader(253)) - dc062215-230a-40c1-88c1-e0a4fdad3ac4@group-D763D5DD720D: change Leader from null to dc062215-230a-40c1-88c1-e0a4fdad3ac4 at term 1 for becomeLeader, leader elected after 1281ms
2019-09-12 04:43:59,441 [pool-77-thread-1] INFO  server.RaftServerConfigKeys (ConfUtils.java:logGet(43)) - raft.server.snapshot.retention.num.files = -1 (default)
2019-09-12 04:43:59,449 [pool-67-thread-1] INFO  server.RaftServerConfigKeys (ConfUtils.java:logGet(43)) - raft.server.retrycache.expirytime = 600000ms (custom)
2019-09-12 04:43:59,449 [pool-77-thread-1] INFO  server.RaftServerConfigKeys (ConfUtils.java:logGet(43)) - raft.server.retrycache.expirytime = 600000ms (custom)
2019-09-12 04:43:59,449 [dc062215-230a-40c1-88c1-e0a4fdad3ac4@group-D763D5DD720D:LeaderElection4] INFO  server.RaftServerConfigKeys (ConfUtils.java:logGet(43)) - raft.server.staging.catchup.gap = 1000 (default)
2019-09-12 04:43:59,450 [dc062215-230a-40c1-88c1-e0a4fdad3ac4@group-D763D5DD720D:LeaderElection4] INFO  server.RaftServerConfigKeys (ConfUtils.java:logGet(43)) - raft.server.rpc.sleep.time = 25ms (default)
2019-09-12 04:43:59,450 [dc062215-230a-40c1-88c1-e0a4fdad3ac4@group-D763D5DD720D:LeaderElection4] INFO  server.RaftServerConfigKeys (ConfUtils.java:logGet(43)) - raft.server.write.element-limit = 4096 (default)
2019-09-12 04:43:59,450 [dc062215-230a-40c1-88c1-e0a4fdad3ac4@group-D763D5DD720D:LeaderElection4] INFO  server.RaftServerConfigKeys (ConfUtils.java:logGet(43)) - raft.server.watch.timeout = 10s (default)
2019-09-12 04:43:59,450 [dc062215-230a-40c1-88c1-e0a4fdad3ac4@group-D763D5DD720D:LeaderElection4] INFO  server.RaftServerConfigKeys (ConfUtils.java:logGet(43)) - raft.server.watch.timeout.denomination = 1s (default)
2019-09-12 04:43:59,450 [dc062215-230a-40c1-88c1-e0a4fdad3ac4@group-D763D5DD720D:LeaderElection4] INFO  server.RaftServerConfigKeys (ConfUtils.java:logGet(43)) - raft.server.watch.element-limit = 65536 (default)
2019-09-12 04:43:59,462 [eec7f56f-87bd-4e59-a43c-c5b862436b1c@group-CD1DD2F8AC42:LeaderElection5] INFO  impl.LeaderElection (LeaderElection.java:askForVotes(182)) - eec7f56f-87bd-4e59-a43c-c5b862436b1c@group-CD1DD2F8AC42:LeaderElection5: begin an election at term 1 for -1: [eec7f56f-87bd-4e59-a43c-c5b862436b1c:192.168.34.8:37396], old=null
2019-09-12 04:43:59,463 [eec7f56f-87bd-4e59-a43c-c5b862436b1c@group-CD1DD2F8AC42:LeaderElection5] INFO  impl.RoleInfo (RoleInfo.java:shutdownLeaderElection(134)) - eec7f56f-87bd-4e59-a43c-c5b862436b1c: shutdown LeaderElection
2019-09-12 04:43:59,463 [eec7f56f-87bd-4e59-a43c-c5b862436b1c@group-CD1DD2F8AC42:LeaderElection5] INFO  impl.RaftServerImpl (RaftServerImpl.java:setRole(174)) - eec7f56f-87bd-4e59-a43c-c5b862436b1c@group-CD1DD2F8AC42: changes role from CANDIDATE to LEADER at term 1 for changeToLeader
2019-09-12 04:43:59,463 [eec7f56f-87bd-4e59-a43c-c5b862436b1c@group-CD1DD2F8AC42:LeaderElection5] INFO  impl.RaftServerImpl (ServerState.java:setLeader(253)) - eec7f56f-87bd-4e59-a43c-c5b862436b1c@group-CD1DD2F8AC42: change Leader from null to eec7f56f-87bd-4e59-a43c-c5b862436b1c at term 1 for becomeLeader, leader elected after 1195ms
2019-09-12 04:43:59,463 [eec7f56f-87bd-4e59-a43c-c5b862436b1c@group-CD1DD2F8AC42:LeaderElection5] INFO  server.RaftServerConfigKeys (ConfUtils.java:logGet(43)) - raft.server.staging.catchup.gap = 1000 (default)
2019-09-12 04:43:59,463 [eec7f56f-87bd-4e59-a43c-c5b862436b1c@group-CD1DD2F8AC42:LeaderElection5] INFO  server.RaftServerConfigKeys (ConfUtils.java:logGet(43)) - raft.server.rpc.sleep.time = 25ms (default)
2019-09-12 04:43:59,463 [eec7f56f-87bd-4e59-a43c-c5b862436b1c@group-CD1DD2F8AC42:LeaderElection5] INFO  server.RaftServerConfigKeys (ConfUtils.java:logGet(43)) - raft.server.write.element-limit = 4096 (default)
2019-09-12 04:43:59,464 [eec7f56f-87bd-4e59-a43c-c5b862436b1c@group-CD1DD2F8AC42:LeaderElection5] INFO  server.RaftServerConfigKeys (ConfUtils.java:logGet(43)) - raft.server.watch.timeout = 10s (default)
2019-09-12 04:43:59,464 [eec7f56f-87bd-4e59-a43c-c5b862436b1c@group-CD1DD2F8AC42:LeaderElection5] INFO  server.RaftServerConfigKeys (ConfUtils.java:logGet(43)) - raft.server.watch.timeout.denomination = 1s (default)
2019-09-12 04:43:59,464 [eec7f56f-87bd-4e59-a43c-c5b862436b1c@group-CD1DD2F8AC42:LeaderElection5] INFO  server.RaftServerConfigKeys (ConfUtils.java:logGet(43)) - raft.server.watch.element-limit = 65536 (default)
2019-09-12 04:43:59,519 [Thread-300] INFO  impl.FollowerState (FollowerState.java:run(106)) - 2534340d-8749-41cd-9451-53923b204706:group-82EACF060F3A changes to CANDIDATE, lastRpcTime:1147, electionTimeout:1138ms
2019-09-12 04:43:59,519 [Thread-300] INFO  impl.RoleInfo (RoleInfo.java:shutdownFollowerState(121)) - 2534340d-8749-41cd-9451-53923b204706: shutdown FollowerState
2019-09-12 04:43:59,519 [Thread-300] INFO  impl.RaftServerImpl (RaftServerImpl.java:setRole(174)) - 2534340d-8749-41cd-9451-53923b204706@group-82EACF060F3A: changes role from  FOLLOWER to CANDIDATE at term 0 for changeToCandidate
2019-09-12 04:43:59,519 [Thread-300] INFO  impl.RoleInfo (RoleInfo.java:updateAndGet(143)) - 2534340d-8749-41cd-9451-53923b204706: start LeaderElection
2019-09-12 04:43:59,558 [6a9b9dd7-7806-4506-bdaf-7a94c8190a08@group-73A181EEDD51-SegmentedRaftLogWorker] INFO  segmented.SegmentedRaftLogWorker (SegmentedRaftLogWorker.java:execute(569)) - 6a9b9dd7-7806-4506-bdaf-7a94c8190a08@group-73A181EEDD51-SegmentedRaftLogWorker: created new log segment /workdir/hadoop-ozone/integration-test/target/test-dir/MiniOzoneClusterImpl-0727815a-69b9-4555-83e7-340a4888e3ed/datanode-0/data/ratis/0ebd07ee-3efa-49ac-b5d1-73a181eedd51/current/log_inprogress_0
2019-09-12 04:43:59,558 [11629c23-30ab-483c-81ff-e86f5fb16847@group-A1FE02390088-SegmentedRaftLogWorker] INFO  segmented.SegmentedRaftLogWorker (SegmentedRaftLogWorker.java:execute(569)) - 11629c23-30ab-483c-81ff-e86f5fb16847@group-A1FE02390088-SegmentedRaftLogWorker: created new log segment /workdir/hadoop-ozone/integration-test/target/test-dir/MiniOzoneClusterImpl-0727815a-69b9-4555-83e7-340a4888e3ed/datanode-8/data/ratis/15ee0392-0edb-494d-8c2f-a1fe02390088/current/log_inprogress_0
2019-09-12 04:43:59,558 [Thread-303] INFO  impl.FollowerState (FollowerState.java:run(106)) - 5903dc6b-2e4c-43f3-9c86-89f09a7774cd:group-8108B70598FE changes to CANDIDATE, lastRpcTime:1095, electionTimeout:1082ms
2019-09-12 04:43:59,558 [2534340d-8749-41cd-9451-53923b204706@group-82EACF060F3A:LeaderElection6] INFO  impl.LeaderElection (LeaderElection.java:askForVotes(182)) - 2534340d-8749-41cd-9451-53923b204706@group-82EACF060F3A:LeaderElection6: begin an election at term 1 for -1: [2534340d-8749-41cd-9451-53923b204706:192.168.34.8:34449], old=null
2019-09-12 04:43:59,558 [f262dcb5-fcde-4b4d-8116-9712eaf07b60@group-097A1D94D7F7-SegmentedRaftLogWorker] INFO  segmented.SegmentedRaftLogWorker (SegmentedRaftLogWorker.java:execute(569)) - f262dcb5-fcde-4b4d-8116-9712eaf07b60@group-097A1D94D7F7-SegmentedRaftLogWorker: created new log segment /workdir/hadoop-ozone/integration-test/target/test-dir/MiniOzoneClusterImpl-0727815a-69b9-4555-83e7-340a4888e3ed/datanode-6/data/ratis/b4b9d3cc-5fc4-4277-8a16-097a1d94d7f7/current/log_inprogress_0
2019-09-12 04:43:59,559 [Thread-303] INFO  impl.RoleInfo (RoleInfo.java:shutdownFollowerState(121)) - 5903dc6b-2e4c-43f3-9c86-89f09a7774cd: shutdown FollowerState
2019-09-12 04:43:59,559 [2534340d-8749-41cd-9451-53923b204706@group-82EACF060F3A:LeaderElection6] INFO  impl.RoleInfo (RoleInfo.java:shutdownLeaderElection(134)) - 2534340d-8749-41cd-9451-53923b204706: shutdown LeaderElection
2019-09-12 04:43:59,559 [Thread-303] INFO  impl.RaftServerImpl (RaftServerImpl.java:setRole(174)) - 5903dc6b-2e4c-43f3-9c86-89f09a7774cd@group-8108B70598FE: changes role from  FOLLOWER to CANDIDATE at term 0 for changeToCandidate
2019-09-12 04:43:59,559 [2534340d-8749-41cd-9451-53923b204706@group-82EACF060F3A:LeaderElection6] INFO  impl.RaftServerImpl (RaftServerImpl.java:setRole(174)) - 2534340d-8749-41cd-9451-53923b204706@group-82EACF060F3A: changes role from CANDIDATE to LEADER at term 1 for changeToLeader
2019-09-12 04:43:59,559 [2534340d-8749-41cd-9451-53923b204706@group-82EACF060F3A:LeaderElection6] INFO  impl.RaftServerImpl (ServerState.java:setLeader(253)) - 2534340d-8749-41cd-9451-53923b204706@group-82EACF060F3A: change Leader from null to 2534340d-8749-41cd-9451-53923b204706 at term 1 for becomeLeader, leader elected after 1201ms
2019-09-12 04:43:59,559 [2534340d-8749-41cd-9451-53923b204706@group-82EACF060F3A:LeaderElection6] INFO  server.RaftServerConfigKeys (ConfUtils.java:logGet(43)) - raft.server.staging.catchup.gap = 1000 (default)
2019-09-12 04:43:59,559 [2534340d-8749-41cd-9451-53923b204706@group-82EACF060F3A:LeaderElection6] INFO  server.RaftServerConfigKeys (ConfUtils.java:logGet(43)) - raft.server.rpc.sleep.time = 25ms (default)
2019-09-12 04:43:59,576 [2534340d-8749-41cd-9451-53923b204706@group-82EACF060F3A:LeaderElection6] INFO  server.RaftServerConfigKeys (ConfUtils.java:logGet(43)) - raft.server.write.element-limit = 4096 (default)
2019-09-12 04:43:59,576 [Thread-303] INFO  impl.RoleInfo (RoleInfo.java:updateAndGet(143)) - 5903dc6b-2e4c-43f3-9c86-89f09a7774cd: start LeaderElection
2019-09-12 04:43:59,576 [2534340d-8749-41cd-9451-53923b204706@group-82EACF060F3A:LeaderElection6] INFO  server.RaftServerConfigKeys (ConfUtils.java:logGet(43)) - raft.server.watch.timeout = 10s (default)
2019-09-12 04:43:59,576 [2534340d-8749-41cd-9451-53923b204706@group-82EACF060F3A:LeaderElection6] INFO  server.RaftServerConfigKeys (ConfUtils.java:logGet(43)) - raft.server.watch.timeout.denomination = 1s (default)
2019-09-12 04:43:59,576 [2534340d-8749-41cd-9451-53923b204706@group-82EACF060F3A:LeaderElection6] INFO  server.RaftServerConfigKeys (ConfUtils.java:logGet(43)) - raft.server.watch.element-limit = 65536 (default)
2019-09-12 04:43:59,598 [5903dc6b-2e4c-43f3-9c86-89f09a7774cd@group-8108B70598FE:LeaderElection7] INFO  impl.LeaderElection (LeaderElection.java:askForVotes(182)) - 5903dc6b-2e4c-43f3-9c86-89f09a7774cd@group-8108B70598FE:LeaderElection7: begin an election at term 1 for -1: [5903dc6b-2e4c-43f3-9c86-89f09a7774cd:192.168.34.8:35486], old=null
2019-09-12 04:43:59,599 [5903dc6b-2e4c-43f3-9c86-89f09a7774cd@group-8108B70598FE:LeaderElection7] INFO  impl.RoleInfo (RoleInfo.java:shutdownLeaderElection(134)) - 5903dc6b-2e4c-43f3-9c86-89f09a7774cd: shutdown LeaderElection
2019-09-12 04:43:59,599 [5903dc6b-2e4c-43f3-9c86-89f09a7774cd@group-8108B70598FE:LeaderElection7] INFO  impl.RaftServerImpl (RaftServerImpl.java:setRole(174)) - 5903dc6b-2e4c-43f3-9c86-89f09a7774cd@group-8108B70598FE: changes role from CANDIDATE to LEADER at term 1 for changeToLeader
2019-09-12 04:43:59,599 [5903dc6b-2e4c-43f3-9c86-89f09a7774cd@group-8108B70598FE:LeaderElection7] INFO  impl.RaftServerImpl (ServerState.java:setLeader(253)) - 5903dc6b-2e4c-43f3-9c86-89f09a7774cd@group-8108B70598FE: change Leader from null to 5903dc6b-2e4c-43f3-9c86-89f09a7774cd at term 1 for becomeLeader, leader elected after 1147ms
2019-09-12 04:43:59,599 [5903dc6b-2e4c-43f3-9c86-89f09a7774cd@group-8108B70598FE:LeaderElection7] INFO  server.RaftServerConfigKeys (ConfUtils.java:logGet(43)) - raft.server.staging.catchup.gap = 1000 (default)
2019-09-12 04:43:59,599 [5903dc6b-2e4c-43f3-9c86-89f09a7774cd@group-8108B70598FE:LeaderElection7] INFO  server.RaftServerConfigKeys (ConfUtils.java:logGet(43)) - raft.server.rpc.sleep.time = 25ms (default)
2019-09-12 04:43:59,606 [Thread-306] INFO  impl.FollowerState (FollowerState.java:run(106)) - cf6464f0-cbf8-4363-9806-263215a09c56:group-3BD1FB76A115 changes to CANDIDATE, lastRpcTime:1049, electionTimeout:1049ms
2019-09-12 04:43:59,606 [Thread-306] INFO  impl.RoleInfo (RoleInfo.java:shutdownFollowerState(121)) - cf6464f0-cbf8-4363-9806-263215a09c56: shutdown FollowerState
2019-09-12 04:43:59,606 [Thread-306] INFO  impl.RaftServerImpl (RaftServerImpl.java:setRole(174)) - cf6464f0-cbf8-4363-9806-263215a09c56@group-3BD1FB76A115: changes role from  FOLLOWER to CANDIDATE at term 0 for changeToCandidate
2019-09-12 04:43:59,608 [Thread-306] INFO  impl.RoleInfo (RoleInfo.java:updateAndGet(143)) - cf6464f0-cbf8-4363-9806-263215a09c56: start LeaderElection
2019-09-12 04:43:59,608 [5903dc6b-2e4c-43f3-9c86-89f09a7774cd@group-8108B70598FE:LeaderElection7] INFO  server.RaftServerConfigKeys (ConfUtils.java:logGet(43)) - raft.server.write.element-limit = 4096 (default)
2019-09-12 04:43:59,612 [5903dc6b-2e4c-43f3-9c86-89f09a7774cd@group-8108B70598FE:LeaderElection7] INFO  server.RaftServerConfigKeys (ConfUtils.java:logGet(43)) - raft.server.watch.timeout = 10s (default)
2019-09-12 04:43:59,617 [5903dc6b-2e4c-43f3-9c86-89f09a7774cd@group-8108B70598FE:LeaderElection7] INFO  server.RaftServerConfigKeys (ConfUtils.java:logGet(43)) - raft.server.watch.timeout.denomination = 1s (default)
2019-09-12 04:43:59,617 [5903dc6b-2e4c-43f3-9c86-89f09a7774cd@group-8108B70598FE:LeaderElection7] INFO  server.RaftServerConfigKeys (ConfUtils.java:logGet(43)) - raft.server.watch.element-limit = 65536 (default)
2019-09-12 04:43:59,628 [cf6464f0-cbf8-4363-9806-263215a09c56@group-3BD1FB76A115:LeaderElection8] INFO  impl.LeaderElection (LeaderElection.java:askForVotes(182)) - cf6464f0-cbf8-4363-9806-263215a09c56@group-3BD1FB76A115:LeaderElection8: begin an election at term 1 for -1: [cf6464f0-cbf8-4363-9806-263215a09c56:192.168.34.8:33437], old=null
2019-09-12 04:43:59,628 [cf6464f0-cbf8-4363-9806-263215a09c56@group-3BD1FB76A115:LeaderElection8] INFO  impl.RoleInfo (RoleInfo.java:shutdownLeaderElection(134)) - cf6464f0-cbf8-4363-9806-263215a09c56: shutdown LeaderElection
2019-09-12 04:43:59,628 [cf6464f0-cbf8-4363-9806-263215a09c56@group-3BD1FB76A115:LeaderElection8] INFO  impl.RaftServerImpl (RaftServerImpl.java:setRole(174)) - cf6464f0-cbf8-4363-9806-263215a09c56@group-3BD1FB76A115: changes role from CANDIDATE to LEADER at term 1 for changeToLeader
2019-09-12 04:43:59,628 [cf6464f0-cbf8-4363-9806-263215a09c56@group-3BD1FB76A115:LeaderElection8] INFO  impl.RaftServerImpl (ServerState.java:setLeader(253)) - cf6464f0-cbf8-4363-9806-263215a09c56@group-3BD1FB76A115: change Leader from null to cf6464f0-cbf8-4363-9806-263215a09c56 at term 1 for becomeLeader, leader elected after 1082ms
2019-09-12 04:43:59,629 [cf6464f0-cbf8-4363-9806-263215a09c56@group-3BD1FB76A115:LeaderElection8] INFO  server.RaftServerConfigKeys (ConfUtils.java:logGet(43)) - raft.server.staging.catchup.gap = 1000 (default)
2019-09-12 04:43:59,629 [cf6464f0-cbf8-4363-9806-263215a09c56@group-3BD1FB76A115:LeaderElection8] INFO  server.RaftServerConfigKeys (ConfUtils.java:logGet(43)) - raft.server.rpc.sleep.time = 25ms (default)
2019-09-12 04:43:59,668 [cf6464f0-cbf8-4363-9806-263215a09c56@group-3BD1FB76A115:LeaderElection8] INFO  server.RaftServerConfigKeys (ConfUtils.java:logGet(43)) - raft.server.write.element-limit = 4096 (default)
2019-09-12 04:43:59,678 [cf6464f0-cbf8-4363-9806-263215a09c56@group-3BD1FB76A115:LeaderElection8] INFO  server.RaftServerConfigKeys (ConfUtils.java:logGet(43)) - raft.server.watch.timeout = 10s (default)
2019-09-12 04:43:59,678 [cf6464f0-cbf8-4363-9806-263215a09c56@group-3BD1FB76A115:LeaderElection8] INFO  server.RaftServerConfigKeys (ConfUtils.java:logGet(43)) - raft.server.watch.timeout.denomination = 1s (default)
2019-09-12 04:43:59,678 [cf6464f0-cbf8-4363-9806-263215a09c56@group-3BD1FB76A115:LeaderElection8] INFO  server.RaftServerConfigKeys (ConfUtils.java:logGet(43)) - raft.server.watch.element-limit = 65536 (default)
2019-09-12 04:43:59,687 [main] INFO  rpc.RpcClient (RpcClient.java:createVolume(298)) - Creating Volume: datanodefailurehandlingtest, with jenkins1000 as owner.
2019-09-12 04:44:00,152 [Thread-309] WARN  util.JavaUtils (JavaUtils.java:sleep(250)) - Unexpected long sleep: sleep(1193ms) actually took 1503ms which is over the threshold 300ms
2019-09-12 04:44:00,160 [Thread-313] INFO  impl.FollowerState (FollowerState.java:run(106)) - ff593ad8-0a8c-4994-b186-664742ea902d:group-E23EE48DF05D changes to CANDIDATE, lastRpcTime:1207, electionTimeout:1125ms
2019-09-12 04:44:00,176 [Thread-323] INFO  impl.FollowerState (FollowerState.java:run(106)) - f262dcb5-fcde-4b4d-8116-9712eaf07b60:group-4108054CE771 changes to CANDIDATE, lastRpcTime:1055, electionTimeout:1050ms
2019-09-12 04:44:00,182 [Thread-313] INFO  impl.RoleInfo (RoleInfo.java:shutdownFollowerState(121)) - ff593ad8-0a8c-4994-b186-664742ea902d: shutdown FollowerState
2019-09-12 04:44:00,182 [Thread-323] INFO  impl.RoleInfo (RoleInfo.java:shutdownFollowerState(121)) - f262dcb5-fcde-4b4d-8116-9712eaf07b60: shutdown FollowerState
2019-09-12 04:44:00,182 [Thread-313] INFO  impl.RaftServerImpl (RaftServerImpl.java:setRole(174)) - ff593ad8-0a8c-4994-b186-664742ea902d@group-E23EE48DF05D: changes role from  FOLLOWER to CANDIDATE at term 0 for changeToCandidate
2019-09-12 04:44:00,182 [Thread-323] INFO  impl.RaftServerImpl (RaftServerImpl.java:setRole(174)) - f262dcb5-fcde-4b4d-8116-9712eaf07b60@group-4108054CE771: changes role from  FOLLOWER to CANDIDATE at term 0 for changeToCandidate
2019-09-12 04:44:00,187 [Thread-313] INFO  impl.RoleInfo (RoleInfo.java:updateAndGet(143)) - ff593ad8-0a8c-4994-b186-664742ea902d: start LeaderElection
2019-09-12 04:44:00,187 [Thread-323] INFO  impl.RoleInfo (RoleInfo.java:updateAndGet(143)) - f262dcb5-fcde-4b4d-8116-9712eaf07b60: start LeaderElection
2019-09-12 04:44:00,220 [f262dcb5-fcde-4b4d-8116-9712eaf07b60@group-4108054CE771:LeaderElection10] INFO  impl.LeaderElection (LeaderElection.java:askForVotes(182)) - f262dcb5-fcde-4b4d-8116-9712eaf07b60@group-4108054CE771:LeaderElection10: begin an election at term 1 for -1: [dc062215-230a-40c1-88c1-e0a4fdad3ac4:192.168.34.8:46577, f262dcb5-fcde-4b4d-8116-9712eaf07b60:192.168.34.8:45858, 11629c23-30ab-483c-81ff-e86f5fb16847:192.168.34.8:35874], old=null
2019-09-12 04:44:00,220 [ff593ad8-0a8c-4994-b186-664742ea902d@group-E23EE48DF05D:LeaderElection9] INFO  impl.LeaderElection (LeaderElection.java:askForVotes(182)) - ff593ad8-0a8c-4994-b186-664742ea902d@group-E23EE48DF05D:LeaderElection9: begin an election at term 1 for -1: [ff593ad8-0a8c-4994-b186-664742ea902d:192.168.34.8:42941], old=null
2019-09-12 04:44:00,221 [ff593ad8-0a8c-4994-b186-664742ea902d@group-E23EE48DF05D:LeaderElection9] INFO  impl.RoleInfo (RoleInfo.java:shutdownLeaderElection(134)) - ff593ad8-0a8c-4994-b186-664742ea902d: shutdown LeaderElection
2019-09-12 04:44:00,221 [ff593ad8-0a8c-4994-b186-664742ea902d@group-E23EE48DF05D:LeaderElection9] INFO  impl.RaftServerImpl (RaftServerImpl.java:setRole(174)) - ff593ad8-0a8c-4994-b186-664742ea902d@group-E23EE48DF05D: changes role from CANDIDATE to LEADER at term 1 for changeToLeader
2019-09-12 04:44:00,221 [ff593ad8-0a8c-4994-b186-664742ea902d@group-E23EE48DF05D:LeaderElection9] INFO  impl.RaftServerImpl (ServerState.java:setLeader(253)) - ff593ad8-0a8c-4994-b186-664742ea902d@group-E23EE48DF05D: change Leader from null to ff593ad8-0a8c-4994-b186-664742ea902d at term 1 for becomeLeader, leader elected after 1340ms
2019-09-12 04:44:00,221 [ff593ad8-0a8c-4994-b186-664742ea902d@group-E23EE48DF05D:LeaderElection9] INFO  server.RaftServerConfigKeys (ConfUtils.java:logGet(43)) - raft.server.staging.catchup.gap = 1000 (default)
2019-09-12 04:44:00,221 [ff593ad8-0a8c-4994-b186-664742ea902d@group-E23EE48DF05D:LeaderElection9] INFO  server.RaftServerConfigKeys (ConfUtils.java:logGet(43)) - raft.server.rpc.sleep.time = 25ms (default)
2019-09-12 04:44:00,228 [ff593ad8-0a8c-4994-b186-664742ea902d@group-E23EE48DF05D:LeaderElection9] INFO  server.RaftServerConfigKeys (ConfUtils.java:logGet(43)) - raft.server.write.element-limit = 4096 (default)
2019-09-12 04:44:00,228 [ff593ad8-0a8c-4994-b186-664742ea902d@group-E23EE48DF05D:LeaderElection9] INFO  server.RaftServerConfigKeys (ConfUtils.java:logGet(43)) - raft.server.watch.timeout = 10s (default)
2019-09-12 04:44:00,228 [ff593ad8-0a8c-4994-b186-664742ea902d@group-E23EE48DF05D:LeaderElection9] INFO  server.RaftServerConfigKeys (ConfUtils.java:logGet(43)) - raft.server.watch.timeout.denomination = 1s (default)
2019-09-12 04:44:00,229 [ff593ad8-0a8c-4994-b186-664742ea902d@group-E23EE48DF05D:LeaderElection9] INFO  server.RaftServerConfigKeys (ConfUtils.java:logGet(43)) - raft.server.watch.element-limit = 65536 (default)
2019-09-12 04:44:00,255 [Thread-324] INFO  impl.FollowerState (FollowerState.java:run(106)) - dc062215-230a-40c1-88c1-e0a4fdad3ac4:group-4108054CE771 changes to CANDIDATE, lastRpcTime:1134, electionTimeout:1131ms
2019-09-12 04:44:00,266 [Thread-322] INFO  impl.FollowerState (FollowerState.java:run(106)) - 11629c23-30ab-483c-81ff-e86f5fb16847:group-4108054CE771 changes to CANDIDATE, lastRpcTime:1146, electionTimeout:1138ms
2019-09-12 04:44:00,266 [Thread-324] INFO  impl.RoleInfo (RoleInfo.java:shutdownFollowerState(121)) - dc062215-230a-40c1-88c1-e0a4fdad3ac4: shutdown FollowerState
2019-09-12 04:44:00,267 [Thread-322] INFO  impl.RoleInfo (RoleInfo.java:shutdownFollowerState(121)) - 11629c23-30ab-483c-81ff-e86f5fb16847: shutdown FollowerState
2019-09-12 04:44:00,267 [Thread-324] INFO  impl.RaftServerImpl (RaftServerImpl.java:setRole(174)) - dc062215-230a-40c1-88c1-e0a4fdad3ac4@group-4108054CE771: changes role from  FOLLOWER to CANDIDATE at term 0 for changeToCandidate
2019-09-12 04:44:00,267 [Thread-322] INFO  impl.RaftServerImpl (RaftServerImpl.java:setRole(174)) - 11629c23-30ab-483c-81ff-e86f5fb16847@group-4108054CE771: changes role from  FOLLOWER to CANDIDATE at term 0 for changeToCandidate
2019-09-12 04:44:00,267 [Thread-324] INFO  impl.RoleInfo (RoleInfo.java:updateAndGet(143)) - dc062215-230a-40c1-88c1-e0a4fdad3ac4: start LeaderElection
2019-09-12 04:44:00,267 [Thread-322] INFO  impl.RoleInfo (RoleInfo.java:updateAndGet(143)) - 11629c23-30ab-483c-81ff-e86f5fb16847: start LeaderElection
2019-09-12 04:44:00,315 [11629c23-30ab-483c-81ff-e86f5fb16847@group-4108054CE771:LeaderElection12] INFO  impl.LeaderElection (LeaderElection.java:askForVotes(182)) - 11629c23-30ab-483c-81ff-e86f5fb16847@group-4108054CE771:LeaderElection12: begin an election at term 1 for -1: [dc062215-230a-40c1-88c1-e0a4fdad3ac4:192.168.34.8:46577, f262dcb5-fcde-4b4d-8116-9712eaf07b60:192.168.34.8:45858, 11629c23-30ab-483c-81ff-e86f5fb16847:192.168.34.8:35874], old=null
2019-09-12 04:44:00,315 [dc062215-230a-40c1-88c1-e0a4fdad3ac4@group-4108054CE771:LeaderElection11] INFO  impl.LeaderElection (LeaderElection.java:askForVotes(182)) - dc062215-230a-40c1-88c1-e0a4fdad3ac4@group-4108054CE771:LeaderElection11: begin an election at term 1 for -1: [dc062215-230a-40c1-88c1-e0a4fdad3ac4:192.168.34.8:46577, f262dcb5-fcde-4b4d-8116-9712eaf07b60:192.168.34.8:45858, 11629c23-30ab-483c-81ff-e86f5fb16847:192.168.34.8:35874], old=null
2019-09-12 04:44:00,324 [ff593ad8-0a8c-4994-b186-664742ea902d@group-E23EE48DF05D:LeaderElection9] INFO  impl.RoleInfo (RoleInfo.java:updateAndGet(143)) - ff593ad8-0a8c-4994-b186-664742ea902d: start LeaderState
2019-09-12 04:44:00,327 [ff593ad8-0a8c-4994-b186-664742ea902d@group-E23EE48DF05D:LeaderElection9] INFO  segmented.SegmentedRaftLogWorker (SegmentedRaftLogWorker.java:startLogSegment(380)) - ff593ad8-0a8c-4994-b186-664742ea902d@group-E23EE48DF05D-SegmentedRaftLogWorker: Starting segment from index:0
2019-09-12 04:44:00,337 [ff593ad8-0a8c-4994-b186-664742ea902d@group-E23EE48DF05D:LeaderElection9] INFO  impl.RaftServerImpl (ServerState.java:setRaftConf(354)) - ff593ad8-0a8c-4994-b186-664742ea902d@group-E23EE48DF05D: set configuration 0: [ff593ad8-0a8c-4994-b186-664742ea902d:192.168.34.8:42941], old=null at 0
2019-09-12 04:44:00,373 [Thread-283] INFO  container.ReplicationManager (ReplicationManager.java:start(162)) - Starting Replication Monitor Thread.
2019-09-12 04:44:00,375 [ReplicationMonitor] INFO  container.ReplicationManager (ReplicationManager.java:run(225)) - Replication Monitor Thread took 1 milliseconds for processing 0 containers.
2019-09-12 04:44:00,383 [Thread-332] INFO  impl.FollowerState (FollowerState.java:run(106)) - eec7f56f-87bd-4e59-a43c-c5b862436b1c:group-F3FC0297FA2D changes to CANDIDATE, lastRpcTime:1119, electionTimeout:1115ms
2019-09-12 04:44:00,384 [Thread-332] INFO  impl.RoleInfo (RoleInfo.java:shutdownFollowerState(121)) - eec7f56f-87bd-4e59-a43c-c5b862436b1c: shutdown FollowerState
2019-09-12 04:44:00,384 [Thread-332] INFO  impl.RaftServerImpl (RaftServerImpl.java:setRole(174)) - eec7f56f-87bd-4e59-a43c-c5b862436b1c@group-F3FC0297FA2D: changes role from  FOLLOWER to CANDIDATE at term 0 for changeToCandidate
2019-09-12 04:44:00,390 [Thread-332] INFO  impl.RoleInfo (RoleInfo.java:updateAndGet(143)) - eec7f56f-87bd-4e59-a43c-c5b862436b1c: start LeaderElection
2019-09-12 04:44:00,395 [ff593ad8-0a8c-4994-b186-664742ea902d@group-E23EE48DF05D-SegmentedRaftLogWorker] INFO  segmented.SegmentedRaftLogWorker (SegmentedRaftLogWorker.java:execute(569)) - ff593ad8-0a8c-4994-b186-664742ea902d@group-E23EE48DF05D-SegmentedRaftLogWorker: created new log segment /workdir/hadoop-ozone/integration-test/target/test-dir/MiniOzoneClusterImpl-0727815a-69b9-4555-83e7-340a4888e3ed/datanode-2/data/ratis/c8255526-9cdb-4bbc-9fca-e23ee48df05d/current/log_inprogress_0
2019-09-12 04:44:00,411 [eec7f56f-87bd-4e59-a43c-c5b862436b1c@group-F3FC0297FA2D:LeaderElection13] INFO  impl.LeaderElection (LeaderElection.java:askForVotes(182)) - eec7f56f-87bd-4e59-a43c-c5b862436b1c@group-F3FC0297FA2D:LeaderElection13: begin an election at term 1 for -1: [eec7f56f-87bd-4e59-a43c-c5b862436b1c:192.168.34.8:37396, 6a9b9dd7-7806-4506-bdaf-7a94c8190a08:192.168.34.8:46421, 2534340d-8749-41cd-9451-53923b204706:192.168.34.8:34449], old=null
2019-09-12 04:44:00,418 [11629c23-30ab-483c-81ff-e86f5fb16847@group-4108054CE771:LeaderElection12] INFO  impl.LeaderElection (LeaderElection.java:logAndReturn(56)) - 11629c23-30ab-483c-81ff-e86f5fb16847@group-4108054CE771:LeaderElection12: Election REJECTED; received 2 response(s) [11629c23-30ab-483c-81ff-e86f5fb16847<-dc062215-230a-40c1-88c1-e0a4fdad3ac4#0:FAIL-t1, 11629c23-30ab-483c-81ff-e86f5fb16847<-f262dcb5-fcde-4b4d-8116-9712eaf07b60#0:FAIL-t1] and 0 exception(s); 11629c23-30ab-483c-81ff-e86f5fb16847@group-4108054CE771:t1, leader=null, voted=11629c23-30ab-483c-81ff-e86f5fb16847, raftlog=11629c23-30ab-483c-81ff-e86f5fb16847@group-4108054CE771-SegmentedRaftLog:OPENED:c-1,f-1,i0, conf=-1: [dc062215-230a-40c1-88c1-e0a4fdad3ac4:192.168.34.8:46577, f262dcb5-fcde-4b4d-8116-9712eaf07b60:192.168.34.8:45858, 11629c23-30ab-483c-81ff-e86f5fb16847:192.168.34.8:35874], old=null
2019-09-12 04:44:00,421 [f262dcb5-fcde-4b4d-8116-9712eaf07b60@group-4108054CE771:LeaderElection10] INFO  impl.LeaderElection (LeaderElection.java:logAndReturn(56)) - f262dcb5-fcde-4b4d-8116-9712eaf07b60@group-4108054CE771:LeaderElection10: Election REJECTED; received 2 response(s) [f262dcb5-fcde-4b4d-8116-9712eaf07b60<-dc062215-230a-40c1-88c1-e0a4fdad3ac4#0:FAIL-t1, f262dcb5-fcde-4b4d-8116-9712eaf07b60<-11629c23-30ab-483c-81ff-e86f5fb16847#0:FAIL-t1] and 0 exception(s); f262dcb5-fcde-4b4d-8116-9712eaf07b60@group-4108054CE771:t1, leader=null, voted=f262dcb5-fcde-4b4d-8116-9712eaf07b60, raftlog=f262dcb5-fcde-4b4d-8116-9712eaf07b60@group-4108054CE771-SegmentedRaftLog:OPENED:c-1,f-1,i0, conf=-1: [dc062215-230a-40c1-88c1-e0a4fdad3ac4:192.168.34.8:46577, f262dcb5-fcde-4b4d-8116-9712eaf07b60:192.168.34.8:45858, 11629c23-30ab-483c-81ff-e86f5fb16847:192.168.34.8:35874], old=null
2019-09-12 04:44:00,418 [dc062215-230a-40c1-88c1-e0a4fdad3ac4@group-4108054CE771:LeaderElection11] INFO  impl.LeaderElection (LeaderElection.java:logAndReturn(56)) - dc062215-230a-40c1-88c1-e0a4fdad3ac4@group-4108054CE771:LeaderElection11: Election REJECTED; received 2 response(s) [dc062215-230a-40c1-88c1-e0a4fdad3ac4<-f262dcb5-fcde-4b4d-8116-9712eaf07b60#0:FAIL-t1, dc062215-230a-40c1-88c1-e0a4fdad3ac4<-11629c23-30ab-483c-81ff-e86f5fb16847#0:FAIL-t1] and 0 exception(s); dc062215-230a-40c1-88c1-e0a4fdad3ac4@group-4108054CE771:t1, leader=null, voted=dc062215-230a-40c1-88c1-e0a4fdad3ac4, raftlog=dc062215-230a-40c1-88c1-e0a4fdad3ac4@group-4108054CE771-SegmentedRaftLog:OPENED:c-1,f-1,i0, conf=-1: [dc062215-230a-40c1-88c1-e0a4fdad3ac4:192.168.34.8:46577, f262dcb5-fcde-4b4d-8116-9712eaf07b60:192.168.34.8:45858, 11629c23-30ab-483c-81ff-e86f5fb16847:192.168.34.8:35874], old=null
2019-09-12 04:44:00,429 [Thread-336] INFO  impl.FollowerState (FollowerState.java:run(106)) - 6a9b9dd7-7806-4506-bdaf-7a94c8190a08:group-F3FC0297FA2D changes to CANDIDATE, lastRpcTime:1161, electionTimeout:1155ms
2019-09-12 04:44:00,432 [f262dcb5-fcde-4b4d-8116-9712eaf07b60@group-4108054CE771:LeaderElection10] INFO  impl.RaftServerImpl (RaftServerImpl.java:setRole(174)) - f262dcb5-fcde-4b4d-8116-9712eaf07b60@group-4108054CE771: changes role from CANDIDATE to FOLLOWER at term 1 for DISCOVERED_A_NEW_TERM
2019-09-12 04:44:00,434 [11629c23-30ab-483c-81ff-e86f5fb16847@group-4108054CE771:LeaderElection12] INFO  impl.RaftServerImpl (RaftServerImpl.java:setRole(174)) - 11629c23-30ab-483c-81ff-e86f5fb16847@group-4108054CE771: changes role from CANDIDATE to FOLLOWER at term 1 for DISCOVERED_A_NEW_TERM
2019-09-12 04:44:00,432 [dc062215-230a-40c1-88c1-e0a4fdad3ac4@group-4108054CE771:LeaderElection11] INFO  impl.RaftServerImpl (RaftServerImpl.java:setRole(174)) - dc062215-230a-40c1-88c1-e0a4fdad3ac4@group-4108054CE771: changes role from CANDIDATE to FOLLOWER at term 1 for DISCOVERED_A_NEW_TERM
2019-09-12 04:44:00,439 [dc062215-230a-40c1-88c1-e0a4fdad3ac4@group-4108054CE771:LeaderElection11] INFO  impl.RoleInfo (RoleInfo.java:shutdownLeaderElection(134)) - dc062215-230a-40c1-88c1-e0a4fdad3ac4: shutdown LeaderElection
2019-09-12 04:44:00,434 [f262dcb5-fcde-4b4d-8116-9712eaf07b60@group-4108054CE771:LeaderElection10] INFO  impl.RoleInfo (RoleInfo.java:shutdownLeaderElection(134)) - f262dcb5-fcde-4b4d-8116-9712eaf07b60: shutdown LeaderElection
2019-09-12 04:44:00,444 [dc062215-230a-40c1-88c1-e0a4fdad3ac4@group-4108054CE771:LeaderElection11] INFO  impl.RoleInfo (RoleInfo.java:updateAndGet(143)) - dc062215-230a-40c1-88c1-e0a4fdad3ac4: start FollowerState
2019-09-12 04:44:00,437 [11629c23-30ab-483c-81ff-e86f5fb16847@group-4108054CE771:LeaderElection12] INFO  impl.RoleInfo (RoleInfo.java:shutdownLeaderElection(134)) - 11629c23-30ab-483c-81ff-e86f5fb16847: shutdown LeaderElection
2019-09-12 04:44:00,445 [f262dcb5-fcde-4b4d-8116-9712eaf07b60@group-4108054CE771:LeaderElection10] INFO  impl.RoleInfo (RoleInfo.java:updateAndGet(143)) - f262dcb5-fcde-4b4d-8116-9712eaf07b60: start FollowerState
2019-09-12 04:44:00,448 [11629c23-30ab-483c-81ff-e86f5fb16847@group-4108054CE771:LeaderElection12] INFO  impl.RoleInfo (RoleInfo.java:updateAndGet(143)) - 11629c23-30ab-483c-81ff-e86f5fb16847: start FollowerState
2019-09-12 04:44:00,445 [Thread-336] INFO  impl.RoleInfo (RoleInfo.java:shutdownFollowerState(121)) - 6a9b9dd7-7806-4506-bdaf-7a94c8190a08: shutdown FollowerState
2019-09-12 04:44:00,448 [Thread-334] INFO  impl.FollowerState (FollowerState.java:run(106)) - 2534340d-8749-41cd-9451-53923b204706:group-F3FC0297FA2D changes to CANDIDATE, lastRpcTime:1180, electionTimeout:1178ms
2019-09-12 04:44:00,449 [Thread-336] INFO  impl.RaftServerImpl (RaftServerImpl.java:setRole(174)) - 6a9b9dd7-7806-4506-bdaf-7a94c8190a08@group-F3FC0297FA2D: changes role from  FOLLOWER to CANDIDATE at term 0 for changeToCandidate
2019-09-12 04:44:00,451 [Thread-336] INFO  impl.RoleInfo (RoleInfo.java:updateAndGet(143)) - 6a9b9dd7-7806-4506-bdaf-7a94c8190a08: start LeaderElection
2019-09-12 04:44:00,454 [Thread-334] INFO  impl.RoleInfo (RoleInfo.java:shutdownFollowerState(121)) - 2534340d-8749-41cd-9451-53923b204706: shutdown FollowerState
2019-09-12 04:44:00,456 [Thread-334] INFO  impl.RaftServerImpl (RaftServerImpl.java:setRole(174)) - 2534340d-8749-41cd-9451-53923b204706@group-F3FC0297FA2D: changes role from  FOLLOWER to CANDIDATE at term 0 for changeToCandidate
2019-09-12 04:44:00,456 [IPC Server handler 0 on 42821] INFO  volume.OMVolumeCreateRequest (OMVolumeCreateRequest.java:validateAndUpdateCache(189)) - created volume:datanodefailurehandlingtest for user:jenkins1000
2019-09-12 04:44:00,457 [Thread-334] INFO  impl.RoleInfo (RoleInfo.java:updateAndGet(143)) - 2534340d-8749-41cd-9451-53923b204706: start LeaderElection
2019-09-12 04:44:00,473 [cf6464f0-cbf8-4363-9806-263215a09c56@group-3BD1FB76A115:LeaderElection8] INFO  impl.RoleInfo (RoleInfo.java:updateAndGet(143)) - cf6464f0-cbf8-4363-9806-263215a09c56: start LeaderState
2019-09-12 04:44:00,473 [cf6464f0-cbf8-4363-9806-263215a09c56@group-3BD1FB76A115:LeaderElection8] INFO  segmented.SegmentedRaftLogWorker (SegmentedRaftLogWorker.java:startLogSegment(380)) - cf6464f0-cbf8-4363-9806-263215a09c56@group-3BD1FB76A115-SegmentedRaftLogWorker: Starting segment from index:0
2019-09-12 04:44:00,474 [cf6464f0-cbf8-4363-9806-263215a09c56@group-3BD1FB76A115:LeaderElection8] INFO  impl.RaftServerImpl (ServerState.java:setRaftConf(354)) - cf6464f0-cbf8-4363-9806-263215a09c56@group-3BD1FB76A115: set configuration 0: [cf6464f0-cbf8-4363-9806-263215a09c56:192.168.34.8:33437], old=null at 0
2019-09-12 04:44:00,512 [2534340d-8749-41cd-9451-53923b204706@group-F3FC0297FA2D:LeaderElection15] INFO  impl.LeaderElection (LeaderElection.java:askForVotes(182)) - 2534340d-8749-41cd-9451-53923b204706@group-F3FC0297FA2D:LeaderElection15: begin an election at term 1 for -1: [eec7f56f-87bd-4e59-a43c-c5b862436b1c:192.168.34.8:37396, 6a9b9dd7-7806-4506-bdaf-7a94c8190a08:192.168.34.8:46421, 2534340d-8749-41cd-9451-53923b204706:192.168.34.8:34449], old=null
2019-09-12 04:44:00,512 [6a9b9dd7-7806-4506-bdaf-7a94c8190a08@group-F3FC0297FA2D:LeaderElection14] INFO  impl.LeaderElection (LeaderElection.java:askForVotes(182)) - 6a9b9dd7-7806-4506-bdaf-7a94c8190a08@group-F3FC0297FA2D:LeaderElection14: begin an election at term 1 for -1: [eec7f56f-87bd-4e59-a43c-c5b862436b1c:192.168.34.8:37396, 6a9b9dd7-7806-4506-bdaf-7a94c8190a08:192.168.34.8:46421, 2534340d-8749-41cd-9451-53923b204706:192.168.34.8:34449], old=null
2019-09-12 04:44:00,525 [cf6464f0-cbf8-4363-9806-263215a09c56@group-3BD1FB76A115-SegmentedRaftLogWorker] INFO  segmented.SegmentedRaftLogWorker (SegmentedRaftLogWorker.java:execute(569)) - cf6464f0-cbf8-4363-9806-263215a09c56@group-3BD1FB76A115-SegmentedRaftLogWorker: created new log segment /workdir/hadoop-ozone/integration-test/target/test-dir/MiniOzoneClusterImpl-0727815a-69b9-4555-83e7-340a4888e3ed/datanode-4/data/ratis/5c86d281-3ba4-4ad6-8fae-3bd1fb76a115/current/log_inprogress_0
2019-09-12 04:44:00,525 [5903dc6b-2e4c-43f3-9c86-89f09a7774cd@group-8108B70598FE:LeaderElection7] INFO  impl.RoleInfo (RoleInfo.java:updateAndGet(143)) - 5903dc6b-2e4c-43f3-9c86-89f09a7774cd: start LeaderState
2019-09-12 04:44:00,525 [eec7f56f-87bd-4e59-a43c-c5b862436b1c@group-F3FC0297FA2D:LeaderElection13] INFO  impl.LeaderElection (LeaderElection.java:logAndReturn(56)) - eec7f56f-87bd-4e59-a43c-c5b862436b1c@group-F3FC0297FA2D:LeaderElection13: Election REJECTED; received 2 response(s) [eec7f56f-87bd-4e59-a43c-c5b862436b1c<-6a9b9dd7-7806-4506-bdaf-7a94c8190a08#0:FAIL-t1, eec7f56f-87bd-4e59-a43c-c5b862436b1c<-2534340d-8749-41cd-9451-53923b204706#0:FAIL-t1] and 0 exception(s); eec7f56f-87bd-4e59-a43c-c5b862436b1c@group-F3FC0297FA2D:t1, leader=null, voted=eec7f56f-87bd-4e59-a43c-c5b862436b1c, raftlog=eec7f56f-87bd-4e59-a43c-c5b862436b1c@group-F3FC0297FA2D-SegmentedRaftLog:OPENED:c-1,f-1,i0, conf=-1: [eec7f56f-87bd-4e59-a43c-c5b862436b1c:192.168.34.8:37396, 6a9b9dd7-7806-4506-bdaf-7a94c8190a08:192.168.34.8:46421, 2534340d-8749-41cd-9451-53923b204706:192.168.34.8:34449], old=null
2019-09-12 04:44:00,525 [5903dc6b-2e4c-43f3-9c86-89f09a7774cd@group-8108B70598FE:LeaderElection7] INFO  segmented.SegmentedRaftLogWorker (SegmentedRaftLogWorker.java:startLogSegment(380)) - 5903dc6b-2e4c-43f3-9c86-89f09a7774cd@group-8108B70598FE-SegmentedRaftLogWorker: Starting segment from index:0
2019-09-12 04:44:00,525 [eec7f56f-87bd-4e59-a43c-c5b862436b1c@group-F3FC0297FA2D:LeaderElection13] INFO  impl.RaftServerImpl (RaftServerImpl.java:setRole(174)) - eec7f56f-87bd-4e59-a43c-c5b862436b1c@group-F3FC0297FA2D: changes role from CANDIDATE to FOLLOWER at term 1 for DISCOVERED_A_NEW_TERM
2019-09-12 04:44:00,529 [eec7f56f-87bd-4e59-a43c-c5b862436b1c@group-F3FC0297FA2D:LeaderElection13] INFO  impl.RoleInfo (RoleInfo.java:shutdownLeaderElection(134)) - eec7f56f-87bd-4e59-a43c-c5b862436b1c: shutdown LeaderElection
2019-09-12 04:44:00,532 [eec7f56f-87bd-4e59-a43c-c5b862436b1c@group-F3FC0297FA2D:LeaderElection13] INFO  impl.RoleInfo (RoleInfo.java:updateAndGet(143)) - eec7f56f-87bd-4e59-a43c-c5b862436b1c: start FollowerState
2019-09-12 04:44:00,532 [5903dc6b-2e4c-43f3-9c86-89f09a7774cd@group-8108B70598FE:LeaderElection7] INFO  impl.RaftServerImpl (ServerState.java:setRaftConf(354)) - 5903dc6b-2e4c-43f3-9c86-89f09a7774cd@group-8108B70598FE: set configuration 0: [5903dc6b-2e4c-43f3-9c86-89f09a7774cd:192.168.34.8:35486], old=null at 0
2019-09-12 04:44:00,567 [2534340d-8749-41cd-9451-53923b204706@group-82EACF060F3A:LeaderElection6] INFO  impl.RoleInfo (RoleInfo.java:updateAndGet(143)) - 2534340d-8749-41cd-9451-53923b204706: start LeaderState
2019-09-12 04:44:00,567 [2534340d-8749-41cd-9451-53923b204706@group-82EACF060F3A:LeaderElection6] INFO  segmented.SegmentedRaftLogWorker (SegmentedRaftLogWorker.java:startLogSegment(380)) - 2534340d-8749-41cd-9451-53923b204706@group-82EACF060F3A-SegmentedRaftLogWorker: Starting segment from index:0
2019-09-12 04:44:00,570 [2534340d-8749-41cd-9451-53923b204706@group-82EACF060F3A:LeaderElection6] INFO  impl.RaftServerImpl (ServerState.java:setRaftConf(354)) - 2534340d-8749-41cd-9451-53923b204706@group-82EACF060F3A: set configuration 0: [2534340d-8749-41cd-9451-53923b204706:192.168.34.8:34449], old=null at 0
2019-09-12 04:44:00,599 [5903dc6b-2e4c-43f3-9c86-89f09a7774cd@group-8108B70598FE-SegmentedRaftLogWorker] INFO  segmented.SegmentedRaftLogWorker (SegmentedRaftLogWorker.java:execute(569)) - 5903dc6b-2e4c-43f3-9c86-89f09a7774cd@group-8108B70598FE-SegmentedRaftLogWorker: created new log segment /workdir/hadoop-ozone/integration-test/target/test-dir/MiniOzoneClusterImpl-0727815a-69b9-4555-83e7-340a4888e3ed/datanode-5/data/ratis/34103b5d-a3bc-49cb-b5e6-8108b70598fe/current/log_inprogress_0
2019-09-12 04:44:00,601 [eec7f56f-87bd-4e59-a43c-c5b862436b1c@group-CD1DD2F8AC42:LeaderElection5] INFO  impl.RoleInfo (RoleInfo.java:updateAndGet(143)) - eec7f56f-87bd-4e59-a43c-c5b862436b1c: start LeaderState
2019-09-12 04:44:00,601 [dc062215-230a-40c1-88c1-e0a4fdad3ac4@group-D763D5DD720D:LeaderElection4] INFO  impl.RoleInfo (RoleInfo.java:updateAndGet(143)) - dc062215-230a-40c1-88c1-e0a4fdad3ac4: start LeaderState
2019-09-12 04:44:00,606 [dc062215-230a-40c1-88c1-e0a4fdad3ac4@group-D763D5DD720D:LeaderElection4] INFO  segmented.SegmentedRaftLogWorker (SegmentedRaftLogWorker.java:startLogSegment(380)) - dc062215-230a-40c1-88c1-e0a4fdad3ac4@group-D763D5DD720D-SegmentedRaftLogWorker: Starting segment from index:0
2019-09-12 04:44:00,606 [eec7f56f-87bd-4e59-a43c-c5b862436b1c@group-CD1DD2F8AC42:LeaderElection5] INFO  segmented.SegmentedRaftLogWorker (SegmentedRaftLogWorker.java:startLogSegment(380)) - eec7f56f-87bd-4e59-a43c-c5b862436b1c@group-CD1DD2F8AC42-SegmentedRaftLogWorker: Starting segment from index:0
2019-09-12 04:44:00,606 [dc062215-230a-40c1-88c1-e0a4fdad3ac4@group-D763D5DD720D:LeaderElection4] INFO  impl.RaftServerImpl (ServerState.java:setRaftConf(354)) - dc062215-230a-40c1-88c1-e0a4fdad3ac4@group-D763D5DD720D: set configuration 0: [dc062215-230a-40c1-88c1-e0a4fdad3ac4:192.168.34.8:46577], old=null at 0
2019-09-12 04:44:00,606 [pool-37-thread-1] INFO  impl.RaftServerImpl (RaftServerImpl.java:start(185)) - 4a6209c5-e52c-498b-a70a-f7b5c2b845a9@group-5FD8722A3841: start as a follower, conf=-1: [5903dc6b-2e4c-43f3-9c86-89f09a7774cd:192.168.34.8:35486, 4a6209c5-e52c-498b-a70a-f7b5c2b845a9:192.168.34.8:40323, cf6464f0-cbf8-4363-9806-263215a09c56:192.168.34.8:33437], old=null
2019-09-12 04:44:00,606 [pool-67-thread-1] INFO  impl.RaftServerImpl (RaftServerImpl.java:start(185)) - cf6464f0-cbf8-4363-9806-263215a09c56@group-5FD8722A3841: start as a follower, conf=-1: [5903dc6b-2e4c-43f3-9c86-89f09a7774cd:192.168.34.8:35486, 4a6209c5-e52c-498b-a70a-f7b5c2b845a9:192.168.34.8:40323, cf6464f0-cbf8-4363-9806-263215a09c56:192.168.34.8:33437], old=null
2019-09-12 04:44:00,606 [pool-77-thread-1] INFO  impl.RaftServerImpl (RaftServerImpl.java:start(185)) - 5903dc6b-2e4c-43f3-9c86-89f09a7774cd@group-5FD8722A3841: start as a follower, conf=-1: [5903dc6b-2e4c-43f3-9c86-89f09a7774cd:192.168.34.8:35486, 4a6209c5-e52c-498b-a70a-f7b5c2b845a9:192.168.34.8:40323, cf6464f0-cbf8-4363-9806-263215a09c56:192.168.34.8:33437], old=null
2019-09-12 04:44:00,653 [pool-67-thread-1] INFO  impl.RaftServerImpl (RaftServerImpl.java:setRole(174)) - cf6464f0-cbf8-4363-9806-263215a09c56@group-5FD8722A3841: changes role from      null to FOLLOWER at term 0 for startAsFollower
2019-09-12 04:44:00,653 [pool-37-thread-1] INFO  impl.RaftServerImpl (RaftServerImpl.java:setRole(174)) - 4a6209c5-e52c-498b-a70a-f7b5c2b845a9@group-5FD8722A3841: changes role from      null to FOLLOWER at term 0 for startAsFollower
2019-09-12 04:44:00,653 [eec7f56f-87bd-4e59-a43c-c5b862436b1c@group-CD1DD2F8AC42:LeaderElection5] INFO  impl.RaftServerImpl (ServerState.java:setRaftConf(354)) - eec7f56f-87bd-4e59-a43c-c5b862436b1c@group-CD1DD2F8AC42: set configuration 0: [eec7f56f-87bd-4e59-a43c-c5b862436b1c:192.168.34.8:37396], old=null at 0
2019-09-12 04:44:00,653 [2534340d-8749-41cd-9451-53923b204706@group-82EACF060F3A-SegmentedRaftLogWorker] INFO  segmented.SegmentedRaftLogWorker (SegmentedRaftLogWorker.java:execute(569)) - 2534340d-8749-41cd-9451-53923b204706@group-82EACF060F3A-SegmentedRaftLogWorker: created new log segment /workdir/hadoop-ozone/integration-test/target/test-dir/MiniOzoneClusterImpl-0727815a-69b9-4555-83e7-340a4888e3ed/datanode-9/data/ratis/3589350d-6921-48e6-b361-82eacf060f3a/current/log_inprogress_0
2019-09-12 04:44:00,654 [pool-37-thread-1] INFO  impl.RoleInfo (RoleInfo.java:updateAndGet(143)) - 4a6209c5-e52c-498b-a70a-f7b5c2b845a9: start FollowerState
2019-09-12 04:44:00,654 [pool-67-thread-1] INFO  impl.RoleInfo (RoleInfo.java:updateAndGet(143)) - cf6464f0-cbf8-4363-9806-263215a09c56: start FollowerState
2019-09-12 04:44:00,654 [pool-77-thread-1] INFO  impl.RaftServerImpl (RaftServerImpl.java:setRole(174)) - 5903dc6b-2e4c-43f3-9c86-89f09a7774cd@group-5FD8722A3841: changes role from      null to FOLLOWER at term 0 for startAsFollower
2019-09-12 04:44:00,655 [pool-37-thread-1] INFO  util.JmxRegister (JmxRegister.java:tryRegister(44)) - Successfully registered JMX Bean with object name Ratis:service=RaftServer,group=group-5FD8722A3841,id=4a6209c5-e52c-498b-a70a-f7b5c2b845a9
2019-09-12 04:44:00,655 [pool-67-thread-1] INFO  util.JmxRegister (JmxRegister.java:tryRegister(44)) - Successfully registered JMX Bean with object name Ratis:service=RaftServer,group=group-5FD8722A3841,id=cf6464f0-cbf8-4363-9806-263215a09c56
2019-09-12 04:44:00,655 [pool-77-thread-1] INFO  impl.RoleInfo (RoleInfo.java:updateAndGet(143)) - 5903dc6b-2e4c-43f3-9c86-89f09a7774cd: start FollowerState
2019-09-12 04:44:00,661 [pool-77-thread-1] INFO  util.JmxRegister (JmxRegister.java:tryRegister(44)) - Successfully registered JMX Bean with object name Ratis:service=RaftServer,group=group-5FD8722A3841,id=5903dc6b-2e4c-43f3-9c86-89f09a7774cd
2019-09-12 04:44:00,677 [eec7f56f-87bd-4e59-a43c-c5b862436b1c@group-CD1DD2F8AC42-SegmentedRaftLogWorker] INFO  segmented.SegmentedRaftLogWorker (SegmentedRaftLogWorker.java:execute(569)) - eec7f56f-87bd-4e59-a43c-c5b862436b1c@group-CD1DD2F8AC42-SegmentedRaftLogWorker: created new log segment /workdir/hadoop-ozone/integration-test/target/test-dir/MiniOzoneClusterImpl-0727815a-69b9-4555-83e7-340a4888e3ed/datanode-7/data/ratis/cb93c3d0-231c-4e66-84dc-cd1dd2f8ac42/current/log_inprogress_0
2019-09-12 04:44:00,677 [dc062215-230a-40c1-88c1-e0a4fdad3ac4@group-D763D5DD720D-SegmentedRaftLogWorker] INFO  segmented.SegmentedRaftLogWorker (SegmentedRaftLogWorker.java:execute(569)) - dc062215-230a-40c1-88c1-e0a4fdad3ac4@group-D763D5DD720D-SegmentedRaftLogWorker: created new log segment /workdir/hadoop-ozone/integration-test/target/test-dir/MiniOzoneClusterImpl-0727815a-69b9-4555-83e7-340a4888e3ed/datanode-3/data/ratis/d37b17c7-d8cf-484f-97e9-d763d5dd720d/current/log_inprogress_0
2019-09-12 04:44:00,687 [6a9b9dd7-7806-4506-bdaf-7a94c8190a08@group-F3FC0297FA2D:LeaderElection14] INFO  impl.LeaderElection (LeaderElection.java:logAndReturn(56)) - 6a9b9dd7-7806-4506-bdaf-7a94c8190a08@group-F3FC0297FA2D:LeaderElection14: Election REJECTED; received 2 response(s) [6a9b9dd7-7806-4506-bdaf-7a94c8190a08<-eec7f56f-87bd-4e59-a43c-c5b862436b1c#0:FAIL-t1, 6a9b9dd7-7806-4506-bdaf-7a94c8190a08<-2534340d-8749-41cd-9451-53923b204706#0:FAIL-t1] and 0 exception(s); 6a9b9dd7-7806-4506-bdaf-7a94c8190a08@group-F3FC0297FA2D:t1, leader=null, voted=6a9b9dd7-7806-4506-bdaf-7a94c8190a08, raftlog=6a9b9dd7-7806-4506-bdaf-7a94c8190a08@group-F3FC0297FA2D-SegmentedRaftLog:OPENED:c-1,f-1,i0, conf=-1: [eec7f56f-87bd-4e59-a43c-c5b862436b1c:192.168.34.8:37396, 6a9b9dd7-7806-4506-bdaf-7a94c8190a08:192.168.34.8:46421, 2534340d-8749-41cd-9451-53923b204706:192.168.34.8:34449], old=null
2019-09-12 04:44:00,690 [6a9b9dd7-7806-4506-bdaf-7a94c8190a08@group-F3FC0297FA2D:LeaderElection14] INFO  impl.RaftServerImpl (RaftServerImpl.java:setRole(174)) - 6a9b9dd7-7806-4506-bdaf-7a94c8190a08@group-F3FC0297FA2D: changes role from CANDIDATE to FOLLOWER at term 1 for DISCOVERED_A_NEW_TERM
2019-09-12 04:44:00,690 [6a9b9dd7-7806-4506-bdaf-7a94c8190a08@group-F3FC0297FA2D:LeaderElection14] INFO  impl.RoleInfo (RoleInfo.java:shutdownLeaderElection(134)) - 6a9b9dd7-7806-4506-bdaf-7a94c8190a08: shutdown LeaderElection
2019-09-12 04:44:00,690 [2534340d-8749-41cd-9451-53923b204706@group-F3FC0297FA2D:LeaderElection15] INFO  impl.LeaderElection (LeaderElection.java:logAndReturn(56)) - 2534340d-8749-41cd-9451-53923b204706@group-F3FC0297FA2D:LeaderElection15: Election REJECTED; received 2 response(s) [2534340d-8749-41cd-9451-53923b204706<-eec7f56f-87bd-4e59-a43c-c5b862436b1c#0:FAIL-t1, 2534340d-8749-41cd-9451-53923b204706<-6a9b9dd7-7806-4506-bdaf-7a94c8190a08#0:FAIL-t1] and 0 exception(s); 2534340d-8749-41cd-9451-53923b204706@group-F3FC0297FA2D:t1, leader=null, voted=2534340d-8749-41cd-9451-53923b204706, raftlog=2534340d-8749-41cd-9451-53923b204706@group-F3FC0297FA2D-SegmentedRaftLog:OPENED:c-1,f-1,i0, conf=-1: [eec7f56f-87bd-4e59-a43c-c5b862436b1c:192.168.34.8:37396, 6a9b9dd7-7806-4506-bdaf-7a94c8190a08:192.168.34.8:46421, 2534340d-8749-41cd-9451-53923b204706:192.168.34.8:34449], old=null
2019-09-12 04:44:00,693 [6a9b9dd7-7806-4506-bdaf-7a94c8190a08@group-F3FC0297FA2D:LeaderElection14] INFO  impl.RoleInfo (RoleInfo.java:updateAndGet(143)) - 6a9b9dd7-7806-4506-bdaf-7a94c8190a08: start FollowerState
2019-09-12 04:44:00,693 [2534340d-8749-41cd-9451-53923b204706@group-F3FC0297FA2D:LeaderElection15] INFO  impl.RaftServerImpl (RaftServerImpl.java:setRole(174)) - 2534340d-8749-41cd-9451-53923b204706@group-F3FC0297FA2D: changes role from CANDIDATE to FOLLOWER at term 1 for DISCOVERED_A_NEW_TERM
2019-09-12 04:44:00,696 [2534340d-8749-41cd-9451-53923b204706@group-F3FC0297FA2D:LeaderElection15] INFO  impl.RoleInfo (RoleInfo.java:shutdownLeaderElection(134)) - 2534340d-8749-41cd-9451-53923b204706: shutdown LeaderElection
2019-09-12 04:44:00,697 [2534340d-8749-41cd-9451-53923b204706@group-F3FC0297FA2D:LeaderElection15] INFO  impl.RoleInfo (RoleInfo.java:updateAndGet(143)) - 2534340d-8749-41cd-9451-53923b204706: start FollowerState
2019-09-12 04:44:00,698 [RatisPipelineUtilsThread] INFO  pipeline.PipelineStateManager (PipelineStateManager.java:addPipeline(56)) - Created pipeline Pipeline[ Id: 5d771cb8-bc9c-4de1-9b29-5fd8722a3841, Nodes: 5903dc6b-2e4c-43f3-9c86-89f09a7774cd{ip: 192.168.34.8, host: pr-hdds-1879-pbs75-1821932185, networkLocation: /default-rack, certSerialId: null}cf6464f0-cbf8-4363-9806-263215a09c56{ip: 192.168.34.8, host: pr-hdds-1879-pbs75-1821932185, networkLocation: /default-rack, certSerialId: null}4a6209c5-e52c-498b-a70a-f7b5c2b845a9{ip: 192.168.34.8, host: pr-hdds-1879-pbs75-1821932185, networkLocation: /default-rack, certSerialId: null}, Type:RATIS, Factor:THREE, State:OPEN]
2019-09-12 04:44:00,705 [main] INFO  rpc.RpcClient (RpcClient.java:createBucket(437)) - Creating Bucket: datanodefailurehandlingtest/datanodefailurehandlingtest, with Versioning false and Storage Type set to DISK and Encryption set to false 
2019-09-12 04:44:01,035 [main] INFO  impl.MetricsSystemImpl (MetricsSystemImpl.java:init(158)) - XceiverClientMetrics metrics system started (again)
2019-09-12 04:44:01,180 [grpc-default-executor-1] INFO  client.GrpcClientProtocolClient (GrpcClientProtocolClient.java:onNext(264)) - client-7852974D6869->f262dcb5-fcde-4b4d-8116-9712eaf07b60: receive RaftClientReply:client-7852974D6869->f262dcb5-fcde-4b4d-8116-9712eaf07b60@group-4108054CE771, cid=19, FAILED org.apache.ratis.protocol.NotLeaderException: Server f262dcb5-fcde-4b4d-8116-9712eaf07b60@group-4108054CE771 is not the leader, logIndex=0, commits[f262dcb5-fcde-4b4d-8116-9712eaf07b60:c-1]
2019-09-12 04:44:01,317 [Thread-309] INFO  impl.FollowerState (FollowerState.java:run(106)) - 4a6209c5-e52c-498b-a70a-f7b5c2b845a9:group-166E211DB835 changes to CANDIDATE, lastRpcTime:2669, electionTimeout:1156ms
2019-09-12 04:44:01,317 [Thread-309] INFO  impl.RoleInfo (RoleInfo.java:shutdownFollowerState(121)) - 4a6209c5-e52c-498b-a70a-f7b5c2b845a9: shutdown FollowerState
2019-09-12 04:44:01,317 [Thread-309] INFO  impl.RaftServerImpl (RaftServerImpl.java:setRole(174)) - 4a6209c5-e52c-498b-a70a-f7b5c2b845a9@group-166E211DB835: changes role from  FOLLOWER to CANDIDATE at term 0 for changeToCandidate
2019-09-12 04:44:01,318 [Thread-309] INFO  impl.RoleInfo (RoleInfo.java:updateAndGet(143)) - 4a6209c5-e52c-498b-a70a-f7b5c2b845a9: start LeaderElection
2019-09-12 04:44:01,340 [4a6209c5-e52c-498b-a70a-f7b5c2b845a9@group-166E211DB835:LeaderElection16] INFO  impl.LeaderElection (LeaderElection.java:askForVotes(182)) - 4a6209c5-e52c-498b-a70a-f7b5c2b845a9@group-166E211DB835:LeaderElection16: begin an election at term 1 for -1: [4a6209c5-e52c-498b-a70a-f7b5c2b845a9:192.168.34.8:40323], old=null
2019-09-12 04:44:01,340 [4a6209c5-e52c-498b-a70a-f7b5c2b845a9@group-166E211DB835:LeaderElection16] INFO  impl.RoleInfo (RoleInfo.java:shutdownLeaderElection(134)) - 4a6209c5-e52c-498b-a70a-f7b5c2b845a9: shutdown LeaderElection
2019-09-12 04:44:01,340 [4a6209c5-e52c-498b-a70a-f7b5c2b845a9@group-166E211DB835:LeaderElection16] INFO  impl.RaftServerImpl (RaftServerImpl.java:setRole(174)) - 4a6209c5-e52c-498b-a70a-f7b5c2b845a9@group-166E211DB835: changes role from CANDIDATE to LEADER at term 1 for changeToLeader
2019-09-12 04:44:01,340 [4a6209c5-e52c-498b-a70a-f7b5c2b845a9@group-166E211DB835:LeaderElection16] INFO  impl.RaftServerImpl (ServerState.java:setLeader(253)) - 4a6209c5-e52c-498b-a70a-f7b5c2b845a9@group-166E211DB835: change Leader from null to 4a6209c5-e52c-498b-a70a-f7b5c2b845a9 at term 1 for becomeLeader, leader elected after 2704ms
2019-09-12 04:44:01,340 [4a6209c5-e52c-498b-a70a-f7b5c2b845a9@group-166E211DB835:LeaderElection16] INFO  server.RaftServerConfigKeys (ConfUtils.java:logGet(43)) - raft.server.staging.catchup.gap = 1000 (default)
2019-09-12 04:44:01,341 [4a6209c5-e52c-498b-a70a-f7b5c2b845a9@group-166E211DB835:LeaderElection16] INFO  server.RaftServerConfigKeys (ConfUtils.java:logGet(43)) - raft.server.rpc.sleep.time = 25ms (default)
2019-09-12 04:44:01,341 [4a6209c5-e52c-498b-a70a-f7b5c2b845a9@group-166E211DB835:LeaderElection16] INFO  server.RaftServerConfigKeys (ConfUtils.java:logGet(43)) - raft.server.write.element-limit = 4096 (default)
2019-09-12 04:44:01,341 [4a6209c5-e52c-498b-a70a-f7b5c2b845a9@group-166E211DB835:LeaderElection16] INFO  server.RaftServerConfigKeys (ConfUtils.java:logGet(43)) - raft.server.watch.timeout = 10s (default)
2019-09-12 04:44:01,341 [4a6209c5-e52c-498b-a70a-f7b5c2b845a9@group-166E211DB835:LeaderElection16] INFO  server.RaftServerConfigKeys (ConfUtils.java:logGet(43)) - raft.server.watch.timeout.denomination = 1s (default)
2019-09-12 04:44:01,341 [4a6209c5-e52c-498b-a70a-f7b5c2b845a9@group-166E211DB835:LeaderElection16] INFO  server.RaftServerConfigKeys (ConfUtils.java:logGet(43)) - raft.server.watch.element-limit = 65536 (default)
2019-09-12 04:44:01,344 [4a6209c5-e52c-498b-a70a-f7b5c2b845a9@group-166E211DB835:LeaderElection16] INFO  impl.RoleInfo (RoleInfo.java:updateAndGet(143)) - 4a6209c5-e52c-498b-a70a-f7b5c2b845a9: start LeaderState
2019-09-12 04:44:01,344 [4a6209c5-e52c-498b-a70a-f7b5c2b845a9@group-166E211DB835:LeaderElection16] INFO  segmented.SegmentedRaftLogWorker (SegmentedRaftLogWorker.java:startLogSegment(380)) - 4a6209c5-e52c-498b-a70a-f7b5c2b845a9@group-166E211DB835-SegmentedRaftLogWorker: Starting segment from index:0
2019-09-12 04:44:01,345 [4a6209c5-e52c-498b-a70a-f7b5c2b845a9@group-166E211DB835:LeaderElection16] INFO  impl.RaftServerImpl (ServerState.java:setRaftConf(354)) - 4a6209c5-e52c-498b-a70a-f7b5c2b845a9@group-166E211DB835: set configuration 0: [4a6209c5-e52c-498b-a70a-f7b5c2b845a9:192.168.34.8:40323], old=null at 0
2019-09-12 04:44:01,406 [4a6209c5-e52c-498b-a70a-f7b5c2b845a9@group-166E211DB835-SegmentedRaftLogWorker] INFO  segmented.SegmentedRaftLogWorker (SegmentedRaftLogWorker.java:execute(569)) - 4a6209c5-e52c-498b-a70a-f7b5c2b845a9@group-166E211DB835-SegmentedRaftLogWorker: created new log segment /workdir/hadoop-ozone/integration-test/target/test-dir/MiniOzoneClusterImpl-0727815a-69b9-4555-83e7-340a4888e3ed/datanode-1/data/ratis/600f59c1-9f31-4b2b-a8a5-166e211db835/current/log_inprogress_0
2019-09-12 04:44:01,558 [Thread-370] INFO  impl.FollowerState (FollowerState.java:run(106)) - f262dcb5-fcde-4b4d-8116-9712eaf07b60:group-4108054CE771 changes to CANDIDATE, lastRpcTime:1113, electionTimeout:1109ms
2019-09-12 04:44:01,558 [Thread-370] INFO  impl.RoleInfo (RoleInfo.java:shutdownFollowerState(121)) - f262dcb5-fcde-4b4d-8116-9712eaf07b60: shutdown FollowerState
2019-09-12 04:44:01,558 [Thread-370] INFO  impl.RaftServerImpl (RaftServerImpl.java:setRole(174)) - f262dcb5-fcde-4b4d-8116-9712eaf07b60@group-4108054CE771: changes role from  FOLLOWER to CANDIDATE at term 1 for changeToCandidate
2019-09-12 04:44:01,558 [Thread-370] INFO  impl.RoleInfo (RoleInfo.java:updateAndGet(143)) - f262dcb5-fcde-4b4d-8116-9712eaf07b60: start LeaderElection
2019-09-12 04:44:01,582 [f262dcb5-fcde-4b4d-8116-9712eaf07b60@group-4108054CE771:LeaderElection17] INFO  impl.LeaderElection (LeaderElection.java:askForVotes(182)) - f262dcb5-fcde-4b4d-8116-9712eaf07b60@group-4108054CE771:LeaderElection17: begin an election at term 2 for -1: [dc062215-230a-40c1-88c1-e0a4fdad3ac4:192.168.34.8:46577, f262dcb5-fcde-4b4d-8116-9712eaf07b60:192.168.34.8:45858, 11629c23-30ab-483c-81ff-e86f5fb16847:192.168.34.8:35874], old=null
2019-09-12 04:44:01,591 [grpc-default-executor-1] INFO  impl.RaftServerImpl (RaftServerImpl.java:setRole(174)) - dc062215-230a-40c1-88c1-e0a4fdad3ac4@group-4108054CE771: changes role from  FOLLOWER to FOLLOWER at term 2 for recognizeCandidate:f262dcb5-fcde-4b4d-8116-9712eaf07b60
2019-09-12 04:44:01,591 [grpc-default-executor-3] INFO  impl.RaftServerImpl (RaftServerImpl.java:setRole(174)) - 11629c23-30ab-483c-81ff-e86f5fb16847@group-4108054CE771: changes role from  FOLLOWER to FOLLOWER at term 2 for recognizeCandidate:f262dcb5-fcde-4b4d-8116-9712eaf07b60
2019-09-12 04:44:01,591 [grpc-default-executor-1] INFO  impl.RoleInfo (RoleInfo.java:shutdownFollowerState(121)) - dc062215-230a-40c1-88c1-e0a4fdad3ac4: shutdown FollowerState
2019-09-12 04:44:01,592 [grpc-default-executor-3] INFO  impl.RoleInfo (RoleInfo.java:shutdownFollowerState(121)) - 11629c23-30ab-483c-81ff-e86f5fb16847: shutdown FollowerState
2019-09-12 04:44:01,592 [Thread-369] INFO  impl.FollowerState (FollowerState.java:run(115)) - dc062215-230a-40c1-88c1-e0a4fdad3ac4: FollowerState was interrupted: java.lang.InterruptedException: sleep interrupted
2019-09-12 04:44:01,592 [Thread-371] INFO  impl.FollowerState (FollowerState.java:run(115)) - 11629c23-30ab-483c-81ff-e86f5fb16847: FollowerState was interrupted: java.lang.InterruptedException: sleep interrupted
2019-09-12 04:44:01,592 [grpc-default-executor-1] INFO  impl.RoleInfo (RoleInfo.java:updateAndGet(143)) - dc062215-230a-40c1-88c1-e0a4fdad3ac4: start FollowerState
2019-09-12 04:44:01,592 [grpc-default-executor-3] INFO  impl.RoleInfo (RoleInfo.java:updateAndGet(143)) - 11629c23-30ab-483c-81ff-e86f5fb16847: start FollowerState
2019-09-12 04:44:01,631 [f262dcb5-fcde-4b4d-8116-9712eaf07b60@group-4108054CE771:LeaderElection17] INFO  impl.LeaderElection (LeaderElection.java:logAndReturn(56)) - f262dcb5-fcde-4b4d-8116-9712eaf07b60@group-4108054CE771:LeaderElection17: Election PASSED; received 1 response(s) [f262dcb5-fcde-4b4d-8116-9712eaf07b60<-dc062215-230a-40c1-88c1-e0a4fdad3ac4#0:OK-t2] and 0 exception(s); f262dcb5-fcde-4b4d-8116-9712eaf07b60@group-4108054CE771:t2, leader=null, voted=f262dcb5-fcde-4b4d-8116-9712eaf07b60, raftlog=f262dcb5-fcde-4b4d-8116-9712eaf07b60@group-4108054CE771-SegmentedRaftLog:OPENED:c-1,f-1,i0, conf=-1: [dc062215-230a-40c1-88c1-e0a4fdad3ac4:192.168.34.8:46577, f262dcb5-fcde-4b4d-8116-9712eaf07b60:192.168.34.8:45858, 11629c23-30ab-483c-81ff-e86f5fb16847:192.168.34.8:35874], old=null
2019-09-12 04:44:01,631 [f262dcb5-fcde-4b4d-8116-9712eaf07b60@group-4108054CE771:LeaderElection17] INFO  impl.RoleInfo (RoleInfo.java:shutdownLeaderElection(134)) - f262dcb5-fcde-4b4d-8116-9712eaf07b60: shutdown LeaderElection
2019-09-12 04:44:01,635 [f262dcb5-fcde-4b4d-8116-9712eaf07b60@group-4108054CE771:LeaderElection17] INFO  impl.RaftServerImpl (RaftServerImpl.java:setRole(174)) - f262dcb5-fcde-4b4d-8116-9712eaf07b60@group-4108054CE771: changes role from CANDIDATE to LEADER at term 2 for changeToLeader
2019-09-12 04:44:01,635 [f262dcb5-fcde-4b4d-8116-9712eaf07b60@group-4108054CE771:LeaderElection17] INFO  impl.RaftServerImpl (ServerState.java:setLeader(253)) - f262dcb5-fcde-4b4d-8116-9712eaf07b60@group-4108054CE771: change Leader from null to f262dcb5-fcde-4b4d-8116-9712eaf07b60 at term 2 for becomeLeader, leader elected after 2545ms
2019-09-12 04:44:01,636 [f262dcb5-fcde-4b4d-8116-9712eaf07b60@group-4108054CE771:LeaderElection17] INFO  server.RaftServerConfigKeys (ConfUtils.java:logGet(43)) - raft.server.staging.catchup.gap = 1000 (default)
2019-09-12 04:44:01,636 [f262dcb5-fcde-4b4d-8116-9712eaf07b60@group-4108054CE771:LeaderElection17] INFO  server.RaftServerConfigKeys (ConfUtils.java:logGet(43)) - raft.server.rpc.sleep.time = 25ms (default)
2019-09-12 04:44:01,636 [f262dcb5-fcde-4b4d-8116-9712eaf07b60@group-4108054CE771:LeaderElection17] INFO  server.RaftServerConfigKeys (ConfUtils.java:logGet(43)) - raft.server.write.element-limit = 4096 (default)
2019-09-12 04:44:01,636 [f262dcb5-fcde-4b4d-8116-9712eaf07b60@group-4108054CE771:LeaderElection17] INFO  server.RaftServerConfigKeys (ConfUtils.java:logGet(43)) - raft.server.watch.timeout = 10s (default)
2019-09-12 04:44:01,637 [f262dcb5-fcde-4b4d-8116-9712eaf07b60@group-4108054CE771:LeaderElection17] INFO  server.RaftServerConfigKeys (ConfUtils.java:logGet(43)) - raft.server.watch.timeout.denomination = 1s (default)
2019-09-12 04:44:01,637 [f262dcb5-fcde-4b4d-8116-9712eaf07b60@group-4108054CE771:LeaderElection17] INFO  server.RaftServerConfigKeys (ConfUtils.java:logGet(43)) - raft.server.watch.element-limit = 65536 (default)
2019-09-12 04:44:01,642 [f262dcb5-fcde-4b4d-8116-9712eaf07b60@group-4108054CE771:LeaderElection17] INFO  server.RaftServerConfigKeys (ConfUtils.java:logGet(43)) - raft.server.log.appender.snapshot.chunk.size.max = 16MB (=16777216) (default)
2019-09-12 04:44:01,643 [f262dcb5-fcde-4b4d-8116-9712eaf07b60@group-4108054CE771:LeaderElection17] INFO  server.RaftServerConfigKeys (ConfUtils.java:logGet(43)) - raft.server.log.appender.buffer.byte-limit = 33554432 (custom)
2019-09-12 04:44:01,643 [f262dcb5-fcde-4b4d-8116-9712eaf07b60@group-4108054CE771:LeaderElection17] INFO  server.RaftServerConfigKeys (ConfUtils.java:logGet(43)) - raft.server.log.appender.buffer.element-limit = 1 (custom)
2019-09-12 04:44:01,647 [f262dcb5-fcde-4b4d-8116-9712eaf07b60@group-4108054CE771:LeaderElection17] INFO  grpc.GrpcConfigKeys$Server (ConfUtils.java:logGet(43)) - raft.grpc.server.leader.outstanding.appends.max = 128 (default)
2019-09-12 04:44:01,658 [f262dcb5-fcde-4b4d-8116-9712eaf07b60@group-4108054CE771:LeaderElection17] INFO  server.RaftServerConfigKeys (ConfUtils.java:logGet(43)) - raft.server.rpc.request.timeout = 3000ms (default)
2019-09-12 04:44:01,658 [f262dcb5-fcde-4b4d-8116-9712eaf07b60@group-4108054CE771:LeaderElection17] INFO  server.RaftServerConfigKeys (ConfUtils.java:logGet(43)) - raft.server.log.appender.install.snapshot.enabled = false (custom)
2019-09-12 04:44:01,659 [f262dcb5-fcde-4b4d-8116-9712eaf07b60@group-4108054CE771:LeaderElection17] INFO  server.RaftServerConfigKeys (ConfUtils.java:logGet(43)) - raft.server.log.appender.snapshot.chunk.size.max = 16MB (=16777216) (default)
2019-09-12 04:44:01,659 [f262dcb5-fcde-4b4d-8116-9712eaf07b60@group-4108054CE771:LeaderElection17] INFO  server.RaftServerConfigKeys (ConfUtils.java:logGet(43)) - raft.server.log.appender.buffer.byte-limit = 33554432 (custom)
2019-09-12 04:44:01,659 [f262dcb5-fcde-4b4d-8116-9712eaf07b60@group-4108054CE771:LeaderElection17] INFO  server.RaftServerConfigKeys (ConfUtils.java:logGet(43)) - raft.server.log.appender.buffer.element-limit = 1 (custom)
2019-09-12 04:44:01,660 [f262dcb5-fcde-4b4d-8116-9712eaf07b60@group-4108054CE771:LeaderElection17] INFO  grpc.GrpcConfigKeys$Server (ConfUtils.java:logGet(43)) - raft.grpc.server.leader.outstanding.appends.max = 128 (default)
2019-09-12 04:44:01,660 [f262dcb5-fcde-4b4d-8116-9712eaf07b60@group-4108054CE771:LeaderElection17] INFO  server.RaftServerConfigKeys (ConfUtils.java:logGet(43)) - raft.server.rpc.request.timeout = 3000ms (default)
2019-09-12 04:44:01,660 [f262dcb5-fcde-4b4d-8116-9712eaf07b60@group-4108054CE771:LeaderElection17] INFO  server.RaftServerConfigKeys (ConfUtils.java:logGet(43)) - raft.server.log.appender.install.snapshot.enabled = false (custom)
2019-09-12 04:44:01,661 [f262dcb5-fcde-4b4d-8116-9712eaf07b60@group-4108054CE771:LeaderElection17] INFO  impl.RoleInfo (RoleInfo.java:updateAndGet(143)) - f262dcb5-fcde-4b4d-8116-9712eaf07b60: start LeaderState
2019-09-12 04:44:01,661 [f262dcb5-fcde-4b4d-8116-9712eaf07b60@group-4108054CE771:LeaderElection17] INFO  segmented.SegmentedRaftLogWorker (SegmentedRaftLogWorker.java:startLogSegment(380)) - f262dcb5-fcde-4b4d-8116-9712eaf07b60@group-4108054CE771-SegmentedRaftLogWorker: Starting segment from index:0
2019-09-12 04:44:01,662 [f262dcb5-fcde-4b4d-8116-9712eaf07b60@group-4108054CE771:LeaderElection17] INFO  impl.RaftServerImpl (ServerState.java:setRaftConf(354)) - f262dcb5-fcde-4b4d-8116-9712eaf07b60@group-4108054CE771: set configuration 0: [dc062215-230a-40c1-88c1-e0a4fdad3ac4:192.168.34.8:46577, f262dcb5-fcde-4b4d-8116-9712eaf07b60:192.168.34.8:45858, 11629c23-30ab-483c-81ff-e86f5fb16847:192.168.34.8:35874], old=null at 0
2019-09-12 04:44:01,701 [Thread-379] INFO  impl.FollowerState (FollowerState.java:run(106)) - cf6464f0-cbf8-4363-9806-263215a09c56:group-5FD8722A3841 changes to CANDIDATE, lastRpcTime:1047, electionTimeout:1046ms
2019-09-12 04:44:01,705 [Thread-380] INFO  impl.FollowerState (FollowerState.java:run(106)) - 4a6209c5-e52c-498b-a70a-f7b5c2b845a9:group-5FD8722A3841 changes to CANDIDATE, lastRpcTime:1051, electionTimeout:1049ms
2019-09-12 04:44:01,705 [Thread-379] INFO  impl.RoleInfo (RoleInfo.java:shutdownFollowerState(121)) - cf6464f0-cbf8-4363-9806-263215a09c56: shutdown FollowerState
2019-09-12 04:44:01,705 [Thread-380] INFO  impl.RoleInfo (RoleInfo.java:shutdownFollowerState(121)) - 4a6209c5-e52c-498b-a70a-f7b5c2b845a9: shutdown FollowerState
2019-09-12 04:44:01,705 [Thread-379] INFO  impl.RaftServerImpl (RaftServerImpl.java:setRole(174)) - cf6464f0-cbf8-4363-9806-263215a09c56@group-5FD8722A3841: changes role from  FOLLOWER to CANDIDATE at term 0 for changeToCandidate
2019-09-12 04:44:01,706 [Thread-380] INFO  impl.RaftServerImpl (RaftServerImpl.java:setRole(174)) - 4a6209c5-e52c-498b-a70a-f7b5c2b845a9@group-5FD8722A3841: changes role from  FOLLOWER to CANDIDATE at term 0 for changeToCandidate
2019-09-12 04:44:01,706 [Thread-379] INFO  impl.RoleInfo (RoleInfo.java:updateAndGet(143)) - cf6464f0-cbf8-4363-9806-263215a09c56: start LeaderElection
2019-09-12 04:44:01,706 [Thread-380] INFO  impl.RoleInfo (RoleInfo.java:updateAndGet(143)) - 4a6209c5-e52c-498b-a70a-f7b5c2b845a9: start LeaderElection
2019-09-12 04:44:01,716 [f262dcb5-fcde-4b4d-8116-9712eaf07b60@group-4108054CE771-SegmentedRaftLogWorker] INFO  segmented.SegmentedRaftLogWorker (SegmentedRaftLogWorker.java:execute(569)) - f262dcb5-fcde-4b4d-8116-9712eaf07b60@group-4108054CE771-SegmentedRaftLogWorker: created new log segment /workdir/hadoop-ozone/integration-test/target/test-dir/MiniOzoneClusterImpl-0727815a-69b9-4555-83e7-340a4888e3ed/datanode-6/data/ratis/9b9520e7-d4bb-49c1-a64e-4108054ce771/current/log_inprogress_0
2019-09-12 04:44:01,736 [Thread-378] INFO  impl.FollowerState (FollowerState.java:run(106)) - eec7f56f-87bd-4e59-a43c-c5b862436b1c:group-F3FC0297FA2D changes to CANDIDATE, lastRpcTime:1203, electionTimeout:1167ms
2019-09-12 04:44:01,736 [Thread-378] INFO  impl.RoleInfo (RoleInfo.java:shutdownFollowerState(121)) - eec7f56f-87bd-4e59-a43c-c5b862436b1c: shutdown FollowerState
2019-09-12 04:44:01,736 [Thread-378] INFO  impl.RaftServerImpl (RaftServerImpl.java:setRole(174)) - eec7f56f-87bd-4e59-a43c-c5b862436b1c@group-F3FC0297FA2D: changes role from  FOLLOWER to CANDIDATE at term 1 for changeToCandidate
2019-09-12 04:44:01,736 [Thread-378] INFO  impl.RoleInfo (RoleInfo.java:updateAndGet(143)) - eec7f56f-87bd-4e59-a43c-c5b862436b1c: start LeaderElection
2019-09-12 04:44:01,742 [grpc-default-executor-3] INFO  impl.RaftServerImpl (ServerState.java:setLeader(253)) - 11629c23-30ab-483c-81ff-e86f5fb16847@group-4108054CE771: change Leader from null to f262dcb5-fcde-4b4d-8116-9712eaf07b60 at term 2 for appendEntries, leader elected after 2654ms
2019-09-12 04:44:01,742 [grpc-default-executor-1] INFO  impl.RaftServerImpl (ServerState.java:setLeader(253)) - dc062215-230a-40c1-88c1-e0a4fdad3ac4@group-4108054CE771: change Leader from null to f262dcb5-fcde-4b4d-8116-9712eaf07b60 at term 2 for appendEntries, leader elected after 2651ms
2019-09-12 04:44:01,752 [cf6464f0-cbf8-4363-9806-263215a09c56@group-5FD8722A3841:LeaderElection18] INFO  impl.LeaderElection (LeaderElection.java:askForVotes(182)) - cf6464f0-cbf8-4363-9806-263215a09c56@group-5FD8722A3841:LeaderElection18: begin an election at term 1 for -1: [5903dc6b-2e4c-43f3-9c86-89f09a7774cd:192.168.34.8:35486, 4a6209c5-e52c-498b-a70a-f7b5c2b845a9:192.168.34.8:40323, cf6464f0-cbf8-4363-9806-263215a09c56:192.168.34.8:33437], old=null
2019-09-12 04:44:01,752 [4a6209c5-e52c-498b-a70a-f7b5c2b845a9@group-5FD8722A3841:LeaderElection19] INFO  impl.LeaderElection (LeaderElection.java:askForVotes(182)) - 4a6209c5-e52c-498b-a70a-f7b5c2b845a9@group-5FD8722A3841:LeaderElection19: begin an election at term 1 for -1: [5903dc6b-2e4c-43f3-9c86-89f09a7774cd:192.168.34.8:35486, 4a6209c5-e52c-498b-a70a-f7b5c2b845a9:192.168.34.8:40323, cf6464f0-cbf8-4363-9806-263215a09c56:192.168.34.8:33437], old=null
2019-09-12 04:44:01,765 [eec7f56f-87bd-4e59-a43c-c5b862436b1c@group-F3FC0297FA2D:LeaderElection20] INFO  impl.LeaderElection (LeaderElection.java:askForVotes(182)) - eec7f56f-87bd-4e59-a43c-c5b862436b1c@group-F3FC0297FA2D:LeaderElection20: begin an election at term 2 for -1: [eec7f56f-87bd-4e59-a43c-c5b862436b1c:192.168.34.8:37396, 6a9b9dd7-7806-4506-bdaf-7a94c8190a08:192.168.34.8:46421, 2534340d-8749-41cd-9451-53923b204706:192.168.34.8:34449], old=null
2019-09-12 04:44:01,767 [Thread-385] INFO  impl.FollowerState (FollowerState.java:run(106)) - 6a9b9dd7-7806-4506-bdaf-7a94c8190a08:group-F3FC0297FA2D changes to CANDIDATE, lastRpcTime:1073, electionTimeout:1070ms
2019-09-12 04:44:01,767 [Thread-385] INFO  impl.RoleInfo (RoleInfo.java:shutdownFollowerState(121)) - 6a9b9dd7-7806-4506-bdaf-7a94c8190a08: shutdown FollowerState
2019-09-12 04:44:01,767 [Thread-385] INFO  impl.RaftServerImpl (RaftServerImpl.java:setRole(174)) - 6a9b9dd7-7806-4506-bdaf-7a94c8190a08@group-F3FC0297FA2D: changes role from  FOLLOWER to CANDIDATE at term 1 for changeToCandidate
2019-09-12 04:44:01,767 [Thread-385] INFO  impl.RoleInfo (RoleInfo.java:updateAndGet(143)) - 6a9b9dd7-7806-4506-bdaf-7a94c8190a08: start LeaderElection
2019-09-12 04:44:01,780 [grpc-default-executor-5] INFO  impl.RaftServerImpl (RaftServerImpl.java:setRole(174)) - 5903dc6b-2e4c-43f3-9c86-89f09a7774cd@group-5FD8722A3841: changes role from  FOLLOWER to FOLLOWER at term 1 for recognizeCandidate:4a6209c5-e52c-498b-a70a-f7b5c2b845a9
2019-09-12 04:44:01,782 [grpc-default-executor-5] INFO  impl.RoleInfo (RoleInfo.java:shutdownFollowerState(121)) - 5903dc6b-2e4c-43f3-9c86-89f09a7774cd: shutdown FollowerState
2019-09-12 04:44:01,782 [grpc-default-executor-5] INFO  impl.RoleInfo (RoleInfo.java:updateAndGet(143)) - 5903dc6b-2e4c-43f3-9c86-89f09a7774cd: start FollowerState
2019-09-12 04:44:01,782 [Thread-381] INFO  impl.FollowerState (FollowerState.java:run(115)) - 5903dc6b-2e4c-43f3-9c86-89f09a7774cd: FollowerState was interrupted: java.lang.InterruptedException: sleep interrupted
2019-09-12 04:44:01,782 [6a9b9dd7-7806-4506-bdaf-7a94c8190a08@group-F3FC0297FA2D:LeaderElection21] INFO  impl.LeaderElection (LeaderElection.java:askForVotes(182)) - 6a9b9dd7-7806-4506-bdaf-7a94c8190a08@group-F3FC0297FA2D:LeaderElection21: begin an election at term 2 for -1: [eec7f56f-87bd-4e59-a43c-c5b862436b1c:192.168.34.8:37396, 6a9b9dd7-7806-4506-bdaf-7a94c8190a08:192.168.34.8:46421, 2534340d-8749-41cd-9451-53923b204706:192.168.34.8:34449], old=null
2019-09-12 04:44:01,802 [grpc-default-executor-6] INFO  impl.RaftServerImpl (RaftServerImpl.java:setRole(174)) - 2534340d-8749-41cd-9451-53923b204706@group-F3FC0297FA2D: changes role from  FOLLOWER to FOLLOWER at term 2 for recognizeCandidate:eec7f56f-87bd-4e59-a43c-c5b862436b1c
2019-09-12 04:44:01,807 [grpc-default-executor-6] INFO  impl.RoleInfo (RoleInfo.java:shutdownFollowerState(121)) - 2534340d-8749-41cd-9451-53923b204706: shutdown FollowerState
2019-09-12 04:44:01,808 [grpc-default-executor-6] INFO  impl.RoleInfo (RoleInfo.java:updateAndGet(143)) - 2534340d-8749-41cd-9451-53923b204706: start FollowerState
2019-09-12 04:44:01,808 [Thread-386] INFO  impl.FollowerState (FollowerState.java:run(115)) - 2534340d-8749-41cd-9451-53923b204706: FollowerState was interrupted: java.lang.InterruptedException: sleep interrupted
2019-09-12 04:44:01,820 [4a6209c5-e52c-498b-a70a-f7b5c2b845a9@group-5FD8722A3841:LeaderElection19] INFO  impl.LeaderElection (LeaderElection.java:logAndReturn(56)) - 4a6209c5-e52c-498b-a70a-f7b5c2b845a9@group-5FD8722A3841:LeaderElection19: Election PASSED; received 2 response(s) [4a6209c5-e52c-498b-a70a-f7b5c2b845a9<-5903dc6b-2e4c-43f3-9c86-89f09a7774cd#0:OK-t1, 4a6209c5-e52c-498b-a70a-f7b5c2b845a9<-cf6464f0-cbf8-4363-9806-263215a09c56#0:FAIL-t1] and 0 exception(s); 4a6209c5-e52c-498b-a70a-f7b5c2b845a9@group-5FD8722A3841:t1, leader=null, voted=4a6209c5-e52c-498b-a70a-f7b5c2b845a9, raftlog=4a6209c5-e52c-498b-a70a-f7b5c2b845a9@group-5FD8722A3841-SegmentedRaftLog:OPENED:c-1,f-1,i0, conf=-1: [5903dc6b-2e4c-43f3-9c86-89f09a7774cd:192.168.34.8:35486, 4a6209c5-e52c-498b-a70a-f7b5c2b845a9:192.168.34.8:40323, cf6464f0-cbf8-4363-9806-263215a09c56:192.168.34.8:33437], old=null
2019-09-12 04:44:01,820 [4a6209c5-e52c-498b-a70a-f7b5c2b845a9@group-5FD8722A3841:LeaderElection19] INFO  impl.RoleInfo (RoleInfo.java:shutdownLeaderElection(134)) - 4a6209c5-e52c-498b-a70a-f7b5c2b845a9: shutdown LeaderElection
2019-09-12 04:44:01,822 [4a6209c5-e52c-498b-a70a-f7b5c2b845a9@group-5FD8722A3841:LeaderElection19] INFO  impl.RaftServerImpl (RaftServerImpl.java:setRole(174)) - 4a6209c5-e52c-498b-a70a-f7b5c2b845a9@group-5FD8722A3841: changes role from CANDIDATE to LEADER at term 1 for changeToLeader
2019-09-12 04:44:01,823 [cf6464f0-cbf8-4363-9806-263215a09c56@group-5FD8722A3841:LeaderElection18] INFO  impl.LeaderElection (LeaderElection.java:logAndReturn(56)) - cf6464f0-cbf8-4363-9806-263215a09c56@group-5FD8722A3841:LeaderElection18: Election REJECTED; received 2 response(s) [cf6464f0-cbf8-4363-9806-263215a09c56<-5903dc6b-2e4c-43f3-9c86-89f09a7774cd#0:FAIL-t1, cf6464f0-cbf8-4363-9806-263215a09c56<-4a6209c5-e52c-498b-a70a-f7b5c2b845a9#0:FAIL-t1] and 0 exception(s); cf6464f0-cbf8-4363-9806-263215a09c56@group-5FD8722A3841:t1, leader=null, voted=cf6464f0-cbf8-4363-9806-263215a09c56, raftlog=cf6464f0-cbf8-4363-9806-263215a09c56@group-5FD8722A3841-SegmentedRaftLog:OPENED:c-1,f-1,i0, conf=-1: [5903dc6b-2e4c-43f3-9c86-89f09a7774cd:192.168.34.8:35486, 4a6209c5-e52c-498b-a70a-f7b5c2b845a9:192.168.34.8:40323, cf6464f0-cbf8-4363-9806-263215a09c56:192.168.34.8:33437], old=null
2019-09-12 04:44:01,823 [4a6209c5-e52c-498b-a70a-f7b5c2b845a9@group-5FD8722A3841:LeaderElection19] INFO  impl.RaftServerImpl (ServerState.java:setLeader(253)) - 4a6209c5-e52c-498b-a70a-f7b5c2b845a9@group-5FD8722A3841: change Leader from null to 4a6209c5-e52c-498b-a70a-f7b5c2b845a9 at term 1 for becomeLeader, leader elected after 2421ms
2019-09-12 04:44:01,825 [cf6464f0-cbf8-4363-9806-263215a09c56@group-5FD8722A3841:LeaderElection18] INFO  impl.RaftServerImpl (RaftServerImpl.java:setRole(174)) - cf6464f0-cbf8-4363-9806-263215a09c56@group-5FD8722A3841: changes role from CANDIDATE to FOLLOWER at term 1 for DISCOVERED_A_NEW_TERM
2019-09-12 04:44:01,827 [4a6209c5-e52c-498b-a70a-f7b5c2b845a9@group-5FD8722A3841:LeaderElection19] INFO  server.RaftServerConfigKeys (ConfUtils.java:logGet(43)) - raft.server.staging.catchup.gap = 1000 (default)
2019-09-12 04:44:01,829 [cf6464f0-cbf8-4363-9806-263215a09c56@group-5FD8722A3841:LeaderElection18] INFO  impl.RoleInfo (RoleInfo.java:shutdownLeaderElection(134)) - cf6464f0-cbf8-4363-9806-263215a09c56: shutdown LeaderElection
2019-09-12 04:44:01,830 [4a6209c5-e52c-498b-a70a-f7b5c2b845a9@group-5FD8722A3841:LeaderElection19] INFO  server.RaftServerConfigKeys (ConfUtils.java:logGet(43)) - raft.server.rpc.sleep.time = 25ms (default)
2019-09-12 04:44:01,830 [cf6464f0-cbf8-4363-9806-263215a09c56@group-5FD8722A3841:LeaderElection18] INFO  impl.RoleInfo (RoleInfo.java:updateAndGet(143)) - cf6464f0-cbf8-4363-9806-263215a09c56: start FollowerState
2019-09-12 04:44:01,830 [4a6209c5-e52c-498b-a70a-f7b5c2b845a9@group-5FD8722A3841:LeaderElection19] INFO  server.RaftServerConfigKeys (ConfUtils.java:logGet(43)) - raft.server.write.element-limit = 4096 (default)
2019-09-12 04:44:01,832 [4a6209c5-e52c-498b-a70a-f7b5c2b845a9@group-5FD8722A3841:LeaderElection19] INFO  server.RaftServerConfigKeys (ConfUtils.java:logGet(43)) - raft.server.watch.timeout = 10s (default)
2019-09-12 04:44:01,832 [4a6209c5-e52c-498b-a70a-f7b5c2b845a9@group-5FD8722A3841:LeaderElection19] INFO  server.RaftServerConfigKeys (ConfUtils.java:logGet(43)) - raft.server.watch.timeout.denomination = 1s (default)
2019-09-12 04:44:01,833 [4a6209c5-e52c-498b-a70a-f7b5c2b845a9@group-5FD8722A3841:LeaderElection19] INFO  server.RaftServerConfigKeys (ConfUtils.java:logGet(43)) - raft.server.watch.element-limit = 65536 (default)
2019-09-12 04:44:01,833 [6a9b9dd7-7806-4506-bdaf-7a94c8190a08@group-F3FC0297FA2D:LeaderElection21] INFO  impl.LeaderElection (LeaderElection.java:logAndReturn(56)) - 6a9b9dd7-7806-4506-bdaf-7a94c8190a08@group-F3FC0297FA2D:LeaderElection21: Election REJECTED; received 2 response(s) [6a9b9dd7-7806-4506-bdaf-7a94c8190a08<-eec7f56f-87bd-4e59-a43c-c5b862436b1c#0:FAIL-t2, 6a9b9dd7-7806-4506-bdaf-7a94c8190a08<-2534340d-8749-41cd-9451-53923b204706#0:FAIL-t2] and 0 exception(s); 6a9b9dd7-7806-4506-bdaf-7a94c8190a08@group-F3FC0297FA2D:t2, leader=null, voted=6a9b9dd7-7806-4506-bdaf-7a94c8190a08, raftlog=6a9b9dd7-7806-4506-bdaf-7a94c8190a08@group-F3FC0297FA2D-SegmentedRaftLog:OPENED:c-1,f-1,i0, conf=-1: [eec7f56f-87bd-4e59-a43c-c5b862436b1c:192.168.34.8:37396, 6a9b9dd7-7806-4506-bdaf-7a94c8190a08:192.168.34.8:46421, 2534340d-8749-41cd-9451-53923b204706:192.168.34.8:34449], old=null
2019-09-12 04:44:01,833 [eec7f56f-87bd-4e59-a43c-c5b862436b1c@group-F3FC0297FA2D:LeaderElection20] INFO  impl.LeaderElection (LeaderElection.java:logAndReturn(56)) - eec7f56f-87bd-4e59-a43c-c5b862436b1c@group-F3FC0297FA2D:LeaderElection20: Election PASSED; received 2 response(s) [eec7f56f-87bd-4e59-a43c-c5b862436b1c<-6a9b9dd7-7806-4506-bdaf-7a94c8190a08#0:FAIL-t2, eec7f56f-87bd-4e59-a43c-c5b862436b1c<-2534340d-8749-41cd-9451-53923b204706#0:OK-t2] and 0 exception(s); eec7f56f-87bd-4e59-a43c-c5b862436b1c@group-F3FC0297FA2D:t2, leader=null, voted=eec7f56f-87bd-4e59-a43c-c5b862436b1c, raftlog=eec7f56f-87bd-4e59-a43c-c5b862436b1c@group-F3FC0297FA2D-SegmentedRaftLog:OPENED:c-1,f-1,i0, conf=-1: [eec7f56f-87bd-4e59-a43c-c5b862436b1c:192.168.34.8:37396, 6a9b9dd7-7806-4506-bdaf-7a94c8190a08:192.168.34.8:46421, 2534340d-8749-41cd-9451-53923b204706:192.168.34.8:34449], old=null
2019-09-12 04:44:01,833 [6a9b9dd7-7806-4506-bdaf-7a94c8190a08@group-F3FC0297FA2D:LeaderElection21] INFO  impl.RaftServerImpl (RaftServerImpl.java:setRole(174)) - 6a9b9dd7-7806-4506-bdaf-7a94c8190a08@group-F3FC0297FA2D: changes role from CANDIDATE to FOLLOWER at term 2 for DISCOVERED_A_NEW_TERM
2019-09-12 04:44:01,838 [6a9b9dd7-7806-4506-bdaf-7a94c8190a08@group-F3FC0297FA2D:LeaderElection21] INFO  impl.RoleInfo (RoleInfo.java:shutdownLeaderElection(134)) - 6a9b9dd7-7806-4506-bdaf-7a94c8190a08: shutdown LeaderElection
2019-09-12 04:44:01,838 [6a9b9dd7-7806-4506-bdaf-7a94c8190a08@group-F3FC0297FA2D:LeaderElection21] INFO  impl.RoleInfo (RoleInfo.java:updateAndGet(143)) - 6a9b9dd7-7806-4506-bdaf-7a94c8190a08: start FollowerState
2019-09-12 04:44:01,838 [eec7f56f-87bd-4e59-a43c-c5b862436b1c@group-F3FC0297FA2D:LeaderElection20] INFO  impl.RoleInfo (RoleInfo.java:shutdownLeaderElection(134)) - eec7f56f-87bd-4e59-a43c-c5b862436b1c: shutdown LeaderElection
2019-09-12 04:44:01,843 [grpc-default-executor-5] INFO  impl.RaftServerImpl (ServerState.java:setRaftConf(354)) - 11629c23-30ab-483c-81ff-e86f5fb16847@group-4108054CE771: set configuration 0: [dc062215-230a-40c1-88c1-e0a4fdad3ac4:192.168.34.8:46577, f262dcb5-fcde-4b4d-8116-9712eaf07b60:192.168.34.8:45858, 11629c23-30ab-483c-81ff-e86f5fb16847:192.168.34.8:35874], old=null at 0
2019-09-12 04:44:01,843 [eec7f56f-87bd-4e59-a43c-c5b862436b1c@group-F3FC0297FA2D:LeaderElection20] INFO  impl.RaftServerImpl (RaftServerImpl.java:setRole(174)) - eec7f56f-87bd-4e59-a43c-c5b862436b1c@group-F3FC0297FA2D: changes role from CANDIDATE to LEADER at term 2 for changeToLeader
2019-09-12 04:44:01,843 [grpc-default-executor-0] INFO  impl.RaftServerImpl (ServerState.java:setRaftConf(354)) - dc062215-230a-40c1-88c1-e0a4fdad3ac4@group-4108054CE771: set configuration 0: [dc062215-230a-40c1-88c1-e0a4fdad3ac4:192.168.34.8:46577, f262dcb5-fcde-4b4d-8116-9712eaf07b60:192.168.34.8:45858, 11629c23-30ab-483c-81ff-e86f5fb16847:192.168.34.8:35874], old=null at 0
2019-09-12 04:44:01,852 [eec7f56f-87bd-4e59-a43c-c5b862436b1c@group-F3FC0297FA2D:LeaderElection20] INFO  impl.RaftServerImpl (ServerState.java:setLeader(253)) - eec7f56f-87bd-4e59-a43c-c5b862436b1c@group-F3FC0297FA2D: change Leader from null to eec7f56f-87bd-4e59-a43c-c5b862436b1c at term 2 for becomeLeader, leader elected after 2601ms
2019-09-12 04:44:01,852 [grpc-default-executor-5] INFO  segmented.SegmentedRaftLogWorker (SegmentedRaftLogWorker.java:startLogSegment(380)) - 11629c23-30ab-483c-81ff-e86f5fb16847@group-4108054CE771-SegmentedRaftLogWorker: Starting segment from index:0
2019-09-12 04:44:01,853 [eec7f56f-87bd-4e59-a43c-c5b862436b1c@group-F3FC0297FA2D:LeaderElection20] INFO  server.RaftServerConfigKeys (ConfUtils.java:logGet(43)) - raft.server.staging.catchup.gap = 1000 (default)
2019-09-12 04:44:01,853 [grpc-default-executor-0] INFO  segmented.SegmentedRaftLogWorker (SegmentedRaftLogWorker.java:startLogSegment(380)) - dc062215-230a-40c1-88c1-e0a4fdad3ac4@group-4108054CE771-SegmentedRaftLogWorker: Starting segment from index:0
2019-09-12 04:44:01,853 [eec7f56f-87bd-4e59-a43c-c5b862436b1c@group-F3FC0297FA2D:LeaderElection20] INFO  server.RaftServerConfigKeys (ConfUtils.java:logGet(43)) - raft.server.rpc.sleep.time = 25ms (default)
2019-09-12 04:44:01,854 [eec7f56f-87bd-4e59-a43c-c5b862436b1c@group-F3FC0297FA2D:LeaderElection20] INFO  server.RaftServerConfigKeys (ConfUtils.java:logGet(43)) - raft.server.write.element-limit = 4096 (default)
2019-09-12 04:44:01,854 [4a6209c5-e52c-498b-a70a-f7b5c2b845a9@group-5FD8722A3841:LeaderElection19] INFO  server.RaftServerConfigKeys (ConfUtils.java:logGet(43)) - raft.server.log.appender.snapshot.chunk.size.max = 16MB (=16777216) (default)
2019-09-12 04:44:01,854 [eec7f56f-87bd-4e59-a43c-c5b862436b1c@group-F3FC0297FA2D:LeaderElection20] INFO  server.RaftServerConfigKeys (ConfUtils.java:logGet(43)) - raft.server.watch.timeout = 10s (default)
2019-09-12 04:44:01,854 [4a6209c5-e52c-498b-a70a-f7b5c2b845a9@group-5FD8722A3841:LeaderElection19] INFO  server.RaftServerConfigKeys (ConfUtils.java:logGet(43)) - raft.server.log.appender.buffer.byte-limit = 33554432 (custom)
2019-09-12 04:44:01,854 [eec7f56f-87bd-4e59-a43c-c5b862436b1c@group-F3FC0297FA2D:LeaderElection20] INFO  server.RaftServerConfigKeys (ConfUtils.java:logGet(43)) - raft.server.watch.timeout.denomination = 1s (default)
2019-09-12 04:44:01,854 [4a6209c5-e52c-498b-a70a-f7b5c2b845a9@group-5FD8722A3841:LeaderElection19] INFO  server.RaftServerConfigKeys (ConfUtils.java:logGet(43)) - raft.server.log.appender.buffer.element-limit = 1 (custom)
2019-09-12 04:44:01,854 [eec7f56f-87bd-4e59-a43c-c5b862436b1c@group-F3FC0297FA2D:LeaderElection20] INFO  server.RaftServerConfigKeys (ConfUtils.java:logGet(43)) - raft.server.watch.element-limit = 65536 (default)
2019-09-12 04:44:01,855 [4a6209c5-e52c-498b-a70a-f7b5c2b845a9@group-5FD8722A3841:LeaderElection19] INFO  grpc.GrpcConfigKeys$Server (ConfUtils.java:logGet(43)) - raft.grpc.server.leader.outstanding.appends.max = 128 (default)
2019-09-12 04:44:01,883 [4a6209c5-e52c-498b-a70a-f7b5c2b845a9@group-5FD8722A3841:LeaderElection19] INFO  server.RaftServerConfigKeys (ConfUtils.java:logGet(43)) - raft.server.rpc.request.timeout = 3000ms (default)
2019-09-12 04:44:01,884 [4a6209c5-e52c-498b-a70a-f7b5c2b845a9@group-5FD8722A3841:LeaderElection19] INFO  server.RaftServerConfigKeys (ConfUtils.java:logGet(43)) - raft.server.log.appender.install.snapshot.enabled = false (custom)
2019-09-12 04:44:01,884 [4a6209c5-e52c-498b-a70a-f7b5c2b845a9@group-5FD8722A3841:LeaderElection19] INFO  server.RaftServerConfigKeys (ConfUtils.java:logGet(43)) - raft.server.log.appender.snapshot.chunk.size.max = 16MB (=16777216) (default)
2019-09-12 04:44:01,884 [4a6209c5-e52c-498b-a70a-f7b5c2b845a9@group-5FD8722A3841:LeaderElection19] INFO  server.RaftServerConfigKeys (ConfUtils.java:logGet(43)) - raft.server.log.appender.buffer.byte-limit = 33554432 (custom)
2019-09-12 04:44:01,884 [4a6209c5-e52c-498b-a70a-f7b5c2b845a9@group-5FD8722A3841:LeaderElection19] INFO  server.RaftServerConfigKeys (ConfUtils.java:logGet(43)) - raft.server.log.appender.buffer.element-limit = 1 (custom)
2019-09-12 04:44:01,885 [4a6209c5-e52c-498b-a70a-f7b5c2b845a9@group-5FD8722A3841:LeaderElection19] INFO  grpc.GrpcConfigKeys$Server (ConfUtils.java:logGet(43)) - raft.grpc.server.leader.outstanding.appends.max = 128 (default)
2019-09-12 04:44:01,885 [4a6209c5-e52c-498b-a70a-f7b5c2b845a9@group-5FD8722A3841:LeaderElection19] INFO  server.RaftServerConfigKeys (ConfUtils.java:logGet(43)) - raft.server.rpc.request.timeout = 3000ms (default)
2019-09-12 04:44:01,885 [4a6209c5-e52c-498b-a70a-f7b5c2b845a9@group-5FD8722A3841:LeaderElection19] INFO  server.RaftServerConfigKeys (ConfUtils.java:logGet(43)) - raft.server.log.appender.install.snapshot.enabled = false (custom)
2019-09-12 04:44:01,886 [4a6209c5-e52c-498b-a70a-f7b5c2b845a9@group-5FD8722A3841:LeaderElection19] INFO  impl.RoleInfo (RoleInfo.java:updateAndGet(143)) - 4a6209c5-e52c-498b-a70a-f7b5c2b845a9: start LeaderState
2019-09-12 04:44:01,886 [eec7f56f-87bd-4e59-a43c-c5b862436b1c@group-F3FC0297FA2D:LeaderElection20] INFO  server.RaftServerConfigKeys (ConfUtils.java:logGet(43)) - raft.server.log.appender.snapshot.chunk.size.max = 16MB (=16777216) (default)
2019-09-12 04:44:01,886 [4a6209c5-e52c-498b-a70a-f7b5c2b845a9@group-5FD8722A3841:LeaderElection19] INFO  segmented.SegmentedRaftLogWorker (SegmentedRaftLogWorker.java:startLogSegment(380)) - 4a6209c5-e52c-498b-a70a-f7b5c2b845a9@group-5FD8722A3841-SegmentedRaftLogWorker: Starting segment from index:0
2019-09-12 04:44:01,886 [eec7f56f-87bd-4e59-a43c-c5b862436b1c@group-F3FC0297FA2D:LeaderElection20] INFO  server.RaftServerConfigKeys (ConfUtils.java:logGet(43)) - raft.server.log.appender.buffer.byte-limit = 33554432 (custom)
2019-09-12 04:44:01,886 [eec7f56f-87bd-4e59-a43c-c5b862436b1c@group-F3FC0297FA2D:LeaderElection20] INFO  server.RaftServerConfigKeys (ConfUtils.java:logGet(43)) - raft.server.log.appender.buffer.element-limit = 1 (custom)
2019-09-12 04:44:01,887 [eec7f56f-87bd-4e59-a43c-c5b862436b1c@group-F3FC0297FA2D:LeaderElection20] INFO  grpc.GrpcConfigKeys$Server (ConfUtils.java:logGet(43)) - raft.grpc.server.leader.outstanding.appends.max = 128 (default)
2019-09-12 04:44:01,887 [eec7f56f-87bd-4e59-a43c-c5b862436b1c@group-F3FC0297FA2D:LeaderElection20] INFO  server.RaftServerConfigKeys (ConfUtils.java:logGet(43)) - raft.server.rpc.request.timeout = 3000ms (default)
2019-09-12 04:44:01,887 [4a6209c5-e52c-498b-a70a-f7b5c2b845a9@group-5FD8722A3841:LeaderElection19] INFO  impl.RaftServerImpl (ServerState.java:setRaftConf(354)) - 4a6209c5-e52c-498b-a70a-f7b5c2b845a9@group-5FD8722A3841: set configuration 0: [5903dc6b-2e4c-43f3-9c86-89f09a7774cd:192.168.34.8:35486, 4a6209c5-e52c-498b-a70a-f7b5c2b845a9:192.168.34.8:40323, cf6464f0-cbf8-4363-9806-263215a09c56:192.168.34.8:33437], old=null at 0
2019-09-12 04:44:01,887 [eec7f56f-87bd-4e59-a43c-c5b862436b1c@group-F3FC0297FA2D:LeaderElection20] INFO  server.RaftServerConfigKeys (ConfUtils.java:logGet(43)) - raft.server.log.appender.install.snapshot.enabled = false (custom)
2019-09-12 04:44:01,924 [11629c23-30ab-483c-81ff-e86f5fb16847@group-4108054CE771-SegmentedRaftLogWorker] INFO  segmented.SegmentedRaftLogWorker (SegmentedRaftLogWorker.java:execute(569)) - 11629c23-30ab-483c-81ff-e86f5fb16847@group-4108054CE771-SegmentedRaftLogWorker: created new log segment /workdir/hadoop-ozone/integration-test/target/test-dir/MiniOzoneClusterImpl-0727815a-69b9-4555-83e7-340a4888e3ed/datanode-8/data/ratis/9b9520e7-d4bb-49c1-a64e-4108054ce771/current/log_inprogress_0
2019-09-12 04:44:01,924 [dc062215-230a-40c1-88c1-e0a4fdad3ac4@group-4108054CE771-SegmentedRaftLogWorker] INFO  segmented.SegmentedRaftLogWorker (SegmentedRaftLogWorker.java:execute(569)) - dc062215-230a-40c1-88c1-e0a4fdad3ac4@group-4108054CE771-SegmentedRaftLogWorker: created new log segment /workdir/hadoop-ozone/integration-test/target/test-dir/MiniOzoneClusterImpl-0727815a-69b9-4555-83e7-340a4888e3ed/datanode-3/data/ratis/9b9520e7-d4bb-49c1-a64e-4108054ce771/current/log_inprogress_0
2019-09-12 04:44:01,925 [eec7f56f-87bd-4e59-a43c-c5b862436b1c@group-F3FC0297FA2D:LeaderElection20] INFO  server.RaftServerConfigKeys (ConfUtils.java:logGet(43)) - raft.server.log.appender.snapshot.chunk.size.max = 16MB (=16777216) (default)
2019-09-12 04:44:01,925 [eec7f56f-87bd-4e59-a43c-c5b862436b1c@group-F3FC0297FA2D:LeaderElection20] INFO  server.RaftServerConfigKeys (ConfUtils.java:logGet(43)) - raft.server.log.appender.buffer.byte-limit = 33554432 (custom)
2019-09-12 04:44:01,925 [eec7f56f-87bd-4e59-a43c-c5b862436b1c@group-F3FC0297FA2D:LeaderElection20] INFO  server.RaftServerConfigKeys (ConfUtils.java:logGet(43)) - raft.server.log.appender.buffer.element-limit = 1 (custom)
2019-09-12 04:44:01,926 [eec7f56f-87bd-4e59-a43c-c5b862436b1c@group-F3FC0297FA2D:LeaderElection20] INFO  grpc.GrpcConfigKeys$Server (ConfUtils.java:logGet(43)) - raft.grpc.server.leader.outstanding.appends.max = 128 (default)
2019-09-12 04:44:01,926 [eec7f56f-87bd-4e59-a43c-c5b862436b1c@group-F3FC0297FA2D:LeaderElection20] INFO  server.RaftServerConfigKeys (ConfUtils.java:logGet(43)) - raft.server.rpc.request.timeout = 3000ms (default)
2019-09-12 04:44:01,926 [eec7f56f-87bd-4e59-a43c-c5b862436b1c@group-F3FC0297FA2D:LeaderElection20] INFO  server.RaftServerConfigKeys (ConfUtils.java:logGet(43)) - raft.server.log.appender.install.snapshot.enabled = false (custom)
2019-09-12 04:44:01,927 [eec7f56f-87bd-4e59-a43c-c5b862436b1c@group-F3FC0297FA2D:LeaderElection20] INFO  impl.RoleInfo (RoleInfo.java:updateAndGet(143)) - eec7f56f-87bd-4e59-a43c-c5b862436b1c: start LeaderState
2019-09-12 04:44:01,927 [eec7f56f-87bd-4e59-a43c-c5b862436b1c@group-F3FC0297FA2D:LeaderElection20] INFO  segmented.SegmentedRaftLogWorker (SegmentedRaftLogWorker.java:startLogSegment(380)) - eec7f56f-87bd-4e59-a43c-c5b862436b1c@group-F3FC0297FA2D-SegmentedRaftLogWorker: Starting segment from index:0
2019-09-12 04:44:01,928 [grpc-default-executor-5] INFO  impl.RaftServerImpl (ServerState.java:setLeader(253)) - cf6464f0-cbf8-4363-9806-263215a09c56@group-5FD8722A3841: change Leader from null to 4a6209c5-e52c-498b-a70a-f7b5c2b845a9 at term 1 for appendEntries, leader elected after 2526ms
2019-09-12 04:44:01,928 [grpc-default-executor-0] INFO  impl.RaftServerImpl (ServerState.java:setLeader(253)) - 5903dc6b-2e4c-43f3-9c86-89f09a7774cd@group-5FD8722A3841: change Leader from null to 4a6209c5-e52c-498b-a70a-f7b5c2b845a9 at term 1 for appendEntries, leader elected after 2525ms
2019-09-12 04:44:01,928 [eec7f56f-87bd-4e59-a43c-c5b862436b1c@group-F3FC0297FA2D:LeaderElection20] INFO  impl.RaftServerImpl (ServerState.java:setRaftConf(354)) - eec7f56f-87bd-4e59-a43c-c5b862436b1c@group-F3FC0297FA2D: set configuration 0: [eec7f56f-87bd-4e59-a43c-c5b862436b1c:192.168.34.8:37396, 6a9b9dd7-7806-4506-bdaf-7a94c8190a08:192.168.34.8:46421, 2534340d-8749-41cd-9451-53923b204706:192.168.34.8:34449], old=null at 0
2019-09-12 04:44:01,957 [4a6209c5-e52c-498b-a70a-f7b5c2b845a9@group-5FD8722A3841-SegmentedRaftLogWorker] INFO  segmented.SegmentedRaftLogWorker (SegmentedRaftLogWorker.java:execute(569)) - 4a6209c5-e52c-498b-a70a-f7b5c2b845a9@group-5FD8722A3841-SegmentedRaftLogWorker: created new log segment /workdir/hadoop-ozone/integration-test/target/test-dir/MiniOzoneClusterImpl-0727815a-69b9-4555-83e7-340a4888e3ed/datanode-1/data/ratis/5d771cb8-bc9c-4de1-9b29-5fd8722a3841/current/log_inprogress_0
2019-09-12 04:44:01,960 [grpc-default-executor-0] INFO  impl.RaftServerImpl (ServerState.java:setLeader(253)) - 2534340d-8749-41cd-9451-53923b204706@group-F3FC0297FA2D: change Leader from null to eec7f56f-87bd-4e59-a43c-c5b862436b1c at term 2 for appendEntries, leader elected after 2708ms
2019-09-12 04:44:01,960 [grpc-default-executor-5] INFO  impl.RaftServerImpl (ServerState.java:setLeader(253)) - 6a9b9dd7-7806-4506-bdaf-7a94c8190a08@group-F3FC0297FA2D: change Leader from null to eec7f56f-87bd-4e59-a43c-c5b862436b1c at term 2 for appendEntries, leader elected after 2709ms
2019-09-12 04:44:01,962 [grpc-default-executor-5] INFO  impl.RaftServerImpl (ServerState.java:setRaftConf(354)) - cf6464f0-cbf8-4363-9806-263215a09c56@group-5FD8722A3841: set configuration 0: [5903dc6b-2e4c-43f3-9c86-89f09a7774cd:192.168.34.8:35486, 4a6209c5-e52c-498b-a70a-f7b5c2b845a9:192.168.34.8:40323, cf6464f0-cbf8-4363-9806-263215a09c56:192.168.34.8:33437], old=null at 0
2019-09-12 04:44:01,962 [grpc-default-executor-5] INFO  segmented.SegmentedRaftLogWorker (SegmentedRaftLogWorker.java:startLogSegment(380)) - cf6464f0-cbf8-4363-9806-263215a09c56@group-5FD8722A3841-SegmentedRaftLogWorker: Starting segment from index:0
2019-09-12 04:44:01,962 [grpc-default-executor-6] INFO  impl.RaftServerImpl (ServerState.java:setRaftConf(354)) - 5903dc6b-2e4c-43f3-9c86-89f09a7774cd@group-5FD8722A3841: set configuration 0: [5903dc6b-2e4c-43f3-9c86-89f09a7774cd:192.168.34.8:35486, 4a6209c5-e52c-498b-a70a-f7b5c2b845a9:192.168.34.8:40323, cf6464f0-cbf8-4363-9806-263215a09c56:192.168.34.8:33437], old=null at 0
2019-09-12 04:44:01,962 [grpc-default-executor-6] INFO  segmented.SegmentedRaftLogWorker (SegmentedRaftLogWorker.java:startLogSegment(380)) - 5903dc6b-2e4c-43f3-9c86-89f09a7774cd@group-5FD8722A3841-SegmentedRaftLogWorker: Starting segment from index:0
2019-09-12 04:44:01,964 [grpc-default-executor-6] INFO  impl.RaftServerImpl (ServerState.java:setRaftConf(354)) - 2534340d-8749-41cd-9451-53923b204706@group-F3FC0297FA2D: set configuration 0: [eec7f56f-87bd-4e59-a43c-c5b862436b1c:192.168.34.8:37396, 6a9b9dd7-7806-4506-bdaf-7a94c8190a08:192.168.34.8:46421, 2534340d-8749-41cd-9451-53923b204706:192.168.34.8:34449], old=null at 0
2019-09-12 04:44:01,964 [grpc-default-executor-6] INFO  segmented.SegmentedRaftLogWorker (SegmentedRaftLogWorker.java:startLogSegment(380)) - 2534340d-8749-41cd-9451-53923b204706@group-F3FC0297FA2D-SegmentedRaftLogWorker: Starting segment from index:0
2019-09-12 04:44:01,965 [grpc-default-executor-0] INFO  impl.RaftServerImpl (ServerState.java:setRaftConf(354)) - 6a9b9dd7-7806-4506-bdaf-7a94c8190a08@group-F3FC0297FA2D: set configuration 0: [eec7f56f-87bd-4e59-a43c-c5b862436b1c:192.168.34.8:37396, 6a9b9dd7-7806-4506-bdaf-7a94c8190a08:192.168.34.8:46421, 2534340d-8749-41cd-9451-53923b204706:192.168.34.8:34449], old=null at 0
2019-09-12 04:44:01,965 [grpc-default-executor-0] INFO  segmented.SegmentedRaftLogWorker (SegmentedRaftLogWorker.java:startLogSegment(380)) - 6a9b9dd7-7806-4506-bdaf-7a94c8190a08@group-F3FC0297FA2D-SegmentedRaftLogWorker: Starting segment from index:0
2019-09-12 04:44:01,982 [eec7f56f-87bd-4e59-a43c-c5b862436b1c@group-F3FC0297FA2D-SegmentedRaftLogWorker] INFO  segmented.SegmentedRaftLogWorker (SegmentedRaftLogWorker.java:execute(569)) - eec7f56f-87bd-4e59-a43c-c5b862436b1c@group-F3FC0297FA2D-SegmentedRaftLogWorker: created new log segment /workdir/hadoop-ozone/integration-test/target/test-dir/MiniOzoneClusterImpl-0727815a-69b9-4555-83e7-340a4888e3ed/datanode-7/data/ratis/bddb4342-453a-4bb7-bb26-f3fc0297fa2d/current/log_inprogress_0
2019-09-12 04:44:01,995 [6a9b9dd7-7806-4506-bdaf-7a94c8190a08@group-F3FC0297FA2D-SegmentedRaftLogWorker] INFO  segmented.SegmentedRaftLogWorker (SegmentedRaftLogWorker.java:execute(569)) - 6a9b9dd7-7806-4506-bdaf-7a94c8190a08@group-F3FC0297FA2D-SegmentedRaftLogWorker: created new log segment /workdir/hadoop-ozone/integration-test/target/test-dir/MiniOzoneClusterImpl-0727815a-69b9-4555-83e7-340a4888e3ed/datanode-0/data/ratis/bddb4342-453a-4bb7-bb26-f3fc0297fa2d/current/log_inprogress_0
2019-09-12 04:44:02,008 [5903dc6b-2e4c-43f3-9c86-89f09a7774cd@group-5FD8722A3841-SegmentedRaftLogWorker] INFO  segmented.SegmentedRaftLogWorker (SegmentedRaftLogWorker.java:execute(569)) - 5903dc6b-2e4c-43f3-9c86-89f09a7774cd@group-5FD8722A3841-SegmentedRaftLogWorker: created new log segment /workdir/hadoop-ozone/integration-test/target/test-dir/MiniOzoneClusterImpl-0727815a-69b9-4555-83e7-340a4888e3ed/datanode-5/data/ratis/5d771cb8-bc9c-4de1-9b29-5fd8722a3841/current/log_inprogress_0
2019-09-12 04:44:02,008 [2534340d-8749-41cd-9451-53923b204706@group-F3FC0297FA2D-SegmentedRaftLogWorker] INFO  segmented.SegmentedRaftLogWorker (SegmentedRaftLogWorker.java:execute(569)) - 2534340d-8749-41cd-9451-53923b204706@group-F3FC0297FA2D-SegmentedRaftLogWorker: created new log segment /workdir/hadoop-ozone/integration-test/target/test-dir/MiniOzoneClusterImpl-0727815a-69b9-4555-83e7-340a4888e3ed/datanode-9/data/ratis/bddb4342-453a-4bb7-bb26-f3fc0297fa2d/current/log_inprogress_0
2019-09-12 04:44:02,008 [cf6464f0-cbf8-4363-9806-263215a09c56@group-5FD8722A3841-SegmentedRaftLogWorker] INFO  segmented.SegmentedRaftLogWorker (SegmentedRaftLogWorker.java:execute(569)) - cf6464f0-cbf8-4363-9806-263215a09c56@group-5FD8722A3841-SegmentedRaftLogWorker: created new log segment /workdir/hadoop-ozone/integration-test/target/test-dir/MiniOzoneClusterImpl-0727815a-69b9-4555-83e7-340a4888e3ed/datanode-4/data/ratis/5d771cb8-bc9c-4de1-9b29-5fd8722a3841/current/log_inprogress_0
2019-09-12 04:44:02,258 [grpc-default-executor-6] INFO  client.GrpcClientProtocolClient (GrpcClientProtocolClient.java:onNext(264)) - client-7852974D6869->dc062215-230a-40c1-88c1-e0a4fdad3ac4: receive RaftClientReply:client-7852974D6869->dc062215-230a-40c1-88c1-e0a4fdad3ac4@group-4108054CE771, cid=19, FAILED org.apache.ratis.protocol.NotLeaderException: Server dc062215-230a-40c1-88c1-e0a4fdad3ac4@group-4108054CE771 is not the leader f262dcb5-fcde-4b4d-8116-9712eaf07b60:192.168.34.8:45858, logIndex=0, commits[dc062215-230a-40c1-88c1-e0a4fdad3ac4:c0, f262dcb5-fcde-4b4d-8116-9712eaf07b60:c0, 11629c23-30ab-483c-81ff-e86f5fb16847:c-1]
2019-09-12 04:44:02,600 [grpc-default-executor-0] INFO  client.GrpcClientProtocolClient (GrpcClientProtocolClient.java:onNext(264)) - client-7852974D6869->f262dcb5-fcde-4b4d-8116-9712eaf07b60: receive RaftClientReply:client-7852974D6869->f262dcb5-fcde-4b4d-8116-9712eaf07b60@group-4108054CE771, cid=19, SUCCESS, logIndex=1, commits[f262dcb5-fcde-4b4d-8116-9712eaf07b60:c2, dc062215-230a-40c1-88c1-e0a4fdad3ac4:c1, 11629c23-30ab-483c-81ff-e86f5fb16847:c1]
2019-09-12 04:44:02,717 [grpc-default-executor-0] INFO  client.GrpcClientProtocolClient (GrpcClientProtocolClient.java:onNext(264)) - client-7852974D6869->f262dcb5-fcde-4b4d-8116-9712eaf07b60: receive RaftClientReply:client-7852974D6869->f262dcb5-fcde-4b4d-8116-9712eaf07b60@group-4108054CE771, cid=20, SUCCESS, logIndex=3, commits[f262dcb5-fcde-4b4d-8116-9712eaf07b60:c8, dc062215-230a-40c1-88c1-e0a4fdad3ac4:c6, 11629c23-30ab-483c-81ff-e86f5fb16847:c5]
2019-09-12 04:44:02,721 [grpc-default-executor-0] INFO  client.GrpcClientProtocolClient (GrpcClientProtocolClient.java:onNext(264)) - client-7852974D6869->f262dcb5-fcde-4b4d-8116-9712eaf07b60: receive RaftClientReply:client-7852974D6869->f262dcb5-fcde-4b4d-8116-9712eaf07b60@group-4108054CE771, cid=21, SUCCESS, logIndex=4, commits[f262dcb5-fcde-4b4d-8116-9712eaf07b60:c8, dc062215-230a-40c1-88c1-e0a4fdad3ac4:c6, 11629c23-30ab-483c-81ff-e86f5fb16847:c5]
2019-09-12 04:44:02,822 [grpc-default-executor-0] INFO  client.GrpcClientProtocolClient (GrpcClientProtocolClient.java:onNext(264)) - client-7852974D6869->f262dcb5-fcde-4b4d-8116-9712eaf07b60: receive RaftClientReply:client-7852974D6869->f262dcb5-fcde-4b4d-8116-9712eaf07b60@group-4108054CE771, cid=22, SUCCESS, logIndex=5, commits[f262dcb5-fcde-4b4d-8116-9712eaf07b60:c8, dc062215-230a-40c1-88c1-e0a4fdad3ac4:c6, 11629c23-30ab-483c-81ff-e86f5fb16847:c5]
2019-09-12 04:44:02,873 [grpc-default-executor-0] INFO  client.GrpcClientProtocolClient (GrpcClientProtocolClient.java:onNext(264)) - client-7852974D6869->f262dcb5-fcde-4b4d-8116-9712eaf07b60: receive RaftClientReply:client-7852974D6869->f262dcb5-fcde-4b4d-8116-9712eaf07b60@group-4108054CE771, cid=23, SUCCESS, logIndex=9, commits[f262dcb5-fcde-4b4d-8116-9712eaf07b60:c10, dc062215-230a-40c1-88c1-e0a4fdad3ac4:c6, 11629c23-30ab-483c-81ff-e86f5fb16847:c8]
2019-09-12 04:44:02,874 [grpc-default-executor-0] INFO  client.GrpcClientProtocolClient (GrpcClientProtocolClient.java:onNext(264)) - client-7852974D6869->f262dcb5-fcde-4b4d-8116-9712eaf07b60: receive RaftClientReply:client-7852974D6869->f262dcb5-fcde-4b4d-8116-9712eaf07b60@group-4108054CE771, cid=24, SUCCESS, logIndex=10, commits[f262dcb5-fcde-4b4d-8116-9712eaf07b60:c10, dc062215-230a-40c1-88c1-e0a4fdad3ac4:c8, 11629c23-30ab-483c-81ff-e86f5fb16847:c8]
2019-09-12 04:44:02,889 [grpc-default-executor-5] INFO  client.GrpcClientProtocolClient (GrpcClientProtocolClient.java:onNext(264)) - client-7852974D6869->f262dcb5-fcde-4b4d-8116-9712eaf07b60: receive RaftClientReply:client-7852974D6869->f262dcb5-fcde-4b4d-8116-9712eaf07b60@group-4108054CE771, cid=25, SUCCESS, logIndex=11, commits[f262dcb5-fcde-4b4d-8116-9712eaf07b60:c12, dc062215-230a-40c1-88c1-e0a4fdad3ac4:c8, 11629c23-30ab-483c-81ff-e86f5fb16847:c8]
2019-09-12 04:44:02,893 [grpc-default-executor-5] INFO  client.GrpcClientProtocolClient (GrpcClientProtocolClient.java:onNext(264)) - client-7852974D6869->f262dcb5-fcde-4b4d-8116-9712eaf07b60: receive RaftClientReply:client-7852974D6869->f262dcb5-fcde-4b4d-8116-9712eaf07b60@group-4108054CE771, cid=26, SUCCESS, logIndex=12, commits[f262dcb5-fcde-4b4d-8116-9712eaf07b60:c12, dc062215-230a-40c1-88c1-e0a4fdad3ac4:c8, 11629c23-30ab-483c-81ff-e86f5fb16847:c8]
2019-09-12 04:44:02,910 [grpc-default-executor-5] INFO  client.GrpcClientProtocolClient (GrpcClientProtocolClient.java:onNext(264)) - client-7852974D6869->f262dcb5-fcde-4b4d-8116-9712eaf07b60: receive RaftClientReply:client-7852974D6869->f262dcb5-fcde-4b4d-8116-9712eaf07b60@group-4108054CE771, cid=27, SUCCESS, logIndex=0, commits[f262dcb5-fcde-4b4d-8116-9712eaf07b60:c14, dc062215-230a-40c1-88c1-e0a4fdad3ac4:c10, 11629c23-30ab-483c-81ff-e86f5fb16847:c10]
2019-09-12 04:44:02,918 [grpc-default-executor-5] INFO  client.GrpcClientProtocolClient (GrpcClientProtocolClient.java:onNext(264)) - client-7852974D6869->f262dcb5-fcde-4b4d-8116-9712eaf07b60: receive RaftClientReply:client-7852974D6869->f262dcb5-fcde-4b4d-8116-9712eaf07b60@group-4108054CE771, cid=28, SUCCESS, logIndex=0, commits[f262dcb5-fcde-4b4d-8116-9712eaf07b60:c16, dc062215-230a-40c1-88c1-e0a4fdad3ac4:c12, 11629c23-30ab-483c-81ff-e86f5fb16847:c12]
2019-09-12 04:44:05,932 [java.util.concurrent.ThreadPoolExecutor$Worker@16873629[State = -1, empty queue]] WARN  server.GrpcLogAppender (GrpcLogAppender.java:timeoutAppendRequest(200)) - f262dcb5-fcde-4b4d-8116-9712eaf07b60@group-4108054CE771->11629c23-30ab-483c-81ff-e86f5fb16847-GrpcLogAppender: appendEntries Timeout, request=f262dcb5-fcde-4b4d-8116-9712eaf07b60->11629c23-30ab-483c-81ff-e86f5fb16847#18-t2, previous=(t:2, i:16), leaderCommit=16, initializing? false, entries: size=1, first=(t:2, i:17), STATEMACHINELOGENTRY, client-7852974D6869, cid=29
2019-09-12 04:44:05,933 [java.util.concurrent.ThreadPoolExecutor$Worker@16873629[State = -1, empty queue]] WARN  server.GrpcLogAppender (GrpcLogAppender.java:timeoutAppendRequest(200)) - f262dcb5-fcde-4b4d-8116-9712eaf07b60@group-4108054CE771->11629c23-30ab-483c-81ff-e86f5fb16847-GrpcLogAppender: appendEntries Timeout, request=f262dcb5-fcde-4b4d-8116-9712eaf07b60->11629c23-30ab-483c-81ff-e86f5fb16847#19-t2, previous=(t:2, i:17), leaderCommit=16, initializing? false, entries: size=1, first=(t:2, i:18), STATEMACHINELOGENTRY, client-7852974D6869, cid=30
2019-09-12 04:44:05,946 [java.util.concurrent.ThreadPoolExecutor$Worker@16873629[State = -1, empty queue]] WARN  server.GrpcLogAppender (GrpcLogAppender.java:timeoutAppendRequest(200)) - f262dcb5-fcde-4b4d-8116-9712eaf07b60@group-4108054CE771->11629c23-30ab-483c-81ff-e86f5fb16847-GrpcLogAppender: appendEntries Timeout, request=f262dcb5-fcde-4b4d-8116-9712eaf07b60->11629c23-30ab-483c-81ff-e86f5fb16847#20-t2, previous=(t:2, i:18), leaderCommit=16, initializing? false, entries: size=1, first=(t:2, i:19), STATEMACHINELOGENTRY, client-7852974D6869, cid=31
2019-09-12 04:44:05,947 [java.util.concurrent.ThreadPoolExecutor$Worker@16873629[State = -1, empty queue]] WARN  server.GrpcLogAppender (GrpcLogAppender.java:timeoutAppendRequest(200)) - f262dcb5-fcde-4b4d-8116-9712eaf07b60@group-4108054CE771->11629c23-30ab-483c-81ff-e86f5fb16847-GrpcLogAppender: appendEntries Timeout, request=f262dcb5-fcde-4b4d-8116-9712eaf07b60->11629c23-30ab-483c-81ff-e86f5fb16847#21-t2, previous=(t:2, i:19), leaderCommit=16, initializing? false, entries: size=1, first=(t:2, i:20), STATEMACHINELOGENTRY, client-7852974D6869, cid=32
2019-09-12 04:44:06,448 [java.util.concurrent.ThreadPoolExecutor$Worker@16873629[State = -1, empty queue]] WARN  server.GrpcLogAppender (GrpcLogAppender.java:timeoutAppendRequest(200)) - f262dcb5-fcde-4b4d-8116-9712eaf07b60@group-4108054CE771->11629c23-30ab-483c-81ff-e86f5fb16847-GrpcLogAppender: appendEntries Timeout, request=f262dcb5-fcde-4b4d-8116-9712eaf07b60->11629c23-30ab-483c-81ff-e86f5fb16847#22-t2, previous=(t:2, i:20), leaderCommit=16, initializing? false, entries: <empty>
2019-09-12 04:44:06,949 [java.util.concurrent.ThreadPoolExecutor$Worker@16873629[State = -1, empty queue]] WARN  server.GrpcLogAppender (GrpcLogAppender.java:timeoutAppendRequest(200)) - f262dcb5-fcde-4b4d-8116-9712eaf07b60@group-4108054CE771->11629c23-30ab-483c-81ff-e86f5fb16847-GrpcLogAppender: appendEntries Timeout, request=f262dcb5-fcde-4b4d-8116-9712eaf07b60->11629c23-30ab-483c-81ff-e86f5fb16847#23-t2, previous=(t:2, i:20), leaderCommit=16, initializing? false, entries: <empty>
2019-09-12 04:44:07,450 [java.util.concurrent.ThreadPoolExecutor$Worker@16873629[State = -1, empty queue]] WARN  server.GrpcLogAppender (GrpcLogAppender.java:timeoutAppendRequest(200)) - f262dcb5-fcde-4b4d-8116-9712eaf07b60@group-4108054CE771->11629c23-30ab-483c-81ff-e86f5fb16847-GrpcLogAppender: appendEntries Timeout, request=f262dcb5-fcde-4b4d-8116-9712eaf07b60->11629c23-30ab-483c-81ff-e86f5fb16847#24-t2, previous=(t:2, i:20), leaderCommit=16, initializing? false, entries: <empty>
2019-09-12 04:44:07,951 [java.util.concurrent.ThreadPoolExecutor$Worker@16873629[State = -1, empty queue]] WARN  server.GrpcLogAppender (GrpcLogAppender.java:timeoutAppendRequest(200)) - f262dcb5-fcde-4b4d-8116-9712eaf07b60@group-4108054CE771->11629c23-30ab-483c-81ff-e86f5fb16847-GrpcLogAppender: appendEntries Timeout, request=f262dcb5-fcde-4b4d-8116-9712eaf07b60->11629c23-30ab-483c-81ff-e86f5fb16847#25-t2, previous=(t:2, i:20), leaderCommit=16, initializing? false, entries: <empty>
2019-09-12 04:44:08,053 [grpc-default-executor-0] INFO  client.GrpcClientProtocolClient (GrpcClientProtocolClient.java:onNext(264)) - client-7852974D6869->dc062215-230a-40c1-88c1-e0a4fdad3ac4: receive RaftClientReply:client-7852974D6869->dc062215-230a-40c1-88c1-e0a4fdad3ac4@group-4108054CE771, cid=29, FAILED org.apache.ratis.protocol.NotLeaderException: Server dc062215-230a-40c1-88c1-e0a4fdad3ac4@group-4108054CE771 is not the leader f262dcb5-fcde-4b4d-8116-9712eaf07b60:192.168.34.8:45858, logIndex=0, commits[dc062215-230a-40c1-88c1-e0a4fdad3ac4:c16, f262dcb5-fcde-4b4d-8116-9712eaf07b60:c16, 11629c23-30ab-483c-81ff-e86f5fb16847:c12]
2019-09-12 04:44:08,451 [java.util.concurrent.ThreadPoolExecutor$Worker@16873629[State = -1, empty queue]] WARN  server.GrpcLogAppender (GrpcLogAppender.java:timeoutAppendRequest(200)) - f262dcb5-fcde-4b4d-8116-9712eaf07b60@group-4108054CE771->11629c23-30ab-483c-81ff-e86f5fb16847-GrpcLogAppender: appendEntries Timeout, request=f262dcb5-fcde-4b4d-8116-9712eaf07b60->11629c23-30ab-483c-81ff-e86f5fb16847#26-t2, previous=(t:2, i:20), leaderCommit=16, initializing? false, entries: <empty>
2019-09-12 04:44:08,952 [java.util.concurrent.ThreadPoolExecutor$Worker@16873629[State = -1, empty queue]] WARN  server.GrpcLogAppender (GrpcLogAppender.java:timeoutAppendRequest(200)) - f262dcb5-fcde-4b4d-8116-9712eaf07b60@group-4108054CE771->11629c23-30ab-483c-81ff-e86f5fb16847-GrpcLogAppender: appendEntries Timeout, request=f262dcb5-fcde-4b4d-8116-9712eaf07b60->11629c23-30ab-483c-81ff-e86f5fb16847#27-t2, previous=(t:2, i:20), leaderCommit=16, initializing? false, entries: <empty>
2019-09-12 04:44:09,453 [java.util.concurrent.ThreadPoolExecutor$Worker@16873629[State = -1, empty queue]] WARN  server.GrpcLogAppender (GrpcLogAppender.java:timeoutAppendRequest(200)) - f262dcb5-fcde-4b4d-8116-9712eaf07b60@group-4108054CE771->11629c23-30ab-483c-81ff-e86f5fb16847-GrpcLogAppender: appendEntries Timeout, request=f262dcb5-fcde-4b4d-8116-9712eaf07b60->11629c23-30ab-483c-81ff-e86f5fb16847#28-t2, previous=(t:2, i:20), leaderCommit=16, initializing? false, entries: <empty>
2019-09-12 04:44:09,954 [java.util.concurrent.ThreadPoolExecutor$Worker@16873629[State = -1, empty queue]] WARN  server.GrpcLogAppender (GrpcLogAppender.java:timeoutAppendRequest(200)) - f262dcb5-fcde-4b4d-8116-9712eaf07b60@group-4108054CE771->11629c23-30ab-483c-81ff-e86f5fb16847-GrpcLogAppender: appendEntries Timeout, request=f262dcb5-fcde-4b4d-8116-9712eaf07b60->11629c23-30ab-483c-81ff-e86f5fb16847#29-t2, previous=(t:2, i:20), leaderCommit=16, initializing? false, entries: <empty>
2019-09-12 04:44:10,455 [java.util.concurrent.ThreadPoolExecutor$Worker@16873629[State = -1, empty queue]] WARN  server.GrpcLogAppender (GrpcLogAppender.java:timeoutAppendRequest(200)) - f262dcb5-fcde-4b4d-8116-9712eaf07b60@group-4108054CE771->11629c23-30ab-483c-81ff-e86f5fb16847-GrpcLogAppender: appendEntries Timeout, request=f262dcb5-fcde-4b4d-8116-9712eaf07b60->11629c23-30ab-483c-81ff-e86f5fb16847#30-t2, previous=(t:2, i:20), leaderCommit=16, initializing? false, entries: <empty>
2019-09-12 04:44:10,957 [java.util.concurrent.ThreadPoolExecutor$Worker@16873629[State = -1, empty queue]] WARN  server.GrpcLogAppender (GrpcLogAppender.java:timeoutAppendRequest(200)) - f262dcb5-fcde-4b4d-8116-9712eaf07b60@group-4108054CE771->11629c23-30ab-483c-81ff-e86f5fb16847-GrpcLogAppender: appendEntries Timeout, request=f262dcb5-fcde-4b4d-8116-9712eaf07b60->11629c23-30ab-483c-81ff-e86f5fb16847#31-t2, previous=(t:2, i:20), leaderCommit=16, initializing? false, entries: <empty>
2019-09-12 04:44:11,458 [java.util.concurrent.ThreadPoolExecutor$Worker@16873629[State = -1, empty queue]] WARN  server.GrpcLogAppender (GrpcLogAppender.java:timeoutAppendRequest(200)) - f262dcb5-fcde-4b4d-8116-9712eaf07b60@group-4108054CE771->11629c23-30ab-483c-81ff-e86f5fb16847-GrpcLogAppender: appendEntries Timeout, request=f262dcb5-fcde-4b4d-8116-9712eaf07b60->11629c23-30ab-483c-81ff-e86f5fb16847#32-t2, previous=(t:2, i:20), leaderCommit=16, initializing? false, entries: <empty>
2019-09-12 04:44:11,958 [java.util.concurrent.ThreadPoolExecutor$Worker@16873629[State = -1, empty queue]] WARN  server.GrpcLogAppender (GrpcLogAppender.java:timeoutAppendRequest(200)) - f262dcb5-fcde-4b4d-8116-9712eaf07b60@group-4108054CE771->11629c23-30ab-483c-81ff-e86f5fb16847-GrpcLogAppender: appendEntries Timeout, request=f262dcb5-fcde-4b4d-8116-9712eaf07b60->11629c23-30ab-483c-81ff-e86f5fb16847#33-t2, previous=(t:2, i:20), leaderCommit=16, initializing? false, entries: <empty>
2019-09-12 04:44:12,459 [java.util.concurrent.ThreadPoolExecutor$Worker@16873629[State = -1, empty queue]] WARN  server.GrpcLogAppender (GrpcLogAppender.java:timeoutAppendRequest(200)) - f262dcb5-fcde-4b4d-8116-9712eaf07b60@group-4108054CE771->11629c23-30ab-483c-81ff-e86f5fb16847-GrpcLogAppender: appendEntries Timeout, request=f262dcb5-fcde-4b4d-8116-9712eaf07b60->11629c23-30ab-483c-81ff-e86f5fb16847#34-t2, previous=(t:2, i:20), leaderCommit=16, initializing? false, entries: <empty>
2019-09-12 04:44:12,933 [f262dcb5-fcde-4b4d-8116-9712eaf07b60@group-4108054CE771-SegmentedRaftLogWorker] WARN  segmented.SegmentedRaftLogWorker (SegmentedRaftLogWorker.java:getFromFuture(90)) - Timeout 0/~
org.apache.ratis.protocol.TimeoutIOException: Timeout 10s: WriteLog:17: (t:2, i:17), STATEMACHINELOGENTRY, client-7852974D6869, cid=29-writeStateMachineData
	at org.apache.ratis.util.IOUtils.getFromFuture(IOUtils.java:87)
	at org.apache.ratis.server.raftlog.segmented.SegmentedRaftLogWorker$StateMachineDataPolicy.getFromFuture(SegmentedRaftLogWorker.java:87)
	at org.apache.ratis.server.raftlog.segmented.SegmentedRaftLogWorker$WriteLog.execute(SegmentedRaftLogWorker.java:477)
	at org.apache.ratis.server.raftlog.segmented.SegmentedRaftLogWorker.run(SegmentedRaftLogWorker.java:289)
	at java.lang.Thread.run(Thread.java:748)
Caused by: java.util.concurrent.TimeoutException
	at java.util.concurrent.CompletableFuture.timedGet(CompletableFuture.java:1771)
	at java.util.concurrent.CompletableFuture.get(CompletableFuture.java:1915)
	at org.apache.ratis.util.IOUtils.getFromFuture(IOUtils.java:79)
	... 4 more
2019-09-12 04:44:12,939 [11629c23-30ab-483c-81ff-e86f5fb16847@group-4108054CE771-SegmentedRaftLogWorker] WARN  segmented.SegmentedRaftLogWorker (SegmentedRaftLogWorker.java:getFromFuture(90)) - Timeout 0/~
org.apache.ratis.protocol.TimeoutIOException: Timeout 10s: WriteLog:17: (t:2, i:17), STATEMACHINELOGENTRY, client-7852974D6869, cid=29-writeStateMachineData
	at org.apache.ratis.util.IOUtils.getFromFuture(IOUtils.java:87)
	at org.apache.ratis.server.raftlog.segmented.SegmentedRaftLogWorker$StateMachineDataPolicy.getFromFuture(SegmentedRaftLogWorker.java:87)
	at org.apache.ratis.server.raftlog.segmented.SegmentedRaftLogWorker$WriteLog.execute(SegmentedRaftLogWorker.java:477)
	at org.apache.ratis.server.raftlog.segmented.SegmentedRaftLogWorker.run(SegmentedRaftLogWorker.java:289)
	at java.lang.Thread.run(Thread.java:748)
Caused by: java.util.concurrent.TimeoutException
	at java.util.concurrent.CompletableFuture.timedGet(CompletableFuture.java:1771)
	at java.util.concurrent.CompletableFuture.get(CompletableFuture.java:1915)
	at org.apache.ratis.util.IOUtils.getFromFuture(IOUtils.java:79)
	... 4 more
2019-09-12 04:44:12,959 [java.util.concurrent.ThreadPoolExecutor$Worker@16873629[State = -1, empty queue]] WARN  server.GrpcLogAppender (GrpcLogAppender.java:timeoutAppendRequest(200)) - f262dcb5-fcde-4b4d-8116-9712eaf07b60@group-4108054CE771->11629c23-30ab-483c-81ff-e86f5fb16847-GrpcLogAppender: appendEntries Timeout, request=f262dcb5-fcde-4b4d-8116-9712eaf07b60->11629c23-30ab-483c-81ff-e86f5fb16847#35-t2, previous=(t:2, i:20), leaderCommit=16, initializing? false, entries: <empty>
2019-09-12 04:44:13,138 [grpc-default-executor-0] INFO  client.GrpcClientProtocolClient (GrpcClientProtocolClient.java:onNext(264)) - client-7852974D6869->dc062215-230a-40c1-88c1-e0a4fdad3ac4: receive RaftClientReply:client-7852974D6869->dc062215-230a-40c1-88c1-e0a4fdad3ac4@group-4108054CE771, cid=29, FAILED org.apache.ratis.protocol.NotLeaderException: Server dc062215-230a-40c1-88c1-e0a4fdad3ac4@group-4108054CE771 is not the leader f262dcb5-fcde-4b4d-8116-9712eaf07b60:192.168.34.8:45858, logIndex=0, commits[dc062215-230a-40c1-88c1-e0a4fdad3ac4:c16, f262dcb5-fcde-4b4d-8116-9712eaf07b60:c16, 11629c23-30ab-483c-81ff-e86f5fb16847:c12]
2019-09-12 04:44:13,460 [java.util.concurrent.ThreadPoolExecutor$Worker@16873629[State = -1, empty queue]] WARN  server.GrpcLogAppender (GrpcLogAppender.java:timeoutAppendRequest(200)) - f262dcb5-fcde-4b4d-8116-9712eaf07b60@group-4108054CE771->11629c23-30ab-483c-81ff-e86f5fb16847-GrpcLogAppender: appendEntries Timeout, request=f262dcb5-fcde-4b4d-8116-9712eaf07b60->11629c23-30ab-483c-81ff-e86f5fb16847#36-t2, previous=(t:2, i:20), leaderCommit=16, initializing? false, entries: <empty>
2019-09-12 04:44:13,961 [java.util.concurrent.ThreadPoolExecutor$Worker@16873629[State = -1, empty queue]] WARN  server.GrpcLogAppender (GrpcLogAppender.java:timeoutAppendRequest(200)) - f262dcb5-fcde-4b4d-8116-9712eaf07b60@group-4108054CE771->11629c23-30ab-483c-81ff-e86f5fb16847-GrpcLogAppender: appendEntries Timeout, request=f262dcb5-fcde-4b4d-8116-9712eaf07b60->11629c23-30ab-483c-81ff-e86f5fb16847#37-t2, previous=(t:2, i:20), leaderCommit=16, initializing? false, entries: <empty>
2019-09-12 04:44:14,462 [java.util.concurrent.ThreadPoolExecutor$Worker@16873629[State = -1, empty queue]] WARN  server.GrpcLogAppender (GrpcLogAppender.java:timeoutAppendRequest(200)) - f262dcb5-fcde-4b4d-8116-9712eaf07b60@group-4108054CE771->11629c23-30ab-483c-81ff-e86f5fb16847-GrpcLogAppender: appendEntries Timeout, request=f262dcb5-fcde-4b4d-8116-9712eaf07b60->11629c23-30ab-483c-81ff-e86f5fb16847#38-t2, previous=(t:2, i:20), leaderCommit=16, initializing? false, entries: <empty>
2019-09-12 04:44:14,962 [java.util.concurrent.ThreadPoolExecutor$Worker@16873629[State = -1, empty queue]] WARN  server.GrpcLogAppender (GrpcLogAppender.java:timeoutAppendRequest(200)) - f262dcb5-fcde-4b4d-8116-9712eaf07b60@group-4108054CE771->11629c23-30ab-483c-81ff-e86f5fb16847-GrpcLogAppender: appendEntries Timeout, request=f262dcb5-fcde-4b4d-8116-9712eaf07b60->11629c23-30ab-483c-81ff-e86f5fb16847#39-t2, previous=(t:2, i:20), leaderCommit=16, initializing? false, entries: <empty>
2019-09-12 04:44:15,463 [java.util.concurrent.ThreadPoolExecutor$Worker@16873629[State = -1, empty queue]] WARN  server.GrpcLogAppender (GrpcLogAppender.java:timeoutAppendRequest(200)) - f262dcb5-fcde-4b4d-8116-9712eaf07b60@group-4108054CE771->11629c23-30ab-483c-81ff-e86f5fb16847-GrpcLogAppender: appendEntries Timeout, request=f262dcb5-fcde-4b4d-8116-9712eaf07b60->11629c23-30ab-483c-81ff-e86f5fb16847#40-t2, previous=(t:2, i:20), leaderCommit=16, initializing? false, entries: <empty>
2019-09-12 04:44:15,964 [java.util.concurrent.ThreadPoolExecutor$Worker@16873629[State = -1, empty queue]] WARN  server.GrpcLogAppender (GrpcLogAppender.java:timeoutAppendRequest(200)) - f262dcb5-fcde-4b4d-8116-9712eaf07b60@group-4108054CE771->11629c23-30ab-483c-81ff-e86f5fb16847-GrpcLogAppender: appendEntries Timeout, request=f262dcb5-fcde-4b4d-8116-9712eaf07b60->11629c23-30ab-483c-81ff-e86f5fb16847#41-t2, previous=(t:2, i:20), leaderCommit=16, initializing? false, entries: <empty>
2019-09-12 04:44:16,464 [java.util.concurrent.ThreadPoolExecutor$Worker@16873629[State = -1, empty queue]] WARN  server.GrpcLogAppender (GrpcLogAppender.java:timeoutAppendRequest(200)) - f262dcb5-fcde-4b4d-8116-9712eaf07b60@group-4108054CE771->11629c23-30ab-483c-81ff-e86f5fb16847-GrpcLogAppender: appendEntries Timeout, request=f262dcb5-fcde-4b4d-8116-9712eaf07b60->11629c23-30ab-483c-81ff-e86f5fb16847#42-t2, previous=(t:2, i:20), leaderCommit=16, initializing? false, entries: <empty>
2019-09-12 04:44:16,965 [java.util.concurrent.ThreadPoolExecutor$Worker@16873629[State = -1, empty queue]] WARN  server.GrpcLogAppender (GrpcLogAppender.java:timeoutAppendRequest(200)) - f262dcb5-fcde-4b4d-8116-9712eaf07b60@group-4108054CE771->11629c23-30ab-483c-81ff-e86f5fb16847-GrpcLogAppender: appendEntries Timeout, request=f262dcb5-fcde-4b4d-8116-9712eaf07b60->11629c23-30ab-483c-81ff-e86f5fb16847#43-t2, previous=(t:2, i:20), leaderCommit=16, initializing? false, entries: <empty>
2019-09-12 04:44:17,466 [java.util.concurrent.ThreadPoolExecutor$Worker@16873629[State = -1, empty queue]] WARN  server.GrpcLogAppender (GrpcLogAppender.java:timeoutAppendRequest(200)) - f262dcb5-fcde-4b4d-8116-9712eaf07b60@group-4108054CE771->11629c23-30ab-483c-81ff-e86f5fb16847-GrpcLogAppender: appendEntries Timeout, request=f262dcb5-fcde-4b4d-8116-9712eaf07b60->11629c23-30ab-483c-81ff-e86f5fb16847#44-t2, previous=(t:2, i:20), leaderCommit=16, initializing? false, entries: <empty>
2019-09-12 04:44:17,967 [java.util.concurrent.ThreadPoolExecutor$Worker@16873629[State = -1, empty queue]] WARN  server.GrpcLogAppender (GrpcLogAppender.java:timeoutAppendRequest(200)) - f262dcb5-fcde-4b4d-8116-9712eaf07b60@group-4108054CE771->11629c23-30ab-483c-81ff-e86f5fb16847-GrpcLogAppender: appendEntries Timeout, request=f262dcb5-fcde-4b4d-8116-9712eaf07b60->11629c23-30ab-483c-81ff-e86f5fb16847#45-t2, previous=(t:2, i:20), leaderCommit=16, initializing? false, entries: <empty>
2019-09-12 04:44:18,219 [grpc-default-executor-6] INFO  client.GrpcClientProtocolClient (GrpcClientProtocolClient.java:onNext(264)) - client-7852974D6869->11629c23-30ab-483c-81ff-e86f5fb16847: receive RaftClientReply:client-7852974D6869->11629c23-30ab-483c-81ff-e86f5fb16847@group-4108054CE771, cid=29, FAILED org.apache.ratis.protocol.NotLeaderException: Server 11629c23-30ab-483c-81ff-e86f5fb16847@group-4108054CE771 is not the leader f262dcb5-fcde-4b4d-8116-9712eaf07b60:192.168.34.8:45858, logIndex=0, commits[11629c23-30ab-483c-81ff-e86f5fb16847:c16, dc062215-230a-40c1-88c1-e0a4fdad3ac4:c16, f262dcb5-fcde-4b4d-8116-9712eaf07b60:c16]
2019-09-12 04:44:18,467 [java.util.concurrent.ThreadPoolExecutor$Worker@16873629[State = -1, empty queue]] WARN  server.GrpcLogAppender (GrpcLogAppender.java:timeoutAppendRequest(200)) - f262dcb5-fcde-4b4d-8116-9712eaf07b60@group-4108054CE771->11629c23-30ab-483c-81ff-e86f5fb16847-GrpcLogAppender: appendEntries Timeout, request=f262dcb5-fcde-4b4d-8116-9712eaf07b60->11629c23-30ab-483c-81ff-e86f5fb16847#46-t2, previous=(t:2, i:20), leaderCommit=16, initializing? false, entries: <empty>
2019-09-12 04:44:18,968 [java.util.concurrent.ThreadPoolExecutor$Worker@16873629[State = -1, empty queue]] WARN  server.GrpcLogAppender (GrpcLogAppender.java:timeoutAppendRequest(200)) - f262dcb5-fcde-4b4d-8116-9712eaf07b60@group-4108054CE771->11629c23-30ab-483c-81ff-e86f5fb16847-GrpcLogAppender: appendEntries Timeout, request=f262dcb5-fcde-4b4d-8116-9712eaf07b60->11629c23-30ab-483c-81ff-e86f5fb16847#47-t2, previous=(t:2, i:20), leaderCommit=16, initializing? false, entries: <empty>
2019-09-12 04:44:19,469 [java.util.concurrent.ThreadPoolExecutor$Worker@16873629[State = -1, empty queue]] WARN  server.GrpcLogAppender (GrpcLogAppender.java:timeoutAppendRequest(200)) - f262dcb5-fcde-4b4d-8116-9712eaf07b60@group-4108054CE771->11629c23-30ab-483c-81ff-e86f5fb16847-GrpcLogAppender: appendEntries Timeout, request=f262dcb5-fcde-4b4d-8116-9712eaf07b60->11629c23-30ab-483c-81ff-e86f5fb16847#48-t2, previous=(t:2, i:20), leaderCommit=16, initializing? false, entries: <empty>
2019-09-12 04:44:19,969 [java.util.concurrent.ThreadPoolExecutor$Worker@16873629[State = -1, empty queue]] WARN  server.GrpcLogAppender (GrpcLogAppender.java:timeoutAppendRequest(200)) - f262dcb5-fcde-4b4d-8116-9712eaf07b60@group-4108054CE771->11629c23-30ab-483c-81ff-e86f5fb16847-GrpcLogAppender: appendEntries Timeout, request=f262dcb5-fcde-4b4d-8116-9712eaf07b60->11629c23-30ab-483c-81ff-e86f5fb16847#49-t2, previous=(t:2, i:20), leaderCommit=16, initializing? false, entries: <empty>
2019-09-12 04:44:20,470 [java.util.concurrent.ThreadPoolExecutor$Worker@16873629[State = -1, empty queue]] WARN  server.GrpcLogAppender (GrpcLogAppender.java:timeoutAppendRequest(200)) - f262dcb5-fcde-4b4d-8116-9712eaf07b60@group-4108054CE771->11629c23-30ab-483c-81ff-e86f5fb16847-GrpcLogAppender: appendEntries Timeout, request=f262dcb5-fcde-4b4d-8116-9712eaf07b60->11629c23-30ab-483c-81ff-e86f5fb16847#50-t2, previous=(t:2, i:20), leaderCommit=16, initializing? false, entries: <empty>
2019-09-12 04:44:20,971 [java.util.concurrent.ThreadPoolExecutor$Worker@16873629[State = -1, empty queue]] WARN  server.GrpcLogAppender (GrpcLogAppender.java:timeoutAppendRequest(200)) - f262dcb5-fcde-4b4d-8116-9712eaf07b60@group-4108054CE771->11629c23-30ab-483c-81ff-e86f5fb16847-GrpcLogAppender: appendEntries Timeout, request=f262dcb5-fcde-4b4d-8116-9712eaf07b60->11629c23-30ab-483c-81ff-e86f5fb16847#51-t2, previous=(t:2, i:20), leaderCommit=16, initializing? false, entries: <empty>
2019-09-12 04:44:21,254 [main] WARN  io.KeyOutputStream (KeyOutputStream.java:handleException(276)) - Encountered exception java.io.IOException: Unexpected Storage Container Exception: java.util.concurrent.CompletionException: java.util.concurrent.CompletionException: org.apache.ratis.protocol.RaftRetryFailureException: Failed RaftClientRequest:client-7852974D6869->f262dcb5-fcde-4b4d-8116-9712eaf07b60@group-4108054CE771, cid=29, seq=9*, RW, org.apache.hadoop.hdds.scm.XceiverClientRatis$$Lambda$476/787298292@6c3dedb5 for 10 attempts with RetryLimited(maxAttempts=10, sleepTime=1000ms) on the pipeline Pipeline[ Id: 9b9520e7-d4bb-49c1-a64e-4108054ce771, Nodes: f262dcb5-fcde-4b4d-8116-9712eaf07b60{ip: 192.168.34.8, host: pr-hdds-1879-pbs75-1821932185, networkLocation: /default-rack, certSerialId: null}11629c23-30ab-483c-81ff-e86f5fb16847{ip: 192.168.34.8, host: pr-hdds-1879-pbs75-1821932185, networkLocation: /default-rack, certSerialId: null}dc062215-230a-40c1-88c1-e0a4fdad3ac4{ip: 192.168.34.8, host: pr-hdds-1879-pbs75-1821932185, networkLocation: /default-rack, certSerialId: null}, Type:RATIS, Factor:THREE, State:OPEN]. The last committed block length is 0, uncommitted data length is 2097152 retry count 0
2019-09-12 04:44:21,305 [grpc-default-executor-3] INFO  client.GrpcClientProtocolClient (GrpcClientProtocolClient.java:onNext(264)) - client-B53F7E55A598->5903dc6b-2e4c-43f3-9c86-89f09a7774cd: receive RaftClientReply:client-B53F7E55A598->5903dc6b-2e4c-43f3-9c86-89f09a7774cd@group-5FD8722A3841, cid=33, FAILED org.apache.ratis.protocol.NotLeaderException: Server 5903dc6b-2e4c-43f3-9c86-89f09a7774cd@group-5FD8722A3841 is not the leader 4a6209c5-e52c-498b-a70a-f7b5c2b845a9:192.168.34.8:40323, logIndex=0, commits[5903dc6b-2e4c-43f3-9c86-89f09a7774cd:c0, 4a6209c5-e52c-498b-a70a-f7b5c2b845a9:c0, cf6464f0-cbf8-4363-9806-263215a09c56:c0]
2019-09-12 04:44:21,474 [java.util.concurrent.ThreadPoolExecutor$Worker@16873629[State = -1, empty queue]] WARN  server.GrpcLogAppender (GrpcLogAppender.java:timeoutAppendRequest(200)) - f262dcb5-fcde-4b4d-8116-9712eaf07b60@group-4108054CE771->11629c23-30ab-483c-81ff-e86f5fb16847-GrpcLogAppender: appendEntries Timeout, request=f262dcb5-fcde-4b4d-8116-9712eaf07b60->11629c23-30ab-483c-81ff-e86f5fb16847#52-t2, previous=(t:2, i:20), leaderCommit=16, initializing? false, entries: <empty>
2019-09-12 04:44:21,498 [grpc-default-executor-4] INFO  client.GrpcClientProtocolClient (GrpcClientProtocolClient.java:onNext(264)) - client-B53F7E55A598->4a6209c5-e52c-498b-a70a-f7b5c2b845a9: receive RaftClientReply:client-B53F7E55A598->4a6209c5-e52c-498b-a70a-f7b5c2b845a9@group-5FD8722A3841, cid=33, SUCCESS, logIndex=1, commits[4a6209c5-e52c-498b-a70a-f7b5c2b845a9:c1, 5903dc6b-2e4c-43f3-9c86-89f09a7774cd:c0, cf6464f0-cbf8-4363-9806-263215a09c56:c0]
2019-09-12 04:44:21,534 [grpc-default-executor-0] INFO  client.GrpcClientProtocolClient (GrpcClientProtocolClient.java:onNext(264)) - client-B53F7E55A598->4a6209c5-e52c-498b-a70a-f7b5c2b845a9: receive RaftClientReply:client-B53F7E55A598->4a6209c5-e52c-498b-a70a-f7b5c2b845a9@group-5FD8722A3841, cid=34, SUCCESS, logIndex=3, commits[4a6209c5-e52c-498b-a70a-f7b5c2b845a9:c4, 5903dc6b-2e4c-43f3-9c86-89f09a7774cd:c3, cf6464f0-cbf8-4363-9806-263215a09c56:c3]
2019-09-12 04:44:21,543 [grpc-default-executor-4] INFO  client.GrpcClientProtocolClient (GrpcClientProtocolClient.java:onNext(264)) - client-B53F7E55A598->4a6209c5-e52c-498b-a70a-f7b5c2b845a9: receive RaftClientReply:client-B53F7E55A598->4a6209c5-e52c-498b-a70a-f7b5c2b845a9@group-5FD8722A3841, cid=35, SUCCESS, logIndex=5, commits[4a6209c5-e52c-498b-a70a-f7b5c2b845a9:c6, 5903dc6b-2e4c-43f3-9c86-89f09a7774cd:c4, cf6464f0-cbf8-4363-9806-263215a09c56:c4]
2019-09-12 04:44:21,637 [grpc-default-executor-4] INFO  client.GrpcClientProtocolClient (GrpcClientProtocolClient.java:onNext(264)) - client-B53F7E55A598->4a6209c5-e52c-498b-a70a-f7b5c2b845a9: receive RaftClientReply:client-B53F7E55A598->4a6209c5-e52c-498b-a70a-f7b5c2b845a9@group-5FD8722A3841, cid=36, SUCCESS, logIndex=6, commits[4a6209c5-e52c-498b-a70a-f7b5c2b845a9:c8, 5903dc6b-2e4c-43f3-9c86-89f09a7774cd:c6, cf6464f0-cbf8-4363-9806-263215a09c56:c6]
2019-09-12 04:44:21,674 [grpc-default-executor-3] INFO  client.GrpcClientProtocolClient (GrpcClientProtocolClient.java:onNext(264)) - client-B53F7E55A598->4a6209c5-e52c-498b-a70a-f7b5c2b845a9: receive RaftClientReply:client-B53F7E55A598->4a6209c5-e52c-498b-a70a-f7b5c2b845a9@group-5FD8722A3841, cid=37, SUCCESS, logIndex=9, commits[4a6209c5-e52c-498b-a70a-f7b5c2b845a9:c12, 5903dc6b-2e4c-43f3-9c86-89f09a7774cd:c8, cf6464f0-cbf8-4363-9806-263215a09c56:c8]
2019-09-12 04:44:21,677 [grpc-default-executor-0] INFO  client.GrpcClientProtocolClient (GrpcClientProtocolClient.java:onNext(264)) - client-B53F7E55A598->4a6209c5-e52c-498b-a70a-f7b5c2b845a9: receive RaftClientReply:client-B53F7E55A598->4a6209c5-e52c-498b-a70a-f7b5c2b845a9@group-5FD8722A3841, cid=38, SUCCESS, logIndex=10, commits[4a6209c5-e52c-498b-a70a-f7b5c2b845a9:c12, 5903dc6b-2e4c-43f3-9c86-89f09a7774cd:c8, cf6464f0-cbf8-4363-9806-263215a09c56:c8]
2019-09-12 04:44:21,678 [grpc-default-executor-0] INFO  client.GrpcClientProtocolClient (GrpcClientProtocolClient.java:onNext(264)) - client-B53F7E55A598->4a6209c5-e52c-498b-a70a-f7b5c2b845a9: receive RaftClientReply:client-B53F7E55A598->4a6209c5-e52c-498b-a70a-f7b5c2b845a9@group-5FD8722A3841, cid=39, SUCCESS, logIndex=11, commits[4a6209c5-e52c-498b-a70a-f7b5c2b845a9:c12, 5903dc6b-2e4c-43f3-9c86-89f09a7774cd:c8, cf6464f0-cbf8-4363-9806-263215a09c56:c8]
2019-09-12 04:44:21,678 [grpc-default-executor-0] INFO  client.GrpcClientProtocolClient (GrpcClientProtocolClient.java:onNext(264)) - client-B53F7E55A598->4a6209c5-e52c-498b-a70a-f7b5c2b845a9: receive RaftClientReply:client-B53F7E55A598->4a6209c5-e52c-498b-a70a-f7b5c2b845a9@group-5FD8722A3841, cid=40, SUCCESS, logIndex=12, commits[4a6209c5-e52c-498b-a70a-f7b5c2b845a9:c12, 5903dc6b-2e4c-43f3-9c86-89f09a7774cd:c8, cf6464f0-cbf8-4363-9806-263215a09c56:c8]
2019-09-12 04:44:21,695 [grpc-default-executor-0] INFO  client.GrpcClientProtocolClient (GrpcClientProtocolClient.java:onNext(264)) - client-B53F7E55A598->4a6209c5-e52c-498b-a70a-f7b5c2b845a9: receive RaftClientReply:client-B53F7E55A598->4a6209c5-e52c-498b-a70a-f7b5c2b845a9@group-5FD8722A3841, cid=41, SUCCESS, logIndex=0, commits[4a6209c5-e52c-498b-a70a-f7b5c2b845a9:c14, 5903dc6b-2e4c-43f3-9c86-89f09a7774cd:c12, cf6464f0-cbf8-4363-9806-263215a09c56:c12]
2019-09-12 04:44:21,697 [grpc-default-executor-0] INFO  client.GrpcClientProtocolClient (GrpcClientProtocolClient.java:onNext(264)) - client-B53F7E55A598->4a6209c5-e52c-498b-a70a-f7b5c2b845a9: receive RaftClientReply:client-B53F7E55A598->4a6209c5-e52c-498b-a70a-f7b5c2b845a9@group-5FD8722A3841, cid=42, SUCCESS, logIndex=0, commits[4a6209c5-e52c-498b-a70a-f7b5c2b845a9:c14, 5903dc6b-2e4c-43f3-9c86-89f09a7774cd:c12, cf6464f0-cbf8-4363-9806-263215a09c56:c12]
2019-09-12 04:44:21,711 [grpc-default-executor-3] INFO  client.GrpcClientProtocolClient (GrpcClientProtocolClient.java:onNext(264)) - client-7D300BD32A51->6a9b9dd7-7806-4506-bdaf-7a94c8190a08: receive RaftClientReply:client-7D300BD32A51->6a9b9dd7-7806-4506-bdaf-7a94c8190a08@group-F3FC0297FA2D, cid=43, FAILED org.apache.ratis.protocol.NotLeaderException: Server 6a9b9dd7-7806-4506-bdaf-7a94c8190a08@group-F3FC0297FA2D is not the leader eec7f56f-87bd-4e59-a43c-c5b862436b1c:192.168.34.8:37396, logIndex=0, commits[6a9b9dd7-7806-4506-bdaf-7a94c8190a08:c0, eec7f56f-87bd-4e59-a43c-c5b862436b1c:c0, 2534340d-8749-41cd-9451-53923b204706:c0]
2019-09-12 04:44:21,881 [grpc-default-executor-4] INFO  client.GrpcClientProtocolClient (GrpcClientProtocolClient.java:onNext(264)) - client-7D300BD32A51->eec7f56f-87bd-4e59-a43c-c5b862436b1c: receive RaftClientReply:client-7D300BD32A51->eec7f56f-87bd-4e59-a43c-c5b862436b1c@group-F3FC0297FA2D, cid=43, SUCCESS, logIndex=1, commits[eec7f56f-87bd-4e59-a43c-c5b862436b1c:c1, 6a9b9dd7-7806-4506-bdaf-7a94c8190a08:c0, 2534340d-8749-41cd-9451-53923b204706:c0]
2019-09-12 04:44:22,134 [java.util.concurrent.ThreadPoolExecutor$Worker@16873629[State = -1, empty queue]] WARN  server.GrpcLogAppender (GrpcLogAppender.java:timeoutAppendRequest(200)) - f262dcb5-fcde-4b4d-8116-9712eaf07b60@group-4108054CE771->11629c23-30ab-483c-81ff-e86f5fb16847-GrpcLogAppender: appendEntries Timeout, request=f262dcb5-fcde-4b4d-8116-9712eaf07b60->11629c23-30ab-483c-81ff-e86f5fb16847#53-t2, previous=(t:2, i:20), leaderCommit=16, initializing? false, entries: <empty>
2019-09-12 04:44:22,144 [grpc-default-executor-0] INFO  client.GrpcClientProtocolClient (GrpcClientProtocolClient.java:onNext(264)) - client-7D300BD32A51->eec7f56f-87bd-4e59-a43c-c5b862436b1c: receive RaftClientReply:client-7D300BD32A51->eec7f56f-87bd-4e59-a43c-c5b862436b1c@group-F3FC0297FA2D, cid=44, SUCCESS, logIndex=3, commits[eec7f56f-87bd-4e59-a43c-c5b862436b1c:c3, 6a9b9dd7-7806-4506-bdaf-7a94c8190a08:c1, 2534340d-8749-41cd-9451-53923b204706:c1]
2019-09-12 04:44:22,168 [grpc-default-executor-3] INFO  client.GrpcClientProtocolClient (GrpcClientProtocolClient.java:onNext(264)) - client-7D300BD32A51->eec7f56f-87bd-4e59-a43c-c5b862436b1c: receive RaftClientReply:client-7D300BD32A51->eec7f56f-87bd-4e59-a43c-c5b862436b1c@group-F3FC0297FA2D, cid=45, SUCCESS, logIndex=4, commits[eec7f56f-87bd-4e59-a43c-c5b862436b1c:c6, 6a9b9dd7-7806-4506-bdaf-7a94c8190a08:c3, 2534340d-8749-41cd-9451-53923b204706:c3]
2019-09-12 04:44:22,292 [grpc-default-executor-3] INFO  client.GrpcClientProtocolClient (GrpcClientProtocolClient.java:onNext(264)) - client-7D300BD32A51->eec7f56f-87bd-4e59-a43c-c5b862436b1c: receive RaftClientReply:client-7D300BD32A51->eec7f56f-87bd-4e59-a43c-c5b862436b1c@group-F3FC0297FA2D, cid=46, SUCCESS, logIndex=6, commits[eec7f56f-87bd-4e59-a43c-c5b862436b1c:c8, 6a9b9dd7-7806-4506-bdaf-7a94c8190a08:c6, 2534340d-8749-41cd-9451-53923b204706:c6]
2019-09-12 04:44:22,486 [java.util.concurrent.ThreadPoolExecutor$Worker@16873629[State = -1, empty queue]] WARN  server.GrpcLogAppender (GrpcLogAppender.java:timeoutAppendRequest(200)) - f262dcb5-fcde-4b4d-8116-9712eaf07b60@group-4108054CE771->11629c23-30ab-483c-81ff-e86f5fb16847-GrpcLogAppender: appendEntries Timeout, request=f262dcb5-fcde-4b4d-8116-9712eaf07b60->11629c23-30ab-483c-81ff-e86f5fb16847#54-t2, previous=(t:2, i:20), leaderCommit=16, initializing? false, entries: <empty>
2019-09-12 04:44:22,939 [f262dcb5-fcde-4b4d-8116-9712eaf07b60@group-4108054CE771-SegmentedRaftLogWorker] WARN  segmented.SegmentedRaftLogWorker (SegmentedRaftLogWorker.java:getFromFuture(90)) - Timeout 1/~
org.apache.ratis.protocol.TimeoutIOException: Timeout 10s: WriteLog:17: (t:2, i:17), STATEMACHINELOGENTRY, client-7852974D6869, cid=29-writeStateMachineData
	at org.apache.ratis.util.IOUtils.getFromFuture(IOUtils.java:87)
	at org.apache.ratis.server.raftlog.segmented.SegmentedRaftLogWorker$StateMachineDataPolicy.getFromFuture(SegmentedRaftLogWorker.java:87)
	at org.apache.ratis.server.raftlog.segmented.SegmentedRaftLogWorker$WriteLog.execute(SegmentedRaftLogWorker.java:477)
	at org.apache.ratis.server.raftlog.segmented.SegmentedRaftLogWorker.run(SegmentedRaftLogWorker.java:289)
	at java.lang.Thread.run(Thread.java:748)
Caused by: java.util.concurrent.TimeoutException
	at java.util.concurrent.CompletableFuture.timedGet(CompletableFuture.java:1771)
	at java.util.concurrent.CompletableFuture.get(CompletableFuture.java:1915)
	at org.apache.ratis.util.IOUtils.getFromFuture(IOUtils.java:79)
	... 4 more
2019-09-12 04:44:22,940 [11629c23-30ab-483c-81ff-e86f5fb16847@group-4108054CE771-SegmentedRaftLogWorker] WARN  segmented.SegmentedRaftLogWorker (SegmentedRaftLogWorker.java:getFromFuture(90)) - Timeout 1/~
org.apache.ratis.protocol.TimeoutIOException: Timeout 10s: WriteLog:17: (t:2, i:17), STATEMACHINELOGENTRY, client-7852974D6869, cid=29-writeStateMachineData
	at org.apache.ratis.util.IOUtils.getFromFuture(IOUtils.java:87)
	at org.apache.ratis.server.raftlog.segmented.SegmentedRaftLogWorker$StateMachineDataPolicy.getFromFuture(SegmentedRaftLogWorker.java:87)
	at org.apache.ratis.server.raftlog.segmented.SegmentedRaftLogWorker$WriteLog.execute(SegmentedRaftLogWorker.java:477)
	at org.apache.ratis.server.raftlog.segmented.SegmentedRaftLogWorker.run(SegmentedRaftLogWorker.java:289)
	at java.lang.Thread.run(Thread.java:748)
Caused by: java.util.concurrent.TimeoutException
	at java.util.concurrent.CompletableFuture.timedGet(CompletableFuture.java:1771)
	at java.util.concurrent.CompletableFuture.get(CompletableFuture.java:1915)
	at org.apache.ratis.util.IOUtils.getFromFuture(IOUtils.java:79)
	... 4 more
2019-09-12 04:44:22,987 [java.util.concurrent.ThreadPoolExecutor$Worker@16873629[State = -1, empty queue]] WARN  server.GrpcLogAppender (GrpcLogAppender.java:timeoutAppendRequest(200)) - f262dcb5-fcde-4b4d-8116-9712eaf07b60@group-4108054CE771->11629c23-30ab-483c-81ff-e86f5fb16847-GrpcLogAppender: appendEntries Timeout, request=f262dcb5-fcde-4b4d-8116-9712eaf07b60->11629c23-30ab-483c-81ff-e86f5fb16847#55-t2, previous=(t:2, i:20), leaderCommit=16, initializing? false, entries: <empty>
2019-09-12 04:44:23,133 [Datanode State Machine Thread - 0] INFO  statemachine.DatanodeStateMachine (DatanodeStateMachine.java:lambda$startDaemon$0(350)) - Ozone container server started.
2019-09-12 04:44:23,487 [java.util.concurrent.ThreadPoolExecutor$Worker@16873629[State = -1, empty queue]] WARN  server.GrpcLogAppender (GrpcLogAppender.java:timeoutAppendRequest(200)) - f262dcb5-fcde-4b4d-8116-9712eaf07b60@group-4108054CE771->11629c23-30ab-483c-81ff-e86f5fb16847-GrpcLogAppender: appendEntries Timeout, request=f262dcb5-fcde-4b4d-8116-9712eaf07b60->11629c23-30ab-483c-81ff-e86f5fb16847#56-t2, previous=(t:2, i:20), leaderCommit=16, initializing? false, entries: <empty>
2019-09-12 04:44:23,988 [java.util.concurrent.ThreadPoolExecutor$Worker@16873629[State = -1, empty queue]] WARN  server.GrpcLogAppender (GrpcLogAppender.java:timeoutAppendRequest(200)) - f262dcb5-fcde-4b4d-8116-9712eaf07b60@group-4108054CE771->11629c23-30ab-483c-81ff-e86f5fb16847-GrpcLogAppender: appendEntries Timeout, request=f262dcb5-fcde-4b4d-8116-9712eaf07b60->11629c23-30ab-483c-81ff-e86f5fb16847#57-t2, previous=(t:2, i:20), leaderCommit=16, initializing? false, entries: <empty>
2019-09-12 04:44:24,488 [java.util.concurrent.ThreadPoolExecutor$Worker@16873629[State = -1, empty queue]] WARN  server.GrpcLogAppender (GrpcLogAppender.java:timeoutAppendRequest(200)) - f262dcb5-fcde-4b4d-8116-9712eaf07b60@group-4108054CE771->11629c23-30ab-483c-81ff-e86f5fb16847-GrpcLogAppender: appendEntries Timeout, request=f262dcb5-fcde-4b4d-8116-9712eaf07b60->11629c23-30ab-483c-81ff-e86f5fb16847#58-t2, previous=(t:2, i:20), leaderCommit=16, initializing? false, entries: <empty>
2019-09-12 04:44:25,138 [java.util.concurrent.ThreadPoolExecutor$Worker@16873629[State = -1, empty queue]] WARN  server.GrpcLogAppender (GrpcLogAppender.java:timeoutAppendRequest(200)) - f262dcb5-fcde-4b4d-8116-9712eaf07b60@group-4108054CE771->11629c23-30ab-483c-81ff-e86f5fb16847-GrpcLogAppender: appendEntries Timeout, request=f262dcb5-fcde-4b4d-8116-9712eaf07b60->11629c23-30ab-483c-81ff-e86f5fb16847#59-t2, previous=(t:2, i:20), leaderCommit=16, initializing? false, entries: <empty>
2019-09-12 04:44:25,638 [java.util.concurrent.ThreadPoolExecutor$Worker@16873629[State = -1, empty queue]] WARN  server.GrpcLogAppender (GrpcLogAppender.java:timeoutAppendRequest(200)) - f262dcb5-fcde-4b4d-8116-9712eaf07b60@group-4108054CE771->11629c23-30ab-483c-81ff-e86f5fb16847-GrpcLogAppender: appendEntries Timeout, request=f262dcb5-fcde-4b4d-8116-9712eaf07b60->11629c23-30ab-483c-81ff-e86f5fb16847#60-t2, previous=(t:2, i:20), leaderCommit=16, initializing? false, entries: <empty>
2019-09-12 04:44:26,139 [java.util.concurrent.ThreadPoolExecutor$Worker@16873629[State = -1, empty queue]] WARN  server.GrpcLogAppender (GrpcLogAppender.java:timeoutAppendRequest(200)) - f262dcb5-fcde-4b4d-8116-9712eaf07b60@group-4108054CE771->11629c23-30ab-483c-81ff-e86f5fb16847-GrpcLogAppender: appendEntries Timeout, request=f262dcb5-fcde-4b4d-8116-9712eaf07b60->11629c23-30ab-483c-81ff-e86f5fb16847#61-t2, previous=(t:2, i:20), leaderCommit=16, initializing? false, entries: <empty>
2019-09-12 04:44:26,639 [java.util.concurrent.ThreadPoolExecutor$Worker@16873629[State = -1, empty queue]] WARN  server.GrpcLogAppender (GrpcLogAppender.java:timeoutAppendRequest(200)) - f262dcb5-fcde-4b4d-8116-9712eaf07b60@group-4108054CE771->11629c23-30ab-483c-81ff-e86f5fb16847-GrpcLogAppender: appendEntries Timeout, request=f262dcb5-fcde-4b4d-8116-9712eaf07b60->11629c23-30ab-483c-81ff-e86f5fb16847#62-t2, previous=(t:2, i:20), leaderCommit=16, initializing? false, entries: <empty>
2019-09-12 04:44:27,139 [java.util.concurrent.ThreadPoolExecutor$Worker@16873629[State = -1, empty queue]] WARN  server.GrpcLogAppender (GrpcLogAppender.java:timeoutAppendRequest(200)) - f262dcb5-fcde-4b4d-8116-9712eaf07b60@group-4108054CE771->11629c23-30ab-483c-81ff-e86f5fb16847-GrpcLogAppender: appendEntries Timeout, request=f262dcb5-fcde-4b4d-8116-9712eaf07b60->11629c23-30ab-483c-81ff-e86f5fb16847#63-t2, previous=(t:2, i:20), leaderCommit=16, initializing? false, entries: <empty>
2019-09-12 04:44:27,296 [main] INFO  ozoneimpl.OzoneContainer (OzoneContainer.java:stop(231)) - Attempting to stop container services.
2019-09-12 04:44:27,298 [main] INFO  impl.RaftServerProxy (RaftServerProxy.java:lambda$close$4(314)) - f262dcb5-fcde-4b4d-8116-9712eaf07b60: close
2019-09-12 04:44:27,300 [main] INFO  impl.RaftServerImpl (RaftServerImpl.java:lambda$shutdown$3(251)) - f262dcb5-fcde-4b4d-8116-9712eaf07b60@group-4108054CE771: shutdown
2019-09-12 04:44:27,300 [ForkJoinPool.commonPool-worker-1] INFO  impl.RaftServerImpl (RaftServerImpl.java:lambda$shutdown$3(251)) - f262dcb5-fcde-4b4d-8116-9712eaf07b60@group-097A1D94D7F7: shutdown
2019-09-12 04:44:27,300 [main] INFO  util.JmxRegister (JmxRegister.java:unregister(73)) - Successfully un-registered JMX Bean with object name Ratis:service=RaftServer,group=group-4108054CE771,id=f262dcb5-fcde-4b4d-8116-9712eaf07b60
2019-09-12 04:44:27,300 [ForkJoinPool.commonPool-worker-1] INFO  util.JmxRegister (JmxRegister.java:unregister(73)) - Successfully un-registered JMX Bean with object name Ratis:service=RaftServer,group=group-097A1D94D7F7,id=f262dcb5-fcde-4b4d-8116-9712eaf07b60
2019-09-12 04:44:27,301 [main] INFO  impl.RoleInfo (RoleInfo.java:shutdownLeaderState(104)) - f262dcb5-fcde-4b4d-8116-9712eaf07b60: shutdown LeaderState
2019-09-12 04:44:27,301 [ForkJoinPool.commonPool-worker-1] INFO  impl.RoleInfo (RoleInfo.java:shutdownLeaderState(104)) - f262dcb5-fcde-4b4d-8116-9712eaf07b60: shutdown LeaderState
2019-09-12 04:44:27,313 [main] INFO  impl.PendingRequests (PendingRequests.java:sendNotLeaderResponses(202)) - f262dcb5-fcde-4b4d-8116-9712eaf07b60-PendingRequests: sendNotLeaderResponses
2019-09-12 04:44:27,318 [org.apache.ratis.server.impl.LogAppender$AppenderDaemon$$Lambda$547/922444527@1f8271b3] WARN  server.GrpcLogAppender (GrpcLogAppender.java:mayWait(143)) - f262dcb5-fcde-4b4d-8116-9712eaf07b60@group-4108054CE771->dc062215-230a-40c1-88c1-e0a4fdad3ac4-GrpcLogAppender: Wait interrupted by java.lang.InterruptedException
2019-09-12 04:44:27,313 [ForkJoinPool.commonPool-worker-1] INFO  impl.PendingRequests (PendingRequests.java:sendNotLeaderResponses(202)) - f262dcb5-fcde-4b4d-8116-9712eaf07b60-PendingRequests: sendNotLeaderResponses
2019-09-12 04:44:27,316 [org.apache.ratis.server.impl.LogAppender$AppenderDaemon$$Lambda$547/922444527@2c41a73a] WARN  server.GrpcLogAppender (GrpcLogAppender.java:mayWait(143)) - f262dcb5-fcde-4b4d-8116-9712eaf07b60@group-4108054CE771->11629c23-30ab-483c-81ff-e86f5fb16847-GrpcLogAppender: Wait interrupted by java.lang.InterruptedException
2019-09-12 04:44:27,326 [grpc-default-executor-3] INFO  server.GrpcServerProtocolService (GrpcServerProtocolService.java:onCompleted(113)) - 11629c23-30ab-483c-81ff-e86f5fb16847: Completed APPEND_ENTRIES, lastRequest: f262dcb5-fcde-4b4d-8116-9712eaf07b60->11629c23-30ab-483c-81ff-e86f5fb16847#69-t2, previous=(t:2, i:20), leaderCommit=16, initializing? false, entries: <empty>
2019-09-12 04:44:27,326 [grpc-default-executor-4] INFO  server.GrpcServerProtocolService (GrpcServerProtocolService.java:onCompleted(113)) - dc062215-230a-40c1-88c1-e0a4fdad3ac4: Completed APPEND_ENTRIES, lastRequest: f262dcb5-fcde-4b4d-8116-9712eaf07b60->dc062215-230a-40c1-88c1-e0a4fdad3ac4#69-t2, previous=(t:2, i:20), leaderCommit=16, initializing? false, entries: <empty>
2019-09-12 04:44:27,329 [ForkJoinPool.commonPool-worker-1] INFO  impl.StateMachineUpdater (StateMachineUpdater.java:stopAndJoin(125)) - f262dcb5-fcde-4b4d-8116-9712eaf07b60@group-097A1D94D7F7-StateMachineUpdater: set stopIndex = 0
2019-09-12 04:44:27,330 [ForkJoinPool.commonPool-worker-1] INFO  impl.RaftServerImpl (ServerState.java:close(385)) - f262dcb5-fcde-4b4d-8116-9712eaf07b60@group-097A1D94D7F7: closes. applyIndex: 0
2019-09-12 04:44:27,330 [main] INFO  impl.StateMachineUpdater (StateMachineUpdater.java:stopAndJoin(125)) - f262dcb5-fcde-4b4d-8116-9712eaf07b60@group-4108054CE771-StateMachineUpdater: set stopIndex = 16
2019-09-12 04:44:27,332 [f262dcb5-fcde-4b4d-8116-9712eaf07b60@group-4108054CE771-StateMachineUpdater] INFO  ratis.ContainerStateMachine (ContainerStateMachine.java:takeSnapshot(289)) - group-4108054CE771: Taking a snapshot at:(t:2, i:12) file /workdir/hadoop-ozone/integration-test/target/test-dir/MiniOzoneClusterImpl-0727815a-69b9-4555-83e7-340a4888e3ed/datanode-6/data/ratis/9b9520e7-d4bb-49c1-a64e-4108054ce771/sm/snapshot.2_12
2019-09-12 04:44:27,333 [grpc-default-executor-3] INFO  server.GrpcLogAppender (GrpcLogAppender.java:onCompleted(293)) - f262dcb5-fcde-4b4d-8116-9712eaf07b60@group-4108054CE771->dc062215-230a-40c1-88c1-e0a4fdad3ac4-AppendLogResponseHandler: follower responses appendEntries COMPLETED
2019-09-12 04:44:27,333 [grpc-default-executor-4] INFO  server.GrpcLogAppender (GrpcLogAppender.java:onCompleted(293)) - f262dcb5-fcde-4b4d-8116-9712eaf07b60@group-4108054CE771->11629c23-30ab-483c-81ff-e86f5fb16847-AppendLogResponseHandler: follower responses appendEntries COMPLETED
2019-09-12 04:44:27,340 [grpc-default-executor-4] INFO  impl.FollowerInfo (FollowerInfo.java:lambda$new$0(51)) - f262dcb5-fcde-4b4d-8116-9712eaf07b60@group-4108054CE771->11629c23-30ab-483c-81ff-e86f5fb16847: nextIndex: updateUnconditionally 21 -> 17
2019-09-12 04:44:27,340 [grpc-default-executor-3] INFO  impl.FollowerInfo (FollowerInfo.java:lambda$new$0(51)) - f262dcb5-fcde-4b4d-8116-9712eaf07b60@group-4108054CE771->dc062215-230a-40c1-88c1-e0a4fdad3ac4: nextIndex: updateUnconditionally 21 -> 20
2019-09-12 04:44:27,342 [f262dcb5-fcde-4b4d-8116-9712eaf07b60@group-097A1D94D7F7-SegmentedRaftLogWorker] INFO  segmented.SegmentedRaftLogWorker (SegmentedRaftLogWorker.java:run(313)) - f262dcb5-fcde-4b4d-8116-9712eaf07b60@group-097A1D94D7F7-SegmentedRaftLogWorker was interrupted, exiting. There are 0 tasks remaining in the queue.
2019-09-12 04:44:27,345 [ForkJoinPool.commonPool-worker-1] INFO  segmented.SegmentedRaftLogWorker (SegmentedRaftLogWorker.java:close(228)) - f262dcb5-fcde-4b4d-8116-9712eaf07b60@group-097A1D94D7F7-SegmentedRaftLogWorker close()
2019-09-12 04:44:27,384 [f262dcb5-fcde-4b4d-8116-9712eaf07b60@group-4108054CE771-StateMachineUpdater] INFO  ratis.ContainerStateMachine (ContainerStateMachine.java:takeSnapshot(300)) - group-4108054CE771: Finished taking a snapshot at:(t:2, i:12) file:/workdir/hadoop-ozone/integration-test/target/test-dir/MiniOzoneClusterImpl-0727815a-69b9-4555-83e7-340a4888e3ed/datanode-6/data/ratis/9b9520e7-d4bb-49c1-a64e-4108054ce771/sm/snapshot.2_12 time:53
2019-09-12 04:44:27,385 [f262dcb5-fcde-4b4d-8116-9712eaf07b60@group-4108054CE771-StateMachineUpdater] INFO  impl.StateMachineUpdater (StateMachineUpdater.java:takeSnapshot(258)) - f262dcb5-fcde-4b4d-8116-9712eaf07b60@group-4108054CE771-StateMachineUpdater: Took a snapshot at index 12
2019-09-12 04:44:27,385 [f262dcb5-fcde-4b4d-8116-9712eaf07b60@group-4108054CE771-StateMachineUpdater] INFO  impl.StateMachineUpdater (StateMachineUpdater.java:lambda$new$0(83)) - f262dcb5-fcde-4b4d-8116-9712eaf07b60@group-4108054CE771-StateMachineUpdater: snapshotIndex: updateIncreasingly -1 -> 12
2019-09-12 04:44:27,388 [f262dcb5-fcde-4b4d-8116-9712eaf07b60@group-4108054CE771-StateMachineUpdater] INFO  ratis.ContainerStateMachine (ContainerStateMachine.java:takeSnapshot(289)) - group-4108054CE771: Taking a snapshot at:(t:2, i:12) file /workdir/hadoop-ozone/integration-test/target/test-dir/MiniOzoneClusterImpl-0727815a-69b9-4555-83e7-340a4888e3ed/datanode-6/data/ratis/9b9520e7-d4bb-49c1-a64e-4108054ce771/sm/snapshot.2_12
2019-09-12 04:44:27,414 [f262dcb5-fcde-4b4d-8116-9712eaf07b60@group-4108054CE771-StateMachineUpdater] INFO  ratis.ContainerStateMachine (ContainerStateMachine.java:takeSnapshot(300)) - group-4108054CE771: Finished taking a snapshot at:(t:2, i:12) file:/workdir/hadoop-ozone/integration-test/target/test-dir/MiniOzoneClusterImpl-0727815a-69b9-4555-83e7-340a4888e3ed/datanode-6/data/ratis/9b9520e7-d4bb-49c1-a64e-4108054ce771/sm/snapshot.2_12 time:25
2019-09-12 04:44:27,414 [f262dcb5-fcde-4b4d-8116-9712eaf07b60@group-4108054CE771-StateMachineUpdater] INFO  impl.StateMachineUpdater (StateMachineUpdater.java:takeSnapshot(258)) - f262dcb5-fcde-4b4d-8116-9712eaf07b60@group-4108054CE771-StateMachineUpdater: Took a snapshot at index 12
2019-09-12 04:44:27,414 [f262dcb5-fcde-4b4d-8116-9712eaf07b60@group-4108054CE771-StateMachineUpdater] INFO  impl.StateMachineUpdater (StateMachineUpdater.java:lambda$new$0(83)) - f262dcb5-fcde-4b4d-8116-9712eaf07b60@group-4108054CE771-StateMachineUpdater: snapshotIndex: updateIncreasingly 12 -> 12
2019-09-12 04:44:27,414 [main] INFO  impl.RaftServerImpl (ServerState.java:close(385)) - f262dcb5-fcde-4b4d-8116-9712eaf07b60@group-4108054CE771: closes. applyIndex: 16
2019-09-12 04:44:27,432 [f262dcb5-fcde-4b4d-8116-9712eaf07b60@group-4108054CE771-SegmentedRaftLogWorker] ERROR ratis.XceiverServerRatis (XceiverServerRatis.java:triggerPipelineClose(568)) - pipeline Action CLOSE  on pipeline PipelineID=9b9520e7-d4bb-49c1-a64e-4108054ce771.Reason : WriteLog:17: (t:2, i:17), STATEMACHINELOGENTRY, client-7852974D6869, cid=29-writeStateMachineData interrupted.
2019-09-12 04:44:27,435 [main] INFO  segmented.SegmentedRaftLogWorker (SegmentedRaftLogWorker.java:close(228)) - f262dcb5-fcde-4b4d-8116-9712eaf07b60@group-4108054CE771-SegmentedRaftLogWorker close()
2019-09-12 04:44:27,439 [main] INFO  server.GrpcService (GrpcService.java:closeImpl(164)) - f262dcb5-fcde-4b4d-8116-9712eaf07b60: shutdown server with port 45858 now
2019-09-12 04:44:27,442 [main] INFO  server.GrpcService (GrpcService.java:closeImpl(172)) - f262dcb5-fcde-4b4d-8116-9712eaf07b60: shutdown server with port 45858 successfully
2019-09-12 04:44:27,445 [refreshUsed-/workdir/hadoop-ozone/integration-test/target/test-dir/MiniOzoneClusterImpl-0727815a-69b9-4555-83e7-340a4888e3ed/datanode-6/data/containers] WARN  fs.CachingGetSpaceUsed (CachingGetSpaceUsed.java:run(183)) - Thread Interrupted waiting to refresh disk information: sleep interrupted
2019-09-12 04:44:27,460 [main] INFO  utils.BackgroundService (BackgroundService.java:shutdown(148)) - Shutting down service BlockDeletingService
2019-09-12 04:44:27,467 [main] INFO  statemachine.DatanodeStateMachine (DatanodeStateMachine.java:stopDaemon(395)) - Ozone container server stopped.
2019-09-12 04:44:27,472 [main] INFO  handler.ContextHandler (ContextHandler.java:doStop(910)) - Stopped o.e.j.w.WebAppContext@a2341c6{/,null,UNAVAILABLE}{/hddsDatanode}
2019-09-12 04:44:27,477 [main] INFO  server.AbstractConnector (AbstractConnector.java:doStop(318)) - Stopped ServerConnector@6e4c0d8c{HTTP/1.1,[http/1.1]}{0.0.0.0:0}
2019-09-12 04:44:27,478 [main] INFO  handler.ContextHandler (ContextHandler.java:doStop(910)) - Stopped o.e.j.s.ServletContextHandler@67514bdd{/static,jar:file:/home/user/.m2/repository/org/apache/hadoop/hadoop-hdds-container-service/0.5.0-SNAPSHOT/hadoop-hdds-container-service-0.5.0-SNAPSHOT.jar!/webapps/static,UNAVAILABLE}
2019-09-12 04:44:27,478 [main] INFO  handler.ContextHandler (ContextHandler.java:doStop(910)) - Stopped o.e.j.s.ServletContextHandler@173a6728{/logs,file:///workdir/hadoop-ozone/integration-test/target/log,UNAVAILABLE}
2019-09-12 04:44:27,572 [grpc-default-executor-3] INFO  client.GrpcClientProtocolClient (GrpcClientProtocolClient.java:onNext(264)) - client-7D300BD32A51->eec7f56f-87bd-4e59-a43c-c5b862436b1c: receive RaftClientReply:client-7D300BD32A51->eec7f56f-87bd-4e59-a43c-c5b862436b1c@group-F3FC0297FA2D, cid=47, SUCCESS, logIndex=9, commits[eec7f56f-87bd-4e59-a43c-c5b862436b1c:c12, 6a9b9dd7-7806-4506-bdaf-7a94c8190a08:c8, 2534340d-8749-41cd-9451-53923b204706:c8]
2019-09-12 04:44:27,573 [grpc-default-executor-3] INFO  client.GrpcClientProtocolClient (GrpcClientProtocolClient.java:onNext(264)) - client-7D300BD32A51->eec7f56f-87bd-4e59-a43c-c5b862436b1c: receive RaftClientReply:client-7D300BD32A51->eec7f56f-87bd-4e59-a43c-c5b862436b1c@group-F3FC0297FA2D, cid=48, SUCCESS, logIndex=10, commits[eec7f56f-87bd-4e59-a43c-c5b862436b1c:c12, 6a9b9dd7-7806-4506-bdaf-7a94c8190a08:c8, 2534340d-8749-41cd-9451-53923b204706:c8]
2019-09-12 04:44:27,574 [grpc-default-executor-3] INFO  client.GrpcClientProtocolClient (GrpcClientProtocolClient.java:onNext(264)) - client-7D300BD32A51->eec7f56f-87bd-4e59-a43c-c5b862436b1c: receive RaftClientReply:client-7D300BD32A51->eec7f56f-87bd-4e59-a43c-c5b862436b1c@group-F3FC0297FA2D, cid=49, SUCCESS, logIndex=11, commits[eec7f56f-87bd-4e59-a43c-c5b862436b1c:c12, 6a9b9dd7-7806-4506-bdaf-7a94c8190a08:c8, 2534340d-8749-41cd-9451-53923b204706:c8]
2019-09-12 04:44:27,575 [grpc-default-executor-3] INFO  client.GrpcClientProtocolClient (GrpcClientProtocolClient.java:onNext(264)) - client-7D300BD32A51->eec7f56f-87bd-4e59-a43c-c5b862436b1c: receive RaftClientReply:client-7D300BD32A51->eec7f56f-87bd-4e59-a43c-c5b862436b1c@group-F3FC0297FA2D, cid=50, SUCCESS, logIndex=12, commits[eec7f56f-87bd-4e59-a43c-c5b862436b1c:c12, 6a9b9dd7-7806-4506-bdaf-7a94c8190a08:c8, 2534340d-8749-41cd-9451-53923b204706:c8]
2019-09-12 04:44:27,602 [grpc-default-executor-3] INFO  client.GrpcClientProtocolClient (GrpcClientProtocolClient.java:onNext(264)) - client-7D300BD32A51->eec7f56f-87bd-4e59-a43c-c5b862436b1c: receive RaftClientReply:client-7D300BD32A51->eec7f56f-87bd-4e59-a43c-c5b862436b1c@group-F3FC0297FA2D, cid=51, SUCCESS, logIndex=0, commits[eec7f56f-87bd-4e59-a43c-c5b862436b1c:c14, 6a9b9dd7-7806-4506-bdaf-7a94c8190a08:c10, 2534340d-8749-41cd-9451-53923b204706:c10]
2019-09-12 04:44:27,604 [grpc-default-executor-3] INFO  client.GrpcClientProtocolClient (GrpcClientProtocolClient.java:onNext(264)) - client-7D300BD32A51->eec7f56f-87bd-4e59-a43c-c5b862436b1c: receive RaftClientReply:client-7D300BD32A51->eec7f56f-87bd-4e59-a43c-c5b862436b1c@group-F3FC0297FA2D, cid=52, SUCCESS, logIndex=0, commits[eec7f56f-87bd-4e59-a43c-c5b862436b1c:c16, 6a9b9dd7-7806-4506-bdaf-7a94c8190a08:c12, 2534340d-8749-41cd-9451-53923b204706:c12]
2019-09-12 04:44:28,701 [Thread-396] INFO  impl.FollowerState (FollowerState.java:run(106)) - dc062215-230a-40c1-88c1-e0a4fdad3ac4:group-4108054CE771 changes to CANDIDATE, lastRpcTime:1425, electionTimeout:1068ms
2019-09-12 04:44:28,701 [Thread-396] INFO  impl.RoleInfo (RoleInfo.java:shutdownFollowerState(121)) - dc062215-230a-40c1-88c1-e0a4fdad3ac4: shutdown FollowerState
2019-09-12 04:44:28,701 [Thread-396] INFO  impl.RaftServerImpl (RaftServerImpl.java:setRole(174)) - dc062215-230a-40c1-88c1-e0a4fdad3ac4@group-4108054CE771: changes role from  FOLLOWER to CANDIDATE at term 2 for changeToCandidate
2019-09-12 04:44:28,702 [Thread-396] INFO  impl.RoleInfo (RoleInfo.java:updateAndGet(143)) - dc062215-230a-40c1-88c1-e0a4fdad3ac4: start LeaderElection
2019-09-12 04:44:28,702 [dc062215-230a-40c1-88c1-e0a4fdad3ac4@group-4108054CE771:LeaderElection22] INFO  impl.RaftServerImpl (ServerState.java:setLeader(253)) - dc062215-230a-40c1-88c1-e0a4fdad3ac4@group-4108054CE771: change Leader from f262dcb5-fcde-4b4d-8116-9712eaf07b60 to null at term 2 for initElection
2019-09-12 04:44:28,728 [dc062215-230a-40c1-88c1-e0a4fdad3ac4@group-4108054CE771:LeaderElection22] INFO  impl.LeaderElection (LeaderElection.java:askForVotes(182)) - dc062215-230a-40c1-88c1-e0a4fdad3ac4@group-4108054CE771:LeaderElection22: begin an election at term 3 for 0: [dc062215-230a-40c1-88c1-e0a4fdad3ac4:192.168.34.8:46577, f262dcb5-fcde-4b4d-8116-9712eaf07b60:192.168.34.8:45858, 11629c23-30ab-483c-81ff-e86f5fb16847:192.168.34.8:35874], old=null
2019-09-12 04:44:28,740 [grpc-default-executor-4] INFO  impl.RaftServerImpl (ServerState.java:setLeader(253)) - 11629c23-30ab-483c-81ff-e86f5fb16847@group-4108054CE771: change Leader from f262dcb5-fcde-4b4d-8116-9712eaf07b60 to null at term 3 for updateCurrentTerm
2019-09-12 04:44:28,741 [grpc-default-executor-4] INFO  impl.RaftServerImpl (RaftServerImpl.java:setRole(174)) - 11629c23-30ab-483c-81ff-e86f5fb16847@group-4108054CE771: changes role from  FOLLOWER to FOLLOWER at term 3 for recognizeCandidate:dc062215-230a-40c1-88c1-e0a4fdad3ac4
2019-09-12 04:44:28,741 [grpc-default-executor-4] INFO  impl.RoleInfo (RoleInfo.java:shutdownFollowerState(121)) - 11629c23-30ab-483c-81ff-e86f5fb16847: shutdown FollowerState
2019-09-12 04:44:28,741 [grpc-default-executor-4] INFO  impl.RoleInfo (RoleInfo.java:updateAndGet(143)) - 11629c23-30ab-483c-81ff-e86f5fb16847: start FollowerState
2019-09-12 04:44:28,741 [Thread-397] INFO  impl.FollowerState (FollowerState.java:run(115)) - 11629c23-30ab-483c-81ff-e86f5fb16847: FollowerState was interrupted: java.lang.InterruptedException: sleep interrupted
2019-09-12 04:44:28,743 [dc062215-230a-40c1-88c1-e0a4fdad3ac4@group-4108054CE771:LeaderElection22] INFO  impl.LeaderElection (LogUtils.java:infoOrTrace(149)) - dc062215-230a-40c1-88c1-e0a4fdad3ac4@group-4108054CE771:LeaderElection22 got exception when requesting votes: {}
java.util.concurrent.ExecutionException: org.apache.ratis.thirdparty.io.grpc.StatusRuntimeException: UNAVAILABLE: io exception
	at java.util.concurrent.FutureTask.report(FutureTask.java:122)
	at java.util.concurrent.FutureTask.get(FutureTask.java:192)
	at org.apache.ratis.server.impl.LeaderElection.waitForResults(LeaderElection.java:263)
	at org.apache.ratis.server.impl.LeaderElection.askForVotes(LeaderElection.java:201)
	at org.apache.ratis.server.impl.LeaderElection.run(LeaderElection.java:133)
	at java.lang.Thread.run(Thread.java:748)
Caused by: org.apache.ratis.thirdparty.io.grpc.StatusRuntimeException: UNAVAILABLE: io exception
	at org.apache.ratis.thirdparty.io.grpc.stub.ClientCalls.toStatusRuntimeException(ClientCalls.java:233)
	at org.apache.ratis.thirdparty.io.grpc.stub.ClientCalls.getUnchecked(ClientCalls.java:214)
	at org.apache.ratis.thirdparty.io.grpc.stub.ClientCalls.blockingUnaryCall(ClientCalls.java:139)
	at org.apache.ratis.proto.grpc.RaftServerProtocolServiceGrpc$RaftServerProtocolServiceBlockingStub.requestVote(RaftServerProtocolServiceGrpc.java:265)
	at org.apache.ratis.grpc.server.GrpcServerProtocolClient.requestVote(GrpcServerProtocolClient.java:90)
	at org.apache.ratis.grpc.server.GrpcService.requestVote(GrpcService.java:204)
	at org.apache.ratis.server.impl.LeaderElection.lambda$submitRequests$1(LeaderElection.java:238)
	at java.util.concurrent.FutureTask.run(FutureTask.java:266)
	at java.util.concurrent.Executors$RunnableAdapter.call(Executors.java:511)
	at java.util.concurrent.FutureTask.run(FutureTask.java:266)
	at java.util.concurrent.ThreadPoolExecutor.runWorker(ThreadPoolExecutor.java:1149)
	at java.util.concurrent.ThreadPoolExecutor$Worker.run(ThreadPoolExecutor.java:624)
	... 1 more
Caused by: org.apache.ratis.thirdparty.io.netty.channel.AbstractChannel$AnnotatedConnectException: Connection refused: /192.168.34.8:45858
	at sun.nio.ch.SocketChannelImpl.checkConnect(Native Method)
	at sun.nio.ch.SocketChannelImpl.finishConnect(SocketChannelImpl.java:717)
	at org.apache.ratis.thirdparty.io.netty.channel.socket.nio.NioSocketChannel.doFinishConnect(NioSocketChannel.java:327)
	at org.apache.ratis.thirdparty.io.netty.channel.nio.AbstractNioChannel$AbstractNioUnsafe.finishConnect(AbstractNioChannel.java:340)
	at org.apache.ratis.thirdparty.io.netty.channel.nio.NioEventLoop.processSelectedKey(NioEventLoop.java:632)
	at org.apache.ratis.thirdparty.io.netty.channel.nio.NioEventLoop.processSelectedKeysOptimized(NioEventLoop.java:579)
	at org.apache.ratis.thirdparty.io.netty.channel.nio.NioEventLoop.processSelectedKeys(NioEventLoop.java:496)
	at org.apache.ratis.thirdparty.io.netty.channel.nio.NioEventLoop.run(NioEventLoop.java:458)
	at org.apache.ratis.thirdparty.io.netty.util.concurrent.SingleThreadEventExecutor$5.run(SingleThreadEventExecutor.java:897)
	at org.apache.ratis.thirdparty.io.netty.util.concurrent.FastThreadLocalRunnable.run(FastThreadLocalRunnable.java:30)
	... 1 more
Caused by: java.net.ConnectException: Connection refused
	... 11 more
2019-09-12 04:44:28,757 [dc062215-230a-40c1-88c1-e0a4fdad3ac4@group-4108054CE771:LeaderElection22] INFO  impl.LeaderElection (LeaderElection.java:logAndReturn(56)) - dc062215-230a-40c1-88c1-e0a4fdad3ac4@group-4108054CE771:LeaderElection22: Election PASSED; received 1 response(s) [dc062215-230a-40c1-88c1-e0a4fdad3ac4<-11629c23-30ab-483c-81ff-e86f5fb16847#0:OK-t3] and 1 exception(s); dc062215-230a-40c1-88c1-e0a4fdad3ac4@group-4108054CE771:t3, leader=null, voted=dc062215-230a-40c1-88c1-e0a4fdad3ac4, raftlog=dc062215-230a-40c1-88c1-e0a4fdad3ac4@group-4108054CE771-SegmentedRaftLog:OPENED:c16,f20,i20, conf=0: [dc062215-230a-40c1-88c1-e0a4fdad3ac4:192.168.34.8:46577, f262dcb5-fcde-4b4d-8116-9712eaf07b60:192.168.34.8:45858, 11629c23-30ab-483c-81ff-e86f5fb16847:192.168.34.8:35874], old=null
2019-09-12 04:44:28,758 [dc062215-230a-40c1-88c1-e0a4fdad3ac4@group-4108054CE771:LeaderElection22] INFO  impl.LeaderElection (LogUtils.java:infoOrTrace(149)) -   Exception 0: {}
java.util.concurrent.ExecutionException: org.apache.ratis.thirdparty.io.grpc.StatusRuntimeException: UNAVAILABLE: io exception
	at java.util.concurrent.FutureTask.report(FutureTask.java:122)
	at java.util.concurrent.FutureTask.get(FutureTask.java:192)
	at org.apache.ratis.server.impl.LeaderElection.waitForResults(LeaderElection.java:263)
	at org.apache.ratis.server.impl.LeaderElection.askForVotes(LeaderElection.java:201)
	at org.apache.ratis.server.impl.LeaderElection.run(LeaderElection.java:133)
	at java.lang.Thread.run(Thread.java:748)
Caused by: org.apache.ratis.thirdparty.io.grpc.StatusRuntimeException: UNAVAILABLE: io exception
	at org.apache.ratis.thirdparty.io.grpc.stub.ClientCalls.toStatusRuntimeException(ClientCalls.java:233)
	at org.apache.ratis.thirdparty.io.grpc.stub.ClientCalls.getUnchecked(ClientCalls.java:214)
	at org.apache.ratis.thirdparty.io.grpc.stub.ClientCalls.blockingUnaryCall(ClientCalls.java:139)
	at org.apache.ratis.proto.grpc.RaftServerProtocolServiceGrpc$RaftServerProtocolServiceBlockingStub.requestVote(RaftServerProtocolServiceGrpc.java:265)
	at org.apache.ratis.grpc.server.GrpcServerProtocolClient.requestVote(GrpcServerProtocolClient.java:90)
	at org.apache.ratis.grpc.server.GrpcService.requestVote(GrpcService.java:204)
	at org.apache.ratis.server.impl.LeaderElection.lambda$submitRequests$1(LeaderElection.java:238)
	at java.util.concurrent.FutureTask.run(FutureTask.java:266)
	at java.util.concurrent.Executors$RunnableAdapter.call(Executors.java:511)
	at java.util.concurrent.FutureTask.run(FutureTask.java:266)
	at java.util.concurrent.ThreadPoolExecutor.runWorker(ThreadPoolExecutor.java:1149)
	at java.util.concurrent.ThreadPoolExecutor$Worker.run(ThreadPoolExecutor.java:624)
	... 1 more
Caused by: org.apache.ratis.thirdparty.io.netty.channel.AbstractChannel$AnnotatedConnectException: Connection refused: /192.168.34.8:45858
	at sun.nio.ch.SocketChannelImpl.checkConnect(Native Method)
	at sun.nio.ch.SocketChannelImpl.finishConnect(SocketChannelImpl.java:717)
	at org.apache.ratis.thirdparty.io.netty.channel.socket.nio.NioSocketChannel.doFinishConnect(NioSocketChannel.java:327)
	at org.apache.ratis.thirdparty.io.netty.channel.nio.AbstractNioChannel$AbstractNioUnsafe.finishConnect(AbstractNioChannel.java:340)
	at org.apache.ratis.thirdparty.io.netty.channel.nio.NioEventLoop.processSelectedKey(NioEventLoop.java:632)
	at org.apache.ratis.thirdparty.io.netty.channel.nio.NioEventLoop.processSelectedKeysOptimized(NioEventLoop.java:579)
	at org.apache.ratis.thirdparty.io.netty.channel.nio.NioEventLoop.processSelectedKeys(NioEventLoop.java:496)
	at org.apache.ratis.thirdparty.io.netty.channel.nio.NioEventLoop.run(NioEventLoop.java:458)
	at org.apache.ratis.thirdparty.io.netty.util.concurrent.SingleThreadEventExecutor$5.run(SingleThreadEventExecutor.java:897)
	at org.apache.ratis.thirdparty.io.netty.util.concurrent.FastThreadLocalRunnable.run(FastThreadLocalRunnable.java:30)
	... 1 more
Caused by: java.net.ConnectException: Connection refused
	... 11 more
2019-09-12 04:44:28,759 [dc062215-230a-40c1-88c1-e0a4fdad3ac4@group-4108054CE771:LeaderElection22] INFO  impl.RoleInfo (RoleInfo.java:shutdownLeaderElection(134)) - dc062215-230a-40c1-88c1-e0a4fdad3ac4: shutdown LeaderElection
2019-09-12 04:44:28,759 [dc062215-230a-40c1-88c1-e0a4fdad3ac4@group-4108054CE771:LeaderElection22] INFO  impl.RaftServerImpl (RaftServerImpl.java:setRole(174)) - dc062215-230a-40c1-88c1-e0a4fdad3ac4@group-4108054CE771: changes role from CANDIDATE to LEADER at term 3 for changeToLeader
2019-09-12 04:44:28,759 [dc062215-230a-40c1-88c1-e0a4fdad3ac4@group-4108054CE771:LeaderElection22] INFO  impl.RaftServerImpl (ServerState.java:setLeader(253)) - dc062215-230a-40c1-88c1-e0a4fdad3ac4@group-4108054CE771: change Leader from null to dc062215-230a-40c1-88c1-e0a4fdad3ac4 at term 3 for becomeLeader, leader elected after 57ms
2019-09-12 04:44:28,760 [dc062215-230a-40c1-88c1-e0a4fdad3ac4@group-4108054CE771:LeaderElection22] INFO  server.RaftServerConfigKeys (ConfUtils.java:logGet(43)) - raft.server.staging.catchup.gap = 1000 (default)
2019-09-12 04:44:28,760 [dc062215-230a-40c1-88c1-e0a4fdad3ac4@group-4108054CE771:LeaderElection22] INFO  server.RaftServerConfigKeys (ConfUtils.java:logGet(43)) - raft.server.rpc.sleep.time = 25ms (default)
2019-09-12 04:44:28,760 [dc062215-230a-40c1-88c1-e0a4fdad3ac4@group-4108054CE771:LeaderElection22] INFO  server.RaftServerConfigKeys (ConfUtils.java:logGet(43)) - raft.server.write.element-limit = 4096 (default)
2019-09-12 04:44:28,760 [dc062215-230a-40c1-88c1-e0a4fdad3ac4@group-4108054CE771:LeaderElection22] INFO  server.RaftServerConfigKeys (ConfUtils.java:logGet(43)) - raft.server.watch.timeout = 10s (default)
2019-09-12 04:44:28,760 [dc062215-230a-40c1-88c1-e0a4fdad3ac4@group-4108054CE771:LeaderElection22] INFO  server.RaftServerConfigKeys (ConfUtils.java:logGet(43)) - raft.server.watch.timeout.denomination = 1s (default)
2019-09-12 04:44:28,761 [dc062215-230a-40c1-88c1-e0a4fdad3ac4@group-4108054CE771:LeaderElection22] INFO  server.RaftServerConfigKeys (ConfUtils.java:logGet(43)) - raft.server.watch.element-limit = 65536 (default)
2019-09-12 04:44:28,765 [dc062215-230a-40c1-88c1-e0a4fdad3ac4@group-4108054CE771:LeaderElection22] INFO  server.RaftServerConfigKeys (ConfUtils.java:logGet(43)) - raft.server.log.appender.snapshot.chunk.size.max = 16MB (=16777216) (default)
2019-09-12 04:44:28,765 [dc062215-230a-40c1-88c1-e0a4fdad3ac4@group-4108054CE771:LeaderElection22] INFO  server.RaftServerConfigKeys (ConfUtils.java:logGet(43)) - raft.server.log.appender.buffer.byte-limit = 33554432 (custom)
2019-09-12 04:44:28,765 [dc062215-230a-40c1-88c1-e0a4fdad3ac4@group-4108054CE771:LeaderElection22] INFO  server.RaftServerConfigKeys (ConfUtils.java:logGet(43)) - raft.server.log.appender.buffer.element-limit = 1 (custom)
2019-09-12 04:44:28,765 [dc062215-230a-40c1-88c1-e0a4fdad3ac4@group-4108054CE771:LeaderElection22] INFO  grpc.GrpcConfigKeys$Server (ConfUtils.java:logGet(43)) - raft.grpc.server.leader.outstanding.appends.max = 128 (default)
2019-09-12 04:44:28,766 [dc062215-230a-40c1-88c1-e0a4fdad3ac4@group-4108054CE771:LeaderElection22] INFO  server.RaftServerConfigKeys (ConfUtils.java:logGet(43)) - raft.server.rpc.request.timeout = 3000ms (default)
2019-09-12 04:44:28,766 [dc062215-230a-40c1-88c1-e0a4fdad3ac4@group-4108054CE771:LeaderElection22] INFO  server.RaftServerConfigKeys (ConfUtils.java:logGet(43)) - raft.server.log.appender.install.snapshot.enabled = false (custom)
2019-09-12 04:44:28,766 [dc062215-230a-40c1-88c1-e0a4fdad3ac4@group-4108054CE771:LeaderElection22] INFO  server.RaftServerConfigKeys (ConfUtils.java:logGet(43)) - raft.server.log.appender.snapshot.chunk.size.max = 16MB (=16777216) (default)
2019-09-12 04:44:28,766 [dc062215-230a-40c1-88c1-e0a4fdad3ac4@group-4108054CE771:LeaderElection22] INFO  server.RaftServerConfigKeys (ConfUtils.java:logGet(43)) - raft.server.log.appender.buffer.byte-limit = 33554432 (custom)
2019-09-12 04:44:28,767 [dc062215-230a-40c1-88c1-e0a4fdad3ac4@group-4108054CE771:LeaderElection22] INFO  server.RaftServerConfigKeys (ConfUtils.java:logGet(43)) - raft.server.log.appender.buffer.element-limit = 1 (custom)
2019-09-12 04:44:28,767 [dc062215-230a-40c1-88c1-e0a4fdad3ac4@group-4108054CE771:LeaderElection22] INFO  grpc.GrpcConfigKeys$Server (ConfUtils.java:logGet(43)) - raft.grpc.server.leader.outstanding.appends.max = 128 (default)
2019-09-12 04:44:28,767 [dc062215-230a-40c1-88c1-e0a4fdad3ac4@group-4108054CE771:LeaderElection22] INFO  server.RaftServerConfigKeys (ConfUtils.java:logGet(43)) - raft.server.rpc.request.timeout = 3000ms (default)
2019-09-12 04:44:28,767 [dc062215-230a-40c1-88c1-e0a4fdad3ac4@group-4108054CE771:LeaderElection22] INFO  server.RaftServerConfigKeys (ConfUtils.java:logGet(43)) - raft.server.log.appender.install.snapshot.enabled = false (custom)
2019-09-12 04:44:28,768 [dc062215-230a-40c1-88c1-e0a4fdad3ac4@group-4108054CE771:LeaderElection22] INFO  impl.RoleInfo (RoleInfo.java:updateAndGet(143)) - dc062215-230a-40c1-88c1-e0a4fdad3ac4: start LeaderState
2019-09-12 04:44:28,768 [dc062215-230a-40c1-88c1-e0a4fdad3ac4@group-4108054CE771:LeaderElection22] INFO  segmented.SegmentedRaftLogWorker (SegmentedRaftLogWorker.java:rollLogSegment(385)) - dc062215-230a-40c1-88c1-e0a4fdad3ac4@group-4108054CE771-SegmentedRaftLogWorker: Rolling segment log-0_20 to index:20
2019-09-12 04:44:28,770 [dc062215-230a-40c1-88c1-e0a4fdad3ac4@group-4108054CE771:LeaderElection22] INFO  impl.RaftServerImpl (ServerState.java:setRaftConf(354)) - dc062215-230a-40c1-88c1-e0a4fdad3ac4@group-4108054CE771: set configuration 21: [dc062215-230a-40c1-88c1-e0a4fdad3ac4:192.168.34.8:46577, f262dcb5-fcde-4b4d-8116-9712eaf07b60:192.168.34.8:45858, 11629c23-30ab-483c-81ff-e86f5fb16847:192.168.34.8:35874], old=null at 21
2019-09-12 04:44:28,771 [dc062215-230a-40c1-88c1-e0a4fdad3ac4@group-4108054CE771-SegmentedRaftLogWorker] INFO  segmented.SegmentedRaftLogWorker (SegmentedRaftLogWorker.java:execute(526)) - dc062215-230a-40c1-88c1-e0a4fdad3ac4@group-4108054CE771-SegmentedRaftLogWorker: Rolled log segment from /workdir/hadoop-ozone/integration-test/target/test-dir/MiniOzoneClusterImpl-0727815a-69b9-4555-83e7-340a4888e3ed/datanode-3/data/ratis/9b9520e7-d4bb-49c1-a64e-4108054ce771/current/log_inprogress_0 to /workdir/hadoop-ozone/integration-test/target/test-dir/MiniOzoneClusterImpl-0727815a-69b9-4555-83e7-340a4888e3ed/datanode-3/data/ratis/9b9520e7-d4bb-49c1-a64e-4108054ce771/current/log_0-20
2019-09-12 04:44:28,774 [grpc-default-executor-4] WARN  server.GrpcLogAppender (LogUtils.java:warn(134)) - dc062215-230a-40c1-88c1-e0a4fdad3ac4@group-4108054CE771->f262dcb5-fcde-4b4d-8116-9712eaf07b60-AppendLogResponseHandler: Failed appendEntries: org.apache.ratis.thirdparty.io.grpc.StatusRuntimeException: UNAVAILABLE: io exception
2019-09-12 04:44:28,809 [grpc-default-executor-4] INFO  impl.FollowerInfo (FollowerInfo.java:lambda$new$0(51)) - dc062215-230a-40c1-88c1-e0a4fdad3ac4@group-4108054CE771->f262dcb5-fcde-4b4d-8116-9712eaf07b60: nextIndex: updateUnconditionally 21 -> 1
2019-09-12 04:44:28,810 [grpc-default-executor-6] INFO  impl.RaftServerImpl (ServerState.java:setLeader(253)) - 11629c23-30ab-483c-81ff-e86f5fb16847@group-4108054CE771: change Leader from null to dc062215-230a-40c1-88c1-e0a4fdad3ac4 at term 3 for appendEntries, leader elected after 69ms
2019-09-12 04:44:28,815 [grpc-default-executor-6] INFO  impl.RaftServerImpl (ServerState.java:setRaftConf(354)) - 11629c23-30ab-483c-81ff-e86f5fb16847@group-4108054CE771: set configuration 21: [dc062215-230a-40c1-88c1-e0a4fdad3ac4:192.168.34.8:46577, f262dcb5-fcde-4b4d-8116-9712eaf07b60:192.168.34.8:45858, 11629c23-30ab-483c-81ff-e86f5fb16847:192.168.34.8:35874], old=null at 21
2019-09-12 04:44:28,816 [grpc-default-executor-6] INFO  segmented.SegmentedRaftLogWorker (SegmentedRaftLogWorker.java:rollLogSegment(385)) - 11629c23-30ab-483c-81ff-e86f5fb16847@group-4108054CE771-SegmentedRaftLogWorker: Rolling segment log-0_20 to index:20
2019-09-12 04:44:28,834 [dc062215-230a-40c1-88c1-e0a4fdad3ac4@group-4108054CE771-SegmentedRaftLogWorker] INFO  segmented.SegmentedRaftLogWorker (SegmentedRaftLogWorker.java:execute(569)) - dc062215-230a-40c1-88c1-e0a4fdad3ac4@group-4108054CE771-SegmentedRaftLogWorker: created new log segment /workdir/hadoop-ozone/integration-test/target/test-dir/MiniOzoneClusterImpl-0727815a-69b9-4555-83e7-340a4888e3ed/datanode-3/data/ratis/9b9520e7-d4bb-49c1-a64e-4108054ce771/current/log_inprogress_21
2019-09-12 04:44:29,274 [grpc-default-executor-3] WARN  server.GrpcLogAppender (LogUtils.java:warn(134)) - dc062215-230a-40c1-88c1-e0a4fdad3ac4@group-4108054CE771->f262dcb5-fcde-4b4d-8116-9712eaf07b60-AppendLogResponseHandler: Failed appendEntries: org.apache.ratis.thirdparty.io.grpc.StatusRuntimeException: UNAVAILABLE: io exception
2019-09-12 04:44:29,279 [grpc-default-executor-3] INFO  impl.FollowerInfo (FollowerInfo.java:lambda$new$0(51)) - dc062215-230a-40c1-88c1-e0a4fdad3ac4@group-4108054CE771->f262dcb5-fcde-4b4d-8116-9712eaf07b60: nextIndex: updateUnconditionally 1 -> 0
2019-09-12 04:44:29,777 [grpc-default-executor-6] WARN  server.GrpcLogAppender (LogUtils.java:warn(134)) - dc062215-230a-40c1-88c1-e0a4fdad3ac4@group-4108054CE771->f262dcb5-fcde-4b4d-8116-9712eaf07b60-AppendLogResponseHandler: Failed appendEntries: org.apache.ratis.thirdparty.io.grpc.StatusRuntimeException: UNAVAILABLE: io exception
2019-09-12 04:44:29,781 [grpc-default-executor-6] INFO  impl.FollowerInfo (FollowerInfo.java:lambda$new$0(51)) - dc062215-230a-40c1-88c1-e0a4fdad3ac4@group-4108054CE771->f262dcb5-fcde-4b4d-8116-9712eaf07b60: nextIndex: updateUnconditionally 0 -> 0
2019-09-12 04:44:30,279 [grpc-default-executor-3] WARN  server.GrpcLogAppender (LogUtils.java:warn(134)) - dc062215-230a-40c1-88c1-e0a4fdad3ac4@group-4108054CE771->f262dcb5-fcde-4b4d-8116-9712eaf07b60-AppendLogResponseHandler: Failed appendEntries: org.apache.ratis.thirdparty.io.grpc.StatusRuntimeException: UNAVAILABLE: io exception
2019-09-12 04:44:30,283 [grpc-default-executor-3] INFO  impl.FollowerInfo (FollowerInfo.java:lambda$new$0(51)) - dc062215-230a-40c1-88c1-e0a4fdad3ac4@group-4108054CE771->f262dcb5-fcde-4b4d-8116-9712eaf07b60: nextIndex: updateUnconditionally 0 -> 0
2019-09-12 04:44:30,612 [java.util.concurrent.ThreadPoolExecutor$Worker@1c8130ff[State = -1, empty queue]] WARN  server.GrpcLogAppender (GrpcLogAppender.java:timeoutAppendRequest(200)) - eec7f56f-87bd-4e59-a43c-c5b862436b1c@group-F3FC0297FA2D->6a9b9dd7-7806-4506-bdaf-7a94c8190a08-GrpcLogAppender: appendEntries Timeout, request=eec7f56f-87bd-4e59-a43c-c5b862436b1c->6a9b9dd7-7806-4506-bdaf-7a94c8190a08#66-t2, previous=(t:2, i:16), leaderCommit=16, initializing? false, entries: size=1, first=(t:2, i:17), STATEMACHINELOGENTRY, client-7D300BD32A51, cid=53
2019-09-12 04:44:30,613 [java.util.concurrent.ThreadPoolExecutor$Worker@1c8130ff[State = -1, empty queue]] WARN  server.GrpcLogAppender (GrpcLogAppender.java:timeoutAppendRequest(200)) - eec7f56f-87bd-4e59-a43c-c5b862436b1c@group-F3FC0297FA2D->6a9b9dd7-7806-4506-bdaf-7a94c8190a08-GrpcLogAppender: appendEntries Timeout, request=eec7f56f-87bd-4e59-a43c-c5b862436b1c->6a9b9dd7-7806-4506-bdaf-7a94c8190a08#67-t2, previous=(t:2, i:17), leaderCommit=16, initializing? false, entries: size=1, first=(t:2, i:18), STATEMACHINELOGENTRY, client-7D300BD32A51, cid=54
2019-09-12 04:44:30,613 [java.util.concurrent.ThreadPoolExecutor$Worker@faa1c29[State = -1, empty queue]] WARN  server.GrpcLogAppender (GrpcLogAppender.java:timeoutAppendRequest(200)) - eec7f56f-87bd-4e59-a43c-c5b862436b1c@group-F3FC0297FA2D->2534340d-8749-41cd-9451-53923b204706-GrpcLogAppender: appendEntries Timeout, request=eec7f56f-87bd-4e59-a43c-c5b862436b1c->2534340d-8749-41cd-9451-53923b204706#66-t2, previous=(t:2, i:16), leaderCommit=16, initializing? false, entries: size=1, first=(t:2, i:17), STATEMACHINELOGENTRY, client-7D300BD32A51, cid=53
2019-09-12 04:44:30,623 [java.util.concurrent.ThreadPoolExecutor$Worker@faa1c29[State = -1, empty queue]] WARN  server.GrpcLogAppender (GrpcLogAppender.java:timeoutAppendRequest(200)) - eec7f56f-87bd-4e59-a43c-c5b862436b1c@group-F3FC0297FA2D->2534340d-8749-41cd-9451-53923b204706-GrpcLogAppender: appendEntries Timeout, request=eec7f56f-87bd-4e59-a43c-c5b862436b1c->2534340d-8749-41cd-9451-53923b204706#67-t2, previous=(t:2, i:17), leaderCommit=16, initializing? false, entries: size=1, first=(t:2, i:18), STATEMACHINELOGENTRY, client-7D300BD32A51, cid=54
2019-09-12 04:44:30,623 [java.util.concurrent.ThreadPoolExecutor$Worker@1c8130ff[State = -1, empty queue]] WARN  server.GrpcLogAppender (GrpcLogAppender.java:timeoutAppendRequest(200)) - eec7f56f-87bd-4e59-a43c-c5b862436b1c@group-F3FC0297FA2D->6a9b9dd7-7806-4506-bdaf-7a94c8190a08-GrpcLogAppender: appendEntries Timeout, request=eec7f56f-87bd-4e59-a43c-c5b862436b1c->6a9b9dd7-7806-4506-bdaf-7a94c8190a08#68-t2, previous=(t:2, i:18), leaderCommit=16, initializing? false, entries: size=1, first=(t:2, i:19), STATEMACHINELOGENTRY, client-7D300BD32A51, cid=55
2019-09-12 04:44:30,625 [java.util.concurrent.ThreadPoolExecutor$Worker@faa1c29[State = -1, empty queue]] WARN  server.GrpcLogAppender (GrpcLogAppender.java:timeoutAppendRequest(200)) - eec7f56f-87bd-4e59-a43c-c5b862436b1c@group-F3FC0297FA2D->2534340d-8749-41cd-9451-53923b204706-GrpcLogAppender: appendEntries Timeout, request=eec7f56f-87bd-4e59-a43c-c5b862436b1c->2534340d-8749-41cd-9451-53923b204706#68-t2, previous=(t:2, i:18), leaderCommit=16, initializing? false, entries: size=1, first=(t:2, i:19), STATEMACHINELOGENTRY, client-7D300BD32A51, cid=55
2019-09-12 04:44:30,628 [java.util.concurrent.ThreadPoolExecutor$Worker@1c8130ff[State = -1, empty queue]] WARN  server.GrpcLogAppender (GrpcLogAppender.java:timeoutAppendRequest(200)) - eec7f56f-87bd-4e59-a43c-c5b862436b1c@group-F3FC0297FA2D->6a9b9dd7-7806-4506-bdaf-7a94c8190a08-GrpcLogAppender: appendEntries Timeout, request=eec7f56f-87bd-4e59-a43c-c5b862436b1c->6a9b9dd7-7806-4506-bdaf-7a94c8190a08#69-t2, previous=(t:2, i:19), leaderCommit=16, initializing? false, entries: size=1, first=(t:2, i:20), STATEMACHINELOGENTRY, client-7D300BD32A51, cid=56
2019-09-12 04:44:30,631 [java.util.concurrent.ThreadPoolExecutor$Worker@faa1c29[State = -1, empty queue]] WARN  server.GrpcLogAppender (GrpcLogAppender.java:timeoutAppendRequest(200)) - eec7f56f-87bd-4e59-a43c-c5b862436b1c@group-F3FC0297FA2D->2534340d-8749-41cd-9451-53923b204706-GrpcLogAppender: appendEntries Timeout, request=eec7f56f-87bd-4e59-a43c-c5b862436b1c->2534340d-8749-41cd-9451-53923b204706#69-t2, previous=(t:2, i:19), leaderCommit=16, initializing? false, entries: size=1, first=(t:2, i:20), STATEMACHINELOGENTRY, client-7D300BD32A51, cid=56
2019-09-12 04:44:30,780 [grpc-default-executor-4] WARN  server.GrpcLogAppender (LogUtils.java:warn(134)) - dc062215-230a-40c1-88c1-e0a4fdad3ac4@group-4108054CE771->f262dcb5-fcde-4b4d-8116-9712eaf07b60-AppendLogResponseHandler: Failed appendEntries: org.apache.ratis.thirdparty.io.grpc.StatusRuntimeException: UNAVAILABLE: io exception
2019-09-12 04:44:30,788 [grpc-default-executor-4] INFO  impl.FollowerInfo (FollowerInfo.java:lambda$new$0(51)) - dc062215-230a-40c1-88c1-e0a4fdad3ac4@group-4108054CE771->f262dcb5-fcde-4b4d-8116-9712eaf07b60: nextIndex: updateUnconditionally 0 -> 0
2019-09-12 04:44:31,116 [java.util.concurrent.ThreadPoolExecutor$Worker@1c8130ff[State = -1, empty queue]] WARN  server.GrpcLogAppender (GrpcLogAppender.java:timeoutAppendRequest(200)) - eec7f56f-87bd-4e59-a43c-c5b862436b1c@group-F3FC0297FA2D->6a9b9dd7-7806-4506-bdaf-7a94c8190a08-GrpcLogAppender: appendEntries Timeout, request=eec7f56f-87bd-4e59-a43c-c5b862436b1c->6a9b9dd7-7806-4506-bdaf-7a94c8190a08#70-t2, previous=(t:2, i:20), leaderCommit=16, initializing? false, entries: <empty>
2019-09-12 04:44:31,116 [java.util.concurrent.ThreadPoolExecutor$Worker@faa1c29[State = -1, empty queue]] WARN  server.GrpcLogAppender (GrpcLogAppender.java:timeoutAppendRequest(200)) - eec7f56f-87bd-4e59-a43c-c5b862436b1c@group-F3FC0297FA2D->2534340d-8749-41cd-9451-53923b204706-GrpcLogAppender: appendEntries Timeout, request=eec7f56f-87bd-4e59-a43c-c5b862436b1c->2534340d-8749-41cd-9451-53923b204706#70-t2, previous=(t:2, i:20), leaderCommit=16, initializing? false, entries: <empty>
2019-09-12 04:44:31,281 [grpc-default-executor-6] WARN  server.GrpcLogAppender (LogUtils.java:warn(134)) - dc062215-230a-40c1-88c1-e0a4fdad3ac4@group-4108054CE771->f262dcb5-fcde-4b4d-8116-9712eaf07b60-AppendLogResponseHandler: Failed appendEntries: org.apache.ratis.thirdparty.io.grpc.StatusRuntimeException: UNAVAILABLE: io exception
2019-09-12 04:44:31,285 [grpc-default-executor-6] INFO  impl.FollowerInfo (FollowerInfo.java:lambda$new$0(51)) - dc062215-230a-40c1-88c1-e0a4fdad3ac4@group-4108054CE771->f262dcb5-fcde-4b4d-8116-9712eaf07b60: nextIndex: updateUnconditionally 0 -> 0
2019-09-12 04:44:31,617 [java.util.concurrent.ThreadPoolExecutor$Worker@faa1c29[State = -1, empty queue]] WARN  server.GrpcLogAppender (GrpcLogAppender.java:timeoutAppendRequest(200)) - eec7f56f-87bd-4e59-a43c-c5b862436b1c@group-F3FC0297FA2D->2534340d-8749-41cd-9451-53923b204706-GrpcLogAppender: appendEntries Timeout, request=eec7f56f-87bd-4e59-a43c-c5b862436b1c->2534340d-8749-41cd-9451-53923b204706#71-t2, previous=(t:2, i:20), leaderCommit=16, initializing? false, entries: <empty>
2019-09-12 04:44:31,617 [java.util.concurrent.ThreadPoolExecutor$Worker@1c8130ff[State = -1, empty queue]] WARN  server.GrpcLogAppender (GrpcLogAppender.java:timeoutAppendRequest(200)) - eec7f56f-87bd-4e59-a43c-c5b862436b1c@group-F3FC0297FA2D->6a9b9dd7-7806-4506-bdaf-7a94c8190a08-GrpcLogAppender: appendEntries Timeout, request=eec7f56f-87bd-4e59-a43c-c5b862436b1c->6a9b9dd7-7806-4506-bdaf-7a94c8190a08#71-t2, previous=(t:2, i:20), leaderCommit=16, initializing? false, entries: <empty>
2019-09-12 04:44:31,783 [grpc-default-executor-3] WARN  server.GrpcLogAppender (LogUtils.java:warn(134)) - dc062215-230a-40c1-88c1-e0a4fdad3ac4@group-4108054CE771->f262dcb5-fcde-4b4d-8116-9712eaf07b60-AppendLogResponseHandler: Failed appendEntries: org.apache.ratis.thirdparty.io.grpc.StatusRuntimeException: UNAVAILABLE: io exception
2019-09-12 04:44:31,786 [grpc-default-executor-3] INFO  impl.FollowerInfo (FollowerInfo.java:lambda$new$0(51)) - dc062215-230a-40c1-88c1-e0a4fdad3ac4@group-4108054CE771->f262dcb5-fcde-4b4d-8116-9712eaf07b60: nextIndex: updateUnconditionally 0 -> 0
2019-09-12 04:44:31,815 [java.util.concurrent.ThreadPoolExecutor$Worker@55ae3b8[State = -1, empty queue]] WARN  server.GrpcLogAppender (GrpcLogAppender.java:timeoutAppendRequest(200)) - dc062215-230a-40c1-88c1-e0a4fdad3ac4@group-4108054CE771->11629c23-30ab-483c-81ff-e86f5fb16847-GrpcLogAppender: appendEntries Timeout, request=dc062215-230a-40c1-88c1-e0a4fdad3ac4->11629c23-30ab-483c-81ff-e86f5fb16847#1-t3, previous=(t:2, i:20), leaderCommit=16, initializing? false, entries: size=1, first=(t:3, i:21), CONFIGURATIONENTRY
2019-09-12 04:44:32,117 [java.util.concurrent.ThreadPoolExecutor$Worker@1c8130ff[State = -1, empty queue]] WARN  server.GrpcLogAppender (GrpcLogAppender.java:timeoutAppendRequest(200)) - eec7f56f-87bd-4e59-a43c-c5b862436b1c@group-F3FC0297FA2D->6a9b9dd7-7806-4506-bdaf-7a94c8190a08-GrpcLogAppender: appendEntries Timeout, request=eec7f56f-87bd-4e59-a43c-c5b862436b1c->6a9b9dd7-7806-4506-bdaf-7a94c8190a08#72-t2, previous=(t:2, i:20), leaderCommit=16, initializing? false, entries: <empty>
2019-09-12 04:44:32,117 [java.util.concurrent.ThreadPoolExecutor$Worker@faa1c29[State = -1, empty queue]] WARN  server.GrpcLogAppender (GrpcLogAppender.java:timeoutAppendRequest(200)) - eec7f56f-87bd-4e59-a43c-c5b862436b1c@group-F3FC0297FA2D->2534340d-8749-41cd-9451-53923b204706-GrpcLogAppender: appendEntries Timeout, request=eec7f56f-87bd-4e59-a43c-c5b862436b1c->2534340d-8749-41cd-9451-53923b204706#72-t2, previous=(t:2, i:20), leaderCommit=16, initializing? false, entries: <empty>
2019-09-12 04:44:32,283 [grpc-default-executor-6] WARN  server.GrpcLogAppender (LogUtils.java:warn(134)) - dc062215-230a-40c1-88c1-e0a4fdad3ac4@group-4108054CE771->f262dcb5-fcde-4b4d-8116-9712eaf07b60-AppendLogResponseHandler: Failed appendEntries: org.apache.ratis.thirdparty.io.grpc.StatusRuntimeException: UNAVAILABLE: io exception
2019-09-12 04:44:32,287 [grpc-default-executor-6] INFO  impl.FollowerInfo (FollowerInfo.java:lambda$new$0(51)) - dc062215-230a-40c1-88c1-e0a4fdad3ac4@group-4108054CE771->f262dcb5-fcde-4b4d-8116-9712eaf07b60: nextIndex: updateUnconditionally 0 -> 0
2019-09-12 04:44:32,315 [java.util.concurrent.ThreadPoolExecutor$Worker@55ae3b8[State = -1, empty queue]] WARN  server.GrpcLogAppender (GrpcLogAppender.java:timeoutAppendRequest(200)) - dc062215-230a-40c1-88c1-e0a4fdad3ac4@group-4108054CE771->11629c23-30ab-483c-81ff-e86f5fb16847-GrpcLogAppender: appendEntries Timeout, request=dc062215-230a-40c1-88c1-e0a4fdad3ac4->11629c23-30ab-483c-81ff-e86f5fb16847#2-t3, previous=(t:3, i:21), leaderCommit=16, initializing? false, entries: <empty>
2019-09-12 04:44:32,617 [java.util.concurrent.ThreadPoolExecutor$Worker@faa1c29[State = -1, empty queue]] WARN  server.GrpcLogAppender (GrpcLogAppender.java:timeoutAppendRequest(200)) - eec7f56f-87bd-4e59-a43c-c5b862436b1c@group-F3FC0297FA2D->2534340d-8749-41cd-9451-53923b204706-GrpcLogAppender: appendEntries Timeout, request=eec7f56f-87bd-4e59-a43c-c5b862436b1c->2534340d-8749-41cd-9451-53923b204706#73-t2, previous=(t:2, i:20), leaderCommit=16, initializing? false, entries: <empty>
2019-09-12 04:44:32,617 [java.util.concurrent.ThreadPoolExecutor$Worker@1c8130ff[State = -1, empty queue]] WARN  server.GrpcLogAppender (GrpcLogAppender.java:timeoutAppendRequest(200)) - eec7f56f-87bd-4e59-a43c-c5b862436b1c@group-F3FC0297FA2D->6a9b9dd7-7806-4506-bdaf-7a94c8190a08-GrpcLogAppender: appendEntries Timeout, request=eec7f56f-87bd-4e59-a43c-c5b862436b1c->6a9b9dd7-7806-4506-bdaf-7a94c8190a08#73-t2, previous=(t:2, i:20), leaderCommit=16, initializing? false, entries: <empty>
2019-09-12 04:44:32,660 [grpc-default-executor-4] INFO  client.GrpcClientProtocolClient (GrpcClientProtocolClient.java:onNext(264)) - client-7D300BD32A51->2534340d-8749-41cd-9451-53923b204706: receive RaftClientReply:client-7D300BD32A51->2534340d-8749-41cd-9451-53923b204706@group-F3FC0297FA2D, cid=53, FAILED org.apache.ratis.protocol.NotLeaderException: Server 2534340d-8749-41cd-9451-53923b204706@group-F3FC0297FA2D is not the leader eec7f56f-87bd-4e59-a43c-c5b862436b1c:192.168.34.8:37396, logIndex=0, commits[2534340d-8749-41cd-9451-53923b204706:c16, eec7f56f-87bd-4e59-a43c-c5b862436b1c:c16, 6a9b9dd7-7806-4506-bdaf-7a94c8190a08:c12]
2019-09-12 04:44:32,784 [grpc-default-executor-4] WARN  server.GrpcLogAppender (LogUtils.java:warn(134)) - dc062215-230a-40c1-88c1-e0a4fdad3ac4@group-4108054CE771->f262dcb5-fcde-4b4d-8116-9712eaf07b60-AppendLogResponseHandler: Failed appendEntries: org.apache.ratis.thirdparty.io.grpc.StatusRuntimeException: UNAVAILABLE: io exception
2019-09-12 04:44:32,788 [grpc-default-executor-4] INFO  impl.FollowerInfo (FollowerInfo.java:lambda$new$0(51)) - dc062215-230a-40c1-88c1-e0a4fdad3ac4@group-4108054CE771->f262dcb5-fcde-4b4d-8116-9712eaf07b60: nextIndex: updateUnconditionally 0 -> 0
2019-09-12 04:44:32,816 [java.util.concurrent.ThreadPoolExecutor$Worker@55ae3b8[State = -1, empty queue]] WARN  server.GrpcLogAppender (GrpcLogAppender.java:timeoutAppendRequest(200)) - dc062215-230a-40c1-88c1-e0a4fdad3ac4@group-4108054CE771->11629c23-30ab-483c-81ff-e86f5fb16847-GrpcLogAppender: appendEntries Timeout, request=dc062215-230a-40c1-88c1-e0a4fdad3ac4->11629c23-30ab-483c-81ff-e86f5fb16847#3-t3, previous=(t:3, i:21), leaderCommit=16, initializing? false, entries: <empty>
2019-09-12 04:44:32,941 [11629c23-30ab-483c-81ff-e86f5fb16847@group-4108054CE771-SegmentedRaftLogWorker] WARN  segmented.SegmentedRaftLogWorker (SegmentedRaftLogWorker.java:getFromFuture(90)) - Timeout 2/~
org.apache.ratis.protocol.TimeoutIOException: Timeout 10s: WriteLog:17: (t:2, i:17), STATEMACHINELOGENTRY, client-7852974D6869, cid=29-writeStateMachineData
	at org.apache.ratis.util.IOUtils.getFromFuture(IOUtils.java:87)
	at org.apache.ratis.server.raftlog.segmented.SegmentedRaftLogWorker$StateMachineDataPolicy.getFromFuture(SegmentedRaftLogWorker.java:87)
	at org.apache.ratis.server.raftlog.segmented.SegmentedRaftLogWorker$WriteLog.execute(SegmentedRaftLogWorker.java:477)
	at org.apache.ratis.server.raftlog.segmented.SegmentedRaftLogWorker.run(SegmentedRaftLogWorker.java:289)
	at java.lang.Thread.run(Thread.java:748)
Caused by: java.util.concurrent.TimeoutException
	at java.util.concurrent.CompletableFuture.timedGet(CompletableFuture.java:1771)
	at java.util.concurrent.CompletableFuture.get(CompletableFuture.java:1915)
	at org.apache.ratis.util.IOUtils.getFromFuture(IOUtils.java:79)
	... 4 more
2019-09-12 04:44:33,118 [java.util.concurrent.ThreadPoolExecutor$Worker@1c8130ff[State = -1, empty queue]] WARN  server.GrpcLogAppender (GrpcLogAppender.java:timeoutAppendRequest(200)) - eec7f56f-87bd-4e59-a43c-c5b862436b1c@group-F3FC0297FA2D->6a9b9dd7-7806-4506-bdaf-7a94c8190a08-GrpcLogAppender: appendEntries Timeout, request=eec7f56f-87bd-4e59-a43c-c5b862436b1c->6a9b9dd7-7806-4506-bdaf-7a94c8190a08#74-t2, previous=(t:2, i:20), leaderCommit=16, initializing? false, entries: <empty>
2019-09-12 04:44:33,118 [java.util.concurrent.ThreadPoolExecutor$Worker@faa1c29[State = -1, empty queue]] WARN  server.GrpcLogAppender (GrpcLogAppender.java:timeoutAppendRequest(200)) - eec7f56f-87bd-4e59-a43c-c5b862436b1c@group-F3FC0297FA2D->2534340d-8749-41cd-9451-53923b204706-GrpcLogAppender: appendEntries Timeout, request=eec7f56f-87bd-4e59-a43c-c5b862436b1c->2534340d-8749-41cd-9451-53923b204706#74-t2, previous=(t:2, i:20), leaderCommit=16, initializing? false, entries: <empty>
2019-09-12 04:44:33,285 [grpc-default-executor-3] WARN  server.GrpcLogAppender (LogUtils.java:warn(134)) - dc062215-230a-40c1-88c1-e0a4fdad3ac4@group-4108054CE771->f262dcb5-fcde-4b4d-8116-9712eaf07b60-AppendLogResponseHandler: Failed appendEntries: org.apache.ratis.thirdparty.io.grpc.StatusRuntimeException: UNAVAILABLE: io exception
2019-09-12 04:44:33,291 [grpc-default-executor-3] INFO  impl.FollowerInfo (FollowerInfo.java:lambda$new$0(51)) - dc062215-230a-40c1-88c1-e0a4fdad3ac4@group-4108054CE771->f262dcb5-fcde-4b4d-8116-9712eaf07b60: nextIndex: updateUnconditionally 0 -> 0
2019-09-12 04:44:33,316 [java.util.concurrent.ThreadPoolExecutor$Worker@55ae3b8[State = -1, empty queue]] WARN  server.GrpcLogAppender (GrpcLogAppender.java:timeoutAppendRequest(200)) - dc062215-230a-40c1-88c1-e0a4fdad3ac4@group-4108054CE771->11629c23-30ab-483c-81ff-e86f5fb16847-GrpcLogAppender: appendEntries Timeout, request=dc062215-230a-40c1-88c1-e0a4fdad3ac4->11629c23-30ab-483c-81ff-e86f5fb16847#4-t3, previous=(t:3, i:21), leaderCommit=16, initializing? false, entries: <empty>
2019-09-12 04:44:33,629 [java.util.concurrent.ThreadPoolExecutor$Worker@1c8130ff[State = -1, empty queue]] WARN  server.GrpcLogAppender (GrpcLogAppender.java:timeoutAppendRequest(200)) - eec7f56f-87bd-4e59-a43c-c5b862436b1c@group-F3FC0297FA2D->6a9b9dd7-7806-4506-bdaf-7a94c8190a08-GrpcLogAppender: appendEntries Timeout, request=eec7f56f-87bd-4e59-a43c-c5b862436b1c->6a9b9dd7-7806-4506-bdaf-7a94c8190a08#75-t2, previous=(t:2, i:20), leaderCommit=16, initializing? false, entries: <empty>
2019-09-12 04:44:33,629 [java.util.concurrent.ThreadPoolExecutor$Worker@faa1c29[State = -1, empty queue]] WARN  server.GrpcLogAppender (GrpcLogAppender.java:timeoutAppendRequest(200)) - eec7f56f-87bd-4e59-a43c-c5b862436b1c@group-F3FC0297FA2D->2534340d-8749-41cd-9451-53923b204706-GrpcLogAppender: appendEntries Timeout, request=eec7f56f-87bd-4e59-a43c-c5b862436b1c->2534340d-8749-41cd-9451-53923b204706#75-t2, previous=(t:2, i:20), leaderCommit=16, initializing? false, entries: <empty>
2019-09-12 04:44:33,787 [grpc-default-executor-4] WARN  server.GrpcLogAppender (LogUtils.java:warn(134)) - dc062215-230a-40c1-88c1-e0a4fdad3ac4@group-4108054CE771->f262dcb5-fcde-4b4d-8116-9712eaf07b60-AppendLogResponseHandler: Failed appendEntries: org.apache.ratis.thirdparty.io.grpc.StatusRuntimeException: UNAVAILABLE: io exception
2019-09-12 04:44:33,791 [grpc-default-executor-4] INFO  impl.FollowerInfo (FollowerInfo.java:lambda$new$0(51)) - dc062215-230a-40c1-88c1-e0a4fdad3ac4@group-4108054CE771->f262dcb5-fcde-4b4d-8116-9712eaf07b60: nextIndex: updateUnconditionally 0 -> 0
2019-09-12 04:44:33,817 [java.util.concurrent.ThreadPoolExecutor$Worker@55ae3b8[State = -1, empty queue]] WARN  server.GrpcLogAppender (GrpcLogAppender.java:timeoutAppendRequest(200)) - dc062215-230a-40c1-88c1-e0a4fdad3ac4@group-4108054CE771->11629c23-30ab-483c-81ff-e86f5fb16847-GrpcLogAppender: appendEntries Timeout, request=dc062215-230a-40c1-88c1-e0a4fdad3ac4->11629c23-30ab-483c-81ff-e86f5fb16847#5-t3, previous=(t:3, i:21), leaderCommit=16, initializing? false, entries: <empty>
2019-09-12 04:44:34,129 [java.util.concurrent.ThreadPoolExecutor$Worker@1c8130ff[State = -1, empty queue]] WARN  server.GrpcLogAppender (GrpcLogAppender.java:timeoutAppendRequest(200)) - eec7f56f-87bd-4e59-a43c-c5b862436b1c@group-F3FC0297FA2D->6a9b9dd7-7806-4506-bdaf-7a94c8190a08-GrpcLogAppender: appendEntries Timeout, request=eec7f56f-87bd-4e59-a43c-c5b862436b1c->6a9b9dd7-7806-4506-bdaf-7a94c8190a08#76-t2, previous=(t:2, i:20), leaderCommit=16, initializing? false, entries: <empty>
2019-09-12 04:44:34,129 [java.util.concurrent.ThreadPoolExecutor$Worker@faa1c29[State = -1, empty queue]] WARN  server.GrpcLogAppender (GrpcLogAppender.java:timeoutAppendRequest(200)) - eec7f56f-87bd-4e59-a43c-c5b862436b1c@group-F3FC0297FA2D->2534340d-8749-41cd-9451-53923b204706-GrpcLogAppender: appendEntries Timeout, request=eec7f56f-87bd-4e59-a43c-c5b862436b1c->2534340d-8749-41cd-9451-53923b204706#76-t2, previous=(t:2, i:20), leaderCommit=16, initializing? false, entries: <empty>
2019-09-12 04:44:34,288 [grpc-default-executor-3] WARN  server.GrpcLogAppender (LogUtils.java:warn(134)) - dc062215-230a-40c1-88c1-e0a4fdad3ac4@group-4108054CE771->f262dcb5-fcde-4b4d-8116-9712eaf07b60-AppendLogResponseHandler: Failed appendEntries: org.apache.ratis.thirdparty.io.grpc.StatusRuntimeException: UNAVAILABLE: io exception
2019-09-12 04:44:34,291 [grpc-default-executor-3] INFO  impl.FollowerInfo (FollowerInfo.java:lambda$new$0(51)) - dc062215-230a-40c1-88c1-e0a4fdad3ac4@group-4108054CE771->f262dcb5-fcde-4b4d-8116-9712eaf07b60: nextIndex: updateUnconditionally 0 -> 0
2019-09-12 04:44:34,317 [java.util.concurrent.ThreadPoolExecutor$Worker@55ae3b8[State = -1, empty queue]] WARN  server.GrpcLogAppender (GrpcLogAppender.java:timeoutAppendRequest(200)) - dc062215-230a-40c1-88c1-e0a4fdad3ac4@group-4108054CE771->11629c23-30ab-483c-81ff-e86f5fb16847-GrpcLogAppender: appendEntries Timeout, request=dc062215-230a-40c1-88c1-e0a4fdad3ac4->11629c23-30ab-483c-81ff-e86f5fb16847#6-t3, previous=(t:3, i:21), leaderCommit=16, initializing? false, entries: <empty>
2019-09-12 04:44:34,640 [java.util.concurrent.ThreadPoolExecutor$Worker@1c8130ff[State = -1, empty queue]] WARN  server.GrpcLogAppender (GrpcLogAppender.java:timeoutAppendRequest(200)) - eec7f56f-87bd-4e59-a43c-c5b862436b1c@group-F3FC0297FA2D->6a9b9dd7-7806-4506-bdaf-7a94c8190a08-GrpcLogAppender: appendEntries Timeout, request=eec7f56f-87bd-4e59-a43c-c5b862436b1c->6a9b9dd7-7806-4506-bdaf-7a94c8190a08#77-t2, previous=(t:2, i:20), leaderCommit=16, initializing? false, entries: <empty>
2019-09-12 04:44:34,640 [java.util.concurrent.ThreadPoolExecutor$Worker@faa1c29[State = -1, empty queue]] WARN  server.GrpcLogAppender (GrpcLogAppender.java:timeoutAppendRequest(200)) - eec7f56f-87bd-4e59-a43c-c5b862436b1c@group-F3FC0297FA2D->2534340d-8749-41cd-9451-53923b204706-GrpcLogAppender: appendEntries Timeout, request=eec7f56f-87bd-4e59-a43c-c5b862436b1c->2534340d-8749-41cd-9451-53923b204706#77-t2, previous=(t:2, i:20), leaderCommit=16, initializing? false, entries: <empty>
2019-09-12 04:44:34,790 [grpc-default-executor-6] WARN  server.GrpcLogAppender (LogUtils.java:warn(134)) - dc062215-230a-40c1-88c1-e0a4fdad3ac4@group-4108054CE771->f262dcb5-fcde-4b4d-8116-9712eaf07b60-AppendLogResponseHandler: Failed appendEntries: org.apache.ratis.thirdparty.io.grpc.StatusRuntimeException: UNAVAILABLE: io exception
2019-09-12 04:44:34,799 [grpc-default-executor-6] INFO  impl.FollowerInfo (FollowerInfo.java:lambda$new$0(51)) - dc062215-230a-40c1-88c1-e0a4fdad3ac4@group-4108054CE771->f262dcb5-fcde-4b4d-8116-9712eaf07b60: nextIndex: updateUnconditionally 0 -> 0
2019-09-12 04:44:34,817 [java.util.concurrent.ThreadPoolExecutor$Worker@55ae3b8[State = -1, empty queue]] WARN  server.GrpcLogAppender (GrpcLogAppender.java:timeoutAppendRequest(200)) - dc062215-230a-40c1-88c1-e0a4fdad3ac4@group-4108054CE771->11629c23-30ab-483c-81ff-e86f5fb16847-GrpcLogAppender: appendEntries Timeout, request=dc062215-230a-40c1-88c1-e0a4fdad3ac4->11629c23-30ab-483c-81ff-e86f5fb16847#7-t3, previous=(t:3, i:21), leaderCommit=16, initializing? false, entries: <empty>
2019-09-12 04:44:35,140 [java.util.concurrent.ThreadPoolExecutor$Worker@1c8130ff[State = -1, empty queue]] WARN  server.GrpcLogAppender (GrpcLogAppender.java:timeoutAppendRequest(200)) - eec7f56f-87bd-4e59-a43c-c5b862436b1c@group-F3FC0297FA2D->6a9b9dd7-7806-4506-bdaf-7a94c8190a08-GrpcLogAppender: appendEntries Timeout, request=eec7f56f-87bd-4e59-a43c-c5b862436b1c->6a9b9dd7-7806-4506-bdaf-7a94c8190a08#78-t2, previous=(t:2, i:20), leaderCommit=16, initializing? false, entries: <empty>
2019-09-12 04:44:35,140 [java.util.concurrent.ThreadPoolExecutor$Worker@faa1c29[State = -1, empty queue]] WARN  server.GrpcLogAppender (GrpcLogAppender.java:timeoutAppendRequest(200)) - eec7f56f-87bd-4e59-a43c-c5b862436b1c@group-F3FC0297FA2D->2534340d-8749-41cd-9451-53923b204706-GrpcLogAppender: appendEntries Timeout, request=eec7f56f-87bd-4e59-a43c-c5b862436b1c->2534340d-8749-41cd-9451-53923b204706#78-t2, previous=(t:2, i:20), leaderCommit=16, initializing? false, entries: <empty>
2019-09-12 04:44:35,292 [grpc-default-executor-4] WARN  server.GrpcLogAppender (LogUtils.java:warn(134)) - dc062215-230a-40c1-88c1-e0a4fdad3ac4@group-4108054CE771->f262dcb5-fcde-4b4d-8116-9712eaf07b60-AppendLogResponseHandler: Failed appendEntries: org.apache.ratis.thirdparty.io.grpc.StatusRuntimeException: UNAVAILABLE: io exception
2019-09-12 04:44:35,298 [grpc-default-executor-4] INFO  impl.FollowerInfo (FollowerInfo.java:lambda$new$0(51)) - dc062215-230a-40c1-88c1-e0a4fdad3ac4@group-4108054CE771->f262dcb5-fcde-4b4d-8116-9712eaf07b60: nextIndex: updateUnconditionally 0 -> 0
2019-09-12 04:44:35,317 [java.util.concurrent.ThreadPoolExecutor$Worker@55ae3b8[State = -1, empty queue]] WARN  server.GrpcLogAppender (GrpcLogAppender.java:timeoutAppendRequest(200)) - dc062215-230a-40c1-88c1-e0a4fdad3ac4@group-4108054CE771->11629c23-30ab-483c-81ff-e86f5fb16847-GrpcLogAppender: appendEntries Timeout, request=dc062215-230a-40c1-88c1-e0a4fdad3ac4->11629c23-30ab-483c-81ff-e86f5fb16847#8-t3, previous=(t:3, i:21), leaderCommit=16, initializing? false, entries: <empty>
2019-09-12 04:44:35,641 [java.util.concurrent.ThreadPoolExecutor$Worker@1c8130ff[State = -1, empty queue]] WARN  server.GrpcLogAppender (GrpcLogAppender.java:timeoutAppendRequest(200)) - eec7f56f-87bd-4e59-a43c-c5b862436b1c@group-F3FC0297FA2D->6a9b9dd7-7806-4506-bdaf-7a94c8190a08-GrpcLogAppender: appendEntries Timeout, request=eec7f56f-87bd-4e59-a43c-c5b862436b1c->6a9b9dd7-7806-4506-bdaf-7a94c8190a08#79-t2, previous=(t:2, i:20), leaderCommit=16, initializing? false, entries: <empty>
2019-09-12 04:44:35,641 [java.util.concurrent.ThreadPoolExecutor$Worker@faa1c29[State = -1, empty queue]] WARN  server.GrpcLogAppender (GrpcLogAppender.java:timeoutAppendRequest(200)) - eec7f56f-87bd-4e59-a43c-c5b862436b1c@group-F3FC0297FA2D->2534340d-8749-41cd-9451-53923b204706-GrpcLogAppender: appendEntries Timeout, request=eec7f56f-87bd-4e59-a43c-c5b862436b1c->2534340d-8749-41cd-9451-53923b204706#79-t2, previous=(t:2, i:20), leaderCommit=16, initializing? false, entries: <empty>
2019-09-12 04:44:35,793 [grpc-default-executor-6] WARN  server.GrpcLogAppender (LogUtils.java:warn(134)) - dc062215-230a-40c1-88c1-e0a4fdad3ac4@group-4108054CE771->f262dcb5-fcde-4b4d-8116-9712eaf07b60-AppendLogResponseHandler: Failed appendEntries: org.apache.ratis.thirdparty.io.grpc.StatusRuntimeException: UNAVAILABLE: io exception
2019-09-12 04:44:35,797 [grpc-default-executor-6] INFO  impl.FollowerInfo (FollowerInfo.java:lambda$new$0(51)) - dc062215-230a-40c1-88c1-e0a4fdad3ac4@group-4108054CE771->f262dcb5-fcde-4b4d-8116-9712eaf07b60: nextIndex: updateUnconditionally 0 -> 0
2019-09-12 04:44:35,819 [java.util.concurrent.ThreadPoolExecutor$Worker@55ae3b8[State = -1, empty queue]] WARN  server.GrpcLogAppender (GrpcLogAppender.java:timeoutAppendRequest(200)) - dc062215-230a-40c1-88c1-e0a4fdad3ac4@group-4108054CE771->11629c23-30ab-483c-81ff-e86f5fb16847-GrpcLogAppender: appendEntries Timeout, request=dc062215-230a-40c1-88c1-e0a4fdad3ac4->11629c23-30ab-483c-81ff-e86f5fb16847#9-t3, previous=(t:3, i:21), leaderCommit=16, initializing? false, entries: <empty>
2019-09-12 04:44:36,141 [java.util.concurrent.ThreadPoolExecutor$Worker@1c8130ff[State = -1, empty queue]] WARN  server.GrpcLogAppender (GrpcLogAppender.java:timeoutAppendRequest(200)) - eec7f56f-87bd-4e59-a43c-c5b862436b1c@group-F3FC0297FA2D->6a9b9dd7-7806-4506-bdaf-7a94c8190a08-GrpcLogAppender: appendEntries Timeout, request=eec7f56f-87bd-4e59-a43c-c5b862436b1c->6a9b9dd7-7806-4506-bdaf-7a94c8190a08#80-t2, previous=(t:2, i:20), leaderCommit=16, initializing? false, entries: <empty>
2019-09-12 04:44:36,141 [java.util.concurrent.ThreadPoolExecutor$Worker@faa1c29[State = -1, empty queue]] WARN  server.GrpcLogAppender (GrpcLogAppender.java:timeoutAppendRequest(200)) - eec7f56f-87bd-4e59-a43c-c5b862436b1c@group-F3FC0297FA2D->2534340d-8749-41cd-9451-53923b204706-GrpcLogAppender: appendEntries Timeout, request=eec7f56f-87bd-4e59-a43c-c5b862436b1c->2534340d-8749-41cd-9451-53923b204706#80-t2, previous=(t:2, i:20), leaderCommit=16, initializing? false, entries: <empty>
2019-09-12 04:44:36,296 [grpc-default-executor-3] WARN  server.GrpcLogAppender (LogUtils.java:warn(134)) - dc062215-230a-40c1-88c1-e0a4fdad3ac4@group-4108054CE771->f262dcb5-fcde-4b4d-8116-9712eaf07b60-AppendLogResponseHandler: Failed appendEntries: org.apache.ratis.thirdparty.io.grpc.StatusRuntimeException: UNAVAILABLE: io exception
2019-09-12 04:44:36,302 [grpc-default-executor-3] INFO  impl.FollowerInfo (FollowerInfo.java:lambda$new$0(51)) - dc062215-230a-40c1-88c1-e0a4fdad3ac4@group-4108054CE771->f262dcb5-fcde-4b4d-8116-9712eaf07b60: nextIndex: updateUnconditionally 0 -> 0
2019-09-12 04:44:36,319 [java.util.concurrent.ThreadPoolExecutor$Worker@55ae3b8[State = -1, empty queue]] WARN  server.GrpcLogAppender (GrpcLogAppender.java:timeoutAppendRequest(200)) - dc062215-230a-40c1-88c1-e0a4fdad3ac4@group-4108054CE771->11629c23-30ab-483c-81ff-e86f5fb16847-GrpcLogAppender: appendEntries Timeout, request=dc062215-230a-40c1-88c1-e0a4fdad3ac4->11629c23-30ab-483c-81ff-e86f5fb16847#10-t3, previous=(t:3, i:21), leaderCommit=16, initializing? false, entries: <empty>
2019-09-12 04:44:36,641 [java.util.concurrent.ThreadPoolExecutor$Worker@faa1c29[State = -1, empty queue]] WARN  server.GrpcLogAppender (GrpcLogAppender.java:timeoutAppendRequest(200)) - eec7f56f-87bd-4e59-a43c-c5b862436b1c@group-F3FC0297FA2D->2534340d-8749-41cd-9451-53923b204706-GrpcLogAppender: appendEntries Timeout, request=eec7f56f-87bd-4e59-a43c-c5b862436b1c->2534340d-8749-41cd-9451-53923b204706#81-t2, previous=(t:2, i:20), leaderCommit=16, initializing? false, entries: <empty>
2019-09-12 04:44:36,641 [java.util.concurrent.ThreadPoolExecutor$Worker@1c8130ff[State = -1, empty queue]] WARN  server.GrpcLogAppender (GrpcLogAppender.java:timeoutAppendRequest(200)) - eec7f56f-87bd-4e59-a43c-c5b862436b1c@group-F3FC0297FA2D->6a9b9dd7-7806-4506-bdaf-7a94c8190a08-GrpcLogAppender: appendEntries Timeout, request=eec7f56f-87bd-4e59-a43c-c5b862436b1c->6a9b9dd7-7806-4506-bdaf-7a94c8190a08#81-t2, previous=(t:2, i:20), leaderCommit=16, initializing? false, entries: <empty>
2019-09-12 04:44:36,795 [grpc-default-executor-4] WARN  server.GrpcLogAppender (LogUtils.java:warn(134)) - dc062215-230a-40c1-88c1-e0a4fdad3ac4@group-4108054CE771->f262dcb5-fcde-4b4d-8116-9712eaf07b60-AppendLogResponseHandler: Failed appendEntries: org.apache.ratis.thirdparty.io.grpc.StatusRuntimeException: UNAVAILABLE: io exception
2019-09-12 04:44:36,798 [grpc-default-executor-4] INFO  impl.FollowerInfo (FollowerInfo.java:lambda$new$0(51)) - dc062215-230a-40c1-88c1-e0a4fdad3ac4@group-4108054CE771->f262dcb5-fcde-4b4d-8116-9712eaf07b60: nextIndex: updateUnconditionally 0 -> 0
2019-09-12 04:44:36,820 [java.util.concurrent.ThreadPoolExecutor$Worker@55ae3b8[State = -1, empty queue]] WARN  server.GrpcLogAppender (GrpcLogAppender.java:timeoutAppendRequest(200)) - dc062215-230a-40c1-88c1-e0a4fdad3ac4@group-4108054CE771->11629c23-30ab-483c-81ff-e86f5fb16847-GrpcLogAppender: appendEntries Timeout, request=dc062215-230a-40c1-88c1-e0a4fdad3ac4->11629c23-30ab-483c-81ff-e86f5fb16847#11-t3, previous=(t:3, i:21), leaderCommit=16, initializing? false, entries: <empty>
2019-09-12 04:44:37,142 [java.util.concurrent.ThreadPoolExecutor$Worker@1c8130ff[State = -1, empty queue]] WARN  server.GrpcLogAppender (GrpcLogAppender.java:timeoutAppendRequest(200)) - eec7f56f-87bd-4e59-a43c-c5b862436b1c@group-F3FC0297FA2D->6a9b9dd7-7806-4506-bdaf-7a94c8190a08-GrpcLogAppender: appendEntries Timeout, request=eec7f56f-87bd-4e59-a43c-c5b862436b1c->6a9b9dd7-7806-4506-bdaf-7a94c8190a08#82-t2, previous=(t:2, i:20), leaderCommit=16, initializing? false, entries: <empty>
2019-09-12 04:44:37,142 [java.util.concurrent.ThreadPoolExecutor$Worker@faa1c29[State = -1, empty queue]] WARN  server.GrpcLogAppender (GrpcLogAppender.java:timeoutAppendRequest(200)) - eec7f56f-87bd-4e59-a43c-c5b862436b1c@group-F3FC0297FA2D->2534340d-8749-41cd-9451-53923b204706-GrpcLogAppender: appendEntries Timeout, request=eec7f56f-87bd-4e59-a43c-c5b862436b1c->2534340d-8749-41cd-9451-53923b204706#82-t2, previous=(t:2, i:20), leaderCommit=16, initializing? false, entries: <empty>
2019-09-12 04:44:37,296 [grpc-default-executor-3] WARN  server.GrpcLogAppender (LogUtils.java:warn(134)) - dc062215-230a-40c1-88c1-e0a4fdad3ac4@group-4108054CE771->f262dcb5-fcde-4b4d-8116-9712eaf07b60-AppendLogResponseHandler: Failed appendEntries: org.apache.ratis.thirdparty.io.grpc.StatusRuntimeException: UNAVAILABLE: io exception
2019-09-12 04:44:37,300 [grpc-default-executor-3] INFO  impl.FollowerInfo (FollowerInfo.java:lambda$new$0(51)) - dc062215-230a-40c1-88c1-e0a4fdad3ac4@group-4108054CE771->f262dcb5-fcde-4b4d-8116-9712eaf07b60: nextIndex: updateUnconditionally 0 -> 0
2019-09-12 04:44:37,320 [java.util.concurrent.ThreadPoolExecutor$Worker@55ae3b8[State = -1, empty queue]] WARN  server.GrpcLogAppender (GrpcLogAppender.java:timeoutAppendRequest(200)) - dc062215-230a-40c1-88c1-e0a4fdad3ac4@group-4108054CE771->11629c23-30ab-483c-81ff-e86f5fb16847-GrpcLogAppender: appendEntries Timeout, request=dc062215-230a-40c1-88c1-e0a4fdad3ac4->11629c23-30ab-483c-81ff-e86f5fb16847#12-t3, previous=(t:3, i:21), leaderCommit=16, initializing? false, entries: <empty>
2019-09-12 04:44:37,611 [eec7f56f-87bd-4e59-a43c-c5b862436b1c@group-F3FC0297FA2D-SegmentedRaftLogWorker] WARN  segmented.SegmentedRaftLogWorker (SegmentedRaftLogWorker.java:getFromFuture(90)) - Timeout 0/~
org.apache.ratis.protocol.TimeoutIOException: Timeout 10s: WriteLog:17: (t:2, i:17), STATEMACHINELOGENTRY, client-7D300BD32A51, cid=53-writeStateMachineData
	at org.apache.ratis.util.IOUtils.getFromFuture(IOUtils.java:87)
	at org.apache.ratis.server.raftlog.segmented.SegmentedRaftLogWorker$StateMachineDataPolicy.getFromFuture(SegmentedRaftLogWorker.java:87)
	at org.apache.ratis.server.raftlog.segmented.SegmentedRaftLogWorker$WriteLog.execute(SegmentedRaftLogWorker.java:477)
	at org.apache.ratis.server.raftlog.segmented.SegmentedRaftLogWorker.run(SegmentedRaftLogWorker.java:289)
	at java.lang.Thread.run(Thread.java:748)
Caused by: java.util.concurrent.TimeoutException
	at java.util.concurrent.CompletableFuture.timedGet(CompletableFuture.java:1771)
	at java.util.concurrent.CompletableFuture.get(CompletableFuture.java:1915)
	at org.apache.ratis.util.IOUtils.getFromFuture(IOUtils.java:79)
	... 4 more
2019-09-12 04:44:37,616 [6a9b9dd7-7806-4506-bdaf-7a94c8190a08@group-F3FC0297FA2D-SegmentedRaftLogWorker] WARN  segmented.SegmentedRaftLogWorker (SegmentedRaftLogWorker.java:getFromFuture(90)) - Timeout 0/~
org.apache.ratis.protocol.TimeoutIOException: Timeout 10s: WriteLog:17: (t:2, i:17), STATEMACHINELOGENTRY, client-7D300BD32A51, cid=53-writeStateMachineData
	at org.apache.ratis.util.IOUtils.getFromFuture(IOUtils.java:87)
	at org.apache.ratis.server.raftlog.segmented.SegmentedRaftLogWorker$StateMachineDataPolicy.getFromFuture(SegmentedRaftLogWorker.java:87)
	at org.apache.ratis.server.raftlog.segmented.SegmentedRaftLogWorker$WriteLog.execute(SegmentedRaftLogWorker.java:477)
	at org.apache.ratis.server.raftlog.segmented.SegmentedRaftLogWorker.run(SegmentedRaftLogWorker.java:289)
	at java.lang.Thread.run(Thread.java:748)
Caused by: java.util.concurrent.TimeoutException
	at java.util.concurrent.CompletableFuture.timedGet(CompletableFuture.java:1771)
	at java.util.concurrent.CompletableFuture.get(CompletableFuture.java:1915)
	at org.apache.ratis.util.IOUtils.getFromFuture(IOUtils.java:79)
	... 4 more
2019-09-12 04:44:37,617 [2534340d-8749-41cd-9451-53923b204706@group-F3FC0297FA2D-SegmentedRaftLogWorker] WARN  segmented.SegmentedRaftLogWorker (SegmentedRaftLogWorker.java:getFromFuture(90)) - Timeout 0/~
org.apache.ratis.protocol.TimeoutIOException: Timeout 10s: WriteLog:17: (t:2, i:17), STATEMACHINELOGENTRY, client-7D300BD32A51, cid=53-writeStateMachineData
	at org.apache.ratis.util.IOUtils.getFromFuture(IOUtils.java:87)
	at org.apache.ratis.server.raftlog.segmented.SegmentedRaftLogWorker$StateMachineDataPolicy.getFromFuture(SegmentedRaftLogWorker.java:87)
	at org.apache.ratis.server.raftlog.segmented.SegmentedRaftLogWorker$WriteLog.execute(SegmentedRaftLogWorker.java:477)
	at org.apache.ratis.server.raftlog.segmented.SegmentedRaftLogWorker.run(SegmentedRaftLogWorker.java:289)
	at java.lang.Thread.run(Thread.java:748)
Caused by: java.util.concurrent.TimeoutException
	at java.util.concurrent.CompletableFuture.timedGet(CompletableFuture.java:1771)
	at java.util.concurrent.CompletableFuture.get(CompletableFuture.java:1915)
	at org.apache.ratis.util.IOUtils.getFromFuture(IOUtils.java:79)
	... 4 more
2019-09-12 04:44:37,642 [java.util.concurrent.ThreadPoolExecutor$Worker@1c8130ff[State = -1, empty queue]] WARN  server.GrpcLogAppender (GrpcLogAppender.java:timeoutAppendRequest(200)) - eec7f56f-87bd-4e59-a43c-c5b862436b1c@group-F3FC0297FA2D->6a9b9dd7-7806-4506-bdaf-7a94c8190a08-GrpcLogAppender: appendEntries Timeout, request=eec7f56f-87bd-4e59-a43c-c5b862436b1c->6a9b9dd7-7806-4506-bdaf-7a94c8190a08#83-t2, previous=(t:2, i:20), leaderCommit=16, initializing? false, entries: <empty>
2019-09-12 04:44:37,642 [java.util.concurrent.ThreadPoolExecutor$Worker@faa1c29[State = -1, empty queue]] WARN  server.GrpcLogAppender (GrpcLogAppender.java:timeoutAppendRequest(200)) - eec7f56f-87bd-4e59-a43c-c5b862436b1c@group-F3FC0297FA2D->2534340d-8749-41cd-9451-53923b204706-GrpcLogAppender: appendEntries Timeout, request=eec7f56f-87bd-4e59-a43c-c5b862436b1c->2534340d-8749-41cd-9451-53923b204706#83-t2, previous=(t:2, i:20), leaderCommit=16, initializing? false, entries: <empty>
2019-09-12 04:44:37,709 [grpc-default-executor-4] INFO  client.GrpcClientProtocolClient (GrpcClientProtocolClient.java:onNext(264)) - client-7D300BD32A51->6a9b9dd7-7806-4506-bdaf-7a94c8190a08: receive RaftClientReply:client-7D300BD32A51->6a9b9dd7-7806-4506-bdaf-7a94c8190a08@group-F3FC0297FA2D, cid=53, FAILED org.apache.ratis.protocol.NotLeaderException: Server 6a9b9dd7-7806-4506-bdaf-7a94c8190a08@group-F3FC0297FA2D is not the leader eec7f56f-87bd-4e59-a43c-c5b862436b1c:192.168.34.8:37396, logIndex=0, commits[6a9b9dd7-7806-4506-bdaf-7a94c8190a08:c16, eec7f56f-87bd-4e59-a43c-c5b862436b1c:c16, 2534340d-8749-41cd-9451-53923b204706:c12]
2019-09-12 04:44:37,797 [grpc-default-executor-6] WARN  server.GrpcLogAppender (LogUtils.java:warn(134)) - dc062215-230a-40c1-88c1-e0a4fdad3ac4@group-4108054CE771->f262dcb5-fcde-4b4d-8116-9712eaf07b60-AppendLogResponseHandler: Failed appendEntries: org.apache.ratis.thirdparty.io.grpc.StatusRuntimeException: UNAVAILABLE: io exception
2019-09-12 04:44:37,801 [grpc-default-executor-6] INFO  impl.FollowerInfo (FollowerInfo.java:lambda$new$0(51)) - dc062215-230a-40c1-88c1-e0a4fdad3ac4@group-4108054CE771->f262dcb5-fcde-4b4d-8116-9712eaf07b60: nextIndex: updateUnconditionally 0 -> 0
2019-09-12 04:44:37,820 [java.util.concurrent.ThreadPoolExecutor$Worker@55ae3b8[State = -1, empty queue]] WARN  server.GrpcLogAppender (GrpcLogAppender.java:timeoutAppendRequest(200)) - dc062215-230a-40c1-88c1-e0a4fdad3ac4@group-4108054CE771->11629c23-30ab-483c-81ff-e86f5fb16847-GrpcLogAppender: appendEntries Timeout, request=dc062215-230a-40c1-88c1-e0a4fdad3ac4->11629c23-30ab-483c-81ff-e86f5fb16847#13-t3, previous=(t:3, i:21), leaderCommit=16, initializing? false, entries: <empty>
2019-09-12 04:44:38,143 [java.util.concurrent.ThreadPoolExecutor$Worker@1c8130ff[State = -1, empty queue]] WARN  server.GrpcLogAppender (GrpcLogAppender.java:timeoutAppendRequest(200)) - eec7f56f-87bd-4e59-a43c-c5b862436b1c@group-F3FC0297FA2D->6a9b9dd7-7806-4506-bdaf-7a94c8190a08-GrpcLogAppender: appendEntries Timeout, request=eec7f56f-87bd-4e59-a43c-c5b862436b1c->6a9b9dd7-7806-4506-bdaf-7a94c8190a08#84-t2, previous=(t:2, i:20), leaderCommit=16, initializing? false, entries: <empty>
2019-09-12 04:44:38,143 [java.util.concurrent.ThreadPoolExecutor$Worker@faa1c29[State = -1, empty queue]] WARN  server.GrpcLogAppender (GrpcLogAppender.java:timeoutAppendRequest(200)) - eec7f56f-87bd-4e59-a43c-c5b862436b1c@group-F3FC0297FA2D->2534340d-8749-41cd-9451-53923b204706-GrpcLogAppender: appendEntries Timeout, request=eec7f56f-87bd-4e59-a43c-c5b862436b1c->2534340d-8749-41cd-9451-53923b204706#84-t2, previous=(t:2, i:20), leaderCommit=16, initializing? false, entries: <empty>
2019-09-12 04:44:38,321 [java.util.concurrent.ThreadPoolExecutor$Worker@55ae3b8[State = -1, empty queue]] WARN  server.GrpcLogAppender (GrpcLogAppender.java:timeoutAppendRequest(200)) - dc062215-230a-40c1-88c1-e0a4fdad3ac4@group-4108054CE771->11629c23-30ab-483c-81ff-e86f5fb16847-GrpcLogAppender: appendEntries Timeout, request=dc062215-230a-40c1-88c1-e0a4fdad3ac4->11629c23-30ab-483c-81ff-e86f5fb16847#14-t3, previous=(t:3, i:21), leaderCommit=16, initializing? false, entries: <empty>
2019-09-12 04:44:38,321 [grpc-default-executor-3] WARN  server.GrpcLogAppender (LogUtils.java:warn(134)) - dc062215-230a-40c1-88c1-e0a4fdad3ac4@group-4108054CE771->f262dcb5-fcde-4b4d-8116-9712eaf07b60-AppendLogResponseHandler: Failed appendEntries: org.apache.ratis.thirdparty.io.grpc.StatusRuntimeException: UNAVAILABLE: io exception
2019-09-12 04:44:38,324 [grpc-default-executor-3] INFO  impl.FollowerInfo (FollowerInfo.java:lambda$new$0(51)) - dc062215-230a-40c1-88c1-e0a4fdad3ac4@group-4108054CE771->f262dcb5-fcde-4b4d-8116-9712eaf07b60: nextIndex: updateUnconditionally 0 -> 0
2019-09-12 04:44:38,643 [java.util.concurrent.ThreadPoolExecutor$Worker@1c8130ff[State = -1, empty queue]] WARN  server.GrpcLogAppender (GrpcLogAppender.java:timeoutAppendRequest(200)) - eec7f56f-87bd-4e59-a43c-c5b862436b1c@group-F3FC0297FA2D->6a9b9dd7-7806-4506-bdaf-7a94c8190a08-GrpcLogAppender: appendEntries Timeout, request=eec7f56f-87bd-4e59-a43c-c5b862436b1c->6a9b9dd7-7806-4506-bdaf-7a94c8190a08#85-t2, previous=(t:2, i:20), leaderCommit=16, initializing? false, entries: <empty>
2019-09-12 04:44:38,643 [java.util.concurrent.ThreadPoolExecutor$Worker@faa1c29[State = -1, empty queue]] WARN  server.GrpcLogAppender (GrpcLogAppender.java:timeoutAppendRequest(200)) - eec7f56f-87bd-4e59-a43c-c5b862436b1c@group-F3FC0297FA2D->2534340d-8749-41cd-9451-53923b204706-GrpcLogAppender: appendEntries Timeout, request=eec7f56f-87bd-4e59-a43c-c5b862436b1c->2534340d-8749-41cd-9451-53923b204706#85-t2, previous=(t:2, i:20), leaderCommit=16, initializing? false, entries: <empty>
2019-09-12 04:44:38,799 [grpc-default-executor-6] WARN  server.GrpcLogAppender (LogUtils.java:warn(134)) - dc062215-230a-40c1-88c1-e0a4fdad3ac4@group-4108054CE771->f262dcb5-fcde-4b4d-8116-9712eaf07b60-AppendLogResponseHandler: Failed appendEntries: org.apache.ratis.thirdparty.io.grpc.StatusRuntimeException: UNAVAILABLE: io exception
2019-09-12 04:44:38,802 [grpc-default-executor-6] INFO  impl.FollowerInfo (FollowerInfo.java:lambda$new$0(51)) - dc062215-230a-40c1-88c1-e0a4fdad3ac4@group-4108054CE771->f262dcb5-fcde-4b4d-8116-9712eaf07b60: nextIndex: updateUnconditionally 0 -> 0
2019-09-12 04:44:38,821 [java.util.concurrent.ThreadPoolExecutor$Worker@55ae3b8[State = -1, empty queue]] WARN  server.GrpcLogAppender (GrpcLogAppender.java:timeoutAppendRequest(200)) - dc062215-230a-40c1-88c1-e0a4fdad3ac4@group-4108054CE771->11629c23-30ab-483c-81ff-e86f5fb16847-GrpcLogAppender: appendEntries Timeout, request=dc062215-230a-40c1-88c1-e0a4fdad3ac4->11629c23-30ab-483c-81ff-e86f5fb16847#15-t3, previous=(t:3, i:21), leaderCommit=16, initializing? false, entries: <empty>
2019-09-12 04:44:39,144 [java.util.concurrent.ThreadPoolExecutor$Worker@1c8130ff[State = -1, empty queue]] WARN  server.GrpcLogAppender (GrpcLogAppender.java:timeoutAppendRequest(200)) - eec7f56f-87bd-4e59-a43c-c5b862436b1c@group-F3FC0297FA2D->6a9b9dd7-7806-4506-bdaf-7a94c8190a08-GrpcLogAppender: appendEntries Timeout, request=eec7f56f-87bd-4e59-a43c-c5b862436b1c->6a9b9dd7-7806-4506-bdaf-7a94c8190a08#86-t2, previous=(t:2, i:20), leaderCommit=16, initializing? false, entries: <empty>
2019-09-12 04:44:39,144 [java.util.concurrent.ThreadPoolExecutor$Worker@faa1c29[State = -1, empty queue]] WARN  server.GrpcLogAppender (GrpcLogAppender.java:timeoutAppendRequest(200)) - eec7f56f-87bd-4e59-a43c-c5b862436b1c@group-F3FC0297FA2D->2534340d-8749-41cd-9451-53923b204706-GrpcLogAppender: appendEntries Timeout, request=eec7f56f-87bd-4e59-a43c-c5b862436b1c->2534340d-8749-41cd-9451-53923b204706#86-t2, previous=(t:2, i:20), leaderCommit=16, initializing? false, entries: <empty>
2019-09-12 04:44:39,299 [grpc-default-executor-3] WARN  server.GrpcLogAppender (LogUtils.java:warn(134)) - dc062215-230a-40c1-88c1-e0a4fdad3ac4@group-4108054CE771->f262dcb5-fcde-4b4d-8116-9712eaf07b60-AppendLogResponseHandler: Failed appendEntries: org.apache.ratis.thirdparty.io.grpc.StatusRuntimeException: UNAVAILABLE: io exception
2019-09-12 04:44:39,303 [grpc-default-executor-3] INFO  impl.FollowerInfo (FollowerInfo.java:lambda$new$0(51)) - dc062215-230a-40c1-88c1-e0a4fdad3ac4@group-4108054CE771->f262dcb5-fcde-4b4d-8116-9712eaf07b60: nextIndex: updateUnconditionally 0 -> 0
2019-09-12 04:44:39,321 [java.util.concurrent.ThreadPoolExecutor$Worker@55ae3b8[State = -1, empty queue]] WARN  server.GrpcLogAppender (GrpcLogAppender.java:timeoutAppendRequest(200)) - dc062215-230a-40c1-88c1-e0a4fdad3ac4@group-4108054CE771->11629c23-30ab-483c-81ff-e86f5fb16847-GrpcLogAppender: appendEntries Timeout, request=dc062215-230a-40c1-88c1-e0a4fdad3ac4->11629c23-30ab-483c-81ff-e86f5fb16847#16-t3, previous=(t:3, i:21), leaderCommit=16, initializing? false, entries: <empty>
2019-09-12 04:44:39,644 [java.util.concurrent.ThreadPoolExecutor$Worker@1c8130ff[State = -1, empty queue]] WARN  server.GrpcLogAppender (GrpcLogAppender.java:timeoutAppendRequest(200)) - eec7f56f-87bd-4e59-a43c-c5b862436b1c@group-F3FC0297FA2D->6a9b9dd7-7806-4506-bdaf-7a94c8190a08-GrpcLogAppender: appendEntries Timeout, request=eec7f56f-87bd-4e59-a43c-c5b862436b1c->6a9b9dd7-7806-4506-bdaf-7a94c8190a08#87-t2, previous=(t:2, i:20), leaderCommit=16, initializing? false, entries: <empty>
2019-09-12 04:44:39,644 [java.util.concurrent.ThreadPoolExecutor$Worker@faa1c29[State = -1, empty queue]] WARN  server.GrpcLogAppender (GrpcLogAppender.java:timeoutAppendRequest(200)) - eec7f56f-87bd-4e59-a43c-c5b862436b1c@group-F3FC0297FA2D->2534340d-8749-41cd-9451-53923b204706-GrpcLogAppender: appendEntries Timeout, request=eec7f56f-87bd-4e59-a43c-c5b862436b1c->2534340d-8749-41cd-9451-53923b204706#87-t2, previous=(t:2, i:20), leaderCommit=16, initializing? false, entries: <empty>
2019-09-12 04:44:39,800 [grpc-default-executor-6] WARN  server.GrpcLogAppender (LogUtils.java:warn(134)) - dc062215-230a-40c1-88c1-e0a4fdad3ac4@group-4108054CE771->f262dcb5-fcde-4b4d-8116-9712eaf07b60-AppendLogResponseHandler: Failed appendEntries: org.apache.ratis.thirdparty.io.grpc.StatusRuntimeException: UNAVAILABLE: io exception
2019-09-12 04:44:39,810 [grpc-default-executor-6] INFO  impl.FollowerInfo (FollowerInfo.java:lambda$new$0(51)) - dc062215-230a-40c1-88c1-e0a4fdad3ac4@group-4108054CE771->f262dcb5-fcde-4b4d-8116-9712eaf07b60: nextIndex: updateUnconditionally 0 -> 0
2019-09-12 04:44:39,822 [java.util.concurrent.ThreadPoolExecutor$Worker@55ae3b8[State = -1, empty queue]] WARN  server.GrpcLogAppender (GrpcLogAppender.java:timeoutAppendRequest(200)) - dc062215-230a-40c1-88c1-e0a4fdad3ac4@group-4108054CE771->11629c23-30ab-483c-81ff-e86f5fb16847-GrpcLogAppender: appendEntries Timeout, request=dc062215-230a-40c1-88c1-e0a4fdad3ac4->11629c23-30ab-483c-81ff-e86f5fb16847#17-t3, previous=(t:3, i:21), leaderCommit=16, initializing? false, entries: <empty>
2019-09-12 04:44:40,144 [java.util.concurrent.ThreadPoolExecutor$Worker@1c8130ff[State = -1, empty queue]] WARN  server.GrpcLogAppender (GrpcLogAppender.java:timeoutAppendRequest(200)) - eec7f56f-87bd-4e59-a43c-c5b862436b1c@group-F3FC0297FA2D->6a9b9dd7-7806-4506-bdaf-7a94c8190a08-GrpcLogAppender: appendEntries Timeout, request=eec7f56f-87bd-4e59-a43c-c5b862436b1c->6a9b9dd7-7806-4506-bdaf-7a94c8190a08#88-t2, previous=(t:2, i:20), leaderCommit=16, initializing? false, entries: <empty>
2019-09-12 04:44:40,145 [java.util.concurrent.ThreadPoolExecutor$Worker@faa1c29[State = -1, empty queue]] WARN  server.GrpcLogAppender (GrpcLogAppender.java:timeoutAppendRequest(200)) - eec7f56f-87bd-4e59-a43c-c5b862436b1c@group-F3FC0297FA2D->2534340d-8749-41cd-9451-53923b204706-GrpcLogAppender: appendEntries Timeout, request=eec7f56f-87bd-4e59-a43c-c5b862436b1c->2534340d-8749-41cd-9451-53923b204706#88-t2, previous=(t:2, i:20), leaderCommit=16, initializing? false, entries: <empty>
2019-09-12 04:44:40,302 [grpc-default-executor-4] WARN  server.GrpcLogAppender (LogUtils.java:warn(134)) - dc062215-230a-40c1-88c1-e0a4fdad3ac4@group-4108054CE771->f262dcb5-fcde-4b4d-8116-9712eaf07b60-AppendLogResponseHandler: Failed appendEntries: org.apache.ratis.thirdparty.io.grpc.StatusRuntimeException: UNAVAILABLE: io exception
2019-09-12 04:44:40,302 [grpc-default-executor-4] INFO  impl.FollowerInfo (FollowerInfo.java:lambda$new$0(51)) - dc062215-230a-40c1-88c1-e0a4fdad3ac4@group-4108054CE771->f262dcb5-fcde-4b4d-8116-9712eaf07b60: nextIndex: updateUnconditionally 0 -> 0
2019-09-12 04:44:40,322 [java.util.concurrent.ThreadPoolExecutor$Worker@55ae3b8[State = -1, empty queue]] WARN  server.GrpcLogAppender (GrpcLogAppender.java:timeoutAppendRequest(200)) - dc062215-230a-40c1-88c1-e0a4fdad3ac4@group-4108054CE771->11629c23-30ab-483c-81ff-e86f5fb16847-GrpcLogAppender: appendEntries Timeout, request=dc062215-230a-40c1-88c1-e0a4fdad3ac4->11629c23-30ab-483c-81ff-e86f5fb16847#18-t3, previous=(t:3, i:21), leaderCommit=16, initializing? false, entries: <empty>
2019-09-12 04:44:40,645 [java.util.concurrent.ThreadPoolExecutor$Worker@1c8130ff[State = -1, empty queue]] WARN  server.GrpcLogAppender (GrpcLogAppender.java:timeoutAppendRequest(200)) - eec7f56f-87bd-4e59-a43c-c5b862436b1c@group-F3FC0297FA2D->6a9b9dd7-7806-4506-bdaf-7a94c8190a08-GrpcLogAppender: appendEntries Timeout, request=eec7f56f-87bd-4e59-a43c-c5b862436b1c->6a9b9dd7-7806-4506-bdaf-7a94c8190a08#89-t2, previous=(t:2, i:20), leaderCommit=16, initializing? false, entries: <empty>
2019-09-12 04:44:40,645 [java.util.concurrent.ThreadPoolExecutor$Worker@faa1c29[State = -1, empty queue]] WARN  server.GrpcLogAppender (GrpcLogAppender.java:timeoutAppendRequest(200)) - eec7f56f-87bd-4e59-a43c-c5b862436b1c@group-F3FC0297FA2D->2534340d-8749-41cd-9451-53923b204706-GrpcLogAppender: appendEntries Timeout, request=eec7f56f-87bd-4e59-a43c-c5b862436b1c->2534340d-8749-41cd-9451-53923b204706#89-t2, previous=(t:2, i:20), leaderCommit=16, initializing? false, entries: <empty>
2019-09-12 04:44:40,802 [grpc-default-executor-6] WARN  server.GrpcLogAppender (LogUtils.java:warn(134)) - dc062215-230a-40c1-88c1-e0a4fdad3ac4@group-4108054CE771->f262dcb5-fcde-4b4d-8116-9712eaf07b60-AppendLogResponseHandler: Failed appendEntries: org.apache.ratis.thirdparty.io.grpc.StatusRuntimeException: UNAVAILABLE: io exception
2019-09-12 04:44:40,802 [grpc-default-executor-6] INFO  impl.FollowerInfo (FollowerInfo.java:lambda$new$0(51)) - dc062215-230a-40c1-88c1-e0a4fdad3ac4@group-4108054CE771->f262dcb5-fcde-4b4d-8116-9712eaf07b60: nextIndex: updateUnconditionally 0 -> 0
2019-09-12 04:44:40,823 [java.util.concurrent.ThreadPoolExecutor$Worker@55ae3b8[State = -1, empty queue]] WARN  server.GrpcLogAppender (GrpcLogAppender.java:timeoutAppendRequest(200)) - dc062215-230a-40c1-88c1-e0a4fdad3ac4@group-4108054CE771->11629c23-30ab-483c-81ff-e86f5fb16847-GrpcLogAppender: appendEntries Timeout, request=dc062215-230a-40c1-88c1-e0a4fdad3ac4->11629c23-30ab-483c-81ff-e86f5fb16847#19-t3, previous=(t:3, i:21), leaderCommit=16, initializing? false, entries: <empty>
2019-09-12 04:44:41,145 [java.util.concurrent.ThreadPoolExecutor$Worker@faa1c29[State = -1, empty queue]] WARN  server.GrpcLogAppender (GrpcLogAppender.java:timeoutAppendRequest(200)) - eec7f56f-87bd-4e59-a43c-c5b862436b1c@group-F3FC0297FA2D->2534340d-8749-41cd-9451-53923b204706-GrpcLogAppender: appendEntries Timeout, request=eec7f56f-87bd-4e59-a43c-c5b862436b1c->2534340d-8749-41cd-9451-53923b204706#90-t2, previous=(t:2, i:20), leaderCommit=16, initializing? false, entries: <empty>
2019-09-12 04:44:41,145 [java.util.concurrent.ThreadPoolExecutor$Worker@1c8130ff[State = -1, empty queue]] WARN  server.GrpcLogAppender (GrpcLogAppender.java:timeoutAppendRequest(200)) - eec7f56f-87bd-4e59-a43c-c5b862436b1c@group-F3FC0297FA2D->6a9b9dd7-7806-4506-bdaf-7a94c8190a08-GrpcLogAppender: appendEntries Timeout, request=eec7f56f-87bd-4e59-a43c-c5b862436b1c->6a9b9dd7-7806-4506-bdaf-7a94c8190a08#90-t2, previous=(t:2, i:20), leaderCommit=16, initializing? false, entries: <empty>
2019-09-12 04:44:41,303 [grpc-default-executor-4] WARN  server.GrpcLogAppender (LogUtils.java:warn(134)) - dc062215-230a-40c1-88c1-e0a4fdad3ac4@group-4108054CE771->f262dcb5-fcde-4b4d-8116-9712eaf07b60-AppendLogResponseHandler: Failed appendEntries: org.apache.ratis.thirdparty.io.grpc.StatusRuntimeException: UNAVAILABLE: io exception
2019-09-12 04:44:41,304 [grpc-default-executor-4] INFO  impl.FollowerInfo (FollowerInfo.java:lambda$new$0(51)) - dc062215-230a-40c1-88c1-e0a4fdad3ac4@group-4108054CE771->f262dcb5-fcde-4b4d-8116-9712eaf07b60: nextIndex: updateUnconditionally 0 -> 0
2019-09-12 04:44:41,324 [java.util.concurrent.ThreadPoolExecutor$Worker@55ae3b8[State = -1, empty queue]] WARN  server.GrpcLogAppender (GrpcLogAppender.java:timeoutAppendRequest(200)) - dc062215-230a-40c1-88c1-e0a4fdad3ac4@group-4108054CE771->11629c23-30ab-483c-81ff-e86f5fb16847-GrpcLogAppender: appendEntries Timeout, request=dc062215-230a-40c1-88c1-e0a4fdad3ac4->11629c23-30ab-483c-81ff-e86f5fb16847#20-t3, previous=(t:3, i:21), leaderCommit=16, initializing? false, entries: <empty>
2019-09-12 04:44:41,645 [java.util.concurrent.ThreadPoolExecutor$Worker@1c8130ff[State = -1, empty queue]] WARN  server.GrpcLogAppender (GrpcLogAppender.java:timeoutAppendRequest(200)) - eec7f56f-87bd-4e59-a43c-c5b862436b1c@group-F3FC0297FA2D->6a9b9dd7-7806-4506-bdaf-7a94c8190a08-GrpcLogAppender: appendEntries Timeout, request=eec7f56f-87bd-4e59-a43c-c5b862436b1c->6a9b9dd7-7806-4506-bdaf-7a94c8190a08#91-t2, previous=(t:2, i:20), leaderCommit=16, initializing? false, entries: <empty>
2019-09-12 04:44:41,645 [java.util.concurrent.ThreadPoolExecutor$Worker@faa1c29[State = -1, empty queue]] WARN  server.GrpcLogAppender (GrpcLogAppender.java:timeoutAppendRequest(200)) - eec7f56f-87bd-4e59-a43c-c5b862436b1c@group-F3FC0297FA2D->2534340d-8749-41cd-9451-53923b204706-GrpcLogAppender: appendEntries Timeout, request=eec7f56f-87bd-4e59-a43c-c5b862436b1c->2534340d-8749-41cd-9451-53923b204706#91-t2, previous=(t:2, i:20), leaderCommit=16, initializing? false, entries: <empty>
2019-09-12 04:44:41,804 [grpc-default-executor-3] WARN  server.GrpcLogAppender (LogUtils.java:warn(134)) - dc062215-230a-40c1-88c1-e0a4fdad3ac4@group-4108054CE771->f262dcb5-fcde-4b4d-8116-9712eaf07b60-AppendLogResponseHandler: Failed appendEntries: org.apache.ratis.thirdparty.io.grpc.StatusRuntimeException: UNAVAILABLE: io exception
2019-09-12 04:44:41,804 [grpc-default-executor-3] INFO  impl.FollowerInfo (FollowerInfo.java:lambda$new$0(51)) - dc062215-230a-40c1-88c1-e0a4fdad3ac4@group-4108054CE771->f262dcb5-fcde-4b4d-8116-9712eaf07b60: nextIndex: updateUnconditionally 0 -> 0
2019-09-12 04:44:41,824 [java.util.concurrent.ThreadPoolExecutor$Worker@55ae3b8[State = -1, empty queue]] WARN  server.GrpcLogAppender (GrpcLogAppender.java:timeoutAppendRequest(200)) - dc062215-230a-40c1-88c1-e0a4fdad3ac4@group-4108054CE771->11629c23-30ab-483c-81ff-e86f5fb16847-GrpcLogAppender: appendEntries Timeout, request=dc062215-230a-40c1-88c1-e0a4fdad3ac4->11629c23-30ab-483c-81ff-e86f5fb16847#21-t3, previous=(t:3, i:21), leaderCommit=16, initializing? false, entries: <empty>
2019-09-12 04:44:42,146 [java.util.concurrent.ThreadPoolExecutor$Worker@1c8130ff[State = -1, empty queue]] WARN  server.GrpcLogAppender (GrpcLogAppender.java:timeoutAppendRequest(200)) - eec7f56f-87bd-4e59-a43c-c5b862436b1c@group-F3FC0297FA2D->6a9b9dd7-7806-4506-bdaf-7a94c8190a08-GrpcLogAppender: appendEntries Timeout, request=eec7f56f-87bd-4e59-a43c-c5b862436b1c->6a9b9dd7-7806-4506-bdaf-7a94c8190a08#92-t2, previous=(t:2, i:20), leaderCommit=16, initializing? false, entries: <empty>
2019-09-12 04:44:42,146 [java.util.concurrent.ThreadPoolExecutor$Worker@faa1c29[State = -1, empty queue]] WARN  server.GrpcLogAppender (GrpcLogAppender.java:timeoutAppendRequest(200)) - eec7f56f-87bd-4e59-a43c-c5b862436b1c@group-F3FC0297FA2D->2534340d-8749-41cd-9451-53923b204706-GrpcLogAppender: appendEntries Timeout, request=eec7f56f-87bd-4e59-a43c-c5b862436b1c->2534340d-8749-41cd-9451-53923b204706#92-t2, previous=(t:2, i:20), leaderCommit=16, initializing? false, entries: <empty>
2019-09-12 04:44:42,305 [grpc-default-executor-6] WARN  server.GrpcLogAppender (LogUtils.java:warn(134)) - dc062215-230a-40c1-88c1-e0a4fdad3ac4@group-4108054CE771->f262dcb5-fcde-4b4d-8116-9712eaf07b60-AppendLogResponseHandler: Failed appendEntries: org.apache.ratis.thirdparty.io.grpc.StatusRuntimeException: UNAVAILABLE: io exception
2019-09-12 04:44:42,305 [grpc-default-executor-6] INFO  impl.FollowerInfo (FollowerInfo.java:lambda$new$0(51)) - dc062215-230a-40c1-88c1-e0a4fdad3ac4@group-4108054CE771->f262dcb5-fcde-4b4d-8116-9712eaf07b60: nextIndex: updateUnconditionally 0 -> 0
2019-09-12 04:44:42,325 [java.util.concurrent.ThreadPoolExecutor$Worker@55ae3b8[State = -1, empty queue]] WARN  server.GrpcLogAppender (GrpcLogAppender.java:timeoutAppendRequest(200)) - dc062215-230a-40c1-88c1-e0a4fdad3ac4@group-4108054CE771->11629c23-30ab-483c-81ff-e86f5fb16847-GrpcLogAppender: appendEntries Timeout, request=dc062215-230a-40c1-88c1-e0a4fdad3ac4->11629c23-30ab-483c-81ff-e86f5fb16847#22-t3, previous=(t:3, i:21), leaderCommit=16, initializing? false, entries: <empty>
2019-09-12 04:44:42,646 [java.util.concurrent.ThreadPoolExecutor$Worker@1c8130ff[State = -1, empty queue]] WARN  server.GrpcLogAppender (GrpcLogAppender.java:timeoutAppendRequest(200)) - eec7f56f-87bd-4e59-a43c-c5b862436b1c@group-F3FC0297FA2D->6a9b9dd7-7806-4506-bdaf-7a94c8190a08-GrpcLogAppender: appendEntries Timeout, request=eec7f56f-87bd-4e59-a43c-c5b862436b1c->6a9b9dd7-7806-4506-bdaf-7a94c8190a08#93-t2, previous=(t:2, i:20), leaderCommit=16, initializing? false, entries: <empty>
2019-09-12 04:44:42,646 [java.util.concurrent.ThreadPoolExecutor$Worker@faa1c29[State = -1, empty queue]] WARN  server.GrpcLogAppender (GrpcLogAppender.java:timeoutAppendRequest(200)) - eec7f56f-87bd-4e59-a43c-c5b862436b1c@group-F3FC0297FA2D->2534340d-8749-41cd-9451-53923b204706-GrpcLogAppender: appendEntries Timeout, request=eec7f56f-87bd-4e59-a43c-c5b862436b1c->2534340d-8749-41cd-9451-53923b204706#93-t2, previous=(t:2, i:20), leaderCommit=16, initializing? false, entries: <empty>
2019-09-12 04:44:42,755 [grpc-default-executor-3] INFO  client.GrpcClientProtocolClient (GrpcClientProtocolClient.java:onNext(264)) - client-7D300BD32A51->6a9b9dd7-7806-4506-bdaf-7a94c8190a08: receive RaftClientReply:client-7D300BD32A51->6a9b9dd7-7806-4506-bdaf-7a94c8190a08@group-F3FC0297FA2D, cid=53, FAILED org.apache.ratis.protocol.NotLeaderException: Server 6a9b9dd7-7806-4506-bdaf-7a94c8190a08@group-F3FC0297FA2D is not the leader eec7f56f-87bd-4e59-a43c-c5b862436b1c:192.168.34.8:37396, logIndex=0, commits[6a9b9dd7-7806-4506-bdaf-7a94c8190a08:c16, eec7f56f-87bd-4e59-a43c-c5b862436b1c:c16, 2534340d-8749-41cd-9451-53923b204706:c12]
2019-09-12 04:44:42,805 [grpc-default-executor-6] WARN  server.GrpcLogAppender (LogUtils.java:warn(134)) - dc062215-230a-40c1-88c1-e0a4fdad3ac4@group-4108054CE771->f262dcb5-fcde-4b4d-8116-9712eaf07b60-AppendLogResponseHandler: Failed appendEntries: org.apache.ratis.thirdparty.io.grpc.StatusRuntimeException: UNAVAILABLE: io exception
2019-09-12 04:44:42,805 [grpc-default-executor-6] INFO  impl.FollowerInfo (FollowerInfo.java:lambda$new$0(51)) - dc062215-230a-40c1-88c1-e0a4fdad3ac4@group-4108054CE771->f262dcb5-fcde-4b4d-8116-9712eaf07b60: nextIndex: updateUnconditionally 0 -> 0
2019-09-12 04:44:42,825 [java.util.concurrent.ThreadPoolExecutor$Worker@55ae3b8[State = -1, empty queue]] WARN  server.GrpcLogAppender (GrpcLogAppender.java:timeoutAppendRequest(200)) - dc062215-230a-40c1-88c1-e0a4fdad3ac4@group-4108054CE771->11629c23-30ab-483c-81ff-e86f5fb16847-GrpcLogAppender: appendEntries Timeout, request=dc062215-230a-40c1-88c1-e0a4fdad3ac4->11629c23-30ab-483c-81ff-e86f5fb16847#23-t3, previous=(t:3, i:21), leaderCommit=16, initializing? false, entries: <empty>
2019-09-12 04:44:42,942 [11629c23-30ab-483c-81ff-e86f5fb16847@group-4108054CE771-SegmentedRaftLogWorker] WARN  segmented.SegmentedRaftLogWorker (SegmentedRaftLogWorker.java:getFromFuture(90)) - Timeout 3/~
org.apache.ratis.protocol.TimeoutIOException: Timeout 10s: WriteLog:17: (t:2, i:17), STATEMACHINELOGENTRY, client-7852974D6869, cid=29-writeStateMachineData
	at org.apache.ratis.util.IOUtils.getFromFuture(IOUtils.java:87)
	at org.apache.ratis.server.raftlog.segmented.SegmentedRaftLogWorker$StateMachineDataPolicy.getFromFuture(SegmentedRaftLogWorker.java:87)
	at org.apache.ratis.server.raftlog.segmented.SegmentedRaftLogWorker$WriteLog.execute(SegmentedRaftLogWorker.java:477)
	at org.apache.ratis.server.raftlog.segmented.SegmentedRaftLogWorker.run(SegmentedRaftLogWorker.java:289)
	at java.lang.Thread.run(Thread.java:748)
Caused by: java.util.concurrent.TimeoutException
	at java.util.concurrent.CompletableFuture.timedGet(CompletableFuture.java:1771)
	at java.util.concurrent.CompletableFuture.get(CompletableFuture.java:1915)
	at org.apache.ratis.util.IOUtils.getFromFuture(IOUtils.java:79)
	... 4 more
2019-09-12 04:44:43,146 [java.util.concurrent.ThreadPoolExecutor$Worker@1c8130ff[State = -1, empty queue]] WARN  server.GrpcLogAppender (GrpcLogAppender.java:timeoutAppendRequest(200)) - eec7f56f-87bd-4e59-a43c-c5b862436b1c@group-F3FC0297FA2D->6a9b9dd7-7806-4506-bdaf-7a94c8190a08-GrpcLogAppender: appendEntries Timeout, request=eec7f56f-87bd-4e59-a43c-c5b862436b1c->6a9b9dd7-7806-4506-bdaf-7a94c8190a08#94-t2, previous=(t:2, i:20), leaderCommit=16, initializing? false, entries: <empty>
2019-09-12 04:44:43,146 [java.util.concurrent.ThreadPoolExecutor$Worker@faa1c29[State = -1, empty queue]] WARN  server.GrpcLogAppender (GrpcLogAppender.java:timeoutAppendRequest(200)) - eec7f56f-87bd-4e59-a43c-c5b862436b1c@group-F3FC0297FA2D->2534340d-8749-41cd-9451-53923b204706-GrpcLogAppender: appendEntries Timeout, request=eec7f56f-87bd-4e59-a43c-c5b862436b1c->2534340d-8749-41cd-9451-53923b204706#94-t2, previous=(t:2, i:20), leaderCommit=16, initializing? false, entries: <empty>
2019-09-12 04:44:43,306 [grpc-default-executor-4] WARN  server.GrpcLogAppender (LogUtils.java:warn(134)) - dc062215-230a-40c1-88c1-e0a4fdad3ac4@group-4108054CE771->f262dcb5-fcde-4b4d-8116-9712eaf07b60-AppendLogResponseHandler: Failed appendEntries: org.apache.ratis.thirdparty.io.grpc.StatusRuntimeException: UNAVAILABLE: io exception
2019-09-12 04:44:43,306 [grpc-default-executor-4] INFO  impl.FollowerInfo (FollowerInfo.java:lambda$new$0(51)) - dc062215-230a-40c1-88c1-e0a4fdad3ac4@group-4108054CE771->f262dcb5-fcde-4b4d-8116-9712eaf07b60: nextIndex: updateUnconditionally 0 -> 0
2019-09-12 04:44:43,325 [java.util.concurrent.ThreadPoolExecutor$Worker@55ae3b8[State = -1, empty queue]] WARN  server.GrpcLogAppender (GrpcLogAppender.java:timeoutAppendRequest(200)) - dc062215-230a-40c1-88c1-e0a4fdad3ac4@group-4108054CE771->11629c23-30ab-483c-81ff-e86f5fb16847-GrpcLogAppender: appendEntries Timeout, request=dc062215-230a-40c1-88c1-e0a4fdad3ac4->11629c23-30ab-483c-81ff-e86f5fb16847#24-t3, previous=(t:3, i:21), leaderCommit=16, initializing? false, entries: <empty>
2019-09-12 04:44:43,647 [java.util.concurrent.ThreadPoolExecutor$Worker@1c8130ff[State = -1, empty queue]] WARN  server.GrpcLogAppender (GrpcLogAppender.java:timeoutAppendRequest(200)) - eec7f56f-87bd-4e59-a43c-c5b862436b1c@group-F3FC0297FA2D->6a9b9dd7-7806-4506-bdaf-7a94c8190a08-GrpcLogAppender: appendEntries Timeout, request=eec7f56f-87bd-4e59-a43c-c5b862436b1c->6a9b9dd7-7806-4506-bdaf-7a94c8190a08#95-t2, previous=(t:2, i:20), leaderCommit=16, initializing? false, entries: <empty>
2019-09-12 04:44:43,647 [java.util.concurrent.ThreadPoolExecutor$Worker@faa1c29[State = -1, empty queue]] WARN  server.GrpcLogAppender (GrpcLogAppender.java:timeoutAppendRequest(200)) - eec7f56f-87bd-4e59-a43c-c5b862436b1c@group-F3FC0297FA2D->2534340d-8749-41cd-9451-53923b204706-GrpcLogAppender: appendEntries Timeout, request=eec7f56f-87bd-4e59-a43c-c5b862436b1c->2534340d-8749-41cd-9451-53923b204706#95-t2, previous=(t:2, i:20), leaderCommit=16, initializing? false, entries: <empty>
2019-09-12 04:44:43,807 [grpc-default-executor-3] WARN  server.GrpcLogAppender (LogUtils.java:warn(134)) - dc062215-230a-40c1-88c1-e0a4fdad3ac4@group-4108054CE771->f262dcb5-fcde-4b4d-8116-9712eaf07b60-AppendLogResponseHandler: Failed appendEntries: org.apache.ratis.thirdparty.io.grpc.StatusRuntimeException: UNAVAILABLE: io exception
2019-09-12 04:44:43,807 [grpc-default-executor-3] INFO  impl.FollowerInfo (FollowerInfo.java:lambda$new$0(51)) - dc062215-230a-40c1-88c1-e0a4fdad3ac4@group-4108054CE771->f262dcb5-fcde-4b4d-8116-9712eaf07b60: nextIndex: updateUnconditionally 0 -> 0
2019-09-12 04:44:43,825 [java.util.concurrent.ThreadPoolExecutor$Worker@55ae3b8[State = -1, empty queue]] WARN  server.GrpcLogAppender (GrpcLogAppender.java:timeoutAppendRequest(200)) - dc062215-230a-40c1-88c1-e0a4fdad3ac4@group-4108054CE771->11629c23-30ab-483c-81ff-e86f5fb16847-GrpcLogAppender: appendEntries Timeout, request=dc062215-230a-40c1-88c1-e0a4fdad3ac4->11629c23-30ab-483c-81ff-e86f5fb16847#25-t3, previous=(t:3, i:21), leaderCommit=16, initializing? false, entries: <empty>
2019-09-12 04:44:44,147 [java.util.concurrent.ThreadPoolExecutor$Worker@faa1c29[State = -1, empty queue]] WARN  server.GrpcLogAppender (GrpcLogAppender.java:timeoutAppendRequest(200)) - eec7f56f-87bd-4e59-a43c-c5b862436b1c@group-F3FC0297FA2D->2534340d-8749-41cd-9451-53923b204706-GrpcLogAppender: appendEntries Timeout, request=eec7f56f-87bd-4e59-a43c-c5b862436b1c->2534340d-8749-41cd-9451-53923b204706#96-t2, previous=(t:2, i:20), leaderCommit=16, initializing? false, entries: <empty>
2019-09-12 04:44:44,147 [java.util.concurrent.ThreadPoolExecutor$Worker@1c8130ff[State = -1, empty queue]] WARN  server.GrpcLogAppender (GrpcLogAppender.java:timeoutAppendRequest(200)) - eec7f56f-87bd-4e59-a43c-c5b862436b1c@group-F3FC0297FA2D->6a9b9dd7-7806-4506-bdaf-7a94c8190a08-GrpcLogAppender: appendEntries Timeout, request=eec7f56f-87bd-4e59-a43c-c5b862436b1c->6a9b9dd7-7806-4506-bdaf-7a94c8190a08#96-t2, previous=(t:2, i:20), leaderCommit=16, initializing? false, entries: <empty>
2019-09-12 04:44:44,308 [grpc-default-executor-6] WARN  server.GrpcLogAppender (LogUtils.java:warn(134)) - dc062215-230a-40c1-88c1-e0a4fdad3ac4@group-4108054CE771->f262dcb5-fcde-4b4d-8116-9712eaf07b60-AppendLogResponseHandler: Failed appendEntries: org.apache.ratis.thirdparty.io.grpc.StatusRuntimeException: UNAVAILABLE: io exception
2019-09-12 04:44:44,309 [grpc-default-executor-6] INFO  impl.FollowerInfo (FollowerInfo.java:lambda$new$0(51)) - dc062215-230a-40c1-88c1-e0a4fdad3ac4@group-4108054CE771->f262dcb5-fcde-4b4d-8116-9712eaf07b60: nextIndex: updateUnconditionally 0 -> 0
2019-09-12 04:44:44,326 [java.util.concurrent.ThreadPoolExecutor$Worker@55ae3b8[State = -1, empty queue]] WARN  server.GrpcLogAppender (GrpcLogAppender.java:timeoutAppendRequest(200)) - dc062215-230a-40c1-88c1-e0a4fdad3ac4@group-4108054CE771->11629c23-30ab-483c-81ff-e86f5fb16847-GrpcLogAppender: appendEntries Timeout, request=dc062215-230a-40c1-88c1-e0a4fdad3ac4->11629c23-30ab-483c-81ff-e86f5fb16847#26-t3, previous=(t:3, i:21), leaderCommit=16, initializing? false, entries: <empty>
2019-09-12 04:44:44,647 [java.util.concurrent.ThreadPoolExecutor$Worker@1c8130ff[State = -1, empty queue]] WARN  server.GrpcLogAppender (GrpcLogAppender.java:timeoutAppendRequest(200)) - eec7f56f-87bd-4e59-a43c-c5b862436b1c@group-F3FC0297FA2D->6a9b9dd7-7806-4506-bdaf-7a94c8190a08-GrpcLogAppender: appendEntries Timeout, request=eec7f56f-87bd-4e59-a43c-c5b862436b1c->6a9b9dd7-7806-4506-bdaf-7a94c8190a08#97-t2, previous=(t:2, i:20), leaderCommit=16, initializing? false, entries: <empty>
2019-09-12 04:44:44,647 [java.util.concurrent.ThreadPoolExecutor$Worker@faa1c29[State = -1, empty queue]] WARN  server.GrpcLogAppender (GrpcLogAppender.java:timeoutAppendRequest(200)) - eec7f56f-87bd-4e59-a43c-c5b862436b1c@group-F3FC0297FA2D->2534340d-8749-41cd-9451-53923b204706-GrpcLogAppender: appendEntries Timeout, request=eec7f56f-87bd-4e59-a43c-c5b862436b1c->2534340d-8749-41cd-9451-53923b204706#97-t2, previous=(t:2, i:20), leaderCommit=16, initializing? false, entries: <empty>
2019-09-12 04:44:44,809 [grpc-default-executor-3] WARN  server.GrpcLogAppender (LogUtils.java:warn(134)) - dc062215-230a-40c1-88c1-e0a4fdad3ac4@group-4108054CE771->f262dcb5-fcde-4b4d-8116-9712eaf07b60-AppendLogResponseHandler: Failed appendEntries: org.apache.ratis.thirdparty.io.grpc.StatusRuntimeException: UNAVAILABLE: io exception
2019-09-12 04:44:44,809 [grpc-default-executor-3] INFO  impl.FollowerInfo (FollowerInfo.java:lambda$new$0(51)) - dc062215-230a-40c1-88c1-e0a4fdad3ac4@group-4108054CE771->f262dcb5-fcde-4b4d-8116-9712eaf07b60: nextIndex: updateUnconditionally 0 -> 0
2019-09-12 04:44:44,826 [java.util.concurrent.ThreadPoolExecutor$Worker@55ae3b8[State = -1, empty queue]] WARN  server.GrpcLogAppender (GrpcLogAppender.java:timeoutAppendRequest(200)) - dc062215-230a-40c1-88c1-e0a4fdad3ac4@group-4108054CE771->11629c23-30ab-483c-81ff-e86f5fb16847-GrpcLogAppender: appendEntries Timeout, request=dc062215-230a-40c1-88c1-e0a4fdad3ac4->11629c23-30ab-483c-81ff-e86f5fb16847#27-t3, previous=(t:3, i:21), leaderCommit=16, initializing? false, entries: <empty>
2019-09-12 04:44:45,147 [java.util.concurrent.ThreadPoolExecutor$Worker@1c8130ff[State = -1, empty queue]] WARN  server.GrpcLogAppender (GrpcLogAppender.java:timeoutAppendRequest(200)) - eec7f56f-87bd-4e59-a43c-c5b862436b1c@group-F3FC0297FA2D->6a9b9dd7-7806-4506-bdaf-7a94c8190a08-GrpcLogAppender: appendEntries Timeout, request=eec7f56f-87bd-4e59-a43c-c5b862436b1c->6a9b9dd7-7806-4506-bdaf-7a94c8190a08#98-t2, previous=(t:2, i:20), leaderCommit=16, initializing? false, entries: <empty>
2019-09-12 04:44:45,147 [java.util.concurrent.ThreadPoolExecutor$Worker@faa1c29[State = -1, empty queue]] WARN  server.GrpcLogAppender (GrpcLogAppender.java:timeoutAppendRequest(200)) - eec7f56f-87bd-4e59-a43c-c5b862436b1c@group-F3FC0297FA2D->2534340d-8749-41cd-9451-53923b204706-GrpcLogAppender: appendEntries Timeout, request=eec7f56f-87bd-4e59-a43c-c5b862436b1c->2534340d-8749-41cd-9451-53923b204706#98-t2, previous=(t:2, i:20), leaderCommit=16, initializing? false, entries: <empty>
2019-09-12 04:44:45,310 [grpc-default-executor-4] WARN  server.GrpcLogAppender (LogUtils.java:warn(134)) - dc062215-230a-40c1-88c1-e0a4fdad3ac4@group-4108054CE771->f262dcb5-fcde-4b4d-8116-9712eaf07b60-AppendLogResponseHandler: Failed appendEntries: org.apache.ratis.thirdparty.io.grpc.StatusRuntimeException: UNAVAILABLE: io exception
2019-09-12 04:44:45,310 [grpc-default-executor-4] INFO  impl.FollowerInfo (FollowerInfo.java:lambda$new$0(51)) - dc062215-230a-40c1-88c1-e0a4fdad3ac4@group-4108054CE771->f262dcb5-fcde-4b4d-8116-9712eaf07b60: nextIndex: updateUnconditionally 0 -> 0
2019-09-12 04:44:45,326 [java.util.concurrent.ThreadPoolExecutor$Worker@55ae3b8[State = -1, empty queue]] WARN  server.GrpcLogAppender (GrpcLogAppender.java:timeoutAppendRequest(200)) - dc062215-230a-40c1-88c1-e0a4fdad3ac4@group-4108054CE771->11629c23-30ab-483c-81ff-e86f5fb16847-GrpcLogAppender: appendEntries Timeout, request=dc062215-230a-40c1-88c1-e0a4fdad3ac4->11629c23-30ab-483c-81ff-e86f5fb16847#28-t3, previous=(t:3, i:21), leaderCommit=16, initializing? false, entries: <empty>
2019-09-12 04:44:45,648 [java.util.concurrent.ThreadPoolExecutor$Worker@faa1c29[State = -1, empty queue]] WARN  server.GrpcLogAppender (GrpcLogAppender.java:timeoutAppendRequest(200)) - eec7f56f-87bd-4e59-a43c-c5b862436b1c@group-F3FC0297FA2D->2534340d-8749-41cd-9451-53923b204706-GrpcLogAppender: appendEntries Timeout, request=eec7f56f-87bd-4e59-a43c-c5b862436b1c->2534340d-8749-41cd-9451-53923b204706#99-t2, previous=(t:2, i:20), leaderCommit=16, initializing? false, entries: <empty>
2019-09-12 04:44:45,648 [java.util.concurrent.ThreadPoolExecutor$Worker@1c8130ff[State = -1, empty queue]] WARN  server.GrpcLogAppender (GrpcLogAppender.java:timeoutAppendRequest(200)) - eec7f56f-87bd-4e59-a43c-c5b862436b1c@group-F3FC0297FA2D->6a9b9dd7-7806-4506-bdaf-7a94c8190a08-GrpcLogAppender: appendEntries Timeout, request=eec7f56f-87bd-4e59-a43c-c5b862436b1c->6a9b9dd7-7806-4506-bdaf-7a94c8190a08#99-t2, previous=(t:2, i:20), leaderCommit=16, initializing? false, entries: <empty>
2019-09-12 04:44:45,790 [main] WARN  io.KeyOutputStream (KeyOutputStream.java:handleException(276)) - Encountered exception java.io.IOException: Unexpected Storage Container Exception: java.util.concurrent.CompletionException: java.util.concurrent.CompletionException: org.apache.ratis.protocol.RaftRetryFailureException: Failed RaftClientRequest:client-7D300BD32A51->eec7f56f-87bd-4e59-a43c-c5b862436b1c@group-F3FC0297FA2D, cid=53, seq=9*, RW, org.apache.hadoop.hdds.scm.XceiverClientRatis$$Lambda$476/787298292@1b05e5e9 for 10 attempts with RetryLimited(maxAttempts=10, sleepTime=1000ms) on the pipeline Pipeline[ Id: bddb4342-453a-4bb7-bb26-f3fc0297fa2d, Nodes: 6a9b9dd7-7806-4506-bdaf-7a94c8190a08{ip: 192.168.34.8, host: pr-hdds-1879-pbs75-1821932185, networkLocation: /default-rack, certSerialId: null}eec7f56f-87bd-4e59-a43c-c5b862436b1c{ip: 192.168.34.8, host: pr-hdds-1879-pbs75-1821932185, networkLocation: /default-rack, certSerialId: null}2534340d-8749-41cd-9451-53923b204706{ip: 192.168.34.8, host: pr-hdds-1879-pbs75-1821932185, networkLocation: /default-rack, certSerialId: null}, Type:RATIS, Factor:THREE, State:OPEN]. The last committed block length is 0, uncommitted data length is 2097152 retry count 0
2019-09-12 04:44:45,822 [grpc-default-executor-6] WARN  server.GrpcLogAppender (LogUtils.java:warn(134)) - dc062215-230a-40c1-88c1-e0a4fdad3ac4@group-4108054CE771->f262dcb5-fcde-4b4d-8116-9712eaf07b60-AppendLogResponseHandler: Failed appendEntries: org.apache.ratis.thirdparty.io.grpc.StatusRuntimeException: UNAVAILABLE: io exception
2019-09-12 04:44:45,823 [grpc-default-executor-6] INFO  impl.FollowerInfo (FollowerInfo.java:lambda$new$0(51)) - dc062215-230a-40c1-88c1-e0a4fdad3ac4@group-4108054CE771->f262dcb5-fcde-4b4d-8116-9712eaf07b60: nextIndex: updateUnconditionally 0 -> 0
2019-09-12 04:44:45,829 [java.util.concurrent.ThreadPoolExecutor$Worker@55ae3b8[State = -1, empty queue]] WARN  server.GrpcLogAppender (GrpcLogAppender.java:timeoutAppendRequest(200)) - dc062215-230a-40c1-88c1-e0a4fdad3ac4@group-4108054CE771->11629c23-30ab-483c-81ff-e86f5fb16847-GrpcLogAppender: appendEntries Timeout, request=dc062215-230a-40c1-88c1-e0a4fdad3ac4->11629c23-30ab-483c-81ff-e86f5fb16847#29-t3, previous=(t:3, i:21), leaderCommit=16, initializing? false, entries: <empty>
2019-09-12 04:44:45,869 [grpc-default-executor-6] INFO  client.GrpcClientProtocolClient (GrpcClientProtocolClient.java:onNext(264)) - client-40C9AD207E5E->5903dc6b-2e4c-43f3-9c86-89f09a7774cd: receive RaftClientReply:client-40C9AD207E5E->5903dc6b-2e4c-43f3-9c86-89f09a7774cd@group-5FD8722A3841, cid=57, FAILED org.apache.ratis.protocol.NotLeaderException: Server 5903dc6b-2e4c-43f3-9c86-89f09a7774cd@group-5FD8722A3841 is not the leader 4a6209c5-e52c-498b-a70a-f7b5c2b845a9:192.168.34.8:40323, logIndex=0, commits[5903dc6b-2e4c-43f3-9c86-89f09a7774cd:c14, 4a6209c5-e52c-498b-a70a-f7b5c2b845a9:c14, cf6464f0-cbf8-4363-9806-263215a09c56:c14]
2019-09-12 04:44:46,024 [grpc-default-executor-6] INFO  client.GrpcClientProtocolClient (GrpcClientProtocolClient.java:onNext(264)) - client-40C9AD207E5E->4a6209c5-e52c-498b-a70a-f7b5c2b845a9: receive RaftClientReply:client-40C9AD207E5E->4a6209c5-e52c-498b-a70a-f7b5c2b845a9@group-5FD8722A3841, cid=57, SUCCESS, logIndex=15, commits[4a6209c5-e52c-498b-a70a-f7b5c2b845a9:c15, 5903dc6b-2e4c-43f3-9c86-89f09a7774cd:c14, cf6464f0-cbf8-4363-9806-263215a09c56:c14]
2019-09-12 04:44:46,112 [grpc-default-executor-6] INFO  client.GrpcClientProtocolClient (GrpcClientProtocolClient.java:onNext(264)) - client-40C9AD207E5E->4a6209c5-e52c-498b-a70a-f7b5c2b845a9: receive RaftClientReply:client-40C9AD207E5E->4a6209c5-e52c-498b-a70a-f7b5c2b845a9@group-5FD8722A3841, cid=58, SUCCESS, logIndex=17, commits[4a6209c5-e52c-498b-a70a-f7b5c2b845a9:c22, 5903dc6b-2e4c-43f3-9c86-89f09a7774cd:c19, cf6464f0-cbf8-4363-9806-263215a09c56:c19]
2019-09-12 04:44:46,113 [grpc-default-executor-6] INFO  client.GrpcClientProtocolClient (GrpcClientProtocolClient.java:onNext(264)) - client-40C9AD207E5E->4a6209c5-e52c-498b-a70a-f7b5c2b845a9: receive RaftClientReply:client-40C9AD207E5E->4a6209c5-e52c-498b-a70a-f7b5c2b845a9@group-5FD8722A3841, cid=59, SUCCESS, logIndex=18, commits[4a6209c5-e52c-498b-a70a-f7b5c2b845a9:c22, 5903dc6b-2e4c-43f3-9c86-89f09a7774cd:c19, cf6464f0-cbf8-4363-9806-263215a09c56:c19]
2019-09-12 04:44:46,148 [java.util.concurrent.ThreadPoolExecutor$Worker@1c8130ff[State = -1, empty queue]] WARN  server.GrpcLogAppender (GrpcLogAppender.java:timeoutAppendRequest(200)) - eec7f56f-87bd-4e59-a43c-c5b862436b1c@group-F3FC0297FA2D->6a9b9dd7-7806-4506-bdaf-7a94c8190a08-GrpcLogAppender: appendEntries Timeout, request=eec7f56f-87bd-4e59-a43c-c5b862436b1c->6a9b9dd7-7806-4506-bdaf-7a94c8190a08#100-t2, previous=(t:2, i:20), leaderCommit=16, initializing? false, entries: <empty>
2019-09-12 04:44:46,150 [java.util.concurrent.ThreadPoolExecutor$Worker@faa1c29[State = -1, empty queue]] WARN  server.GrpcLogAppender (GrpcLogAppender.java:timeoutAppendRequest(200)) - eec7f56f-87bd-4e59-a43c-c5b862436b1c@group-F3FC0297FA2D->2534340d-8749-41cd-9451-53923b204706-GrpcLogAppender: appendEntries Timeout, request=eec7f56f-87bd-4e59-a43c-c5b862436b1c->2534340d-8749-41cd-9451-53923b204706#100-t2, previous=(t:2, i:20), leaderCommit=16, initializing? false, entries: <empty>
2019-09-12 04:44:46,208 [grpc-default-executor-3] INFO  client.GrpcClientProtocolClient (GrpcClientProtocolClient.java:onNext(264)) - client-40C9AD207E5E->4a6209c5-e52c-498b-a70a-f7b5c2b845a9: receive RaftClientReply:client-40C9AD207E5E->4a6209c5-e52c-498b-a70a-f7b5c2b845a9@group-5FD8722A3841, cid=60, SUCCESS, logIndex=19, commits[4a6209c5-e52c-498b-a70a-f7b5c2b845a9:c22, 5903dc6b-2e4c-43f3-9c86-89f09a7774cd:c19, cf6464f0-cbf8-4363-9806-263215a09c56:c19]
2019-09-12 04:44:46,243 [grpc-default-executor-3] INFO  client.GrpcClientProtocolClient (GrpcClientProtocolClient.java:onNext(264)) - client-40C9AD207E5E->4a6209c5-e52c-498b-a70a-f7b5c2b845a9: receive RaftClientReply:client-40C9AD207E5E->4a6209c5-e52c-498b-a70a-f7b5c2b845a9@group-5FD8722A3841, cid=61, SUCCESS, logIndex=23, commits[4a6209c5-e52c-498b-a70a-f7b5c2b845a9:c24, 5903dc6b-2e4c-43f3-9c86-89f09a7774cd:c22, cf6464f0-cbf8-4363-9806-263215a09c56:c22]
2019-09-12 04:44:46,244 [grpc-default-executor-3] INFO  client.GrpcClientProtocolClient (GrpcClientProtocolClient.java:onNext(264)) - client-40C9AD207E5E->4a6209c5-e52c-498b-a70a-f7b5c2b845a9: receive RaftClientReply:client-40C9AD207E5E->4a6209c5-e52c-498b-a70a-f7b5c2b845a9@group-5FD8722A3841, cid=62, SUCCESS, logIndex=24, commits[4a6209c5-e52c-498b-a70a-f7b5c2b845a9:c24, 5903dc6b-2e4c-43f3-9c86-89f09a7774cd:c22, cf6464f0-cbf8-4363-9806-263215a09c56:c22]
2019-09-12 04:44:46,324 [grpc-default-executor-4] WARN  server.GrpcLogAppender (LogUtils.java:warn(134)) - dc062215-230a-40c1-88c1-e0a4fdad3ac4@group-4108054CE771->f262dcb5-fcde-4b4d-8116-9712eaf07b60-AppendLogResponseHandler: Failed appendEntries: org.apache.ratis.thirdparty.io.grpc.StatusRuntimeException: UNAVAILABLE: io exception
2019-09-12 04:44:46,324 [grpc-default-executor-4] INFO  impl.FollowerInfo (FollowerInfo.java:lambda$new$0(51)) - dc062215-230a-40c1-88c1-e0a4fdad3ac4@group-4108054CE771->f262dcb5-fcde-4b4d-8116-9712eaf07b60: nextIndex: updateUnconditionally 0 -> 0
2019-09-12 04:44:46,329 [java.util.concurrent.ThreadPoolExecutor$Worker@55ae3b8[State = -1, empty queue]] WARN  server.GrpcLogAppender (GrpcLogAppender.java:timeoutAppendRequest(200)) - dc062215-230a-40c1-88c1-e0a4fdad3ac4@group-4108054CE771->11629c23-30ab-483c-81ff-e86f5fb16847-GrpcLogAppender: appendEntries Timeout, request=dc062215-230a-40c1-88c1-e0a4fdad3ac4->11629c23-30ab-483c-81ff-e86f5fb16847#30-t3, previous=(t:3, i:21), leaderCommit=16, initializing? false, entries: <empty>
2019-09-12 04:44:46,648 [java.util.concurrent.ThreadPoolExecutor$Worker@1c8130ff[State = -1, empty queue]] WARN  server.GrpcLogAppender (GrpcLogAppender.java:timeoutAppendRequest(200)) - eec7f56f-87bd-4e59-a43c-c5b862436b1c@group-F3FC0297FA2D->6a9b9dd7-7806-4506-bdaf-7a94c8190a08-GrpcLogAppender: appendEntries Timeout, request=eec7f56f-87bd-4e59-a43c-c5b862436b1c->6a9b9dd7-7806-4506-bdaf-7a94c8190a08#101-t2, previous=(t:2, i:20), leaderCommit=16, initializing? false, entries: <empty>
2019-09-12 04:44:46,648 [java.util.concurrent.ThreadPoolExecutor$Worker@faa1c29[State = -1, empty queue]] WARN  server.GrpcLogAppender (GrpcLogAppender.java:timeoutAppendRequest(200)) - eec7f56f-87bd-4e59-a43c-c5b862436b1c@group-F3FC0297FA2D->2534340d-8749-41cd-9451-53923b204706-GrpcLogAppender: appendEntries Timeout, request=eec7f56f-87bd-4e59-a43c-c5b862436b1c->2534340d-8749-41cd-9451-53923b204706#101-t2, previous=(t:2, i:20), leaderCommit=16, initializing? false, entries: <empty>
2019-09-12 04:44:46,824 [grpc-default-executor-6] WARN  server.GrpcLogAppender (LogUtils.java:warn(134)) - dc062215-230a-40c1-88c1-e0a4fdad3ac4@group-4108054CE771->f262dcb5-fcde-4b4d-8116-9712eaf07b60-AppendLogResponseHandler: Failed appendEntries: org.apache.ratis.thirdparty.io.grpc.StatusRuntimeException: UNAVAILABLE: io exception
2019-09-12 04:44:46,825 [grpc-default-executor-6] INFO  impl.FollowerInfo (FollowerInfo.java:lambda$new$0(51)) - dc062215-230a-40c1-88c1-e0a4fdad3ac4@group-4108054CE771->f262dcb5-fcde-4b4d-8116-9712eaf07b60: nextIndex: updateUnconditionally 0 -> 0
2019-09-12 04:44:46,832 [java.util.concurrent.ThreadPoolExecutor$Worker@55ae3b8[State = -1, empty queue]] WARN  server.GrpcLogAppender (GrpcLogAppender.java:timeoutAppendRequest(200)) - dc062215-230a-40c1-88c1-e0a4fdad3ac4@group-4108054CE771->11629c23-30ab-483c-81ff-e86f5fb16847-GrpcLogAppender: appendEntries Timeout, request=dc062215-230a-40c1-88c1-e0a4fdad3ac4->11629c23-30ab-483c-81ff-e86f5fb16847#31-t3, previous=(t:3, i:21), leaderCommit=16, initializing? false, entries: <empty>
2019-09-12 04:44:47,137 [Datanode State Machine Thread - 0] INFO  statemachine.DatanodeStateMachine (DatanodeStateMachine.java:lambda$startDaemon$0(350)) - Ozone container server started.
2019-09-12 04:44:47,148 [java.util.concurrent.ThreadPoolExecutor$Worker@1c8130ff[State = -1, empty queue]] WARN  server.GrpcLogAppender (GrpcLogAppender.java:timeoutAppendRequest(200)) - eec7f56f-87bd-4e59-a43c-c5b862436b1c@group-F3FC0297FA2D->6a9b9dd7-7806-4506-bdaf-7a94c8190a08-GrpcLogAppender: appendEntries Timeout, request=eec7f56f-87bd-4e59-a43c-c5b862436b1c->6a9b9dd7-7806-4506-bdaf-7a94c8190a08#102-t2, previous=(t:2, i:20), leaderCommit=16, initializing? false, entries: <empty>
2019-09-12 04:44:47,148 [java.util.concurrent.ThreadPoolExecutor$Worker@faa1c29[State = -1, empty queue]] WARN  server.GrpcLogAppender (GrpcLogAppender.java:timeoutAppendRequest(200)) - eec7f56f-87bd-4e59-a43c-c5b862436b1c@group-F3FC0297FA2D->2534340d-8749-41cd-9451-53923b204706-GrpcLogAppender: appendEntries Timeout, request=eec7f56f-87bd-4e59-a43c-c5b862436b1c->2534340d-8749-41cd-9451-53923b204706#102-t2, previous=(t:2, i:20), leaderCommit=16, initializing? false, entries: <empty>
2019-09-12 04:44:47,325 [grpc-default-executor-3] WARN  server.GrpcLogAppender (LogUtils.java:warn(134)) - dc062215-230a-40c1-88c1-e0a4fdad3ac4@group-4108054CE771->f262dcb5-fcde-4b4d-8116-9712eaf07b60-AppendLogResponseHandler: Failed appendEntries: org.apache.ratis.thirdparty.io.grpc.StatusRuntimeException: UNAVAILABLE: io exception
2019-09-12 04:44:47,326 [grpc-default-executor-3] INFO  impl.FollowerInfo (FollowerInfo.java:lambda$new$0(51)) - dc062215-230a-40c1-88c1-e0a4fdad3ac4@group-4108054CE771->f262dcb5-fcde-4b4d-8116-9712eaf07b60: nextIndex: updateUnconditionally 0 -> 0
2019-09-12 04:44:47,332 [java.util.concurrent.ThreadPoolExecutor$Worker@55ae3b8[State = -1, empty queue]] WARN  server.GrpcLogAppender (GrpcLogAppender.java:timeoutAppendRequest(200)) - dc062215-230a-40c1-88c1-e0a4fdad3ac4@group-4108054CE771->11629c23-30ab-483c-81ff-e86f5fb16847-GrpcLogAppender: appendEntries Timeout, request=dc062215-230a-40c1-88c1-e0a4fdad3ac4->11629c23-30ab-483c-81ff-e86f5fb16847#32-t3, previous=(t:3, i:21), leaderCommit=16, initializing? false, entries: <empty>
2019-09-12 04:44:47,612 [eec7f56f-87bd-4e59-a43c-c5b862436b1c@group-F3FC0297FA2D-SegmentedRaftLogWorker] WARN  segmented.SegmentedRaftLogWorker (SegmentedRaftLogWorker.java:getFromFuture(90)) - Timeout 1/~
org.apache.ratis.protocol.TimeoutIOException: Timeout 10s: WriteLog:17: (t:2, i:17), STATEMACHINELOGENTRY, client-7D300BD32A51, cid=53-writeStateMachineData
	at org.apache.ratis.util.IOUtils.getFromFuture(IOUtils.java:87)
	at org.apache.ratis.server.raftlog.segmented.SegmentedRaftLogWorker$StateMachineDataPolicy.getFromFuture(SegmentedRaftLogWorker.java:87)
	at org.apache.ratis.server.raftlog.segmented.SegmentedRaftLogWorker$WriteLog.execute(SegmentedRaftLogWorker.java:477)
	at org.apache.ratis.server.raftlog.segmented.SegmentedRaftLogWorker.run(SegmentedRaftLogWorker.java:289)
	at java.lang.Thread.run(Thread.java:748)
Caused by: java.util.concurrent.TimeoutException
	at java.util.concurrent.CompletableFuture.timedGet(CompletableFuture.java:1771)
	at java.util.concurrent.CompletableFuture.get(CompletableFuture.java:1915)
	at org.apache.ratis.util.IOUtils.getFromFuture(IOUtils.java:79)
	... 4 more
2019-09-12 04:44:47,617 [6a9b9dd7-7806-4506-bdaf-7a94c8190a08@group-F3FC0297FA2D-SegmentedRaftLogWorker] WARN  segmented.SegmentedRaftLogWorker (SegmentedRaftLogWorker.java:getFromFuture(90)) - Timeout 1/~
org.apache.ratis.protocol.TimeoutIOException: Timeout 10s: WriteLog:17: (t:2, i:17), STATEMACHINELOGENTRY, client-7D300BD32A51, cid=53-writeStateMachineData
	at org.apache.ratis.util.IOUtils.getFromFuture(IOUtils.java:87)
	at org.apache.ratis.server.raftlog.segmented.SegmentedRaftLogWorker$StateMachineDataPolicy.getFromFuture(SegmentedRaftLogWorker.java:87)
	at org.apache.ratis.server.raftlog.segmented.SegmentedRaftLogWorker$WriteLog.execute(SegmentedRaftLogWorker.java:477)
	at org.apache.ratis.server.raftlog.segmented.SegmentedRaftLogWorker.run(SegmentedRaftLogWorker.java:289)
	at java.lang.Thread.run(Thread.java:748)
Caused by: java.util.concurrent.TimeoutException
	at java.util.concurrent.CompletableFuture.timedGet(CompletableFuture.java:1771)
	at java.util.concurrent.CompletableFuture.get(CompletableFuture.java:1915)
	at org.apache.ratis.util.IOUtils.getFromFuture(IOUtils.java:79)
	... 4 more
2019-09-12 04:44:47,617 [2534340d-8749-41cd-9451-53923b204706@group-F3FC0297FA2D-SegmentedRaftLogWorker] WARN  segmented.SegmentedRaftLogWorker (SegmentedRaftLogWorker.java:getFromFuture(90)) - Timeout 1/~
org.apache.ratis.protocol.TimeoutIOException: Timeout 10s: WriteLog:17: (t:2, i:17), STATEMACHINELOGENTRY, client-7D300BD32A51, cid=53-writeStateMachineData
	at org.apache.ratis.util.IOUtils.getFromFuture(IOUtils.java:87)
	at org.apache.ratis.server.raftlog.segmented.SegmentedRaftLogWorker$StateMachineDataPolicy.getFromFuture(SegmentedRaftLogWorker.java:87)
	at org.apache.ratis.server.raftlog.segmented.SegmentedRaftLogWorker$WriteLog.execute(SegmentedRaftLogWorker.java:477)
	at org.apache.ratis.server.raftlog.segmented.SegmentedRaftLogWorker.run(SegmentedRaftLogWorker.java:289)
	at java.lang.Thread.run(Thread.java:748)
Caused by: java.util.concurrent.TimeoutException
	at java.util.concurrent.CompletableFuture.timedGet(CompletableFuture.java:1771)
	at java.util.concurrent.CompletableFuture.get(CompletableFuture.java:1915)
	at org.apache.ratis.util.IOUtils.getFromFuture(IOUtils.java:79)
	... 4 more
2019-09-12 04:44:47,649 [java.util.concurrent.ThreadPoolExecutor$Worker@1c8130ff[State = -1, empty queue]] WARN  server.GrpcLogAppender (GrpcLogAppender.java:timeoutAppendRequest(200)) - eec7f56f-87bd-4e59-a43c-c5b862436b1c@group-F3FC0297FA2D->6a9b9dd7-7806-4506-bdaf-7a94c8190a08-GrpcLogAppender: appendEntries Timeout, request=eec7f56f-87bd-4e59-a43c-c5b862436b1c->6a9b9dd7-7806-4506-bdaf-7a94c8190a08#103-t2, previous=(t:2, i:20), leaderCommit=16, initializing? false, entries: <empty>
2019-09-12 04:44:47,649 [java.util.concurrent.ThreadPoolExecutor$Worker@faa1c29[State = -1, empty queue]] WARN  server.GrpcLogAppender (GrpcLogAppender.java:timeoutAppendRequest(200)) - eec7f56f-87bd-4e59-a43c-c5b862436b1c@group-F3FC0297FA2D->2534340d-8749-41cd-9451-53923b204706-GrpcLogAppender: appendEntries Timeout, request=eec7f56f-87bd-4e59-a43c-c5b862436b1c->2534340d-8749-41cd-9451-53923b204706#103-t2, previous=(t:2, i:20), leaderCommit=16, initializing? false, entries: <empty>
2019-09-12 04:44:47,826 [grpc-default-executor-4] WARN  server.GrpcLogAppender (LogUtils.java:warn(134)) - dc062215-230a-40c1-88c1-e0a4fdad3ac4@group-4108054CE771->f262dcb5-fcde-4b4d-8116-9712eaf07b60-AppendLogResponseHandler: Failed appendEntries: org.apache.ratis.thirdparty.io.grpc.StatusRuntimeException: UNAVAILABLE: io exception
2019-09-12 04:44:47,827 [grpc-default-executor-4] INFO  impl.FollowerInfo (FollowerInfo.java:lambda$new$0(51)) - dc062215-230a-40c1-88c1-e0a4fdad3ac4@group-4108054CE771->f262dcb5-fcde-4b4d-8116-9712eaf07b60: nextIndex: updateUnconditionally 0 -> 0
2019-09-12 04:44:47,835 [java.util.concurrent.ThreadPoolExecutor$Worker@55ae3b8[State = -1, empty queue]] WARN  server.GrpcLogAppender (GrpcLogAppender.java:timeoutAppendRequest(200)) - dc062215-230a-40c1-88c1-e0a4fdad3ac4@group-4108054CE771->11629c23-30ab-483c-81ff-e86f5fb16847-GrpcLogAppender: appendEntries Timeout, request=dc062215-230a-40c1-88c1-e0a4fdad3ac4->11629c23-30ab-483c-81ff-e86f5fb16847#33-t3, previous=(t:3, i:21), leaderCommit=16, initializing? false, entries: <empty>
2019-09-12 04:44:48,149 [java.util.concurrent.ThreadPoolExecutor$Worker@1c8130ff[State = -1, empty queue]] WARN  server.GrpcLogAppender (GrpcLogAppender.java:timeoutAppendRequest(200)) - eec7f56f-87bd-4e59-a43c-c5b862436b1c@group-F3FC0297FA2D->6a9b9dd7-7806-4506-bdaf-7a94c8190a08-GrpcLogAppender: appendEntries Timeout, request=eec7f56f-87bd-4e59-a43c-c5b862436b1c->6a9b9dd7-7806-4506-bdaf-7a94c8190a08#104-t2, previous=(t:2, i:20), leaderCommit=16, initializing? false, entries: <empty>
2019-09-12 04:44:48,149 [java.util.concurrent.ThreadPoolExecutor$Worker@faa1c29[State = -1, empty queue]] WARN  server.GrpcLogAppender (GrpcLogAppender.java:timeoutAppendRequest(200)) - eec7f56f-87bd-4e59-a43c-c5b862436b1c@group-F3FC0297FA2D->2534340d-8749-41cd-9451-53923b204706-GrpcLogAppender: appendEntries Timeout, request=eec7f56f-87bd-4e59-a43c-c5b862436b1c->2534340d-8749-41cd-9451-53923b204706#104-t2, previous=(t:2, i:20), leaderCommit=16, initializing? false, entries: <empty>
2019-09-12 04:44:48,347 [java.util.concurrent.ThreadPoolExecutor$Worker@55ae3b8[State = -1, empty queue]] WARN  server.GrpcLogAppender (GrpcLogAppender.java:timeoutAppendRequest(200)) - dc062215-230a-40c1-88c1-e0a4fdad3ac4@group-4108054CE771->11629c23-30ab-483c-81ff-e86f5fb16847-GrpcLogAppender: appendEntries Timeout, request=dc062215-230a-40c1-88c1-e0a4fdad3ac4->11629c23-30ab-483c-81ff-e86f5fb16847#34-t3, previous=(t:3, i:21), leaderCommit=16, initializing? false, entries: <empty>
2019-09-12 04:44:48,347 [grpc-default-executor-3] WARN  server.GrpcLogAppender (LogUtils.java:warn(134)) - dc062215-230a-40c1-88c1-e0a4fdad3ac4@group-4108054CE771->f262dcb5-fcde-4b4d-8116-9712eaf07b60-AppendLogResponseHandler: Failed appendEntries: org.apache.ratis.thirdparty.io.grpc.StatusRuntimeException: UNAVAILABLE: io exception
2019-09-12 04:44:48,347 [grpc-default-executor-3] INFO  impl.FollowerInfo (FollowerInfo.java:lambda$new$0(51)) - dc062215-230a-40c1-88c1-e0a4fdad3ac4@group-4108054CE771->f262dcb5-fcde-4b4d-8116-9712eaf07b60: nextIndex: updateUnconditionally 0 -> 0
2019-09-12 04:44:48,650 [java.util.concurrent.ThreadPoolExecutor$Worker@faa1c29[State = -1, empty queue]] WARN  server.GrpcLogAppender (GrpcLogAppender.java:timeoutAppendRequest(200)) - eec7f56f-87bd-4e59-a43c-c5b862436b1c@group-F3FC0297FA2D->2534340d-8749-41cd-9451-53923b204706-GrpcLogAppender: appendEntries Timeout, request=eec7f56f-87bd-4e59-a43c-c5b862436b1c->2534340d-8749-41cd-9451-53923b204706#105-t2, previous=(t:2, i:20), leaderCommit=16, initializing? false, entries: <empty>
2019-09-12 04:44:48,650 [java.util.concurrent.ThreadPoolExecutor$Worker@1c8130ff[State = -1, empty queue]] WARN  server.GrpcLogAppender (GrpcLogAppender.java:timeoutAppendRequest(200)) - eec7f56f-87bd-4e59-a43c-c5b862436b1c@group-F3FC0297FA2D->6a9b9dd7-7806-4506-bdaf-7a94c8190a08-GrpcLogAppender: appendEntries Timeout, request=eec7f56f-87bd-4e59-a43c-c5b862436b1c->6a9b9dd7-7806-4506-bdaf-7a94c8190a08#105-t2, previous=(t:2, i:20), leaderCommit=16, initializing? false, entries: <empty>
2019-09-12 04:44:48,828 [grpc-default-executor-6] WARN  server.GrpcLogAppender (LogUtils.java:warn(134)) - dc062215-230a-40c1-88c1-e0a4fdad3ac4@group-4108054CE771->f262dcb5-fcde-4b4d-8116-9712eaf07b60-AppendLogResponseHandler: Failed appendEntries: org.apache.ratis.thirdparty.io.grpc.StatusRuntimeException: UNAVAILABLE: io exception
2019-09-12 04:44:48,829 [grpc-default-executor-6] INFO  impl.FollowerInfo (FollowerInfo.java:lambda$new$0(51)) - dc062215-230a-40c1-88c1-e0a4fdad3ac4@group-4108054CE771->f262dcb5-fcde-4b4d-8116-9712eaf07b60: nextIndex: updateUnconditionally 0 -> 0
2019-09-12 04:44:48,835 [java.util.concurrent.ThreadPoolExecutor$Worker@55ae3b8[State = -1, empty queue]] WARN  server.GrpcLogAppender (GrpcLogAppender.java:timeoutAppendRequest(200)) - dc062215-230a-40c1-88c1-e0a4fdad3ac4@group-4108054CE771->11629c23-30ab-483c-81ff-e86f5fb16847-GrpcLogAppender: appendEntries Timeout, request=dc062215-230a-40c1-88c1-e0a4fdad3ac4->11629c23-30ab-483c-81ff-e86f5fb16847#35-t3, previous=(t:3, i:21), leaderCommit=16, initializing? false, entries: <empty>
2019-09-12 04:44:49,150 [java.util.concurrent.ThreadPoolExecutor$Worker@1c8130ff[State = -1, empty queue]] WARN  server.GrpcLogAppender (GrpcLogAppender.java:timeoutAppendRequest(200)) - eec7f56f-87bd-4e59-a43c-c5b862436b1c@group-F3FC0297FA2D->6a9b9dd7-7806-4506-bdaf-7a94c8190a08-GrpcLogAppender: appendEntries Timeout, request=eec7f56f-87bd-4e59-a43c-c5b862436b1c->6a9b9dd7-7806-4506-bdaf-7a94c8190a08#106-t2, previous=(t:2, i:20), leaderCommit=16, initializing? false, entries: <empty>
2019-09-12 04:44:49,150 [java.util.concurrent.ThreadPoolExecutor$Worker@faa1c29[State = -1, empty queue]] WARN  server.GrpcLogAppender (GrpcLogAppender.java:timeoutAppendRequest(200)) - eec7f56f-87bd-4e59-a43c-c5b862436b1c@group-F3FC0297FA2D->2534340d-8749-41cd-9451-53923b204706-GrpcLogAppender: appendEntries Timeout, request=eec7f56f-87bd-4e59-a43c-c5b862436b1c->2534340d-8749-41cd-9451-53923b204706#106-t2, previous=(t:2, i:20), leaderCommit=16, initializing? false, entries: <empty>
2019-09-12 04:44:49,329 [grpc-default-executor-3] WARN  server.GrpcLogAppender (LogUtils.java:warn(134)) - dc062215-230a-40c1-88c1-e0a4fdad3ac4@group-4108054CE771->f262dcb5-fcde-4b4d-8116-9712eaf07b60-AppendLogResponseHandler: Failed appendEntries: org.apache.ratis.thirdparty.io.grpc.StatusRuntimeException: UNAVAILABLE: io exception
2019-09-12 04:44:49,330 [grpc-default-executor-3] INFO  impl.FollowerInfo (FollowerInfo.java:lambda$new$0(51)) - dc062215-230a-40c1-88c1-e0a4fdad3ac4@group-4108054CE771->f262dcb5-fcde-4b4d-8116-9712eaf07b60: nextIndex: updateUnconditionally 0 -> 0
2019-09-12 04:44:49,336 [java.util.concurrent.ThreadPoolExecutor$Worker@55ae3b8[State = -1, empty queue]] WARN  server.GrpcLogAppender (GrpcLogAppender.java:timeoutAppendRequest(200)) - dc062215-230a-40c1-88c1-e0a4fdad3ac4@group-4108054CE771->11629c23-30ab-483c-81ff-e86f5fb16847-GrpcLogAppender: appendEntries Timeout, request=dc062215-230a-40c1-88c1-e0a4fdad3ac4->11629c23-30ab-483c-81ff-e86f5fb16847#36-t3, previous=(t:3, i:21), leaderCommit=16, initializing? false, entries: <empty>
2019-09-12 04:44:49,651 [java.util.concurrent.ThreadPoolExecutor$Worker@1c8130ff[State = -1, empty queue]] WARN  server.GrpcLogAppender (GrpcLogAppender.java:timeoutAppendRequest(200)) - eec7f56f-87bd-4e59-a43c-c5b862436b1c@group-F3FC0297FA2D->6a9b9dd7-7806-4506-bdaf-7a94c8190a08-GrpcLogAppender: appendEntries Timeout, request=eec7f56f-87bd-4e59-a43c-c5b862436b1c->6a9b9dd7-7806-4506-bdaf-7a94c8190a08#107-t2, previous=(t:2, i:20), leaderCommit=16, initializing? false, entries: <empty>
2019-09-12 04:44:49,651 [java.util.concurrent.ThreadPoolExecutor$Worker@faa1c29[State = -1, empty queue]] WARN  server.GrpcLogAppender (GrpcLogAppender.java:timeoutAppendRequest(200)) - eec7f56f-87bd-4e59-a43c-c5b862436b1c@group-F3FC0297FA2D->2534340d-8749-41cd-9451-53923b204706-GrpcLogAppender: appendEntries Timeout, request=eec7f56f-87bd-4e59-a43c-c5b862436b1c->2534340d-8749-41cd-9451-53923b204706#107-t2, previous=(t:2, i:20), leaderCommit=16, initializing? false, entries: <empty>
2019-09-12 04:44:49,831 [grpc-default-executor-4] WARN  server.GrpcLogAppender (LogUtils.java:warn(134)) - dc062215-230a-40c1-88c1-e0a4fdad3ac4@group-4108054CE771->f262dcb5-fcde-4b4d-8116-9712eaf07b60-AppendLogResponseHandler: Failed appendEntries: org.apache.ratis.thirdparty.io.grpc.StatusRuntimeException: UNAVAILABLE: io exception
2019-09-12 04:44:49,832 [grpc-default-executor-4] INFO  impl.FollowerInfo (FollowerInfo.java:lambda$new$0(51)) - dc062215-230a-40c1-88c1-e0a4fdad3ac4@group-4108054CE771->f262dcb5-fcde-4b4d-8116-9712eaf07b60: nextIndex: updateUnconditionally 0 -> 0
2019-09-12 04:44:49,836 [java.util.concurrent.ThreadPoolExecutor$Worker@55ae3b8[State = -1, empty queue]] WARN  server.GrpcLogAppender (GrpcLogAppender.java:timeoutAppendRequest(200)) - dc062215-230a-40c1-88c1-e0a4fdad3ac4@group-4108054CE771->11629c23-30ab-483c-81ff-e86f5fb16847-GrpcLogAppender: appendEntries Timeout, request=dc062215-230a-40c1-88c1-e0a4fdad3ac4->11629c23-30ab-483c-81ff-e86f5fb16847#37-t3, previous=(t:3, i:21), leaderCommit=16, initializing? false, entries: <empty>
2019-09-12 04:44:50,153 [java.util.concurrent.ThreadPoolExecutor$Worker@faa1c29[State = -1, empty queue]] WARN  server.GrpcLogAppender (GrpcLogAppender.java:timeoutAppendRequest(200)) - eec7f56f-87bd-4e59-a43c-c5b862436b1c@group-F3FC0297FA2D->2534340d-8749-41cd-9451-53923b204706-GrpcLogAppender: appendEntries Timeout, request=eec7f56f-87bd-4e59-a43c-c5b862436b1c->2534340d-8749-41cd-9451-53923b204706#108-t2, previous=(t:2, i:20), leaderCommit=16, initializing? false, entries: <empty>
2019-09-12 04:44:50,153 [java.util.concurrent.ThreadPoolExecutor$Worker@1c8130ff[State = -1, empty queue]] WARN  server.GrpcLogAppender (GrpcLogAppender.java:timeoutAppendRequest(200)) - eec7f56f-87bd-4e59-a43c-c5b862436b1c@group-F3FC0297FA2D->6a9b9dd7-7806-4506-bdaf-7a94c8190a08-GrpcLogAppender: appendEntries Timeout, request=eec7f56f-87bd-4e59-a43c-c5b862436b1c->6a9b9dd7-7806-4506-bdaf-7a94c8190a08#108-t2, previous=(t:2, i:20), leaderCommit=16, initializing? false, entries: <empty>
2019-09-12 04:44:50,331 [grpc-default-executor-3] WARN  server.GrpcLogAppender (LogUtils.java:warn(134)) - dc062215-230a-40c1-88c1-e0a4fdad3ac4@group-4108054CE771->f262dcb5-fcde-4b4d-8116-9712eaf07b60-AppendLogResponseHandler: Failed appendEntries: org.apache.ratis.thirdparty.io.grpc.StatusRuntimeException: UNAVAILABLE: io exception
2019-09-12 04:44:50,332 [grpc-default-executor-3] INFO  impl.FollowerInfo (FollowerInfo.java:lambda$new$0(51)) - dc062215-230a-40c1-88c1-e0a4fdad3ac4@group-4108054CE771->f262dcb5-fcde-4b4d-8116-9712eaf07b60: nextIndex: updateUnconditionally 0 -> 0
2019-09-12 04:44:50,336 [java.util.concurrent.ThreadPoolExecutor$Worker@55ae3b8[State = -1, empty queue]] WARN  server.GrpcLogAppender (GrpcLogAppender.java:timeoutAppendRequest(200)) - dc062215-230a-40c1-88c1-e0a4fdad3ac4@group-4108054CE771->11629c23-30ab-483c-81ff-e86f5fb16847-GrpcLogAppender: appendEntries Timeout, request=dc062215-230a-40c1-88c1-e0a4fdad3ac4->11629c23-30ab-483c-81ff-e86f5fb16847#38-t3, previous=(t:3, i:21), leaderCommit=16, initializing? false, entries: <empty>
2019-09-12 04:44:50,653 [java.util.concurrent.ThreadPoolExecutor$Worker@faa1c29[State = -1, empty queue]] WARN  server.GrpcLogAppender (GrpcLogAppender.java:timeoutAppendRequest(200)) - eec7f56f-87bd-4e59-a43c-c5b862436b1c@group-F3FC0297FA2D->2534340d-8749-41cd-9451-53923b204706-GrpcLogAppender: appendEntries Timeout, request=eec7f56f-87bd-4e59-a43c-c5b862436b1c->2534340d-8749-41cd-9451-53923b204706#109-t2, previous=(t:2, i:20), leaderCommit=16, initializing? false, entries: <empty>
2019-09-12 04:44:50,653 [java.util.concurrent.ThreadPoolExecutor$Worker@1c8130ff[State = -1, empty queue]] WARN  server.GrpcLogAppender (GrpcLogAppender.java:timeoutAppendRequest(200)) - eec7f56f-87bd-4e59-a43c-c5b862436b1c@group-F3FC0297FA2D->6a9b9dd7-7806-4506-bdaf-7a94c8190a08-GrpcLogAppender: appendEntries Timeout, request=eec7f56f-87bd-4e59-a43c-c5b862436b1c->6a9b9dd7-7806-4506-bdaf-7a94c8190a08#109-t2, previous=(t:2, i:20), leaderCommit=16, initializing? false, entries: <empty>
2019-09-12 04:44:50,832 [grpc-default-executor-4] WARN  server.GrpcLogAppender (LogUtils.java:warn(134)) - dc062215-230a-40c1-88c1-e0a4fdad3ac4@group-4108054CE771->f262dcb5-fcde-4b4d-8116-9712eaf07b60-AppendLogResponseHandler: Failed appendEntries: org.apache.ratis.thirdparty.io.grpc.StatusRuntimeException: UNAVAILABLE: io exception
2019-09-12 04:44:50,833 [grpc-default-executor-4] INFO  impl.FollowerInfo (FollowerInfo.java:lambda$new$0(51)) - dc062215-230a-40c1-88c1-e0a4fdad3ac4@group-4108054CE771->f262dcb5-fcde-4b4d-8116-9712eaf07b60: nextIndex: updateUnconditionally 0 -> 0
2019-09-12 04:44:50,836 [java.util.concurrent.ThreadPoolExecutor$Worker@55ae3b8[State = -1, empty queue]] WARN  server.GrpcLogAppender (GrpcLogAppender.java:timeoutAppendRequest(200)) - dc062215-230a-40c1-88c1-e0a4fdad3ac4@group-4108054CE771->11629c23-30ab-483c-81ff-e86f5fb16847-GrpcLogAppender: appendEntries Timeout, request=dc062215-230a-40c1-88c1-e0a4fdad3ac4->11629c23-30ab-483c-81ff-e86f5fb16847#39-t3, previous=(t:3, i:21), leaderCommit=16, initializing? false, entries: <empty>
2019-09-12 04:44:51,157 [java.util.concurrent.ThreadPoolExecutor$Worker@faa1c29[State = -1, empty queue]] WARN  server.GrpcLogAppender (GrpcLogAppender.java:timeoutAppendRequest(200)) - eec7f56f-87bd-4e59-a43c-c5b862436b1c@group-F3FC0297FA2D->2534340d-8749-41cd-9451-53923b204706-GrpcLogAppender: appendEntries Timeout, request=eec7f56f-87bd-4e59-a43c-c5b862436b1c->2534340d-8749-41cd-9451-53923b204706#110-t2, previous=(t:2, i:20), leaderCommit=16, initializing? false, entries: <empty>
2019-09-12 04:44:51,157 [java.util.concurrent.ThreadPoolExecutor$Worker@1c8130ff[State = -1, empty queue]] WARN  server.GrpcLogAppender (GrpcLogAppender.java:timeoutAppendRequest(200)) - eec7f56f-87bd-4e59-a43c-c5b862436b1c@group-F3FC0297FA2D->6a9b9dd7-7806-4506-bdaf-7a94c8190a08-GrpcLogAppender: appendEntries Timeout, request=eec7f56f-87bd-4e59-a43c-c5b862436b1c->6a9b9dd7-7806-4506-bdaf-7a94c8190a08#110-t2, previous=(t:2, i:20), leaderCommit=16, initializing? false, entries: <empty>
2019-09-12 04:44:51,217 [main] INFO  ozoneimpl.OzoneContainer (OzoneContainer.java:stop(231)) - Attempting to stop container services.
2019-09-12 04:44:51,218 [main] INFO  impl.RaftServerProxy (RaftServerProxy.java:lambda$close$4(314)) - 11629c23-30ab-483c-81ff-e86f5fb16847: close
2019-09-12 04:44:51,219 [main] INFO  impl.RaftServerImpl (RaftServerImpl.java:lambda$shutdown$3(251)) - 11629c23-30ab-483c-81ff-e86f5fb16847@group-4108054CE771: shutdown
2019-09-12 04:44:51,219 [ForkJoinPool.commonPool-worker-1] INFO  impl.RaftServerImpl (RaftServerImpl.java:lambda$shutdown$3(251)) - 11629c23-30ab-483c-81ff-e86f5fb16847@group-A1FE02390088: shutdown
2019-09-12 04:44:51,220 [main] INFO  util.JmxRegister (JmxRegister.java:unregister(73)) - Successfully un-registered JMX Bean with object name Ratis:service=RaftServer,group=group-4108054CE771,id=11629c23-30ab-483c-81ff-e86f5fb16847
2019-09-12 04:44:51,220 [ForkJoinPool.commonPool-worker-1] INFO  util.JmxRegister (JmxRegister.java:unregister(73)) - Successfully un-registered JMX Bean with object name Ratis:service=RaftServer,group=group-A1FE02390088,id=11629c23-30ab-483c-81ff-e86f5fb16847
2019-09-12 04:44:51,220 [main] INFO  impl.RoleInfo (RoleInfo.java:shutdownFollowerState(121)) - 11629c23-30ab-483c-81ff-e86f5fb16847: shutdown FollowerState
2019-09-12 04:44:51,221 [ForkJoinPool.commonPool-worker-1] INFO  impl.RoleInfo (RoleInfo.java:shutdownLeaderState(104)) - 11629c23-30ab-483c-81ff-e86f5fb16847: shutdown LeaderState
2019-09-12 04:44:51,221 [main] INFO  impl.StateMachineUpdater (StateMachineUpdater.java:stopAndJoin(125)) - 11629c23-30ab-483c-81ff-e86f5fb16847@group-4108054CE771-StateMachineUpdater: set stopIndex = 16
2019-09-12 04:44:51,221 [11629c23-30ab-483c-81ff-e86f5fb16847@group-4108054CE771-StateMachineUpdater] INFO  ratis.ContainerStateMachine (ContainerStateMachine.java:takeSnapshot(289)) - group-4108054CE771: Taking a snapshot at:(t:2, i:12) file /workdir/hadoop-ozone/integration-test/target/test-dir/MiniOzoneClusterImpl-0727815a-69b9-4555-83e7-340a4888e3ed/datanode-8/data/ratis/9b9520e7-d4bb-49c1-a64e-4108054ce771/sm/snapshot.2_12
2019-09-12 04:44:51,221 [ForkJoinPool.commonPool-worker-1] INFO  impl.PendingRequests (PendingRequests.java:sendNotLeaderResponses(202)) - 11629c23-30ab-483c-81ff-e86f5fb16847-PendingRequests: sendNotLeaderResponses
2019-09-12 04:44:51,221 [Thread-912] INFO  impl.FollowerState (FollowerState.java:run(115)) - 11629c23-30ab-483c-81ff-e86f5fb16847: FollowerState was interrupted: java.lang.InterruptedException: sleep interrupted
2019-09-12 04:44:51,226 [ForkJoinPool.commonPool-worker-1] INFO  impl.StateMachineUpdater (StateMachineUpdater.java:stopAndJoin(125)) - 11629c23-30ab-483c-81ff-e86f5fb16847@group-A1FE02390088-StateMachineUpdater: set stopIndex = 0
2019-09-12 04:44:51,227 [ForkJoinPool.commonPool-worker-1] INFO  impl.RaftServerImpl (ServerState.java:close(385)) - 11629c23-30ab-483c-81ff-e86f5fb16847@group-A1FE02390088: closes. applyIndex: 0
2019-09-12 04:44:51,227 [11629c23-30ab-483c-81ff-e86f5fb16847@group-A1FE02390088-SegmentedRaftLogWorker] INFO  segmented.SegmentedRaftLogWorker (SegmentedRaftLogWorker.java:run(313)) - 11629c23-30ab-483c-81ff-e86f5fb16847@group-A1FE02390088-SegmentedRaftLogWorker was interrupted, exiting. There are 0 tasks remaining in the queue.
2019-09-12 04:44:51,231 [ForkJoinPool.commonPool-worker-1] INFO  segmented.SegmentedRaftLogWorker (SegmentedRaftLogWorker.java:close(228)) - 11629c23-30ab-483c-81ff-e86f5fb16847@group-A1FE02390088-SegmentedRaftLogWorker close()
2019-09-12 04:44:51,236 [11629c23-30ab-483c-81ff-e86f5fb16847@group-4108054CE771-StateMachineUpdater] INFO  ratis.ContainerStateMachine (ContainerStateMachine.java:takeSnapshot(300)) - group-4108054CE771: Finished taking a snapshot at:(t:2, i:12) file:/workdir/hadoop-ozone/integration-test/target/test-dir/MiniOzoneClusterImpl-0727815a-69b9-4555-83e7-340a4888e3ed/datanode-8/data/ratis/9b9520e7-d4bb-49c1-a64e-4108054ce771/sm/snapshot.2_12 time:12
2019-09-12 04:44:51,236 [11629c23-30ab-483c-81ff-e86f5fb16847@group-4108054CE771-StateMachineUpdater] INFO  impl.StateMachineUpdater (StateMachineUpdater.java:takeSnapshot(258)) - 11629c23-30ab-483c-81ff-e86f5fb16847@group-4108054CE771-StateMachineUpdater: Took a snapshot at index 12
2019-09-12 04:44:51,236 [11629c23-30ab-483c-81ff-e86f5fb16847@group-4108054CE771-StateMachineUpdater] INFO  impl.StateMachineUpdater (StateMachineUpdater.java:lambda$new$0(83)) - 11629c23-30ab-483c-81ff-e86f5fb16847@group-4108054CE771-StateMachineUpdater: snapshotIndex: updateIncreasingly -1 -> 12
2019-09-12 04:44:51,237 [11629c23-30ab-483c-81ff-e86f5fb16847@group-4108054CE771-StateMachineUpdater] INFO  ratis.ContainerStateMachine (ContainerStateMachine.java:takeSnapshot(289)) - group-4108054CE771: Taking a snapshot at:(t:2, i:12) file /workdir/hadoop-ozone/integration-test/target/test-dir/MiniOzoneClusterImpl-0727815a-69b9-4555-83e7-340a4888e3ed/datanode-8/data/ratis/9b9520e7-d4bb-49c1-a64e-4108054ce771/sm/snapshot.2_12
2019-09-12 04:44:51,247 [11629c23-30ab-483c-81ff-e86f5fb16847@group-4108054CE771-StateMachineUpdater] INFO  ratis.ContainerStateMachine (ContainerStateMachine.java:takeSnapshot(300)) - group-4108054CE771: Finished taking a snapshot at:(t:2, i:12) file:/workdir/hadoop-ozone/integration-test/target/test-dir/MiniOzoneClusterImpl-0727815a-69b9-4555-83e7-340a4888e3ed/datanode-8/data/ratis/9b9520e7-d4bb-49c1-a64e-4108054ce771/sm/snapshot.2_12 time:11
2019-09-12 04:44:51,247 [11629c23-30ab-483c-81ff-e86f5fb16847@group-4108054CE771-StateMachineUpdater] INFO  impl.StateMachineUpdater (StateMachineUpdater.java:takeSnapshot(258)) - 11629c23-30ab-483c-81ff-e86f5fb16847@group-4108054CE771-StateMachineUpdater: Took a snapshot at index 12
2019-09-12 04:44:51,248 [11629c23-30ab-483c-81ff-e86f5fb16847@group-4108054CE771-StateMachineUpdater] INFO  impl.StateMachineUpdater (StateMachineUpdater.java:lambda$new$0(83)) - 11629c23-30ab-483c-81ff-e86f5fb16847@group-4108054CE771-StateMachineUpdater: snapshotIndex: updateIncreasingly 12 -> 12
2019-09-12 04:44:51,248 [main] INFO  impl.RaftServerImpl (ServerState.java:close(385)) - 11629c23-30ab-483c-81ff-e86f5fb16847@group-4108054CE771: closes. applyIndex: 16
2019-09-12 04:44:51,251 [11629c23-30ab-483c-81ff-e86f5fb16847@group-4108054CE771-SegmentedRaftLogWorker] ERROR ratis.XceiverServerRatis (XceiverServerRatis.java:triggerPipelineClose(568)) - pipeline Action CLOSE  on pipeline PipelineID=9b9520e7-d4bb-49c1-a64e-4108054ce771.Reason : WriteLog:17: (t:2, i:17), STATEMACHINELOGENTRY, client-7852974D6869, cid=29-writeStateMachineData interrupted.
2019-09-12 04:44:51,254 [main] INFO  segmented.SegmentedRaftLogWorker (SegmentedRaftLogWorker.java:close(228)) - 11629c23-30ab-483c-81ff-e86f5fb16847@group-4108054CE771-SegmentedRaftLogWorker close()
2019-09-12 04:44:51,259 [main] INFO  server.GrpcService (GrpcService.java:closeImpl(164)) - 11629c23-30ab-483c-81ff-e86f5fb16847: shutdown server with port 35874 now
2019-09-12 04:44:51,262 [main] INFO  server.GrpcService (GrpcService.java:closeImpl(172)) - 11629c23-30ab-483c-81ff-e86f5fb16847: shutdown server with port 35874 successfully
2019-09-12 04:44:51,263 [grpc-default-executor-6] WARN  server.GrpcLogAppender (LogUtils.java:warn(134)) - dc062215-230a-40c1-88c1-e0a4fdad3ac4@group-4108054CE771->11629c23-30ab-483c-81ff-e86f5fb16847-AppendLogResponseHandler: Failed appendEntries: org.apache.ratis.thirdparty.io.grpc.StatusRuntimeException: CANCELLED: HTTP/2 error code: CANCEL
Received Rst Stream
2019-09-12 04:44:51,263 [grpc-default-executor-4] WARN  server.GrpcServerProtocolService (LogUtils.java:warn(134)) - 11629c23-30ab-483c-81ff-e86f5fb16847: installSnapshot onError, lastRequest: dc062215-230a-40c1-88c1-e0a4fdad3ac4->11629c23-30ab-483c-81ff-e86f5fb16847#45-t3, previous=(t:3, i:21), leaderCommit=16, initializing? false, entries: <empty>: org.apache.ratis.thirdparty.io.grpc.StatusRuntimeException: CANCELLED: cancelled before receiving half close
2019-09-12 04:44:51,263 [grpc-default-executor-6] INFO  impl.FollowerInfo (FollowerInfo.java:lambda$new$0(51)) - dc062215-230a-40c1-88c1-e0a4fdad3ac4@group-4108054CE771->11629c23-30ab-483c-81ff-e86f5fb16847: nextIndex: updateUnconditionally 22 -> 21
2019-09-12 04:44:51,274 [refreshUsed-/workdir/hadoop-ozone/integration-test/target/test-dir/MiniOzoneClusterImpl-0727815a-69b9-4555-83e7-340a4888e3ed/datanode-8/data/containers] WARN  fs.CachingGetSpaceUsed (CachingGetSpaceUsed.java:run(183)) - Thread Interrupted waiting to refresh disk information: sleep interrupted
2019-09-12 04:44:51,297 [main] INFO  utils.BackgroundService (BackgroundService.java:shutdown(148)) - Shutting down service BlockDeletingService
2019-09-12 04:44:51,302 [main] INFO  statemachine.DatanodeStateMachine (DatanodeStateMachine.java:stopDaemon(395)) - Ozone container server stopped.
2019-09-12 04:44:51,304 [main] INFO  handler.ContextHandler (ContextHandler.java:doStop(910)) - Stopped o.e.j.w.WebAppContext@4b0f2299{/,null,UNAVAILABLE}{/hddsDatanode}
2019-09-12 04:44:51,305 [main] INFO  server.AbstractConnector (AbstractConnector.java:doStop(318)) - Stopped ServerConnector@33063f5b{HTTP/1.1,[http/1.1]}{0.0.0.0:0}
2019-09-12 04:44:51,306 [main] INFO  handler.ContextHandler (ContextHandler.java:doStop(910)) - Stopped o.e.j.s.ServletContextHandler@58740366{/static,jar:file:/home/user/.m2/repository/org/apache/hadoop/hadoop-hdds-container-service/0.5.0-SNAPSHOT/hadoop-hdds-container-service-0.5.0-SNAPSHOT.jar!/webapps/static,UNAVAILABLE}
2019-09-12 04:44:51,306 [main] INFO  handler.ContextHandler (ContextHandler.java:doStop(910)) - Stopped o.e.j.s.ServletContextHandler@176f7f3b{/logs,file:///workdir/hadoop-ozone/integration-test/target/log,UNAVAILABLE}
2019-09-12 04:44:51,333 [grpc-default-executor-3] WARN  server.GrpcLogAppender (LogUtils.java:warn(134)) - dc062215-230a-40c1-88c1-e0a4fdad3ac4@group-4108054CE771->f262dcb5-fcde-4b4d-8116-9712eaf07b60-AppendLogResponseHandler: Failed appendEntries: org.apache.ratis.thirdparty.io.grpc.StatusRuntimeException: UNAVAILABLE: io exception
2019-09-12 04:44:51,334 [grpc-default-executor-3] INFO  impl.FollowerInfo (FollowerInfo.java:lambda$new$0(51)) - dc062215-230a-40c1-88c1-e0a4fdad3ac4@group-4108054CE771->f262dcb5-fcde-4b4d-8116-9712eaf07b60: nextIndex: updateUnconditionally 0 -> 0
2019-09-12 04:44:51,362 [grpc-default-executor-6] WARN  server.GrpcLogAppender (LogUtils.java:warn(134)) - dc062215-230a-40c1-88c1-e0a4fdad3ac4@group-4108054CE771->11629c23-30ab-483c-81ff-e86f5fb16847-AppendLogResponseHandler: Failed appendEntries: org.apache.ratis.thirdparty.io.grpc.StatusRuntimeException: UNAVAILABLE: io exception
2019-09-12 04:44:51,362 [grpc-default-executor-6] INFO  impl.FollowerInfo (FollowerInfo.java:lambda$new$0(51)) - dc062215-230a-40c1-88c1-e0a4fdad3ac4@group-4108054CE771->11629c23-30ab-483c-81ff-e86f5fb16847: nextIndex: updateUnconditionally 21 -> 20
2019-09-12 04:44:51,379 [grpc-default-executor-4] INFO  client.GrpcClientProtocolClient (GrpcClientProtocolClient.java:onNext(264)) - client-40C9AD207E5E->4a6209c5-e52c-498b-a70a-f7b5c2b845a9: receive RaftClientReply:client-40C9AD207E5E->4a6209c5-e52c-498b-a70a-f7b5c2b845a9@group-5FD8722A3841, cid=63, SUCCESS, logIndex=27, commits[4a6209c5-e52c-498b-a70a-f7b5c2b845a9:c28, 5903dc6b-2e4c-43f3-9c86-89f09a7774cd:c26, cf6464f0-cbf8-4363-9806-263215a09c56:c26]
2019-09-12 04:44:51,381 [grpc-default-executor-6] INFO  client.GrpcClientProtocolClient (GrpcClientProtocolClient.java:onNext(264)) - client-40C9AD207E5E->4a6209c5-e52c-498b-a70a-f7b5c2b845a9: receive RaftClientReply:client-40C9AD207E5E->4a6209c5-e52c-498b-a70a-f7b5c2b845a9@group-5FD8722A3841, cid=64, SUCCESS, logIndex=28, commits[4a6209c5-e52c-498b-a70a-f7b5c2b845a9:c28, 5903dc6b-2e4c-43f3-9c86-89f09a7774cd:c26, cf6464f0-cbf8-4363-9806-263215a09c56:c26]
2019-09-12 04:44:51,388 [grpc-default-executor-6] INFO  client.GrpcClientProtocolClient (GrpcClientProtocolClient.java:onNext(264)) - client-40C9AD207E5E->4a6209c5-e52c-498b-a70a-f7b5c2b845a9: receive RaftClientReply:client-40C9AD207E5E->4a6209c5-e52c-498b-a70a-f7b5c2b845a9@group-5FD8722A3841, cid=65, SUCCESS, logIndex=0, commits[4a6209c5-e52c-498b-a70a-f7b5c2b845a9:c30, 5903dc6b-2e4c-43f3-9c86-89f09a7774cd:c28, cf6464f0-cbf8-4363-9806-263215a09c56:c28]
2019-09-12 04:44:51,657 [java.util.concurrent.ThreadPoolExecutor$Worker@1c8130ff[State = -1, empty queue]] WARN  server.GrpcLogAppender (GrpcLogAppender.java:timeoutAppendRequest(200)) - eec7f56f-87bd-4e59-a43c-c5b862436b1c@group-F3FC0297FA2D->6a9b9dd7-7806-4506-bdaf-7a94c8190a08-GrpcLogAppender: appendEntries Timeout, request=eec7f56f-87bd-4e59-a43c-c5b862436b1c->6a9b9dd7-7806-4506-bdaf-7a94c8190a08#111-t2, previous=(t:2, i:20), leaderCommit=16, initializing? false, entries: <empty>
2019-09-12 04:44:51,657 [java.util.concurrent.ThreadPoolExecutor$Worker@faa1c29[State = -1, empty queue]] WARN  server.GrpcLogAppender (GrpcLogAppender.java:timeoutAppendRequest(200)) - eec7f56f-87bd-4e59-a43c-c5b862436b1c@group-F3FC0297FA2D->2534340d-8749-41cd-9451-53923b204706-GrpcLogAppender: appendEntries Timeout, request=eec7f56f-87bd-4e59-a43c-c5b862436b1c->2534340d-8749-41cd-9451-53923b204706#111-t2, previous=(t:2, i:20), leaderCommit=16, initializing? false, entries: <empty>
2019-09-12 04:44:51,834 [grpc-default-executor-3] WARN  server.GrpcLogAppender (LogUtils.java:warn(134)) - dc062215-230a-40c1-88c1-e0a4fdad3ac4@group-4108054CE771->f262dcb5-fcde-4b4d-8116-9712eaf07b60-AppendLogResponseHandler: Failed appendEntries: org.apache.ratis.thirdparty.io.grpc.StatusRuntimeException: UNAVAILABLE: io exception
2019-09-12 04:44:51,834 [grpc-default-executor-3] INFO  impl.FollowerInfo (FollowerInfo.java:lambda$new$0(51)) - dc062215-230a-40c1-88c1-e0a4fdad3ac4@group-4108054CE771->f262dcb5-fcde-4b4d-8116-9712eaf07b60: nextIndex: updateUnconditionally 0 -> 0
2019-09-12 04:44:51,863 [grpc-default-executor-6] WARN  server.GrpcLogAppender (LogUtils.java:warn(134)) - dc062215-230a-40c1-88c1-e0a4fdad3ac4@group-4108054CE771->11629c23-30ab-483c-81ff-e86f5fb16847-AppendLogResponseHandler: Failed appendEntries: org.apache.ratis.thirdparty.io.grpc.StatusRuntimeException: UNAVAILABLE: io exception
2019-09-12 04:44:51,863 [grpc-default-executor-6] INFO  impl.FollowerInfo (FollowerInfo.java:lambda$new$0(51)) - dc062215-230a-40c1-88c1-e0a4fdad3ac4@group-4108054CE771->11629c23-30ab-483c-81ff-e86f5fb16847: nextIndex: updateUnconditionally 20 -> 19
2019-09-12 04:44:52,158 [java.util.concurrent.ThreadPoolExecutor$Worker@1c8130ff[State = -1, empty queue]] WARN  server.GrpcLogAppender (GrpcLogAppender.java:timeoutAppendRequest(200)) - eec7f56f-87bd-4e59-a43c-c5b862436b1c@group-F3FC0297FA2D->6a9b9dd7-7806-4506-bdaf-7a94c8190a08-GrpcLogAppender: appendEntries Timeout, request=eec7f56f-87bd-4e59-a43c-c5b862436b1c->6a9b9dd7-7806-4506-bdaf-7a94c8190a08#112-t2, previous=(t:2, i:20), leaderCommit=16, initializing? false, entries: <empty>
2019-09-12 04:44:52,158 [java.util.concurrent.ThreadPoolExecutor$Worker@faa1c29[State = -1, empty queue]] WARN  server.GrpcLogAppender (GrpcLogAppender.java:timeoutAppendRequest(200)) - eec7f56f-87bd-4e59-a43c-c5b862436b1c@group-F3FC0297FA2D->2534340d-8749-41cd-9451-53923b204706-GrpcLogAppender: appendEntries Timeout, request=eec7f56f-87bd-4e59-a43c-c5b862436b1c->2534340d-8749-41cd-9451-53923b204706#112-t2, previous=(t:2, i:20), leaderCommit=16, initializing? false, entries: <empty>
2019-09-12 04:44:52,334 [grpc-default-executor-4] WARN  server.GrpcLogAppender (LogUtils.java:warn(134)) - dc062215-230a-40c1-88c1-e0a4fdad3ac4@group-4108054CE771->f262dcb5-fcde-4b4d-8116-9712eaf07b60-AppendLogResponseHandler: Failed appendEntries: org.apache.ratis.thirdparty.io.grpc.StatusRuntimeException: UNAVAILABLE: io exception
2019-09-12 04:44:52,335 [grpc-default-executor-4] INFO  impl.FollowerInfo (FollowerInfo.java:lambda$new$0(51)) - dc062215-230a-40c1-88c1-e0a4fdad3ac4@group-4108054CE771->f262dcb5-fcde-4b4d-8116-9712eaf07b60: nextIndex: updateUnconditionally 0 -> 0
2019-09-12 04:44:52,363 [grpc-default-executor-3] WARN  server.GrpcLogAppender (LogUtils.java:warn(134)) - dc062215-230a-40c1-88c1-e0a4fdad3ac4@group-4108054CE771->11629c23-30ab-483c-81ff-e86f5fb16847-AppendLogResponseHandler: Failed appendEntries: org.apache.ratis.thirdparty.io.grpc.StatusRuntimeException: UNAVAILABLE: io exception
2019-09-12 04:44:52,364 [grpc-default-executor-3] INFO  impl.FollowerInfo (FollowerInfo.java:lambda$new$0(51)) - dc062215-230a-40c1-88c1-e0a4fdad3ac4@group-4108054CE771->11629c23-30ab-483c-81ff-e86f5fb16847: nextIndex: updateUnconditionally 19 -> 18
2019-09-12 04:44:52,659 [java.util.concurrent.ThreadPoolExecutor$Worker@1c8130ff[State = -1, empty queue]] WARN  server.GrpcLogAppender (GrpcLogAppender.java:timeoutAppendRequest(200)) - eec7f56f-87bd-4e59-a43c-c5b862436b1c@group-F3FC0297FA2D->6a9b9dd7-7806-4506-bdaf-7a94c8190a08-GrpcLogAppender: appendEntries Timeout, request=eec7f56f-87bd-4e59-a43c-c5b862436b1c->6a9b9dd7-7806-4506-bdaf-7a94c8190a08#113-t2, previous=(t:2, i:20), leaderCommit=16, initializing? false, entries: <empty>
2019-09-12 04:44:52,659 [java.util.concurrent.ThreadPoolExecutor$Worker@faa1c29[State = -1, empty queue]] WARN  server.GrpcLogAppender (GrpcLogAppender.java:timeoutAppendRequest(200)) - eec7f56f-87bd-4e59-a43c-c5b862436b1c@group-F3FC0297FA2D->2534340d-8749-41cd-9451-53923b204706-GrpcLogAppender: appendEntries Timeout, request=eec7f56f-87bd-4e59-a43c-c5b862436b1c->2534340d-8749-41cd-9451-53923b204706#113-t2, previous=(t:2, i:20), leaderCommit=16, initializing? false, entries: <empty>
2019-09-12 04:44:52,835 [grpc-default-executor-6] WARN  server.GrpcLogAppender (LogUtils.java:warn(134)) - dc062215-230a-40c1-88c1-e0a4fdad3ac4@group-4108054CE771->f262dcb5-fcde-4b4d-8116-9712eaf07b60-AppendLogResponseHandler: Failed appendEntries: org.apache.ratis.thirdparty.io.grpc.StatusRuntimeException: UNAVAILABLE: io exception
2019-09-12 04:44:52,836 [grpc-default-executor-6] INFO  impl.FollowerInfo (FollowerInfo.java:lambda$new$0(51)) - dc062215-230a-40c1-88c1-e0a4fdad3ac4@group-4108054CE771->f262dcb5-fcde-4b4d-8116-9712eaf07b60: nextIndex: updateUnconditionally 0 -> 0
2019-09-12 04:44:52,864 [grpc-default-executor-3] WARN  server.GrpcLogAppender (LogUtils.java:warn(134)) - dc062215-230a-40c1-88c1-e0a4fdad3ac4@group-4108054CE771->11629c23-30ab-483c-81ff-e86f5fb16847-AppendLogResponseHandler: Failed appendEntries: org.apache.ratis.thirdparty.io.grpc.StatusRuntimeException: UNAVAILABLE: io exception
2019-09-12 04:44:52,864 [grpc-default-executor-3] INFO  impl.FollowerInfo (FollowerInfo.java:lambda$new$0(51)) - dc062215-230a-40c1-88c1-e0a4fdad3ac4@group-4108054CE771->11629c23-30ab-483c-81ff-e86f5fb16847: nextIndex: updateUnconditionally 18 -> 17
2019-09-12 04:44:53,159 [java.util.concurrent.ThreadPoolExecutor$Worker@1c8130ff[State = -1, empty queue]] WARN  server.GrpcLogAppender (GrpcLogAppender.java:timeoutAppendRequest(200)) - eec7f56f-87bd-4e59-a43c-c5b862436b1c@group-F3FC0297FA2D->6a9b9dd7-7806-4506-bdaf-7a94c8190a08-GrpcLogAppender: appendEntries Timeout, request=eec7f56f-87bd-4e59-a43c-c5b862436b1c->6a9b9dd7-7806-4506-bdaf-7a94c8190a08#114-t2, previous=(t:2, i:20), leaderCommit=16, initializing? false, entries: <empty>
2019-09-12 04:44:53,159 [java.util.concurrent.ThreadPoolExecutor$Worker@faa1c29[State = -1, empty queue]] WARN  server.GrpcLogAppender (GrpcLogAppender.java:timeoutAppendRequest(200)) - eec7f56f-87bd-4e59-a43c-c5b862436b1c@group-F3FC0297FA2D->2534340d-8749-41cd-9451-53923b204706-GrpcLogAppender: appendEntries Timeout, request=eec7f56f-87bd-4e59-a43c-c5b862436b1c->2534340d-8749-41cd-9451-53923b204706#114-t2, previous=(t:2, i:20), leaderCommit=16, initializing? false, entries: <empty>
2019-09-12 04:44:53,337 [grpc-default-executor-4] WARN  server.GrpcLogAppender (LogUtils.java:warn(134)) - dc062215-230a-40c1-88c1-e0a4fdad3ac4@group-4108054CE771->f262dcb5-fcde-4b4d-8116-9712eaf07b60-AppendLogResponseHandler: Failed appendEntries: org.apache.ratis.thirdparty.io.grpc.StatusRuntimeException: UNAVAILABLE: io exception
2019-09-12 04:44:53,337 [grpc-default-executor-4] INFO  impl.FollowerInfo (FollowerInfo.java:lambda$new$0(51)) - dc062215-230a-40c1-88c1-e0a4fdad3ac4@group-4108054CE771->f262dcb5-fcde-4b4d-8116-9712eaf07b60: nextIndex: updateUnconditionally 0 -> 0
2019-09-12 04:44:53,365 [grpc-default-executor-6] WARN  server.GrpcLogAppender (LogUtils.java:warn(134)) - dc062215-230a-40c1-88c1-e0a4fdad3ac4@group-4108054CE771->11629c23-30ab-483c-81ff-e86f5fb16847-AppendLogResponseHandler: Failed appendEntries: org.apache.ratis.thirdparty.io.grpc.StatusRuntimeException: UNAVAILABLE: io exception
2019-09-12 04:44:53,366 [grpc-default-executor-6] INFO  impl.FollowerInfo (FollowerInfo.java:lambda$new$0(51)) - dc062215-230a-40c1-88c1-e0a4fdad3ac4@group-4108054CE771->11629c23-30ab-483c-81ff-e86f5fb16847: nextIndex: updateUnconditionally 17 -> 16
2019-09-12 04:44:53,659 [java.util.concurrent.ThreadPoolExecutor$Worker@1c8130ff[State = -1, empty queue]] WARN  server.GrpcLogAppender (GrpcLogAppender.java:timeoutAppendRequest(200)) - eec7f56f-87bd-4e59-a43c-c5b862436b1c@group-F3FC0297FA2D->6a9b9dd7-7806-4506-bdaf-7a94c8190a08-GrpcLogAppender: appendEntries Timeout, request=eec7f56f-87bd-4e59-a43c-c5b862436b1c->6a9b9dd7-7806-4506-bdaf-7a94c8190a08#115-t2, previous=(t:2, i:20), leaderCommit=16, initializing? false, entries: <empty>
2019-09-12 04:44:53,659 [java.util.concurrent.ThreadPoolExecutor$Worker@faa1c29[State = -1, empty queue]] WARN  server.GrpcLogAppender (GrpcLogAppender.java:timeoutAppendRequest(200)) - eec7f56f-87bd-4e59-a43c-c5b862436b1c@group-F3FC0297FA2D->2534340d-8749-41cd-9451-53923b204706-GrpcLogAppender: appendEntries Timeout, request=eec7f56f-87bd-4e59-a43c-c5b862436b1c->2534340d-8749-41cd-9451-53923b204706#115-t2, previous=(t:2, i:20), leaderCommit=16, initializing? false, entries: <empty>
2019-09-12 04:44:53,837 [grpc-default-executor-3] WARN  server.GrpcLogAppender (LogUtils.java:warn(134)) - dc062215-230a-40c1-88c1-e0a4fdad3ac4@group-4108054CE771->f262dcb5-fcde-4b4d-8116-9712eaf07b60-AppendLogResponseHandler: Failed appendEntries: org.apache.ratis.thirdparty.io.grpc.StatusRuntimeException: UNAVAILABLE: io exception
2019-09-12 04:44:53,838 [grpc-default-executor-3] INFO  impl.FollowerInfo (FollowerInfo.java:lambda$new$0(51)) - dc062215-230a-40c1-88c1-e0a4fdad3ac4@group-4108054CE771->f262dcb5-fcde-4b4d-8116-9712eaf07b60: nextIndex: updateUnconditionally 0 -> 0
2019-09-12 04:44:53,866 [grpc-default-executor-6] WARN  server.GrpcLogAppender (LogUtils.java:warn(134)) - dc062215-230a-40c1-88c1-e0a4fdad3ac4@group-4108054CE771->11629c23-30ab-483c-81ff-e86f5fb16847-AppendLogResponseHandler: Failed appendEntries: org.apache.ratis.thirdparty.io.grpc.StatusRuntimeException: UNAVAILABLE: io exception
2019-09-12 04:44:53,866 [grpc-default-executor-6] INFO  impl.FollowerInfo (FollowerInfo.java:lambda$new$0(51)) - dc062215-230a-40c1-88c1-e0a4fdad3ac4@group-4108054CE771->11629c23-30ab-483c-81ff-e86f5fb16847: nextIndex: updateUnconditionally 16 -> 15
2019-09-12 04:44:54,159 [java.util.concurrent.ThreadPoolExecutor$Worker@faa1c29[State = -1, empty queue]] WARN  server.GrpcLogAppender (GrpcLogAppender.java:timeoutAppendRequest(200)) - eec7f56f-87bd-4e59-a43c-c5b862436b1c@group-F3FC0297FA2D->2534340d-8749-41cd-9451-53923b204706-GrpcLogAppender: appendEntries Timeout, request=eec7f56f-87bd-4e59-a43c-c5b862436b1c->2534340d-8749-41cd-9451-53923b204706#116-t2, previous=(t:2, i:20), leaderCommit=16, initializing? false, entries: <empty>
2019-09-12 04:44:54,159 [java.util.concurrent.ThreadPoolExecutor$Worker@1c8130ff[State = -1, empty queue]] WARN  server.GrpcLogAppender (GrpcLogAppender.java:timeoutAppendRequest(200)) - eec7f56f-87bd-4e59-a43c-c5b862436b1c@group-F3FC0297FA2D->6a9b9dd7-7806-4506-bdaf-7a94c8190a08-GrpcLogAppender: appendEntries Timeout, request=eec7f56f-87bd-4e59-a43c-c5b862436b1c->6a9b9dd7-7806-4506-bdaf-7a94c8190a08#116-t2, previous=(t:2, i:20), leaderCommit=16, initializing? false, entries: <empty>
2019-09-12 04:44:54,338 [grpc-default-executor-4] WARN  server.GrpcLogAppender (LogUtils.java:warn(134)) - dc062215-230a-40c1-88c1-e0a4fdad3ac4@group-4108054CE771->f262dcb5-fcde-4b4d-8116-9712eaf07b60-AppendLogResponseHandler: Failed appendEntries: org.apache.ratis.thirdparty.io.grpc.StatusRuntimeException: UNAVAILABLE: io exception
2019-09-12 04:44:54,339 [grpc-default-executor-4] INFO  impl.FollowerInfo (FollowerInfo.java:lambda$new$0(51)) - dc062215-230a-40c1-88c1-e0a4fdad3ac4@group-4108054CE771->f262dcb5-fcde-4b4d-8116-9712eaf07b60: nextIndex: updateUnconditionally 0 -> 0
2019-09-12 04:44:54,366 [grpc-default-executor-6] WARN  server.GrpcLogAppender (LogUtils.java:warn(134)) - dc062215-230a-40c1-88c1-e0a4fdad3ac4@group-4108054CE771->11629c23-30ab-483c-81ff-e86f5fb16847-AppendLogResponseHandler: Failed appendEntries: org.apache.ratis.thirdparty.io.grpc.StatusRuntimeException: UNAVAILABLE: io exception
2019-09-12 04:44:54,367 [grpc-default-executor-6] INFO  impl.FollowerInfo (FollowerInfo.java:lambda$new$0(51)) - dc062215-230a-40c1-88c1-e0a4fdad3ac4@group-4108054CE771->11629c23-30ab-483c-81ff-e86f5fb16847: nextIndex: updateUnconditionally 15 -> 14
2019-09-12 04:44:54,420 [java.util.concurrent.ThreadPoolExecutor$Worker@651f3e5c[State = -1, empty queue]] WARN  server.GrpcLogAppender (GrpcLogAppender.java:timeoutAppendRequest(200)) - 4a6209c5-e52c-498b-a70a-f7b5c2b845a9@group-5FD8722A3841->5903dc6b-2e4c-43f3-9c86-89f09a7774cd-GrpcLogAppender: appendEntries Timeout, request=4a6209c5-e52c-498b-a70a-f7b5c2b845a9->5903dc6b-2e4c-43f3-9c86-89f09a7774cd#128-t1, previous=(t:1, i:30), leaderCommit=30, initializing? false, entries: size=1, first=(t:1, i:31), STATEMACHINELOGENTRY, client-40C9AD207E5E, cid=66
2019-09-12 04:44:54,420 [java.util.concurrent.ThreadPoolExecutor$Worker@651f3e5c[State = -1, empty queue]] WARN  server.GrpcLogAppender (GrpcLogAppender.java:timeoutAppendRequest(200)) - 4a6209c5-e52c-498b-a70a-f7b5c2b845a9@group-5FD8722A3841->5903dc6b-2e4c-43f3-9c86-89f09a7774cd-GrpcLogAppender: appendEntries Timeout, request=4a6209c5-e52c-498b-a70a-f7b5c2b845a9->5903dc6b-2e4c-43f3-9c86-89f09a7774cd#129-t1, previous=(t:1, i:31), leaderCommit=30, initializing? false, entries: size=1, first=(t:1, i:32), STATEMACHINELOGENTRY, client-40C9AD207E5E, cid=67
2019-09-12 04:44:54,420 [java.util.concurrent.ThreadPoolExecutor$Worker@6ec811dd[State = -1, empty queue]] WARN  server.GrpcLogAppender (GrpcLogAppender.java:timeoutAppendRequest(200)) - 4a6209c5-e52c-498b-a70a-f7b5c2b845a9@group-5FD8722A3841->cf6464f0-cbf8-4363-9806-263215a09c56-GrpcLogAppender: appendEntries Timeout, request=4a6209c5-e52c-498b-a70a-f7b5c2b845a9->cf6464f0-cbf8-4363-9806-263215a09c56#128-t1, previous=(t:1, i:30), leaderCommit=30, initializing? false, entries: size=1, first=(t:1, i:31), STATEMACHINELOGENTRY, client-40C9AD207E5E, cid=66
2019-09-12 04:44:54,424 [java.util.concurrent.ThreadPoolExecutor$Worker@651f3e5c[State = -1, empty queue]] WARN  server.GrpcLogAppender (GrpcLogAppender.java:timeoutAppendRequest(200)) - 4a6209c5-e52c-498b-a70a-f7b5c2b845a9@group-5FD8722A3841->5903dc6b-2e4c-43f3-9c86-89f09a7774cd-GrpcLogAppender: appendEntries Timeout, request=4a6209c5-e52c-498b-a70a-f7b5c2b845a9->5903dc6b-2e4c-43f3-9c86-89f09a7774cd#130-t1, previous=(t:1, i:32), leaderCommit=30, initializing? false, entries: size=1, first=(t:1, i:33), STATEMACHINELOGENTRY, client-40C9AD207E5E, cid=68
2019-09-12 04:44:54,426 [java.util.concurrent.ThreadPoolExecutor$Worker@6ec811dd[State = -1, empty queue]] WARN  server.GrpcLogAppender (GrpcLogAppender.java:timeoutAppendRequest(200)) - 4a6209c5-e52c-498b-a70a-f7b5c2b845a9@group-5FD8722A3841->cf6464f0-cbf8-4363-9806-263215a09c56-GrpcLogAppender: appendEntries Timeout, request=4a6209c5-e52c-498b-a70a-f7b5c2b845a9->cf6464f0-cbf8-4363-9806-263215a09c56#129-t1, previous=(t:1, i:31), leaderCommit=30, initializing? false, entries: size=1, first=(t:1, i:32), STATEMACHINELOGENTRY, client-40C9AD207E5E, cid=67
2019-09-12 04:44:54,428 [java.util.concurrent.ThreadPoolExecutor$Worker@651f3e5c[State = -1, empty queue]] WARN  server.GrpcLogAppender (GrpcLogAppender.java:timeoutAppendRequest(200)) - 4a6209c5-e52c-498b-a70a-f7b5c2b845a9@group-5FD8722A3841->5903dc6b-2e4c-43f3-9c86-89f09a7774cd-GrpcLogAppender: appendEntries Timeout, request=4a6209c5-e52c-498b-a70a-f7b5c2b845a9->5903dc6b-2e4c-43f3-9c86-89f09a7774cd#131-t1, previous=(t:1, i:33), leaderCommit=30, initializing? false, entries: size=1, first=(t:1, i:34), STATEMACHINELOGENTRY, client-40C9AD207E5E, cid=69
2019-09-12 04:44:54,431 [java.util.concurrent.ThreadPoolExecutor$Worker@6ec811dd[State = -1, empty queue]] WARN  server.GrpcLogAppender (GrpcLogAppender.java:timeoutAppendRequest(200)) - 4a6209c5-e52c-498b-a70a-f7b5c2b845a9@group-5FD8722A3841->cf6464f0-cbf8-4363-9806-263215a09c56-GrpcLogAppender: appendEntries Timeout, request=4a6209c5-e52c-498b-a70a-f7b5c2b845a9->cf6464f0-cbf8-4363-9806-263215a09c56#130-t1, previous=(t:1, i:32), leaderCommit=30, initializing? false, entries: size=1, first=(t:1, i:33), STATEMACHINELOGENTRY, client-40C9AD207E5E, cid=68
2019-09-12 04:44:54,433 [java.util.concurrent.ThreadPoolExecutor$Worker@6ec811dd[State = -1, empty queue]] WARN  server.GrpcLogAppender (GrpcLogAppender.java:timeoutAppendRequest(200)) - 4a6209c5-e52c-498b-a70a-f7b5c2b845a9@group-5FD8722A3841->cf6464f0-cbf8-4363-9806-263215a09c56-GrpcLogAppender: appendEntries Timeout, request=4a6209c5-e52c-498b-a70a-f7b5c2b845a9->cf6464f0-cbf8-4363-9806-263215a09c56#131-t1, previous=(t:1, i:33), leaderCommit=30, initializing? false, entries: size=1, first=(t:1, i:34), STATEMACHINELOGENTRY, client-40C9AD207E5E, cid=69
2019-09-12 04:44:54,660 [java.util.concurrent.ThreadPoolExecutor$Worker@1c8130ff[State = -1, empty queue]] WARN  server.GrpcLogAppender (GrpcLogAppender.java:timeoutAppendRequest(200)) - eec7f56f-87bd-4e59-a43c-c5b862436b1c@group-F3FC0297FA2D->6a9b9dd7-7806-4506-bdaf-7a94c8190a08-GrpcLogAppender: appendEntries Timeout, request=eec7f56f-87bd-4e59-a43c-c5b862436b1c->6a9b9dd7-7806-4506-bdaf-7a94c8190a08#117-t2, previous=(t:2, i:20), leaderCommit=16, initializing? false, entries: <empty>
2019-09-12 04:44:54,660 [java.util.concurrent.ThreadPoolExecutor$Worker@faa1c29[State = -1, empty queue]] WARN  server.GrpcLogAppender (GrpcLogAppender.java:timeoutAppendRequest(200)) - eec7f56f-87bd-4e59-a43c-c5b862436b1c@group-F3FC0297FA2D->2534340d-8749-41cd-9451-53923b204706-GrpcLogAppender: appendEntries Timeout, request=eec7f56f-87bd-4e59-a43c-c5b862436b1c->2534340d-8749-41cd-9451-53923b204706#117-t2, previous=(t:2, i:20), leaderCommit=16, initializing? false, entries: <empty>
2019-09-12 04:44:54,839 [grpc-default-executor-3] WARN  server.GrpcLogAppender (LogUtils.java:warn(134)) - dc062215-230a-40c1-88c1-e0a4fdad3ac4@group-4108054CE771->f262dcb5-fcde-4b4d-8116-9712eaf07b60-AppendLogResponseHandler: Failed appendEntries: org.apache.ratis.thirdparty.io.grpc.StatusRuntimeException: UNAVAILABLE: io exception
2019-09-12 04:44:54,839 [grpc-default-executor-3] INFO  impl.FollowerInfo (FollowerInfo.java:lambda$new$0(51)) - dc062215-230a-40c1-88c1-e0a4fdad3ac4@group-4108054CE771->f262dcb5-fcde-4b4d-8116-9712eaf07b60: nextIndex: updateUnconditionally 0 -> 0
2019-09-12 04:44:54,868 [grpc-default-executor-3] WARN  server.GrpcLogAppender (LogUtils.java:warn(134)) - dc062215-230a-40c1-88c1-e0a4fdad3ac4@group-4108054CE771->11629c23-30ab-483c-81ff-e86f5fb16847-AppendLogResponseHandler: Failed appendEntries: org.apache.ratis.thirdparty.io.grpc.StatusRuntimeException: UNAVAILABLE: io exception
2019-09-12 04:44:54,868 [grpc-default-executor-3] INFO  impl.FollowerInfo (FollowerInfo.java:lambda$new$0(51)) - dc062215-230a-40c1-88c1-e0a4fdad3ac4@group-4108054CE771->11629c23-30ab-483c-81ff-e86f5fb16847: nextIndex: updateUnconditionally 14 -> 13
2019-09-12 04:44:54,924 [java.util.concurrent.ThreadPoolExecutor$Worker@651f3e5c[State = -1, empty queue]] WARN  server.GrpcLogAppender (GrpcLogAppender.java:timeoutAppendRequest(200)) - 4a6209c5-e52c-498b-a70a-f7b5c2b845a9@group-5FD8722A3841->5903dc6b-2e4c-43f3-9c86-89f09a7774cd-GrpcLogAppender: appendEntries Timeout, request=4a6209c5-e52c-498b-a70a-f7b5c2b845a9->5903dc6b-2e4c-43f3-9c86-89f09a7774cd#132-t1, previous=(t:1, i:34), leaderCommit=30, initializing? false, entries: <empty>
2019-09-12 04:44:54,924 [java.util.concurrent.ThreadPoolExecutor$Worker@6ec811dd[State = -1, empty queue]] WARN  server.GrpcLogAppender (GrpcLogAppender.java:timeoutAppendRequest(200)) - 4a6209c5-e52c-498b-a70a-f7b5c2b845a9@group-5FD8722A3841->cf6464f0-cbf8-4363-9806-263215a09c56-GrpcLogAppender: appendEntries Timeout, request=4a6209c5-e52c-498b-a70a-f7b5c2b845a9->cf6464f0-cbf8-4363-9806-263215a09c56#132-t1, previous=(t:1, i:34), leaderCommit=30, initializing? false, entries: <empty>
2019-09-12 04:44:55,160 [java.util.concurrent.ThreadPoolExecutor$Worker@1c8130ff[State = -1, empty queue]] WARN  server.GrpcLogAppender (GrpcLogAppender.java:timeoutAppendRequest(200)) - eec7f56f-87bd-4e59-a43c-c5b862436b1c@group-F3FC0297FA2D->6a9b9dd7-7806-4506-bdaf-7a94c8190a08-GrpcLogAppender: appendEntries Timeout, request=eec7f56f-87bd-4e59-a43c-c5b862436b1c->6a9b9dd7-7806-4506-bdaf-7a94c8190a08#118-t2, previous=(t:2, i:20), leaderCommit=16, initializing? false, entries: <empty>
2019-09-12 04:44:55,160 [java.util.concurrent.ThreadPoolExecutor$Worker@faa1c29[State = -1, empty queue]] WARN  server.GrpcLogAppender (GrpcLogAppender.java:timeoutAppendRequest(200)) - eec7f56f-87bd-4e59-a43c-c5b862436b1c@group-F3FC0297FA2D->2534340d-8749-41cd-9451-53923b204706-GrpcLogAppender: appendEntries Timeout, request=eec7f56f-87bd-4e59-a43c-c5b862436b1c->2534340d-8749-41cd-9451-53923b204706#118-t2, previous=(t:2, i:20), leaderCommit=16, initializing? false, entries: <empty>
2019-09-12 04:44:55,340 [grpc-default-executor-6] WARN  server.GrpcLogAppender (LogUtils.java:warn(134)) - dc062215-230a-40c1-88c1-e0a4fdad3ac4@group-4108054CE771->f262dcb5-fcde-4b4d-8116-9712eaf07b60-AppendLogResponseHandler: Failed appendEntries: org.apache.ratis.thirdparty.io.grpc.StatusRuntimeException: UNAVAILABLE: io exception
2019-09-12 04:44:55,340 [grpc-default-executor-6] INFO  impl.FollowerInfo (FollowerInfo.java:lambda$new$0(51)) - dc062215-230a-40c1-88c1-e0a4fdad3ac4@group-4108054CE771->f262dcb5-fcde-4b4d-8116-9712eaf07b60: nextIndex: updateUnconditionally 0 -> 0
2019-09-12 04:44:55,368 [grpc-default-executor-3] WARN  server.GrpcLogAppender (LogUtils.java:warn(134)) - dc062215-230a-40c1-88c1-e0a4fdad3ac4@group-4108054CE771->11629c23-30ab-483c-81ff-e86f5fb16847-AppendLogResponseHandler: Failed appendEntries: org.apache.ratis.thirdparty.io.grpc.StatusRuntimeException: UNAVAILABLE: io exception
2019-09-12 04:44:55,369 [grpc-default-executor-3] INFO  impl.FollowerInfo (FollowerInfo.java:lambda$new$0(51)) - dc062215-230a-40c1-88c1-e0a4fdad3ac4@group-4108054CE771->11629c23-30ab-483c-81ff-e86f5fb16847: nextIndex: updateUnconditionally 13 -> 12
2019-09-12 04:44:55,425 [java.util.concurrent.ThreadPoolExecutor$Worker@6ec811dd[State = -1, empty queue]] WARN  server.GrpcLogAppender (GrpcLogAppender.java:timeoutAppendRequest(200)) - 4a6209c5-e52c-498b-a70a-f7b5c2b845a9@group-5FD8722A3841->cf6464f0-cbf8-4363-9806-263215a09c56-GrpcLogAppender: appendEntries Timeout, request=4a6209c5-e52c-498b-a70a-f7b5c2b845a9->cf6464f0-cbf8-4363-9806-263215a09c56#133-t1, previous=(t:1, i:34), leaderCommit=30, initializing? false, entries: <empty>
2019-09-12 04:44:55,425 [java.util.concurrent.ThreadPoolExecutor$Worker@651f3e5c[State = -1, empty queue]] WARN  server.GrpcLogAppender (GrpcLogAppender.java:timeoutAppendRequest(200)) - 4a6209c5-e52c-498b-a70a-f7b5c2b845a9@group-5FD8722A3841->5903dc6b-2e4c-43f3-9c86-89f09a7774cd-GrpcLogAppender: appendEntries Timeout, request=4a6209c5-e52c-498b-a70a-f7b5c2b845a9->5903dc6b-2e4c-43f3-9c86-89f09a7774cd#133-t1, previous=(t:1, i:34), leaderCommit=30, initializing? false, entries: <empty>
2019-09-12 04:44:55,660 [java.util.concurrent.ThreadPoolExecutor$Worker@faa1c29[State = -1, empty queue]] WARN  server.GrpcLogAppender (GrpcLogAppender.java:timeoutAppendRequest(200)) - eec7f56f-87bd-4e59-a43c-c5b862436b1c@group-F3FC0297FA2D->2534340d-8749-41cd-9451-53923b204706-GrpcLogAppender: appendEntries Timeout, request=eec7f56f-87bd-4e59-a43c-c5b862436b1c->2534340d-8749-41cd-9451-53923b204706#119-t2, previous=(t:2, i:20), leaderCommit=16, initializing? false, entries: <empty>
2019-09-12 04:44:55,660 [java.util.concurrent.ThreadPoolExecutor$Worker@1c8130ff[State = -1, empty queue]] WARN  server.GrpcLogAppender (GrpcLogAppender.java:timeoutAppendRequest(200)) - eec7f56f-87bd-4e59-a43c-c5b862436b1c@group-F3FC0297FA2D->6a9b9dd7-7806-4506-bdaf-7a94c8190a08-GrpcLogAppender: appendEntries Timeout, request=eec7f56f-87bd-4e59-a43c-c5b862436b1c->6a9b9dd7-7806-4506-bdaf-7a94c8190a08#119-t2, previous=(t:2, i:20), leaderCommit=16, initializing? false, entries: <empty>
2019-09-12 04:44:55,841 [grpc-default-executor-4] WARN  server.GrpcLogAppender (LogUtils.java:warn(134)) - dc062215-230a-40c1-88c1-e0a4fdad3ac4@group-4108054CE771->f262dcb5-fcde-4b4d-8116-9712eaf07b60-AppendLogResponseHandler: Failed appendEntries: org.apache.ratis.thirdparty.io.grpc.StatusRuntimeException: UNAVAILABLE: io exception
2019-09-12 04:44:55,842 [grpc-default-executor-4] INFO  impl.FollowerInfo (FollowerInfo.java:lambda$new$0(51)) - dc062215-230a-40c1-88c1-e0a4fdad3ac4@group-4108054CE771->f262dcb5-fcde-4b4d-8116-9712eaf07b60: nextIndex: updateUnconditionally 0 -> 0
2019-09-12 04:44:55,869 [grpc-default-executor-6] WARN  server.GrpcLogAppender (LogUtils.java:warn(134)) - dc062215-230a-40c1-88c1-e0a4fdad3ac4@group-4108054CE771->11629c23-30ab-483c-81ff-e86f5fb16847-AppendLogResponseHandler: Failed appendEntries: org.apache.ratis.thirdparty.io.grpc.StatusRuntimeException: UNAVAILABLE: io exception
2019-09-12 04:44:55,869 [grpc-default-executor-6] INFO  impl.FollowerInfo (FollowerInfo.java:lambda$new$0(51)) - dc062215-230a-40c1-88c1-e0a4fdad3ac4@group-4108054CE771->11629c23-30ab-483c-81ff-e86f5fb16847: nextIndex: updateUnconditionally 12 -> 11
2019-09-12 04:44:55,925 [java.util.concurrent.ThreadPoolExecutor$Worker@651f3e5c[State = -1, empty queue]] WARN  server.GrpcLogAppender (GrpcLogAppender.java:timeoutAppendRequest(200)) - 4a6209c5-e52c-498b-a70a-f7b5c2b845a9@group-5FD8722A3841->5903dc6b-2e4c-43f3-9c86-89f09a7774cd-GrpcLogAppender: appendEntries Timeout, request=4a6209c5-e52c-498b-a70a-f7b5c2b845a9->5903dc6b-2e4c-43f3-9c86-89f09a7774cd#134-t1, previous=(t:1, i:34), leaderCommit=30, initializing? false, entries: <empty>
2019-09-12 04:44:55,925 [java.util.concurrent.ThreadPoolExecutor$Worker@6ec811dd[State = -1, empty queue]] WARN  server.GrpcLogAppender (GrpcLogAppender.java:timeoutAppendRequest(200)) - 4a6209c5-e52c-498b-a70a-f7b5c2b845a9@group-5FD8722A3841->cf6464f0-cbf8-4363-9806-263215a09c56-GrpcLogAppender: appendEntries Timeout, request=4a6209c5-e52c-498b-a70a-f7b5c2b845a9->cf6464f0-cbf8-4363-9806-263215a09c56#134-t1, previous=(t:1, i:34), leaderCommit=30, initializing? false, entries: <empty>
2019-09-12 04:44:56,161 [java.util.concurrent.ThreadPoolExecutor$Worker@1c8130ff[State = -1, empty queue]] WARN  server.GrpcLogAppender (GrpcLogAppender.java:timeoutAppendRequest(200)) - eec7f56f-87bd-4e59-a43c-c5b862436b1c@group-F3FC0297FA2D->6a9b9dd7-7806-4506-bdaf-7a94c8190a08-GrpcLogAppender: appendEntries Timeout, request=eec7f56f-87bd-4e59-a43c-c5b862436b1c->6a9b9dd7-7806-4506-bdaf-7a94c8190a08#120-t2, previous=(t:2, i:20), leaderCommit=16, initializing? false, entries: <empty>
2019-09-12 04:44:56,161 [java.util.concurrent.ThreadPoolExecutor$Worker@faa1c29[State = -1, empty queue]] WARN  server.GrpcLogAppender (GrpcLogAppender.java:timeoutAppendRequest(200)) - eec7f56f-87bd-4e59-a43c-c5b862436b1c@group-F3FC0297FA2D->2534340d-8749-41cd-9451-53923b204706-GrpcLogAppender: appendEntries Timeout, request=eec7f56f-87bd-4e59-a43c-c5b862436b1c->2534340d-8749-41cd-9451-53923b204706#120-t2, previous=(t:2, i:20), leaderCommit=16, initializing? false, entries: <empty>
2019-09-12 04:44:56,342 [grpc-default-executor-3] WARN  server.GrpcLogAppender (LogUtils.java:warn(134)) - dc062215-230a-40c1-88c1-e0a4fdad3ac4@group-4108054CE771->f262dcb5-fcde-4b4d-8116-9712eaf07b60-AppendLogResponseHandler: Failed appendEntries: org.apache.ratis.thirdparty.io.grpc.StatusRuntimeException: UNAVAILABLE: io exception
2019-09-12 04:44:56,342 [grpc-default-executor-3] INFO  impl.FollowerInfo (FollowerInfo.java:lambda$new$0(51)) - dc062215-230a-40c1-88c1-e0a4fdad3ac4@group-4108054CE771->f262dcb5-fcde-4b4d-8116-9712eaf07b60: nextIndex: updateUnconditionally 0 -> 0
2019-09-12 04:44:56,370 [grpc-default-executor-4] WARN  server.GrpcLogAppender (LogUtils.java:warn(134)) - dc062215-230a-40c1-88c1-e0a4fdad3ac4@group-4108054CE771->11629c23-30ab-483c-81ff-e86f5fb16847-AppendLogResponseHandler: Failed appendEntries: org.apache.ratis.thirdparty.io.grpc.StatusRuntimeException: UNAVAILABLE: io exception
2019-09-12 04:44:56,370 [grpc-default-executor-4] INFO  impl.FollowerInfo (FollowerInfo.java:lambda$new$0(51)) - dc062215-230a-40c1-88c1-e0a4fdad3ac4@group-4108054CE771->11629c23-30ab-483c-81ff-e86f5fb16847: nextIndex: updateUnconditionally 11 -> 10
2019-09-12 04:44:56,425 [java.util.concurrent.ThreadPoolExecutor$Worker@6ec811dd[State = -1, empty queue]] WARN  server.GrpcLogAppender (GrpcLogAppender.java:timeoutAppendRequest(200)) - 4a6209c5-e52c-498b-a70a-f7b5c2b845a9@group-5FD8722A3841->cf6464f0-cbf8-4363-9806-263215a09c56-GrpcLogAppender: appendEntries Timeout, request=4a6209c5-e52c-498b-a70a-f7b5c2b845a9->cf6464f0-cbf8-4363-9806-263215a09c56#135-t1, previous=(t:1, i:34), leaderCommit=30, initializing? false, entries: <empty>
2019-09-12 04:44:56,425 [java.util.concurrent.ThreadPoolExecutor$Worker@651f3e5c[State = -1, empty queue]] WARN  server.GrpcLogAppender (GrpcLogAppender.java:timeoutAppendRequest(200)) - 4a6209c5-e52c-498b-a70a-f7b5c2b845a9@group-5FD8722A3841->5903dc6b-2e4c-43f3-9c86-89f09a7774cd-GrpcLogAppender: appendEntries Timeout, request=4a6209c5-e52c-498b-a70a-f7b5c2b845a9->5903dc6b-2e4c-43f3-9c86-89f09a7774cd#135-t1, previous=(t:1, i:34), leaderCommit=30, initializing? false, entries: <empty>
2019-09-12 04:44:56,442 [grpc-default-executor-3] INFO  client.GrpcClientProtocolClient (GrpcClientProtocolClient.java:onNext(264)) - client-40C9AD207E5E->cf6464f0-cbf8-4363-9806-263215a09c56: receive RaftClientReply:client-40C9AD207E5E->cf6464f0-cbf8-4363-9806-263215a09c56@group-5FD8722A3841, cid=66, FAILED org.apache.ratis.protocol.NotLeaderException: Server cf6464f0-cbf8-4363-9806-263215a09c56@group-5FD8722A3841 is not the leader 4a6209c5-e52c-498b-a70a-f7b5c2b845a9:192.168.34.8:40323, logIndex=0, commits[cf6464f0-cbf8-4363-9806-263215a09c56:c30, 5903dc6b-2e4c-43f3-9c86-89f09a7774cd:c28, 4a6209c5-e52c-498b-a70a-f7b5c2b845a9:c30]
2019-09-12 04:44:56,661 [java.util.concurrent.ThreadPoolExecutor$Worker@1c8130ff[State = -1, empty queue]] WARN  server.GrpcLogAppender (GrpcLogAppender.java:timeoutAppendRequest(200)) - eec7f56f-87bd-4e59-a43c-c5b862436b1c@group-F3FC0297FA2D->6a9b9dd7-7806-4506-bdaf-7a94c8190a08-GrpcLogAppender: appendEntries Timeout, request=eec7f56f-87bd-4e59-a43c-c5b862436b1c->6a9b9dd7-7806-4506-bdaf-7a94c8190a08#121-t2, previous=(t:2, i:20), leaderCommit=16, initializing? false, entries: <empty>
2019-09-12 04:44:56,661 [java.util.concurrent.ThreadPoolExecutor$Worker@faa1c29[State = -1, empty queue]] WARN  server.GrpcLogAppender (GrpcLogAppender.java:timeoutAppendRequest(200)) - eec7f56f-87bd-4e59-a43c-c5b862436b1c@group-F3FC0297FA2D->2534340d-8749-41cd-9451-53923b204706-GrpcLogAppender: appendEntries Timeout, request=eec7f56f-87bd-4e59-a43c-c5b862436b1c->2534340d-8749-41cd-9451-53923b204706#121-t2, previous=(t:2, i:20), leaderCommit=16, initializing? false, entries: <empty>
2019-09-12 04:44:56,842 [grpc-default-executor-4] WARN  server.GrpcLogAppender (LogUtils.java:warn(134)) - dc062215-230a-40c1-88c1-e0a4fdad3ac4@group-4108054CE771->f262dcb5-fcde-4b4d-8116-9712eaf07b60-AppendLogResponseHandler: Failed appendEntries: org.apache.ratis.thirdparty.io.grpc.StatusRuntimeException: UNAVAILABLE: io exception
2019-09-12 04:44:56,843 [grpc-default-executor-4] INFO  impl.FollowerInfo (FollowerInfo.java:lambda$new$0(51)) - dc062215-230a-40c1-88c1-e0a4fdad3ac4@group-4108054CE771->f262dcb5-fcde-4b4d-8116-9712eaf07b60: nextIndex: updateUnconditionally 0 -> 0
2019-09-12 04:44:56,870 [grpc-default-executor-6] WARN  server.GrpcLogAppender (LogUtils.java:warn(134)) - dc062215-230a-40c1-88c1-e0a4fdad3ac4@group-4108054CE771->11629c23-30ab-483c-81ff-e86f5fb16847-AppendLogResponseHandler: Failed appendEntries: org.apache.ratis.thirdparty.io.grpc.StatusRuntimeException: UNAVAILABLE: io exception
2019-09-12 04:44:56,871 [grpc-default-executor-6] INFO  impl.FollowerInfo (FollowerInfo.java:lambda$new$0(51)) - dc062215-230a-40c1-88c1-e0a4fdad3ac4@group-4108054CE771->11629c23-30ab-483c-81ff-e86f5fb16847: nextIndex: updateUnconditionally 10 -> 9
2019-09-12 04:44:56,925 [java.util.concurrent.ThreadPoolExecutor$Worker@6ec811dd[State = -1, empty queue]] WARN  server.GrpcLogAppender (GrpcLogAppender.java:timeoutAppendRequest(200)) - 4a6209c5-e52c-498b-a70a-f7b5c2b845a9@group-5FD8722A3841->cf6464f0-cbf8-4363-9806-263215a09c56-GrpcLogAppender: appendEntries Timeout, request=4a6209c5-e52c-498b-a70a-f7b5c2b845a9->cf6464f0-cbf8-4363-9806-263215a09c56#136-t1, previous=(t:1, i:34), leaderCommit=30, initializing? false, entries: <empty>
2019-09-12 04:44:56,925 [java.util.concurrent.ThreadPoolExecutor$Worker@651f3e5c[State = -1, empty queue]] WARN  server.GrpcLogAppender (GrpcLogAppender.java:timeoutAppendRequest(200)) - 4a6209c5-e52c-498b-a70a-f7b5c2b845a9@group-5FD8722A3841->5903dc6b-2e4c-43f3-9c86-89f09a7774cd-GrpcLogAppender: appendEntries Timeout, request=4a6209c5-e52c-498b-a70a-f7b5c2b845a9->5903dc6b-2e4c-43f3-9c86-89f09a7774cd#136-t1, previous=(t:1, i:34), leaderCommit=30, initializing? false, entries: <empty>
2019-09-12 04:44:57,161 [java.util.concurrent.ThreadPoolExecutor$Worker@1c8130ff[State = -1, empty queue]] WARN  server.GrpcLogAppender (GrpcLogAppender.java:timeoutAppendRequest(200)) - eec7f56f-87bd-4e59-a43c-c5b862436b1c@group-F3FC0297FA2D->6a9b9dd7-7806-4506-bdaf-7a94c8190a08-GrpcLogAppender: appendEntries Timeout, request=eec7f56f-87bd-4e59-a43c-c5b862436b1c->6a9b9dd7-7806-4506-bdaf-7a94c8190a08#122-t2, previous=(t:2, i:20), leaderCommit=16, initializing? false, entries: <empty>
2019-09-12 04:44:57,161 [java.util.concurrent.ThreadPoolExecutor$Worker@faa1c29[State = -1, empty queue]] WARN  server.GrpcLogAppender (GrpcLogAppender.java:timeoutAppendRequest(200)) - eec7f56f-87bd-4e59-a43c-c5b862436b1c@group-F3FC0297FA2D->2534340d-8749-41cd-9451-53923b204706-GrpcLogAppender: appendEntries Timeout, request=eec7f56f-87bd-4e59-a43c-c5b862436b1c->2534340d-8749-41cd-9451-53923b204706#122-t2, previous=(t:2, i:20), leaderCommit=16, initializing? false, entries: <empty>
2019-09-12 04:44:57,344 [grpc-default-executor-4] WARN  server.GrpcLogAppender (LogUtils.java:warn(134)) - dc062215-230a-40c1-88c1-e0a4fdad3ac4@group-4108054CE771->f262dcb5-fcde-4b4d-8116-9712eaf07b60-AppendLogResponseHandler: Failed appendEntries: org.apache.ratis.thirdparty.io.grpc.StatusRuntimeException: UNAVAILABLE: io exception
2019-09-12 04:44:57,344 [grpc-default-executor-4] INFO  impl.FollowerInfo (FollowerInfo.java:lambda$new$0(51)) - dc062215-230a-40c1-88c1-e0a4fdad3ac4@group-4108054CE771->f262dcb5-fcde-4b4d-8116-9712eaf07b60: nextIndex: updateUnconditionally 0 -> 0
2019-09-12 04:44:57,372 [grpc-default-executor-3] WARN  server.GrpcLogAppender (LogUtils.java:warn(134)) - dc062215-230a-40c1-88c1-e0a4fdad3ac4@group-4108054CE771->11629c23-30ab-483c-81ff-e86f5fb16847-AppendLogResponseHandler: Failed appendEntries: org.apache.ratis.thirdparty.io.grpc.StatusRuntimeException: UNAVAILABLE: io exception
2019-09-12 04:44:57,372 [grpc-default-executor-3] INFO  impl.FollowerInfo (FollowerInfo.java:lambda$new$0(51)) - dc062215-230a-40c1-88c1-e0a4fdad3ac4@group-4108054CE771->11629c23-30ab-483c-81ff-e86f5fb16847: nextIndex: updateUnconditionally 9 -> 8
2019-09-12 04:44:57,426 [java.util.concurrent.ThreadPoolExecutor$Worker@651f3e5c[State = -1, empty queue]] WARN  server.GrpcLogAppender (GrpcLogAppender.java:timeoutAppendRequest(200)) - 4a6209c5-e52c-498b-a70a-f7b5c2b845a9@group-5FD8722A3841->5903dc6b-2e4c-43f3-9c86-89f09a7774cd-GrpcLogAppender: appendEntries Timeout, request=4a6209c5-e52c-498b-a70a-f7b5c2b845a9->5903dc6b-2e4c-43f3-9c86-89f09a7774cd#137-t1, previous=(t:1, i:34), leaderCommit=30, initializing? false, entries: <empty>
2019-09-12 04:44:57,426 [java.util.concurrent.ThreadPoolExecutor$Worker@6ec811dd[State = -1, empty queue]] WARN  server.GrpcLogAppender (GrpcLogAppender.java:timeoutAppendRequest(200)) - 4a6209c5-e52c-498b-a70a-f7b5c2b845a9@group-5FD8722A3841->cf6464f0-cbf8-4363-9806-263215a09c56-GrpcLogAppender: appendEntries Timeout, request=4a6209c5-e52c-498b-a70a-f7b5c2b845a9->cf6464f0-cbf8-4363-9806-263215a09c56#137-t1, previous=(t:1, i:34), leaderCommit=30, initializing? false, entries: <empty>
2019-09-12 04:44:57,613 [eec7f56f-87bd-4e59-a43c-c5b862436b1c@group-F3FC0297FA2D-SegmentedRaftLogWorker] WARN  segmented.SegmentedRaftLogWorker (SegmentedRaftLogWorker.java:getFromFuture(90)) - Timeout 2/~
org.apache.ratis.protocol.TimeoutIOException: Timeout 10s: WriteLog:17: (t:2, i:17), STATEMACHINELOGENTRY, client-7D300BD32A51, cid=53-writeStateMachineData
	at org.apache.ratis.util.IOUtils.getFromFuture(IOUtils.java:87)
	at org.apache.ratis.server.raftlog.segmented.SegmentedRaftLogWorker$StateMachineDataPolicy.getFromFuture(SegmentedRaftLogWorker.java:87)
	at org.apache.ratis.server.raftlog.segmented.SegmentedRaftLogWorker$WriteLog.execute(SegmentedRaftLogWorker.java:477)
	at org.apache.ratis.server.raftlog.segmented.SegmentedRaftLogWorker.run(SegmentedRaftLogWorker.java:289)
	at java.lang.Thread.run(Thread.java:748)
Caused by: java.util.concurrent.TimeoutException
	at java.util.concurrent.CompletableFuture.timedGet(CompletableFuture.java:1771)
	at java.util.concurrent.CompletableFuture.get(CompletableFuture.java:1915)
	at org.apache.ratis.util.IOUtils.getFromFuture(IOUtils.java:79)
	... 4 more
2019-09-12 04:44:57,618 [6a9b9dd7-7806-4506-bdaf-7a94c8190a08@group-F3FC0297FA2D-SegmentedRaftLogWorker] WARN  segmented.SegmentedRaftLogWorker (SegmentedRaftLogWorker.java:getFromFuture(90)) - Timeout 2/~
org.apache.ratis.protocol.TimeoutIOException: Timeout 10s: WriteLog:17: (t:2, i:17), STATEMACHINELOGENTRY, client-7D300BD32A51, cid=53-writeStateMachineData
	at org.apache.ratis.util.IOUtils.getFromFuture(IOUtils.java:87)
	at org.apache.ratis.server.raftlog.segmented.SegmentedRaftLogWorker$StateMachineDataPolicy.getFromFuture(SegmentedRaftLogWorker.java:87)
	at org.apache.ratis.server.raftlog.segmented.SegmentedRaftLogWorker$WriteLog.execute(SegmentedRaftLogWorker.java:477)
	at org.apache.ratis.server.raftlog.segmented.SegmentedRaftLogWorker.run(SegmentedRaftLogWorker.java:289)
	at java.lang.Thread.run(Thread.java:748)
Caused by: java.util.concurrent.TimeoutException
	at java.util.concurrent.CompletableFuture.timedGet(CompletableFuture.java:1771)
	at java.util.concurrent.CompletableFuture.get(CompletableFuture.java:1915)
	at org.apache.ratis.util.IOUtils.getFromFuture(IOUtils.java:79)
	... 4 more
2019-09-12 04:44:57,618 [2534340d-8749-41cd-9451-53923b204706@group-F3FC0297FA2D-SegmentedRaftLogWorker] WARN  segmented.SegmentedRaftLogWorker (SegmentedRaftLogWorker.java:getFromFuture(90)) - Timeout 2/~
org.apache.ratis.protocol.TimeoutIOException: Timeout 10s: WriteLog:17: (t:2, i:17), STATEMACHINELOGENTRY, client-7D300BD32A51, cid=53-writeStateMachineData
	at org.apache.ratis.util.IOUtils.getFromFuture(IOUtils.java:87)
	at org.apache.ratis.server.raftlog.segmented.SegmentedRaftLogWorker$StateMachineDataPolicy.getFromFuture(SegmentedRaftLogWorker.java:87)
	at org.apache.ratis.server.raftlog.segmented.SegmentedRaftLogWorker$WriteLog.execute(SegmentedRaftLogWorker.java:477)
	at org.apache.ratis.server.raftlog.segmented.SegmentedRaftLogWorker.run(SegmentedRaftLogWorker.java:289)
	at java.lang.Thread.run(Thread.java:748)
Caused by: java.util.concurrent.TimeoutException
	at java.util.concurrent.CompletableFuture.timedGet(CompletableFuture.java:1771)
	at java.util.concurrent.CompletableFuture.get(CompletableFuture.java:1915)
	at org.apache.ratis.util.IOUtils.getFromFuture(IOUtils.java:79)
	... 4 more
2019-09-12 04:44:57,663 [java.util.concurrent.ThreadPoolExecutor$Worker@faa1c29[State = -1, empty queue]] WARN  server.GrpcLogAppender (GrpcLogAppender.java:timeoutAppendRequest(200)) - eec7f56f-87bd-4e59-a43c-c5b862436b1c@group-F3FC0297FA2D->2534340d-8749-41cd-9451-53923b204706-GrpcLogAppender: appendEntries Timeout, request=eec7f56f-87bd-4e59-a43c-c5b862436b1c->2534340d-8749-41cd-9451-53923b204706#123-t2, previous=(t:2, i:20), leaderCommit=16, initializing? false, entries: <empty>
2019-09-12 04:44:57,663 [java.util.concurrent.ThreadPoolExecutor$Worker@1c8130ff[State = -1, empty queue]] WARN  server.GrpcLogAppender (GrpcLogAppender.java:timeoutAppendRequest(200)) - eec7f56f-87bd-4e59-a43c-c5b862436b1c@group-F3FC0297FA2D->6a9b9dd7-7806-4506-bdaf-7a94c8190a08-GrpcLogAppender: appendEntries Timeout, request=eec7f56f-87bd-4e59-a43c-c5b862436b1c->6a9b9dd7-7806-4506-bdaf-7a94c8190a08#123-t2, previous=(t:2, i:20), leaderCommit=16, initializing? false, entries: <empty>
2019-09-12 04:44:57,845 [grpc-default-executor-4] WARN  server.GrpcLogAppender (LogUtils.java:warn(134)) - dc062215-230a-40c1-88c1-e0a4fdad3ac4@group-4108054CE771->f262dcb5-fcde-4b4d-8116-9712eaf07b60-AppendLogResponseHandler: Failed appendEntries: org.apache.ratis.thirdparty.io.grpc.StatusRuntimeException: UNAVAILABLE: io exception
2019-09-12 04:44:57,845 [grpc-default-executor-4] INFO  impl.FollowerInfo (FollowerInfo.java:lambda$new$0(51)) - dc062215-230a-40c1-88c1-e0a4fdad3ac4@group-4108054CE771->f262dcb5-fcde-4b4d-8116-9712eaf07b60: nextIndex: updateUnconditionally 0 -> 0
2019-09-12 04:44:57,872 [grpc-default-executor-6] WARN  server.GrpcLogAppender (LogUtils.java:warn(134)) - dc062215-230a-40c1-88c1-e0a4fdad3ac4@group-4108054CE771->11629c23-30ab-483c-81ff-e86f5fb16847-AppendLogResponseHandler: Failed appendEntries: org.apache.ratis.thirdparty.io.grpc.StatusRuntimeException: UNAVAILABLE: io exception
2019-09-12 04:44:57,873 [grpc-default-executor-6] INFO  impl.FollowerInfo (FollowerInfo.java:lambda$new$0(51)) - dc062215-230a-40c1-88c1-e0a4fdad3ac4@group-4108054CE771->11629c23-30ab-483c-81ff-e86f5fb16847: nextIndex: updateUnconditionally 8 -> 7
2019-09-12 04:44:57,927 [java.util.concurrent.ThreadPoolExecutor$Worker@651f3e5c[State = -1, empty queue]] WARN  server.GrpcLogAppender (GrpcLogAppender.java:timeoutAppendRequest(200)) - 4a6209c5-e52c-498b-a70a-f7b5c2b845a9@group-5FD8722A3841->5903dc6b-2e4c-43f3-9c86-89f09a7774cd-GrpcLogAppender: appendEntries Timeout, request=4a6209c5-e52c-498b-a70a-f7b5c2b845a9->5903dc6b-2e4c-43f3-9c86-89f09a7774cd#138-t1, previous=(t:1, i:34), leaderCommit=30, initializing? false, entries: <empty>
2019-09-12 04:44:57,927 [java.util.concurrent.ThreadPoolExecutor$Worker@6ec811dd[State = -1, empty queue]] WARN  server.GrpcLogAppender (GrpcLogAppender.java:timeoutAppendRequest(200)) - 4a6209c5-e52c-498b-a70a-f7b5c2b845a9@group-5FD8722A3841->cf6464f0-cbf8-4363-9806-263215a09c56-GrpcLogAppender: appendEntries Timeout, request=4a6209c5-e52c-498b-a70a-f7b5c2b845a9->cf6464f0-cbf8-4363-9806-263215a09c56#138-t1, previous=(t:1, i:34), leaderCommit=30, initializing? false, entries: <empty>
2019-09-12 04:44:58,164 [java.util.concurrent.ThreadPoolExecutor$Worker@faa1c29[State = -1, empty queue]] WARN  server.GrpcLogAppender (GrpcLogAppender.java:timeoutAppendRequest(200)) - eec7f56f-87bd-4e59-a43c-c5b862436b1c@group-F3FC0297FA2D->2534340d-8749-41cd-9451-53923b204706-GrpcLogAppender: appendEntries Timeout, request=eec7f56f-87bd-4e59-a43c-c5b862436b1c->2534340d-8749-41cd-9451-53923b204706#124-t2, previous=(t:2, i:20), leaderCommit=16, initializing? false, entries: <empty>
2019-09-12 04:44:58,164 [java.util.concurrent.ThreadPoolExecutor$Worker@1c8130ff[State = -1, empty queue]] WARN  server.GrpcLogAppender (GrpcLogAppender.java:timeoutAppendRequest(200)) - eec7f56f-87bd-4e59-a43c-c5b862436b1c@group-F3FC0297FA2D->6a9b9dd7-7806-4506-bdaf-7a94c8190a08-GrpcLogAppender: appendEntries Timeout, request=eec7f56f-87bd-4e59-a43c-c5b862436b1c->6a9b9dd7-7806-4506-bdaf-7a94c8190a08#124-t2, previous=(t:2, i:20), leaderCommit=16, initializing? false, entries: <empty>
2019-09-12 04:44:58,347 [grpc-default-executor-6] WARN  server.GrpcLogAppender (LogUtils.java:warn(134)) - dc062215-230a-40c1-88c1-e0a4fdad3ac4@group-4108054CE771->f262dcb5-fcde-4b4d-8116-9712eaf07b60-AppendLogResponseHandler: Failed appendEntries: org.apache.ratis.thirdparty.io.grpc.StatusRuntimeException: UNAVAILABLE: io exception
2019-09-12 04:44:58,348 [grpc-default-executor-6] INFO  impl.FollowerInfo (FollowerInfo.java:lambda$new$0(51)) - dc062215-230a-40c1-88c1-e0a4fdad3ac4@group-4108054CE771->f262dcb5-fcde-4b4d-8116-9712eaf07b60: nextIndex: updateUnconditionally 0 -> 0
2019-09-12 04:44:58,374 [grpc-default-executor-3] WARN  server.GrpcLogAppender (LogUtils.java:warn(134)) - dc062215-230a-40c1-88c1-e0a4fdad3ac4@group-4108054CE771->11629c23-30ab-483c-81ff-e86f5fb16847-AppendLogResponseHandler: Failed appendEntries: org.apache.ratis.thirdparty.io.grpc.StatusRuntimeException: UNAVAILABLE: io exception
2019-09-12 04:44:58,374 [grpc-default-executor-3] INFO  impl.FollowerInfo (FollowerInfo.java:lambda$new$0(51)) - dc062215-230a-40c1-88c1-e0a4fdad3ac4@group-4108054CE771->11629c23-30ab-483c-81ff-e86f5fb16847: nextIndex: updateUnconditionally 7 -> 6
2019-09-12 04:44:58,432 [java.util.concurrent.ThreadPoolExecutor$Worker@6ec811dd[State = -1, empty queue]] WARN  server.GrpcLogAppender (GrpcLogAppender.java:timeoutAppendRequest(200)) - 4a6209c5-e52c-498b-a70a-f7b5c2b845a9@group-5FD8722A3841->cf6464f0-cbf8-4363-9806-263215a09c56-GrpcLogAppender: appendEntries Timeout, request=4a6209c5-e52c-498b-a70a-f7b5c2b845a9->cf6464f0-cbf8-4363-9806-263215a09c56#139-t1, previous=(t:1, i:34), leaderCommit=30, initializing? false, entries: <empty>
2019-09-12 04:44:58,432 [java.util.concurrent.ThreadPoolExecutor$Worker@651f3e5c[State = -1, empty queue]] WARN  server.GrpcLogAppender (GrpcLogAppender.java:timeoutAppendRequest(200)) - 4a6209c5-e52c-498b-a70a-f7b5c2b845a9@group-5FD8722A3841->5903dc6b-2e4c-43f3-9c86-89f09a7774cd-GrpcLogAppender: appendEntries Timeout, request=4a6209c5-e52c-498b-a70a-f7b5c2b845a9->5903dc6b-2e4c-43f3-9c86-89f09a7774cd#139-t1, previous=(t:1, i:34), leaderCommit=30, initializing? false, entries: <empty>
2019-09-12 04:44:58,664 [java.util.concurrent.ThreadPoolExecutor$Worker@1c8130ff[State = -1, empty queue]] WARN  server.GrpcLogAppender (GrpcLogAppender.java:timeoutAppendRequest(200)) - eec7f56f-87bd-4e59-a43c-c5b862436b1c@group-F3FC0297FA2D->6a9b9dd7-7806-4506-bdaf-7a94c8190a08-GrpcLogAppender: appendEntries Timeout, request=eec7f56f-87bd-4e59-a43c-c5b862436b1c->6a9b9dd7-7806-4506-bdaf-7a94c8190a08#125-t2, previous=(t:2, i:20), leaderCommit=16, initializing? false, entries: <empty>
2019-09-12 04:44:58,664 [java.util.concurrent.ThreadPoolExecutor$Worker@faa1c29[State = -1, empty queue]] WARN  server.GrpcLogAppender (GrpcLogAppender.java:timeoutAppendRequest(200)) - eec7f56f-87bd-4e59-a43c-c5b862436b1c@group-F3FC0297FA2D->2534340d-8749-41cd-9451-53923b204706-GrpcLogAppender: appendEntries Timeout, request=eec7f56f-87bd-4e59-a43c-c5b862436b1c->2534340d-8749-41cd-9451-53923b204706#125-t2, previous=(t:2, i:20), leaderCommit=16, initializing? false, entries: <empty>
2019-09-12 04:44:58,849 [grpc-default-executor-4] WARN  server.GrpcLogAppender (LogUtils.java:warn(134)) - dc062215-230a-40c1-88c1-e0a4fdad3ac4@group-4108054CE771->f262dcb5-fcde-4b4d-8116-9712eaf07b60-AppendLogResponseHandler: Failed appendEntries: org.apache.ratis.thirdparty.io.grpc.StatusRuntimeException: UNAVAILABLE: io exception
2019-09-12 04:44:58,849 [grpc-default-executor-4] INFO  impl.FollowerInfo (FollowerInfo.java:lambda$new$0(51)) - dc062215-230a-40c1-88c1-e0a4fdad3ac4@group-4108054CE771->f262dcb5-fcde-4b4d-8116-9712eaf07b60: nextIndex: updateUnconditionally 0 -> 0
2019-09-12 04:44:58,874 [grpc-default-executor-6] WARN  server.GrpcLogAppender (LogUtils.java:warn(134)) - dc062215-230a-40c1-88c1-e0a4fdad3ac4@group-4108054CE771->11629c23-30ab-483c-81ff-e86f5fb16847-AppendLogResponseHandler: Failed appendEntries: org.apache.ratis.thirdparty.io.grpc.StatusRuntimeException: UNAVAILABLE: io exception
2019-09-12 04:44:58,875 [grpc-default-executor-6] INFO  impl.FollowerInfo (FollowerInfo.java:lambda$new$0(51)) - dc062215-230a-40c1-88c1-e0a4fdad3ac4@group-4108054CE771->11629c23-30ab-483c-81ff-e86f5fb16847: nextIndex: updateUnconditionally 6 -> 5
2019-09-12 04:44:58,932 [java.util.concurrent.ThreadPoolExecutor$Worker@651f3e5c[State = -1, empty queue]] WARN  server.GrpcLogAppender (GrpcLogAppender.java:timeoutAppendRequest(200)) - 4a6209c5-e52c-498b-a70a-f7b5c2b845a9@group-5FD8722A3841->5903dc6b-2e4c-43f3-9c86-89f09a7774cd-GrpcLogAppender: appendEntries Timeout, request=4a6209c5-e52c-498b-a70a-f7b5c2b845a9->5903dc6b-2e4c-43f3-9c86-89f09a7774cd#140-t1, previous=(t:1, i:34), leaderCommit=30, initializing? false, entries: <empty>
2019-09-12 04:44:58,932 [java.util.concurrent.ThreadPoolExecutor$Worker@6ec811dd[State = -1, empty queue]] WARN  server.GrpcLogAppender (GrpcLogAppender.java:timeoutAppendRequest(200)) - 4a6209c5-e52c-498b-a70a-f7b5c2b845a9@group-5FD8722A3841->cf6464f0-cbf8-4363-9806-263215a09c56-GrpcLogAppender: appendEntries Timeout, request=4a6209c5-e52c-498b-a70a-f7b5c2b845a9->cf6464f0-cbf8-4363-9806-263215a09c56#140-t1, previous=(t:1, i:34), leaderCommit=30, initializing? false, entries: <empty>
2019-09-12 04:44:59,164 [java.util.concurrent.ThreadPoolExecutor$Worker@1c8130ff[State = -1, empty queue]] WARN  server.GrpcLogAppender (GrpcLogAppender.java:timeoutAppendRequest(200)) - eec7f56f-87bd-4e59-a43c-c5b862436b1c@group-F3FC0297FA2D->6a9b9dd7-7806-4506-bdaf-7a94c8190a08-GrpcLogAppender: appendEntries Timeout, request=eec7f56f-87bd-4e59-a43c-c5b862436b1c->6a9b9dd7-7806-4506-bdaf-7a94c8190a08#126-t2, previous=(t:2, i:20), leaderCommit=16, initializing? false, entries: <empty>
2019-09-12 04:44:59,164 [java.util.concurrent.ThreadPoolExecutor$Worker@faa1c29[State = -1, empty queue]] WARN  server.GrpcLogAppender (GrpcLogAppender.java:timeoutAppendRequest(200)) - eec7f56f-87bd-4e59-a43c-c5b862436b1c@group-F3FC0297FA2D->2534340d-8749-41cd-9451-53923b204706-GrpcLogAppender: appendEntries Timeout, request=eec7f56f-87bd-4e59-a43c-c5b862436b1c->2534340d-8749-41cd-9451-53923b204706#126-t2, previous=(t:2, i:20), leaderCommit=16, initializing? false, entries: <empty>
2019-09-12 04:44:59,350 [grpc-default-executor-3] WARN  server.GrpcLogAppender (LogUtils.java:warn(134)) - dc062215-230a-40c1-88c1-e0a4fdad3ac4@group-4108054CE771->f262dcb5-fcde-4b4d-8116-9712eaf07b60-AppendLogResponseHandler: Failed appendEntries: org.apache.ratis.thirdparty.io.grpc.StatusRuntimeException: UNAVAILABLE: io exception
2019-09-12 04:44:59,351 [grpc-default-executor-3] INFO  impl.FollowerInfo (FollowerInfo.java:lambda$new$0(51)) - dc062215-230a-40c1-88c1-e0a4fdad3ac4@group-4108054CE771->f262dcb5-fcde-4b4d-8116-9712eaf07b60: nextIndex: updateUnconditionally 0 -> 0
2019-09-12 04:44:59,376 [grpc-default-executor-4] WARN  server.GrpcLogAppender (LogUtils.java:warn(134)) - dc062215-230a-40c1-88c1-e0a4fdad3ac4@group-4108054CE771->11629c23-30ab-483c-81ff-e86f5fb16847-AppendLogResponseHandler: Failed appendEntries: org.apache.ratis.thirdparty.io.grpc.StatusRuntimeException: UNAVAILABLE: io exception
2019-09-12 04:44:59,376 [grpc-default-executor-4] INFO  impl.FollowerInfo (FollowerInfo.java:lambda$new$0(51)) - dc062215-230a-40c1-88c1-e0a4fdad3ac4@group-4108054CE771->11629c23-30ab-483c-81ff-e86f5fb16847: nextIndex: updateUnconditionally 5 -> 4
2019-09-12 04:44:59,432 [java.util.concurrent.ThreadPoolExecutor$Worker@651f3e5c[State = -1, empty queue]] WARN  server.GrpcLogAppender (GrpcLogAppender.java:timeoutAppendRequest(200)) - 4a6209c5-e52c-498b-a70a-f7b5c2b845a9@group-5FD8722A3841->5903dc6b-2e4c-43f3-9c86-89f09a7774cd-GrpcLogAppender: appendEntries Timeout, request=4a6209c5-e52c-498b-a70a-f7b5c2b845a9->5903dc6b-2e4c-43f3-9c86-89f09a7774cd#141-t1, previous=(t:1, i:34), leaderCommit=30, initializing? false, entries: <empty>
2019-09-12 04:44:59,432 [java.util.concurrent.ThreadPoolExecutor$Worker@6ec811dd[State = -1, empty queue]] WARN  server.GrpcLogAppender (GrpcLogAppender.java:timeoutAppendRequest(200)) - 4a6209c5-e52c-498b-a70a-f7b5c2b845a9@group-5FD8722A3841->cf6464f0-cbf8-4363-9806-263215a09c56-GrpcLogAppender: appendEntries Timeout, request=4a6209c5-e52c-498b-a70a-f7b5c2b845a9->cf6464f0-cbf8-4363-9806-263215a09c56#141-t1, previous=(t:1, i:34), leaderCommit=30, initializing? false, entries: <empty>
2019-09-12 04:44:59,665 [java.util.concurrent.ThreadPoolExecutor$Worker@faa1c29[State = -1, empty queue]] WARN  server.GrpcLogAppender (GrpcLogAppender.java:timeoutAppendRequest(200)) - eec7f56f-87bd-4e59-a43c-c5b862436b1c@group-F3FC0297FA2D->2534340d-8749-41cd-9451-53923b204706-GrpcLogAppender: appendEntries Timeout, request=eec7f56f-87bd-4e59-a43c-c5b862436b1c->2534340d-8749-41cd-9451-53923b204706#127-t2, previous=(t:2, i:20), leaderCommit=16, initializing? false, entries: <empty>
2019-09-12 04:44:59,665 [java.util.concurrent.ThreadPoolExecutor$Worker@1c8130ff[State = -1, empty queue]] WARN  server.GrpcLogAppender (GrpcLogAppender.java:timeoutAppendRequest(200)) - eec7f56f-87bd-4e59-a43c-c5b862436b1c@group-F3FC0297FA2D->6a9b9dd7-7806-4506-bdaf-7a94c8190a08-GrpcLogAppender: appendEntries Timeout, request=eec7f56f-87bd-4e59-a43c-c5b862436b1c->6a9b9dd7-7806-4506-bdaf-7a94c8190a08#127-t2, previous=(t:2, i:20), leaderCommit=16, initializing? false, entries: <empty>
2019-09-12 04:44:59,851 [grpc-default-executor-6] WARN  server.GrpcLogAppender (LogUtils.java:warn(134)) - dc062215-230a-40c1-88c1-e0a4fdad3ac4@group-4108054CE771->f262dcb5-fcde-4b4d-8116-9712eaf07b60-AppendLogResponseHandler: Failed appendEntries: org.apache.ratis.thirdparty.io.grpc.StatusRuntimeException: UNAVAILABLE: io exception
2019-09-12 04:44:59,852 [grpc-default-executor-6] INFO  impl.FollowerInfo (FollowerInfo.java:lambda$new$0(51)) - dc062215-230a-40c1-88c1-e0a4fdad3ac4@group-4108054CE771->f262dcb5-fcde-4b4d-8116-9712eaf07b60: nextIndex: updateUnconditionally 0 -> 0
2019-09-12 04:44:59,875 [grpc-default-executor-3] WARN  server.GrpcLogAppender (LogUtils.java:warn(134)) - dc062215-230a-40c1-88c1-e0a4fdad3ac4@group-4108054CE771->11629c23-30ab-483c-81ff-e86f5fb16847-AppendLogResponseHandler: Failed appendEntries: org.apache.ratis.thirdparty.io.grpc.StatusRuntimeException: UNAVAILABLE: io exception
2019-09-12 04:44:59,875 [grpc-default-executor-3] INFO  impl.FollowerInfo (FollowerInfo.java:lambda$new$0(51)) - dc062215-230a-40c1-88c1-e0a4fdad3ac4@group-4108054CE771->11629c23-30ab-483c-81ff-e86f5fb16847: nextIndex: updateUnconditionally 4 -> 3
2019-09-12 04:44:59,932 [java.util.concurrent.ThreadPoolExecutor$Worker@651f3e5c[State = -1, empty queue]] WARN  server.GrpcLogAppender (GrpcLogAppender.java:timeoutAppendRequest(200)) - 4a6209c5-e52c-498b-a70a-f7b5c2b845a9@group-5FD8722A3841->5903dc6b-2e4c-43f3-9c86-89f09a7774cd-GrpcLogAppender: appendEntries Timeout, request=4a6209c5-e52c-498b-a70a-f7b5c2b845a9->5903dc6b-2e4c-43f3-9c86-89f09a7774cd#142-t1, previous=(t:1, i:34), leaderCommit=30, initializing? false, entries: <empty>
2019-09-12 04:44:59,933 [java.util.concurrent.ThreadPoolExecutor$Worker@6ec811dd[State = -1, empty queue]] WARN  server.GrpcLogAppender (GrpcLogAppender.java:timeoutAppendRequest(200)) - 4a6209c5-e52c-498b-a70a-f7b5c2b845a9@group-5FD8722A3841->cf6464f0-cbf8-4363-9806-263215a09c56-GrpcLogAppender: appendEntries Timeout, request=4a6209c5-e52c-498b-a70a-f7b5c2b845a9->cf6464f0-cbf8-4363-9806-263215a09c56#142-t1, previous=(t:1, i:34), leaderCommit=30, initializing? false, entries: <empty>
2019-09-12 04:45:00,165 [java.util.concurrent.ThreadPoolExecutor$Worker@1c8130ff[State = -1, empty queue]] WARN  server.GrpcLogAppender (GrpcLogAppender.java:timeoutAppendRequest(200)) - eec7f56f-87bd-4e59-a43c-c5b862436b1c@group-F3FC0297FA2D->6a9b9dd7-7806-4506-bdaf-7a94c8190a08-GrpcLogAppender: appendEntries Timeout, request=eec7f56f-87bd-4e59-a43c-c5b862436b1c->6a9b9dd7-7806-4506-bdaf-7a94c8190a08#128-t2, previous=(t:2, i:20), leaderCommit=16, initializing? false, entries: <empty>
2019-09-12 04:45:00,165 [java.util.concurrent.ThreadPoolExecutor$Worker@faa1c29[State = -1, empty queue]] WARN  server.GrpcLogAppender (GrpcLogAppender.java:timeoutAppendRequest(200)) - eec7f56f-87bd-4e59-a43c-c5b862436b1c@group-F3FC0297FA2D->2534340d-8749-41cd-9451-53923b204706-GrpcLogAppender: appendEntries Timeout, request=eec7f56f-87bd-4e59-a43c-c5b862436b1c->2534340d-8749-41cd-9451-53923b204706#128-t2, previous=(t:2, i:20), leaderCommit=16, initializing? false, entries: <empty>
2019-09-12 04:45:00,352 [grpc-default-executor-4] WARN  server.GrpcLogAppender (LogUtils.java:warn(134)) - dc062215-230a-40c1-88c1-e0a4fdad3ac4@group-4108054CE771->f262dcb5-fcde-4b4d-8116-9712eaf07b60-AppendLogResponseHandler: Failed appendEntries: org.apache.ratis.thirdparty.io.grpc.StatusRuntimeException: UNAVAILABLE: io exception
2019-09-12 04:45:00,353 [grpc-default-executor-4] INFO  impl.FollowerInfo (FollowerInfo.java:lambda$new$0(51)) - dc062215-230a-40c1-88c1-e0a4fdad3ac4@group-4108054CE771->f262dcb5-fcde-4b4d-8116-9712eaf07b60: nextIndex: updateUnconditionally 0 -> 0
2019-09-12 04:45:00,376 [grpc-default-executor-6] WARN  server.GrpcLogAppender (LogUtils.java:warn(134)) - dc062215-230a-40c1-88c1-e0a4fdad3ac4@group-4108054CE771->11629c23-30ab-483c-81ff-e86f5fb16847-AppendLogResponseHandler: Failed appendEntries: org.apache.ratis.thirdparty.io.grpc.StatusRuntimeException: UNAVAILABLE: io exception
2019-09-12 04:45:00,376 [grpc-default-executor-6] INFO  impl.FollowerInfo (FollowerInfo.java:lambda$new$0(51)) - dc062215-230a-40c1-88c1-e0a4fdad3ac4@group-4108054CE771->11629c23-30ab-483c-81ff-e86f5fb16847: nextIndex: updateUnconditionally 3 -> 2
2019-09-12 04:45:00,433 [java.util.concurrent.ThreadPoolExecutor$Worker@651f3e5c[State = -1, empty queue]] WARN  server.GrpcLogAppender (GrpcLogAppender.java:timeoutAppendRequest(200)) - 4a6209c5-e52c-498b-a70a-f7b5c2b845a9@group-5FD8722A3841->5903dc6b-2e4c-43f3-9c86-89f09a7774cd-GrpcLogAppender: appendEntries Timeout, request=4a6209c5-e52c-498b-a70a-f7b5c2b845a9->5903dc6b-2e4c-43f3-9c86-89f09a7774cd#143-t1, previous=(t:1, i:34), leaderCommit=30, initializing? false, entries: <empty>
2019-09-12 04:45:00,433 [java.util.concurrent.ThreadPoolExecutor$Worker@6ec811dd[State = -1, empty queue]] WARN  server.GrpcLogAppender (GrpcLogAppender.java:timeoutAppendRequest(200)) - 4a6209c5-e52c-498b-a70a-f7b5c2b845a9@group-5FD8722A3841->cf6464f0-cbf8-4363-9806-263215a09c56-GrpcLogAppender: appendEntries Timeout, request=4a6209c5-e52c-498b-a70a-f7b5c2b845a9->cf6464f0-cbf8-4363-9806-263215a09c56#143-t1, previous=(t:1, i:34), leaderCommit=30, initializing? false, entries: <empty>
2019-09-12 04:45:00,668 [java.util.concurrent.ThreadPoolExecutor$Worker@1c8130ff[State = -1, empty queue]] WARN  server.GrpcLogAppender (GrpcLogAppender.java:timeoutAppendRequest(200)) - eec7f56f-87bd-4e59-a43c-c5b862436b1c@group-F3FC0297FA2D->6a9b9dd7-7806-4506-bdaf-7a94c8190a08-GrpcLogAppender: appendEntries Timeout, request=eec7f56f-87bd-4e59-a43c-c5b862436b1c->6a9b9dd7-7806-4506-bdaf-7a94c8190a08#129-t2, previous=(t:2, i:20), leaderCommit=16, initializing? false, entries: <empty>
2019-09-12 04:45:00,668 [java.util.concurrent.ThreadPoolExecutor$Worker@faa1c29[State = -1, empty queue]] WARN  server.GrpcLogAppender (GrpcLogAppender.java:timeoutAppendRequest(200)) - eec7f56f-87bd-4e59-a43c-c5b862436b1c@group-F3FC0297FA2D->2534340d-8749-41cd-9451-53923b204706-GrpcLogAppender: appendEntries Timeout, request=eec7f56f-87bd-4e59-a43c-c5b862436b1c->2534340d-8749-41cd-9451-53923b204706#129-t2, previous=(t:2, i:20), leaderCommit=16, initializing? false, entries: <empty>
2019-09-12 04:45:00,854 [grpc-default-executor-3] WARN  server.GrpcLogAppender (LogUtils.java:warn(134)) - dc062215-230a-40c1-88c1-e0a4fdad3ac4@group-4108054CE771->f262dcb5-fcde-4b4d-8116-9712eaf07b60-AppendLogResponseHandler: Failed appendEntries: org.apache.ratis.thirdparty.io.grpc.StatusRuntimeException: UNAVAILABLE: io exception
2019-09-12 04:45:00,854 [grpc-default-executor-3] INFO  impl.FollowerInfo (FollowerInfo.java:lambda$new$0(51)) - dc062215-230a-40c1-88c1-e0a4fdad3ac4@group-4108054CE771->f262dcb5-fcde-4b4d-8116-9712eaf07b60: nextIndex: updateUnconditionally 0 -> 0
2019-09-12 04:45:00,876 [grpc-default-executor-6] WARN  server.GrpcLogAppender (LogUtils.java:warn(134)) - dc062215-230a-40c1-88c1-e0a4fdad3ac4@group-4108054CE771->11629c23-30ab-483c-81ff-e86f5fb16847-AppendLogResponseHandler: Failed appendEntries: org.apache.ratis.thirdparty.io.grpc.StatusRuntimeException: UNAVAILABLE: io exception
2019-09-12 04:45:00,877 [grpc-default-executor-6] INFO  impl.FollowerInfo (FollowerInfo.java:lambda$new$0(51)) - dc062215-230a-40c1-88c1-e0a4fdad3ac4@group-4108054CE771->11629c23-30ab-483c-81ff-e86f5fb16847: nextIndex: updateUnconditionally 2 -> 1
2019-09-12 04:45:00,933 [java.util.concurrent.ThreadPoolExecutor$Worker@651f3e5c[State = -1, empty queue]] WARN  server.GrpcLogAppender (GrpcLogAppender.java:timeoutAppendRequest(200)) - 4a6209c5-e52c-498b-a70a-f7b5c2b845a9@group-5FD8722A3841->5903dc6b-2e4c-43f3-9c86-89f09a7774cd-GrpcLogAppender: appendEntries Timeout, request=4a6209c5-e52c-498b-a70a-f7b5c2b845a9->5903dc6b-2e4c-43f3-9c86-89f09a7774cd#144-t1, previous=(t:1, i:34), leaderCommit=30, initializing? false, entries: <empty>
2019-09-12 04:45:00,933 [java.util.concurrent.ThreadPoolExecutor$Worker@6ec811dd[State = -1, empty queue]] WARN  server.GrpcLogAppender (GrpcLogAppender.java:timeoutAppendRequest(200)) - 4a6209c5-e52c-498b-a70a-f7b5c2b845a9@group-5FD8722A3841->cf6464f0-cbf8-4363-9806-263215a09c56-GrpcLogAppender: appendEntries Timeout, request=4a6209c5-e52c-498b-a70a-f7b5c2b845a9->cf6464f0-cbf8-4363-9806-263215a09c56#144-t1, previous=(t:1, i:34), leaderCommit=30, initializing? false, entries: <empty>
2019-09-12 04:45:01,168 [java.util.concurrent.ThreadPoolExecutor$Worker@faa1c29[State = -1, empty queue]] WARN  server.GrpcLogAppender (GrpcLogAppender.java:timeoutAppendRequest(200)) - eec7f56f-87bd-4e59-a43c-c5b862436b1c@group-F3FC0297FA2D->2534340d-8749-41cd-9451-53923b204706-GrpcLogAppender: appendEntries Timeout, request=eec7f56f-87bd-4e59-a43c-c5b862436b1c->2534340d-8749-41cd-9451-53923b204706#130-t2, previous=(t:2, i:20), leaderCommit=16, initializing? false, entries: <empty>
2019-09-12 04:45:01,168 [java.util.concurrent.ThreadPoolExecutor$Worker@1c8130ff[State = -1, empty queue]] WARN  server.GrpcLogAppender (GrpcLogAppender.java:timeoutAppendRequest(200)) - eec7f56f-87bd-4e59-a43c-c5b862436b1c@group-F3FC0297FA2D->6a9b9dd7-7806-4506-bdaf-7a94c8190a08-GrpcLogAppender: appendEntries Timeout, request=eec7f56f-87bd-4e59-a43c-c5b862436b1c->6a9b9dd7-7806-4506-bdaf-7a94c8190a08#130-t2, previous=(t:2, i:20), leaderCommit=16, initializing? false, entries: <empty>
2019-09-12 04:45:01,355 [grpc-default-executor-4] WARN  server.GrpcLogAppender (LogUtils.java:warn(134)) - dc062215-230a-40c1-88c1-e0a4fdad3ac4@group-4108054CE771->f262dcb5-fcde-4b4d-8116-9712eaf07b60-AppendLogResponseHandler: Failed appendEntries: org.apache.ratis.thirdparty.io.grpc.StatusRuntimeException: UNAVAILABLE: io exception
2019-09-12 04:45:01,355 [grpc-default-executor-4] INFO  impl.FollowerInfo (FollowerInfo.java:lambda$new$0(51)) - dc062215-230a-40c1-88c1-e0a4fdad3ac4@group-4108054CE771->f262dcb5-fcde-4b4d-8116-9712eaf07b60: nextIndex: updateUnconditionally 0 -> 0
2019-09-12 04:45:01,381 [grpc-default-executor-6] WARN  server.GrpcLogAppender (LogUtils.java:warn(134)) - dc062215-230a-40c1-88c1-e0a4fdad3ac4@group-4108054CE771->11629c23-30ab-483c-81ff-e86f5fb16847-AppendLogResponseHandler: Failed appendEntries: org.apache.ratis.thirdparty.io.grpc.StatusRuntimeException: UNAVAILABLE: io exception
2019-09-12 04:45:01,382 [grpc-default-executor-6] INFO  impl.FollowerInfo (FollowerInfo.java:lambda$new$0(51)) - dc062215-230a-40c1-88c1-e0a4fdad3ac4@group-4108054CE771->11629c23-30ab-483c-81ff-e86f5fb16847: nextIndex: updateUnconditionally 1 -> 0
2019-09-12 04:45:01,419 [4a6209c5-e52c-498b-a70a-f7b5c2b845a9@group-5FD8722A3841-SegmentedRaftLogWorker] WARN  segmented.SegmentedRaftLogWorker (SegmentedRaftLogWorker.java:getFromFuture(90)) - Timeout 0/~
org.apache.ratis.protocol.TimeoutIOException: Timeout 10s: WriteLog:31: (t:1, i:31), STATEMACHINELOGENTRY, client-40C9AD207E5E, cid=66-writeStateMachineData
	at org.apache.ratis.util.IOUtils.getFromFuture(IOUtils.java:87)
	at org.apache.ratis.server.raftlog.segmented.SegmentedRaftLogWorker$StateMachineDataPolicy.getFromFuture(SegmentedRaftLogWorker.java:87)
	at org.apache.ratis.server.raftlog.segmented.SegmentedRaftLogWorker$WriteLog.execute(SegmentedRaftLogWorker.java:477)
	at org.apache.ratis.server.raftlog.segmented.SegmentedRaftLogWorker.run(SegmentedRaftLogWorker.java:289)
	at java.lang.Thread.run(Thread.java:748)
Caused by: java.util.concurrent.TimeoutException
	at java.util.concurrent.CompletableFuture.timedGet(CompletableFuture.java:1771)
	at java.util.concurrent.CompletableFuture.get(CompletableFuture.java:1915)
	at org.apache.ratis.util.IOUtils.getFromFuture(IOUtils.java:79)
	... 4 more
2019-09-12 04:45:01,425 [cf6464f0-cbf8-4363-9806-263215a09c56@group-5FD8722A3841-SegmentedRaftLogWorker] WARN  segmented.SegmentedRaftLogWorker (SegmentedRaftLogWorker.java:getFromFuture(90)) - Timeout 0/~
org.apache.ratis.protocol.TimeoutIOException: Timeout 10s: WriteLog:31: (t:1, i:31), STATEMACHINELOGENTRY, client-40C9AD207E5E, cid=66-writeStateMachineData
	at org.apache.ratis.util.IOUtils.getFromFuture(IOUtils.java:87)
	at org.apache.ratis.server.raftlog.segmented.SegmentedRaftLogWorker$StateMachineDataPolicy.getFromFuture(SegmentedRaftLogWorker.java:87)
	at org.apache.ratis.server.raftlog.segmented.SegmentedRaftLogWorker$WriteLog.execute(SegmentedRaftLogWorker.java:477)
	at org.apache.ratis.server.raftlog.segmented.SegmentedRaftLogWorker.run(SegmentedRaftLogWorker.java:289)
	at java.lang.Thread.run(Thread.java:748)
Caused by: java.util.concurrent.TimeoutException
	at java.util.concurrent.CompletableFuture.timedGet(CompletableFuture.java:1771)
	at java.util.concurrent.CompletableFuture.get(CompletableFuture.java:1915)
	at org.apache.ratis.util.IOUtils.getFromFuture(IOUtils.java:79)
	... 4 more
2019-09-12 04:45:01,425 [5903dc6b-2e4c-43f3-9c86-89f09a7774cd@group-5FD8722A3841-SegmentedRaftLogWorker] WARN  segmented.SegmentedRaftLogWorker (SegmentedRaftLogWorker.java:getFromFuture(90)) - Timeout 0/~
org.apache.ratis.protocol.TimeoutIOException: Timeout 10s: WriteLog:31: (t:1, i:31), STATEMACHINELOGENTRY, client-40C9AD207E5E, cid=66-writeStateMachineData
	at org.apache.ratis.util.IOUtils.getFromFuture(IOUtils.java:87)
	at org.apache.ratis.server.raftlog.segmented.SegmentedRaftLogWorker$StateMachineDataPolicy.getFromFuture(SegmentedRaftLogWorker.java:87)
	at org.apache.ratis.server.raftlog.segmented.SegmentedRaftLogWorker$WriteLog.execute(SegmentedRaftLogWorker.java:477)
	at org.apache.ratis.server.raftlog.segmented.SegmentedRaftLogWorker.run(SegmentedRaftLogWorker.java:289)
	at java.lang.Thread.run(Thread.java:748)
Caused by: java.util.concurrent.TimeoutException
	at java.util.concurrent.CompletableFuture.timedGet(CompletableFuture.java:1771)
	at java.util.concurrent.CompletableFuture.get(CompletableFuture.java:1915)
	at org.apache.ratis.util.IOUtils.getFromFuture(IOUtils.java:79)
	... 4 more
2019-09-12 04:45:01,434 [java.util.concurrent.ThreadPoolExecutor$Worker@651f3e5c[State = -1, empty queue]] WARN  server.GrpcLogAppender (GrpcLogAppender.java:timeoutAppendRequest(200)) - 4a6209c5-e52c-498b-a70a-f7b5c2b845a9@group-5FD8722A3841->5903dc6b-2e4c-43f3-9c86-89f09a7774cd-GrpcLogAppender: appendEntries Timeout, request=4a6209c5-e52c-498b-a70a-f7b5c2b845a9->5903dc6b-2e4c-43f3-9c86-89f09a7774cd#145-t1, previous=(t:1, i:34), leaderCommit=30, initializing? false, entries: <empty>
2019-09-12 04:45:01,434 [java.util.concurrent.ThreadPoolExecutor$Worker@6ec811dd[State = -1, empty queue]] WARN  server.GrpcLogAppender (GrpcLogAppender.java:timeoutAppendRequest(200)) - 4a6209c5-e52c-498b-a70a-f7b5c2b845a9@group-5FD8722A3841->cf6464f0-cbf8-4363-9806-263215a09c56-GrpcLogAppender: appendEntries Timeout, request=4a6209c5-e52c-498b-a70a-f7b5c2b845a9->cf6464f0-cbf8-4363-9806-263215a09c56#145-t1, previous=(t:1, i:34), leaderCommit=30, initializing? false, entries: <empty>
2019-09-12 04:45:01,494 [grpc-default-executor-4] INFO  client.GrpcClientProtocolClient (GrpcClientProtocolClient.java:onNext(264)) - client-40C9AD207E5E->cf6464f0-cbf8-4363-9806-263215a09c56: receive RaftClientReply:client-40C9AD207E5E->cf6464f0-cbf8-4363-9806-263215a09c56@group-5FD8722A3841, cid=66, FAILED org.apache.ratis.protocol.NotLeaderException: Server cf6464f0-cbf8-4363-9806-263215a09c56@group-5FD8722A3841 is not the leader 4a6209c5-e52c-498b-a70a-f7b5c2b845a9:192.168.34.8:40323, logIndex=0, commits[cf6464f0-cbf8-4363-9806-263215a09c56:c30, 5903dc6b-2e4c-43f3-9c86-89f09a7774cd:c28, 4a6209c5-e52c-498b-a70a-f7b5c2b845a9:c30]
2019-09-12 04:45:01,677 [java.util.concurrent.ThreadPoolExecutor$Worker@1c8130ff[State = -1, empty queue]] WARN  server.GrpcLogAppender (GrpcLogAppender.java:timeoutAppendRequest(200)) - eec7f56f-87bd-4e59-a43c-c5b862436b1c@group-F3FC0297FA2D->6a9b9dd7-7806-4506-bdaf-7a94c8190a08-GrpcLogAppender: appendEntries Timeout, request=eec7f56f-87bd-4e59-a43c-c5b862436b1c->6a9b9dd7-7806-4506-bdaf-7a94c8190a08#131-t2, previous=(t:2, i:20), leaderCommit=16, initializing? false, entries: <empty>
2019-09-12 04:45:01,677 [java.util.concurrent.ThreadPoolExecutor$Worker@faa1c29[State = -1, empty queue]] WARN  server.GrpcLogAppender (GrpcLogAppender.java:timeoutAppendRequest(200)) - eec7f56f-87bd-4e59-a43c-c5b862436b1c@group-F3FC0297FA2D->2534340d-8749-41cd-9451-53923b204706-GrpcLogAppender: appendEntries Timeout, request=eec7f56f-87bd-4e59-a43c-c5b862436b1c->2534340d-8749-41cd-9451-53923b204706#131-t2, previous=(t:2, i:20), leaderCommit=16, initializing? false, entries: <empty>
2019-09-12 04:45:01,855 [grpc-default-executor-3] WARN  server.GrpcLogAppender (LogUtils.java:warn(134)) - dc062215-230a-40c1-88c1-e0a4fdad3ac4@group-4108054CE771->f262dcb5-fcde-4b4d-8116-9712eaf07b60-AppendLogResponseHandler: Failed appendEntries: org.apache.ratis.thirdparty.io.grpc.StatusRuntimeException: UNAVAILABLE: io exception
2019-09-12 04:45:01,856 [grpc-default-executor-3] INFO  impl.FollowerInfo (FollowerInfo.java:lambda$new$0(51)) - dc062215-230a-40c1-88c1-e0a4fdad3ac4@group-4108054CE771->f262dcb5-fcde-4b4d-8116-9712eaf07b60: nextIndex: updateUnconditionally 0 -> 0
2019-09-12 04:45:01,880 [grpc-default-executor-6] WARN  server.GrpcLogAppender (LogUtils.java:warn(134)) - dc062215-230a-40c1-88c1-e0a4fdad3ac4@group-4108054CE771->11629c23-30ab-483c-81ff-e86f5fb16847-AppendLogResponseHandler: Failed appendEntries: org.apache.ratis.thirdparty.io.grpc.StatusRuntimeException: UNAVAILABLE: io exception
2019-09-12 04:45:01,881 [grpc-default-executor-6] INFO  impl.FollowerInfo (FollowerInfo.java:lambda$new$0(51)) - dc062215-230a-40c1-88c1-e0a4fdad3ac4@group-4108054CE771->11629c23-30ab-483c-81ff-e86f5fb16847: nextIndex: updateUnconditionally 0 -> 0
2019-09-12 04:45:01,934 [java.util.concurrent.ThreadPoolExecutor$Worker@651f3e5c[State = -1, empty queue]] WARN  server.GrpcLogAppender (GrpcLogAppender.java:timeoutAppendRequest(200)) - 4a6209c5-e52c-498b-a70a-f7b5c2b845a9@group-5FD8722A3841->5903dc6b-2e4c-43f3-9c86-89f09a7774cd-GrpcLogAppender: appendEntries Timeout, request=4a6209c5-e52c-498b-a70a-f7b5c2b845a9->5903dc6b-2e4c-43f3-9c86-89f09a7774cd#146-t1, previous=(t:1, i:34), leaderCommit=30, initializing? false, entries: <empty>
2019-09-12 04:45:01,934 [java.util.concurrent.ThreadPoolExecutor$Worker@6ec811dd[State = -1, empty queue]] WARN  server.GrpcLogAppender (GrpcLogAppender.java:timeoutAppendRequest(200)) - 4a6209c5-e52c-498b-a70a-f7b5c2b845a9@group-5FD8722A3841->cf6464f0-cbf8-4363-9806-263215a09c56-GrpcLogAppender: appendEntries Timeout, request=4a6209c5-e52c-498b-a70a-f7b5c2b845a9->cf6464f0-cbf8-4363-9806-263215a09c56#146-t1, previous=(t:1, i:34), leaderCommit=30, initializing? false, entries: <empty>
2019-09-12 04:45:02,177 [java.util.concurrent.ThreadPoolExecutor$Worker@faa1c29[State = -1, empty queue]] WARN  server.GrpcLogAppender (GrpcLogAppender.java:timeoutAppendRequest(200)) - eec7f56f-87bd-4e59-a43c-c5b862436b1c@group-F3FC0297FA2D->2534340d-8749-41cd-9451-53923b204706-GrpcLogAppender: appendEntries Timeout, request=eec7f56f-87bd-4e59-a43c-c5b862436b1c->2534340d-8749-41cd-9451-53923b204706#132-t2, previous=(t:2, i:20), leaderCommit=16, initializing? false, entries: <empty>
2019-09-12 04:45:02,177 [java.util.concurrent.ThreadPoolExecutor$Worker@1c8130ff[State = -1, empty queue]] WARN  server.GrpcLogAppender (GrpcLogAppender.java:timeoutAppendRequest(200)) - eec7f56f-87bd-4e59-a43c-c5b862436b1c@group-F3FC0297FA2D->6a9b9dd7-7806-4506-bdaf-7a94c8190a08-GrpcLogAppender: appendEntries Timeout, request=eec7f56f-87bd-4e59-a43c-c5b862436b1c->6a9b9dd7-7806-4506-bdaf-7a94c8190a08#132-t2, previous=(t:2, i:20), leaderCommit=16, initializing? false, entries: <empty>
2019-09-12 04:45:02,356 [grpc-default-executor-3] WARN  server.GrpcLogAppender (LogUtils.java:warn(134)) - dc062215-230a-40c1-88c1-e0a4fdad3ac4@group-4108054CE771->f262dcb5-fcde-4b4d-8116-9712eaf07b60-AppendLogResponseHandler: Failed appendEntries: org.apache.ratis.thirdparty.io.grpc.StatusRuntimeException: UNAVAILABLE: io exception
2019-09-12 04:45:02,356 [grpc-default-executor-3] INFO  impl.FollowerInfo (FollowerInfo.java:lambda$new$0(51)) - dc062215-230a-40c1-88c1-e0a4fdad3ac4@group-4108054CE771->f262dcb5-fcde-4b4d-8116-9712eaf07b60: nextIndex: updateUnconditionally 0 -> 0
2019-09-12 04:45:02,381 [grpc-default-executor-6] WARN  server.GrpcLogAppender (LogUtils.java:warn(134)) - dc062215-230a-40c1-88c1-e0a4fdad3ac4@group-4108054CE771->11629c23-30ab-483c-81ff-e86f5fb16847-AppendLogResponseHandler: Failed appendEntries: org.apache.ratis.thirdparty.io.grpc.StatusRuntimeException: UNAVAILABLE: io exception
2019-09-12 04:45:02,381 [grpc-default-executor-6] INFO  impl.FollowerInfo (FollowerInfo.java:lambda$new$0(51)) - dc062215-230a-40c1-88c1-e0a4fdad3ac4@group-4108054CE771->11629c23-30ab-483c-81ff-e86f5fb16847: nextIndex: updateUnconditionally 0 -> 0
2019-09-12 04:45:02,434 [java.util.concurrent.ThreadPoolExecutor$Worker@6ec811dd[State = -1, empty queue]] WARN  server.GrpcLogAppender (GrpcLogAppender.java:timeoutAppendRequest(200)) - 4a6209c5-e52c-498b-a70a-f7b5c2b845a9@group-5FD8722A3841->cf6464f0-cbf8-4363-9806-263215a09c56-GrpcLogAppender: appendEntries Timeout, request=4a6209c5-e52c-498b-a70a-f7b5c2b845a9->cf6464f0-cbf8-4363-9806-263215a09c56#147-t1, previous=(t:1, i:34), leaderCommit=30, initializing? false, entries: <empty>
2019-09-12 04:45:02,434 [java.util.concurrent.ThreadPoolExecutor$Worker@651f3e5c[State = -1, empty queue]] WARN  server.GrpcLogAppender (GrpcLogAppender.java:timeoutAppendRequest(200)) - 4a6209c5-e52c-498b-a70a-f7b5c2b845a9@group-5FD8722A3841->5903dc6b-2e4c-43f3-9c86-89f09a7774cd-GrpcLogAppender: appendEntries Timeout, request=4a6209c5-e52c-498b-a70a-f7b5c2b845a9->5903dc6b-2e4c-43f3-9c86-89f09a7774cd#147-t1, previous=(t:1, i:34), leaderCommit=30, initializing? false, entries: <empty>
2019-09-12 04:45:02,678 [java.util.concurrent.ThreadPoolExecutor$Worker@faa1c29[State = -1, empty queue]] WARN  server.GrpcLogAppender (GrpcLogAppender.java:timeoutAppendRequest(200)) - eec7f56f-87bd-4e59-a43c-c5b862436b1c@group-F3FC0297FA2D->2534340d-8749-41cd-9451-53923b204706-GrpcLogAppender: appendEntries Timeout, request=eec7f56f-87bd-4e59-a43c-c5b862436b1c->2534340d-8749-41cd-9451-53923b204706#133-t2, previous=(t:2, i:20), leaderCommit=16, initializing? false, entries: <empty>
2019-09-12 04:45:02,678 [java.util.concurrent.ThreadPoolExecutor$Worker@1c8130ff[State = -1, empty queue]] WARN  server.GrpcLogAppender (GrpcLogAppender.java:timeoutAppendRequest(200)) - eec7f56f-87bd-4e59-a43c-c5b862436b1c@group-F3FC0297FA2D->6a9b9dd7-7806-4506-bdaf-7a94c8190a08-GrpcLogAppender: appendEntries Timeout, request=eec7f56f-87bd-4e59-a43c-c5b862436b1c->6a9b9dd7-7806-4506-bdaf-7a94c8190a08#133-t2, previous=(t:2, i:20), leaderCommit=16, initializing? false, entries: <empty>
2019-09-12 04:45:02,857 [grpc-default-executor-4] WARN  server.GrpcLogAppender (LogUtils.java:warn(134)) - dc062215-230a-40c1-88c1-e0a4fdad3ac4@group-4108054CE771->f262dcb5-fcde-4b4d-8116-9712eaf07b60-AppendLogResponseHandler: Failed appendEntries: org.apache.ratis.thirdparty.io.grpc.StatusRuntimeException: UNAVAILABLE: io exception
2019-09-12 04:45:02,857 [grpc-default-executor-4] INFO  impl.FollowerInfo (FollowerInfo.java:lambda$new$0(51)) - dc062215-230a-40c1-88c1-e0a4fdad3ac4@group-4108054CE771->f262dcb5-fcde-4b4d-8116-9712eaf07b60: nextIndex: updateUnconditionally 0 -> 0
2019-09-12 04:45:02,882 [grpc-default-executor-3] WARN  server.GrpcLogAppender (LogUtils.java:warn(134)) - dc062215-230a-40c1-88c1-e0a4fdad3ac4@group-4108054CE771->11629c23-30ab-483c-81ff-e86f5fb16847-AppendLogResponseHandler: Failed appendEntries: org.apache.ratis.thirdparty.io.grpc.StatusRuntimeException: UNAVAILABLE: io exception
2019-09-12 04:45:02,882 [grpc-default-executor-3] INFO  impl.FollowerInfo (FollowerInfo.java:lambda$new$0(51)) - dc062215-230a-40c1-88c1-e0a4fdad3ac4@group-4108054CE771->11629c23-30ab-483c-81ff-e86f5fb16847: nextIndex: updateUnconditionally 0 -> 0
2019-09-12 04:45:02,935 [java.util.concurrent.ThreadPoolExecutor$Worker@6ec811dd[State = -1, empty queue]] WARN  server.GrpcLogAppender (GrpcLogAppender.java:timeoutAppendRequest(200)) - 4a6209c5-e52c-498b-a70a-f7b5c2b845a9@group-5FD8722A3841->cf6464f0-cbf8-4363-9806-263215a09c56-GrpcLogAppender: appendEntries Timeout, request=4a6209c5-e52c-498b-a70a-f7b5c2b845a9->cf6464f0-cbf8-4363-9806-263215a09c56#148-t1, previous=(t:1, i:34), leaderCommit=30, initializing? false, entries: <empty>
2019-09-12 04:45:02,935 [java.util.concurrent.ThreadPoolExecutor$Worker@651f3e5c[State = -1, empty queue]] WARN  server.GrpcLogAppender (GrpcLogAppender.java:timeoutAppendRequest(200)) - 4a6209c5-e52c-498b-a70a-f7b5c2b845a9@group-5FD8722A3841->5903dc6b-2e4c-43f3-9c86-89f09a7774cd-GrpcLogAppender: appendEntries Timeout, request=4a6209c5-e52c-498b-a70a-f7b5c2b845a9->5903dc6b-2e4c-43f3-9c86-89f09a7774cd#148-t1, previous=(t:1, i:34), leaderCommit=30, initializing? false, entries: <empty>
2019-09-12 04:45:03,178 [java.util.concurrent.ThreadPoolExecutor$Worker@1c8130ff[State = -1, empty queue]] WARN  server.GrpcLogAppender (GrpcLogAppender.java:timeoutAppendRequest(200)) - eec7f56f-87bd-4e59-a43c-c5b862436b1c@group-F3FC0297FA2D->6a9b9dd7-7806-4506-bdaf-7a94c8190a08-GrpcLogAppender: appendEntries Timeout, request=eec7f56f-87bd-4e59-a43c-c5b862436b1c->6a9b9dd7-7806-4506-bdaf-7a94c8190a08#134-t2, previous=(t:2, i:20), leaderCommit=16, initializing? false, entries: <empty>
2019-09-12 04:45:03,178 [java.util.concurrent.ThreadPoolExecutor$Worker@faa1c29[State = -1, empty queue]] WARN  server.GrpcLogAppender (GrpcLogAppender.java:timeoutAppendRequest(200)) - eec7f56f-87bd-4e59-a43c-c5b862436b1c@group-F3FC0297FA2D->2534340d-8749-41cd-9451-53923b204706-GrpcLogAppender: appendEntries Timeout, request=eec7f56f-87bd-4e59-a43c-c5b862436b1c->2534340d-8749-41cd-9451-53923b204706#134-t2, previous=(t:2, i:20), leaderCommit=16, initializing? false, entries: <empty>
2019-09-12 04:45:03,358 [grpc-default-executor-6] WARN  server.GrpcLogAppender (LogUtils.java:warn(134)) - dc062215-230a-40c1-88c1-e0a4fdad3ac4@group-4108054CE771->f262dcb5-fcde-4b4d-8116-9712eaf07b60-AppendLogResponseHandler: Failed appendEntries: org.apache.ratis.thirdparty.io.grpc.StatusRuntimeException: UNAVAILABLE: io exception
2019-09-12 04:45:03,358 [grpc-default-executor-6] INFO  impl.FollowerInfo (FollowerInfo.java:lambda$new$0(51)) - dc062215-230a-40c1-88c1-e0a4fdad3ac4@group-4108054CE771->f262dcb5-fcde-4b4d-8116-9712eaf07b60: nextIndex: updateUnconditionally 0 -> 0
2019-09-12 04:45:03,382 [grpc-default-executor-3] WARN  server.GrpcLogAppender (LogUtils.java:warn(134)) - dc062215-230a-40c1-88c1-e0a4fdad3ac4@group-4108054CE771->11629c23-30ab-483c-81ff-e86f5fb16847-AppendLogResponseHandler: Failed appendEntries: org.apache.ratis.thirdparty.io.grpc.StatusRuntimeException: UNAVAILABLE: io exception
2019-09-12 04:45:03,383 [grpc-default-executor-3] INFO  impl.FollowerInfo (FollowerInfo.java:lambda$new$0(51)) - dc062215-230a-40c1-88c1-e0a4fdad3ac4@group-4108054CE771->11629c23-30ab-483c-81ff-e86f5fb16847: nextIndex: updateUnconditionally 0 -> 0
2019-09-12 04:45:03,435 [java.util.concurrent.ThreadPoolExecutor$Worker@6ec811dd[State = -1, empty queue]] WARN  server.GrpcLogAppender (GrpcLogAppender.java:timeoutAppendRequest(200)) - 4a6209c5-e52c-498b-a70a-f7b5c2b845a9@group-5FD8722A3841->cf6464f0-cbf8-4363-9806-263215a09c56-GrpcLogAppender: appendEntries Timeout, request=4a6209c5-e52c-498b-a70a-f7b5c2b845a9->cf6464f0-cbf8-4363-9806-263215a09c56#149-t1, previous=(t:1, i:34), leaderCommit=30, initializing? false, entries: <empty>
2019-09-12 04:45:03,435 [java.util.concurrent.ThreadPoolExecutor$Worker@651f3e5c[State = -1, empty queue]] WARN  server.GrpcLogAppender (GrpcLogAppender.java:timeoutAppendRequest(200)) - 4a6209c5-e52c-498b-a70a-f7b5c2b845a9@group-5FD8722A3841->5903dc6b-2e4c-43f3-9c86-89f09a7774cd-GrpcLogAppender: appendEntries Timeout, request=4a6209c5-e52c-498b-a70a-f7b5c2b845a9->5903dc6b-2e4c-43f3-9c86-89f09a7774cd#149-t1, previous=(t:1, i:34), leaderCommit=30, initializing? false, entries: <empty>
2019-09-12 04:45:03,678 [java.util.concurrent.ThreadPoolExecutor$Worker@1c8130ff[State = -1, empty queue]] WARN  server.GrpcLogAppender (GrpcLogAppender.java:timeoutAppendRequest(200)) - eec7f56f-87bd-4e59-a43c-c5b862436b1c@group-F3FC0297FA2D->6a9b9dd7-7806-4506-bdaf-7a94c8190a08-GrpcLogAppender: appendEntries Timeout, request=eec7f56f-87bd-4e59-a43c-c5b862436b1c->6a9b9dd7-7806-4506-bdaf-7a94c8190a08#135-t2, previous=(t:2, i:20), leaderCommit=16, initializing? false, entries: <empty>
2019-09-12 04:45:03,678 [java.util.concurrent.ThreadPoolExecutor$Worker@faa1c29[State = -1, empty queue]] WARN  server.GrpcLogAppender (GrpcLogAppender.java:timeoutAppendRequest(200)) - eec7f56f-87bd-4e59-a43c-c5b862436b1c@group-F3FC0297FA2D->2534340d-8749-41cd-9451-53923b204706-GrpcLogAppender: appendEntries Timeout, request=eec7f56f-87bd-4e59-a43c-c5b862436b1c->2534340d-8749-41cd-9451-53923b204706#135-t2, previous=(t:2, i:20), leaderCommit=16, initializing? false, entries: <empty>
2019-09-12 04:45:03,859 [grpc-default-executor-4] WARN  server.GrpcLogAppender (LogUtils.java:warn(134)) - dc062215-230a-40c1-88c1-e0a4fdad3ac4@group-4108054CE771->f262dcb5-fcde-4b4d-8116-9712eaf07b60-AppendLogResponseHandler: Failed appendEntries: org.apache.ratis.thirdparty.io.grpc.StatusRuntimeException: UNAVAILABLE: io exception
2019-09-12 04:45:03,859 [grpc-default-executor-4] INFO  impl.FollowerInfo (FollowerInfo.java:lambda$new$0(51)) - dc062215-230a-40c1-88c1-e0a4fdad3ac4@group-4108054CE771->f262dcb5-fcde-4b4d-8116-9712eaf07b60: nextIndex: updateUnconditionally 0 -> 0
2019-09-12 04:45:03,883 [grpc-default-executor-6] WARN  server.GrpcLogAppender (LogUtils.java:warn(134)) - dc062215-230a-40c1-88c1-e0a4fdad3ac4@group-4108054CE771->11629c23-30ab-483c-81ff-e86f5fb16847-AppendLogResponseHandler: Failed appendEntries: org.apache.ratis.thirdparty.io.grpc.StatusRuntimeException: UNAVAILABLE: io exception
2019-09-12 04:45:03,883 [grpc-default-executor-6] INFO  impl.FollowerInfo (FollowerInfo.java:lambda$new$0(51)) - dc062215-230a-40c1-88c1-e0a4fdad3ac4@group-4108054CE771->11629c23-30ab-483c-81ff-e86f5fb16847: nextIndex: updateUnconditionally 0 -> 0
2019-09-12 04:45:03,935 [java.util.concurrent.ThreadPoolExecutor$Worker@6ec811dd[State = -1, empty queue]] WARN  server.GrpcLogAppender (GrpcLogAppender.java:timeoutAppendRequest(200)) - 4a6209c5-e52c-498b-a70a-f7b5c2b845a9@group-5FD8722A3841->cf6464f0-cbf8-4363-9806-263215a09c56-GrpcLogAppender: appendEntries Timeout, request=4a6209c5-e52c-498b-a70a-f7b5c2b845a9->cf6464f0-cbf8-4363-9806-263215a09c56#150-t1, previous=(t:1, i:34), leaderCommit=30, initializing? false, entries: <empty>
2019-09-12 04:45:03,935 [java.util.concurrent.ThreadPoolExecutor$Worker@651f3e5c[State = -1, empty queue]] WARN  server.GrpcLogAppender (GrpcLogAppender.java:timeoutAppendRequest(200)) - 4a6209c5-e52c-498b-a70a-f7b5c2b845a9@group-5FD8722A3841->5903dc6b-2e4c-43f3-9c86-89f09a7774cd-GrpcLogAppender: appendEntries Timeout, request=4a6209c5-e52c-498b-a70a-f7b5c2b845a9->5903dc6b-2e4c-43f3-9c86-89f09a7774cd#150-t1, previous=(t:1, i:34), leaderCommit=30, initializing? false, entries: <empty>
2019-09-12 04:45:04,178 [java.util.concurrent.ThreadPoolExecutor$Worker@faa1c29[State = -1, empty queue]] WARN  server.GrpcLogAppender (GrpcLogAppender.java:timeoutAppendRequest(200)) - eec7f56f-87bd-4e59-a43c-c5b862436b1c@group-F3FC0297FA2D->2534340d-8749-41cd-9451-53923b204706-GrpcLogAppender: appendEntries Timeout, request=eec7f56f-87bd-4e59-a43c-c5b862436b1c->2534340d-8749-41cd-9451-53923b204706#136-t2, previous=(t:2, i:20), leaderCommit=16, initializing? false, entries: <empty>
2019-09-12 04:45:04,178 [java.util.concurrent.ThreadPoolExecutor$Worker@1c8130ff[State = -1, empty queue]] WARN  server.GrpcLogAppender (GrpcLogAppender.java:timeoutAppendRequest(200)) - eec7f56f-87bd-4e59-a43c-c5b862436b1c@group-F3FC0297FA2D->6a9b9dd7-7806-4506-bdaf-7a94c8190a08-GrpcLogAppender: appendEntries Timeout, request=eec7f56f-87bd-4e59-a43c-c5b862436b1c->6a9b9dd7-7806-4506-bdaf-7a94c8190a08#136-t2, previous=(t:2, i:20), leaderCommit=16, initializing? false, entries: <empty>
2019-09-12 04:45:04,360 [grpc-default-executor-3] WARN  server.GrpcLogAppender (LogUtils.java:warn(134)) - dc062215-230a-40c1-88c1-e0a4fdad3ac4@group-4108054CE771->f262dcb5-fcde-4b4d-8116-9712eaf07b60-AppendLogResponseHandler: Failed appendEntries: org.apache.ratis.thirdparty.io.grpc.StatusRuntimeException: UNAVAILABLE: io exception
2019-09-12 04:45:04,360 [grpc-default-executor-3] INFO  impl.FollowerInfo (FollowerInfo.java:lambda$new$0(51)) - dc062215-230a-40c1-88c1-e0a4fdad3ac4@group-4108054CE771->f262dcb5-fcde-4b4d-8116-9712eaf07b60: nextIndex: updateUnconditionally 0 -> 0
2019-09-12 04:45:04,383 [grpc-default-executor-6] WARN  server.GrpcLogAppender (LogUtils.java:warn(134)) - dc062215-230a-40c1-88c1-e0a4fdad3ac4@group-4108054CE771->11629c23-30ab-483c-81ff-e86f5fb16847-AppendLogResponseHandler: Failed appendEntries: org.apache.ratis.thirdparty.io.grpc.StatusRuntimeException: UNAVAILABLE: io exception
2019-09-12 04:45:04,384 [grpc-default-executor-6] INFO  impl.FollowerInfo (FollowerInfo.java:lambda$new$0(51)) - dc062215-230a-40c1-88c1-e0a4fdad3ac4@group-4108054CE771->11629c23-30ab-483c-81ff-e86f5fb16847: nextIndex: updateUnconditionally 0 -> 0
2019-09-12 04:45:04,436 [java.util.concurrent.ThreadPoolExecutor$Worker@6ec811dd[State = -1, empty queue]] WARN  server.GrpcLogAppender (GrpcLogAppender.java:timeoutAppendRequest(200)) - 4a6209c5-e52c-498b-a70a-f7b5c2b845a9@group-5FD8722A3841->cf6464f0-cbf8-4363-9806-263215a09c56-GrpcLogAppender: appendEntries Timeout, request=4a6209c5-e52c-498b-a70a-f7b5c2b845a9->cf6464f0-cbf8-4363-9806-263215a09c56#151-t1, previous=(t:1, i:34), leaderCommit=30, initializing? false, entries: <empty>
2019-09-12 04:45:04,436 [java.util.concurrent.ThreadPoolExecutor$Worker@651f3e5c[State = -1, empty queue]] WARN  server.GrpcLogAppender (GrpcLogAppender.java:timeoutAppendRequest(200)) - 4a6209c5-e52c-498b-a70a-f7b5c2b845a9@group-5FD8722A3841->5903dc6b-2e4c-43f3-9c86-89f09a7774cd-GrpcLogAppender: appendEntries Timeout, request=4a6209c5-e52c-498b-a70a-f7b5c2b845a9->5903dc6b-2e4c-43f3-9c86-89f09a7774cd#151-t1, previous=(t:1, i:34), leaderCommit=30, initializing? false, entries: <empty>
2019-09-12 04:45:04,681 [java.util.concurrent.ThreadPoolExecutor$Worker@1c8130ff[State = -1, empty queue]] WARN  server.GrpcLogAppender (GrpcLogAppender.java:timeoutAppendRequest(200)) - eec7f56f-87bd-4e59-a43c-c5b862436b1c@group-F3FC0297FA2D->6a9b9dd7-7806-4506-bdaf-7a94c8190a08-GrpcLogAppender: appendEntries Timeout, request=eec7f56f-87bd-4e59-a43c-c5b862436b1c->6a9b9dd7-7806-4506-bdaf-7a94c8190a08#137-t2, previous=(t:2, i:20), leaderCommit=16, initializing? false, entries: <empty>
2019-09-12 04:45:04,681 [java.util.concurrent.ThreadPoolExecutor$Worker@faa1c29[State = -1, empty queue]] WARN  server.GrpcLogAppender (GrpcLogAppender.java:timeoutAppendRequest(200)) - eec7f56f-87bd-4e59-a43c-c5b862436b1c@group-F3FC0297FA2D->2534340d-8749-41cd-9451-53923b204706-GrpcLogAppender: appendEntries Timeout, request=eec7f56f-87bd-4e59-a43c-c5b862436b1c->2534340d-8749-41cd-9451-53923b204706#137-t2, previous=(t:2, i:20), leaderCommit=16, initializing? false, entries: <empty>
2019-09-12 04:45:04,860 [grpc-default-executor-4] WARN  server.GrpcLogAppender (LogUtils.java:warn(134)) - dc062215-230a-40c1-88c1-e0a4fdad3ac4@group-4108054CE771->f262dcb5-fcde-4b4d-8116-9712eaf07b60-AppendLogResponseHandler: Failed appendEntries: org.apache.ratis.thirdparty.io.grpc.StatusRuntimeException: UNAVAILABLE: io exception
2019-09-12 04:45:04,861 [grpc-default-executor-4] INFO  impl.FollowerInfo (FollowerInfo.java:lambda$new$0(51)) - dc062215-230a-40c1-88c1-e0a4fdad3ac4@group-4108054CE771->f262dcb5-fcde-4b4d-8116-9712eaf07b60: nextIndex: updateUnconditionally 0 -> 0
2019-09-12 04:45:04,884 [grpc-default-executor-6] WARN  server.GrpcLogAppender (LogUtils.java:warn(134)) - dc062215-230a-40c1-88c1-e0a4fdad3ac4@group-4108054CE771->11629c23-30ab-483c-81ff-e86f5fb16847-AppendLogResponseHandler: Failed appendEntries: org.apache.ratis.thirdparty.io.grpc.StatusRuntimeException: UNAVAILABLE: io exception
2019-09-12 04:45:04,884 [grpc-default-executor-6] INFO  impl.FollowerInfo (FollowerInfo.java:lambda$new$0(51)) - dc062215-230a-40c1-88c1-e0a4fdad3ac4@group-4108054CE771->11629c23-30ab-483c-81ff-e86f5fb16847: nextIndex: updateUnconditionally 0 -> 0
2019-09-12 04:45:04,936 [java.util.concurrent.ThreadPoolExecutor$Worker@6ec811dd[State = -1, empty queue]] WARN  server.GrpcLogAppender (GrpcLogAppender.java:timeoutAppendRequest(200)) - 4a6209c5-e52c-498b-a70a-f7b5c2b845a9@group-5FD8722A3841->cf6464f0-cbf8-4363-9806-263215a09c56-GrpcLogAppender: appendEntries Timeout, request=4a6209c5-e52c-498b-a70a-f7b5c2b845a9->cf6464f0-cbf8-4363-9806-263215a09c56#152-t1, previous=(t:1, i:34), leaderCommit=30, initializing? false, entries: <empty>
2019-09-12 04:45:04,936 [java.util.concurrent.ThreadPoolExecutor$Worker@651f3e5c[State = -1, empty queue]] WARN  server.GrpcLogAppender (GrpcLogAppender.java:timeoutAppendRequest(200)) - 4a6209c5-e52c-498b-a70a-f7b5c2b845a9@group-5FD8722A3841->5903dc6b-2e4c-43f3-9c86-89f09a7774cd-GrpcLogAppender: appendEntries Timeout, request=4a6209c5-e52c-498b-a70a-f7b5c2b845a9->5903dc6b-2e4c-43f3-9c86-89f09a7774cd#152-t1, previous=(t:1, i:34), leaderCommit=30, initializing? false, entries: <empty>
2019-09-12 04:45:05,181 [java.util.concurrent.ThreadPoolExecutor$Worker@faa1c29[State = -1, empty queue]] WARN  server.GrpcLogAppender (GrpcLogAppender.java:timeoutAppendRequest(200)) - eec7f56f-87bd-4e59-a43c-c5b862436b1c@group-F3FC0297FA2D->2534340d-8749-41cd-9451-53923b204706-GrpcLogAppender: appendEntries Timeout, request=eec7f56f-87bd-4e59-a43c-c5b862436b1c->2534340d-8749-41cd-9451-53923b204706#138-t2, previous=(t:2, i:20), leaderCommit=16, initializing? false, entries: <empty>
2019-09-12 04:45:05,181 [java.util.concurrent.ThreadPoolExecutor$Worker@1c8130ff[State = -1, empty queue]] WARN  server.GrpcLogAppender (GrpcLogAppender.java:timeoutAppendRequest(200)) - eec7f56f-87bd-4e59-a43c-c5b862436b1c@group-F3FC0297FA2D->6a9b9dd7-7806-4506-bdaf-7a94c8190a08-GrpcLogAppender: appendEntries Timeout, request=eec7f56f-87bd-4e59-a43c-c5b862436b1c->6a9b9dd7-7806-4506-bdaf-7a94c8190a08#138-t2, previous=(t:2, i:20), leaderCommit=16, initializing? false, entries: <empty>
2019-09-12 04:45:05,361 [grpc-default-executor-3] WARN  server.GrpcLogAppender (LogUtils.java:warn(134)) - dc062215-230a-40c1-88c1-e0a4fdad3ac4@group-4108054CE771->f262dcb5-fcde-4b4d-8116-9712eaf07b60-AppendLogResponseHandler: Failed appendEntries: org.apache.ratis.thirdparty.io.grpc.StatusRuntimeException: UNAVAILABLE: io exception
2019-09-12 04:45:05,361 [grpc-default-executor-3] INFO  impl.FollowerInfo (FollowerInfo.java:lambda$new$0(51)) - dc062215-230a-40c1-88c1-e0a4fdad3ac4@group-4108054CE771->f262dcb5-fcde-4b4d-8116-9712eaf07b60: nextIndex: updateUnconditionally 0 -> 0
2019-09-12 04:45:05,384 [grpc-default-executor-6] WARN  server.GrpcLogAppender (LogUtils.java:warn(134)) - dc062215-230a-40c1-88c1-e0a4fdad3ac4@group-4108054CE771->11629c23-30ab-483c-81ff-e86f5fb16847-AppendLogResponseHandler: Failed appendEntries: org.apache.ratis.thirdparty.io.grpc.StatusRuntimeException: UNAVAILABLE: io exception
2019-09-12 04:45:05,385 [grpc-default-executor-6] INFO  impl.FollowerInfo (FollowerInfo.java:lambda$new$0(51)) - dc062215-230a-40c1-88c1-e0a4fdad3ac4@group-4108054CE771->11629c23-30ab-483c-81ff-e86f5fb16847: nextIndex: updateUnconditionally 0 -> 0
2019-09-12 04:45:05,436 [java.util.concurrent.ThreadPoolExecutor$Worker@6ec811dd[State = -1, empty queue]] WARN  server.GrpcLogAppender (GrpcLogAppender.java:timeoutAppendRequest(200)) - 4a6209c5-e52c-498b-a70a-f7b5c2b845a9@group-5FD8722A3841->cf6464f0-cbf8-4363-9806-263215a09c56-GrpcLogAppender: appendEntries Timeout, request=4a6209c5-e52c-498b-a70a-f7b5c2b845a9->cf6464f0-cbf8-4363-9806-263215a09c56#153-t1, previous=(t:1, i:34), leaderCommit=30, initializing? false, entries: <empty>
2019-09-12 04:45:05,436 [java.util.concurrent.ThreadPoolExecutor$Worker@651f3e5c[State = -1, empty queue]] WARN  server.GrpcLogAppender (GrpcLogAppender.java:timeoutAppendRequest(200)) - 4a6209c5-e52c-498b-a70a-f7b5c2b845a9@group-5FD8722A3841->5903dc6b-2e4c-43f3-9c86-89f09a7774cd-GrpcLogAppender: appendEntries Timeout, request=4a6209c5-e52c-498b-a70a-f7b5c2b845a9->5903dc6b-2e4c-43f3-9c86-89f09a7774cd#153-t1, previous=(t:1, i:34), leaderCommit=30, initializing? false, entries: <empty>
2019-09-12 04:45:05,684 [java.util.concurrent.ThreadPoolExecutor$Worker@faa1c29[State = -1, empty queue]] WARN  server.GrpcLogAppender (GrpcLogAppender.java:timeoutAppendRequest(200)) - eec7f56f-87bd-4e59-a43c-c5b862436b1c@group-F3FC0297FA2D->2534340d-8749-41cd-9451-53923b204706-GrpcLogAppender: appendEntries Timeout, request=eec7f56f-87bd-4e59-a43c-c5b862436b1c->2534340d-8749-41cd-9451-53923b204706#139-t2, previous=(t:2, i:20), leaderCommit=16, initializing? false, entries: <empty>
2019-09-12 04:45:05,684 [java.util.concurrent.ThreadPoolExecutor$Worker@1c8130ff[State = -1, empty queue]] WARN  server.GrpcLogAppender (GrpcLogAppender.java:timeoutAppendRequest(200)) - eec7f56f-87bd-4e59-a43c-c5b862436b1c@group-F3FC0297FA2D->6a9b9dd7-7806-4506-bdaf-7a94c8190a08-GrpcLogAppender: appendEntries Timeout, request=eec7f56f-87bd-4e59-a43c-c5b862436b1c->6a9b9dd7-7806-4506-bdaf-7a94c8190a08#139-t2, previous=(t:2, i:20), leaderCommit=16, initializing? false, entries: <empty>
2019-09-12 04:45:05,862 [grpc-default-executor-4] WARN  server.GrpcLogAppender (LogUtils.java:warn(134)) - dc062215-230a-40c1-88c1-e0a4fdad3ac4@group-4108054CE771->f262dcb5-fcde-4b4d-8116-9712eaf07b60-AppendLogResponseHandler: Failed appendEntries: org.apache.ratis.thirdparty.io.grpc.StatusRuntimeException: UNAVAILABLE: io exception
2019-09-12 04:45:05,863 [grpc-default-executor-4] INFO  impl.FollowerInfo (FollowerInfo.java:lambda$new$0(51)) - dc062215-230a-40c1-88c1-e0a4fdad3ac4@group-4108054CE771->f262dcb5-fcde-4b4d-8116-9712eaf07b60: nextIndex: updateUnconditionally 0 -> 0
2019-09-12 04:45:05,885 [grpc-default-executor-6] WARN  server.GrpcLogAppender (LogUtils.java:warn(134)) - dc062215-230a-40c1-88c1-e0a4fdad3ac4@group-4108054CE771->11629c23-30ab-483c-81ff-e86f5fb16847-AppendLogResponseHandler: Failed appendEntries: org.apache.ratis.thirdparty.io.grpc.StatusRuntimeException: UNAVAILABLE: io exception
2019-09-12 04:45:05,886 [grpc-default-executor-6] INFO  impl.FollowerInfo (FollowerInfo.java:lambda$new$0(51)) - dc062215-230a-40c1-88c1-e0a4fdad3ac4@group-4108054CE771->11629c23-30ab-483c-81ff-e86f5fb16847: nextIndex: updateUnconditionally 0 -> 0
2019-09-12 04:45:05,936 [java.util.concurrent.ThreadPoolExecutor$Worker@651f3e5c[State = -1, empty queue]] WARN  server.GrpcLogAppender (GrpcLogAppender.java:timeoutAppendRequest(200)) - 4a6209c5-e52c-498b-a70a-f7b5c2b845a9@group-5FD8722A3841->5903dc6b-2e4c-43f3-9c86-89f09a7774cd-GrpcLogAppender: appendEntries Timeout, request=4a6209c5-e52c-498b-a70a-f7b5c2b845a9->5903dc6b-2e4c-43f3-9c86-89f09a7774cd#154-t1, previous=(t:1, i:34), leaderCommit=30, initializing? false, entries: <empty>
2019-09-12 04:45:05,936 [java.util.concurrent.ThreadPoolExecutor$Worker@6ec811dd[State = -1, empty queue]] WARN  server.GrpcLogAppender (GrpcLogAppender.java:timeoutAppendRequest(200)) - 4a6209c5-e52c-498b-a70a-f7b5c2b845a9@group-5FD8722A3841->cf6464f0-cbf8-4363-9806-263215a09c56-GrpcLogAppender: appendEntries Timeout, request=4a6209c5-e52c-498b-a70a-f7b5c2b845a9->cf6464f0-cbf8-4363-9806-263215a09c56#154-t1, previous=(t:1, i:34), leaderCommit=30, initializing? false, entries: <empty>
2019-09-12 04:45:06,184 [java.util.concurrent.ThreadPoolExecutor$Worker@faa1c29[State = -1, empty queue]] WARN  server.GrpcLogAppender (GrpcLogAppender.java:timeoutAppendRequest(200)) - eec7f56f-87bd-4e59-a43c-c5b862436b1c@group-F3FC0297FA2D->2534340d-8749-41cd-9451-53923b204706-GrpcLogAppender: appendEntries Timeout, request=eec7f56f-87bd-4e59-a43c-c5b862436b1c->2534340d-8749-41cd-9451-53923b204706#140-t2, previous=(t:2, i:20), leaderCommit=16, initializing? false, entries: <empty>
2019-09-12 04:45:06,184 [java.util.concurrent.ThreadPoolExecutor$Worker@1c8130ff[State = -1, empty queue]] WARN  server.GrpcLogAppender (GrpcLogAppender.java:timeoutAppendRequest(200)) - eec7f56f-87bd-4e59-a43c-c5b862436b1c@group-F3FC0297FA2D->6a9b9dd7-7806-4506-bdaf-7a94c8190a08-GrpcLogAppender: appendEntries Timeout, request=eec7f56f-87bd-4e59-a43c-c5b862436b1c->6a9b9dd7-7806-4506-bdaf-7a94c8190a08#140-t2, previous=(t:2, i:20), leaderCommit=16, initializing? false, entries: <empty>
2019-09-12 04:45:06,362 [grpc-default-executor-3] WARN  server.GrpcLogAppender (LogUtils.java:warn(134)) - dc062215-230a-40c1-88c1-e0a4fdad3ac4@group-4108054CE771->f262dcb5-fcde-4b4d-8116-9712eaf07b60-AppendLogResponseHandler: Failed appendEntries: org.apache.ratis.thirdparty.io.grpc.StatusRuntimeException: UNAVAILABLE: io exception
2019-09-12 04:45:06,363 [grpc-default-executor-3] INFO  impl.FollowerInfo (FollowerInfo.java:lambda$new$0(51)) - dc062215-230a-40c1-88c1-e0a4fdad3ac4@group-4108054CE771->f262dcb5-fcde-4b4d-8116-9712eaf07b60: nextIndex: updateUnconditionally 0 -> 0
2019-09-12 04:45:06,386 [grpc-default-executor-6] WARN  server.GrpcLogAppender (LogUtils.java:warn(134)) - dc062215-230a-40c1-88c1-e0a4fdad3ac4@group-4108054CE771->11629c23-30ab-483c-81ff-e86f5fb16847-AppendLogResponseHandler: Failed appendEntries: org.apache.ratis.thirdparty.io.grpc.StatusRuntimeException: UNAVAILABLE: io exception
2019-09-12 04:45:06,386 [grpc-default-executor-6] INFO  impl.FollowerInfo (FollowerInfo.java:lambda$new$0(51)) - dc062215-230a-40c1-88c1-e0a4fdad3ac4@group-4108054CE771->11629c23-30ab-483c-81ff-e86f5fb16847: nextIndex: updateUnconditionally 0 -> 0
2019-09-12 04:45:06,437 [java.util.concurrent.ThreadPoolExecutor$Worker@651f3e5c[State = -1, empty queue]] WARN  server.GrpcLogAppender (GrpcLogAppender.java:timeoutAppendRequest(200)) - 4a6209c5-e52c-498b-a70a-f7b5c2b845a9@group-5FD8722A3841->5903dc6b-2e4c-43f3-9c86-89f09a7774cd-GrpcLogAppender: appendEntries Timeout, request=4a6209c5-e52c-498b-a70a-f7b5c2b845a9->5903dc6b-2e4c-43f3-9c86-89f09a7774cd#155-t1, previous=(t:1, i:34), leaderCommit=30, initializing? false, entries: <empty>
2019-09-12 04:45:06,437 [java.util.concurrent.ThreadPoolExecutor$Worker@6ec811dd[State = -1, empty queue]] WARN  server.GrpcLogAppender (GrpcLogAppender.java:timeoutAppendRequest(200)) - 4a6209c5-e52c-498b-a70a-f7b5c2b845a9@group-5FD8722A3841->cf6464f0-cbf8-4363-9806-263215a09c56-GrpcLogAppender: appendEntries Timeout, request=4a6209c5-e52c-498b-a70a-f7b5c2b845a9->cf6464f0-cbf8-4363-9806-263215a09c56#155-t1, previous=(t:1, i:34), leaderCommit=30, initializing? false, entries: <empty>
2019-09-12 04:45:06,539 [grpc-default-executor-6] INFO  client.GrpcClientProtocolClient (GrpcClientProtocolClient.java:onNext(264)) - client-40C9AD207E5E->cf6464f0-cbf8-4363-9806-263215a09c56: receive RaftClientReply:client-40C9AD207E5E->cf6464f0-cbf8-4363-9806-263215a09c56@group-5FD8722A3841, cid=66, FAILED org.apache.ratis.protocol.NotLeaderException: Server cf6464f0-cbf8-4363-9806-263215a09c56@group-5FD8722A3841 is not the leader 4a6209c5-e52c-498b-a70a-f7b5c2b845a9:192.168.34.8:40323, logIndex=0, commits[cf6464f0-cbf8-4363-9806-263215a09c56:c30, 5903dc6b-2e4c-43f3-9c86-89f09a7774cd:c28, 4a6209c5-e52c-498b-a70a-f7b5c2b845a9:c30]
2019-09-12 04:45:06,688 [java.util.concurrent.ThreadPoolExecutor$Worker@1c8130ff[State = -1, empty queue]] WARN  server.GrpcLogAppender (GrpcLogAppender.java:timeoutAppendRequest(200)) - eec7f56f-87bd-4e59-a43c-c5b862436b1c@group-F3FC0297FA2D->6a9b9dd7-7806-4506-bdaf-7a94c8190a08-GrpcLogAppender: appendEntries Timeout, request=eec7f56f-87bd-4e59-a43c-c5b862436b1c->6a9b9dd7-7806-4506-bdaf-7a94c8190a08#141-t2, previous=(t:2, i:20), leaderCommit=16, initializing? false, entries: <empty>
2019-09-12 04:45:06,688 [java.util.concurrent.ThreadPoolExecutor$Worker@faa1c29[State = -1, empty queue]] WARN  server.GrpcLogAppender (GrpcLogAppender.java:timeoutAppendRequest(200)) - eec7f56f-87bd-4e59-a43c-c5b862436b1c@group-F3FC0297FA2D->2534340d-8749-41cd-9451-53923b204706-GrpcLogAppender: appendEntries Timeout, request=eec7f56f-87bd-4e59-a43c-c5b862436b1c->2534340d-8749-41cd-9451-53923b204706#141-t2, previous=(t:2, i:20), leaderCommit=16, initializing? false, entries: <empty>
2019-09-12 04:45:06,863 [grpc-default-executor-4] WARN  server.GrpcLogAppender (LogUtils.java:warn(134)) - dc062215-230a-40c1-88c1-e0a4fdad3ac4@group-4108054CE771->f262dcb5-fcde-4b4d-8116-9712eaf07b60-AppendLogResponseHandler: Failed appendEntries: org.apache.ratis.thirdparty.io.grpc.StatusRuntimeException: UNAVAILABLE: io exception
2019-09-12 04:45:06,864 [grpc-default-executor-4] INFO  impl.FollowerInfo (FollowerInfo.java:lambda$new$0(51)) - dc062215-230a-40c1-88c1-e0a4fdad3ac4@group-4108054CE771->f262dcb5-fcde-4b4d-8116-9712eaf07b60: nextIndex: updateUnconditionally 0 -> 0
2019-09-12 04:45:06,887 [grpc-default-executor-6] WARN  server.GrpcLogAppender (LogUtils.java:warn(134)) - dc062215-230a-40c1-88c1-e0a4fdad3ac4@group-4108054CE771->11629c23-30ab-483c-81ff-e86f5fb16847-AppendLogResponseHandler: Failed appendEntries: org.apache.ratis.thirdparty.io.grpc.StatusRuntimeException: UNAVAILABLE: io exception
2019-09-12 04:45:06,887 [grpc-default-executor-6] INFO  impl.FollowerInfo (FollowerInfo.java:lambda$new$0(51)) - dc062215-230a-40c1-88c1-e0a4fdad3ac4@group-4108054CE771->11629c23-30ab-483c-81ff-e86f5fb16847: nextIndex: updateUnconditionally 0 -> 0
2019-09-12 04:45:06,937 [java.util.concurrent.ThreadPoolExecutor$Worker@6ec811dd[State = -1, empty queue]] WARN  server.GrpcLogAppender (GrpcLogAppender.java:timeoutAppendRequest(200)) - 4a6209c5-e52c-498b-a70a-f7b5c2b845a9@group-5FD8722A3841->cf6464f0-cbf8-4363-9806-263215a09c56-GrpcLogAppender: appendEntries Timeout, request=4a6209c5-e52c-498b-a70a-f7b5c2b845a9->cf6464f0-cbf8-4363-9806-263215a09c56#156-t1, previous=(t:1, i:34), leaderCommit=30, initializing? false, entries: <empty>
2019-09-12 04:45:06,937 [java.util.concurrent.ThreadPoolExecutor$Worker@651f3e5c[State = -1, empty queue]] WARN  server.GrpcLogAppender (GrpcLogAppender.java:timeoutAppendRequest(200)) - 4a6209c5-e52c-498b-a70a-f7b5c2b845a9@group-5FD8722A3841->5903dc6b-2e4c-43f3-9c86-89f09a7774cd-GrpcLogAppender: appendEntries Timeout, request=4a6209c5-e52c-498b-a70a-f7b5c2b845a9->5903dc6b-2e4c-43f3-9c86-89f09a7774cd#156-t1, previous=(t:1, i:34), leaderCommit=30, initializing? false, entries: <empty>
2019-09-12 04:45:07,188 [java.util.concurrent.ThreadPoolExecutor$Worker@faa1c29[State = -1, empty queue]] WARN  server.GrpcLogAppender (GrpcLogAppender.java:timeoutAppendRequest(200)) - eec7f56f-87bd-4e59-a43c-c5b862436b1c@group-F3FC0297FA2D->2534340d-8749-41cd-9451-53923b204706-GrpcLogAppender: appendEntries Timeout, request=eec7f56f-87bd-4e59-a43c-c5b862436b1c->2534340d-8749-41cd-9451-53923b204706#142-t2, previous=(t:2, i:20), leaderCommit=16, initializing? false, entries: <empty>
2019-09-12 04:45:07,188 [java.util.concurrent.ThreadPoolExecutor$Worker@1c8130ff[State = -1, empty queue]] WARN  server.GrpcLogAppender (GrpcLogAppender.java:timeoutAppendRequest(200)) - eec7f56f-87bd-4e59-a43c-c5b862436b1c@group-F3FC0297FA2D->6a9b9dd7-7806-4506-bdaf-7a94c8190a08-GrpcLogAppender: appendEntries Timeout, request=eec7f56f-87bd-4e59-a43c-c5b862436b1c->6a9b9dd7-7806-4506-bdaf-7a94c8190a08#142-t2, previous=(t:2, i:20), leaderCommit=16, initializing? false, entries: <empty>
2019-09-12 04:45:07,364 [grpc-default-executor-3] WARN  server.GrpcLogAppender (LogUtils.java:warn(134)) - dc062215-230a-40c1-88c1-e0a4fdad3ac4@group-4108054CE771->f262dcb5-fcde-4b4d-8116-9712eaf07b60-AppendLogResponseHandler: Failed appendEntries: org.apache.ratis.thirdparty.io.grpc.StatusRuntimeException: UNAVAILABLE: io exception
2019-09-12 04:45:07,364 [grpc-default-executor-3] INFO  impl.FollowerInfo (FollowerInfo.java:lambda$new$0(51)) - dc062215-230a-40c1-88c1-e0a4fdad3ac4@group-4108054CE771->f262dcb5-fcde-4b4d-8116-9712eaf07b60: nextIndex: updateUnconditionally 0 -> 0
2019-09-12 04:45:07,387 [grpc-default-executor-4] WARN  server.GrpcLogAppender (LogUtils.java:warn(134)) - dc062215-230a-40c1-88c1-e0a4fdad3ac4@group-4108054CE771->11629c23-30ab-483c-81ff-e86f5fb16847-AppendLogResponseHandler: Failed appendEntries: org.apache.ratis.thirdparty.io.grpc.StatusRuntimeException: UNAVAILABLE: io exception
2019-09-12 04:45:07,387 [grpc-default-executor-4] INFO  impl.FollowerInfo (FollowerInfo.java:lambda$new$0(51)) - dc062215-230a-40c1-88c1-e0a4fdad3ac4@group-4108054CE771->11629c23-30ab-483c-81ff-e86f5fb16847: nextIndex: updateUnconditionally 0 -> 0
2019-09-12 04:45:07,437 [java.util.concurrent.ThreadPoolExecutor$Worker@651f3e5c[State = -1, empty queue]] WARN  server.GrpcLogAppender (GrpcLogAppender.java:timeoutAppendRequest(200)) - 4a6209c5-e52c-498b-a70a-f7b5c2b845a9@group-5FD8722A3841->5903dc6b-2e4c-43f3-9c86-89f09a7774cd-GrpcLogAppender: appendEntries Timeout, request=4a6209c5-e52c-498b-a70a-f7b5c2b845a9->5903dc6b-2e4c-43f3-9c86-89f09a7774cd#157-t1, previous=(t:1, i:34), leaderCommit=30, initializing? false, entries: <empty>
2019-09-12 04:45:07,437 [java.util.concurrent.ThreadPoolExecutor$Worker@6ec811dd[State = -1, empty queue]] WARN  server.GrpcLogAppender (GrpcLogAppender.java:timeoutAppendRequest(200)) - 4a6209c5-e52c-498b-a70a-f7b5c2b845a9@group-5FD8722A3841->cf6464f0-cbf8-4363-9806-263215a09c56-GrpcLogAppender: appendEntries Timeout, request=4a6209c5-e52c-498b-a70a-f7b5c2b845a9->cf6464f0-cbf8-4363-9806-263215a09c56#157-t1, previous=(t:1, i:34), leaderCommit=30, initializing? false, entries: <empty>
2019-09-12 04:45:07,614 [eec7f56f-87bd-4e59-a43c-c5b862436b1c@group-F3FC0297FA2D-SegmentedRaftLogWorker] WARN  segmented.SegmentedRaftLogWorker (SegmentedRaftLogWorker.java:getFromFuture(90)) - Timeout 3/~
org.apache.ratis.protocol.TimeoutIOException: Timeout 10s: WriteLog:17: (t:2, i:17), STATEMACHINELOGENTRY, client-7D300BD32A51, cid=53-writeStateMachineData
	at org.apache.ratis.util.IOUtils.getFromFuture(IOUtils.java:87)
	at org.apache.ratis.server.raftlog.segmented.SegmentedRaftLogWorker$StateMachineDataPolicy.getFromFuture(SegmentedRaftLogWorker.java:87)
	at org.apache.ratis.server.raftlog.segmented.SegmentedRaftLogWorker$WriteLog.execute(SegmentedRaftLogWorker.java:477)
	at org.apache.ratis.server.raftlog.segmented.SegmentedRaftLogWorker.run(SegmentedRaftLogWorker.java:289)
	at java.lang.Thread.run(Thread.java:748)
Caused by: java.util.concurrent.TimeoutException
	at java.util.concurrent.CompletableFuture.timedGet(CompletableFuture.java:1771)
	at java.util.concurrent.CompletableFuture.get(CompletableFuture.java:1915)
	at org.apache.ratis.util.IOUtils.getFromFuture(IOUtils.java:79)
	... 4 more
2019-09-12 04:45:07,619 [6a9b9dd7-7806-4506-bdaf-7a94c8190a08@group-F3FC0297FA2D-SegmentedRaftLogWorker] WARN  segmented.SegmentedRaftLogWorker (SegmentedRaftLogWorker.java:getFromFuture(90)) - Timeout 3/~
org.apache.ratis.protocol.TimeoutIOException: Timeout 10s: WriteLog:17: (t:2, i:17), STATEMACHINELOGENTRY, client-7D300BD32A51, cid=53-writeStateMachineData
	at org.apache.ratis.util.IOUtils.getFromFuture(IOUtils.java:87)
	at org.apache.ratis.server.raftlog.segmented.SegmentedRaftLogWorker$StateMachineDataPolicy.getFromFuture(SegmentedRaftLogWorker.java:87)
	at org.apache.ratis.server.raftlog.segmented.SegmentedRaftLogWorker$WriteLog.execute(SegmentedRaftLogWorker.java:477)
	at org.apache.ratis.server.raftlog.segmented.SegmentedRaftLogWorker.run(SegmentedRaftLogWorker.java:289)
	at java.lang.Thread.run(Thread.java:748)
Caused by: java.util.concurrent.TimeoutException
	at java.util.concurrent.CompletableFuture.timedGet(CompletableFuture.java:1771)
	at java.util.concurrent.CompletableFuture.get(CompletableFuture.java:1915)
	at org.apache.ratis.util.IOUtils.getFromFuture(IOUtils.java:79)
	... 4 more
2019-09-12 04:45:07,641 [2534340d-8749-41cd-9451-53923b204706@group-F3FC0297FA2D-SegmentedRaftLogWorker] WARN  segmented.SegmentedRaftLogWorker (SegmentedRaftLogWorker.java:getFromFuture(90)) - Timeout 3/~
org.apache.ratis.protocol.TimeoutIOException: Timeout 10s: WriteLog:17: (t:2, i:17), STATEMACHINELOGENTRY, client-7D300BD32A51, cid=53-writeStateMachineData
	at org.apache.ratis.util.IOUtils.getFromFuture(IOUtils.java:87)
	at org.apache.ratis.server.raftlog.segmented.SegmentedRaftLogWorker$StateMachineDataPolicy.getFromFuture(SegmentedRaftLogWorker.java:87)
	at org.apache.ratis.server.raftlog.segmented.SegmentedRaftLogWorker$WriteLog.execute(SegmentedRaftLogWorker.java:477)
	at org.apache.ratis.server.raftlog.segmented.SegmentedRaftLogWorker.run(SegmentedRaftLogWorker.java:289)
	at java.lang.Thread.run(Thread.java:748)
Caused by: java.util.concurrent.TimeoutException
	at java.util.concurrent.CompletableFuture.timedGet(CompletableFuture.java:1771)
	at java.util.concurrent.CompletableFuture.get(CompletableFuture.java:1915)
	at org.apache.ratis.util.IOUtils.getFromFuture(IOUtils.java:79)
	... 4 more
2019-09-12 04:45:07,688 [java.util.concurrent.ThreadPoolExecutor$Worker@1c8130ff[State = -1, empty queue]] WARN  server.GrpcLogAppender (GrpcLogAppender.java:timeoutAppendRequest(200)) - eec7f56f-87bd-4e59-a43c-c5b862436b1c@group-F3FC0297FA2D->6a9b9dd7-7806-4506-bdaf-7a94c8190a08-GrpcLogAppender: appendEntries Timeout, request=eec7f56f-87bd-4e59-a43c-c5b862436b1c->6a9b9dd7-7806-4506-bdaf-7a94c8190a08#143-t2, previous=(t:2, i:20), leaderCommit=16, initializing? false, entries: <empty>
2019-09-12 04:45:07,688 [java.util.concurrent.ThreadPoolExecutor$Worker@faa1c29[State = -1, empty queue]] WARN  server.GrpcLogAppender (GrpcLogAppender.java:timeoutAppendRequest(200)) - eec7f56f-87bd-4e59-a43c-c5b862436b1c@group-F3FC0297FA2D->2534340d-8749-41cd-9451-53923b204706-GrpcLogAppender: appendEntries Timeout, request=eec7f56f-87bd-4e59-a43c-c5b862436b1c->2534340d-8749-41cd-9451-53923b204706#143-t2, previous=(t:2, i:20), leaderCommit=16, initializing? false, entries: <empty>
2019-09-12 04:45:07,865 [grpc-default-executor-6] WARN  server.GrpcLogAppender (LogUtils.java:warn(134)) - dc062215-230a-40c1-88c1-e0a4fdad3ac4@group-4108054CE771->f262dcb5-fcde-4b4d-8116-9712eaf07b60-AppendLogResponseHandler: Failed appendEntries: org.apache.ratis.thirdparty.io.grpc.StatusRuntimeException: UNAVAILABLE: io exception
2019-09-12 04:45:07,865 [grpc-default-executor-6] INFO  impl.FollowerInfo (FollowerInfo.java:lambda$new$0(51)) - dc062215-230a-40c1-88c1-e0a4fdad3ac4@group-4108054CE771->f262dcb5-fcde-4b4d-8116-9712eaf07b60: nextIndex: updateUnconditionally 0 -> 0
2019-09-12 04:45:07,888 [grpc-default-executor-3] WARN  server.GrpcLogAppender (LogUtils.java:warn(134)) - dc062215-230a-40c1-88c1-e0a4fdad3ac4@group-4108054CE771->11629c23-30ab-483c-81ff-e86f5fb16847-AppendLogResponseHandler: Failed appendEntries: org.apache.ratis.thirdparty.io.grpc.StatusRuntimeException: UNAVAILABLE: io exception
2019-09-12 04:45:07,888 [grpc-default-executor-3] INFO  impl.FollowerInfo (FollowerInfo.java:lambda$new$0(51)) - dc062215-230a-40c1-88c1-e0a4fdad3ac4@group-4108054CE771->11629c23-30ab-483c-81ff-e86f5fb16847: nextIndex: updateUnconditionally 0 -> 0
2019-09-12 04:45:07,937 [java.util.concurrent.ThreadPoolExecutor$Worker@6ec811dd[State = -1, empty queue]] WARN  server.GrpcLogAppender (GrpcLogAppender.java:timeoutAppendRequest(200)) - 4a6209c5-e52c-498b-a70a-f7b5c2b845a9@group-5FD8722A3841->cf6464f0-cbf8-4363-9806-263215a09c56-GrpcLogAppender: appendEntries Timeout, request=4a6209c5-e52c-498b-a70a-f7b5c2b845a9->cf6464f0-cbf8-4363-9806-263215a09c56#158-t1, previous=(t:1, i:34), leaderCommit=30, initializing? false, entries: <empty>
2019-09-12 04:45:07,937 [java.util.concurrent.ThreadPoolExecutor$Worker@651f3e5c[State = -1, empty queue]] WARN  server.GrpcLogAppender (GrpcLogAppender.java:timeoutAppendRequest(200)) - 4a6209c5-e52c-498b-a70a-f7b5c2b845a9@group-5FD8722A3841->5903dc6b-2e4c-43f3-9c86-89f09a7774cd-GrpcLogAppender: appendEntries Timeout, request=4a6209c5-e52c-498b-a70a-f7b5c2b845a9->5903dc6b-2e4c-43f3-9c86-89f09a7774cd#158-t1, previous=(t:1, i:34), leaderCommit=30, initializing? false, entries: <empty>
2019-09-12 04:45:08,188 [java.util.concurrent.ThreadPoolExecutor$Worker@faa1c29[State = -1, empty queue]] WARN  server.GrpcLogAppender (GrpcLogAppender.java:timeoutAppendRequest(200)) - eec7f56f-87bd-4e59-a43c-c5b862436b1c@group-F3FC0297FA2D->2534340d-8749-41cd-9451-53923b204706-GrpcLogAppender: appendEntries Timeout, request=eec7f56f-87bd-4e59-a43c-c5b862436b1c->2534340d-8749-41cd-9451-53923b204706#144-t2, previous=(t:2, i:20), leaderCommit=16, initializing? false, entries: <empty>
2019-09-12 04:45:08,188 [java.util.concurrent.ThreadPoolExecutor$Worker@1c8130ff[State = -1, empty queue]] WARN  server.GrpcLogAppender (GrpcLogAppender.java:timeoutAppendRequest(200)) - eec7f56f-87bd-4e59-a43c-c5b862436b1c@group-F3FC0297FA2D->6a9b9dd7-7806-4506-bdaf-7a94c8190a08-GrpcLogAppender: appendEntries Timeout, request=eec7f56f-87bd-4e59-a43c-c5b862436b1c->6a9b9dd7-7806-4506-bdaf-7a94c8190a08#144-t2, previous=(t:2, i:20), leaderCommit=16, initializing? false, entries: <empty>
2019-09-12 04:45:08,366 [grpc-default-executor-6] WARN  server.GrpcLogAppender (LogUtils.java:warn(134)) - dc062215-230a-40c1-88c1-e0a4fdad3ac4@group-4108054CE771->f262dcb5-fcde-4b4d-8116-9712eaf07b60-AppendLogResponseHandler: Failed appendEntries: org.apache.ratis.thirdparty.io.grpc.StatusRuntimeException: UNAVAILABLE: io exception
2019-09-12 04:45:08,366 [grpc-default-executor-6] INFO  impl.FollowerInfo (FollowerInfo.java:lambda$new$0(51)) - dc062215-230a-40c1-88c1-e0a4fdad3ac4@group-4108054CE771->f262dcb5-fcde-4b4d-8116-9712eaf07b60: nextIndex: updateUnconditionally 0 -> 0
2019-09-12 04:45:08,388 [grpc-default-executor-4] WARN  server.GrpcLogAppender (LogUtils.java:warn(134)) - dc062215-230a-40c1-88c1-e0a4fdad3ac4@group-4108054CE771->11629c23-30ab-483c-81ff-e86f5fb16847-AppendLogResponseHandler: Failed appendEntries: org.apache.ratis.thirdparty.io.grpc.StatusRuntimeException: UNAVAILABLE: io exception
2019-09-12 04:45:08,389 [grpc-default-executor-4] INFO  impl.FollowerInfo (FollowerInfo.java:lambda$new$0(51)) - dc062215-230a-40c1-88c1-e0a4fdad3ac4@group-4108054CE771->11629c23-30ab-483c-81ff-e86f5fb16847: nextIndex: updateUnconditionally 0 -> 0
2019-09-12 04:45:08,438 [java.util.concurrent.ThreadPoolExecutor$Worker@6ec811dd[State = -1, empty queue]] WARN  server.GrpcLogAppender (GrpcLogAppender.java:timeoutAppendRequest(200)) - 4a6209c5-e52c-498b-a70a-f7b5c2b845a9@group-5FD8722A3841->cf6464f0-cbf8-4363-9806-263215a09c56-GrpcLogAppender: appendEntries Timeout, request=4a6209c5-e52c-498b-a70a-f7b5c2b845a9->cf6464f0-cbf8-4363-9806-263215a09c56#159-t1, previous=(t:1, i:34), leaderCommit=30, initializing? false, entries: <empty>
2019-09-12 04:45:08,438 [java.util.concurrent.ThreadPoolExecutor$Worker@651f3e5c[State = -1, empty queue]] WARN  server.GrpcLogAppender (GrpcLogAppender.java:timeoutAppendRequest(200)) - 4a6209c5-e52c-498b-a70a-f7b5c2b845a9@group-5FD8722A3841->5903dc6b-2e4c-43f3-9c86-89f09a7774cd-GrpcLogAppender: appendEntries Timeout, request=4a6209c5-e52c-498b-a70a-f7b5c2b845a9->5903dc6b-2e4c-43f3-9c86-89f09a7774cd#159-t1, previous=(t:1, i:34), leaderCommit=30, initializing? false, entries: <empty>
2019-09-12 04:45:08,689 [java.util.concurrent.ThreadPoolExecutor$Worker@faa1c29[State = -1, empty queue]] WARN  server.GrpcLogAppender (GrpcLogAppender.java:timeoutAppendRequest(200)) - eec7f56f-87bd-4e59-a43c-c5b862436b1c@group-F3FC0297FA2D->2534340d-8749-41cd-9451-53923b204706-GrpcLogAppender: appendEntries Timeout, request=eec7f56f-87bd-4e59-a43c-c5b862436b1c->2534340d-8749-41cd-9451-53923b204706#145-t2, previous=(t:2, i:20), leaderCommit=16, initializing? false, entries: <empty>
2019-09-12 04:45:08,689 [java.util.concurrent.ThreadPoolExecutor$Worker@1c8130ff[State = -1, empty queue]] WARN  server.GrpcLogAppender (GrpcLogAppender.java:timeoutAppendRequest(200)) - eec7f56f-87bd-4e59-a43c-c5b862436b1c@group-F3FC0297FA2D->6a9b9dd7-7806-4506-bdaf-7a94c8190a08-GrpcLogAppender: appendEntries Timeout, request=eec7f56f-87bd-4e59-a43c-c5b862436b1c->6a9b9dd7-7806-4506-bdaf-7a94c8190a08#145-t2, previous=(t:2, i:20), leaderCommit=16, initializing? false, entries: <empty>
2019-09-12 04:45:08,867 [grpc-default-executor-3] WARN  server.GrpcLogAppender (LogUtils.java:warn(134)) - dc062215-230a-40c1-88c1-e0a4fdad3ac4@group-4108054CE771->f262dcb5-fcde-4b4d-8116-9712eaf07b60-AppendLogResponseHandler: Failed appendEntries: org.apache.ratis.thirdparty.io.grpc.StatusRuntimeException: UNAVAILABLE: io exception
2019-09-12 04:45:08,867 [grpc-default-executor-3] INFO  impl.FollowerInfo (FollowerInfo.java:lambda$new$0(51)) - dc062215-230a-40c1-88c1-e0a4fdad3ac4@group-4108054CE771->f262dcb5-fcde-4b4d-8116-9712eaf07b60: nextIndex: updateUnconditionally 0 -> 0
2019-09-12 04:45:08,890 [grpc-default-executor-6] WARN  server.GrpcLogAppender (LogUtils.java:warn(134)) - dc062215-230a-40c1-88c1-e0a4fdad3ac4@group-4108054CE771->11629c23-30ab-483c-81ff-e86f5fb16847-AppendLogResponseHandler: Failed appendEntries: org.apache.ratis.thirdparty.io.grpc.StatusRuntimeException: UNAVAILABLE: io exception
2019-09-12 04:45:08,890 [grpc-default-executor-6] INFO  impl.FollowerInfo (FollowerInfo.java:lambda$new$0(51)) - dc062215-230a-40c1-88c1-e0a4fdad3ac4@group-4108054CE771->11629c23-30ab-483c-81ff-e86f5fb16847: nextIndex: updateUnconditionally 0 -> 0
2019-09-12 04:45:08,938 [java.util.concurrent.ThreadPoolExecutor$Worker@651f3e5c[State = -1, empty queue]] WARN  server.GrpcLogAppender (GrpcLogAppender.java:timeoutAppendRequest(200)) - 4a6209c5-e52c-498b-a70a-f7b5c2b845a9@group-5FD8722A3841->5903dc6b-2e4c-43f3-9c86-89f09a7774cd-GrpcLogAppender: appendEntries Timeout, request=4a6209c5-e52c-498b-a70a-f7b5c2b845a9->5903dc6b-2e4c-43f3-9c86-89f09a7774cd#160-t1, previous=(t:1, i:34), leaderCommit=30, initializing? false, entries: <empty>
2019-09-12 04:45:08,938 [java.util.concurrent.ThreadPoolExecutor$Worker@6ec811dd[State = -1, empty queue]] WARN  server.GrpcLogAppender (GrpcLogAppender.java:timeoutAppendRequest(200)) - 4a6209c5-e52c-498b-a70a-f7b5c2b845a9@group-5FD8722A3841->cf6464f0-cbf8-4363-9806-263215a09c56-GrpcLogAppender: appendEntries Timeout, request=4a6209c5-e52c-498b-a70a-f7b5c2b845a9->cf6464f0-cbf8-4363-9806-263215a09c56#160-t1, previous=(t:1, i:34), leaderCommit=30, initializing? false, entries: <empty>
2019-09-12 04:45:09,189 [java.util.concurrent.ThreadPoolExecutor$Worker@faa1c29[State = -1, empty queue]] WARN  server.GrpcLogAppender (GrpcLogAppender.java:timeoutAppendRequest(200)) - eec7f56f-87bd-4e59-a43c-c5b862436b1c@group-F3FC0297FA2D->2534340d-8749-41cd-9451-53923b204706-GrpcLogAppender: appendEntries Timeout, request=eec7f56f-87bd-4e59-a43c-c5b862436b1c->2534340d-8749-41cd-9451-53923b204706#146-t2, previous=(t:2, i:20), leaderCommit=16, initializing? false, entries: <empty>
2019-09-12 04:45:09,189 [java.util.concurrent.ThreadPoolExecutor$Worker@1c8130ff[State = -1, empty queue]] WARN  server.GrpcLogAppender (GrpcLogAppender.java:timeoutAppendRequest(200)) - eec7f56f-87bd-4e59-a43c-c5b862436b1c@group-F3FC0297FA2D->6a9b9dd7-7806-4506-bdaf-7a94c8190a08-GrpcLogAppender: appendEntries Timeout, request=eec7f56f-87bd-4e59-a43c-c5b862436b1c->6a9b9dd7-7806-4506-bdaf-7a94c8190a08#146-t2, previous=(t:2, i:20), leaderCommit=16, initializing? false, entries: <empty>
2019-09-12 04:45:09,367 [grpc-default-executor-4] WARN  server.GrpcLogAppender (LogUtils.java:warn(134)) - dc062215-230a-40c1-88c1-e0a4fdad3ac4@group-4108054CE771->f262dcb5-fcde-4b4d-8116-9712eaf07b60-AppendLogResponseHandler: Failed appendEntries: org.apache.ratis.thirdparty.io.grpc.StatusRuntimeException: UNAVAILABLE: io exception
2019-09-12 04:45:09,367 [grpc-default-executor-4] INFO  impl.FollowerInfo (FollowerInfo.java:lambda$new$0(51)) - dc062215-230a-40c1-88c1-e0a4fdad3ac4@group-4108054CE771->f262dcb5-fcde-4b4d-8116-9712eaf07b60: nextIndex: updateUnconditionally 0 -> 0
2019-09-12 04:45:09,390 [grpc-default-executor-6] WARN  server.GrpcLogAppender (LogUtils.java:warn(134)) - dc062215-230a-40c1-88c1-e0a4fdad3ac4@group-4108054CE771->11629c23-30ab-483c-81ff-e86f5fb16847-AppendLogResponseHandler: Failed appendEntries: org.apache.ratis.thirdparty.io.grpc.StatusRuntimeException: UNAVAILABLE: io exception
2019-09-12 04:45:09,391 [grpc-default-executor-6] INFO  impl.FollowerInfo (FollowerInfo.java:lambda$new$0(51)) - dc062215-230a-40c1-88c1-e0a4fdad3ac4@group-4108054CE771->11629c23-30ab-483c-81ff-e86f5fb16847: nextIndex: updateUnconditionally 0 -> 0
2019-09-12 04:45:09,438 [java.util.concurrent.ThreadPoolExecutor$Worker@6ec811dd[State = -1, empty queue]] WARN  server.GrpcLogAppender (GrpcLogAppender.java:timeoutAppendRequest(200)) - 4a6209c5-e52c-498b-a70a-f7b5c2b845a9@group-5FD8722A3841->cf6464f0-cbf8-4363-9806-263215a09c56-GrpcLogAppender: appendEntries Timeout, request=4a6209c5-e52c-498b-a70a-f7b5c2b845a9->cf6464f0-cbf8-4363-9806-263215a09c56#161-t1, previous=(t:1, i:34), leaderCommit=30, initializing? false, entries: <empty>
2019-09-12 04:45:09,438 [java.util.concurrent.ThreadPoolExecutor$Worker@651f3e5c[State = -1, empty queue]] WARN  server.GrpcLogAppender (GrpcLogAppender.java:timeoutAppendRequest(200)) - 4a6209c5-e52c-498b-a70a-f7b5c2b845a9@group-5FD8722A3841->5903dc6b-2e4c-43f3-9c86-89f09a7774cd-GrpcLogAppender: appendEntries Timeout, request=4a6209c5-e52c-498b-a70a-f7b5c2b845a9->5903dc6b-2e4c-43f3-9c86-89f09a7774cd#161-t1, previous=(t:1, i:34), leaderCommit=30, initializing? false, entries: <empty>
2019-09-12 04:45:09,564 [main] WARN  io.KeyOutputStream (KeyOutputStream.java:handleException(276)) - Encountered exception java.io.IOException: Unexpected Storage Container Exception: java.util.concurrent.CompletionException: java.util.concurrent.CompletionException: org.apache.ratis.protocol.RaftRetryFailureException: Failed RaftClientRequest:client-40C9AD207E5E->4a6209c5-e52c-498b-a70a-f7b5c2b845a9@group-5FD8722A3841, cid=66, seq=9*, RW, org.apache.hadoop.hdds.scm.XceiverClientRatis$$Lambda$476/787298292@38445406 for 10 attempts with RetryLimited(maxAttempts=10, sleepTime=1000ms) on the pipeline Pipeline[ Id: 5d771cb8-bc9c-4de1-9b29-5fd8722a3841, Nodes: 5903dc6b-2e4c-43f3-9c86-89f09a7774cd{ip: 192.168.34.8, host: pr-hdds-1879-pbs75-1821932185, networkLocation: /default-rack, certSerialId: null}cf6464f0-cbf8-4363-9806-263215a09c56{ip: 192.168.34.8, host: pr-hdds-1879-pbs75-1821932185, networkLocation: /default-rack, certSerialId: null}4a6209c5-e52c-498b-a70a-f7b5c2b845a9{ip: 192.168.34.8, host: pr-hdds-1879-pbs75-1821932185, networkLocation: /default-rack, certSerialId: null}, Type:RATIS, Factor:THREE, State:OPEN]. The last committed block length is 0, uncommitted data length is 2097152 retry count 0
2019-09-12 04:45:09,596 [IPC Server handler 10 on 46052] WARN  block.BlockManagerImpl (BlockManagerImpl.java:allocateBlock(192)) - Pipeline creation failed for type:RATIS factor:THREE. Retrying get pipelines call once.
org.apache.hadoop.hdds.scm.pipeline.InsufficientDatanodesException: Cannot create pipeline of factor 3 using 1 nodes.
	at org.apache.hadoop.hdds.scm.pipeline.RatisPipelineProvider.create(RatisPipelineProvider.java:152)
	at org.apache.hadoop.hdds.scm.pipeline.PipelineFactory.create(PipelineFactory.java:57)
	at org.apache.hadoop.hdds.scm.pipeline.SCMPipelineManager.createPipeline(SCMPipelineManager.java:151)
	at org.apache.hadoop.hdds.scm.block.BlockManagerImpl.allocateBlock(BlockManagerImpl.java:190)
	at org.apache.hadoop.hdds.scm.server.SCMBlockProtocolServer.allocateBlock(SCMBlockProtocolServer.java:182)
	at org.apache.hadoop.ozone.protocolPB.ScmBlockLocationProtocolServerSideTranslatorPB.allocateScmBlock(ScmBlockLocationProtocolServerSideTranslatorPB.java:183)
	at org.apache.hadoop.ozone.protocolPB.ScmBlockLocationProtocolServerSideTranslatorPB.processMessage(ScmBlockLocationProtocolServerSideTranslatorPB.java:141)
	at org.apache.hadoop.ozone.protocolPB.ScmBlockLocationProtocolServerSideTranslatorPB.send(ScmBlockLocationProtocolServerSideTranslatorPB.java:116)
	at org.apache.hadoop.hdds.protocol.proto.ScmBlockLocationProtocolProtos$ScmBlockLocationProtocolService$2.callBlockingMethod(ScmBlockLocationProtocolProtos.java:13157)
	at org.apache.hadoop.ipc.ProtobufRpcEngine$Server$ProtoBufRpcInvoker.call(ProtobufRpcEngine.java:524)
	at org.apache.hadoop.ipc.RPC$Server.call(RPC.java:1025)
	at org.apache.hadoop.ipc.Server$RpcCall.run(Server.java:876)
	at org.apache.hadoop.ipc.Server$RpcCall.run(Server.java:822)
	at java.security.AccessController.doPrivileged(Native Method)
	at javax.security.auth.Subject.doAs(Subject.java:422)
	at org.apache.hadoop.security.UserGroupInformation.doAs(UserGroupInformation.java:1730)
	at org.apache.hadoop.ipc.Server$Handler.run(Server.java:2682)
2019-09-12 04:45:09,598 [IPC Server handler 10 on 46052] INFO  block.BlockManagerImpl (BlockManagerImpl.java:allocateBlock(198)) - Could not find available pipeline of type:RATIS and factor:THREE even after retrying
2019-09-12 04:45:09,598 [IPC Server handler 10 on 46052] ERROR block.BlockManagerImpl (BlockManagerImpl.java:allocateBlock(222)) - Unable to allocate a block for the size: 4194304, type: RATIS, factor: THREE
2019-09-12 04:45:09,604 [main] ERROR io.BlockOutputStreamEntryPool (BlockOutputStreamEntryPool.java:allocateBlockIfNeeded(299)) - Try to allocate more blocks for write failed, already allocated 0 blocks for this write.
INTERNAL_ERROR org.apache.hadoop.ozone.om.exceptions.OMException: Allocated 0 blocks. Requested 1 blocks
	at org.apache.hadoop.ozone.om.protocolPB.OzoneManagerProtocolClientSideTranslatorPB.handleError(OzoneManagerProtocolClientSideTranslatorPB.java:725)
	at org.apache.hadoop.ozone.om.protocolPB.OzoneManagerProtocolClientSideTranslatorPB.allocateBlock(OzoneManagerProtocolClientSideTranslatorPB.java:757)
	at org.apache.hadoop.ozone.client.io.BlockOutputStreamEntryPool.allocateNewBlock(BlockOutputStreamEntryPool.java:248)
	at org.apache.hadoop.ozone.client.io.BlockOutputStreamEntryPool.allocateBlockIfNeeded(BlockOutputStreamEntryPool.java:296)
	at org.apache.hadoop.ozone.client.io.KeyOutputStream.handleWrite(KeyOutputStream.java:201)
	at org.apache.hadoop.ozone.client.io.KeyOutputStream.handleRetry(KeyOutputStream.java:376)
	at org.apache.hadoop.ozone.client.io.KeyOutputStream.handleException(KeyOutputStream.java:325)
	at org.apache.hadoop.ozone.client.io.KeyOutputStream.handleWrite(KeyOutputStream.java:231)
	at org.apache.hadoop.ozone.client.io.KeyOutputStream.write(KeyOutputStream.java:193)
	at org.apache.hadoop.ozone.client.io.OzoneOutputStream.write(OzoneOutputStream.java:49)
	at java.io.OutputStream.write(OutputStream.java:75)
	at org.apache.hadoop.ozone.client.rpc.TestMultiBlockWritesWithDnFailures.testMultiBlockWritesWithIntermittentDnFailures(TestMultiBlockWritesWithDnFailures.java:196)
	at sun.reflect.NativeMethodAccessorImpl.invoke0(Native Method)
	at sun.reflect.NativeMethodAccessorImpl.invoke(NativeMethodAccessorImpl.java:62)
	at sun.reflect.DelegatingMethodAccessorImpl.invoke(DelegatingMethodAccessorImpl.java:43)
	at java.lang.reflect.Method.invoke(Method.java:498)
	at org.junit.runners.model.FrameworkMethod$1.runReflectiveCall(FrameworkMethod.java:47)
	at org.junit.internal.runners.model.ReflectiveCallable.run(ReflectiveCallable.java:12)
	at org.junit.runners.model.FrameworkMethod.invokeExplosively(FrameworkMethod.java:44)
	at org.junit.internal.runners.statements.InvokeMethod.evaluate(InvokeMethod.java:17)
	at org.junit.internal.runners.statements.RunAfters.evaluate(RunAfters.java:27)
	at org.junit.runners.ParentRunner.runLeaf(ParentRunner.java:271)
	at org.junit.runners.BlockJUnit4ClassRunner.runChild(BlockJUnit4ClassRunner.java:70)
	at org.junit.runners.BlockJUnit4ClassRunner.runChild(BlockJUnit4ClassRunner.java:50)
	at org.junit.runners.ParentRunner$3.run(ParentRunner.java:238)
	at org.junit.runners.ParentRunner$1.schedule(ParentRunner.java:63)
	at org.junit.runners.ParentRunner.runChildren(ParentRunner.java:236)
	at org.junit.runners.ParentRunner.access$000(ParentRunner.java:53)
	at org.junit.runners.ParentRunner$2.evaluate(ParentRunner.java:229)
	at org.junit.runners.ParentRunner.run(ParentRunner.java:309)
	at org.apache.maven.surefire.junit4.JUnit4Provider.execute(JUnit4Provider.java:365)
	at org.apache.maven.surefire.junit4.JUnit4Provider.executeWithRerun(JUnit4Provider.java:273)
	at org.apache.maven.surefire.junit4.JUnit4Provider.executeTestSet(JUnit4Provider.java:238)
	at org.apache.maven.surefire.junit4.JUnit4Provider.invoke(JUnit4Provider.java:159)
	at org.apache.maven.surefire.booter.ForkedBooter.invokeProviderInSameClassLoader(ForkedBooter.java:384)
	at org.apache.maven.surefire.booter.ForkedBooter.runSuitesInProcess(ForkedBooter.java:345)
	at org.apache.maven.surefire.booter.ForkedBooter.execute(ForkedBooter.java:126)
	at org.apache.maven.surefire.booter.ForkedBooter.main(ForkedBooter.java:418)
2019-09-12 04:45:09,610 [main] INFO  ozone.MiniOzoneClusterImpl (MiniOzoneClusterImpl.java:shutdown(307)) - Shutting down the Mini Ozone Cluster
2019-09-12 04:45:09,611 [main] INFO  ozone.MiniOzoneClusterImpl (MiniOzoneClusterImpl.java:stop(322)) - Stopping the Mini Ozone Cluster
2019-09-12 04:45:09,611 [main] INFO  ozone.MiniOzoneClusterImpl (MiniOzoneClusterImpl.java:stop(324)) - Stopping the OzoneManager
2019-09-12 04:45:09,611 [main] INFO  ipc.Server (Server.java:stop(3082)) - Stopping server on 42821
2019-09-12 04:45:09,627 [IPC Server listener on 42821] INFO  ipc.Server (Server.java:run(1185)) - Stopping IPC Server listener on 42821
2019-09-12 04:45:09,629 [main] INFO  ratis.OzoneManagerDoubleBuffer (OzoneManagerDoubleBuffer.java:stop(248)) - Stopping OMDoubleBuffer flush thread
2019-09-12 04:45:09,634 [IPC Server Responder] INFO  ipc.Server (Server.java:run(1319)) - Stopping IPC Server Responder
2019-09-12 04:45:09,642 [OMDoubleBufferFlushThread] INFO  ratis.OzoneManagerDoubleBuffer (OzoneManagerDoubleBuffer.java:flushTransactions(191)) - OMDoubleBuffer flush thread OMDoubleBufferFlushThread is interrupted and will exit. OMDoubleBufferFlushThread
2019-09-12 04:45:09,653 [main] INFO  utils.BackgroundService (BackgroundService.java:shutdown(148)) - Shutting down service KeyDeletingService
2019-09-12 04:45:09,669 [main] INFO  handler.ContextHandler (ContextHandler.java:doStop(910)) - Stopped o.e.j.w.WebAppContext@444548a0{/,null,UNAVAILABLE}{/ozoneManager}
2019-09-12 04:45:09,670 [main] INFO  server.AbstractConnector (AbstractConnector.java:doStop(318)) - Stopped ServerConnector@3766c667{HTTP/1.1,[http/1.1]}{0.0.0.0:0}
2019-09-12 04:45:09,671 [main] INFO  handler.ContextHandler (ContextHandler.java:doStop(910)) - Stopped o.e.j.s.ServletContextHandler@2571066a{/static,file:///workdir/hadoop-ozone/integration-test/target/test-classes/webapps/static,UNAVAILABLE}
2019-09-12 04:45:09,671 [main] INFO  handler.ContextHandler (ContextHandler.java:doStop(910)) - Stopped o.e.j.s.ServletContextHandler@25d3cfc8{/logs,file:///workdir/hadoop-ozone/integration-test/target/log,UNAVAILABLE}
2019-09-12 04:45:09,675 [main] INFO  ozone.MiniOzoneClusterImpl (MiniOzoneClusterImpl.java:stop(330)) - Shutting the HddsDatanodes
2019-09-12 04:45:09,692 [java.util.concurrent.ThreadPoolExecutor$Worker@1c8130ff[State = -1, empty queue]] WARN  server.GrpcLogAppender (GrpcLogAppender.java:timeoutAppendRequest(200)) - eec7f56f-87bd-4e59-a43c-c5b862436b1c@group-F3FC0297FA2D->6a9b9dd7-7806-4506-bdaf-7a94c8190a08-GrpcLogAppender: appendEntries Timeout, request=eec7f56f-87bd-4e59-a43c-c5b862436b1c->6a9b9dd7-7806-4506-bdaf-7a94c8190a08#147-t2, previous=(t:2, i:20), leaderCommit=16, initializing? false, entries: <empty>
2019-09-12 04:45:09,692 [java.util.concurrent.ThreadPoolExecutor$Worker@faa1c29[State = -1, empty queue]] WARN  server.GrpcLogAppender (GrpcLogAppender.java:timeoutAppendRequest(200)) - eec7f56f-87bd-4e59-a43c-c5b862436b1c@group-F3FC0297FA2D->2534340d-8749-41cd-9451-53923b204706-GrpcLogAppender: appendEntries Timeout, request=eec7f56f-87bd-4e59-a43c-c5b862436b1c->2534340d-8749-41cd-9451-53923b204706#147-t2, previous=(t:2, i:20), leaderCommit=16, initializing? false, entries: <empty>
2019-09-12 04:45:09,868 [grpc-default-executor-3] WARN  server.GrpcLogAppender (LogUtils.java:warn(134)) - dc062215-230a-40c1-88c1-e0a4fdad3ac4@group-4108054CE771->f262dcb5-fcde-4b4d-8116-9712eaf07b60-AppendLogResponseHandler: Failed appendEntries: org.apache.ratis.thirdparty.io.grpc.StatusRuntimeException: UNAVAILABLE: io exception
2019-09-12 04:45:09,869 [grpc-default-executor-3] INFO  impl.FollowerInfo (FollowerInfo.java:lambda$new$0(51)) - dc062215-230a-40c1-88c1-e0a4fdad3ac4@group-4108054CE771->f262dcb5-fcde-4b4d-8116-9712eaf07b60: nextIndex: updateUnconditionally 0 -> 0
2019-09-12 04:45:09,890 [grpc-default-executor-3] WARN  server.GrpcLogAppender (LogUtils.java:warn(134)) - dc062215-230a-40c1-88c1-e0a4fdad3ac4@group-4108054CE771->11629c23-30ab-483c-81ff-e86f5fb16847-AppendLogResponseHandler: Failed appendEntries: org.apache.ratis.thirdparty.io.grpc.StatusRuntimeException: UNAVAILABLE: io exception
2019-09-12 04:45:09,891 [grpc-default-executor-3] INFO  impl.FollowerInfo (FollowerInfo.java:lambda$new$0(51)) - dc062215-230a-40c1-88c1-e0a4fdad3ac4@group-4108054CE771->11629c23-30ab-483c-81ff-e86f5fb16847: nextIndex: updateUnconditionally 0 -> 0
2019-09-12 04:45:09,938 [java.util.concurrent.ThreadPoolExecutor$Worker@6ec811dd[State = -1, empty queue]] WARN  server.GrpcLogAppender (GrpcLogAppender.java:timeoutAppendRequest(200)) - 4a6209c5-e52c-498b-a70a-f7b5c2b845a9@group-5FD8722A3841->cf6464f0-cbf8-4363-9806-263215a09c56-GrpcLogAppender: appendEntries Timeout, request=4a6209c5-e52c-498b-a70a-f7b5c2b845a9->cf6464f0-cbf8-4363-9806-263215a09c56#162-t1, previous=(t:1, i:34), leaderCommit=30, initializing? false, entries: <empty>
2019-09-12 04:45:09,938 [java.util.concurrent.ThreadPoolExecutor$Worker@651f3e5c[State = -1, empty queue]] WARN  server.GrpcLogAppender (GrpcLogAppender.java:timeoutAppendRequest(200)) - 4a6209c5-e52c-498b-a70a-f7b5c2b845a9@group-5FD8722A3841->5903dc6b-2e4c-43f3-9c86-89f09a7774cd-GrpcLogAppender: appendEntries Timeout, request=4a6209c5-e52c-498b-a70a-f7b5c2b845a9->5903dc6b-2e4c-43f3-9c86-89f09a7774cd#162-t1, previous=(t:1, i:34), leaderCommit=30, initializing? false, entries: <empty>
2019-09-12 04:45:10,158 [Datanode State Machine Thread - 0] INFO  statemachine.DatanodeStateMachine (DatanodeStateMachine.java:lambda$startDaemon$0(350)) - Ozone container server started.
2019-09-12 04:45:10,192 [java.util.concurrent.ThreadPoolExecutor$Worker@1c8130ff[State = -1, empty queue]] WARN  server.GrpcLogAppender (GrpcLogAppender.java:timeoutAppendRequest(200)) - eec7f56f-87bd-4e59-a43c-c5b862436b1c@group-F3FC0297FA2D->6a9b9dd7-7806-4506-bdaf-7a94c8190a08-GrpcLogAppender: appendEntries Timeout, request=eec7f56f-87bd-4e59-a43c-c5b862436b1c->6a9b9dd7-7806-4506-bdaf-7a94c8190a08#148-t2, previous=(t:2, i:20), leaderCommit=16, initializing? false, entries: <empty>
2019-09-12 04:45:10,192 [java.util.concurrent.ThreadPoolExecutor$Worker@faa1c29[State = -1, empty queue]] WARN  server.GrpcLogAppender (GrpcLogAppender.java:timeoutAppendRequest(200)) - eec7f56f-87bd-4e59-a43c-c5b862436b1c@group-F3FC0297FA2D->2534340d-8749-41cd-9451-53923b204706-GrpcLogAppender: appendEntries Timeout, request=eec7f56f-87bd-4e59-a43c-c5b862436b1c->2534340d-8749-41cd-9451-53923b204706#148-t2, previous=(t:2, i:20), leaderCommit=16, initializing? false, entries: <empty>
2019-09-12 04:45:10,369 [grpc-default-executor-4] WARN  server.GrpcLogAppender (LogUtils.java:warn(134)) - dc062215-230a-40c1-88c1-e0a4fdad3ac4@group-4108054CE771->f262dcb5-fcde-4b4d-8116-9712eaf07b60-AppendLogResponseHandler: Failed appendEntries: org.apache.ratis.thirdparty.io.grpc.StatusRuntimeException: UNAVAILABLE: io exception
2019-09-12 04:45:10,369 [grpc-default-executor-4] INFO  impl.FollowerInfo (FollowerInfo.java:lambda$new$0(51)) - dc062215-230a-40c1-88c1-e0a4fdad3ac4@group-4108054CE771->f262dcb5-fcde-4b4d-8116-9712eaf07b60: nextIndex: updateUnconditionally 0 -> 0
2019-09-12 04:45:10,391 [grpc-default-executor-3] WARN  server.GrpcLogAppender (LogUtils.java:warn(134)) - dc062215-230a-40c1-88c1-e0a4fdad3ac4@group-4108054CE771->11629c23-30ab-483c-81ff-e86f5fb16847-AppendLogResponseHandler: Failed appendEntries: org.apache.ratis.thirdparty.io.grpc.StatusRuntimeException: UNAVAILABLE: io exception
2019-09-12 04:45:10,391 [grpc-default-executor-3] INFO  impl.FollowerInfo (FollowerInfo.java:lambda$new$0(51)) - dc062215-230a-40c1-88c1-e0a4fdad3ac4@group-4108054CE771->11629c23-30ab-483c-81ff-e86f5fb16847: nextIndex: updateUnconditionally 0 -> 0
2019-09-12 04:45:10,439 [java.util.concurrent.ThreadPoolExecutor$Worker@6ec811dd[State = -1, empty queue]] WARN  server.GrpcLogAppender (GrpcLogAppender.java:timeoutAppendRequest(200)) - 4a6209c5-e52c-498b-a70a-f7b5c2b845a9@group-5FD8722A3841->cf6464f0-cbf8-4363-9806-263215a09c56-GrpcLogAppender: appendEntries Timeout, request=4a6209c5-e52c-498b-a70a-f7b5c2b845a9->cf6464f0-cbf8-4363-9806-263215a09c56#163-t1, previous=(t:1, i:34), leaderCommit=30, initializing? false, entries: <empty>
2019-09-12 04:45:10,439 [java.util.concurrent.ThreadPoolExecutor$Worker@651f3e5c[State = -1, empty queue]] WARN  server.GrpcLogAppender (GrpcLogAppender.java:timeoutAppendRequest(200)) - 4a6209c5-e52c-498b-a70a-f7b5c2b845a9@group-5FD8722A3841->5903dc6b-2e4c-43f3-9c86-89f09a7774cd-GrpcLogAppender: appendEntries Timeout, request=4a6209c5-e52c-498b-a70a-f7b5c2b845a9->5903dc6b-2e4c-43f3-9c86-89f09a7774cd#163-t1, previous=(t:1, i:34), leaderCommit=30, initializing? false, entries: <empty>
2019-09-12 04:45:10,600 [Datanode State Machine Thread - 0] INFO  statemachine.DatanodeStateMachine (DatanodeStateMachine.java:lambda$startDaemon$0(350)) - Ozone container server started.
2019-09-12 04:45:10,692 [java.util.concurrent.ThreadPoolExecutor$Worker@faa1c29[State = -1, empty queue]] WARN  server.GrpcLogAppender (GrpcLogAppender.java:timeoutAppendRequest(200)) - eec7f56f-87bd-4e59-a43c-c5b862436b1c@group-F3FC0297FA2D->2534340d-8749-41cd-9451-53923b204706-GrpcLogAppender: appendEntries Timeout, request=eec7f56f-87bd-4e59-a43c-c5b862436b1c->2534340d-8749-41cd-9451-53923b204706#149-t2, previous=(t:2, i:20), leaderCommit=16, initializing? false, entries: <empty>
2019-09-12 04:45:10,692 [java.util.concurrent.ThreadPoolExecutor$Worker@1c8130ff[State = -1, empty queue]] WARN  server.GrpcLogAppender (GrpcLogAppender.java:timeoutAppendRequest(200)) - eec7f56f-87bd-4e59-a43c-c5b862436b1c@group-F3FC0297FA2D->6a9b9dd7-7806-4506-bdaf-7a94c8190a08-GrpcLogAppender: appendEntries Timeout, request=eec7f56f-87bd-4e59-a43c-c5b862436b1c->6a9b9dd7-7806-4506-bdaf-7a94c8190a08#149-t2, previous=(t:2, i:20), leaderCommit=16, initializing? false, entries: <empty>
2019-09-12 04:45:10,871 [grpc-default-executor-6] WARN  server.GrpcLogAppender (LogUtils.java:warn(134)) - dc062215-230a-40c1-88c1-e0a4fdad3ac4@group-4108054CE771->f262dcb5-fcde-4b4d-8116-9712eaf07b60-AppendLogResponseHandler: Failed appendEntries: org.apache.ratis.thirdparty.io.grpc.StatusRuntimeException: UNAVAILABLE: io exception
2019-09-12 04:45:10,872 [grpc-default-executor-6] INFO  impl.FollowerInfo (FollowerInfo.java:lambda$new$0(51)) - dc062215-230a-40c1-88c1-e0a4fdad3ac4@group-4108054CE771->f262dcb5-fcde-4b4d-8116-9712eaf07b60: nextIndex: updateUnconditionally 0 -> 0
2019-09-12 04:45:10,892 [grpc-default-executor-3] WARN  server.GrpcLogAppender (LogUtils.java:warn(134)) - dc062215-230a-40c1-88c1-e0a4fdad3ac4@group-4108054CE771->11629c23-30ab-483c-81ff-e86f5fb16847-AppendLogResponseHandler: Failed appendEntries: org.apache.ratis.thirdparty.io.grpc.StatusRuntimeException: UNAVAILABLE: io exception
2019-09-12 04:45:10,892 [grpc-default-executor-3] INFO  impl.FollowerInfo (FollowerInfo.java:lambda$new$0(51)) - dc062215-230a-40c1-88c1-e0a4fdad3ac4@group-4108054CE771->11629c23-30ab-483c-81ff-e86f5fb16847: nextIndex: updateUnconditionally 0 -> 0
2019-09-12 04:45:10,939 [java.util.concurrent.ThreadPoolExecutor$Worker@6ec811dd[State = -1, empty queue]] WARN  server.GrpcLogAppender (GrpcLogAppender.java:timeoutAppendRequest(200)) - 4a6209c5-e52c-498b-a70a-f7b5c2b845a9@group-5FD8722A3841->cf6464f0-cbf8-4363-9806-263215a09c56-GrpcLogAppender: appendEntries Timeout, request=4a6209c5-e52c-498b-a70a-f7b5c2b845a9->cf6464f0-cbf8-4363-9806-263215a09c56#164-t1, previous=(t:1, i:34), leaderCommit=30, initializing? false, entries: <empty>
2019-09-12 04:45:10,939 [java.util.concurrent.ThreadPoolExecutor$Worker@651f3e5c[State = -1, empty queue]] WARN  server.GrpcLogAppender (GrpcLogAppender.java:timeoutAppendRequest(200)) - 4a6209c5-e52c-498b-a70a-f7b5c2b845a9@group-5FD8722A3841->5903dc6b-2e4c-43f3-9c86-89f09a7774cd-GrpcLogAppender: appendEntries Timeout, request=4a6209c5-e52c-498b-a70a-f7b5c2b845a9->5903dc6b-2e4c-43f3-9c86-89f09a7774cd#164-t1, previous=(t:1, i:34), leaderCommit=30, initializing? false, entries: <empty>
2019-09-12 04:45:11,192 [java.util.concurrent.ThreadPoolExecutor$Worker@1c8130ff[State = -1, empty queue]] WARN  server.GrpcLogAppender (GrpcLogAppender.java:timeoutAppendRequest(200)) - eec7f56f-87bd-4e59-a43c-c5b862436b1c@group-F3FC0297FA2D->6a9b9dd7-7806-4506-bdaf-7a94c8190a08-GrpcLogAppender: appendEntries Timeout, request=eec7f56f-87bd-4e59-a43c-c5b862436b1c->6a9b9dd7-7806-4506-bdaf-7a94c8190a08#150-t2, previous=(t:2, i:20), leaderCommit=16, initializing? false, entries: <empty>
2019-09-12 04:45:11,192 [java.util.concurrent.ThreadPoolExecutor$Worker@faa1c29[State = -1, empty queue]] WARN  server.GrpcLogAppender (GrpcLogAppender.java:timeoutAppendRequest(200)) - eec7f56f-87bd-4e59-a43c-c5b862436b1c@group-F3FC0297FA2D->2534340d-8749-41cd-9451-53923b204706-GrpcLogAppender: appendEntries Timeout, request=eec7f56f-87bd-4e59-a43c-c5b862436b1c->2534340d-8749-41cd-9451-53923b204706#150-t2, previous=(t:2, i:20), leaderCommit=16, initializing? false, entries: <empty>
2019-09-12 04:45:11,372 [grpc-default-executor-4] WARN  server.GrpcLogAppender (LogUtils.java:warn(134)) - dc062215-230a-40c1-88c1-e0a4fdad3ac4@group-4108054CE771->f262dcb5-fcde-4b4d-8116-9712eaf07b60-AppendLogResponseHandler: Failed appendEntries: org.apache.ratis.thirdparty.io.grpc.StatusRuntimeException: UNAVAILABLE: io exception
2019-09-12 04:45:11,373 [grpc-default-executor-4] INFO  impl.FollowerInfo (FollowerInfo.java:lambda$new$0(51)) - dc062215-230a-40c1-88c1-e0a4fdad3ac4@group-4108054CE771->f262dcb5-fcde-4b4d-8116-9712eaf07b60: nextIndex: updateUnconditionally 0 -> 0
2019-09-12 04:45:11,392 [grpc-default-executor-6] WARN  server.GrpcLogAppender (LogUtils.java:warn(134)) - dc062215-230a-40c1-88c1-e0a4fdad3ac4@group-4108054CE771->11629c23-30ab-483c-81ff-e86f5fb16847-AppendLogResponseHandler: Failed appendEntries: org.apache.ratis.thirdparty.io.grpc.StatusRuntimeException: UNAVAILABLE: io exception
2019-09-12 04:45:11,393 [grpc-default-executor-6] INFO  impl.FollowerInfo (FollowerInfo.java:lambda$new$0(51)) - dc062215-230a-40c1-88c1-e0a4fdad3ac4@group-4108054CE771->11629c23-30ab-483c-81ff-e86f5fb16847: nextIndex: updateUnconditionally 0 -> 0
2019-09-12 04:45:11,421 [4a6209c5-e52c-498b-a70a-f7b5c2b845a9@group-5FD8722A3841-SegmentedRaftLogWorker] WARN  segmented.SegmentedRaftLogWorker (SegmentedRaftLogWorker.java:getFromFuture(90)) - Timeout 1/~
org.apache.ratis.protocol.TimeoutIOException: Timeout 10s: WriteLog:31: (t:1, i:31), STATEMACHINELOGENTRY, client-40C9AD207E5E, cid=66-writeStateMachineData
	at org.apache.ratis.util.IOUtils.getFromFuture(IOUtils.java:87)
	at org.apache.ratis.server.raftlog.segmented.SegmentedRaftLogWorker$StateMachineDataPolicy.getFromFuture(SegmentedRaftLogWorker.java:87)
	at org.apache.ratis.server.raftlog.segmented.SegmentedRaftLogWorker$WriteLog.execute(SegmentedRaftLogWorker.java:477)
	at org.apache.ratis.server.raftlog.segmented.SegmentedRaftLogWorker.run(SegmentedRaftLogWorker.java:289)
	at java.lang.Thread.run(Thread.java:748)
Caused by: java.util.concurrent.TimeoutException
	at java.util.concurrent.CompletableFuture.timedGet(CompletableFuture.java:1771)
	at java.util.concurrent.CompletableFuture.get(CompletableFuture.java:1915)
	at org.apache.ratis.util.IOUtils.getFromFuture(IOUtils.java:79)
	... 4 more
2019-09-12 04:45:11,426 [cf6464f0-cbf8-4363-9806-263215a09c56@group-5FD8722A3841-SegmentedRaftLogWorker] WARN  segmented.SegmentedRaftLogWorker (SegmentedRaftLogWorker.java:getFromFuture(90)) - Timeout 1/~
org.apache.ratis.protocol.TimeoutIOException: Timeout 10s: WriteLog:31: (t:1, i:31), STATEMACHINELOGENTRY, client-40C9AD207E5E, cid=66-writeStateMachineData
	at org.apache.ratis.util.IOUtils.getFromFuture(IOUtils.java:87)
	at org.apache.ratis.server.raftlog.segmented.SegmentedRaftLogWorker$StateMachineDataPolicy.getFromFuture(SegmentedRaftLogWorker.java:87)
	at org.apache.ratis.server.raftlog.segmented.SegmentedRaftLogWorker$WriteLog.execute(SegmentedRaftLogWorker.java:477)
	at org.apache.ratis.server.raftlog.segmented.SegmentedRaftLogWorker.run(SegmentedRaftLogWorker.java:289)
	at java.lang.Thread.run(Thread.java:748)
Caused by: java.util.concurrent.TimeoutException
	at java.util.concurrent.CompletableFuture.timedGet(CompletableFuture.java:1771)
	at java.util.concurrent.CompletableFuture.get(CompletableFuture.java:1915)
	at org.apache.ratis.util.IOUtils.getFromFuture(IOUtils.java:79)
	... 4 more
2019-09-12 04:45:11,426 [5903dc6b-2e4c-43f3-9c86-89f09a7774cd@group-5FD8722A3841-SegmentedRaftLogWorker] WARN  segmented.SegmentedRaftLogWorker (SegmentedRaftLogWorker.java:getFromFuture(90)) - Timeout 1/~
org.apache.ratis.protocol.TimeoutIOException: Timeout 10s: WriteLog:31: (t:1, i:31), STATEMACHINELOGENTRY, client-40C9AD207E5E, cid=66-writeStateMachineData
	at org.apache.ratis.util.IOUtils.getFromFuture(IOUtils.java:87)
	at org.apache.ratis.server.raftlog.segmented.SegmentedRaftLogWorker$StateMachineDataPolicy.getFromFuture(SegmentedRaftLogWorker.java:87)
	at org.apache.ratis.server.raftlog.segmented.SegmentedRaftLogWorker$WriteLog.execute(SegmentedRaftLogWorker.java:477)
	at org.apache.ratis.server.raftlog.segmented.SegmentedRaftLogWorker.run(SegmentedRaftLogWorker.java:289)
	at java.lang.Thread.run(Thread.java:748)
Caused by: java.util.concurrent.TimeoutException
	at java.util.concurrent.CompletableFuture.timedGet(CompletableFuture.java:1771)
	at java.util.concurrent.CompletableFuture.get(CompletableFuture.java:1915)
	at org.apache.ratis.util.IOUtils.getFromFuture(IOUtils.java:79)
	... 4 more
2019-09-12 04:45:11,439 [java.util.concurrent.ThreadPoolExecutor$Worker@6ec811dd[State = -1, empty queue]] WARN  server.GrpcLogAppender (GrpcLogAppender.java:timeoutAppendRequest(200)) - 4a6209c5-e52c-498b-a70a-f7b5c2b845a9@group-5FD8722A3841->cf6464f0-cbf8-4363-9806-263215a09c56-GrpcLogAppender: appendEntries Timeout, request=4a6209c5-e52c-498b-a70a-f7b5c2b845a9->cf6464f0-cbf8-4363-9806-263215a09c56#165-t1, previous=(t:1, i:34), leaderCommit=30, initializing? false, entries: <empty>
2019-09-12 04:45:11,439 [java.util.concurrent.ThreadPoolExecutor$Worker@651f3e5c[State = -1, empty queue]] WARN  server.GrpcLogAppender (GrpcLogAppender.java:timeoutAppendRequest(200)) - 4a6209c5-e52c-498b-a70a-f7b5c2b845a9@group-5FD8722A3841->5903dc6b-2e4c-43f3-9c86-89f09a7774cd-GrpcLogAppender: appendEntries Timeout, request=4a6209c5-e52c-498b-a70a-f7b5c2b845a9->5903dc6b-2e4c-43f3-9c86-89f09a7774cd#165-t1, previous=(t:1, i:34), leaderCommit=30, initializing? false, entries: <empty>
2019-09-12 04:45:11,693 [java.util.concurrent.ThreadPoolExecutor$Worker@1c8130ff[State = -1, empty queue]] WARN  server.GrpcLogAppender (GrpcLogAppender.java:timeoutAppendRequest(200)) - eec7f56f-87bd-4e59-a43c-c5b862436b1c@group-F3FC0297FA2D->6a9b9dd7-7806-4506-bdaf-7a94c8190a08-GrpcLogAppender: appendEntries Timeout, request=eec7f56f-87bd-4e59-a43c-c5b862436b1c->6a9b9dd7-7806-4506-bdaf-7a94c8190a08#151-t2, previous=(t:2, i:20), leaderCommit=16, initializing? false, entries: <empty>
2019-09-12 04:45:11,693 [java.util.concurrent.ThreadPoolExecutor$Worker@faa1c29[State = -1, empty queue]] WARN  server.GrpcLogAppender (GrpcLogAppender.java:timeoutAppendRequest(200)) - eec7f56f-87bd-4e59-a43c-c5b862436b1c@group-F3FC0297FA2D->2534340d-8749-41cd-9451-53923b204706-GrpcLogAppender: appendEntries Timeout, request=eec7f56f-87bd-4e59-a43c-c5b862436b1c->2534340d-8749-41cd-9451-53923b204706#151-t2, previous=(t:2, i:20), leaderCommit=16, initializing? false, entries: <empty>
2019-09-12 04:45:11,874 [grpc-default-executor-3] WARN  server.GrpcLogAppender (LogUtils.java:warn(134)) - dc062215-230a-40c1-88c1-e0a4fdad3ac4@group-4108054CE771->f262dcb5-fcde-4b4d-8116-9712eaf07b60-AppendLogResponseHandler: Failed appendEntries: org.apache.ratis.thirdparty.io.grpc.StatusRuntimeException: UNAVAILABLE: io exception
2019-09-12 04:45:11,874 [grpc-default-executor-3] INFO  impl.FollowerInfo (FollowerInfo.java:lambda$new$0(51)) - dc062215-230a-40c1-88c1-e0a4fdad3ac4@group-4108054CE771->f262dcb5-fcde-4b4d-8116-9712eaf07b60: nextIndex: updateUnconditionally 0 -> 0
2019-09-12 04:45:11,893 [grpc-default-executor-6] WARN  server.GrpcLogAppender (LogUtils.java:warn(134)) - dc062215-230a-40c1-88c1-e0a4fdad3ac4@group-4108054CE771->11629c23-30ab-483c-81ff-e86f5fb16847-AppendLogResponseHandler: Failed appendEntries: org.apache.ratis.thirdparty.io.grpc.StatusRuntimeException: UNAVAILABLE: io exception
2019-09-12 04:45:11,894 [grpc-default-executor-6] INFO  impl.FollowerInfo (FollowerInfo.java:lambda$new$0(51)) - dc062215-230a-40c1-88c1-e0a4fdad3ac4@group-4108054CE771->11629c23-30ab-483c-81ff-e86f5fb16847: nextIndex: updateUnconditionally 0 -> 0
2019-09-12 04:45:11,939 [java.util.concurrent.ThreadPoolExecutor$Worker@651f3e5c[State = -1, empty queue]] WARN  server.GrpcLogAppender (GrpcLogAppender.java:timeoutAppendRequest(200)) - 4a6209c5-e52c-498b-a70a-f7b5c2b845a9@group-5FD8722A3841->5903dc6b-2e4c-43f3-9c86-89f09a7774cd-GrpcLogAppender: appendEntries Timeout, request=4a6209c5-e52c-498b-a70a-f7b5c2b845a9->5903dc6b-2e4c-43f3-9c86-89f09a7774cd#166-t1, previous=(t:1, i:34), leaderCommit=30, initializing? false, entries: <empty>
2019-09-12 04:45:11,939 [java.util.concurrent.ThreadPoolExecutor$Worker@6ec811dd[State = -1, empty queue]] WARN  server.GrpcLogAppender (GrpcLogAppender.java:timeoutAppendRequest(200)) - 4a6209c5-e52c-498b-a70a-f7b5c2b845a9@group-5FD8722A3841->cf6464f0-cbf8-4363-9806-263215a09c56-GrpcLogAppender: appendEntries Timeout, request=4a6209c5-e52c-498b-a70a-f7b5c2b845a9->cf6464f0-cbf8-4363-9806-263215a09c56#166-t1, previous=(t:1, i:34), leaderCommit=30, initializing? false, entries: <empty>
2019-09-12 04:45:12,193 [java.util.concurrent.ThreadPoolExecutor$Worker@1c8130ff[State = -1, empty queue]] WARN  server.GrpcLogAppender (GrpcLogAppender.java:timeoutAppendRequest(200)) - eec7f56f-87bd-4e59-a43c-c5b862436b1c@group-F3FC0297FA2D->6a9b9dd7-7806-4506-bdaf-7a94c8190a08-GrpcLogAppender: appendEntries Timeout, request=eec7f56f-87bd-4e59-a43c-c5b862436b1c->6a9b9dd7-7806-4506-bdaf-7a94c8190a08#152-t2, previous=(t:2, i:20), leaderCommit=16, initializing? false, entries: <empty>
2019-09-12 04:45:12,193 [java.util.concurrent.ThreadPoolExecutor$Worker@faa1c29[State = -1, empty queue]] WARN  server.GrpcLogAppender (GrpcLogAppender.java:timeoutAppendRequest(200)) - eec7f56f-87bd-4e59-a43c-c5b862436b1c@group-F3FC0297FA2D->2534340d-8749-41cd-9451-53923b204706-GrpcLogAppender: appendEntries Timeout, request=eec7f56f-87bd-4e59-a43c-c5b862436b1c->2534340d-8749-41cd-9451-53923b204706#152-t2, previous=(t:2, i:20), leaderCommit=16, initializing? false, entries: <empty>
2019-09-12 04:45:12,374 [grpc-default-executor-4] WARN  server.GrpcLogAppender (LogUtils.java:warn(134)) - dc062215-230a-40c1-88c1-e0a4fdad3ac4@group-4108054CE771->f262dcb5-fcde-4b4d-8116-9712eaf07b60-AppendLogResponseHandler: Failed appendEntries: org.apache.ratis.thirdparty.io.grpc.StatusRuntimeException: UNAVAILABLE: io exception
2019-09-12 04:45:12,374 [grpc-default-executor-4] INFO  impl.FollowerInfo (FollowerInfo.java:lambda$new$0(51)) - dc062215-230a-40c1-88c1-e0a4fdad3ac4@group-4108054CE771->f262dcb5-fcde-4b4d-8116-9712eaf07b60: nextIndex: updateUnconditionally 0 -> 0
2019-09-12 04:45:12,394 [grpc-default-executor-6] WARN  server.GrpcLogAppender (LogUtils.java:warn(134)) - dc062215-230a-40c1-88c1-e0a4fdad3ac4@group-4108054CE771->11629c23-30ab-483c-81ff-e86f5fb16847-AppendLogResponseHandler: Failed appendEntries: org.apache.ratis.thirdparty.io.grpc.StatusRuntimeException: UNAVAILABLE: io exception
2019-09-12 04:45:12,395 [grpc-default-executor-6] INFO  impl.FollowerInfo (FollowerInfo.java:lambda$new$0(51)) - dc062215-230a-40c1-88c1-e0a4fdad3ac4@group-4108054CE771->11629c23-30ab-483c-81ff-e86f5fb16847: nextIndex: updateUnconditionally 0 -> 0
2019-09-12 04:45:12,440 [java.util.concurrent.ThreadPoolExecutor$Worker@651f3e5c[State = -1, empty queue]] WARN  server.GrpcLogAppender (GrpcLogAppender.java:timeoutAppendRequest(200)) - 4a6209c5-e52c-498b-a70a-f7b5c2b845a9@group-5FD8722A3841->5903dc6b-2e4c-43f3-9c86-89f09a7774cd-GrpcLogAppender: appendEntries Timeout, request=4a6209c5-e52c-498b-a70a-f7b5c2b845a9->5903dc6b-2e4c-43f3-9c86-89f09a7774cd#167-t1, previous=(t:1, i:34), leaderCommit=30, initializing? false, entries: <empty>
2019-09-12 04:45:12,440 [java.util.concurrent.ThreadPoolExecutor$Worker@6ec811dd[State = -1, empty queue]] WARN  server.GrpcLogAppender (GrpcLogAppender.java:timeoutAppendRequest(200)) - 4a6209c5-e52c-498b-a70a-f7b5c2b845a9@group-5FD8722A3841->cf6464f0-cbf8-4363-9806-263215a09c56-GrpcLogAppender: appendEntries Timeout, request=4a6209c5-e52c-498b-a70a-f7b5c2b845a9->cf6464f0-cbf8-4363-9806-263215a09c56#167-t1, previous=(t:1, i:34), leaderCommit=30, initializing? false, entries: <empty>
2019-09-12 04:45:12,693 [java.util.concurrent.ThreadPoolExecutor$Worker@faa1c29[State = -1, empty queue]] WARN  server.GrpcLogAppender (GrpcLogAppender.java:timeoutAppendRequest(200)) - eec7f56f-87bd-4e59-a43c-c5b862436b1c@group-F3FC0297FA2D->2534340d-8749-41cd-9451-53923b204706-GrpcLogAppender: appendEntries Timeout, request=eec7f56f-87bd-4e59-a43c-c5b862436b1c->2534340d-8749-41cd-9451-53923b204706#153-t2, previous=(t:2, i:20), leaderCommit=16, initializing? false, entries: <empty>
2019-09-12 04:45:12,693 [java.util.concurrent.ThreadPoolExecutor$Worker@1c8130ff[State = -1, empty queue]] WARN  server.GrpcLogAppender (GrpcLogAppender.java:timeoutAppendRequest(200)) - eec7f56f-87bd-4e59-a43c-c5b862436b1c@group-F3FC0297FA2D->6a9b9dd7-7806-4506-bdaf-7a94c8190a08-GrpcLogAppender: appendEntries Timeout, request=eec7f56f-87bd-4e59-a43c-c5b862436b1c->6a9b9dd7-7806-4506-bdaf-7a94c8190a08#153-t2, previous=(t:2, i:20), leaderCommit=16, initializing? false, entries: <empty>
2019-09-12 04:45:12,876 [grpc-default-executor-4] WARN  server.GrpcLogAppender (LogUtils.java:warn(134)) - dc062215-230a-40c1-88c1-e0a4fdad3ac4@group-4108054CE771->f262dcb5-fcde-4b4d-8116-9712eaf07b60-AppendLogResponseHandler: Failed appendEntries: org.apache.ratis.thirdparty.io.grpc.StatusRuntimeException: UNAVAILABLE: io exception
2019-09-12 04:45:12,877 [grpc-default-executor-4] INFO  impl.FollowerInfo (FollowerInfo.java:lambda$new$0(51)) - dc062215-230a-40c1-88c1-e0a4fdad3ac4@group-4108054CE771->f262dcb5-fcde-4b4d-8116-9712eaf07b60: nextIndex: updateUnconditionally 0 -> 0
2019-09-12 04:45:12,895 [grpc-default-executor-3] WARN  server.GrpcLogAppender (LogUtils.java:warn(134)) - dc062215-230a-40c1-88c1-e0a4fdad3ac4@group-4108054CE771->11629c23-30ab-483c-81ff-e86f5fb16847-AppendLogResponseHandler: Failed appendEntries: org.apache.ratis.thirdparty.io.grpc.StatusRuntimeException: UNAVAILABLE: io exception
2019-09-12 04:45:12,895 [grpc-default-executor-3] INFO  impl.FollowerInfo (FollowerInfo.java:lambda$new$0(51)) - dc062215-230a-40c1-88c1-e0a4fdad3ac4@group-4108054CE771->11629c23-30ab-483c-81ff-e86f5fb16847: nextIndex: updateUnconditionally 0 -> 0
2019-09-12 04:45:12,940 [java.util.concurrent.ThreadPoolExecutor$Worker@651f3e5c[State = -1, empty queue]] WARN  server.GrpcLogAppender (GrpcLogAppender.java:timeoutAppendRequest(200)) - 4a6209c5-e52c-498b-a70a-f7b5c2b845a9@group-5FD8722A3841->5903dc6b-2e4c-43f3-9c86-89f09a7774cd-GrpcLogAppender: appendEntries Timeout, request=4a6209c5-e52c-498b-a70a-f7b5c2b845a9->5903dc6b-2e4c-43f3-9c86-89f09a7774cd#168-t1, previous=(t:1, i:34), leaderCommit=30, initializing? false, entries: <empty>
2019-09-12 04:45:12,940 [java.util.concurrent.ThreadPoolExecutor$Worker@6ec811dd[State = -1, empty queue]] WARN  server.GrpcLogAppender (GrpcLogAppender.java:timeoutAppendRequest(200)) - 4a6209c5-e52c-498b-a70a-f7b5c2b845a9@group-5FD8722A3841->cf6464f0-cbf8-4363-9806-263215a09c56-GrpcLogAppender: appendEntries Timeout, request=4a6209c5-e52c-498b-a70a-f7b5c2b845a9->cf6464f0-cbf8-4363-9806-263215a09c56#168-t1, previous=(t:1, i:34), leaderCommit=30, initializing? false, entries: <empty>
2019-09-12 04:45:13,194 [java.util.concurrent.ThreadPoolExecutor$Worker@1c8130ff[State = -1, empty queue]] WARN  server.GrpcLogAppender (GrpcLogAppender.java:timeoutAppendRequest(200)) - eec7f56f-87bd-4e59-a43c-c5b862436b1c@group-F3FC0297FA2D->6a9b9dd7-7806-4506-bdaf-7a94c8190a08-GrpcLogAppender: appendEntries Timeout, request=eec7f56f-87bd-4e59-a43c-c5b862436b1c->6a9b9dd7-7806-4506-bdaf-7a94c8190a08#154-t2, previous=(t:2, i:20), leaderCommit=16, initializing? false, entries: <empty>
2019-09-12 04:45:13,194 [java.util.concurrent.ThreadPoolExecutor$Worker@faa1c29[State = -1, empty queue]] WARN  server.GrpcLogAppender (GrpcLogAppender.java:timeoutAppendRequest(200)) - eec7f56f-87bd-4e59-a43c-c5b862436b1c@group-F3FC0297FA2D->2534340d-8749-41cd-9451-53923b204706-GrpcLogAppender: appendEntries Timeout, request=eec7f56f-87bd-4e59-a43c-c5b862436b1c->2534340d-8749-41cd-9451-53923b204706#154-t2, previous=(t:2, i:20), leaderCommit=16, initializing? false, entries: <empty>
2019-09-12 04:45:13,376 [grpc-default-executor-4] WARN  server.GrpcLogAppender (LogUtils.java:warn(134)) - dc062215-230a-40c1-88c1-e0a4fdad3ac4@group-4108054CE771->f262dcb5-fcde-4b4d-8116-9712eaf07b60-AppendLogResponseHandler: Failed appendEntries: org.apache.ratis.thirdparty.io.grpc.StatusRuntimeException: UNAVAILABLE: io exception
2019-09-12 04:45:13,377 [grpc-default-executor-4] INFO  impl.FollowerInfo (FollowerInfo.java:lambda$new$0(51)) - dc062215-230a-40c1-88c1-e0a4fdad3ac4@group-4108054CE771->f262dcb5-fcde-4b4d-8116-9712eaf07b60: nextIndex: updateUnconditionally 0 -> 0
2019-09-12 04:45:13,395 [grpc-default-executor-6] WARN  server.GrpcLogAppender (LogUtils.java:warn(134)) - dc062215-230a-40c1-88c1-e0a4fdad3ac4@group-4108054CE771->11629c23-30ab-483c-81ff-e86f5fb16847-AppendLogResponseHandler: Failed appendEntries: org.apache.ratis.thirdparty.io.grpc.StatusRuntimeException: UNAVAILABLE: io exception
2019-09-12 04:45:13,395 [grpc-default-executor-6] INFO  impl.FollowerInfo (FollowerInfo.java:lambda$new$0(51)) - dc062215-230a-40c1-88c1-e0a4fdad3ac4@group-4108054CE771->11629c23-30ab-483c-81ff-e86f5fb16847: nextIndex: updateUnconditionally 0 -> 0
2019-09-12 04:45:13,440 [java.util.concurrent.ThreadPoolExecutor$Worker@6ec811dd[State = -1, empty queue]] WARN  server.GrpcLogAppender (GrpcLogAppender.java:timeoutAppendRequest(200)) - 4a6209c5-e52c-498b-a70a-f7b5c2b845a9@group-5FD8722A3841->cf6464f0-cbf8-4363-9806-263215a09c56-GrpcLogAppender: appendEntries Timeout, request=4a6209c5-e52c-498b-a70a-f7b5c2b845a9->cf6464f0-cbf8-4363-9806-263215a09c56#169-t1, previous=(t:1, i:34), leaderCommit=30, initializing? false, entries: <empty>
2019-09-12 04:45:13,440 [java.util.concurrent.ThreadPoolExecutor$Worker@651f3e5c[State = -1, empty queue]] WARN  server.GrpcLogAppender (GrpcLogAppender.java:timeoutAppendRequest(200)) - 4a6209c5-e52c-498b-a70a-f7b5c2b845a9@group-5FD8722A3841->5903dc6b-2e4c-43f3-9c86-89f09a7774cd-GrpcLogAppender: appendEntries Timeout, request=4a6209c5-e52c-498b-a70a-f7b5c2b845a9->5903dc6b-2e4c-43f3-9c86-89f09a7774cd#169-t1, previous=(t:1, i:34), leaderCommit=30, initializing? false, entries: <empty>
2019-09-12 04:45:13,694 [java.util.concurrent.ThreadPoolExecutor$Worker@1c8130ff[State = -1, empty queue]] WARN  server.GrpcLogAppender (GrpcLogAppender.java:timeoutAppendRequest(200)) - eec7f56f-87bd-4e59-a43c-c5b862436b1c@group-F3FC0297FA2D->6a9b9dd7-7806-4506-bdaf-7a94c8190a08-GrpcLogAppender: appendEntries Timeout, request=eec7f56f-87bd-4e59-a43c-c5b862436b1c->6a9b9dd7-7806-4506-bdaf-7a94c8190a08#155-t2, previous=(t:2, i:20), leaderCommit=16, initializing? false, entries: <empty>
2019-09-12 04:45:13,694 [java.util.concurrent.ThreadPoolExecutor$Worker@faa1c29[State = -1, empty queue]] WARN  server.GrpcLogAppender (GrpcLogAppender.java:timeoutAppendRequest(200)) - eec7f56f-87bd-4e59-a43c-c5b862436b1c@group-F3FC0297FA2D->2534340d-8749-41cd-9451-53923b204706-GrpcLogAppender: appendEntries Timeout, request=eec7f56f-87bd-4e59-a43c-c5b862436b1c->2534340d-8749-41cd-9451-53923b204706#155-t2, previous=(t:2, i:20), leaderCommit=16, initializing? false, entries: <empty>
2019-09-12 04:45:13,878 [grpc-default-executor-4] WARN  server.GrpcLogAppender (LogUtils.java:warn(134)) - dc062215-230a-40c1-88c1-e0a4fdad3ac4@group-4108054CE771->f262dcb5-fcde-4b4d-8116-9712eaf07b60-AppendLogResponseHandler: Failed appendEntries: org.apache.ratis.thirdparty.io.grpc.StatusRuntimeException: UNAVAILABLE: io exception
2019-09-12 04:45:13,878 [grpc-default-executor-4] INFO  impl.FollowerInfo (FollowerInfo.java:lambda$new$0(51)) - dc062215-230a-40c1-88c1-e0a4fdad3ac4@group-4108054CE771->f262dcb5-fcde-4b4d-8116-9712eaf07b60: nextIndex: updateUnconditionally 0 -> 0
2019-09-12 04:45:13,896 [grpc-default-executor-6] WARN  server.GrpcLogAppender (LogUtils.java:warn(134)) - dc062215-230a-40c1-88c1-e0a4fdad3ac4@group-4108054CE771->11629c23-30ab-483c-81ff-e86f5fb16847-AppendLogResponseHandler: Failed appendEntries: org.apache.ratis.thirdparty.io.grpc.StatusRuntimeException: UNAVAILABLE: io exception
2019-09-12 04:45:13,897 [grpc-default-executor-6] INFO  impl.FollowerInfo (FollowerInfo.java:lambda$new$0(51)) - dc062215-230a-40c1-88c1-e0a4fdad3ac4@group-4108054CE771->11629c23-30ab-483c-81ff-e86f5fb16847: nextIndex: updateUnconditionally 0 -> 0
2019-09-12 04:45:13,941 [java.util.concurrent.ThreadPoolExecutor$Worker@651f3e5c[State = -1, empty queue]] WARN  server.GrpcLogAppender (GrpcLogAppender.java:timeoutAppendRequest(200)) - 4a6209c5-e52c-498b-a70a-f7b5c2b845a9@group-5FD8722A3841->5903dc6b-2e4c-43f3-9c86-89f09a7774cd-GrpcLogAppender: appendEntries Timeout, request=4a6209c5-e52c-498b-a70a-f7b5c2b845a9->5903dc6b-2e4c-43f3-9c86-89f09a7774cd#170-t1, previous=(t:1, i:34), leaderCommit=30, initializing? false, entries: <empty>
2019-09-12 04:45:13,941 [java.util.concurrent.ThreadPoolExecutor$Worker@6ec811dd[State = -1, empty queue]] WARN  server.GrpcLogAppender (GrpcLogAppender.java:timeoutAppendRequest(200)) - 4a6209c5-e52c-498b-a70a-f7b5c2b845a9@group-5FD8722A3841->cf6464f0-cbf8-4363-9806-263215a09c56-GrpcLogAppender: appendEntries Timeout, request=4a6209c5-e52c-498b-a70a-f7b5c2b845a9->cf6464f0-cbf8-4363-9806-263215a09c56#170-t1, previous=(t:1, i:34), leaderCommit=30, initializing? false, entries: <empty>
2019-09-12 04:45:14,194 [java.util.concurrent.ThreadPoolExecutor$Worker@faa1c29[State = -1, empty queue]] WARN  server.GrpcLogAppender (GrpcLogAppender.java:timeoutAppendRequest(200)) - eec7f56f-87bd-4e59-a43c-c5b862436b1c@group-F3FC0297FA2D->2534340d-8749-41cd-9451-53923b204706-GrpcLogAppender: appendEntries Timeout, request=eec7f56f-87bd-4e59-a43c-c5b862436b1c->2534340d-8749-41cd-9451-53923b204706#156-t2, previous=(t:2, i:20), leaderCommit=16, initializing? false, entries: <empty>
2019-09-12 04:45:14,194 [java.util.concurrent.ThreadPoolExecutor$Worker@1c8130ff[State = -1, empty queue]] WARN  server.GrpcLogAppender (GrpcLogAppender.java:timeoutAppendRequest(200)) - eec7f56f-87bd-4e59-a43c-c5b862436b1c@group-F3FC0297FA2D->6a9b9dd7-7806-4506-bdaf-7a94c8190a08-GrpcLogAppender: appendEntries Timeout, request=eec7f56f-87bd-4e59-a43c-c5b862436b1c->6a9b9dd7-7806-4506-bdaf-7a94c8190a08#156-t2, previous=(t:2, i:20), leaderCommit=16, initializing? false, entries: <empty>
2019-09-12 04:45:14,381 [grpc-default-executor-4] WARN  server.GrpcLogAppender (LogUtils.java:warn(134)) - dc062215-230a-40c1-88c1-e0a4fdad3ac4@group-4108054CE771->f262dcb5-fcde-4b4d-8116-9712eaf07b60-AppendLogResponseHandler: Failed appendEntries: org.apache.ratis.thirdparty.io.grpc.StatusRuntimeException: UNAVAILABLE: io exception
2019-09-12 04:45:14,381 [grpc-default-executor-4] INFO  impl.FollowerInfo (FollowerInfo.java:lambda$new$0(51)) - dc062215-230a-40c1-88c1-e0a4fdad3ac4@group-4108054CE771->f262dcb5-fcde-4b4d-8116-9712eaf07b60: nextIndex: updateUnconditionally 0 -> 0
2019-09-12 04:45:14,396 [grpc-default-executor-3] WARN  server.GrpcLogAppender (LogUtils.java:warn(134)) - dc062215-230a-40c1-88c1-e0a4fdad3ac4@group-4108054CE771->11629c23-30ab-483c-81ff-e86f5fb16847-AppendLogResponseHandler: Failed appendEntries: org.apache.ratis.thirdparty.io.grpc.StatusRuntimeException: UNAVAILABLE: io exception
2019-09-12 04:45:14,397 [grpc-default-executor-3] INFO  impl.FollowerInfo (FollowerInfo.java:lambda$new$0(51)) - dc062215-230a-40c1-88c1-e0a4fdad3ac4@group-4108054CE771->11629c23-30ab-483c-81ff-e86f5fb16847: nextIndex: updateUnconditionally 0 -> 0
2019-09-12 04:45:14,441 [java.util.concurrent.ThreadPoolExecutor$Worker@6ec811dd[State = -1, empty queue]] WARN  server.GrpcLogAppender (GrpcLogAppender.java:timeoutAppendRequest(200)) - 4a6209c5-e52c-498b-a70a-f7b5c2b845a9@group-5FD8722A3841->cf6464f0-cbf8-4363-9806-263215a09c56-GrpcLogAppender: appendEntries Timeout, request=4a6209c5-e52c-498b-a70a-f7b5c2b845a9->cf6464f0-cbf8-4363-9806-263215a09c56#171-t1, previous=(t:1, i:34), leaderCommit=30, initializing? false, entries: <empty>
2019-09-12 04:45:14,441 [java.util.concurrent.ThreadPoolExecutor$Worker@651f3e5c[State = -1, empty queue]] WARN  server.GrpcLogAppender (GrpcLogAppender.java:timeoutAppendRequest(200)) - 4a6209c5-e52c-498b-a70a-f7b5c2b845a9@group-5FD8722A3841->5903dc6b-2e4c-43f3-9c86-89f09a7774cd-GrpcLogAppender: appendEntries Timeout, request=4a6209c5-e52c-498b-a70a-f7b5c2b845a9->5903dc6b-2e4c-43f3-9c86-89f09a7774cd#171-t1, previous=(t:1, i:34), leaderCommit=30, initializing? false, entries: <empty>
2019-09-12 04:45:14,679 [main] INFO  ozoneimpl.OzoneContainer (OzoneContainer.java:stop(231)) - Attempting to stop container services.
2019-09-12 04:45:14,679 [ForkJoinPool.commonPool-worker-0] INFO  ozoneimpl.OzoneContainer (OzoneContainer.java:stop(231)) - Attempting to stop container services.
2019-09-12 04:45:14,680 [main] INFO  impl.RaftServerProxy (RaftServerProxy.java:lambda$close$4(314)) - 5903dc6b-2e4c-43f3-9c86-89f09a7774cd: close
2019-09-12 04:45:14,680 [ForkJoinPool.commonPool-worker-0] INFO  impl.RaftServerProxy (RaftServerProxy.java:lambda$close$4(314)) - ff593ad8-0a8c-4994-b186-664742ea902d: close
2019-09-12 04:45:14,681 [main] INFO  impl.RaftServerImpl (RaftServerImpl.java:lambda$shutdown$3(251)) - 5903dc6b-2e4c-43f3-9c86-89f09a7774cd@group-5FD8722A3841: shutdown
2019-09-12 04:45:14,681 [ForkJoinPool.commonPool-worker-0] INFO  impl.RaftServerImpl (RaftServerImpl.java:lambda$shutdown$3(251)) - ff593ad8-0a8c-4994-b186-664742ea902d@group-E23EE48DF05D: shutdown
2019-09-12 04:45:14,681 [main] INFO  util.JmxRegister (JmxRegister.java:unregister(73)) - Successfully un-registered JMX Bean with object name Ratis:service=RaftServer,group=group-5FD8722A3841,id=5903dc6b-2e4c-43f3-9c86-89f09a7774cd
2019-09-12 04:45:14,681 [ForkJoinPool.commonPool-worker-0] INFO  util.JmxRegister (JmxRegister.java:unregister(73)) - Successfully un-registered JMX Bean with object name Ratis:service=RaftServer,group=group-E23EE48DF05D,id=ff593ad8-0a8c-4994-b186-664742ea902d
2019-09-12 04:45:14,682 [main] INFO  impl.RoleInfo (RoleInfo.java:shutdownFollowerState(121)) - 5903dc6b-2e4c-43f3-9c86-89f09a7774cd: shutdown FollowerState
2019-09-12 04:45:14,682 [ForkJoinPool.commonPool-worker-0] INFO  impl.RoleInfo (RoleInfo.java:shutdownLeaderState(104)) - ff593ad8-0a8c-4994-b186-664742ea902d: shutdown LeaderState
2019-09-12 04:45:14,683 [5903dc6b-2e4c-43f3-9c86-89f09a7774cd@group-5FD8722A3841-StateMachineUpdater] INFO  ratis.ContainerStateMachine (ContainerStateMachine.java:takeSnapshot(289)) - group-5FD8722A3841: Taking a snapshot at:(t:1, i:28) file /workdir/hadoop-ozone/integration-test/target/test-dir/MiniOzoneClusterImpl-0727815a-69b9-4555-83e7-340a4888e3ed/datanode-5/data/ratis/5d771cb8-bc9c-4de1-9b29-5fd8722a3841/sm/snapshot.1_28
2019-09-12 04:45:14,683 [Thread-415] INFO  impl.FollowerState (FollowerState.java:run(115)) - 5903dc6b-2e4c-43f3-9c86-89f09a7774cd: FollowerState was interrupted: java.lang.InterruptedException: sleep interrupted
2019-09-12 04:45:14,683 [main] INFO  impl.StateMachineUpdater (StateMachineUpdater.java:stopAndJoin(125)) - 5903dc6b-2e4c-43f3-9c86-89f09a7774cd@group-5FD8722A3841-StateMachineUpdater: set stopIndex = 30
2019-09-12 04:45:14,683 [ForkJoinPool.commonPool-worker-0] INFO  impl.PendingRequests (PendingRequests.java:sendNotLeaderResponses(202)) - ff593ad8-0a8c-4994-b186-664742ea902d-PendingRequests: sendNotLeaderResponses
2019-09-12 04:45:14,690 [ForkJoinPool.commonPool-worker-0] INFO  impl.StateMachineUpdater (StateMachineUpdater.java:stopAndJoin(125)) - ff593ad8-0a8c-4994-b186-664742ea902d@group-E23EE48DF05D-StateMachineUpdater: set stopIndex = 0
2019-09-12 04:45:14,690 [ForkJoinPool.commonPool-worker-0] INFO  impl.RaftServerImpl (ServerState.java:close(385)) - ff593ad8-0a8c-4994-b186-664742ea902d@group-E23EE48DF05D: closes. applyIndex: 0
2019-09-12 04:45:14,691 [ff593ad8-0a8c-4994-b186-664742ea902d@group-E23EE48DF05D-SegmentedRaftLogWorker] INFO  segmented.SegmentedRaftLogWorker (SegmentedRaftLogWorker.java:run(313)) - ff593ad8-0a8c-4994-b186-664742ea902d@group-E23EE48DF05D-SegmentedRaftLogWorker was interrupted, exiting. There are 0 tasks remaining in the queue.
2019-09-12 04:45:14,694 [ForkJoinPool.commonPool-worker-0] INFO  segmented.SegmentedRaftLogWorker (SegmentedRaftLogWorker.java:close(228)) - ff593ad8-0a8c-4994-b186-664742ea902d@group-E23EE48DF05D-SegmentedRaftLogWorker close()
2019-09-12 04:45:14,699 [ForkJoinPool.commonPool-worker-0] INFO  server.GrpcService (GrpcService.java:closeImpl(164)) - ff593ad8-0a8c-4994-b186-664742ea902d: shutdown server with port 42941 now
2019-09-12 04:45:14,699 [java.util.concurrent.ThreadPoolExecutor$Worker@faa1c29[State = -1, empty queue]] WARN  server.GrpcLogAppender (GrpcLogAppender.java:timeoutAppendRequest(200)) - eec7f56f-87bd-4e59-a43c-c5b862436b1c@group-F3FC0297FA2D->2534340d-8749-41cd-9451-53923b204706-GrpcLogAppender: appendEntries Timeout, request=eec7f56f-87bd-4e59-a43c-c5b862436b1c->2534340d-8749-41cd-9451-53923b204706#157-t2, previous=(t:2, i:20), leaderCommit=16, initializing? false, entries: <empty>
2019-09-12 04:45:14,699 [java.util.concurrent.ThreadPoolExecutor$Worker@1c8130ff[State = -1, empty queue]] WARN  server.GrpcLogAppender (GrpcLogAppender.java:timeoutAppendRequest(200)) - eec7f56f-87bd-4e59-a43c-c5b862436b1c@group-F3FC0297FA2D->6a9b9dd7-7806-4506-bdaf-7a94c8190a08-GrpcLogAppender: appendEntries Timeout, request=eec7f56f-87bd-4e59-a43c-c5b862436b1c->6a9b9dd7-7806-4506-bdaf-7a94c8190a08#157-t2, previous=(t:2, i:20), leaderCommit=16, initializing? false, entries: <empty>
2019-09-12 04:45:14,702 [ForkJoinPool.commonPool-worker-0] INFO  server.GrpcService (GrpcService.java:closeImpl(172)) - ff593ad8-0a8c-4994-b186-664742ea902d: shutdown server with port 42941 successfully
2019-09-12 04:45:14,716 [5903dc6b-2e4c-43f3-9c86-89f09a7774cd@group-5FD8722A3841-StateMachineUpdater] INFO  ratis.ContainerStateMachine (ContainerStateMachine.java:takeSnapshot(300)) - group-5FD8722A3841: Finished taking a snapshot at:(t:1, i:28) file:/workdir/hadoop-ozone/integration-test/target/test-dir/MiniOzoneClusterImpl-0727815a-69b9-4555-83e7-340a4888e3ed/datanode-5/data/ratis/5d771cb8-bc9c-4de1-9b29-5fd8722a3841/sm/snapshot.1_28 time:32
2019-09-12 04:45:14,717 [5903dc6b-2e4c-43f3-9c86-89f09a7774cd@group-5FD8722A3841-StateMachineUpdater] INFO  impl.StateMachineUpdater (StateMachineUpdater.java:takeSnapshot(258)) - 5903dc6b-2e4c-43f3-9c86-89f09a7774cd@group-5FD8722A3841-StateMachineUpdater: Took a snapshot at index 28
2019-09-12 04:45:14,717 [5903dc6b-2e4c-43f3-9c86-89f09a7774cd@group-5FD8722A3841-StateMachineUpdater] INFO  impl.StateMachineUpdater (StateMachineUpdater.java:lambda$new$0(83)) - 5903dc6b-2e4c-43f3-9c86-89f09a7774cd@group-5FD8722A3841-StateMachineUpdater: snapshotIndex: updateIncreasingly -1 -> 28
2019-09-12 04:45:14,717 [refreshUsed-/workdir/hadoop-ozone/integration-test/target/test-dir/MiniOzoneClusterImpl-0727815a-69b9-4555-83e7-340a4888e3ed/datanode-2/data/containers] WARN  fs.CachingGetSpaceUsed (CachingGetSpaceUsed.java:run(183)) - Thread Interrupted waiting to refresh disk information: sleep interrupted
2019-09-12 04:45:14,718 [5903dc6b-2e4c-43f3-9c86-89f09a7774cd@group-5FD8722A3841-StateMachineUpdater] INFO  ratis.ContainerStateMachine (ContainerStateMachine.java:takeSnapshot(289)) - group-5FD8722A3841: Taking a snapshot at:(t:1, i:28) file /workdir/hadoop-ozone/integration-test/target/test-dir/MiniOzoneClusterImpl-0727815a-69b9-4555-83e7-340a4888e3ed/datanode-5/data/ratis/5d771cb8-bc9c-4de1-9b29-5fd8722a3841/sm/snapshot.1_28
2019-09-12 04:45:14,730 [5903dc6b-2e4c-43f3-9c86-89f09a7774cd@group-5FD8722A3841-StateMachineUpdater] INFO  ratis.ContainerStateMachine (ContainerStateMachine.java:takeSnapshot(300)) - group-5FD8722A3841: Finished taking a snapshot at:(t:1, i:28) file:/workdir/hadoop-ozone/integration-test/target/test-dir/MiniOzoneClusterImpl-0727815a-69b9-4555-83e7-340a4888e3ed/datanode-5/data/ratis/5d771cb8-bc9c-4de1-9b29-5fd8722a3841/sm/snapshot.1_28 time:13
2019-09-12 04:45:14,731 [5903dc6b-2e4c-43f3-9c86-89f09a7774cd@group-5FD8722A3841-StateMachineUpdater] INFO  impl.StateMachineUpdater (StateMachineUpdater.java:takeSnapshot(258)) - 5903dc6b-2e4c-43f3-9c86-89f09a7774cd@group-5FD8722A3841-StateMachineUpdater: Took a snapshot at index 28
2019-09-12 04:45:14,731 [5903dc6b-2e4c-43f3-9c86-89f09a7774cd@group-5FD8722A3841-StateMachineUpdater] INFO  impl.StateMachineUpdater (StateMachineUpdater.java:lambda$new$0(83)) - 5903dc6b-2e4c-43f3-9c86-89f09a7774cd@group-5FD8722A3841-StateMachineUpdater: snapshotIndex: updateIncreasingly 28 -> 28
2019-09-12 04:45:14,731 [main] INFO  impl.RaftServerImpl (ServerState.java:close(385)) - 5903dc6b-2e4c-43f3-9c86-89f09a7774cd@group-5FD8722A3841: closes. applyIndex: 30
2019-09-12 04:45:14,735 [5903dc6b-2e4c-43f3-9c86-89f09a7774cd@group-5FD8722A3841-SegmentedRaftLogWorker] ERROR ratis.XceiverServerRatis (XceiverServerRatis.java:triggerPipelineClose(568)) - pipeline Action CLOSE  on pipeline PipelineID=5d771cb8-bc9c-4de1-9b29-5fd8722a3841.Reason : WriteLog:31: (t:1, i:31), STATEMACHINELOGENTRY, client-40C9AD207E5E, cid=66-writeStateMachineData interrupted.
2019-09-12 04:45:14,738 [main] INFO  segmented.SegmentedRaftLogWorker (SegmentedRaftLogWorker.java:close(228)) - 5903dc6b-2e4c-43f3-9c86-89f09a7774cd@group-5FD8722A3841-SegmentedRaftLogWorker close()
2019-09-12 04:45:14,742 [main] INFO  impl.RaftServerImpl (RaftServerImpl.java:lambda$shutdown$3(251)) - 5903dc6b-2e4c-43f3-9c86-89f09a7774cd@group-8108B70598FE: shutdown
2019-09-12 04:45:14,743 [main] INFO  util.JmxRegister (JmxRegister.java:unregister(73)) - Successfully un-registered JMX Bean with object name Ratis:service=RaftServer,group=group-8108B70598FE,id=5903dc6b-2e4c-43f3-9c86-89f09a7774cd
2019-09-12 04:45:14,743 [main] INFO  impl.RoleInfo (RoleInfo.java:shutdownLeaderState(104)) - 5903dc6b-2e4c-43f3-9c86-89f09a7774cd: shutdown LeaderState
2019-09-12 04:45:14,743 [main] INFO  impl.PendingRequests (PendingRequests.java:sendNotLeaderResponses(202)) - 5903dc6b-2e4c-43f3-9c86-89f09a7774cd-PendingRequests: sendNotLeaderResponses
2019-09-12 04:45:14,744 [main] INFO  impl.StateMachineUpdater (StateMachineUpdater.java:stopAndJoin(125)) - 5903dc6b-2e4c-43f3-9c86-89f09a7774cd@group-8108B70598FE-StateMachineUpdater: set stopIndex = 0
2019-09-12 04:45:14,744 [main] INFO  impl.RaftServerImpl (ServerState.java:close(385)) - 5903dc6b-2e4c-43f3-9c86-89f09a7774cd@group-8108B70598FE: closes. applyIndex: 0
2019-09-12 04:45:14,745 [5903dc6b-2e4c-43f3-9c86-89f09a7774cd@group-8108B70598FE-SegmentedRaftLogWorker] INFO  segmented.SegmentedRaftLogWorker (SegmentedRaftLogWorker.java:run(313)) - 5903dc6b-2e4c-43f3-9c86-89f09a7774cd@group-8108B70598FE-SegmentedRaftLogWorker was interrupted, exiting. There are 0 tasks remaining in the queue.
2019-09-12 04:45:14,747 [ForkJoinPool.commonPool-worker-0] INFO  utils.BackgroundService (BackgroundService.java:shutdown(148)) - Shutting down service BlockDeletingService
2019-09-12 04:45:14,749 [main] INFO  segmented.SegmentedRaftLogWorker (SegmentedRaftLogWorker.java:close(228)) - 5903dc6b-2e4c-43f3-9c86-89f09a7774cd@group-8108B70598FE-SegmentedRaftLogWorker close()
2019-09-12 04:45:14,754 [main] INFO  server.GrpcService (GrpcService.java:closeImpl(164)) - 5903dc6b-2e4c-43f3-9c86-89f09a7774cd: shutdown server with port 35486 now
2019-09-12 04:45:14,756 [ForkJoinPool.commonPool-worker-0] INFO  statemachine.DatanodeStateMachine (DatanodeStateMachine.java:stopDaemon(395)) - Ozone container server stopped.
2019-09-12 04:45:14,759 [grpc-default-executor-4] WARN  server.GrpcServerProtocolService (LogUtils.java:warn(134)) - 5903dc6b-2e4c-43f3-9c86-89f09a7774cd: installSnapshot onError, lastRequest: 4a6209c5-e52c-498b-a70a-f7b5c2b845a9->5903dc6b-2e4c-43f3-9c86-89f09a7774cd#177-t1, previous=(t:1, i:34), leaderCommit=30, initializing? false, entries: <empty>: org.apache.ratis.thirdparty.io.grpc.StatusRuntimeException: CANCELLED: cancelled before receiving half close
2019-09-12 04:45:14,759 [main] INFO  server.GrpcService (GrpcService.java:closeImpl(172)) - 5903dc6b-2e4c-43f3-9c86-89f09a7774cd: shutdown server with port 35486 successfully
2019-09-12 04:45:14,760 [grpc-default-executor-3] WARN  server.GrpcLogAppender (LogUtils.java:warn(134)) - 4a6209c5-e52c-498b-a70a-f7b5c2b845a9@group-5FD8722A3841->5903dc6b-2e4c-43f3-9c86-89f09a7774cd-AppendLogResponseHandler: Failed appendEntries: org.apache.ratis.thirdparty.io.grpc.StatusRuntimeException: CANCELLED: HTTP/2 error code: CANCEL
Received Rst Stream
2019-09-12 04:45:14,760 [grpc-default-executor-3] INFO  impl.FollowerInfo (FollowerInfo.java:lambda$new$0(51)) - 4a6209c5-e52c-498b-a70a-f7b5c2b845a9@group-5FD8722A3841->5903dc6b-2e4c-43f3-9c86-89f09a7774cd: nextIndex: updateUnconditionally 35 -> 31
2019-09-12 04:45:14,762 [refreshUsed-/workdir/hadoop-ozone/integration-test/target/test-dir/MiniOzoneClusterImpl-0727815a-69b9-4555-83e7-340a4888e3ed/datanode-5/data/containers] WARN  fs.CachingGetSpaceUsed (CachingGetSpaceUsed.java:run(183)) - Thread Interrupted waiting to refresh disk information: sleep interrupted
2019-09-12 04:45:14,770 [ForkJoinPool.commonPool-worker-0] INFO  handler.ContextHandler (ContextHandler.java:doStop(910)) - Stopped o.e.j.w.WebAppContext@4745e9c{/,null,UNAVAILABLE}{/hddsDatanode}
2019-09-12 04:45:14,771 [ForkJoinPool.commonPool-worker-0] INFO  server.AbstractConnector (AbstractConnector.java:doStop(318)) - Stopped ServerConnector@2f2bff16{HTTP/1.1,[http/1.1]}{0.0.0.0:0}
2019-09-12 04:45:14,775 [ForkJoinPool.commonPool-worker-0] INFO  handler.ContextHandler (ContextHandler.java:doStop(910)) - Stopped o.e.j.s.ServletContextHandler@4b65d9f4{/static,jar:file:/home/user/.m2/repository/org/apache/hadoop/hadoop-hdds-container-service/0.5.0-SNAPSHOT/hadoop-hdds-container-service-0.5.0-SNAPSHOT.jar!/webapps/static,UNAVAILABLE}
2019-09-12 04:45:14,781 [ForkJoinPool.commonPool-worker-0] INFO  handler.ContextHandler (ContextHandler.java:doStop(910)) - Stopped o.e.j.s.ServletContextHandler@2e66bc32{/logs,file:///workdir/hadoop-ozone/integration-test/target/log,UNAVAILABLE}
2019-09-12 04:45:14,794 [main] INFO  utils.BackgroundService (BackgroundService.java:shutdown(148)) - Shutting down service BlockDeletingService
2019-09-12 04:45:14,799 [main] INFO  statemachine.DatanodeStateMachine (DatanodeStateMachine.java:stopDaemon(395)) - Ozone container server stopped.
2019-09-12 04:45:14,800 [main] INFO  handler.ContextHandler (ContextHandler.java:doStop(910)) - Stopped o.e.j.w.WebAppContext@3c83468e{/,null,UNAVAILABLE}{/hddsDatanode}
2019-09-12 04:45:14,800 [main] INFO  server.AbstractConnector (AbstractConnector.java:doStop(318)) - Stopped ServerConnector@272ce069{HTTP/1.1,[http/1.1]}{0.0.0.0:0}
2019-09-12 04:45:14,801 [main] INFO  handler.ContextHandler (ContextHandler.java:doStop(910)) - Stopped o.e.j.s.ServletContextHandler@ccf91df{/static,jar:file:/home/user/.m2/repository/org/apache/hadoop/hadoop-hdds-container-service/0.5.0-SNAPSHOT/hadoop-hdds-container-service-0.5.0-SNAPSHOT.jar!/webapps/static,UNAVAILABLE}
2019-09-12 04:45:14,801 [main] INFO  handler.ContextHandler (ContextHandler.java:doStop(910)) - Stopped o.e.j.s.ServletContextHandler@75d4a80f{/logs,file:///workdir/hadoop-ozone/integration-test/target/log,UNAVAILABLE}
2019-09-12 04:45:14,880 [grpc-default-executor-6] WARN  server.GrpcLogAppender (LogUtils.java:warn(134)) - dc062215-230a-40c1-88c1-e0a4fdad3ac4@group-4108054CE771->f262dcb5-fcde-4b4d-8116-9712eaf07b60-AppendLogResponseHandler: Failed appendEntries: org.apache.ratis.thirdparty.io.grpc.StatusRuntimeException: UNAVAILABLE: io exception
2019-09-12 04:45:14,880 [grpc-default-executor-6] INFO  impl.FollowerInfo (FollowerInfo.java:lambda$new$0(51)) - dc062215-230a-40c1-88c1-e0a4fdad3ac4@group-4108054CE771->f262dcb5-fcde-4b4d-8116-9712eaf07b60: nextIndex: updateUnconditionally 0 -> 0
2019-09-12 04:45:14,896 [grpc-default-executor-3] WARN  server.GrpcLogAppender (LogUtils.java:warn(134)) - dc062215-230a-40c1-88c1-e0a4fdad3ac4@group-4108054CE771->11629c23-30ab-483c-81ff-e86f5fb16847-AppendLogResponseHandler: Failed appendEntries: org.apache.ratis.thirdparty.io.grpc.StatusRuntimeException: UNAVAILABLE: io exception
2019-09-12 04:45:14,897 [grpc-default-executor-3] INFO  impl.FollowerInfo (FollowerInfo.java:lambda$new$0(51)) - dc062215-230a-40c1-88c1-e0a4fdad3ac4@group-4108054CE771->11629c23-30ab-483c-81ff-e86f5fb16847: nextIndex: updateUnconditionally 0 -> 0
2019-09-12 04:45:14,941 [java.util.concurrent.ThreadPoolExecutor$Worker@6ec811dd[State = -1, empty queue]] WARN  server.GrpcLogAppender (GrpcLogAppender.java:timeoutAppendRequest(200)) - 4a6209c5-e52c-498b-a70a-f7b5c2b845a9@group-5FD8722A3841->cf6464f0-cbf8-4363-9806-263215a09c56-GrpcLogAppender: appendEntries Timeout, request=4a6209c5-e52c-498b-a70a-f7b5c2b845a9->cf6464f0-cbf8-4363-9806-263215a09c56#172-t1, previous=(t:1, i:34), leaderCommit=30, initializing? false, entries: <empty>
2019-09-12 04:45:14,945 [grpc-default-executor-4] WARN  server.GrpcLogAppender (LogUtils.java:warn(134)) - 4a6209c5-e52c-498b-a70a-f7b5c2b845a9@group-5FD8722A3841->5903dc6b-2e4c-43f3-9c86-89f09a7774cd-AppendLogResponseHandler: Failed appendEntries: org.apache.ratis.thirdparty.io.grpc.StatusRuntimeException: UNAVAILABLE: io exception
2019-09-12 04:45:14,945 [grpc-default-executor-4] INFO  impl.FollowerInfo (FollowerInfo.java:lambda$new$0(51)) - 4a6209c5-e52c-498b-a70a-f7b5c2b845a9@group-5FD8722A3841->5903dc6b-2e4c-43f3-9c86-89f09a7774cd: nextIndex: updateUnconditionally 31 -> 30
2019-09-12 04:45:15,141 [Datanode State Machine Thread - 0] INFO  statemachine.DatanodeStateMachine (DatanodeStateMachine.java:lambda$startDaemon$0(350)) - Ozone container server started.
2019-09-12 04:45:15,195 [java.util.concurrent.ThreadPoolExecutor$Worker@1c8130ff[State = -1, empty queue]] WARN  server.GrpcLogAppender (GrpcLogAppender.java:timeoutAppendRequest(200)) - eec7f56f-87bd-4e59-a43c-c5b862436b1c@group-F3FC0297FA2D->6a9b9dd7-7806-4506-bdaf-7a94c8190a08-GrpcLogAppender: appendEntries Timeout, request=eec7f56f-87bd-4e59-a43c-c5b862436b1c->6a9b9dd7-7806-4506-bdaf-7a94c8190a08#158-t2, previous=(t:2, i:20), leaderCommit=16, initializing? false, entries: <empty>
2019-09-12 04:45:15,195 [java.util.concurrent.ThreadPoolExecutor$Worker@faa1c29[State = -1, empty queue]] WARN  server.GrpcLogAppender (GrpcLogAppender.java:timeoutAppendRequest(200)) - eec7f56f-87bd-4e59-a43c-c5b862436b1c@group-F3FC0297FA2D->2534340d-8749-41cd-9451-53923b204706-GrpcLogAppender: appendEntries Timeout, request=eec7f56f-87bd-4e59-a43c-c5b862436b1c->2534340d-8749-41cd-9451-53923b204706#158-t2, previous=(t:2, i:20), leaderCommit=16, initializing? false, entries: <empty>
2019-09-12 04:45:15,380 [grpc-default-executor-3] WARN  server.GrpcLogAppender (LogUtils.java:warn(134)) - dc062215-230a-40c1-88c1-e0a4fdad3ac4@group-4108054CE771->f262dcb5-fcde-4b4d-8116-9712eaf07b60-AppendLogResponseHandler: Failed appendEntries: org.apache.ratis.thirdparty.io.grpc.StatusRuntimeException: UNAVAILABLE: io exception
2019-09-12 04:45:15,381 [grpc-default-executor-3] INFO  impl.FollowerInfo (FollowerInfo.java:lambda$new$0(51)) - dc062215-230a-40c1-88c1-e0a4fdad3ac4@group-4108054CE771->f262dcb5-fcde-4b4d-8116-9712eaf07b60: nextIndex: updateUnconditionally 0 -> 0
2019-09-12 04:45:15,397 [grpc-default-executor-4] WARN  server.GrpcLogAppender (LogUtils.java:warn(134)) - dc062215-230a-40c1-88c1-e0a4fdad3ac4@group-4108054CE771->11629c23-30ab-483c-81ff-e86f5fb16847-AppendLogResponseHandler: Failed appendEntries: org.apache.ratis.thirdparty.io.grpc.StatusRuntimeException: UNAVAILABLE: io exception
2019-09-12 04:45:15,398 [grpc-default-executor-4] INFO  impl.FollowerInfo (FollowerInfo.java:lambda$new$0(51)) - dc062215-230a-40c1-88c1-e0a4fdad3ac4@group-4108054CE771->11629c23-30ab-483c-81ff-e86f5fb16847: nextIndex: updateUnconditionally 0 -> 0
2019-09-12 04:45:15,442 [java.util.concurrent.ThreadPoolExecutor$Worker@6ec811dd[State = -1, empty queue]] WARN  server.GrpcLogAppender (GrpcLogAppender.java:timeoutAppendRequest(200)) - 4a6209c5-e52c-498b-a70a-f7b5c2b845a9@group-5FD8722A3841->cf6464f0-cbf8-4363-9806-263215a09c56-GrpcLogAppender: appendEntries Timeout, request=4a6209c5-e52c-498b-a70a-f7b5c2b845a9->cf6464f0-cbf8-4363-9806-263215a09c56#173-t1, previous=(t:1, i:34), leaderCommit=30, initializing? false, entries: <empty>
2019-09-12 04:45:15,445 [grpc-default-executor-6] WARN  server.GrpcLogAppender (LogUtils.java:warn(134)) - 4a6209c5-e52c-498b-a70a-f7b5c2b845a9@group-5FD8722A3841->5903dc6b-2e4c-43f3-9c86-89f09a7774cd-AppendLogResponseHandler: Failed appendEntries: org.apache.ratis.thirdparty.io.grpc.StatusRuntimeException: UNAVAILABLE: io exception
2019-09-12 04:45:15,445 [grpc-default-executor-6] INFO  impl.FollowerInfo (FollowerInfo.java:lambda$new$0(51)) - 4a6209c5-e52c-498b-a70a-f7b5c2b845a9@group-5FD8722A3841->5903dc6b-2e4c-43f3-9c86-89f09a7774cd: nextIndex: updateUnconditionally 30 -> 29
2019-09-12 04:45:15,696 [java.util.concurrent.ThreadPoolExecutor$Worker@faa1c29[State = -1, empty queue]] WARN  server.GrpcLogAppender (GrpcLogAppender.java:timeoutAppendRequest(200)) - eec7f56f-87bd-4e59-a43c-c5b862436b1c@group-F3FC0297FA2D->2534340d-8749-41cd-9451-53923b204706-GrpcLogAppender: appendEntries Timeout, request=eec7f56f-87bd-4e59-a43c-c5b862436b1c->2534340d-8749-41cd-9451-53923b204706#159-t2, previous=(t:2, i:20), leaderCommit=16, initializing? false, entries: <empty>
2019-09-12 04:45:15,696 [java.util.concurrent.ThreadPoolExecutor$Worker@1c8130ff[State = -1, empty queue]] WARN  server.GrpcLogAppender (GrpcLogAppender.java:timeoutAppendRequest(200)) - eec7f56f-87bd-4e59-a43c-c5b862436b1c@group-F3FC0297FA2D->6a9b9dd7-7806-4506-bdaf-7a94c8190a08-GrpcLogAppender: appendEntries Timeout, request=eec7f56f-87bd-4e59-a43c-c5b862436b1c->6a9b9dd7-7806-4506-bdaf-7a94c8190a08#159-t2, previous=(t:2, i:20), leaderCommit=16, initializing? false, entries: <empty>
2019-09-12 04:45:15,718 [Datanode State Machine Thread - 0] INFO  statemachine.DatanodeStateMachine (DatanodeStateMachine.java:lambda$startDaemon$0(350)) - Ozone container server started.
2019-09-12 04:45:15,881 [grpc-default-executor-4] WARN  server.GrpcLogAppender (LogUtils.java:warn(134)) - dc062215-230a-40c1-88c1-e0a4fdad3ac4@group-4108054CE771->f262dcb5-fcde-4b4d-8116-9712eaf07b60-AppendLogResponseHandler: Failed appendEntries: org.apache.ratis.thirdparty.io.grpc.StatusRuntimeException: UNAVAILABLE: io exception
2019-09-12 04:45:15,882 [grpc-default-executor-4] INFO  impl.FollowerInfo (FollowerInfo.java:lambda$new$0(51)) - dc062215-230a-40c1-88c1-e0a4fdad3ac4@group-4108054CE771->f262dcb5-fcde-4b4d-8116-9712eaf07b60: nextIndex: updateUnconditionally 0 -> 0
2019-09-12 04:45:15,898 [grpc-default-executor-3] WARN  server.GrpcLogAppender (LogUtils.java:warn(134)) - dc062215-230a-40c1-88c1-e0a4fdad3ac4@group-4108054CE771->11629c23-30ab-483c-81ff-e86f5fb16847-AppendLogResponseHandler: Failed appendEntries: org.apache.ratis.thirdparty.io.grpc.StatusRuntimeException: UNAVAILABLE: io exception
2019-09-12 04:45:15,898 [grpc-default-executor-3] INFO  impl.FollowerInfo (FollowerInfo.java:lambda$new$0(51)) - dc062215-230a-40c1-88c1-e0a4fdad3ac4@group-4108054CE771->11629c23-30ab-483c-81ff-e86f5fb16847: nextIndex: updateUnconditionally 0 -> 0
2019-09-12 04:45:15,942 [java.util.concurrent.ThreadPoolExecutor$Worker@6ec811dd[State = -1, empty queue]] WARN  server.GrpcLogAppender (GrpcLogAppender.java:timeoutAppendRequest(200)) - 4a6209c5-e52c-498b-a70a-f7b5c2b845a9@group-5FD8722A3841->cf6464f0-cbf8-4363-9806-263215a09c56-GrpcLogAppender: appendEntries Timeout, request=4a6209c5-e52c-498b-a70a-f7b5c2b845a9->cf6464f0-cbf8-4363-9806-263215a09c56#174-t1, previous=(t:1, i:34), leaderCommit=30, initializing? false, entries: <empty>
2019-09-12 04:45:15,946 [grpc-default-executor-6] WARN  server.GrpcLogAppender (LogUtils.java:warn(134)) - 4a6209c5-e52c-498b-a70a-f7b5c2b845a9@group-5FD8722A3841->5903dc6b-2e4c-43f3-9c86-89f09a7774cd-AppendLogResponseHandler: Failed appendEntries: org.apache.ratis.thirdparty.io.grpc.StatusRuntimeException: UNAVAILABLE: io exception
2019-09-12 04:45:15,946 [grpc-default-executor-6] INFO  impl.FollowerInfo (FollowerInfo.java:lambda$new$0(51)) - 4a6209c5-e52c-498b-a70a-f7b5c2b845a9@group-5FD8722A3841->5903dc6b-2e4c-43f3-9c86-89f09a7774cd: nextIndex: updateUnconditionally 29 -> 28
2019-09-12 04:45:16,196 [java.util.concurrent.ThreadPoolExecutor$Worker@1c8130ff[State = -1, empty queue]] WARN  server.GrpcLogAppender (GrpcLogAppender.java:timeoutAppendRequest(200)) - eec7f56f-87bd-4e59-a43c-c5b862436b1c@group-F3FC0297FA2D->6a9b9dd7-7806-4506-bdaf-7a94c8190a08-GrpcLogAppender: appendEntries Timeout, request=eec7f56f-87bd-4e59-a43c-c5b862436b1c->6a9b9dd7-7806-4506-bdaf-7a94c8190a08#160-t2, previous=(t:2, i:20), leaderCommit=16, initializing? false, entries: <empty>
2019-09-12 04:45:16,196 [java.util.concurrent.ThreadPoolExecutor$Worker@faa1c29[State = -1, empty queue]] WARN  server.GrpcLogAppender (GrpcLogAppender.java:timeoutAppendRequest(200)) - eec7f56f-87bd-4e59-a43c-c5b862436b1c@group-F3FC0297FA2D->2534340d-8749-41cd-9451-53923b204706-GrpcLogAppender: appendEntries Timeout, request=eec7f56f-87bd-4e59-a43c-c5b862436b1c->2534340d-8749-41cd-9451-53923b204706#160-t2, previous=(t:2, i:20), leaderCommit=16, initializing? false, entries: <empty>
2019-09-12 04:45:16,384 [grpc-default-executor-6] WARN  server.GrpcLogAppender (LogUtils.java:warn(134)) - dc062215-230a-40c1-88c1-e0a4fdad3ac4@group-4108054CE771->f262dcb5-fcde-4b4d-8116-9712eaf07b60-AppendLogResponseHandler: Failed appendEntries: org.apache.ratis.thirdparty.io.grpc.StatusRuntimeException: UNAVAILABLE: io exception
2019-09-12 04:45:16,385 [grpc-default-executor-6] INFO  impl.FollowerInfo (FollowerInfo.java:lambda$new$0(51)) - dc062215-230a-40c1-88c1-e0a4fdad3ac4@group-4108054CE771->f262dcb5-fcde-4b4d-8116-9712eaf07b60: nextIndex: updateUnconditionally 0 -> 0
2019-09-12 04:45:16,398 [grpc-default-executor-3] WARN  server.GrpcLogAppender (LogUtils.java:warn(134)) - dc062215-230a-40c1-88c1-e0a4fdad3ac4@group-4108054CE771->11629c23-30ab-483c-81ff-e86f5fb16847-AppendLogResponseHandler: Failed appendEntries: org.apache.ratis.thirdparty.io.grpc.StatusRuntimeException: UNAVAILABLE: io exception
2019-09-12 04:45:16,399 [grpc-default-executor-3] INFO  impl.FollowerInfo (FollowerInfo.java:lambda$new$0(51)) - dc062215-230a-40c1-88c1-e0a4fdad3ac4@group-4108054CE771->11629c23-30ab-483c-81ff-e86f5fb16847: nextIndex: updateUnconditionally 0 -> 0
2019-09-12 04:45:16,443 [java.util.concurrent.ThreadPoolExecutor$Worker@6ec811dd[State = -1, empty queue]] WARN  server.GrpcLogAppender (GrpcLogAppender.java:timeoutAppendRequest(200)) - 4a6209c5-e52c-498b-a70a-f7b5c2b845a9@group-5FD8722A3841->cf6464f0-cbf8-4363-9806-263215a09c56-GrpcLogAppender: appendEntries Timeout, request=4a6209c5-e52c-498b-a70a-f7b5c2b845a9->cf6464f0-cbf8-4363-9806-263215a09c56#175-t1, previous=(t:1, i:34), leaderCommit=30, initializing? false, entries: <empty>
2019-09-12 04:45:16,446 [grpc-default-executor-4] WARN  server.GrpcLogAppender (LogUtils.java:warn(134)) - 4a6209c5-e52c-498b-a70a-f7b5c2b845a9@group-5FD8722A3841->5903dc6b-2e4c-43f3-9c86-89f09a7774cd-AppendLogResponseHandler: Failed appendEntries: org.apache.ratis.thirdparty.io.grpc.StatusRuntimeException: UNAVAILABLE: io exception
2019-09-12 04:45:16,447 [grpc-default-executor-4] INFO  impl.FollowerInfo (FollowerInfo.java:lambda$new$0(51)) - 4a6209c5-e52c-498b-a70a-f7b5c2b845a9@group-5FD8722A3841->5903dc6b-2e4c-43f3-9c86-89f09a7774cd: nextIndex: updateUnconditionally 28 -> 27
2019-09-12 04:45:16,696 [java.util.concurrent.ThreadPoolExecutor$Worker@faa1c29[State = -1, empty queue]] WARN  server.GrpcLogAppender (GrpcLogAppender.java:timeoutAppendRequest(200)) - eec7f56f-87bd-4e59-a43c-c5b862436b1c@group-F3FC0297FA2D->2534340d-8749-41cd-9451-53923b204706-GrpcLogAppender: appendEntries Timeout, request=eec7f56f-87bd-4e59-a43c-c5b862436b1c->2534340d-8749-41cd-9451-53923b204706#161-t2, previous=(t:2, i:20), leaderCommit=16, initializing? false, entries: <empty>
2019-09-12 04:45:16,696 [java.util.concurrent.ThreadPoolExecutor$Worker@1c8130ff[State = -1, empty queue]] WARN  server.GrpcLogAppender (GrpcLogAppender.java:timeoutAppendRequest(200)) - eec7f56f-87bd-4e59-a43c-c5b862436b1c@group-F3FC0297FA2D->6a9b9dd7-7806-4506-bdaf-7a94c8190a08-GrpcLogAppender: appendEntries Timeout, request=eec7f56f-87bd-4e59-a43c-c5b862436b1c->6a9b9dd7-7806-4506-bdaf-7a94c8190a08#161-t2, previous=(t:2, i:20), leaderCommit=16, initializing? false, entries: <empty>
2019-09-12 04:45:16,885 [grpc-default-executor-6] WARN  server.GrpcLogAppender (LogUtils.java:warn(134)) - dc062215-230a-40c1-88c1-e0a4fdad3ac4@group-4108054CE771->f262dcb5-fcde-4b4d-8116-9712eaf07b60-AppendLogResponseHandler: Failed appendEntries: org.apache.ratis.thirdparty.io.grpc.StatusRuntimeException: UNAVAILABLE: io exception
2019-09-12 04:45:16,885 [grpc-default-executor-6] INFO  impl.FollowerInfo (FollowerInfo.java:lambda$new$0(51)) - dc062215-230a-40c1-88c1-e0a4fdad3ac4@group-4108054CE771->f262dcb5-fcde-4b4d-8116-9712eaf07b60: nextIndex: updateUnconditionally 0 -> 0
2019-09-12 04:45:16,899 [grpc-default-executor-4] WARN  server.GrpcLogAppender (LogUtils.java:warn(134)) - dc062215-230a-40c1-88c1-e0a4fdad3ac4@group-4108054CE771->11629c23-30ab-483c-81ff-e86f5fb16847-AppendLogResponseHandler: Failed appendEntries: org.apache.ratis.thirdparty.io.grpc.StatusRuntimeException: UNAVAILABLE: io exception
2019-09-12 04:45:16,899 [grpc-default-executor-4] INFO  impl.FollowerInfo (FollowerInfo.java:lambda$new$0(51)) - dc062215-230a-40c1-88c1-e0a4fdad3ac4@group-4108054CE771->11629c23-30ab-483c-81ff-e86f5fb16847: nextIndex: updateUnconditionally 0 -> 0
2019-09-12 04:45:16,943 [java.util.concurrent.ThreadPoolExecutor$Worker@6ec811dd[State = -1, empty queue]] WARN  server.GrpcLogAppender (GrpcLogAppender.java:timeoutAppendRequest(200)) - 4a6209c5-e52c-498b-a70a-f7b5c2b845a9@group-5FD8722A3841->cf6464f0-cbf8-4363-9806-263215a09c56-GrpcLogAppender: appendEntries Timeout, request=4a6209c5-e52c-498b-a70a-f7b5c2b845a9->cf6464f0-cbf8-4363-9806-263215a09c56#176-t1, previous=(t:1, i:34), leaderCommit=30, initializing? false, entries: <empty>
2019-09-12 04:45:16,947 [grpc-default-executor-3] WARN  server.GrpcLogAppender (LogUtils.java:warn(134)) - 4a6209c5-e52c-498b-a70a-f7b5c2b845a9@group-5FD8722A3841->5903dc6b-2e4c-43f3-9c86-89f09a7774cd-AppendLogResponseHandler: Failed appendEntries: org.apache.ratis.thirdparty.io.grpc.StatusRuntimeException: UNAVAILABLE: io exception
2019-09-12 04:45:16,948 [grpc-default-executor-3] INFO  impl.FollowerInfo (FollowerInfo.java:lambda$new$0(51)) - 4a6209c5-e52c-498b-a70a-f7b5c2b845a9@group-5FD8722A3841->5903dc6b-2e4c-43f3-9c86-89f09a7774cd: nextIndex: updateUnconditionally 27 -> 26
2019-09-12 04:45:17,197 [java.util.concurrent.ThreadPoolExecutor$Worker@faa1c29[State = -1, empty queue]] WARN  server.GrpcLogAppender (GrpcLogAppender.java:timeoutAppendRequest(200)) - eec7f56f-87bd-4e59-a43c-c5b862436b1c@group-F3FC0297FA2D->2534340d-8749-41cd-9451-53923b204706-GrpcLogAppender: appendEntries Timeout, request=eec7f56f-87bd-4e59-a43c-c5b862436b1c->2534340d-8749-41cd-9451-53923b204706#162-t2, previous=(t:2, i:20), leaderCommit=16, initializing? false, entries: <empty>
2019-09-12 04:45:17,197 [java.util.concurrent.ThreadPoolExecutor$Worker@1c8130ff[State = -1, empty queue]] WARN  server.GrpcLogAppender (GrpcLogAppender.java:timeoutAppendRequest(200)) - eec7f56f-87bd-4e59-a43c-c5b862436b1c@group-F3FC0297FA2D->6a9b9dd7-7806-4506-bdaf-7a94c8190a08-GrpcLogAppender: appendEntries Timeout, request=eec7f56f-87bd-4e59-a43c-c5b862436b1c->6a9b9dd7-7806-4506-bdaf-7a94c8190a08#162-t2, previous=(t:2, i:20), leaderCommit=16, initializing? false, entries: <empty>
2019-09-12 04:45:17,388 [grpc-default-executor-4] WARN  server.GrpcLogAppender (LogUtils.java:warn(134)) - dc062215-230a-40c1-88c1-e0a4fdad3ac4@group-4108054CE771->f262dcb5-fcde-4b4d-8116-9712eaf07b60-AppendLogResponseHandler: Failed appendEntries: org.apache.ratis.thirdparty.io.grpc.StatusRuntimeException: UNAVAILABLE: io exception
2019-09-12 04:45:17,389 [grpc-default-executor-4] INFO  impl.FollowerInfo (FollowerInfo.java:lambda$new$0(51)) - dc062215-230a-40c1-88c1-e0a4fdad3ac4@group-4108054CE771->f262dcb5-fcde-4b4d-8116-9712eaf07b60: nextIndex: updateUnconditionally 0 -> 0
2019-09-12 04:45:17,400 [grpc-default-executor-4] WARN  server.GrpcLogAppender (LogUtils.java:warn(134)) - dc062215-230a-40c1-88c1-e0a4fdad3ac4@group-4108054CE771->11629c23-30ab-483c-81ff-e86f5fb16847-AppendLogResponseHandler: Failed appendEntries: org.apache.ratis.thirdparty.io.grpc.StatusRuntimeException: UNAVAILABLE: io exception
2019-09-12 04:45:17,400 [grpc-default-executor-4] INFO  impl.FollowerInfo (FollowerInfo.java:lambda$new$0(51)) - dc062215-230a-40c1-88c1-e0a4fdad3ac4@group-4108054CE771->11629c23-30ab-483c-81ff-e86f5fb16847: nextIndex: updateUnconditionally 0 -> 0
2019-09-12 04:45:17,444 [java.util.concurrent.ThreadPoolExecutor$Worker@6ec811dd[State = -1, empty queue]] WARN  server.GrpcLogAppender (GrpcLogAppender.java:timeoutAppendRequest(200)) - 4a6209c5-e52c-498b-a70a-f7b5c2b845a9@group-5FD8722A3841->cf6464f0-cbf8-4363-9806-263215a09c56-GrpcLogAppender: appendEntries Timeout, request=4a6209c5-e52c-498b-a70a-f7b5c2b845a9->cf6464f0-cbf8-4363-9806-263215a09c56#177-t1, previous=(t:1, i:34), leaderCommit=30, initializing? false, entries: <empty>
2019-09-12 04:45:17,448 [grpc-default-executor-6] WARN  server.GrpcLogAppender (LogUtils.java:warn(134)) - 4a6209c5-e52c-498b-a70a-f7b5c2b845a9@group-5FD8722A3841->5903dc6b-2e4c-43f3-9c86-89f09a7774cd-AppendLogResponseHandler: Failed appendEntries: org.apache.ratis.thirdparty.io.grpc.StatusRuntimeException: UNAVAILABLE: io exception
2019-09-12 04:45:17,448 [grpc-default-executor-6] INFO  impl.FollowerInfo (FollowerInfo.java:lambda$new$0(51)) - 4a6209c5-e52c-498b-a70a-f7b5c2b845a9@group-5FD8722A3841->5903dc6b-2e4c-43f3-9c86-89f09a7774cd: nextIndex: updateUnconditionally 26 -> 25
2019-09-12 04:45:17,615 [eec7f56f-87bd-4e59-a43c-c5b862436b1c@group-F3FC0297FA2D-SegmentedRaftLogWorker] WARN  segmented.SegmentedRaftLogWorker (SegmentedRaftLogWorker.java:getFromFuture(90)) - Timeout 4/~
org.apache.ratis.protocol.TimeoutIOException: Timeout 10s: WriteLog:17: (t:2, i:17), STATEMACHINELOGENTRY, client-7D300BD32A51, cid=53-writeStateMachineData
	at org.apache.ratis.util.IOUtils.getFromFuture(IOUtils.java:87)
	at org.apache.ratis.server.raftlog.segmented.SegmentedRaftLogWorker$StateMachineDataPolicy.getFromFuture(SegmentedRaftLogWorker.java:87)
	at org.apache.ratis.server.raftlog.segmented.SegmentedRaftLogWorker$WriteLog.execute(SegmentedRaftLogWorker.java:477)
	at org.apache.ratis.server.raftlog.segmented.SegmentedRaftLogWorker.run(SegmentedRaftLogWorker.java:289)
	at java.lang.Thread.run(Thread.java:748)
Caused by: java.util.concurrent.TimeoutException
	at java.util.concurrent.CompletableFuture.timedGet(CompletableFuture.java:1771)
	at java.util.concurrent.CompletableFuture.get(CompletableFuture.java:1915)
	at org.apache.ratis.util.IOUtils.getFromFuture(IOUtils.java:79)
	... 4 more
2019-09-12 04:45:17,641 [6a9b9dd7-7806-4506-bdaf-7a94c8190a08@group-F3FC0297FA2D-SegmentedRaftLogWorker] WARN  segmented.SegmentedRaftLogWorker (SegmentedRaftLogWorker.java:getFromFuture(90)) - Timeout 4/~
org.apache.ratis.protocol.TimeoutIOException: Timeout 10s: WriteLog:17: (t:2, i:17), STATEMACHINELOGENTRY, client-7D300BD32A51, cid=53-writeStateMachineData
	at org.apache.ratis.util.IOUtils.getFromFuture(IOUtils.java:87)
	at org.apache.ratis.server.raftlog.segmented.SegmentedRaftLogWorker$StateMachineDataPolicy.getFromFuture(SegmentedRaftLogWorker.java:87)
	at org.apache.ratis.server.raftlog.segmented.SegmentedRaftLogWorker$WriteLog.execute(SegmentedRaftLogWorker.java:477)
	at org.apache.ratis.server.raftlog.segmented.SegmentedRaftLogWorker.run(SegmentedRaftLogWorker.java:289)
	at java.lang.Thread.run(Thread.java:748)
Caused by: java.util.concurrent.TimeoutException
	at java.util.concurrent.CompletableFuture.timedGet(CompletableFuture.java:1771)
	at java.util.concurrent.CompletableFuture.get(CompletableFuture.java:1915)
	at org.apache.ratis.util.IOUtils.getFromFuture(IOUtils.java:79)
	... 4 more
2019-09-12 04:45:17,642 [2534340d-8749-41cd-9451-53923b204706@group-F3FC0297FA2D-SegmentedRaftLogWorker] WARN  segmented.SegmentedRaftLogWorker (SegmentedRaftLogWorker.java:getFromFuture(90)) - Timeout 4/~
org.apache.ratis.protocol.TimeoutIOException: Timeout 10s: WriteLog:17: (t:2, i:17), STATEMACHINELOGENTRY, client-7D300BD32A51, cid=53-writeStateMachineData
	at org.apache.ratis.util.IOUtils.getFromFuture(IOUtils.java:87)
	at org.apache.ratis.server.raftlog.segmented.SegmentedRaftLogWorker$StateMachineDataPolicy.getFromFuture(SegmentedRaftLogWorker.java:87)
	at org.apache.ratis.server.raftlog.segmented.SegmentedRaftLogWorker$WriteLog.execute(SegmentedRaftLogWorker.java:477)
	at org.apache.ratis.server.raftlog.segmented.SegmentedRaftLogWorker.run(SegmentedRaftLogWorker.java:289)
	at java.lang.Thread.run(Thread.java:748)
Caused by: java.util.concurrent.TimeoutException
	at java.util.concurrent.CompletableFuture.timedGet(CompletableFuture.java:1771)
	at java.util.concurrent.CompletableFuture.get(CompletableFuture.java:1915)
	at org.apache.ratis.util.IOUtils.getFromFuture(IOUtils.java:79)
	... 4 more
2019-09-12 04:45:17,699 [java.util.concurrent.ThreadPoolExecutor$Worker@1c8130ff[State = -1, empty queue]] WARN  server.GrpcLogAppender (GrpcLogAppender.java:timeoutAppendRequest(200)) - eec7f56f-87bd-4e59-a43c-c5b862436b1c@group-F3FC0297FA2D->6a9b9dd7-7806-4506-bdaf-7a94c8190a08-GrpcLogAppender: appendEntries Timeout, request=eec7f56f-87bd-4e59-a43c-c5b862436b1c->6a9b9dd7-7806-4506-bdaf-7a94c8190a08#163-t2, previous=(t:2, i:20), leaderCommit=16, initializing? false, entries: <empty>
2019-09-12 04:45:17,699 [java.util.concurrent.ThreadPoolExecutor$Worker@faa1c29[State = -1, empty queue]] WARN  server.GrpcLogAppender (GrpcLogAppender.java:timeoutAppendRequest(200)) - eec7f56f-87bd-4e59-a43c-c5b862436b1c@group-F3FC0297FA2D->2534340d-8749-41cd-9451-53923b204706-GrpcLogAppender: appendEntries Timeout, request=eec7f56f-87bd-4e59-a43c-c5b862436b1c->2534340d-8749-41cd-9451-53923b204706#163-t2, previous=(t:2, i:20), leaderCommit=16, initializing? false, entries: <empty>
2019-09-12 04:45:17,888 [grpc-default-executor-4] WARN  server.GrpcLogAppender (LogUtils.java:warn(134)) - dc062215-230a-40c1-88c1-e0a4fdad3ac4@group-4108054CE771->f262dcb5-fcde-4b4d-8116-9712eaf07b60-AppendLogResponseHandler: Failed appendEntries: org.apache.ratis.thirdparty.io.grpc.StatusRuntimeException: UNAVAILABLE: io exception
2019-09-12 04:45:17,888 [grpc-default-executor-4] INFO  impl.FollowerInfo (FollowerInfo.java:lambda$new$0(51)) - dc062215-230a-40c1-88c1-e0a4fdad3ac4@group-4108054CE771->f262dcb5-fcde-4b4d-8116-9712eaf07b60: nextIndex: updateUnconditionally 0 -> 0
2019-09-12 04:45:17,900 [grpc-default-executor-6] WARN  server.GrpcLogAppender (LogUtils.java:warn(134)) - dc062215-230a-40c1-88c1-e0a4fdad3ac4@group-4108054CE771->11629c23-30ab-483c-81ff-e86f5fb16847-AppendLogResponseHandler: Failed appendEntries: org.apache.ratis.thirdparty.io.grpc.StatusRuntimeException: UNAVAILABLE: io exception
2019-09-12 04:45:17,900 [grpc-default-executor-6] INFO  impl.FollowerInfo (FollowerInfo.java:lambda$new$0(51)) - dc062215-230a-40c1-88c1-e0a4fdad3ac4@group-4108054CE771->11629c23-30ab-483c-81ff-e86f5fb16847: nextIndex: updateUnconditionally 0 -> 0
2019-09-12 04:45:17,944 [java.util.concurrent.ThreadPoolExecutor$Worker@6ec811dd[State = -1, empty queue]] WARN  server.GrpcLogAppender (GrpcLogAppender.java:timeoutAppendRequest(200)) - 4a6209c5-e52c-498b-a70a-f7b5c2b845a9@group-5FD8722A3841->cf6464f0-cbf8-4363-9806-263215a09c56-GrpcLogAppender: appendEntries Timeout, request=4a6209c5-e52c-498b-a70a-f7b5c2b845a9->cf6464f0-cbf8-4363-9806-263215a09c56#178-t1, previous=(t:1, i:34), leaderCommit=30, initializing? false, entries: <empty>
2019-09-12 04:45:17,949 [grpc-default-executor-3] WARN  server.GrpcLogAppender (LogUtils.java:warn(134)) - 4a6209c5-e52c-498b-a70a-f7b5c2b845a9@group-5FD8722A3841->5903dc6b-2e4c-43f3-9c86-89f09a7774cd-AppendLogResponseHandler: Failed appendEntries: org.apache.ratis.thirdparty.io.grpc.StatusRuntimeException: UNAVAILABLE: io exception
2019-09-12 04:45:17,949 [grpc-default-executor-3] INFO  impl.FollowerInfo (FollowerInfo.java:lambda$new$0(51)) - 4a6209c5-e52c-498b-a70a-f7b5c2b845a9@group-5FD8722A3841->5903dc6b-2e4c-43f3-9c86-89f09a7774cd: nextIndex: updateUnconditionally 25 -> 24
2019-09-12 04:45:18,199 [java.util.concurrent.ThreadPoolExecutor$Worker@1c8130ff[State = -1, empty queue]] WARN  server.GrpcLogAppender (GrpcLogAppender.java:timeoutAppendRequest(200)) - eec7f56f-87bd-4e59-a43c-c5b862436b1c@group-F3FC0297FA2D->6a9b9dd7-7806-4506-bdaf-7a94c8190a08-GrpcLogAppender: appendEntries Timeout, request=eec7f56f-87bd-4e59-a43c-c5b862436b1c->6a9b9dd7-7806-4506-bdaf-7a94c8190a08#164-t2, previous=(t:2, i:20), leaderCommit=16, initializing? false, entries: <empty>
2019-09-12 04:45:18,199 [java.util.concurrent.ThreadPoolExecutor$Worker@faa1c29[State = -1, empty queue]] WARN  server.GrpcLogAppender (GrpcLogAppender.java:timeoutAppendRequest(200)) - eec7f56f-87bd-4e59-a43c-c5b862436b1c@group-F3FC0297FA2D->2534340d-8749-41cd-9451-53923b204706-GrpcLogAppender: appendEntries Timeout, request=eec7f56f-87bd-4e59-a43c-c5b862436b1c->2534340d-8749-41cd-9451-53923b204706#164-t2, previous=(t:2, i:20), leaderCommit=16, initializing? false, entries: <empty>
2019-09-12 04:45:18,389 [grpc-default-executor-6] WARN  server.GrpcLogAppender (LogUtils.java:warn(134)) - dc062215-230a-40c1-88c1-e0a4fdad3ac4@group-4108054CE771->f262dcb5-fcde-4b4d-8116-9712eaf07b60-AppendLogResponseHandler: Failed appendEntries: org.apache.ratis.thirdparty.io.grpc.StatusRuntimeException: UNAVAILABLE: io exception
2019-09-12 04:45:18,390 [grpc-default-executor-6] INFO  impl.FollowerInfo (FollowerInfo.java:lambda$new$0(51)) - dc062215-230a-40c1-88c1-e0a4fdad3ac4@group-4108054CE771->f262dcb5-fcde-4b4d-8116-9712eaf07b60: nextIndex: updateUnconditionally 0 -> 0
2019-09-12 04:45:18,401 [grpc-default-executor-6] WARN  server.GrpcLogAppender (LogUtils.java:warn(134)) - dc062215-230a-40c1-88c1-e0a4fdad3ac4@group-4108054CE771->11629c23-30ab-483c-81ff-e86f5fb16847-AppendLogResponseHandler: Failed appendEntries: org.apache.ratis.thirdparty.io.grpc.StatusRuntimeException: UNAVAILABLE: io exception
2019-09-12 04:45:18,401 [grpc-default-executor-6] INFO  impl.FollowerInfo (FollowerInfo.java:lambda$new$0(51)) - dc062215-230a-40c1-88c1-e0a4fdad3ac4@group-4108054CE771->11629c23-30ab-483c-81ff-e86f5fb16847: nextIndex: updateUnconditionally 0 -> 0
2019-09-12 04:45:18,444 [java.util.concurrent.ThreadPoolExecutor$Worker@6ec811dd[State = -1, empty queue]] WARN  server.GrpcLogAppender (GrpcLogAppender.java:timeoutAppendRequest(200)) - 4a6209c5-e52c-498b-a70a-f7b5c2b845a9@group-5FD8722A3841->cf6464f0-cbf8-4363-9806-263215a09c56-GrpcLogAppender: appendEntries Timeout, request=4a6209c5-e52c-498b-a70a-f7b5c2b845a9->cf6464f0-cbf8-4363-9806-263215a09c56#179-t1, previous=(t:1, i:34), leaderCommit=30, initializing? false, entries: <empty>
2019-09-12 04:45:18,448 [grpc-default-executor-4] WARN  server.GrpcLogAppender (LogUtils.java:warn(134)) - 4a6209c5-e52c-498b-a70a-f7b5c2b845a9@group-5FD8722A3841->5903dc6b-2e4c-43f3-9c86-89f09a7774cd-AppendLogResponseHandler: Failed appendEntries: org.apache.ratis.thirdparty.io.grpc.StatusRuntimeException: UNAVAILABLE: io exception
2019-09-12 04:45:18,449 [grpc-default-executor-4] INFO  impl.FollowerInfo (FollowerInfo.java:lambda$new$0(51)) - 4a6209c5-e52c-498b-a70a-f7b5c2b845a9@group-5FD8722A3841->5903dc6b-2e4c-43f3-9c86-89f09a7774cd: nextIndex: updateUnconditionally 24 -> 23
2019-09-12 04:45:18,700 [java.util.concurrent.ThreadPoolExecutor$Worker@faa1c29[State = -1, empty queue]] WARN  server.GrpcLogAppender (GrpcLogAppender.java:timeoutAppendRequest(200)) - eec7f56f-87bd-4e59-a43c-c5b862436b1c@group-F3FC0297FA2D->2534340d-8749-41cd-9451-53923b204706-GrpcLogAppender: appendEntries Timeout, request=eec7f56f-87bd-4e59-a43c-c5b862436b1c->2534340d-8749-41cd-9451-53923b204706#165-t2, previous=(t:2, i:20), leaderCommit=16, initializing? false, entries: <empty>
2019-09-12 04:45:18,700 [java.util.concurrent.ThreadPoolExecutor$Worker@1c8130ff[State = -1, empty queue]] WARN  server.GrpcLogAppender (GrpcLogAppender.java:timeoutAppendRequest(200)) - eec7f56f-87bd-4e59-a43c-c5b862436b1c@group-F3FC0297FA2D->6a9b9dd7-7806-4506-bdaf-7a94c8190a08-GrpcLogAppender: appendEntries Timeout, request=eec7f56f-87bd-4e59-a43c-c5b862436b1c->6a9b9dd7-7806-4506-bdaf-7a94c8190a08#165-t2, previous=(t:2, i:20), leaderCommit=16, initializing? false, entries: <empty>
2019-09-12 04:45:18,891 [grpc-default-executor-6] WARN  server.GrpcLogAppender (LogUtils.java:warn(134)) - dc062215-230a-40c1-88c1-e0a4fdad3ac4@group-4108054CE771->f262dcb5-fcde-4b4d-8116-9712eaf07b60-AppendLogResponseHandler: Failed appendEntries: org.apache.ratis.thirdparty.io.grpc.StatusRuntimeException: UNAVAILABLE: io exception
2019-09-12 04:45:18,891 [grpc-default-executor-6] INFO  impl.FollowerInfo (FollowerInfo.java:lambda$new$0(51)) - dc062215-230a-40c1-88c1-e0a4fdad3ac4@group-4108054CE771->f262dcb5-fcde-4b4d-8116-9712eaf07b60: nextIndex: updateUnconditionally 0 -> 0
2019-09-12 04:45:18,901 [grpc-default-executor-6] WARN  server.GrpcLogAppender (LogUtils.java:warn(134)) - dc062215-230a-40c1-88c1-e0a4fdad3ac4@group-4108054CE771->11629c23-30ab-483c-81ff-e86f5fb16847-AppendLogResponseHandler: Failed appendEntries: org.apache.ratis.thirdparty.io.grpc.StatusRuntimeException: UNAVAILABLE: io exception
2019-09-12 04:45:18,901 [grpc-default-executor-6] INFO  impl.FollowerInfo (FollowerInfo.java:lambda$new$0(51)) - dc062215-230a-40c1-88c1-e0a4fdad3ac4@group-4108054CE771->11629c23-30ab-483c-81ff-e86f5fb16847: nextIndex: updateUnconditionally 0 -> 0
2019-09-12 04:45:18,944 [java.util.concurrent.ThreadPoolExecutor$Worker@6ec811dd[State = -1, empty queue]] WARN  server.GrpcLogAppender (GrpcLogAppender.java:timeoutAppendRequest(200)) - 4a6209c5-e52c-498b-a70a-f7b5c2b845a9@group-5FD8722A3841->cf6464f0-cbf8-4363-9806-263215a09c56-GrpcLogAppender: appendEntries Timeout, request=4a6209c5-e52c-498b-a70a-f7b5c2b845a9->cf6464f0-cbf8-4363-9806-263215a09c56#180-t1, previous=(t:1, i:34), leaderCommit=30, initializing? false, entries: <empty>
2019-09-12 04:45:18,950 [grpc-default-executor-6] WARN  server.GrpcLogAppender (LogUtils.java:warn(134)) - 4a6209c5-e52c-498b-a70a-f7b5c2b845a9@group-5FD8722A3841->5903dc6b-2e4c-43f3-9c86-89f09a7774cd-AppendLogResponseHandler: Failed appendEntries: org.apache.ratis.thirdparty.io.grpc.StatusRuntimeException: UNAVAILABLE: io exception
2019-09-12 04:45:18,950 [grpc-default-executor-6] INFO  impl.FollowerInfo (FollowerInfo.java:lambda$new$0(51)) - 4a6209c5-e52c-498b-a70a-f7b5c2b845a9@group-5FD8722A3841->5903dc6b-2e4c-43f3-9c86-89f09a7774cd: nextIndex: updateUnconditionally 23 -> 22
2019-09-12 04:45:19,200 [java.util.concurrent.ThreadPoolExecutor$Worker@faa1c29[State = -1, empty queue]] WARN  server.GrpcLogAppender (GrpcLogAppender.java:timeoutAppendRequest(200)) - eec7f56f-87bd-4e59-a43c-c5b862436b1c@group-F3FC0297FA2D->2534340d-8749-41cd-9451-53923b204706-GrpcLogAppender: appendEntries Timeout, request=eec7f56f-87bd-4e59-a43c-c5b862436b1c->2534340d-8749-41cd-9451-53923b204706#166-t2, previous=(t:2, i:20), leaderCommit=16, initializing? false, entries: <empty>
2019-09-12 04:45:19,200 [java.util.concurrent.ThreadPoolExecutor$Worker@1c8130ff[State = -1, empty queue]] WARN  server.GrpcLogAppender (GrpcLogAppender.java:timeoutAppendRequest(200)) - eec7f56f-87bd-4e59-a43c-c5b862436b1c@group-F3FC0297FA2D->6a9b9dd7-7806-4506-bdaf-7a94c8190a08-GrpcLogAppender: appendEntries Timeout, request=eec7f56f-87bd-4e59-a43c-c5b862436b1c->6a9b9dd7-7806-4506-bdaf-7a94c8190a08#166-t2, previous=(t:2, i:20), leaderCommit=16, initializing? false, entries: <empty>
2019-09-12 04:45:19,391 [grpc-default-executor-3] WARN  server.GrpcLogAppender (LogUtils.java:warn(134)) - dc062215-230a-40c1-88c1-e0a4fdad3ac4@group-4108054CE771->f262dcb5-fcde-4b4d-8116-9712eaf07b60-AppendLogResponseHandler: Failed appendEntries: org.apache.ratis.thirdparty.io.grpc.StatusRuntimeException: UNAVAILABLE: io exception
2019-09-12 04:45:19,392 [grpc-default-executor-3] INFO  impl.FollowerInfo (FollowerInfo.java:lambda$new$0(51)) - dc062215-230a-40c1-88c1-e0a4fdad3ac4@group-4108054CE771->f262dcb5-fcde-4b4d-8116-9712eaf07b60: nextIndex: updateUnconditionally 0 -> 0
2019-09-12 04:45:19,402 [grpc-default-executor-6] WARN  server.GrpcLogAppender (LogUtils.java:warn(134)) - dc062215-230a-40c1-88c1-e0a4fdad3ac4@group-4108054CE771->11629c23-30ab-483c-81ff-e86f5fb16847-AppendLogResponseHandler: Failed appendEntries: org.apache.ratis.thirdparty.io.grpc.StatusRuntimeException: UNAVAILABLE: io exception
2019-09-12 04:45:19,402 [grpc-default-executor-6] INFO  impl.FollowerInfo (FollowerInfo.java:lambda$new$0(51)) - dc062215-230a-40c1-88c1-e0a4fdad3ac4@group-4108054CE771->11629c23-30ab-483c-81ff-e86f5fb16847: nextIndex: updateUnconditionally 0 -> 0
2019-09-12 04:45:19,593 [java.util.concurrent.ThreadPoolExecutor$Worker@6ec811dd[State = -1, empty queue]] WARN  server.GrpcLogAppender (GrpcLogAppender.java:timeoutAppendRequest(200)) - 4a6209c5-e52c-498b-a70a-f7b5c2b845a9@group-5FD8722A3841->cf6464f0-cbf8-4363-9806-263215a09c56-GrpcLogAppender: appendEntries Timeout, request=4a6209c5-e52c-498b-a70a-f7b5c2b845a9->cf6464f0-cbf8-4363-9806-263215a09c56#181-t1, previous=(t:1, i:34), leaderCommit=30, initializing? false, entries: <empty>
2019-09-12 04:45:19,633 [grpc-default-executor-6] WARN  server.GrpcLogAppender (LogUtils.java:warn(134)) - 4a6209c5-e52c-498b-a70a-f7b5c2b845a9@group-5FD8722A3841->5903dc6b-2e4c-43f3-9c86-89f09a7774cd-AppendLogResponseHandler: Failed appendEntries: org.apache.ratis.thirdparty.io.grpc.StatusRuntimeException: UNAVAILABLE: io exception
2019-09-12 04:45:19,634 [grpc-default-executor-6] INFO  impl.FollowerInfo (FollowerInfo.java:lambda$new$0(51)) - 4a6209c5-e52c-498b-a70a-f7b5c2b845a9@group-5FD8722A3841->5903dc6b-2e4c-43f3-9c86-89f09a7774cd: nextIndex: updateUnconditionally 22 -> 21
2019-09-12 04:45:19,701 [java.util.concurrent.ThreadPoolExecutor$Worker@1c8130ff[State = -1, empty queue]] WARN  server.GrpcLogAppender (GrpcLogAppender.java:timeoutAppendRequest(200)) - eec7f56f-87bd-4e59-a43c-c5b862436b1c@group-F3FC0297FA2D->6a9b9dd7-7806-4506-bdaf-7a94c8190a08-GrpcLogAppender: appendEntries Timeout, request=eec7f56f-87bd-4e59-a43c-c5b862436b1c->6a9b9dd7-7806-4506-bdaf-7a94c8190a08#167-t2, previous=(t:2, i:20), leaderCommit=16, initializing? false, entries: <empty>
2019-09-12 04:45:19,701 [java.util.concurrent.ThreadPoolExecutor$Worker@faa1c29[State = -1, empty queue]] WARN  server.GrpcLogAppender (GrpcLogAppender.java:timeoutAppendRequest(200)) - eec7f56f-87bd-4e59-a43c-c5b862436b1c@group-F3FC0297FA2D->2534340d-8749-41cd-9451-53923b204706-GrpcLogAppender: appendEntries Timeout, request=eec7f56f-87bd-4e59-a43c-c5b862436b1c->2534340d-8749-41cd-9451-53923b204706#167-t2, previous=(t:2, i:20), leaderCommit=16, initializing? false, entries: <empty>
2019-09-12 04:45:19,785 [ForkJoinPool.commonPool-worker-0] INFO  ozoneimpl.OzoneContainer (OzoneContainer.java:stop(231)) - Attempting to stop container services.
2019-09-12 04:45:19,787 [ForkJoinPool.commonPool-worker-0] INFO  impl.RaftServerProxy (RaftServerProxy.java:lambda$close$4(314)) - dc062215-230a-40c1-88c1-e0a4fdad3ac4: close
2019-09-12 04:45:19,787 [ForkJoinPool.commonPool-worker-0] INFO  impl.RaftServerImpl (RaftServerImpl.java:lambda$shutdown$3(251)) - dc062215-230a-40c1-88c1-e0a4fdad3ac4@group-4108054CE771: shutdown
2019-09-12 04:45:19,788 [ForkJoinPool.commonPool-worker-0] INFO  util.JmxRegister (JmxRegister.java:unregister(73)) - Successfully un-registered JMX Bean with object name Ratis:service=RaftServer,group=group-4108054CE771,id=dc062215-230a-40c1-88c1-e0a4fdad3ac4
2019-09-12 04:45:19,788 [ForkJoinPool.commonPool-worker-0] INFO  impl.RoleInfo (RoleInfo.java:shutdownLeaderState(104)) - dc062215-230a-40c1-88c1-e0a4fdad3ac4: shutdown LeaderState
2019-09-12 04:45:19,793 [ForkJoinPool.commonPool-worker-0] INFO  impl.PendingRequests (PendingRequests.java:sendNotLeaderResponses(202)) - dc062215-230a-40c1-88c1-e0a4fdad3ac4-PendingRequests: sendNotLeaderResponses
2019-09-12 04:45:19,793 [org.apache.ratis.server.impl.LogAppender$AppenderDaemon$$Lambda$547/922444527@de472aa] WARN  server.GrpcLogAppender (GrpcLogAppender.java:mayWait(143)) - dc062215-230a-40c1-88c1-e0a4fdad3ac4@group-4108054CE771->11629c23-30ab-483c-81ff-e86f5fb16847-GrpcLogAppender: Wait interrupted by java.lang.InterruptedException
2019-09-12 04:45:19,793 [org.apache.ratis.server.impl.LogAppender$AppenderDaemon$$Lambda$547/922444527@3e13bed] WARN  server.GrpcLogAppender (GrpcLogAppender.java:mayWait(143)) - dc062215-230a-40c1-88c1-e0a4fdad3ac4@group-4108054CE771->f262dcb5-fcde-4b4d-8116-9712eaf07b60-GrpcLogAppender: Wait interrupted by java.lang.InterruptedException
2019-09-12 04:45:19,798 [ForkJoinPool.commonPool-worker-0] INFO  impl.StateMachineUpdater (StateMachineUpdater.java:stopAndJoin(125)) - dc062215-230a-40c1-88c1-e0a4fdad3ac4@group-4108054CE771-StateMachineUpdater: set stopIndex = 16
2019-09-12 04:45:19,798 [dc062215-230a-40c1-88c1-e0a4fdad3ac4@group-4108054CE771-StateMachineUpdater] INFO  ratis.ContainerStateMachine (ContainerStateMachine.java:takeSnapshot(289)) - group-4108054CE771: Taking a snapshot at:(t:2, i:12) file /workdir/hadoop-ozone/integration-test/target/test-dir/MiniOzoneClusterImpl-0727815a-69b9-4555-83e7-340a4888e3ed/datanode-3/data/ratis/9b9520e7-d4bb-49c1-a64e-4108054ce771/sm/snapshot.2_12
2019-09-12 04:45:19,803 [main] INFO  ozoneimpl.OzoneContainer (OzoneContainer.java:stop(231)) - Attempting to stop container services.
2019-09-12 04:45:19,803 [main] INFO  impl.RaftServerProxy (RaftServerProxy.java:lambda$close$4(314)) - 2534340d-8749-41cd-9451-53923b204706: close
2019-09-12 04:45:19,804 [main] INFO  impl.RaftServerImpl (RaftServerImpl.java:lambda$shutdown$3(251)) - 2534340d-8749-41cd-9451-53923b204706@group-82EACF060F3A: shutdown
2019-09-12 04:45:19,804 [main] INFO  util.JmxRegister (JmxRegister.java:unregister(73)) - Successfully un-registered JMX Bean with object name Ratis:service=RaftServer,group=group-82EACF060F3A,id=2534340d-8749-41cd-9451-53923b204706
2019-09-12 04:45:19,805 [main] INFO  impl.RoleInfo (RoleInfo.java:shutdownLeaderState(104)) - 2534340d-8749-41cd-9451-53923b204706: shutdown LeaderState
2019-09-12 04:45:19,805 [main] INFO  impl.PendingRequests (PendingRequests.java:sendNotLeaderResponses(202)) - 2534340d-8749-41cd-9451-53923b204706-PendingRequests: sendNotLeaderResponses
2019-09-12 04:45:19,806 [main] INFO  impl.StateMachineUpdater (StateMachineUpdater.java:stopAndJoin(125)) - 2534340d-8749-41cd-9451-53923b204706@group-82EACF060F3A-StateMachineUpdater: set stopIndex = 0
2019-09-12 04:45:19,806 [main] INFO  impl.RaftServerImpl (ServerState.java:close(385)) - 2534340d-8749-41cd-9451-53923b204706@group-82EACF060F3A: closes. applyIndex: 0
2019-09-12 04:45:19,807 [2534340d-8749-41cd-9451-53923b204706@group-82EACF060F3A-SegmentedRaftLogWorker] INFO  segmented.SegmentedRaftLogWorker (SegmentedRaftLogWorker.java:run(313)) - 2534340d-8749-41cd-9451-53923b204706@group-82EACF060F3A-SegmentedRaftLogWorker was interrupted, exiting. There are 0 tasks remaining in the queue.
2019-09-12 04:45:19,809 [main] INFO  segmented.SegmentedRaftLogWorker (SegmentedRaftLogWorker.java:close(228)) - 2534340d-8749-41cd-9451-53923b204706@group-82EACF060F3A-SegmentedRaftLogWorker close()
2019-09-12 04:45:19,811 [dc062215-230a-40c1-88c1-e0a4fdad3ac4@group-4108054CE771-StateMachineUpdater] INFO  ratis.ContainerStateMachine (ContainerStateMachine.java:takeSnapshot(300)) - group-4108054CE771: Finished taking a snapshot at:(t:2, i:12) file:/workdir/hadoop-ozone/integration-test/target/test-dir/MiniOzoneClusterImpl-0727815a-69b9-4555-83e7-340a4888e3ed/datanode-3/data/ratis/9b9520e7-d4bb-49c1-a64e-4108054ce771/sm/snapshot.2_12 time:14
2019-09-12 04:45:19,813 [dc062215-230a-40c1-88c1-e0a4fdad3ac4@group-4108054CE771-StateMachineUpdater] INFO  impl.StateMachineUpdater (StateMachineUpdater.java:takeSnapshot(258)) - dc062215-230a-40c1-88c1-e0a4fdad3ac4@group-4108054CE771-StateMachineUpdater: Took a snapshot at index 12
2019-09-12 04:45:19,813 [main] INFO  impl.RaftServerImpl (RaftServerImpl.java:lambda$shutdown$3(251)) - 2534340d-8749-41cd-9451-53923b204706@group-F3FC0297FA2D: shutdown
2019-09-12 04:45:19,813 [dc062215-230a-40c1-88c1-e0a4fdad3ac4@group-4108054CE771-StateMachineUpdater] INFO  impl.StateMachineUpdater (StateMachineUpdater.java:lambda$new$0(83)) - dc062215-230a-40c1-88c1-e0a4fdad3ac4@group-4108054CE771-StateMachineUpdater: snapshotIndex: updateIncreasingly -1 -> 12
2019-09-12 04:45:19,814 [main] INFO  util.JmxRegister (JmxRegister.java:unregister(73)) - Successfully un-registered JMX Bean with object name Ratis:service=RaftServer,group=group-F3FC0297FA2D,id=2534340d-8749-41cd-9451-53923b204706
2019-09-12 04:45:19,814 [dc062215-230a-40c1-88c1-e0a4fdad3ac4@group-4108054CE771-StateMachineUpdater] INFO  ratis.ContainerStateMachine (ContainerStateMachine.java:takeSnapshot(289)) - group-4108054CE771: Taking a snapshot at:(t:2, i:12) file /workdir/hadoop-ozone/integration-test/target/test-dir/MiniOzoneClusterImpl-0727815a-69b9-4555-83e7-340a4888e3ed/datanode-3/data/ratis/9b9520e7-d4bb-49c1-a64e-4108054ce771/sm/snapshot.2_12
2019-09-12 04:45:19,814 [main] INFO  impl.RoleInfo (RoleInfo.java:shutdownFollowerState(121)) - 2534340d-8749-41cd-9451-53923b204706: shutdown FollowerState
2019-09-12 04:45:19,815 [main] INFO  impl.StateMachineUpdater (StateMachineUpdater.java:stopAndJoin(125)) - 2534340d-8749-41cd-9451-53923b204706@group-F3FC0297FA2D-StateMachineUpdater: set stopIndex = 16
2019-09-12 04:45:19,815 [2534340d-8749-41cd-9451-53923b204706@group-F3FC0297FA2D-StateMachineUpdater] INFO  ratis.ContainerStateMachine (ContainerStateMachine.java:takeSnapshot(289)) - group-F3FC0297FA2D: Taking a snapshot at:(t:2, i:12) file /workdir/hadoop-ozone/integration-test/target/test-dir/MiniOzoneClusterImpl-0727815a-69b9-4555-83e7-340a4888e3ed/datanode-9/data/ratis/bddb4342-453a-4bb7-bb26-f3fc0297fa2d/sm/snapshot.2_12
2019-09-12 04:45:19,815 [Thread-418] INFO  impl.FollowerState (FollowerState.java:run(115)) - 2534340d-8749-41cd-9451-53923b204706: FollowerState was interrupted: java.lang.InterruptedException: sleep interrupted
2019-09-12 04:45:19,817 [dc062215-230a-40c1-88c1-e0a4fdad3ac4@group-4108054CE771-StateMachineUpdater] INFO  ratis.ContainerStateMachine (ContainerStateMachine.java:takeSnapshot(300)) - group-4108054CE771: Finished taking a snapshot at:(t:2, i:12) file:/workdir/hadoop-ozone/integration-test/target/test-dir/MiniOzoneClusterImpl-0727815a-69b9-4555-83e7-340a4888e3ed/datanode-3/data/ratis/9b9520e7-d4bb-49c1-a64e-4108054ce771/sm/snapshot.2_12 time:3
2019-09-12 04:45:19,817 [dc062215-230a-40c1-88c1-e0a4fdad3ac4@group-4108054CE771-StateMachineUpdater] INFO  impl.StateMachineUpdater (StateMachineUpdater.java:takeSnapshot(258)) - dc062215-230a-40c1-88c1-e0a4fdad3ac4@group-4108054CE771-StateMachineUpdater: Took a snapshot at index 12
2019-09-12 04:45:19,817 [dc062215-230a-40c1-88c1-e0a4fdad3ac4@group-4108054CE771-StateMachineUpdater] INFO  impl.StateMachineUpdater (StateMachineUpdater.java:lambda$new$0(83)) - dc062215-230a-40c1-88c1-e0a4fdad3ac4@group-4108054CE771-StateMachineUpdater: snapshotIndex: updateIncreasingly 12 -> 12
2019-09-12 04:45:19,817 [ForkJoinPool.commonPool-worker-0] INFO  impl.RaftServerImpl (ServerState.java:close(385)) - dc062215-230a-40c1-88c1-e0a4fdad3ac4@group-4108054CE771: closes. applyIndex: 16
2019-09-12 04:45:19,818 [dc062215-230a-40c1-88c1-e0a4fdad3ac4@group-4108054CE771-SegmentedRaftLogWorker] INFO  segmented.SegmentedRaftLogWorker (SegmentedRaftLogWorker.java:run(313)) - dc062215-230a-40c1-88c1-e0a4fdad3ac4@group-4108054CE771-SegmentedRaftLogWorker was interrupted, exiting. There are 0 tasks remaining in the queue.
2019-09-12 04:45:19,820 [ForkJoinPool.commonPool-worker-0] INFO  segmented.SegmentedRaftLogWorker (SegmentedRaftLogWorker.java:close(228)) - dc062215-230a-40c1-88c1-e0a4fdad3ac4@group-4108054CE771-SegmentedRaftLogWorker close()
2019-09-12 04:45:19,823 [ForkJoinPool.commonPool-worker-0] INFO  impl.RaftServerImpl (RaftServerImpl.java:lambda$shutdown$3(251)) - dc062215-230a-40c1-88c1-e0a4fdad3ac4@group-D763D5DD720D: shutdown
2019-09-12 04:45:19,823 [2534340d-8749-41cd-9451-53923b204706@group-F3FC0297FA2D-StateMachineUpdater] INFO  ratis.ContainerStateMachine (ContainerStateMachine.java:takeSnapshot(300)) - group-F3FC0297FA2D: Finished taking a snapshot at:(t:2, i:12) file:/workdir/hadoop-ozone/integration-test/target/test-dir/MiniOzoneClusterImpl-0727815a-69b9-4555-83e7-340a4888e3ed/datanode-9/data/ratis/bddb4342-453a-4bb7-bb26-f3fc0297fa2d/sm/snapshot.2_12 time:7
2019-09-12 04:45:19,823 [ForkJoinPool.commonPool-worker-0] INFO  util.JmxRegister (JmxRegister.java:unregister(73)) - Successfully un-registered JMX Bean with object name Ratis:service=RaftServer,group=group-D763D5DD720D,id=dc062215-230a-40c1-88c1-e0a4fdad3ac4
2019-09-12 04:45:19,823 [2534340d-8749-41cd-9451-53923b204706@group-F3FC0297FA2D-StateMachineUpdater] INFO  impl.StateMachineUpdater (StateMachineUpdater.java:takeSnapshot(258)) - 2534340d-8749-41cd-9451-53923b204706@group-F3FC0297FA2D-StateMachineUpdater: Took a snapshot at index 12
2019-09-12 04:45:19,823 [ForkJoinPool.commonPool-worker-0] INFO  impl.RoleInfo (RoleInfo.java:shutdownLeaderState(104)) - dc062215-230a-40c1-88c1-e0a4fdad3ac4: shutdown LeaderState
2019-09-12 04:45:19,823 [2534340d-8749-41cd-9451-53923b204706@group-F3FC0297FA2D-StateMachineUpdater] INFO  impl.StateMachineUpdater (StateMachineUpdater.java:lambda$new$0(83)) - 2534340d-8749-41cd-9451-53923b204706@group-F3FC0297FA2D-StateMachineUpdater: snapshotIndex: updateIncreasingly -1 -> 12
2019-09-12 04:45:19,824 [ForkJoinPool.commonPool-worker-0] INFO  impl.PendingRequests (PendingRequests.java:sendNotLeaderResponses(202)) - dc062215-230a-40c1-88c1-e0a4fdad3ac4-PendingRequests: sendNotLeaderResponses
2019-09-12 04:45:19,824 [2534340d-8749-41cd-9451-53923b204706@group-F3FC0297FA2D-StateMachineUpdater] INFO  ratis.ContainerStateMachine (ContainerStateMachine.java:takeSnapshot(289)) - group-F3FC0297FA2D: Taking a snapshot at:(t:2, i:12) file /workdir/hadoop-ozone/integration-test/target/test-dir/MiniOzoneClusterImpl-0727815a-69b9-4555-83e7-340a4888e3ed/datanode-9/data/ratis/bddb4342-453a-4bb7-bb26-f3fc0297fa2d/sm/snapshot.2_12
2019-09-12 04:45:19,824 [ForkJoinPool.commonPool-worker-0] INFO  impl.StateMachineUpdater (StateMachineUpdater.java:stopAndJoin(125)) - dc062215-230a-40c1-88c1-e0a4fdad3ac4@group-D763D5DD720D-StateMachineUpdater: set stopIndex = 0
2019-09-12 04:45:19,825 [ForkJoinPool.commonPool-worker-0] INFO  impl.RaftServerImpl (ServerState.java:close(385)) - dc062215-230a-40c1-88c1-e0a4fdad3ac4@group-D763D5DD720D: closes. applyIndex: 0
2019-09-12 04:45:19,825 [dc062215-230a-40c1-88c1-e0a4fdad3ac4@group-D763D5DD720D-SegmentedRaftLogWorker] INFO  segmented.SegmentedRaftLogWorker (SegmentedRaftLogWorker.java:run(313)) - dc062215-230a-40c1-88c1-e0a4fdad3ac4@group-D763D5DD720D-SegmentedRaftLogWorker was interrupted, exiting. There are 0 tasks remaining in the queue.
2019-09-12 04:45:19,827 [ForkJoinPool.commonPool-worker-0] INFO  segmented.SegmentedRaftLogWorker (SegmentedRaftLogWorker.java:close(228)) - dc062215-230a-40c1-88c1-e0a4fdad3ac4@group-D763D5DD720D-SegmentedRaftLogWorker close()
2019-09-12 04:45:19,830 [2534340d-8749-41cd-9451-53923b204706@group-F3FC0297FA2D-StateMachineUpdater] INFO  ratis.ContainerStateMachine (ContainerStateMachine.java:takeSnapshot(300)) - group-F3FC0297FA2D: Finished taking a snapshot at:(t:2, i:12) file:/workdir/hadoop-ozone/integration-test/target/test-dir/MiniOzoneClusterImpl-0727815a-69b9-4555-83e7-340a4888e3ed/datanode-9/data/ratis/bddb4342-453a-4bb7-bb26-f3fc0297fa2d/sm/snapshot.2_12 time:5
2019-09-12 04:45:19,830 [ForkJoinPool.commonPool-worker-0] INFO  server.GrpcService (GrpcService.java:closeImpl(164)) - dc062215-230a-40c1-88c1-e0a4fdad3ac4: shutdown server with port 46577 now
2019-09-12 04:45:19,830 [2534340d-8749-41cd-9451-53923b204706@group-F3FC0297FA2D-StateMachineUpdater] INFO  impl.StateMachineUpdater (StateMachineUpdater.java:takeSnapshot(258)) - 2534340d-8749-41cd-9451-53923b204706@group-F3FC0297FA2D-StateMachineUpdater: Took a snapshot at index 12
2019-09-12 04:45:19,831 [2534340d-8749-41cd-9451-53923b204706@group-F3FC0297FA2D-StateMachineUpdater] INFO  impl.StateMachineUpdater (StateMachineUpdater.java:lambda$new$0(83)) - 2534340d-8749-41cd-9451-53923b204706@group-F3FC0297FA2D-StateMachineUpdater: snapshotIndex: updateIncreasingly 12 -> 12
2019-09-12 04:45:19,831 [main] INFO  impl.RaftServerImpl (ServerState.java:close(385)) - 2534340d-8749-41cd-9451-53923b204706@group-F3FC0297FA2D: closes. applyIndex: 16
2019-09-12 04:45:19,831 [ForkJoinPool.commonPool-worker-0] INFO  server.GrpcService (GrpcService.java:closeImpl(172)) - dc062215-230a-40c1-88c1-e0a4fdad3ac4: shutdown server with port 46577 successfully
2019-09-12 04:45:19,834 [2534340d-8749-41cd-9451-53923b204706@group-F3FC0297FA2D-SegmentedRaftLogWorker] ERROR ratis.XceiverServerRatis (XceiverServerRatis.java:triggerPipelineClose(568)) - pipeline Action CLOSE  on pipeline PipelineID=bddb4342-453a-4bb7-bb26-f3fc0297fa2d.Reason : WriteLog:17: (t:2, i:17), STATEMACHINELOGENTRY, client-7D300BD32A51, cid=53-writeStateMachineData interrupted.
2019-09-12 04:45:19,844 [main] INFO  segmented.SegmentedRaftLogWorker (SegmentedRaftLogWorker.java:close(228)) - 2534340d-8749-41cd-9451-53923b204706@group-F3FC0297FA2D-SegmentedRaftLogWorker close()
2019-09-12 04:45:19,846 [main] INFO  server.GrpcService (GrpcService.java:closeImpl(164)) - 2534340d-8749-41cd-9451-53923b204706: shutdown server with port 34449 now
2019-09-12 04:45:19,848 [grpc-default-executor-3] WARN  server.GrpcServerProtocolService (LogUtils.java:warn(134)) - 2534340d-8749-41cd-9451-53923b204706: installSnapshot onError, lastRequest: eec7f56f-87bd-4e59-a43c-c5b862436b1c->2534340d-8749-41cd-9451-53923b204706#173-t2, previous=(t:2, i:20), leaderCommit=16, initializing? false, entries: <empty>: org.apache.ratis.thirdparty.io.grpc.StatusRuntimeException: CANCELLED: cancelled before receiving half close
2019-09-12 04:45:19,848 [main] INFO  server.GrpcService (GrpcService.java:closeImpl(172)) - 2534340d-8749-41cd-9451-53923b204706: shutdown server with port 34449 successfully
2019-09-12 04:45:19,851 [grpc-default-executor-4] WARN  server.GrpcLogAppender (LogUtils.java:warn(134)) - eec7f56f-87bd-4e59-a43c-c5b862436b1c@group-F3FC0297FA2D->2534340d-8749-41cd-9451-53923b204706-AppendLogResponseHandler: Failed appendEntries: org.apache.ratis.thirdparty.io.grpc.StatusRuntimeException: CANCELLED: HTTP/2 error code: CANCEL
Received Rst Stream
2019-09-12 04:45:19,854 [grpc-default-executor-4] INFO  impl.FollowerInfo (FollowerInfo.java:lambda$new$0(51)) - eec7f56f-87bd-4e59-a43c-c5b862436b1c@group-F3FC0297FA2D->2534340d-8749-41cd-9451-53923b204706: nextIndex: updateUnconditionally 21 -> 17
2019-09-12 04:45:19,855 [refreshUsed-/workdir/hadoop-ozone/integration-test/target/test-dir/MiniOzoneClusterImpl-0727815a-69b9-4555-83e7-340a4888e3ed/datanode-9/data/containers] WARN  fs.CachingGetSpaceUsed (CachingGetSpaceUsed.java:run(183)) - Thread Interrupted waiting to refresh disk information: sleep interrupted
2019-09-12 04:45:19,856 [refreshUsed-/workdir/hadoop-ozone/integration-test/target/test-dir/MiniOzoneClusterImpl-0727815a-69b9-4555-83e7-340a4888e3ed/datanode-3/data/containers] WARN  fs.CachingGetSpaceUsed (CachingGetSpaceUsed.java:run(183)) - Thread Interrupted waiting to refresh disk information: sleep interrupted
2019-09-12 04:45:19,874 [ForkJoinPool.commonPool-worker-0] INFO  utils.BackgroundService (BackgroundService.java:shutdown(148)) - Shutting down service BlockDeletingService
2019-09-12 04:45:19,874 [main] INFO  utils.BackgroundService (BackgroundService.java:shutdown(148)) - Shutting down service BlockDeletingService
2019-09-12 04:45:19,878 [ForkJoinPool.commonPool-worker-0] INFO  statemachine.DatanodeStateMachine (DatanodeStateMachine.java:stopDaemon(395)) - Ozone container server stopped.
2019-09-12 04:45:19,883 [main] INFO  statemachine.DatanodeStateMachine (DatanodeStateMachine.java:stopDaemon(395)) - Ozone container server stopped.
2019-09-12 04:45:19,885 [ForkJoinPool.commonPool-worker-0] INFO  handler.ContextHandler (ContextHandler.java:doStop(910)) - Stopped o.e.j.w.WebAppContext@7d44a19{/,null,UNAVAILABLE}{/hddsDatanode}
2019-09-12 04:45:19,885 [main] INFO  handler.ContextHandler (ContextHandler.java:doStop(910)) - Stopped o.e.j.w.WebAppContext@3c87fdf2{/,null,UNAVAILABLE}{/hddsDatanode}
2019-09-12 04:45:19,886 [ForkJoinPool.commonPool-worker-0] INFO  server.AbstractConnector (AbstractConnector.java:doStop(318)) - Stopped ServerConnector@1fb2d5e{HTTP/1.1,[http/1.1]}{0.0.0.0:0}
2019-09-12 04:45:19,888 [ForkJoinPool.commonPool-worker-0] INFO  handler.ContextHandler (ContextHandler.java:doStop(910)) - Stopped o.e.j.s.ServletContextHandler@53b7ce6{/static,jar:file:/home/user/.m2/repository/org/apache/hadoop/hadoop-hdds-container-service/0.5.0-SNAPSHOT/hadoop-hdds-container-service-0.5.0-SNAPSHOT.jar!/webapps/static,UNAVAILABLE}
2019-09-12 04:45:19,888 [main] INFO  server.AbstractConnector (AbstractConnector.java:doStop(318)) - Stopped ServerConnector@26bbe604{HTTP/1.1,[http/1.1]}{0.0.0.0:0}
2019-09-12 04:45:19,889 [ForkJoinPool.commonPool-worker-0] INFO  handler.ContextHandler (ContextHandler.java:doStop(910)) - Stopped o.e.j.s.ServletContextHandler@74ecacc3{/logs,file:///workdir/hadoop-ozone/integration-test/target/log,UNAVAILABLE}
2019-09-12 04:45:19,889 [main] INFO  handler.ContextHandler (ContextHandler.java:doStop(910)) - Stopped o.e.j.s.ServletContextHandler@4e49ce2b{/static,jar:file:/home/user/.m2/repository/org/apache/hadoop/hadoop-hdds-container-service/0.5.0-SNAPSHOT/hadoop-hdds-container-service-0.5.0-SNAPSHOT.jar!/webapps/static,UNAVAILABLE}
2019-09-12 04:45:19,890 [main] INFO  handler.ContextHandler (ContextHandler.java:doStop(910)) - Stopped o.e.j.s.ServletContextHandler@7b676112{/logs,file:///workdir/hadoop-ozone/integration-test/target/log,UNAVAILABLE}
2019-09-12 04:45:19,945 [java.util.concurrent.ThreadPoolExecutor$Worker@6ec811dd[State = -1, empty queue]] WARN  server.GrpcLogAppender (GrpcLogAppender.java:timeoutAppendRequest(200)) - 4a6209c5-e52c-498b-a70a-f7b5c2b845a9@group-5FD8722A3841->cf6464f0-cbf8-4363-9806-263215a09c56-GrpcLogAppender: appendEntries Timeout, request=4a6209c5-e52c-498b-a70a-f7b5c2b845a9->cf6464f0-cbf8-4363-9806-263215a09c56#182-t1, previous=(t:1, i:34), leaderCommit=30, initializing? false, entries: <empty>
2019-09-12 04:45:20,097 [grpc-default-executor-6] WARN  server.GrpcLogAppender (LogUtils.java:warn(134)) - 4a6209c5-e52c-498b-a70a-f7b5c2b845a9@group-5FD8722A3841->5903dc6b-2e4c-43f3-9c86-89f09a7774cd-AppendLogResponseHandler: Failed appendEntries: org.apache.ratis.thirdparty.io.grpc.StatusRuntimeException: UNAVAILABLE: io exception
2019-09-12 04:45:20,097 [grpc-default-executor-6] INFO  impl.FollowerInfo (FollowerInfo.java:lambda$new$0(51)) - 4a6209c5-e52c-498b-a70a-f7b5c2b845a9@group-5FD8722A3841->5903dc6b-2e4c-43f3-9c86-89f09a7774cd: nextIndex: updateUnconditionally 21 -> 20
2019-09-12 04:45:20,201 [java.util.concurrent.ThreadPoolExecutor$Worker@1c8130ff[State = -1, empty queue]] WARN  server.GrpcLogAppender (GrpcLogAppender.java:timeoutAppendRequest(200)) - eec7f56f-87bd-4e59-a43c-c5b862436b1c@group-F3FC0297FA2D->6a9b9dd7-7806-4506-bdaf-7a94c8190a08-GrpcLogAppender: appendEntries Timeout, request=eec7f56f-87bd-4e59-a43c-c5b862436b1c->6a9b9dd7-7806-4506-bdaf-7a94c8190a08#168-t2, previous=(t:2, i:20), leaderCommit=16, initializing? false, entries: <empty>
2019-09-12 04:45:20,205 [grpc-default-executor-4] WARN  server.GrpcLogAppender (LogUtils.java:warn(134)) - eec7f56f-87bd-4e59-a43c-c5b862436b1c@group-F3FC0297FA2D->2534340d-8749-41cd-9451-53923b204706-AppendLogResponseHandler: Failed appendEntries: org.apache.ratis.thirdparty.io.grpc.StatusRuntimeException: UNAVAILABLE: io exception
2019-09-12 04:45:20,206 [grpc-default-executor-4] INFO  impl.FollowerInfo (FollowerInfo.java:lambda$new$0(51)) - eec7f56f-87bd-4e59-a43c-c5b862436b1c@group-F3FC0297FA2D->2534340d-8749-41cd-9451-53923b204706: nextIndex: updateUnconditionally 17 -> 16
2019-09-12 04:45:20,445 [java.util.concurrent.ThreadPoolExecutor$Worker@6ec811dd[State = -1, empty queue]] WARN  server.GrpcLogAppender (GrpcLogAppender.java:timeoutAppendRequest(200)) - 4a6209c5-e52c-498b-a70a-f7b5c2b845a9@group-5FD8722A3841->cf6464f0-cbf8-4363-9806-263215a09c56-GrpcLogAppender: appendEntries Timeout, request=4a6209c5-e52c-498b-a70a-f7b5c2b845a9->cf6464f0-cbf8-4363-9806-263215a09c56#183-t1, previous=(t:1, i:34), leaderCommit=30, initializing? false, entries: <empty>
2019-09-12 04:45:20,597 [grpc-default-executor-6] WARN  server.GrpcLogAppender (LogUtils.java:warn(134)) - 4a6209c5-e52c-498b-a70a-f7b5c2b845a9@group-5FD8722A3841->5903dc6b-2e4c-43f3-9c86-89f09a7774cd-AppendLogResponseHandler: Failed appendEntries: org.apache.ratis.thirdparty.io.grpc.StatusRuntimeException: UNAVAILABLE: io exception
2019-09-12 04:45:20,598 [grpc-default-executor-6] INFO  impl.FollowerInfo (FollowerInfo.java:lambda$new$0(51)) - 4a6209c5-e52c-498b-a70a-f7b5c2b845a9@group-5FD8722A3841->5903dc6b-2e4c-43f3-9c86-89f09a7774cd: nextIndex: updateUnconditionally 20 -> 19
2019-09-12 04:45:20,601 [Datanode State Machine Thread - 0] INFO  statemachine.DatanodeStateMachine (DatanodeStateMachine.java:lambda$startDaemon$0(350)) - Ozone container server started.
2019-09-12 04:45:20,701 [java.util.concurrent.ThreadPoolExecutor$Worker@1c8130ff[State = -1, empty queue]] WARN  server.GrpcLogAppender (GrpcLogAppender.java:timeoutAppendRequest(200)) - eec7f56f-87bd-4e59-a43c-c5b862436b1c@group-F3FC0297FA2D->6a9b9dd7-7806-4506-bdaf-7a94c8190a08-GrpcLogAppender: appendEntries Timeout, request=eec7f56f-87bd-4e59-a43c-c5b862436b1c->6a9b9dd7-7806-4506-bdaf-7a94c8190a08#169-t2, previous=(t:2, i:20), leaderCommit=16, initializing? false, entries: <empty>
2019-09-12 04:45:20,706 [Datanode State Machine Thread - 0] INFO  statemachine.DatanodeStateMachine (DatanodeStateMachine.java:lambda$startDaemon$0(350)) - Ozone container server started.
2019-09-12 04:45:20,706 [grpc-default-executor-3] WARN  server.GrpcLogAppender (LogUtils.java:warn(134)) - eec7f56f-87bd-4e59-a43c-c5b862436b1c@group-F3FC0297FA2D->2534340d-8749-41cd-9451-53923b204706-AppendLogResponseHandler: Failed appendEntries: org.apache.ratis.thirdparty.io.grpc.StatusRuntimeException: UNAVAILABLE: io exception
2019-09-12 04:45:20,707 [grpc-default-executor-3] INFO  impl.FollowerInfo (FollowerInfo.java:lambda$new$0(51)) - eec7f56f-87bd-4e59-a43c-c5b862436b1c@group-F3FC0297FA2D->2534340d-8749-41cd-9451-53923b204706: nextIndex: updateUnconditionally 16 -> 15
2019-09-12 04:45:20,945 [java.util.concurrent.ThreadPoolExecutor$Worker@6ec811dd[State = -1, empty queue]] WARN  server.GrpcLogAppender (GrpcLogAppender.java:timeoutAppendRequest(200)) - 4a6209c5-e52c-498b-a70a-f7b5c2b845a9@group-5FD8722A3841->cf6464f0-cbf8-4363-9806-263215a09c56-GrpcLogAppender: appendEntries Timeout, request=4a6209c5-e52c-498b-a70a-f7b5c2b845a9->cf6464f0-cbf8-4363-9806-263215a09c56#184-t1, previous=(t:1, i:34), leaderCommit=30, initializing? false, entries: <empty>
2019-09-12 04:45:21,098 [grpc-default-executor-3] WARN  server.GrpcLogAppender (LogUtils.java:warn(134)) - 4a6209c5-e52c-498b-a70a-f7b5c2b845a9@group-5FD8722A3841->5903dc6b-2e4c-43f3-9c86-89f09a7774cd-AppendLogResponseHandler: Failed appendEntries: org.apache.ratis.thirdparty.io.grpc.StatusRuntimeException: UNAVAILABLE: io exception
2019-09-12 04:45:21,098 [grpc-default-executor-3] INFO  impl.FollowerInfo (FollowerInfo.java:lambda$new$0(51)) - 4a6209c5-e52c-498b-a70a-f7b5c2b845a9@group-5FD8722A3841->5903dc6b-2e4c-43f3-9c86-89f09a7774cd: nextIndex: updateUnconditionally 19 -> 18
2019-09-12 04:45:21,202 [java.util.concurrent.ThreadPoolExecutor$Worker@1c8130ff[State = -1, empty queue]] WARN  server.GrpcLogAppender (GrpcLogAppender.java:timeoutAppendRequest(200)) - eec7f56f-87bd-4e59-a43c-c5b862436b1c@group-F3FC0297FA2D->6a9b9dd7-7806-4506-bdaf-7a94c8190a08-GrpcLogAppender: appendEntries Timeout, request=eec7f56f-87bd-4e59-a43c-c5b862436b1c->6a9b9dd7-7806-4506-bdaf-7a94c8190a08#170-t2, previous=(t:2, i:20), leaderCommit=16, initializing? false, entries: <empty>
2019-09-12 04:45:21,206 [grpc-default-executor-4] WARN  server.GrpcLogAppender (LogUtils.java:warn(134)) - eec7f56f-87bd-4e59-a43c-c5b862436b1c@group-F3FC0297FA2D->2534340d-8749-41cd-9451-53923b204706-AppendLogResponseHandler: Failed appendEntries: org.apache.ratis.thirdparty.io.grpc.StatusRuntimeException: UNAVAILABLE: io exception
2019-09-12 04:45:21,207 [grpc-default-executor-4] INFO  impl.FollowerInfo (FollowerInfo.java:lambda$new$0(51)) - eec7f56f-87bd-4e59-a43c-c5b862436b1c@group-F3FC0297FA2D->2534340d-8749-41cd-9451-53923b204706: nextIndex: updateUnconditionally 15 -> 14
2019-09-12 04:45:21,423 [4a6209c5-e52c-498b-a70a-f7b5c2b845a9@group-5FD8722A3841-SegmentedRaftLogWorker] WARN  segmented.SegmentedRaftLogWorker (SegmentedRaftLogWorker.java:getFromFuture(90)) - Timeout 2/~
org.apache.ratis.protocol.TimeoutIOException: Timeout 10s: WriteLog:31: (t:1, i:31), STATEMACHINELOGENTRY, client-40C9AD207E5E, cid=66-writeStateMachineData
	at org.apache.ratis.util.IOUtils.getFromFuture(IOUtils.java:87)
	at org.apache.ratis.server.raftlog.segmented.SegmentedRaftLogWorker$StateMachineDataPolicy.getFromFuture(SegmentedRaftLogWorker.java:87)
	at org.apache.ratis.server.raftlog.segmented.SegmentedRaftLogWorker$WriteLog.execute(SegmentedRaftLogWorker.java:477)
	at org.apache.ratis.server.raftlog.segmented.SegmentedRaftLogWorker.run(SegmentedRaftLogWorker.java:289)
	at java.lang.Thread.run(Thread.java:748)
Caused by: java.util.concurrent.TimeoutException
	at java.util.concurrent.CompletableFuture.timedGet(CompletableFuture.java:1771)
	at java.util.concurrent.CompletableFuture.get(CompletableFuture.java:1915)
	at org.apache.ratis.util.IOUtils.getFromFuture(IOUtils.java:79)
	... 4 more
2019-09-12 04:45:21,427 [cf6464f0-cbf8-4363-9806-263215a09c56@group-5FD8722A3841-SegmentedRaftLogWorker] WARN  segmented.SegmentedRaftLogWorker (SegmentedRaftLogWorker.java:getFromFuture(90)) - Timeout 2/~
org.apache.ratis.protocol.TimeoutIOException: Timeout 10s: WriteLog:31: (t:1, i:31), STATEMACHINELOGENTRY, client-40C9AD207E5E, cid=66-writeStateMachineData
	at org.apache.ratis.util.IOUtils.getFromFuture(IOUtils.java:87)
	at org.apache.ratis.server.raftlog.segmented.SegmentedRaftLogWorker$StateMachineDataPolicy.getFromFuture(SegmentedRaftLogWorker.java:87)
	at org.apache.ratis.server.raftlog.segmented.SegmentedRaftLogWorker$WriteLog.execute(SegmentedRaftLogWorker.java:477)
	at org.apache.ratis.server.raftlog.segmented.SegmentedRaftLogWorker.run(SegmentedRaftLogWorker.java:289)
	at java.lang.Thread.run(Thread.java:748)
Caused by: java.util.concurrent.TimeoutException
	at java.util.concurrent.CompletableFuture.timedGet(CompletableFuture.java:1771)
	at java.util.concurrent.CompletableFuture.get(CompletableFuture.java:1915)
	at org.apache.ratis.util.IOUtils.getFromFuture(IOUtils.java:79)
	... 4 more
2019-09-12 04:45:21,446 [java.util.concurrent.ThreadPoolExecutor$Worker@6ec811dd[State = -1, empty queue]] WARN  server.GrpcLogAppender (GrpcLogAppender.java:timeoutAppendRequest(200)) - 4a6209c5-e52c-498b-a70a-f7b5c2b845a9@group-5FD8722A3841->cf6464f0-cbf8-4363-9806-263215a09c56-GrpcLogAppender: appendEntries Timeout, request=4a6209c5-e52c-498b-a70a-f7b5c2b845a9->cf6464f0-cbf8-4363-9806-263215a09c56#185-t1, previous=(t:1, i:34), leaderCommit=30, initializing? false, entries: <empty>
2019-09-12 04:45:21,598 [grpc-default-executor-4] WARN  server.GrpcLogAppender (LogUtils.java:warn(134)) - 4a6209c5-e52c-498b-a70a-f7b5c2b845a9@group-5FD8722A3841->5903dc6b-2e4c-43f3-9c86-89f09a7774cd-AppendLogResponseHandler: Failed appendEntries: org.apache.ratis.thirdparty.io.grpc.StatusRuntimeException: UNAVAILABLE: io exception
2019-09-12 04:45:21,598 [grpc-default-executor-4] INFO  impl.FollowerInfo (FollowerInfo.java:lambda$new$0(51)) - 4a6209c5-e52c-498b-a70a-f7b5c2b845a9@group-5FD8722A3841->5903dc6b-2e4c-43f3-9c86-89f09a7774cd: nextIndex: updateUnconditionally 18 -> 17
2019-09-12 04:45:21,702 [java.util.concurrent.ThreadPoolExecutor$Worker@1c8130ff[State = -1, empty queue]] WARN  server.GrpcLogAppender (GrpcLogAppender.java:timeoutAppendRequest(200)) - eec7f56f-87bd-4e59-a43c-c5b862436b1c@group-F3FC0297FA2D->6a9b9dd7-7806-4506-bdaf-7a94c8190a08-GrpcLogAppender: appendEntries Timeout, request=eec7f56f-87bd-4e59-a43c-c5b862436b1c->6a9b9dd7-7806-4506-bdaf-7a94c8190a08#171-t2, previous=(t:2, i:20), leaderCommit=16, initializing? false, entries: <empty>
2019-09-12 04:45:21,707 [grpc-default-executor-4] WARN  server.GrpcLogAppender (LogUtils.java:warn(134)) - eec7f56f-87bd-4e59-a43c-c5b862436b1c@group-F3FC0297FA2D->2534340d-8749-41cd-9451-53923b204706-AppendLogResponseHandler: Failed appendEntries: org.apache.ratis.thirdparty.io.grpc.StatusRuntimeException: UNAVAILABLE: io exception
2019-09-12 04:45:21,708 [grpc-default-executor-4] INFO  impl.FollowerInfo (FollowerInfo.java:lambda$new$0(51)) - eec7f56f-87bd-4e59-a43c-c5b862436b1c@group-F3FC0297FA2D->2534340d-8749-41cd-9451-53923b204706: nextIndex: updateUnconditionally 14 -> 13
2019-09-12 04:45:21,946 [java.util.concurrent.ThreadPoolExecutor$Worker@6ec811dd[State = -1, empty queue]] WARN  server.GrpcLogAppender (GrpcLogAppender.java:timeoutAppendRequest(200)) - 4a6209c5-e52c-498b-a70a-f7b5c2b845a9@group-5FD8722A3841->cf6464f0-cbf8-4363-9806-263215a09c56-GrpcLogAppender: appendEntries Timeout, request=4a6209c5-e52c-498b-a70a-f7b5c2b845a9->cf6464f0-cbf8-4363-9806-263215a09c56#186-t1, previous=(t:1, i:34), leaderCommit=30, initializing? false, entries: <empty>
2019-09-12 04:45:22,100 [grpc-default-executor-6] WARN  server.GrpcLogAppender (LogUtils.java:warn(134)) - 4a6209c5-e52c-498b-a70a-f7b5c2b845a9@group-5FD8722A3841->5903dc6b-2e4c-43f3-9c86-89f09a7774cd-AppendLogResponseHandler: Failed appendEntries: org.apache.ratis.thirdparty.io.grpc.StatusRuntimeException: UNAVAILABLE: io exception
2019-09-12 04:45:22,100 [grpc-default-executor-6] INFO  impl.FollowerInfo (FollowerInfo.java:lambda$new$0(51)) - 4a6209c5-e52c-498b-a70a-f7b5c2b845a9@group-5FD8722A3841->5903dc6b-2e4c-43f3-9c86-89f09a7774cd: nextIndex: updateUnconditionally 17 -> 16
2019-09-12 04:45:22,203 [java.util.concurrent.ThreadPoolExecutor$Worker@1c8130ff[State = -1, empty queue]] WARN  server.GrpcLogAppender (GrpcLogAppender.java:timeoutAppendRequest(200)) - eec7f56f-87bd-4e59-a43c-c5b862436b1c@group-F3FC0297FA2D->6a9b9dd7-7806-4506-bdaf-7a94c8190a08-GrpcLogAppender: appendEntries Timeout, request=eec7f56f-87bd-4e59-a43c-c5b862436b1c->6a9b9dd7-7806-4506-bdaf-7a94c8190a08#172-t2, previous=(t:2, i:20), leaderCommit=16, initializing? false, entries: <empty>
2019-09-12 04:45:22,208 [grpc-default-executor-3] WARN  server.GrpcLogAppender (LogUtils.java:warn(134)) - eec7f56f-87bd-4e59-a43c-c5b862436b1c@group-F3FC0297FA2D->2534340d-8749-41cd-9451-53923b204706-AppendLogResponseHandler: Failed appendEntries: org.apache.ratis.thirdparty.io.grpc.StatusRuntimeException: UNAVAILABLE: io exception
2019-09-12 04:45:22,208 [grpc-default-executor-3] INFO  impl.FollowerInfo (FollowerInfo.java:lambda$new$0(51)) - eec7f56f-87bd-4e59-a43c-c5b862436b1c@group-F3FC0297FA2D->2534340d-8749-41cd-9451-53923b204706: nextIndex: updateUnconditionally 13 -> 12
2019-09-12 04:45:22,594 [java.util.concurrent.ThreadPoolExecutor$Worker@6ec811dd[State = -1, empty queue]] WARN  server.GrpcLogAppender (GrpcLogAppender.java:timeoutAppendRequest(200)) - 4a6209c5-e52c-498b-a70a-f7b5c2b845a9@group-5FD8722A3841->cf6464f0-cbf8-4363-9806-263215a09c56-GrpcLogAppender: appendEntries Timeout, request=4a6209c5-e52c-498b-a70a-f7b5c2b845a9->cf6464f0-cbf8-4363-9806-263215a09c56#187-t1, previous=(t:1, i:34), leaderCommit=30, initializing? false, entries: <empty>
2019-09-12 04:45:22,601 [grpc-default-executor-6] WARN  server.GrpcLogAppender (LogUtils.java:warn(134)) - 4a6209c5-e52c-498b-a70a-f7b5c2b845a9@group-5FD8722A3841->5903dc6b-2e4c-43f3-9c86-89f09a7774cd-AppendLogResponseHandler: Failed appendEntries: org.apache.ratis.thirdparty.io.grpc.StatusRuntimeException: UNAVAILABLE: io exception
2019-09-12 04:45:22,601 [grpc-default-executor-6] INFO  impl.FollowerInfo (FollowerInfo.java:lambda$new$0(51)) - 4a6209c5-e52c-498b-a70a-f7b5c2b845a9@group-5FD8722A3841->5903dc6b-2e4c-43f3-9c86-89f09a7774cd: nextIndex: updateUnconditionally 16 -> 15
2019-09-12 04:45:22,703 [java.util.concurrent.ThreadPoolExecutor$Worker@1c8130ff[State = -1, empty queue]] WARN  server.GrpcLogAppender (GrpcLogAppender.java:timeoutAppendRequest(200)) - eec7f56f-87bd-4e59-a43c-c5b862436b1c@group-F3FC0297FA2D->6a9b9dd7-7806-4506-bdaf-7a94c8190a08-GrpcLogAppender: appendEntries Timeout, request=eec7f56f-87bd-4e59-a43c-c5b862436b1c->6a9b9dd7-7806-4506-bdaf-7a94c8190a08#173-t2, previous=(t:2, i:20), leaderCommit=16, initializing? false, entries: <empty>
2019-09-12 04:45:22,709 [grpc-default-executor-4] WARN  server.GrpcLogAppender (LogUtils.java:warn(134)) - eec7f56f-87bd-4e59-a43c-c5b862436b1c@group-F3FC0297FA2D->2534340d-8749-41cd-9451-53923b204706-AppendLogResponseHandler: Failed appendEntries: org.apache.ratis.thirdparty.io.grpc.StatusRuntimeException: UNAVAILABLE: io exception
2019-09-12 04:45:22,709 [grpc-default-executor-4] INFO  impl.FollowerInfo (FollowerInfo.java:lambda$new$0(51)) - eec7f56f-87bd-4e59-a43c-c5b862436b1c@group-F3FC0297FA2D->2534340d-8749-41cd-9451-53923b204706: nextIndex: updateUnconditionally 12 -> 11
2019-09-12 04:45:23,094 [java.util.concurrent.ThreadPoolExecutor$Worker@6ec811dd[State = -1, empty queue]] WARN  server.GrpcLogAppender (GrpcLogAppender.java:timeoutAppendRequest(200)) - 4a6209c5-e52c-498b-a70a-f7b5c2b845a9@group-5FD8722A3841->cf6464f0-cbf8-4363-9806-263215a09c56-GrpcLogAppender: appendEntries Timeout, request=4a6209c5-e52c-498b-a70a-f7b5c2b845a9->cf6464f0-cbf8-4363-9806-263215a09c56#188-t1, previous=(t:1, i:34), leaderCommit=30, initializing? false, entries: <empty>
2019-09-12 04:45:23,102 [grpc-default-executor-4] WARN  server.GrpcLogAppender (LogUtils.java:warn(134)) - 4a6209c5-e52c-498b-a70a-f7b5c2b845a9@group-5FD8722A3841->5903dc6b-2e4c-43f3-9c86-89f09a7774cd-AppendLogResponseHandler: Failed appendEntries: org.apache.ratis.thirdparty.io.grpc.StatusRuntimeException: UNAVAILABLE: io exception
2019-09-12 04:45:23,103 [grpc-default-executor-4] INFO  impl.FollowerInfo (FollowerInfo.java:lambda$new$0(51)) - 4a6209c5-e52c-498b-a70a-f7b5c2b845a9@group-5FD8722A3841->5903dc6b-2e4c-43f3-9c86-89f09a7774cd: nextIndex: updateUnconditionally 15 -> 14
2019-09-12 04:45:23,203 [java.util.concurrent.ThreadPoolExecutor$Worker@1c8130ff[State = -1, empty queue]] WARN  server.GrpcLogAppender (GrpcLogAppender.java:timeoutAppendRequest(200)) - eec7f56f-87bd-4e59-a43c-c5b862436b1c@group-F3FC0297FA2D->6a9b9dd7-7806-4506-bdaf-7a94c8190a08-GrpcLogAppender: appendEntries Timeout, request=eec7f56f-87bd-4e59-a43c-c5b862436b1c->6a9b9dd7-7806-4506-bdaf-7a94c8190a08#174-t2, previous=(t:2, i:20), leaderCommit=16, initializing? false, entries: <empty>
2019-09-12 04:45:23,211 [grpc-default-executor-4] WARN  server.GrpcLogAppender (LogUtils.java:warn(134)) - eec7f56f-87bd-4e59-a43c-c5b862436b1c@group-F3FC0297FA2D->2534340d-8749-41cd-9451-53923b204706-AppendLogResponseHandler: Failed appendEntries: org.apache.ratis.thirdparty.io.grpc.StatusRuntimeException: UNAVAILABLE: io exception
2019-09-12 04:45:23,211 [grpc-default-executor-4] INFO  impl.FollowerInfo (FollowerInfo.java:lambda$new$0(51)) - eec7f56f-87bd-4e59-a43c-c5b862436b1c@group-F3FC0297FA2D->2534340d-8749-41cd-9451-53923b204706: nextIndex: updateUnconditionally 11 -> 10
2019-09-12 04:45:23,594 [java.util.concurrent.ThreadPoolExecutor$Worker@6ec811dd[State = -1, empty queue]] WARN  server.GrpcLogAppender (GrpcLogAppender.java:timeoutAppendRequest(200)) - 4a6209c5-e52c-498b-a70a-f7b5c2b845a9@group-5FD8722A3841->cf6464f0-cbf8-4363-9806-263215a09c56-GrpcLogAppender: appendEntries Timeout, request=4a6209c5-e52c-498b-a70a-f7b5c2b845a9->cf6464f0-cbf8-4363-9806-263215a09c56#189-t1, previous=(t:1, i:34), leaderCommit=30, initializing? false, entries: <empty>
2019-09-12 04:45:23,603 [grpc-default-executor-4] WARN  server.GrpcLogAppender (LogUtils.java:warn(134)) - 4a6209c5-e52c-498b-a70a-f7b5c2b845a9@group-5FD8722A3841->5903dc6b-2e4c-43f3-9c86-89f09a7774cd-AppendLogResponseHandler: Failed appendEntries: org.apache.ratis.thirdparty.io.grpc.StatusRuntimeException: UNAVAILABLE: io exception
2019-09-12 04:45:23,603 [grpc-default-executor-4] INFO  impl.FollowerInfo (FollowerInfo.java:lambda$new$0(51)) - 4a6209c5-e52c-498b-a70a-f7b5c2b845a9@group-5FD8722A3841->5903dc6b-2e4c-43f3-9c86-89f09a7774cd: nextIndex: updateUnconditionally 14 -> 13
2019-09-12 04:45:23,704 [java.util.concurrent.ThreadPoolExecutor$Worker@1c8130ff[State = -1, empty queue]] WARN  server.GrpcLogAppender (GrpcLogAppender.java:timeoutAppendRequest(200)) - eec7f56f-87bd-4e59-a43c-c5b862436b1c@group-F3FC0297FA2D->6a9b9dd7-7806-4506-bdaf-7a94c8190a08-GrpcLogAppender: appendEntries Timeout, request=eec7f56f-87bd-4e59-a43c-c5b862436b1c->6a9b9dd7-7806-4506-bdaf-7a94c8190a08#175-t2, previous=(t:2, i:20), leaderCommit=16, initializing? false, entries: <empty>
2019-09-12 04:45:23,712 [grpc-default-executor-6] WARN  server.GrpcLogAppender (LogUtils.java:warn(134)) - eec7f56f-87bd-4e59-a43c-c5b862436b1c@group-F3FC0297FA2D->2534340d-8749-41cd-9451-53923b204706-AppendLogResponseHandler: Failed appendEntries: org.apache.ratis.thirdparty.io.grpc.StatusRuntimeException: UNAVAILABLE: io exception
2019-09-12 04:45:23,712 [grpc-default-executor-6] INFO  impl.FollowerInfo (FollowerInfo.java:lambda$new$0(51)) - eec7f56f-87bd-4e59-a43c-c5b862436b1c@group-F3FC0297FA2D->2534340d-8749-41cd-9451-53923b204706: nextIndex: updateUnconditionally 10 -> 9
2019-09-12 04:45:24,095 [java.util.concurrent.ThreadPoolExecutor$Worker@6ec811dd[State = -1, empty queue]] WARN  server.GrpcLogAppender (GrpcLogAppender.java:timeoutAppendRequest(200)) - 4a6209c5-e52c-498b-a70a-f7b5c2b845a9@group-5FD8722A3841->cf6464f0-cbf8-4363-9806-263215a09c56-GrpcLogAppender: appendEntries Timeout, request=4a6209c5-e52c-498b-a70a-f7b5c2b845a9->cf6464f0-cbf8-4363-9806-263215a09c56#190-t1, previous=(t:1, i:34), leaderCommit=30, initializing? false, entries: <empty>
2019-09-12 04:45:24,105 [grpc-default-executor-6] WARN  server.GrpcLogAppender (LogUtils.java:warn(134)) - 4a6209c5-e52c-498b-a70a-f7b5c2b845a9@group-5FD8722A3841->5903dc6b-2e4c-43f3-9c86-89f09a7774cd-AppendLogResponseHandler: Failed appendEntries: org.apache.ratis.thirdparty.io.grpc.StatusRuntimeException: UNAVAILABLE: io exception
2019-09-12 04:45:24,106 [grpc-default-executor-6] INFO  impl.FollowerInfo (FollowerInfo.java:lambda$new$0(51)) - 4a6209c5-e52c-498b-a70a-f7b5c2b845a9@group-5FD8722A3841->5903dc6b-2e4c-43f3-9c86-89f09a7774cd: nextIndex: updateUnconditionally 13 -> 12
2019-09-12 04:45:24,204 [java.util.concurrent.ThreadPoolExecutor$Worker@1c8130ff[State = -1, empty queue]] WARN  server.GrpcLogAppender (GrpcLogAppender.java:timeoutAppendRequest(200)) - eec7f56f-87bd-4e59-a43c-c5b862436b1c@group-F3FC0297FA2D->6a9b9dd7-7806-4506-bdaf-7a94c8190a08-GrpcLogAppender: appendEntries Timeout, request=eec7f56f-87bd-4e59-a43c-c5b862436b1c->6a9b9dd7-7806-4506-bdaf-7a94c8190a08#176-t2, previous=(t:2, i:20), leaderCommit=16, initializing? false, entries: <empty>
2019-09-12 04:45:24,212 [grpc-default-executor-4] WARN  server.GrpcLogAppender (LogUtils.java:warn(134)) - eec7f56f-87bd-4e59-a43c-c5b862436b1c@group-F3FC0297FA2D->2534340d-8749-41cd-9451-53923b204706-AppendLogResponseHandler: Failed appendEntries: org.apache.ratis.thirdparty.io.grpc.StatusRuntimeException: UNAVAILABLE: io exception
2019-09-12 04:45:24,212 [grpc-default-executor-4] INFO  impl.FollowerInfo (FollowerInfo.java:lambda$new$0(51)) - eec7f56f-87bd-4e59-a43c-c5b862436b1c@group-F3FC0297FA2D->2534340d-8749-41cd-9451-53923b204706: nextIndex: updateUnconditionally 9 -> 8
2019-09-12 04:45:24,595 [java.util.concurrent.ThreadPoolExecutor$Worker@6ec811dd[State = -1, empty queue]] WARN  server.GrpcLogAppender (GrpcLogAppender.java:timeoutAppendRequest(200)) - 4a6209c5-e52c-498b-a70a-f7b5c2b845a9@group-5FD8722A3841->cf6464f0-cbf8-4363-9806-263215a09c56-GrpcLogAppender: appendEntries Timeout, request=4a6209c5-e52c-498b-a70a-f7b5c2b845a9->cf6464f0-cbf8-4363-9806-263215a09c56#191-t1, previous=(t:1, i:34), leaderCommit=30, initializing? false, entries: <empty>
2019-09-12 04:45:24,605 [grpc-default-executor-4] WARN  server.GrpcLogAppender (LogUtils.java:warn(134)) - 4a6209c5-e52c-498b-a70a-f7b5c2b845a9@group-5FD8722A3841->5903dc6b-2e4c-43f3-9c86-89f09a7774cd-AppendLogResponseHandler: Failed appendEntries: org.apache.ratis.thirdparty.io.grpc.StatusRuntimeException: UNAVAILABLE: io exception
2019-09-12 04:45:24,606 [grpc-default-executor-4] INFO  impl.FollowerInfo (FollowerInfo.java:lambda$new$0(51)) - 4a6209c5-e52c-498b-a70a-f7b5c2b845a9@group-5FD8722A3841->5903dc6b-2e4c-43f3-9c86-89f09a7774cd: nextIndex: updateUnconditionally 12 -> 11
2019-09-12 04:45:24,704 [java.util.concurrent.ThreadPoolExecutor$Worker@1c8130ff[State = -1, empty queue]] WARN  server.GrpcLogAppender (GrpcLogAppender.java:timeoutAppendRequest(200)) - eec7f56f-87bd-4e59-a43c-c5b862436b1c@group-F3FC0297FA2D->6a9b9dd7-7806-4506-bdaf-7a94c8190a08-GrpcLogAppender: appendEntries Timeout, request=eec7f56f-87bd-4e59-a43c-c5b862436b1c->6a9b9dd7-7806-4506-bdaf-7a94c8190a08#177-t2, previous=(t:2, i:20), leaderCommit=16, initializing? false, entries: <empty>
2019-09-12 04:45:24,712 [grpc-default-executor-3] WARN  server.GrpcLogAppender (LogUtils.java:warn(134)) - eec7f56f-87bd-4e59-a43c-c5b862436b1c@group-F3FC0297FA2D->2534340d-8749-41cd-9451-53923b204706-AppendLogResponseHandler: Failed appendEntries: org.apache.ratis.thirdparty.io.grpc.StatusRuntimeException: UNAVAILABLE: io exception
2019-09-12 04:45:24,713 [grpc-default-executor-3] INFO  impl.FollowerInfo (FollowerInfo.java:lambda$new$0(51)) - eec7f56f-87bd-4e59-a43c-c5b862436b1c@group-F3FC0297FA2D->2534340d-8749-41cd-9451-53923b204706: nextIndex: updateUnconditionally 8 -> 7
2019-09-12 04:45:24,893 [ForkJoinPool.commonPool-worker-0] INFO  ozoneimpl.OzoneContainer (OzoneContainer.java:stop(231)) - Attempting to stop container services.
2019-09-12 04:45:24,893 [main] INFO  ozoneimpl.OzoneContainer (OzoneContainer.java:stop(231)) - Attempting to stop container services.
2019-09-12 04:45:24,895 [ForkJoinPool.commonPool-worker-0] INFO  impl.RaftServerProxy (RaftServerProxy.java:lambda$close$4(314)) - cf6464f0-cbf8-4363-9806-263215a09c56: close
2019-09-12 04:45:24,896 [main] INFO  impl.RaftServerProxy (RaftServerProxy.java:lambda$close$4(314)) - eec7f56f-87bd-4e59-a43c-c5b862436b1c: close
2019-09-12 04:45:24,896 [ForkJoinPool.commonPool-worker-0] INFO  impl.RaftServerImpl (RaftServerImpl.java:lambda$shutdown$3(251)) - cf6464f0-cbf8-4363-9806-263215a09c56@group-5FD8722A3841: shutdown
2019-09-12 04:45:24,897 [main] INFO  impl.RaftServerImpl (RaftServerImpl.java:lambda$shutdown$3(251)) - eec7f56f-87bd-4e59-a43c-c5b862436b1c@group-CD1DD2F8AC42: shutdown
2019-09-12 04:45:24,897 [ForkJoinPool.commonPool-worker-0] INFO  util.JmxRegister (JmxRegister.java:unregister(73)) - Successfully un-registered JMX Bean with object name Ratis:service=RaftServer,group=group-5FD8722A3841,id=cf6464f0-cbf8-4363-9806-263215a09c56
2019-09-12 04:45:24,897 [main] INFO  util.JmxRegister (JmxRegister.java:unregister(73)) - Successfully un-registered JMX Bean with object name Ratis:service=RaftServer,group=group-CD1DD2F8AC42,id=eec7f56f-87bd-4e59-a43c-c5b862436b1c
2019-09-12 04:45:24,898 [ForkJoinPool.commonPool-worker-0] INFO  impl.RoleInfo (RoleInfo.java:shutdownFollowerState(121)) - cf6464f0-cbf8-4363-9806-263215a09c56: shutdown FollowerState
2019-09-12 04:45:24,898 [main] INFO  impl.RoleInfo (RoleInfo.java:shutdownLeaderState(104)) - eec7f56f-87bd-4e59-a43c-c5b862436b1c: shutdown LeaderState
2019-09-12 04:45:24,899 [cf6464f0-cbf8-4363-9806-263215a09c56@group-5FD8722A3841-StateMachineUpdater] INFO  ratis.ContainerStateMachine (ContainerStateMachine.java:takeSnapshot(289)) - group-5FD8722A3841: Taking a snapshot at:(t:1, i:28) file /workdir/hadoop-ozone/integration-test/target/test-dir/MiniOzoneClusterImpl-0727815a-69b9-4555-83e7-340a4888e3ed/datanode-4/data/ratis/5d771cb8-bc9c-4de1-9b29-5fd8722a3841/sm/snapshot.1_28
2019-09-12 04:45:24,898 [Thread-419] INFO  impl.FollowerState (FollowerState.java:run(115)) - cf6464f0-cbf8-4363-9806-263215a09c56: FollowerState was interrupted: java.lang.InterruptedException: sleep interrupted
2019-09-12 04:45:24,898 [ForkJoinPool.commonPool-worker-0] INFO  impl.StateMachineUpdater (StateMachineUpdater.java:stopAndJoin(125)) - cf6464f0-cbf8-4363-9806-263215a09c56@group-5FD8722A3841-StateMachineUpdater: set stopIndex = 30
2019-09-12 04:45:24,899 [main] INFO  impl.PendingRequests (PendingRequests.java:sendNotLeaderResponses(202)) - eec7f56f-87bd-4e59-a43c-c5b862436b1c-PendingRequests: sendNotLeaderResponses
2019-09-12 04:45:24,913 [main] INFO  impl.StateMachineUpdater (StateMachineUpdater.java:stopAndJoin(125)) - eec7f56f-87bd-4e59-a43c-c5b862436b1c@group-CD1DD2F8AC42-StateMachineUpdater: set stopIndex = 0
2019-09-12 04:45:24,913 [main] INFO  impl.RaftServerImpl (ServerState.java:close(385)) - eec7f56f-87bd-4e59-a43c-c5b862436b1c@group-CD1DD2F8AC42: closes. applyIndex: 0
2019-09-12 04:45:24,914 [eec7f56f-87bd-4e59-a43c-c5b862436b1c@group-CD1DD2F8AC42-SegmentedRaftLogWorker] INFO  segmented.SegmentedRaftLogWorker (SegmentedRaftLogWorker.java:run(313)) - eec7f56f-87bd-4e59-a43c-c5b862436b1c@group-CD1DD2F8AC42-SegmentedRaftLogWorker was interrupted, exiting. There are 0 tasks remaining in the queue.
2019-09-12 04:45:24,915 [main] INFO  segmented.SegmentedRaftLogWorker (SegmentedRaftLogWorker.java:close(228)) - eec7f56f-87bd-4e59-a43c-c5b862436b1c@group-CD1DD2F8AC42-SegmentedRaftLogWorker close()
2019-09-12 04:45:24,917 [main] INFO  impl.RaftServerImpl (RaftServerImpl.java:lambda$shutdown$3(251)) - eec7f56f-87bd-4e59-a43c-c5b862436b1c@group-F3FC0297FA2D: shutdown
2019-09-12 04:45:24,917 [main] INFO  util.JmxRegister (JmxRegister.java:unregister(73)) - Successfully un-registered JMX Bean with object name Ratis:service=RaftServer,group=group-F3FC0297FA2D,id=eec7f56f-87bd-4e59-a43c-c5b862436b1c
2019-09-12 04:45:24,918 [main] INFO  impl.RoleInfo (RoleInfo.java:shutdownLeaderState(104)) - eec7f56f-87bd-4e59-a43c-c5b862436b1c: shutdown LeaderState
2019-09-12 04:45:24,920 [main] INFO  impl.PendingRequests (PendingRequests.java:sendNotLeaderResponses(202)) - eec7f56f-87bd-4e59-a43c-c5b862436b1c-PendingRequests: sendNotLeaderResponses
2019-09-12 04:45:24,920 [org.apache.ratis.server.impl.LogAppender$AppenderDaemon$$Lambda$547/922444527@2ae67e6] WARN  server.GrpcLogAppender (GrpcLogAppender.java:mayWait(143)) - eec7f56f-87bd-4e59-a43c-c5b862436b1c@group-F3FC0297FA2D->6a9b9dd7-7806-4506-bdaf-7a94c8190a08-GrpcLogAppender: Wait interrupted by java.lang.InterruptedException
2019-09-12 04:45:24,920 [org.apache.ratis.server.impl.LogAppender$AppenderDaemon$$Lambda$547/922444527@6bc3d106] WARN  server.GrpcLogAppender (GrpcLogAppender.java:mayWait(143)) - eec7f56f-87bd-4e59-a43c-c5b862436b1c@group-F3FC0297FA2D->2534340d-8749-41cd-9451-53923b204706-GrpcLogAppender: Wait interrupted by java.lang.InterruptedException
2019-09-12 04:45:24,925 [grpc-default-executor-3] INFO  server.GrpcServerProtocolService (GrpcServerProtocolService.java:onCompleted(113)) - 6a9b9dd7-7806-4506-bdaf-7a94c8190a08: Completed APPEND_ENTRIES, lastRequest: eec7f56f-87bd-4e59-a43c-c5b862436b1c->6a9b9dd7-7806-4506-bdaf-7a94c8190a08#183-t2, previous=(t:2, i:20), leaderCommit=16, initializing? false, entries: <empty>
2019-09-12 04:45:24,926 [main] INFO  impl.StateMachineUpdater (StateMachineUpdater.java:stopAndJoin(125)) - eec7f56f-87bd-4e59-a43c-c5b862436b1c@group-F3FC0297FA2D-StateMachineUpdater: set stopIndex = 16
2019-09-12 04:45:24,925 [cf6464f0-cbf8-4363-9806-263215a09c56@group-5FD8722A3841-StateMachineUpdater] INFO  ratis.ContainerStateMachine (ContainerStateMachine.java:takeSnapshot(300)) - group-5FD8722A3841: Finished taking a snapshot at:(t:1, i:28) file:/workdir/hadoop-ozone/integration-test/target/test-dir/MiniOzoneClusterImpl-0727815a-69b9-4555-83e7-340a4888e3ed/datanode-4/data/ratis/5d771cb8-bc9c-4de1-9b29-5fd8722a3841/sm/snapshot.1_28 time:27
2019-09-12 04:45:24,926 [eec7f56f-87bd-4e59-a43c-c5b862436b1c@group-F3FC0297FA2D-StateMachineUpdater] INFO  ratis.ContainerStateMachine (ContainerStateMachine.java:takeSnapshot(289)) - group-F3FC0297FA2D: Taking a snapshot at:(t:2, i:12) file /workdir/hadoop-ozone/integration-test/target/test-dir/MiniOzoneClusterImpl-0727815a-69b9-4555-83e7-340a4888e3ed/datanode-7/data/ratis/bddb4342-453a-4bb7-bb26-f3fc0297fa2d/sm/snapshot.2_12
2019-09-12 04:45:24,926 [cf6464f0-cbf8-4363-9806-263215a09c56@group-5FD8722A3841-StateMachineUpdater] INFO  impl.StateMachineUpdater (StateMachineUpdater.java:takeSnapshot(258)) - cf6464f0-cbf8-4363-9806-263215a09c56@group-5FD8722A3841-StateMachineUpdater: Took a snapshot at index 28
2019-09-12 04:45:24,927 [cf6464f0-cbf8-4363-9806-263215a09c56@group-5FD8722A3841-StateMachineUpdater] INFO  impl.StateMachineUpdater (StateMachineUpdater.java:lambda$new$0(83)) - cf6464f0-cbf8-4363-9806-263215a09c56@group-5FD8722A3841-StateMachineUpdater: snapshotIndex: updateIncreasingly -1 -> 28
2019-09-12 04:45:24,927 [grpc-default-executor-3] INFO  server.GrpcLogAppender (GrpcLogAppender.java:onCompleted(293)) - eec7f56f-87bd-4e59-a43c-c5b862436b1c@group-F3FC0297FA2D->6a9b9dd7-7806-4506-bdaf-7a94c8190a08-AppendLogResponseHandler: follower responses appendEntries COMPLETED
2019-09-12 04:45:24,927 [cf6464f0-cbf8-4363-9806-263215a09c56@group-5FD8722A3841-StateMachineUpdater] INFO  ratis.ContainerStateMachine (ContainerStateMachine.java:takeSnapshot(289)) - group-5FD8722A3841: Taking a snapshot at:(t:1, i:28) file /workdir/hadoop-ozone/integration-test/target/test-dir/MiniOzoneClusterImpl-0727815a-69b9-4555-83e7-340a4888e3ed/datanode-4/data/ratis/5d771cb8-bc9c-4de1-9b29-5fd8722a3841/sm/snapshot.1_28
2019-09-12 04:45:24,927 [grpc-default-executor-3] INFO  impl.FollowerInfo (FollowerInfo.java:lambda$new$0(51)) - eec7f56f-87bd-4e59-a43c-c5b862436b1c@group-F3FC0297FA2D->6a9b9dd7-7806-4506-bdaf-7a94c8190a08: nextIndex: updateUnconditionally 21 -> 17
2019-09-12 04:45:24,953 [cf6464f0-cbf8-4363-9806-263215a09c56@group-5FD8722A3841-StateMachineUpdater] INFO  ratis.ContainerStateMachine (ContainerStateMachine.java:takeSnapshot(300)) - group-5FD8722A3841: Finished taking a snapshot at:(t:1, i:28) file:/workdir/hadoop-ozone/integration-test/target/test-dir/MiniOzoneClusterImpl-0727815a-69b9-4555-83e7-340a4888e3ed/datanode-4/data/ratis/5d771cb8-bc9c-4de1-9b29-5fd8722a3841/sm/snapshot.1_28 time:25
2019-09-12 04:45:24,953 [eec7f56f-87bd-4e59-a43c-c5b862436b1c@group-F3FC0297FA2D-StateMachineUpdater] INFO  ratis.ContainerStateMachine (ContainerStateMachine.java:takeSnapshot(300)) - group-F3FC0297FA2D: Finished taking a snapshot at:(t:2, i:12) file:/workdir/hadoop-ozone/integration-test/target/test-dir/MiniOzoneClusterImpl-0727815a-69b9-4555-83e7-340a4888e3ed/datanode-7/data/ratis/bddb4342-453a-4bb7-bb26-f3fc0297fa2d/sm/snapshot.2_12 time:27
2019-09-12 04:45:24,953 [cf6464f0-cbf8-4363-9806-263215a09c56@group-5FD8722A3841-StateMachineUpdater] INFO  impl.StateMachineUpdater (StateMachineUpdater.java:takeSnapshot(258)) - cf6464f0-cbf8-4363-9806-263215a09c56@group-5FD8722A3841-StateMachineUpdater: Took a snapshot at index 28
2019-09-12 04:45:24,953 [eec7f56f-87bd-4e59-a43c-c5b862436b1c@group-F3FC0297FA2D-StateMachineUpdater] INFO  impl.StateMachineUpdater (StateMachineUpdater.java:takeSnapshot(258)) - eec7f56f-87bd-4e59-a43c-c5b862436b1c@group-F3FC0297FA2D-StateMachineUpdater: Took a snapshot at index 12
2019-09-12 04:45:24,953 [cf6464f0-cbf8-4363-9806-263215a09c56@group-5FD8722A3841-StateMachineUpdater] INFO  impl.StateMachineUpdater (StateMachineUpdater.java:lambda$new$0(83)) - cf6464f0-cbf8-4363-9806-263215a09c56@group-5FD8722A3841-StateMachineUpdater: snapshotIndex: updateIncreasingly 28 -> 28
2019-09-12 04:45:24,953 [eec7f56f-87bd-4e59-a43c-c5b862436b1c@group-F3FC0297FA2D-StateMachineUpdater] INFO  impl.StateMachineUpdater (StateMachineUpdater.java:lambda$new$0(83)) - eec7f56f-87bd-4e59-a43c-c5b862436b1c@group-F3FC0297FA2D-StateMachineUpdater: snapshotIndex: updateIncreasingly -1 -> 12
2019-09-12 04:45:24,954 [ForkJoinPool.commonPool-worker-0] INFO  impl.RaftServerImpl (ServerState.java:close(385)) - cf6464f0-cbf8-4363-9806-263215a09c56@group-5FD8722A3841: closes. applyIndex: 30
2019-09-12 04:45:24,954 [eec7f56f-87bd-4e59-a43c-c5b862436b1c@group-F3FC0297FA2D-StateMachineUpdater] INFO  ratis.ContainerStateMachine (ContainerStateMachine.java:takeSnapshot(289)) - group-F3FC0297FA2D: Taking a snapshot at:(t:2, i:12) file /workdir/hadoop-ozone/integration-test/target/test-dir/MiniOzoneClusterImpl-0727815a-69b9-4555-83e7-340a4888e3ed/datanode-7/data/ratis/bddb4342-453a-4bb7-bb26-f3fc0297fa2d/sm/snapshot.2_12
2019-09-12 04:45:24,957 [cf6464f0-cbf8-4363-9806-263215a09c56@group-5FD8722A3841-SegmentedRaftLogWorker] ERROR ratis.XceiverServerRatis (XceiverServerRatis.java:triggerPipelineClose(568)) - pipeline Action CLOSE  on pipeline PipelineID=5d771cb8-bc9c-4de1-9b29-5fd8722a3841.Reason : WriteLog:31: (t:1, i:31), STATEMACHINELOGENTRY, client-40C9AD207E5E, cid=66-writeStateMachineData interrupted.
2019-09-12 04:45:24,957 [ForkJoinPool.commonPool-worker-0] INFO  segmented.SegmentedRaftLogWorker (SegmentedRaftLogWorker.java:close(228)) - cf6464f0-cbf8-4363-9806-263215a09c56@group-5FD8722A3841-SegmentedRaftLogWorker close()
2019-09-12 04:45:24,959 [ForkJoinPool.commonPool-worker-0] INFO  impl.RaftServerImpl (RaftServerImpl.java:lambda$shutdown$3(251)) - cf6464f0-cbf8-4363-9806-263215a09c56@group-3BD1FB76A115: shutdown
2019-09-12 04:45:24,960 [ForkJoinPool.commonPool-worker-0] INFO  util.JmxRegister (JmxRegister.java:unregister(73)) - Successfully un-registered JMX Bean with object name Ratis:service=RaftServer,group=group-3BD1FB76A115,id=cf6464f0-cbf8-4363-9806-263215a09c56
2019-09-12 04:45:24,960 [ForkJoinPool.commonPool-worker-0] INFO  impl.RoleInfo (RoleInfo.java:shutdownLeaderState(104)) - cf6464f0-cbf8-4363-9806-263215a09c56: shutdown LeaderState
2019-09-12 04:45:24,960 [ForkJoinPool.commonPool-worker-0] INFO  impl.PendingRequests (PendingRequests.java:sendNotLeaderResponses(202)) - cf6464f0-cbf8-4363-9806-263215a09c56-PendingRequests: sendNotLeaderResponses
2019-09-12 04:45:24,961 [ForkJoinPool.commonPool-worker-0] INFO  impl.StateMachineUpdater (StateMachineUpdater.java:stopAndJoin(125)) - cf6464f0-cbf8-4363-9806-263215a09c56@group-3BD1FB76A115-StateMachineUpdater: set stopIndex = 0
2019-09-12 04:45:24,961 [ForkJoinPool.commonPool-worker-0] INFO  impl.RaftServerImpl (ServerState.java:close(385)) - cf6464f0-cbf8-4363-9806-263215a09c56@group-3BD1FB76A115: closes. applyIndex: 0
2019-09-12 04:45:24,961 [cf6464f0-cbf8-4363-9806-263215a09c56@group-3BD1FB76A115-SegmentedRaftLogWorker] INFO  segmented.SegmentedRaftLogWorker (SegmentedRaftLogWorker.java:run(313)) - cf6464f0-cbf8-4363-9806-263215a09c56@group-3BD1FB76A115-SegmentedRaftLogWorker was interrupted, exiting. There are 0 tasks remaining in the queue.
2019-09-12 04:45:24,962 [ForkJoinPool.commonPool-worker-0] INFO  segmented.SegmentedRaftLogWorker (SegmentedRaftLogWorker.java:close(228)) - cf6464f0-cbf8-4363-9806-263215a09c56@group-3BD1FB76A115-SegmentedRaftLogWorker close()
2019-09-12 04:45:24,963 [ForkJoinPool.commonPool-worker-0] INFO  server.GrpcService (GrpcService.java:closeImpl(164)) - cf6464f0-cbf8-4363-9806-263215a09c56: shutdown server with port 33437 now
2019-09-12 04:45:24,964 [grpc-default-executor-6] WARN  server.GrpcServerProtocolService (LogUtils.java:warn(134)) - cf6464f0-cbf8-4363-9806-263215a09c56: installSnapshot onError, lastRequest: 4a6209c5-e52c-498b-a70a-f7b5c2b845a9->cf6464f0-cbf8-4363-9806-263215a09c56#197-t1, previous=(t:1, i:34), leaderCommit=30, initializing? false, entries: <empty>: org.apache.ratis.thirdparty.io.grpc.StatusRuntimeException: CANCELLED: cancelled before receiving half close
2019-09-12 04:45:24,965 [ForkJoinPool.commonPool-worker-0] INFO  server.GrpcService (GrpcService.java:closeImpl(172)) - cf6464f0-cbf8-4363-9806-263215a09c56: shutdown server with port 33437 successfully
2019-09-12 04:45:24,965 [grpc-default-executor-4] WARN  server.GrpcLogAppender (LogUtils.java:warn(134)) - 4a6209c5-e52c-498b-a70a-f7b5c2b845a9@group-5FD8722A3841->cf6464f0-cbf8-4363-9806-263215a09c56-AppendLogResponseHandler: Failed appendEntries: org.apache.ratis.thirdparty.io.grpc.StatusRuntimeException: CANCELLED: HTTP/2 error code: CANCEL
Received Rst Stream
2019-09-12 04:45:24,966 [grpc-default-executor-4] INFO  impl.FollowerInfo (FollowerInfo.java:lambda$new$0(51)) - 4a6209c5-e52c-498b-a70a-f7b5c2b845a9@group-5FD8722A3841->cf6464f0-cbf8-4363-9806-263215a09c56: nextIndex: updateUnconditionally 35 -> 31
2019-09-12 04:45:24,967 [eec7f56f-87bd-4e59-a43c-c5b862436b1c@group-F3FC0297FA2D-StateMachineUpdater] INFO  ratis.ContainerStateMachine (ContainerStateMachine.java:takeSnapshot(300)) - group-F3FC0297FA2D: Finished taking a snapshot at:(t:2, i:12) file:/workdir/hadoop-ozone/integration-test/target/test-dir/MiniOzoneClusterImpl-0727815a-69b9-4555-83e7-340a4888e3ed/datanode-7/data/ratis/bddb4342-453a-4bb7-bb26-f3fc0297fa2d/sm/snapshot.2_12 time:13
2019-09-12 04:45:24,967 [eec7f56f-87bd-4e59-a43c-c5b862436b1c@group-F3FC0297FA2D-StateMachineUpdater] INFO  impl.StateMachineUpdater (StateMachineUpdater.java:takeSnapshot(258)) - eec7f56f-87bd-4e59-a43c-c5b862436b1c@group-F3FC0297FA2D-StateMachineUpdater: Took a snapshot at index 12
2019-09-12 04:45:24,967 [eec7f56f-87bd-4e59-a43c-c5b862436b1c@group-F3FC0297FA2D-StateMachineUpdater] INFO  impl.StateMachineUpdater (StateMachineUpdater.java:lambda$new$0(83)) - eec7f56f-87bd-4e59-a43c-c5b862436b1c@group-F3FC0297FA2D-StateMachineUpdater: snapshotIndex: updateIncreasingly 12 -> 12
2019-09-12 04:45:24,968 [main] INFO  impl.RaftServerImpl (ServerState.java:close(385)) - eec7f56f-87bd-4e59-a43c-c5b862436b1c@group-F3FC0297FA2D: closes. applyIndex: 16
2019-09-12 04:45:24,970 [eec7f56f-87bd-4e59-a43c-c5b862436b1c@group-F3FC0297FA2D-SegmentedRaftLogWorker] ERROR ratis.XceiverServerRatis (XceiverServerRatis.java:triggerPipelineClose(568)) - pipeline Action CLOSE  on pipeline PipelineID=bddb4342-453a-4bb7-bb26-f3fc0297fa2d.Reason : WriteLog:17: (t:2, i:17), STATEMACHINELOGENTRY, client-7D300BD32A51, cid=53-writeStateMachineData interrupted.
2019-09-12 04:45:24,971 [main] INFO  segmented.SegmentedRaftLogWorker (SegmentedRaftLogWorker.java:close(228)) - eec7f56f-87bd-4e59-a43c-c5b862436b1c@group-F3FC0297FA2D-SegmentedRaftLogWorker close()
2019-09-12 04:45:24,973 [main] INFO  server.GrpcService (GrpcService.java:closeImpl(164)) - eec7f56f-87bd-4e59-a43c-c5b862436b1c: shutdown server with port 37396 now
2019-09-12 04:45:24,973 [refreshUsed-/workdir/hadoop-ozone/integration-test/target/test-dir/MiniOzoneClusterImpl-0727815a-69b9-4555-83e7-340a4888e3ed/datanode-4/data/containers] WARN  fs.CachingGetSpaceUsed (CachingGetSpaceUsed.java:run(183)) - Thread Interrupted waiting to refresh disk information: sleep interrupted
2019-09-12 04:45:24,974 [main] INFO  server.GrpcService (GrpcService.java:closeImpl(172)) - eec7f56f-87bd-4e59-a43c-c5b862436b1c: shutdown server with port 37396 successfully
2019-09-12 04:45:24,977 [refreshUsed-/workdir/hadoop-ozone/integration-test/target/test-dir/MiniOzoneClusterImpl-0727815a-69b9-4555-83e7-340a4888e3ed/datanode-7/data/containers] WARN  fs.CachingGetSpaceUsed (CachingGetSpaceUsed.java:run(183)) - Thread Interrupted waiting to refresh disk information: sleep interrupted
2019-09-12 04:45:24,999 [main] INFO  utils.BackgroundService (BackgroundService.java:shutdown(148)) - Shutting down service BlockDeletingService
2019-09-12 04:45:25,003 [main] INFO  statemachine.DatanodeStateMachine (DatanodeStateMachine.java:stopDaemon(395)) - Ozone container server stopped.
2019-09-12 04:45:25,004 [ForkJoinPool.commonPool-worker-0] INFO  utils.BackgroundService (BackgroundService.java:shutdown(148)) - Shutting down service BlockDeletingService
2019-09-12 04:45:25,004 [main] INFO  handler.ContextHandler (ContextHandler.java:doStop(910)) - Stopped o.e.j.w.WebAppContext@37b52340{/,null,UNAVAILABLE}{/hddsDatanode}
2019-09-12 04:45:25,007 [ForkJoinPool.commonPool-worker-0] INFO  statemachine.DatanodeStateMachine (DatanodeStateMachine.java:stopDaemon(395)) - Ozone container server stopped.
2019-09-12 04:45:25,010 [main] INFO  server.AbstractConnector (AbstractConnector.java:doStop(318)) - Stopped ServerConnector@663bb8ef{HTTP/1.1,[http/1.1]}{0.0.0.0:0}
2019-09-12 04:45:25,010 [main] INFO  handler.ContextHandler (ContextHandler.java:doStop(910)) - Stopped o.e.j.s.ServletContextHandler@7a81065e{/static,jar:file:/home/user/.m2/repository/org/apache/hadoop/hadoop-hdds-container-service/0.5.0-SNAPSHOT/hadoop-hdds-container-service-0.5.0-SNAPSHOT.jar!/webapps/static,UNAVAILABLE}
2019-09-12 04:45:25,011 [ForkJoinPool.commonPool-worker-0] INFO  handler.ContextHandler (ContextHandler.java:doStop(910)) - Stopped o.e.j.w.WebAppContext@38ed139b{/,null,UNAVAILABLE}{/hddsDatanode}
2019-09-12 04:45:25,012 [main] INFO  handler.ContextHandler (ContextHandler.java:doStop(910)) - Stopped o.e.j.s.ServletContextHandler@445bb139{/logs,file:///workdir/hadoop-ozone/integration-test/target/log,UNAVAILABLE}
2019-09-12 04:45:25,012 [ForkJoinPool.commonPool-worker-0] INFO  server.AbstractConnector (AbstractConnector.java:doStop(318)) - Stopped ServerConnector@a5272be{HTTP/1.1,[http/1.1]}{0.0.0.0:0}
2019-09-12 04:45:25,020 [ForkJoinPool.commonPool-worker-0] INFO  handler.ContextHandler (ContextHandler.java:doStop(910)) - Stopped o.e.j.s.ServletContextHandler@6c0e13b7{/static,jar:file:/home/user/.m2/repository/org/apache/hadoop/hadoop-hdds-container-service/0.5.0-SNAPSHOT/hadoop-hdds-container-service-0.5.0-SNAPSHOT.jar!/webapps/static,UNAVAILABLE}
2019-09-12 04:45:25,022 [ForkJoinPool.commonPool-worker-0] INFO  handler.ContextHandler (ContextHandler.java:doStop(910)) - Stopped o.e.j.s.ServletContextHandler@77a074b4{/logs,file:///workdir/hadoop-ozone/integration-test/target/log,UNAVAILABLE}
2019-09-12 04:45:25,102 [grpc-default-executor-3] WARN  server.GrpcLogAppender (LogUtils.java:warn(134)) - 4a6209c5-e52c-498b-a70a-f7b5c2b845a9@group-5FD8722A3841->cf6464f0-cbf8-4363-9806-263215a09c56-AppendLogResponseHandler: Failed appendEntries: org.apache.ratis.thirdparty.io.grpc.StatusRuntimeException: UNAVAILABLE: io exception
2019-09-12 04:45:25,102 [grpc-default-executor-3] INFO  impl.FollowerInfo (FollowerInfo.java:lambda$new$0(51)) - 4a6209c5-e52c-498b-a70a-f7b5c2b845a9@group-5FD8722A3841->cf6464f0-cbf8-4363-9806-263215a09c56: nextIndex: updateUnconditionally 31 -> 30
2019-09-12 04:45:25,105 [grpc-default-executor-4] WARN  server.GrpcLogAppender (LogUtils.java:warn(134)) - 4a6209c5-e52c-498b-a70a-f7b5c2b845a9@group-5FD8722A3841->5903dc6b-2e4c-43f3-9c86-89f09a7774cd-AppendLogResponseHandler: Failed appendEntries: org.apache.ratis.thirdparty.io.grpc.StatusRuntimeException: UNAVAILABLE: io exception
2019-09-12 04:45:25,105 [grpc-default-executor-4] INFO  impl.FollowerInfo (FollowerInfo.java:lambda$new$0(51)) - 4a6209c5-e52c-498b-a70a-f7b5c2b845a9@group-5FD8722A3841->5903dc6b-2e4c-43f3-9c86-89f09a7774cd: nextIndex: updateUnconditionally 11 -> 10
2019-09-12 04:45:25,603 [grpc-default-executor-4] WARN  server.GrpcLogAppender (LogUtils.java:warn(134)) - 4a6209c5-e52c-498b-a70a-f7b5c2b845a9@group-5FD8722A3841->cf6464f0-cbf8-4363-9806-263215a09c56-AppendLogResponseHandler: Failed appendEntries: org.apache.ratis.thirdparty.io.grpc.StatusRuntimeException: UNAVAILABLE: io exception
2019-09-12 04:45:25,603 [grpc-default-executor-4] INFO  impl.FollowerInfo (FollowerInfo.java:lambda$new$0(51)) - 4a6209c5-e52c-498b-a70a-f7b5c2b845a9@group-5FD8722A3841->cf6464f0-cbf8-4363-9806-263215a09c56: nextIndex: updateUnconditionally 30 -> 29
2019-09-12 04:45:25,606 [grpc-default-executor-6] WARN  server.GrpcLogAppender (LogUtils.java:warn(134)) - 4a6209c5-e52c-498b-a70a-f7b5c2b845a9@group-5FD8722A3841->5903dc6b-2e4c-43f3-9c86-89f09a7774cd-AppendLogResponseHandler: Failed appendEntries: org.apache.ratis.thirdparty.io.grpc.StatusRuntimeException: UNAVAILABLE: io exception
2019-09-12 04:45:25,606 [grpc-default-executor-6] INFO  impl.FollowerInfo (FollowerInfo.java:lambda$new$0(51)) - 4a6209c5-e52c-498b-a70a-f7b5c2b845a9@group-5FD8722A3841->5903dc6b-2e4c-43f3-9c86-89f09a7774cd: nextIndex: updateUnconditionally 10 -> 9
2019-09-12 04:45:25,724 [Datanode State Machine Thread - 0] INFO  statemachine.DatanodeStateMachine (DatanodeStateMachine.java:lambda$startDaemon$0(350)) - Ozone container server started.
2019-09-12 04:45:26,103 [grpc-default-executor-3] WARN  server.GrpcLogAppender (LogUtils.java:warn(134)) - 4a6209c5-e52c-498b-a70a-f7b5c2b845a9@group-5FD8722A3841->cf6464f0-cbf8-4363-9806-263215a09c56-AppendLogResponseHandler: Failed appendEntries: org.apache.ratis.thirdparty.io.grpc.StatusRuntimeException: UNAVAILABLE: io exception
2019-09-12 04:45:26,104 [grpc-default-executor-3] INFO  impl.FollowerInfo (FollowerInfo.java:lambda$new$0(51)) - 4a6209c5-e52c-498b-a70a-f7b5c2b845a9@group-5FD8722A3841->cf6464f0-cbf8-4363-9806-263215a09c56: nextIndex: updateUnconditionally 29 -> 28
2019-09-12 04:45:26,106 [grpc-default-executor-6] WARN  server.GrpcLogAppender (LogUtils.java:warn(134)) - 4a6209c5-e52c-498b-a70a-f7b5c2b845a9@group-5FD8722A3841->5903dc6b-2e4c-43f3-9c86-89f09a7774cd-AppendLogResponseHandler: Failed appendEntries: org.apache.ratis.thirdparty.io.grpc.StatusRuntimeException: UNAVAILABLE: io exception
2019-09-12 04:45:26,107 [grpc-default-executor-6] INFO  impl.FollowerInfo (FollowerInfo.java:lambda$new$0(51)) - 4a6209c5-e52c-498b-a70a-f7b5c2b845a9@group-5FD8722A3841->5903dc6b-2e4c-43f3-9c86-89f09a7774cd: nextIndex: updateUnconditionally 9 -> 8
2019-09-12 04:45:26,604 [grpc-default-executor-6] WARN  server.GrpcLogAppender (LogUtils.java:warn(134)) - 4a6209c5-e52c-498b-a70a-f7b5c2b845a9@group-5FD8722A3841->cf6464f0-cbf8-4363-9806-263215a09c56-AppendLogResponseHandler: Failed appendEntries: org.apache.ratis.thirdparty.io.grpc.StatusRuntimeException: UNAVAILABLE: io exception
2019-09-12 04:45:26,605 [grpc-default-executor-6] INFO  impl.FollowerInfo (FollowerInfo.java:lambda$new$0(51)) - 4a6209c5-e52c-498b-a70a-f7b5c2b845a9@group-5FD8722A3841->cf6464f0-cbf8-4363-9806-263215a09c56: nextIndex: updateUnconditionally 28 -> 27
2019-09-12 04:45:26,607 [grpc-default-executor-4] WARN  server.GrpcLogAppender (LogUtils.java:warn(134)) - 4a6209c5-e52c-498b-a70a-f7b5c2b845a9@group-5FD8722A3841->5903dc6b-2e4c-43f3-9c86-89f09a7774cd-AppendLogResponseHandler: Failed appendEntries: org.apache.ratis.thirdparty.io.grpc.StatusRuntimeException: UNAVAILABLE: io exception
2019-09-12 04:45:26,607 [grpc-default-executor-4] INFO  impl.FollowerInfo (FollowerInfo.java:lambda$new$0(51)) - 4a6209c5-e52c-498b-a70a-f7b5c2b845a9@group-5FD8722A3841->5903dc6b-2e4c-43f3-9c86-89f09a7774cd: nextIndex: updateUnconditionally 8 -> 7
2019-09-12 04:45:27,109 [grpc-default-executor-4] WARN  server.GrpcLogAppender (LogUtils.java:warn(134)) - 4a6209c5-e52c-498b-a70a-f7b5c2b845a9@group-5FD8722A3841->cf6464f0-cbf8-4363-9806-263215a09c56-AppendLogResponseHandler: Failed appendEntries: org.apache.ratis.thirdparty.io.grpc.StatusRuntimeException: UNAVAILABLE: io exception
2019-09-12 04:45:27,109 [grpc-default-executor-3] WARN  server.GrpcLogAppender (LogUtils.java:warn(134)) - 4a6209c5-e52c-498b-a70a-f7b5c2b845a9@group-5FD8722A3841->5903dc6b-2e4c-43f3-9c86-89f09a7774cd-AppendLogResponseHandler: Failed appendEntries: org.apache.ratis.thirdparty.io.grpc.StatusRuntimeException: UNAVAILABLE: io exception
2019-09-12 04:45:27,110 [grpc-default-executor-4] INFO  impl.FollowerInfo (FollowerInfo.java:lambda$new$0(51)) - 4a6209c5-e52c-498b-a70a-f7b5c2b845a9@group-5FD8722A3841->cf6464f0-cbf8-4363-9806-263215a09c56: nextIndex: updateUnconditionally 27 -> 26
2019-09-12 04:45:27,110 [grpc-default-executor-3] INFO  impl.FollowerInfo (FollowerInfo.java:lambda$new$0(51)) - 4a6209c5-e52c-498b-a70a-f7b5c2b845a9@group-5FD8722A3841->5903dc6b-2e4c-43f3-9c86-89f09a7774cd: nextIndex: updateUnconditionally 7 -> 6
2019-09-12 04:45:27,613 [grpc-default-executor-6] WARN  server.GrpcLogAppender (LogUtils.java:warn(134)) - 4a6209c5-e52c-498b-a70a-f7b5c2b845a9@group-5FD8722A3841->cf6464f0-cbf8-4363-9806-263215a09c56-AppendLogResponseHandler: Failed appendEntries: org.apache.ratis.thirdparty.io.grpc.StatusRuntimeException: UNAVAILABLE: io exception
2019-09-12 04:45:27,613 [grpc-default-executor-4] WARN  server.GrpcLogAppender (LogUtils.java:warn(134)) - 4a6209c5-e52c-498b-a70a-f7b5c2b845a9@group-5FD8722A3841->5903dc6b-2e4c-43f3-9c86-89f09a7774cd-AppendLogResponseHandler: Failed appendEntries: org.apache.ratis.thirdparty.io.grpc.StatusRuntimeException: UNAVAILABLE: io exception
2019-09-12 04:45:27,614 [grpc-default-executor-6] INFO  impl.FollowerInfo (FollowerInfo.java:lambda$new$0(51)) - 4a6209c5-e52c-498b-a70a-f7b5c2b845a9@group-5FD8722A3841->cf6464f0-cbf8-4363-9806-263215a09c56: nextIndex: updateUnconditionally 26 -> 25
2019-09-12 04:45:27,614 [grpc-default-executor-4] INFO  impl.FollowerInfo (FollowerInfo.java:lambda$new$0(51)) - 4a6209c5-e52c-498b-a70a-f7b5c2b845a9@group-5FD8722A3841->5903dc6b-2e4c-43f3-9c86-89f09a7774cd: nextIndex: updateUnconditionally 6 -> 5
2019-09-12 04:45:27,642 [6a9b9dd7-7806-4506-bdaf-7a94c8190a08@group-F3FC0297FA2D-SegmentedRaftLogWorker] WARN  segmented.SegmentedRaftLogWorker (SegmentedRaftLogWorker.java:getFromFuture(90)) - Timeout 5/~
org.apache.ratis.protocol.TimeoutIOException: Timeout 10s: WriteLog:17: (t:2, i:17), STATEMACHINELOGENTRY, client-7D300BD32A51, cid=53-writeStateMachineData
	at org.apache.ratis.util.IOUtils.getFromFuture(IOUtils.java:87)
	at org.apache.ratis.server.raftlog.segmented.SegmentedRaftLogWorker$StateMachineDataPolicy.getFromFuture(SegmentedRaftLogWorker.java:87)
	at org.apache.ratis.server.raftlog.segmented.SegmentedRaftLogWorker$WriteLog.execute(SegmentedRaftLogWorker.java:477)
	at org.apache.ratis.server.raftlog.segmented.SegmentedRaftLogWorker.run(SegmentedRaftLogWorker.java:289)
	at java.lang.Thread.run(Thread.java:748)
Caused by: java.util.concurrent.TimeoutException
	at java.util.concurrent.CompletableFuture.timedGet(CompletableFuture.java:1771)
	at java.util.concurrent.CompletableFuture.get(CompletableFuture.java:1915)
	at org.apache.ratis.util.IOUtils.getFromFuture(IOUtils.java:79)
	... 4 more
2019-09-12 04:45:28,114 [grpc-default-executor-4] WARN  server.GrpcLogAppender (LogUtils.java:warn(134)) - 4a6209c5-e52c-498b-a70a-f7b5c2b845a9@group-5FD8722A3841->5903dc6b-2e4c-43f3-9c86-89f09a7774cd-AppendLogResponseHandler: Failed appendEntries: org.apache.ratis.thirdparty.io.grpc.StatusRuntimeException: UNAVAILABLE: io exception
2019-09-12 04:45:28,114 [grpc-default-executor-0] WARN  server.GrpcLogAppender (LogUtils.java:warn(134)) - 4a6209c5-e52c-498b-a70a-f7b5c2b845a9@group-5FD8722A3841->cf6464f0-cbf8-4363-9806-263215a09c56-AppendLogResponseHandler: Failed appendEntries: org.apache.ratis.thirdparty.io.grpc.StatusRuntimeException: UNAVAILABLE: io exception
2019-09-12 04:45:28,115 [grpc-default-executor-4] INFO  impl.FollowerInfo (FollowerInfo.java:lambda$new$0(51)) - 4a6209c5-e52c-498b-a70a-f7b5c2b845a9@group-5FD8722A3841->5903dc6b-2e4c-43f3-9c86-89f09a7774cd: nextIndex: updateUnconditionally 5 -> 4
2019-09-12 04:45:28,115 [grpc-default-executor-0] INFO  impl.FollowerInfo (FollowerInfo.java:lambda$new$0(51)) - 4a6209c5-e52c-498b-a70a-f7b5c2b845a9@group-5FD8722A3841->cf6464f0-cbf8-4363-9806-263215a09c56: nextIndex: updateUnconditionally 25 -> 24
2019-09-12 04:45:28,617 [grpc-default-executor-0] WARN  server.GrpcLogAppender (LogUtils.java:warn(134)) - 4a6209c5-e52c-498b-a70a-f7b5c2b845a9@group-5FD8722A3841->cf6464f0-cbf8-4363-9806-263215a09c56-AppendLogResponseHandler: Failed appendEntries: org.apache.ratis.thirdparty.io.grpc.StatusRuntimeException: UNAVAILABLE: io exception
2019-09-12 04:45:28,618 [grpc-default-executor-7] WARN  server.GrpcLogAppender (LogUtils.java:warn(134)) - 4a6209c5-e52c-498b-a70a-f7b5c2b845a9@group-5FD8722A3841->5903dc6b-2e4c-43f3-9c86-89f09a7774cd-AppendLogResponseHandler: Failed appendEntries: org.apache.ratis.thirdparty.io.grpc.StatusRuntimeException: UNAVAILABLE: io exception
2019-09-12 04:45:28,618 [grpc-default-executor-0] INFO  impl.FollowerInfo (FollowerInfo.java:lambda$new$0(51)) - 4a6209c5-e52c-498b-a70a-f7b5c2b845a9@group-5FD8722A3841->cf6464f0-cbf8-4363-9806-263215a09c56: nextIndex: updateUnconditionally 24 -> 23
2019-09-12 04:45:28,619 [grpc-default-executor-7] INFO  impl.FollowerInfo (FollowerInfo.java:lambda$new$0(51)) - 4a6209c5-e52c-498b-a70a-f7b5c2b845a9@group-5FD8722A3841->5903dc6b-2e4c-43f3-9c86-89f09a7774cd: nextIndex: updateUnconditionally 4 -> 3
2019-09-12 04:45:29,118 [grpc-default-executor-4] WARN  server.GrpcLogAppender (LogUtils.java:warn(134)) - 4a6209c5-e52c-498b-a70a-f7b5c2b845a9@group-5FD8722A3841->cf6464f0-cbf8-4363-9806-263215a09c56-AppendLogResponseHandler: Failed appendEntries: org.apache.ratis.thirdparty.io.grpc.StatusRuntimeException: UNAVAILABLE: io exception
2019-09-12 04:45:29,119 [grpc-default-executor-3] WARN  server.GrpcLogAppender (LogUtils.java:warn(134)) - 4a6209c5-e52c-498b-a70a-f7b5c2b845a9@group-5FD8722A3841->5903dc6b-2e4c-43f3-9c86-89f09a7774cd-AppendLogResponseHandler: Failed appendEntries: org.apache.ratis.thirdparty.io.grpc.StatusRuntimeException: UNAVAILABLE: io exception
2019-09-12 04:45:29,119 [grpc-default-executor-4] INFO  impl.FollowerInfo (FollowerInfo.java:lambda$new$0(51)) - 4a6209c5-e52c-498b-a70a-f7b5c2b845a9@group-5FD8722A3841->cf6464f0-cbf8-4363-9806-263215a09c56: nextIndex: updateUnconditionally 23 -> 22
2019-09-12 04:45:29,120 [grpc-default-executor-3] INFO  impl.FollowerInfo (FollowerInfo.java:lambda$new$0(51)) - 4a6209c5-e52c-498b-a70a-f7b5c2b845a9@group-5FD8722A3841->5903dc6b-2e4c-43f3-9c86-89f09a7774cd: nextIndex: updateUnconditionally 3 -> 2
2019-09-12 04:45:29,621 [grpc-default-executor-4] WARN  server.GrpcLogAppender (LogUtils.java:warn(134)) - 4a6209c5-e52c-498b-a70a-f7b5c2b845a9@group-5FD8722A3841->5903dc6b-2e4c-43f3-9c86-89f09a7774cd-AppendLogResponseHandler: Failed appendEntries: org.apache.ratis.thirdparty.io.grpc.StatusRuntimeException: UNAVAILABLE: io exception
2019-09-12 04:45:29,621 [grpc-default-executor-3] WARN  server.GrpcLogAppender (LogUtils.java:warn(134)) - 4a6209c5-e52c-498b-a70a-f7b5c2b845a9@group-5FD8722A3841->cf6464f0-cbf8-4363-9806-263215a09c56-AppendLogResponseHandler: Failed appendEntries: org.apache.ratis.thirdparty.io.grpc.StatusRuntimeException: UNAVAILABLE: io exception
2019-09-12 04:45:29,621 [grpc-default-executor-4] INFO  impl.FollowerInfo (FollowerInfo.java:lambda$new$0(51)) - 4a6209c5-e52c-498b-a70a-f7b5c2b845a9@group-5FD8722A3841->5903dc6b-2e4c-43f3-9c86-89f09a7774cd: nextIndex: updateUnconditionally 2 -> 1
2019-09-12 04:45:29,621 [grpc-default-executor-3] INFO  impl.FollowerInfo (FollowerInfo.java:lambda$new$0(51)) - 4a6209c5-e52c-498b-a70a-f7b5c2b845a9@group-5FD8722A3841->cf6464f0-cbf8-4363-9806-263215a09c56: nextIndex: updateUnconditionally 22 -> 21
2019-09-12 04:45:30,016 [main] INFO  ozoneimpl.OzoneContainer (OzoneContainer.java:stop(231)) - Attempting to stop container services.
2019-09-12 04:45:30,018 [main] INFO  impl.RaftServerProxy (RaftServerProxy.java:lambda$close$4(314)) - 6a9b9dd7-7806-4506-bdaf-7a94c8190a08: close
2019-09-12 04:45:30,019 [main] INFO  impl.RaftServerImpl (RaftServerImpl.java:lambda$shutdown$3(251)) - 6a9b9dd7-7806-4506-bdaf-7a94c8190a08@group-F3FC0297FA2D: shutdown
2019-09-12 04:45:30,019 [ForkJoinPool.commonPool-worker-1] INFO  impl.RaftServerImpl (RaftServerImpl.java:lambda$shutdown$3(251)) - 6a9b9dd7-7806-4506-bdaf-7a94c8190a08@group-73A181EEDD51: shutdown
2019-09-12 04:45:30,020 [main] INFO  util.JmxRegister (JmxRegister.java:unregister(73)) - Successfully un-registered JMX Bean with object name Ratis:service=RaftServer,group=group-F3FC0297FA2D,id=6a9b9dd7-7806-4506-bdaf-7a94c8190a08
2019-09-12 04:45:30,020 [ForkJoinPool.commonPool-worker-1] INFO  util.JmxRegister (JmxRegister.java:unregister(73)) - Successfully un-registered JMX Bean with object name Ratis:service=RaftServer,group=group-73A181EEDD51,id=6a9b9dd7-7806-4506-bdaf-7a94c8190a08
2019-09-12 04:45:30,020 [main] INFO  impl.RoleInfo (RoleInfo.java:shutdownFollowerState(121)) - 6a9b9dd7-7806-4506-bdaf-7a94c8190a08: shutdown FollowerState
2019-09-12 04:45:30,021 [ForkJoinPool.commonPool-worker-1] INFO  impl.RoleInfo (RoleInfo.java:shutdownLeaderState(104)) - 6a9b9dd7-7806-4506-bdaf-7a94c8190a08: shutdown LeaderState
2019-09-12 04:45:30,021 [main] INFO  impl.StateMachineUpdater (StateMachineUpdater.java:stopAndJoin(125)) - 6a9b9dd7-7806-4506-bdaf-7a94c8190a08@group-F3FC0297FA2D-StateMachineUpdater: set stopIndex = 16
2019-09-12 04:45:30,022 [6a9b9dd7-7806-4506-bdaf-7a94c8190a08@group-F3FC0297FA2D-StateMachineUpdater] INFO  ratis.ContainerStateMachine (ContainerStateMachine.java:takeSnapshot(289)) - group-F3FC0297FA2D: Taking a snapshot at:(t:2, i:12) file /workdir/hadoop-ozone/integration-test/target/test-dir/MiniOzoneClusterImpl-0727815a-69b9-4555-83e7-340a4888e3ed/datanode-0/data/ratis/bddb4342-453a-4bb7-bb26-f3fc0297fa2d/sm/snapshot.2_12
2019-09-12 04:45:30,021 [Thread-421] INFO  impl.FollowerState (FollowerState.java:run(115)) - 6a9b9dd7-7806-4506-bdaf-7a94c8190a08: FollowerState was interrupted: java.lang.InterruptedException: sleep interrupted
2019-09-12 04:45:30,022 [ForkJoinPool.commonPool-worker-1] INFO  impl.PendingRequests (PendingRequests.java:sendNotLeaderResponses(202)) - 6a9b9dd7-7806-4506-bdaf-7a94c8190a08-PendingRequests: sendNotLeaderResponses
2019-09-12 04:45:30,030 [ForkJoinPool.commonPool-worker-1] INFO  impl.StateMachineUpdater (StateMachineUpdater.java:stopAndJoin(125)) - 6a9b9dd7-7806-4506-bdaf-7a94c8190a08@group-73A181EEDD51-StateMachineUpdater: set stopIndex = 0
2019-09-12 04:45:30,030 [ForkJoinPool.commonPool-worker-1] INFO  impl.RaftServerImpl (ServerState.java:close(385)) - 6a9b9dd7-7806-4506-bdaf-7a94c8190a08@group-73A181EEDD51: closes. applyIndex: 0
2019-09-12 04:45:30,031 [6a9b9dd7-7806-4506-bdaf-7a94c8190a08@group-73A181EEDD51-SegmentedRaftLogWorker] INFO  segmented.SegmentedRaftLogWorker (SegmentedRaftLogWorker.java:run(313)) - 6a9b9dd7-7806-4506-bdaf-7a94c8190a08@group-73A181EEDD51-SegmentedRaftLogWorker was interrupted, exiting. There are 0 tasks remaining in the queue.
2019-09-12 04:45:30,032 [ForkJoinPool.commonPool-worker-1] INFO  segmented.SegmentedRaftLogWorker (SegmentedRaftLogWorker.java:close(228)) - 6a9b9dd7-7806-4506-bdaf-7a94c8190a08@group-73A181EEDD51-SegmentedRaftLogWorker close()
2019-09-12 04:45:30,063 [6a9b9dd7-7806-4506-bdaf-7a94c8190a08@group-F3FC0297FA2D-StateMachineUpdater] INFO  ratis.ContainerStateMachine (ContainerStateMachine.java:takeSnapshot(300)) - group-F3FC0297FA2D: Finished taking a snapshot at:(t:2, i:12) file:/workdir/hadoop-ozone/integration-test/target/test-dir/MiniOzoneClusterImpl-0727815a-69b9-4555-83e7-340a4888e3ed/datanode-0/data/ratis/bddb4342-453a-4bb7-bb26-f3fc0297fa2d/sm/snapshot.2_12 time:41
2019-09-12 04:45:30,063 [6a9b9dd7-7806-4506-bdaf-7a94c8190a08@group-F3FC0297FA2D-StateMachineUpdater] INFO  impl.StateMachineUpdater (StateMachineUpdater.java:takeSnapshot(258)) - 6a9b9dd7-7806-4506-bdaf-7a94c8190a08@group-F3FC0297FA2D-StateMachineUpdater: Took a snapshot at index 12
2019-09-12 04:45:30,064 [6a9b9dd7-7806-4506-bdaf-7a94c8190a08@group-F3FC0297FA2D-StateMachineUpdater] INFO  impl.StateMachineUpdater (StateMachineUpdater.java:lambda$new$0(83)) - 6a9b9dd7-7806-4506-bdaf-7a94c8190a08@group-F3FC0297FA2D-StateMachineUpdater: snapshotIndex: updateIncreasingly -1 -> 12
2019-09-12 04:45:30,064 [6a9b9dd7-7806-4506-bdaf-7a94c8190a08@group-F3FC0297FA2D-StateMachineUpdater] INFO  ratis.ContainerStateMachine (ContainerStateMachine.java:takeSnapshot(289)) - group-F3FC0297FA2D: Taking a snapshot at:(t:2, i:12) file /workdir/hadoop-ozone/integration-test/target/test-dir/MiniOzoneClusterImpl-0727815a-69b9-4555-83e7-340a4888e3ed/datanode-0/data/ratis/bddb4342-453a-4bb7-bb26-f3fc0297fa2d/sm/snapshot.2_12
2019-09-12 04:45:30,085 [6a9b9dd7-7806-4506-bdaf-7a94c8190a08@group-F3FC0297FA2D-StateMachineUpdater] INFO  ratis.ContainerStateMachine (ContainerStateMachine.java:takeSnapshot(300)) - group-F3FC0297FA2D: Finished taking a snapshot at:(t:2, i:12) file:/workdir/hadoop-ozone/integration-test/target/test-dir/MiniOzoneClusterImpl-0727815a-69b9-4555-83e7-340a4888e3ed/datanode-0/data/ratis/bddb4342-453a-4bb7-bb26-f3fc0297fa2d/sm/snapshot.2_12 time:21
2019-09-12 04:45:30,085 [6a9b9dd7-7806-4506-bdaf-7a94c8190a08@group-F3FC0297FA2D-StateMachineUpdater] INFO  impl.StateMachineUpdater (StateMachineUpdater.java:takeSnapshot(258)) - 6a9b9dd7-7806-4506-bdaf-7a94c8190a08@group-F3FC0297FA2D-StateMachineUpdater: Took a snapshot at index 12
2019-09-12 04:45:30,085 [6a9b9dd7-7806-4506-bdaf-7a94c8190a08@group-F3FC0297FA2D-StateMachineUpdater] INFO  impl.StateMachineUpdater (StateMachineUpdater.java:lambda$new$0(83)) - 6a9b9dd7-7806-4506-bdaf-7a94c8190a08@group-F3FC0297FA2D-StateMachineUpdater: snapshotIndex: updateIncreasingly 12 -> 12
2019-09-12 04:45:30,086 [main] INFO  impl.RaftServerImpl (ServerState.java:close(385)) - 6a9b9dd7-7806-4506-bdaf-7a94c8190a08@group-F3FC0297FA2D: closes. applyIndex: 16
2019-09-12 04:45:30,090 [6a9b9dd7-7806-4506-bdaf-7a94c8190a08@group-F3FC0297FA2D-SegmentedRaftLogWorker] ERROR ratis.XceiverServerRatis (XceiverServerRatis.java:triggerPipelineClose(568)) - pipeline Action CLOSE  on pipeline PipelineID=bddb4342-453a-4bb7-bb26-f3fc0297fa2d.Reason : WriteLog:17: (t:2, i:17), STATEMACHINELOGENTRY, client-7D300BD32A51, cid=53-writeStateMachineData interrupted.
2019-09-12 04:45:30,091 [main] INFO  segmented.SegmentedRaftLogWorker (SegmentedRaftLogWorker.java:close(228)) - 6a9b9dd7-7806-4506-bdaf-7a94c8190a08@group-F3FC0297FA2D-SegmentedRaftLogWorker close()
2019-09-12 04:45:30,093 [main] INFO  server.GrpcService (GrpcService.java:closeImpl(164)) - 6a9b9dd7-7806-4506-bdaf-7a94c8190a08: shutdown server with port 46421 now
2019-09-12 04:45:30,094 [main] INFO  server.GrpcService (GrpcService.java:closeImpl(172)) - 6a9b9dd7-7806-4506-bdaf-7a94c8190a08: shutdown server with port 46421 successfully
2019-09-12 04:45:30,096 [refreshUsed-/workdir/hadoop-ozone/integration-test/target/test-dir/MiniOzoneClusterImpl-0727815a-69b9-4555-83e7-340a4888e3ed/datanode-0/data/containers] WARN  fs.CachingGetSpaceUsed (CachingGetSpaceUsed.java:run(183)) - Thread Interrupted waiting to refresh disk information: sleep interrupted
2019-09-12 04:45:30,122 [grpc-default-executor-4] WARN  server.GrpcLogAppender (LogUtils.java:warn(134)) - 4a6209c5-e52c-498b-a70a-f7b5c2b845a9@group-5FD8722A3841->cf6464f0-cbf8-4363-9806-263215a09c56-AppendLogResponseHandler: Failed appendEntries: org.apache.ratis.thirdparty.io.grpc.StatusRuntimeException: UNAVAILABLE: io exception
2019-09-12 04:45:30,122 [grpc-default-executor-0] WARN  server.GrpcLogAppender (LogUtils.java:warn(134)) - 4a6209c5-e52c-498b-a70a-f7b5c2b845a9@group-5FD8722A3841->5903dc6b-2e4c-43f3-9c86-89f09a7774cd-AppendLogResponseHandler: Failed appendEntries: org.apache.ratis.thirdparty.io.grpc.StatusRuntimeException: UNAVAILABLE: io exception
2019-09-12 04:45:30,122 [grpc-default-executor-4] INFO  impl.FollowerInfo (FollowerInfo.java:lambda$new$0(51)) - 4a6209c5-e52c-498b-a70a-f7b5c2b845a9@group-5FD8722A3841->cf6464f0-cbf8-4363-9806-263215a09c56: nextIndex: updateUnconditionally 21 -> 20
2019-09-12 04:45:30,122 [grpc-default-executor-0] INFO  impl.FollowerInfo (FollowerInfo.java:lambda$new$0(51)) - 4a6209c5-e52c-498b-a70a-f7b5c2b845a9@group-5FD8722A3841->5903dc6b-2e4c-43f3-9c86-89f09a7774cd: nextIndex: updateUnconditionally 1 -> 0
2019-09-12 04:45:30,125 [main] INFO  utils.BackgroundService (BackgroundService.java:shutdown(148)) - Shutting down service BlockDeletingService
2019-09-12 04:45:30,128 [main] INFO  statemachine.DatanodeStateMachine (DatanodeStateMachine.java:stopDaemon(395)) - Ozone container server stopped.
2019-09-12 04:45:30,131 [main] INFO  handler.ContextHandler (ContextHandler.java:doStop(910)) - Stopped o.e.j.w.WebAppContext@476fe690{/,null,UNAVAILABLE}{/hddsDatanode}
2019-09-12 04:45:30,132 [main] INFO  server.AbstractConnector (AbstractConnector.java:doStop(318)) - Stopped ServerConnector@7a0e7ecd{HTTP/1.1,[http/1.1]}{0.0.0.0:0}
2019-09-12 04:45:30,133 [main] INFO  handler.ContextHandler (ContextHandler.java:doStop(910)) - Stopped o.e.j.s.ServletContextHandler@6920614{/static,jar:file:/home/user/.m2/repository/org/apache/hadoop/hadoop-hdds-container-service/0.5.0-SNAPSHOT/hadoop-hdds-container-service-0.5.0-SNAPSHOT.jar!/webapps/static,UNAVAILABLE}
2019-09-12 04:45:30,133 [main] INFO  handler.ContextHandler (ContextHandler.java:doStop(910)) - Stopped o.e.j.s.ServletContextHandler@1effd53c{/logs,file:///workdir/hadoop-ozone/integration-test/target/log,UNAVAILABLE}
2019-09-12 04:45:30,616 [Datanode State Machine Thread - 0] INFO  statemachine.DatanodeStateMachine (DatanodeStateMachine.java:lambda$startDaemon$0(350)) - Ozone container server started.
2019-09-12 04:45:30,622 [grpc-default-executor-7] WARN  server.GrpcLogAppender (LogUtils.java:warn(134)) - 4a6209c5-e52c-498b-a70a-f7b5c2b845a9@group-5FD8722A3841->cf6464f0-cbf8-4363-9806-263215a09c56-AppendLogResponseHandler: Failed appendEntries: org.apache.ratis.thirdparty.io.grpc.StatusRuntimeException: UNAVAILABLE: io exception
2019-09-12 04:45:30,622 [grpc-default-executor-3] WARN  server.GrpcLogAppender (LogUtils.java:warn(134)) - 4a6209c5-e52c-498b-a70a-f7b5c2b845a9@group-5FD8722A3841->5903dc6b-2e4c-43f3-9c86-89f09a7774cd-AppendLogResponseHandler: Failed appendEntries: org.apache.ratis.thirdparty.io.grpc.StatusRuntimeException: UNAVAILABLE: io exception
2019-09-12 04:45:30,622 [grpc-default-executor-7] INFO  impl.FollowerInfo (FollowerInfo.java:lambda$new$0(51)) - 4a6209c5-e52c-498b-a70a-f7b5c2b845a9@group-5FD8722A3841->cf6464f0-cbf8-4363-9806-263215a09c56: nextIndex: updateUnconditionally 20 -> 19
2019-09-12 04:45:30,622 [grpc-default-executor-3] INFO  impl.FollowerInfo (FollowerInfo.java:lambda$new$0(51)) - 4a6209c5-e52c-498b-a70a-f7b5c2b845a9@group-5FD8722A3841->5903dc6b-2e4c-43f3-9c86-89f09a7774cd: nextIndex: updateUnconditionally 0 -> 0
2019-09-12 04:45:31,122 [grpc-default-executor-3] WARN  server.GrpcLogAppender (LogUtils.java:warn(134)) - 4a6209c5-e52c-498b-a70a-f7b5c2b845a9@group-5FD8722A3841->cf6464f0-cbf8-4363-9806-263215a09c56-AppendLogResponseHandler: Failed appendEntries: org.apache.ratis.thirdparty.io.grpc.StatusRuntimeException: UNAVAILABLE: io exception
2019-09-12 04:45:31,122 [grpc-default-executor-6] WARN  server.GrpcLogAppender (LogUtils.java:warn(134)) - 4a6209c5-e52c-498b-a70a-f7b5c2b845a9@group-5FD8722A3841->5903dc6b-2e4c-43f3-9c86-89f09a7774cd-AppendLogResponseHandler: Failed appendEntries: org.apache.ratis.thirdparty.io.grpc.StatusRuntimeException: UNAVAILABLE: io exception
2019-09-12 04:45:31,122 [grpc-default-executor-3] INFO  impl.FollowerInfo (FollowerInfo.java:lambda$new$0(51)) - 4a6209c5-e52c-498b-a70a-f7b5c2b845a9@group-5FD8722A3841->cf6464f0-cbf8-4363-9806-263215a09c56: nextIndex: updateUnconditionally 19 -> 18
2019-09-12 04:45:31,123 [grpc-default-executor-6] INFO  impl.FollowerInfo (FollowerInfo.java:lambda$new$0(51)) - 4a6209c5-e52c-498b-a70a-f7b5c2b845a9@group-5FD8722A3841->5903dc6b-2e4c-43f3-9c86-89f09a7774cd: nextIndex: updateUnconditionally 0 -> 0
2019-09-12 04:45:31,424 [4a6209c5-e52c-498b-a70a-f7b5c2b845a9@group-5FD8722A3841-SegmentedRaftLogWorker] WARN  segmented.SegmentedRaftLogWorker (SegmentedRaftLogWorker.java:getFromFuture(90)) - Timeout 3/~
org.apache.ratis.protocol.TimeoutIOException: Timeout 10s: WriteLog:31: (t:1, i:31), STATEMACHINELOGENTRY, client-40C9AD207E5E, cid=66-writeStateMachineData
	at org.apache.ratis.util.IOUtils.getFromFuture(IOUtils.java:87)
	at org.apache.ratis.server.raftlog.segmented.SegmentedRaftLogWorker$StateMachineDataPolicy.getFromFuture(SegmentedRaftLogWorker.java:87)
	at org.apache.ratis.server.raftlog.segmented.SegmentedRaftLogWorker$WriteLog.execute(SegmentedRaftLogWorker.java:477)
	at org.apache.ratis.server.raftlog.segmented.SegmentedRaftLogWorker.run(SegmentedRaftLogWorker.java:289)
	at java.lang.Thread.run(Thread.java:748)
Caused by: java.util.concurrent.TimeoutException
	at java.util.concurrent.CompletableFuture.timedGet(CompletableFuture.java:1771)
	at java.util.concurrent.CompletableFuture.get(CompletableFuture.java:1915)
	at org.apache.ratis.util.IOUtils.getFromFuture(IOUtils.java:79)
	... 4 more
2019-09-12 04:45:31,623 [grpc-default-executor-3] WARN  server.GrpcLogAppender (LogUtils.java:warn(134)) - 4a6209c5-e52c-498b-a70a-f7b5c2b845a9@group-5FD8722A3841->cf6464f0-cbf8-4363-9806-263215a09c56-AppendLogResponseHandler: Failed appendEntries: org.apache.ratis.thirdparty.io.grpc.StatusRuntimeException: UNAVAILABLE: io exception
2019-09-12 04:45:31,623 [grpc-default-executor-4] WARN  server.GrpcLogAppender (LogUtils.java:warn(134)) - 4a6209c5-e52c-498b-a70a-f7b5c2b845a9@group-5FD8722A3841->5903dc6b-2e4c-43f3-9c86-89f09a7774cd-AppendLogResponseHandler: Failed appendEntries: org.apache.ratis.thirdparty.io.grpc.StatusRuntimeException: UNAVAILABLE: io exception
2019-09-12 04:45:31,623 [grpc-default-executor-3] INFO  impl.FollowerInfo (FollowerInfo.java:lambda$new$0(51)) - 4a6209c5-e52c-498b-a70a-f7b5c2b845a9@group-5FD8722A3841->cf6464f0-cbf8-4363-9806-263215a09c56: nextIndex: updateUnconditionally 18 -> 17
2019-09-12 04:45:31,624 [grpc-default-executor-4] INFO  impl.FollowerInfo (FollowerInfo.java:lambda$new$0(51)) - 4a6209c5-e52c-498b-a70a-f7b5c2b845a9@group-5FD8722A3841->5903dc6b-2e4c-43f3-9c86-89f09a7774cd: nextIndex: updateUnconditionally 0 -> 0
2019-09-12 04:45:32,126 [grpc-default-executor-6] WARN  server.GrpcLogAppender (LogUtils.java:warn(134)) - 4a6209c5-e52c-498b-a70a-f7b5c2b845a9@group-5FD8722A3841->5903dc6b-2e4c-43f3-9c86-89f09a7774cd-AppendLogResponseHandler: Failed appendEntries: org.apache.ratis.thirdparty.io.grpc.StatusRuntimeException: UNAVAILABLE: io exception
2019-09-12 04:45:32,126 [grpc-default-executor-4] WARN  server.GrpcLogAppender (LogUtils.java:warn(134)) - 4a6209c5-e52c-498b-a70a-f7b5c2b845a9@group-5FD8722A3841->cf6464f0-cbf8-4363-9806-263215a09c56-AppendLogResponseHandler: Failed appendEntries: org.apache.ratis.thirdparty.io.grpc.StatusRuntimeException: UNAVAILABLE: io exception
2019-09-12 04:45:32,127 [grpc-default-executor-6] INFO  impl.FollowerInfo (FollowerInfo.java:lambda$new$0(51)) - 4a6209c5-e52c-498b-a70a-f7b5c2b845a9@group-5FD8722A3841->5903dc6b-2e4c-43f3-9c86-89f09a7774cd: nextIndex: updateUnconditionally 0 -> 0
2019-09-12 04:45:32,127 [grpc-default-executor-4] INFO  impl.FollowerInfo (FollowerInfo.java:lambda$new$0(51)) - 4a6209c5-e52c-498b-a70a-f7b5c2b845a9@group-5FD8722A3841->cf6464f0-cbf8-4363-9806-263215a09c56: nextIndex: updateUnconditionally 17 -> 16
2019-09-12 04:45:32,627 [grpc-default-executor-0] WARN  server.GrpcLogAppender (LogUtils.java:warn(134)) - 4a6209c5-e52c-498b-a70a-f7b5c2b845a9@group-5FD8722A3841->cf6464f0-cbf8-4363-9806-263215a09c56-AppendLogResponseHandler: Failed appendEntries: org.apache.ratis.thirdparty.io.grpc.StatusRuntimeException: UNAVAILABLE: io exception
2019-09-12 04:45:32,627 [grpc-default-executor-8] WARN  server.GrpcLogAppender (LogUtils.java:warn(134)) - 4a6209c5-e52c-498b-a70a-f7b5c2b845a9@group-5FD8722A3841->5903dc6b-2e4c-43f3-9c86-89f09a7774cd-AppendLogResponseHandler: Failed appendEntries: org.apache.ratis.thirdparty.io.grpc.StatusRuntimeException: UNAVAILABLE: io exception
2019-09-12 04:45:32,628 [grpc-default-executor-0] INFO  impl.FollowerInfo (FollowerInfo.java:lambda$new$0(51)) - 4a6209c5-e52c-498b-a70a-f7b5c2b845a9@group-5FD8722A3841->cf6464f0-cbf8-4363-9806-263215a09c56: nextIndex: updateUnconditionally 16 -> 15
2019-09-12 04:45:32,628 [grpc-default-executor-8] INFO  impl.FollowerInfo (FollowerInfo.java:lambda$new$0(51)) - 4a6209c5-e52c-498b-a70a-f7b5c2b845a9@group-5FD8722A3841->5903dc6b-2e4c-43f3-9c86-89f09a7774cd: nextIndex: updateUnconditionally 0 -> 0
2019-09-12 04:45:33,127 [grpc-default-executor-7] WARN  server.GrpcLogAppender (LogUtils.java:warn(134)) - 4a6209c5-e52c-498b-a70a-f7b5c2b845a9@group-5FD8722A3841->5903dc6b-2e4c-43f3-9c86-89f09a7774cd-AppendLogResponseHandler: Failed appendEntries: org.apache.ratis.thirdparty.io.grpc.StatusRuntimeException: UNAVAILABLE: io exception
2019-09-12 04:45:33,127 [grpc-default-executor-6] WARN  server.GrpcLogAppender (LogUtils.java:warn(134)) - 4a6209c5-e52c-498b-a70a-f7b5c2b845a9@group-5FD8722A3841->cf6464f0-cbf8-4363-9806-263215a09c56-AppendLogResponseHandler: Failed appendEntries: org.apache.ratis.thirdparty.io.grpc.StatusRuntimeException: UNAVAILABLE: io exception
2019-09-12 04:45:33,128 [grpc-default-executor-7] INFO  impl.FollowerInfo (FollowerInfo.java:lambda$new$0(51)) - 4a6209c5-e52c-498b-a70a-f7b5c2b845a9@group-5FD8722A3841->5903dc6b-2e4c-43f3-9c86-89f09a7774cd: nextIndex: updateUnconditionally 0 -> 0
2019-09-12 04:45:33,128 [grpc-default-executor-6] INFO  impl.FollowerInfo (FollowerInfo.java:lambda$new$0(51)) - 4a6209c5-e52c-498b-a70a-f7b5c2b845a9@group-5FD8722A3841->cf6464f0-cbf8-4363-9806-263215a09c56: nextIndex: updateUnconditionally 15 -> 14
2019-09-12 04:45:33,629 [grpc-default-executor-7] WARN  server.GrpcLogAppender (LogUtils.java:warn(134)) - 4a6209c5-e52c-498b-a70a-f7b5c2b845a9@group-5FD8722A3841->5903dc6b-2e4c-43f3-9c86-89f09a7774cd-AppendLogResponseHandler: Failed appendEntries: org.apache.ratis.thirdparty.io.grpc.StatusRuntimeException: UNAVAILABLE: io exception
2019-09-12 04:45:33,629 [grpc-default-executor-4] WARN  server.GrpcLogAppender (LogUtils.java:warn(134)) - 4a6209c5-e52c-498b-a70a-f7b5c2b845a9@group-5FD8722A3841->cf6464f0-cbf8-4363-9806-263215a09c56-AppendLogResponseHandler: Failed appendEntries: org.apache.ratis.thirdparty.io.grpc.StatusRuntimeException: UNAVAILABLE: io exception
2019-09-12 04:45:33,629 [grpc-default-executor-7] INFO  impl.FollowerInfo (FollowerInfo.java:lambda$new$0(51)) - 4a6209c5-e52c-498b-a70a-f7b5c2b845a9@group-5FD8722A3841->5903dc6b-2e4c-43f3-9c86-89f09a7774cd: nextIndex: updateUnconditionally 0 -> 0
2019-09-12 04:45:33,630 [grpc-default-executor-4] INFO  impl.FollowerInfo (FollowerInfo.java:lambda$new$0(51)) - 4a6209c5-e52c-498b-a70a-f7b5c2b845a9@group-5FD8722A3841->cf6464f0-cbf8-4363-9806-263215a09c56: nextIndex: updateUnconditionally 14 -> 13
2019-09-12 04:45:34,130 [grpc-default-executor-7] WARN  server.GrpcLogAppender (LogUtils.java:warn(134)) - 4a6209c5-e52c-498b-a70a-f7b5c2b845a9@group-5FD8722A3841->cf6464f0-cbf8-4363-9806-263215a09c56-AppendLogResponseHandler: Failed appendEntries: org.apache.ratis.thirdparty.io.grpc.StatusRuntimeException: UNAVAILABLE: io exception
2019-09-12 04:45:34,130 [grpc-default-executor-4] WARN  server.GrpcLogAppender (LogUtils.java:warn(134)) - 4a6209c5-e52c-498b-a70a-f7b5c2b845a9@group-5FD8722A3841->5903dc6b-2e4c-43f3-9c86-89f09a7774cd-AppendLogResponseHandler: Failed appendEntries: org.apache.ratis.thirdparty.io.grpc.StatusRuntimeException: UNAVAILABLE: io exception
2019-09-12 04:45:34,131 [grpc-default-executor-7] INFO  impl.FollowerInfo (FollowerInfo.java:lambda$new$0(51)) - 4a6209c5-e52c-498b-a70a-f7b5c2b845a9@group-5FD8722A3841->cf6464f0-cbf8-4363-9806-263215a09c56: nextIndex: updateUnconditionally 13 -> 12
2019-09-12 04:45:34,131 [grpc-default-executor-4] INFO  impl.FollowerInfo (FollowerInfo.java:lambda$new$0(51)) - 4a6209c5-e52c-498b-a70a-f7b5c2b845a9@group-5FD8722A3841->5903dc6b-2e4c-43f3-9c86-89f09a7774cd: nextIndex: updateUnconditionally 0 -> 0
2019-09-12 04:45:34,632 [grpc-default-executor-7] WARN  server.GrpcLogAppender (LogUtils.java:warn(134)) - 4a6209c5-e52c-498b-a70a-f7b5c2b845a9@group-5FD8722A3841->5903dc6b-2e4c-43f3-9c86-89f09a7774cd-AppendLogResponseHandler: Failed appendEntries: org.apache.ratis.thirdparty.io.grpc.StatusRuntimeException: UNAVAILABLE: io exception
2019-09-12 04:45:34,632 [grpc-default-executor-4] WARN  server.GrpcLogAppender (LogUtils.java:warn(134)) - 4a6209c5-e52c-498b-a70a-f7b5c2b845a9@group-5FD8722A3841->cf6464f0-cbf8-4363-9806-263215a09c56-AppendLogResponseHandler: Failed appendEntries: org.apache.ratis.thirdparty.io.grpc.StatusRuntimeException: UNAVAILABLE: io exception
2019-09-12 04:45:34,633 [grpc-default-executor-7] INFO  impl.FollowerInfo (FollowerInfo.java:lambda$new$0(51)) - 4a6209c5-e52c-498b-a70a-f7b5c2b845a9@group-5FD8722A3841->5903dc6b-2e4c-43f3-9c86-89f09a7774cd: nextIndex: updateUnconditionally 0 -> 0
2019-09-12 04:45:34,633 [grpc-default-executor-4] INFO  impl.FollowerInfo (FollowerInfo.java:lambda$new$0(51)) - 4a6209c5-e52c-498b-a70a-f7b5c2b845a9@group-5FD8722A3841->cf6464f0-cbf8-4363-9806-263215a09c56: nextIndex: updateUnconditionally 12 -> 11
2019-09-12 04:45:35,133 [grpc-default-executor-7] WARN  server.GrpcLogAppender (LogUtils.java:warn(134)) - 4a6209c5-e52c-498b-a70a-f7b5c2b845a9@group-5FD8722A3841->cf6464f0-cbf8-4363-9806-263215a09c56-AppendLogResponseHandler: Failed appendEntries: org.apache.ratis.thirdparty.io.grpc.StatusRuntimeException: UNAVAILABLE: io exception
2019-09-12 04:45:35,133 [grpc-default-executor-4] WARN  server.GrpcLogAppender (LogUtils.java:warn(134)) - 4a6209c5-e52c-498b-a70a-f7b5c2b845a9@group-5FD8722A3841->5903dc6b-2e4c-43f3-9c86-89f09a7774cd-AppendLogResponseHandler: Failed appendEntries: org.apache.ratis.thirdparty.io.grpc.StatusRuntimeException: UNAVAILABLE: io exception
2019-09-12 04:45:35,134 [grpc-default-executor-7] INFO  impl.FollowerInfo (FollowerInfo.java:lambda$new$0(51)) - 4a6209c5-e52c-498b-a70a-f7b5c2b845a9@group-5FD8722A3841->cf6464f0-cbf8-4363-9806-263215a09c56: nextIndex: updateUnconditionally 11 -> 10
2019-09-12 04:45:35,134 [grpc-default-executor-4] INFO  impl.FollowerInfo (FollowerInfo.java:lambda$new$0(51)) - 4a6209c5-e52c-498b-a70a-f7b5c2b845a9@group-5FD8722A3841->5903dc6b-2e4c-43f3-9c86-89f09a7774cd: nextIndex: updateUnconditionally 0 -> 0
2019-09-12 04:45:35,137 [main] INFO  ozoneimpl.OzoneContainer (OzoneContainer.java:stop(231)) - Attempting to stop container services.
2019-09-12 04:45:35,139 [main] INFO  impl.RaftServerProxy (RaftServerProxy.java:lambda$close$4(314)) - 4a6209c5-e52c-498b-a70a-f7b5c2b845a9: close
2019-09-12 04:45:35,140 [main] INFO  impl.RaftServerImpl (RaftServerImpl.java:lambda$shutdown$3(251)) - 4a6209c5-e52c-498b-a70a-f7b5c2b845a9@group-166E211DB835: shutdown
2019-09-12 04:45:35,140 [ForkJoinPool.commonPool-worker-0] INFO  impl.RaftServerImpl (RaftServerImpl.java:lambda$shutdown$3(251)) - 4a6209c5-e52c-498b-a70a-f7b5c2b845a9@group-5FD8722A3841: shutdown
2019-09-12 04:45:35,141 [main] INFO  util.JmxRegister (JmxRegister.java:unregister(73)) - Successfully un-registered JMX Bean with object name Ratis:service=RaftServer,group=group-166E211DB835,id=4a6209c5-e52c-498b-a70a-f7b5c2b845a9
2019-09-12 04:45:35,141 [ForkJoinPool.commonPool-worker-0] INFO  util.JmxRegister (JmxRegister.java:unregister(73)) - Successfully un-registered JMX Bean with object name Ratis:service=RaftServer,group=group-5FD8722A3841,id=4a6209c5-e52c-498b-a70a-f7b5c2b845a9
2019-09-12 04:45:35,141 [main] INFO  impl.RoleInfo (RoleInfo.java:shutdownLeaderState(104)) - 4a6209c5-e52c-498b-a70a-f7b5c2b845a9: shutdown LeaderState
2019-09-12 04:45:35,142 [ForkJoinPool.commonPool-worker-0] INFO  impl.RoleInfo (RoleInfo.java:shutdownLeaderState(104)) - 4a6209c5-e52c-498b-a70a-f7b5c2b845a9: shutdown LeaderState
2019-09-12 04:45:35,143 [main] INFO  impl.PendingRequests (PendingRequests.java:sendNotLeaderResponses(202)) - 4a6209c5-e52c-498b-a70a-f7b5c2b845a9-PendingRequests: sendNotLeaderResponses
2019-09-12 04:45:35,144 [org.apache.ratis.server.impl.LogAppender$AppenderDaemon$$Lambda$547/922444527@463d712b] WARN  server.GrpcLogAppender (GrpcLogAppender.java:mayWait(143)) - 4a6209c5-e52c-498b-a70a-f7b5c2b845a9@group-5FD8722A3841->cf6464f0-cbf8-4363-9806-263215a09c56-GrpcLogAppender: Wait interrupted by java.lang.InterruptedException
2019-09-12 04:45:35,144 [ForkJoinPool.commonPool-worker-0] INFO  impl.PendingRequests (PendingRequests.java:sendNotLeaderResponses(202)) - 4a6209c5-e52c-498b-a70a-f7b5c2b845a9-PendingRequests: sendNotLeaderResponses
2019-09-12 04:45:35,144 [org.apache.ratis.server.impl.LogAppender$AppenderDaemon$$Lambda$547/922444527@7c3bcd87] WARN  server.GrpcLogAppender (GrpcLogAppender.java:mayWait(143)) - 4a6209c5-e52c-498b-a70a-f7b5c2b845a9@group-5FD8722A3841->5903dc6b-2e4c-43f3-9c86-89f09a7774cd-GrpcLogAppender: Wait interrupted by java.lang.InterruptedException
2019-09-12 04:45:35,145 [main] INFO  impl.StateMachineUpdater (StateMachineUpdater.java:stopAndJoin(125)) - 4a6209c5-e52c-498b-a70a-f7b5c2b845a9@group-166E211DB835-StateMachineUpdater: set stopIndex = 0
2019-09-12 04:45:35,146 [main] INFO  impl.RaftServerImpl (ServerState.java:close(385)) - 4a6209c5-e52c-498b-a70a-f7b5c2b845a9@group-166E211DB835: closes. applyIndex: 0
2019-09-12 04:45:35,149 [4a6209c5-e52c-498b-a70a-f7b5c2b845a9@group-166E211DB835-SegmentedRaftLogWorker] INFO  segmented.SegmentedRaftLogWorker (SegmentedRaftLogWorker.java:run(313)) - 4a6209c5-e52c-498b-a70a-f7b5c2b845a9@group-166E211DB835-SegmentedRaftLogWorker was interrupted, exiting. There are 0 tasks remaining in the queue.
2019-09-12 04:45:35,149 [ForkJoinPool.commonPool-worker-0] INFO  impl.StateMachineUpdater (StateMachineUpdater.java:stopAndJoin(125)) - 4a6209c5-e52c-498b-a70a-f7b5c2b845a9@group-5FD8722A3841-StateMachineUpdater: set stopIndex = 30
2019-09-12 04:45:35,149 [4a6209c5-e52c-498b-a70a-f7b5c2b845a9@group-5FD8722A3841-StateMachineUpdater] INFO  ratis.ContainerStateMachine (ContainerStateMachine.java:takeSnapshot(289)) - group-5FD8722A3841: Taking a snapshot at:(t:1, i:28) file /workdir/hadoop-ozone/integration-test/target/test-dir/MiniOzoneClusterImpl-0727815a-69b9-4555-83e7-340a4888e3ed/datanode-1/data/ratis/5d771cb8-bc9c-4de1-9b29-5fd8722a3841/sm/snapshot.1_28
2019-09-12 04:45:35,149 [main] INFO  segmented.SegmentedRaftLogWorker (SegmentedRaftLogWorker.java:close(228)) - 4a6209c5-e52c-498b-a70a-f7b5c2b845a9@group-166E211DB835-SegmentedRaftLogWorker close()
2019-09-12 04:45:35,163 [4a6209c5-e52c-498b-a70a-f7b5c2b845a9@group-5FD8722A3841-StateMachineUpdater] INFO  ratis.ContainerStateMachine (ContainerStateMachine.java:takeSnapshot(300)) - group-5FD8722A3841: Finished taking a snapshot at:(t:1, i:28) file:/workdir/hadoop-ozone/integration-test/target/test-dir/MiniOzoneClusterImpl-0727815a-69b9-4555-83e7-340a4888e3ed/datanode-1/data/ratis/5d771cb8-bc9c-4de1-9b29-5fd8722a3841/sm/snapshot.1_28 time:14
2019-09-12 04:45:35,163 [4a6209c5-e52c-498b-a70a-f7b5c2b845a9@group-5FD8722A3841-StateMachineUpdater] INFO  impl.StateMachineUpdater (StateMachineUpdater.java:takeSnapshot(258)) - 4a6209c5-e52c-498b-a70a-f7b5c2b845a9@group-5FD8722A3841-StateMachineUpdater: Took a snapshot at index 28
2019-09-12 04:45:35,163 [4a6209c5-e52c-498b-a70a-f7b5c2b845a9@group-5FD8722A3841-StateMachineUpdater] INFO  impl.StateMachineUpdater (StateMachineUpdater.java:lambda$new$0(83)) - 4a6209c5-e52c-498b-a70a-f7b5c2b845a9@group-5FD8722A3841-StateMachineUpdater: snapshotIndex: updateIncreasingly -1 -> 28
2019-09-12 04:45:35,164 [4a6209c5-e52c-498b-a70a-f7b5c2b845a9@group-5FD8722A3841-StateMachineUpdater] INFO  ratis.ContainerStateMachine (ContainerStateMachine.java:takeSnapshot(289)) - group-5FD8722A3841: Taking a snapshot at:(t:1, i:28) file /workdir/hadoop-ozone/integration-test/target/test-dir/MiniOzoneClusterImpl-0727815a-69b9-4555-83e7-340a4888e3ed/datanode-1/data/ratis/5d771cb8-bc9c-4de1-9b29-5fd8722a3841/sm/snapshot.1_28
2019-09-12 04:45:35,176 [4a6209c5-e52c-498b-a70a-f7b5c2b845a9@group-5FD8722A3841-StateMachineUpdater] INFO  ratis.ContainerStateMachine (ContainerStateMachine.java:takeSnapshot(300)) - group-5FD8722A3841: Finished taking a snapshot at:(t:1, i:28) file:/workdir/hadoop-ozone/integration-test/target/test-dir/MiniOzoneClusterImpl-0727815a-69b9-4555-83e7-340a4888e3ed/datanode-1/data/ratis/5d771cb8-bc9c-4de1-9b29-5fd8722a3841/sm/snapshot.1_28 time:12
2019-09-12 04:45:35,176 [4a6209c5-e52c-498b-a70a-f7b5c2b845a9@group-5FD8722A3841-StateMachineUpdater] INFO  impl.StateMachineUpdater (StateMachineUpdater.java:takeSnapshot(258)) - 4a6209c5-e52c-498b-a70a-f7b5c2b845a9@group-5FD8722A3841-StateMachineUpdater: Took a snapshot at index 28
2019-09-12 04:45:35,176 [4a6209c5-e52c-498b-a70a-f7b5c2b845a9@group-5FD8722A3841-StateMachineUpdater] INFO  impl.StateMachineUpdater (StateMachineUpdater.java:lambda$new$0(83)) - 4a6209c5-e52c-498b-a70a-f7b5c2b845a9@group-5FD8722A3841-StateMachineUpdater: snapshotIndex: updateIncreasingly 28 -> 28
2019-09-12 04:45:35,177 [ForkJoinPool.commonPool-worker-0] INFO  impl.RaftServerImpl (ServerState.java:close(385)) - 4a6209c5-e52c-498b-a70a-f7b5c2b845a9@group-5FD8722A3841: closes. applyIndex: 30
2019-09-12 04:45:35,179 [4a6209c5-e52c-498b-a70a-f7b5c2b845a9@group-5FD8722A3841-SegmentedRaftLogWorker] ERROR ratis.XceiverServerRatis (XceiverServerRatis.java:triggerPipelineClose(568)) - pipeline Action CLOSE  on pipeline PipelineID=5d771cb8-bc9c-4de1-9b29-5fd8722a3841.Reason : WriteLog:31: (t:1, i:31), STATEMACHINELOGENTRY, client-40C9AD207E5E, cid=66-writeStateMachineData interrupted.
2019-09-12 04:45:35,180 [ForkJoinPool.commonPool-worker-0] INFO  segmented.SegmentedRaftLogWorker (SegmentedRaftLogWorker.java:close(228)) - 4a6209c5-e52c-498b-a70a-f7b5c2b845a9@group-5FD8722A3841-SegmentedRaftLogWorker close()
2019-09-12 04:45:35,181 [main] INFO  server.GrpcService (GrpcService.java:closeImpl(164)) - 4a6209c5-e52c-498b-a70a-f7b5c2b845a9: shutdown server with port 40323 now
2019-09-12 04:45:35,182 [main] INFO  server.GrpcService (GrpcService.java:closeImpl(172)) - 4a6209c5-e52c-498b-a70a-f7b5c2b845a9: shutdown server with port 40323 successfully
2019-09-12 04:45:35,185 [refreshUsed-/workdir/hadoop-ozone/integration-test/target/test-dir/MiniOzoneClusterImpl-0727815a-69b9-4555-83e7-340a4888e3ed/datanode-1/data/containers] WARN  fs.CachingGetSpaceUsed (CachingGetSpaceUsed.java:run(183)) - Thread Interrupted waiting to refresh disk information: sleep interrupted
2019-09-12 04:45:35,206 [main] INFO  utils.BackgroundService (BackgroundService.java:shutdown(148)) - Shutting down service BlockDeletingService
2019-09-12 04:45:35,209 [main] INFO  statemachine.DatanodeStateMachine (DatanodeStateMachine.java:stopDaemon(395)) - Ozone container server stopped.
2019-09-12 04:45:35,211 [main] INFO  handler.ContextHandler (ContextHandler.java:doStop(910)) - Stopped o.e.j.w.WebAppContext@25ad4f71{/,null,UNAVAILABLE}{/hddsDatanode}
2019-09-12 04:45:35,212 [main] INFO  server.AbstractConnector (AbstractConnector.java:doStop(318)) - Stopped ServerConnector@49faf066{HTTP/1.1,[http/1.1]}{0.0.0.0:0}
2019-09-12 04:45:35,212 [main] INFO  handler.ContextHandler (ContextHandler.java:doStop(910)) - Stopped o.e.j.s.ServletContextHandler@15400fff{/static,jar:file:/home/user/.m2/repository/org/apache/hadoop/hadoop-hdds-container-service/0.5.0-SNAPSHOT/hadoop-hdds-container-service-0.5.0-SNAPSHOT.jar!/webapps/static,UNAVAILABLE}
2019-09-12 04:45:35,213 [main] INFO  handler.ContextHandler (ContextHandler.java:doStop(910)) - Stopped o.e.j.s.ServletContextHandler@654c7d2d{/logs,file:///workdir/hadoop-ozone/integration-test/target/log,UNAVAILABLE}
2019-09-12 04:45:35,214 [main] INFO  ozone.MiniOzoneClusterImpl (MiniOzoneClusterImpl.java:stop(339)) - Stopping the StorageContainerManager
2019-09-12 04:45:35,214 [main] INFO  server.StorageContainerManager (StorageContainerManager.java:stop(801)) - Stopping Replication Manager Service.
2019-09-12 04:45:35,214 [main] INFO  container.ReplicationManager (ReplicationManager.java:stop(203)) - Stopping Replication Monitor Thread.
2019-09-12 04:45:35,214 [main] INFO  server.StorageContainerManager (StorageContainerManager.java:stop(808)) - Stopping Lease Manager of the command watchers
2019-09-12 04:45:35,215 [main] INFO  server.StorageContainerManager (StorageContainerManager.java:stop(815)) - Stopping datanode service RPC server
2019-09-12 04:45:35,215 [main] INFO  server.SCMDatanodeProtocolServer (SCMDatanodeProtocolServer.java:stop(367)) - Stopping the RPC server for DataNodes
2019-09-12 04:45:35,215 [main] INFO  ipc.Server (Server.java:stop(3082)) - Stopping server on 37276
2019-09-12 04:45:35,217 [IPC Server listener on 37276] INFO  ipc.Server (Server.java:run(1185)) - Stopping IPC Server listener on 37276
2019-09-12 04:45:35,218 [IPC Server Responder] INFO  ipc.Server (Server.java:run(1319)) - Stopping IPC Server Responder
2019-09-12 04:45:35,228 [SCM Heartbeat Processing Thread - 0] WARN  node.NodeStateManager (NodeStateManager.java:scheduleNextHealthCheck(646)) - Current Thread is interrupted, shutting down HB processing thread for Node Manager.
2019-09-12 04:45:35,228 [main] INFO  server.StorageContainerManager (StorageContainerManager.java:stop(823)) - Stopping block service RPC server
2019-09-12 04:45:35,228 [main] INFO  server.SCMBlockProtocolServer (SCMBlockProtocolServer.java:stop(155)) - Stopping the RPC server for Block Protocol
2019-09-12 04:45:35,229 [main] INFO  ipc.Server (Server.java:stop(3082)) - Stopping server on 46052
2019-09-12 04:45:35,230 [IPC Server listener on 46052] INFO  ipc.Server (Server.java:run(1185)) - Stopping IPC Server listener on 46052
2019-09-12 04:45:35,230 [IPC Server Responder] INFO  ipc.Server (Server.java:run(1319)) - Stopping IPC Server Responder
2019-09-12 04:45:35,230 [main] INFO  server.StorageContainerManager (StorageContainerManager.java:stop(830)) - Stopping the StorageContainerLocationProtocol RPC server
2019-09-12 04:45:35,231 [main] INFO  server.SCMClientProtocolServer (SCMClientProtocolServer.java:stop(159)) - Stopping the RPC server for Client Protocol
2019-09-12 04:45:35,231 [main] INFO  ipc.Server (Server.java:stop(3082)) - Stopping server on 35212
2019-09-12 04:45:35,233 [IPC Server listener on 35212] INFO  ipc.Server (Server.java:run(1185)) - Stopping IPC Server listener on 35212
2019-09-12 04:45:35,233 [IPC Server Responder] INFO  ipc.Server (Server.java:run(1319)) - Stopping IPC Server Responder
2019-09-12 04:45:35,233 [main] INFO  server.StorageContainerManager (StorageContainerManager.java:stop(837)) - Stopping Storage Container Manager HTTP server.
2019-09-12 04:45:35,234 [main] INFO  handler.ContextHandler (ContextHandler.java:doStop(910)) - Stopped o.e.j.w.WebAppContext@7555b920{/,null,UNAVAILABLE}{/scm}
2019-09-12 04:45:35,234 [main] INFO  server.AbstractConnector (AbstractConnector.java:doStop(318)) - Stopped ServerConnector@6db66836{HTTP/1.1,[http/1.1]}{0.0.0.0:0}
2019-09-12 04:45:35,235 [main] INFO  handler.ContextHandler (ContextHandler.java:doStop(910)) - Stopped o.e.j.s.ServletContextHandler@6622fc65{/static,file:///workdir/hadoop-ozone/integration-test/target/test-classes/webapps/static,UNAVAILABLE}
2019-09-12 04:45:35,235 [main] INFO  handler.ContextHandler (ContextHandler.java:doStop(910)) - Stopped o.e.j.s.ServletContextHandler@732f29af{/logs,file:///workdir/hadoop-ozone/integration-test/target/log,UNAVAILABLE}
2019-09-12 04:45:35,236 [main] INFO  server.StorageContainerManager (StorageContainerManager.java:stop(848)) - Stopping Block Manager Service.
2019-09-12 04:45:35,236 [main] INFO  utils.BackgroundService (BackgroundService.java:shutdown(148)) - Shutting down service SCMBlockDeletingService
2019-09-12 04:45:35,237 [main] INFO  utils.BackgroundService (BackgroundService.java:shutdown(148)) - Shutting down service SCMBlockDeletingService
2019-09-12 04:45:35,237 [main] INFO  server.StorageContainerManager (StorageContainerManager.java:stop(870)) - Stopping SCM Event Queue.
2019-09-12 04:45:35,245 [main] INFO  impl.MetricsSystemImpl (MetricsSystemImpl.java:stop(210)) - Stopping XceiverClientMetrics metrics system...
2019-09-12 04:45:35,262 [prometheus] INFO  impl.MetricsSinkAdapter (MetricsSinkAdapter.java:publishMetricsFromQueue(141)) - prometheus thread interrupted.
2019-09-12 04:45:35,262 [main] INFO  impl.MetricsSystemImpl (MetricsSystemImpl.java:stop(216)) - XceiverClientMetrics metrics system stopped.
]]></system-out>
    <system-err><![CDATA[ERROR StatusLogger No Log4j 2 configuration file found. Using default configuration (logging only errors to the console), or user programmatically provided configurations. Set system property 'log4j2.debug' to show Log4j 2 internal initialization logging. See https://logging.apache.org/log4j/2.x/manual/configuration.html for instructions on how to configure Log4j 2
Sep 12, 2019 4:44:51 AM org.apache.ratis.thirdparty.io.grpc.internal.SerializingExecutor run
SEVERE: Exception while executing runnable org.apache.ratis.thirdparty.io.grpc.internal.ServerImpl$JumpToApplicationThreadServerStreamListener$1Closed@6e9ed504
org.apache.ratis.thirdparty.io.grpc.StatusRuntimeException: CANCELLED: call already cancelled
	at org.apache.ratis.thirdparty.io.grpc.Status.asRuntimeException(Status.java:517)
	at org.apache.ratis.thirdparty.io.grpc.stub.ServerCalls$ServerCallStreamObserverImpl.onCompleted(ServerCalls.java:356)
	at org.apache.ratis.grpc.server.GrpcServerProtocolService$ServerRequestStreamObserver.onError(GrpcServerProtocolService.java:121)
	at org.apache.ratis.thirdparty.io.grpc.stub.ServerCalls$StreamingServerCallHandler$StreamingServerCallListener.onCancel(ServerCalls.java:269)
	at org.apache.ratis.thirdparty.io.grpc.internal.ServerCallImpl$ServerStreamListenerImpl.closed(ServerCallImpl.java:293)
	at org.apache.ratis.thirdparty.io.grpc.internal.ServerImpl$JumpToApplicationThreadServerStreamListener$1Closed.runInContext(ServerImpl.java:741)
	at org.apache.ratis.thirdparty.io.grpc.internal.ContextRunnable.run(ContextRunnable.java:37)
	at org.apache.ratis.thirdparty.io.grpc.internal.SerializingExecutor.run(SerializingExecutor.java:123)
	at java.util.concurrent.ThreadPoolExecutor.runWorker(ThreadPoolExecutor.java:1149)
	at java.util.concurrent.ThreadPoolExecutor$Worker.run(ThreadPoolExecutor.java:624)
	at java.lang.Thread.run(Thread.java:748)

Sep 12, 2019 4:45:14 AM org.apache.ratis.thirdparty.io.grpc.internal.SerializingExecutor run
SEVERE: Exception while executing runnable org.apache.ratis.thirdparty.io.grpc.internal.ServerImpl$JumpToApplicationThreadServerStreamListener$1Closed@2b6b4f28
org.apache.ratis.thirdparty.io.grpc.StatusRuntimeException: CANCELLED: call already cancelled
	at org.apache.ratis.thirdparty.io.grpc.Status.asRuntimeException(Status.java:517)
	at org.apache.ratis.thirdparty.io.grpc.stub.ServerCalls$ServerCallStreamObserverImpl.onCompleted(ServerCalls.java:356)
	at org.apache.ratis.grpc.server.GrpcServerProtocolService$ServerRequestStreamObserver.onError(GrpcServerProtocolService.java:121)
	at org.apache.ratis.thirdparty.io.grpc.stub.ServerCalls$StreamingServerCallHandler$StreamingServerCallListener.onCancel(ServerCalls.java:269)
	at org.apache.ratis.thirdparty.io.grpc.internal.ServerCallImpl$ServerStreamListenerImpl.closed(ServerCallImpl.java:293)
	at org.apache.ratis.thirdparty.io.grpc.internal.ServerImpl$JumpToApplicationThreadServerStreamListener$1Closed.runInContext(ServerImpl.java:741)
	at org.apache.ratis.thirdparty.io.grpc.internal.ContextRunnable.run(ContextRunnable.java:37)
	at org.apache.ratis.thirdparty.io.grpc.internal.SerializingExecutor.run(SerializingExecutor.java:123)
	at java.util.concurrent.ThreadPoolExecutor.runWorker(ThreadPoolExecutor.java:1149)
	at java.util.concurrent.ThreadPoolExecutor$Worker.run(ThreadPoolExecutor.java:624)
	at java.lang.Thread.run(Thread.java:748)

Sep 12, 2019 4:45:19 AM org.apache.ratis.thirdparty.io.grpc.internal.SerializingExecutor run
SEVERE: Exception while executing runnable org.apache.ratis.thirdparty.io.grpc.internal.ServerImpl$JumpToApplicationThreadServerStreamListener$1Closed@52c2db81
org.apache.ratis.thirdparty.io.grpc.StatusRuntimeException: CANCELLED: call already cancelled
	at org.apache.ratis.thirdparty.io.grpc.Status.asRuntimeException(Status.java:517)
	at org.apache.ratis.thirdparty.io.grpc.stub.ServerCalls$ServerCallStreamObserverImpl.onCompleted(ServerCalls.java:356)
	at org.apache.ratis.grpc.server.GrpcServerProtocolService$ServerRequestStreamObserver.onError(GrpcServerProtocolService.java:121)
	at org.apache.ratis.thirdparty.io.grpc.stub.ServerCalls$StreamingServerCallHandler$StreamingServerCallListener.onCancel(ServerCalls.java:269)
	at org.apache.ratis.thirdparty.io.grpc.internal.ServerCallImpl$ServerStreamListenerImpl.closed(ServerCallImpl.java:293)
	at org.apache.ratis.thirdparty.io.grpc.internal.ServerImpl$JumpToApplicationThreadServerStreamListener$1Closed.runInContext(ServerImpl.java:741)
	at org.apache.ratis.thirdparty.io.grpc.internal.ContextRunnable.run(ContextRunnable.java:37)
	at org.apache.ratis.thirdparty.io.grpc.internal.SerializingExecutor.run(SerializingExecutor.java:123)
	at java.util.concurrent.ThreadPoolExecutor.runWorker(ThreadPoolExecutor.java:1149)
	at java.util.concurrent.ThreadPoolExecutor$Worker.run(ThreadPoolExecutor.java:624)
	at java.lang.Thread.run(Thread.java:748)

Sep 12, 2019 4:45:24 AM org.apache.ratis.thirdparty.io.grpc.internal.SerializingExecutor run
SEVERE: Exception while executing runnable org.apache.ratis.thirdparty.io.grpc.internal.ServerImpl$JumpToApplicationThreadServerStreamListener$1Closed@7fffd15c
org.apache.ratis.thirdparty.io.grpc.StatusRuntimeException: CANCELLED: call already cancelled
	at org.apache.ratis.thirdparty.io.grpc.Status.asRuntimeException(Status.java:517)
	at org.apache.ratis.thirdparty.io.grpc.stub.ServerCalls$ServerCallStreamObserverImpl.onCompleted(ServerCalls.java:356)
	at org.apache.ratis.grpc.server.GrpcServerProtocolService$ServerRequestStreamObserver.onError(GrpcServerProtocolService.java:121)
	at org.apache.ratis.thirdparty.io.grpc.stub.ServerCalls$StreamingServerCallHandler$StreamingServerCallListener.onCancel(ServerCalls.java:269)
	at org.apache.ratis.thirdparty.io.grpc.internal.ServerCallImpl$ServerStreamListenerImpl.closed(ServerCallImpl.java:293)
	at org.apache.ratis.thirdparty.io.grpc.internal.ServerImpl$JumpToApplicationThreadServerStreamListener$1Closed.runInContext(ServerImpl.java:741)
	at org.apache.ratis.thirdparty.io.grpc.internal.ContextRunnable.run(ContextRunnable.java:37)
	at org.apache.ratis.thirdparty.io.grpc.internal.SerializingExecutor.run(SerializingExecutor.java:123)
	at java.util.concurrent.ThreadPoolExecutor.runWorker(ThreadPoolExecutor.java:1149)
	at java.util.concurrent.ThreadPoolExecutor$Worker.run(ThreadPoolExecutor.java:624)
	at java.lang.Thread.run(Thread.java:748)

]]></system-err>
  </testcase>
  <testcase name="testMultiBlockWritesWithDnFailures" classname="org.apache.hadoop.ozone.client.rpc.TestMultiBlockWritesWithDnFailures" time="46.877"/>
</testsuite>