<?xml version="1.0" encoding="UTF-8"?>
<testsuite xmlns:xsi="http://www.w3.org/2001/XMLSchema-instance" xsi:noNamespaceSchemaLocation="https://maven.apache.org/surefire/maven-surefire-plugin/xsd/surefire-test-report.xsd" name="org.apache.hadoop.ozone.client.rpc.TestBlockOutputStream" time="609.301" tests="6" errors="0" skipped="0" failures="3">
  <properties>
    <property name="awt.toolkit" value="sun.awt.X11.XToolkit"/>
    <property name="file.encoding.pkg" value="sun.io"/>
    <property name="java.specification.version" value="1.8"/>
    <property name="sun.cpu.isalist" value=""/>
    <property name="sun.jnu.encoding" value="UTF-8"/>
    <property name="java.class.path" value="/workdir/hadoop-ozone/integration-test/target/test-classes:/workdir/hadoop-ozone/integration-test/target/classes:/home/user/.m2/repository/org/apache/hadoop/hadoop-ozone-common/0.5.0-SNAPSHOT/hadoop-ozone-common-0.5.0-SNAPSHOT.jar:/home/user/.m2/repository/org/apache/commons/commons-compress/1.4.1/commons-compress-1.4.1.jar:/home/user/.m2/repository/org/tukaani/xz/1.0/xz-1.0.jar:/home/user/.m2/repository/org/apache/hadoop/hadoop-common/3.2.0/hadoop-common-3.2.0.jar:/home/user/.m2/repository/org/apache/hadoop/hadoop-hdfs/3.2.0/hadoop-hdfs-3.2.0.jar:/home/user/.m2/repository/org/apache/hadoop/hadoop-hdfs-client/3.2.0/hadoop-hdfs-client-3.2.0.jar:/home/user/.m2/repository/com/fasterxml/jackson/core/jackson-annotations/2.9.5/jackson-annotations-2.9.5.jar:/home/user/.m2/repository/org/apache/hadoop/hadoop-hdds-common/0.5.0-SNAPSHOT/hadoop-hdds-common-0.5.0-SNAPSHOT.jar:/home/user/.m2/repository/javax/annotation/javax.annotation-api/1.2/javax.annotation-api-1.2.jar:/home/user/.m2/repository/org/apache/ratis/ratis-server/0.4.0-78e95b9-SNAPSHOT/ratis-server-0.4.0-78e95b9-SNAPSHOT.jar:/home/user/.m2/repository/org/apache/ratis/ratis-thirdparty-misc/0.2.0/ratis-thirdparty-misc-0.2.0.jar:/home/user/.m2/repository/org/apache/ratis/ratis-proto/0.4.0-78e95b9-SNAPSHOT/ratis-proto-0.4.0-78e95b9-SNAPSHOT.jar:/home/user/.m2/repository/org/apache/ratis/ratis-common/0.4.0-78e95b9-SNAPSHOT/ratis-common-0.4.0-78e95b9-SNAPSHOT.jar:/home/user/.m2/repository/org/apache/ratis/ratis-client/0.4.0-78e95b9-SNAPSHOT/ratis-client-0.4.0-78e95b9-SNAPSHOT.jar:/home/user/.m2/repository/org/apache/ratis/ratis-metrics/0.4.0-78e95b9-SNAPSHOT/ratis-metrics-0.4.0-78e95b9-SNAPSHOT.jar:/home/user/.m2/repository/com/github/joshelser/dropwizard-metrics-hadoop-metrics2-reporter/0.1.2/dropwizard-metrics-hadoop-metrics2-reporter-0.1.2.jar:/home/user/.m2/repository/io/dropwizard/metrics/metrics-jvm/3.2.5/metrics-jvm-3.2.5.jar:/home/user/.m2/repository/io/dropwizard/metrics/metrics-ganglia/3.2.5/metrics-ganglia-3.2.5.jar:/home/user/.m2/repository/info/ganglia/gmetric4j/gmetric4j/1.0.7/gmetric4j-1.0.7.jar:/home/user/.m2/repository/org/apache/ratis/ratis-netty/0.4.0-78e95b9-SNAPSHOT/ratis-netty-0.4.0-78e95b9-SNAPSHOT.jar:/home/user/.m2/repository/org/apache/ratis/ratis-grpc/0.4.0-78e95b9-SNAPSHOT/ratis-grpc-0.4.0-78e95b9-SNAPSHOT.jar:/home/user/.m2/repository/org/rocksdb/rocksdbjni/6.0.1/rocksdbjni-6.0.1.jar:/home/user/.m2/repository/org/apache/logging/log4j/log4j-api/2.11.0/log4j-api-2.11.0.jar:/home/user/.m2/repository/org/apache/logging/log4j/log4j-core/2.11.0/log4j-core-2.11.0.jar:/home/user/.m2/repository/com/lmax/disruptor/3.4.2/disruptor-3.4.2.jar:/home/user/.m2/repository/org/apache/commons/commons-pool2/2.6.0/commons-pool2-2.6.0.jar:/home/user/.m2/repository/org/bouncycastle/bcpkix-jdk15on/1.60/bcpkix-jdk15on-1.60.jar:/home/user/.m2/repository/commons-validator/commons-validator/1.6/commons-validator-1.6.jar:/home/user/.m2/repository/commons-digester/commons-digester/1.8.1/commons-digester-1.8.1.jar:/home/user/.m2/repository/io/jaegertracing/jaeger-client/0.33.1/jaeger-client-0.33.1.jar:/home/user/.m2/repository/io/jaegertracing/jaeger-thrift/0.33.1/jaeger-thrift-0.33.1.jar:/home/user/.m2/repository/org/apache/thrift/libthrift/0.11.0/libthrift-0.11.0.jar:/home/user/.m2/repository/com/squareup/okhttp3/okhttp/3.9.0/okhttp-3.9.0.jar:/home/user/.m2/repository/com/squareup/okio/okio/1.13.0/okio-1.13.0.jar:/home/user/.m2/repository/io/jaegertracing/jaeger-core/0.33.1/jaeger-core-0.33.1.jar:/home/user/.m2/repository/io/jaegertracing/jaeger-tracerresolver/0.33.1/jaeger-tracerresolver-0.33.1.jar:/home/user/.m2/repository/io/opentracing/contrib/opentracing-tracerresolver/0.1.5/opentracing-tracerresolver-0.1.5.jar:/home/user/.m2/repository/io/opentracing/opentracing-util/0.31.0/opentracing-util-0.31.0.jar:/home/user/.m2/repository/io/opentracing/opentracing-api/0.31.0/opentracing-api-0.31.0.jar:/home/user/.m2/repository/io/opentracing/opentracing-noop/0.31.0/opentracing-noop-0.31.0.jar:/home/user/.m2/repository/org/apache/hadoop/hadoop-hdds-server-framework/0.5.0-SNAPSHOT/hadoop-hdds-server-framework-0.5.0-SNAPSHOT.jar:/home/user/.m2/repository/org/apache/hadoop/hadoop-hdds-container-service/0.5.0-SNAPSHOT/hadoop-hdds-container-service-0.5.0-SNAPSHOT.jar:/home/user/.m2/repository/org/apache/hadoop/hadoop-hdds-client/0.5.0-SNAPSHOT/hadoop-hdds-client-0.5.0-SNAPSHOT.jar:/home/user/.m2/repository/org/apache/hadoop/hadoop-hdds-tools/0.5.0-SNAPSHOT/hadoop-hdds-tools-0.5.0-SNAPSHOT.jar:/home/user/.m2/repository/org/apache/hadoop/hadoop-hdds-server-scm/0.5.0-SNAPSHOT/hadoop-hdds-server-scm-0.5.0-SNAPSHOT.jar:/home/user/.m2/repository/org/apache/hadoop/hadoop-hdds-docs/0.5.0-SNAPSHOT/hadoop-hdds-docs-0.5.0-SNAPSHOT.jar:/home/user/.m2/repository/io/dropwizard/metrics/metrics-core/3.2.4/metrics-core-3.2.4.jar:/home/user/.m2/repository/org/hamcrest/hamcrest-all/1.3/hamcrest-all-1.3.jar:/home/user/.m2/repository/org/bouncycastle/bcprov-jdk15on/1.60/bcprov-jdk15on-1.60.jar:/home/user/.m2/repository/info/picocli/picocli/3.9.6/picocli-3.9.6.jar:/home/user/.m2/repository/com/google/protobuf/protobuf-java/2.5.0/protobuf-java-2.5.0.jar:/home/user/.m2/repository/com/google/guava/guava/11.0.2/guava-11.0.2.jar:/home/user/.m2/repository/org/apache/hadoop/hadoop-ozone-ozone-manager/0.5.0-SNAPSHOT/hadoop-ozone-ozone-manager-0.5.0-SNAPSHOT.jar:/home/user/.m2/repository/org/apache/hadoop/hadoop-minikdc/3.2.0/hadoop-minikdc-3.2.0.jar:/home/user/.m2/repository/commons-io/commons-io/2.5/commons-io-2.5.jar:/home/user/.m2/repository/org/apache/kerby/kerb-simplekdc/1.0.1/kerb-simplekdc-1.0.1.jar:/home/user/.m2/repository/org/apache/kerby/kerb-client/1.0.1/kerb-client-1.0.1.jar:/home/user/.m2/repository/org/apache/kerby/kerby-config/1.0.1/kerby-config-1.0.1.jar:/home/user/.m2/repository/org/apache/kerby/kerb-core/1.0.1/kerb-core-1.0.1.jar:/home/user/.m2/repository/org/apache/kerby/kerby-pkix/1.0.1/kerby-pkix-1.0.1.jar:/home/user/.m2/repository/org/apache/kerby/kerby-asn1/1.0.1/kerby-asn1-1.0.1.jar:/home/user/.m2/repository/org/apache/kerby/kerby-util/1.0.1/kerby-util-1.0.1.jar:/home/user/.m2/repository/org/apache/kerby/kerb-common/1.0.1/kerb-common-1.0.1.jar:/home/user/.m2/repository/org/apache/kerby/kerb-crypto/1.0.1/kerb-crypto-1.0.1.jar:/home/user/.m2/repository/org/apache/kerby/kerb-util/1.0.1/kerb-util-1.0.1.jar:/home/user/.m2/repository/org/apache/kerby/token-provider/1.0.1/token-provider-1.0.1.jar:/home/user/.m2/repository/org/apache/kerby/kerb-admin/1.0.1/kerb-admin-1.0.1.jar:/home/user/.m2/repository/org/apache/kerby/kerb-server/1.0.1/kerb-server-1.0.1.jar:/home/user/.m2/repository/org/apache/kerby/kerb-identity/1.0.1/kerb-identity-1.0.1.jar:/home/user/.m2/repository/org/apache/kerby/kerby-xdr/1.0.1/kerby-xdr-1.0.1.jar:/home/user/.m2/repository/org/slf4j/slf4j-log4j12/1.7.25/slf4j-log4j12-1.7.25.jar:/home/user/.m2/repository/org/apache/hadoop/hadoop-ozone-s3gateway/0.5.0-SNAPSHOT/hadoop-ozone-s3gateway-0.5.0-SNAPSHOT.jar:/home/user/.m2/repository/org/jboss/weld/servlet/weld-servlet/2.4.7.Final/weld-servlet-2.4.7.Final.jar:/home/user/.m2/repository/org/glassfish/jersey/containers/jersey-container-servlet-core/2.27/jersey-container-servlet-core-2.27.jar:/home/user/.m2/repository/org/glassfish/hk2/external/javax.inject/2.5.0-b42/javax.inject-2.5.0-b42.jar:/home/user/.m2/repository/org/glassfish/jersey/core/jersey-common/2.27/jersey-common-2.27.jar:/home/user/.m2/repository/org/glassfish/hk2/osgi-resource-locator/1.0.1/osgi-resource-locator-1.0.1.jar:/home/user/.m2/repository/javax/ws/rs/javax.ws.rs-api/2.1/javax.ws.rs-api-2.1.jar:/home/user/.m2/repository/org/glassfish/jersey/ext/cdi/jersey-cdi1x/2.27/jersey-cdi1x-2.27.jar:/home/user/.m2/repository/org/glassfish/jersey/inject/jersey-hk2/2.27/jersey-hk2-2.27.jar:/home/user/.m2/repository/org/glassfish/hk2/hk2-locator/2.5.0-b42/hk2-locator-2.5.0-b42.jar:/home/user/.m2/repository/org/javassist/javassist/3.22.0-CR2/javassist-3.22.0-CR2.jar:/home/user/.m2/repository/org/glassfish/hk2/hk2-api/2.5.0/hk2-api-2.5.0.jar:/home/user/.m2/repository/org/glassfish/hk2/external/jakarta.inject/2.5.0/jakarta.inject-2.5.0.jar:/home/user/.m2/repository/org/glassfish/hk2/hk2-utils/2.5.0/hk2-utils-2.5.0.jar:/home/user/.m2/repository/jakarta/annotation/jakarta.annotation-api/1.3.4/jakarta.annotation-api-1.3.4.jar:/home/user/.m2/repository/org/glassfish/hk2/external/aopalliance-repackaged/2.5.0/aopalliance-repackaged-2.5.0.jar:/home/user/.m2/repository/com/fasterxml/jackson/dataformat/jackson-dataformat-xml/2.9.0/jackson-dataformat-xml-2.9.0.jar:/home/user/.m2/repository/com/fasterxml/jackson/core/jackson-core/2.9.5/jackson-core-2.9.5.jar:/home/user/.m2/repository/com/fasterxml/jackson/module/jackson-module-jaxb-annotations/2.9.5/jackson-module-jaxb-annotations-2.9.5.jar:/home/user/.m2/repository/javax/enterprise/cdi-api/1.2/cdi-api-1.2.jar:/home/user/.m2/repository/javax/el/javax.el-api/3.0.0/javax.el-api-3.0.0.jar:/home/user/.m2/repository/javax/interceptor/javax.interceptor-api/1.2/javax.interceptor-api-1.2.jar:/home/user/.m2/repository/javax/inject/javax.inject/1/javax.inject-1.jar:/home/user/.m2/repository/com/sun/xml/bind/jaxb-impl/2.3.0.1/jaxb-impl-2.3.0.1.jar:/home/user/.m2/repository/com/sun/xml/bind/jaxb-core/2.3.0.1/jaxb-core-2.3.0.1.jar:/home/user/.m2/repository/javax/xml/bind/jaxb-api/2.3.0/jaxb-api-2.3.0.jar:/home/user/.m2/repository/javax/activation/activation/1.1.1/activation-1.1.1.jar:/home/user/.m2/repository/org/apache/hadoop/hadoop-ozone-csi/0.5.0-SNAPSHOT/hadoop-ozone-csi-0.5.0-SNAPSHOT.jar:/home/user/.m2/repository/com/google/protobuf/protobuf-java-util/3.5.1/protobuf-java-util-3.5.1.jar:/home/user/.m2/repository/org/apache/hadoop/hadoop-hdds-config/0.5.0-SNAPSHOT/hadoop-hdds-config-0.5.0-SNAPSHOT.jar:/home/user/.m2/repository/io/grpc/grpc-netty/1.17.1/grpc-netty-1.17.1.jar:/home/user/.m2/repository/io/grpc/grpc-core/1.17.1/grpc-core-1.17.1.jar:/home/user/.m2/repository/io/grpc/grpc-context/1.17.1/grpc-context-1.17.1.jar:/home/user/.m2/repository/com/google/errorprone/error_prone_annotations/2.2.0/error_prone_annotations-2.2.0.jar:/home/user/.m2/repository/org/codehaus/mojo/animal-sniffer-annotations/1.17/animal-sniffer-annotations-1.17.jar:/home/user/.m2/repository/io/opencensus/opencensus-api/0.17.0/opencensus-api-0.17.0.jar:/home/user/.m2/repository/io/opencensus/opencensus-contrib-grpc-metrics/0.17.0/opencensus-contrib-grpc-metrics-0.17.0.jar:/home/user/.m2/repository/io/netty/netty-codec-http2/4.1.30.Final/netty-codec-http2-4.1.30.Final.jar:/home/user/.m2/repository/io/netty/netty-codec-http/4.1.30.Final/netty-codec-http-4.1.30.Final.jar:/home/user/.m2/repository/io/netty/netty-codec/4.1.30.Final/netty-codec-4.1.30.Final.jar:/home/user/.m2/repository/io/netty/netty-handler/4.1.30.Final/netty-handler-4.1.30.Final.jar:/home/user/.m2/repository/io/netty/netty-handler-proxy/4.1.30.Final/netty-handler-proxy-4.1.30.Final.jar:/home/user/.m2/repository/io/netty/netty-codec-socks/4.1.30.Final/netty-codec-socks-4.1.30.Final.jar:/home/user/.m2/repository/io/netty/netty-transport-native-epoll/4.1.30.Final/netty-transport-native-epoll-4.1.30.Final.jar:/home/user/.m2/repository/io/netty/netty-common/4.1.30.Final/netty-common-4.1.30.Final.jar:/home/user/.m2/repository/io/netty/netty-buffer/4.1.30.Final/netty-buffer-4.1.30.Final.jar:/home/user/.m2/repository/io/netty/netty-transport/4.1.30.Final/netty-transport-4.1.30.Final.jar:/home/user/.m2/repository/io/netty/netty-resolver/4.1.30.Final/netty-resolver-4.1.30.Final.jar:/home/user/.m2/repository/io/netty/netty-transport-native-unix-common/4.1.30.Final/netty-transport-native-unix-common-4.1.30.Final.jar:/home/user/.m2/repository/io/grpc/grpc-protobuf/1.17.1/grpc-protobuf-1.17.1.jar:/home/user/.m2/repository/com/google/api/grpc/proto-google-common-protos/1.0.0/proto-google-common-protos-1.0.0.jar:/home/user/.m2/repository/io/grpc/grpc-protobuf-lite/1.17.1/grpc-protobuf-lite-1.17.1.jar:/home/user/.m2/repository/io/grpc/grpc-stub/1.17.1/grpc-stub-1.17.1.jar:/home/user/.m2/repository/org/apache/hadoop/hadoop-ozone-recon/0.5.0-SNAPSHOT/hadoop-ozone-recon-0.5.0-SNAPSHOT.jar:/home/user/.m2/repository/org/apache/hadoop/hadoop-ozone-reconcodegen/0.5.0-SNAPSHOT/hadoop-ozone-reconcodegen-0.5.0-SNAPSHOT.jar:/home/user/.m2/repository/com/google/inject/extensions/guice-multibindings/4.0/guice-multibindings-4.0.jar:/home/user/.m2/repository/com/google/inject/guice/4.0/guice-4.0.jar:/home/user/.m2/repository/aopalliance/aopalliance/1.0/aopalliance-1.0.jar:/home/user/.m2/repository/com/google/inject/extensions/guice-servlet/4.0/guice-servlet-4.0.jar:/home/user/.m2/repository/org/glassfish/jersey/containers/jersey-container-servlet/2.27/jersey-container-servlet-2.27.jar:/home/user/.m2/repository/org/glassfish/hk2/guice-bridge/2.5.0/guice-bridge-2.5.0.jar:/home/user/.m2/repository/org/glassfish/jersey/core/jersey-server/2.27/jersey-server-2.27.jar:/home/user/.m2/repository/org/glassfish/jersey/core/jersey-client/2.27/jersey-client-2.27.jar:/home/user/.m2/repository/org/glassfish/jersey/media/jersey-media-jaxb/2.27/jersey-media-jaxb-2.27.jar:/home/user/.m2/repository/javax/validation/validation-api/1.1.0.Final/validation-api-1.1.0.Final.jar:/home/user/.m2/repository/org/glassfish/jersey/media/jersey-media-json-jackson/2.27/jersey-media-json-jackson-2.27.jar:/home/user/.m2/repository/org/glassfish/jersey/ext/jersey-entity-filtering/2.27/jersey-entity-filtering-2.27.jar:/home/user/.m2/repository/com/google/inject/extensions/guice-assistedinject/4.0/guice-assistedinject-4.0.jar:/home/user/.m2/repository/org/jooq/jooq/3.11.10/jooq-3.11.10.jar:/home/user/.m2/repository/org/jooq/jooq-meta/3.11.10/jooq-meta-3.11.10.jar:/home/user/.m2/repository/org/jooq/jooq-codegen/3.11.10/jooq-codegen-3.11.10.jar:/home/user/.m2/repository/com/jolbox/bonecp/0.8.0.RELEASE/bonecp-0.8.0.RELEASE.jar:/home/user/.m2/repository/org/xerial/sqlite-jdbc/3.25.2/sqlite-jdbc-3.25.2.jar:/home/user/.m2/repository/org/springframework/spring-jdbc/5.1.3.RELEASE/spring-jdbc-5.1.3.RELEASE.jar:/home/user/.m2/repository/org/springframework/spring-beans/5.1.3.RELEASE/spring-beans-5.1.3.RELEASE.jar:/home/user/.m2/repository/org/springframework/spring-core/5.1.3.RELEASE/spring-core-5.1.3.RELEASE.jar:/home/user/.m2/repository/org/springframework/spring-jcl/5.1.3.RELEASE/spring-jcl-5.1.3.RELEASE.jar:/home/user/.m2/repository/org/springframework/spring-tx/5.1.3.RELEASE/spring-tx-5.1.3.RELEASE.jar:/home/user/.m2/repository/org/apache/hadoop/hadoop-ozone-client/0.5.0-SNAPSHOT/hadoop-ozone-client-0.5.0-SNAPSHOT.jar:/home/user/.m2/repository/commons-lang/commons-lang/2.6/commons-lang-2.6.jar:/home/user/.m2/repository/org/apache/hadoop/hadoop-ozone-ozone-manager/0.5.0-SNAPSHOT/hadoop-ozone-ozone-manager-0.5.0-SNAPSHOT-tests.jar:/home/user/.m2/repository/junit/junit/4.11/junit-4.11.jar:/home/user/.m2/repository/org/hamcrest/hamcrest-core/1.3/hamcrest-core-1.3.jar:/home/user/.m2/repository/org/openjdk/jmh/jmh-core/1.19/jmh-core-1.19.jar:/home/user/.m2/repository/net/sf/jopt-simple/jopt-simple/4.6/jopt-simple-4.6.jar:/home/user/.m2/repository/org/apache/commons/commons-math3/3.1.1/commons-math3-3.1.1.jar:/home/user/.m2/repository/org/openjdk/jmh/jmh-generator-annprocess/1.19/jmh-generator-annprocess-1.19.jar:/home/user/.m2/repository/org/mockito/mockito-all/1.8.5/mockito-all-1.8.5.jar:/home/user/.m2/repository/org/apache/hadoop/hadoop-kms/3.2.0/hadoop-kms-3.2.0.jar:/home/user/.m2/repository/org/apache/hadoop/hadoop-auth/3.2.0/hadoop-auth-3.2.0.jar:/home/user/.m2/repository/com/nimbusds/nimbus-jose-jwt/4.41.1/nimbus-jose-jwt-4.41.1.jar:/home/user/.m2/repository/com/github/stephenc/jcip/jcip-annotations/1.0-1/jcip-annotations-1.0-1.jar:/home/user/.m2/repository/net/minidev/json-smart/2.3/json-smart-2.3.jar:/home/user/.m2/repository/net/minidev/accessors-smart/1.2/accessors-smart-1.2.jar:/home/user/.m2/repository/org/ow2/asm/asm/5.0.4/asm-5.0.4.jar:/home/user/.m2/repository/org/apache/curator/curator-framework/2.12.0/curator-framework-2.12.0.jar:/home/user/.m2/repository/com/sun/jersey/jersey-core/1.19/jersey-core-1.19.jar:/home/user/.m2/repository/javax/ws/rs/jsr311-api/1.1.1/jsr311-api-1.1.1.jar:/home/user/.m2/repository/com/sun/jersey/jersey-server/1.19/jersey-server-1.19.jar:/home/user/.m2/repository/javax/servlet/javax.servlet-api/3.1.0/javax.servlet-api-3.1.0.jar:/home/user/.m2/repository/org/eclipse/jetty/jetty-server/9.3.24.v20180605/jetty-server-9.3.24.v20180605.jar:/home/user/.m2/repository/org/eclipse/jetty/jetty-http/9.3.24.v20180605/jetty-http-9.3.24.v20180605.jar:/home/user/.m2/repository/org/eclipse/jetty/jetty-io/9.3.24.v20180605/jetty-io-9.3.24.v20180605.jar:/home/user/.m2/repository/org/eclipse/jetty/jetty-webapp/9.3.24.v20180605/jetty-webapp-9.3.24.v20180605.jar:/home/user/.m2/repository/org/eclipse/jetty/jetty-xml/9.3.24.v20180605/jetty-xml-9.3.24.v20180605.jar:/home/user/.m2/repository/log4j/log4j/1.2.17/log4j-1.2.17.jar:/home/user/.m2/repository/org/slf4j/slf4j-api/1.7.25/slf4j-api-1.7.25.jar:/home/user/.m2/repository/org/slf4j/jul-to-slf4j/1.7.25/jul-to-slf4j-1.7.25.jar:/home/user/.m2/repository/org/eclipse/jetty/jetty-util/9.3.24.v20180605/jetty-util-9.3.24.v20180605.jar:/home/user/.m2/repository/com/fasterxml/jackson/core/jackson-databind/2.9.5/jackson-databind-2.9.5.jar:/home/user/.m2/repository/org/apache/hadoop/hadoop-kms/3.2.0/hadoop-kms-3.2.0-tests.jar:/home/user/.m2/repository/org/apache/hadoop/hadoop-hdds-server-scm/0.5.0-SNAPSHOT/hadoop-hdds-server-scm-0.5.0-SNAPSHOT-tests.jar:/home/user/.m2/repository/org/apache/hadoop/hadoop-hdds-container-service/0.5.0-SNAPSHOT/hadoop-hdds-container-service-0.5.0-SNAPSHOT-tests.jar:/home/user/.m2/repository/org/yaml/snakeyaml/1.16/snakeyaml-1.16.jar:/home/user/.m2/repository/org/apache/hadoop/hadoop-common/3.2.0/hadoop-common-3.2.0-tests.jar:/home/user/.m2/repository/org/apache/hadoop/hadoop-annotations/3.2.0/hadoop-annotations-3.2.0.jar:/usr/lib/jvm/java-1.8-openjdk/jre/../lib/tools.jar:/home/user/.m2/repository/commons-cli/commons-cli/1.2/commons-cli-1.2.jar:/home/user/.m2/repository/org/apache/httpcomponents/httpclient/4.5.2/httpclient-4.5.2.jar:/home/user/.m2/repository/org/apache/httpcomponents/httpcore/4.4.4/httpcore-4.4.4.jar:/home/user/.m2/repository/commons-codec/commons-codec/1.11/commons-codec-1.11.jar:/home/user/.m2/repository/commons-net/commons-net/3.6/commons-net-3.6.jar:/home/user/.m2/repository/commons-collections/commons-collections/3.2.2/commons-collections-3.2.2.jar:/home/user/.m2/repository/org/eclipse/jetty/jetty-servlet/9.3.24.v20180605/jetty-servlet-9.3.24.v20180605.jar:/home/user/.m2/repository/org/eclipse/jetty/jetty-security/9.3.24.v20180605/jetty-security-9.3.24.v20180605.jar:/home/user/.m2/repository/javax/servlet/jsp/jsp-api/2.1/jsp-api-2.1.jar:/home/user/.m2/repository/com/sun/jersey/jersey-servlet/1.19/jersey-servlet-1.19.jar:/home/user/.m2/repository/com/sun/jersey/jersey-json/1.19/jersey-json-1.19.jar:/home/user/.m2/repository/org/codehaus/jettison/jettison/1.1/jettison-1.1.jar:/home/user/.m2/repository/org/codehaus/jackson/jackson-core-asl/1.9.13/jackson-core-asl-1.9.13.jar:/home/user/.m2/repository/org/codehaus/jackson/jackson-mapper-asl/1.9.13/jackson-mapper-asl-1.9.13.jar:/home/user/.m2/repository/org/codehaus/jackson/jackson-jaxrs/1.9.13/jackson-jaxrs-1.9.13.jar:/home/user/.m2/repository/org/codehaus/jackson/jackson-xc/1.9.13/jackson-xc-1.9.13.jar:/home/user/.m2/repository/commons-logging/commons-logging/1.1.3/commons-logging-1.1.3.jar:/home/user/.m2/repository/commons-beanutils/commons-beanutils/1.9.3/commons-beanutils-1.9.3.jar:/home/user/.m2/repository/org/apache/commons/commons-configuration2/2.1.1/commons-configuration2-2.1.1.jar:/home/user/.m2/repository/org/apache/commons/commons-lang3/3.7/commons-lang3-3.7.jar:/home/user/.m2/repository/org/apache/commons/commons-text/1.4/commons-text-1.4.jar:/home/user/.m2/repository/org/apache/avro/avro/1.7.7/avro-1.7.7.jar:/home/user/.m2/repository/com/thoughtworks/paranamer/paranamer/2.3/paranamer-2.3.jar:/home/user/.m2/repository/org/xerial/snappy/snappy-java/1.0.5/snappy-java-1.0.5.jar:/home/user/.m2/repository/com/google/re2j/re2j/1.1/re2j-1.1.jar:/home/user/.m2/repository/com/google/code/gson/gson/2.2.4/gson-2.2.4.jar:/home/user/.m2/repository/com/jcraft/jsch/0.1.54/jsch-0.1.54.jar:/home/user/.m2/repository/org/apache/curator/curator-client/2.12.0/curator-client-2.12.0.jar:/home/user/.m2/repository/org/apache/curator/curator-recipes/2.12.0/curator-recipes-2.12.0.jar:/home/user/.m2/repository/com/google/code/findbugs/jsr305/3.0.0/jsr305-3.0.0.jar:/home/user/.m2/repository/org/apache/htrace/htrace-core4/4.1.0-incubating/htrace-core4-4.1.0-incubating.jar:/home/user/.m2/repository/org/apache/zookeeper/zookeeper/3.4.13/zookeeper-3.4.13.jar:/home/user/.m2/repository/org/apache/yetus/audience-annotations/0.5.0/audience-annotations-0.5.0.jar:/home/user/.m2/repository/org/codehaus/woodstox/stax2-api/3.1.4/stax2-api-3.1.4.jar:/home/user/.m2/repository/com/fasterxml/woodstox/woodstox-core/5.0.3/woodstox-core-5.0.3.jar:/home/user/.m2/repository/dnsjava/dnsjava/2.1.7/dnsjava-2.1.7.jar:/home/user/.m2/repository/org/apache/hadoop/hadoop-hdfs/3.2.0/hadoop-hdfs-3.2.0-tests.jar:/home/user/.m2/repository/org/eclipse/jetty/jetty-util-ajax/9.3.24.v20180605/jetty-util-ajax-9.3.24.v20180605.jar:/home/user/.m2/repository/commons-daemon/commons-daemon/1.0.13/commons-daemon-1.0.13.jar:/home/user/.m2/repository/io/netty/netty/3.10.5.Final/netty-3.10.5.Final.jar:/home/user/.m2/repository/io/netty/netty-all/4.0.52.Final/netty-all-4.0.52.Final.jar:/home/user/.m2/repository/org/fusesource/leveldbjni/leveldbjni-all/1.8/leveldbjni-all-1.8.jar:"/>
    <property name="java.vm.vendor" value="IcedTea"/>
    <property name="sun.arch.data.model" value="64"/>
    <property name="test.build.dir" value="/workdir/hadoop-ozone/integration-test/target/test-dir"/>
    <property name="test.cache.data" value=""/>
    <property name="java.vendor.url" value="https://icedtea.classpath.org"/>
    <property name="user.timezone" value=""/>
    <property name="java.vm.specification.version" value="1.8"/>
    <property name="os.name" value="Linux"/>
    <property name="test.build.data" value="/workdir/hadoop-ozone/integration-test/target/test-dir"/>
    <property name="user.country" value="US"/>
    <property name="sun.java.launcher" value="SUN_STANDARD"/>
    <property name="sun.boot.library.path" value="/usr/lib/jvm/java-1.8-openjdk/jre/lib/amd64"/>
    <property name="sun.java.command" value="/workdir/hadoop-ozone/integration-test/target/surefire/surefirebooter5903658187733106051.jar /workdir/hadoop-ozone/integration-test/target/surefire 2019-09-12T03-14-56_188-jvmRun1 surefire193714730777182738tmp surefire_393618054874048434349tmp"/>
    <property name="test" value="!TestMiniChaosOzoneCluster"/>
    <property name="surefire.test.class.path" value="/workdir/hadoop-ozone/integration-test/target/test-classes:/workdir/hadoop-ozone/integration-test/target/classes:/home/user/.m2/repository/org/apache/hadoop/hadoop-ozone-common/0.5.0-SNAPSHOT/hadoop-ozone-common-0.5.0-SNAPSHOT.jar:/home/user/.m2/repository/org/apache/commons/commons-compress/1.4.1/commons-compress-1.4.1.jar:/home/user/.m2/repository/org/tukaani/xz/1.0/xz-1.0.jar:/home/user/.m2/repository/org/apache/hadoop/hadoop-common/3.2.0/hadoop-common-3.2.0.jar:/home/user/.m2/repository/org/apache/hadoop/hadoop-hdfs/3.2.0/hadoop-hdfs-3.2.0.jar:/home/user/.m2/repository/org/apache/hadoop/hadoop-hdfs-client/3.2.0/hadoop-hdfs-client-3.2.0.jar:/home/user/.m2/repository/com/fasterxml/jackson/core/jackson-annotations/2.9.5/jackson-annotations-2.9.5.jar:/home/user/.m2/repository/org/apache/hadoop/hadoop-hdds-common/0.5.0-SNAPSHOT/hadoop-hdds-common-0.5.0-SNAPSHOT.jar:/home/user/.m2/repository/javax/annotation/javax.annotation-api/1.2/javax.annotation-api-1.2.jar:/home/user/.m2/repository/org/apache/ratis/ratis-server/0.4.0-78e95b9-SNAPSHOT/ratis-server-0.4.0-78e95b9-SNAPSHOT.jar:/home/user/.m2/repository/org/apache/ratis/ratis-thirdparty-misc/0.2.0/ratis-thirdparty-misc-0.2.0.jar:/home/user/.m2/repository/org/apache/ratis/ratis-proto/0.4.0-78e95b9-SNAPSHOT/ratis-proto-0.4.0-78e95b9-SNAPSHOT.jar:/home/user/.m2/repository/org/apache/ratis/ratis-common/0.4.0-78e95b9-SNAPSHOT/ratis-common-0.4.0-78e95b9-SNAPSHOT.jar:/home/user/.m2/repository/org/apache/ratis/ratis-client/0.4.0-78e95b9-SNAPSHOT/ratis-client-0.4.0-78e95b9-SNAPSHOT.jar:/home/user/.m2/repository/org/apache/ratis/ratis-metrics/0.4.0-78e95b9-SNAPSHOT/ratis-metrics-0.4.0-78e95b9-SNAPSHOT.jar:/home/user/.m2/repository/com/github/joshelser/dropwizard-metrics-hadoop-metrics2-reporter/0.1.2/dropwizard-metrics-hadoop-metrics2-reporter-0.1.2.jar:/home/user/.m2/repository/io/dropwizard/metrics/metrics-jvm/3.2.5/metrics-jvm-3.2.5.jar:/home/user/.m2/repository/io/dropwizard/metrics/metrics-ganglia/3.2.5/metrics-ganglia-3.2.5.jar:/home/user/.m2/repository/info/ganglia/gmetric4j/gmetric4j/1.0.7/gmetric4j-1.0.7.jar:/home/user/.m2/repository/org/apache/ratis/ratis-netty/0.4.0-78e95b9-SNAPSHOT/ratis-netty-0.4.0-78e95b9-SNAPSHOT.jar:/home/user/.m2/repository/org/apache/ratis/ratis-grpc/0.4.0-78e95b9-SNAPSHOT/ratis-grpc-0.4.0-78e95b9-SNAPSHOT.jar:/home/user/.m2/repository/org/rocksdb/rocksdbjni/6.0.1/rocksdbjni-6.0.1.jar:/home/user/.m2/repository/org/apache/logging/log4j/log4j-api/2.11.0/log4j-api-2.11.0.jar:/home/user/.m2/repository/org/apache/logging/log4j/log4j-core/2.11.0/log4j-core-2.11.0.jar:/home/user/.m2/repository/com/lmax/disruptor/3.4.2/disruptor-3.4.2.jar:/home/user/.m2/repository/org/apache/commons/commons-pool2/2.6.0/commons-pool2-2.6.0.jar:/home/user/.m2/repository/org/bouncycastle/bcpkix-jdk15on/1.60/bcpkix-jdk15on-1.60.jar:/home/user/.m2/repository/commons-validator/commons-validator/1.6/commons-validator-1.6.jar:/home/user/.m2/repository/commons-digester/commons-digester/1.8.1/commons-digester-1.8.1.jar:/home/user/.m2/repository/io/jaegertracing/jaeger-client/0.33.1/jaeger-client-0.33.1.jar:/home/user/.m2/repository/io/jaegertracing/jaeger-thrift/0.33.1/jaeger-thrift-0.33.1.jar:/home/user/.m2/repository/org/apache/thrift/libthrift/0.11.0/libthrift-0.11.0.jar:/home/user/.m2/repository/com/squareup/okhttp3/okhttp/3.9.0/okhttp-3.9.0.jar:/home/user/.m2/repository/com/squareup/okio/okio/1.13.0/okio-1.13.0.jar:/home/user/.m2/repository/io/jaegertracing/jaeger-core/0.33.1/jaeger-core-0.33.1.jar:/home/user/.m2/repository/io/jaegertracing/jaeger-tracerresolver/0.33.1/jaeger-tracerresolver-0.33.1.jar:/home/user/.m2/repository/io/opentracing/contrib/opentracing-tracerresolver/0.1.5/opentracing-tracerresolver-0.1.5.jar:/home/user/.m2/repository/io/opentracing/opentracing-util/0.31.0/opentracing-util-0.31.0.jar:/home/user/.m2/repository/io/opentracing/opentracing-api/0.31.0/opentracing-api-0.31.0.jar:/home/user/.m2/repository/io/opentracing/opentracing-noop/0.31.0/opentracing-noop-0.31.0.jar:/home/user/.m2/repository/org/apache/hadoop/hadoop-hdds-server-framework/0.5.0-SNAPSHOT/hadoop-hdds-server-framework-0.5.0-SNAPSHOT.jar:/home/user/.m2/repository/org/apache/hadoop/hadoop-hdds-container-service/0.5.0-SNAPSHOT/hadoop-hdds-container-service-0.5.0-SNAPSHOT.jar:/home/user/.m2/repository/org/apache/hadoop/hadoop-hdds-client/0.5.0-SNAPSHOT/hadoop-hdds-client-0.5.0-SNAPSHOT.jar:/home/user/.m2/repository/org/apache/hadoop/hadoop-hdds-tools/0.5.0-SNAPSHOT/hadoop-hdds-tools-0.5.0-SNAPSHOT.jar:/home/user/.m2/repository/org/apache/hadoop/hadoop-hdds-server-scm/0.5.0-SNAPSHOT/hadoop-hdds-server-scm-0.5.0-SNAPSHOT.jar:/home/user/.m2/repository/org/apache/hadoop/hadoop-hdds-docs/0.5.0-SNAPSHOT/hadoop-hdds-docs-0.5.0-SNAPSHOT.jar:/home/user/.m2/repository/io/dropwizard/metrics/metrics-core/3.2.4/metrics-core-3.2.4.jar:/home/user/.m2/repository/org/hamcrest/hamcrest-all/1.3/hamcrest-all-1.3.jar:/home/user/.m2/repository/org/bouncycastle/bcprov-jdk15on/1.60/bcprov-jdk15on-1.60.jar:/home/user/.m2/repository/info/picocli/picocli/3.9.6/picocli-3.9.6.jar:/home/user/.m2/repository/com/google/protobuf/protobuf-java/2.5.0/protobuf-java-2.5.0.jar:/home/user/.m2/repository/com/google/guava/guava/11.0.2/guava-11.0.2.jar:/home/user/.m2/repository/org/apache/hadoop/hadoop-ozone-ozone-manager/0.5.0-SNAPSHOT/hadoop-ozone-ozone-manager-0.5.0-SNAPSHOT.jar:/home/user/.m2/repository/org/apache/hadoop/hadoop-minikdc/3.2.0/hadoop-minikdc-3.2.0.jar:/home/user/.m2/repository/commons-io/commons-io/2.5/commons-io-2.5.jar:/home/user/.m2/repository/org/apache/kerby/kerb-simplekdc/1.0.1/kerb-simplekdc-1.0.1.jar:/home/user/.m2/repository/org/apache/kerby/kerb-client/1.0.1/kerb-client-1.0.1.jar:/home/user/.m2/repository/org/apache/kerby/kerby-config/1.0.1/kerby-config-1.0.1.jar:/home/user/.m2/repository/org/apache/kerby/kerb-core/1.0.1/kerb-core-1.0.1.jar:/home/user/.m2/repository/org/apache/kerby/kerby-pkix/1.0.1/kerby-pkix-1.0.1.jar:/home/user/.m2/repository/org/apache/kerby/kerby-asn1/1.0.1/kerby-asn1-1.0.1.jar:/home/user/.m2/repository/org/apache/kerby/kerby-util/1.0.1/kerby-util-1.0.1.jar:/home/user/.m2/repository/org/apache/kerby/kerb-common/1.0.1/kerb-common-1.0.1.jar:/home/user/.m2/repository/org/apache/kerby/kerb-crypto/1.0.1/kerb-crypto-1.0.1.jar:/home/user/.m2/repository/org/apache/kerby/kerb-util/1.0.1/kerb-util-1.0.1.jar:/home/user/.m2/repository/org/apache/kerby/token-provider/1.0.1/token-provider-1.0.1.jar:/home/user/.m2/repository/org/apache/kerby/kerb-admin/1.0.1/kerb-admin-1.0.1.jar:/home/user/.m2/repository/org/apache/kerby/kerb-server/1.0.1/kerb-server-1.0.1.jar:/home/user/.m2/repository/org/apache/kerby/kerb-identity/1.0.1/kerb-identity-1.0.1.jar:/home/user/.m2/repository/org/apache/kerby/kerby-xdr/1.0.1/kerby-xdr-1.0.1.jar:/home/user/.m2/repository/org/slf4j/slf4j-log4j12/1.7.25/slf4j-log4j12-1.7.25.jar:/home/user/.m2/repository/org/apache/hadoop/hadoop-ozone-s3gateway/0.5.0-SNAPSHOT/hadoop-ozone-s3gateway-0.5.0-SNAPSHOT.jar:/home/user/.m2/repository/org/jboss/weld/servlet/weld-servlet/2.4.7.Final/weld-servlet-2.4.7.Final.jar:/home/user/.m2/repository/org/glassfish/jersey/containers/jersey-container-servlet-core/2.27/jersey-container-servlet-core-2.27.jar:/home/user/.m2/repository/org/glassfish/hk2/external/javax.inject/2.5.0-b42/javax.inject-2.5.0-b42.jar:/home/user/.m2/repository/org/glassfish/jersey/core/jersey-common/2.27/jersey-common-2.27.jar:/home/user/.m2/repository/org/glassfish/hk2/osgi-resource-locator/1.0.1/osgi-resource-locator-1.0.1.jar:/home/user/.m2/repository/javax/ws/rs/javax.ws.rs-api/2.1/javax.ws.rs-api-2.1.jar:/home/user/.m2/repository/org/glassfish/jersey/ext/cdi/jersey-cdi1x/2.27/jersey-cdi1x-2.27.jar:/home/user/.m2/repository/org/glassfish/jersey/inject/jersey-hk2/2.27/jersey-hk2-2.27.jar:/home/user/.m2/repository/org/glassfish/hk2/hk2-locator/2.5.0-b42/hk2-locator-2.5.0-b42.jar:/home/user/.m2/repository/org/javassist/javassist/3.22.0-CR2/javassist-3.22.0-CR2.jar:/home/user/.m2/repository/org/glassfish/hk2/hk2-api/2.5.0/hk2-api-2.5.0.jar:/home/user/.m2/repository/org/glassfish/hk2/external/jakarta.inject/2.5.0/jakarta.inject-2.5.0.jar:/home/user/.m2/repository/org/glassfish/hk2/hk2-utils/2.5.0/hk2-utils-2.5.0.jar:/home/user/.m2/repository/jakarta/annotation/jakarta.annotation-api/1.3.4/jakarta.annotation-api-1.3.4.jar:/home/user/.m2/repository/org/glassfish/hk2/external/aopalliance-repackaged/2.5.0/aopalliance-repackaged-2.5.0.jar:/home/user/.m2/repository/com/fasterxml/jackson/dataformat/jackson-dataformat-xml/2.9.0/jackson-dataformat-xml-2.9.0.jar:/home/user/.m2/repository/com/fasterxml/jackson/core/jackson-core/2.9.5/jackson-core-2.9.5.jar:/home/user/.m2/repository/com/fasterxml/jackson/module/jackson-module-jaxb-annotations/2.9.5/jackson-module-jaxb-annotations-2.9.5.jar:/home/user/.m2/repository/javax/enterprise/cdi-api/1.2/cdi-api-1.2.jar:/home/user/.m2/repository/javax/el/javax.el-api/3.0.0/javax.el-api-3.0.0.jar:/home/user/.m2/repository/javax/interceptor/javax.interceptor-api/1.2/javax.interceptor-api-1.2.jar:/home/user/.m2/repository/javax/inject/javax.inject/1/javax.inject-1.jar:/home/user/.m2/repository/com/sun/xml/bind/jaxb-impl/2.3.0.1/jaxb-impl-2.3.0.1.jar:/home/user/.m2/repository/com/sun/xml/bind/jaxb-core/2.3.0.1/jaxb-core-2.3.0.1.jar:/home/user/.m2/repository/javax/xml/bind/jaxb-api/2.3.0/jaxb-api-2.3.0.jar:/home/user/.m2/repository/javax/activation/activation/1.1.1/activation-1.1.1.jar:/home/user/.m2/repository/org/apache/hadoop/hadoop-ozone-csi/0.5.0-SNAPSHOT/hadoop-ozone-csi-0.5.0-SNAPSHOT.jar:/home/user/.m2/repository/com/google/protobuf/protobuf-java-util/3.5.1/protobuf-java-util-3.5.1.jar:/home/user/.m2/repository/org/apache/hadoop/hadoop-hdds-config/0.5.0-SNAPSHOT/hadoop-hdds-config-0.5.0-SNAPSHOT.jar:/home/user/.m2/repository/io/grpc/grpc-netty/1.17.1/grpc-netty-1.17.1.jar:/home/user/.m2/repository/io/grpc/grpc-core/1.17.1/grpc-core-1.17.1.jar:/home/user/.m2/repository/io/grpc/grpc-context/1.17.1/grpc-context-1.17.1.jar:/home/user/.m2/repository/com/google/errorprone/error_prone_annotations/2.2.0/error_prone_annotations-2.2.0.jar:/home/user/.m2/repository/org/codehaus/mojo/animal-sniffer-annotations/1.17/animal-sniffer-annotations-1.17.jar:/home/user/.m2/repository/io/opencensus/opencensus-api/0.17.0/opencensus-api-0.17.0.jar:/home/user/.m2/repository/io/opencensus/opencensus-contrib-grpc-metrics/0.17.0/opencensus-contrib-grpc-metrics-0.17.0.jar:/home/user/.m2/repository/io/netty/netty-codec-http2/4.1.30.Final/netty-codec-http2-4.1.30.Final.jar:/home/user/.m2/repository/io/netty/netty-codec-http/4.1.30.Final/netty-codec-http-4.1.30.Final.jar:/home/user/.m2/repository/io/netty/netty-codec/4.1.30.Final/netty-codec-4.1.30.Final.jar:/home/user/.m2/repository/io/netty/netty-handler/4.1.30.Final/netty-handler-4.1.30.Final.jar:/home/user/.m2/repository/io/netty/netty-handler-proxy/4.1.30.Final/netty-handler-proxy-4.1.30.Final.jar:/home/user/.m2/repository/io/netty/netty-codec-socks/4.1.30.Final/netty-codec-socks-4.1.30.Final.jar:/home/user/.m2/repository/io/netty/netty-transport-native-epoll/4.1.30.Final/netty-transport-native-epoll-4.1.30.Final.jar:/home/user/.m2/repository/io/netty/netty-common/4.1.30.Final/netty-common-4.1.30.Final.jar:/home/user/.m2/repository/io/netty/netty-buffer/4.1.30.Final/netty-buffer-4.1.30.Final.jar:/home/user/.m2/repository/io/netty/netty-transport/4.1.30.Final/netty-transport-4.1.30.Final.jar:/home/user/.m2/repository/io/netty/netty-resolver/4.1.30.Final/netty-resolver-4.1.30.Final.jar:/home/user/.m2/repository/io/netty/netty-transport-native-unix-common/4.1.30.Final/netty-transport-native-unix-common-4.1.30.Final.jar:/home/user/.m2/repository/io/grpc/grpc-protobuf/1.17.1/grpc-protobuf-1.17.1.jar:/home/user/.m2/repository/com/google/api/grpc/proto-google-common-protos/1.0.0/proto-google-common-protos-1.0.0.jar:/home/user/.m2/repository/io/grpc/grpc-protobuf-lite/1.17.1/grpc-protobuf-lite-1.17.1.jar:/home/user/.m2/repository/io/grpc/grpc-stub/1.17.1/grpc-stub-1.17.1.jar:/home/user/.m2/repository/org/apache/hadoop/hadoop-ozone-recon/0.5.0-SNAPSHOT/hadoop-ozone-recon-0.5.0-SNAPSHOT.jar:/home/user/.m2/repository/org/apache/hadoop/hadoop-ozone-reconcodegen/0.5.0-SNAPSHOT/hadoop-ozone-reconcodegen-0.5.0-SNAPSHOT.jar:/home/user/.m2/repository/com/google/inject/extensions/guice-multibindings/4.0/guice-multibindings-4.0.jar:/home/user/.m2/repository/com/google/inject/guice/4.0/guice-4.0.jar:/home/user/.m2/repository/aopalliance/aopalliance/1.0/aopalliance-1.0.jar:/home/user/.m2/repository/com/google/inject/extensions/guice-servlet/4.0/guice-servlet-4.0.jar:/home/user/.m2/repository/org/glassfish/jersey/containers/jersey-container-servlet/2.27/jersey-container-servlet-2.27.jar:/home/user/.m2/repository/org/glassfish/hk2/guice-bridge/2.5.0/guice-bridge-2.5.0.jar:/home/user/.m2/repository/org/glassfish/jersey/core/jersey-server/2.27/jersey-server-2.27.jar:/home/user/.m2/repository/org/glassfish/jersey/core/jersey-client/2.27/jersey-client-2.27.jar:/home/user/.m2/repository/org/glassfish/jersey/media/jersey-media-jaxb/2.27/jersey-media-jaxb-2.27.jar:/home/user/.m2/repository/javax/validation/validation-api/1.1.0.Final/validation-api-1.1.0.Final.jar:/home/user/.m2/repository/org/glassfish/jersey/media/jersey-media-json-jackson/2.27/jersey-media-json-jackson-2.27.jar:/home/user/.m2/repository/org/glassfish/jersey/ext/jersey-entity-filtering/2.27/jersey-entity-filtering-2.27.jar:/home/user/.m2/repository/com/google/inject/extensions/guice-assistedinject/4.0/guice-assistedinject-4.0.jar:/home/user/.m2/repository/org/jooq/jooq/3.11.10/jooq-3.11.10.jar:/home/user/.m2/repository/org/jooq/jooq-meta/3.11.10/jooq-meta-3.11.10.jar:/home/user/.m2/repository/org/jooq/jooq-codegen/3.11.10/jooq-codegen-3.11.10.jar:/home/user/.m2/repository/com/jolbox/bonecp/0.8.0.RELEASE/bonecp-0.8.0.RELEASE.jar:/home/user/.m2/repository/org/xerial/sqlite-jdbc/3.25.2/sqlite-jdbc-3.25.2.jar:/home/user/.m2/repository/org/springframework/spring-jdbc/5.1.3.RELEASE/spring-jdbc-5.1.3.RELEASE.jar:/home/user/.m2/repository/org/springframework/spring-beans/5.1.3.RELEASE/spring-beans-5.1.3.RELEASE.jar:/home/user/.m2/repository/org/springframework/spring-core/5.1.3.RELEASE/spring-core-5.1.3.RELEASE.jar:/home/user/.m2/repository/org/springframework/spring-jcl/5.1.3.RELEASE/spring-jcl-5.1.3.RELEASE.jar:/home/user/.m2/repository/org/springframework/spring-tx/5.1.3.RELEASE/spring-tx-5.1.3.RELEASE.jar:/home/user/.m2/repository/org/apache/hadoop/hadoop-ozone-client/0.5.0-SNAPSHOT/hadoop-ozone-client-0.5.0-SNAPSHOT.jar:/home/user/.m2/repository/commons-lang/commons-lang/2.6/commons-lang-2.6.jar:/home/user/.m2/repository/org/apache/hadoop/hadoop-ozone-ozone-manager/0.5.0-SNAPSHOT/hadoop-ozone-ozone-manager-0.5.0-SNAPSHOT-tests.jar:/home/user/.m2/repository/junit/junit/4.11/junit-4.11.jar:/home/user/.m2/repository/org/hamcrest/hamcrest-core/1.3/hamcrest-core-1.3.jar:/home/user/.m2/repository/org/openjdk/jmh/jmh-core/1.19/jmh-core-1.19.jar:/home/user/.m2/repository/net/sf/jopt-simple/jopt-simple/4.6/jopt-simple-4.6.jar:/home/user/.m2/repository/org/apache/commons/commons-math3/3.1.1/commons-math3-3.1.1.jar:/home/user/.m2/repository/org/openjdk/jmh/jmh-generator-annprocess/1.19/jmh-generator-annprocess-1.19.jar:/home/user/.m2/repository/org/mockito/mockito-all/1.8.5/mockito-all-1.8.5.jar:/home/user/.m2/repository/org/apache/hadoop/hadoop-kms/3.2.0/hadoop-kms-3.2.0.jar:/home/user/.m2/repository/org/apache/hadoop/hadoop-auth/3.2.0/hadoop-auth-3.2.0.jar:/home/user/.m2/repository/com/nimbusds/nimbus-jose-jwt/4.41.1/nimbus-jose-jwt-4.41.1.jar:/home/user/.m2/repository/com/github/stephenc/jcip/jcip-annotations/1.0-1/jcip-annotations-1.0-1.jar:/home/user/.m2/repository/net/minidev/json-smart/2.3/json-smart-2.3.jar:/home/user/.m2/repository/net/minidev/accessors-smart/1.2/accessors-smart-1.2.jar:/home/user/.m2/repository/org/ow2/asm/asm/5.0.4/asm-5.0.4.jar:/home/user/.m2/repository/org/apache/curator/curator-framework/2.12.0/curator-framework-2.12.0.jar:/home/user/.m2/repository/com/sun/jersey/jersey-core/1.19/jersey-core-1.19.jar:/home/user/.m2/repository/javax/ws/rs/jsr311-api/1.1.1/jsr311-api-1.1.1.jar:/home/user/.m2/repository/com/sun/jersey/jersey-server/1.19/jersey-server-1.19.jar:/home/user/.m2/repository/javax/servlet/javax.servlet-api/3.1.0/javax.servlet-api-3.1.0.jar:/home/user/.m2/repository/org/eclipse/jetty/jetty-server/9.3.24.v20180605/jetty-server-9.3.24.v20180605.jar:/home/user/.m2/repository/org/eclipse/jetty/jetty-http/9.3.24.v20180605/jetty-http-9.3.24.v20180605.jar:/home/user/.m2/repository/org/eclipse/jetty/jetty-io/9.3.24.v20180605/jetty-io-9.3.24.v20180605.jar:/home/user/.m2/repository/org/eclipse/jetty/jetty-webapp/9.3.24.v20180605/jetty-webapp-9.3.24.v20180605.jar:/home/user/.m2/repository/org/eclipse/jetty/jetty-xml/9.3.24.v20180605/jetty-xml-9.3.24.v20180605.jar:/home/user/.m2/repository/log4j/log4j/1.2.17/log4j-1.2.17.jar:/home/user/.m2/repository/org/slf4j/slf4j-api/1.7.25/slf4j-api-1.7.25.jar:/home/user/.m2/repository/org/slf4j/jul-to-slf4j/1.7.25/jul-to-slf4j-1.7.25.jar:/home/user/.m2/repository/org/eclipse/jetty/jetty-util/9.3.24.v20180605/jetty-util-9.3.24.v20180605.jar:/home/user/.m2/repository/com/fasterxml/jackson/core/jackson-databind/2.9.5/jackson-databind-2.9.5.jar:/home/user/.m2/repository/org/apache/hadoop/hadoop-kms/3.2.0/hadoop-kms-3.2.0-tests.jar:/home/user/.m2/repository/org/apache/hadoop/hadoop-hdds-server-scm/0.5.0-SNAPSHOT/hadoop-hdds-server-scm-0.5.0-SNAPSHOT-tests.jar:/home/user/.m2/repository/org/apache/hadoop/hadoop-hdds-container-service/0.5.0-SNAPSHOT/hadoop-hdds-container-service-0.5.0-SNAPSHOT-tests.jar:/home/user/.m2/repository/org/yaml/snakeyaml/1.16/snakeyaml-1.16.jar:/home/user/.m2/repository/org/apache/hadoop/hadoop-common/3.2.0/hadoop-common-3.2.0-tests.jar:/home/user/.m2/repository/org/apache/hadoop/hadoop-annotations/3.2.0/hadoop-annotations-3.2.0.jar:/usr/lib/jvm/java-1.8-openjdk/jre/../lib/tools.jar:/home/user/.m2/repository/commons-cli/commons-cli/1.2/commons-cli-1.2.jar:/home/user/.m2/repository/org/apache/httpcomponents/httpclient/4.5.2/httpclient-4.5.2.jar:/home/user/.m2/repository/org/apache/httpcomponents/httpcore/4.4.4/httpcore-4.4.4.jar:/home/user/.m2/repository/commons-codec/commons-codec/1.11/commons-codec-1.11.jar:/home/user/.m2/repository/commons-net/commons-net/3.6/commons-net-3.6.jar:/home/user/.m2/repository/commons-collections/commons-collections/3.2.2/commons-collections-3.2.2.jar:/home/user/.m2/repository/org/eclipse/jetty/jetty-servlet/9.3.24.v20180605/jetty-servlet-9.3.24.v20180605.jar:/home/user/.m2/repository/org/eclipse/jetty/jetty-security/9.3.24.v20180605/jetty-security-9.3.24.v20180605.jar:/home/user/.m2/repository/javax/servlet/jsp/jsp-api/2.1/jsp-api-2.1.jar:/home/user/.m2/repository/com/sun/jersey/jersey-servlet/1.19/jersey-servlet-1.19.jar:/home/user/.m2/repository/com/sun/jersey/jersey-json/1.19/jersey-json-1.19.jar:/home/user/.m2/repository/org/codehaus/jettison/jettison/1.1/jettison-1.1.jar:/home/user/.m2/repository/org/codehaus/jackson/jackson-core-asl/1.9.13/jackson-core-asl-1.9.13.jar:/home/user/.m2/repository/org/codehaus/jackson/jackson-mapper-asl/1.9.13/jackson-mapper-asl-1.9.13.jar:/home/user/.m2/repository/org/codehaus/jackson/jackson-jaxrs/1.9.13/jackson-jaxrs-1.9.13.jar:/home/user/.m2/repository/org/codehaus/jackson/jackson-xc/1.9.13/jackson-xc-1.9.13.jar:/home/user/.m2/repository/commons-logging/commons-logging/1.1.3/commons-logging-1.1.3.jar:/home/user/.m2/repository/commons-beanutils/commons-beanutils/1.9.3/commons-beanutils-1.9.3.jar:/home/user/.m2/repository/org/apache/commons/commons-configuration2/2.1.1/commons-configuration2-2.1.1.jar:/home/user/.m2/repository/org/apache/commons/commons-lang3/3.7/commons-lang3-3.7.jar:/home/user/.m2/repository/org/apache/commons/commons-text/1.4/commons-text-1.4.jar:/home/user/.m2/repository/org/apache/avro/avro/1.7.7/avro-1.7.7.jar:/home/user/.m2/repository/com/thoughtworks/paranamer/paranamer/2.3/paranamer-2.3.jar:/home/user/.m2/repository/org/xerial/snappy/snappy-java/1.0.5/snappy-java-1.0.5.jar:/home/user/.m2/repository/com/google/re2j/re2j/1.1/re2j-1.1.jar:/home/user/.m2/repository/com/google/code/gson/gson/2.2.4/gson-2.2.4.jar:/home/user/.m2/repository/com/jcraft/jsch/0.1.54/jsch-0.1.54.jar:/home/user/.m2/repository/org/apache/curator/curator-client/2.12.0/curator-client-2.12.0.jar:/home/user/.m2/repository/org/apache/curator/curator-recipes/2.12.0/curator-recipes-2.12.0.jar:/home/user/.m2/repository/com/google/code/findbugs/jsr305/3.0.0/jsr305-3.0.0.jar:/home/user/.m2/repository/org/apache/htrace/htrace-core4/4.1.0-incubating/htrace-core4-4.1.0-incubating.jar:/home/user/.m2/repository/org/apache/zookeeper/zookeeper/3.4.13/zookeeper-3.4.13.jar:/home/user/.m2/repository/org/apache/yetus/audience-annotations/0.5.0/audience-annotations-0.5.0.jar:/home/user/.m2/repository/org/codehaus/woodstox/stax2-api/3.1.4/stax2-api-3.1.4.jar:/home/user/.m2/repository/com/fasterxml/woodstox/woodstox-core/5.0.3/woodstox-core-5.0.3.jar:/home/user/.m2/repository/dnsjava/dnsjava/2.1.7/dnsjava-2.1.7.jar:/home/user/.m2/repository/org/apache/hadoop/hadoop-hdfs/3.2.0/hadoop-hdfs-3.2.0-tests.jar:/home/user/.m2/repository/org/eclipse/jetty/jetty-util-ajax/9.3.24.v20180605/jetty-util-ajax-9.3.24.v20180605.jar:/home/user/.m2/repository/commons-daemon/commons-daemon/1.0.13/commons-daemon-1.0.13.jar:/home/user/.m2/repository/io/netty/netty/3.10.5.Final/netty-3.10.5.Final.jar:/home/user/.m2/repository/io/netty/netty-all/4.0.52.Final/netty-all-4.0.52.Final.jar:/home/user/.m2/repository/org/fusesource/leveldbjni/leveldbjni-all/1.8/leveldbjni-all-1.8.jar:"/>
    <property name="sun.cpu.endian" value="little"/>
    <property name="user.home" value="/home/user"/>
    <property name="user.language" value="en"/>
    <property name="java.specification.vendor" value="Oracle Corporation"/>
    <property name="java.home" value="/usr/lib/jvm/java-1.8-openjdk/jre"/>
    <property name="java.security.krb5.conf" value="/workdir/hadoop-ozone/integration-test/target/test-classes/krb5.conf"/>
    <property name="basedir" value="/workdir/hadoop-ozone/integration-test"/>
    <property name="file.separator" value="/"/>
    <property name="line.separator" value="&#10;"/>
    <property name="java.vm.specification.vendor" value="Oracle Corporation"/>
    <property name="java.specification.name" value="Java Platform API Specification"/>
    <property name="java.awt.graphicsenv" value="sun.awt.X11GraphicsEnvironment"/>
    <property name="surefire.real.class.path" value="/workdir/hadoop-ozone/integration-test/target/surefire/surefirebooter5903658187733106051.jar"/>
    <property name="hadoop.log.dir" value="/workdir/hadoop-ozone/integration-test/target/log"/>
    <property name="sun.boot.class.path" value="/usr/lib/jvm/java-1.8-openjdk/jre/lib/resources.jar:/usr/lib/jvm/java-1.8-openjdk/jre/lib/rt.jar:/usr/lib/jvm/java-1.8-openjdk/jre/lib/sunrsasign.jar:/usr/lib/jvm/java-1.8-openjdk/jre/lib/jsse.jar:/usr/lib/jvm/java-1.8-openjdk/jre/lib/jce.jar:/usr/lib/jvm/java-1.8-openjdk/jre/lib/charsets.jar:/usr/lib/jvm/java-1.8-openjdk/jre/lib/jfr.jar:/usr/lib/jvm/java-1.8-openjdk/jre/classes"/>
    <property name="sun.management.compiler" value="HotSpot 64-Bit Tiered Compilers"/>
    <property name="java.runtime.version" value="1.8.0_212-b04"/>
    <property name="java.net.preferIPv4Stack" value="true"/>
    <property name="user.name" value="jenkins1000"/>
    <property name="path.separator" value=":"/>
    <property name="java.security.egd" value="file:///dev/urandom"/>
    <property name="os.version" value="3.10.0-957.12.2.el7.x86_64"/>
    <property name="java.endorsed.dirs" value="/usr/lib/jvm/java-1.8-openjdk/jre/lib/endorsed"/>
    <property name="java.runtime.name" value="OpenJDK Runtime Environment"/>
    <property name="file.encoding" value="UTF-8"/>
    <property name="java.vm.name" value="OpenJDK 64-Bit Server VM"/>
    <property name="test.build.webapps" value=""/>
    <property name="localRepository" value="/home/user/.m2/repository"/>
    <property name="java.vendor.url.bug" value="https://icedtea.classpath.org/bugzilla"/>
    <property name="java.io.tmpdir" value="/tmp"/>
    <property name="require.test.libhadoop" value=""/>
    <property name="java.version" value="1.8.0_212"/>
    <property name="user.dir" value="/workdir/hadoop-ozone/integration-test"/>
    <property name="os.arch" value="amd64"/>
    <property name="java.vm.specification.name" value="Java Virtual Machine Specification"/>
    <property name="test.build.classes" value="/workdir/hadoop-ozone/integration-test/target/test-classes"/>
    <property name="java.awt.printerjob" value="sun.print.PSPrinterJob"/>
    <property name="sun.os.patch.level" value="unknown"/>
    <property name="hadoop.tmp.dir" value="/workdir/hadoop-ozone/integration-test/target/tmp"/>
    <property name="java.library.path" value="/usr/lib/jvm/java-1.8-openjdk/jre/lib/amd64/server:/usr/lib/jvm/java-1.8-openjdk/jre/lib/amd64:/usr/lib/jvm/java-1.8-openjdk/jre/../lib/amd64:/workdir/hadoop-ozone/integration-test/target/native/target/usr/local/lib:/workdir/hadoop-ozone/integration-test/../../hadoop-common-project/hadoop-common/target/native/target/usr/local/lib:/usr/java/packages/lib/amd64:/usr/lib64:/lib64:/lib:/usr/lib"/>
    <property name="java.vm.info" value="mixed mode"/>
    <property name="java.vendor" value="IcedTea"/>
    <property name="java.vm.version" value="25.212-b04"/>
    <property name="java.ext.dirs" value="/usr/lib/jvm/java-1.8-openjdk/jre/lib/ext:/usr/java/packages/lib/ext"/>
    <property name="sun.io.unicode.encoding" value="UnicodeLittle"/>
    <property name="java.class.version" value="52.0"/>
  </properties>
  <testcase name="testFlushChunk" classname="org.apache.hadoop.ozone.client.rpc.TestBlockOutputStream" time="7.273"/>
  <testcase name="testMultiChunkWrite2" classname="org.apache.hadoop.ozone.client.rpc.TestBlockOutputStream" time="0.6"/>
  <testcase name="testMultiChunkWrite" classname="org.apache.hadoop.ozone.client.rpc.TestBlockOutputStream" time="188.148">
    <failure message="expected:&lt;7&gt; but was:&lt;9&gt;" type="java.lang.AssertionError"><![CDATA[java.lang.AssertionError: expected:<7> but was:<9>
	at org.junit.Assert.fail(Assert.java:88)
	at org.junit.Assert.failNotEquals(Assert.java:743)
	at org.junit.Assert.assertEquals(Assert.java:118)
	at org.junit.Assert.assertEquals(Assert.java:555)
	at org.junit.Assert.assertEquals(Assert.java:542)
	at org.apache.hadoop.ozone.client.rpc.TestBlockOutputStream.testMultiChunkWrite(TestBlockOutputStream.java:364)
	at sun.reflect.NativeMethodAccessorImpl.invoke0(Native Method)
	at sun.reflect.NativeMethodAccessorImpl.invoke(NativeMethodAccessorImpl.java:62)
	at sun.reflect.DelegatingMethodAccessorImpl.invoke(DelegatingMethodAccessorImpl.java:43)
	at java.lang.reflect.Method.invoke(Method.java:498)
	at org.junit.runners.model.FrameworkMethod$1.runReflectiveCall(FrameworkMethod.java:47)
	at org.junit.internal.runners.model.ReflectiveCallable.run(ReflectiveCallable.java:12)
	at org.junit.runners.model.FrameworkMethod.invokeExplosively(FrameworkMethod.java:44)
	at org.junit.internal.runners.statements.InvokeMethod.evaluate(InvokeMethod.java:17)
	at org.junit.runners.ParentRunner.runLeaf(ParentRunner.java:271)
	at org.junit.runners.BlockJUnit4ClassRunner.runChild(BlockJUnit4ClassRunner.java:70)
	at org.junit.runners.BlockJUnit4ClassRunner.runChild(BlockJUnit4ClassRunner.java:50)
	at org.junit.runners.ParentRunner$3.run(ParentRunner.java:238)
	at org.junit.runners.ParentRunner$1.schedule(ParentRunner.java:63)
	at org.junit.runners.ParentRunner.runChildren(ParentRunner.java:236)
	at org.junit.runners.ParentRunner.access$000(ParentRunner.java:53)
	at org.junit.runners.ParentRunner$2.evaluate(ParentRunner.java:229)
	at org.junit.internal.runners.statements.RunBefores.evaluate(RunBefores.java:26)
	at org.junit.internal.runners.statements.RunAfters.evaluate(RunAfters.java:27)
	at org.junit.runners.ParentRunner.run(ParentRunner.java:309)
	at org.apache.maven.surefire.junit4.JUnit4Provider.execute(JUnit4Provider.java:365)
	at org.apache.maven.surefire.junit4.JUnit4Provider.executeWithRerun(JUnit4Provider.java:273)
	at org.apache.maven.surefire.junit4.JUnit4Provider.executeTestSet(JUnit4Provider.java:238)
	at org.apache.maven.surefire.junit4.JUnit4Provider.invoke(JUnit4Provider.java:159)
	at org.apache.maven.surefire.booter.ForkedBooter.invokeProviderInSameClassLoader(ForkedBooter.java:384)
	at org.apache.maven.surefire.booter.ForkedBooter.runSuitesInProcess(ForkedBooter.java:345)
	at org.apache.maven.surefire.booter.ForkedBooter.execute(ForkedBooter.java:126)
	at org.apache.maven.surefire.booter.ForkedBooter.main(ForkedBooter.java:418)
]]></failure>
    <system-out><![CDATA[2019-09-12 04:00:07,288 [java.util.concurrent.ThreadPoolExecutor$Worker@16f1792d[State = -1, empty queue]] WARN  server.GrpcLogAppender (GrpcLogAppender.java:timeoutAppendRequest(200)) - e74ea0f8-bf41-4d93-a1fd-ac84c2b46512@group-7A1668DFAB34->41a8e196-af5b-4c71-b4d4-8d03270b35a0-GrpcLogAppender: appendEntries Timeout, request=e74ea0f8-bf41-4d93-a1fd-ac84c2b46512->41a8e196-af5b-4c71-b4d4-8d03270b35a0#8-t1, previous=(t:1, i:6), leaderCommit=6, initializing? false, entries: size=1, first=(t:1, i:7), STATEMACHINELOGENTRY, client-7D4C8718A617, cid=21
2019-09-12 04:00:07,288 [java.util.concurrent.ThreadPoolExecutor$Worker@7b7c3362[State = -1, empty queue]] WARN  server.GrpcLogAppender (GrpcLogAppender.java:timeoutAppendRequest(200)) - e74ea0f8-bf41-4d93-a1fd-ac84c2b46512@group-7A1668DFAB34->d16d800f-a890-4a7a-bda4-5bf97a65c0f2-GrpcLogAppender: appendEntries Timeout, request=e74ea0f8-bf41-4d93-a1fd-ac84c2b46512->d16d800f-a890-4a7a-bda4-5bf97a65c0f2#8-t1, previous=(t:1, i:6), leaderCommit=6, initializing? false, entries: size=1, first=(t:1, i:7), STATEMACHINELOGENTRY, client-7D4C8718A617, cid=21
2019-09-12 04:00:07,291 [java.util.concurrent.ThreadPoolExecutor$Worker@16f1792d[State = -1, empty queue]] WARN  server.GrpcLogAppender (GrpcLogAppender.java:timeoutAppendRequest(200)) - e74ea0f8-bf41-4d93-a1fd-ac84c2b46512@group-7A1668DFAB34->41a8e196-af5b-4c71-b4d4-8d03270b35a0-GrpcLogAppender: appendEntries Timeout, request=e74ea0f8-bf41-4d93-a1fd-ac84c2b46512->41a8e196-af5b-4c71-b4d4-8d03270b35a0#9-t1, previous=(t:1, i:7), leaderCommit=6, initializing? false, entries: size=1, first=(t:1, i:8), STATEMACHINELOGENTRY, client-7D4C8718A617, cid=22
2019-09-12 04:00:07,292 [java.util.concurrent.ThreadPoolExecutor$Worker@7b7c3362[State = -1, empty queue]] WARN  server.GrpcLogAppender (GrpcLogAppender.java:timeoutAppendRequest(200)) - e74ea0f8-bf41-4d93-a1fd-ac84c2b46512@group-7A1668DFAB34->d16d800f-a890-4a7a-bda4-5bf97a65c0f2-GrpcLogAppender: appendEntries Timeout, request=e74ea0f8-bf41-4d93-a1fd-ac84c2b46512->d16d800f-a890-4a7a-bda4-5bf97a65c0f2#9-t1, previous=(t:1, i:7), leaderCommit=6, initializing? false, entries: size=1, first=(t:1, i:8), STATEMACHINELOGENTRY, client-7D4C8718A617, cid=22
2019-09-12 04:00:07,294 [java.util.concurrent.ThreadPoolExecutor$Worker@16f1792d[State = -1, empty queue]] WARN  server.GrpcLogAppender (GrpcLogAppender.java:timeoutAppendRequest(200)) - e74ea0f8-bf41-4d93-a1fd-ac84c2b46512@group-7A1668DFAB34->41a8e196-af5b-4c71-b4d4-8d03270b35a0-GrpcLogAppender: appendEntries Timeout, request=e74ea0f8-bf41-4d93-a1fd-ac84c2b46512->41a8e196-af5b-4c71-b4d4-8d03270b35a0#10-t1, previous=(t:1, i:8), leaderCommit=6, initializing? false, entries: size=1, first=(t:1, i:9), STATEMACHINELOGENTRY, client-7D4C8718A617, cid=23
2019-09-12 04:00:07,295 [java.util.concurrent.ThreadPoolExecutor$Worker@7b7c3362[State = -1, empty queue]] WARN  server.GrpcLogAppender (GrpcLogAppender.java:timeoutAppendRequest(200)) - e74ea0f8-bf41-4d93-a1fd-ac84c2b46512@group-7A1668DFAB34->d16d800f-a890-4a7a-bda4-5bf97a65c0f2-GrpcLogAppender: appendEntries Timeout, request=e74ea0f8-bf41-4d93-a1fd-ac84c2b46512->d16d800f-a890-4a7a-bda4-5bf97a65c0f2#10-t1, previous=(t:1, i:8), leaderCommit=6, initializing? false, entries: size=1, first=(t:1, i:9), STATEMACHINELOGENTRY, client-7D4C8718A617, cid=23
2019-09-12 04:00:09,367 [grpc-default-executor-0] INFO  client.GrpcClientProtocolClient (GrpcClientProtocolClient.java:onNext(264)) - client-7D4C8718A617->d16d800f-a890-4a7a-bda4-5bf97a65c0f2: receive RaftClientReply:client-7D4C8718A617->d16d800f-a890-4a7a-bda4-5bf97a65c0f2@group-7A1668DFAB34, cid=21, FAILED org.apache.ratis.protocol.NotLeaderException: Server d16d800f-a890-4a7a-bda4-5bf97a65c0f2@group-7A1668DFAB34 is not the leader e74ea0f8-bf41-4d93-a1fd-ac84c2b46512:192.168.34.8:33824, logIndex=0, commits[d16d800f-a890-4a7a-bda4-5bf97a65c0f2:c6, 41a8e196-af5b-4c71-b4d4-8d03270b35a0:c4, e74ea0f8-bf41-4d93-a1fd-ac84c2b46512:c6]
2019-09-12 04:00:09,790 [java.util.concurrent.ThreadPoolExecutor$Worker@7b7c3362[State = -1, empty queue]] WARN  server.GrpcLogAppender (GrpcLogAppender.java:timeoutAppendRequest(200)) - e74ea0f8-bf41-4d93-a1fd-ac84c2b46512@group-7A1668DFAB34->d16d800f-a890-4a7a-bda4-5bf97a65c0f2-GrpcLogAppender: appendEntries Timeout, request=e74ea0f8-bf41-4d93-a1fd-ac84c2b46512->d16d800f-a890-4a7a-bda4-5bf97a65c0f2#11-t1, previous=(t:1, i:9), leaderCommit=6, initializing? false, entries: <empty>
2019-09-12 04:00:09,790 [java.util.concurrent.ThreadPoolExecutor$Worker@16f1792d[State = -1, empty queue]] WARN  server.GrpcLogAppender (GrpcLogAppender.java:timeoutAppendRequest(200)) - e74ea0f8-bf41-4d93-a1fd-ac84c2b46512@group-7A1668DFAB34->41a8e196-af5b-4c71-b4d4-8d03270b35a0-GrpcLogAppender: appendEntries Timeout, request=e74ea0f8-bf41-4d93-a1fd-ac84c2b46512->41a8e196-af5b-4c71-b4d4-8d03270b35a0#11-t1, previous=(t:1, i:9), leaderCommit=6, initializing? false, entries: <empty>
2019-09-12 04:00:12,292 [java.util.concurrent.ThreadPoolExecutor$Worker@16f1792d[State = -1, empty queue]] WARN  server.GrpcLogAppender (GrpcLogAppender.java:timeoutAppendRequest(200)) - e74ea0f8-bf41-4d93-a1fd-ac84c2b46512@group-7A1668DFAB34->41a8e196-af5b-4c71-b4d4-8d03270b35a0-GrpcLogAppender: appendEntries Timeout, request=e74ea0f8-bf41-4d93-a1fd-ac84c2b46512->41a8e196-af5b-4c71-b4d4-8d03270b35a0#12-t1, previous=(t:1, i:9), leaderCommit=6, initializing? false, entries: <empty>
2019-09-12 04:00:12,292 [java.util.concurrent.ThreadPoolExecutor$Worker@7b7c3362[State = -1, empty queue]] WARN  server.GrpcLogAppender (GrpcLogAppender.java:timeoutAppendRequest(200)) - e74ea0f8-bf41-4d93-a1fd-ac84c2b46512@group-7A1668DFAB34->d16d800f-a890-4a7a-bda4-5bf97a65c0f2-GrpcLogAppender: appendEntries Timeout, request=e74ea0f8-bf41-4d93-a1fd-ac84c2b46512->d16d800f-a890-4a7a-bda4-5bf97a65c0f2#12-t1, previous=(t:1, i:9), leaderCommit=6, initializing? false, entries: <empty>
2019-09-12 04:00:14,294 [41a8e196-af5b-4c71-b4d4-8d03270b35a0@group-7A1668DFAB34-SegmentedRaftLogWorker] WARN  segmented.SegmentedRaftLogWorker (SegmentedRaftLogWorker.java:getFromFuture(90)) - Timeout 0/~
org.apache.ratis.protocol.TimeoutIOException: Timeout 10s: WriteLog:7: (t:1, i:7), STATEMACHINELOGENTRY, client-7D4C8718A617, cid=21-writeStateMachineData
	at org.apache.ratis.util.IOUtils.getFromFuture(IOUtils.java:87)
	at org.apache.ratis.server.raftlog.segmented.SegmentedRaftLogWorker$StateMachineDataPolicy.getFromFuture(SegmentedRaftLogWorker.java:87)
	at org.apache.ratis.server.raftlog.segmented.SegmentedRaftLogWorker$WriteLog.execute(SegmentedRaftLogWorker.java:477)
	at org.apache.ratis.server.raftlog.segmented.SegmentedRaftLogWorker.run(SegmentedRaftLogWorker.java:289)
	at java.lang.Thread.run(Thread.java:748)
Caused by: java.util.concurrent.TimeoutException
	at java.util.concurrent.CompletableFuture.timedGet(CompletableFuture.java:1771)
	at java.util.concurrent.CompletableFuture.get(CompletableFuture.java:1915)
	at org.apache.ratis.util.IOUtils.getFromFuture(IOUtils.java:79)
	... 4 more
2019-09-12 04:00:14,408 [e74ea0f8-bf41-4d93-a1fd-ac84c2b46512@group-7A1668DFAB34-SegmentedRaftLogWorker] WARN  segmented.SegmentedRaftLogWorker (SegmentedRaftLogWorker.java:getFromFuture(90)) - Timeout 0/~
org.apache.ratis.protocol.TimeoutIOException: Timeout 10s: WriteLog:8: (t:1, i:8), STATEMACHINELOGENTRY, client-7D4C8718A617, cid=22-writeStateMachineData
	at org.apache.ratis.util.IOUtils.getFromFuture(IOUtils.java:87)
	at org.apache.ratis.server.raftlog.segmented.SegmentedRaftLogWorker$StateMachineDataPolicy.getFromFuture(SegmentedRaftLogWorker.java:87)
	at org.apache.ratis.server.raftlog.segmented.SegmentedRaftLogWorker$WriteLog.execute(SegmentedRaftLogWorker.java:477)
	at org.apache.ratis.server.raftlog.segmented.SegmentedRaftLogWorker.run(SegmentedRaftLogWorker.java:289)
	at java.lang.Thread.run(Thread.java:748)
Caused by: java.util.concurrent.TimeoutException
	at java.util.concurrent.CompletableFuture.timedGet(CompletableFuture.java:1771)
	at java.util.concurrent.CompletableFuture.get(CompletableFuture.java:1915)
	at org.apache.ratis.util.IOUtils.getFromFuture(IOUtils.java:79)
	... 4 more
2019-09-12 04:00:14,409 [d16d800f-a890-4a7a-bda4-5bf97a65c0f2@group-7A1668DFAB34-SegmentedRaftLogWorker] WARN  segmented.SegmentedRaftLogWorker (SegmentedRaftLogWorker.java:getFromFuture(90)) - Timeout 0/~
org.apache.ratis.protocol.TimeoutIOException: Timeout 10s: WriteLog:8: (t:1, i:8), STATEMACHINELOGENTRY, client-7D4C8718A617, cid=22-writeStateMachineData
	at org.apache.ratis.util.IOUtils.getFromFuture(IOUtils.java:87)
	at org.apache.ratis.server.raftlog.segmented.SegmentedRaftLogWorker$StateMachineDataPolicy.getFromFuture(SegmentedRaftLogWorker.java:87)
	at org.apache.ratis.server.raftlog.segmented.SegmentedRaftLogWorker$WriteLog.execute(SegmentedRaftLogWorker.java:477)
	at org.apache.ratis.server.raftlog.segmented.SegmentedRaftLogWorker.run(SegmentedRaftLogWorker.java:289)
	at java.lang.Thread.run(Thread.java:748)
Caused by: java.util.concurrent.TimeoutException
	at java.util.concurrent.CompletableFuture.timedGet(CompletableFuture.java:1771)
	at java.util.concurrent.CompletableFuture.get(CompletableFuture.java:1915)
	at org.apache.ratis.util.IOUtils.getFromFuture(IOUtils.java:79)
	... 4 more
2019-09-12 04:00:14,430 [grpc-default-executor-3] INFO  client.GrpcClientProtocolClient (GrpcClientProtocolClient.java:onNext(264)) - client-7D4C8718A617->d16d800f-a890-4a7a-bda4-5bf97a65c0f2: receive RaftClientReply:client-7D4C8718A617->d16d800f-a890-4a7a-bda4-5bf97a65c0f2@group-7A1668DFAB34, cid=21, FAILED org.apache.ratis.protocol.NotLeaderException: Server d16d800f-a890-4a7a-bda4-5bf97a65c0f2@group-7A1668DFAB34 is not the leader e74ea0f8-bf41-4d93-a1fd-ac84c2b46512:192.168.34.8:33824, logIndex=0, commits[d16d800f-a890-4a7a-bda4-5bf97a65c0f2:c6, 41a8e196-af5b-4c71-b4d4-8d03270b35a0:c4, e74ea0f8-bf41-4d93-a1fd-ac84c2b46512:c6]
2019-09-12 04:00:14,793 [java.util.concurrent.ThreadPoolExecutor$Worker@7b7c3362[State = -1, empty queue]] WARN  server.GrpcLogAppender (GrpcLogAppender.java:timeoutAppendRequest(200)) - e74ea0f8-bf41-4d93-a1fd-ac84c2b46512@group-7A1668DFAB34->d16d800f-a890-4a7a-bda4-5bf97a65c0f2-GrpcLogAppender: appendEntries Timeout, request=e74ea0f8-bf41-4d93-a1fd-ac84c2b46512->d16d800f-a890-4a7a-bda4-5bf97a65c0f2#13-t1, previous=(t:1, i:9), leaderCommit=6, initializing? false, entries: <empty>
2019-09-12 04:00:14,793 [java.util.concurrent.ThreadPoolExecutor$Worker@16f1792d[State = -1, empty queue]] WARN  server.GrpcLogAppender (GrpcLogAppender.java:timeoutAppendRequest(200)) - e74ea0f8-bf41-4d93-a1fd-ac84c2b46512@group-7A1668DFAB34->41a8e196-af5b-4c71-b4d4-8d03270b35a0-GrpcLogAppender: appendEntries Timeout, request=e74ea0f8-bf41-4d93-a1fd-ac84c2b46512->41a8e196-af5b-4c71-b4d4-8d03270b35a0#13-t1, previous=(t:1, i:9), leaderCommit=6, initializing? false, entries: <empty>
2019-09-12 04:00:17,293 [java.util.concurrent.ThreadPoolExecutor$Worker@16f1792d[State = -1, empty queue]] WARN  server.GrpcLogAppender (GrpcLogAppender.java:timeoutAppendRequest(200)) - e74ea0f8-bf41-4d93-a1fd-ac84c2b46512@group-7A1668DFAB34->41a8e196-af5b-4c71-b4d4-8d03270b35a0-GrpcLogAppender: appendEntries Timeout, request=e74ea0f8-bf41-4d93-a1fd-ac84c2b46512->41a8e196-af5b-4c71-b4d4-8d03270b35a0#14-t1, previous=(t:1, i:9), leaderCommit=6, initializing? false, entries: <empty>
2019-09-12 04:00:17,293 [java.util.concurrent.ThreadPoolExecutor$Worker@7b7c3362[State = -1, empty queue]] WARN  server.GrpcLogAppender (GrpcLogAppender.java:timeoutAppendRequest(200)) - e74ea0f8-bf41-4d93-a1fd-ac84c2b46512@group-7A1668DFAB34->d16d800f-a890-4a7a-bda4-5bf97a65c0f2-GrpcLogAppender: appendEntries Timeout, request=e74ea0f8-bf41-4d93-a1fd-ac84c2b46512->d16d800f-a890-4a7a-bda4-5bf97a65c0f2#14-t1, previous=(t:1, i:9), leaderCommit=6, initializing? false, entries: <empty>
2019-09-12 04:00:19,498 [grpc-default-executor-2] INFO  client.GrpcClientProtocolClient (GrpcClientProtocolClient.java:onNext(264)) - client-7D4C8718A617->41a8e196-af5b-4c71-b4d4-8d03270b35a0: receive RaftClientReply:client-7D4C8718A617->41a8e196-af5b-4c71-b4d4-8d03270b35a0@group-7A1668DFAB34, cid=21, FAILED org.apache.ratis.protocol.NotLeaderException: Server 41a8e196-af5b-4c71-b4d4-8d03270b35a0@group-7A1668DFAB34 is not the leader e74ea0f8-bf41-4d93-a1fd-ac84c2b46512:192.168.34.8:33824, logIndex=0, commits[41a8e196-af5b-4c71-b4d4-8d03270b35a0:c6, e74ea0f8-bf41-4d93-a1fd-ac84c2b46512:c6, d16d800f-a890-4a7a-bda4-5bf97a65c0f2:c4]
2019-09-12 04:00:19,794 [java.util.concurrent.ThreadPoolExecutor$Worker@7b7c3362[State = -1, empty queue]] WARN  server.GrpcLogAppender (GrpcLogAppender.java:timeoutAppendRequest(200)) - e74ea0f8-bf41-4d93-a1fd-ac84c2b46512@group-7A1668DFAB34->d16d800f-a890-4a7a-bda4-5bf97a65c0f2-GrpcLogAppender: appendEntries Timeout, request=e74ea0f8-bf41-4d93-a1fd-ac84c2b46512->d16d800f-a890-4a7a-bda4-5bf97a65c0f2#15-t1, previous=(t:1, i:9), leaderCommit=6, initializing? false, entries: <empty>
2019-09-12 04:00:19,794 [java.util.concurrent.ThreadPoolExecutor$Worker@16f1792d[State = -1, empty queue]] WARN  server.GrpcLogAppender (GrpcLogAppender.java:timeoutAppendRequest(200)) - e74ea0f8-bf41-4d93-a1fd-ac84c2b46512@group-7A1668DFAB34->41a8e196-af5b-4c71-b4d4-8d03270b35a0-GrpcLogAppender: appendEntries Timeout, request=e74ea0f8-bf41-4d93-a1fd-ac84c2b46512->41a8e196-af5b-4c71-b4d4-8d03270b35a0#15-t1, previous=(t:1, i:9), leaderCommit=6, initializing? false, entries: <empty>
2019-09-12 04:00:22,295 [java.util.concurrent.ThreadPoolExecutor$Worker@7b7c3362[State = -1, empty queue]] WARN  server.GrpcLogAppender (GrpcLogAppender.java:timeoutAppendRequest(200)) - e74ea0f8-bf41-4d93-a1fd-ac84c2b46512@group-7A1668DFAB34->d16d800f-a890-4a7a-bda4-5bf97a65c0f2-GrpcLogAppender: appendEntries Timeout, request=e74ea0f8-bf41-4d93-a1fd-ac84c2b46512->d16d800f-a890-4a7a-bda4-5bf97a65c0f2#16-t1, previous=(t:1, i:9), leaderCommit=6, initializing? false, entries: <empty>
2019-09-12 04:00:22,295 [java.util.concurrent.ThreadPoolExecutor$Worker@16f1792d[State = -1, empty queue]] WARN  server.GrpcLogAppender (GrpcLogAppender.java:timeoutAppendRequest(200)) - e74ea0f8-bf41-4d93-a1fd-ac84c2b46512@group-7A1668DFAB34->41a8e196-af5b-4c71-b4d4-8d03270b35a0-GrpcLogAppender: appendEntries Timeout, request=e74ea0f8-bf41-4d93-a1fd-ac84c2b46512->41a8e196-af5b-4c71-b4d4-8d03270b35a0#16-t1, previous=(t:1, i:9), leaderCommit=6, initializing? false, entries: <empty>
2019-09-12 04:00:24,299 [41a8e196-af5b-4c71-b4d4-8d03270b35a0@group-7A1668DFAB34-SegmentedRaftLogWorker] WARN  segmented.SegmentedRaftLogWorker (SegmentedRaftLogWorker.java:getFromFuture(90)) - Timeout 1/~
org.apache.ratis.protocol.TimeoutIOException: Timeout 10s: WriteLog:7: (t:1, i:7), STATEMACHINELOGENTRY, client-7D4C8718A617, cid=21-writeStateMachineData
	at org.apache.ratis.util.IOUtils.getFromFuture(IOUtils.java:87)
	at org.apache.ratis.server.raftlog.segmented.SegmentedRaftLogWorker$StateMachineDataPolicy.getFromFuture(SegmentedRaftLogWorker.java:87)
	at org.apache.ratis.server.raftlog.segmented.SegmentedRaftLogWorker$WriteLog.execute(SegmentedRaftLogWorker.java:477)
	at org.apache.ratis.server.raftlog.segmented.SegmentedRaftLogWorker.run(SegmentedRaftLogWorker.java:289)
	at java.lang.Thread.run(Thread.java:748)
Caused by: java.util.concurrent.TimeoutException
	at java.util.concurrent.CompletableFuture.timedGet(CompletableFuture.java:1771)
	at java.util.concurrent.CompletableFuture.get(CompletableFuture.java:1915)
	at org.apache.ratis.util.IOUtils.getFromFuture(IOUtils.java:79)
	... 4 more
2019-09-12 04:00:24,409 [e74ea0f8-bf41-4d93-a1fd-ac84c2b46512@group-7A1668DFAB34-SegmentedRaftLogWorker] WARN  segmented.SegmentedRaftLogWorker (SegmentedRaftLogWorker.java:getFromFuture(90)) - Timeout 1/~
org.apache.ratis.protocol.TimeoutIOException: Timeout 10s: WriteLog:8: (t:1, i:8), STATEMACHINELOGENTRY, client-7D4C8718A617, cid=22-writeStateMachineData
	at org.apache.ratis.util.IOUtils.getFromFuture(IOUtils.java:87)
	at org.apache.ratis.server.raftlog.segmented.SegmentedRaftLogWorker$StateMachineDataPolicy.getFromFuture(SegmentedRaftLogWorker.java:87)
	at org.apache.ratis.server.raftlog.segmented.SegmentedRaftLogWorker$WriteLog.execute(SegmentedRaftLogWorker.java:477)
	at org.apache.ratis.server.raftlog.segmented.SegmentedRaftLogWorker.run(SegmentedRaftLogWorker.java:289)
	at java.lang.Thread.run(Thread.java:748)
Caused by: java.util.concurrent.TimeoutException
	at java.util.concurrent.CompletableFuture.timedGet(CompletableFuture.java:1771)
	at java.util.concurrent.CompletableFuture.get(CompletableFuture.java:1915)
	at org.apache.ratis.util.IOUtils.getFromFuture(IOUtils.java:79)
	... 4 more
2019-09-12 04:00:24,410 [d16d800f-a890-4a7a-bda4-5bf97a65c0f2@group-7A1668DFAB34-SegmentedRaftLogWorker] WARN  segmented.SegmentedRaftLogWorker (SegmentedRaftLogWorker.java:getFromFuture(90)) - Timeout 1/~
org.apache.ratis.protocol.TimeoutIOException: Timeout 10s: WriteLog:8: (t:1, i:8), STATEMACHINELOGENTRY, client-7D4C8718A617, cid=22-writeStateMachineData
	at org.apache.ratis.util.IOUtils.getFromFuture(IOUtils.java:87)
	at org.apache.ratis.server.raftlog.segmented.SegmentedRaftLogWorker$StateMachineDataPolicy.getFromFuture(SegmentedRaftLogWorker.java:87)
	at org.apache.ratis.server.raftlog.segmented.SegmentedRaftLogWorker$WriteLog.execute(SegmentedRaftLogWorker.java:477)
	at org.apache.ratis.server.raftlog.segmented.SegmentedRaftLogWorker.run(SegmentedRaftLogWorker.java:289)
	at java.lang.Thread.run(Thread.java:748)
Caused by: java.util.concurrent.TimeoutException
	at java.util.concurrent.CompletableFuture.timedGet(CompletableFuture.java:1771)
	at java.util.concurrent.CompletableFuture.get(CompletableFuture.java:1915)
	at org.apache.ratis.util.IOUtils.getFromFuture(IOUtils.java:79)
	... 4 more
2019-09-12 04:00:24,587 [grpc-default-executor-2] INFO  client.GrpcClientProtocolClient (GrpcClientProtocolClient.java:onNext(264)) - client-7D4C8718A617->d16d800f-a890-4a7a-bda4-5bf97a65c0f2: receive RaftClientReply:client-7D4C8718A617->d16d800f-a890-4a7a-bda4-5bf97a65c0f2@group-7A1668DFAB34, cid=21, FAILED org.apache.ratis.protocol.NotLeaderException: Server d16d800f-a890-4a7a-bda4-5bf97a65c0f2@group-7A1668DFAB34 is not the leader e74ea0f8-bf41-4d93-a1fd-ac84c2b46512:192.168.34.8:33824, logIndex=0, commits[d16d800f-a890-4a7a-bda4-5bf97a65c0f2:c6, 41a8e196-af5b-4c71-b4d4-8d03270b35a0:c4, e74ea0f8-bf41-4d93-a1fd-ac84c2b46512:c6]
2019-09-12 04:00:24,795 [java.util.concurrent.ThreadPoolExecutor$Worker@7b7c3362[State = -1, empty queue]] WARN  server.GrpcLogAppender (GrpcLogAppender.java:timeoutAppendRequest(200)) - e74ea0f8-bf41-4d93-a1fd-ac84c2b46512@group-7A1668DFAB34->d16d800f-a890-4a7a-bda4-5bf97a65c0f2-GrpcLogAppender: appendEntries Timeout, request=e74ea0f8-bf41-4d93-a1fd-ac84c2b46512->d16d800f-a890-4a7a-bda4-5bf97a65c0f2#17-t1, previous=(t:1, i:9), leaderCommit=6, initializing? false, entries: <empty>
2019-09-12 04:00:24,795 [java.util.concurrent.ThreadPoolExecutor$Worker@16f1792d[State = -1, empty queue]] WARN  server.GrpcLogAppender (GrpcLogAppender.java:timeoutAppendRequest(200)) - e74ea0f8-bf41-4d93-a1fd-ac84c2b46512@group-7A1668DFAB34->41a8e196-af5b-4c71-b4d4-8d03270b35a0-GrpcLogAppender: appendEntries Timeout, request=e74ea0f8-bf41-4d93-a1fd-ac84c2b46512->41a8e196-af5b-4c71-b4d4-8d03270b35a0#17-t1, previous=(t:1, i:9), leaderCommit=6, initializing? false, entries: <empty>
2019-09-12 04:00:27,296 [java.util.concurrent.ThreadPoolExecutor$Worker@7b7c3362[State = -1, empty queue]] WARN  server.GrpcLogAppender (GrpcLogAppender.java:timeoutAppendRequest(200)) - e74ea0f8-bf41-4d93-a1fd-ac84c2b46512@group-7A1668DFAB34->d16d800f-a890-4a7a-bda4-5bf97a65c0f2-GrpcLogAppender: appendEntries Timeout, request=e74ea0f8-bf41-4d93-a1fd-ac84c2b46512->d16d800f-a890-4a7a-bda4-5bf97a65c0f2#18-t1, previous=(t:1, i:9), leaderCommit=6, initializing? false, entries: <empty>
2019-09-12 04:00:27,296 [java.util.concurrent.ThreadPoolExecutor$Worker@16f1792d[State = -1, empty queue]] WARN  server.GrpcLogAppender (GrpcLogAppender.java:timeoutAppendRequest(200)) - e74ea0f8-bf41-4d93-a1fd-ac84c2b46512@group-7A1668DFAB34->41a8e196-af5b-4c71-b4d4-8d03270b35a0-GrpcLogAppender: appendEntries Timeout, request=e74ea0f8-bf41-4d93-a1fd-ac84c2b46512->41a8e196-af5b-4c71-b4d4-8d03270b35a0#18-t1, previous=(t:1, i:9), leaderCommit=6, initializing? false, entries: <empty>
2019-09-12 04:00:29,648 [grpc-default-executor-2] INFO  client.GrpcClientProtocolClient (GrpcClientProtocolClient.java:onNext(264)) - client-7D4C8718A617->41a8e196-af5b-4c71-b4d4-8d03270b35a0: receive RaftClientReply:client-7D4C8718A617->41a8e196-af5b-4c71-b4d4-8d03270b35a0@group-7A1668DFAB34, cid=21, FAILED org.apache.ratis.protocol.NotLeaderException: Server 41a8e196-af5b-4c71-b4d4-8d03270b35a0@group-7A1668DFAB34 is not the leader e74ea0f8-bf41-4d93-a1fd-ac84c2b46512:192.168.34.8:33824, logIndex=0, commits[41a8e196-af5b-4c71-b4d4-8d03270b35a0:c6, e74ea0f8-bf41-4d93-a1fd-ac84c2b46512:c6, d16d800f-a890-4a7a-bda4-5bf97a65c0f2:c4]
2019-09-12 04:00:29,796 [java.util.concurrent.ThreadPoolExecutor$Worker@7b7c3362[State = -1, empty queue]] WARN  server.GrpcLogAppender (GrpcLogAppender.java:timeoutAppendRequest(200)) - e74ea0f8-bf41-4d93-a1fd-ac84c2b46512@group-7A1668DFAB34->d16d800f-a890-4a7a-bda4-5bf97a65c0f2-GrpcLogAppender: appendEntries Timeout, request=e74ea0f8-bf41-4d93-a1fd-ac84c2b46512->d16d800f-a890-4a7a-bda4-5bf97a65c0f2#19-t1, previous=(t:1, i:9), leaderCommit=6, initializing? false, entries: <empty>
2019-09-12 04:00:29,796 [java.util.concurrent.ThreadPoolExecutor$Worker@16f1792d[State = -1, empty queue]] WARN  server.GrpcLogAppender (GrpcLogAppender.java:timeoutAppendRequest(200)) - e74ea0f8-bf41-4d93-a1fd-ac84c2b46512@group-7A1668DFAB34->41a8e196-af5b-4c71-b4d4-8d03270b35a0-GrpcLogAppender: appendEntries Timeout, request=e74ea0f8-bf41-4d93-a1fd-ac84c2b46512->41a8e196-af5b-4c71-b4d4-8d03270b35a0#19-t1, previous=(t:1, i:9), leaderCommit=6, initializing? false, entries: <empty>
2019-09-12 04:00:32,297 [java.util.concurrent.ThreadPoolExecutor$Worker@7b7c3362[State = -1, empty queue]] WARN  server.GrpcLogAppender (GrpcLogAppender.java:timeoutAppendRequest(200)) - e74ea0f8-bf41-4d93-a1fd-ac84c2b46512@group-7A1668DFAB34->d16d800f-a890-4a7a-bda4-5bf97a65c0f2-GrpcLogAppender: appendEntries Timeout, request=e74ea0f8-bf41-4d93-a1fd-ac84c2b46512->d16d800f-a890-4a7a-bda4-5bf97a65c0f2#20-t1, previous=(t:1, i:9), leaderCommit=6, initializing? false, entries: <empty>
2019-09-12 04:00:32,297 [java.util.concurrent.ThreadPoolExecutor$Worker@16f1792d[State = -1, empty queue]] WARN  server.GrpcLogAppender (GrpcLogAppender.java:timeoutAppendRequest(200)) - e74ea0f8-bf41-4d93-a1fd-ac84c2b46512@group-7A1668DFAB34->41a8e196-af5b-4c71-b4d4-8d03270b35a0-GrpcLogAppender: appendEntries Timeout, request=e74ea0f8-bf41-4d93-a1fd-ac84c2b46512->41a8e196-af5b-4c71-b4d4-8d03270b35a0#20-t1, previous=(t:1, i:9), leaderCommit=6, initializing? false, entries: <empty>
2019-09-12 04:00:34,301 [41a8e196-af5b-4c71-b4d4-8d03270b35a0@group-7A1668DFAB34-SegmentedRaftLogWorker] WARN  segmented.SegmentedRaftLogWorker (SegmentedRaftLogWorker.java:getFromFuture(90)) - Timeout 2/~
org.apache.ratis.protocol.TimeoutIOException: Timeout 10s: WriteLog:7: (t:1, i:7), STATEMACHINELOGENTRY, client-7D4C8718A617, cid=21-writeStateMachineData
	at org.apache.ratis.util.IOUtils.getFromFuture(IOUtils.java:87)
	at org.apache.ratis.server.raftlog.segmented.SegmentedRaftLogWorker$StateMachineDataPolicy.getFromFuture(SegmentedRaftLogWorker.java:87)
	at org.apache.ratis.server.raftlog.segmented.SegmentedRaftLogWorker$WriteLog.execute(SegmentedRaftLogWorker.java:477)
	at org.apache.ratis.server.raftlog.segmented.SegmentedRaftLogWorker.run(SegmentedRaftLogWorker.java:289)
	at java.lang.Thread.run(Thread.java:748)
Caused by: java.util.concurrent.TimeoutException
	at java.util.concurrent.CompletableFuture.timedGet(CompletableFuture.java:1771)
	at java.util.concurrent.CompletableFuture.get(CompletableFuture.java:1915)
	at org.apache.ratis.util.IOUtils.getFromFuture(IOUtils.java:79)
	... 4 more
2019-09-12 04:00:34,410 [e74ea0f8-bf41-4d93-a1fd-ac84c2b46512@group-7A1668DFAB34-SegmentedRaftLogWorker] WARN  segmented.SegmentedRaftLogWorker (SegmentedRaftLogWorker.java:getFromFuture(90)) - Timeout 2/~
org.apache.ratis.protocol.TimeoutIOException: Timeout 10s: WriteLog:8: (t:1, i:8), STATEMACHINELOGENTRY, client-7D4C8718A617, cid=22-writeStateMachineData
	at org.apache.ratis.util.IOUtils.getFromFuture(IOUtils.java:87)
	at org.apache.ratis.server.raftlog.segmented.SegmentedRaftLogWorker$StateMachineDataPolicy.getFromFuture(SegmentedRaftLogWorker.java:87)
	at org.apache.ratis.server.raftlog.segmented.SegmentedRaftLogWorker$WriteLog.execute(SegmentedRaftLogWorker.java:477)
	at org.apache.ratis.server.raftlog.segmented.SegmentedRaftLogWorker.run(SegmentedRaftLogWorker.java:289)
	at java.lang.Thread.run(Thread.java:748)
Caused by: java.util.concurrent.TimeoutException
	at java.util.concurrent.CompletableFuture.timedGet(CompletableFuture.java:1771)
	at java.util.concurrent.CompletableFuture.get(CompletableFuture.java:1915)
	at org.apache.ratis.util.IOUtils.getFromFuture(IOUtils.java:79)
	... 4 more
2019-09-12 04:00:34,411 [d16d800f-a890-4a7a-bda4-5bf97a65c0f2@group-7A1668DFAB34-SegmentedRaftLogWorker] WARN  segmented.SegmentedRaftLogWorker (SegmentedRaftLogWorker.java:getFromFuture(90)) - Timeout 2/~
org.apache.ratis.protocol.TimeoutIOException: Timeout 10s: WriteLog:8: (t:1, i:8), STATEMACHINELOGENTRY, client-7D4C8718A617, cid=22-writeStateMachineData
	at org.apache.ratis.util.IOUtils.getFromFuture(IOUtils.java:87)
	at org.apache.ratis.server.raftlog.segmented.SegmentedRaftLogWorker$StateMachineDataPolicy.getFromFuture(SegmentedRaftLogWorker.java:87)
	at org.apache.ratis.server.raftlog.segmented.SegmentedRaftLogWorker$WriteLog.execute(SegmentedRaftLogWorker.java:477)
	at org.apache.ratis.server.raftlog.segmented.SegmentedRaftLogWorker.run(SegmentedRaftLogWorker.java:289)
	at java.lang.Thread.run(Thread.java:748)
Caused by: java.util.concurrent.TimeoutException
	at java.util.concurrent.CompletableFuture.timedGet(CompletableFuture.java:1771)
	at java.util.concurrent.CompletableFuture.get(CompletableFuture.java:1915)
	at org.apache.ratis.util.IOUtils.getFromFuture(IOUtils.java:79)
	... 4 more
2019-09-12 04:00:34,725 [grpc-default-executor-2] INFO  client.GrpcClientProtocolClient (GrpcClientProtocolClient.java:onNext(264)) - client-7D4C8718A617->41a8e196-af5b-4c71-b4d4-8d03270b35a0: receive RaftClientReply:client-7D4C8718A617->41a8e196-af5b-4c71-b4d4-8d03270b35a0@group-7A1668DFAB34, cid=21, FAILED org.apache.ratis.protocol.NotLeaderException: Server 41a8e196-af5b-4c71-b4d4-8d03270b35a0@group-7A1668DFAB34 is not the leader e74ea0f8-bf41-4d93-a1fd-ac84c2b46512:192.168.34.8:33824, logIndex=0, commits[41a8e196-af5b-4c71-b4d4-8d03270b35a0:c6, e74ea0f8-bf41-4d93-a1fd-ac84c2b46512:c6, d16d800f-a890-4a7a-bda4-5bf97a65c0f2:c4]
2019-09-12 04:00:34,798 [java.util.concurrent.ThreadPoolExecutor$Worker@16f1792d[State = -1, empty queue]] WARN  server.GrpcLogAppender (GrpcLogAppender.java:timeoutAppendRequest(200)) - e74ea0f8-bf41-4d93-a1fd-ac84c2b46512@group-7A1668DFAB34->41a8e196-af5b-4c71-b4d4-8d03270b35a0-GrpcLogAppender: appendEntries Timeout, request=e74ea0f8-bf41-4d93-a1fd-ac84c2b46512->41a8e196-af5b-4c71-b4d4-8d03270b35a0#21-t1, previous=(t:1, i:9), leaderCommit=6, initializing? false, entries: <empty>
2019-09-12 04:00:34,798 [java.util.concurrent.ThreadPoolExecutor$Worker@7b7c3362[State = -1, empty queue]] WARN  server.GrpcLogAppender (GrpcLogAppender.java:timeoutAppendRequest(200)) - e74ea0f8-bf41-4d93-a1fd-ac84c2b46512@group-7A1668DFAB34->d16d800f-a890-4a7a-bda4-5bf97a65c0f2-GrpcLogAppender: appendEntries Timeout, request=e74ea0f8-bf41-4d93-a1fd-ac84c2b46512->d16d800f-a890-4a7a-bda4-5bf97a65c0f2#21-t1, previous=(t:1, i:9), leaderCommit=6, initializing? false, entries: <empty>
2019-09-12 04:00:37,298 [java.util.concurrent.ThreadPoolExecutor$Worker@7b7c3362[State = -1, empty queue]] WARN  server.GrpcLogAppender (GrpcLogAppender.java:timeoutAppendRequest(200)) - e74ea0f8-bf41-4d93-a1fd-ac84c2b46512@group-7A1668DFAB34->d16d800f-a890-4a7a-bda4-5bf97a65c0f2-GrpcLogAppender: appendEntries Timeout, request=e74ea0f8-bf41-4d93-a1fd-ac84c2b46512->d16d800f-a890-4a7a-bda4-5bf97a65c0f2#22-t1, previous=(t:1, i:9), leaderCommit=6, initializing? false, entries: <empty>
2019-09-12 04:00:37,298 [java.util.concurrent.ThreadPoolExecutor$Worker@16f1792d[State = -1, empty queue]] WARN  server.GrpcLogAppender (GrpcLogAppender.java:timeoutAppendRequest(200)) - e74ea0f8-bf41-4d93-a1fd-ac84c2b46512@group-7A1668DFAB34->41a8e196-af5b-4c71-b4d4-8d03270b35a0-GrpcLogAppender: appendEntries Timeout, request=e74ea0f8-bf41-4d93-a1fd-ac84c2b46512->41a8e196-af5b-4c71-b4d4-8d03270b35a0#22-t1, previous=(t:1, i:9), leaderCommit=6, initializing? false, entries: <empty>
2019-09-12 04:00:39,799 [java.util.concurrent.ThreadPoolExecutor$Worker@7b7c3362[State = -1, empty queue]] WARN  server.GrpcLogAppender (GrpcLogAppender.java:timeoutAppendRequest(200)) - e74ea0f8-bf41-4d93-a1fd-ac84c2b46512@group-7A1668DFAB34->d16d800f-a890-4a7a-bda4-5bf97a65c0f2-GrpcLogAppender: appendEntries Timeout, request=e74ea0f8-bf41-4d93-a1fd-ac84c2b46512->d16d800f-a890-4a7a-bda4-5bf97a65c0f2#23-t1, previous=(t:1, i:9), leaderCommit=6, initializing? false, entries: <empty>
2019-09-12 04:00:39,799 [java.util.concurrent.ThreadPoolExecutor$Worker@16f1792d[State = -1, empty queue]] WARN  server.GrpcLogAppender (GrpcLogAppender.java:timeoutAppendRequest(200)) - e74ea0f8-bf41-4d93-a1fd-ac84c2b46512@group-7A1668DFAB34->41a8e196-af5b-4c71-b4d4-8d03270b35a0-GrpcLogAppender: appendEntries Timeout, request=e74ea0f8-bf41-4d93-a1fd-ac84c2b46512->41a8e196-af5b-4c71-b4d4-8d03270b35a0#23-t1, previous=(t:1, i:9), leaderCommit=6, initializing? false, entries: <empty>
2019-09-12 04:00:39,803 [grpc-default-executor-2] INFO  client.GrpcClientProtocolClient (GrpcClientProtocolClient.java:onNext(264)) - client-7D4C8718A617->d16d800f-a890-4a7a-bda4-5bf97a65c0f2: receive RaftClientReply:client-7D4C8718A617->d16d800f-a890-4a7a-bda4-5bf97a65c0f2@group-7A1668DFAB34, cid=21, FAILED org.apache.ratis.protocol.NotLeaderException: Server d16d800f-a890-4a7a-bda4-5bf97a65c0f2@group-7A1668DFAB34 is not the leader e74ea0f8-bf41-4d93-a1fd-ac84c2b46512:192.168.34.8:33824, logIndex=0, commits[d16d800f-a890-4a7a-bda4-5bf97a65c0f2:c6, 41a8e196-af5b-4c71-b4d4-8d03270b35a0:c4, e74ea0f8-bf41-4d93-a1fd-ac84c2b46512:c6]
2019-09-12 04:00:42,300 [java.util.concurrent.ThreadPoolExecutor$Worker@16f1792d[State = -1, empty queue]] WARN  server.GrpcLogAppender (GrpcLogAppender.java:timeoutAppendRequest(200)) - e74ea0f8-bf41-4d93-a1fd-ac84c2b46512@group-7A1668DFAB34->41a8e196-af5b-4c71-b4d4-8d03270b35a0-GrpcLogAppender: appendEntries Timeout, request=e74ea0f8-bf41-4d93-a1fd-ac84c2b46512->41a8e196-af5b-4c71-b4d4-8d03270b35a0#24-t1, previous=(t:1, i:9), leaderCommit=6, initializing? false, entries: <empty>
2019-09-12 04:00:42,300 [java.util.concurrent.ThreadPoolExecutor$Worker@7b7c3362[State = -1, empty queue]] WARN  server.GrpcLogAppender (GrpcLogAppender.java:timeoutAppendRequest(200)) - e74ea0f8-bf41-4d93-a1fd-ac84c2b46512@group-7A1668DFAB34->d16d800f-a890-4a7a-bda4-5bf97a65c0f2-GrpcLogAppender: appendEntries Timeout, request=e74ea0f8-bf41-4d93-a1fd-ac84c2b46512->d16d800f-a890-4a7a-bda4-5bf97a65c0f2#24-t1, previous=(t:1, i:9), leaderCommit=6, initializing? false, entries: <empty>
2019-09-12 04:00:44,303 [41a8e196-af5b-4c71-b4d4-8d03270b35a0@group-7A1668DFAB34-SegmentedRaftLogWorker] WARN  segmented.SegmentedRaftLogWorker (SegmentedRaftLogWorker.java:getFromFuture(90)) - Timeout 3/~
org.apache.ratis.protocol.TimeoutIOException: Timeout 10s: WriteLog:7: (t:1, i:7), STATEMACHINELOGENTRY, client-7D4C8718A617, cid=21-writeStateMachineData
	at org.apache.ratis.util.IOUtils.getFromFuture(IOUtils.java:87)
	at org.apache.ratis.server.raftlog.segmented.SegmentedRaftLogWorker$StateMachineDataPolicy.getFromFuture(SegmentedRaftLogWorker.java:87)
	at org.apache.ratis.server.raftlog.segmented.SegmentedRaftLogWorker$WriteLog.execute(SegmentedRaftLogWorker.java:477)
	at org.apache.ratis.server.raftlog.segmented.SegmentedRaftLogWorker.run(SegmentedRaftLogWorker.java:289)
	at java.lang.Thread.run(Thread.java:748)
Caused by: java.util.concurrent.TimeoutException
	at java.util.concurrent.CompletableFuture.timedGet(CompletableFuture.java:1771)
	at java.util.concurrent.CompletableFuture.get(CompletableFuture.java:1915)
	at org.apache.ratis.util.IOUtils.getFromFuture(IOUtils.java:79)
	... 4 more
2019-09-12 04:00:44,411 [e74ea0f8-bf41-4d93-a1fd-ac84c2b46512@group-7A1668DFAB34-SegmentedRaftLogWorker] WARN  segmented.SegmentedRaftLogWorker (SegmentedRaftLogWorker.java:getFromFuture(90)) - Timeout 3/~
org.apache.ratis.protocol.TimeoutIOException: Timeout 10s: WriteLog:8: (t:1, i:8), STATEMACHINELOGENTRY, client-7D4C8718A617, cid=22-writeStateMachineData
	at org.apache.ratis.util.IOUtils.getFromFuture(IOUtils.java:87)
	at org.apache.ratis.server.raftlog.segmented.SegmentedRaftLogWorker$StateMachineDataPolicy.getFromFuture(SegmentedRaftLogWorker.java:87)
	at org.apache.ratis.server.raftlog.segmented.SegmentedRaftLogWorker$WriteLog.execute(SegmentedRaftLogWorker.java:477)
	at org.apache.ratis.server.raftlog.segmented.SegmentedRaftLogWorker.run(SegmentedRaftLogWorker.java:289)
	at java.lang.Thread.run(Thread.java:748)
Caused by: java.util.concurrent.TimeoutException
	at java.util.concurrent.CompletableFuture.timedGet(CompletableFuture.java:1771)
	at java.util.concurrent.CompletableFuture.get(CompletableFuture.java:1915)
	at org.apache.ratis.util.IOUtils.getFromFuture(IOUtils.java:79)
	... 4 more
2019-09-12 04:00:44,411 [d16d800f-a890-4a7a-bda4-5bf97a65c0f2@group-7A1668DFAB34-SegmentedRaftLogWorker] WARN  segmented.SegmentedRaftLogWorker (SegmentedRaftLogWorker.java:getFromFuture(90)) - Timeout 3/~
org.apache.ratis.protocol.TimeoutIOException: Timeout 10s: WriteLog:8: (t:1, i:8), STATEMACHINELOGENTRY, client-7D4C8718A617, cid=22-writeStateMachineData
	at org.apache.ratis.util.IOUtils.getFromFuture(IOUtils.java:87)
	at org.apache.ratis.server.raftlog.segmented.SegmentedRaftLogWorker$StateMachineDataPolicy.getFromFuture(SegmentedRaftLogWorker.java:87)
	at org.apache.ratis.server.raftlog.segmented.SegmentedRaftLogWorker$WriteLog.execute(SegmentedRaftLogWorker.java:477)
	at org.apache.ratis.server.raftlog.segmented.SegmentedRaftLogWorker.run(SegmentedRaftLogWorker.java:289)
	at java.lang.Thread.run(Thread.java:748)
Caused by: java.util.concurrent.TimeoutException
	at java.util.concurrent.CompletableFuture.timedGet(CompletableFuture.java:1771)
	at java.util.concurrent.CompletableFuture.get(CompletableFuture.java:1915)
	at org.apache.ratis.util.IOUtils.getFromFuture(IOUtils.java:79)
	... 4 more
2019-09-12 04:00:44,800 [java.util.concurrent.ThreadPoolExecutor$Worker@7b7c3362[State = -1, empty queue]] WARN  server.GrpcLogAppender (GrpcLogAppender.java:timeoutAppendRequest(200)) - e74ea0f8-bf41-4d93-a1fd-ac84c2b46512@group-7A1668DFAB34->d16d800f-a890-4a7a-bda4-5bf97a65c0f2-GrpcLogAppender: appendEntries Timeout, request=e74ea0f8-bf41-4d93-a1fd-ac84c2b46512->d16d800f-a890-4a7a-bda4-5bf97a65c0f2#25-t1, previous=(t:1, i:9), leaderCommit=6, initializing? false, entries: <empty>
2019-09-12 04:00:44,800 [java.util.concurrent.ThreadPoolExecutor$Worker@16f1792d[State = -1, empty queue]] WARN  server.GrpcLogAppender (GrpcLogAppender.java:timeoutAppendRequest(200)) - e74ea0f8-bf41-4d93-a1fd-ac84c2b46512@group-7A1668DFAB34->41a8e196-af5b-4c71-b4d4-8d03270b35a0-GrpcLogAppender: appendEntries Timeout, request=e74ea0f8-bf41-4d93-a1fd-ac84c2b46512->41a8e196-af5b-4c71-b4d4-8d03270b35a0#25-t1, previous=(t:1, i:9), leaderCommit=6, initializing? false, entries: <empty>
2019-09-12 04:00:44,860 [grpc-default-executor-3] INFO  client.GrpcClientProtocolClient (GrpcClientProtocolClient.java:onNext(264)) - client-7D4C8718A617->d16d800f-a890-4a7a-bda4-5bf97a65c0f2: receive RaftClientReply:client-7D4C8718A617->d16d800f-a890-4a7a-bda4-5bf97a65c0f2@group-7A1668DFAB34, cid=21, FAILED org.apache.ratis.protocol.NotLeaderException: Server d16d800f-a890-4a7a-bda4-5bf97a65c0f2@group-7A1668DFAB34 is not the leader e74ea0f8-bf41-4d93-a1fd-ac84c2b46512:192.168.34.8:33824, logIndex=0, commits[d16d800f-a890-4a7a-bda4-5bf97a65c0f2:c6, 41a8e196-af5b-4c71-b4d4-8d03270b35a0:c4, e74ea0f8-bf41-4d93-a1fd-ac84c2b46512:c6]
2019-09-12 04:00:47,301 [java.util.concurrent.ThreadPoolExecutor$Worker@7b7c3362[State = -1, empty queue]] WARN  server.GrpcLogAppender (GrpcLogAppender.java:timeoutAppendRequest(200)) - e74ea0f8-bf41-4d93-a1fd-ac84c2b46512@group-7A1668DFAB34->d16d800f-a890-4a7a-bda4-5bf97a65c0f2-GrpcLogAppender: appendEntries Timeout, request=e74ea0f8-bf41-4d93-a1fd-ac84c2b46512->d16d800f-a890-4a7a-bda4-5bf97a65c0f2#26-t1, previous=(t:1, i:9), leaderCommit=6, initializing? false, entries: <empty>
2019-09-12 04:00:47,301 [java.util.concurrent.ThreadPoolExecutor$Worker@16f1792d[State = -1, empty queue]] WARN  server.GrpcLogAppender (GrpcLogAppender.java:timeoutAppendRequest(200)) - e74ea0f8-bf41-4d93-a1fd-ac84c2b46512@group-7A1668DFAB34->41a8e196-af5b-4c71-b4d4-8d03270b35a0-GrpcLogAppender: appendEntries Timeout, request=e74ea0f8-bf41-4d93-a1fd-ac84c2b46512->41a8e196-af5b-4c71-b4d4-8d03270b35a0#26-t1, previous=(t:1, i:9), leaderCommit=6, initializing? false, entries: <empty>
2019-09-12 04:00:49,801 [java.util.concurrent.ThreadPoolExecutor$Worker@16f1792d[State = -1, empty queue]] WARN  server.GrpcLogAppender (GrpcLogAppender.java:timeoutAppendRequest(200)) - e74ea0f8-bf41-4d93-a1fd-ac84c2b46512@group-7A1668DFAB34->41a8e196-af5b-4c71-b4d4-8d03270b35a0-GrpcLogAppender: appendEntries Timeout, request=e74ea0f8-bf41-4d93-a1fd-ac84c2b46512->41a8e196-af5b-4c71-b4d4-8d03270b35a0#27-t1, previous=(t:1, i:9), leaderCommit=6, initializing? false, entries: <empty>
2019-09-12 04:00:49,801 [java.util.concurrent.ThreadPoolExecutor$Worker@7b7c3362[State = -1, empty queue]] WARN  server.GrpcLogAppender (GrpcLogAppender.java:timeoutAppendRequest(200)) - e74ea0f8-bf41-4d93-a1fd-ac84c2b46512@group-7A1668DFAB34->d16d800f-a890-4a7a-bda4-5bf97a65c0f2-GrpcLogAppender: appendEntries Timeout, request=e74ea0f8-bf41-4d93-a1fd-ac84c2b46512->d16d800f-a890-4a7a-bda4-5bf97a65c0f2#27-t1, previous=(t:1, i:9), leaderCommit=6, initializing? false, entries: <empty>
2019-09-12 04:00:49,909 [grpc-default-executor-2] INFO  client.GrpcClientProtocolClient (GrpcClientProtocolClient.java:onNext(264)) - client-7D4C8718A617->d16d800f-a890-4a7a-bda4-5bf97a65c0f2: receive RaftClientReply:client-7D4C8718A617->d16d800f-a890-4a7a-bda4-5bf97a65c0f2@group-7A1668DFAB34, cid=21, FAILED org.apache.ratis.protocol.NotLeaderException: Server d16d800f-a890-4a7a-bda4-5bf97a65c0f2@group-7A1668DFAB34 is not the leader e74ea0f8-bf41-4d93-a1fd-ac84c2b46512:192.168.34.8:33824, logIndex=0, commits[d16d800f-a890-4a7a-bda4-5bf97a65c0f2:c6, 41a8e196-af5b-4c71-b4d4-8d03270b35a0:c4, e74ea0f8-bf41-4d93-a1fd-ac84c2b46512:c6]
2019-09-12 04:00:52,302 [java.util.concurrent.ThreadPoolExecutor$Worker@16f1792d[State = -1, empty queue]] WARN  server.GrpcLogAppender (GrpcLogAppender.java:timeoutAppendRequest(200)) - e74ea0f8-bf41-4d93-a1fd-ac84c2b46512@group-7A1668DFAB34->41a8e196-af5b-4c71-b4d4-8d03270b35a0-GrpcLogAppender: appendEntries Timeout, request=e74ea0f8-bf41-4d93-a1fd-ac84c2b46512->41a8e196-af5b-4c71-b4d4-8d03270b35a0#28-t1, previous=(t:1, i:9), leaderCommit=6, initializing? false, entries: <empty>
2019-09-12 04:00:52,302 [java.util.concurrent.ThreadPoolExecutor$Worker@7b7c3362[State = -1, empty queue]] WARN  server.GrpcLogAppender (GrpcLogAppender.java:timeoutAppendRequest(200)) - e74ea0f8-bf41-4d93-a1fd-ac84c2b46512@group-7A1668DFAB34->d16d800f-a890-4a7a-bda4-5bf97a65c0f2-GrpcLogAppender: appendEntries Timeout, request=e74ea0f8-bf41-4d93-a1fd-ac84c2b46512->d16d800f-a890-4a7a-bda4-5bf97a65c0f2#28-t1, previous=(t:1, i:9), leaderCommit=6, initializing? false, entries: <empty>
2019-09-12 04:00:54,305 [41a8e196-af5b-4c71-b4d4-8d03270b35a0@group-7A1668DFAB34-SegmentedRaftLogWorker] WARN  segmented.SegmentedRaftLogWorker (SegmentedRaftLogWorker.java:getFromFuture(90)) - Timeout 4/~
org.apache.ratis.protocol.TimeoutIOException: Timeout 10s: WriteLog:7: (t:1, i:7), STATEMACHINELOGENTRY, client-7D4C8718A617, cid=21-writeStateMachineData
	at org.apache.ratis.util.IOUtils.getFromFuture(IOUtils.java:87)
	at org.apache.ratis.server.raftlog.segmented.SegmentedRaftLogWorker$StateMachineDataPolicy.getFromFuture(SegmentedRaftLogWorker.java:87)
	at org.apache.ratis.server.raftlog.segmented.SegmentedRaftLogWorker$WriteLog.execute(SegmentedRaftLogWorker.java:477)
	at org.apache.ratis.server.raftlog.segmented.SegmentedRaftLogWorker.run(SegmentedRaftLogWorker.java:289)
	at java.lang.Thread.run(Thread.java:748)
Caused by: java.util.concurrent.TimeoutException
	at java.util.concurrent.CompletableFuture.timedGet(CompletableFuture.java:1771)
	at java.util.concurrent.CompletableFuture.get(CompletableFuture.java:1915)
	at org.apache.ratis.util.IOUtils.getFromFuture(IOUtils.java:79)
	... 4 more
2019-09-12 04:00:54,412 [e74ea0f8-bf41-4d93-a1fd-ac84c2b46512@group-7A1668DFAB34-SegmentedRaftLogWorker] WARN  segmented.SegmentedRaftLogWorker (SegmentedRaftLogWorker.java:getFromFuture(90)) - Timeout 4/~
org.apache.ratis.protocol.TimeoutIOException: Timeout 10s: WriteLog:8: (t:1, i:8), STATEMACHINELOGENTRY, client-7D4C8718A617, cid=22-writeStateMachineData
	at org.apache.ratis.util.IOUtils.getFromFuture(IOUtils.java:87)
	at org.apache.ratis.server.raftlog.segmented.SegmentedRaftLogWorker$StateMachineDataPolicy.getFromFuture(SegmentedRaftLogWorker.java:87)
	at org.apache.ratis.server.raftlog.segmented.SegmentedRaftLogWorker$WriteLog.execute(SegmentedRaftLogWorker.java:477)
	at org.apache.ratis.server.raftlog.segmented.SegmentedRaftLogWorker.run(SegmentedRaftLogWorker.java:289)
	at java.lang.Thread.run(Thread.java:748)
Caused by: java.util.concurrent.TimeoutException
	at java.util.concurrent.CompletableFuture.timedGet(CompletableFuture.java:1771)
	at java.util.concurrent.CompletableFuture.get(CompletableFuture.java:1915)
	at org.apache.ratis.util.IOUtils.getFromFuture(IOUtils.java:79)
	... 4 more
2019-09-12 04:00:54,413 [d16d800f-a890-4a7a-bda4-5bf97a65c0f2@group-7A1668DFAB34-SegmentedRaftLogWorker] WARN  segmented.SegmentedRaftLogWorker (SegmentedRaftLogWorker.java:getFromFuture(90)) - Timeout 4/~
org.apache.ratis.protocol.TimeoutIOException: Timeout 10s: WriteLog:8: (t:1, i:8), STATEMACHINELOGENTRY, client-7D4C8718A617, cid=22-writeStateMachineData
	at org.apache.ratis.util.IOUtils.getFromFuture(IOUtils.java:87)
	at org.apache.ratis.server.raftlog.segmented.SegmentedRaftLogWorker$StateMachineDataPolicy.getFromFuture(SegmentedRaftLogWorker.java:87)
	at org.apache.ratis.server.raftlog.segmented.SegmentedRaftLogWorker$WriteLog.execute(SegmentedRaftLogWorker.java:477)
	at org.apache.ratis.server.raftlog.segmented.SegmentedRaftLogWorker.run(SegmentedRaftLogWorker.java:289)
	at java.lang.Thread.run(Thread.java:748)
Caused by: java.util.concurrent.TimeoutException
	at java.util.concurrent.CompletableFuture.timedGet(CompletableFuture.java:1771)
	at java.util.concurrent.CompletableFuture.get(CompletableFuture.java:1915)
	at org.apache.ratis.util.IOUtils.getFromFuture(IOUtils.java:79)
	... 4 more
2019-09-12 04:00:54,802 [java.util.concurrent.ThreadPoolExecutor$Worker@16f1792d[State = -1, empty queue]] WARN  server.GrpcLogAppender (GrpcLogAppender.java:timeoutAppendRequest(200)) - e74ea0f8-bf41-4d93-a1fd-ac84c2b46512@group-7A1668DFAB34->41a8e196-af5b-4c71-b4d4-8d03270b35a0-GrpcLogAppender: appendEntries Timeout, request=e74ea0f8-bf41-4d93-a1fd-ac84c2b46512->41a8e196-af5b-4c71-b4d4-8d03270b35a0#29-t1, previous=(t:1, i:9), leaderCommit=6, initializing? false, entries: <empty>
2019-09-12 04:00:54,802 [java.util.concurrent.ThreadPoolExecutor$Worker@7b7c3362[State = -1, empty queue]] WARN  server.GrpcLogAppender (GrpcLogAppender.java:timeoutAppendRequest(200)) - e74ea0f8-bf41-4d93-a1fd-ac84c2b46512@group-7A1668DFAB34->d16d800f-a890-4a7a-bda4-5bf97a65c0f2-GrpcLogAppender: appendEntries Timeout, request=e74ea0f8-bf41-4d93-a1fd-ac84c2b46512->d16d800f-a890-4a7a-bda4-5bf97a65c0f2#29-t1, previous=(t:1, i:9), leaderCommit=6, initializing? false, entries: <empty>
2019-09-12 04:00:54,951 [grpc-default-executor-3] INFO  client.GrpcClientProtocolClient (GrpcClientProtocolClient.java:onNext(264)) - client-7D4C8718A617->41a8e196-af5b-4c71-b4d4-8d03270b35a0: receive RaftClientReply:client-7D4C8718A617->41a8e196-af5b-4c71-b4d4-8d03270b35a0@group-7A1668DFAB34, cid=21, FAILED org.apache.ratis.protocol.NotLeaderException: Server 41a8e196-af5b-4c71-b4d4-8d03270b35a0@group-7A1668DFAB34 is not the leader e74ea0f8-bf41-4d93-a1fd-ac84c2b46512:192.168.34.8:33824, logIndex=0, commits[41a8e196-af5b-4c71-b4d4-8d03270b35a0:c6, e74ea0f8-bf41-4d93-a1fd-ac84c2b46512:c6, d16d800f-a890-4a7a-bda4-5bf97a65c0f2:c4]
2019-09-12 04:00:57,303 [java.util.concurrent.ThreadPoolExecutor$Worker@7b7c3362[State = -1, empty queue]] WARN  server.GrpcLogAppender (GrpcLogAppender.java:timeoutAppendRequest(200)) - e74ea0f8-bf41-4d93-a1fd-ac84c2b46512@group-7A1668DFAB34->d16d800f-a890-4a7a-bda4-5bf97a65c0f2-GrpcLogAppender: appendEntries Timeout, request=e74ea0f8-bf41-4d93-a1fd-ac84c2b46512->d16d800f-a890-4a7a-bda4-5bf97a65c0f2#30-t1, previous=(t:1, i:9), leaderCommit=6, initializing? false, entries: <empty>
2019-09-12 04:00:57,303 [java.util.concurrent.ThreadPoolExecutor$Worker@16f1792d[State = -1, empty queue]] WARN  server.GrpcLogAppender (GrpcLogAppender.java:timeoutAppendRequest(200)) - e74ea0f8-bf41-4d93-a1fd-ac84c2b46512@group-7A1668DFAB34->41a8e196-af5b-4c71-b4d4-8d03270b35a0-GrpcLogAppender: appendEntries Timeout, request=e74ea0f8-bf41-4d93-a1fd-ac84c2b46512->41a8e196-af5b-4c71-b4d4-8d03270b35a0#30-t1, previous=(t:1, i:9), leaderCommit=6, initializing? false, entries: <empty>
2019-09-12 04:00:59,803 [java.util.concurrent.ThreadPoolExecutor$Worker@7b7c3362[State = -1, empty queue]] WARN  server.GrpcLogAppender (GrpcLogAppender.java:timeoutAppendRequest(200)) - e74ea0f8-bf41-4d93-a1fd-ac84c2b46512@group-7A1668DFAB34->d16d800f-a890-4a7a-bda4-5bf97a65c0f2-GrpcLogAppender: appendEntries Timeout, request=e74ea0f8-bf41-4d93-a1fd-ac84c2b46512->d16d800f-a890-4a7a-bda4-5bf97a65c0f2#31-t1, previous=(t:1, i:9), leaderCommit=6, initializing? false, entries: <empty>
2019-09-12 04:00:59,803 [java.util.concurrent.ThreadPoolExecutor$Worker@16f1792d[State = -1, empty queue]] WARN  server.GrpcLogAppender (GrpcLogAppender.java:timeoutAppendRequest(200)) - e74ea0f8-bf41-4d93-a1fd-ac84c2b46512@group-7A1668DFAB34->41a8e196-af5b-4c71-b4d4-8d03270b35a0-GrpcLogAppender: appendEntries Timeout, request=e74ea0f8-bf41-4d93-a1fd-ac84c2b46512->41a8e196-af5b-4c71-b4d4-8d03270b35a0#31-t1, previous=(t:1, i:9), leaderCommit=6, initializing? false, entries: <empty>
2019-09-12 04:01:00,020 [grpc-default-executor-3] INFO  client.GrpcClientProtocolClient (GrpcClientProtocolClient.java:onNext(264)) - client-7D4C8718A617->d16d800f-a890-4a7a-bda4-5bf97a65c0f2: receive RaftClientReply:client-7D4C8718A617->d16d800f-a890-4a7a-bda4-5bf97a65c0f2@group-7A1668DFAB34, cid=21, FAILED org.apache.ratis.protocol.NotLeaderException: Server d16d800f-a890-4a7a-bda4-5bf97a65c0f2@group-7A1668DFAB34 is not the leader e74ea0f8-bf41-4d93-a1fd-ac84c2b46512:192.168.34.8:33824, logIndex=0, commits[d16d800f-a890-4a7a-bda4-5bf97a65c0f2:c6, 41a8e196-af5b-4c71-b4d4-8d03270b35a0:c4, e74ea0f8-bf41-4d93-a1fd-ac84c2b46512:c6]
2019-09-12 04:01:02,303 [java.util.concurrent.ThreadPoolExecutor$Worker@16f1792d[State = -1, empty queue]] WARN  server.GrpcLogAppender (GrpcLogAppender.java:timeoutAppendRequest(200)) - e74ea0f8-bf41-4d93-a1fd-ac84c2b46512@group-7A1668DFAB34->41a8e196-af5b-4c71-b4d4-8d03270b35a0-GrpcLogAppender: appendEntries Timeout, request=e74ea0f8-bf41-4d93-a1fd-ac84c2b46512->41a8e196-af5b-4c71-b4d4-8d03270b35a0#32-t1, previous=(t:1, i:9), leaderCommit=6, initializing? false, entries: <empty>
2019-09-12 04:01:02,304 [java.util.concurrent.ThreadPoolExecutor$Worker@7b7c3362[State = -1, empty queue]] WARN  server.GrpcLogAppender (GrpcLogAppender.java:timeoutAppendRequest(200)) - e74ea0f8-bf41-4d93-a1fd-ac84c2b46512@group-7A1668DFAB34->d16d800f-a890-4a7a-bda4-5bf97a65c0f2-GrpcLogAppender: appendEntries Timeout, request=e74ea0f8-bf41-4d93-a1fd-ac84c2b46512->d16d800f-a890-4a7a-bda4-5bf97a65c0f2#32-t1, previous=(t:1, i:9), leaderCommit=6, initializing? false, entries: <empty>
2019-09-12 04:01:04,307 [41a8e196-af5b-4c71-b4d4-8d03270b35a0@group-7A1668DFAB34-SegmentedRaftLogWorker] WARN  segmented.SegmentedRaftLogWorker (SegmentedRaftLogWorker.java:getFromFuture(90)) - Timeout 5/~
org.apache.ratis.protocol.TimeoutIOException: Timeout 10s: WriteLog:7: (t:1, i:7), STATEMACHINELOGENTRY, client-7D4C8718A617, cid=21-writeStateMachineData
	at org.apache.ratis.util.IOUtils.getFromFuture(IOUtils.java:87)
	at org.apache.ratis.server.raftlog.segmented.SegmentedRaftLogWorker$StateMachineDataPolicy.getFromFuture(SegmentedRaftLogWorker.java:87)
	at org.apache.ratis.server.raftlog.segmented.SegmentedRaftLogWorker$WriteLog.execute(SegmentedRaftLogWorker.java:477)
	at org.apache.ratis.server.raftlog.segmented.SegmentedRaftLogWorker.run(SegmentedRaftLogWorker.java:289)
	at java.lang.Thread.run(Thread.java:748)
Caused by: java.util.concurrent.TimeoutException
	at java.util.concurrent.CompletableFuture.timedGet(CompletableFuture.java:1771)
	at java.util.concurrent.CompletableFuture.get(CompletableFuture.java:1915)
	at org.apache.ratis.util.IOUtils.getFromFuture(IOUtils.java:79)
	... 4 more
2019-09-12 04:01:04,413 [e74ea0f8-bf41-4d93-a1fd-ac84c2b46512@group-7A1668DFAB34-SegmentedRaftLogWorker] WARN  segmented.SegmentedRaftLogWorker (SegmentedRaftLogWorker.java:getFromFuture(90)) - Timeout 5/~
org.apache.ratis.protocol.TimeoutIOException: Timeout 10s: WriteLog:8: (t:1, i:8), STATEMACHINELOGENTRY, client-7D4C8718A617, cid=22-writeStateMachineData
	at org.apache.ratis.util.IOUtils.getFromFuture(IOUtils.java:87)
	at org.apache.ratis.server.raftlog.segmented.SegmentedRaftLogWorker$StateMachineDataPolicy.getFromFuture(SegmentedRaftLogWorker.java:87)
	at org.apache.ratis.server.raftlog.segmented.SegmentedRaftLogWorker$WriteLog.execute(SegmentedRaftLogWorker.java:477)
	at org.apache.ratis.server.raftlog.segmented.SegmentedRaftLogWorker.run(SegmentedRaftLogWorker.java:289)
	at java.lang.Thread.run(Thread.java:748)
Caused by: java.util.concurrent.TimeoutException
	at java.util.concurrent.CompletableFuture.timedGet(CompletableFuture.java:1771)
	at java.util.concurrent.CompletableFuture.get(CompletableFuture.java:1915)
	at org.apache.ratis.util.IOUtils.getFromFuture(IOUtils.java:79)
	... 4 more
2019-09-12 04:01:04,414 [d16d800f-a890-4a7a-bda4-5bf97a65c0f2@group-7A1668DFAB34-SegmentedRaftLogWorker] WARN  segmented.SegmentedRaftLogWorker (SegmentedRaftLogWorker.java:getFromFuture(90)) - Timeout 5/~
org.apache.ratis.protocol.TimeoutIOException: Timeout 10s: WriteLog:8: (t:1, i:8), STATEMACHINELOGENTRY, client-7D4C8718A617, cid=22-writeStateMachineData
	at org.apache.ratis.util.IOUtils.getFromFuture(IOUtils.java:87)
	at org.apache.ratis.server.raftlog.segmented.SegmentedRaftLogWorker$StateMachineDataPolicy.getFromFuture(SegmentedRaftLogWorker.java:87)
	at org.apache.ratis.server.raftlog.segmented.SegmentedRaftLogWorker$WriteLog.execute(SegmentedRaftLogWorker.java:477)
	at org.apache.ratis.server.raftlog.segmented.SegmentedRaftLogWorker.run(SegmentedRaftLogWorker.java:289)
	at java.lang.Thread.run(Thread.java:748)
Caused by: java.util.concurrent.TimeoutException
	at java.util.concurrent.CompletableFuture.timedGet(CompletableFuture.java:1771)
	at java.util.concurrent.CompletableFuture.get(CompletableFuture.java:1915)
	at org.apache.ratis.util.IOUtils.getFromFuture(IOUtils.java:79)
	... 4 more
2019-09-12 04:01:04,804 [java.util.concurrent.ThreadPoolExecutor$Worker@16f1792d[State = -1, empty queue]] WARN  server.GrpcLogAppender (GrpcLogAppender.java:timeoutAppendRequest(200)) - e74ea0f8-bf41-4d93-a1fd-ac84c2b46512@group-7A1668DFAB34->41a8e196-af5b-4c71-b4d4-8d03270b35a0-GrpcLogAppender: appendEntries Timeout, request=e74ea0f8-bf41-4d93-a1fd-ac84c2b46512->41a8e196-af5b-4c71-b4d4-8d03270b35a0#33-t1, previous=(t:1, i:9), leaderCommit=6, initializing? false, entries: <empty>
2019-09-12 04:01:04,804 [java.util.concurrent.ThreadPoolExecutor$Worker@7b7c3362[State = -1, empty queue]] WARN  server.GrpcLogAppender (GrpcLogAppender.java:timeoutAppendRequest(200)) - e74ea0f8-bf41-4d93-a1fd-ac84c2b46512@group-7A1668DFAB34->d16d800f-a890-4a7a-bda4-5bf97a65c0f2-GrpcLogAppender: appendEntries Timeout, request=e74ea0f8-bf41-4d93-a1fd-ac84c2b46512->d16d800f-a890-4a7a-bda4-5bf97a65c0f2#33-t1, previous=(t:1, i:9), leaderCommit=6, initializing? false, entries: <empty>
2019-09-12 04:01:05,092 [grpc-default-executor-6] INFO  client.GrpcClientProtocolClient (GrpcClientProtocolClient.java:onNext(264)) - client-7D4C8718A617->d16d800f-a890-4a7a-bda4-5bf97a65c0f2: receive RaftClientReply:client-7D4C8718A617->d16d800f-a890-4a7a-bda4-5bf97a65c0f2@group-7A1668DFAB34, cid=21, FAILED org.apache.ratis.protocol.NotLeaderException: Server d16d800f-a890-4a7a-bda4-5bf97a65c0f2@group-7A1668DFAB34 is not the leader e74ea0f8-bf41-4d93-a1fd-ac84c2b46512:192.168.34.8:33824, logIndex=0, commits[d16d800f-a890-4a7a-bda4-5bf97a65c0f2:c6, 41a8e196-af5b-4c71-b4d4-8d03270b35a0:c4, e74ea0f8-bf41-4d93-a1fd-ac84c2b46512:c6]
2019-09-12 04:01:07,304 [java.util.concurrent.ThreadPoolExecutor$Worker@16f1792d[State = -1, empty queue]] WARN  server.GrpcLogAppender (GrpcLogAppender.java:timeoutAppendRequest(200)) - e74ea0f8-bf41-4d93-a1fd-ac84c2b46512@group-7A1668DFAB34->41a8e196-af5b-4c71-b4d4-8d03270b35a0-GrpcLogAppender: appendEntries Timeout, request=e74ea0f8-bf41-4d93-a1fd-ac84c2b46512->41a8e196-af5b-4c71-b4d4-8d03270b35a0#34-t1, previous=(t:1, i:9), leaderCommit=6, initializing? false, entries: <empty>
2019-09-12 04:01:07,305 [java.util.concurrent.ThreadPoolExecutor$Worker@7b7c3362[State = -1, empty queue]] WARN  server.GrpcLogAppender (GrpcLogAppender.java:timeoutAppendRequest(200)) - e74ea0f8-bf41-4d93-a1fd-ac84c2b46512@group-7A1668DFAB34->d16d800f-a890-4a7a-bda4-5bf97a65c0f2-GrpcLogAppender: appendEntries Timeout, request=e74ea0f8-bf41-4d93-a1fd-ac84c2b46512->d16d800f-a890-4a7a-bda4-5bf97a65c0f2#34-t1, previous=(t:1, i:9), leaderCommit=6, initializing? false, entries: <empty>
2019-09-12 04:01:09,806 [java.util.concurrent.ThreadPoolExecutor$Worker@16f1792d[State = -1, empty queue]] WARN  server.GrpcLogAppender (GrpcLogAppender.java:timeoutAppendRequest(200)) - e74ea0f8-bf41-4d93-a1fd-ac84c2b46512@group-7A1668DFAB34->41a8e196-af5b-4c71-b4d4-8d03270b35a0-GrpcLogAppender: appendEntries Timeout, request=e74ea0f8-bf41-4d93-a1fd-ac84c2b46512->41a8e196-af5b-4c71-b4d4-8d03270b35a0#35-t1, previous=(t:1, i:9), leaderCommit=6, initializing? false, entries: <empty>
2019-09-12 04:01:09,806 [java.util.concurrent.ThreadPoolExecutor$Worker@7b7c3362[State = -1, empty queue]] WARN  server.GrpcLogAppender (GrpcLogAppender.java:timeoutAppendRequest(200)) - e74ea0f8-bf41-4d93-a1fd-ac84c2b46512@group-7A1668DFAB34->d16d800f-a890-4a7a-bda4-5bf97a65c0f2-GrpcLogAppender: appendEntries Timeout, request=e74ea0f8-bf41-4d93-a1fd-ac84c2b46512->d16d800f-a890-4a7a-bda4-5bf97a65c0f2#35-t1, previous=(t:1, i:9), leaderCommit=6, initializing? false, entries: <empty>
2019-09-12 04:01:10,152 [grpc-default-executor-6] INFO  client.GrpcClientProtocolClient (GrpcClientProtocolClient.java:onNext(264)) - client-7D4C8718A617->d16d800f-a890-4a7a-bda4-5bf97a65c0f2: receive RaftClientReply:client-7D4C8718A617->d16d800f-a890-4a7a-bda4-5bf97a65c0f2@group-7A1668DFAB34, cid=21, FAILED org.apache.ratis.protocol.NotLeaderException: Server d16d800f-a890-4a7a-bda4-5bf97a65c0f2@group-7A1668DFAB34 is not the leader e74ea0f8-bf41-4d93-a1fd-ac84c2b46512:192.168.34.8:33824, logIndex=0, commits[d16d800f-a890-4a7a-bda4-5bf97a65c0f2:c6, 41a8e196-af5b-4c71-b4d4-8d03270b35a0:c4, e74ea0f8-bf41-4d93-a1fd-ac84c2b46512:c6]
2019-09-12 04:01:12,307 [java.util.concurrent.ThreadPoolExecutor$Worker@7b7c3362[State = -1, empty queue]] WARN  server.GrpcLogAppender (GrpcLogAppender.java:timeoutAppendRequest(200)) - e74ea0f8-bf41-4d93-a1fd-ac84c2b46512@group-7A1668DFAB34->d16d800f-a890-4a7a-bda4-5bf97a65c0f2-GrpcLogAppender: appendEntries Timeout, request=e74ea0f8-bf41-4d93-a1fd-ac84c2b46512->d16d800f-a890-4a7a-bda4-5bf97a65c0f2#36-t1, previous=(t:1, i:9), leaderCommit=6, initializing? false, entries: <empty>
2019-09-12 04:01:12,307 [java.util.concurrent.ThreadPoolExecutor$Worker@16f1792d[State = -1, empty queue]] WARN  server.GrpcLogAppender (GrpcLogAppender.java:timeoutAppendRequest(200)) - e74ea0f8-bf41-4d93-a1fd-ac84c2b46512@group-7A1668DFAB34->41a8e196-af5b-4c71-b4d4-8d03270b35a0-GrpcLogAppender: appendEntries Timeout, request=e74ea0f8-bf41-4d93-a1fd-ac84c2b46512->41a8e196-af5b-4c71-b4d4-8d03270b35a0#36-t1, previous=(t:1, i:9), leaderCommit=6, initializing? false, entries: <empty>
2019-09-12 04:01:14,310 [41a8e196-af5b-4c71-b4d4-8d03270b35a0@group-7A1668DFAB34-SegmentedRaftLogWorker] WARN  segmented.SegmentedRaftLogWorker (SegmentedRaftLogWorker.java:getFromFuture(90)) - Timeout 6/~
org.apache.ratis.protocol.TimeoutIOException: Timeout 10s: WriteLog:7: (t:1, i:7), STATEMACHINELOGENTRY, client-7D4C8718A617, cid=21-writeStateMachineData
	at org.apache.ratis.util.IOUtils.getFromFuture(IOUtils.java:87)
	at org.apache.ratis.server.raftlog.segmented.SegmentedRaftLogWorker$StateMachineDataPolicy.getFromFuture(SegmentedRaftLogWorker.java:87)
	at org.apache.ratis.server.raftlog.segmented.SegmentedRaftLogWorker$WriteLog.execute(SegmentedRaftLogWorker.java:477)
	at org.apache.ratis.server.raftlog.segmented.SegmentedRaftLogWorker.run(SegmentedRaftLogWorker.java:289)
	at java.lang.Thread.run(Thread.java:748)
Caused by: java.util.concurrent.TimeoutException
	at java.util.concurrent.CompletableFuture.timedGet(CompletableFuture.java:1771)
	at java.util.concurrent.CompletableFuture.get(CompletableFuture.java:1915)
	at org.apache.ratis.util.IOUtils.getFromFuture(IOUtils.java:79)
	... 4 more
2019-09-12 04:01:14,414 [e74ea0f8-bf41-4d93-a1fd-ac84c2b46512@group-7A1668DFAB34-SegmentedRaftLogWorker] WARN  segmented.SegmentedRaftLogWorker (SegmentedRaftLogWorker.java:getFromFuture(90)) - Timeout 6/~
org.apache.ratis.protocol.TimeoutIOException: Timeout 10s: WriteLog:8: (t:1, i:8), STATEMACHINELOGENTRY, client-7D4C8718A617, cid=22-writeStateMachineData
	at org.apache.ratis.util.IOUtils.getFromFuture(IOUtils.java:87)
	at org.apache.ratis.server.raftlog.segmented.SegmentedRaftLogWorker$StateMachineDataPolicy.getFromFuture(SegmentedRaftLogWorker.java:87)
	at org.apache.ratis.server.raftlog.segmented.SegmentedRaftLogWorker$WriteLog.execute(SegmentedRaftLogWorker.java:477)
	at org.apache.ratis.server.raftlog.segmented.SegmentedRaftLogWorker.run(SegmentedRaftLogWorker.java:289)
	at java.lang.Thread.run(Thread.java:748)
Caused by: java.util.concurrent.TimeoutException
	at java.util.concurrent.CompletableFuture.timedGet(CompletableFuture.java:1771)
	at java.util.concurrent.CompletableFuture.get(CompletableFuture.java:1915)
	at org.apache.ratis.util.IOUtils.getFromFuture(IOUtils.java:79)
	... 4 more
2019-09-12 04:01:14,438 [d16d800f-a890-4a7a-bda4-5bf97a65c0f2@group-7A1668DFAB34-SegmentedRaftLogWorker] WARN  segmented.SegmentedRaftLogWorker (SegmentedRaftLogWorker.java:getFromFuture(90)) - Timeout 6/~
org.apache.ratis.protocol.TimeoutIOException: Timeout 10s: WriteLog:8: (t:1, i:8), STATEMACHINELOGENTRY, client-7D4C8718A617, cid=22-writeStateMachineData
	at org.apache.ratis.util.IOUtils.getFromFuture(IOUtils.java:87)
	at org.apache.ratis.server.raftlog.segmented.SegmentedRaftLogWorker$StateMachineDataPolicy.getFromFuture(SegmentedRaftLogWorker.java:87)
	at org.apache.ratis.server.raftlog.segmented.SegmentedRaftLogWorker$WriteLog.execute(SegmentedRaftLogWorker.java:477)
	at org.apache.ratis.server.raftlog.segmented.SegmentedRaftLogWorker.run(SegmentedRaftLogWorker.java:289)
	at java.lang.Thread.run(Thread.java:748)
Caused by: java.util.concurrent.TimeoutException
	at java.util.concurrent.CompletableFuture.timedGet(CompletableFuture.java:1771)
	at java.util.concurrent.CompletableFuture.get(CompletableFuture.java:1915)
	at org.apache.ratis.util.IOUtils.getFromFuture(IOUtils.java:79)
	... 4 more
2019-09-12 04:01:14,809 [java.util.concurrent.ThreadPoolExecutor$Worker@7b7c3362[State = -1, empty queue]] WARN  server.GrpcLogAppender (GrpcLogAppender.java:timeoutAppendRequest(200)) - e74ea0f8-bf41-4d93-a1fd-ac84c2b46512@group-7A1668DFAB34->d16d800f-a890-4a7a-bda4-5bf97a65c0f2-GrpcLogAppender: appendEntries Timeout, request=e74ea0f8-bf41-4d93-a1fd-ac84c2b46512->d16d800f-a890-4a7a-bda4-5bf97a65c0f2#37-t1, previous=(t:1, i:9), leaderCommit=6, initializing? false, entries: <empty>
2019-09-12 04:01:14,809 [java.util.concurrent.ThreadPoolExecutor$Worker@16f1792d[State = -1, empty queue]] WARN  server.GrpcLogAppender (GrpcLogAppender.java:timeoutAppendRequest(200)) - e74ea0f8-bf41-4d93-a1fd-ac84c2b46512@group-7A1668DFAB34->41a8e196-af5b-4c71-b4d4-8d03270b35a0-GrpcLogAppender: appendEntries Timeout, request=e74ea0f8-bf41-4d93-a1fd-ac84c2b46512->41a8e196-af5b-4c71-b4d4-8d03270b35a0#37-t1, previous=(t:1, i:9), leaderCommit=6, initializing? false, entries: <empty>
2019-09-12 04:01:15,226 [grpc-default-executor-6] INFO  client.GrpcClientProtocolClient (GrpcClientProtocolClient.java:onNext(264)) - client-7D4C8718A617->d16d800f-a890-4a7a-bda4-5bf97a65c0f2: receive RaftClientReply:client-7D4C8718A617->d16d800f-a890-4a7a-bda4-5bf97a65c0f2@group-7A1668DFAB34, cid=21, FAILED org.apache.ratis.protocol.NotLeaderException: Server d16d800f-a890-4a7a-bda4-5bf97a65c0f2@group-7A1668DFAB34 is not the leader e74ea0f8-bf41-4d93-a1fd-ac84c2b46512:192.168.34.8:33824, logIndex=0, commits[d16d800f-a890-4a7a-bda4-5bf97a65c0f2:c6, 41a8e196-af5b-4c71-b4d4-8d03270b35a0:c4, e74ea0f8-bf41-4d93-a1fd-ac84c2b46512:c6]
2019-09-12 04:01:17,309 [java.util.concurrent.ThreadPoolExecutor$Worker@16f1792d[State = -1, empty queue]] WARN  server.GrpcLogAppender (GrpcLogAppender.java:timeoutAppendRequest(200)) - e74ea0f8-bf41-4d93-a1fd-ac84c2b46512@group-7A1668DFAB34->41a8e196-af5b-4c71-b4d4-8d03270b35a0-GrpcLogAppender: appendEntries Timeout, request=e74ea0f8-bf41-4d93-a1fd-ac84c2b46512->41a8e196-af5b-4c71-b4d4-8d03270b35a0#38-t1, previous=(t:1, i:9), leaderCommit=6, initializing? false, entries: <empty>
2019-09-12 04:01:17,309 [java.util.concurrent.ThreadPoolExecutor$Worker@7b7c3362[State = -1, empty queue]] WARN  server.GrpcLogAppender (GrpcLogAppender.java:timeoutAppendRequest(200)) - e74ea0f8-bf41-4d93-a1fd-ac84c2b46512@group-7A1668DFAB34->d16d800f-a890-4a7a-bda4-5bf97a65c0f2-GrpcLogAppender: appendEntries Timeout, request=e74ea0f8-bf41-4d93-a1fd-ac84c2b46512->d16d800f-a890-4a7a-bda4-5bf97a65c0f2#38-t1, previous=(t:1, i:9), leaderCommit=6, initializing? false, entries: <empty>
2019-09-12 04:01:19,810 [java.util.concurrent.ThreadPoolExecutor$Worker@16f1792d[State = -1, empty queue]] WARN  server.GrpcLogAppender (GrpcLogAppender.java:timeoutAppendRequest(200)) - e74ea0f8-bf41-4d93-a1fd-ac84c2b46512@group-7A1668DFAB34->41a8e196-af5b-4c71-b4d4-8d03270b35a0-GrpcLogAppender: appendEntries Timeout, request=e74ea0f8-bf41-4d93-a1fd-ac84c2b46512->41a8e196-af5b-4c71-b4d4-8d03270b35a0#39-t1, previous=(t:1, i:9), leaderCommit=6, initializing? false, entries: <empty>
2019-09-12 04:01:19,810 [java.util.concurrent.ThreadPoolExecutor$Worker@7b7c3362[State = -1, empty queue]] WARN  server.GrpcLogAppender (GrpcLogAppender.java:timeoutAppendRequest(200)) - e74ea0f8-bf41-4d93-a1fd-ac84c2b46512@group-7A1668DFAB34->d16d800f-a890-4a7a-bda4-5bf97a65c0f2-GrpcLogAppender: appendEntries Timeout, request=e74ea0f8-bf41-4d93-a1fd-ac84c2b46512->d16d800f-a890-4a7a-bda4-5bf97a65c0f2#39-t1, previous=(t:1, i:9), leaderCommit=6, initializing? false, entries: <empty>
2019-09-12 04:01:20,292 [grpc-default-executor-2] INFO  client.GrpcClientProtocolClient (GrpcClientProtocolClient.java:onNext(264)) - client-7D4C8718A617->41a8e196-af5b-4c71-b4d4-8d03270b35a0: receive RaftClientReply:client-7D4C8718A617->41a8e196-af5b-4c71-b4d4-8d03270b35a0@group-7A1668DFAB34, cid=21, FAILED org.apache.ratis.protocol.NotLeaderException: Server 41a8e196-af5b-4c71-b4d4-8d03270b35a0@group-7A1668DFAB34 is not the leader e74ea0f8-bf41-4d93-a1fd-ac84c2b46512:192.168.34.8:33824, logIndex=0, commits[41a8e196-af5b-4c71-b4d4-8d03270b35a0:c6, e74ea0f8-bf41-4d93-a1fd-ac84c2b46512:c6, d16d800f-a890-4a7a-bda4-5bf97a65c0f2:c4]
2019-09-12 04:01:22,313 [java.util.concurrent.ThreadPoolExecutor$Worker@16f1792d[State = -1, empty queue]] WARN  server.GrpcLogAppender (GrpcLogAppender.java:timeoutAppendRequest(200)) - e74ea0f8-bf41-4d93-a1fd-ac84c2b46512@group-7A1668DFAB34->41a8e196-af5b-4c71-b4d4-8d03270b35a0-GrpcLogAppender: appendEntries Timeout, request=e74ea0f8-bf41-4d93-a1fd-ac84c2b46512->41a8e196-af5b-4c71-b4d4-8d03270b35a0#40-t1, previous=(t:1, i:9), leaderCommit=6, initializing? false, entries: <empty>
2019-09-12 04:01:22,313 [java.util.concurrent.ThreadPoolExecutor$Worker@7b7c3362[State = -1, empty queue]] WARN  server.GrpcLogAppender (GrpcLogAppender.java:timeoutAppendRequest(200)) - e74ea0f8-bf41-4d93-a1fd-ac84c2b46512@group-7A1668DFAB34->d16d800f-a890-4a7a-bda4-5bf97a65c0f2-GrpcLogAppender: appendEntries Timeout, request=e74ea0f8-bf41-4d93-a1fd-ac84c2b46512->d16d800f-a890-4a7a-bda4-5bf97a65c0f2#40-t1, previous=(t:1, i:9), leaderCommit=6, initializing? false, entries: <empty>
2019-09-12 04:01:24,311 [41a8e196-af5b-4c71-b4d4-8d03270b35a0@group-7A1668DFAB34-SegmentedRaftLogWorker] WARN  segmented.SegmentedRaftLogWorker (SegmentedRaftLogWorker.java:getFromFuture(90)) - Timeout 7/~
org.apache.ratis.protocol.TimeoutIOException: Timeout 10s: WriteLog:7: (t:1, i:7), STATEMACHINELOGENTRY, client-7D4C8718A617, cid=21-writeStateMachineData
	at org.apache.ratis.util.IOUtils.getFromFuture(IOUtils.java:87)
	at org.apache.ratis.server.raftlog.segmented.SegmentedRaftLogWorker$StateMachineDataPolicy.getFromFuture(SegmentedRaftLogWorker.java:87)
	at org.apache.ratis.server.raftlog.segmented.SegmentedRaftLogWorker$WriteLog.execute(SegmentedRaftLogWorker.java:477)
	at org.apache.ratis.server.raftlog.segmented.SegmentedRaftLogWorker.run(SegmentedRaftLogWorker.java:289)
	at java.lang.Thread.run(Thread.java:748)
Caused by: java.util.concurrent.TimeoutException
	at java.util.concurrent.CompletableFuture.timedGet(CompletableFuture.java:1771)
	at java.util.concurrent.CompletableFuture.get(CompletableFuture.java:1915)
	at org.apache.ratis.util.IOUtils.getFromFuture(IOUtils.java:79)
	... 4 more
2019-09-12 04:01:24,438 [e74ea0f8-bf41-4d93-a1fd-ac84c2b46512@group-7A1668DFAB34-SegmentedRaftLogWorker] WARN  segmented.SegmentedRaftLogWorker (SegmentedRaftLogWorker.java:getFromFuture(90)) - Timeout 7/~
org.apache.ratis.protocol.TimeoutIOException: Timeout 10s: WriteLog:8: (t:1, i:8), STATEMACHINELOGENTRY, client-7D4C8718A617, cid=22-writeStateMachineData
	at org.apache.ratis.util.IOUtils.getFromFuture(IOUtils.java:87)
	at org.apache.ratis.server.raftlog.segmented.SegmentedRaftLogWorker$StateMachineDataPolicy.getFromFuture(SegmentedRaftLogWorker.java:87)
	at org.apache.ratis.server.raftlog.segmented.SegmentedRaftLogWorker$WriteLog.execute(SegmentedRaftLogWorker.java:477)
	at org.apache.ratis.server.raftlog.segmented.SegmentedRaftLogWorker.run(SegmentedRaftLogWorker.java:289)
	at java.lang.Thread.run(Thread.java:748)
Caused by: java.util.concurrent.TimeoutException
	at java.util.concurrent.CompletableFuture.timedGet(CompletableFuture.java:1771)
	at java.util.concurrent.CompletableFuture.get(CompletableFuture.java:1915)
	at org.apache.ratis.util.IOUtils.getFromFuture(IOUtils.java:79)
	... 4 more
2019-09-12 04:01:24,438 [d16d800f-a890-4a7a-bda4-5bf97a65c0f2@group-7A1668DFAB34-SegmentedRaftLogWorker] WARN  segmented.SegmentedRaftLogWorker (SegmentedRaftLogWorker.java:getFromFuture(90)) - Timeout 7/~
org.apache.ratis.protocol.TimeoutIOException: Timeout 10s: WriteLog:8: (t:1, i:8), STATEMACHINELOGENTRY, client-7D4C8718A617, cid=22-writeStateMachineData
	at org.apache.ratis.util.IOUtils.getFromFuture(IOUtils.java:87)
	at org.apache.ratis.server.raftlog.segmented.SegmentedRaftLogWorker$StateMachineDataPolicy.getFromFuture(SegmentedRaftLogWorker.java:87)
	at org.apache.ratis.server.raftlog.segmented.SegmentedRaftLogWorker$WriteLog.execute(SegmentedRaftLogWorker.java:477)
	at org.apache.ratis.server.raftlog.segmented.SegmentedRaftLogWorker.run(SegmentedRaftLogWorker.java:289)
	at java.lang.Thread.run(Thread.java:748)
Caused by: java.util.concurrent.TimeoutException
	at java.util.concurrent.CompletableFuture.timedGet(CompletableFuture.java:1771)
	at java.util.concurrent.CompletableFuture.get(CompletableFuture.java:1915)
	at org.apache.ratis.util.IOUtils.getFromFuture(IOUtils.java:79)
	... 4 more
2019-09-12 04:01:24,812 [java.util.concurrent.ThreadPoolExecutor$Worker@7b7c3362[State = -1, empty queue]] WARN  server.GrpcLogAppender (GrpcLogAppender.java:timeoutAppendRequest(200)) - e74ea0f8-bf41-4d93-a1fd-ac84c2b46512@group-7A1668DFAB34->d16d800f-a890-4a7a-bda4-5bf97a65c0f2-GrpcLogAppender: appendEntries Timeout, request=e74ea0f8-bf41-4d93-a1fd-ac84c2b46512->d16d800f-a890-4a7a-bda4-5bf97a65c0f2#41-t1, previous=(t:1, i:9), leaderCommit=6, initializing? false, entries: <empty>
2019-09-12 04:01:24,812 [java.util.concurrent.ThreadPoolExecutor$Worker@16f1792d[State = -1, empty queue]] WARN  server.GrpcLogAppender (GrpcLogAppender.java:timeoutAppendRequest(200)) - e74ea0f8-bf41-4d93-a1fd-ac84c2b46512@group-7A1668DFAB34->41a8e196-af5b-4c71-b4d4-8d03270b35a0-GrpcLogAppender: appendEntries Timeout, request=e74ea0f8-bf41-4d93-a1fd-ac84c2b46512->41a8e196-af5b-4c71-b4d4-8d03270b35a0#41-t1, previous=(t:1, i:9), leaderCommit=6, initializing? false, entries: <empty>
2019-09-12 04:01:25,357 [grpc-default-executor-2] INFO  client.GrpcClientProtocolClient (GrpcClientProtocolClient.java:onNext(264)) - client-7D4C8718A617->41a8e196-af5b-4c71-b4d4-8d03270b35a0: receive RaftClientReply:client-7D4C8718A617->41a8e196-af5b-4c71-b4d4-8d03270b35a0@group-7A1668DFAB34, cid=21, FAILED org.apache.ratis.protocol.NotLeaderException: Server 41a8e196-af5b-4c71-b4d4-8d03270b35a0@group-7A1668DFAB34 is not the leader e74ea0f8-bf41-4d93-a1fd-ac84c2b46512:192.168.34.8:33824, logIndex=0, commits[41a8e196-af5b-4c71-b4d4-8d03270b35a0:c6, e74ea0f8-bf41-4d93-a1fd-ac84c2b46512:c6, d16d800f-a890-4a7a-bda4-5bf97a65c0f2:c4]
2019-09-12 04:01:27,314 [java.util.concurrent.ThreadPoolExecutor$Worker@7b7c3362[State = -1, empty queue]] WARN  server.GrpcLogAppender (GrpcLogAppender.java:timeoutAppendRequest(200)) - e74ea0f8-bf41-4d93-a1fd-ac84c2b46512@group-7A1668DFAB34->d16d800f-a890-4a7a-bda4-5bf97a65c0f2-GrpcLogAppender: appendEntries Timeout, request=e74ea0f8-bf41-4d93-a1fd-ac84c2b46512->d16d800f-a890-4a7a-bda4-5bf97a65c0f2#42-t1, previous=(t:1, i:9), leaderCommit=6, initializing? false, entries: <empty>
2019-09-12 04:01:27,314 [java.util.concurrent.ThreadPoolExecutor$Worker@16f1792d[State = -1, empty queue]] WARN  server.GrpcLogAppender (GrpcLogAppender.java:timeoutAppendRequest(200)) - e74ea0f8-bf41-4d93-a1fd-ac84c2b46512@group-7A1668DFAB34->41a8e196-af5b-4c71-b4d4-8d03270b35a0-GrpcLogAppender: appendEntries Timeout, request=e74ea0f8-bf41-4d93-a1fd-ac84c2b46512->41a8e196-af5b-4c71-b4d4-8d03270b35a0#42-t1, previous=(t:1, i:9), leaderCommit=6, initializing? false, entries: <empty>
2019-09-12 04:01:29,815 [java.util.concurrent.ThreadPoolExecutor$Worker@16f1792d[State = -1, empty queue]] WARN  server.GrpcLogAppender (GrpcLogAppender.java:timeoutAppendRequest(200)) - e74ea0f8-bf41-4d93-a1fd-ac84c2b46512@group-7A1668DFAB34->41a8e196-af5b-4c71-b4d4-8d03270b35a0-GrpcLogAppender: appendEntries Timeout, request=e74ea0f8-bf41-4d93-a1fd-ac84c2b46512->41a8e196-af5b-4c71-b4d4-8d03270b35a0#43-t1, previous=(t:1, i:9), leaderCommit=6, initializing? false, entries: <empty>
2019-09-12 04:01:29,815 [java.util.concurrent.ThreadPoolExecutor$Worker@7b7c3362[State = -1, empty queue]] WARN  server.GrpcLogAppender (GrpcLogAppender.java:timeoutAppendRequest(200)) - e74ea0f8-bf41-4d93-a1fd-ac84c2b46512@group-7A1668DFAB34->d16d800f-a890-4a7a-bda4-5bf97a65c0f2-GrpcLogAppender: appendEntries Timeout, request=e74ea0f8-bf41-4d93-a1fd-ac84c2b46512->d16d800f-a890-4a7a-bda4-5bf97a65c0f2#43-t1, previous=(t:1, i:9), leaderCommit=6, initializing? false, entries: <empty>
2019-09-12 04:01:30,427 [grpc-default-executor-2] INFO  client.GrpcClientProtocolClient (GrpcClientProtocolClient.java:onNext(264)) - client-7D4C8718A617->d16d800f-a890-4a7a-bda4-5bf97a65c0f2: receive RaftClientReply:client-7D4C8718A617->d16d800f-a890-4a7a-bda4-5bf97a65c0f2@group-7A1668DFAB34, cid=21, FAILED org.apache.ratis.protocol.NotLeaderException: Server d16d800f-a890-4a7a-bda4-5bf97a65c0f2@group-7A1668DFAB34 is not the leader e74ea0f8-bf41-4d93-a1fd-ac84c2b46512:192.168.34.8:33824, logIndex=0, commits[d16d800f-a890-4a7a-bda4-5bf97a65c0f2:c6, 41a8e196-af5b-4c71-b4d4-8d03270b35a0:c4, e74ea0f8-bf41-4d93-a1fd-ac84c2b46512:c6]
2019-09-12 04:01:32,317 [java.util.concurrent.ThreadPoolExecutor$Worker@16f1792d[State = -1, empty queue]] WARN  server.GrpcLogAppender (GrpcLogAppender.java:timeoutAppendRequest(200)) - e74ea0f8-bf41-4d93-a1fd-ac84c2b46512@group-7A1668DFAB34->41a8e196-af5b-4c71-b4d4-8d03270b35a0-GrpcLogAppender: appendEntries Timeout, request=e74ea0f8-bf41-4d93-a1fd-ac84c2b46512->41a8e196-af5b-4c71-b4d4-8d03270b35a0#44-t1, previous=(t:1, i:9), leaderCommit=6, initializing? false, entries: <empty>
2019-09-12 04:01:32,317 [java.util.concurrent.ThreadPoolExecutor$Worker@7b7c3362[State = -1, empty queue]] WARN  server.GrpcLogAppender (GrpcLogAppender.java:timeoutAppendRequest(200)) - e74ea0f8-bf41-4d93-a1fd-ac84c2b46512@group-7A1668DFAB34->d16d800f-a890-4a7a-bda4-5bf97a65c0f2-GrpcLogAppender: appendEntries Timeout, request=e74ea0f8-bf41-4d93-a1fd-ac84c2b46512->d16d800f-a890-4a7a-bda4-5bf97a65c0f2#44-t1, previous=(t:1, i:9), leaderCommit=6, initializing? false, entries: <empty>
2019-09-12 04:01:34,313 [41a8e196-af5b-4c71-b4d4-8d03270b35a0@group-7A1668DFAB34-SegmentedRaftLogWorker] WARN  segmented.SegmentedRaftLogWorker (SegmentedRaftLogWorker.java:getFromFuture(90)) - Timeout 8/~
org.apache.ratis.protocol.TimeoutIOException: Timeout 10s: WriteLog:7: (t:1, i:7), STATEMACHINELOGENTRY, client-7D4C8718A617, cid=21-writeStateMachineData
	at org.apache.ratis.util.IOUtils.getFromFuture(IOUtils.java:87)
	at org.apache.ratis.server.raftlog.segmented.SegmentedRaftLogWorker$StateMachineDataPolicy.getFromFuture(SegmentedRaftLogWorker.java:87)
	at org.apache.ratis.server.raftlog.segmented.SegmentedRaftLogWorker$WriteLog.execute(SegmentedRaftLogWorker.java:477)
	at org.apache.ratis.server.raftlog.segmented.SegmentedRaftLogWorker.run(SegmentedRaftLogWorker.java:289)
	at java.lang.Thread.run(Thread.java:748)
Caused by: java.util.concurrent.TimeoutException
	at java.util.concurrent.CompletableFuture.timedGet(CompletableFuture.java:1771)
	at java.util.concurrent.CompletableFuture.get(CompletableFuture.java:1915)
	at org.apache.ratis.util.IOUtils.getFromFuture(IOUtils.java:79)
	... 4 more
2019-09-12 04:01:34,439 [e74ea0f8-bf41-4d93-a1fd-ac84c2b46512@group-7A1668DFAB34-SegmentedRaftLogWorker] WARN  segmented.SegmentedRaftLogWorker (SegmentedRaftLogWorker.java:getFromFuture(90)) - Timeout 8/~
org.apache.ratis.protocol.TimeoutIOException: Timeout 10s: WriteLog:8: (t:1, i:8), STATEMACHINELOGENTRY, client-7D4C8718A617, cid=22-writeStateMachineData
	at org.apache.ratis.util.IOUtils.getFromFuture(IOUtils.java:87)
	at org.apache.ratis.server.raftlog.segmented.SegmentedRaftLogWorker$StateMachineDataPolicy.getFromFuture(SegmentedRaftLogWorker.java:87)
	at org.apache.ratis.server.raftlog.segmented.SegmentedRaftLogWorker$WriteLog.execute(SegmentedRaftLogWorker.java:477)
	at org.apache.ratis.server.raftlog.segmented.SegmentedRaftLogWorker.run(SegmentedRaftLogWorker.java:289)
	at java.lang.Thread.run(Thread.java:748)
Caused by: java.util.concurrent.TimeoutException
	at java.util.concurrent.CompletableFuture.timedGet(CompletableFuture.java:1771)
	at java.util.concurrent.CompletableFuture.get(CompletableFuture.java:1915)
	at org.apache.ratis.util.IOUtils.getFromFuture(IOUtils.java:79)
	... 4 more
2019-09-12 04:01:34,442 [d16d800f-a890-4a7a-bda4-5bf97a65c0f2@group-7A1668DFAB34-SegmentedRaftLogWorker] WARN  segmented.SegmentedRaftLogWorker (SegmentedRaftLogWorker.java:getFromFuture(90)) - Timeout 8/~
org.apache.ratis.protocol.TimeoutIOException: Timeout 10s: WriteLog:8: (t:1, i:8), STATEMACHINELOGENTRY, client-7D4C8718A617, cid=22-writeStateMachineData
	at org.apache.ratis.util.IOUtils.getFromFuture(IOUtils.java:87)
	at org.apache.ratis.server.raftlog.segmented.SegmentedRaftLogWorker$StateMachineDataPolicy.getFromFuture(SegmentedRaftLogWorker.java:87)
	at org.apache.ratis.server.raftlog.segmented.SegmentedRaftLogWorker$WriteLog.execute(SegmentedRaftLogWorker.java:477)
	at org.apache.ratis.server.raftlog.segmented.SegmentedRaftLogWorker.run(SegmentedRaftLogWorker.java:289)
	at java.lang.Thread.run(Thread.java:748)
Caused by: java.util.concurrent.TimeoutException
	at java.util.concurrent.CompletableFuture.timedGet(CompletableFuture.java:1771)
	at java.util.concurrent.CompletableFuture.get(CompletableFuture.java:1915)
	at org.apache.ratis.util.IOUtils.getFromFuture(IOUtils.java:79)
	... 4 more
2019-09-12 04:01:34,818 [java.util.concurrent.ThreadPoolExecutor$Worker@7b7c3362[State = -1, empty queue]] WARN  server.GrpcLogAppender (GrpcLogAppender.java:timeoutAppendRequest(200)) - e74ea0f8-bf41-4d93-a1fd-ac84c2b46512@group-7A1668DFAB34->d16d800f-a890-4a7a-bda4-5bf97a65c0f2-GrpcLogAppender: appendEntries Timeout, request=e74ea0f8-bf41-4d93-a1fd-ac84c2b46512->d16d800f-a890-4a7a-bda4-5bf97a65c0f2#45-t1, previous=(t:1, i:9), leaderCommit=6, initializing? false, entries: <empty>
2019-09-12 04:01:34,818 [java.util.concurrent.ThreadPoolExecutor$Worker@16f1792d[State = -1, empty queue]] WARN  server.GrpcLogAppender (GrpcLogAppender.java:timeoutAppendRequest(200)) - e74ea0f8-bf41-4d93-a1fd-ac84c2b46512@group-7A1668DFAB34->41a8e196-af5b-4c71-b4d4-8d03270b35a0-GrpcLogAppender: appendEntries Timeout, request=e74ea0f8-bf41-4d93-a1fd-ac84c2b46512->41a8e196-af5b-4c71-b4d4-8d03270b35a0#45-t1, previous=(t:1, i:9), leaderCommit=6, initializing? false, entries: <empty>
2019-09-12 04:01:35,466 [grpc-default-executor-6] INFO  client.GrpcClientProtocolClient (GrpcClientProtocolClient.java:onNext(264)) - client-7D4C8718A617->d16d800f-a890-4a7a-bda4-5bf97a65c0f2: receive RaftClientReply:client-7D4C8718A617->d16d800f-a890-4a7a-bda4-5bf97a65c0f2@group-7A1668DFAB34, cid=21, FAILED org.apache.ratis.protocol.NotLeaderException: Server d16d800f-a890-4a7a-bda4-5bf97a65c0f2@group-7A1668DFAB34 is not the leader e74ea0f8-bf41-4d93-a1fd-ac84c2b46512:192.168.34.8:33824, logIndex=0, commits[d16d800f-a890-4a7a-bda4-5bf97a65c0f2:c6, 41a8e196-af5b-4c71-b4d4-8d03270b35a0:c4, e74ea0f8-bf41-4d93-a1fd-ac84c2b46512:c6]
2019-09-12 04:01:37,318 [java.util.concurrent.ThreadPoolExecutor$Worker@16f1792d[State = -1, empty queue]] WARN  server.GrpcLogAppender (GrpcLogAppender.java:timeoutAppendRequest(200)) - e74ea0f8-bf41-4d93-a1fd-ac84c2b46512@group-7A1668DFAB34->41a8e196-af5b-4c71-b4d4-8d03270b35a0-GrpcLogAppender: appendEntries Timeout, request=e74ea0f8-bf41-4d93-a1fd-ac84c2b46512->41a8e196-af5b-4c71-b4d4-8d03270b35a0#46-t1, previous=(t:1, i:9), leaderCommit=6, initializing? false, entries: <empty>
2019-09-12 04:01:37,318 [java.util.concurrent.ThreadPoolExecutor$Worker@7b7c3362[State = -1, empty queue]] WARN  server.GrpcLogAppender (GrpcLogAppender.java:timeoutAppendRequest(200)) - e74ea0f8-bf41-4d93-a1fd-ac84c2b46512@group-7A1668DFAB34->d16d800f-a890-4a7a-bda4-5bf97a65c0f2-GrpcLogAppender: appendEntries Timeout, request=e74ea0f8-bf41-4d93-a1fd-ac84c2b46512->d16d800f-a890-4a7a-bda4-5bf97a65c0f2#46-t1, previous=(t:1, i:9), leaderCommit=6, initializing? false, entries: <empty>
2019-09-12 04:01:39,819 [java.util.concurrent.ThreadPoolExecutor$Worker@7b7c3362[State = -1, empty queue]] WARN  server.GrpcLogAppender (GrpcLogAppender.java:timeoutAppendRequest(200)) - e74ea0f8-bf41-4d93-a1fd-ac84c2b46512@group-7A1668DFAB34->d16d800f-a890-4a7a-bda4-5bf97a65c0f2-GrpcLogAppender: appendEntries Timeout, request=e74ea0f8-bf41-4d93-a1fd-ac84c2b46512->d16d800f-a890-4a7a-bda4-5bf97a65c0f2#47-t1, previous=(t:1, i:9), leaderCommit=6, initializing? false, entries: <empty>
2019-09-12 04:01:39,819 [java.util.concurrent.ThreadPoolExecutor$Worker@16f1792d[State = -1, empty queue]] WARN  server.GrpcLogAppender (GrpcLogAppender.java:timeoutAppendRequest(200)) - e74ea0f8-bf41-4d93-a1fd-ac84c2b46512@group-7A1668DFAB34->41a8e196-af5b-4c71-b4d4-8d03270b35a0-GrpcLogAppender: appendEntries Timeout, request=e74ea0f8-bf41-4d93-a1fd-ac84c2b46512->41a8e196-af5b-4c71-b4d4-8d03270b35a0#47-t1, previous=(t:1, i:9), leaderCommit=6, initializing? false, entries: <empty>
2019-09-12 04:01:40,511 [grpc-default-executor-2] INFO  client.GrpcClientProtocolClient (GrpcClientProtocolClient.java:onNext(264)) - client-7D4C8718A617->d16d800f-a890-4a7a-bda4-5bf97a65c0f2: receive RaftClientReply:client-7D4C8718A617->d16d800f-a890-4a7a-bda4-5bf97a65c0f2@group-7A1668DFAB34, cid=21, FAILED org.apache.ratis.protocol.NotLeaderException: Server d16d800f-a890-4a7a-bda4-5bf97a65c0f2@group-7A1668DFAB34 is not the leader e74ea0f8-bf41-4d93-a1fd-ac84c2b46512:192.168.34.8:33824, logIndex=0, commits[d16d800f-a890-4a7a-bda4-5bf97a65c0f2:c6, 41a8e196-af5b-4c71-b4d4-8d03270b35a0:c4, e74ea0f8-bf41-4d93-a1fd-ac84c2b46512:c6]
2019-09-12 04:01:42,320 [java.util.concurrent.ThreadPoolExecutor$Worker@7b7c3362[State = -1, empty queue]] WARN  server.GrpcLogAppender (GrpcLogAppender.java:timeoutAppendRequest(200)) - e74ea0f8-bf41-4d93-a1fd-ac84c2b46512@group-7A1668DFAB34->d16d800f-a890-4a7a-bda4-5bf97a65c0f2-GrpcLogAppender: appendEntries Timeout, request=e74ea0f8-bf41-4d93-a1fd-ac84c2b46512->d16d800f-a890-4a7a-bda4-5bf97a65c0f2#48-t1, previous=(t:1, i:9), leaderCommit=6, initializing? false, entries: <empty>
2019-09-12 04:01:42,320 [java.util.concurrent.ThreadPoolExecutor$Worker@16f1792d[State = -1, empty queue]] WARN  server.GrpcLogAppender (GrpcLogAppender.java:timeoutAppendRequest(200)) - e74ea0f8-bf41-4d93-a1fd-ac84c2b46512@group-7A1668DFAB34->41a8e196-af5b-4c71-b4d4-8d03270b35a0-GrpcLogAppender: appendEntries Timeout, request=e74ea0f8-bf41-4d93-a1fd-ac84c2b46512->41a8e196-af5b-4c71-b4d4-8d03270b35a0#48-t1, previous=(t:1, i:9), leaderCommit=6, initializing? false, entries: <empty>
2019-09-12 04:01:44,314 [41a8e196-af5b-4c71-b4d4-8d03270b35a0@group-7A1668DFAB34-SegmentedRaftLogWorker] WARN  segmented.SegmentedRaftLogWorker (SegmentedRaftLogWorker.java:getFromFuture(90)) - Timeout 9/~
org.apache.ratis.protocol.TimeoutIOException: Timeout 10s: WriteLog:7: (t:1, i:7), STATEMACHINELOGENTRY, client-7D4C8718A617, cid=21-writeStateMachineData
	at org.apache.ratis.util.IOUtils.getFromFuture(IOUtils.java:87)
	at org.apache.ratis.server.raftlog.segmented.SegmentedRaftLogWorker$StateMachineDataPolicy.getFromFuture(SegmentedRaftLogWorker.java:87)
	at org.apache.ratis.server.raftlog.segmented.SegmentedRaftLogWorker$WriteLog.execute(SegmentedRaftLogWorker.java:477)
	at org.apache.ratis.server.raftlog.segmented.SegmentedRaftLogWorker.run(SegmentedRaftLogWorker.java:289)
	at java.lang.Thread.run(Thread.java:748)
Caused by: java.util.concurrent.TimeoutException
	at java.util.concurrent.CompletableFuture.timedGet(CompletableFuture.java:1771)
	at java.util.concurrent.CompletableFuture.get(CompletableFuture.java:1915)
	at org.apache.ratis.util.IOUtils.getFromFuture(IOUtils.java:79)
	... 4 more
2019-09-12 04:01:44,443 [e74ea0f8-bf41-4d93-a1fd-ac84c2b46512@group-7A1668DFAB34-SegmentedRaftLogWorker] WARN  segmented.SegmentedRaftLogWorker (SegmentedRaftLogWorker.java:getFromFuture(90)) - Timeout 9/~
org.apache.ratis.protocol.TimeoutIOException: Timeout 10s: WriteLog:8: (t:1, i:8), STATEMACHINELOGENTRY, client-7D4C8718A617, cid=22-writeStateMachineData
	at org.apache.ratis.util.IOUtils.getFromFuture(IOUtils.java:87)
	at org.apache.ratis.server.raftlog.segmented.SegmentedRaftLogWorker$StateMachineDataPolicy.getFromFuture(SegmentedRaftLogWorker.java:87)
	at org.apache.ratis.server.raftlog.segmented.SegmentedRaftLogWorker$WriteLog.execute(SegmentedRaftLogWorker.java:477)
	at org.apache.ratis.server.raftlog.segmented.SegmentedRaftLogWorker.run(SegmentedRaftLogWorker.java:289)
	at java.lang.Thread.run(Thread.java:748)
Caused by: java.util.concurrent.TimeoutException
	at java.util.concurrent.CompletableFuture.timedGet(CompletableFuture.java:1771)
	at java.util.concurrent.CompletableFuture.get(CompletableFuture.java:1915)
	at org.apache.ratis.util.IOUtils.getFromFuture(IOUtils.java:79)
	... 4 more
2019-09-12 04:01:44,443 [d16d800f-a890-4a7a-bda4-5bf97a65c0f2@group-7A1668DFAB34-SegmentedRaftLogWorker] WARN  segmented.SegmentedRaftLogWorker (SegmentedRaftLogWorker.java:getFromFuture(90)) - Timeout 9/~
org.apache.ratis.protocol.TimeoutIOException: Timeout 10s: WriteLog:8: (t:1, i:8), STATEMACHINELOGENTRY, client-7D4C8718A617, cid=22-writeStateMachineData
	at org.apache.ratis.util.IOUtils.getFromFuture(IOUtils.java:87)
	at org.apache.ratis.server.raftlog.segmented.SegmentedRaftLogWorker$StateMachineDataPolicy.getFromFuture(SegmentedRaftLogWorker.java:87)
	at org.apache.ratis.server.raftlog.segmented.SegmentedRaftLogWorker$WriteLog.execute(SegmentedRaftLogWorker.java:477)
	at org.apache.ratis.server.raftlog.segmented.SegmentedRaftLogWorker.run(SegmentedRaftLogWorker.java:289)
	at java.lang.Thread.run(Thread.java:748)
Caused by: java.util.concurrent.TimeoutException
	at java.util.concurrent.CompletableFuture.timedGet(CompletableFuture.java:1771)
	at java.util.concurrent.CompletableFuture.get(CompletableFuture.java:1915)
	at org.apache.ratis.util.IOUtils.getFromFuture(IOUtils.java:79)
	... 4 more
2019-09-12 04:01:44,820 [java.util.concurrent.ThreadPoolExecutor$Worker@16f1792d[State = -1, empty queue]] WARN  server.GrpcLogAppender (GrpcLogAppender.java:timeoutAppendRequest(200)) - e74ea0f8-bf41-4d93-a1fd-ac84c2b46512@group-7A1668DFAB34->41a8e196-af5b-4c71-b4d4-8d03270b35a0-GrpcLogAppender: appendEntries Timeout, request=e74ea0f8-bf41-4d93-a1fd-ac84c2b46512->41a8e196-af5b-4c71-b4d4-8d03270b35a0#49-t1, previous=(t:1, i:9), leaderCommit=6, initializing? false, entries: <empty>
2019-09-12 04:01:44,820 [java.util.concurrent.ThreadPoolExecutor$Worker@7b7c3362[State = -1, empty queue]] WARN  server.GrpcLogAppender (GrpcLogAppender.java:timeoutAppendRequest(200)) - e74ea0f8-bf41-4d93-a1fd-ac84c2b46512@group-7A1668DFAB34->d16d800f-a890-4a7a-bda4-5bf97a65c0f2-GrpcLogAppender: appendEntries Timeout, request=e74ea0f8-bf41-4d93-a1fd-ac84c2b46512->d16d800f-a890-4a7a-bda4-5bf97a65c0f2#49-t1, previous=(t:1, i:9), leaderCommit=6, initializing? false, entries: <empty>
2019-09-12 04:01:45,580 [grpc-default-executor-6] INFO  client.GrpcClientProtocolClient (GrpcClientProtocolClient.java:onNext(264)) - client-7D4C8718A617->41a8e196-af5b-4c71-b4d4-8d03270b35a0: receive RaftClientReply:client-7D4C8718A617->41a8e196-af5b-4c71-b4d4-8d03270b35a0@group-7A1668DFAB34, cid=21, FAILED org.apache.ratis.protocol.NotLeaderException: Server 41a8e196-af5b-4c71-b4d4-8d03270b35a0@group-7A1668DFAB34 is not the leader e74ea0f8-bf41-4d93-a1fd-ac84c2b46512:192.168.34.8:33824, logIndex=0, commits[41a8e196-af5b-4c71-b4d4-8d03270b35a0:c6, e74ea0f8-bf41-4d93-a1fd-ac84c2b46512:c6, d16d800f-a890-4a7a-bda4-5bf97a65c0f2:c4]
2019-09-12 04:01:47,322 [java.util.concurrent.ThreadPoolExecutor$Worker@16f1792d[State = -1, empty queue]] WARN  server.GrpcLogAppender (GrpcLogAppender.java:timeoutAppendRequest(200)) - e74ea0f8-bf41-4d93-a1fd-ac84c2b46512@group-7A1668DFAB34->41a8e196-af5b-4c71-b4d4-8d03270b35a0-GrpcLogAppender: appendEntries Timeout, request=e74ea0f8-bf41-4d93-a1fd-ac84c2b46512->41a8e196-af5b-4c71-b4d4-8d03270b35a0#50-t1, previous=(t:1, i:9), leaderCommit=6, initializing? false, entries: <empty>
2019-09-12 04:01:47,322 [java.util.concurrent.ThreadPoolExecutor$Worker@7b7c3362[State = -1, empty queue]] WARN  server.GrpcLogAppender (GrpcLogAppender.java:timeoutAppendRequest(200)) - e74ea0f8-bf41-4d93-a1fd-ac84c2b46512@group-7A1668DFAB34->d16d800f-a890-4a7a-bda4-5bf97a65c0f2-GrpcLogAppender: appendEntries Timeout, request=e74ea0f8-bf41-4d93-a1fd-ac84c2b46512->d16d800f-a890-4a7a-bda4-5bf97a65c0f2#50-t1, previous=(t:1, i:9), leaderCommit=6, initializing? false, entries: <empty>
2019-09-12 04:01:49,823 [java.util.concurrent.ThreadPoolExecutor$Worker@7b7c3362[State = -1, empty queue]] WARN  server.GrpcLogAppender (GrpcLogAppender.java:timeoutAppendRequest(200)) - e74ea0f8-bf41-4d93-a1fd-ac84c2b46512@group-7A1668DFAB34->d16d800f-a890-4a7a-bda4-5bf97a65c0f2-GrpcLogAppender: appendEntries Timeout, request=e74ea0f8-bf41-4d93-a1fd-ac84c2b46512->d16d800f-a890-4a7a-bda4-5bf97a65c0f2#51-t1, previous=(t:1, i:9), leaderCommit=6, initializing? false, entries: <empty>
2019-09-12 04:01:49,823 [java.util.concurrent.ThreadPoolExecutor$Worker@16f1792d[State = -1, empty queue]] WARN  server.GrpcLogAppender (GrpcLogAppender.java:timeoutAppendRequest(200)) - e74ea0f8-bf41-4d93-a1fd-ac84c2b46512@group-7A1668DFAB34->41a8e196-af5b-4c71-b4d4-8d03270b35a0-GrpcLogAppender: appendEntries Timeout, request=e74ea0f8-bf41-4d93-a1fd-ac84c2b46512->41a8e196-af5b-4c71-b4d4-8d03270b35a0#51-t1, previous=(t:1, i:9), leaderCommit=6, initializing? false, entries: <empty>
2019-09-12 04:01:50,657 [grpc-default-executor-2] INFO  client.GrpcClientProtocolClient (GrpcClientProtocolClient.java:onNext(264)) - client-7D4C8718A617->d16d800f-a890-4a7a-bda4-5bf97a65c0f2: receive RaftClientReply:client-7D4C8718A617->d16d800f-a890-4a7a-bda4-5bf97a65c0f2@group-7A1668DFAB34, cid=21, FAILED org.apache.ratis.protocol.NotLeaderException: Server d16d800f-a890-4a7a-bda4-5bf97a65c0f2@group-7A1668DFAB34 is not the leader e74ea0f8-bf41-4d93-a1fd-ac84c2b46512:192.168.34.8:33824, logIndex=0, commits[d16d800f-a890-4a7a-bda4-5bf97a65c0f2:c6, 41a8e196-af5b-4c71-b4d4-8d03270b35a0:c4, e74ea0f8-bf41-4d93-a1fd-ac84c2b46512:c6]
2019-09-12 04:01:52,326 [java.util.concurrent.ThreadPoolExecutor$Worker@7b7c3362[State = -1, empty queue]] WARN  server.GrpcLogAppender (GrpcLogAppender.java:timeoutAppendRequest(200)) - e74ea0f8-bf41-4d93-a1fd-ac84c2b46512@group-7A1668DFAB34->d16d800f-a890-4a7a-bda4-5bf97a65c0f2-GrpcLogAppender: appendEntries Timeout, request=e74ea0f8-bf41-4d93-a1fd-ac84c2b46512->d16d800f-a890-4a7a-bda4-5bf97a65c0f2#52-t1, previous=(t:1, i:9), leaderCommit=6, initializing? false, entries: <empty>
2019-09-12 04:01:52,326 [java.util.concurrent.ThreadPoolExecutor$Worker@16f1792d[State = -1, empty queue]] WARN  server.GrpcLogAppender (GrpcLogAppender.java:timeoutAppendRequest(200)) - e74ea0f8-bf41-4d93-a1fd-ac84c2b46512@group-7A1668DFAB34->41a8e196-af5b-4c71-b4d4-8d03270b35a0-GrpcLogAppender: appendEntries Timeout, request=e74ea0f8-bf41-4d93-a1fd-ac84c2b46512->41a8e196-af5b-4c71-b4d4-8d03270b35a0#52-t1, previous=(t:1, i:9), leaderCommit=6, initializing? false, entries: <empty>
2019-09-12 04:01:54,317 [41a8e196-af5b-4c71-b4d4-8d03270b35a0@group-7A1668DFAB34-SegmentedRaftLogWorker] WARN  segmented.SegmentedRaftLogWorker (SegmentedRaftLogWorker.java:getFromFuture(90)) - Timeout 10/~
org.apache.ratis.protocol.TimeoutIOException: Timeout 10s: WriteLog:7: (t:1, i:7), STATEMACHINELOGENTRY, client-7D4C8718A617, cid=21-writeStateMachineData
	at org.apache.ratis.util.IOUtils.getFromFuture(IOUtils.java:87)
	at org.apache.ratis.server.raftlog.segmented.SegmentedRaftLogWorker$StateMachineDataPolicy.getFromFuture(SegmentedRaftLogWorker.java:87)
	at org.apache.ratis.server.raftlog.segmented.SegmentedRaftLogWorker$WriteLog.execute(SegmentedRaftLogWorker.java:477)
	at org.apache.ratis.server.raftlog.segmented.SegmentedRaftLogWorker.run(SegmentedRaftLogWorker.java:289)
	at java.lang.Thread.run(Thread.java:748)
Caused by: java.util.concurrent.TimeoutException
	at java.util.concurrent.CompletableFuture.timedGet(CompletableFuture.java:1771)
	at java.util.concurrent.CompletableFuture.get(CompletableFuture.java:1915)
	at org.apache.ratis.util.IOUtils.getFromFuture(IOUtils.java:79)
	... 4 more
2019-09-12 04:01:54,443 [e74ea0f8-bf41-4d93-a1fd-ac84c2b46512@group-7A1668DFAB34-SegmentedRaftLogWorker] WARN  segmented.SegmentedRaftLogWorker (SegmentedRaftLogWorker.java:getFromFuture(90)) - Timeout 10/~
org.apache.ratis.protocol.TimeoutIOException: Timeout 10s: WriteLog:8: (t:1, i:8), STATEMACHINELOGENTRY, client-7D4C8718A617, cid=22-writeStateMachineData
	at org.apache.ratis.util.IOUtils.getFromFuture(IOUtils.java:87)
	at org.apache.ratis.server.raftlog.segmented.SegmentedRaftLogWorker$StateMachineDataPolicy.getFromFuture(SegmentedRaftLogWorker.java:87)
	at org.apache.ratis.server.raftlog.segmented.SegmentedRaftLogWorker$WriteLog.execute(SegmentedRaftLogWorker.java:477)
	at org.apache.ratis.server.raftlog.segmented.SegmentedRaftLogWorker.run(SegmentedRaftLogWorker.java:289)
	at java.lang.Thread.run(Thread.java:748)
Caused by: java.util.concurrent.TimeoutException
	at java.util.concurrent.CompletableFuture.timedGet(CompletableFuture.java:1771)
	at java.util.concurrent.CompletableFuture.get(CompletableFuture.java:1915)
	at org.apache.ratis.util.IOUtils.getFromFuture(IOUtils.java:79)
	... 4 more
2019-09-12 04:01:54,444 [d16d800f-a890-4a7a-bda4-5bf97a65c0f2@group-7A1668DFAB34-SegmentedRaftLogWorker] WARN  segmented.SegmentedRaftLogWorker (SegmentedRaftLogWorker.java:getFromFuture(90)) - Timeout 10/~
org.apache.ratis.protocol.TimeoutIOException: Timeout 10s: WriteLog:8: (t:1, i:8), STATEMACHINELOGENTRY, client-7D4C8718A617, cid=22-writeStateMachineData
	at org.apache.ratis.util.IOUtils.getFromFuture(IOUtils.java:87)
	at org.apache.ratis.server.raftlog.segmented.SegmentedRaftLogWorker$StateMachineDataPolicy.getFromFuture(SegmentedRaftLogWorker.java:87)
	at org.apache.ratis.server.raftlog.segmented.SegmentedRaftLogWorker$WriteLog.execute(SegmentedRaftLogWorker.java:477)
	at org.apache.ratis.server.raftlog.segmented.SegmentedRaftLogWorker.run(SegmentedRaftLogWorker.java:289)
	at java.lang.Thread.run(Thread.java:748)
Caused by: java.util.concurrent.TimeoutException
	at java.util.concurrent.CompletableFuture.timedGet(CompletableFuture.java:1771)
	at java.util.concurrent.CompletableFuture.get(CompletableFuture.java:1915)
	at org.apache.ratis.util.IOUtils.getFromFuture(IOUtils.java:79)
	... 4 more
2019-09-12 04:01:54,828 [java.util.concurrent.ThreadPoolExecutor$Worker@7b7c3362[State = -1, empty queue]] WARN  server.GrpcLogAppender (GrpcLogAppender.java:timeoutAppendRequest(200)) - e74ea0f8-bf41-4d93-a1fd-ac84c2b46512@group-7A1668DFAB34->d16d800f-a890-4a7a-bda4-5bf97a65c0f2-GrpcLogAppender: appendEntries Timeout, request=e74ea0f8-bf41-4d93-a1fd-ac84c2b46512->d16d800f-a890-4a7a-bda4-5bf97a65c0f2#53-t1, previous=(t:1, i:9), leaderCommit=6, initializing? false, entries: <empty>
2019-09-12 04:01:54,828 [java.util.concurrent.ThreadPoolExecutor$Worker@16f1792d[State = -1, empty queue]] WARN  server.GrpcLogAppender (GrpcLogAppender.java:timeoutAppendRequest(200)) - e74ea0f8-bf41-4d93-a1fd-ac84c2b46512@group-7A1668DFAB34->41a8e196-af5b-4c71-b4d4-8d03270b35a0-GrpcLogAppender: appendEntries Timeout, request=e74ea0f8-bf41-4d93-a1fd-ac84c2b46512->41a8e196-af5b-4c71-b4d4-8d03270b35a0#53-t1, previous=(t:1, i:9), leaderCommit=6, initializing? false, entries: <empty>
2019-09-12 04:01:55,719 [grpc-default-executor-6] INFO  client.GrpcClientProtocolClient (GrpcClientProtocolClient.java:onNext(264)) - client-7D4C8718A617->41a8e196-af5b-4c71-b4d4-8d03270b35a0: receive RaftClientReply:client-7D4C8718A617->41a8e196-af5b-4c71-b4d4-8d03270b35a0@group-7A1668DFAB34, cid=21, FAILED org.apache.ratis.protocol.NotLeaderException: Server 41a8e196-af5b-4c71-b4d4-8d03270b35a0@group-7A1668DFAB34 is not the leader e74ea0f8-bf41-4d93-a1fd-ac84c2b46512:192.168.34.8:33824, logIndex=0, commits[41a8e196-af5b-4c71-b4d4-8d03270b35a0:c6, e74ea0f8-bf41-4d93-a1fd-ac84c2b46512:c6, d16d800f-a890-4a7a-bda4-5bf97a65c0f2:c4]
2019-09-12 04:01:57,330 [java.util.concurrent.ThreadPoolExecutor$Worker@7b7c3362[State = -1, empty queue]] WARN  server.GrpcLogAppender (GrpcLogAppender.java:timeoutAppendRequest(200)) - e74ea0f8-bf41-4d93-a1fd-ac84c2b46512@group-7A1668DFAB34->d16d800f-a890-4a7a-bda4-5bf97a65c0f2-GrpcLogAppender: appendEntries Timeout, request=e74ea0f8-bf41-4d93-a1fd-ac84c2b46512->d16d800f-a890-4a7a-bda4-5bf97a65c0f2#54-t1, previous=(t:1, i:9), leaderCommit=6, initializing? false, entries: <empty>
2019-09-12 04:01:57,330 [java.util.concurrent.ThreadPoolExecutor$Worker@16f1792d[State = -1, empty queue]] WARN  server.GrpcLogAppender (GrpcLogAppender.java:timeoutAppendRequest(200)) - e74ea0f8-bf41-4d93-a1fd-ac84c2b46512@group-7A1668DFAB34->41a8e196-af5b-4c71-b4d4-8d03270b35a0-GrpcLogAppender: appendEntries Timeout, request=e74ea0f8-bf41-4d93-a1fd-ac84c2b46512->41a8e196-af5b-4c71-b4d4-8d03270b35a0#54-t1, previous=(t:1, i:9), leaderCommit=6, initializing? false, entries: <empty>
2019-09-12 04:01:59,831 [java.util.concurrent.ThreadPoolExecutor$Worker@7b7c3362[State = -1, empty queue]] WARN  server.GrpcLogAppender (GrpcLogAppender.java:timeoutAppendRequest(200)) - e74ea0f8-bf41-4d93-a1fd-ac84c2b46512@group-7A1668DFAB34->d16d800f-a890-4a7a-bda4-5bf97a65c0f2-GrpcLogAppender: appendEntries Timeout, request=e74ea0f8-bf41-4d93-a1fd-ac84c2b46512->d16d800f-a890-4a7a-bda4-5bf97a65c0f2#55-t1, previous=(t:1, i:9), leaderCommit=6, initializing? false, entries: <empty>
2019-09-12 04:01:59,831 [java.util.concurrent.ThreadPoolExecutor$Worker@16f1792d[State = -1, empty queue]] WARN  server.GrpcLogAppender (GrpcLogAppender.java:timeoutAppendRequest(200)) - e74ea0f8-bf41-4d93-a1fd-ac84c2b46512@group-7A1668DFAB34->41a8e196-af5b-4c71-b4d4-8d03270b35a0-GrpcLogAppender: appendEntries Timeout, request=e74ea0f8-bf41-4d93-a1fd-ac84c2b46512->41a8e196-af5b-4c71-b4d4-8d03270b35a0#55-t1, previous=(t:1, i:9), leaderCommit=6, initializing? false, entries: <empty>
2019-09-12 04:02:00,785 [grpc-default-executor-2] INFO  client.GrpcClientProtocolClient (GrpcClientProtocolClient.java:onNext(264)) - client-7D4C8718A617->d16d800f-a890-4a7a-bda4-5bf97a65c0f2: receive RaftClientReply:client-7D4C8718A617->d16d800f-a890-4a7a-bda4-5bf97a65c0f2@group-7A1668DFAB34, cid=21, FAILED org.apache.ratis.protocol.NotLeaderException: Server d16d800f-a890-4a7a-bda4-5bf97a65c0f2@group-7A1668DFAB34 is not the leader e74ea0f8-bf41-4d93-a1fd-ac84c2b46512:192.168.34.8:33824, logIndex=0, commits[d16d800f-a890-4a7a-bda4-5bf97a65c0f2:c6, 41a8e196-af5b-4c71-b4d4-8d03270b35a0:c4, e74ea0f8-bf41-4d93-a1fd-ac84c2b46512:c6]
2019-09-12 04:02:02,332 [java.util.concurrent.ThreadPoolExecutor$Worker@7b7c3362[State = -1, empty queue]] WARN  server.GrpcLogAppender (GrpcLogAppender.java:timeoutAppendRequest(200)) - e74ea0f8-bf41-4d93-a1fd-ac84c2b46512@group-7A1668DFAB34->d16d800f-a890-4a7a-bda4-5bf97a65c0f2-GrpcLogAppender: appendEntries Timeout, request=e74ea0f8-bf41-4d93-a1fd-ac84c2b46512->d16d800f-a890-4a7a-bda4-5bf97a65c0f2#56-t1, previous=(t:1, i:9), leaderCommit=6, initializing? false, entries: <empty>
2019-09-12 04:02:02,332 [java.util.concurrent.ThreadPoolExecutor$Worker@16f1792d[State = -1, empty queue]] WARN  server.GrpcLogAppender (GrpcLogAppender.java:timeoutAppendRequest(200)) - e74ea0f8-bf41-4d93-a1fd-ac84c2b46512@group-7A1668DFAB34->41a8e196-af5b-4c71-b4d4-8d03270b35a0-GrpcLogAppender: appendEntries Timeout, request=e74ea0f8-bf41-4d93-a1fd-ac84c2b46512->41a8e196-af5b-4c71-b4d4-8d03270b35a0#56-t1, previous=(t:1, i:9), leaderCommit=6, initializing? false, entries: <empty>
2019-09-12 04:02:04,319 [41a8e196-af5b-4c71-b4d4-8d03270b35a0@group-7A1668DFAB34-SegmentedRaftLogWorker] WARN  segmented.SegmentedRaftLogWorker (SegmentedRaftLogWorker.java:getFromFuture(90)) - Timeout 11/~
org.apache.ratis.protocol.TimeoutIOException: Timeout 10s: WriteLog:7: (t:1, i:7), STATEMACHINELOGENTRY, client-7D4C8718A617, cid=21-writeStateMachineData
	at org.apache.ratis.util.IOUtils.getFromFuture(IOUtils.java:87)
	at org.apache.ratis.server.raftlog.segmented.SegmentedRaftLogWorker$StateMachineDataPolicy.getFromFuture(SegmentedRaftLogWorker.java:87)
	at org.apache.ratis.server.raftlog.segmented.SegmentedRaftLogWorker$WriteLog.execute(SegmentedRaftLogWorker.java:477)
	at org.apache.ratis.server.raftlog.segmented.SegmentedRaftLogWorker.run(SegmentedRaftLogWorker.java:289)
	at java.lang.Thread.run(Thread.java:748)
Caused by: java.util.concurrent.TimeoutException
	at java.util.concurrent.CompletableFuture.timedGet(CompletableFuture.java:1771)
	at java.util.concurrent.CompletableFuture.get(CompletableFuture.java:1915)
	at org.apache.ratis.util.IOUtils.getFromFuture(IOUtils.java:79)
	... 4 more
2019-09-12 04:02:04,380 [org.apache.ratis.server.impl.LogAppender$AppenderDaemon$$Lambda$490/586156626@5cfb40c9] ERROR ratis.XceiverServerRatis (XceiverServerRatis.java:triggerPipelineClose(568)) - pipeline Action CLOSE  on pipeline PipelineID=73e48434-27c3-4c74-96c6-7a1668dfab34.Reason : e74ea0f8-bf41-4d93-a1fd-ac84c2b46512 has not seen follower/s 41a8e196-af5b-4c71-b4d4-8d03270b35a0 for 121362ms d16d800f-a890-4a7a-bda4-5bf97a65c0f2 for 121365ms
2019-09-12 04:02:04,380 [org.apache.ratis.server.impl.LogAppender$AppenderDaemon$$Lambda$490/586156626@32b89603] ERROR ratis.XceiverServerRatis (XceiverServerRatis.java:triggerPipelineClose(568)) - pipeline Action CLOSE  on pipeline PipelineID=73e48434-27c3-4c74-96c6-7a1668dfab34.Reason : e74ea0f8-bf41-4d93-a1fd-ac84c2b46512 has not seen follower/s 41a8e196-af5b-4c71-b4d4-8d03270b35a0 for 121362ms d16d800f-a890-4a7a-bda4-5bf97a65c0f2 for 121365ms
2019-09-12 04:02:04,444 [e74ea0f8-bf41-4d93-a1fd-ac84c2b46512@group-7A1668DFAB34-SegmentedRaftLogWorker] WARN  segmented.SegmentedRaftLogWorker (SegmentedRaftLogWorker.java:getFromFuture(90)) - Timeout 11/~
org.apache.ratis.protocol.TimeoutIOException: Timeout 10s: WriteLog:8: (t:1, i:8), STATEMACHINELOGENTRY, client-7D4C8718A617, cid=22-writeStateMachineData
	at org.apache.ratis.util.IOUtils.getFromFuture(IOUtils.java:87)
	at org.apache.ratis.server.raftlog.segmented.SegmentedRaftLogWorker$StateMachineDataPolicy.getFromFuture(SegmentedRaftLogWorker.java:87)
	at org.apache.ratis.server.raftlog.segmented.SegmentedRaftLogWorker$WriteLog.execute(SegmentedRaftLogWorker.java:477)
	at org.apache.ratis.server.raftlog.segmented.SegmentedRaftLogWorker.run(SegmentedRaftLogWorker.java:289)
	at java.lang.Thread.run(Thread.java:748)
Caused by: java.util.concurrent.TimeoutException
	at java.util.concurrent.CompletableFuture.timedGet(CompletableFuture.java:1771)
	at java.util.concurrent.CompletableFuture.get(CompletableFuture.java:1915)
	at org.apache.ratis.util.IOUtils.getFromFuture(IOUtils.java:79)
	... 4 more
2019-09-12 04:02:04,445 [d16d800f-a890-4a7a-bda4-5bf97a65c0f2@group-7A1668DFAB34-SegmentedRaftLogWorker] WARN  segmented.SegmentedRaftLogWorker (SegmentedRaftLogWorker.java:getFromFuture(90)) - Timeout 11/~
org.apache.ratis.protocol.TimeoutIOException: Timeout 10s: WriteLog:8: (t:1, i:8), STATEMACHINELOGENTRY, client-7D4C8718A617, cid=22-writeStateMachineData
	at org.apache.ratis.util.IOUtils.getFromFuture(IOUtils.java:87)
	at org.apache.ratis.server.raftlog.segmented.SegmentedRaftLogWorker$StateMachineDataPolicy.getFromFuture(SegmentedRaftLogWorker.java:87)
	at org.apache.ratis.server.raftlog.segmented.SegmentedRaftLogWorker$WriteLog.execute(SegmentedRaftLogWorker.java:477)
	at org.apache.ratis.server.raftlog.segmented.SegmentedRaftLogWorker.run(SegmentedRaftLogWorker.java:289)
	at java.lang.Thread.run(Thread.java:748)
Caused by: java.util.concurrent.TimeoutException
	at java.util.concurrent.CompletableFuture.timedGet(CompletableFuture.java:1771)
	at java.util.concurrent.CompletableFuture.get(CompletableFuture.java:1915)
	at org.apache.ratis.util.IOUtils.getFromFuture(IOUtils.java:79)
	... 4 more
2019-09-12 04:02:04,461 [EventQueue-PipelineActionsForPipelineActionHandler] ERROR pipeline.PipelineActionHandler (PipelineActionHandler.java:onMessage(60)) - Received pipeline action CLOSE for Pipeline[ Id: 73e48434-27c3-4c74-96c6-7a1668dfab34, Nodes: d16d800f-a890-4a7a-bda4-5bf97a65c0f2{ip: 192.168.34.8, host: pr-hdds-1879-pbs75-1821932185, networkLocation: /default-rack, certSerialId: null}41a8e196-af5b-4c71-b4d4-8d03270b35a0{ip: 192.168.34.8, host: pr-hdds-1879-pbs75-1821932185, networkLocation: /default-rack, certSerialId: null}e74ea0f8-bf41-4d93-a1fd-ac84c2b46512{ip: 192.168.34.8, host: pr-hdds-1879-pbs75-1821932185, networkLocation: /default-rack, certSerialId: null}, Type:RATIS, Factor:THREE, State:OPEN] from datanode e74ea0f8-bf41-4d93-a1fd-ac84c2b46512{ip: 192.168.34.8, host: pr-hdds-1879-pbs75-1821932185, networkLocation: /default-rack, certSerialId: null}. Reason : e74ea0f8-bf41-4d93-a1fd-ac84c2b46512 has not seen follower/s 41a8e196-af5b-4c71-b4d4-8d03270b35a0 for 121362ms d16d800f-a890-4a7a-bda4-5bf97a65c0f2 for 121365ms
2019-09-12 04:02:04,462 [EventQueue-PipelineActionsForPipelineActionHandler] INFO  pipeline.SCMPipelineManager (SCMPipelineManager.java:finalizeAndDestroyPipeline(311)) - destroying pipeline:Pipeline[ Id: 73e48434-27c3-4c74-96c6-7a1668dfab34, Nodes: d16d800f-a890-4a7a-bda4-5bf97a65c0f2{ip: 192.168.34.8, host: pr-hdds-1879-pbs75-1821932185, networkLocation: /default-rack, certSerialId: null}41a8e196-af5b-4c71-b4d4-8d03270b35a0{ip: 192.168.34.8, host: pr-hdds-1879-pbs75-1821932185, networkLocation: /default-rack, certSerialId: null}e74ea0f8-bf41-4d93-a1fd-ac84c2b46512{ip: 192.168.34.8, host: pr-hdds-1879-pbs75-1821932185, networkLocation: /default-rack, certSerialId: null}, Type:RATIS, Factor:THREE, State:OPEN]
2019-09-12 04:02:04,463 [EventQueue-PipelineActionsForPipelineActionHandler] INFO  pipeline.PipelineStateManager (PipelineStateManager.java:finalizePipeline(123)) - Pipeline Pipeline[ Id: 73e48434-27c3-4c74-96c6-7a1668dfab34, Nodes: d16d800f-a890-4a7a-bda4-5bf97a65c0f2{ip: 192.168.34.8, host: pr-hdds-1879-pbs75-1821932185, networkLocation: /default-rack, certSerialId: null}41a8e196-af5b-4c71-b4d4-8d03270b35a0{ip: 192.168.34.8, host: pr-hdds-1879-pbs75-1821932185, networkLocation: /default-rack, certSerialId: null}e74ea0f8-bf41-4d93-a1fd-ac84c2b46512{ip: 192.168.34.8, host: pr-hdds-1879-pbs75-1821932185, networkLocation: /default-rack, certSerialId: null}, Type:RATIS, Factor:THREE, State:CLOSED] moved to CLOSED state
2019-09-12 04:02:04,466 [EventQueue-CloseContainerForCloseContainerEventHandler] INFO  container.CloseContainerEventHandler (CloseContainerEventHandler.java:onMessage(61)) - Close container Event triggered for container : #1
2019-09-12 04:02:04,471 [EventQueue-CloseContainerForCloseContainerEventHandler] INFO  container.CloseContainerEventHandler (CloseContainerEventHandler.java:onMessage(61)) - Close container Event triggered for container : #3
2019-09-12 04:02:04,834 [java.util.concurrent.ThreadPoolExecutor$Worker@7b7c3362[State = -1, empty queue]] WARN  server.GrpcLogAppender (GrpcLogAppender.java:timeoutAppendRequest(200)) - e74ea0f8-bf41-4d93-a1fd-ac84c2b46512@group-7A1668DFAB34->d16d800f-a890-4a7a-bda4-5bf97a65c0f2-GrpcLogAppender: appendEntries Timeout, request=e74ea0f8-bf41-4d93-a1fd-ac84c2b46512->d16d800f-a890-4a7a-bda4-5bf97a65c0f2#57-t1, previous=(t:1, i:9), leaderCommit=6, initializing? false, entries: <empty>
2019-09-12 04:02:04,834 [java.util.concurrent.ThreadPoolExecutor$Worker@16f1792d[State = -1, empty queue]] WARN  server.GrpcLogAppender (GrpcLogAppender.java:timeoutAppendRequest(200)) - e74ea0f8-bf41-4d93-a1fd-ac84c2b46512@group-7A1668DFAB34->41a8e196-af5b-4c71-b4d4-8d03270b35a0-GrpcLogAppender: appendEntries Timeout, request=e74ea0f8-bf41-4d93-a1fd-ac84c2b46512->41a8e196-af5b-4c71-b4d4-8d03270b35a0#57-t1, previous=(t:1, i:9), leaderCommit=6, initializing? false, entries: <empty>
2019-09-12 04:02:05,834 [grpc-default-executor-6] INFO  client.GrpcClientProtocolClient (GrpcClientProtocolClient.java:onNext(264)) - client-7D4C8718A617->41a8e196-af5b-4c71-b4d4-8d03270b35a0: receive RaftClientReply:client-7D4C8718A617->41a8e196-af5b-4c71-b4d4-8d03270b35a0@group-7A1668DFAB34, cid=21, FAILED org.apache.ratis.protocol.NotLeaderException: Server 41a8e196-af5b-4c71-b4d4-8d03270b35a0@group-7A1668DFAB34 is not the leader e74ea0f8-bf41-4d93-a1fd-ac84c2b46512:192.168.34.8:33824, logIndex=0, commits[41a8e196-af5b-4c71-b4d4-8d03270b35a0:c6, e74ea0f8-bf41-4d93-a1fd-ac84c2b46512:c6, d16d800f-a890-4a7a-bda4-5bf97a65c0f2:c4]
2019-09-12 04:02:06,518 [org.apache.ratis.server.impl.LogAppender$AppenderDaemon$$Lambda$490/586156626@32b89603] ERROR ratis.XceiverServerRatis (XceiverServerRatis.java:triggerPipelineClose(568)) - pipeline Action CLOSE  on pipeline PipelineID=73e48434-27c3-4c74-96c6-7a1668dfab34.Reason : e74ea0f8-bf41-4d93-a1fd-ac84c2b46512 has not seen follower/s 41a8e196-af5b-4c71-b4d4-8d03270b35a0 for 123527ms d16d800f-a890-4a7a-bda4-5bf97a65c0f2 for 123527ms
2019-09-12 04:02:06,519 [org.apache.ratis.server.impl.LogAppender$AppenderDaemon$$Lambda$490/586156626@5cfb40c9] ERROR ratis.XceiverServerRatis (XceiverServerRatis.java:triggerPipelineClose(568)) - pipeline Action CLOSE  on pipeline PipelineID=73e48434-27c3-4c74-96c6-7a1668dfab34.Reason : e74ea0f8-bf41-4d93-a1fd-ac84c2b46512 has not seen follower/s 41a8e196-af5b-4c71-b4d4-8d03270b35a0 for 123527ms d16d800f-a890-4a7a-bda4-5bf97a65c0f2 for 123527ms
2019-09-12 04:02:07,334 [java.util.concurrent.ThreadPoolExecutor$Worker@16f1792d[State = -1, empty queue]] WARN  server.GrpcLogAppender (GrpcLogAppender.java:timeoutAppendRequest(200)) - e74ea0f8-bf41-4d93-a1fd-ac84c2b46512@group-7A1668DFAB34->41a8e196-af5b-4c71-b4d4-8d03270b35a0-GrpcLogAppender: appendEntries Timeout, request=e74ea0f8-bf41-4d93-a1fd-ac84c2b46512->41a8e196-af5b-4c71-b4d4-8d03270b35a0#58-t1, previous=(t:1, i:9), leaderCommit=6, initializing? false, entries: <empty>
2019-09-12 04:02:07,334 [java.util.concurrent.ThreadPoolExecutor$Worker@7b7c3362[State = -1, empty queue]] WARN  server.GrpcLogAppender (GrpcLogAppender.java:timeoutAppendRequest(200)) - e74ea0f8-bf41-4d93-a1fd-ac84c2b46512@group-7A1668DFAB34->d16d800f-a890-4a7a-bda4-5bf97a65c0f2-GrpcLogAppender: appendEntries Timeout, request=e74ea0f8-bf41-4d93-a1fd-ac84c2b46512->d16d800f-a890-4a7a-bda4-5bf97a65c0f2#58-t1, previous=(t:1, i:9), leaderCommit=6, initializing? false, entries: <empty>
2019-09-12 04:02:07,514 [EventQueue-PipelineActionsForPipelineActionHandler] ERROR pipeline.PipelineActionHandler (PipelineActionHandler.java:onMessage(60)) - Received pipeline action CLOSE for Pipeline[ Id: 73e48434-27c3-4c74-96c6-7a1668dfab34, Nodes: d16d800f-a890-4a7a-bda4-5bf97a65c0f2{ip: 192.168.34.8, host: pr-hdds-1879-pbs75-1821932185, networkLocation: /default-rack, certSerialId: null}41a8e196-af5b-4c71-b4d4-8d03270b35a0{ip: 192.168.34.8, host: pr-hdds-1879-pbs75-1821932185, networkLocation: /default-rack, certSerialId: null}e74ea0f8-bf41-4d93-a1fd-ac84c2b46512{ip: 192.168.34.8, host: pr-hdds-1879-pbs75-1821932185, networkLocation: /default-rack, certSerialId: null}, Type:RATIS, Factor:THREE, State:CLOSED] from datanode e74ea0f8-bf41-4d93-a1fd-ac84c2b46512{ip: 192.168.34.8, host: pr-hdds-1879-pbs75-1821932185, networkLocation: /default-rack, certSerialId: null}. Reason : e74ea0f8-bf41-4d93-a1fd-ac84c2b46512 has not seen follower/s 41a8e196-af5b-4c71-b4d4-8d03270b35a0 for 123527ms d16d800f-a890-4a7a-bda4-5bf97a65c0f2 for 123527ms
2019-09-12 04:02:07,514 [EventQueue-PipelineActionsForPipelineActionHandler] INFO  pipeline.SCMPipelineManager (SCMPipelineManager.java:finalizeAndDestroyPipeline(311)) - destroying pipeline:Pipeline[ Id: 73e48434-27c3-4c74-96c6-7a1668dfab34, Nodes: d16d800f-a890-4a7a-bda4-5bf97a65c0f2{ip: 192.168.34.8, host: pr-hdds-1879-pbs75-1821932185, networkLocation: /default-rack, certSerialId: null}41a8e196-af5b-4c71-b4d4-8d03270b35a0{ip: 192.168.34.8, host: pr-hdds-1879-pbs75-1821932185, networkLocation: /default-rack, certSerialId: null}e74ea0f8-bf41-4d93-a1fd-ac84c2b46512{ip: 192.168.34.8, host: pr-hdds-1879-pbs75-1821932185, networkLocation: /default-rack, certSerialId: null}, Type:RATIS, Factor:THREE, State:CLOSED]
2019-09-12 04:02:09,019 [org.apache.ratis.server.impl.LogAppender$AppenderDaemon$$Lambda$490/586156626@5cfb40c9] ERROR ratis.XceiverServerRatis (XceiverServerRatis.java:triggerPipelineClose(568)) - pipeline Action CLOSE  on pipeline PipelineID=73e48434-27c3-4c74-96c6-7a1668dfab34.Reason : e74ea0f8-bf41-4d93-a1fd-ac84c2b46512 has not seen follower/s 41a8e196-af5b-4c71-b4d4-8d03270b35a0 for 126028ms d16d800f-a890-4a7a-bda4-5bf97a65c0f2 for 126028ms
2019-09-12 04:02:09,019 [org.apache.ratis.server.impl.LogAppender$AppenderDaemon$$Lambda$490/586156626@32b89603] ERROR ratis.XceiverServerRatis (XceiverServerRatis.java:triggerPipelineClose(568)) - pipeline Action CLOSE  on pipeline PipelineID=73e48434-27c3-4c74-96c6-7a1668dfab34.Reason : e74ea0f8-bf41-4d93-a1fd-ac84c2b46512 has not seen follower/s 41a8e196-af5b-4c71-b4d4-8d03270b35a0 for 126028ms d16d800f-a890-4a7a-bda4-5bf97a65c0f2 for 126028ms
2019-09-12 04:02:09,514 [EventQueue-PipelineActionsForPipelineActionHandler] ERROR pipeline.PipelineActionHandler (PipelineActionHandler.java:onMessage(60)) - Received pipeline action CLOSE for Pipeline[ Id: 73e48434-27c3-4c74-96c6-7a1668dfab34, Nodes: d16d800f-a890-4a7a-bda4-5bf97a65c0f2{ip: 192.168.34.8, host: pr-hdds-1879-pbs75-1821932185, networkLocation: /default-rack, certSerialId: null}41a8e196-af5b-4c71-b4d4-8d03270b35a0{ip: 192.168.34.8, host: pr-hdds-1879-pbs75-1821932185, networkLocation: /default-rack, certSerialId: null}e74ea0f8-bf41-4d93-a1fd-ac84c2b46512{ip: 192.168.34.8, host: pr-hdds-1879-pbs75-1821932185, networkLocation: /default-rack, certSerialId: null}, Type:RATIS, Factor:THREE, State:CLOSED] from datanode e74ea0f8-bf41-4d93-a1fd-ac84c2b46512{ip: 192.168.34.8, host: pr-hdds-1879-pbs75-1821932185, networkLocation: /default-rack, certSerialId: null}. Reason : e74ea0f8-bf41-4d93-a1fd-ac84c2b46512 has not seen follower/s 41a8e196-af5b-4c71-b4d4-8d03270b35a0 for 126028ms d16d800f-a890-4a7a-bda4-5bf97a65c0f2 for 126028ms
2019-09-12 04:02:09,514 [EventQueue-PipelineActionsForPipelineActionHandler] INFO  pipeline.SCMPipelineManager (SCMPipelineManager.java:finalizeAndDestroyPipeline(311)) - destroying pipeline:Pipeline[ Id: 73e48434-27c3-4c74-96c6-7a1668dfab34, Nodes: d16d800f-a890-4a7a-bda4-5bf97a65c0f2{ip: 192.168.34.8, host: pr-hdds-1879-pbs75-1821932185, networkLocation: /default-rack, certSerialId: null}41a8e196-af5b-4c71-b4d4-8d03270b35a0{ip: 192.168.34.8, host: pr-hdds-1879-pbs75-1821932185, networkLocation: /default-rack, certSerialId: null}e74ea0f8-bf41-4d93-a1fd-ac84c2b46512{ip: 192.168.34.8, host: pr-hdds-1879-pbs75-1821932185, networkLocation: /default-rack, certSerialId: null}, Type:RATIS, Factor:THREE, State:CLOSED]
2019-09-12 04:02:09,518 [java.util.concurrent.ThreadPoolExecutor$Worker@16f1792d[State = -1, empty queue]] WARN  server.GrpcLogAppender (GrpcLogAppender.java:timeoutAppendRequest(200)) - e74ea0f8-bf41-4d93-a1fd-ac84c2b46512@group-7A1668DFAB34->41a8e196-af5b-4c71-b4d4-8d03270b35a0-GrpcLogAppender: appendEntries Timeout, request=e74ea0f8-bf41-4d93-a1fd-ac84c2b46512->41a8e196-af5b-4c71-b4d4-8d03270b35a0#59-t1, previous=(t:1, i:9), leaderCommit=6, initializing? false, entries: size=1, first=(t:1, i:10), STATEMACHINELOGENTRY, client-8DCD1FECC003, cid=0
2019-09-12 04:02:09,518 [java.util.concurrent.ThreadPoolExecutor$Worker@7b7c3362[State = -1, empty queue]] WARN  server.GrpcLogAppender (GrpcLogAppender.java:timeoutAppendRequest(200)) - e74ea0f8-bf41-4d93-a1fd-ac84c2b46512@group-7A1668DFAB34->d16d800f-a890-4a7a-bda4-5bf97a65c0f2-GrpcLogAppender: appendEntries Timeout, request=e74ea0f8-bf41-4d93-a1fd-ac84c2b46512->d16d800f-a890-4a7a-bda4-5bf97a65c0f2#59-t1, previous=(t:1, i:9), leaderCommit=6, initializing? false, entries: size=1, first=(t:1, i:10), STATEMACHINELOGENTRY, client-8DCD1FECC003, cid=0
2019-09-12 04:02:10,889 [grpc-default-executor-6] INFO  client.GrpcClientProtocolClient (GrpcClientProtocolClient.java:onNext(264)) - client-7D4C8718A617->41a8e196-af5b-4c71-b4d4-8d03270b35a0: receive RaftClientReply:client-7D4C8718A617->41a8e196-af5b-4c71-b4d4-8d03270b35a0@group-7A1668DFAB34, cid=21, FAILED org.apache.ratis.protocol.NotLeaderException: Server 41a8e196-af5b-4c71-b4d4-8d03270b35a0@group-7A1668DFAB34 is not the leader e74ea0f8-bf41-4d93-a1fd-ac84c2b46512:192.168.34.8:33824, logIndex=0, commits[41a8e196-af5b-4c71-b4d4-8d03270b35a0:c6, e74ea0f8-bf41-4d93-a1fd-ac84c2b46512:c6, d16d800f-a890-4a7a-bda4-5bf97a65c0f2:c4]
2019-09-12 04:02:11,520 [org.apache.ratis.server.impl.LogAppender$AppenderDaemon$$Lambda$490/586156626@5cfb40c9] ERROR ratis.XceiverServerRatis (XceiverServerRatis.java:triggerPipelineClose(568)) - pipeline Action CLOSE  on pipeline PipelineID=73e48434-27c3-4c74-96c6-7a1668dfab34.Reason : e74ea0f8-bf41-4d93-a1fd-ac84c2b46512 has not seen follower/s 41a8e196-af5b-4c71-b4d4-8d03270b35a0 for 128529ms d16d800f-a890-4a7a-bda4-5bf97a65c0f2 for 128529ms
2019-09-12 04:02:11,520 [org.apache.ratis.server.impl.LogAppender$AppenderDaemon$$Lambda$490/586156626@32b89603] ERROR ratis.XceiverServerRatis (XceiverServerRatis.java:triggerPipelineClose(568)) - pipeline Action CLOSE  on pipeline PipelineID=73e48434-27c3-4c74-96c6-7a1668dfab34.Reason : e74ea0f8-bf41-4d93-a1fd-ac84c2b46512 has not seen follower/s 41a8e196-af5b-4c71-b4d4-8d03270b35a0 for 128529ms d16d800f-a890-4a7a-bda4-5bf97a65c0f2 for 128529ms
2019-09-12 04:02:12,019 [java.util.concurrent.ThreadPoolExecutor$Worker@7b7c3362[State = -1, empty queue]] WARN  server.GrpcLogAppender (GrpcLogAppender.java:timeoutAppendRequest(200)) - e74ea0f8-bf41-4d93-a1fd-ac84c2b46512@group-7A1668DFAB34->d16d800f-a890-4a7a-bda4-5bf97a65c0f2-GrpcLogAppender: appendEntries Timeout, request=e74ea0f8-bf41-4d93-a1fd-ac84c2b46512->d16d800f-a890-4a7a-bda4-5bf97a65c0f2#60-t1, previous=(t:1, i:10), leaderCommit=6, initializing? false, entries: <empty>
2019-09-12 04:02:12,019 [java.util.concurrent.ThreadPoolExecutor$Worker@16f1792d[State = -1, empty queue]] WARN  server.GrpcLogAppender (GrpcLogAppender.java:timeoutAppendRequest(200)) - e74ea0f8-bf41-4d93-a1fd-ac84c2b46512@group-7A1668DFAB34->41a8e196-af5b-4c71-b4d4-8d03270b35a0-GrpcLogAppender: appendEntries Timeout, request=e74ea0f8-bf41-4d93-a1fd-ac84c2b46512->41a8e196-af5b-4c71-b4d4-8d03270b35a0#60-t1, previous=(t:1, i:10), leaderCommit=6, initializing? false, entries: <empty>
2019-09-12 04:02:12,515 [EventQueue-PipelineActionsForPipelineActionHandler] ERROR pipeline.PipelineActionHandler (PipelineActionHandler.java:onMessage(60)) - Received pipeline action CLOSE for Pipeline[ Id: 73e48434-27c3-4c74-96c6-7a1668dfab34, Nodes: d16d800f-a890-4a7a-bda4-5bf97a65c0f2{ip: 192.168.34.8, host: pr-hdds-1879-pbs75-1821932185, networkLocation: /default-rack, certSerialId: null}41a8e196-af5b-4c71-b4d4-8d03270b35a0{ip: 192.168.34.8, host: pr-hdds-1879-pbs75-1821932185, networkLocation: /default-rack, certSerialId: null}e74ea0f8-bf41-4d93-a1fd-ac84c2b46512{ip: 192.168.34.8, host: pr-hdds-1879-pbs75-1821932185, networkLocation: /default-rack, certSerialId: null}, Type:RATIS, Factor:THREE, State:CLOSED] from datanode e74ea0f8-bf41-4d93-a1fd-ac84c2b46512{ip: 192.168.34.8, host: pr-hdds-1879-pbs75-1821932185, networkLocation: /default-rack, certSerialId: null}. Reason : e74ea0f8-bf41-4d93-a1fd-ac84c2b46512 has not seen follower/s 41a8e196-af5b-4c71-b4d4-8d03270b35a0 for 128529ms d16d800f-a890-4a7a-bda4-5bf97a65c0f2 for 128529ms
2019-09-12 04:02:12,515 [EventQueue-PipelineActionsForPipelineActionHandler] INFO  pipeline.SCMPipelineManager (SCMPipelineManager.java:finalizeAndDestroyPipeline(311)) - destroying pipeline:Pipeline[ Id: 73e48434-27c3-4c74-96c6-7a1668dfab34, Nodes: d16d800f-a890-4a7a-bda4-5bf97a65c0f2{ip: 192.168.34.8, host: pr-hdds-1879-pbs75-1821932185, networkLocation: /default-rack, certSerialId: null}41a8e196-af5b-4c71-b4d4-8d03270b35a0{ip: 192.168.34.8, host: pr-hdds-1879-pbs75-1821932185, networkLocation: /default-rack, certSerialId: null}e74ea0f8-bf41-4d93-a1fd-ac84c2b46512{ip: 192.168.34.8, host: pr-hdds-1879-pbs75-1821932185, networkLocation: /default-rack, certSerialId: null}, Type:RATIS, Factor:THREE, State:CLOSED]
2019-09-12 04:02:14,021 [org.apache.ratis.server.impl.LogAppender$AppenderDaemon$$Lambda$490/586156626@32b89603] ERROR ratis.XceiverServerRatis (XceiverServerRatis.java:triggerPipelineClose(568)) - pipeline Action CLOSE  on pipeline PipelineID=73e48434-27c3-4c74-96c6-7a1668dfab34.Reason : e74ea0f8-bf41-4d93-a1fd-ac84c2b46512 has not seen follower/s 41a8e196-af5b-4c71-b4d4-8d03270b35a0 for 131029ms d16d800f-a890-4a7a-bda4-5bf97a65c0f2 for 131030ms
2019-09-12 04:02:14,024 [org.apache.ratis.server.impl.LogAppender$AppenderDaemon$$Lambda$490/586156626@5cfb40c9] ERROR ratis.XceiverServerRatis (XceiverServerRatis.java:triggerPipelineClose(568)) - pipeline Action CLOSE  on pipeline PipelineID=73e48434-27c3-4c74-96c6-7a1668dfab34.Reason : e74ea0f8-bf41-4d93-a1fd-ac84c2b46512 has not seen follower/s 41a8e196-af5b-4c71-b4d4-8d03270b35a0 for 131032ms d16d800f-a890-4a7a-bda4-5bf97a65c0f2 for 131033ms
2019-09-12 04:02:14,323 [41a8e196-af5b-4c71-b4d4-8d03270b35a0@group-7A1668DFAB34-SegmentedRaftLogWorker] WARN  segmented.SegmentedRaftLogWorker (SegmentedRaftLogWorker.java:getFromFuture(90)) - Timeout 12/~
org.apache.ratis.protocol.TimeoutIOException: Timeout 10s: WriteLog:7: (t:1, i:7), STATEMACHINELOGENTRY, client-7D4C8718A617, cid=21-writeStateMachineData
	at org.apache.ratis.util.IOUtils.getFromFuture(IOUtils.java:87)
	at org.apache.ratis.server.raftlog.segmented.SegmentedRaftLogWorker$StateMachineDataPolicy.getFromFuture(SegmentedRaftLogWorker.java:87)
	at org.apache.ratis.server.raftlog.segmented.SegmentedRaftLogWorker$WriteLog.execute(SegmentedRaftLogWorker.java:477)
	at org.apache.ratis.server.raftlog.segmented.SegmentedRaftLogWorker.run(SegmentedRaftLogWorker.java:289)
	at java.lang.Thread.run(Thread.java:748)
Caused by: java.util.concurrent.TimeoutException
	at java.util.concurrent.CompletableFuture.timedGet(CompletableFuture.java:1771)
	at java.util.concurrent.CompletableFuture.get(CompletableFuture.java:1915)
	at org.apache.ratis.util.IOUtils.getFromFuture(IOUtils.java:79)
	... 4 more
2019-09-12 04:02:14,446 [e74ea0f8-bf41-4d93-a1fd-ac84c2b46512@group-7A1668DFAB34-SegmentedRaftLogWorker] WARN  segmented.SegmentedRaftLogWorker (SegmentedRaftLogWorker.java:getFromFuture(90)) - Timeout 12/~
org.apache.ratis.protocol.TimeoutIOException: Timeout 10s: WriteLog:8: (t:1, i:8), STATEMACHINELOGENTRY, client-7D4C8718A617, cid=22-writeStateMachineData
	at org.apache.ratis.util.IOUtils.getFromFuture(IOUtils.java:87)
	at org.apache.ratis.server.raftlog.segmented.SegmentedRaftLogWorker$StateMachineDataPolicy.getFromFuture(SegmentedRaftLogWorker.java:87)
	at org.apache.ratis.server.raftlog.segmented.SegmentedRaftLogWorker$WriteLog.execute(SegmentedRaftLogWorker.java:477)
	at org.apache.ratis.server.raftlog.segmented.SegmentedRaftLogWorker.run(SegmentedRaftLogWorker.java:289)
	at java.lang.Thread.run(Thread.java:748)
Caused by: java.util.concurrent.TimeoutException
	at java.util.concurrent.CompletableFuture.timedGet(CompletableFuture.java:1771)
	at java.util.concurrent.CompletableFuture.get(CompletableFuture.java:1915)
	at org.apache.ratis.util.IOUtils.getFromFuture(IOUtils.java:79)
	... 4 more
2019-09-12 04:02:14,446 [d16d800f-a890-4a7a-bda4-5bf97a65c0f2@group-7A1668DFAB34-SegmentedRaftLogWorker] WARN  segmented.SegmentedRaftLogWorker (SegmentedRaftLogWorker.java:getFromFuture(90)) - Timeout 12/~
org.apache.ratis.protocol.TimeoutIOException: Timeout 10s: WriteLog:8: (t:1, i:8), STATEMACHINELOGENTRY, client-7D4C8718A617, cid=22-writeStateMachineData
	at org.apache.ratis.util.IOUtils.getFromFuture(IOUtils.java:87)
	at org.apache.ratis.server.raftlog.segmented.SegmentedRaftLogWorker$StateMachineDataPolicy.getFromFuture(SegmentedRaftLogWorker.java:87)
	at org.apache.ratis.server.raftlog.segmented.SegmentedRaftLogWorker$WriteLog.execute(SegmentedRaftLogWorker.java:477)
	at org.apache.ratis.server.raftlog.segmented.SegmentedRaftLogWorker.run(SegmentedRaftLogWorker.java:289)
	at java.lang.Thread.run(Thread.java:748)
Caused by: java.util.concurrent.TimeoutException
	at java.util.concurrent.CompletableFuture.timedGet(CompletableFuture.java:1771)
	at java.util.concurrent.CompletableFuture.get(CompletableFuture.java:1915)
	at org.apache.ratis.util.IOUtils.getFromFuture(IOUtils.java:79)
	... 4 more
2019-09-12 04:02:14,514 [EventQueue-PipelineActionsForPipelineActionHandler] ERROR pipeline.PipelineActionHandler (PipelineActionHandler.java:onMessage(60)) - Received pipeline action CLOSE for Pipeline[ Id: 73e48434-27c3-4c74-96c6-7a1668dfab34, Nodes: d16d800f-a890-4a7a-bda4-5bf97a65c0f2{ip: 192.168.34.8, host: pr-hdds-1879-pbs75-1821932185, networkLocation: /default-rack, certSerialId: null}41a8e196-af5b-4c71-b4d4-8d03270b35a0{ip: 192.168.34.8, host: pr-hdds-1879-pbs75-1821932185, networkLocation: /default-rack, certSerialId: null}e74ea0f8-bf41-4d93-a1fd-ac84c2b46512{ip: 192.168.34.8, host: pr-hdds-1879-pbs75-1821932185, networkLocation: /default-rack, certSerialId: null}, Type:RATIS, Factor:THREE, State:CLOSED] from datanode e74ea0f8-bf41-4d93-a1fd-ac84c2b46512{ip: 192.168.34.8, host: pr-hdds-1879-pbs75-1821932185, networkLocation: /default-rack, certSerialId: null}. Reason : e74ea0f8-bf41-4d93-a1fd-ac84c2b46512 has not seen follower/s 41a8e196-af5b-4c71-b4d4-8d03270b35a0 for 131029ms d16d800f-a890-4a7a-bda4-5bf97a65c0f2 for 131030ms
2019-09-12 04:02:14,515 [EventQueue-PipelineActionsForPipelineActionHandler] INFO  pipeline.SCMPipelineManager (SCMPipelineManager.java:finalizeAndDestroyPipeline(311)) - destroying pipeline:Pipeline[ Id: 73e48434-27c3-4c74-96c6-7a1668dfab34, Nodes: d16d800f-a890-4a7a-bda4-5bf97a65c0f2{ip: 192.168.34.8, host: pr-hdds-1879-pbs75-1821932185, networkLocation: /default-rack, certSerialId: null}41a8e196-af5b-4c71-b4d4-8d03270b35a0{ip: 192.168.34.8, host: pr-hdds-1879-pbs75-1821932185, networkLocation: /default-rack, certSerialId: null}e74ea0f8-bf41-4d93-a1fd-ac84c2b46512{ip: 192.168.34.8, host: pr-hdds-1879-pbs75-1821932185, networkLocation: /default-rack, certSerialId: null}, Type:RATIS, Factor:THREE, State:CLOSED]
2019-09-12 04:02:14,520 [java.util.concurrent.ThreadPoolExecutor$Worker@7b7c3362[State = -1, empty queue]] WARN  server.GrpcLogAppender (GrpcLogAppender.java:timeoutAppendRequest(200)) - e74ea0f8-bf41-4d93-a1fd-ac84c2b46512@group-7A1668DFAB34->d16d800f-a890-4a7a-bda4-5bf97a65c0f2-GrpcLogAppender: appendEntries Timeout, request=e74ea0f8-bf41-4d93-a1fd-ac84c2b46512->d16d800f-a890-4a7a-bda4-5bf97a65c0f2#61-t1, previous=(t:1, i:10), leaderCommit=6, initializing? false, entries: <empty>
2019-09-12 04:02:14,523 [java.util.concurrent.ThreadPoolExecutor$Worker@16f1792d[State = -1, empty queue]] WARN  server.GrpcLogAppender (GrpcLogAppender.java:timeoutAppendRequest(200)) - e74ea0f8-bf41-4d93-a1fd-ac84c2b46512@group-7A1668DFAB34->41a8e196-af5b-4c71-b4d4-8d03270b35a0-GrpcLogAppender: appendEntries Timeout, request=e74ea0f8-bf41-4d93-a1fd-ac84c2b46512->41a8e196-af5b-4c71-b4d4-8d03270b35a0#61-t1, previous=(t:1, i:10), leaderCommit=6, initializing? false, entries: <empty>
2019-09-12 04:02:15,938 [grpc-default-executor-2] INFO  client.GrpcClientProtocolClient (GrpcClientProtocolClient.java:onNext(264)) - client-7D4C8718A617->41a8e196-af5b-4c71-b4d4-8d03270b35a0: receive RaftClientReply:client-7D4C8718A617->41a8e196-af5b-4c71-b4d4-8d03270b35a0@group-7A1668DFAB34, cid=21, FAILED org.apache.ratis.protocol.NotLeaderException: Server 41a8e196-af5b-4c71-b4d4-8d03270b35a0@group-7A1668DFAB34 is not the leader e74ea0f8-bf41-4d93-a1fd-ac84c2b46512:192.168.34.8:33824, logIndex=0, commits[41a8e196-af5b-4c71-b4d4-8d03270b35a0:c6, e74ea0f8-bf41-4d93-a1fd-ac84c2b46512:c6, d16d800f-a890-4a7a-bda4-5bf97a65c0f2:c4]
2019-09-12 04:02:16,522 [org.apache.ratis.server.impl.LogAppender$AppenderDaemon$$Lambda$490/586156626@32b89603] ERROR ratis.XceiverServerRatis (XceiverServerRatis.java:triggerPipelineClose(568)) - pipeline Action CLOSE  on pipeline PipelineID=73e48434-27c3-4c74-96c6-7a1668dfab34.Reason : e74ea0f8-bf41-4d93-a1fd-ac84c2b46512 has not seen follower/s 41a8e196-af5b-4c71-b4d4-8d03270b35a0 for 133530ms d16d800f-a890-4a7a-bda4-5bf97a65c0f2 for 133530ms
2019-09-12 04:02:16,525 [org.apache.ratis.server.impl.LogAppender$AppenderDaemon$$Lambda$490/586156626@5cfb40c9] ERROR ratis.XceiverServerRatis (XceiverServerRatis.java:triggerPipelineClose(568)) - pipeline Action CLOSE  on pipeline PipelineID=73e48434-27c3-4c74-96c6-7a1668dfab34.Reason : e74ea0f8-bf41-4d93-a1fd-ac84c2b46512 has not seen follower/s 41a8e196-af5b-4c71-b4d4-8d03270b35a0 for 133533ms d16d800f-a890-4a7a-bda4-5bf97a65c0f2 for 133533ms
2019-09-12 04:02:17,021 [java.util.concurrent.ThreadPoolExecutor$Worker@16f1792d[State = -1, empty queue]] WARN  server.GrpcLogAppender (GrpcLogAppender.java:timeoutAppendRequest(200)) - e74ea0f8-bf41-4d93-a1fd-ac84c2b46512@group-7A1668DFAB34->41a8e196-af5b-4c71-b4d4-8d03270b35a0-GrpcLogAppender: appendEntries Timeout, request=e74ea0f8-bf41-4d93-a1fd-ac84c2b46512->41a8e196-af5b-4c71-b4d4-8d03270b35a0#62-t1, previous=(t:1, i:10), leaderCommit=6, initializing? false, entries: <empty>
2019-09-12 04:02:17,024 [java.util.concurrent.ThreadPoolExecutor$Worker@7b7c3362[State = -1, empty queue]] WARN  server.GrpcLogAppender (GrpcLogAppender.java:timeoutAppendRequest(200)) - e74ea0f8-bf41-4d93-a1fd-ac84c2b46512@group-7A1668DFAB34->d16d800f-a890-4a7a-bda4-5bf97a65c0f2-GrpcLogAppender: appendEntries Timeout, request=e74ea0f8-bf41-4d93-a1fd-ac84c2b46512->d16d800f-a890-4a7a-bda4-5bf97a65c0f2#62-t1, previous=(t:1, i:10), leaderCommit=6, initializing? false, entries: <empty>
2019-09-12 04:02:17,515 [EventQueue-PipelineActionsForPipelineActionHandler] ERROR pipeline.PipelineActionHandler (PipelineActionHandler.java:onMessage(60)) - Received pipeline action CLOSE for Pipeline[ Id: 73e48434-27c3-4c74-96c6-7a1668dfab34, Nodes: d16d800f-a890-4a7a-bda4-5bf97a65c0f2{ip: 192.168.34.8, host: pr-hdds-1879-pbs75-1821932185, networkLocation: /default-rack, certSerialId: null}41a8e196-af5b-4c71-b4d4-8d03270b35a0{ip: 192.168.34.8, host: pr-hdds-1879-pbs75-1821932185, networkLocation: /default-rack, certSerialId: null}e74ea0f8-bf41-4d93-a1fd-ac84c2b46512{ip: 192.168.34.8, host: pr-hdds-1879-pbs75-1821932185, networkLocation: /default-rack, certSerialId: null}, Type:RATIS, Factor:THREE, State:CLOSED] from datanode e74ea0f8-bf41-4d93-a1fd-ac84c2b46512{ip: 192.168.34.8, host: pr-hdds-1879-pbs75-1821932185, networkLocation: /default-rack, certSerialId: null}. Reason : e74ea0f8-bf41-4d93-a1fd-ac84c2b46512 has not seen follower/s 41a8e196-af5b-4c71-b4d4-8d03270b35a0 for 133530ms d16d800f-a890-4a7a-bda4-5bf97a65c0f2 for 133530ms
2019-09-12 04:02:17,515 [EventQueue-PipelineActionsForPipelineActionHandler] INFO  pipeline.SCMPipelineManager (SCMPipelineManager.java:finalizeAndDestroyPipeline(311)) - destroying pipeline:Pipeline[ Id: 73e48434-27c3-4c74-96c6-7a1668dfab34, Nodes: d16d800f-a890-4a7a-bda4-5bf97a65c0f2{ip: 192.168.34.8, host: pr-hdds-1879-pbs75-1821932185, networkLocation: /default-rack, certSerialId: null}41a8e196-af5b-4c71-b4d4-8d03270b35a0{ip: 192.168.34.8, host: pr-hdds-1879-pbs75-1821932185, networkLocation: /default-rack, certSerialId: null}e74ea0f8-bf41-4d93-a1fd-ac84c2b46512{ip: 192.168.34.8, host: pr-hdds-1879-pbs75-1821932185, networkLocation: /default-rack, certSerialId: null}, Type:RATIS, Factor:THREE, State:CLOSED]
2019-09-12 04:02:19,024 [org.apache.ratis.server.impl.LogAppender$AppenderDaemon$$Lambda$490/586156626@32b89603] ERROR ratis.XceiverServerRatis (XceiverServerRatis.java:triggerPipelineClose(568)) - pipeline Action CLOSE  on pipeline PipelineID=73e48434-27c3-4c74-96c6-7a1668dfab34.Reason : e74ea0f8-bf41-4d93-a1fd-ac84c2b46512 has not seen follower/s 41a8e196-af5b-4c71-b4d4-8d03270b35a0 for 136032ms d16d800f-a890-4a7a-bda4-5bf97a65c0f2 for 136032ms
2019-09-12 04:02:19,027 [org.apache.ratis.server.impl.LogAppender$AppenderDaemon$$Lambda$490/586156626@5cfb40c9] ERROR ratis.XceiverServerRatis (XceiverServerRatis.java:triggerPipelineClose(568)) - pipeline Action CLOSE  on pipeline PipelineID=73e48434-27c3-4c74-96c6-7a1668dfab34.Reason : e74ea0f8-bf41-4d93-a1fd-ac84c2b46512 has not seen follower/s 41a8e196-af5b-4c71-b4d4-8d03270b35a0 for 136035ms d16d800f-a890-4a7a-bda4-5bf97a65c0f2 for 136036ms
2019-09-12 04:02:19,515 [EventQueue-PipelineActionsForPipelineActionHandler] ERROR pipeline.PipelineActionHandler (PipelineActionHandler.java:onMessage(60)) - Received pipeline action CLOSE for Pipeline[ Id: 73e48434-27c3-4c74-96c6-7a1668dfab34, Nodes: d16d800f-a890-4a7a-bda4-5bf97a65c0f2{ip: 192.168.34.8, host: pr-hdds-1879-pbs75-1821932185, networkLocation: /default-rack, certSerialId: null}41a8e196-af5b-4c71-b4d4-8d03270b35a0{ip: 192.168.34.8, host: pr-hdds-1879-pbs75-1821932185, networkLocation: /default-rack, certSerialId: null}e74ea0f8-bf41-4d93-a1fd-ac84c2b46512{ip: 192.168.34.8, host: pr-hdds-1879-pbs75-1821932185, networkLocation: /default-rack, certSerialId: null}, Type:RATIS, Factor:THREE, State:CLOSED] from datanode e74ea0f8-bf41-4d93-a1fd-ac84c2b46512{ip: 192.168.34.8, host: pr-hdds-1879-pbs75-1821932185, networkLocation: /default-rack, certSerialId: null}. Reason : e74ea0f8-bf41-4d93-a1fd-ac84c2b46512 has not seen follower/s 41a8e196-af5b-4c71-b4d4-8d03270b35a0 for 136032ms d16d800f-a890-4a7a-bda4-5bf97a65c0f2 for 136032ms
2019-09-12 04:02:19,515 [EventQueue-PipelineActionsForPipelineActionHandler] INFO  pipeline.SCMPipelineManager (SCMPipelineManager.java:finalizeAndDestroyPipeline(311)) - destroying pipeline:Pipeline[ Id: 73e48434-27c3-4c74-96c6-7a1668dfab34, Nodes: d16d800f-a890-4a7a-bda4-5bf97a65c0f2{ip: 192.168.34.8, host: pr-hdds-1879-pbs75-1821932185, networkLocation: /default-rack, certSerialId: null}41a8e196-af5b-4c71-b4d4-8d03270b35a0{ip: 192.168.34.8, host: pr-hdds-1879-pbs75-1821932185, networkLocation: /default-rack, certSerialId: null}e74ea0f8-bf41-4d93-a1fd-ac84c2b46512{ip: 192.168.34.8, host: pr-hdds-1879-pbs75-1821932185, networkLocation: /default-rack, certSerialId: null}, Type:RATIS, Factor:THREE, State:CLOSED]
2019-09-12 04:02:19,522 [java.util.concurrent.ThreadPoolExecutor$Worker@16f1792d[State = -1, empty queue]] WARN  server.GrpcLogAppender (GrpcLogAppender.java:timeoutAppendRequest(200)) - e74ea0f8-bf41-4d93-a1fd-ac84c2b46512@group-7A1668DFAB34->41a8e196-af5b-4c71-b4d4-8d03270b35a0-GrpcLogAppender: appendEntries Timeout, request=e74ea0f8-bf41-4d93-a1fd-ac84c2b46512->41a8e196-af5b-4c71-b4d4-8d03270b35a0#63-t1, previous=(t:1, i:10), leaderCommit=6, initializing? false, entries: <empty>
2019-09-12 04:02:19,525 [java.util.concurrent.ThreadPoolExecutor$Worker@7b7c3362[State = -1, empty queue]] WARN  server.GrpcLogAppender (GrpcLogAppender.java:timeoutAppendRequest(200)) - e74ea0f8-bf41-4d93-a1fd-ac84c2b46512@group-7A1668DFAB34->d16d800f-a890-4a7a-bda4-5bf97a65c0f2-GrpcLogAppender: appendEntries Timeout, request=e74ea0f8-bf41-4d93-a1fd-ac84c2b46512->d16d800f-a890-4a7a-bda4-5bf97a65c0f2#63-t1, previous=(t:1, i:10), leaderCommit=6, initializing? false, entries: <empty>
2019-09-12 04:02:20,984 [grpc-default-executor-0] INFO  client.GrpcClientProtocolClient (GrpcClientProtocolClient.java:onNext(264)) - client-7D4C8718A617->41a8e196-af5b-4c71-b4d4-8d03270b35a0: receive RaftClientReply:client-7D4C8718A617->41a8e196-af5b-4c71-b4d4-8d03270b35a0@group-7A1668DFAB34, cid=21, FAILED org.apache.ratis.protocol.NotLeaderException: Server 41a8e196-af5b-4c71-b4d4-8d03270b35a0@group-7A1668DFAB34 is not the leader e74ea0f8-bf41-4d93-a1fd-ac84c2b46512:192.168.34.8:33824, logIndex=0, commits[41a8e196-af5b-4c71-b4d4-8d03270b35a0:c6, e74ea0f8-bf41-4d93-a1fd-ac84c2b46512:c6, d16d800f-a890-4a7a-bda4-5bf97a65c0f2:c4]
2019-09-12 04:02:21,525 [org.apache.ratis.server.impl.LogAppender$AppenderDaemon$$Lambda$490/586156626@32b89603] ERROR ratis.XceiverServerRatis (XceiverServerRatis.java:triggerPipelineClose(568)) - pipeline Action CLOSE  on pipeline PipelineID=73e48434-27c3-4c74-96c6-7a1668dfab34.Reason : e74ea0f8-bf41-4d93-a1fd-ac84c2b46512 has not seen follower/s 41a8e196-af5b-4c71-b4d4-8d03270b35a0 for 138533ms d16d800f-a890-4a7a-bda4-5bf97a65c0f2 for 138533ms
2019-09-12 04:02:21,528 [org.apache.ratis.server.impl.LogAppender$AppenderDaemon$$Lambda$490/586156626@5cfb40c9] ERROR ratis.XceiverServerRatis (XceiverServerRatis.java:triggerPipelineClose(568)) - pipeline Action CLOSE  on pipeline PipelineID=73e48434-27c3-4c74-96c6-7a1668dfab34.Reason : e74ea0f8-bf41-4d93-a1fd-ac84c2b46512 has not seen follower/s 41a8e196-af5b-4c71-b4d4-8d03270b35a0 for 138537ms d16d800f-a890-4a7a-bda4-5bf97a65c0f2 for 138537ms
2019-09-12 04:02:22,023 [java.util.concurrent.ThreadPoolExecutor$Worker@16f1792d[State = -1, empty queue]] WARN  server.GrpcLogAppender (GrpcLogAppender.java:timeoutAppendRequest(200)) - e74ea0f8-bf41-4d93-a1fd-ac84c2b46512@group-7A1668DFAB34->41a8e196-af5b-4c71-b4d4-8d03270b35a0-GrpcLogAppender: appendEntries Timeout, request=e74ea0f8-bf41-4d93-a1fd-ac84c2b46512->41a8e196-af5b-4c71-b4d4-8d03270b35a0#64-t1, previous=(t:1, i:10), leaderCommit=6, initializing? false, entries: <empty>
2019-09-12 04:02:22,027 [java.util.concurrent.ThreadPoolExecutor$Worker@7b7c3362[State = -1, empty queue]] WARN  server.GrpcLogAppender (GrpcLogAppender.java:timeoutAppendRequest(200)) - e74ea0f8-bf41-4d93-a1fd-ac84c2b46512@group-7A1668DFAB34->d16d800f-a890-4a7a-bda4-5bf97a65c0f2-GrpcLogAppender: appendEntries Timeout, request=e74ea0f8-bf41-4d93-a1fd-ac84c2b46512->d16d800f-a890-4a7a-bda4-5bf97a65c0f2#64-t1, previous=(t:1, i:10), leaderCommit=6, initializing? false, entries: <empty>
2019-09-12 04:02:22,515 [EventQueue-PipelineActionsForPipelineActionHandler] ERROR pipeline.PipelineActionHandler (PipelineActionHandler.java:onMessage(60)) - Received pipeline action CLOSE for Pipeline[ Id: 73e48434-27c3-4c74-96c6-7a1668dfab34, Nodes: d16d800f-a890-4a7a-bda4-5bf97a65c0f2{ip: 192.168.34.8, host: pr-hdds-1879-pbs75-1821932185, networkLocation: /default-rack, certSerialId: null}41a8e196-af5b-4c71-b4d4-8d03270b35a0{ip: 192.168.34.8, host: pr-hdds-1879-pbs75-1821932185, networkLocation: /default-rack, certSerialId: null}e74ea0f8-bf41-4d93-a1fd-ac84c2b46512{ip: 192.168.34.8, host: pr-hdds-1879-pbs75-1821932185, networkLocation: /default-rack, certSerialId: null}, Type:RATIS, Factor:THREE, State:CLOSED] from datanode e74ea0f8-bf41-4d93-a1fd-ac84c2b46512{ip: 192.168.34.8, host: pr-hdds-1879-pbs75-1821932185, networkLocation: /default-rack, certSerialId: null}. Reason : e74ea0f8-bf41-4d93-a1fd-ac84c2b46512 has not seen follower/s 41a8e196-af5b-4c71-b4d4-8d03270b35a0 for 138533ms d16d800f-a890-4a7a-bda4-5bf97a65c0f2 for 138533ms
2019-09-12 04:02:22,515 [EventQueue-PipelineActionsForPipelineActionHandler] INFO  pipeline.SCMPipelineManager (SCMPipelineManager.java:finalizeAndDestroyPipeline(311)) - destroying pipeline:Pipeline[ Id: 73e48434-27c3-4c74-96c6-7a1668dfab34, Nodes: d16d800f-a890-4a7a-bda4-5bf97a65c0f2{ip: 192.168.34.8, host: pr-hdds-1879-pbs75-1821932185, networkLocation: /default-rack, certSerialId: null}41a8e196-af5b-4c71-b4d4-8d03270b35a0{ip: 192.168.34.8, host: pr-hdds-1879-pbs75-1821932185, networkLocation: /default-rack, certSerialId: null}e74ea0f8-bf41-4d93-a1fd-ac84c2b46512{ip: 192.168.34.8, host: pr-hdds-1879-pbs75-1821932185, networkLocation: /default-rack, certSerialId: null}, Type:RATIS, Factor:THREE, State:CLOSED]
2019-09-12 04:02:24,026 [org.apache.ratis.server.impl.LogAppender$AppenderDaemon$$Lambda$490/586156626@32b89603] ERROR ratis.XceiverServerRatis (XceiverServerRatis.java:triggerPipelineClose(568)) - pipeline Action CLOSE  on pipeline PipelineID=73e48434-27c3-4c74-96c6-7a1668dfab34.Reason : e74ea0f8-bf41-4d93-a1fd-ac84c2b46512 has not seen follower/s 41a8e196-af5b-4c71-b4d4-8d03270b35a0 for 141034ms d16d800f-a890-4a7a-bda4-5bf97a65c0f2 for 141035ms
2019-09-12 04:02:24,029 [org.apache.ratis.server.impl.LogAppender$AppenderDaemon$$Lambda$490/586156626@5cfb40c9] ERROR ratis.XceiverServerRatis (XceiverServerRatis.java:triggerPipelineClose(568)) - pipeline Action CLOSE  on pipeline PipelineID=73e48434-27c3-4c74-96c6-7a1668dfab34.Reason : e74ea0f8-bf41-4d93-a1fd-ac84c2b46512 has not seen follower/s 41a8e196-af5b-4c71-b4d4-8d03270b35a0 for 141038ms d16d800f-a890-4a7a-bda4-5bf97a65c0f2 for 141038ms
2019-09-12 04:02:24,324 [41a8e196-af5b-4c71-b4d4-8d03270b35a0@group-7A1668DFAB34-SegmentedRaftLogWorker] WARN  segmented.SegmentedRaftLogWorker (SegmentedRaftLogWorker.java:getFromFuture(90)) - Timeout 13/~
org.apache.ratis.protocol.TimeoutIOException: Timeout 10s: WriteLog:7: (t:1, i:7), STATEMACHINELOGENTRY, client-7D4C8718A617, cid=21-writeStateMachineData
	at org.apache.ratis.util.IOUtils.getFromFuture(IOUtils.java:87)
	at org.apache.ratis.server.raftlog.segmented.SegmentedRaftLogWorker$StateMachineDataPolicy.getFromFuture(SegmentedRaftLogWorker.java:87)
	at org.apache.ratis.server.raftlog.segmented.SegmentedRaftLogWorker$WriteLog.execute(SegmentedRaftLogWorker.java:477)
	at org.apache.ratis.server.raftlog.segmented.SegmentedRaftLogWorker.run(SegmentedRaftLogWorker.java:289)
	at java.lang.Thread.run(Thread.java:748)
Caused by: java.util.concurrent.TimeoutException
	at java.util.concurrent.CompletableFuture.timedGet(CompletableFuture.java:1771)
	at java.util.concurrent.CompletableFuture.get(CompletableFuture.java:1915)
	at org.apache.ratis.util.IOUtils.getFromFuture(IOUtils.java:79)
	... 4 more
2019-09-12 04:02:24,447 [e74ea0f8-bf41-4d93-a1fd-ac84c2b46512@group-7A1668DFAB34-SegmentedRaftLogWorker] WARN  segmented.SegmentedRaftLogWorker (SegmentedRaftLogWorker.java:getFromFuture(90)) - Timeout 13/~
org.apache.ratis.protocol.TimeoutIOException: Timeout 10s: WriteLog:8: (t:1, i:8), STATEMACHINELOGENTRY, client-7D4C8718A617, cid=22-writeStateMachineData
	at org.apache.ratis.util.IOUtils.getFromFuture(IOUtils.java:87)
	at org.apache.ratis.server.raftlog.segmented.SegmentedRaftLogWorker$StateMachineDataPolicy.getFromFuture(SegmentedRaftLogWorker.java:87)
	at org.apache.ratis.server.raftlog.segmented.SegmentedRaftLogWorker$WriteLog.execute(SegmentedRaftLogWorker.java:477)
	at org.apache.ratis.server.raftlog.segmented.SegmentedRaftLogWorker.run(SegmentedRaftLogWorker.java:289)
	at java.lang.Thread.run(Thread.java:748)
Caused by: java.util.concurrent.TimeoutException
	at java.util.concurrent.CompletableFuture.timedGet(CompletableFuture.java:1771)
	at java.util.concurrent.CompletableFuture.get(CompletableFuture.java:1915)
	at org.apache.ratis.util.IOUtils.getFromFuture(IOUtils.java:79)
	... 4 more
2019-09-12 04:02:24,447 [d16d800f-a890-4a7a-bda4-5bf97a65c0f2@group-7A1668DFAB34-SegmentedRaftLogWorker] WARN  segmented.SegmentedRaftLogWorker (SegmentedRaftLogWorker.java:getFromFuture(90)) - Timeout 13/~
org.apache.ratis.protocol.TimeoutIOException: Timeout 10s: WriteLog:8: (t:1, i:8), STATEMACHINELOGENTRY, client-7D4C8718A617, cid=22-writeStateMachineData
	at org.apache.ratis.util.IOUtils.getFromFuture(IOUtils.java:87)
	at org.apache.ratis.server.raftlog.segmented.SegmentedRaftLogWorker$StateMachineDataPolicy.getFromFuture(SegmentedRaftLogWorker.java:87)
	at org.apache.ratis.server.raftlog.segmented.SegmentedRaftLogWorker$WriteLog.execute(SegmentedRaftLogWorker.java:477)
	at org.apache.ratis.server.raftlog.segmented.SegmentedRaftLogWorker.run(SegmentedRaftLogWorker.java:289)
	at java.lang.Thread.run(Thread.java:748)
Caused by: java.util.concurrent.TimeoutException
	at java.util.concurrent.CompletableFuture.timedGet(CompletableFuture.java:1771)
	at java.util.concurrent.CompletableFuture.get(CompletableFuture.java:1915)
	at org.apache.ratis.util.IOUtils.getFromFuture(IOUtils.java:79)
	... 4 more
2019-09-12 04:02:24,516 [EventQueue-PipelineActionsForPipelineActionHandler] ERROR pipeline.PipelineActionHandler (PipelineActionHandler.java:onMessage(60)) - Received pipeline action CLOSE for Pipeline[ Id: 73e48434-27c3-4c74-96c6-7a1668dfab34, Nodes: d16d800f-a890-4a7a-bda4-5bf97a65c0f2{ip: 192.168.34.8, host: pr-hdds-1879-pbs75-1821932185, networkLocation: /default-rack, certSerialId: null}41a8e196-af5b-4c71-b4d4-8d03270b35a0{ip: 192.168.34.8, host: pr-hdds-1879-pbs75-1821932185, networkLocation: /default-rack, certSerialId: null}e74ea0f8-bf41-4d93-a1fd-ac84c2b46512{ip: 192.168.34.8, host: pr-hdds-1879-pbs75-1821932185, networkLocation: /default-rack, certSerialId: null}, Type:RATIS, Factor:THREE, State:CLOSED] from datanode e74ea0f8-bf41-4d93-a1fd-ac84c2b46512{ip: 192.168.34.8, host: pr-hdds-1879-pbs75-1821932185, networkLocation: /default-rack, certSerialId: null}. Reason : e74ea0f8-bf41-4d93-a1fd-ac84c2b46512 has not seen follower/s 41a8e196-af5b-4c71-b4d4-8d03270b35a0 for 141034ms d16d800f-a890-4a7a-bda4-5bf97a65c0f2 for 141035ms
2019-09-12 04:02:24,516 [EventQueue-PipelineActionsForPipelineActionHandler] INFO  pipeline.SCMPipelineManager (SCMPipelineManager.java:finalizeAndDestroyPipeline(311)) - destroying pipeline:Pipeline[ Id: 73e48434-27c3-4c74-96c6-7a1668dfab34, Nodes: d16d800f-a890-4a7a-bda4-5bf97a65c0f2{ip: 192.168.34.8, host: pr-hdds-1879-pbs75-1821932185, networkLocation: /default-rack, certSerialId: null}41a8e196-af5b-4c71-b4d4-8d03270b35a0{ip: 192.168.34.8, host: pr-hdds-1879-pbs75-1821932185, networkLocation: /default-rack, certSerialId: null}e74ea0f8-bf41-4d93-a1fd-ac84c2b46512{ip: 192.168.34.8, host: pr-hdds-1879-pbs75-1821932185, networkLocation: /default-rack, certSerialId: null}, Type:RATIS, Factor:THREE, State:CLOSED]
2019-09-12 04:02:24,525 [java.util.concurrent.ThreadPoolExecutor$Worker@16f1792d[State = -1, empty queue]] WARN  server.GrpcLogAppender (GrpcLogAppender.java:timeoutAppendRequest(200)) - e74ea0f8-bf41-4d93-a1fd-ac84c2b46512@group-7A1668DFAB34->41a8e196-af5b-4c71-b4d4-8d03270b35a0-GrpcLogAppender: appendEntries Timeout, request=e74ea0f8-bf41-4d93-a1fd-ac84c2b46512->41a8e196-af5b-4c71-b4d4-8d03270b35a0#65-t1, previous=(t:1, i:10), leaderCommit=6, initializing? false, entries: <empty>
2019-09-12 04:02:24,529 [java.util.concurrent.ThreadPoolExecutor$Worker@7b7c3362[State = -1, empty queue]] WARN  server.GrpcLogAppender (GrpcLogAppender.java:timeoutAppendRequest(200)) - e74ea0f8-bf41-4d93-a1fd-ac84c2b46512@group-7A1668DFAB34->d16d800f-a890-4a7a-bda4-5bf97a65c0f2-GrpcLogAppender: appendEntries Timeout, request=e74ea0f8-bf41-4d93-a1fd-ac84c2b46512->d16d800f-a890-4a7a-bda4-5bf97a65c0f2#65-t1, previous=(t:1, i:10), leaderCommit=6, initializing? false, entries: <empty>
2019-09-12 04:02:26,048 [grpc-default-executor-0] INFO  client.GrpcClientProtocolClient (GrpcClientProtocolClient.java:onNext(264)) - client-7D4C8718A617->d16d800f-a890-4a7a-bda4-5bf97a65c0f2: receive RaftClientReply:client-7D4C8718A617->d16d800f-a890-4a7a-bda4-5bf97a65c0f2@group-7A1668DFAB34, cid=21, FAILED org.apache.ratis.protocol.NotLeaderException: Server d16d800f-a890-4a7a-bda4-5bf97a65c0f2@group-7A1668DFAB34 is not the leader e74ea0f8-bf41-4d93-a1fd-ac84c2b46512:192.168.34.8:33824, logIndex=0, commits[d16d800f-a890-4a7a-bda4-5bf97a65c0f2:c6, 41a8e196-af5b-4c71-b4d4-8d03270b35a0:c4, e74ea0f8-bf41-4d93-a1fd-ac84c2b46512:c6]
2019-09-12 04:02:26,527 [org.apache.ratis.server.impl.LogAppender$AppenderDaemon$$Lambda$490/586156626@32b89603] ERROR ratis.XceiverServerRatis (XceiverServerRatis.java:triggerPipelineClose(568)) - pipeline Action CLOSE  on pipeline PipelineID=73e48434-27c3-4c74-96c6-7a1668dfab34.Reason : e74ea0f8-bf41-4d93-a1fd-ac84c2b46512 has not seen follower/s 41a8e196-af5b-4c71-b4d4-8d03270b35a0 for 143535ms d16d800f-a890-4a7a-bda4-5bf97a65c0f2 for 143536ms
2019-09-12 04:02:26,530 [org.apache.ratis.server.impl.LogAppender$AppenderDaemon$$Lambda$490/586156626@5cfb40c9] ERROR ratis.XceiverServerRatis (XceiverServerRatis.java:triggerPipelineClose(568)) - pipeline Action CLOSE  on pipeline PipelineID=73e48434-27c3-4c74-96c6-7a1668dfab34.Reason : e74ea0f8-bf41-4d93-a1fd-ac84c2b46512 has not seen follower/s 41a8e196-af5b-4c71-b4d4-8d03270b35a0 for 143538ms d16d800f-a890-4a7a-bda4-5bf97a65c0f2 for 143538ms
2019-09-12 04:02:27,026 [java.util.concurrent.ThreadPoolExecutor$Worker@16f1792d[State = -1, empty queue]] WARN  server.GrpcLogAppender (GrpcLogAppender.java:timeoutAppendRequest(200)) - e74ea0f8-bf41-4d93-a1fd-ac84c2b46512@group-7A1668DFAB34->41a8e196-af5b-4c71-b4d4-8d03270b35a0-GrpcLogAppender: appendEntries Timeout, request=e74ea0f8-bf41-4d93-a1fd-ac84c2b46512->41a8e196-af5b-4c71-b4d4-8d03270b35a0#66-t1, previous=(t:1, i:10), leaderCommit=6, initializing? false, entries: <empty>
2019-09-12 04:02:27,029 [java.util.concurrent.ThreadPoolExecutor$Worker@7b7c3362[State = -1, empty queue]] WARN  server.GrpcLogAppender (GrpcLogAppender.java:timeoutAppendRequest(200)) - e74ea0f8-bf41-4d93-a1fd-ac84c2b46512@group-7A1668DFAB34->d16d800f-a890-4a7a-bda4-5bf97a65c0f2-GrpcLogAppender: appendEntries Timeout, request=e74ea0f8-bf41-4d93-a1fd-ac84c2b46512->d16d800f-a890-4a7a-bda4-5bf97a65c0f2#66-t1, previous=(t:1, i:10), leaderCommit=6, initializing? false, entries: <empty>
2019-09-12 04:02:27,516 [EventQueue-PipelineActionsForPipelineActionHandler] ERROR pipeline.PipelineActionHandler (PipelineActionHandler.java:onMessage(60)) - Received pipeline action CLOSE for Pipeline[ Id: 73e48434-27c3-4c74-96c6-7a1668dfab34, Nodes: d16d800f-a890-4a7a-bda4-5bf97a65c0f2{ip: 192.168.34.8, host: pr-hdds-1879-pbs75-1821932185, networkLocation: /default-rack, certSerialId: null}41a8e196-af5b-4c71-b4d4-8d03270b35a0{ip: 192.168.34.8, host: pr-hdds-1879-pbs75-1821932185, networkLocation: /default-rack, certSerialId: null}e74ea0f8-bf41-4d93-a1fd-ac84c2b46512{ip: 192.168.34.8, host: pr-hdds-1879-pbs75-1821932185, networkLocation: /default-rack, certSerialId: null}, Type:RATIS, Factor:THREE, State:CLOSED] from datanode e74ea0f8-bf41-4d93-a1fd-ac84c2b46512{ip: 192.168.34.8, host: pr-hdds-1879-pbs75-1821932185, networkLocation: /default-rack, certSerialId: null}. Reason : e74ea0f8-bf41-4d93-a1fd-ac84c2b46512 has not seen follower/s 41a8e196-af5b-4c71-b4d4-8d03270b35a0 for 143535ms d16d800f-a890-4a7a-bda4-5bf97a65c0f2 for 143536ms
2019-09-12 04:02:27,517 [EventQueue-PipelineActionsForPipelineActionHandler] INFO  pipeline.SCMPipelineManager (SCMPipelineManager.java:finalizeAndDestroyPipeline(311)) - destroying pipeline:Pipeline[ Id: 73e48434-27c3-4c74-96c6-7a1668dfab34, Nodes: d16d800f-a890-4a7a-bda4-5bf97a65c0f2{ip: 192.168.34.8, host: pr-hdds-1879-pbs75-1821932185, networkLocation: /default-rack, certSerialId: null}41a8e196-af5b-4c71-b4d4-8d03270b35a0{ip: 192.168.34.8, host: pr-hdds-1879-pbs75-1821932185, networkLocation: /default-rack, certSerialId: null}e74ea0f8-bf41-4d93-a1fd-ac84c2b46512{ip: 192.168.34.8, host: pr-hdds-1879-pbs75-1821932185, networkLocation: /default-rack, certSerialId: null}, Type:RATIS, Factor:THREE, State:CLOSED]
2019-09-12 04:02:29,029 [org.apache.ratis.server.impl.LogAppender$AppenderDaemon$$Lambda$490/586156626@32b89603] ERROR ratis.XceiverServerRatis (XceiverServerRatis.java:triggerPipelineClose(568)) - pipeline Action CLOSE  on pipeline PipelineID=73e48434-27c3-4c74-96c6-7a1668dfab34.Reason : e74ea0f8-bf41-4d93-a1fd-ac84c2b46512 has not seen follower/s 41a8e196-af5b-4c71-b4d4-8d03270b35a0 for 146037ms d16d800f-a890-4a7a-bda4-5bf97a65c0f2 for 146038ms
2019-09-12 04:02:29,036 [org.apache.ratis.server.impl.LogAppender$AppenderDaemon$$Lambda$490/586156626@5cfb40c9] ERROR ratis.XceiverServerRatis (XceiverServerRatis.java:triggerPipelineClose(568)) - pipeline Action CLOSE  on pipeline PipelineID=73e48434-27c3-4c74-96c6-7a1668dfab34.Reason : e74ea0f8-bf41-4d93-a1fd-ac84c2b46512 has not seen follower/s 41a8e196-af5b-4c71-b4d4-8d03270b35a0 for 146044ms d16d800f-a890-4a7a-bda4-5bf97a65c0f2 for 146044ms
2019-09-12 04:02:29,516 [EventQueue-PipelineActionsForPipelineActionHandler] ERROR pipeline.PipelineActionHandler (PipelineActionHandler.java:onMessage(60)) - Received pipeline action CLOSE for Pipeline[ Id: 73e48434-27c3-4c74-96c6-7a1668dfab34, Nodes: d16d800f-a890-4a7a-bda4-5bf97a65c0f2{ip: 192.168.34.8, host: pr-hdds-1879-pbs75-1821932185, networkLocation: /default-rack, certSerialId: null}41a8e196-af5b-4c71-b4d4-8d03270b35a0{ip: 192.168.34.8, host: pr-hdds-1879-pbs75-1821932185, networkLocation: /default-rack, certSerialId: null}e74ea0f8-bf41-4d93-a1fd-ac84c2b46512{ip: 192.168.34.8, host: pr-hdds-1879-pbs75-1821932185, networkLocation: /default-rack, certSerialId: null}, Type:RATIS, Factor:THREE, State:CLOSED] from datanode e74ea0f8-bf41-4d93-a1fd-ac84c2b46512{ip: 192.168.34.8, host: pr-hdds-1879-pbs75-1821932185, networkLocation: /default-rack, certSerialId: null}. Reason : e74ea0f8-bf41-4d93-a1fd-ac84c2b46512 has not seen follower/s 41a8e196-af5b-4c71-b4d4-8d03270b35a0 for 146037ms d16d800f-a890-4a7a-bda4-5bf97a65c0f2 for 146038ms
2019-09-12 04:02:29,516 [EventQueue-PipelineActionsForPipelineActionHandler] INFO  pipeline.SCMPipelineManager (SCMPipelineManager.java:finalizeAndDestroyPipeline(311)) - destroying pipeline:Pipeline[ Id: 73e48434-27c3-4c74-96c6-7a1668dfab34, Nodes: d16d800f-a890-4a7a-bda4-5bf97a65c0f2{ip: 192.168.34.8, host: pr-hdds-1879-pbs75-1821932185, networkLocation: /default-rack, certSerialId: null}41a8e196-af5b-4c71-b4d4-8d03270b35a0{ip: 192.168.34.8, host: pr-hdds-1879-pbs75-1821932185, networkLocation: /default-rack, certSerialId: null}e74ea0f8-bf41-4d93-a1fd-ac84c2b46512{ip: 192.168.34.8, host: pr-hdds-1879-pbs75-1821932185, networkLocation: /default-rack, certSerialId: null}, Type:RATIS, Factor:THREE, State:CLOSED]
2019-09-12 04:02:29,527 [java.util.concurrent.ThreadPoolExecutor$Worker@16f1792d[State = -1, empty queue]] WARN  server.GrpcLogAppender (GrpcLogAppender.java:timeoutAppendRequest(200)) - e74ea0f8-bf41-4d93-a1fd-ac84c2b46512@group-7A1668DFAB34->41a8e196-af5b-4c71-b4d4-8d03270b35a0-GrpcLogAppender: appendEntries Timeout, request=e74ea0f8-bf41-4d93-a1fd-ac84c2b46512->41a8e196-af5b-4c71-b4d4-8d03270b35a0#67-t1, previous=(t:1, i:10), leaderCommit=6, initializing? false, entries: <empty>
2019-09-12 04:02:29,530 [java.util.concurrent.ThreadPoolExecutor$Worker@7b7c3362[State = -1, empty queue]] WARN  server.GrpcLogAppender (GrpcLogAppender.java:timeoutAppendRequest(200)) - e74ea0f8-bf41-4d93-a1fd-ac84c2b46512@group-7A1668DFAB34->d16d800f-a890-4a7a-bda4-5bf97a65c0f2-GrpcLogAppender: appendEntries Timeout, request=e74ea0f8-bf41-4d93-a1fd-ac84c2b46512->d16d800f-a890-4a7a-bda4-5bf97a65c0f2#67-t1, previous=(t:1, i:10), leaderCommit=6, initializing? false, entries: <empty>
2019-09-12 04:02:31,106 [grpc-default-executor-0] INFO  client.GrpcClientProtocolClient (GrpcClientProtocolClient.java:onNext(264)) - client-7D4C8718A617->d16d800f-a890-4a7a-bda4-5bf97a65c0f2: receive RaftClientReply:client-7D4C8718A617->d16d800f-a890-4a7a-bda4-5bf97a65c0f2@group-7A1668DFAB34, cid=21, FAILED org.apache.ratis.protocol.NotLeaderException: Server d16d800f-a890-4a7a-bda4-5bf97a65c0f2@group-7A1668DFAB34 is not the leader e74ea0f8-bf41-4d93-a1fd-ac84c2b46512:192.168.34.8:33824, logIndex=0, commits[d16d800f-a890-4a7a-bda4-5bf97a65c0f2:c6, 41a8e196-af5b-4c71-b4d4-8d03270b35a0:c4, e74ea0f8-bf41-4d93-a1fd-ac84c2b46512:c6]
2019-09-12 04:02:31,530 [org.apache.ratis.server.impl.LogAppender$AppenderDaemon$$Lambda$490/586156626@32b89603] ERROR ratis.XceiverServerRatis (XceiverServerRatis.java:triggerPipelineClose(568)) - pipeline Action CLOSE  on pipeline PipelineID=73e48434-27c3-4c74-96c6-7a1668dfab34.Reason : e74ea0f8-bf41-4d93-a1fd-ac84c2b46512 has not seen follower/s 41a8e196-af5b-4c71-b4d4-8d03270b35a0 for 148538ms d16d800f-a890-4a7a-bda4-5bf97a65c0f2 for 148539ms
2019-09-12 04:02:31,536 [org.apache.ratis.server.impl.LogAppender$AppenderDaemon$$Lambda$490/586156626@5cfb40c9] ERROR ratis.XceiverServerRatis (XceiverServerRatis.java:triggerPipelineClose(568)) - pipeline Action CLOSE  on pipeline PipelineID=73e48434-27c3-4c74-96c6-7a1668dfab34.Reason : e74ea0f8-bf41-4d93-a1fd-ac84c2b46512 has not seen follower/s 41a8e196-af5b-4c71-b4d4-8d03270b35a0 for 148545ms d16d800f-a890-4a7a-bda4-5bf97a65c0f2 for 148545ms
2019-09-12 04:02:32,029 [java.util.concurrent.ThreadPoolExecutor$Worker@16f1792d[State = -1, empty queue]] WARN  server.GrpcLogAppender (GrpcLogAppender.java:timeoutAppendRequest(200)) - e74ea0f8-bf41-4d93-a1fd-ac84c2b46512@group-7A1668DFAB34->41a8e196-af5b-4c71-b4d4-8d03270b35a0-GrpcLogAppender: appendEntries Timeout, request=e74ea0f8-bf41-4d93-a1fd-ac84c2b46512->41a8e196-af5b-4c71-b4d4-8d03270b35a0#68-t1, previous=(t:1, i:10), leaderCommit=6, initializing? false, entries: <empty>
2019-09-12 04:02:32,036 [java.util.concurrent.ThreadPoolExecutor$Worker@7b7c3362[State = -1, empty queue]] WARN  server.GrpcLogAppender (GrpcLogAppender.java:timeoutAppendRequest(200)) - e74ea0f8-bf41-4d93-a1fd-ac84c2b46512@group-7A1668DFAB34->d16d800f-a890-4a7a-bda4-5bf97a65c0f2-GrpcLogAppender: appendEntries Timeout, request=e74ea0f8-bf41-4d93-a1fd-ac84c2b46512->d16d800f-a890-4a7a-bda4-5bf97a65c0f2#68-t1, previous=(t:1, i:10), leaderCommit=6, initializing? false, entries: <empty>
2019-09-12 04:02:32,517 [EventQueue-PipelineActionsForPipelineActionHandler] ERROR pipeline.PipelineActionHandler (PipelineActionHandler.java:onMessage(60)) - Received pipeline action CLOSE for Pipeline[ Id: 73e48434-27c3-4c74-96c6-7a1668dfab34, Nodes: d16d800f-a890-4a7a-bda4-5bf97a65c0f2{ip: 192.168.34.8, host: pr-hdds-1879-pbs75-1821932185, networkLocation: /default-rack, certSerialId: null}41a8e196-af5b-4c71-b4d4-8d03270b35a0{ip: 192.168.34.8, host: pr-hdds-1879-pbs75-1821932185, networkLocation: /default-rack, certSerialId: null}e74ea0f8-bf41-4d93-a1fd-ac84c2b46512{ip: 192.168.34.8, host: pr-hdds-1879-pbs75-1821932185, networkLocation: /default-rack, certSerialId: null}, Type:RATIS, Factor:THREE, State:CLOSED] from datanode e74ea0f8-bf41-4d93-a1fd-ac84c2b46512{ip: 192.168.34.8, host: pr-hdds-1879-pbs75-1821932185, networkLocation: /default-rack, certSerialId: null}. Reason : e74ea0f8-bf41-4d93-a1fd-ac84c2b46512 has not seen follower/s 41a8e196-af5b-4c71-b4d4-8d03270b35a0 for 148538ms d16d800f-a890-4a7a-bda4-5bf97a65c0f2 for 148539ms
2019-09-12 04:02:32,518 [EventQueue-PipelineActionsForPipelineActionHandler] INFO  pipeline.SCMPipelineManager (SCMPipelineManager.java:finalizeAndDestroyPipeline(311)) - destroying pipeline:Pipeline[ Id: 73e48434-27c3-4c74-96c6-7a1668dfab34, Nodes: d16d800f-a890-4a7a-bda4-5bf97a65c0f2{ip: 192.168.34.8, host: pr-hdds-1879-pbs75-1821932185, networkLocation: /default-rack, certSerialId: null}41a8e196-af5b-4c71-b4d4-8d03270b35a0{ip: 192.168.34.8, host: pr-hdds-1879-pbs75-1821932185, networkLocation: /default-rack, certSerialId: null}e74ea0f8-bf41-4d93-a1fd-ac84c2b46512{ip: 192.168.34.8, host: pr-hdds-1879-pbs75-1821932185, networkLocation: /default-rack, certSerialId: null}, Type:RATIS, Factor:THREE, State:CLOSED]
2019-09-12 04:02:34,031 [org.apache.ratis.server.impl.LogAppender$AppenderDaemon$$Lambda$490/586156626@32b89603] ERROR ratis.XceiverServerRatis (XceiverServerRatis.java:triggerPipelineClose(568)) - pipeline Action CLOSE  on pipeline PipelineID=73e48434-27c3-4c74-96c6-7a1668dfab34.Reason : e74ea0f8-bf41-4d93-a1fd-ac84c2b46512 has not seen follower/s 41a8e196-af5b-4c71-b4d4-8d03270b35a0 for 151039ms d16d800f-a890-4a7a-bda4-5bf97a65c0f2 for 151040ms
2019-09-12 04:02:34,037 [org.apache.ratis.server.impl.LogAppender$AppenderDaemon$$Lambda$490/586156626@5cfb40c9] ERROR ratis.XceiverServerRatis (XceiverServerRatis.java:triggerPipelineClose(568)) - pipeline Action CLOSE  on pipeline PipelineID=73e48434-27c3-4c74-96c6-7a1668dfab34.Reason : e74ea0f8-bf41-4d93-a1fd-ac84c2b46512 has not seen follower/s 41a8e196-af5b-4c71-b4d4-8d03270b35a0 for 151045ms d16d800f-a890-4a7a-bda4-5bf97a65c0f2 for 151046ms
2019-09-12 04:02:34,325 [41a8e196-af5b-4c71-b4d4-8d03270b35a0@group-7A1668DFAB34-SegmentedRaftLogWorker] WARN  segmented.SegmentedRaftLogWorker (SegmentedRaftLogWorker.java:getFromFuture(90)) - Timeout 14/~
org.apache.ratis.protocol.TimeoutIOException: Timeout 10s: WriteLog:7: (t:1, i:7), STATEMACHINELOGENTRY, client-7D4C8718A617, cid=21-writeStateMachineData
	at org.apache.ratis.util.IOUtils.getFromFuture(IOUtils.java:87)
	at org.apache.ratis.server.raftlog.segmented.SegmentedRaftLogWorker$StateMachineDataPolicy.getFromFuture(SegmentedRaftLogWorker.java:87)
	at org.apache.ratis.server.raftlog.segmented.SegmentedRaftLogWorker$WriteLog.execute(SegmentedRaftLogWorker.java:477)
	at org.apache.ratis.server.raftlog.segmented.SegmentedRaftLogWorker.run(SegmentedRaftLogWorker.java:289)
	at java.lang.Thread.run(Thread.java:748)
Caused by: java.util.concurrent.TimeoutException
	at java.util.concurrent.CompletableFuture.timedGet(CompletableFuture.java:1771)
	at java.util.concurrent.CompletableFuture.get(CompletableFuture.java:1915)
	at org.apache.ratis.util.IOUtils.getFromFuture(IOUtils.java:79)
	... 4 more
2019-09-12 04:02:34,447 [e74ea0f8-bf41-4d93-a1fd-ac84c2b46512@group-7A1668DFAB34-SegmentedRaftLogWorker] WARN  segmented.SegmentedRaftLogWorker (SegmentedRaftLogWorker.java:getFromFuture(90)) - Timeout 14/~
org.apache.ratis.protocol.TimeoutIOException: Timeout 10s: WriteLog:8: (t:1, i:8), STATEMACHINELOGENTRY, client-7D4C8718A617, cid=22-writeStateMachineData
	at org.apache.ratis.util.IOUtils.getFromFuture(IOUtils.java:87)
	at org.apache.ratis.server.raftlog.segmented.SegmentedRaftLogWorker$StateMachineDataPolicy.getFromFuture(SegmentedRaftLogWorker.java:87)
	at org.apache.ratis.server.raftlog.segmented.SegmentedRaftLogWorker$WriteLog.execute(SegmentedRaftLogWorker.java:477)
	at org.apache.ratis.server.raftlog.segmented.SegmentedRaftLogWorker.run(SegmentedRaftLogWorker.java:289)
	at java.lang.Thread.run(Thread.java:748)
Caused by: java.util.concurrent.TimeoutException
	at java.util.concurrent.CompletableFuture.timedGet(CompletableFuture.java:1771)
	at java.util.concurrent.CompletableFuture.get(CompletableFuture.java:1915)
	at org.apache.ratis.util.IOUtils.getFromFuture(IOUtils.java:79)
	... 4 more
2019-09-12 04:02:34,448 [d16d800f-a890-4a7a-bda4-5bf97a65c0f2@group-7A1668DFAB34-SegmentedRaftLogWorker] WARN  segmented.SegmentedRaftLogWorker (SegmentedRaftLogWorker.java:getFromFuture(90)) - Timeout 14/~
org.apache.ratis.protocol.TimeoutIOException: Timeout 10s: WriteLog:8: (t:1, i:8), STATEMACHINELOGENTRY, client-7D4C8718A617, cid=22-writeStateMachineData
	at org.apache.ratis.util.IOUtils.getFromFuture(IOUtils.java:87)
	at org.apache.ratis.server.raftlog.segmented.SegmentedRaftLogWorker$StateMachineDataPolicy.getFromFuture(SegmentedRaftLogWorker.java:87)
	at org.apache.ratis.server.raftlog.segmented.SegmentedRaftLogWorker$WriteLog.execute(SegmentedRaftLogWorker.java:477)
	at org.apache.ratis.server.raftlog.segmented.SegmentedRaftLogWorker.run(SegmentedRaftLogWorker.java:289)
	at java.lang.Thread.run(Thread.java:748)
Caused by: java.util.concurrent.TimeoutException
	at java.util.concurrent.CompletableFuture.timedGet(CompletableFuture.java:1771)
	at java.util.concurrent.CompletableFuture.get(CompletableFuture.java:1915)
	at org.apache.ratis.util.IOUtils.getFromFuture(IOUtils.java:79)
	... 4 more
2019-09-12 04:02:34,518 [EventQueue-PipelineActionsForPipelineActionHandler] ERROR pipeline.PipelineActionHandler (PipelineActionHandler.java:onMessage(60)) - Received pipeline action CLOSE for Pipeline[ Id: 73e48434-27c3-4c74-96c6-7a1668dfab34, Nodes: d16d800f-a890-4a7a-bda4-5bf97a65c0f2{ip: 192.168.34.8, host: pr-hdds-1879-pbs75-1821932185, networkLocation: /default-rack, certSerialId: null}41a8e196-af5b-4c71-b4d4-8d03270b35a0{ip: 192.168.34.8, host: pr-hdds-1879-pbs75-1821932185, networkLocation: /default-rack, certSerialId: null}e74ea0f8-bf41-4d93-a1fd-ac84c2b46512{ip: 192.168.34.8, host: pr-hdds-1879-pbs75-1821932185, networkLocation: /default-rack, certSerialId: null}, Type:RATIS, Factor:THREE, State:CLOSED] from datanode e74ea0f8-bf41-4d93-a1fd-ac84c2b46512{ip: 192.168.34.8, host: pr-hdds-1879-pbs75-1821932185, networkLocation: /default-rack, certSerialId: null}. Reason : e74ea0f8-bf41-4d93-a1fd-ac84c2b46512 has not seen follower/s 41a8e196-af5b-4c71-b4d4-8d03270b35a0 for 151039ms d16d800f-a890-4a7a-bda4-5bf97a65c0f2 for 151040ms
2019-09-12 04:02:34,518 [EventQueue-PipelineActionsForPipelineActionHandler] INFO  pipeline.SCMPipelineManager (SCMPipelineManager.java:finalizeAndDestroyPipeline(311)) - destroying pipeline:Pipeline[ Id: 73e48434-27c3-4c74-96c6-7a1668dfab34, Nodes: d16d800f-a890-4a7a-bda4-5bf97a65c0f2{ip: 192.168.34.8, host: pr-hdds-1879-pbs75-1821932185, networkLocation: /default-rack, certSerialId: null}41a8e196-af5b-4c71-b4d4-8d03270b35a0{ip: 192.168.34.8, host: pr-hdds-1879-pbs75-1821932185, networkLocation: /default-rack, certSerialId: null}e74ea0f8-bf41-4d93-a1fd-ac84c2b46512{ip: 192.168.34.8, host: pr-hdds-1879-pbs75-1821932185, networkLocation: /default-rack, certSerialId: null}, Type:RATIS, Factor:THREE, State:CLOSED]
2019-09-12 04:02:34,530 [java.util.concurrent.ThreadPoolExecutor$Worker@16f1792d[State = -1, empty queue]] WARN  server.GrpcLogAppender (GrpcLogAppender.java:timeoutAppendRequest(200)) - e74ea0f8-bf41-4d93-a1fd-ac84c2b46512@group-7A1668DFAB34->41a8e196-af5b-4c71-b4d4-8d03270b35a0-GrpcLogAppender: appendEntries Timeout, request=e74ea0f8-bf41-4d93-a1fd-ac84c2b46512->41a8e196-af5b-4c71-b4d4-8d03270b35a0#69-t1, previous=(t:1, i:10), leaderCommit=6, initializing? false, entries: <empty>
2019-09-12 04:02:34,536 [java.util.concurrent.ThreadPoolExecutor$Worker@7b7c3362[State = -1, empty queue]] WARN  server.GrpcLogAppender (GrpcLogAppender.java:timeoutAppendRequest(200)) - e74ea0f8-bf41-4d93-a1fd-ac84c2b46512@group-7A1668DFAB34->d16d800f-a890-4a7a-bda4-5bf97a65c0f2-GrpcLogAppender: appendEntries Timeout, request=e74ea0f8-bf41-4d93-a1fd-ac84c2b46512->d16d800f-a890-4a7a-bda4-5bf97a65c0f2#69-t1, previous=(t:1, i:10), leaderCommit=6, initializing? false, entries: <empty>
2019-09-12 04:02:36,155 [grpc-default-executor-0] INFO  client.GrpcClientProtocolClient (GrpcClientProtocolClient.java:onNext(264)) - client-7D4C8718A617->41a8e196-af5b-4c71-b4d4-8d03270b35a0: receive RaftClientReply:client-7D4C8718A617->41a8e196-af5b-4c71-b4d4-8d03270b35a0@group-7A1668DFAB34, cid=21, FAILED org.apache.ratis.protocol.NotLeaderException: Server 41a8e196-af5b-4c71-b4d4-8d03270b35a0@group-7A1668DFAB34 is not the leader e74ea0f8-bf41-4d93-a1fd-ac84c2b46512:192.168.34.8:33824, logIndex=0, commits[41a8e196-af5b-4c71-b4d4-8d03270b35a0:c6, e74ea0f8-bf41-4d93-a1fd-ac84c2b46512:c6, d16d800f-a890-4a7a-bda4-5bf97a65c0f2:c4]
2019-09-12 04:02:36,532 [org.apache.ratis.server.impl.LogAppender$AppenderDaemon$$Lambda$490/586156626@32b89603] ERROR ratis.XceiverServerRatis (XceiverServerRatis.java:triggerPipelineClose(568)) - pipeline Action CLOSE  on pipeline PipelineID=73e48434-27c3-4c74-96c6-7a1668dfab34.Reason : e74ea0f8-bf41-4d93-a1fd-ac84c2b46512 has not seen follower/s 41a8e196-af5b-4c71-b4d4-8d03270b35a0 for 153540ms d16d800f-a890-4a7a-bda4-5bf97a65c0f2 for 153541ms
2019-09-12 04:02:36,538 [org.apache.ratis.server.impl.LogAppender$AppenderDaemon$$Lambda$490/586156626@5cfb40c9] ERROR ratis.XceiverServerRatis (XceiverServerRatis.java:triggerPipelineClose(568)) - pipeline Action CLOSE  on pipeline PipelineID=73e48434-27c3-4c74-96c6-7a1668dfab34.Reason : e74ea0f8-bf41-4d93-a1fd-ac84c2b46512 has not seen follower/s 41a8e196-af5b-4c71-b4d4-8d03270b35a0 for 153546ms d16d800f-a890-4a7a-bda4-5bf97a65c0f2 for 153546ms
2019-09-12 04:02:37,031 [java.util.concurrent.ThreadPoolExecutor$Worker@16f1792d[State = -1, empty queue]] WARN  server.GrpcLogAppender (GrpcLogAppender.java:timeoutAppendRequest(200)) - e74ea0f8-bf41-4d93-a1fd-ac84c2b46512@group-7A1668DFAB34->41a8e196-af5b-4c71-b4d4-8d03270b35a0-GrpcLogAppender: appendEntries Timeout, request=e74ea0f8-bf41-4d93-a1fd-ac84c2b46512->41a8e196-af5b-4c71-b4d4-8d03270b35a0#70-t1, previous=(t:1, i:10), leaderCommit=6, initializing? false, entries: <empty>
2019-09-12 04:02:37,037 [java.util.concurrent.ThreadPoolExecutor$Worker@7b7c3362[State = -1, empty queue]] WARN  server.GrpcLogAppender (GrpcLogAppender.java:timeoutAppendRequest(200)) - e74ea0f8-bf41-4d93-a1fd-ac84c2b46512@group-7A1668DFAB34->d16d800f-a890-4a7a-bda4-5bf97a65c0f2-GrpcLogAppender: appendEntries Timeout, request=e74ea0f8-bf41-4d93-a1fd-ac84c2b46512->d16d800f-a890-4a7a-bda4-5bf97a65c0f2#70-t1, previous=(t:1, i:10), leaderCommit=6, initializing? false, entries: <empty>
2019-09-12 04:02:37,518 [EventQueue-PipelineActionsForPipelineActionHandler] ERROR pipeline.PipelineActionHandler (PipelineActionHandler.java:onMessage(60)) - Received pipeline action CLOSE for Pipeline[ Id: 73e48434-27c3-4c74-96c6-7a1668dfab34, Nodes: d16d800f-a890-4a7a-bda4-5bf97a65c0f2{ip: 192.168.34.8, host: pr-hdds-1879-pbs75-1821932185, networkLocation: /default-rack, certSerialId: null}41a8e196-af5b-4c71-b4d4-8d03270b35a0{ip: 192.168.34.8, host: pr-hdds-1879-pbs75-1821932185, networkLocation: /default-rack, certSerialId: null}e74ea0f8-bf41-4d93-a1fd-ac84c2b46512{ip: 192.168.34.8, host: pr-hdds-1879-pbs75-1821932185, networkLocation: /default-rack, certSerialId: null}, Type:RATIS, Factor:THREE, State:CLOSED] from datanode e74ea0f8-bf41-4d93-a1fd-ac84c2b46512{ip: 192.168.34.8, host: pr-hdds-1879-pbs75-1821932185, networkLocation: /default-rack, certSerialId: null}. Reason : e74ea0f8-bf41-4d93-a1fd-ac84c2b46512 has not seen follower/s 41a8e196-af5b-4c71-b4d4-8d03270b35a0 for 153540ms d16d800f-a890-4a7a-bda4-5bf97a65c0f2 for 153541ms
2019-09-12 04:02:37,519 [EventQueue-PipelineActionsForPipelineActionHandler] INFO  pipeline.SCMPipelineManager (SCMPipelineManager.java:finalizeAndDestroyPipeline(311)) - destroying pipeline:Pipeline[ Id: 73e48434-27c3-4c74-96c6-7a1668dfab34, Nodes: d16d800f-a890-4a7a-bda4-5bf97a65c0f2{ip: 192.168.34.8, host: pr-hdds-1879-pbs75-1821932185, networkLocation: /default-rack, certSerialId: null}41a8e196-af5b-4c71-b4d4-8d03270b35a0{ip: 192.168.34.8, host: pr-hdds-1879-pbs75-1821932185, networkLocation: /default-rack, certSerialId: null}e74ea0f8-bf41-4d93-a1fd-ac84c2b46512{ip: 192.168.34.8, host: pr-hdds-1879-pbs75-1821932185, networkLocation: /default-rack, certSerialId: null}, Type:RATIS, Factor:THREE, State:CLOSED]
2019-09-12 04:02:39,033 [org.apache.ratis.server.impl.LogAppender$AppenderDaemon$$Lambda$490/586156626@32b89603] ERROR ratis.XceiverServerRatis (XceiverServerRatis.java:triggerPipelineClose(568)) - pipeline Action CLOSE  on pipeline PipelineID=73e48434-27c3-4c74-96c6-7a1668dfab34.Reason : e74ea0f8-bf41-4d93-a1fd-ac84c2b46512 has not seen follower/s 41a8e196-af5b-4c71-b4d4-8d03270b35a0 for 156041ms d16d800f-a890-4a7a-bda4-5bf97a65c0f2 for 156042ms
2019-09-12 04:02:39,038 [org.apache.ratis.server.impl.LogAppender$AppenderDaemon$$Lambda$490/586156626@5cfb40c9] ERROR ratis.XceiverServerRatis (XceiverServerRatis.java:triggerPipelineClose(568)) - pipeline Action CLOSE  on pipeline PipelineID=73e48434-27c3-4c74-96c6-7a1668dfab34.Reason : e74ea0f8-bf41-4d93-a1fd-ac84c2b46512 has not seen follower/s 41a8e196-af5b-4c71-b4d4-8d03270b35a0 for 156047ms d16d800f-a890-4a7a-bda4-5bf97a65c0f2 for 156047ms
2019-09-12 04:02:39,520 [EventQueue-PipelineActionsForPipelineActionHandler] ERROR pipeline.PipelineActionHandler (PipelineActionHandler.java:onMessage(60)) - Received pipeline action CLOSE for Pipeline[ Id: 73e48434-27c3-4c74-96c6-7a1668dfab34, Nodes: d16d800f-a890-4a7a-bda4-5bf97a65c0f2{ip: 192.168.34.8, host: pr-hdds-1879-pbs75-1821932185, networkLocation: /default-rack, certSerialId: null}41a8e196-af5b-4c71-b4d4-8d03270b35a0{ip: 192.168.34.8, host: pr-hdds-1879-pbs75-1821932185, networkLocation: /default-rack, certSerialId: null}e74ea0f8-bf41-4d93-a1fd-ac84c2b46512{ip: 192.168.34.8, host: pr-hdds-1879-pbs75-1821932185, networkLocation: /default-rack, certSerialId: null}, Type:RATIS, Factor:THREE, State:CLOSED] from datanode e74ea0f8-bf41-4d93-a1fd-ac84c2b46512{ip: 192.168.34.8, host: pr-hdds-1879-pbs75-1821932185, networkLocation: /default-rack, certSerialId: null}. Reason : e74ea0f8-bf41-4d93-a1fd-ac84c2b46512 has not seen follower/s 41a8e196-af5b-4c71-b4d4-8d03270b35a0 for 156041ms d16d800f-a890-4a7a-bda4-5bf97a65c0f2 for 156042ms
2019-09-12 04:02:39,520 [EventQueue-PipelineActionsForPipelineActionHandler] INFO  pipeline.SCMPipelineManager (SCMPipelineManager.java:finalizeAndDestroyPipeline(311)) - destroying pipeline:Pipeline[ Id: 73e48434-27c3-4c74-96c6-7a1668dfab34, Nodes: d16d800f-a890-4a7a-bda4-5bf97a65c0f2{ip: 192.168.34.8, host: pr-hdds-1879-pbs75-1821932185, networkLocation: /default-rack, certSerialId: null}41a8e196-af5b-4c71-b4d4-8d03270b35a0{ip: 192.168.34.8, host: pr-hdds-1879-pbs75-1821932185, networkLocation: /default-rack, certSerialId: null}e74ea0f8-bf41-4d93-a1fd-ac84c2b46512{ip: 192.168.34.8, host: pr-hdds-1879-pbs75-1821932185, networkLocation: /default-rack, certSerialId: null}, Type:RATIS, Factor:THREE, State:CLOSED]
2019-09-12 04:02:39,532 [java.util.concurrent.ThreadPoolExecutor$Worker@16f1792d[State = -1, empty queue]] WARN  server.GrpcLogAppender (GrpcLogAppender.java:timeoutAppendRequest(200)) - e74ea0f8-bf41-4d93-a1fd-ac84c2b46512@group-7A1668DFAB34->41a8e196-af5b-4c71-b4d4-8d03270b35a0-GrpcLogAppender: appendEntries Timeout, request=e74ea0f8-bf41-4d93-a1fd-ac84c2b46512->41a8e196-af5b-4c71-b4d4-8d03270b35a0#71-t1, previous=(t:1, i:10), leaderCommit=6, initializing? false, entries: <empty>
2019-09-12 04:02:39,538 [java.util.concurrent.ThreadPoolExecutor$Worker@7b7c3362[State = -1, empty queue]] WARN  server.GrpcLogAppender (GrpcLogAppender.java:timeoutAppendRequest(200)) - e74ea0f8-bf41-4d93-a1fd-ac84c2b46512@group-7A1668DFAB34->d16d800f-a890-4a7a-bda4-5bf97a65c0f2-GrpcLogAppender: appendEntries Timeout, request=e74ea0f8-bf41-4d93-a1fd-ac84c2b46512->d16d800f-a890-4a7a-bda4-5bf97a65c0f2#71-t1, previous=(t:1, i:10), leaderCommit=6, initializing? false, entries: <empty>
2019-09-12 04:02:41,212 [grpc-default-executor-6] INFO  client.GrpcClientProtocolClient (GrpcClientProtocolClient.java:onNext(264)) - client-7D4C8718A617->41a8e196-af5b-4c71-b4d4-8d03270b35a0: receive RaftClientReply:client-7D4C8718A617->41a8e196-af5b-4c71-b4d4-8d03270b35a0@group-7A1668DFAB34, cid=21, FAILED org.apache.ratis.protocol.NotLeaderException: Server 41a8e196-af5b-4c71-b4d4-8d03270b35a0@group-7A1668DFAB34 is not the leader e74ea0f8-bf41-4d93-a1fd-ac84c2b46512:192.168.34.8:33824, logIndex=0, commits[41a8e196-af5b-4c71-b4d4-8d03270b35a0:c6, e74ea0f8-bf41-4d93-a1fd-ac84c2b46512:c6, d16d800f-a890-4a7a-bda4-5bf97a65c0f2:c4]
2019-09-12 04:02:41,534 [org.apache.ratis.server.impl.LogAppender$AppenderDaemon$$Lambda$490/586156626@32b89603] ERROR ratis.XceiverServerRatis (XceiverServerRatis.java:triggerPipelineClose(568)) - pipeline Action CLOSE  on pipeline PipelineID=73e48434-27c3-4c74-96c6-7a1668dfab34.Reason : e74ea0f8-bf41-4d93-a1fd-ac84c2b46512 has not seen follower/s 41a8e196-af5b-4c71-b4d4-8d03270b35a0 for 158542ms d16d800f-a890-4a7a-bda4-5bf97a65c0f2 for 158543ms
2019-09-12 04:02:41,539 [org.apache.ratis.server.impl.LogAppender$AppenderDaemon$$Lambda$490/586156626@5cfb40c9] ERROR ratis.XceiverServerRatis (XceiverServerRatis.java:triggerPipelineClose(568)) - pipeline Action CLOSE  on pipeline PipelineID=73e48434-27c3-4c74-96c6-7a1668dfab34.Reason : e74ea0f8-bf41-4d93-a1fd-ac84c2b46512 has not seen follower/s 41a8e196-af5b-4c71-b4d4-8d03270b35a0 for 158547ms d16d800f-a890-4a7a-bda4-5bf97a65c0f2 for 158548ms
2019-09-12 04:02:42,033 [java.util.concurrent.ThreadPoolExecutor$Worker@16f1792d[State = -1, empty queue]] WARN  server.GrpcLogAppender (GrpcLogAppender.java:timeoutAppendRequest(200)) - e74ea0f8-bf41-4d93-a1fd-ac84c2b46512@group-7A1668DFAB34->41a8e196-af5b-4c71-b4d4-8d03270b35a0-GrpcLogAppender: appendEntries Timeout, request=e74ea0f8-bf41-4d93-a1fd-ac84c2b46512->41a8e196-af5b-4c71-b4d4-8d03270b35a0#72-t1, previous=(t:1, i:10), leaderCommit=6, initializing? false, entries: <empty>
2019-09-12 04:02:42,038 [java.util.concurrent.ThreadPoolExecutor$Worker@7b7c3362[State = -1, empty queue]] WARN  server.GrpcLogAppender (GrpcLogAppender.java:timeoutAppendRequest(200)) - e74ea0f8-bf41-4d93-a1fd-ac84c2b46512@group-7A1668DFAB34->d16d800f-a890-4a7a-bda4-5bf97a65c0f2-GrpcLogAppender: appendEntries Timeout, request=e74ea0f8-bf41-4d93-a1fd-ac84c2b46512->d16d800f-a890-4a7a-bda4-5bf97a65c0f2#72-t1, previous=(t:1, i:10), leaderCommit=6, initializing? false, entries: <empty>
2019-09-12 04:02:42,522 [EventQueue-PipelineActionsForPipelineActionHandler] ERROR pipeline.PipelineActionHandler (PipelineActionHandler.java:onMessage(60)) - Received pipeline action CLOSE for Pipeline[ Id: 73e48434-27c3-4c74-96c6-7a1668dfab34, Nodes: d16d800f-a890-4a7a-bda4-5bf97a65c0f2{ip: 192.168.34.8, host: pr-hdds-1879-pbs75-1821932185, networkLocation: /default-rack, certSerialId: null}41a8e196-af5b-4c71-b4d4-8d03270b35a0{ip: 192.168.34.8, host: pr-hdds-1879-pbs75-1821932185, networkLocation: /default-rack, certSerialId: null}e74ea0f8-bf41-4d93-a1fd-ac84c2b46512{ip: 192.168.34.8, host: pr-hdds-1879-pbs75-1821932185, networkLocation: /default-rack, certSerialId: null}, Type:RATIS, Factor:THREE, State:CLOSED] from datanode e74ea0f8-bf41-4d93-a1fd-ac84c2b46512{ip: 192.168.34.8, host: pr-hdds-1879-pbs75-1821932185, networkLocation: /default-rack, certSerialId: null}. Reason : e74ea0f8-bf41-4d93-a1fd-ac84c2b46512 has not seen follower/s 41a8e196-af5b-4c71-b4d4-8d03270b35a0 for 158542ms d16d800f-a890-4a7a-bda4-5bf97a65c0f2 for 158543ms
2019-09-12 04:02:42,522 [EventQueue-PipelineActionsForPipelineActionHandler] INFO  pipeline.SCMPipelineManager (SCMPipelineManager.java:finalizeAndDestroyPipeline(311)) - destroying pipeline:Pipeline[ Id: 73e48434-27c3-4c74-96c6-7a1668dfab34, Nodes: d16d800f-a890-4a7a-bda4-5bf97a65c0f2{ip: 192.168.34.8, host: pr-hdds-1879-pbs75-1821932185, networkLocation: /default-rack, certSerialId: null}41a8e196-af5b-4c71-b4d4-8d03270b35a0{ip: 192.168.34.8, host: pr-hdds-1879-pbs75-1821932185, networkLocation: /default-rack, certSerialId: null}e74ea0f8-bf41-4d93-a1fd-ac84c2b46512{ip: 192.168.34.8, host: pr-hdds-1879-pbs75-1821932185, networkLocation: /default-rack, certSerialId: null}, Type:RATIS, Factor:THREE, State:CLOSED]
2019-09-12 04:02:44,036 [org.apache.ratis.server.impl.LogAppender$AppenderDaemon$$Lambda$490/586156626@32b89603] ERROR ratis.XceiverServerRatis (XceiverServerRatis.java:triggerPipelineClose(568)) - pipeline Action CLOSE  on pipeline PipelineID=73e48434-27c3-4c74-96c6-7a1668dfab34.Reason : e74ea0f8-bf41-4d93-a1fd-ac84c2b46512 has not seen follower/s 41a8e196-af5b-4c71-b4d4-8d03270b35a0 for 161044ms d16d800f-a890-4a7a-bda4-5bf97a65c0f2 for 161045ms
2019-09-12 04:02:44,040 [org.apache.ratis.server.impl.LogAppender$AppenderDaemon$$Lambda$490/586156626@5cfb40c9] ERROR ratis.XceiverServerRatis (XceiverServerRatis.java:triggerPipelineClose(568)) - pipeline Action CLOSE  on pipeline PipelineID=73e48434-27c3-4c74-96c6-7a1668dfab34.Reason : e74ea0f8-bf41-4d93-a1fd-ac84c2b46512 has not seen follower/s 41a8e196-af5b-4c71-b4d4-8d03270b35a0 for 161048ms d16d800f-a890-4a7a-bda4-5bf97a65c0f2 for 161048ms
2019-09-12 04:02:44,326 [41a8e196-af5b-4c71-b4d4-8d03270b35a0@group-7A1668DFAB34-SegmentedRaftLogWorker] WARN  segmented.SegmentedRaftLogWorker (SegmentedRaftLogWorker.java:getFromFuture(90)) - Timeout 15/~
org.apache.ratis.protocol.TimeoutIOException: Timeout 10s: WriteLog:7: (t:1, i:7), STATEMACHINELOGENTRY, client-7D4C8718A617, cid=21-writeStateMachineData
	at org.apache.ratis.util.IOUtils.getFromFuture(IOUtils.java:87)
	at org.apache.ratis.server.raftlog.segmented.SegmentedRaftLogWorker$StateMachineDataPolicy.getFromFuture(SegmentedRaftLogWorker.java:87)
	at org.apache.ratis.server.raftlog.segmented.SegmentedRaftLogWorker$WriteLog.execute(SegmentedRaftLogWorker.java:477)
	at org.apache.ratis.server.raftlog.segmented.SegmentedRaftLogWorker.run(SegmentedRaftLogWorker.java:289)
	at java.lang.Thread.run(Thread.java:748)
Caused by: java.util.concurrent.TimeoutException
	at java.util.concurrent.CompletableFuture.timedGet(CompletableFuture.java:1771)
	at java.util.concurrent.CompletableFuture.get(CompletableFuture.java:1915)
	at org.apache.ratis.util.IOUtils.getFromFuture(IOUtils.java:79)
	... 4 more
2019-09-12 04:02:44,448 [e74ea0f8-bf41-4d93-a1fd-ac84c2b46512@group-7A1668DFAB34-SegmentedRaftLogWorker] WARN  segmented.SegmentedRaftLogWorker (SegmentedRaftLogWorker.java:getFromFuture(90)) - Timeout 15/~
org.apache.ratis.protocol.TimeoutIOException: Timeout 10s: WriteLog:8: (t:1, i:8), STATEMACHINELOGENTRY, client-7D4C8718A617, cid=22-writeStateMachineData
	at org.apache.ratis.util.IOUtils.getFromFuture(IOUtils.java:87)
	at org.apache.ratis.server.raftlog.segmented.SegmentedRaftLogWorker$StateMachineDataPolicy.getFromFuture(SegmentedRaftLogWorker.java:87)
	at org.apache.ratis.server.raftlog.segmented.SegmentedRaftLogWorker$WriteLog.execute(SegmentedRaftLogWorker.java:477)
	at org.apache.ratis.server.raftlog.segmented.SegmentedRaftLogWorker.run(SegmentedRaftLogWorker.java:289)
	at java.lang.Thread.run(Thread.java:748)
Caused by: java.util.concurrent.TimeoutException
	at java.util.concurrent.CompletableFuture.timedGet(CompletableFuture.java:1771)
	at java.util.concurrent.CompletableFuture.get(CompletableFuture.java:1915)
	at org.apache.ratis.util.IOUtils.getFromFuture(IOUtils.java:79)
	... 4 more
2019-09-12 04:02:44,474 [d16d800f-a890-4a7a-bda4-5bf97a65c0f2@group-7A1668DFAB34-SegmentedRaftLogWorker] WARN  segmented.SegmentedRaftLogWorker (SegmentedRaftLogWorker.java:getFromFuture(90)) - Timeout 15/~
org.apache.ratis.protocol.TimeoutIOException: Timeout 10s: WriteLog:8: (t:1, i:8), STATEMACHINELOGENTRY, client-7D4C8718A617, cid=22-writeStateMachineData
	at org.apache.ratis.util.IOUtils.getFromFuture(IOUtils.java:87)
	at org.apache.ratis.server.raftlog.segmented.SegmentedRaftLogWorker$StateMachineDataPolicy.getFromFuture(SegmentedRaftLogWorker.java:87)
	at org.apache.ratis.server.raftlog.segmented.SegmentedRaftLogWorker$WriteLog.execute(SegmentedRaftLogWorker.java:477)
	at org.apache.ratis.server.raftlog.segmented.SegmentedRaftLogWorker.run(SegmentedRaftLogWorker.java:289)
	at java.lang.Thread.run(Thread.java:748)
Caused by: java.util.concurrent.TimeoutException
	at java.util.concurrent.CompletableFuture.timedGet(CompletableFuture.java:1771)
	at java.util.concurrent.CompletableFuture.get(CompletableFuture.java:1915)
	at org.apache.ratis.util.IOUtils.getFromFuture(IOUtils.java:79)
	... 4 more
2019-09-12 04:02:44,519 [EventQueue-PipelineActionsForPipelineActionHandler] ERROR pipeline.PipelineActionHandler (PipelineActionHandler.java:onMessage(60)) - Received pipeline action CLOSE for Pipeline[ Id: 73e48434-27c3-4c74-96c6-7a1668dfab34, Nodes: d16d800f-a890-4a7a-bda4-5bf97a65c0f2{ip: 192.168.34.8, host: pr-hdds-1879-pbs75-1821932185, networkLocation: /default-rack, certSerialId: null}41a8e196-af5b-4c71-b4d4-8d03270b35a0{ip: 192.168.34.8, host: pr-hdds-1879-pbs75-1821932185, networkLocation: /default-rack, certSerialId: null}e74ea0f8-bf41-4d93-a1fd-ac84c2b46512{ip: 192.168.34.8, host: pr-hdds-1879-pbs75-1821932185, networkLocation: /default-rack, certSerialId: null}, Type:RATIS, Factor:THREE, State:CLOSED] from datanode e74ea0f8-bf41-4d93-a1fd-ac84c2b46512{ip: 192.168.34.8, host: pr-hdds-1879-pbs75-1821932185, networkLocation: /default-rack, certSerialId: null}. Reason : e74ea0f8-bf41-4d93-a1fd-ac84c2b46512 has not seen follower/s 41a8e196-af5b-4c71-b4d4-8d03270b35a0 for 161044ms d16d800f-a890-4a7a-bda4-5bf97a65c0f2 for 161045ms
2019-09-12 04:02:44,519 [EventQueue-PipelineActionsForPipelineActionHandler] INFO  pipeline.SCMPipelineManager (SCMPipelineManager.java:finalizeAndDestroyPipeline(311)) - destroying pipeline:Pipeline[ Id: 73e48434-27c3-4c74-96c6-7a1668dfab34, Nodes: d16d800f-a890-4a7a-bda4-5bf97a65c0f2{ip: 192.168.34.8, host: pr-hdds-1879-pbs75-1821932185, networkLocation: /default-rack, certSerialId: null}41a8e196-af5b-4c71-b4d4-8d03270b35a0{ip: 192.168.34.8, host: pr-hdds-1879-pbs75-1821932185, networkLocation: /default-rack, certSerialId: null}e74ea0f8-bf41-4d93-a1fd-ac84c2b46512{ip: 192.168.34.8, host: pr-hdds-1879-pbs75-1821932185, networkLocation: /default-rack, certSerialId: null}, Type:RATIS, Factor:THREE, State:CLOSED]
2019-09-12 04:02:44,534 [java.util.concurrent.ThreadPoolExecutor$Worker@16f1792d[State = -1, empty queue]] WARN  server.GrpcLogAppender (GrpcLogAppender.java:timeoutAppendRequest(200)) - e74ea0f8-bf41-4d93-a1fd-ac84c2b46512@group-7A1668DFAB34->41a8e196-af5b-4c71-b4d4-8d03270b35a0-GrpcLogAppender: appendEntries Timeout, request=e74ea0f8-bf41-4d93-a1fd-ac84c2b46512->41a8e196-af5b-4c71-b4d4-8d03270b35a0#73-t1, previous=(t:1, i:10), leaderCommit=6, initializing? false, entries: <empty>
2019-09-12 04:02:44,539 [java.util.concurrent.ThreadPoolExecutor$Worker@7b7c3362[State = -1, empty queue]] WARN  server.GrpcLogAppender (GrpcLogAppender.java:timeoutAppendRequest(200)) - e74ea0f8-bf41-4d93-a1fd-ac84c2b46512@group-7A1668DFAB34->d16d800f-a890-4a7a-bda4-5bf97a65c0f2-GrpcLogAppender: appendEntries Timeout, request=e74ea0f8-bf41-4d93-a1fd-ac84c2b46512->d16d800f-a890-4a7a-bda4-5bf97a65c0f2#73-t1, previous=(t:1, i:10), leaderCommit=6, initializing? false, entries: <empty>
2019-09-12 04:02:46,268 [grpc-default-executor-0] INFO  client.GrpcClientProtocolClient (GrpcClientProtocolClient.java:onNext(264)) - client-7D4C8718A617->d16d800f-a890-4a7a-bda4-5bf97a65c0f2: receive RaftClientReply:client-7D4C8718A617->d16d800f-a890-4a7a-bda4-5bf97a65c0f2@group-7A1668DFAB34, cid=21, FAILED org.apache.ratis.protocol.NotLeaderException: Server d16d800f-a890-4a7a-bda4-5bf97a65c0f2@group-7A1668DFAB34 is not the leader e74ea0f8-bf41-4d93-a1fd-ac84c2b46512:192.168.34.8:33824, logIndex=0, commits[d16d800f-a890-4a7a-bda4-5bf97a65c0f2:c6, 41a8e196-af5b-4c71-b4d4-8d03270b35a0:c4, e74ea0f8-bf41-4d93-a1fd-ac84c2b46512:c6]
2019-09-12 04:02:46,538 [org.apache.ratis.server.impl.LogAppender$AppenderDaemon$$Lambda$490/586156626@32b89603] ERROR ratis.XceiverServerRatis (XceiverServerRatis.java:triggerPipelineClose(568)) - pipeline Action CLOSE  on pipeline PipelineID=73e48434-27c3-4c74-96c6-7a1668dfab34.Reason : e74ea0f8-bf41-4d93-a1fd-ac84c2b46512 has not seen follower/s 41a8e196-af5b-4c71-b4d4-8d03270b35a0 for 163546ms d16d800f-a890-4a7a-bda4-5bf97a65c0f2 for 163546ms
2019-09-12 04:02:46,540 [org.apache.ratis.server.impl.LogAppender$AppenderDaemon$$Lambda$490/586156626@5cfb40c9] ERROR ratis.XceiverServerRatis (XceiverServerRatis.java:triggerPipelineClose(568)) - pipeline Action CLOSE  on pipeline PipelineID=73e48434-27c3-4c74-96c6-7a1668dfab34.Reason : e74ea0f8-bf41-4d93-a1fd-ac84c2b46512 has not seen follower/s 41a8e196-af5b-4c71-b4d4-8d03270b35a0 for 163549ms d16d800f-a890-4a7a-bda4-5bf97a65c0f2 for 163549ms
2019-09-12 04:02:47,036 [java.util.concurrent.ThreadPoolExecutor$Worker@16f1792d[State = -1, empty queue]] WARN  server.GrpcLogAppender (GrpcLogAppender.java:timeoutAppendRequest(200)) - e74ea0f8-bf41-4d93-a1fd-ac84c2b46512@group-7A1668DFAB34->41a8e196-af5b-4c71-b4d4-8d03270b35a0-GrpcLogAppender: appendEntries Timeout, request=e74ea0f8-bf41-4d93-a1fd-ac84c2b46512->41a8e196-af5b-4c71-b4d4-8d03270b35a0#74-t1, previous=(t:1, i:10), leaderCommit=6, initializing? false, entries: <empty>
2019-09-12 04:02:47,040 [java.util.concurrent.ThreadPoolExecutor$Worker@7b7c3362[State = -1, empty queue]] WARN  server.GrpcLogAppender (GrpcLogAppender.java:timeoutAppendRequest(200)) - e74ea0f8-bf41-4d93-a1fd-ac84c2b46512@group-7A1668DFAB34->d16d800f-a890-4a7a-bda4-5bf97a65c0f2-GrpcLogAppender: appendEntries Timeout, request=e74ea0f8-bf41-4d93-a1fd-ac84c2b46512->d16d800f-a890-4a7a-bda4-5bf97a65c0f2#74-t1, previous=(t:1, i:10), leaderCommit=6, initializing? false, entries: <empty>
2019-09-12 04:02:47,520 [EventQueue-PipelineActionsForPipelineActionHandler] ERROR pipeline.PipelineActionHandler (PipelineActionHandler.java:onMessage(60)) - Received pipeline action CLOSE for Pipeline[ Id: 73e48434-27c3-4c74-96c6-7a1668dfab34, Nodes: d16d800f-a890-4a7a-bda4-5bf97a65c0f2{ip: 192.168.34.8, host: pr-hdds-1879-pbs75-1821932185, networkLocation: /default-rack, certSerialId: null}41a8e196-af5b-4c71-b4d4-8d03270b35a0{ip: 192.168.34.8, host: pr-hdds-1879-pbs75-1821932185, networkLocation: /default-rack, certSerialId: null}e74ea0f8-bf41-4d93-a1fd-ac84c2b46512{ip: 192.168.34.8, host: pr-hdds-1879-pbs75-1821932185, networkLocation: /default-rack, certSerialId: null}, Type:RATIS, Factor:THREE, State:CLOSED] from datanode e74ea0f8-bf41-4d93-a1fd-ac84c2b46512{ip: 192.168.34.8, host: pr-hdds-1879-pbs75-1821932185, networkLocation: /default-rack, certSerialId: null}. Reason : e74ea0f8-bf41-4d93-a1fd-ac84c2b46512 has not seen follower/s 41a8e196-af5b-4c71-b4d4-8d03270b35a0 for 163546ms d16d800f-a890-4a7a-bda4-5bf97a65c0f2 for 163546ms
2019-09-12 04:02:47,521 [EventQueue-PipelineActionsForPipelineActionHandler] INFO  pipeline.SCMPipelineManager (SCMPipelineManager.java:finalizeAndDestroyPipeline(311)) - destroying pipeline:Pipeline[ Id: 73e48434-27c3-4c74-96c6-7a1668dfab34, Nodes: d16d800f-a890-4a7a-bda4-5bf97a65c0f2{ip: 192.168.34.8, host: pr-hdds-1879-pbs75-1821932185, networkLocation: /default-rack, certSerialId: null}41a8e196-af5b-4c71-b4d4-8d03270b35a0{ip: 192.168.34.8, host: pr-hdds-1879-pbs75-1821932185, networkLocation: /default-rack, certSerialId: null}e74ea0f8-bf41-4d93-a1fd-ac84c2b46512{ip: 192.168.34.8, host: pr-hdds-1879-pbs75-1821932185, networkLocation: /default-rack, certSerialId: null}, Type:RATIS, Factor:THREE, State:CLOSED]
2019-09-12 04:02:49,041 [org.apache.ratis.server.impl.LogAppender$AppenderDaemon$$Lambda$490/586156626@32b89603] ERROR ratis.XceiverServerRatis (XceiverServerRatis.java:triggerPipelineClose(568)) - pipeline Action CLOSE  on pipeline PipelineID=73e48434-27c3-4c74-96c6-7a1668dfab34.Reason : e74ea0f8-bf41-4d93-a1fd-ac84c2b46512 has not seen follower/s 41a8e196-af5b-4c71-b4d4-8d03270b35a0 for 166049ms d16d800f-a890-4a7a-bda4-5bf97a65c0f2 for 166049ms
2019-09-12 04:02:49,041 [org.apache.ratis.server.impl.LogAppender$AppenderDaemon$$Lambda$490/586156626@5cfb40c9] ERROR ratis.XceiverServerRatis (XceiverServerRatis.java:triggerPipelineClose(568)) - pipeline Action CLOSE  on pipeline PipelineID=73e48434-27c3-4c74-96c6-7a1668dfab34.Reason : e74ea0f8-bf41-4d93-a1fd-ac84c2b46512 has not seen follower/s 41a8e196-af5b-4c71-b4d4-8d03270b35a0 for 166050ms d16d800f-a890-4a7a-bda4-5bf97a65c0f2 for 166050ms
2019-09-12 04:02:49,520 [EventQueue-PipelineActionsForPipelineActionHandler] ERROR pipeline.PipelineActionHandler (PipelineActionHandler.java:onMessage(60)) - Received pipeline action CLOSE for Pipeline[ Id: 73e48434-27c3-4c74-96c6-7a1668dfab34, Nodes: d16d800f-a890-4a7a-bda4-5bf97a65c0f2{ip: 192.168.34.8, host: pr-hdds-1879-pbs75-1821932185, networkLocation: /default-rack, certSerialId: null}41a8e196-af5b-4c71-b4d4-8d03270b35a0{ip: 192.168.34.8, host: pr-hdds-1879-pbs75-1821932185, networkLocation: /default-rack, certSerialId: null}e74ea0f8-bf41-4d93-a1fd-ac84c2b46512{ip: 192.168.34.8, host: pr-hdds-1879-pbs75-1821932185, networkLocation: /default-rack, certSerialId: null}, Type:RATIS, Factor:THREE, State:CLOSED] from datanode e74ea0f8-bf41-4d93-a1fd-ac84c2b46512{ip: 192.168.34.8, host: pr-hdds-1879-pbs75-1821932185, networkLocation: /default-rack, certSerialId: null}. Reason : e74ea0f8-bf41-4d93-a1fd-ac84c2b46512 has not seen follower/s 41a8e196-af5b-4c71-b4d4-8d03270b35a0 for 166049ms d16d800f-a890-4a7a-bda4-5bf97a65c0f2 for 166049ms
2019-09-12 04:02:49,520 [EventQueue-PipelineActionsForPipelineActionHandler] INFO  pipeline.SCMPipelineManager (SCMPipelineManager.java:finalizeAndDestroyPipeline(311)) - destroying pipeline:Pipeline[ Id: 73e48434-27c3-4c74-96c6-7a1668dfab34, Nodes: d16d800f-a890-4a7a-bda4-5bf97a65c0f2{ip: 192.168.34.8, host: pr-hdds-1879-pbs75-1821932185, networkLocation: /default-rack, certSerialId: null}41a8e196-af5b-4c71-b4d4-8d03270b35a0{ip: 192.168.34.8, host: pr-hdds-1879-pbs75-1821932185, networkLocation: /default-rack, certSerialId: null}e74ea0f8-bf41-4d93-a1fd-ac84c2b46512{ip: 192.168.34.8, host: pr-hdds-1879-pbs75-1821932185, networkLocation: /default-rack, certSerialId: null}, Type:RATIS, Factor:THREE, State:CLOSED]
2019-09-12 04:02:49,537 [java.util.concurrent.ThreadPoolExecutor$Worker@16f1792d[State = -1, empty queue]] WARN  server.GrpcLogAppender (GrpcLogAppender.java:timeoutAppendRequest(200)) - e74ea0f8-bf41-4d93-a1fd-ac84c2b46512@group-7A1668DFAB34->41a8e196-af5b-4c71-b4d4-8d03270b35a0-GrpcLogAppender: appendEntries Timeout, request=e74ea0f8-bf41-4d93-a1fd-ac84c2b46512->41a8e196-af5b-4c71-b4d4-8d03270b35a0#75-t1, previous=(t:1, i:10), leaderCommit=6, initializing? false, entries: <empty>
2019-09-12 04:02:49,540 [java.util.concurrent.ThreadPoolExecutor$Worker@7b7c3362[State = -1, empty queue]] WARN  server.GrpcLogAppender (GrpcLogAppender.java:timeoutAppendRequest(200)) - e74ea0f8-bf41-4d93-a1fd-ac84c2b46512@group-7A1668DFAB34->d16d800f-a890-4a7a-bda4-5bf97a65c0f2-GrpcLogAppender: appendEntries Timeout, request=e74ea0f8-bf41-4d93-a1fd-ac84c2b46512->d16d800f-a890-4a7a-bda4-5bf97a65c0f2#75-t1, previous=(t:1, i:10), leaderCommit=6, initializing? false, entries: <empty>
2019-09-12 04:02:51,331 [grpc-default-executor-0] INFO  client.GrpcClientProtocolClient (GrpcClientProtocolClient.java:onNext(264)) - client-7D4C8718A617->41a8e196-af5b-4c71-b4d4-8d03270b35a0: receive RaftClientReply:client-7D4C8718A617->41a8e196-af5b-4c71-b4d4-8d03270b35a0@group-7A1668DFAB34, cid=21, FAILED org.apache.ratis.protocol.NotLeaderException: Server 41a8e196-af5b-4c71-b4d4-8d03270b35a0@group-7A1668DFAB34 is not the leader e74ea0f8-bf41-4d93-a1fd-ac84c2b46512:192.168.34.8:33824, logIndex=0, commits[41a8e196-af5b-4c71-b4d4-8d03270b35a0:c6, e74ea0f8-bf41-4d93-a1fd-ac84c2b46512:c6, d16d800f-a890-4a7a-bda4-5bf97a65c0f2:c4]
2019-09-12 04:02:51,542 [org.apache.ratis.server.impl.LogAppender$AppenderDaemon$$Lambda$490/586156626@5cfb40c9] ERROR ratis.XceiverServerRatis (XceiverServerRatis.java:triggerPipelineClose(568)) - pipeline Action CLOSE  on pipeline PipelineID=73e48434-27c3-4c74-96c6-7a1668dfab34.Reason : e74ea0f8-bf41-4d93-a1fd-ac84c2b46512 has not seen follower/s 41a8e196-af5b-4c71-b4d4-8d03270b35a0 for 168550ms d16d800f-a890-4a7a-bda4-5bf97a65c0f2 for 168551ms
2019-09-12 04:02:51,542 [org.apache.ratis.server.impl.LogAppender$AppenderDaemon$$Lambda$490/586156626@32b89603] ERROR ratis.XceiverServerRatis (XceiverServerRatis.java:triggerPipelineClose(568)) - pipeline Action CLOSE  on pipeline PipelineID=73e48434-27c3-4c74-96c6-7a1668dfab34.Reason : e74ea0f8-bf41-4d93-a1fd-ac84c2b46512 has not seen follower/s 41a8e196-af5b-4c71-b4d4-8d03270b35a0 for 168550ms d16d800f-a890-4a7a-bda4-5bf97a65c0f2 for 168551ms
2019-09-12 04:02:52,040 [java.util.concurrent.ThreadPoolExecutor$Worker@16f1792d[State = -1, empty queue]] WARN  server.GrpcLogAppender (GrpcLogAppender.java:timeoutAppendRequest(200)) - e74ea0f8-bf41-4d93-a1fd-ac84c2b46512@group-7A1668DFAB34->41a8e196-af5b-4c71-b4d4-8d03270b35a0-GrpcLogAppender: appendEntries Timeout, request=e74ea0f8-bf41-4d93-a1fd-ac84c2b46512->41a8e196-af5b-4c71-b4d4-8d03270b35a0#76-t1, previous=(t:1, i:10), leaderCommit=6, initializing? false, entries: <empty>
2019-09-12 04:02:52,041 [java.util.concurrent.ThreadPoolExecutor$Worker@7b7c3362[State = -1, empty queue]] WARN  server.GrpcLogAppender (GrpcLogAppender.java:timeoutAppendRequest(200)) - e74ea0f8-bf41-4d93-a1fd-ac84c2b46512@group-7A1668DFAB34->d16d800f-a890-4a7a-bda4-5bf97a65c0f2-GrpcLogAppender: appendEntries Timeout, request=e74ea0f8-bf41-4d93-a1fd-ac84c2b46512->d16d800f-a890-4a7a-bda4-5bf97a65c0f2#76-t1, previous=(t:1, i:10), leaderCommit=6, initializing? false, entries: <empty>
2019-09-12 04:02:52,521 [EventQueue-PipelineActionsForPipelineActionHandler] ERROR pipeline.PipelineActionHandler (PipelineActionHandler.java:onMessage(60)) - Received pipeline action CLOSE for Pipeline[ Id: 73e48434-27c3-4c74-96c6-7a1668dfab34, Nodes: d16d800f-a890-4a7a-bda4-5bf97a65c0f2{ip: 192.168.34.8, host: pr-hdds-1879-pbs75-1821932185, networkLocation: /default-rack, certSerialId: null}41a8e196-af5b-4c71-b4d4-8d03270b35a0{ip: 192.168.34.8, host: pr-hdds-1879-pbs75-1821932185, networkLocation: /default-rack, certSerialId: null}e74ea0f8-bf41-4d93-a1fd-ac84c2b46512{ip: 192.168.34.8, host: pr-hdds-1879-pbs75-1821932185, networkLocation: /default-rack, certSerialId: null}, Type:RATIS, Factor:THREE, State:CLOSED] from datanode e74ea0f8-bf41-4d93-a1fd-ac84c2b46512{ip: 192.168.34.8, host: pr-hdds-1879-pbs75-1821932185, networkLocation: /default-rack, certSerialId: null}. Reason : e74ea0f8-bf41-4d93-a1fd-ac84c2b46512 has not seen follower/s 41a8e196-af5b-4c71-b4d4-8d03270b35a0 for 168550ms d16d800f-a890-4a7a-bda4-5bf97a65c0f2 for 168551ms
2019-09-12 04:02:52,521 [EventQueue-PipelineActionsForPipelineActionHandler] INFO  pipeline.SCMPipelineManager (SCMPipelineManager.java:finalizeAndDestroyPipeline(311)) - destroying pipeline:Pipeline[ Id: 73e48434-27c3-4c74-96c6-7a1668dfab34, Nodes: d16d800f-a890-4a7a-bda4-5bf97a65c0f2{ip: 192.168.34.8, host: pr-hdds-1879-pbs75-1821932185, networkLocation: /default-rack, certSerialId: null}41a8e196-af5b-4c71-b4d4-8d03270b35a0{ip: 192.168.34.8, host: pr-hdds-1879-pbs75-1821932185, networkLocation: /default-rack, certSerialId: null}e74ea0f8-bf41-4d93-a1fd-ac84c2b46512{ip: 192.168.34.8, host: pr-hdds-1879-pbs75-1821932185, networkLocation: /default-rack, certSerialId: null}, Type:RATIS, Factor:THREE, State:CLOSED]
2019-09-12 04:02:54,043 [org.apache.ratis.server.impl.LogAppender$AppenderDaemon$$Lambda$490/586156626@5cfb40c9] ERROR ratis.XceiverServerRatis (XceiverServerRatis.java:triggerPipelineClose(568)) - pipeline Action CLOSE  on pipeline PipelineID=73e48434-27c3-4c74-96c6-7a1668dfab34.Reason : e74ea0f8-bf41-4d93-a1fd-ac84c2b46512 has not seen follower/s 41a8e196-af5b-4c71-b4d4-8d03270b35a0 for 171051ms d16d800f-a890-4a7a-bda4-5bf97a65c0f2 for 171052ms
2019-09-12 04:02:54,043 [org.apache.ratis.server.impl.LogAppender$AppenderDaemon$$Lambda$490/586156626@32b89603] ERROR ratis.XceiverServerRatis (XceiverServerRatis.java:triggerPipelineClose(568)) - pipeline Action CLOSE  on pipeline PipelineID=73e48434-27c3-4c74-96c6-7a1668dfab34.Reason : e74ea0f8-bf41-4d93-a1fd-ac84c2b46512 has not seen follower/s 41a8e196-af5b-4c71-b4d4-8d03270b35a0 for 171051ms d16d800f-a890-4a7a-bda4-5bf97a65c0f2 for 171052ms
2019-09-12 04:02:54,327 [41a8e196-af5b-4c71-b4d4-8d03270b35a0@group-7A1668DFAB34-SegmentedRaftLogWorker] WARN  segmented.SegmentedRaftLogWorker (SegmentedRaftLogWorker.java:getFromFuture(90)) - Timeout 16/~
org.apache.ratis.protocol.TimeoutIOException: Timeout 10s: WriteLog:7: (t:1, i:7), STATEMACHINELOGENTRY, client-7D4C8718A617, cid=21-writeStateMachineData
	at org.apache.ratis.util.IOUtils.getFromFuture(IOUtils.java:87)
	at org.apache.ratis.server.raftlog.segmented.SegmentedRaftLogWorker$StateMachineDataPolicy.getFromFuture(SegmentedRaftLogWorker.java:87)
	at org.apache.ratis.server.raftlog.segmented.SegmentedRaftLogWorker$WriteLog.execute(SegmentedRaftLogWorker.java:477)
	at org.apache.ratis.server.raftlog.segmented.SegmentedRaftLogWorker.run(SegmentedRaftLogWorker.java:289)
	at java.lang.Thread.run(Thread.java:748)
Caused by: java.util.concurrent.TimeoutException
	at java.util.concurrent.CompletableFuture.timedGet(CompletableFuture.java:1771)
	at java.util.concurrent.CompletableFuture.get(CompletableFuture.java:1915)
	at org.apache.ratis.util.IOUtils.getFromFuture(IOUtils.java:79)
	... 4 more
2019-09-12 04:02:54,475 [e74ea0f8-bf41-4d93-a1fd-ac84c2b46512@group-7A1668DFAB34-SegmentedRaftLogWorker] WARN  segmented.SegmentedRaftLogWorker (SegmentedRaftLogWorker.java:getFromFuture(90)) - Timeout 16/~
org.apache.ratis.protocol.TimeoutIOException: Timeout 10s: WriteLog:8: (t:1, i:8), STATEMACHINELOGENTRY, client-7D4C8718A617, cid=22-writeStateMachineData
	at org.apache.ratis.util.IOUtils.getFromFuture(IOUtils.java:87)
	at org.apache.ratis.server.raftlog.segmented.SegmentedRaftLogWorker$StateMachineDataPolicy.getFromFuture(SegmentedRaftLogWorker.java:87)
	at org.apache.ratis.server.raftlog.segmented.SegmentedRaftLogWorker$WriteLog.execute(SegmentedRaftLogWorker.java:477)
	at org.apache.ratis.server.raftlog.segmented.SegmentedRaftLogWorker.run(SegmentedRaftLogWorker.java:289)
	at java.lang.Thread.run(Thread.java:748)
Caused by: java.util.concurrent.TimeoutException
	at java.util.concurrent.CompletableFuture.timedGet(CompletableFuture.java:1771)
	at java.util.concurrent.CompletableFuture.get(CompletableFuture.java:1915)
	at org.apache.ratis.util.IOUtils.getFromFuture(IOUtils.java:79)
	... 4 more
2019-09-12 04:02:54,475 [d16d800f-a890-4a7a-bda4-5bf97a65c0f2@group-7A1668DFAB34-SegmentedRaftLogWorker] WARN  segmented.SegmentedRaftLogWorker (SegmentedRaftLogWorker.java:getFromFuture(90)) - Timeout 16/~
org.apache.ratis.protocol.TimeoutIOException: Timeout 10s: WriteLog:8: (t:1, i:8), STATEMACHINELOGENTRY, client-7D4C8718A617, cid=22-writeStateMachineData
	at org.apache.ratis.util.IOUtils.getFromFuture(IOUtils.java:87)
	at org.apache.ratis.server.raftlog.segmented.SegmentedRaftLogWorker$StateMachineDataPolicy.getFromFuture(SegmentedRaftLogWorker.java:87)
	at org.apache.ratis.server.raftlog.segmented.SegmentedRaftLogWorker$WriteLog.execute(SegmentedRaftLogWorker.java:477)
	at org.apache.ratis.server.raftlog.segmented.SegmentedRaftLogWorker.run(SegmentedRaftLogWorker.java:289)
	at java.lang.Thread.run(Thread.java:748)
Caused by: java.util.concurrent.TimeoutException
	at java.util.concurrent.CompletableFuture.timedGet(CompletableFuture.java:1771)
	at java.util.concurrent.CompletableFuture.get(CompletableFuture.java:1915)
	at org.apache.ratis.util.IOUtils.getFromFuture(IOUtils.java:79)
	... 4 more
2019-09-12 04:02:54,522 [EventQueue-PipelineActionsForPipelineActionHandler] ERROR pipeline.PipelineActionHandler (PipelineActionHandler.java:onMessage(60)) - Received pipeline action CLOSE for Pipeline[ Id: 73e48434-27c3-4c74-96c6-7a1668dfab34, Nodes: d16d800f-a890-4a7a-bda4-5bf97a65c0f2{ip: 192.168.34.8, host: pr-hdds-1879-pbs75-1821932185, networkLocation: /default-rack, certSerialId: null}41a8e196-af5b-4c71-b4d4-8d03270b35a0{ip: 192.168.34.8, host: pr-hdds-1879-pbs75-1821932185, networkLocation: /default-rack, certSerialId: null}e74ea0f8-bf41-4d93-a1fd-ac84c2b46512{ip: 192.168.34.8, host: pr-hdds-1879-pbs75-1821932185, networkLocation: /default-rack, certSerialId: null}, Type:RATIS, Factor:THREE, State:CLOSED] from datanode e74ea0f8-bf41-4d93-a1fd-ac84c2b46512{ip: 192.168.34.8, host: pr-hdds-1879-pbs75-1821932185, networkLocation: /default-rack, certSerialId: null}. Reason : e74ea0f8-bf41-4d93-a1fd-ac84c2b46512 has not seen follower/s 41a8e196-af5b-4c71-b4d4-8d03270b35a0 for 171051ms d16d800f-a890-4a7a-bda4-5bf97a65c0f2 for 171052ms
2019-09-12 04:02:54,522 [EventQueue-PipelineActionsForPipelineActionHandler] INFO  pipeline.SCMPipelineManager (SCMPipelineManager.java:finalizeAndDestroyPipeline(311)) - destroying pipeline:Pipeline[ Id: 73e48434-27c3-4c74-96c6-7a1668dfab34, Nodes: d16d800f-a890-4a7a-bda4-5bf97a65c0f2{ip: 192.168.34.8, host: pr-hdds-1879-pbs75-1821932185, networkLocation: /default-rack, certSerialId: null}41a8e196-af5b-4c71-b4d4-8d03270b35a0{ip: 192.168.34.8, host: pr-hdds-1879-pbs75-1821932185, networkLocation: /default-rack, certSerialId: null}e74ea0f8-bf41-4d93-a1fd-ac84c2b46512{ip: 192.168.34.8, host: pr-hdds-1879-pbs75-1821932185, networkLocation: /default-rack, certSerialId: null}, Type:RATIS, Factor:THREE, State:CLOSED]
2019-09-12 04:02:54,542 [java.util.concurrent.ThreadPoolExecutor$Worker@7b7c3362[State = -1, empty queue]] WARN  server.GrpcLogAppender (GrpcLogAppender.java:timeoutAppendRequest(200)) - e74ea0f8-bf41-4d93-a1fd-ac84c2b46512@group-7A1668DFAB34->d16d800f-a890-4a7a-bda4-5bf97a65c0f2-GrpcLogAppender: appendEntries Timeout, request=e74ea0f8-bf41-4d93-a1fd-ac84c2b46512->d16d800f-a890-4a7a-bda4-5bf97a65c0f2#77-t1, previous=(t:1, i:10), leaderCommit=6, initializing? false, entries: <empty>
2019-09-12 04:02:54,542 [java.util.concurrent.ThreadPoolExecutor$Worker@16f1792d[State = -1, empty queue]] WARN  server.GrpcLogAppender (GrpcLogAppender.java:timeoutAppendRequest(200)) - e74ea0f8-bf41-4d93-a1fd-ac84c2b46512@group-7A1668DFAB34->41a8e196-af5b-4c71-b4d4-8d03270b35a0-GrpcLogAppender: appendEntries Timeout, request=e74ea0f8-bf41-4d93-a1fd-ac84c2b46512->41a8e196-af5b-4c71-b4d4-8d03270b35a0#77-t1, previous=(t:1, i:10), leaderCommit=6, initializing? false, entries: <empty>
2019-09-12 04:02:56,392 [grpc-default-executor-0] INFO  client.GrpcClientProtocolClient (GrpcClientProtocolClient.java:onNext(264)) - client-7D4C8718A617->41a8e196-af5b-4c71-b4d4-8d03270b35a0: receive RaftClientReply:client-7D4C8718A617->41a8e196-af5b-4c71-b4d4-8d03270b35a0@group-7A1668DFAB34, cid=21, FAILED org.apache.ratis.protocol.NotLeaderException: Server 41a8e196-af5b-4c71-b4d4-8d03270b35a0@group-7A1668DFAB34 is not the leader e74ea0f8-bf41-4d93-a1fd-ac84c2b46512:192.168.34.8:33824, logIndex=0, commits[41a8e196-af5b-4c71-b4d4-8d03270b35a0:c6, e74ea0f8-bf41-4d93-a1fd-ac84c2b46512:c6, d16d800f-a890-4a7a-bda4-5bf97a65c0f2:c4]
2019-09-12 04:02:56,544 [org.apache.ratis.server.impl.LogAppender$AppenderDaemon$$Lambda$490/586156626@5cfb40c9] ERROR ratis.XceiverServerRatis (XceiverServerRatis.java:triggerPipelineClose(568)) - pipeline Action CLOSE  on pipeline PipelineID=73e48434-27c3-4c74-96c6-7a1668dfab34.Reason : e74ea0f8-bf41-4d93-a1fd-ac84c2b46512 has not seen follower/s 41a8e196-af5b-4c71-b4d4-8d03270b35a0 for 173553ms d16d800f-a890-4a7a-bda4-5bf97a65c0f2 for 173553ms
2019-09-12 04:02:56,544 [org.apache.ratis.server.impl.LogAppender$AppenderDaemon$$Lambda$490/586156626@32b89603] ERROR ratis.XceiverServerRatis (XceiverServerRatis.java:triggerPipelineClose(568)) - pipeline Action CLOSE  on pipeline PipelineID=73e48434-27c3-4c74-96c6-7a1668dfab34.Reason : e74ea0f8-bf41-4d93-a1fd-ac84c2b46512 has not seen follower/s 41a8e196-af5b-4c71-b4d4-8d03270b35a0 for 173553ms d16d800f-a890-4a7a-bda4-5bf97a65c0f2 for 173553ms
2019-09-12 04:02:57,043 [java.util.concurrent.ThreadPoolExecutor$Worker@7b7c3362[State = -1, empty queue]] WARN  server.GrpcLogAppender (GrpcLogAppender.java:timeoutAppendRequest(200)) - e74ea0f8-bf41-4d93-a1fd-ac84c2b46512@group-7A1668DFAB34->d16d800f-a890-4a7a-bda4-5bf97a65c0f2-GrpcLogAppender: appendEntries Timeout, request=e74ea0f8-bf41-4d93-a1fd-ac84c2b46512->d16d800f-a890-4a7a-bda4-5bf97a65c0f2#78-t1, previous=(t:1, i:10), leaderCommit=6, initializing? false, entries: <empty>
2019-09-12 04:02:57,043 [java.util.concurrent.ThreadPoolExecutor$Worker@16f1792d[State = -1, empty queue]] WARN  server.GrpcLogAppender (GrpcLogAppender.java:timeoutAppendRequest(200)) - e74ea0f8-bf41-4d93-a1fd-ac84c2b46512@group-7A1668DFAB34->41a8e196-af5b-4c71-b4d4-8d03270b35a0-GrpcLogAppender: appendEntries Timeout, request=e74ea0f8-bf41-4d93-a1fd-ac84c2b46512->41a8e196-af5b-4c71-b4d4-8d03270b35a0#78-t1, previous=(t:1, i:10), leaderCommit=6, initializing? false, entries: <empty>
2019-09-12 04:02:57,521 [EventQueue-PipelineActionsForPipelineActionHandler] ERROR pipeline.PipelineActionHandler (PipelineActionHandler.java:onMessage(60)) - Received pipeline action CLOSE for Pipeline[ Id: 73e48434-27c3-4c74-96c6-7a1668dfab34, Nodes: d16d800f-a890-4a7a-bda4-5bf97a65c0f2{ip: 192.168.34.8, host: pr-hdds-1879-pbs75-1821932185, networkLocation: /default-rack, certSerialId: null}41a8e196-af5b-4c71-b4d4-8d03270b35a0{ip: 192.168.34.8, host: pr-hdds-1879-pbs75-1821932185, networkLocation: /default-rack, certSerialId: null}e74ea0f8-bf41-4d93-a1fd-ac84c2b46512{ip: 192.168.34.8, host: pr-hdds-1879-pbs75-1821932185, networkLocation: /default-rack, certSerialId: null}, Type:RATIS, Factor:THREE, State:CLOSED] from datanode e74ea0f8-bf41-4d93-a1fd-ac84c2b46512{ip: 192.168.34.8, host: pr-hdds-1879-pbs75-1821932185, networkLocation: /default-rack, certSerialId: null}. Reason : e74ea0f8-bf41-4d93-a1fd-ac84c2b46512 has not seen follower/s 41a8e196-af5b-4c71-b4d4-8d03270b35a0 for 173553ms d16d800f-a890-4a7a-bda4-5bf97a65c0f2 for 173553ms
2019-09-12 04:02:57,521 [EventQueue-PipelineActionsForPipelineActionHandler] INFO  pipeline.SCMPipelineManager (SCMPipelineManager.java:finalizeAndDestroyPipeline(311)) - destroying pipeline:Pipeline[ Id: 73e48434-27c3-4c74-96c6-7a1668dfab34, Nodes: d16d800f-a890-4a7a-bda4-5bf97a65c0f2{ip: 192.168.34.8, host: pr-hdds-1879-pbs75-1821932185, networkLocation: /default-rack, certSerialId: null}41a8e196-af5b-4c71-b4d4-8d03270b35a0{ip: 192.168.34.8, host: pr-hdds-1879-pbs75-1821932185, networkLocation: /default-rack, certSerialId: null}e74ea0f8-bf41-4d93-a1fd-ac84c2b46512{ip: 192.168.34.8, host: pr-hdds-1879-pbs75-1821932185, networkLocation: /default-rack, certSerialId: null}, Type:RATIS, Factor:THREE, State:CLOSED]
2019-09-12 04:02:59,047 [org.apache.ratis.server.impl.LogAppender$AppenderDaemon$$Lambda$490/586156626@5cfb40c9] ERROR ratis.XceiverServerRatis (XceiverServerRatis.java:triggerPipelineClose(568)) - pipeline Action CLOSE  on pipeline PipelineID=73e48434-27c3-4c74-96c6-7a1668dfab34.Reason : e74ea0f8-bf41-4d93-a1fd-ac84c2b46512 has not seen follower/s 41a8e196-af5b-4c71-b4d4-8d03270b35a0 for 176055ms d16d800f-a890-4a7a-bda4-5bf97a65c0f2 for 176055ms
2019-09-12 04:02:59,047 [org.apache.ratis.server.impl.LogAppender$AppenderDaemon$$Lambda$490/586156626@32b89603] ERROR ratis.XceiverServerRatis (XceiverServerRatis.java:triggerPipelineClose(568)) - pipeline Action CLOSE  on pipeline PipelineID=73e48434-27c3-4c74-96c6-7a1668dfab34.Reason : e74ea0f8-bf41-4d93-a1fd-ac84c2b46512 has not seen follower/s 41a8e196-af5b-4c71-b4d4-8d03270b35a0 for 176055ms d16d800f-a890-4a7a-bda4-5bf97a65c0f2 for 176055ms
2019-09-12 04:02:59,521 [EventQueue-PipelineActionsForPipelineActionHandler] ERROR pipeline.PipelineActionHandler (PipelineActionHandler.java:onMessage(60)) - Received pipeline action CLOSE for Pipeline[ Id: 73e48434-27c3-4c74-96c6-7a1668dfab34, Nodes: d16d800f-a890-4a7a-bda4-5bf97a65c0f2{ip: 192.168.34.8, host: pr-hdds-1879-pbs75-1821932185, networkLocation: /default-rack, certSerialId: null}41a8e196-af5b-4c71-b4d4-8d03270b35a0{ip: 192.168.34.8, host: pr-hdds-1879-pbs75-1821932185, networkLocation: /default-rack, certSerialId: null}e74ea0f8-bf41-4d93-a1fd-ac84c2b46512{ip: 192.168.34.8, host: pr-hdds-1879-pbs75-1821932185, networkLocation: /default-rack, certSerialId: null}, Type:RATIS, Factor:THREE, State:CLOSED] from datanode e74ea0f8-bf41-4d93-a1fd-ac84c2b46512{ip: 192.168.34.8, host: pr-hdds-1879-pbs75-1821932185, networkLocation: /default-rack, certSerialId: null}. Reason : e74ea0f8-bf41-4d93-a1fd-ac84c2b46512 has not seen follower/s 41a8e196-af5b-4c71-b4d4-8d03270b35a0 for 176055ms d16d800f-a890-4a7a-bda4-5bf97a65c0f2 for 176055ms
2019-09-12 04:02:59,521 [EventQueue-PipelineActionsForPipelineActionHandler] INFO  pipeline.SCMPipelineManager (SCMPipelineManager.java:finalizeAndDestroyPipeline(311)) - destroying pipeline:Pipeline[ Id: 73e48434-27c3-4c74-96c6-7a1668dfab34, Nodes: d16d800f-a890-4a7a-bda4-5bf97a65c0f2{ip: 192.168.34.8, host: pr-hdds-1879-pbs75-1821932185, networkLocation: /default-rack, certSerialId: null}41a8e196-af5b-4c71-b4d4-8d03270b35a0{ip: 192.168.34.8, host: pr-hdds-1879-pbs75-1821932185, networkLocation: /default-rack, certSerialId: null}e74ea0f8-bf41-4d93-a1fd-ac84c2b46512{ip: 192.168.34.8, host: pr-hdds-1879-pbs75-1821932185, networkLocation: /default-rack, certSerialId: null}, Type:RATIS, Factor:THREE, State:CLOSED]
2019-09-12 04:02:59,544 [java.util.concurrent.ThreadPoolExecutor$Worker@7b7c3362[State = -1, empty queue]] WARN  server.GrpcLogAppender (GrpcLogAppender.java:timeoutAppendRequest(200)) - e74ea0f8-bf41-4d93-a1fd-ac84c2b46512@group-7A1668DFAB34->d16d800f-a890-4a7a-bda4-5bf97a65c0f2-GrpcLogAppender: appendEntries Timeout, request=e74ea0f8-bf41-4d93-a1fd-ac84c2b46512->d16d800f-a890-4a7a-bda4-5bf97a65c0f2#79-t1, previous=(t:1, i:10), leaderCommit=6, initializing? false, entries: <empty>
2019-09-12 04:02:59,544 [java.util.concurrent.ThreadPoolExecutor$Worker@16f1792d[State = -1, empty queue]] WARN  server.GrpcLogAppender (GrpcLogAppender.java:timeoutAppendRequest(200)) - e74ea0f8-bf41-4d93-a1fd-ac84c2b46512@group-7A1668DFAB34->41a8e196-af5b-4c71-b4d4-8d03270b35a0-GrpcLogAppender: appendEntries Timeout, request=e74ea0f8-bf41-4d93-a1fd-ac84c2b46512->41a8e196-af5b-4c71-b4d4-8d03270b35a0#79-t1, previous=(t:1, i:10), leaderCommit=6, initializing? false, entries: <empty>
2019-09-12 04:03:01,439 [grpc-default-executor-6] INFO  client.GrpcClientProtocolClient (GrpcClientProtocolClient.java:onNext(264)) - client-7D4C8718A617->41a8e196-af5b-4c71-b4d4-8d03270b35a0: receive RaftClientReply:client-7D4C8718A617->41a8e196-af5b-4c71-b4d4-8d03270b35a0@group-7A1668DFAB34, cid=21, FAILED org.apache.ratis.protocol.NotLeaderException: Server 41a8e196-af5b-4c71-b4d4-8d03270b35a0@group-7A1668DFAB34 is not the leader e74ea0f8-bf41-4d93-a1fd-ac84c2b46512:192.168.34.8:33824, logIndex=0, commits[41a8e196-af5b-4c71-b4d4-8d03270b35a0:c6, e74ea0f8-bf41-4d93-a1fd-ac84c2b46512:c6, d16d800f-a890-4a7a-bda4-5bf97a65c0f2:c4]
2019-09-12 04:03:01,547 [org.apache.ratis.server.impl.LogAppender$AppenderDaemon$$Lambda$490/586156626@32b89603] ERROR ratis.XceiverServerRatis (XceiverServerRatis.java:triggerPipelineClose(568)) - pipeline Action CLOSE  on pipeline PipelineID=73e48434-27c3-4c74-96c6-7a1668dfab34.Reason : e74ea0f8-bf41-4d93-a1fd-ac84c2b46512 has not seen follower/s 41a8e196-af5b-4c71-b4d4-8d03270b35a0 for 178555ms d16d800f-a890-4a7a-bda4-5bf97a65c0f2 for 178556ms
2019-09-12 04:03:01,547 [org.apache.ratis.server.impl.LogAppender$AppenderDaemon$$Lambda$490/586156626@5cfb40c9] ERROR ratis.XceiverServerRatis (XceiverServerRatis.java:triggerPipelineClose(568)) - pipeline Action CLOSE  on pipeline PipelineID=73e48434-27c3-4c74-96c6-7a1668dfab34.Reason : e74ea0f8-bf41-4d93-a1fd-ac84c2b46512 has not seen follower/s 41a8e196-af5b-4c71-b4d4-8d03270b35a0 for 178555ms d16d800f-a890-4a7a-bda4-5bf97a65c0f2 for 178556ms
2019-09-12 04:03:02,046 [java.util.concurrent.ThreadPoolExecutor$Worker@7b7c3362[State = -1, empty queue]] WARN  server.GrpcLogAppender (GrpcLogAppender.java:timeoutAppendRequest(200)) - e74ea0f8-bf41-4d93-a1fd-ac84c2b46512@group-7A1668DFAB34->d16d800f-a890-4a7a-bda4-5bf97a65c0f2-GrpcLogAppender: appendEntries Timeout, request=e74ea0f8-bf41-4d93-a1fd-ac84c2b46512->d16d800f-a890-4a7a-bda4-5bf97a65c0f2#80-t1, previous=(t:1, i:10), leaderCommit=6, initializing? false, entries: <empty>
2019-09-12 04:03:02,046 [java.util.concurrent.ThreadPoolExecutor$Worker@16f1792d[State = -1, empty queue]] WARN  server.GrpcLogAppender (GrpcLogAppender.java:timeoutAppendRequest(200)) - e74ea0f8-bf41-4d93-a1fd-ac84c2b46512@group-7A1668DFAB34->41a8e196-af5b-4c71-b4d4-8d03270b35a0-GrpcLogAppender: appendEntries Timeout, request=e74ea0f8-bf41-4d93-a1fd-ac84c2b46512->41a8e196-af5b-4c71-b4d4-8d03270b35a0#80-t1, previous=(t:1, i:10), leaderCommit=6, initializing? false, entries: <empty>
2019-09-12 04:03:02,522 [EventQueue-PipelineActionsForPipelineActionHandler] ERROR pipeline.PipelineActionHandler (PipelineActionHandler.java:onMessage(60)) - Received pipeline action CLOSE for Pipeline[ Id: 73e48434-27c3-4c74-96c6-7a1668dfab34, Nodes: d16d800f-a890-4a7a-bda4-5bf97a65c0f2{ip: 192.168.34.8, host: pr-hdds-1879-pbs75-1821932185, networkLocation: /default-rack, certSerialId: null}41a8e196-af5b-4c71-b4d4-8d03270b35a0{ip: 192.168.34.8, host: pr-hdds-1879-pbs75-1821932185, networkLocation: /default-rack, certSerialId: null}e74ea0f8-bf41-4d93-a1fd-ac84c2b46512{ip: 192.168.34.8, host: pr-hdds-1879-pbs75-1821932185, networkLocation: /default-rack, certSerialId: null}, Type:RATIS, Factor:THREE, State:CLOSED] from datanode e74ea0f8-bf41-4d93-a1fd-ac84c2b46512{ip: 192.168.34.8, host: pr-hdds-1879-pbs75-1821932185, networkLocation: /default-rack, certSerialId: null}. Reason : e74ea0f8-bf41-4d93-a1fd-ac84c2b46512 has not seen follower/s 41a8e196-af5b-4c71-b4d4-8d03270b35a0 for 178555ms d16d800f-a890-4a7a-bda4-5bf97a65c0f2 for 178556ms
2019-09-12 04:03:02,522 [EventQueue-PipelineActionsForPipelineActionHandler] INFO  pipeline.SCMPipelineManager (SCMPipelineManager.java:finalizeAndDestroyPipeline(311)) - destroying pipeline:Pipeline[ Id: 73e48434-27c3-4c74-96c6-7a1668dfab34, Nodes: d16d800f-a890-4a7a-bda4-5bf97a65c0f2{ip: 192.168.34.8, host: pr-hdds-1879-pbs75-1821932185, networkLocation: /default-rack, certSerialId: null}41a8e196-af5b-4c71-b4d4-8d03270b35a0{ip: 192.168.34.8, host: pr-hdds-1879-pbs75-1821932185, networkLocation: /default-rack, certSerialId: null}e74ea0f8-bf41-4d93-a1fd-ac84c2b46512{ip: 192.168.34.8, host: pr-hdds-1879-pbs75-1821932185, networkLocation: /default-rack, certSerialId: null}, Type:RATIS, Factor:THREE, State:CLOSED]
2019-09-12 04:03:04,048 [org.apache.ratis.server.impl.LogAppender$AppenderDaemon$$Lambda$490/586156626@5cfb40c9] ERROR ratis.XceiverServerRatis (XceiverServerRatis.java:triggerPipelineClose(568)) - pipeline Action CLOSE  on pipeline PipelineID=73e48434-27c3-4c74-96c6-7a1668dfab34.Reason : e74ea0f8-bf41-4d93-a1fd-ac84c2b46512 has not seen follower/s 41a8e196-af5b-4c71-b4d4-8d03270b35a0 for 181057ms d16d800f-a890-4a7a-bda4-5bf97a65c0f2 for 181057ms
2019-09-12 04:03:04,048 [org.apache.ratis.server.impl.LogAppender$AppenderDaemon$$Lambda$490/586156626@32b89603] ERROR ratis.XceiverServerRatis (XceiverServerRatis.java:triggerPipelineClose(568)) - pipeline Action CLOSE  on pipeline PipelineID=73e48434-27c3-4c74-96c6-7a1668dfab34.Reason : e74ea0f8-bf41-4d93-a1fd-ac84c2b46512 has not seen follower/s 41a8e196-af5b-4c71-b4d4-8d03270b35a0 for 181057ms d16d800f-a890-4a7a-bda4-5bf97a65c0f2 for 181057ms
2019-09-12 04:03:04,329 [41a8e196-af5b-4c71-b4d4-8d03270b35a0@group-7A1668DFAB34-SegmentedRaftLogWorker] WARN  segmented.SegmentedRaftLogWorker (SegmentedRaftLogWorker.java:getFromFuture(90)) - Timeout 17/~
org.apache.ratis.protocol.TimeoutIOException: Timeout 10s: WriteLog:7: (t:1, i:7), STATEMACHINELOGENTRY, client-7D4C8718A617, cid=21-writeStateMachineData
	at org.apache.ratis.util.IOUtils.getFromFuture(IOUtils.java:87)
	at org.apache.ratis.server.raftlog.segmented.SegmentedRaftLogWorker$StateMachineDataPolicy.getFromFuture(SegmentedRaftLogWorker.java:87)
	at org.apache.ratis.server.raftlog.segmented.SegmentedRaftLogWorker$WriteLog.execute(SegmentedRaftLogWorker.java:477)
	at org.apache.ratis.server.raftlog.segmented.SegmentedRaftLogWorker.run(SegmentedRaftLogWorker.java:289)
	at java.lang.Thread.run(Thread.java:748)
Caused by: java.util.concurrent.TimeoutException
	at java.util.concurrent.CompletableFuture.timedGet(CompletableFuture.java:1771)
	at java.util.concurrent.CompletableFuture.get(CompletableFuture.java:1915)
	at org.apache.ratis.util.IOUtils.getFromFuture(IOUtils.java:79)
	... 4 more
2019-09-12 04:03:04,475 [e74ea0f8-bf41-4d93-a1fd-ac84c2b46512@group-7A1668DFAB34-SegmentedRaftLogWorker] WARN  segmented.SegmentedRaftLogWorker (SegmentedRaftLogWorker.java:getFromFuture(90)) - Timeout 17/~
org.apache.ratis.protocol.TimeoutIOException: Timeout 10s: WriteLog:8: (t:1, i:8), STATEMACHINELOGENTRY, client-7D4C8718A617, cid=22-writeStateMachineData
	at org.apache.ratis.util.IOUtils.getFromFuture(IOUtils.java:87)
	at org.apache.ratis.server.raftlog.segmented.SegmentedRaftLogWorker$StateMachineDataPolicy.getFromFuture(SegmentedRaftLogWorker.java:87)
	at org.apache.ratis.server.raftlog.segmented.SegmentedRaftLogWorker$WriteLog.execute(SegmentedRaftLogWorker.java:477)
	at org.apache.ratis.server.raftlog.segmented.SegmentedRaftLogWorker.run(SegmentedRaftLogWorker.java:289)
	at java.lang.Thread.run(Thread.java:748)
Caused by: java.util.concurrent.TimeoutException
	at java.util.concurrent.CompletableFuture.timedGet(CompletableFuture.java:1771)
	at java.util.concurrent.CompletableFuture.get(CompletableFuture.java:1915)
	at org.apache.ratis.util.IOUtils.getFromFuture(IOUtils.java:79)
	... 4 more
2019-09-12 04:03:04,476 [d16d800f-a890-4a7a-bda4-5bf97a65c0f2@group-7A1668DFAB34-SegmentedRaftLogWorker] WARN  segmented.SegmentedRaftLogWorker (SegmentedRaftLogWorker.java:getFromFuture(90)) - Timeout 17/~
org.apache.ratis.protocol.TimeoutIOException: Timeout 10s: WriteLog:8: (t:1, i:8), STATEMACHINELOGENTRY, client-7D4C8718A617, cid=22-writeStateMachineData
	at org.apache.ratis.util.IOUtils.getFromFuture(IOUtils.java:87)
	at org.apache.ratis.server.raftlog.segmented.SegmentedRaftLogWorker$StateMachineDataPolicy.getFromFuture(SegmentedRaftLogWorker.java:87)
	at org.apache.ratis.server.raftlog.segmented.SegmentedRaftLogWorker$WriteLog.execute(SegmentedRaftLogWorker.java:477)
	at org.apache.ratis.server.raftlog.segmented.SegmentedRaftLogWorker.run(SegmentedRaftLogWorker.java:289)
	at java.lang.Thread.run(Thread.java:748)
Caused by: java.util.concurrent.TimeoutException
	at java.util.concurrent.CompletableFuture.timedGet(CompletableFuture.java:1771)
	at java.util.concurrent.CompletableFuture.get(CompletableFuture.java:1915)
	at org.apache.ratis.util.IOUtils.getFromFuture(IOUtils.java:79)
	... 4 more
2019-09-12 04:03:04,523 [EventQueue-PipelineActionsForPipelineActionHandler] ERROR pipeline.PipelineActionHandler (PipelineActionHandler.java:onMessage(60)) - Received pipeline action CLOSE for Pipeline[ Id: 73e48434-27c3-4c74-96c6-7a1668dfab34, Nodes: d16d800f-a890-4a7a-bda4-5bf97a65c0f2{ip: 192.168.34.8, host: pr-hdds-1879-pbs75-1821932185, networkLocation: /default-rack, certSerialId: null}41a8e196-af5b-4c71-b4d4-8d03270b35a0{ip: 192.168.34.8, host: pr-hdds-1879-pbs75-1821932185, networkLocation: /default-rack, certSerialId: null}e74ea0f8-bf41-4d93-a1fd-ac84c2b46512{ip: 192.168.34.8, host: pr-hdds-1879-pbs75-1821932185, networkLocation: /default-rack, certSerialId: null}, Type:RATIS, Factor:THREE, State:CLOSED] from datanode e74ea0f8-bf41-4d93-a1fd-ac84c2b46512{ip: 192.168.34.8, host: pr-hdds-1879-pbs75-1821932185, networkLocation: /default-rack, certSerialId: null}. Reason : e74ea0f8-bf41-4d93-a1fd-ac84c2b46512 has not seen follower/s 41a8e196-af5b-4c71-b4d4-8d03270b35a0 for 181057ms d16d800f-a890-4a7a-bda4-5bf97a65c0f2 for 181057ms
2019-09-12 04:03:04,523 [EventQueue-PipelineActionsForPipelineActionHandler] INFO  pipeline.SCMPipelineManager (SCMPipelineManager.java:finalizeAndDestroyPipeline(311)) - destroying pipeline:Pipeline[ Id: 73e48434-27c3-4c74-96c6-7a1668dfab34, Nodes: d16d800f-a890-4a7a-bda4-5bf97a65c0f2{ip: 192.168.34.8, host: pr-hdds-1879-pbs75-1821932185, networkLocation: /default-rack, certSerialId: null}41a8e196-af5b-4c71-b4d4-8d03270b35a0{ip: 192.168.34.8, host: pr-hdds-1879-pbs75-1821932185, networkLocation: /default-rack, certSerialId: null}e74ea0f8-bf41-4d93-a1fd-ac84c2b46512{ip: 192.168.34.8, host: pr-hdds-1879-pbs75-1821932185, networkLocation: /default-rack, certSerialId: null}, Type:RATIS, Factor:THREE, State:CLOSED]
2019-09-12 04:03:04,547 [java.util.concurrent.ThreadPoolExecutor$Worker@7b7c3362[State = -1, empty queue]] WARN  server.GrpcLogAppender (GrpcLogAppender.java:timeoutAppendRequest(200)) - e74ea0f8-bf41-4d93-a1fd-ac84c2b46512@group-7A1668DFAB34->d16d800f-a890-4a7a-bda4-5bf97a65c0f2-GrpcLogAppender: appendEntries Timeout, request=e74ea0f8-bf41-4d93-a1fd-ac84c2b46512->d16d800f-a890-4a7a-bda4-5bf97a65c0f2#81-t1, previous=(t:1, i:10), leaderCommit=6, initializing? false, entries: <empty>
2019-09-12 04:03:04,547 [java.util.concurrent.ThreadPoolExecutor$Worker@16f1792d[State = -1, empty queue]] WARN  server.GrpcLogAppender (GrpcLogAppender.java:timeoutAppendRequest(200)) - e74ea0f8-bf41-4d93-a1fd-ac84c2b46512@group-7A1668DFAB34->41a8e196-af5b-4c71-b4d4-8d03270b35a0-GrpcLogAppender: appendEntries Timeout, request=e74ea0f8-bf41-4d93-a1fd-ac84c2b46512->41a8e196-af5b-4c71-b4d4-8d03270b35a0#81-t1, previous=(t:1, i:10), leaderCommit=6, initializing? false, entries: <empty>
2019-09-12 04:03:06,532 [grpc-default-executor-0] INFO  client.GrpcClientProtocolClient (GrpcClientProtocolClient.java:onNext(264)) - client-7D4C8718A617->41a8e196-af5b-4c71-b4d4-8d03270b35a0: receive RaftClientReply:client-7D4C8718A617->41a8e196-af5b-4c71-b4d4-8d03270b35a0@group-7A1668DFAB34, cid=21, FAILED org.apache.ratis.protocol.NotLeaderException: Server 41a8e196-af5b-4c71-b4d4-8d03270b35a0@group-7A1668DFAB34 is not the leader e74ea0f8-bf41-4d93-a1fd-ac84c2b46512:192.168.34.8:33824, logIndex=0, commits[41a8e196-af5b-4c71-b4d4-8d03270b35a0:c6, e74ea0f8-bf41-4d93-a1fd-ac84c2b46512:c6, d16d800f-a890-4a7a-bda4-5bf97a65c0f2:c4]
2019-09-12 04:03:06,549 [org.apache.ratis.server.impl.LogAppender$AppenderDaemon$$Lambda$490/586156626@32b89603] ERROR ratis.XceiverServerRatis (XceiverServerRatis.java:triggerPipelineClose(568)) - pipeline Action CLOSE  on pipeline PipelineID=73e48434-27c3-4c74-96c6-7a1668dfab34.Reason : e74ea0f8-bf41-4d93-a1fd-ac84c2b46512 has not seen follower/s 41a8e196-af5b-4c71-b4d4-8d03270b35a0 for 183558ms d16d800f-a890-4a7a-bda4-5bf97a65c0f2 for 183558ms
2019-09-12 04:03:06,549 [org.apache.ratis.server.impl.LogAppender$AppenderDaemon$$Lambda$490/586156626@5cfb40c9] ERROR ratis.XceiverServerRatis (XceiverServerRatis.java:triggerPipelineClose(568)) - pipeline Action CLOSE  on pipeline PipelineID=73e48434-27c3-4c74-96c6-7a1668dfab34.Reason : e74ea0f8-bf41-4d93-a1fd-ac84c2b46512 has not seen follower/s 41a8e196-af5b-4c71-b4d4-8d03270b35a0 for 183558ms d16d800f-a890-4a7a-bda4-5bf97a65c0f2 for 183558ms
2019-09-12 04:03:07,048 [java.util.concurrent.ThreadPoolExecutor$Worker@7b7c3362[State = -1, empty queue]] WARN  server.GrpcLogAppender (GrpcLogAppender.java:timeoutAppendRequest(200)) - e74ea0f8-bf41-4d93-a1fd-ac84c2b46512@group-7A1668DFAB34->d16d800f-a890-4a7a-bda4-5bf97a65c0f2-GrpcLogAppender: appendEntries Timeout, request=e74ea0f8-bf41-4d93-a1fd-ac84c2b46512->d16d800f-a890-4a7a-bda4-5bf97a65c0f2#82-t1, previous=(t:1, i:10), leaderCommit=6, initializing? false, entries: <empty>
2019-09-12 04:03:07,048 [java.util.concurrent.ThreadPoolExecutor$Worker@16f1792d[State = -1, empty queue]] WARN  server.GrpcLogAppender (GrpcLogAppender.java:timeoutAppendRequest(200)) - e74ea0f8-bf41-4d93-a1fd-ac84c2b46512@group-7A1668DFAB34->41a8e196-af5b-4c71-b4d4-8d03270b35a0-GrpcLogAppender: appendEntries Timeout, request=e74ea0f8-bf41-4d93-a1fd-ac84c2b46512->41a8e196-af5b-4c71-b4d4-8d03270b35a0#82-t1, previous=(t:1, i:10), leaderCommit=6, initializing? false, entries: <empty>
2019-09-12 04:03:07,525 [EventQueue-PipelineActionsForPipelineActionHandler] ERROR pipeline.PipelineActionHandler (PipelineActionHandler.java:onMessage(60)) - Received pipeline action CLOSE for Pipeline[ Id: 73e48434-27c3-4c74-96c6-7a1668dfab34, Nodes: d16d800f-a890-4a7a-bda4-5bf97a65c0f2{ip: 192.168.34.8, host: pr-hdds-1879-pbs75-1821932185, networkLocation: /default-rack, certSerialId: null}41a8e196-af5b-4c71-b4d4-8d03270b35a0{ip: 192.168.34.8, host: pr-hdds-1879-pbs75-1821932185, networkLocation: /default-rack, certSerialId: null}e74ea0f8-bf41-4d93-a1fd-ac84c2b46512{ip: 192.168.34.8, host: pr-hdds-1879-pbs75-1821932185, networkLocation: /default-rack, certSerialId: null}, Type:RATIS, Factor:THREE, State:CLOSED] from datanode e74ea0f8-bf41-4d93-a1fd-ac84c2b46512{ip: 192.168.34.8, host: pr-hdds-1879-pbs75-1821932185, networkLocation: /default-rack, certSerialId: null}. Reason : e74ea0f8-bf41-4d93-a1fd-ac84c2b46512 has not seen follower/s 41a8e196-af5b-4c71-b4d4-8d03270b35a0 for 183558ms d16d800f-a890-4a7a-bda4-5bf97a65c0f2 for 183558ms
2019-09-12 04:03:07,525 [EventQueue-PipelineActionsForPipelineActionHandler] INFO  pipeline.SCMPipelineManager (SCMPipelineManager.java:finalizeAndDestroyPipeline(311)) - destroying pipeline:Pipeline[ Id: 73e48434-27c3-4c74-96c6-7a1668dfab34, Nodes: d16d800f-a890-4a7a-bda4-5bf97a65c0f2{ip: 192.168.34.8, host: pr-hdds-1879-pbs75-1821932185, networkLocation: /default-rack, certSerialId: null}41a8e196-af5b-4c71-b4d4-8d03270b35a0{ip: 192.168.34.8, host: pr-hdds-1879-pbs75-1821932185, networkLocation: /default-rack, certSerialId: null}e74ea0f8-bf41-4d93-a1fd-ac84c2b46512{ip: 192.168.34.8, host: pr-hdds-1879-pbs75-1821932185, networkLocation: /default-rack, certSerialId: null}, Type:RATIS, Factor:THREE, State:CLOSED]
2019-09-12 04:03:09,052 [org.apache.ratis.server.impl.LogAppender$AppenderDaemon$$Lambda$490/586156626@32b89603] ERROR ratis.XceiverServerRatis (XceiverServerRatis.java:triggerPipelineClose(568)) - pipeline Action CLOSE  on pipeline PipelineID=73e48434-27c3-4c74-96c6-7a1668dfab34.Reason : e74ea0f8-bf41-4d93-a1fd-ac84c2b46512 has not seen follower/s 41a8e196-af5b-4c71-b4d4-8d03270b35a0 for 186060ms d16d800f-a890-4a7a-bda4-5bf97a65c0f2 for 186060ms
2019-09-12 04:03:09,052 [org.apache.ratis.server.impl.LogAppender$AppenderDaemon$$Lambda$490/586156626@5cfb40c9] ERROR ratis.XceiverServerRatis (XceiverServerRatis.java:triggerPipelineClose(568)) - pipeline Action CLOSE  on pipeline PipelineID=73e48434-27c3-4c74-96c6-7a1668dfab34.Reason : e74ea0f8-bf41-4d93-a1fd-ac84c2b46512 has not seen follower/s 41a8e196-af5b-4c71-b4d4-8d03270b35a0 for 186060ms d16d800f-a890-4a7a-bda4-5bf97a65c0f2 for 186060ms
2019-09-12 04:03:09,525 [EventQueue-PipelineActionsForPipelineActionHandler] ERROR pipeline.PipelineActionHandler (PipelineActionHandler.java:onMessage(60)) - Received pipeline action CLOSE for Pipeline[ Id: 73e48434-27c3-4c74-96c6-7a1668dfab34, Nodes: d16d800f-a890-4a7a-bda4-5bf97a65c0f2{ip: 192.168.34.8, host: pr-hdds-1879-pbs75-1821932185, networkLocation: /default-rack, certSerialId: null}41a8e196-af5b-4c71-b4d4-8d03270b35a0{ip: 192.168.34.8, host: pr-hdds-1879-pbs75-1821932185, networkLocation: /default-rack, certSerialId: null}e74ea0f8-bf41-4d93-a1fd-ac84c2b46512{ip: 192.168.34.8, host: pr-hdds-1879-pbs75-1821932185, networkLocation: /default-rack, certSerialId: null}, Type:RATIS, Factor:THREE, State:CLOSED] from datanode e74ea0f8-bf41-4d93-a1fd-ac84c2b46512{ip: 192.168.34.8, host: pr-hdds-1879-pbs75-1821932185, networkLocation: /default-rack, certSerialId: null}. Reason : e74ea0f8-bf41-4d93-a1fd-ac84c2b46512 has not seen follower/s 41a8e196-af5b-4c71-b4d4-8d03270b35a0 for 186060ms d16d800f-a890-4a7a-bda4-5bf97a65c0f2 for 186060ms
2019-09-12 04:03:09,525 [EventQueue-PipelineActionsForPipelineActionHandler] INFO  pipeline.SCMPipelineManager (SCMPipelineManager.java:finalizeAndDestroyPipeline(311)) - destroying pipeline:Pipeline[ Id: 73e48434-27c3-4c74-96c6-7a1668dfab34, Nodes: d16d800f-a890-4a7a-bda4-5bf97a65c0f2{ip: 192.168.34.8, host: pr-hdds-1879-pbs75-1821932185, networkLocation: /default-rack, certSerialId: null}41a8e196-af5b-4c71-b4d4-8d03270b35a0{ip: 192.168.34.8, host: pr-hdds-1879-pbs75-1821932185, networkLocation: /default-rack, certSerialId: null}e74ea0f8-bf41-4d93-a1fd-ac84c2b46512{ip: 192.168.34.8, host: pr-hdds-1879-pbs75-1821932185, networkLocation: /default-rack, certSerialId: null}, Type:RATIS, Factor:THREE, State:CLOSED]
2019-09-12 04:03:09,553 [java.util.concurrent.ThreadPoolExecutor$Worker@16f1792d[State = -1, empty queue]] WARN  server.GrpcLogAppender (GrpcLogAppender.java:timeoutAppendRequest(200)) - e74ea0f8-bf41-4d93-a1fd-ac84c2b46512@group-7A1668DFAB34->41a8e196-af5b-4c71-b4d4-8d03270b35a0-GrpcLogAppender: appendEntries Timeout, request=e74ea0f8-bf41-4d93-a1fd-ac84c2b46512->41a8e196-af5b-4c71-b4d4-8d03270b35a0#83-t1, previous=(t:1, i:10), leaderCommit=6, initializing? false, entries: <empty>
2019-09-12 04:03:09,553 [java.util.concurrent.ThreadPoolExecutor$Worker@7b7c3362[State = -1, empty queue]] WARN  server.GrpcLogAppender (GrpcLogAppender.java:timeoutAppendRequest(200)) - e74ea0f8-bf41-4d93-a1fd-ac84c2b46512@group-7A1668DFAB34->d16d800f-a890-4a7a-bda4-5bf97a65c0f2-GrpcLogAppender: appendEntries Timeout, request=e74ea0f8-bf41-4d93-a1fd-ac84c2b46512->d16d800f-a890-4a7a-bda4-5bf97a65c0f2#83-t1, previous=(t:1, i:10), leaderCommit=6, initializing? false, entries: <empty>
2019-09-12 04:03:10,494 [grpc-default-executor-2] INFO  impl.RaftServerProxy (RaftServerProxy.java:remove(95)) - d16d800f-a890-4a7a-bda4-5bf97a65c0f2: remove  FOLLOWER d16d800f-a890-4a7a-bda4-5bf97a65c0f2@group-7A1668DFAB34:t1, leader=e74ea0f8-bf41-4d93-a1fd-ac84c2b46512, voted=e74ea0f8-bf41-4d93-a1fd-ac84c2b46512, raftlog=d16d800f-a890-4a7a-bda4-5bf97a65c0f2@group-7A1668DFAB34-SegmentedRaftLog:OPENED:c6,f6,i10, conf=0: [41a8e196-af5b-4c71-b4d4-8d03270b35a0:192.168.34.8:36221, e74ea0f8-bf41-4d93-a1fd-ac84c2b46512:192.168.34.8:33824, d16d800f-a890-4a7a-bda4-5bf97a65c0f2:192.168.34.8:33400], old=null RUNNING
2019-09-12 04:03:10,501 [grpc-default-executor-2] INFO  impl.RaftServerImpl (RaftServerImpl.java:lambda$shutdown$3(251)) - d16d800f-a890-4a7a-bda4-5bf97a65c0f2@group-7A1668DFAB34: shutdown
2019-09-12 04:03:10,502 [grpc-default-executor-2] INFO  util.JmxRegister (JmxRegister.java:unregister(73)) - Successfully un-registered JMX Bean with object name Ratis:service=RaftServer,group=group-7A1668DFAB34,id=d16d800f-a890-4a7a-bda4-5bf97a65c0f2
2019-09-12 04:03:10,502 [grpc-default-executor-2] INFO  impl.RoleInfo (RoleInfo.java:shutdownFollowerState(121)) - d16d800f-a890-4a7a-bda4-5bf97a65c0f2: shutdown FollowerState
2019-09-12 04:03:10,502 [grpc-default-executor-2] INFO  impl.StateMachineUpdater (StateMachineUpdater.java:stopAndJoin(125)) - d16d800f-a890-4a7a-bda4-5bf97a65c0f2@group-7A1668DFAB34-StateMachineUpdater: set stopIndex = 6
2019-09-12 04:03:10,503 [Thread-329] INFO  impl.FollowerState (FollowerState.java:run(115)) - d16d800f-a890-4a7a-bda4-5bf97a65c0f2: FollowerState was interrupted: java.lang.InterruptedException: sleep interrupted
2019-09-12 04:03:10,503 [d16d800f-a890-4a7a-bda4-5bf97a65c0f2@group-7A1668DFAB34-StateMachineUpdater] INFO  ratis.ContainerStateMachine (ContainerStateMachine.java:takeSnapshot(289)) - group-7A1668DFAB34: Taking a snapshot at:(t:1, i:4) file /workdir/hadoop-ozone/integration-test/target/test-dir/MiniOzoneClusterImpl-b4fa8ffa-56bc-41b5-8fca-04d9ba132278/datanode-5/data/ratis/73e48434-27c3-4c74-96c6-7a1668dfab34/sm/snapshot.1_4
2019-09-12 04:03:10,620 [d16d800f-a890-4a7a-bda4-5bf97a65c0f2@group-7A1668DFAB34-StateMachineUpdater] INFO  ratis.ContainerStateMachine (ContainerStateMachine.java:takeSnapshot(300)) - group-7A1668DFAB34: Finished taking a snapshot at:(t:1, i:4) file:/workdir/hadoop-ozone/integration-test/target/test-dir/MiniOzoneClusterImpl-b4fa8ffa-56bc-41b5-8fca-04d9ba132278/datanode-5/data/ratis/73e48434-27c3-4c74-96c6-7a1668dfab34/sm/snapshot.1_4 time:117
2019-09-12 04:03:10,620 [d16d800f-a890-4a7a-bda4-5bf97a65c0f2@group-7A1668DFAB34-StateMachineUpdater] INFO  impl.StateMachineUpdater (StateMachineUpdater.java:takeSnapshot(258)) - d16d800f-a890-4a7a-bda4-5bf97a65c0f2@group-7A1668DFAB34-StateMachineUpdater: Took a snapshot at index 4
2019-09-12 04:03:10,624 [d16d800f-a890-4a7a-bda4-5bf97a65c0f2@group-7A1668DFAB34-StateMachineUpdater] INFO  impl.StateMachineUpdater (StateMachineUpdater.java:lambda$new$0(83)) - d16d800f-a890-4a7a-bda4-5bf97a65c0f2@group-7A1668DFAB34-StateMachineUpdater: snapshotIndex: updateIncreasingly -1 -> 4
2019-09-12 04:03:10,630 [d16d800f-a890-4a7a-bda4-5bf97a65c0f2@group-7A1668DFAB34-StateMachineUpdater] INFO  ratis.ContainerStateMachine (ContainerStateMachine.java:takeSnapshot(289)) - group-7A1668DFAB34: Taking a snapshot at:(t:1, i:4) file /workdir/hadoop-ozone/integration-test/target/test-dir/MiniOzoneClusterImpl-b4fa8ffa-56bc-41b5-8fca-04d9ba132278/datanode-5/data/ratis/73e48434-27c3-4c74-96c6-7a1668dfab34/sm/snapshot.1_4
2019-09-12 04:03:10,709 [d16d800f-a890-4a7a-bda4-5bf97a65c0f2@group-7A1668DFAB34-StateMachineUpdater] INFO  ratis.ContainerStateMachine (ContainerStateMachine.java:takeSnapshot(300)) - group-7A1668DFAB34: Finished taking a snapshot at:(t:1, i:4) file:/workdir/hadoop-ozone/integration-test/target/test-dir/MiniOzoneClusterImpl-b4fa8ffa-56bc-41b5-8fca-04d9ba132278/datanode-5/data/ratis/73e48434-27c3-4c74-96c6-7a1668dfab34/sm/snapshot.1_4 time:79
2019-09-12 04:03:10,709 [d16d800f-a890-4a7a-bda4-5bf97a65c0f2@group-7A1668DFAB34-StateMachineUpdater] INFO  impl.StateMachineUpdater (StateMachineUpdater.java:takeSnapshot(258)) - d16d800f-a890-4a7a-bda4-5bf97a65c0f2@group-7A1668DFAB34-StateMachineUpdater: Took a snapshot at index 4
2019-09-12 04:03:10,709 [d16d800f-a890-4a7a-bda4-5bf97a65c0f2@group-7A1668DFAB34-StateMachineUpdater] INFO  impl.StateMachineUpdater (StateMachineUpdater.java:lambda$new$0(83)) - d16d800f-a890-4a7a-bda4-5bf97a65c0f2@group-7A1668DFAB34-StateMachineUpdater: snapshotIndex: updateIncreasingly 4 -> 4
2019-09-12 04:03:10,710 [grpc-default-executor-2] INFO  impl.RaftServerImpl (ServerState.java:close(385)) - d16d800f-a890-4a7a-bda4-5bf97a65c0f2@group-7A1668DFAB34: closes. applyIndex: 6
2019-09-12 04:03:10,716 [d16d800f-a890-4a7a-bda4-5bf97a65c0f2@group-7A1668DFAB34-SegmentedRaftLogWorker] ERROR ratis.XceiverServerRatis (XceiverServerRatis.java:triggerPipelineClose(568)) - pipeline Action CLOSE  on pipeline PipelineID=73e48434-27c3-4c74-96c6-7a1668dfab34.Reason : WriteLog:8: (t:1, i:8), STATEMACHINELOGENTRY, client-7D4C8718A617, cid=22-writeStateMachineData interrupted.
2019-09-12 04:03:10,720 [EventQueue-PipelineActionsForPipelineActionHandler] ERROR pipeline.PipelineActionHandler (PipelineActionHandler.java:onMessage(60)) - Received pipeline action CLOSE for Pipeline[ Id: 73e48434-27c3-4c74-96c6-7a1668dfab34, Nodes: d16d800f-a890-4a7a-bda4-5bf97a65c0f2{ip: 192.168.34.8, host: pr-hdds-1879-pbs75-1821932185, networkLocation: /default-rack, certSerialId: null}41a8e196-af5b-4c71-b4d4-8d03270b35a0{ip: 192.168.34.8, host: pr-hdds-1879-pbs75-1821932185, networkLocation: /default-rack, certSerialId: null}e74ea0f8-bf41-4d93-a1fd-ac84c2b46512{ip: 192.168.34.8, host: pr-hdds-1879-pbs75-1821932185, networkLocation: /default-rack, certSerialId: null}, Type:RATIS, Factor:THREE, State:CLOSED] from datanode d16d800f-a890-4a7a-bda4-5bf97a65c0f2{ip: 192.168.34.8, host: pr-hdds-1879-pbs75-1821932185, networkLocation: /default-rack, certSerialId: null}. Reason : WriteLog:8: (t:1, i:8), STATEMACHINELOGENTRY, client-7D4C8718A617, cid=22-writeStateMachineData interrupted.
2019-09-12 04:03:10,720 [EventQueue-PipelineActionsForPipelineActionHandler] INFO  pipeline.SCMPipelineManager (SCMPipelineManager.java:finalizeAndDestroyPipeline(311)) - destroying pipeline:Pipeline[ Id: 73e48434-27c3-4c74-96c6-7a1668dfab34, Nodes: d16d800f-a890-4a7a-bda4-5bf97a65c0f2{ip: 192.168.34.8, host: pr-hdds-1879-pbs75-1821932185, networkLocation: /default-rack, certSerialId: null}41a8e196-af5b-4c71-b4d4-8d03270b35a0{ip: 192.168.34.8, host: pr-hdds-1879-pbs75-1821932185, networkLocation: /default-rack, certSerialId: null}e74ea0f8-bf41-4d93-a1fd-ac84c2b46512{ip: 192.168.34.8, host: pr-hdds-1879-pbs75-1821932185, networkLocation: /default-rack, certSerialId: null}, Type:RATIS, Factor:THREE, State:CLOSED]
2019-09-12 04:03:10,733 [grpc-default-executor-2] INFO  segmented.SegmentedRaftLogWorker (SegmentedRaftLogWorker.java:close(228)) - d16d800f-a890-4a7a-bda4-5bf97a65c0f2@group-7A1668DFAB34-SegmentedRaftLogWorker close()
2019-09-12 04:03:10,793 [grpc-default-executor-2] INFO  interfaces.Container (KeyValueContainer.java:flushAndSyncDB(384)) - Container 1 is synced with bcsId 4.
2019-09-12 04:03:10,793 [grpc-default-executor-2] INFO  interfaces.Container (KeyValueContainer.java:flushAndSyncDB(384)) - Container 1 is synced with bcsId 4.
2019-09-12 04:03:10,876 [EventQueue-IncrementalContainerReportForIncrementalContainerReportHandler] INFO  container.IncrementalContainerReportHandler (AbstractContainerReportHandler.java:updateContainerState(169)) - Moving container #1 to QUASI_CLOSED state, datanode d16d800f-a890-4a7a-bda4-5bf97a65c0f2{ip: 192.168.34.8, host: pr-hdds-1879-pbs75-1821932185, networkLocation: /default-rack, certSerialId: null} reported QUASI_CLOSED replica.
2019-09-12 04:03:11,145 [grpc-default-executor-2] INFO  interfaces.Container (KeyValueContainer.java:flushAndSyncDB(384)) - Container 3 is synced with bcsId 0.
2019-09-12 04:03:11,146 [grpc-default-executor-2] INFO  interfaces.Container (KeyValueContainer.java:flushAndSyncDB(384)) - Container 3 is synced with bcsId 0.
2019-09-12 04:03:11,211 [EventQueue-IncrementalContainerReportForIncrementalContainerReportHandler] INFO  container.IncrementalContainerReportHandler (AbstractContainerReportHandler.java:updateContainerState(169)) - Moving container #3 to QUASI_CLOSED state, datanode d16d800f-a890-4a7a-bda4-5bf97a65c0f2{ip: 192.168.34.8, host: pr-hdds-1879-pbs75-1821932185, networkLocation: /default-rack, certSerialId: null} reported QUASI_CLOSED replica.
2019-09-12 04:03:11,220 [grpc-default-executor-2] INFO  impl.RaftServerProxy (RaftServerProxy.java:remove(95)) - 41a8e196-af5b-4c71-b4d4-8d03270b35a0: remove  FOLLOWER 41a8e196-af5b-4c71-b4d4-8d03270b35a0@group-7A1668DFAB34:t1, leader=e74ea0f8-bf41-4d93-a1fd-ac84c2b46512, voted=41a8e196-af5b-4c71-b4d4-8d03270b35a0, raftlog=41a8e196-af5b-4c71-b4d4-8d03270b35a0@group-7A1668DFAB34-SegmentedRaftLog:OPENED:c6,f6,i10, conf=0: [41a8e196-af5b-4c71-b4d4-8d03270b35a0:192.168.34.8:36221, e74ea0f8-bf41-4d93-a1fd-ac84c2b46512:192.168.34.8:33824, d16d800f-a890-4a7a-bda4-5bf97a65c0f2:192.168.34.8:33400], old=null RUNNING
2019-09-12 04:03:11,220 [grpc-default-executor-2] INFO  impl.RaftServerImpl (RaftServerImpl.java:lambda$shutdown$3(251)) - 41a8e196-af5b-4c71-b4d4-8d03270b35a0@group-7A1668DFAB34: shutdown
2019-09-12 04:03:11,221 [grpc-default-executor-2] INFO  util.JmxRegister (JmxRegister.java:unregister(73)) - Successfully un-registered JMX Bean with object name Ratis:service=RaftServer,group=group-7A1668DFAB34,id=41a8e196-af5b-4c71-b4d4-8d03270b35a0
2019-09-12 04:03:11,221 [grpc-default-executor-2] INFO  impl.RoleInfo (RoleInfo.java:shutdownFollowerState(121)) - 41a8e196-af5b-4c71-b4d4-8d03270b35a0: shutdown FollowerState
2019-09-12 04:03:11,221 [grpc-default-executor-2] INFO  impl.StateMachineUpdater (StateMachineUpdater.java:stopAndJoin(125)) - 41a8e196-af5b-4c71-b4d4-8d03270b35a0@group-7A1668DFAB34-StateMachineUpdater: set stopIndex = 6
2019-09-12 04:03:11,221 [Thread-330] INFO  impl.FollowerState (FollowerState.java:run(115)) - 41a8e196-af5b-4c71-b4d4-8d03270b35a0: FollowerState was interrupted: java.lang.InterruptedException: sleep interrupted
2019-09-12 04:03:11,221 [41a8e196-af5b-4c71-b4d4-8d03270b35a0@group-7A1668DFAB34-StateMachineUpdater] INFO  ratis.ContainerStateMachine (ContainerStateMachine.java:takeSnapshot(289)) - group-7A1668DFAB34: Taking a snapshot at:(t:1, i:4) file /workdir/hadoop-ozone/integration-test/target/test-dir/MiniOzoneClusterImpl-b4fa8ffa-56bc-41b5-8fca-04d9ba132278/datanode-3/data/ratis/73e48434-27c3-4c74-96c6-7a1668dfab34/sm/snapshot.1_4
2019-09-12 04:03:11,299 [41a8e196-af5b-4c71-b4d4-8d03270b35a0@group-7A1668DFAB34-StateMachineUpdater] INFO  ratis.ContainerStateMachine (ContainerStateMachine.java:takeSnapshot(300)) - group-7A1668DFAB34: Finished taking a snapshot at:(t:1, i:4) file:/workdir/hadoop-ozone/integration-test/target/test-dir/MiniOzoneClusterImpl-b4fa8ffa-56bc-41b5-8fca-04d9ba132278/datanode-3/data/ratis/73e48434-27c3-4c74-96c6-7a1668dfab34/sm/snapshot.1_4 time:77
2019-09-12 04:03:11,299 [41a8e196-af5b-4c71-b4d4-8d03270b35a0@group-7A1668DFAB34-StateMachineUpdater] INFO  impl.StateMachineUpdater (StateMachineUpdater.java:takeSnapshot(258)) - 41a8e196-af5b-4c71-b4d4-8d03270b35a0@group-7A1668DFAB34-StateMachineUpdater: Took a snapshot at index 4
2019-09-12 04:03:11,299 [41a8e196-af5b-4c71-b4d4-8d03270b35a0@group-7A1668DFAB34-StateMachineUpdater] INFO  impl.StateMachineUpdater (StateMachineUpdater.java:lambda$new$0(83)) - 41a8e196-af5b-4c71-b4d4-8d03270b35a0@group-7A1668DFAB34-StateMachineUpdater: snapshotIndex: updateIncreasingly -1 -> 4
2019-09-12 04:03:11,299 [41a8e196-af5b-4c71-b4d4-8d03270b35a0@group-7A1668DFAB34-StateMachineUpdater] INFO  ratis.ContainerStateMachine (ContainerStateMachine.java:takeSnapshot(289)) - group-7A1668DFAB34: Taking a snapshot at:(t:1, i:4) file /workdir/hadoop-ozone/integration-test/target/test-dir/MiniOzoneClusterImpl-b4fa8ffa-56bc-41b5-8fca-04d9ba132278/datanode-3/data/ratis/73e48434-27c3-4c74-96c6-7a1668dfab34/sm/snapshot.1_4
2019-09-12 04:03:11,365 [41a8e196-af5b-4c71-b4d4-8d03270b35a0@group-7A1668DFAB34-StateMachineUpdater] INFO  ratis.ContainerStateMachine (ContainerStateMachine.java:takeSnapshot(300)) - group-7A1668DFAB34: Finished taking a snapshot at:(t:1, i:4) file:/workdir/hadoop-ozone/integration-test/target/test-dir/MiniOzoneClusterImpl-b4fa8ffa-56bc-41b5-8fca-04d9ba132278/datanode-3/data/ratis/73e48434-27c3-4c74-96c6-7a1668dfab34/sm/snapshot.1_4 time:66
2019-09-12 04:03:11,366 [41a8e196-af5b-4c71-b4d4-8d03270b35a0@group-7A1668DFAB34-StateMachineUpdater] INFO  impl.StateMachineUpdater (StateMachineUpdater.java:takeSnapshot(258)) - 41a8e196-af5b-4c71-b4d4-8d03270b35a0@group-7A1668DFAB34-StateMachineUpdater: Took a snapshot at index 4
2019-09-12 04:03:11,366 [41a8e196-af5b-4c71-b4d4-8d03270b35a0@group-7A1668DFAB34-StateMachineUpdater] INFO  impl.StateMachineUpdater (StateMachineUpdater.java:lambda$new$0(83)) - 41a8e196-af5b-4c71-b4d4-8d03270b35a0@group-7A1668DFAB34-StateMachineUpdater: snapshotIndex: updateIncreasingly 4 -> 4
2019-09-12 04:03:11,366 [grpc-default-executor-2] INFO  impl.RaftServerImpl (ServerState.java:close(385)) - 41a8e196-af5b-4c71-b4d4-8d03270b35a0@group-7A1668DFAB34: closes. applyIndex: 6
2019-09-12 04:03:11,369 [41a8e196-af5b-4c71-b4d4-8d03270b35a0@group-7A1668DFAB34-SegmentedRaftLogWorker] ERROR ratis.XceiverServerRatis (XceiverServerRatis.java:triggerPipelineClose(568)) - pipeline Action CLOSE  on pipeline PipelineID=73e48434-27c3-4c74-96c6-7a1668dfab34.Reason : WriteLog:7: (t:1, i:7), STATEMACHINELOGENTRY, client-7D4C8718A617, cid=21-writeStateMachineData interrupted.
2019-09-12 04:03:11,372 [grpc-default-executor-2] INFO  segmented.SegmentedRaftLogWorker (SegmentedRaftLogWorker.java:close(228)) - 41a8e196-af5b-4c71-b4d4-8d03270b35a0@group-7A1668DFAB34-SegmentedRaftLogWorker close()
2019-09-12 04:03:11,372 [EventQueue-PipelineActionsForPipelineActionHandler] ERROR pipeline.PipelineActionHandler (PipelineActionHandler.java:onMessage(60)) - Received pipeline action CLOSE for Pipeline[ Id: 73e48434-27c3-4c74-96c6-7a1668dfab34, Nodes: d16d800f-a890-4a7a-bda4-5bf97a65c0f2{ip: 192.168.34.8, host: pr-hdds-1879-pbs75-1821932185, networkLocation: /default-rack, certSerialId: null}41a8e196-af5b-4c71-b4d4-8d03270b35a0{ip: 192.168.34.8, host: pr-hdds-1879-pbs75-1821932185, networkLocation: /default-rack, certSerialId: null}e74ea0f8-bf41-4d93-a1fd-ac84c2b46512{ip: 192.168.34.8, host: pr-hdds-1879-pbs75-1821932185, networkLocation: /default-rack, certSerialId: null}, Type:RATIS, Factor:THREE, State:CLOSED] from datanode 41a8e196-af5b-4c71-b4d4-8d03270b35a0{ip: 192.168.34.8, host: pr-hdds-1879-pbs75-1821932185, networkLocation: /default-rack, certSerialId: null}. Reason : WriteLog:7: (t:1, i:7), STATEMACHINELOGENTRY, client-7D4C8718A617, cid=21-writeStateMachineData interrupted.
2019-09-12 04:03:11,377 [EventQueue-PipelineActionsForPipelineActionHandler] INFO  pipeline.SCMPipelineManager (SCMPipelineManager.java:finalizeAndDestroyPipeline(311)) - destroying pipeline:Pipeline[ Id: 73e48434-27c3-4c74-96c6-7a1668dfab34, Nodes: d16d800f-a890-4a7a-bda4-5bf97a65c0f2{ip: 192.168.34.8, host: pr-hdds-1879-pbs75-1821932185, networkLocation: /default-rack, certSerialId: null}41a8e196-af5b-4c71-b4d4-8d03270b35a0{ip: 192.168.34.8, host: pr-hdds-1879-pbs75-1821932185, networkLocation: /default-rack, certSerialId: null}e74ea0f8-bf41-4d93-a1fd-ac84c2b46512{ip: 192.168.34.8, host: pr-hdds-1879-pbs75-1821932185, networkLocation: /default-rack, certSerialId: null}, Type:RATIS, Factor:THREE, State:CLOSED]
2019-09-12 04:03:11,416 [grpc-default-executor-2] INFO  interfaces.Container (KeyValueContainer.java:flushAndSyncDB(384)) - Container 1 is synced with bcsId 4.
2019-09-12 04:03:11,417 [grpc-default-executor-2] INFO  interfaces.Container (KeyValueContainer.java:flushAndSyncDB(384)) - Container 1 is synced with bcsId 4.
2019-09-12 04:03:11,552 [org.apache.ratis.server.impl.LogAppender$AppenderDaemon$$Lambda$490/586156626@5cfb40c9] ERROR ratis.XceiverServerRatis (XceiverServerRatis.java:triggerPipelineClose(568)) - pipeline Action CLOSE  on pipeline PipelineID=73e48434-27c3-4c74-96c6-7a1668dfab34.Reason : e74ea0f8-bf41-4d93-a1fd-ac84c2b46512 has not seen follower/s 41a8e196-af5b-4c71-b4d4-8d03270b35a0 for 188561ms d16d800f-a890-4a7a-bda4-5bf97a65c0f2 for 188561ms
2019-09-12 04:03:11,552 [org.apache.ratis.server.impl.LogAppender$AppenderDaemon$$Lambda$490/586156626@32b89603] ERROR ratis.XceiverServerRatis (XceiverServerRatis.java:triggerPipelineClose(568)) - pipeline Action CLOSE  on pipeline PipelineID=73e48434-27c3-4c74-96c6-7a1668dfab34.Reason : e74ea0f8-bf41-4d93-a1fd-ac84c2b46512 has not seen follower/s 41a8e196-af5b-4c71-b4d4-8d03270b35a0 for 188561ms d16d800f-a890-4a7a-bda4-5bf97a65c0f2 for 188561ms
2019-09-12 04:03:11,601 [main] WARN  io.KeyOutputStream (KeyOutputStream.java:handleException(276)) - Encountered exception java.io.IOException: Unexpected Storage Container Exception: java.util.concurrent.CompletionException: java.util.concurrent.CompletionException: org.apache.ratis.protocol.GroupMismatchException: 41a8e196-af5b-4c71-b4d4-8d03270b35a0: group-7A1668DFAB34 not found. on the pipeline Pipeline[ Id: 73e48434-27c3-4c74-96c6-7a1668dfab34, Nodes: d16d800f-a890-4a7a-bda4-5bf97a65c0f2{ip: 192.168.34.8, host: pr-hdds-1879-pbs75-1821932185, networkLocation: /default-rack, certSerialId: null}41a8e196-af5b-4c71-b4d4-8d03270b35a0{ip: 192.168.34.8, host: pr-hdds-1879-pbs75-1821932185, networkLocation: /default-rack, certSerialId: null}e74ea0f8-bf41-4d93-a1fd-ac84c2b46512{ip: 192.168.34.8, host: pr-hdds-1879-pbs75-1821932185, networkLocation: /default-rack, certSerialId: null}, Type:RATIS, Factor:THREE, State:OPEN]. The last committed block length is 0, uncommitted data length is 150 retry count 0
2019-09-12 04:03:11,665 [grpc-default-executor-6] INFO  client.GrpcClientProtocolClient (GrpcClientProtocolClient.java:onNext(264)) - client-EFFAA1C83E3D->826a4c15-f032-4805-8cf4-5e11fe4a99d7: receive RaftClientReply:client-EFFAA1C83E3D->826a4c15-f032-4805-8cf4-5e11fe4a99d7@group-F484CCC1AA7A, cid=26, FAILED org.apache.ratis.protocol.NotLeaderException: Server 826a4c15-f032-4805-8cf4-5e11fe4a99d7@group-F484CCC1AA7A is not the leader cfbaf9ff-a5d2-4350-abbf-bcb1aefbe8d3:192.168.34.8:40308, logIndex=0, commits[826a4c15-f032-4805-8cf4-5e11fe4a99d7:c10, cfbaf9ff-a5d2-4350-abbf-bcb1aefbe8d3:c10, fc0aded7-5090-49ad-a6b0-e16cfe155c18:c10]
2019-09-12 04:03:11,821 [grpc-default-executor-2] INFO  interfaces.Container (KeyValueContainer.java:flushAndSyncDB(384)) - Container 3 is synced with bcsId 0.
2019-09-12 04:03:11,821 [grpc-default-executor-2] INFO  interfaces.Container (KeyValueContainer.java:flushAndSyncDB(384)) - Container 3 is synced with bcsId 0.
2019-09-12 04:03:11,940 [grpc-default-executor-2] INFO  impl.RaftServerProxy (RaftServerProxy.java:remove(95)) - e74ea0f8-bf41-4d93-a1fd-ac84c2b46512: remove    LEADER e74ea0f8-bf41-4d93-a1fd-ac84c2b46512@group-7A1668DFAB34:t1, leader=e74ea0f8-bf41-4d93-a1fd-ac84c2b46512, voted=e74ea0f8-bf41-4d93-a1fd-ac84c2b46512, raftlog=e74ea0f8-bf41-4d93-a1fd-ac84c2b46512@group-7A1668DFAB34-SegmentedRaftLog:OPENED:c6,f6,i10, conf=0: [41a8e196-af5b-4c71-b4d4-8d03270b35a0:192.168.34.8:36221, e74ea0f8-bf41-4d93-a1fd-ac84c2b46512:192.168.34.8:33824, d16d800f-a890-4a7a-bda4-5bf97a65c0f2:192.168.34.8:33400], old=null RUNNING
2019-09-12 04:03:11,940 [grpc-default-executor-2] INFO  impl.RaftServerImpl (RaftServerImpl.java:lambda$shutdown$3(251)) - e74ea0f8-bf41-4d93-a1fd-ac84c2b46512@group-7A1668DFAB34: shutdown
2019-09-12 04:03:11,940 [grpc-default-executor-2] INFO  util.JmxRegister (JmxRegister.java:unregister(73)) - Successfully un-registered JMX Bean with object name Ratis:service=RaftServer,group=group-7A1668DFAB34,id=e74ea0f8-bf41-4d93-a1fd-ac84c2b46512
2019-09-12 04:03:11,941 [grpc-default-executor-2] INFO  impl.RoleInfo (RoleInfo.java:shutdownLeaderState(104)) - e74ea0f8-bf41-4d93-a1fd-ac84c2b46512: shutdown LeaderState
2019-09-12 04:03:11,946 [grpc-default-executor-2] INFO  impl.PendingRequests (PendingRequests.java:sendNotLeaderResponses(202)) - e74ea0f8-bf41-4d93-a1fd-ac84c2b46512-PendingRequests: sendNotLeaderResponses
2019-09-12 04:03:11,946 [org.apache.ratis.server.impl.LogAppender$AppenderDaemon$$Lambda$490/586156626@5cfb40c9] WARN  server.GrpcLogAppender (GrpcLogAppender.java:mayWait(143)) - e74ea0f8-bf41-4d93-a1fd-ac84c2b46512@group-7A1668DFAB34->d16d800f-a890-4a7a-bda4-5bf97a65c0f2-GrpcLogAppender: Wait interrupted by java.lang.InterruptedException
2019-09-12 04:03:11,946 [org.apache.ratis.server.impl.LogAppender$AppenderDaemon$$Lambda$490/586156626@32b89603] WARN  server.GrpcLogAppender (GrpcLogAppender.java:mayWait(143)) - e74ea0f8-bf41-4d93-a1fd-ac84c2b46512@group-7A1668DFAB34->41a8e196-af5b-4c71-b4d4-8d03270b35a0-GrpcLogAppender: Wait interrupted by java.lang.InterruptedException
2019-09-12 04:03:11,948 [grpc-default-executor-0] INFO  server.GrpcServerProtocolService (GrpcServerProtocolService.java:onCompleted(113)) - d16d800f-a890-4a7a-bda4-5bf97a65c0f2: Completed APPEND_ENTRIES, lastRequest: e74ea0f8-bf41-4d93-a1fd-ac84c2b46512->d16d800f-a890-4a7a-bda4-5bf97a65c0f2#85-t1, previous=(t:1, i:10), leaderCommit=6, initializing? false, entries: <empty>
2019-09-12 04:03:11,948 [grpc-default-executor-6] INFO  server.GrpcServerProtocolService (GrpcServerProtocolService.java:onCompleted(113)) - 41a8e196-af5b-4c71-b4d4-8d03270b35a0: Completed APPEND_ENTRIES, lastRequest: e74ea0f8-bf41-4d93-a1fd-ac84c2b46512->41a8e196-af5b-4c71-b4d4-8d03270b35a0#85-t1, previous=(t:1, i:10), leaderCommit=6, initializing? false, entries: <empty>
2019-09-12 04:03:11,951 [grpc-default-executor-0] INFO  server.GrpcLogAppender (GrpcLogAppender.java:onCompleted(293)) - e74ea0f8-bf41-4d93-a1fd-ac84c2b46512@group-7A1668DFAB34->d16d800f-a890-4a7a-bda4-5bf97a65c0f2-AppendLogResponseHandler: follower responses appendEntries COMPLETED
2019-09-12 04:03:11,956 [e74ea0f8-bf41-4d93-a1fd-ac84c2b46512@group-7A1668DFAB34-StateMachineUpdater] INFO  ratis.ContainerStateMachine (ContainerStateMachine.java:takeSnapshot(289)) - group-7A1668DFAB34: Taking a snapshot at:(t:1, i:6) file /workdir/hadoop-ozone/integration-test/target/test-dir/MiniOzoneClusterImpl-b4fa8ffa-56bc-41b5-8fca-04d9ba132278/datanode-4/data/ratis/73e48434-27c3-4c74-96c6-7a1668dfab34/sm/snapshot.1_6
2019-09-12 04:03:11,956 [grpc-default-executor-6] INFO  server.GrpcLogAppender (GrpcLogAppender.java:onCompleted(293)) - e74ea0f8-bf41-4d93-a1fd-ac84c2b46512@group-7A1668DFAB34->41a8e196-af5b-4c71-b4d4-8d03270b35a0-AppendLogResponseHandler: follower responses appendEntries COMPLETED
2019-09-12 04:03:11,955 [grpc-default-executor-2] INFO  impl.StateMachineUpdater (StateMachineUpdater.java:stopAndJoin(125)) - e74ea0f8-bf41-4d93-a1fd-ac84c2b46512@group-7A1668DFAB34-StateMachineUpdater: set stopIndex = 6
2019-09-12 04:03:11,957 [grpc-default-executor-0] INFO  impl.FollowerInfo (FollowerInfo.java:lambda$new$0(51)) - e74ea0f8-bf41-4d93-a1fd-ac84c2b46512@group-7A1668DFAB34->d16d800f-a890-4a7a-bda4-5bf97a65c0f2: nextIndex: updateUnconditionally 11 -> 7
2019-09-12 04:03:11,957 [grpc-default-executor-6] INFO  impl.FollowerInfo (FollowerInfo.java:lambda$new$0(51)) - e74ea0f8-bf41-4d93-a1fd-ac84c2b46512@group-7A1668DFAB34->41a8e196-af5b-4c71-b4d4-8d03270b35a0: nextIndex: updateUnconditionally 11 -> 7
2019-09-12 04:03:12,024 [e74ea0f8-bf41-4d93-a1fd-ac84c2b46512@group-7A1668DFAB34-StateMachineUpdater] INFO  ratis.ContainerStateMachine (ContainerStateMachine.java:takeSnapshot(300)) - group-7A1668DFAB34: Finished taking a snapshot at:(t:1, i:6) file:/workdir/hadoop-ozone/integration-test/target/test-dir/MiniOzoneClusterImpl-b4fa8ffa-56bc-41b5-8fca-04d9ba132278/datanode-4/data/ratis/73e48434-27c3-4c74-96c6-7a1668dfab34/sm/snapshot.1_6 time:68
2019-09-12 04:03:12,024 [e74ea0f8-bf41-4d93-a1fd-ac84c2b46512@group-7A1668DFAB34-StateMachineUpdater] INFO  impl.StateMachineUpdater (StateMachineUpdater.java:takeSnapshot(258)) - e74ea0f8-bf41-4d93-a1fd-ac84c2b46512@group-7A1668DFAB34-StateMachineUpdater: Took a snapshot at index 6
2019-09-12 04:03:12,024 [e74ea0f8-bf41-4d93-a1fd-ac84c2b46512@group-7A1668DFAB34-StateMachineUpdater] INFO  impl.StateMachineUpdater (StateMachineUpdater.java:lambda$new$0(83)) - e74ea0f8-bf41-4d93-a1fd-ac84c2b46512@group-7A1668DFAB34-StateMachineUpdater: snapshotIndex: updateIncreasingly -1 -> 6
2019-09-12 04:03:12,025 [grpc-default-executor-2] INFO  impl.RaftServerImpl (ServerState.java:close(385)) - e74ea0f8-bf41-4d93-a1fd-ac84c2b46512@group-7A1668DFAB34: closes. applyIndex: 6
2019-09-12 04:03:12,025 [Command processor thread] ERROR commandhandler.CloseContainerCommandHandler (CloseContainerCommandHandler.java:handle(125)) - Can't close container #3
java.io.IOException: org.apache.ratis.protocol.GroupMismatchException: e74ea0f8-bf41-4d93-a1fd-ac84c2b46512: group-7A1668DFAB34 not found.
	at org.apache.hadoop.ozone.container.common.transport.server.ratis.XceiverServerRatis.submitRequest(XceiverServerRatis.java:495)
	at org.apache.hadoop.ozone.container.common.statemachine.commandhandler.CloseContainerCommandHandler.handle(CloseContainerCommandHandler.java:102)
	at org.apache.hadoop.ozone.container.common.statemachine.commandhandler.CommandDispatcher.handle(CommandDispatcher.java:99)
	at org.apache.hadoop.ozone.container.common.statemachine.DatanodeStateMachine.lambda$initCommandHandlerThread$1(DatanodeStateMachine.java:432)
	at java.lang.Thread.run(Thread.java:748)
Caused by: java.util.concurrent.ExecutionException: org.apache.ratis.protocol.GroupMismatchException: e74ea0f8-bf41-4d93-a1fd-ac84c2b46512: group-7A1668DFAB34 not found.
	at java.util.concurrent.CompletableFuture.reportGet(CompletableFuture.java:357)
	at java.util.concurrent.CompletableFuture.get(CompletableFuture.java:1895)
	at org.apache.hadoop.ozone.container.common.transport.server.ratis.XceiverServerRatis.submitRequest(XceiverServerRatis.java:493)
	... 4 more
Caused by: org.apache.ratis.protocol.GroupMismatchException: e74ea0f8-bf41-4d93-a1fd-ac84c2b46512: group-7A1668DFAB34 not found.
	at org.apache.ratis.server.impl.RaftServerProxy$ImplMap.get(RaftServerProxy.java:122)
	at org.apache.ratis.server.impl.RaftServerProxy.getImplFuture(RaftServerProxy.java:269)
	at org.apache.ratis.server.impl.RaftServerProxy.submitRequest(RaftServerProxy.java:327)
	at org.apache.ratis.server.impl.RaftServerProxy.submitClientRequestAsync(RaftServerProxy.java:333)
	... 5 more
2019-09-12 04:03:12,026 [EventQueue-PipelineActionsForPipelineActionHandler] ERROR pipeline.PipelineActionHandler (PipelineActionHandler.java:onMessage(60)) - Received pipeline action CLOSE for Pipeline[ Id: 73e48434-27c3-4c74-96c6-7a1668dfab34, Nodes: d16d800f-a890-4a7a-bda4-5bf97a65c0f2{ip: 192.168.34.8, host: pr-hdds-1879-pbs75-1821932185, networkLocation: /default-rack, certSerialId: null}41a8e196-af5b-4c71-b4d4-8d03270b35a0{ip: 192.168.34.8, host: pr-hdds-1879-pbs75-1821932185, networkLocation: /default-rack, certSerialId: null}e74ea0f8-bf41-4d93-a1fd-ac84c2b46512{ip: 192.168.34.8, host: pr-hdds-1879-pbs75-1821932185, networkLocation: /default-rack, certSerialId: null}, Type:RATIS, Factor:THREE, State:CLOSED] from datanode e74ea0f8-bf41-4d93-a1fd-ac84c2b46512{ip: 192.168.34.8, host: pr-hdds-1879-pbs75-1821932185, networkLocation: /default-rack, certSerialId: null}. Reason : e74ea0f8-bf41-4d93-a1fd-ac84c2b46512 has not seen follower/s 41a8e196-af5b-4c71-b4d4-8d03270b35a0 for 188561ms d16d800f-a890-4a7a-bda4-5bf97a65c0f2 for 188561ms
2019-09-12 04:03:12,025 [e74ea0f8-bf41-4d93-a1fd-ac84c2b46512@group-7A1668DFAB34-SegmentedRaftLogWorker] ERROR ratis.XceiverServerRatis (XceiverServerRatis.java:triggerPipelineClose(568)) - pipeline Action CLOSE  on pipeline PipelineID=73e48434-27c3-4c74-96c6-7a1668dfab34.Reason : WriteLog:8: (t:1, i:8), STATEMACHINELOGENTRY, client-7D4C8718A617, cid=22-writeStateMachineData interrupted.
2019-09-12 04:03:12,029 [EventQueue-PipelineActionsForPipelineActionHandler] INFO  pipeline.SCMPipelineManager (SCMPipelineManager.java:finalizeAndDestroyPipeline(311)) - destroying pipeline:Pipeline[ Id: 73e48434-27c3-4c74-96c6-7a1668dfab34, Nodes: d16d800f-a890-4a7a-bda4-5bf97a65c0f2{ip: 192.168.34.8, host: pr-hdds-1879-pbs75-1821932185, networkLocation: /default-rack, certSerialId: null}41a8e196-af5b-4c71-b4d4-8d03270b35a0{ip: 192.168.34.8, host: pr-hdds-1879-pbs75-1821932185, networkLocation: /default-rack, certSerialId: null}e74ea0f8-bf41-4d93-a1fd-ac84c2b46512{ip: 192.168.34.8, host: pr-hdds-1879-pbs75-1821932185, networkLocation: /default-rack, certSerialId: null}, Type:RATIS, Factor:THREE, State:CLOSED]
2019-09-12 04:03:12,032 [EventQueue-PipelineActionsForPipelineActionHandler] ERROR pipeline.PipelineActionHandler (PipelineActionHandler.java:onMessage(60)) - Received pipeline action CLOSE for Pipeline[ Id: 73e48434-27c3-4c74-96c6-7a1668dfab34, Nodes: d16d800f-a890-4a7a-bda4-5bf97a65c0f2{ip: 192.168.34.8, host: pr-hdds-1879-pbs75-1821932185, networkLocation: /default-rack, certSerialId: null}41a8e196-af5b-4c71-b4d4-8d03270b35a0{ip: 192.168.34.8, host: pr-hdds-1879-pbs75-1821932185, networkLocation: /default-rack, certSerialId: null}e74ea0f8-bf41-4d93-a1fd-ac84c2b46512{ip: 192.168.34.8, host: pr-hdds-1879-pbs75-1821932185, networkLocation: /default-rack, certSerialId: null}, Type:RATIS, Factor:THREE, State:CLOSED] from datanode e74ea0f8-bf41-4d93-a1fd-ac84c2b46512{ip: 192.168.34.8, host: pr-hdds-1879-pbs75-1821932185, networkLocation: /default-rack, certSerialId: null}. Reason : WriteLog:8: (t:1, i:8), STATEMACHINELOGENTRY, client-7D4C8718A617, cid=22-writeStateMachineData interrupted.
2019-09-12 04:03:12,032 [EventQueue-PipelineActionsForPipelineActionHandler] INFO  pipeline.SCMPipelineManager (SCMPipelineManager.java:finalizeAndDestroyPipeline(311)) - destroying pipeline:Pipeline[ Id: 73e48434-27c3-4c74-96c6-7a1668dfab34, Nodes: d16d800f-a890-4a7a-bda4-5bf97a65c0f2{ip: 192.168.34.8, host: pr-hdds-1879-pbs75-1821932185, networkLocation: /default-rack, certSerialId: null}41a8e196-af5b-4c71-b4d4-8d03270b35a0{ip: 192.168.34.8, host: pr-hdds-1879-pbs75-1821932185, networkLocation: /default-rack, certSerialId: null}e74ea0f8-bf41-4d93-a1fd-ac84c2b46512{ip: 192.168.34.8, host: pr-hdds-1879-pbs75-1821932185, networkLocation: /default-rack, certSerialId: null}, Type:RATIS, Factor:THREE, State:CLOSED]
2019-09-12 04:03:12,047 [grpc-default-executor-2] INFO  segmented.SegmentedRaftLogWorker (SegmentedRaftLogWorker.java:close(228)) - e74ea0f8-bf41-4d93-a1fd-ac84c2b46512@group-7A1668DFAB34-SegmentedRaftLogWorker close()
2019-09-12 04:03:12,107 [grpc-default-executor-2] INFO  interfaces.Container (KeyValueContainer.java:flushAndSyncDB(384)) - Container 1 is synced with bcsId 4.
2019-09-12 04:03:12,107 [grpc-default-executor-2] INFO  interfaces.Container (KeyValueContainer.java:flushAndSyncDB(384)) - Container 1 is synced with bcsId 4.
2019-09-12 04:03:12,274 [grpc-default-executor-0] INFO  client.GrpcClientProtocolClient (GrpcClientProtocolClient.java:onNext(264)) - client-EFFAA1C83E3D->cfbaf9ff-a5d2-4350-abbf-bcb1aefbe8d3: receive RaftClientReply:client-EFFAA1C83E3D->cfbaf9ff-a5d2-4350-abbf-bcb1aefbe8d3@group-F484CCC1AA7A, cid=26, SUCCESS, logIndex=11, commits[cfbaf9ff-a5d2-4350-abbf-bcb1aefbe8d3:c11, 826a4c15-f032-4805-8cf4-5e11fe4a99d7:c10, fc0aded7-5090-49ad-a6b0-e16cfe155c18:c10]
2019-09-12 04:03:12,298 [grpc-default-executor-6] INFO  client.GrpcClientProtocolClient (GrpcClientProtocolClient.java:onNext(264)) - client-EFFAA1C83E3D->cfbaf9ff-a5d2-4350-abbf-bcb1aefbe8d3: receive RaftClientReply:client-EFFAA1C83E3D->cfbaf9ff-a5d2-4350-abbf-bcb1aefbe8d3@group-F484CCC1AA7A, cid=27, SUCCESS, logIndex=13, commits[cfbaf9ff-a5d2-4350-abbf-bcb1aefbe8d3:c14, 826a4c15-f032-4805-8cf4-5e11fe4a99d7:c12, fc0aded7-5090-49ad-a6b0-e16cfe155c18:c12]
2019-09-12 04:03:12,319 [grpc-default-executor-2] INFO  interfaces.Container (KeyValueContainer.java:flushAndSyncDB(384)) - Container 3 is synced with bcsId 0.
2019-09-12 04:03:12,406 [grpc-default-executor-6] INFO  client.GrpcClientProtocolClient (GrpcClientProtocolClient.java:onNext(264)) - client-EFFAA1C83E3D->cfbaf9ff-a5d2-4350-abbf-bcb1aefbe8d3: receive RaftClientReply:client-EFFAA1C83E3D->cfbaf9ff-a5d2-4350-abbf-bcb1aefbe8d3@group-F484CCC1AA7A, cid=28, SUCCESS, logIndex=14, commits[cfbaf9ff-a5d2-4350-abbf-bcb1aefbe8d3:c16, 826a4c15-f032-4805-8cf4-5e11fe4a99d7:c14, fc0aded7-5090-49ad-a6b0-e16cfe155c18:c14]
]]></system-out>
  </testcase>
  <testcase name="testFullBufferCondition" classname="org.apache.hadoop.ozone.client.rpc.TestBlockOutputStream" time="187.379">
    <failure type="java.lang.AssertionError">java.lang.AssertionError
	at org.junit.Assert.fail(Assert.java:86)
	at org.junit.Assert.assertTrue(Assert.java:41)
	at org.junit.Assert.assertTrue(Assert.java:52)
	at org.apache.hadoop.ozone.client.rpc.TestBlockOutputStream.testFullBufferCondition(TestBlockOutputStream.java:515)
	at sun.reflect.NativeMethodAccessorImpl.invoke0(Native Method)
	at sun.reflect.NativeMethodAccessorImpl.invoke(NativeMethodAccessorImpl.java:62)
	at sun.reflect.DelegatingMethodAccessorImpl.invoke(DelegatingMethodAccessorImpl.java:43)
	at java.lang.reflect.Method.invoke(Method.java:498)
	at org.junit.runners.model.FrameworkMethod$1.runReflectiveCall(FrameworkMethod.java:47)
	at org.junit.internal.runners.model.ReflectiveCallable.run(ReflectiveCallable.java:12)
	at org.junit.runners.model.FrameworkMethod.invokeExplosively(FrameworkMethod.java:44)
	at org.junit.internal.runners.statements.InvokeMethod.evaluate(InvokeMethod.java:17)
	at org.junit.runners.ParentRunner.runLeaf(ParentRunner.java:271)
	at org.junit.runners.BlockJUnit4ClassRunner.runChild(BlockJUnit4ClassRunner.java:70)
	at org.junit.runners.BlockJUnit4ClassRunner.runChild(BlockJUnit4ClassRunner.java:50)
	at org.junit.runners.ParentRunner$3.run(ParentRunner.java:238)
	at org.junit.runners.ParentRunner$1.schedule(ParentRunner.java:63)
	at org.junit.runners.ParentRunner.runChildren(ParentRunner.java:236)
	at org.junit.runners.ParentRunner.access$000(ParentRunner.java:53)
	at org.junit.runners.ParentRunner$2.evaluate(ParentRunner.java:229)
	at org.junit.internal.runners.statements.RunBefores.evaluate(RunBefores.java:26)
	at org.junit.internal.runners.statements.RunAfters.evaluate(RunAfters.java:27)
	at org.junit.runners.ParentRunner.run(ParentRunner.java:309)
	at org.apache.maven.surefire.junit4.JUnit4Provider.execute(JUnit4Provider.java:365)
	at org.apache.maven.surefire.junit4.JUnit4Provider.executeWithRerun(JUnit4Provider.java:273)
	at org.apache.maven.surefire.junit4.JUnit4Provider.executeTestSet(JUnit4Provider.java:238)
	at org.apache.maven.surefire.junit4.JUnit4Provider.invoke(JUnit4Provider.java:159)
	at org.apache.maven.surefire.booter.ForkedBooter.invokeProviderInSameClassLoader(ForkedBooter.java:384)
	at org.apache.maven.surefire.booter.ForkedBooter.runSuitesInProcess(ForkedBooter.java:345)
	at org.apache.maven.surefire.booter.ForkedBooter.execute(ForkedBooter.java:126)
	at org.apache.maven.surefire.booter.ForkedBooter.main(ForkedBooter.java:418)
</failure>
    <system-out><![CDATA[2019-09-12 04:03:12,786 [grpc-default-executor-2] INFO  interfaces.Container (KeyValueContainer.java:flushAndSyncDB(384)) - Container 3 is synced with bcsId 0.
2019-09-12 04:03:12,815 [RatisPipelineUtilsThread] INFO  pipeline.PipelineStateManager (PipelineStateManager.java:removePipeline(108)) - Pipeline Pipeline[ Id: 73e48434-27c3-4c74-96c6-7a1668dfab34, Nodes: d16d800f-a890-4a7a-bda4-5bf97a65c0f2{ip: 192.168.34.8, host: pr-hdds-1879-pbs75-1821932185, networkLocation: /default-rack, certSerialId: null}41a8e196-af5b-4c71-b4d4-8d03270b35a0{ip: 192.168.34.8, host: pr-hdds-1879-pbs75-1821932185, networkLocation: /default-rack, certSerialId: null}e74ea0f8-bf41-4d93-a1fd-ac84c2b46512{ip: 192.168.34.8, host: pr-hdds-1879-pbs75-1821932185, networkLocation: /default-rack, certSerialId: null}, Type:RATIS, Factor:THREE, State:CLOSED] removed from db
2019-09-12 04:03:12,827 [grpc-default-executor-7] INFO  impl.RaftServerProxy (RaftServerProxy.java:addNew(89)) - e74ea0f8-bf41-4d93-a1fd-ac84c2b46512: addNew group-1AC969952D72:[41a8e196-af5b-4c71-b4d4-8d03270b35a0:192.168.34.8:36221, e74ea0f8-bf41-4d93-a1fd-ac84c2b46512:192.168.34.8:33824, d16d800f-a890-4a7a-bda4-5bf97a65c0f2:192.168.34.8:33400] returns group-1AC969952D72:java.util.concurrent.CompletableFuture@de4b548[Not completed]
2019-09-12 04:03:12,827 [grpc-default-executor-6] INFO  impl.RaftServerProxy (RaftServerProxy.java:addNew(89)) - 41a8e196-af5b-4c71-b4d4-8d03270b35a0: addNew group-1AC969952D72:[41a8e196-af5b-4c71-b4d4-8d03270b35a0:192.168.34.8:36221, e74ea0f8-bf41-4d93-a1fd-ac84c2b46512:192.168.34.8:33824, d16d800f-a890-4a7a-bda4-5bf97a65c0f2:192.168.34.8:33400] returns group-1AC969952D72:java.util.concurrent.CompletableFuture@6037c9a7[Not completed]
2019-09-12 04:03:12,830 [grpc-default-executor-7] INFO  impl.RaftServerProxy (RaftServerProxy.java:addNew(89)) - d16d800f-a890-4a7a-bda4-5bf97a65c0f2: addNew group-1AC969952D72:[41a8e196-af5b-4c71-b4d4-8d03270b35a0:192.168.34.8:36221, e74ea0f8-bf41-4d93-a1fd-ac84c2b46512:192.168.34.8:33824, d16d800f-a890-4a7a-bda4-5bf97a65c0f2:192.168.34.8:33400] returns group-1AC969952D72:java.util.concurrent.CompletableFuture@9db202c[Not completed]
2019-09-12 04:03:12,833 [pool-67-thread-1] INFO  impl.RaftServerImpl (RaftServerImpl.java:<init>(95)) - e74ea0f8-bf41-4d93-a1fd-ac84c2b46512: new RaftServerImpl for group-1AC969952D72:[41a8e196-af5b-4c71-b4d4-8d03270b35a0:192.168.34.8:36221, e74ea0f8-bf41-4d93-a1fd-ac84c2b46512:192.168.34.8:33824, d16d800f-a890-4a7a-bda4-5bf97a65c0f2:192.168.34.8:33400] with ContainerStateMachine:uninitialized
2019-09-12 04:03:12,833 [pool-67-thread-1] INFO  server.RaftServerConfigKeys (ConfUtils.java:logGet(43)) - raft.server.rpc.timeout.min = 5s (custom)
2019-09-12 04:03:12,833 [pool-67-thread-1] INFO  server.RaftServerConfigKeys (ConfUtils.java:logGet(43)) - raft.server.rpc.timeout.max = 5200ms (custom)
2019-09-12 04:03:12,833 [pool-67-thread-1] INFO  server.RaftServerConfigKeys (ConfUtils.java:logGet(43)) - raft.server.rpcslowness.timeout = 120s (custom)
2019-09-12 04:03:12,834 [pool-67-thread-1] INFO  server.RaftServerConfigKeys (ConfUtils.java:logGet(43)) - raft.server.sleep.deviation.threshold = 300 (default)
2019-09-12 04:03:12,834 [pool-67-thread-1] INFO  server.RaftServerConfigKeys (ConfUtils.java:logGet(43)) - raft.server.log.appender.install.snapshot.enabled = false (custom)
2019-09-12 04:03:12,834 [pool-67-thread-1] INFO  impl.RaftServerImpl (ServerState.java:<init>(103)) - e74ea0f8-bf41-4d93-a1fd-ac84c2b46512@group-1AC969952D72: ConfigurationManager, init=-1: [41a8e196-af5b-4c71-b4d4-8d03270b35a0:192.168.34.8:36221, e74ea0f8-bf41-4d93-a1fd-ac84c2b46512:192.168.34.8:33824, d16d800f-a890-4a7a-bda4-5bf97a65c0f2:192.168.34.8:33400], old=null, confs=<EMPTY_MAP>
2019-09-12 04:03:12,834 [pool-67-thread-1] INFO  server.RaftServerConfigKeys (ConfUtils.java:logGet(43)) - raft.server.storage.dir = [/workdir/hadoop-ozone/integration-test/target/test-dir/MiniOzoneClusterImpl-b4fa8ffa-56bc-41b5-8fca-04d9ba132278/datanode-4/data/ratis] (custom)
2019-09-12 04:03:12,835 [pool-67-thread-1] INFO  storage.RaftStorageDirectory (RaftStorageDirectory.java:analyzeStorage(246)) - The storage directory /workdir/hadoop-ozone/integration-test/target/test-dir/MiniOzoneClusterImpl-b4fa8ffa-56bc-41b5-8fca-04d9ba132278/datanode-4/data/ratis/26361590-16d5-4f91-996d-1ac969952d72 does not exist. Creating ...
2019-09-12 04:03:12,835 [pool-77-thread-1] INFO  impl.RaftServerImpl (RaftServerImpl.java:<init>(95)) - d16d800f-a890-4a7a-bda4-5bf97a65c0f2: new RaftServerImpl for group-1AC969952D72:[41a8e196-af5b-4c71-b4d4-8d03270b35a0:192.168.34.8:36221, e74ea0f8-bf41-4d93-a1fd-ac84c2b46512:192.168.34.8:33824, d16d800f-a890-4a7a-bda4-5bf97a65c0f2:192.168.34.8:33400] with ContainerStateMachine:uninitialized
2019-09-12 04:03:12,835 [pool-77-thread-1] INFO  server.RaftServerConfigKeys (ConfUtils.java:logGet(43)) - raft.server.rpc.timeout.min = 5s (custom)
2019-09-12 04:03:12,835 [pool-77-thread-1] INFO  server.RaftServerConfigKeys (ConfUtils.java:logGet(43)) - raft.server.rpc.timeout.max = 5200ms (custom)
2019-09-12 04:03:12,835 [pool-77-thread-1] INFO  server.RaftServerConfigKeys (ConfUtils.java:logGet(43)) - raft.server.rpcslowness.timeout = 120s (custom)
2019-09-12 04:03:12,836 [pool-77-thread-1] INFO  server.RaftServerConfigKeys (ConfUtils.java:logGet(43)) - raft.server.sleep.deviation.threshold = 300 (default)
2019-09-12 04:03:12,836 [pool-77-thread-1] INFO  server.RaftServerConfigKeys (ConfUtils.java:logGet(43)) - raft.server.log.appender.install.snapshot.enabled = false (custom)
2019-09-12 04:03:12,836 [pool-77-thread-1] INFO  impl.RaftServerImpl (ServerState.java:<init>(103)) - d16d800f-a890-4a7a-bda4-5bf97a65c0f2@group-1AC969952D72: ConfigurationManager, init=-1: [41a8e196-af5b-4c71-b4d4-8d03270b35a0:192.168.34.8:36221, e74ea0f8-bf41-4d93-a1fd-ac84c2b46512:192.168.34.8:33824, d16d800f-a890-4a7a-bda4-5bf97a65c0f2:192.168.34.8:33400], old=null, confs=<EMPTY_MAP>
2019-09-12 04:03:12,836 [pool-57-thread-1] INFO  impl.RaftServerImpl (RaftServerImpl.java:<init>(95)) - 41a8e196-af5b-4c71-b4d4-8d03270b35a0: new RaftServerImpl for group-1AC969952D72:[41a8e196-af5b-4c71-b4d4-8d03270b35a0:192.168.34.8:36221, e74ea0f8-bf41-4d93-a1fd-ac84c2b46512:192.168.34.8:33824, d16d800f-a890-4a7a-bda4-5bf97a65c0f2:192.168.34.8:33400] with ContainerStateMachine:uninitialized
2019-09-12 04:03:12,836 [pool-77-thread-1] INFO  server.RaftServerConfigKeys (ConfUtils.java:logGet(43)) - raft.server.storage.dir = [/workdir/hadoop-ozone/integration-test/target/test-dir/MiniOzoneClusterImpl-b4fa8ffa-56bc-41b5-8fca-04d9ba132278/datanode-5/data/ratis] (custom)
2019-09-12 04:03:12,836 [pool-57-thread-1] INFO  server.RaftServerConfigKeys (ConfUtils.java:logGet(43)) - raft.server.rpc.timeout.min = 5s (custom)
2019-09-12 04:03:12,837 [pool-57-thread-1] INFO  server.RaftServerConfigKeys (ConfUtils.java:logGet(43)) - raft.server.rpc.timeout.max = 5200ms (custom)
2019-09-12 04:03:12,837 [pool-77-thread-1] INFO  storage.RaftStorageDirectory (RaftStorageDirectory.java:analyzeStorage(246)) - The storage directory /workdir/hadoop-ozone/integration-test/target/test-dir/MiniOzoneClusterImpl-b4fa8ffa-56bc-41b5-8fca-04d9ba132278/datanode-5/data/ratis/26361590-16d5-4f91-996d-1ac969952d72 does not exist. Creating ...
2019-09-12 04:03:12,837 [pool-57-thread-1] INFO  server.RaftServerConfigKeys (ConfUtils.java:logGet(43)) - raft.server.rpcslowness.timeout = 120s (custom)
2019-09-12 04:03:12,837 [pool-57-thread-1] INFO  server.RaftServerConfigKeys (ConfUtils.java:logGet(43)) - raft.server.sleep.deviation.threshold = 300 (default)
2019-09-12 04:03:12,837 [pool-57-thread-1] INFO  server.RaftServerConfigKeys (ConfUtils.java:logGet(43)) - raft.server.log.appender.install.snapshot.enabled = false (custom)
2019-09-12 04:03:12,838 [pool-57-thread-1] INFO  impl.RaftServerImpl (ServerState.java:<init>(103)) - 41a8e196-af5b-4c71-b4d4-8d03270b35a0@group-1AC969952D72: ConfigurationManager, init=-1: [41a8e196-af5b-4c71-b4d4-8d03270b35a0:192.168.34.8:36221, e74ea0f8-bf41-4d93-a1fd-ac84c2b46512:192.168.34.8:33824, d16d800f-a890-4a7a-bda4-5bf97a65c0f2:192.168.34.8:33400], old=null, confs=<EMPTY_MAP>
2019-09-12 04:03:12,838 [pool-57-thread-1] INFO  server.RaftServerConfigKeys (ConfUtils.java:logGet(43)) - raft.server.storage.dir = [/workdir/hadoop-ozone/integration-test/target/test-dir/MiniOzoneClusterImpl-b4fa8ffa-56bc-41b5-8fca-04d9ba132278/datanode-3/data/ratis] (custom)
2019-09-12 04:03:12,838 [pool-57-thread-1] INFO  storage.RaftStorageDirectory (RaftStorageDirectory.java:analyzeStorage(246)) - The storage directory /workdir/hadoop-ozone/integration-test/target/test-dir/MiniOzoneClusterImpl-b4fa8ffa-56bc-41b5-8fca-04d9ba132278/datanode-3/data/ratis/26361590-16d5-4f91-996d-1ac969952d72 does not exist. Creating ...
2019-09-12 04:03:12,855 [pool-67-thread-1] INFO  storage.RaftStorageDirectory (RaftStorageDirectory.java:tryLock(328)) - Lock on /workdir/hadoop-ozone/integration-test/target/test-dir/MiniOzoneClusterImpl-b4fa8ffa-56bc-41b5-8fca-04d9ba132278/datanode-4/data/ratis/26361590-16d5-4f91-996d-1ac969952d72/in_use.lock acquired by nodename 11533@pr-hdds-1879-pbs75-1821932185
2019-09-12 04:03:12,855 [pool-77-thread-1] INFO  storage.RaftStorageDirectory (RaftStorageDirectory.java:tryLock(328)) - Lock on /workdir/hadoop-ozone/integration-test/target/test-dir/MiniOzoneClusterImpl-b4fa8ffa-56bc-41b5-8fca-04d9ba132278/datanode-5/data/ratis/26361590-16d5-4f91-996d-1ac969952d72/in_use.lock acquired by nodename 11533@pr-hdds-1879-pbs75-1821932185
2019-09-12 04:03:12,855 [pool-57-thread-1] INFO  storage.RaftStorageDirectory (RaftStorageDirectory.java:tryLock(328)) - Lock on /workdir/hadoop-ozone/integration-test/target/test-dir/MiniOzoneClusterImpl-b4fa8ffa-56bc-41b5-8fca-04d9ba132278/datanode-3/data/ratis/26361590-16d5-4f91-996d-1ac969952d72/in_use.lock acquired by nodename 11533@pr-hdds-1879-pbs75-1821932185
2019-09-12 04:03:12,869 [pool-67-thread-1] INFO  storage.RaftStorage (RaftStorage.java:format(72)) - Storage directory /workdir/hadoop-ozone/integration-test/target/test-dir/MiniOzoneClusterImpl-b4fa8ffa-56bc-41b5-8fca-04d9ba132278/datanode-4/data/ratis/26361590-16d5-4f91-996d-1ac969952d72 has been successfully formatted.
2019-09-12 04:03:12,869 [pool-77-thread-1] INFO  storage.RaftStorage (RaftStorage.java:format(72)) - Storage directory /workdir/hadoop-ozone/integration-test/target/test-dir/MiniOzoneClusterImpl-b4fa8ffa-56bc-41b5-8fca-04d9ba132278/datanode-5/data/ratis/26361590-16d5-4f91-996d-1ac969952d72 has been successfully formatted.
2019-09-12 04:03:12,869 [pool-57-thread-1] INFO  storage.RaftStorage (RaftStorage.java:format(72)) - Storage directory /workdir/hadoop-ozone/integration-test/target/test-dir/MiniOzoneClusterImpl-b4fa8ffa-56bc-41b5-8fca-04d9ba132278/datanode-3/data/ratis/26361590-16d5-4f91-996d-1ac969952d72 has been successfully formatted.
2019-09-12 04:03:12,869 [pool-77-thread-1] INFO  ratis.ContainerStateMachine (ContainerStateMachine.java:loadSnapshot(230)) - group-1AC969952D72: The snapshot info is null. Setting the last applied indexto:(t:0, i:~)
2019-09-12 04:03:12,869 [pool-67-thread-1] INFO  ratis.ContainerStateMachine (ContainerStateMachine.java:loadSnapshot(230)) - group-1AC969952D72: The snapshot info is null. Setting the last applied indexto:(t:0, i:~)
2019-09-12 04:03:12,869 [pool-77-thread-1] INFO  server.RaftServerConfigKeys (ConfUtils.java:logGet(43)) - raft.server.notification.no-leader.timeout = 120s (custom)
2019-09-12 04:03:12,869 [pool-57-thread-1] INFO  ratis.ContainerStateMachine (ContainerStateMachine.java:loadSnapshot(230)) - group-1AC969952D72: The snapshot info is null. Setting the last applied indexto:(t:0, i:~)
2019-09-12 04:03:12,870 [pool-77-thread-1] INFO  server.RaftServerConfigKeys (ConfUtils.java:logGet(43)) - raft.server.log.use.memory = false (default)
2019-09-12 04:03:12,869 [pool-67-thread-1] INFO  server.RaftServerConfigKeys (ConfUtils.java:logGet(43)) - raft.server.notification.no-leader.timeout = 120s (custom)
2019-09-12 04:03:12,870 [pool-77-thread-1] INFO  server.RaftServerConfigKeys (ConfUtils.java:logGet(43)) - raft.server.log.purge.gap = 1000000 (custom)
2019-09-12 04:03:12,870 [pool-57-thread-1] INFO  server.RaftServerConfigKeys (ConfUtils.java:logGet(43)) - raft.server.notification.no-leader.timeout = 120s (custom)
2019-09-12 04:03:12,870 [pool-77-thread-1] INFO  server.RaftServerConfigKeys (ConfUtils.java:logGet(43)) - raft.server.log.appender.buffer.byte-limit = 33554432 (custom)
2019-09-12 04:03:12,870 [pool-67-thread-1] INFO  server.RaftServerConfigKeys (ConfUtils.java:logGet(43)) - raft.server.log.use.memory = false (default)
2019-09-12 04:03:12,871 [pool-77-thread-1] INFO  server.RaftServerConfigKeys (ConfUtils.java:logGet(43)) - raft.server.log.segment.size.max = 1048576 (custom)
2019-09-12 04:03:12,870 [pool-57-thread-1] INFO  server.RaftServerConfigKeys (ConfUtils.java:logGet(43)) - raft.server.log.use.memory = false (default)
2019-09-12 04:03:12,871 [pool-77-thread-1] INFO  server.RaftServerConfigKeys (ConfUtils.java:logGet(43)) - raft.server.log.segment.cache.num.max = 2 (custom)
2019-09-12 04:03:12,871 [pool-67-thread-1] INFO  server.RaftServerConfigKeys (ConfUtils.java:logGet(43)) - raft.server.log.purge.gap = 1000000 (custom)
2019-09-12 04:03:12,871 [pool-77-thread-1] INFO  segmented.SegmentedRaftLogWorker (SegmentedRaftLogWorker.java:<init>(172)) - new d16d800f-a890-4a7a-bda4-5bf97a65c0f2@group-1AC969952D72-SegmentedRaftLogWorker for RaftStorage:Storage Directory /workdir/hadoop-ozone/integration-test/target/test-dir/MiniOzoneClusterImpl-b4fa8ffa-56bc-41b5-8fca-04d9ba132278/datanode-5/data/ratis/26361590-16d5-4f91-996d-1ac969952d72
2019-09-12 04:03:12,871 [pool-57-thread-1] INFO  server.RaftServerConfigKeys (ConfUtils.java:logGet(43)) - raft.server.log.purge.gap = 1000000 (custom)
2019-09-12 04:03:12,872 [pool-77-thread-1] INFO  server.RaftServerConfigKeys (ConfUtils.java:logGet(43)) - raft.server.log.queue.byte-limit = 2147483647 (custom)
2019-09-12 04:03:12,871 [pool-67-thread-1] INFO  server.RaftServerConfigKeys (ConfUtils.java:logGet(43)) - raft.server.log.appender.buffer.byte-limit = 33554432 (custom)
2019-09-12 04:03:12,872 [pool-77-thread-1] INFO  server.RaftServerConfigKeys (ConfUtils.java:logGet(43)) - raft.server.log.queue.element-limit = 1024 (custom)
2019-09-12 04:03:12,872 [pool-57-thread-1] INFO  server.RaftServerConfigKeys (ConfUtils.java:logGet(43)) - raft.server.log.appender.buffer.byte-limit = 33554432 (custom)
2019-09-12 04:03:12,872 [pool-77-thread-1] INFO  server.RaftServerConfigKeys (ConfUtils.java:logGet(43)) - raft.server.log.segment.size.max = 1048576 (custom)
2019-09-12 04:03:12,872 [pool-67-thread-1] INFO  server.RaftServerConfigKeys (ConfUtils.java:logGet(43)) - raft.server.log.segment.size.max = 1048576 (custom)
2019-09-12 04:03:12,873 [pool-77-thread-1] INFO  server.RaftServerConfigKeys (ConfUtils.java:logGet(43)) - raft.server.log.preallocated.size = 16384 (custom)
2019-09-12 04:03:12,872 [pool-57-thread-1] INFO  server.RaftServerConfigKeys (ConfUtils.java:logGet(43)) - raft.server.log.segment.size.max = 1048576 (custom)
2019-09-12 04:03:12,873 [pool-77-thread-1] INFO  server.RaftServerConfigKeys (ConfUtils.java:logGet(43)) - raft.server.log.write.buffer.size = 33554432 (custom)
2019-09-12 04:03:12,873 [pool-67-thread-1] INFO  server.RaftServerConfigKeys (ConfUtils.java:logGet(43)) - raft.server.log.segment.cache.num.max = 2 (custom)
2019-09-12 04:03:12,873 [pool-77-thread-1] INFO  server.RaftServerConfigKeys (ConfUtils.java:logGet(43)) - raft.server.log.force.sync.num = 128 (default)
2019-09-12 04:03:12,873 [pool-57-thread-1] INFO  server.RaftServerConfigKeys (ConfUtils.java:logGet(43)) - raft.server.log.segment.cache.num.max = 2 (custom)
2019-09-12 04:03:12,874 [pool-77-thread-1] INFO  server.RaftServerConfigKeys (ConfUtils.java:logGet(43)) - raft.server.log.statemachine.data.sync = true (default)
2019-09-12 04:03:12,873 [pool-67-thread-1] INFO  segmented.SegmentedRaftLogWorker (SegmentedRaftLogWorker.java:<init>(172)) - new e74ea0f8-bf41-4d93-a1fd-ac84c2b46512@group-1AC969952D72-SegmentedRaftLogWorker for RaftStorage:Storage Directory /workdir/hadoop-ozone/integration-test/target/test-dir/MiniOzoneClusterImpl-b4fa8ffa-56bc-41b5-8fca-04d9ba132278/datanode-4/data/ratis/26361590-16d5-4f91-996d-1ac969952d72
2019-09-12 04:03:12,874 [pool-77-thread-1] INFO  server.RaftServerConfigKeys (ConfUtils.java:logGet(43)) - raft.server.log.statemachine.data.sync.timeout = 10s (default)
2019-09-12 04:03:12,874 [pool-57-thread-1] INFO  segmented.SegmentedRaftLogWorker (SegmentedRaftLogWorker.java:<init>(172)) - new 41a8e196-af5b-4c71-b4d4-8d03270b35a0@group-1AC969952D72-SegmentedRaftLogWorker for RaftStorage:Storage Directory /workdir/hadoop-ozone/integration-test/target/test-dir/MiniOzoneClusterImpl-b4fa8ffa-56bc-41b5-8fca-04d9ba132278/datanode-3/data/ratis/26361590-16d5-4f91-996d-1ac969952d72
2019-09-12 04:03:12,874 [pool-77-thread-1] INFO  server.RaftServerConfigKeys (ConfUtils.java:logGet(43)) - raft.server.log.statemachine.data.sync.timeout.retry = -1 (default)
2019-09-12 04:03:12,874 [pool-67-thread-1] INFO  server.RaftServerConfigKeys (ConfUtils.java:logGet(43)) - raft.server.log.queue.byte-limit = 2147483647 (custom)
2019-09-12 04:03:12,875 [pool-77-thread-1] INFO  server.RaftServerConfigKeys (ConfUtils.java:logGet(43)) - raft.server.log.statemachine.data.caching.enabled = true (custom)
2019-09-12 04:03:12,874 [pool-57-thread-1] INFO  server.RaftServerConfigKeys (ConfUtils.java:logGet(43)) - raft.server.log.queue.byte-limit = 2147483647 (custom)
2019-09-12 04:03:12,875 [pool-67-thread-1] INFO  server.RaftServerConfigKeys (ConfUtils.java:logGet(43)) - raft.server.log.queue.element-limit = 1024 (custom)
2019-09-12 04:03:12,875 [pool-57-thread-1] INFO  server.RaftServerConfigKeys (ConfUtils.java:logGet(43)) - raft.server.log.queue.element-limit = 1024 (custom)
2019-09-12 04:03:12,875 [pool-77-thread-1] INFO  segmented.SegmentedRaftLogWorker (SegmentedRaftLogWorker.java:lambda$new$0(132)) - d16d800f-a890-4a7a-bda4-5bf97a65c0f2@group-1AC969952D72-SegmentedRaftLogWorker: flushIndex: setUnconditionally 0 -> -1
2019-09-12 04:03:12,875 [pool-57-thread-1] INFO  server.RaftServerConfigKeys (ConfUtils.java:logGet(43)) - raft.server.log.segment.size.max = 1048576 (custom)
2019-09-12 04:03:12,875 [pool-67-thread-1] INFO  server.RaftServerConfigKeys (ConfUtils.java:logGet(43)) - raft.server.log.segment.size.max = 1048576 (custom)
2019-09-12 04:03:12,876 [pool-77-thread-1] INFO  server.RaftServerConfigKeys (ConfUtils.java:logGet(43)) - raft.server.snapshot.auto.trigger.enabled = true (custom)
2019-09-12 04:03:12,876 [pool-57-thread-1] INFO  server.RaftServerConfigKeys (ConfUtils.java:logGet(43)) - raft.server.log.preallocated.size = 16384 (custom)
2019-09-12 04:03:12,876 [pool-77-thread-1] INFO  server.RaftServerConfigKeys (ConfUtils.java:logGet(43)) - raft.server.snapshot.auto.trigger.threshold = 10000 (custom)
2019-09-12 04:03:12,876 [pool-67-thread-1] INFO  server.RaftServerConfigKeys (ConfUtils.java:logGet(43)) - raft.server.log.preallocated.size = 16384 (custom)
2019-09-12 04:03:12,876 [pool-77-thread-1] INFO  server.RaftServerConfigKeys (ConfUtils.java:logGet(43)) - raft.server.snapshot.retention.num.files = -1 (default)
2019-09-12 04:03:12,876 [pool-57-thread-1] INFO  server.RaftServerConfigKeys (ConfUtils.java:logGet(43)) - raft.server.log.write.buffer.size = 33554432 (custom)
2019-09-12 04:03:12,877 [pool-77-thread-1] INFO  server.RaftServerConfigKeys (ConfUtils.java:logGet(43)) - raft.server.retrycache.expirytime = 600000ms (custom)
2019-09-12 04:03:12,876 [pool-67-thread-1] INFO  server.RaftServerConfigKeys (ConfUtils.java:logGet(43)) - raft.server.log.write.buffer.size = 33554432 (custom)
2019-09-12 04:03:12,877 [pool-57-thread-1] INFO  server.RaftServerConfigKeys (ConfUtils.java:logGet(43)) - raft.server.log.force.sync.num = 128 (default)
2019-09-12 04:03:12,877 [pool-67-thread-1] INFO  server.RaftServerConfigKeys (ConfUtils.java:logGet(43)) - raft.server.log.force.sync.num = 128 (default)
2019-09-12 04:03:12,877 [pool-57-thread-1] INFO  server.RaftServerConfigKeys (ConfUtils.java:logGet(43)) - raft.server.log.statemachine.data.sync = true (default)
2019-09-12 04:03:12,877 [pool-67-thread-1] INFO  server.RaftServerConfigKeys (ConfUtils.java:logGet(43)) - raft.server.log.statemachine.data.sync = true (default)
2019-09-12 04:03:12,878 [pool-57-thread-1] INFO  server.RaftServerConfigKeys (ConfUtils.java:logGet(43)) - raft.server.log.statemachine.data.sync.timeout = 10s (default)
2019-09-12 04:03:12,878 [pool-67-thread-1] INFO  server.RaftServerConfigKeys (ConfUtils.java:logGet(43)) - raft.server.log.statemachine.data.sync.timeout = 10s (default)
2019-09-12 04:03:12,878 [pool-57-thread-1] INFO  server.RaftServerConfigKeys (ConfUtils.java:logGet(43)) - raft.server.log.statemachine.data.sync.timeout.retry = -1 (default)
2019-09-12 04:03:12,878 [pool-67-thread-1] INFO  server.RaftServerConfigKeys (ConfUtils.java:logGet(43)) - raft.server.log.statemachine.data.sync.timeout.retry = -1 (default)
2019-09-12 04:03:12,878 [pool-57-thread-1] INFO  server.RaftServerConfigKeys (ConfUtils.java:logGet(43)) - raft.server.log.statemachine.data.caching.enabled = true (custom)
2019-09-12 04:03:12,878 [pool-67-thread-1] INFO  server.RaftServerConfigKeys (ConfUtils.java:logGet(43)) - raft.server.log.statemachine.data.caching.enabled = true (custom)
2019-09-12 04:03:12,879 [pool-57-thread-1] INFO  segmented.SegmentedRaftLogWorker (SegmentedRaftLogWorker.java:lambda$new$0(132)) - 41a8e196-af5b-4c71-b4d4-8d03270b35a0@group-1AC969952D72-SegmentedRaftLogWorker: flushIndex: setUnconditionally 0 -> -1
2019-09-12 04:03:12,879 [pool-67-thread-1] INFO  segmented.SegmentedRaftLogWorker (SegmentedRaftLogWorker.java:lambda$new$0(132)) - e74ea0f8-bf41-4d93-a1fd-ac84c2b46512@group-1AC969952D72-SegmentedRaftLogWorker: flushIndex: setUnconditionally 0 -> -1
2019-09-12 04:03:12,879 [pool-57-thread-1] INFO  server.RaftServerConfigKeys (ConfUtils.java:logGet(43)) - raft.server.snapshot.auto.trigger.enabled = true (custom)
2019-09-12 04:03:12,879 [pool-67-thread-1] INFO  server.RaftServerConfigKeys (ConfUtils.java:logGet(43)) - raft.server.snapshot.auto.trigger.enabled = true (custom)
2019-09-12 04:03:12,879 [pool-57-thread-1] INFO  server.RaftServerConfigKeys (ConfUtils.java:logGet(43)) - raft.server.snapshot.auto.trigger.threshold = 10000 (custom)
2019-09-12 04:03:12,879 [pool-67-thread-1] INFO  server.RaftServerConfigKeys (ConfUtils.java:logGet(43)) - raft.server.snapshot.auto.trigger.threshold = 10000 (custom)
2019-09-12 04:03:12,880 [pool-57-thread-1] INFO  server.RaftServerConfigKeys (ConfUtils.java:logGet(43)) - raft.server.snapshot.retention.num.files = -1 (default)
2019-09-12 04:03:12,880 [pool-67-thread-1] INFO  server.RaftServerConfigKeys (ConfUtils.java:logGet(43)) - raft.server.snapshot.retention.num.files = -1 (default)
2019-09-12 04:03:12,880 [pool-57-thread-1] INFO  server.RaftServerConfigKeys (ConfUtils.java:logGet(43)) - raft.server.retrycache.expirytime = 600000ms (custom)
2019-09-12 04:03:12,880 [pool-67-thread-1] INFO  server.RaftServerConfigKeys (ConfUtils.java:logGet(43)) - raft.server.retrycache.expirytime = 600000ms (custom)
2019-09-12 04:03:12,881 [pool-77-thread-1] INFO  impl.RaftServerImpl (RaftServerImpl.java:start(185)) - d16d800f-a890-4a7a-bda4-5bf97a65c0f2@group-1AC969952D72: start as a follower, conf=-1: [41a8e196-af5b-4c71-b4d4-8d03270b35a0:192.168.34.8:36221, e74ea0f8-bf41-4d93-a1fd-ac84c2b46512:192.168.34.8:33824, d16d800f-a890-4a7a-bda4-5bf97a65c0f2:192.168.34.8:33400], old=null
2019-09-12 04:03:12,881 [pool-77-thread-1] INFO  impl.RaftServerImpl (RaftServerImpl.java:setRole(174)) - d16d800f-a890-4a7a-bda4-5bf97a65c0f2@group-1AC969952D72: changes role from      null to FOLLOWER at term 0 for startAsFollower
2019-09-12 04:03:12,882 [pool-77-thread-1] INFO  impl.RoleInfo (RoleInfo.java:updateAndGet(143)) - d16d800f-a890-4a7a-bda4-5bf97a65c0f2: start FollowerState
2019-09-12 04:03:12,882 [pool-77-thread-1] INFO  util.JmxRegister (JmxRegister.java:tryRegister(44)) - Successfully registered JMX Bean with object name Ratis:service=RaftServer,group=group-1AC969952D72,id=d16d800f-a890-4a7a-bda4-5bf97a65c0f2
2019-09-12 04:03:12,887 [pool-57-thread-1] INFO  impl.RaftServerImpl (RaftServerImpl.java:start(185)) - 41a8e196-af5b-4c71-b4d4-8d03270b35a0@group-1AC969952D72: start as a follower, conf=-1: [41a8e196-af5b-4c71-b4d4-8d03270b35a0:192.168.34.8:36221, e74ea0f8-bf41-4d93-a1fd-ac84c2b46512:192.168.34.8:33824, d16d800f-a890-4a7a-bda4-5bf97a65c0f2:192.168.34.8:33400], old=null
2019-09-12 04:03:12,887 [pool-57-thread-1] INFO  impl.RaftServerImpl (RaftServerImpl.java:setRole(174)) - 41a8e196-af5b-4c71-b4d4-8d03270b35a0@group-1AC969952D72: changes role from      null to FOLLOWER at term 0 for startAsFollower
2019-09-12 04:03:12,887 [pool-57-thread-1] INFO  impl.RoleInfo (RoleInfo.java:updateAndGet(143)) - 41a8e196-af5b-4c71-b4d4-8d03270b35a0: start FollowerState
2019-09-12 04:03:12,887 [pool-67-thread-1] INFO  impl.RaftServerImpl (RaftServerImpl.java:start(185)) - e74ea0f8-bf41-4d93-a1fd-ac84c2b46512@group-1AC969952D72: start as a follower, conf=-1: [41a8e196-af5b-4c71-b4d4-8d03270b35a0:192.168.34.8:36221, e74ea0f8-bf41-4d93-a1fd-ac84c2b46512:192.168.34.8:33824, d16d800f-a890-4a7a-bda4-5bf97a65c0f2:192.168.34.8:33400], old=null
2019-09-12 04:03:12,887 [pool-67-thread-1] INFO  impl.RaftServerImpl (RaftServerImpl.java:setRole(174)) - e74ea0f8-bf41-4d93-a1fd-ac84c2b46512@group-1AC969952D72: changes role from      null to FOLLOWER at term 0 for startAsFollower
2019-09-12 04:03:12,888 [pool-57-thread-1] INFO  util.JmxRegister (JmxRegister.java:tryRegister(44)) - Successfully registered JMX Bean with object name Ratis:service=RaftServer,group=group-1AC969952D72,id=41a8e196-af5b-4c71-b4d4-8d03270b35a0
2019-09-12 04:03:12,888 [pool-67-thread-1] INFO  impl.RoleInfo (RoleInfo.java:updateAndGet(143)) - e74ea0f8-bf41-4d93-a1fd-ac84c2b46512: start FollowerState
2019-09-12 04:03:12,888 [pool-67-thread-1] INFO  util.JmxRegister (JmxRegister.java:tryRegister(44)) - Successfully registered JMX Bean with object name Ratis:service=RaftServer,group=group-1AC969952D72,id=e74ea0f8-bf41-4d93-a1fd-ac84c2b46512
2019-09-12 04:03:12,895 [RatisPipelineUtilsThread] INFO  pipeline.PipelineStateManager (PipelineStateManager.java:addPipeline(56)) - Created pipeline Pipeline[ Id: 26361590-16d5-4f91-996d-1ac969952d72, Nodes: d16d800f-a890-4a7a-bda4-5bf97a65c0f2{ip: 192.168.34.8, host: pr-hdds-1879-pbs75-1821932185, networkLocation: /default-rack, certSerialId: null}41a8e196-af5b-4c71-b4d4-8d03270b35a0{ip: 192.168.34.8, host: pr-hdds-1879-pbs75-1821932185, networkLocation: /default-rack, certSerialId: null}e74ea0f8-bf41-4d93-a1fd-ac84c2b46512{ip: 192.168.34.8, host: pr-hdds-1879-pbs75-1821932185, networkLocation: /default-rack, certSerialId: null}, Type:RATIS, Factor:THREE, State:OPEN]
2019-09-12 04:03:13,522 [grpc-default-executor-7] INFO  impl.RaftServerProxy (RaftServerProxy.java:remove(95)) - d16d800f-a890-4a7a-bda4-5bf97a65c0f2: remove group-7A1668DFAB34:null
2019-09-12 04:03:13,533 [RatisPipelineUtilsThread] WARN  pipeline.RatisPipelineUtils (RatisPipelineUtils.java:destroyPipeline(66)) - Pipeline destroy failed for pipeline=PipelineID=73e48434-27c3-4c74-96c6-7a1668dfab34 dn=d16d800f-a890-4a7a-bda4-5bf97a65c0f2{ip: 192.168.34.8, host: pr-hdds-1879-pbs75-1821932185, networkLocation: /default-rack, certSerialId: null}
2019-09-12 04:03:13,539 [grpc-default-executor-7] INFO  impl.RaftServerProxy (RaftServerProxy.java:remove(95)) - 41a8e196-af5b-4c71-b4d4-8d03270b35a0: remove group-7A1668DFAB34:null
2019-09-12 04:03:13,547 [RatisPipelineUtilsThread] WARN  pipeline.RatisPipelineUtils (RatisPipelineUtils.java:destroyPipeline(66)) - Pipeline destroy failed for pipeline=PipelineID=73e48434-27c3-4c74-96c6-7a1668dfab34 dn=41a8e196-af5b-4c71-b4d4-8d03270b35a0{ip: 192.168.34.8, host: pr-hdds-1879-pbs75-1821932185, networkLocation: /default-rack, certSerialId: null}
2019-09-12 04:03:13,553 [grpc-default-executor-7] INFO  impl.RaftServerProxy (RaftServerProxy.java:remove(95)) - e74ea0f8-bf41-4d93-a1fd-ac84c2b46512: remove group-7A1668DFAB34:null
2019-09-12 04:03:13,561 [RatisPipelineUtilsThread] WARN  pipeline.RatisPipelineUtils (RatisPipelineUtils.java:destroyPipeline(66)) - Pipeline destroy failed for pipeline=PipelineID=73e48434-27c3-4c74-96c6-7a1668dfab34 dn=e74ea0f8-bf41-4d93-a1fd-ac84c2b46512{ip: 192.168.34.8, host: pr-hdds-1879-pbs75-1821932185, networkLocation: /default-rack, certSerialId: null}
2019-09-12 04:03:13,561 [RatisPipelineUtilsThread] ERROR pipeline.SCMPipelineManager (Scheduler.java:lambda$schedule$1(70)) - Destroy pipeline failed for pipeline:Pipeline[ Id: 73e48434-27c3-4c74-96c6-7a1668dfab34, Nodes: d16d800f-a890-4a7a-bda4-5bf97a65c0f2{ip: 192.168.34.8, host: pr-hdds-1879-pbs75-1821932185, networkLocation: /default-rack, certSerialId: null}41a8e196-af5b-4c71-b4d4-8d03270b35a0{ip: 192.168.34.8, host: pr-hdds-1879-pbs75-1821932185, networkLocation: /default-rack, certSerialId: null}e74ea0f8-bf41-4d93-a1fd-ac84c2b46512{ip: 192.168.34.8, host: pr-hdds-1879-pbs75-1821932185, networkLocation: /default-rack, certSerialId: null}, Type:RATIS, Factor:THREE, State:CLOSED]
org.apache.hadoop.hdds.scm.pipeline.PipelineNotFoundException: PipelineID=73e48434-27c3-4c74-96c6-7a1668dfab34 not found
	at org.apache.hadoop.hdds.scm.pipeline.PipelineStateMap.getPipeline(PipelineStateMap.java:132)
	at org.apache.hadoop.hdds.scm.pipeline.PipelineStateMap.removePipeline(PipelineStateMap.java:322)
	at org.apache.hadoop.hdds.scm.pipeline.PipelineStateManager.removePipeline(PipelineStateManager.java:107)
	at org.apache.hadoop.hdds.scm.pipeline.SCMPipelineManager.removePipeline(SCMPipelineManager.java:423)
	at org.apache.hadoop.hdds.scm.pipeline.SCMPipelineManager.destroyPipeline(SCMPipelineManager.java:409)
	at org.apache.hadoop.hdds.scm.pipeline.SCMPipelineManager.lambda$finalizeAndDestroyPipeline$0(SCMPipelineManager.java:318)
	at org.apache.hadoop.utils.Scheduler.lambda$schedule$1(Scheduler.java:68)
	at java.util.concurrent.Executors$RunnableAdapter.call(Executors.java:511)
	at java.util.concurrent.FutureTask.run(FutureTask.java:266)
	at java.util.concurrent.ScheduledThreadPoolExecutor$ScheduledFutureTask.access$201(ScheduledThreadPoolExecutor.java:180)
	at java.util.concurrent.ScheduledThreadPoolExecutor$ScheduledFutureTask.run(ScheduledThreadPoolExecutor.java:293)
	at java.util.concurrent.ThreadPoolExecutor.runWorker(ThreadPoolExecutor.java:1149)
	at java.util.concurrent.ThreadPoolExecutor$Worker.run(ThreadPoolExecutor.java:624)
	at java.lang.Thread.run(Thread.java:748)
2019-09-12 04:03:15,441 [java.util.concurrent.ThreadPoolExecutor$Worker@76a00050[State = -1, empty queue]] WARN  server.GrpcLogAppender (GrpcLogAppender.java:timeoutAppendRequest(200)) - cfbaf9ff-a5d2-4350-abbf-bcb1aefbe8d3@group-F484CCC1AA7A->826a4c15-f032-4805-8cf4-5e11fe4a99d7-GrpcLogAppender: appendEntries Timeout, request=cfbaf9ff-a5d2-4350-abbf-bcb1aefbe8d3->826a4c15-f032-4805-8cf4-5e11fe4a99d7#92-t1, previous=(t:1, i:16), leaderCommit=16, initializing? false, entries: size=1, first=(t:1, i:17), STATEMACHINELOGENTRY, client-EFFAA1C83E3D, cid=30
2019-09-12 04:03:15,441 [java.util.concurrent.ThreadPoolExecutor$Worker@4b834a8d[State = -1, empty queue]] WARN  server.GrpcLogAppender (GrpcLogAppender.java:timeoutAppendRequest(200)) - cfbaf9ff-a5d2-4350-abbf-bcb1aefbe8d3@group-F484CCC1AA7A->fc0aded7-5090-49ad-a6b0-e16cfe155c18-GrpcLogAppender: appendEntries Timeout, request=cfbaf9ff-a5d2-4350-abbf-bcb1aefbe8d3->fc0aded7-5090-49ad-a6b0-e16cfe155c18#92-t1, previous=(t:1, i:16), leaderCommit=16, initializing? false, entries: size=1, first=(t:1, i:17), STATEMACHINELOGENTRY, client-EFFAA1C83E3D, cid=30
2019-09-12 04:03:15,442 [java.util.concurrent.ThreadPoolExecutor$Worker@76a00050[State = -1, empty queue]] WARN  server.GrpcLogAppender (GrpcLogAppender.java:timeoutAppendRequest(200)) - cfbaf9ff-a5d2-4350-abbf-bcb1aefbe8d3@group-F484CCC1AA7A->826a4c15-f032-4805-8cf4-5e11fe4a99d7-GrpcLogAppender: appendEntries Timeout, request=cfbaf9ff-a5d2-4350-abbf-bcb1aefbe8d3->826a4c15-f032-4805-8cf4-5e11fe4a99d7#93-t1, previous=(t:1, i:17), leaderCommit=16, initializing? false, entries: size=1, first=(t:1, i:18), STATEMACHINELOGENTRY, client-EFFAA1C83E3D, cid=31
2019-09-12 04:03:15,442 [java.util.concurrent.ThreadPoolExecutor$Worker@4b834a8d[State = -1, empty queue]] WARN  server.GrpcLogAppender (GrpcLogAppender.java:timeoutAppendRequest(200)) - cfbaf9ff-a5d2-4350-abbf-bcb1aefbe8d3@group-F484CCC1AA7A->fc0aded7-5090-49ad-a6b0-e16cfe155c18-GrpcLogAppender: appendEntries Timeout, request=cfbaf9ff-a5d2-4350-abbf-bcb1aefbe8d3->fc0aded7-5090-49ad-a6b0-e16cfe155c18#93-t1, previous=(t:1, i:17), leaderCommit=16, initializing? false, entries: size=1, first=(t:1, i:18), STATEMACHINELOGENTRY, client-EFFAA1C83E3D, cid=31
2019-09-12 04:03:15,442 [java.util.concurrent.ThreadPoolExecutor$Worker@76a00050[State = -1, empty queue]] WARN  server.GrpcLogAppender (GrpcLogAppender.java:timeoutAppendRequest(200)) - cfbaf9ff-a5d2-4350-abbf-bcb1aefbe8d3@group-F484CCC1AA7A->826a4c15-f032-4805-8cf4-5e11fe4a99d7-GrpcLogAppender: appendEntries Timeout, request=cfbaf9ff-a5d2-4350-abbf-bcb1aefbe8d3->826a4c15-f032-4805-8cf4-5e11fe4a99d7#94-t1, previous=(t:1, i:18), leaderCommit=16, initializing? false, entries: size=1, first=(t:1, i:19), STATEMACHINELOGENTRY, client-EFFAA1C83E3D, cid=32
2019-09-12 04:03:15,442 [java.util.concurrent.ThreadPoolExecutor$Worker@4b834a8d[State = -1, empty queue]] WARN  server.GrpcLogAppender (GrpcLogAppender.java:timeoutAppendRequest(200)) - cfbaf9ff-a5d2-4350-abbf-bcb1aefbe8d3@group-F484CCC1AA7A->fc0aded7-5090-49ad-a6b0-e16cfe155c18-GrpcLogAppender: appendEntries Timeout, request=cfbaf9ff-a5d2-4350-abbf-bcb1aefbe8d3->fc0aded7-5090-49ad-a6b0-e16cfe155c18#94-t1, previous=(t:1, i:18), leaderCommit=16, initializing? false, entries: size=1, first=(t:1, i:19), STATEMACHINELOGENTRY, client-EFFAA1C83E3D, cid=32
2019-09-12 04:03:15,444 [java.util.concurrent.ThreadPoolExecutor$Worker@76a00050[State = -1, empty queue]] WARN  server.GrpcLogAppender (GrpcLogAppender.java:timeoutAppendRequest(200)) - cfbaf9ff-a5d2-4350-abbf-bcb1aefbe8d3@group-F484CCC1AA7A->826a4c15-f032-4805-8cf4-5e11fe4a99d7-GrpcLogAppender: appendEntries Timeout, request=cfbaf9ff-a5d2-4350-abbf-bcb1aefbe8d3->826a4c15-f032-4805-8cf4-5e11fe4a99d7#95-t1, previous=(t:1, i:19), leaderCommit=16, initializing? false, entries: size=1, first=(t:1, i:20), STATEMACHINELOGENTRY, client-EFFAA1C83E3D, cid=33
2019-09-12 04:03:15,444 [java.util.concurrent.ThreadPoolExecutor$Worker@4b834a8d[State = -1, empty queue]] WARN  server.GrpcLogAppender (GrpcLogAppender.java:timeoutAppendRequest(200)) - cfbaf9ff-a5d2-4350-abbf-bcb1aefbe8d3@group-F484CCC1AA7A->fc0aded7-5090-49ad-a6b0-e16cfe155c18-GrpcLogAppender: appendEntries Timeout, request=cfbaf9ff-a5d2-4350-abbf-bcb1aefbe8d3->fc0aded7-5090-49ad-a6b0-e16cfe155c18#95-t1, previous=(t:1, i:19), leaderCommit=16, initializing? false, entries: size=1, first=(t:1, i:20), STATEMACHINELOGENTRY, client-EFFAA1C83E3D, cid=33
2019-09-12 04:03:15,445 [java.util.concurrent.ThreadPoolExecutor$Worker@76a00050[State = -1, empty queue]] WARN  server.GrpcLogAppender (GrpcLogAppender.java:timeoutAppendRequest(200)) - cfbaf9ff-a5d2-4350-abbf-bcb1aefbe8d3@group-F484CCC1AA7A->826a4c15-f032-4805-8cf4-5e11fe4a99d7-GrpcLogAppender: appendEntries Timeout, request=cfbaf9ff-a5d2-4350-abbf-bcb1aefbe8d3->826a4c15-f032-4805-8cf4-5e11fe4a99d7#96-t1, previous=(t:1, i:20), leaderCommit=16, initializing? false, entries: size=1, first=(t:1, i:21), STATEMACHINELOGENTRY, client-EFFAA1C83E3D, cid=34
2019-09-12 04:03:15,445 [java.util.concurrent.ThreadPoolExecutor$Worker@4b834a8d[State = -1, empty queue]] WARN  server.GrpcLogAppender (GrpcLogAppender.java:timeoutAppendRequest(200)) - cfbaf9ff-a5d2-4350-abbf-bcb1aefbe8d3@group-F484CCC1AA7A->fc0aded7-5090-49ad-a6b0-e16cfe155c18-GrpcLogAppender: appendEntries Timeout, request=cfbaf9ff-a5d2-4350-abbf-bcb1aefbe8d3->fc0aded7-5090-49ad-a6b0-e16cfe155c18#96-t1, previous=(t:1, i:20), leaderCommit=16, initializing? false, entries: size=1, first=(t:1, i:21), STATEMACHINELOGENTRY, client-EFFAA1C83E3D, cid=34
2019-09-12 04:03:15,445 [java.util.concurrent.ThreadPoolExecutor$Worker@76a00050[State = -1, empty queue]] WARN  server.GrpcLogAppender (GrpcLogAppender.java:timeoutAppendRequest(200)) - cfbaf9ff-a5d2-4350-abbf-bcb1aefbe8d3@group-F484CCC1AA7A->826a4c15-f032-4805-8cf4-5e11fe4a99d7-GrpcLogAppender: appendEntries Timeout, request=cfbaf9ff-a5d2-4350-abbf-bcb1aefbe8d3->826a4c15-f032-4805-8cf4-5e11fe4a99d7#97-t1, previous=(t:1, i:21), leaderCommit=16, initializing? false, entries: size=1, first=(t:1, i:22), STATEMACHINELOGENTRY, client-EFFAA1C83E3D, cid=35
2019-09-12 04:03:15,445 [java.util.concurrent.ThreadPoolExecutor$Worker@4b834a8d[State = -1, empty queue]] WARN  server.GrpcLogAppender (GrpcLogAppender.java:timeoutAppendRequest(200)) - cfbaf9ff-a5d2-4350-abbf-bcb1aefbe8d3@group-F484CCC1AA7A->fc0aded7-5090-49ad-a6b0-e16cfe155c18-GrpcLogAppender: appendEntries Timeout, request=cfbaf9ff-a5d2-4350-abbf-bcb1aefbe8d3->fc0aded7-5090-49ad-a6b0-e16cfe155c18#97-t1, previous=(t:1, i:21), leaderCommit=16, initializing? false, entries: size=1, first=(t:1, i:22), STATEMACHINELOGENTRY, client-EFFAA1C83E3D, cid=35
2019-09-12 04:03:15,525 [grpc-default-executor-6] INFO  impl.RaftServerProxy (RaftServerProxy.java:remove(95)) - d16d800f-a890-4a7a-bda4-5bf97a65c0f2: remove group-7A1668DFAB34:null
2019-09-12 04:03:15,547 [RatisPipelineUtilsThread] WARN  pipeline.RatisPipelineUtils (RatisPipelineUtils.java:destroyPipeline(66)) - Pipeline destroy failed for pipeline=PipelineID=73e48434-27c3-4c74-96c6-7a1668dfab34 dn=d16d800f-a890-4a7a-bda4-5bf97a65c0f2{ip: 192.168.34.8, host: pr-hdds-1879-pbs75-1821932185, networkLocation: /default-rack, certSerialId: null}
2019-09-12 04:03:15,553 [grpc-default-executor-6] INFO  impl.RaftServerProxy (RaftServerProxy.java:remove(95)) - 41a8e196-af5b-4c71-b4d4-8d03270b35a0: remove group-7A1668DFAB34:null
2019-09-12 04:03:15,562 [RatisPipelineUtilsThread] WARN  pipeline.RatisPipelineUtils (RatisPipelineUtils.java:destroyPipeline(66)) - Pipeline destroy failed for pipeline=PipelineID=73e48434-27c3-4c74-96c6-7a1668dfab34 dn=41a8e196-af5b-4c71-b4d4-8d03270b35a0{ip: 192.168.34.8, host: pr-hdds-1879-pbs75-1821932185, networkLocation: /default-rack, certSerialId: null}
2019-09-12 04:03:15,574 [grpc-default-executor-6] INFO  impl.RaftServerProxy (RaftServerProxy.java:remove(95)) - e74ea0f8-bf41-4d93-a1fd-ac84c2b46512: remove group-7A1668DFAB34:null
2019-09-12 04:03:15,582 [RatisPipelineUtilsThread] WARN  pipeline.RatisPipelineUtils (RatisPipelineUtils.java:destroyPipeline(66)) - Pipeline destroy failed for pipeline=PipelineID=73e48434-27c3-4c74-96c6-7a1668dfab34 dn=e74ea0f8-bf41-4d93-a1fd-ac84c2b46512{ip: 192.168.34.8, host: pr-hdds-1879-pbs75-1821932185, networkLocation: /default-rack, certSerialId: null}
2019-09-12 04:03:15,582 [RatisPipelineUtilsThread] ERROR pipeline.SCMPipelineManager (Scheduler.java:lambda$schedule$1(70)) - Destroy pipeline failed for pipeline:Pipeline[ Id: 73e48434-27c3-4c74-96c6-7a1668dfab34, Nodes: d16d800f-a890-4a7a-bda4-5bf97a65c0f2{ip: 192.168.34.8, host: pr-hdds-1879-pbs75-1821932185, networkLocation: /default-rack, certSerialId: null}41a8e196-af5b-4c71-b4d4-8d03270b35a0{ip: 192.168.34.8, host: pr-hdds-1879-pbs75-1821932185, networkLocation: /default-rack, certSerialId: null}e74ea0f8-bf41-4d93-a1fd-ac84c2b46512{ip: 192.168.34.8, host: pr-hdds-1879-pbs75-1821932185, networkLocation: /default-rack, certSerialId: null}, Type:RATIS, Factor:THREE, State:CLOSED]
org.apache.hadoop.hdds.scm.pipeline.PipelineNotFoundException: PipelineID=73e48434-27c3-4c74-96c6-7a1668dfab34 not found
	at org.apache.hadoop.hdds.scm.pipeline.PipelineStateMap.getPipeline(PipelineStateMap.java:132)
	at org.apache.hadoop.hdds.scm.pipeline.PipelineStateMap.removePipeline(PipelineStateMap.java:322)
	at org.apache.hadoop.hdds.scm.pipeline.PipelineStateManager.removePipeline(PipelineStateManager.java:107)
	at org.apache.hadoop.hdds.scm.pipeline.SCMPipelineManager.removePipeline(SCMPipelineManager.java:423)
	at org.apache.hadoop.hdds.scm.pipeline.SCMPipelineManager.destroyPipeline(SCMPipelineManager.java:409)
	at org.apache.hadoop.hdds.scm.pipeline.SCMPipelineManager.lambda$finalizeAndDestroyPipeline$0(SCMPipelineManager.java:318)
	at org.apache.hadoop.utils.Scheduler.lambda$schedule$1(Scheduler.java:68)
	at java.util.concurrent.Executors$RunnableAdapter.call(Executors.java:511)
	at java.util.concurrent.FutureTask.run(FutureTask.java:266)
	at java.util.concurrent.ScheduledThreadPoolExecutor$ScheduledFutureTask.access$201(ScheduledThreadPoolExecutor.java:180)
	at java.util.concurrent.ScheduledThreadPoolExecutor$ScheduledFutureTask.run(ScheduledThreadPoolExecutor.java:293)
	at java.util.concurrent.ThreadPoolExecutor.runWorker(ThreadPoolExecutor.java:1149)
	at java.util.concurrent.ThreadPoolExecutor$Worker.run(ThreadPoolExecutor.java:624)
	at java.lang.Thread.run(Thread.java:748)
2019-09-12 04:03:17,473 [grpc-default-executor-6] INFO  client.GrpcClientProtocolClient (GrpcClientProtocolClient.java:onNext(264)) - client-EFFAA1C83E3D->fc0aded7-5090-49ad-a6b0-e16cfe155c18: receive RaftClientReply:client-EFFAA1C83E3D->fc0aded7-5090-49ad-a6b0-e16cfe155c18@group-F484CCC1AA7A, cid=30, FAILED org.apache.ratis.protocol.NotLeaderException: Server fc0aded7-5090-49ad-a6b0-e16cfe155c18@group-F484CCC1AA7A is not the leader cfbaf9ff-a5d2-4350-abbf-bcb1aefbe8d3:192.168.34.8:40308, logIndex=0, commits[fc0aded7-5090-49ad-a6b0-e16cfe155c18:c16, 826a4c15-f032-4805-8cf4-5e11fe4a99d7:c14, cfbaf9ff-a5d2-4350-abbf-bcb1aefbe8d3:c16]
2019-09-12 04:03:17,885 [Thread-859] INFO  impl.FollowerState (FollowerState.java:run(106)) - d16d800f-a890-4a7a-bda4-5bf97a65c0f2:group-1AC969952D72 changes to CANDIDATE, lastRpcTime:5003, electionTimeout:5003ms
2019-09-12 04:03:17,886 [Thread-859] INFO  impl.RoleInfo (RoleInfo.java:shutdownFollowerState(121)) - d16d800f-a890-4a7a-bda4-5bf97a65c0f2: shutdown FollowerState
2019-09-12 04:03:17,886 [Thread-859] INFO  impl.RaftServerImpl (RaftServerImpl.java:setRole(174)) - d16d800f-a890-4a7a-bda4-5bf97a65c0f2@group-1AC969952D72: changes role from  FOLLOWER to CANDIDATE at term 0 for changeToCandidate
2019-09-12 04:03:17,886 [Thread-859] INFO  impl.RoleInfo (RoleInfo.java:updateAndGet(143)) - d16d800f-a890-4a7a-bda4-5bf97a65c0f2: start LeaderElection
2019-09-12 04:03:17,936 [d16d800f-a890-4a7a-bda4-5bf97a65c0f2@group-1AC969952D72:LeaderElection12] INFO  impl.LeaderElection (LeaderElection.java:askForVotes(182)) - d16d800f-a890-4a7a-bda4-5bf97a65c0f2@group-1AC969952D72:LeaderElection12: begin an election at term 1 for -1: [41a8e196-af5b-4c71-b4d4-8d03270b35a0:192.168.34.8:36221, e74ea0f8-bf41-4d93-a1fd-ac84c2b46512:192.168.34.8:33824, d16d800f-a890-4a7a-bda4-5bf97a65c0f2:192.168.34.8:33400], old=null
2019-09-12 04:03:17,947 [grpc-default-executor-6] INFO  impl.RaftServerImpl (RaftServerImpl.java:setRole(174)) - e74ea0f8-bf41-4d93-a1fd-ac84c2b46512@group-1AC969952D72: changes role from  FOLLOWER to FOLLOWER at term 1 for recognizeCandidate:d16d800f-a890-4a7a-bda4-5bf97a65c0f2
2019-09-12 04:03:17,947 [java.util.concurrent.ThreadPoolExecutor$Worker@76a00050[State = -1, empty queue]] WARN  server.GrpcLogAppender (GrpcLogAppender.java:timeoutAppendRequest(200)) - cfbaf9ff-a5d2-4350-abbf-bcb1aefbe8d3@group-F484CCC1AA7A->826a4c15-f032-4805-8cf4-5e11fe4a99d7-GrpcLogAppender: appendEntries Timeout, request=cfbaf9ff-a5d2-4350-abbf-bcb1aefbe8d3->826a4c15-f032-4805-8cf4-5e11fe4a99d7#98-t1, previous=(t:1, i:22), leaderCommit=16, initializing? false, entries: <empty>
2019-09-12 04:03:17,947 [grpc-default-executor-6] INFO  impl.RoleInfo (RoleInfo.java:shutdownFollowerState(121)) - e74ea0f8-bf41-4d93-a1fd-ac84c2b46512: shutdown FollowerState
2019-09-12 04:03:17,947 [java.util.concurrent.ThreadPoolExecutor$Worker@4b834a8d[State = -1, empty queue]] WARN  server.GrpcLogAppender (GrpcLogAppender.java:timeoutAppendRequest(200)) - cfbaf9ff-a5d2-4350-abbf-bcb1aefbe8d3@group-F484CCC1AA7A->fc0aded7-5090-49ad-a6b0-e16cfe155c18-GrpcLogAppender: appendEntries Timeout, request=cfbaf9ff-a5d2-4350-abbf-bcb1aefbe8d3->fc0aded7-5090-49ad-a6b0-e16cfe155c18#98-t1, previous=(t:1, i:22), leaderCommit=16, initializing? false, entries: <empty>
2019-09-12 04:03:17,952 [Thread-862] INFO  impl.FollowerState (FollowerState.java:run(115)) - e74ea0f8-bf41-4d93-a1fd-ac84c2b46512: FollowerState was interrupted: java.lang.InterruptedException: sleep interrupted
2019-09-12 04:03:17,952 [grpc-default-executor-6] INFO  impl.RoleInfo (RoleInfo.java:updateAndGet(143)) - e74ea0f8-bf41-4d93-a1fd-ac84c2b46512: start FollowerState
2019-09-12 04:03:17,952 [grpc-default-executor-7] INFO  impl.RaftServerImpl (RaftServerImpl.java:setRole(174)) - 41a8e196-af5b-4c71-b4d4-8d03270b35a0@group-1AC969952D72: changes role from  FOLLOWER to FOLLOWER at term 1 for recognizeCandidate:d16d800f-a890-4a7a-bda4-5bf97a65c0f2
2019-09-12 04:03:17,955 [grpc-default-executor-7] INFO  impl.RoleInfo (RoleInfo.java:shutdownFollowerState(121)) - 41a8e196-af5b-4c71-b4d4-8d03270b35a0: shutdown FollowerState
2019-09-12 04:03:17,955 [grpc-default-executor-7] INFO  impl.RoleInfo (RoleInfo.java:updateAndGet(143)) - 41a8e196-af5b-4c71-b4d4-8d03270b35a0: start FollowerState
2019-09-12 04:03:17,956 [Thread-861] INFO  impl.FollowerState (FollowerState.java:run(115)) - 41a8e196-af5b-4c71-b4d4-8d03270b35a0: FollowerState was interrupted: java.lang.InterruptedException: sleep interrupted
2019-09-12 04:03:18,027 [d16d800f-a890-4a7a-bda4-5bf97a65c0f2@group-1AC969952D72:LeaderElection12] INFO  impl.LeaderElection (LeaderElection.java:logAndReturn(56)) - d16d800f-a890-4a7a-bda4-5bf97a65c0f2@group-1AC969952D72:LeaderElection12: Election PASSED; received 1 response(s) [d16d800f-a890-4a7a-bda4-5bf97a65c0f2<-41a8e196-af5b-4c71-b4d4-8d03270b35a0#0:OK-t1] and 0 exception(s); d16d800f-a890-4a7a-bda4-5bf97a65c0f2@group-1AC969952D72:t1, leader=null, voted=d16d800f-a890-4a7a-bda4-5bf97a65c0f2, raftlog=d16d800f-a890-4a7a-bda4-5bf97a65c0f2@group-1AC969952D72-SegmentedRaftLog:OPENED:c-1,f-1,i0, conf=-1: [41a8e196-af5b-4c71-b4d4-8d03270b35a0:192.168.34.8:36221, e74ea0f8-bf41-4d93-a1fd-ac84c2b46512:192.168.34.8:33824, d16d800f-a890-4a7a-bda4-5bf97a65c0f2:192.168.34.8:33400], old=null
2019-09-12 04:03:18,027 [d16d800f-a890-4a7a-bda4-5bf97a65c0f2@group-1AC969952D72:LeaderElection12] INFO  impl.RoleInfo (RoleInfo.java:shutdownLeaderElection(134)) - d16d800f-a890-4a7a-bda4-5bf97a65c0f2: shutdown LeaderElection
2019-09-12 04:03:18,028 [d16d800f-a890-4a7a-bda4-5bf97a65c0f2@group-1AC969952D72:LeaderElection12] INFO  impl.RaftServerImpl (RaftServerImpl.java:setRole(174)) - d16d800f-a890-4a7a-bda4-5bf97a65c0f2@group-1AC969952D72: changes role from CANDIDATE to LEADER at term 1 for changeToLeader
2019-09-12 04:03:18,030 [d16d800f-a890-4a7a-bda4-5bf97a65c0f2@group-1AC969952D72:LeaderElection12] INFO  impl.RaftServerImpl (ServerState.java:setLeader(253)) - d16d800f-a890-4a7a-bda4-5bf97a65c0f2@group-1AC969952D72: change Leader from null to d16d800f-a890-4a7a-bda4-5bf97a65c0f2 at term 1 for becomeLeader, leader elected after 5160ms
2019-09-12 04:03:18,030 [d16d800f-a890-4a7a-bda4-5bf97a65c0f2@group-1AC969952D72:LeaderElection12] INFO  server.RaftServerConfigKeys (ConfUtils.java:logGet(43)) - raft.server.staging.catchup.gap = 1000 (default)
2019-09-12 04:03:18,031 [d16d800f-a890-4a7a-bda4-5bf97a65c0f2@group-1AC969952D72:LeaderElection12] INFO  server.RaftServerConfigKeys (ConfUtils.java:logGet(43)) - raft.server.rpc.sleep.time = 25ms (default)
2019-09-12 04:03:18,031 [d16d800f-a890-4a7a-bda4-5bf97a65c0f2@group-1AC969952D72:LeaderElection12] INFO  server.RaftServerConfigKeys (ConfUtils.java:logGet(43)) - raft.server.write.element-limit = 4096 (default)
2019-09-12 04:03:18,031 [d16d800f-a890-4a7a-bda4-5bf97a65c0f2@group-1AC969952D72:LeaderElection12] INFO  server.RaftServerConfigKeys (ConfUtils.java:logGet(43)) - raft.server.watch.timeout = 10s (default)
2019-09-12 04:03:18,031 [d16d800f-a890-4a7a-bda4-5bf97a65c0f2@group-1AC969952D72:LeaderElection12] INFO  server.RaftServerConfigKeys (ConfUtils.java:logGet(43)) - raft.server.watch.timeout.denomination = 1s (default)
2019-09-12 04:03:18,031 [d16d800f-a890-4a7a-bda4-5bf97a65c0f2@group-1AC969952D72:LeaderElection12] INFO  server.RaftServerConfigKeys (ConfUtils.java:logGet(43)) - raft.server.watch.element-limit = 65536 (default)
2019-09-12 04:03:18,036 [d16d800f-a890-4a7a-bda4-5bf97a65c0f2@group-1AC969952D72:LeaderElection12] INFO  server.RaftServerConfigKeys (ConfUtils.java:logGet(43)) - raft.server.log.appender.snapshot.chunk.size.max = 16MB (=16777216) (default)
2019-09-12 04:03:18,036 [d16d800f-a890-4a7a-bda4-5bf97a65c0f2@group-1AC969952D72:LeaderElection12] INFO  server.RaftServerConfigKeys (ConfUtils.java:logGet(43)) - raft.server.log.appender.buffer.byte-limit = 33554432 (custom)
2019-09-12 04:03:18,037 [d16d800f-a890-4a7a-bda4-5bf97a65c0f2@group-1AC969952D72:LeaderElection12] INFO  server.RaftServerConfigKeys (ConfUtils.java:logGet(43)) - raft.server.log.appender.buffer.element-limit = 1 (custom)
2019-09-12 04:03:18,037 [d16d800f-a890-4a7a-bda4-5bf97a65c0f2@group-1AC969952D72:LeaderElection12] INFO  grpc.GrpcConfigKeys$Server (ConfUtils.java:logGet(43)) - raft.grpc.server.leader.outstanding.appends.max = 128 (default)
2019-09-12 04:03:18,037 [d16d800f-a890-4a7a-bda4-5bf97a65c0f2@group-1AC969952D72:LeaderElection12] INFO  server.RaftServerConfigKeys (ConfUtils.java:logGet(43)) - raft.server.rpc.request.timeout = 3000ms (default)
2019-09-12 04:03:18,037 [d16d800f-a890-4a7a-bda4-5bf97a65c0f2@group-1AC969952D72:LeaderElection12] INFO  server.RaftServerConfigKeys (ConfUtils.java:logGet(43)) - raft.server.log.appender.install.snapshot.enabled = false (custom)
2019-09-12 04:03:18,038 [d16d800f-a890-4a7a-bda4-5bf97a65c0f2@group-1AC969952D72:LeaderElection12] INFO  server.RaftServerConfigKeys (ConfUtils.java:logGet(43)) - raft.server.log.appender.snapshot.chunk.size.max = 16MB (=16777216) (default)
2019-09-12 04:03:18,038 [d16d800f-a890-4a7a-bda4-5bf97a65c0f2@group-1AC969952D72:LeaderElection12] INFO  server.RaftServerConfigKeys (ConfUtils.java:logGet(43)) - raft.server.log.appender.buffer.byte-limit = 33554432 (custom)
2019-09-12 04:03:18,038 [d16d800f-a890-4a7a-bda4-5bf97a65c0f2@group-1AC969952D72:LeaderElection12] INFO  server.RaftServerConfigKeys (ConfUtils.java:logGet(43)) - raft.server.log.appender.buffer.element-limit = 1 (custom)
2019-09-12 04:03:18,038 [d16d800f-a890-4a7a-bda4-5bf97a65c0f2@group-1AC969952D72:LeaderElection12] INFO  grpc.GrpcConfigKeys$Server (ConfUtils.java:logGet(43)) - raft.grpc.server.leader.outstanding.appends.max = 128 (default)
2019-09-12 04:03:18,039 [d16d800f-a890-4a7a-bda4-5bf97a65c0f2@group-1AC969952D72:LeaderElection12] INFO  server.RaftServerConfigKeys (ConfUtils.java:logGet(43)) - raft.server.rpc.request.timeout = 3000ms (default)
2019-09-12 04:03:18,039 [d16d800f-a890-4a7a-bda4-5bf97a65c0f2@group-1AC969952D72:LeaderElection12] INFO  server.RaftServerConfigKeys (ConfUtils.java:logGet(43)) - raft.server.log.appender.install.snapshot.enabled = false (custom)
2019-09-12 04:03:18,039 [d16d800f-a890-4a7a-bda4-5bf97a65c0f2@group-1AC969952D72:LeaderElection12] INFO  impl.RoleInfo (RoleInfo.java:updateAndGet(143)) - d16d800f-a890-4a7a-bda4-5bf97a65c0f2: start LeaderState
2019-09-12 04:03:18,040 [d16d800f-a890-4a7a-bda4-5bf97a65c0f2@group-1AC969952D72:LeaderElection12] INFO  segmented.SegmentedRaftLogWorker (SegmentedRaftLogWorker.java:startLogSegment(380)) - d16d800f-a890-4a7a-bda4-5bf97a65c0f2@group-1AC969952D72-SegmentedRaftLogWorker: Starting segment from index:0
2019-09-12 04:03:18,041 [d16d800f-a890-4a7a-bda4-5bf97a65c0f2@group-1AC969952D72:LeaderElection12] INFO  impl.RaftServerImpl (ServerState.java:setRaftConf(354)) - d16d800f-a890-4a7a-bda4-5bf97a65c0f2@group-1AC969952D72: set configuration 0: [41a8e196-af5b-4c71-b4d4-8d03270b35a0:192.168.34.8:36221, e74ea0f8-bf41-4d93-a1fd-ac84c2b46512:192.168.34.8:33824, d16d800f-a890-4a7a-bda4-5bf97a65c0f2:192.168.34.8:33400], old=null at 0
2019-09-12 04:03:18,081 [grpc-default-executor-6] INFO  impl.RaftServerImpl (ServerState.java:setLeader(253)) - 41a8e196-af5b-4c71-b4d4-8d03270b35a0@group-1AC969952D72: change Leader from null to d16d800f-a890-4a7a-bda4-5bf97a65c0f2 at term 1 for appendEntries, leader elected after 5211ms
2019-09-12 04:03:18,081 [grpc-default-executor-7] INFO  impl.RaftServerImpl (ServerState.java:setLeader(253)) - e74ea0f8-bf41-4d93-a1fd-ac84c2b46512@group-1AC969952D72: change Leader from null to d16d800f-a890-4a7a-bda4-5bf97a65c0f2 at term 1 for appendEntries, leader elected after 5211ms
2019-09-12 04:03:18,084 [grpc-default-executor-7] INFO  impl.RaftServerImpl (ServerState.java:setRaftConf(354)) - 41a8e196-af5b-4c71-b4d4-8d03270b35a0@group-1AC969952D72: set configuration 0: [41a8e196-af5b-4c71-b4d4-8d03270b35a0:192.168.34.8:36221, e74ea0f8-bf41-4d93-a1fd-ac84c2b46512:192.168.34.8:33824, d16d800f-a890-4a7a-bda4-5bf97a65c0f2:192.168.34.8:33400], old=null at 0
2019-09-12 04:03:18,084 [grpc-default-executor-6] INFO  impl.RaftServerImpl (ServerState.java:setRaftConf(354)) - e74ea0f8-bf41-4d93-a1fd-ac84c2b46512@group-1AC969952D72: set configuration 0: [41a8e196-af5b-4c71-b4d4-8d03270b35a0:192.168.34.8:36221, e74ea0f8-bf41-4d93-a1fd-ac84c2b46512:192.168.34.8:33824, d16d800f-a890-4a7a-bda4-5bf97a65c0f2:192.168.34.8:33400], old=null at 0
2019-09-12 04:03:18,084 [grpc-default-executor-7] INFO  segmented.SegmentedRaftLogWorker (SegmentedRaftLogWorker.java:startLogSegment(380)) - 41a8e196-af5b-4c71-b4d4-8d03270b35a0@group-1AC969952D72-SegmentedRaftLogWorker: Starting segment from index:0
2019-09-12 04:03:18,084 [grpc-default-executor-6] INFO  segmented.SegmentedRaftLogWorker (SegmentedRaftLogWorker.java:startLogSegment(380)) - e74ea0f8-bf41-4d93-a1fd-ac84c2b46512@group-1AC969952D72-SegmentedRaftLogWorker: Starting segment from index:0
2019-09-12 04:03:18,131 [d16d800f-a890-4a7a-bda4-5bf97a65c0f2@group-1AC969952D72-SegmentedRaftLogWorker] INFO  segmented.SegmentedRaftLogWorker (SegmentedRaftLogWorker.java:execute(569)) - d16d800f-a890-4a7a-bda4-5bf97a65c0f2@group-1AC969952D72-SegmentedRaftLogWorker: created new log segment /workdir/hadoop-ozone/integration-test/target/test-dir/MiniOzoneClusterImpl-b4fa8ffa-56bc-41b5-8fca-04d9ba132278/datanode-5/data/ratis/26361590-16d5-4f91-996d-1ac969952d72/current/log_inprogress_0
2019-09-12 04:03:18,132 [e74ea0f8-bf41-4d93-a1fd-ac84c2b46512@group-1AC969952D72-SegmentedRaftLogWorker] INFO  segmented.SegmentedRaftLogWorker (SegmentedRaftLogWorker.java:execute(569)) - e74ea0f8-bf41-4d93-a1fd-ac84c2b46512@group-1AC969952D72-SegmentedRaftLogWorker: created new log segment /workdir/hadoop-ozone/integration-test/target/test-dir/MiniOzoneClusterImpl-b4fa8ffa-56bc-41b5-8fca-04d9ba132278/datanode-4/data/ratis/26361590-16d5-4f91-996d-1ac969952d72/current/log_inprogress_0
2019-09-12 04:03:18,132 [41a8e196-af5b-4c71-b4d4-8d03270b35a0@group-1AC969952D72-SegmentedRaftLogWorker] INFO  segmented.SegmentedRaftLogWorker (SegmentedRaftLogWorker.java:execute(569)) - 41a8e196-af5b-4c71-b4d4-8d03270b35a0@group-1AC969952D72-SegmentedRaftLogWorker: created new log segment /workdir/hadoop-ozone/integration-test/target/test-dir/MiniOzoneClusterImpl-b4fa8ffa-56bc-41b5-8fca-04d9ba132278/datanode-3/data/ratis/26361590-16d5-4f91-996d-1ac969952d72/current/log_inprogress_0
2019-09-12 04:03:18,525 [grpc-default-executor-6] INFO  impl.RaftServerProxy (RaftServerProxy.java:remove(95)) - d16d800f-a890-4a7a-bda4-5bf97a65c0f2: remove group-7A1668DFAB34:null
2019-09-12 04:03:18,537 [RatisPipelineUtilsThread] WARN  pipeline.RatisPipelineUtils (RatisPipelineUtils.java:destroyPipeline(66)) - Pipeline destroy failed for pipeline=PipelineID=73e48434-27c3-4c74-96c6-7a1668dfab34 dn=d16d800f-a890-4a7a-bda4-5bf97a65c0f2{ip: 192.168.34.8, host: pr-hdds-1879-pbs75-1821932185, networkLocation: /default-rack, certSerialId: null}
2019-09-12 04:03:18,543 [grpc-default-executor-6] INFO  impl.RaftServerProxy (RaftServerProxy.java:remove(95)) - 41a8e196-af5b-4c71-b4d4-8d03270b35a0: remove group-7A1668DFAB34:null
2019-09-12 04:03:18,551 [RatisPipelineUtilsThread] WARN  pipeline.RatisPipelineUtils (RatisPipelineUtils.java:destroyPipeline(66)) - Pipeline destroy failed for pipeline=PipelineID=73e48434-27c3-4c74-96c6-7a1668dfab34 dn=41a8e196-af5b-4c71-b4d4-8d03270b35a0{ip: 192.168.34.8, host: pr-hdds-1879-pbs75-1821932185, networkLocation: /default-rack, certSerialId: null}
2019-09-12 04:03:18,558 [grpc-default-executor-6] INFO  impl.RaftServerProxy (RaftServerProxy.java:remove(95)) - e74ea0f8-bf41-4d93-a1fd-ac84c2b46512: remove group-7A1668DFAB34:null
2019-09-12 04:03:18,566 [RatisPipelineUtilsThread] WARN  pipeline.RatisPipelineUtils (RatisPipelineUtils.java:destroyPipeline(66)) - Pipeline destroy failed for pipeline=PipelineID=73e48434-27c3-4c74-96c6-7a1668dfab34 dn=e74ea0f8-bf41-4d93-a1fd-ac84c2b46512{ip: 192.168.34.8, host: pr-hdds-1879-pbs75-1821932185, networkLocation: /default-rack, certSerialId: null}
2019-09-12 04:03:18,567 [RatisPipelineUtilsThread] ERROR pipeline.SCMPipelineManager (Scheduler.java:lambda$schedule$1(70)) - Destroy pipeline failed for pipeline:Pipeline[ Id: 73e48434-27c3-4c74-96c6-7a1668dfab34, Nodes: d16d800f-a890-4a7a-bda4-5bf97a65c0f2{ip: 192.168.34.8, host: pr-hdds-1879-pbs75-1821932185, networkLocation: /default-rack, certSerialId: null}41a8e196-af5b-4c71-b4d4-8d03270b35a0{ip: 192.168.34.8, host: pr-hdds-1879-pbs75-1821932185, networkLocation: /default-rack, certSerialId: null}e74ea0f8-bf41-4d93-a1fd-ac84c2b46512{ip: 192.168.34.8, host: pr-hdds-1879-pbs75-1821932185, networkLocation: /default-rack, certSerialId: null}, Type:RATIS, Factor:THREE, State:CLOSED]
org.apache.hadoop.hdds.scm.pipeline.PipelineNotFoundException: PipelineID=73e48434-27c3-4c74-96c6-7a1668dfab34 not found
	at org.apache.hadoop.hdds.scm.pipeline.PipelineStateMap.getPipeline(PipelineStateMap.java:132)
	at org.apache.hadoop.hdds.scm.pipeline.PipelineStateMap.removePipeline(PipelineStateMap.java:322)
	at org.apache.hadoop.hdds.scm.pipeline.PipelineStateManager.removePipeline(PipelineStateManager.java:107)
	at org.apache.hadoop.hdds.scm.pipeline.SCMPipelineManager.removePipeline(SCMPipelineManager.java:423)
	at org.apache.hadoop.hdds.scm.pipeline.SCMPipelineManager.destroyPipeline(SCMPipelineManager.java:409)
	at org.apache.hadoop.hdds.scm.pipeline.SCMPipelineManager.lambda$finalizeAndDestroyPipeline$0(SCMPipelineManager.java:318)
	at org.apache.hadoop.utils.Scheduler.lambda$schedule$1(Scheduler.java:68)
	at java.util.concurrent.Executors$RunnableAdapter.call(Executors.java:511)
	at java.util.concurrent.FutureTask.run(FutureTask.java:266)
	at java.util.concurrent.ScheduledThreadPoolExecutor$ScheduledFutureTask.access$201(ScheduledThreadPoolExecutor.java:180)
	at java.util.concurrent.ScheduledThreadPoolExecutor$ScheduledFutureTask.run(ScheduledThreadPoolExecutor.java:293)
	at java.util.concurrent.ThreadPoolExecutor.runWorker(ThreadPoolExecutor.java:1149)
	at java.util.concurrent.ThreadPoolExecutor$Worker.run(ThreadPoolExecutor.java:624)
	at java.lang.Thread.run(Thread.java:748)
2019-09-12 04:03:20,447 [java.util.concurrent.ThreadPoolExecutor$Worker@4b834a8d[State = -1, empty queue]] WARN  server.GrpcLogAppender (GrpcLogAppender.java:timeoutAppendRequest(200)) - cfbaf9ff-a5d2-4350-abbf-bcb1aefbe8d3@group-F484CCC1AA7A->fc0aded7-5090-49ad-a6b0-e16cfe155c18-GrpcLogAppender: appendEntries Timeout, request=cfbaf9ff-a5d2-4350-abbf-bcb1aefbe8d3->fc0aded7-5090-49ad-a6b0-e16cfe155c18#99-t1, previous=(t:1, i:22), leaderCommit=16, initializing? false, entries: <empty>
2019-09-12 04:03:20,447 [java.util.concurrent.ThreadPoolExecutor$Worker@76a00050[State = -1, empty queue]] WARN  server.GrpcLogAppender (GrpcLogAppender.java:timeoutAppendRequest(200)) - cfbaf9ff-a5d2-4350-abbf-bcb1aefbe8d3@group-F484CCC1AA7A->826a4c15-f032-4805-8cf4-5e11fe4a99d7-GrpcLogAppender: appendEntries Timeout, request=cfbaf9ff-a5d2-4350-abbf-bcb1aefbe8d3->826a4c15-f032-4805-8cf4-5e11fe4a99d7#99-t1, previous=(t:1, i:22), leaderCommit=16, initializing? false, entries: <empty>
2019-09-12 04:03:20,528 [grpc-default-executor-7] INFO  impl.RaftServerProxy (RaftServerProxy.java:remove(95)) - d16d800f-a890-4a7a-bda4-5bf97a65c0f2: remove group-7A1668DFAB34:null
2019-09-12 04:03:20,537 [RatisPipelineUtilsThread] WARN  pipeline.RatisPipelineUtils (RatisPipelineUtils.java:destroyPipeline(66)) - Pipeline destroy failed for pipeline=PipelineID=73e48434-27c3-4c74-96c6-7a1668dfab34 dn=d16d800f-a890-4a7a-bda4-5bf97a65c0f2{ip: 192.168.34.8, host: pr-hdds-1879-pbs75-1821932185, networkLocation: /default-rack, certSerialId: null}
2019-09-12 04:03:20,542 [grpc-default-executor-7] INFO  impl.RaftServerProxy (RaftServerProxy.java:remove(95)) - 41a8e196-af5b-4c71-b4d4-8d03270b35a0: remove group-7A1668DFAB34:null
2019-09-12 04:03:20,549 [RatisPipelineUtilsThread] WARN  pipeline.RatisPipelineUtils (RatisPipelineUtils.java:destroyPipeline(66)) - Pipeline destroy failed for pipeline=PipelineID=73e48434-27c3-4c74-96c6-7a1668dfab34 dn=41a8e196-af5b-4c71-b4d4-8d03270b35a0{ip: 192.168.34.8, host: pr-hdds-1879-pbs75-1821932185, networkLocation: /default-rack, certSerialId: null}
2019-09-12 04:03:20,554 [grpc-default-executor-7] INFO  impl.RaftServerProxy (RaftServerProxy.java:remove(95)) - e74ea0f8-bf41-4d93-a1fd-ac84c2b46512: remove group-7A1668DFAB34:null
2019-09-12 04:03:20,560 [RatisPipelineUtilsThread] WARN  pipeline.RatisPipelineUtils (RatisPipelineUtils.java:destroyPipeline(66)) - Pipeline destroy failed for pipeline=PipelineID=73e48434-27c3-4c74-96c6-7a1668dfab34 dn=e74ea0f8-bf41-4d93-a1fd-ac84c2b46512{ip: 192.168.34.8, host: pr-hdds-1879-pbs75-1821932185, networkLocation: /default-rack, certSerialId: null}
2019-09-12 04:03:20,561 [RatisPipelineUtilsThread] ERROR pipeline.SCMPipelineManager (Scheduler.java:lambda$schedule$1(70)) - Destroy pipeline failed for pipeline:Pipeline[ Id: 73e48434-27c3-4c74-96c6-7a1668dfab34, Nodes: d16d800f-a890-4a7a-bda4-5bf97a65c0f2{ip: 192.168.34.8, host: pr-hdds-1879-pbs75-1821932185, networkLocation: /default-rack, certSerialId: null}41a8e196-af5b-4c71-b4d4-8d03270b35a0{ip: 192.168.34.8, host: pr-hdds-1879-pbs75-1821932185, networkLocation: /default-rack, certSerialId: null}e74ea0f8-bf41-4d93-a1fd-ac84c2b46512{ip: 192.168.34.8, host: pr-hdds-1879-pbs75-1821932185, networkLocation: /default-rack, certSerialId: null}, Type:RATIS, Factor:THREE, State:CLOSED]
org.apache.hadoop.hdds.scm.pipeline.PipelineNotFoundException: PipelineID=73e48434-27c3-4c74-96c6-7a1668dfab34 not found
	at org.apache.hadoop.hdds.scm.pipeline.PipelineStateMap.getPipeline(PipelineStateMap.java:132)
	at org.apache.hadoop.hdds.scm.pipeline.PipelineStateMap.removePipeline(PipelineStateMap.java:322)
	at org.apache.hadoop.hdds.scm.pipeline.PipelineStateManager.removePipeline(PipelineStateManager.java:107)
	at org.apache.hadoop.hdds.scm.pipeline.SCMPipelineManager.removePipeline(SCMPipelineManager.java:423)
	at org.apache.hadoop.hdds.scm.pipeline.SCMPipelineManager.destroyPipeline(SCMPipelineManager.java:409)
	at org.apache.hadoop.hdds.scm.pipeline.SCMPipelineManager.lambda$finalizeAndDestroyPipeline$0(SCMPipelineManager.java:318)
	at org.apache.hadoop.utils.Scheduler.lambda$schedule$1(Scheduler.java:68)
	at java.util.concurrent.Executors$RunnableAdapter.call(Executors.java:511)
	at java.util.concurrent.FutureTask.run(FutureTask.java:266)
	at java.util.concurrent.ScheduledThreadPoolExecutor$ScheduledFutureTask.access$201(ScheduledThreadPoolExecutor.java:180)
	at java.util.concurrent.ScheduledThreadPoolExecutor$ScheduledFutureTask.run(ScheduledThreadPoolExecutor.java:293)
	at java.util.concurrent.ThreadPoolExecutor.runWorker(ThreadPoolExecutor.java:1149)
	at java.util.concurrent.ThreadPoolExecutor$Worker.run(ThreadPoolExecutor.java:624)
	at java.lang.Thread.run(Thread.java:748)
2019-09-12 04:03:22,444 [826a4c15-f032-4805-8cf4-5e11fe4a99d7@group-F484CCC1AA7A-SegmentedRaftLogWorker] WARN  segmented.SegmentedRaftLogWorker (SegmentedRaftLogWorker.java:getFromFuture(90)) - Timeout 0/~
org.apache.ratis.protocol.TimeoutIOException: Timeout 10s: WriteLog:17: (t:1, i:17), STATEMACHINELOGENTRY, client-EFFAA1C83E3D, cid=30-writeStateMachineData
	at org.apache.ratis.util.IOUtils.getFromFuture(IOUtils.java:87)
	at org.apache.ratis.server.raftlog.segmented.SegmentedRaftLogWorker$StateMachineDataPolicy.getFromFuture(SegmentedRaftLogWorker.java:87)
	at org.apache.ratis.server.raftlog.segmented.SegmentedRaftLogWorker$WriteLog.execute(SegmentedRaftLogWorker.java:477)
	at org.apache.ratis.server.raftlog.segmented.SegmentedRaftLogWorker.run(SegmentedRaftLogWorker.java:289)
	at java.lang.Thread.run(Thread.java:748)
Caused by: java.util.concurrent.TimeoutException
	at java.util.concurrent.CompletableFuture.timedGet(CompletableFuture.java:1771)
	at java.util.concurrent.CompletableFuture.get(CompletableFuture.java:1915)
	at org.apache.ratis.util.IOUtils.getFromFuture(IOUtils.java:79)
	... 4 more
2019-09-12 04:03:22,539 [grpc-default-executor-7] INFO  client.GrpcClientProtocolClient (GrpcClientProtocolClient.java:onNext(264)) - client-EFFAA1C83E3D->fc0aded7-5090-49ad-a6b0-e16cfe155c18: receive RaftClientReply:client-EFFAA1C83E3D->fc0aded7-5090-49ad-a6b0-e16cfe155c18@group-F484CCC1AA7A, cid=30, FAILED org.apache.ratis.protocol.NotLeaderException: Server fc0aded7-5090-49ad-a6b0-e16cfe155c18@group-F484CCC1AA7A is not the leader cfbaf9ff-a5d2-4350-abbf-bcb1aefbe8d3:192.168.34.8:40308, logIndex=0, commits[fc0aded7-5090-49ad-a6b0-e16cfe155c18:c16, 826a4c15-f032-4805-8cf4-5e11fe4a99d7:c14, cfbaf9ff-a5d2-4350-abbf-bcb1aefbe8d3:c16]
2019-09-12 04:03:22,785 [cfbaf9ff-a5d2-4350-abbf-bcb1aefbe8d3@group-F484CCC1AA7A-SegmentedRaftLogWorker] WARN  segmented.SegmentedRaftLogWorker (SegmentedRaftLogWorker.java:getFromFuture(90)) - Timeout 0/~
org.apache.ratis.protocol.TimeoutIOException: Timeout 10s: WriteLog:18: (t:1, i:18), STATEMACHINELOGENTRY, client-EFFAA1C83E3D, cid=31-writeStateMachineData
	at org.apache.ratis.util.IOUtils.getFromFuture(IOUtils.java:87)
	at org.apache.ratis.server.raftlog.segmented.SegmentedRaftLogWorker$StateMachineDataPolicy.getFromFuture(SegmentedRaftLogWorker.java:87)
	at org.apache.ratis.server.raftlog.segmented.SegmentedRaftLogWorker$WriteLog.execute(SegmentedRaftLogWorker.java:477)
	at org.apache.ratis.server.raftlog.segmented.SegmentedRaftLogWorker.run(SegmentedRaftLogWorker.java:289)
	at java.lang.Thread.run(Thread.java:748)
Caused by: java.util.concurrent.TimeoutException
	at java.util.concurrent.CompletableFuture.timedGet(CompletableFuture.java:1771)
	at java.util.concurrent.CompletableFuture.get(CompletableFuture.java:1915)
	at org.apache.ratis.util.IOUtils.getFromFuture(IOUtils.java:79)
	... 4 more
2019-09-12 04:03:22,786 [fc0aded7-5090-49ad-a6b0-e16cfe155c18@group-F484CCC1AA7A-SegmentedRaftLogWorker] WARN  segmented.SegmentedRaftLogWorker (SegmentedRaftLogWorker.java:getFromFuture(90)) - Timeout 0/~
org.apache.ratis.protocol.TimeoutIOException: Timeout 10s: WriteLog:18: (t:1, i:18), STATEMACHINELOGENTRY, client-EFFAA1C83E3D, cid=31-writeStateMachineData
	at org.apache.ratis.util.IOUtils.getFromFuture(IOUtils.java:87)
	at org.apache.ratis.server.raftlog.segmented.SegmentedRaftLogWorker$StateMachineDataPolicy.getFromFuture(SegmentedRaftLogWorker.java:87)
	at org.apache.ratis.server.raftlog.segmented.SegmentedRaftLogWorker$WriteLog.execute(SegmentedRaftLogWorker.java:477)
	at org.apache.ratis.server.raftlog.segmented.SegmentedRaftLogWorker.run(SegmentedRaftLogWorker.java:289)
	at java.lang.Thread.run(Thread.java:748)
Caused by: java.util.concurrent.TimeoutException
	at java.util.concurrent.CompletableFuture.timedGet(CompletableFuture.java:1771)
	at java.util.concurrent.CompletableFuture.get(CompletableFuture.java:1915)
	at org.apache.ratis.util.IOUtils.getFromFuture(IOUtils.java:79)
	... 4 more
2019-09-12 04:03:22,948 [java.util.concurrent.ThreadPoolExecutor$Worker@76a00050[State = -1, empty queue]] WARN  server.GrpcLogAppender (GrpcLogAppender.java:timeoutAppendRequest(200)) - cfbaf9ff-a5d2-4350-abbf-bcb1aefbe8d3@group-F484CCC1AA7A->826a4c15-f032-4805-8cf4-5e11fe4a99d7-GrpcLogAppender: appendEntries Timeout, request=cfbaf9ff-a5d2-4350-abbf-bcb1aefbe8d3->826a4c15-f032-4805-8cf4-5e11fe4a99d7#100-t1, previous=(t:1, i:22), leaderCommit=16, initializing? false, entries: <empty>
2019-09-12 04:03:22,948 [java.util.concurrent.ThreadPoolExecutor$Worker@4b834a8d[State = -1, empty queue]] WARN  server.GrpcLogAppender (GrpcLogAppender.java:timeoutAppendRequest(200)) - cfbaf9ff-a5d2-4350-abbf-bcb1aefbe8d3@group-F484CCC1AA7A->fc0aded7-5090-49ad-a6b0-e16cfe155c18-GrpcLogAppender: appendEntries Timeout, request=cfbaf9ff-a5d2-4350-abbf-bcb1aefbe8d3->fc0aded7-5090-49ad-a6b0-e16cfe155c18#100-t1, previous=(t:1, i:22), leaderCommit=16, initializing? false, entries: <empty>
2019-09-12 04:03:23,524 [grpc-default-executor-6] INFO  impl.RaftServerProxy (RaftServerProxy.java:remove(95)) - d16d800f-a890-4a7a-bda4-5bf97a65c0f2: remove group-7A1668DFAB34:null
2019-09-12 04:03:23,533 [RatisPipelineUtilsThread] WARN  pipeline.RatisPipelineUtils (RatisPipelineUtils.java:destroyPipeline(66)) - Pipeline destroy failed for pipeline=PipelineID=73e48434-27c3-4c74-96c6-7a1668dfab34 dn=d16d800f-a890-4a7a-bda4-5bf97a65c0f2{ip: 192.168.34.8, host: pr-hdds-1879-pbs75-1821932185, networkLocation: /default-rack, certSerialId: null}
2019-09-12 04:03:23,538 [grpc-default-executor-6] INFO  impl.RaftServerProxy (RaftServerProxy.java:remove(95)) - 41a8e196-af5b-4c71-b4d4-8d03270b35a0: remove group-7A1668DFAB34:null
2019-09-12 04:03:23,545 [RatisPipelineUtilsThread] WARN  pipeline.RatisPipelineUtils (RatisPipelineUtils.java:destroyPipeline(66)) - Pipeline destroy failed for pipeline=PipelineID=73e48434-27c3-4c74-96c6-7a1668dfab34 dn=41a8e196-af5b-4c71-b4d4-8d03270b35a0{ip: 192.168.34.8, host: pr-hdds-1879-pbs75-1821932185, networkLocation: /default-rack, certSerialId: null}
2019-09-12 04:03:23,550 [grpc-default-executor-6] INFO  impl.RaftServerProxy (RaftServerProxy.java:remove(95)) - e74ea0f8-bf41-4d93-a1fd-ac84c2b46512: remove group-7A1668DFAB34:null
2019-09-12 04:03:23,557 [RatisPipelineUtilsThread] WARN  pipeline.RatisPipelineUtils (RatisPipelineUtils.java:destroyPipeline(66)) - Pipeline destroy failed for pipeline=PipelineID=73e48434-27c3-4c74-96c6-7a1668dfab34 dn=e74ea0f8-bf41-4d93-a1fd-ac84c2b46512{ip: 192.168.34.8, host: pr-hdds-1879-pbs75-1821932185, networkLocation: /default-rack, certSerialId: null}
2019-09-12 04:03:23,557 [RatisPipelineUtilsThread] ERROR pipeline.SCMPipelineManager (Scheduler.java:lambda$schedule$1(70)) - Destroy pipeline failed for pipeline:Pipeline[ Id: 73e48434-27c3-4c74-96c6-7a1668dfab34, Nodes: d16d800f-a890-4a7a-bda4-5bf97a65c0f2{ip: 192.168.34.8, host: pr-hdds-1879-pbs75-1821932185, networkLocation: /default-rack, certSerialId: null}41a8e196-af5b-4c71-b4d4-8d03270b35a0{ip: 192.168.34.8, host: pr-hdds-1879-pbs75-1821932185, networkLocation: /default-rack, certSerialId: null}e74ea0f8-bf41-4d93-a1fd-ac84c2b46512{ip: 192.168.34.8, host: pr-hdds-1879-pbs75-1821932185, networkLocation: /default-rack, certSerialId: null}, Type:RATIS, Factor:THREE, State:CLOSED]
org.apache.hadoop.hdds.scm.pipeline.PipelineNotFoundException: PipelineID=73e48434-27c3-4c74-96c6-7a1668dfab34 not found
	at org.apache.hadoop.hdds.scm.pipeline.PipelineStateMap.getPipeline(PipelineStateMap.java:132)
	at org.apache.hadoop.hdds.scm.pipeline.PipelineStateMap.removePipeline(PipelineStateMap.java:322)
	at org.apache.hadoop.hdds.scm.pipeline.PipelineStateManager.removePipeline(PipelineStateManager.java:107)
	at org.apache.hadoop.hdds.scm.pipeline.SCMPipelineManager.removePipeline(SCMPipelineManager.java:423)
	at org.apache.hadoop.hdds.scm.pipeline.SCMPipelineManager.destroyPipeline(SCMPipelineManager.java:409)
	at org.apache.hadoop.hdds.scm.pipeline.SCMPipelineManager.lambda$finalizeAndDestroyPipeline$0(SCMPipelineManager.java:318)
	at org.apache.hadoop.utils.Scheduler.lambda$schedule$1(Scheduler.java:68)
	at java.util.concurrent.Executors$RunnableAdapter.call(Executors.java:511)
	at java.util.concurrent.FutureTask.run(FutureTask.java:266)
	at java.util.concurrent.ScheduledThreadPoolExecutor$ScheduledFutureTask.access$201(ScheduledThreadPoolExecutor.java:180)
	at java.util.concurrent.ScheduledThreadPoolExecutor$ScheduledFutureTask.run(ScheduledThreadPoolExecutor.java:293)
	at java.util.concurrent.ThreadPoolExecutor.runWorker(ThreadPoolExecutor.java:1149)
	at java.util.concurrent.ThreadPoolExecutor$Worker.run(ThreadPoolExecutor.java:624)
	at java.lang.Thread.run(Thread.java:748)
2019-09-12 04:03:25,449 [java.util.concurrent.ThreadPoolExecutor$Worker@76a00050[State = -1, empty queue]] WARN  server.GrpcLogAppender (GrpcLogAppender.java:timeoutAppendRequest(200)) - cfbaf9ff-a5d2-4350-abbf-bcb1aefbe8d3@group-F484CCC1AA7A->826a4c15-f032-4805-8cf4-5e11fe4a99d7-GrpcLogAppender: appendEntries Timeout, request=cfbaf9ff-a5d2-4350-abbf-bcb1aefbe8d3->826a4c15-f032-4805-8cf4-5e11fe4a99d7#101-t1, previous=(t:1, i:22), leaderCommit=16, initializing? false, entries: <empty>
2019-09-12 04:03:25,449 [java.util.concurrent.ThreadPoolExecutor$Worker@4b834a8d[State = -1, empty queue]] WARN  server.GrpcLogAppender (GrpcLogAppender.java:timeoutAppendRequest(200)) - cfbaf9ff-a5d2-4350-abbf-bcb1aefbe8d3@group-F484CCC1AA7A->fc0aded7-5090-49ad-a6b0-e16cfe155c18-GrpcLogAppender: appendEntries Timeout, request=cfbaf9ff-a5d2-4350-abbf-bcb1aefbe8d3->fc0aded7-5090-49ad-a6b0-e16cfe155c18#101-t1, previous=(t:1, i:22), leaderCommit=16, initializing? false, entries: <empty>
2019-09-12 04:03:25,527 [grpc-default-executor-6] INFO  impl.RaftServerProxy (RaftServerProxy.java:remove(95)) - d16d800f-a890-4a7a-bda4-5bf97a65c0f2: remove group-7A1668DFAB34:null
2019-09-12 04:03:25,537 [RatisPipelineUtilsThread] WARN  pipeline.RatisPipelineUtils (RatisPipelineUtils.java:destroyPipeline(66)) - Pipeline destroy failed for pipeline=PipelineID=73e48434-27c3-4c74-96c6-7a1668dfab34 dn=d16d800f-a890-4a7a-bda4-5bf97a65c0f2{ip: 192.168.34.8, host: pr-hdds-1879-pbs75-1821932185, networkLocation: /default-rack, certSerialId: null}
2019-09-12 04:03:25,543 [grpc-default-executor-6] INFO  impl.RaftServerProxy (RaftServerProxy.java:remove(95)) - 41a8e196-af5b-4c71-b4d4-8d03270b35a0: remove group-7A1668DFAB34:null
2019-09-12 04:03:25,551 [RatisPipelineUtilsThread] WARN  pipeline.RatisPipelineUtils (RatisPipelineUtils.java:destroyPipeline(66)) - Pipeline destroy failed for pipeline=PipelineID=73e48434-27c3-4c74-96c6-7a1668dfab34 dn=41a8e196-af5b-4c71-b4d4-8d03270b35a0{ip: 192.168.34.8, host: pr-hdds-1879-pbs75-1821932185, networkLocation: /default-rack, certSerialId: null}
2019-09-12 04:03:25,556 [grpc-default-executor-6] INFO  impl.RaftServerProxy (RaftServerProxy.java:remove(95)) - e74ea0f8-bf41-4d93-a1fd-ac84c2b46512: remove group-7A1668DFAB34:null
2019-09-12 04:03:25,578 [RatisPipelineUtilsThread] WARN  pipeline.RatisPipelineUtils (RatisPipelineUtils.java:destroyPipeline(66)) - Pipeline destroy failed for pipeline=PipelineID=73e48434-27c3-4c74-96c6-7a1668dfab34 dn=e74ea0f8-bf41-4d93-a1fd-ac84c2b46512{ip: 192.168.34.8, host: pr-hdds-1879-pbs75-1821932185, networkLocation: /default-rack, certSerialId: null}
2019-09-12 04:03:25,579 [RatisPipelineUtilsThread] ERROR pipeline.SCMPipelineManager (Scheduler.java:lambda$schedule$1(70)) - Destroy pipeline failed for pipeline:Pipeline[ Id: 73e48434-27c3-4c74-96c6-7a1668dfab34, Nodes: d16d800f-a890-4a7a-bda4-5bf97a65c0f2{ip: 192.168.34.8, host: pr-hdds-1879-pbs75-1821932185, networkLocation: /default-rack, certSerialId: null}41a8e196-af5b-4c71-b4d4-8d03270b35a0{ip: 192.168.34.8, host: pr-hdds-1879-pbs75-1821932185, networkLocation: /default-rack, certSerialId: null}e74ea0f8-bf41-4d93-a1fd-ac84c2b46512{ip: 192.168.34.8, host: pr-hdds-1879-pbs75-1821932185, networkLocation: /default-rack, certSerialId: null}, Type:RATIS, Factor:THREE, State:CLOSED]
org.apache.hadoop.hdds.scm.pipeline.PipelineNotFoundException: PipelineID=73e48434-27c3-4c74-96c6-7a1668dfab34 not found
	at org.apache.hadoop.hdds.scm.pipeline.PipelineStateMap.getPipeline(PipelineStateMap.java:132)
	at org.apache.hadoop.hdds.scm.pipeline.PipelineStateMap.removePipeline(PipelineStateMap.java:322)
	at org.apache.hadoop.hdds.scm.pipeline.PipelineStateManager.removePipeline(PipelineStateManager.java:107)
	at org.apache.hadoop.hdds.scm.pipeline.SCMPipelineManager.removePipeline(SCMPipelineManager.java:423)
	at org.apache.hadoop.hdds.scm.pipeline.SCMPipelineManager.destroyPipeline(SCMPipelineManager.java:409)
	at org.apache.hadoop.hdds.scm.pipeline.SCMPipelineManager.lambda$finalizeAndDestroyPipeline$0(SCMPipelineManager.java:318)
	at org.apache.hadoop.utils.Scheduler.lambda$schedule$1(Scheduler.java:68)
	at java.util.concurrent.Executors$RunnableAdapter.call(Executors.java:511)
	at java.util.concurrent.FutureTask.run(FutureTask.java:266)
	at java.util.concurrent.ScheduledThreadPoolExecutor$ScheduledFutureTask.access$201(ScheduledThreadPoolExecutor.java:180)
	at java.util.concurrent.ScheduledThreadPoolExecutor$ScheduledFutureTask.run(ScheduledThreadPoolExecutor.java:293)
	at java.util.concurrent.ThreadPoolExecutor.runWorker(ThreadPoolExecutor.java:1149)
	at java.util.concurrent.ThreadPoolExecutor$Worker.run(ThreadPoolExecutor.java:624)
	at java.lang.Thread.run(Thread.java:748)
2019-09-12 04:03:27,619 [grpc-default-executor-6] INFO  client.GrpcClientProtocolClient (GrpcClientProtocolClient.java:onNext(264)) - client-EFFAA1C83E3D->fc0aded7-5090-49ad-a6b0-e16cfe155c18: receive RaftClientReply:client-EFFAA1C83E3D->fc0aded7-5090-49ad-a6b0-e16cfe155c18@group-F484CCC1AA7A, cid=30, FAILED org.apache.ratis.protocol.NotLeaderException: Server fc0aded7-5090-49ad-a6b0-e16cfe155c18@group-F484CCC1AA7A is not the leader cfbaf9ff-a5d2-4350-abbf-bcb1aefbe8d3:192.168.34.8:40308, logIndex=0, commits[fc0aded7-5090-49ad-a6b0-e16cfe155c18:c16, 826a4c15-f032-4805-8cf4-5e11fe4a99d7:c14, cfbaf9ff-a5d2-4350-abbf-bcb1aefbe8d3:c16]
2019-09-12 04:03:27,949 [java.util.concurrent.ThreadPoolExecutor$Worker@76a00050[State = -1, empty queue]] WARN  server.GrpcLogAppender (GrpcLogAppender.java:timeoutAppendRequest(200)) - cfbaf9ff-a5d2-4350-abbf-bcb1aefbe8d3@group-F484CCC1AA7A->826a4c15-f032-4805-8cf4-5e11fe4a99d7-GrpcLogAppender: appendEntries Timeout, request=cfbaf9ff-a5d2-4350-abbf-bcb1aefbe8d3->826a4c15-f032-4805-8cf4-5e11fe4a99d7#102-t1, previous=(t:1, i:22), leaderCommit=16, initializing? false, entries: <empty>
2019-09-12 04:03:27,949 [java.util.concurrent.ThreadPoolExecutor$Worker@4b834a8d[State = -1, empty queue]] WARN  server.GrpcLogAppender (GrpcLogAppender.java:timeoutAppendRequest(200)) - cfbaf9ff-a5d2-4350-abbf-bcb1aefbe8d3@group-F484CCC1AA7A->fc0aded7-5090-49ad-a6b0-e16cfe155c18-GrpcLogAppender: appendEntries Timeout, request=cfbaf9ff-a5d2-4350-abbf-bcb1aefbe8d3->fc0aded7-5090-49ad-a6b0-e16cfe155c18#102-t1, previous=(t:1, i:22), leaderCommit=16, initializing? false, entries: <empty>
2019-09-12 04:03:28,672 [grpc-default-executor-6] INFO  impl.RaftServerProxy (RaftServerProxy.java:remove(95)) - d16d800f-a890-4a7a-bda4-5bf97a65c0f2: remove group-7A1668DFAB34:null
2019-09-12 04:03:28,680 [RatisPipelineUtilsThread] WARN  pipeline.RatisPipelineUtils (RatisPipelineUtils.java:destroyPipeline(66)) - Pipeline destroy failed for pipeline=PipelineID=73e48434-27c3-4c74-96c6-7a1668dfab34 dn=d16d800f-a890-4a7a-bda4-5bf97a65c0f2{ip: 192.168.34.8, host: pr-hdds-1879-pbs75-1821932185, networkLocation: /default-rack, certSerialId: null}
2019-09-12 04:03:28,699 [grpc-default-executor-6] INFO  impl.RaftServerProxy (RaftServerProxy.java:remove(95)) - 41a8e196-af5b-4c71-b4d4-8d03270b35a0: remove group-7A1668DFAB34:null
2019-09-12 04:03:28,705 [RatisPipelineUtilsThread] WARN  pipeline.RatisPipelineUtils (RatisPipelineUtils.java:destroyPipeline(66)) - Pipeline destroy failed for pipeline=PipelineID=73e48434-27c3-4c74-96c6-7a1668dfab34 dn=41a8e196-af5b-4c71-b4d4-8d03270b35a0{ip: 192.168.34.8, host: pr-hdds-1879-pbs75-1821932185, networkLocation: /default-rack, certSerialId: null}
2019-09-12 04:03:28,709 [grpc-default-executor-6] INFO  impl.RaftServerProxy (RaftServerProxy.java:remove(95)) - e74ea0f8-bf41-4d93-a1fd-ac84c2b46512: remove group-7A1668DFAB34:null
2019-09-12 04:03:28,715 [RatisPipelineUtilsThread] WARN  pipeline.RatisPipelineUtils (RatisPipelineUtils.java:destroyPipeline(66)) - Pipeline destroy failed for pipeline=PipelineID=73e48434-27c3-4c74-96c6-7a1668dfab34 dn=e74ea0f8-bf41-4d93-a1fd-ac84c2b46512{ip: 192.168.34.8, host: pr-hdds-1879-pbs75-1821932185, networkLocation: /default-rack, certSerialId: null}
2019-09-12 04:03:28,716 [RatisPipelineUtilsThread] ERROR pipeline.SCMPipelineManager (Scheduler.java:lambda$schedule$1(70)) - Destroy pipeline failed for pipeline:Pipeline[ Id: 73e48434-27c3-4c74-96c6-7a1668dfab34, Nodes: d16d800f-a890-4a7a-bda4-5bf97a65c0f2{ip: 192.168.34.8, host: pr-hdds-1879-pbs75-1821932185, networkLocation: /default-rack, certSerialId: null}41a8e196-af5b-4c71-b4d4-8d03270b35a0{ip: 192.168.34.8, host: pr-hdds-1879-pbs75-1821932185, networkLocation: /default-rack, certSerialId: null}e74ea0f8-bf41-4d93-a1fd-ac84c2b46512{ip: 192.168.34.8, host: pr-hdds-1879-pbs75-1821932185, networkLocation: /default-rack, certSerialId: null}, Type:RATIS, Factor:THREE, State:CLOSED]
org.apache.hadoop.hdds.scm.pipeline.PipelineNotFoundException: PipelineID=73e48434-27c3-4c74-96c6-7a1668dfab34 not found
	at org.apache.hadoop.hdds.scm.pipeline.PipelineStateMap.getPipeline(PipelineStateMap.java:132)
	at org.apache.hadoop.hdds.scm.pipeline.PipelineStateMap.removePipeline(PipelineStateMap.java:322)
	at org.apache.hadoop.hdds.scm.pipeline.PipelineStateManager.removePipeline(PipelineStateManager.java:107)
	at org.apache.hadoop.hdds.scm.pipeline.SCMPipelineManager.removePipeline(SCMPipelineManager.java:423)
	at org.apache.hadoop.hdds.scm.pipeline.SCMPipelineManager.destroyPipeline(SCMPipelineManager.java:409)
	at org.apache.hadoop.hdds.scm.pipeline.SCMPipelineManager.lambda$finalizeAndDestroyPipeline$0(SCMPipelineManager.java:318)
	at org.apache.hadoop.utils.Scheduler.lambda$schedule$1(Scheduler.java:68)
	at java.util.concurrent.Executors$RunnableAdapter.call(Executors.java:511)
	at java.util.concurrent.FutureTask.run(FutureTask.java:266)
	at java.util.concurrent.ScheduledThreadPoolExecutor$ScheduledFutureTask.access$201(ScheduledThreadPoolExecutor.java:180)
	at java.util.concurrent.ScheduledThreadPoolExecutor$ScheduledFutureTask.run(ScheduledThreadPoolExecutor.java:293)
	at java.util.concurrent.ThreadPoolExecutor.runWorker(ThreadPoolExecutor.java:1149)
	at java.util.concurrent.ThreadPoolExecutor$Worker.run(ThreadPoolExecutor.java:624)
	at java.lang.Thread.run(Thread.java:748)
2019-09-12 04:03:30,450 [java.util.concurrent.ThreadPoolExecutor$Worker@4b834a8d[State = -1, empty queue]] WARN  server.GrpcLogAppender (GrpcLogAppender.java:timeoutAppendRequest(200)) - cfbaf9ff-a5d2-4350-abbf-bcb1aefbe8d3@group-F484CCC1AA7A->fc0aded7-5090-49ad-a6b0-e16cfe155c18-GrpcLogAppender: appendEntries Timeout, request=cfbaf9ff-a5d2-4350-abbf-bcb1aefbe8d3->fc0aded7-5090-49ad-a6b0-e16cfe155c18#103-t1, previous=(t:1, i:22), leaderCommit=16, initializing? false, entries: <empty>
2019-09-12 04:03:30,450 [java.util.concurrent.ThreadPoolExecutor$Worker@76a00050[State = -1, empty queue]] WARN  server.GrpcLogAppender (GrpcLogAppender.java:timeoutAppendRequest(200)) - cfbaf9ff-a5d2-4350-abbf-bcb1aefbe8d3@group-F484CCC1AA7A->826a4c15-f032-4805-8cf4-5e11fe4a99d7-GrpcLogAppender: appendEntries Timeout, request=cfbaf9ff-a5d2-4350-abbf-bcb1aefbe8d3->826a4c15-f032-4805-8cf4-5e11fe4a99d7#103-t1, previous=(t:1, i:22), leaderCommit=16, initializing? false, entries: <empty>
2019-09-12 04:03:30,524 [grpc-default-executor-6] INFO  impl.RaftServerProxy (RaftServerProxy.java:remove(95)) - d16d800f-a890-4a7a-bda4-5bf97a65c0f2: remove group-7A1668DFAB34:null
2019-09-12 04:03:30,532 [RatisPipelineUtilsThread] WARN  pipeline.RatisPipelineUtils (RatisPipelineUtils.java:destroyPipeline(66)) - Pipeline destroy failed for pipeline=PipelineID=73e48434-27c3-4c74-96c6-7a1668dfab34 dn=d16d800f-a890-4a7a-bda4-5bf97a65c0f2{ip: 192.168.34.8, host: pr-hdds-1879-pbs75-1821932185, networkLocation: /default-rack, certSerialId: null}
2019-09-12 04:03:30,535 [grpc-default-executor-6] INFO  impl.RaftServerProxy (RaftServerProxy.java:remove(95)) - 41a8e196-af5b-4c71-b4d4-8d03270b35a0: remove group-7A1668DFAB34:null
2019-09-12 04:03:30,542 [RatisPipelineUtilsThread] WARN  pipeline.RatisPipelineUtils (RatisPipelineUtils.java:destroyPipeline(66)) - Pipeline destroy failed for pipeline=PipelineID=73e48434-27c3-4c74-96c6-7a1668dfab34 dn=41a8e196-af5b-4c71-b4d4-8d03270b35a0{ip: 192.168.34.8, host: pr-hdds-1879-pbs75-1821932185, networkLocation: /default-rack, certSerialId: null}
2019-09-12 04:03:30,545 [grpc-default-executor-6] INFO  impl.RaftServerProxy (RaftServerProxy.java:remove(95)) - e74ea0f8-bf41-4d93-a1fd-ac84c2b46512: remove group-7A1668DFAB34:null
2019-09-12 04:03:30,551 [RatisPipelineUtilsThread] WARN  pipeline.RatisPipelineUtils (RatisPipelineUtils.java:destroyPipeline(66)) - Pipeline destroy failed for pipeline=PipelineID=73e48434-27c3-4c74-96c6-7a1668dfab34 dn=e74ea0f8-bf41-4d93-a1fd-ac84c2b46512{ip: 192.168.34.8, host: pr-hdds-1879-pbs75-1821932185, networkLocation: /default-rack, certSerialId: null}
2019-09-12 04:03:30,551 [RatisPipelineUtilsThread] ERROR pipeline.SCMPipelineManager (Scheduler.java:lambda$schedule$1(70)) - Destroy pipeline failed for pipeline:Pipeline[ Id: 73e48434-27c3-4c74-96c6-7a1668dfab34, Nodes: d16d800f-a890-4a7a-bda4-5bf97a65c0f2{ip: 192.168.34.8, host: pr-hdds-1879-pbs75-1821932185, networkLocation: /default-rack, certSerialId: null}41a8e196-af5b-4c71-b4d4-8d03270b35a0{ip: 192.168.34.8, host: pr-hdds-1879-pbs75-1821932185, networkLocation: /default-rack, certSerialId: null}e74ea0f8-bf41-4d93-a1fd-ac84c2b46512{ip: 192.168.34.8, host: pr-hdds-1879-pbs75-1821932185, networkLocation: /default-rack, certSerialId: null}, Type:RATIS, Factor:THREE, State:CLOSED]
org.apache.hadoop.hdds.scm.pipeline.PipelineNotFoundException: PipelineID=73e48434-27c3-4c74-96c6-7a1668dfab34 not found
	at org.apache.hadoop.hdds.scm.pipeline.PipelineStateMap.getPipeline(PipelineStateMap.java:132)
	at org.apache.hadoop.hdds.scm.pipeline.PipelineStateMap.removePipeline(PipelineStateMap.java:322)
	at org.apache.hadoop.hdds.scm.pipeline.PipelineStateManager.removePipeline(PipelineStateManager.java:107)
	at org.apache.hadoop.hdds.scm.pipeline.SCMPipelineManager.removePipeline(SCMPipelineManager.java:423)
	at org.apache.hadoop.hdds.scm.pipeline.SCMPipelineManager.destroyPipeline(SCMPipelineManager.java:409)
	at org.apache.hadoop.hdds.scm.pipeline.SCMPipelineManager.lambda$finalizeAndDestroyPipeline$0(SCMPipelineManager.java:318)
	at org.apache.hadoop.utils.Scheduler.lambda$schedule$1(Scheduler.java:68)
	at java.util.concurrent.Executors$RunnableAdapter.call(Executors.java:511)
	at java.util.concurrent.FutureTask.run(FutureTask.java:266)
	at java.util.concurrent.ScheduledThreadPoolExecutor$ScheduledFutureTask.access$201(ScheduledThreadPoolExecutor.java:180)
	at java.util.concurrent.ScheduledThreadPoolExecutor$ScheduledFutureTask.run(ScheduledThreadPoolExecutor.java:293)
	at java.util.concurrent.ThreadPoolExecutor.runWorker(ThreadPoolExecutor.java:1149)
	at java.util.concurrent.ThreadPoolExecutor$Worker.run(ThreadPoolExecutor.java:624)
	at java.lang.Thread.run(Thread.java:748)
2019-09-12 04:03:32,447 [826a4c15-f032-4805-8cf4-5e11fe4a99d7@group-F484CCC1AA7A-SegmentedRaftLogWorker] WARN  segmented.SegmentedRaftLogWorker (SegmentedRaftLogWorker.java:getFromFuture(90)) - Timeout 1/~
org.apache.ratis.protocol.TimeoutIOException: Timeout 10s: WriteLog:17: (t:1, i:17), STATEMACHINELOGENTRY, client-EFFAA1C83E3D, cid=30-writeStateMachineData
	at org.apache.ratis.util.IOUtils.getFromFuture(IOUtils.java:87)
	at org.apache.ratis.server.raftlog.segmented.SegmentedRaftLogWorker$StateMachineDataPolicy.getFromFuture(SegmentedRaftLogWorker.java:87)
	at org.apache.ratis.server.raftlog.segmented.SegmentedRaftLogWorker$WriteLog.execute(SegmentedRaftLogWorker.java:477)
	at org.apache.ratis.server.raftlog.segmented.SegmentedRaftLogWorker.run(SegmentedRaftLogWorker.java:289)
	at java.lang.Thread.run(Thread.java:748)
Caused by: java.util.concurrent.TimeoutException
	at java.util.concurrent.CompletableFuture.timedGet(CompletableFuture.java:1771)
	at java.util.concurrent.CompletableFuture.get(CompletableFuture.java:1915)
	at org.apache.ratis.util.IOUtils.getFromFuture(IOUtils.java:79)
	... 4 more
2019-09-12 04:03:32,691 [grpc-default-executor-6] INFO  client.GrpcClientProtocolClient (GrpcClientProtocolClient.java:onNext(264)) - client-EFFAA1C83E3D->826a4c15-f032-4805-8cf4-5e11fe4a99d7: receive RaftClientReply:client-EFFAA1C83E3D->826a4c15-f032-4805-8cf4-5e11fe4a99d7@group-F484CCC1AA7A, cid=30, FAILED org.apache.ratis.protocol.NotLeaderException: Server 826a4c15-f032-4805-8cf4-5e11fe4a99d7@group-F484CCC1AA7A is not the leader cfbaf9ff-a5d2-4350-abbf-bcb1aefbe8d3:192.168.34.8:40308, logIndex=0, commits[826a4c15-f032-4805-8cf4-5e11fe4a99d7:c16, cfbaf9ff-a5d2-4350-abbf-bcb1aefbe8d3:c16, fc0aded7-5090-49ad-a6b0-e16cfe155c18:c14]
2019-09-12 04:03:32,786 [cfbaf9ff-a5d2-4350-abbf-bcb1aefbe8d3@group-F484CCC1AA7A-SegmentedRaftLogWorker] WARN  segmented.SegmentedRaftLogWorker (SegmentedRaftLogWorker.java:getFromFuture(90)) - Timeout 1/~
org.apache.ratis.protocol.TimeoutIOException: Timeout 10s: WriteLog:18: (t:1, i:18), STATEMACHINELOGENTRY, client-EFFAA1C83E3D, cid=31-writeStateMachineData
	at org.apache.ratis.util.IOUtils.getFromFuture(IOUtils.java:87)
	at org.apache.ratis.server.raftlog.segmented.SegmentedRaftLogWorker$StateMachineDataPolicy.getFromFuture(SegmentedRaftLogWorker.java:87)
	at org.apache.ratis.server.raftlog.segmented.SegmentedRaftLogWorker$WriteLog.execute(SegmentedRaftLogWorker.java:477)
	at org.apache.ratis.server.raftlog.segmented.SegmentedRaftLogWorker.run(SegmentedRaftLogWorker.java:289)
	at java.lang.Thread.run(Thread.java:748)
Caused by: java.util.concurrent.TimeoutException
	at java.util.concurrent.CompletableFuture.timedGet(CompletableFuture.java:1771)
	at java.util.concurrent.CompletableFuture.get(CompletableFuture.java:1915)
	at org.apache.ratis.util.IOUtils.getFromFuture(IOUtils.java:79)
	... 4 more
2019-09-12 04:03:32,787 [fc0aded7-5090-49ad-a6b0-e16cfe155c18@group-F484CCC1AA7A-SegmentedRaftLogWorker] WARN  segmented.SegmentedRaftLogWorker (SegmentedRaftLogWorker.java:getFromFuture(90)) - Timeout 1/~
org.apache.ratis.protocol.TimeoutIOException: Timeout 10s: WriteLog:18: (t:1, i:18), STATEMACHINELOGENTRY, client-EFFAA1C83E3D, cid=31-writeStateMachineData
	at org.apache.ratis.util.IOUtils.getFromFuture(IOUtils.java:87)
	at org.apache.ratis.server.raftlog.segmented.SegmentedRaftLogWorker$StateMachineDataPolicy.getFromFuture(SegmentedRaftLogWorker.java:87)
	at org.apache.ratis.server.raftlog.segmented.SegmentedRaftLogWorker$WriteLog.execute(SegmentedRaftLogWorker.java:477)
	at org.apache.ratis.server.raftlog.segmented.SegmentedRaftLogWorker.run(SegmentedRaftLogWorker.java:289)
	at java.lang.Thread.run(Thread.java:748)
Caused by: java.util.concurrent.TimeoutException
	at java.util.concurrent.CompletableFuture.timedGet(CompletableFuture.java:1771)
	at java.util.concurrent.CompletableFuture.get(CompletableFuture.java:1915)
	at org.apache.ratis.util.IOUtils.getFromFuture(IOUtils.java:79)
	... 4 more
2019-09-12 04:03:32,951 [java.util.concurrent.ThreadPoolExecutor$Worker@4b834a8d[State = -1, empty queue]] WARN  server.GrpcLogAppender (GrpcLogAppender.java:timeoutAppendRequest(200)) - cfbaf9ff-a5d2-4350-abbf-bcb1aefbe8d3@group-F484CCC1AA7A->fc0aded7-5090-49ad-a6b0-e16cfe155c18-GrpcLogAppender: appendEntries Timeout, request=cfbaf9ff-a5d2-4350-abbf-bcb1aefbe8d3->fc0aded7-5090-49ad-a6b0-e16cfe155c18#104-t1, previous=(t:1, i:22), leaderCommit=16, initializing? false, entries: <empty>
2019-09-12 04:03:32,951 [java.util.concurrent.ThreadPoolExecutor$Worker@76a00050[State = -1, empty queue]] WARN  server.GrpcLogAppender (GrpcLogAppender.java:timeoutAppendRequest(200)) - cfbaf9ff-a5d2-4350-abbf-bcb1aefbe8d3@group-F484CCC1AA7A->826a4c15-f032-4805-8cf4-5e11fe4a99d7-GrpcLogAppender: appendEntries Timeout, request=cfbaf9ff-a5d2-4350-abbf-bcb1aefbe8d3->826a4c15-f032-4805-8cf4-5e11fe4a99d7#104-t1, previous=(t:1, i:22), leaderCommit=16, initializing? false, entries: <empty>
2019-09-12 04:03:33,522 [grpc-default-executor-6] INFO  impl.RaftServerProxy (RaftServerProxy.java:remove(95)) - d16d800f-a890-4a7a-bda4-5bf97a65c0f2: remove group-7A1668DFAB34:null
2019-09-12 04:03:33,529 [RatisPipelineUtilsThread] WARN  pipeline.RatisPipelineUtils (RatisPipelineUtils.java:destroyPipeline(66)) - Pipeline destroy failed for pipeline=PipelineID=73e48434-27c3-4c74-96c6-7a1668dfab34 dn=d16d800f-a890-4a7a-bda4-5bf97a65c0f2{ip: 192.168.34.8, host: pr-hdds-1879-pbs75-1821932185, networkLocation: /default-rack, certSerialId: null}
2019-09-12 04:03:33,532 [grpc-default-executor-6] INFO  impl.RaftServerProxy (RaftServerProxy.java:remove(95)) - 41a8e196-af5b-4c71-b4d4-8d03270b35a0: remove group-7A1668DFAB34:null
2019-09-12 04:03:33,538 [RatisPipelineUtilsThread] WARN  pipeline.RatisPipelineUtils (RatisPipelineUtils.java:destroyPipeline(66)) - Pipeline destroy failed for pipeline=PipelineID=73e48434-27c3-4c74-96c6-7a1668dfab34 dn=41a8e196-af5b-4c71-b4d4-8d03270b35a0{ip: 192.168.34.8, host: pr-hdds-1879-pbs75-1821932185, networkLocation: /default-rack, certSerialId: null}
2019-09-12 04:03:33,541 [grpc-default-executor-6] INFO  impl.RaftServerProxy (RaftServerProxy.java:remove(95)) - e74ea0f8-bf41-4d93-a1fd-ac84c2b46512: remove group-7A1668DFAB34:null
2019-09-12 04:03:33,545 [RatisPipelineUtilsThread] WARN  pipeline.RatisPipelineUtils (RatisPipelineUtils.java:destroyPipeline(66)) - Pipeline destroy failed for pipeline=PipelineID=73e48434-27c3-4c74-96c6-7a1668dfab34 dn=e74ea0f8-bf41-4d93-a1fd-ac84c2b46512{ip: 192.168.34.8, host: pr-hdds-1879-pbs75-1821932185, networkLocation: /default-rack, certSerialId: null}
2019-09-12 04:03:33,545 [RatisPipelineUtilsThread] ERROR pipeline.SCMPipelineManager (Scheduler.java:lambda$schedule$1(70)) - Destroy pipeline failed for pipeline:Pipeline[ Id: 73e48434-27c3-4c74-96c6-7a1668dfab34, Nodes: d16d800f-a890-4a7a-bda4-5bf97a65c0f2{ip: 192.168.34.8, host: pr-hdds-1879-pbs75-1821932185, networkLocation: /default-rack, certSerialId: null}41a8e196-af5b-4c71-b4d4-8d03270b35a0{ip: 192.168.34.8, host: pr-hdds-1879-pbs75-1821932185, networkLocation: /default-rack, certSerialId: null}e74ea0f8-bf41-4d93-a1fd-ac84c2b46512{ip: 192.168.34.8, host: pr-hdds-1879-pbs75-1821932185, networkLocation: /default-rack, certSerialId: null}, Type:RATIS, Factor:THREE, State:CLOSED]
org.apache.hadoop.hdds.scm.pipeline.PipelineNotFoundException: PipelineID=73e48434-27c3-4c74-96c6-7a1668dfab34 not found
	at org.apache.hadoop.hdds.scm.pipeline.PipelineStateMap.getPipeline(PipelineStateMap.java:132)
	at org.apache.hadoop.hdds.scm.pipeline.PipelineStateMap.removePipeline(PipelineStateMap.java:322)
	at org.apache.hadoop.hdds.scm.pipeline.PipelineStateManager.removePipeline(PipelineStateManager.java:107)
	at org.apache.hadoop.hdds.scm.pipeline.SCMPipelineManager.removePipeline(SCMPipelineManager.java:423)
	at org.apache.hadoop.hdds.scm.pipeline.SCMPipelineManager.destroyPipeline(SCMPipelineManager.java:409)
	at org.apache.hadoop.hdds.scm.pipeline.SCMPipelineManager.lambda$finalizeAndDestroyPipeline$0(SCMPipelineManager.java:318)
	at org.apache.hadoop.utils.Scheduler.lambda$schedule$1(Scheduler.java:68)
	at java.util.concurrent.Executors$RunnableAdapter.call(Executors.java:511)
	at java.util.concurrent.FutureTask.run(FutureTask.java:266)
	at java.util.concurrent.ScheduledThreadPoolExecutor$ScheduledFutureTask.access$201(ScheduledThreadPoolExecutor.java:180)
	at java.util.concurrent.ScheduledThreadPoolExecutor$ScheduledFutureTask.run(ScheduledThreadPoolExecutor.java:293)
	at java.util.concurrent.ThreadPoolExecutor.runWorker(ThreadPoolExecutor.java:1149)
	at java.util.concurrent.ThreadPoolExecutor$Worker.run(ThreadPoolExecutor.java:624)
	at java.lang.Thread.run(Thread.java:748)
2019-09-12 04:03:35,452 [java.util.concurrent.ThreadPoolExecutor$Worker@4b834a8d[State = -1, empty queue]] WARN  server.GrpcLogAppender (GrpcLogAppender.java:timeoutAppendRequest(200)) - cfbaf9ff-a5d2-4350-abbf-bcb1aefbe8d3@group-F484CCC1AA7A->fc0aded7-5090-49ad-a6b0-e16cfe155c18-GrpcLogAppender: appendEntries Timeout, request=cfbaf9ff-a5d2-4350-abbf-bcb1aefbe8d3->fc0aded7-5090-49ad-a6b0-e16cfe155c18#105-t1, previous=(t:1, i:22), leaderCommit=16, initializing? false, entries: <empty>
2019-09-12 04:03:35,452 [java.util.concurrent.ThreadPoolExecutor$Worker@76a00050[State = -1, empty queue]] WARN  server.GrpcLogAppender (GrpcLogAppender.java:timeoutAppendRequest(200)) - cfbaf9ff-a5d2-4350-abbf-bcb1aefbe8d3@group-F484CCC1AA7A->826a4c15-f032-4805-8cf4-5e11fe4a99d7-GrpcLogAppender: appendEntries Timeout, request=cfbaf9ff-a5d2-4350-abbf-bcb1aefbe8d3->826a4c15-f032-4805-8cf4-5e11fe4a99d7#105-t1, previous=(t:1, i:22), leaderCommit=16, initializing? false, entries: <empty>
2019-09-12 04:03:35,523 [grpc-default-executor-7] INFO  impl.RaftServerProxy (RaftServerProxy.java:remove(95)) - d16d800f-a890-4a7a-bda4-5bf97a65c0f2: remove group-7A1668DFAB34:null
2019-09-12 04:03:35,531 [RatisPipelineUtilsThread] WARN  pipeline.RatisPipelineUtils (RatisPipelineUtils.java:destroyPipeline(66)) - Pipeline destroy failed for pipeline=PipelineID=73e48434-27c3-4c74-96c6-7a1668dfab34 dn=d16d800f-a890-4a7a-bda4-5bf97a65c0f2{ip: 192.168.34.8, host: pr-hdds-1879-pbs75-1821932185, networkLocation: /default-rack, certSerialId: null}
2019-09-12 04:03:35,535 [grpc-default-executor-7] INFO  impl.RaftServerProxy (RaftServerProxy.java:remove(95)) - 41a8e196-af5b-4c71-b4d4-8d03270b35a0: remove group-7A1668DFAB34:null
2019-09-12 04:03:35,541 [RatisPipelineUtilsThread] WARN  pipeline.RatisPipelineUtils (RatisPipelineUtils.java:destroyPipeline(66)) - Pipeline destroy failed for pipeline=PipelineID=73e48434-27c3-4c74-96c6-7a1668dfab34 dn=41a8e196-af5b-4c71-b4d4-8d03270b35a0{ip: 192.168.34.8, host: pr-hdds-1879-pbs75-1821932185, networkLocation: /default-rack, certSerialId: null}
2019-09-12 04:03:35,544 [grpc-default-executor-7] INFO  impl.RaftServerProxy (RaftServerProxy.java:remove(95)) - e74ea0f8-bf41-4d93-a1fd-ac84c2b46512: remove group-7A1668DFAB34:null
2019-09-12 04:03:35,550 [RatisPipelineUtilsThread] WARN  pipeline.RatisPipelineUtils (RatisPipelineUtils.java:destroyPipeline(66)) - Pipeline destroy failed for pipeline=PipelineID=73e48434-27c3-4c74-96c6-7a1668dfab34 dn=e74ea0f8-bf41-4d93-a1fd-ac84c2b46512{ip: 192.168.34.8, host: pr-hdds-1879-pbs75-1821932185, networkLocation: /default-rack, certSerialId: null}
2019-09-12 04:03:35,551 [RatisPipelineUtilsThread] ERROR pipeline.SCMPipelineManager (Scheduler.java:lambda$schedule$1(70)) - Destroy pipeline failed for pipeline:Pipeline[ Id: 73e48434-27c3-4c74-96c6-7a1668dfab34, Nodes: d16d800f-a890-4a7a-bda4-5bf97a65c0f2{ip: 192.168.34.8, host: pr-hdds-1879-pbs75-1821932185, networkLocation: /default-rack, certSerialId: null}41a8e196-af5b-4c71-b4d4-8d03270b35a0{ip: 192.168.34.8, host: pr-hdds-1879-pbs75-1821932185, networkLocation: /default-rack, certSerialId: null}e74ea0f8-bf41-4d93-a1fd-ac84c2b46512{ip: 192.168.34.8, host: pr-hdds-1879-pbs75-1821932185, networkLocation: /default-rack, certSerialId: null}, Type:RATIS, Factor:THREE, State:CLOSED]
org.apache.hadoop.hdds.scm.pipeline.PipelineNotFoundException: PipelineID=73e48434-27c3-4c74-96c6-7a1668dfab34 not found
	at org.apache.hadoop.hdds.scm.pipeline.PipelineStateMap.getPipeline(PipelineStateMap.java:132)
	at org.apache.hadoop.hdds.scm.pipeline.PipelineStateMap.removePipeline(PipelineStateMap.java:322)
	at org.apache.hadoop.hdds.scm.pipeline.PipelineStateManager.removePipeline(PipelineStateManager.java:107)
	at org.apache.hadoop.hdds.scm.pipeline.SCMPipelineManager.removePipeline(SCMPipelineManager.java:423)
	at org.apache.hadoop.hdds.scm.pipeline.SCMPipelineManager.destroyPipeline(SCMPipelineManager.java:409)
	at org.apache.hadoop.hdds.scm.pipeline.SCMPipelineManager.lambda$finalizeAndDestroyPipeline$0(SCMPipelineManager.java:318)
	at org.apache.hadoop.utils.Scheduler.lambda$schedule$1(Scheduler.java:68)
	at java.util.concurrent.Executors$RunnableAdapter.call(Executors.java:511)
	at java.util.concurrent.FutureTask.run(FutureTask.java:266)
	at java.util.concurrent.ScheduledThreadPoolExecutor$ScheduledFutureTask.access$201(ScheduledThreadPoolExecutor.java:180)
	at java.util.concurrent.ScheduledThreadPoolExecutor$ScheduledFutureTask.run(ScheduledThreadPoolExecutor.java:293)
	at java.util.concurrent.ThreadPoolExecutor.runWorker(ThreadPoolExecutor.java:1149)
	at java.util.concurrent.ThreadPoolExecutor$Worker.run(ThreadPoolExecutor.java:624)
	at java.lang.Thread.run(Thread.java:748)
2019-09-12 04:03:37,742 [grpc-default-executor-7] INFO  client.GrpcClientProtocolClient (GrpcClientProtocolClient.java:onNext(264)) - client-EFFAA1C83E3D->826a4c15-f032-4805-8cf4-5e11fe4a99d7: receive RaftClientReply:client-EFFAA1C83E3D->826a4c15-f032-4805-8cf4-5e11fe4a99d7@group-F484CCC1AA7A, cid=30, FAILED org.apache.ratis.protocol.NotLeaderException: Server 826a4c15-f032-4805-8cf4-5e11fe4a99d7@group-F484CCC1AA7A is not the leader cfbaf9ff-a5d2-4350-abbf-bcb1aefbe8d3:192.168.34.8:40308, logIndex=0, commits[826a4c15-f032-4805-8cf4-5e11fe4a99d7:c16, cfbaf9ff-a5d2-4350-abbf-bcb1aefbe8d3:c16, fc0aded7-5090-49ad-a6b0-e16cfe155c18:c14]
2019-09-12 04:03:37,953 [java.util.concurrent.ThreadPoolExecutor$Worker@76a00050[State = -1, empty queue]] WARN  server.GrpcLogAppender (GrpcLogAppender.java:timeoutAppendRequest(200)) - cfbaf9ff-a5d2-4350-abbf-bcb1aefbe8d3@group-F484CCC1AA7A->826a4c15-f032-4805-8cf4-5e11fe4a99d7-GrpcLogAppender: appendEntries Timeout, request=cfbaf9ff-a5d2-4350-abbf-bcb1aefbe8d3->826a4c15-f032-4805-8cf4-5e11fe4a99d7#106-t1, previous=(t:1, i:22), leaderCommit=16, initializing? false, entries: <empty>
2019-09-12 04:03:37,953 [java.util.concurrent.ThreadPoolExecutor$Worker@4b834a8d[State = -1, empty queue]] WARN  server.GrpcLogAppender (GrpcLogAppender.java:timeoutAppendRequest(200)) - cfbaf9ff-a5d2-4350-abbf-bcb1aefbe8d3@group-F484CCC1AA7A->fc0aded7-5090-49ad-a6b0-e16cfe155c18-GrpcLogAppender: appendEntries Timeout, request=cfbaf9ff-a5d2-4350-abbf-bcb1aefbe8d3->fc0aded7-5090-49ad-a6b0-e16cfe155c18#106-t1, previous=(t:1, i:22), leaderCommit=16, initializing? false, entries: <empty>
2019-09-12 04:03:38,524 [grpc-default-executor-7] INFO  impl.RaftServerProxy (RaftServerProxy.java:remove(95)) - d16d800f-a890-4a7a-bda4-5bf97a65c0f2: remove group-7A1668DFAB34:null
2019-09-12 04:03:38,532 [RatisPipelineUtilsThread] WARN  pipeline.RatisPipelineUtils (RatisPipelineUtils.java:destroyPipeline(66)) - Pipeline destroy failed for pipeline=PipelineID=73e48434-27c3-4c74-96c6-7a1668dfab34 dn=d16d800f-a890-4a7a-bda4-5bf97a65c0f2{ip: 192.168.34.8, host: pr-hdds-1879-pbs75-1821932185, networkLocation: /default-rack, certSerialId: null}
2019-09-12 04:03:38,536 [grpc-default-executor-7] INFO  impl.RaftServerProxy (RaftServerProxy.java:remove(95)) - 41a8e196-af5b-4c71-b4d4-8d03270b35a0: remove group-7A1668DFAB34:null
2019-09-12 04:03:38,543 [RatisPipelineUtilsThread] WARN  pipeline.RatisPipelineUtils (RatisPipelineUtils.java:destroyPipeline(66)) - Pipeline destroy failed for pipeline=PipelineID=73e48434-27c3-4c74-96c6-7a1668dfab34 dn=41a8e196-af5b-4c71-b4d4-8d03270b35a0{ip: 192.168.34.8, host: pr-hdds-1879-pbs75-1821932185, networkLocation: /default-rack, certSerialId: null}
2019-09-12 04:03:38,547 [grpc-default-executor-7] INFO  impl.RaftServerProxy (RaftServerProxy.java:remove(95)) - e74ea0f8-bf41-4d93-a1fd-ac84c2b46512: remove group-7A1668DFAB34:null
2019-09-12 04:03:38,554 [RatisPipelineUtilsThread] WARN  pipeline.RatisPipelineUtils (RatisPipelineUtils.java:destroyPipeline(66)) - Pipeline destroy failed for pipeline=PipelineID=73e48434-27c3-4c74-96c6-7a1668dfab34 dn=e74ea0f8-bf41-4d93-a1fd-ac84c2b46512{ip: 192.168.34.8, host: pr-hdds-1879-pbs75-1821932185, networkLocation: /default-rack, certSerialId: null}
2019-09-12 04:03:38,555 [RatisPipelineUtilsThread] ERROR pipeline.SCMPipelineManager (Scheduler.java:lambda$schedule$1(70)) - Destroy pipeline failed for pipeline:Pipeline[ Id: 73e48434-27c3-4c74-96c6-7a1668dfab34, Nodes: d16d800f-a890-4a7a-bda4-5bf97a65c0f2{ip: 192.168.34.8, host: pr-hdds-1879-pbs75-1821932185, networkLocation: /default-rack, certSerialId: null}41a8e196-af5b-4c71-b4d4-8d03270b35a0{ip: 192.168.34.8, host: pr-hdds-1879-pbs75-1821932185, networkLocation: /default-rack, certSerialId: null}e74ea0f8-bf41-4d93-a1fd-ac84c2b46512{ip: 192.168.34.8, host: pr-hdds-1879-pbs75-1821932185, networkLocation: /default-rack, certSerialId: null}, Type:RATIS, Factor:THREE, State:CLOSED]
org.apache.hadoop.hdds.scm.pipeline.PipelineNotFoundException: PipelineID=73e48434-27c3-4c74-96c6-7a1668dfab34 not found
	at org.apache.hadoop.hdds.scm.pipeline.PipelineStateMap.getPipeline(PipelineStateMap.java:132)
	at org.apache.hadoop.hdds.scm.pipeline.PipelineStateMap.removePipeline(PipelineStateMap.java:322)
	at org.apache.hadoop.hdds.scm.pipeline.PipelineStateManager.removePipeline(PipelineStateManager.java:107)
	at org.apache.hadoop.hdds.scm.pipeline.SCMPipelineManager.removePipeline(SCMPipelineManager.java:423)
	at org.apache.hadoop.hdds.scm.pipeline.SCMPipelineManager.destroyPipeline(SCMPipelineManager.java:409)
	at org.apache.hadoop.hdds.scm.pipeline.SCMPipelineManager.lambda$finalizeAndDestroyPipeline$0(SCMPipelineManager.java:318)
	at org.apache.hadoop.utils.Scheduler.lambda$schedule$1(Scheduler.java:68)
	at java.util.concurrent.Executors$RunnableAdapter.call(Executors.java:511)
	at java.util.concurrent.FutureTask.run(FutureTask.java:266)
	at java.util.concurrent.ScheduledThreadPoolExecutor$ScheduledFutureTask.access$201(ScheduledThreadPoolExecutor.java:180)
	at java.util.concurrent.ScheduledThreadPoolExecutor$ScheduledFutureTask.run(ScheduledThreadPoolExecutor.java:293)
	at java.util.concurrent.ThreadPoolExecutor.runWorker(ThreadPoolExecutor.java:1149)
	at java.util.concurrent.ThreadPoolExecutor$Worker.run(ThreadPoolExecutor.java:624)
	at java.lang.Thread.run(Thread.java:748)
2019-09-12 04:03:40,455 [java.util.concurrent.ThreadPoolExecutor$Worker@76a00050[State = -1, empty queue]] WARN  server.GrpcLogAppender (GrpcLogAppender.java:timeoutAppendRequest(200)) - cfbaf9ff-a5d2-4350-abbf-bcb1aefbe8d3@group-F484CCC1AA7A->826a4c15-f032-4805-8cf4-5e11fe4a99d7-GrpcLogAppender: appendEntries Timeout, request=cfbaf9ff-a5d2-4350-abbf-bcb1aefbe8d3->826a4c15-f032-4805-8cf4-5e11fe4a99d7#107-t1, previous=(t:1, i:22), leaderCommit=16, initializing? false, entries: <empty>
2019-09-12 04:03:40,455 [java.util.concurrent.ThreadPoolExecutor$Worker@4b834a8d[State = -1, empty queue]] WARN  server.GrpcLogAppender (GrpcLogAppender.java:timeoutAppendRequest(200)) - cfbaf9ff-a5d2-4350-abbf-bcb1aefbe8d3@group-F484CCC1AA7A->fc0aded7-5090-49ad-a6b0-e16cfe155c18-GrpcLogAppender: appendEntries Timeout, request=cfbaf9ff-a5d2-4350-abbf-bcb1aefbe8d3->fc0aded7-5090-49ad-a6b0-e16cfe155c18#107-t1, previous=(t:1, i:22), leaderCommit=16, initializing? false, entries: <empty>
2019-09-12 04:03:40,530 [grpc-default-executor-6] INFO  impl.RaftServerProxy (RaftServerProxy.java:remove(95)) - d16d800f-a890-4a7a-bda4-5bf97a65c0f2: remove group-7A1668DFAB34:null
2019-09-12 04:03:40,540 [RatisPipelineUtilsThread] WARN  pipeline.RatisPipelineUtils (RatisPipelineUtils.java:destroyPipeline(66)) - Pipeline destroy failed for pipeline=PipelineID=73e48434-27c3-4c74-96c6-7a1668dfab34 dn=d16d800f-a890-4a7a-bda4-5bf97a65c0f2{ip: 192.168.34.8, host: pr-hdds-1879-pbs75-1821932185, networkLocation: /default-rack, certSerialId: null}
2019-09-12 04:03:40,545 [grpc-default-executor-6] INFO  impl.RaftServerProxy (RaftServerProxy.java:remove(95)) - 41a8e196-af5b-4c71-b4d4-8d03270b35a0: remove group-7A1668DFAB34:null
2019-09-12 04:03:40,552 [RatisPipelineUtilsThread] WARN  pipeline.RatisPipelineUtils (RatisPipelineUtils.java:destroyPipeline(66)) - Pipeline destroy failed for pipeline=PipelineID=73e48434-27c3-4c74-96c6-7a1668dfab34 dn=41a8e196-af5b-4c71-b4d4-8d03270b35a0{ip: 192.168.34.8, host: pr-hdds-1879-pbs75-1821932185, networkLocation: /default-rack, certSerialId: null}
2019-09-12 04:03:40,556 [grpc-default-executor-6] INFO  impl.RaftServerProxy (RaftServerProxy.java:remove(95)) - e74ea0f8-bf41-4d93-a1fd-ac84c2b46512: remove group-7A1668DFAB34:null
2019-09-12 04:03:40,563 [RatisPipelineUtilsThread] WARN  pipeline.RatisPipelineUtils (RatisPipelineUtils.java:destroyPipeline(66)) - Pipeline destroy failed for pipeline=PipelineID=73e48434-27c3-4c74-96c6-7a1668dfab34 dn=e74ea0f8-bf41-4d93-a1fd-ac84c2b46512{ip: 192.168.34.8, host: pr-hdds-1879-pbs75-1821932185, networkLocation: /default-rack, certSerialId: null}
2019-09-12 04:03:40,564 [RatisPipelineUtilsThread] ERROR pipeline.SCMPipelineManager (Scheduler.java:lambda$schedule$1(70)) - Destroy pipeline failed for pipeline:Pipeline[ Id: 73e48434-27c3-4c74-96c6-7a1668dfab34, Nodes: d16d800f-a890-4a7a-bda4-5bf97a65c0f2{ip: 192.168.34.8, host: pr-hdds-1879-pbs75-1821932185, networkLocation: /default-rack, certSerialId: null}41a8e196-af5b-4c71-b4d4-8d03270b35a0{ip: 192.168.34.8, host: pr-hdds-1879-pbs75-1821932185, networkLocation: /default-rack, certSerialId: null}e74ea0f8-bf41-4d93-a1fd-ac84c2b46512{ip: 192.168.34.8, host: pr-hdds-1879-pbs75-1821932185, networkLocation: /default-rack, certSerialId: null}, Type:RATIS, Factor:THREE, State:CLOSED]
org.apache.hadoop.hdds.scm.pipeline.PipelineNotFoundException: PipelineID=73e48434-27c3-4c74-96c6-7a1668dfab34 not found
	at org.apache.hadoop.hdds.scm.pipeline.PipelineStateMap.getPipeline(PipelineStateMap.java:132)
	at org.apache.hadoop.hdds.scm.pipeline.PipelineStateMap.removePipeline(PipelineStateMap.java:322)
	at org.apache.hadoop.hdds.scm.pipeline.PipelineStateManager.removePipeline(PipelineStateManager.java:107)
	at org.apache.hadoop.hdds.scm.pipeline.SCMPipelineManager.removePipeline(SCMPipelineManager.java:423)
	at org.apache.hadoop.hdds.scm.pipeline.SCMPipelineManager.destroyPipeline(SCMPipelineManager.java:409)
	at org.apache.hadoop.hdds.scm.pipeline.SCMPipelineManager.lambda$finalizeAndDestroyPipeline$0(SCMPipelineManager.java:318)
	at org.apache.hadoop.utils.Scheduler.lambda$schedule$1(Scheduler.java:68)
	at java.util.concurrent.Executors$RunnableAdapter.call(Executors.java:511)
	at java.util.concurrent.FutureTask.run(FutureTask.java:266)
	at java.util.concurrent.ScheduledThreadPoolExecutor$ScheduledFutureTask.access$201(ScheduledThreadPoolExecutor.java:180)
	at java.util.concurrent.ScheduledThreadPoolExecutor$ScheduledFutureTask.run(ScheduledThreadPoolExecutor.java:293)
	at java.util.concurrent.ThreadPoolExecutor.runWorker(ThreadPoolExecutor.java:1149)
	at java.util.concurrent.ThreadPoolExecutor$Worker.run(ThreadPoolExecutor.java:624)
	at java.lang.Thread.run(Thread.java:748)
2019-09-12 04:03:42,449 [826a4c15-f032-4805-8cf4-5e11fe4a99d7@group-F484CCC1AA7A-SegmentedRaftLogWorker] WARN  segmented.SegmentedRaftLogWorker (SegmentedRaftLogWorker.java:getFromFuture(90)) - Timeout 2/~
org.apache.ratis.protocol.TimeoutIOException: Timeout 10s: WriteLog:17: (t:1, i:17), STATEMACHINELOGENTRY, client-EFFAA1C83E3D, cid=30-writeStateMachineData
	at org.apache.ratis.util.IOUtils.getFromFuture(IOUtils.java:87)
	at org.apache.ratis.server.raftlog.segmented.SegmentedRaftLogWorker$StateMachineDataPolicy.getFromFuture(SegmentedRaftLogWorker.java:87)
	at org.apache.ratis.server.raftlog.segmented.SegmentedRaftLogWorker$WriteLog.execute(SegmentedRaftLogWorker.java:477)
	at org.apache.ratis.server.raftlog.segmented.SegmentedRaftLogWorker.run(SegmentedRaftLogWorker.java:289)
	at java.lang.Thread.run(Thread.java:748)
Caused by: java.util.concurrent.TimeoutException
	at java.util.concurrent.CompletableFuture.timedGet(CompletableFuture.java:1771)
	at java.util.concurrent.CompletableFuture.get(CompletableFuture.java:1915)
	at org.apache.ratis.util.IOUtils.getFromFuture(IOUtils.java:79)
	... 4 more
2019-09-12 04:03:42,789 [fc0aded7-5090-49ad-a6b0-e16cfe155c18@group-F484CCC1AA7A-SegmentedRaftLogWorker] WARN  segmented.SegmentedRaftLogWorker (SegmentedRaftLogWorker.java:getFromFuture(90)) - Timeout 2/~
org.apache.ratis.protocol.TimeoutIOException: Timeout 10s: WriteLog:18: (t:1, i:18), STATEMACHINELOGENTRY, client-EFFAA1C83E3D, cid=31-writeStateMachineData
	at org.apache.ratis.util.IOUtils.getFromFuture(IOUtils.java:87)
	at org.apache.ratis.server.raftlog.segmented.SegmentedRaftLogWorker$StateMachineDataPolicy.getFromFuture(SegmentedRaftLogWorker.java:87)
	at org.apache.ratis.server.raftlog.segmented.SegmentedRaftLogWorker$WriteLog.execute(SegmentedRaftLogWorker.java:477)
	at org.apache.ratis.server.raftlog.segmented.SegmentedRaftLogWorker.run(SegmentedRaftLogWorker.java:289)
	at java.lang.Thread.run(Thread.java:748)
Caused by: java.util.concurrent.TimeoutException
	at java.util.concurrent.CompletableFuture.timedGet(CompletableFuture.java:1771)
	at java.util.concurrent.CompletableFuture.get(CompletableFuture.java:1915)
	at org.apache.ratis.util.IOUtils.getFromFuture(IOUtils.java:79)
	... 4 more
2019-09-12 04:03:42,789 [cfbaf9ff-a5d2-4350-abbf-bcb1aefbe8d3@group-F484CCC1AA7A-SegmentedRaftLogWorker] WARN  segmented.SegmentedRaftLogWorker (SegmentedRaftLogWorker.java:getFromFuture(90)) - Timeout 2/~
org.apache.ratis.protocol.TimeoutIOException: Timeout 10s: WriteLog:18: (t:1, i:18), STATEMACHINELOGENTRY, client-EFFAA1C83E3D, cid=31-writeStateMachineData
	at org.apache.ratis.util.IOUtils.getFromFuture(IOUtils.java:87)
	at org.apache.ratis.server.raftlog.segmented.SegmentedRaftLogWorker$StateMachineDataPolicy.getFromFuture(SegmentedRaftLogWorker.java:87)
	at org.apache.ratis.server.raftlog.segmented.SegmentedRaftLogWorker$WriteLog.execute(SegmentedRaftLogWorker.java:477)
	at org.apache.ratis.server.raftlog.segmented.SegmentedRaftLogWorker.run(SegmentedRaftLogWorker.java:289)
	at java.lang.Thread.run(Thread.java:748)
Caused by: java.util.concurrent.TimeoutException
	at java.util.concurrent.CompletableFuture.timedGet(CompletableFuture.java:1771)
	at java.util.concurrent.CompletableFuture.get(CompletableFuture.java:1915)
	at org.apache.ratis.util.IOUtils.getFromFuture(IOUtils.java:79)
	... 4 more
2019-09-12 04:03:42,801 [grpc-default-executor-7] INFO  client.GrpcClientProtocolClient (GrpcClientProtocolClient.java:onNext(264)) - client-EFFAA1C83E3D->fc0aded7-5090-49ad-a6b0-e16cfe155c18: receive RaftClientReply:client-EFFAA1C83E3D->fc0aded7-5090-49ad-a6b0-e16cfe155c18@group-F484CCC1AA7A, cid=30, FAILED org.apache.ratis.protocol.NotLeaderException: Server fc0aded7-5090-49ad-a6b0-e16cfe155c18@group-F484CCC1AA7A is not the leader cfbaf9ff-a5d2-4350-abbf-bcb1aefbe8d3:192.168.34.8:40308, logIndex=0, commits[fc0aded7-5090-49ad-a6b0-e16cfe155c18:c16, 826a4c15-f032-4805-8cf4-5e11fe4a99d7:c14, cfbaf9ff-a5d2-4350-abbf-bcb1aefbe8d3:c16]
2019-09-12 04:03:42,956 [java.util.concurrent.ThreadPoolExecutor$Worker@76a00050[State = -1, empty queue]] WARN  server.GrpcLogAppender (GrpcLogAppender.java:timeoutAppendRequest(200)) - cfbaf9ff-a5d2-4350-abbf-bcb1aefbe8d3@group-F484CCC1AA7A->826a4c15-f032-4805-8cf4-5e11fe4a99d7-GrpcLogAppender: appendEntries Timeout, request=cfbaf9ff-a5d2-4350-abbf-bcb1aefbe8d3->826a4c15-f032-4805-8cf4-5e11fe4a99d7#108-t1, previous=(t:1, i:22), leaderCommit=16, initializing? false, entries: <empty>
2019-09-12 04:03:42,956 [java.util.concurrent.ThreadPoolExecutor$Worker@4b834a8d[State = -1, empty queue]] WARN  server.GrpcLogAppender (GrpcLogAppender.java:timeoutAppendRequest(200)) - cfbaf9ff-a5d2-4350-abbf-bcb1aefbe8d3@group-F484CCC1AA7A->fc0aded7-5090-49ad-a6b0-e16cfe155c18-GrpcLogAppender: appendEntries Timeout, request=cfbaf9ff-a5d2-4350-abbf-bcb1aefbe8d3->fc0aded7-5090-49ad-a6b0-e16cfe155c18#108-t1, previous=(t:1, i:22), leaderCommit=16, initializing? false, entries: <empty>
2019-09-12 04:03:43,526 [grpc-default-executor-6] INFO  impl.RaftServerProxy (RaftServerProxy.java:remove(95)) - d16d800f-a890-4a7a-bda4-5bf97a65c0f2: remove group-7A1668DFAB34:null
2019-09-12 04:03:43,534 [RatisPipelineUtilsThread] WARN  pipeline.RatisPipelineUtils (RatisPipelineUtils.java:destroyPipeline(66)) - Pipeline destroy failed for pipeline=PipelineID=73e48434-27c3-4c74-96c6-7a1668dfab34 dn=d16d800f-a890-4a7a-bda4-5bf97a65c0f2{ip: 192.168.34.8, host: pr-hdds-1879-pbs75-1821932185, networkLocation: /default-rack, certSerialId: null}
2019-09-12 04:03:43,537 [grpc-default-executor-6] INFO  impl.RaftServerProxy (RaftServerProxy.java:remove(95)) - 41a8e196-af5b-4c71-b4d4-8d03270b35a0: remove group-7A1668DFAB34:null
2019-09-12 04:03:43,550 [RatisPipelineUtilsThread] WARN  pipeline.RatisPipelineUtils (RatisPipelineUtils.java:destroyPipeline(66)) - Pipeline destroy failed for pipeline=PipelineID=73e48434-27c3-4c74-96c6-7a1668dfab34 dn=41a8e196-af5b-4c71-b4d4-8d03270b35a0{ip: 192.168.34.8, host: pr-hdds-1879-pbs75-1821932185, networkLocation: /default-rack, certSerialId: null}
2019-09-12 04:03:43,553 [grpc-default-executor-6] INFO  impl.RaftServerProxy (RaftServerProxy.java:remove(95)) - e74ea0f8-bf41-4d93-a1fd-ac84c2b46512: remove group-7A1668DFAB34:null
2019-09-12 04:03:43,556 [RatisPipelineUtilsThread] WARN  pipeline.RatisPipelineUtils (RatisPipelineUtils.java:destroyPipeline(66)) - Pipeline destroy failed for pipeline=PipelineID=73e48434-27c3-4c74-96c6-7a1668dfab34 dn=e74ea0f8-bf41-4d93-a1fd-ac84c2b46512{ip: 192.168.34.8, host: pr-hdds-1879-pbs75-1821932185, networkLocation: /default-rack, certSerialId: null}
2019-09-12 04:03:43,557 [RatisPipelineUtilsThread] ERROR pipeline.SCMPipelineManager (Scheduler.java:lambda$schedule$1(70)) - Destroy pipeline failed for pipeline:Pipeline[ Id: 73e48434-27c3-4c74-96c6-7a1668dfab34, Nodes: d16d800f-a890-4a7a-bda4-5bf97a65c0f2{ip: 192.168.34.8, host: pr-hdds-1879-pbs75-1821932185, networkLocation: /default-rack, certSerialId: null}41a8e196-af5b-4c71-b4d4-8d03270b35a0{ip: 192.168.34.8, host: pr-hdds-1879-pbs75-1821932185, networkLocation: /default-rack, certSerialId: null}e74ea0f8-bf41-4d93-a1fd-ac84c2b46512{ip: 192.168.34.8, host: pr-hdds-1879-pbs75-1821932185, networkLocation: /default-rack, certSerialId: null}, Type:RATIS, Factor:THREE, State:CLOSED]
org.apache.hadoop.hdds.scm.pipeline.PipelineNotFoundException: PipelineID=73e48434-27c3-4c74-96c6-7a1668dfab34 not found
	at org.apache.hadoop.hdds.scm.pipeline.PipelineStateMap.getPipeline(PipelineStateMap.java:132)
	at org.apache.hadoop.hdds.scm.pipeline.PipelineStateMap.removePipeline(PipelineStateMap.java:322)
	at org.apache.hadoop.hdds.scm.pipeline.PipelineStateManager.removePipeline(PipelineStateManager.java:107)
	at org.apache.hadoop.hdds.scm.pipeline.SCMPipelineManager.removePipeline(SCMPipelineManager.java:423)
	at org.apache.hadoop.hdds.scm.pipeline.SCMPipelineManager.destroyPipeline(SCMPipelineManager.java:409)
	at org.apache.hadoop.hdds.scm.pipeline.SCMPipelineManager.lambda$finalizeAndDestroyPipeline$0(SCMPipelineManager.java:318)
	at org.apache.hadoop.utils.Scheduler.lambda$schedule$1(Scheduler.java:68)
	at java.util.concurrent.Executors$RunnableAdapter.call(Executors.java:511)
	at java.util.concurrent.FutureTask.run(FutureTask.java:266)
	at java.util.concurrent.ScheduledThreadPoolExecutor$ScheduledFutureTask.access$201(ScheduledThreadPoolExecutor.java:180)
	at java.util.concurrent.ScheduledThreadPoolExecutor$ScheduledFutureTask.run(ScheduledThreadPoolExecutor.java:293)
	at java.util.concurrent.ThreadPoolExecutor.runWorker(ThreadPoolExecutor.java:1149)
	at java.util.concurrent.ThreadPoolExecutor$Worker.run(ThreadPoolExecutor.java:624)
	at java.lang.Thread.run(Thread.java:748)
2019-09-12 04:03:45,456 [java.util.concurrent.ThreadPoolExecutor$Worker@76a00050[State = -1, empty queue]] WARN  server.GrpcLogAppender (GrpcLogAppender.java:timeoutAppendRequest(200)) - cfbaf9ff-a5d2-4350-abbf-bcb1aefbe8d3@group-F484CCC1AA7A->826a4c15-f032-4805-8cf4-5e11fe4a99d7-GrpcLogAppender: appendEntries Timeout, request=cfbaf9ff-a5d2-4350-abbf-bcb1aefbe8d3->826a4c15-f032-4805-8cf4-5e11fe4a99d7#109-t1, previous=(t:1, i:22), leaderCommit=16, initializing? false, entries: <empty>
2019-09-12 04:03:45,456 [java.util.concurrent.ThreadPoolExecutor$Worker@4b834a8d[State = -1, empty queue]] WARN  server.GrpcLogAppender (GrpcLogAppender.java:timeoutAppendRequest(200)) - cfbaf9ff-a5d2-4350-abbf-bcb1aefbe8d3@group-F484CCC1AA7A->fc0aded7-5090-49ad-a6b0-e16cfe155c18-GrpcLogAppender: appendEntries Timeout, request=cfbaf9ff-a5d2-4350-abbf-bcb1aefbe8d3->fc0aded7-5090-49ad-a6b0-e16cfe155c18#109-t1, previous=(t:1, i:22), leaderCommit=16, initializing? false, entries: <empty>
2019-09-12 04:03:45,525 [grpc-default-executor-7] INFO  impl.RaftServerProxy (RaftServerProxy.java:remove(95)) - d16d800f-a890-4a7a-bda4-5bf97a65c0f2: remove group-7A1668DFAB34:null
2019-09-12 04:03:45,530 [RatisPipelineUtilsThread] WARN  pipeline.RatisPipelineUtils (RatisPipelineUtils.java:destroyPipeline(66)) - Pipeline destroy failed for pipeline=PipelineID=73e48434-27c3-4c74-96c6-7a1668dfab34 dn=d16d800f-a890-4a7a-bda4-5bf97a65c0f2{ip: 192.168.34.8, host: pr-hdds-1879-pbs75-1821932185, networkLocation: /default-rack, certSerialId: null}
2019-09-12 04:03:45,533 [grpc-default-executor-7] INFO  impl.RaftServerProxy (RaftServerProxy.java:remove(95)) - 41a8e196-af5b-4c71-b4d4-8d03270b35a0: remove group-7A1668DFAB34:null
2019-09-12 04:03:45,536 [RatisPipelineUtilsThread] WARN  pipeline.RatisPipelineUtils (RatisPipelineUtils.java:destroyPipeline(66)) - Pipeline destroy failed for pipeline=PipelineID=73e48434-27c3-4c74-96c6-7a1668dfab34 dn=41a8e196-af5b-4c71-b4d4-8d03270b35a0{ip: 192.168.34.8, host: pr-hdds-1879-pbs75-1821932185, networkLocation: /default-rack, certSerialId: null}
2019-09-12 04:03:45,539 [grpc-default-executor-7] INFO  impl.RaftServerProxy (RaftServerProxy.java:remove(95)) - e74ea0f8-bf41-4d93-a1fd-ac84c2b46512: remove group-7A1668DFAB34:null
2019-09-12 04:03:45,541 [RatisPipelineUtilsThread] WARN  pipeline.RatisPipelineUtils (RatisPipelineUtils.java:destroyPipeline(66)) - Pipeline destroy failed for pipeline=PipelineID=73e48434-27c3-4c74-96c6-7a1668dfab34 dn=e74ea0f8-bf41-4d93-a1fd-ac84c2b46512{ip: 192.168.34.8, host: pr-hdds-1879-pbs75-1821932185, networkLocation: /default-rack, certSerialId: null}
2019-09-12 04:03:45,541 [RatisPipelineUtilsThread] ERROR pipeline.SCMPipelineManager (Scheduler.java:lambda$schedule$1(70)) - Destroy pipeline failed for pipeline:Pipeline[ Id: 73e48434-27c3-4c74-96c6-7a1668dfab34, Nodes: d16d800f-a890-4a7a-bda4-5bf97a65c0f2{ip: 192.168.34.8, host: pr-hdds-1879-pbs75-1821932185, networkLocation: /default-rack, certSerialId: null}41a8e196-af5b-4c71-b4d4-8d03270b35a0{ip: 192.168.34.8, host: pr-hdds-1879-pbs75-1821932185, networkLocation: /default-rack, certSerialId: null}e74ea0f8-bf41-4d93-a1fd-ac84c2b46512{ip: 192.168.34.8, host: pr-hdds-1879-pbs75-1821932185, networkLocation: /default-rack, certSerialId: null}, Type:RATIS, Factor:THREE, State:CLOSED]
org.apache.hadoop.hdds.scm.pipeline.PipelineNotFoundException: PipelineID=73e48434-27c3-4c74-96c6-7a1668dfab34 not found
	at org.apache.hadoop.hdds.scm.pipeline.PipelineStateMap.getPipeline(PipelineStateMap.java:132)
	at org.apache.hadoop.hdds.scm.pipeline.PipelineStateMap.removePipeline(PipelineStateMap.java:322)
	at org.apache.hadoop.hdds.scm.pipeline.PipelineStateManager.removePipeline(PipelineStateManager.java:107)
	at org.apache.hadoop.hdds.scm.pipeline.SCMPipelineManager.removePipeline(SCMPipelineManager.java:423)
	at org.apache.hadoop.hdds.scm.pipeline.SCMPipelineManager.destroyPipeline(SCMPipelineManager.java:409)
	at org.apache.hadoop.hdds.scm.pipeline.SCMPipelineManager.lambda$finalizeAndDestroyPipeline$0(SCMPipelineManager.java:318)
	at org.apache.hadoop.utils.Scheduler.lambda$schedule$1(Scheduler.java:68)
	at java.util.concurrent.Executors$RunnableAdapter.call(Executors.java:511)
	at java.util.concurrent.FutureTask.run(FutureTask.java:266)
	at java.util.concurrent.ScheduledThreadPoolExecutor$ScheduledFutureTask.access$201(ScheduledThreadPoolExecutor.java:180)
	at java.util.concurrent.ScheduledThreadPoolExecutor$ScheduledFutureTask.run(ScheduledThreadPoolExecutor.java:293)
	at java.util.concurrent.ThreadPoolExecutor.runWorker(ThreadPoolExecutor.java:1149)
	at java.util.concurrent.ThreadPoolExecutor$Worker.run(ThreadPoolExecutor.java:624)
	at java.lang.Thread.run(Thread.java:748)
2019-09-12 04:03:47,851 [grpc-default-executor-7] INFO  client.GrpcClientProtocolClient (GrpcClientProtocolClient.java:onNext(264)) - client-EFFAA1C83E3D->fc0aded7-5090-49ad-a6b0-e16cfe155c18: receive RaftClientReply:client-EFFAA1C83E3D->fc0aded7-5090-49ad-a6b0-e16cfe155c18@group-F484CCC1AA7A, cid=30, FAILED org.apache.ratis.protocol.NotLeaderException: Server fc0aded7-5090-49ad-a6b0-e16cfe155c18@group-F484CCC1AA7A is not the leader cfbaf9ff-a5d2-4350-abbf-bcb1aefbe8d3:192.168.34.8:40308, logIndex=0, commits[fc0aded7-5090-49ad-a6b0-e16cfe155c18:c16, 826a4c15-f032-4805-8cf4-5e11fe4a99d7:c14, cfbaf9ff-a5d2-4350-abbf-bcb1aefbe8d3:c16]
2019-09-12 04:03:47,957 [java.util.concurrent.ThreadPoolExecutor$Worker@76a00050[State = -1, empty queue]] WARN  server.GrpcLogAppender (GrpcLogAppender.java:timeoutAppendRequest(200)) - cfbaf9ff-a5d2-4350-abbf-bcb1aefbe8d3@group-F484CCC1AA7A->826a4c15-f032-4805-8cf4-5e11fe4a99d7-GrpcLogAppender: appendEntries Timeout, request=cfbaf9ff-a5d2-4350-abbf-bcb1aefbe8d3->826a4c15-f032-4805-8cf4-5e11fe4a99d7#110-t1, previous=(t:1, i:22), leaderCommit=16, initializing? false, entries: <empty>
2019-09-12 04:03:47,957 [java.util.concurrent.ThreadPoolExecutor$Worker@4b834a8d[State = -1, empty queue]] WARN  server.GrpcLogAppender (GrpcLogAppender.java:timeoutAppendRequest(200)) - cfbaf9ff-a5d2-4350-abbf-bcb1aefbe8d3@group-F484CCC1AA7A->fc0aded7-5090-49ad-a6b0-e16cfe155c18-GrpcLogAppender: appendEntries Timeout, request=cfbaf9ff-a5d2-4350-abbf-bcb1aefbe8d3->fc0aded7-5090-49ad-a6b0-e16cfe155c18#110-t1, previous=(t:1, i:22), leaderCommit=16, initializing? false, entries: <empty>
2019-09-12 04:03:48,527 [grpc-default-executor-6] INFO  impl.RaftServerProxy (RaftServerProxy.java:remove(95)) - d16d800f-a890-4a7a-bda4-5bf97a65c0f2: remove group-7A1668DFAB34:null
2019-09-12 04:03:48,531 [RatisPipelineUtilsThread] WARN  pipeline.RatisPipelineUtils (RatisPipelineUtils.java:destroyPipeline(66)) - Pipeline destroy failed for pipeline=PipelineID=73e48434-27c3-4c74-96c6-7a1668dfab34 dn=d16d800f-a890-4a7a-bda4-5bf97a65c0f2{ip: 192.168.34.8, host: pr-hdds-1879-pbs75-1821932185, networkLocation: /default-rack, certSerialId: null}
2019-09-12 04:03:48,534 [grpc-default-executor-6] INFO  impl.RaftServerProxy (RaftServerProxy.java:remove(95)) - 41a8e196-af5b-4c71-b4d4-8d03270b35a0: remove group-7A1668DFAB34:null
2019-09-12 04:03:48,536 [RatisPipelineUtilsThread] WARN  pipeline.RatisPipelineUtils (RatisPipelineUtils.java:destroyPipeline(66)) - Pipeline destroy failed for pipeline=PipelineID=73e48434-27c3-4c74-96c6-7a1668dfab34 dn=41a8e196-af5b-4c71-b4d4-8d03270b35a0{ip: 192.168.34.8, host: pr-hdds-1879-pbs75-1821932185, networkLocation: /default-rack, certSerialId: null}
2019-09-12 04:03:48,539 [grpc-default-executor-6] INFO  impl.RaftServerProxy (RaftServerProxy.java:remove(95)) - e74ea0f8-bf41-4d93-a1fd-ac84c2b46512: remove group-7A1668DFAB34:null
2019-09-12 04:03:48,541 [RatisPipelineUtilsThread] WARN  pipeline.RatisPipelineUtils (RatisPipelineUtils.java:destroyPipeline(66)) - Pipeline destroy failed for pipeline=PipelineID=73e48434-27c3-4c74-96c6-7a1668dfab34 dn=e74ea0f8-bf41-4d93-a1fd-ac84c2b46512{ip: 192.168.34.8, host: pr-hdds-1879-pbs75-1821932185, networkLocation: /default-rack, certSerialId: null}
2019-09-12 04:03:48,541 [RatisPipelineUtilsThread] ERROR pipeline.SCMPipelineManager (Scheduler.java:lambda$schedule$1(70)) - Destroy pipeline failed for pipeline:Pipeline[ Id: 73e48434-27c3-4c74-96c6-7a1668dfab34, Nodes: d16d800f-a890-4a7a-bda4-5bf97a65c0f2{ip: 192.168.34.8, host: pr-hdds-1879-pbs75-1821932185, networkLocation: /default-rack, certSerialId: null}41a8e196-af5b-4c71-b4d4-8d03270b35a0{ip: 192.168.34.8, host: pr-hdds-1879-pbs75-1821932185, networkLocation: /default-rack, certSerialId: null}e74ea0f8-bf41-4d93-a1fd-ac84c2b46512{ip: 192.168.34.8, host: pr-hdds-1879-pbs75-1821932185, networkLocation: /default-rack, certSerialId: null}, Type:RATIS, Factor:THREE, State:CLOSED]
org.apache.hadoop.hdds.scm.pipeline.PipelineNotFoundException: PipelineID=73e48434-27c3-4c74-96c6-7a1668dfab34 not found
	at org.apache.hadoop.hdds.scm.pipeline.PipelineStateMap.getPipeline(PipelineStateMap.java:132)
	at org.apache.hadoop.hdds.scm.pipeline.PipelineStateMap.removePipeline(PipelineStateMap.java:322)
	at org.apache.hadoop.hdds.scm.pipeline.PipelineStateManager.removePipeline(PipelineStateManager.java:107)
	at org.apache.hadoop.hdds.scm.pipeline.SCMPipelineManager.removePipeline(SCMPipelineManager.java:423)
	at org.apache.hadoop.hdds.scm.pipeline.SCMPipelineManager.destroyPipeline(SCMPipelineManager.java:409)
	at org.apache.hadoop.hdds.scm.pipeline.SCMPipelineManager.lambda$finalizeAndDestroyPipeline$0(SCMPipelineManager.java:318)
	at org.apache.hadoop.utils.Scheduler.lambda$schedule$1(Scheduler.java:68)
	at java.util.concurrent.Executors$RunnableAdapter.call(Executors.java:511)
	at java.util.concurrent.FutureTask.run(FutureTask.java:266)
	at java.util.concurrent.ScheduledThreadPoolExecutor$ScheduledFutureTask.access$201(ScheduledThreadPoolExecutor.java:180)
	at java.util.concurrent.ScheduledThreadPoolExecutor$ScheduledFutureTask.run(ScheduledThreadPoolExecutor.java:293)
	at java.util.concurrent.ThreadPoolExecutor.runWorker(ThreadPoolExecutor.java:1149)
	at java.util.concurrent.ThreadPoolExecutor$Worker.run(ThreadPoolExecutor.java:624)
	at java.lang.Thread.run(Thread.java:748)
2019-09-12 04:03:50,457 [java.util.concurrent.ThreadPoolExecutor$Worker@76a00050[State = -1, empty queue]] WARN  server.GrpcLogAppender (GrpcLogAppender.java:timeoutAppendRequest(200)) - cfbaf9ff-a5d2-4350-abbf-bcb1aefbe8d3@group-F484CCC1AA7A->826a4c15-f032-4805-8cf4-5e11fe4a99d7-GrpcLogAppender: appendEntries Timeout, request=cfbaf9ff-a5d2-4350-abbf-bcb1aefbe8d3->826a4c15-f032-4805-8cf4-5e11fe4a99d7#111-t1, previous=(t:1, i:22), leaderCommit=16, initializing? false, entries: <empty>
2019-09-12 04:03:50,457 [java.util.concurrent.ThreadPoolExecutor$Worker@4b834a8d[State = -1, empty queue]] WARN  server.GrpcLogAppender (GrpcLogAppender.java:timeoutAppendRequest(200)) - cfbaf9ff-a5d2-4350-abbf-bcb1aefbe8d3@group-F484CCC1AA7A->fc0aded7-5090-49ad-a6b0-e16cfe155c18-GrpcLogAppender: appendEntries Timeout, request=cfbaf9ff-a5d2-4350-abbf-bcb1aefbe8d3->fc0aded7-5090-49ad-a6b0-e16cfe155c18#111-t1, previous=(t:1, i:22), leaderCommit=16, initializing? false, entries: <empty>
2019-09-12 04:03:50,524 [grpc-default-executor-7] INFO  impl.RaftServerProxy (RaftServerProxy.java:remove(95)) - d16d800f-a890-4a7a-bda4-5bf97a65c0f2: remove group-7A1668DFAB34:null
2019-09-12 04:03:50,527 [RatisPipelineUtilsThread] WARN  pipeline.RatisPipelineUtils (RatisPipelineUtils.java:destroyPipeline(66)) - Pipeline destroy failed for pipeline=PipelineID=73e48434-27c3-4c74-96c6-7a1668dfab34 dn=d16d800f-a890-4a7a-bda4-5bf97a65c0f2{ip: 192.168.34.8, host: pr-hdds-1879-pbs75-1821932185, networkLocation: /default-rack, certSerialId: null}
2019-09-12 04:03:50,530 [grpc-default-executor-7] INFO  impl.RaftServerProxy (RaftServerProxy.java:remove(95)) - 41a8e196-af5b-4c71-b4d4-8d03270b35a0: remove group-7A1668DFAB34:null
2019-09-12 04:03:50,533 [RatisPipelineUtilsThread] WARN  pipeline.RatisPipelineUtils (RatisPipelineUtils.java:destroyPipeline(66)) - Pipeline destroy failed for pipeline=PipelineID=73e48434-27c3-4c74-96c6-7a1668dfab34 dn=41a8e196-af5b-4c71-b4d4-8d03270b35a0{ip: 192.168.34.8, host: pr-hdds-1879-pbs75-1821932185, networkLocation: /default-rack, certSerialId: null}
2019-09-12 04:03:50,536 [grpc-default-executor-7] INFO  impl.RaftServerProxy (RaftServerProxy.java:remove(95)) - e74ea0f8-bf41-4d93-a1fd-ac84c2b46512: remove group-7A1668DFAB34:null
2019-09-12 04:03:50,538 [RatisPipelineUtilsThread] WARN  pipeline.RatisPipelineUtils (RatisPipelineUtils.java:destroyPipeline(66)) - Pipeline destroy failed for pipeline=PipelineID=73e48434-27c3-4c74-96c6-7a1668dfab34 dn=e74ea0f8-bf41-4d93-a1fd-ac84c2b46512{ip: 192.168.34.8, host: pr-hdds-1879-pbs75-1821932185, networkLocation: /default-rack, certSerialId: null}
2019-09-12 04:03:50,538 [RatisPipelineUtilsThread] ERROR pipeline.SCMPipelineManager (Scheduler.java:lambda$schedule$1(70)) - Destroy pipeline failed for pipeline:Pipeline[ Id: 73e48434-27c3-4c74-96c6-7a1668dfab34, Nodes: d16d800f-a890-4a7a-bda4-5bf97a65c0f2{ip: 192.168.34.8, host: pr-hdds-1879-pbs75-1821932185, networkLocation: /default-rack, certSerialId: null}41a8e196-af5b-4c71-b4d4-8d03270b35a0{ip: 192.168.34.8, host: pr-hdds-1879-pbs75-1821932185, networkLocation: /default-rack, certSerialId: null}e74ea0f8-bf41-4d93-a1fd-ac84c2b46512{ip: 192.168.34.8, host: pr-hdds-1879-pbs75-1821932185, networkLocation: /default-rack, certSerialId: null}, Type:RATIS, Factor:THREE, State:CLOSED]
org.apache.hadoop.hdds.scm.pipeline.PipelineNotFoundException: PipelineID=73e48434-27c3-4c74-96c6-7a1668dfab34 not found
	at org.apache.hadoop.hdds.scm.pipeline.PipelineStateMap.getPipeline(PipelineStateMap.java:132)
	at org.apache.hadoop.hdds.scm.pipeline.PipelineStateMap.removePipeline(PipelineStateMap.java:322)
	at org.apache.hadoop.hdds.scm.pipeline.PipelineStateManager.removePipeline(PipelineStateManager.java:107)
	at org.apache.hadoop.hdds.scm.pipeline.SCMPipelineManager.removePipeline(SCMPipelineManager.java:423)
	at org.apache.hadoop.hdds.scm.pipeline.SCMPipelineManager.destroyPipeline(SCMPipelineManager.java:409)
	at org.apache.hadoop.hdds.scm.pipeline.SCMPipelineManager.lambda$finalizeAndDestroyPipeline$0(SCMPipelineManager.java:318)
	at org.apache.hadoop.utils.Scheduler.lambda$schedule$1(Scheduler.java:68)
	at java.util.concurrent.Executors$RunnableAdapter.call(Executors.java:511)
	at java.util.concurrent.FutureTask.run(FutureTask.java:266)
	at java.util.concurrent.ScheduledThreadPoolExecutor$ScheduledFutureTask.access$201(ScheduledThreadPoolExecutor.java:180)
	at java.util.concurrent.ScheduledThreadPoolExecutor$ScheduledFutureTask.run(ScheduledThreadPoolExecutor.java:293)
	at java.util.concurrent.ThreadPoolExecutor.runWorker(ThreadPoolExecutor.java:1149)
	at java.util.concurrent.ThreadPoolExecutor$Worker.run(ThreadPoolExecutor.java:624)
	at java.lang.Thread.run(Thread.java:748)
2019-09-12 04:03:52,450 [826a4c15-f032-4805-8cf4-5e11fe4a99d7@group-F484CCC1AA7A-SegmentedRaftLogWorker] WARN  segmented.SegmentedRaftLogWorker (SegmentedRaftLogWorker.java:getFromFuture(90)) - Timeout 3/~
org.apache.ratis.protocol.TimeoutIOException: Timeout 10s: WriteLog:17: (t:1, i:17), STATEMACHINELOGENTRY, client-EFFAA1C83E3D, cid=30-writeStateMachineData
	at org.apache.ratis.util.IOUtils.getFromFuture(IOUtils.java:87)
	at org.apache.ratis.server.raftlog.segmented.SegmentedRaftLogWorker$StateMachineDataPolicy.getFromFuture(SegmentedRaftLogWorker.java:87)
	at org.apache.ratis.server.raftlog.segmented.SegmentedRaftLogWorker$WriteLog.execute(SegmentedRaftLogWorker.java:477)
	at org.apache.ratis.server.raftlog.segmented.SegmentedRaftLogWorker.run(SegmentedRaftLogWorker.java:289)
	at java.lang.Thread.run(Thread.java:748)
Caused by: java.util.concurrent.TimeoutException
	at java.util.concurrent.CompletableFuture.timedGet(CompletableFuture.java:1771)
	at java.util.concurrent.CompletableFuture.get(CompletableFuture.java:1915)
	at org.apache.ratis.util.IOUtils.getFromFuture(IOUtils.java:79)
	... 4 more
2019-09-12 04:03:52,791 [fc0aded7-5090-49ad-a6b0-e16cfe155c18@group-F484CCC1AA7A-SegmentedRaftLogWorker] WARN  segmented.SegmentedRaftLogWorker (SegmentedRaftLogWorker.java:getFromFuture(90)) - Timeout 3/~
org.apache.ratis.protocol.TimeoutIOException: Timeout 10s: WriteLog:18: (t:1, i:18), STATEMACHINELOGENTRY, client-EFFAA1C83E3D, cid=31-writeStateMachineData
	at org.apache.ratis.util.IOUtils.getFromFuture(IOUtils.java:87)
	at org.apache.ratis.server.raftlog.segmented.SegmentedRaftLogWorker$StateMachineDataPolicy.getFromFuture(SegmentedRaftLogWorker.java:87)
	at org.apache.ratis.server.raftlog.segmented.SegmentedRaftLogWorker$WriteLog.execute(SegmentedRaftLogWorker.java:477)
	at org.apache.ratis.server.raftlog.segmented.SegmentedRaftLogWorker.run(SegmentedRaftLogWorker.java:289)
	at java.lang.Thread.run(Thread.java:748)
Caused by: java.util.concurrent.TimeoutException
	at java.util.concurrent.CompletableFuture.timedGet(CompletableFuture.java:1771)
	at java.util.concurrent.CompletableFuture.get(CompletableFuture.java:1915)
	at org.apache.ratis.util.IOUtils.getFromFuture(IOUtils.java:79)
	... 4 more
2019-09-12 04:03:52,791 [cfbaf9ff-a5d2-4350-abbf-bcb1aefbe8d3@group-F484CCC1AA7A-SegmentedRaftLogWorker] WARN  segmented.SegmentedRaftLogWorker (SegmentedRaftLogWorker.java:getFromFuture(90)) - Timeout 3/~
org.apache.ratis.protocol.TimeoutIOException: Timeout 10s: WriteLog:18: (t:1, i:18), STATEMACHINELOGENTRY, client-EFFAA1C83E3D, cid=31-writeStateMachineData
	at org.apache.ratis.util.IOUtils.getFromFuture(IOUtils.java:87)
	at org.apache.ratis.server.raftlog.segmented.SegmentedRaftLogWorker$StateMachineDataPolicy.getFromFuture(SegmentedRaftLogWorker.java:87)
	at org.apache.ratis.server.raftlog.segmented.SegmentedRaftLogWorker$WriteLog.execute(SegmentedRaftLogWorker.java:477)
	at org.apache.ratis.server.raftlog.segmented.SegmentedRaftLogWorker.run(SegmentedRaftLogWorker.java:289)
	at java.lang.Thread.run(Thread.java:748)
Caused by: java.util.concurrent.TimeoutException
	at java.util.concurrent.CompletableFuture.timedGet(CompletableFuture.java:1771)
	at java.util.concurrent.CompletableFuture.get(CompletableFuture.java:1915)
	at org.apache.ratis.util.IOUtils.getFromFuture(IOUtils.java:79)
	... 4 more
2019-09-12 04:03:52,887 [grpc-default-executor-7] INFO  client.GrpcClientProtocolClient (GrpcClientProtocolClient.java:onNext(264)) - client-EFFAA1C83E3D->fc0aded7-5090-49ad-a6b0-e16cfe155c18: receive RaftClientReply:client-EFFAA1C83E3D->fc0aded7-5090-49ad-a6b0-e16cfe155c18@group-F484CCC1AA7A, cid=30, FAILED org.apache.ratis.protocol.NotLeaderException: Server fc0aded7-5090-49ad-a6b0-e16cfe155c18@group-F484CCC1AA7A is not the leader cfbaf9ff-a5d2-4350-abbf-bcb1aefbe8d3:192.168.34.8:40308, logIndex=0, commits[fc0aded7-5090-49ad-a6b0-e16cfe155c18:c16, 826a4c15-f032-4805-8cf4-5e11fe4a99d7:c14, cfbaf9ff-a5d2-4350-abbf-bcb1aefbe8d3:c16]
2019-09-12 04:03:52,957 [java.util.concurrent.ThreadPoolExecutor$Worker@4b834a8d[State = -1, empty queue]] WARN  server.GrpcLogAppender (GrpcLogAppender.java:timeoutAppendRequest(200)) - cfbaf9ff-a5d2-4350-abbf-bcb1aefbe8d3@group-F484CCC1AA7A->fc0aded7-5090-49ad-a6b0-e16cfe155c18-GrpcLogAppender: appendEntries Timeout, request=cfbaf9ff-a5d2-4350-abbf-bcb1aefbe8d3->fc0aded7-5090-49ad-a6b0-e16cfe155c18#112-t1, previous=(t:1, i:22), leaderCommit=16, initializing? false, entries: <empty>
2019-09-12 04:03:52,957 [java.util.concurrent.ThreadPoolExecutor$Worker@76a00050[State = -1, empty queue]] WARN  server.GrpcLogAppender (GrpcLogAppender.java:timeoutAppendRequest(200)) - cfbaf9ff-a5d2-4350-abbf-bcb1aefbe8d3@group-F484CCC1AA7A->826a4c15-f032-4805-8cf4-5e11fe4a99d7-GrpcLogAppender: appendEntries Timeout, request=cfbaf9ff-a5d2-4350-abbf-bcb1aefbe8d3->826a4c15-f032-4805-8cf4-5e11fe4a99d7#112-t1, previous=(t:1, i:22), leaderCommit=16, initializing? false, entries: <empty>
2019-09-12 04:03:53,526 [grpc-default-executor-6] INFO  impl.RaftServerProxy (RaftServerProxy.java:remove(95)) - d16d800f-a890-4a7a-bda4-5bf97a65c0f2: remove group-7A1668DFAB34:null
2019-09-12 04:03:53,529 [RatisPipelineUtilsThread] WARN  pipeline.RatisPipelineUtils (RatisPipelineUtils.java:destroyPipeline(66)) - Pipeline destroy failed for pipeline=PipelineID=73e48434-27c3-4c74-96c6-7a1668dfab34 dn=d16d800f-a890-4a7a-bda4-5bf97a65c0f2{ip: 192.168.34.8, host: pr-hdds-1879-pbs75-1821932185, networkLocation: /default-rack, certSerialId: null}
2019-09-12 04:03:53,533 [grpc-default-executor-6] INFO  impl.RaftServerProxy (RaftServerProxy.java:remove(95)) - 41a8e196-af5b-4c71-b4d4-8d03270b35a0: remove group-7A1668DFAB34:null
2019-09-12 04:03:53,536 [RatisPipelineUtilsThread] WARN  pipeline.RatisPipelineUtils (RatisPipelineUtils.java:destroyPipeline(66)) - Pipeline destroy failed for pipeline=PipelineID=73e48434-27c3-4c74-96c6-7a1668dfab34 dn=41a8e196-af5b-4c71-b4d4-8d03270b35a0{ip: 192.168.34.8, host: pr-hdds-1879-pbs75-1821932185, networkLocation: /default-rack, certSerialId: null}
2019-09-12 04:03:53,539 [grpc-default-executor-6] INFO  impl.RaftServerProxy (RaftServerProxy.java:remove(95)) - e74ea0f8-bf41-4d93-a1fd-ac84c2b46512: remove group-7A1668DFAB34:null
2019-09-12 04:03:53,542 [RatisPipelineUtilsThread] WARN  pipeline.RatisPipelineUtils (RatisPipelineUtils.java:destroyPipeline(66)) - Pipeline destroy failed for pipeline=PipelineID=73e48434-27c3-4c74-96c6-7a1668dfab34 dn=e74ea0f8-bf41-4d93-a1fd-ac84c2b46512{ip: 192.168.34.8, host: pr-hdds-1879-pbs75-1821932185, networkLocation: /default-rack, certSerialId: null}
2019-09-12 04:03:53,542 [RatisPipelineUtilsThread] ERROR pipeline.SCMPipelineManager (Scheduler.java:lambda$schedule$1(70)) - Destroy pipeline failed for pipeline:Pipeline[ Id: 73e48434-27c3-4c74-96c6-7a1668dfab34, Nodes: d16d800f-a890-4a7a-bda4-5bf97a65c0f2{ip: 192.168.34.8, host: pr-hdds-1879-pbs75-1821932185, networkLocation: /default-rack, certSerialId: null}41a8e196-af5b-4c71-b4d4-8d03270b35a0{ip: 192.168.34.8, host: pr-hdds-1879-pbs75-1821932185, networkLocation: /default-rack, certSerialId: null}e74ea0f8-bf41-4d93-a1fd-ac84c2b46512{ip: 192.168.34.8, host: pr-hdds-1879-pbs75-1821932185, networkLocation: /default-rack, certSerialId: null}, Type:RATIS, Factor:THREE, State:CLOSED]
org.apache.hadoop.hdds.scm.pipeline.PipelineNotFoundException: PipelineID=73e48434-27c3-4c74-96c6-7a1668dfab34 not found
	at org.apache.hadoop.hdds.scm.pipeline.PipelineStateMap.getPipeline(PipelineStateMap.java:132)
	at org.apache.hadoop.hdds.scm.pipeline.PipelineStateMap.removePipeline(PipelineStateMap.java:322)
	at org.apache.hadoop.hdds.scm.pipeline.PipelineStateManager.removePipeline(PipelineStateManager.java:107)
	at org.apache.hadoop.hdds.scm.pipeline.SCMPipelineManager.removePipeline(SCMPipelineManager.java:423)
	at org.apache.hadoop.hdds.scm.pipeline.SCMPipelineManager.destroyPipeline(SCMPipelineManager.java:409)
	at org.apache.hadoop.hdds.scm.pipeline.SCMPipelineManager.lambda$finalizeAndDestroyPipeline$0(SCMPipelineManager.java:318)
	at org.apache.hadoop.utils.Scheduler.lambda$schedule$1(Scheduler.java:68)
	at java.util.concurrent.Executors$RunnableAdapter.call(Executors.java:511)
	at java.util.concurrent.FutureTask.run(FutureTask.java:266)
	at java.util.concurrent.ScheduledThreadPoolExecutor$ScheduledFutureTask.access$201(ScheduledThreadPoolExecutor.java:180)
	at java.util.concurrent.ScheduledThreadPoolExecutor$ScheduledFutureTask.run(ScheduledThreadPoolExecutor.java:293)
	at java.util.concurrent.ThreadPoolExecutor.runWorker(ThreadPoolExecutor.java:1149)
	at java.util.concurrent.ThreadPoolExecutor$Worker.run(ThreadPoolExecutor.java:624)
	at java.lang.Thread.run(Thread.java:748)
2019-09-12 04:03:55,458 [java.util.concurrent.ThreadPoolExecutor$Worker@76a00050[State = -1, empty queue]] WARN  server.GrpcLogAppender (GrpcLogAppender.java:timeoutAppendRequest(200)) - cfbaf9ff-a5d2-4350-abbf-bcb1aefbe8d3@group-F484CCC1AA7A->826a4c15-f032-4805-8cf4-5e11fe4a99d7-GrpcLogAppender: appendEntries Timeout, request=cfbaf9ff-a5d2-4350-abbf-bcb1aefbe8d3->826a4c15-f032-4805-8cf4-5e11fe4a99d7#113-t1, previous=(t:1, i:22), leaderCommit=16, initializing? false, entries: <empty>
2019-09-12 04:03:55,458 [java.util.concurrent.ThreadPoolExecutor$Worker@4b834a8d[State = -1, empty queue]] WARN  server.GrpcLogAppender (GrpcLogAppender.java:timeoutAppendRequest(200)) - cfbaf9ff-a5d2-4350-abbf-bcb1aefbe8d3@group-F484CCC1AA7A->fc0aded7-5090-49ad-a6b0-e16cfe155c18-GrpcLogAppender: appendEntries Timeout, request=cfbaf9ff-a5d2-4350-abbf-bcb1aefbe8d3->fc0aded7-5090-49ad-a6b0-e16cfe155c18#113-t1, previous=(t:1, i:22), leaderCommit=16, initializing? false, entries: <empty>
2019-09-12 04:03:55,532 [grpc-default-executor-6] INFO  impl.RaftServerProxy (RaftServerProxy.java:remove(95)) - d16d800f-a890-4a7a-bda4-5bf97a65c0f2: remove group-7A1668DFAB34:null
2019-09-12 04:03:55,537 [RatisPipelineUtilsThread] WARN  pipeline.RatisPipelineUtils (RatisPipelineUtils.java:destroyPipeline(66)) - Pipeline destroy failed for pipeline=PipelineID=73e48434-27c3-4c74-96c6-7a1668dfab34 dn=d16d800f-a890-4a7a-bda4-5bf97a65c0f2{ip: 192.168.34.8, host: pr-hdds-1879-pbs75-1821932185, networkLocation: /default-rack, certSerialId: null}
2019-09-12 04:03:55,541 [grpc-default-executor-6] INFO  impl.RaftServerProxy (RaftServerProxy.java:remove(95)) - 41a8e196-af5b-4c71-b4d4-8d03270b35a0: remove group-7A1668DFAB34:null
2019-09-12 04:03:55,543 [RatisPipelineUtilsThread] WARN  pipeline.RatisPipelineUtils (RatisPipelineUtils.java:destroyPipeline(66)) - Pipeline destroy failed for pipeline=PipelineID=73e48434-27c3-4c74-96c6-7a1668dfab34 dn=41a8e196-af5b-4c71-b4d4-8d03270b35a0{ip: 192.168.34.8, host: pr-hdds-1879-pbs75-1821932185, networkLocation: /default-rack, certSerialId: null}
2019-09-12 04:03:55,546 [grpc-default-executor-6] INFO  impl.RaftServerProxy (RaftServerProxy.java:remove(95)) - e74ea0f8-bf41-4d93-a1fd-ac84c2b46512: remove group-7A1668DFAB34:null
2019-09-12 04:03:55,548 [RatisPipelineUtilsThread] WARN  pipeline.RatisPipelineUtils (RatisPipelineUtils.java:destroyPipeline(66)) - Pipeline destroy failed for pipeline=PipelineID=73e48434-27c3-4c74-96c6-7a1668dfab34 dn=e74ea0f8-bf41-4d93-a1fd-ac84c2b46512{ip: 192.168.34.8, host: pr-hdds-1879-pbs75-1821932185, networkLocation: /default-rack, certSerialId: null}
2019-09-12 04:03:55,548 [RatisPipelineUtilsThread] ERROR pipeline.SCMPipelineManager (Scheduler.java:lambda$schedule$1(70)) - Destroy pipeline failed for pipeline:Pipeline[ Id: 73e48434-27c3-4c74-96c6-7a1668dfab34, Nodes: d16d800f-a890-4a7a-bda4-5bf97a65c0f2{ip: 192.168.34.8, host: pr-hdds-1879-pbs75-1821932185, networkLocation: /default-rack, certSerialId: null}41a8e196-af5b-4c71-b4d4-8d03270b35a0{ip: 192.168.34.8, host: pr-hdds-1879-pbs75-1821932185, networkLocation: /default-rack, certSerialId: null}e74ea0f8-bf41-4d93-a1fd-ac84c2b46512{ip: 192.168.34.8, host: pr-hdds-1879-pbs75-1821932185, networkLocation: /default-rack, certSerialId: null}, Type:RATIS, Factor:THREE, State:CLOSED]
org.apache.hadoop.hdds.scm.pipeline.PipelineNotFoundException: PipelineID=73e48434-27c3-4c74-96c6-7a1668dfab34 not found
	at org.apache.hadoop.hdds.scm.pipeline.PipelineStateMap.getPipeline(PipelineStateMap.java:132)
	at org.apache.hadoop.hdds.scm.pipeline.PipelineStateMap.removePipeline(PipelineStateMap.java:322)
	at org.apache.hadoop.hdds.scm.pipeline.PipelineStateManager.removePipeline(PipelineStateManager.java:107)
	at org.apache.hadoop.hdds.scm.pipeline.SCMPipelineManager.removePipeline(SCMPipelineManager.java:423)
	at org.apache.hadoop.hdds.scm.pipeline.SCMPipelineManager.destroyPipeline(SCMPipelineManager.java:409)
	at org.apache.hadoop.hdds.scm.pipeline.SCMPipelineManager.lambda$finalizeAndDestroyPipeline$0(SCMPipelineManager.java:318)
	at org.apache.hadoop.utils.Scheduler.lambda$schedule$1(Scheduler.java:68)
	at java.util.concurrent.Executors$RunnableAdapter.call(Executors.java:511)
	at java.util.concurrent.FutureTask.run(FutureTask.java:266)
	at java.util.concurrent.ScheduledThreadPoolExecutor$ScheduledFutureTask.access$201(ScheduledThreadPoolExecutor.java:180)
	at java.util.concurrent.ScheduledThreadPoolExecutor$ScheduledFutureTask.run(ScheduledThreadPoolExecutor.java:293)
	at java.util.concurrent.ThreadPoolExecutor.runWorker(ThreadPoolExecutor.java:1149)
	at java.util.concurrent.ThreadPoolExecutor$Worker.run(ThreadPoolExecutor.java:624)
	at java.lang.Thread.run(Thread.java:748)
2019-09-12 04:03:57,944 [grpc-default-executor-7] INFO  client.GrpcClientProtocolClient (GrpcClientProtocolClient.java:onNext(264)) - client-EFFAA1C83E3D->fc0aded7-5090-49ad-a6b0-e16cfe155c18: receive RaftClientReply:client-EFFAA1C83E3D->fc0aded7-5090-49ad-a6b0-e16cfe155c18@group-F484CCC1AA7A, cid=30, FAILED org.apache.ratis.protocol.NotLeaderException: Server fc0aded7-5090-49ad-a6b0-e16cfe155c18@group-F484CCC1AA7A is not the leader cfbaf9ff-a5d2-4350-abbf-bcb1aefbe8d3:192.168.34.8:40308, logIndex=0, commits[fc0aded7-5090-49ad-a6b0-e16cfe155c18:c16, 826a4c15-f032-4805-8cf4-5e11fe4a99d7:c14, cfbaf9ff-a5d2-4350-abbf-bcb1aefbe8d3:c16]
2019-09-12 04:03:57,959 [java.util.concurrent.ThreadPoolExecutor$Worker@76a00050[State = -1, empty queue]] WARN  server.GrpcLogAppender (GrpcLogAppender.java:timeoutAppendRequest(200)) - cfbaf9ff-a5d2-4350-abbf-bcb1aefbe8d3@group-F484CCC1AA7A->826a4c15-f032-4805-8cf4-5e11fe4a99d7-GrpcLogAppender: appendEntries Timeout, request=cfbaf9ff-a5d2-4350-abbf-bcb1aefbe8d3->826a4c15-f032-4805-8cf4-5e11fe4a99d7#114-t1, previous=(t:1, i:22), leaderCommit=16, initializing? false, entries: <empty>
2019-09-12 04:03:57,959 [java.util.concurrent.ThreadPoolExecutor$Worker@4b834a8d[State = -1, empty queue]] WARN  server.GrpcLogAppender (GrpcLogAppender.java:timeoutAppendRequest(200)) - cfbaf9ff-a5d2-4350-abbf-bcb1aefbe8d3@group-F484CCC1AA7A->fc0aded7-5090-49ad-a6b0-e16cfe155c18-GrpcLogAppender: appendEntries Timeout, request=cfbaf9ff-a5d2-4350-abbf-bcb1aefbe8d3->fc0aded7-5090-49ad-a6b0-e16cfe155c18#114-t1, previous=(t:1, i:22), leaderCommit=16, initializing? false, entries: <empty>
2019-09-12 04:03:58,527 [grpc-default-executor-7] INFO  impl.RaftServerProxy (RaftServerProxy.java:remove(95)) - d16d800f-a890-4a7a-bda4-5bf97a65c0f2: remove group-7A1668DFAB34:null
2019-09-12 04:03:58,532 [RatisPipelineUtilsThread] WARN  pipeline.RatisPipelineUtils (RatisPipelineUtils.java:destroyPipeline(66)) - Pipeline destroy failed for pipeline=PipelineID=73e48434-27c3-4c74-96c6-7a1668dfab34 dn=d16d800f-a890-4a7a-bda4-5bf97a65c0f2{ip: 192.168.34.8, host: pr-hdds-1879-pbs75-1821932185, networkLocation: /default-rack, certSerialId: null}
2019-09-12 04:03:58,535 [grpc-default-executor-7] INFO  impl.RaftServerProxy (RaftServerProxy.java:remove(95)) - 41a8e196-af5b-4c71-b4d4-8d03270b35a0: remove group-7A1668DFAB34:null
2019-09-12 04:03:58,537 [RatisPipelineUtilsThread] WARN  pipeline.RatisPipelineUtils (RatisPipelineUtils.java:destroyPipeline(66)) - Pipeline destroy failed for pipeline=PipelineID=73e48434-27c3-4c74-96c6-7a1668dfab34 dn=41a8e196-af5b-4c71-b4d4-8d03270b35a0{ip: 192.168.34.8, host: pr-hdds-1879-pbs75-1821932185, networkLocation: /default-rack, certSerialId: null}
2019-09-12 04:03:58,540 [grpc-default-executor-7] INFO  impl.RaftServerProxy (RaftServerProxy.java:remove(95)) - e74ea0f8-bf41-4d93-a1fd-ac84c2b46512: remove group-7A1668DFAB34:null
2019-09-12 04:03:58,543 [RatisPipelineUtilsThread] WARN  pipeline.RatisPipelineUtils (RatisPipelineUtils.java:destroyPipeline(66)) - Pipeline destroy failed for pipeline=PipelineID=73e48434-27c3-4c74-96c6-7a1668dfab34 dn=e74ea0f8-bf41-4d93-a1fd-ac84c2b46512{ip: 192.168.34.8, host: pr-hdds-1879-pbs75-1821932185, networkLocation: /default-rack, certSerialId: null}
2019-09-12 04:03:58,543 [RatisPipelineUtilsThread] ERROR pipeline.SCMPipelineManager (Scheduler.java:lambda$schedule$1(70)) - Destroy pipeline failed for pipeline:Pipeline[ Id: 73e48434-27c3-4c74-96c6-7a1668dfab34, Nodes: d16d800f-a890-4a7a-bda4-5bf97a65c0f2{ip: 192.168.34.8, host: pr-hdds-1879-pbs75-1821932185, networkLocation: /default-rack, certSerialId: null}41a8e196-af5b-4c71-b4d4-8d03270b35a0{ip: 192.168.34.8, host: pr-hdds-1879-pbs75-1821932185, networkLocation: /default-rack, certSerialId: null}e74ea0f8-bf41-4d93-a1fd-ac84c2b46512{ip: 192.168.34.8, host: pr-hdds-1879-pbs75-1821932185, networkLocation: /default-rack, certSerialId: null}, Type:RATIS, Factor:THREE, State:CLOSED]
org.apache.hadoop.hdds.scm.pipeline.PipelineNotFoundException: PipelineID=73e48434-27c3-4c74-96c6-7a1668dfab34 not found
	at org.apache.hadoop.hdds.scm.pipeline.PipelineStateMap.getPipeline(PipelineStateMap.java:132)
	at org.apache.hadoop.hdds.scm.pipeline.PipelineStateMap.removePipeline(PipelineStateMap.java:322)
	at org.apache.hadoop.hdds.scm.pipeline.PipelineStateManager.removePipeline(PipelineStateManager.java:107)
	at org.apache.hadoop.hdds.scm.pipeline.SCMPipelineManager.removePipeline(SCMPipelineManager.java:423)
	at org.apache.hadoop.hdds.scm.pipeline.SCMPipelineManager.destroyPipeline(SCMPipelineManager.java:409)
	at org.apache.hadoop.hdds.scm.pipeline.SCMPipelineManager.lambda$finalizeAndDestroyPipeline$0(SCMPipelineManager.java:318)
	at org.apache.hadoop.utils.Scheduler.lambda$schedule$1(Scheduler.java:68)
	at java.util.concurrent.Executors$RunnableAdapter.call(Executors.java:511)
	at java.util.concurrent.FutureTask.run(FutureTask.java:266)
	at java.util.concurrent.ScheduledThreadPoolExecutor$ScheduledFutureTask.access$201(ScheduledThreadPoolExecutor.java:180)
	at java.util.concurrent.ScheduledThreadPoolExecutor$ScheduledFutureTask.run(ScheduledThreadPoolExecutor.java:293)
	at java.util.concurrent.ThreadPoolExecutor.runWorker(ThreadPoolExecutor.java:1149)
	at java.util.concurrent.ThreadPoolExecutor$Worker.run(ThreadPoolExecutor.java:624)
	at java.lang.Thread.run(Thread.java:748)
2019-09-12 04:04:00,459 [java.util.concurrent.ThreadPoolExecutor$Worker@76a00050[State = -1, empty queue]] WARN  server.GrpcLogAppender (GrpcLogAppender.java:timeoutAppendRequest(200)) - cfbaf9ff-a5d2-4350-abbf-bcb1aefbe8d3@group-F484CCC1AA7A->826a4c15-f032-4805-8cf4-5e11fe4a99d7-GrpcLogAppender: appendEntries Timeout, request=cfbaf9ff-a5d2-4350-abbf-bcb1aefbe8d3->826a4c15-f032-4805-8cf4-5e11fe4a99d7#115-t1, previous=(t:1, i:22), leaderCommit=16, initializing? false, entries: <empty>
2019-09-12 04:04:00,459 [java.util.concurrent.ThreadPoolExecutor$Worker@4b834a8d[State = -1, empty queue]] WARN  server.GrpcLogAppender (GrpcLogAppender.java:timeoutAppendRequest(200)) - cfbaf9ff-a5d2-4350-abbf-bcb1aefbe8d3@group-F484CCC1AA7A->fc0aded7-5090-49ad-a6b0-e16cfe155c18-GrpcLogAppender: appendEntries Timeout, request=cfbaf9ff-a5d2-4350-abbf-bcb1aefbe8d3->fc0aded7-5090-49ad-a6b0-e16cfe155c18#115-t1, previous=(t:1, i:22), leaderCommit=16, initializing? false, entries: <empty>
2019-09-12 04:04:00,527 [grpc-default-executor-6] INFO  impl.RaftServerProxy (RaftServerProxy.java:remove(95)) - d16d800f-a890-4a7a-bda4-5bf97a65c0f2: remove group-7A1668DFAB34:null
2019-09-12 04:04:00,530 [RatisPipelineUtilsThread] WARN  pipeline.RatisPipelineUtils (RatisPipelineUtils.java:destroyPipeline(66)) - Pipeline destroy failed for pipeline=PipelineID=73e48434-27c3-4c74-96c6-7a1668dfab34 dn=d16d800f-a890-4a7a-bda4-5bf97a65c0f2{ip: 192.168.34.8, host: pr-hdds-1879-pbs75-1821932185, networkLocation: /default-rack, certSerialId: null}
2019-09-12 04:04:00,534 [grpc-default-executor-6] INFO  impl.RaftServerProxy (RaftServerProxy.java:remove(95)) - 41a8e196-af5b-4c71-b4d4-8d03270b35a0: remove group-7A1668DFAB34:null
2019-09-12 04:04:00,536 [RatisPipelineUtilsThread] WARN  pipeline.RatisPipelineUtils (RatisPipelineUtils.java:destroyPipeline(66)) - Pipeline destroy failed for pipeline=PipelineID=73e48434-27c3-4c74-96c6-7a1668dfab34 dn=41a8e196-af5b-4c71-b4d4-8d03270b35a0{ip: 192.168.34.8, host: pr-hdds-1879-pbs75-1821932185, networkLocation: /default-rack, certSerialId: null}
2019-09-12 04:04:00,540 [grpc-default-executor-6] INFO  impl.RaftServerProxy (RaftServerProxy.java:remove(95)) - e74ea0f8-bf41-4d93-a1fd-ac84c2b46512: remove group-7A1668DFAB34:null
2019-09-12 04:04:00,541 [RatisPipelineUtilsThread] WARN  pipeline.RatisPipelineUtils (RatisPipelineUtils.java:destroyPipeline(66)) - Pipeline destroy failed for pipeline=PipelineID=73e48434-27c3-4c74-96c6-7a1668dfab34 dn=e74ea0f8-bf41-4d93-a1fd-ac84c2b46512{ip: 192.168.34.8, host: pr-hdds-1879-pbs75-1821932185, networkLocation: /default-rack, certSerialId: null}
2019-09-12 04:04:00,542 [RatisPipelineUtilsThread] ERROR pipeline.SCMPipelineManager (Scheduler.java:lambda$schedule$1(70)) - Destroy pipeline failed for pipeline:Pipeline[ Id: 73e48434-27c3-4c74-96c6-7a1668dfab34, Nodes: d16d800f-a890-4a7a-bda4-5bf97a65c0f2{ip: 192.168.34.8, host: pr-hdds-1879-pbs75-1821932185, networkLocation: /default-rack, certSerialId: null}41a8e196-af5b-4c71-b4d4-8d03270b35a0{ip: 192.168.34.8, host: pr-hdds-1879-pbs75-1821932185, networkLocation: /default-rack, certSerialId: null}e74ea0f8-bf41-4d93-a1fd-ac84c2b46512{ip: 192.168.34.8, host: pr-hdds-1879-pbs75-1821932185, networkLocation: /default-rack, certSerialId: null}, Type:RATIS, Factor:THREE, State:CLOSED]
org.apache.hadoop.hdds.scm.pipeline.PipelineNotFoundException: PipelineID=73e48434-27c3-4c74-96c6-7a1668dfab34 not found
	at org.apache.hadoop.hdds.scm.pipeline.PipelineStateMap.getPipeline(PipelineStateMap.java:132)
	at org.apache.hadoop.hdds.scm.pipeline.PipelineStateMap.removePipeline(PipelineStateMap.java:322)
	at org.apache.hadoop.hdds.scm.pipeline.PipelineStateManager.removePipeline(PipelineStateManager.java:107)
	at org.apache.hadoop.hdds.scm.pipeline.SCMPipelineManager.removePipeline(SCMPipelineManager.java:423)
	at org.apache.hadoop.hdds.scm.pipeline.SCMPipelineManager.destroyPipeline(SCMPipelineManager.java:409)
	at org.apache.hadoop.hdds.scm.pipeline.SCMPipelineManager.lambda$finalizeAndDestroyPipeline$0(SCMPipelineManager.java:318)
	at org.apache.hadoop.utils.Scheduler.lambda$schedule$1(Scheduler.java:68)
	at java.util.concurrent.Executors$RunnableAdapter.call(Executors.java:511)
	at java.util.concurrent.FutureTask.run(FutureTask.java:266)
	at java.util.concurrent.ScheduledThreadPoolExecutor$ScheduledFutureTask.access$201(ScheduledThreadPoolExecutor.java:180)
	at java.util.concurrent.ScheduledThreadPoolExecutor$ScheduledFutureTask.run(ScheduledThreadPoolExecutor.java:293)
	at java.util.concurrent.ThreadPoolExecutor.runWorker(ThreadPoolExecutor.java:1149)
	at java.util.concurrent.ThreadPoolExecutor$Worker.run(ThreadPoolExecutor.java:624)
	at java.lang.Thread.run(Thread.java:748)
2019-09-12 04:04:02,451 [826a4c15-f032-4805-8cf4-5e11fe4a99d7@group-F484CCC1AA7A-SegmentedRaftLogWorker] WARN  segmented.SegmentedRaftLogWorker (SegmentedRaftLogWorker.java:getFromFuture(90)) - Timeout 4/~
org.apache.ratis.protocol.TimeoutIOException: Timeout 10s: WriteLog:17: (t:1, i:17), STATEMACHINELOGENTRY, client-EFFAA1C83E3D, cid=30-writeStateMachineData
	at org.apache.ratis.util.IOUtils.getFromFuture(IOUtils.java:87)
	at org.apache.ratis.server.raftlog.segmented.SegmentedRaftLogWorker$StateMachineDataPolicy.getFromFuture(SegmentedRaftLogWorker.java:87)
	at org.apache.ratis.server.raftlog.segmented.SegmentedRaftLogWorker$WriteLog.execute(SegmentedRaftLogWorker.java:477)
	at org.apache.ratis.server.raftlog.segmented.SegmentedRaftLogWorker.run(SegmentedRaftLogWorker.java:289)
	at java.lang.Thread.run(Thread.java:748)
Caused by: java.util.concurrent.TimeoutException
	at java.util.concurrent.CompletableFuture.timedGet(CompletableFuture.java:1771)
	at java.util.concurrent.CompletableFuture.get(CompletableFuture.java:1915)
	at org.apache.ratis.util.IOUtils.getFromFuture(IOUtils.java:79)
	... 4 more
2019-09-12 04:04:02,792 [fc0aded7-5090-49ad-a6b0-e16cfe155c18@group-F484CCC1AA7A-SegmentedRaftLogWorker] WARN  segmented.SegmentedRaftLogWorker (SegmentedRaftLogWorker.java:getFromFuture(90)) - Timeout 4/~
org.apache.ratis.protocol.TimeoutIOException: Timeout 10s: WriteLog:18: (t:1, i:18), STATEMACHINELOGENTRY, client-EFFAA1C83E3D, cid=31-writeStateMachineData
	at org.apache.ratis.util.IOUtils.getFromFuture(IOUtils.java:87)
	at org.apache.ratis.server.raftlog.segmented.SegmentedRaftLogWorker$StateMachineDataPolicy.getFromFuture(SegmentedRaftLogWorker.java:87)
	at org.apache.ratis.server.raftlog.segmented.SegmentedRaftLogWorker$WriteLog.execute(SegmentedRaftLogWorker.java:477)
	at org.apache.ratis.server.raftlog.segmented.SegmentedRaftLogWorker.run(SegmentedRaftLogWorker.java:289)
	at java.lang.Thread.run(Thread.java:748)
Caused by: java.util.concurrent.TimeoutException
	at java.util.concurrent.CompletableFuture.timedGet(CompletableFuture.java:1771)
	at java.util.concurrent.CompletableFuture.get(CompletableFuture.java:1915)
	at org.apache.ratis.util.IOUtils.getFromFuture(IOUtils.java:79)
	... 4 more
2019-09-12 04:04:02,792 [cfbaf9ff-a5d2-4350-abbf-bcb1aefbe8d3@group-F484CCC1AA7A-SegmentedRaftLogWorker] WARN  segmented.SegmentedRaftLogWorker (SegmentedRaftLogWorker.java:getFromFuture(90)) - Timeout 4/~
org.apache.ratis.protocol.TimeoutIOException: Timeout 10s: WriteLog:18: (t:1, i:18), STATEMACHINELOGENTRY, client-EFFAA1C83E3D, cid=31-writeStateMachineData
	at org.apache.ratis.util.IOUtils.getFromFuture(IOUtils.java:87)
	at org.apache.ratis.server.raftlog.segmented.SegmentedRaftLogWorker$StateMachineDataPolicy.getFromFuture(SegmentedRaftLogWorker.java:87)
	at org.apache.ratis.server.raftlog.segmented.SegmentedRaftLogWorker$WriteLog.execute(SegmentedRaftLogWorker.java:477)
	at org.apache.ratis.server.raftlog.segmented.SegmentedRaftLogWorker.run(SegmentedRaftLogWorker.java:289)
	at java.lang.Thread.run(Thread.java:748)
Caused by: java.util.concurrent.TimeoutException
	at java.util.concurrent.CompletableFuture.timedGet(CompletableFuture.java:1771)
	at java.util.concurrent.CompletableFuture.get(CompletableFuture.java:1915)
	at org.apache.ratis.util.IOUtils.getFromFuture(IOUtils.java:79)
	... 4 more
2019-09-12 04:04:02,960 [java.util.concurrent.ThreadPoolExecutor$Worker@76a00050[State = -1, empty queue]] WARN  server.GrpcLogAppender (GrpcLogAppender.java:timeoutAppendRequest(200)) - cfbaf9ff-a5d2-4350-abbf-bcb1aefbe8d3@group-F484CCC1AA7A->826a4c15-f032-4805-8cf4-5e11fe4a99d7-GrpcLogAppender: appendEntries Timeout, request=cfbaf9ff-a5d2-4350-abbf-bcb1aefbe8d3->826a4c15-f032-4805-8cf4-5e11fe4a99d7#116-t1, previous=(t:1, i:22), leaderCommit=16, initializing? false, entries: <empty>
2019-09-12 04:04:02,960 [java.util.concurrent.ThreadPoolExecutor$Worker@4b834a8d[State = -1, empty queue]] WARN  server.GrpcLogAppender (GrpcLogAppender.java:timeoutAppendRequest(200)) - cfbaf9ff-a5d2-4350-abbf-bcb1aefbe8d3@group-F484CCC1AA7A->fc0aded7-5090-49ad-a6b0-e16cfe155c18-GrpcLogAppender: appendEntries Timeout, request=cfbaf9ff-a5d2-4350-abbf-bcb1aefbe8d3->fc0aded7-5090-49ad-a6b0-e16cfe155c18#116-t1, previous=(t:1, i:22), leaderCommit=16, initializing? false, entries: <empty>
2019-09-12 04:04:02,983 [grpc-default-executor-7] INFO  client.GrpcClientProtocolClient (GrpcClientProtocolClient.java:onNext(264)) - client-EFFAA1C83E3D->fc0aded7-5090-49ad-a6b0-e16cfe155c18: receive RaftClientReply:client-EFFAA1C83E3D->fc0aded7-5090-49ad-a6b0-e16cfe155c18@group-F484CCC1AA7A, cid=30, FAILED org.apache.ratis.protocol.NotLeaderException: Server fc0aded7-5090-49ad-a6b0-e16cfe155c18@group-F484CCC1AA7A is not the leader cfbaf9ff-a5d2-4350-abbf-bcb1aefbe8d3:192.168.34.8:40308, logIndex=0, commits[fc0aded7-5090-49ad-a6b0-e16cfe155c18:c16, 826a4c15-f032-4805-8cf4-5e11fe4a99d7:c14, cfbaf9ff-a5d2-4350-abbf-bcb1aefbe8d3:c16]
2019-09-12 04:04:03,526 [grpc-default-executor-6] INFO  impl.RaftServerProxy (RaftServerProxy.java:remove(95)) - d16d800f-a890-4a7a-bda4-5bf97a65c0f2: remove group-7A1668DFAB34:null
2019-09-12 04:04:03,529 [RatisPipelineUtilsThread] WARN  pipeline.RatisPipelineUtils (RatisPipelineUtils.java:destroyPipeline(66)) - Pipeline destroy failed for pipeline=PipelineID=73e48434-27c3-4c74-96c6-7a1668dfab34 dn=d16d800f-a890-4a7a-bda4-5bf97a65c0f2{ip: 192.168.34.8, host: pr-hdds-1879-pbs75-1821932185, networkLocation: /default-rack, certSerialId: null}
2019-09-12 04:04:03,532 [grpc-default-executor-6] INFO  impl.RaftServerProxy (RaftServerProxy.java:remove(95)) - 41a8e196-af5b-4c71-b4d4-8d03270b35a0: remove group-7A1668DFAB34:null
2019-09-12 04:04:03,535 [RatisPipelineUtilsThread] WARN  pipeline.RatisPipelineUtils (RatisPipelineUtils.java:destroyPipeline(66)) - Pipeline destroy failed for pipeline=PipelineID=73e48434-27c3-4c74-96c6-7a1668dfab34 dn=41a8e196-af5b-4c71-b4d4-8d03270b35a0{ip: 192.168.34.8, host: pr-hdds-1879-pbs75-1821932185, networkLocation: /default-rack, certSerialId: null}
2019-09-12 04:04:03,537 [grpc-default-executor-6] INFO  impl.RaftServerProxy (RaftServerProxy.java:remove(95)) - e74ea0f8-bf41-4d93-a1fd-ac84c2b46512: remove group-7A1668DFAB34:null
2019-09-12 04:04:03,539 [RatisPipelineUtilsThread] WARN  pipeline.RatisPipelineUtils (RatisPipelineUtils.java:destroyPipeline(66)) - Pipeline destroy failed for pipeline=PipelineID=73e48434-27c3-4c74-96c6-7a1668dfab34 dn=e74ea0f8-bf41-4d93-a1fd-ac84c2b46512{ip: 192.168.34.8, host: pr-hdds-1879-pbs75-1821932185, networkLocation: /default-rack, certSerialId: null}
2019-09-12 04:04:03,540 [RatisPipelineUtilsThread] ERROR pipeline.SCMPipelineManager (Scheduler.java:lambda$schedule$1(70)) - Destroy pipeline failed for pipeline:Pipeline[ Id: 73e48434-27c3-4c74-96c6-7a1668dfab34, Nodes: d16d800f-a890-4a7a-bda4-5bf97a65c0f2{ip: 192.168.34.8, host: pr-hdds-1879-pbs75-1821932185, networkLocation: /default-rack, certSerialId: null}41a8e196-af5b-4c71-b4d4-8d03270b35a0{ip: 192.168.34.8, host: pr-hdds-1879-pbs75-1821932185, networkLocation: /default-rack, certSerialId: null}e74ea0f8-bf41-4d93-a1fd-ac84c2b46512{ip: 192.168.34.8, host: pr-hdds-1879-pbs75-1821932185, networkLocation: /default-rack, certSerialId: null}, Type:RATIS, Factor:THREE, State:CLOSED]
org.apache.hadoop.hdds.scm.pipeline.PipelineNotFoundException: PipelineID=73e48434-27c3-4c74-96c6-7a1668dfab34 not found
	at org.apache.hadoop.hdds.scm.pipeline.PipelineStateMap.getPipeline(PipelineStateMap.java:132)
	at org.apache.hadoop.hdds.scm.pipeline.PipelineStateMap.removePipeline(PipelineStateMap.java:322)
	at org.apache.hadoop.hdds.scm.pipeline.PipelineStateManager.removePipeline(PipelineStateManager.java:107)
	at org.apache.hadoop.hdds.scm.pipeline.SCMPipelineManager.removePipeline(SCMPipelineManager.java:423)
	at org.apache.hadoop.hdds.scm.pipeline.SCMPipelineManager.destroyPipeline(SCMPipelineManager.java:409)
	at org.apache.hadoop.hdds.scm.pipeline.SCMPipelineManager.lambda$finalizeAndDestroyPipeline$0(SCMPipelineManager.java:318)
	at org.apache.hadoop.utils.Scheduler.lambda$schedule$1(Scheduler.java:68)
	at java.util.concurrent.Executors$RunnableAdapter.call(Executors.java:511)
	at java.util.concurrent.FutureTask.run(FutureTask.java:266)
	at java.util.concurrent.ScheduledThreadPoolExecutor$ScheduledFutureTask.access$201(ScheduledThreadPoolExecutor.java:180)
	at java.util.concurrent.ScheduledThreadPoolExecutor$ScheduledFutureTask.run(ScheduledThreadPoolExecutor.java:293)
	at java.util.concurrent.ThreadPoolExecutor.runWorker(ThreadPoolExecutor.java:1149)
	at java.util.concurrent.ThreadPoolExecutor$Worker.run(ThreadPoolExecutor.java:624)
	at java.lang.Thread.run(Thread.java:748)
2019-09-12 04:04:05,460 [java.util.concurrent.ThreadPoolExecutor$Worker@4b834a8d[State = -1, empty queue]] WARN  server.GrpcLogAppender (GrpcLogAppender.java:timeoutAppendRequest(200)) - cfbaf9ff-a5d2-4350-abbf-bcb1aefbe8d3@group-F484CCC1AA7A->fc0aded7-5090-49ad-a6b0-e16cfe155c18-GrpcLogAppender: appendEntries Timeout, request=cfbaf9ff-a5d2-4350-abbf-bcb1aefbe8d3->fc0aded7-5090-49ad-a6b0-e16cfe155c18#117-t1, previous=(t:1, i:22), leaderCommit=16, initializing? false, entries: <empty>
2019-09-12 04:04:05,460 [java.util.concurrent.ThreadPoolExecutor$Worker@76a00050[State = -1, empty queue]] WARN  server.GrpcLogAppender (GrpcLogAppender.java:timeoutAppendRequest(200)) - cfbaf9ff-a5d2-4350-abbf-bcb1aefbe8d3@group-F484CCC1AA7A->826a4c15-f032-4805-8cf4-5e11fe4a99d7-GrpcLogAppender: appendEntries Timeout, request=cfbaf9ff-a5d2-4350-abbf-bcb1aefbe8d3->826a4c15-f032-4805-8cf4-5e11fe4a99d7#117-t1, previous=(t:1, i:22), leaderCommit=16, initializing? false, entries: <empty>
2019-09-12 04:04:05,526 [grpc-default-executor-7] INFO  impl.RaftServerProxy (RaftServerProxy.java:remove(95)) - d16d800f-a890-4a7a-bda4-5bf97a65c0f2: remove group-7A1668DFAB34:null
2019-09-12 04:04:05,529 [RatisPipelineUtilsThread] WARN  pipeline.RatisPipelineUtils (RatisPipelineUtils.java:destroyPipeline(66)) - Pipeline destroy failed for pipeline=PipelineID=73e48434-27c3-4c74-96c6-7a1668dfab34 dn=d16d800f-a890-4a7a-bda4-5bf97a65c0f2{ip: 192.168.34.8, host: pr-hdds-1879-pbs75-1821932185, networkLocation: /default-rack, certSerialId: null}
2019-09-12 04:04:05,532 [grpc-default-executor-7] INFO  impl.RaftServerProxy (RaftServerProxy.java:remove(95)) - 41a8e196-af5b-4c71-b4d4-8d03270b35a0: remove group-7A1668DFAB34:null
2019-09-12 04:04:05,535 [RatisPipelineUtilsThread] WARN  pipeline.RatisPipelineUtils (RatisPipelineUtils.java:destroyPipeline(66)) - Pipeline destroy failed for pipeline=PipelineID=73e48434-27c3-4c74-96c6-7a1668dfab34 dn=41a8e196-af5b-4c71-b4d4-8d03270b35a0{ip: 192.168.34.8, host: pr-hdds-1879-pbs75-1821932185, networkLocation: /default-rack, certSerialId: null}
2019-09-12 04:04:05,538 [grpc-default-executor-7] INFO  impl.RaftServerProxy (RaftServerProxy.java:remove(95)) - e74ea0f8-bf41-4d93-a1fd-ac84c2b46512: remove group-7A1668DFAB34:null
2019-09-12 04:04:05,541 [RatisPipelineUtilsThread] WARN  pipeline.RatisPipelineUtils (RatisPipelineUtils.java:destroyPipeline(66)) - Pipeline destroy failed for pipeline=PipelineID=73e48434-27c3-4c74-96c6-7a1668dfab34 dn=e74ea0f8-bf41-4d93-a1fd-ac84c2b46512{ip: 192.168.34.8, host: pr-hdds-1879-pbs75-1821932185, networkLocation: /default-rack, certSerialId: null}
2019-09-12 04:04:05,541 [RatisPipelineUtilsThread] ERROR pipeline.SCMPipelineManager (Scheduler.java:lambda$schedule$1(70)) - Destroy pipeline failed for pipeline:Pipeline[ Id: 73e48434-27c3-4c74-96c6-7a1668dfab34, Nodes: d16d800f-a890-4a7a-bda4-5bf97a65c0f2{ip: 192.168.34.8, host: pr-hdds-1879-pbs75-1821932185, networkLocation: /default-rack, certSerialId: null}41a8e196-af5b-4c71-b4d4-8d03270b35a0{ip: 192.168.34.8, host: pr-hdds-1879-pbs75-1821932185, networkLocation: /default-rack, certSerialId: null}e74ea0f8-bf41-4d93-a1fd-ac84c2b46512{ip: 192.168.34.8, host: pr-hdds-1879-pbs75-1821932185, networkLocation: /default-rack, certSerialId: null}, Type:RATIS, Factor:THREE, State:CLOSED]
org.apache.hadoop.hdds.scm.pipeline.PipelineNotFoundException: PipelineID=73e48434-27c3-4c74-96c6-7a1668dfab34 not found
	at org.apache.hadoop.hdds.scm.pipeline.PipelineStateMap.getPipeline(PipelineStateMap.java:132)
	at org.apache.hadoop.hdds.scm.pipeline.PipelineStateMap.removePipeline(PipelineStateMap.java:322)
	at org.apache.hadoop.hdds.scm.pipeline.PipelineStateManager.removePipeline(PipelineStateManager.java:107)
	at org.apache.hadoop.hdds.scm.pipeline.SCMPipelineManager.removePipeline(SCMPipelineManager.java:423)
	at org.apache.hadoop.hdds.scm.pipeline.SCMPipelineManager.destroyPipeline(SCMPipelineManager.java:409)
	at org.apache.hadoop.hdds.scm.pipeline.SCMPipelineManager.lambda$finalizeAndDestroyPipeline$0(SCMPipelineManager.java:318)
	at org.apache.hadoop.utils.Scheduler.lambda$schedule$1(Scheduler.java:68)
	at java.util.concurrent.Executors$RunnableAdapter.call(Executors.java:511)
	at java.util.concurrent.FutureTask.run(FutureTask.java:266)
	at java.util.concurrent.ScheduledThreadPoolExecutor$ScheduledFutureTask.access$201(ScheduledThreadPoolExecutor.java:180)
	at java.util.concurrent.ScheduledThreadPoolExecutor$ScheduledFutureTask.run(ScheduledThreadPoolExecutor.java:293)
	at java.util.concurrent.ThreadPoolExecutor.runWorker(ThreadPoolExecutor.java:1149)
	at java.util.concurrent.ThreadPoolExecutor$Worker.run(ThreadPoolExecutor.java:624)
	at java.lang.Thread.run(Thread.java:748)
2019-09-12 04:04:07,961 [java.util.concurrent.ThreadPoolExecutor$Worker@4b834a8d[State = -1, empty queue]] WARN  server.GrpcLogAppender (GrpcLogAppender.java:timeoutAppendRequest(200)) - cfbaf9ff-a5d2-4350-abbf-bcb1aefbe8d3@group-F484CCC1AA7A->fc0aded7-5090-49ad-a6b0-e16cfe155c18-GrpcLogAppender: appendEntries Timeout, request=cfbaf9ff-a5d2-4350-abbf-bcb1aefbe8d3->fc0aded7-5090-49ad-a6b0-e16cfe155c18#118-t1, previous=(t:1, i:22), leaderCommit=16, initializing? false, entries: <empty>
2019-09-12 04:04:07,961 [java.util.concurrent.ThreadPoolExecutor$Worker@76a00050[State = -1, empty queue]] WARN  server.GrpcLogAppender (GrpcLogAppender.java:timeoutAppendRequest(200)) - cfbaf9ff-a5d2-4350-abbf-bcb1aefbe8d3@group-F484CCC1AA7A->826a4c15-f032-4805-8cf4-5e11fe4a99d7-GrpcLogAppender: appendEntries Timeout, request=cfbaf9ff-a5d2-4350-abbf-bcb1aefbe8d3->826a4c15-f032-4805-8cf4-5e11fe4a99d7#118-t1, previous=(t:1, i:22), leaderCommit=16, initializing? false, entries: <empty>
2019-09-12 04:04:08,017 [grpc-default-executor-6] INFO  client.GrpcClientProtocolClient (GrpcClientProtocolClient.java:onNext(264)) - client-EFFAA1C83E3D->fc0aded7-5090-49ad-a6b0-e16cfe155c18: receive RaftClientReply:client-EFFAA1C83E3D->fc0aded7-5090-49ad-a6b0-e16cfe155c18@group-F484CCC1AA7A, cid=30, FAILED org.apache.ratis.protocol.NotLeaderException: Server fc0aded7-5090-49ad-a6b0-e16cfe155c18@group-F484CCC1AA7A is not the leader cfbaf9ff-a5d2-4350-abbf-bcb1aefbe8d3:192.168.34.8:40308, logIndex=0, commits[fc0aded7-5090-49ad-a6b0-e16cfe155c18:c16, 826a4c15-f032-4805-8cf4-5e11fe4a99d7:c14, cfbaf9ff-a5d2-4350-abbf-bcb1aefbe8d3:c16]
2019-09-12 04:04:08,527 [grpc-default-executor-6] INFO  impl.RaftServerProxy (RaftServerProxy.java:remove(95)) - d16d800f-a890-4a7a-bda4-5bf97a65c0f2: remove group-7A1668DFAB34:null
2019-09-12 04:04:08,530 [RatisPipelineUtilsThread] WARN  pipeline.RatisPipelineUtils (RatisPipelineUtils.java:destroyPipeline(66)) - Pipeline destroy failed for pipeline=PipelineID=73e48434-27c3-4c74-96c6-7a1668dfab34 dn=d16d800f-a890-4a7a-bda4-5bf97a65c0f2{ip: 192.168.34.8, host: pr-hdds-1879-pbs75-1821932185, networkLocation: /default-rack, certSerialId: null}
2019-09-12 04:04:08,533 [grpc-default-executor-6] INFO  impl.RaftServerProxy (RaftServerProxy.java:remove(95)) - 41a8e196-af5b-4c71-b4d4-8d03270b35a0: remove group-7A1668DFAB34:null
2019-09-12 04:04:08,536 [RatisPipelineUtilsThread] WARN  pipeline.RatisPipelineUtils (RatisPipelineUtils.java:destroyPipeline(66)) - Pipeline destroy failed for pipeline=PipelineID=73e48434-27c3-4c74-96c6-7a1668dfab34 dn=41a8e196-af5b-4c71-b4d4-8d03270b35a0{ip: 192.168.34.8, host: pr-hdds-1879-pbs75-1821932185, networkLocation: /default-rack, certSerialId: null}
2019-09-12 04:04:08,539 [grpc-default-executor-6] INFO  impl.RaftServerProxy (RaftServerProxy.java:remove(95)) - e74ea0f8-bf41-4d93-a1fd-ac84c2b46512: remove group-7A1668DFAB34:null
2019-09-12 04:04:08,541 [RatisPipelineUtilsThread] WARN  pipeline.RatisPipelineUtils (RatisPipelineUtils.java:destroyPipeline(66)) - Pipeline destroy failed for pipeline=PipelineID=73e48434-27c3-4c74-96c6-7a1668dfab34 dn=e74ea0f8-bf41-4d93-a1fd-ac84c2b46512{ip: 192.168.34.8, host: pr-hdds-1879-pbs75-1821932185, networkLocation: /default-rack, certSerialId: null}
2019-09-12 04:04:08,542 [RatisPipelineUtilsThread] ERROR pipeline.SCMPipelineManager (Scheduler.java:lambda$schedule$1(70)) - Destroy pipeline failed for pipeline:Pipeline[ Id: 73e48434-27c3-4c74-96c6-7a1668dfab34, Nodes: d16d800f-a890-4a7a-bda4-5bf97a65c0f2{ip: 192.168.34.8, host: pr-hdds-1879-pbs75-1821932185, networkLocation: /default-rack, certSerialId: null}41a8e196-af5b-4c71-b4d4-8d03270b35a0{ip: 192.168.34.8, host: pr-hdds-1879-pbs75-1821932185, networkLocation: /default-rack, certSerialId: null}e74ea0f8-bf41-4d93-a1fd-ac84c2b46512{ip: 192.168.34.8, host: pr-hdds-1879-pbs75-1821932185, networkLocation: /default-rack, certSerialId: null}, Type:RATIS, Factor:THREE, State:CLOSED]
org.apache.hadoop.hdds.scm.pipeline.PipelineNotFoundException: PipelineID=73e48434-27c3-4c74-96c6-7a1668dfab34 not found
	at org.apache.hadoop.hdds.scm.pipeline.PipelineStateMap.getPipeline(PipelineStateMap.java:132)
	at org.apache.hadoop.hdds.scm.pipeline.PipelineStateMap.removePipeline(PipelineStateMap.java:322)
	at org.apache.hadoop.hdds.scm.pipeline.PipelineStateManager.removePipeline(PipelineStateManager.java:107)
	at org.apache.hadoop.hdds.scm.pipeline.SCMPipelineManager.removePipeline(SCMPipelineManager.java:423)
	at org.apache.hadoop.hdds.scm.pipeline.SCMPipelineManager.destroyPipeline(SCMPipelineManager.java:409)
	at org.apache.hadoop.hdds.scm.pipeline.SCMPipelineManager.lambda$finalizeAndDestroyPipeline$0(SCMPipelineManager.java:318)
	at org.apache.hadoop.utils.Scheduler.lambda$schedule$1(Scheduler.java:68)
	at java.util.concurrent.Executors$RunnableAdapter.call(Executors.java:511)
	at java.util.concurrent.FutureTask.run(FutureTask.java:266)
	at java.util.concurrent.ScheduledThreadPoolExecutor$ScheduledFutureTask.access$201(ScheduledThreadPoolExecutor.java:180)
	at java.util.concurrent.ScheduledThreadPoolExecutor$ScheduledFutureTask.run(ScheduledThreadPoolExecutor.java:293)
	at java.util.concurrent.ThreadPoolExecutor.runWorker(ThreadPoolExecutor.java:1149)
	at java.util.concurrent.ThreadPoolExecutor$Worker.run(ThreadPoolExecutor.java:624)
	at java.lang.Thread.run(Thread.java:748)
2019-09-12 04:04:10,461 [java.util.concurrent.ThreadPoolExecutor$Worker@76a00050[State = -1, empty queue]] WARN  server.GrpcLogAppender (GrpcLogAppender.java:timeoutAppendRequest(200)) - cfbaf9ff-a5d2-4350-abbf-bcb1aefbe8d3@group-F484CCC1AA7A->826a4c15-f032-4805-8cf4-5e11fe4a99d7-GrpcLogAppender: appendEntries Timeout, request=cfbaf9ff-a5d2-4350-abbf-bcb1aefbe8d3->826a4c15-f032-4805-8cf4-5e11fe4a99d7#119-t1, previous=(t:1, i:22), leaderCommit=16, initializing? false, entries: <empty>
2019-09-12 04:04:10,461 [java.util.concurrent.ThreadPoolExecutor$Worker@4b834a8d[State = -1, empty queue]] WARN  server.GrpcLogAppender (GrpcLogAppender.java:timeoutAppendRequest(200)) - cfbaf9ff-a5d2-4350-abbf-bcb1aefbe8d3@group-F484CCC1AA7A->fc0aded7-5090-49ad-a6b0-e16cfe155c18-GrpcLogAppender: appendEntries Timeout, request=cfbaf9ff-a5d2-4350-abbf-bcb1aefbe8d3->fc0aded7-5090-49ad-a6b0-e16cfe155c18#119-t1, previous=(t:1, i:22), leaderCommit=16, initializing? false, entries: <empty>
2019-09-12 04:04:10,532 [grpc-default-executor-7] INFO  impl.RaftServerProxy (RaftServerProxy.java:remove(95)) - d16d800f-a890-4a7a-bda4-5bf97a65c0f2: remove group-7A1668DFAB34:null
2019-09-12 04:04:10,537 [RatisPipelineUtilsThread] WARN  pipeline.RatisPipelineUtils (RatisPipelineUtils.java:destroyPipeline(66)) - Pipeline destroy failed for pipeline=PipelineID=73e48434-27c3-4c74-96c6-7a1668dfab34 dn=d16d800f-a890-4a7a-bda4-5bf97a65c0f2{ip: 192.168.34.8, host: pr-hdds-1879-pbs75-1821932185, networkLocation: /default-rack, certSerialId: null}
2019-09-12 04:04:10,540 [grpc-default-executor-7] INFO  impl.RaftServerProxy (RaftServerProxy.java:remove(95)) - 41a8e196-af5b-4c71-b4d4-8d03270b35a0: remove group-7A1668DFAB34:null
2019-09-12 04:04:10,543 [RatisPipelineUtilsThread] WARN  pipeline.RatisPipelineUtils (RatisPipelineUtils.java:destroyPipeline(66)) - Pipeline destroy failed for pipeline=PipelineID=73e48434-27c3-4c74-96c6-7a1668dfab34 dn=41a8e196-af5b-4c71-b4d4-8d03270b35a0{ip: 192.168.34.8, host: pr-hdds-1879-pbs75-1821932185, networkLocation: /default-rack, certSerialId: null}
2019-09-12 04:04:10,545 [grpc-default-executor-7] INFO  impl.RaftServerProxy (RaftServerProxy.java:remove(95)) - e74ea0f8-bf41-4d93-a1fd-ac84c2b46512: remove group-7A1668DFAB34:null
2019-09-12 04:04:10,548 [RatisPipelineUtilsThread] WARN  pipeline.RatisPipelineUtils (RatisPipelineUtils.java:destroyPipeline(66)) - Pipeline destroy failed for pipeline=PipelineID=73e48434-27c3-4c74-96c6-7a1668dfab34 dn=e74ea0f8-bf41-4d93-a1fd-ac84c2b46512{ip: 192.168.34.8, host: pr-hdds-1879-pbs75-1821932185, networkLocation: /default-rack, certSerialId: null}
2019-09-12 04:04:10,548 [RatisPipelineUtilsThread] ERROR pipeline.SCMPipelineManager (Scheduler.java:lambda$schedule$1(70)) - Destroy pipeline failed for pipeline:Pipeline[ Id: 73e48434-27c3-4c74-96c6-7a1668dfab34, Nodes: d16d800f-a890-4a7a-bda4-5bf97a65c0f2{ip: 192.168.34.8, host: pr-hdds-1879-pbs75-1821932185, networkLocation: /default-rack, certSerialId: null}41a8e196-af5b-4c71-b4d4-8d03270b35a0{ip: 192.168.34.8, host: pr-hdds-1879-pbs75-1821932185, networkLocation: /default-rack, certSerialId: null}e74ea0f8-bf41-4d93-a1fd-ac84c2b46512{ip: 192.168.34.8, host: pr-hdds-1879-pbs75-1821932185, networkLocation: /default-rack, certSerialId: null}, Type:RATIS, Factor:THREE, State:CLOSED]
org.apache.hadoop.hdds.scm.pipeline.PipelineNotFoundException: PipelineID=73e48434-27c3-4c74-96c6-7a1668dfab34 not found
	at org.apache.hadoop.hdds.scm.pipeline.PipelineStateMap.getPipeline(PipelineStateMap.java:132)
	at org.apache.hadoop.hdds.scm.pipeline.PipelineStateMap.removePipeline(PipelineStateMap.java:322)
	at org.apache.hadoop.hdds.scm.pipeline.PipelineStateManager.removePipeline(PipelineStateManager.java:107)
	at org.apache.hadoop.hdds.scm.pipeline.SCMPipelineManager.removePipeline(SCMPipelineManager.java:423)
	at org.apache.hadoop.hdds.scm.pipeline.SCMPipelineManager.destroyPipeline(SCMPipelineManager.java:409)
	at org.apache.hadoop.hdds.scm.pipeline.SCMPipelineManager.lambda$finalizeAndDestroyPipeline$0(SCMPipelineManager.java:318)
	at org.apache.hadoop.utils.Scheduler.lambda$schedule$1(Scheduler.java:68)
	at java.util.concurrent.Executors$RunnableAdapter.call(Executors.java:511)
	at java.util.concurrent.FutureTask.run(FutureTask.java:266)
	at java.util.concurrent.ScheduledThreadPoolExecutor$ScheduledFutureTask.access$201(ScheduledThreadPoolExecutor.java:180)
	at java.util.concurrent.ScheduledThreadPoolExecutor$ScheduledFutureTask.run(ScheduledThreadPoolExecutor.java:293)
	at java.util.concurrent.ThreadPoolExecutor.runWorker(ThreadPoolExecutor.java:1149)
	at java.util.concurrent.ThreadPoolExecutor$Worker.run(ThreadPoolExecutor.java:624)
	at java.lang.Thread.run(Thread.java:748)
2019-09-12 04:04:12,452 [826a4c15-f032-4805-8cf4-5e11fe4a99d7@group-F484CCC1AA7A-SegmentedRaftLogWorker] WARN  segmented.SegmentedRaftLogWorker (SegmentedRaftLogWorker.java:getFromFuture(90)) - Timeout 5/~
org.apache.ratis.protocol.TimeoutIOException: Timeout 10s: WriteLog:17: (t:1, i:17), STATEMACHINELOGENTRY, client-EFFAA1C83E3D, cid=30-writeStateMachineData
	at org.apache.ratis.util.IOUtils.getFromFuture(IOUtils.java:87)
	at org.apache.ratis.server.raftlog.segmented.SegmentedRaftLogWorker$StateMachineDataPolicy.getFromFuture(SegmentedRaftLogWorker.java:87)
	at org.apache.ratis.server.raftlog.segmented.SegmentedRaftLogWorker$WriteLog.execute(SegmentedRaftLogWorker.java:477)
	at org.apache.ratis.server.raftlog.segmented.SegmentedRaftLogWorker.run(SegmentedRaftLogWorker.java:289)
	at java.lang.Thread.run(Thread.java:748)
Caused by: java.util.concurrent.TimeoutException
	at java.util.concurrent.CompletableFuture.timedGet(CompletableFuture.java:1771)
	at java.util.concurrent.CompletableFuture.get(CompletableFuture.java:1915)
	at org.apache.ratis.util.IOUtils.getFromFuture(IOUtils.java:79)
	... 4 more
2019-09-12 04:04:12,792 [fc0aded7-5090-49ad-a6b0-e16cfe155c18@group-F484CCC1AA7A-SegmentedRaftLogWorker] WARN  segmented.SegmentedRaftLogWorker (SegmentedRaftLogWorker.java:getFromFuture(90)) - Timeout 5/~
org.apache.ratis.protocol.TimeoutIOException: Timeout 10s: WriteLog:18: (t:1, i:18), STATEMACHINELOGENTRY, client-EFFAA1C83E3D, cid=31-writeStateMachineData
	at org.apache.ratis.util.IOUtils.getFromFuture(IOUtils.java:87)
	at org.apache.ratis.server.raftlog.segmented.SegmentedRaftLogWorker$StateMachineDataPolicy.getFromFuture(SegmentedRaftLogWorker.java:87)
	at org.apache.ratis.server.raftlog.segmented.SegmentedRaftLogWorker$WriteLog.execute(SegmentedRaftLogWorker.java:477)
	at org.apache.ratis.server.raftlog.segmented.SegmentedRaftLogWorker.run(SegmentedRaftLogWorker.java:289)
	at java.lang.Thread.run(Thread.java:748)
Caused by: java.util.concurrent.TimeoutException
	at java.util.concurrent.CompletableFuture.timedGet(CompletableFuture.java:1771)
	at java.util.concurrent.CompletableFuture.get(CompletableFuture.java:1915)
	at org.apache.ratis.util.IOUtils.getFromFuture(IOUtils.java:79)
	... 4 more
2019-09-12 04:04:12,793 [cfbaf9ff-a5d2-4350-abbf-bcb1aefbe8d3@group-F484CCC1AA7A-SegmentedRaftLogWorker] WARN  segmented.SegmentedRaftLogWorker (SegmentedRaftLogWorker.java:getFromFuture(90)) - Timeout 5/~
org.apache.ratis.protocol.TimeoutIOException: Timeout 10s: WriteLog:18: (t:1, i:18), STATEMACHINELOGENTRY, client-EFFAA1C83E3D, cid=31-writeStateMachineData
	at org.apache.ratis.util.IOUtils.getFromFuture(IOUtils.java:87)
	at org.apache.ratis.server.raftlog.segmented.SegmentedRaftLogWorker$StateMachineDataPolicy.getFromFuture(SegmentedRaftLogWorker.java:87)
	at org.apache.ratis.server.raftlog.segmented.SegmentedRaftLogWorker$WriteLog.execute(SegmentedRaftLogWorker.java:477)
	at org.apache.ratis.server.raftlog.segmented.SegmentedRaftLogWorker.run(SegmentedRaftLogWorker.java:289)
	at java.lang.Thread.run(Thread.java:748)
Caused by: java.util.concurrent.TimeoutException
	at java.util.concurrent.CompletableFuture.timedGet(CompletableFuture.java:1771)
	at java.util.concurrent.CompletableFuture.get(CompletableFuture.java:1915)
	at org.apache.ratis.util.IOUtils.getFromFuture(IOUtils.java:79)
	... 4 more
2019-09-12 04:04:12,962 [java.util.concurrent.ThreadPoolExecutor$Worker@76a00050[State = -1, empty queue]] WARN  server.GrpcLogAppender (GrpcLogAppender.java:timeoutAppendRequest(200)) - cfbaf9ff-a5d2-4350-abbf-bcb1aefbe8d3@group-F484CCC1AA7A->826a4c15-f032-4805-8cf4-5e11fe4a99d7-GrpcLogAppender: appendEntries Timeout, request=cfbaf9ff-a5d2-4350-abbf-bcb1aefbe8d3->826a4c15-f032-4805-8cf4-5e11fe4a99d7#120-t1, previous=(t:1, i:22), leaderCommit=16, initializing? false, entries: <empty>
2019-09-12 04:04:12,962 [java.util.concurrent.ThreadPoolExecutor$Worker@4b834a8d[State = -1, empty queue]] WARN  server.GrpcLogAppender (GrpcLogAppender.java:timeoutAppendRequest(200)) - cfbaf9ff-a5d2-4350-abbf-bcb1aefbe8d3@group-F484CCC1AA7A->fc0aded7-5090-49ad-a6b0-e16cfe155c18-GrpcLogAppender: appendEntries Timeout, request=cfbaf9ff-a5d2-4350-abbf-bcb1aefbe8d3->fc0aded7-5090-49ad-a6b0-e16cfe155c18#120-t1, previous=(t:1, i:22), leaderCommit=16, initializing? false, entries: <empty>
2019-09-12 04:04:13,047 [grpc-default-executor-7] INFO  client.GrpcClientProtocolClient (GrpcClientProtocolClient.java:onNext(264)) - client-EFFAA1C83E3D->fc0aded7-5090-49ad-a6b0-e16cfe155c18: receive RaftClientReply:client-EFFAA1C83E3D->fc0aded7-5090-49ad-a6b0-e16cfe155c18@group-F484CCC1AA7A, cid=30, FAILED org.apache.ratis.protocol.NotLeaderException: Server fc0aded7-5090-49ad-a6b0-e16cfe155c18@group-F484CCC1AA7A is not the leader cfbaf9ff-a5d2-4350-abbf-bcb1aefbe8d3:192.168.34.8:40308, logIndex=0, commits[fc0aded7-5090-49ad-a6b0-e16cfe155c18:c16, 826a4c15-f032-4805-8cf4-5e11fe4a99d7:c14, cfbaf9ff-a5d2-4350-abbf-bcb1aefbe8d3:c16]
2019-09-12 04:04:13,530 [grpc-default-executor-7] INFO  impl.RaftServerProxy (RaftServerProxy.java:remove(95)) - d16d800f-a890-4a7a-bda4-5bf97a65c0f2: remove group-7A1668DFAB34:null
2019-09-12 04:04:13,533 [RatisPipelineUtilsThread] WARN  pipeline.RatisPipelineUtils (RatisPipelineUtils.java:destroyPipeline(66)) - Pipeline destroy failed for pipeline=PipelineID=73e48434-27c3-4c74-96c6-7a1668dfab34 dn=d16d800f-a890-4a7a-bda4-5bf97a65c0f2{ip: 192.168.34.8, host: pr-hdds-1879-pbs75-1821932185, networkLocation: /default-rack, certSerialId: null}
2019-09-12 04:04:13,536 [grpc-default-executor-7] INFO  impl.RaftServerProxy (RaftServerProxy.java:remove(95)) - 41a8e196-af5b-4c71-b4d4-8d03270b35a0: remove group-7A1668DFAB34:null
2019-09-12 04:04:13,538 [RatisPipelineUtilsThread] WARN  pipeline.RatisPipelineUtils (RatisPipelineUtils.java:destroyPipeline(66)) - Pipeline destroy failed for pipeline=PipelineID=73e48434-27c3-4c74-96c6-7a1668dfab34 dn=41a8e196-af5b-4c71-b4d4-8d03270b35a0{ip: 192.168.34.8, host: pr-hdds-1879-pbs75-1821932185, networkLocation: /default-rack, certSerialId: null}
2019-09-12 04:04:13,541 [grpc-default-executor-7] INFO  impl.RaftServerProxy (RaftServerProxy.java:remove(95)) - e74ea0f8-bf41-4d93-a1fd-ac84c2b46512: remove group-7A1668DFAB34:null
2019-09-12 04:04:13,543 [RatisPipelineUtilsThread] WARN  pipeline.RatisPipelineUtils (RatisPipelineUtils.java:destroyPipeline(66)) - Pipeline destroy failed for pipeline=PipelineID=73e48434-27c3-4c74-96c6-7a1668dfab34 dn=e74ea0f8-bf41-4d93-a1fd-ac84c2b46512{ip: 192.168.34.8, host: pr-hdds-1879-pbs75-1821932185, networkLocation: /default-rack, certSerialId: null}
2019-09-12 04:04:13,543 [RatisPipelineUtilsThread] ERROR pipeline.SCMPipelineManager (Scheduler.java:lambda$schedule$1(70)) - Destroy pipeline failed for pipeline:Pipeline[ Id: 73e48434-27c3-4c74-96c6-7a1668dfab34, Nodes: d16d800f-a890-4a7a-bda4-5bf97a65c0f2{ip: 192.168.34.8, host: pr-hdds-1879-pbs75-1821932185, networkLocation: /default-rack, certSerialId: null}41a8e196-af5b-4c71-b4d4-8d03270b35a0{ip: 192.168.34.8, host: pr-hdds-1879-pbs75-1821932185, networkLocation: /default-rack, certSerialId: null}e74ea0f8-bf41-4d93-a1fd-ac84c2b46512{ip: 192.168.34.8, host: pr-hdds-1879-pbs75-1821932185, networkLocation: /default-rack, certSerialId: null}, Type:RATIS, Factor:THREE, State:CLOSED]
org.apache.hadoop.hdds.scm.pipeline.PipelineNotFoundException: PipelineID=73e48434-27c3-4c74-96c6-7a1668dfab34 not found
	at org.apache.hadoop.hdds.scm.pipeline.PipelineStateMap.getPipeline(PipelineStateMap.java:132)
	at org.apache.hadoop.hdds.scm.pipeline.PipelineStateMap.removePipeline(PipelineStateMap.java:322)
	at org.apache.hadoop.hdds.scm.pipeline.PipelineStateManager.removePipeline(PipelineStateManager.java:107)
	at org.apache.hadoop.hdds.scm.pipeline.SCMPipelineManager.removePipeline(SCMPipelineManager.java:423)
	at org.apache.hadoop.hdds.scm.pipeline.SCMPipelineManager.destroyPipeline(SCMPipelineManager.java:409)
	at org.apache.hadoop.hdds.scm.pipeline.SCMPipelineManager.lambda$finalizeAndDestroyPipeline$0(SCMPipelineManager.java:318)
	at org.apache.hadoop.utils.Scheduler.lambda$schedule$1(Scheduler.java:68)
	at java.util.concurrent.Executors$RunnableAdapter.call(Executors.java:511)
	at java.util.concurrent.FutureTask.run(FutureTask.java:266)
	at java.util.concurrent.ScheduledThreadPoolExecutor$ScheduledFutureTask.access$201(ScheduledThreadPoolExecutor.java:180)
	at java.util.concurrent.ScheduledThreadPoolExecutor$ScheduledFutureTask.run(ScheduledThreadPoolExecutor.java:293)
	at java.util.concurrent.ThreadPoolExecutor.runWorker(ThreadPoolExecutor.java:1149)
	at java.util.concurrent.ThreadPoolExecutor$Worker.run(ThreadPoolExecutor.java:624)
	at java.lang.Thread.run(Thread.java:748)
2019-09-12 04:04:15,462 [java.util.concurrent.ThreadPoolExecutor$Worker@4b834a8d[State = -1, empty queue]] WARN  server.GrpcLogAppender (GrpcLogAppender.java:timeoutAppendRequest(200)) - cfbaf9ff-a5d2-4350-abbf-bcb1aefbe8d3@group-F484CCC1AA7A->fc0aded7-5090-49ad-a6b0-e16cfe155c18-GrpcLogAppender: appendEntries Timeout, request=cfbaf9ff-a5d2-4350-abbf-bcb1aefbe8d3->fc0aded7-5090-49ad-a6b0-e16cfe155c18#121-t1, previous=(t:1, i:22), leaderCommit=16, initializing? false, entries: <empty>
2019-09-12 04:04:15,462 [java.util.concurrent.ThreadPoolExecutor$Worker@76a00050[State = -1, empty queue]] WARN  server.GrpcLogAppender (GrpcLogAppender.java:timeoutAppendRequest(200)) - cfbaf9ff-a5d2-4350-abbf-bcb1aefbe8d3@group-F484CCC1AA7A->826a4c15-f032-4805-8cf4-5e11fe4a99d7-GrpcLogAppender: appendEntries Timeout, request=cfbaf9ff-a5d2-4350-abbf-bcb1aefbe8d3->826a4c15-f032-4805-8cf4-5e11fe4a99d7#121-t1, previous=(t:1, i:22), leaderCommit=16, initializing? false, entries: <empty>
2019-09-12 04:04:15,530 [grpc-default-executor-6] INFO  impl.RaftServerProxy (RaftServerProxy.java:remove(95)) - d16d800f-a890-4a7a-bda4-5bf97a65c0f2: remove group-7A1668DFAB34:null
2019-09-12 04:04:15,533 [RatisPipelineUtilsThread] WARN  pipeline.RatisPipelineUtils (RatisPipelineUtils.java:destroyPipeline(66)) - Pipeline destroy failed for pipeline=PipelineID=73e48434-27c3-4c74-96c6-7a1668dfab34 dn=d16d800f-a890-4a7a-bda4-5bf97a65c0f2{ip: 192.168.34.8, host: pr-hdds-1879-pbs75-1821932185, networkLocation: /default-rack, certSerialId: null}
2019-09-12 04:04:15,537 [grpc-default-executor-6] INFO  impl.RaftServerProxy (RaftServerProxy.java:remove(95)) - 41a8e196-af5b-4c71-b4d4-8d03270b35a0: remove group-7A1668DFAB34:null
2019-09-12 04:04:15,539 [RatisPipelineUtilsThread] WARN  pipeline.RatisPipelineUtils (RatisPipelineUtils.java:destroyPipeline(66)) - Pipeline destroy failed for pipeline=PipelineID=73e48434-27c3-4c74-96c6-7a1668dfab34 dn=41a8e196-af5b-4c71-b4d4-8d03270b35a0{ip: 192.168.34.8, host: pr-hdds-1879-pbs75-1821932185, networkLocation: /default-rack, certSerialId: null}
2019-09-12 04:04:15,542 [grpc-default-executor-6] INFO  impl.RaftServerProxy (RaftServerProxy.java:remove(95)) - e74ea0f8-bf41-4d93-a1fd-ac84c2b46512: remove group-7A1668DFAB34:null
2019-09-12 04:04:15,545 [RatisPipelineUtilsThread] WARN  pipeline.RatisPipelineUtils (RatisPipelineUtils.java:destroyPipeline(66)) - Pipeline destroy failed for pipeline=PipelineID=73e48434-27c3-4c74-96c6-7a1668dfab34 dn=e74ea0f8-bf41-4d93-a1fd-ac84c2b46512{ip: 192.168.34.8, host: pr-hdds-1879-pbs75-1821932185, networkLocation: /default-rack, certSerialId: null}
2019-09-12 04:04:15,545 [RatisPipelineUtilsThread] ERROR pipeline.SCMPipelineManager (Scheduler.java:lambda$schedule$1(70)) - Destroy pipeline failed for pipeline:Pipeline[ Id: 73e48434-27c3-4c74-96c6-7a1668dfab34, Nodes: d16d800f-a890-4a7a-bda4-5bf97a65c0f2{ip: 192.168.34.8, host: pr-hdds-1879-pbs75-1821932185, networkLocation: /default-rack, certSerialId: null}41a8e196-af5b-4c71-b4d4-8d03270b35a0{ip: 192.168.34.8, host: pr-hdds-1879-pbs75-1821932185, networkLocation: /default-rack, certSerialId: null}e74ea0f8-bf41-4d93-a1fd-ac84c2b46512{ip: 192.168.34.8, host: pr-hdds-1879-pbs75-1821932185, networkLocation: /default-rack, certSerialId: null}, Type:RATIS, Factor:THREE, State:CLOSED]
org.apache.hadoop.hdds.scm.pipeline.PipelineNotFoundException: PipelineID=73e48434-27c3-4c74-96c6-7a1668dfab34 not found
	at org.apache.hadoop.hdds.scm.pipeline.PipelineStateMap.getPipeline(PipelineStateMap.java:132)
	at org.apache.hadoop.hdds.scm.pipeline.PipelineStateMap.removePipeline(PipelineStateMap.java:322)
	at org.apache.hadoop.hdds.scm.pipeline.PipelineStateManager.removePipeline(PipelineStateManager.java:107)
	at org.apache.hadoop.hdds.scm.pipeline.SCMPipelineManager.removePipeline(SCMPipelineManager.java:423)
	at org.apache.hadoop.hdds.scm.pipeline.SCMPipelineManager.destroyPipeline(SCMPipelineManager.java:409)
	at org.apache.hadoop.hdds.scm.pipeline.SCMPipelineManager.lambda$finalizeAndDestroyPipeline$0(SCMPipelineManager.java:318)
	at org.apache.hadoop.utils.Scheduler.lambda$schedule$1(Scheduler.java:68)
	at java.util.concurrent.Executors$RunnableAdapter.call(Executors.java:511)
	at java.util.concurrent.FutureTask.run(FutureTask.java:266)
	at java.util.concurrent.ScheduledThreadPoolExecutor$ScheduledFutureTask.access$201(ScheduledThreadPoolExecutor.java:180)
	at java.util.concurrent.ScheduledThreadPoolExecutor$ScheduledFutureTask.run(ScheduledThreadPoolExecutor.java:293)
	at java.util.concurrent.ThreadPoolExecutor.runWorker(ThreadPoolExecutor.java:1149)
	at java.util.concurrent.ThreadPoolExecutor$Worker.run(ThreadPoolExecutor.java:624)
	at java.lang.Thread.run(Thread.java:748)
2019-09-12 04:04:16,725 [grpc-default-executor-7] INFO  impl.RaftServerProxy (RaftServerProxy.java:remove(95)) - d16d800f-a890-4a7a-bda4-5bf97a65c0f2: remove group-7A1668DFAB34:null
2019-09-12 04:04:16,728 [RatisPipelineUtilsThread] WARN  pipeline.RatisPipelineUtils (RatisPipelineUtils.java:destroyPipeline(66)) - Pipeline destroy failed for pipeline=PipelineID=73e48434-27c3-4c74-96c6-7a1668dfab34 dn=d16d800f-a890-4a7a-bda4-5bf97a65c0f2{ip: 192.168.34.8, host: pr-hdds-1879-pbs75-1821932185, networkLocation: /default-rack, certSerialId: null}
2019-09-12 04:04:16,731 [grpc-default-executor-7] INFO  impl.RaftServerProxy (RaftServerProxy.java:remove(95)) - 41a8e196-af5b-4c71-b4d4-8d03270b35a0: remove group-7A1668DFAB34:null
2019-09-12 04:04:16,733 [RatisPipelineUtilsThread] WARN  pipeline.RatisPipelineUtils (RatisPipelineUtils.java:destroyPipeline(66)) - Pipeline destroy failed for pipeline=PipelineID=73e48434-27c3-4c74-96c6-7a1668dfab34 dn=41a8e196-af5b-4c71-b4d4-8d03270b35a0{ip: 192.168.34.8, host: pr-hdds-1879-pbs75-1821932185, networkLocation: /default-rack, certSerialId: null}
2019-09-12 04:04:16,737 [grpc-default-executor-7] INFO  impl.RaftServerProxy (RaftServerProxy.java:remove(95)) - e74ea0f8-bf41-4d93-a1fd-ac84c2b46512: remove group-7A1668DFAB34:null
2019-09-12 04:04:16,739 [RatisPipelineUtilsThread] WARN  pipeline.RatisPipelineUtils (RatisPipelineUtils.java:destroyPipeline(66)) - Pipeline destroy failed for pipeline=PipelineID=73e48434-27c3-4c74-96c6-7a1668dfab34 dn=e74ea0f8-bf41-4d93-a1fd-ac84c2b46512{ip: 192.168.34.8, host: pr-hdds-1879-pbs75-1821932185, networkLocation: /default-rack, certSerialId: null}
2019-09-12 04:04:16,739 [RatisPipelineUtilsThread] ERROR pipeline.SCMPipelineManager (Scheduler.java:lambda$schedule$1(70)) - Destroy pipeline failed for pipeline:Pipeline[ Id: 73e48434-27c3-4c74-96c6-7a1668dfab34, Nodes: d16d800f-a890-4a7a-bda4-5bf97a65c0f2{ip: 192.168.34.8, host: pr-hdds-1879-pbs75-1821932185, networkLocation: /default-rack, certSerialId: null}41a8e196-af5b-4c71-b4d4-8d03270b35a0{ip: 192.168.34.8, host: pr-hdds-1879-pbs75-1821932185, networkLocation: /default-rack, certSerialId: null}e74ea0f8-bf41-4d93-a1fd-ac84c2b46512{ip: 192.168.34.8, host: pr-hdds-1879-pbs75-1821932185, networkLocation: /default-rack, certSerialId: null}, Type:RATIS, Factor:THREE, State:CLOSED]
org.apache.hadoop.hdds.scm.pipeline.PipelineNotFoundException: PipelineID=73e48434-27c3-4c74-96c6-7a1668dfab34 not found
	at org.apache.hadoop.hdds.scm.pipeline.PipelineStateMap.getPipeline(PipelineStateMap.java:132)
	at org.apache.hadoop.hdds.scm.pipeline.PipelineStateMap.removePipeline(PipelineStateMap.java:322)
	at org.apache.hadoop.hdds.scm.pipeline.PipelineStateManager.removePipeline(PipelineStateManager.java:107)
	at org.apache.hadoop.hdds.scm.pipeline.SCMPipelineManager.removePipeline(SCMPipelineManager.java:423)
	at org.apache.hadoop.hdds.scm.pipeline.SCMPipelineManager.destroyPipeline(SCMPipelineManager.java:409)
	at org.apache.hadoop.hdds.scm.pipeline.SCMPipelineManager.lambda$finalizeAndDestroyPipeline$0(SCMPipelineManager.java:318)
	at org.apache.hadoop.utils.Scheduler.lambda$schedule$1(Scheduler.java:68)
	at java.util.concurrent.Executors$RunnableAdapter.call(Executors.java:511)
	at java.util.concurrent.FutureTask.run(FutureTask.java:266)
	at java.util.concurrent.ScheduledThreadPoolExecutor$ScheduledFutureTask.access$201(ScheduledThreadPoolExecutor.java:180)
	at java.util.concurrent.ScheduledThreadPoolExecutor$ScheduledFutureTask.run(ScheduledThreadPoolExecutor.java:293)
	at java.util.concurrent.ThreadPoolExecutor.runWorker(ThreadPoolExecutor.java:1149)
	at java.util.concurrent.ThreadPoolExecutor$Worker.run(ThreadPoolExecutor.java:624)
	at java.lang.Thread.run(Thread.java:748)
2019-09-12 04:04:17,382 [grpc-default-executor-7] INFO  impl.RaftServerProxy (RaftServerProxy.java:remove(95)) - d16d800f-a890-4a7a-bda4-5bf97a65c0f2: remove group-7A1668DFAB34:null
2019-09-12 04:04:17,385 [RatisPipelineUtilsThread] WARN  pipeline.RatisPipelineUtils (RatisPipelineUtils.java:destroyPipeline(66)) - Pipeline destroy failed for pipeline=PipelineID=73e48434-27c3-4c74-96c6-7a1668dfab34 dn=d16d800f-a890-4a7a-bda4-5bf97a65c0f2{ip: 192.168.34.8, host: pr-hdds-1879-pbs75-1821932185, networkLocation: /default-rack, certSerialId: null}
2019-09-12 04:04:17,388 [grpc-default-executor-7] INFO  impl.RaftServerProxy (RaftServerProxy.java:remove(95)) - 41a8e196-af5b-4c71-b4d4-8d03270b35a0: remove group-7A1668DFAB34:null
2019-09-12 04:04:17,391 [RatisPipelineUtilsThread] WARN  pipeline.RatisPipelineUtils (RatisPipelineUtils.java:destroyPipeline(66)) - Pipeline destroy failed for pipeline=PipelineID=73e48434-27c3-4c74-96c6-7a1668dfab34 dn=41a8e196-af5b-4c71-b4d4-8d03270b35a0{ip: 192.168.34.8, host: pr-hdds-1879-pbs75-1821932185, networkLocation: /default-rack, certSerialId: null}
2019-09-12 04:04:17,394 [grpc-default-executor-7] INFO  impl.RaftServerProxy (RaftServerProxy.java:remove(95)) - e74ea0f8-bf41-4d93-a1fd-ac84c2b46512: remove group-7A1668DFAB34:null
2019-09-12 04:04:17,397 [RatisPipelineUtilsThread] WARN  pipeline.RatisPipelineUtils (RatisPipelineUtils.java:destroyPipeline(66)) - Pipeline destroy failed for pipeline=PipelineID=73e48434-27c3-4c74-96c6-7a1668dfab34 dn=e74ea0f8-bf41-4d93-a1fd-ac84c2b46512{ip: 192.168.34.8, host: pr-hdds-1879-pbs75-1821932185, networkLocation: /default-rack, certSerialId: null}
2019-09-12 04:04:17,397 [RatisPipelineUtilsThread] ERROR pipeline.SCMPipelineManager (Scheduler.java:lambda$schedule$1(70)) - Destroy pipeline failed for pipeline:Pipeline[ Id: 73e48434-27c3-4c74-96c6-7a1668dfab34, Nodes: d16d800f-a890-4a7a-bda4-5bf97a65c0f2{ip: 192.168.34.8, host: pr-hdds-1879-pbs75-1821932185, networkLocation: /default-rack, certSerialId: null}41a8e196-af5b-4c71-b4d4-8d03270b35a0{ip: 192.168.34.8, host: pr-hdds-1879-pbs75-1821932185, networkLocation: /default-rack, certSerialId: null}e74ea0f8-bf41-4d93-a1fd-ac84c2b46512{ip: 192.168.34.8, host: pr-hdds-1879-pbs75-1821932185, networkLocation: /default-rack, certSerialId: null}, Type:RATIS, Factor:THREE, State:CLOSED]
org.apache.hadoop.hdds.scm.pipeline.PipelineNotFoundException: PipelineID=73e48434-27c3-4c74-96c6-7a1668dfab34 not found
	at org.apache.hadoop.hdds.scm.pipeline.PipelineStateMap.getPipeline(PipelineStateMap.java:132)
	at org.apache.hadoop.hdds.scm.pipeline.PipelineStateMap.removePipeline(PipelineStateMap.java:322)
	at org.apache.hadoop.hdds.scm.pipeline.PipelineStateManager.removePipeline(PipelineStateManager.java:107)
	at org.apache.hadoop.hdds.scm.pipeline.SCMPipelineManager.removePipeline(SCMPipelineManager.java:423)
	at org.apache.hadoop.hdds.scm.pipeline.SCMPipelineManager.destroyPipeline(SCMPipelineManager.java:409)
	at org.apache.hadoop.hdds.scm.pipeline.SCMPipelineManager.lambda$finalizeAndDestroyPipeline$0(SCMPipelineManager.java:318)
	at org.apache.hadoop.utils.Scheduler.lambda$schedule$1(Scheduler.java:68)
	at java.util.concurrent.Executors$RunnableAdapter.call(Executors.java:511)
	at java.util.concurrent.FutureTask.run(FutureTask.java:266)
	at java.util.concurrent.ScheduledThreadPoolExecutor$ScheduledFutureTask.access$201(ScheduledThreadPoolExecutor.java:180)
	at java.util.concurrent.ScheduledThreadPoolExecutor$ScheduledFutureTask.run(ScheduledThreadPoolExecutor.java:293)
	at java.util.concurrent.ThreadPoolExecutor.runWorker(ThreadPoolExecutor.java:1149)
	at java.util.concurrent.ThreadPoolExecutor$Worker.run(ThreadPoolExecutor.java:624)
	at java.lang.Thread.run(Thread.java:748)
2019-09-12 04:04:17,963 [java.util.concurrent.ThreadPoolExecutor$Worker@4b834a8d[State = -1, empty queue]] WARN  server.GrpcLogAppender (GrpcLogAppender.java:timeoutAppendRequest(200)) - cfbaf9ff-a5d2-4350-abbf-bcb1aefbe8d3@group-F484CCC1AA7A->fc0aded7-5090-49ad-a6b0-e16cfe155c18-GrpcLogAppender: appendEntries Timeout, request=cfbaf9ff-a5d2-4350-abbf-bcb1aefbe8d3->fc0aded7-5090-49ad-a6b0-e16cfe155c18#122-t1, previous=(t:1, i:22), leaderCommit=16, initializing? false, entries: <empty>
2019-09-12 04:04:17,963 [java.util.concurrent.ThreadPoolExecutor$Worker@76a00050[State = -1, empty queue]] WARN  server.GrpcLogAppender (GrpcLogAppender.java:timeoutAppendRequest(200)) - cfbaf9ff-a5d2-4350-abbf-bcb1aefbe8d3@group-F484CCC1AA7A->826a4c15-f032-4805-8cf4-5e11fe4a99d7-GrpcLogAppender: appendEntries Timeout, request=cfbaf9ff-a5d2-4350-abbf-bcb1aefbe8d3->826a4c15-f032-4805-8cf4-5e11fe4a99d7#122-t1, previous=(t:1, i:22), leaderCommit=16, initializing? false, entries: <empty>
2019-09-12 04:04:18,036 [grpc-default-executor-6] INFO  impl.RaftServerProxy (RaftServerProxy.java:remove(95)) - d16d800f-a890-4a7a-bda4-5bf97a65c0f2: remove group-7A1668DFAB34:null
2019-09-12 04:04:18,039 [RatisPipelineUtilsThread] WARN  pipeline.RatisPipelineUtils (RatisPipelineUtils.java:destroyPipeline(66)) - Pipeline destroy failed for pipeline=PipelineID=73e48434-27c3-4c74-96c6-7a1668dfab34 dn=d16d800f-a890-4a7a-bda4-5bf97a65c0f2{ip: 192.168.34.8, host: pr-hdds-1879-pbs75-1821932185, networkLocation: /default-rack, certSerialId: null}
2019-09-12 04:04:18,043 [grpc-default-executor-6] INFO  impl.RaftServerProxy (RaftServerProxy.java:remove(95)) - 41a8e196-af5b-4c71-b4d4-8d03270b35a0: remove group-7A1668DFAB34:null
2019-09-12 04:04:18,045 [RatisPipelineUtilsThread] WARN  pipeline.RatisPipelineUtils (RatisPipelineUtils.java:destroyPipeline(66)) - Pipeline destroy failed for pipeline=PipelineID=73e48434-27c3-4c74-96c6-7a1668dfab34 dn=41a8e196-af5b-4c71-b4d4-8d03270b35a0{ip: 192.168.34.8, host: pr-hdds-1879-pbs75-1821932185, networkLocation: /default-rack, certSerialId: null}
2019-09-12 04:04:18,048 [grpc-default-executor-6] INFO  impl.RaftServerProxy (RaftServerProxy.java:remove(95)) - e74ea0f8-bf41-4d93-a1fd-ac84c2b46512: remove group-7A1668DFAB34:null
2019-09-12 04:04:18,051 [RatisPipelineUtilsThread] WARN  pipeline.RatisPipelineUtils (RatisPipelineUtils.java:destroyPipeline(66)) - Pipeline destroy failed for pipeline=PipelineID=73e48434-27c3-4c74-96c6-7a1668dfab34 dn=e74ea0f8-bf41-4d93-a1fd-ac84c2b46512{ip: 192.168.34.8, host: pr-hdds-1879-pbs75-1821932185, networkLocation: /default-rack, certSerialId: null}
2019-09-12 04:04:18,051 [RatisPipelineUtilsThread] ERROR pipeline.SCMPipelineManager (Scheduler.java:lambda$schedule$1(70)) - Destroy pipeline failed for pipeline:Pipeline[ Id: 73e48434-27c3-4c74-96c6-7a1668dfab34, Nodes: d16d800f-a890-4a7a-bda4-5bf97a65c0f2{ip: 192.168.34.8, host: pr-hdds-1879-pbs75-1821932185, networkLocation: /default-rack, certSerialId: null}41a8e196-af5b-4c71-b4d4-8d03270b35a0{ip: 192.168.34.8, host: pr-hdds-1879-pbs75-1821932185, networkLocation: /default-rack, certSerialId: null}e74ea0f8-bf41-4d93-a1fd-ac84c2b46512{ip: 192.168.34.8, host: pr-hdds-1879-pbs75-1821932185, networkLocation: /default-rack, certSerialId: null}, Type:RATIS, Factor:THREE, State:CLOSED]
org.apache.hadoop.hdds.scm.pipeline.PipelineNotFoundException: PipelineID=73e48434-27c3-4c74-96c6-7a1668dfab34 not found
	at org.apache.hadoop.hdds.scm.pipeline.PipelineStateMap.getPipeline(PipelineStateMap.java:132)
	at org.apache.hadoop.hdds.scm.pipeline.PipelineStateMap.removePipeline(PipelineStateMap.java:322)
	at org.apache.hadoop.hdds.scm.pipeline.PipelineStateManager.removePipeline(PipelineStateManager.java:107)
	at org.apache.hadoop.hdds.scm.pipeline.SCMPipelineManager.removePipeline(SCMPipelineManager.java:423)
	at org.apache.hadoop.hdds.scm.pipeline.SCMPipelineManager.destroyPipeline(SCMPipelineManager.java:409)
	at org.apache.hadoop.hdds.scm.pipeline.SCMPipelineManager.lambda$finalizeAndDestroyPipeline$0(SCMPipelineManager.java:318)
	at org.apache.hadoop.utils.Scheduler.lambda$schedule$1(Scheduler.java:68)
	at java.util.concurrent.Executors$RunnableAdapter.call(Executors.java:511)
	at java.util.concurrent.FutureTask.run(FutureTask.java:266)
	at java.util.concurrent.ScheduledThreadPoolExecutor$ScheduledFutureTask.access$201(ScheduledThreadPoolExecutor.java:180)
	at java.util.concurrent.ScheduledThreadPoolExecutor$ScheduledFutureTask.run(ScheduledThreadPoolExecutor.java:293)
	at java.util.concurrent.ThreadPoolExecutor.runWorker(ThreadPoolExecutor.java:1149)
	at java.util.concurrent.ThreadPoolExecutor$Worker.run(ThreadPoolExecutor.java:624)
	at java.lang.Thread.run(Thread.java:748)
2019-09-12 04:04:18,055 [grpc-default-executor-6] INFO  impl.RaftServerProxy (RaftServerProxy.java:remove(95)) - d16d800f-a890-4a7a-bda4-5bf97a65c0f2: remove group-7A1668DFAB34:null
2019-09-12 04:04:18,057 [RatisPipelineUtilsThread] WARN  pipeline.RatisPipelineUtils (RatisPipelineUtils.java:destroyPipeline(66)) - Pipeline destroy failed for pipeline=PipelineID=73e48434-27c3-4c74-96c6-7a1668dfab34 dn=d16d800f-a890-4a7a-bda4-5bf97a65c0f2{ip: 192.168.34.8, host: pr-hdds-1879-pbs75-1821932185, networkLocation: /default-rack, certSerialId: null}
2019-09-12 04:04:18,060 [grpc-default-executor-6] INFO  impl.RaftServerProxy (RaftServerProxy.java:remove(95)) - 41a8e196-af5b-4c71-b4d4-8d03270b35a0: remove group-7A1668DFAB34:null
2019-09-12 04:04:18,062 [RatisPipelineUtilsThread] WARN  pipeline.RatisPipelineUtils (RatisPipelineUtils.java:destroyPipeline(66)) - Pipeline destroy failed for pipeline=PipelineID=73e48434-27c3-4c74-96c6-7a1668dfab34 dn=41a8e196-af5b-4c71-b4d4-8d03270b35a0{ip: 192.168.34.8, host: pr-hdds-1879-pbs75-1821932185, networkLocation: /default-rack, certSerialId: null}
2019-09-12 04:04:18,065 [grpc-default-executor-6] INFO  impl.RaftServerProxy (RaftServerProxy.java:remove(95)) - e74ea0f8-bf41-4d93-a1fd-ac84c2b46512: remove group-7A1668DFAB34:null
2019-09-12 04:04:18,067 [RatisPipelineUtilsThread] WARN  pipeline.RatisPipelineUtils (RatisPipelineUtils.java:destroyPipeline(66)) - Pipeline destroy failed for pipeline=PipelineID=73e48434-27c3-4c74-96c6-7a1668dfab34 dn=e74ea0f8-bf41-4d93-a1fd-ac84c2b46512{ip: 192.168.34.8, host: pr-hdds-1879-pbs75-1821932185, networkLocation: /default-rack, certSerialId: null}
2019-09-12 04:04:18,081 [RatisPipelineUtilsThread] ERROR pipeline.SCMPipelineManager (Scheduler.java:lambda$schedule$1(70)) - Destroy pipeline failed for pipeline:Pipeline[ Id: 73e48434-27c3-4c74-96c6-7a1668dfab34, Nodes: d16d800f-a890-4a7a-bda4-5bf97a65c0f2{ip: 192.168.34.8, host: pr-hdds-1879-pbs75-1821932185, networkLocation: /default-rack, certSerialId: null}41a8e196-af5b-4c71-b4d4-8d03270b35a0{ip: 192.168.34.8, host: pr-hdds-1879-pbs75-1821932185, networkLocation: /default-rack, certSerialId: null}e74ea0f8-bf41-4d93-a1fd-ac84c2b46512{ip: 192.168.34.8, host: pr-hdds-1879-pbs75-1821932185, networkLocation: /default-rack, certSerialId: null}, Type:RATIS, Factor:THREE, State:CLOSED]
org.apache.hadoop.hdds.scm.pipeline.PipelineNotFoundException: PipelineID=73e48434-27c3-4c74-96c6-7a1668dfab34 not found
	at org.apache.hadoop.hdds.scm.pipeline.PipelineStateMap.getPipeline(PipelineStateMap.java:132)
	at org.apache.hadoop.hdds.scm.pipeline.PipelineStateMap.removePipeline(PipelineStateMap.java:322)
	at org.apache.hadoop.hdds.scm.pipeline.PipelineStateManager.removePipeline(PipelineStateManager.java:107)
	at org.apache.hadoop.hdds.scm.pipeline.SCMPipelineManager.removePipeline(SCMPipelineManager.java:423)
	at org.apache.hadoop.hdds.scm.pipeline.SCMPipelineManager.destroyPipeline(SCMPipelineManager.java:409)
	at org.apache.hadoop.hdds.scm.pipeline.SCMPipelineManager.lambda$finalizeAndDestroyPipeline$0(SCMPipelineManager.java:318)
	at org.apache.hadoop.utils.Scheduler.lambda$schedule$1(Scheduler.java:68)
	at java.util.concurrent.Executors$RunnableAdapter.call(Executors.java:511)
	at java.util.concurrent.FutureTask.run(FutureTask.java:266)
	at java.util.concurrent.ScheduledThreadPoolExecutor$ScheduledFutureTask.access$201(ScheduledThreadPoolExecutor.java:180)
	at java.util.concurrent.ScheduledThreadPoolExecutor$ScheduledFutureTask.run(ScheduledThreadPoolExecutor.java:293)
	at java.util.concurrent.ThreadPoolExecutor.runWorker(ThreadPoolExecutor.java:1149)
	at java.util.concurrent.ThreadPoolExecutor$Worker.run(ThreadPoolExecutor.java:624)
	at java.lang.Thread.run(Thread.java:748)
2019-09-12 04:04:18,111 [grpc-default-executor-6] INFO  client.GrpcClientProtocolClient (GrpcClientProtocolClient.java:onNext(264)) - client-EFFAA1C83E3D->fc0aded7-5090-49ad-a6b0-e16cfe155c18: receive RaftClientReply:client-EFFAA1C83E3D->fc0aded7-5090-49ad-a6b0-e16cfe155c18@group-F484CCC1AA7A, cid=30, FAILED org.apache.ratis.protocol.NotLeaderException: Server fc0aded7-5090-49ad-a6b0-e16cfe155c18@group-F484CCC1AA7A is not the leader cfbaf9ff-a5d2-4350-abbf-bcb1aefbe8d3:192.168.34.8:40308, logIndex=0, commits[fc0aded7-5090-49ad-a6b0-e16cfe155c18:c16, 826a4c15-f032-4805-8cf4-5e11fe4a99d7:c14, cfbaf9ff-a5d2-4350-abbf-bcb1aefbe8d3:c16]
2019-09-12 04:04:20,463 [java.util.concurrent.ThreadPoolExecutor$Worker@4b834a8d[State = -1, empty queue]] WARN  server.GrpcLogAppender (GrpcLogAppender.java:timeoutAppendRequest(200)) - cfbaf9ff-a5d2-4350-abbf-bcb1aefbe8d3@group-F484CCC1AA7A->fc0aded7-5090-49ad-a6b0-e16cfe155c18-GrpcLogAppender: appendEntries Timeout, request=cfbaf9ff-a5d2-4350-abbf-bcb1aefbe8d3->fc0aded7-5090-49ad-a6b0-e16cfe155c18#123-t1, previous=(t:1, i:22), leaderCommit=16, initializing? false, entries: <empty>
2019-09-12 04:04:20,463 [java.util.concurrent.ThreadPoolExecutor$Worker@76a00050[State = -1, empty queue]] WARN  server.GrpcLogAppender (GrpcLogAppender.java:timeoutAppendRequest(200)) - cfbaf9ff-a5d2-4350-abbf-bcb1aefbe8d3@group-F484CCC1AA7A->826a4c15-f032-4805-8cf4-5e11fe4a99d7-GrpcLogAppender: appendEntries Timeout, request=cfbaf9ff-a5d2-4350-abbf-bcb1aefbe8d3->826a4c15-f032-4805-8cf4-5e11fe4a99d7#123-t1, previous=(t:1, i:22), leaderCommit=16, initializing? false, entries: <empty>
2019-09-12 04:04:22,453 [826a4c15-f032-4805-8cf4-5e11fe4a99d7@group-F484CCC1AA7A-SegmentedRaftLogWorker] WARN  segmented.SegmentedRaftLogWorker (SegmentedRaftLogWorker.java:getFromFuture(90)) - Timeout 6/~
org.apache.ratis.protocol.TimeoutIOException: Timeout 10s: WriteLog:17: (t:1, i:17), STATEMACHINELOGENTRY, client-EFFAA1C83E3D, cid=30-writeStateMachineData
	at org.apache.ratis.util.IOUtils.getFromFuture(IOUtils.java:87)
	at org.apache.ratis.server.raftlog.segmented.SegmentedRaftLogWorker$StateMachineDataPolicy.getFromFuture(SegmentedRaftLogWorker.java:87)
	at org.apache.ratis.server.raftlog.segmented.SegmentedRaftLogWorker$WriteLog.execute(SegmentedRaftLogWorker.java:477)
	at org.apache.ratis.server.raftlog.segmented.SegmentedRaftLogWorker.run(SegmentedRaftLogWorker.java:289)
	at java.lang.Thread.run(Thread.java:748)
Caused by: java.util.concurrent.TimeoutException
	at java.util.concurrent.CompletableFuture.timedGet(CompletableFuture.java:1771)
	at java.util.concurrent.CompletableFuture.get(CompletableFuture.java:1915)
	at org.apache.ratis.util.IOUtils.getFromFuture(IOUtils.java:79)
	... 4 more
2019-09-12 04:04:22,793 [fc0aded7-5090-49ad-a6b0-e16cfe155c18@group-F484CCC1AA7A-SegmentedRaftLogWorker] WARN  segmented.SegmentedRaftLogWorker (SegmentedRaftLogWorker.java:getFromFuture(90)) - Timeout 6/~
org.apache.ratis.protocol.TimeoutIOException: Timeout 10s: WriteLog:18: (t:1, i:18), STATEMACHINELOGENTRY, client-EFFAA1C83E3D, cid=31-writeStateMachineData
	at org.apache.ratis.util.IOUtils.getFromFuture(IOUtils.java:87)
	at org.apache.ratis.server.raftlog.segmented.SegmentedRaftLogWorker$StateMachineDataPolicy.getFromFuture(SegmentedRaftLogWorker.java:87)
	at org.apache.ratis.server.raftlog.segmented.SegmentedRaftLogWorker$WriteLog.execute(SegmentedRaftLogWorker.java:477)
	at org.apache.ratis.server.raftlog.segmented.SegmentedRaftLogWorker.run(SegmentedRaftLogWorker.java:289)
	at java.lang.Thread.run(Thread.java:748)
Caused by: java.util.concurrent.TimeoutException
	at java.util.concurrent.CompletableFuture.timedGet(CompletableFuture.java:1771)
	at java.util.concurrent.CompletableFuture.get(CompletableFuture.java:1915)
	at org.apache.ratis.util.IOUtils.getFromFuture(IOUtils.java:79)
	... 4 more
2019-09-12 04:04:22,819 [cfbaf9ff-a5d2-4350-abbf-bcb1aefbe8d3@group-F484CCC1AA7A-SegmentedRaftLogWorker] WARN  segmented.SegmentedRaftLogWorker (SegmentedRaftLogWorker.java:getFromFuture(90)) - Timeout 6/~
org.apache.ratis.protocol.TimeoutIOException: Timeout 10s: WriteLog:18: (t:1, i:18), STATEMACHINELOGENTRY, client-EFFAA1C83E3D, cid=31-writeStateMachineData
	at org.apache.ratis.util.IOUtils.getFromFuture(IOUtils.java:87)
	at org.apache.ratis.server.raftlog.segmented.SegmentedRaftLogWorker$StateMachineDataPolicy.getFromFuture(SegmentedRaftLogWorker.java:87)
	at org.apache.ratis.server.raftlog.segmented.SegmentedRaftLogWorker$WriteLog.execute(SegmentedRaftLogWorker.java:477)
	at org.apache.ratis.server.raftlog.segmented.SegmentedRaftLogWorker.run(SegmentedRaftLogWorker.java:289)
	at java.lang.Thread.run(Thread.java:748)
Caused by: java.util.concurrent.TimeoutException
	at java.util.concurrent.CompletableFuture.timedGet(CompletableFuture.java:1771)
	at java.util.concurrent.CompletableFuture.get(CompletableFuture.java:1915)
	at org.apache.ratis.util.IOUtils.getFromFuture(IOUtils.java:79)
	... 4 more
2019-09-12 04:04:22,964 [java.util.concurrent.ThreadPoolExecutor$Worker@76a00050[State = -1, empty queue]] WARN  server.GrpcLogAppender (GrpcLogAppender.java:timeoutAppendRequest(200)) - cfbaf9ff-a5d2-4350-abbf-bcb1aefbe8d3@group-F484CCC1AA7A->826a4c15-f032-4805-8cf4-5e11fe4a99d7-GrpcLogAppender: appendEntries Timeout, request=cfbaf9ff-a5d2-4350-abbf-bcb1aefbe8d3->826a4c15-f032-4805-8cf4-5e11fe4a99d7#124-t1, previous=(t:1, i:22), leaderCommit=16, initializing? false, entries: <empty>
2019-09-12 04:04:22,964 [java.util.concurrent.ThreadPoolExecutor$Worker@4b834a8d[State = -1, empty queue]] WARN  server.GrpcLogAppender (GrpcLogAppender.java:timeoutAppendRequest(200)) - cfbaf9ff-a5d2-4350-abbf-bcb1aefbe8d3@group-F484CCC1AA7A->fc0aded7-5090-49ad-a6b0-e16cfe155c18-GrpcLogAppender: appendEntries Timeout, request=cfbaf9ff-a5d2-4350-abbf-bcb1aefbe8d3->fc0aded7-5090-49ad-a6b0-e16cfe155c18#124-t1, previous=(t:1, i:22), leaderCommit=16, initializing? false, entries: <empty>
2019-09-12 04:04:23,168 [grpc-default-executor-7] INFO  client.GrpcClientProtocolClient (GrpcClientProtocolClient.java:onNext(264)) - client-EFFAA1C83E3D->fc0aded7-5090-49ad-a6b0-e16cfe155c18: receive RaftClientReply:client-EFFAA1C83E3D->fc0aded7-5090-49ad-a6b0-e16cfe155c18@group-F484CCC1AA7A, cid=30, FAILED org.apache.ratis.protocol.NotLeaderException: Server fc0aded7-5090-49ad-a6b0-e16cfe155c18@group-F484CCC1AA7A is not the leader cfbaf9ff-a5d2-4350-abbf-bcb1aefbe8d3:192.168.34.8:40308, logIndex=0, commits[fc0aded7-5090-49ad-a6b0-e16cfe155c18:c16, 826a4c15-f032-4805-8cf4-5e11fe4a99d7:c14, cfbaf9ff-a5d2-4350-abbf-bcb1aefbe8d3:c16]
2019-09-12 04:04:25,464 [java.util.concurrent.ThreadPoolExecutor$Worker@4b834a8d[State = -1, empty queue]] WARN  server.GrpcLogAppender (GrpcLogAppender.java:timeoutAppendRequest(200)) - cfbaf9ff-a5d2-4350-abbf-bcb1aefbe8d3@group-F484CCC1AA7A->fc0aded7-5090-49ad-a6b0-e16cfe155c18-GrpcLogAppender: appendEntries Timeout, request=cfbaf9ff-a5d2-4350-abbf-bcb1aefbe8d3->fc0aded7-5090-49ad-a6b0-e16cfe155c18#125-t1, previous=(t:1, i:22), leaderCommit=16, initializing? false, entries: <empty>
2019-09-12 04:04:25,464 [java.util.concurrent.ThreadPoolExecutor$Worker@76a00050[State = -1, empty queue]] WARN  server.GrpcLogAppender (GrpcLogAppender.java:timeoutAppendRequest(200)) - cfbaf9ff-a5d2-4350-abbf-bcb1aefbe8d3@group-F484CCC1AA7A->826a4c15-f032-4805-8cf4-5e11fe4a99d7-GrpcLogAppender: appendEntries Timeout, request=cfbaf9ff-a5d2-4350-abbf-bcb1aefbe8d3->826a4c15-f032-4805-8cf4-5e11fe4a99d7#125-t1, previous=(t:1, i:22), leaderCommit=16, initializing? false, entries: <empty>
2019-09-12 04:04:27,965 [java.util.concurrent.ThreadPoolExecutor$Worker@76a00050[State = -1, empty queue]] WARN  server.GrpcLogAppender (GrpcLogAppender.java:timeoutAppendRequest(200)) - cfbaf9ff-a5d2-4350-abbf-bcb1aefbe8d3@group-F484CCC1AA7A->826a4c15-f032-4805-8cf4-5e11fe4a99d7-GrpcLogAppender: appendEntries Timeout, request=cfbaf9ff-a5d2-4350-abbf-bcb1aefbe8d3->826a4c15-f032-4805-8cf4-5e11fe4a99d7#126-t1, previous=(t:1, i:22), leaderCommit=16, initializing? false, entries: <empty>
2019-09-12 04:04:27,965 [java.util.concurrent.ThreadPoolExecutor$Worker@4b834a8d[State = -1, empty queue]] WARN  server.GrpcLogAppender (GrpcLogAppender.java:timeoutAppendRequest(200)) - cfbaf9ff-a5d2-4350-abbf-bcb1aefbe8d3@group-F484CCC1AA7A->fc0aded7-5090-49ad-a6b0-e16cfe155c18-GrpcLogAppender: appendEntries Timeout, request=cfbaf9ff-a5d2-4350-abbf-bcb1aefbe8d3->fc0aded7-5090-49ad-a6b0-e16cfe155c18#126-t1, previous=(t:1, i:22), leaderCommit=16, initializing? false, entries: <empty>
2019-09-12 04:04:28,207 [grpc-default-executor-7] INFO  client.GrpcClientProtocolClient (GrpcClientProtocolClient.java:onNext(264)) - client-EFFAA1C83E3D->fc0aded7-5090-49ad-a6b0-e16cfe155c18: receive RaftClientReply:client-EFFAA1C83E3D->fc0aded7-5090-49ad-a6b0-e16cfe155c18@group-F484CCC1AA7A, cid=30, FAILED org.apache.ratis.protocol.NotLeaderException: Server fc0aded7-5090-49ad-a6b0-e16cfe155c18@group-F484CCC1AA7A is not the leader cfbaf9ff-a5d2-4350-abbf-bcb1aefbe8d3:192.168.34.8:40308, logIndex=0, commits[fc0aded7-5090-49ad-a6b0-e16cfe155c18:c16, 826a4c15-f032-4805-8cf4-5e11fe4a99d7:c14, cfbaf9ff-a5d2-4350-abbf-bcb1aefbe8d3:c16]
2019-09-12 04:04:30,466 [java.util.concurrent.ThreadPoolExecutor$Worker@76a00050[State = -1, empty queue]] WARN  server.GrpcLogAppender (GrpcLogAppender.java:timeoutAppendRequest(200)) - cfbaf9ff-a5d2-4350-abbf-bcb1aefbe8d3@group-F484CCC1AA7A->826a4c15-f032-4805-8cf4-5e11fe4a99d7-GrpcLogAppender: appendEntries Timeout, request=cfbaf9ff-a5d2-4350-abbf-bcb1aefbe8d3->826a4c15-f032-4805-8cf4-5e11fe4a99d7#127-t1, previous=(t:1, i:22), leaderCommit=16, initializing? false, entries: <empty>
2019-09-12 04:04:30,466 [java.util.concurrent.ThreadPoolExecutor$Worker@4b834a8d[State = -1, empty queue]] WARN  server.GrpcLogAppender (GrpcLogAppender.java:timeoutAppendRequest(200)) - cfbaf9ff-a5d2-4350-abbf-bcb1aefbe8d3@group-F484CCC1AA7A->fc0aded7-5090-49ad-a6b0-e16cfe155c18-GrpcLogAppender: appendEntries Timeout, request=cfbaf9ff-a5d2-4350-abbf-bcb1aefbe8d3->fc0aded7-5090-49ad-a6b0-e16cfe155c18#127-t1, previous=(t:1, i:22), leaderCommit=16, initializing? false, entries: <empty>
2019-09-12 04:04:32,454 [826a4c15-f032-4805-8cf4-5e11fe4a99d7@group-F484CCC1AA7A-SegmentedRaftLogWorker] WARN  segmented.SegmentedRaftLogWorker (SegmentedRaftLogWorker.java:getFromFuture(90)) - Timeout 7/~
org.apache.ratis.protocol.TimeoutIOException: Timeout 10s: WriteLog:17: (t:1, i:17), STATEMACHINELOGENTRY, client-EFFAA1C83E3D, cid=30-writeStateMachineData
	at org.apache.ratis.util.IOUtils.getFromFuture(IOUtils.java:87)
	at org.apache.ratis.server.raftlog.segmented.SegmentedRaftLogWorker$StateMachineDataPolicy.getFromFuture(SegmentedRaftLogWorker.java:87)
	at org.apache.ratis.server.raftlog.segmented.SegmentedRaftLogWorker$WriteLog.execute(SegmentedRaftLogWorker.java:477)
	at org.apache.ratis.server.raftlog.segmented.SegmentedRaftLogWorker.run(SegmentedRaftLogWorker.java:289)
	at java.lang.Thread.run(Thread.java:748)
Caused by: java.util.concurrent.TimeoutException
	at java.util.concurrent.CompletableFuture.timedGet(CompletableFuture.java:1771)
	at java.util.concurrent.CompletableFuture.get(CompletableFuture.java:1915)
	at org.apache.ratis.util.IOUtils.getFromFuture(IOUtils.java:79)
	... 4 more
2019-09-12 04:04:32,820 [fc0aded7-5090-49ad-a6b0-e16cfe155c18@group-F484CCC1AA7A-SegmentedRaftLogWorker] WARN  segmented.SegmentedRaftLogWorker (SegmentedRaftLogWorker.java:getFromFuture(90)) - Timeout 7/~
org.apache.ratis.protocol.TimeoutIOException: Timeout 10s: WriteLog:18: (t:1, i:18), STATEMACHINELOGENTRY, client-EFFAA1C83E3D, cid=31-writeStateMachineData
	at org.apache.ratis.util.IOUtils.getFromFuture(IOUtils.java:87)
	at org.apache.ratis.server.raftlog.segmented.SegmentedRaftLogWorker$StateMachineDataPolicy.getFromFuture(SegmentedRaftLogWorker.java:87)
	at org.apache.ratis.server.raftlog.segmented.SegmentedRaftLogWorker$WriteLog.execute(SegmentedRaftLogWorker.java:477)
	at org.apache.ratis.server.raftlog.segmented.SegmentedRaftLogWorker.run(SegmentedRaftLogWorker.java:289)
	at java.lang.Thread.run(Thread.java:748)
Caused by: java.util.concurrent.TimeoutException
	at java.util.concurrent.CompletableFuture.timedGet(CompletableFuture.java:1771)
	at java.util.concurrent.CompletableFuture.get(CompletableFuture.java:1915)
	at org.apache.ratis.util.IOUtils.getFromFuture(IOUtils.java:79)
	... 4 more
2019-09-12 04:04:32,820 [cfbaf9ff-a5d2-4350-abbf-bcb1aefbe8d3@group-F484CCC1AA7A-SegmentedRaftLogWorker] WARN  segmented.SegmentedRaftLogWorker (SegmentedRaftLogWorker.java:getFromFuture(90)) - Timeout 7/~
org.apache.ratis.protocol.TimeoutIOException: Timeout 10s: WriteLog:18: (t:1, i:18), STATEMACHINELOGENTRY, client-EFFAA1C83E3D, cid=31-writeStateMachineData
	at org.apache.ratis.util.IOUtils.getFromFuture(IOUtils.java:87)
	at org.apache.ratis.server.raftlog.segmented.SegmentedRaftLogWorker$StateMachineDataPolicy.getFromFuture(SegmentedRaftLogWorker.java:87)
	at org.apache.ratis.server.raftlog.segmented.SegmentedRaftLogWorker$WriteLog.execute(SegmentedRaftLogWorker.java:477)
	at org.apache.ratis.server.raftlog.segmented.SegmentedRaftLogWorker.run(SegmentedRaftLogWorker.java:289)
	at java.lang.Thread.run(Thread.java:748)
Caused by: java.util.concurrent.TimeoutException
	at java.util.concurrent.CompletableFuture.timedGet(CompletableFuture.java:1771)
	at java.util.concurrent.CompletableFuture.get(CompletableFuture.java:1915)
	at org.apache.ratis.util.IOUtils.getFromFuture(IOUtils.java:79)
	... 4 more
2019-09-12 04:04:32,967 [java.util.concurrent.ThreadPoolExecutor$Worker@76a00050[State = -1, empty queue]] WARN  server.GrpcLogAppender (GrpcLogAppender.java:timeoutAppendRequest(200)) - cfbaf9ff-a5d2-4350-abbf-bcb1aefbe8d3@group-F484CCC1AA7A->826a4c15-f032-4805-8cf4-5e11fe4a99d7-GrpcLogAppender: appendEntries Timeout, request=cfbaf9ff-a5d2-4350-abbf-bcb1aefbe8d3->826a4c15-f032-4805-8cf4-5e11fe4a99d7#128-t1, previous=(t:1, i:22), leaderCommit=16, initializing? false, entries: <empty>
2019-09-12 04:04:32,967 [java.util.concurrent.ThreadPoolExecutor$Worker@4b834a8d[State = -1, empty queue]] WARN  server.GrpcLogAppender (GrpcLogAppender.java:timeoutAppendRequest(200)) - cfbaf9ff-a5d2-4350-abbf-bcb1aefbe8d3@group-F484CCC1AA7A->fc0aded7-5090-49ad-a6b0-e16cfe155c18-GrpcLogAppender: appendEntries Timeout, request=cfbaf9ff-a5d2-4350-abbf-bcb1aefbe8d3->fc0aded7-5090-49ad-a6b0-e16cfe155c18#128-t1, previous=(t:1, i:22), leaderCommit=16, initializing? false, entries: <empty>
2019-09-12 04:04:33,257 [grpc-default-executor-7] INFO  client.GrpcClientProtocolClient (GrpcClientProtocolClient.java:onNext(264)) - client-EFFAA1C83E3D->fc0aded7-5090-49ad-a6b0-e16cfe155c18: receive RaftClientReply:client-EFFAA1C83E3D->fc0aded7-5090-49ad-a6b0-e16cfe155c18@group-F484CCC1AA7A, cid=30, FAILED org.apache.ratis.protocol.NotLeaderException: Server fc0aded7-5090-49ad-a6b0-e16cfe155c18@group-F484CCC1AA7A is not the leader cfbaf9ff-a5d2-4350-abbf-bcb1aefbe8d3:192.168.34.8:40308, logIndex=0, commits[fc0aded7-5090-49ad-a6b0-e16cfe155c18:c16, 826a4c15-f032-4805-8cf4-5e11fe4a99d7:c14, cfbaf9ff-a5d2-4350-abbf-bcb1aefbe8d3:c16]
2019-09-12 04:04:35,468 [java.util.concurrent.ThreadPoolExecutor$Worker@76a00050[State = -1, empty queue]] WARN  server.GrpcLogAppender (GrpcLogAppender.java:timeoutAppendRequest(200)) - cfbaf9ff-a5d2-4350-abbf-bcb1aefbe8d3@group-F484CCC1AA7A->826a4c15-f032-4805-8cf4-5e11fe4a99d7-GrpcLogAppender: appendEntries Timeout, request=cfbaf9ff-a5d2-4350-abbf-bcb1aefbe8d3->826a4c15-f032-4805-8cf4-5e11fe4a99d7#129-t1, previous=(t:1, i:22), leaderCommit=16, initializing? false, entries: <empty>
2019-09-12 04:04:35,468 [java.util.concurrent.ThreadPoolExecutor$Worker@4b834a8d[State = -1, empty queue]] WARN  server.GrpcLogAppender (GrpcLogAppender.java:timeoutAppendRequest(200)) - cfbaf9ff-a5d2-4350-abbf-bcb1aefbe8d3@group-F484CCC1AA7A->fc0aded7-5090-49ad-a6b0-e16cfe155c18-GrpcLogAppender: appendEntries Timeout, request=cfbaf9ff-a5d2-4350-abbf-bcb1aefbe8d3->fc0aded7-5090-49ad-a6b0-e16cfe155c18#129-t1, previous=(t:1, i:22), leaderCommit=16, initializing? false, entries: <empty>
2019-09-12 04:04:37,968 [java.util.concurrent.ThreadPoolExecutor$Worker@4b834a8d[State = -1, empty queue]] WARN  server.GrpcLogAppender (GrpcLogAppender.java:timeoutAppendRequest(200)) - cfbaf9ff-a5d2-4350-abbf-bcb1aefbe8d3@group-F484CCC1AA7A->fc0aded7-5090-49ad-a6b0-e16cfe155c18-GrpcLogAppender: appendEntries Timeout, request=cfbaf9ff-a5d2-4350-abbf-bcb1aefbe8d3->fc0aded7-5090-49ad-a6b0-e16cfe155c18#130-t1, previous=(t:1, i:22), leaderCommit=16, initializing? false, entries: <empty>
2019-09-12 04:04:37,968 [java.util.concurrent.ThreadPoolExecutor$Worker@76a00050[State = -1, empty queue]] WARN  server.GrpcLogAppender (GrpcLogAppender.java:timeoutAppendRequest(200)) - cfbaf9ff-a5d2-4350-abbf-bcb1aefbe8d3@group-F484CCC1AA7A->826a4c15-f032-4805-8cf4-5e11fe4a99d7-GrpcLogAppender: appendEntries Timeout, request=cfbaf9ff-a5d2-4350-abbf-bcb1aefbe8d3->826a4c15-f032-4805-8cf4-5e11fe4a99d7#130-t1, previous=(t:1, i:22), leaderCommit=16, initializing? false, entries: <empty>
2019-09-12 04:04:38,311 [grpc-default-executor-7] INFO  client.GrpcClientProtocolClient (GrpcClientProtocolClient.java:onNext(264)) - client-EFFAA1C83E3D->fc0aded7-5090-49ad-a6b0-e16cfe155c18: receive RaftClientReply:client-EFFAA1C83E3D->fc0aded7-5090-49ad-a6b0-e16cfe155c18@group-F484CCC1AA7A, cid=30, FAILED org.apache.ratis.protocol.NotLeaderException: Server fc0aded7-5090-49ad-a6b0-e16cfe155c18@group-F484CCC1AA7A is not the leader cfbaf9ff-a5d2-4350-abbf-bcb1aefbe8d3:192.168.34.8:40308, logIndex=0, commits[fc0aded7-5090-49ad-a6b0-e16cfe155c18:c16, 826a4c15-f032-4805-8cf4-5e11fe4a99d7:c14, cfbaf9ff-a5d2-4350-abbf-bcb1aefbe8d3:c16]
2019-09-12 04:04:40,469 [java.util.concurrent.ThreadPoolExecutor$Worker@4b834a8d[State = -1, empty queue]] WARN  server.GrpcLogAppender (GrpcLogAppender.java:timeoutAppendRequest(200)) - cfbaf9ff-a5d2-4350-abbf-bcb1aefbe8d3@group-F484CCC1AA7A->fc0aded7-5090-49ad-a6b0-e16cfe155c18-GrpcLogAppender: appendEntries Timeout, request=cfbaf9ff-a5d2-4350-abbf-bcb1aefbe8d3->fc0aded7-5090-49ad-a6b0-e16cfe155c18#131-t1, previous=(t:1, i:22), leaderCommit=16, initializing? false, entries: <empty>
2019-09-12 04:04:40,469 [java.util.concurrent.ThreadPoolExecutor$Worker@76a00050[State = -1, empty queue]] WARN  server.GrpcLogAppender (GrpcLogAppender.java:timeoutAppendRequest(200)) - cfbaf9ff-a5d2-4350-abbf-bcb1aefbe8d3@group-F484CCC1AA7A->826a4c15-f032-4805-8cf4-5e11fe4a99d7-GrpcLogAppender: appendEntries Timeout, request=cfbaf9ff-a5d2-4350-abbf-bcb1aefbe8d3->826a4c15-f032-4805-8cf4-5e11fe4a99d7#131-t1, previous=(t:1, i:22), leaderCommit=16, initializing? false, entries: <empty>
2019-09-12 04:04:42,457 [826a4c15-f032-4805-8cf4-5e11fe4a99d7@group-F484CCC1AA7A-SegmentedRaftLogWorker] WARN  segmented.SegmentedRaftLogWorker (SegmentedRaftLogWorker.java:getFromFuture(90)) - Timeout 8/~
org.apache.ratis.protocol.TimeoutIOException: Timeout 10s: WriteLog:17: (t:1, i:17), STATEMACHINELOGENTRY, client-EFFAA1C83E3D, cid=30-writeStateMachineData
	at org.apache.ratis.util.IOUtils.getFromFuture(IOUtils.java:87)
	at org.apache.ratis.server.raftlog.segmented.SegmentedRaftLogWorker$StateMachineDataPolicy.getFromFuture(SegmentedRaftLogWorker.java:87)
	at org.apache.ratis.server.raftlog.segmented.SegmentedRaftLogWorker$WriteLog.execute(SegmentedRaftLogWorker.java:477)
	at org.apache.ratis.server.raftlog.segmented.SegmentedRaftLogWorker.run(SegmentedRaftLogWorker.java:289)
	at java.lang.Thread.run(Thread.java:748)
Caused by: java.util.concurrent.TimeoutException
	at java.util.concurrent.CompletableFuture.timedGet(CompletableFuture.java:1771)
	at java.util.concurrent.CompletableFuture.get(CompletableFuture.java:1915)
	at org.apache.ratis.util.IOUtils.getFromFuture(IOUtils.java:79)
	... 4 more
2019-09-12 04:04:42,821 [fc0aded7-5090-49ad-a6b0-e16cfe155c18@group-F484CCC1AA7A-SegmentedRaftLogWorker] WARN  segmented.SegmentedRaftLogWorker (SegmentedRaftLogWorker.java:getFromFuture(90)) - Timeout 8/~
org.apache.ratis.protocol.TimeoutIOException: Timeout 10s: WriteLog:18: (t:1, i:18), STATEMACHINELOGENTRY, client-EFFAA1C83E3D, cid=31-writeStateMachineData
	at org.apache.ratis.util.IOUtils.getFromFuture(IOUtils.java:87)
	at org.apache.ratis.server.raftlog.segmented.SegmentedRaftLogWorker$StateMachineDataPolicy.getFromFuture(SegmentedRaftLogWorker.java:87)
	at org.apache.ratis.server.raftlog.segmented.SegmentedRaftLogWorker$WriteLog.execute(SegmentedRaftLogWorker.java:477)
	at org.apache.ratis.server.raftlog.segmented.SegmentedRaftLogWorker.run(SegmentedRaftLogWorker.java:289)
	at java.lang.Thread.run(Thread.java:748)
Caused by: java.util.concurrent.TimeoutException
	at java.util.concurrent.CompletableFuture.timedGet(CompletableFuture.java:1771)
	at java.util.concurrent.CompletableFuture.get(CompletableFuture.java:1915)
	at org.apache.ratis.util.IOUtils.getFromFuture(IOUtils.java:79)
	... 4 more
2019-09-12 04:04:42,821 [cfbaf9ff-a5d2-4350-abbf-bcb1aefbe8d3@group-F484CCC1AA7A-SegmentedRaftLogWorker] WARN  segmented.SegmentedRaftLogWorker (SegmentedRaftLogWorker.java:getFromFuture(90)) - Timeout 8/~
org.apache.ratis.protocol.TimeoutIOException: Timeout 10s: WriteLog:18: (t:1, i:18), STATEMACHINELOGENTRY, client-EFFAA1C83E3D, cid=31-writeStateMachineData
	at org.apache.ratis.util.IOUtils.getFromFuture(IOUtils.java:87)
	at org.apache.ratis.server.raftlog.segmented.SegmentedRaftLogWorker$StateMachineDataPolicy.getFromFuture(SegmentedRaftLogWorker.java:87)
	at org.apache.ratis.server.raftlog.segmented.SegmentedRaftLogWorker$WriteLog.execute(SegmentedRaftLogWorker.java:477)
	at org.apache.ratis.server.raftlog.segmented.SegmentedRaftLogWorker.run(SegmentedRaftLogWorker.java:289)
	at java.lang.Thread.run(Thread.java:748)
Caused by: java.util.concurrent.TimeoutException
	at java.util.concurrent.CompletableFuture.timedGet(CompletableFuture.java:1771)
	at java.util.concurrent.CompletableFuture.get(CompletableFuture.java:1915)
	at org.apache.ratis.util.IOUtils.getFromFuture(IOUtils.java:79)
	... 4 more
2019-09-12 04:04:42,969 [java.util.concurrent.ThreadPoolExecutor$Worker@4b834a8d[State = -1, empty queue]] WARN  server.GrpcLogAppender (GrpcLogAppender.java:timeoutAppendRequest(200)) - cfbaf9ff-a5d2-4350-abbf-bcb1aefbe8d3@group-F484CCC1AA7A->fc0aded7-5090-49ad-a6b0-e16cfe155c18-GrpcLogAppender: appendEntries Timeout, request=cfbaf9ff-a5d2-4350-abbf-bcb1aefbe8d3->fc0aded7-5090-49ad-a6b0-e16cfe155c18#132-t1, previous=(t:1, i:22), leaderCommit=16, initializing? false, entries: <empty>
2019-09-12 04:04:42,969 [java.util.concurrent.ThreadPoolExecutor$Worker@76a00050[State = -1, empty queue]] WARN  server.GrpcLogAppender (GrpcLogAppender.java:timeoutAppendRequest(200)) - cfbaf9ff-a5d2-4350-abbf-bcb1aefbe8d3@group-F484CCC1AA7A->826a4c15-f032-4805-8cf4-5e11fe4a99d7-GrpcLogAppender: appendEntries Timeout, request=cfbaf9ff-a5d2-4350-abbf-bcb1aefbe8d3->826a4c15-f032-4805-8cf4-5e11fe4a99d7#132-t1, previous=(t:1, i:22), leaderCommit=16, initializing? false, entries: <empty>
2019-09-12 04:04:43,364 [grpc-default-executor-8] INFO  client.GrpcClientProtocolClient (GrpcClientProtocolClient.java:onNext(264)) - client-EFFAA1C83E3D->fc0aded7-5090-49ad-a6b0-e16cfe155c18: receive RaftClientReply:client-EFFAA1C83E3D->fc0aded7-5090-49ad-a6b0-e16cfe155c18@group-F484CCC1AA7A, cid=30, FAILED org.apache.ratis.protocol.NotLeaderException: Server fc0aded7-5090-49ad-a6b0-e16cfe155c18@group-F484CCC1AA7A is not the leader cfbaf9ff-a5d2-4350-abbf-bcb1aefbe8d3:192.168.34.8:40308, logIndex=0, commits[fc0aded7-5090-49ad-a6b0-e16cfe155c18:c16, 826a4c15-f032-4805-8cf4-5e11fe4a99d7:c14, cfbaf9ff-a5d2-4350-abbf-bcb1aefbe8d3:c16]
2019-09-12 04:04:45,469 [java.util.concurrent.ThreadPoolExecutor$Worker@4b834a8d[State = -1, empty queue]] WARN  server.GrpcLogAppender (GrpcLogAppender.java:timeoutAppendRequest(200)) - cfbaf9ff-a5d2-4350-abbf-bcb1aefbe8d3@group-F484CCC1AA7A->fc0aded7-5090-49ad-a6b0-e16cfe155c18-GrpcLogAppender: appendEntries Timeout, request=cfbaf9ff-a5d2-4350-abbf-bcb1aefbe8d3->fc0aded7-5090-49ad-a6b0-e16cfe155c18#133-t1, previous=(t:1, i:22), leaderCommit=16, initializing? false, entries: <empty>
2019-09-12 04:04:45,469 [java.util.concurrent.ThreadPoolExecutor$Worker@76a00050[State = -1, empty queue]] WARN  server.GrpcLogAppender (GrpcLogAppender.java:timeoutAppendRequest(200)) - cfbaf9ff-a5d2-4350-abbf-bcb1aefbe8d3@group-F484CCC1AA7A->826a4c15-f032-4805-8cf4-5e11fe4a99d7-GrpcLogAppender: appendEntries Timeout, request=cfbaf9ff-a5d2-4350-abbf-bcb1aefbe8d3->826a4c15-f032-4805-8cf4-5e11fe4a99d7#133-t1, previous=(t:1, i:22), leaderCommit=16, initializing? false, entries: <empty>
2019-09-12 04:04:47,970 [java.util.concurrent.ThreadPoolExecutor$Worker@76a00050[State = -1, empty queue]] WARN  server.GrpcLogAppender (GrpcLogAppender.java:timeoutAppendRequest(200)) - cfbaf9ff-a5d2-4350-abbf-bcb1aefbe8d3@group-F484CCC1AA7A->826a4c15-f032-4805-8cf4-5e11fe4a99d7-GrpcLogAppender: appendEntries Timeout, request=cfbaf9ff-a5d2-4350-abbf-bcb1aefbe8d3->826a4c15-f032-4805-8cf4-5e11fe4a99d7#134-t1, previous=(t:1, i:22), leaderCommit=16, initializing? false, entries: <empty>
2019-09-12 04:04:47,970 [java.util.concurrent.ThreadPoolExecutor$Worker@4b834a8d[State = -1, empty queue]] WARN  server.GrpcLogAppender (GrpcLogAppender.java:timeoutAppendRequest(200)) - cfbaf9ff-a5d2-4350-abbf-bcb1aefbe8d3@group-F484CCC1AA7A->fc0aded7-5090-49ad-a6b0-e16cfe155c18-GrpcLogAppender: appendEntries Timeout, request=cfbaf9ff-a5d2-4350-abbf-bcb1aefbe8d3->fc0aded7-5090-49ad-a6b0-e16cfe155c18#134-t1, previous=(t:1, i:22), leaderCommit=16, initializing? false, entries: <empty>
2019-09-12 04:04:48,410 [grpc-default-executor-8] INFO  client.GrpcClientProtocolClient (GrpcClientProtocolClient.java:onNext(264)) - client-EFFAA1C83E3D->fc0aded7-5090-49ad-a6b0-e16cfe155c18: receive RaftClientReply:client-EFFAA1C83E3D->fc0aded7-5090-49ad-a6b0-e16cfe155c18@group-F484CCC1AA7A, cid=30, FAILED org.apache.ratis.protocol.NotLeaderException: Server fc0aded7-5090-49ad-a6b0-e16cfe155c18@group-F484CCC1AA7A is not the leader cfbaf9ff-a5d2-4350-abbf-bcb1aefbe8d3:192.168.34.8:40308, logIndex=0, commits[fc0aded7-5090-49ad-a6b0-e16cfe155c18:c16, 826a4c15-f032-4805-8cf4-5e11fe4a99d7:c14, cfbaf9ff-a5d2-4350-abbf-bcb1aefbe8d3:c16]
2019-09-12 04:04:50,470 [java.util.concurrent.ThreadPoolExecutor$Worker@4b834a8d[State = -1, empty queue]] WARN  server.GrpcLogAppender (GrpcLogAppender.java:timeoutAppendRequest(200)) - cfbaf9ff-a5d2-4350-abbf-bcb1aefbe8d3@group-F484CCC1AA7A->fc0aded7-5090-49ad-a6b0-e16cfe155c18-GrpcLogAppender: appendEntries Timeout, request=cfbaf9ff-a5d2-4350-abbf-bcb1aefbe8d3->fc0aded7-5090-49ad-a6b0-e16cfe155c18#135-t1, previous=(t:1, i:22), leaderCommit=16, initializing? false, entries: <empty>
2019-09-12 04:04:50,470 [java.util.concurrent.ThreadPoolExecutor$Worker@76a00050[State = -1, empty queue]] WARN  server.GrpcLogAppender (GrpcLogAppender.java:timeoutAppendRequest(200)) - cfbaf9ff-a5d2-4350-abbf-bcb1aefbe8d3@group-F484CCC1AA7A->826a4c15-f032-4805-8cf4-5e11fe4a99d7-GrpcLogAppender: appendEntries Timeout, request=cfbaf9ff-a5d2-4350-abbf-bcb1aefbe8d3->826a4c15-f032-4805-8cf4-5e11fe4a99d7#135-t1, previous=(t:1, i:22), leaderCommit=16, initializing? false, entries: <empty>
2019-09-12 04:04:52,459 [826a4c15-f032-4805-8cf4-5e11fe4a99d7@group-F484CCC1AA7A-SegmentedRaftLogWorker] WARN  segmented.SegmentedRaftLogWorker (SegmentedRaftLogWorker.java:getFromFuture(90)) - Timeout 9/~
org.apache.ratis.protocol.TimeoutIOException: Timeout 10s: WriteLog:17: (t:1, i:17), STATEMACHINELOGENTRY, client-EFFAA1C83E3D, cid=30-writeStateMachineData
	at org.apache.ratis.util.IOUtils.getFromFuture(IOUtils.java:87)
	at org.apache.ratis.server.raftlog.segmented.SegmentedRaftLogWorker$StateMachineDataPolicy.getFromFuture(SegmentedRaftLogWorker.java:87)
	at org.apache.ratis.server.raftlog.segmented.SegmentedRaftLogWorker$WriteLog.execute(SegmentedRaftLogWorker.java:477)
	at org.apache.ratis.server.raftlog.segmented.SegmentedRaftLogWorker.run(SegmentedRaftLogWorker.java:289)
	at java.lang.Thread.run(Thread.java:748)
Caused by: java.util.concurrent.TimeoutException
	at java.util.concurrent.CompletableFuture.timedGet(CompletableFuture.java:1771)
	at java.util.concurrent.CompletableFuture.get(CompletableFuture.java:1915)
	at org.apache.ratis.util.IOUtils.getFromFuture(IOUtils.java:79)
	... 4 more
2019-09-12 04:04:52,822 [fc0aded7-5090-49ad-a6b0-e16cfe155c18@group-F484CCC1AA7A-SegmentedRaftLogWorker] WARN  segmented.SegmentedRaftLogWorker (SegmentedRaftLogWorker.java:getFromFuture(90)) - Timeout 9/~
org.apache.ratis.protocol.TimeoutIOException: Timeout 10s: WriteLog:18: (t:1, i:18), STATEMACHINELOGENTRY, client-EFFAA1C83E3D, cid=31-writeStateMachineData
	at org.apache.ratis.util.IOUtils.getFromFuture(IOUtils.java:87)
	at org.apache.ratis.server.raftlog.segmented.SegmentedRaftLogWorker$StateMachineDataPolicy.getFromFuture(SegmentedRaftLogWorker.java:87)
	at org.apache.ratis.server.raftlog.segmented.SegmentedRaftLogWorker$WriteLog.execute(SegmentedRaftLogWorker.java:477)
	at org.apache.ratis.server.raftlog.segmented.SegmentedRaftLogWorker.run(SegmentedRaftLogWorker.java:289)
	at java.lang.Thread.run(Thread.java:748)
Caused by: java.util.concurrent.TimeoutException
	at java.util.concurrent.CompletableFuture.timedGet(CompletableFuture.java:1771)
	at java.util.concurrent.CompletableFuture.get(CompletableFuture.java:1915)
	at org.apache.ratis.util.IOUtils.getFromFuture(IOUtils.java:79)
	... 4 more
2019-09-12 04:04:52,822 [cfbaf9ff-a5d2-4350-abbf-bcb1aefbe8d3@group-F484CCC1AA7A-SegmentedRaftLogWorker] WARN  segmented.SegmentedRaftLogWorker (SegmentedRaftLogWorker.java:getFromFuture(90)) - Timeout 9/~
org.apache.ratis.protocol.TimeoutIOException: Timeout 10s: WriteLog:18: (t:1, i:18), STATEMACHINELOGENTRY, client-EFFAA1C83E3D, cid=31-writeStateMachineData
	at org.apache.ratis.util.IOUtils.getFromFuture(IOUtils.java:87)
	at org.apache.ratis.server.raftlog.segmented.SegmentedRaftLogWorker$StateMachineDataPolicy.getFromFuture(SegmentedRaftLogWorker.java:87)
	at org.apache.ratis.server.raftlog.segmented.SegmentedRaftLogWorker$WriteLog.execute(SegmentedRaftLogWorker.java:477)
	at org.apache.ratis.server.raftlog.segmented.SegmentedRaftLogWorker.run(SegmentedRaftLogWorker.java:289)
	at java.lang.Thread.run(Thread.java:748)
Caused by: java.util.concurrent.TimeoutException
	at java.util.concurrent.CompletableFuture.timedGet(CompletableFuture.java:1771)
	at java.util.concurrent.CompletableFuture.get(CompletableFuture.java:1915)
	at org.apache.ratis.util.IOUtils.getFromFuture(IOUtils.java:79)
	... 4 more
2019-09-12 04:04:52,971 [java.util.concurrent.ThreadPoolExecutor$Worker@76a00050[State = -1, empty queue]] WARN  server.GrpcLogAppender (GrpcLogAppender.java:timeoutAppendRequest(200)) - cfbaf9ff-a5d2-4350-abbf-bcb1aefbe8d3@group-F484CCC1AA7A->826a4c15-f032-4805-8cf4-5e11fe4a99d7-GrpcLogAppender: appendEntries Timeout, request=cfbaf9ff-a5d2-4350-abbf-bcb1aefbe8d3->826a4c15-f032-4805-8cf4-5e11fe4a99d7#136-t1, previous=(t:1, i:22), leaderCommit=16, initializing? false, entries: <empty>
2019-09-12 04:04:52,971 [java.util.concurrent.ThreadPoolExecutor$Worker@4b834a8d[State = -1, empty queue]] WARN  server.GrpcLogAppender (GrpcLogAppender.java:timeoutAppendRequest(200)) - cfbaf9ff-a5d2-4350-abbf-bcb1aefbe8d3@group-F484CCC1AA7A->fc0aded7-5090-49ad-a6b0-e16cfe155c18-GrpcLogAppender: appendEntries Timeout, request=cfbaf9ff-a5d2-4350-abbf-bcb1aefbe8d3->fc0aded7-5090-49ad-a6b0-e16cfe155c18#136-t1, previous=(t:1, i:22), leaderCommit=16, initializing? false, entries: <empty>
2019-09-12 04:04:53,456 [grpc-default-executor-6] INFO  client.GrpcClientProtocolClient (GrpcClientProtocolClient.java:onNext(264)) - client-EFFAA1C83E3D->fc0aded7-5090-49ad-a6b0-e16cfe155c18: receive RaftClientReply:client-EFFAA1C83E3D->fc0aded7-5090-49ad-a6b0-e16cfe155c18@group-F484CCC1AA7A, cid=30, FAILED org.apache.ratis.protocol.NotLeaderException: Server fc0aded7-5090-49ad-a6b0-e16cfe155c18@group-F484CCC1AA7A is not the leader cfbaf9ff-a5d2-4350-abbf-bcb1aefbe8d3:192.168.34.8:40308, logIndex=0, commits[fc0aded7-5090-49ad-a6b0-e16cfe155c18:c16, 826a4c15-f032-4805-8cf4-5e11fe4a99d7:c14, cfbaf9ff-a5d2-4350-abbf-bcb1aefbe8d3:c16]
2019-09-12 04:04:55,474 [java.util.concurrent.ThreadPoolExecutor$Worker@76a00050[State = -1, empty queue]] WARN  server.GrpcLogAppender (GrpcLogAppender.java:timeoutAppendRequest(200)) - cfbaf9ff-a5d2-4350-abbf-bcb1aefbe8d3@group-F484CCC1AA7A->826a4c15-f032-4805-8cf4-5e11fe4a99d7-GrpcLogAppender: appendEntries Timeout, request=cfbaf9ff-a5d2-4350-abbf-bcb1aefbe8d3->826a4c15-f032-4805-8cf4-5e11fe4a99d7#137-t1, previous=(t:1, i:22), leaderCommit=16, initializing? false, entries: <empty>
2019-09-12 04:04:55,474 [java.util.concurrent.ThreadPoolExecutor$Worker@4b834a8d[State = -1, empty queue]] WARN  server.GrpcLogAppender (GrpcLogAppender.java:timeoutAppendRequest(200)) - cfbaf9ff-a5d2-4350-abbf-bcb1aefbe8d3@group-F484CCC1AA7A->fc0aded7-5090-49ad-a6b0-e16cfe155c18-GrpcLogAppender: appendEntries Timeout, request=cfbaf9ff-a5d2-4350-abbf-bcb1aefbe8d3->fc0aded7-5090-49ad-a6b0-e16cfe155c18#137-t1, previous=(t:1, i:22), leaderCommit=16, initializing? false, entries: <empty>
2019-09-12 04:04:56,922 [ReplicationMonitor] INFO  container.ReplicationManager (ReplicationManager.java:forceCloseContainer(464)) - Force closing container #1 with BCSID 4, which is in QUASI_CLOSED state.
2019-09-12 04:04:56,924 [ReplicationMonitor] INFO  container.ReplicationManager (ReplicationManager.java:sendCloseCommand(659)) - Sending close container command for container #1 to datanode 41a8e196-af5b-4c71-b4d4-8d03270b35a0{ip: 192.168.34.8, host: pr-hdds-1879-pbs75-1821932185, networkLocation: /default-rack, certSerialId: null}.
2019-09-12 04:04:56,925 [ReplicationMonitor] INFO  container.ReplicationManager (ReplicationManager.java:sendCloseCommand(659)) - Sending close container command for container #1 to datanode e74ea0f8-bf41-4d93-a1fd-ac84c2b46512{ip: 192.168.34.8, host: pr-hdds-1879-pbs75-1821932185, networkLocation: /default-rack, certSerialId: null}.
2019-09-12 04:04:56,925 [ReplicationMonitor] INFO  container.ReplicationManager (ReplicationManager.java:sendCloseCommand(659)) - Sending close container command for container #1 to datanode d16d800f-a890-4a7a-bda4-5bf97a65c0f2{ip: 192.168.34.8, host: pr-hdds-1879-pbs75-1821932185, networkLocation: /default-rack, certSerialId: null}.
2019-09-12 04:04:56,925 [ReplicationMonitor] INFO  container.ReplicationManager (ReplicationManager.java:forceCloseContainer(464)) - Force closing container #3 with BCSID 0, which is in QUASI_CLOSED state.
2019-09-12 04:04:56,925 [ReplicationMonitor] INFO  container.ReplicationManager (ReplicationManager.java:sendCloseCommand(659)) - Sending close container command for container #3 to datanode e74ea0f8-bf41-4d93-a1fd-ac84c2b46512{ip: 192.168.34.8, host: pr-hdds-1879-pbs75-1821932185, networkLocation: /default-rack, certSerialId: null}.
2019-09-12 04:04:56,926 [ReplicationMonitor] INFO  container.ReplicationManager (ReplicationManager.java:sendCloseCommand(659)) - Sending close container command for container #3 to datanode 41a8e196-af5b-4c71-b4d4-8d03270b35a0{ip: 192.168.34.8, host: pr-hdds-1879-pbs75-1821932185, networkLocation: /default-rack, certSerialId: null}.
2019-09-12 04:04:56,926 [ReplicationMonitor] INFO  container.ReplicationManager (ReplicationManager.java:sendCloseCommand(659)) - Sending close container command for container #3 to datanode d16d800f-a890-4a7a-bda4-5bf97a65c0f2{ip: 192.168.34.8, host: pr-hdds-1879-pbs75-1821932185, networkLocation: /default-rack, certSerialId: null}.
2019-09-12 04:04:56,926 [ReplicationMonitor] INFO  container.ReplicationManager (ReplicationManager.java:run(225)) - Replication Monitor Thread took 12 milliseconds for processing 5 containers.
2019-09-12 04:04:57,973 [java.util.concurrent.ThreadPoolExecutor$Worker@4b834a8d[State = -1, empty queue]] WARN  server.GrpcLogAppender (GrpcLogAppender.java:timeoutAppendRequest(200)) - cfbaf9ff-a5d2-4350-abbf-bcb1aefbe8d3@group-F484CCC1AA7A->fc0aded7-5090-49ad-a6b0-e16cfe155c18-GrpcLogAppender: appendEntries Timeout, request=cfbaf9ff-a5d2-4350-abbf-bcb1aefbe8d3->fc0aded7-5090-49ad-a6b0-e16cfe155c18#138-t1, previous=(t:1, i:22), leaderCommit=16, initializing? false, entries: <empty>
2019-09-12 04:04:57,973 [java.util.concurrent.ThreadPoolExecutor$Worker@76a00050[State = -1, empty queue]] WARN  server.GrpcLogAppender (GrpcLogAppender.java:timeoutAppendRequest(200)) - cfbaf9ff-a5d2-4350-abbf-bcb1aefbe8d3@group-F484CCC1AA7A->826a4c15-f032-4805-8cf4-5e11fe4a99d7-GrpcLogAppender: appendEntries Timeout, request=cfbaf9ff-a5d2-4350-abbf-bcb1aefbe8d3->826a4c15-f032-4805-8cf4-5e11fe4a99d7#138-t1, previous=(t:1, i:22), leaderCommit=16, initializing? false, entries: <empty>
2019-09-12 04:04:58,212 [Command processor thread] INFO  interfaces.Container (KeyValueContainer.java:flushAndSyncDB(384)) - Container 1 is synced with bcsId 4.
2019-09-12 04:04:58,220 [Command processor thread] INFO  interfaces.Container (KeyValueContainer.java:flushAndSyncDB(384)) - Container 1 is synced with bcsId 4.
2019-09-12 04:04:58,280 [Command processor thread] INFO  interfaces.Container (KeyValueContainer.java:close(333)) - Container 1 is closed with bcsId 4.
2019-09-12 04:04:58,280 [Command processor thread] INFO  interfaces.Container (KeyValueContainer.java:flushAndSyncDB(384)) - Container 3 is synced with bcsId 0.
2019-09-12 04:04:58,281 [Command processor thread] INFO  interfaces.Container (KeyValueContainer.java:flushAndSyncDB(384)) - Container 3 is synced with bcsId 0.
2019-09-12 04:04:58,282 [EventQueue-IncrementalContainerReportForIncrementalContainerReportHandler] INFO  container.IncrementalContainerReportHandler (AbstractContainerReportHandler.java:updateContainerState(202)) - Moving container #1 to CLOSED state, datanode d16d800f-a890-4a7a-bda4-5bf97a65c0f2{ip: 192.168.34.8, host: pr-hdds-1879-pbs75-1821932185, networkLocation: /default-rack, certSerialId: null} reported CLOSED replica.
2019-09-12 04:04:58,341 [Command processor thread] INFO  interfaces.Container (KeyValueContainer.java:close(333)) - Container 3 is closed with bcsId 0.
2019-09-12 04:04:58,343 [EventQueue-IncrementalContainerReportForIncrementalContainerReportHandler] INFO  container.IncrementalContainerReportHandler (AbstractContainerReportHandler.java:updateContainerState(202)) - Moving container #3 to CLOSED state, datanode d16d800f-a890-4a7a-bda4-5bf97a65c0f2{ip: 192.168.34.8, host: pr-hdds-1879-pbs75-1821932185, networkLocation: /default-rack, certSerialId: null} reported CLOSED replica.
2019-09-12 04:04:58,522 [grpc-default-executor-6] INFO  client.GrpcClientProtocolClient (GrpcClientProtocolClient.java:onNext(264)) - client-EFFAA1C83E3D->fc0aded7-5090-49ad-a6b0-e16cfe155c18: receive RaftClientReply:client-EFFAA1C83E3D->fc0aded7-5090-49ad-a6b0-e16cfe155c18@group-F484CCC1AA7A, cid=30, FAILED org.apache.ratis.protocol.NotLeaderException: Server fc0aded7-5090-49ad-a6b0-e16cfe155c18@group-F484CCC1AA7A is not the leader cfbaf9ff-a5d2-4350-abbf-bcb1aefbe8d3:192.168.34.8:40308, logIndex=0, commits[fc0aded7-5090-49ad-a6b0-e16cfe155c18:c16, 826a4c15-f032-4805-8cf4-5e11fe4a99d7:c14, cfbaf9ff-a5d2-4350-abbf-bcb1aefbe8d3:c16]
2019-09-12 04:04:58,822 [Command processor thread] INFO  interfaces.Container (KeyValueContainer.java:flushAndSyncDB(384)) - Container 1 is synced with bcsId 4.
2019-09-12 04:04:58,822 [Command processor thread] INFO  interfaces.Container (KeyValueContainer.java:flushAndSyncDB(384)) - Container 1 is synced with bcsId 4.
2019-09-12 04:04:58,867 [Command processor thread] INFO  interfaces.Container (KeyValueContainer.java:close(333)) - Container 1 is closed with bcsId 4.
2019-09-12 04:04:58,867 [Command processor thread] INFO  interfaces.Container (KeyValueContainer.java:flushAndSyncDB(384)) - Container 3 is synced with bcsId 0.
2019-09-12 04:04:58,867 [Command processor thread] INFO  interfaces.Container (KeyValueContainer.java:flushAndSyncDB(384)) - Container 3 is synced with bcsId 0.
2019-09-12 04:04:58,923 [Command processor thread] INFO  interfaces.Container (KeyValueContainer.java:close(333)) - Container 3 is closed with bcsId 0.
2019-09-12 04:04:58,945 [Command processor thread] INFO  interfaces.Container (KeyValueContainer.java:flushAndSyncDB(384)) - Container 1 is synced with bcsId 4.
2019-09-12 04:04:58,945 [Command processor thread] INFO  interfaces.Container (KeyValueContainer.java:flushAndSyncDB(384)) - Container 1 is synced with bcsId 4.
2019-09-12 04:04:58,996 [Command processor thread] INFO  interfaces.Container (KeyValueContainer.java:close(333)) - Container 1 is closed with bcsId 4.
2019-09-12 04:04:58,997 [Command processor thread] INFO  interfaces.Container (KeyValueContainer.java:flushAndSyncDB(384)) - Container 3 is synced with bcsId 0.
2019-09-12 04:04:58,997 [Command processor thread] INFO  interfaces.Container (KeyValueContainer.java:flushAndSyncDB(384)) - Container 3 is synced with bcsId 0.
2019-09-12 04:04:59,071 [Command processor thread] INFO  interfaces.Container (KeyValueContainer.java:close(333)) - Container 3 is closed with bcsId 0.
2019-09-12 04:05:00,482 [java.util.concurrent.ThreadPoolExecutor$Worker@4b834a8d[State = -1, empty queue]] WARN  server.GrpcLogAppender (GrpcLogAppender.java:timeoutAppendRequest(200)) - cfbaf9ff-a5d2-4350-abbf-bcb1aefbe8d3@group-F484CCC1AA7A->fc0aded7-5090-49ad-a6b0-e16cfe155c18-GrpcLogAppender: appendEntries Timeout, request=cfbaf9ff-a5d2-4350-abbf-bcb1aefbe8d3->fc0aded7-5090-49ad-a6b0-e16cfe155c18#139-t1, previous=(t:1, i:22), leaderCommit=16, initializing? false, entries: <empty>
2019-09-12 04:05:00,482 [java.util.concurrent.ThreadPoolExecutor$Worker@76a00050[State = -1, empty queue]] WARN  server.GrpcLogAppender (GrpcLogAppender.java:timeoutAppendRequest(200)) - cfbaf9ff-a5d2-4350-abbf-bcb1aefbe8d3@group-F484CCC1AA7A->826a4c15-f032-4805-8cf4-5e11fe4a99d7-GrpcLogAppender: appendEntries Timeout, request=cfbaf9ff-a5d2-4350-abbf-bcb1aefbe8d3->826a4c15-f032-4805-8cf4-5e11fe4a99d7#139-t1, previous=(t:1, i:22), leaderCommit=16, initializing? false, entries: <empty>
2019-09-12 04:05:02,461 [826a4c15-f032-4805-8cf4-5e11fe4a99d7@group-F484CCC1AA7A-SegmentedRaftLogWorker] WARN  segmented.SegmentedRaftLogWorker (SegmentedRaftLogWorker.java:getFromFuture(90)) - Timeout 10/~
org.apache.ratis.protocol.TimeoutIOException: Timeout 10s: WriteLog:17: (t:1, i:17), STATEMACHINELOGENTRY, client-EFFAA1C83E3D, cid=30-writeStateMachineData
	at org.apache.ratis.util.IOUtils.getFromFuture(IOUtils.java:87)
	at org.apache.ratis.server.raftlog.segmented.SegmentedRaftLogWorker$StateMachineDataPolicy.getFromFuture(SegmentedRaftLogWorker.java:87)
	at org.apache.ratis.server.raftlog.segmented.SegmentedRaftLogWorker$WriteLog.execute(SegmentedRaftLogWorker.java:477)
	at org.apache.ratis.server.raftlog.segmented.SegmentedRaftLogWorker.run(SegmentedRaftLogWorker.java:289)
	at java.lang.Thread.run(Thread.java:748)
Caused by: java.util.concurrent.TimeoutException
	at java.util.concurrent.CompletableFuture.timedGet(CompletableFuture.java:1771)
	at java.util.concurrent.CompletableFuture.get(CompletableFuture.java:1915)
	at org.apache.ratis.util.IOUtils.getFromFuture(IOUtils.java:79)
	... 4 more
2019-09-12 04:05:02,823 [fc0aded7-5090-49ad-a6b0-e16cfe155c18@group-F484CCC1AA7A-SegmentedRaftLogWorker] WARN  segmented.SegmentedRaftLogWorker (SegmentedRaftLogWorker.java:getFromFuture(90)) - Timeout 10/~
org.apache.ratis.protocol.TimeoutIOException: Timeout 10s: WriteLog:18: (t:1, i:18), STATEMACHINELOGENTRY, client-EFFAA1C83E3D, cid=31-writeStateMachineData
	at org.apache.ratis.util.IOUtils.getFromFuture(IOUtils.java:87)
	at org.apache.ratis.server.raftlog.segmented.SegmentedRaftLogWorker$StateMachineDataPolicy.getFromFuture(SegmentedRaftLogWorker.java:87)
	at org.apache.ratis.server.raftlog.segmented.SegmentedRaftLogWorker$WriteLog.execute(SegmentedRaftLogWorker.java:477)
	at org.apache.ratis.server.raftlog.segmented.SegmentedRaftLogWorker.run(SegmentedRaftLogWorker.java:289)
	at java.lang.Thread.run(Thread.java:748)
Caused by: java.util.concurrent.TimeoutException
	at java.util.concurrent.CompletableFuture.timedGet(CompletableFuture.java:1771)
	at java.util.concurrent.CompletableFuture.get(CompletableFuture.java:1915)
	at org.apache.ratis.util.IOUtils.getFromFuture(IOUtils.java:79)
	... 4 more
2019-09-12 04:05:02,823 [cfbaf9ff-a5d2-4350-abbf-bcb1aefbe8d3@group-F484CCC1AA7A-SegmentedRaftLogWorker] WARN  segmented.SegmentedRaftLogWorker (SegmentedRaftLogWorker.java:getFromFuture(90)) - Timeout 10/~
org.apache.ratis.protocol.TimeoutIOException: Timeout 10s: WriteLog:18: (t:1, i:18), STATEMACHINELOGENTRY, client-EFFAA1C83E3D, cid=31-writeStateMachineData
	at org.apache.ratis.util.IOUtils.getFromFuture(IOUtils.java:87)
	at org.apache.ratis.server.raftlog.segmented.SegmentedRaftLogWorker$StateMachineDataPolicy.getFromFuture(SegmentedRaftLogWorker.java:87)
	at org.apache.ratis.server.raftlog.segmented.SegmentedRaftLogWorker$WriteLog.execute(SegmentedRaftLogWorker.java:477)
	at org.apache.ratis.server.raftlog.segmented.SegmentedRaftLogWorker.run(SegmentedRaftLogWorker.java:289)
	at java.lang.Thread.run(Thread.java:748)
Caused by: java.util.concurrent.TimeoutException
	at java.util.concurrent.CompletableFuture.timedGet(CompletableFuture.java:1771)
	at java.util.concurrent.CompletableFuture.get(CompletableFuture.java:1915)
	at org.apache.ratis.util.IOUtils.getFromFuture(IOUtils.java:79)
	... 4 more
2019-09-12 04:05:02,982 [java.util.concurrent.ThreadPoolExecutor$Worker@76a00050[State = -1, empty queue]] WARN  server.GrpcLogAppender (GrpcLogAppender.java:timeoutAppendRequest(200)) - cfbaf9ff-a5d2-4350-abbf-bcb1aefbe8d3@group-F484CCC1AA7A->826a4c15-f032-4805-8cf4-5e11fe4a99d7-GrpcLogAppender: appendEntries Timeout, request=cfbaf9ff-a5d2-4350-abbf-bcb1aefbe8d3->826a4c15-f032-4805-8cf4-5e11fe4a99d7#140-t1, previous=(t:1, i:22), leaderCommit=16, initializing? false, entries: <empty>
2019-09-12 04:05:02,982 [java.util.concurrent.ThreadPoolExecutor$Worker@4b834a8d[State = -1, empty queue]] WARN  server.GrpcLogAppender (GrpcLogAppender.java:timeoutAppendRequest(200)) - cfbaf9ff-a5d2-4350-abbf-bcb1aefbe8d3@group-F484CCC1AA7A->fc0aded7-5090-49ad-a6b0-e16cfe155c18-GrpcLogAppender: appendEntries Timeout, request=cfbaf9ff-a5d2-4350-abbf-bcb1aefbe8d3->fc0aded7-5090-49ad-a6b0-e16cfe155c18#140-t1, previous=(t:1, i:22), leaderCommit=16, initializing? false, entries: <empty>
2019-09-12 04:05:03,578 [grpc-default-executor-6] INFO  client.GrpcClientProtocolClient (GrpcClientProtocolClient.java:onNext(264)) - client-EFFAA1C83E3D->fc0aded7-5090-49ad-a6b0-e16cfe155c18: receive RaftClientReply:client-EFFAA1C83E3D->fc0aded7-5090-49ad-a6b0-e16cfe155c18@group-F484CCC1AA7A, cid=30, FAILED org.apache.ratis.protocol.NotLeaderException: Server fc0aded7-5090-49ad-a6b0-e16cfe155c18@group-F484CCC1AA7A is not the leader cfbaf9ff-a5d2-4350-abbf-bcb1aefbe8d3:192.168.34.8:40308, logIndex=0, commits[fc0aded7-5090-49ad-a6b0-e16cfe155c18:c16, 826a4c15-f032-4805-8cf4-5e11fe4a99d7:c14, cfbaf9ff-a5d2-4350-abbf-bcb1aefbe8d3:c16]
2019-09-12 04:05:05,581 [java.util.concurrent.ThreadPoolExecutor$Worker@76a00050[State = -1, empty queue]] WARN  server.GrpcLogAppender (GrpcLogAppender.java:timeoutAppendRequest(200)) - cfbaf9ff-a5d2-4350-abbf-bcb1aefbe8d3@group-F484CCC1AA7A->826a4c15-f032-4805-8cf4-5e11fe4a99d7-GrpcLogAppender: appendEntries Timeout, request=cfbaf9ff-a5d2-4350-abbf-bcb1aefbe8d3->826a4c15-f032-4805-8cf4-5e11fe4a99d7#141-t1, previous=(t:1, i:22), leaderCommit=16, initializing? false, entries: <empty>
2019-09-12 04:05:05,581 [java.util.concurrent.ThreadPoolExecutor$Worker@4b834a8d[State = -1, empty queue]] WARN  server.GrpcLogAppender (GrpcLogAppender.java:timeoutAppendRequest(200)) - cfbaf9ff-a5d2-4350-abbf-bcb1aefbe8d3@group-F484CCC1AA7A->fc0aded7-5090-49ad-a6b0-e16cfe155c18-GrpcLogAppender: appendEntries Timeout, request=cfbaf9ff-a5d2-4350-abbf-bcb1aefbe8d3->fc0aded7-5090-49ad-a6b0-e16cfe155c18#141-t1, previous=(t:1, i:22), leaderCommit=16, initializing? false, entries: <empty>
2019-09-12 04:05:07,984 [java.util.concurrent.ThreadPoolExecutor$Worker@4b834a8d[State = -1, empty queue]] WARN  server.GrpcLogAppender (GrpcLogAppender.java:timeoutAppendRequest(200)) - cfbaf9ff-a5d2-4350-abbf-bcb1aefbe8d3@group-F484CCC1AA7A->fc0aded7-5090-49ad-a6b0-e16cfe155c18-GrpcLogAppender: appendEntries Timeout, request=cfbaf9ff-a5d2-4350-abbf-bcb1aefbe8d3->fc0aded7-5090-49ad-a6b0-e16cfe155c18#142-t1, previous=(t:1, i:22), leaderCommit=16, initializing? false, entries: <empty>
2019-09-12 04:05:07,984 [java.util.concurrent.ThreadPoolExecutor$Worker@76a00050[State = -1, empty queue]] WARN  server.GrpcLogAppender (GrpcLogAppender.java:timeoutAppendRequest(200)) - cfbaf9ff-a5d2-4350-abbf-bcb1aefbe8d3@group-F484CCC1AA7A->826a4c15-f032-4805-8cf4-5e11fe4a99d7-GrpcLogAppender: appendEntries Timeout, request=cfbaf9ff-a5d2-4350-abbf-bcb1aefbe8d3->826a4c15-f032-4805-8cf4-5e11fe4a99d7#142-t1, previous=(t:1, i:22), leaderCommit=16, initializing? false, entries: <empty>
2019-09-12 04:05:08,643 [grpc-default-executor-7] INFO  client.GrpcClientProtocolClient (GrpcClientProtocolClient.java:onNext(264)) - client-EFFAA1C83E3D->826a4c15-f032-4805-8cf4-5e11fe4a99d7: receive RaftClientReply:client-EFFAA1C83E3D->826a4c15-f032-4805-8cf4-5e11fe4a99d7@group-F484CCC1AA7A, cid=30, FAILED org.apache.ratis.protocol.NotLeaderException: Server 826a4c15-f032-4805-8cf4-5e11fe4a99d7@group-F484CCC1AA7A is not the leader cfbaf9ff-a5d2-4350-abbf-bcb1aefbe8d3:192.168.34.8:40308, logIndex=0, commits[826a4c15-f032-4805-8cf4-5e11fe4a99d7:c16, cfbaf9ff-a5d2-4350-abbf-bcb1aefbe8d3:c16, fc0aded7-5090-49ad-a6b0-e16cfe155c18:c14]
2019-09-12 04:05:10,486 [java.util.concurrent.ThreadPoolExecutor$Worker@76a00050[State = -1, empty queue]] WARN  server.GrpcLogAppender (GrpcLogAppender.java:timeoutAppendRequest(200)) - cfbaf9ff-a5d2-4350-abbf-bcb1aefbe8d3@group-F484CCC1AA7A->826a4c15-f032-4805-8cf4-5e11fe4a99d7-GrpcLogAppender: appendEntries Timeout, request=cfbaf9ff-a5d2-4350-abbf-bcb1aefbe8d3->826a4c15-f032-4805-8cf4-5e11fe4a99d7#143-t1, previous=(t:1, i:22), leaderCommit=16, initializing? false, entries: <empty>
2019-09-12 04:05:10,486 [java.util.concurrent.ThreadPoolExecutor$Worker@4b834a8d[State = -1, empty queue]] WARN  server.GrpcLogAppender (GrpcLogAppender.java:timeoutAppendRequest(200)) - cfbaf9ff-a5d2-4350-abbf-bcb1aefbe8d3@group-F484CCC1AA7A->fc0aded7-5090-49ad-a6b0-e16cfe155c18-GrpcLogAppender: appendEntries Timeout, request=cfbaf9ff-a5d2-4350-abbf-bcb1aefbe8d3->fc0aded7-5090-49ad-a6b0-e16cfe155c18#143-t1, previous=(t:1, i:22), leaderCommit=16, initializing? false, entries: <empty>
2019-09-12 04:05:12,463 [826a4c15-f032-4805-8cf4-5e11fe4a99d7@group-F484CCC1AA7A-SegmentedRaftLogWorker] WARN  segmented.SegmentedRaftLogWorker (SegmentedRaftLogWorker.java:getFromFuture(90)) - Timeout 11/~
org.apache.ratis.protocol.TimeoutIOException: Timeout 10s: WriteLog:17: (t:1, i:17), STATEMACHINELOGENTRY, client-EFFAA1C83E3D, cid=30-writeStateMachineData
	at org.apache.ratis.util.IOUtils.getFromFuture(IOUtils.java:87)
	at org.apache.ratis.server.raftlog.segmented.SegmentedRaftLogWorker$StateMachineDataPolicy.getFromFuture(SegmentedRaftLogWorker.java:87)
	at org.apache.ratis.server.raftlog.segmented.SegmentedRaftLogWorker$WriteLog.execute(SegmentedRaftLogWorker.java:477)
	at org.apache.ratis.server.raftlog.segmented.SegmentedRaftLogWorker.run(SegmentedRaftLogWorker.java:289)
	at java.lang.Thread.run(Thread.java:748)
Caused by: java.util.concurrent.TimeoutException
	at java.util.concurrent.CompletableFuture.timedGet(CompletableFuture.java:1771)
	at java.util.concurrent.CompletableFuture.get(CompletableFuture.java:1915)
	at org.apache.ratis.util.IOUtils.getFromFuture(IOUtils.java:79)
	... 4 more
2019-09-12 04:05:12,501 [org.apache.ratis.server.impl.LogAppender$AppenderDaemon$$Lambda$490/586156626@3219098e] ERROR ratis.XceiverServerRatis (XceiverServerRatis.java:triggerPipelineClose(568)) - pipeline Action CLOSE  on pipeline PipelineID=743e7b28-aad9-4826-95d5-f484ccc1aa7a.Reason : cfbaf9ff-a5d2-4350-abbf-bcb1aefbe8d3 has not seen follower/s 826a4c15-f032-4805-8cf4-5e11fe4a99d7 for 120179ms fc0aded7-5090-49ad-a6b0-e16cfe155c18 for 120179ms
2019-09-12 04:05:12,501 [org.apache.ratis.server.impl.LogAppender$AppenderDaemon$$Lambda$490/586156626@38368505] ERROR ratis.XceiverServerRatis (XceiverServerRatis.java:triggerPipelineClose(568)) - pipeline Action CLOSE  on pipeline PipelineID=743e7b28-aad9-4826-95d5-f484ccc1aa7a.Reason : cfbaf9ff-a5d2-4350-abbf-bcb1aefbe8d3 has not seen follower/s 826a4c15-f032-4805-8cf4-5e11fe4a99d7 for 120179ms fc0aded7-5090-49ad-a6b0-e16cfe155c18 for 120179ms
2019-09-12 04:05:12,802 [EventQueue-PipelineActionsForPipelineActionHandler] ERROR pipeline.PipelineActionHandler (PipelineActionHandler.java:onMessage(60)) - Received pipeline action CLOSE for Pipeline[ Id: 743e7b28-aad9-4826-95d5-f484ccc1aa7a, Nodes: 826a4c15-f032-4805-8cf4-5e11fe4a99d7{ip: 192.168.34.8, host: pr-hdds-1879-pbs75-1821932185, networkLocation: /default-rack, certSerialId: null}fc0aded7-5090-49ad-a6b0-e16cfe155c18{ip: 192.168.34.8, host: pr-hdds-1879-pbs75-1821932185, networkLocation: /default-rack, certSerialId: null}cfbaf9ff-a5d2-4350-abbf-bcb1aefbe8d3{ip: 192.168.34.8, host: pr-hdds-1879-pbs75-1821932185, networkLocation: /default-rack, certSerialId: null}, Type:RATIS, Factor:THREE, State:OPEN] from datanode cfbaf9ff-a5d2-4350-abbf-bcb1aefbe8d3{ip: 192.168.34.8, host: pr-hdds-1879-pbs75-1821932185, networkLocation: /default-rack, certSerialId: null}. Reason : cfbaf9ff-a5d2-4350-abbf-bcb1aefbe8d3 has not seen follower/s 826a4c15-f032-4805-8cf4-5e11fe4a99d7 for 120179ms fc0aded7-5090-49ad-a6b0-e16cfe155c18 for 120179ms
2019-09-12 04:05:12,803 [EventQueue-PipelineActionsForPipelineActionHandler] INFO  pipeline.SCMPipelineManager (SCMPipelineManager.java:finalizeAndDestroyPipeline(311)) - destroying pipeline:Pipeline[ Id: 743e7b28-aad9-4826-95d5-f484ccc1aa7a, Nodes: 826a4c15-f032-4805-8cf4-5e11fe4a99d7{ip: 192.168.34.8, host: pr-hdds-1879-pbs75-1821932185, networkLocation: /default-rack, certSerialId: null}fc0aded7-5090-49ad-a6b0-e16cfe155c18{ip: 192.168.34.8, host: pr-hdds-1879-pbs75-1821932185, networkLocation: /default-rack, certSerialId: null}cfbaf9ff-a5d2-4350-abbf-bcb1aefbe8d3{ip: 192.168.34.8, host: pr-hdds-1879-pbs75-1821932185, networkLocation: /default-rack, certSerialId: null}, Type:RATIS, Factor:THREE, State:OPEN]
2019-09-12 04:05:12,803 [EventQueue-PipelineActionsForPipelineActionHandler] INFO  pipeline.PipelineStateManager (PipelineStateManager.java:finalizePipeline(123)) - Pipeline Pipeline[ Id: 743e7b28-aad9-4826-95d5-f484ccc1aa7a, Nodes: 826a4c15-f032-4805-8cf4-5e11fe4a99d7{ip: 192.168.34.8, host: pr-hdds-1879-pbs75-1821932185, networkLocation: /default-rack, certSerialId: null}fc0aded7-5090-49ad-a6b0-e16cfe155c18{ip: 192.168.34.8, host: pr-hdds-1879-pbs75-1821932185, networkLocation: /default-rack, certSerialId: null}cfbaf9ff-a5d2-4350-abbf-bcb1aefbe8d3{ip: 192.168.34.8, host: pr-hdds-1879-pbs75-1821932185, networkLocation: /default-rack, certSerialId: null}, Type:RATIS, Factor:THREE, State:CLOSED] moved to CLOSED state
2019-09-12 04:05:12,804 [EventQueue-CloseContainerForCloseContainerEventHandler] INFO  container.CloseContainerEventHandler (CloseContainerEventHandler.java:onMessage(61)) - Close container Event triggered for container : #2
2019-09-12 04:05:12,805 [EventQueue-CloseContainerForCloseContainerEventHandler] INFO  container.CloseContainerEventHandler (CloseContainerEventHandler.java:onMessage(61)) - Close container Event triggered for container : #4
2019-09-12 04:05:12,805 [EventQueue-CloseContainerForCloseContainerEventHandler] INFO  container.CloseContainerEventHandler (CloseContainerEventHandler.java:onMessage(61)) - Close container Event triggered for container : #5
2019-09-12 04:05:12,823 [fc0aded7-5090-49ad-a6b0-e16cfe155c18@group-F484CCC1AA7A-SegmentedRaftLogWorker] WARN  segmented.SegmentedRaftLogWorker (SegmentedRaftLogWorker.java:getFromFuture(90)) - Timeout 11/~
org.apache.ratis.protocol.TimeoutIOException: Timeout 10s: WriteLog:18: (t:1, i:18), STATEMACHINELOGENTRY, client-EFFAA1C83E3D, cid=31-writeStateMachineData
	at org.apache.ratis.util.IOUtils.getFromFuture(IOUtils.java:87)
	at org.apache.ratis.server.raftlog.segmented.SegmentedRaftLogWorker$StateMachineDataPolicy.getFromFuture(SegmentedRaftLogWorker.java:87)
	at org.apache.ratis.server.raftlog.segmented.SegmentedRaftLogWorker$WriteLog.execute(SegmentedRaftLogWorker.java:477)
	at org.apache.ratis.server.raftlog.segmented.SegmentedRaftLogWorker.run(SegmentedRaftLogWorker.java:289)
	at java.lang.Thread.run(Thread.java:748)
Caused by: java.util.concurrent.TimeoutException
	at java.util.concurrent.CompletableFuture.timedGet(CompletableFuture.java:1771)
	at java.util.concurrent.CompletableFuture.get(CompletableFuture.java:1915)
	at org.apache.ratis.util.IOUtils.getFromFuture(IOUtils.java:79)
	... 4 more
2019-09-12 04:05:12,824 [cfbaf9ff-a5d2-4350-abbf-bcb1aefbe8d3@group-F484CCC1AA7A-SegmentedRaftLogWorker] WARN  segmented.SegmentedRaftLogWorker (SegmentedRaftLogWorker.java:getFromFuture(90)) - Timeout 11/~
org.apache.ratis.protocol.TimeoutIOException: Timeout 10s: WriteLog:18: (t:1, i:18), STATEMACHINELOGENTRY, client-EFFAA1C83E3D, cid=31-writeStateMachineData
	at org.apache.ratis.util.IOUtils.getFromFuture(IOUtils.java:87)
	at org.apache.ratis.server.raftlog.segmented.SegmentedRaftLogWorker$StateMachineDataPolicy.getFromFuture(SegmentedRaftLogWorker.java:87)
	at org.apache.ratis.server.raftlog.segmented.SegmentedRaftLogWorker$WriteLog.execute(SegmentedRaftLogWorker.java:477)
	at org.apache.ratis.server.raftlog.segmented.SegmentedRaftLogWorker.run(SegmentedRaftLogWorker.java:289)
	at java.lang.Thread.run(Thread.java:748)
Caused by: java.util.concurrent.TimeoutException
	at java.util.concurrent.CompletableFuture.timedGet(CompletableFuture.java:1771)
	at java.util.concurrent.CompletableFuture.get(CompletableFuture.java:1915)
	at org.apache.ratis.util.IOUtils.getFromFuture(IOUtils.java:79)
	... 4 more
2019-09-12 04:05:12,987 [java.util.concurrent.ThreadPoolExecutor$Worker@4b834a8d[State = -1, empty queue]] WARN  server.GrpcLogAppender (GrpcLogAppender.java:timeoutAppendRequest(200)) - cfbaf9ff-a5d2-4350-abbf-bcb1aefbe8d3@group-F484CCC1AA7A->fc0aded7-5090-49ad-a6b0-e16cfe155c18-GrpcLogAppender: appendEntries Timeout, request=cfbaf9ff-a5d2-4350-abbf-bcb1aefbe8d3->fc0aded7-5090-49ad-a6b0-e16cfe155c18#144-t1, previous=(t:1, i:22), leaderCommit=16, initializing? false, entries: <empty>
2019-09-12 04:05:12,987 [java.util.concurrent.ThreadPoolExecutor$Worker@76a00050[State = -1, empty queue]] WARN  server.GrpcLogAppender (GrpcLogAppender.java:timeoutAppendRequest(200)) - cfbaf9ff-a5d2-4350-abbf-bcb1aefbe8d3@group-F484CCC1AA7A->826a4c15-f032-4805-8cf4-5e11fe4a99d7-GrpcLogAppender: appendEntries Timeout, request=cfbaf9ff-a5d2-4350-abbf-bcb1aefbe8d3->826a4c15-f032-4805-8cf4-5e11fe4a99d7#144-t1, previous=(t:1, i:22), leaderCommit=16, initializing? false, entries: <empty>
2019-09-12 04:05:13,707 [grpc-default-executor-7] INFO  client.GrpcClientProtocolClient (GrpcClientProtocolClient.java:onNext(264)) - client-EFFAA1C83E3D->826a4c15-f032-4805-8cf4-5e11fe4a99d7: receive RaftClientReply:client-EFFAA1C83E3D->826a4c15-f032-4805-8cf4-5e11fe4a99d7@group-F484CCC1AA7A, cid=30, FAILED org.apache.ratis.protocol.NotLeaderException: Server 826a4c15-f032-4805-8cf4-5e11fe4a99d7@group-F484CCC1AA7A is not the leader cfbaf9ff-a5d2-4350-abbf-bcb1aefbe8d3:192.168.34.8:40308, logIndex=0, commits[826a4c15-f032-4805-8cf4-5e11fe4a99d7:c16, cfbaf9ff-a5d2-4350-abbf-bcb1aefbe8d3:c16, fc0aded7-5090-49ad-a6b0-e16cfe155c18:c14]
2019-09-12 04:05:14,990 [org.apache.ratis.server.impl.LogAppender$AppenderDaemon$$Lambda$490/586156626@3219098e] ERROR ratis.XceiverServerRatis (XceiverServerRatis.java:triggerPipelineClose(568)) - pipeline Action CLOSE  on pipeline PipelineID=743e7b28-aad9-4826-95d5-f484ccc1aa7a.Reason : cfbaf9ff-a5d2-4350-abbf-bcb1aefbe8d3 has not seen follower/s 826a4c15-f032-4805-8cf4-5e11fe4a99d7 for 122680ms fc0aded7-5090-49ad-a6b0-e16cfe155c18 for 122681ms
2019-09-12 04:05:14,990 [org.apache.ratis.server.impl.LogAppender$AppenderDaemon$$Lambda$490/586156626@38368505] ERROR ratis.XceiverServerRatis (XceiverServerRatis.java:triggerPipelineClose(568)) - pipeline Action CLOSE  on pipeline PipelineID=743e7b28-aad9-4826-95d5-f484ccc1aa7a.Reason : cfbaf9ff-a5d2-4350-abbf-bcb1aefbe8d3 has not seen follower/s 826a4c15-f032-4805-8cf4-5e11fe4a99d7 for 122680ms fc0aded7-5090-49ad-a6b0-e16cfe155c18 for 122681ms
2019-09-12 04:05:15,488 [java.util.concurrent.ThreadPoolExecutor$Worker@76a00050[State = -1, empty queue]] WARN  server.GrpcLogAppender (GrpcLogAppender.java:timeoutAppendRequest(200)) - cfbaf9ff-a5d2-4350-abbf-bcb1aefbe8d3@group-F484CCC1AA7A->826a4c15-f032-4805-8cf4-5e11fe4a99d7-GrpcLogAppender: appendEntries Timeout, request=cfbaf9ff-a5d2-4350-abbf-bcb1aefbe8d3->826a4c15-f032-4805-8cf4-5e11fe4a99d7#145-t1, previous=(t:1, i:22), leaderCommit=16, initializing? false, entries: <empty>
2019-09-12 04:05:15,489 [java.util.concurrent.ThreadPoolExecutor$Worker@4b834a8d[State = -1, empty queue]] WARN  server.GrpcLogAppender (GrpcLogAppender.java:timeoutAppendRequest(200)) - cfbaf9ff-a5d2-4350-abbf-bcb1aefbe8d3@group-F484CCC1AA7A->fc0aded7-5090-49ad-a6b0-e16cfe155c18-GrpcLogAppender: appendEntries Timeout, request=cfbaf9ff-a5d2-4350-abbf-bcb1aefbe8d3->fc0aded7-5090-49ad-a6b0-e16cfe155c18#145-t1, previous=(t:1, i:22), leaderCommit=16, initializing? false, entries: <empty>
2019-09-12 04:05:15,802 [EventQueue-PipelineActionsForPipelineActionHandler] ERROR pipeline.PipelineActionHandler (PipelineActionHandler.java:onMessage(60)) - Received pipeline action CLOSE for Pipeline[ Id: 743e7b28-aad9-4826-95d5-f484ccc1aa7a, Nodes: 826a4c15-f032-4805-8cf4-5e11fe4a99d7{ip: 192.168.34.8, host: pr-hdds-1879-pbs75-1821932185, networkLocation: /default-rack, certSerialId: null}fc0aded7-5090-49ad-a6b0-e16cfe155c18{ip: 192.168.34.8, host: pr-hdds-1879-pbs75-1821932185, networkLocation: /default-rack, certSerialId: null}cfbaf9ff-a5d2-4350-abbf-bcb1aefbe8d3{ip: 192.168.34.8, host: pr-hdds-1879-pbs75-1821932185, networkLocation: /default-rack, certSerialId: null}, Type:RATIS, Factor:THREE, State:CLOSED] from datanode cfbaf9ff-a5d2-4350-abbf-bcb1aefbe8d3{ip: 192.168.34.8, host: pr-hdds-1879-pbs75-1821932185, networkLocation: /default-rack, certSerialId: null}. Reason : cfbaf9ff-a5d2-4350-abbf-bcb1aefbe8d3 has not seen follower/s 826a4c15-f032-4805-8cf4-5e11fe4a99d7 for 122680ms fc0aded7-5090-49ad-a6b0-e16cfe155c18 for 122681ms
2019-09-12 04:05:15,802 [EventQueue-PipelineActionsForPipelineActionHandler] INFO  pipeline.SCMPipelineManager (SCMPipelineManager.java:finalizeAndDestroyPipeline(311)) - destroying pipeline:Pipeline[ Id: 743e7b28-aad9-4826-95d5-f484ccc1aa7a, Nodes: 826a4c15-f032-4805-8cf4-5e11fe4a99d7{ip: 192.168.34.8, host: pr-hdds-1879-pbs75-1821932185, networkLocation: /default-rack, certSerialId: null}fc0aded7-5090-49ad-a6b0-e16cfe155c18{ip: 192.168.34.8, host: pr-hdds-1879-pbs75-1821932185, networkLocation: /default-rack, certSerialId: null}cfbaf9ff-a5d2-4350-abbf-bcb1aefbe8d3{ip: 192.168.34.8, host: pr-hdds-1879-pbs75-1821932185, networkLocation: /default-rack, certSerialId: null}, Type:RATIS, Factor:THREE, State:CLOSED]
2019-09-12 04:05:15,819 [org.apache.ratis.server.impl.LogAppender$AppenderDaemon$$Lambda$490/586156626@38368505] ERROR ratis.XceiverServerRatis (XceiverServerRatis.java:triggerPipelineClose(568)) - pipeline Action CLOSE  on pipeline PipelineID=743e7b28-aad9-4826-95d5-f484ccc1aa7a.Reason : cfbaf9ff-a5d2-4350-abbf-bcb1aefbe8d3 has not seen follower/s 826a4c15-f032-4805-8cf4-5e11fe4a99d7 for 123509ms fc0aded7-5090-49ad-a6b0-e16cfe155c18 for 123509ms
2019-09-12 04:05:15,819 [org.apache.ratis.server.impl.LogAppender$AppenderDaemon$$Lambda$490/586156626@3219098e] ERROR ratis.XceiverServerRatis (XceiverServerRatis.java:triggerPipelineClose(568)) - pipeline Action CLOSE  on pipeline PipelineID=743e7b28-aad9-4826-95d5-f484ccc1aa7a.Reason : cfbaf9ff-a5d2-4350-abbf-bcb1aefbe8d3 has not seen follower/s 826a4c15-f032-4805-8cf4-5e11fe4a99d7 for 123509ms fc0aded7-5090-49ad-a6b0-e16cfe155c18 for 123509ms
2019-09-12 04:05:16,819 [EventQueue-PipelineActionsForPipelineActionHandler] ERROR pipeline.PipelineActionHandler (PipelineActionHandler.java:onMessage(60)) - Received pipeline action CLOSE for Pipeline[ Id: 743e7b28-aad9-4826-95d5-f484ccc1aa7a, Nodes: 826a4c15-f032-4805-8cf4-5e11fe4a99d7{ip: 192.168.34.8, host: pr-hdds-1879-pbs75-1821932185, networkLocation: /default-rack, certSerialId: null}fc0aded7-5090-49ad-a6b0-e16cfe155c18{ip: 192.168.34.8, host: pr-hdds-1879-pbs75-1821932185, networkLocation: /default-rack, certSerialId: null}cfbaf9ff-a5d2-4350-abbf-bcb1aefbe8d3{ip: 192.168.34.8, host: pr-hdds-1879-pbs75-1821932185, networkLocation: /default-rack, certSerialId: null}, Type:RATIS, Factor:THREE, State:CLOSED] from datanode cfbaf9ff-a5d2-4350-abbf-bcb1aefbe8d3{ip: 192.168.34.8, host: pr-hdds-1879-pbs75-1821932185, networkLocation: /default-rack, certSerialId: null}. Reason : cfbaf9ff-a5d2-4350-abbf-bcb1aefbe8d3 has not seen follower/s 826a4c15-f032-4805-8cf4-5e11fe4a99d7 for 123509ms fc0aded7-5090-49ad-a6b0-e16cfe155c18 for 123509ms
2019-09-12 04:05:16,820 [EventQueue-PipelineActionsForPipelineActionHandler] INFO  pipeline.SCMPipelineManager (SCMPipelineManager.java:finalizeAndDestroyPipeline(311)) - destroying pipeline:Pipeline[ Id: 743e7b28-aad9-4826-95d5-f484ccc1aa7a, Nodes: 826a4c15-f032-4805-8cf4-5e11fe4a99d7{ip: 192.168.34.8, host: pr-hdds-1879-pbs75-1821932185, networkLocation: /default-rack, certSerialId: null}fc0aded7-5090-49ad-a6b0-e16cfe155c18{ip: 192.168.34.8, host: pr-hdds-1879-pbs75-1821932185, networkLocation: /default-rack, certSerialId: null}cfbaf9ff-a5d2-4350-abbf-bcb1aefbe8d3{ip: 192.168.34.8, host: pr-hdds-1879-pbs75-1821932185, networkLocation: /default-rack, certSerialId: null}, Type:RATIS, Factor:THREE, State:CLOSED]
2019-09-12 04:05:17,990 [java.util.concurrent.ThreadPoolExecutor$Worker@4b834a8d[State = -1, empty queue]] WARN  server.GrpcLogAppender (GrpcLogAppender.java:timeoutAppendRequest(200)) - cfbaf9ff-a5d2-4350-abbf-bcb1aefbe8d3@group-F484CCC1AA7A->fc0aded7-5090-49ad-a6b0-e16cfe155c18-GrpcLogAppender: appendEntries Timeout, request=cfbaf9ff-a5d2-4350-abbf-bcb1aefbe8d3->fc0aded7-5090-49ad-a6b0-e16cfe155c18#146-t1, previous=(t:1, i:22), leaderCommit=16, initializing? false, entries: <empty>
2019-09-12 04:05:17,990 [java.util.concurrent.ThreadPoolExecutor$Worker@76a00050[State = -1, empty queue]] WARN  server.GrpcLogAppender (GrpcLogAppender.java:timeoutAppendRequest(200)) - cfbaf9ff-a5d2-4350-abbf-bcb1aefbe8d3@group-F484CCC1AA7A->826a4c15-f032-4805-8cf4-5e11fe4a99d7-GrpcLogAppender: appendEntries Timeout, request=cfbaf9ff-a5d2-4350-abbf-bcb1aefbe8d3->826a4c15-f032-4805-8cf4-5e11fe4a99d7#146-t1, previous=(t:1, i:22), leaderCommit=16, initializing? false, entries: <empty>
2019-09-12 04:05:18,320 [org.apache.ratis.server.impl.LogAppender$AppenderDaemon$$Lambda$490/586156626@38368505] ERROR ratis.XceiverServerRatis (XceiverServerRatis.java:triggerPipelineClose(568)) - pipeline Action CLOSE  on pipeline PipelineID=743e7b28-aad9-4826-95d5-f484ccc1aa7a.Reason : cfbaf9ff-a5d2-4350-abbf-bcb1aefbe8d3 has not seen follower/s 826a4c15-f032-4805-8cf4-5e11fe4a99d7 for 126010ms fc0aded7-5090-49ad-a6b0-e16cfe155c18 for 126010ms
2019-09-12 04:05:18,320 [org.apache.ratis.server.impl.LogAppender$AppenderDaemon$$Lambda$490/586156626@3219098e] ERROR ratis.XceiverServerRatis (XceiverServerRatis.java:triggerPipelineClose(568)) - pipeline Action CLOSE  on pipeline PipelineID=743e7b28-aad9-4826-95d5-f484ccc1aa7a.Reason : cfbaf9ff-a5d2-4350-abbf-bcb1aefbe8d3 has not seen follower/s 826a4c15-f032-4805-8cf4-5e11fe4a99d7 for 126010ms fc0aded7-5090-49ad-a6b0-e16cfe155c18 for 126010ms
2019-09-12 04:05:18,765 [grpc-default-executor-7] INFO  client.GrpcClientProtocolClient (GrpcClientProtocolClient.java:onNext(264)) - client-EFFAA1C83E3D->fc0aded7-5090-49ad-a6b0-e16cfe155c18: receive RaftClientReply:client-EFFAA1C83E3D->fc0aded7-5090-49ad-a6b0-e16cfe155c18@group-F484CCC1AA7A, cid=30, FAILED org.apache.ratis.protocol.NotLeaderException: Server fc0aded7-5090-49ad-a6b0-e16cfe155c18@group-F484CCC1AA7A is not the leader cfbaf9ff-a5d2-4350-abbf-bcb1aefbe8d3:192.168.34.8:40308, logIndex=0, commits[fc0aded7-5090-49ad-a6b0-e16cfe155c18:c16, 826a4c15-f032-4805-8cf4-5e11fe4a99d7:c14, cfbaf9ff-a5d2-4350-abbf-bcb1aefbe8d3:c16]
2019-09-12 04:05:18,818 [EventQueue-PipelineActionsForPipelineActionHandler] ERROR pipeline.PipelineActionHandler (PipelineActionHandler.java:onMessage(60)) - Received pipeline action CLOSE for Pipeline[ Id: 743e7b28-aad9-4826-95d5-f484ccc1aa7a, Nodes: 826a4c15-f032-4805-8cf4-5e11fe4a99d7{ip: 192.168.34.8, host: pr-hdds-1879-pbs75-1821932185, networkLocation: /default-rack, certSerialId: null}fc0aded7-5090-49ad-a6b0-e16cfe155c18{ip: 192.168.34.8, host: pr-hdds-1879-pbs75-1821932185, networkLocation: /default-rack, certSerialId: null}cfbaf9ff-a5d2-4350-abbf-bcb1aefbe8d3{ip: 192.168.34.8, host: pr-hdds-1879-pbs75-1821932185, networkLocation: /default-rack, certSerialId: null}, Type:RATIS, Factor:THREE, State:CLOSED] from datanode cfbaf9ff-a5d2-4350-abbf-bcb1aefbe8d3{ip: 192.168.34.8, host: pr-hdds-1879-pbs75-1821932185, networkLocation: /default-rack, certSerialId: null}. Reason : cfbaf9ff-a5d2-4350-abbf-bcb1aefbe8d3 has not seen follower/s 826a4c15-f032-4805-8cf4-5e11fe4a99d7 for 126010ms fc0aded7-5090-49ad-a6b0-e16cfe155c18 for 126010ms
2019-09-12 04:05:18,818 [EventQueue-PipelineActionsForPipelineActionHandler] INFO  pipeline.SCMPipelineManager (SCMPipelineManager.java:finalizeAndDestroyPipeline(311)) - destroying pipeline:Pipeline[ Id: 743e7b28-aad9-4826-95d5-f484ccc1aa7a, Nodes: 826a4c15-f032-4805-8cf4-5e11fe4a99d7{ip: 192.168.34.8, host: pr-hdds-1879-pbs75-1821932185, networkLocation: /default-rack, certSerialId: null}fc0aded7-5090-49ad-a6b0-e16cfe155c18{ip: 192.168.34.8, host: pr-hdds-1879-pbs75-1821932185, networkLocation: /default-rack, certSerialId: null}cfbaf9ff-a5d2-4350-abbf-bcb1aefbe8d3{ip: 192.168.34.8, host: pr-hdds-1879-pbs75-1821932185, networkLocation: /default-rack, certSerialId: null}, Type:RATIS, Factor:THREE, State:CLOSED]
2019-09-12 04:05:18,819 [java.util.concurrent.ThreadPoolExecutor$Worker@4b834a8d[State = -1, empty queue]] WARN  server.GrpcLogAppender (GrpcLogAppender.java:timeoutAppendRequest(200)) - cfbaf9ff-a5d2-4350-abbf-bcb1aefbe8d3@group-F484CCC1AA7A->fc0aded7-5090-49ad-a6b0-e16cfe155c18-GrpcLogAppender: appendEntries Timeout, request=cfbaf9ff-a5d2-4350-abbf-bcb1aefbe8d3->fc0aded7-5090-49ad-a6b0-e16cfe155c18#147-t1, previous=(t:1, i:22), leaderCommit=16, initializing? false, entries: size=1, first=(t:1, i:23), STATEMACHINELOGENTRY, client-653E03987122, cid=10
2019-09-12 04:05:18,819 [java.util.concurrent.ThreadPoolExecutor$Worker@76a00050[State = -1, empty queue]] WARN  server.GrpcLogAppender (GrpcLogAppender.java:timeoutAppendRequest(200)) - cfbaf9ff-a5d2-4350-abbf-bcb1aefbe8d3@group-F484CCC1AA7A->826a4c15-f032-4805-8cf4-5e11fe4a99d7-GrpcLogAppender: appendEntries Timeout, request=cfbaf9ff-a5d2-4350-abbf-bcb1aefbe8d3->826a4c15-f032-4805-8cf4-5e11fe4a99d7#147-t1, previous=(t:1, i:22), leaderCommit=16, initializing? false, entries: size=1, first=(t:1, i:23), STATEMACHINELOGENTRY, client-653E03987122, cid=10
2019-09-12 04:05:20,821 [org.apache.ratis.server.impl.LogAppender$AppenderDaemon$$Lambda$490/586156626@3219098e] ERROR ratis.XceiverServerRatis (XceiverServerRatis.java:triggerPipelineClose(568)) - pipeline Action CLOSE  on pipeline PipelineID=743e7b28-aad9-4826-95d5-f484ccc1aa7a.Reason : cfbaf9ff-a5d2-4350-abbf-bcb1aefbe8d3 has not seen follower/s 826a4c15-f032-4805-8cf4-5e11fe4a99d7 for 128511ms fc0aded7-5090-49ad-a6b0-e16cfe155c18 for 128511ms
2019-09-12 04:05:20,821 [org.apache.ratis.server.impl.LogAppender$AppenderDaemon$$Lambda$490/586156626@38368505] ERROR ratis.XceiverServerRatis (XceiverServerRatis.java:triggerPipelineClose(568)) - pipeline Action CLOSE  on pipeline PipelineID=743e7b28-aad9-4826-95d5-f484ccc1aa7a.Reason : cfbaf9ff-a5d2-4350-abbf-bcb1aefbe8d3 has not seen follower/s 826a4c15-f032-4805-8cf4-5e11fe4a99d7 for 128511ms fc0aded7-5090-49ad-a6b0-e16cfe155c18 for 128511ms
2019-09-12 04:05:21,320 [java.util.concurrent.ThreadPoolExecutor$Worker@4b834a8d[State = -1, empty queue]] WARN  server.GrpcLogAppender (GrpcLogAppender.java:timeoutAppendRequest(200)) - cfbaf9ff-a5d2-4350-abbf-bcb1aefbe8d3@group-F484CCC1AA7A->fc0aded7-5090-49ad-a6b0-e16cfe155c18-GrpcLogAppender: appendEntries Timeout, request=cfbaf9ff-a5d2-4350-abbf-bcb1aefbe8d3->fc0aded7-5090-49ad-a6b0-e16cfe155c18#148-t1, previous=(t:1, i:23), leaderCommit=16, initializing? false, entries: <empty>
2019-09-12 04:05:21,320 [java.util.concurrent.ThreadPoolExecutor$Worker@76a00050[State = -1, empty queue]] WARN  server.GrpcLogAppender (GrpcLogAppender.java:timeoutAppendRequest(200)) - cfbaf9ff-a5d2-4350-abbf-bcb1aefbe8d3@group-F484CCC1AA7A->826a4c15-f032-4805-8cf4-5e11fe4a99d7-GrpcLogAppender: appendEntries Timeout, request=cfbaf9ff-a5d2-4350-abbf-bcb1aefbe8d3->826a4c15-f032-4805-8cf4-5e11fe4a99d7#148-t1, previous=(t:1, i:23), leaderCommit=16, initializing? false, entries: <empty>
2019-09-12 04:05:21,819 [EventQueue-PipelineActionsForPipelineActionHandler] ERROR pipeline.PipelineActionHandler (PipelineActionHandler.java:onMessage(60)) - Received pipeline action CLOSE for Pipeline[ Id: 743e7b28-aad9-4826-95d5-f484ccc1aa7a, Nodes: 826a4c15-f032-4805-8cf4-5e11fe4a99d7{ip: 192.168.34.8, host: pr-hdds-1879-pbs75-1821932185, networkLocation: /default-rack, certSerialId: null}fc0aded7-5090-49ad-a6b0-e16cfe155c18{ip: 192.168.34.8, host: pr-hdds-1879-pbs75-1821932185, networkLocation: /default-rack, certSerialId: null}cfbaf9ff-a5d2-4350-abbf-bcb1aefbe8d3{ip: 192.168.34.8, host: pr-hdds-1879-pbs75-1821932185, networkLocation: /default-rack, certSerialId: null}, Type:RATIS, Factor:THREE, State:CLOSED] from datanode cfbaf9ff-a5d2-4350-abbf-bcb1aefbe8d3{ip: 192.168.34.8, host: pr-hdds-1879-pbs75-1821932185, networkLocation: /default-rack, certSerialId: null}. Reason : cfbaf9ff-a5d2-4350-abbf-bcb1aefbe8d3 has not seen follower/s 826a4c15-f032-4805-8cf4-5e11fe4a99d7 for 128511ms fc0aded7-5090-49ad-a6b0-e16cfe155c18 for 128511ms
2019-09-12 04:05:21,820 [EventQueue-PipelineActionsForPipelineActionHandler] INFO  pipeline.SCMPipelineManager (SCMPipelineManager.java:finalizeAndDestroyPipeline(311)) - destroying pipeline:Pipeline[ Id: 743e7b28-aad9-4826-95d5-f484ccc1aa7a, Nodes: 826a4c15-f032-4805-8cf4-5e11fe4a99d7{ip: 192.168.34.8, host: pr-hdds-1879-pbs75-1821932185, networkLocation: /default-rack, certSerialId: null}fc0aded7-5090-49ad-a6b0-e16cfe155c18{ip: 192.168.34.8, host: pr-hdds-1879-pbs75-1821932185, networkLocation: /default-rack, certSerialId: null}cfbaf9ff-a5d2-4350-abbf-bcb1aefbe8d3{ip: 192.168.34.8, host: pr-hdds-1879-pbs75-1821932185, networkLocation: /default-rack, certSerialId: null}, Type:RATIS, Factor:THREE, State:CLOSED]
2019-09-12 04:05:22,465 [826a4c15-f032-4805-8cf4-5e11fe4a99d7@group-F484CCC1AA7A-SegmentedRaftLogWorker] WARN  segmented.SegmentedRaftLogWorker (SegmentedRaftLogWorker.java:getFromFuture(90)) - Timeout 12/~
org.apache.ratis.protocol.TimeoutIOException: Timeout 10s: WriteLog:17: (t:1, i:17), STATEMACHINELOGENTRY, client-EFFAA1C83E3D, cid=30-writeStateMachineData
	at org.apache.ratis.util.IOUtils.getFromFuture(IOUtils.java:87)
	at org.apache.ratis.server.raftlog.segmented.SegmentedRaftLogWorker$StateMachineDataPolicy.getFromFuture(SegmentedRaftLogWorker.java:87)
	at org.apache.ratis.server.raftlog.segmented.SegmentedRaftLogWorker$WriteLog.execute(SegmentedRaftLogWorker.java:477)
	at org.apache.ratis.server.raftlog.segmented.SegmentedRaftLogWorker.run(SegmentedRaftLogWorker.java:289)
	at java.lang.Thread.run(Thread.java:748)
Caused by: java.util.concurrent.TimeoutException
	at java.util.concurrent.CompletableFuture.timedGet(CompletableFuture.java:1771)
	at java.util.concurrent.CompletableFuture.get(CompletableFuture.java:1915)
	at org.apache.ratis.util.IOUtils.getFromFuture(IOUtils.java:79)
	... 4 more
2019-09-12 04:05:22,824 [fc0aded7-5090-49ad-a6b0-e16cfe155c18@group-F484CCC1AA7A-SegmentedRaftLogWorker] WARN  segmented.SegmentedRaftLogWorker (SegmentedRaftLogWorker.java:getFromFuture(90)) - Timeout 12/~
org.apache.ratis.protocol.TimeoutIOException: Timeout 10s: WriteLog:18: (t:1, i:18), STATEMACHINELOGENTRY, client-EFFAA1C83E3D, cid=31-writeStateMachineData
	at org.apache.ratis.util.IOUtils.getFromFuture(IOUtils.java:87)
	at org.apache.ratis.server.raftlog.segmented.SegmentedRaftLogWorker$StateMachineDataPolicy.getFromFuture(SegmentedRaftLogWorker.java:87)
	at org.apache.ratis.server.raftlog.segmented.SegmentedRaftLogWorker$WriteLog.execute(SegmentedRaftLogWorker.java:477)
	at org.apache.ratis.server.raftlog.segmented.SegmentedRaftLogWorker.run(SegmentedRaftLogWorker.java:289)
	at java.lang.Thread.run(Thread.java:748)
Caused by: java.util.concurrent.TimeoutException
	at java.util.concurrent.CompletableFuture.timedGet(CompletableFuture.java:1771)
	at java.util.concurrent.CompletableFuture.get(CompletableFuture.java:1915)
	at org.apache.ratis.util.IOUtils.getFromFuture(IOUtils.java:79)
	... 4 more
2019-09-12 04:05:22,825 [cfbaf9ff-a5d2-4350-abbf-bcb1aefbe8d3@group-F484CCC1AA7A-SegmentedRaftLogWorker] WARN  segmented.SegmentedRaftLogWorker (SegmentedRaftLogWorker.java:getFromFuture(90)) - Timeout 12/~
org.apache.ratis.protocol.TimeoutIOException: Timeout 10s: WriteLog:18: (t:1, i:18), STATEMACHINELOGENTRY, client-EFFAA1C83E3D, cid=31-writeStateMachineData
	at org.apache.ratis.util.IOUtils.getFromFuture(IOUtils.java:87)
	at org.apache.ratis.server.raftlog.segmented.SegmentedRaftLogWorker$StateMachineDataPolicy.getFromFuture(SegmentedRaftLogWorker.java:87)
	at org.apache.ratis.server.raftlog.segmented.SegmentedRaftLogWorker$WriteLog.execute(SegmentedRaftLogWorker.java:477)
	at org.apache.ratis.server.raftlog.segmented.SegmentedRaftLogWorker.run(SegmentedRaftLogWorker.java:289)
	at java.lang.Thread.run(Thread.java:748)
Caused by: java.util.concurrent.TimeoutException
	at java.util.concurrent.CompletableFuture.timedGet(CompletableFuture.java:1771)
	at java.util.concurrent.CompletableFuture.get(CompletableFuture.java:1915)
	at org.apache.ratis.util.IOUtils.getFromFuture(IOUtils.java:79)
	... 4 more
2019-09-12 04:05:23,322 [org.apache.ratis.server.impl.LogAppender$AppenderDaemon$$Lambda$490/586156626@3219098e] ERROR ratis.XceiverServerRatis (XceiverServerRatis.java:triggerPipelineClose(568)) - pipeline Action CLOSE  on pipeline PipelineID=743e7b28-aad9-4826-95d5-f484ccc1aa7a.Reason : cfbaf9ff-a5d2-4350-abbf-bcb1aefbe8d3 has not seen follower/s 826a4c15-f032-4805-8cf4-5e11fe4a99d7 for 131012ms fc0aded7-5090-49ad-a6b0-e16cfe155c18 for 131012ms
2019-09-12 04:05:23,322 [org.apache.ratis.server.impl.LogAppender$AppenderDaemon$$Lambda$490/586156626@38368505] ERROR ratis.XceiverServerRatis (XceiverServerRatis.java:triggerPipelineClose(568)) - pipeline Action CLOSE  on pipeline PipelineID=743e7b28-aad9-4826-95d5-f484ccc1aa7a.Reason : cfbaf9ff-a5d2-4350-abbf-bcb1aefbe8d3 has not seen follower/s 826a4c15-f032-4805-8cf4-5e11fe4a99d7 for 131012ms fc0aded7-5090-49ad-a6b0-e16cfe155c18 for 131012ms
2019-09-12 04:05:23,820 [java.util.concurrent.ThreadPoolExecutor$Worker@4b834a8d[State = -1, empty queue]] WARN  server.GrpcLogAppender (GrpcLogAppender.java:timeoutAppendRequest(200)) - cfbaf9ff-a5d2-4350-abbf-bcb1aefbe8d3@group-F484CCC1AA7A->fc0aded7-5090-49ad-a6b0-e16cfe155c18-GrpcLogAppender: appendEntries Timeout, request=cfbaf9ff-a5d2-4350-abbf-bcb1aefbe8d3->fc0aded7-5090-49ad-a6b0-e16cfe155c18#149-t1, previous=(t:1, i:23), leaderCommit=16, initializing? false, entries: <empty>
2019-09-12 04:05:23,821 [java.util.concurrent.ThreadPoolExecutor$Worker@76a00050[State = -1, empty queue]] WARN  server.GrpcLogAppender (GrpcLogAppender.java:timeoutAppendRequest(200)) - cfbaf9ff-a5d2-4350-abbf-bcb1aefbe8d3@group-F484CCC1AA7A->826a4c15-f032-4805-8cf4-5e11fe4a99d7-GrpcLogAppender: appendEntries Timeout, request=cfbaf9ff-a5d2-4350-abbf-bcb1aefbe8d3->826a4c15-f032-4805-8cf4-5e11fe4a99d7#149-t1, previous=(t:1, i:23), leaderCommit=16, initializing? false, entries: <empty>
2019-09-12 04:05:23,821 [EventQueue-PipelineActionsForPipelineActionHandler] ERROR pipeline.PipelineActionHandler (PipelineActionHandler.java:onMessage(60)) - Received pipeline action CLOSE for Pipeline[ Id: 743e7b28-aad9-4826-95d5-f484ccc1aa7a, Nodes: 826a4c15-f032-4805-8cf4-5e11fe4a99d7{ip: 192.168.34.8, host: pr-hdds-1879-pbs75-1821932185, networkLocation: /default-rack, certSerialId: null}fc0aded7-5090-49ad-a6b0-e16cfe155c18{ip: 192.168.34.8, host: pr-hdds-1879-pbs75-1821932185, networkLocation: /default-rack, certSerialId: null}cfbaf9ff-a5d2-4350-abbf-bcb1aefbe8d3{ip: 192.168.34.8, host: pr-hdds-1879-pbs75-1821932185, networkLocation: /default-rack, certSerialId: null}, Type:RATIS, Factor:THREE, State:CLOSED] from datanode cfbaf9ff-a5d2-4350-abbf-bcb1aefbe8d3{ip: 192.168.34.8, host: pr-hdds-1879-pbs75-1821932185, networkLocation: /default-rack, certSerialId: null}. Reason : cfbaf9ff-a5d2-4350-abbf-bcb1aefbe8d3 has not seen follower/s 826a4c15-f032-4805-8cf4-5e11fe4a99d7 for 131012ms fc0aded7-5090-49ad-a6b0-e16cfe155c18 for 131012ms
2019-09-12 04:05:23,821 [EventQueue-PipelineActionsForPipelineActionHandler] INFO  pipeline.SCMPipelineManager (SCMPipelineManager.java:finalizeAndDestroyPipeline(311)) - destroying pipeline:Pipeline[ Id: 743e7b28-aad9-4826-95d5-f484ccc1aa7a, Nodes: 826a4c15-f032-4805-8cf4-5e11fe4a99d7{ip: 192.168.34.8, host: pr-hdds-1879-pbs75-1821932185, networkLocation: /default-rack, certSerialId: null}fc0aded7-5090-49ad-a6b0-e16cfe155c18{ip: 192.168.34.8, host: pr-hdds-1879-pbs75-1821932185, networkLocation: /default-rack, certSerialId: null}cfbaf9ff-a5d2-4350-abbf-bcb1aefbe8d3{ip: 192.168.34.8, host: pr-hdds-1879-pbs75-1821932185, networkLocation: /default-rack, certSerialId: null}, Type:RATIS, Factor:THREE, State:CLOSED]
2019-09-12 04:05:23,821 [grpc-default-executor-6] INFO  client.GrpcClientProtocolClient (GrpcClientProtocolClient.java:onNext(264)) - client-EFFAA1C83E3D->fc0aded7-5090-49ad-a6b0-e16cfe155c18: receive RaftClientReply:client-EFFAA1C83E3D->fc0aded7-5090-49ad-a6b0-e16cfe155c18@group-F484CCC1AA7A, cid=30, FAILED org.apache.ratis.protocol.NotLeaderException: Server fc0aded7-5090-49ad-a6b0-e16cfe155c18@group-F484CCC1AA7A is not the leader cfbaf9ff-a5d2-4350-abbf-bcb1aefbe8d3:192.168.34.8:40308, logIndex=0, commits[fc0aded7-5090-49ad-a6b0-e16cfe155c18:c16, 826a4c15-f032-4805-8cf4-5e11fe4a99d7:c14, cfbaf9ff-a5d2-4350-abbf-bcb1aefbe8d3:c16]
2019-09-12 04:05:25,822 [org.apache.ratis.server.impl.LogAppender$AppenderDaemon$$Lambda$490/586156626@3219098e] ERROR ratis.XceiverServerRatis (XceiverServerRatis.java:triggerPipelineClose(568)) - pipeline Action CLOSE  on pipeline PipelineID=743e7b28-aad9-4826-95d5-f484ccc1aa7a.Reason : cfbaf9ff-a5d2-4350-abbf-bcb1aefbe8d3 has not seen follower/s 826a4c15-f032-4805-8cf4-5e11fe4a99d7 for 133512ms fc0aded7-5090-49ad-a6b0-e16cfe155c18 for 133512ms
2019-09-12 04:05:25,822 [org.apache.ratis.server.impl.LogAppender$AppenderDaemon$$Lambda$490/586156626@38368505] ERROR ratis.XceiverServerRatis (XceiverServerRatis.java:triggerPipelineClose(568)) - pipeline Action CLOSE  on pipeline PipelineID=743e7b28-aad9-4826-95d5-f484ccc1aa7a.Reason : cfbaf9ff-a5d2-4350-abbf-bcb1aefbe8d3 has not seen follower/s 826a4c15-f032-4805-8cf4-5e11fe4a99d7 for 133512ms fc0aded7-5090-49ad-a6b0-e16cfe155c18 for 133512ms
2019-09-12 04:05:26,321 [java.util.concurrent.ThreadPoolExecutor$Worker@76a00050[State = -1, empty queue]] WARN  server.GrpcLogAppender (GrpcLogAppender.java:timeoutAppendRequest(200)) - cfbaf9ff-a5d2-4350-abbf-bcb1aefbe8d3@group-F484CCC1AA7A->826a4c15-f032-4805-8cf4-5e11fe4a99d7-GrpcLogAppender: appendEntries Timeout, request=cfbaf9ff-a5d2-4350-abbf-bcb1aefbe8d3->826a4c15-f032-4805-8cf4-5e11fe4a99d7#150-t1, previous=(t:1, i:23), leaderCommit=16, initializing? false, entries: <empty>
2019-09-12 04:05:26,322 [java.util.concurrent.ThreadPoolExecutor$Worker@4b834a8d[State = -1, empty queue]] WARN  server.GrpcLogAppender (GrpcLogAppender.java:timeoutAppendRequest(200)) - cfbaf9ff-a5d2-4350-abbf-bcb1aefbe8d3@group-F484CCC1AA7A->fc0aded7-5090-49ad-a6b0-e16cfe155c18-GrpcLogAppender: appendEntries Timeout, request=cfbaf9ff-a5d2-4350-abbf-bcb1aefbe8d3->fc0aded7-5090-49ad-a6b0-e16cfe155c18#150-t1, previous=(t:1, i:23), leaderCommit=16, initializing? false, entries: <empty>
2019-09-12 04:05:26,821 [EventQueue-PipelineActionsForPipelineActionHandler] ERROR pipeline.PipelineActionHandler (PipelineActionHandler.java:onMessage(60)) - Received pipeline action CLOSE for Pipeline[ Id: 743e7b28-aad9-4826-95d5-f484ccc1aa7a, Nodes: 826a4c15-f032-4805-8cf4-5e11fe4a99d7{ip: 192.168.34.8, host: pr-hdds-1879-pbs75-1821932185, networkLocation: /default-rack, certSerialId: null}fc0aded7-5090-49ad-a6b0-e16cfe155c18{ip: 192.168.34.8, host: pr-hdds-1879-pbs75-1821932185, networkLocation: /default-rack, certSerialId: null}cfbaf9ff-a5d2-4350-abbf-bcb1aefbe8d3{ip: 192.168.34.8, host: pr-hdds-1879-pbs75-1821932185, networkLocation: /default-rack, certSerialId: null}, Type:RATIS, Factor:THREE, State:CLOSED] from datanode cfbaf9ff-a5d2-4350-abbf-bcb1aefbe8d3{ip: 192.168.34.8, host: pr-hdds-1879-pbs75-1821932185, networkLocation: /default-rack, certSerialId: null}. Reason : cfbaf9ff-a5d2-4350-abbf-bcb1aefbe8d3 has not seen follower/s 826a4c15-f032-4805-8cf4-5e11fe4a99d7 for 133512ms fc0aded7-5090-49ad-a6b0-e16cfe155c18 for 133512ms
2019-09-12 04:05:26,821 [EventQueue-PipelineActionsForPipelineActionHandler] INFO  pipeline.SCMPipelineManager (SCMPipelineManager.java:finalizeAndDestroyPipeline(311)) - destroying pipeline:Pipeline[ Id: 743e7b28-aad9-4826-95d5-f484ccc1aa7a, Nodes: 826a4c15-f032-4805-8cf4-5e11fe4a99d7{ip: 192.168.34.8, host: pr-hdds-1879-pbs75-1821932185, networkLocation: /default-rack, certSerialId: null}fc0aded7-5090-49ad-a6b0-e16cfe155c18{ip: 192.168.34.8, host: pr-hdds-1879-pbs75-1821932185, networkLocation: /default-rack, certSerialId: null}cfbaf9ff-a5d2-4350-abbf-bcb1aefbe8d3{ip: 192.168.34.8, host: pr-hdds-1879-pbs75-1821932185, networkLocation: /default-rack, certSerialId: null}, Type:RATIS, Factor:THREE, State:CLOSED]
2019-09-12 04:05:28,323 [org.apache.ratis.server.impl.LogAppender$AppenderDaemon$$Lambda$490/586156626@38368505] ERROR ratis.XceiverServerRatis (XceiverServerRatis.java:triggerPipelineClose(568)) - pipeline Action CLOSE  on pipeline PipelineID=743e7b28-aad9-4826-95d5-f484ccc1aa7a.Reason : cfbaf9ff-a5d2-4350-abbf-bcb1aefbe8d3 has not seen follower/s 826a4c15-f032-4805-8cf4-5e11fe4a99d7 for 136013ms fc0aded7-5090-49ad-a6b0-e16cfe155c18 for 136013ms
2019-09-12 04:05:28,323 [org.apache.ratis.server.impl.LogAppender$AppenderDaemon$$Lambda$490/586156626@3219098e] ERROR ratis.XceiverServerRatis (XceiverServerRatis.java:triggerPipelineClose(568)) - pipeline Action CLOSE  on pipeline PipelineID=743e7b28-aad9-4826-95d5-f484ccc1aa7a.Reason : cfbaf9ff-a5d2-4350-abbf-bcb1aefbe8d3 has not seen follower/s 826a4c15-f032-4805-8cf4-5e11fe4a99d7 for 136013ms fc0aded7-5090-49ad-a6b0-e16cfe155c18 for 136013ms
2019-09-12 04:05:28,821 [EventQueue-PipelineActionsForPipelineActionHandler] ERROR pipeline.PipelineActionHandler (PipelineActionHandler.java:onMessage(60)) - Received pipeline action CLOSE for Pipeline[ Id: 743e7b28-aad9-4826-95d5-f484ccc1aa7a, Nodes: 826a4c15-f032-4805-8cf4-5e11fe4a99d7{ip: 192.168.34.8, host: pr-hdds-1879-pbs75-1821932185, networkLocation: /default-rack, certSerialId: null}fc0aded7-5090-49ad-a6b0-e16cfe155c18{ip: 192.168.34.8, host: pr-hdds-1879-pbs75-1821932185, networkLocation: /default-rack, certSerialId: null}cfbaf9ff-a5d2-4350-abbf-bcb1aefbe8d3{ip: 192.168.34.8, host: pr-hdds-1879-pbs75-1821932185, networkLocation: /default-rack, certSerialId: null}, Type:RATIS, Factor:THREE, State:CLOSED] from datanode cfbaf9ff-a5d2-4350-abbf-bcb1aefbe8d3{ip: 192.168.34.8, host: pr-hdds-1879-pbs75-1821932185, networkLocation: /default-rack, certSerialId: null}. Reason : cfbaf9ff-a5d2-4350-abbf-bcb1aefbe8d3 has not seen follower/s 826a4c15-f032-4805-8cf4-5e11fe4a99d7 for 136013ms fc0aded7-5090-49ad-a6b0-e16cfe155c18 for 136013ms
2019-09-12 04:05:28,821 [EventQueue-PipelineActionsForPipelineActionHandler] INFO  pipeline.SCMPipelineManager (SCMPipelineManager.java:finalizeAndDestroyPipeline(311)) - destroying pipeline:Pipeline[ Id: 743e7b28-aad9-4826-95d5-f484ccc1aa7a, Nodes: 826a4c15-f032-4805-8cf4-5e11fe4a99d7{ip: 192.168.34.8, host: pr-hdds-1879-pbs75-1821932185, networkLocation: /default-rack, certSerialId: null}fc0aded7-5090-49ad-a6b0-e16cfe155c18{ip: 192.168.34.8, host: pr-hdds-1879-pbs75-1821932185, networkLocation: /default-rack, certSerialId: null}cfbaf9ff-a5d2-4350-abbf-bcb1aefbe8d3{ip: 192.168.34.8, host: pr-hdds-1879-pbs75-1821932185, networkLocation: /default-rack, certSerialId: null}, Type:RATIS, Factor:THREE, State:CLOSED]
2019-09-12 04:05:28,822 [java.util.concurrent.ThreadPoolExecutor$Worker@76a00050[State = -1, empty queue]] WARN  server.GrpcLogAppender (GrpcLogAppender.java:timeoutAppendRequest(200)) - cfbaf9ff-a5d2-4350-abbf-bcb1aefbe8d3@group-F484CCC1AA7A->826a4c15-f032-4805-8cf4-5e11fe4a99d7-GrpcLogAppender: appendEntries Timeout, request=cfbaf9ff-a5d2-4350-abbf-bcb1aefbe8d3->826a4c15-f032-4805-8cf4-5e11fe4a99d7#151-t1, previous=(t:1, i:23), leaderCommit=16, initializing? false, entries: <empty>
2019-09-12 04:05:28,822 [java.util.concurrent.ThreadPoolExecutor$Worker@4b834a8d[State = -1, empty queue]] WARN  server.GrpcLogAppender (GrpcLogAppender.java:timeoutAppendRequest(200)) - cfbaf9ff-a5d2-4350-abbf-bcb1aefbe8d3@group-F484CCC1AA7A->fc0aded7-5090-49ad-a6b0-e16cfe155c18-GrpcLogAppender: appendEntries Timeout, request=cfbaf9ff-a5d2-4350-abbf-bcb1aefbe8d3->fc0aded7-5090-49ad-a6b0-e16cfe155c18#151-t1, previous=(t:1, i:23), leaderCommit=16, initializing? false, entries: <empty>
2019-09-12 04:05:28,878 [grpc-default-executor-7] INFO  client.GrpcClientProtocolClient (GrpcClientProtocolClient.java:onNext(264)) - client-EFFAA1C83E3D->826a4c15-f032-4805-8cf4-5e11fe4a99d7: receive RaftClientReply:client-EFFAA1C83E3D->826a4c15-f032-4805-8cf4-5e11fe4a99d7@group-F484CCC1AA7A, cid=30, FAILED org.apache.ratis.protocol.NotLeaderException: Server 826a4c15-f032-4805-8cf4-5e11fe4a99d7@group-F484CCC1AA7A is not the leader cfbaf9ff-a5d2-4350-abbf-bcb1aefbe8d3:192.168.34.8:40308, logIndex=0, commits[826a4c15-f032-4805-8cf4-5e11fe4a99d7:c16, cfbaf9ff-a5d2-4350-abbf-bcb1aefbe8d3:c16, fc0aded7-5090-49ad-a6b0-e16cfe155c18:c14]
2019-09-12 04:05:30,825 [org.apache.ratis.server.impl.LogAppender$AppenderDaemon$$Lambda$490/586156626@38368505] ERROR ratis.XceiverServerRatis (XceiverServerRatis.java:triggerPipelineClose(568)) - pipeline Action CLOSE  on pipeline PipelineID=743e7b28-aad9-4826-95d5-f484ccc1aa7a.Reason : cfbaf9ff-a5d2-4350-abbf-bcb1aefbe8d3 has not seen follower/s 826a4c15-f032-4805-8cf4-5e11fe4a99d7 for 138515ms fc0aded7-5090-49ad-a6b0-e16cfe155c18 for 138515ms
2019-09-12 04:05:30,825 [org.apache.ratis.server.impl.LogAppender$AppenderDaemon$$Lambda$490/586156626@3219098e] ERROR ratis.XceiverServerRatis (XceiverServerRatis.java:triggerPipelineClose(568)) - pipeline Action CLOSE  on pipeline PipelineID=743e7b28-aad9-4826-95d5-f484ccc1aa7a.Reason : cfbaf9ff-a5d2-4350-abbf-bcb1aefbe8d3 has not seen follower/s 826a4c15-f032-4805-8cf4-5e11fe4a99d7 for 138515ms fc0aded7-5090-49ad-a6b0-e16cfe155c18 for 138515ms
2019-09-12 04:05:31,322 [java.util.concurrent.ThreadPoolExecutor$Worker@76a00050[State = -1, empty queue]] WARN  server.GrpcLogAppender (GrpcLogAppender.java:timeoutAppendRequest(200)) - cfbaf9ff-a5d2-4350-abbf-bcb1aefbe8d3@group-F484CCC1AA7A->826a4c15-f032-4805-8cf4-5e11fe4a99d7-GrpcLogAppender: appendEntries Timeout, request=cfbaf9ff-a5d2-4350-abbf-bcb1aefbe8d3->826a4c15-f032-4805-8cf4-5e11fe4a99d7#152-t1, previous=(t:1, i:23), leaderCommit=16, initializing? false, entries: <empty>
2019-09-12 04:05:31,323 [java.util.concurrent.ThreadPoolExecutor$Worker@4b834a8d[State = -1, empty queue]] WARN  server.GrpcLogAppender (GrpcLogAppender.java:timeoutAppendRequest(200)) - cfbaf9ff-a5d2-4350-abbf-bcb1aefbe8d3@group-F484CCC1AA7A->fc0aded7-5090-49ad-a6b0-e16cfe155c18-GrpcLogAppender: appendEntries Timeout, request=cfbaf9ff-a5d2-4350-abbf-bcb1aefbe8d3->fc0aded7-5090-49ad-a6b0-e16cfe155c18#152-t1, previous=(t:1, i:23), leaderCommit=16, initializing? false, entries: <empty>
2019-09-12 04:05:31,824 [EventQueue-PipelineActionsForPipelineActionHandler] ERROR pipeline.PipelineActionHandler (PipelineActionHandler.java:onMessage(60)) - Received pipeline action CLOSE for Pipeline[ Id: 743e7b28-aad9-4826-95d5-f484ccc1aa7a, Nodes: 826a4c15-f032-4805-8cf4-5e11fe4a99d7{ip: 192.168.34.8, host: pr-hdds-1879-pbs75-1821932185, networkLocation: /default-rack, certSerialId: null}fc0aded7-5090-49ad-a6b0-e16cfe155c18{ip: 192.168.34.8, host: pr-hdds-1879-pbs75-1821932185, networkLocation: /default-rack, certSerialId: null}cfbaf9ff-a5d2-4350-abbf-bcb1aefbe8d3{ip: 192.168.34.8, host: pr-hdds-1879-pbs75-1821932185, networkLocation: /default-rack, certSerialId: null}, Type:RATIS, Factor:THREE, State:CLOSED] from datanode cfbaf9ff-a5d2-4350-abbf-bcb1aefbe8d3{ip: 192.168.34.8, host: pr-hdds-1879-pbs75-1821932185, networkLocation: /default-rack, certSerialId: null}. Reason : cfbaf9ff-a5d2-4350-abbf-bcb1aefbe8d3 has not seen follower/s 826a4c15-f032-4805-8cf4-5e11fe4a99d7 for 138515ms fc0aded7-5090-49ad-a6b0-e16cfe155c18 for 138515ms
2019-09-12 04:05:31,825 [EventQueue-PipelineActionsForPipelineActionHandler] INFO  pipeline.SCMPipelineManager (SCMPipelineManager.java:finalizeAndDestroyPipeline(311)) - destroying pipeline:Pipeline[ Id: 743e7b28-aad9-4826-95d5-f484ccc1aa7a, Nodes: 826a4c15-f032-4805-8cf4-5e11fe4a99d7{ip: 192.168.34.8, host: pr-hdds-1879-pbs75-1821932185, networkLocation: /default-rack, certSerialId: null}fc0aded7-5090-49ad-a6b0-e16cfe155c18{ip: 192.168.34.8, host: pr-hdds-1879-pbs75-1821932185, networkLocation: /default-rack, certSerialId: null}cfbaf9ff-a5d2-4350-abbf-bcb1aefbe8d3{ip: 192.168.34.8, host: pr-hdds-1879-pbs75-1821932185, networkLocation: /default-rack, certSerialId: null}, Type:RATIS, Factor:THREE, State:CLOSED]
2019-09-12 04:05:32,467 [826a4c15-f032-4805-8cf4-5e11fe4a99d7@group-F484CCC1AA7A-SegmentedRaftLogWorker] WARN  segmented.SegmentedRaftLogWorker (SegmentedRaftLogWorker.java:getFromFuture(90)) - Timeout 13/~
org.apache.ratis.protocol.TimeoutIOException: Timeout 10s: WriteLog:17: (t:1, i:17), STATEMACHINELOGENTRY, client-EFFAA1C83E3D, cid=30-writeStateMachineData
	at org.apache.ratis.util.IOUtils.getFromFuture(IOUtils.java:87)
	at org.apache.ratis.server.raftlog.segmented.SegmentedRaftLogWorker$StateMachineDataPolicy.getFromFuture(SegmentedRaftLogWorker.java:87)
	at org.apache.ratis.server.raftlog.segmented.SegmentedRaftLogWorker$WriteLog.execute(SegmentedRaftLogWorker.java:477)
	at org.apache.ratis.server.raftlog.segmented.SegmentedRaftLogWorker.run(SegmentedRaftLogWorker.java:289)
	at java.lang.Thread.run(Thread.java:748)
Caused by: java.util.concurrent.TimeoutException
	at java.util.concurrent.CompletableFuture.timedGet(CompletableFuture.java:1771)
	at java.util.concurrent.CompletableFuture.get(CompletableFuture.java:1915)
	at org.apache.ratis.util.IOUtils.getFromFuture(IOUtils.java:79)
	... 4 more
2019-09-12 04:05:32,825 [fc0aded7-5090-49ad-a6b0-e16cfe155c18@group-F484CCC1AA7A-SegmentedRaftLogWorker] WARN  segmented.SegmentedRaftLogWorker (SegmentedRaftLogWorker.java:getFromFuture(90)) - Timeout 13/~
org.apache.ratis.protocol.TimeoutIOException: Timeout 10s: WriteLog:18: (t:1, i:18), STATEMACHINELOGENTRY, client-EFFAA1C83E3D, cid=31-writeStateMachineData
	at org.apache.ratis.util.IOUtils.getFromFuture(IOUtils.java:87)
	at org.apache.ratis.server.raftlog.segmented.SegmentedRaftLogWorker$StateMachineDataPolicy.getFromFuture(SegmentedRaftLogWorker.java:87)
	at org.apache.ratis.server.raftlog.segmented.SegmentedRaftLogWorker$WriteLog.execute(SegmentedRaftLogWorker.java:477)
	at org.apache.ratis.server.raftlog.segmented.SegmentedRaftLogWorker.run(SegmentedRaftLogWorker.java:289)
	at java.lang.Thread.run(Thread.java:748)
Caused by: java.util.concurrent.TimeoutException
	at java.util.concurrent.CompletableFuture.timedGet(CompletableFuture.java:1771)
	at java.util.concurrent.CompletableFuture.get(CompletableFuture.java:1915)
	at org.apache.ratis.util.IOUtils.getFromFuture(IOUtils.java:79)
	... 4 more
2019-09-12 04:05:32,826 [cfbaf9ff-a5d2-4350-abbf-bcb1aefbe8d3@group-F484CCC1AA7A-SegmentedRaftLogWorker] WARN  segmented.SegmentedRaftLogWorker (SegmentedRaftLogWorker.java:getFromFuture(90)) - Timeout 13/~
org.apache.ratis.protocol.TimeoutIOException: Timeout 10s: WriteLog:18: (t:1, i:18), STATEMACHINELOGENTRY, client-EFFAA1C83E3D, cid=31-writeStateMachineData
	at org.apache.ratis.util.IOUtils.getFromFuture(IOUtils.java:87)
	at org.apache.ratis.server.raftlog.segmented.SegmentedRaftLogWorker$StateMachineDataPolicy.getFromFuture(SegmentedRaftLogWorker.java:87)
	at org.apache.ratis.server.raftlog.segmented.SegmentedRaftLogWorker$WriteLog.execute(SegmentedRaftLogWorker.java:477)
	at org.apache.ratis.server.raftlog.segmented.SegmentedRaftLogWorker.run(SegmentedRaftLogWorker.java:289)
	at java.lang.Thread.run(Thread.java:748)
Caused by: java.util.concurrent.TimeoutException
	at java.util.concurrent.CompletableFuture.timedGet(CompletableFuture.java:1771)
	at java.util.concurrent.CompletableFuture.get(CompletableFuture.java:1915)
	at org.apache.ratis.util.IOUtils.getFromFuture(IOUtils.java:79)
	... 4 more
2019-09-12 04:05:33,326 [org.apache.ratis.server.impl.LogAppender$AppenderDaemon$$Lambda$490/586156626@38368505] ERROR ratis.XceiverServerRatis (XceiverServerRatis.java:triggerPipelineClose(568)) - pipeline Action CLOSE  on pipeline PipelineID=743e7b28-aad9-4826-95d5-f484ccc1aa7a.Reason : cfbaf9ff-a5d2-4350-abbf-bcb1aefbe8d3 has not seen follower/s 826a4c15-f032-4805-8cf4-5e11fe4a99d7 for 141016ms fc0aded7-5090-49ad-a6b0-e16cfe155c18 for 141016ms
2019-09-12 04:05:33,326 [org.apache.ratis.server.impl.LogAppender$AppenderDaemon$$Lambda$490/586156626@3219098e] ERROR ratis.XceiverServerRatis (XceiverServerRatis.java:triggerPipelineClose(568)) - pipeline Action CLOSE  on pipeline PipelineID=743e7b28-aad9-4826-95d5-f484ccc1aa7a.Reason : cfbaf9ff-a5d2-4350-abbf-bcb1aefbe8d3 has not seen follower/s 826a4c15-f032-4805-8cf4-5e11fe4a99d7 for 141016ms fc0aded7-5090-49ad-a6b0-e16cfe155c18 for 141016ms
2019-09-12 04:05:33,822 [EventQueue-PipelineActionsForPipelineActionHandler] ERROR pipeline.PipelineActionHandler (PipelineActionHandler.java:onMessage(60)) - Received pipeline action CLOSE for Pipeline[ Id: 743e7b28-aad9-4826-95d5-f484ccc1aa7a, Nodes: 826a4c15-f032-4805-8cf4-5e11fe4a99d7{ip: 192.168.34.8, host: pr-hdds-1879-pbs75-1821932185, networkLocation: /default-rack, certSerialId: null}fc0aded7-5090-49ad-a6b0-e16cfe155c18{ip: 192.168.34.8, host: pr-hdds-1879-pbs75-1821932185, networkLocation: /default-rack, certSerialId: null}cfbaf9ff-a5d2-4350-abbf-bcb1aefbe8d3{ip: 192.168.34.8, host: pr-hdds-1879-pbs75-1821932185, networkLocation: /default-rack, certSerialId: null}, Type:RATIS, Factor:THREE, State:CLOSED] from datanode cfbaf9ff-a5d2-4350-abbf-bcb1aefbe8d3{ip: 192.168.34.8, host: pr-hdds-1879-pbs75-1821932185, networkLocation: /default-rack, certSerialId: null}. Reason : cfbaf9ff-a5d2-4350-abbf-bcb1aefbe8d3 has not seen follower/s 826a4c15-f032-4805-8cf4-5e11fe4a99d7 for 141016ms fc0aded7-5090-49ad-a6b0-e16cfe155c18 for 141016ms
2019-09-12 04:05:33,823 [EventQueue-PipelineActionsForPipelineActionHandler] INFO  pipeline.SCMPipelineManager (SCMPipelineManager.java:finalizeAndDestroyPipeline(311)) - destroying pipeline:Pipeline[ Id: 743e7b28-aad9-4826-95d5-f484ccc1aa7a, Nodes: 826a4c15-f032-4805-8cf4-5e11fe4a99d7{ip: 192.168.34.8, host: pr-hdds-1879-pbs75-1821932185, networkLocation: /default-rack, certSerialId: null}fc0aded7-5090-49ad-a6b0-e16cfe155c18{ip: 192.168.34.8, host: pr-hdds-1879-pbs75-1821932185, networkLocation: /default-rack, certSerialId: null}cfbaf9ff-a5d2-4350-abbf-bcb1aefbe8d3{ip: 192.168.34.8, host: pr-hdds-1879-pbs75-1821932185, networkLocation: /default-rack, certSerialId: null}, Type:RATIS, Factor:THREE, State:CLOSED]
2019-09-12 04:05:33,824 [java.util.concurrent.ThreadPoolExecutor$Worker@4b834a8d[State = -1, empty queue]] WARN  server.GrpcLogAppender (GrpcLogAppender.java:timeoutAppendRequest(200)) - cfbaf9ff-a5d2-4350-abbf-bcb1aefbe8d3@group-F484CCC1AA7A->fc0aded7-5090-49ad-a6b0-e16cfe155c18-GrpcLogAppender: appendEntries Timeout, request=cfbaf9ff-a5d2-4350-abbf-bcb1aefbe8d3->fc0aded7-5090-49ad-a6b0-e16cfe155c18#153-t1, previous=(t:1, i:23), leaderCommit=16, initializing? false, entries: <empty>
2019-09-12 04:05:33,824 [java.util.concurrent.ThreadPoolExecutor$Worker@76a00050[State = -1, empty queue]] WARN  server.GrpcLogAppender (GrpcLogAppender.java:timeoutAppendRequest(200)) - cfbaf9ff-a5d2-4350-abbf-bcb1aefbe8d3@group-F484CCC1AA7A->826a4c15-f032-4805-8cf4-5e11fe4a99d7-GrpcLogAppender: appendEntries Timeout, request=cfbaf9ff-a5d2-4350-abbf-bcb1aefbe8d3->826a4c15-f032-4805-8cf4-5e11fe4a99d7#153-t1, previous=(t:1, i:23), leaderCommit=16, initializing? false, entries: <empty>
2019-09-12 04:05:33,943 [grpc-default-executor-6] INFO  client.GrpcClientProtocolClient (GrpcClientProtocolClient.java:onNext(264)) - client-EFFAA1C83E3D->fc0aded7-5090-49ad-a6b0-e16cfe155c18: receive RaftClientReply:client-EFFAA1C83E3D->fc0aded7-5090-49ad-a6b0-e16cfe155c18@group-F484CCC1AA7A, cid=30, FAILED org.apache.ratis.protocol.NotLeaderException: Server fc0aded7-5090-49ad-a6b0-e16cfe155c18@group-F484CCC1AA7A is not the leader cfbaf9ff-a5d2-4350-abbf-bcb1aefbe8d3:192.168.34.8:40308, logIndex=0, commits[fc0aded7-5090-49ad-a6b0-e16cfe155c18:c16, 826a4c15-f032-4805-8cf4-5e11fe4a99d7:c14, cfbaf9ff-a5d2-4350-abbf-bcb1aefbe8d3:c16]
2019-09-12 04:05:35,827 [org.apache.ratis.server.impl.LogAppender$AppenderDaemon$$Lambda$490/586156626@3219098e] ERROR ratis.XceiverServerRatis (XceiverServerRatis.java:triggerPipelineClose(568)) - pipeline Action CLOSE  on pipeline PipelineID=743e7b28-aad9-4826-95d5-f484ccc1aa7a.Reason : cfbaf9ff-a5d2-4350-abbf-bcb1aefbe8d3 has not seen follower/s 826a4c15-f032-4805-8cf4-5e11fe4a99d7 for 143517ms fc0aded7-5090-49ad-a6b0-e16cfe155c18 for 143517ms
2019-09-12 04:05:35,827 [org.apache.ratis.server.impl.LogAppender$AppenderDaemon$$Lambda$490/586156626@38368505] ERROR ratis.XceiverServerRatis (XceiverServerRatis.java:triggerPipelineClose(568)) - pipeline Action CLOSE  on pipeline PipelineID=743e7b28-aad9-4826-95d5-f484ccc1aa7a.Reason : cfbaf9ff-a5d2-4350-abbf-bcb1aefbe8d3 has not seen follower/s 826a4c15-f032-4805-8cf4-5e11fe4a99d7 for 143517ms fc0aded7-5090-49ad-a6b0-e16cfe155c18 for 143517ms
2019-09-12 04:05:36,325 [java.util.concurrent.ThreadPoolExecutor$Worker@4b834a8d[State = -1, empty queue]] WARN  server.GrpcLogAppender (GrpcLogAppender.java:timeoutAppendRequest(200)) - cfbaf9ff-a5d2-4350-abbf-bcb1aefbe8d3@group-F484CCC1AA7A->fc0aded7-5090-49ad-a6b0-e16cfe155c18-GrpcLogAppender: appendEntries Timeout, request=cfbaf9ff-a5d2-4350-abbf-bcb1aefbe8d3->fc0aded7-5090-49ad-a6b0-e16cfe155c18#154-t1, previous=(t:1, i:23), leaderCommit=16, initializing? false, entries: <empty>
2019-09-12 04:05:36,325 [java.util.concurrent.ThreadPoolExecutor$Worker@76a00050[State = -1, empty queue]] WARN  server.GrpcLogAppender (GrpcLogAppender.java:timeoutAppendRequest(200)) - cfbaf9ff-a5d2-4350-abbf-bcb1aefbe8d3@group-F484CCC1AA7A->826a4c15-f032-4805-8cf4-5e11fe4a99d7-GrpcLogAppender: appendEntries Timeout, request=cfbaf9ff-a5d2-4350-abbf-bcb1aefbe8d3->826a4c15-f032-4805-8cf4-5e11fe4a99d7#154-t1, previous=(t:1, i:23), leaderCommit=16, initializing? false, entries: <empty>
2019-09-12 04:05:36,823 [EventQueue-PipelineActionsForPipelineActionHandler] ERROR pipeline.PipelineActionHandler (PipelineActionHandler.java:onMessage(60)) - Received pipeline action CLOSE for Pipeline[ Id: 743e7b28-aad9-4826-95d5-f484ccc1aa7a, Nodes: 826a4c15-f032-4805-8cf4-5e11fe4a99d7{ip: 192.168.34.8, host: pr-hdds-1879-pbs75-1821932185, networkLocation: /default-rack, certSerialId: null}fc0aded7-5090-49ad-a6b0-e16cfe155c18{ip: 192.168.34.8, host: pr-hdds-1879-pbs75-1821932185, networkLocation: /default-rack, certSerialId: null}cfbaf9ff-a5d2-4350-abbf-bcb1aefbe8d3{ip: 192.168.34.8, host: pr-hdds-1879-pbs75-1821932185, networkLocation: /default-rack, certSerialId: null}, Type:RATIS, Factor:THREE, State:CLOSED] from datanode cfbaf9ff-a5d2-4350-abbf-bcb1aefbe8d3{ip: 192.168.34.8, host: pr-hdds-1879-pbs75-1821932185, networkLocation: /default-rack, certSerialId: null}. Reason : cfbaf9ff-a5d2-4350-abbf-bcb1aefbe8d3 has not seen follower/s 826a4c15-f032-4805-8cf4-5e11fe4a99d7 for 143517ms fc0aded7-5090-49ad-a6b0-e16cfe155c18 for 143517ms
2019-09-12 04:05:36,824 [EventQueue-PipelineActionsForPipelineActionHandler] INFO  pipeline.SCMPipelineManager (SCMPipelineManager.java:finalizeAndDestroyPipeline(311)) - destroying pipeline:Pipeline[ Id: 743e7b28-aad9-4826-95d5-f484ccc1aa7a, Nodes: 826a4c15-f032-4805-8cf4-5e11fe4a99d7{ip: 192.168.34.8, host: pr-hdds-1879-pbs75-1821932185, networkLocation: /default-rack, certSerialId: null}fc0aded7-5090-49ad-a6b0-e16cfe155c18{ip: 192.168.34.8, host: pr-hdds-1879-pbs75-1821932185, networkLocation: /default-rack, certSerialId: null}cfbaf9ff-a5d2-4350-abbf-bcb1aefbe8d3{ip: 192.168.34.8, host: pr-hdds-1879-pbs75-1821932185, networkLocation: /default-rack, certSerialId: null}, Type:RATIS, Factor:THREE, State:CLOSED]
2019-09-12 04:05:38,328 [org.apache.ratis.server.impl.LogAppender$AppenderDaemon$$Lambda$490/586156626@38368505] ERROR ratis.XceiverServerRatis (XceiverServerRatis.java:triggerPipelineClose(568)) - pipeline Action CLOSE  on pipeline PipelineID=743e7b28-aad9-4826-95d5-f484ccc1aa7a.Reason : cfbaf9ff-a5d2-4350-abbf-bcb1aefbe8d3 has not seen follower/s 826a4c15-f032-4805-8cf4-5e11fe4a99d7 for 146018ms fc0aded7-5090-49ad-a6b0-e16cfe155c18 for 146018ms
2019-09-12 04:05:38,328 [org.apache.ratis.server.impl.LogAppender$AppenderDaemon$$Lambda$490/586156626@3219098e] ERROR ratis.XceiverServerRatis (XceiverServerRatis.java:triggerPipelineClose(568)) - pipeline Action CLOSE  on pipeline PipelineID=743e7b28-aad9-4826-95d5-f484ccc1aa7a.Reason : cfbaf9ff-a5d2-4350-abbf-bcb1aefbe8d3 has not seen follower/s 826a4c15-f032-4805-8cf4-5e11fe4a99d7 for 146018ms fc0aded7-5090-49ad-a6b0-e16cfe155c18 for 146018ms
2019-09-12 04:05:38,823 [EventQueue-PipelineActionsForPipelineActionHandler] ERROR pipeline.PipelineActionHandler (PipelineActionHandler.java:onMessage(60)) - Received pipeline action CLOSE for Pipeline[ Id: 743e7b28-aad9-4826-95d5-f484ccc1aa7a, Nodes: 826a4c15-f032-4805-8cf4-5e11fe4a99d7{ip: 192.168.34.8, host: pr-hdds-1879-pbs75-1821932185, networkLocation: /default-rack, certSerialId: null}fc0aded7-5090-49ad-a6b0-e16cfe155c18{ip: 192.168.34.8, host: pr-hdds-1879-pbs75-1821932185, networkLocation: /default-rack, certSerialId: null}cfbaf9ff-a5d2-4350-abbf-bcb1aefbe8d3{ip: 192.168.34.8, host: pr-hdds-1879-pbs75-1821932185, networkLocation: /default-rack, certSerialId: null}, Type:RATIS, Factor:THREE, State:CLOSED] from datanode cfbaf9ff-a5d2-4350-abbf-bcb1aefbe8d3{ip: 192.168.34.8, host: pr-hdds-1879-pbs75-1821932185, networkLocation: /default-rack, certSerialId: null}. Reason : cfbaf9ff-a5d2-4350-abbf-bcb1aefbe8d3 has not seen follower/s 826a4c15-f032-4805-8cf4-5e11fe4a99d7 for 146018ms fc0aded7-5090-49ad-a6b0-e16cfe155c18 for 146018ms
2019-09-12 04:05:38,824 [EventQueue-PipelineActionsForPipelineActionHandler] INFO  pipeline.SCMPipelineManager (SCMPipelineManager.java:finalizeAndDestroyPipeline(311)) - destroying pipeline:Pipeline[ Id: 743e7b28-aad9-4826-95d5-f484ccc1aa7a, Nodes: 826a4c15-f032-4805-8cf4-5e11fe4a99d7{ip: 192.168.34.8, host: pr-hdds-1879-pbs75-1821932185, networkLocation: /default-rack, certSerialId: null}fc0aded7-5090-49ad-a6b0-e16cfe155c18{ip: 192.168.34.8, host: pr-hdds-1879-pbs75-1821932185, networkLocation: /default-rack, certSerialId: null}cfbaf9ff-a5d2-4350-abbf-bcb1aefbe8d3{ip: 192.168.34.8, host: pr-hdds-1879-pbs75-1821932185, networkLocation: /default-rack, certSerialId: null}, Type:RATIS, Factor:THREE, State:CLOSED]
2019-09-12 04:05:38,827 [java.util.concurrent.ThreadPoolExecutor$Worker@76a00050[State = -1, empty queue]] WARN  server.GrpcLogAppender (GrpcLogAppender.java:timeoutAppendRequest(200)) - cfbaf9ff-a5d2-4350-abbf-bcb1aefbe8d3@group-F484CCC1AA7A->826a4c15-f032-4805-8cf4-5e11fe4a99d7-GrpcLogAppender: appendEntries Timeout, request=cfbaf9ff-a5d2-4350-abbf-bcb1aefbe8d3->826a4c15-f032-4805-8cf4-5e11fe4a99d7#155-t1, previous=(t:1, i:23), leaderCommit=16, initializing? false, entries: <empty>
2019-09-12 04:05:38,827 [java.util.concurrent.ThreadPoolExecutor$Worker@4b834a8d[State = -1, empty queue]] WARN  server.GrpcLogAppender (GrpcLogAppender.java:timeoutAppendRequest(200)) - cfbaf9ff-a5d2-4350-abbf-bcb1aefbe8d3@group-F484CCC1AA7A->fc0aded7-5090-49ad-a6b0-e16cfe155c18-GrpcLogAppender: appendEntries Timeout, request=cfbaf9ff-a5d2-4350-abbf-bcb1aefbe8d3->fc0aded7-5090-49ad-a6b0-e16cfe155c18#155-t1, previous=(t:1, i:23), leaderCommit=16, initializing? false, entries: <empty>
2019-09-12 04:05:38,990 [grpc-default-executor-6] INFO  client.GrpcClientProtocolClient (GrpcClientProtocolClient.java:onNext(264)) - client-EFFAA1C83E3D->fc0aded7-5090-49ad-a6b0-e16cfe155c18: receive RaftClientReply:client-EFFAA1C83E3D->fc0aded7-5090-49ad-a6b0-e16cfe155c18@group-F484CCC1AA7A, cid=30, FAILED org.apache.ratis.protocol.NotLeaderException: Server fc0aded7-5090-49ad-a6b0-e16cfe155c18@group-F484CCC1AA7A is not the leader cfbaf9ff-a5d2-4350-abbf-bcb1aefbe8d3:192.168.34.8:40308, logIndex=0, commits[fc0aded7-5090-49ad-a6b0-e16cfe155c18:c16, 826a4c15-f032-4805-8cf4-5e11fe4a99d7:c14, cfbaf9ff-a5d2-4350-abbf-bcb1aefbe8d3:c16]
2019-09-12 04:05:40,829 [org.apache.ratis.server.impl.LogAppender$AppenderDaemon$$Lambda$490/586156626@38368505] ERROR ratis.XceiverServerRatis (XceiverServerRatis.java:triggerPipelineClose(568)) - pipeline Action CLOSE  on pipeline PipelineID=743e7b28-aad9-4826-95d5-f484ccc1aa7a.Reason : cfbaf9ff-a5d2-4350-abbf-bcb1aefbe8d3 has not seen follower/s 826a4c15-f032-4805-8cf4-5e11fe4a99d7 for 148519ms fc0aded7-5090-49ad-a6b0-e16cfe155c18 for 148519ms
2019-09-12 04:05:40,829 [org.apache.ratis.server.impl.LogAppender$AppenderDaemon$$Lambda$490/586156626@3219098e] ERROR ratis.XceiverServerRatis (XceiverServerRatis.java:triggerPipelineClose(568)) - pipeline Action CLOSE  on pipeline PipelineID=743e7b28-aad9-4826-95d5-f484ccc1aa7a.Reason : cfbaf9ff-a5d2-4350-abbf-bcb1aefbe8d3 has not seen follower/s 826a4c15-f032-4805-8cf4-5e11fe4a99d7 for 148519ms fc0aded7-5090-49ad-a6b0-e16cfe155c18 for 148519ms
2019-09-12 04:05:41,327 [java.util.concurrent.ThreadPoolExecutor$Worker@76a00050[State = -1, empty queue]] WARN  server.GrpcLogAppender (GrpcLogAppender.java:timeoutAppendRequest(200)) - cfbaf9ff-a5d2-4350-abbf-bcb1aefbe8d3@group-F484CCC1AA7A->826a4c15-f032-4805-8cf4-5e11fe4a99d7-GrpcLogAppender: appendEntries Timeout, request=cfbaf9ff-a5d2-4350-abbf-bcb1aefbe8d3->826a4c15-f032-4805-8cf4-5e11fe4a99d7#156-t1, previous=(t:1, i:23), leaderCommit=16, initializing? false, entries: <empty>
2019-09-12 04:05:41,327 [java.util.concurrent.ThreadPoolExecutor$Worker@4b834a8d[State = -1, empty queue]] WARN  server.GrpcLogAppender (GrpcLogAppender.java:timeoutAppendRequest(200)) - cfbaf9ff-a5d2-4350-abbf-bcb1aefbe8d3@group-F484CCC1AA7A->fc0aded7-5090-49ad-a6b0-e16cfe155c18-GrpcLogAppender: appendEntries Timeout, request=cfbaf9ff-a5d2-4350-abbf-bcb1aefbe8d3->fc0aded7-5090-49ad-a6b0-e16cfe155c18#156-t1, previous=(t:1, i:23), leaderCommit=16, initializing? false, entries: <empty>
2019-09-12 04:05:41,823 [EventQueue-PipelineActionsForPipelineActionHandler] ERROR pipeline.PipelineActionHandler (PipelineActionHandler.java:onMessage(60)) - Received pipeline action CLOSE for Pipeline[ Id: 743e7b28-aad9-4826-95d5-f484ccc1aa7a, Nodes: 826a4c15-f032-4805-8cf4-5e11fe4a99d7{ip: 192.168.34.8, host: pr-hdds-1879-pbs75-1821932185, networkLocation: /default-rack, certSerialId: null}fc0aded7-5090-49ad-a6b0-e16cfe155c18{ip: 192.168.34.8, host: pr-hdds-1879-pbs75-1821932185, networkLocation: /default-rack, certSerialId: null}cfbaf9ff-a5d2-4350-abbf-bcb1aefbe8d3{ip: 192.168.34.8, host: pr-hdds-1879-pbs75-1821932185, networkLocation: /default-rack, certSerialId: null}, Type:RATIS, Factor:THREE, State:CLOSED] from datanode cfbaf9ff-a5d2-4350-abbf-bcb1aefbe8d3{ip: 192.168.34.8, host: pr-hdds-1879-pbs75-1821932185, networkLocation: /default-rack, certSerialId: null}. Reason : cfbaf9ff-a5d2-4350-abbf-bcb1aefbe8d3 has not seen follower/s 826a4c15-f032-4805-8cf4-5e11fe4a99d7 for 148519ms fc0aded7-5090-49ad-a6b0-e16cfe155c18 for 148519ms
2019-09-12 04:05:41,824 [EventQueue-PipelineActionsForPipelineActionHandler] INFO  pipeline.SCMPipelineManager (SCMPipelineManager.java:finalizeAndDestroyPipeline(311)) - destroying pipeline:Pipeline[ Id: 743e7b28-aad9-4826-95d5-f484ccc1aa7a, Nodes: 826a4c15-f032-4805-8cf4-5e11fe4a99d7{ip: 192.168.34.8, host: pr-hdds-1879-pbs75-1821932185, networkLocation: /default-rack, certSerialId: null}fc0aded7-5090-49ad-a6b0-e16cfe155c18{ip: 192.168.34.8, host: pr-hdds-1879-pbs75-1821932185, networkLocation: /default-rack, certSerialId: null}cfbaf9ff-a5d2-4350-abbf-bcb1aefbe8d3{ip: 192.168.34.8, host: pr-hdds-1879-pbs75-1821932185, networkLocation: /default-rack, certSerialId: null}, Type:RATIS, Factor:THREE, State:CLOSED]
2019-09-12 04:05:42,469 [826a4c15-f032-4805-8cf4-5e11fe4a99d7@group-F484CCC1AA7A-SegmentedRaftLogWorker] WARN  segmented.SegmentedRaftLogWorker (SegmentedRaftLogWorker.java:getFromFuture(90)) - Timeout 14/~
org.apache.ratis.protocol.TimeoutIOException: Timeout 10s: WriteLog:17: (t:1, i:17), STATEMACHINELOGENTRY, client-EFFAA1C83E3D, cid=30-writeStateMachineData
	at org.apache.ratis.util.IOUtils.getFromFuture(IOUtils.java:87)
	at org.apache.ratis.server.raftlog.segmented.SegmentedRaftLogWorker$StateMachineDataPolicy.getFromFuture(SegmentedRaftLogWorker.java:87)
	at org.apache.ratis.server.raftlog.segmented.SegmentedRaftLogWorker$WriteLog.execute(SegmentedRaftLogWorker.java:477)
	at org.apache.ratis.server.raftlog.segmented.SegmentedRaftLogWorker.run(SegmentedRaftLogWorker.java:289)
	at java.lang.Thread.run(Thread.java:748)
Caused by: java.util.concurrent.TimeoutException
	at java.util.concurrent.CompletableFuture.timedGet(CompletableFuture.java:1771)
	at java.util.concurrent.CompletableFuture.get(CompletableFuture.java:1915)
	at org.apache.ratis.util.IOUtils.getFromFuture(IOUtils.java:79)
	... 4 more
2019-09-12 04:05:42,826 [fc0aded7-5090-49ad-a6b0-e16cfe155c18@group-F484CCC1AA7A-SegmentedRaftLogWorker] WARN  segmented.SegmentedRaftLogWorker (SegmentedRaftLogWorker.java:getFromFuture(90)) - Timeout 14/~
org.apache.ratis.protocol.TimeoutIOException: Timeout 10s: WriteLog:18: (t:1, i:18), STATEMACHINELOGENTRY, client-EFFAA1C83E3D, cid=31-writeStateMachineData
	at org.apache.ratis.util.IOUtils.getFromFuture(IOUtils.java:87)
	at org.apache.ratis.server.raftlog.segmented.SegmentedRaftLogWorker$StateMachineDataPolicy.getFromFuture(SegmentedRaftLogWorker.java:87)
	at org.apache.ratis.server.raftlog.segmented.SegmentedRaftLogWorker$WriteLog.execute(SegmentedRaftLogWorker.java:477)
	at org.apache.ratis.server.raftlog.segmented.SegmentedRaftLogWorker.run(SegmentedRaftLogWorker.java:289)
	at java.lang.Thread.run(Thread.java:748)
Caused by: java.util.concurrent.TimeoutException
	at java.util.concurrent.CompletableFuture.timedGet(CompletableFuture.java:1771)
	at java.util.concurrent.CompletableFuture.get(CompletableFuture.java:1915)
	at org.apache.ratis.util.IOUtils.getFromFuture(IOUtils.java:79)
	... 4 more
2019-09-12 04:05:42,827 [cfbaf9ff-a5d2-4350-abbf-bcb1aefbe8d3@group-F484CCC1AA7A-SegmentedRaftLogWorker] WARN  segmented.SegmentedRaftLogWorker (SegmentedRaftLogWorker.java:getFromFuture(90)) - Timeout 14/~
org.apache.ratis.protocol.TimeoutIOException: Timeout 10s: WriteLog:18: (t:1, i:18), STATEMACHINELOGENTRY, client-EFFAA1C83E3D, cid=31-writeStateMachineData
	at org.apache.ratis.util.IOUtils.getFromFuture(IOUtils.java:87)
	at org.apache.ratis.server.raftlog.segmented.SegmentedRaftLogWorker$StateMachineDataPolicy.getFromFuture(SegmentedRaftLogWorker.java:87)
	at org.apache.ratis.server.raftlog.segmented.SegmentedRaftLogWorker$WriteLog.execute(SegmentedRaftLogWorker.java:477)
	at org.apache.ratis.server.raftlog.segmented.SegmentedRaftLogWorker.run(SegmentedRaftLogWorker.java:289)
	at java.lang.Thread.run(Thread.java:748)
Caused by: java.util.concurrent.TimeoutException
	at java.util.concurrent.CompletableFuture.timedGet(CompletableFuture.java:1771)
	at java.util.concurrent.CompletableFuture.get(CompletableFuture.java:1915)
	at org.apache.ratis.util.IOUtils.getFromFuture(IOUtils.java:79)
	... 4 more
2019-09-12 04:05:43,330 [org.apache.ratis.server.impl.LogAppender$AppenderDaemon$$Lambda$490/586156626@3219098e] ERROR ratis.XceiverServerRatis (XceiverServerRatis.java:triggerPipelineClose(568)) - pipeline Action CLOSE  on pipeline PipelineID=743e7b28-aad9-4826-95d5-f484ccc1aa7a.Reason : cfbaf9ff-a5d2-4350-abbf-bcb1aefbe8d3 has not seen follower/s 826a4c15-f032-4805-8cf4-5e11fe4a99d7 for 151020ms fc0aded7-5090-49ad-a6b0-e16cfe155c18 for 151020ms
2019-09-12 04:05:43,330 [org.apache.ratis.server.impl.LogAppender$AppenderDaemon$$Lambda$490/586156626@38368505] ERROR ratis.XceiverServerRatis (XceiverServerRatis.java:triggerPipelineClose(568)) - pipeline Action CLOSE  on pipeline PipelineID=743e7b28-aad9-4826-95d5-f484ccc1aa7a.Reason : cfbaf9ff-a5d2-4350-abbf-bcb1aefbe8d3 has not seen follower/s 826a4c15-f032-4805-8cf4-5e11fe4a99d7 for 151020ms fc0aded7-5090-49ad-a6b0-e16cfe155c18 for 151021ms
2019-09-12 04:05:43,824 [EventQueue-PipelineActionsForPipelineActionHandler] ERROR pipeline.PipelineActionHandler (PipelineActionHandler.java:onMessage(60)) - Received pipeline action CLOSE for Pipeline[ Id: 743e7b28-aad9-4826-95d5-f484ccc1aa7a, Nodes: 826a4c15-f032-4805-8cf4-5e11fe4a99d7{ip: 192.168.34.8, host: pr-hdds-1879-pbs75-1821932185, networkLocation: /default-rack, certSerialId: null}fc0aded7-5090-49ad-a6b0-e16cfe155c18{ip: 192.168.34.8, host: pr-hdds-1879-pbs75-1821932185, networkLocation: /default-rack, certSerialId: null}cfbaf9ff-a5d2-4350-abbf-bcb1aefbe8d3{ip: 192.168.34.8, host: pr-hdds-1879-pbs75-1821932185, networkLocation: /default-rack, certSerialId: null}, Type:RATIS, Factor:THREE, State:CLOSED] from datanode cfbaf9ff-a5d2-4350-abbf-bcb1aefbe8d3{ip: 192.168.34.8, host: pr-hdds-1879-pbs75-1821932185, networkLocation: /default-rack, certSerialId: null}. Reason : cfbaf9ff-a5d2-4350-abbf-bcb1aefbe8d3 has not seen follower/s 826a4c15-f032-4805-8cf4-5e11fe4a99d7 for 151020ms fc0aded7-5090-49ad-a6b0-e16cfe155c18 for 151020ms
2019-09-12 04:05:43,824 [EventQueue-PipelineActionsForPipelineActionHandler] INFO  pipeline.SCMPipelineManager (SCMPipelineManager.java:finalizeAndDestroyPipeline(311)) - destroying pipeline:Pipeline[ Id: 743e7b28-aad9-4826-95d5-f484ccc1aa7a, Nodes: 826a4c15-f032-4805-8cf4-5e11fe4a99d7{ip: 192.168.34.8, host: pr-hdds-1879-pbs75-1821932185, networkLocation: /default-rack, certSerialId: null}fc0aded7-5090-49ad-a6b0-e16cfe155c18{ip: 192.168.34.8, host: pr-hdds-1879-pbs75-1821932185, networkLocation: /default-rack, certSerialId: null}cfbaf9ff-a5d2-4350-abbf-bcb1aefbe8d3{ip: 192.168.34.8, host: pr-hdds-1879-pbs75-1821932185, networkLocation: /default-rack, certSerialId: null}, Type:RATIS, Factor:THREE, State:CLOSED]
2019-09-12 04:05:43,829 [java.util.concurrent.ThreadPoolExecutor$Worker@4b834a8d[State = -1, empty queue]] WARN  server.GrpcLogAppender (GrpcLogAppender.java:timeoutAppendRequest(200)) - cfbaf9ff-a5d2-4350-abbf-bcb1aefbe8d3@group-F484CCC1AA7A->fc0aded7-5090-49ad-a6b0-e16cfe155c18-GrpcLogAppender: appendEntries Timeout, request=cfbaf9ff-a5d2-4350-abbf-bcb1aefbe8d3->fc0aded7-5090-49ad-a6b0-e16cfe155c18#157-t1, previous=(t:1, i:23), leaderCommit=16, initializing? false, entries: <empty>
2019-09-12 04:05:43,829 [java.util.concurrent.ThreadPoolExecutor$Worker@76a00050[State = -1, empty queue]] WARN  server.GrpcLogAppender (GrpcLogAppender.java:timeoutAppendRequest(200)) - cfbaf9ff-a5d2-4350-abbf-bcb1aefbe8d3@group-F484CCC1AA7A->826a4c15-f032-4805-8cf4-5e11fe4a99d7-GrpcLogAppender: appendEntries Timeout, request=cfbaf9ff-a5d2-4350-abbf-bcb1aefbe8d3->826a4c15-f032-4805-8cf4-5e11fe4a99d7#157-t1, previous=(t:1, i:23), leaderCommit=16, initializing? false, entries: <empty>
2019-09-12 04:05:44,033 [grpc-default-executor-8] INFO  client.GrpcClientProtocolClient (GrpcClientProtocolClient.java:onNext(264)) - client-EFFAA1C83E3D->826a4c15-f032-4805-8cf4-5e11fe4a99d7: receive RaftClientReply:client-EFFAA1C83E3D->826a4c15-f032-4805-8cf4-5e11fe4a99d7@group-F484CCC1AA7A, cid=30, FAILED org.apache.ratis.protocol.NotLeaderException: Server 826a4c15-f032-4805-8cf4-5e11fe4a99d7@group-F484CCC1AA7A is not the leader cfbaf9ff-a5d2-4350-abbf-bcb1aefbe8d3:192.168.34.8:40308, logIndex=0, commits[826a4c15-f032-4805-8cf4-5e11fe4a99d7:c16, cfbaf9ff-a5d2-4350-abbf-bcb1aefbe8d3:c16, fc0aded7-5090-49ad-a6b0-e16cfe155c18:c14]
2019-09-12 04:05:45,831 [org.apache.ratis.server.impl.LogAppender$AppenderDaemon$$Lambda$490/586156626@38368505] ERROR ratis.XceiverServerRatis (XceiverServerRatis.java:triggerPipelineClose(568)) - pipeline Action CLOSE  on pipeline PipelineID=743e7b28-aad9-4826-95d5-f484ccc1aa7a.Reason : cfbaf9ff-a5d2-4350-abbf-bcb1aefbe8d3 has not seen follower/s 826a4c15-f032-4805-8cf4-5e11fe4a99d7 for 153521ms fc0aded7-5090-49ad-a6b0-e16cfe155c18 for 153521ms
2019-09-12 04:05:45,831 [org.apache.ratis.server.impl.LogAppender$AppenderDaemon$$Lambda$490/586156626@3219098e] ERROR ratis.XceiverServerRatis (XceiverServerRatis.java:triggerPipelineClose(568)) - pipeline Action CLOSE  on pipeline PipelineID=743e7b28-aad9-4826-95d5-f484ccc1aa7a.Reason : cfbaf9ff-a5d2-4350-abbf-bcb1aefbe8d3 has not seen follower/s 826a4c15-f032-4805-8cf4-5e11fe4a99d7 for 153521ms fc0aded7-5090-49ad-a6b0-e16cfe155c18 for 153521ms
2019-09-12 04:05:46,330 [java.util.concurrent.ThreadPoolExecutor$Worker@76a00050[State = -1, empty queue]] WARN  server.GrpcLogAppender (GrpcLogAppender.java:timeoutAppendRequest(200)) - cfbaf9ff-a5d2-4350-abbf-bcb1aefbe8d3@group-F484CCC1AA7A->826a4c15-f032-4805-8cf4-5e11fe4a99d7-GrpcLogAppender: appendEntries Timeout, request=cfbaf9ff-a5d2-4350-abbf-bcb1aefbe8d3->826a4c15-f032-4805-8cf4-5e11fe4a99d7#158-t1, previous=(t:1, i:23), leaderCommit=16, initializing? false, entries: <empty>
2019-09-12 04:05:46,330 [java.util.concurrent.ThreadPoolExecutor$Worker@4b834a8d[State = -1, empty queue]] WARN  server.GrpcLogAppender (GrpcLogAppender.java:timeoutAppendRequest(200)) - cfbaf9ff-a5d2-4350-abbf-bcb1aefbe8d3@group-F484CCC1AA7A->fc0aded7-5090-49ad-a6b0-e16cfe155c18-GrpcLogAppender: appendEntries Timeout, request=cfbaf9ff-a5d2-4350-abbf-bcb1aefbe8d3->fc0aded7-5090-49ad-a6b0-e16cfe155c18#158-t1, previous=(t:1, i:23), leaderCommit=16, initializing? false, entries: <empty>
2019-09-12 04:05:46,826 [EventQueue-PipelineActionsForPipelineActionHandler] ERROR pipeline.PipelineActionHandler (PipelineActionHandler.java:onMessage(60)) - Received pipeline action CLOSE for Pipeline[ Id: 743e7b28-aad9-4826-95d5-f484ccc1aa7a, Nodes: 826a4c15-f032-4805-8cf4-5e11fe4a99d7{ip: 192.168.34.8, host: pr-hdds-1879-pbs75-1821932185, networkLocation: /default-rack, certSerialId: null}fc0aded7-5090-49ad-a6b0-e16cfe155c18{ip: 192.168.34.8, host: pr-hdds-1879-pbs75-1821932185, networkLocation: /default-rack, certSerialId: null}cfbaf9ff-a5d2-4350-abbf-bcb1aefbe8d3{ip: 192.168.34.8, host: pr-hdds-1879-pbs75-1821932185, networkLocation: /default-rack, certSerialId: null}, Type:RATIS, Factor:THREE, State:CLOSED] from datanode cfbaf9ff-a5d2-4350-abbf-bcb1aefbe8d3{ip: 192.168.34.8, host: pr-hdds-1879-pbs75-1821932185, networkLocation: /default-rack, certSerialId: null}. Reason : cfbaf9ff-a5d2-4350-abbf-bcb1aefbe8d3 has not seen follower/s 826a4c15-f032-4805-8cf4-5e11fe4a99d7 for 153521ms fc0aded7-5090-49ad-a6b0-e16cfe155c18 for 153521ms
2019-09-12 04:05:46,827 [EventQueue-PipelineActionsForPipelineActionHandler] INFO  pipeline.SCMPipelineManager (SCMPipelineManager.java:finalizeAndDestroyPipeline(311)) - destroying pipeline:Pipeline[ Id: 743e7b28-aad9-4826-95d5-f484ccc1aa7a, Nodes: 826a4c15-f032-4805-8cf4-5e11fe4a99d7{ip: 192.168.34.8, host: pr-hdds-1879-pbs75-1821932185, networkLocation: /default-rack, certSerialId: null}fc0aded7-5090-49ad-a6b0-e16cfe155c18{ip: 192.168.34.8, host: pr-hdds-1879-pbs75-1821932185, networkLocation: /default-rack, certSerialId: null}cfbaf9ff-a5d2-4350-abbf-bcb1aefbe8d3{ip: 192.168.34.8, host: pr-hdds-1879-pbs75-1821932185, networkLocation: /default-rack, certSerialId: null}, Type:RATIS, Factor:THREE, State:CLOSED]
2019-09-12 04:05:48,332 [org.apache.ratis.server.impl.LogAppender$AppenderDaemon$$Lambda$490/586156626@3219098e] ERROR ratis.XceiverServerRatis (XceiverServerRatis.java:triggerPipelineClose(568)) - pipeline Action CLOSE  on pipeline PipelineID=743e7b28-aad9-4826-95d5-f484ccc1aa7a.Reason : cfbaf9ff-a5d2-4350-abbf-bcb1aefbe8d3 has not seen follower/s 826a4c15-f032-4805-8cf4-5e11fe4a99d7 for 156022ms fc0aded7-5090-49ad-a6b0-e16cfe155c18 for 156022ms
2019-09-12 04:05:48,332 [org.apache.ratis.server.impl.LogAppender$AppenderDaemon$$Lambda$490/586156626@38368505] ERROR ratis.XceiverServerRatis (XceiverServerRatis.java:triggerPipelineClose(568)) - pipeline Action CLOSE  on pipeline PipelineID=743e7b28-aad9-4826-95d5-f484ccc1aa7a.Reason : cfbaf9ff-a5d2-4350-abbf-bcb1aefbe8d3 has not seen follower/s 826a4c15-f032-4805-8cf4-5e11fe4a99d7 for 156022ms fc0aded7-5090-49ad-a6b0-e16cfe155c18 for 156022ms
2019-09-12 04:05:48,826 [EventQueue-PipelineActionsForPipelineActionHandler] ERROR pipeline.PipelineActionHandler (PipelineActionHandler.java:onMessage(60)) - Received pipeline action CLOSE for Pipeline[ Id: 743e7b28-aad9-4826-95d5-f484ccc1aa7a, Nodes: 826a4c15-f032-4805-8cf4-5e11fe4a99d7{ip: 192.168.34.8, host: pr-hdds-1879-pbs75-1821932185, networkLocation: /default-rack, certSerialId: null}fc0aded7-5090-49ad-a6b0-e16cfe155c18{ip: 192.168.34.8, host: pr-hdds-1879-pbs75-1821932185, networkLocation: /default-rack, certSerialId: null}cfbaf9ff-a5d2-4350-abbf-bcb1aefbe8d3{ip: 192.168.34.8, host: pr-hdds-1879-pbs75-1821932185, networkLocation: /default-rack, certSerialId: null}, Type:RATIS, Factor:THREE, State:CLOSED] from datanode cfbaf9ff-a5d2-4350-abbf-bcb1aefbe8d3{ip: 192.168.34.8, host: pr-hdds-1879-pbs75-1821932185, networkLocation: /default-rack, certSerialId: null}. Reason : cfbaf9ff-a5d2-4350-abbf-bcb1aefbe8d3 has not seen follower/s 826a4c15-f032-4805-8cf4-5e11fe4a99d7 for 156022ms fc0aded7-5090-49ad-a6b0-e16cfe155c18 for 156022ms
2019-09-12 04:05:48,826 [EventQueue-PipelineActionsForPipelineActionHandler] INFO  pipeline.SCMPipelineManager (SCMPipelineManager.java:finalizeAndDestroyPipeline(311)) - destroying pipeline:Pipeline[ Id: 743e7b28-aad9-4826-95d5-f484ccc1aa7a, Nodes: 826a4c15-f032-4805-8cf4-5e11fe4a99d7{ip: 192.168.34.8, host: pr-hdds-1879-pbs75-1821932185, networkLocation: /default-rack, certSerialId: null}fc0aded7-5090-49ad-a6b0-e16cfe155c18{ip: 192.168.34.8, host: pr-hdds-1879-pbs75-1821932185, networkLocation: /default-rack, certSerialId: null}cfbaf9ff-a5d2-4350-abbf-bcb1aefbe8d3{ip: 192.168.34.8, host: pr-hdds-1879-pbs75-1821932185, networkLocation: /default-rack, certSerialId: null}, Type:RATIS, Factor:THREE, State:CLOSED]
2019-09-12 04:05:48,831 [java.util.concurrent.ThreadPoolExecutor$Worker@4b834a8d[State = -1, empty queue]] WARN  server.GrpcLogAppender (GrpcLogAppender.java:timeoutAppendRequest(200)) - cfbaf9ff-a5d2-4350-abbf-bcb1aefbe8d3@group-F484CCC1AA7A->fc0aded7-5090-49ad-a6b0-e16cfe155c18-GrpcLogAppender: appendEntries Timeout, request=cfbaf9ff-a5d2-4350-abbf-bcb1aefbe8d3->fc0aded7-5090-49ad-a6b0-e16cfe155c18#159-t1, previous=(t:1, i:23), leaderCommit=16, initializing? false, entries: <empty>
2019-09-12 04:05:48,831 [java.util.concurrent.ThreadPoolExecutor$Worker@76a00050[State = -1, empty queue]] WARN  server.GrpcLogAppender (GrpcLogAppender.java:timeoutAppendRequest(200)) - cfbaf9ff-a5d2-4350-abbf-bcb1aefbe8d3@group-F484CCC1AA7A->826a4c15-f032-4805-8cf4-5e11fe4a99d7-GrpcLogAppender: appendEntries Timeout, request=cfbaf9ff-a5d2-4350-abbf-bcb1aefbe8d3->826a4c15-f032-4805-8cf4-5e11fe4a99d7#159-t1, previous=(t:1, i:23), leaderCommit=16, initializing? false, entries: <empty>
2019-09-12 04:05:49,099 [grpc-default-executor-8] INFO  client.GrpcClientProtocolClient (GrpcClientProtocolClient.java:onNext(264)) - client-EFFAA1C83E3D->826a4c15-f032-4805-8cf4-5e11fe4a99d7: receive RaftClientReply:client-EFFAA1C83E3D->826a4c15-f032-4805-8cf4-5e11fe4a99d7@group-F484CCC1AA7A, cid=30, FAILED org.apache.ratis.protocol.NotLeaderException: Server 826a4c15-f032-4805-8cf4-5e11fe4a99d7@group-F484CCC1AA7A is not the leader cfbaf9ff-a5d2-4350-abbf-bcb1aefbe8d3:192.168.34.8:40308, logIndex=0, commits[826a4c15-f032-4805-8cf4-5e11fe4a99d7:c16, cfbaf9ff-a5d2-4350-abbf-bcb1aefbe8d3:c16, fc0aded7-5090-49ad-a6b0-e16cfe155c18:c14]
2019-09-12 04:05:50,833 [org.apache.ratis.server.impl.LogAppender$AppenderDaemon$$Lambda$490/586156626@38368505] ERROR ratis.XceiverServerRatis (XceiverServerRatis.java:triggerPipelineClose(568)) - pipeline Action CLOSE  on pipeline PipelineID=743e7b28-aad9-4826-95d5-f484ccc1aa7a.Reason : cfbaf9ff-a5d2-4350-abbf-bcb1aefbe8d3 has not seen follower/s 826a4c15-f032-4805-8cf4-5e11fe4a99d7 for 158523ms fc0aded7-5090-49ad-a6b0-e16cfe155c18 for 158523ms
2019-09-12 04:05:50,833 [org.apache.ratis.server.impl.LogAppender$AppenderDaemon$$Lambda$490/586156626@3219098e] ERROR ratis.XceiverServerRatis (XceiverServerRatis.java:triggerPipelineClose(568)) - pipeline Action CLOSE  on pipeline PipelineID=743e7b28-aad9-4826-95d5-f484ccc1aa7a.Reason : cfbaf9ff-a5d2-4350-abbf-bcb1aefbe8d3 has not seen follower/s 826a4c15-f032-4805-8cf4-5e11fe4a99d7 for 158523ms fc0aded7-5090-49ad-a6b0-e16cfe155c18 for 158523ms
2019-09-12 04:05:51,332 [java.util.concurrent.ThreadPoolExecutor$Worker@76a00050[State = -1, empty queue]] WARN  server.GrpcLogAppender (GrpcLogAppender.java:timeoutAppendRequest(200)) - cfbaf9ff-a5d2-4350-abbf-bcb1aefbe8d3@group-F484CCC1AA7A->826a4c15-f032-4805-8cf4-5e11fe4a99d7-GrpcLogAppender: appendEntries Timeout, request=cfbaf9ff-a5d2-4350-abbf-bcb1aefbe8d3->826a4c15-f032-4805-8cf4-5e11fe4a99d7#160-t1, previous=(t:1, i:23), leaderCommit=16, initializing? false, entries: <empty>
2019-09-12 04:05:51,332 [java.util.concurrent.ThreadPoolExecutor$Worker@4b834a8d[State = -1, empty queue]] WARN  server.GrpcLogAppender (GrpcLogAppender.java:timeoutAppendRequest(200)) - cfbaf9ff-a5d2-4350-abbf-bcb1aefbe8d3@group-F484CCC1AA7A->fc0aded7-5090-49ad-a6b0-e16cfe155c18-GrpcLogAppender: appendEntries Timeout, request=cfbaf9ff-a5d2-4350-abbf-bcb1aefbe8d3->fc0aded7-5090-49ad-a6b0-e16cfe155c18#160-t1, previous=(t:1, i:23), leaderCommit=16, initializing? false, entries: <empty>
2019-09-12 04:05:51,826 [EventQueue-PipelineActionsForPipelineActionHandler] ERROR pipeline.PipelineActionHandler (PipelineActionHandler.java:onMessage(60)) - Received pipeline action CLOSE for Pipeline[ Id: 743e7b28-aad9-4826-95d5-f484ccc1aa7a, Nodes: 826a4c15-f032-4805-8cf4-5e11fe4a99d7{ip: 192.168.34.8, host: pr-hdds-1879-pbs75-1821932185, networkLocation: /default-rack, certSerialId: null}fc0aded7-5090-49ad-a6b0-e16cfe155c18{ip: 192.168.34.8, host: pr-hdds-1879-pbs75-1821932185, networkLocation: /default-rack, certSerialId: null}cfbaf9ff-a5d2-4350-abbf-bcb1aefbe8d3{ip: 192.168.34.8, host: pr-hdds-1879-pbs75-1821932185, networkLocation: /default-rack, certSerialId: null}, Type:RATIS, Factor:THREE, State:CLOSED] from datanode cfbaf9ff-a5d2-4350-abbf-bcb1aefbe8d3{ip: 192.168.34.8, host: pr-hdds-1879-pbs75-1821932185, networkLocation: /default-rack, certSerialId: null}. Reason : cfbaf9ff-a5d2-4350-abbf-bcb1aefbe8d3 has not seen follower/s 826a4c15-f032-4805-8cf4-5e11fe4a99d7 for 158523ms fc0aded7-5090-49ad-a6b0-e16cfe155c18 for 158523ms
2019-09-12 04:05:51,826 [EventQueue-PipelineActionsForPipelineActionHandler] INFO  pipeline.SCMPipelineManager (SCMPipelineManager.java:finalizeAndDestroyPipeline(311)) - destroying pipeline:Pipeline[ Id: 743e7b28-aad9-4826-95d5-f484ccc1aa7a, Nodes: 826a4c15-f032-4805-8cf4-5e11fe4a99d7{ip: 192.168.34.8, host: pr-hdds-1879-pbs75-1821932185, networkLocation: /default-rack, certSerialId: null}fc0aded7-5090-49ad-a6b0-e16cfe155c18{ip: 192.168.34.8, host: pr-hdds-1879-pbs75-1821932185, networkLocation: /default-rack, certSerialId: null}cfbaf9ff-a5d2-4350-abbf-bcb1aefbe8d3{ip: 192.168.34.8, host: pr-hdds-1879-pbs75-1821932185, networkLocation: /default-rack, certSerialId: null}, Type:RATIS, Factor:THREE, State:CLOSED]
2019-09-12 04:05:52,471 [826a4c15-f032-4805-8cf4-5e11fe4a99d7@group-F484CCC1AA7A-SegmentedRaftLogWorker] WARN  segmented.SegmentedRaftLogWorker (SegmentedRaftLogWorker.java:getFromFuture(90)) - Timeout 15/~
org.apache.ratis.protocol.TimeoutIOException: Timeout 10s: WriteLog:17: (t:1, i:17), STATEMACHINELOGENTRY, client-EFFAA1C83E3D, cid=30-writeStateMachineData
	at org.apache.ratis.util.IOUtils.getFromFuture(IOUtils.java:87)
	at org.apache.ratis.server.raftlog.segmented.SegmentedRaftLogWorker$StateMachineDataPolicy.getFromFuture(SegmentedRaftLogWorker.java:87)
	at org.apache.ratis.server.raftlog.segmented.SegmentedRaftLogWorker$WriteLog.execute(SegmentedRaftLogWorker.java:477)
	at org.apache.ratis.server.raftlog.segmented.SegmentedRaftLogWorker.run(SegmentedRaftLogWorker.java:289)
	at java.lang.Thread.run(Thread.java:748)
Caused by: java.util.concurrent.TimeoutException
	at java.util.concurrent.CompletableFuture.timedGet(CompletableFuture.java:1771)
	at java.util.concurrent.CompletableFuture.get(CompletableFuture.java:1915)
	at org.apache.ratis.util.IOUtils.getFromFuture(IOUtils.java:79)
	... 4 more
2019-09-12 04:05:52,827 [fc0aded7-5090-49ad-a6b0-e16cfe155c18@group-F484CCC1AA7A-SegmentedRaftLogWorker] WARN  segmented.SegmentedRaftLogWorker (SegmentedRaftLogWorker.java:getFromFuture(90)) - Timeout 15/~
org.apache.ratis.protocol.TimeoutIOException: Timeout 10s: WriteLog:18: (t:1, i:18), STATEMACHINELOGENTRY, client-EFFAA1C83E3D, cid=31-writeStateMachineData
	at org.apache.ratis.util.IOUtils.getFromFuture(IOUtils.java:87)
	at org.apache.ratis.server.raftlog.segmented.SegmentedRaftLogWorker$StateMachineDataPolicy.getFromFuture(SegmentedRaftLogWorker.java:87)
	at org.apache.ratis.server.raftlog.segmented.SegmentedRaftLogWorker$WriteLog.execute(SegmentedRaftLogWorker.java:477)
	at org.apache.ratis.server.raftlog.segmented.SegmentedRaftLogWorker.run(SegmentedRaftLogWorker.java:289)
	at java.lang.Thread.run(Thread.java:748)
Caused by: java.util.concurrent.TimeoutException
	at java.util.concurrent.CompletableFuture.timedGet(CompletableFuture.java:1771)
	at java.util.concurrent.CompletableFuture.get(CompletableFuture.java:1915)
	at org.apache.ratis.util.IOUtils.getFromFuture(IOUtils.java:79)
	... 4 more
2019-09-12 04:05:52,828 [cfbaf9ff-a5d2-4350-abbf-bcb1aefbe8d3@group-F484CCC1AA7A-SegmentedRaftLogWorker] WARN  segmented.SegmentedRaftLogWorker (SegmentedRaftLogWorker.java:getFromFuture(90)) - Timeout 15/~
org.apache.ratis.protocol.TimeoutIOException: Timeout 10s: WriteLog:18: (t:1, i:18), STATEMACHINELOGENTRY, client-EFFAA1C83E3D, cid=31-writeStateMachineData
	at org.apache.ratis.util.IOUtils.getFromFuture(IOUtils.java:87)
	at org.apache.ratis.server.raftlog.segmented.SegmentedRaftLogWorker$StateMachineDataPolicy.getFromFuture(SegmentedRaftLogWorker.java:87)
	at org.apache.ratis.server.raftlog.segmented.SegmentedRaftLogWorker$WriteLog.execute(SegmentedRaftLogWorker.java:477)
	at org.apache.ratis.server.raftlog.segmented.SegmentedRaftLogWorker.run(SegmentedRaftLogWorker.java:289)
	at java.lang.Thread.run(Thread.java:748)
Caused by: java.util.concurrent.TimeoutException
	at java.util.concurrent.CompletableFuture.timedGet(CompletableFuture.java:1771)
	at java.util.concurrent.CompletableFuture.get(CompletableFuture.java:1915)
	at org.apache.ratis.util.IOUtils.getFromFuture(IOUtils.java:79)
	... 4 more
2019-09-12 04:05:53,334 [org.apache.ratis.server.impl.LogAppender$AppenderDaemon$$Lambda$490/586156626@38368505] ERROR ratis.XceiverServerRatis (XceiverServerRatis.java:triggerPipelineClose(568)) - pipeline Action CLOSE  on pipeline PipelineID=743e7b28-aad9-4826-95d5-f484ccc1aa7a.Reason : cfbaf9ff-a5d2-4350-abbf-bcb1aefbe8d3 has not seen follower/s 826a4c15-f032-4805-8cf4-5e11fe4a99d7 for 161024ms fc0aded7-5090-49ad-a6b0-e16cfe155c18 for 161025ms
2019-09-12 04:05:53,334 [org.apache.ratis.server.impl.LogAppender$AppenderDaemon$$Lambda$490/586156626@3219098e] ERROR ratis.XceiverServerRatis (XceiverServerRatis.java:triggerPipelineClose(568)) - pipeline Action CLOSE  on pipeline PipelineID=743e7b28-aad9-4826-95d5-f484ccc1aa7a.Reason : cfbaf9ff-a5d2-4350-abbf-bcb1aefbe8d3 has not seen follower/s 826a4c15-f032-4805-8cf4-5e11fe4a99d7 for 161024ms fc0aded7-5090-49ad-a6b0-e16cfe155c18 for 161025ms
2019-09-12 04:05:53,825 [EventQueue-PipelineActionsForPipelineActionHandler] ERROR pipeline.PipelineActionHandler (PipelineActionHandler.java:onMessage(60)) - Received pipeline action CLOSE for Pipeline[ Id: 743e7b28-aad9-4826-95d5-f484ccc1aa7a, Nodes: 826a4c15-f032-4805-8cf4-5e11fe4a99d7{ip: 192.168.34.8, host: pr-hdds-1879-pbs75-1821932185, networkLocation: /default-rack, certSerialId: null}fc0aded7-5090-49ad-a6b0-e16cfe155c18{ip: 192.168.34.8, host: pr-hdds-1879-pbs75-1821932185, networkLocation: /default-rack, certSerialId: null}cfbaf9ff-a5d2-4350-abbf-bcb1aefbe8d3{ip: 192.168.34.8, host: pr-hdds-1879-pbs75-1821932185, networkLocation: /default-rack, certSerialId: null}, Type:RATIS, Factor:THREE, State:CLOSED] from datanode cfbaf9ff-a5d2-4350-abbf-bcb1aefbe8d3{ip: 192.168.34.8, host: pr-hdds-1879-pbs75-1821932185, networkLocation: /default-rack, certSerialId: null}. Reason : cfbaf9ff-a5d2-4350-abbf-bcb1aefbe8d3 has not seen follower/s 826a4c15-f032-4805-8cf4-5e11fe4a99d7 for 161024ms fc0aded7-5090-49ad-a6b0-e16cfe155c18 for 161025ms
2019-09-12 04:05:53,826 [EventQueue-PipelineActionsForPipelineActionHandler] INFO  pipeline.SCMPipelineManager (SCMPipelineManager.java:finalizeAndDestroyPipeline(311)) - destroying pipeline:Pipeline[ Id: 743e7b28-aad9-4826-95d5-f484ccc1aa7a, Nodes: 826a4c15-f032-4805-8cf4-5e11fe4a99d7{ip: 192.168.34.8, host: pr-hdds-1879-pbs75-1821932185, networkLocation: /default-rack, certSerialId: null}fc0aded7-5090-49ad-a6b0-e16cfe155c18{ip: 192.168.34.8, host: pr-hdds-1879-pbs75-1821932185, networkLocation: /default-rack, certSerialId: null}cfbaf9ff-a5d2-4350-abbf-bcb1aefbe8d3{ip: 192.168.34.8, host: pr-hdds-1879-pbs75-1821932185, networkLocation: /default-rack, certSerialId: null}, Type:RATIS, Factor:THREE, State:CLOSED]
2019-09-12 04:05:53,833 [java.util.concurrent.ThreadPoolExecutor$Worker@76a00050[State = -1, empty queue]] WARN  server.GrpcLogAppender (GrpcLogAppender.java:timeoutAppendRequest(200)) - cfbaf9ff-a5d2-4350-abbf-bcb1aefbe8d3@group-F484CCC1AA7A->826a4c15-f032-4805-8cf4-5e11fe4a99d7-GrpcLogAppender: appendEntries Timeout, request=cfbaf9ff-a5d2-4350-abbf-bcb1aefbe8d3->826a4c15-f032-4805-8cf4-5e11fe4a99d7#161-t1, previous=(t:1, i:23), leaderCommit=16, initializing? false, entries: <empty>
2019-09-12 04:05:53,833 [java.util.concurrent.ThreadPoolExecutor$Worker@4b834a8d[State = -1, empty queue]] WARN  server.GrpcLogAppender (GrpcLogAppender.java:timeoutAppendRequest(200)) - cfbaf9ff-a5d2-4350-abbf-bcb1aefbe8d3@group-F484CCC1AA7A->fc0aded7-5090-49ad-a6b0-e16cfe155c18-GrpcLogAppender: appendEntries Timeout, request=cfbaf9ff-a5d2-4350-abbf-bcb1aefbe8d3->fc0aded7-5090-49ad-a6b0-e16cfe155c18#161-t1, previous=(t:1, i:23), leaderCommit=16, initializing? false, entries: <empty>
2019-09-12 04:05:54,144 [grpc-default-executor-8] INFO  client.GrpcClientProtocolClient (GrpcClientProtocolClient.java:onNext(264)) - client-EFFAA1C83E3D->fc0aded7-5090-49ad-a6b0-e16cfe155c18: receive RaftClientReply:client-EFFAA1C83E3D->fc0aded7-5090-49ad-a6b0-e16cfe155c18@group-F484CCC1AA7A, cid=30, FAILED org.apache.ratis.protocol.NotLeaderException: Server fc0aded7-5090-49ad-a6b0-e16cfe155c18@group-F484CCC1AA7A is not the leader cfbaf9ff-a5d2-4350-abbf-bcb1aefbe8d3:192.168.34.8:40308, logIndex=0, commits[fc0aded7-5090-49ad-a6b0-e16cfe155c18:c16, 826a4c15-f032-4805-8cf4-5e11fe4a99d7:c14, cfbaf9ff-a5d2-4350-abbf-bcb1aefbe8d3:c16]
2019-09-12 04:05:55,835 [org.apache.ratis.server.impl.LogAppender$AppenderDaemon$$Lambda$490/586156626@3219098e] ERROR ratis.XceiverServerRatis (XceiverServerRatis.java:triggerPipelineClose(568)) - pipeline Action CLOSE  on pipeline PipelineID=743e7b28-aad9-4826-95d5-f484ccc1aa7a.Reason : cfbaf9ff-a5d2-4350-abbf-bcb1aefbe8d3 has not seen follower/s 826a4c15-f032-4805-8cf4-5e11fe4a99d7 for 163525ms fc0aded7-5090-49ad-a6b0-e16cfe155c18 for 163525ms
2019-09-12 04:05:55,835 [org.apache.ratis.server.impl.LogAppender$AppenderDaemon$$Lambda$490/586156626@38368505] ERROR ratis.XceiverServerRatis (XceiverServerRatis.java:triggerPipelineClose(568)) - pipeline Action CLOSE  on pipeline PipelineID=743e7b28-aad9-4826-95d5-f484ccc1aa7a.Reason : cfbaf9ff-a5d2-4350-abbf-bcb1aefbe8d3 has not seen follower/s 826a4c15-f032-4805-8cf4-5e11fe4a99d7 for 163526ms fc0aded7-5090-49ad-a6b0-e16cfe155c18 for 163526ms
2019-09-12 04:05:56,334 [java.util.concurrent.ThreadPoolExecutor$Worker@76a00050[State = -1, empty queue]] WARN  server.GrpcLogAppender (GrpcLogAppender.java:timeoutAppendRequest(200)) - cfbaf9ff-a5d2-4350-abbf-bcb1aefbe8d3@group-F484CCC1AA7A->826a4c15-f032-4805-8cf4-5e11fe4a99d7-GrpcLogAppender: appendEntries Timeout, request=cfbaf9ff-a5d2-4350-abbf-bcb1aefbe8d3->826a4c15-f032-4805-8cf4-5e11fe4a99d7#162-t1, previous=(t:1, i:23), leaderCommit=16, initializing? false, entries: <empty>
2019-09-12 04:05:56,334 [java.util.concurrent.ThreadPoolExecutor$Worker@4b834a8d[State = -1, empty queue]] WARN  server.GrpcLogAppender (GrpcLogAppender.java:timeoutAppendRequest(200)) - cfbaf9ff-a5d2-4350-abbf-bcb1aefbe8d3@group-F484CCC1AA7A->fc0aded7-5090-49ad-a6b0-e16cfe155c18-GrpcLogAppender: appendEntries Timeout, request=cfbaf9ff-a5d2-4350-abbf-bcb1aefbe8d3->fc0aded7-5090-49ad-a6b0-e16cfe155c18#162-t1, previous=(t:1, i:23), leaderCommit=16, initializing? false, entries: <empty>
2019-09-12 04:05:56,431 [grpc-default-executor-6] INFO  impl.RaftServerProxy (RaftServerProxy.java:addNew(89)) - cfbaf9ff-a5d2-4350-abbf-bcb1aefbe8d3: addNew group-B0BBA3B17B95:[826a4c15-f032-4805-8cf4-5e11fe4a99d7:192.168.34.8:34361, cfbaf9ff-a5d2-4350-abbf-bcb1aefbe8d3:192.168.34.8:40308, fc0aded7-5090-49ad-a6b0-e16cfe155c18:192.168.34.8:41944] returns group-B0BBA3B17B95:java.util.concurrent.CompletableFuture@6c9632e6[Not completed]
2019-09-12 04:05:56,431 [grpc-default-executor-8] INFO  impl.RaftServerProxy (RaftServerProxy.java:addNew(89)) - fc0aded7-5090-49ad-a6b0-e16cfe155c18: addNew group-B0BBA3B17B95:[826a4c15-f032-4805-8cf4-5e11fe4a99d7:192.168.34.8:34361, cfbaf9ff-a5d2-4350-abbf-bcb1aefbe8d3:192.168.34.8:40308, fc0aded7-5090-49ad-a6b0-e16cfe155c18:192.168.34.8:41944] returns group-B0BBA3B17B95:java.util.concurrent.CompletableFuture@3faf588[Not completed]
2019-09-12 04:05:56,431 [grpc-default-executor-7] INFO  impl.RaftServerProxy (RaftServerProxy.java:addNew(89)) - 826a4c15-f032-4805-8cf4-5e11fe4a99d7: addNew group-B0BBA3B17B95:[826a4c15-f032-4805-8cf4-5e11fe4a99d7:192.168.34.8:34361, cfbaf9ff-a5d2-4350-abbf-bcb1aefbe8d3:192.168.34.8:40308, fc0aded7-5090-49ad-a6b0-e16cfe155c18:192.168.34.8:41944] returns group-B0BBA3B17B95:java.util.concurrent.CompletableFuture@445dac07[Not completed]
2019-09-12 04:05:56,434 [pool-27-thread-1] INFO  impl.RaftServerImpl (RaftServerImpl.java:<init>(95)) - fc0aded7-5090-49ad-a6b0-e16cfe155c18: new RaftServerImpl for group-B0BBA3B17B95:[826a4c15-f032-4805-8cf4-5e11fe4a99d7:192.168.34.8:34361, cfbaf9ff-a5d2-4350-abbf-bcb1aefbe8d3:192.168.34.8:40308, fc0aded7-5090-49ad-a6b0-e16cfe155c18:192.168.34.8:41944] with ContainerStateMachine:uninitialized
2019-09-12 04:05:56,434 [pool-27-thread-1] INFO  server.RaftServerConfigKeys (ConfUtils.java:logGet(43)) - raft.server.rpc.timeout.min = 5s (custom)
2019-09-12 04:05:56,434 [pool-27-thread-1] INFO  server.RaftServerConfigKeys (ConfUtils.java:logGet(43)) - raft.server.rpc.timeout.max = 5200ms (custom)
2019-09-12 04:05:56,434 [pool-27-thread-1] INFO  server.RaftServerConfigKeys (ConfUtils.java:logGet(43)) - raft.server.rpcslowness.timeout = 120s (custom)
2019-09-12 04:05:56,435 [pool-27-thread-1] INFO  server.RaftServerConfigKeys (ConfUtils.java:logGet(43)) - raft.server.sleep.deviation.threshold = 300 (default)
2019-09-12 04:05:56,435 [pool-27-thread-1] INFO  server.RaftServerConfigKeys (ConfUtils.java:logGet(43)) - raft.server.log.appender.install.snapshot.enabled = false (custom)
2019-09-12 04:05:56,435 [pool-27-thread-1] INFO  impl.RaftServerImpl (ServerState.java:<init>(103)) - fc0aded7-5090-49ad-a6b0-e16cfe155c18@group-B0BBA3B17B95: ConfigurationManager, init=-1: [826a4c15-f032-4805-8cf4-5e11fe4a99d7:192.168.34.8:34361, cfbaf9ff-a5d2-4350-abbf-bcb1aefbe8d3:192.168.34.8:40308, fc0aded7-5090-49ad-a6b0-e16cfe155c18:192.168.34.8:41944], old=null, confs=<EMPTY_MAP>
2019-09-12 04:05:56,435 [pool-87-thread-1] INFO  impl.RaftServerImpl (RaftServerImpl.java:<init>(95)) - 826a4c15-f032-4805-8cf4-5e11fe4a99d7: new RaftServerImpl for group-B0BBA3B17B95:[826a4c15-f032-4805-8cf4-5e11fe4a99d7:192.168.34.8:34361, cfbaf9ff-a5d2-4350-abbf-bcb1aefbe8d3:192.168.34.8:40308, fc0aded7-5090-49ad-a6b0-e16cfe155c18:192.168.34.8:41944] with ContainerStateMachine:uninitialized
2019-09-12 04:05:56,435 [pool-27-thread-1] INFO  server.RaftServerConfigKeys (ConfUtils.java:logGet(43)) - raft.server.storage.dir = [/workdir/hadoop-ozone/integration-test/target/test-dir/MiniOzoneClusterImpl-b4fa8ffa-56bc-41b5-8fca-04d9ba132278/datanode-0/data/ratis] (custom)
2019-09-12 04:05:56,435 [pool-87-thread-1] INFO  server.RaftServerConfigKeys (ConfUtils.java:logGet(43)) - raft.server.rpc.timeout.min = 5s (custom)
2019-09-12 04:05:56,436 [pool-87-thread-1] INFO  server.RaftServerConfigKeys (ConfUtils.java:logGet(43)) - raft.server.rpc.timeout.max = 5200ms (custom)
2019-09-12 04:05:56,436 [pool-87-thread-1] INFO  server.RaftServerConfigKeys (ConfUtils.java:logGet(43)) - raft.server.rpcslowness.timeout = 120s (custom)
2019-09-12 04:05:56,436 [pool-27-thread-1] INFO  storage.RaftStorageDirectory (RaftStorageDirectory.java:analyzeStorage(246)) - The storage directory /workdir/hadoop-ozone/integration-test/target/test-dir/MiniOzoneClusterImpl-b4fa8ffa-56bc-41b5-8fca-04d9ba132278/datanode-0/data/ratis/2422f1bd-ac0c-49a5-bbb2-b0bba3b17b95 does not exist. Creating ...
2019-09-12 04:05:56,436 [pool-87-thread-1] INFO  server.RaftServerConfigKeys (ConfUtils.java:logGet(43)) - raft.server.sleep.deviation.threshold = 300 (default)
2019-09-12 04:05:56,436 [pool-87-thread-1] INFO  server.RaftServerConfigKeys (ConfUtils.java:logGet(43)) - raft.server.log.appender.install.snapshot.enabled = false (custom)
2019-09-12 04:05:56,436 [pool-87-thread-1] INFO  impl.RaftServerImpl (ServerState.java:<init>(103)) - 826a4c15-f032-4805-8cf4-5e11fe4a99d7@group-B0BBA3B17B95: ConfigurationManager, init=-1: [826a4c15-f032-4805-8cf4-5e11fe4a99d7:192.168.34.8:34361, cfbaf9ff-a5d2-4350-abbf-bcb1aefbe8d3:192.168.34.8:40308, fc0aded7-5090-49ad-a6b0-e16cfe155c18:192.168.34.8:41944], old=null, confs=<EMPTY_MAP>
2019-09-12 04:05:56,437 [pool-87-thread-1] INFO  server.RaftServerConfigKeys (ConfUtils.java:logGet(43)) - raft.server.storage.dir = [/workdir/hadoop-ozone/integration-test/target/test-dir/MiniOzoneClusterImpl-b4fa8ffa-56bc-41b5-8fca-04d9ba132278/datanode-6/data/ratis] (custom)
2019-09-12 04:05:56,437 [pool-37-thread-1] INFO  impl.RaftServerImpl (RaftServerImpl.java:<init>(95)) - cfbaf9ff-a5d2-4350-abbf-bcb1aefbe8d3: new RaftServerImpl for group-B0BBA3B17B95:[826a4c15-f032-4805-8cf4-5e11fe4a99d7:192.168.34.8:34361, cfbaf9ff-a5d2-4350-abbf-bcb1aefbe8d3:192.168.34.8:40308, fc0aded7-5090-49ad-a6b0-e16cfe155c18:192.168.34.8:41944] with ContainerStateMachine:uninitialized
2019-09-12 04:05:56,437 [pool-87-thread-1] INFO  storage.RaftStorageDirectory (RaftStorageDirectory.java:analyzeStorage(246)) - The storage directory /workdir/hadoop-ozone/integration-test/target/test-dir/MiniOzoneClusterImpl-b4fa8ffa-56bc-41b5-8fca-04d9ba132278/datanode-6/data/ratis/2422f1bd-ac0c-49a5-bbb2-b0bba3b17b95 does not exist. Creating ...
2019-09-12 04:05:56,437 [pool-37-thread-1] INFO  server.RaftServerConfigKeys (ConfUtils.java:logGet(43)) - raft.server.rpc.timeout.min = 5s (custom)
2019-09-12 04:05:56,437 [pool-37-thread-1] INFO  server.RaftServerConfigKeys (ConfUtils.java:logGet(43)) - raft.server.rpc.timeout.max = 5200ms (custom)
2019-09-12 04:05:56,438 [pool-37-thread-1] INFO  server.RaftServerConfigKeys (ConfUtils.java:logGet(43)) - raft.server.rpcslowness.timeout = 120s (custom)
2019-09-12 04:05:56,438 [pool-37-thread-1] INFO  server.RaftServerConfigKeys (ConfUtils.java:logGet(43)) - raft.server.sleep.deviation.threshold = 300 (default)
2019-09-12 04:05:56,438 [pool-37-thread-1] INFO  server.RaftServerConfigKeys (ConfUtils.java:logGet(43)) - raft.server.log.appender.install.snapshot.enabled = false (custom)
2019-09-12 04:05:56,438 [pool-37-thread-1] INFO  impl.RaftServerImpl (ServerState.java:<init>(103)) - cfbaf9ff-a5d2-4350-abbf-bcb1aefbe8d3@group-B0BBA3B17B95: ConfigurationManager, init=-1: [826a4c15-f032-4805-8cf4-5e11fe4a99d7:192.168.34.8:34361, cfbaf9ff-a5d2-4350-abbf-bcb1aefbe8d3:192.168.34.8:40308, fc0aded7-5090-49ad-a6b0-e16cfe155c18:192.168.34.8:41944], old=null, confs=<EMPTY_MAP>
2019-09-12 04:05:56,438 [pool-37-thread-1] INFO  server.RaftServerConfigKeys (ConfUtils.java:logGet(43)) - raft.server.storage.dir = [/workdir/hadoop-ozone/integration-test/target/test-dir/MiniOzoneClusterImpl-b4fa8ffa-56bc-41b5-8fca-04d9ba132278/datanode-1/data/ratis] (custom)
2019-09-12 04:05:56,439 [pool-37-thread-1] INFO  storage.RaftStorageDirectory (RaftStorageDirectory.java:analyzeStorage(246)) - The storage directory /workdir/hadoop-ozone/integration-test/target/test-dir/MiniOzoneClusterImpl-b4fa8ffa-56bc-41b5-8fca-04d9ba132278/datanode-1/data/ratis/2422f1bd-ac0c-49a5-bbb2-b0bba3b17b95 does not exist. Creating ...
2019-09-12 04:05:56,558 [pool-27-thread-1] INFO  storage.RaftStorageDirectory (RaftStorageDirectory.java:tryLock(328)) - Lock on /workdir/hadoop-ozone/integration-test/target/test-dir/MiniOzoneClusterImpl-b4fa8ffa-56bc-41b5-8fca-04d9ba132278/datanode-0/data/ratis/2422f1bd-ac0c-49a5-bbb2-b0bba3b17b95/in_use.lock acquired by nodename 11533@pr-hdds-1879-pbs75-1821932185
2019-09-12 04:05:56,653 [pool-87-thread-1] INFO  storage.RaftStorageDirectory (RaftStorageDirectory.java:tryLock(328)) - Lock on /workdir/hadoop-ozone/integration-test/target/test-dir/MiniOzoneClusterImpl-b4fa8ffa-56bc-41b5-8fca-04d9ba132278/datanode-6/data/ratis/2422f1bd-ac0c-49a5-bbb2-b0bba3b17b95/in_use.lock acquired by nodename 11533@pr-hdds-1879-pbs75-1821932185
2019-09-12 04:05:56,653 [pool-37-thread-1] INFO  storage.RaftStorageDirectory (RaftStorageDirectory.java:tryLock(328)) - Lock on /workdir/hadoop-ozone/integration-test/target/test-dir/MiniOzoneClusterImpl-b4fa8ffa-56bc-41b5-8fca-04d9ba132278/datanode-1/data/ratis/2422f1bd-ac0c-49a5-bbb2-b0bba3b17b95/in_use.lock acquired by nodename 11533@pr-hdds-1879-pbs75-1821932185
2019-09-12 04:05:56,721 [pool-27-thread-1] INFO  storage.RaftStorage (RaftStorage.java:format(72)) - Storage directory /workdir/hadoop-ozone/integration-test/target/test-dir/MiniOzoneClusterImpl-b4fa8ffa-56bc-41b5-8fca-04d9ba132278/datanode-0/data/ratis/2422f1bd-ac0c-49a5-bbb2-b0bba3b17b95 has been successfully formatted.
2019-09-12 04:05:56,722 [pool-27-thread-1] INFO  ratis.ContainerStateMachine (ContainerStateMachine.java:loadSnapshot(230)) - group-B0BBA3B17B95: The snapshot info is null. Setting the last applied indexto:(t:0, i:~)
2019-09-12 04:05:56,722 [pool-27-thread-1] INFO  server.RaftServerConfigKeys (ConfUtils.java:logGet(43)) - raft.server.notification.no-leader.timeout = 120s (custom)
2019-09-12 04:05:56,722 [pool-27-thread-1] INFO  server.RaftServerConfigKeys (ConfUtils.java:logGet(43)) - raft.server.log.use.memory = false (default)
2019-09-12 04:05:56,722 [pool-27-thread-1] INFO  server.RaftServerConfigKeys (ConfUtils.java:logGet(43)) - raft.server.log.purge.gap = 1000000 (custom)
2019-09-12 04:05:56,722 [pool-27-thread-1] INFO  server.RaftServerConfigKeys (ConfUtils.java:logGet(43)) - raft.server.log.appender.buffer.byte-limit = 33554432 (custom)
2019-09-12 04:05:56,723 [pool-27-thread-1] INFO  server.RaftServerConfigKeys (ConfUtils.java:logGet(43)) - raft.server.log.segment.size.max = 1048576 (custom)
2019-09-12 04:05:56,723 [pool-27-thread-1] INFO  server.RaftServerConfigKeys (ConfUtils.java:logGet(43)) - raft.server.log.segment.cache.num.max = 2 (custom)
2019-09-12 04:05:56,723 [pool-27-thread-1] INFO  segmented.SegmentedRaftLogWorker (SegmentedRaftLogWorker.java:<init>(172)) - new fc0aded7-5090-49ad-a6b0-e16cfe155c18@group-B0BBA3B17B95-SegmentedRaftLogWorker for RaftStorage:Storage Directory /workdir/hadoop-ozone/integration-test/target/test-dir/MiniOzoneClusterImpl-b4fa8ffa-56bc-41b5-8fca-04d9ba132278/datanode-0/data/ratis/2422f1bd-ac0c-49a5-bbb2-b0bba3b17b95
2019-09-12 04:05:56,723 [pool-27-thread-1] INFO  server.RaftServerConfigKeys (ConfUtils.java:logGet(43)) - raft.server.log.queue.byte-limit = 2147483647 (custom)
2019-09-12 04:05:56,723 [pool-27-thread-1] INFO  server.RaftServerConfigKeys (ConfUtils.java:logGet(43)) - raft.server.log.queue.element-limit = 1024 (custom)
2019-09-12 04:05:56,724 [pool-27-thread-1] INFO  server.RaftServerConfigKeys (ConfUtils.java:logGet(43)) - raft.server.log.segment.size.max = 1048576 (custom)
2019-09-12 04:05:56,724 [pool-27-thread-1] INFO  server.RaftServerConfigKeys (ConfUtils.java:logGet(43)) - raft.server.log.preallocated.size = 16384 (custom)
2019-09-12 04:05:56,724 [pool-27-thread-1] INFO  server.RaftServerConfigKeys (ConfUtils.java:logGet(43)) - raft.server.log.write.buffer.size = 33554432 (custom)
2019-09-12 04:05:56,724 [pool-27-thread-1] INFO  server.RaftServerConfigKeys (ConfUtils.java:logGet(43)) - raft.server.log.force.sync.num = 128 (default)
2019-09-12 04:05:56,724 [pool-27-thread-1] INFO  server.RaftServerConfigKeys (ConfUtils.java:logGet(43)) - raft.server.log.statemachine.data.sync = true (default)
2019-09-12 04:05:56,724 [pool-27-thread-1] INFO  server.RaftServerConfigKeys (ConfUtils.java:logGet(43)) - raft.server.log.statemachine.data.sync.timeout = 10s (default)
2019-09-12 04:05:56,724 [pool-27-thread-1] INFO  server.RaftServerConfigKeys (ConfUtils.java:logGet(43)) - raft.server.log.statemachine.data.sync.timeout.retry = -1 (default)
2019-09-12 04:05:56,725 [pool-27-thread-1] INFO  server.RaftServerConfigKeys (ConfUtils.java:logGet(43)) - raft.server.log.statemachine.data.caching.enabled = true (custom)
2019-09-12 04:05:56,725 [pool-27-thread-1] INFO  segmented.SegmentedRaftLogWorker (SegmentedRaftLogWorker.java:lambda$new$0(132)) - fc0aded7-5090-49ad-a6b0-e16cfe155c18@group-B0BBA3B17B95-SegmentedRaftLogWorker: flushIndex: setUnconditionally 0 -> -1
2019-09-12 04:05:56,726 [pool-27-thread-1] INFO  server.RaftServerConfigKeys (ConfUtils.java:logGet(43)) - raft.server.snapshot.auto.trigger.enabled = true (custom)
2019-09-12 04:05:56,726 [pool-27-thread-1] INFO  server.RaftServerConfigKeys (ConfUtils.java:logGet(43)) - raft.server.snapshot.auto.trigger.threshold = 10000 (custom)
2019-09-12 04:05:56,726 [pool-27-thread-1] INFO  server.RaftServerConfigKeys (ConfUtils.java:logGet(43)) - raft.server.snapshot.retention.num.files = -1 (default)
2019-09-12 04:05:56,726 [pool-27-thread-1] INFO  server.RaftServerConfigKeys (ConfUtils.java:logGet(43)) - raft.server.retrycache.expirytime = 600000ms (custom)
2019-09-12 04:05:56,730 [pool-27-thread-1] INFO  impl.RaftServerImpl (RaftServerImpl.java:start(185)) - fc0aded7-5090-49ad-a6b0-e16cfe155c18@group-B0BBA3B17B95: start as a follower, conf=-1: [826a4c15-f032-4805-8cf4-5e11fe4a99d7:192.168.34.8:34361, cfbaf9ff-a5d2-4350-abbf-bcb1aefbe8d3:192.168.34.8:40308, fc0aded7-5090-49ad-a6b0-e16cfe155c18:192.168.34.8:41944], old=null
2019-09-12 04:05:56,730 [pool-27-thread-1] INFO  impl.RaftServerImpl (RaftServerImpl.java:setRole(174)) - fc0aded7-5090-49ad-a6b0-e16cfe155c18@group-B0BBA3B17B95: changes role from      null to FOLLOWER at term 0 for startAsFollower
2019-09-12 04:05:56,730 [pool-27-thread-1] INFO  impl.RoleInfo (RoleInfo.java:updateAndGet(143)) - fc0aded7-5090-49ad-a6b0-e16cfe155c18: start FollowerState
2019-09-12 04:05:56,731 [pool-27-thread-1] INFO  util.JmxRegister (JmxRegister.java:tryRegister(44)) - Successfully registered JMX Bean with object name Ratis:service=RaftServer,group=group-B0BBA3B17B95,id=fc0aded7-5090-49ad-a6b0-e16cfe155c18
2019-09-12 04:05:56,739 [pool-87-thread-1] INFO  storage.RaftStorage (RaftStorage.java:format(72)) - Storage directory /workdir/hadoop-ozone/integration-test/target/test-dir/MiniOzoneClusterImpl-b4fa8ffa-56bc-41b5-8fca-04d9ba132278/datanode-6/data/ratis/2422f1bd-ac0c-49a5-bbb2-b0bba3b17b95 has been successfully formatted.
2019-09-12 04:05:56,739 [pool-37-thread-1] INFO  storage.RaftStorage (RaftStorage.java:format(72)) - Storage directory /workdir/hadoop-ozone/integration-test/target/test-dir/MiniOzoneClusterImpl-b4fa8ffa-56bc-41b5-8fca-04d9ba132278/datanode-1/data/ratis/2422f1bd-ac0c-49a5-bbb2-b0bba3b17b95 has been successfully formatted.
2019-09-12 04:05:56,740 [pool-87-thread-1] INFO  ratis.ContainerStateMachine (ContainerStateMachine.java:loadSnapshot(230)) - group-B0BBA3B17B95: The snapshot info is null. Setting the last applied indexto:(t:0, i:~)
2019-09-12 04:05:56,740 [pool-37-thread-1] INFO  ratis.ContainerStateMachine (ContainerStateMachine.java:loadSnapshot(230)) - group-B0BBA3B17B95: The snapshot info is null. Setting the last applied indexto:(t:0, i:~)
2019-09-12 04:05:56,740 [pool-87-thread-1] INFO  server.RaftServerConfigKeys (ConfUtils.java:logGet(43)) - raft.server.notification.no-leader.timeout = 120s (custom)
2019-09-12 04:05:56,740 [pool-37-thread-1] INFO  server.RaftServerConfigKeys (ConfUtils.java:logGet(43)) - raft.server.notification.no-leader.timeout = 120s (custom)
2019-09-12 04:05:56,740 [pool-87-thread-1] INFO  server.RaftServerConfigKeys (ConfUtils.java:logGet(43)) - raft.server.log.use.memory = false (default)
2019-09-12 04:05:56,740 [pool-37-thread-1] INFO  server.RaftServerConfigKeys (ConfUtils.java:logGet(43)) - raft.server.log.use.memory = false (default)
2019-09-12 04:05:56,740 [pool-87-thread-1] INFO  server.RaftServerConfigKeys (ConfUtils.java:logGet(43)) - raft.server.log.purge.gap = 1000000 (custom)
2019-09-12 04:05:56,741 [pool-37-thread-1] INFO  server.RaftServerConfigKeys (ConfUtils.java:logGet(43)) - raft.server.log.purge.gap = 1000000 (custom)
2019-09-12 04:05:56,741 [pool-87-thread-1] INFO  server.RaftServerConfigKeys (ConfUtils.java:logGet(43)) - raft.server.log.appender.buffer.byte-limit = 33554432 (custom)
2019-09-12 04:05:56,741 [pool-37-thread-1] INFO  server.RaftServerConfigKeys (ConfUtils.java:logGet(43)) - raft.server.log.appender.buffer.byte-limit = 33554432 (custom)
2019-09-12 04:05:56,741 [pool-87-thread-1] INFO  server.RaftServerConfigKeys (ConfUtils.java:logGet(43)) - raft.server.log.segment.size.max = 1048576 (custom)
2019-09-12 04:05:56,741 [pool-37-thread-1] INFO  server.RaftServerConfigKeys (ConfUtils.java:logGet(43)) - raft.server.log.segment.size.max = 1048576 (custom)
2019-09-12 04:05:56,742 [pool-87-thread-1] INFO  server.RaftServerConfigKeys (ConfUtils.java:logGet(43)) - raft.server.log.segment.cache.num.max = 2 (custom)
2019-09-12 04:05:56,742 [pool-37-thread-1] INFO  server.RaftServerConfigKeys (ConfUtils.java:logGet(43)) - raft.server.log.segment.cache.num.max = 2 (custom)
2019-09-12 04:05:56,742 [pool-87-thread-1] INFO  segmented.SegmentedRaftLogWorker (SegmentedRaftLogWorker.java:<init>(172)) - new 826a4c15-f032-4805-8cf4-5e11fe4a99d7@group-B0BBA3B17B95-SegmentedRaftLogWorker for RaftStorage:Storage Directory /workdir/hadoop-ozone/integration-test/target/test-dir/MiniOzoneClusterImpl-b4fa8ffa-56bc-41b5-8fca-04d9ba132278/datanode-6/data/ratis/2422f1bd-ac0c-49a5-bbb2-b0bba3b17b95
2019-09-12 04:05:56,742 [pool-37-thread-1] INFO  segmented.SegmentedRaftLogWorker (SegmentedRaftLogWorker.java:<init>(172)) - new cfbaf9ff-a5d2-4350-abbf-bcb1aefbe8d3@group-B0BBA3B17B95-SegmentedRaftLogWorker for RaftStorage:Storage Directory /workdir/hadoop-ozone/integration-test/target/test-dir/MiniOzoneClusterImpl-b4fa8ffa-56bc-41b5-8fca-04d9ba132278/datanode-1/data/ratis/2422f1bd-ac0c-49a5-bbb2-b0bba3b17b95
2019-09-12 04:05:56,742 [pool-87-thread-1] INFO  server.RaftServerConfigKeys (ConfUtils.java:logGet(43)) - raft.server.log.queue.byte-limit = 2147483647 (custom)
2019-09-12 04:05:56,742 [pool-37-thread-1] INFO  server.RaftServerConfigKeys (ConfUtils.java:logGet(43)) - raft.server.log.queue.byte-limit = 2147483647 (custom)
2019-09-12 04:05:56,742 [pool-87-thread-1] INFO  server.RaftServerConfigKeys (ConfUtils.java:logGet(43)) - raft.server.log.queue.element-limit = 1024 (custom)
2019-09-12 04:05:56,743 [pool-37-thread-1] INFO  server.RaftServerConfigKeys (ConfUtils.java:logGet(43)) - raft.server.log.queue.element-limit = 1024 (custom)
2019-09-12 04:05:56,743 [pool-87-thread-1] INFO  server.RaftServerConfigKeys (ConfUtils.java:logGet(43)) - raft.server.log.segment.size.max = 1048576 (custom)
2019-09-12 04:05:56,743 [pool-37-thread-1] INFO  server.RaftServerConfigKeys (ConfUtils.java:logGet(43)) - raft.server.log.segment.size.max = 1048576 (custom)
2019-09-12 04:05:56,743 [pool-87-thread-1] INFO  server.RaftServerConfigKeys (ConfUtils.java:logGet(43)) - raft.server.log.preallocated.size = 16384 (custom)
2019-09-12 04:05:56,743 [pool-37-thread-1] INFO  server.RaftServerConfigKeys (ConfUtils.java:logGet(43)) - raft.server.log.preallocated.size = 16384 (custom)
2019-09-12 04:05:56,743 [pool-87-thread-1] INFO  server.RaftServerConfigKeys (ConfUtils.java:logGet(43)) - raft.server.log.write.buffer.size = 33554432 (custom)
2019-09-12 04:05:56,743 [pool-37-thread-1] INFO  server.RaftServerConfigKeys (ConfUtils.java:logGet(43)) - raft.server.log.write.buffer.size = 33554432 (custom)
2019-09-12 04:05:56,744 [pool-87-thread-1] INFO  server.RaftServerConfigKeys (ConfUtils.java:logGet(43)) - raft.server.log.force.sync.num = 128 (default)
2019-09-12 04:05:56,744 [pool-37-thread-1] INFO  server.RaftServerConfigKeys (ConfUtils.java:logGet(43)) - raft.server.log.force.sync.num = 128 (default)
2019-09-12 04:05:56,744 [pool-87-thread-1] INFO  server.RaftServerConfigKeys (ConfUtils.java:logGet(43)) - raft.server.log.statemachine.data.sync = true (default)
2019-09-12 04:05:56,744 [pool-37-thread-1] INFO  server.RaftServerConfigKeys (ConfUtils.java:logGet(43)) - raft.server.log.statemachine.data.sync = true (default)
2019-09-12 04:05:56,744 [pool-87-thread-1] INFO  server.RaftServerConfigKeys (ConfUtils.java:logGet(43)) - raft.server.log.statemachine.data.sync.timeout = 10s (default)
2019-09-12 04:05:56,744 [pool-37-thread-1] INFO  server.RaftServerConfigKeys (ConfUtils.java:logGet(43)) - raft.server.log.statemachine.data.sync.timeout = 10s (default)
2019-09-12 04:05:56,744 [pool-87-thread-1] INFO  server.RaftServerConfigKeys (ConfUtils.java:logGet(43)) - raft.server.log.statemachine.data.sync.timeout.retry = -1 (default)
2019-09-12 04:05:56,745 [pool-37-thread-1] INFO  server.RaftServerConfigKeys (ConfUtils.java:logGet(43)) - raft.server.log.statemachine.data.sync.timeout.retry = -1 (default)
2019-09-12 04:05:56,745 [pool-87-thread-1] INFO  server.RaftServerConfigKeys (ConfUtils.java:logGet(43)) - raft.server.log.statemachine.data.caching.enabled = true (custom)
2019-09-12 04:05:56,745 [pool-37-thread-1] INFO  server.RaftServerConfigKeys (ConfUtils.java:logGet(43)) - raft.server.log.statemachine.data.caching.enabled = true (custom)
2019-09-12 04:05:56,745 [pool-87-thread-1] INFO  segmented.SegmentedRaftLogWorker (SegmentedRaftLogWorker.java:lambda$new$0(132)) - 826a4c15-f032-4805-8cf4-5e11fe4a99d7@group-B0BBA3B17B95-SegmentedRaftLogWorker: flushIndex: setUnconditionally 0 -> -1
2019-09-12 04:05:56,745 [pool-37-thread-1] INFO  segmented.SegmentedRaftLogWorker (SegmentedRaftLogWorker.java:lambda$new$0(132)) - cfbaf9ff-a5d2-4350-abbf-bcb1aefbe8d3@group-B0BBA3B17B95-SegmentedRaftLogWorker: flushIndex: setUnconditionally 0 -> -1
2019-09-12 04:05:56,746 [pool-87-thread-1] INFO  server.RaftServerConfigKeys (ConfUtils.java:logGet(43)) - raft.server.snapshot.auto.trigger.enabled = true (custom)
2019-09-12 04:05:56,746 [pool-37-thread-1] INFO  server.RaftServerConfigKeys (ConfUtils.java:logGet(43)) - raft.server.snapshot.auto.trigger.enabled = true (custom)
2019-09-12 04:05:56,746 [pool-87-thread-1] INFO  server.RaftServerConfigKeys (ConfUtils.java:logGet(43)) - raft.server.snapshot.auto.trigger.threshold = 10000 (custom)
2019-09-12 04:05:56,746 [pool-37-thread-1] INFO  server.RaftServerConfigKeys (ConfUtils.java:logGet(43)) - raft.server.snapshot.auto.trigger.threshold = 10000 (custom)
2019-09-12 04:05:56,746 [pool-87-thread-1] INFO  server.RaftServerConfigKeys (ConfUtils.java:logGet(43)) - raft.server.snapshot.retention.num.files = -1 (default)
2019-09-12 04:05:56,746 [pool-37-thread-1] INFO  server.RaftServerConfigKeys (ConfUtils.java:logGet(43)) - raft.server.snapshot.retention.num.files = -1 (default)
2019-09-12 04:05:56,746 [pool-87-thread-1] INFO  server.RaftServerConfigKeys (ConfUtils.java:logGet(43)) - raft.server.retrycache.expirytime = 600000ms (custom)
2019-09-12 04:05:56,747 [pool-37-thread-1] INFO  server.RaftServerConfigKeys (ConfUtils.java:logGet(43)) - raft.server.retrycache.expirytime = 600000ms (custom)
2019-09-12 04:05:56,750 [pool-87-thread-1] INFO  impl.RaftServerImpl (RaftServerImpl.java:start(185)) - 826a4c15-f032-4805-8cf4-5e11fe4a99d7@group-B0BBA3B17B95: start as a follower, conf=-1: [826a4c15-f032-4805-8cf4-5e11fe4a99d7:192.168.34.8:34361, cfbaf9ff-a5d2-4350-abbf-bcb1aefbe8d3:192.168.34.8:40308, fc0aded7-5090-49ad-a6b0-e16cfe155c18:192.168.34.8:41944], old=null
2019-09-12 04:05:56,750 [pool-87-thread-1] INFO  impl.RaftServerImpl (RaftServerImpl.java:setRole(174)) - 826a4c15-f032-4805-8cf4-5e11fe4a99d7@group-B0BBA3B17B95: changes role from      null to FOLLOWER at term 0 for startAsFollower
2019-09-12 04:05:56,750 [pool-37-thread-1] INFO  impl.RaftServerImpl (RaftServerImpl.java:start(185)) - cfbaf9ff-a5d2-4350-abbf-bcb1aefbe8d3@group-B0BBA3B17B95: start as a follower, conf=-1: [826a4c15-f032-4805-8cf4-5e11fe4a99d7:192.168.34.8:34361, cfbaf9ff-a5d2-4350-abbf-bcb1aefbe8d3:192.168.34.8:40308, fc0aded7-5090-49ad-a6b0-e16cfe155c18:192.168.34.8:41944], old=null
2019-09-12 04:05:56,750 [pool-87-thread-1] INFO  impl.RoleInfo (RoleInfo.java:updateAndGet(143)) - 826a4c15-f032-4805-8cf4-5e11fe4a99d7: start FollowerState
2019-09-12 04:05:56,750 [pool-37-thread-1] INFO  impl.RaftServerImpl (RaftServerImpl.java:setRole(174)) - cfbaf9ff-a5d2-4350-abbf-bcb1aefbe8d3@group-B0BBA3B17B95: changes role from      null to FOLLOWER at term 0 for startAsFollower
2019-09-12 04:05:56,751 [pool-37-thread-1] INFO  impl.RoleInfo (RoleInfo.java:updateAndGet(143)) - cfbaf9ff-a5d2-4350-abbf-bcb1aefbe8d3: start FollowerState
2019-09-12 04:05:56,751 [pool-87-thread-1] INFO  util.JmxRegister (JmxRegister.java:tryRegister(44)) - Successfully registered JMX Bean with object name Ratis:service=RaftServer,group=group-B0BBA3B17B95,id=826a4c15-f032-4805-8cf4-5e11fe4a99d7
2019-09-12 04:05:56,751 [pool-37-thread-1] INFO  util.JmxRegister (JmxRegister.java:tryRegister(44)) - Successfully registered JMX Bean with object name Ratis:service=RaftServer,group=group-B0BBA3B17B95,id=cfbaf9ff-a5d2-4350-abbf-bcb1aefbe8d3
2019-09-12 04:05:56,754 [RatisPipelineUtilsThread] INFO  pipeline.PipelineStateManager (PipelineStateManager.java:addPipeline(56)) - Created pipeline Pipeline[ Id: 2422f1bd-ac0c-49a5-bbb2-b0bba3b17b95, Nodes: 826a4c15-f032-4805-8cf4-5e11fe4a99d7{ip: 192.168.34.8, host: pr-hdds-1879-pbs75-1821932185, networkLocation: /default-rack, certSerialId: null}fc0aded7-5090-49ad-a6b0-e16cfe155c18{ip: 192.168.34.8, host: pr-hdds-1879-pbs75-1821932185, networkLocation: /default-rack, certSerialId: null}cfbaf9ff-a5d2-4350-abbf-bcb1aefbe8d3{ip: 192.168.34.8, host: pr-hdds-1879-pbs75-1821932185, networkLocation: /default-rack, certSerialId: null}, Type:RATIS, Factor:THREE, State:OPEN]
2019-09-12 04:05:56,825 [EventQueue-PipelineActionsForPipelineActionHandler] ERROR pipeline.PipelineActionHandler (PipelineActionHandler.java:onMessage(60)) - Received pipeline action CLOSE for Pipeline[ Id: 743e7b28-aad9-4826-95d5-f484ccc1aa7a, Nodes: 826a4c15-f032-4805-8cf4-5e11fe4a99d7{ip: 192.168.34.8, host: pr-hdds-1879-pbs75-1821932185, networkLocation: /default-rack, certSerialId: null}fc0aded7-5090-49ad-a6b0-e16cfe155c18{ip: 192.168.34.8, host: pr-hdds-1879-pbs75-1821932185, networkLocation: /default-rack, certSerialId: null}cfbaf9ff-a5d2-4350-abbf-bcb1aefbe8d3{ip: 192.168.34.8, host: pr-hdds-1879-pbs75-1821932185, networkLocation: /default-rack, certSerialId: null}, Type:RATIS, Factor:THREE, State:CLOSED] from datanode cfbaf9ff-a5d2-4350-abbf-bcb1aefbe8d3{ip: 192.168.34.8, host: pr-hdds-1879-pbs75-1821932185, networkLocation: /default-rack, certSerialId: null}. Reason : cfbaf9ff-a5d2-4350-abbf-bcb1aefbe8d3 has not seen follower/s 826a4c15-f032-4805-8cf4-5e11fe4a99d7 for 163525ms fc0aded7-5090-49ad-a6b0-e16cfe155c18 for 163525ms
2019-09-12 04:05:56,825 [EventQueue-PipelineActionsForPipelineActionHandler] INFO  pipeline.SCMPipelineManager (SCMPipelineManager.java:finalizeAndDestroyPipeline(311)) - destroying pipeline:Pipeline[ Id: 743e7b28-aad9-4826-95d5-f484ccc1aa7a, Nodes: 826a4c15-f032-4805-8cf4-5e11fe4a99d7{ip: 192.168.34.8, host: pr-hdds-1879-pbs75-1821932185, networkLocation: /default-rack, certSerialId: null}fc0aded7-5090-49ad-a6b0-e16cfe155c18{ip: 192.168.34.8, host: pr-hdds-1879-pbs75-1821932185, networkLocation: /default-rack, certSerialId: null}cfbaf9ff-a5d2-4350-abbf-bcb1aefbe8d3{ip: 192.168.34.8, host: pr-hdds-1879-pbs75-1821932185, networkLocation: /default-rack, certSerialId: null}, Type:RATIS, Factor:THREE, State:CLOSED]
2019-09-12 04:05:58,336 [org.apache.ratis.server.impl.LogAppender$AppenderDaemon$$Lambda$490/586156626@3219098e] ERROR ratis.XceiverServerRatis (XceiverServerRatis.java:triggerPipelineClose(568)) - pipeline Action CLOSE  on pipeline PipelineID=743e7b28-aad9-4826-95d5-f484ccc1aa7a.Reason : cfbaf9ff-a5d2-4350-abbf-bcb1aefbe8d3 has not seen follower/s 826a4c15-f032-4805-8cf4-5e11fe4a99d7 for 166026ms fc0aded7-5090-49ad-a6b0-e16cfe155c18 for 166027ms
2019-09-12 04:05:58,336 [org.apache.ratis.server.impl.LogAppender$AppenderDaemon$$Lambda$490/586156626@38368505] ERROR ratis.XceiverServerRatis (XceiverServerRatis.java:triggerPipelineClose(568)) - pipeline Action CLOSE  on pipeline PipelineID=743e7b28-aad9-4826-95d5-f484ccc1aa7a.Reason : cfbaf9ff-a5d2-4350-abbf-bcb1aefbe8d3 has not seen follower/s 826a4c15-f032-4805-8cf4-5e11fe4a99d7 for 166026ms fc0aded7-5090-49ad-a6b0-e16cfe155c18 for 166027ms
2019-09-12 04:05:58,825 [EventQueue-PipelineActionsForPipelineActionHandler] ERROR pipeline.PipelineActionHandler (PipelineActionHandler.java:onMessage(60)) - Received pipeline action CLOSE for Pipeline[ Id: 743e7b28-aad9-4826-95d5-f484ccc1aa7a, Nodes: 826a4c15-f032-4805-8cf4-5e11fe4a99d7{ip: 192.168.34.8, host: pr-hdds-1879-pbs75-1821932185, networkLocation: /default-rack, certSerialId: null}fc0aded7-5090-49ad-a6b0-e16cfe155c18{ip: 192.168.34.8, host: pr-hdds-1879-pbs75-1821932185, networkLocation: /default-rack, certSerialId: null}cfbaf9ff-a5d2-4350-abbf-bcb1aefbe8d3{ip: 192.168.34.8, host: pr-hdds-1879-pbs75-1821932185, networkLocation: /default-rack, certSerialId: null}, Type:RATIS, Factor:THREE, State:CLOSED] from datanode cfbaf9ff-a5d2-4350-abbf-bcb1aefbe8d3{ip: 192.168.34.8, host: pr-hdds-1879-pbs75-1821932185, networkLocation: /default-rack, certSerialId: null}. Reason : cfbaf9ff-a5d2-4350-abbf-bcb1aefbe8d3 has not seen follower/s 826a4c15-f032-4805-8cf4-5e11fe4a99d7 for 166026ms fc0aded7-5090-49ad-a6b0-e16cfe155c18 for 166027ms
2019-09-12 04:05:58,826 [EventQueue-PipelineActionsForPipelineActionHandler] INFO  pipeline.SCMPipelineManager (SCMPipelineManager.java:finalizeAndDestroyPipeline(311)) - destroying pipeline:Pipeline[ Id: 743e7b28-aad9-4826-95d5-f484ccc1aa7a, Nodes: 826a4c15-f032-4805-8cf4-5e11fe4a99d7{ip: 192.168.34.8, host: pr-hdds-1879-pbs75-1821932185, networkLocation: /default-rack, certSerialId: null}fc0aded7-5090-49ad-a6b0-e16cfe155c18{ip: 192.168.34.8, host: pr-hdds-1879-pbs75-1821932185, networkLocation: /default-rack, certSerialId: null}cfbaf9ff-a5d2-4350-abbf-bcb1aefbe8d3{ip: 192.168.34.8, host: pr-hdds-1879-pbs75-1821932185, networkLocation: /default-rack, certSerialId: null}, Type:RATIS, Factor:THREE, State:CLOSED]
2019-09-12 04:05:58,835 [java.util.concurrent.ThreadPoolExecutor$Worker@76a00050[State = -1, empty queue]] WARN  server.GrpcLogAppender (GrpcLogAppender.java:timeoutAppendRequest(200)) - cfbaf9ff-a5d2-4350-abbf-bcb1aefbe8d3@group-F484CCC1AA7A->826a4c15-f032-4805-8cf4-5e11fe4a99d7-GrpcLogAppender: appendEntries Timeout, request=cfbaf9ff-a5d2-4350-abbf-bcb1aefbe8d3->826a4c15-f032-4805-8cf4-5e11fe4a99d7#163-t1, previous=(t:1, i:23), leaderCommit=16, initializing? false, entries: <empty>
2019-09-12 04:05:58,835 [java.util.concurrent.ThreadPoolExecutor$Worker@4b834a8d[State = -1, empty queue]] WARN  server.GrpcLogAppender (GrpcLogAppender.java:timeoutAppendRequest(200)) - cfbaf9ff-a5d2-4350-abbf-bcb1aefbe8d3@group-F484CCC1AA7A->fc0aded7-5090-49ad-a6b0-e16cfe155c18-GrpcLogAppender: appendEntries Timeout, request=cfbaf9ff-a5d2-4350-abbf-bcb1aefbe8d3->fc0aded7-5090-49ad-a6b0-e16cfe155c18#163-t1, previous=(t:1, i:23), leaderCommit=16, initializing? false, entries: <empty>
2019-09-12 04:05:59,191 [grpc-default-executor-7] INFO  client.GrpcClientProtocolClient (GrpcClientProtocolClient.java:onNext(264)) - client-EFFAA1C83E3D->826a4c15-f032-4805-8cf4-5e11fe4a99d7: receive RaftClientReply:client-EFFAA1C83E3D->826a4c15-f032-4805-8cf4-5e11fe4a99d7@group-F484CCC1AA7A, cid=30, FAILED org.apache.ratis.protocol.NotLeaderException: Server 826a4c15-f032-4805-8cf4-5e11fe4a99d7@group-F484CCC1AA7A is not the leader cfbaf9ff-a5d2-4350-abbf-bcb1aefbe8d3:192.168.34.8:40308, logIndex=0, commits[826a4c15-f032-4805-8cf4-5e11fe4a99d7:c16, cfbaf9ff-a5d2-4350-abbf-bcb1aefbe8d3:c16, fc0aded7-5090-49ad-a6b0-e16cfe155c18:c14]
2019-09-12 04:06:00,838 [org.apache.ratis.server.impl.LogAppender$AppenderDaemon$$Lambda$490/586156626@38368505] ERROR ratis.XceiverServerRatis (XceiverServerRatis.java:triggerPipelineClose(568)) - pipeline Action CLOSE  on pipeline PipelineID=743e7b28-aad9-4826-95d5-f484ccc1aa7a.Reason : cfbaf9ff-a5d2-4350-abbf-bcb1aefbe8d3 has not seen follower/s 826a4c15-f032-4805-8cf4-5e11fe4a99d7 for 168528ms fc0aded7-5090-49ad-a6b0-e16cfe155c18 for 168528ms
2019-09-12 04:06:00,838 [org.apache.ratis.server.impl.LogAppender$AppenderDaemon$$Lambda$490/586156626@3219098e] ERROR ratis.XceiverServerRatis (XceiverServerRatis.java:triggerPipelineClose(568)) - pipeline Action CLOSE  on pipeline PipelineID=743e7b28-aad9-4826-95d5-f484ccc1aa7a.Reason : cfbaf9ff-a5d2-4350-abbf-bcb1aefbe8d3 has not seen follower/s 826a4c15-f032-4805-8cf4-5e11fe4a99d7 for 168528ms fc0aded7-5090-49ad-a6b0-e16cfe155c18 for 168528ms
2019-09-12 04:06:01,336 [java.util.concurrent.ThreadPoolExecutor$Worker@4b834a8d[State = -1, empty queue]] WARN  server.GrpcLogAppender (GrpcLogAppender.java:timeoutAppendRequest(200)) - cfbaf9ff-a5d2-4350-abbf-bcb1aefbe8d3@group-F484CCC1AA7A->fc0aded7-5090-49ad-a6b0-e16cfe155c18-GrpcLogAppender: appendEntries Timeout, request=cfbaf9ff-a5d2-4350-abbf-bcb1aefbe8d3->fc0aded7-5090-49ad-a6b0-e16cfe155c18#164-t1, previous=(t:1, i:23), leaderCommit=16, initializing? false, entries: <empty>
2019-09-12 04:06:01,336 [java.util.concurrent.ThreadPoolExecutor$Worker@76a00050[State = -1, empty queue]] WARN  server.GrpcLogAppender (GrpcLogAppender.java:timeoutAppendRequest(200)) - cfbaf9ff-a5d2-4350-abbf-bcb1aefbe8d3@group-F484CCC1AA7A->826a4c15-f032-4805-8cf4-5e11fe4a99d7-GrpcLogAppender: appendEntries Timeout, request=cfbaf9ff-a5d2-4350-abbf-bcb1aefbe8d3->826a4c15-f032-4805-8cf4-5e11fe4a99d7#164-t1, previous=(t:1, i:23), leaderCommit=16, initializing? false, entries: <empty>
2019-09-12 04:06:01,790 [Thread-1347] INFO  impl.FollowerState (FollowerState.java:run(106)) - 826a4c15-f032-4805-8cf4-5e11fe4a99d7:group-B0BBA3B17B95 changes to CANDIDATE, lastRpcTime:5039, electionTimeout:5039ms
2019-09-12 04:06:01,791 [Thread-1347] INFO  impl.RoleInfo (RoleInfo.java:shutdownFollowerState(121)) - 826a4c15-f032-4805-8cf4-5e11fe4a99d7: shutdown FollowerState
2019-09-12 04:06:01,791 [Thread-1347] INFO  impl.RaftServerImpl (RaftServerImpl.java:setRole(174)) - 826a4c15-f032-4805-8cf4-5e11fe4a99d7@group-B0BBA3B17B95: changes role from  FOLLOWER to CANDIDATE at term 0 for changeToCandidate
2019-09-12 04:06:01,792 [Thread-1347] INFO  impl.RoleInfo (RoleInfo.java:updateAndGet(143)) - 826a4c15-f032-4805-8cf4-5e11fe4a99d7: start LeaderElection
2019-09-12 04:06:01,826 [EventQueue-PipelineActionsForPipelineActionHandler] ERROR pipeline.PipelineActionHandler (PipelineActionHandler.java:onMessage(60)) - Received pipeline action CLOSE for Pipeline[ Id: 743e7b28-aad9-4826-95d5-f484ccc1aa7a, Nodes: 826a4c15-f032-4805-8cf4-5e11fe4a99d7{ip: 192.168.34.8, host: pr-hdds-1879-pbs75-1821932185, networkLocation: /default-rack, certSerialId: null}fc0aded7-5090-49ad-a6b0-e16cfe155c18{ip: 192.168.34.8, host: pr-hdds-1879-pbs75-1821932185, networkLocation: /default-rack, certSerialId: null}cfbaf9ff-a5d2-4350-abbf-bcb1aefbe8d3{ip: 192.168.34.8, host: pr-hdds-1879-pbs75-1821932185, networkLocation: /default-rack, certSerialId: null}, Type:RATIS, Factor:THREE, State:CLOSED] from datanode cfbaf9ff-a5d2-4350-abbf-bcb1aefbe8d3{ip: 192.168.34.8, host: pr-hdds-1879-pbs75-1821932185, networkLocation: /default-rack, certSerialId: null}. Reason : cfbaf9ff-a5d2-4350-abbf-bcb1aefbe8d3 has not seen follower/s 826a4c15-f032-4805-8cf4-5e11fe4a99d7 for 168528ms fc0aded7-5090-49ad-a6b0-e16cfe155c18 for 168528ms
2019-09-12 04:06:01,827 [EventQueue-PipelineActionsForPipelineActionHandler] INFO  pipeline.SCMPipelineManager (SCMPipelineManager.java:finalizeAndDestroyPipeline(311)) - destroying pipeline:Pipeline[ Id: 743e7b28-aad9-4826-95d5-f484ccc1aa7a, Nodes: 826a4c15-f032-4805-8cf4-5e11fe4a99d7{ip: 192.168.34.8, host: pr-hdds-1879-pbs75-1821932185, networkLocation: /default-rack, certSerialId: null}fc0aded7-5090-49ad-a6b0-e16cfe155c18{ip: 192.168.34.8, host: pr-hdds-1879-pbs75-1821932185, networkLocation: /default-rack, certSerialId: null}cfbaf9ff-a5d2-4350-abbf-bcb1aefbe8d3{ip: 192.168.34.8, host: pr-hdds-1879-pbs75-1821932185, networkLocation: /default-rack, certSerialId: null}, Type:RATIS, Factor:THREE, State:CLOSED]
2019-09-12 04:06:01,875 [Thread-1348] INFO  impl.FollowerState (FollowerState.java:run(106)) - cfbaf9ff-a5d2-4350-abbf-bcb1aefbe8d3:group-B0BBA3B17B95 changes to CANDIDATE, lastRpcTime:5124, electionTimeout:5124ms
2019-09-12 04:06:01,876 [Thread-1348] INFO  impl.RoleInfo (RoleInfo.java:shutdownFollowerState(121)) - cfbaf9ff-a5d2-4350-abbf-bcb1aefbe8d3: shutdown FollowerState
2019-09-12 04:06:01,876 [Thread-1348] INFO  impl.RaftServerImpl (RaftServerImpl.java:setRole(174)) - cfbaf9ff-a5d2-4350-abbf-bcb1aefbe8d3@group-B0BBA3B17B95: changes role from  FOLLOWER to CANDIDATE at term 0 for changeToCandidate
2019-09-12 04:06:01,876 [Thread-1348] INFO  impl.RoleInfo (RoleInfo.java:updateAndGet(143)) - cfbaf9ff-a5d2-4350-abbf-bcb1aefbe8d3: start LeaderElection
2019-09-12 04:06:01,897 [Thread-1343] INFO  impl.FollowerState (FollowerState.java:run(106)) - fc0aded7-5090-49ad-a6b0-e16cfe155c18:group-B0BBA3B17B95 changes to CANDIDATE, lastRpcTime:5166, electionTimeout:5156ms
2019-09-12 04:06:01,897 [826a4c15-f032-4805-8cf4-5e11fe4a99d7@group-B0BBA3B17B95:LeaderElection13] INFO  impl.LeaderElection (LeaderElection.java:askForVotes(182)) - 826a4c15-f032-4805-8cf4-5e11fe4a99d7@group-B0BBA3B17B95:LeaderElection13: begin an election at term 1 for -1: [826a4c15-f032-4805-8cf4-5e11fe4a99d7:192.168.34.8:34361, cfbaf9ff-a5d2-4350-abbf-bcb1aefbe8d3:192.168.34.8:40308, fc0aded7-5090-49ad-a6b0-e16cfe155c18:192.168.34.8:41944], old=null
2019-09-12 04:06:01,897 [Thread-1343] INFO  impl.RoleInfo (RoleInfo.java:shutdownFollowerState(121)) - fc0aded7-5090-49ad-a6b0-e16cfe155c18: shutdown FollowerState
2019-09-12 04:06:01,897 [Thread-1343] INFO  impl.RaftServerImpl (RaftServerImpl.java:setRole(174)) - fc0aded7-5090-49ad-a6b0-e16cfe155c18@group-B0BBA3B17B95: changes role from  FOLLOWER to CANDIDATE at term 0 for changeToCandidate
2019-09-12 04:06:01,898 [Thread-1343] INFO  impl.RoleInfo (RoleInfo.java:updateAndGet(143)) - fc0aded7-5090-49ad-a6b0-e16cfe155c18: start LeaderElection
2019-09-12 04:06:01,963 [cfbaf9ff-a5d2-4350-abbf-bcb1aefbe8d3@group-B0BBA3B17B95:LeaderElection14] INFO  impl.LeaderElection (LeaderElection.java:askForVotes(182)) - cfbaf9ff-a5d2-4350-abbf-bcb1aefbe8d3@group-B0BBA3B17B95:LeaderElection14: begin an election at term 1 for -1: [826a4c15-f032-4805-8cf4-5e11fe4a99d7:192.168.34.8:34361, cfbaf9ff-a5d2-4350-abbf-bcb1aefbe8d3:192.168.34.8:40308, fc0aded7-5090-49ad-a6b0-e16cfe155c18:192.168.34.8:41944], old=null
2019-09-12 04:06:02,012 [fc0aded7-5090-49ad-a6b0-e16cfe155c18@group-B0BBA3B17B95:LeaderElection15] INFO  impl.LeaderElection (LeaderElection.java:askForVotes(182)) - fc0aded7-5090-49ad-a6b0-e16cfe155c18@group-B0BBA3B17B95:LeaderElection15: begin an election at term 1 for -1: [826a4c15-f032-4805-8cf4-5e11fe4a99d7:192.168.34.8:34361, cfbaf9ff-a5d2-4350-abbf-bcb1aefbe8d3:192.168.34.8:40308, fc0aded7-5090-49ad-a6b0-e16cfe155c18:192.168.34.8:41944], old=null
2019-09-12 04:06:02,013 [826a4c15-f032-4805-8cf4-5e11fe4a99d7@group-B0BBA3B17B95:LeaderElection13] INFO  impl.LeaderElection (LeaderElection.java:logAndReturn(56)) - 826a4c15-f032-4805-8cf4-5e11fe4a99d7@group-B0BBA3B17B95:LeaderElection13: Election REJECTED; received 2 response(s) [826a4c15-f032-4805-8cf4-5e11fe4a99d7<-cfbaf9ff-a5d2-4350-abbf-bcb1aefbe8d3#0:FAIL-t1, 826a4c15-f032-4805-8cf4-5e11fe4a99d7<-fc0aded7-5090-49ad-a6b0-e16cfe155c18#0:FAIL-t1] and 0 exception(s); 826a4c15-f032-4805-8cf4-5e11fe4a99d7@group-B0BBA3B17B95:t1, leader=null, voted=826a4c15-f032-4805-8cf4-5e11fe4a99d7, raftlog=826a4c15-f032-4805-8cf4-5e11fe4a99d7@group-B0BBA3B17B95-SegmentedRaftLog:OPENED:c-1,f-1,i0, conf=-1: [826a4c15-f032-4805-8cf4-5e11fe4a99d7:192.168.34.8:34361, cfbaf9ff-a5d2-4350-abbf-bcb1aefbe8d3:192.168.34.8:40308, fc0aded7-5090-49ad-a6b0-e16cfe155c18:192.168.34.8:41944], old=null
2019-09-12 04:06:02,013 [cfbaf9ff-a5d2-4350-abbf-bcb1aefbe8d3@group-B0BBA3B17B95:LeaderElection14] INFO  impl.LeaderElection (LeaderElection.java:logAndReturn(56)) - cfbaf9ff-a5d2-4350-abbf-bcb1aefbe8d3@group-B0BBA3B17B95:LeaderElection14: Election REJECTED; received 2 response(s) [cfbaf9ff-a5d2-4350-abbf-bcb1aefbe8d3<-826a4c15-f032-4805-8cf4-5e11fe4a99d7#0:FAIL-t1, cfbaf9ff-a5d2-4350-abbf-bcb1aefbe8d3<-fc0aded7-5090-49ad-a6b0-e16cfe155c18#0:FAIL-t1] and 0 exception(s); cfbaf9ff-a5d2-4350-abbf-bcb1aefbe8d3@group-B0BBA3B17B95:t1, leader=null, voted=cfbaf9ff-a5d2-4350-abbf-bcb1aefbe8d3, raftlog=cfbaf9ff-a5d2-4350-abbf-bcb1aefbe8d3@group-B0BBA3B17B95-SegmentedRaftLog:OPENED:c-1,f-1,i0, conf=-1: [826a4c15-f032-4805-8cf4-5e11fe4a99d7:192.168.34.8:34361, cfbaf9ff-a5d2-4350-abbf-bcb1aefbe8d3:192.168.34.8:40308, fc0aded7-5090-49ad-a6b0-e16cfe155c18:192.168.34.8:41944], old=null
2019-09-12 04:06:02,019 [826a4c15-f032-4805-8cf4-5e11fe4a99d7@group-B0BBA3B17B95:LeaderElection13] INFO  impl.RaftServerImpl (RaftServerImpl.java:setRole(174)) - 826a4c15-f032-4805-8cf4-5e11fe4a99d7@group-B0BBA3B17B95: changes role from CANDIDATE to FOLLOWER at term 1 for DISCOVERED_A_NEW_TERM
2019-09-12 04:06:02,019 [cfbaf9ff-a5d2-4350-abbf-bcb1aefbe8d3@group-B0BBA3B17B95:LeaderElection14] INFO  impl.RaftServerImpl (RaftServerImpl.java:setRole(174)) - cfbaf9ff-a5d2-4350-abbf-bcb1aefbe8d3@group-B0BBA3B17B95: changes role from CANDIDATE to FOLLOWER at term 1 for DISCOVERED_A_NEW_TERM
2019-09-12 04:06:02,022 [826a4c15-f032-4805-8cf4-5e11fe4a99d7@group-B0BBA3B17B95:LeaderElection13] INFO  impl.RoleInfo (RoleInfo.java:shutdownLeaderElection(134)) - 826a4c15-f032-4805-8cf4-5e11fe4a99d7: shutdown LeaderElection
2019-09-12 04:06:02,022 [cfbaf9ff-a5d2-4350-abbf-bcb1aefbe8d3@group-B0BBA3B17B95:LeaderElection14] INFO  impl.RoleInfo (RoleInfo.java:shutdownLeaderElection(134)) - cfbaf9ff-a5d2-4350-abbf-bcb1aefbe8d3: shutdown LeaderElection
2019-09-12 04:06:02,022 [cfbaf9ff-a5d2-4350-abbf-bcb1aefbe8d3@group-B0BBA3B17B95:LeaderElection14] INFO  impl.RoleInfo (RoleInfo.java:updateAndGet(143)) - cfbaf9ff-a5d2-4350-abbf-bcb1aefbe8d3: start FollowerState
2019-09-12 04:06:02,022 [826a4c15-f032-4805-8cf4-5e11fe4a99d7@group-B0BBA3B17B95:LeaderElection13] INFO  impl.RoleInfo (RoleInfo.java:updateAndGet(143)) - 826a4c15-f032-4805-8cf4-5e11fe4a99d7: start FollowerState
2019-09-12 04:06:02,028 [fc0aded7-5090-49ad-a6b0-e16cfe155c18@group-B0BBA3B17B95:LeaderElection15] INFO  impl.LeaderElection (LeaderElection.java:logAndReturn(56)) - fc0aded7-5090-49ad-a6b0-e16cfe155c18@group-B0BBA3B17B95:LeaderElection15: Election REJECTED; received 2 response(s) [fc0aded7-5090-49ad-a6b0-e16cfe155c18<-826a4c15-f032-4805-8cf4-5e11fe4a99d7#0:FAIL-t1, fc0aded7-5090-49ad-a6b0-e16cfe155c18<-cfbaf9ff-a5d2-4350-abbf-bcb1aefbe8d3#0:FAIL-t1] and 0 exception(s); fc0aded7-5090-49ad-a6b0-e16cfe155c18@group-B0BBA3B17B95:t1, leader=null, voted=fc0aded7-5090-49ad-a6b0-e16cfe155c18, raftlog=fc0aded7-5090-49ad-a6b0-e16cfe155c18@group-B0BBA3B17B95-SegmentedRaftLog:OPENED:c-1,f-1,i0, conf=-1: [826a4c15-f032-4805-8cf4-5e11fe4a99d7:192.168.34.8:34361, cfbaf9ff-a5d2-4350-abbf-bcb1aefbe8d3:192.168.34.8:40308, fc0aded7-5090-49ad-a6b0-e16cfe155c18:192.168.34.8:41944], old=null
2019-09-12 04:06:02,028 [fc0aded7-5090-49ad-a6b0-e16cfe155c18@group-B0BBA3B17B95:LeaderElection15] INFO  impl.RaftServerImpl (RaftServerImpl.java:setRole(174)) - fc0aded7-5090-49ad-a6b0-e16cfe155c18@group-B0BBA3B17B95: changes role from CANDIDATE to FOLLOWER at term 1 for DISCOVERED_A_NEW_TERM
2019-09-12 04:06:02,030 [fc0aded7-5090-49ad-a6b0-e16cfe155c18@group-B0BBA3B17B95:LeaderElection15] INFO  impl.RoleInfo (RoleInfo.java:shutdownLeaderElection(134)) - fc0aded7-5090-49ad-a6b0-e16cfe155c18: shutdown LeaderElection
2019-09-12 04:06:02,030 [fc0aded7-5090-49ad-a6b0-e16cfe155c18@group-B0BBA3B17B95:LeaderElection15] INFO  impl.RoleInfo (RoleInfo.java:updateAndGet(143)) - fc0aded7-5090-49ad-a6b0-e16cfe155c18: start FollowerState
2019-09-12 04:06:02,472 [826a4c15-f032-4805-8cf4-5e11fe4a99d7@group-F484CCC1AA7A-SegmentedRaftLogWorker] WARN  segmented.SegmentedRaftLogWorker (SegmentedRaftLogWorker.java:getFromFuture(90)) - Timeout 16/~
org.apache.ratis.protocol.TimeoutIOException: Timeout 10s: WriteLog:17: (t:1, i:17), STATEMACHINELOGENTRY, client-EFFAA1C83E3D, cid=30-writeStateMachineData
	at org.apache.ratis.util.IOUtils.getFromFuture(IOUtils.java:87)
	at org.apache.ratis.server.raftlog.segmented.SegmentedRaftLogWorker$StateMachineDataPolicy.getFromFuture(SegmentedRaftLogWorker.java:87)
	at org.apache.ratis.server.raftlog.segmented.SegmentedRaftLogWorker$WriteLog.execute(SegmentedRaftLogWorker.java:477)
	at org.apache.ratis.server.raftlog.segmented.SegmentedRaftLogWorker.run(SegmentedRaftLogWorker.java:289)
	at java.lang.Thread.run(Thread.java:748)
Caused by: java.util.concurrent.TimeoutException
	at java.util.concurrent.CompletableFuture.timedGet(CompletableFuture.java:1771)
	at java.util.concurrent.CompletableFuture.get(CompletableFuture.java:1915)
	at org.apache.ratis.util.IOUtils.getFromFuture(IOUtils.java:79)
	... 4 more
2019-09-12 04:06:02,843 [fc0aded7-5090-49ad-a6b0-e16cfe155c18@group-F484CCC1AA7A-SegmentedRaftLogWorker] WARN  segmented.SegmentedRaftLogWorker (SegmentedRaftLogWorker.java:getFromFuture(90)) - Timeout 16/~
org.apache.ratis.protocol.TimeoutIOException: Timeout 10s: WriteLog:18: (t:1, i:18), STATEMACHINELOGENTRY, client-EFFAA1C83E3D, cid=31-writeStateMachineData
	at org.apache.ratis.util.IOUtils.getFromFuture(IOUtils.java:87)
	at org.apache.ratis.server.raftlog.segmented.SegmentedRaftLogWorker$StateMachineDataPolicy.getFromFuture(SegmentedRaftLogWorker.java:87)
	at org.apache.ratis.server.raftlog.segmented.SegmentedRaftLogWorker$WriteLog.execute(SegmentedRaftLogWorker.java:477)
	at org.apache.ratis.server.raftlog.segmented.SegmentedRaftLogWorker.run(SegmentedRaftLogWorker.java:289)
	at java.lang.Thread.run(Thread.java:748)
Caused by: java.util.concurrent.TimeoutException
	at java.util.concurrent.CompletableFuture.timedGet(CompletableFuture.java:1771)
	at java.util.concurrent.CompletableFuture.get(CompletableFuture.java:1915)
	at org.apache.ratis.util.IOUtils.getFromFuture(IOUtils.java:79)
	... 4 more
2019-09-12 04:06:02,843 [cfbaf9ff-a5d2-4350-abbf-bcb1aefbe8d3@group-F484CCC1AA7A-SegmentedRaftLogWorker] WARN  segmented.SegmentedRaftLogWorker (SegmentedRaftLogWorker.java:getFromFuture(90)) - Timeout 16/~
org.apache.ratis.protocol.TimeoutIOException: Timeout 10s: WriteLog:18: (t:1, i:18), STATEMACHINELOGENTRY, client-EFFAA1C83E3D, cid=31-writeStateMachineData
	at org.apache.ratis.util.IOUtils.getFromFuture(IOUtils.java:87)
	at org.apache.ratis.server.raftlog.segmented.SegmentedRaftLogWorker$StateMachineDataPolicy.getFromFuture(SegmentedRaftLogWorker.java:87)
	at org.apache.ratis.server.raftlog.segmented.SegmentedRaftLogWorker$WriteLog.execute(SegmentedRaftLogWorker.java:477)
	at org.apache.ratis.server.raftlog.segmented.SegmentedRaftLogWorker.run(SegmentedRaftLogWorker.java:289)
	at java.lang.Thread.run(Thread.java:748)
Caused by: java.util.concurrent.TimeoutException
	at java.util.concurrent.CompletableFuture.timedGet(CompletableFuture.java:1771)
	at java.util.concurrent.CompletableFuture.get(CompletableFuture.java:1915)
	at org.apache.ratis.util.IOUtils.getFromFuture(IOUtils.java:79)
	... 4 more
2019-09-12 04:06:03,338 [org.apache.ratis.server.impl.LogAppender$AppenderDaemon$$Lambda$490/586156626@38368505] ERROR ratis.XceiverServerRatis (XceiverServerRatis.java:triggerPipelineClose(568)) - pipeline Action CLOSE  on pipeline PipelineID=743e7b28-aad9-4826-95d5-f484ccc1aa7a.Reason : cfbaf9ff-a5d2-4350-abbf-bcb1aefbe8d3 has not seen follower/s 826a4c15-f032-4805-8cf4-5e11fe4a99d7 for 171028ms fc0aded7-5090-49ad-a6b0-e16cfe155c18 for 171029ms
2019-09-12 04:06:03,338 [org.apache.ratis.server.impl.LogAppender$AppenderDaemon$$Lambda$490/586156626@3219098e] ERROR ratis.XceiverServerRatis (XceiverServerRatis.java:triggerPipelineClose(568)) - pipeline Action CLOSE  on pipeline PipelineID=743e7b28-aad9-4826-95d5-f484ccc1aa7a.Reason : cfbaf9ff-a5d2-4350-abbf-bcb1aefbe8d3 has not seen follower/s 826a4c15-f032-4805-8cf4-5e11fe4a99d7 for 171028ms fc0aded7-5090-49ad-a6b0-e16cfe155c18 for 171029ms
2019-09-12 04:06:03,827 [EventQueue-PipelineActionsForPipelineActionHandler] ERROR pipeline.PipelineActionHandler (PipelineActionHandler.java:onMessage(60)) - Received pipeline action CLOSE for Pipeline[ Id: 743e7b28-aad9-4826-95d5-f484ccc1aa7a, Nodes: 826a4c15-f032-4805-8cf4-5e11fe4a99d7{ip: 192.168.34.8, host: pr-hdds-1879-pbs75-1821932185, networkLocation: /default-rack, certSerialId: null}fc0aded7-5090-49ad-a6b0-e16cfe155c18{ip: 192.168.34.8, host: pr-hdds-1879-pbs75-1821932185, networkLocation: /default-rack, certSerialId: null}cfbaf9ff-a5d2-4350-abbf-bcb1aefbe8d3{ip: 192.168.34.8, host: pr-hdds-1879-pbs75-1821932185, networkLocation: /default-rack, certSerialId: null}, Type:RATIS, Factor:THREE, State:CLOSED] from datanode cfbaf9ff-a5d2-4350-abbf-bcb1aefbe8d3{ip: 192.168.34.8, host: pr-hdds-1879-pbs75-1821932185, networkLocation: /default-rack, certSerialId: null}. Reason : cfbaf9ff-a5d2-4350-abbf-bcb1aefbe8d3 has not seen follower/s 826a4c15-f032-4805-8cf4-5e11fe4a99d7 for 171028ms fc0aded7-5090-49ad-a6b0-e16cfe155c18 for 171029ms
2019-09-12 04:06:03,827 [EventQueue-PipelineActionsForPipelineActionHandler] INFO  pipeline.SCMPipelineManager (SCMPipelineManager.java:finalizeAndDestroyPipeline(311)) - destroying pipeline:Pipeline[ Id: 743e7b28-aad9-4826-95d5-f484ccc1aa7a, Nodes: 826a4c15-f032-4805-8cf4-5e11fe4a99d7{ip: 192.168.34.8, host: pr-hdds-1879-pbs75-1821932185, networkLocation: /default-rack, certSerialId: null}fc0aded7-5090-49ad-a6b0-e16cfe155c18{ip: 192.168.34.8, host: pr-hdds-1879-pbs75-1821932185, networkLocation: /default-rack, certSerialId: null}cfbaf9ff-a5d2-4350-abbf-bcb1aefbe8d3{ip: 192.168.34.8, host: pr-hdds-1879-pbs75-1821932185, networkLocation: /default-rack, certSerialId: null}, Type:RATIS, Factor:THREE, State:CLOSED]
2019-09-12 04:06:03,837 [java.util.concurrent.ThreadPoolExecutor$Worker@4b834a8d[State = -1, empty queue]] WARN  server.GrpcLogAppender (GrpcLogAppender.java:timeoutAppendRequest(200)) - cfbaf9ff-a5d2-4350-abbf-bcb1aefbe8d3@group-F484CCC1AA7A->fc0aded7-5090-49ad-a6b0-e16cfe155c18-GrpcLogAppender: appendEntries Timeout, request=cfbaf9ff-a5d2-4350-abbf-bcb1aefbe8d3->fc0aded7-5090-49ad-a6b0-e16cfe155c18#165-t1, previous=(t:1, i:23), leaderCommit=16, initializing? false, entries: <empty>
2019-09-12 04:06:03,837 [java.util.concurrent.ThreadPoolExecutor$Worker@76a00050[State = -1, empty queue]] WARN  server.GrpcLogAppender (GrpcLogAppender.java:timeoutAppendRequest(200)) - cfbaf9ff-a5d2-4350-abbf-bcb1aefbe8d3@group-F484CCC1AA7A->826a4c15-f032-4805-8cf4-5e11fe4a99d7-GrpcLogAppender: appendEntries Timeout, request=cfbaf9ff-a5d2-4350-abbf-bcb1aefbe8d3->826a4c15-f032-4805-8cf4-5e11fe4a99d7#165-t1, previous=(t:1, i:23), leaderCommit=16, initializing? false, entries: <empty>
2019-09-12 04:06:04,247 [grpc-default-executor-8] INFO  client.GrpcClientProtocolClient (GrpcClientProtocolClient.java:onNext(264)) - client-EFFAA1C83E3D->826a4c15-f032-4805-8cf4-5e11fe4a99d7: receive RaftClientReply:client-EFFAA1C83E3D->826a4c15-f032-4805-8cf4-5e11fe4a99d7@group-F484CCC1AA7A, cid=30, FAILED org.apache.ratis.protocol.NotLeaderException: Server 826a4c15-f032-4805-8cf4-5e11fe4a99d7@group-F484CCC1AA7A is not the leader cfbaf9ff-a5d2-4350-abbf-bcb1aefbe8d3:192.168.34.8:40308, logIndex=0, commits[826a4c15-f032-4805-8cf4-5e11fe4a99d7:c16, cfbaf9ff-a5d2-4350-abbf-bcb1aefbe8d3:c16, fc0aded7-5090-49ad-a6b0-e16cfe155c18:c14]
2019-09-12 04:06:05,840 [org.apache.ratis.server.impl.LogAppender$AppenderDaemon$$Lambda$490/586156626@3219098e] ERROR ratis.XceiverServerRatis (XceiverServerRatis.java:triggerPipelineClose(568)) - pipeline Action CLOSE  on pipeline PipelineID=743e7b28-aad9-4826-95d5-f484ccc1aa7a.Reason : cfbaf9ff-a5d2-4350-abbf-bcb1aefbe8d3 has not seen follower/s 826a4c15-f032-4805-8cf4-5e11fe4a99d7 for 173530ms fc0aded7-5090-49ad-a6b0-e16cfe155c18 for 173530ms
2019-09-12 04:06:05,840 [org.apache.ratis.server.impl.LogAppender$AppenderDaemon$$Lambda$490/586156626@38368505] ERROR ratis.XceiverServerRatis (XceiverServerRatis.java:triggerPipelineClose(568)) - pipeline Action CLOSE  on pipeline PipelineID=743e7b28-aad9-4826-95d5-f484ccc1aa7a.Reason : cfbaf9ff-a5d2-4350-abbf-bcb1aefbe8d3 has not seen follower/s 826a4c15-f032-4805-8cf4-5e11fe4a99d7 for 173530ms fc0aded7-5090-49ad-a6b0-e16cfe155c18 for 173530ms
2019-09-12 04:06:06,338 [java.util.concurrent.ThreadPoolExecutor$Worker@4b834a8d[State = -1, empty queue]] WARN  server.GrpcLogAppender (GrpcLogAppender.java:timeoutAppendRequest(200)) - cfbaf9ff-a5d2-4350-abbf-bcb1aefbe8d3@group-F484CCC1AA7A->fc0aded7-5090-49ad-a6b0-e16cfe155c18-GrpcLogAppender: appendEntries Timeout, request=cfbaf9ff-a5d2-4350-abbf-bcb1aefbe8d3->fc0aded7-5090-49ad-a6b0-e16cfe155c18#166-t1, previous=(t:1, i:23), leaderCommit=16, initializing? false, entries: <empty>
2019-09-12 04:06:06,338 [java.util.concurrent.ThreadPoolExecutor$Worker@76a00050[State = -1, empty queue]] WARN  server.GrpcLogAppender (GrpcLogAppender.java:timeoutAppendRequest(200)) - cfbaf9ff-a5d2-4350-abbf-bcb1aefbe8d3@group-F484CCC1AA7A->826a4c15-f032-4805-8cf4-5e11fe4a99d7-GrpcLogAppender: appendEntries Timeout, request=cfbaf9ff-a5d2-4350-abbf-bcb1aefbe8d3->826a4c15-f032-4805-8cf4-5e11fe4a99d7#166-t1, previous=(t:1, i:23), leaderCommit=16, initializing? false, entries: <empty>
2019-09-12 04:06:06,829 [EventQueue-PipelineActionsForPipelineActionHandler] ERROR pipeline.PipelineActionHandler (PipelineActionHandler.java:onMessage(60)) - Received pipeline action CLOSE for Pipeline[ Id: 743e7b28-aad9-4826-95d5-f484ccc1aa7a, Nodes: 826a4c15-f032-4805-8cf4-5e11fe4a99d7{ip: 192.168.34.8, host: pr-hdds-1879-pbs75-1821932185, networkLocation: /default-rack, certSerialId: null}fc0aded7-5090-49ad-a6b0-e16cfe155c18{ip: 192.168.34.8, host: pr-hdds-1879-pbs75-1821932185, networkLocation: /default-rack, certSerialId: null}cfbaf9ff-a5d2-4350-abbf-bcb1aefbe8d3{ip: 192.168.34.8, host: pr-hdds-1879-pbs75-1821932185, networkLocation: /default-rack, certSerialId: null}, Type:RATIS, Factor:THREE, State:CLOSED] from datanode cfbaf9ff-a5d2-4350-abbf-bcb1aefbe8d3{ip: 192.168.34.8, host: pr-hdds-1879-pbs75-1821932185, networkLocation: /default-rack, certSerialId: null}. Reason : cfbaf9ff-a5d2-4350-abbf-bcb1aefbe8d3 has not seen follower/s 826a4c15-f032-4805-8cf4-5e11fe4a99d7 for 173530ms fc0aded7-5090-49ad-a6b0-e16cfe155c18 for 173530ms
2019-09-12 04:06:06,830 [EventQueue-PipelineActionsForPipelineActionHandler] INFO  pipeline.SCMPipelineManager (SCMPipelineManager.java:finalizeAndDestroyPipeline(311)) - destroying pipeline:Pipeline[ Id: 743e7b28-aad9-4826-95d5-f484ccc1aa7a, Nodes: 826a4c15-f032-4805-8cf4-5e11fe4a99d7{ip: 192.168.34.8, host: pr-hdds-1879-pbs75-1821932185, networkLocation: /default-rack, certSerialId: null}fc0aded7-5090-49ad-a6b0-e16cfe155c18{ip: 192.168.34.8, host: pr-hdds-1879-pbs75-1821932185, networkLocation: /default-rack, certSerialId: null}cfbaf9ff-a5d2-4350-abbf-bcb1aefbe8d3{ip: 192.168.34.8, host: pr-hdds-1879-pbs75-1821932185, networkLocation: /default-rack, certSerialId: null}, Type:RATIS, Factor:THREE, State:CLOSED]
2019-09-12 04:06:07,056 [Thread-1373] INFO  impl.FollowerState (FollowerState.java:run(106)) - fc0aded7-5090-49ad-a6b0-e16cfe155c18:group-B0BBA3B17B95 changes to CANDIDATE, lastRpcTime:5025, electionTimeout:5023ms
2019-09-12 04:06:07,056 [Thread-1373] INFO  impl.RoleInfo (RoleInfo.java:shutdownFollowerState(121)) - fc0aded7-5090-49ad-a6b0-e16cfe155c18: shutdown FollowerState
2019-09-12 04:06:07,056 [Thread-1373] INFO  impl.RaftServerImpl (RaftServerImpl.java:setRole(174)) - fc0aded7-5090-49ad-a6b0-e16cfe155c18@group-B0BBA3B17B95: changes role from  FOLLOWER to CANDIDATE at term 1 for changeToCandidate
2019-09-12 04:06:07,057 [Thread-1373] INFO  impl.RoleInfo (RoleInfo.java:updateAndGet(143)) - fc0aded7-5090-49ad-a6b0-e16cfe155c18: start LeaderElection
2019-09-12 04:06:07,101 [Thread-1372] INFO  impl.FollowerState (FollowerState.java:run(106)) - 826a4c15-f032-4805-8cf4-5e11fe4a99d7:group-B0BBA3B17B95 changes to CANDIDATE, lastRpcTime:5078, electionTimeout:5074ms
2019-09-12 04:06:07,102 [Thread-1372] INFO  impl.RoleInfo (RoleInfo.java:shutdownFollowerState(121)) - 826a4c15-f032-4805-8cf4-5e11fe4a99d7: shutdown FollowerState
2019-09-12 04:06:07,102 [Thread-1372] INFO  impl.RaftServerImpl (RaftServerImpl.java:setRole(174)) - 826a4c15-f032-4805-8cf4-5e11fe4a99d7@group-B0BBA3B17B95: changes role from  FOLLOWER to CANDIDATE at term 1 for changeToCandidate
2019-09-12 04:06:07,102 [Thread-1372] INFO  impl.RoleInfo (RoleInfo.java:updateAndGet(143)) - 826a4c15-f032-4805-8cf4-5e11fe4a99d7: start LeaderElection
2019-09-12 04:06:07,136 [fc0aded7-5090-49ad-a6b0-e16cfe155c18@group-B0BBA3B17B95:LeaderElection16] INFO  impl.LeaderElection (LeaderElection.java:askForVotes(182)) - fc0aded7-5090-49ad-a6b0-e16cfe155c18@group-B0BBA3B17B95:LeaderElection16: begin an election at term 2 for -1: [826a4c15-f032-4805-8cf4-5e11fe4a99d7:192.168.34.8:34361, cfbaf9ff-a5d2-4350-abbf-bcb1aefbe8d3:192.168.34.8:40308, fc0aded7-5090-49ad-a6b0-e16cfe155c18:192.168.34.8:41944], old=null
2019-09-12 04:06:07,140 [grpc-default-executor-6] INFO  impl.RaftServerImpl (RaftServerImpl.java:setRole(174)) - cfbaf9ff-a5d2-4350-abbf-bcb1aefbe8d3@group-B0BBA3B17B95: changes role from  FOLLOWER to FOLLOWER at term 2 for recognizeCandidate:fc0aded7-5090-49ad-a6b0-e16cfe155c18
2019-09-12 04:06:07,141 [grpc-default-executor-6] INFO  impl.RoleInfo (RoleInfo.java:shutdownFollowerState(121)) - cfbaf9ff-a5d2-4350-abbf-bcb1aefbe8d3: shutdown FollowerState
2019-09-12 04:06:07,141 [grpc-default-executor-6] INFO  impl.RoleInfo (RoleInfo.java:updateAndGet(143)) - cfbaf9ff-a5d2-4350-abbf-bcb1aefbe8d3: start FollowerState
2019-09-12 04:06:07,141 [Thread-1371] INFO  impl.FollowerState (FollowerState.java:run(115)) - cfbaf9ff-a5d2-4350-abbf-bcb1aefbe8d3: FollowerState was interrupted: java.lang.InterruptedException: sleep interrupted
2019-09-12 04:06:07,192 [826a4c15-f032-4805-8cf4-5e11fe4a99d7@group-B0BBA3B17B95:LeaderElection17] INFO  impl.LeaderElection (LeaderElection.java:askForVotes(182)) - 826a4c15-f032-4805-8cf4-5e11fe4a99d7@group-B0BBA3B17B95:LeaderElection17: begin an election at term 2 for -1: [826a4c15-f032-4805-8cf4-5e11fe4a99d7:192.168.34.8:34361, cfbaf9ff-a5d2-4350-abbf-bcb1aefbe8d3:192.168.34.8:40308, fc0aded7-5090-49ad-a6b0-e16cfe155c18:192.168.34.8:41944], old=null
2019-09-12 04:06:07,209 [fc0aded7-5090-49ad-a6b0-e16cfe155c18@group-B0BBA3B17B95:LeaderElection16] INFO  impl.LeaderElection (LeaderElection.java:logAndReturn(56)) - fc0aded7-5090-49ad-a6b0-e16cfe155c18@group-B0BBA3B17B95:LeaderElection16: Election PASSED; received 2 response(s) [fc0aded7-5090-49ad-a6b0-e16cfe155c18<-826a4c15-f032-4805-8cf4-5e11fe4a99d7#0:FAIL-t2, fc0aded7-5090-49ad-a6b0-e16cfe155c18<-cfbaf9ff-a5d2-4350-abbf-bcb1aefbe8d3#0:OK-t2] and 0 exception(s); fc0aded7-5090-49ad-a6b0-e16cfe155c18@group-B0BBA3B17B95:t2, leader=null, voted=fc0aded7-5090-49ad-a6b0-e16cfe155c18, raftlog=fc0aded7-5090-49ad-a6b0-e16cfe155c18@group-B0BBA3B17B95-SegmentedRaftLog:OPENED:c-1,f-1,i0, conf=-1: [826a4c15-f032-4805-8cf4-5e11fe4a99d7:192.168.34.8:34361, cfbaf9ff-a5d2-4350-abbf-bcb1aefbe8d3:192.168.34.8:40308, fc0aded7-5090-49ad-a6b0-e16cfe155c18:192.168.34.8:41944], old=null
2019-09-12 04:06:07,209 [826a4c15-f032-4805-8cf4-5e11fe4a99d7@group-B0BBA3B17B95:LeaderElection17] INFO  impl.LeaderElection (LeaderElection.java:logAndReturn(56)) - 826a4c15-f032-4805-8cf4-5e11fe4a99d7@group-B0BBA3B17B95:LeaderElection17: Election REJECTED; received 2 response(s) [826a4c15-f032-4805-8cf4-5e11fe4a99d7<-cfbaf9ff-a5d2-4350-abbf-bcb1aefbe8d3#0:FAIL-t2, 826a4c15-f032-4805-8cf4-5e11fe4a99d7<-fc0aded7-5090-49ad-a6b0-e16cfe155c18#0:FAIL-t2] and 0 exception(s); 826a4c15-f032-4805-8cf4-5e11fe4a99d7@group-B0BBA3B17B95:t2, leader=null, voted=826a4c15-f032-4805-8cf4-5e11fe4a99d7, raftlog=826a4c15-f032-4805-8cf4-5e11fe4a99d7@group-B0BBA3B17B95-SegmentedRaftLog:OPENED:c-1,f-1,i0, conf=-1: [826a4c15-f032-4805-8cf4-5e11fe4a99d7:192.168.34.8:34361, cfbaf9ff-a5d2-4350-abbf-bcb1aefbe8d3:192.168.34.8:40308, fc0aded7-5090-49ad-a6b0-e16cfe155c18:192.168.34.8:41944], old=null
2019-09-12 04:06:07,210 [fc0aded7-5090-49ad-a6b0-e16cfe155c18@group-B0BBA3B17B95:LeaderElection16] INFO  impl.RoleInfo (RoleInfo.java:shutdownLeaderElection(134)) - fc0aded7-5090-49ad-a6b0-e16cfe155c18: shutdown LeaderElection
2019-09-12 04:06:07,210 [826a4c15-f032-4805-8cf4-5e11fe4a99d7@group-B0BBA3B17B95:LeaderElection17] INFO  impl.RaftServerImpl (RaftServerImpl.java:setRole(174)) - 826a4c15-f032-4805-8cf4-5e11fe4a99d7@group-B0BBA3B17B95: changes role from CANDIDATE to FOLLOWER at term 2 for DISCOVERED_A_NEW_TERM
2019-09-12 04:06:07,222 [fc0aded7-5090-49ad-a6b0-e16cfe155c18@group-B0BBA3B17B95:LeaderElection16] INFO  impl.RaftServerImpl (RaftServerImpl.java:setRole(174)) - fc0aded7-5090-49ad-a6b0-e16cfe155c18@group-B0BBA3B17B95: changes role from CANDIDATE to LEADER at term 2 for changeToLeader
2019-09-12 04:06:07,222 [826a4c15-f032-4805-8cf4-5e11fe4a99d7@group-B0BBA3B17B95:LeaderElection17] INFO  impl.RoleInfo (RoleInfo.java:shutdownLeaderElection(134)) - 826a4c15-f032-4805-8cf4-5e11fe4a99d7: shutdown LeaderElection
2019-09-12 04:06:07,222 [fc0aded7-5090-49ad-a6b0-e16cfe155c18@group-B0BBA3B17B95:LeaderElection16] INFO  impl.RaftServerImpl (ServerState.java:setLeader(253)) - fc0aded7-5090-49ad-a6b0-e16cfe155c18@group-B0BBA3B17B95: change Leader from null to fc0aded7-5090-49ad-a6b0-e16cfe155c18 at term 2 for becomeLeader, leader elected after 10500ms
2019-09-12 04:06:07,223 [826a4c15-f032-4805-8cf4-5e11fe4a99d7@group-B0BBA3B17B95:LeaderElection17] INFO  impl.RoleInfo (RoleInfo.java:updateAndGet(143)) - 826a4c15-f032-4805-8cf4-5e11fe4a99d7: start FollowerState
2019-09-12 04:06:07,223 [fc0aded7-5090-49ad-a6b0-e16cfe155c18@group-B0BBA3B17B95:LeaderElection16] INFO  server.RaftServerConfigKeys (ConfUtils.java:logGet(43)) - raft.server.staging.catchup.gap = 1000 (default)
2019-09-12 04:06:07,223 [fc0aded7-5090-49ad-a6b0-e16cfe155c18@group-B0BBA3B17B95:LeaderElection16] INFO  server.RaftServerConfigKeys (ConfUtils.java:logGet(43)) - raft.server.rpc.sleep.time = 25ms (default)
2019-09-12 04:06:07,223 [fc0aded7-5090-49ad-a6b0-e16cfe155c18@group-B0BBA3B17B95:LeaderElection16] INFO  server.RaftServerConfigKeys (ConfUtils.java:logGet(43)) - raft.server.write.element-limit = 4096 (default)
2019-09-12 04:06:07,223 [fc0aded7-5090-49ad-a6b0-e16cfe155c18@group-B0BBA3B17B95:LeaderElection16] INFO  server.RaftServerConfigKeys (ConfUtils.java:logGet(43)) - raft.server.watch.timeout = 10s (default)
2019-09-12 04:06:07,223 [fc0aded7-5090-49ad-a6b0-e16cfe155c18@group-B0BBA3B17B95:LeaderElection16] INFO  server.RaftServerConfigKeys (ConfUtils.java:logGet(43)) - raft.server.watch.timeout.denomination = 1s (default)
2019-09-12 04:06:07,223 [fc0aded7-5090-49ad-a6b0-e16cfe155c18@group-B0BBA3B17B95:LeaderElection16] INFO  server.RaftServerConfigKeys (ConfUtils.java:logGet(43)) - raft.server.watch.element-limit = 65536 (default)
2019-09-12 04:06:07,227 [fc0aded7-5090-49ad-a6b0-e16cfe155c18@group-B0BBA3B17B95:LeaderElection16] INFO  server.RaftServerConfigKeys (ConfUtils.java:logGet(43)) - raft.server.log.appender.snapshot.chunk.size.max = 16MB (=16777216) (default)
2019-09-12 04:06:07,227 [fc0aded7-5090-49ad-a6b0-e16cfe155c18@group-B0BBA3B17B95:LeaderElection16] INFO  server.RaftServerConfigKeys (ConfUtils.java:logGet(43)) - raft.server.log.appender.buffer.byte-limit = 33554432 (custom)
2019-09-12 04:06:07,227 [fc0aded7-5090-49ad-a6b0-e16cfe155c18@group-B0BBA3B17B95:LeaderElection16] INFO  server.RaftServerConfigKeys (ConfUtils.java:logGet(43)) - raft.server.log.appender.buffer.element-limit = 1 (custom)
2019-09-12 04:06:07,227 [fc0aded7-5090-49ad-a6b0-e16cfe155c18@group-B0BBA3B17B95:LeaderElection16] INFO  grpc.GrpcConfigKeys$Server (ConfUtils.java:logGet(43)) - raft.grpc.server.leader.outstanding.appends.max = 128 (default)
2019-09-12 04:06:07,227 [fc0aded7-5090-49ad-a6b0-e16cfe155c18@group-B0BBA3B17B95:LeaderElection16] INFO  server.RaftServerConfigKeys (ConfUtils.java:logGet(43)) - raft.server.rpc.request.timeout = 3000ms (default)
2019-09-12 04:06:07,228 [fc0aded7-5090-49ad-a6b0-e16cfe155c18@group-B0BBA3B17B95:LeaderElection16] INFO  server.RaftServerConfigKeys (ConfUtils.java:logGet(43)) - raft.server.log.appender.install.snapshot.enabled = false (custom)
2019-09-12 04:06:07,228 [fc0aded7-5090-49ad-a6b0-e16cfe155c18@group-B0BBA3B17B95:LeaderElection16] INFO  server.RaftServerConfigKeys (ConfUtils.java:logGet(43)) - raft.server.log.appender.snapshot.chunk.size.max = 16MB (=16777216) (default)
2019-09-12 04:06:07,228 [fc0aded7-5090-49ad-a6b0-e16cfe155c18@group-B0BBA3B17B95:LeaderElection16] INFO  server.RaftServerConfigKeys (ConfUtils.java:logGet(43)) - raft.server.log.appender.buffer.byte-limit = 33554432 (custom)
2019-09-12 04:06:07,228 [fc0aded7-5090-49ad-a6b0-e16cfe155c18@group-B0BBA3B17B95:LeaderElection16] INFO  server.RaftServerConfigKeys (ConfUtils.java:logGet(43)) - raft.server.log.appender.buffer.element-limit = 1 (custom)
2019-09-12 04:06:07,228 [fc0aded7-5090-49ad-a6b0-e16cfe155c18@group-B0BBA3B17B95:LeaderElection16] INFO  grpc.GrpcConfigKeys$Server (ConfUtils.java:logGet(43)) - raft.grpc.server.leader.outstanding.appends.max = 128 (default)
2019-09-12 04:06:07,228 [fc0aded7-5090-49ad-a6b0-e16cfe155c18@group-B0BBA3B17B95:LeaderElection16] INFO  server.RaftServerConfigKeys (ConfUtils.java:logGet(43)) - raft.server.rpc.request.timeout = 3000ms (default)
2019-09-12 04:06:07,228 [fc0aded7-5090-49ad-a6b0-e16cfe155c18@group-B0BBA3B17B95:LeaderElection16] INFO  server.RaftServerConfigKeys (ConfUtils.java:logGet(43)) - raft.server.log.appender.install.snapshot.enabled = false (custom)
2019-09-12 04:06:07,229 [fc0aded7-5090-49ad-a6b0-e16cfe155c18@group-B0BBA3B17B95:LeaderElection16] INFO  impl.RoleInfo (RoleInfo.java:updateAndGet(143)) - fc0aded7-5090-49ad-a6b0-e16cfe155c18: start LeaderState
2019-09-12 04:06:07,229 [fc0aded7-5090-49ad-a6b0-e16cfe155c18@group-B0BBA3B17B95:LeaderElection16] INFO  segmented.SegmentedRaftLogWorker (SegmentedRaftLogWorker.java:startLogSegment(380)) - fc0aded7-5090-49ad-a6b0-e16cfe155c18@group-B0BBA3B17B95-SegmentedRaftLogWorker: Starting segment from index:0
2019-09-12 04:06:07,230 [fc0aded7-5090-49ad-a6b0-e16cfe155c18@group-B0BBA3B17B95:LeaderElection16] INFO  impl.RaftServerImpl (ServerState.java:setRaftConf(354)) - fc0aded7-5090-49ad-a6b0-e16cfe155c18@group-B0BBA3B17B95: set configuration 0: [826a4c15-f032-4805-8cf4-5e11fe4a99d7:192.168.34.8:34361, cfbaf9ff-a5d2-4350-abbf-bcb1aefbe8d3:192.168.34.8:40308, fc0aded7-5090-49ad-a6b0-e16cfe155c18:192.168.34.8:41944], old=null at 0
2019-09-12 04:06:07,259 [grpc-default-executor-6] INFO  impl.RaftServerImpl (ServerState.java:setLeader(253)) - 826a4c15-f032-4805-8cf4-5e11fe4a99d7@group-B0BBA3B17B95: change Leader from null to fc0aded7-5090-49ad-a6b0-e16cfe155c18 at term 2 for appendEntries, leader elected after 10519ms
2019-09-12 04:06:07,259 [grpc-default-executor-8] INFO  impl.RaftServerImpl (ServerState.java:setLeader(253)) - cfbaf9ff-a5d2-4350-abbf-bcb1aefbe8d3@group-B0BBA3B17B95: change Leader from null to fc0aded7-5090-49ad-a6b0-e16cfe155c18 at term 2 for appendEntries, leader elected after 10519ms
2019-09-12 04:06:07,263 [grpc-default-executor-6] INFO  impl.RaftServerImpl (ServerState.java:setRaftConf(354)) - cfbaf9ff-a5d2-4350-abbf-bcb1aefbe8d3@group-B0BBA3B17B95: set configuration 0: [826a4c15-f032-4805-8cf4-5e11fe4a99d7:192.168.34.8:34361, cfbaf9ff-a5d2-4350-abbf-bcb1aefbe8d3:192.168.34.8:40308, fc0aded7-5090-49ad-a6b0-e16cfe155c18:192.168.34.8:41944], old=null at 0
2019-09-12 04:06:07,263 [grpc-default-executor-8] INFO  impl.RaftServerImpl (ServerState.java:setRaftConf(354)) - 826a4c15-f032-4805-8cf4-5e11fe4a99d7@group-B0BBA3B17B95: set configuration 0: [826a4c15-f032-4805-8cf4-5e11fe4a99d7:192.168.34.8:34361, cfbaf9ff-a5d2-4350-abbf-bcb1aefbe8d3:192.168.34.8:40308, fc0aded7-5090-49ad-a6b0-e16cfe155c18:192.168.34.8:41944], old=null at 0
2019-09-12 04:06:07,263 [grpc-default-executor-6] INFO  segmented.SegmentedRaftLogWorker (SegmentedRaftLogWorker.java:startLogSegment(380)) - cfbaf9ff-a5d2-4350-abbf-bcb1aefbe8d3@group-B0BBA3B17B95-SegmentedRaftLogWorker: Starting segment from index:0
2019-09-12 04:06:07,263 [grpc-default-executor-8] INFO  segmented.SegmentedRaftLogWorker (SegmentedRaftLogWorker.java:startLogSegment(380)) - 826a4c15-f032-4805-8cf4-5e11fe4a99d7@group-B0BBA3B17B95-SegmentedRaftLogWorker: Starting segment from index:0
2019-09-12 04:06:07,321 [fc0aded7-5090-49ad-a6b0-e16cfe155c18@group-B0BBA3B17B95-SegmentedRaftLogWorker] INFO  segmented.SegmentedRaftLogWorker (SegmentedRaftLogWorker.java:execute(569)) - fc0aded7-5090-49ad-a6b0-e16cfe155c18@group-B0BBA3B17B95-SegmentedRaftLogWorker: created new log segment /workdir/hadoop-ozone/integration-test/target/test-dir/MiniOzoneClusterImpl-b4fa8ffa-56bc-41b5-8fca-04d9ba132278/datanode-0/data/ratis/2422f1bd-ac0c-49a5-bbb2-b0bba3b17b95/current/log_inprogress_0
2019-09-12 04:06:07,362 [cfbaf9ff-a5d2-4350-abbf-bcb1aefbe8d3@group-B0BBA3B17B95-SegmentedRaftLogWorker] INFO  segmented.SegmentedRaftLogWorker (SegmentedRaftLogWorker.java:execute(569)) - cfbaf9ff-a5d2-4350-abbf-bcb1aefbe8d3@group-B0BBA3B17B95-SegmentedRaftLogWorker: created new log segment /workdir/hadoop-ozone/integration-test/target/test-dir/MiniOzoneClusterImpl-b4fa8ffa-56bc-41b5-8fca-04d9ba132278/datanode-1/data/ratis/2422f1bd-ac0c-49a5-bbb2-b0bba3b17b95/current/log_inprogress_0
2019-09-12 04:06:07,362 [826a4c15-f032-4805-8cf4-5e11fe4a99d7@group-B0BBA3B17B95-SegmentedRaftLogWorker] INFO  segmented.SegmentedRaftLogWorker (SegmentedRaftLogWorker.java:execute(569)) - 826a4c15-f032-4805-8cf4-5e11fe4a99d7@group-B0BBA3B17B95-SegmentedRaftLogWorker: created new log segment /workdir/hadoop-ozone/integration-test/target/test-dir/MiniOzoneClusterImpl-b4fa8ffa-56bc-41b5-8fca-04d9ba132278/datanode-6/data/ratis/2422f1bd-ac0c-49a5-bbb2-b0bba3b17b95/current/log_inprogress_0
2019-09-12 04:06:08,340 [org.apache.ratis.server.impl.LogAppender$AppenderDaemon$$Lambda$490/586156626@3219098e] ERROR ratis.XceiverServerRatis (XceiverServerRatis.java:triggerPipelineClose(568)) - pipeline Action CLOSE  on pipeline PipelineID=743e7b28-aad9-4826-95d5-f484ccc1aa7a.Reason : cfbaf9ff-a5d2-4350-abbf-bcb1aefbe8d3 has not seen follower/s 826a4c15-f032-4805-8cf4-5e11fe4a99d7 for 176030ms fc0aded7-5090-49ad-a6b0-e16cfe155c18 for 176030ms
2019-09-12 04:06:08,340 [org.apache.ratis.server.impl.LogAppender$AppenderDaemon$$Lambda$490/586156626@38368505] ERROR ratis.XceiverServerRatis (XceiverServerRatis.java:triggerPipelineClose(568)) - pipeline Action CLOSE  on pipeline PipelineID=743e7b28-aad9-4826-95d5-f484ccc1aa7a.Reason : cfbaf9ff-a5d2-4350-abbf-bcb1aefbe8d3 has not seen follower/s 826a4c15-f032-4805-8cf4-5e11fe4a99d7 for 176030ms fc0aded7-5090-49ad-a6b0-e16cfe155c18 for 176031ms
2019-09-12 04:06:08,827 [EventQueue-PipelineActionsForPipelineActionHandler] ERROR pipeline.PipelineActionHandler (PipelineActionHandler.java:onMessage(60)) - Received pipeline action CLOSE for Pipeline[ Id: 743e7b28-aad9-4826-95d5-f484ccc1aa7a, Nodes: 826a4c15-f032-4805-8cf4-5e11fe4a99d7{ip: 192.168.34.8, host: pr-hdds-1879-pbs75-1821932185, networkLocation: /default-rack, certSerialId: null}fc0aded7-5090-49ad-a6b0-e16cfe155c18{ip: 192.168.34.8, host: pr-hdds-1879-pbs75-1821932185, networkLocation: /default-rack, certSerialId: null}cfbaf9ff-a5d2-4350-abbf-bcb1aefbe8d3{ip: 192.168.34.8, host: pr-hdds-1879-pbs75-1821932185, networkLocation: /default-rack, certSerialId: null}, Type:RATIS, Factor:THREE, State:CLOSED] from datanode cfbaf9ff-a5d2-4350-abbf-bcb1aefbe8d3{ip: 192.168.34.8, host: pr-hdds-1879-pbs75-1821932185, networkLocation: /default-rack, certSerialId: null}. Reason : cfbaf9ff-a5d2-4350-abbf-bcb1aefbe8d3 has not seen follower/s 826a4c15-f032-4805-8cf4-5e11fe4a99d7 for 176030ms fc0aded7-5090-49ad-a6b0-e16cfe155c18 for 176030ms
2019-09-12 04:06:08,827 [EventQueue-PipelineActionsForPipelineActionHandler] INFO  pipeline.SCMPipelineManager (SCMPipelineManager.java:finalizeAndDestroyPipeline(311)) - destroying pipeline:Pipeline[ Id: 743e7b28-aad9-4826-95d5-f484ccc1aa7a, Nodes: 826a4c15-f032-4805-8cf4-5e11fe4a99d7{ip: 192.168.34.8, host: pr-hdds-1879-pbs75-1821932185, networkLocation: /default-rack, certSerialId: null}fc0aded7-5090-49ad-a6b0-e16cfe155c18{ip: 192.168.34.8, host: pr-hdds-1879-pbs75-1821932185, networkLocation: /default-rack, certSerialId: null}cfbaf9ff-a5d2-4350-abbf-bcb1aefbe8d3{ip: 192.168.34.8, host: pr-hdds-1879-pbs75-1821932185, networkLocation: /default-rack, certSerialId: null}, Type:RATIS, Factor:THREE, State:CLOSED]
2019-09-12 04:06:08,839 [java.util.concurrent.ThreadPoolExecutor$Worker@76a00050[State = -1, empty queue]] WARN  server.GrpcLogAppender (GrpcLogAppender.java:timeoutAppendRequest(200)) - cfbaf9ff-a5d2-4350-abbf-bcb1aefbe8d3@group-F484CCC1AA7A->826a4c15-f032-4805-8cf4-5e11fe4a99d7-GrpcLogAppender: appendEntries Timeout, request=cfbaf9ff-a5d2-4350-abbf-bcb1aefbe8d3->826a4c15-f032-4805-8cf4-5e11fe4a99d7#167-t1, previous=(t:1, i:23), leaderCommit=16, initializing? false, entries: <empty>
2019-09-12 04:06:08,839 [java.util.concurrent.ThreadPoolExecutor$Worker@4b834a8d[State = -1, empty queue]] WARN  server.GrpcLogAppender (GrpcLogAppender.java:timeoutAppendRequest(200)) - cfbaf9ff-a5d2-4350-abbf-bcb1aefbe8d3@group-F484CCC1AA7A->fc0aded7-5090-49ad-a6b0-e16cfe155c18-GrpcLogAppender: appendEntries Timeout, request=cfbaf9ff-a5d2-4350-abbf-bcb1aefbe8d3->fc0aded7-5090-49ad-a6b0-e16cfe155c18#167-t1, previous=(t:1, i:23), leaderCommit=16, initializing? false, entries: <empty>
2019-09-12 04:06:09,283 [grpc-default-executor-6] INFO  client.GrpcClientProtocolClient (GrpcClientProtocolClient.java:onNext(264)) - client-EFFAA1C83E3D->fc0aded7-5090-49ad-a6b0-e16cfe155c18: receive RaftClientReply:client-EFFAA1C83E3D->fc0aded7-5090-49ad-a6b0-e16cfe155c18@group-F484CCC1AA7A, cid=30, FAILED org.apache.ratis.protocol.NotLeaderException: Server fc0aded7-5090-49ad-a6b0-e16cfe155c18@group-F484CCC1AA7A is not the leader cfbaf9ff-a5d2-4350-abbf-bcb1aefbe8d3:192.168.34.8:40308, logIndex=0, commits[fc0aded7-5090-49ad-a6b0-e16cfe155c18:c16, 826a4c15-f032-4805-8cf4-5e11fe4a99d7:c14, cfbaf9ff-a5d2-4350-abbf-bcb1aefbe8d3:c16]
2019-09-12 04:06:10,841 [org.apache.ratis.server.impl.LogAppender$AppenderDaemon$$Lambda$490/586156626@38368505] ERROR ratis.XceiverServerRatis (XceiverServerRatis.java:triggerPipelineClose(568)) - pipeline Action CLOSE  on pipeline PipelineID=743e7b28-aad9-4826-95d5-f484ccc1aa7a.Reason : cfbaf9ff-a5d2-4350-abbf-bcb1aefbe8d3 has not seen follower/s 826a4c15-f032-4805-8cf4-5e11fe4a99d7 for 178531ms fc0aded7-5090-49ad-a6b0-e16cfe155c18 for 178531ms
2019-09-12 04:06:10,841 [org.apache.ratis.server.impl.LogAppender$AppenderDaemon$$Lambda$490/586156626@3219098e] ERROR ratis.XceiverServerRatis (XceiverServerRatis.java:triggerPipelineClose(568)) - pipeline Action CLOSE  on pipeline PipelineID=743e7b28-aad9-4826-95d5-f484ccc1aa7a.Reason : cfbaf9ff-a5d2-4350-abbf-bcb1aefbe8d3 has not seen follower/s 826a4c15-f032-4805-8cf4-5e11fe4a99d7 for 178531ms fc0aded7-5090-49ad-a6b0-e16cfe155c18 for 178531ms
2019-09-12 04:06:11,340 [java.util.concurrent.ThreadPoolExecutor$Worker@76a00050[State = -1, empty queue]] WARN  server.GrpcLogAppender (GrpcLogAppender.java:timeoutAppendRequest(200)) - cfbaf9ff-a5d2-4350-abbf-bcb1aefbe8d3@group-F484CCC1AA7A->826a4c15-f032-4805-8cf4-5e11fe4a99d7-GrpcLogAppender: appendEntries Timeout, request=cfbaf9ff-a5d2-4350-abbf-bcb1aefbe8d3->826a4c15-f032-4805-8cf4-5e11fe4a99d7#168-t1, previous=(t:1, i:23), leaderCommit=16, initializing? false, entries: <empty>
2019-09-12 04:06:11,340 [java.util.concurrent.ThreadPoolExecutor$Worker@4b834a8d[State = -1, empty queue]] WARN  server.GrpcLogAppender (GrpcLogAppender.java:timeoutAppendRequest(200)) - cfbaf9ff-a5d2-4350-abbf-bcb1aefbe8d3@group-F484CCC1AA7A->fc0aded7-5090-49ad-a6b0-e16cfe155c18-GrpcLogAppender: appendEntries Timeout, request=cfbaf9ff-a5d2-4350-abbf-bcb1aefbe8d3->fc0aded7-5090-49ad-a6b0-e16cfe155c18#168-t1, previous=(t:1, i:23), leaderCommit=16, initializing? false, entries: <empty>
2019-09-12 04:06:11,827 [EventQueue-PipelineActionsForPipelineActionHandler] ERROR pipeline.PipelineActionHandler (PipelineActionHandler.java:onMessage(60)) - Received pipeline action CLOSE for Pipeline[ Id: 743e7b28-aad9-4826-95d5-f484ccc1aa7a, Nodes: 826a4c15-f032-4805-8cf4-5e11fe4a99d7{ip: 192.168.34.8, host: pr-hdds-1879-pbs75-1821932185, networkLocation: /default-rack, certSerialId: null}fc0aded7-5090-49ad-a6b0-e16cfe155c18{ip: 192.168.34.8, host: pr-hdds-1879-pbs75-1821932185, networkLocation: /default-rack, certSerialId: null}cfbaf9ff-a5d2-4350-abbf-bcb1aefbe8d3{ip: 192.168.34.8, host: pr-hdds-1879-pbs75-1821932185, networkLocation: /default-rack, certSerialId: null}, Type:RATIS, Factor:THREE, State:CLOSED] from datanode cfbaf9ff-a5d2-4350-abbf-bcb1aefbe8d3{ip: 192.168.34.8, host: pr-hdds-1879-pbs75-1821932185, networkLocation: /default-rack, certSerialId: null}. Reason : cfbaf9ff-a5d2-4350-abbf-bcb1aefbe8d3 has not seen follower/s 826a4c15-f032-4805-8cf4-5e11fe4a99d7 for 178531ms fc0aded7-5090-49ad-a6b0-e16cfe155c18 for 178531ms
2019-09-12 04:06:11,827 [EventQueue-PipelineActionsForPipelineActionHandler] INFO  pipeline.SCMPipelineManager (SCMPipelineManager.java:finalizeAndDestroyPipeline(311)) - destroying pipeline:Pipeline[ Id: 743e7b28-aad9-4826-95d5-f484ccc1aa7a, Nodes: 826a4c15-f032-4805-8cf4-5e11fe4a99d7{ip: 192.168.34.8, host: pr-hdds-1879-pbs75-1821932185, networkLocation: /default-rack, certSerialId: null}fc0aded7-5090-49ad-a6b0-e16cfe155c18{ip: 192.168.34.8, host: pr-hdds-1879-pbs75-1821932185, networkLocation: /default-rack, certSerialId: null}cfbaf9ff-a5d2-4350-abbf-bcb1aefbe8d3{ip: 192.168.34.8, host: pr-hdds-1879-pbs75-1821932185, networkLocation: /default-rack, certSerialId: null}, Type:RATIS, Factor:THREE, State:CLOSED]
2019-09-12 04:06:12,472 [826a4c15-f032-4805-8cf4-5e11fe4a99d7@group-F484CCC1AA7A-SegmentedRaftLogWorker] WARN  segmented.SegmentedRaftLogWorker (SegmentedRaftLogWorker.java:getFromFuture(90)) - Timeout 17/~
org.apache.ratis.protocol.TimeoutIOException: Timeout 10s: WriteLog:17: (t:1, i:17), STATEMACHINELOGENTRY, client-EFFAA1C83E3D, cid=30-writeStateMachineData
	at org.apache.ratis.util.IOUtils.getFromFuture(IOUtils.java:87)
	at org.apache.ratis.server.raftlog.segmented.SegmentedRaftLogWorker$StateMachineDataPolicy.getFromFuture(SegmentedRaftLogWorker.java:87)
	at org.apache.ratis.server.raftlog.segmented.SegmentedRaftLogWorker$WriteLog.execute(SegmentedRaftLogWorker.java:477)
	at org.apache.ratis.server.raftlog.segmented.SegmentedRaftLogWorker.run(SegmentedRaftLogWorker.java:289)
	at java.lang.Thread.run(Thread.java:748)
Caused by: java.util.concurrent.TimeoutException
	at java.util.concurrent.CompletableFuture.timedGet(CompletableFuture.java:1771)
	at java.util.concurrent.CompletableFuture.get(CompletableFuture.java:1915)
	at org.apache.ratis.util.IOUtils.getFromFuture(IOUtils.java:79)
	... 4 more
2019-09-12 04:06:12,844 [fc0aded7-5090-49ad-a6b0-e16cfe155c18@group-F484CCC1AA7A-SegmentedRaftLogWorker] WARN  segmented.SegmentedRaftLogWorker (SegmentedRaftLogWorker.java:getFromFuture(90)) - Timeout 17/~
org.apache.ratis.protocol.TimeoutIOException: Timeout 10s: WriteLog:18: (t:1, i:18), STATEMACHINELOGENTRY, client-EFFAA1C83E3D, cid=31-writeStateMachineData
	at org.apache.ratis.util.IOUtils.getFromFuture(IOUtils.java:87)
	at org.apache.ratis.server.raftlog.segmented.SegmentedRaftLogWorker$StateMachineDataPolicy.getFromFuture(SegmentedRaftLogWorker.java:87)
	at org.apache.ratis.server.raftlog.segmented.SegmentedRaftLogWorker$WriteLog.execute(SegmentedRaftLogWorker.java:477)
	at org.apache.ratis.server.raftlog.segmented.SegmentedRaftLogWorker.run(SegmentedRaftLogWorker.java:289)
	at java.lang.Thread.run(Thread.java:748)
Caused by: java.util.concurrent.TimeoutException
	at java.util.concurrent.CompletableFuture.timedGet(CompletableFuture.java:1771)
	at java.util.concurrent.CompletableFuture.get(CompletableFuture.java:1915)
	at org.apache.ratis.util.IOUtils.getFromFuture(IOUtils.java:79)
	... 4 more
2019-09-12 04:06:12,844 [cfbaf9ff-a5d2-4350-abbf-bcb1aefbe8d3@group-F484CCC1AA7A-SegmentedRaftLogWorker] WARN  segmented.SegmentedRaftLogWorker (SegmentedRaftLogWorker.java:getFromFuture(90)) - Timeout 17/~
org.apache.ratis.protocol.TimeoutIOException: Timeout 10s: WriteLog:18: (t:1, i:18), STATEMACHINELOGENTRY, client-EFFAA1C83E3D, cid=31-writeStateMachineData
	at org.apache.ratis.util.IOUtils.getFromFuture(IOUtils.java:87)
	at org.apache.ratis.server.raftlog.segmented.SegmentedRaftLogWorker$StateMachineDataPolicy.getFromFuture(SegmentedRaftLogWorker.java:87)
	at org.apache.ratis.server.raftlog.segmented.SegmentedRaftLogWorker$WriteLog.execute(SegmentedRaftLogWorker.java:477)
	at org.apache.ratis.server.raftlog.segmented.SegmentedRaftLogWorker.run(SegmentedRaftLogWorker.java:289)
	at java.lang.Thread.run(Thread.java:748)
Caused by: java.util.concurrent.TimeoutException
	at java.util.concurrent.CompletableFuture.timedGet(CompletableFuture.java:1771)
	at java.util.concurrent.CompletableFuture.get(CompletableFuture.java:1915)
	at org.apache.ratis.util.IOUtils.getFromFuture(IOUtils.java:79)
	... 4 more
2019-09-12 04:06:13,342 [org.apache.ratis.server.impl.LogAppender$AppenderDaemon$$Lambda$490/586156626@3219098e] ERROR ratis.XceiverServerRatis (XceiverServerRatis.java:triggerPipelineClose(568)) - pipeline Action CLOSE  on pipeline PipelineID=743e7b28-aad9-4826-95d5-f484ccc1aa7a.Reason : cfbaf9ff-a5d2-4350-abbf-bcb1aefbe8d3 has not seen follower/s 826a4c15-f032-4805-8cf4-5e11fe4a99d7 for 181032ms fc0aded7-5090-49ad-a6b0-e16cfe155c18 for 181032ms
2019-09-12 04:06:13,342 [org.apache.ratis.server.impl.LogAppender$AppenderDaemon$$Lambda$490/586156626@38368505] ERROR ratis.XceiverServerRatis (XceiverServerRatis.java:triggerPipelineClose(568)) - pipeline Action CLOSE  on pipeline PipelineID=743e7b28-aad9-4826-95d5-f484ccc1aa7a.Reason : cfbaf9ff-a5d2-4350-abbf-bcb1aefbe8d3 has not seen follower/s 826a4c15-f032-4805-8cf4-5e11fe4a99d7 for 181032ms fc0aded7-5090-49ad-a6b0-e16cfe155c18 for 181032ms
2019-09-12 04:06:13,827 [EventQueue-PipelineActionsForPipelineActionHandler] ERROR pipeline.PipelineActionHandler (PipelineActionHandler.java:onMessage(60)) - Received pipeline action CLOSE for Pipeline[ Id: 743e7b28-aad9-4826-95d5-f484ccc1aa7a, Nodes: 826a4c15-f032-4805-8cf4-5e11fe4a99d7{ip: 192.168.34.8, host: pr-hdds-1879-pbs75-1821932185, networkLocation: /default-rack, certSerialId: null}fc0aded7-5090-49ad-a6b0-e16cfe155c18{ip: 192.168.34.8, host: pr-hdds-1879-pbs75-1821932185, networkLocation: /default-rack, certSerialId: null}cfbaf9ff-a5d2-4350-abbf-bcb1aefbe8d3{ip: 192.168.34.8, host: pr-hdds-1879-pbs75-1821932185, networkLocation: /default-rack, certSerialId: null}, Type:RATIS, Factor:THREE, State:CLOSED] from datanode cfbaf9ff-a5d2-4350-abbf-bcb1aefbe8d3{ip: 192.168.34.8, host: pr-hdds-1879-pbs75-1821932185, networkLocation: /default-rack, certSerialId: null}. Reason : cfbaf9ff-a5d2-4350-abbf-bcb1aefbe8d3 has not seen follower/s 826a4c15-f032-4805-8cf4-5e11fe4a99d7 for 181032ms fc0aded7-5090-49ad-a6b0-e16cfe155c18 for 181032ms
2019-09-12 04:06:13,828 [EventQueue-PipelineActionsForPipelineActionHandler] INFO  pipeline.SCMPipelineManager (SCMPipelineManager.java:finalizeAndDestroyPipeline(311)) - destroying pipeline:Pipeline[ Id: 743e7b28-aad9-4826-95d5-f484ccc1aa7a, Nodes: 826a4c15-f032-4805-8cf4-5e11fe4a99d7{ip: 192.168.34.8, host: pr-hdds-1879-pbs75-1821932185, networkLocation: /default-rack, certSerialId: null}fc0aded7-5090-49ad-a6b0-e16cfe155c18{ip: 192.168.34.8, host: pr-hdds-1879-pbs75-1821932185, networkLocation: /default-rack, certSerialId: null}cfbaf9ff-a5d2-4350-abbf-bcb1aefbe8d3{ip: 192.168.34.8, host: pr-hdds-1879-pbs75-1821932185, networkLocation: /default-rack, certSerialId: null}, Type:RATIS, Factor:THREE, State:CLOSED]
2019-09-12 04:06:13,841 [java.util.concurrent.ThreadPoolExecutor$Worker@76a00050[State = -1, empty queue]] WARN  server.GrpcLogAppender (GrpcLogAppender.java:timeoutAppendRequest(200)) - cfbaf9ff-a5d2-4350-abbf-bcb1aefbe8d3@group-F484CCC1AA7A->826a4c15-f032-4805-8cf4-5e11fe4a99d7-GrpcLogAppender: appendEntries Timeout, request=cfbaf9ff-a5d2-4350-abbf-bcb1aefbe8d3->826a4c15-f032-4805-8cf4-5e11fe4a99d7#169-t1, previous=(t:1, i:23), leaderCommit=16, initializing? false, entries: <empty>
2019-09-12 04:06:13,841 [java.util.concurrent.ThreadPoolExecutor$Worker@4b834a8d[State = -1, empty queue]] WARN  server.GrpcLogAppender (GrpcLogAppender.java:timeoutAppendRequest(200)) - cfbaf9ff-a5d2-4350-abbf-bcb1aefbe8d3@group-F484CCC1AA7A->fc0aded7-5090-49ad-a6b0-e16cfe155c18-GrpcLogAppender: appendEntries Timeout, request=cfbaf9ff-a5d2-4350-abbf-bcb1aefbe8d3->fc0aded7-5090-49ad-a6b0-e16cfe155c18#169-t1, previous=(t:1, i:23), leaderCommit=16, initializing? false, entries: <empty>
2019-09-12 04:06:14,332 [grpc-default-executor-8] INFO  client.GrpcClientProtocolClient (GrpcClientProtocolClient.java:onNext(264)) - client-EFFAA1C83E3D->826a4c15-f032-4805-8cf4-5e11fe4a99d7: receive RaftClientReply:client-EFFAA1C83E3D->826a4c15-f032-4805-8cf4-5e11fe4a99d7@group-F484CCC1AA7A, cid=30, FAILED org.apache.ratis.protocol.NotLeaderException: Server 826a4c15-f032-4805-8cf4-5e11fe4a99d7@group-F484CCC1AA7A is not the leader cfbaf9ff-a5d2-4350-abbf-bcb1aefbe8d3:192.168.34.8:40308, logIndex=0, commits[826a4c15-f032-4805-8cf4-5e11fe4a99d7:c16, cfbaf9ff-a5d2-4350-abbf-bcb1aefbe8d3:c16, fc0aded7-5090-49ad-a6b0-e16cfe155c18:c14]
2019-09-12 04:06:15,842 [org.apache.ratis.server.impl.LogAppender$AppenderDaemon$$Lambda$490/586156626@38368505] ERROR ratis.XceiverServerRatis (XceiverServerRatis.java:triggerPipelineClose(568)) - pipeline Action CLOSE  on pipeline PipelineID=743e7b28-aad9-4826-95d5-f484ccc1aa7a.Reason : cfbaf9ff-a5d2-4350-abbf-bcb1aefbe8d3 has not seen follower/s 826a4c15-f032-4805-8cf4-5e11fe4a99d7 for 183532ms fc0aded7-5090-49ad-a6b0-e16cfe155c18 for 183533ms
2019-09-12 04:06:15,843 [org.apache.ratis.server.impl.LogAppender$AppenderDaemon$$Lambda$490/586156626@3219098e] ERROR ratis.XceiverServerRatis (XceiverServerRatis.java:triggerPipelineClose(568)) - pipeline Action CLOSE  on pipeline PipelineID=743e7b28-aad9-4826-95d5-f484ccc1aa7a.Reason : cfbaf9ff-a5d2-4350-abbf-bcb1aefbe8d3 has not seen follower/s 826a4c15-f032-4805-8cf4-5e11fe4a99d7 for 183533ms fc0aded7-5090-49ad-a6b0-e16cfe155c18 for 183533ms
2019-09-12 04:06:16,342 [java.util.concurrent.ThreadPoolExecutor$Worker@4b834a8d[State = -1, empty queue]] WARN  server.GrpcLogAppender (GrpcLogAppender.java:timeoutAppendRequest(200)) - cfbaf9ff-a5d2-4350-abbf-bcb1aefbe8d3@group-F484CCC1AA7A->fc0aded7-5090-49ad-a6b0-e16cfe155c18-GrpcLogAppender: appendEntries Timeout, request=cfbaf9ff-a5d2-4350-abbf-bcb1aefbe8d3->fc0aded7-5090-49ad-a6b0-e16cfe155c18#170-t1, previous=(t:1, i:23), leaderCommit=16, initializing? false, entries: <empty>
2019-09-12 04:06:16,342 [java.util.concurrent.ThreadPoolExecutor$Worker@76a00050[State = -1, empty queue]] WARN  server.GrpcLogAppender (GrpcLogAppender.java:timeoutAppendRequest(200)) - cfbaf9ff-a5d2-4350-abbf-bcb1aefbe8d3@group-F484CCC1AA7A->826a4c15-f032-4805-8cf4-5e11fe4a99d7-GrpcLogAppender: appendEntries Timeout, request=cfbaf9ff-a5d2-4350-abbf-bcb1aefbe8d3->826a4c15-f032-4805-8cf4-5e11fe4a99d7#170-t1, previous=(t:1, i:23), leaderCommit=16, initializing? false, entries: <empty>
2019-09-12 04:06:16,830 [EventQueue-PipelineActionsForPipelineActionHandler] ERROR pipeline.PipelineActionHandler (PipelineActionHandler.java:onMessage(60)) - Received pipeline action CLOSE for Pipeline[ Id: 743e7b28-aad9-4826-95d5-f484ccc1aa7a, Nodes: 826a4c15-f032-4805-8cf4-5e11fe4a99d7{ip: 192.168.34.8, host: pr-hdds-1879-pbs75-1821932185, networkLocation: /default-rack, certSerialId: null}fc0aded7-5090-49ad-a6b0-e16cfe155c18{ip: 192.168.34.8, host: pr-hdds-1879-pbs75-1821932185, networkLocation: /default-rack, certSerialId: null}cfbaf9ff-a5d2-4350-abbf-bcb1aefbe8d3{ip: 192.168.34.8, host: pr-hdds-1879-pbs75-1821932185, networkLocation: /default-rack, certSerialId: null}, Type:RATIS, Factor:THREE, State:CLOSED] from datanode cfbaf9ff-a5d2-4350-abbf-bcb1aefbe8d3{ip: 192.168.34.8, host: pr-hdds-1879-pbs75-1821932185, networkLocation: /default-rack, certSerialId: null}. Reason : cfbaf9ff-a5d2-4350-abbf-bcb1aefbe8d3 has not seen follower/s 826a4c15-f032-4805-8cf4-5e11fe4a99d7 for 183532ms fc0aded7-5090-49ad-a6b0-e16cfe155c18 for 183533ms
2019-09-12 04:06:16,831 [EventQueue-PipelineActionsForPipelineActionHandler] INFO  pipeline.SCMPipelineManager (SCMPipelineManager.java:finalizeAndDestroyPipeline(311)) - destroying pipeline:Pipeline[ Id: 743e7b28-aad9-4826-95d5-f484ccc1aa7a, Nodes: 826a4c15-f032-4805-8cf4-5e11fe4a99d7{ip: 192.168.34.8, host: pr-hdds-1879-pbs75-1821932185, networkLocation: /default-rack, certSerialId: null}fc0aded7-5090-49ad-a6b0-e16cfe155c18{ip: 192.168.34.8, host: pr-hdds-1879-pbs75-1821932185, networkLocation: /default-rack, certSerialId: null}cfbaf9ff-a5d2-4350-abbf-bcb1aefbe8d3{ip: 192.168.34.8, host: pr-hdds-1879-pbs75-1821932185, networkLocation: /default-rack, certSerialId: null}, Type:RATIS, Factor:THREE, State:CLOSED]
2019-09-12 04:06:18,343 [org.apache.ratis.server.impl.LogAppender$AppenderDaemon$$Lambda$490/586156626@38368505] ERROR ratis.XceiverServerRatis (XceiverServerRatis.java:triggerPipelineClose(568)) - pipeline Action CLOSE  on pipeline PipelineID=743e7b28-aad9-4826-95d5-f484ccc1aa7a.Reason : cfbaf9ff-a5d2-4350-abbf-bcb1aefbe8d3 has not seen follower/s 826a4c15-f032-4805-8cf4-5e11fe4a99d7 for 186033ms fc0aded7-5090-49ad-a6b0-e16cfe155c18 for 186034ms
2019-09-12 04:06:18,344 [org.apache.ratis.server.impl.LogAppender$AppenderDaemon$$Lambda$490/586156626@3219098e] ERROR ratis.XceiverServerRatis (XceiverServerRatis.java:triggerPipelineClose(568)) - pipeline Action CLOSE  on pipeline PipelineID=743e7b28-aad9-4826-95d5-f484ccc1aa7a.Reason : cfbaf9ff-a5d2-4350-abbf-bcb1aefbe8d3 has not seen follower/s 826a4c15-f032-4805-8cf4-5e11fe4a99d7 for 186034ms fc0aded7-5090-49ad-a6b0-e16cfe155c18 for 186035ms
2019-09-12 04:06:18,812 [grpc-default-executor-7] INFO  impl.RaftServerProxy (RaftServerProxy.java:remove(95)) - 826a4c15-f032-4805-8cf4-5e11fe4a99d7: remove  FOLLOWER 826a4c15-f032-4805-8cf4-5e11fe4a99d7@group-F484CCC1AA7A:t1, leader=cfbaf9ff-a5d2-4350-abbf-bcb1aefbe8d3, voted=cfbaf9ff-a5d2-4350-abbf-bcb1aefbe8d3, raftlog=826a4c15-f032-4805-8cf4-5e11fe4a99d7@group-F484CCC1AA7A-SegmentedRaftLog:OPENED:c16,f16,i23, conf=0: [826a4c15-f032-4805-8cf4-5e11fe4a99d7:192.168.34.8:34361, cfbaf9ff-a5d2-4350-abbf-bcb1aefbe8d3:192.168.34.8:40308, fc0aded7-5090-49ad-a6b0-e16cfe155c18:192.168.34.8:41944], old=null RUNNING
2019-09-12 04:06:18,813 [grpc-default-executor-7] INFO  impl.RaftServerImpl (RaftServerImpl.java:lambda$shutdown$3(251)) - 826a4c15-f032-4805-8cf4-5e11fe4a99d7@group-F484CCC1AA7A: shutdown
2019-09-12 04:06:18,813 [grpc-default-executor-7] INFO  util.JmxRegister (JmxRegister.java:unregister(73)) - Successfully un-registered JMX Bean with object name Ratis:service=RaftServer,group=group-F484CCC1AA7A,id=826a4c15-f032-4805-8cf4-5e11fe4a99d7
2019-09-12 04:06:18,813 [grpc-default-executor-7] INFO  impl.RoleInfo (RoleInfo.java:shutdownFollowerState(121)) - 826a4c15-f032-4805-8cf4-5e11fe4a99d7: shutdown FollowerState
2019-09-12 04:06:18,814 [grpc-default-executor-7] INFO  impl.StateMachineUpdater (StateMachineUpdater.java:stopAndJoin(125)) - 826a4c15-f032-4805-8cf4-5e11fe4a99d7@group-F484CCC1AA7A-StateMachineUpdater: set stopIndex = 16
2019-09-12 04:06:18,814 [Thread-314] INFO  impl.FollowerState (FollowerState.java:run(115)) - 826a4c15-f032-4805-8cf4-5e11fe4a99d7: FollowerState was interrupted: java.lang.InterruptedException: sleep interrupted
2019-09-12 04:06:18,814 [826a4c15-f032-4805-8cf4-5e11fe4a99d7@group-F484CCC1AA7A-StateMachineUpdater] INFO  ratis.ContainerStateMachine (ContainerStateMachine.java:takeSnapshot(289)) - group-F484CCC1AA7A: Taking a snapshot at:(t:1, i:14) file /workdir/hadoop-ozone/integration-test/target/test-dir/MiniOzoneClusterImpl-b4fa8ffa-56bc-41b5-8fca-04d9ba132278/datanode-6/data/ratis/743e7b28-aad9-4826-95d5-f484ccc1aa7a/sm/snapshot.1_14
2019-09-12 04:06:18,827 [826a4c15-f032-4805-8cf4-5e11fe4a99d7@group-F484CCC1AA7A-StateMachineUpdater] INFO  ratis.ContainerStateMachine (ContainerStateMachine.java:takeSnapshot(300)) - group-F484CCC1AA7A: Finished taking a snapshot at:(t:1, i:14) file:/workdir/hadoop-ozone/integration-test/target/test-dir/MiniOzoneClusterImpl-b4fa8ffa-56bc-41b5-8fca-04d9ba132278/datanode-6/data/ratis/743e7b28-aad9-4826-95d5-f484ccc1aa7a/sm/snapshot.1_14 time:14
2019-09-12 04:06:18,827 [826a4c15-f032-4805-8cf4-5e11fe4a99d7@group-F484CCC1AA7A-StateMachineUpdater] INFO  impl.StateMachineUpdater (StateMachineUpdater.java:takeSnapshot(258)) - 826a4c15-f032-4805-8cf4-5e11fe4a99d7@group-F484CCC1AA7A-StateMachineUpdater: Took a snapshot at index 14
2019-09-12 04:06:18,827 [826a4c15-f032-4805-8cf4-5e11fe4a99d7@group-F484CCC1AA7A-StateMachineUpdater] INFO  impl.StateMachineUpdater (StateMachineUpdater.java:lambda$new$0(83)) - 826a4c15-f032-4805-8cf4-5e11fe4a99d7@group-F484CCC1AA7A-StateMachineUpdater: snapshotIndex: updateIncreasingly -1 -> 14
2019-09-12 04:06:18,828 [EventQueue-PipelineActionsForPipelineActionHandler] ERROR pipeline.PipelineActionHandler (PipelineActionHandler.java:onMessage(60)) - Received pipeline action CLOSE for Pipeline[ Id: 743e7b28-aad9-4826-95d5-f484ccc1aa7a, Nodes: 826a4c15-f032-4805-8cf4-5e11fe4a99d7{ip: 192.168.34.8, host: pr-hdds-1879-pbs75-1821932185, networkLocation: /default-rack, certSerialId: null}fc0aded7-5090-49ad-a6b0-e16cfe155c18{ip: 192.168.34.8, host: pr-hdds-1879-pbs75-1821932185, networkLocation: /default-rack, certSerialId: null}cfbaf9ff-a5d2-4350-abbf-bcb1aefbe8d3{ip: 192.168.34.8, host: pr-hdds-1879-pbs75-1821932185, networkLocation: /default-rack, certSerialId: null}, Type:RATIS, Factor:THREE, State:CLOSED] from datanode cfbaf9ff-a5d2-4350-abbf-bcb1aefbe8d3{ip: 192.168.34.8, host: pr-hdds-1879-pbs75-1821932185, networkLocation: /default-rack, certSerialId: null}. Reason : cfbaf9ff-a5d2-4350-abbf-bcb1aefbe8d3 has not seen follower/s 826a4c15-f032-4805-8cf4-5e11fe4a99d7 for 186033ms fc0aded7-5090-49ad-a6b0-e16cfe155c18 for 186034ms
2019-09-12 04:06:18,828 [EventQueue-PipelineActionsForPipelineActionHandler] INFO  pipeline.SCMPipelineManager (SCMPipelineManager.java:finalizeAndDestroyPipeline(311)) - destroying pipeline:Pipeline[ Id: 743e7b28-aad9-4826-95d5-f484ccc1aa7a, Nodes: 826a4c15-f032-4805-8cf4-5e11fe4a99d7{ip: 192.168.34.8, host: pr-hdds-1879-pbs75-1821932185, networkLocation: /default-rack, certSerialId: null}fc0aded7-5090-49ad-a6b0-e16cfe155c18{ip: 192.168.34.8, host: pr-hdds-1879-pbs75-1821932185, networkLocation: /default-rack, certSerialId: null}cfbaf9ff-a5d2-4350-abbf-bcb1aefbe8d3{ip: 192.168.34.8, host: pr-hdds-1879-pbs75-1821932185, networkLocation: /default-rack, certSerialId: null}, Type:RATIS, Factor:THREE, State:CLOSED]
2019-09-12 04:06:18,828 [826a4c15-f032-4805-8cf4-5e11fe4a99d7@group-F484CCC1AA7A-StateMachineUpdater] INFO  ratis.ContainerStateMachine (ContainerStateMachine.java:takeSnapshot(289)) - group-F484CCC1AA7A: Taking a snapshot at:(t:1, i:14) file /workdir/hadoop-ozone/integration-test/target/test-dir/MiniOzoneClusterImpl-b4fa8ffa-56bc-41b5-8fca-04d9ba132278/datanode-6/data/ratis/743e7b28-aad9-4826-95d5-f484ccc1aa7a/sm/snapshot.1_14
2019-09-12 04:06:18,841 [826a4c15-f032-4805-8cf4-5e11fe4a99d7@group-F484CCC1AA7A-StateMachineUpdater] INFO  ratis.ContainerStateMachine (ContainerStateMachine.java:takeSnapshot(300)) - group-F484CCC1AA7A: Finished taking a snapshot at:(t:1, i:14) file:/workdir/hadoop-ozone/integration-test/target/test-dir/MiniOzoneClusterImpl-b4fa8ffa-56bc-41b5-8fca-04d9ba132278/datanode-6/data/ratis/743e7b28-aad9-4826-95d5-f484ccc1aa7a/sm/snapshot.1_14 time:13
2019-09-12 04:06:18,841 [826a4c15-f032-4805-8cf4-5e11fe4a99d7@group-F484CCC1AA7A-StateMachineUpdater] INFO  impl.StateMachineUpdater (StateMachineUpdater.java:takeSnapshot(258)) - 826a4c15-f032-4805-8cf4-5e11fe4a99d7@group-F484CCC1AA7A-StateMachineUpdater: Took a snapshot at index 14
2019-09-12 04:06:18,841 [826a4c15-f032-4805-8cf4-5e11fe4a99d7@group-F484CCC1AA7A-StateMachineUpdater] INFO  impl.StateMachineUpdater (StateMachineUpdater.java:lambda$new$0(83)) - 826a4c15-f032-4805-8cf4-5e11fe4a99d7@group-F484CCC1AA7A-StateMachineUpdater: snapshotIndex: updateIncreasingly 14 -> 14
2019-09-12 04:06:18,841 [grpc-default-executor-7] INFO  impl.RaftServerImpl (ServerState.java:close(385)) - 826a4c15-f032-4805-8cf4-5e11fe4a99d7@group-F484CCC1AA7A: closes. applyIndex: 16
2019-09-12 04:06:18,842 [java.util.concurrent.ThreadPoolExecutor$Worker@4b834a8d[State = -1, empty queue]] WARN  server.GrpcLogAppender (GrpcLogAppender.java:timeoutAppendRequest(200)) - cfbaf9ff-a5d2-4350-abbf-bcb1aefbe8d3@group-F484CCC1AA7A->fc0aded7-5090-49ad-a6b0-e16cfe155c18-GrpcLogAppender: appendEntries Timeout, request=cfbaf9ff-a5d2-4350-abbf-bcb1aefbe8d3->fc0aded7-5090-49ad-a6b0-e16cfe155c18#171-t1, previous=(t:1, i:23), leaderCommit=16, initializing? false, entries: <empty>
2019-09-12 04:06:18,845 [826a4c15-f032-4805-8cf4-5e11fe4a99d7@group-F484CCC1AA7A-SegmentedRaftLogWorker] ERROR ratis.XceiverServerRatis (XceiverServerRatis.java:triggerPipelineClose(568)) - pipeline Action CLOSE  on pipeline PipelineID=743e7b28-aad9-4826-95d5-f484ccc1aa7a.Reason : WriteLog:17: (t:1, i:17), STATEMACHINELOGENTRY, client-EFFAA1C83E3D, cid=30-writeStateMachineData interrupted.
2019-09-12 04:06:18,845 [java.util.concurrent.ThreadPoolExecutor$Worker@76a00050[State = -1, empty queue]] WARN  server.GrpcLogAppender (GrpcLogAppender.java:timeoutAppendRequest(200)) - cfbaf9ff-a5d2-4350-abbf-bcb1aefbe8d3@group-F484CCC1AA7A->826a4c15-f032-4805-8cf4-5e11fe4a99d7-GrpcLogAppender: appendEntries Timeout, request=cfbaf9ff-a5d2-4350-abbf-bcb1aefbe8d3->826a4c15-f032-4805-8cf4-5e11fe4a99d7#171-t1, previous=(t:1, i:23), leaderCommit=16, initializing? false, entries: <empty>
2019-09-12 04:06:18,848 [grpc-default-executor-7] INFO  segmented.SegmentedRaftLogWorker (SegmentedRaftLogWorker.java:close(228)) - 826a4c15-f032-4805-8cf4-5e11fe4a99d7@group-F484CCC1AA7A-SegmentedRaftLogWorker close()
2019-09-12 04:06:18,848 [EventQueue-PipelineActionsForPipelineActionHandler] ERROR pipeline.PipelineActionHandler (PipelineActionHandler.java:onMessage(60)) - Received pipeline action CLOSE for Pipeline[ Id: 743e7b28-aad9-4826-95d5-f484ccc1aa7a, Nodes: 826a4c15-f032-4805-8cf4-5e11fe4a99d7{ip: 192.168.34.8, host: pr-hdds-1879-pbs75-1821932185, networkLocation: /default-rack, certSerialId: null}fc0aded7-5090-49ad-a6b0-e16cfe155c18{ip: 192.168.34.8, host: pr-hdds-1879-pbs75-1821932185, networkLocation: /default-rack, certSerialId: null}cfbaf9ff-a5d2-4350-abbf-bcb1aefbe8d3{ip: 192.168.34.8, host: pr-hdds-1879-pbs75-1821932185, networkLocation: /default-rack, certSerialId: null}, Type:RATIS, Factor:THREE, State:CLOSED] from datanode 826a4c15-f032-4805-8cf4-5e11fe4a99d7{ip: 192.168.34.8, host: pr-hdds-1879-pbs75-1821932185, networkLocation: /default-rack, certSerialId: null}. Reason : WriteLog:17: (t:1, i:17), STATEMACHINELOGENTRY, client-EFFAA1C83E3D, cid=30-writeStateMachineData interrupted.
2019-09-12 04:06:18,852 [EventQueue-PipelineActionsForPipelineActionHandler] INFO  pipeline.SCMPipelineManager (SCMPipelineManager.java:finalizeAndDestroyPipeline(311)) - destroying pipeline:Pipeline[ Id: 743e7b28-aad9-4826-95d5-f484ccc1aa7a, Nodes: 826a4c15-f032-4805-8cf4-5e11fe4a99d7{ip: 192.168.34.8, host: pr-hdds-1879-pbs75-1821932185, networkLocation: /default-rack, certSerialId: null}fc0aded7-5090-49ad-a6b0-e16cfe155c18{ip: 192.168.34.8, host: pr-hdds-1879-pbs75-1821932185, networkLocation: /default-rack, certSerialId: null}cfbaf9ff-a5d2-4350-abbf-bcb1aefbe8d3{ip: 192.168.34.8, host: pr-hdds-1879-pbs75-1821932185, networkLocation: /default-rack, certSerialId: null}, Type:RATIS, Factor:THREE, State:CLOSED]
2019-09-12 04:06:18,880 [grpc-default-executor-7] INFO  interfaces.Container (KeyValueContainer.java:flushAndSyncDB(384)) - Container 2 is synced with bcsId 6.
2019-09-12 04:06:18,880 [grpc-default-executor-7] INFO  interfaces.Container (KeyValueContainer.java:flushAndSyncDB(384)) - Container 2 is synced with bcsId 6.
2019-09-12 04:06:18,896 [EventQueue-IncrementalContainerReportForIncrementalContainerReportHandler] INFO  container.IncrementalContainerReportHandler (AbstractContainerReportHandler.java:updateContainerState(169)) - Moving container #2 to QUASI_CLOSED state, datanode 826a4c15-f032-4805-8cf4-5e11fe4a99d7{ip: 192.168.34.8, host: pr-hdds-1879-pbs75-1821932185, networkLocation: /default-rack, certSerialId: null} reported QUASI_CLOSED replica.
2019-09-12 04:06:18,907 [grpc-default-executor-7] INFO  interfaces.Container (KeyValueContainer.java:flushAndSyncDB(384)) - Container 4 is synced with bcsId 14.
2019-09-12 04:06:18,907 [grpc-default-executor-7] INFO  interfaces.Container (KeyValueContainer.java:flushAndSyncDB(384)) - Container 4 is synced with bcsId 14.
2019-09-12 04:06:18,922 [EventQueue-IncrementalContainerReportForIncrementalContainerReportHandler] INFO  container.IncrementalContainerReportHandler (AbstractContainerReportHandler.java:updateContainerState(169)) - Moving container #4 to QUASI_CLOSED state, datanode 826a4c15-f032-4805-8cf4-5e11fe4a99d7{ip: 192.168.34.8, host: pr-hdds-1879-pbs75-1821932185, networkLocation: /default-rack, certSerialId: null} reported QUASI_CLOSED replica.
2019-09-12 04:06:18,979 [grpc-default-executor-7] INFO  interfaces.Container (KeyValueContainer.java:flushAndSyncDB(384)) - Container 5 is synced with bcsId 0.
2019-09-12 04:06:18,979 [grpc-default-executor-7] INFO  interfaces.Container (KeyValueContainer.java:flushAndSyncDB(384)) - Container 5 is synced with bcsId 0.
2019-09-12 04:06:19,001 [EventQueue-IncrementalContainerReportForIncrementalContainerReportHandler] INFO  container.IncrementalContainerReportHandler (AbstractContainerReportHandler.java:updateContainerState(169)) - Moving container #5 to QUASI_CLOSED state, datanode 826a4c15-f032-4805-8cf4-5e11fe4a99d7{ip: 192.168.34.8, host: pr-hdds-1879-pbs75-1821932185, networkLocation: /default-rack, certSerialId: null} reported QUASI_CLOSED replica.
2019-09-12 04:06:19,006 [grpc-default-executor-7] INFO  impl.RaftServerProxy (RaftServerProxy.java:remove(95)) - fc0aded7-5090-49ad-a6b0-e16cfe155c18: remove  FOLLOWER fc0aded7-5090-49ad-a6b0-e16cfe155c18@group-F484CCC1AA7A:t1, leader=cfbaf9ff-a5d2-4350-abbf-bcb1aefbe8d3, voted=fc0aded7-5090-49ad-a6b0-e16cfe155c18, raftlog=fc0aded7-5090-49ad-a6b0-e16cfe155c18@group-F484CCC1AA7A-SegmentedRaftLog:OPENED:c16,f16,i23, conf=0: [826a4c15-f032-4805-8cf4-5e11fe4a99d7:192.168.34.8:34361, cfbaf9ff-a5d2-4350-abbf-bcb1aefbe8d3:192.168.34.8:40308, fc0aded7-5090-49ad-a6b0-e16cfe155c18:192.168.34.8:41944], old=null RUNNING
2019-09-12 04:06:19,006 [grpc-default-executor-7] INFO  impl.RaftServerImpl (RaftServerImpl.java:lambda$shutdown$3(251)) - fc0aded7-5090-49ad-a6b0-e16cfe155c18@group-F484CCC1AA7A: shutdown
2019-09-12 04:06:19,006 [grpc-default-executor-7] INFO  util.JmxRegister (JmxRegister.java:unregister(73)) - Successfully un-registered JMX Bean with object name Ratis:service=RaftServer,group=group-F484CCC1AA7A,id=fc0aded7-5090-49ad-a6b0-e16cfe155c18
2019-09-12 04:06:19,007 [grpc-default-executor-7] INFO  impl.RoleInfo (RoleInfo.java:shutdownFollowerState(121)) - fc0aded7-5090-49ad-a6b0-e16cfe155c18: shutdown FollowerState
2019-09-12 04:06:19,007 [grpc-default-executor-7] INFO  impl.StateMachineUpdater (StateMachineUpdater.java:stopAndJoin(125)) - fc0aded7-5090-49ad-a6b0-e16cfe155c18@group-F484CCC1AA7A-StateMachineUpdater: set stopIndex = 16
2019-09-12 04:06:19,007 [fc0aded7-5090-49ad-a6b0-e16cfe155c18@group-F484CCC1AA7A-StateMachineUpdater] INFO  ratis.ContainerStateMachine (ContainerStateMachine.java:takeSnapshot(289)) - group-F484CCC1AA7A: Taking a snapshot at:(t:1, i:14) file /workdir/hadoop-ozone/integration-test/target/test-dir/MiniOzoneClusterImpl-b4fa8ffa-56bc-41b5-8fca-04d9ba132278/datanode-0/data/ratis/743e7b28-aad9-4826-95d5-f484ccc1aa7a/sm/snapshot.1_14
2019-09-12 04:06:19,007 [Thread-315] INFO  impl.FollowerState (FollowerState.java:run(115)) - fc0aded7-5090-49ad-a6b0-e16cfe155c18: FollowerState was interrupted: java.lang.InterruptedException: sleep interrupted
2019-09-12 04:06:19,020 [fc0aded7-5090-49ad-a6b0-e16cfe155c18@group-F484CCC1AA7A-StateMachineUpdater] INFO  ratis.ContainerStateMachine (ContainerStateMachine.java:takeSnapshot(300)) - group-F484CCC1AA7A: Finished taking a snapshot at:(t:1, i:14) file:/workdir/hadoop-ozone/integration-test/target/test-dir/MiniOzoneClusterImpl-b4fa8ffa-56bc-41b5-8fca-04d9ba132278/datanode-0/data/ratis/743e7b28-aad9-4826-95d5-f484ccc1aa7a/sm/snapshot.1_14 time:13
2019-09-12 04:06:19,020 [fc0aded7-5090-49ad-a6b0-e16cfe155c18@group-F484CCC1AA7A-StateMachineUpdater] INFO  impl.StateMachineUpdater (StateMachineUpdater.java:takeSnapshot(258)) - fc0aded7-5090-49ad-a6b0-e16cfe155c18@group-F484CCC1AA7A-StateMachineUpdater: Took a snapshot at index 14
2019-09-12 04:06:19,020 [fc0aded7-5090-49ad-a6b0-e16cfe155c18@group-F484CCC1AA7A-StateMachineUpdater] INFO  impl.StateMachineUpdater (StateMachineUpdater.java:lambda$new$0(83)) - fc0aded7-5090-49ad-a6b0-e16cfe155c18@group-F484CCC1AA7A-StateMachineUpdater: snapshotIndex: updateIncreasingly -1 -> 14
2019-09-12 04:06:19,021 [fc0aded7-5090-49ad-a6b0-e16cfe155c18@group-F484CCC1AA7A-StateMachineUpdater] INFO  ratis.ContainerStateMachine (ContainerStateMachine.java:takeSnapshot(289)) - group-F484CCC1AA7A: Taking a snapshot at:(t:1, i:14) file /workdir/hadoop-ozone/integration-test/target/test-dir/MiniOzoneClusterImpl-b4fa8ffa-56bc-41b5-8fca-04d9ba132278/datanode-0/data/ratis/743e7b28-aad9-4826-95d5-f484ccc1aa7a/sm/snapshot.1_14
2019-09-12 04:06:19,033 [fc0aded7-5090-49ad-a6b0-e16cfe155c18@group-F484CCC1AA7A-StateMachineUpdater] INFO  ratis.ContainerStateMachine (ContainerStateMachine.java:takeSnapshot(300)) - group-F484CCC1AA7A: Finished taking a snapshot at:(t:1, i:14) file:/workdir/hadoop-ozone/integration-test/target/test-dir/MiniOzoneClusterImpl-b4fa8ffa-56bc-41b5-8fca-04d9ba132278/datanode-0/data/ratis/743e7b28-aad9-4826-95d5-f484ccc1aa7a/sm/snapshot.1_14 time:13
2019-09-12 04:06:19,033 [fc0aded7-5090-49ad-a6b0-e16cfe155c18@group-F484CCC1AA7A-StateMachineUpdater] INFO  impl.StateMachineUpdater (StateMachineUpdater.java:takeSnapshot(258)) - fc0aded7-5090-49ad-a6b0-e16cfe155c18@group-F484CCC1AA7A-StateMachineUpdater: Took a snapshot at index 14
2019-09-12 04:06:19,033 [fc0aded7-5090-49ad-a6b0-e16cfe155c18@group-F484CCC1AA7A-StateMachineUpdater] INFO  impl.StateMachineUpdater (StateMachineUpdater.java:lambda$new$0(83)) - fc0aded7-5090-49ad-a6b0-e16cfe155c18@group-F484CCC1AA7A-StateMachineUpdater: snapshotIndex: updateIncreasingly 14 -> 14
2019-09-12 04:06:19,034 [grpc-default-executor-7] INFO  impl.RaftServerImpl (ServerState.java:close(385)) - fc0aded7-5090-49ad-a6b0-e16cfe155c18@group-F484CCC1AA7A: closes. applyIndex: 16
2019-09-12 04:06:19,038 [fc0aded7-5090-49ad-a6b0-e16cfe155c18@group-F484CCC1AA7A-SegmentedRaftLogWorker] ERROR ratis.XceiverServerRatis (XceiverServerRatis.java:triggerPipelineClose(568)) - pipeline Action CLOSE  on pipeline PipelineID=743e7b28-aad9-4826-95d5-f484ccc1aa7a.Reason : WriteLog:18: (t:1, i:18), STATEMACHINELOGENTRY, client-EFFAA1C83E3D, cid=31-writeStateMachineData interrupted.
2019-09-12 04:06:19,041 [EventQueue-PipelineActionsForPipelineActionHandler] ERROR pipeline.PipelineActionHandler (PipelineActionHandler.java:onMessage(60)) - Received pipeline action CLOSE for Pipeline[ Id: 743e7b28-aad9-4826-95d5-f484ccc1aa7a, Nodes: 826a4c15-f032-4805-8cf4-5e11fe4a99d7{ip: 192.168.34.8, host: pr-hdds-1879-pbs75-1821932185, networkLocation: /default-rack, certSerialId: null}fc0aded7-5090-49ad-a6b0-e16cfe155c18{ip: 192.168.34.8, host: pr-hdds-1879-pbs75-1821932185, networkLocation: /default-rack, certSerialId: null}cfbaf9ff-a5d2-4350-abbf-bcb1aefbe8d3{ip: 192.168.34.8, host: pr-hdds-1879-pbs75-1821932185, networkLocation: /default-rack, certSerialId: null}, Type:RATIS, Factor:THREE, State:CLOSED] from datanode fc0aded7-5090-49ad-a6b0-e16cfe155c18{ip: 192.168.34.8, host: pr-hdds-1879-pbs75-1821932185, networkLocation: /default-rack, certSerialId: null}. Reason : WriteLog:18: (t:1, i:18), STATEMACHINELOGENTRY, client-EFFAA1C83E3D, cid=31-writeStateMachineData interrupted.
2019-09-12 04:06:19,041 [EventQueue-PipelineActionsForPipelineActionHandler] INFO  pipeline.SCMPipelineManager (SCMPipelineManager.java:finalizeAndDestroyPipeline(311)) - destroying pipeline:Pipeline[ Id: 743e7b28-aad9-4826-95d5-f484ccc1aa7a, Nodes: 826a4c15-f032-4805-8cf4-5e11fe4a99d7{ip: 192.168.34.8, host: pr-hdds-1879-pbs75-1821932185, networkLocation: /default-rack, certSerialId: null}fc0aded7-5090-49ad-a6b0-e16cfe155c18{ip: 192.168.34.8, host: pr-hdds-1879-pbs75-1821932185, networkLocation: /default-rack, certSerialId: null}cfbaf9ff-a5d2-4350-abbf-bcb1aefbe8d3{ip: 192.168.34.8, host: pr-hdds-1879-pbs75-1821932185, networkLocation: /default-rack, certSerialId: null}, Type:RATIS, Factor:THREE, State:CLOSED]
2019-09-12 04:06:19,051 [grpc-default-executor-7] INFO  segmented.SegmentedRaftLogWorker (SegmentedRaftLogWorker.java:close(228)) - fc0aded7-5090-49ad-a6b0-e16cfe155c18@group-F484CCC1AA7A-SegmentedRaftLogWorker close()
2019-09-12 04:06:19,068 [grpc-default-executor-7] INFO  interfaces.Container (KeyValueContainer.java:flushAndSyncDB(384)) - Container 2 is synced with bcsId 6.
2019-09-12 04:06:19,068 [grpc-default-executor-7] INFO  interfaces.Container (KeyValueContainer.java:flushAndSyncDB(384)) - Container 2 is synced with bcsId 6.
2019-09-12 04:06:19,084 [grpc-default-executor-7] INFO  interfaces.Container (KeyValueContainer.java:flushAndSyncDB(384)) - Container 4 is synced with bcsId 14.
2019-09-12 04:06:19,084 [grpc-default-executor-7] INFO  interfaces.Container (KeyValueContainer.java:flushAndSyncDB(384)) - Container 4 is synced with bcsId 14.
2019-09-12 04:06:19,146 [grpc-default-executor-7] INFO  interfaces.Container (KeyValueContainer.java:flushAndSyncDB(384)) - Container 5 is synced with bcsId 0.
2019-09-12 04:06:19,146 [grpc-default-executor-7] INFO  interfaces.Container (KeyValueContainer.java:flushAndSyncDB(384)) - Container 5 is synced with bcsId 0.
2019-09-12 04:06:19,155 [grpc-default-executor-7] INFO  impl.RaftServerProxy (RaftServerProxy.java:remove(95)) - cfbaf9ff-a5d2-4350-abbf-bcb1aefbe8d3: remove    LEADER cfbaf9ff-a5d2-4350-abbf-bcb1aefbe8d3@group-F484CCC1AA7A:t1, leader=cfbaf9ff-a5d2-4350-abbf-bcb1aefbe8d3, voted=cfbaf9ff-a5d2-4350-abbf-bcb1aefbe8d3, raftlog=cfbaf9ff-a5d2-4350-abbf-bcb1aefbe8d3@group-F484CCC1AA7A-SegmentedRaftLog:OPENED:c16,f16,i23, conf=0: [826a4c15-f032-4805-8cf4-5e11fe4a99d7:192.168.34.8:34361, cfbaf9ff-a5d2-4350-abbf-bcb1aefbe8d3:192.168.34.8:40308, fc0aded7-5090-49ad-a6b0-e16cfe155c18:192.168.34.8:41944], old=null RUNNING
2019-09-12 04:06:19,155 [grpc-default-executor-7] INFO  impl.RaftServerImpl (RaftServerImpl.java:lambda$shutdown$3(251)) - cfbaf9ff-a5d2-4350-abbf-bcb1aefbe8d3@group-F484CCC1AA7A: shutdown
2019-09-12 04:06:19,156 [grpc-default-executor-7] INFO  util.JmxRegister (JmxRegister.java:unregister(73)) - Successfully un-registered JMX Bean with object name Ratis:service=RaftServer,group=group-F484CCC1AA7A,id=cfbaf9ff-a5d2-4350-abbf-bcb1aefbe8d3
2019-09-12 04:06:19,156 [grpc-default-executor-7] INFO  impl.RoleInfo (RoleInfo.java:shutdownLeaderState(104)) - cfbaf9ff-a5d2-4350-abbf-bcb1aefbe8d3: shutdown LeaderState
2019-09-12 04:06:19,160 [grpc-default-executor-7] INFO  impl.PendingRequests (PendingRequests.java:sendNotLeaderResponses(202)) - cfbaf9ff-a5d2-4350-abbf-bcb1aefbe8d3-PendingRequests: sendNotLeaderResponses
2019-09-12 04:06:19,162 [org.apache.ratis.server.impl.LogAppender$AppenderDaemon$$Lambda$490/586156626@3219098e] WARN  server.GrpcLogAppender (GrpcLogAppender.java:mayWait(143)) - cfbaf9ff-a5d2-4350-abbf-bcb1aefbe8d3@group-F484CCC1AA7A->826a4c15-f032-4805-8cf4-5e11fe4a99d7-GrpcLogAppender: Wait interrupted by java.lang.InterruptedException
2019-09-12 04:06:19,162 [org.apache.ratis.server.impl.LogAppender$AppenderDaemon$$Lambda$490/586156626@38368505] WARN  server.GrpcLogAppender (GrpcLogAppender.java:mayWait(143)) - cfbaf9ff-a5d2-4350-abbf-bcb1aefbe8d3@group-F484CCC1AA7A->fc0aded7-5090-49ad-a6b0-e16cfe155c18-GrpcLogAppender: Wait interrupted by java.lang.InterruptedException
2019-09-12 04:06:19,163 [grpc-default-executor-8] INFO  server.GrpcServerProtocolService (GrpcServerProtocolService.java:onCompleted(113)) - fc0aded7-5090-49ad-a6b0-e16cfe155c18: Completed APPEND_ENTRIES, lastRequest: cfbaf9ff-a5d2-4350-abbf-bcb1aefbe8d3->fc0aded7-5090-49ad-a6b0-e16cfe155c18#172-t1, previous=(t:1, i:23), leaderCommit=16, initializing? false, entries: <empty>
2019-09-12 04:06:19,163 [grpc-default-executor-6] INFO  server.GrpcServerProtocolService (GrpcServerProtocolService.java:onCompleted(113)) - 826a4c15-f032-4805-8cf4-5e11fe4a99d7: Completed APPEND_ENTRIES, lastRequest: cfbaf9ff-a5d2-4350-abbf-bcb1aefbe8d3->826a4c15-f032-4805-8cf4-5e11fe4a99d7#172-t1, previous=(t:1, i:23), leaderCommit=16, initializing? false, entries: <empty>
2019-09-12 04:06:19,163 [grpc-default-executor-6] INFO  server.GrpcLogAppender (GrpcLogAppender.java:onCompleted(293)) - cfbaf9ff-a5d2-4350-abbf-bcb1aefbe8d3@group-F484CCC1AA7A->fc0aded7-5090-49ad-a6b0-e16cfe155c18-AppendLogResponseHandler: follower responses appendEntries COMPLETED
2019-09-12 04:06:19,163 [grpc-default-executor-8] INFO  server.GrpcLogAppender (GrpcLogAppender.java:onCompleted(293)) - cfbaf9ff-a5d2-4350-abbf-bcb1aefbe8d3@group-F484CCC1AA7A->826a4c15-f032-4805-8cf4-5e11fe4a99d7-AppendLogResponseHandler: follower responses appendEntries COMPLETED
2019-09-12 04:06:19,168 [grpc-default-executor-6] INFO  impl.FollowerInfo (FollowerInfo.java:lambda$new$0(51)) - cfbaf9ff-a5d2-4350-abbf-bcb1aefbe8d3@group-F484CCC1AA7A->fc0aded7-5090-49ad-a6b0-e16cfe155c18: nextIndex: updateUnconditionally 24 -> 17
2019-09-12 04:06:19,168 [cfbaf9ff-a5d2-4350-abbf-bcb1aefbe8d3@group-F484CCC1AA7A-StateMachineUpdater] INFO  ratis.ContainerStateMachine (ContainerStateMachine.java:takeSnapshot(289)) - group-F484CCC1AA7A: Taking a snapshot at:(t:1, i:16) file /workdir/hadoop-ozone/integration-test/target/test-dir/MiniOzoneClusterImpl-b4fa8ffa-56bc-41b5-8fca-04d9ba132278/datanode-1/data/ratis/743e7b28-aad9-4826-95d5-f484ccc1aa7a/sm/snapshot.1_16
2019-09-12 04:06:19,167 [grpc-default-executor-7] INFO  impl.StateMachineUpdater (StateMachineUpdater.java:stopAndJoin(125)) - cfbaf9ff-a5d2-4350-abbf-bcb1aefbe8d3@group-F484CCC1AA7A-StateMachineUpdater: set stopIndex = 16
2019-09-12 04:06:19,168 [grpc-default-executor-8] INFO  impl.FollowerInfo (FollowerInfo.java:lambda$new$0(51)) - cfbaf9ff-a5d2-4350-abbf-bcb1aefbe8d3@group-F484CCC1AA7A->826a4c15-f032-4805-8cf4-5e11fe4a99d7: nextIndex: updateUnconditionally 24 -> 17
2019-09-12 04:06:19,172 [cfbaf9ff-a5d2-4350-abbf-bcb1aefbe8d3@group-F484CCC1AA7A-StateMachineUpdater] INFO  ratis.ContainerStateMachine (ContainerStateMachine.java:takeSnapshot(300)) - group-F484CCC1AA7A: Finished taking a snapshot at:(t:1, i:16) file:/workdir/hadoop-ozone/integration-test/target/test-dir/MiniOzoneClusterImpl-b4fa8ffa-56bc-41b5-8fca-04d9ba132278/datanode-1/data/ratis/743e7b28-aad9-4826-95d5-f484ccc1aa7a/sm/snapshot.1_16 time:4
2019-09-12 04:06:19,172 [cfbaf9ff-a5d2-4350-abbf-bcb1aefbe8d3@group-F484CCC1AA7A-StateMachineUpdater] INFO  impl.StateMachineUpdater (StateMachineUpdater.java:takeSnapshot(258)) - cfbaf9ff-a5d2-4350-abbf-bcb1aefbe8d3@group-F484CCC1AA7A-StateMachineUpdater: Took a snapshot at index 16
2019-09-12 04:06:19,172 [cfbaf9ff-a5d2-4350-abbf-bcb1aefbe8d3@group-F484CCC1AA7A-StateMachineUpdater] INFO  impl.StateMachineUpdater (StateMachineUpdater.java:lambda$new$0(83)) - cfbaf9ff-a5d2-4350-abbf-bcb1aefbe8d3@group-F484CCC1AA7A-StateMachineUpdater: snapshotIndex: updateIncreasingly -1 -> 16
2019-09-12 04:06:19,173 [grpc-default-executor-7] INFO  impl.RaftServerImpl (ServerState.java:close(385)) - cfbaf9ff-a5d2-4350-abbf-bcb1aefbe8d3@group-F484CCC1AA7A: closes. applyIndex: 16
2019-09-12 04:06:19,173 [Command processor thread] ERROR commandhandler.CloseContainerCommandHandler (CloseContainerCommandHandler.java:handle(125)) - Can't close container #4
java.io.IOException: org.apache.ratis.protocol.GroupMismatchException: cfbaf9ff-a5d2-4350-abbf-bcb1aefbe8d3: group-F484CCC1AA7A not found.
	at org.apache.hadoop.ozone.container.common.transport.server.ratis.XceiverServerRatis.submitRequest(XceiverServerRatis.java:495)
	at org.apache.hadoop.ozone.container.common.statemachine.commandhandler.CloseContainerCommandHandler.handle(CloseContainerCommandHandler.java:102)
	at org.apache.hadoop.ozone.container.common.statemachine.commandhandler.CommandDispatcher.handle(CommandDispatcher.java:99)
	at org.apache.hadoop.ozone.container.common.statemachine.DatanodeStateMachine.lambda$initCommandHandlerThread$1(DatanodeStateMachine.java:432)
	at java.lang.Thread.run(Thread.java:748)
Caused by: java.util.concurrent.ExecutionException: org.apache.ratis.protocol.GroupMismatchException: cfbaf9ff-a5d2-4350-abbf-bcb1aefbe8d3: group-F484CCC1AA7A not found.
	at java.util.concurrent.CompletableFuture.reportGet(CompletableFuture.java:357)
	at java.util.concurrent.CompletableFuture.get(CompletableFuture.java:1895)
	at org.apache.hadoop.ozone.container.common.transport.server.ratis.XceiverServerRatis.submitRequest(XceiverServerRatis.java:493)
	... 4 more
Caused by: org.apache.ratis.protocol.GroupMismatchException: cfbaf9ff-a5d2-4350-abbf-bcb1aefbe8d3: group-F484CCC1AA7A not found.
	at org.apache.ratis.server.impl.RaftServerProxy$ImplMap.get(RaftServerProxy.java:122)
	at org.apache.ratis.server.impl.RaftServerProxy.getImplFuture(RaftServerProxy.java:269)
	at org.apache.ratis.server.impl.RaftServerProxy.submitRequest(RaftServerProxy.java:327)
	at org.apache.ratis.server.impl.RaftServerProxy.submitClientRequestAsync(RaftServerProxy.java:333)
	... 5 more
2019-09-12 04:06:19,175 [cfbaf9ff-a5d2-4350-abbf-bcb1aefbe8d3@group-F484CCC1AA7A-SegmentedRaftLogWorker] ERROR ratis.XceiverServerRatis (XceiverServerRatis.java:triggerPipelineClose(568)) - pipeline Action CLOSE  on pipeline PipelineID=743e7b28-aad9-4826-95d5-f484ccc1aa7a.Reason : WriteLog:18: (t:1, i:18), STATEMACHINELOGENTRY, client-EFFAA1C83E3D, cid=31-writeStateMachineData interrupted.
2019-09-12 04:06:19,178 [EventQueue-PipelineActionsForPipelineActionHandler] ERROR pipeline.PipelineActionHandler (PipelineActionHandler.java:onMessage(60)) - Received pipeline action CLOSE for Pipeline[ Id: 743e7b28-aad9-4826-95d5-f484ccc1aa7a, Nodes: 826a4c15-f032-4805-8cf4-5e11fe4a99d7{ip: 192.168.34.8, host: pr-hdds-1879-pbs75-1821932185, networkLocation: /default-rack, certSerialId: null}fc0aded7-5090-49ad-a6b0-e16cfe155c18{ip: 192.168.34.8, host: pr-hdds-1879-pbs75-1821932185, networkLocation: /default-rack, certSerialId: null}cfbaf9ff-a5d2-4350-abbf-bcb1aefbe8d3{ip: 192.168.34.8, host: pr-hdds-1879-pbs75-1821932185, networkLocation: /default-rack, certSerialId: null}, Type:RATIS, Factor:THREE, State:CLOSED] from datanode cfbaf9ff-a5d2-4350-abbf-bcb1aefbe8d3{ip: 192.168.34.8, host: pr-hdds-1879-pbs75-1821932185, networkLocation: /default-rack, certSerialId: null}. Reason : WriteLog:18: (t:1, i:18), STATEMACHINELOGENTRY, client-EFFAA1C83E3D, cid=31-writeStateMachineData interrupted.
2019-09-12 04:06:19,178 [EventQueue-PipelineActionsForPipelineActionHandler] INFO  pipeline.SCMPipelineManager (SCMPipelineManager.java:finalizeAndDestroyPipeline(311)) - destroying pipeline:Pipeline[ Id: 743e7b28-aad9-4826-95d5-f484ccc1aa7a, Nodes: 826a4c15-f032-4805-8cf4-5e11fe4a99d7{ip: 192.168.34.8, host: pr-hdds-1879-pbs75-1821932185, networkLocation: /default-rack, certSerialId: null}fc0aded7-5090-49ad-a6b0-e16cfe155c18{ip: 192.168.34.8, host: pr-hdds-1879-pbs75-1821932185, networkLocation: /default-rack, certSerialId: null}cfbaf9ff-a5d2-4350-abbf-bcb1aefbe8d3{ip: 192.168.34.8, host: pr-hdds-1879-pbs75-1821932185, networkLocation: /default-rack, certSerialId: null}, Type:RATIS, Factor:THREE, State:CLOSED]
2019-09-12 04:06:19,180 [grpc-default-executor-7] INFO  segmented.SegmentedRaftLogWorker (SegmentedRaftLogWorker.java:close(228)) - cfbaf9ff-a5d2-4350-abbf-bcb1aefbe8d3@group-F484CCC1AA7A-SegmentedRaftLogWorker close()
2019-09-12 04:06:19,184 [Command processor thread] ERROR commandhandler.CloseContainerCommandHandler (CloseContainerCommandHandler.java:handle(125)) - Can't close container #5
java.io.IOException: org.apache.ratis.protocol.GroupMismatchException: cfbaf9ff-a5d2-4350-abbf-bcb1aefbe8d3: group-F484CCC1AA7A not found.
	at org.apache.hadoop.ozone.container.common.transport.server.ratis.XceiverServerRatis.submitRequest(XceiverServerRatis.java:495)
	at org.apache.hadoop.ozone.container.common.statemachine.commandhandler.CloseContainerCommandHandler.handle(CloseContainerCommandHandler.java:102)
	at org.apache.hadoop.ozone.container.common.statemachine.commandhandler.CommandDispatcher.handle(CommandDispatcher.java:99)
	at org.apache.hadoop.ozone.container.common.statemachine.DatanodeStateMachine.lambda$initCommandHandlerThread$1(DatanodeStateMachine.java:432)
	at java.lang.Thread.run(Thread.java:748)
Caused by: java.util.concurrent.ExecutionException: org.apache.ratis.protocol.GroupMismatchException: cfbaf9ff-a5d2-4350-abbf-bcb1aefbe8d3: group-F484CCC1AA7A not found.
	at java.util.concurrent.CompletableFuture.reportGet(CompletableFuture.java:357)
	at java.util.concurrent.CompletableFuture.get(CompletableFuture.java:1895)
	at org.apache.hadoop.ozone.container.common.transport.server.ratis.XceiverServerRatis.submitRequest(XceiverServerRatis.java:493)
	... 4 more
Caused by: org.apache.ratis.protocol.GroupMismatchException: cfbaf9ff-a5d2-4350-abbf-bcb1aefbe8d3: group-F484CCC1AA7A not found.
	at org.apache.ratis.server.impl.RaftServerProxy$ImplMap.get(RaftServerProxy.java:122)
	at org.apache.ratis.server.impl.RaftServerProxy.getImplFuture(RaftServerProxy.java:269)
	at org.apache.ratis.server.impl.RaftServerProxy.submitRequest(RaftServerProxy.java:327)
	at org.apache.ratis.server.impl.RaftServerProxy.submitClientRequestAsync(RaftServerProxy.java:333)
	... 5 more
2019-09-12 04:06:19,189 [grpc-default-executor-7] INFO  interfaces.Container (KeyValueContainer.java:flushAndSyncDB(384)) - Container 2 is synced with bcsId 6.
2019-09-12 04:06:19,189 [grpc-default-executor-7] INFO  interfaces.Container (KeyValueContainer.java:flushAndSyncDB(384)) - Container 2 is synced with bcsId 6.
2019-09-12 04:06:19,194 [grpc-default-executor-7] INFO  interfaces.Container (KeyValueContainer.java:flushAndSyncDB(384)) - Container 4 is synced with bcsId 14.
2019-09-12 04:06:19,194 [grpc-default-executor-7] INFO  interfaces.Container (KeyValueContainer.java:flushAndSyncDB(384)) - Container 4 is synced with bcsId 14.
2019-09-12 04:06:19,229 [grpc-default-executor-7] INFO  interfaces.Container (KeyValueContainer.java:flushAndSyncDB(384)) - Container 5 is synced with bcsId 0.
2019-09-12 04:06:19,230 [grpc-default-executor-7] INFO  interfaces.Container (KeyValueContainer.java:flushAndSyncDB(384)) - Container 5 is synced with bcsId 0.
2019-09-12 04:06:19,256 [RatisPipelineUtilsThread] INFO  pipeline.PipelineStateManager (PipelineStateManager.java:removePipeline(108)) - Pipeline Pipeline[ Id: 743e7b28-aad9-4826-95d5-f484ccc1aa7a, Nodes: 826a4c15-f032-4805-8cf4-5e11fe4a99d7{ip: 192.168.34.8, host: pr-hdds-1879-pbs75-1821932185, networkLocation: /default-rack, certSerialId: null}fc0aded7-5090-49ad-a6b0-e16cfe155c18{ip: 192.168.34.8, host: pr-hdds-1879-pbs75-1821932185, networkLocation: /default-rack, certSerialId: null}cfbaf9ff-a5d2-4350-abbf-bcb1aefbe8d3{ip: 192.168.34.8, host: pr-hdds-1879-pbs75-1821932185, networkLocation: /default-rack, certSerialId: null}, Type:RATIS, Factor:THREE, State:CLOSED] removed from db
2019-09-12 04:06:19,378 [main] WARN  io.KeyOutputStream (KeyOutputStream.java:handleException(276)) - Encountered exception java.io.IOException: Unexpected Storage Container Exception: java.util.concurrent.CompletionException: java.util.concurrent.CompletionException: org.apache.ratis.protocol.GroupMismatchException: fc0aded7-5090-49ad-a6b0-e16cfe155c18: group-F484CCC1AA7A not found. on the pipeline Pipeline[ Id: 743e7b28-aad9-4826-95d5-f484ccc1aa7a, Nodes: 826a4c15-f032-4805-8cf4-5e11fe4a99d7{ip: 192.168.34.8, host: pr-hdds-1879-pbs75-1821932185, networkLocation: /default-rack, certSerialId: null}fc0aded7-5090-49ad-a6b0-e16cfe155c18{ip: 192.168.34.8, host: pr-hdds-1879-pbs75-1821932185, networkLocation: /default-rack, certSerialId: null}cfbaf9ff-a5d2-4350-abbf-bcb1aefbe8d3{ip: 192.168.34.8, host: pr-hdds-1879-pbs75-1821932185, networkLocation: /default-rack, certSerialId: null}, Type:RATIS, Factor:THREE, State:OPEN]. The last committed block length is 0, uncommitted data length is 400 retry count 0
2019-09-12 04:06:19,578 [grpc-default-executor-7] INFO  client.GrpcClientProtocolClient (GrpcClientProtocolClient.java:onNext(264)) - client-38E6C04ACA0A->d16d800f-a890-4a7a-bda4-5bf97a65c0f2: receive RaftClientReply:client-38E6C04ACA0A->d16d800f-a890-4a7a-bda4-5bf97a65c0f2@group-1AC969952D72, cid=135, SUCCESS, logIndex=1, commits[d16d800f-a890-4a7a-bda4-5bf97a65c0f2:c1, 41a8e196-af5b-4c71-b4d4-8d03270b35a0:c0, e74ea0f8-bf41-4d93-a1fd-ac84c2b46512:c0]
2019-09-12 04:06:19,621 [grpc-default-executor-10] INFO  client.GrpcClientProtocolClient (GrpcClientProtocolClient.java:onNext(264)) - client-38E6C04ACA0A->d16d800f-a890-4a7a-bda4-5bf97a65c0f2: receive RaftClientReply:client-38E6C04ACA0A->d16d800f-a890-4a7a-bda4-5bf97a65c0f2@group-1AC969952D72, cid=136, SUCCESS, logIndex=3, commits[d16d800f-a890-4a7a-bda4-5bf97a65c0f2:c4, 41a8e196-af5b-4c71-b4d4-8d03270b35a0:c2, e74ea0f8-bf41-4d93-a1fd-ac84c2b46512:c2]
2019-09-12 04:06:19,694 [grpc-default-executor-10] INFO  client.GrpcClientProtocolClient (GrpcClientProtocolClient.java:onNext(264)) - client-38E6C04ACA0A->d16d800f-a890-4a7a-bda4-5bf97a65c0f2: receive RaftClientReply:client-38E6C04ACA0A->d16d800f-a890-4a7a-bda4-5bf97a65c0f2@group-1AC969952D72, cid=137, SUCCESS, logIndex=4, commits[d16d800f-a890-4a7a-bda4-5bf97a65c0f2:c11, 41a8e196-af5b-4c71-b4d4-8d03270b35a0:c7, e74ea0f8-bf41-4d93-a1fd-ac84c2b46512:c7]
2019-09-12 04:06:19,704 [grpc-default-executor-10] INFO  client.GrpcClientProtocolClient (GrpcClientProtocolClient.java:onNext(264)) - client-38E6C04ACA0A->d16d800f-a890-4a7a-bda4-5bf97a65c0f2: receive RaftClientReply:client-38E6C04ACA0A->d16d800f-a890-4a7a-bda4-5bf97a65c0f2@group-1AC969952D72, cid=138, SUCCESS, logIndex=5, commits[d16d800f-a890-4a7a-bda4-5bf97a65c0f2:c11, 41a8e196-af5b-4c71-b4d4-8d03270b35a0:c7, e74ea0f8-bf41-4d93-a1fd-ac84c2b46512:c7]
2019-09-12 04:06:19,705 [grpc-default-executor-10] INFO  client.GrpcClientProtocolClient (GrpcClientProtocolClient.java:onNext(264)) - client-38E6C04ACA0A->d16d800f-a890-4a7a-bda4-5bf97a65c0f2: receive RaftClientReply:client-38E6C04ACA0A->d16d800f-a890-4a7a-bda4-5bf97a65c0f2@group-1AC969952D72, cid=139, SUCCESS, logIndex=6, commits[d16d800f-a890-4a7a-bda4-5bf97a65c0f2:c11, 41a8e196-af5b-4c71-b4d4-8d03270b35a0:c7, e74ea0f8-bf41-4d93-a1fd-ac84c2b46512:c7]
2019-09-12 04:06:19,797 [grpc-default-executor-10] INFO  client.GrpcClientProtocolClient (GrpcClientProtocolClient.java:onNext(264)) - client-38E6C04ACA0A->d16d800f-a890-4a7a-bda4-5bf97a65c0f2: receive RaftClientReply:client-38E6C04ACA0A->d16d800f-a890-4a7a-bda4-5bf97a65c0f2@group-1AC969952D72, cid=140, SUCCESS, logIndex=7, commits[d16d800f-a890-4a7a-bda4-5bf97a65c0f2:c11, 41a8e196-af5b-4c71-b4d4-8d03270b35a0:c7, e74ea0f8-bf41-4d93-a1fd-ac84c2b46512:c7]
]]></system-out>
  </testcase>
  <testcase name="testBufferCaching" classname="org.apache.hadoop.ozone.client.rpc.TestBlockOutputStream" time="0.531"/>
  <testcase name="testWriteWithExceedingMaxBufferLimit" classname="org.apache.hadoop.ozone.client.rpc.TestBlockOutputStream" time="188.436">
    <failure message="expected:&lt;22&gt; but was:&lt;26&gt;" type="java.lang.AssertionError"><![CDATA[java.lang.AssertionError: expected:<22> but was:<26>
	at org.junit.Assert.fail(Assert.java:88)
	at org.junit.Assert.failNotEquals(Assert.java:743)
	at org.junit.Assert.assertEquals(Assert.java:118)
	at org.junit.Assert.assertEquals(Assert.java:555)
	at org.junit.Assert.assertEquals(Assert.java:542)
	at org.apache.hadoop.ozone.client.rpc.TestBlockOutputStream.testWriteWithExceedingMaxBufferLimit(TestBlockOutputStream.java:614)
	at sun.reflect.NativeMethodAccessorImpl.invoke0(Native Method)
	at sun.reflect.NativeMethodAccessorImpl.invoke(NativeMethodAccessorImpl.java:62)
	at sun.reflect.DelegatingMethodAccessorImpl.invoke(DelegatingMethodAccessorImpl.java:43)
	at java.lang.reflect.Method.invoke(Method.java:498)
	at org.junit.runners.model.FrameworkMethod$1.runReflectiveCall(FrameworkMethod.java:47)
	at org.junit.internal.runners.model.ReflectiveCallable.run(ReflectiveCallable.java:12)
	at org.junit.runners.model.FrameworkMethod.invokeExplosively(FrameworkMethod.java:44)
	at org.junit.internal.runners.statements.InvokeMethod.evaluate(InvokeMethod.java:17)
	at org.junit.runners.ParentRunner.runLeaf(ParentRunner.java:271)
	at org.junit.runners.BlockJUnit4ClassRunner.runChild(BlockJUnit4ClassRunner.java:70)
	at org.junit.runners.BlockJUnit4ClassRunner.runChild(BlockJUnit4ClassRunner.java:50)
	at org.junit.runners.ParentRunner$3.run(ParentRunner.java:238)
	at org.junit.runners.ParentRunner$1.schedule(ParentRunner.java:63)
	at org.junit.runners.ParentRunner.runChildren(ParentRunner.java:236)
	at org.junit.runners.ParentRunner.access$000(ParentRunner.java:53)
	at org.junit.runners.ParentRunner$2.evaluate(ParentRunner.java:229)
	at org.junit.internal.runners.statements.RunBefores.evaluate(RunBefores.java:26)
	at org.junit.internal.runners.statements.RunAfters.evaluate(RunAfters.java:27)
	at org.junit.runners.ParentRunner.run(ParentRunner.java:309)
	at org.apache.maven.surefire.junit4.JUnit4Provider.execute(JUnit4Provider.java:365)
	at org.apache.maven.surefire.junit4.JUnit4Provider.executeWithRerun(JUnit4Provider.java:273)
	at org.apache.maven.surefire.junit4.JUnit4Provider.executeTestSet(JUnit4Provider.java:238)
	at org.apache.maven.surefire.junit4.JUnit4Provider.invoke(JUnit4Provider.java:159)
	at org.apache.maven.surefire.booter.ForkedBooter.invokeProviderInSameClassLoader(ForkedBooter.java:384)
	at org.apache.maven.surefire.booter.ForkedBooter.runSuitesInProcess(ForkedBooter.java:345)
	at org.apache.maven.surefire.booter.ForkedBooter.execute(ForkedBooter.java:126)
	at org.apache.maven.surefire.booter.ForkedBooter.main(ForkedBooter.java:418)
]]></failure>
    <system-out><![CDATA[2019-09-12 04:06:21,806 [grpc-default-executor-7] INFO  impl.RaftServerProxy (RaftServerProxy.java:remove(95)) - 826a4c15-f032-4805-8cf4-5e11fe4a99d7: remove group-F484CCC1AA7A:null
2019-09-12 04:06:21,809 [RatisPipelineUtilsThread] WARN  pipeline.RatisPipelineUtils (RatisPipelineUtils.java:destroyPipeline(66)) - Pipeline destroy failed for pipeline=PipelineID=743e7b28-aad9-4826-95d5-f484ccc1aa7a dn=826a4c15-f032-4805-8cf4-5e11fe4a99d7{ip: 192.168.34.8, host: pr-hdds-1879-pbs75-1821932185, networkLocation: /default-rack, certSerialId: null}
2019-09-12 04:06:21,811 [grpc-default-executor-7] INFO  impl.RaftServerProxy (RaftServerProxy.java:remove(95)) - fc0aded7-5090-49ad-a6b0-e16cfe155c18: remove group-F484CCC1AA7A:null
2019-09-12 04:06:21,814 [RatisPipelineUtilsThread] WARN  pipeline.RatisPipelineUtils (RatisPipelineUtils.java:destroyPipeline(66)) - Pipeline destroy failed for pipeline=PipelineID=743e7b28-aad9-4826-95d5-f484ccc1aa7a dn=fc0aded7-5090-49ad-a6b0-e16cfe155c18{ip: 192.168.34.8, host: pr-hdds-1879-pbs75-1821932185, networkLocation: /default-rack, certSerialId: null}
2019-09-12 04:06:21,816 [grpc-default-executor-7] INFO  impl.RaftServerProxy (RaftServerProxy.java:remove(95)) - cfbaf9ff-a5d2-4350-abbf-bcb1aefbe8d3: remove group-F484CCC1AA7A:null
2019-09-12 04:06:21,818 [RatisPipelineUtilsThread] WARN  pipeline.RatisPipelineUtils (RatisPipelineUtils.java:destroyPipeline(66)) - Pipeline destroy failed for pipeline=PipelineID=743e7b28-aad9-4826-95d5-f484ccc1aa7a dn=cfbaf9ff-a5d2-4350-abbf-bcb1aefbe8d3{ip: 192.168.34.8, host: pr-hdds-1879-pbs75-1821932185, networkLocation: /default-rack, certSerialId: null}
2019-09-12 04:06:21,819 [RatisPipelineUtilsThread] ERROR pipeline.SCMPipelineManager (Scheduler.java:lambda$schedule$1(70)) - Destroy pipeline failed for pipeline:Pipeline[ Id: 743e7b28-aad9-4826-95d5-f484ccc1aa7a, Nodes: 826a4c15-f032-4805-8cf4-5e11fe4a99d7{ip: 192.168.34.8, host: pr-hdds-1879-pbs75-1821932185, networkLocation: /default-rack, certSerialId: null}fc0aded7-5090-49ad-a6b0-e16cfe155c18{ip: 192.168.34.8, host: pr-hdds-1879-pbs75-1821932185, networkLocation: /default-rack, certSerialId: null}cfbaf9ff-a5d2-4350-abbf-bcb1aefbe8d3{ip: 192.168.34.8, host: pr-hdds-1879-pbs75-1821932185, networkLocation: /default-rack, certSerialId: null}, Type:RATIS, Factor:THREE, State:CLOSED]
org.apache.hadoop.hdds.scm.pipeline.PipelineNotFoundException: PipelineID=743e7b28-aad9-4826-95d5-f484ccc1aa7a not found
	at org.apache.hadoop.hdds.scm.pipeline.PipelineStateMap.getPipeline(PipelineStateMap.java:132)
	at org.apache.hadoop.hdds.scm.pipeline.PipelineStateMap.removePipeline(PipelineStateMap.java:322)
	at org.apache.hadoop.hdds.scm.pipeline.PipelineStateManager.removePipeline(PipelineStateManager.java:107)
	at org.apache.hadoop.hdds.scm.pipeline.SCMPipelineManager.removePipeline(SCMPipelineManager.java:423)
	at org.apache.hadoop.hdds.scm.pipeline.SCMPipelineManager.destroyPipeline(SCMPipelineManager.java:409)
	at org.apache.hadoop.hdds.scm.pipeline.SCMPipelineManager.lambda$finalizeAndDestroyPipeline$0(SCMPipelineManager.java:318)
	at org.apache.hadoop.utils.Scheduler.lambda$schedule$1(Scheduler.java:68)
	at java.util.concurrent.Executors$RunnableAdapter.call(Executors.java:511)
	at java.util.concurrent.FutureTask.run(FutureTask.java:266)
	at java.util.concurrent.ScheduledThreadPoolExecutor$ScheduledFutureTask.access$201(ScheduledThreadPoolExecutor.java:180)
	at java.util.concurrent.ScheduledThreadPoolExecutor$ScheduledFutureTask.run(ScheduledThreadPoolExecutor.java:293)
	at java.util.concurrent.ThreadPoolExecutor.runWorker(ThreadPoolExecutor.java:1149)
	at java.util.concurrent.ThreadPoolExecutor$Worker.run(ThreadPoolExecutor.java:624)
	at java.lang.Thread.run(Thread.java:748)
2019-09-12 04:06:22,825 [grpc-default-executor-7] INFO  impl.RaftServerProxy (RaftServerProxy.java:remove(95)) - 826a4c15-f032-4805-8cf4-5e11fe4a99d7: remove group-F484CCC1AA7A:null
2019-09-12 04:06:22,828 [RatisPipelineUtilsThread] WARN  pipeline.RatisPipelineUtils (RatisPipelineUtils.java:destroyPipeline(66)) - Pipeline destroy failed for pipeline=PipelineID=743e7b28-aad9-4826-95d5-f484ccc1aa7a dn=826a4c15-f032-4805-8cf4-5e11fe4a99d7{ip: 192.168.34.8, host: pr-hdds-1879-pbs75-1821932185, networkLocation: /default-rack, certSerialId: null}
2019-09-12 04:06:22,831 [grpc-default-executor-7] INFO  impl.RaftServerProxy (RaftServerProxy.java:remove(95)) - fc0aded7-5090-49ad-a6b0-e16cfe155c18: remove group-F484CCC1AA7A:null
2019-09-12 04:06:22,833 [RatisPipelineUtilsThread] WARN  pipeline.RatisPipelineUtils (RatisPipelineUtils.java:destroyPipeline(66)) - Pipeline destroy failed for pipeline=PipelineID=743e7b28-aad9-4826-95d5-f484ccc1aa7a dn=fc0aded7-5090-49ad-a6b0-e16cfe155c18{ip: 192.168.34.8, host: pr-hdds-1879-pbs75-1821932185, networkLocation: /default-rack, certSerialId: null}
2019-09-12 04:06:22,836 [grpc-default-executor-7] INFO  impl.RaftServerProxy (RaftServerProxy.java:remove(95)) - cfbaf9ff-a5d2-4350-abbf-bcb1aefbe8d3: remove group-F484CCC1AA7A:null
2019-09-12 04:06:22,838 [RatisPipelineUtilsThread] WARN  pipeline.RatisPipelineUtils (RatisPipelineUtils.java:destroyPipeline(66)) - Pipeline destroy failed for pipeline=PipelineID=743e7b28-aad9-4826-95d5-f484ccc1aa7a dn=cfbaf9ff-a5d2-4350-abbf-bcb1aefbe8d3{ip: 192.168.34.8, host: pr-hdds-1879-pbs75-1821932185, networkLocation: /default-rack, certSerialId: null}
2019-09-12 04:06:22,838 [RatisPipelineUtilsThread] ERROR pipeline.SCMPipelineManager (Scheduler.java:lambda$schedule$1(70)) - Destroy pipeline failed for pipeline:Pipeline[ Id: 743e7b28-aad9-4826-95d5-f484ccc1aa7a, Nodes: 826a4c15-f032-4805-8cf4-5e11fe4a99d7{ip: 192.168.34.8, host: pr-hdds-1879-pbs75-1821932185, networkLocation: /default-rack, certSerialId: null}fc0aded7-5090-49ad-a6b0-e16cfe155c18{ip: 192.168.34.8, host: pr-hdds-1879-pbs75-1821932185, networkLocation: /default-rack, certSerialId: null}cfbaf9ff-a5d2-4350-abbf-bcb1aefbe8d3{ip: 192.168.34.8, host: pr-hdds-1879-pbs75-1821932185, networkLocation: /default-rack, certSerialId: null}, Type:RATIS, Factor:THREE, State:CLOSED]
org.apache.hadoop.hdds.scm.pipeline.PipelineNotFoundException: PipelineID=743e7b28-aad9-4826-95d5-f484ccc1aa7a not found
	at org.apache.hadoop.hdds.scm.pipeline.PipelineStateMap.getPipeline(PipelineStateMap.java:132)
	at org.apache.hadoop.hdds.scm.pipeline.PipelineStateMap.removePipeline(PipelineStateMap.java:322)
	at org.apache.hadoop.hdds.scm.pipeline.PipelineStateManager.removePipeline(PipelineStateManager.java:107)
	at org.apache.hadoop.hdds.scm.pipeline.SCMPipelineManager.removePipeline(SCMPipelineManager.java:423)
	at org.apache.hadoop.hdds.scm.pipeline.SCMPipelineManager.destroyPipeline(SCMPipelineManager.java:409)
	at org.apache.hadoop.hdds.scm.pipeline.SCMPipelineManager.lambda$finalizeAndDestroyPipeline$0(SCMPipelineManager.java:318)
	at org.apache.hadoop.utils.Scheduler.lambda$schedule$1(Scheduler.java:68)
	at java.util.concurrent.Executors$RunnableAdapter.call(Executors.java:511)
	at java.util.concurrent.FutureTask.run(FutureTask.java:266)
	at java.util.concurrent.ScheduledThreadPoolExecutor$ScheduledFutureTask.access$201(ScheduledThreadPoolExecutor.java:180)
	at java.util.concurrent.ScheduledThreadPoolExecutor$ScheduledFutureTask.run(ScheduledThreadPoolExecutor.java:293)
	at java.util.concurrent.ThreadPoolExecutor.runWorker(ThreadPoolExecutor.java:1149)
	at java.util.concurrent.ThreadPoolExecutor$Worker.run(ThreadPoolExecutor.java:624)
	at java.lang.Thread.run(Thread.java:748)
2019-09-12 04:06:23,356 [java.util.concurrent.ThreadPoolExecutor$Worker@792bad54[State = -1, empty queue]] WARN  server.GrpcLogAppender (GrpcLogAppender.java:timeoutAppendRequest(200)) - d16d800f-a890-4a7a-bda4-5bf97a65c0f2@group-1AC969952D72->41a8e196-af5b-4c71-b4d4-8d03270b35a0-GrpcLogAppender: appendEntries Timeout, request=d16d800f-a890-4a7a-bda4-5bf97a65c0f2->41a8e196-af5b-4c71-b4d4-8d03270b35a0#89-t1, previous=(t:1, i:15), leaderCommit=15, initializing? false, entries: size=1, first=(t:1, i:16), STATEMACHINELOGENTRY, client-38E6C04ACA0A, cid=143
2019-09-12 04:06:23,356 [java.util.concurrent.ThreadPoolExecutor$Worker@4b485f37[State = -1, empty queue]] WARN  server.GrpcLogAppender (GrpcLogAppender.java:timeoutAppendRequest(200)) - d16d800f-a890-4a7a-bda4-5bf97a65c0f2@group-1AC969952D72->e74ea0f8-bf41-4d93-a1fd-ac84c2b46512-GrpcLogAppender: appendEntries Timeout, request=d16d800f-a890-4a7a-bda4-5bf97a65c0f2->e74ea0f8-bf41-4d93-a1fd-ac84c2b46512#89-t1, previous=(t:1, i:15), leaderCommit=15, initializing? false, entries: size=1, first=(t:1, i:16), STATEMACHINELOGENTRY, client-38E6C04ACA0A, cid=143
2019-09-12 04:06:23,356 [java.util.concurrent.ThreadPoolExecutor$Worker@792bad54[State = -1, empty queue]] WARN  server.GrpcLogAppender (GrpcLogAppender.java:timeoutAppendRequest(200)) - d16d800f-a890-4a7a-bda4-5bf97a65c0f2@group-1AC969952D72->41a8e196-af5b-4c71-b4d4-8d03270b35a0-GrpcLogAppender: appendEntries Timeout, request=d16d800f-a890-4a7a-bda4-5bf97a65c0f2->41a8e196-af5b-4c71-b4d4-8d03270b35a0#90-t1, previous=(t:1, i:16), leaderCommit=15, initializing? false, entries: size=1, first=(t:1, i:17), STATEMACHINELOGENTRY, client-38E6C04ACA0A, cid=144
2019-09-12 04:06:23,356 [java.util.concurrent.ThreadPoolExecutor$Worker@4b485f37[State = -1, empty queue]] WARN  server.GrpcLogAppender (GrpcLogAppender.java:timeoutAppendRequest(200)) - d16d800f-a890-4a7a-bda4-5bf97a65c0f2@group-1AC969952D72->e74ea0f8-bf41-4d93-a1fd-ac84c2b46512-GrpcLogAppender: appendEntries Timeout, request=d16d800f-a890-4a7a-bda4-5bf97a65c0f2->e74ea0f8-bf41-4d93-a1fd-ac84c2b46512#90-t1, previous=(t:1, i:16), leaderCommit=15, initializing? false, entries: size=1, first=(t:1, i:17), STATEMACHINELOGENTRY, client-38E6C04ACA0A, cid=144
2019-09-12 04:06:23,356 [java.util.concurrent.ThreadPoolExecutor$Worker@792bad54[State = -1, empty queue]] WARN  server.GrpcLogAppender (GrpcLogAppender.java:timeoutAppendRequest(200)) - d16d800f-a890-4a7a-bda4-5bf97a65c0f2@group-1AC969952D72->41a8e196-af5b-4c71-b4d4-8d03270b35a0-GrpcLogAppender: appendEntries Timeout, request=d16d800f-a890-4a7a-bda4-5bf97a65c0f2->41a8e196-af5b-4c71-b4d4-8d03270b35a0#91-t1, previous=(t:1, i:17), leaderCommit=15, initializing? false, entries: size=1, first=(t:1, i:18), STATEMACHINELOGENTRY, client-38E6C04ACA0A, cid=145
2019-09-12 04:06:23,357 [java.util.concurrent.ThreadPoolExecutor$Worker@4b485f37[State = -1, empty queue]] WARN  server.GrpcLogAppender (GrpcLogAppender.java:timeoutAppendRequest(200)) - d16d800f-a890-4a7a-bda4-5bf97a65c0f2@group-1AC969952D72->e74ea0f8-bf41-4d93-a1fd-ac84c2b46512-GrpcLogAppender: appendEntries Timeout, request=d16d800f-a890-4a7a-bda4-5bf97a65c0f2->e74ea0f8-bf41-4d93-a1fd-ac84c2b46512#91-t1, previous=(t:1, i:17), leaderCommit=15, initializing? false, entries: size=1, first=(t:1, i:18), STATEMACHINELOGENTRY, client-38E6C04ACA0A, cid=145
2019-09-12 04:06:23,358 [java.util.concurrent.ThreadPoolExecutor$Worker@792bad54[State = -1, empty queue]] WARN  server.GrpcLogAppender (GrpcLogAppender.java:timeoutAppendRequest(200)) - d16d800f-a890-4a7a-bda4-5bf97a65c0f2@group-1AC969952D72->41a8e196-af5b-4c71-b4d4-8d03270b35a0-GrpcLogAppender: appendEntries Timeout, request=d16d800f-a890-4a7a-bda4-5bf97a65c0f2->41a8e196-af5b-4c71-b4d4-8d03270b35a0#92-t1, previous=(t:1, i:18), leaderCommit=15, initializing? false, entries: size=1, first=(t:1, i:19), STATEMACHINELOGENTRY, client-38E6C04ACA0A, cid=146
2019-09-12 04:06:23,358 [java.util.concurrent.ThreadPoolExecutor$Worker@4b485f37[State = -1, empty queue]] WARN  server.GrpcLogAppender (GrpcLogAppender.java:timeoutAppendRequest(200)) - d16d800f-a890-4a7a-bda4-5bf97a65c0f2@group-1AC969952D72->e74ea0f8-bf41-4d93-a1fd-ac84c2b46512-GrpcLogAppender: appendEntries Timeout, request=d16d800f-a890-4a7a-bda4-5bf97a65c0f2->e74ea0f8-bf41-4d93-a1fd-ac84c2b46512#92-t1, previous=(t:1, i:18), leaderCommit=15, initializing? false, entries: size=1, first=(t:1, i:19), STATEMACHINELOGENTRY, client-38E6C04ACA0A, cid=146
2019-09-12 04:06:23,359 [java.util.concurrent.ThreadPoolExecutor$Worker@4b485f37[State = -1, empty queue]] WARN  server.GrpcLogAppender (GrpcLogAppender.java:timeoutAppendRequest(200)) - d16d800f-a890-4a7a-bda4-5bf97a65c0f2@group-1AC969952D72->e74ea0f8-bf41-4d93-a1fd-ac84c2b46512-GrpcLogAppender: appendEntries Timeout, request=d16d800f-a890-4a7a-bda4-5bf97a65c0f2->e74ea0f8-bf41-4d93-a1fd-ac84c2b46512#93-t1, previous=(t:1, i:19), leaderCommit=15, initializing? false, entries: size=1, first=(t:1, i:20), STATEMACHINELOGENTRY, client-38E6C04ACA0A, cid=147
2019-09-12 04:06:23,359 [java.util.concurrent.ThreadPoolExecutor$Worker@792bad54[State = -1, empty queue]] WARN  server.GrpcLogAppender (GrpcLogAppender.java:timeoutAppendRequest(200)) - d16d800f-a890-4a7a-bda4-5bf97a65c0f2@group-1AC969952D72->41a8e196-af5b-4c71-b4d4-8d03270b35a0-GrpcLogAppender: appendEntries Timeout, request=d16d800f-a890-4a7a-bda4-5bf97a65c0f2->41a8e196-af5b-4c71-b4d4-8d03270b35a0#93-t1, previous=(t:1, i:19), leaderCommit=15, initializing? false, entries: size=1, first=(t:1, i:20), STATEMACHINELOGENTRY, client-38E6C04ACA0A, cid=147
2019-09-12 04:06:23,359 [java.util.concurrent.ThreadPoolExecutor$Worker@4b485f37[State = -1, empty queue]] WARN  server.GrpcLogAppender (GrpcLogAppender.java:timeoutAppendRequest(200)) - d16d800f-a890-4a7a-bda4-5bf97a65c0f2@group-1AC969952D72->e74ea0f8-bf41-4d93-a1fd-ac84c2b46512-GrpcLogAppender: appendEntries Timeout, request=d16d800f-a890-4a7a-bda4-5bf97a65c0f2->e74ea0f8-bf41-4d93-a1fd-ac84c2b46512#94-t1, previous=(t:1, i:20), leaderCommit=15, initializing? false, entries: size=1, first=(t:1, i:21), STATEMACHINELOGENTRY, client-38E6C04ACA0A, cid=148
2019-09-12 04:06:23,359 [java.util.concurrent.ThreadPoolExecutor$Worker@792bad54[State = -1, empty queue]] WARN  server.GrpcLogAppender (GrpcLogAppender.java:timeoutAppendRequest(200)) - d16d800f-a890-4a7a-bda4-5bf97a65c0f2@group-1AC969952D72->41a8e196-af5b-4c71-b4d4-8d03270b35a0-GrpcLogAppender: appendEntries Timeout, request=d16d800f-a890-4a7a-bda4-5bf97a65c0f2->41a8e196-af5b-4c71-b4d4-8d03270b35a0#94-t1, previous=(t:1, i:20), leaderCommit=15, initializing? false, entries: size=1, first=(t:1, i:21), STATEMACHINELOGENTRY, client-38E6C04ACA0A, cid=148
2019-09-12 04:06:24,831 [grpc-default-executor-10] INFO  impl.RaftServerProxy (RaftServerProxy.java:remove(95)) - 826a4c15-f032-4805-8cf4-5e11fe4a99d7: remove group-F484CCC1AA7A:null
2019-09-12 04:06:24,836 [RatisPipelineUtilsThread] WARN  pipeline.RatisPipelineUtils (RatisPipelineUtils.java:destroyPipeline(66)) - Pipeline destroy failed for pipeline=PipelineID=743e7b28-aad9-4826-95d5-f484ccc1aa7a dn=826a4c15-f032-4805-8cf4-5e11fe4a99d7{ip: 192.168.34.8, host: pr-hdds-1879-pbs75-1821932185, networkLocation: /default-rack, certSerialId: null}
2019-09-12 04:06:24,839 [grpc-default-executor-10] INFO  impl.RaftServerProxy (RaftServerProxy.java:remove(95)) - fc0aded7-5090-49ad-a6b0-e16cfe155c18: remove group-F484CCC1AA7A:null
2019-09-12 04:06:24,841 [RatisPipelineUtilsThread] WARN  pipeline.RatisPipelineUtils (RatisPipelineUtils.java:destroyPipeline(66)) - Pipeline destroy failed for pipeline=PipelineID=743e7b28-aad9-4826-95d5-f484ccc1aa7a dn=fc0aded7-5090-49ad-a6b0-e16cfe155c18{ip: 192.168.34.8, host: pr-hdds-1879-pbs75-1821932185, networkLocation: /default-rack, certSerialId: null}
2019-09-12 04:06:24,844 [grpc-default-executor-10] INFO  impl.RaftServerProxy (RaftServerProxy.java:remove(95)) - cfbaf9ff-a5d2-4350-abbf-bcb1aefbe8d3: remove group-F484CCC1AA7A:null
2019-09-12 04:06:24,846 [RatisPipelineUtilsThread] WARN  pipeline.RatisPipelineUtils (RatisPipelineUtils.java:destroyPipeline(66)) - Pipeline destroy failed for pipeline=PipelineID=743e7b28-aad9-4826-95d5-f484ccc1aa7a dn=cfbaf9ff-a5d2-4350-abbf-bcb1aefbe8d3{ip: 192.168.34.8, host: pr-hdds-1879-pbs75-1821932185, networkLocation: /default-rack, certSerialId: null}
2019-09-12 04:06:24,847 [RatisPipelineUtilsThread] ERROR pipeline.SCMPipelineManager (Scheduler.java:lambda$schedule$1(70)) - Destroy pipeline failed for pipeline:Pipeline[ Id: 743e7b28-aad9-4826-95d5-f484ccc1aa7a, Nodes: 826a4c15-f032-4805-8cf4-5e11fe4a99d7{ip: 192.168.34.8, host: pr-hdds-1879-pbs75-1821932185, networkLocation: /default-rack, certSerialId: null}fc0aded7-5090-49ad-a6b0-e16cfe155c18{ip: 192.168.34.8, host: pr-hdds-1879-pbs75-1821932185, networkLocation: /default-rack, certSerialId: null}cfbaf9ff-a5d2-4350-abbf-bcb1aefbe8d3{ip: 192.168.34.8, host: pr-hdds-1879-pbs75-1821932185, networkLocation: /default-rack, certSerialId: null}, Type:RATIS, Factor:THREE, State:CLOSED]
org.apache.hadoop.hdds.scm.pipeline.PipelineNotFoundException: PipelineID=743e7b28-aad9-4826-95d5-f484ccc1aa7a not found
	at org.apache.hadoop.hdds.scm.pipeline.PipelineStateMap.getPipeline(PipelineStateMap.java:132)
	at org.apache.hadoop.hdds.scm.pipeline.PipelineStateMap.removePipeline(PipelineStateMap.java:322)
	at org.apache.hadoop.hdds.scm.pipeline.PipelineStateManager.removePipeline(PipelineStateManager.java:107)
	at org.apache.hadoop.hdds.scm.pipeline.SCMPipelineManager.removePipeline(SCMPipelineManager.java:423)
	at org.apache.hadoop.hdds.scm.pipeline.SCMPipelineManager.destroyPipeline(SCMPipelineManager.java:409)
	at org.apache.hadoop.hdds.scm.pipeline.SCMPipelineManager.lambda$finalizeAndDestroyPipeline$0(SCMPipelineManager.java:318)
	at org.apache.hadoop.utils.Scheduler.lambda$schedule$1(Scheduler.java:68)
	at java.util.concurrent.Executors$RunnableAdapter.call(Executors.java:511)
	at java.util.concurrent.FutureTask.run(FutureTask.java:266)
	at java.util.concurrent.ScheduledThreadPoolExecutor$ScheduledFutureTask.access$201(ScheduledThreadPoolExecutor.java:180)
	at java.util.concurrent.ScheduledThreadPoolExecutor$ScheduledFutureTask.run(ScheduledThreadPoolExecutor.java:293)
	at java.util.concurrent.ThreadPoolExecutor.runWorker(ThreadPoolExecutor.java:1149)
	at java.util.concurrent.ThreadPoolExecutor$Worker.run(ThreadPoolExecutor.java:624)
	at java.lang.Thread.run(Thread.java:748)
2019-09-12 04:06:25,394 [grpc-default-executor-7] INFO  client.GrpcClientProtocolClient (GrpcClientProtocolClient.java:onNext(264)) - client-38E6C04ACA0A->41a8e196-af5b-4c71-b4d4-8d03270b35a0: receive RaftClientReply:client-38E6C04ACA0A->41a8e196-af5b-4c71-b4d4-8d03270b35a0@group-1AC969952D72, cid=143, FAILED org.apache.ratis.protocol.NotLeaderException: Server 41a8e196-af5b-4c71-b4d4-8d03270b35a0@group-1AC969952D72 is not the leader d16d800f-a890-4a7a-bda4-5bf97a65c0f2:192.168.34.8:33400, logIndex=0, commits[41a8e196-af5b-4c71-b4d4-8d03270b35a0:c15, e74ea0f8-bf41-4d93-a1fd-ac84c2b46512:c13, d16d800f-a890-4a7a-bda4-5bf97a65c0f2:c15]
2019-09-12 04:06:25,860 [java.util.concurrent.ThreadPoolExecutor$Worker@4b485f37[State = -1, empty queue]] WARN  server.GrpcLogAppender (GrpcLogAppender.java:timeoutAppendRequest(200)) - d16d800f-a890-4a7a-bda4-5bf97a65c0f2@group-1AC969952D72->e74ea0f8-bf41-4d93-a1fd-ac84c2b46512-GrpcLogAppender: appendEntries Timeout, request=d16d800f-a890-4a7a-bda4-5bf97a65c0f2->e74ea0f8-bf41-4d93-a1fd-ac84c2b46512#95-t1, previous=(t:1, i:21), leaderCommit=15, initializing? false, entries: <empty>
2019-09-12 04:06:25,860 [java.util.concurrent.ThreadPoolExecutor$Worker@792bad54[State = -1, empty queue]] WARN  server.GrpcLogAppender (GrpcLogAppender.java:timeoutAppendRequest(200)) - d16d800f-a890-4a7a-bda4-5bf97a65c0f2@group-1AC969952D72->41a8e196-af5b-4c71-b4d4-8d03270b35a0-GrpcLogAppender: appendEntries Timeout, request=d16d800f-a890-4a7a-bda4-5bf97a65c0f2->41a8e196-af5b-4c71-b4d4-8d03270b35a0#95-t1, previous=(t:1, i:21), leaderCommit=15, initializing? false, entries: <empty>
2019-09-12 04:06:27,830 [grpc-default-executor-10] INFO  impl.RaftServerProxy (RaftServerProxy.java:remove(95)) - 826a4c15-f032-4805-8cf4-5e11fe4a99d7: remove group-F484CCC1AA7A:null
2019-09-12 04:06:27,836 [RatisPipelineUtilsThread] WARN  pipeline.RatisPipelineUtils (RatisPipelineUtils.java:destroyPipeline(66)) - Pipeline destroy failed for pipeline=PipelineID=743e7b28-aad9-4826-95d5-f484ccc1aa7a dn=826a4c15-f032-4805-8cf4-5e11fe4a99d7{ip: 192.168.34.8, host: pr-hdds-1879-pbs75-1821932185, networkLocation: /default-rack, certSerialId: null}
2019-09-12 04:06:27,838 [grpc-default-executor-10] INFO  impl.RaftServerProxy (RaftServerProxy.java:remove(95)) - fc0aded7-5090-49ad-a6b0-e16cfe155c18: remove group-F484CCC1AA7A:null
2019-09-12 04:06:27,841 [RatisPipelineUtilsThread] WARN  pipeline.RatisPipelineUtils (RatisPipelineUtils.java:destroyPipeline(66)) - Pipeline destroy failed for pipeline=PipelineID=743e7b28-aad9-4826-95d5-f484ccc1aa7a dn=fc0aded7-5090-49ad-a6b0-e16cfe155c18{ip: 192.168.34.8, host: pr-hdds-1879-pbs75-1821932185, networkLocation: /default-rack, certSerialId: null}
2019-09-12 04:06:27,843 [grpc-default-executor-10] INFO  impl.RaftServerProxy (RaftServerProxy.java:remove(95)) - cfbaf9ff-a5d2-4350-abbf-bcb1aefbe8d3: remove group-F484CCC1AA7A:null
2019-09-12 04:06:27,845 [RatisPipelineUtilsThread] WARN  pipeline.RatisPipelineUtils (RatisPipelineUtils.java:destroyPipeline(66)) - Pipeline destroy failed for pipeline=PipelineID=743e7b28-aad9-4826-95d5-f484ccc1aa7a dn=cfbaf9ff-a5d2-4350-abbf-bcb1aefbe8d3{ip: 192.168.34.8, host: pr-hdds-1879-pbs75-1821932185, networkLocation: /default-rack, certSerialId: null}
2019-09-12 04:06:27,845 [RatisPipelineUtilsThread] ERROR pipeline.SCMPipelineManager (Scheduler.java:lambda$schedule$1(70)) - Destroy pipeline failed for pipeline:Pipeline[ Id: 743e7b28-aad9-4826-95d5-f484ccc1aa7a, Nodes: 826a4c15-f032-4805-8cf4-5e11fe4a99d7{ip: 192.168.34.8, host: pr-hdds-1879-pbs75-1821932185, networkLocation: /default-rack, certSerialId: null}fc0aded7-5090-49ad-a6b0-e16cfe155c18{ip: 192.168.34.8, host: pr-hdds-1879-pbs75-1821932185, networkLocation: /default-rack, certSerialId: null}cfbaf9ff-a5d2-4350-abbf-bcb1aefbe8d3{ip: 192.168.34.8, host: pr-hdds-1879-pbs75-1821932185, networkLocation: /default-rack, certSerialId: null}, Type:RATIS, Factor:THREE, State:CLOSED]
org.apache.hadoop.hdds.scm.pipeline.PipelineNotFoundException: PipelineID=743e7b28-aad9-4826-95d5-f484ccc1aa7a not found
	at org.apache.hadoop.hdds.scm.pipeline.PipelineStateMap.getPipeline(PipelineStateMap.java:132)
	at org.apache.hadoop.hdds.scm.pipeline.PipelineStateMap.removePipeline(PipelineStateMap.java:322)
	at org.apache.hadoop.hdds.scm.pipeline.PipelineStateManager.removePipeline(PipelineStateManager.java:107)
	at org.apache.hadoop.hdds.scm.pipeline.SCMPipelineManager.removePipeline(SCMPipelineManager.java:423)
	at org.apache.hadoop.hdds.scm.pipeline.SCMPipelineManager.destroyPipeline(SCMPipelineManager.java:409)
	at org.apache.hadoop.hdds.scm.pipeline.SCMPipelineManager.lambda$finalizeAndDestroyPipeline$0(SCMPipelineManager.java:318)
	at org.apache.hadoop.utils.Scheduler.lambda$schedule$1(Scheduler.java:68)
	at java.util.concurrent.Executors$RunnableAdapter.call(Executors.java:511)
	at java.util.concurrent.FutureTask.run(FutureTask.java:266)
	at java.util.concurrent.ScheduledThreadPoolExecutor$ScheduledFutureTask.access$201(ScheduledThreadPoolExecutor.java:180)
	at java.util.concurrent.ScheduledThreadPoolExecutor$ScheduledFutureTask.run(ScheduledThreadPoolExecutor.java:293)
	at java.util.concurrent.ThreadPoolExecutor.runWorker(ThreadPoolExecutor.java:1149)
	at java.util.concurrent.ThreadPoolExecutor$Worker.run(ThreadPoolExecutor.java:624)
	at java.lang.Thread.run(Thread.java:748)
2019-09-12 04:06:28,360 [java.util.concurrent.ThreadPoolExecutor$Worker@4b485f37[State = -1, empty queue]] WARN  server.GrpcLogAppender (GrpcLogAppender.java:timeoutAppendRequest(200)) - d16d800f-a890-4a7a-bda4-5bf97a65c0f2@group-1AC969952D72->e74ea0f8-bf41-4d93-a1fd-ac84c2b46512-GrpcLogAppender: appendEntries Timeout, request=d16d800f-a890-4a7a-bda4-5bf97a65c0f2->e74ea0f8-bf41-4d93-a1fd-ac84c2b46512#96-t1, previous=(t:1, i:21), leaderCommit=15, initializing? false, entries: <empty>
2019-09-12 04:06:28,360 [java.util.concurrent.ThreadPoolExecutor$Worker@792bad54[State = -1, empty queue]] WARN  server.GrpcLogAppender (GrpcLogAppender.java:timeoutAppendRequest(200)) - d16d800f-a890-4a7a-bda4-5bf97a65c0f2@group-1AC969952D72->41a8e196-af5b-4c71-b4d4-8d03270b35a0-GrpcLogAppender: appendEntries Timeout, request=d16d800f-a890-4a7a-bda4-5bf97a65c0f2->41a8e196-af5b-4c71-b4d4-8d03270b35a0#96-t1, previous=(t:1, i:21), leaderCommit=15, initializing? false, entries: <empty>
2019-09-12 04:06:29,829 [grpc-default-executor-10] INFO  impl.RaftServerProxy (RaftServerProxy.java:remove(95)) - 826a4c15-f032-4805-8cf4-5e11fe4a99d7: remove group-F484CCC1AA7A:null
2019-09-12 04:06:29,832 [RatisPipelineUtilsThread] WARN  pipeline.RatisPipelineUtils (RatisPipelineUtils.java:destroyPipeline(66)) - Pipeline destroy failed for pipeline=PipelineID=743e7b28-aad9-4826-95d5-f484ccc1aa7a dn=826a4c15-f032-4805-8cf4-5e11fe4a99d7{ip: 192.168.34.8, host: pr-hdds-1879-pbs75-1821932185, networkLocation: /default-rack, certSerialId: null}
2019-09-12 04:06:29,835 [grpc-default-executor-10] INFO  impl.RaftServerProxy (RaftServerProxy.java:remove(95)) - fc0aded7-5090-49ad-a6b0-e16cfe155c18: remove group-F484CCC1AA7A:null
2019-09-12 04:06:29,838 [RatisPipelineUtilsThread] WARN  pipeline.RatisPipelineUtils (RatisPipelineUtils.java:destroyPipeline(66)) - Pipeline destroy failed for pipeline=PipelineID=743e7b28-aad9-4826-95d5-f484ccc1aa7a dn=fc0aded7-5090-49ad-a6b0-e16cfe155c18{ip: 192.168.34.8, host: pr-hdds-1879-pbs75-1821932185, networkLocation: /default-rack, certSerialId: null}
2019-09-12 04:06:29,840 [grpc-default-executor-10] INFO  impl.RaftServerProxy (RaftServerProxy.java:remove(95)) - cfbaf9ff-a5d2-4350-abbf-bcb1aefbe8d3: remove group-F484CCC1AA7A:null
2019-09-12 04:06:29,843 [RatisPipelineUtilsThread] WARN  pipeline.RatisPipelineUtils (RatisPipelineUtils.java:destroyPipeline(66)) - Pipeline destroy failed for pipeline=PipelineID=743e7b28-aad9-4826-95d5-f484ccc1aa7a dn=cfbaf9ff-a5d2-4350-abbf-bcb1aefbe8d3{ip: 192.168.34.8, host: pr-hdds-1879-pbs75-1821932185, networkLocation: /default-rack, certSerialId: null}
2019-09-12 04:06:29,843 [RatisPipelineUtilsThread] ERROR pipeline.SCMPipelineManager (Scheduler.java:lambda$schedule$1(70)) - Destroy pipeline failed for pipeline:Pipeline[ Id: 743e7b28-aad9-4826-95d5-f484ccc1aa7a, Nodes: 826a4c15-f032-4805-8cf4-5e11fe4a99d7{ip: 192.168.34.8, host: pr-hdds-1879-pbs75-1821932185, networkLocation: /default-rack, certSerialId: null}fc0aded7-5090-49ad-a6b0-e16cfe155c18{ip: 192.168.34.8, host: pr-hdds-1879-pbs75-1821932185, networkLocation: /default-rack, certSerialId: null}cfbaf9ff-a5d2-4350-abbf-bcb1aefbe8d3{ip: 192.168.34.8, host: pr-hdds-1879-pbs75-1821932185, networkLocation: /default-rack, certSerialId: null}, Type:RATIS, Factor:THREE, State:CLOSED]
org.apache.hadoop.hdds.scm.pipeline.PipelineNotFoundException: PipelineID=743e7b28-aad9-4826-95d5-f484ccc1aa7a not found
	at org.apache.hadoop.hdds.scm.pipeline.PipelineStateMap.getPipeline(PipelineStateMap.java:132)
	at org.apache.hadoop.hdds.scm.pipeline.PipelineStateMap.removePipeline(PipelineStateMap.java:322)
	at org.apache.hadoop.hdds.scm.pipeline.PipelineStateManager.removePipeline(PipelineStateManager.java:107)
	at org.apache.hadoop.hdds.scm.pipeline.SCMPipelineManager.removePipeline(SCMPipelineManager.java:423)
	at org.apache.hadoop.hdds.scm.pipeline.SCMPipelineManager.destroyPipeline(SCMPipelineManager.java:409)
	at org.apache.hadoop.hdds.scm.pipeline.SCMPipelineManager.lambda$finalizeAndDestroyPipeline$0(SCMPipelineManager.java:318)
	at org.apache.hadoop.utils.Scheduler.lambda$schedule$1(Scheduler.java:68)
	at java.util.concurrent.Executors$RunnableAdapter.call(Executors.java:511)
	at java.util.concurrent.FutureTask.run(FutureTask.java:266)
	at java.util.concurrent.ScheduledThreadPoolExecutor$ScheduledFutureTask.access$201(ScheduledThreadPoolExecutor.java:180)
	at java.util.concurrent.ScheduledThreadPoolExecutor$ScheduledFutureTask.run(ScheduledThreadPoolExecutor.java:293)
	at java.util.concurrent.ThreadPoolExecutor.runWorker(ThreadPoolExecutor.java:1149)
	at java.util.concurrent.ThreadPoolExecutor$Worker.run(ThreadPoolExecutor.java:624)
	at java.lang.Thread.run(Thread.java:748)
2019-09-12 04:06:30,356 [e74ea0f8-bf41-4d93-a1fd-ac84c2b46512@group-1AC969952D72-SegmentedRaftLogWorker] WARN  segmented.SegmentedRaftLogWorker (SegmentedRaftLogWorker.java:getFromFuture(90)) - Timeout 0/~
org.apache.ratis.protocol.TimeoutIOException: Timeout 10s: WriteLog:16: (t:1, i:16), STATEMACHINELOGENTRY, client-38E6C04ACA0A, cid=143-writeStateMachineData
	at org.apache.ratis.util.IOUtils.getFromFuture(IOUtils.java:87)
	at org.apache.ratis.server.raftlog.segmented.SegmentedRaftLogWorker$StateMachineDataPolicy.getFromFuture(SegmentedRaftLogWorker.java:87)
	at org.apache.ratis.server.raftlog.segmented.SegmentedRaftLogWorker$WriteLog.execute(SegmentedRaftLogWorker.java:477)
	at org.apache.ratis.server.raftlog.segmented.SegmentedRaftLogWorker.run(SegmentedRaftLogWorker.java:289)
	at java.lang.Thread.run(Thread.java:748)
Caused by: java.util.concurrent.TimeoutException
	at java.util.concurrent.CompletableFuture.timedGet(CompletableFuture.java:1771)
	at java.util.concurrent.CompletableFuture.get(CompletableFuture.java:1915)
	at org.apache.ratis.util.IOUtils.getFromFuture(IOUtils.java:79)
	... 4 more
2019-09-12 04:06:30,450 [grpc-default-executor-10] INFO  client.GrpcClientProtocolClient (GrpcClientProtocolClient.java:onNext(264)) - client-38E6C04ACA0A->e74ea0f8-bf41-4d93-a1fd-ac84c2b46512: receive RaftClientReply:client-38E6C04ACA0A->e74ea0f8-bf41-4d93-a1fd-ac84c2b46512@group-1AC969952D72, cid=143, FAILED org.apache.ratis.protocol.NotLeaderException: Server e74ea0f8-bf41-4d93-a1fd-ac84c2b46512@group-1AC969952D72 is not the leader d16d800f-a890-4a7a-bda4-5bf97a65c0f2:192.168.34.8:33400, logIndex=0, commits[e74ea0f8-bf41-4d93-a1fd-ac84c2b46512:c15, 41a8e196-af5b-4c71-b4d4-8d03270b35a0:c13, d16d800f-a890-4a7a-bda4-5bf97a65c0f2:c15]
2019-09-12 04:06:30,501 [41a8e196-af5b-4c71-b4d4-8d03270b35a0@group-1AC969952D72-SegmentedRaftLogWorker] WARN  segmented.SegmentedRaftLogWorker (SegmentedRaftLogWorker.java:getFromFuture(90)) - Timeout 0/~
org.apache.ratis.protocol.TimeoutIOException: Timeout 10s: WriteLog:19: (t:1, i:19), STATEMACHINELOGENTRY, client-38E6C04ACA0A, cid=146-writeStateMachineData
	at org.apache.ratis.util.IOUtils.getFromFuture(IOUtils.java:87)
	at org.apache.ratis.server.raftlog.segmented.SegmentedRaftLogWorker$StateMachineDataPolicy.getFromFuture(SegmentedRaftLogWorker.java:87)
	at org.apache.ratis.server.raftlog.segmented.SegmentedRaftLogWorker$WriteLog.execute(SegmentedRaftLogWorker.java:477)
	at org.apache.ratis.server.raftlog.segmented.SegmentedRaftLogWorker.run(SegmentedRaftLogWorker.java:289)
	at java.lang.Thread.run(Thread.java:748)
Caused by: java.util.concurrent.TimeoutException
	at java.util.concurrent.CompletableFuture.timedGet(CompletableFuture.java:1771)
	at java.util.concurrent.CompletableFuture.get(CompletableFuture.java:1915)
	at org.apache.ratis.util.IOUtils.getFromFuture(IOUtils.java:79)
	... 4 more
2019-09-12 04:06:30,515 [d16d800f-a890-4a7a-bda4-5bf97a65c0f2@group-1AC969952D72-SegmentedRaftLogWorker] WARN  segmented.SegmentedRaftLogWorker (SegmentedRaftLogWorker.java:getFromFuture(90)) - Timeout 0/~
org.apache.ratis.protocol.TimeoutIOException: Timeout 10s: WriteLog:17: (t:1, i:17), STATEMACHINELOGENTRY, client-38E6C04ACA0A, cid=144-writeStateMachineData
	at org.apache.ratis.util.IOUtils.getFromFuture(IOUtils.java:87)
	at org.apache.ratis.server.raftlog.segmented.SegmentedRaftLogWorker$StateMachineDataPolicy.getFromFuture(SegmentedRaftLogWorker.java:87)
	at org.apache.ratis.server.raftlog.segmented.SegmentedRaftLogWorker$WriteLog.execute(SegmentedRaftLogWorker.java:477)
	at org.apache.ratis.server.raftlog.segmented.SegmentedRaftLogWorker.run(SegmentedRaftLogWorker.java:289)
	at java.lang.Thread.run(Thread.java:748)
Caused by: java.util.concurrent.TimeoutException
	at java.util.concurrent.CompletableFuture.timedGet(CompletableFuture.java:1771)
	at java.util.concurrent.CompletableFuture.get(CompletableFuture.java:1915)
	at org.apache.ratis.util.IOUtils.getFromFuture(IOUtils.java:79)
	... 4 more
2019-09-12 04:06:30,860 [java.util.concurrent.ThreadPoolExecutor$Worker@792bad54[State = -1, empty queue]] WARN  server.GrpcLogAppender (GrpcLogAppender.java:timeoutAppendRequest(200)) - d16d800f-a890-4a7a-bda4-5bf97a65c0f2@group-1AC969952D72->41a8e196-af5b-4c71-b4d4-8d03270b35a0-GrpcLogAppender: appendEntries Timeout, request=d16d800f-a890-4a7a-bda4-5bf97a65c0f2->41a8e196-af5b-4c71-b4d4-8d03270b35a0#97-t1, previous=(t:1, i:21), leaderCommit=15, initializing? false, entries: <empty>
2019-09-12 04:06:30,860 [java.util.concurrent.ThreadPoolExecutor$Worker@4b485f37[State = -1, empty queue]] WARN  server.GrpcLogAppender (GrpcLogAppender.java:timeoutAppendRequest(200)) - d16d800f-a890-4a7a-bda4-5bf97a65c0f2@group-1AC969952D72->e74ea0f8-bf41-4d93-a1fd-ac84c2b46512-GrpcLogAppender: appendEntries Timeout, request=d16d800f-a890-4a7a-bda4-5bf97a65c0f2->e74ea0f8-bf41-4d93-a1fd-ac84c2b46512#97-t1, previous=(t:1, i:21), leaderCommit=15, initializing? false, entries: <empty>
2019-09-12 04:06:32,832 [grpc-default-executor-10] INFO  impl.RaftServerProxy (RaftServerProxy.java:remove(95)) - 826a4c15-f032-4805-8cf4-5e11fe4a99d7: remove group-F484CCC1AA7A:null
2019-09-12 04:06:32,837 [RatisPipelineUtilsThread] WARN  pipeline.RatisPipelineUtils (RatisPipelineUtils.java:destroyPipeline(66)) - Pipeline destroy failed for pipeline=PipelineID=743e7b28-aad9-4826-95d5-f484ccc1aa7a dn=826a4c15-f032-4805-8cf4-5e11fe4a99d7{ip: 192.168.34.8, host: pr-hdds-1879-pbs75-1821932185, networkLocation: /default-rack, certSerialId: null}
2019-09-12 04:06:32,840 [grpc-default-executor-10] INFO  impl.RaftServerProxy (RaftServerProxy.java:remove(95)) - fc0aded7-5090-49ad-a6b0-e16cfe155c18: remove group-F484CCC1AA7A:null
2019-09-12 04:06:32,843 [RatisPipelineUtilsThread] WARN  pipeline.RatisPipelineUtils (RatisPipelineUtils.java:destroyPipeline(66)) - Pipeline destroy failed for pipeline=PipelineID=743e7b28-aad9-4826-95d5-f484ccc1aa7a dn=fc0aded7-5090-49ad-a6b0-e16cfe155c18{ip: 192.168.34.8, host: pr-hdds-1879-pbs75-1821932185, networkLocation: /default-rack, certSerialId: null}
2019-09-12 04:06:32,845 [grpc-default-executor-10] INFO  impl.RaftServerProxy (RaftServerProxy.java:remove(95)) - cfbaf9ff-a5d2-4350-abbf-bcb1aefbe8d3: remove group-F484CCC1AA7A:null
2019-09-12 04:06:32,848 [RatisPipelineUtilsThread] WARN  pipeline.RatisPipelineUtils (RatisPipelineUtils.java:destroyPipeline(66)) - Pipeline destroy failed for pipeline=PipelineID=743e7b28-aad9-4826-95d5-f484ccc1aa7a dn=cfbaf9ff-a5d2-4350-abbf-bcb1aefbe8d3{ip: 192.168.34.8, host: pr-hdds-1879-pbs75-1821932185, networkLocation: /default-rack, certSerialId: null}
2019-09-12 04:06:32,848 [RatisPipelineUtilsThread] ERROR pipeline.SCMPipelineManager (Scheduler.java:lambda$schedule$1(70)) - Destroy pipeline failed for pipeline:Pipeline[ Id: 743e7b28-aad9-4826-95d5-f484ccc1aa7a, Nodes: 826a4c15-f032-4805-8cf4-5e11fe4a99d7{ip: 192.168.34.8, host: pr-hdds-1879-pbs75-1821932185, networkLocation: /default-rack, certSerialId: null}fc0aded7-5090-49ad-a6b0-e16cfe155c18{ip: 192.168.34.8, host: pr-hdds-1879-pbs75-1821932185, networkLocation: /default-rack, certSerialId: null}cfbaf9ff-a5d2-4350-abbf-bcb1aefbe8d3{ip: 192.168.34.8, host: pr-hdds-1879-pbs75-1821932185, networkLocation: /default-rack, certSerialId: null}, Type:RATIS, Factor:THREE, State:CLOSED]
org.apache.hadoop.hdds.scm.pipeline.PipelineNotFoundException: PipelineID=743e7b28-aad9-4826-95d5-f484ccc1aa7a not found
	at org.apache.hadoop.hdds.scm.pipeline.PipelineStateMap.getPipeline(PipelineStateMap.java:132)
	at org.apache.hadoop.hdds.scm.pipeline.PipelineStateMap.removePipeline(PipelineStateMap.java:322)
	at org.apache.hadoop.hdds.scm.pipeline.PipelineStateManager.removePipeline(PipelineStateManager.java:107)
	at org.apache.hadoop.hdds.scm.pipeline.SCMPipelineManager.removePipeline(SCMPipelineManager.java:423)
	at org.apache.hadoop.hdds.scm.pipeline.SCMPipelineManager.destroyPipeline(SCMPipelineManager.java:409)
	at org.apache.hadoop.hdds.scm.pipeline.SCMPipelineManager.lambda$finalizeAndDestroyPipeline$0(SCMPipelineManager.java:318)
	at org.apache.hadoop.utils.Scheduler.lambda$schedule$1(Scheduler.java:68)
	at java.util.concurrent.Executors$RunnableAdapter.call(Executors.java:511)
	at java.util.concurrent.FutureTask.run(FutureTask.java:266)
	at java.util.concurrent.ScheduledThreadPoolExecutor$ScheduledFutureTask.access$201(ScheduledThreadPoolExecutor.java:180)
	at java.util.concurrent.ScheduledThreadPoolExecutor$ScheduledFutureTask.run(ScheduledThreadPoolExecutor.java:293)
	at java.util.concurrent.ThreadPoolExecutor.runWorker(ThreadPoolExecutor.java:1149)
	at java.util.concurrent.ThreadPoolExecutor$Worker.run(ThreadPoolExecutor.java:624)
	at java.lang.Thread.run(Thread.java:748)
2019-09-12 04:06:33,361 [java.util.concurrent.ThreadPoolExecutor$Worker@4b485f37[State = -1, empty queue]] WARN  server.GrpcLogAppender (GrpcLogAppender.java:timeoutAppendRequest(200)) - d16d800f-a890-4a7a-bda4-5bf97a65c0f2@group-1AC969952D72->e74ea0f8-bf41-4d93-a1fd-ac84c2b46512-GrpcLogAppender: appendEntries Timeout, request=d16d800f-a890-4a7a-bda4-5bf97a65c0f2->e74ea0f8-bf41-4d93-a1fd-ac84c2b46512#98-t1, previous=(t:1, i:21), leaderCommit=15, initializing? false, entries: <empty>
2019-09-12 04:06:33,361 [java.util.concurrent.ThreadPoolExecutor$Worker@792bad54[State = -1, empty queue]] WARN  server.GrpcLogAppender (GrpcLogAppender.java:timeoutAppendRequest(200)) - d16d800f-a890-4a7a-bda4-5bf97a65c0f2@group-1AC969952D72->41a8e196-af5b-4c71-b4d4-8d03270b35a0-GrpcLogAppender: appendEntries Timeout, request=d16d800f-a890-4a7a-bda4-5bf97a65c0f2->41a8e196-af5b-4c71-b4d4-8d03270b35a0#98-t1, previous=(t:1, i:21), leaderCommit=15, initializing? false, entries: <empty>
2019-09-12 04:06:34,834 [grpc-default-executor-7] INFO  impl.RaftServerProxy (RaftServerProxy.java:remove(95)) - 826a4c15-f032-4805-8cf4-5e11fe4a99d7: remove group-F484CCC1AA7A:null
2019-09-12 04:06:34,839 [RatisPipelineUtilsThread] WARN  pipeline.RatisPipelineUtils (RatisPipelineUtils.java:destroyPipeline(66)) - Pipeline destroy failed for pipeline=PipelineID=743e7b28-aad9-4826-95d5-f484ccc1aa7a dn=826a4c15-f032-4805-8cf4-5e11fe4a99d7{ip: 192.168.34.8, host: pr-hdds-1879-pbs75-1821932185, networkLocation: /default-rack, certSerialId: null}
2019-09-12 04:06:34,842 [grpc-default-executor-7] INFO  impl.RaftServerProxy (RaftServerProxy.java:remove(95)) - fc0aded7-5090-49ad-a6b0-e16cfe155c18: remove group-F484CCC1AA7A:null
2019-09-12 04:06:34,845 [RatisPipelineUtilsThread] WARN  pipeline.RatisPipelineUtils (RatisPipelineUtils.java:destroyPipeline(66)) - Pipeline destroy failed for pipeline=PipelineID=743e7b28-aad9-4826-95d5-f484ccc1aa7a dn=fc0aded7-5090-49ad-a6b0-e16cfe155c18{ip: 192.168.34.8, host: pr-hdds-1879-pbs75-1821932185, networkLocation: /default-rack, certSerialId: null}
2019-09-12 04:06:34,847 [grpc-default-executor-7] INFO  impl.RaftServerProxy (RaftServerProxy.java:remove(95)) - cfbaf9ff-a5d2-4350-abbf-bcb1aefbe8d3: remove group-F484CCC1AA7A:null
2019-09-12 04:06:34,850 [RatisPipelineUtilsThread] WARN  pipeline.RatisPipelineUtils (RatisPipelineUtils.java:destroyPipeline(66)) - Pipeline destroy failed for pipeline=PipelineID=743e7b28-aad9-4826-95d5-f484ccc1aa7a dn=cfbaf9ff-a5d2-4350-abbf-bcb1aefbe8d3{ip: 192.168.34.8, host: pr-hdds-1879-pbs75-1821932185, networkLocation: /default-rack, certSerialId: null}
2019-09-12 04:06:34,850 [RatisPipelineUtilsThread] ERROR pipeline.SCMPipelineManager (Scheduler.java:lambda$schedule$1(70)) - Destroy pipeline failed for pipeline:Pipeline[ Id: 743e7b28-aad9-4826-95d5-f484ccc1aa7a, Nodes: 826a4c15-f032-4805-8cf4-5e11fe4a99d7{ip: 192.168.34.8, host: pr-hdds-1879-pbs75-1821932185, networkLocation: /default-rack, certSerialId: null}fc0aded7-5090-49ad-a6b0-e16cfe155c18{ip: 192.168.34.8, host: pr-hdds-1879-pbs75-1821932185, networkLocation: /default-rack, certSerialId: null}cfbaf9ff-a5d2-4350-abbf-bcb1aefbe8d3{ip: 192.168.34.8, host: pr-hdds-1879-pbs75-1821932185, networkLocation: /default-rack, certSerialId: null}, Type:RATIS, Factor:THREE, State:CLOSED]
org.apache.hadoop.hdds.scm.pipeline.PipelineNotFoundException: PipelineID=743e7b28-aad9-4826-95d5-f484ccc1aa7a not found
	at org.apache.hadoop.hdds.scm.pipeline.PipelineStateMap.getPipeline(PipelineStateMap.java:132)
	at org.apache.hadoop.hdds.scm.pipeline.PipelineStateMap.removePipeline(PipelineStateMap.java:322)
	at org.apache.hadoop.hdds.scm.pipeline.PipelineStateManager.removePipeline(PipelineStateManager.java:107)
	at org.apache.hadoop.hdds.scm.pipeline.SCMPipelineManager.removePipeline(SCMPipelineManager.java:423)
	at org.apache.hadoop.hdds.scm.pipeline.SCMPipelineManager.destroyPipeline(SCMPipelineManager.java:409)
	at org.apache.hadoop.hdds.scm.pipeline.SCMPipelineManager.lambda$finalizeAndDestroyPipeline$0(SCMPipelineManager.java:318)
	at org.apache.hadoop.utils.Scheduler.lambda$schedule$1(Scheduler.java:68)
	at java.util.concurrent.Executors$RunnableAdapter.call(Executors.java:511)
	at java.util.concurrent.FutureTask.run(FutureTask.java:266)
	at java.util.concurrent.ScheduledThreadPoolExecutor$ScheduledFutureTask.access$201(ScheduledThreadPoolExecutor.java:180)
	at java.util.concurrent.ScheduledThreadPoolExecutor$ScheduledFutureTask.run(ScheduledThreadPoolExecutor.java:293)
	at java.util.concurrent.ThreadPoolExecutor.runWorker(ThreadPoolExecutor.java:1149)
	at java.util.concurrent.ThreadPoolExecutor$Worker.run(ThreadPoolExecutor.java:624)
	at java.lang.Thread.run(Thread.java:748)
2019-09-12 04:06:35,488 [grpc-default-executor-7] INFO  client.GrpcClientProtocolClient (GrpcClientProtocolClient.java:onNext(264)) - client-38E6C04ACA0A->e74ea0f8-bf41-4d93-a1fd-ac84c2b46512: receive RaftClientReply:client-38E6C04ACA0A->e74ea0f8-bf41-4d93-a1fd-ac84c2b46512@group-1AC969952D72, cid=143, FAILED org.apache.ratis.protocol.NotLeaderException: Server e74ea0f8-bf41-4d93-a1fd-ac84c2b46512@group-1AC969952D72 is not the leader d16d800f-a890-4a7a-bda4-5bf97a65c0f2:192.168.34.8:33400, logIndex=0, commits[e74ea0f8-bf41-4d93-a1fd-ac84c2b46512:c15, 41a8e196-af5b-4c71-b4d4-8d03270b35a0:c13, d16d800f-a890-4a7a-bda4-5bf97a65c0f2:c15]
2019-09-12 04:06:35,861 [java.util.concurrent.ThreadPoolExecutor$Worker@4b485f37[State = -1, empty queue]] WARN  server.GrpcLogAppender (GrpcLogAppender.java:timeoutAppendRequest(200)) - d16d800f-a890-4a7a-bda4-5bf97a65c0f2@group-1AC969952D72->e74ea0f8-bf41-4d93-a1fd-ac84c2b46512-GrpcLogAppender: appendEntries Timeout, request=d16d800f-a890-4a7a-bda4-5bf97a65c0f2->e74ea0f8-bf41-4d93-a1fd-ac84c2b46512#99-t1, previous=(t:1, i:21), leaderCommit=15, initializing? false, entries: <empty>
2019-09-12 04:06:35,861 [java.util.concurrent.ThreadPoolExecutor$Worker@792bad54[State = -1, empty queue]] WARN  server.GrpcLogAppender (GrpcLogAppender.java:timeoutAppendRequest(200)) - d16d800f-a890-4a7a-bda4-5bf97a65c0f2@group-1AC969952D72->41a8e196-af5b-4c71-b4d4-8d03270b35a0-GrpcLogAppender: appendEntries Timeout, request=d16d800f-a890-4a7a-bda4-5bf97a65c0f2->41a8e196-af5b-4c71-b4d4-8d03270b35a0#99-t1, previous=(t:1, i:21), leaderCommit=15, initializing? false, entries: <empty>
2019-09-12 04:06:37,833 [grpc-default-executor-7] INFO  impl.RaftServerProxy (RaftServerProxy.java:remove(95)) - 826a4c15-f032-4805-8cf4-5e11fe4a99d7: remove group-F484CCC1AA7A:null
2019-09-12 04:06:37,837 [RatisPipelineUtilsThread] WARN  pipeline.RatisPipelineUtils (RatisPipelineUtils.java:destroyPipeline(66)) - Pipeline destroy failed for pipeline=PipelineID=743e7b28-aad9-4826-95d5-f484ccc1aa7a dn=826a4c15-f032-4805-8cf4-5e11fe4a99d7{ip: 192.168.34.8, host: pr-hdds-1879-pbs75-1821932185, networkLocation: /default-rack, certSerialId: null}
2019-09-12 04:06:37,841 [grpc-default-executor-7] INFO  impl.RaftServerProxy (RaftServerProxy.java:remove(95)) - fc0aded7-5090-49ad-a6b0-e16cfe155c18: remove group-F484CCC1AA7A:null
2019-09-12 04:06:37,843 [RatisPipelineUtilsThread] WARN  pipeline.RatisPipelineUtils (RatisPipelineUtils.java:destroyPipeline(66)) - Pipeline destroy failed for pipeline=PipelineID=743e7b28-aad9-4826-95d5-f484ccc1aa7a dn=fc0aded7-5090-49ad-a6b0-e16cfe155c18{ip: 192.168.34.8, host: pr-hdds-1879-pbs75-1821932185, networkLocation: /default-rack, certSerialId: null}
2019-09-12 04:06:37,846 [grpc-default-executor-7] INFO  impl.RaftServerProxy (RaftServerProxy.java:remove(95)) - cfbaf9ff-a5d2-4350-abbf-bcb1aefbe8d3: remove group-F484CCC1AA7A:null
2019-09-12 04:06:37,848 [RatisPipelineUtilsThread] WARN  pipeline.RatisPipelineUtils (RatisPipelineUtils.java:destroyPipeline(66)) - Pipeline destroy failed for pipeline=PipelineID=743e7b28-aad9-4826-95d5-f484ccc1aa7a dn=cfbaf9ff-a5d2-4350-abbf-bcb1aefbe8d3{ip: 192.168.34.8, host: pr-hdds-1879-pbs75-1821932185, networkLocation: /default-rack, certSerialId: null}
2019-09-12 04:06:37,849 [RatisPipelineUtilsThread] ERROR pipeline.SCMPipelineManager (Scheduler.java:lambda$schedule$1(70)) - Destroy pipeline failed for pipeline:Pipeline[ Id: 743e7b28-aad9-4826-95d5-f484ccc1aa7a, Nodes: 826a4c15-f032-4805-8cf4-5e11fe4a99d7{ip: 192.168.34.8, host: pr-hdds-1879-pbs75-1821932185, networkLocation: /default-rack, certSerialId: null}fc0aded7-5090-49ad-a6b0-e16cfe155c18{ip: 192.168.34.8, host: pr-hdds-1879-pbs75-1821932185, networkLocation: /default-rack, certSerialId: null}cfbaf9ff-a5d2-4350-abbf-bcb1aefbe8d3{ip: 192.168.34.8, host: pr-hdds-1879-pbs75-1821932185, networkLocation: /default-rack, certSerialId: null}, Type:RATIS, Factor:THREE, State:CLOSED]
org.apache.hadoop.hdds.scm.pipeline.PipelineNotFoundException: PipelineID=743e7b28-aad9-4826-95d5-f484ccc1aa7a not found
	at org.apache.hadoop.hdds.scm.pipeline.PipelineStateMap.getPipeline(PipelineStateMap.java:132)
	at org.apache.hadoop.hdds.scm.pipeline.PipelineStateMap.removePipeline(PipelineStateMap.java:322)
	at org.apache.hadoop.hdds.scm.pipeline.PipelineStateManager.removePipeline(PipelineStateManager.java:107)
	at org.apache.hadoop.hdds.scm.pipeline.SCMPipelineManager.removePipeline(SCMPipelineManager.java:423)
	at org.apache.hadoop.hdds.scm.pipeline.SCMPipelineManager.destroyPipeline(SCMPipelineManager.java:409)
	at org.apache.hadoop.hdds.scm.pipeline.SCMPipelineManager.lambda$finalizeAndDestroyPipeline$0(SCMPipelineManager.java:318)
	at org.apache.hadoop.utils.Scheduler.lambda$schedule$1(Scheduler.java:68)
	at java.util.concurrent.Executors$RunnableAdapter.call(Executors.java:511)
	at java.util.concurrent.FutureTask.run(FutureTask.java:266)
	at java.util.concurrent.ScheduledThreadPoolExecutor$ScheduledFutureTask.access$201(ScheduledThreadPoolExecutor.java:180)
	at java.util.concurrent.ScheduledThreadPoolExecutor$ScheduledFutureTask.run(ScheduledThreadPoolExecutor.java:293)
	at java.util.concurrent.ThreadPoolExecutor.runWorker(ThreadPoolExecutor.java:1149)
	at java.util.concurrent.ThreadPoolExecutor$Worker.run(ThreadPoolExecutor.java:624)
	at java.lang.Thread.run(Thread.java:748)
2019-09-12 04:06:38,362 [java.util.concurrent.ThreadPoolExecutor$Worker@4b485f37[State = -1, empty queue]] WARN  server.GrpcLogAppender (GrpcLogAppender.java:timeoutAppendRequest(200)) - d16d800f-a890-4a7a-bda4-5bf97a65c0f2@group-1AC969952D72->e74ea0f8-bf41-4d93-a1fd-ac84c2b46512-GrpcLogAppender: appendEntries Timeout, request=d16d800f-a890-4a7a-bda4-5bf97a65c0f2->e74ea0f8-bf41-4d93-a1fd-ac84c2b46512#100-t1, previous=(t:1, i:21), leaderCommit=15, initializing? false, entries: <empty>
2019-09-12 04:06:38,362 [java.util.concurrent.ThreadPoolExecutor$Worker@792bad54[State = -1, empty queue]] WARN  server.GrpcLogAppender (GrpcLogAppender.java:timeoutAppendRequest(200)) - d16d800f-a890-4a7a-bda4-5bf97a65c0f2@group-1AC969952D72->41a8e196-af5b-4c71-b4d4-8d03270b35a0-GrpcLogAppender: appendEntries Timeout, request=d16d800f-a890-4a7a-bda4-5bf97a65c0f2->41a8e196-af5b-4c71-b4d4-8d03270b35a0#100-t1, previous=(t:1, i:21), leaderCommit=15, initializing? false, entries: <empty>
2019-09-12 04:06:39,832 [grpc-default-executor-8] INFO  impl.RaftServerProxy (RaftServerProxy.java:remove(95)) - 826a4c15-f032-4805-8cf4-5e11fe4a99d7: remove group-F484CCC1AA7A:null
2019-09-12 04:06:39,837 [RatisPipelineUtilsThread] WARN  pipeline.RatisPipelineUtils (RatisPipelineUtils.java:destroyPipeline(66)) - Pipeline destroy failed for pipeline=PipelineID=743e7b28-aad9-4826-95d5-f484ccc1aa7a dn=826a4c15-f032-4805-8cf4-5e11fe4a99d7{ip: 192.168.34.8, host: pr-hdds-1879-pbs75-1821932185, networkLocation: /default-rack, certSerialId: null}
2019-09-12 04:06:39,840 [grpc-default-executor-8] INFO  impl.RaftServerProxy (RaftServerProxy.java:remove(95)) - fc0aded7-5090-49ad-a6b0-e16cfe155c18: remove group-F484CCC1AA7A:null
2019-09-12 04:06:39,843 [RatisPipelineUtilsThread] WARN  pipeline.RatisPipelineUtils (RatisPipelineUtils.java:destroyPipeline(66)) - Pipeline destroy failed for pipeline=PipelineID=743e7b28-aad9-4826-95d5-f484ccc1aa7a dn=fc0aded7-5090-49ad-a6b0-e16cfe155c18{ip: 192.168.34.8, host: pr-hdds-1879-pbs75-1821932185, networkLocation: /default-rack, certSerialId: null}
2019-09-12 04:06:39,846 [grpc-default-executor-8] INFO  impl.RaftServerProxy (RaftServerProxy.java:remove(95)) - cfbaf9ff-a5d2-4350-abbf-bcb1aefbe8d3: remove group-F484CCC1AA7A:null
2019-09-12 04:06:39,849 [RatisPipelineUtilsThread] WARN  pipeline.RatisPipelineUtils (RatisPipelineUtils.java:destroyPipeline(66)) - Pipeline destroy failed for pipeline=PipelineID=743e7b28-aad9-4826-95d5-f484ccc1aa7a dn=cfbaf9ff-a5d2-4350-abbf-bcb1aefbe8d3{ip: 192.168.34.8, host: pr-hdds-1879-pbs75-1821932185, networkLocation: /default-rack, certSerialId: null}
2019-09-12 04:06:39,849 [RatisPipelineUtilsThread] ERROR pipeline.SCMPipelineManager (Scheduler.java:lambda$schedule$1(70)) - Destroy pipeline failed for pipeline:Pipeline[ Id: 743e7b28-aad9-4826-95d5-f484ccc1aa7a, Nodes: 826a4c15-f032-4805-8cf4-5e11fe4a99d7{ip: 192.168.34.8, host: pr-hdds-1879-pbs75-1821932185, networkLocation: /default-rack, certSerialId: null}fc0aded7-5090-49ad-a6b0-e16cfe155c18{ip: 192.168.34.8, host: pr-hdds-1879-pbs75-1821932185, networkLocation: /default-rack, certSerialId: null}cfbaf9ff-a5d2-4350-abbf-bcb1aefbe8d3{ip: 192.168.34.8, host: pr-hdds-1879-pbs75-1821932185, networkLocation: /default-rack, certSerialId: null}, Type:RATIS, Factor:THREE, State:CLOSED]
org.apache.hadoop.hdds.scm.pipeline.PipelineNotFoundException: PipelineID=743e7b28-aad9-4826-95d5-f484ccc1aa7a not found
	at org.apache.hadoop.hdds.scm.pipeline.PipelineStateMap.getPipeline(PipelineStateMap.java:132)
	at org.apache.hadoop.hdds.scm.pipeline.PipelineStateMap.removePipeline(PipelineStateMap.java:322)
	at org.apache.hadoop.hdds.scm.pipeline.PipelineStateManager.removePipeline(PipelineStateManager.java:107)
	at org.apache.hadoop.hdds.scm.pipeline.SCMPipelineManager.removePipeline(SCMPipelineManager.java:423)
	at org.apache.hadoop.hdds.scm.pipeline.SCMPipelineManager.destroyPipeline(SCMPipelineManager.java:409)
	at org.apache.hadoop.hdds.scm.pipeline.SCMPipelineManager.lambda$finalizeAndDestroyPipeline$0(SCMPipelineManager.java:318)
	at org.apache.hadoop.utils.Scheduler.lambda$schedule$1(Scheduler.java:68)
	at java.util.concurrent.Executors$RunnableAdapter.call(Executors.java:511)
	at java.util.concurrent.FutureTask.run(FutureTask.java:266)
	at java.util.concurrent.ScheduledThreadPoolExecutor$ScheduledFutureTask.access$201(ScheduledThreadPoolExecutor.java:180)
	at java.util.concurrent.ScheduledThreadPoolExecutor$ScheduledFutureTask.run(ScheduledThreadPoolExecutor.java:293)
	at java.util.concurrent.ThreadPoolExecutor.runWorker(ThreadPoolExecutor.java:1149)
	at java.util.concurrent.ThreadPoolExecutor$Worker.run(ThreadPoolExecutor.java:624)
	at java.lang.Thread.run(Thread.java:748)
2019-09-12 04:06:40,358 [e74ea0f8-bf41-4d93-a1fd-ac84c2b46512@group-1AC969952D72-SegmentedRaftLogWorker] WARN  segmented.SegmentedRaftLogWorker (SegmentedRaftLogWorker.java:getFromFuture(90)) - Timeout 1/~
org.apache.ratis.protocol.TimeoutIOException: Timeout 10s: WriteLog:16: (t:1, i:16), STATEMACHINELOGENTRY, client-38E6C04ACA0A, cid=143-writeStateMachineData
	at org.apache.ratis.util.IOUtils.getFromFuture(IOUtils.java:87)
	at org.apache.ratis.server.raftlog.segmented.SegmentedRaftLogWorker$StateMachineDataPolicy.getFromFuture(SegmentedRaftLogWorker.java:87)
	at org.apache.ratis.server.raftlog.segmented.SegmentedRaftLogWorker$WriteLog.execute(SegmentedRaftLogWorker.java:477)
	at org.apache.ratis.server.raftlog.segmented.SegmentedRaftLogWorker.run(SegmentedRaftLogWorker.java:289)
	at java.lang.Thread.run(Thread.java:748)
Caused by: java.util.concurrent.TimeoutException
	at java.util.concurrent.CompletableFuture.timedGet(CompletableFuture.java:1771)
	at java.util.concurrent.CompletableFuture.get(CompletableFuture.java:1915)
	at org.apache.ratis.util.IOUtils.getFromFuture(IOUtils.java:79)
	... 4 more
2019-09-12 04:06:40,502 [41a8e196-af5b-4c71-b4d4-8d03270b35a0@group-1AC969952D72-SegmentedRaftLogWorker] WARN  segmented.SegmentedRaftLogWorker (SegmentedRaftLogWorker.java:getFromFuture(90)) - Timeout 1/~
org.apache.ratis.protocol.TimeoutIOException: Timeout 10s: WriteLog:19: (t:1, i:19), STATEMACHINELOGENTRY, client-38E6C04ACA0A, cid=146-writeStateMachineData
	at org.apache.ratis.util.IOUtils.getFromFuture(IOUtils.java:87)
	at org.apache.ratis.server.raftlog.segmented.SegmentedRaftLogWorker$StateMachineDataPolicy.getFromFuture(SegmentedRaftLogWorker.java:87)
	at org.apache.ratis.server.raftlog.segmented.SegmentedRaftLogWorker$WriteLog.execute(SegmentedRaftLogWorker.java:477)
	at org.apache.ratis.server.raftlog.segmented.SegmentedRaftLogWorker.run(SegmentedRaftLogWorker.java:289)
	at java.lang.Thread.run(Thread.java:748)
Caused by: java.util.concurrent.TimeoutException
	at java.util.concurrent.CompletableFuture.timedGet(CompletableFuture.java:1771)
	at java.util.concurrent.CompletableFuture.get(CompletableFuture.java:1915)
	at org.apache.ratis.util.IOUtils.getFromFuture(IOUtils.java:79)
	... 4 more
2019-09-12 04:06:40,516 [d16d800f-a890-4a7a-bda4-5bf97a65c0f2@group-1AC969952D72-SegmentedRaftLogWorker] WARN  segmented.SegmentedRaftLogWorker (SegmentedRaftLogWorker.java:getFromFuture(90)) - Timeout 1/~
org.apache.ratis.protocol.TimeoutIOException: Timeout 10s: WriteLog:17: (t:1, i:17), STATEMACHINELOGENTRY, client-38E6C04ACA0A, cid=144-writeStateMachineData
	at org.apache.ratis.util.IOUtils.getFromFuture(IOUtils.java:87)
	at org.apache.ratis.server.raftlog.segmented.SegmentedRaftLogWorker$StateMachineDataPolicy.getFromFuture(SegmentedRaftLogWorker.java:87)
	at org.apache.ratis.server.raftlog.segmented.SegmentedRaftLogWorker$WriteLog.execute(SegmentedRaftLogWorker.java:477)
	at org.apache.ratis.server.raftlog.segmented.SegmentedRaftLogWorker.run(SegmentedRaftLogWorker.java:289)
	at java.lang.Thread.run(Thread.java:748)
Caused by: java.util.concurrent.TimeoutException
	at java.util.concurrent.CompletableFuture.timedGet(CompletableFuture.java:1771)
	at java.util.concurrent.CompletableFuture.get(CompletableFuture.java:1915)
	at org.apache.ratis.util.IOUtils.getFromFuture(IOUtils.java:79)
	... 4 more
2019-09-12 04:06:40,538 [grpc-default-executor-8] INFO  client.GrpcClientProtocolClient (GrpcClientProtocolClient.java:onNext(264)) - client-38E6C04ACA0A->41a8e196-af5b-4c71-b4d4-8d03270b35a0: receive RaftClientReply:client-38E6C04ACA0A->41a8e196-af5b-4c71-b4d4-8d03270b35a0@group-1AC969952D72, cid=143, FAILED org.apache.ratis.protocol.NotLeaderException: Server 41a8e196-af5b-4c71-b4d4-8d03270b35a0@group-1AC969952D72 is not the leader d16d800f-a890-4a7a-bda4-5bf97a65c0f2:192.168.34.8:33400, logIndex=0, commits[41a8e196-af5b-4c71-b4d4-8d03270b35a0:c15, e74ea0f8-bf41-4d93-a1fd-ac84c2b46512:c13, d16d800f-a890-4a7a-bda4-5bf97a65c0f2:c15]
2019-09-12 04:06:40,862 [java.util.concurrent.ThreadPoolExecutor$Worker@792bad54[State = -1, empty queue]] WARN  server.GrpcLogAppender (GrpcLogAppender.java:timeoutAppendRequest(200)) - d16d800f-a890-4a7a-bda4-5bf97a65c0f2@group-1AC969952D72->41a8e196-af5b-4c71-b4d4-8d03270b35a0-GrpcLogAppender: appendEntries Timeout, request=d16d800f-a890-4a7a-bda4-5bf97a65c0f2->41a8e196-af5b-4c71-b4d4-8d03270b35a0#101-t1, previous=(t:1, i:21), leaderCommit=15, initializing? false, entries: <empty>
2019-09-12 04:06:40,862 [java.util.concurrent.ThreadPoolExecutor$Worker@4b485f37[State = -1, empty queue]] WARN  server.GrpcLogAppender (GrpcLogAppender.java:timeoutAppendRequest(200)) - d16d800f-a890-4a7a-bda4-5bf97a65c0f2@group-1AC969952D72->e74ea0f8-bf41-4d93-a1fd-ac84c2b46512-GrpcLogAppender: appendEntries Timeout, request=d16d800f-a890-4a7a-bda4-5bf97a65c0f2->e74ea0f8-bf41-4d93-a1fd-ac84c2b46512#101-t1, previous=(t:1, i:21), leaderCommit=15, initializing? false, entries: <empty>
2019-09-12 04:06:42,834 [grpc-default-executor-7] INFO  impl.RaftServerProxy (RaftServerProxy.java:remove(95)) - 826a4c15-f032-4805-8cf4-5e11fe4a99d7: remove group-F484CCC1AA7A:null
2019-09-12 04:06:42,839 [RatisPipelineUtilsThread] WARN  pipeline.RatisPipelineUtils (RatisPipelineUtils.java:destroyPipeline(66)) - Pipeline destroy failed for pipeline=PipelineID=743e7b28-aad9-4826-95d5-f484ccc1aa7a dn=826a4c15-f032-4805-8cf4-5e11fe4a99d7{ip: 192.168.34.8, host: pr-hdds-1879-pbs75-1821932185, networkLocation: /default-rack, certSerialId: null}
2019-09-12 04:06:42,842 [grpc-default-executor-7] INFO  impl.RaftServerProxy (RaftServerProxy.java:remove(95)) - fc0aded7-5090-49ad-a6b0-e16cfe155c18: remove group-F484CCC1AA7A:null
2019-09-12 04:06:42,844 [RatisPipelineUtilsThread] WARN  pipeline.RatisPipelineUtils (RatisPipelineUtils.java:destroyPipeline(66)) - Pipeline destroy failed for pipeline=PipelineID=743e7b28-aad9-4826-95d5-f484ccc1aa7a dn=fc0aded7-5090-49ad-a6b0-e16cfe155c18{ip: 192.168.34.8, host: pr-hdds-1879-pbs75-1821932185, networkLocation: /default-rack, certSerialId: null}
2019-09-12 04:06:42,846 [grpc-default-executor-7] INFO  impl.RaftServerProxy (RaftServerProxy.java:remove(95)) - cfbaf9ff-a5d2-4350-abbf-bcb1aefbe8d3: remove group-F484CCC1AA7A:null
2019-09-12 04:06:42,848 [RatisPipelineUtilsThread] WARN  pipeline.RatisPipelineUtils (RatisPipelineUtils.java:destroyPipeline(66)) - Pipeline destroy failed for pipeline=PipelineID=743e7b28-aad9-4826-95d5-f484ccc1aa7a dn=cfbaf9ff-a5d2-4350-abbf-bcb1aefbe8d3{ip: 192.168.34.8, host: pr-hdds-1879-pbs75-1821932185, networkLocation: /default-rack, certSerialId: null}
2019-09-12 04:06:42,849 [RatisPipelineUtilsThread] ERROR pipeline.SCMPipelineManager (Scheduler.java:lambda$schedule$1(70)) - Destroy pipeline failed for pipeline:Pipeline[ Id: 743e7b28-aad9-4826-95d5-f484ccc1aa7a, Nodes: 826a4c15-f032-4805-8cf4-5e11fe4a99d7{ip: 192.168.34.8, host: pr-hdds-1879-pbs75-1821932185, networkLocation: /default-rack, certSerialId: null}fc0aded7-5090-49ad-a6b0-e16cfe155c18{ip: 192.168.34.8, host: pr-hdds-1879-pbs75-1821932185, networkLocation: /default-rack, certSerialId: null}cfbaf9ff-a5d2-4350-abbf-bcb1aefbe8d3{ip: 192.168.34.8, host: pr-hdds-1879-pbs75-1821932185, networkLocation: /default-rack, certSerialId: null}, Type:RATIS, Factor:THREE, State:CLOSED]
org.apache.hadoop.hdds.scm.pipeline.PipelineNotFoundException: PipelineID=743e7b28-aad9-4826-95d5-f484ccc1aa7a not found
	at org.apache.hadoop.hdds.scm.pipeline.PipelineStateMap.getPipeline(PipelineStateMap.java:132)
	at org.apache.hadoop.hdds.scm.pipeline.PipelineStateMap.removePipeline(PipelineStateMap.java:322)
	at org.apache.hadoop.hdds.scm.pipeline.PipelineStateManager.removePipeline(PipelineStateManager.java:107)
	at org.apache.hadoop.hdds.scm.pipeline.SCMPipelineManager.removePipeline(SCMPipelineManager.java:423)
	at org.apache.hadoop.hdds.scm.pipeline.SCMPipelineManager.destroyPipeline(SCMPipelineManager.java:409)
	at org.apache.hadoop.hdds.scm.pipeline.SCMPipelineManager.lambda$finalizeAndDestroyPipeline$0(SCMPipelineManager.java:318)
	at org.apache.hadoop.utils.Scheduler.lambda$schedule$1(Scheduler.java:68)
	at java.util.concurrent.Executors$RunnableAdapter.call(Executors.java:511)
	at java.util.concurrent.FutureTask.run(FutureTask.java:266)
	at java.util.concurrent.ScheduledThreadPoolExecutor$ScheduledFutureTask.access$201(ScheduledThreadPoolExecutor.java:180)
	at java.util.concurrent.ScheduledThreadPoolExecutor$ScheduledFutureTask.run(ScheduledThreadPoolExecutor.java:293)
	at java.util.concurrent.ThreadPoolExecutor.runWorker(ThreadPoolExecutor.java:1149)
	at java.util.concurrent.ThreadPoolExecutor$Worker.run(ThreadPoolExecutor.java:624)
	at java.lang.Thread.run(Thread.java:748)
2019-09-12 04:06:43,362 [java.util.concurrent.ThreadPoolExecutor$Worker@792bad54[State = -1, empty queue]] WARN  server.GrpcLogAppender (GrpcLogAppender.java:timeoutAppendRequest(200)) - d16d800f-a890-4a7a-bda4-5bf97a65c0f2@group-1AC969952D72->41a8e196-af5b-4c71-b4d4-8d03270b35a0-GrpcLogAppender: appendEntries Timeout, request=d16d800f-a890-4a7a-bda4-5bf97a65c0f2->41a8e196-af5b-4c71-b4d4-8d03270b35a0#102-t1, previous=(t:1, i:21), leaderCommit=15, initializing? false, entries: <empty>
2019-09-12 04:06:43,362 [java.util.concurrent.ThreadPoolExecutor$Worker@4b485f37[State = -1, empty queue]] WARN  server.GrpcLogAppender (GrpcLogAppender.java:timeoutAppendRequest(200)) - d16d800f-a890-4a7a-bda4-5bf97a65c0f2@group-1AC969952D72->e74ea0f8-bf41-4d93-a1fd-ac84c2b46512-GrpcLogAppender: appendEntries Timeout, request=d16d800f-a890-4a7a-bda4-5bf97a65c0f2->e74ea0f8-bf41-4d93-a1fd-ac84c2b46512#102-t1, previous=(t:1, i:21), leaderCommit=15, initializing? false, entries: <empty>
2019-09-12 04:06:44,830 [grpc-default-executor-10] INFO  impl.RaftServerProxy (RaftServerProxy.java:remove(95)) - 826a4c15-f032-4805-8cf4-5e11fe4a99d7: remove group-F484CCC1AA7A:null
2019-09-12 04:06:44,833 [RatisPipelineUtilsThread] WARN  pipeline.RatisPipelineUtils (RatisPipelineUtils.java:destroyPipeline(66)) - Pipeline destroy failed for pipeline=PipelineID=743e7b28-aad9-4826-95d5-f484ccc1aa7a dn=826a4c15-f032-4805-8cf4-5e11fe4a99d7{ip: 192.168.34.8, host: pr-hdds-1879-pbs75-1821932185, networkLocation: /default-rack, certSerialId: null}
2019-09-12 04:06:44,836 [grpc-default-executor-10] INFO  impl.RaftServerProxy (RaftServerProxy.java:remove(95)) - fc0aded7-5090-49ad-a6b0-e16cfe155c18: remove group-F484CCC1AA7A:null
2019-09-12 04:06:44,838 [RatisPipelineUtilsThread] WARN  pipeline.RatisPipelineUtils (RatisPipelineUtils.java:destroyPipeline(66)) - Pipeline destroy failed for pipeline=PipelineID=743e7b28-aad9-4826-95d5-f484ccc1aa7a dn=fc0aded7-5090-49ad-a6b0-e16cfe155c18{ip: 192.168.34.8, host: pr-hdds-1879-pbs75-1821932185, networkLocation: /default-rack, certSerialId: null}
2019-09-12 04:06:44,841 [grpc-default-executor-10] INFO  impl.RaftServerProxy (RaftServerProxy.java:remove(95)) - cfbaf9ff-a5d2-4350-abbf-bcb1aefbe8d3: remove group-F484CCC1AA7A:null
2019-09-12 04:06:44,843 [RatisPipelineUtilsThread] WARN  pipeline.RatisPipelineUtils (RatisPipelineUtils.java:destroyPipeline(66)) - Pipeline destroy failed for pipeline=PipelineID=743e7b28-aad9-4826-95d5-f484ccc1aa7a dn=cfbaf9ff-a5d2-4350-abbf-bcb1aefbe8d3{ip: 192.168.34.8, host: pr-hdds-1879-pbs75-1821932185, networkLocation: /default-rack, certSerialId: null}
2019-09-12 04:06:44,843 [RatisPipelineUtilsThread] ERROR pipeline.SCMPipelineManager (Scheduler.java:lambda$schedule$1(70)) - Destroy pipeline failed for pipeline:Pipeline[ Id: 743e7b28-aad9-4826-95d5-f484ccc1aa7a, Nodes: 826a4c15-f032-4805-8cf4-5e11fe4a99d7{ip: 192.168.34.8, host: pr-hdds-1879-pbs75-1821932185, networkLocation: /default-rack, certSerialId: null}fc0aded7-5090-49ad-a6b0-e16cfe155c18{ip: 192.168.34.8, host: pr-hdds-1879-pbs75-1821932185, networkLocation: /default-rack, certSerialId: null}cfbaf9ff-a5d2-4350-abbf-bcb1aefbe8d3{ip: 192.168.34.8, host: pr-hdds-1879-pbs75-1821932185, networkLocation: /default-rack, certSerialId: null}, Type:RATIS, Factor:THREE, State:CLOSED]
org.apache.hadoop.hdds.scm.pipeline.PipelineNotFoundException: PipelineID=743e7b28-aad9-4826-95d5-f484ccc1aa7a not found
	at org.apache.hadoop.hdds.scm.pipeline.PipelineStateMap.getPipeline(PipelineStateMap.java:132)
	at org.apache.hadoop.hdds.scm.pipeline.PipelineStateMap.removePipeline(PipelineStateMap.java:322)
	at org.apache.hadoop.hdds.scm.pipeline.PipelineStateManager.removePipeline(PipelineStateManager.java:107)
	at org.apache.hadoop.hdds.scm.pipeline.SCMPipelineManager.removePipeline(SCMPipelineManager.java:423)
	at org.apache.hadoop.hdds.scm.pipeline.SCMPipelineManager.destroyPipeline(SCMPipelineManager.java:409)
	at org.apache.hadoop.hdds.scm.pipeline.SCMPipelineManager.lambda$finalizeAndDestroyPipeline$0(SCMPipelineManager.java:318)
	at org.apache.hadoop.utils.Scheduler.lambda$schedule$1(Scheduler.java:68)
	at java.util.concurrent.Executors$RunnableAdapter.call(Executors.java:511)
	at java.util.concurrent.FutureTask.run(FutureTask.java:266)
	at java.util.concurrent.ScheduledThreadPoolExecutor$ScheduledFutureTask.access$201(ScheduledThreadPoolExecutor.java:180)
	at java.util.concurrent.ScheduledThreadPoolExecutor$ScheduledFutureTask.run(ScheduledThreadPoolExecutor.java:293)
	at java.util.concurrent.ThreadPoolExecutor.runWorker(ThreadPoolExecutor.java:1149)
	at java.util.concurrent.ThreadPoolExecutor$Worker.run(ThreadPoolExecutor.java:624)
	at java.lang.Thread.run(Thread.java:748)
2019-09-12 04:06:45,599 [grpc-default-executor-7] INFO  client.GrpcClientProtocolClient (GrpcClientProtocolClient.java:onNext(264)) - client-38E6C04ACA0A->e74ea0f8-bf41-4d93-a1fd-ac84c2b46512: receive RaftClientReply:client-38E6C04ACA0A->e74ea0f8-bf41-4d93-a1fd-ac84c2b46512@group-1AC969952D72, cid=143, FAILED org.apache.ratis.protocol.NotLeaderException: Server e74ea0f8-bf41-4d93-a1fd-ac84c2b46512@group-1AC969952D72 is not the leader d16d800f-a890-4a7a-bda4-5bf97a65c0f2:192.168.34.8:33400, logIndex=0, commits[e74ea0f8-bf41-4d93-a1fd-ac84c2b46512:c15, 41a8e196-af5b-4c71-b4d4-8d03270b35a0:c13, d16d800f-a890-4a7a-bda4-5bf97a65c0f2:c15]
2019-09-12 04:06:45,863 [java.util.concurrent.ThreadPoolExecutor$Worker@4b485f37[State = -1, empty queue]] WARN  server.GrpcLogAppender (GrpcLogAppender.java:timeoutAppendRequest(200)) - d16d800f-a890-4a7a-bda4-5bf97a65c0f2@group-1AC969952D72->e74ea0f8-bf41-4d93-a1fd-ac84c2b46512-GrpcLogAppender: appendEntries Timeout, request=d16d800f-a890-4a7a-bda4-5bf97a65c0f2->e74ea0f8-bf41-4d93-a1fd-ac84c2b46512#103-t1, previous=(t:1, i:21), leaderCommit=15, initializing? false, entries: <empty>
2019-09-12 04:06:45,863 [java.util.concurrent.ThreadPoolExecutor$Worker@792bad54[State = -1, empty queue]] WARN  server.GrpcLogAppender (GrpcLogAppender.java:timeoutAppendRequest(200)) - d16d800f-a890-4a7a-bda4-5bf97a65c0f2@group-1AC969952D72->41a8e196-af5b-4c71-b4d4-8d03270b35a0-GrpcLogAppender: appendEntries Timeout, request=d16d800f-a890-4a7a-bda4-5bf97a65c0f2->41a8e196-af5b-4c71-b4d4-8d03270b35a0#103-t1, previous=(t:1, i:21), leaderCommit=15, initializing? false, entries: <empty>
2019-09-12 04:06:47,832 [grpc-default-executor-10] INFO  impl.RaftServerProxy (RaftServerProxy.java:remove(95)) - 826a4c15-f032-4805-8cf4-5e11fe4a99d7: remove group-F484CCC1AA7A:null
2019-09-12 04:06:47,837 [RatisPipelineUtilsThread] WARN  pipeline.RatisPipelineUtils (RatisPipelineUtils.java:destroyPipeline(66)) - Pipeline destroy failed for pipeline=PipelineID=743e7b28-aad9-4826-95d5-f484ccc1aa7a dn=826a4c15-f032-4805-8cf4-5e11fe4a99d7{ip: 192.168.34.8, host: pr-hdds-1879-pbs75-1821932185, networkLocation: /default-rack, certSerialId: null}
2019-09-12 04:06:47,841 [grpc-default-executor-10] INFO  impl.RaftServerProxy (RaftServerProxy.java:remove(95)) - fc0aded7-5090-49ad-a6b0-e16cfe155c18: remove group-F484CCC1AA7A:null
2019-09-12 04:06:47,843 [RatisPipelineUtilsThread] WARN  pipeline.RatisPipelineUtils (RatisPipelineUtils.java:destroyPipeline(66)) - Pipeline destroy failed for pipeline=PipelineID=743e7b28-aad9-4826-95d5-f484ccc1aa7a dn=fc0aded7-5090-49ad-a6b0-e16cfe155c18{ip: 192.168.34.8, host: pr-hdds-1879-pbs75-1821932185, networkLocation: /default-rack, certSerialId: null}
2019-09-12 04:06:47,846 [grpc-default-executor-10] INFO  impl.RaftServerProxy (RaftServerProxy.java:remove(95)) - cfbaf9ff-a5d2-4350-abbf-bcb1aefbe8d3: remove group-F484CCC1AA7A:null
2019-09-12 04:06:47,848 [RatisPipelineUtilsThread] WARN  pipeline.RatisPipelineUtils (RatisPipelineUtils.java:destroyPipeline(66)) - Pipeline destroy failed for pipeline=PipelineID=743e7b28-aad9-4826-95d5-f484ccc1aa7a dn=cfbaf9ff-a5d2-4350-abbf-bcb1aefbe8d3{ip: 192.168.34.8, host: pr-hdds-1879-pbs75-1821932185, networkLocation: /default-rack, certSerialId: null}
2019-09-12 04:06:47,849 [RatisPipelineUtilsThread] ERROR pipeline.SCMPipelineManager (Scheduler.java:lambda$schedule$1(70)) - Destroy pipeline failed for pipeline:Pipeline[ Id: 743e7b28-aad9-4826-95d5-f484ccc1aa7a, Nodes: 826a4c15-f032-4805-8cf4-5e11fe4a99d7{ip: 192.168.34.8, host: pr-hdds-1879-pbs75-1821932185, networkLocation: /default-rack, certSerialId: null}fc0aded7-5090-49ad-a6b0-e16cfe155c18{ip: 192.168.34.8, host: pr-hdds-1879-pbs75-1821932185, networkLocation: /default-rack, certSerialId: null}cfbaf9ff-a5d2-4350-abbf-bcb1aefbe8d3{ip: 192.168.34.8, host: pr-hdds-1879-pbs75-1821932185, networkLocation: /default-rack, certSerialId: null}, Type:RATIS, Factor:THREE, State:CLOSED]
org.apache.hadoop.hdds.scm.pipeline.PipelineNotFoundException: PipelineID=743e7b28-aad9-4826-95d5-f484ccc1aa7a not found
	at org.apache.hadoop.hdds.scm.pipeline.PipelineStateMap.getPipeline(PipelineStateMap.java:132)
	at org.apache.hadoop.hdds.scm.pipeline.PipelineStateMap.removePipeline(PipelineStateMap.java:322)
	at org.apache.hadoop.hdds.scm.pipeline.PipelineStateManager.removePipeline(PipelineStateManager.java:107)
	at org.apache.hadoop.hdds.scm.pipeline.SCMPipelineManager.removePipeline(SCMPipelineManager.java:423)
	at org.apache.hadoop.hdds.scm.pipeline.SCMPipelineManager.destroyPipeline(SCMPipelineManager.java:409)
	at org.apache.hadoop.hdds.scm.pipeline.SCMPipelineManager.lambda$finalizeAndDestroyPipeline$0(SCMPipelineManager.java:318)
	at org.apache.hadoop.utils.Scheduler.lambda$schedule$1(Scheduler.java:68)
	at java.util.concurrent.Executors$RunnableAdapter.call(Executors.java:511)
	at java.util.concurrent.FutureTask.run(FutureTask.java:266)
	at java.util.concurrent.ScheduledThreadPoolExecutor$ScheduledFutureTask.access$201(ScheduledThreadPoolExecutor.java:180)
	at java.util.concurrent.ScheduledThreadPoolExecutor$ScheduledFutureTask.run(ScheduledThreadPoolExecutor.java:293)
	at java.util.concurrent.ThreadPoolExecutor.runWorker(ThreadPoolExecutor.java:1149)
	at java.util.concurrent.ThreadPoolExecutor$Worker.run(ThreadPoolExecutor.java:624)
	at java.lang.Thread.run(Thread.java:748)
2019-09-12 04:06:48,363 [java.util.concurrent.ThreadPoolExecutor$Worker@4b485f37[State = -1, empty queue]] WARN  server.GrpcLogAppender (GrpcLogAppender.java:timeoutAppendRequest(200)) - d16d800f-a890-4a7a-bda4-5bf97a65c0f2@group-1AC969952D72->e74ea0f8-bf41-4d93-a1fd-ac84c2b46512-GrpcLogAppender: appendEntries Timeout, request=d16d800f-a890-4a7a-bda4-5bf97a65c0f2->e74ea0f8-bf41-4d93-a1fd-ac84c2b46512#104-t1, previous=(t:1, i:21), leaderCommit=15, initializing? false, entries: <empty>
2019-09-12 04:06:48,363 [java.util.concurrent.ThreadPoolExecutor$Worker@792bad54[State = -1, empty queue]] WARN  server.GrpcLogAppender (GrpcLogAppender.java:timeoutAppendRequest(200)) - d16d800f-a890-4a7a-bda4-5bf97a65c0f2@group-1AC969952D72->41a8e196-af5b-4c71-b4d4-8d03270b35a0-GrpcLogAppender: appendEntries Timeout, request=d16d800f-a890-4a7a-bda4-5bf97a65c0f2->41a8e196-af5b-4c71-b4d4-8d03270b35a0#104-t1, previous=(t:1, i:21), leaderCommit=15, initializing? false, entries: <empty>
2019-09-12 04:06:49,829 [grpc-default-executor-10] INFO  impl.RaftServerProxy (RaftServerProxy.java:remove(95)) - 826a4c15-f032-4805-8cf4-5e11fe4a99d7: remove group-F484CCC1AA7A:null
2019-09-12 04:06:49,832 [RatisPipelineUtilsThread] WARN  pipeline.RatisPipelineUtils (RatisPipelineUtils.java:destroyPipeline(66)) - Pipeline destroy failed for pipeline=PipelineID=743e7b28-aad9-4826-95d5-f484ccc1aa7a dn=826a4c15-f032-4805-8cf4-5e11fe4a99d7{ip: 192.168.34.8, host: pr-hdds-1879-pbs75-1821932185, networkLocation: /default-rack, certSerialId: null}
2019-09-12 04:06:49,835 [grpc-default-executor-10] INFO  impl.RaftServerProxy (RaftServerProxy.java:remove(95)) - fc0aded7-5090-49ad-a6b0-e16cfe155c18: remove group-F484CCC1AA7A:null
2019-09-12 04:06:49,838 [RatisPipelineUtilsThread] WARN  pipeline.RatisPipelineUtils (RatisPipelineUtils.java:destroyPipeline(66)) - Pipeline destroy failed for pipeline=PipelineID=743e7b28-aad9-4826-95d5-f484ccc1aa7a dn=fc0aded7-5090-49ad-a6b0-e16cfe155c18{ip: 192.168.34.8, host: pr-hdds-1879-pbs75-1821932185, networkLocation: /default-rack, certSerialId: null}
2019-09-12 04:06:49,841 [grpc-default-executor-10] INFO  impl.RaftServerProxy (RaftServerProxy.java:remove(95)) - cfbaf9ff-a5d2-4350-abbf-bcb1aefbe8d3: remove group-F484CCC1AA7A:null
2019-09-12 04:06:49,843 [RatisPipelineUtilsThread] WARN  pipeline.RatisPipelineUtils (RatisPipelineUtils.java:destroyPipeline(66)) - Pipeline destroy failed for pipeline=PipelineID=743e7b28-aad9-4826-95d5-f484ccc1aa7a dn=cfbaf9ff-a5d2-4350-abbf-bcb1aefbe8d3{ip: 192.168.34.8, host: pr-hdds-1879-pbs75-1821932185, networkLocation: /default-rack, certSerialId: null}
2019-09-12 04:06:49,843 [RatisPipelineUtilsThread] ERROR pipeline.SCMPipelineManager (Scheduler.java:lambda$schedule$1(70)) - Destroy pipeline failed for pipeline:Pipeline[ Id: 743e7b28-aad9-4826-95d5-f484ccc1aa7a, Nodes: 826a4c15-f032-4805-8cf4-5e11fe4a99d7{ip: 192.168.34.8, host: pr-hdds-1879-pbs75-1821932185, networkLocation: /default-rack, certSerialId: null}fc0aded7-5090-49ad-a6b0-e16cfe155c18{ip: 192.168.34.8, host: pr-hdds-1879-pbs75-1821932185, networkLocation: /default-rack, certSerialId: null}cfbaf9ff-a5d2-4350-abbf-bcb1aefbe8d3{ip: 192.168.34.8, host: pr-hdds-1879-pbs75-1821932185, networkLocation: /default-rack, certSerialId: null}, Type:RATIS, Factor:THREE, State:CLOSED]
org.apache.hadoop.hdds.scm.pipeline.PipelineNotFoundException: PipelineID=743e7b28-aad9-4826-95d5-f484ccc1aa7a not found
	at org.apache.hadoop.hdds.scm.pipeline.PipelineStateMap.getPipeline(PipelineStateMap.java:132)
	at org.apache.hadoop.hdds.scm.pipeline.PipelineStateMap.removePipeline(PipelineStateMap.java:322)
	at org.apache.hadoop.hdds.scm.pipeline.PipelineStateManager.removePipeline(PipelineStateManager.java:107)
	at org.apache.hadoop.hdds.scm.pipeline.SCMPipelineManager.removePipeline(SCMPipelineManager.java:423)
	at org.apache.hadoop.hdds.scm.pipeline.SCMPipelineManager.destroyPipeline(SCMPipelineManager.java:409)
	at org.apache.hadoop.hdds.scm.pipeline.SCMPipelineManager.lambda$finalizeAndDestroyPipeline$0(SCMPipelineManager.java:318)
	at org.apache.hadoop.utils.Scheduler.lambda$schedule$1(Scheduler.java:68)
	at java.util.concurrent.Executors$RunnableAdapter.call(Executors.java:511)
	at java.util.concurrent.FutureTask.run(FutureTask.java:266)
	at java.util.concurrent.ScheduledThreadPoolExecutor$ScheduledFutureTask.access$201(ScheduledThreadPoolExecutor.java:180)
	at java.util.concurrent.ScheduledThreadPoolExecutor$ScheduledFutureTask.run(ScheduledThreadPoolExecutor.java:293)
	at java.util.concurrent.ThreadPoolExecutor.runWorker(ThreadPoolExecutor.java:1149)
	at java.util.concurrent.ThreadPoolExecutor$Worker.run(ThreadPoolExecutor.java:624)
	at java.lang.Thread.run(Thread.java:748)
2019-09-12 04:06:50,359 [e74ea0f8-bf41-4d93-a1fd-ac84c2b46512@group-1AC969952D72-SegmentedRaftLogWorker] WARN  segmented.SegmentedRaftLogWorker (SegmentedRaftLogWorker.java:getFromFuture(90)) - Timeout 2/~
org.apache.ratis.protocol.TimeoutIOException: Timeout 10s: WriteLog:16: (t:1, i:16), STATEMACHINELOGENTRY, client-38E6C04ACA0A, cid=143-writeStateMachineData
	at org.apache.ratis.util.IOUtils.getFromFuture(IOUtils.java:87)
	at org.apache.ratis.server.raftlog.segmented.SegmentedRaftLogWorker$StateMachineDataPolicy.getFromFuture(SegmentedRaftLogWorker.java:87)
	at org.apache.ratis.server.raftlog.segmented.SegmentedRaftLogWorker$WriteLog.execute(SegmentedRaftLogWorker.java:477)
	at org.apache.ratis.server.raftlog.segmented.SegmentedRaftLogWorker.run(SegmentedRaftLogWorker.java:289)
	at java.lang.Thread.run(Thread.java:748)
Caused by: java.util.concurrent.TimeoutException
	at java.util.concurrent.CompletableFuture.timedGet(CompletableFuture.java:1771)
	at java.util.concurrent.CompletableFuture.get(CompletableFuture.java:1915)
	at org.apache.ratis.util.IOUtils.getFromFuture(IOUtils.java:79)
	... 4 more
2019-09-12 04:06:50,503 [41a8e196-af5b-4c71-b4d4-8d03270b35a0@group-1AC969952D72-SegmentedRaftLogWorker] WARN  segmented.SegmentedRaftLogWorker (SegmentedRaftLogWorker.java:getFromFuture(90)) - Timeout 2/~
org.apache.ratis.protocol.TimeoutIOException: Timeout 10s: WriteLog:19: (t:1, i:19), STATEMACHINELOGENTRY, client-38E6C04ACA0A, cid=146-writeStateMachineData
	at org.apache.ratis.util.IOUtils.getFromFuture(IOUtils.java:87)
	at org.apache.ratis.server.raftlog.segmented.SegmentedRaftLogWorker$StateMachineDataPolicy.getFromFuture(SegmentedRaftLogWorker.java:87)
	at org.apache.ratis.server.raftlog.segmented.SegmentedRaftLogWorker$WriteLog.execute(SegmentedRaftLogWorker.java:477)
	at org.apache.ratis.server.raftlog.segmented.SegmentedRaftLogWorker.run(SegmentedRaftLogWorker.java:289)
	at java.lang.Thread.run(Thread.java:748)
Caused by: java.util.concurrent.TimeoutException
	at java.util.concurrent.CompletableFuture.timedGet(CompletableFuture.java:1771)
	at java.util.concurrent.CompletableFuture.get(CompletableFuture.java:1915)
	at org.apache.ratis.util.IOUtils.getFromFuture(IOUtils.java:79)
	... 4 more
2019-09-12 04:06:50,516 [d16d800f-a890-4a7a-bda4-5bf97a65c0f2@group-1AC969952D72-SegmentedRaftLogWorker] WARN  segmented.SegmentedRaftLogWorker (SegmentedRaftLogWorker.java:getFromFuture(90)) - Timeout 2/~
org.apache.ratis.protocol.TimeoutIOException: Timeout 10s: WriteLog:17: (t:1, i:17), STATEMACHINELOGENTRY, client-38E6C04ACA0A, cid=144-writeStateMachineData
	at org.apache.ratis.util.IOUtils.getFromFuture(IOUtils.java:87)
	at org.apache.ratis.server.raftlog.segmented.SegmentedRaftLogWorker$StateMachineDataPolicy.getFromFuture(SegmentedRaftLogWorker.java:87)
	at org.apache.ratis.server.raftlog.segmented.SegmentedRaftLogWorker$WriteLog.execute(SegmentedRaftLogWorker.java:477)
	at org.apache.ratis.server.raftlog.segmented.SegmentedRaftLogWorker.run(SegmentedRaftLogWorker.java:289)
	at java.lang.Thread.run(Thread.java:748)
Caused by: java.util.concurrent.TimeoutException
	at java.util.concurrent.CompletableFuture.timedGet(CompletableFuture.java:1771)
	at java.util.concurrent.CompletableFuture.get(CompletableFuture.java:1915)
	at org.apache.ratis.util.IOUtils.getFromFuture(IOUtils.java:79)
	... 4 more
2019-09-12 04:06:50,658 [grpc-default-executor-7] INFO  client.GrpcClientProtocolClient (GrpcClientProtocolClient.java:onNext(264)) - client-38E6C04ACA0A->41a8e196-af5b-4c71-b4d4-8d03270b35a0: receive RaftClientReply:client-38E6C04ACA0A->41a8e196-af5b-4c71-b4d4-8d03270b35a0@group-1AC969952D72, cid=143, FAILED org.apache.ratis.protocol.NotLeaderException: Server 41a8e196-af5b-4c71-b4d4-8d03270b35a0@group-1AC969952D72 is not the leader d16d800f-a890-4a7a-bda4-5bf97a65c0f2:192.168.34.8:33400, logIndex=0, commits[41a8e196-af5b-4c71-b4d4-8d03270b35a0:c15, e74ea0f8-bf41-4d93-a1fd-ac84c2b46512:c13, d16d800f-a890-4a7a-bda4-5bf97a65c0f2:c15]
2019-09-12 04:06:50,863 [java.util.concurrent.ThreadPoolExecutor$Worker@4b485f37[State = -1, empty queue]] WARN  server.GrpcLogAppender (GrpcLogAppender.java:timeoutAppendRequest(200)) - d16d800f-a890-4a7a-bda4-5bf97a65c0f2@group-1AC969952D72->e74ea0f8-bf41-4d93-a1fd-ac84c2b46512-GrpcLogAppender: appendEntries Timeout, request=d16d800f-a890-4a7a-bda4-5bf97a65c0f2->e74ea0f8-bf41-4d93-a1fd-ac84c2b46512#105-t1, previous=(t:1, i:21), leaderCommit=15, initializing? false, entries: <empty>
2019-09-12 04:06:50,863 [java.util.concurrent.ThreadPoolExecutor$Worker@792bad54[State = -1, empty queue]] WARN  server.GrpcLogAppender (GrpcLogAppender.java:timeoutAppendRequest(200)) - d16d800f-a890-4a7a-bda4-5bf97a65c0f2@group-1AC969952D72->41a8e196-af5b-4c71-b4d4-8d03270b35a0-GrpcLogAppender: appendEntries Timeout, request=d16d800f-a890-4a7a-bda4-5bf97a65c0f2->41a8e196-af5b-4c71-b4d4-8d03270b35a0#105-t1, previous=(t:1, i:21), leaderCommit=15, initializing? false, entries: <empty>
2019-09-12 04:06:52,832 [grpc-default-executor-8] INFO  impl.RaftServerProxy (RaftServerProxy.java:remove(95)) - 826a4c15-f032-4805-8cf4-5e11fe4a99d7: remove group-F484CCC1AA7A:null
2019-09-12 04:06:52,836 [RatisPipelineUtilsThread] WARN  pipeline.RatisPipelineUtils (RatisPipelineUtils.java:destroyPipeline(66)) - Pipeline destroy failed for pipeline=PipelineID=743e7b28-aad9-4826-95d5-f484ccc1aa7a dn=826a4c15-f032-4805-8cf4-5e11fe4a99d7{ip: 192.168.34.8, host: pr-hdds-1879-pbs75-1821932185, networkLocation: /default-rack, certSerialId: null}
2019-09-12 04:06:52,839 [grpc-default-executor-8] INFO  impl.RaftServerProxy (RaftServerProxy.java:remove(95)) - fc0aded7-5090-49ad-a6b0-e16cfe155c18: remove group-F484CCC1AA7A:null
2019-09-12 04:06:52,841 [RatisPipelineUtilsThread] WARN  pipeline.RatisPipelineUtils (RatisPipelineUtils.java:destroyPipeline(66)) - Pipeline destroy failed for pipeline=PipelineID=743e7b28-aad9-4826-95d5-f484ccc1aa7a dn=fc0aded7-5090-49ad-a6b0-e16cfe155c18{ip: 192.168.34.8, host: pr-hdds-1879-pbs75-1821932185, networkLocation: /default-rack, certSerialId: null}
2019-09-12 04:06:52,843 [grpc-default-executor-8] INFO  impl.RaftServerProxy (RaftServerProxy.java:remove(95)) - cfbaf9ff-a5d2-4350-abbf-bcb1aefbe8d3: remove group-F484CCC1AA7A:null
2019-09-12 04:06:52,845 [RatisPipelineUtilsThread] WARN  pipeline.RatisPipelineUtils (RatisPipelineUtils.java:destroyPipeline(66)) - Pipeline destroy failed for pipeline=PipelineID=743e7b28-aad9-4826-95d5-f484ccc1aa7a dn=cfbaf9ff-a5d2-4350-abbf-bcb1aefbe8d3{ip: 192.168.34.8, host: pr-hdds-1879-pbs75-1821932185, networkLocation: /default-rack, certSerialId: null}
2019-09-12 04:06:52,846 [RatisPipelineUtilsThread] ERROR pipeline.SCMPipelineManager (Scheduler.java:lambda$schedule$1(70)) - Destroy pipeline failed for pipeline:Pipeline[ Id: 743e7b28-aad9-4826-95d5-f484ccc1aa7a, Nodes: 826a4c15-f032-4805-8cf4-5e11fe4a99d7{ip: 192.168.34.8, host: pr-hdds-1879-pbs75-1821932185, networkLocation: /default-rack, certSerialId: null}fc0aded7-5090-49ad-a6b0-e16cfe155c18{ip: 192.168.34.8, host: pr-hdds-1879-pbs75-1821932185, networkLocation: /default-rack, certSerialId: null}cfbaf9ff-a5d2-4350-abbf-bcb1aefbe8d3{ip: 192.168.34.8, host: pr-hdds-1879-pbs75-1821932185, networkLocation: /default-rack, certSerialId: null}, Type:RATIS, Factor:THREE, State:CLOSED]
org.apache.hadoop.hdds.scm.pipeline.PipelineNotFoundException: PipelineID=743e7b28-aad9-4826-95d5-f484ccc1aa7a not found
	at org.apache.hadoop.hdds.scm.pipeline.PipelineStateMap.getPipeline(PipelineStateMap.java:132)
	at org.apache.hadoop.hdds.scm.pipeline.PipelineStateMap.removePipeline(PipelineStateMap.java:322)
	at org.apache.hadoop.hdds.scm.pipeline.PipelineStateManager.removePipeline(PipelineStateManager.java:107)
	at org.apache.hadoop.hdds.scm.pipeline.SCMPipelineManager.removePipeline(SCMPipelineManager.java:423)
	at org.apache.hadoop.hdds.scm.pipeline.SCMPipelineManager.destroyPipeline(SCMPipelineManager.java:409)
	at org.apache.hadoop.hdds.scm.pipeline.SCMPipelineManager.lambda$finalizeAndDestroyPipeline$0(SCMPipelineManager.java:318)
	at org.apache.hadoop.utils.Scheduler.lambda$schedule$1(Scheduler.java:68)
	at java.util.concurrent.Executors$RunnableAdapter.call(Executors.java:511)
	at java.util.concurrent.FutureTask.run(FutureTask.java:266)
	at java.util.concurrent.ScheduledThreadPoolExecutor$ScheduledFutureTask.access$201(ScheduledThreadPoolExecutor.java:180)
	at java.util.concurrent.ScheduledThreadPoolExecutor$ScheduledFutureTask.run(ScheduledThreadPoolExecutor.java:293)
	at java.util.concurrent.ThreadPoolExecutor.runWorker(ThreadPoolExecutor.java:1149)
	at java.util.concurrent.ThreadPoolExecutor$Worker.run(ThreadPoolExecutor.java:624)
	at java.lang.Thread.run(Thread.java:748)
2019-09-12 04:06:53,363 [java.util.concurrent.ThreadPoolExecutor$Worker@4b485f37[State = -1, empty queue]] WARN  server.GrpcLogAppender (GrpcLogAppender.java:timeoutAppendRequest(200)) - d16d800f-a890-4a7a-bda4-5bf97a65c0f2@group-1AC969952D72->e74ea0f8-bf41-4d93-a1fd-ac84c2b46512-GrpcLogAppender: appendEntries Timeout, request=d16d800f-a890-4a7a-bda4-5bf97a65c0f2->e74ea0f8-bf41-4d93-a1fd-ac84c2b46512#106-t1, previous=(t:1, i:21), leaderCommit=15, initializing? false, entries: <empty>
2019-09-12 04:06:53,363 [java.util.concurrent.ThreadPoolExecutor$Worker@792bad54[State = -1, empty queue]] WARN  server.GrpcLogAppender (GrpcLogAppender.java:timeoutAppendRequest(200)) - d16d800f-a890-4a7a-bda4-5bf97a65c0f2@group-1AC969952D72->41a8e196-af5b-4c71-b4d4-8d03270b35a0-GrpcLogAppender: appendEntries Timeout, request=d16d800f-a890-4a7a-bda4-5bf97a65c0f2->41a8e196-af5b-4c71-b4d4-8d03270b35a0#106-t1, previous=(t:1, i:21), leaderCommit=15, initializing? false, entries: <empty>
2019-09-12 04:06:54,832 [grpc-default-executor-10] INFO  impl.RaftServerProxy (RaftServerProxy.java:remove(95)) - 826a4c15-f032-4805-8cf4-5e11fe4a99d7: remove group-F484CCC1AA7A:null
2019-09-12 04:06:54,835 [RatisPipelineUtilsThread] WARN  pipeline.RatisPipelineUtils (RatisPipelineUtils.java:destroyPipeline(66)) - Pipeline destroy failed for pipeline=PipelineID=743e7b28-aad9-4826-95d5-f484ccc1aa7a dn=826a4c15-f032-4805-8cf4-5e11fe4a99d7{ip: 192.168.34.8, host: pr-hdds-1879-pbs75-1821932185, networkLocation: /default-rack, certSerialId: null}
2019-09-12 04:06:54,838 [grpc-default-executor-10] INFO  impl.RaftServerProxy (RaftServerProxy.java:remove(95)) - fc0aded7-5090-49ad-a6b0-e16cfe155c18: remove group-F484CCC1AA7A:null
2019-09-12 04:06:54,840 [RatisPipelineUtilsThread] WARN  pipeline.RatisPipelineUtils (RatisPipelineUtils.java:destroyPipeline(66)) - Pipeline destroy failed for pipeline=PipelineID=743e7b28-aad9-4826-95d5-f484ccc1aa7a dn=fc0aded7-5090-49ad-a6b0-e16cfe155c18{ip: 192.168.34.8, host: pr-hdds-1879-pbs75-1821932185, networkLocation: /default-rack, certSerialId: null}
2019-09-12 04:06:54,842 [grpc-default-executor-10] INFO  impl.RaftServerProxy (RaftServerProxy.java:remove(95)) - cfbaf9ff-a5d2-4350-abbf-bcb1aefbe8d3: remove group-F484CCC1AA7A:null
2019-09-12 04:06:54,844 [RatisPipelineUtilsThread] WARN  pipeline.RatisPipelineUtils (RatisPipelineUtils.java:destroyPipeline(66)) - Pipeline destroy failed for pipeline=PipelineID=743e7b28-aad9-4826-95d5-f484ccc1aa7a dn=cfbaf9ff-a5d2-4350-abbf-bcb1aefbe8d3{ip: 192.168.34.8, host: pr-hdds-1879-pbs75-1821932185, networkLocation: /default-rack, certSerialId: null}
2019-09-12 04:06:54,844 [RatisPipelineUtilsThread] ERROR pipeline.SCMPipelineManager (Scheduler.java:lambda$schedule$1(70)) - Destroy pipeline failed for pipeline:Pipeline[ Id: 743e7b28-aad9-4826-95d5-f484ccc1aa7a, Nodes: 826a4c15-f032-4805-8cf4-5e11fe4a99d7{ip: 192.168.34.8, host: pr-hdds-1879-pbs75-1821932185, networkLocation: /default-rack, certSerialId: null}fc0aded7-5090-49ad-a6b0-e16cfe155c18{ip: 192.168.34.8, host: pr-hdds-1879-pbs75-1821932185, networkLocation: /default-rack, certSerialId: null}cfbaf9ff-a5d2-4350-abbf-bcb1aefbe8d3{ip: 192.168.34.8, host: pr-hdds-1879-pbs75-1821932185, networkLocation: /default-rack, certSerialId: null}, Type:RATIS, Factor:THREE, State:CLOSED]
org.apache.hadoop.hdds.scm.pipeline.PipelineNotFoundException: PipelineID=743e7b28-aad9-4826-95d5-f484ccc1aa7a not found
	at org.apache.hadoop.hdds.scm.pipeline.PipelineStateMap.getPipeline(PipelineStateMap.java:132)
	at org.apache.hadoop.hdds.scm.pipeline.PipelineStateMap.removePipeline(PipelineStateMap.java:322)
	at org.apache.hadoop.hdds.scm.pipeline.PipelineStateManager.removePipeline(PipelineStateManager.java:107)
	at org.apache.hadoop.hdds.scm.pipeline.SCMPipelineManager.removePipeline(SCMPipelineManager.java:423)
	at org.apache.hadoop.hdds.scm.pipeline.SCMPipelineManager.destroyPipeline(SCMPipelineManager.java:409)
	at org.apache.hadoop.hdds.scm.pipeline.SCMPipelineManager.lambda$finalizeAndDestroyPipeline$0(SCMPipelineManager.java:318)
	at org.apache.hadoop.utils.Scheduler.lambda$schedule$1(Scheduler.java:68)
	at java.util.concurrent.Executors$RunnableAdapter.call(Executors.java:511)
	at java.util.concurrent.FutureTask.run(FutureTask.java:266)
	at java.util.concurrent.ScheduledThreadPoolExecutor$ScheduledFutureTask.access$201(ScheduledThreadPoolExecutor.java:180)
	at java.util.concurrent.ScheduledThreadPoolExecutor$ScheduledFutureTask.run(ScheduledThreadPoolExecutor.java:293)
	at java.util.concurrent.ThreadPoolExecutor.runWorker(ThreadPoolExecutor.java:1149)
	at java.util.concurrent.ThreadPoolExecutor$Worker.run(ThreadPoolExecutor.java:624)
	at java.lang.Thread.run(Thread.java:748)
2019-09-12 04:06:55,703 [grpc-default-executor-10] INFO  client.GrpcClientProtocolClient (GrpcClientProtocolClient.java:onNext(264)) - client-38E6C04ACA0A->41a8e196-af5b-4c71-b4d4-8d03270b35a0: receive RaftClientReply:client-38E6C04ACA0A->41a8e196-af5b-4c71-b4d4-8d03270b35a0@group-1AC969952D72, cid=143, FAILED org.apache.ratis.protocol.NotLeaderException: Server 41a8e196-af5b-4c71-b4d4-8d03270b35a0@group-1AC969952D72 is not the leader d16d800f-a890-4a7a-bda4-5bf97a65c0f2:192.168.34.8:33400, logIndex=0, commits[41a8e196-af5b-4c71-b4d4-8d03270b35a0:c15, e74ea0f8-bf41-4d93-a1fd-ac84c2b46512:c13, d16d800f-a890-4a7a-bda4-5bf97a65c0f2:c15]
2019-09-12 04:06:55,864 [java.util.concurrent.ThreadPoolExecutor$Worker@792bad54[State = -1, empty queue]] WARN  server.GrpcLogAppender (GrpcLogAppender.java:timeoutAppendRequest(200)) - d16d800f-a890-4a7a-bda4-5bf97a65c0f2@group-1AC969952D72->41a8e196-af5b-4c71-b4d4-8d03270b35a0-GrpcLogAppender: appendEntries Timeout, request=d16d800f-a890-4a7a-bda4-5bf97a65c0f2->41a8e196-af5b-4c71-b4d4-8d03270b35a0#107-t1, previous=(t:1, i:21), leaderCommit=15, initializing? false, entries: <empty>
2019-09-12 04:06:55,864 [java.util.concurrent.ThreadPoolExecutor$Worker@4b485f37[State = -1, empty queue]] WARN  server.GrpcLogAppender (GrpcLogAppender.java:timeoutAppendRequest(200)) - d16d800f-a890-4a7a-bda4-5bf97a65c0f2@group-1AC969952D72->e74ea0f8-bf41-4d93-a1fd-ac84c2b46512-GrpcLogAppender: appendEntries Timeout, request=d16d800f-a890-4a7a-bda4-5bf97a65c0f2->e74ea0f8-bf41-4d93-a1fd-ac84c2b46512#107-t1, previous=(t:1, i:21), leaderCommit=15, initializing? false, entries: <empty>
2019-09-12 04:06:57,833 [grpc-default-executor-10] INFO  impl.RaftServerProxy (RaftServerProxy.java:remove(95)) - 826a4c15-f032-4805-8cf4-5e11fe4a99d7: remove group-F484CCC1AA7A:null
2019-09-12 04:06:57,837 [RatisPipelineUtilsThread] WARN  pipeline.RatisPipelineUtils (RatisPipelineUtils.java:destroyPipeline(66)) - Pipeline destroy failed for pipeline=PipelineID=743e7b28-aad9-4826-95d5-f484ccc1aa7a dn=826a4c15-f032-4805-8cf4-5e11fe4a99d7{ip: 192.168.34.8, host: pr-hdds-1879-pbs75-1821932185, networkLocation: /default-rack, certSerialId: null}
2019-09-12 04:06:57,840 [grpc-default-executor-10] INFO  impl.RaftServerProxy (RaftServerProxy.java:remove(95)) - fc0aded7-5090-49ad-a6b0-e16cfe155c18: remove group-F484CCC1AA7A:null
2019-09-12 04:06:57,842 [RatisPipelineUtilsThread] WARN  pipeline.RatisPipelineUtils (RatisPipelineUtils.java:destroyPipeline(66)) - Pipeline destroy failed for pipeline=PipelineID=743e7b28-aad9-4826-95d5-f484ccc1aa7a dn=fc0aded7-5090-49ad-a6b0-e16cfe155c18{ip: 192.168.34.8, host: pr-hdds-1879-pbs75-1821932185, networkLocation: /default-rack, certSerialId: null}
2019-09-12 04:06:57,845 [grpc-default-executor-10] INFO  impl.RaftServerProxy (RaftServerProxy.java:remove(95)) - cfbaf9ff-a5d2-4350-abbf-bcb1aefbe8d3: remove group-F484CCC1AA7A:null
2019-09-12 04:06:57,847 [RatisPipelineUtilsThread] WARN  pipeline.RatisPipelineUtils (RatisPipelineUtils.java:destroyPipeline(66)) - Pipeline destroy failed for pipeline=PipelineID=743e7b28-aad9-4826-95d5-f484ccc1aa7a dn=cfbaf9ff-a5d2-4350-abbf-bcb1aefbe8d3{ip: 192.168.34.8, host: pr-hdds-1879-pbs75-1821932185, networkLocation: /default-rack, certSerialId: null}
2019-09-12 04:06:57,848 [RatisPipelineUtilsThread] ERROR pipeline.SCMPipelineManager (Scheduler.java:lambda$schedule$1(70)) - Destroy pipeline failed for pipeline:Pipeline[ Id: 743e7b28-aad9-4826-95d5-f484ccc1aa7a, Nodes: 826a4c15-f032-4805-8cf4-5e11fe4a99d7{ip: 192.168.34.8, host: pr-hdds-1879-pbs75-1821932185, networkLocation: /default-rack, certSerialId: null}fc0aded7-5090-49ad-a6b0-e16cfe155c18{ip: 192.168.34.8, host: pr-hdds-1879-pbs75-1821932185, networkLocation: /default-rack, certSerialId: null}cfbaf9ff-a5d2-4350-abbf-bcb1aefbe8d3{ip: 192.168.34.8, host: pr-hdds-1879-pbs75-1821932185, networkLocation: /default-rack, certSerialId: null}, Type:RATIS, Factor:THREE, State:CLOSED]
org.apache.hadoop.hdds.scm.pipeline.PipelineNotFoundException: PipelineID=743e7b28-aad9-4826-95d5-f484ccc1aa7a not found
	at org.apache.hadoop.hdds.scm.pipeline.PipelineStateMap.getPipeline(PipelineStateMap.java:132)
	at org.apache.hadoop.hdds.scm.pipeline.PipelineStateMap.removePipeline(PipelineStateMap.java:322)
	at org.apache.hadoop.hdds.scm.pipeline.PipelineStateManager.removePipeline(PipelineStateManager.java:107)
	at org.apache.hadoop.hdds.scm.pipeline.SCMPipelineManager.removePipeline(SCMPipelineManager.java:423)
	at org.apache.hadoop.hdds.scm.pipeline.SCMPipelineManager.destroyPipeline(SCMPipelineManager.java:409)
	at org.apache.hadoop.hdds.scm.pipeline.SCMPipelineManager.lambda$finalizeAndDestroyPipeline$0(SCMPipelineManager.java:318)
	at org.apache.hadoop.utils.Scheduler.lambda$schedule$1(Scheduler.java:68)
	at java.util.concurrent.Executors$RunnableAdapter.call(Executors.java:511)
	at java.util.concurrent.FutureTask.run(FutureTask.java:266)
	at java.util.concurrent.ScheduledThreadPoolExecutor$ScheduledFutureTask.access$201(ScheduledThreadPoolExecutor.java:180)
	at java.util.concurrent.ScheduledThreadPoolExecutor$ScheduledFutureTask.run(ScheduledThreadPoolExecutor.java:293)
	at java.util.concurrent.ThreadPoolExecutor.runWorker(ThreadPoolExecutor.java:1149)
	at java.util.concurrent.ThreadPoolExecutor$Worker.run(ThreadPoolExecutor.java:624)
	at java.lang.Thread.run(Thread.java:748)
2019-09-12 04:06:58,364 [java.util.concurrent.ThreadPoolExecutor$Worker@792bad54[State = -1, empty queue]] WARN  server.GrpcLogAppender (GrpcLogAppender.java:timeoutAppendRequest(200)) - d16d800f-a890-4a7a-bda4-5bf97a65c0f2@group-1AC969952D72->41a8e196-af5b-4c71-b4d4-8d03270b35a0-GrpcLogAppender: appendEntries Timeout, request=d16d800f-a890-4a7a-bda4-5bf97a65c0f2->41a8e196-af5b-4c71-b4d4-8d03270b35a0#108-t1, previous=(t:1, i:21), leaderCommit=15, initializing? false, entries: <empty>
2019-09-12 04:06:58,364 [java.util.concurrent.ThreadPoolExecutor$Worker@4b485f37[State = -1, empty queue]] WARN  server.GrpcLogAppender (GrpcLogAppender.java:timeoutAppendRequest(200)) - d16d800f-a890-4a7a-bda4-5bf97a65c0f2@group-1AC969952D72->e74ea0f8-bf41-4d93-a1fd-ac84c2b46512-GrpcLogAppender: appendEntries Timeout, request=d16d800f-a890-4a7a-bda4-5bf97a65c0f2->e74ea0f8-bf41-4d93-a1fd-ac84c2b46512#108-t1, previous=(t:1, i:21), leaderCommit=15, initializing? false, entries: <empty>
2019-09-12 04:06:59,831 [grpc-default-executor-8] INFO  impl.RaftServerProxy (RaftServerProxy.java:remove(95)) - 826a4c15-f032-4805-8cf4-5e11fe4a99d7: remove group-F484CCC1AA7A:null
2019-09-12 04:06:59,835 [RatisPipelineUtilsThread] WARN  pipeline.RatisPipelineUtils (RatisPipelineUtils.java:destroyPipeline(66)) - Pipeline destroy failed for pipeline=PipelineID=743e7b28-aad9-4826-95d5-f484ccc1aa7a dn=826a4c15-f032-4805-8cf4-5e11fe4a99d7{ip: 192.168.34.8, host: pr-hdds-1879-pbs75-1821932185, networkLocation: /default-rack, certSerialId: null}
2019-09-12 04:06:59,838 [grpc-default-executor-8] INFO  impl.RaftServerProxy (RaftServerProxy.java:remove(95)) - fc0aded7-5090-49ad-a6b0-e16cfe155c18: remove group-F484CCC1AA7A:null
2019-09-12 04:06:59,841 [RatisPipelineUtilsThread] WARN  pipeline.RatisPipelineUtils (RatisPipelineUtils.java:destroyPipeline(66)) - Pipeline destroy failed for pipeline=PipelineID=743e7b28-aad9-4826-95d5-f484ccc1aa7a dn=fc0aded7-5090-49ad-a6b0-e16cfe155c18{ip: 192.168.34.8, host: pr-hdds-1879-pbs75-1821932185, networkLocation: /default-rack, certSerialId: null}
2019-09-12 04:06:59,844 [grpc-default-executor-8] INFO  impl.RaftServerProxy (RaftServerProxy.java:remove(95)) - cfbaf9ff-a5d2-4350-abbf-bcb1aefbe8d3: remove group-F484CCC1AA7A:null
2019-09-12 04:06:59,846 [RatisPipelineUtilsThread] WARN  pipeline.RatisPipelineUtils (RatisPipelineUtils.java:destroyPipeline(66)) - Pipeline destroy failed for pipeline=PipelineID=743e7b28-aad9-4826-95d5-f484ccc1aa7a dn=cfbaf9ff-a5d2-4350-abbf-bcb1aefbe8d3{ip: 192.168.34.8, host: pr-hdds-1879-pbs75-1821932185, networkLocation: /default-rack, certSerialId: null}
2019-09-12 04:06:59,846 [RatisPipelineUtilsThread] ERROR pipeline.SCMPipelineManager (Scheduler.java:lambda$schedule$1(70)) - Destroy pipeline failed for pipeline:Pipeline[ Id: 743e7b28-aad9-4826-95d5-f484ccc1aa7a, Nodes: 826a4c15-f032-4805-8cf4-5e11fe4a99d7{ip: 192.168.34.8, host: pr-hdds-1879-pbs75-1821932185, networkLocation: /default-rack, certSerialId: null}fc0aded7-5090-49ad-a6b0-e16cfe155c18{ip: 192.168.34.8, host: pr-hdds-1879-pbs75-1821932185, networkLocation: /default-rack, certSerialId: null}cfbaf9ff-a5d2-4350-abbf-bcb1aefbe8d3{ip: 192.168.34.8, host: pr-hdds-1879-pbs75-1821932185, networkLocation: /default-rack, certSerialId: null}, Type:RATIS, Factor:THREE, State:CLOSED]
org.apache.hadoop.hdds.scm.pipeline.PipelineNotFoundException: PipelineID=743e7b28-aad9-4826-95d5-f484ccc1aa7a not found
	at org.apache.hadoop.hdds.scm.pipeline.PipelineStateMap.getPipeline(PipelineStateMap.java:132)
	at org.apache.hadoop.hdds.scm.pipeline.PipelineStateMap.removePipeline(PipelineStateMap.java:322)
	at org.apache.hadoop.hdds.scm.pipeline.PipelineStateManager.removePipeline(PipelineStateManager.java:107)
	at org.apache.hadoop.hdds.scm.pipeline.SCMPipelineManager.removePipeline(SCMPipelineManager.java:423)
	at org.apache.hadoop.hdds.scm.pipeline.SCMPipelineManager.destroyPipeline(SCMPipelineManager.java:409)
	at org.apache.hadoop.hdds.scm.pipeline.SCMPipelineManager.lambda$finalizeAndDestroyPipeline$0(SCMPipelineManager.java:318)
	at org.apache.hadoop.utils.Scheduler.lambda$schedule$1(Scheduler.java:68)
	at java.util.concurrent.Executors$RunnableAdapter.call(Executors.java:511)
	at java.util.concurrent.FutureTask.run(FutureTask.java:266)
	at java.util.concurrent.ScheduledThreadPoolExecutor$ScheduledFutureTask.access$201(ScheduledThreadPoolExecutor.java:180)
	at java.util.concurrent.ScheduledThreadPoolExecutor$ScheduledFutureTask.run(ScheduledThreadPoolExecutor.java:293)
	at java.util.concurrent.ThreadPoolExecutor.runWorker(ThreadPoolExecutor.java:1149)
	at java.util.concurrent.ThreadPoolExecutor$Worker.run(ThreadPoolExecutor.java:624)
	at java.lang.Thread.run(Thread.java:748)
2019-09-12 04:07:00,360 [e74ea0f8-bf41-4d93-a1fd-ac84c2b46512@group-1AC969952D72-SegmentedRaftLogWorker] WARN  segmented.SegmentedRaftLogWorker (SegmentedRaftLogWorker.java:getFromFuture(90)) - Timeout 3/~
org.apache.ratis.protocol.TimeoutIOException: Timeout 10s: WriteLog:16: (t:1, i:16), STATEMACHINELOGENTRY, client-38E6C04ACA0A, cid=143-writeStateMachineData
	at org.apache.ratis.util.IOUtils.getFromFuture(IOUtils.java:87)
	at org.apache.ratis.server.raftlog.segmented.SegmentedRaftLogWorker$StateMachineDataPolicy.getFromFuture(SegmentedRaftLogWorker.java:87)
	at org.apache.ratis.server.raftlog.segmented.SegmentedRaftLogWorker$WriteLog.execute(SegmentedRaftLogWorker.java:477)
	at org.apache.ratis.server.raftlog.segmented.SegmentedRaftLogWorker.run(SegmentedRaftLogWorker.java:289)
	at java.lang.Thread.run(Thread.java:748)
Caused by: java.util.concurrent.TimeoutException
	at java.util.concurrent.CompletableFuture.timedGet(CompletableFuture.java:1771)
	at java.util.concurrent.CompletableFuture.get(CompletableFuture.java:1915)
	at org.apache.ratis.util.IOUtils.getFromFuture(IOUtils.java:79)
	... 4 more
2019-09-12 04:07:00,504 [41a8e196-af5b-4c71-b4d4-8d03270b35a0@group-1AC969952D72-SegmentedRaftLogWorker] WARN  segmented.SegmentedRaftLogWorker (SegmentedRaftLogWorker.java:getFromFuture(90)) - Timeout 3/~
org.apache.ratis.protocol.TimeoutIOException: Timeout 10s: WriteLog:19: (t:1, i:19), STATEMACHINELOGENTRY, client-38E6C04ACA0A, cid=146-writeStateMachineData
	at org.apache.ratis.util.IOUtils.getFromFuture(IOUtils.java:87)
	at org.apache.ratis.server.raftlog.segmented.SegmentedRaftLogWorker$StateMachineDataPolicy.getFromFuture(SegmentedRaftLogWorker.java:87)
	at org.apache.ratis.server.raftlog.segmented.SegmentedRaftLogWorker$WriteLog.execute(SegmentedRaftLogWorker.java:477)
	at org.apache.ratis.server.raftlog.segmented.SegmentedRaftLogWorker.run(SegmentedRaftLogWorker.java:289)
	at java.lang.Thread.run(Thread.java:748)
Caused by: java.util.concurrent.TimeoutException
	at java.util.concurrent.CompletableFuture.timedGet(CompletableFuture.java:1771)
	at java.util.concurrent.CompletableFuture.get(CompletableFuture.java:1915)
	at org.apache.ratis.util.IOUtils.getFromFuture(IOUtils.java:79)
	... 4 more
2019-09-12 04:07:00,517 [d16d800f-a890-4a7a-bda4-5bf97a65c0f2@group-1AC969952D72-SegmentedRaftLogWorker] WARN  segmented.SegmentedRaftLogWorker (SegmentedRaftLogWorker.java:getFromFuture(90)) - Timeout 3/~
org.apache.ratis.protocol.TimeoutIOException: Timeout 10s: WriteLog:17: (t:1, i:17), STATEMACHINELOGENTRY, client-38E6C04ACA0A, cid=144-writeStateMachineData
	at org.apache.ratis.util.IOUtils.getFromFuture(IOUtils.java:87)
	at org.apache.ratis.server.raftlog.segmented.SegmentedRaftLogWorker$StateMachineDataPolicy.getFromFuture(SegmentedRaftLogWorker.java:87)
	at org.apache.ratis.server.raftlog.segmented.SegmentedRaftLogWorker$WriteLog.execute(SegmentedRaftLogWorker.java:477)
	at org.apache.ratis.server.raftlog.segmented.SegmentedRaftLogWorker.run(SegmentedRaftLogWorker.java:289)
	at java.lang.Thread.run(Thread.java:748)
Caused by: java.util.concurrent.TimeoutException
	at java.util.concurrent.CompletableFuture.timedGet(CompletableFuture.java:1771)
	at java.util.concurrent.CompletableFuture.get(CompletableFuture.java:1915)
	at org.apache.ratis.util.IOUtils.getFromFuture(IOUtils.java:79)
	... 4 more
2019-09-12 04:07:00,739 [grpc-default-executor-10] INFO  client.GrpcClientProtocolClient (GrpcClientProtocolClient.java:onNext(264)) - client-38E6C04ACA0A->e74ea0f8-bf41-4d93-a1fd-ac84c2b46512: receive RaftClientReply:client-38E6C04ACA0A->e74ea0f8-bf41-4d93-a1fd-ac84c2b46512@group-1AC969952D72, cid=143, FAILED org.apache.ratis.protocol.NotLeaderException: Server e74ea0f8-bf41-4d93-a1fd-ac84c2b46512@group-1AC969952D72 is not the leader d16d800f-a890-4a7a-bda4-5bf97a65c0f2:192.168.34.8:33400, logIndex=0, commits[e74ea0f8-bf41-4d93-a1fd-ac84c2b46512:c15, 41a8e196-af5b-4c71-b4d4-8d03270b35a0:c13, d16d800f-a890-4a7a-bda4-5bf97a65c0f2:c15]
2019-09-12 04:07:00,864 [java.util.concurrent.ThreadPoolExecutor$Worker@4b485f37[State = -1, empty queue]] WARN  server.GrpcLogAppender (GrpcLogAppender.java:timeoutAppendRequest(200)) - d16d800f-a890-4a7a-bda4-5bf97a65c0f2@group-1AC969952D72->e74ea0f8-bf41-4d93-a1fd-ac84c2b46512-GrpcLogAppender: appendEntries Timeout, request=d16d800f-a890-4a7a-bda4-5bf97a65c0f2->e74ea0f8-bf41-4d93-a1fd-ac84c2b46512#109-t1, previous=(t:1, i:21), leaderCommit=15, initializing? false, entries: <empty>
2019-09-12 04:07:00,864 [java.util.concurrent.ThreadPoolExecutor$Worker@792bad54[State = -1, empty queue]] WARN  server.GrpcLogAppender (GrpcLogAppender.java:timeoutAppendRequest(200)) - d16d800f-a890-4a7a-bda4-5bf97a65c0f2@group-1AC969952D72->41a8e196-af5b-4c71-b4d4-8d03270b35a0-GrpcLogAppender: appendEntries Timeout, request=d16d800f-a890-4a7a-bda4-5bf97a65c0f2->41a8e196-af5b-4c71-b4d4-8d03270b35a0#109-t1, previous=(t:1, i:21), leaderCommit=15, initializing? false, entries: <empty>
2019-09-12 04:07:02,837 [grpc-default-executor-8] INFO  impl.RaftServerProxy (RaftServerProxy.java:remove(95)) - 826a4c15-f032-4805-8cf4-5e11fe4a99d7: remove group-F484CCC1AA7A:null
2019-09-12 04:07:02,842 [RatisPipelineUtilsThread] WARN  pipeline.RatisPipelineUtils (RatisPipelineUtils.java:destroyPipeline(66)) - Pipeline destroy failed for pipeline=PipelineID=743e7b28-aad9-4826-95d5-f484ccc1aa7a dn=826a4c15-f032-4805-8cf4-5e11fe4a99d7{ip: 192.168.34.8, host: pr-hdds-1879-pbs75-1821932185, networkLocation: /default-rack, certSerialId: null}
2019-09-12 04:07:02,845 [grpc-default-executor-8] INFO  impl.RaftServerProxy (RaftServerProxy.java:remove(95)) - fc0aded7-5090-49ad-a6b0-e16cfe155c18: remove group-F484CCC1AA7A:null
2019-09-12 04:07:02,847 [RatisPipelineUtilsThread] WARN  pipeline.RatisPipelineUtils (RatisPipelineUtils.java:destroyPipeline(66)) - Pipeline destroy failed for pipeline=PipelineID=743e7b28-aad9-4826-95d5-f484ccc1aa7a dn=fc0aded7-5090-49ad-a6b0-e16cfe155c18{ip: 192.168.34.8, host: pr-hdds-1879-pbs75-1821932185, networkLocation: /default-rack, certSerialId: null}
2019-09-12 04:07:02,850 [grpc-default-executor-8] INFO  impl.RaftServerProxy (RaftServerProxy.java:remove(95)) - cfbaf9ff-a5d2-4350-abbf-bcb1aefbe8d3: remove group-F484CCC1AA7A:null
2019-09-12 04:07:02,852 [RatisPipelineUtilsThread] WARN  pipeline.RatisPipelineUtils (RatisPipelineUtils.java:destroyPipeline(66)) - Pipeline destroy failed for pipeline=PipelineID=743e7b28-aad9-4826-95d5-f484ccc1aa7a dn=cfbaf9ff-a5d2-4350-abbf-bcb1aefbe8d3{ip: 192.168.34.8, host: pr-hdds-1879-pbs75-1821932185, networkLocation: /default-rack, certSerialId: null}
2019-09-12 04:07:02,853 [RatisPipelineUtilsThread] ERROR pipeline.SCMPipelineManager (Scheduler.java:lambda$schedule$1(70)) - Destroy pipeline failed for pipeline:Pipeline[ Id: 743e7b28-aad9-4826-95d5-f484ccc1aa7a, Nodes: 826a4c15-f032-4805-8cf4-5e11fe4a99d7{ip: 192.168.34.8, host: pr-hdds-1879-pbs75-1821932185, networkLocation: /default-rack, certSerialId: null}fc0aded7-5090-49ad-a6b0-e16cfe155c18{ip: 192.168.34.8, host: pr-hdds-1879-pbs75-1821932185, networkLocation: /default-rack, certSerialId: null}cfbaf9ff-a5d2-4350-abbf-bcb1aefbe8d3{ip: 192.168.34.8, host: pr-hdds-1879-pbs75-1821932185, networkLocation: /default-rack, certSerialId: null}, Type:RATIS, Factor:THREE, State:CLOSED]
org.apache.hadoop.hdds.scm.pipeline.PipelineNotFoundException: PipelineID=743e7b28-aad9-4826-95d5-f484ccc1aa7a not found
	at org.apache.hadoop.hdds.scm.pipeline.PipelineStateMap.getPipeline(PipelineStateMap.java:132)
	at org.apache.hadoop.hdds.scm.pipeline.PipelineStateMap.removePipeline(PipelineStateMap.java:322)
	at org.apache.hadoop.hdds.scm.pipeline.PipelineStateManager.removePipeline(PipelineStateManager.java:107)
	at org.apache.hadoop.hdds.scm.pipeline.SCMPipelineManager.removePipeline(SCMPipelineManager.java:423)
	at org.apache.hadoop.hdds.scm.pipeline.SCMPipelineManager.destroyPipeline(SCMPipelineManager.java:409)
	at org.apache.hadoop.hdds.scm.pipeline.SCMPipelineManager.lambda$finalizeAndDestroyPipeline$0(SCMPipelineManager.java:318)
	at org.apache.hadoop.utils.Scheduler.lambda$schedule$1(Scheduler.java:68)
	at java.util.concurrent.Executors$RunnableAdapter.call(Executors.java:511)
	at java.util.concurrent.FutureTask.run(FutureTask.java:266)
	at java.util.concurrent.ScheduledThreadPoolExecutor$ScheduledFutureTask.access$201(ScheduledThreadPoolExecutor.java:180)
	at java.util.concurrent.ScheduledThreadPoolExecutor$ScheduledFutureTask.run(ScheduledThreadPoolExecutor.java:293)
	at java.util.concurrent.ThreadPoolExecutor.runWorker(ThreadPoolExecutor.java:1149)
	at java.util.concurrent.ThreadPoolExecutor$Worker.run(ThreadPoolExecutor.java:624)
	at java.lang.Thread.run(Thread.java:748)
2019-09-12 04:07:03,365 [java.util.concurrent.ThreadPoolExecutor$Worker@4b485f37[State = -1, empty queue]] WARN  server.GrpcLogAppender (GrpcLogAppender.java:timeoutAppendRequest(200)) - d16d800f-a890-4a7a-bda4-5bf97a65c0f2@group-1AC969952D72->e74ea0f8-bf41-4d93-a1fd-ac84c2b46512-GrpcLogAppender: appendEntries Timeout, request=d16d800f-a890-4a7a-bda4-5bf97a65c0f2->e74ea0f8-bf41-4d93-a1fd-ac84c2b46512#110-t1, previous=(t:1, i:21), leaderCommit=15, initializing? false, entries: <empty>
2019-09-12 04:07:03,365 [java.util.concurrent.ThreadPoolExecutor$Worker@792bad54[State = -1, empty queue]] WARN  server.GrpcLogAppender (GrpcLogAppender.java:timeoutAppendRequest(200)) - d16d800f-a890-4a7a-bda4-5bf97a65c0f2@group-1AC969952D72->41a8e196-af5b-4c71-b4d4-8d03270b35a0-GrpcLogAppender: appendEntries Timeout, request=d16d800f-a890-4a7a-bda4-5bf97a65c0f2->41a8e196-af5b-4c71-b4d4-8d03270b35a0#110-t1, previous=(t:1, i:21), leaderCommit=15, initializing? false, entries: <empty>
2019-09-12 04:07:04,832 [grpc-default-executor-10] INFO  impl.RaftServerProxy (RaftServerProxy.java:remove(95)) - 826a4c15-f032-4805-8cf4-5e11fe4a99d7: remove group-F484CCC1AA7A:null
2019-09-12 04:07:04,835 [RatisPipelineUtilsThread] WARN  pipeline.RatisPipelineUtils (RatisPipelineUtils.java:destroyPipeline(66)) - Pipeline destroy failed for pipeline=PipelineID=743e7b28-aad9-4826-95d5-f484ccc1aa7a dn=826a4c15-f032-4805-8cf4-5e11fe4a99d7{ip: 192.168.34.8, host: pr-hdds-1879-pbs75-1821932185, networkLocation: /default-rack, certSerialId: null}
2019-09-12 04:07:04,838 [grpc-default-executor-10] INFO  impl.RaftServerProxy (RaftServerProxy.java:remove(95)) - fc0aded7-5090-49ad-a6b0-e16cfe155c18: remove group-F484CCC1AA7A:null
2019-09-12 04:07:04,842 [RatisPipelineUtilsThread] WARN  pipeline.RatisPipelineUtils (RatisPipelineUtils.java:destroyPipeline(66)) - Pipeline destroy failed for pipeline=PipelineID=743e7b28-aad9-4826-95d5-f484ccc1aa7a dn=fc0aded7-5090-49ad-a6b0-e16cfe155c18{ip: 192.168.34.8, host: pr-hdds-1879-pbs75-1821932185, networkLocation: /default-rack, certSerialId: null}
2019-09-12 04:07:04,845 [grpc-default-executor-10] INFO  impl.RaftServerProxy (RaftServerProxy.java:remove(95)) - cfbaf9ff-a5d2-4350-abbf-bcb1aefbe8d3: remove group-F484CCC1AA7A:null
2019-09-12 04:07:04,848 [RatisPipelineUtilsThread] WARN  pipeline.RatisPipelineUtils (RatisPipelineUtils.java:destroyPipeline(66)) - Pipeline destroy failed for pipeline=PipelineID=743e7b28-aad9-4826-95d5-f484ccc1aa7a dn=cfbaf9ff-a5d2-4350-abbf-bcb1aefbe8d3{ip: 192.168.34.8, host: pr-hdds-1879-pbs75-1821932185, networkLocation: /default-rack, certSerialId: null}
2019-09-12 04:07:04,848 [RatisPipelineUtilsThread] ERROR pipeline.SCMPipelineManager (Scheduler.java:lambda$schedule$1(70)) - Destroy pipeline failed for pipeline:Pipeline[ Id: 743e7b28-aad9-4826-95d5-f484ccc1aa7a, Nodes: 826a4c15-f032-4805-8cf4-5e11fe4a99d7{ip: 192.168.34.8, host: pr-hdds-1879-pbs75-1821932185, networkLocation: /default-rack, certSerialId: null}fc0aded7-5090-49ad-a6b0-e16cfe155c18{ip: 192.168.34.8, host: pr-hdds-1879-pbs75-1821932185, networkLocation: /default-rack, certSerialId: null}cfbaf9ff-a5d2-4350-abbf-bcb1aefbe8d3{ip: 192.168.34.8, host: pr-hdds-1879-pbs75-1821932185, networkLocation: /default-rack, certSerialId: null}, Type:RATIS, Factor:THREE, State:CLOSED]
org.apache.hadoop.hdds.scm.pipeline.PipelineNotFoundException: PipelineID=743e7b28-aad9-4826-95d5-f484ccc1aa7a not found
	at org.apache.hadoop.hdds.scm.pipeline.PipelineStateMap.getPipeline(PipelineStateMap.java:132)
	at org.apache.hadoop.hdds.scm.pipeline.PipelineStateMap.removePipeline(PipelineStateMap.java:322)
	at org.apache.hadoop.hdds.scm.pipeline.PipelineStateManager.removePipeline(PipelineStateManager.java:107)
	at org.apache.hadoop.hdds.scm.pipeline.SCMPipelineManager.removePipeline(SCMPipelineManager.java:423)
	at org.apache.hadoop.hdds.scm.pipeline.SCMPipelineManager.destroyPipeline(SCMPipelineManager.java:409)
	at org.apache.hadoop.hdds.scm.pipeline.SCMPipelineManager.lambda$finalizeAndDestroyPipeline$0(SCMPipelineManager.java:318)
	at org.apache.hadoop.utils.Scheduler.lambda$schedule$1(Scheduler.java:68)
	at java.util.concurrent.Executors$RunnableAdapter.call(Executors.java:511)
	at java.util.concurrent.FutureTask.run(FutureTask.java:266)
	at java.util.concurrent.ScheduledThreadPoolExecutor$ScheduledFutureTask.access$201(ScheduledThreadPoolExecutor.java:180)
	at java.util.concurrent.ScheduledThreadPoolExecutor$ScheduledFutureTask.run(ScheduledThreadPoolExecutor.java:293)
	at java.util.concurrent.ThreadPoolExecutor.runWorker(ThreadPoolExecutor.java:1149)
	at java.util.concurrent.ThreadPoolExecutor$Worker.run(ThreadPoolExecutor.java:624)
	at java.lang.Thread.run(Thread.java:748)
2019-09-12 04:07:05,779 [grpc-default-executor-8] INFO  client.GrpcClientProtocolClient (GrpcClientProtocolClient.java:onNext(264)) - client-38E6C04ACA0A->e74ea0f8-bf41-4d93-a1fd-ac84c2b46512: receive RaftClientReply:client-38E6C04ACA0A->e74ea0f8-bf41-4d93-a1fd-ac84c2b46512@group-1AC969952D72, cid=143, FAILED org.apache.ratis.protocol.NotLeaderException: Server e74ea0f8-bf41-4d93-a1fd-ac84c2b46512@group-1AC969952D72 is not the leader d16d800f-a890-4a7a-bda4-5bf97a65c0f2:192.168.34.8:33400, logIndex=0, commits[e74ea0f8-bf41-4d93-a1fd-ac84c2b46512:c15, 41a8e196-af5b-4c71-b4d4-8d03270b35a0:c13, d16d800f-a890-4a7a-bda4-5bf97a65c0f2:c15]
2019-09-12 04:07:05,865 [java.util.concurrent.ThreadPoolExecutor$Worker@4b485f37[State = -1, empty queue]] WARN  server.GrpcLogAppender (GrpcLogAppender.java:timeoutAppendRequest(200)) - d16d800f-a890-4a7a-bda4-5bf97a65c0f2@group-1AC969952D72->e74ea0f8-bf41-4d93-a1fd-ac84c2b46512-GrpcLogAppender: appendEntries Timeout, request=d16d800f-a890-4a7a-bda4-5bf97a65c0f2->e74ea0f8-bf41-4d93-a1fd-ac84c2b46512#111-t1, previous=(t:1, i:21), leaderCommit=15, initializing? false, entries: <empty>
2019-09-12 04:07:05,865 [java.util.concurrent.ThreadPoolExecutor$Worker@792bad54[State = -1, empty queue]] WARN  server.GrpcLogAppender (GrpcLogAppender.java:timeoutAppendRequest(200)) - d16d800f-a890-4a7a-bda4-5bf97a65c0f2@group-1AC969952D72->41a8e196-af5b-4c71-b4d4-8d03270b35a0-GrpcLogAppender: appendEntries Timeout, request=d16d800f-a890-4a7a-bda4-5bf97a65c0f2->41a8e196-af5b-4c71-b4d4-8d03270b35a0#111-t1, previous=(t:1, i:21), leaderCommit=15, initializing? false, entries: <empty>
2019-09-12 04:07:07,831 [grpc-default-executor-8] INFO  impl.RaftServerProxy (RaftServerProxy.java:remove(95)) - 826a4c15-f032-4805-8cf4-5e11fe4a99d7: remove group-F484CCC1AA7A:null
2019-09-12 04:07:07,834 [RatisPipelineUtilsThread] WARN  pipeline.RatisPipelineUtils (RatisPipelineUtils.java:destroyPipeline(66)) - Pipeline destroy failed for pipeline=PipelineID=743e7b28-aad9-4826-95d5-f484ccc1aa7a dn=826a4c15-f032-4805-8cf4-5e11fe4a99d7{ip: 192.168.34.8, host: pr-hdds-1879-pbs75-1821932185, networkLocation: /default-rack, certSerialId: null}
2019-09-12 04:07:07,837 [grpc-default-executor-8] INFO  impl.RaftServerProxy (RaftServerProxy.java:remove(95)) - fc0aded7-5090-49ad-a6b0-e16cfe155c18: remove group-F484CCC1AA7A:null
2019-09-12 04:07:07,838 [RatisPipelineUtilsThread] WARN  pipeline.RatisPipelineUtils (RatisPipelineUtils.java:destroyPipeline(66)) - Pipeline destroy failed for pipeline=PipelineID=743e7b28-aad9-4826-95d5-f484ccc1aa7a dn=fc0aded7-5090-49ad-a6b0-e16cfe155c18{ip: 192.168.34.8, host: pr-hdds-1879-pbs75-1821932185, networkLocation: /default-rack, certSerialId: null}
2019-09-12 04:07:07,841 [grpc-default-executor-8] INFO  impl.RaftServerProxy (RaftServerProxy.java:remove(95)) - cfbaf9ff-a5d2-4350-abbf-bcb1aefbe8d3: remove group-F484CCC1AA7A:null
2019-09-12 04:07:07,843 [RatisPipelineUtilsThread] WARN  pipeline.RatisPipelineUtils (RatisPipelineUtils.java:destroyPipeline(66)) - Pipeline destroy failed for pipeline=PipelineID=743e7b28-aad9-4826-95d5-f484ccc1aa7a dn=cfbaf9ff-a5d2-4350-abbf-bcb1aefbe8d3{ip: 192.168.34.8, host: pr-hdds-1879-pbs75-1821932185, networkLocation: /default-rack, certSerialId: null}
2019-09-12 04:07:07,843 [RatisPipelineUtilsThread] ERROR pipeline.SCMPipelineManager (Scheduler.java:lambda$schedule$1(70)) - Destroy pipeline failed for pipeline:Pipeline[ Id: 743e7b28-aad9-4826-95d5-f484ccc1aa7a, Nodes: 826a4c15-f032-4805-8cf4-5e11fe4a99d7{ip: 192.168.34.8, host: pr-hdds-1879-pbs75-1821932185, networkLocation: /default-rack, certSerialId: null}fc0aded7-5090-49ad-a6b0-e16cfe155c18{ip: 192.168.34.8, host: pr-hdds-1879-pbs75-1821932185, networkLocation: /default-rack, certSerialId: null}cfbaf9ff-a5d2-4350-abbf-bcb1aefbe8d3{ip: 192.168.34.8, host: pr-hdds-1879-pbs75-1821932185, networkLocation: /default-rack, certSerialId: null}, Type:RATIS, Factor:THREE, State:CLOSED]
org.apache.hadoop.hdds.scm.pipeline.PipelineNotFoundException: PipelineID=743e7b28-aad9-4826-95d5-f484ccc1aa7a not found
	at org.apache.hadoop.hdds.scm.pipeline.PipelineStateMap.getPipeline(PipelineStateMap.java:132)
	at org.apache.hadoop.hdds.scm.pipeline.PipelineStateMap.removePipeline(PipelineStateMap.java:322)
	at org.apache.hadoop.hdds.scm.pipeline.PipelineStateManager.removePipeline(PipelineStateManager.java:107)
	at org.apache.hadoop.hdds.scm.pipeline.SCMPipelineManager.removePipeline(SCMPipelineManager.java:423)
	at org.apache.hadoop.hdds.scm.pipeline.SCMPipelineManager.destroyPipeline(SCMPipelineManager.java:409)
	at org.apache.hadoop.hdds.scm.pipeline.SCMPipelineManager.lambda$finalizeAndDestroyPipeline$0(SCMPipelineManager.java:318)
	at org.apache.hadoop.utils.Scheduler.lambda$schedule$1(Scheduler.java:68)
	at java.util.concurrent.Executors$RunnableAdapter.call(Executors.java:511)
	at java.util.concurrent.FutureTask.run(FutureTask.java:266)
	at java.util.concurrent.ScheduledThreadPoolExecutor$ScheduledFutureTask.access$201(ScheduledThreadPoolExecutor.java:180)
	at java.util.concurrent.ScheduledThreadPoolExecutor$ScheduledFutureTask.run(ScheduledThreadPoolExecutor.java:293)
	at java.util.concurrent.ThreadPoolExecutor.runWorker(ThreadPoolExecutor.java:1149)
	at java.util.concurrent.ThreadPoolExecutor$Worker.run(ThreadPoolExecutor.java:624)
	at java.lang.Thread.run(Thread.java:748)
2019-09-12 04:07:08,365 [java.util.concurrent.ThreadPoolExecutor$Worker@4b485f37[State = -1, empty queue]] WARN  server.GrpcLogAppender (GrpcLogAppender.java:timeoutAppendRequest(200)) - d16d800f-a890-4a7a-bda4-5bf97a65c0f2@group-1AC969952D72->e74ea0f8-bf41-4d93-a1fd-ac84c2b46512-GrpcLogAppender: appendEntries Timeout, request=d16d800f-a890-4a7a-bda4-5bf97a65c0f2->e74ea0f8-bf41-4d93-a1fd-ac84c2b46512#112-t1, previous=(t:1, i:21), leaderCommit=15, initializing? false, entries: <empty>
2019-09-12 04:07:08,365 [java.util.concurrent.ThreadPoolExecutor$Worker@792bad54[State = -1, empty queue]] WARN  server.GrpcLogAppender (GrpcLogAppender.java:timeoutAppendRequest(200)) - d16d800f-a890-4a7a-bda4-5bf97a65c0f2@group-1AC969952D72->41a8e196-af5b-4c71-b4d4-8d03270b35a0-GrpcLogAppender: appendEntries Timeout, request=d16d800f-a890-4a7a-bda4-5bf97a65c0f2->41a8e196-af5b-4c71-b4d4-8d03270b35a0#112-t1, previous=(t:1, i:21), leaderCommit=15, initializing? false, entries: <empty>
2019-09-12 04:07:09,832 [grpc-default-executor-10] INFO  impl.RaftServerProxy (RaftServerProxy.java:remove(95)) - 826a4c15-f032-4805-8cf4-5e11fe4a99d7: remove group-F484CCC1AA7A:null
2019-09-12 04:07:09,835 [RatisPipelineUtilsThread] WARN  pipeline.RatisPipelineUtils (RatisPipelineUtils.java:destroyPipeline(66)) - Pipeline destroy failed for pipeline=PipelineID=743e7b28-aad9-4826-95d5-f484ccc1aa7a dn=826a4c15-f032-4805-8cf4-5e11fe4a99d7{ip: 192.168.34.8, host: pr-hdds-1879-pbs75-1821932185, networkLocation: /default-rack, certSerialId: null}
2019-09-12 04:07:09,837 [grpc-default-executor-10] INFO  impl.RaftServerProxy (RaftServerProxy.java:remove(95)) - fc0aded7-5090-49ad-a6b0-e16cfe155c18: remove group-F484CCC1AA7A:null
2019-09-12 04:07:09,839 [RatisPipelineUtilsThread] WARN  pipeline.RatisPipelineUtils (RatisPipelineUtils.java:destroyPipeline(66)) - Pipeline destroy failed for pipeline=PipelineID=743e7b28-aad9-4826-95d5-f484ccc1aa7a dn=fc0aded7-5090-49ad-a6b0-e16cfe155c18{ip: 192.168.34.8, host: pr-hdds-1879-pbs75-1821932185, networkLocation: /default-rack, certSerialId: null}
2019-09-12 04:07:09,841 [grpc-default-executor-10] INFO  impl.RaftServerProxy (RaftServerProxy.java:remove(95)) - cfbaf9ff-a5d2-4350-abbf-bcb1aefbe8d3: remove group-F484CCC1AA7A:null
2019-09-12 04:07:09,843 [RatisPipelineUtilsThread] WARN  pipeline.RatisPipelineUtils (RatisPipelineUtils.java:destroyPipeline(66)) - Pipeline destroy failed for pipeline=PipelineID=743e7b28-aad9-4826-95d5-f484ccc1aa7a dn=cfbaf9ff-a5d2-4350-abbf-bcb1aefbe8d3{ip: 192.168.34.8, host: pr-hdds-1879-pbs75-1821932185, networkLocation: /default-rack, certSerialId: null}
2019-09-12 04:07:09,843 [RatisPipelineUtilsThread] ERROR pipeline.SCMPipelineManager (Scheduler.java:lambda$schedule$1(70)) - Destroy pipeline failed for pipeline:Pipeline[ Id: 743e7b28-aad9-4826-95d5-f484ccc1aa7a, Nodes: 826a4c15-f032-4805-8cf4-5e11fe4a99d7{ip: 192.168.34.8, host: pr-hdds-1879-pbs75-1821932185, networkLocation: /default-rack, certSerialId: null}fc0aded7-5090-49ad-a6b0-e16cfe155c18{ip: 192.168.34.8, host: pr-hdds-1879-pbs75-1821932185, networkLocation: /default-rack, certSerialId: null}cfbaf9ff-a5d2-4350-abbf-bcb1aefbe8d3{ip: 192.168.34.8, host: pr-hdds-1879-pbs75-1821932185, networkLocation: /default-rack, certSerialId: null}, Type:RATIS, Factor:THREE, State:CLOSED]
org.apache.hadoop.hdds.scm.pipeline.PipelineNotFoundException: PipelineID=743e7b28-aad9-4826-95d5-f484ccc1aa7a not found
	at org.apache.hadoop.hdds.scm.pipeline.PipelineStateMap.getPipeline(PipelineStateMap.java:132)
	at org.apache.hadoop.hdds.scm.pipeline.PipelineStateMap.removePipeline(PipelineStateMap.java:322)
	at org.apache.hadoop.hdds.scm.pipeline.PipelineStateManager.removePipeline(PipelineStateManager.java:107)
	at org.apache.hadoop.hdds.scm.pipeline.SCMPipelineManager.removePipeline(SCMPipelineManager.java:423)
	at org.apache.hadoop.hdds.scm.pipeline.SCMPipelineManager.destroyPipeline(SCMPipelineManager.java:409)
	at org.apache.hadoop.hdds.scm.pipeline.SCMPipelineManager.lambda$finalizeAndDestroyPipeline$0(SCMPipelineManager.java:318)
	at org.apache.hadoop.utils.Scheduler.lambda$schedule$1(Scheduler.java:68)
	at java.util.concurrent.Executors$RunnableAdapter.call(Executors.java:511)
	at java.util.concurrent.FutureTask.run(FutureTask.java:266)
	at java.util.concurrent.ScheduledThreadPoolExecutor$ScheduledFutureTask.access$201(ScheduledThreadPoolExecutor.java:180)
	at java.util.concurrent.ScheduledThreadPoolExecutor$ScheduledFutureTask.run(ScheduledThreadPoolExecutor.java:293)
	at java.util.concurrent.ThreadPoolExecutor.runWorker(ThreadPoolExecutor.java:1149)
	at java.util.concurrent.ThreadPoolExecutor$Worker.run(ThreadPoolExecutor.java:624)
	at java.lang.Thread.run(Thread.java:748)
2019-09-12 04:07:10,361 [e74ea0f8-bf41-4d93-a1fd-ac84c2b46512@group-1AC969952D72-SegmentedRaftLogWorker] WARN  segmented.SegmentedRaftLogWorker (SegmentedRaftLogWorker.java:getFromFuture(90)) - Timeout 4/~
org.apache.ratis.protocol.TimeoutIOException: Timeout 10s: WriteLog:16: (t:1, i:16), STATEMACHINELOGENTRY, client-38E6C04ACA0A, cid=143-writeStateMachineData
	at org.apache.ratis.util.IOUtils.getFromFuture(IOUtils.java:87)
	at org.apache.ratis.server.raftlog.segmented.SegmentedRaftLogWorker$StateMachineDataPolicy.getFromFuture(SegmentedRaftLogWorker.java:87)
	at org.apache.ratis.server.raftlog.segmented.SegmentedRaftLogWorker$WriteLog.execute(SegmentedRaftLogWorker.java:477)
	at org.apache.ratis.server.raftlog.segmented.SegmentedRaftLogWorker.run(SegmentedRaftLogWorker.java:289)
	at java.lang.Thread.run(Thread.java:748)
Caused by: java.util.concurrent.TimeoutException
	at java.util.concurrent.CompletableFuture.timedGet(CompletableFuture.java:1771)
	at java.util.concurrent.CompletableFuture.get(CompletableFuture.java:1915)
	at org.apache.ratis.util.IOUtils.getFromFuture(IOUtils.java:79)
	... 4 more
2019-09-12 04:07:10,505 [41a8e196-af5b-4c71-b4d4-8d03270b35a0@group-1AC969952D72-SegmentedRaftLogWorker] WARN  segmented.SegmentedRaftLogWorker (SegmentedRaftLogWorker.java:getFromFuture(90)) - Timeout 4/~
org.apache.ratis.protocol.TimeoutIOException: Timeout 10s: WriteLog:19: (t:1, i:19), STATEMACHINELOGENTRY, client-38E6C04ACA0A, cid=146-writeStateMachineData
	at org.apache.ratis.util.IOUtils.getFromFuture(IOUtils.java:87)
	at org.apache.ratis.server.raftlog.segmented.SegmentedRaftLogWorker$StateMachineDataPolicy.getFromFuture(SegmentedRaftLogWorker.java:87)
	at org.apache.ratis.server.raftlog.segmented.SegmentedRaftLogWorker$WriteLog.execute(SegmentedRaftLogWorker.java:477)
	at org.apache.ratis.server.raftlog.segmented.SegmentedRaftLogWorker.run(SegmentedRaftLogWorker.java:289)
	at java.lang.Thread.run(Thread.java:748)
Caused by: java.util.concurrent.TimeoutException
	at java.util.concurrent.CompletableFuture.timedGet(CompletableFuture.java:1771)
	at java.util.concurrent.CompletableFuture.get(CompletableFuture.java:1915)
	at org.apache.ratis.util.IOUtils.getFromFuture(IOUtils.java:79)
	... 4 more
2019-09-12 04:07:10,518 [d16d800f-a890-4a7a-bda4-5bf97a65c0f2@group-1AC969952D72-SegmentedRaftLogWorker] WARN  segmented.SegmentedRaftLogWorker (SegmentedRaftLogWorker.java:getFromFuture(90)) - Timeout 4/~
org.apache.ratis.protocol.TimeoutIOException: Timeout 10s: WriteLog:17: (t:1, i:17), STATEMACHINELOGENTRY, client-38E6C04ACA0A, cid=144-writeStateMachineData
	at org.apache.ratis.util.IOUtils.getFromFuture(IOUtils.java:87)
	at org.apache.ratis.server.raftlog.segmented.SegmentedRaftLogWorker$StateMachineDataPolicy.getFromFuture(SegmentedRaftLogWorker.java:87)
	at org.apache.ratis.server.raftlog.segmented.SegmentedRaftLogWorker$WriteLog.execute(SegmentedRaftLogWorker.java:477)
	at org.apache.ratis.server.raftlog.segmented.SegmentedRaftLogWorker.run(SegmentedRaftLogWorker.java:289)
	at java.lang.Thread.run(Thread.java:748)
Caused by: java.util.concurrent.TimeoutException
	at java.util.concurrent.CompletableFuture.timedGet(CompletableFuture.java:1771)
	at java.util.concurrent.CompletableFuture.get(CompletableFuture.java:1915)
	at org.apache.ratis.util.IOUtils.getFromFuture(IOUtils.java:79)
	... 4 more
2019-09-12 04:07:10,839 [grpc-default-executor-10] INFO  client.GrpcClientProtocolClient (GrpcClientProtocolClient.java:onNext(264)) - client-38E6C04ACA0A->41a8e196-af5b-4c71-b4d4-8d03270b35a0: receive RaftClientReply:client-38E6C04ACA0A->41a8e196-af5b-4c71-b4d4-8d03270b35a0@group-1AC969952D72, cid=143, FAILED org.apache.ratis.protocol.NotLeaderException: Server 41a8e196-af5b-4c71-b4d4-8d03270b35a0@group-1AC969952D72 is not the leader d16d800f-a890-4a7a-bda4-5bf97a65c0f2:192.168.34.8:33400, logIndex=0, commits[41a8e196-af5b-4c71-b4d4-8d03270b35a0:c15, e74ea0f8-bf41-4d93-a1fd-ac84c2b46512:c13, d16d800f-a890-4a7a-bda4-5bf97a65c0f2:c15]
2019-09-12 04:07:10,866 [java.util.concurrent.ThreadPoolExecutor$Worker@792bad54[State = -1, empty queue]] WARN  server.GrpcLogAppender (GrpcLogAppender.java:timeoutAppendRequest(200)) - d16d800f-a890-4a7a-bda4-5bf97a65c0f2@group-1AC969952D72->41a8e196-af5b-4c71-b4d4-8d03270b35a0-GrpcLogAppender: appendEntries Timeout, request=d16d800f-a890-4a7a-bda4-5bf97a65c0f2->41a8e196-af5b-4c71-b4d4-8d03270b35a0#113-t1, previous=(t:1, i:21), leaderCommit=15, initializing? false, entries: <empty>
2019-09-12 04:07:10,866 [java.util.concurrent.ThreadPoolExecutor$Worker@4b485f37[State = -1, empty queue]] WARN  server.GrpcLogAppender (GrpcLogAppender.java:timeoutAppendRequest(200)) - d16d800f-a890-4a7a-bda4-5bf97a65c0f2@group-1AC969952D72->e74ea0f8-bf41-4d93-a1fd-ac84c2b46512-GrpcLogAppender: appendEntries Timeout, request=d16d800f-a890-4a7a-bda4-5bf97a65c0f2->e74ea0f8-bf41-4d93-a1fd-ac84c2b46512#113-t1, previous=(t:1, i:21), leaderCommit=15, initializing? false, entries: <empty>
2019-09-12 04:07:12,839 [grpc-default-executor-7] INFO  impl.RaftServerProxy (RaftServerProxy.java:remove(95)) - 826a4c15-f032-4805-8cf4-5e11fe4a99d7: remove group-F484CCC1AA7A:null
2019-09-12 04:07:12,844 [RatisPipelineUtilsThread] WARN  pipeline.RatisPipelineUtils (RatisPipelineUtils.java:destroyPipeline(66)) - Pipeline destroy failed for pipeline=PipelineID=743e7b28-aad9-4826-95d5-f484ccc1aa7a dn=826a4c15-f032-4805-8cf4-5e11fe4a99d7{ip: 192.168.34.8, host: pr-hdds-1879-pbs75-1821932185, networkLocation: /default-rack, certSerialId: null}
2019-09-12 04:07:12,847 [grpc-default-executor-7] INFO  impl.RaftServerProxy (RaftServerProxy.java:remove(95)) - fc0aded7-5090-49ad-a6b0-e16cfe155c18: remove group-F484CCC1AA7A:null
2019-09-12 04:07:12,849 [RatisPipelineUtilsThread] WARN  pipeline.RatisPipelineUtils (RatisPipelineUtils.java:destroyPipeline(66)) - Pipeline destroy failed for pipeline=PipelineID=743e7b28-aad9-4826-95d5-f484ccc1aa7a dn=fc0aded7-5090-49ad-a6b0-e16cfe155c18{ip: 192.168.34.8, host: pr-hdds-1879-pbs75-1821932185, networkLocation: /default-rack, certSerialId: null}
2019-09-12 04:07:12,851 [grpc-default-executor-7] INFO  impl.RaftServerProxy (RaftServerProxy.java:remove(95)) - cfbaf9ff-a5d2-4350-abbf-bcb1aefbe8d3: remove group-F484CCC1AA7A:null
2019-09-12 04:07:12,854 [RatisPipelineUtilsThread] WARN  pipeline.RatisPipelineUtils (RatisPipelineUtils.java:destroyPipeline(66)) - Pipeline destroy failed for pipeline=PipelineID=743e7b28-aad9-4826-95d5-f484ccc1aa7a dn=cfbaf9ff-a5d2-4350-abbf-bcb1aefbe8d3{ip: 192.168.34.8, host: pr-hdds-1879-pbs75-1821932185, networkLocation: /default-rack, certSerialId: null}
2019-09-12 04:07:12,854 [RatisPipelineUtilsThread] ERROR pipeline.SCMPipelineManager (Scheduler.java:lambda$schedule$1(70)) - Destroy pipeline failed for pipeline:Pipeline[ Id: 743e7b28-aad9-4826-95d5-f484ccc1aa7a, Nodes: 826a4c15-f032-4805-8cf4-5e11fe4a99d7{ip: 192.168.34.8, host: pr-hdds-1879-pbs75-1821932185, networkLocation: /default-rack, certSerialId: null}fc0aded7-5090-49ad-a6b0-e16cfe155c18{ip: 192.168.34.8, host: pr-hdds-1879-pbs75-1821932185, networkLocation: /default-rack, certSerialId: null}cfbaf9ff-a5d2-4350-abbf-bcb1aefbe8d3{ip: 192.168.34.8, host: pr-hdds-1879-pbs75-1821932185, networkLocation: /default-rack, certSerialId: null}, Type:RATIS, Factor:THREE, State:CLOSED]
org.apache.hadoop.hdds.scm.pipeline.PipelineNotFoundException: PipelineID=743e7b28-aad9-4826-95d5-f484ccc1aa7a not found
	at org.apache.hadoop.hdds.scm.pipeline.PipelineStateMap.getPipeline(PipelineStateMap.java:132)
	at org.apache.hadoop.hdds.scm.pipeline.PipelineStateMap.removePipeline(PipelineStateMap.java:322)
	at org.apache.hadoop.hdds.scm.pipeline.PipelineStateManager.removePipeline(PipelineStateManager.java:107)
	at org.apache.hadoop.hdds.scm.pipeline.SCMPipelineManager.removePipeline(SCMPipelineManager.java:423)
	at org.apache.hadoop.hdds.scm.pipeline.SCMPipelineManager.destroyPipeline(SCMPipelineManager.java:409)
	at org.apache.hadoop.hdds.scm.pipeline.SCMPipelineManager.lambda$finalizeAndDestroyPipeline$0(SCMPipelineManager.java:318)
	at org.apache.hadoop.utils.Scheduler.lambda$schedule$1(Scheduler.java:68)
	at java.util.concurrent.Executors$RunnableAdapter.call(Executors.java:511)
	at java.util.concurrent.FutureTask.run(FutureTask.java:266)
	at java.util.concurrent.ScheduledThreadPoolExecutor$ScheduledFutureTask.access$201(ScheduledThreadPoolExecutor.java:180)
	at java.util.concurrent.ScheduledThreadPoolExecutor$ScheduledFutureTask.run(ScheduledThreadPoolExecutor.java:293)
	at java.util.concurrent.ThreadPoolExecutor.runWorker(ThreadPoolExecutor.java:1149)
	at java.util.concurrent.ThreadPoolExecutor$Worker.run(ThreadPoolExecutor.java:624)
	at java.lang.Thread.run(Thread.java:748)
2019-09-12 04:07:13,366 [java.util.concurrent.ThreadPoolExecutor$Worker@792bad54[State = -1, empty queue]] WARN  server.GrpcLogAppender (GrpcLogAppender.java:timeoutAppendRequest(200)) - d16d800f-a890-4a7a-bda4-5bf97a65c0f2@group-1AC969952D72->41a8e196-af5b-4c71-b4d4-8d03270b35a0-GrpcLogAppender: appendEntries Timeout, request=d16d800f-a890-4a7a-bda4-5bf97a65c0f2->41a8e196-af5b-4c71-b4d4-8d03270b35a0#114-t1, previous=(t:1, i:21), leaderCommit=15, initializing? false, entries: <empty>
2019-09-12 04:07:13,366 [java.util.concurrent.ThreadPoolExecutor$Worker@4b485f37[State = -1, empty queue]] WARN  server.GrpcLogAppender (GrpcLogAppender.java:timeoutAppendRequest(200)) - d16d800f-a890-4a7a-bda4-5bf97a65c0f2@group-1AC969952D72->e74ea0f8-bf41-4d93-a1fd-ac84c2b46512-GrpcLogAppender: appendEntries Timeout, request=d16d800f-a890-4a7a-bda4-5bf97a65c0f2->e74ea0f8-bf41-4d93-a1fd-ac84c2b46512#114-t1, previous=(t:1, i:21), leaderCommit=15, initializing? false, entries: <empty>
2019-09-12 04:07:14,842 [grpc-default-executor-8] INFO  impl.RaftServerProxy (RaftServerProxy.java:remove(95)) - 826a4c15-f032-4805-8cf4-5e11fe4a99d7: remove group-F484CCC1AA7A:null
2019-09-12 04:07:14,847 [RatisPipelineUtilsThread] WARN  pipeline.RatisPipelineUtils (RatisPipelineUtils.java:destroyPipeline(66)) - Pipeline destroy failed for pipeline=PipelineID=743e7b28-aad9-4826-95d5-f484ccc1aa7a dn=826a4c15-f032-4805-8cf4-5e11fe4a99d7{ip: 192.168.34.8, host: pr-hdds-1879-pbs75-1821932185, networkLocation: /default-rack, certSerialId: null}
2019-09-12 04:07:14,850 [grpc-default-executor-8] INFO  impl.RaftServerProxy (RaftServerProxy.java:remove(95)) - fc0aded7-5090-49ad-a6b0-e16cfe155c18: remove group-F484CCC1AA7A:null
2019-09-12 04:07:14,853 [RatisPipelineUtilsThread] WARN  pipeline.RatisPipelineUtils (RatisPipelineUtils.java:destroyPipeline(66)) - Pipeline destroy failed for pipeline=PipelineID=743e7b28-aad9-4826-95d5-f484ccc1aa7a dn=fc0aded7-5090-49ad-a6b0-e16cfe155c18{ip: 192.168.34.8, host: pr-hdds-1879-pbs75-1821932185, networkLocation: /default-rack, certSerialId: null}
2019-09-12 04:07:14,867 [grpc-default-executor-7] INFO  impl.RaftServerProxy (RaftServerProxy.java:remove(95)) - cfbaf9ff-a5d2-4350-abbf-bcb1aefbe8d3: remove group-F484CCC1AA7A:null
2019-09-12 04:07:14,869 [RatisPipelineUtilsThread] WARN  pipeline.RatisPipelineUtils (RatisPipelineUtils.java:destroyPipeline(66)) - Pipeline destroy failed for pipeline=PipelineID=743e7b28-aad9-4826-95d5-f484ccc1aa7a dn=cfbaf9ff-a5d2-4350-abbf-bcb1aefbe8d3{ip: 192.168.34.8, host: pr-hdds-1879-pbs75-1821932185, networkLocation: /default-rack, certSerialId: null}
2019-09-12 04:07:14,869 [RatisPipelineUtilsThread] ERROR pipeline.SCMPipelineManager (Scheduler.java:lambda$schedule$1(70)) - Destroy pipeline failed for pipeline:Pipeline[ Id: 743e7b28-aad9-4826-95d5-f484ccc1aa7a, Nodes: 826a4c15-f032-4805-8cf4-5e11fe4a99d7{ip: 192.168.34.8, host: pr-hdds-1879-pbs75-1821932185, networkLocation: /default-rack, certSerialId: null}fc0aded7-5090-49ad-a6b0-e16cfe155c18{ip: 192.168.34.8, host: pr-hdds-1879-pbs75-1821932185, networkLocation: /default-rack, certSerialId: null}cfbaf9ff-a5d2-4350-abbf-bcb1aefbe8d3{ip: 192.168.34.8, host: pr-hdds-1879-pbs75-1821932185, networkLocation: /default-rack, certSerialId: null}, Type:RATIS, Factor:THREE, State:CLOSED]
org.apache.hadoop.hdds.scm.pipeline.PipelineNotFoundException: PipelineID=743e7b28-aad9-4826-95d5-f484ccc1aa7a not found
	at org.apache.hadoop.hdds.scm.pipeline.PipelineStateMap.getPipeline(PipelineStateMap.java:132)
	at org.apache.hadoop.hdds.scm.pipeline.PipelineStateMap.removePipeline(PipelineStateMap.java:322)
	at org.apache.hadoop.hdds.scm.pipeline.PipelineStateManager.removePipeline(PipelineStateManager.java:107)
	at org.apache.hadoop.hdds.scm.pipeline.SCMPipelineManager.removePipeline(SCMPipelineManager.java:423)
	at org.apache.hadoop.hdds.scm.pipeline.SCMPipelineManager.destroyPipeline(SCMPipelineManager.java:409)
	at org.apache.hadoop.hdds.scm.pipeline.SCMPipelineManager.lambda$finalizeAndDestroyPipeline$0(SCMPipelineManager.java:318)
	at org.apache.hadoop.utils.Scheduler.lambda$schedule$1(Scheduler.java:68)
	at java.util.concurrent.Executors$RunnableAdapter.call(Executors.java:511)
	at java.util.concurrent.FutureTask.run(FutureTask.java:266)
	at java.util.concurrent.ScheduledThreadPoolExecutor$ScheduledFutureTask.access$201(ScheduledThreadPoolExecutor.java:180)
	at java.util.concurrent.ScheduledThreadPoolExecutor$ScheduledFutureTask.run(ScheduledThreadPoolExecutor.java:293)
	at java.util.concurrent.ThreadPoolExecutor.runWorker(ThreadPoolExecutor.java:1149)
	at java.util.concurrent.ThreadPoolExecutor$Worker.run(ThreadPoolExecutor.java:624)
	at java.lang.Thread.run(Thread.java:748)
2019-09-12 04:07:15,867 [java.util.concurrent.ThreadPoolExecutor$Worker@4b485f37[State = -1, empty queue]] WARN  server.GrpcLogAppender (GrpcLogAppender.java:timeoutAppendRequest(200)) - d16d800f-a890-4a7a-bda4-5bf97a65c0f2@group-1AC969952D72->e74ea0f8-bf41-4d93-a1fd-ac84c2b46512-GrpcLogAppender: appendEntries Timeout, request=d16d800f-a890-4a7a-bda4-5bf97a65c0f2->e74ea0f8-bf41-4d93-a1fd-ac84c2b46512#115-t1, previous=(t:1, i:21), leaderCommit=15, initializing? false, entries: <empty>
2019-09-12 04:07:15,867 [java.util.concurrent.ThreadPoolExecutor$Worker@792bad54[State = -1, empty queue]] WARN  server.GrpcLogAppender (GrpcLogAppender.java:timeoutAppendRequest(200)) - d16d800f-a890-4a7a-bda4-5bf97a65c0f2@group-1AC969952D72->41a8e196-af5b-4c71-b4d4-8d03270b35a0-GrpcLogAppender: appendEntries Timeout, request=d16d800f-a890-4a7a-bda4-5bf97a65c0f2->41a8e196-af5b-4c71-b4d4-8d03270b35a0#115-t1, previous=(t:1, i:21), leaderCommit=15, initializing? false, entries: <empty>
2019-09-12 04:07:15,877 [grpc-default-executor-8] INFO  client.GrpcClientProtocolClient (GrpcClientProtocolClient.java:onNext(264)) - client-38E6C04ACA0A->41a8e196-af5b-4c71-b4d4-8d03270b35a0: receive RaftClientReply:client-38E6C04ACA0A->41a8e196-af5b-4c71-b4d4-8d03270b35a0@group-1AC969952D72, cid=143, FAILED org.apache.ratis.protocol.NotLeaderException: Server 41a8e196-af5b-4c71-b4d4-8d03270b35a0@group-1AC969952D72 is not the leader d16d800f-a890-4a7a-bda4-5bf97a65c0f2:192.168.34.8:33400, logIndex=0, commits[41a8e196-af5b-4c71-b4d4-8d03270b35a0:c15, e74ea0f8-bf41-4d93-a1fd-ac84c2b46512:c13, d16d800f-a890-4a7a-bda4-5bf97a65c0f2:c15]
2019-09-12 04:07:17,840 [grpc-default-executor-10] INFO  impl.RaftServerProxy (RaftServerProxy.java:remove(95)) - 826a4c15-f032-4805-8cf4-5e11fe4a99d7: remove group-F484CCC1AA7A:null
2019-09-12 04:07:17,846 [RatisPipelineUtilsThread] WARN  pipeline.RatisPipelineUtils (RatisPipelineUtils.java:destroyPipeline(66)) - Pipeline destroy failed for pipeline=PipelineID=743e7b28-aad9-4826-95d5-f484ccc1aa7a dn=826a4c15-f032-4805-8cf4-5e11fe4a99d7{ip: 192.168.34.8, host: pr-hdds-1879-pbs75-1821932185, networkLocation: /default-rack, certSerialId: null}
2019-09-12 04:07:17,849 [grpc-default-executor-10] INFO  impl.RaftServerProxy (RaftServerProxy.java:remove(95)) - fc0aded7-5090-49ad-a6b0-e16cfe155c18: remove group-F484CCC1AA7A:null
2019-09-12 04:07:17,851 [RatisPipelineUtilsThread] WARN  pipeline.RatisPipelineUtils (RatisPipelineUtils.java:destroyPipeline(66)) - Pipeline destroy failed for pipeline=PipelineID=743e7b28-aad9-4826-95d5-f484ccc1aa7a dn=fc0aded7-5090-49ad-a6b0-e16cfe155c18{ip: 192.168.34.8, host: pr-hdds-1879-pbs75-1821932185, networkLocation: /default-rack, certSerialId: null}
2019-09-12 04:07:17,853 [grpc-default-executor-10] INFO  impl.RaftServerProxy (RaftServerProxy.java:remove(95)) - cfbaf9ff-a5d2-4350-abbf-bcb1aefbe8d3: remove group-F484CCC1AA7A:null
2019-09-12 04:07:17,855 [RatisPipelineUtilsThread] WARN  pipeline.RatisPipelineUtils (RatisPipelineUtils.java:destroyPipeline(66)) - Pipeline destroy failed for pipeline=PipelineID=743e7b28-aad9-4826-95d5-f484ccc1aa7a dn=cfbaf9ff-a5d2-4350-abbf-bcb1aefbe8d3{ip: 192.168.34.8, host: pr-hdds-1879-pbs75-1821932185, networkLocation: /default-rack, certSerialId: null}
2019-09-12 04:07:17,856 [RatisPipelineUtilsThread] ERROR pipeline.SCMPipelineManager (Scheduler.java:lambda$schedule$1(70)) - Destroy pipeline failed for pipeline:Pipeline[ Id: 743e7b28-aad9-4826-95d5-f484ccc1aa7a, Nodes: 826a4c15-f032-4805-8cf4-5e11fe4a99d7{ip: 192.168.34.8, host: pr-hdds-1879-pbs75-1821932185, networkLocation: /default-rack, certSerialId: null}fc0aded7-5090-49ad-a6b0-e16cfe155c18{ip: 192.168.34.8, host: pr-hdds-1879-pbs75-1821932185, networkLocation: /default-rack, certSerialId: null}cfbaf9ff-a5d2-4350-abbf-bcb1aefbe8d3{ip: 192.168.34.8, host: pr-hdds-1879-pbs75-1821932185, networkLocation: /default-rack, certSerialId: null}, Type:RATIS, Factor:THREE, State:CLOSED]
org.apache.hadoop.hdds.scm.pipeline.PipelineNotFoundException: PipelineID=743e7b28-aad9-4826-95d5-f484ccc1aa7a not found
	at org.apache.hadoop.hdds.scm.pipeline.PipelineStateMap.getPipeline(PipelineStateMap.java:132)
	at org.apache.hadoop.hdds.scm.pipeline.PipelineStateMap.removePipeline(PipelineStateMap.java:322)
	at org.apache.hadoop.hdds.scm.pipeline.PipelineStateManager.removePipeline(PipelineStateManager.java:107)
	at org.apache.hadoop.hdds.scm.pipeline.SCMPipelineManager.removePipeline(SCMPipelineManager.java:423)
	at org.apache.hadoop.hdds.scm.pipeline.SCMPipelineManager.destroyPipeline(SCMPipelineManager.java:409)
	at org.apache.hadoop.hdds.scm.pipeline.SCMPipelineManager.lambda$finalizeAndDestroyPipeline$0(SCMPipelineManager.java:318)
	at org.apache.hadoop.utils.Scheduler.lambda$schedule$1(Scheduler.java:68)
	at java.util.concurrent.Executors$RunnableAdapter.call(Executors.java:511)
	at java.util.concurrent.FutureTask.run(FutureTask.java:266)
	at java.util.concurrent.ScheduledThreadPoolExecutor$ScheduledFutureTask.access$201(ScheduledThreadPoolExecutor.java:180)
	at java.util.concurrent.ScheduledThreadPoolExecutor$ScheduledFutureTask.run(ScheduledThreadPoolExecutor.java:293)
	at java.util.concurrent.ThreadPoolExecutor.runWorker(ThreadPoolExecutor.java:1149)
	at java.util.concurrent.ThreadPoolExecutor$Worker.run(ThreadPoolExecutor.java:624)
	at java.lang.Thread.run(Thread.java:748)
2019-09-12 04:07:18,367 [java.util.concurrent.ThreadPoolExecutor$Worker@4b485f37[State = -1, empty queue]] WARN  server.GrpcLogAppender (GrpcLogAppender.java:timeoutAppendRequest(200)) - d16d800f-a890-4a7a-bda4-5bf97a65c0f2@group-1AC969952D72->e74ea0f8-bf41-4d93-a1fd-ac84c2b46512-GrpcLogAppender: appendEntries Timeout, request=d16d800f-a890-4a7a-bda4-5bf97a65c0f2->e74ea0f8-bf41-4d93-a1fd-ac84c2b46512#116-t1, previous=(t:1, i:21), leaderCommit=15, initializing? false, entries: <empty>
2019-09-12 04:07:18,367 [java.util.concurrent.ThreadPoolExecutor$Worker@792bad54[State = -1, empty queue]] WARN  server.GrpcLogAppender (GrpcLogAppender.java:timeoutAppendRequest(200)) - d16d800f-a890-4a7a-bda4-5bf97a65c0f2@group-1AC969952D72->41a8e196-af5b-4c71-b4d4-8d03270b35a0-GrpcLogAppender: appendEntries Timeout, request=d16d800f-a890-4a7a-bda4-5bf97a65c0f2->41a8e196-af5b-4c71-b4d4-8d03270b35a0#116-t1, previous=(t:1, i:21), leaderCommit=15, initializing? false, entries: <empty>
2019-09-12 04:07:19,840 [grpc-default-executor-10] INFO  impl.RaftServerProxy (RaftServerProxy.java:remove(95)) - 826a4c15-f032-4805-8cf4-5e11fe4a99d7: remove group-F484CCC1AA7A:null
2019-09-12 04:07:19,844 [RatisPipelineUtilsThread] WARN  pipeline.RatisPipelineUtils (RatisPipelineUtils.java:destroyPipeline(66)) - Pipeline destroy failed for pipeline=PipelineID=743e7b28-aad9-4826-95d5-f484ccc1aa7a dn=826a4c15-f032-4805-8cf4-5e11fe4a99d7{ip: 192.168.34.8, host: pr-hdds-1879-pbs75-1821932185, networkLocation: /default-rack, certSerialId: null}
2019-09-12 04:07:19,846 [grpc-default-executor-10] INFO  impl.RaftServerProxy (RaftServerProxy.java:remove(95)) - fc0aded7-5090-49ad-a6b0-e16cfe155c18: remove group-F484CCC1AA7A:null
2019-09-12 04:07:19,849 [RatisPipelineUtilsThread] WARN  pipeline.RatisPipelineUtils (RatisPipelineUtils.java:destroyPipeline(66)) - Pipeline destroy failed for pipeline=PipelineID=743e7b28-aad9-4826-95d5-f484ccc1aa7a dn=fc0aded7-5090-49ad-a6b0-e16cfe155c18{ip: 192.168.34.8, host: pr-hdds-1879-pbs75-1821932185, networkLocation: /default-rack, certSerialId: null}
2019-09-12 04:07:19,851 [grpc-default-executor-10] INFO  impl.RaftServerProxy (RaftServerProxy.java:remove(95)) - cfbaf9ff-a5d2-4350-abbf-bcb1aefbe8d3: remove group-F484CCC1AA7A:null
2019-09-12 04:07:19,853 [RatisPipelineUtilsThread] WARN  pipeline.RatisPipelineUtils (RatisPipelineUtils.java:destroyPipeline(66)) - Pipeline destroy failed for pipeline=PipelineID=743e7b28-aad9-4826-95d5-f484ccc1aa7a dn=cfbaf9ff-a5d2-4350-abbf-bcb1aefbe8d3{ip: 192.168.34.8, host: pr-hdds-1879-pbs75-1821932185, networkLocation: /default-rack, certSerialId: null}
2019-09-12 04:07:19,853 [RatisPipelineUtilsThread] ERROR pipeline.SCMPipelineManager (Scheduler.java:lambda$schedule$1(70)) - Destroy pipeline failed for pipeline:Pipeline[ Id: 743e7b28-aad9-4826-95d5-f484ccc1aa7a, Nodes: 826a4c15-f032-4805-8cf4-5e11fe4a99d7{ip: 192.168.34.8, host: pr-hdds-1879-pbs75-1821932185, networkLocation: /default-rack, certSerialId: null}fc0aded7-5090-49ad-a6b0-e16cfe155c18{ip: 192.168.34.8, host: pr-hdds-1879-pbs75-1821932185, networkLocation: /default-rack, certSerialId: null}cfbaf9ff-a5d2-4350-abbf-bcb1aefbe8d3{ip: 192.168.34.8, host: pr-hdds-1879-pbs75-1821932185, networkLocation: /default-rack, certSerialId: null}, Type:RATIS, Factor:THREE, State:CLOSED]
org.apache.hadoop.hdds.scm.pipeline.PipelineNotFoundException: PipelineID=743e7b28-aad9-4826-95d5-f484ccc1aa7a not found
	at org.apache.hadoop.hdds.scm.pipeline.PipelineStateMap.getPipeline(PipelineStateMap.java:132)
	at org.apache.hadoop.hdds.scm.pipeline.PipelineStateMap.removePipeline(PipelineStateMap.java:322)
	at org.apache.hadoop.hdds.scm.pipeline.PipelineStateManager.removePipeline(PipelineStateManager.java:107)
	at org.apache.hadoop.hdds.scm.pipeline.SCMPipelineManager.removePipeline(SCMPipelineManager.java:423)
	at org.apache.hadoop.hdds.scm.pipeline.SCMPipelineManager.destroyPipeline(SCMPipelineManager.java:409)
	at org.apache.hadoop.hdds.scm.pipeline.SCMPipelineManager.lambda$finalizeAndDestroyPipeline$0(SCMPipelineManager.java:318)
	at org.apache.hadoop.utils.Scheduler.lambda$schedule$1(Scheduler.java:68)
	at java.util.concurrent.Executors$RunnableAdapter.call(Executors.java:511)
	at java.util.concurrent.FutureTask.run(FutureTask.java:266)
	at java.util.concurrent.ScheduledThreadPoolExecutor$ScheduledFutureTask.access$201(ScheduledThreadPoolExecutor.java:180)
	at java.util.concurrent.ScheduledThreadPoolExecutor$ScheduledFutureTask.run(ScheduledThreadPoolExecutor.java:293)
	at java.util.concurrent.ThreadPoolExecutor.runWorker(ThreadPoolExecutor.java:1149)
	at java.util.concurrent.ThreadPoolExecutor$Worker.run(ThreadPoolExecutor.java:624)
	at java.lang.Thread.run(Thread.java:748)
2019-09-12 04:07:20,363 [e74ea0f8-bf41-4d93-a1fd-ac84c2b46512@group-1AC969952D72-SegmentedRaftLogWorker] WARN  segmented.SegmentedRaftLogWorker (SegmentedRaftLogWorker.java:getFromFuture(90)) - Timeout 5/~
org.apache.ratis.protocol.TimeoutIOException: Timeout 10s: WriteLog:16: (t:1, i:16), STATEMACHINELOGENTRY, client-38E6C04ACA0A, cid=143-writeStateMachineData
	at org.apache.ratis.util.IOUtils.getFromFuture(IOUtils.java:87)
	at org.apache.ratis.server.raftlog.segmented.SegmentedRaftLogWorker$StateMachineDataPolicy.getFromFuture(SegmentedRaftLogWorker.java:87)
	at org.apache.ratis.server.raftlog.segmented.SegmentedRaftLogWorker$WriteLog.execute(SegmentedRaftLogWorker.java:477)
	at org.apache.ratis.server.raftlog.segmented.SegmentedRaftLogWorker.run(SegmentedRaftLogWorker.java:289)
	at java.lang.Thread.run(Thread.java:748)
Caused by: java.util.concurrent.TimeoutException
	at java.util.concurrent.CompletableFuture.timedGet(CompletableFuture.java:1771)
	at java.util.concurrent.CompletableFuture.get(CompletableFuture.java:1915)
	at org.apache.ratis.util.IOUtils.getFromFuture(IOUtils.java:79)
	... 4 more
2019-09-12 04:07:20,506 [41a8e196-af5b-4c71-b4d4-8d03270b35a0@group-1AC969952D72-SegmentedRaftLogWorker] WARN  segmented.SegmentedRaftLogWorker (SegmentedRaftLogWorker.java:getFromFuture(90)) - Timeout 5/~
org.apache.ratis.protocol.TimeoutIOException: Timeout 10s: WriteLog:19: (t:1, i:19), STATEMACHINELOGENTRY, client-38E6C04ACA0A, cid=146-writeStateMachineData
	at org.apache.ratis.util.IOUtils.getFromFuture(IOUtils.java:87)
	at org.apache.ratis.server.raftlog.segmented.SegmentedRaftLogWorker$StateMachineDataPolicy.getFromFuture(SegmentedRaftLogWorker.java:87)
	at org.apache.ratis.server.raftlog.segmented.SegmentedRaftLogWorker$WriteLog.execute(SegmentedRaftLogWorker.java:477)
	at org.apache.ratis.server.raftlog.segmented.SegmentedRaftLogWorker.run(SegmentedRaftLogWorker.java:289)
	at java.lang.Thread.run(Thread.java:748)
Caused by: java.util.concurrent.TimeoutException
	at java.util.concurrent.CompletableFuture.timedGet(CompletableFuture.java:1771)
	at java.util.concurrent.CompletableFuture.get(CompletableFuture.java:1915)
	at org.apache.ratis.util.IOUtils.getFromFuture(IOUtils.java:79)
	... 4 more
2019-09-12 04:07:20,518 [d16d800f-a890-4a7a-bda4-5bf97a65c0f2@group-1AC969952D72-SegmentedRaftLogWorker] WARN  segmented.SegmentedRaftLogWorker (SegmentedRaftLogWorker.java:getFromFuture(90)) - Timeout 5/~
org.apache.ratis.protocol.TimeoutIOException: Timeout 10s: WriteLog:17: (t:1, i:17), STATEMACHINELOGENTRY, client-38E6C04ACA0A, cid=144-writeStateMachineData
	at org.apache.ratis.util.IOUtils.getFromFuture(IOUtils.java:87)
	at org.apache.ratis.server.raftlog.segmented.SegmentedRaftLogWorker$StateMachineDataPolicy.getFromFuture(SegmentedRaftLogWorker.java:87)
	at org.apache.ratis.server.raftlog.segmented.SegmentedRaftLogWorker$WriteLog.execute(SegmentedRaftLogWorker.java:477)
	at org.apache.ratis.server.raftlog.segmented.SegmentedRaftLogWorker.run(SegmentedRaftLogWorker.java:289)
	at java.lang.Thread.run(Thread.java:748)
Caused by: java.util.concurrent.TimeoutException
	at java.util.concurrent.CompletableFuture.timedGet(CompletableFuture.java:1771)
	at java.util.concurrent.CompletableFuture.get(CompletableFuture.java:1915)
	at org.apache.ratis.util.IOUtils.getFromFuture(IOUtils.java:79)
	... 4 more
2019-09-12 04:07:20,868 [java.util.concurrent.ThreadPoolExecutor$Worker@792bad54[State = -1, empty queue]] WARN  server.GrpcLogAppender (GrpcLogAppender.java:timeoutAppendRequest(200)) - d16d800f-a890-4a7a-bda4-5bf97a65c0f2@group-1AC969952D72->41a8e196-af5b-4c71-b4d4-8d03270b35a0-GrpcLogAppender: appendEntries Timeout, request=d16d800f-a890-4a7a-bda4-5bf97a65c0f2->41a8e196-af5b-4c71-b4d4-8d03270b35a0#117-t1, previous=(t:1, i:21), leaderCommit=15, initializing? false, entries: <empty>
2019-09-12 04:07:20,868 [java.util.concurrent.ThreadPoolExecutor$Worker@4b485f37[State = -1, empty queue]] WARN  server.GrpcLogAppender (GrpcLogAppender.java:timeoutAppendRequest(200)) - d16d800f-a890-4a7a-bda4-5bf97a65c0f2@group-1AC969952D72->e74ea0f8-bf41-4d93-a1fd-ac84c2b46512-GrpcLogAppender: appendEntries Timeout, request=d16d800f-a890-4a7a-bda4-5bf97a65c0f2->e74ea0f8-bf41-4d93-a1fd-ac84c2b46512#117-t1, previous=(t:1, i:21), leaderCommit=15, initializing? false, entries: <empty>
2019-09-12 04:07:20,915 [grpc-default-executor-7] INFO  client.GrpcClientProtocolClient (GrpcClientProtocolClient.java:onNext(264)) - client-38E6C04ACA0A->e74ea0f8-bf41-4d93-a1fd-ac84c2b46512: receive RaftClientReply:client-38E6C04ACA0A->e74ea0f8-bf41-4d93-a1fd-ac84c2b46512@group-1AC969952D72, cid=143, FAILED org.apache.ratis.protocol.NotLeaderException: Server e74ea0f8-bf41-4d93-a1fd-ac84c2b46512@group-1AC969952D72 is not the leader d16d800f-a890-4a7a-bda4-5bf97a65c0f2:192.168.34.8:33400, logIndex=0, commits[e74ea0f8-bf41-4d93-a1fd-ac84c2b46512:c15, 41a8e196-af5b-4c71-b4d4-8d03270b35a0:c13, d16d800f-a890-4a7a-bda4-5bf97a65c0f2:c15]
2019-09-12 04:07:22,841 [grpc-default-executor-8] INFO  impl.RaftServerProxy (RaftServerProxy.java:remove(95)) - 826a4c15-f032-4805-8cf4-5e11fe4a99d7: remove group-F484CCC1AA7A:null
2019-09-12 04:07:22,846 [RatisPipelineUtilsThread] WARN  pipeline.RatisPipelineUtils (RatisPipelineUtils.java:destroyPipeline(66)) - Pipeline destroy failed for pipeline=PipelineID=743e7b28-aad9-4826-95d5-f484ccc1aa7a dn=826a4c15-f032-4805-8cf4-5e11fe4a99d7{ip: 192.168.34.8, host: pr-hdds-1879-pbs75-1821932185, networkLocation: /default-rack, certSerialId: null}
2019-09-12 04:07:22,849 [grpc-default-executor-8] INFO  impl.RaftServerProxy (RaftServerProxy.java:remove(95)) - fc0aded7-5090-49ad-a6b0-e16cfe155c18: remove group-F484CCC1AA7A:null
2019-09-12 04:07:22,851 [RatisPipelineUtilsThread] WARN  pipeline.RatisPipelineUtils (RatisPipelineUtils.java:destroyPipeline(66)) - Pipeline destroy failed for pipeline=PipelineID=743e7b28-aad9-4826-95d5-f484ccc1aa7a dn=fc0aded7-5090-49ad-a6b0-e16cfe155c18{ip: 192.168.34.8, host: pr-hdds-1879-pbs75-1821932185, networkLocation: /default-rack, certSerialId: null}
2019-09-12 04:07:22,853 [grpc-default-executor-8] INFO  impl.RaftServerProxy (RaftServerProxy.java:remove(95)) - cfbaf9ff-a5d2-4350-abbf-bcb1aefbe8d3: remove group-F484CCC1AA7A:null
2019-09-12 04:07:22,856 [RatisPipelineUtilsThread] WARN  pipeline.RatisPipelineUtils (RatisPipelineUtils.java:destroyPipeline(66)) - Pipeline destroy failed for pipeline=PipelineID=743e7b28-aad9-4826-95d5-f484ccc1aa7a dn=cfbaf9ff-a5d2-4350-abbf-bcb1aefbe8d3{ip: 192.168.34.8, host: pr-hdds-1879-pbs75-1821932185, networkLocation: /default-rack, certSerialId: null}
2019-09-12 04:07:22,857 [RatisPipelineUtilsThread] ERROR pipeline.SCMPipelineManager (Scheduler.java:lambda$schedule$1(70)) - Destroy pipeline failed for pipeline:Pipeline[ Id: 743e7b28-aad9-4826-95d5-f484ccc1aa7a, Nodes: 826a4c15-f032-4805-8cf4-5e11fe4a99d7{ip: 192.168.34.8, host: pr-hdds-1879-pbs75-1821932185, networkLocation: /default-rack, certSerialId: null}fc0aded7-5090-49ad-a6b0-e16cfe155c18{ip: 192.168.34.8, host: pr-hdds-1879-pbs75-1821932185, networkLocation: /default-rack, certSerialId: null}cfbaf9ff-a5d2-4350-abbf-bcb1aefbe8d3{ip: 192.168.34.8, host: pr-hdds-1879-pbs75-1821932185, networkLocation: /default-rack, certSerialId: null}, Type:RATIS, Factor:THREE, State:CLOSED]
org.apache.hadoop.hdds.scm.pipeline.PipelineNotFoundException: PipelineID=743e7b28-aad9-4826-95d5-f484ccc1aa7a not found
	at org.apache.hadoop.hdds.scm.pipeline.PipelineStateMap.getPipeline(PipelineStateMap.java:132)
	at org.apache.hadoop.hdds.scm.pipeline.PipelineStateMap.removePipeline(PipelineStateMap.java:322)
	at org.apache.hadoop.hdds.scm.pipeline.PipelineStateManager.removePipeline(PipelineStateManager.java:107)
	at org.apache.hadoop.hdds.scm.pipeline.SCMPipelineManager.removePipeline(SCMPipelineManager.java:423)
	at org.apache.hadoop.hdds.scm.pipeline.SCMPipelineManager.destroyPipeline(SCMPipelineManager.java:409)
	at org.apache.hadoop.hdds.scm.pipeline.SCMPipelineManager.lambda$finalizeAndDestroyPipeline$0(SCMPipelineManager.java:318)
	at org.apache.hadoop.utils.Scheduler.lambda$schedule$1(Scheduler.java:68)
	at java.util.concurrent.Executors$RunnableAdapter.call(Executors.java:511)
	at java.util.concurrent.FutureTask.run(FutureTask.java:266)
	at java.util.concurrent.ScheduledThreadPoolExecutor$ScheduledFutureTask.access$201(ScheduledThreadPoolExecutor.java:180)
	at java.util.concurrent.ScheduledThreadPoolExecutor$ScheduledFutureTask.run(ScheduledThreadPoolExecutor.java:293)
	at java.util.concurrent.ThreadPoolExecutor.runWorker(ThreadPoolExecutor.java:1149)
	at java.util.concurrent.ThreadPoolExecutor$Worker.run(ThreadPoolExecutor.java:624)
	at java.lang.Thread.run(Thread.java:748)
2019-09-12 04:07:23,369 [java.util.concurrent.ThreadPoolExecutor$Worker@792bad54[State = -1, empty queue]] WARN  server.GrpcLogAppender (GrpcLogAppender.java:timeoutAppendRequest(200)) - d16d800f-a890-4a7a-bda4-5bf97a65c0f2@group-1AC969952D72->41a8e196-af5b-4c71-b4d4-8d03270b35a0-GrpcLogAppender: appendEntries Timeout, request=d16d800f-a890-4a7a-bda4-5bf97a65c0f2->41a8e196-af5b-4c71-b4d4-8d03270b35a0#118-t1, previous=(t:1, i:21), leaderCommit=15, initializing? false, entries: <empty>
2019-09-12 04:07:23,369 [java.util.concurrent.ThreadPoolExecutor$Worker@4b485f37[State = -1, empty queue]] WARN  server.GrpcLogAppender (GrpcLogAppender.java:timeoutAppendRequest(200)) - d16d800f-a890-4a7a-bda4-5bf97a65c0f2@group-1AC969952D72->e74ea0f8-bf41-4d93-a1fd-ac84c2b46512-GrpcLogAppender: appendEntries Timeout, request=d16d800f-a890-4a7a-bda4-5bf97a65c0f2->e74ea0f8-bf41-4d93-a1fd-ac84c2b46512#118-t1, previous=(t:1, i:21), leaderCommit=15, initializing? false, entries: <empty>
2019-09-12 04:07:24,835 [grpc-default-executor-7] INFO  impl.RaftServerProxy (RaftServerProxy.java:remove(95)) - 826a4c15-f032-4805-8cf4-5e11fe4a99d7: remove group-F484CCC1AA7A:null
2019-09-12 04:07:24,839 [RatisPipelineUtilsThread] WARN  pipeline.RatisPipelineUtils (RatisPipelineUtils.java:destroyPipeline(66)) - Pipeline destroy failed for pipeline=PipelineID=743e7b28-aad9-4826-95d5-f484ccc1aa7a dn=826a4c15-f032-4805-8cf4-5e11fe4a99d7{ip: 192.168.34.8, host: pr-hdds-1879-pbs75-1821932185, networkLocation: /default-rack, certSerialId: null}
2019-09-12 04:07:24,842 [grpc-default-executor-7] INFO  impl.RaftServerProxy (RaftServerProxy.java:remove(95)) - fc0aded7-5090-49ad-a6b0-e16cfe155c18: remove group-F484CCC1AA7A:null
2019-09-12 04:07:24,845 [RatisPipelineUtilsThread] WARN  pipeline.RatisPipelineUtils (RatisPipelineUtils.java:destroyPipeline(66)) - Pipeline destroy failed for pipeline=PipelineID=743e7b28-aad9-4826-95d5-f484ccc1aa7a dn=fc0aded7-5090-49ad-a6b0-e16cfe155c18{ip: 192.168.34.8, host: pr-hdds-1879-pbs75-1821932185, networkLocation: /default-rack, certSerialId: null}
2019-09-12 04:07:24,848 [grpc-default-executor-7] INFO  impl.RaftServerProxy (RaftServerProxy.java:remove(95)) - cfbaf9ff-a5d2-4350-abbf-bcb1aefbe8d3: remove group-F484CCC1AA7A:null
2019-09-12 04:07:24,850 [RatisPipelineUtilsThread] WARN  pipeline.RatisPipelineUtils (RatisPipelineUtils.java:destroyPipeline(66)) - Pipeline destroy failed for pipeline=PipelineID=743e7b28-aad9-4826-95d5-f484ccc1aa7a dn=cfbaf9ff-a5d2-4350-abbf-bcb1aefbe8d3{ip: 192.168.34.8, host: pr-hdds-1879-pbs75-1821932185, networkLocation: /default-rack, certSerialId: null}
2019-09-12 04:07:24,851 [RatisPipelineUtilsThread] ERROR pipeline.SCMPipelineManager (Scheduler.java:lambda$schedule$1(70)) - Destroy pipeline failed for pipeline:Pipeline[ Id: 743e7b28-aad9-4826-95d5-f484ccc1aa7a, Nodes: 826a4c15-f032-4805-8cf4-5e11fe4a99d7{ip: 192.168.34.8, host: pr-hdds-1879-pbs75-1821932185, networkLocation: /default-rack, certSerialId: null}fc0aded7-5090-49ad-a6b0-e16cfe155c18{ip: 192.168.34.8, host: pr-hdds-1879-pbs75-1821932185, networkLocation: /default-rack, certSerialId: null}cfbaf9ff-a5d2-4350-abbf-bcb1aefbe8d3{ip: 192.168.34.8, host: pr-hdds-1879-pbs75-1821932185, networkLocation: /default-rack, certSerialId: null}, Type:RATIS, Factor:THREE, State:CLOSED]
org.apache.hadoop.hdds.scm.pipeline.PipelineNotFoundException: PipelineID=743e7b28-aad9-4826-95d5-f484ccc1aa7a not found
	at org.apache.hadoop.hdds.scm.pipeline.PipelineStateMap.getPipeline(PipelineStateMap.java:132)
	at org.apache.hadoop.hdds.scm.pipeline.PipelineStateMap.removePipeline(PipelineStateMap.java:322)
	at org.apache.hadoop.hdds.scm.pipeline.PipelineStateManager.removePipeline(PipelineStateManager.java:107)
	at org.apache.hadoop.hdds.scm.pipeline.SCMPipelineManager.removePipeline(SCMPipelineManager.java:423)
	at org.apache.hadoop.hdds.scm.pipeline.SCMPipelineManager.destroyPipeline(SCMPipelineManager.java:409)
	at org.apache.hadoop.hdds.scm.pipeline.SCMPipelineManager.lambda$finalizeAndDestroyPipeline$0(SCMPipelineManager.java:318)
	at org.apache.hadoop.utils.Scheduler.lambda$schedule$1(Scheduler.java:68)
	at java.util.concurrent.Executors$RunnableAdapter.call(Executors.java:511)
	at java.util.concurrent.FutureTask.run(FutureTask.java:266)
	at java.util.concurrent.ScheduledThreadPoolExecutor$ScheduledFutureTask.access$201(ScheduledThreadPoolExecutor.java:180)
	at java.util.concurrent.ScheduledThreadPoolExecutor$ScheduledFutureTask.run(ScheduledThreadPoolExecutor.java:293)
	at java.util.concurrent.ThreadPoolExecutor.runWorker(ThreadPoolExecutor.java:1149)
	at java.util.concurrent.ThreadPoolExecutor$Worker.run(ThreadPoolExecutor.java:624)
	at java.lang.Thread.run(Thread.java:748)
2019-09-12 04:07:24,855 [grpc-default-executor-7] INFO  impl.RaftServerProxy (RaftServerProxy.java:remove(95)) - 826a4c15-f032-4805-8cf4-5e11fe4a99d7: remove group-F484CCC1AA7A:null
2019-09-12 04:07:24,857 [RatisPipelineUtilsThread] WARN  pipeline.RatisPipelineUtils (RatisPipelineUtils.java:destroyPipeline(66)) - Pipeline destroy failed for pipeline=PipelineID=743e7b28-aad9-4826-95d5-f484ccc1aa7a dn=826a4c15-f032-4805-8cf4-5e11fe4a99d7{ip: 192.168.34.8, host: pr-hdds-1879-pbs75-1821932185, networkLocation: /default-rack, certSerialId: null}
2019-09-12 04:07:24,860 [grpc-default-executor-7] INFO  impl.RaftServerProxy (RaftServerProxy.java:remove(95)) - fc0aded7-5090-49ad-a6b0-e16cfe155c18: remove group-F484CCC1AA7A:null
2019-09-12 04:07:24,862 [RatisPipelineUtilsThread] WARN  pipeline.RatisPipelineUtils (RatisPipelineUtils.java:destroyPipeline(66)) - Pipeline destroy failed for pipeline=PipelineID=743e7b28-aad9-4826-95d5-f484ccc1aa7a dn=fc0aded7-5090-49ad-a6b0-e16cfe155c18{ip: 192.168.34.8, host: pr-hdds-1879-pbs75-1821932185, networkLocation: /default-rack, certSerialId: null}
2019-09-12 04:07:24,865 [grpc-default-executor-7] INFO  impl.RaftServerProxy (RaftServerProxy.java:remove(95)) - cfbaf9ff-a5d2-4350-abbf-bcb1aefbe8d3: remove group-F484CCC1AA7A:null
2019-09-12 04:07:24,867 [RatisPipelineUtilsThread] WARN  pipeline.RatisPipelineUtils (RatisPipelineUtils.java:destroyPipeline(66)) - Pipeline destroy failed for pipeline=PipelineID=743e7b28-aad9-4826-95d5-f484ccc1aa7a dn=cfbaf9ff-a5d2-4350-abbf-bcb1aefbe8d3{ip: 192.168.34.8, host: pr-hdds-1879-pbs75-1821932185, networkLocation: /default-rack, certSerialId: null}
2019-09-12 04:07:24,868 [RatisPipelineUtilsThread] ERROR pipeline.SCMPipelineManager (Scheduler.java:lambda$schedule$1(70)) - Destroy pipeline failed for pipeline:Pipeline[ Id: 743e7b28-aad9-4826-95d5-f484ccc1aa7a, Nodes: 826a4c15-f032-4805-8cf4-5e11fe4a99d7{ip: 192.168.34.8, host: pr-hdds-1879-pbs75-1821932185, networkLocation: /default-rack, certSerialId: null}fc0aded7-5090-49ad-a6b0-e16cfe155c18{ip: 192.168.34.8, host: pr-hdds-1879-pbs75-1821932185, networkLocation: /default-rack, certSerialId: null}cfbaf9ff-a5d2-4350-abbf-bcb1aefbe8d3{ip: 192.168.34.8, host: pr-hdds-1879-pbs75-1821932185, networkLocation: /default-rack, certSerialId: null}, Type:RATIS, Factor:THREE, State:CLOSED]
org.apache.hadoop.hdds.scm.pipeline.PipelineNotFoundException: PipelineID=743e7b28-aad9-4826-95d5-f484ccc1aa7a not found
	at org.apache.hadoop.hdds.scm.pipeline.PipelineStateMap.getPipeline(PipelineStateMap.java:132)
	at org.apache.hadoop.hdds.scm.pipeline.PipelineStateMap.removePipeline(PipelineStateMap.java:322)
	at org.apache.hadoop.hdds.scm.pipeline.PipelineStateManager.removePipeline(PipelineStateManager.java:107)
	at org.apache.hadoop.hdds.scm.pipeline.SCMPipelineManager.removePipeline(SCMPipelineManager.java:423)
	at org.apache.hadoop.hdds.scm.pipeline.SCMPipelineManager.destroyPipeline(SCMPipelineManager.java:409)
	at org.apache.hadoop.hdds.scm.pipeline.SCMPipelineManager.lambda$finalizeAndDestroyPipeline$0(SCMPipelineManager.java:318)
	at org.apache.hadoop.utils.Scheduler.lambda$schedule$1(Scheduler.java:68)
	at java.util.concurrent.Executors$RunnableAdapter.call(Executors.java:511)
	at java.util.concurrent.FutureTask.run(FutureTask.java:266)
	at java.util.concurrent.ScheduledThreadPoolExecutor$ScheduledFutureTask.access$201(ScheduledThreadPoolExecutor.java:180)
	at java.util.concurrent.ScheduledThreadPoolExecutor$ScheduledFutureTask.run(ScheduledThreadPoolExecutor.java:293)
	at java.util.concurrent.ThreadPoolExecutor.runWorker(ThreadPoolExecutor.java:1149)
	at java.util.concurrent.ThreadPoolExecutor$Worker.run(ThreadPoolExecutor.java:624)
	at java.lang.Thread.run(Thread.java:748)
2019-09-12 04:07:25,046 [grpc-default-executor-7] INFO  impl.RaftServerProxy (RaftServerProxy.java:remove(95)) - 826a4c15-f032-4805-8cf4-5e11fe4a99d7: remove group-F484CCC1AA7A:null
2019-09-12 04:07:25,049 [RatisPipelineUtilsThread] WARN  pipeline.RatisPipelineUtils (RatisPipelineUtils.java:destroyPipeline(66)) - Pipeline destroy failed for pipeline=PipelineID=743e7b28-aad9-4826-95d5-f484ccc1aa7a dn=826a4c15-f032-4805-8cf4-5e11fe4a99d7{ip: 192.168.34.8, host: pr-hdds-1879-pbs75-1821932185, networkLocation: /default-rack, certSerialId: null}
2019-09-12 04:07:25,051 [grpc-default-executor-7] INFO  impl.RaftServerProxy (RaftServerProxy.java:remove(95)) - fc0aded7-5090-49ad-a6b0-e16cfe155c18: remove group-F484CCC1AA7A:null
2019-09-12 04:07:25,053 [RatisPipelineUtilsThread] WARN  pipeline.RatisPipelineUtils (RatisPipelineUtils.java:destroyPipeline(66)) - Pipeline destroy failed for pipeline=PipelineID=743e7b28-aad9-4826-95d5-f484ccc1aa7a dn=fc0aded7-5090-49ad-a6b0-e16cfe155c18{ip: 192.168.34.8, host: pr-hdds-1879-pbs75-1821932185, networkLocation: /default-rack, certSerialId: null}
2019-09-12 04:07:25,055 [grpc-default-executor-7] INFO  impl.RaftServerProxy (RaftServerProxy.java:remove(95)) - cfbaf9ff-a5d2-4350-abbf-bcb1aefbe8d3: remove group-F484CCC1AA7A:null
2019-09-12 04:07:25,057 [RatisPipelineUtilsThread] WARN  pipeline.RatisPipelineUtils (RatisPipelineUtils.java:destroyPipeline(66)) - Pipeline destroy failed for pipeline=PipelineID=743e7b28-aad9-4826-95d5-f484ccc1aa7a dn=cfbaf9ff-a5d2-4350-abbf-bcb1aefbe8d3{ip: 192.168.34.8, host: pr-hdds-1879-pbs75-1821932185, networkLocation: /default-rack, certSerialId: null}
2019-09-12 04:07:25,058 [RatisPipelineUtilsThread] ERROR pipeline.SCMPipelineManager (Scheduler.java:lambda$schedule$1(70)) - Destroy pipeline failed for pipeline:Pipeline[ Id: 743e7b28-aad9-4826-95d5-f484ccc1aa7a, Nodes: 826a4c15-f032-4805-8cf4-5e11fe4a99d7{ip: 192.168.34.8, host: pr-hdds-1879-pbs75-1821932185, networkLocation: /default-rack, certSerialId: null}fc0aded7-5090-49ad-a6b0-e16cfe155c18{ip: 192.168.34.8, host: pr-hdds-1879-pbs75-1821932185, networkLocation: /default-rack, certSerialId: null}cfbaf9ff-a5d2-4350-abbf-bcb1aefbe8d3{ip: 192.168.34.8, host: pr-hdds-1879-pbs75-1821932185, networkLocation: /default-rack, certSerialId: null}, Type:RATIS, Factor:THREE, State:CLOSED]
org.apache.hadoop.hdds.scm.pipeline.PipelineNotFoundException: PipelineID=743e7b28-aad9-4826-95d5-f484ccc1aa7a not found
	at org.apache.hadoop.hdds.scm.pipeline.PipelineStateMap.getPipeline(PipelineStateMap.java:132)
	at org.apache.hadoop.hdds.scm.pipeline.PipelineStateMap.removePipeline(PipelineStateMap.java:322)
	at org.apache.hadoop.hdds.scm.pipeline.PipelineStateManager.removePipeline(PipelineStateManager.java:107)
	at org.apache.hadoop.hdds.scm.pipeline.SCMPipelineManager.removePipeline(SCMPipelineManager.java:423)
	at org.apache.hadoop.hdds.scm.pipeline.SCMPipelineManager.destroyPipeline(SCMPipelineManager.java:409)
	at org.apache.hadoop.hdds.scm.pipeline.SCMPipelineManager.lambda$finalizeAndDestroyPipeline$0(SCMPipelineManager.java:318)
	at org.apache.hadoop.utils.Scheduler.lambda$schedule$1(Scheduler.java:68)
	at java.util.concurrent.Executors$RunnableAdapter.call(Executors.java:511)
	at java.util.concurrent.FutureTask.run(FutureTask.java:266)
	at java.util.concurrent.ScheduledThreadPoolExecutor$ScheduledFutureTask.access$201(ScheduledThreadPoolExecutor.java:180)
	at java.util.concurrent.ScheduledThreadPoolExecutor$ScheduledFutureTask.run(ScheduledThreadPoolExecutor.java:293)
	at java.util.concurrent.ThreadPoolExecutor.runWorker(ThreadPoolExecutor.java:1149)
	at java.util.concurrent.ThreadPoolExecutor$Worker.run(ThreadPoolExecutor.java:624)
	at java.lang.Thread.run(Thread.java:748)
2019-09-12 04:07:25,182 [grpc-default-executor-7] INFO  impl.RaftServerProxy (RaftServerProxy.java:remove(95)) - 826a4c15-f032-4805-8cf4-5e11fe4a99d7: remove group-F484CCC1AA7A:null
2019-09-12 04:07:25,185 [RatisPipelineUtilsThread] WARN  pipeline.RatisPipelineUtils (RatisPipelineUtils.java:destroyPipeline(66)) - Pipeline destroy failed for pipeline=PipelineID=743e7b28-aad9-4826-95d5-f484ccc1aa7a dn=826a4c15-f032-4805-8cf4-5e11fe4a99d7{ip: 192.168.34.8, host: pr-hdds-1879-pbs75-1821932185, networkLocation: /default-rack, certSerialId: null}
2019-09-12 04:07:25,187 [grpc-default-executor-7] INFO  impl.RaftServerProxy (RaftServerProxy.java:remove(95)) - fc0aded7-5090-49ad-a6b0-e16cfe155c18: remove group-F484CCC1AA7A:null
2019-09-12 04:07:25,189 [RatisPipelineUtilsThread] WARN  pipeline.RatisPipelineUtils (RatisPipelineUtils.java:destroyPipeline(66)) - Pipeline destroy failed for pipeline=PipelineID=743e7b28-aad9-4826-95d5-f484ccc1aa7a dn=fc0aded7-5090-49ad-a6b0-e16cfe155c18{ip: 192.168.34.8, host: pr-hdds-1879-pbs75-1821932185, networkLocation: /default-rack, certSerialId: null}
2019-09-12 04:07:25,192 [grpc-default-executor-7] INFO  impl.RaftServerProxy (RaftServerProxy.java:remove(95)) - cfbaf9ff-a5d2-4350-abbf-bcb1aefbe8d3: remove group-F484CCC1AA7A:null
2019-09-12 04:07:25,194 [RatisPipelineUtilsThread] WARN  pipeline.RatisPipelineUtils (RatisPipelineUtils.java:destroyPipeline(66)) - Pipeline destroy failed for pipeline=PipelineID=743e7b28-aad9-4826-95d5-f484ccc1aa7a dn=cfbaf9ff-a5d2-4350-abbf-bcb1aefbe8d3{ip: 192.168.34.8, host: pr-hdds-1879-pbs75-1821932185, networkLocation: /default-rack, certSerialId: null}
2019-09-12 04:07:25,195 [RatisPipelineUtilsThread] ERROR pipeline.SCMPipelineManager (Scheduler.java:lambda$schedule$1(70)) - Destroy pipeline failed for pipeline:Pipeline[ Id: 743e7b28-aad9-4826-95d5-f484ccc1aa7a, Nodes: 826a4c15-f032-4805-8cf4-5e11fe4a99d7{ip: 192.168.34.8, host: pr-hdds-1879-pbs75-1821932185, networkLocation: /default-rack, certSerialId: null}fc0aded7-5090-49ad-a6b0-e16cfe155c18{ip: 192.168.34.8, host: pr-hdds-1879-pbs75-1821932185, networkLocation: /default-rack, certSerialId: null}cfbaf9ff-a5d2-4350-abbf-bcb1aefbe8d3{ip: 192.168.34.8, host: pr-hdds-1879-pbs75-1821932185, networkLocation: /default-rack, certSerialId: null}, Type:RATIS, Factor:THREE, State:CLOSED]
org.apache.hadoop.hdds.scm.pipeline.PipelineNotFoundException: PipelineID=743e7b28-aad9-4826-95d5-f484ccc1aa7a not found
	at org.apache.hadoop.hdds.scm.pipeline.PipelineStateMap.getPipeline(PipelineStateMap.java:132)
	at org.apache.hadoop.hdds.scm.pipeline.PipelineStateMap.removePipeline(PipelineStateMap.java:322)
	at org.apache.hadoop.hdds.scm.pipeline.PipelineStateManager.removePipeline(PipelineStateManager.java:107)
	at org.apache.hadoop.hdds.scm.pipeline.SCMPipelineManager.removePipeline(SCMPipelineManager.java:423)
	at org.apache.hadoop.hdds.scm.pipeline.SCMPipelineManager.destroyPipeline(SCMPipelineManager.java:409)
	at org.apache.hadoop.hdds.scm.pipeline.SCMPipelineManager.lambda$finalizeAndDestroyPipeline$0(SCMPipelineManager.java:318)
	at org.apache.hadoop.utils.Scheduler.lambda$schedule$1(Scheduler.java:68)
	at java.util.concurrent.Executors$RunnableAdapter.call(Executors.java:511)
	at java.util.concurrent.FutureTask.run(FutureTask.java:266)
	at java.util.concurrent.ScheduledThreadPoolExecutor$ScheduledFutureTask.access$201(ScheduledThreadPoolExecutor.java:180)
	at java.util.concurrent.ScheduledThreadPoolExecutor$ScheduledFutureTask.run(ScheduledThreadPoolExecutor.java:293)
	at java.util.concurrent.ThreadPoolExecutor.runWorker(ThreadPoolExecutor.java:1149)
	at java.util.concurrent.ThreadPoolExecutor$Worker.run(ThreadPoolExecutor.java:624)
	at java.lang.Thread.run(Thread.java:748)
2019-09-12 04:07:25,869 [java.util.concurrent.ThreadPoolExecutor$Worker@4b485f37[State = -1, empty queue]] WARN  server.GrpcLogAppender (GrpcLogAppender.java:timeoutAppendRequest(200)) - d16d800f-a890-4a7a-bda4-5bf97a65c0f2@group-1AC969952D72->e74ea0f8-bf41-4d93-a1fd-ac84c2b46512-GrpcLogAppender: appendEntries Timeout, request=d16d800f-a890-4a7a-bda4-5bf97a65c0f2->e74ea0f8-bf41-4d93-a1fd-ac84c2b46512#119-t1, previous=(t:1, i:21), leaderCommit=15, initializing? false, entries: <empty>
2019-09-12 04:07:25,869 [java.util.concurrent.ThreadPoolExecutor$Worker@792bad54[State = -1, empty queue]] WARN  server.GrpcLogAppender (GrpcLogAppender.java:timeoutAppendRequest(200)) - d16d800f-a890-4a7a-bda4-5bf97a65c0f2@group-1AC969952D72->41a8e196-af5b-4c71-b4d4-8d03270b35a0-GrpcLogAppender: appendEntries Timeout, request=d16d800f-a890-4a7a-bda4-5bf97a65c0f2->41a8e196-af5b-4c71-b4d4-8d03270b35a0#119-t1, previous=(t:1, i:21), leaderCommit=15, initializing? false, entries: <empty>
2019-09-12 04:07:25,950 [grpc-default-executor-8] INFO  client.GrpcClientProtocolClient (GrpcClientProtocolClient.java:onNext(264)) - client-38E6C04ACA0A->41a8e196-af5b-4c71-b4d4-8d03270b35a0: receive RaftClientReply:client-38E6C04ACA0A->41a8e196-af5b-4c71-b4d4-8d03270b35a0@group-1AC969952D72, cid=143, FAILED org.apache.ratis.protocol.NotLeaderException: Server 41a8e196-af5b-4c71-b4d4-8d03270b35a0@group-1AC969952D72 is not the leader d16d800f-a890-4a7a-bda4-5bf97a65c0f2:192.168.34.8:33400, logIndex=0, commits[41a8e196-af5b-4c71-b4d4-8d03270b35a0:c15, e74ea0f8-bf41-4d93-a1fd-ac84c2b46512:c13, d16d800f-a890-4a7a-bda4-5bf97a65c0f2:c15]
2019-09-12 04:07:28,370 [java.util.concurrent.ThreadPoolExecutor$Worker@792bad54[State = -1, empty queue]] WARN  server.GrpcLogAppender (GrpcLogAppender.java:timeoutAppendRequest(200)) - d16d800f-a890-4a7a-bda4-5bf97a65c0f2@group-1AC969952D72->41a8e196-af5b-4c71-b4d4-8d03270b35a0-GrpcLogAppender: appendEntries Timeout, request=d16d800f-a890-4a7a-bda4-5bf97a65c0f2->41a8e196-af5b-4c71-b4d4-8d03270b35a0#120-t1, previous=(t:1, i:21), leaderCommit=15, initializing? false, entries: <empty>
2019-09-12 04:07:28,370 [java.util.concurrent.ThreadPoolExecutor$Worker@4b485f37[State = -1, empty queue]] WARN  server.GrpcLogAppender (GrpcLogAppender.java:timeoutAppendRequest(200)) - d16d800f-a890-4a7a-bda4-5bf97a65c0f2@group-1AC969952D72->e74ea0f8-bf41-4d93-a1fd-ac84c2b46512-GrpcLogAppender: appendEntries Timeout, request=d16d800f-a890-4a7a-bda4-5bf97a65c0f2->e74ea0f8-bf41-4d93-a1fd-ac84c2b46512#120-t1, previous=(t:1, i:21), leaderCommit=15, initializing? false, entries: <empty>
2019-09-12 04:07:30,364 [e74ea0f8-bf41-4d93-a1fd-ac84c2b46512@group-1AC969952D72-SegmentedRaftLogWorker] WARN  segmented.SegmentedRaftLogWorker (SegmentedRaftLogWorker.java:getFromFuture(90)) - Timeout 6/~
org.apache.ratis.protocol.TimeoutIOException: Timeout 10s: WriteLog:16: (t:1, i:16), STATEMACHINELOGENTRY, client-38E6C04ACA0A, cid=143-writeStateMachineData
	at org.apache.ratis.util.IOUtils.getFromFuture(IOUtils.java:87)
	at org.apache.ratis.server.raftlog.segmented.SegmentedRaftLogWorker$StateMachineDataPolicy.getFromFuture(SegmentedRaftLogWorker.java:87)
	at org.apache.ratis.server.raftlog.segmented.SegmentedRaftLogWorker$WriteLog.execute(SegmentedRaftLogWorker.java:477)
	at org.apache.ratis.server.raftlog.segmented.SegmentedRaftLogWorker.run(SegmentedRaftLogWorker.java:289)
	at java.lang.Thread.run(Thread.java:748)
Caused by: java.util.concurrent.TimeoutException
	at java.util.concurrent.CompletableFuture.timedGet(CompletableFuture.java:1771)
	at java.util.concurrent.CompletableFuture.get(CompletableFuture.java:1915)
	at org.apache.ratis.util.IOUtils.getFromFuture(IOUtils.java:79)
	... 4 more
2019-09-12 04:07:30,506 [41a8e196-af5b-4c71-b4d4-8d03270b35a0@group-1AC969952D72-SegmentedRaftLogWorker] WARN  segmented.SegmentedRaftLogWorker (SegmentedRaftLogWorker.java:getFromFuture(90)) - Timeout 6/~
org.apache.ratis.protocol.TimeoutIOException: Timeout 10s: WriteLog:19: (t:1, i:19), STATEMACHINELOGENTRY, client-38E6C04ACA0A, cid=146-writeStateMachineData
	at org.apache.ratis.util.IOUtils.getFromFuture(IOUtils.java:87)
	at org.apache.ratis.server.raftlog.segmented.SegmentedRaftLogWorker$StateMachineDataPolicy.getFromFuture(SegmentedRaftLogWorker.java:87)
	at org.apache.ratis.server.raftlog.segmented.SegmentedRaftLogWorker$WriteLog.execute(SegmentedRaftLogWorker.java:477)
	at org.apache.ratis.server.raftlog.segmented.SegmentedRaftLogWorker.run(SegmentedRaftLogWorker.java:289)
	at java.lang.Thread.run(Thread.java:748)
Caused by: java.util.concurrent.TimeoutException
	at java.util.concurrent.CompletableFuture.timedGet(CompletableFuture.java:1771)
	at java.util.concurrent.CompletableFuture.get(CompletableFuture.java:1915)
	at org.apache.ratis.util.IOUtils.getFromFuture(IOUtils.java:79)
	... 4 more
2019-09-12 04:07:30,533 [d16d800f-a890-4a7a-bda4-5bf97a65c0f2@group-1AC969952D72-SegmentedRaftLogWorker] WARN  segmented.SegmentedRaftLogWorker (SegmentedRaftLogWorker.java:getFromFuture(90)) - Timeout 6/~
org.apache.ratis.protocol.TimeoutIOException: Timeout 10s: WriteLog:17: (t:1, i:17), STATEMACHINELOGENTRY, client-38E6C04ACA0A, cid=144-writeStateMachineData
	at org.apache.ratis.util.IOUtils.getFromFuture(IOUtils.java:87)
	at org.apache.ratis.server.raftlog.segmented.SegmentedRaftLogWorker$StateMachineDataPolicy.getFromFuture(SegmentedRaftLogWorker.java:87)
	at org.apache.ratis.server.raftlog.segmented.SegmentedRaftLogWorker$WriteLog.execute(SegmentedRaftLogWorker.java:477)
	at org.apache.ratis.server.raftlog.segmented.SegmentedRaftLogWorker.run(SegmentedRaftLogWorker.java:289)
	at java.lang.Thread.run(Thread.java:748)
Caused by: java.util.concurrent.TimeoutException
	at java.util.concurrent.CompletableFuture.timedGet(CompletableFuture.java:1771)
	at java.util.concurrent.CompletableFuture.get(CompletableFuture.java:1915)
	at org.apache.ratis.util.IOUtils.getFromFuture(IOUtils.java:79)
	... 4 more
2019-09-12 04:07:30,870 [java.util.concurrent.ThreadPoolExecutor$Worker@792bad54[State = -1, empty queue]] WARN  server.GrpcLogAppender (GrpcLogAppender.java:timeoutAppendRequest(200)) - d16d800f-a890-4a7a-bda4-5bf97a65c0f2@group-1AC969952D72->41a8e196-af5b-4c71-b4d4-8d03270b35a0-GrpcLogAppender: appendEntries Timeout, request=d16d800f-a890-4a7a-bda4-5bf97a65c0f2->41a8e196-af5b-4c71-b4d4-8d03270b35a0#121-t1, previous=(t:1, i:21), leaderCommit=15, initializing? false, entries: <empty>
2019-09-12 04:07:30,870 [java.util.concurrent.ThreadPoolExecutor$Worker@4b485f37[State = -1, empty queue]] WARN  server.GrpcLogAppender (GrpcLogAppender.java:timeoutAppendRequest(200)) - d16d800f-a890-4a7a-bda4-5bf97a65c0f2@group-1AC969952D72->e74ea0f8-bf41-4d93-a1fd-ac84c2b46512-GrpcLogAppender: appendEntries Timeout, request=d16d800f-a890-4a7a-bda4-5bf97a65c0f2->e74ea0f8-bf41-4d93-a1fd-ac84c2b46512#121-t1, previous=(t:1, i:21), leaderCommit=15, initializing? false, entries: <empty>
2019-09-12 04:07:31,001 [grpc-default-executor-8] INFO  client.GrpcClientProtocolClient (GrpcClientProtocolClient.java:onNext(264)) - client-38E6C04ACA0A->e74ea0f8-bf41-4d93-a1fd-ac84c2b46512: receive RaftClientReply:client-38E6C04ACA0A->e74ea0f8-bf41-4d93-a1fd-ac84c2b46512@group-1AC969952D72, cid=143, FAILED org.apache.ratis.protocol.NotLeaderException: Server e74ea0f8-bf41-4d93-a1fd-ac84c2b46512@group-1AC969952D72 is not the leader d16d800f-a890-4a7a-bda4-5bf97a65c0f2:192.168.34.8:33400, logIndex=0, commits[e74ea0f8-bf41-4d93-a1fd-ac84c2b46512:c15, 41a8e196-af5b-4c71-b4d4-8d03270b35a0:c13, d16d800f-a890-4a7a-bda4-5bf97a65c0f2:c15]
2019-09-12 04:07:33,371 [java.util.concurrent.ThreadPoolExecutor$Worker@4b485f37[State = -1, empty queue]] WARN  server.GrpcLogAppender (GrpcLogAppender.java:timeoutAppendRequest(200)) - d16d800f-a890-4a7a-bda4-5bf97a65c0f2@group-1AC969952D72->e74ea0f8-bf41-4d93-a1fd-ac84c2b46512-GrpcLogAppender: appendEntries Timeout, request=d16d800f-a890-4a7a-bda4-5bf97a65c0f2->e74ea0f8-bf41-4d93-a1fd-ac84c2b46512#122-t1, previous=(t:1, i:21), leaderCommit=15, initializing? false, entries: <empty>
2019-09-12 04:07:33,371 [java.util.concurrent.ThreadPoolExecutor$Worker@792bad54[State = -1, empty queue]] WARN  server.GrpcLogAppender (GrpcLogAppender.java:timeoutAppendRequest(200)) - d16d800f-a890-4a7a-bda4-5bf97a65c0f2@group-1AC969952D72->41a8e196-af5b-4c71-b4d4-8d03270b35a0-GrpcLogAppender: appendEntries Timeout, request=d16d800f-a890-4a7a-bda4-5bf97a65c0f2->41a8e196-af5b-4c71-b4d4-8d03270b35a0#122-t1, previous=(t:1, i:21), leaderCommit=15, initializing? false, entries: <empty>
2019-09-12 04:07:35,871 [java.util.concurrent.ThreadPoolExecutor$Worker@4b485f37[State = -1, empty queue]] WARN  server.GrpcLogAppender (GrpcLogAppender.java:timeoutAppendRequest(200)) - d16d800f-a890-4a7a-bda4-5bf97a65c0f2@group-1AC969952D72->e74ea0f8-bf41-4d93-a1fd-ac84c2b46512-GrpcLogAppender: appendEntries Timeout, request=d16d800f-a890-4a7a-bda4-5bf97a65c0f2->e74ea0f8-bf41-4d93-a1fd-ac84c2b46512#123-t1, previous=(t:1, i:21), leaderCommit=15, initializing? false, entries: <empty>
2019-09-12 04:07:35,871 [java.util.concurrent.ThreadPoolExecutor$Worker@792bad54[State = -1, empty queue]] WARN  server.GrpcLogAppender (GrpcLogAppender.java:timeoutAppendRequest(200)) - d16d800f-a890-4a7a-bda4-5bf97a65c0f2@group-1AC969952D72->41a8e196-af5b-4c71-b4d4-8d03270b35a0-GrpcLogAppender: appendEntries Timeout, request=d16d800f-a890-4a7a-bda4-5bf97a65c0f2->41a8e196-af5b-4c71-b4d4-8d03270b35a0#123-t1, previous=(t:1, i:21), leaderCommit=15, initializing? false, entries: <empty>
2019-09-12 04:07:36,053 [grpc-default-executor-7] INFO  client.GrpcClientProtocolClient (GrpcClientProtocolClient.java:onNext(264)) - client-38E6C04ACA0A->41a8e196-af5b-4c71-b4d4-8d03270b35a0: receive RaftClientReply:client-38E6C04ACA0A->41a8e196-af5b-4c71-b4d4-8d03270b35a0@group-1AC969952D72, cid=143, FAILED org.apache.ratis.protocol.NotLeaderException: Server 41a8e196-af5b-4c71-b4d4-8d03270b35a0@group-1AC969952D72 is not the leader d16d800f-a890-4a7a-bda4-5bf97a65c0f2:192.168.34.8:33400, logIndex=0, commits[41a8e196-af5b-4c71-b4d4-8d03270b35a0:c15, e74ea0f8-bf41-4d93-a1fd-ac84c2b46512:c13, d16d800f-a890-4a7a-bda4-5bf97a65c0f2:c15]
2019-09-12 04:07:38,371 [java.util.concurrent.ThreadPoolExecutor$Worker@4b485f37[State = -1, empty queue]] WARN  server.GrpcLogAppender (GrpcLogAppender.java:timeoutAppendRequest(200)) - d16d800f-a890-4a7a-bda4-5bf97a65c0f2@group-1AC969952D72->e74ea0f8-bf41-4d93-a1fd-ac84c2b46512-GrpcLogAppender: appendEntries Timeout, request=d16d800f-a890-4a7a-bda4-5bf97a65c0f2->e74ea0f8-bf41-4d93-a1fd-ac84c2b46512#124-t1, previous=(t:1, i:21), leaderCommit=15, initializing? false, entries: <empty>
2019-09-12 04:07:38,371 [java.util.concurrent.ThreadPoolExecutor$Worker@792bad54[State = -1, empty queue]] WARN  server.GrpcLogAppender (GrpcLogAppender.java:timeoutAppendRequest(200)) - d16d800f-a890-4a7a-bda4-5bf97a65c0f2@group-1AC969952D72->41a8e196-af5b-4c71-b4d4-8d03270b35a0-GrpcLogAppender: appendEntries Timeout, request=d16d800f-a890-4a7a-bda4-5bf97a65c0f2->41a8e196-af5b-4c71-b4d4-8d03270b35a0#124-t1, previous=(t:1, i:21), leaderCommit=15, initializing? false, entries: <empty>
2019-09-12 04:07:40,366 [e74ea0f8-bf41-4d93-a1fd-ac84c2b46512@group-1AC969952D72-SegmentedRaftLogWorker] WARN  segmented.SegmentedRaftLogWorker (SegmentedRaftLogWorker.java:getFromFuture(90)) - Timeout 7/~
org.apache.ratis.protocol.TimeoutIOException: Timeout 10s: WriteLog:16: (t:1, i:16), STATEMACHINELOGENTRY, client-38E6C04ACA0A, cid=143-writeStateMachineData
	at org.apache.ratis.util.IOUtils.getFromFuture(IOUtils.java:87)
	at org.apache.ratis.server.raftlog.segmented.SegmentedRaftLogWorker$StateMachineDataPolicy.getFromFuture(SegmentedRaftLogWorker.java:87)
	at org.apache.ratis.server.raftlog.segmented.SegmentedRaftLogWorker$WriteLog.execute(SegmentedRaftLogWorker.java:477)
	at org.apache.ratis.server.raftlog.segmented.SegmentedRaftLogWorker.run(SegmentedRaftLogWorker.java:289)
	at java.lang.Thread.run(Thread.java:748)
Caused by: java.util.concurrent.TimeoutException
	at java.util.concurrent.CompletableFuture.timedGet(CompletableFuture.java:1771)
	at java.util.concurrent.CompletableFuture.get(CompletableFuture.java:1915)
	at org.apache.ratis.util.IOUtils.getFromFuture(IOUtils.java:79)
	... 4 more
2019-09-12 04:07:40,533 [41a8e196-af5b-4c71-b4d4-8d03270b35a0@group-1AC969952D72-SegmentedRaftLogWorker] WARN  segmented.SegmentedRaftLogWorker (SegmentedRaftLogWorker.java:getFromFuture(90)) - Timeout 7/~
org.apache.ratis.protocol.TimeoutIOException: Timeout 10s: WriteLog:19: (t:1, i:19), STATEMACHINELOGENTRY, client-38E6C04ACA0A, cid=146-writeStateMachineData
	at org.apache.ratis.util.IOUtils.getFromFuture(IOUtils.java:87)
	at org.apache.ratis.server.raftlog.segmented.SegmentedRaftLogWorker$StateMachineDataPolicy.getFromFuture(SegmentedRaftLogWorker.java:87)
	at org.apache.ratis.server.raftlog.segmented.SegmentedRaftLogWorker$WriteLog.execute(SegmentedRaftLogWorker.java:477)
	at org.apache.ratis.server.raftlog.segmented.SegmentedRaftLogWorker.run(SegmentedRaftLogWorker.java:289)
	at java.lang.Thread.run(Thread.java:748)
Caused by: java.util.concurrent.TimeoutException
	at java.util.concurrent.CompletableFuture.timedGet(CompletableFuture.java:1771)
	at java.util.concurrent.CompletableFuture.get(CompletableFuture.java:1915)
	at org.apache.ratis.util.IOUtils.getFromFuture(IOUtils.java:79)
	... 4 more
2019-09-12 04:07:40,533 [d16d800f-a890-4a7a-bda4-5bf97a65c0f2@group-1AC969952D72-SegmentedRaftLogWorker] WARN  segmented.SegmentedRaftLogWorker (SegmentedRaftLogWorker.java:getFromFuture(90)) - Timeout 7/~
org.apache.ratis.protocol.TimeoutIOException: Timeout 10s: WriteLog:17: (t:1, i:17), STATEMACHINELOGENTRY, client-38E6C04ACA0A, cid=144-writeStateMachineData
	at org.apache.ratis.util.IOUtils.getFromFuture(IOUtils.java:87)
	at org.apache.ratis.server.raftlog.segmented.SegmentedRaftLogWorker$StateMachineDataPolicy.getFromFuture(SegmentedRaftLogWorker.java:87)
	at org.apache.ratis.server.raftlog.segmented.SegmentedRaftLogWorker$WriteLog.execute(SegmentedRaftLogWorker.java:477)
	at org.apache.ratis.server.raftlog.segmented.SegmentedRaftLogWorker.run(SegmentedRaftLogWorker.java:289)
	at java.lang.Thread.run(Thread.java:748)
Caused by: java.util.concurrent.TimeoutException
	at java.util.concurrent.CompletableFuture.timedGet(CompletableFuture.java:1771)
	at java.util.concurrent.CompletableFuture.get(CompletableFuture.java:1915)
	at org.apache.ratis.util.IOUtils.getFromFuture(IOUtils.java:79)
	... 4 more
2019-09-12 04:07:40,872 [java.util.concurrent.ThreadPoolExecutor$Worker@792bad54[State = -1, empty queue]] WARN  server.GrpcLogAppender (GrpcLogAppender.java:timeoutAppendRequest(200)) - d16d800f-a890-4a7a-bda4-5bf97a65c0f2@group-1AC969952D72->41a8e196-af5b-4c71-b4d4-8d03270b35a0-GrpcLogAppender: appendEntries Timeout, request=d16d800f-a890-4a7a-bda4-5bf97a65c0f2->41a8e196-af5b-4c71-b4d4-8d03270b35a0#125-t1, previous=(t:1, i:21), leaderCommit=15, initializing? false, entries: <empty>
2019-09-12 04:07:40,872 [java.util.concurrent.ThreadPoolExecutor$Worker@4b485f37[State = -1, empty queue]] WARN  server.GrpcLogAppender (GrpcLogAppender.java:timeoutAppendRequest(200)) - d16d800f-a890-4a7a-bda4-5bf97a65c0f2@group-1AC969952D72->e74ea0f8-bf41-4d93-a1fd-ac84c2b46512-GrpcLogAppender: appendEntries Timeout, request=d16d800f-a890-4a7a-bda4-5bf97a65c0f2->e74ea0f8-bf41-4d93-a1fd-ac84c2b46512#125-t1, previous=(t:1, i:21), leaderCommit=15, initializing? false, entries: <empty>
2019-09-12 04:07:41,094 [grpc-default-executor-7] INFO  client.GrpcClientProtocolClient (GrpcClientProtocolClient.java:onNext(264)) - client-38E6C04ACA0A->e74ea0f8-bf41-4d93-a1fd-ac84c2b46512: receive RaftClientReply:client-38E6C04ACA0A->e74ea0f8-bf41-4d93-a1fd-ac84c2b46512@group-1AC969952D72, cid=143, FAILED org.apache.ratis.protocol.NotLeaderException: Server e74ea0f8-bf41-4d93-a1fd-ac84c2b46512@group-1AC969952D72 is not the leader d16d800f-a890-4a7a-bda4-5bf97a65c0f2:192.168.34.8:33400, logIndex=0, commits[e74ea0f8-bf41-4d93-a1fd-ac84c2b46512:c15, 41a8e196-af5b-4c71-b4d4-8d03270b35a0:c13, d16d800f-a890-4a7a-bda4-5bf97a65c0f2:c15]
2019-09-12 04:07:43,372 [java.util.concurrent.ThreadPoolExecutor$Worker@4b485f37[State = -1, empty queue]] WARN  server.GrpcLogAppender (GrpcLogAppender.java:timeoutAppendRequest(200)) - d16d800f-a890-4a7a-bda4-5bf97a65c0f2@group-1AC969952D72->e74ea0f8-bf41-4d93-a1fd-ac84c2b46512-GrpcLogAppender: appendEntries Timeout, request=d16d800f-a890-4a7a-bda4-5bf97a65c0f2->e74ea0f8-bf41-4d93-a1fd-ac84c2b46512#126-t1, previous=(t:1, i:21), leaderCommit=15, initializing? false, entries: <empty>
2019-09-12 04:07:43,372 [java.util.concurrent.ThreadPoolExecutor$Worker@792bad54[State = -1, empty queue]] WARN  server.GrpcLogAppender (GrpcLogAppender.java:timeoutAppendRequest(200)) - d16d800f-a890-4a7a-bda4-5bf97a65c0f2@group-1AC969952D72->41a8e196-af5b-4c71-b4d4-8d03270b35a0-GrpcLogAppender: appendEntries Timeout, request=d16d800f-a890-4a7a-bda4-5bf97a65c0f2->41a8e196-af5b-4c71-b4d4-8d03270b35a0#126-t1, previous=(t:1, i:21), leaderCommit=15, initializing? false, entries: <empty>
2019-09-12 04:07:45,872 [java.util.concurrent.ThreadPoolExecutor$Worker@4b485f37[State = -1, empty queue]] WARN  server.GrpcLogAppender (GrpcLogAppender.java:timeoutAppendRequest(200)) - d16d800f-a890-4a7a-bda4-5bf97a65c0f2@group-1AC969952D72->e74ea0f8-bf41-4d93-a1fd-ac84c2b46512-GrpcLogAppender: appendEntries Timeout, request=d16d800f-a890-4a7a-bda4-5bf97a65c0f2->e74ea0f8-bf41-4d93-a1fd-ac84c2b46512#127-t1, previous=(t:1, i:21), leaderCommit=15, initializing? false, entries: <empty>
2019-09-12 04:07:45,873 [java.util.concurrent.ThreadPoolExecutor$Worker@792bad54[State = -1, empty queue]] WARN  server.GrpcLogAppender (GrpcLogAppender.java:timeoutAppendRequest(200)) - d16d800f-a890-4a7a-bda4-5bf97a65c0f2@group-1AC969952D72->41a8e196-af5b-4c71-b4d4-8d03270b35a0-GrpcLogAppender: appendEntries Timeout, request=d16d800f-a890-4a7a-bda4-5bf97a65c0f2->41a8e196-af5b-4c71-b4d4-8d03270b35a0#127-t1, previous=(t:1, i:21), leaderCommit=15, initializing? false, entries: <empty>
2019-09-12 04:07:46,127 [grpc-default-executor-8] INFO  client.GrpcClientProtocolClient (GrpcClientProtocolClient.java:onNext(264)) - client-38E6C04ACA0A->e74ea0f8-bf41-4d93-a1fd-ac84c2b46512: receive RaftClientReply:client-38E6C04ACA0A->e74ea0f8-bf41-4d93-a1fd-ac84c2b46512@group-1AC969952D72, cid=143, FAILED org.apache.ratis.protocol.NotLeaderException: Server e74ea0f8-bf41-4d93-a1fd-ac84c2b46512@group-1AC969952D72 is not the leader d16d800f-a890-4a7a-bda4-5bf97a65c0f2:192.168.34.8:33400, logIndex=0, commits[e74ea0f8-bf41-4d93-a1fd-ac84c2b46512:c15, 41a8e196-af5b-4c71-b4d4-8d03270b35a0:c13, d16d800f-a890-4a7a-bda4-5bf97a65c0f2:c15]
2019-09-12 04:07:48,373 [java.util.concurrent.ThreadPoolExecutor$Worker@792bad54[State = -1, empty queue]] WARN  server.GrpcLogAppender (GrpcLogAppender.java:timeoutAppendRequest(200)) - d16d800f-a890-4a7a-bda4-5bf97a65c0f2@group-1AC969952D72->41a8e196-af5b-4c71-b4d4-8d03270b35a0-GrpcLogAppender: appendEntries Timeout, request=d16d800f-a890-4a7a-bda4-5bf97a65c0f2->41a8e196-af5b-4c71-b4d4-8d03270b35a0#128-t1, previous=(t:1, i:21), leaderCommit=15, initializing? false, entries: <empty>
2019-09-12 04:07:48,373 [java.util.concurrent.ThreadPoolExecutor$Worker@4b485f37[State = -1, empty queue]] WARN  server.GrpcLogAppender (GrpcLogAppender.java:timeoutAppendRequest(200)) - d16d800f-a890-4a7a-bda4-5bf97a65c0f2@group-1AC969952D72->e74ea0f8-bf41-4d93-a1fd-ac84c2b46512-GrpcLogAppender: appendEntries Timeout, request=d16d800f-a890-4a7a-bda4-5bf97a65c0f2->e74ea0f8-bf41-4d93-a1fd-ac84c2b46512#128-t1, previous=(t:1, i:21), leaderCommit=15, initializing? false, entries: <empty>
2019-09-12 04:07:50,367 [e74ea0f8-bf41-4d93-a1fd-ac84c2b46512@group-1AC969952D72-SegmentedRaftLogWorker] WARN  segmented.SegmentedRaftLogWorker (SegmentedRaftLogWorker.java:getFromFuture(90)) - Timeout 8/~
org.apache.ratis.protocol.TimeoutIOException: Timeout 10s: WriteLog:16: (t:1, i:16), STATEMACHINELOGENTRY, client-38E6C04ACA0A, cid=143-writeStateMachineData
	at org.apache.ratis.util.IOUtils.getFromFuture(IOUtils.java:87)
	at org.apache.ratis.server.raftlog.segmented.SegmentedRaftLogWorker$StateMachineDataPolicy.getFromFuture(SegmentedRaftLogWorker.java:87)
	at org.apache.ratis.server.raftlog.segmented.SegmentedRaftLogWorker$WriteLog.execute(SegmentedRaftLogWorker.java:477)
	at org.apache.ratis.server.raftlog.segmented.SegmentedRaftLogWorker.run(SegmentedRaftLogWorker.java:289)
	at java.lang.Thread.run(Thread.java:748)
Caused by: java.util.concurrent.TimeoutException
	at java.util.concurrent.CompletableFuture.timedGet(CompletableFuture.java:1771)
	at java.util.concurrent.CompletableFuture.get(CompletableFuture.java:1915)
	at org.apache.ratis.util.IOUtils.getFromFuture(IOUtils.java:79)
	... 4 more
2019-09-12 04:07:50,533 [41a8e196-af5b-4c71-b4d4-8d03270b35a0@group-1AC969952D72-SegmentedRaftLogWorker] WARN  segmented.SegmentedRaftLogWorker (SegmentedRaftLogWorker.java:getFromFuture(90)) - Timeout 8/~
org.apache.ratis.protocol.TimeoutIOException: Timeout 10s: WriteLog:19: (t:1, i:19), STATEMACHINELOGENTRY, client-38E6C04ACA0A, cid=146-writeStateMachineData
	at org.apache.ratis.util.IOUtils.getFromFuture(IOUtils.java:87)
	at org.apache.ratis.server.raftlog.segmented.SegmentedRaftLogWorker$StateMachineDataPolicy.getFromFuture(SegmentedRaftLogWorker.java:87)
	at org.apache.ratis.server.raftlog.segmented.SegmentedRaftLogWorker$WriteLog.execute(SegmentedRaftLogWorker.java:477)
	at org.apache.ratis.server.raftlog.segmented.SegmentedRaftLogWorker.run(SegmentedRaftLogWorker.java:289)
	at java.lang.Thread.run(Thread.java:748)
Caused by: java.util.concurrent.TimeoutException
	at java.util.concurrent.CompletableFuture.timedGet(CompletableFuture.java:1771)
	at java.util.concurrent.CompletableFuture.get(CompletableFuture.java:1915)
	at org.apache.ratis.util.IOUtils.getFromFuture(IOUtils.java:79)
	... 4 more
2019-09-12 04:07:50,534 [d16d800f-a890-4a7a-bda4-5bf97a65c0f2@group-1AC969952D72-SegmentedRaftLogWorker] WARN  segmented.SegmentedRaftLogWorker (SegmentedRaftLogWorker.java:getFromFuture(90)) - Timeout 8/~
org.apache.ratis.protocol.TimeoutIOException: Timeout 10s: WriteLog:17: (t:1, i:17), STATEMACHINELOGENTRY, client-38E6C04ACA0A, cid=144-writeStateMachineData
	at org.apache.ratis.util.IOUtils.getFromFuture(IOUtils.java:87)
	at org.apache.ratis.server.raftlog.segmented.SegmentedRaftLogWorker$StateMachineDataPolicy.getFromFuture(SegmentedRaftLogWorker.java:87)
	at org.apache.ratis.server.raftlog.segmented.SegmentedRaftLogWorker$WriteLog.execute(SegmentedRaftLogWorker.java:477)
	at org.apache.ratis.server.raftlog.segmented.SegmentedRaftLogWorker.run(SegmentedRaftLogWorker.java:289)
	at java.lang.Thread.run(Thread.java:748)
Caused by: java.util.concurrent.TimeoutException
	at java.util.concurrent.CompletableFuture.timedGet(CompletableFuture.java:1771)
	at java.util.concurrent.CompletableFuture.get(CompletableFuture.java:1915)
	at org.apache.ratis.util.IOUtils.getFromFuture(IOUtils.java:79)
	... 4 more
2019-09-12 04:07:50,873 [java.util.concurrent.ThreadPoolExecutor$Worker@792bad54[State = -1, empty queue]] WARN  server.GrpcLogAppender (GrpcLogAppender.java:timeoutAppendRequest(200)) - d16d800f-a890-4a7a-bda4-5bf97a65c0f2@group-1AC969952D72->41a8e196-af5b-4c71-b4d4-8d03270b35a0-GrpcLogAppender: appendEntries Timeout, request=d16d800f-a890-4a7a-bda4-5bf97a65c0f2->41a8e196-af5b-4c71-b4d4-8d03270b35a0#129-t1, previous=(t:1, i:21), leaderCommit=15, initializing? false, entries: <empty>
2019-09-12 04:07:50,873 [java.util.concurrent.ThreadPoolExecutor$Worker@4b485f37[State = -1, empty queue]] WARN  server.GrpcLogAppender (GrpcLogAppender.java:timeoutAppendRequest(200)) - d16d800f-a890-4a7a-bda4-5bf97a65c0f2@group-1AC969952D72->e74ea0f8-bf41-4d93-a1fd-ac84c2b46512-GrpcLogAppender: appendEntries Timeout, request=d16d800f-a890-4a7a-bda4-5bf97a65c0f2->e74ea0f8-bf41-4d93-a1fd-ac84c2b46512#129-t1, previous=(t:1, i:21), leaderCommit=15, initializing? false, entries: <empty>
2019-09-12 04:07:51,175 [grpc-default-executor-7] INFO  client.GrpcClientProtocolClient (GrpcClientProtocolClient.java:onNext(264)) - client-38E6C04ACA0A->e74ea0f8-bf41-4d93-a1fd-ac84c2b46512: receive RaftClientReply:client-38E6C04ACA0A->e74ea0f8-bf41-4d93-a1fd-ac84c2b46512@group-1AC969952D72, cid=143, FAILED org.apache.ratis.protocol.NotLeaderException: Server e74ea0f8-bf41-4d93-a1fd-ac84c2b46512@group-1AC969952D72 is not the leader d16d800f-a890-4a7a-bda4-5bf97a65c0f2:192.168.34.8:33400, logIndex=0, commits[e74ea0f8-bf41-4d93-a1fd-ac84c2b46512:c15, 41a8e196-af5b-4c71-b4d4-8d03270b35a0:c13, d16d800f-a890-4a7a-bda4-5bf97a65c0f2:c15]
2019-09-12 04:07:53,374 [java.util.concurrent.ThreadPoolExecutor$Worker@4b485f37[State = -1, empty queue]] WARN  server.GrpcLogAppender (GrpcLogAppender.java:timeoutAppendRequest(200)) - d16d800f-a890-4a7a-bda4-5bf97a65c0f2@group-1AC969952D72->e74ea0f8-bf41-4d93-a1fd-ac84c2b46512-GrpcLogAppender: appendEntries Timeout, request=d16d800f-a890-4a7a-bda4-5bf97a65c0f2->e74ea0f8-bf41-4d93-a1fd-ac84c2b46512#130-t1, previous=(t:1, i:21), leaderCommit=15, initializing? false, entries: <empty>
2019-09-12 04:07:53,374 [java.util.concurrent.ThreadPoolExecutor$Worker@792bad54[State = -1, empty queue]] WARN  server.GrpcLogAppender (GrpcLogAppender.java:timeoutAppendRequest(200)) - d16d800f-a890-4a7a-bda4-5bf97a65c0f2@group-1AC969952D72->41a8e196-af5b-4c71-b4d4-8d03270b35a0-GrpcLogAppender: appendEntries Timeout, request=d16d800f-a890-4a7a-bda4-5bf97a65c0f2->41a8e196-af5b-4c71-b4d4-8d03270b35a0#130-t1, previous=(t:1, i:21), leaderCommit=15, initializing? false, entries: <empty>
2019-09-12 04:07:55,874 [java.util.concurrent.ThreadPoolExecutor$Worker@792bad54[State = -1, empty queue]] WARN  server.GrpcLogAppender (GrpcLogAppender.java:timeoutAppendRequest(200)) - d16d800f-a890-4a7a-bda4-5bf97a65c0f2@group-1AC969952D72->41a8e196-af5b-4c71-b4d4-8d03270b35a0-GrpcLogAppender: appendEntries Timeout, request=d16d800f-a890-4a7a-bda4-5bf97a65c0f2->41a8e196-af5b-4c71-b4d4-8d03270b35a0#131-t1, previous=(t:1, i:21), leaderCommit=15, initializing? false, entries: <empty>
2019-09-12 04:07:55,874 [java.util.concurrent.ThreadPoolExecutor$Worker@4b485f37[State = -1, empty queue]] WARN  server.GrpcLogAppender (GrpcLogAppender.java:timeoutAppendRequest(200)) - d16d800f-a890-4a7a-bda4-5bf97a65c0f2@group-1AC969952D72->e74ea0f8-bf41-4d93-a1fd-ac84c2b46512-GrpcLogAppender: appendEntries Timeout, request=d16d800f-a890-4a7a-bda4-5bf97a65c0f2->e74ea0f8-bf41-4d93-a1fd-ac84c2b46512#131-t1, previous=(t:1, i:21), leaderCommit=15, initializing? false, entries: <empty>
2019-09-12 04:07:56,244 [grpc-default-executor-8] INFO  client.GrpcClientProtocolClient (GrpcClientProtocolClient.java:onNext(264)) - client-38E6C04ACA0A->e74ea0f8-bf41-4d93-a1fd-ac84c2b46512: receive RaftClientReply:client-38E6C04ACA0A->e74ea0f8-bf41-4d93-a1fd-ac84c2b46512@group-1AC969952D72, cid=143, FAILED org.apache.ratis.protocol.NotLeaderException: Server e74ea0f8-bf41-4d93-a1fd-ac84c2b46512@group-1AC969952D72 is not the leader d16d800f-a890-4a7a-bda4-5bf97a65c0f2:192.168.34.8:33400, logIndex=0, commits[e74ea0f8-bf41-4d93-a1fd-ac84c2b46512:c15, 41a8e196-af5b-4c71-b4d4-8d03270b35a0:c13, d16d800f-a890-4a7a-bda4-5bf97a65c0f2:c15]
2019-09-12 04:07:58,374 [java.util.concurrent.ThreadPoolExecutor$Worker@4b485f37[State = -1, empty queue]] WARN  server.GrpcLogAppender (GrpcLogAppender.java:timeoutAppendRequest(200)) - d16d800f-a890-4a7a-bda4-5bf97a65c0f2@group-1AC969952D72->e74ea0f8-bf41-4d93-a1fd-ac84c2b46512-GrpcLogAppender: appendEntries Timeout, request=d16d800f-a890-4a7a-bda4-5bf97a65c0f2->e74ea0f8-bf41-4d93-a1fd-ac84c2b46512#132-t1, previous=(t:1, i:21), leaderCommit=15, initializing? false, entries: <empty>
2019-09-12 04:07:58,374 [java.util.concurrent.ThreadPoolExecutor$Worker@792bad54[State = -1, empty queue]] WARN  server.GrpcLogAppender (GrpcLogAppender.java:timeoutAppendRequest(200)) - d16d800f-a890-4a7a-bda4-5bf97a65c0f2@group-1AC969952D72->41a8e196-af5b-4c71-b4d4-8d03270b35a0-GrpcLogAppender: appendEntries Timeout, request=d16d800f-a890-4a7a-bda4-5bf97a65c0f2->41a8e196-af5b-4c71-b4d4-8d03270b35a0#132-t1, previous=(t:1, i:21), leaderCommit=15, initializing? false, entries: <empty>
2019-09-12 04:08:00,368 [e74ea0f8-bf41-4d93-a1fd-ac84c2b46512@group-1AC969952D72-SegmentedRaftLogWorker] WARN  segmented.SegmentedRaftLogWorker (SegmentedRaftLogWorker.java:getFromFuture(90)) - Timeout 9/~
org.apache.ratis.protocol.TimeoutIOException: Timeout 10s: WriteLog:16: (t:1, i:16), STATEMACHINELOGENTRY, client-38E6C04ACA0A, cid=143-writeStateMachineData
	at org.apache.ratis.util.IOUtils.getFromFuture(IOUtils.java:87)
	at org.apache.ratis.server.raftlog.segmented.SegmentedRaftLogWorker$StateMachineDataPolicy.getFromFuture(SegmentedRaftLogWorker.java:87)
	at org.apache.ratis.server.raftlog.segmented.SegmentedRaftLogWorker$WriteLog.execute(SegmentedRaftLogWorker.java:477)
	at org.apache.ratis.server.raftlog.segmented.SegmentedRaftLogWorker.run(SegmentedRaftLogWorker.java:289)
	at java.lang.Thread.run(Thread.java:748)
Caused by: java.util.concurrent.TimeoutException
	at java.util.concurrent.CompletableFuture.timedGet(CompletableFuture.java:1771)
	at java.util.concurrent.CompletableFuture.get(CompletableFuture.java:1915)
	at org.apache.ratis.util.IOUtils.getFromFuture(IOUtils.java:79)
	... 4 more
2019-09-12 04:08:00,534 [41a8e196-af5b-4c71-b4d4-8d03270b35a0@group-1AC969952D72-SegmentedRaftLogWorker] WARN  segmented.SegmentedRaftLogWorker (SegmentedRaftLogWorker.java:getFromFuture(90)) - Timeout 9/~
org.apache.ratis.protocol.TimeoutIOException: Timeout 10s: WriteLog:19: (t:1, i:19), STATEMACHINELOGENTRY, client-38E6C04ACA0A, cid=146-writeStateMachineData
	at org.apache.ratis.util.IOUtils.getFromFuture(IOUtils.java:87)
	at org.apache.ratis.server.raftlog.segmented.SegmentedRaftLogWorker$StateMachineDataPolicy.getFromFuture(SegmentedRaftLogWorker.java:87)
	at org.apache.ratis.server.raftlog.segmented.SegmentedRaftLogWorker$WriteLog.execute(SegmentedRaftLogWorker.java:477)
	at org.apache.ratis.server.raftlog.segmented.SegmentedRaftLogWorker.run(SegmentedRaftLogWorker.java:289)
	at java.lang.Thread.run(Thread.java:748)
Caused by: java.util.concurrent.TimeoutException
	at java.util.concurrent.CompletableFuture.timedGet(CompletableFuture.java:1771)
	at java.util.concurrent.CompletableFuture.get(CompletableFuture.java:1915)
	at org.apache.ratis.util.IOUtils.getFromFuture(IOUtils.java:79)
	... 4 more
2019-09-12 04:08:00,535 [d16d800f-a890-4a7a-bda4-5bf97a65c0f2@group-1AC969952D72-SegmentedRaftLogWorker] WARN  segmented.SegmentedRaftLogWorker (SegmentedRaftLogWorker.java:getFromFuture(90)) - Timeout 9/~
org.apache.ratis.protocol.TimeoutIOException: Timeout 10s: WriteLog:17: (t:1, i:17), STATEMACHINELOGENTRY, client-38E6C04ACA0A, cid=144-writeStateMachineData
	at org.apache.ratis.util.IOUtils.getFromFuture(IOUtils.java:87)
	at org.apache.ratis.server.raftlog.segmented.SegmentedRaftLogWorker$StateMachineDataPolicy.getFromFuture(SegmentedRaftLogWorker.java:87)
	at org.apache.ratis.server.raftlog.segmented.SegmentedRaftLogWorker$WriteLog.execute(SegmentedRaftLogWorker.java:477)
	at org.apache.ratis.server.raftlog.segmented.SegmentedRaftLogWorker.run(SegmentedRaftLogWorker.java:289)
	at java.lang.Thread.run(Thread.java:748)
Caused by: java.util.concurrent.TimeoutException
	at java.util.concurrent.CompletableFuture.timedGet(CompletableFuture.java:1771)
	at java.util.concurrent.CompletableFuture.get(CompletableFuture.java:1915)
	at org.apache.ratis.util.IOUtils.getFromFuture(IOUtils.java:79)
	... 4 more
2019-09-12 04:08:00,874 [java.util.concurrent.ThreadPoolExecutor$Worker@792bad54[State = -1, empty queue]] WARN  server.GrpcLogAppender (GrpcLogAppender.java:timeoutAppendRequest(200)) - d16d800f-a890-4a7a-bda4-5bf97a65c0f2@group-1AC969952D72->41a8e196-af5b-4c71-b4d4-8d03270b35a0-GrpcLogAppender: appendEntries Timeout, request=d16d800f-a890-4a7a-bda4-5bf97a65c0f2->41a8e196-af5b-4c71-b4d4-8d03270b35a0#133-t1, previous=(t:1, i:21), leaderCommit=15, initializing? false, entries: <empty>
2019-09-12 04:08:00,874 [java.util.concurrent.ThreadPoolExecutor$Worker@4b485f37[State = -1, empty queue]] WARN  server.GrpcLogAppender (GrpcLogAppender.java:timeoutAppendRequest(200)) - d16d800f-a890-4a7a-bda4-5bf97a65c0f2@group-1AC969952D72->e74ea0f8-bf41-4d93-a1fd-ac84c2b46512-GrpcLogAppender: appendEntries Timeout, request=d16d800f-a890-4a7a-bda4-5bf97a65c0f2->e74ea0f8-bf41-4d93-a1fd-ac84c2b46512#133-t1, previous=(t:1, i:21), leaderCommit=15, initializing? false, entries: <empty>
2019-09-12 04:08:01,290 [grpc-default-executor-8] INFO  client.GrpcClientProtocolClient (GrpcClientProtocolClient.java:onNext(264)) - client-38E6C04ACA0A->e74ea0f8-bf41-4d93-a1fd-ac84c2b46512: receive RaftClientReply:client-38E6C04ACA0A->e74ea0f8-bf41-4d93-a1fd-ac84c2b46512@group-1AC969952D72, cid=143, FAILED org.apache.ratis.protocol.NotLeaderException: Server e74ea0f8-bf41-4d93-a1fd-ac84c2b46512@group-1AC969952D72 is not the leader d16d800f-a890-4a7a-bda4-5bf97a65c0f2:192.168.34.8:33400, logIndex=0, commits[e74ea0f8-bf41-4d93-a1fd-ac84c2b46512:c15, 41a8e196-af5b-4c71-b4d4-8d03270b35a0:c13, d16d800f-a890-4a7a-bda4-5bf97a65c0f2:c15]
2019-09-12 04:08:03,375 [java.util.concurrent.ThreadPoolExecutor$Worker@792bad54[State = -1, empty queue]] WARN  server.GrpcLogAppender (GrpcLogAppender.java:timeoutAppendRequest(200)) - d16d800f-a890-4a7a-bda4-5bf97a65c0f2@group-1AC969952D72->41a8e196-af5b-4c71-b4d4-8d03270b35a0-GrpcLogAppender: appendEntries Timeout, request=d16d800f-a890-4a7a-bda4-5bf97a65c0f2->41a8e196-af5b-4c71-b4d4-8d03270b35a0#134-t1, previous=(t:1, i:21), leaderCommit=15, initializing? false, entries: <empty>
2019-09-12 04:08:03,375 [java.util.concurrent.ThreadPoolExecutor$Worker@4b485f37[State = -1, empty queue]] WARN  server.GrpcLogAppender (GrpcLogAppender.java:timeoutAppendRequest(200)) - d16d800f-a890-4a7a-bda4-5bf97a65c0f2@group-1AC969952D72->e74ea0f8-bf41-4d93-a1fd-ac84c2b46512-GrpcLogAppender: appendEntries Timeout, request=d16d800f-a890-4a7a-bda4-5bf97a65c0f2->e74ea0f8-bf41-4d93-a1fd-ac84c2b46512#134-t1, previous=(t:1, i:21), leaderCommit=15, initializing? false, entries: <empty>
2019-09-12 04:08:05,875 [java.util.concurrent.ThreadPoolExecutor$Worker@792bad54[State = -1, empty queue]] WARN  server.GrpcLogAppender (GrpcLogAppender.java:timeoutAppendRequest(200)) - d16d800f-a890-4a7a-bda4-5bf97a65c0f2@group-1AC969952D72->41a8e196-af5b-4c71-b4d4-8d03270b35a0-GrpcLogAppender: appendEntries Timeout, request=d16d800f-a890-4a7a-bda4-5bf97a65c0f2->41a8e196-af5b-4c71-b4d4-8d03270b35a0#135-t1, previous=(t:1, i:21), leaderCommit=15, initializing? false, entries: <empty>
2019-09-12 04:08:05,875 [java.util.concurrent.ThreadPoolExecutor$Worker@4b485f37[State = -1, empty queue]] WARN  server.GrpcLogAppender (GrpcLogAppender.java:timeoutAppendRequest(200)) - d16d800f-a890-4a7a-bda4-5bf97a65c0f2@group-1AC969952D72->e74ea0f8-bf41-4d93-a1fd-ac84c2b46512-GrpcLogAppender: appendEntries Timeout, request=d16d800f-a890-4a7a-bda4-5bf97a65c0f2->e74ea0f8-bf41-4d93-a1fd-ac84c2b46512#135-t1, previous=(t:1, i:21), leaderCommit=15, initializing? false, entries: <empty>
2019-09-12 04:08:06,354 [grpc-default-executor-8] INFO  client.GrpcClientProtocolClient (GrpcClientProtocolClient.java:onNext(264)) - client-38E6C04ACA0A->41a8e196-af5b-4c71-b4d4-8d03270b35a0: receive RaftClientReply:client-38E6C04ACA0A->41a8e196-af5b-4c71-b4d4-8d03270b35a0@group-1AC969952D72, cid=143, FAILED org.apache.ratis.protocol.NotLeaderException: Server 41a8e196-af5b-4c71-b4d4-8d03270b35a0@group-1AC969952D72 is not the leader d16d800f-a890-4a7a-bda4-5bf97a65c0f2:192.168.34.8:33400, logIndex=0, commits[41a8e196-af5b-4c71-b4d4-8d03270b35a0:c15, e74ea0f8-bf41-4d93-a1fd-ac84c2b46512:c13, d16d800f-a890-4a7a-bda4-5bf97a65c0f2:c15]
2019-09-12 04:08:08,376 [java.util.concurrent.ThreadPoolExecutor$Worker@4b485f37[State = -1, empty queue]] WARN  server.GrpcLogAppender (GrpcLogAppender.java:timeoutAppendRequest(200)) - d16d800f-a890-4a7a-bda4-5bf97a65c0f2@group-1AC969952D72->e74ea0f8-bf41-4d93-a1fd-ac84c2b46512-GrpcLogAppender: appendEntries Timeout, request=d16d800f-a890-4a7a-bda4-5bf97a65c0f2->e74ea0f8-bf41-4d93-a1fd-ac84c2b46512#136-t1, previous=(t:1, i:21), leaderCommit=15, initializing? false, entries: <empty>
2019-09-12 04:08:08,376 [java.util.concurrent.ThreadPoolExecutor$Worker@792bad54[State = -1, empty queue]] WARN  server.GrpcLogAppender (GrpcLogAppender.java:timeoutAppendRequest(200)) - d16d800f-a890-4a7a-bda4-5bf97a65c0f2@group-1AC969952D72->41a8e196-af5b-4c71-b4d4-8d03270b35a0-GrpcLogAppender: appendEntries Timeout, request=d16d800f-a890-4a7a-bda4-5bf97a65c0f2->41a8e196-af5b-4c71-b4d4-8d03270b35a0#136-t1, previous=(t:1, i:21), leaderCommit=15, initializing? false, entries: <empty>
2019-09-12 04:08:10,375 [e74ea0f8-bf41-4d93-a1fd-ac84c2b46512@group-1AC969952D72-SegmentedRaftLogWorker] WARN  segmented.SegmentedRaftLogWorker (SegmentedRaftLogWorker.java:getFromFuture(90)) - Timeout 10/~
org.apache.ratis.protocol.TimeoutIOException: Timeout 10s: WriteLog:16: (t:1, i:16), STATEMACHINELOGENTRY, client-38E6C04ACA0A, cid=143-writeStateMachineData
	at org.apache.ratis.util.IOUtils.getFromFuture(IOUtils.java:87)
	at org.apache.ratis.server.raftlog.segmented.SegmentedRaftLogWorker$StateMachineDataPolicy.getFromFuture(SegmentedRaftLogWorker.java:87)
	at org.apache.ratis.server.raftlog.segmented.SegmentedRaftLogWorker$WriteLog.execute(SegmentedRaftLogWorker.java:477)
	at org.apache.ratis.server.raftlog.segmented.SegmentedRaftLogWorker.run(SegmentedRaftLogWorker.java:289)
	at java.lang.Thread.run(Thread.java:748)
Caused by: java.util.concurrent.TimeoutException
	at java.util.concurrent.CompletableFuture.timedGet(CompletableFuture.java:1771)
	at java.util.concurrent.CompletableFuture.get(CompletableFuture.java:1915)
	at org.apache.ratis.util.IOUtils.getFromFuture(IOUtils.java:79)
	... 4 more
2019-09-12 04:08:10,536 [41a8e196-af5b-4c71-b4d4-8d03270b35a0@group-1AC969952D72-SegmentedRaftLogWorker] WARN  segmented.SegmentedRaftLogWorker (SegmentedRaftLogWorker.java:getFromFuture(90)) - Timeout 10/~
org.apache.ratis.protocol.TimeoutIOException: Timeout 10s: WriteLog:19: (t:1, i:19), STATEMACHINELOGENTRY, client-38E6C04ACA0A, cid=146-writeStateMachineData
	at org.apache.ratis.util.IOUtils.getFromFuture(IOUtils.java:87)
	at org.apache.ratis.server.raftlog.segmented.SegmentedRaftLogWorker$StateMachineDataPolicy.getFromFuture(SegmentedRaftLogWorker.java:87)
	at org.apache.ratis.server.raftlog.segmented.SegmentedRaftLogWorker$WriteLog.execute(SegmentedRaftLogWorker.java:477)
	at org.apache.ratis.server.raftlog.segmented.SegmentedRaftLogWorker.run(SegmentedRaftLogWorker.java:289)
	at java.lang.Thread.run(Thread.java:748)
Caused by: java.util.concurrent.TimeoutException
	at java.util.concurrent.CompletableFuture.timedGet(CompletableFuture.java:1771)
	at java.util.concurrent.CompletableFuture.get(CompletableFuture.java:1915)
	at org.apache.ratis.util.IOUtils.getFromFuture(IOUtils.java:79)
	... 4 more
2019-09-12 04:08:10,536 [d16d800f-a890-4a7a-bda4-5bf97a65c0f2@group-1AC969952D72-SegmentedRaftLogWorker] WARN  segmented.SegmentedRaftLogWorker (SegmentedRaftLogWorker.java:getFromFuture(90)) - Timeout 10/~
org.apache.ratis.protocol.TimeoutIOException: Timeout 10s: WriteLog:17: (t:1, i:17), STATEMACHINELOGENTRY, client-38E6C04ACA0A, cid=144-writeStateMachineData
	at org.apache.ratis.util.IOUtils.getFromFuture(IOUtils.java:87)
	at org.apache.ratis.server.raftlog.segmented.SegmentedRaftLogWorker$StateMachineDataPolicy.getFromFuture(SegmentedRaftLogWorker.java:87)
	at org.apache.ratis.server.raftlog.segmented.SegmentedRaftLogWorker$WriteLog.execute(SegmentedRaftLogWorker.java:477)
	at org.apache.ratis.server.raftlog.segmented.SegmentedRaftLogWorker.run(SegmentedRaftLogWorker.java:289)
	at java.lang.Thread.run(Thread.java:748)
Caused by: java.util.concurrent.TimeoutException
	at java.util.concurrent.CompletableFuture.timedGet(CompletableFuture.java:1771)
	at java.util.concurrent.CompletableFuture.get(CompletableFuture.java:1915)
	at org.apache.ratis.util.IOUtils.getFromFuture(IOUtils.java:79)
	... 4 more
2019-09-12 04:08:10,876 [java.util.concurrent.ThreadPoolExecutor$Worker@4b485f37[State = -1, empty queue]] WARN  server.GrpcLogAppender (GrpcLogAppender.java:timeoutAppendRequest(200)) - d16d800f-a890-4a7a-bda4-5bf97a65c0f2@group-1AC969952D72->e74ea0f8-bf41-4d93-a1fd-ac84c2b46512-GrpcLogAppender: appendEntries Timeout, request=d16d800f-a890-4a7a-bda4-5bf97a65c0f2->e74ea0f8-bf41-4d93-a1fd-ac84c2b46512#137-t1, previous=(t:1, i:21), leaderCommit=15, initializing? false, entries: <empty>
2019-09-12 04:08:10,876 [java.util.concurrent.ThreadPoolExecutor$Worker@792bad54[State = -1, empty queue]] WARN  server.GrpcLogAppender (GrpcLogAppender.java:timeoutAppendRequest(200)) - d16d800f-a890-4a7a-bda4-5bf97a65c0f2@group-1AC969952D72->41a8e196-af5b-4c71-b4d4-8d03270b35a0-GrpcLogAppender: appendEntries Timeout, request=d16d800f-a890-4a7a-bda4-5bf97a65c0f2->41a8e196-af5b-4c71-b4d4-8d03270b35a0#137-t1, previous=(t:1, i:21), leaderCommit=15, initializing? false, entries: <empty>
2019-09-12 04:08:11,400 [grpc-default-executor-7] INFO  client.GrpcClientProtocolClient (GrpcClientProtocolClient.java:onNext(264)) - client-38E6C04ACA0A->e74ea0f8-bf41-4d93-a1fd-ac84c2b46512: receive RaftClientReply:client-38E6C04ACA0A->e74ea0f8-bf41-4d93-a1fd-ac84c2b46512@group-1AC969952D72, cid=143, FAILED org.apache.ratis.protocol.NotLeaderException: Server e74ea0f8-bf41-4d93-a1fd-ac84c2b46512@group-1AC969952D72 is not the leader d16d800f-a890-4a7a-bda4-5bf97a65c0f2:192.168.34.8:33400, logIndex=0, commits[e74ea0f8-bf41-4d93-a1fd-ac84c2b46512:c15, 41a8e196-af5b-4c71-b4d4-8d03270b35a0:c13, d16d800f-a890-4a7a-bda4-5bf97a65c0f2:c15]
2019-09-12 04:08:13,376 [java.util.concurrent.ThreadPoolExecutor$Worker@4b485f37[State = -1, empty queue]] WARN  server.GrpcLogAppender (GrpcLogAppender.java:timeoutAppendRequest(200)) - d16d800f-a890-4a7a-bda4-5bf97a65c0f2@group-1AC969952D72->e74ea0f8-bf41-4d93-a1fd-ac84c2b46512-GrpcLogAppender: appendEntries Timeout, request=d16d800f-a890-4a7a-bda4-5bf97a65c0f2->e74ea0f8-bf41-4d93-a1fd-ac84c2b46512#138-t1, previous=(t:1, i:21), leaderCommit=15, initializing? false, entries: <empty>
2019-09-12 04:08:13,376 [java.util.concurrent.ThreadPoolExecutor$Worker@792bad54[State = -1, empty queue]] WARN  server.GrpcLogAppender (GrpcLogAppender.java:timeoutAppendRequest(200)) - d16d800f-a890-4a7a-bda4-5bf97a65c0f2@group-1AC969952D72->41a8e196-af5b-4c71-b4d4-8d03270b35a0-GrpcLogAppender: appendEntries Timeout, request=d16d800f-a890-4a7a-bda4-5bf97a65c0f2->41a8e196-af5b-4c71-b4d4-8d03270b35a0#138-t1, previous=(t:1, i:21), leaderCommit=15, initializing? false, entries: <empty>
2019-09-12 04:08:15,877 [java.util.concurrent.ThreadPoolExecutor$Worker@4b485f37[State = -1, empty queue]] WARN  server.GrpcLogAppender (GrpcLogAppender.java:timeoutAppendRequest(200)) - d16d800f-a890-4a7a-bda4-5bf97a65c0f2@group-1AC969952D72->e74ea0f8-bf41-4d93-a1fd-ac84c2b46512-GrpcLogAppender: appendEntries Timeout, request=d16d800f-a890-4a7a-bda4-5bf97a65c0f2->e74ea0f8-bf41-4d93-a1fd-ac84c2b46512#139-t1, previous=(t:1, i:21), leaderCommit=15, initializing? false, entries: <empty>
2019-09-12 04:08:15,877 [java.util.concurrent.ThreadPoolExecutor$Worker@792bad54[State = -1, empty queue]] WARN  server.GrpcLogAppender (GrpcLogAppender.java:timeoutAppendRequest(200)) - d16d800f-a890-4a7a-bda4-5bf97a65c0f2@group-1AC969952D72->41a8e196-af5b-4c71-b4d4-8d03270b35a0-GrpcLogAppender: appendEntries Timeout, request=d16d800f-a890-4a7a-bda4-5bf97a65c0f2->41a8e196-af5b-4c71-b4d4-8d03270b35a0#139-t1, previous=(t:1, i:21), leaderCommit=15, initializing? false, entries: <empty>
2019-09-12 04:08:16,443 [grpc-default-executor-8] INFO  client.GrpcClientProtocolClient (GrpcClientProtocolClient.java:onNext(264)) - client-38E6C04ACA0A->41a8e196-af5b-4c71-b4d4-8d03270b35a0: receive RaftClientReply:client-38E6C04ACA0A->41a8e196-af5b-4c71-b4d4-8d03270b35a0@group-1AC969952D72, cid=143, FAILED org.apache.ratis.protocol.NotLeaderException: Server 41a8e196-af5b-4c71-b4d4-8d03270b35a0@group-1AC969952D72 is not the leader d16d800f-a890-4a7a-bda4-5bf97a65c0f2:192.168.34.8:33400, logIndex=0, commits[41a8e196-af5b-4c71-b4d4-8d03270b35a0:c15, e74ea0f8-bf41-4d93-a1fd-ac84c2b46512:c13, d16d800f-a890-4a7a-bda4-5bf97a65c0f2:c15]
2019-09-12 04:08:18,377 [java.util.concurrent.ThreadPoolExecutor$Worker@4b485f37[State = -1, empty queue]] WARN  server.GrpcLogAppender (GrpcLogAppender.java:timeoutAppendRequest(200)) - d16d800f-a890-4a7a-bda4-5bf97a65c0f2@group-1AC969952D72->e74ea0f8-bf41-4d93-a1fd-ac84c2b46512-GrpcLogAppender: appendEntries Timeout, request=d16d800f-a890-4a7a-bda4-5bf97a65c0f2->e74ea0f8-bf41-4d93-a1fd-ac84c2b46512#140-t1, previous=(t:1, i:21), leaderCommit=15, initializing? false, entries: <empty>
2019-09-12 04:08:18,377 [java.util.concurrent.ThreadPoolExecutor$Worker@792bad54[State = -1, empty queue]] WARN  server.GrpcLogAppender (GrpcLogAppender.java:timeoutAppendRequest(200)) - d16d800f-a890-4a7a-bda4-5bf97a65c0f2@group-1AC969952D72->41a8e196-af5b-4c71-b4d4-8d03270b35a0-GrpcLogAppender: appendEntries Timeout, request=d16d800f-a890-4a7a-bda4-5bf97a65c0f2->41a8e196-af5b-4c71-b4d4-8d03270b35a0#140-t1, previous=(t:1, i:21), leaderCommit=15, initializing? false, entries: <empty>
2019-09-12 04:08:20,377 [e74ea0f8-bf41-4d93-a1fd-ac84c2b46512@group-1AC969952D72-SegmentedRaftLogWorker] WARN  segmented.SegmentedRaftLogWorker (SegmentedRaftLogWorker.java:getFromFuture(90)) - Timeout 11/~
org.apache.ratis.protocol.TimeoutIOException: Timeout 10s: WriteLog:16: (t:1, i:16), STATEMACHINELOGENTRY, client-38E6C04ACA0A, cid=143-writeStateMachineData
	at org.apache.ratis.util.IOUtils.getFromFuture(IOUtils.java:87)
	at org.apache.ratis.server.raftlog.segmented.SegmentedRaftLogWorker$StateMachineDataPolicy.getFromFuture(SegmentedRaftLogWorker.java:87)
	at org.apache.ratis.server.raftlog.segmented.SegmentedRaftLogWorker$WriteLog.execute(SegmentedRaftLogWorker.java:477)
	at org.apache.ratis.server.raftlog.segmented.SegmentedRaftLogWorker.run(SegmentedRaftLogWorker.java:289)
	at java.lang.Thread.run(Thread.java:748)
Caused by: java.util.concurrent.TimeoutException
	at java.util.concurrent.CompletableFuture.timedGet(CompletableFuture.java:1771)
	at java.util.concurrent.CompletableFuture.get(CompletableFuture.java:1915)
	at org.apache.ratis.util.IOUtils.getFromFuture(IOUtils.java:79)
	... 4 more
2019-09-12 04:08:20,378 [org.apache.ratis.server.impl.LogAppender$AppenderDaemon$$Lambda$490/586156626@50ffaa3] ERROR ratis.XceiverServerRatis (XceiverServerRatis.java:triggerPipelineClose(568)) - pipeline Action CLOSE  on pipeline PipelineID=26361590-16d5-4f91-996d-1ac969952d72.Reason : d16d800f-a890-4a7a-bda4-5bf97a65c0f2 has not seen follower/s 41a8e196-af5b-4c71-b4d4-8d03270b35a0 for 120339ms e74ea0f8-bf41-4d93-a1fd-ac84c2b46512 for 120339ms
2019-09-12 04:08:20,378 [org.apache.ratis.server.impl.LogAppender$AppenderDaemon$$Lambda$490/586156626@67259503] ERROR ratis.XceiverServerRatis (XceiverServerRatis.java:triggerPipelineClose(568)) - pipeline Action CLOSE  on pipeline PipelineID=26361590-16d5-4f91-996d-1ac969952d72.Reason : d16d800f-a890-4a7a-bda4-5bf97a65c0f2 has not seen follower/s 41a8e196-af5b-4c71-b4d4-8d03270b35a0 for 120339ms e74ea0f8-bf41-4d93-a1fd-ac84c2b46512 for 120339ms
2019-09-12 04:08:20,537 [41a8e196-af5b-4c71-b4d4-8d03270b35a0@group-1AC969952D72-SegmentedRaftLogWorker] WARN  segmented.SegmentedRaftLogWorker (SegmentedRaftLogWorker.java:getFromFuture(90)) - Timeout 11/~
org.apache.ratis.protocol.TimeoutIOException: Timeout 10s: WriteLog:19: (t:1, i:19), STATEMACHINELOGENTRY, client-38E6C04ACA0A, cid=146-writeStateMachineData
	at org.apache.ratis.util.IOUtils.getFromFuture(IOUtils.java:87)
	at org.apache.ratis.server.raftlog.segmented.SegmentedRaftLogWorker$StateMachineDataPolicy.getFromFuture(SegmentedRaftLogWorker.java:87)
	at org.apache.ratis.server.raftlog.segmented.SegmentedRaftLogWorker$WriteLog.execute(SegmentedRaftLogWorker.java:477)
	at org.apache.ratis.server.raftlog.segmented.SegmentedRaftLogWorker.run(SegmentedRaftLogWorker.java:289)
	at java.lang.Thread.run(Thread.java:748)
Caused by: java.util.concurrent.TimeoutException
	at java.util.concurrent.CompletableFuture.timedGet(CompletableFuture.java:1771)
	at java.util.concurrent.CompletableFuture.get(CompletableFuture.java:1915)
	at org.apache.ratis.util.IOUtils.getFromFuture(IOUtils.java:79)
	... 4 more
2019-09-12 04:08:20,537 [d16d800f-a890-4a7a-bda4-5bf97a65c0f2@group-1AC969952D72-SegmentedRaftLogWorker] WARN  segmented.SegmentedRaftLogWorker (SegmentedRaftLogWorker.java:getFromFuture(90)) - Timeout 11/~
org.apache.ratis.protocol.TimeoutIOException: Timeout 10s: WriteLog:17: (t:1, i:17), STATEMACHINELOGENTRY, client-38E6C04ACA0A, cid=144-writeStateMachineData
	at org.apache.ratis.util.IOUtils.getFromFuture(IOUtils.java:87)
	at org.apache.ratis.server.raftlog.segmented.SegmentedRaftLogWorker$StateMachineDataPolicy.getFromFuture(SegmentedRaftLogWorker.java:87)
	at org.apache.ratis.server.raftlog.segmented.SegmentedRaftLogWorker$WriteLog.execute(SegmentedRaftLogWorker.java:477)
	at org.apache.ratis.server.raftlog.segmented.SegmentedRaftLogWorker.run(SegmentedRaftLogWorker.java:289)
	at java.lang.Thread.run(Thread.java:748)
Caused by: java.util.concurrent.TimeoutException
	at java.util.concurrent.CompletableFuture.timedGet(CompletableFuture.java:1771)
	at java.util.concurrent.CompletableFuture.get(CompletableFuture.java:1915)
	at org.apache.ratis.util.IOUtils.getFromFuture(IOUtils.java:79)
	... 4 more
2019-09-12 04:08:20,619 [EventQueue-PipelineActionsForPipelineActionHandler] ERROR pipeline.PipelineActionHandler (PipelineActionHandler.java:onMessage(60)) - Received pipeline action CLOSE for Pipeline[ Id: 26361590-16d5-4f91-996d-1ac969952d72, Nodes: d16d800f-a890-4a7a-bda4-5bf97a65c0f2{ip: 192.168.34.8, host: pr-hdds-1879-pbs75-1821932185, networkLocation: /default-rack, certSerialId: null}41a8e196-af5b-4c71-b4d4-8d03270b35a0{ip: 192.168.34.8, host: pr-hdds-1879-pbs75-1821932185, networkLocation: /default-rack, certSerialId: null}e74ea0f8-bf41-4d93-a1fd-ac84c2b46512{ip: 192.168.34.8, host: pr-hdds-1879-pbs75-1821932185, networkLocation: /default-rack, certSerialId: null}, Type:RATIS, Factor:THREE, State:OPEN] from datanode d16d800f-a890-4a7a-bda4-5bf97a65c0f2{ip: 192.168.34.8, host: pr-hdds-1879-pbs75-1821932185, networkLocation: /default-rack, certSerialId: null}. Reason : d16d800f-a890-4a7a-bda4-5bf97a65c0f2 has not seen follower/s 41a8e196-af5b-4c71-b4d4-8d03270b35a0 for 120339ms e74ea0f8-bf41-4d93-a1fd-ac84c2b46512 for 120339ms
2019-09-12 04:08:20,620 [EventQueue-PipelineActionsForPipelineActionHandler] INFO  pipeline.SCMPipelineManager (SCMPipelineManager.java:finalizeAndDestroyPipeline(311)) - destroying pipeline:Pipeline[ Id: 26361590-16d5-4f91-996d-1ac969952d72, Nodes: d16d800f-a890-4a7a-bda4-5bf97a65c0f2{ip: 192.168.34.8, host: pr-hdds-1879-pbs75-1821932185, networkLocation: /default-rack, certSerialId: null}41a8e196-af5b-4c71-b4d4-8d03270b35a0{ip: 192.168.34.8, host: pr-hdds-1879-pbs75-1821932185, networkLocation: /default-rack, certSerialId: null}e74ea0f8-bf41-4d93-a1fd-ac84c2b46512{ip: 192.168.34.8, host: pr-hdds-1879-pbs75-1821932185, networkLocation: /default-rack, certSerialId: null}, Type:RATIS, Factor:THREE, State:OPEN]
2019-09-12 04:08:20,620 [EventQueue-PipelineActionsForPipelineActionHandler] INFO  pipeline.PipelineStateManager (PipelineStateManager.java:finalizePipeline(123)) - Pipeline Pipeline[ Id: 26361590-16d5-4f91-996d-1ac969952d72, Nodes: d16d800f-a890-4a7a-bda4-5bf97a65c0f2{ip: 192.168.34.8, host: pr-hdds-1879-pbs75-1821932185, networkLocation: /default-rack, certSerialId: null}41a8e196-af5b-4c71-b4d4-8d03270b35a0{ip: 192.168.34.8, host: pr-hdds-1879-pbs75-1821932185, networkLocation: /default-rack, certSerialId: null}e74ea0f8-bf41-4d93-a1fd-ac84c2b46512{ip: 192.168.34.8, host: pr-hdds-1879-pbs75-1821932185, networkLocation: /default-rack, certSerialId: null}, Type:RATIS, Factor:THREE, State:CLOSED] moved to CLOSED state
2019-09-12 04:08:20,621 [EventQueue-CloseContainerForCloseContainerEventHandler] INFO  container.CloseContainerEventHandler (CloseContainerEventHandler.java:onMessage(61)) - Close container Event triggered for container : #6
2019-09-12 04:08:20,621 [EventQueue-CloseContainerForCloseContainerEventHandler] INFO  container.CloseContainerEventHandler (CloseContainerEventHandler.java:onMessage(61)) - Close container Event triggered for container : #7
2019-09-12 04:08:20,622 [EventQueue-CloseContainerForCloseContainerEventHandler] INFO  container.CloseContainerEventHandler (CloseContainerEventHandler.java:onMessage(61)) - Close container Event triggered for container : #8
2019-09-12 04:08:20,877 [java.util.concurrent.ThreadPoolExecutor$Worker@4b485f37[State = -1, empty queue]] WARN  server.GrpcLogAppender (GrpcLogAppender.java:timeoutAppendRequest(200)) - d16d800f-a890-4a7a-bda4-5bf97a65c0f2@group-1AC969952D72->e74ea0f8-bf41-4d93-a1fd-ac84c2b46512-GrpcLogAppender: appendEntries Timeout, request=d16d800f-a890-4a7a-bda4-5bf97a65c0f2->e74ea0f8-bf41-4d93-a1fd-ac84c2b46512#141-t1, previous=(t:1, i:21), leaderCommit=15, initializing? false, entries: <empty>
2019-09-12 04:08:20,877 [java.util.concurrent.ThreadPoolExecutor$Worker@792bad54[State = -1, empty queue]] WARN  server.GrpcLogAppender (GrpcLogAppender.java:timeoutAppendRequest(200)) - d16d800f-a890-4a7a-bda4-5bf97a65c0f2@group-1AC969952D72->41a8e196-af5b-4c71-b4d4-8d03270b35a0-GrpcLogAppender: appendEntries Timeout, request=d16d800f-a890-4a7a-bda4-5bf97a65c0f2->41a8e196-af5b-4c71-b4d4-8d03270b35a0#141-t1, previous=(t:1, i:21), leaderCommit=15, initializing? false, entries: <empty>
2019-09-12 04:08:21,479 [grpc-default-executor-7] INFO  client.GrpcClientProtocolClient (GrpcClientProtocolClient.java:onNext(264)) - client-38E6C04ACA0A->e74ea0f8-bf41-4d93-a1fd-ac84c2b46512: receive RaftClientReply:client-38E6C04ACA0A->e74ea0f8-bf41-4d93-a1fd-ac84c2b46512@group-1AC969952D72, cid=143, FAILED org.apache.ratis.protocol.NotLeaderException: Server e74ea0f8-bf41-4d93-a1fd-ac84c2b46512@group-1AC969952D72 is not the leader d16d800f-a890-4a7a-bda4-5bf97a65c0f2:192.168.34.8:33400, logIndex=0, commits[e74ea0f8-bf41-4d93-a1fd-ac84c2b46512:c15, 41a8e196-af5b-4c71-b4d4-8d03270b35a0:c13, d16d800f-a890-4a7a-bda4-5bf97a65c0f2:c15]
2019-09-12 04:08:22,878 [org.apache.ratis.server.impl.LogAppender$AppenderDaemon$$Lambda$490/586156626@67259503] ERROR ratis.XceiverServerRatis (XceiverServerRatis.java:triggerPipelineClose(568)) - pipeline Action CLOSE  on pipeline PipelineID=26361590-16d5-4f91-996d-1ac969952d72.Reason : d16d800f-a890-4a7a-bda4-5bf97a65c0f2 has not seen follower/s 41a8e196-af5b-4c71-b4d4-8d03270b35a0 for 122839ms e74ea0f8-bf41-4d93-a1fd-ac84c2b46512 for 122839ms
2019-09-12 04:08:22,879 [org.apache.ratis.server.impl.LogAppender$AppenderDaemon$$Lambda$490/586156626@50ffaa3] ERROR ratis.XceiverServerRatis (XceiverServerRatis.java:triggerPipelineClose(568)) - pipeline Action CLOSE  on pipeline PipelineID=26361590-16d5-4f91-996d-1ac969952d72.Reason : d16d800f-a890-4a7a-bda4-5bf97a65c0f2 has not seen follower/s 41a8e196-af5b-4c71-b4d4-8d03270b35a0 for 122839ms e74ea0f8-bf41-4d93-a1fd-ac84c2b46512 for 122840ms
2019-09-12 04:08:23,378 [java.util.concurrent.ThreadPoolExecutor$Worker@4b485f37[State = -1, empty queue]] WARN  server.GrpcLogAppender (GrpcLogAppender.java:timeoutAppendRequest(200)) - d16d800f-a890-4a7a-bda4-5bf97a65c0f2@group-1AC969952D72->e74ea0f8-bf41-4d93-a1fd-ac84c2b46512-GrpcLogAppender: appendEntries Timeout, request=d16d800f-a890-4a7a-bda4-5bf97a65c0f2->e74ea0f8-bf41-4d93-a1fd-ac84c2b46512#142-t1, previous=(t:1, i:21), leaderCommit=15, initializing? false, entries: <empty>
2019-09-12 04:08:23,378 [java.util.concurrent.ThreadPoolExecutor$Worker@792bad54[State = -1, empty queue]] WARN  server.GrpcLogAppender (GrpcLogAppender.java:timeoutAppendRequest(200)) - d16d800f-a890-4a7a-bda4-5bf97a65c0f2@group-1AC969952D72->41a8e196-af5b-4c71-b4d4-8d03270b35a0-GrpcLogAppender: appendEntries Timeout, request=d16d800f-a890-4a7a-bda4-5bf97a65c0f2->41a8e196-af5b-4c71-b4d4-8d03270b35a0#142-t1, previous=(t:1, i:21), leaderCommit=15, initializing? false, entries: <empty>
2019-09-12 04:08:23,621 [EventQueue-PipelineActionsForPipelineActionHandler] ERROR pipeline.PipelineActionHandler (PipelineActionHandler.java:onMessage(60)) - Received pipeline action CLOSE for Pipeline[ Id: 26361590-16d5-4f91-996d-1ac969952d72, Nodes: d16d800f-a890-4a7a-bda4-5bf97a65c0f2{ip: 192.168.34.8, host: pr-hdds-1879-pbs75-1821932185, networkLocation: /default-rack, certSerialId: null}41a8e196-af5b-4c71-b4d4-8d03270b35a0{ip: 192.168.34.8, host: pr-hdds-1879-pbs75-1821932185, networkLocation: /default-rack, certSerialId: null}e74ea0f8-bf41-4d93-a1fd-ac84c2b46512{ip: 192.168.34.8, host: pr-hdds-1879-pbs75-1821932185, networkLocation: /default-rack, certSerialId: null}, Type:RATIS, Factor:THREE, State:CLOSED] from datanode d16d800f-a890-4a7a-bda4-5bf97a65c0f2{ip: 192.168.34.8, host: pr-hdds-1879-pbs75-1821932185, networkLocation: /default-rack, certSerialId: null}. Reason : d16d800f-a890-4a7a-bda4-5bf97a65c0f2 has not seen follower/s 41a8e196-af5b-4c71-b4d4-8d03270b35a0 for 122839ms e74ea0f8-bf41-4d93-a1fd-ac84c2b46512 for 122839ms
2019-09-12 04:08:23,621 [EventQueue-PipelineActionsForPipelineActionHandler] INFO  pipeline.SCMPipelineManager (SCMPipelineManager.java:finalizeAndDestroyPipeline(311)) - destroying pipeline:Pipeline[ Id: 26361590-16d5-4f91-996d-1ac969952d72, Nodes: d16d800f-a890-4a7a-bda4-5bf97a65c0f2{ip: 192.168.34.8, host: pr-hdds-1879-pbs75-1821932185, networkLocation: /default-rack, certSerialId: null}41a8e196-af5b-4c71-b4d4-8d03270b35a0{ip: 192.168.34.8, host: pr-hdds-1879-pbs75-1821932185, networkLocation: /default-rack, certSerialId: null}e74ea0f8-bf41-4d93-a1fd-ac84c2b46512{ip: 192.168.34.8, host: pr-hdds-1879-pbs75-1821932185, networkLocation: /default-rack, certSerialId: null}, Type:RATIS, Factor:THREE, State:CLOSED]
2019-09-12 04:08:23,682 [org.apache.ratis.server.impl.LogAppender$AppenderDaemon$$Lambda$490/586156626@67259503] ERROR ratis.XceiverServerRatis (XceiverServerRatis.java:triggerPipelineClose(568)) - pipeline Action CLOSE  on pipeline PipelineID=26361590-16d5-4f91-996d-1ac969952d72.Reason : d16d800f-a890-4a7a-bda4-5bf97a65c0f2 has not seen follower/s 41a8e196-af5b-4c71-b4d4-8d03270b35a0 for 123643ms e74ea0f8-bf41-4d93-a1fd-ac84c2b46512 for 123644ms
2019-09-12 04:08:23,683 [org.apache.ratis.server.impl.LogAppender$AppenderDaemon$$Lambda$490/586156626@50ffaa3] ERROR ratis.XceiverServerRatis (XceiverServerRatis.java:triggerPipelineClose(568)) - pipeline Action CLOSE  on pipeline PipelineID=26361590-16d5-4f91-996d-1ac969952d72.Reason : d16d800f-a890-4a7a-bda4-5bf97a65c0f2 has not seen follower/s 41a8e196-af5b-4c71-b4d4-8d03270b35a0 for 123643ms e74ea0f8-bf41-4d93-a1fd-ac84c2b46512 for 123644ms
2019-09-12 04:08:24,682 [EventQueue-PipelineActionsForPipelineActionHandler] ERROR pipeline.PipelineActionHandler (PipelineActionHandler.java:onMessage(60)) - Received pipeline action CLOSE for Pipeline[ Id: 26361590-16d5-4f91-996d-1ac969952d72, Nodes: d16d800f-a890-4a7a-bda4-5bf97a65c0f2{ip: 192.168.34.8, host: pr-hdds-1879-pbs75-1821932185, networkLocation: /default-rack, certSerialId: null}41a8e196-af5b-4c71-b4d4-8d03270b35a0{ip: 192.168.34.8, host: pr-hdds-1879-pbs75-1821932185, networkLocation: /default-rack, certSerialId: null}e74ea0f8-bf41-4d93-a1fd-ac84c2b46512{ip: 192.168.34.8, host: pr-hdds-1879-pbs75-1821932185, networkLocation: /default-rack, certSerialId: null}, Type:RATIS, Factor:THREE, State:CLOSED] from datanode d16d800f-a890-4a7a-bda4-5bf97a65c0f2{ip: 192.168.34.8, host: pr-hdds-1879-pbs75-1821932185, networkLocation: /default-rack, certSerialId: null}. Reason : d16d800f-a890-4a7a-bda4-5bf97a65c0f2 has not seen follower/s 41a8e196-af5b-4c71-b4d4-8d03270b35a0 for 123643ms e74ea0f8-bf41-4d93-a1fd-ac84c2b46512 for 123644ms
2019-09-12 04:08:24,682 [EventQueue-PipelineActionsForPipelineActionHandler] INFO  pipeline.SCMPipelineManager (SCMPipelineManager.java:finalizeAndDestroyPipeline(311)) - destroying pipeline:Pipeline[ Id: 26361590-16d5-4f91-996d-1ac969952d72, Nodes: d16d800f-a890-4a7a-bda4-5bf97a65c0f2{ip: 192.168.34.8, host: pr-hdds-1879-pbs75-1821932185, networkLocation: /default-rack, certSerialId: null}41a8e196-af5b-4c71-b4d4-8d03270b35a0{ip: 192.168.34.8, host: pr-hdds-1879-pbs75-1821932185, networkLocation: /default-rack, certSerialId: null}e74ea0f8-bf41-4d93-a1fd-ac84c2b46512{ip: 192.168.34.8, host: pr-hdds-1879-pbs75-1821932185, networkLocation: /default-rack, certSerialId: null}, Type:RATIS, Factor:THREE, State:CLOSED]
2019-09-12 04:08:25,878 [java.util.concurrent.ThreadPoolExecutor$Worker@4b485f37[State = -1, empty queue]] WARN  server.GrpcLogAppender (GrpcLogAppender.java:timeoutAppendRequest(200)) - d16d800f-a890-4a7a-bda4-5bf97a65c0f2@group-1AC969952D72->e74ea0f8-bf41-4d93-a1fd-ac84c2b46512-GrpcLogAppender: appendEntries Timeout, request=d16d800f-a890-4a7a-bda4-5bf97a65c0f2->e74ea0f8-bf41-4d93-a1fd-ac84c2b46512#143-t1, previous=(t:1, i:21), leaderCommit=15, initializing? false, entries: <empty>
2019-09-12 04:08:25,879 [java.util.concurrent.ThreadPoolExecutor$Worker@792bad54[State = -1, empty queue]] WARN  server.GrpcLogAppender (GrpcLogAppender.java:timeoutAppendRequest(200)) - d16d800f-a890-4a7a-bda4-5bf97a65c0f2@group-1AC969952D72->41a8e196-af5b-4c71-b4d4-8d03270b35a0-GrpcLogAppender: appendEntries Timeout, request=d16d800f-a890-4a7a-bda4-5bf97a65c0f2->41a8e196-af5b-4c71-b4d4-8d03270b35a0#143-t1, previous=(t:1, i:21), leaderCommit=15, initializing? false, entries: <empty>
2019-09-12 04:08:26,183 [org.apache.ratis.server.impl.LogAppender$AppenderDaemon$$Lambda$490/586156626@67259503] ERROR ratis.XceiverServerRatis (XceiverServerRatis.java:triggerPipelineClose(568)) - pipeline Action CLOSE  on pipeline PipelineID=26361590-16d5-4f91-996d-1ac969952d72.Reason : d16d800f-a890-4a7a-bda4-5bf97a65c0f2 has not seen follower/s 41a8e196-af5b-4c71-b4d4-8d03270b35a0 for 126144ms e74ea0f8-bf41-4d93-a1fd-ac84c2b46512 for 126145ms
2019-09-12 04:08:26,183 [org.apache.ratis.server.impl.LogAppender$AppenderDaemon$$Lambda$490/586156626@50ffaa3] ERROR ratis.XceiverServerRatis (XceiverServerRatis.java:triggerPipelineClose(568)) - pipeline Action CLOSE  on pipeline PipelineID=26361590-16d5-4f91-996d-1ac969952d72.Reason : d16d800f-a890-4a7a-bda4-5bf97a65c0f2 has not seen follower/s 41a8e196-af5b-4c71-b4d4-8d03270b35a0 for 126144ms e74ea0f8-bf41-4d93-a1fd-ac84c2b46512 for 126145ms
2019-09-12 04:08:26,515 [grpc-default-executor-8] INFO  client.GrpcClientProtocolClient (GrpcClientProtocolClient.java:onNext(264)) - client-38E6C04ACA0A->e74ea0f8-bf41-4d93-a1fd-ac84c2b46512: receive RaftClientReply:client-38E6C04ACA0A->e74ea0f8-bf41-4d93-a1fd-ac84c2b46512@group-1AC969952D72, cid=143, FAILED org.apache.ratis.protocol.NotLeaderException: Server e74ea0f8-bf41-4d93-a1fd-ac84c2b46512@group-1AC969952D72 is not the leader d16d800f-a890-4a7a-bda4-5bf97a65c0f2:192.168.34.8:33400, logIndex=0, commits[e74ea0f8-bf41-4d93-a1fd-ac84c2b46512:c15, 41a8e196-af5b-4c71-b4d4-8d03270b35a0:c13, d16d800f-a890-4a7a-bda4-5bf97a65c0f2:c15]
2019-09-12 04:08:26,681 [EventQueue-PipelineActionsForPipelineActionHandler] ERROR pipeline.PipelineActionHandler (PipelineActionHandler.java:onMessage(60)) - Received pipeline action CLOSE for Pipeline[ Id: 26361590-16d5-4f91-996d-1ac969952d72, Nodes: d16d800f-a890-4a7a-bda4-5bf97a65c0f2{ip: 192.168.34.8, host: pr-hdds-1879-pbs75-1821932185, networkLocation: /default-rack, certSerialId: null}41a8e196-af5b-4c71-b4d4-8d03270b35a0{ip: 192.168.34.8, host: pr-hdds-1879-pbs75-1821932185, networkLocation: /default-rack, certSerialId: null}e74ea0f8-bf41-4d93-a1fd-ac84c2b46512{ip: 192.168.34.8, host: pr-hdds-1879-pbs75-1821932185, networkLocation: /default-rack, certSerialId: null}, Type:RATIS, Factor:THREE, State:CLOSED] from datanode d16d800f-a890-4a7a-bda4-5bf97a65c0f2{ip: 192.168.34.8, host: pr-hdds-1879-pbs75-1821932185, networkLocation: /default-rack, certSerialId: null}. Reason : d16d800f-a890-4a7a-bda4-5bf97a65c0f2 has not seen follower/s 41a8e196-af5b-4c71-b4d4-8d03270b35a0 for 126144ms e74ea0f8-bf41-4d93-a1fd-ac84c2b46512 for 126145ms
2019-09-12 04:08:26,681 [EventQueue-PipelineActionsForPipelineActionHandler] INFO  pipeline.SCMPipelineManager (SCMPipelineManager.java:finalizeAndDestroyPipeline(311)) - destroying pipeline:Pipeline[ Id: 26361590-16d5-4f91-996d-1ac969952d72, Nodes: d16d800f-a890-4a7a-bda4-5bf97a65c0f2{ip: 192.168.34.8, host: pr-hdds-1879-pbs75-1821932185, networkLocation: /default-rack, certSerialId: null}41a8e196-af5b-4c71-b4d4-8d03270b35a0{ip: 192.168.34.8, host: pr-hdds-1879-pbs75-1821932185, networkLocation: /default-rack, certSerialId: null}e74ea0f8-bf41-4d93-a1fd-ac84c2b46512{ip: 192.168.34.8, host: pr-hdds-1879-pbs75-1821932185, networkLocation: /default-rack, certSerialId: null}, Type:RATIS, Factor:THREE, State:CLOSED]
2019-09-12 04:08:26,682 [java.util.concurrent.ThreadPoolExecutor$Worker@4b485f37[State = -1, empty queue]] WARN  server.GrpcLogAppender (GrpcLogAppender.java:timeoutAppendRequest(200)) - d16d800f-a890-4a7a-bda4-5bf97a65c0f2@group-1AC969952D72->e74ea0f8-bf41-4d93-a1fd-ac84c2b46512-GrpcLogAppender: appendEntries Timeout, request=d16d800f-a890-4a7a-bda4-5bf97a65c0f2->e74ea0f8-bf41-4d93-a1fd-ac84c2b46512#144-t1, previous=(t:1, i:21), leaderCommit=15, initializing? false, entries: size=1, first=(t:1, i:22), STATEMACHINELOGENTRY, client-40F694EE6822, cid=18
2019-09-12 04:08:26,682 [java.util.concurrent.ThreadPoolExecutor$Worker@792bad54[State = -1, empty queue]] WARN  server.GrpcLogAppender (GrpcLogAppender.java:timeoutAppendRequest(200)) - d16d800f-a890-4a7a-bda4-5bf97a65c0f2@group-1AC969952D72->41a8e196-af5b-4c71-b4d4-8d03270b35a0-GrpcLogAppender: appendEntries Timeout, request=d16d800f-a890-4a7a-bda4-5bf97a65c0f2->41a8e196-af5b-4c71-b4d4-8d03270b35a0#144-t1, previous=(t:1, i:21), leaderCommit=15, initializing? false, entries: size=1, first=(t:1, i:22), STATEMACHINELOGENTRY, client-40F694EE6822, cid=18
2019-09-12 04:08:28,684 [org.apache.ratis.server.impl.LogAppender$AppenderDaemon$$Lambda$490/586156626@67259503] ERROR ratis.XceiverServerRatis (XceiverServerRatis.java:triggerPipelineClose(568)) - pipeline Action CLOSE  on pipeline PipelineID=26361590-16d5-4f91-996d-1ac969952d72.Reason : d16d800f-a890-4a7a-bda4-5bf97a65c0f2 has not seen follower/s 41a8e196-af5b-4c71-b4d4-8d03270b35a0 for 128645ms e74ea0f8-bf41-4d93-a1fd-ac84c2b46512 for 128646ms
2019-09-12 04:08:28,684 [org.apache.ratis.server.impl.LogAppender$AppenderDaemon$$Lambda$490/586156626@50ffaa3] ERROR ratis.XceiverServerRatis (XceiverServerRatis.java:triggerPipelineClose(568)) - pipeline Action CLOSE  on pipeline PipelineID=26361590-16d5-4f91-996d-1ac969952d72.Reason : d16d800f-a890-4a7a-bda4-5bf97a65c0f2 has not seen follower/s 41a8e196-af5b-4c71-b4d4-8d03270b35a0 for 128645ms e74ea0f8-bf41-4d93-a1fd-ac84c2b46512 for 128646ms
2019-09-12 04:08:29,183 [java.util.concurrent.ThreadPoolExecutor$Worker@4b485f37[State = -1, empty queue]] WARN  server.GrpcLogAppender (GrpcLogAppender.java:timeoutAppendRequest(200)) - d16d800f-a890-4a7a-bda4-5bf97a65c0f2@group-1AC969952D72->e74ea0f8-bf41-4d93-a1fd-ac84c2b46512-GrpcLogAppender: appendEntries Timeout, request=d16d800f-a890-4a7a-bda4-5bf97a65c0f2->e74ea0f8-bf41-4d93-a1fd-ac84c2b46512#145-t1, previous=(t:1, i:22), leaderCommit=15, initializing? false, entries: <empty>
2019-09-12 04:08:29,183 [java.util.concurrent.ThreadPoolExecutor$Worker@792bad54[State = -1, empty queue]] WARN  server.GrpcLogAppender (GrpcLogAppender.java:timeoutAppendRequest(200)) - d16d800f-a890-4a7a-bda4-5bf97a65c0f2@group-1AC969952D72->41a8e196-af5b-4c71-b4d4-8d03270b35a0-GrpcLogAppender: appendEntries Timeout, request=d16d800f-a890-4a7a-bda4-5bf97a65c0f2->41a8e196-af5b-4c71-b4d4-8d03270b35a0#145-t1, previous=(t:1, i:22), leaderCommit=15, initializing? false, entries: <empty>
2019-09-12 04:08:29,681 [EventQueue-PipelineActionsForPipelineActionHandler] ERROR pipeline.PipelineActionHandler (PipelineActionHandler.java:onMessage(60)) - Received pipeline action CLOSE for Pipeline[ Id: 26361590-16d5-4f91-996d-1ac969952d72, Nodes: d16d800f-a890-4a7a-bda4-5bf97a65c0f2{ip: 192.168.34.8, host: pr-hdds-1879-pbs75-1821932185, networkLocation: /default-rack, certSerialId: null}41a8e196-af5b-4c71-b4d4-8d03270b35a0{ip: 192.168.34.8, host: pr-hdds-1879-pbs75-1821932185, networkLocation: /default-rack, certSerialId: null}e74ea0f8-bf41-4d93-a1fd-ac84c2b46512{ip: 192.168.34.8, host: pr-hdds-1879-pbs75-1821932185, networkLocation: /default-rack, certSerialId: null}, Type:RATIS, Factor:THREE, State:CLOSED] from datanode d16d800f-a890-4a7a-bda4-5bf97a65c0f2{ip: 192.168.34.8, host: pr-hdds-1879-pbs75-1821932185, networkLocation: /default-rack, certSerialId: null}. Reason : d16d800f-a890-4a7a-bda4-5bf97a65c0f2 has not seen follower/s 41a8e196-af5b-4c71-b4d4-8d03270b35a0 for 128645ms e74ea0f8-bf41-4d93-a1fd-ac84c2b46512 for 128646ms
2019-09-12 04:08:29,681 [EventQueue-PipelineActionsForPipelineActionHandler] INFO  pipeline.SCMPipelineManager (SCMPipelineManager.java:finalizeAndDestroyPipeline(311)) - destroying pipeline:Pipeline[ Id: 26361590-16d5-4f91-996d-1ac969952d72, Nodes: d16d800f-a890-4a7a-bda4-5bf97a65c0f2{ip: 192.168.34.8, host: pr-hdds-1879-pbs75-1821932185, networkLocation: /default-rack, certSerialId: null}41a8e196-af5b-4c71-b4d4-8d03270b35a0{ip: 192.168.34.8, host: pr-hdds-1879-pbs75-1821932185, networkLocation: /default-rack, certSerialId: null}e74ea0f8-bf41-4d93-a1fd-ac84c2b46512{ip: 192.168.34.8, host: pr-hdds-1879-pbs75-1821932185, networkLocation: /default-rack, certSerialId: null}, Type:RATIS, Factor:THREE, State:CLOSED]
2019-09-12 04:08:30,378 [e74ea0f8-bf41-4d93-a1fd-ac84c2b46512@group-1AC969952D72-SegmentedRaftLogWorker] WARN  segmented.SegmentedRaftLogWorker (SegmentedRaftLogWorker.java:getFromFuture(90)) - Timeout 12/~
org.apache.ratis.protocol.TimeoutIOException: Timeout 10s: WriteLog:16: (t:1, i:16), STATEMACHINELOGENTRY, client-38E6C04ACA0A, cid=143-writeStateMachineData
	at org.apache.ratis.util.IOUtils.getFromFuture(IOUtils.java:87)
	at org.apache.ratis.server.raftlog.segmented.SegmentedRaftLogWorker$StateMachineDataPolicy.getFromFuture(SegmentedRaftLogWorker.java:87)
	at org.apache.ratis.server.raftlog.segmented.SegmentedRaftLogWorker$WriteLog.execute(SegmentedRaftLogWorker.java:477)
	at org.apache.ratis.server.raftlog.segmented.SegmentedRaftLogWorker.run(SegmentedRaftLogWorker.java:289)
	at java.lang.Thread.run(Thread.java:748)
Caused by: java.util.concurrent.TimeoutException
	at java.util.concurrent.CompletableFuture.timedGet(CompletableFuture.java:1771)
	at java.util.concurrent.CompletableFuture.get(CompletableFuture.java:1915)
	at org.apache.ratis.util.IOUtils.getFromFuture(IOUtils.java:79)
	... 4 more
2019-09-12 04:08:30,538 [41a8e196-af5b-4c71-b4d4-8d03270b35a0@group-1AC969952D72-SegmentedRaftLogWorker] WARN  segmented.SegmentedRaftLogWorker (SegmentedRaftLogWorker.java:getFromFuture(90)) - Timeout 12/~
org.apache.ratis.protocol.TimeoutIOException: Timeout 10s: WriteLog:19: (t:1, i:19), STATEMACHINELOGENTRY, client-38E6C04ACA0A, cid=146-writeStateMachineData
	at org.apache.ratis.util.IOUtils.getFromFuture(IOUtils.java:87)
	at org.apache.ratis.server.raftlog.segmented.SegmentedRaftLogWorker$StateMachineDataPolicy.getFromFuture(SegmentedRaftLogWorker.java:87)
	at org.apache.ratis.server.raftlog.segmented.SegmentedRaftLogWorker$WriteLog.execute(SegmentedRaftLogWorker.java:477)
	at org.apache.ratis.server.raftlog.segmented.SegmentedRaftLogWorker.run(SegmentedRaftLogWorker.java:289)
	at java.lang.Thread.run(Thread.java:748)
Caused by: java.util.concurrent.TimeoutException
	at java.util.concurrent.CompletableFuture.timedGet(CompletableFuture.java:1771)
	at java.util.concurrent.CompletableFuture.get(CompletableFuture.java:1915)
	at org.apache.ratis.util.IOUtils.getFromFuture(IOUtils.java:79)
	... 4 more
2019-09-12 04:08:30,538 [d16d800f-a890-4a7a-bda4-5bf97a65c0f2@group-1AC969952D72-SegmentedRaftLogWorker] WARN  segmented.SegmentedRaftLogWorker (SegmentedRaftLogWorker.java:getFromFuture(90)) - Timeout 12/~
org.apache.ratis.protocol.TimeoutIOException: Timeout 10s: WriteLog:17: (t:1, i:17), STATEMACHINELOGENTRY, client-38E6C04ACA0A, cid=144-writeStateMachineData
	at org.apache.ratis.util.IOUtils.getFromFuture(IOUtils.java:87)
	at org.apache.ratis.server.raftlog.segmented.SegmentedRaftLogWorker$StateMachineDataPolicy.getFromFuture(SegmentedRaftLogWorker.java:87)
	at org.apache.ratis.server.raftlog.segmented.SegmentedRaftLogWorker$WriteLog.execute(SegmentedRaftLogWorker.java:477)
	at org.apache.ratis.server.raftlog.segmented.SegmentedRaftLogWorker.run(SegmentedRaftLogWorker.java:289)
	at java.lang.Thread.run(Thread.java:748)
Caused by: java.util.concurrent.TimeoutException
	at java.util.concurrent.CompletableFuture.timedGet(CompletableFuture.java:1771)
	at java.util.concurrent.CompletableFuture.get(CompletableFuture.java:1915)
	at org.apache.ratis.util.IOUtils.getFromFuture(IOUtils.java:79)
	... 4 more
2019-09-12 04:08:31,185 [org.apache.ratis.server.impl.LogAppender$AppenderDaemon$$Lambda$490/586156626@67259503] ERROR ratis.XceiverServerRatis (XceiverServerRatis.java:triggerPipelineClose(568)) - pipeline Action CLOSE  on pipeline PipelineID=26361590-16d5-4f91-996d-1ac969952d72.Reason : d16d800f-a890-4a7a-bda4-5bf97a65c0f2 has not seen follower/s 41a8e196-af5b-4c71-b4d4-8d03270b35a0 for 131146ms e74ea0f8-bf41-4d93-a1fd-ac84c2b46512 for 131146ms
2019-09-12 04:08:31,185 [org.apache.ratis.server.impl.LogAppender$AppenderDaemon$$Lambda$490/586156626@50ffaa3] ERROR ratis.XceiverServerRatis (XceiverServerRatis.java:triggerPipelineClose(568)) - pipeline Action CLOSE  on pipeline PipelineID=26361590-16d5-4f91-996d-1ac969952d72.Reason : d16d800f-a890-4a7a-bda4-5bf97a65c0f2 has not seen follower/s 41a8e196-af5b-4c71-b4d4-8d03270b35a0 for 131146ms e74ea0f8-bf41-4d93-a1fd-ac84c2b46512 for 131146ms
2019-09-12 04:08:31,543 [grpc-default-executor-7] INFO  client.GrpcClientProtocolClient (GrpcClientProtocolClient.java:onNext(264)) - client-38E6C04ACA0A->e74ea0f8-bf41-4d93-a1fd-ac84c2b46512: receive RaftClientReply:client-38E6C04ACA0A->e74ea0f8-bf41-4d93-a1fd-ac84c2b46512@group-1AC969952D72, cid=143, FAILED org.apache.ratis.protocol.NotLeaderException: Server e74ea0f8-bf41-4d93-a1fd-ac84c2b46512@group-1AC969952D72 is not the leader d16d800f-a890-4a7a-bda4-5bf97a65c0f2:192.168.34.8:33400, logIndex=0, commits[e74ea0f8-bf41-4d93-a1fd-ac84c2b46512:c15, 41a8e196-af5b-4c71-b4d4-8d03270b35a0:c13, d16d800f-a890-4a7a-bda4-5bf97a65c0f2:c15]
2019-09-12 04:08:31,681 [EventQueue-PipelineActionsForPipelineActionHandler] ERROR pipeline.PipelineActionHandler (PipelineActionHandler.java:onMessage(60)) - Received pipeline action CLOSE for Pipeline[ Id: 26361590-16d5-4f91-996d-1ac969952d72, Nodes: d16d800f-a890-4a7a-bda4-5bf97a65c0f2{ip: 192.168.34.8, host: pr-hdds-1879-pbs75-1821932185, networkLocation: /default-rack, certSerialId: null}41a8e196-af5b-4c71-b4d4-8d03270b35a0{ip: 192.168.34.8, host: pr-hdds-1879-pbs75-1821932185, networkLocation: /default-rack, certSerialId: null}e74ea0f8-bf41-4d93-a1fd-ac84c2b46512{ip: 192.168.34.8, host: pr-hdds-1879-pbs75-1821932185, networkLocation: /default-rack, certSerialId: null}, Type:RATIS, Factor:THREE, State:CLOSED] from datanode d16d800f-a890-4a7a-bda4-5bf97a65c0f2{ip: 192.168.34.8, host: pr-hdds-1879-pbs75-1821932185, networkLocation: /default-rack, certSerialId: null}. Reason : d16d800f-a890-4a7a-bda4-5bf97a65c0f2 has not seen follower/s 41a8e196-af5b-4c71-b4d4-8d03270b35a0 for 131146ms e74ea0f8-bf41-4d93-a1fd-ac84c2b46512 for 131146ms
2019-09-12 04:08:31,682 [EventQueue-PipelineActionsForPipelineActionHandler] INFO  pipeline.SCMPipelineManager (SCMPipelineManager.java:finalizeAndDestroyPipeline(311)) - destroying pipeline:Pipeline[ Id: 26361590-16d5-4f91-996d-1ac969952d72, Nodes: d16d800f-a890-4a7a-bda4-5bf97a65c0f2{ip: 192.168.34.8, host: pr-hdds-1879-pbs75-1821932185, networkLocation: /default-rack, certSerialId: null}41a8e196-af5b-4c71-b4d4-8d03270b35a0{ip: 192.168.34.8, host: pr-hdds-1879-pbs75-1821932185, networkLocation: /default-rack, certSerialId: null}e74ea0f8-bf41-4d93-a1fd-ac84c2b46512{ip: 192.168.34.8, host: pr-hdds-1879-pbs75-1821932185, networkLocation: /default-rack, certSerialId: null}, Type:RATIS, Factor:THREE, State:CLOSED]
2019-09-12 04:08:31,684 [java.util.concurrent.ThreadPoolExecutor$Worker@4b485f37[State = -1, empty queue]] WARN  server.GrpcLogAppender (GrpcLogAppender.java:timeoutAppendRequest(200)) - d16d800f-a890-4a7a-bda4-5bf97a65c0f2@group-1AC969952D72->e74ea0f8-bf41-4d93-a1fd-ac84c2b46512-GrpcLogAppender: appendEntries Timeout, request=d16d800f-a890-4a7a-bda4-5bf97a65c0f2->e74ea0f8-bf41-4d93-a1fd-ac84c2b46512#146-t1, previous=(t:1, i:22), leaderCommit=15, initializing? false, entries: <empty>
2019-09-12 04:08:31,684 [java.util.concurrent.ThreadPoolExecutor$Worker@792bad54[State = -1, empty queue]] WARN  server.GrpcLogAppender (GrpcLogAppender.java:timeoutAppendRequest(200)) - d16d800f-a890-4a7a-bda4-5bf97a65c0f2@group-1AC969952D72->41a8e196-af5b-4c71-b4d4-8d03270b35a0-GrpcLogAppender: appendEntries Timeout, request=d16d800f-a890-4a7a-bda4-5bf97a65c0f2->41a8e196-af5b-4c71-b4d4-8d03270b35a0#146-t1, previous=(t:1, i:22), leaderCommit=15, initializing? false, entries: <empty>
2019-09-12 04:08:33,687 [org.apache.ratis.server.impl.LogAppender$AppenderDaemon$$Lambda$490/586156626@50ffaa3] ERROR ratis.XceiverServerRatis (XceiverServerRatis.java:triggerPipelineClose(568)) - pipeline Action CLOSE  on pipeline PipelineID=26361590-16d5-4f91-996d-1ac969952d72.Reason : d16d800f-a890-4a7a-bda4-5bf97a65c0f2 has not seen follower/s 41a8e196-af5b-4c71-b4d4-8d03270b35a0 for 133647ms e74ea0f8-bf41-4d93-a1fd-ac84c2b46512 for 133648ms
2019-09-12 04:08:33,687 [org.apache.ratis.server.impl.LogAppender$AppenderDaemon$$Lambda$490/586156626@67259503] ERROR ratis.XceiverServerRatis (XceiverServerRatis.java:triggerPipelineClose(568)) - pipeline Action CLOSE  on pipeline PipelineID=26361590-16d5-4f91-996d-1ac969952d72.Reason : d16d800f-a890-4a7a-bda4-5bf97a65c0f2 has not seen follower/s 41a8e196-af5b-4c71-b4d4-8d03270b35a0 for 133647ms e74ea0f8-bf41-4d93-a1fd-ac84c2b46512 for 133648ms
2019-09-12 04:08:34,185 [java.util.concurrent.ThreadPoolExecutor$Worker@4b485f37[State = -1, empty queue]] WARN  server.GrpcLogAppender (GrpcLogAppender.java:timeoutAppendRequest(200)) - d16d800f-a890-4a7a-bda4-5bf97a65c0f2@group-1AC969952D72->e74ea0f8-bf41-4d93-a1fd-ac84c2b46512-GrpcLogAppender: appendEntries Timeout, request=d16d800f-a890-4a7a-bda4-5bf97a65c0f2->e74ea0f8-bf41-4d93-a1fd-ac84c2b46512#147-t1, previous=(t:1, i:22), leaderCommit=15, initializing? false, entries: <empty>
2019-09-12 04:08:34,185 [java.util.concurrent.ThreadPoolExecutor$Worker@792bad54[State = -1, empty queue]] WARN  server.GrpcLogAppender (GrpcLogAppender.java:timeoutAppendRequest(200)) - d16d800f-a890-4a7a-bda4-5bf97a65c0f2@group-1AC969952D72->41a8e196-af5b-4c71-b4d4-8d03270b35a0-GrpcLogAppender: appendEntries Timeout, request=d16d800f-a890-4a7a-bda4-5bf97a65c0f2->41a8e196-af5b-4c71-b4d4-8d03270b35a0#147-t1, previous=(t:1, i:22), leaderCommit=15, initializing? false, entries: <empty>
2019-09-12 04:08:34,684 [EventQueue-PipelineActionsForPipelineActionHandler] ERROR pipeline.PipelineActionHandler (PipelineActionHandler.java:onMessage(60)) - Received pipeline action CLOSE for Pipeline[ Id: 26361590-16d5-4f91-996d-1ac969952d72, Nodes: d16d800f-a890-4a7a-bda4-5bf97a65c0f2{ip: 192.168.34.8, host: pr-hdds-1879-pbs75-1821932185, networkLocation: /default-rack, certSerialId: null}41a8e196-af5b-4c71-b4d4-8d03270b35a0{ip: 192.168.34.8, host: pr-hdds-1879-pbs75-1821932185, networkLocation: /default-rack, certSerialId: null}e74ea0f8-bf41-4d93-a1fd-ac84c2b46512{ip: 192.168.34.8, host: pr-hdds-1879-pbs75-1821932185, networkLocation: /default-rack, certSerialId: null}, Type:RATIS, Factor:THREE, State:CLOSED] from datanode d16d800f-a890-4a7a-bda4-5bf97a65c0f2{ip: 192.168.34.8, host: pr-hdds-1879-pbs75-1821932185, networkLocation: /default-rack, certSerialId: null}. Reason : d16d800f-a890-4a7a-bda4-5bf97a65c0f2 has not seen follower/s 41a8e196-af5b-4c71-b4d4-8d03270b35a0 for 133647ms e74ea0f8-bf41-4d93-a1fd-ac84c2b46512 for 133648ms
2019-09-12 04:08:34,685 [EventQueue-PipelineActionsForPipelineActionHandler] INFO  pipeline.SCMPipelineManager (SCMPipelineManager.java:finalizeAndDestroyPipeline(311)) - destroying pipeline:Pipeline[ Id: 26361590-16d5-4f91-996d-1ac969952d72, Nodes: d16d800f-a890-4a7a-bda4-5bf97a65c0f2{ip: 192.168.34.8, host: pr-hdds-1879-pbs75-1821932185, networkLocation: /default-rack, certSerialId: null}41a8e196-af5b-4c71-b4d4-8d03270b35a0{ip: 192.168.34.8, host: pr-hdds-1879-pbs75-1821932185, networkLocation: /default-rack, certSerialId: null}e74ea0f8-bf41-4d93-a1fd-ac84c2b46512{ip: 192.168.34.8, host: pr-hdds-1879-pbs75-1821932185, networkLocation: /default-rack, certSerialId: null}, Type:RATIS, Factor:THREE, State:CLOSED]
2019-09-12 04:08:36,188 [org.apache.ratis.server.impl.LogAppender$AppenderDaemon$$Lambda$490/586156626@50ffaa3] ERROR ratis.XceiverServerRatis (XceiverServerRatis.java:triggerPipelineClose(568)) - pipeline Action CLOSE  on pipeline PipelineID=26361590-16d5-4f91-996d-1ac969952d72.Reason : d16d800f-a890-4a7a-bda4-5bf97a65c0f2 has not seen follower/s 41a8e196-af5b-4c71-b4d4-8d03270b35a0 for 136148ms e74ea0f8-bf41-4d93-a1fd-ac84c2b46512 for 136149ms
2019-09-12 04:08:36,188 [org.apache.ratis.server.impl.LogAppender$AppenderDaemon$$Lambda$490/586156626@67259503] ERROR ratis.XceiverServerRatis (XceiverServerRatis.java:triggerPipelineClose(568)) - pipeline Action CLOSE  on pipeline PipelineID=26361590-16d5-4f91-996d-1ac969952d72.Reason : d16d800f-a890-4a7a-bda4-5bf97a65c0f2 has not seen follower/s 41a8e196-af5b-4c71-b4d4-8d03270b35a0 for 136148ms e74ea0f8-bf41-4d93-a1fd-ac84c2b46512 for 136149ms
2019-09-12 04:08:36,577 [grpc-default-executor-7] INFO  client.GrpcClientProtocolClient (GrpcClientProtocolClient.java:onNext(264)) - client-38E6C04ACA0A->41a8e196-af5b-4c71-b4d4-8d03270b35a0: receive RaftClientReply:client-38E6C04ACA0A->41a8e196-af5b-4c71-b4d4-8d03270b35a0@group-1AC969952D72, cid=143, FAILED org.apache.ratis.protocol.NotLeaderException: Server 41a8e196-af5b-4c71-b4d4-8d03270b35a0@group-1AC969952D72 is not the leader d16d800f-a890-4a7a-bda4-5bf97a65c0f2:192.168.34.8:33400, logIndex=0, commits[41a8e196-af5b-4c71-b4d4-8d03270b35a0:c15, e74ea0f8-bf41-4d93-a1fd-ac84c2b46512:c13, d16d800f-a890-4a7a-bda4-5bf97a65c0f2:c15]
2019-09-12 04:08:36,682 [EventQueue-PipelineActionsForPipelineActionHandler] ERROR pipeline.PipelineActionHandler (PipelineActionHandler.java:onMessage(60)) - Received pipeline action CLOSE for Pipeline[ Id: 26361590-16d5-4f91-996d-1ac969952d72, Nodes: d16d800f-a890-4a7a-bda4-5bf97a65c0f2{ip: 192.168.34.8, host: pr-hdds-1879-pbs75-1821932185, networkLocation: /default-rack, certSerialId: null}41a8e196-af5b-4c71-b4d4-8d03270b35a0{ip: 192.168.34.8, host: pr-hdds-1879-pbs75-1821932185, networkLocation: /default-rack, certSerialId: null}e74ea0f8-bf41-4d93-a1fd-ac84c2b46512{ip: 192.168.34.8, host: pr-hdds-1879-pbs75-1821932185, networkLocation: /default-rack, certSerialId: null}, Type:RATIS, Factor:THREE, State:CLOSED] from datanode d16d800f-a890-4a7a-bda4-5bf97a65c0f2{ip: 192.168.34.8, host: pr-hdds-1879-pbs75-1821932185, networkLocation: /default-rack, certSerialId: null}. Reason : d16d800f-a890-4a7a-bda4-5bf97a65c0f2 has not seen follower/s 41a8e196-af5b-4c71-b4d4-8d03270b35a0 for 136148ms e74ea0f8-bf41-4d93-a1fd-ac84c2b46512 for 136149ms
2019-09-12 04:08:36,682 [EventQueue-PipelineActionsForPipelineActionHandler] INFO  pipeline.SCMPipelineManager (SCMPipelineManager.java:finalizeAndDestroyPipeline(311)) - destroying pipeline:Pipeline[ Id: 26361590-16d5-4f91-996d-1ac969952d72, Nodes: d16d800f-a890-4a7a-bda4-5bf97a65c0f2{ip: 192.168.34.8, host: pr-hdds-1879-pbs75-1821932185, networkLocation: /default-rack, certSerialId: null}41a8e196-af5b-4c71-b4d4-8d03270b35a0{ip: 192.168.34.8, host: pr-hdds-1879-pbs75-1821932185, networkLocation: /default-rack, certSerialId: null}e74ea0f8-bf41-4d93-a1fd-ac84c2b46512{ip: 192.168.34.8, host: pr-hdds-1879-pbs75-1821932185, networkLocation: /default-rack, certSerialId: null}, Type:RATIS, Factor:THREE, State:CLOSED]
2019-09-12 04:08:36,686 [java.util.concurrent.ThreadPoolExecutor$Worker@792bad54[State = -1, empty queue]] WARN  server.GrpcLogAppender (GrpcLogAppender.java:timeoutAppendRequest(200)) - d16d800f-a890-4a7a-bda4-5bf97a65c0f2@group-1AC969952D72->41a8e196-af5b-4c71-b4d4-8d03270b35a0-GrpcLogAppender: appendEntries Timeout, request=d16d800f-a890-4a7a-bda4-5bf97a65c0f2->41a8e196-af5b-4c71-b4d4-8d03270b35a0#148-t1, previous=(t:1, i:22), leaderCommit=15, initializing? false, entries: <empty>
2019-09-12 04:08:36,686 [java.util.concurrent.ThreadPoolExecutor$Worker@4b485f37[State = -1, empty queue]] WARN  server.GrpcLogAppender (GrpcLogAppender.java:timeoutAppendRequest(200)) - d16d800f-a890-4a7a-bda4-5bf97a65c0f2@group-1AC969952D72->e74ea0f8-bf41-4d93-a1fd-ac84c2b46512-GrpcLogAppender: appendEntries Timeout, request=d16d800f-a890-4a7a-bda4-5bf97a65c0f2->e74ea0f8-bf41-4d93-a1fd-ac84c2b46512#148-t1, previous=(t:1, i:22), leaderCommit=15, initializing? false, entries: <empty>
2019-09-12 04:08:38,688 [org.apache.ratis.server.impl.LogAppender$AppenderDaemon$$Lambda$490/586156626@50ffaa3] ERROR ratis.XceiverServerRatis (XceiverServerRatis.java:triggerPipelineClose(568)) - pipeline Action CLOSE  on pipeline PipelineID=26361590-16d5-4f91-996d-1ac969952d72.Reason : d16d800f-a890-4a7a-bda4-5bf97a65c0f2 has not seen follower/s 41a8e196-af5b-4c71-b4d4-8d03270b35a0 for 138649ms e74ea0f8-bf41-4d93-a1fd-ac84c2b46512 for 138649ms
2019-09-12 04:08:38,688 [org.apache.ratis.server.impl.LogAppender$AppenderDaemon$$Lambda$490/586156626@67259503] ERROR ratis.XceiverServerRatis (XceiverServerRatis.java:triggerPipelineClose(568)) - pipeline Action CLOSE  on pipeline PipelineID=26361590-16d5-4f91-996d-1ac969952d72.Reason : d16d800f-a890-4a7a-bda4-5bf97a65c0f2 has not seen follower/s 41a8e196-af5b-4c71-b4d4-8d03270b35a0 for 138649ms e74ea0f8-bf41-4d93-a1fd-ac84c2b46512 for 138649ms
2019-09-12 04:08:39,187 [java.util.concurrent.ThreadPoolExecutor$Worker@792bad54[State = -1, empty queue]] WARN  server.GrpcLogAppender (GrpcLogAppender.java:timeoutAppendRequest(200)) - d16d800f-a890-4a7a-bda4-5bf97a65c0f2@group-1AC969952D72->41a8e196-af5b-4c71-b4d4-8d03270b35a0-GrpcLogAppender: appendEntries Timeout, request=d16d800f-a890-4a7a-bda4-5bf97a65c0f2->41a8e196-af5b-4c71-b4d4-8d03270b35a0#149-t1, previous=(t:1, i:22), leaderCommit=15, initializing? false, entries: <empty>
2019-09-12 04:08:39,189 [java.util.concurrent.ThreadPoolExecutor$Worker@4b485f37[State = -1, empty queue]] WARN  server.GrpcLogAppender (GrpcLogAppender.java:timeoutAppendRequest(200)) - d16d800f-a890-4a7a-bda4-5bf97a65c0f2@group-1AC969952D72->e74ea0f8-bf41-4d93-a1fd-ac84c2b46512-GrpcLogAppender: appendEntries Timeout, request=d16d800f-a890-4a7a-bda4-5bf97a65c0f2->e74ea0f8-bf41-4d93-a1fd-ac84c2b46512#149-t1, previous=(t:1, i:22), leaderCommit=15, initializing? false, entries: <empty>
2019-09-12 04:08:39,682 [EventQueue-PipelineActionsForPipelineActionHandler] ERROR pipeline.PipelineActionHandler (PipelineActionHandler.java:onMessage(60)) - Received pipeline action CLOSE for Pipeline[ Id: 26361590-16d5-4f91-996d-1ac969952d72, Nodes: d16d800f-a890-4a7a-bda4-5bf97a65c0f2{ip: 192.168.34.8, host: pr-hdds-1879-pbs75-1821932185, networkLocation: /default-rack, certSerialId: null}41a8e196-af5b-4c71-b4d4-8d03270b35a0{ip: 192.168.34.8, host: pr-hdds-1879-pbs75-1821932185, networkLocation: /default-rack, certSerialId: null}e74ea0f8-bf41-4d93-a1fd-ac84c2b46512{ip: 192.168.34.8, host: pr-hdds-1879-pbs75-1821932185, networkLocation: /default-rack, certSerialId: null}, Type:RATIS, Factor:THREE, State:CLOSED] from datanode d16d800f-a890-4a7a-bda4-5bf97a65c0f2{ip: 192.168.34.8, host: pr-hdds-1879-pbs75-1821932185, networkLocation: /default-rack, certSerialId: null}. Reason : d16d800f-a890-4a7a-bda4-5bf97a65c0f2 has not seen follower/s 41a8e196-af5b-4c71-b4d4-8d03270b35a0 for 138649ms e74ea0f8-bf41-4d93-a1fd-ac84c2b46512 for 138649ms
2019-09-12 04:08:39,683 [EventQueue-PipelineActionsForPipelineActionHandler] INFO  pipeline.SCMPipelineManager (SCMPipelineManager.java:finalizeAndDestroyPipeline(311)) - destroying pipeline:Pipeline[ Id: 26361590-16d5-4f91-996d-1ac969952d72, Nodes: d16d800f-a890-4a7a-bda4-5bf97a65c0f2{ip: 192.168.34.8, host: pr-hdds-1879-pbs75-1821932185, networkLocation: /default-rack, certSerialId: null}41a8e196-af5b-4c71-b4d4-8d03270b35a0{ip: 192.168.34.8, host: pr-hdds-1879-pbs75-1821932185, networkLocation: /default-rack, certSerialId: null}e74ea0f8-bf41-4d93-a1fd-ac84c2b46512{ip: 192.168.34.8, host: pr-hdds-1879-pbs75-1821932185, networkLocation: /default-rack, certSerialId: null}, Type:RATIS, Factor:THREE, State:CLOSED]
2019-09-12 04:08:40,379 [e74ea0f8-bf41-4d93-a1fd-ac84c2b46512@group-1AC969952D72-SegmentedRaftLogWorker] WARN  segmented.SegmentedRaftLogWorker (SegmentedRaftLogWorker.java:getFromFuture(90)) - Timeout 13/~
org.apache.ratis.protocol.TimeoutIOException: Timeout 10s: WriteLog:16: (t:1, i:16), STATEMACHINELOGENTRY, client-38E6C04ACA0A, cid=143-writeStateMachineData
	at org.apache.ratis.util.IOUtils.getFromFuture(IOUtils.java:87)
	at org.apache.ratis.server.raftlog.segmented.SegmentedRaftLogWorker$StateMachineDataPolicy.getFromFuture(SegmentedRaftLogWorker.java:87)
	at org.apache.ratis.server.raftlog.segmented.SegmentedRaftLogWorker$WriteLog.execute(SegmentedRaftLogWorker.java:477)
	at org.apache.ratis.server.raftlog.segmented.SegmentedRaftLogWorker.run(SegmentedRaftLogWorker.java:289)
	at java.lang.Thread.run(Thread.java:748)
Caused by: java.util.concurrent.TimeoutException
	at java.util.concurrent.CompletableFuture.timedGet(CompletableFuture.java:1771)
	at java.util.concurrent.CompletableFuture.get(CompletableFuture.java:1915)
	at org.apache.ratis.util.IOUtils.getFromFuture(IOUtils.java:79)
	... 4 more
2019-09-12 04:08:40,538 [41a8e196-af5b-4c71-b4d4-8d03270b35a0@group-1AC969952D72-SegmentedRaftLogWorker] WARN  segmented.SegmentedRaftLogWorker (SegmentedRaftLogWorker.java:getFromFuture(90)) - Timeout 13/~
org.apache.ratis.protocol.TimeoutIOException: Timeout 10s: WriteLog:19: (t:1, i:19), STATEMACHINELOGENTRY, client-38E6C04ACA0A, cid=146-writeStateMachineData
	at org.apache.ratis.util.IOUtils.getFromFuture(IOUtils.java:87)
	at org.apache.ratis.server.raftlog.segmented.SegmentedRaftLogWorker$StateMachineDataPolicy.getFromFuture(SegmentedRaftLogWorker.java:87)
	at org.apache.ratis.server.raftlog.segmented.SegmentedRaftLogWorker$WriteLog.execute(SegmentedRaftLogWorker.java:477)
	at org.apache.ratis.server.raftlog.segmented.SegmentedRaftLogWorker.run(SegmentedRaftLogWorker.java:289)
	at java.lang.Thread.run(Thread.java:748)
Caused by: java.util.concurrent.TimeoutException
	at java.util.concurrent.CompletableFuture.timedGet(CompletableFuture.java:1771)
	at java.util.concurrent.CompletableFuture.get(CompletableFuture.java:1915)
	at org.apache.ratis.util.IOUtils.getFromFuture(IOUtils.java:79)
	... 4 more
2019-09-12 04:08:40,539 [d16d800f-a890-4a7a-bda4-5bf97a65c0f2@group-1AC969952D72-SegmentedRaftLogWorker] WARN  segmented.SegmentedRaftLogWorker (SegmentedRaftLogWorker.java:getFromFuture(90)) - Timeout 13/~
org.apache.ratis.protocol.TimeoutIOException: Timeout 10s: WriteLog:17: (t:1, i:17), STATEMACHINELOGENTRY, client-38E6C04ACA0A, cid=144-writeStateMachineData
	at org.apache.ratis.util.IOUtils.getFromFuture(IOUtils.java:87)
	at org.apache.ratis.server.raftlog.segmented.SegmentedRaftLogWorker$StateMachineDataPolicy.getFromFuture(SegmentedRaftLogWorker.java:87)
	at org.apache.ratis.server.raftlog.segmented.SegmentedRaftLogWorker$WriteLog.execute(SegmentedRaftLogWorker.java:477)
	at org.apache.ratis.server.raftlog.segmented.SegmentedRaftLogWorker.run(SegmentedRaftLogWorker.java:289)
	at java.lang.Thread.run(Thread.java:748)
Caused by: java.util.concurrent.TimeoutException
	at java.util.concurrent.CompletableFuture.timedGet(CompletableFuture.java:1771)
	at java.util.concurrent.CompletableFuture.get(CompletableFuture.java:1915)
	at org.apache.ratis.util.IOUtils.getFromFuture(IOUtils.java:79)
	... 4 more
2019-09-12 04:08:41,189 [org.apache.ratis.server.impl.LogAppender$AppenderDaemon$$Lambda$490/586156626@50ffaa3] ERROR ratis.XceiverServerRatis (XceiverServerRatis.java:triggerPipelineClose(568)) - pipeline Action CLOSE  on pipeline PipelineID=26361590-16d5-4f91-996d-1ac969952d72.Reason : d16d800f-a890-4a7a-bda4-5bf97a65c0f2 has not seen follower/s 41a8e196-af5b-4c71-b4d4-8d03270b35a0 for 141150ms e74ea0f8-bf41-4d93-a1fd-ac84c2b46512 for 141150ms
2019-09-12 04:08:41,189 [org.apache.ratis.server.impl.LogAppender$AppenderDaemon$$Lambda$490/586156626@67259503] ERROR ratis.XceiverServerRatis (XceiverServerRatis.java:triggerPipelineClose(568)) - pipeline Action CLOSE  on pipeline PipelineID=26361590-16d5-4f91-996d-1ac969952d72.Reason : d16d800f-a890-4a7a-bda4-5bf97a65c0f2 has not seen follower/s 41a8e196-af5b-4c71-b4d4-8d03270b35a0 for 141150ms e74ea0f8-bf41-4d93-a1fd-ac84c2b46512 for 141150ms
2019-09-12 04:08:41,619 [grpc-default-executor-11] INFO  client.GrpcClientProtocolClient (GrpcClientProtocolClient.java:onNext(264)) - client-38E6C04ACA0A->41a8e196-af5b-4c71-b4d4-8d03270b35a0: receive RaftClientReply:client-38E6C04ACA0A->41a8e196-af5b-4c71-b4d4-8d03270b35a0@group-1AC969952D72, cid=143, FAILED org.apache.ratis.protocol.NotLeaderException: Server 41a8e196-af5b-4c71-b4d4-8d03270b35a0@group-1AC969952D72 is not the leader d16d800f-a890-4a7a-bda4-5bf97a65c0f2:192.168.34.8:33400, logIndex=0, commits[41a8e196-af5b-4c71-b4d4-8d03270b35a0:c15, e74ea0f8-bf41-4d93-a1fd-ac84c2b46512:c13, d16d800f-a890-4a7a-bda4-5bf97a65c0f2:c15]
2019-09-12 04:08:41,685 [EventQueue-PipelineActionsForPipelineActionHandler] ERROR pipeline.PipelineActionHandler (PipelineActionHandler.java:onMessage(60)) - Received pipeline action CLOSE for Pipeline[ Id: 26361590-16d5-4f91-996d-1ac969952d72, Nodes: d16d800f-a890-4a7a-bda4-5bf97a65c0f2{ip: 192.168.34.8, host: pr-hdds-1879-pbs75-1821932185, networkLocation: /default-rack, certSerialId: null}41a8e196-af5b-4c71-b4d4-8d03270b35a0{ip: 192.168.34.8, host: pr-hdds-1879-pbs75-1821932185, networkLocation: /default-rack, certSerialId: null}e74ea0f8-bf41-4d93-a1fd-ac84c2b46512{ip: 192.168.34.8, host: pr-hdds-1879-pbs75-1821932185, networkLocation: /default-rack, certSerialId: null}, Type:RATIS, Factor:THREE, State:CLOSED] from datanode d16d800f-a890-4a7a-bda4-5bf97a65c0f2{ip: 192.168.34.8, host: pr-hdds-1879-pbs75-1821932185, networkLocation: /default-rack, certSerialId: null}. Reason : d16d800f-a890-4a7a-bda4-5bf97a65c0f2 has not seen follower/s 41a8e196-af5b-4c71-b4d4-8d03270b35a0 for 141150ms e74ea0f8-bf41-4d93-a1fd-ac84c2b46512 for 141150ms
2019-09-12 04:08:41,685 [EventQueue-PipelineActionsForPipelineActionHandler] INFO  pipeline.SCMPipelineManager (SCMPipelineManager.java:finalizeAndDestroyPipeline(311)) - destroying pipeline:Pipeline[ Id: 26361590-16d5-4f91-996d-1ac969952d72, Nodes: d16d800f-a890-4a7a-bda4-5bf97a65c0f2{ip: 192.168.34.8, host: pr-hdds-1879-pbs75-1821932185, networkLocation: /default-rack, certSerialId: null}41a8e196-af5b-4c71-b4d4-8d03270b35a0{ip: 192.168.34.8, host: pr-hdds-1879-pbs75-1821932185, networkLocation: /default-rack, certSerialId: null}e74ea0f8-bf41-4d93-a1fd-ac84c2b46512{ip: 192.168.34.8, host: pr-hdds-1879-pbs75-1821932185, networkLocation: /default-rack, certSerialId: null}, Type:RATIS, Factor:THREE, State:CLOSED]
2019-09-12 04:08:41,688 [java.util.concurrent.ThreadPoolExecutor$Worker@792bad54[State = -1, empty queue]] WARN  server.GrpcLogAppender (GrpcLogAppender.java:timeoutAppendRequest(200)) - d16d800f-a890-4a7a-bda4-5bf97a65c0f2@group-1AC969952D72->41a8e196-af5b-4c71-b4d4-8d03270b35a0-GrpcLogAppender: appendEntries Timeout, request=d16d800f-a890-4a7a-bda4-5bf97a65c0f2->41a8e196-af5b-4c71-b4d4-8d03270b35a0#150-t1, previous=(t:1, i:22), leaderCommit=15, initializing? false, entries: <empty>
2019-09-12 04:08:41,688 [java.util.concurrent.ThreadPoolExecutor$Worker@4b485f37[State = -1, empty queue]] WARN  server.GrpcLogAppender (GrpcLogAppender.java:timeoutAppendRequest(200)) - d16d800f-a890-4a7a-bda4-5bf97a65c0f2@group-1AC969952D72->e74ea0f8-bf41-4d93-a1fd-ac84c2b46512-GrpcLogAppender: appendEntries Timeout, request=d16d800f-a890-4a7a-bda4-5bf97a65c0f2->e74ea0f8-bf41-4d93-a1fd-ac84c2b46512#150-t1, previous=(t:1, i:22), leaderCommit=15, initializing? false, entries: <empty>
2019-09-12 04:08:43,690 [org.apache.ratis.server.impl.LogAppender$AppenderDaemon$$Lambda$490/586156626@50ffaa3] ERROR ratis.XceiverServerRatis (XceiverServerRatis.java:triggerPipelineClose(568)) - pipeline Action CLOSE  on pipeline PipelineID=26361590-16d5-4f91-996d-1ac969952d72.Reason : d16d800f-a890-4a7a-bda4-5bf97a65c0f2 has not seen follower/s 41a8e196-af5b-4c71-b4d4-8d03270b35a0 for 143651ms e74ea0f8-bf41-4d93-a1fd-ac84c2b46512 for 143651ms
2019-09-12 04:08:43,690 [org.apache.ratis.server.impl.LogAppender$AppenderDaemon$$Lambda$490/586156626@67259503] ERROR ratis.XceiverServerRatis (XceiverServerRatis.java:triggerPipelineClose(568)) - pipeline Action CLOSE  on pipeline PipelineID=26361590-16d5-4f91-996d-1ac969952d72.Reason : d16d800f-a890-4a7a-bda4-5bf97a65c0f2 has not seen follower/s 41a8e196-af5b-4c71-b4d4-8d03270b35a0 for 143651ms e74ea0f8-bf41-4d93-a1fd-ac84c2b46512 for 143651ms
2019-09-12 04:08:44,189 [java.util.concurrent.ThreadPoolExecutor$Worker@792bad54[State = -1, empty queue]] WARN  server.GrpcLogAppender (GrpcLogAppender.java:timeoutAppendRequest(200)) - d16d800f-a890-4a7a-bda4-5bf97a65c0f2@group-1AC969952D72->41a8e196-af5b-4c71-b4d4-8d03270b35a0-GrpcLogAppender: appendEntries Timeout, request=d16d800f-a890-4a7a-bda4-5bf97a65c0f2->41a8e196-af5b-4c71-b4d4-8d03270b35a0#151-t1, previous=(t:1, i:22), leaderCommit=15, initializing? false, entries: <empty>
2019-09-12 04:08:44,189 [java.util.concurrent.ThreadPoolExecutor$Worker@4b485f37[State = -1, empty queue]] WARN  server.GrpcLogAppender (GrpcLogAppender.java:timeoutAppendRequest(200)) - d16d800f-a890-4a7a-bda4-5bf97a65c0f2@group-1AC969952D72->e74ea0f8-bf41-4d93-a1fd-ac84c2b46512-GrpcLogAppender: appendEntries Timeout, request=d16d800f-a890-4a7a-bda4-5bf97a65c0f2->e74ea0f8-bf41-4d93-a1fd-ac84c2b46512#151-t1, previous=(t:1, i:22), leaderCommit=15, initializing? false, entries: <empty>
2019-09-12 04:08:44,684 [EventQueue-PipelineActionsForPipelineActionHandler] ERROR pipeline.PipelineActionHandler (PipelineActionHandler.java:onMessage(60)) - Received pipeline action CLOSE for Pipeline[ Id: 26361590-16d5-4f91-996d-1ac969952d72, Nodes: d16d800f-a890-4a7a-bda4-5bf97a65c0f2{ip: 192.168.34.8, host: pr-hdds-1879-pbs75-1821932185, networkLocation: /default-rack, certSerialId: null}41a8e196-af5b-4c71-b4d4-8d03270b35a0{ip: 192.168.34.8, host: pr-hdds-1879-pbs75-1821932185, networkLocation: /default-rack, certSerialId: null}e74ea0f8-bf41-4d93-a1fd-ac84c2b46512{ip: 192.168.34.8, host: pr-hdds-1879-pbs75-1821932185, networkLocation: /default-rack, certSerialId: null}, Type:RATIS, Factor:THREE, State:CLOSED] from datanode d16d800f-a890-4a7a-bda4-5bf97a65c0f2{ip: 192.168.34.8, host: pr-hdds-1879-pbs75-1821932185, networkLocation: /default-rack, certSerialId: null}. Reason : d16d800f-a890-4a7a-bda4-5bf97a65c0f2 has not seen follower/s 41a8e196-af5b-4c71-b4d4-8d03270b35a0 for 143651ms e74ea0f8-bf41-4d93-a1fd-ac84c2b46512 for 143651ms
2019-09-12 04:08:44,685 [EventQueue-PipelineActionsForPipelineActionHandler] INFO  pipeline.SCMPipelineManager (SCMPipelineManager.java:finalizeAndDestroyPipeline(311)) - destroying pipeline:Pipeline[ Id: 26361590-16d5-4f91-996d-1ac969952d72, Nodes: d16d800f-a890-4a7a-bda4-5bf97a65c0f2{ip: 192.168.34.8, host: pr-hdds-1879-pbs75-1821932185, networkLocation: /default-rack, certSerialId: null}41a8e196-af5b-4c71-b4d4-8d03270b35a0{ip: 192.168.34.8, host: pr-hdds-1879-pbs75-1821932185, networkLocation: /default-rack, certSerialId: null}e74ea0f8-bf41-4d93-a1fd-ac84c2b46512{ip: 192.168.34.8, host: pr-hdds-1879-pbs75-1821932185, networkLocation: /default-rack, certSerialId: null}, Type:RATIS, Factor:THREE, State:CLOSED]
2019-09-12 04:08:46,191 [org.apache.ratis.server.impl.LogAppender$AppenderDaemon$$Lambda$490/586156626@50ffaa3] ERROR ratis.XceiverServerRatis (XceiverServerRatis.java:triggerPipelineClose(568)) - pipeline Action CLOSE  on pipeline PipelineID=26361590-16d5-4f91-996d-1ac969952d72.Reason : d16d800f-a890-4a7a-bda4-5bf97a65c0f2 has not seen follower/s 41a8e196-af5b-4c71-b4d4-8d03270b35a0 for 146152ms e74ea0f8-bf41-4d93-a1fd-ac84c2b46512 for 146152ms
2019-09-12 04:08:46,191 [org.apache.ratis.server.impl.LogAppender$AppenderDaemon$$Lambda$490/586156626@67259503] ERROR ratis.XceiverServerRatis (XceiverServerRatis.java:triggerPipelineClose(568)) - pipeline Action CLOSE  on pipeline PipelineID=26361590-16d5-4f91-996d-1ac969952d72.Reason : d16d800f-a890-4a7a-bda4-5bf97a65c0f2 has not seen follower/s 41a8e196-af5b-4c71-b4d4-8d03270b35a0 for 146152ms e74ea0f8-bf41-4d93-a1fd-ac84c2b46512 for 146152ms
2019-09-12 04:08:46,652 [grpc-default-executor-11] INFO  client.GrpcClientProtocolClient (GrpcClientProtocolClient.java:onNext(264)) - client-38E6C04ACA0A->41a8e196-af5b-4c71-b4d4-8d03270b35a0: receive RaftClientReply:client-38E6C04ACA0A->41a8e196-af5b-4c71-b4d4-8d03270b35a0@group-1AC969952D72, cid=143, FAILED org.apache.ratis.protocol.NotLeaderException: Server 41a8e196-af5b-4c71-b4d4-8d03270b35a0@group-1AC969952D72 is not the leader d16d800f-a890-4a7a-bda4-5bf97a65c0f2:192.168.34.8:33400, logIndex=0, commits[41a8e196-af5b-4c71-b4d4-8d03270b35a0:c15, e74ea0f8-bf41-4d93-a1fd-ac84c2b46512:c13, d16d800f-a890-4a7a-bda4-5bf97a65c0f2:c15]
2019-09-12 04:08:46,684 [EventQueue-PipelineActionsForPipelineActionHandler] ERROR pipeline.PipelineActionHandler (PipelineActionHandler.java:onMessage(60)) - Received pipeline action CLOSE for Pipeline[ Id: 26361590-16d5-4f91-996d-1ac969952d72, Nodes: d16d800f-a890-4a7a-bda4-5bf97a65c0f2{ip: 192.168.34.8, host: pr-hdds-1879-pbs75-1821932185, networkLocation: /default-rack, certSerialId: null}41a8e196-af5b-4c71-b4d4-8d03270b35a0{ip: 192.168.34.8, host: pr-hdds-1879-pbs75-1821932185, networkLocation: /default-rack, certSerialId: null}e74ea0f8-bf41-4d93-a1fd-ac84c2b46512{ip: 192.168.34.8, host: pr-hdds-1879-pbs75-1821932185, networkLocation: /default-rack, certSerialId: null}, Type:RATIS, Factor:THREE, State:CLOSED] from datanode d16d800f-a890-4a7a-bda4-5bf97a65c0f2{ip: 192.168.34.8, host: pr-hdds-1879-pbs75-1821932185, networkLocation: /default-rack, certSerialId: null}. Reason : d16d800f-a890-4a7a-bda4-5bf97a65c0f2 has not seen follower/s 41a8e196-af5b-4c71-b4d4-8d03270b35a0 for 146152ms e74ea0f8-bf41-4d93-a1fd-ac84c2b46512 for 146152ms
2019-09-12 04:08:46,685 [EventQueue-PipelineActionsForPipelineActionHandler] INFO  pipeline.SCMPipelineManager (SCMPipelineManager.java:finalizeAndDestroyPipeline(311)) - destroying pipeline:Pipeline[ Id: 26361590-16d5-4f91-996d-1ac969952d72, Nodes: d16d800f-a890-4a7a-bda4-5bf97a65c0f2{ip: 192.168.34.8, host: pr-hdds-1879-pbs75-1821932185, networkLocation: /default-rack, certSerialId: null}41a8e196-af5b-4c71-b4d4-8d03270b35a0{ip: 192.168.34.8, host: pr-hdds-1879-pbs75-1821932185, networkLocation: /default-rack, certSerialId: null}e74ea0f8-bf41-4d93-a1fd-ac84c2b46512{ip: 192.168.34.8, host: pr-hdds-1879-pbs75-1821932185, networkLocation: /default-rack, certSerialId: null}, Type:RATIS, Factor:THREE, State:CLOSED]
2019-09-12 04:08:46,690 [java.util.concurrent.ThreadPoolExecutor$Worker@792bad54[State = -1, empty queue]] WARN  server.GrpcLogAppender (GrpcLogAppender.java:timeoutAppendRequest(200)) - d16d800f-a890-4a7a-bda4-5bf97a65c0f2@group-1AC969952D72->41a8e196-af5b-4c71-b4d4-8d03270b35a0-GrpcLogAppender: appendEntries Timeout, request=d16d800f-a890-4a7a-bda4-5bf97a65c0f2->41a8e196-af5b-4c71-b4d4-8d03270b35a0#152-t1, previous=(t:1, i:22), leaderCommit=15, initializing? false, entries: <empty>
2019-09-12 04:08:46,690 [java.util.concurrent.ThreadPoolExecutor$Worker@4b485f37[State = -1, empty queue]] WARN  server.GrpcLogAppender (GrpcLogAppender.java:timeoutAppendRequest(200)) - d16d800f-a890-4a7a-bda4-5bf97a65c0f2@group-1AC969952D72->e74ea0f8-bf41-4d93-a1fd-ac84c2b46512-GrpcLogAppender: appendEntries Timeout, request=d16d800f-a890-4a7a-bda4-5bf97a65c0f2->e74ea0f8-bf41-4d93-a1fd-ac84c2b46512#152-t1, previous=(t:1, i:22), leaderCommit=15, initializing? false, entries: <empty>
2019-09-12 04:08:48,693 [org.apache.ratis.server.impl.LogAppender$AppenderDaemon$$Lambda$490/586156626@50ffaa3] ERROR ratis.XceiverServerRatis (XceiverServerRatis.java:triggerPipelineClose(568)) - pipeline Action CLOSE  on pipeline PipelineID=26361590-16d5-4f91-996d-1ac969952d72.Reason : d16d800f-a890-4a7a-bda4-5bf97a65c0f2 has not seen follower/s 41a8e196-af5b-4c71-b4d4-8d03270b35a0 for 148653ms e74ea0f8-bf41-4d93-a1fd-ac84c2b46512 for 148654ms
2019-09-12 04:08:48,693 [org.apache.ratis.server.impl.LogAppender$AppenderDaemon$$Lambda$490/586156626@67259503] ERROR ratis.XceiverServerRatis (XceiverServerRatis.java:triggerPipelineClose(568)) - pipeline Action CLOSE  on pipeline PipelineID=26361590-16d5-4f91-996d-1ac969952d72.Reason : d16d800f-a890-4a7a-bda4-5bf97a65c0f2 has not seen follower/s 41a8e196-af5b-4c71-b4d4-8d03270b35a0 for 148653ms e74ea0f8-bf41-4d93-a1fd-ac84c2b46512 for 148654ms
2019-09-12 04:08:49,191 [java.util.concurrent.ThreadPoolExecutor$Worker@792bad54[State = -1, empty queue]] WARN  server.GrpcLogAppender (GrpcLogAppender.java:timeoutAppendRequest(200)) - d16d800f-a890-4a7a-bda4-5bf97a65c0f2@group-1AC969952D72->41a8e196-af5b-4c71-b4d4-8d03270b35a0-GrpcLogAppender: appendEntries Timeout, request=d16d800f-a890-4a7a-bda4-5bf97a65c0f2->41a8e196-af5b-4c71-b4d4-8d03270b35a0#153-t1, previous=(t:1, i:22), leaderCommit=15, initializing? false, entries: <empty>
2019-09-12 04:08:49,191 [java.util.concurrent.ThreadPoolExecutor$Worker@4b485f37[State = -1, empty queue]] WARN  server.GrpcLogAppender (GrpcLogAppender.java:timeoutAppendRequest(200)) - d16d800f-a890-4a7a-bda4-5bf97a65c0f2@group-1AC969952D72->e74ea0f8-bf41-4d93-a1fd-ac84c2b46512-GrpcLogAppender: appendEntries Timeout, request=d16d800f-a890-4a7a-bda4-5bf97a65c0f2->e74ea0f8-bf41-4d93-a1fd-ac84c2b46512#153-t1, previous=(t:1, i:22), leaderCommit=15, initializing? false, entries: <empty>
2019-09-12 04:08:49,685 [EventQueue-PipelineActionsForPipelineActionHandler] ERROR pipeline.PipelineActionHandler (PipelineActionHandler.java:onMessage(60)) - Received pipeline action CLOSE for Pipeline[ Id: 26361590-16d5-4f91-996d-1ac969952d72, Nodes: d16d800f-a890-4a7a-bda4-5bf97a65c0f2{ip: 192.168.34.8, host: pr-hdds-1879-pbs75-1821932185, networkLocation: /default-rack, certSerialId: null}41a8e196-af5b-4c71-b4d4-8d03270b35a0{ip: 192.168.34.8, host: pr-hdds-1879-pbs75-1821932185, networkLocation: /default-rack, certSerialId: null}e74ea0f8-bf41-4d93-a1fd-ac84c2b46512{ip: 192.168.34.8, host: pr-hdds-1879-pbs75-1821932185, networkLocation: /default-rack, certSerialId: null}, Type:RATIS, Factor:THREE, State:CLOSED] from datanode d16d800f-a890-4a7a-bda4-5bf97a65c0f2{ip: 192.168.34.8, host: pr-hdds-1879-pbs75-1821932185, networkLocation: /default-rack, certSerialId: null}. Reason : d16d800f-a890-4a7a-bda4-5bf97a65c0f2 has not seen follower/s 41a8e196-af5b-4c71-b4d4-8d03270b35a0 for 148653ms e74ea0f8-bf41-4d93-a1fd-ac84c2b46512 for 148654ms
2019-09-12 04:08:49,685 [EventQueue-PipelineActionsForPipelineActionHandler] INFO  pipeline.SCMPipelineManager (SCMPipelineManager.java:finalizeAndDestroyPipeline(311)) - destroying pipeline:Pipeline[ Id: 26361590-16d5-4f91-996d-1ac969952d72, Nodes: d16d800f-a890-4a7a-bda4-5bf97a65c0f2{ip: 192.168.34.8, host: pr-hdds-1879-pbs75-1821932185, networkLocation: /default-rack, certSerialId: null}41a8e196-af5b-4c71-b4d4-8d03270b35a0{ip: 192.168.34.8, host: pr-hdds-1879-pbs75-1821932185, networkLocation: /default-rack, certSerialId: null}e74ea0f8-bf41-4d93-a1fd-ac84c2b46512{ip: 192.168.34.8, host: pr-hdds-1879-pbs75-1821932185, networkLocation: /default-rack, certSerialId: null}, Type:RATIS, Factor:THREE, State:CLOSED]
2019-09-12 04:08:50,380 [e74ea0f8-bf41-4d93-a1fd-ac84c2b46512@group-1AC969952D72-SegmentedRaftLogWorker] WARN  segmented.SegmentedRaftLogWorker (SegmentedRaftLogWorker.java:getFromFuture(90)) - Timeout 14/~
org.apache.ratis.protocol.TimeoutIOException: Timeout 10s: WriteLog:16: (t:1, i:16), STATEMACHINELOGENTRY, client-38E6C04ACA0A, cid=143-writeStateMachineData
	at org.apache.ratis.util.IOUtils.getFromFuture(IOUtils.java:87)
	at org.apache.ratis.server.raftlog.segmented.SegmentedRaftLogWorker$StateMachineDataPolicy.getFromFuture(SegmentedRaftLogWorker.java:87)
	at org.apache.ratis.server.raftlog.segmented.SegmentedRaftLogWorker$WriteLog.execute(SegmentedRaftLogWorker.java:477)
	at org.apache.ratis.server.raftlog.segmented.SegmentedRaftLogWorker.run(SegmentedRaftLogWorker.java:289)
	at java.lang.Thread.run(Thread.java:748)
Caused by: java.util.concurrent.TimeoutException
	at java.util.concurrent.CompletableFuture.timedGet(CompletableFuture.java:1771)
	at java.util.concurrent.CompletableFuture.get(CompletableFuture.java:1915)
	at org.apache.ratis.util.IOUtils.getFromFuture(IOUtils.java:79)
	... 4 more
2019-09-12 04:08:50,539 [41a8e196-af5b-4c71-b4d4-8d03270b35a0@group-1AC969952D72-SegmentedRaftLogWorker] WARN  segmented.SegmentedRaftLogWorker (SegmentedRaftLogWorker.java:getFromFuture(90)) - Timeout 14/~
org.apache.ratis.protocol.TimeoutIOException: Timeout 10s: WriteLog:19: (t:1, i:19), STATEMACHINELOGENTRY, client-38E6C04ACA0A, cid=146-writeStateMachineData
	at org.apache.ratis.util.IOUtils.getFromFuture(IOUtils.java:87)
	at org.apache.ratis.server.raftlog.segmented.SegmentedRaftLogWorker$StateMachineDataPolicy.getFromFuture(SegmentedRaftLogWorker.java:87)
	at org.apache.ratis.server.raftlog.segmented.SegmentedRaftLogWorker$WriteLog.execute(SegmentedRaftLogWorker.java:477)
	at org.apache.ratis.server.raftlog.segmented.SegmentedRaftLogWorker.run(SegmentedRaftLogWorker.java:289)
	at java.lang.Thread.run(Thread.java:748)
Caused by: java.util.concurrent.TimeoutException
	at java.util.concurrent.CompletableFuture.timedGet(CompletableFuture.java:1771)
	at java.util.concurrent.CompletableFuture.get(CompletableFuture.java:1915)
	at org.apache.ratis.util.IOUtils.getFromFuture(IOUtils.java:79)
	... 4 more
2019-09-12 04:08:50,539 [d16d800f-a890-4a7a-bda4-5bf97a65c0f2@group-1AC969952D72-SegmentedRaftLogWorker] WARN  segmented.SegmentedRaftLogWorker (SegmentedRaftLogWorker.java:getFromFuture(90)) - Timeout 14/~
org.apache.ratis.protocol.TimeoutIOException: Timeout 10s: WriteLog:17: (t:1, i:17), STATEMACHINELOGENTRY, client-38E6C04ACA0A, cid=144-writeStateMachineData
	at org.apache.ratis.util.IOUtils.getFromFuture(IOUtils.java:87)
	at org.apache.ratis.server.raftlog.segmented.SegmentedRaftLogWorker$StateMachineDataPolicy.getFromFuture(SegmentedRaftLogWorker.java:87)
	at org.apache.ratis.server.raftlog.segmented.SegmentedRaftLogWorker$WriteLog.execute(SegmentedRaftLogWorker.java:477)
	at org.apache.ratis.server.raftlog.segmented.SegmentedRaftLogWorker.run(SegmentedRaftLogWorker.java:289)
	at java.lang.Thread.run(Thread.java:748)
Caused by: java.util.concurrent.TimeoutException
	at java.util.concurrent.CompletableFuture.timedGet(CompletableFuture.java:1771)
	at java.util.concurrent.CompletableFuture.get(CompletableFuture.java:1915)
	at org.apache.ratis.util.IOUtils.getFromFuture(IOUtils.java:79)
	... 4 more
2019-09-12 04:08:51,193 [org.apache.ratis.server.impl.LogAppender$AppenderDaemon$$Lambda$490/586156626@50ffaa3] ERROR ratis.XceiverServerRatis (XceiverServerRatis.java:triggerPipelineClose(568)) - pipeline Action CLOSE  on pipeline PipelineID=26361590-16d5-4f91-996d-1ac969952d72.Reason : d16d800f-a890-4a7a-bda4-5bf97a65c0f2 has not seen follower/s 41a8e196-af5b-4c71-b4d4-8d03270b35a0 for 151154ms e74ea0f8-bf41-4d93-a1fd-ac84c2b46512 for 151154ms
2019-09-12 04:08:51,193 [org.apache.ratis.server.impl.LogAppender$AppenderDaemon$$Lambda$490/586156626@67259503] ERROR ratis.XceiverServerRatis (XceiverServerRatis.java:triggerPipelineClose(568)) - pipeline Action CLOSE  on pipeline PipelineID=26361590-16d5-4f91-996d-1ac969952d72.Reason : d16d800f-a890-4a7a-bda4-5bf97a65c0f2 has not seen follower/s 41a8e196-af5b-4c71-b4d4-8d03270b35a0 for 151154ms e74ea0f8-bf41-4d93-a1fd-ac84c2b46512 for 151154ms
2019-09-12 04:08:51,683 [grpc-default-executor-8] INFO  client.GrpcClientProtocolClient (GrpcClientProtocolClient.java:onNext(264)) - client-38E6C04ACA0A->e74ea0f8-bf41-4d93-a1fd-ac84c2b46512: receive RaftClientReply:client-38E6C04ACA0A->e74ea0f8-bf41-4d93-a1fd-ac84c2b46512@group-1AC969952D72, cid=143, FAILED org.apache.ratis.protocol.NotLeaderException: Server e74ea0f8-bf41-4d93-a1fd-ac84c2b46512@group-1AC969952D72 is not the leader d16d800f-a890-4a7a-bda4-5bf97a65c0f2:192.168.34.8:33400, logIndex=0, commits[e74ea0f8-bf41-4d93-a1fd-ac84c2b46512:c15, 41a8e196-af5b-4c71-b4d4-8d03270b35a0:c13, d16d800f-a890-4a7a-bda4-5bf97a65c0f2:c15]
2019-09-12 04:08:51,692 [java.util.concurrent.ThreadPoolExecutor$Worker@4b485f37[State = -1, empty queue]] WARN  server.GrpcLogAppender (GrpcLogAppender.java:timeoutAppendRequest(200)) - d16d800f-a890-4a7a-bda4-5bf97a65c0f2@group-1AC969952D72->e74ea0f8-bf41-4d93-a1fd-ac84c2b46512-GrpcLogAppender: appendEntries Timeout, request=d16d800f-a890-4a7a-bda4-5bf97a65c0f2->e74ea0f8-bf41-4d93-a1fd-ac84c2b46512#154-t1, previous=(t:1, i:22), leaderCommit=15, initializing? false, entries: <empty>
2019-09-12 04:08:51,692 [java.util.concurrent.ThreadPoolExecutor$Worker@792bad54[State = -1, empty queue]] WARN  server.GrpcLogAppender (GrpcLogAppender.java:timeoutAppendRequest(200)) - d16d800f-a890-4a7a-bda4-5bf97a65c0f2@group-1AC969952D72->41a8e196-af5b-4c71-b4d4-8d03270b35a0-GrpcLogAppender: appendEntries Timeout, request=d16d800f-a890-4a7a-bda4-5bf97a65c0f2->41a8e196-af5b-4c71-b4d4-8d03270b35a0#154-t1, previous=(t:1, i:22), leaderCommit=15, initializing? false, entries: <empty>
2019-09-12 04:08:51,695 [EventQueue-PipelineActionsForPipelineActionHandler] ERROR pipeline.PipelineActionHandler (PipelineActionHandler.java:onMessage(60)) - Received pipeline action CLOSE for Pipeline[ Id: 26361590-16d5-4f91-996d-1ac969952d72, Nodes: d16d800f-a890-4a7a-bda4-5bf97a65c0f2{ip: 192.168.34.8, host: pr-hdds-1879-pbs75-1821932185, networkLocation: /default-rack, certSerialId: null}41a8e196-af5b-4c71-b4d4-8d03270b35a0{ip: 192.168.34.8, host: pr-hdds-1879-pbs75-1821932185, networkLocation: /default-rack, certSerialId: null}e74ea0f8-bf41-4d93-a1fd-ac84c2b46512{ip: 192.168.34.8, host: pr-hdds-1879-pbs75-1821932185, networkLocation: /default-rack, certSerialId: null}, Type:RATIS, Factor:THREE, State:CLOSED] from datanode d16d800f-a890-4a7a-bda4-5bf97a65c0f2{ip: 192.168.34.8, host: pr-hdds-1879-pbs75-1821932185, networkLocation: /default-rack, certSerialId: null}. Reason : d16d800f-a890-4a7a-bda4-5bf97a65c0f2 has not seen follower/s 41a8e196-af5b-4c71-b4d4-8d03270b35a0 for 151154ms e74ea0f8-bf41-4d93-a1fd-ac84c2b46512 for 151154ms
2019-09-12 04:08:51,695 [EventQueue-PipelineActionsForPipelineActionHandler] INFO  pipeline.SCMPipelineManager (SCMPipelineManager.java:finalizeAndDestroyPipeline(311)) - destroying pipeline:Pipeline[ Id: 26361590-16d5-4f91-996d-1ac969952d72, Nodes: d16d800f-a890-4a7a-bda4-5bf97a65c0f2{ip: 192.168.34.8, host: pr-hdds-1879-pbs75-1821932185, networkLocation: /default-rack, certSerialId: null}41a8e196-af5b-4c71-b4d4-8d03270b35a0{ip: 192.168.34.8, host: pr-hdds-1879-pbs75-1821932185, networkLocation: /default-rack, certSerialId: null}e74ea0f8-bf41-4d93-a1fd-ac84c2b46512{ip: 192.168.34.8, host: pr-hdds-1879-pbs75-1821932185, networkLocation: /default-rack, certSerialId: null}, Type:RATIS, Factor:THREE, State:CLOSED]
2019-09-12 04:08:53,693 [org.apache.ratis.server.impl.LogAppender$AppenderDaemon$$Lambda$490/586156626@50ffaa3] ERROR ratis.XceiverServerRatis (XceiverServerRatis.java:triggerPipelineClose(568)) - pipeline Action CLOSE  on pipeline PipelineID=26361590-16d5-4f91-996d-1ac969952d72.Reason : d16d800f-a890-4a7a-bda4-5bf97a65c0f2 has not seen follower/s 41a8e196-af5b-4c71-b4d4-8d03270b35a0 for 153654ms e74ea0f8-bf41-4d93-a1fd-ac84c2b46512 for 153655ms
2019-09-12 04:08:53,693 [org.apache.ratis.server.impl.LogAppender$AppenderDaemon$$Lambda$490/586156626@67259503] ERROR ratis.XceiverServerRatis (XceiverServerRatis.java:triggerPipelineClose(568)) - pipeline Action CLOSE  on pipeline PipelineID=26361590-16d5-4f91-996d-1ac969952d72.Reason : d16d800f-a890-4a7a-bda4-5bf97a65c0f2 has not seen follower/s 41a8e196-af5b-4c71-b4d4-8d03270b35a0 for 153654ms e74ea0f8-bf41-4d93-a1fd-ac84c2b46512 for 153655ms
2019-09-12 04:08:54,193 [java.util.concurrent.ThreadPoolExecutor$Worker@792bad54[State = -1, empty queue]] WARN  server.GrpcLogAppender (GrpcLogAppender.java:timeoutAppendRequest(200)) - d16d800f-a890-4a7a-bda4-5bf97a65c0f2@group-1AC969952D72->41a8e196-af5b-4c71-b4d4-8d03270b35a0-GrpcLogAppender: appendEntries Timeout, request=d16d800f-a890-4a7a-bda4-5bf97a65c0f2->41a8e196-af5b-4c71-b4d4-8d03270b35a0#155-t1, previous=(t:1, i:22), leaderCommit=15, initializing? false, entries: <empty>
2019-09-12 04:08:54,193 [java.util.concurrent.ThreadPoolExecutor$Worker@4b485f37[State = -1, empty queue]] WARN  server.GrpcLogAppender (GrpcLogAppender.java:timeoutAppendRequest(200)) - d16d800f-a890-4a7a-bda4-5bf97a65c0f2@group-1AC969952D72->e74ea0f8-bf41-4d93-a1fd-ac84c2b46512-GrpcLogAppender: appendEntries Timeout, request=d16d800f-a890-4a7a-bda4-5bf97a65c0f2->e74ea0f8-bf41-4d93-a1fd-ac84c2b46512#155-t1, previous=(t:1, i:22), leaderCommit=15, initializing? false, entries: <empty>
2019-09-12 04:08:54,692 [EventQueue-PipelineActionsForPipelineActionHandler] ERROR pipeline.PipelineActionHandler (PipelineActionHandler.java:onMessage(60)) - Received pipeline action CLOSE for Pipeline[ Id: 26361590-16d5-4f91-996d-1ac969952d72, Nodes: d16d800f-a890-4a7a-bda4-5bf97a65c0f2{ip: 192.168.34.8, host: pr-hdds-1879-pbs75-1821932185, networkLocation: /default-rack, certSerialId: null}41a8e196-af5b-4c71-b4d4-8d03270b35a0{ip: 192.168.34.8, host: pr-hdds-1879-pbs75-1821932185, networkLocation: /default-rack, certSerialId: null}e74ea0f8-bf41-4d93-a1fd-ac84c2b46512{ip: 192.168.34.8, host: pr-hdds-1879-pbs75-1821932185, networkLocation: /default-rack, certSerialId: null}, Type:RATIS, Factor:THREE, State:CLOSED] from datanode d16d800f-a890-4a7a-bda4-5bf97a65c0f2{ip: 192.168.34.8, host: pr-hdds-1879-pbs75-1821932185, networkLocation: /default-rack, certSerialId: null}. Reason : d16d800f-a890-4a7a-bda4-5bf97a65c0f2 has not seen follower/s 41a8e196-af5b-4c71-b4d4-8d03270b35a0 for 153654ms e74ea0f8-bf41-4d93-a1fd-ac84c2b46512 for 153655ms
2019-09-12 04:08:54,693 [EventQueue-PipelineActionsForPipelineActionHandler] INFO  pipeline.SCMPipelineManager (SCMPipelineManager.java:finalizeAndDestroyPipeline(311)) - destroying pipeline:Pipeline[ Id: 26361590-16d5-4f91-996d-1ac969952d72, Nodes: d16d800f-a890-4a7a-bda4-5bf97a65c0f2{ip: 192.168.34.8, host: pr-hdds-1879-pbs75-1821932185, networkLocation: /default-rack, certSerialId: null}41a8e196-af5b-4c71-b4d4-8d03270b35a0{ip: 192.168.34.8, host: pr-hdds-1879-pbs75-1821932185, networkLocation: /default-rack, certSerialId: null}e74ea0f8-bf41-4d93-a1fd-ac84c2b46512{ip: 192.168.34.8, host: pr-hdds-1879-pbs75-1821932185, networkLocation: /default-rack, certSerialId: null}, Type:RATIS, Factor:THREE, State:CLOSED]
2019-09-12 04:08:56,194 [org.apache.ratis.server.impl.LogAppender$AppenderDaemon$$Lambda$490/586156626@50ffaa3] ERROR ratis.XceiverServerRatis (XceiverServerRatis.java:triggerPipelineClose(568)) - pipeline Action CLOSE  on pipeline PipelineID=26361590-16d5-4f91-996d-1ac969952d72.Reason : d16d800f-a890-4a7a-bda4-5bf97a65c0f2 has not seen follower/s 41a8e196-af5b-4c71-b4d4-8d03270b35a0 for 156155ms e74ea0f8-bf41-4d93-a1fd-ac84c2b46512 for 156156ms
2019-09-12 04:08:56,195 [org.apache.ratis.server.impl.LogAppender$AppenderDaemon$$Lambda$490/586156626@67259503] ERROR ratis.XceiverServerRatis (XceiverServerRatis.java:triggerPipelineClose(568)) - pipeline Action CLOSE  on pipeline PipelineID=26361590-16d5-4f91-996d-1ac969952d72.Reason : d16d800f-a890-4a7a-bda4-5bf97a65c0f2 has not seen follower/s 41a8e196-af5b-4c71-b4d4-8d03270b35a0 for 156155ms e74ea0f8-bf41-4d93-a1fd-ac84c2b46512 for 156156ms
2019-09-12 04:08:56,693 [EventQueue-PipelineActionsForPipelineActionHandler] ERROR pipeline.PipelineActionHandler (PipelineActionHandler.java:onMessage(60)) - Received pipeline action CLOSE for Pipeline[ Id: 26361590-16d5-4f91-996d-1ac969952d72, Nodes: d16d800f-a890-4a7a-bda4-5bf97a65c0f2{ip: 192.168.34.8, host: pr-hdds-1879-pbs75-1821932185, networkLocation: /default-rack, certSerialId: null}41a8e196-af5b-4c71-b4d4-8d03270b35a0{ip: 192.168.34.8, host: pr-hdds-1879-pbs75-1821932185, networkLocation: /default-rack, certSerialId: null}e74ea0f8-bf41-4d93-a1fd-ac84c2b46512{ip: 192.168.34.8, host: pr-hdds-1879-pbs75-1821932185, networkLocation: /default-rack, certSerialId: null}, Type:RATIS, Factor:THREE, State:CLOSED] from datanode d16d800f-a890-4a7a-bda4-5bf97a65c0f2{ip: 192.168.34.8, host: pr-hdds-1879-pbs75-1821932185, networkLocation: /default-rack, certSerialId: null}. Reason : d16d800f-a890-4a7a-bda4-5bf97a65c0f2 has not seen follower/s 41a8e196-af5b-4c71-b4d4-8d03270b35a0 for 156155ms e74ea0f8-bf41-4d93-a1fd-ac84c2b46512 for 156156ms
2019-09-12 04:08:56,693 [java.util.concurrent.ThreadPoolExecutor$Worker@792bad54[State = -1, empty queue]] WARN  server.GrpcLogAppender (GrpcLogAppender.java:timeoutAppendRequest(200)) - d16d800f-a890-4a7a-bda4-5bf97a65c0f2@group-1AC969952D72->41a8e196-af5b-4c71-b4d4-8d03270b35a0-GrpcLogAppender: appendEntries Timeout, request=d16d800f-a890-4a7a-bda4-5bf97a65c0f2->41a8e196-af5b-4c71-b4d4-8d03270b35a0#156-t1, previous=(t:1, i:22), leaderCommit=15, initializing? false, entries: <empty>
2019-09-12 04:08:56,693 [java.util.concurrent.ThreadPoolExecutor$Worker@4b485f37[State = -1, empty queue]] WARN  server.GrpcLogAppender (GrpcLogAppender.java:timeoutAppendRequest(200)) - d16d800f-a890-4a7a-bda4-5bf97a65c0f2@group-1AC969952D72->e74ea0f8-bf41-4d93-a1fd-ac84c2b46512-GrpcLogAppender: appendEntries Timeout, request=d16d800f-a890-4a7a-bda4-5bf97a65c0f2->e74ea0f8-bf41-4d93-a1fd-ac84c2b46512#156-t1, previous=(t:1, i:22), leaderCommit=15, initializing? false, entries: <empty>
2019-09-12 04:08:56,693 [EventQueue-PipelineActionsForPipelineActionHandler] INFO  pipeline.SCMPipelineManager (SCMPipelineManager.java:finalizeAndDestroyPipeline(311)) - destroying pipeline:Pipeline[ Id: 26361590-16d5-4f91-996d-1ac969952d72, Nodes: d16d800f-a890-4a7a-bda4-5bf97a65c0f2{ip: 192.168.34.8, host: pr-hdds-1879-pbs75-1821932185, networkLocation: /default-rack, certSerialId: null}41a8e196-af5b-4c71-b4d4-8d03270b35a0{ip: 192.168.34.8, host: pr-hdds-1879-pbs75-1821932185, networkLocation: /default-rack, certSerialId: null}e74ea0f8-bf41-4d93-a1fd-ac84c2b46512{ip: 192.168.34.8, host: pr-hdds-1879-pbs75-1821932185, networkLocation: /default-rack, certSerialId: null}, Type:RATIS, Factor:THREE, State:CLOSED]
2019-09-12 04:08:56,724 [grpc-default-executor-8] INFO  client.GrpcClientProtocolClient (GrpcClientProtocolClient.java:onNext(264)) - client-38E6C04ACA0A->e74ea0f8-bf41-4d93-a1fd-ac84c2b46512: receive RaftClientReply:client-38E6C04ACA0A->e74ea0f8-bf41-4d93-a1fd-ac84c2b46512@group-1AC969952D72, cid=143, FAILED org.apache.ratis.protocol.NotLeaderException: Server e74ea0f8-bf41-4d93-a1fd-ac84c2b46512@group-1AC969952D72 is not the leader d16d800f-a890-4a7a-bda4-5bf97a65c0f2:192.168.34.8:33400, logIndex=0, commits[e74ea0f8-bf41-4d93-a1fd-ac84c2b46512:c15, 41a8e196-af5b-4c71-b4d4-8d03270b35a0:c13, d16d800f-a890-4a7a-bda4-5bf97a65c0f2:c15]
2019-09-12 04:08:58,695 [org.apache.ratis.server.impl.LogAppender$AppenderDaemon$$Lambda$490/586156626@67259503] ERROR ratis.XceiverServerRatis (XceiverServerRatis.java:triggerPipelineClose(568)) - pipeline Action CLOSE  on pipeline PipelineID=26361590-16d5-4f91-996d-1ac969952d72.Reason : d16d800f-a890-4a7a-bda4-5bf97a65c0f2 has not seen follower/s 41a8e196-af5b-4c71-b4d4-8d03270b35a0 for 158656ms e74ea0f8-bf41-4d93-a1fd-ac84c2b46512 for 158656ms
2019-09-12 04:08:58,695 [org.apache.ratis.server.impl.LogAppender$AppenderDaemon$$Lambda$490/586156626@50ffaa3] ERROR ratis.XceiverServerRatis (XceiverServerRatis.java:triggerPipelineClose(568)) - pipeline Action CLOSE  on pipeline PipelineID=26361590-16d5-4f91-996d-1ac969952d72.Reason : d16d800f-a890-4a7a-bda4-5bf97a65c0f2 has not seen follower/s 41a8e196-af5b-4c71-b4d4-8d03270b35a0 for 158656ms e74ea0f8-bf41-4d93-a1fd-ac84c2b46512 for 158657ms
2019-09-12 04:08:59,194 [java.util.concurrent.ThreadPoolExecutor$Worker@4b485f37[State = -1, empty queue]] WARN  server.GrpcLogAppender (GrpcLogAppender.java:timeoutAppendRequest(200)) - d16d800f-a890-4a7a-bda4-5bf97a65c0f2@group-1AC969952D72->e74ea0f8-bf41-4d93-a1fd-ac84c2b46512-GrpcLogAppender: appendEntries Timeout, request=d16d800f-a890-4a7a-bda4-5bf97a65c0f2->e74ea0f8-bf41-4d93-a1fd-ac84c2b46512#157-t1, previous=(t:1, i:22), leaderCommit=15, initializing? false, entries: <empty>
2019-09-12 04:08:59,194 [java.util.concurrent.ThreadPoolExecutor$Worker@792bad54[State = -1, empty queue]] WARN  server.GrpcLogAppender (GrpcLogAppender.java:timeoutAppendRequest(200)) - d16d800f-a890-4a7a-bda4-5bf97a65c0f2@group-1AC969952D72->41a8e196-af5b-4c71-b4d4-8d03270b35a0-GrpcLogAppender: appendEntries Timeout, request=d16d800f-a890-4a7a-bda4-5bf97a65c0f2->41a8e196-af5b-4c71-b4d4-8d03270b35a0#157-t1, previous=(t:1, i:22), leaderCommit=15, initializing? false, entries: <empty>
2019-09-12 04:08:59,695 [EventQueue-PipelineActionsForPipelineActionHandler] ERROR pipeline.PipelineActionHandler (PipelineActionHandler.java:onMessage(60)) - Received pipeline action CLOSE for Pipeline[ Id: 26361590-16d5-4f91-996d-1ac969952d72, Nodes: d16d800f-a890-4a7a-bda4-5bf97a65c0f2{ip: 192.168.34.8, host: pr-hdds-1879-pbs75-1821932185, networkLocation: /default-rack, certSerialId: null}41a8e196-af5b-4c71-b4d4-8d03270b35a0{ip: 192.168.34.8, host: pr-hdds-1879-pbs75-1821932185, networkLocation: /default-rack, certSerialId: null}e74ea0f8-bf41-4d93-a1fd-ac84c2b46512{ip: 192.168.34.8, host: pr-hdds-1879-pbs75-1821932185, networkLocation: /default-rack, certSerialId: null}, Type:RATIS, Factor:THREE, State:CLOSED] from datanode d16d800f-a890-4a7a-bda4-5bf97a65c0f2{ip: 192.168.34.8, host: pr-hdds-1879-pbs75-1821932185, networkLocation: /default-rack, certSerialId: null}. Reason : d16d800f-a890-4a7a-bda4-5bf97a65c0f2 has not seen follower/s 41a8e196-af5b-4c71-b4d4-8d03270b35a0 for 158656ms e74ea0f8-bf41-4d93-a1fd-ac84c2b46512 for 158656ms
2019-09-12 04:08:59,695 [EventQueue-PipelineActionsForPipelineActionHandler] INFO  pipeline.SCMPipelineManager (SCMPipelineManager.java:finalizeAndDestroyPipeline(311)) - destroying pipeline:Pipeline[ Id: 26361590-16d5-4f91-996d-1ac969952d72, Nodes: d16d800f-a890-4a7a-bda4-5bf97a65c0f2{ip: 192.168.34.8, host: pr-hdds-1879-pbs75-1821932185, networkLocation: /default-rack, certSerialId: null}41a8e196-af5b-4c71-b4d4-8d03270b35a0{ip: 192.168.34.8, host: pr-hdds-1879-pbs75-1821932185, networkLocation: /default-rack, certSerialId: null}e74ea0f8-bf41-4d93-a1fd-ac84c2b46512{ip: 192.168.34.8, host: pr-hdds-1879-pbs75-1821932185, networkLocation: /default-rack, certSerialId: null}, Type:RATIS, Factor:THREE, State:CLOSED]
2019-09-12 04:09:00,381 [e74ea0f8-bf41-4d93-a1fd-ac84c2b46512@group-1AC969952D72-SegmentedRaftLogWorker] WARN  segmented.SegmentedRaftLogWorker (SegmentedRaftLogWorker.java:getFromFuture(90)) - Timeout 15/~
org.apache.ratis.protocol.TimeoutIOException: Timeout 10s: WriteLog:16: (t:1, i:16), STATEMACHINELOGENTRY, client-38E6C04ACA0A, cid=143-writeStateMachineData
	at org.apache.ratis.util.IOUtils.getFromFuture(IOUtils.java:87)
	at org.apache.ratis.server.raftlog.segmented.SegmentedRaftLogWorker$StateMachineDataPolicy.getFromFuture(SegmentedRaftLogWorker.java:87)
	at org.apache.ratis.server.raftlog.segmented.SegmentedRaftLogWorker$WriteLog.execute(SegmentedRaftLogWorker.java:477)
	at org.apache.ratis.server.raftlog.segmented.SegmentedRaftLogWorker.run(SegmentedRaftLogWorker.java:289)
	at java.lang.Thread.run(Thread.java:748)
Caused by: java.util.concurrent.TimeoutException
	at java.util.concurrent.CompletableFuture.timedGet(CompletableFuture.java:1771)
	at java.util.concurrent.CompletableFuture.get(CompletableFuture.java:1915)
	at org.apache.ratis.util.IOUtils.getFromFuture(IOUtils.java:79)
	... 4 more
2019-09-12 04:09:00,540 [41a8e196-af5b-4c71-b4d4-8d03270b35a0@group-1AC969952D72-SegmentedRaftLogWorker] WARN  segmented.SegmentedRaftLogWorker (SegmentedRaftLogWorker.java:getFromFuture(90)) - Timeout 15/~
org.apache.ratis.protocol.TimeoutIOException: Timeout 10s: WriteLog:19: (t:1, i:19), STATEMACHINELOGENTRY, client-38E6C04ACA0A, cid=146-writeStateMachineData
	at org.apache.ratis.util.IOUtils.getFromFuture(IOUtils.java:87)
	at org.apache.ratis.server.raftlog.segmented.SegmentedRaftLogWorker$StateMachineDataPolicy.getFromFuture(SegmentedRaftLogWorker.java:87)
	at org.apache.ratis.server.raftlog.segmented.SegmentedRaftLogWorker$WriteLog.execute(SegmentedRaftLogWorker.java:477)
	at org.apache.ratis.server.raftlog.segmented.SegmentedRaftLogWorker.run(SegmentedRaftLogWorker.java:289)
	at java.lang.Thread.run(Thread.java:748)
Caused by: java.util.concurrent.TimeoutException
	at java.util.concurrent.CompletableFuture.timedGet(CompletableFuture.java:1771)
	at java.util.concurrent.CompletableFuture.get(CompletableFuture.java:1915)
	at org.apache.ratis.util.IOUtils.getFromFuture(IOUtils.java:79)
	... 4 more
2019-09-12 04:09:00,540 [d16d800f-a890-4a7a-bda4-5bf97a65c0f2@group-1AC969952D72-SegmentedRaftLogWorker] WARN  segmented.SegmentedRaftLogWorker (SegmentedRaftLogWorker.java:getFromFuture(90)) - Timeout 15/~
org.apache.ratis.protocol.TimeoutIOException: Timeout 10s: WriteLog:17: (t:1, i:17), STATEMACHINELOGENTRY, client-38E6C04ACA0A, cid=144-writeStateMachineData
	at org.apache.ratis.util.IOUtils.getFromFuture(IOUtils.java:87)
	at org.apache.ratis.server.raftlog.segmented.SegmentedRaftLogWorker$StateMachineDataPolicy.getFromFuture(SegmentedRaftLogWorker.java:87)
	at org.apache.ratis.server.raftlog.segmented.SegmentedRaftLogWorker$WriteLog.execute(SegmentedRaftLogWorker.java:477)
	at org.apache.ratis.server.raftlog.segmented.SegmentedRaftLogWorker.run(SegmentedRaftLogWorker.java:289)
	at java.lang.Thread.run(Thread.java:748)
Caused by: java.util.concurrent.TimeoutException
	at java.util.concurrent.CompletableFuture.timedGet(CompletableFuture.java:1771)
	at java.util.concurrent.CompletableFuture.get(CompletableFuture.java:1915)
	at org.apache.ratis.util.IOUtils.getFromFuture(IOUtils.java:79)
	... 4 more
2019-09-12 04:09:01,196 [org.apache.ratis.server.impl.LogAppender$AppenderDaemon$$Lambda$490/586156626@67259503] ERROR ratis.XceiverServerRatis (XceiverServerRatis.java:triggerPipelineClose(568)) - pipeline Action CLOSE  on pipeline PipelineID=26361590-16d5-4f91-996d-1ac969952d72.Reason : d16d800f-a890-4a7a-bda4-5bf97a65c0f2 has not seen follower/s 41a8e196-af5b-4c71-b4d4-8d03270b35a0 for 161157ms e74ea0f8-bf41-4d93-a1fd-ac84c2b46512 for 161158ms
2019-09-12 04:09:01,196 [org.apache.ratis.server.impl.LogAppender$AppenderDaemon$$Lambda$490/586156626@50ffaa3] ERROR ratis.XceiverServerRatis (XceiverServerRatis.java:triggerPipelineClose(568)) - pipeline Action CLOSE  on pipeline PipelineID=26361590-16d5-4f91-996d-1ac969952d72.Reason : d16d800f-a890-4a7a-bda4-5bf97a65c0f2 has not seen follower/s 41a8e196-af5b-4c71-b4d4-8d03270b35a0 for 161157ms e74ea0f8-bf41-4d93-a1fd-ac84c2b46512 for 161158ms
2019-09-12 04:09:01,695 [java.util.concurrent.ThreadPoolExecutor$Worker@4b485f37[State = -1, empty queue]] WARN  server.GrpcLogAppender (GrpcLogAppender.java:timeoutAppendRequest(200)) - d16d800f-a890-4a7a-bda4-5bf97a65c0f2@group-1AC969952D72->e74ea0f8-bf41-4d93-a1fd-ac84c2b46512-GrpcLogAppender: appendEntries Timeout, request=d16d800f-a890-4a7a-bda4-5bf97a65c0f2->e74ea0f8-bf41-4d93-a1fd-ac84c2b46512#158-t1, previous=(t:1, i:22), leaderCommit=15, initializing? false, entries: <empty>
2019-09-12 04:09:01,695 [EventQueue-PipelineActionsForPipelineActionHandler] ERROR pipeline.PipelineActionHandler (PipelineActionHandler.java:onMessage(60)) - Received pipeline action CLOSE for Pipeline[ Id: 26361590-16d5-4f91-996d-1ac969952d72, Nodes: d16d800f-a890-4a7a-bda4-5bf97a65c0f2{ip: 192.168.34.8, host: pr-hdds-1879-pbs75-1821932185, networkLocation: /default-rack, certSerialId: null}41a8e196-af5b-4c71-b4d4-8d03270b35a0{ip: 192.168.34.8, host: pr-hdds-1879-pbs75-1821932185, networkLocation: /default-rack, certSerialId: null}e74ea0f8-bf41-4d93-a1fd-ac84c2b46512{ip: 192.168.34.8, host: pr-hdds-1879-pbs75-1821932185, networkLocation: /default-rack, certSerialId: null}, Type:RATIS, Factor:THREE, State:CLOSED] from datanode d16d800f-a890-4a7a-bda4-5bf97a65c0f2{ip: 192.168.34.8, host: pr-hdds-1879-pbs75-1821932185, networkLocation: /default-rack, certSerialId: null}. Reason : d16d800f-a890-4a7a-bda4-5bf97a65c0f2 has not seen follower/s 41a8e196-af5b-4c71-b4d4-8d03270b35a0 for 161157ms e74ea0f8-bf41-4d93-a1fd-ac84c2b46512 for 161158ms
2019-09-12 04:09:01,695 [java.util.concurrent.ThreadPoolExecutor$Worker@792bad54[State = -1, empty queue]] WARN  server.GrpcLogAppender (GrpcLogAppender.java:timeoutAppendRequest(200)) - d16d800f-a890-4a7a-bda4-5bf97a65c0f2@group-1AC969952D72->41a8e196-af5b-4c71-b4d4-8d03270b35a0-GrpcLogAppender: appendEntries Timeout, request=d16d800f-a890-4a7a-bda4-5bf97a65c0f2->41a8e196-af5b-4c71-b4d4-8d03270b35a0#158-t1, previous=(t:1, i:22), leaderCommit=15, initializing? false, entries: <empty>
2019-09-12 04:09:01,696 [EventQueue-PipelineActionsForPipelineActionHandler] INFO  pipeline.SCMPipelineManager (SCMPipelineManager.java:finalizeAndDestroyPipeline(311)) - destroying pipeline:Pipeline[ Id: 26361590-16d5-4f91-996d-1ac969952d72, Nodes: d16d800f-a890-4a7a-bda4-5bf97a65c0f2{ip: 192.168.34.8, host: pr-hdds-1879-pbs75-1821932185, networkLocation: /default-rack, certSerialId: null}41a8e196-af5b-4c71-b4d4-8d03270b35a0{ip: 192.168.34.8, host: pr-hdds-1879-pbs75-1821932185, networkLocation: /default-rack, certSerialId: null}e74ea0f8-bf41-4d93-a1fd-ac84c2b46512{ip: 192.168.34.8, host: pr-hdds-1879-pbs75-1821932185, networkLocation: /default-rack, certSerialId: null}, Type:RATIS, Factor:THREE, State:CLOSED]
2019-09-12 04:09:01,762 [grpc-default-executor-8] INFO  client.GrpcClientProtocolClient (GrpcClientProtocolClient.java:onNext(264)) - client-38E6C04ACA0A->e74ea0f8-bf41-4d93-a1fd-ac84c2b46512: receive RaftClientReply:client-38E6C04ACA0A->e74ea0f8-bf41-4d93-a1fd-ac84c2b46512@group-1AC969952D72, cid=143, FAILED org.apache.ratis.protocol.NotLeaderException: Server e74ea0f8-bf41-4d93-a1fd-ac84c2b46512@group-1AC969952D72 is not the leader d16d800f-a890-4a7a-bda4-5bf97a65c0f2:192.168.34.8:33400, logIndex=0, commits[e74ea0f8-bf41-4d93-a1fd-ac84c2b46512:c15, 41a8e196-af5b-4c71-b4d4-8d03270b35a0:c13, d16d800f-a890-4a7a-bda4-5bf97a65c0f2:c15]
2019-09-12 04:09:03,697 [org.apache.ratis.server.impl.LogAppender$AppenderDaemon$$Lambda$490/586156626@67259503] ERROR ratis.XceiverServerRatis (XceiverServerRatis.java:triggerPipelineClose(568)) - pipeline Action CLOSE  on pipeline PipelineID=26361590-16d5-4f91-996d-1ac969952d72.Reason : d16d800f-a890-4a7a-bda4-5bf97a65c0f2 has not seen follower/s 41a8e196-af5b-4c71-b4d4-8d03270b35a0 for 163658ms e74ea0f8-bf41-4d93-a1fd-ac84c2b46512 for 163658ms
2019-09-12 04:09:03,697 [org.apache.ratis.server.impl.LogAppender$AppenderDaemon$$Lambda$490/586156626@50ffaa3] ERROR ratis.XceiverServerRatis (XceiverServerRatis.java:triggerPipelineClose(568)) - pipeline Action CLOSE  on pipeline PipelineID=26361590-16d5-4f91-996d-1ac969952d72.Reason : d16d800f-a890-4a7a-bda4-5bf97a65c0f2 has not seen follower/s 41a8e196-af5b-4c71-b4d4-8d03270b35a0 for 163658ms e74ea0f8-bf41-4d93-a1fd-ac84c2b46512 for 163658ms
2019-09-12 04:09:04,196 [java.util.concurrent.ThreadPoolExecutor$Worker@4b485f37[State = -1, empty queue]] WARN  server.GrpcLogAppender (GrpcLogAppender.java:timeoutAppendRequest(200)) - d16d800f-a890-4a7a-bda4-5bf97a65c0f2@group-1AC969952D72->e74ea0f8-bf41-4d93-a1fd-ac84c2b46512-GrpcLogAppender: appendEntries Timeout, request=d16d800f-a890-4a7a-bda4-5bf97a65c0f2->e74ea0f8-bf41-4d93-a1fd-ac84c2b46512#159-t1, previous=(t:1, i:22), leaderCommit=15, initializing? false, entries: <empty>
2019-09-12 04:09:04,196 [java.util.concurrent.ThreadPoolExecutor$Worker@792bad54[State = -1, empty queue]] WARN  server.GrpcLogAppender (GrpcLogAppender.java:timeoutAppendRequest(200)) - d16d800f-a890-4a7a-bda4-5bf97a65c0f2@group-1AC969952D72->41a8e196-af5b-4c71-b4d4-8d03270b35a0-GrpcLogAppender: appendEntries Timeout, request=d16d800f-a890-4a7a-bda4-5bf97a65c0f2->41a8e196-af5b-4c71-b4d4-8d03270b35a0#159-t1, previous=(t:1, i:22), leaderCommit=15, initializing? false, entries: <empty>
2019-09-12 04:09:04,696 [EventQueue-PipelineActionsForPipelineActionHandler] ERROR pipeline.PipelineActionHandler (PipelineActionHandler.java:onMessage(60)) - Received pipeline action CLOSE for Pipeline[ Id: 26361590-16d5-4f91-996d-1ac969952d72, Nodes: d16d800f-a890-4a7a-bda4-5bf97a65c0f2{ip: 192.168.34.8, host: pr-hdds-1879-pbs75-1821932185, networkLocation: /default-rack, certSerialId: null}41a8e196-af5b-4c71-b4d4-8d03270b35a0{ip: 192.168.34.8, host: pr-hdds-1879-pbs75-1821932185, networkLocation: /default-rack, certSerialId: null}e74ea0f8-bf41-4d93-a1fd-ac84c2b46512{ip: 192.168.34.8, host: pr-hdds-1879-pbs75-1821932185, networkLocation: /default-rack, certSerialId: null}, Type:RATIS, Factor:THREE, State:CLOSED] from datanode d16d800f-a890-4a7a-bda4-5bf97a65c0f2{ip: 192.168.34.8, host: pr-hdds-1879-pbs75-1821932185, networkLocation: /default-rack, certSerialId: null}. Reason : d16d800f-a890-4a7a-bda4-5bf97a65c0f2 has not seen follower/s 41a8e196-af5b-4c71-b4d4-8d03270b35a0 for 163658ms e74ea0f8-bf41-4d93-a1fd-ac84c2b46512 for 163658ms
2019-09-12 04:09:04,696 [EventQueue-PipelineActionsForPipelineActionHandler] INFO  pipeline.SCMPipelineManager (SCMPipelineManager.java:finalizeAndDestroyPipeline(311)) - destroying pipeline:Pipeline[ Id: 26361590-16d5-4f91-996d-1ac969952d72, Nodes: d16d800f-a890-4a7a-bda4-5bf97a65c0f2{ip: 192.168.34.8, host: pr-hdds-1879-pbs75-1821932185, networkLocation: /default-rack, certSerialId: null}41a8e196-af5b-4c71-b4d4-8d03270b35a0{ip: 192.168.34.8, host: pr-hdds-1879-pbs75-1821932185, networkLocation: /default-rack, certSerialId: null}e74ea0f8-bf41-4d93-a1fd-ac84c2b46512{ip: 192.168.34.8, host: pr-hdds-1879-pbs75-1821932185, networkLocation: /default-rack, certSerialId: null}, Type:RATIS, Factor:THREE, State:CLOSED]
2019-09-12 04:09:06,198 [org.apache.ratis.server.impl.LogAppender$AppenderDaemon$$Lambda$490/586156626@50ffaa3] ERROR ratis.XceiverServerRatis (XceiverServerRatis.java:triggerPipelineClose(568)) - pipeline Action CLOSE  on pipeline PipelineID=26361590-16d5-4f91-996d-1ac969952d72.Reason : d16d800f-a890-4a7a-bda4-5bf97a65c0f2 has not seen follower/s 41a8e196-af5b-4c71-b4d4-8d03270b35a0 for 166158ms e74ea0f8-bf41-4d93-a1fd-ac84c2b46512 for 166159ms
2019-09-12 04:09:06,198 [org.apache.ratis.server.impl.LogAppender$AppenderDaemon$$Lambda$490/586156626@67259503] ERROR ratis.XceiverServerRatis (XceiverServerRatis.java:triggerPipelineClose(568)) - pipeline Action CLOSE  on pipeline PipelineID=26361590-16d5-4f91-996d-1ac969952d72.Reason : d16d800f-a890-4a7a-bda4-5bf97a65c0f2 has not seen follower/s 41a8e196-af5b-4c71-b4d4-8d03270b35a0 for 166159ms e74ea0f8-bf41-4d93-a1fd-ac84c2b46512 for 166160ms
2019-09-12 04:09:06,695 [EventQueue-PipelineActionsForPipelineActionHandler] ERROR pipeline.PipelineActionHandler (PipelineActionHandler.java:onMessage(60)) - Received pipeline action CLOSE for Pipeline[ Id: 26361590-16d5-4f91-996d-1ac969952d72, Nodes: d16d800f-a890-4a7a-bda4-5bf97a65c0f2{ip: 192.168.34.8, host: pr-hdds-1879-pbs75-1821932185, networkLocation: /default-rack, certSerialId: null}41a8e196-af5b-4c71-b4d4-8d03270b35a0{ip: 192.168.34.8, host: pr-hdds-1879-pbs75-1821932185, networkLocation: /default-rack, certSerialId: null}e74ea0f8-bf41-4d93-a1fd-ac84c2b46512{ip: 192.168.34.8, host: pr-hdds-1879-pbs75-1821932185, networkLocation: /default-rack, certSerialId: null}, Type:RATIS, Factor:THREE, State:CLOSED] from datanode d16d800f-a890-4a7a-bda4-5bf97a65c0f2{ip: 192.168.34.8, host: pr-hdds-1879-pbs75-1821932185, networkLocation: /default-rack, certSerialId: null}. Reason : d16d800f-a890-4a7a-bda4-5bf97a65c0f2 has not seen follower/s 41a8e196-af5b-4c71-b4d4-8d03270b35a0 for 166158ms e74ea0f8-bf41-4d93-a1fd-ac84c2b46512 for 166159ms
2019-09-12 04:09:06,695 [EventQueue-PipelineActionsForPipelineActionHandler] INFO  pipeline.SCMPipelineManager (SCMPipelineManager.java:finalizeAndDestroyPipeline(311)) - destroying pipeline:Pipeline[ Id: 26361590-16d5-4f91-996d-1ac969952d72, Nodes: d16d800f-a890-4a7a-bda4-5bf97a65c0f2{ip: 192.168.34.8, host: pr-hdds-1879-pbs75-1821932185, networkLocation: /default-rack, certSerialId: null}41a8e196-af5b-4c71-b4d4-8d03270b35a0{ip: 192.168.34.8, host: pr-hdds-1879-pbs75-1821932185, networkLocation: /default-rack, certSerialId: null}e74ea0f8-bf41-4d93-a1fd-ac84c2b46512{ip: 192.168.34.8, host: pr-hdds-1879-pbs75-1821932185, networkLocation: /default-rack, certSerialId: null}, Type:RATIS, Factor:THREE, State:CLOSED]
2019-09-12 04:09:06,697 [java.util.concurrent.ThreadPoolExecutor$Worker@4b485f37[State = -1, empty queue]] WARN  server.GrpcLogAppender (GrpcLogAppender.java:timeoutAppendRequest(200)) - d16d800f-a890-4a7a-bda4-5bf97a65c0f2@group-1AC969952D72->e74ea0f8-bf41-4d93-a1fd-ac84c2b46512-GrpcLogAppender: appendEntries Timeout, request=d16d800f-a890-4a7a-bda4-5bf97a65c0f2->e74ea0f8-bf41-4d93-a1fd-ac84c2b46512#160-t1, previous=(t:1, i:22), leaderCommit=15, initializing? false, entries: <empty>
2019-09-12 04:09:06,697 [java.util.concurrent.ThreadPoolExecutor$Worker@792bad54[State = -1, empty queue]] WARN  server.GrpcLogAppender (GrpcLogAppender.java:timeoutAppendRequest(200)) - d16d800f-a890-4a7a-bda4-5bf97a65c0f2@group-1AC969952D72->41a8e196-af5b-4c71-b4d4-8d03270b35a0-GrpcLogAppender: appendEntries Timeout, request=d16d800f-a890-4a7a-bda4-5bf97a65c0f2->41a8e196-af5b-4c71-b4d4-8d03270b35a0#160-t1, previous=(t:1, i:22), leaderCommit=15, initializing? false, entries: <empty>
2019-09-12 04:09:06,803 [grpc-default-executor-8] INFO  client.GrpcClientProtocolClient (GrpcClientProtocolClient.java:onNext(264)) - client-38E6C04ACA0A->e74ea0f8-bf41-4d93-a1fd-ac84c2b46512: receive RaftClientReply:client-38E6C04ACA0A->e74ea0f8-bf41-4d93-a1fd-ac84c2b46512@group-1AC969952D72, cid=143, FAILED org.apache.ratis.protocol.NotLeaderException: Server e74ea0f8-bf41-4d93-a1fd-ac84c2b46512@group-1AC969952D72 is not the leader d16d800f-a890-4a7a-bda4-5bf97a65c0f2:192.168.34.8:33400, logIndex=0, commits[e74ea0f8-bf41-4d93-a1fd-ac84c2b46512:c15, 41a8e196-af5b-4c71-b4d4-8d03270b35a0:c13, d16d800f-a890-4a7a-bda4-5bf97a65c0f2:c15]
2019-09-12 04:09:08,699 [org.apache.ratis.server.impl.LogAppender$AppenderDaemon$$Lambda$490/586156626@50ffaa3] ERROR ratis.XceiverServerRatis (XceiverServerRatis.java:triggerPipelineClose(568)) - pipeline Action CLOSE  on pipeline PipelineID=26361590-16d5-4f91-996d-1ac969952d72.Reason : d16d800f-a890-4a7a-bda4-5bf97a65c0f2 has not seen follower/s 41a8e196-af5b-4c71-b4d4-8d03270b35a0 for 168660ms e74ea0f8-bf41-4d93-a1fd-ac84c2b46512 for 168661ms
2019-09-12 04:09:08,699 [org.apache.ratis.server.impl.LogAppender$AppenderDaemon$$Lambda$490/586156626@67259503] ERROR ratis.XceiverServerRatis (XceiverServerRatis.java:triggerPipelineClose(568)) - pipeline Action CLOSE  on pipeline PipelineID=26361590-16d5-4f91-996d-1ac969952d72.Reason : d16d800f-a890-4a7a-bda4-5bf97a65c0f2 has not seen follower/s 41a8e196-af5b-4c71-b4d4-8d03270b35a0 for 168660ms e74ea0f8-bf41-4d93-a1fd-ac84c2b46512 for 168661ms
2019-09-12 04:09:09,198 [java.util.concurrent.ThreadPoolExecutor$Worker@792bad54[State = -1, empty queue]] WARN  server.GrpcLogAppender (GrpcLogAppender.java:timeoutAppendRequest(200)) - d16d800f-a890-4a7a-bda4-5bf97a65c0f2@group-1AC969952D72->41a8e196-af5b-4c71-b4d4-8d03270b35a0-GrpcLogAppender: appendEntries Timeout, request=d16d800f-a890-4a7a-bda4-5bf97a65c0f2->41a8e196-af5b-4c71-b4d4-8d03270b35a0#161-t1, previous=(t:1, i:22), leaderCommit=15, initializing? false, entries: <empty>
2019-09-12 04:09:09,198 [java.util.concurrent.ThreadPoolExecutor$Worker@4b485f37[State = -1, empty queue]] WARN  server.GrpcLogAppender (GrpcLogAppender.java:timeoutAppendRequest(200)) - d16d800f-a890-4a7a-bda4-5bf97a65c0f2@group-1AC969952D72->e74ea0f8-bf41-4d93-a1fd-ac84c2b46512-GrpcLogAppender: appendEntries Timeout, request=d16d800f-a890-4a7a-bda4-5bf97a65c0f2->e74ea0f8-bf41-4d93-a1fd-ac84c2b46512#161-t1, previous=(t:1, i:22), leaderCommit=15, initializing? false, entries: <empty>
2019-09-12 04:09:09,696 [EventQueue-PipelineActionsForPipelineActionHandler] ERROR pipeline.PipelineActionHandler (PipelineActionHandler.java:onMessage(60)) - Received pipeline action CLOSE for Pipeline[ Id: 26361590-16d5-4f91-996d-1ac969952d72, Nodes: d16d800f-a890-4a7a-bda4-5bf97a65c0f2{ip: 192.168.34.8, host: pr-hdds-1879-pbs75-1821932185, networkLocation: /default-rack, certSerialId: null}41a8e196-af5b-4c71-b4d4-8d03270b35a0{ip: 192.168.34.8, host: pr-hdds-1879-pbs75-1821932185, networkLocation: /default-rack, certSerialId: null}e74ea0f8-bf41-4d93-a1fd-ac84c2b46512{ip: 192.168.34.8, host: pr-hdds-1879-pbs75-1821932185, networkLocation: /default-rack, certSerialId: null}, Type:RATIS, Factor:THREE, State:CLOSED] from datanode d16d800f-a890-4a7a-bda4-5bf97a65c0f2{ip: 192.168.34.8, host: pr-hdds-1879-pbs75-1821932185, networkLocation: /default-rack, certSerialId: null}. Reason : d16d800f-a890-4a7a-bda4-5bf97a65c0f2 has not seen follower/s 41a8e196-af5b-4c71-b4d4-8d03270b35a0 for 168660ms e74ea0f8-bf41-4d93-a1fd-ac84c2b46512 for 168661ms
2019-09-12 04:09:09,696 [EventQueue-PipelineActionsForPipelineActionHandler] INFO  pipeline.SCMPipelineManager (SCMPipelineManager.java:finalizeAndDestroyPipeline(311)) - destroying pipeline:Pipeline[ Id: 26361590-16d5-4f91-996d-1ac969952d72, Nodes: d16d800f-a890-4a7a-bda4-5bf97a65c0f2{ip: 192.168.34.8, host: pr-hdds-1879-pbs75-1821932185, networkLocation: /default-rack, certSerialId: null}41a8e196-af5b-4c71-b4d4-8d03270b35a0{ip: 192.168.34.8, host: pr-hdds-1879-pbs75-1821932185, networkLocation: /default-rack, certSerialId: null}e74ea0f8-bf41-4d93-a1fd-ac84c2b46512{ip: 192.168.34.8, host: pr-hdds-1879-pbs75-1821932185, networkLocation: /default-rack, certSerialId: null}, Type:RATIS, Factor:THREE, State:CLOSED]
2019-09-12 04:09:10,382 [e74ea0f8-bf41-4d93-a1fd-ac84c2b46512@group-1AC969952D72-SegmentedRaftLogWorker] WARN  segmented.SegmentedRaftLogWorker (SegmentedRaftLogWorker.java:getFromFuture(90)) - Timeout 16/~
org.apache.ratis.protocol.TimeoutIOException: Timeout 10s: WriteLog:16: (t:1, i:16), STATEMACHINELOGENTRY, client-38E6C04ACA0A, cid=143-writeStateMachineData
	at org.apache.ratis.util.IOUtils.getFromFuture(IOUtils.java:87)
	at org.apache.ratis.server.raftlog.segmented.SegmentedRaftLogWorker$StateMachineDataPolicy.getFromFuture(SegmentedRaftLogWorker.java:87)
	at org.apache.ratis.server.raftlog.segmented.SegmentedRaftLogWorker$WriteLog.execute(SegmentedRaftLogWorker.java:477)
	at org.apache.ratis.server.raftlog.segmented.SegmentedRaftLogWorker.run(SegmentedRaftLogWorker.java:289)
	at java.lang.Thread.run(Thread.java:748)
Caused by: java.util.concurrent.TimeoutException
	at java.util.concurrent.CompletableFuture.timedGet(CompletableFuture.java:1771)
	at java.util.concurrent.CompletableFuture.get(CompletableFuture.java:1915)
	at org.apache.ratis.util.IOUtils.getFromFuture(IOUtils.java:79)
	... 4 more
2019-09-12 04:09:10,558 [41a8e196-af5b-4c71-b4d4-8d03270b35a0@group-1AC969952D72-SegmentedRaftLogWorker] WARN  segmented.SegmentedRaftLogWorker (SegmentedRaftLogWorker.java:getFromFuture(90)) - Timeout 16/~
org.apache.ratis.protocol.TimeoutIOException: Timeout 10s: WriteLog:19: (t:1, i:19), STATEMACHINELOGENTRY, client-38E6C04ACA0A, cid=146-writeStateMachineData
	at org.apache.ratis.util.IOUtils.getFromFuture(IOUtils.java:87)
	at org.apache.ratis.server.raftlog.segmented.SegmentedRaftLogWorker$StateMachineDataPolicy.getFromFuture(SegmentedRaftLogWorker.java:87)
	at org.apache.ratis.server.raftlog.segmented.SegmentedRaftLogWorker$WriteLog.execute(SegmentedRaftLogWorker.java:477)
	at org.apache.ratis.server.raftlog.segmented.SegmentedRaftLogWorker.run(SegmentedRaftLogWorker.java:289)
	at java.lang.Thread.run(Thread.java:748)
Caused by: java.util.concurrent.TimeoutException
	at java.util.concurrent.CompletableFuture.timedGet(CompletableFuture.java:1771)
	at java.util.concurrent.CompletableFuture.get(CompletableFuture.java:1915)
	at org.apache.ratis.util.IOUtils.getFromFuture(IOUtils.java:79)
	... 4 more
2019-09-12 04:09:10,558 [d16d800f-a890-4a7a-bda4-5bf97a65c0f2@group-1AC969952D72-SegmentedRaftLogWorker] WARN  segmented.SegmentedRaftLogWorker (SegmentedRaftLogWorker.java:getFromFuture(90)) - Timeout 16/~
org.apache.ratis.protocol.TimeoutIOException: Timeout 10s: WriteLog:17: (t:1, i:17), STATEMACHINELOGENTRY, client-38E6C04ACA0A, cid=144-writeStateMachineData
	at org.apache.ratis.util.IOUtils.getFromFuture(IOUtils.java:87)
	at org.apache.ratis.server.raftlog.segmented.SegmentedRaftLogWorker$StateMachineDataPolicy.getFromFuture(SegmentedRaftLogWorker.java:87)
	at org.apache.ratis.server.raftlog.segmented.SegmentedRaftLogWorker$WriteLog.execute(SegmentedRaftLogWorker.java:477)
	at org.apache.ratis.server.raftlog.segmented.SegmentedRaftLogWorker.run(SegmentedRaftLogWorker.java:289)
	at java.lang.Thread.run(Thread.java:748)
Caused by: java.util.concurrent.TimeoutException
	at java.util.concurrent.CompletableFuture.timedGet(CompletableFuture.java:1771)
	at java.util.concurrent.CompletableFuture.get(CompletableFuture.java:1915)
	at org.apache.ratis.util.IOUtils.getFromFuture(IOUtils.java:79)
	... 4 more
2019-09-12 04:09:11,200 [org.apache.ratis.server.impl.LogAppender$AppenderDaemon$$Lambda$490/586156626@50ffaa3] ERROR ratis.XceiverServerRatis (XceiverServerRatis.java:triggerPipelineClose(568)) - pipeline Action CLOSE  on pipeline PipelineID=26361590-16d5-4f91-996d-1ac969952d72.Reason : d16d800f-a890-4a7a-bda4-5bf97a65c0f2 has not seen follower/s 41a8e196-af5b-4c71-b4d4-8d03270b35a0 for 171161ms e74ea0f8-bf41-4d93-a1fd-ac84c2b46512 for 171161ms
2019-09-12 04:09:11,200 [org.apache.ratis.server.impl.LogAppender$AppenderDaemon$$Lambda$490/586156626@67259503] ERROR ratis.XceiverServerRatis (XceiverServerRatis.java:triggerPipelineClose(568)) - pipeline Action CLOSE  on pipeline PipelineID=26361590-16d5-4f91-996d-1ac969952d72.Reason : d16d800f-a890-4a7a-bda4-5bf97a65c0f2 has not seen follower/s 41a8e196-af5b-4c71-b4d4-8d03270b35a0 for 171161ms e74ea0f8-bf41-4d93-a1fd-ac84c2b46512 for 171161ms
2019-09-12 04:09:11,695 [EventQueue-PipelineActionsForPipelineActionHandler] ERROR pipeline.PipelineActionHandler (PipelineActionHandler.java:onMessage(60)) - Received pipeline action CLOSE for Pipeline[ Id: 26361590-16d5-4f91-996d-1ac969952d72, Nodes: d16d800f-a890-4a7a-bda4-5bf97a65c0f2{ip: 192.168.34.8, host: pr-hdds-1879-pbs75-1821932185, networkLocation: /default-rack, certSerialId: null}41a8e196-af5b-4c71-b4d4-8d03270b35a0{ip: 192.168.34.8, host: pr-hdds-1879-pbs75-1821932185, networkLocation: /default-rack, certSerialId: null}e74ea0f8-bf41-4d93-a1fd-ac84c2b46512{ip: 192.168.34.8, host: pr-hdds-1879-pbs75-1821932185, networkLocation: /default-rack, certSerialId: null}, Type:RATIS, Factor:THREE, State:CLOSED] from datanode d16d800f-a890-4a7a-bda4-5bf97a65c0f2{ip: 192.168.34.8, host: pr-hdds-1879-pbs75-1821932185, networkLocation: /default-rack, certSerialId: null}. Reason : d16d800f-a890-4a7a-bda4-5bf97a65c0f2 has not seen follower/s 41a8e196-af5b-4c71-b4d4-8d03270b35a0 for 171161ms e74ea0f8-bf41-4d93-a1fd-ac84c2b46512 for 171161ms
2019-09-12 04:09:11,696 [EventQueue-PipelineActionsForPipelineActionHandler] INFO  pipeline.SCMPipelineManager (SCMPipelineManager.java:finalizeAndDestroyPipeline(311)) - destroying pipeline:Pipeline[ Id: 26361590-16d5-4f91-996d-1ac969952d72, Nodes: d16d800f-a890-4a7a-bda4-5bf97a65c0f2{ip: 192.168.34.8, host: pr-hdds-1879-pbs75-1821932185, networkLocation: /default-rack, certSerialId: null}41a8e196-af5b-4c71-b4d4-8d03270b35a0{ip: 192.168.34.8, host: pr-hdds-1879-pbs75-1821932185, networkLocation: /default-rack, certSerialId: null}e74ea0f8-bf41-4d93-a1fd-ac84c2b46512{ip: 192.168.34.8, host: pr-hdds-1879-pbs75-1821932185, networkLocation: /default-rack, certSerialId: null}, Type:RATIS, Factor:THREE, State:CLOSED]
2019-09-12 04:09:11,699 [java.util.concurrent.ThreadPoolExecutor$Worker@4b485f37[State = -1, empty queue]] WARN  server.GrpcLogAppender (GrpcLogAppender.java:timeoutAppendRequest(200)) - d16d800f-a890-4a7a-bda4-5bf97a65c0f2@group-1AC969952D72->e74ea0f8-bf41-4d93-a1fd-ac84c2b46512-GrpcLogAppender: appendEntries Timeout, request=d16d800f-a890-4a7a-bda4-5bf97a65c0f2->e74ea0f8-bf41-4d93-a1fd-ac84c2b46512#162-t1, previous=(t:1, i:22), leaderCommit=15, initializing? false, entries: <empty>
2019-09-12 04:09:11,699 [java.util.concurrent.ThreadPoolExecutor$Worker@792bad54[State = -1, empty queue]] WARN  server.GrpcLogAppender (GrpcLogAppender.java:timeoutAppendRequest(200)) - d16d800f-a890-4a7a-bda4-5bf97a65c0f2@group-1AC969952D72->41a8e196-af5b-4c71-b4d4-8d03270b35a0-GrpcLogAppender: appendEntries Timeout, request=d16d800f-a890-4a7a-bda4-5bf97a65c0f2->41a8e196-af5b-4c71-b4d4-8d03270b35a0#162-t1, previous=(t:1, i:22), leaderCommit=15, initializing? false, entries: <empty>
2019-09-12 04:09:11,870 [grpc-default-executor-8] INFO  client.GrpcClientProtocolClient (GrpcClientProtocolClient.java:onNext(264)) - client-38E6C04ACA0A->41a8e196-af5b-4c71-b4d4-8d03270b35a0: receive RaftClientReply:client-38E6C04ACA0A->41a8e196-af5b-4c71-b4d4-8d03270b35a0@group-1AC969952D72, cid=143, FAILED org.apache.ratis.protocol.NotLeaderException: Server 41a8e196-af5b-4c71-b4d4-8d03270b35a0@group-1AC969952D72 is not the leader d16d800f-a890-4a7a-bda4-5bf97a65c0f2:192.168.34.8:33400, logIndex=0, commits[41a8e196-af5b-4c71-b4d4-8d03270b35a0:c15, e74ea0f8-bf41-4d93-a1fd-ac84c2b46512:c13, d16d800f-a890-4a7a-bda4-5bf97a65c0f2:c15]
2019-09-12 04:09:13,700 [org.apache.ratis.server.impl.LogAppender$AppenderDaemon$$Lambda$490/586156626@67259503] ERROR ratis.XceiverServerRatis (XceiverServerRatis.java:triggerPipelineClose(568)) - pipeline Action CLOSE  on pipeline PipelineID=26361590-16d5-4f91-996d-1ac969952d72.Reason : d16d800f-a890-4a7a-bda4-5bf97a65c0f2 has not seen follower/s 41a8e196-af5b-4c71-b4d4-8d03270b35a0 for 173661ms e74ea0f8-bf41-4d93-a1fd-ac84c2b46512 for 173662ms
2019-09-12 04:09:13,701 [org.apache.ratis.server.impl.LogAppender$AppenderDaemon$$Lambda$490/586156626@50ffaa3] ERROR ratis.XceiverServerRatis (XceiverServerRatis.java:triggerPipelineClose(568)) - pipeline Action CLOSE  on pipeline PipelineID=26361590-16d5-4f91-996d-1ac969952d72.Reason : d16d800f-a890-4a7a-bda4-5bf97a65c0f2 has not seen follower/s 41a8e196-af5b-4c71-b4d4-8d03270b35a0 for 173662ms e74ea0f8-bf41-4d93-a1fd-ac84c2b46512 for 173662ms
2019-09-12 04:09:14,200 [java.util.concurrent.ThreadPoolExecutor$Worker@792bad54[State = -1, empty queue]] WARN  server.GrpcLogAppender (GrpcLogAppender.java:timeoutAppendRequest(200)) - d16d800f-a890-4a7a-bda4-5bf97a65c0f2@group-1AC969952D72->41a8e196-af5b-4c71-b4d4-8d03270b35a0-GrpcLogAppender: appendEntries Timeout, request=d16d800f-a890-4a7a-bda4-5bf97a65c0f2->41a8e196-af5b-4c71-b4d4-8d03270b35a0#163-t1, previous=(t:1, i:22), leaderCommit=15, initializing? false, entries: <empty>
2019-09-12 04:09:14,200 [java.util.concurrent.ThreadPoolExecutor$Worker@4b485f37[State = -1, empty queue]] WARN  server.GrpcLogAppender (GrpcLogAppender.java:timeoutAppendRequest(200)) - d16d800f-a890-4a7a-bda4-5bf97a65c0f2@group-1AC969952D72->e74ea0f8-bf41-4d93-a1fd-ac84c2b46512-GrpcLogAppender: appendEntries Timeout, request=d16d800f-a890-4a7a-bda4-5bf97a65c0f2->e74ea0f8-bf41-4d93-a1fd-ac84c2b46512#163-t1, previous=(t:1, i:22), leaderCommit=15, initializing? false, entries: <empty>
2019-09-12 04:09:14,695 [EventQueue-PipelineActionsForPipelineActionHandler] ERROR pipeline.PipelineActionHandler (PipelineActionHandler.java:onMessage(60)) - Received pipeline action CLOSE for Pipeline[ Id: 26361590-16d5-4f91-996d-1ac969952d72, Nodes: d16d800f-a890-4a7a-bda4-5bf97a65c0f2{ip: 192.168.34.8, host: pr-hdds-1879-pbs75-1821932185, networkLocation: /default-rack, certSerialId: null}41a8e196-af5b-4c71-b4d4-8d03270b35a0{ip: 192.168.34.8, host: pr-hdds-1879-pbs75-1821932185, networkLocation: /default-rack, certSerialId: null}e74ea0f8-bf41-4d93-a1fd-ac84c2b46512{ip: 192.168.34.8, host: pr-hdds-1879-pbs75-1821932185, networkLocation: /default-rack, certSerialId: null}, Type:RATIS, Factor:THREE, State:CLOSED] from datanode d16d800f-a890-4a7a-bda4-5bf97a65c0f2{ip: 192.168.34.8, host: pr-hdds-1879-pbs75-1821932185, networkLocation: /default-rack, certSerialId: null}. Reason : d16d800f-a890-4a7a-bda4-5bf97a65c0f2 has not seen follower/s 41a8e196-af5b-4c71-b4d4-8d03270b35a0 for 173661ms e74ea0f8-bf41-4d93-a1fd-ac84c2b46512 for 173662ms
2019-09-12 04:09:14,695 [EventQueue-PipelineActionsForPipelineActionHandler] INFO  pipeline.SCMPipelineManager (SCMPipelineManager.java:finalizeAndDestroyPipeline(311)) - destroying pipeline:Pipeline[ Id: 26361590-16d5-4f91-996d-1ac969952d72, Nodes: d16d800f-a890-4a7a-bda4-5bf97a65c0f2{ip: 192.168.34.8, host: pr-hdds-1879-pbs75-1821932185, networkLocation: /default-rack, certSerialId: null}41a8e196-af5b-4c71-b4d4-8d03270b35a0{ip: 192.168.34.8, host: pr-hdds-1879-pbs75-1821932185, networkLocation: /default-rack, certSerialId: null}e74ea0f8-bf41-4d93-a1fd-ac84c2b46512{ip: 192.168.34.8, host: pr-hdds-1879-pbs75-1821932185, networkLocation: /default-rack, certSerialId: null}, Type:RATIS, Factor:THREE, State:CLOSED]
2019-09-12 04:09:16,201 [org.apache.ratis.server.impl.LogAppender$AppenderDaemon$$Lambda$490/586156626@67259503] ERROR ratis.XceiverServerRatis (XceiverServerRatis.java:triggerPipelineClose(568)) - pipeline Action CLOSE  on pipeline PipelineID=26361590-16d5-4f91-996d-1ac969952d72.Reason : d16d800f-a890-4a7a-bda4-5bf97a65c0f2 has not seen follower/s 41a8e196-af5b-4c71-b4d4-8d03270b35a0 for 176162ms e74ea0f8-bf41-4d93-a1fd-ac84c2b46512 for 176163ms
2019-09-12 04:09:16,201 [org.apache.ratis.server.impl.LogAppender$AppenderDaemon$$Lambda$490/586156626@50ffaa3] ERROR ratis.XceiverServerRatis (XceiverServerRatis.java:triggerPipelineClose(568)) - pipeline Action CLOSE  on pipeline PipelineID=26361590-16d5-4f91-996d-1ac969952d72.Reason : d16d800f-a890-4a7a-bda4-5bf97a65c0f2 has not seen follower/s 41a8e196-af5b-4c71-b4d4-8d03270b35a0 for 176162ms e74ea0f8-bf41-4d93-a1fd-ac84c2b46512 for 176163ms
2019-09-12 04:09:16,695 [EventQueue-PipelineActionsForPipelineActionHandler] ERROR pipeline.PipelineActionHandler (PipelineActionHandler.java:onMessage(60)) - Received pipeline action CLOSE for Pipeline[ Id: 26361590-16d5-4f91-996d-1ac969952d72, Nodes: d16d800f-a890-4a7a-bda4-5bf97a65c0f2{ip: 192.168.34.8, host: pr-hdds-1879-pbs75-1821932185, networkLocation: /default-rack, certSerialId: null}41a8e196-af5b-4c71-b4d4-8d03270b35a0{ip: 192.168.34.8, host: pr-hdds-1879-pbs75-1821932185, networkLocation: /default-rack, certSerialId: null}e74ea0f8-bf41-4d93-a1fd-ac84c2b46512{ip: 192.168.34.8, host: pr-hdds-1879-pbs75-1821932185, networkLocation: /default-rack, certSerialId: null}, Type:RATIS, Factor:THREE, State:CLOSED] from datanode d16d800f-a890-4a7a-bda4-5bf97a65c0f2{ip: 192.168.34.8, host: pr-hdds-1879-pbs75-1821932185, networkLocation: /default-rack, certSerialId: null}. Reason : d16d800f-a890-4a7a-bda4-5bf97a65c0f2 has not seen follower/s 41a8e196-af5b-4c71-b4d4-8d03270b35a0 for 176162ms e74ea0f8-bf41-4d93-a1fd-ac84c2b46512 for 176163ms
2019-09-12 04:09:16,695 [EventQueue-PipelineActionsForPipelineActionHandler] INFO  pipeline.SCMPipelineManager (SCMPipelineManager.java:finalizeAndDestroyPipeline(311)) - destroying pipeline:Pipeline[ Id: 26361590-16d5-4f91-996d-1ac969952d72, Nodes: d16d800f-a890-4a7a-bda4-5bf97a65c0f2{ip: 192.168.34.8, host: pr-hdds-1879-pbs75-1821932185, networkLocation: /default-rack, certSerialId: null}41a8e196-af5b-4c71-b4d4-8d03270b35a0{ip: 192.168.34.8, host: pr-hdds-1879-pbs75-1821932185, networkLocation: /default-rack, certSerialId: null}e74ea0f8-bf41-4d93-a1fd-ac84c2b46512{ip: 192.168.34.8, host: pr-hdds-1879-pbs75-1821932185, networkLocation: /default-rack, certSerialId: null}, Type:RATIS, Factor:THREE, State:CLOSED]
2019-09-12 04:09:16,700 [java.util.concurrent.ThreadPoolExecutor$Worker@4b485f37[State = -1, empty queue]] WARN  server.GrpcLogAppender (GrpcLogAppender.java:timeoutAppendRequest(200)) - d16d800f-a890-4a7a-bda4-5bf97a65c0f2@group-1AC969952D72->e74ea0f8-bf41-4d93-a1fd-ac84c2b46512-GrpcLogAppender: appendEntries Timeout, request=d16d800f-a890-4a7a-bda4-5bf97a65c0f2->e74ea0f8-bf41-4d93-a1fd-ac84c2b46512#164-t1, previous=(t:1, i:22), leaderCommit=15, initializing? false, entries: <empty>
2019-09-12 04:09:16,701 [java.util.concurrent.ThreadPoolExecutor$Worker@792bad54[State = -1, empty queue]] WARN  server.GrpcLogAppender (GrpcLogAppender.java:timeoutAppendRequest(200)) - d16d800f-a890-4a7a-bda4-5bf97a65c0f2@group-1AC969952D72->41a8e196-af5b-4c71-b4d4-8d03270b35a0-GrpcLogAppender: appendEntries Timeout, request=d16d800f-a890-4a7a-bda4-5bf97a65c0f2->41a8e196-af5b-4c71-b4d4-8d03270b35a0#164-t1, previous=(t:1, i:22), leaderCommit=15, initializing? false, entries: <empty>
2019-09-12 04:09:16,915 [grpc-default-executor-11] INFO  client.GrpcClientProtocolClient (GrpcClientProtocolClient.java:onNext(264)) - client-38E6C04ACA0A->41a8e196-af5b-4c71-b4d4-8d03270b35a0: receive RaftClientReply:client-38E6C04ACA0A->41a8e196-af5b-4c71-b4d4-8d03270b35a0@group-1AC969952D72, cid=143, FAILED org.apache.ratis.protocol.NotLeaderException: Server 41a8e196-af5b-4c71-b4d4-8d03270b35a0@group-1AC969952D72 is not the leader d16d800f-a890-4a7a-bda4-5bf97a65c0f2:192.168.34.8:33400, logIndex=0, commits[41a8e196-af5b-4c71-b4d4-8d03270b35a0:c15, e74ea0f8-bf41-4d93-a1fd-ac84c2b46512:c13, d16d800f-a890-4a7a-bda4-5bf97a65c0f2:c15]
2019-09-12 04:09:18,702 [org.apache.ratis.server.impl.LogAppender$AppenderDaemon$$Lambda$490/586156626@67259503] ERROR ratis.XceiverServerRatis (XceiverServerRatis.java:triggerPipelineClose(568)) - pipeline Action CLOSE  on pipeline PipelineID=26361590-16d5-4f91-996d-1ac969952d72.Reason : d16d800f-a890-4a7a-bda4-5bf97a65c0f2 has not seen follower/s 41a8e196-af5b-4c71-b4d4-8d03270b35a0 for 178663ms e74ea0f8-bf41-4d93-a1fd-ac84c2b46512 for 178663ms
2019-09-12 04:09:18,702 [org.apache.ratis.server.impl.LogAppender$AppenderDaemon$$Lambda$490/586156626@50ffaa3] ERROR ratis.XceiverServerRatis (XceiverServerRatis.java:triggerPipelineClose(568)) - pipeline Action CLOSE  on pipeline PipelineID=26361590-16d5-4f91-996d-1ac969952d72.Reason : d16d800f-a890-4a7a-bda4-5bf97a65c0f2 has not seen follower/s 41a8e196-af5b-4c71-b4d4-8d03270b35a0 for 178663ms e74ea0f8-bf41-4d93-a1fd-ac84c2b46512 for 178663ms
2019-09-12 04:09:19,201 [java.util.concurrent.ThreadPoolExecutor$Worker@4b485f37[State = -1, empty queue]] WARN  server.GrpcLogAppender (GrpcLogAppender.java:timeoutAppendRequest(200)) - d16d800f-a890-4a7a-bda4-5bf97a65c0f2@group-1AC969952D72->e74ea0f8-bf41-4d93-a1fd-ac84c2b46512-GrpcLogAppender: appendEntries Timeout, request=d16d800f-a890-4a7a-bda4-5bf97a65c0f2->e74ea0f8-bf41-4d93-a1fd-ac84c2b46512#165-t1, previous=(t:1, i:22), leaderCommit=15, initializing? false, entries: <empty>
2019-09-12 04:09:19,201 [java.util.concurrent.ThreadPoolExecutor$Worker@792bad54[State = -1, empty queue]] WARN  server.GrpcLogAppender (GrpcLogAppender.java:timeoutAppendRequest(200)) - d16d800f-a890-4a7a-bda4-5bf97a65c0f2@group-1AC969952D72->41a8e196-af5b-4c71-b4d4-8d03270b35a0-GrpcLogAppender: appendEntries Timeout, request=d16d800f-a890-4a7a-bda4-5bf97a65c0f2->41a8e196-af5b-4c71-b4d4-8d03270b35a0#165-t1, previous=(t:1, i:22), leaderCommit=15, initializing? false, entries: <empty>
2019-09-12 04:09:19,696 [EventQueue-PipelineActionsForPipelineActionHandler] ERROR pipeline.PipelineActionHandler (PipelineActionHandler.java:onMessage(60)) - Received pipeline action CLOSE for Pipeline[ Id: 26361590-16d5-4f91-996d-1ac969952d72, Nodes: d16d800f-a890-4a7a-bda4-5bf97a65c0f2{ip: 192.168.34.8, host: pr-hdds-1879-pbs75-1821932185, networkLocation: /default-rack, certSerialId: null}41a8e196-af5b-4c71-b4d4-8d03270b35a0{ip: 192.168.34.8, host: pr-hdds-1879-pbs75-1821932185, networkLocation: /default-rack, certSerialId: null}e74ea0f8-bf41-4d93-a1fd-ac84c2b46512{ip: 192.168.34.8, host: pr-hdds-1879-pbs75-1821932185, networkLocation: /default-rack, certSerialId: null}, Type:RATIS, Factor:THREE, State:CLOSED] from datanode d16d800f-a890-4a7a-bda4-5bf97a65c0f2{ip: 192.168.34.8, host: pr-hdds-1879-pbs75-1821932185, networkLocation: /default-rack, certSerialId: null}. Reason : d16d800f-a890-4a7a-bda4-5bf97a65c0f2 has not seen follower/s 41a8e196-af5b-4c71-b4d4-8d03270b35a0 for 178663ms e74ea0f8-bf41-4d93-a1fd-ac84c2b46512 for 178663ms
2019-09-12 04:09:19,696 [EventQueue-PipelineActionsForPipelineActionHandler] INFO  pipeline.SCMPipelineManager (SCMPipelineManager.java:finalizeAndDestroyPipeline(311)) - destroying pipeline:Pipeline[ Id: 26361590-16d5-4f91-996d-1ac969952d72, Nodes: d16d800f-a890-4a7a-bda4-5bf97a65c0f2{ip: 192.168.34.8, host: pr-hdds-1879-pbs75-1821932185, networkLocation: /default-rack, certSerialId: null}41a8e196-af5b-4c71-b4d4-8d03270b35a0{ip: 192.168.34.8, host: pr-hdds-1879-pbs75-1821932185, networkLocation: /default-rack, certSerialId: null}e74ea0f8-bf41-4d93-a1fd-ac84c2b46512{ip: 192.168.34.8, host: pr-hdds-1879-pbs75-1821932185, networkLocation: /default-rack, certSerialId: null}, Type:RATIS, Factor:THREE, State:CLOSED]
2019-09-12 04:09:20,384 [e74ea0f8-bf41-4d93-a1fd-ac84c2b46512@group-1AC969952D72-SegmentedRaftLogWorker] WARN  segmented.SegmentedRaftLogWorker (SegmentedRaftLogWorker.java:getFromFuture(90)) - Timeout 17/~
org.apache.ratis.protocol.TimeoutIOException: Timeout 10s: WriteLog:16: (t:1, i:16), STATEMACHINELOGENTRY, client-38E6C04ACA0A, cid=143-writeStateMachineData
	at org.apache.ratis.util.IOUtils.getFromFuture(IOUtils.java:87)
	at org.apache.ratis.server.raftlog.segmented.SegmentedRaftLogWorker$StateMachineDataPolicy.getFromFuture(SegmentedRaftLogWorker.java:87)
	at org.apache.ratis.server.raftlog.segmented.SegmentedRaftLogWorker$WriteLog.execute(SegmentedRaftLogWorker.java:477)
	at org.apache.ratis.server.raftlog.segmented.SegmentedRaftLogWorker.run(SegmentedRaftLogWorker.java:289)
	at java.lang.Thread.run(Thread.java:748)
Caused by: java.util.concurrent.TimeoutException
	at java.util.concurrent.CompletableFuture.timedGet(CompletableFuture.java:1771)
	at java.util.concurrent.CompletableFuture.get(CompletableFuture.java:1915)
	at org.apache.ratis.util.IOUtils.getFromFuture(IOUtils.java:79)
	... 4 more
2019-09-12 04:09:20,559 [41a8e196-af5b-4c71-b4d4-8d03270b35a0@group-1AC969952D72-SegmentedRaftLogWorker] WARN  segmented.SegmentedRaftLogWorker (SegmentedRaftLogWorker.java:getFromFuture(90)) - Timeout 17/~
org.apache.ratis.protocol.TimeoutIOException: Timeout 10s: WriteLog:19: (t:1, i:19), STATEMACHINELOGENTRY, client-38E6C04ACA0A, cid=146-writeStateMachineData
	at org.apache.ratis.util.IOUtils.getFromFuture(IOUtils.java:87)
	at org.apache.ratis.server.raftlog.segmented.SegmentedRaftLogWorker$StateMachineDataPolicy.getFromFuture(SegmentedRaftLogWorker.java:87)
	at org.apache.ratis.server.raftlog.segmented.SegmentedRaftLogWorker$WriteLog.execute(SegmentedRaftLogWorker.java:477)
	at org.apache.ratis.server.raftlog.segmented.SegmentedRaftLogWorker.run(SegmentedRaftLogWorker.java:289)
	at java.lang.Thread.run(Thread.java:748)
Caused by: java.util.concurrent.TimeoutException
	at java.util.concurrent.CompletableFuture.timedGet(CompletableFuture.java:1771)
	at java.util.concurrent.CompletableFuture.get(CompletableFuture.java:1915)
	at org.apache.ratis.util.IOUtils.getFromFuture(IOUtils.java:79)
	... 4 more
2019-09-12 04:09:20,559 [d16d800f-a890-4a7a-bda4-5bf97a65c0f2@group-1AC969952D72-SegmentedRaftLogWorker] WARN  segmented.SegmentedRaftLogWorker (SegmentedRaftLogWorker.java:getFromFuture(90)) - Timeout 17/~
org.apache.ratis.protocol.TimeoutIOException: Timeout 10s: WriteLog:17: (t:1, i:17), STATEMACHINELOGENTRY, client-38E6C04ACA0A, cid=144-writeStateMachineData
	at org.apache.ratis.util.IOUtils.getFromFuture(IOUtils.java:87)
	at org.apache.ratis.server.raftlog.segmented.SegmentedRaftLogWorker$StateMachineDataPolicy.getFromFuture(SegmentedRaftLogWorker.java:87)
	at org.apache.ratis.server.raftlog.segmented.SegmentedRaftLogWorker$WriteLog.execute(SegmentedRaftLogWorker.java:477)
	at org.apache.ratis.server.raftlog.segmented.SegmentedRaftLogWorker.run(SegmentedRaftLogWorker.java:289)
	at java.lang.Thread.run(Thread.java:748)
Caused by: java.util.concurrent.TimeoutException
	at java.util.concurrent.CompletableFuture.timedGet(CompletableFuture.java:1771)
	at java.util.concurrent.CompletableFuture.get(CompletableFuture.java:1915)
	at org.apache.ratis.util.IOUtils.getFromFuture(IOUtils.java:79)
	... 4 more
2019-09-12 04:09:21,203 [org.apache.ratis.server.impl.LogAppender$AppenderDaemon$$Lambda$490/586156626@67259503] ERROR ratis.XceiverServerRatis (XceiverServerRatis.java:triggerPipelineClose(568)) - pipeline Action CLOSE  on pipeline PipelineID=26361590-16d5-4f91-996d-1ac969952d72.Reason : d16d800f-a890-4a7a-bda4-5bf97a65c0f2 has not seen follower/s 41a8e196-af5b-4c71-b4d4-8d03270b35a0 for 181163ms e74ea0f8-bf41-4d93-a1fd-ac84c2b46512 for 181164ms
2019-09-12 04:09:21,203 [org.apache.ratis.server.impl.LogAppender$AppenderDaemon$$Lambda$490/586156626@50ffaa3] ERROR ratis.XceiverServerRatis (XceiverServerRatis.java:triggerPipelineClose(568)) - pipeline Action CLOSE  on pipeline PipelineID=26361590-16d5-4f91-996d-1ac969952d72.Reason : d16d800f-a890-4a7a-bda4-5bf97a65c0f2 has not seen follower/s 41a8e196-af5b-4c71-b4d4-8d03270b35a0 for 181163ms e74ea0f8-bf41-4d93-a1fd-ac84c2b46512 for 181164ms
2019-09-12 04:09:21,697 [EventQueue-PipelineActionsForPipelineActionHandler] ERROR pipeline.PipelineActionHandler (PipelineActionHandler.java:onMessage(60)) - Received pipeline action CLOSE for Pipeline[ Id: 26361590-16d5-4f91-996d-1ac969952d72, Nodes: d16d800f-a890-4a7a-bda4-5bf97a65c0f2{ip: 192.168.34.8, host: pr-hdds-1879-pbs75-1821932185, networkLocation: /default-rack, certSerialId: null}41a8e196-af5b-4c71-b4d4-8d03270b35a0{ip: 192.168.34.8, host: pr-hdds-1879-pbs75-1821932185, networkLocation: /default-rack, certSerialId: null}e74ea0f8-bf41-4d93-a1fd-ac84c2b46512{ip: 192.168.34.8, host: pr-hdds-1879-pbs75-1821932185, networkLocation: /default-rack, certSerialId: null}, Type:RATIS, Factor:THREE, State:CLOSED] from datanode d16d800f-a890-4a7a-bda4-5bf97a65c0f2{ip: 192.168.34.8, host: pr-hdds-1879-pbs75-1821932185, networkLocation: /default-rack, certSerialId: null}. Reason : d16d800f-a890-4a7a-bda4-5bf97a65c0f2 has not seen follower/s 41a8e196-af5b-4c71-b4d4-8d03270b35a0 for 181163ms e74ea0f8-bf41-4d93-a1fd-ac84c2b46512 for 181164ms
2019-09-12 04:09:21,697 [EventQueue-PipelineActionsForPipelineActionHandler] INFO  pipeline.SCMPipelineManager (SCMPipelineManager.java:finalizeAndDestroyPipeline(311)) - destroying pipeline:Pipeline[ Id: 26361590-16d5-4f91-996d-1ac969952d72, Nodes: d16d800f-a890-4a7a-bda4-5bf97a65c0f2{ip: 192.168.34.8, host: pr-hdds-1879-pbs75-1821932185, networkLocation: /default-rack, certSerialId: null}41a8e196-af5b-4c71-b4d4-8d03270b35a0{ip: 192.168.34.8, host: pr-hdds-1879-pbs75-1821932185, networkLocation: /default-rack, certSerialId: null}e74ea0f8-bf41-4d93-a1fd-ac84c2b46512{ip: 192.168.34.8, host: pr-hdds-1879-pbs75-1821932185, networkLocation: /default-rack, certSerialId: null}, Type:RATIS, Factor:THREE, State:CLOSED]
2019-09-12 04:09:21,702 [java.util.concurrent.ThreadPoolExecutor$Worker@4b485f37[State = -1, empty queue]] WARN  server.GrpcLogAppender (GrpcLogAppender.java:timeoutAppendRequest(200)) - d16d800f-a890-4a7a-bda4-5bf97a65c0f2@group-1AC969952D72->e74ea0f8-bf41-4d93-a1fd-ac84c2b46512-GrpcLogAppender: appendEntries Timeout, request=d16d800f-a890-4a7a-bda4-5bf97a65c0f2->e74ea0f8-bf41-4d93-a1fd-ac84c2b46512#166-t1, previous=(t:1, i:22), leaderCommit=15, initializing? false, entries: <empty>
2019-09-12 04:09:21,702 [java.util.concurrent.ThreadPoolExecutor$Worker@792bad54[State = -1, empty queue]] WARN  server.GrpcLogAppender (GrpcLogAppender.java:timeoutAppendRequest(200)) - d16d800f-a890-4a7a-bda4-5bf97a65c0f2@group-1AC969952D72->41a8e196-af5b-4c71-b4d4-8d03270b35a0-GrpcLogAppender: appendEntries Timeout, request=d16d800f-a890-4a7a-bda4-5bf97a65c0f2->41a8e196-af5b-4c71-b4d4-8d03270b35a0#166-t1, previous=(t:1, i:22), leaderCommit=15, initializing? false, entries: <empty>
2019-09-12 04:09:21,946 [grpc-default-executor-11] INFO  client.GrpcClientProtocolClient (GrpcClientProtocolClient.java:onNext(264)) - client-38E6C04ACA0A->e74ea0f8-bf41-4d93-a1fd-ac84c2b46512: receive RaftClientReply:client-38E6C04ACA0A->e74ea0f8-bf41-4d93-a1fd-ac84c2b46512@group-1AC969952D72, cid=143, FAILED org.apache.ratis.protocol.NotLeaderException: Server e74ea0f8-bf41-4d93-a1fd-ac84c2b46512@group-1AC969952D72 is not the leader d16d800f-a890-4a7a-bda4-5bf97a65c0f2:192.168.34.8:33400, logIndex=0, commits[e74ea0f8-bf41-4d93-a1fd-ac84c2b46512:c15, 41a8e196-af5b-4c71-b4d4-8d03270b35a0:c13, d16d800f-a890-4a7a-bda4-5bf97a65c0f2:c15]
2019-09-12 04:09:23,704 [org.apache.ratis.server.impl.LogAppender$AppenderDaemon$$Lambda$490/586156626@67259503] ERROR ratis.XceiverServerRatis (XceiverServerRatis.java:triggerPipelineClose(568)) - pipeline Action CLOSE  on pipeline PipelineID=26361590-16d5-4f91-996d-1ac969952d72.Reason : d16d800f-a890-4a7a-bda4-5bf97a65c0f2 has not seen follower/s 41a8e196-af5b-4c71-b4d4-8d03270b35a0 for 183664ms e74ea0f8-bf41-4d93-a1fd-ac84c2b46512 for 183665ms
2019-09-12 04:09:23,704 [org.apache.ratis.server.impl.LogAppender$AppenderDaemon$$Lambda$490/586156626@50ffaa3] ERROR ratis.XceiverServerRatis (XceiverServerRatis.java:triggerPipelineClose(568)) - pipeline Action CLOSE  on pipeline PipelineID=26361590-16d5-4f91-996d-1ac969952d72.Reason : d16d800f-a890-4a7a-bda4-5bf97a65c0f2 has not seen follower/s 41a8e196-af5b-4c71-b4d4-8d03270b35a0 for 183664ms e74ea0f8-bf41-4d93-a1fd-ac84c2b46512 for 183665ms
2019-09-12 04:09:24,203 [java.util.concurrent.ThreadPoolExecutor$Worker@4b485f37[State = -1, empty queue]] WARN  server.GrpcLogAppender (GrpcLogAppender.java:timeoutAppendRequest(200)) - d16d800f-a890-4a7a-bda4-5bf97a65c0f2@group-1AC969952D72->e74ea0f8-bf41-4d93-a1fd-ac84c2b46512-GrpcLogAppender: appendEntries Timeout, request=d16d800f-a890-4a7a-bda4-5bf97a65c0f2->e74ea0f8-bf41-4d93-a1fd-ac84c2b46512#167-t1, previous=(t:1, i:22), leaderCommit=15, initializing? false, entries: <empty>
2019-09-12 04:09:24,203 [java.util.concurrent.ThreadPoolExecutor$Worker@792bad54[State = -1, empty queue]] WARN  server.GrpcLogAppender (GrpcLogAppender.java:timeoutAppendRequest(200)) - d16d800f-a890-4a7a-bda4-5bf97a65c0f2@group-1AC969952D72->41a8e196-af5b-4c71-b4d4-8d03270b35a0-GrpcLogAppender: appendEntries Timeout, request=d16d800f-a890-4a7a-bda4-5bf97a65c0f2->41a8e196-af5b-4c71-b4d4-8d03270b35a0#167-t1, previous=(t:1, i:22), leaderCommit=15, initializing? false, entries: <empty>
2019-09-12 04:09:24,698 [EventQueue-PipelineActionsForPipelineActionHandler] ERROR pipeline.PipelineActionHandler (PipelineActionHandler.java:onMessage(60)) - Received pipeline action CLOSE for Pipeline[ Id: 26361590-16d5-4f91-996d-1ac969952d72, Nodes: d16d800f-a890-4a7a-bda4-5bf97a65c0f2{ip: 192.168.34.8, host: pr-hdds-1879-pbs75-1821932185, networkLocation: /default-rack, certSerialId: null}41a8e196-af5b-4c71-b4d4-8d03270b35a0{ip: 192.168.34.8, host: pr-hdds-1879-pbs75-1821932185, networkLocation: /default-rack, certSerialId: null}e74ea0f8-bf41-4d93-a1fd-ac84c2b46512{ip: 192.168.34.8, host: pr-hdds-1879-pbs75-1821932185, networkLocation: /default-rack, certSerialId: null}, Type:RATIS, Factor:THREE, State:CLOSED] from datanode d16d800f-a890-4a7a-bda4-5bf97a65c0f2{ip: 192.168.34.8, host: pr-hdds-1879-pbs75-1821932185, networkLocation: /default-rack, certSerialId: null}. Reason : d16d800f-a890-4a7a-bda4-5bf97a65c0f2 has not seen follower/s 41a8e196-af5b-4c71-b4d4-8d03270b35a0 for 183664ms e74ea0f8-bf41-4d93-a1fd-ac84c2b46512 for 183665ms
2019-09-12 04:09:24,698 [EventQueue-PipelineActionsForPipelineActionHandler] INFO  pipeline.SCMPipelineManager (SCMPipelineManager.java:finalizeAndDestroyPipeline(311)) - destroying pipeline:Pipeline[ Id: 26361590-16d5-4f91-996d-1ac969952d72, Nodes: d16d800f-a890-4a7a-bda4-5bf97a65c0f2{ip: 192.168.34.8, host: pr-hdds-1879-pbs75-1821932185, networkLocation: /default-rack, certSerialId: null}41a8e196-af5b-4c71-b4d4-8d03270b35a0{ip: 192.168.34.8, host: pr-hdds-1879-pbs75-1821932185, networkLocation: /default-rack, certSerialId: null}e74ea0f8-bf41-4d93-a1fd-ac84c2b46512{ip: 192.168.34.8, host: pr-hdds-1879-pbs75-1821932185, networkLocation: /default-rack, certSerialId: null}, Type:RATIS, Factor:THREE, State:CLOSED]
2019-09-12 04:09:26,206 [org.apache.ratis.server.impl.LogAppender$AppenderDaemon$$Lambda$490/586156626@50ffaa3] ERROR ratis.XceiverServerRatis (XceiverServerRatis.java:triggerPipelineClose(568)) - pipeline Action CLOSE  on pipeline PipelineID=26361590-16d5-4f91-996d-1ac969952d72.Reason : d16d800f-a890-4a7a-bda4-5bf97a65c0f2 has not seen follower/s 41a8e196-af5b-4c71-b4d4-8d03270b35a0 for 186166ms e74ea0f8-bf41-4d93-a1fd-ac84c2b46512 for 186167ms
2019-09-12 04:09:26,206 [org.apache.ratis.server.impl.LogAppender$AppenderDaemon$$Lambda$490/586156626@67259503] ERROR ratis.XceiverServerRatis (XceiverServerRatis.java:triggerPipelineClose(568)) - pipeline Action CLOSE  on pipeline PipelineID=26361590-16d5-4f91-996d-1ac969952d72.Reason : d16d800f-a890-4a7a-bda4-5bf97a65c0f2 has not seen follower/s 41a8e196-af5b-4c71-b4d4-8d03270b35a0 for 186166ms e74ea0f8-bf41-4d93-a1fd-ac84c2b46512 for 186167ms
2019-09-12 04:09:26,630 [grpc-default-executor-8] INFO  impl.RaftServerProxy (RaftServerProxy.java:remove(95)) - d16d800f-a890-4a7a-bda4-5bf97a65c0f2: remove    LEADER d16d800f-a890-4a7a-bda4-5bf97a65c0f2@group-1AC969952D72:t1, leader=d16d800f-a890-4a7a-bda4-5bf97a65c0f2, voted=d16d800f-a890-4a7a-bda4-5bf97a65c0f2, raftlog=d16d800f-a890-4a7a-bda4-5bf97a65c0f2@group-1AC969952D72-SegmentedRaftLog:OPENED:c15,f15,i22, conf=0: [41a8e196-af5b-4c71-b4d4-8d03270b35a0:192.168.34.8:36221, e74ea0f8-bf41-4d93-a1fd-ac84c2b46512:192.168.34.8:33824, d16d800f-a890-4a7a-bda4-5bf97a65c0f2:192.168.34.8:33400], old=null RUNNING
2019-09-12 04:09:26,631 [grpc-default-executor-8] INFO  impl.RaftServerImpl (RaftServerImpl.java:lambda$shutdown$3(251)) - d16d800f-a890-4a7a-bda4-5bf97a65c0f2@group-1AC969952D72: shutdown
2019-09-12 04:09:26,631 [grpc-default-executor-8] INFO  util.JmxRegister (JmxRegister.java:unregister(73)) - Successfully un-registered JMX Bean with object name Ratis:service=RaftServer,group=group-1AC969952D72,id=d16d800f-a890-4a7a-bda4-5bf97a65c0f2
2019-09-12 04:09:26,632 [grpc-default-executor-8] INFO  impl.RoleInfo (RoleInfo.java:shutdownLeaderState(104)) - d16d800f-a890-4a7a-bda4-5bf97a65c0f2: shutdown LeaderState
2019-09-12 04:09:26,641 [grpc-default-executor-8] INFO  impl.PendingRequests (PendingRequests.java:sendNotLeaderResponses(202)) - d16d800f-a890-4a7a-bda4-5bf97a65c0f2-PendingRequests: sendNotLeaderResponses
2019-09-12 04:09:26,641 [org.apache.ratis.server.impl.LogAppender$AppenderDaemon$$Lambda$490/586156626@50ffaa3] WARN  server.GrpcLogAppender (GrpcLogAppender.java:mayWait(143)) - d16d800f-a890-4a7a-bda4-5bf97a65c0f2@group-1AC969952D72->41a8e196-af5b-4c71-b4d4-8d03270b35a0-GrpcLogAppender: Wait interrupted by java.lang.InterruptedException
2019-09-12 04:09:26,641 [org.apache.ratis.server.impl.LogAppender$AppenderDaemon$$Lambda$490/586156626@67259503] WARN  server.GrpcLogAppender (GrpcLogAppender.java:mayWait(143)) - d16d800f-a890-4a7a-bda4-5bf97a65c0f2@group-1AC969952D72->e74ea0f8-bf41-4d93-a1fd-ac84c2b46512-GrpcLogAppender: Wait interrupted by java.lang.InterruptedException
2019-09-12 04:09:26,643 [grpc-default-executor-11] INFO  server.GrpcServerProtocolService (GrpcServerProtocolService.java:onCompleted(113)) - e74ea0f8-bf41-4d93-a1fd-ac84c2b46512: Completed APPEND_ENTRIES, lastRequest: d16d800f-a890-4a7a-bda4-5bf97a65c0f2->e74ea0f8-bf41-4d93-a1fd-ac84c2b46512#169-t1, previous=(t:1, i:22), leaderCommit=15, initializing? false, entries: <empty>
2019-09-12 04:09:26,643 [grpc-default-executor-12] INFO  server.GrpcServerProtocolService (GrpcServerProtocolService.java:onCompleted(113)) - 41a8e196-af5b-4c71-b4d4-8d03270b35a0: Completed APPEND_ENTRIES, lastRequest: d16d800f-a890-4a7a-bda4-5bf97a65c0f2->41a8e196-af5b-4c71-b4d4-8d03270b35a0#169-t1, previous=(t:1, i:22), leaderCommit=15, initializing? false, entries: <empty>
2019-09-12 04:09:26,644 [grpc-default-executor-12] INFO  server.GrpcLogAppender (GrpcLogAppender.java:onCompleted(293)) - d16d800f-a890-4a7a-bda4-5bf97a65c0f2@group-1AC969952D72->e74ea0f8-bf41-4d93-a1fd-ac84c2b46512-AppendLogResponseHandler: follower responses appendEntries COMPLETED
2019-09-12 04:09:26,648 [d16d800f-a890-4a7a-bda4-5bf97a65c0f2@group-1AC969952D72-StateMachineUpdater] INFO  ratis.ContainerStateMachine (ContainerStateMachine.java:takeSnapshot(289)) - group-1AC969952D72: Taking a snapshot at:(t:1, i:15) file /workdir/hadoop-ozone/integration-test/target/test-dir/MiniOzoneClusterImpl-b4fa8ffa-56bc-41b5-8fca-04d9ba132278/datanode-5/data/ratis/26361590-16d5-4f91-996d-1ac969952d72/sm/snapshot.1_15
2019-09-12 04:09:26,648 [grpc-default-executor-8] INFO  impl.StateMachineUpdater (StateMachineUpdater.java:stopAndJoin(125)) - d16d800f-a890-4a7a-bda4-5bf97a65c0f2@group-1AC969952D72-StateMachineUpdater: set stopIndex = 15
2019-09-12 04:09:26,644 [grpc-default-executor-11] INFO  server.GrpcLogAppender (GrpcLogAppender.java:onCompleted(293)) - d16d800f-a890-4a7a-bda4-5bf97a65c0f2@group-1AC969952D72->41a8e196-af5b-4c71-b4d4-8d03270b35a0-AppendLogResponseHandler: follower responses appendEntries COMPLETED
2019-09-12 04:09:26,648 [grpc-default-executor-12] INFO  impl.FollowerInfo (FollowerInfo.java:lambda$new$0(51)) - d16d800f-a890-4a7a-bda4-5bf97a65c0f2@group-1AC969952D72->e74ea0f8-bf41-4d93-a1fd-ac84c2b46512: nextIndex: updateUnconditionally 23 -> 16
2019-09-12 04:09:26,649 [grpc-default-executor-11] INFO  impl.FollowerInfo (FollowerInfo.java:lambda$new$0(51)) - d16d800f-a890-4a7a-bda4-5bf97a65c0f2@group-1AC969952D72->41a8e196-af5b-4c71-b4d4-8d03270b35a0: nextIndex: updateUnconditionally 23 -> 16
2019-09-12 04:09:26,662 [d16d800f-a890-4a7a-bda4-5bf97a65c0f2@group-1AC969952D72-StateMachineUpdater] INFO  ratis.ContainerStateMachine (ContainerStateMachine.java:takeSnapshot(300)) - group-1AC969952D72: Finished taking a snapshot at:(t:1, i:15) file:/workdir/hadoop-ozone/integration-test/target/test-dir/MiniOzoneClusterImpl-b4fa8ffa-56bc-41b5-8fca-04d9ba132278/datanode-5/data/ratis/26361590-16d5-4f91-996d-1ac969952d72/sm/snapshot.1_15 time:14
2019-09-12 04:09:26,662 [d16d800f-a890-4a7a-bda4-5bf97a65c0f2@group-1AC969952D72-StateMachineUpdater] INFO  impl.StateMachineUpdater (StateMachineUpdater.java:takeSnapshot(258)) - d16d800f-a890-4a7a-bda4-5bf97a65c0f2@group-1AC969952D72-StateMachineUpdater: Took a snapshot at index 15
2019-09-12 04:09:26,662 [d16d800f-a890-4a7a-bda4-5bf97a65c0f2@group-1AC969952D72-StateMachineUpdater] INFO  impl.StateMachineUpdater (StateMachineUpdater.java:lambda$new$0(83)) - d16d800f-a890-4a7a-bda4-5bf97a65c0f2@group-1AC969952D72-StateMachineUpdater: snapshotIndex: updateIncreasingly -1 -> 15
2019-09-12 04:09:26,663 [grpc-default-executor-8] INFO  impl.RaftServerImpl (ServerState.java:close(385)) - d16d800f-a890-4a7a-bda4-5bf97a65c0f2@group-1AC969952D72: closes. applyIndex: 15
2019-09-12 04:09:26,663 [Command processor thread] ERROR commandhandler.CloseContainerCommandHandler (CloseContainerCommandHandler.java:handle(125)) - Can't close container #7
java.io.IOException: org.apache.ratis.protocol.GroupMismatchException: d16d800f-a890-4a7a-bda4-5bf97a65c0f2: group-1AC969952D72 not found.
	at org.apache.hadoop.ozone.container.common.transport.server.ratis.XceiverServerRatis.submitRequest(XceiverServerRatis.java:495)
	at org.apache.hadoop.ozone.container.common.statemachine.commandhandler.CloseContainerCommandHandler.handle(CloseContainerCommandHandler.java:102)
	at org.apache.hadoop.ozone.container.common.statemachine.commandhandler.CommandDispatcher.handle(CommandDispatcher.java:99)
	at org.apache.hadoop.ozone.container.common.statemachine.DatanodeStateMachine.lambda$initCommandHandlerThread$1(DatanodeStateMachine.java:432)
	at java.lang.Thread.run(Thread.java:748)
Caused by: java.util.concurrent.ExecutionException: org.apache.ratis.protocol.GroupMismatchException: d16d800f-a890-4a7a-bda4-5bf97a65c0f2: group-1AC969952D72 not found.
	at java.util.concurrent.CompletableFuture.reportGet(CompletableFuture.java:357)
	at java.util.concurrent.CompletableFuture.get(CompletableFuture.java:1895)
	at org.apache.hadoop.ozone.container.common.transport.server.ratis.XceiverServerRatis.submitRequest(XceiverServerRatis.java:493)
	... 4 more
Caused by: org.apache.ratis.protocol.GroupMismatchException: d16d800f-a890-4a7a-bda4-5bf97a65c0f2: group-1AC969952D72 not found.
	at org.apache.ratis.server.impl.RaftServerProxy$ImplMap.get(RaftServerProxy.java:122)
	at org.apache.ratis.server.impl.RaftServerProxy.getImplFuture(RaftServerProxy.java:269)
	at org.apache.ratis.server.impl.RaftServerProxy.submitRequest(RaftServerProxy.java:327)
	at org.apache.ratis.server.impl.RaftServerProxy.submitClientRequestAsync(RaftServerProxy.java:333)
	... 5 more
2019-09-12 04:09:26,664 [d16d800f-a890-4a7a-bda4-5bf97a65c0f2@group-1AC969952D72-SegmentedRaftLogWorker] ERROR ratis.XceiverServerRatis (XceiverServerRatis.java:triggerPipelineClose(568)) - pipeline Action CLOSE  on pipeline PipelineID=26361590-16d5-4f91-996d-1ac969952d72.Reason : WriteLog:17: (t:1, i:17), STATEMACHINELOGENTRY, client-38E6C04ACA0A, cid=144-writeStateMachineData interrupted.
2019-09-12 04:09:26,667 [EventQueue-PipelineActionsForPipelineActionHandler] ERROR pipeline.PipelineActionHandler (PipelineActionHandler.java:onMessage(60)) - Received pipeline action CLOSE for Pipeline[ Id: 26361590-16d5-4f91-996d-1ac969952d72, Nodes: d16d800f-a890-4a7a-bda4-5bf97a65c0f2{ip: 192.168.34.8, host: pr-hdds-1879-pbs75-1821932185, networkLocation: /default-rack, certSerialId: null}41a8e196-af5b-4c71-b4d4-8d03270b35a0{ip: 192.168.34.8, host: pr-hdds-1879-pbs75-1821932185, networkLocation: /default-rack, certSerialId: null}e74ea0f8-bf41-4d93-a1fd-ac84c2b46512{ip: 192.168.34.8, host: pr-hdds-1879-pbs75-1821932185, networkLocation: /default-rack, certSerialId: null}, Type:RATIS, Factor:THREE, State:CLOSED] from datanode d16d800f-a890-4a7a-bda4-5bf97a65c0f2{ip: 192.168.34.8, host: pr-hdds-1879-pbs75-1821932185, networkLocation: /default-rack, certSerialId: null}. Reason : d16d800f-a890-4a7a-bda4-5bf97a65c0f2 has not seen follower/s 41a8e196-af5b-4c71-b4d4-8d03270b35a0 for 186166ms e74ea0f8-bf41-4d93-a1fd-ac84c2b46512 for 186167ms
2019-09-12 04:09:26,669 [EventQueue-PipelineActionsForPipelineActionHandler] INFO  pipeline.SCMPipelineManager (SCMPipelineManager.java:finalizeAndDestroyPipeline(311)) - destroying pipeline:Pipeline[ Id: 26361590-16d5-4f91-996d-1ac969952d72, Nodes: d16d800f-a890-4a7a-bda4-5bf97a65c0f2{ip: 192.168.34.8, host: pr-hdds-1879-pbs75-1821932185, networkLocation: /default-rack, certSerialId: null}41a8e196-af5b-4c71-b4d4-8d03270b35a0{ip: 192.168.34.8, host: pr-hdds-1879-pbs75-1821932185, networkLocation: /default-rack, certSerialId: null}e74ea0f8-bf41-4d93-a1fd-ac84c2b46512{ip: 192.168.34.8, host: pr-hdds-1879-pbs75-1821932185, networkLocation: /default-rack, certSerialId: null}, Type:RATIS, Factor:THREE, State:CLOSED]
2019-09-12 04:09:26,669 [EventQueue-PipelineActionsForPipelineActionHandler] ERROR pipeline.PipelineActionHandler (PipelineActionHandler.java:onMessage(60)) - Received pipeline action CLOSE for Pipeline[ Id: 26361590-16d5-4f91-996d-1ac969952d72, Nodes: d16d800f-a890-4a7a-bda4-5bf97a65c0f2{ip: 192.168.34.8, host: pr-hdds-1879-pbs75-1821932185, networkLocation: /default-rack, certSerialId: null}41a8e196-af5b-4c71-b4d4-8d03270b35a0{ip: 192.168.34.8, host: pr-hdds-1879-pbs75-1821932185, networkLocation: /default-rack, certSerialId: null}e74ea0f8-bf41-4d93-a1fd-ac84c2b46512{ip: 192.168.34.8, host: pr-hdds-1879-pbs75-1821932185, networkLocation: /default-rack, certSerialId: null}, Type:RATIS, Factor:THREE, State:CLOSED] from datanode d16d800f-a890-4a7a-bda4-5bf97a65c0f2{ip: 192.168.34.8, host: pr-hdds-1879-pbs75-1821932185, networkLocation: /default-rack, certSerialId: null}. Reason : WriteLog:17: (t:1, i:17), STATEMACHINELOGENTRY, client-38E6C04ACA0A, cid=144-writeStateMachineData interrupted.
2019-09-12 04:09:26,670 [EventQueue-PipelineActionsForPipelineActionHandler] INFO  pipeline.SCMPipelineManager (SCMPipelineManager.java:finalizeAndDestroyPipeline(311)) - destroying pipeline:Pipeline[ Id: 26361590-16d5-4f91-996d-1ac969952d72, Nodes: d16d800f-a890-4a7a-bda4-5bf97a65c0f2{ip: 192.168.34.8, host: pr-hdds-1879-pbs75-1821932185, networkLocation: /default-rack, certSerialId: null}41a8e196-af5b-4c71-b4d4-8d03270b35a0{ip: 192.168.34.8, host: pr-hdds-1879-pbs75-1821932185, networkLocation: /default-rack, certSerialId: null}e74ea0f8-bf41-4d93-a1fd-ac84c2b46512{ip: 192.168.34.8, host: pr-hdds-1879-pbs75-1821932185, networkLocation: /default-rack, certSerialId: null}, Type:RATIS, Factor:THREE, State:CLOSED]
2019-09-12 04:09:26,678 [grpc-default-executor-8] INFO  segmented.SegmentedRaftLogWorker (SegmentedRaftLogWorker.java:close(228)) - d16d800f-a890-4a7a-bda4-5bf97a65c0f2@group-1AC969952D72-SegmentedRaftLogWorker close()
2019-09-12 04:09:26,682 [Command processor thread] ERROR commandhandler.CloseContainerCommandHandler (CloseContainerCommandHandler.java:handle(125)) - Can't close container #8
java.io.IOException: org.apache.ratis.protocol.GroupMismatchException: d16d800f-a890-4a7a-bda4-5bf97a65c0f2: group-1AC969952D72 not found.
	at org.apache.hadoop.ozone.container.common.transport.server.ratis.XceiverServerRatis.submitRequest(XceiverServerRatis.java:495)
	at org.apache.hadoop.ozone.container.common.statemachine.commandhandler.CloseContainerCommandHandler.handle(CloseContainerCommandHandler.java:102)
	at org.apache.hadoop.ozone.container.common.statemachine.commandhandler.CommandDispatcher.handle(CommandDispatcher.java:99)
	at org.apache.hadoop.ozone.container.common.statemachine.DatanodeStateMachine.lambda$initCommandHandlerThread$1(DatanodeStateMachine.java:432)
	at java.lang.Thread.run(Thread.java:748)
Caused by: java.util.concurrent.ExecutionException: org.apache.ratis.protocol.GroupMismatchException: d16d800f-a890-4a7a-bda4-5bf97a65c0f2: group-1AC969952D72 not found.
	at java.util.concurrent.CompletableFuture.reportGet(CompletableFuture.java:357)
	at java.util.concurrent.CompletableFuture.get(CompletableFuture.java:1895)
	at org.apache.hadoop.ozone.container.common.transport.server.ratis.XceiverServerRatis.submitRequest(XceiverServerRatis.java:493)
	... 4 more
Caused by: org.apache.ratis.protocol.GroupMismatchException: d16d800f-a890-4a7a-bda4-5bf97a65c0f2: group-1AC969952D72 not found.
	at org.apache.ratis.server.impl.RaftServerProxy$ImplMap.get(RaftServerProxy.java:122)
	at org.apache.ratis.server.impl.RaftServerProxy.getImplFuture(RaftServerProxy.java:269)
	at org.apache.ratis.server.impl.RaftServerProxy.submitRequest(RaftServerProxy.java:327)
	at org.apache.ratis.server.impl.RaftServerProxy.submitClientRequestAsync(RaftServerProxy.java:333)
	... 5 more
2019-09-12 04:09:26,706 [grpc-default-executor-8] INFO  interfaces.Container (KeyValueContainer.java:flushAndSyncDB(384)) - Container 6 is synced with bcsId 7.
2019-09-12 04:09:26,706 [grpc-default-executor-8] INFO  interfaces.Container (KeyValueContainer.java:flushAndSyncDB(384)) - Container 6 is synced with bcsId 7.
2019-09-12 04:09:26,721 [EventQueue-IncrementalContainerReportForIncrementalContainerReportHandler] INFO  container.IncrementalContainerReportHandler (AbstractContainerReportHandler.java:updateContainerState(169)) - Moving container #6 to QUASI_CLOSED state, datanode d16d800f-a890-4a7a-bda4-5bf97a65c0f2{ip: 192.168.34.8, host: pr-hdds-1879-pbs75-1821932185, networkLocation: /default-rack, certSerialId: null} reported QUASI_CLOSED replica.
2019-09-12 04:09:26,722 [grpc-default-executor-8] INFO  interfaces.Container (KeyValueContainer.java:flushAndSyncDB(384)) - Container 7 is synced with bcsId 13.
2019-09-12 04:09:26,722 [grpc-default-executor-8] INFO  interfaces.Container (KeyValueContainer.java:flushAndSyncDB(384)) - Container 7 is synced with bcsId 13.
2019-09-12 04:09:26,737 [EventQueue-IncrementalContainerReportForIncrementalContainerReportHandler] INFO  container.IncrementalContainerReportHandler (AbstractContainerReportHandler.java:updateContainerState(169)) - Moving container #7 to QUASI_CLOSED state, datanode d16d800f-a890-4a7a-bda4-5bf97a65c0f2{ip: 192.168.34.8, host: pr-hdds-1879-pbs75-1821932185, networkLocation: /default-rack, certSerialId: null} reported QUASI_CLOSED replica.
2019-09-12 04:09:26,805 [grpc-default-executor-8] INFO  interfaces.Container (KeyValueContainer.java:flushAndSyncDB(384)) - Container 8 is synced with bcsId 0.
2019-09-12 04:09:26,806 [grpc-default-executor-8] INFO  interfaces.Container (KeyValueContainer.java:flushAndSyncDB(384)) - Container 8 is synced with bcsId 0.
2019-09-12 04:09:26,862 [EventQueue-IncrementalContainerReportForIncrementalContainerReportHandler] INFO  container.IncrementalContainerReportHandler (AbstractContainerReportHandler.java:updateContainerState(169)) - Moving container #8 to QUASI_CLOSED state, datanode d16d800f-a890-4a7a-bda4-5bf97a65c0f2{ip: 192.168.34.8, host: pr-hdds-1879-pbs75-1821932185, networkLocation: /default-rack, certSerialId: null} reported QUASI_CLOSED replica.
2019-09-12 04:09:26,867 [grpc-default-executor-8] INFO  impl.RaftServerProxy (RaftServerProxy.java:remove(95)) - 41a8e196-af5b-4c71-b4d4-8d03270b35a0: remove  FOLLOWER 41a8e196-af5b-4c71-b4d4-8d03270b35a0@group-1AC969952D72:t1, leader=d16d800f-a890-4a7a-bda4-5bf97a65c0f2, voted=d16d800f-a890-4a7a-bda4-5bf97a65c0f2, raftlog=41a8e196-af5b-4c71-b4d4-8d03270b35a0@group-1AC969952D72-SegmentedRaftLog:OPENED:c15,f15,i22, conf=0: [41a8e196-af5b-4c71-b4d4-8d03270b35a0:192.168.34.8:36221, e74ea0f8-bf41-4d93-a1fd-ac84c2b46512:192.168.34.8:33824, d16d800f-a890-4a7a-bda4-5bf97a65c0f2:192.168.34.8:33400], old=null RUNNING
2019-09-12 04:09:26,867 [grpc-default-executor-8] INFO  impl.RaftServerImpl (RaftServerImpl.java:lambda$shutdown$3(251)) - 41a8e196-af5b-4c71-b4d4-8d03270b35a0@group-1AC969952D72: shutdown
2019-09-12 04:09:26,867 [grpc-default-executor-8] INFO  util.JmxRegister (JmxRegister.java:unregister(73)) - Successfully un-registered JMX Bean with object name Ratis:service=RaftServer,group=group-1AC969952D72,id=41a8e196-af5b-4c71-b4d4-8d03270b35a0
2019-09-12 04:09:26,868 [grpc-default-executor-8] INFO  impl.RoleInfo (RoleInfo.java:shutdownFollowerState(121)) - 41a8e196-af5b-4c71-b4d4-8d03270b35a0: shutdown FollowerState
2019-09-12 04:09:26,868 [grpc-default-executor-8] INFO  impl.StateMachineUpdater (StateMachineUpdater.java:stopAndJoin(125)) - 41a8e196-af5b-4c71-b4d4-8d03270b35a0@group-1AC969952D72-StateMachineUpdater: set stopIndex = 15
2019-09-12 04:09:26,868 [41a8e196-af5b-4c71-b4d4-8d03270b35a0@group-1AC969952D72-StateMachineUpdater] INFO  ratis.ContainerStateMachine (ContainerStateMachine.java:takeSnapshot(289)) - group-1AC969952D72: Taking a snapshot at:(t:1, i:13) file /workdir/hadoop-ozone/integration-test/target/test-dir/MiniOzoneClusterImpl-b4fa8ffa-56bc-41b5-8fca-04d9ba132278/datanode-3/data/ratis/26361590-16d5-4f91-996d-1ac969952d72/sm/snapshot.1_13
2019-09-12 04:09:26,868 [Thread-882] INFO  impl.FollowerState (FollowerState.java:run(115)) - 41a8e196-af5b-4c71-b4d4-8d03270b35a0: FollowerState was interrupted: java.lang.InterruptedException: sleep interrupted
2019-09-12 04:09:26,923 [41a8e196-af5b-4c71-b4d4-8d03270b35a0@group-1AC969952D72-StateMachineUpdater] INFO  ratis.ContainerStateMachine (ContainerStateMachine.java:takeSnapshot(300)) - group-1AC969952D72: Finished taking a snapshot at:(t:1, i:13) file:/workdir/hadoop-ozone/integration-test/target/test-dir/MiniOzoneClusterImpl-b4fa8ffa-56bc-41b5-8fca-04d9ba132278/datanode-3/data/ratis/26361590-16d5-4f91-996d-1ac969952d72/sm/snapshot.1_13 time:55
2019-09-12 04:09:26,923 [41a8e196-af5b-4c71-b4d4-8d03270b35a0@group-1AC969952D72-StateMachineUpdater] INFO  impl.StateMachineUpdater (StateMachineUpdater.java:takeSnapshot(258)) - 41a8e196-af5b-4c71-b4d4-8d03270b35a0@group-1AC969952D72-StateMachineUpdater: Took a snapshot at index 13
2019-09-12 04:09:26,924 [41a8e196-af5b-4c71-b4d4-8d03270b35a0@group-1AC969952D72-StateMachineUpdater] INFO  impl.StateMachineUpdater (StateMachineUpdater.java:lambda$new$0(83)) - 41a8e196-af5b-4c71-b4d4-8d03270b35a0@group-1AC969952D72-StateMachineUpdater: snapshotIndex: updateIncreasingly -1 -> 13
2019-09-12 04:09:26,924 [41a8e196-af5b-4c71-b4d4-8d03270b35a0@group-1AC969952D72-StateMachineUpdater] INFO  ratis.ContainerStateMachine (ContainerStateMachine.java:takeSnapshot(289)) - group-1AC969952D72: Taking a snapshot at:(t:1, i:13) file /workdir/hadoop-ozone/integration-test/target/test-dir/MiniOzoneClusterImpl-b4fa8ffa-56bc-41b5-8fca-04d9ba132278/datanode-3/data/ratis/26361590-16d5-4f91-996d-1ac969952d72/sm/snapshot.1_13
2019-09-12 04:09:26,998 [41a8e196-af5b-4c71-b4d4-8d03270b35a0@group-1AC969952D72-StateMachineUpdater] INFO  ratis.ContainerStateMachine (ContainerStateMachine.java:takeSnapshot(300)) - group-1AC969952D72: Finished taking a snapshot at:(t:1, i:13) file:/workdir/hadoop-ozone/integration-test/target/test-dir/MiniOzoneClusterImpl-b4fa8ffa-56bc-41b5-8fca-04d9ba132278/datanode-3/data/ratis/26361590-16d5-4f91-996d-1ac969952d72/sm/snapshot.1_13 time:74
2019-09-12 04:09:26,998 [41a8e196-af5b-4c71-b4d4-8d03270b35a0@group-1AC969952D72-StateMachineUpdater] INFO  impl.StateMachineUpdater (StateMachineUpdater.java:takeSnapshot(258)) - 41a8e196-af5b-4c71-b4d4-8d03270b35a0@group-1AC969952D72-StateMachineUpdater: Took a snapshot at index 13
2019-09-12 04:09:26,998 [41a8e196-af5b-4c71-b4d4-8d03270b35a0@group-1AC969952D72-StateMachineUpdater] INFO  impl.StateMachineUpdater (StateMachineUpdater.java:lambda$new$0(83)) - 41a8e196-af5b-4c71-b4d4-8d03270b35a0@group-1AC969952D72-StateMachineUpdater: snapshotIndex: updateIncreasingly 13 -> 13
2019-09-12 04:09:26,998 [grpc-default-executor-8] INFO  impl.RaftServerImpl (ServerState.java:close(385)) - 41a8e196-af5b-4c71-b4d4-8d03270b35a0@group-1AC969952D72: closes. applyIndex: 15
2019-09-12 04:09:26,999 [grpc-default-executor-11] INFO  client.GrpcClientProtocolClient (GrpcClientProtocolClient.java:onNext(264)) - client-38E6C04ACA0A->e74ea0f8-bf41-4d93-a1fd-ac84c2b46512: receive RaftClientReply:client-38E6C04ACA0A->e74ea0f8-bf41-4d93-a1fd-ac84c2b46512@group-1AC969952D72, cid=143, FAILED org.apache.ratis.protocol.NotLeaderException: Server e74ea0f8-bf41-4d93-a1fd-ac84c2b46512@group-1AC969952D72 is not the leader d16d800f-a890-4a7a-bda4-5bf97a65c0f2:192.168.34.8:33400, logIndex=0, commits[e74ea0f8-bf41-4d93-a1fd-ac84c2b46512:c15, 41a8e196-af5b-4c71-b4d4-8d03270b35a0:c13, d16d800f-a890-4a7a-bda4-5bf97a65c0f2:c15]
2019-09-12 04:09:26,999 [41a8e196-af5b-4c71-b4d4-8d03270b35a0@group-1AC969952D72-SegmentedRaftLogWorker] ERROR ratis.XceiverServerRatis (XceiverServerRatis.java:triggerPipelineClose(568)) - pipeline Action CLOSE  on pipeline PipelineID=26361590-16d5-4f91-996d-1ac969952d72.Reason : WriteLog:19: (t:1, i:19), STATEMACHINELOGENTRY, client-38E6C04ACA0A, cid=146-writeStateMachineData interrupted.
2019-09-12 04:09:27,016 [EventQueue-PipelineActionsForPipelineActionHandler] ERROR pipeline.PipelineActionHandler (PipelineActionHandler.java:onMessage(60)) - Received pipeline action CLOSE for Pipeline[ Id: 26361590-16d5-4f91-996d-1ac969952d72, Nodes: d16d800f-a890-4a7a-bda4-5bf97a65c0f2{ip: 192.168.34.8, host: pr-hdds-1879-pbs75-1821932185, networkLocation: /default-rack, certSerialId: null}41a8e196-af5b-4c71-b4d4-8d03270b35a0{ip: 192.168.34.8, host: pr-hdds-1879-pbs75-1821932185, networkLocation: /default-rack, certSerialId: null}e74ea0f8-bf41-4d93-a1fd-ac84c2b46512{ip: 192.168.34.8, host: pr-hdds-1879-pbs75-1821932185, networkLocation: /default-rack, certSerialId: null}, Type:RATIS, Factor:THREE, State:CLOSED] from datanode 41a8e196-af5b-4c71-b4d4-8d03270b35a0{ip: 192.168.34.8, host: pr-hdds-1879-pbs75-1821932185, networkLocation: /default-rack, certSerialId: null}. Reason : WriteLog:19: (t:1, i:19), STATEMACHINELOGENTRY, client-38E6C04ACA0A, cid=146-writeStateMachineData interrupted.
2019-09-12 04:09:27,016 [EventQueue-PipelineActionsForPipelineActionHandler] INFO  pipeline.SCMPipelineManager (SCMPipelineManager.java:finalizeAndDestroyPipeline(311)) - destroying pipeline:Pipeline[ Id: 26361590-16d5-4f91-996d-1ac969952d72, Nodes: d16d800f-a890-4a7a-bda4-5bf97a65c0f2{ip: 192.168.34.8, host: pr-hdds-1879-pbs75-1821932185, networkLocation: /default-rack, certSerialId: null}41a8e196-af5b-4c71-b4d4-8d03270b35a0{ip: 192.168.34.8, host: pr-hdds-1879-pbs75-1821932185, networkLocation: /default-rack, certSerialId: null}e74ea0f8-bf41-4d93-a1fd-ac84c2b46512{ip: 192.168.34.8, host: pr-hdds-1879-pbs75-1821932185, networkLocation: /default-rack, certSerialId: null}, Type:RATIS, Factor:THREE, State:CLOSED]
2019-09-12 04:09:27,031 [main] WARN  io.KeyOutputStream (KeyOutputStream.java:handleException(276)) - Encountered exception java.io.IOException: Unexpected Storage Container Exception: java.util.concurrent.CompletionException: java.util.concurrent.CompletionException: org.apache.ratis.protocol.GroupMismatchException: d16d800f-a890-4a7a-bda4-5bf97a65c0f2: group-1AC969952D72 not found. on the pipeline Pipeline[ Id: 26361590-16d5-4f91-996d-1ac969952d72, Nodes: d16d800f-a890-4a7a-bda4-5bf97a65c0f2{ip: 192.168.34.8, host: pr-hdds-1879-pbs75-1821932185, networkLocation: /default-rack, certSerialId: null}41a8e196-af5b-4c71-b4d4-8d03270b35a0{ip: 192.168.34.8, host: pr-hdds-1879-pbs75-1821932185, networkLocation: /default-rack, certSerialId: null}e74ea0f8-bf41-4d93-a1fd-ac84c2b46512{ip: 192.168.34.8, host: pr-hdds-1879-pbs75-1821932185, networkLocation: /default-rack, certSerialId: null}, Type:RATIS, Factor:THREE, State:OPEN]. The last committed block length is 0, uncommitted data length is 400 retry count 0
2019-09-12 04:09:27,031 [grpc-default-executor-8] INFO  segmented.SegmentedRaftLogWorker (SegmentedRaftLogWorker.java:close(228)) - 41a8e196-af5b-4c71-b4d4-8d03270b35a0@group-1AC969952D72-SegmentedRaftLogWorker close()
2019-09-12 04:09:27,079 [grpc-default-executor-11] INFO  client.GrpcClientProtocolClient (GrpcClientProtocolClient.java:onNext(264)) - client-C86F35A1C0FD->826a4c15-f032-4805-8cf4-5e11fe4a99d7: receive RaftClientReply:client-C86F35A1C0FD->826a4c15-f032-4805-8cf4-5e11fe4a99d7@group-B0BBA3B17B95, cid=241, FAILED org.apache.ratis.protocol.NotLeaderException: Server 826a4c15-f032-4805-8cf4-5e11fe4a99d7@group-B0BBA3B17B95 is not the leader fc0aded7-5090-49ad-a6b0-e16cfe155c18:192.168.34.8:41944, logIndex=0, commits[826a4c15-f032-4805-8cf4-5e11fe4a99d7:c0, cfbaf9ff-a5d2-4350-abbf-bcb1aefbe8d3:c0, fc0aded7-5090-49ad-a6b0-e16cfe155c18:c0]
2019-09-12 04:09:27,091 [grpc-default-executor-8] INFO  interfaces.Container (KeyValueContainer.java:flushAndSyncDB(384)) - Container 6 is synced with bcsId 7.
2019-09-12 04:09:27,091 [grpc-default-executor-8] INFO  interfaces.Container (KeyValueContainer.java:flushAndSyncDB(384)) - Container 6 is synced with bcsId 7.
2019-09-12 04:09:27,257 [grpc-default-executor-8] INFO  interfaces.Container (KeyValueContainer.java:flushAndSyncDB(384)) - Container 7 is synced with bcsId 13.
2019-09-12 04:09:27,257 [grpc-default-executor-8] INFO  interfaces.Container (KeyValueContainer.java:flushAndSyncDB(384)) - Container 7 is synced with bcsId 13.
2019-09-12 04:09:27,604 [grpc-default-executor-8] INFO  interfaces.Container (KeyValueContainer.java:flushAndSyncDB(384)) - Container 8 is synced with bcsId 0.
2019-09-12 04:09:27,604 [grpc-default-executor-8] INFO  interfaces.Container (KeyValueContainer.java:flushAndSyncDB(384)) - Container 8 is synced with bcsId 0.
2019-09-12 04:09:27,647 [grpc-default-executor-8] INFO  impl.RaftServerProxy (RaftServerProxy.java:remove(95)) - e74ea0f8-bf41-4d93-a1fd-ac84c2b46512: remove  FOLLOWER e74ea0f8-bf41-4d93-a1fd-ac84c2b46512@group-1AC969952D72:t1, leader=d16d800f-a890-4a7a-bda4-5bf97a65c0f2, voted=d16d800f-a890-4a7a-bda4-5bf97a65c0f2, raftlog=e74ea0f8-bf41-4d93-a1fd-ac84c2b46512@group-1AC969952D72-SegmentedRaftLog:OPENED:c15,f15,i22, conf=0: [41a8e196-af5b-4c71-b4d4-8d03270b35a0:192.168.34.8:36221, e74ea0f8-bf41-4d93-a1fd-ac84c2b46512:192.168.34.8:33824, d16d800f-a890-4a7a-bda4-5bf97a65c0f2:192.168.34.8:33400], old=null RUNNING
2019-09-12 04:09:27,647 [grpc-default-executor-8] INFO  impl.RaftServerImpl (RaftServerImpl.java:lambda$shutdown$3(251)) - e74ea0f8-bf41-4d93-a1fd-ac84c2b46512@group-1AC969952D72: shutdown
2019-09-12 04:09:27,648 [grpc-default-executor-8] INFO  util.JmxRegister (JmxRegister.java:unregister(73)) - Successfully un-registered JMX Bean with object name Ratis:service=RaftServer,group=group-1AC969952D72,id=e74ea0f8-bf41-4d93-a1fd-ac84c2b46512
2019-09-12 04:09:27,648 [grpc-default-executor-8] INFO  impl.RoleInfo (RoleInfo.java:shutdownFollowerState(121)) - e74ea0f8-bf41-4d93-a1fd-ac84c2b46512: shutdown FollowerState
2019-09-12 04:09:27,648 [grpc-default-executor-8] INFO  impl.StateMachineUpdater (StateMachineUpdater.java:stopAndJoin(125)) - e74ea0f8-bf41-4d93-a1fd-ac84c2b46512@group-1AC969952D72-StateMachineUpdater: set stopIndex = 15
2019-09-12 04:09:27,648 [e74ea0f8-bf41-4d93-a1fd-ac84c2b46512@group-1AC969952D72-StateMachineUpdater] INFO  ratis.ContainerStateMachine (ContainerStateMachine.java:takeSnapshot(289)) - group-1AC969952D72: Taking a snapshot at:(t:1, i:13) file /workdir/hadoop-ozone/integration-test/target/test-dir/MiniOzoneClusterImpl-b4fa8ffa-56bc-41b5-8fca-04d9ba132278/datanode-4/data/ratis/26361590-16d5-4f91-996d-1ac969952d72/sm/snapshot.1_13
2019-09-12 04:09:27,648 [Thread-881] INFO  impl.FollowerState (FollowerState.java:run(115)) - e74ea0f8-bf41-4d93-a1fd-ac84c2b46512: FollowerState was interrupted: java.lang.InterruptedException: sleep interrupted
2019-09-12 04:09:27,694 [e74ea0f8-bf41-4d93-a1fd-ac84c2b46512@group-1AC969952D72-StateMachineUpdater] INFO  ratis.ContainerStateMachine (ContainerStateMachine.java:takeSnapshot(300)) - group-1AC969952D72: Finished taking a snapshot at:(t:1, i:13) file:/workdir/hadoop-ozone/integration-test/target/test-dir/MiniOzoneClusterImpl-b4fa8ffa-56bc-41b5-8fca-04d9ba132278/datanode-4/data/ratis/26361590-16d5-4f91-996d-1ac969952d72/sm/snapshot.1_13 time:45
2019-09-12 04:09:27,694 [e74ea0f8-bf41-4d93-a1fd-ac84c2b46512@group-1AC969952D72-StateMachineUpdater] INFO  impl.StateMachineUpdater (StateMachineUpdater.java:takeSnapshot(258)) - e74ea0f8-bf41-4d93-a1fd-ac84c2b46512@group-1AC969952D72-StateMachineUpdater: Took a snapshot at index 13
2019-09-12 04:09:27,694 [e74ea0f8-bf41-4d93-a1fd-ac84c2b46512@group-1AC969952D72-StateMachineUpdater] INFO  impl.StateMachineUpdater (StateMachineUpdater.java:lambda$new$0(83)) - e74ea0f8-bf41-4d93-a1fd-ac84c2b46512@group-1AC969952D72-StateMachineUpdater: snapshotIndex: updateIncreasingly -1 -> 13
2019-09-12 04:09:27,694 [grpc-default-executor-11] INFO  client.GrpcClientProtocolClient (GrpcClientProtocolClient.java:onNext(264)) - client-C86F35A1C0FD->fc0aded7-5090-49ad-a6b0-e16cfe155c18: receive RaftClientReply:client-C86F35A1C0FD->fc0aded7-5090-49ad-a6b0-e16cfe155c18@group-B0BBA3B17B95, cid=241, SUCCESS, logIndex=1, commits[fc0aded7-5090-49ad-a6b0-e16cfe155c18:c1, 826a4c15-f032-4805-8cf4-5e11fe4a99d7:c0, cfbaf9ff-a5d2-4350-abbf-bcb1aefbe8d3:c0]
2019-09-12 04:09:27,694 [e74ea0f8-bf41-4d93-a1fd-ac84c2b46512@group-1AC969952D72-StateMachineUpdater] INFO  ratis.ContainerStateMachine (ContainerStateMachine.java:takeSnapshot(289)) - group-1AC969952D72: Taking a snapshot at:(t:1, i:13) file /workdir/hadoop-ozone/integration-test/target/test-dir/MiniOzoneClusterImpl-b4fa8ffa-56bc-41b5-8fca-04d9ba132278/datanode-4/data/ratis/26361590-16d5-4f91-996d-1ac969952d72/sm/snapshot.1_13
2019-09-12 04:09:27,760 [e74ea0f8-bf41-4d93-a1fd-ac84c2b46512@group-1AC969952D72-StateMachineUpdater] INFO  ratis.ContainerStateMachine (ContainerStateMachine.java:takeSnapshot(300)) - group-1AC969952D72: Finished taking a snapshot at:(t:1, i:13) file:/workdir/hadoop-ozone/integration-test/target/test-dir/MiniOzoneClusterImpl-b4fa8ffa-56bc-41b5-8fca-04d9ba132278/datanode-4/data/ratis/26361590-16d5-4f91-996d-1ac969952d72/sm/snapshot.1_13 time:65
2019-09-12 04:09:27,760 [e74ea0f8-bf41-4d93-a1fd-ac84c2b46512@group-1AC969952D72-StateMachineUpdater] INFO  impl.StateMachineUpdater (StateMachineUpdater.java:takeSnapshot(258)) - e74ea0f8-bf41-4d93-a1fd-ac84c2b46512@group-1AC969952D72-StateMachineUpdater: Took a snapshot at index 13
2019-09-12 04:09:27,760 [e74ea0f8-bf41-4d93-a1fd-ac84c2b46512@group-1AC969952D72-StateMachineUpdater] INFO  impl.StateMachineUpdater (StateMachineUpdater.java:lambda$new$0(83)) - e74ea0f8-bf41-4d93-a1fd-ac84c2b46512@group-1AC969952D72-StateMachineUpdater: snapshotIndex: updateIncreasingly 13 -> 13
2019-09-12 04:09:27,761 [grpc-default-executor-8] INFO  impl.RaftServerImpl (ServerState.java:close(385)) - e74ea0f8-bf41-4d93-a1fd-ac84c2b46512@group-1AC969952D72: closes. applyIndex: 15
2019-09-12 04:09:27,762 [e74ea0f8-bf41-4d93-a1fd-ac84c2b46512@group-1AC969952D72-SegmentedRaftLogWorker] ERROR ratis.XceiverServerRatis (XceiverServerRatis.java:triggerPipelineClose(568)) - pipeline Action CLOSE  on pipeline PipelineID=26361590-16d5-4f91-996d-1ac969952d72.Reason : WriteLog:16: (t:1, i:16), STATEMACHINELOGENTRY, client-38E6C04ACA0A, cid=143-writeStateMachineData interrupted.
2019-09-12 04:09:27,765 [grpc-default-executor-8] INFO  segmented.SegmentedRaftLogWorker (SegmentedRaftLogWorker.java:close(228)) - e74ea0f8-bf41-4d93-a1fd-ac84c2b46512@group-1AC969952D72-SegmentedRaftLogWorker close()
2019-09-12 04:09:27,769 [EventQueue-PipelineActionsForPipelineActionHandler] ERROR pipeline.PipelineActionHandler (PipelineActionHandler.java:onMessage(60)) - Received pipeline action CLOSE for Pipeline[ Id: 26361590-16d5-4f91-996d-1ac969952d72, Nodes: d16d800f-a890-4a7a-bda4-5bf97a65c0f2{ip: 192.168.34.8, host: pr-hdds-1879-pbs75-1821932185, networkLocation: /default-rack, certSerialId: null}41a8e196-af5b-4c71-b4d4-8d03270b35a0{ip: 192.168.34.8, host: pr-hdds-1879-pbs75-1821932185, networkLocation: /default-rack, certSerialId: null}e74ea0f8-bf41-4d93-a1fd-ac84c2b46512{ip: 192.168.34.8, host: pr-hdds-1879-pbs75-1821932185, networkLocation: /default-rack, certSerialId: null}, Type:RATIS, Factor:THREE, State:CLOSED] from datanode e74ea0f8-bf41-4d93-a1fd-ac84c2b46512{ip: 192.168.34.8, host: pr-hdds-1879-pbs75-1821932185, networkLocation: /default-rack, certSerialId: null}. Reason : WriteLog:16: (t:1, i:16), STATEMACHINELOGENTRY, client-38E6C04ACA0A, cid=143-writeStateMachineData interrupted.
2019-09-12 04:09:27,769 [EventQueue-PipelineActionsForPipelineActionHandler] INFO  pipeline.SCMPipelineManager (SCMPipelineManager.java:finalizeAndDestroyPipeline(311)) - destroying pipeline:Pipeline[ Id: 26361590-16d5-4f91-996d-1ac969952d72, Nodes: d16d800f-a890-4a7a-bda4-5bf97a65c0f2{ip: 192.168.34.8, host: pr-hdds-1879-pbs75-1821932185, networkLocation: /default-rack, certSerialId: null}41a8e196-af5b-4c71-b4d4-8d03270b35a0{ip: 192.168.34.8, host: pr-hdds-1879-pbs75-1821932185, networkLocation: /default-rack, certSerialId: null}e74ea0f8-bf41-4d93-a1fd-ac84c2b46512{ip: 192.168.34.8, host: pr-hdds-1879-pbs75-1821932185, networkLocation: /default-rack, certSerialId: null}, Type:RATIS, Factor:THREE, State:CLOSED]
2019-09-12 04:09:27,769 [grpc-default-executor-7] INFO  client.GrpcClientProtocolClient (GrpcClientProtocolClient.java:onNext(264)) - client-C86F35A1C0FD->fc0aded7-5090-49ad-a6b0-e16cfe155c18: receive RaftClientReply:client-C86F35A1C0FD->fc0aded7-5090-49ad-a6b0-e16cfe155c18@group-B0BBA3B17B95, cid=242, SUCCESS, logIndex=3, commits[fc0aded7-5090-49ad-a6b0-e16cfe155c18:c6, 826a4c15-f032-4805-8cf4-5e11fe4a99d7:c2, cfbaf9ff-a5d2-4350-abbf-bcb1aefbe8d3:c2]
2019-09-12 04:09:27,961 [grpc-default-executor-11] INFO  client.GrpcClientProtocolClient (GrpcClientProtocolClient.java:onNext(264)) - client-C86F35A1C0FD->fc0aded7-5090-49ad-a6b0-e16cfe155c18: receive RaftClientReply:client-C86F35A1C0FD->fc0aded7-5090-49ad-a6b0-e16cfe155c18@group-B0BBA3B17B95, cid=243, SUCCESS, logIndex=4, commits[fc0aded7-5090-49ad-a6b0-e16cfe155c18:c12, 826a4c15-f032-4805-8cf4-5e11fe4a99d7:c7, cfbaf9ff-a5d2-4350-abbf-bcb1aefbe8d3:c7]
2019-09-12 04:09:27,973 [grpc-default-executor-11] INFO  client.GrpcClientProtocolClient (GrpcClientProtocolClient.java:onNext(264)) - client-C86F35A1C0FD->fc0aded7-5090-49ad-a6b0-e16cfe155c18: receive RaftClientReply:client-C86F35A1C0FD->fc0aded7-5090-49ad-a6b0-e16cfe155c18@group-B0BBA3B17B95, cid=244, SUCCESS, logIndex=5, commits[fc0aded7-5090-49ad-a6b0-e16cfe155c18:c12, 826a4c15-f032-4805-8cf4-5e11fe4a99d7:c7, cfbaf9ff-a5d2-4350-abbf-bcb1aefbe8d3:c7]
2019-09-12 04:09:27,974 [grpc-default-executor-11] INFO  client.GrpcClientProtocolClient (GrpcClientProtocolClient.java:onNext(264)) - client-C86F35A1C0FD->fc0aded7-5090-49ad-a6b0-e16cfe155c18: receive RaftClientReply:client-C86F35A1C0FD->fc0aded7-5090-49ad-a6b0-e16cfe155c18@group-B0BBA3B17B95, cid=245, SUCCESS, logIndex=6, commits[fc0aded7-5090-49ad-a6b0-e16cfe155c18:c12, 826a4c15-f032-4805-8cf4-5e11fe4a99d7:c7, cfbaf9ff-a5d2-4350-abbf-bcb1aefbe8d3:c7]
2019-09-12 04:09:27,996 [grpc-default-executor-8] INFO  interfaces.Container (KeyValueContainer.java:flushAndSyncDB(384)) - Container 6 is synced with bcsId 7.
2019-09-12 04:09:28,764 [grpc-default-executor-8] INFO  interfaces.Container (KeyValueContainer.java:flushAndSyncDB(384)) - Container 6 is synced with bcsId 7.
2019-09-12 04:09:28,766 [grpc-default-executor-11] INFO  client.GrpcClientProtocolClient (GrpcClientProtocolClient.java:onNext(264)) - client-C86F35A1C0FD->fc0aded7-5090-49ad-a6b0-e16cfe155c18: receive RaftClientReply:client-C86F35A1C0FD->fc0aded7-5090-49ad-a6b0-e16cfe155c18@group-B0BBA3B17B95, cid=246, SUCCESS, logIndex=7, commits[fc0aded7-5090-49ad-a6b0-e16cfe155c18:c12, 826a4c15-f032-4805-8cf4-5e11fe4a99d7:c7, cfbaf9ff-a5d2-4350-abbf-bcb1aefbe8d3:c7]
]]></system-out>
    <system-err><![CDATA[Sep 12, 2019 4:07:56 AM org.apache.ratis.thirdparty.io.grpc.internal.ManagedChannelOrphanWrapper$ManagedChannelReference cleanQueue
SEVERE: *~*~*~ Channel ManagedChannelImpl{logId=1478, target=192.168.34.8:41944} was not shutdown properly!!! ~*~*~*
    Make sure to call shutdown()/shutdownNow() and wait until awaitTermination() returns true.
java.lang.RuntimeException: ManagedChannel allocation site
	at org.apache.ratis.thirdparty.io.grpc.internal.ManagedChannelOrphanWrapper$ManagedChannelReference.<init>(ManagedChannelOrphanWrapper.java:103)
	at org.apache.ratis.thirdparty.io.grpc.internal.ManagedChannelOrphanWrapper.<init>(ManagedChannelOrphanWrapper.java:53)
	at org.apache.ratis.thirdparty.io.grpc.internal.ManagedChannelOrphanWrapper.<init>(ManagedChannelOrphanWrapper.java:44)
	at org.apache.ratis.thirdparty.io.grpc.internal.AbstractManagedChannelImplBuilder.build(AbstractManagedChannelImplBuilder.java:411)
	at org.apache.ratis.grpc.client.GrpcClientProtocolClient.<init>(GrpcClientProtocolClient.java:127)
	at org.apache.ratis.grpc.client.GrpcClientRpc.lambda$new$0(GrpcClientRpc.java:55)
	at org.apache.ratis.util.PeerProxyMap$PeerAndProxy.lambda$getProxy$0(PeerProxyMap.java:61)
	at org.apache.ratis.util.LifeCycle.startAndTransition(LifeCycle.java:202)
	at org.apache.ratis.util.PeerProxyMap$PeerAndProxy.getProxy(PeerProxyMap.java:60)
	at org.apache.ratis.util.PeerProxyMap.getProxy(PeerProxyMap.java:108)
	at org.apache.ratis.grpc.client.GrpcClientRpc.sendRequestAsync(GrpcClientRpc.java:66)
	at org.apache.ratis.client.impl.OrderedAsync.sendRequest(OrderedAsync.java:208)
	at org.apache.ratis.client.impl.OrderedAsync.sendRequestWithRetry(OrderedAsync.java:169)
	at org.apache.ratis.util.SlidingWindow$Client.sendOrDelayRequest(SlidingWindow.java:278)
	at org.apache.ratis.util.SlidingWindow$Client.retry(SlidingWindow.java:294)
	at org.apache.ratis.client.impl.OrderedAsync.lambda$scheduleWithTimeout$7(OrderedAsync.java:195)
	at org.apache.ratis.util.TimeoutScheduler.lambda$onTimeout$0(TimeoutScheduler.java:113)
	at org.apache.ratis.util.TimeoutScheduler.lambda$onTimeout$1(TimeoutScheduler.java:133)
	at org.apache.ratis.util.LogUtils.runAndLog(LogUtils.java:50)
	at org.apache.ratis.util.LogUtils$1.run(LogUtils.java:91)
	at java.util.concurrent.Executors$RunnableAdapter.call(Executors.java:511)
	at java.util.concurrent.FutureTask.run(FutureTask.java:266)
	at java.util.concurrent.ScheduledThreadPoolExecutor$ScheduledFutureTask.access$201(ScheduledThreadPoolExecutor.java:180)
	at java.util.concurrent.ScheduledThreadPoolExecutor$ScheduledFutureTask.run(ScheduledThreadPoolExecutor.java:293)
	at java.util.concurrent.ThreadPoolExecutor.runWorker(ThreadPoolExecutor.java:1149)
	at java.util.concurrent.ThreadPoolExecutor$Worker.run(ThreadPoolExecutor.java:624)
	at java.lang.Thread.run(Thread.java:748)

]]></system-err>
  </testcase>
</testsuite>