<?xml version="1.0" encoding="UTF-8"?>
<testsuite xmlns:xsi="http://www.w3.org/2001/XMLSchema-instance" xsi:noNamespaceSchemaLocation="https://maven.apache.org/surefire/maven-surefire-plugin/xsd/surefire-test-report.xsd" name="org.apache.hadoop.ozone.client.rpc.TestBlockOutputStreamWithFailures" time="734.405" tests="8" errors="0" skipped="0" failures="1">
  <properties>
    <property name="awt.toolkit" value="sun.awt.X11.XToolkit"/>
    <property name="file.encoding.pkg" value="sun.io"/>
    <property name="java.specification.version" value="1.8"/>
    <property name="sun.cpu.isalist" value=""/>
    <property name="sun.jnu.encoding" value="UTF-8"/>
    <property name="java.class.path" value="/workdir/hadoop-ozone/integration-test/target/test-classes:/workdir/hadoop-ozone/integration-test/target/classes:/home/user/.m2/repository/org/apache/hadoop/hadoop-ozone-common/0.5.0-SNAPSHOT/hadoop-ozone-common-0.5.0-SNAPSHOT.jar:/home/user/.m2/repository/org/apache/commons/commons-compress/1.4.1/commons-compress-1.4.1.jar:/home/user/.m2/repository/org/tukaani/xz/1.0/xz-1.0.jar:/home/user/.m2/repository/org/apache/hadoop/hadoop-common/3.2.0/hadoop-common-3.2.0.jar:/home/user/.m2/repository/org/apache/hadoop/hadoop-hdfs/3.2.0/hadoop-hdfs-3.2.0.jar:/home/user/.m2/repository/org/apache/hadoop/hadoop-hdfs-client/3.2.0/hadoop-hdfs-client-3.2.0.jar:/home/user/.m2/repository/com/fasterxml/jackson/core/jackson-annotations/2.9.5/jackson-annotations-2.9.5.jar:/home/user/.m2/repository/org/apache/hadoop/hadoop-hdds-common/0.5.0-SNAPSHOT/hadoop-hdds-common-0.5.0-SNAPSHOT.jar:/home/user/.m2/repository/javax/annotation/javax.annotation-api/1.2/javax.annotation-api-1.2.jar:/home/user/.m2/repository/org/apache/ratis/ratis-server/0.4.0-2337318-SNAPSHOT/ratis-server-0.4.0-2337318-SNAPSHOT.jar:/home/user/.m2/repository/org/apache/ratis/ratis-thirdparty-misc/0.2.0/ratis-thirdparty-misc-0.2.0.jar:/home/user/.m2/repository/org/apache/ratis/ratis-proto/0.4.0-2337318-SNAPSHOT/ratis-proto-0.4.0-2337318-SNAPSHOT.jar:/home/user/.m2/repository/org/apache/ratis/ratis-common/0.4.0-2337318-SNAPSHOT/ratis-common-0.4.0-2337318-SNAPSHOT.jar:/home/user/.m2/repository/org/apache/ratis/ratis-client/0.4.0-2337318-SNAPSHOT/ratis-client-0.4.0-2337318-SNAPSHOT.jar:/home/user/.m2/repository/org/apache/ratis/ratis-metrics/0.4.0-2337318-SNAPSHOT/ratis-metrics-0.4.0-2337318-SNAPSHOT.jar:/home/user/.m2/repository/org/apache/ratis/ratis-netty/0.4.0-2337318-SNAPSHOT/ratis-netty-0.4.0-2337318-SNAPSHOT.jar:/home/user/.m2/repository/org/apache/ratis/ratis-grpc/0.4.0-2337318-SNAPSHOT/ratis-grpc-0.4.0-2337318-SNAPSHOT.jar:/home/user/.m2/repository/org/rocksdb/rocksdbjni/6.0.1/rocksdbjni-6.0.1.jar:/home/user/.m2/repository/org/apache/logging/log4j/log4j-api/2.11.0/log4j-api-2.11.0.jar:/home/user/.m2/repository/org/apache/logging/log4j/log4j-core/2.11.0/log4j-core-2.11.0.jar:/home/user/.m2/repository/com/lmax/disruptor/3.4.2/disruptor-3.4.2.jar:/home/user/.m2/repository/org/apache/commons/commons-pool2/2.6.0/commons-pool2-2.6.0.jar:/home/user/.m2/repository/org/bouncycastle/bcpkix-jdk15on/1.60/bcpkix-jdk15on-1.60.jar:/home/user/.m2/repository/commons-validator/commons-validator/1.6/commons-validator-1.6.jar:/home/user/.m2/repository/commons-digester/commons-digester/1.8.1/commons-digester-1.8.1.jar:/home/user/.m2/repository/io/jaegertracing/jaeger-client/0.33.1/jaeger-client-0.33.1.jar:/home/user/.m2/repository/io/jaegertracing/jaeger-thrift/0.33.1/jaeger-thrift-0.33.1.jar:/home/user/.m2/repository/org/apache/thrift/libthrift/0.11.0/libthrift-0.11.0.jar:/home/user/.m2/repository/com/squareup/okhttp3/okhttp/3.9.0/okhttp-3.9.0.jar:/home/user/.m2/repository/com/squareup/okio/okio/1.13.0/okio-1.13.0.jar:/home/user/.m2/repository/io/jaegertracing/jaeger-core/0.33.1/jaeger-core-0.33.1.jar:/home/user/.m2/repository/io/jaegertracing/jaeger-tracerresolver/0.33.1/jaeger-tracerresolver-0.33.1.jar:/home/user/.m2/repository/io/opentracing/contrib/opentracing-tracerresolver/0.1.5/opentracing-tracerresolver-0.1.5.jar:/home/user/.m2/repository/io/opentracing/opentracing-util/0.31.0/opentracing-util-0.31.0.jar:/home/user/.m2/repository/io/opentracing/opentracing-api/0.31.0/opentracing-api-0.31.0.jar:/home/user/.m2/repository/io/opentracing/opentracing-noop/0.31.0/opentracing-noop-0.31.0.jar:/home/user/.m2/repository/org/apache/hadoop/hadoop-hdds-server-framework/0.5.0-SNAPSHOT/hadoop-hdds-server-framework-0.5.0-SNAPSHOT.jar:/home/user/.m2/repository/org/apache/hadoop/hadoop-hdds-container-service/0.5.0-SNAPSHOT/hadoop-hdds-container-service-0.5.0-SNAPSHOT.jar:/home/user/.m2/repository/org/apache/hadoop/hadoop-hdds-client/0.5.0-SNAPSHOT/hadoop-hdds-client-0.5.0-SNAPSHOT.jar:/home/user/.m2/repository/org/apache/hadoop/hadoop-hdds-tools/0.5.0-SNAPSHOT/hadoop-hdds-tools-0.5.0-SNAPSHOT.jar:/home/user/.m2/repository/org/apache/hadoop/hadoop-hdds-server-scm/0.5.0-SNAPSHOT/hadoop-hdds-server-scm-0.5.0-SNAPSHOT.jar:/home/user/.m2/repository/org/apache/hadoop/hadoop-hdds-docs/0.5.0-SNAPSHOT/hadoop-hdds-docs-0.5.0-SNAPSHOT.jar:/home/user/.m2/repository/io/dropwizard/metrics/metrics-core/3.2.4/metrics-core-3.2.4.jar:/home/user/.m2/repository/org/hamcrest/hamcrest-all/1.3/hamcrest-all-1.3.jar:/home/user/.m2/repository/org/bouncycastle/bcprov-jdk15on/1.60/bcprov-jdk15on-1.60.jar:/home/user/.m2/repository/info/picocli/picocli/3.9.6/picocli-3.9.6.jar:/home/user/.m2/repository/com/google/protobuf/protobuf-java/2.5.0/protobuf-java-2.5.0.jar:/home/user/.m2/repository/com/google/guava/guava/11.0.2/guava-11.0.2.jar:/home/user/.m2/repository/org/apache/hadoop/hadoop-ozone-ozone-manager/0.5.0-SNAPSHOT/hadoop-ozone-ozone-manager-0.5.0-SNAPSHOT.jar:/home/user/.m2/repository/org/apache/hadoop/hadoop-minikdc/3.2.0/hadoop-minikdc-3.2.0.jar:/home/user/.m2/repository/commons-io/commons-io/2.5/commons-io-2.5.jar:/home/user/.m2/repository/org/apache/kerby/kerb-simplekdc/1.0.1/kerb-simplekdc-1.0.1.jar:/home/user/.m2/repository/org/apache/kerby/kerb-client/1.0.1/kerb-client-1.0.1.jar:/home/user/.m2/repository/org/apache/kerby/kerby-config/1.0.1/kerby-config-1.0.1.jar:/home/user/.m2/repository/org/apache/kerby/kerb-core/1.0.1/kerb-core-1.0.1.jar:/home/user/.m2/repository/org/apache/kerby/kerby-pkix/1.0.1/kerby-pkix-1.0.1.jar:/home/user/.m2/repository/org/apache/kerby/kerby-asn1/1.0.1/kerby-asn1-1.0.1.jar:/home/user/.m2/repository/org/apache/kerby/kerby-util/1.0.1/kerby-util-1.0.1.jar:/home/user/.m2/repository/org/apache/kerby/kerb-common/1.0.1/kerb-common-1.0.1.jar:/home/user/.m2/repository/org/apache/kerby/kerb-crypto/1.0.1/kerb-crypto-1.0.1.jar:/home/user/.m2/repository/org/apache/kerby/kerb-util/1.0.1/kerb-util-1.0.1.jar:/home/user/.m2/repository/org/apache/kerby/token-provider/1.0.1/token-provider-1.0.1.jar:/home/user/.m2/repository/org/apache/kerby/kerb-admin/1.0.1/kerb-admin-1.0.1.jar:/home/user/.m2/repository/org/apache/kerby/kerb-server/1.0.1/kerb-server-1.0.1.jar:/home/user/.m2/repository/org/apache/kerby/kerb-identity/1.0.1/kerb-identity-1.0.1.jar:/home/user/.m2/repository/org/apache/kerby/kerby-xdr/1.0.1/kerby-xdr-1.0.1.jar:/home/user/.m2/repository/org/slf4j/slf4j-log4j12/1.7.25/slf4j-log4j12-1.7.25.jar:/home/user/.m2/repository/org/apache/hadoop/hadoop-ozone-objectstore-service/0.5.0-SNAPSHOT/hadoop-ozone-objectstore-service-0.5.0-SNAPSHOT.jar:/home/user/.m2/repository/org/apache/hadoop/hadoop-ozone-s3gateway/0.5.0-SNAPSHOT/hadoop-ozone-s3gateway-0.5.0-SNAPSHOT.jar:/home/user/.m2/repository/org/jboss/weld/servlet/weld-servlet/2.4.7.Final/weld-servlet-2.4.7.Final.jar:/home/user/.m2/repository/org/glassfish/jersey/containers/jersey-container-servlet-core/2.27/jersey-container-servlet-core-2.27.jar:/home/user/.m2/repository/org/glassfish/hk2/external/javax.inject/2.5.0-b42/javax.inject-2.5.0-b42.jar:/home/user/.m2/repository/org/glassfish/jersey/core/jersey-common/2.27/jersey-common-2.27.jar:/home/user/.m2/repository/org/glassfish/hk2/osgi-resource-locator/1.0.1/osgi-resource-locator-1.0.1.jar:/home/user/.m2/repository/javax/ws/rs/javax.ws.rs-api/2.1/javax.ws.rs-api-2.1.jar:/home/user/.m2/repository/org/glassfish/jersey/ext/cdi/jersey-cdi1x/2.27/jersey-cdi1x-2.27.jar:/home/user/.m2/repository/org/glassfish/jersey/inject/jersey-hk2/2.27/jersey-hk2-2.27.jar:/home/user/.m2/repository/org/glassfish/hk2/hk2-locator/2.5.0-b42/hk2-locator-2.5.0-b42.jar:/home/user/.m2/repository/org/javassist/javassist/3.22.0-CR2/javassist-3.22.0-CR2.jar:/home/user/.m2/repository/org/glassfish/hk2/hk2-api/2.5.0/hk2-api-2.5.0.jar:/home/user/.m2/repository/org/glassfish/hk2/external/jakarta.inject/2.5.0/jakarta.inject-2.5.0.jar:/home/user/.m2/repository/org/glassfish/hk2/hk2-utils/2.5.0/hk2-utils-2.5.0.jar:/home/user/.m2/repository/jakarta/annotation/jakarta.annotation-api/1.3.4/jakarta.annotation-api-1.3.4.jar:/home/user/.m2/repository/org/glassfish/hk2/external/aopalliance-repackaged/2.5.0/aopalliance-repackaged-2.5.0.jar:/home/user/.m2/repository/com/fasterxml/jackson/dataformat/jackson-dataformat-xml/2.9.0/jackson-dataformat-xml-2.9.0.jar:/home/user/.m2/repository/com/fasterxml/jackson/core/jackson-core/2.9.5/jackson-core-2.9.5.jar:/home/user/.m2/repository/com/fasterxml/jackson/module/jackson-module-jaxb-annotations/2.9.5/jackson-module-jaxb-annotations-2.9.5.jar:/home/user/.m2/repository/javax/enterprise/cdi-api/1.2/cdi-api-1.2.jar:/home/user/.m2/repository/javax/el/javax.el-api/3.0.0/javax.el-api-3.0.0.jar:/home/user/.m2/repository/javax/interceptor/javax.interceptor-api/1.2/javax.interceptor-api-1.2.jar:/home/user/.m2/repository/javax/inject/javax.inject/1/javax.inject-1.jar:/home/user/.m2/repository/com/sun/xml/bind/jaxb-impl/2.3.0.1/jaxb-impl-2.3.0.1.jar:/home/user/.m2/repository/com/sun/xml/bind/jaxb-core/2.3.0.1/jaxb-core-2.3.0.1.jar:/home/user/.m2/repository/javax/xml/bind/jaxb-api/2.3.0/jaxb-api-2.3.0.jar:/home/user/.m2/repository/javax/activation/activation/1.1.1/activation-1.1.1.jar:/home/user/.m2/repository/org/apache/hadoop/hadoop-ozone-csi/0.5.0-SNAPSHOT/hadoop-ozone-csi-0.5.0-SNAPSHOT.jar:/home/user/.m2/repository/com/google/protobuf/protobuf-java-util/3.5.1/protobuf-java-util-3.5.1.jar:/home/user/.m2/repository/org/apache/hadoop/hadoop-hdds-config/0.5.0-SNAPSHOT/hadoop-hdds-config-0.5.0-SNAPSHOT.jar:/home/user/.m2/repository/io/grpc/grpc-netty/1.17.1/grpc-netty-1.17.1.jar:/home/user/.m2/repository/io/grpc/grpc-core/1.17.1/grpc-core-1.17.1.jar:/home/user/.m2/repository/io/grpc/grpc-context/1.17.1/grpc-context-1.17.1.jar:/home/user/.m2/repository/com/google/errorprone/error_prone_annotations/2.2.0/error_prone_annotations-2.2.0.jar:/home/user/.m2/repository/org/codehaus/mojo/animal-sniffer-annotations/1.17/animal-sniffer-annotations-1.17.jar:/home/user/.m2/repository/io/opencensus/opencensus-api/0.17.0/opencensus-api-0.17.0.jar:/home/user/.m2/repository/io/opencensus/opencensus-contrib-grpc-metrics/0.17.0/opencensus-contrib-grpc-metrics-0.17.0.jar:/home/user/.m2/repository/io/netty/netty-codec-http2/4.1.30.Final/netty-codec-http2-4.1.30.Final.jar:/home/user/.m2/repository/io/netty/netty-codec-http/4.1.30.Final/netty-codec-http-4.1.30.Final.jar:/home/user/.m2/repository/io/netty/netty-codec/4.1.30.Final/netty-codec-4.1.30.Final.jar:/home/user/.m2/repository/io/netty/netty-handler/4.1.30.Final/netty-handler-4.1.30.Final.jar:/home/user/.m2/repository/io/netty/netty-handler-proxy/4.1.30.Final/netty-handler-proxy-4.1.30.Final.jar:/home/user/.m2/repository/io/netty/netty-codec-socks/4.1.30.Final/netty-codec-socks-4.1.30.Final.jar:/home/user/.m2/repository/io/netty/netty-transport-native-epoll/4.1.30.Final/netty-transport-native-epoll-4.1.30.Final.jar:/home/user/.m2/repository/io/netty/netty-common/4.1.30.Final/netty-common-4.1.30.Final.jar:/home/user/.m2/repository/io/netty/netty-buffer/4.1.30.Final/netty-buffer-4.1.30.Final.jar:/home/user/.m2/repository/io/netty/netty-transport/4.1.30.Final/netty-transport-4.1.30.Final.jar:/home/user/.m2/repository/io/netty/netty-resolver/4.1.30.Final/netty-resolver-4.1.30.Final.jar:/home/user/.m2/repository/io/netty/netty-transport-native-unix-common/4.1.30.Final/netty-transport-native-unix-common-4.1.30.Final.jar:/home/user/.m2/repository/io/grpc/grpc-protobuf/1.17.1/grpc-protobuf-1.17.1.jar:/home/user/.m2/repository/com/google/api/grpc/proto-google-common-protos/1.0.0/proto-google-common-protos-1.0.0.jar:/home/user/.m2/repository/io/grpc/grpc-protobuf-lite/1.17.1/grpc-protobuf-lite-1.17.1.jar:/home/user/.m2/repository/io/grpc/grpc-stub/1.17.1/grpc-stub-1.17.1.jar:/home/user/.m2/repository/org/apache/hadoop/hadoop-ozone-recon/0.5.0-SNAPSHOT/hadoop-ozone-recon-0.5.0-SNAPSHOT.jar:/home/user/.m2/repository/org/apache/hadoop/hadoop-ozone-reconcodegen/0.5.0-SNAPSHOT/hadoop-ozone-reconcodegen-0.5.0-SNAPSHOT.jar:/home/user/.m2/repository/com/google/inject/extensions/guice-multibindings/4.0/guice-multibindings-4.0.jar:/home/user/.m2/repository/com/google/inject/guice/4.0/guice-4.0.jar:/home/user/.m2/repository/aopalliance/aopalliance/1.0/aopalliance-1.0.jar:/home/user/.m2/repository/com/google/inject/extensions/guice-servlet/4.0/guice-servlet-4.0.jar:/home/user/.m2/repository/org/glassfish/jersey/containers/jersey-container-servlet/2.27/jersey-container-servlet-2.27.jar:/home/user/.m2/repository/org/glassfish/hk2/guice-bridge/2.5.0/guice-bridge-2.5.0.jar:/home/user/.m2/repository/org/glassfish/jersey/core/jersey-server/2.27/jersey-server-2.27.jar:/home/user/.m2/repository/org/glassfish/jersey/core/jersey-client/2.27/jersey-client-2.27.jar:/home/user/.m2/repository/org/glassfish/jersey/media/jersey-media-jaxb/2.27/jersey-media-jaxb-2.27.jar:/home/user/.m2/repository/javax/validation/validation-api/1.1.0.Final/validation-api-1.1.0.Final.jar:/home/user/.m2/repository/org/glassfish/jersey/media/jersey-media-json-jackson/2.27/jersey-media-json-jackson-2.27.jar:/home/user/.m2/repository/org/glassfish/jersey/ext/jersey-entity-filtering/2.27/jersey-entity-filtering-2.27.jar:/home/user/.m2/repository/com/google/inject/extensions/guice-assistedinject/4.0/guice-assistedinject-4.0.jar:/home/user/.m2/repository/org/jooq/jooq/3.11.10/jooq-3.11.10.jar:/home/user/.m2/repository/org/jooq/jooq-meta/3.11.10/jooq-meta-3.11.10.jar:/home/user/.m2/repository/org/jooq/jooq-codegen/3.11.10/jooq-codegen-3.11.10.jar:/home/user/.m2/repository/com/jolbox/bonecp/0.8.0.RELEASE/bonecp-0.8.0.RELEASE.jar:/home/user/.m2/repository/org/xerial/sqlite-jdbc/3.25.2/sqlite-jdbc-3.25.2.jar:/home/user/.m2/repository/org/springframework/spring-jdbc/5.1.3.RELEASE/spring-jdbc-5.1.3.RELEASE.jar:/home/user/.m2/repository/org/springframework/spring-beans/5.1.3.RELEASE/spring-beans-5.1.3.RELEASE.jar:/home/user/.m2/repository/org/springframework/spring-core/5.1.3.RELEASE/spring-core-5.1.3.RELEASE.jar:/home/user/.m2/repository/org/springframework/spring-jcl/5.1.3.RELEASE/spring-jcl-5.1.3.RELEASE.jar:/home/user/.m2/repository/org/springframework/spring-tx/5.1.3.RELEASE/spring-tx-5.1.3.RELEASE.jar:/home/user/.m2/repository/org/apache/hadoop/hadoop-ozone-client/0.5.0-SNAPSHOT/hadoop-ozone-client-0.5.0-SNAPSHOT.jar:/home/user/.m2/repository/commons-lang/commons-lang/2.6/commons-lang-2.6.jar:/home/user/.m2/repository/org/apache/hadoop/hadoop-ozone-ozone-manager/0.5.0-SNAPSHOT/hadoop-ozone-ozone-manager-0.5.0-SNAPSHOT-tests.jar:/home/user/.m2/repository/junit/junit/4.11/junit-4.11.jar:/home/user/.m2/repository/org/hamcrest/hamcrest-core/1.3/hamcrest-core-1.3.jar:/home/user/.m2/repository/org/openjdk/jmh/jmh-core/1.19/jmh-core-1.19.jar:/home/user/.m2/repository/net/sf/jopt-simple/jopt-simple/4.6/jopt-simple-4.6.jar:/home/user/.m2/repository/org/apache/commons/commons-math3/3.1.1/commons-math3-3.1.1.jar:/home/user/.m2/repository/org/openjdk/jmh/jmh-generator-annprocess/1.19/jmh-generator-annprocess-1.19.jar:/home/user/.m2/repository/org/mockito/mockito-all/1.8.5/mockito-all-1.8.5.jar:/home/user/.m2/repository/org/apache/hadoop/hadoop-kms/3.2.0/hadoop-kms-3.2.0.jar:/home/user/.m2/repository/org/apache/hadoop/hadoop-auth/3.2.0/hadoop-auth-3.2.0.jar:/home/user/.m2/repository/com/nimbusds/nimbus-jose-jwt/4.41.1/nimbus-jose-jwt-4.41.1.jar:/home/user/.m2/repository/com/github/stephenc/jcip/jcip-annotations/1.0-1/jcip-annotations-1.0-1.jar:/home/user/.m2/repository/net/minidev/json-smart/2.3/json-smart-2.3.jar:/home/user/.m2/repository/net/minidev/accessors-smart/1.2/accessors-smart-1.2.jar:/home/user/.m2/repository/org/ow2/asm/asm/5.0.4/asm-5.0.4.jar:/home/user/.m2/repository/org/apache/curator/curator-framework/2.12.0/curator-framework-2.12.0.jar:/home/user/.m2/repository/com/sun/jersey/jersey-core/1.19/jersey-core-1.19.jar:/home/user/.m2/repository/javax/ws/rs/jsr311-api/1.1.1/jsr311-api-1.1.1.jar:/home/user/.m2/repository/com/sun/jersey/jersey-server/1.19/jersey-server-1.19.jar:/home/user/.m2/repository/javax/servlet/javax.servlet-api/3.1.0/javax.servlet-api-3.1.0.jar:/home/user/.m2/repository/org/eclipse/jetty/jetty-server/9.3.24.v20180605/jetty-server-9.3.24.v20180605.jar:/home/user/.m2/repository/org/eclipse/jetty/jetty-http/9.3.24.v20180605/jetty-http-9.3.24.v20180605.jar:/home/user/.m2/repository/org/eclipse/jetty/jetty-io/9.3.24.v20180605/jetty-io-9.3.24.v20180605.jar:/home/user/.m2/repository/org/eclipse/jetty/jetty-webapp/9.3.24.v20180605/jetty-webapp-9.3.24.v20180605.jar:/home/user/.m2/repository/org/eclipse/jetty/jetty-xml/9.3.24.v20180605/jetty-xml-9.3.24.v20180605.jar:/home/user/.m2/repository/log4j/log4j/1.2.17/log4j-1.2.17.jar:/home/user/.m2/repository/org/slf4j/slf4j-api/1.7.25/slf4j-api-1.7.25.jar:/home/user/.m2/repository/org/slf4j/jul-to-slf4j/1.7.25/jul-to-slf4j-1.7.25.jar:/home/user/.m2/repository/org/eclipse/jetty/jetty-util/9.3.24.v20180605/jetty-util-9.3.24.v20180605.jar:/home/user/.m2/repository/com/fasterxml/jackson/core/jackson-databind/2.9.5/jackson-databind-2.9.5.jar:/home/user/.m2/repository/org/apache/hadoop/hadoop-kms/3.2.0/hadoop-kms-3.2.0-tests.jar:/home/user/.m2/repository/org/apache/hadoop/hadoop-hdds-server-scm/0.5.0-SNAPSHOT/hadoop-hdds-server-scm-0.5.0-SNAPSHOT-tests.jar:/home/user/.m2/repository/org/apache/hadoop/hadoop-hdds-container-service/0.5.0-SNAPSHOT/hadoop-hdds-container-service-0.5.0-SNAPSHOT-tests.jar:/home/user/.m2/repository/org/yaml/snakeyaml/1.16/snakeyaml-1.16.jar:/home/user/.m2/repository/org/apache/hadoop/hadoop-common/3.2.0/hadoop-common-3.2.0-tests.jar:/home/user/.m2/repository/org/apache/hadoop/hadoop-annotations/3.2.0/hadoop-annotations-3.2.0.jar:/usr/lib/jvm/java-1.8-openjdk/jre/../lib/tools.jar:/home/user/.m2/repository/commons-cli/commons-cli/1.2/commons-cli-1.2.jar:/home/user/.m2/repository/org/apache/httpcomponents/httpclient/4.5.2/httpclient-4.5.2.jar:/home/user/.m2/repository/org/apache/httpcomponents/httpcore/4.4.4/httpcore-4.4.4.jar:/home/user/.m2/repository/commons-codec/commons-codec/1.11/commons-codec-1.11.jar:/home/user/.m2/repository/commons-net/commons-net/3.6/commons-net-3.6.jar:/home/user/.m2/repository/commons-collections/commons-collections/3.2.2/commons-collections-3.2.2.jar:/home/user/.m2/repository/org/eclipse/jetty/jetty-servlet/9.3.24.v20180605/jetty-servlet-9.3.24.v20180605.jar:/home/user/.m2/repository/org/eclipse/jetty/jetty-security/9.3.24.v20180605/jetty-security-9.3.24.v20180605.jar:/home/user/.m2/repository/javax/servlet/jsp/jsp-api/2.1/jsp-api-2.1.jar:/home/user/.m2/repository/com/sun/jersey/jersey-servlet/1.19/jersey-servlet-1.19.jar:/home/user/.m2/repository/com/sun/jersey/jersey-json/1.19/jersey-json-1.19.jar:/home/user/.m2/repository/org/codehaus/jettison/jettison/1.1/jettison-1.1.jar:/home/user/.m2/repository/org/codehaus/jackson/jackson-core-asl/1.9.13/jackson-core-asl-1.9.13.jar:/home/user/.m2/repository/org/codehaus/jackson/jackson-mapper-asl/1.9.13/jackson-mapper-asl-1.9.13.jar:/home/user/.m2/repository/org/codehaus/jackson/jackson-jaxrs/1.9.13/jackson-jaxrs-1.9.13.jar:/home/user/.m2/repository/org/codehaus/jackson/jackson-xc/1.9.13/jackson-xc-1.9.13.jar:/home/user/.m2/repository/commons-logging/commons-logging/1.1.3/commons-logging-1.1.3.jar:/home/user/.m2/repository/commons-beanutils/commons-beanutils/1.9.3/commons-beanutils-1.9.3.jar:/home/user/.m2/repository/org/apache/commons/commons-configuration2/2.1.1/commons-configuration2-2.1.1.jar:/home/user/.m2/repository/org/apache/commons/commons-lang3/3.7/commons-lang3-3.7.jar:/home/user/.m2/repository/org/apache/commons/commons-text/1.4/commons-text-1.4.jar:/home/user/.m2/repository/org/apache/avro/avro/1.7.7/avro-1.7.7.jar:/home/user/.m2/repository/com/thoughtworks/paranamer/paranamer/2.3/paranamer-2.3.jar:/home/user/.m2/repository/org/xerial/snappy/snappy-java/1.0.5/snappy-java-1.0.5.jar:/home/user/.m2/repository/com/google/re2j/re2j/1.1/re2j-1.1.jar:/home/user/.m2/repository/com/google/code/gson/gson/2.2.4/gson-2.2.4.jar:/home/user/.m2/repository/com/jcraft/jsch/0.1.54/jsch-0.1.54.jar:/home/user/.m2/repository/org/apache/curator/curator-client/2.12.0/curator-client-2.12.0.jar:/home/user/.m2/repository/org/apache/curator/curator-recipes/2.12.0/curator-recipes-2.12.0.jar:/home/user/.m2/repository/com/google/code/findbugs/jsr305/3.0.0/jsr305-3.0.0.jar:/home/user/.m2/repository/org/apache/htrace/htrace-core4/4.1.0-incubating/htrace-core4-4.1.0-incubating.jar:/home/user/.m2/repository/org/apache/zookeeper/zookeeper/3.4.13/zookeeper-3.4.13.jar:/home/user/.m2/repository/org/apache/yetus/audience-annotations/0.5.0/audience-annotations-0.5.0.jar:/home/user/.m2/repository/org/codehaus/woodstox/stax2-api/3.1.4/stax2-api-3.1.4.jar:/home/user/.m2/repository/com/fasterxml/woodstox/woodstox-core/5.0.3/woodstox-core-5.0.3.jar:/home/user/.m2/repository/dnsjava/dnsjava/2.1.7/dnsjava-2.1.7.jar:/home/user/.m2/repository/org/apache/hadoop/hadoop-hdfs/3.2.0/hadoop-hdfs-3.2.0-tests.jar:/home/user/.m2/repository/org/eclipse/jetty/jetty-util-ajax/9.3.24.v20180605/jetty-util-ajax-9.3.24.v20180605.jar:/home/user/.m2/repository/commons-daemon/commons-daemon/1.0.13/commons-daemon-1.0.13.jar:/home/user/.m2/repository/io/netty/netty/3.10.5.Final/netty-3.10.5.Final.jar:/home/user/.m2/repository/io/netty/netty-all/4.0.52.Final/netty-all-4.0.52.Final.jar:/home/user/.m2/repository/org/fusesource/leveldbjni/leveldbjni-all/1.8/leveldbjni-all-1.8.jar:"/>
    <property name="java.vm.vendor" value="IcedTea"/>
    <property name="sun.arch.data.model" value="64"/>
    <property name="test.build.dir" value="/workdir/hadoop-ozone/integration-test/target/test-dir"/>
    <property name="test.cache.data" value=""/>
    <property name="java.vendor.url" value="https://icedtea.classpath.org"/>
    <property name="user.timezone" value=""/>
    <property name="java.vm.specification.version" value="1.8"/>
    <property name="os.name" value="Linux"/>
    <property name="test.build.data" value="/workdir/hadoop-ozone/integration-test/target/test-dir"/>
    <property name="user.country" value="US"/>
    <property name="sun.java.launcher" value="SUN_STANDARD"/>
    <property name="sun.boot.library.path" value="/usr/lib/jvm/java-1.8-openjdk/jre/lib/amd64"/>
    <property name="sun.java.command" value="/workdir/hadoop-ozone/integration-test/target/surefire/surefirebooter2000964894168888220.jar /workdir/hadoop-ozone/integration-test/target/surefire 2019-08-28T06-31-22_002-jvmRun1 surefire897920950906827573tmp surefire_169056731080475963332tmp"/>
    <property name="test" value="!TestMiniChaosOzoneCluster"/>
    <property name="surefire.test.class.path" value="/workdir/hadoop-ozone/integration-test/target/test-classes:/workdir/hadoop-ozone/integration-test/target/classes:/home/user/.m2/repository/org/apache/hadoop/hadoop-ozone-common/0.5.0-SNAPSHOT/hadoop-ozone-common-0.5.0-SNAPSHOT.jar:/home/user/.m2/repository/org/apache/commons/commons-compress/1.4.1/commons-compress-1.4.1.jar:/home/user/.m2/repository/org/tukaani/xz/1.0/xz-1.0.jar:/home/user/.m2/repository/org/apache/hadoop/hadoop-common/3.2.0/hadoop-common-3.2.0.jar:/home/user/.m2/repository/org/apache/hadoop/hadoop-hdfs/3.2.0/hadoop-hdfs-3.2.0.jar:/home/user/.m2/repository/org/apache/hadoop/hadoop-hdfs-client/3.2.0/hadoop-hdfs-client-3.2.0.jar:/home/user/.m2/repository/com/fasterxml/jackson/core/jackson-annotations/2.9.5/jackson-annotations-2.9.5.jar:/home/user/.m2/repository/org/apache/hadoop/hadoop-hdds-common/0.5.0-SNAPSHOT/hadoop-hdds-common-0.5.0-SNAPSHOT.jar:/home/user/.m2/repository/javax/annotation/javax.annotation-api/1.2/javax.annotation-api-1.2.jar:/home/user/.m2/repository/org/apache/ratis/ratis-server/0.4.0-2337318-SNAPSHOT/ratis-server-0.4.0-2337318-SNAPSHOT.jar:/home/user/.m2/repository/org/apache/ratis/ratis-thirdparty-misc/0.2.0/ratis-thirdparty-misc-0.2.0.jar:/home/user/.m2/repository/org/apache/ratis/ratis-proto/0.4.0-2337318-SNAPSHOT/ratis-proto-0.4.0-2337318-SNAPSHOT.jar:/home/user/.m2/repository/org/apache/ratis/ratis-common/0.4.0-2337318-SNAPSHOT/ratis-common-0.4.0-2337318-SNAPSHOT.jar:/home/user/.m2/repository/org/apache/ratis/ratis-client/0.4.0-2337318-SNAPSHOT/ratis-client-0.4.0-2337318-SNAPSHOT.jar:/home/user/.m2/repository/org/apache/ratis/ratis-metrics/0.4.0-2337318-SNAPSHOT/ratis-metrics-0.4.0-2337318-SNAPSHOT.jar:/home/user/.m2/repository/org/apache/ratis/ratis-netty/0.4.0-2337318-SNAPSHOT/ratis-netty-0.4.0-2337318-SNAPSHOT.jar:/home/user/.m2/repository/org/apache/ratis/ratis-grpc/0.4.0-2337318-SNAPSHOT/ratis-grpc-0.4.0-2337318-SNAPSHOT.jar:/home/user/.m2/repository/org/rocksdb/rocksdbjni/6.0.1/rocksdbjni-6.0.1.jar:/home/user/.m2/repository/org/apache/logging/log4j/log4j-api/2.11.0/log4j-api-2.11.0.jar:/home/user/.m2/repository/org/apache/logging/log4j/log4j-core/2.11.0/log4j-core-2.11.0.jar:/home/user/.m2/repository/com/lmax/disruptor/3.4.2/disruptor-3.4.2.jar:/home/user/.m2/repository/org/apache/commons/commons-pool2/2.6.0/commons-pool2-2.6.0.jar:/home/user/.m2/repository/org/bouncycastle/bcpkix-jdk15on/1.60/bcpkix-jdk15on-1.60.jar:/home/user/.m2/repository/commons-validator/commons-validator/1.6/commons-validator-1.6.jar:/home/user/.m2/repository/commons-digester/commons-digester/1.8.1/commons-digester-1.8.1.jar:/home/user/.m2/repository/io/jaegertracing/jaeger-client/0.33.1/jaeger-client-0.33.1.jar:/home/user/.m2/repository/io/jaegertracing/jaeger-thrift/0.33.1/jaeger-thrift-0.33.1.jar:/home/user/.m2/repository/org/apache/thrift/libthrift/0.11.0/libthrift-0.11.0.jar:/home/user/.m2/repository/com/squareup/okhttp3/okhttp/3.9.0/okhttp-3.9.0.jar:/home/user/.m2/repository/com/squareup/okio/okio/1.13.0/okio-1.13.0.jar:/home/user/.m2/repository/io/jaegertracing/jaeger-core/0.33.1/jaeger-core-0.33.1.jar:/home/user/.m2/repository/io/jaegertracing/jaeger-tracerresolver/0.33.1/jaeger-tracerresolver-0.33.1.jar:/home/user/.m2/repository/io/opentracing/contrib/opentracing-tracerresolver/0.1.5/opentracing-tracerresolver-0.1.5.jar:/home/user/.m2/repository/io/opentracing/opentracing-util/0.31.0/opentracing-util-0.31.0.jar:/home/user/.m2/repository/io/opentracing/opentracing-api/0.31.0/opentracing-api-0.31.0.jar:/home/user/.m2/repository/io/opentracing/opentracing-noop/0.31.0/opentracing-noop-0.31.0.jar:/home/user/.m2/repository/org/apache/hadoop/hadoop-hdds-server-framework/0.5.0-SNAPSHOT/hadoop-hdds-server-framework-0.5.0-SNAPSHOT.jar:/home/user/.m2/repository/org/apache/hadoop/hadoop-hdds-container-service/0.5.0-SNAPSHOT/hadoop-hdds-container-service-0.5.0-SNAPSHOT.jar:/home/user/.m2/repository/org/apache/hadoop/hadoop-hdds-client/0.5.0-SNAPSHOT/hadoop-hdds-client-0.5.0-SNAPSHOT.jar:/home/user/.m2/repository/org/apache/hadoop/hadoop-hdds-tools/0.5.0-SNAPSHOT/hadoop-hdds-tools-0.5.0-SNAPSHOT.jar:/home/user/.m2/repository/org/apache/hadoop/hadoop-hdds-server-scm/0.5.0-SNAPSHOT/hadoop-hdds-server-scm-0.5.0-SNAPSHOT.jar:/home/user/.m2/repository/org/apache/hadoop/hadoop-hdds-docs/0.5.0-SNAPSHOT/hadoop-hdds-docs-0.5.0-SNAPSHOT.jar:/home/user/.m2/repository/io/dropwizard/metrics/metrics-core/3.2.4/metrics-core-3.2.4.jar:/home/user/.m2/repository/org/hamcrest/hamcrest-all/1.3/hamcrest-all-1.3.jar:/home/user/.m2/repository/org/bouncycastle/bcprov-jdk15on/1.60/bcprov-jdk15on-1.60.jar:/home/user/.m2/repository/info/picocli/picocli/3.9.6/picocli-3.9.6.jar:/home/user/.m2/repository/com/google/protobuf/protobuf-java/2.5.0/protobuf-java-2.5.0.jar:/home/user/.m2/repository/com/google/guava/guava/11.0.2/guava-11.0.2.jar:/home/user/.m2/repository/org/apache/hadoop/hadoop-ozone-ozone-manager/0.5.0-SNAPSHOT/hadoop-ozone-ozone-manager-0.5.0-SNAPSHOT.jar:/home/user/.m2/repository/org/apache/hadoop/hadoop-minikdc/3.2.0/hadoop-minikdc-3.2.0.jar:/home/user/.m2/repository/commons-io/commons-io/2.5/commons-io-2.5.jar:/home/user/.m2/repository/org/apache/kerby/kerb-simplekdc/1.0.1/kerb-simplekdc-1.0.1.jar:/home/user/.m2/repository/org/apache/kerby/kerb-client/1.0.1/kerb-client-1.0.1.jar:/home/user/.m2/repository/org/apache/kerby/kerby-config/1.0.1/kerby-config-1.0.1.jar:/home/user/.m2/repository/org/apache/kerby/kerb-core/1.0.1/kerb-core-1.0.1.jar:/home/user/.m2/repository/org/apache/kerby/kerby-pkix/1.0.1/kerby-pkix-1.0.1.jar:/home/user/.m2/repository/org/apache/kerby/kerby-asn1/1.0.1/kerby-asn1-1.0.1.jar:/home/user/.m2/repository/org/apache/kerby/kerby-util/1.0.1/kerby-util-1.0.1.jar:/home/user/.m2/repository/org/apache/kerby/kerb-common/1.0.1/kerb-common-1.0.1.jar:/home/user/.m2/repository/org/apache/kerby/kerb-crypto/1.0.1/kerb-crypto-1.0.1.jar:/home/user/.m2/repository/org/apache/kerby/kerb-util/1.0.1/kerb-util-1.0.1.jar:/home/user/.m2/repository/org/apache/kerby/token-provider/1.0.1/token-provider-1.0.1.jar:/home/user/.m2/repository/org/apache/kerby/kerb-admin/1.0.1/kerb-admin-1.0.1.jar:/home/user/.m2/repository/org/apache/kerby/kerb-server/1.0.1/kerb-server-1.0.1.jar:/home/user/.m2/repository/org/apache/kerby/kerb-identity/1.0.1/kerb-identity-1.0.1.jar:/home/user/.m2/repository/org/apache/kerby/kerby-xdr/1.0.1/kerby-xdr-1.0.1.jar:/home/user/.m2/repository/org/slf4j/slf4j-log4j12/1.7.25/slf4j-log4j12-1.7.25.jar:/home/user/.m2/repository/org/apache/hadoop/hadoop-ozone-objectstore-service/0.5.0-SNAPSHOT/hadoop-ozone-objectstore-service-0.5.0-SNAPSHOT.jar:/home/user/.m2/repository/org/apache/hadoop/hadoop-ozone-s3gateway/0.5.0-SNAPSHOT/hadoop-ozone-s3gateway-0.5.0-SNAPSHOT.jar:/home/user/.m2/repository/org/jboss/weld/servlet/weld-servlet/2.4.7.Final/weld-servlet-2.4.7.Final.jar:/home/user/.m2/repository/org/glassfish/jersey/containers/jersey-container-servlet-core/2.27/jersey-container-servlet-core-2.27.jar:/home/user/.m2/repository/org/glassfish/hk2/external/javax.inject/2.5.0-b42/javax.inject-2.5.0-b42.jar:/home/user/.m2/repository/org/glassfish/jersey/core/jersey-common/2.27/jersey-common-2.27.jar:/home/user/.m2/repository/org/glassfish/hk2/osgi-resource-locator/1.0.1/osgi-resource-locator-1.0.1.jar:/home/user/.m2/repository/javax/ws/rs/javax.ws.rs-api/2.1/javax.ws.rs-api-2.1.jar:/home/user/.m2/repository/org/glassfish/jersey/ext/cdi/jersey-cdi1x/2.27/jersey-cdi1x-2.27.jar:/home/user/.m2/repository/org/glassfish/jersey/inject/jersey-hk2/2.27/jersey-hk2-2.27.jar:/home/user/.m2/repository/org/glassfish/hk2/hk2-locator/2.5.0-b42/hk2-locator-2.5.0-b42.jar:/home/user/.m2/repository/org/javassist/javassist/3.22.0-CR2/javassist-3.22.0-CR2.jar:/home/user/.m2/repository/org/glassfish/hk2/hk2-api/2.5.0/hk2-api-2.5.0.jar:/home/user/.m2/repository/org/glassfish/hk2/external/jakarta.inject/2.5.0/jakarta.inject-2.5.0.jar:/home/user/.m2/repository/org/glassfish/hk2/hk2-utils/2.5.0/hk2-utils-2.5.0.jar:/home/user/.m2/repository/jakarta/annotation/jakarta.annotation-api/1.3.4/jakarta.annotation-api-1.3.4.jar:/home/user/.m2/repository/org/glassfish/hk2/external/aopalliance-repackaged/2.5.0/aopalliance-repackaged-2.5.0.jar:/home/user/.m2/repository/com/fasterxml/jackson/dataformat/jackson-dataformat-xml/2.9.0/jackson-dataformat-xml-2.9.0.jar:/home/user/.m2/repository/com/fasterxml/jackson/core/jackson-core/2.9.5/jackson-core-2.9.5.jar:/home/user/.m2/repository/com/fasterxml/jackson/module/jackson-module-jaxb-annotations/2.9.5/jackson-module-jaxb-annotations-2.9.5.jar:/home/user/.m2/repository/javax/enterprise/cdi-api/1.2/cdi-api-1.2.jar:/home/user/.m2/repository/javax/el/javax.el-api/3.0.0/javax.el-api-3.0.0.jar:/home/user/.m2/repository/javax/interceptor/javax.interceptor-api/1.2/javax.interceptor-api-1.2.jar:/home/user/.m2/repository/javax/inject/javax.inject/1/javax.inject-1.jar:/home/user/.m2/repository/com/sun/xml/bind/jaxb-impl/2.3.0.1/jaxb-impl-2.3.0.1.jar:/home/user/.m2/repository/com/sun/xml/bind/jaxb-core/2.3.0.1/jaxb-core-2.3.0.1.jar:/home/user/.m2/repository/javax/xml/bind/jaxb-api/2.3.0/jaxb-api-2.3.0.jar:/home/user/.m2/repository/javax/activation/activation/1.1.1/activation-1.1.1.jar:/home/user/.m2/repository/org/apache/hadoop/hadoop-ozone-csi/0.5.0-SNAPSHOT/hadoop-ozone-csi-0.5.0-SNAPSHOT.jar:/home/user/.m2/repository/com/google/protobuf/protobuf-java-util/3.5.1/protobuf-java-util-3.5.1.jar:/home/user/.m2/repository/org/apache/hadoop/hadoop-hdds-config/0.5.0-SNAPSHOT/hadoop-hdds-config-0.5.0-SNAPSHOT.jar:/home/user/.m2/repository/io/grpc/grpc-netty/1.17.1/grpc-netty-1.17.1.jar:/home/user/.m2/repository/io/grpc/grpc-core/1.17.1/grpc-core-1.17.1.jar:/home/user/.m2/repository/io/grpc/grpc-context/1.17.1/grpc-context-1.17.1.jar:/home/user/.m2/repository/com/google/errorprone/error_prone_annotations/2.2.0/error_prone_annotations-2.2.0.jar:/home/user/.m2/repository/org/codehaus/mojo/animal-sniffer-annotations/1.17/animal-sniffer-annotations-1.17.jar:/home/user/.m2/repository/io/opencensus/opencensus-api/0.17.0/opencensus-api-0.17.0.jar:/home/user/.m2/repository/io/opencensus/opencensus-contrib-grpc-metrics/0.17.0/opencensus-contrib-grpc-metrics-0.17.0.jar:/home/user/.m2/repository/io/netty/netty-codec-http2/4.1.30.Final/netty-codec-http2-4.1.30.Final.jar:/home/user/.m2/repository/io/netty/netty-codec-http/4.1.30.Final/netty-codec-http-4.1.30.Final.jar:/home/user/.m2/repository/io/netty/netty-codec/4.1.30.Final/netty-codec-4.1.30.Final.jar:/home/user/.m2/repository/io/netty/netty-handler/4.1.30.Final/netty-handler-4.1.30.Final.jar:/home/user/.m2/repository/io/netty/netty-handler-proxy/4.1.30.Final/netty-handler-proxy-4.1.30.Final.jar:/home/user/.m2/repository/io/netty/netty-codec-socks/4.1.30.Final/netty-codec-socks-4.1.30.Final.jar:/home/user/.m2/repository/io/netty/netty-transport-native-epoll/4.1.30.Final/netty-transport-native-epoll-4.1.30.Final.jar:/home/user/.m2/repository/io/netty/netty-common/4.1.30.Final/netty-common-4.1.30.Final.jar:/home/user/.m2/repository/io/netty/netty-buffer/4.1.30.Final/netty-buffer-4.1.30.Final.jar:/home/user/.m2/repository/io/netty/netty-transport/4.1.30.Final/netty-transport-4.1.30.Final.jar:/home/user/.m2/repository/io/netty/netty-resolver/4.1.30.Final/netty-resolver-4.1.30.Final.jar:/home/user/.m2/repository/io/netty/netty-transport-native-unix-common/4.1.30.Final/netty-transport-native-unix-common-4.1.30.Final.jar:/home/user/.m2/repository/io/grpc/grpc-protobuf/1.17.1/grpc-protobuf-1.17.1.jar:/home/user/.m2/repository/com/google/api/grpc/proto-google-common-protos/1.0.0/proto-google-common-protos-1.0.0.jar:/home/user/.m2/repository/io/grpc/grpc-protobuf-lite/1.17.1/grpc-protobuf-lite-1.17.1.jar:/home/user/.m2/repository/io/grpc/grpc-stub/1.17.1/grpc-stub-1.17.1.jar:/home/user/.m2/repository/org/apache/hadoop/hadoop-ozone-recon/0.5.0-SNAPSHOT/hadoop-ozone-recon-0.5.0-SNAPSHOT.jar:/home/user/.m2/repository/org/apache/hadoop/hadoop-ozone-reconcodegen/0.5.0-SNAPSHOT/hadoop-ozone-reconcodegen-0.5.0-SNAPSHOT.jar:/home/user/.m2/repository/com/google/inject/extensions/guice-multibindings/4.0/guice-multibindings-4.0.jar:/home/user/.m2/repository/com/google/inject/guice/4.0/guice-4.0.jar:/home/user/.m2/repository/aopalliance/aopalliance/1.0/aopalliance-1.0.jar:/home/user/.m2/repository/com/google/inject/extensions/guice-servlet/4.0/guice-servlet-4.0.jar:/home/user/.m2/repository/org/glassfish/jersey/containers/jersey-container-servlet/2.27/jersey-container-servlet-2.27.jar:/home/user/.m2/repository/org/glassfish/hk2/guice-bridge/2.5.0/guice-bridge-2.5.0.jar:/home/user/.m2/repository/org/glassfish/jersey/core/jersey-server/2.27/jersey-server-2.27.jar:/home/user/.m2/repository/org/glassfish/jersey/core/jersey-client/2.27/jersey-client-2.27.jar:/home/user/.m2/repository/org/glassfish/jersey/media/jersey-media-jaxb/2.27/jersey-media-jaxb-2.27.jar:/home/user/.m2/repository/javax/validation/validation-api/1.1.0.Final/validation-api-1.1.0.Final.jar:/home/user/.m2/repository/org/glassfish/jersey/media/jersey-media-json-jackson/2.27/jersey-media-json-jackson-2.27.jar:/home/user/.m2/repository/org/glassfish/jersey/ext/jersey-entity-filtering/2.27/jersey-entity-filtering-2.27.jar:/home/user/.m2/repository/com/google/inject/extensions/guice-assistedinject/4.0/guice-assistedinject-4.0.jar:/home/user/.m2/repository/org/jooq/jooq/3.11.10/jooq-3.11.10.jar:/home/user/.m2/repository/org/jooq/jooq-meta/3.11.10/jooq-meta-3.11.10.jar:/home/user/.m2/repository/org/jooq/jooq-codegen/3.11.10/jooq-codegen-3.11.10.jar:/home/user/.m2/repository/com/jolbox/bonecp/0.8.0.RELEASE/bonecp-0.8.0.RELEASE.jar:/home/user/.m2/repository/org/xerial/sqlite-jdbc/3.25.2/sqlite-jdbc-3.25.2.jar:/home/user/.m2/repository/org/springframework/spring-jdbc/5.1.3.RELEASE/spring-jdbc-5.1.3.RELEASE.jar:/home/user/.m2/repository/org/springframework/spring-beans/5.1.3.RELEASE/spring-beans-5.1.3.RELEASE.jar:/home/user/.m2/repository/org/springframework/spring-core/5.1.3.RELEASE/spring-core-5.1.3.RELEASE.jar:/home/user/.m2/repository/org/springframework/spring-jcl/5.1.3.RELEASE/spring-jcl-5.1.3.RELEASE.jar:/home/user/.m2/repository/org/springframework/spring-tx/5.1.3.RELEASE/spring-tx-5.1.3.RELEASE.jar:/home/user/.m2/repository/org/apache/hadoop/hadoop-ozone-client/0.5.0-SNAPSHOT/hadoop-ozone-client-0.5.0-SNAPSHOT.jar:/home/user/.m2/repository/commons-lang/commons-lang/2.6/commons-lang-2.6.jar:/home/user/.m2/repository/org/apache/hadoop/hadoop-ozone-ozone-manager/0.5.0-SNAPSHOT/hadoop-ozone-ozone-manager-0.5.0-SNAPSHOT-tests.jar:/home/user/.m2/repository/junit/junit/4.11/junit-4.11.jar:/home/user/.m2/repository/org/hamcrest/hamcrest-core/1.3/hamcrest-core-1.3.jar:/home/user/.m2/repository/org/openjdk/jmh/jmh-core/1.19/jmh-core-1.19.jar:/home/user/.m2/repository/net/sf/jopt-simple/jopt-simple/4.6/jopt-simple-4.6.jar:/home/user/.m2/repository/org/apache/commons/commons-math3/3.1.1/commons-math3-3.1.1.jar:/home/user/.m2/repository/org/openjdk/jmh/jmh-generator-annprocess/1.19/jmh-generator-annprocess-1.19.jar:/home/user/.m2/repository/org/mockito/mockito-all/1.8.5/mockito-all-1.8.5.jar:/home/user/.m2/repository/org/apache/hadoop/hadoop-kms/3.2.0/hadoop-kms-3.2.0.jar:/home/user/.m2/repository/org/apache/hadoop/hadoop-auth/3.2.0/hadoop-auth-3.2.0.jar:/home/user/.m2/repository/com/nimbusds/nimbus-jose-jwt/4.41.1/nimbus-jose-jwt-4.41.1.jar:/home/user/.m2/repository/com/github/stephenc/jcip/jcip-annotations/1.0-1/jcip-annotations-1.0-1.jar:/home/user/.m2/repository/net/minidev/json-smart/2.3/json-smart-2.3.jar:/home/user/.m2/repository/net/minidev/accessors-smart/1.2/accessors-smart-1.2.jar:/home/user/.m2/repository/org/ow2/asm/asm/5.0.4/asm-5.0.4.jar:/home/user/.m2/repository/org/apache/curator/curator-framework/2.12.0/curator-framework-2.12.0.jar:/home/user/.m2/repository/com/sun/jersey/jersey-core/1.19/jersey-core-1.19.jar:/home/user/.m2/repository/javax/ws/rs/jsr311-api/1.1.1/jsr311-api-1.1.1.jar:/home/user/.m2/repository/com/sun/jersey/jersey-server/1.19/jersey-server-1.19.jar:/home/user/.m2/repository/javax/servlet/javax.servlet-api/3.1.0/javax.servlet-api-3.1.0.jar:/home/user/.m2/repository/org/eclipse/jetty/jetty-server/9.3.24.v20180605/jetty-server-9.3.24.v20180605.jar:/home/user/.m2/repository/org/eclipse/jetty/jetty-http/9.3.24.v20180605/jetty-http-9.3.24.v20180605.jar:/home/user/.m2/repository/org/eclipse/jetty/jetty-io/9.3.24.v20180605/jetty-io-9.3.24.v20180605.jar:/home/user/.m2/repository/org/eclipse/jetty/jetty-webapp/9.3.24.v20180605/jetty-webapp-9.3.24.v20180605.jar:/home/user/.m2/repository/org/eclipse/jetty/jetty-xml/9.3.24.v20180605/jetty-xml-9.3.24.v20180605.jar:/home/user/.m2/repository/log4j/log4j/1.2.17/log4j-1.2.17.jar:/home/user/.m2/repository/org/slf4j/slf4j-api/1.7.25/slf4j-api-1.7.25.jar:/home/user/.m2/repository/org/slf4j/jul-to-slf4j/1.7.25/jul-to-slf4j-1.7.25.jar:/home/user/.m2/repository/org/eclipse/jetty/jetty-util/9.3.24.v20180605/jetty-util-9.3.24.v20180605.jar:/home/user/.m2/repository/com/fasterxml/jackson/core/jackson-databind/2.9.5/jackson-databind-2.9.5.jar:/home/user/.m2/repository/org/apache/hadoop/hadoop-kms/3.2.0/hadoop-kms-3.2.0-tests.jar:/home/user/.m2/repository/org/apache/hadoop/hadoop-hdds-server-scm/0.5.0-SNAPSHOT/hadoop-hdds-server-scm-0.5.0-SNAPSHOT-tests.jar:/home/user/.m2/repository/org/apache/hadoop/hadoop-hdds-container-service/0.5.0-SNAPSHOT/hadoop-hdds-container-service-0.5.0-SNAPSHOT-tests.jar:/home/user/.m2/repository/org/yaml/snakeyaml/1.16/snakeyaml-1.16.jar:/home/user/.m2/repository/org/apache/hadoop/hadoop-common/3.2.0/hadoop-common-3.2.0-tests.jar:/home/user/.m2/repository/org/apache/hadoop/hadoop-annotations/3.2.0/hadoop-annotations-3.2.0.jar:/usr/lib/jvm/java-1.8-openjdk/jre/../lib/tools.jar:/home/user/.m2/repository/commons-cli/commons-cli/1.2/commons-cli-1.2.jar:/home/user/.m2/repository/org/apache/httpcomponents/httpclient/4.5.2/httpclient-4.5.2.jar:/home/user/.m2/repository/org/apache/httpcomponents/httpcore/4.4.4/httpcore-4.4.4.jar:/home/user/.m2/repository/commons-codec/commons-codec/1.11/commons-codec-1.11.jar:/home/user/.m2/repository/commons-net/commons-net/3.6/commons-net-3.6.jar:/home/user/.m2/repository/commons-collections/commons-collections/3.2.2/commons-collections-3.2.2.jar:/home/user/.m2/repository/org/eclipse/jetty/jetty-servlet/9.3.24.v20180605/jetty-servlet-9.3.24.v20180605.jar:/home/user/.m2/repository/org/eclipse/jetty/jetty-security/9.3.24.v20180605/jetty-security-9.3.24.v20180605.jar:/home/user/.m2/repository/javax/servlet/jsp/jsp-api/2.1/jsp-api-2.1.jar:/home/user/.m2/repository/com/sun/jersey/jersey-servlet/1.19/jersey-servlet-1.19.jar:/home/user/.m2/repository/com/sun/jersey/jersey-json/1.19/jersey-json-1.19.jar:/home/user/.m2/repository/org/codehaus/jettison/jettison/1.1/jettison-1.1.jar:/home/user/.m2/repository/org/codehaus/jackson/jackson-core-asl/1.9.13/jackson-core-asl-1.9.13.jar:/home/user/.m2/repository/org/codehaus/jackson/jackson-mapper-asl/1.9.13/jackson-mapper-asl-1.9.13.jar:/home/user/.m2/repository/org/codehaus/jackson/jackson-jaxrs/1.9.13/jackson-jaxrs-1.9.13.jar:/home/user/.m2/repository/org/codehaus/jackson/jackson-xc/1.9.13/jackson-xc-1.9.13.jar:/home/user/.m2/repository/commons-logging/commons-logging/1.1.3/commons-logging-1.1.3.jar:/home/user/.m2/repository/commons-beanutils/commons-beanutils/1.9.3/commons-beanutils-1.9.3.jar:/home/user/.m2/repository/org/apache/commons/commons-configuration2/2.1.1/commons-configuration2-2.1.1.jar:/home/user/.m2/repository/org/apache/commons/commons-lang3/3.7/commons-lang3-3.7.jar:/home/user/.m2/repository/org/apache/commons/commons-text/1.4/commons-text-1.4.jar:/home/user/.m2/repository/org/apache/avro/avro/1.7.7/avro-1.7.7.jar:/home/user/.m2/repository/com/thoughtworks/paranamer/paranamer/2.3/paranamer-2.3.jar:/home/user/.m2/repository/org/xerial/snappy/snappy-java/1.0.5/snappy-java-1.0.5.jar:/home/user/.m2/repository/com/google/re2j/re2j/1.1/re2j-1.1.jar:/home/user/.m2/repository/com/google/code/gson/gson/2.2.4/gson-2.2.4.jar:/home/user/.m2/repository/com/jcraft/jsch/0.1.54/jsch-0.1.54.jar:/home/user/.m2/repository/org/apache/curator/curator-client/2.12.0/curator-client-2.12.0.jar:/home/user/.m2/repository/org/apache/curator/curator-recipes/2.12.0/curator-recipes-2.12.0.jar:/home/user/.m2/repository/com/google/code/findbugs/jsr305/3.0.0/jsr305-3.0.0.jar:/home/user/.m2/repository/org/apache/htrace/htrace-core4/4.1.0-incubating/htrace-core4-4.1.0-incubating.jar:/home/user/.m2/repository/org/apache/zookeeper/zookeeper/3.4.13/zookeeper-3.4.13.jar:/home/user/.m2/repository/org/apache/yetus/audience-annotations/0.5.0/audience-annotations-0.5.0.jar:/home/user/.m2/repository/org/codehaus/woodstox/stax2-api/3.1.4/stax2-api-3.1.4.jar:/home/user/.m2/repository/com/fasterxml/woodstox/woodstox-core/5.0.3/woodstox-core-5.0.3.jar:/home/user/.m2/repository/dnsjava/dnsjava/2.1.7/dnsjava-2.1.7.jar:/home/user/.m2/repository/org/apache/hadoop/hadoop-hdfs/3.2.0/hadoop-hdfs-3.2.0-tests.jar:/home/user/.m2/repository/org/eclipse/jetty/jetty-util-ajax/9.3.24.v20180605/jetty-util-ajax-9.3.24.v20180605.jar:/home/user/.m2/repository/commons-daemon/commons-daemon/1.0.13/commons-daemon-1.0.13.jar:/home/user/.m2/repository/io/netty/netty/3.10.5.Final/netty-3.10.5.Final.jar:/home/user/.m2/repository/io/netty/netty-all/4.0.52.Final/netty-all-4.0.52.Final.jar:/home/user/.m2/repository/org/fusesource/leveldbjni/leveldbjni-all/1.8/leveldbjni-all-1.8.jar:"/>
    <property name="sun.cpu.endian" value="little"/>
    <property name="user.home" value="/home/user"/>
    <property name="user.language" value="en"/>
    <property name="java.specification.vendor" value="Oracle Corporation"/>
    <property name="java.home" value="/usr/lib/jvm/java-1.8-openjdk/jre"/>
    <property name="java.security.krb5.conf" value="/workdir/hadoop-ozone/integration-test/target/test-classes/krb5.conf"/>
    <property name="basedir" value="/workdir/hadoop-ozone/integration-test"/>
    <property name="file.separator" value="/"/>
    <property name="line.separator" value="&#10;"/>
    <property name="java.vm.specification.vendor" value="Oracle Corporation"/>
    <property name="java.specification.name" value="Java Platform API Specification"/>
    <property name="java.awt.graphicsenv" value="sun.awt.X11GraphicsEnvironment"/>
    <property name="surefire.real.class.path" value="/workdir/hadoop-ozone/integration-test/target/surefire/surefirebooter2000964894168888220.jar"/>
    <property name="hadoop.log.dir" value="/workdir/hadoop-ozone/integration-test/target/log"/>
    <property name="sun.boot.class.path" value="/usr/lib/jvm/java-1.8-openjdk/jre/lib/resources.jar:/usr/lib/jvm/java-1.8-openjdk/jre/lib/rt.jar:/usr/lib/jvm/java-1.8-openjdk/jre/lib/sunrsasign.jar:/usr/lib/jvm/java-1.8-openjdk/jre/lib/jsse.jar:/usr/lib/jvm/java-1.8-openjdk/jre/lib/jce.jar:/usr/lib/jvm/java-1.8-openjdk/jre/lib/charsets.jar:/usr/lib/jvm/java-1.8-openjdk/jre/lib/jfr.jar:/usr/lib/jvm/java-1.8-openjdk/jre/classes"/>
    <property name="sun.management.compiler" value="HotSpot 64-Bit Tiered Compilers"/>
    <property name="java.runtime.version" value="1.8.0_212-b04"/>
    <property name="java.net.preferIPv4Stack" value="true"/>
    <property name="user.name" value="jenkins1000"/>
    <property name="path.separator" value=":"/>
    <property name="java.security.egd" value="file:///dev/urandom"/>
    <property name="os.version" value="3.10.0-957.12.2.el7.x86_64"/>
    <property name="java.endorsed.dirs" value="/usr/lib/jvm/java-1.8-openjdk/jre/lib/endorsed"/>
    <property name="java.runtime.name" value="OpenJDK Runtime Environment"/>
    <property name="file.encoding" value="UTF-8"/>
    <property name="java.vm.name" value="OpenJDK 64-Bit Server VM"/>
    <property name="test.build.webapps" value=""/>
    <property name="localRepository" value="/home/user/.m2/repository"/>
    <property name="java.vendor.url.bug" value="https://icedtea.classpath.org/bugzilla"/>
    <property name="java.io.tmpdir" value="/tmp"/>
    <property name="require.test.libhadoop" value=""/>
    <property name="java.version" value="1.8.0_212"/>
    <property name="user.dir" value="/workdir/hadoop-ozone/integration-test"/>
    <property name="os.arch" value="amd64"/>
    <property name="java.vm.specification.name" value="Java Virtual Machine Specification"/>
    <property name="test.build.classes" value="/workdir/hadoop-ozone/integration-test/target/test-classes"/>
    <property name="java.awt.printerjob" value="sun.print.PSPrinterJob"/>
    <property name="sun.os.patch.level" value="unknown"/>
    <property name="hadoop.tmp.dir" value="/workdir/hadoop-ozone/integration-test/target/tmp"/>
    <property name="java.library.path" value="/usr/lib/jvm/java-1.8-openjdk/jre/lib/amd64/server:/usr/lib/jvm/java-1.8-openjdk/jre/lib/amd64:/usr/lib/jvm/java-1.8-openjdk/jre/../lib/amd64:/workdir/hadoop-ozone/integration-test/target/native/target/usr/local/lib:/workdir/hadoop-ozone/integration-test/../../hadoop-common-project/hadoop-common/target/native/target/usr/local/lib:/usr/java/packages/lib/amd64:/usr/lib64:/lib64:/lib:/usr/lib"/>
    <property name="java.vm.info" value="mixed mode"/>
    <property name="java.vendor" value="IcedTea"/>
    <property name="java.vm.version" value="25.212-b04"/>
    <property name="java.ext.dirs" value="/usr/lib/jvm/java-1.8-openjdk/jre/lib/ext:/usr/java/packages/lib/ext"/>
    <property name="sun.io.unicode.encoding" value="UnicodeLittle"/>
    <property name="java.class.version" value="52.0"/>
  </properties>
  <testcase name="test2DatanodesFailure" classname="org.apache.hadoop.ozone.client.rpc.TestBlockOutputStreamWithFailures" time="104.629"/>
  <testcase name="testDatanodeFailureWithPreAllocation" classname="org.apache.hadoop.ozone.client.rpc.TestBlockOutputStreamWithFailures" time="225.429"/>
  <testcase name="testDatanodeFailureWithSingleNodeRatis" classname="org.apache.hadoop.ozone.client.rpc.TestBlockOutputStreamWithFailures" time="225.077"/>
  <testcase name="testWatchForCommitWithSingleNodeRatis" classname="org.apache.hadoop.ozone.client.rpc.TestBlockOutputStreamWithFailures" time="34.183"/>
  <testcase name="testWatchForCommitDatanodeFailure" classname="org.apache.hadoop.ozone.client.rpc.TestBlockOutputStreamWithFailures" time="42.789">
    <failure message="expected:&lt;2&gt; but was:&lt;3&gt;" type="java.lang.AssertionError"><![CDATA[java.lang.AssertionError: expected:<2> but was:<3>
	at org.junit.Assert.fail(Assert.java:88)
	at org.junit.Assert.failNotEquals(Assert.java:743)
	at org.junit.Assert.assertEquals(Assert.java:118)
	at org.junit.Assert.assertEquals(Assert.java:555)
	at org.junit.Assert.assertEquals(Assert.java:542)
	at org.apache.hadoop.ozone.client.rpc.TestBlockOutputStreamWithFailures.testWatchForCommitDatanodeFailure(TestBlockOutputStreamWithFailures.java:366)
	at sun.reflect.NativeMethodAccessorImpl.invoke0(Native Method)
	at sun.reflect.NativeMethodAccessorImpl.invoke(NativeMethodAccessorImpl.java:62)
	at sun.reflect.DelegatingMethodAccessorImpl.invoke(DelegatingMethodAccessorImpl.java:43)
	at java.lang.reflect.Method.invoke(Method.java:498)
	at org.junit.runners.model.FrameworkMethod$1.runReflectiveCall(FrameworkMethod.java:47)
	at org.junit.internal.runners.model.ReflectiveCallable.run(ReflectiveCallable.java:12)
	at org.junit.runners.model.FrameworkMethod.invokeExplosively(FrameworkMethod.java:44)
	at org.junit.internal.runners.statements.InvokeMethod.evaluate(InvokeMethod.java:17)
	at org.junit.internal.runners.statements.RunBefores.evaluate(RunBefores.java:26)
	at org.junit.internal.runners.statements.RunAfters.evaluate(RunAfters.java:27)
	at org.junit.runners.ParentRunner.runLeaf(ParentRunner.java:271)
	at org.junit.runners.BlockJUnit4ClassRunner.runChild(BlockJUnit4ClassRunner.java:70)
	at org.junit.runners.BlockJUnit4ClassRunner.runChild(BlockJUnit4ClassRunner.java:50)
	at org.junit.runners.ParentRunner$3.run(ParentRunner.java:238)
	at org.junit.runners.ParentRunner$1.schedule(ParentRunner.java:63)
	at org.junit.runners.ParentRunner.runChildren(ParentRunner.java:236)
	at org.junit.runners.ParentRunner.access$000(ParentRunner.java:53)
	at org.junit.runners.ParentRunner$2.evaluate(ParentRunner.java:229)
	at org.junit.runners.ParentRunner.run(ParentRunner.java:309)
	at org.apache.maven.surefire.junit4.JUnit4Provider.execute(JUnit4Provider.java:365)
	at org.apache.maven.surefire.junit4.JUnit4Provider.executeWithRerun(JUnit4Provider.java:273)
	at org.apache.maven.surefire.junit4.JUnit4Provider.executeTestSet(JUnit4Provider.java:238)
	at org.apache.maven.surefire.junit4.JUnit4Provider.invoke(JUnit4Provider.java:159)
	at org.apache.maven.surefire.booter.ForkedBooter.invokeProviderInSameClassLoader(ForkedBooter.java:384)
	at org.apache.maven.surefire.booter.ForkedBooter.runSuitesInProcess(ForkedBooter.java:345)
	at org.apache.maven.surefire.booter.ForkedBooter.execute(ForkedBooter.java:126)
	at org.apache.maven.surefire.booter.ForkedBooter.main(ForkedBooter.java:418)
]]></failure>
    <system-out><![CDATA[2019-08-28 06:53:46,550 [main] WARN  server.ServerUtils (ServerUtils.java:getScmDbDir(145)) - ozone.scm.db.dirs is not configured. We recommend adding this setting. Falling back to ozone.metadata.dirs instead.
2019-08-28 06:53:46,557 [main] WARN  server.ServerUtils (ServerUtils.java:getScmDbDir(145)) - ozone.scm.db.dirs is not configured. We recommend adding this setting. Falling back to ozone.metadata.dirs instead.
2019-08-28 06:53:46,558 [main] WARN  server.ServerUtils (ServerUtils.java:getScmDbDir(145)) - ozone.scm.db.dirs is not configured. We recommend adding this setting. Falling back to ozone.metadata.dirs instead.
2019-08-28 06:53:46,558 [main] INFO  db.DBStoreBuilder (DBStoreBuilder.java:addTable(110)) - using custom profile for table: deletedBlocks
2019-08-28 06:53:46,559 [main] INFO  db.DBStoreBuilder (DBStoreBuilder.java:processTables(161)) - Using default column profile:DBProfile.DISK for Table:deletedBlocks
2019-08-28 06:53:46,559 [main] INFO  db.DBStoreBuilder (DBStoreBuilder.java:addTable(110)) - using custom profile for table: validCerts
2019-08-28 06:53:46,559 [main] INFO  db.DBStoreBuilder (DBStoreBuilder.java:processTables(161)) - Using default column profile:DBProfile.DISK for Table:validCerts
2019-08-28 06:53:46,559 [main] INFO  db.DBStoreBuilder (DBStoreBuilder.java:addTable(110)) - using custom profile for table: revokedCerts
2019-08-28 06:53:46,559 [main] INFO  db.DBStoreBuilder (DBStoreBuilder.java:processTables(161)) - Using default column profile:DBProfile.DISK for Table:revokedCerts
2019-08-28 06:53:46,559 [main] INFO  db.DBStoreBuilder (DBStoreBuilder.java:addTable(110)) - using custom profile for table: default
2019-08-28 06:53:46,560 [main] INFO  db.DBStoreBuilder (DBStoreBuilder.java:processTables(167)) - Using default column profile:DBProfile.DISK for Table:default
2019-08-28 06:53:46,560 [main] INFO  db.DBStoreBuilder (DBStoreBuilder.java:getDbProfile(198)) - Using default options. DBProfile.DISK
2019-08-28 06:53:46,717 [main] INFO  net.NodeSchemaLoader (NodeSchemaLoader.java:loadSchemaFromFile(125)) - Loading file from sun.misc.CompoundEnumeration@3ed4c822
2019-08-28 06:53:46,717 [main] INFO  net.NodeSchemaLoader (NodeSchemaLoader.java:loadSchema(171)) - Loading network topology layer schema file
2019-08-28 06:53:46,723 [main] INFO  node.SCMNodeManager (SCMNodeManager.java:<init>(121)) - Entering startup safe mode.
2019-08-28 06:53:46,724 [main] INFO  algorithms.ContainerPlacementPolicyFactory (ContainerPlacementPolicyFactory.java:getPolicy(57)) - Create container placement policy of type org.apache.hadoop.hdds.scm.container.placement.algorithms.SCMContainerPlacementRandom
2019-08-28 06:53:46,724 [main] WARN  server.ServerUtils (ServerUtils.java:getScmDbDir(145)) - ozone.scm.db.dirs is not configured. We recommend adding this setting. Falling back to ozone.metadata.dirs instead.
2019-08-28 06:53:46,776 [main] INFO  pipeline.SCMPipelineManager (SCMPipelineManager.java:initializePipelineState(126)) - No pipeline exists in current db
2019-08-28 06:53:46,776 [main] WARN  server.ServerUtils (ServerUtils.java:getScmDbDir(145)) - ozone.scm.db.dirs is not configured. We recommend adding this setting. Falling back to ozone.metadata.dirs instead.
2019-08-28 06:53:46,828 [main] WARN  events.EventQueue (EventQueue.java:fireEvent(175)) - No event handler registered for event TypedEvent{payloadType=SafeModeStatus, name='SafeModeStatus'}
2019-08-28 06:53:46,829 [main] INFO  ipc.CallQueueManager (CallQueueManager.java:<init>(84)) - Using callQueue: class java.util.concurrent.LinkedBlockingQueue, queueCapacity: 2000, scheduler: class org.apache.hadoop.ipc.DefaultRpcScheduler, ipcBackoff: false.
2019-08-28 06:53:46,831 [Socket Reader #1 for port 43122] INFO  ipc.Server (Server.java:run(1074)) - Starting Socket Reader #1 for port 43122
2019-08-28 06:53:46,833 [main] INFO  ipc.CallQueueManager (CallQueueManager.java:<init>(84)) - Using callQueue: class java.util.concurrent.LinkedBlockingQueue, queueCapacity: 2000, scheduler: class org.apache.hadoop.ipc.DefaultRpcScheduler, ipcBackoff: false.
2019-08-28 06:53:46,834 [Socket Reader #1 for port 33789] INFO  ipc.Server (Server.java:run(1074)) - Starting Socket Reader #1 for port 33789
2019-08-28 06:53:46,835 [main] INFO  ipc.CallQueueManager (CallQueueManager.java:<init>(84)) - Using callQueue: class java.util.concurrent.LinkedBlockingQueue, queueCapacity: 2000, scheduler: class org.apache.hadoop.ipc.DefaultRpcScheduler, ipcBackoff: false.
2019-08-28 06:53:46,836 [Socket Reader #1 for port 46465] INFO  ipc.Server (Server.java:run(1074)) - Starting Socket Reader #1 for port 46465
2019-08-28 06:53:46,839 [main] INFO  hdfs.DFSUtil (DFSUtil.java:httpServerTemplateForNNAndJN(1641)) - Starting Web-server for scm at: http://0.0.0.0:0
2019-08-28 06:53:46,842 [main] INFO  server.AuthenticationFilter (AuthenticationFilter.java:constructSecretProvider(240)) - Unable to initialize FileSignerSecretProvider, falling back to use random secrets.
2019-08-28 06:53:46,843 [main] WARN  http.HttpRequestLog (HttpRequestLog.java:getRequestLog(97)) - Jetty request log can only be enabled using Log4j
2019-08-28 06:53:46,845 [main] INFO  http.HttpServer2 (HttpServer2.java:addGlobalFilter(975)) - Added global filter 'safety' (class=org.apache.hadoop.http.HttpServer2$QuotingInputFilter)
2019-08-28 06:53:46,846 [main] INFO  http.HttpServer2 (HttpServer2.java:addFilter(948)) - Added filter static_user_filter (class=org.apache.hadoop.http.lib.StaticUserWebFilter$StaticUserFilter) to context scm
2019-08-28 06:53:46,846 [main] INFO  http.HttpServer2 (HttpServer2.java:addFilter(958)) - Added filter static_user_filter (class=org.apache.hadoop.http.lib.StaticUserWebFilter$StaticUserFilter) to context logs
2019-08-28 06:53:46,847 [main] INFO  http.HttpServer2 (HttpServer2.java:addFilter(958)) - Added filter static_user_filter (class=org.apache.hadoop.http.lib.StaticUserWebFilter$StaticUserFilter) to context static
2019-08-28 06:53:46,849 [main] INFO  server.StorageContainerManager (StorageContainerManager.java:start(761)) - StorageContainerLocationProtocol RPC server is listening at /0.0.0.0:46465
2019-08-28 06:53:46,853 [main] WARN  impl.MetricsConfig (MetricsConfig.java:loadFirst(134)) - Cannot locate configuration: tried hadoop-metrics2-storagecontainermanager.properties,hadoop-metrics2.properties
2019-08-28 06:53:46,854 [main] INFO  impl.MetricsSystemImpl (MetricsSystemImpl.java:startTimer(374)) - Scheduled Metric snapshot period at 10 second(s).
2019-08-28 06:53:46,854 [main] INFO  impl.MetricsSystemImpl (MetricsSystemImpl.java:start(191)) - StorageContainerManager metrics system started
2019-08-28 06:53:46,947 [main] INFO  server.SCMClientProtocolServer (SCMClientProtocolServer.java:start(151)) - RPC server for Client  is listening at /0.0.0.0:46465
2019-08-28 06:53:46,947 [IPC Server Responder] INFO  ipc.Server (Server.java:run(1314)) - IPC Server Responder: starting
2019-08-28 06:53:46,948 [IPC Server listener on 46465] INFO  ipc.Server (Server.java:run(1153)) - IPC Server listener on 46465: starting
2019-08-28 06:53:46,950 [main] INFO  server.StorageContainerManager (StorageContainerManager.java:start(771)) - ScmBlockLocationProtocol RPC server is listening at /0.0.0.0:33789
2019-08-28 06:53:46,951 [main] INFO  server.SCMBlockProtocolServer (SCMBlockProtocolServer.java:start(140)) - RPC server for Block Protocol is listening at /0.0.0.0:33789
2019-08-28 06:53:46,951 [IPC Server Responder] INFO  ipc.Server (Server.java:run(1314)) - IPC Server Responder: starting
2019-08-28 06:53:46,951 [IPC Server listener on 33789] INFO  ipc.Server (Server.java:run(1153)) - IPC Server listener on 33789: starting
2019-08-28 06:53:46,954 [main] INFO  server.StorageContainerManager (StorageContainerManager.java:start(775)) - ScmDatanodeProtocl RPC server is listening at /0.0.0.0:43122
2019-08-28 06:53:46,954 [main] INFO  server.SCMDatanodeProtocolServer (SCMDatanodeProtocolServer.java:start(191)) - RPC server for DataNodes is listening at /0.0.0.0:43122
2019-08-28 06:53:46,955 [IPC Server Responder] INFO  ipc.Server (Server.java:run(1314)) - IPC Server Responder: starting
2019-08-28 06:53:46,955 [IPC Server listener on 43122] INFO  ipc.Server (Server.java:run(1153)) - IPC Server listener on 43122: starting
2019-08-28 06:53:46,958 [main] INFO  http.HttpServer2 (HttpServer2.java:bindListener(1191)) - Jetty bound to port 38480
2019-08-28 06:53:46,958 [main] INFO  server.Server (Server.java:doStart(351)) - jetty-9.3.24.v20180605, build timestamp: 2018-06-05T17:11:56Z, git hash: 84205aa28f11a4f31f2a3b86d1bba2cc8ab69827
2019-08-28 06:53:46,960 [main] INFO  handler.ContextHandler (ContextHandler.java:doStart(781)) - Started o.e.j.s.ServletContextHandler@3509f32d{/logs,file:///workdir/hadoop-ozone/integration-test/target/log,AVAILABLE}
2019-08-28 06:53:46,961 [main] INFO  handler.ContextHandler (ContextHandler.java:doStart(781)) - Started o.e.j.s.ServletContextHandler@440e2406{/static,file:///workdir/hadoop-ozone/integration-test/target/test-classes/webapps/static,AVAILABLE}
2019-08-28 06:53:46,966 [main] INFO  handler.ContextHandler (ContextHandler.java:doStart(781)) - Started o.e.j.w.WebAppContext@28d74041{/,file:///workdir/hadoop-ozone/integration-test/target/test-classes/webapps/scm/,AVAILABLE}{/scm}
2019-08-28 06:53:46,966 [main] INFO  server.AbstractConnector (AbstractConnector.java:doStart(278)) - Started ServerConnector@5702232d{HTTP/1.1,[http/1.1]}{0.0.0.0:38480}
2019-08-28 06:53:46,967 [main] INFO  server.Server (Server.java:doStart(419)) - Started @590402ms
2019-08-28 06:53:46,968 [main] INFO  server.BaseHttpServer (BaseHttpServer.java:updateConnectorAddress(213)) - HTTP server of SCM is listening at http://0.0.0.0:38480
2019-08-28 06:53:46,969 [main] WARN  server.ServerUtils (ServerUtils.java:getDBPath(222)) - ozone.om.db.dirs is not configured. We recommend adding this setting. Falling back to ozone.metadata.dirs instead.
2019-08-28 06:53:46,969 [org.apache.hadoop.util.JvmPauseMonitor$Monitor@35920655] INFO  util.JvmPauseMonitor (JvmPauseMonitor.java:run(188)) - Starting JVM pause monitor
2019-08-28 06:53:46,983 [main] WARN  server.ServerUtils (ServerUtils.java:getDBPath(222)) - ozone.om.db.dirs is not configured. We recommend adding this setting. Falling back to ozone.metadata.dirs instead.
2019-08-28 06:53:46,983 [main] WARN  server.ServerUtils (ServerUtils.java:getDBPath(222)) - ozone.om.db.dirs is not configured. We recommend adding this setting. Falling back to ozone.metadata.dirs instead.
2019-08-28 06:53:46,983 [main] INFO  om.OzoneManager (OzoneManager.java:setOMNodeDetails(645)) - OM Service ID is not set. Setting it to the default ID: omServiceIdDefault
2019-08-28 06:53:46,984 [main] INFO  om.OzoneManager (OzoneManager.java:setOMNodeDetails(651)) - OM Node ID is not set. Setting it to the OmStorage's OmID: 520f2804-b482-414a-b628-592fe2090df3
2019-08-28 06:53:46,984 [main] INFO  om.OzoneManager (OzoneManager.java:loadOMHAConfigs(602)) - Found matching OM address with OMServiceId: null, OMNodeId: null, RPC Address: localhost:0 and Ratis port: 9872
2019-08-28 06:53:46,988 | INFO  | SCMAudit | user=jenkins1000 | ip=192.168.36.66 | op=GET_SCM_INFO null | ret=SUCCESS |  
2019-08-28 06:53:46,989 [main] WARN  server.ServerUtils (ServerUtils.java:getDBPath(222)) - ozone.om.db.dirs is not configured. We recommend adding this setting. Falling back to ozone.metadata.dirs instead.
2019-08-28 06:53:46,990 [main] INFO  db.DBStoreBuilder (DBStoreBuilder.java:addTable(110)) - using custom profile for table: userTable
2019-08-28 06:53:46,990 [main] INFO  db.DBStoreBuilder (DBStoreBuilder.java:processTables(161)) - Using default column profile:DBProfile.DISK for Table:userTable
2019-08-28 06:53:46,990 [main] INFO  db.DBStoreBuilder (DBStoreBuilder.java:addTable(110)) - using custom profile for table: volumeTable
2019-08-28 06:53:46,990 [main] INFO  db.DBStoreBuilder (DBStoreBuilder.java:processTables(161)) - Using default column profile:DBProfile.DISK for Table:volumeTable
2019-08-28 06:53:46,990 [main] INFO  db.DBStoreBuilder (DBStoreBuilder.java:addTable(110)) - using custom profile for table: bucketTable
2019-08-28 06:53:46,991 [main] INFO  db.DBStoreBuilder (DBStoreBuilder.java:processTables(161)) - Using default column profile:DBProfile.DISK for Table:bucketTable
2019-08-28 06:53:46,991 [main] INFO  db.DBStoreBuilder (DBStoreBuilder.java:addTable(110)) - using custom profile for table: keyTable
2019-08-28 06:53:46,991 [main] INFO  db.DBStoreBuilder (DBStoreBuilder.java:processTables(161)) - Using default column profile:DBProfile.DISK for Table:keyTable
2019-08-28 06:53:46,991 [main] INFO  db.DBStoreBuilder (DBStoreBuilder.java:addTable(110)) - using custom profile for table: deletedTable
2019-08-28 06:53:46,991 [main] INFO  db.DBStoreBuilder (DBStoreBuilder.java:processTables(161)) - Using default column profile:DBProfile.DISK for Table:deletedTable
2019-08-28 06:53:46,991 [main] INFO  db.DBStoreBuilder (DBStoreBuilder.java:addTable(110)) - using custom profile for table: openKeyTable
2019-08-28 06:53:46,992 [main] INFO  db.DBStoreBuilder (DBStoreBuilder.java:processTables(161)) - Using default column profile:DBProfile.DISK for Table:openKeyTable
2019-08-28 06:53:46,992 [main] INFO  db.DBStoreBuilder (DBStoreBuilder.java:addTable(110)) - using custom profile for table: s3Table
2019-08-28 06:53:46,992 [main] INFO  db.DBStoreBuilder (DBStoreBuilder.java:processTables(161)) - Using default column profile:DBProfile.DISK for Table:s3Table
2019-08-28 06:53:46,992 [main] INFO  db.DBStoreBuilder (DBStoreBuilder.java:addTable(110)) - using custom profile for table: multipartInfoTable
2019-08-28 06:53:46,992 [main] INFO  db.DBStoreBuilder (DBStoreBuilder.java:processTables(161)) - Using default column profile:DBProfile.DISK for Table:multipartInfoTable
2019-08-28 06:53:46,992 [main] INFO  db.DBStoreBuilder (DBStoreBuilder.java:addTable(110)) - using custom profile for table: dTokenTable
2019-08-28 06:53:46,993 [main] INFO  db.DBStoreBuilder (DBStoreBuilder.java:processTables(161)) - Using default column profile:DBProfile.DISK for Table:dTokenTable
2019-08-28 06:53:46,993 [main] INFO  db.DBStoreBuilder (DBStoreBuilder.java:addTable(110)) - using custom profile for table: s3SecretTable
2019-08-28 06:53:46,993 [main] INFO  db.DBStoreBuilder (DBStoreBuilder.java:processTables(161)) - Using default column profile:DBProfile.DISK for Table:s3SecretTable
2019-08-28 06:53:46,993 [main] INFO  db.DBStoreBuilder (DBStoreBuilder.java:addTable(110)) - using custom profile for table: prefixTable
2019-08-28 06:53:46,993 [main] INFO  db.DBStoreBuilder (DBStoreBuilder.java:processTables(161)) - Using default column profile:DBProfile.DISK for Table:prefixTable
2019-08-28 06:53:46,993 [main] INFO  db.DBStoreBuilder (DBStoreBuilder.java:addTable(110)) - using custom profile for table: default
2019-08-28 06:53:46,993 [main] INFO  db.DBStoreBuilder (DBStoreBuilder.java:processTables(167)) - Using default column profile:DBProfile.DISK for Table:default
2019-08-28 06:53:46,994 [main] INFO  db.DBStoreBuilder (DBStoreBuilder.java:getDbProfile(198)) - Using default options. DBProfile.DISK
2019-08-28 06:53:47,435 [main] INFO  ipc.CallQueueManager (CallQueueManager.java:<init>(84)) - Using callQueue: class java.util.concurrent.LinkedBlockingQueue, queueCapacity: 2000, scheduler: class org.apache.hadoop.ipc.DefaultRpcScheduler, ipcBackoff: false.
2019-08-28 06:53:47,436 [Socket Reader #1 for port 36458] INFO  ipc.Server (Server.java:run(1074)) - Starting Socket Reader #1 for port 36458
2019-08-28 06:53:47,448 [main] INFO  om.OzoneManager (OzoneManager.java:start(1256)) - OzoneManager RPC server is listening at localhost/127.0.0.1:36458
2019-08-28 06:53:47,448 [main] INFO  impl.MetricsSystemImpl (MetricsSystemImpl.java:init(158)) - OzoneManager metrics system started (again)
2019-08-28 06:53:47,448 [IPC Server Responder] INFO  ipc.Server (Server.java:run(1314)) - IPC Server Responder: starting
2019-08-28 06:53:47,449 [IPC Server listener on 36458] INFO  ipc.Server (Server.java:run(1153)) - IPC Server listener on 36458: starting
2019-08-28 06:53:47,452 [main] INFO  hdfs.DFSUtil (DFSUtil.java:httpServerTemplateForNNAndJN(1641)) - Starting Web-server for ozoneManager at: http://0.0.0.0:0
2019-08-28 06:53:47,454 [main] INFO  server.AuthenticationFilter (AuthenticationFilter.java:constructSecretProvider(240)) - Unable to initialize FileSignerSecretProvider, falling back to use random secrets.
2019-08-28 06:53:47,454 [main] WARN  http.HttpRequestLog (HttpRequestLog.java:getRequestLog(97)) - Jetty request log can only be enabled using Log4j
2019-08-28 06:53:47,456 [main] INFO  http.HttpServer2 (HttpServer2.java:addGlobalFilter(975)) - Added global filter 'safety' (class=org.apache.hadoop.http.HttpServer2$QuotingInputFilter)
2019-08-28 06:53:47,456 [main] INFO  http.HttpServer2 (HttpServer2.java:addFilter(948)) - Added filter static_user_filter (class=org.apache.hadoop.http.lib.StaticUserWebFilter$StaticUserFilter) to context ozoneManager
2019-08-28 06:53:47,456 [main] INFO  http.HttpServer2 (HttpServer2.java:addFilter(958)) - Added filter static_user_filter (class=org.apache.hadoop.http.lib.StaticUserWebFilter$StaticUserFilter) to context static
2019-08-28 06:53:47,457 [main] INFO  http.HttpServer2 (HttpServer2.java:addFilter(958)) - Added filter static_user_filter (class=org.apache.hadoop.http.lib.StaticUserWebFilter$StaticUserFilter) to context logs
2019-08-28 06:53:47,457 [main] INFO  http.HttpServer2 (HttpServer2.java:bindListener(1191)) - Jetty bound to port 46834
2019-08-28 06:53:47,457 [main] INFO  server.Server (Server.java:doStart(351)) - jetty-9.3.24.v20180605, build timestamp: 2018-06-05T17:11:56Z, git hash: 84205aa28f11a4f31f2a3b86d1bba2cc8ab69827
2019-08-28 06:53:47,459 [main] INFO  handler.ContextHandler (ContextHandler.java:doStart(781)) - Started o.e.j.s.ServletContextHandler@5397d41e{/logs,file:///workdir/hadoop-ozone/integration-test/target/log,AVAILABLE}
2019-08-28 06:53:47,459 [main] INFO  handler.ContextHandler (ContextHandler.java:doStart(781)) - Started o.e.j.s.ServletContextHandler@470fc16c{/static,file:///workdir/hadoop-ozone/integration-test/target/test-classes/webapps/static,AVAILABLE}
2019-08-28 06:53:47,462 [main] INFO  handler.ContextHandler (ContextHandler.java:doStart(781)) - Started o.e.j.w.WebAppContext@38f7a20{/,file:///workdir/hadoop-ozone/integration-test/target/test-classes/webapps/ozoneManager/,AVAILABLE}{/ozoneManager}
2019-08-28 06:53:47,463 [main] INFO  server.AbstractConnector (AbstractConnector.java:doStart(278)) - Started ServerConnector@2c39c520{HTTP/1.1,[http/1.1]}{0.0.0.0:46834}
2019-08-28 06:53:47,464 [main] INFO  server.Server (Server.java:doStart(419)) - Started @590899ms
2019-08-28 06:53:47,465 [main] INFO  server.BaseHttpServer (BaseHttpServer.java:updateConnectorAddress(213)) - HTTP server of OZONEMANAGER is listening at http://0.0.0.0:46834
2019-08-28 06:53:47,483 [main] INFO  impl.MetricsSystemImpl (MetricsSystemImpl.java:init(158)) - HddsDatanode metrics system started (again)
2019-08-28 06:53:47,485 [main] INFO  ozone.HddsDatanodeService (HddsDatanodeService.java:start(184)) - HddsDatanodeService host:pr-hdds-1553-ns4jj-3895572740 ip:192.168.36.66
2019-08-28 06:53:47,493 [main] INFO  volume.HddsVolume (HddsVolume.java:<init>(176)) - Creating Volume: /workdir/hadoop-ozone/integration-test/target/test-dir/MiniOzoneClusterImpl-35d8354e-3007-428c-81c8-adfd2a58d98b/datanode-0/data/containers/hdds of  storage type : DISK and capacity : 1482555576320
2019-08-28 06:53:47,493 [main] INFO  volume.VolumeSet (VolumeSet.java:initializeVolumeSet(170)) - Added Volume : /workdir/hadoop-ozone/integration-test/target/test-dir/MiniOzoneClusterImpl-35d8354e-3007-428c-81c8-adfd2a58d98b/datanode-0/data/containers/hdds to VolumeSet
2019-08-28 06:53:47,493 [main] INFO  volume.ThrottledAsyncChecker (ThrottledAsyncChecker.java:schedule(140)) - Scheduling a check for org.apache.hadoop.ozone.container.common.volume.HddsVolume@7c424dfe
2019-08-28 06:53:47,494 [main] INFO  volume.HddsVolumeChecker (HddsVolumeChecker.java:checkAllVolumes(203)) - Scheduled health check for volume org.apache.hadoop.ozone.container.common.volume.HddsVolume@7c424dfe
2019-08-28 06:53:47,508 [main] INFO  impl.RaftServerProxy (ConfUtils.java:logGet(43)) - raft.rpc.type = GRPC (default)
2019-08-28 06:53:47,508 [main] INFO  grpc.GrpcFactory (GrpcFactory.java:checkPooledByteBufAllocatorUseCacheForAllThreads(45)) - PERFORMANCE WARNING: useCacheForAllThreads is true that may cause Netty to create a lot garbage objects and, as a result, trigger GC.
	It is recommended to disable useCacheForAllThreads by setting -Dorg.apache.ratis.thirdparty.io.netty.allocator.useCacheForAllThreads=false in command line.
2019-08-28 06:53:47,509 [main] INFO  grpc.GrpcConfigKeys$Server (ConfUtils.java:logGet(43)) - raft.grpc.server.port = 0 (default)
2019-08-28 06:53:47,509 [main] INFO  server.GrpcService (ConfUtils.java:logGet(43)) - raft.grpc.message.size.max = 33570816 (custom)
2019-08-28 06:53:47,509 [main] INFO  server.RaftServerConfigKeys (ConfUtils.java:logGet(43)) - raft.server.log.appender.buffer.byte-limit = 33554432 (custom)
2019-08-28 06:53:47,509 [main] INFO  server.GrpcService (ConfUtils.java:logGet(43)) - raft.grpc.flow.control.window = 1MB (=1048576) (default)
2019-08-28 06:53:47,509 [main] INFO  server.RaftServerConfigKeys (ConfUtils.java:logGet(43)) - raft.server.rpc.request.timeout = 3000ms (default)
2019-08-28 06:53:47,510 [main] INFO  server.RaftServerConfigKeys (ConfUtils.java:logGet(43)) - raft.server.storage.dir = [/workdir/hadoop-ozone/integration-test/target/test-dir/MiniOzoneClusterImpl-35d8354e-3007-428c-81c8-adfd2a58d98b/datanode-0/data/ratis] (custom)
2019-08-28 06:53:47,510 [main] INFO  replication.SimpleContainerDownloader (SimpleContainerDownloader.java:<init>(72)) - Starting container downloader service to copy containers to replicate.
2019-08-28 06:53:47,511 [main] INFO  hdfs.DFSUtil (DFSUtil.java:httpServerTemplateForNNAndJN(1641)) - Starting Web-server for hddsDatanode at: http://0.0.0.0:0
2019-08-28 06:53:47,513 [main] INFO  server.AuthenticationFilter (AuthenticationFilter.java:constructSecretProvider(240)) - Unable to initialize FileSignerSecretProvider, falling back to use random secrets.
2019-08-28 06:53:47,513 [main] WARN  http.HttpRequestLog (HttpRequestLog.java:getRequestLog(97)) - Jetty request log can only be enabled using Log4j
2019-08-28 06:53:47,514 [main] INFO  http.HttpServer2 (HttpServer2.java:addGlobalFilter(975)) - Added global filter 'safety' (class=org.apache.hadoop.http.HttpServer2$QuotingInputFilter)
2019-08-28 06:53:47,515 [main] INFO  http.HttpServer2 (HttpServer2.java:addFilter(948)) - Added filter static_user_filter (class=org.apache.hadoop.http.lib.StaticUserWebFilter$StaticUserFilter) to context hddsDatanode
2019-08-28 06:53:47,515 [main] INFO  http.HttpServer2 (HttpServer2.java:addFilter(958)) - Added filter static_user_filter (class=org.apache.hadoop.http.lib.StaticUserWebFilter$StaticUserFilter) to context logs
2019-08-28 06:53:47,515 [main] INFO  http.HttpServer2 (HttpServer2.java:addFilter(958)) - Added filter static_user_filter (class=org.apache.hadoop.http.lib.StaticUserWebFilter$StaticUserFilter) to context static
2019-08-28 06:53:47,516 [main] INFO  http.HttpServer2 (HttpServer2.java:bindListener(1191)) - Jetty bound to port 35381
2019-08-28 06:53:47,516 [main] INFO  server.Server (Server.java:doStart(351)) - jetty-9.3.24.v20180605, build timestamp: 2018-06-05T17:11:56Z, git hash: 84205aa28f11a4f31f2a3b86d1bba2cc8ab69827
2019-08-28 06:53:47,517 [main] INFO  handler.ContextHandler (ContextHandler.java:doStart(781)) - Started o.e.j.s.ServletContextHandler@504a9352{/logs,file:///workdir/hadoop-ozone/integration-test/target/log,AVAILABLE}
2019-08-28 06:53:47,518 [main] INFO  handler.ContextHandler (ContextHandler.java:doStart(781)) - Started o.e.j.s.ServletContextHandler@74997ca6{/static,jar:file:/home/user/.m2/repository/org/apache/hadoop/hadoop-hdds-container-service/0.5.0-SNAPSHOT/hadoop-hdds-container-service-0.5.0-SNAPSHOT.jar!/webapps/static,AVAILABLE}
2019-08-28 06:53:47,545 [main] INFO  handler.ContextHandler (ContextHandler.java:doStart(781)) - Started o.e.j.w.WebAppContext@2bd67cf9{/,file:///tmp/jetty-0.0.0.0-35381-hddsDatanode-_-any-8539541370946834859.dir/webapp/,AVAILABLE}{/hddsDatanode}
2019-08-28 06:53:47,546 [main] INFO  server.AbstractConnector (AbstractConnector.java:doStart(278)) - Started ServerConnector@4ba32242{HTTP/1.1,[http/1.1]}{0.0.0.0:35381}
2019-08-28 06:53:47,547 [main] INFO  server.Server (Server.java:doStart(419)) - Started @590982ms
2019-08-28 06:53:47,547 [main] INFO  server.BaseHttpServer (BaseHttpServer.java:updateConnectorAddress(213)) - HTTP server of HDDSDATANODE is listening at http://0.0.0.0:35381
2019-08-28 06:53:47,673 | INFO  | ObjectStoreRestHttpServer | Listening HDDS REST traffic on /0.0.0.0:43879 |  
2019-08-28 06:53:47,673 [main] INFO  ozone.HddsDatanodeService (HddsDatanodeService.java:startPlugins(395)) - Started plug-in org.apache.hadoop.ozone.web.OzoneHddsDatanodeService@7df1fc5a
2019-08-28 06:53:47,673 [main] INFO  impl.MetricsSystemImpl (MetricsSystemImpl.java:init(158)) - HddsDatanode metrics system started (again)
2019-08-28 06:53:47,675 [org.apache.hadoop.util.JvmPauseMonitor$Monitor@7b757e21] INFO  util.JvmPauseMonitor (JvmPauseMonitor.java:run(188)) - Starting JVM pause monitor
2019-08-28 06:53:47,676 [main] INFO  ozone.HddsDatanodeService (HddsDatanodeService.java:start(184)) - HddsDatanodeService host:pr-hdds-1553-ns4jj-3895572740 ip:192.168.36.66
2019-08-28 06:53:47,676 [Datanode State Machine Thread - 0] INFO  datanode.InitDatanodeState (InitDatanodeState.java:persistContainerDatanodeDetails(140)) - DatanodeDetails is persisted to /workdir/hadoop-ozone/integration-test/target/test-dir/MiniOzoneClusterImpl-35d8354e-3007-428c-81c8-adfd2a58d98b/datanode-0/meta/datanode.id
2019-08-28 06:53:47,682 [main] INFO  volume.HddsVolume (HddsVolume.java:<init>(176)) - Creating Volume: /workdir/hadoop-ozone/integration-test/target/test-dir/MiniOzoneClusterImpl-35d8354e-3007-428c-81c8-adfd2a58d98b/datanode-1/data/containers/hdds of  storage type : DISK and capacity : 1482555576320
2019-08-28 06:53:47,683 [main] INFO  volume.VolumeSet (VolumeSet.java:initializeVolumeSet(170)) - Added Volume : /workdir/hadoop-ozone/integration-test/target/test-dir/MiniOzoneClusterImpl-35d8354e-3007-428c-81c8-adfd2a58d98b/datanode-1/data/containers/hdds to VolumeSet
2019-08-28 06:53:47,683 [main] INFO  volume.ThrottledAsyncChecker (ThrottledAsyncChecker.java:schedule(140)) - Scheduling a check for org.apache.hadoop.ozone.container.common.volume.HddsVolume@539570b8
2019-08-28 06:53:47,683 [main] INFO  volume.HddsVolumeChecker (HddsVolumeChecker.java:checkAllVolumes(203)) - Scheduled health check for volume org.apache.hadoop.ozone.container.common.volume.HddsVolume@539570b8
2019-08-28 06:53:47,696 [main] INFO  impl.RaftServerProxy (ConfUtils.java:logGet(43)) - raft.rpc.type = GRPC (default)
2019-08-28 06:53:47,696 [main] INFO  grpc.GrpcFactory (GrpcFactory.java:checkPooledByteBufAllocatorUseCacheForAllThreads(45)) - PERFORMANCE WARNING: useCacheForAllThreads is true that may cause Netty to create a lot garbage objects and, as a result, trigger GC.
	It is recommended to disable useCacheForAllThreads by setting -Dorg.apache.ratis.thirdparty.io.netty.allocator.useCacheForAllThreads=false in command line.
2019-08-28 06:53:47,696 [main] INFO  grpc.GrpcConfigKeys$Server (ConfUtils.java:logGet(43)) - raft.grpc.server.port = 0 (default)
2019-08-28 06:53:47,696 [main] INFO  server.GrpcService (ConfUtils.java:logGet(43)) - raft.grpc.message.size.max = 33570816 (custom)
2019-08-28 06:53:47,697 [main] INFO  server.RaftServerConfigKeys (ConfUtils.java:logGet(43)) - raft.server.log.appender.buffer.byte-limit = 33554432 (custom)
2019-08-28 06:53:47,697 [main] INFO  server.GrpcService (ConfUtils.java:logGet(43)) - raft.grpc.flow.control.window = 1MB (=1048576) (default)
2019-08-28 06:53:47,697 [main] INFO  server.RaftServerConfigKeys (ConfUtils.java:logGet(43)) - raft.server.rpc.request.timeout = 3000ms (default)
2019-08-28 06:53:47,697 [main] INFO  server.RaftServerConfigKeys (ConfUtils.java:logGet(43)) - raft.server.storage.dir = [/workdir/hadoop-ozone/integration-test/target/test-dir/MiniOzoneClusterImpl-35d8354e-3007-428c-81c8-adfd2a58d98b/datanode-1/data/ratis] (custom)
2019-08-28 06:53:47,698 [main] INFO  replication.SimpleContainerDownloader (SimpleContainerDownloader.java:<init>(72)) - Starting container downloader service to copy containers to replicate.
2019-08-28 06:53:47,699 [main] INFO  hdfs.DFSUtil (DFSUtil.java:httpServerTemplateForNNAndJN(1641)) - Starting Web-server for hddsDatanode at: http://0.0.0.0:0
2019-08-28 06:53:47,700 [main] INFO  server.AuthenticationFilter (AuthenticationFilter.java:constructSecretProvider(240)) - Unable to initialize FileSignerSecretProvider, falling back to use random secrets.
2019-08-28 06:53:47,700 [main] WARN  http.HttpRequestLog (HttpRequestLog.java:getRequestLog(97)) - Jetty request log can only be enabled using Log4j
2019-08-28 06:53:47,701 [main] INFO  http.HttpServer2 (HttpServer2.java:addGlobalFilter(975)) - Added global filter 'safety' (class=org.apache.hadoop.http.HttpServer2$QuotingInputFilter)
2019-08-28 06:53:47,702 [main] INFO  http.HttpServer2 (HttpServer2.java:addFilter(948)) - Added filter static_user_filter (class=org.apache.hadoop.http.lib.StaticUserWebFilter$StaticUserFilter) to context hddsDatanode
2019-08-28 06:53:47,702 [main] INFO  http.HttpServer2 (HttpServer2.java:addFilter(958)) - Added filter static_user_filter (class=org.apache.hadoop.http.lib.StaticUserWebFilter$StaticUserFilter) to context static
2019-08-28 06:53:47,702 [main] INFO  http.HttpServer2 (HttpServer2.java:addFilter(958)) - Added filter static_user_filter (class=org.apache.hadoop.http.lib.StaticUserWebFilter$StaticUserFilter) to context logs
2019-08-28 06:53:47,703 [main] INFO  http.HttpServer2 (HttpServer2.java:bindListener(1191)) - Jetty bound to port 41720
2019-08-28 06:53:47,703 [main] INFO  server.Server (Server.java:doStart(351)) - jetty-9.3.24.v20180605, build timestamp: 2018-06-05T17:11:56Z, git hash: 84205aa28f11a4f31f2a3b86d1bba2cc8ab69827
2019-08-28 06:53:47,704 [main] INFO  handler.ContextHandler (ContextHandler.java:doStart(781)) - Started o.e.j.s.ServletContextHandler@1ced1fb9{/logs,file:///workdir/hadoop-ozone/integration-test/target/log,AVAILABLE}
2019-08-28 06:53:47,704 [main] INFO  handler.ContextHandler (ContextHandler.java:doStart(781)) - Started o.e.j.s.ServletContextHandler@4d2bcca8{/static,jar:file:/home/user/.m2/repository/org/apache/hadoop/hadoop-hdds-container-service/0.5.0-SNAPSHOT/hadoop-hdds-container-service-0.5.0-SNAPSHOT.jar!/webapps/static,AVAILABLE}
2019-08-28 06:53:47,730 [main] INFO  handler.ContextHandler (ContextHandler.java:doStart(781)) - Started o.e.j.w.WebAppContext@509bf2d5{/,file:///tmp/jetty-0.0.0.0-41720-hddsDatanode-_-any-7349554875576496054.dir/webapp/,AVAILABLE}{/hddsDatanode}
2019-08-28 06:53:47,730 [main] INFO  server.AbstractConnector (AbstractConnector.java:doStart(278)) - Started ServerConnector@68823b6b{HTTP/1.1,[http/1.1]}{0.0.0.0:41720}
2019-08-28 06:53:47,731 [main] INFO  server.Server (Server.java:doStart(419)) - Started @591166ms
2019-08-28 06:53:47,732 [main] INFO  server.BaseHttpServer (BaseHttpServer.java:updateConnectorAddress(213)) - HTTP server of HDDSDATANODE is listening at http://0.0.0.0:41720
2019-08-28 06:53:47,978 | INFO  | ObjectStoreRestHttpServer | Listening HDDS REST traffic on /0.0.0.0:33134 |  
2019-08-28 06:53:47,978 [main] INFO  ozone.HddsDatanodeService (HddsDatanodeService.java:startPlugins(395)) - Started plug-in org.apache.hadoop.ozone.web.OzoneHddsDatanodeService@46c5747f
2019-08-28 06:53:47,984 [main] INFO  impl.MetricsSystemImpl (MetricsSystemImpl.java:init(158)) - HddsDatanode metrics system started (again)
2019-08-28 06:53:48,007 [main] INFO  ozone.HddsDatanodeService (HddsDatanodeService.java:start(184)) - HddsDatanodeService host:pr-hdds-1553-ns4jj-3895572740 ip:192.168.36.66
2019-08-28 06:53:48,020 [org.apache.hadoop.util.JvmPauseMonitor$Monitor@1f6e9e6d] INFO  util.JvmPauseMonitor (JvmPauseMonitor.java:run(188)) - Starting JVM pause monitor
2019-08-28 06:53:48,022 [main] INFO  volume.HddsVolume (HddsVolume.java:<init>(176)) - Creating Volume: /workdir/hadoop-ozone/integration-test/target/test-dir/MiniOzoneClusterImpl-35d8354e-3007-428c-81c8-adfd2a58d98b/datanode-2/data/containers/hdds of  storage type : DISK and capacity : 1482555576320
2019-08-28 06:53:48,023 [main] INFO  volume.VolumeSet (VolumeSet.java:initializeVolumeSet(170)) - Added Volume : /workdir/hadoop-ozone/integration-test/target/test-dir/MiniOzoneClusterImpl-35d8354e-3007-428c-81c8-adfd2a58d98b/datanode-2/data/containers/hdds to VolumeSet
2019-08-28 06:53:48,023 [Datanode State Machine Thread - 0] INFO  datanode.InitDatanodeState (InitDatanodeState.java:persistContainerDatanodeDetails(140)) - DatanodeDetails is persisted to /workdir/hadoop-ozone/integration-test/target/test-dir/MiniOzoneClusterImpl-35d8354e-3007-428c-81c8-adfd2a58d98b/datanode-1/meta/datanode.id
2019-08-28 06:53:48,023 [main] INFO  volume.ThrottledAsyncChecker (ThrottledAsyncChecker.java:schedule(140)) - Scheduling a check for org.apache.hadoop.ozone.container.common.volume.HddsVolume@7e729046
2019-08-28 06:53:48,025 [main] INFO  volume.HddsVolumeChecker (HddsVolumeChecker.java:checkAllVolumes(203)) - Scheduled health check for volume org.apache.hadoop.ozone.container.common.volume.HddsVolume@7e729046
2019-08-28 06:53:48,043 [main] INFO  impl.RaftServerProxy (ConfUtils.java:logGet(43)) - raft.rpc.type = GRPC (default)
2019-08-28 06:53:48,043 [main] INFO  grpc.GrpcFactory (GrpcFactory.java:checkPooledByteBufAllocatorUseCacheForAllThreads(45)) - PERFORMANCE WARNING: useCacheForAllThreads is true that may cause Netty to create a lot garbage objects and, as a result, trigger GC.
	It is recommended to disable useCacheForAllThreads by setting -Dorg.apache.ratis.thirdparty.io.netty.allocator.useCacheForAllThreads=false in command line.
2019-08-28 06:53:48,044 [main] INFO  grpc.GrpcConfigKeys$Server (ConfUtils.java:logGet(43)) - raft.grpc.server.port = 0 (default)
2019-08-28 06:53:48,044 [main] INFO  server.GrpcService (ConfUtils.java:logGet(43)) - raft.grpc.message.size.max = 33570816 (custom)
2019-08-28 06:53:48,044 [main] INFO  server.RaftServerConfigKeys (ConfUtils.java:logGet(43)) - raft.server.log.appender.buffer.byte-limit = 33554432 (custom)
2019-08-28 06:53:48,044 [main] INFO  server.GrpcService (ConfUtils.java:logGet(43)) - raft.grpc.flow.control.window = 1MB (=1048576) (default)
2019-08-28 06:53:48,045 [main] INFO  server.RaftServerConfigKeys (ConfUtils.java:logGet(43)) - raft.server.rpc.request.timeout = 3000ms (default)
2019-08-28 06:53:48,045 [main] INFO  server.RaftServerConfigKeys (ConfUtils.java:logGet(43)) - raft.server.storage.dir = [/workdir/hadoop-ozone/integration-test/target/test-dir/MiniOzoneClusterImpl-35d8354e-3007-428c-81c8-adfd2a58d98b/datanode-2/data/ratis] (custom)
2019-08-28 06:53:48,046 [main] INFO  replication.SimpleContainerDownloader (SimpleContainerDownloader.java:<init>(72)) - Starting container downloader service to copy containers to replicate.
2019-08-28 06:53:48,046 [main] INFO  hdfs.DFSUtil (DFSUtil.java:httpServerTemplateForNNAndJN(1641)) - Starting Web-server for hddsDatanode at: http://0.0.0.0:0
2019-08-28 06:53:48,048 [main] INFO  server.AuthenticationFilter (AuthenticationFilter.java:constructSecretProvider(240)) - Unable to initialize FileSignerSecretProvider, falling back to use random secrets.
2019-08-28 06:53:48,048 [main] WARN  http.HttpRequestLog (HttpRequestLog.java:getRequestLog(97)) - Jetty request log can only be enabled using Log4j
2019-08-28 06:53:48,050 [main] INFO  http.HttpServer2 (HttpServer2.java:addGlobalFilter(975)) - Added global filter 'safety' (class=org.apache.hadoop.http.HttpServer2$QuotingInputFilter)
2019-08-28 06:53:48,050 [main] INFO  http.HttpServer2 (HttpServer2.java:addFilter(948)) - Added filter static_user_filter (class=org.apache.hadoop.http.lib.StaticUserWebFilter$StaticUserFilter) to context hddsDatanode
2019-08-28 06:53:48,050 [main] INFO  http.HttpServer2 (HttpServer2.java:addFilter(958)) - Added filter static_user_filter (class=org.apache.hadoop.http.lib.StaticUserWebFilter$StaticUserFilter) to context static
2019-08-28 06:53:48,050 [main] INFO  http.HttpServer2 (HttpServer2.java:addFilter(958)) - Added filter static_user_filter (class=org.apache.hadoop.http.lib.StaticUserWebFilter$StaticUserFilter) to context logs
2019-08-28 06:53:48,051 [main] INFO  http.HttpServer2 (HttpServer2.java:bindListener(1191)) - Jetty bound to port 37456
2019-08-28 06:53:48,051 [main] INFO  server.Server (Server.java:doStart(351)) - jetty-9.3.24.v20180605, build timestamp: 2018-06-05T17:11:56Z, git hash: 84205aa28f11a4f31f2a3b86d1bba2cc8ab69827
2019-08-28 06:53:48,052 [main] INFO  handler.ContextHandler (ContextHandler.java:doStart(781)) - Started o.e.j.s.ServletContextHandler@13a35d3b{/logs,file:///workdir/hadoop-ozone/integration-test/target/log,AVAILABLE}
2019-08-28 06:53:48,053 [main] INFO  handler.ContextHandler (ContextHandler.java:doStart(781)) - Started o.e.j.s.ServletContextHandler@14e8304b{/static,jar:file:/home/user/.m2/repository/org/apache/hadoop/hadoop-hdds-container-service/0.5.0-SNAPSHOT/hadoop-hdds-container-service-0.5.0-SNAPSHOT.jar!/webapps/static,AVAILABLE}
2019-08-28 06:53:48,079 [main] INFO  handler.ContextHandler (ContextHandler.java:doStart(781)) - Started o.e.j.w.WebAppContext@56d4481f{/,file:///tmp/jetty-0.0.0.0-37456-hddsDatanode-_-any-7492871931902681325.dir/webapp/,AVAILABLE}{/hddsDatanode}
2019-08-28 06:53:48,080 [main] INFO  server.AbstractConnector (AbstractConnector.java:doStart(278)) - Started ServerConnector@625430f8{HTTP/1.1,[http/1.1]}{0.0.0.0:37456}
2019-08-28 06:53:48,081 [main] INFO  server.Server (Server.java:doStart(419)) - Started @591516ms
2019-08-28 06:53:48,082 [main] INFO  server.BaseHttpServer (BaseHttpServer.java:updateConnectorAddress(213)) - HTTP server of HDDSDATANODE is listening at http://0.0.0.0:37456
2019-08-28 06:53:48,193 | INFO  | ObjectStoreRestHttpServer | Listening HDDS REST traffic on /0.0.0.0:33162 |  
2019-08-28 06:53:48,193 [main] INFO  ozone.HddsDatanodeService (HddsDatanodeService.java:startPlugins(395)) - Started plug-in org.apache.hadoop.ozone.web.OzoneHddsDatanodeService@4ca50bb9
2019-08-28 06:53:48,193 [main] INFO  impl.MetricsSystemImpl (MetricsSystemImpl.java:init(158)) - HddsDatanode metrics system started (again)
2019-08-28 06:53:48,195 [org.apache.hadoop.util.JvmPauseMonitor$Monitor@5be726f5] INFO  util.JvmPauseMonitor (JvmPauseMonitor.java:run(188)) - Starting JVM pause monitor
2019-08-28 06:53:48,196 [main] INFO  ozone.HddsDatanodeService (HddsDatanodeService.java:start(184)) - HddsDatanodeService host:pr-hdds-1553-ns4jj-3895572740 ip:192.168.36.66
2019-08-28 06:53:48,196 [Datanode State Machine Thread - 0] INFO  datanode.InitDatanodeState (InitDatanodeState.java:persistContainerDatanodeDetails(140)) - DatanodeDetails is persisted to /workdir/hadoop-ozone/integration-test/target/test-dir/MiniOzoneClusterImpl-35d8354e-3007-428c-81c8-adfd2a58d98b/datanode-2/meta/datanode.id
2019-08-28 06:53:48,203 [main] INFO  volume.HddsVolume (HddsVolume.java:<init>(176)) - Creating Volume: /workdir/hadoop-ozone/integration-test/target/test-dir/MiniOzoneClusterImpl-35d8354e-3007-428c-81c8-adfd2a58d98b/datanode-3/data/containers/hdds of  storage type : DISK and capacity : 1482555576320
2019-08-28 06:53:48,204 [main] INFO  volume.VolumeSet (VolumeSet.java:initializeVolumeSet(170)) - Added Volume : /workdir/hadoop-ozone/integration-test/target/test-dir/MiniOzoneClusterImpl-35d8354e-3007-428c-81c8-adfd2a58d98b/datanode-3/data/containers/hdds to VolumeSet
2019-08-28 06:53:48,204 [main] INFO  volume.ThrottledAsyncChecker (ThrottledAsyncChecker.java:schedule(140)) - Scheduling a check for org.apache.hadoop.ozone.container.common.volume.HddsVolume@4a29520e
2019-08-28 06:53:48,204 [main] INFO  volume.HddsVolumeChecker (HddsVolumeChecker.java:checkAllVolumes(203)) - Scheduled health check for volume org.apache.hadoop.ozone.container.common.volume.HddsVolume@4a29520e
2019-08-28 06:53:48,217 [main] INFO  impl.RaftServerProxy (ConfUtils.java:logGet(43)) - raft.rpc.type = GRPC (default)
2019-08-28 06:53:48,218 [main] INFO  grpc.GrpcFactory (GrpcFactory.java:checkPooledByteBufAllocatorUseCacheForAllThreads(45)) - PERFORMANCE WARNING: useCacheForAllThreads is true that may cause Netty to create a lot garbage objects and, as a result, trigger GC.
	It is recommended to disable useCacheForAllThreads by setting -Dorg.apache.ratis.thirdparty.io.netty.allocator.useCacheForAllThreads=false in command line.
2019-08-28 06:53:48,218 [main] INFO  grpc.GrpcConfigKeys$Server (ConfUtils.java:logGet(43)) - raft.grpc.server.port = 0 (default)
2019-08-28 06:53:48,218 [main] INFO  server.GrpcService (ConfUtils.java:logGet(43)) - raft.grpc.message.size.max = 33570816 (custom)
2019-08-28 06:53:48,218 [main] INFO  server.RaftServerConfigKeys (ConfUtils.java:logGet(43)) - raft.server.log.appender.buffer.byte-limit = 33554432 (custom)
2019-08-28 06:53:48,219 [main] INFO  server.GrpcService (ConfUtils.java:logGet(43)) - raft.grpc.flow.control.window = 1MB (=1048576) (default)
2019-08-28 06:53:48,219 [main] INFO  server.RaftServerConfigKeys (ConfUtils.java:logGet(43)) - raft.server.rpc.request.timeout = 3000ms (default)
2019-08-28 06:53:48,220 [main] INFO  server.RaftServerConfigKeys (ConfUtils.java:logGet(43)) - raft.server.storage.dir = [/workdir/hadoop-ozone/integration-test/target/test-dir/MiniOzoneClusterImpl-35d8354e-3007-428c-81c8-adfd2a58d98b/datanode-3/data/ratis] (custom)
2019-08-28 06:53:48,220 [main] INFO  replication.SimpleContainerDownloader (SimpleContainerDownloader.java:<init>(72)) - Starting container downloader service to copy containers to replicate.
2019-08-28 06:53:48,221 [main] INFO  hdfs.DFSUtil (DFSUtil.java:httpServerTemplateForNNAndJN(1641)) - Starting Web-server for hddsDatanode at: http://0.0.0.0:0
2019-08-28 06:53:48,222 [main] INFO  server.AuthenticationFilter (AuthenticationFilter.java:constructSecretProvider(240)) - Unable to initialize FileSignerSecretProvider, falling back to use random secrets.
2019-08-28 06:53:48,223 [main] WARN  http.HttpRequestLog (HttpRequestLog.java:getRequestLog(97)) - Jetty request log can only be enabled using Log4j
2019-08-28 06:53:48,224 [main] INFO  http.HttpServer2 (HttpServer2.java:addGlobalFilter(975)) - Added global filter 'safety' (class=org.apache.hadoop.http.HttpServer2$QuotingInputFilter)
2019-08-28 06:53:48,225 [main] INFO  http.HttpServer2 (HttpServer2.java:addFilter(948)) - Added filter static_user_filter (class=org.apache.hadoop.http.lib.StaticUserWebFilter$StaticUserFilter) to context hddsDatanode
2019-08-28 06:53:48,225 [main] INFO  http.HttpServer2 (HttpServer2.java:addFilter(958)) - Added filter static_user_filter (class=org.apache.hadoop.http.lib.StaticUserWebFilter$StaticUserFilter) to context logs
2019-08-28 06:53:48,225 [main] INFO  http.HttpServer2 (HttpServer2.java:addFilter(958)) - Added filter static_user_filter (class=org.apache.hadoop.http.lib.StaticUserWebFilter$StaticUserFilter) to context static
2019-08-28 06:53:48,225 [main] INFO  http.HttpServer2 (HttpServer2.java:bindListener(1191)) - Jetty bound to port 45841
2019-08-28 06:53:48,225 [main] INFO  server.Server (Server.java:doStart(351)) - jetty-9.3.24.v20180605, build timestamp: 2018-06-05T17:11:56Z, git hash: 84205aa28f11a4f31f2a3b86d1bba2cc8ab69827
2019-08-28 06:53:48,227 [main] INFO  handler.ContextHandler (ContextHandler.java:doStart(781)) - Started o.e.j.s.ServletContextHandler@6d0d5147{/logs,file:///workdir/hadoop-ozone/integration-test/target/log,AVAILABLE}
2019-08-28 06:53:48,227 [main] INFO  handler.ContextHandler (ContextHandler.java:doStart(781)) - Started o.e.j.s.ServletContextHandler@63f08f9f{/static,jar:file:/home/user/.m2/repository/org/apache/hadoop/hadoop-hdds-container-service/0.5.0-SNAPSHOT/hadoop-hdds-container-service-0.5.0-SNAPSHOT.jar!/webapps/static,AVAILABLE}
2019-08-28 06:53:48,256 [main] INFO  handler.ContextHandler (ContextHandler.java:doStart(781)) - Started o.e.j.w.WebAppContext@1b914e36{/,file:///tmp/jetty-0.0.0.0-45841-hddsDatanode-_-any-9093153211100110825.dir/webapp/,AVAILABLE}{/hddsDatanode}
2019-08-28 06:53:48,256 [main] INFO  server.AbstractConnector (AbstractConnector.java:doStart(278)) - Started ServerConnector@29f3ea39{HTTP/1.1,[http/1.1]}{0.0.0.0:45841}
2019-08-28 06:53:48,257 [main] INFO  server.Server (Server.java:doStart(419)) - Started @591692ms
2019-08-28 06:53:48,258 [main] INFO  server.BaseHttpServer (BaseHttpServer.java:updateConnectorAddress(213)) - HTTP server of HDDSDATANODE is listening at http://0.0.0.0:45841
2019-08-28 06:53:48,404 | INFO  | ObjectStoreRestHttpServer | Listening HDDS REST traffic on /0.0.0.0:43640 |  
2019-08-28 06:53:48,404 [main] INFO  ozone.HddsDatanodeService (HddsDatanodeService.java:startPlugins(395)) - Started plug-in org.apache.hadoop.ozone.web.OzoneHddsDatanodeService@1b6982e4
2019-08-28 06:53:48,405 [main] INFO  impl.MetricsSystemImpl (MetricsSystemImpl.java:init(158)) - HddsDatanode metrics system started (again)
2019-08-28 06:53:48,407 [org.apache.hadoop.util.JvmPauseMonitor$Monitor@26f61190] INFO  util.JvmPauseMonitor (JvmPauseMonitor.java:run(188)) - Starting JVM pause monitor
2019-08-28 06:53:48,408 [main] INFO  ozone.HddsDatanodeService (HddsDatanodeService.java:start(184)) - HddsDatanodeService host:pr-hdds-1553-ns4jj-3895572740 ip:192.168.36.66
2019-08-28 06:53:48,408 [Datanode State Machine Thread - 0] INFO  datanode.InitDatanodeState (InitDatanodeState.java:persistContainerDatanodeDetails(140)) - DatanodeDetails is persisted to /workdir/hadoop-ozone/integration-test/target/test-dir/MiniOzoneClusterImpl-35d8354e-3007-428c-81c8-adfd2a58d98b/datanode-3/meta/datanode.id
2019-08-28 06:53:48,415 [main] INFO  volume.HddsVolume (HddsVolume.java:<init>(176)) - Creating Volume: /workdir/hadoop-ozone/integration-test/target/test-dir/MiniOzoneClusterImpl-35d8354e-3007-428c-81c8-adfd2a58d98b/datanode-4/data/containers/hdds of  storage type : DISK and capacity : 1482555576320
2019-08-28 06:53:48,416 [main] INFO  volume.VolumeSet (VolumeSet.java:initializeVolumeSet(170)) - Added Volume : /workdir/hadoop-ozone/integration-test/target/test-dir/MiniOzoneClusterImpl-35d8354e-3007-428c-81c8-adfd2a58d98b/datanode-4/data/containers/hdds to VolumeSet
2019-08-28 06:53:48,416 [main] INFO  volume.ThrottledAsyncChecker (ThrottledAsyncChecker.java:schedule(140)) - Scheduling a check for org.apache.hadoop.ozone.container.common.volume.HddsVolume@6d5b160
2019-08-28 06:53:48,416 [main] INFO  volume.HddsVolumeChecker (HddsVolumeChecker.java:checkAllVolumes(203)) - Scheduled health check for volume org.apache.hadoop.ozone.container.common.volume.HddsVolume@6d5b160
2019-08-28 06:53:48,428 [main] INFO  impl.RaftServerProxy (ConfUtils.java:logGet(43)) - raft.rpc.type = GRPC (default)
2019-08-28 06:53:48,428 [main] INFO  grpc.GrpcFactory (GrpcFactory.java:checkPooledByteBufAllocatorUseCacheForAllThreads(45)) - PERFORMANCE WARNING: useCacheForAllThreads is true that may cause Netty to create a lot garbage objects and, as a result, trigger GC.
	It is recommended to disable useCacheForAllThreads by setting -Dorg.apache.ratis.thirdparty.io.netty.allocator.useCacheForAllThreads=false in command line.
2019-08-28 06:53:48,429 [main] INFO  grpc.GrpcConfigKeys$Server (ConfUtils.java:logGet(43)) - raft.grpc.server.port = 0 (default)
2019-08-28 06:53:48,429 [main] INFO  server.GrpcService (ConfUtils.java:logGet(43)) - raft.grpc.message.size.max = 33570816 (custom)
2019-08-28 06:53:48,429 [main] INFO  server.RaftServerConfigKeys (ConfUtils.java:logGet(43)) - raft.server.log.appender.buffer.byte-limit = 33554432 (custom)
2019-08-28 06:53:48,429 [main] INFO  server.GrpcService (ConfUtils.java:logGet(43)) - raft.grpc.flow.control.window = 1MB (=1048576) (default)
2019-08-28 06:53:48,429 [main] INFO  server.RaftServerConfigKeys (ConfUtils.java:logGet(43)) - raft.server.rpc.request.timeout = 3000ms (default)
2019-08-28 06:53:48,429 [main] INFO  server.RaftServerConfigKeys (ConfUtils.java:logGet(43)) - raft.server.storage.dir = [/workdir/hadoop-ozone/integration-test/target/test-dir/MiniOzoneClusterImpl-35d8354e-3007-428c-81c8-adfd2a58d98b/datanode-4/data/ratis] (custom)
2019-08-28 06:53:48,430 [main] INFO  replication.SimpleContainerDownloader (SimpleContainerDownloader.java:<init>(72)) - Starting container downloader service to copy containers to replicate.
2019-08-28 06:53:48,431 [main] INFO  hdfs.DFSUtil (DFSUtil.java:httpServerTemplateForNNAndJN(1641)) - Starting Web-server for hddsDatanode at: http://0.0.0.0:0
2019-08-28 06:53:48,432 [main] INFO  server.AuthenticationFilter (AuthenticationFilter.java:constructSecretProvider(240)) - Unable to initialize FileSignerSecretProvider, falling back to use random secrets.
2019-08-28 06:53:48,432 [main] WARN  http.HttpRequestLog (HttpRequestLog.java:getRequestLog(97)) - Jetty request log can only be enabled using Log4j
2019-08-28 06:53:48,433 [main] INFO  http.HttpServer2 (HttpServer2.java:addGlobalFilter(975)) - Added global filter 'safety' (class=org.apache.hadoop.http.HttpServer2$QuotingInputFilter)
2019-08-28 06:53:48,434 [main] INFO  http.HttpServer2 (HttpServer2.java:addFilter(948)) - Added filter static_user_filter (class=org.apache.hadoop.http.lib.StaticUserWebFilter$StaticUserFilter) to context hddsDatanode
2019-08-28 06:53:48,434 [main] INFO  http.HttpServer2 (HttpServer2.java:addFilter(958)) - Added filter static_user_filter (class=org.apache.hadoop.http.lib.StaticUserWebFilter$StaticUserFilter) to context logs
2019-08-28 06:53:48,434 [main] INFO  http.HttpServer2 (HttpServer2.java:addFilter(958)) - Added filter static_user_filter (class=org.apache.hadoop.http.lib.StaticUserWebFilter$StaticUserFilter) to context static
2019-08-28 06:53:48,435 [main] INFO  http.HttpServer2 (HttpServer2.java:bindListener(1191)) - Jetty bound to port 33853
2019-08-28 06:53:48,435 [main] INFO  server.Server (Server.java:doStart(351)) - jetty-9.3.24.v20180605, build timestamp: 2018-06-05T17:11:56Z, git hash: 84205aa28f11a4f31f2a3b86d1bba2cc8ab69827
2019-08-28 06:53:48,436 [main] INFO  handler.ContextHandler (ContextHandler.java:doStart(781)) - Started o.e.j.s.ServletContextHandler@54eea16c{/logs,file:///workdir/hadoop-ozone/integration-test/target/log,AVAILABLE}
2019-08-28 06:53:48,436 [main] INFO  handler.ContextHandler (ContextHandler.java:doStart(781)) - Started o.e.j.s.ServletContextHandler@678db8be{/static,jar:file:/home/user/.m2/repository/org/apache/hadoop/hadoop-hdds-container-service/0.5.0-SNAPSHOT/hadoop-hdds-container-service-0.5.0-SNAPSHOT.jar!/webapps/static,AVAILABLE}
2019-08-28 06:53:48,461 [main] INFO  handler.ContextHandler (ContextHandler.java:doStart(781)) - Started o.e.j.w.WebAppContext@18d76c14{/,file:///tmp/jetty-0.0.0.0-33853-hddsDatanode-_-any-5650463143107291408.dir/webapp/,AVAILABLE}{/hddsDatanode}
2019-08-28 06:53:48,462 [main] INFO  server.AbstractConnector (AbstractConnector.java:doStart(278)) - Started ServerConnector@517f9ba3{HTTP/1.1,[http/1.1]}{0.0.0.0:33853}
2019-08-28 06:53:48,463 [main] INFO  server.Server (Server.java:doStart(419)) - Started @591898ms
2019-08-28 06:53:48,464 [main] INFO  server.BaseHttpServer (BaseHttpServer.java:updateConnectorAddress(213)) - HTTP server of HDDSDATANODE is listening at http://0.0.0.0:33853
2019-08-28 06:53:48,567 | INFO  | ObjectStoreRestHttpServer | Listening HDDS REST traffic on /0.0.0.0:43587 |  
2019-08-28 06:53:48,567 [main] INFO  ozone.HddsDatanodeService (HddsDatanodeService.java:startPlugins(395)) - Started plug-in org.apache.hadoop.ozone.web.OzoneHddsDatanodeService@3d2bcf0a
2019-08-28 06:53:48,567 [main] INFO  impl.MetricsSystemImpl (MetricsSystemImpl.java:init(158)) - HddsDatanode metrics system started (again)
2019-08-28 06:53:48,570 [org.apache.hadoop.util.JvmPauseMonitor$Monitor@54600e51] INFO  util.JvmPauseMonitor (JvmPauseMonitor.java:run(188)) - Starting JVM pause monitor
2019-08-28 06:53:48,570 [main] INFO  ozone.HddsDatanodeService (HddsDatanodeService.java:start(184)) - HddsDatanodeService host:pr-hdds-1553-ns4jj-3895572740 ip:192.168.36.66
2019-08-28 06:53:48,571 [Datanode State Machine Thread - 0] INFO  datanode.InitDatanodeState (InitDatanodeState.java:persistContainerDatanodeDetails(140)) - DatanodeDetails is persisted to /workdir/hadoop-ozone/integration-test/target/test-dir/MiniOzoneClusterImpl-35d8354e-3007-428c-81c8-adfd2a58d98b/datanode-4/meta/datanode.id
2019-08-28 06:53:48,578 [main] INFO  volume.HddsVolume (HddsVolume.java:<init>(176)) - Creating Volume: /workdir/hadoop-ozone/integration-test/target/test-dir/MiniOzoneClusterImpl-35d8354e-3007-428c-81c8-adfd2a58d98b/datanode-5/data/containers/hdds of  storage type : DISK and capacity : 1482555576320
2019-08-28 06:53:48,578 [main] INFO  volume.VolumeSet (VolumeSet.java:initializeVolumeSet(170)) - Added Volume : /workdir/hadoop-ozone/integration-test/target/test-dir/MiniOzoneClusterImpl-35d8354e-3007-428c-81c8-adfd2a58d98b/datanode-5/data/containers/hdds to VolumeSet
2019-08-28 06:53:48,578 [main] INFO  volume.ThrottledAsyncChecker (ThrottledAsyncChecker.java:schedule(140)) - Scheduling a check for org.apache.hadoop.ozone.container.common.volume.HddsVolume@6ef5e46a
2019-08-28 06:53:48,578 [main] INFO  volume.HddsVolumeChecker (HddsVolumeChecker.java:checkAllVolumes(203)) - Scheduled health check for volume org.apache.hadoop.ozone.container.common.volume.HddsVolume@6ef5e46a
2019-08-28 06:53:48,591 [main] INFO  impl.RaftServerProxy (ConfUtils.java:logGet(43)) - raft.rpc.type = GRPC (default)
2019-08-28 06:53:48,591 [main] INFO  grpc.GrpcFactory (GrpcFactory.java:checkPooledByteBufAllocatorUseCacheForAllThreads(45)) - PERFORMANCE WARNING: useCacheForAllThreads is true that may cause Netty to create a lot garbage objects and, as a result, trigger GC.
	It is recommended to disable useCacheForAllThreads by setting -Dorg.apache.ratis.thirdparty.io.netty.allocator.useCacheForAllThreads=false in command line.
2019-08-28 06:53:48,591 [main] INFO  grpc.GrpcConfigKeys$Server (ConfUtils.java:logGet(43)) - raft.grpc.server.port = 0 (default)
2019-08-28 06:53:48,592 [main] INFO  server.GrpcService (ConfUtils.java:logGet(43)) - raft.grpc.message.size.max = 33570816 (custom)
2019-08-28 06:53:48,592 [main] INFO  server.RaftServerConfigKeys (ConfUtils.java:logGet(43)) - raft.server.log.appender.buffer.byte-limit = 33554432 (custom)
2019-08-28 06:53:48,592 [main] INFO  server.GrpcService (ConfUtils.java:logGet(43)) - raft.grpc.flow.control.window = 1MB (=1048576) (default)
2019-08-28 06:53:48,592 [main] INFO  server.RaftServerConfigKeys (ConfUtils.java:logGet(43)) - raft.server.rpc.request.timeout = 3000ms (default)
2019-08-28 06:53:48,593 [main] INFO  server.RaftServerConfigKeys (ConfUtils.java:logGet(43)) - raft.server.storage.dir = [/workdir/hadoop-ozone/integration-test/target/test-dir/MiniOzoneClusterImpl-35d8354e-3007-428c-81c8-adfd2a58d98b/datanode-5/data/ratis] (custom)
2019-08-28 06:53:48,593 [main] INFO  replication.SimpleContainerDownloader (SimpleContainerDownloader.java:<init>(72)) - Starting container downloader service to copy containers to replicate.
2019-08-28 06:53:48,594 [main] INFO  hdfs.DFSUtil (DFSUtil.java:httpServerTemplateForNNAndJN(1641)) - Starting Web-server for hddsDatanode at: http://0.0.0.0:0
2019-08-28 06:53:48,595 [main] INFO  server.AuthenticationFilter (AuthenticationFilter.java:constructSecretProvider(240)) - Unable to initialize FileSignerSecretProvider, falling back to use random secrets.
2019-08-28 06:53:48,595 [main] WARN  http.HttpRequestLog (HttpRequestLog.java:getRequestLog(97)) - Jetty request log can only be enabled using Log4j
2019-08-28 06:53:48,596 [main] INFO  http.HttpServer2 (HttpServer2.java:addGlobalFilter(975)) - Added global filter 'safety' (class=org.apache.hadoop.http.HttpServer2$QuotingInputFilter)
2019-08-28 06:53:48,596 [main] INFO  http.HttpServer2 (HttpServer2.java:addFilter(948)) - Added filter static_user_filter (class=org.apache.hadoop.http.lib.StaticUserWebFilter$StaticUserFilter) to context hddsDatanode
2019-08-28 06:53:48,596 [main] INFO  http.HttpServer2 (HttpServer2.java:addFilter(958)) - Added filter static_user_filter (class=org.apache.hadoop.http.lib.StaticUserWebFilter$StaticUserFilter) to context logs
2019-08-28 06:53:48,597 [main] INFO  http.HttpServer2 (HttpServer2.java:addFilter(958)) - Added filter static_user_filter (class=org.apache.hadoop.http.lib.StaticUserWebFilter$StaticUserFilter) to context static
2019-08-28 06:53:48,597 [main] INFO  http.HttpServer2 (HttpServer2.java:bindListener(1191)) - Jetty bound to port 42926
2019-08-28 06:53:48,597 [main] INFO  server.Server (Server.java:doStart(351)) - jetty-9.3.24.v20180605, build timestamp: 2018-06-05T17:11:56Z, git hash: 84205aa28f11a4f31f2a3b86d1bba2cc8ab69827
2019-08-28 06:53:48,598 [main] INFO  handler.ContextHandler (ContextHandler.java:doStart(781)) - Started o.e.j.s.ServletContextHandler@56929ce{/logs,file:///workdir/hadoop-ozone/integration-test/target/log,AVAILABLE}
2019-08-28 06:53:48,599 [main] INFO  handler.ContextHandler (ContextHandler.java:doStart(781)) - Started o.e.j.s.ServletContextHandler@25a2a71d{/static,jar:file:/home/user/.m2/repository/org/apache/hadoop/hadoop-hdds-container-service/0.5.0-SNAPSHOT/hadoop-hdds-container-service-0.5.0-SNAPSHOT.jar!/webapps/static,AVAILABLE}
2019-08-28 06:53:48,626 [main] INFO  handler.ContextHandler (ContextHandler.java:doStart(781)) - Started o.e.j.w.WebAppContext@5de15ce1{/,file:///tmp/jetty-0.0.0.0-42926-hddsDatanode-_-any-1997356115188828652.dir/webapp/,AVAILABLE}{/hddsDatanode}
2019-08-28 06:53:48,626 [main] INFO  server.AbstractConnector (AbstractConnector.java:doStart(278)) - Started ServerConnector@33544cc5{HTTP/1.1,[http/1.1]}{0.0.0.0:42926}
2019-08-28 06:53:48,628 [main] INFO  server.Server (Server.java:doStart(419)) - Started @592063ms
2019-08-28 06:53:48,628 [main] INFO  server.BaseHttpServer (BaseHttpServer.java:updateConnectorAddress(213)) - HTTP server of HDDSDATANODE is listening at http://0.0.0.0:42926
2019-08-28 06:53:48,756 | INFO  | ObjectStoreRestHttpServer | Listening HDDS REST traffic on /0.0.0.0:44455 |  
2019-08-28 06:53:48,756 [main] INFO  ozone.HddsDatanodeService (HddsDatanodeService.java:startPlugins(395)) - Started plug-in org.apache.hadoop.ozone.web.OzoneHddsDatanodeService@234421ca
2019-08-28 06:53:48,757 [main] INFO  impl.MetricsSystemImpl (MetricsSystemImpl.java:init(158)) - HddsDatanode metrics system started (again)
2019-08-28 06:53:48,758 [org.apache.hadoop.util.JvmPauseMonitor$Monitor@4e7be33a] INFO  util.JvmPauseMonitor (JvmPauseMonitor.java:run(188)) - Starting JVM pause monitor
2019-08-28 06:53:48,761 [Datanode State Machine Thread - 0] INFO  datanode.InitDatanodeState (InitDatanodeState.java:persistContainerDatanodeDetails(140)) - DatanodeDetails is persisted to /workdir/hadoop-ozone/integration-test/target/test-dir/MiniOzoneClusterImpl-35d8354e-3007-428c-81c8-adfd2a58d98b/datanode-5/meta/datanode.id
2019-08-28 06:53:48,761 [main] INFO  ozone.HddsDatanodeService (HddsDatanodeService.java:start(184)) - HddsDatanodeService host:pr-hdds-1553-ns4jj-3895572740 ip:192.168.36.66
2019-08-28 06:53:48,772 [main] INFO  volume.HddsVolume (HddsVolume.java:<init>(176)) - Creating Volume: /workdir/hadoop-ozone/integration-test/target/test-dir/MiniOzoneClusterImpl-35d8354e-3007-428c-81c8-adfd2a58d98b/datanode-6/data/containers/hdds of  storage type : DISK and capacity : 1482555576320
2019-08-28 06:53:48,772 [main] INFO  volume.VolumeSet (VolumeSet.java:initializeVolumeSet(170)) - Added Volume : /workdir/hadoop-ozone/integration-test/target/test-dir/MiniOzoneClusterImpl-35d8354e-3007-428c-81c8-adfd2a58d98b/datanode-6/data/containers/hdds to VolumeSet
2019-08-28 06:53:48,772 [main] INFO  volume.ThrottledAsyncChecker (ThrottledAsyncChecker.java:schedule(140)) - Scheduling a check for org.apache.hadoop.ozone.container.common.volume.HddsVolume@4ff1b0d
2019-08-28 06:53:48,773 [main] INFO  volume.HddsVolumeChecker (HddsVolumeChecker.java:checkAllVolumes(203)) - Scheduled health check for volume org.apache.hadoop.ozone.container.common.volume.HddsVolume@4ff1b0d
2019-08-28 06:53:48,796 [main] INFO  impl.RaftServerProxy (ConfUtils.java:logGet(43)) - raft.rpc.type = GRPC (default)
2019-08-28 06:53:48,796 [main] INFO  grpc.GrpcFactory (GrpcFactory.java:checkPooledByteBufAllocatorUseCacheForAllThreads(45)) - PERFORMANCE WARNING: useCacheForAllThreads is true that may cause Netty to create a lot garbage objects and, as a result, trigger GC.
	It is recommended to disable useCacheForAllThreads by setting -Dorg.apache.ratis.thirdparty.io.netty.allocator.useCacheForAllThreads=false in command line.
2019-08-28 06:53:48,796 [main] INFO  grpc.GrpcConfigKeys$Server (ConfUtils.java:logGet(43)) - raft.grpc.server.port = 0 (default)
2019-08-28 06:53:48,797 [main] INFO  server.GrpcService (ConfUtils.java:logGet(43)) - raft.grpc.message.size.max = 33570816 (custom)
2019-08-28 06:53:48,797 [main] INFO  server.RaftServerConfigKeys (ConfUtils.java:logGet(43)) - raft.server.log.appender.buffer.byte-limit = 33554432 (custom)
2019-08-28 06:53:48,797 [main] INFO  server.GrpcService (ConfUtils.java:logGet(43)) - raft.grpc.flow.control.window = 1MB (=1048576) (default)
2019-08-28 06:53:48,797 [main] INFO  server.RaftServerConfigKeys (ConfUtils.java:logGet(43)) - raft.server.rpc.request.timeout = 3000ms (default)
2019-08-28 06:53:48,797 [main] INFO  server.RaftServerConfigKeys (ConfUtils.java:logGet(43)) - raft.server.storage.dir = [/workdir/hadoop-ozone/integration-test/target/test-dir/MiniOzoneClusterImpl-35d8354e-3007-428c-81c8-adfd2a58d98b/datanode-6/data/ratis] (custom)
2019-08-28 06:53:48,798 [main] INFO  replication.SimpleContainerDownloader (SimpleContainerDownloader.java:<init>(72)) - Starting container downloader service to copy containers to replicate.
2019-08-28 06:53:48,799 [main] INFO  hdfs.DFSUtil (DFSUtil.java:httpServerTemplateForNNAndJN(1641)) - Starting Web-server for hddsDatanode at: http://0.0.0.0:0
2019-08-28 06:53:48,800 [main] INFO  server.AuthenticationFilter (AuthenticationFilter.java:constructSecretProvider(240)) - Unable to initialize FileSignerSecretProvider, falling back to use random secrets.
2019-08-28 06:53:48,800 [main] WARN  http.HttpRequestLog (HttpRequestLog.java:getRequestLog(97)) - Jetty request log can only be enabled using Log4j
2019-08-28 06:53:48,801 [main] INFO  http.HttpServer2 (HttpServer2.java:addGlobalFilter(975)) - Added global filter 'safety' (class=org.apache.hadoop.http.HttpServer2$QuotingInputFilter)
2019-08-28 06:53:48,801 [main] INFO  http.HttpServer2 (HttpServer2.java:addFilter(948)) - Added filter static_user_filter (class=org.apache.hadoop.http.lib.StaticUserWebFilter$StaticUserFilter) to context hddsDatanode
2019-08-28 06:53:48,802 [main] INFO  http.HttpServer2 (HttpServer2.java:addFilter(958)) - Added filter static_user_filter (class=org.apache.hadoop.http.lib.StaticUserWebFilter$StaticUserFilter) to context static
2019-08-28 06:53:48,802 [main] INFO  http.HttpServer2 (HttpServer2.java:addFilter(958)) - Added filter static_user_filter (class=org.apache.hadoop.http.lib.StaticUserWebFilter$StaticUserFilter) to context logs
2019-08-28 06:53:48,802 [main] INFO  http.HttpServer2 (HttpServer2.java:bindListener(1191)) - Jetty bound to port 42867
2019-08-28 06:53:48,802 [main] INFO  server.Server (Server.java:doStart(351)) - jetty-9.3.24.v20180605, build timestamp: 2018-06-05T17:11:56Z, git hash: 84205aa28f11a4f31f2a3b86d1bba2cc8ab69827
2019-08-28 06:53:48,804 [main] INFO  handler.ContextHandler (ContextHandler.java:doStart(781)) - Started o.e.j.s.ServletContextHandler@7bd4f212{/logs,file:///workdir/hadoop-ozone/integration-test/target/log,AVAILABLE}
2019-08-28 06:53:48,804 [main] INFO  handler.ContextHandler (ContextHandler.java:doStart(781)) - Started o.e.j.s.ServletContextHandler@7da70124{/static,jar:file:/home/user/.m2/repository/org/apache/hadoop/hadoop-hdds-container-service/0.5.0-SNAPSHOT/hadoop-hdds-container-service-0.5.0-SNAPSHOT.jar!/webapps/static,AVAILABLE}
2019-08-28 06:53:48,829 [main] INFO  handler.ContextHandler (ContextHandler.java:doStart(781)) - Started o.e.j.w.WebAppContext@410c1f44{/,file:///tmp/jetty-0.0.0.0-42867-hddsDatanode-_-any-5682196580571116804.dir/webapp/,AVAILABLE}{/hddsDatanode}
2019-08-28 06:53:48,829 [main] INFO  server.AbstractConnector (AbstractConnector.java:doStart(278)) - Started ServerConnector@16ef07fa{HTTP/1.1,[http/1.1]}{0.0.0.0:42867}
2019-08-28 06:53:48,833 [main] INFO  server.Server (Server.java:doStart(419)) - Started @592268ms
2019-08-28 06:53:48,834 [main] INFO  server.BaseHttpServer (BaseHttpServer.java:updateConnectorAddress(213)) - HTTP server of HDDSDATANODE is listening at http://0.0.0.0:42867
2019-08-28 06:53:48,940 | INFO  | ObjectStoreRestHttpServer | Listening HDDS REST traffic on /0.0.0.0:41903 |  
2019-08-28 06:53:48,940 [main] INFO  ozone.HddsDatanodeService (HddsDatanodeService.java:startPlugins(395)) - Started plug-in org.apache.hadoop.ozone.web.OzoneHddsDatanodeService@673ce246
2019-08-28 06:53:48,940 [main] INFO  ozone.MiniOzoneClusterImpl (MiniOzoneClusterImpl.java:lambda$waitForClusterToBeReady$0(142)) - Waiting for cluster to be ready. Got 0 of 7 DN Heartbeats.
2019-08-28 06:53:48,941 [org.apache.hadoop.util.JvmPauseMonitor$Monitor@210244ac] INFO  util.JvmPauseMonitor (JvmPauseMonitor.java:run(188)) - Starting JVM pause monitor
2019-08-28 06:53:48,942 [Datanode State Machine Thread - 0] INFO  datanode.InitDatanodeState (InitDatanodeState.java:persistContainerDatanodeDetails(140)) - DatanodeDetails is persisted to /workdir/hadoop-ozone/integration-test/target/test-dir/MiniOzoneClusterImpl-35d8354e-3007-428c-81c8-adfd2a58d98b/datanode-6/meta/datanode.id
2019-08-28 06:53:49,678 | INFO  | SCMAudit | user=jenkins1000 | ip=192.168.36.66 | op=GET_VERSION null | ret=SUCCESS |  
2019-08-28 06:53:49,725 [Datanode State Machine Thread - 0] INFO  ozoneimpl.OzoneContainer (OzoneContainer.java:start(186)) - Attempting to start container services.
2019-08-28 06:53:49,725 [Datanode State Machine Thread - 0] INFO  ozoneimpl.OzoneContainer (OzoneContainer.java:startContainerScrub(160)) - Background container scrubber has been disabled by hdds.containerscrub.enabled
2019-08-28 06:53:49,725 [Datanode State Machine Thread - 0] INFO  ratis.XceiverServerRatis (XceiverServerRatis.java:start(404)) - Starting XceiverServerRatis f3f62326-8b92-46e7-9f36-b9cac99ba129 at port 0
2019-08-28 06:53:49,732 [Datanode State Machine Thread - 0] INFO  impl.RaftServerProxy (RaftServerProxy.java:lambda$start$3(299)) - f3f62326-8b92-46e7-9f36-b9cac99ba129: start RPC server
2019-08-28 06:53:49,733 [Datanode State Machine Thread - 0] INFO  server.GrpcService (GrpcService.java:startImpl(149)) - f3f62326-8b92-46e7-9f36-b9cac99ba129: GrpcService started, listening on 0.0.0.0/0.0.0.0:37859
2019-08-28 06:53:49,734 [Datanode State Machine Thread - 0] INFO  ratis.XceiverServerRatis (XceiverServerRatis.java:start(414)) - XceiverServerRatis f3f62326-8b92-46e7-9f36-b9cac99ba129 is started using port 37859
2019-08-28 06:53:49,737 [Datanode State Machine Thread - 0] INFO  server.XceiverServerGrpc (XceiverServerGrpc.java:start(161)) - XceiverServerGrpc f3f62326-8b92-46e7-9f36-b9cac99ba129 is started using port 42625
2019-08-28 06:53:49,940 [main] INFO  ozone.MiniOzoneClusterImpl (MiniOzoneClusterImpl.java:lambda$waitForClusterToBeReady$0(142)) - Waiting for cluster to be ready. Got 0 of 7 DN Heartbeats.
2019-08-28 06:53:50,021 | INFO  | SCMAudit | user=jenkins1000 | ip=192.168.36.66 | op=GET_VERSION null | ret=SUCCESS |  
2019-08-28 06:53:50,035 [Datanode State Machine Thread - 0] INFO  ozoneimpl.OzoneContainer (OzoneContainer.java:start(186)) - Attempting to start container services.
2019-08-28 06:53:50,035 [Datanode State Machine Thread - 0] INFO  ozoneimpl.OzoneContainer (OzoneContainer.java:startContainerScrub(160)) - Background container scrubber has been disabled by hdds.containerscrub.enabled
2019-08-28 06:53:50,036 [Datanode State Machine Thread - 0] INFO  ratis.XceiverServerRatis (XceiverServerRatis.java:start(404)) - Starting XceiverServerRatis 950a0533-9469-43b5-b9c4-edf7c4baab0a at port 0
2019-08-28 06:53:50,041 [Datanode State Machine Thread - 0] INFO  impl.RaftServerProxy (RaftServerProxy.java:lambda$start$3(299)) - 950a0533-9469-43b5-b9c4-edf7c4baab0a: start RPC server
2019-08-28 06:53:50,042 [Datanode State Machine Thread - 0] INFO  server.GrpcService (GrpcService.java:startImpl(149)) - 950a0533-9469-43b5-b9c4-edf7c4baab0a: GrpcService started, listening on 0.0.0.0/0.0.0.0:44256
2019-08-28 06:53:50,042 [Datanode State Machine Thread - 0] INFO  ratis.XceiverServerRatis (XceiverServerRatis.java:start(414)) - XceiverServerRatis 950a0533-9469-43b5-b9c4-edf7c4baab0a is started using port 44256
2019-08-28 06:53:50,045 [Datanode State Machine Thread - 0] INFO  server.XceiverServerGrpc (XceiverServerGrpc.java:start(161)) - XceiverServerGrpc 950a0533-9469-43b5-b9c4-edf7c4baab0a is started using port 37179
2019-08-28 06:53:50,195 | INFO  | SCMAudit | user=jenkins1000 | ip=192.168.36.66 | op=GET_VERSION null | ret=SUCCESS |  
2019-08-28 06:53:50,211 [Datanode State Machine Thread - 0] INFO  ozoneimpl.OzoneContainer (OzoneContainer.java:start(186)) - Attempting to start container services.
2019-08-28 06:53:50,211 [Datanode State Machine Thread - 0] INFO  ozoneimpl.OzoneContainer (OzoneContainer.java:startContainerScrub(160)) - Background container scrubber has been disabled by hdds.containerscrub.enabled
2019-08-28 06:53:50,211 [Datanode State Machine Thread - 0] INFO  ratis.XceiverServerRatis (XceiverServerRatis.java:start(404)) - Starting XceiverServerRatis 87fd7076-0834-4f8c-a36e-102ac7fe9c40 at port 0
2019-08-28 06:53:50,215 [Datanode State Machine Thread - 0] INFO  impl.RaftServerProxy (RaftServerProxy.java:lambda$start$3(299)) - 87fd7076-0834-4f8c-a36e-102ac7fe9c40: start RPC server
2019-08-28 06:53:50,216 [Datanode State Machine Thread - 0] INFO  server.GrpcService (GrpcService.java:startImpl(149)) - 87fd7076-0834-4f8c-a36e-102ac7fe9c40: GrpcService started, listening on 0.0.0.0/0.0.0.0:36836
2019-08-28 06:53:50,216 [Datanode State Machine Thread - 0] INFO  ratis.XceiverServerRatis (XceiverServerRatis.java:start(414)) - XceiverServerRatis 87fd7076-0834-4f8c-a36e-102ac7fe9c40 is started using port 36836
2019-08-28 06:53:50,218 [Datanode State Machine Thread - 0] INFO  server.XceiverServerGrpc (XceiverServerGrpc.java:start(161)) - XceiverServerGrpc 87fd7076-0834-4f8c-a36e-102ac7fe9c40 is started using port 36845
2019-08-28 06:53:50,408 | INFO  | SCMAudit | user=jenkins1000 | ip=192.168.36.66 | op=GET_VERSION null | ret=SUCCESS |  
2019-08-28 06:53:50,422 [Datanode State Machine Thread - 0] INFO  ozoneimpl.OzoneContainer (OzoneContainer.java:start(186)) - Attempting to start container services.
2019-08-28 06:53:50,422 [Datanode State Machine Thread - 0] INFO  ozoneimpl.OzoneContainer (OzoneContainer.java:startContainerScrub(160)) - Background container scrubber has been disabled by hdds.containerscrub.enabled
2019-08-28 06:53:50,423 [Datanode State Machine Thread - 0] INFO  ratis.XceiverServerRatis (XceiverServerRatis.java:start(404)) - Starting XceiverServerRatis e7706eca-30e7-4076-96c5-867c4236a33c at port 0
2019-08-28 06:53:50,430 [Datanode State Machine Thread - 0] INFO  impl.RaftServerProxy (RaftServerProxy.java:lambda$start$3(299)) - e7706eca-30e7-4076-96c5-867c4236a33c: start RPC server
2019-08-28 06:53:50,433 [Datanode State Machine Thread - 0] INFO  server.GrpcService (GrpcService.java:startImpl(149)) - e7706eca-30e7-4076-96c5-867c4236a33c: GrpcService started, listening on 0.0.0.0/0.0.0.0:35048
2019-08-28 06:53:50,433 [Datanode State Machine Thread - 0] INFO  ratis.XceiverServerRatis (XceiverServerRatis.java:start(414)) - XceiverServerRatis e7706eca-30e7-4076-96c5-867c4236a33c is started using port 35048
2019-08-28 06:53:50,434 [Datanode State Machine Thread - 0] INFO  server.XceiverServerGrpc (XceiverServerGrpc.java:start(161)) - XceiverServerGrpc e7706eca-30e7-4076-96c5-867c4236a33c is started using port 37343
2019-08-28 06:53:50,571 | INFO  | SCMAudit | user=jenkins1000 | ip=192.168.36.66 | op=GET_VERSION null | ret=SUCCESS |  
2019-08-28 06:53:50,585 [Datanode State Machine Thread - 0] INFO  ozoneimpl.OzoneContainer (OzoneContainer.java:start(186)) - Attempting to start container services.
2019-08-28 06:53:50,585 [Datanode State Machine Thread - 0] INFO  ozoneimpl.OzoneContainer (OzoneContainer.java:startContainerScrub(160)) - Background container scrubber has been disabled by hdds.containerscrub.enabled
2019-08-28 06:53:50,586 [Datanode State Machine Thread - 0] INFO  ratis.XceiverServerRatis (XceiverServerRatis.java:start(404)) - Starting XceiverServerRatis cb63d383-7845-45fd-aceb-d6b4bea4aee4 at port 0
2019-08-28 06:53:50,591 [Datanode State Machine Thread - 0] INFO  impl.RaftServerProxy (RaftServerProxy.java:lambda$start$3(299)) - cb63d383-7845-45fd-aceb-d6b4bea4aee4: start RPC server
2019-08-28 06:53:50,594 [Datanode State Machine Thread - 0] INFO  server.GrpcService (GrpcService.java:startImpl(149)) - cb63d383-7845-45fd-aceb-d6b4bea4aee4: GrpcService started, listening on 0.0.0.0/0.0.0.0:39975
2019-08-28 06:53:50,594 [Datanode State Machine Thread - 0] INFO  ratis.XceiverServerRatis (XceiverServerRatis.java:start(414)) - XceiverServerRatis cb63d383-7845-45fd-aceb-d6b4bea4aee4 is started using port 39975
2019-08-28 06:53:50,595 [Datanode State Machine Thread - 0] INFO  server.XceiverServerGrpc (XceiverServerGrpc.java:start(161)) - XceiverServerGrpc cb63d383-7845-45fd-aceb-d6b4bea4aee4 is started using port 36862
2019-08-28 06:53:50,758 | INFO  | SCMAudit | user=jenkins1000 | ip=192.168.36.66 | op=GET_VERSION null | ret=SUCCESS |  
2019-08-28 06:53:50,772 [Datanode State Machine Thread - 0] INFO  ozoneimpl.OzoneContainer (OzoneContainer.java:start(186)) - Attempting to start container services.
2019-08-28 06:53:50,773 [Datanode State Machine Thread - 0] INFO  ozoneimpl.OzoneContainer (OzoneContainer.java:startContainerScrub(160)) - Background container scrubber has been disabled by hdds.containerscrub.enabled
2019-08-28 06:53:50,773 [Datanode State Machine Thread - 0] INFO  ratis.XceiverServerRatis (XceiverServerRatis.java:start(404)) - Starting XceiverServerRatis e65f4345-a750-4eee-8a6b-22129dee7a8f at port 0
2019-08-28 06:53:50,778 [Datanode State Machine Thread - 0] INFO  impl.RaftServerProxy (RaftServerProxy.java:lambda$start$3(299)) - e65f4345-a750-4eee-8a6b-22129dee7a8f: start RPC server
2019-08-28 06:53:50,782 [Datanode State Machine Thread - 0] INFO  server.GrpcService (GrpcService.java:startImpl(149)) - e65f4345-a750-4eee-8a6b-22129dee7a8f: GrpcService started, listening on 0.0.0.0/0.0.0.0:39120
2019-08-28 06:53:50,782 [Datanode State Machine Thread - 0] INFO  ratis.XceiverServerRatis (XceiverServerRatis.java:start(414)) - XceiverServerRatis e65f4345-a750-4eee-8a6b-22129dee7a8f is started using port 39120
2019-08-28 06:53:50,782 [Datanode State Machine Thread - 0] INFO  server.XceiverServerGrpc (XceiverServerGrpc.java:start(161)) - XceiverServerGrpc e65f4345-a750-4eee-8a6b-22129dee7a8f is started using port 38207
2019-08-28 06:53:50,941 [main] INFO  ozone.MiniOzoneClusterImpl (MiniOzoneClusterImpl.java:lambda$waitForClusterToBeReady$0(142)) - Waiting for cluster to be ready. Got 0 of 7 DN Heartbeats.
2019-08-28 06:53:50,942 | INFO  | SCMAudit | user=jenkins1000 | ip=192.168.36.66 | op=GET_VERSION null | ret=SUCCESS |  
2019-08-28 06:53:50,955 [Datanode State Machine Thread - 0] INFO  ozoneimpl.OzoneContainer (OzoneContainer.java:start(186)) - Attempting to start container services.
2019-08-28 06:53:50,955 [Datanode State Machine Thread - 0] INFO  ozoneimpl.OzoneContainer (OzoneContainer.java:startContainerScrub(160)) - Background container scrubber has been disabled by hdds.containerscrub.enabled
2019-08-28 06:53:50,955 [Datanode State Machine Thread - 0] INFO  ratis.XceiverServerRatis (XceiverServerRatis.java:start(404)) - Starting XceiverServerRatis 763fef36-99f7-4ef0-acc1-5c6529809efb at port 0
2019-08-28 06:53:50,960 [Datanode State Machine Thread - 0] INFO  impl.RaftServerProxy (RaftServerProxy.java:lambda$start$3(299)) - 763fef36-99f7-4ef0-acc1-5c6529809efb: start RPC server
2019-08-28 06:53:50,968 [Datanode State Machine Thread - 0] INFO  server.GrpcService (GrpcService.java:startImpl(149)) - 763fef36-99f7-4ef0-acc1-5c6529809efb: GrpcService started, listening on 0.0.0.0/0.0.0.0:32791
2019-08-28 06:53:50,968 [Datanode State Machine Thread - 0] INFO  ratis.XceiverServerRatis (XceiverServerRatis.java:start(414)) - XceiverServerRatis 763fef36-99f7-4ef0-acc1-5c6529809efb is started using port 32791
2019-08-28 06:53:50,969 [Datanode State Machine Thread - 0] INFO  server.XceiverServerGrpc (XceiverServerGrpc.java:start(161)) - XceiverServerGrpc 763fef36-99f7-4ef0-acc1-5c6529809efb is started using port 41641
2019-08-28 06:53:51,679 [IPC Server handler 15 on 43122] INFO  net.NetworkTopology (NetworkTopologyImpl.java:add(110)) - Added a new node: /default-rack/f3f62326-8b92-46e7-9f36-b9cac99ba129
2019-08-28 06:53:51,681 [IPC Server handler 15 on 43122] INFO  node.SCMNodeManager (SCMNodeManager.java:register(273)) - Registered Data node : f3f62326-8b92-46e7-9f36-b9cac99ba129{ip: 192.168.36.66, host: pr-hdds-1553-ns4jj-3895572740, networkLocation: /default-rack, certSerialId: null}
2019-08-28 06:53:51,682 [EventQueue-NodeRegistrationContainerReportForDataNodeSafeModeRule] INFO  safemode.SCMSafeModeManager (DataNodeSafeModeRule.java:process(71)) - SCM in safe mode. 1 DataNodes registered, 1 required.
2019-08-28 06:53:51,682 | INFO  | SCMAudit | user=jenkins1000 | ip=192.168.36.66 | op=REGISTER {datanodeDetails=f3f62326-8b92-46e7-9f36-b9cac99ba129{ip: 192.168.36.66, host: pr-hdds-1553-ns4jj-3895572740, networkLocation: /default-rack, certSerialId: null}} | ret=SUCCESS |  
2019-08-28 06:53:51,684 [EventQueue-NodeRegistrationContainerReportForDataNodeSafeModeRule] INFO  safemode.SCMSafeModeManager (SCMSafeModeManager.java:validateSafeModeExitRules(177)) - ScmSafeModeManager, all rules are successfully validated
2019-08-28 06:53:51,684 [EventQueue-NodeRegistrationContainerReportForDataNodeSafeModeRule] INFO  safemode.SCMSafeModeManager (SCMSafeModeManager.java:exitSafeMode(193)) - SCM exiting safe mode.
2019-08-28 06:53:51,705 [grpc-default-executor-9] INFO  impl.RaftServerProxy (RaftServerProxy.java:addNew(89)) - f3f62326-8b92-46e7-9f36-b9cac99ba129: addNew group-4909E24EA900:[f3f62326-8b92-46e7-9f36-b9cac99ba129:192.168.36.66:37859] returns group-4909E24EA900:java.util.concurrent.CompletableFuture@3e3ae7d8[Not completed]
2019-08-28 06:53:51,706 [pool-439-thread-1] INFO  impl.RaftServerImpl (RaftServerImpl.java:<init>(93)) - f3f62326-8b92-46e7-9f36-b9cac99ba129: new RaftServerImpl for group-4909E24EA900:[f3f62326-8b92-46e7-9f36-b9cac99ba129:192.168.36.66:37859] with ContainerStateMachine:uninitialized
2019-08-28 06:53:51,706 [pool-439-thread-1] INFO  server.RaftServerConfigKeys (ConfUtils.java:logGet(43)) - raft.server.rpc.timeout.min = 5s (custom)
2019-08-28 06:53:51,706 [pool-439-thread-1] INFO  server.RaftServerConfigKeys (ConfUtils.java:logGet(43)) - raft.server.rpc.timeout.max = 5200ms (custom)
2019-08-28 06:53:51,706 [pool-439-thread-1] INFO  server.RaftServerConfigKeys (ConfUtils.java:logGet(43)) - raft.server.rpcslowness.timeout = 120s (custom)
2019-08-28 06:53:51,706 [pool-439-thread-1] INFO  server.RaftServerConfigKeys (ConfUtils.java:logGet(43)) - raft.server.sleep.deviation.threshold = 300 (default)
2019-08-28 06:53:51,706 [pool-439-thread-1] INFO  server.RaftServerConfigKeys (ConfUtils.java:logGet(43)) - raft.server.log.appender.install.snapshot.enabled = false (custom)
2019-08-28 06:53:51,706 [pool-439-thread-1] INFO  impl.RaftServerImpl (ServerState.java:<init>(105)) - f3f62326-8b92-46e7-9f36-b9cac99ba129:group-4909E24EA900 ConfigurationManager, init=-1: [f3f62326-8b92-46e7-9f36-b9cac99ba129:192.168.36.66:37859], old=null, confs=<EMPTY_MAP>
2019-08-28 06:53:51,706 [pool-439-thread-1] INFO  server.RaftServerConfigKeys (ConfUtils.java:logGet(43)) - raft.server.storage.dir = [/workdir/hadoop-ozone/integration-test/target/test-dir/MiniOzoneClusterImpl-35d8354e-3007-428c-81c8-adfd2a58d98b/datanode-0/data/ratis] (custom)
2019-08-28 06:53:51,707 [pool-439-thread-1] INFO  storage.RaftStorageDirectory (RaftStorageDirectory.java:analyzeStorage(246)) - The storage directory /workdir/hadoop-ozone/integration-test/target/test-dir/MiniOzoneClusterImpl-35d8354e-3007-428c-81c8-adfd2a58d98b/datanode-0/data/ratis/e985043a-af0e-4c8c-ba9a-4909e24ea900 does not exist. Creating ...
2019-08-28 06:53:51,720 [pool-439-thread-1] INFO  storage.RaftStorageDirectory (RaftStorageDirectory.java:tryLock(328)) - Lock on /workdir/hadoop-ozone/integration-test/target/test-dir/MiniOzoneClusterImpl-35d8354e-3007-428c-81c8-adfd2a58d98b/datanode-0/data/ratis/e985043a-af0e-4c8c-ba9a-4909e24ea900/in_use.lock acquired by nodename 23281@pr-hdds-1553-ns4jj-3895572740
2019-08-28 06:53:51,733 [pool-439-thread-1] INFO  storage.RaftStorage (RaftStorage.java:format(72)) - Storage directory /workdir/hadoop-ozone/integration-test/target/test-dir/MiniOzoneClusterImpl-35d8354e-3007-428c-81c8-adfd2a58d98b/datanode-0/data/ratis/e985043a-af0e-4c8c-ba9a-4909e24ea900 has been successfully formatted.
2019-08-28 06:53:51,734 [pool-439-thread-1] INFO  ratis.ContainerStateMachine (ContainerStateMachine.java:loadSnapshot(226)) - group-4909E24EA900: The snapshot info is null. Setting the last applied indexto:(t:0, i:~)
2019-08-28 06:53:51,734 [pool-439-thread-1] INFO  server.RaftServerConfigKeys (ConfUtils.java:logGet(43)) - raft.server.leader.election.timeout = 120s (custom)
2019-08-28 06:53:51,734 [pool-439-thread-1] INFO  server.RaftServerConfigKeys (ConfUtils.java:logGet(43)) - raft.server.log.use.memory = false (default)
2019-08-28 06:53:51,734 [pool-439-thread-1] INFO  server.RaftServerConfigKeys (ConfUtils.java:logGet(43)) - raft.server.log.purge.gap = 1000000 (custom)
2019-08-28 06:53:51,734 [pool-439-thread-1] INFO  server.RaftServerConfigKeys (ConfUtils.java:logGet(43)) - raft.server.log.appender.buffer.byte-limit = 33554432 (custom)
2019-08-28 06:53:51,734 [pool-439-thread-1] INFO  server.RaftServerConfigKeys (ConfUtils.java:logGet(43)) - raft.server.log.segment.size.max = 1048576 (custom)
2019-08-28 06:53:51,734 [pool-439-thread-1] INFO  server.RaftServerConfigKeys (ConfUtils.java:logGet(43)) - raft.server.log.segment.cache.num.max = 2 (custom)
2019-08-28 06:53:51,734 [pool-439-thread-1] INFO  segmented.SegmentedRaftLogWorker (SegmentedRaftLogWorker.java:<init>(172)) - new f3f62326-8b92-46e7-9f36-b9cac99ba129-SegmentedRaftLogWorker:Storage Directory /workdir/hadoop-ozone/integration-test/target/test-dir/MiniOzoneClusterImpl-35d8354e-3007-428c-81c8-adfd2a58d98b/datanode-0/data/ratis/e985043a-af0e-4c8c-ba9a-4909e24ea900 for RaftStorage:Storage Directory /workdir/hadoop-ozone/integration-test/target/test-dir/MiniOzoneClusterImpl-35d8354e-3007-428c-81c8-adfd2a58d98b/datanode-0/data/ratis/e985043a-af0e-4c8c-ba9a-4909e24ea900
2019-08-28 06:53:51,735 [pool-439-thread-1] INFO  server.RaftServerConfigKeys (ConfUtils.java:logGet(43)) - raft.server.log.queue.byte-limit = 2147483647 (custom)
2019-08-28 06:53:51,735 [pool-439-thread-1] INFO  server.RaftServerConfigKeys (ConfUtils.java:logGet(43)) - raft.server.log.queue.element-limit = 1024 (custom)
2019-08-28 06:53:51,735 [pool-439-thread-1] INFO  server.RaftServerConfigKeys (ConfUtils.java:logGet(43)) - raft.server.log.segment.size.max = 1048576 (custom)
2019-08-28 06:53:51,735 [pool-439-thread-1] INFO  server.RaftServerConfigKeys (ConfUtils.java:logGet(43)) - raft.server.log.preallocated.size = 16384 (custom)
2019-08-28 06:53:51,735 [pool-439-thread-1] INFO  server.RaftServerConfigKeys (ConfUtils.java:logGet(43)) - raft.server.log.write.buffer.size = 33554432 (custom)
2019-08-28 06:53:51,735 [pool-439-thread-1] INFO  server.RaftServerConfigKeys (ConfUtils.java:logGet(43)) - raft.server.log.force.sync.num = 128 (default)
2019-08-28 06:53:51,735 [pool-439-thread-1] INFO  server.RaftServerConfigKeys (ConfUtils.java:logGet(43)) - raft.server.log.statemachine.data.sync = true (default)
2019-08-28 06:53:51,736 [pool-439-thread-1] INFO  server.RaftServerConfigKeys (ConfUtils.java:logGet(43)) - raft.server.log.statemachine.data.sync.timeout = 10s (default)
2019-08-28 06:53:51,736 [pool-439-thread-1] INFO  server.RaftServerConfigKeys (ConfUtils.java:logGet(43)) - raft.server.log.statemachine.data.sync.timeout.retry = -1 (default)
2019-08-28 06:53:51,736 [pool-439-thread-1] INFO  server.RaftServerConfigKeys (ConfUtils.java:logGet(43)) - raft.server.log.statemachine.data.caching.enabled = true (custom)
2019-08-28 06:53:51,736 [pool-439-thread-1] INFO  segmented.SegmentedRaftLogWorker (SegmentedRaftLogWorker.java:lambda$new$0(132)) - f3f62326-8b92-46e7-9f36-b9cac99ba129-SegmentedRaftLogWorker:Storage Directory /workdir/hadoop-ozone/integration-test/target/test-dir/MiniOzoneClusterImpl-35d8354e-3007-428c-81c8-adfd2a58d98b/datanode-0/data/ratis/e985043a-af0e-4c8c-ba9a-4909e24ea900: flushIndex: setUnconditionally 0 -> -1
2019-08-28 06:53:51,736 [pool-439-thread-1] INFO  server.RaftServerConfigKeys (ConfUtils.java:logGet(43)) - raft.server.snapshot.auto.trigger.enabled = true (custom)
2019-08-28 06:53:51,736 [pool-439-thread-1] INFO  server.RaftServerConfigKeys (ConfUtils.java:logGet(43)) - raft.server.snapshot.auto.trigger.threshold = 10000 (custom)
2019-08-28 06:53:51,736 [pool-439-thread-1] INFO  server.RaftServerConfigKeys (ConfUtils.java:logGet(43)) - raft.server.retrycache.expirytime = 600000ms (custom)
2019-08-28 06:53:51,737 [pool-439-thread-1] INFO  impl.RaftServerImpl (RaftServerImpl.java:start(180)) - f3f62326-8b92-46e7-9f36-b9cac99ba129: start group-4909E24EA900
2019-08-28 06:53:51,737 [pool-439-thread-1] INFO  impl.RaftServerImpl (RaftServerImpl.java:setRole(171)) - f3f62326-8b92-46e7-9f36-b9cac99ba129:group-4909E24EA900 changes role from null to FOLLOWER at term 0 for startAsFollower
2019-08-28 06:53:51,737 [pool-439-thread-1] INFO  impl.RoleInfo (RoleInfo.java:updateAndGet(143)) - f3f62326-8b92-46e7-9f36-b9cac99ba129: start FollowerState
2019-08-28 06:53:51,737 [pool-439-thread-1] INFO  util.JmxRegister (JmxRegister.java:tryRegister(44)) - Successfully registered JMX Bean with object name Ratis:service=RaftServer,group=group-4909E24EA900,id=f3f62326-8b92-46e7-9f36-b9cac99ba129
2019-08-28 06:53:51,740 [RatisPipelineUtilsThread] INFO  pipeline.PipelineStateManager (PipelineStateManager.java:addPipeline(56)) - Created pipeline Pipeline[ Id: e985043a-af0e-4c8c-ba9a-4909e24ea900, Nodes: f3f62326-8b92-46e7-9f36-b9cac99ba129{ip: 192.168.36.66, host: pr-hdds-1553-ns4jj-3895572740, networkLocation: /default-rack, certSerialId: null}, Type:RATIS, Factor:ONE, State:OPEN]
2019-08-28 06:53:51,941 [main] INFO  ozone.MiniOzoneClusterImpl (MiniOzoneClusterImpl.java:lambda$waitForClusterToBeReady$0(142)) - Waiting for cluster to be ready. Got 1 of 7 DN Heartbeats.
2019-08-28 06:53:52,021 [IPC Server handler 18 on 43122] INFO  net.NetworkTopology (NetworkTopologyImpl.java:add(110)) - Added a new node: /default-rack/950a0533-9469-43b5-b9c4-edf7c4baab0a
2019-08-28 06:53:52,021 [IPC Server handler 18 on 43122] INFO  node.SCMNodeManager (SCMNodeManager.java:register(273)) - Registered Data node : 950a0533-9469-43b5-b9c4-edf7c4baab0a{ip: 192.168.36.66, host: pr-hdds-1553-ns4jj-3895572740, networkLocation: /default-rack, certSerialId: null}
2019-08-28 06:53:52,022 | INFO  | SCMAudit | user=jenkins1000 | ip=192.168.36.66 | op=REGISTER {datanodeDetails=950a0533-9469-43b5-b9c4-edf7c4baab0a{ip: 192.168.36.66, host: pr-hdds-1553-ns4jj-3895572740, networkLocation: /default-rack, certSerialId: null}} | ret=SUCCESS |  
2019-08-28 06:53:52,029 [grpc-default-executor-9] INFO  impl.RaftServerProxy (RaftServerProxy.java:addNew(89)) - 950a0533-9469-43b5-b9c4-edf7c4baab0a: addNew group-41EB8AA5550A:[950a0533-9469-43b5-b9c4-edf7c4baab0a:192.168.36.66:44256] returns group-41EB8AA5550A:java.util.concurrent.CompletableFuture@1d308ba5[Not completed]
2019-08-28 06:53:52,030 [pool-450-thread-1] INFO  impl.RaftServerImpl (RaftServerImpl.java:<init>(93)) - 950a0533-9469-43b5-b9c4-edf7c4baab0a: new RaftServerImpl for group-41EB8AA5550A:[950a0533-9469-43b5-b9c4-edf7c4baab0a:192.168.36.66:44256] with ContainerStateMachine:uninitialized
2019-08-28 06:53:52,031 [pool-450-thread-1] INFO  server.RaftServerConfigKeys (ConfUtils.java:logGet(43)) - raft.server.rpc.timeout.min = 5s (custom)
2019-08-28 06:53:52,031 [pool-450-thread-1] INFO  server.RaftServerConfigKeys (ConfUtils.java:logGet(43)) - raft.server.rpc.timeout.max = 5200ms (custom)
2019-08-28 06:53:52,031 [pool-450-thread-1] INFO  server.RaftServerConfigKeys (ConfUtils.java:logGet(43)) - raft.server.rpcslowness.timeout = 120s (custom)
2019-08-28 06:53:52,031 [pool-450-thread-1] INFO  server.RaftServerConfigKeys (ConfUtils.java:logGet(43)) - raft.server.sleep.deviation.threshold = 300 (default)
2019-08-28 06:53:52,031 [pool-450-thread-1] INFO  server.RaftServerConfigKeys (ConfUtils.java:logGet(43)) - raft.server.log.appender.install.snapshot.enabled = false (custom)
2019-08-28 06:53:52,031 [pool-450-thread-1] INFO  impl.RaftServerImpl (ServerState.java:<init>(105)) - 950a0533-9469-43b5-b9c4-edf7c4baab0a:group-41EB8AA5550A ConfigurationManager, init=-1: [950a0533-9469-43b5-b9c4-edf7c4baab0a:192.168.36.66:44256], old=null, confs=<EMPTY_MAP>
2019-08-28 06:53:52,031 [pool-450-thread-1] INFO  server.RaftServerConfigKeys (ConfUtils.java:logGet(43)) - raft.server.storage.dir = [/workdir/hadoop-ozone/integration-test/target/test-dir/MiniOzoneClusterImpl-35d8354e-3007-428c-81c8-adfd2a58d98b/datanode-1/data/ratis] (custom)
2019-08-28 06:53:52,032 [pool-450-thread-1] INFO  storage.RaftStorageDirectory (RaftStorageDirectory.java:analyzeStorage(246)) - The storage directory /workdir/hadoop-ozone/integration-test/target/test-dir/MiniOzoneClusterImpl-35d8354e-3007-428c-81c8-adfd2a58d98b/datanode-1/data/ratis/ab6bbaa9-500d-480e-bb51-41eb8aa5550a does not exist. Creating ...
2019-08-28 06:53:52,045 [pool-450-thread-1] INFO  storage.RaftStorageDirectory (RaftStorageDirectory.java:tryLock(328)) - Lock on /workdir/hadoop-ozone/integration-test/target/test-dir/MiniOzoneClusterImpl-35d8354e-3007-428c-81c8-adfd2a58d98b/datanode-1/data/ratis/ab6bbaa9-500d-480e-bb51-41eb8aa5550a/in_use.lock acquired by nodename 23281@pr-hdds-1553-ns4jj-3895572740
2019-08-28 06:53:52,058 [pool-450-thread-1] INFO  storage.RaftStorage (RaftStorage.java:format(72)) - Storage directory /workdir/hadoop-ozone/integration-test/target/test-dir/MiniOzoneClusterImpl-35d8354e-3007-428c-81c8-adfd2a58d98b/datanode-1/data/ratis/ab6bbaa9-500d-480e-bb51-41eb8aa5550a has been successfully formatted.
2019-08-28 06:53:52,059 [pool-450-thread-1] INFO  ratis.ContainerStateMachine (ContainerStateMachine.java:loadSnapshot(226)) - group-41EB8AA5550A: The snapshot info is null. Setting the last applied indexto:(t:0, i:~)
2019-08-28 06:53:52,059 [pool-450-thread-1] INFO  server.RaftServerConfigKeys (ConfUtils.java:logGet(43)) - raft.server.leader.election.timeout = 120s (custom)
2019-08-28 06:53:52,059 [pool-450-thread-1] INFO  server.RaftServerConfigKeys (ConfUtils.java:logGet(43)) - raft.server.log.use.memory = false (default)
2019-08-28 06:53:52,059 [pool-450-thread-1] INFO  server.RaftServerConfigKeys (ConfUtils.java:logGet(43)) - raft.server.log.purge.gap = 1000000 (custom)
2019-08-28 06:53:52,059 [pool-450-thread-1] INFO  server.RaftServerConfigKeys (ConfUtils.java:logGet(43)) - raft.server.log.appender.buffer.byte-limit = 33554432 (custom)
2019-08-28 06:53:52,060 [pool-450-thread-1] INFO  server.RaftServerConfigKeys (ConfUtils.java:logGet(43)) - raft.server.log.segment.size.max = 1048576 (custom)
2019-08-28 06:53:52,060 [pool-450-thread-1] INFO  server.RaftServerConfigKeys (ConfUtils.java:logGet(43)) - raft.server.log.segment.cache.num.max = 2 (custom)
2019-08-28 06:53:52,060 [pool-450-thread-1] INFO  segmented.SegmentedRaftLogWorker (SegmentedRaftLogWorker.java:<init>(172)) - new 950a0533-9469-43b5-b9c4-edf7c4baab0a-SegmentedRaftLogWorker:Storage Directory /workdir/hadoop-ozone/integration-test/target/test-dir/MiniOzoneClusterImpl-35d8354e-3007-428c-81c8-adfd2a58d98b/datanode-1/data/ratis/ab6bbaa9-500d-480e-bb51-41eb8aa5550a for RaftStorage:Storage Directory /workdir/hadoop-ozone/integration-test/target/test-dir/MiniOzoneClusterImpl-35d8354e-3007-428c-81c8-adfd2a58d98b/datanode-1/data/ratis/ab6bbaa9-500d-480e-bb51-41eb8aa5550a
2019-08-28 06:53:52,060 [pool-450-thread-1] INFO  server.RaftServerConfigKeys (ConfUtils.java:logGet(43)) - raft.server.log.queue.byte-limit = 2147483647 (custom)
2019-08-28 06:53:52,060 [pool-450-thread-1] INFO  server.RaftServerConfigKeys (ConfUtils.java:logGet(43)) - raft.server.log.queue.element-limit = 1024 (custom)
2019-08-28 06:53:52,061 [pool-450-thread-1] INFO  server.RaftServerConfigKeys (ConfUtils.java:logGet(43)) - raft.server.log.segment.size.max = 1048576 (custom)
2019-08-28 06:53:52,061 [pool-450-thread-1] INFO  server.RaftServerConfigKeys (ConfUtils.java:logGet(43)) - raft.server.log.preallocated.size = 16384 (custom)
2019-08-28 06:53:52,061 [pool-450-thread-1] INFO  server.RaftServerConfigKeys (ConfUtils.java:logGet(43)) - raft.server.log.write.buffer.size = 33554432 (custom)
2019-08-28 06:53:52,061 [pool-450-thread-1] INFO  server.RaftServerConfigKeys (ConfUtils.java:logGet(43)) - raft.server.log.force.sync.num = 128 (default)
2019-08-28 06:53:52,061 [pool-450-thread-1] INFO  server.RaftServerConfigKeys (ConfUtils.java:logGet(43)) - raft.server.log.statemachine.data.sync = true (default)
2019-08-28 06:53:52,061 [pool-450-thread-1] INFO  server.RaftServerConfigKeys (ConfUtils.java:logGet(43)) - raft.server.log.statemachine.data.sync.timeout = 10s (default)
2019-08-28 06:53:52,061 [pool-450-thread-1] INFO  server.RaftServerConfigKeys (ConfUtils.java:logGet(43)) - raft.server.log.statemachine.data.sync.timeout.retry = -1 (default)
2019-08-28 06:53:52,062 [pool-450-thread-1] INFO  server.RaftServerConfigKeys (ConfUtils.java:logGet(43)) - raft.server.log.statemachine.data.caching.enabled = true (custom)
2019-08-28 06:53:52,063 [pool-450-thread-1] INFO  segmented.SegmentedRaftLogWorker (SegmentedRaftLogWorker.java:lambda$new$0(132)) - 950a0533-9469-43b5-b9c4-edf7c4baab0a-SegmentedRaftLogWorker:Storage Directory /workdir/hadoop-ozone/integration-test/target/test-dir/MiniOzoneClusterImpl-35d8354e-3007-428c-81c8-adfd2a58d98b/datanode-1/data/ratis/ab6bbaa9-500d-480e-bb51-41eb8aa5550a: flushIndex: setUnconditionally 0 -> -1
2019-08-28 06:53:52,063 [pool-450-thread-1] INFO  server.RaftServerConfigKeys (ConfUtils.java:logGet(43)) - raft.server.snapshot.auto.trigger.enabled = true (custom)
2019-08-28 06:53:52,063 [pool-450-thread-1] INFO  server.RaftServerConfigKeys (ConfUtils.java:logGet(43)) - raft.server.snapshot.auto.trigger.threshold = 10000 (custom)
2019-08-28 06:53:52,063 [pool-450-thread-1] INFO  server.RaftServerConfigKeys (ConfUtils.java:logGet(43)) - raft.server.retrycache.expirytime = 600000ms (custom)
2019-08-28 06:53:52,063 [pool-450-thread-1] INFO  impl.RaftServerImpl (RaftServerImpl.java:start(180)) - 950a0533-9469-43b5-b9c4-edf7c4baab0a: start group-41EB8AA5550A
2019-08-28 06:53:52,063 [pool-450-thread-1] INFO  impl.RaftServerImpl (RaftServerImpl.java:setRole(171)) - 950a0533-9469-43b5-b9c4-edf7c4baab0a:group-41EB8AA5550A changes role from null to FOLLOWER at term 0 for startAsFollower
2019-08-28 06:53:52,064 [pool-450-thread-1] INFO  impl.RoleInfo (RoleInfo.java:updateAndGet(143)) - 950a0533-9469-43b5-b9c4-edf7c4baab0a: start FollowerState
2019-08-28 06:53:52,064 [pool-450-thread-1] INFO  util.JmxRegister (JmxRegister.java:tryRegister(44)) - Successfully registered JMX Bean with object name Ratis:service=RaftServer,group=group-41EB8AA5550A,id=950a0533-9469-43b5-b9c4-edf7c4baab0a
2019-08-28 06:53:52,066 [RatisPipelineUtilsThread] INFO  pipeline.PipelineStateManager (PipelineStateManager.java:addPipeline(56)) - Created pipeline Pipeline[ Id: ab6bbaa9-500d-480e-bb51-41eb8aa5550a, Nodes: 950a0533-9469-43b5-b9c4-edf7c4baab0a{ip: 192.168.36.66, host: pr-hdds-1553-ns4jj-3895572740, networkLocation: /default-rack, certSerialId: null}, Type:RATIS, Factor:ONE, State:OPEN]
2019-08-28 06:53:52,196 [IPC Server handler 19 on 43122] INFO  net.NetworkTopology (NetworkTopologyImpl.java:add(110)) - Added a new node: /default-rack/87fd7076-0834-4f8c-a36e-102ac7fe9c40
2019-08-28 06:53:52,196 [IPC Server handler 19 on 43122] INFO  node.SCMNodeManager (SCMNodeManager.java:register(273)) - Registered Data node : 87fd7076-0834-4f8c-a36e-102ac7fe9c40{ip: 192.168.36.66, host: pr-hdds-1553-ns4jj-3895572740, networkLocation: /default-rack, certSerialId: null}
2019-08-28 06:53:52,196 | INFO  | SCMAudit | user=jenkins1000 | ip=192.168.36.66 | op=REGISTER {datanodeDetails=87fd7076-0834-4f8c-a36e-102ac7fe9c40{ip: 192.168.36.66, host: pr-hdds-1553-ns4jj-3895572740, networkLocation: /default-rack, certSerialId: null}} | ret=SUCCESS |  
2019-08-28 06:53:52,207 [grpc-default-executor-9] INFO  impl.RaftServerProxy (RaftServerProxy.java:addNew(89)) - 87fd7076-0834-4f8c-a36e-102ac7fe9c40: addNew group-CC47AC649BDF:[87fd7076-0834-4f8c-a36e-102ac7fe9c40:192.168.36.66:36836] returns group-CC47AC649BDF:java.util.concurrent.CompletableFuture@40c4ce5c[Not completed]
2019-08-28 06:53:52,209 [pool-461-thread-1] INFO  impl.RaftServerImpl (RaftServerImpl.java:<init>(93)) - 87fd7076-0834-4f8c-a36e-102ac7fe9c40: new RaftServerImpl for group-CC47AC649BDF:[87fd7076-0834-4f8c-a36e-102ac7fe9c40:192.168.36.66:36836] with ContainerStateMachine:uninitialized
2019-08-28 06:53:52,209 [pool-461-thread-1] INFO  server.RaftServerConfigKeys (ConfUtils.java:logGet(43)) - raft.server.rpc.timeout.min = 5s (custom)
2019-08-28 06:53:52,209 [pool-461-thread-1] INFO  server.RaftServerConfigKeys (ConfUtils.java:logGet(43)) - raft.server.rpc.timeout.max = 5200ms (custom)
2019-08-28 06:53:52,209 [pool-461-thread-1] INFO  server.RaftServerConfigKeys (ConfUtils.java:logGet(43)) - raft.server.rpcslowness.timeout = 120s (custom)
2019-08-28 06:53:52,209 [pool-461-thread-1] INFO  server.RaftServerConfigKeys (ConfUtils.java:logGet(43)) - raft.server.sleep.deviation.threshold = 300 (default)
2019-08-28 06:53:52,209 [pool-461-thread-1] INFO  server.RaftServerConfigKeys (ConfUtils.java:logGet(43)) - raft.server.log.appender.install.snapshot.enabled = false (custom)
2019-08-28 06:53:52,209 [pool-461-thread-1] INFO  impl.RaftServerImpl (ServerState.java:<init>(105)) - 87fd7076-0834-4f8c-a36e-102ac7fe9c40:group-CC47AC649BDF ConfigurationManager, init=-1: [87fd7076-0834-4f8c-a36e-102ac7fe9c40:192.168.36.66:36836], old=null, confs=<EMPTY_MAP>
2019-08-28 06:53:52,210 [pool-461-thread-1] INFO  server.RaftServerConfigKeys (ConfUtils.java:logGet(43)) - raft.server.storage.dir = [/workdir/hadoop-ozone/integration-test/target/test-dir/MiniOzoneClusterImpl-35d8354e-3007-428c-81c8-adfd2a58d98b/datanode-2/data/ratis] (custom)
2019-08-28 06:53:52,210 [pool-461-thread-1] INFO  storage.RaftStorageDirectory (RaftStorageDirectory.java:analyzeStorage(246)) - The storage directory /workdir/hadoop-ozone/integration-test/target/test-dir/MiniOzoneClusterImpl-35d8354e-3007-428c-81c8-adfd2a58d98b/datanode-2/data/ratis/1096fa4a-8136-4dd6-b4d9-cc47ac649bdf does not exist. Creating ...
2019-08-28 06:53:52,223 [pool-461-thread-1] INFO  storage.RaftStorageDirectory (RaftStorageDirectory.java:tryLock(328)) - Lock on /workdir/hadoop-ozone/integration-test/target/test-dir/MiniOzoneClusterImpl-35d8354e-3007-428c-81c8-adfd2a58d98b/datanode-2/data/ratis/1096fa4a-8136-4dd6-b4d9-cc47ac649bdf/in_use.lock acquired by nodename 23281@pr-hdds-1553-ns4jj-3895572740
2019-08-28 06:53:52,236 [pool-461-thread-1] INFO  storage.RaftStorage (RaftStorage.java:format(72)) - Storage directory /workdir/hadoop-ozone/integration-test/target/test-dir/MiniOzoneClusterImpl-35d8354e-3007-428c-81c8-adfd2a58d98b/datanode-2/data/ratis/1096fa4a-8136-4dd6-b4d9-cc47ac649bdf has been successfully formatted.
2019-08-28 06:53:52,236 [pool-461-thread-1] INFO  ratis.ContainerStateMachine (ContainerStateMachine.java:loadSnapshot(226)) - group-CC47AC649BDF: The snapshot info is null. Setting the last applied indexto:(t:0, i:~)
2019-08-28 06:53:52,236 [pool-461-thread-1] INFO  server.RaftServerConfigKeys (ConfUtils.java:logGet(43)) - raft.server.leader.election.timeout = 120s (custom)
2019-08-28 06:53:52,237 [pool-461-thread-1] INFO  server.RaftServerConfigKeys (ConfUtils.java:logGet(43)) - raft.server.log.use.memory = false (default)
2019-08-28 06:53:52,237 [pool-461-thread-1] INFO  server.RaftServerConfigKeys (ConfUtils.java:logGet(43)) - raft.server.log.purge.gap = 1000000 (custom)
2019-08-28 06:53:52,237 [pool-461-thread-1] INFO  server.RaftServerConfigKeys (ConfUtils.java:logGet(43)) - raft.server.log.appender.buffer.byte-limit = 33554432 (custom)
2019-08-28 06:53:52,237 [pool-461-thread-1] INFO  server.RaftServerConfigKeys (ConfUtils.java:logGet(43)) - raft.server.log.segment.size.max = 1048576 (custom)
2019-08-28 06:53:52,237 [pool-461-thread-1] INFO  server.RaftServerConfigKeys (ConfUtils.java:logGet(43)) - raft.server.log.segment.cache.num.max = 2 (custom)
2019-08-28 06:53:52,237 [pool-461-thread-1] INFO  segmented.SegmentedRaftLogWorker (SegmentedRaftLogWorker.java:<init>(172)) - new 87fd7076-0834-4f8c-a36e-102ac7fe9c40-SegmentedRaftLogWorker:Storage Directory /workdir/hadoop-ozone/integration-test/target/test-dir/MiniOzoneClusterImpl-35d8354e-3007-428c-81c8-adfd2a58d98b/datanode-2/data/ratis/1096fa4a-8136-4dd6-b4d9-cc47ac649bdf for RaftStorage:Storage Directory /workdir/hadoop-ozone/integration-test/target/test-dir/MiniOzoneClusterImpl-35d8354e-3007-428c-81c8-adfd2a58d98b/datanode-2/data/ratis/1096fa4a-8136-4dd6-b4d9-cc47ac649bdf
2019-08-28 06:53:52,237 [pool-461-thread-1] INFO  server.RaftServerConfigKeys (ConfUtils.java:logGet(43)) - raft.server.log.queue.byte-limit = 2147483647 (custom)
2019-08-28 06:53:52,237 [pool-461-thread-1] INFO  server.RaftServerConfigKeys (ConfUtils.java:logGet(43)) - raft.server.log.queue.element-limit = 1024 (custom)
2019-08-28 06:53:52,238 [pool-461-thread-1] INFO  server.RaftServerConfigKeys (ConfUtils.java:logGet(43)) - raft.server.log.segment.size.max = 1048576 (custom)
2019-08-28 06:53:52,238 [pool-461-thread-1] INFO  server.RaftServerConfigKeys (ConfUtils.java:logGet(43)) - raft.server.log.preallocated.size = 16384 (custom)
2019-08-28 06:53:52,238 [pool-461-thread-1] INFO  server.RaftServerConfigKeys (ConfUtils.java:logGet(43)) - raft.server.log.write.buffer.size = 33554432 (custom)
2019-08-28 06:53:52,238 [pool-461-thread-1] INFO  server.RaftServerConfigKeys (ConfUtils.java:logGet(43)) - raft.server.log.force.sync.num = 128 (default)
2019-08-28 06:53:52,238 [pool-461-thread-1] INFO  server.RaftServerConfigKeys (ConfUtils.java:logGet(43)) - raft.server.log.statemachine.data.sync = true (default)
2019-08-28 06:53:52,238 [pool-461-thread-1] INFO  server.RaftServerConfigKeys (ConfUtils.java:logGet(43)) - raft.server.log.statemachine.data.sync.timeout = 10s (default)
2019-08-28 06:53:52,238 [pool-461-thread-1] INFO  server.RaftServerConfigKeys (ConfUtils.java:logGet(43)) - raft.server.log.statemachine.data.sync.timeout.retry = -1 (default)
2019-08-28 06:53:52,238 [pool-461-thread-1] INFO  server.RaftServerConfigKeys (ConfUtils.java:logGet(43)) - raft.server.log.statemachine.data.caching.enabled = true (custom)
2019-08-28 06:53:52,239 [pool-461-thread-1] INFO  segmented.SegmentedRaftLogWorker (SegmentedRaftLogWorker.java:lambda$new$0(132)) - 87fd7076-0834-4f8c-a36e-102ac7fe9c40-SegmentedRaftLogWorker:Storage Directory /workdir/hadoop-ozone/integration-test/target/test-dir/MiniOzoneClusterImpl-35d8354e-3007-428c-81c8-adfd2a58d98b/datanode-2/data/ratis/1096fa4a-8136-4dd6-b4d9-cc47ac649bdf: flushIndex: setUnconditionally 0 -> -1
2019-08-28 06:53:52,239 [pool-461-thread-1] INFO  server.RaftServerConfigKeys (ConfUtils.java:logGet(43)) - raft.server.snapshot.auto.trigger.enabled = true (custom)
2019-08-28 06:53:52,239 [pool-461-thread-1] INFO  server.RaftServerConfigKeys (ConfUtils.java:logGet(43)) - raft.server.snapshot.auto.trigger.threshold = 10000 (custom)
2019-08-28 06:53:52,239 [pool-461-thread-1] INFO  server.RaftServerConfigKeys (ConfUtils.java:logGet(43)) - raft.server.retrycache.expirytime = 600000ms (custom)
2019-08-28 06:53:52,239 [pool-461-thread-1] INFO  impl.RaftServerImpl (RaftServerImpl.java:start(180)) - 87fd7076-0834-4f8c-a36e-102ac7fe9c40: start group-CC47AC649BDF
2019-08-28 06:53:52,239 [pool-461-thread-1] INFO  impl.RaftServerImpl (RaftServerImpl.java:setRole(171)) - 87fd7076-0834-4f8c-a36e-102ac7fe9c40:group-CC47AC649BDF changes role from null to FOLLOWER at term 0 for startAsFollower
2019-08-28 06:53:52,239 [pool-461-thread-1] INFO  impl.RoleInfo (RoleInfo.java:updateAndGet(143)) - 87fd7076-0834-4f8c-a36e-102ac7fe9c40: start FollowerState
2019-08-28 06:53:52,240 [pool-461-thread-1] INFO  util.JmxRegister (JmxRegister.java:tryRegister(44)) - Successfully registered JMX Bean with object name Ratis:service=RaftServer,group=group-CC47AC649BDF,id=87fd7076-0834-4f8c-a36e-102ac7fe9c40
2019-08-28 06:53:52,242 [RatisPipelineUtilsThread] INFO  pipeline.PipelineStateManager (PipelineStateManager.java:addPipeline(56)) - Created pipeline Pipeline[ Id: 1096fa4a-8136-4dd6-b4d9-cc47ac649bdf, Nodes: 87fd7076-0834-4f8c-a36e-102ac7fe9c40{ip: 192.168.36.66, host: pr-hdds-1553-ns4jj-3895572740, networkLocation: /default-rack, certSerialId: null}, Type:RATIS, Factor:ONE, State:OPEN]
2019-08-28 06:53:52,257 [grpc-default-executor-8] INFO  impl.RaftServerProxy (RaftServerProxy.java:addNew(89)) - 87fd7076-0834-4f8c-a36e-102ac7fe9c40: addNew group-FB7DE9B29A7D:[950a0533-9469-43b5-b9c4-edf7c4baab0a:192.168.36.66:44256, f3f62326-8b92-46e7-9f36-b9cac99ba129:192.168.36.66:37859, 87fd7076-0834-4f8c-a36e-102ac7fe9c40:192.168.36.66:36836] returns group-FB7DE9B29A7D:java.util.concurrent.CompletableFuture@6f218610[Not completed]
2019-08-28 06:53:52,257 [grpc-default-executor-7] INFO  impl.RaftServerProxy (RaftServerProxy.java:addNew(89)) - 950a0533-9469-43b5-b9c4-edf7c4baab0a: addNew group-FB7DE9B29A7D:[950a0533-9469-43b5-b9c4-edf7c4baab0a:192.168.36.66:44256, f3f62326-8b92-46e7-9f36-b9cac99ba129:192.168.36.66:37859, 87fd7076-0834-4f8c-a36e-102ac7fe9c40:192.168.36.66:36836] returns group-FB7DE9B29A7D:java.util.concurrent.CompletableFuture@73ac7e9a[Not completed]
2019-08-28 06:53:52,257 [grpc-default-executor-9] INFO  impl.RaftServerProxy (RaftServerProxy.java:addNew(89)) - f3f62326-8b92-46e7-9f36-b9cac99ba129: addNew group-FB7DE9B29A7D:[950a0533-9469-43b5-b9c4-edf7c4baab0a:192.168.36.66:44256, f3f62326-8b92-46e7-9f36-b9cac99ba129:192.168.36.66:37859, 87fd7076-0834-4f8c-a36e-102ac7fe9c40:192.168.36.66:36836] returns group-FB7DE9B29A7D:java.util.concurrent.CompletableFuture@4890c3d9[Not completed]
2019-08-28 06:53:52,258 [pool-461-thread-1] INFO  impl.RaftServerImpl (RaftServerImpl.java:<init>(93)) - 87fd7076-0834-4f8c-a36e-102ac7fe9c40: new RaftServerImpl for group-FB7DE9B29A7D:[950a0533-9469-43b5-b9c4-edf7c4baab0a:192.168.36.66:44256, f3f62326-8b92-46e7-9f36-b9cac99ba129:192.168.36.66:37859, 87fd7076-0834-4f8c-a36e-102ac7fe9c40:192.168.36.66:36836] with ContainerStateMachine:uninitialized
2019-08-28 06:53:52,258 [pool-461-thread-1] INFO  server.RaftServerConfigKeys (ConfUtils.java:logGet(43)) - raft.server.rpc.timeout.min = 5s (custom)
2019-08-28 06:53:52,259 [pool-461-thread-1] INFO  server.RaftServerConfigKeys (ConfUtils.java:logGet(43)) - raft.server.rpc.timeout.max = 5200ms (custom)
2019-08-28 06:53:52,259 [pool-461-thread-1] INFO  server.RaftServerConfigKeys (ConfUtils.java:logGet(43)) - raft.server.rpcslowness.timeout = 120s (custom)
2019-08-28 06:53:52,259 [pool-461-thread-1] INFO  server.RaftServerConfigKeys (ConfUtils.java:logGet(43)) - raft.server.sleep.deviation.threshold = 300 (default)
2019-08-28 06:53:52,259 [pool-461-thread-1] INFO  server.RaftServerConfigKeys (ConfUtils.java:logGet(43)) - raft.server.log.appender.install.snapshot.enabled = false (custom)
2019-08-28 06:53:52,259 [pool-450-thread-1] INFO  impl.RaftServerImpl (RaftServerImpl.java:<init>(93)) - 950a0533-9469-43b5-b9c4-edf7c4baab0a: new RaftServerImpl for group-FB7DE9B29A7D:[950a0533-9469-43b5-b9c4-edf7c4baab0a:192.168.36.66:44256, f3f62326-8b92-46e7-9f36-b9cac99ba129:192.168.36.66:37859, 87fd7076-0834-4f8c-a36e-102ac7fe9c40:192.168.36.66:36836] with ContainerStateMachine:uninitialized
2019-08-28 06:53:52,259 [pool-461-thread-1] INFO  impl.RaftServerImpl (ServerState.java:<init>(105)) - 87fd7076-0834-4f8c-a36e-102ac7fe9c40:group-FB7DE9B29A7D ConfigurationManager, init=-1: [950a0533-9469-43b5-b9c4-edf7c4baab0a:192.168.36.66:44256, f3f62326-8b92-46e7-9f36-b9cac99ba129:192.168.36.66:37859, 87fd7076-0834-4f8c-a36e-102ac7fe9c40:192.168.36.66:36836], old=null, confs=<EMPTY_MAP>
2019-08-28 06:53:52,259 [pool-450-thread-1] INFO  server.RaftServerConfigKeys (ConfUtils.java:logGet(43)) - raft.server.rpc.timeout.min = 5s (custom)
2019-08-28 06:53:52,259 [pool-461-thread-1] INFO  server.RaftServerConfigKeys (ConfUtils.java:logGet(43)) - raft.server.storage.dir = [/workdir/hadoop-ozone/integration-test/target/test-dir/MiniOzoneClusterImpl-35d8354e-3007-428c-81c8-adfd2a58d98b/datanode-2/data/ratis] (custom)
2019-08-28 06:53:52,259 [pool-439-thread-1] INFO  impl.RaftServerImpl (RaftServerImpl.java:<init>(93)) - f3f62326-8b92-46e7-9f36-b9cac99ba129: new RaftServerImpl for group-FB7DE9B29A7D:[950a0533-9469-43b5-b9c4-edf7c4baab0a:192.168.36.66:44256, f3f62326-8b92-46e7-9f36-b9cac99ba129:192.168.36.66:37859, 87fd7076-0834-4f8c-a36e-102ac7fe9c40:192.168.36.66:36836] with ContainerStateMachine:uninitialized
2019-08-28 06:53:52,259 [pool-450-thread-1] INFO  server.RaftServerConfigKeys (ConfUtils.java:logGet(43)) - raft.server.rpc.timeout.max = 5200ms (custom)
2019-08-28 06:53:52,259 [pool-439-thread-1] INFO  server.RaftServerConfigKeys (ConfUtils.java:logGet(43)) - raft.server.rpc.timeout.min = 5s (custom)
2019-08-28 06:53:52,260 [pool-461-thread-1] INFO  storage.RaftStorageDirectory (RaftStorageDirectory.java:analyzeStorage(246)) - The storage directory /workdir/hadoop-ozone/integration-test/target/test-dir/MiniOzoneClusterImpl-35d8354e-3007-428c-81c8-adfd2a58d98b/datanode-2/data/ratis/34d552d2-4f61-40b6-b3a4-fb7de9b29a7d does not exist. Creating ...
2019-08-28 06:53:52,259 [pool-450-thread-1] INFO  server.RaftServerConfigKeys (ConfUtils.java:logGet(43)) - raft.server.rpcslowness.timeout = 120s (custom)
2019-08-28 06:53:52,260 [pool-439-thread-1] INFO  server.RaftServerConfigKeys (ConfUtils.java:logGet(43)) - raft.server.rpc.timeout.max = 5200ms (custom)
2019-08-28 06:53:52,260 [pool-450-thread-1] INFO  server.RaftServerConfigKeys (ConfUtils.java:logGet(43)) - raft.server.sleep.deviation.threshold = 300 (default)
2019-08-28 06:53:52,260 [pool-439-thread-1] INFO  server.RaftServerConfigKeys (ConfUtils.java:logGet(43)) - raft.server.rpcslowness.timeout = 120s (custom)
2019-08-28 06:53:52,260 [pool-450-thread-1] INFO  server.RaftServerConfigKeys (ConfUtils.java:logGet(43)) - raft.server.log.appender.install.snapshot.enabled = false (custom)
2019-08-28 06:53:52,260 [pool-439-thread-1] INFO  server.RaftServerConfigKeys (ConfUtils.java:logGet(43)) - raft.server.sleep.deviation.threshold = 300 (default)
2019-08-28 06:53:52,260 [pool-450-thread-1] INFO  impl.RaftServerImpl (ServerState.java:<init>(105)) - 950a0533-9469-43b5-b9c4-edf7c4baab0a:group-FB7DE9B29A7D ConfigurationManager, init=-1: [950a0533-9469-43b5-b9c4-edf7c4baab0a:192.168.36.66:44256, f3f62326-8b92-46e7-9f36-b9cac99ba129:192.168.36.66:37859, 87fd7076-0834-4f8c-a36e-102ac7fe9c40:192.168.36.66:36836], old=null, confs=<EMPTY_MAP>
2019-08-28 06:53:52,260 [pool-439-thread-1] INFO  server.RaftServerConfigKeys (ConfUtils.java:logGet(43)) - raft.server.log.appender.install.snapshot.enabled = false (custom)
2019-08-28 06:53:52,261 [pool-450-thread-1] INFO  server.RaftServerConfigKeys (ConfUtils.java:logGet(43)) - raft.server.storage.dir = [/workdir/hadoop-ozone/integration-test/target/test-dir/MiniOzoneClusterImpl-35d8354e-3007-428c-81c8-adfd2a58d98b/datanode-1/data/ratis] (custom)
2019-08-28 06:53:52,261 [pool-439-thread-1] INFO  impl.RaftServerImpl (ServerState.java:<init>(105)) - f3f62326-8b92-46e7-9f36-b9cac99ba129:group-FB7DE9B29A7D ConfigurationManager, init=-1: [950a0533-9469-43b5-b9c4-edf7c4baab0a:192.168.36.66:44256, f3f62326-8b92-46e7-9f36-b9cac99ba129:192.168.36.66:37859, 87fd7076-0834-4f8c-a36e-102ac7fe9c40:192.168.36.66:36836], old=null, confs=<EMPTY_MAP>
2019-08-28 06:53:52,261 [pool-439-thread-1] INFO  server.RaftServerConfigKeys (ConfUtils.java:logGet(43)) - raft.server.storage.dir = [/workdir/hadoop-ozone/integration-test/target/test-dir/MiniOzoneClusterImpl-35d8354e-3007-428c-81c8-adfd2a58d98b/datanode-0/data/ratis] (custom)
2019-08-28 06:53:52,261 [pool-450-thread-1] INFO  storage.RaftStorageDirectory (RaftStorageDirectory.java:analyzeStorage(246)) - The storage directory /workdir/hadoop-ozone/integration-test/target/test-dir/MiniOzoneClusterImpl-35d8354e-3007-428c-81c8-adfd2a58d98b/datanode-1/data/ratis/34d552d2-4f61-40b6-b3a4-fb7de9b29a7d does not exist. Creating ...
2019-08-28 06:53:52,261 [pool-439-thread-1] INFO  storage.RaftStorageDirectory (RaftStorageDirectory.java:analyzeStorage(246)) - The storage directory /workdir/hadoop-ozone/integration-test/target/test-dir/MiniOzoneClusterImpl-35d8354e-3007-428c-81c8-adfd2a58d98b/datanode-0/data/ratis/34d552d2-4f61-40b6-b3a4-fb7de9b29a7d does not exist. Creating ...
2019-08-28 06:53:52,273 [pool-439-thread-1] INFO  storage.RaftStorageDirectory (RaftStorageDirectory.java:tryLock(328)) - Lock on /workdir/hadoop-ozone/integration-test/target/test-dir/MiniOzoneClusterImpl-35d8354e-3007-428c-81c8-adfd2a58d98b/datanode-0/data/ratis/34d552d2-4f61-40b6-b3a4-fb7de9b29a7d/in_use.lock acquired by nodename 23281@pr-hdds-1553-ns4jj-3895572740
2019-08-28 06:53:52,273 [pool-450-thread-1] INFO  storage.RaftStorageDirectory (RaftStorageDirectory.java:tryLock(328)) - Lock on /workdir/hadoop-ozone/integration-test/target/test-dir/MiniOzoneClusterImpl-35d8354e-3007-428c-81c8-adfd2a58d98b/datanode-1/data/ratis/34d552d2-4f61-40b6-b3a4-fb7de9b29a7d/in_use.lock acquired by nodename 23281@pr-hdds-1553-ns4jj-3895572740
2019-08-28 06:53:52,273 [pool-461-thread-1] INFO  storage.RaftStorageDirectory (RaftStorageDirectory.java:tryLock(328)) - Lock on /workdir/hadoop-ozone/integration-test/target/test-dir/MiniOzoneClusterImpl-35d8354e-3007-428c-81c8-adfd2a58d98b/datanode-2/data/ratis/34d552d2-4f61-40b6-b3a4-fb7de9b29a7d/in_use.lock acquired by nodename 23281@pr-hdds-1553-ns4jj-3895572740
2019-08-28 06:53:52,287 [pool-439-thread-1] INFO  storage.RaftStorage (RaftStorage.java:format(72)) - Storage directory /workdir/hadoop-ozone/integration-test/target/test-dir/MiniOzoneClusterImpl-35d8354e-3007-428c-81c8-adfd2a58d98b/datanode-0/data/ratis/34d552d2-4f61-40b6-b3a4-fb7de9b29a7d has been successfully formatted.
2019-08-28 06:53:52,287 [pool-450-thread-1] INFO  storage.RaftStorage (RaftStorage.java:format(72)) - Storage directory /workdir/hadoop-ozone/integration-test/target/test-dir/MiniOzoneClusterImpl-35d8354e-3007-428c-81c8-adfd2a58d98b/datanode-1/data/ratis/34d552d2-4f61-40b6-b3a4-fb7de9b29a7d has been successfully formatted.
2019-08-28 06:53:52,287 [pool-461-thread-1] INFO  storage.RaftStorage (RaftStorage.java:format(72)) - Storage directory /workdir/hadoop-ozone/integration-test/target/test-dir/MiniOzoneClusterImpl-35d8354e-3007-428c-81c8-adfd2a58d98b/datanode-2/data/ratis/34d552d2-4f61-40b6-b3a4-fb7de9b29a7d has been successfully formatted.
2019-08-28 06:53:52,288 [pool-450-thread-1] INFO  ratis.ContainerStateMachine (ContainerStateMachine.java:loadSnapshot(226)) - group-FB7DE9B29A7D: The snapshot info is null. Setting the last applied indexto:(t:0, i:~)
2019-08-28 06:53:52,288 [pool-439-thread-1] INFO  ratis.ContainerStateMachine (ContainerStateMachine.java:loadSnapshot(226)) - group-FB7DE9B29A7D: The snapshot info is null. Setting the last applied indexto:(t:0, i:~)
2019-08-28 06:53:52,288 [pool-450-thread-1] INFO  server.RaftServerConfigKeys (ConfUtils.java:logGet(43)) - raft.server.leader.election.timeout = 120s (custom)
2019-08-28 06:53:52,288 [pool-461-thread-1] INFO  ratis.ContainerStateMachine (ContainerStateMachine.java:loadSnapshot(226)) - group-FB7DE9B29A7D: The snapshot info is null. Setting the last applied indexto:(t:0, i:~)
2019-08-28 06:53:52,288 [pool-450-thread-1] INFO  server.RaftServerConfigKeys (ConfUtils.java:logGet(43)) - raft.server.log.use.memory = false (default)
2019-08-28 06:53:52,288 [pool-439-thread-1] INFO  server.RaftServerConfigKeys (ConfUtils.java:logGet(43)) - raft.server.leader.election.timeout = 120s (custom)
2019-08-28 06:53:52,288 [pool-450-thread-1] INFO  server.RaftServerConfigKeys (ConfUtils.java:logGet(43)) - raft.server.log.purge.gap = 1000000 (custom)
2019-08-28 06:53:52,288 [pool-461-thread-1] INFO  server.RaftServerConfigKeys (ConfUtils.java:logGet(43)) - raft.server.leader.election.timeout = 120s (custom)
2019-08-28 06:53:52,288 [pool-461-thread-1] INFO  server.RaftServerConfigKeys (ConfUtils.java:logGet(43)) - raft.server.log.use.memory = false (default)
2019-08-28 06:53:52,288 [pool-450-thread-1] INFO  server.RaftServerConfigKeys (ConfUtils.java:logGet(43)) - raft.server.log.appender.buffer.byte-limit = 33554432 (custom)
2019-08-28 06:53:52,288 [pool-439-thread-1] INFO  server.RaftServerConfigKeys (ConfUtils.java:logGet(43)) - raft.server.log.use.memory = false (default)
2019-08-28 06:53:52,289 [pool-450-thread-1] INFO  server.RaftServerConfigKeys (ConfUtils.java:logGet(43)) - raft.server.log.segment.size.max = 1048576 (custom)
2019-08-28 06:53:52,289 [pool-461-thread-1] INFO  server.RaftServerConfigKeys (ConfUtils.java:logGet(43)) - raft.server.log.purge.gap = 1000000 (custom)
2019-08-28 06:53:52,289 [pool-439-thread-1] INFO  server.RaftServerConfigKeys (ConfUtils.java:logGet(43)) - raft.server.log.purge.gap = 1000000 (custom)
2019-08-28 06:53:52,289 [pool-450-thread-1] INFO  server.RaftServerConfigKeys (ConfUtils.java:logGet(43)) - raft.server.log.segment.cache.num.max = 2 (custom)
2019-08-28 06:53:52,289 [pool-461-thread-1] INFO  server.RaftServerConfigKeys (ConfUtils.java:logGet(43)) - raft.server.log.appender.buffer.byte-limit = 33554432 (custom)
2019-08-28 06:53:52,289 [pool-450-thread-1] INFO  segmented.SegmentedRaftLogWorker (SegmentedRaftLogWorker.java:<init>(172)) - new 950a0533-9469-43b5-b9c4-edf7c4baab0a-SegmentedRaftLogWorker:Storage Directory /workdir/hadoop-ozone/integration-test/target/test-dir/MiniOzoneClusterImpl-35d8354e-3007-428c-81c8-adfd2a58d98b/datanode-1/data/ratis/34d552d2-4f61-40b6-b3a4-fb7de9b29a7d for RaftStorage:Storage Directory /workdir/hadoop-ozone/integration-test/target/test-dir/MiniOzoneClusterImpl-35d8354e-3007-428c-81c8-adfd2a58d98b/datanode-1/data/ratis/34d552d2-4f61-40b6-b3a4-fb7de9b29a7d
2019-08-28 06:53:52,289 [pool-439-thread-1] INFO  server.RaftServerConfigKeys (ConfUtils.java:logGet(43)) - raft.server.log.appender.buffer.byte-limit = 33554432 (custom)
2019-08-28 06:53:52,290 [pool-450-thread-1] INFO  server.RaftServerConfigKeys (ConfUtils.java:logGet(43)) - raft.server.log.queue.byte-limit = 2147483647 (custom)
2019-08-28 06:53:52,289 [pool-461-thread-1] INFO  server.RaftServerConfigKeys (ConfUtils.java:logGet(43)) - raft.server.log.segment.size.max = 1048576 (custom)
2019-08-28 06:53:52,290 [pool-450-thread-1] INFO  server.RaftServerConfigKeys (ConfUtils.java:logGet(43)) - raft.server.log.queue.element-limit = 1024 (custom)
2019-08-28 06:53:52,290 [pool-439-thread-1] INFO  server.RaftServerConfigKeys (ConfUtils.java:logGet(43)) - raft.server.log.segment.size.max = 1048576 (custom)
2019-08-28 06:53:52,290 [pool-450-thread-1] INFO  server.RaftServerConfigKeys (ConfUtils.java:logGet(43)) - raft.server.log.segment.size.max = 1048576 (custom)
2019-08-28 06:53:52,290 [pool-461-thread-1] INFO  server.RaftServerConfigKeys (ConfUtils.java:logGet(43)) - raft.server.log.segment.cache.num.max = 2 (custom)
2019-08-28 06:53:52,290 [pool-450-thread-1] INFO  server.RaftServerConfigKeys (ConfUtils.java:logGet(43)) - raft.server.log.preallocated.size = 16384 (custom)
2019-08-28 06:53:52,290 [pool-439-thread-1] INFO  server.RaftServerConfigKeys (ConfUtils.java:logGet(43)) - raft.server.log.segment.cache.num.max = 2 (custom)
2019-08-28 06:53:52,290 [pool-450-thread-1] INFO  server.RaftServerConfigKeys (ConfUtils.java:logGet(43)) - raft.server.log.write.buffer.size = 33554432 (custom)
2019-08-28 06:53:52,290 [pool-461-thread-1] INFO  segmented.SegmentedRaftLogWorker (SegmentedRaftLogWorker.java:<init>(172)) - new 87fd7076-0834-4f8c-a36e-102ac7fe9c40-SegmentedRaftLogWorker:Storage Directory /workdir/hadoop-ozone/integration-test/target/test-dir/MiniOzoneClusterImpl-35d8354e-3007-428c-81c8-adfd2a58d98b/datanode-2/data/ratis/34d552d2-4f61-40b6-b3a4-fb7de9b29a7d for RaftStorage:Storage Directory /workdir/hadoop-ozone/integration-test/target/test-dir/MiniOzoneClusterImpl-35d8354e-3007-428c-81c8-adfd2a58d98b/datanode-2/data/ratis/34d552d2-4f61-40b6-b3a4-fb7de9b29a7d
2019-08-28 06:53:52,291 [pool-450-thread-1] INFO  server.RaftServerConfigKeys (ConfUtils.java:logGet(43)) - raft.server.log.force.sync.num = 128 (default)
2019-08-28 06:53:52,291 [pool-439-thread-1] INFO  segmented.SegmentedRaftLogWorker (SegmentedRaftLogWorker.java:<init>(172)) - new f3f62326-8b92-46e7-9f36-b9cac99ba129-SegmentedRaftLogWorker:Storage Directory /workdir/hadoop-ozone/integration-test/target/test-dir/MiniOzoneClusterImpl-35d8354e-3007-428c-81c8-adfd2a58d98b/datanode-0/data/ratis/34d552d2-4f61-40b6-b3a4-fb7de9b29a7d for RaftStorage:Storage Directory /workdir/hadoop-ozone/integration-test/target/test-dir/MiniOzoneClusterImpl-35d8354e-3007-428c-81c8-adfd2a58d98b/datanode-0/data/ratis/34d552d2-4f61-40b6-b3a4-fb7de9b29a7d
2019-08-28 06:53:52,291 [pool-450-thread-1] INFO  server.RaftServerConfigKeys (ConfUtils.java:logGet(43)) - raft.server.log.statemachine.data.sync = true (default)
2019-08-28 06:53:52,291 [pool-461-thread-1] INFO  server.RaftServerConfigKeys (ConfUtils.java:logGet(43)) - raft.server.log.queue.byte-limit = 2147483647 (custom)
2019-08-28 06:53:52,291 [pool-450-thread-1] INFO  server.RaftServerConfigKeys (ConfUtils.java:logGet(43)) - raft.server.log.statemachine.data.sync.timeout = 10s (default)
2019-08-28 06:53:52,291 [pool-439-thread-1] INFO  server.RaftServerConfigKeys (ConfUtils.java:logGet(43)) - raft.server.log.queue.byte-limit = 2147483647 (custom)
2019-08-28 06:53:52,291 [pool-450-thread-1] INFO  server.RaftServerConfigKeys (ConfUtils.java:logGet(43)) - raft.server.log.statemachine.data.sync.timeout.retry = -1 (default)
2019-08-28 06:53:52,291 [pool-461-thread-1] INFO  server.RaftServerConfigKeys (ConfUtils.java:logGet(43)) - raft.server.log.queue.element-limit = 1024 (custom)
2019-08-28 06:53:52,292 [pool-450-thread-1] INFO  server.RaftServerConfigKeys (ConfUtils.java:logGet(43)) - raft.server.log.statemachine.data.caching.enabled = true (custom)
2019-08-28 06:53:52,291 [pool-439-thread-1] INFO  server.RaftServerConfigKeys (ConfUtils.java:logGet(43)) - raft.server.log.queue.element-limit = 1024 (custom)
2019-08-28 06:53:52,292 [pool-461-thread-1] INFO  server.RaftServerConfigKeys (ConfUtils.java:logGet(43)) - raft.server.log.segment.size.max = 1048576 (custom)
2019-08-28 06:53:52,292 [pool-450-thread-1] INFO  segmented.SegmentedRaftLogWorker (SegmentedRaftLogWorker.java:lambda$new$0(132)) - 950a0533-9469-43b5-b9c4-edf7c4baab0a-SegmentedRaftLogWorker:Storage Directory /workdir/hadoop-ozone/integration-test/target/test-dir/MiniOzoneClusterImpl-35d8354e-3007-428c-81c8-adfd2a58d98b/datanode-1/data/ratis/34d552d2-4f61-40b6-b3a4-fb7de9b29a7d: flushIndex: setUnconditionally 0 -> -1
2019-08-28 06:53:52,292 [pool-439-thread-1] INFO  server.RaftServerConfigKeys (ConfUtils.java:logGet(43)) - raft.server.log.segment.size.max = 1048576 (custom)
2019-08-28 06:53:52,292 [pool-461-thread-1] INFO  server.RaftServerConfigKeys (ConfUtils.java:logGet(43)) - raft.server.log.preallocated.size = 16384 (custom)
2019-08-28 06:53:52,292 [pool-450-thread-1] INFO  server.RaftServerConfigKeys (ConfUtils.java:logGet(43)) - raft.server.snapshot.auto.trigger.enabled = true (custom)
2019-08-28 06:53:52,292 [pool-439-thread-1] INFO  server.RaftServerConfigKeys (ConfUtils.java:logGet(43)) - raft.server.log.preallocated.size = 16384 (custom)
2019-08-28 06:53:52,292 [pool-450-thread-1] INFO  server.RaftServerConfigKeys (ConfUtils.java:logGet(43)) - raft.server.snapshot.auto.trigger.threshold = 10000 (custom)
2019-08-28 06:53:52,292 [pool-461-thread-1] INFO  server.RaftServerConfigKeys (ConfUtils.java:logGet(43)) - raft.server.log.write.buffer.size = 33554432 (custom)
2019-08-28 06:53:52,293 [pool-450-thread-1] INFO  server.RaftServerConfigKeys (ConfUtils.java:logGet(43)) - raft.server.retrycache.expirytime = 600000ms (custom)
2019-08-28 06:53:52,292 [pool-439-thread-1] INFO  server.RaftServerConfigKeys (ConfUtils.java:logGet(43)) - raft.server.log.write.buffer.size = 33554432 (custom)
2019-08-28 06:53:52,293 [pool-450-thread-1] INFO  impl.RaftServerImpl (RaftServerImpl.java:start(180)) - 950a0533-9469-43b5-b9c4-edf7c4baab0a: start group-FB7DE9B29A7D
2019-08-28 06:53:52,293 [pool-450-thread-1] INFO  impl.RaftServerImpl (RaftServerImpl.java:setRole(171)) - 950a0533-9469-43b5-b9c4-edf7c4baab0a:group-FB7DE9B29A7D changes role from null to FOLLOWER at term 0 for startAsFollower
2019-08-28 06:53:52,293 [pool-461-thread-1] INFO  server.RaftServerConfigKeys (ConfUtils.java:logGet(43)) - raft.server.log.force.sync.num = 128 (default)
2019-08-28 06:53:52,293 [pool-450-thread-1] INFO  impl.RoleInfo (RoleInfo.java:updateAndGet(143)) - 950a0533-9469-43b5-b9c4-edf7c4baab0a: start FollowerState
2019-08-28 06:53:52,293 [pool-439-thread-1] INFO  server.RaftServerConfigKeys (ConfUtils.java:logGet(43)) - raft.server.log.force.sync.num = 128 (default)
2019-08-28 06:53:52,293 [pool-461-thread-1] INFO  server.RaftServerConfigKeys (ConfUtils.java:logGet(43)) - raft.server.log.statemachine.data.sync = true (default)
2019-08-28 06:53:52,293 [pool-439-thread-1] INFO  server.RaftServerConfigKeys (ConfUtils.java:logGet(43)) - raft.server.log.statemachine.data.sync = true (default)
2019-08-28 06:53:52,301 [pool-450-thread-1] INFO  util.JmxRegister (JmxRegister.java:tryRegister(44)) - Successfully registered JMX Bean with object name Ratis:service=RaftServer,group=group-FB7DE9B29A7D,id=950a0533-9469-43b5-b9c4-edf7c4baab0a
2019-08-28 06:53:52,293 [pool-461-thread-1] INFO  server.RaftServerConfigKeys (ConfUtils.java:logGet(43)) - raft.server.log.statemachine.data.sync.timeout = 10s (default)
2019-08-28 06:53:52,301 [pool-439-thread-1] INFO  server.RaftServerConfigKeys (ConfUtils.java:logGet(43)) - raft.server.log.statemachine.data.sync.timeout = 10s (default)
2019-08-28 06:53:52,301 [pool-461-thread-1] INFO  server.RaftServerConfigKeys (ConfUtils.java:logGet(43)) - raft.server.log.statemachine.data.sync.timeout.retry = -1 (default)
2019-08-28 06:53:52,301 [pool-439-thread-1] INFO  server.RaftServerConfigKeys (ConfUtils.java:logGet(43)) - raft.server.log.statemachine.data.sync.timeout.retry = -1 (default)
2019-08-28 06:53:52,308 [pool-461-thread-1] INFO  server.RaftServerConfigKeys (ConfUtils.java:logGet(43)) - raft.server.log.statemachine.data.caching.enabled = true (custom)
2019-08-28 06:53:52,308 [pool-439-thread-1] INFO  server.RaftServerConfigKeys (ConfUtils.java:logGet(43)) - raft.server.log.statemachine.data.caching.enabled = true (custom)
2019-08-28 06:53:52,309 [pool-439-thread-1] INFO  segmented.SegmentedRaftLogWorker (SegmentedRaftLogWorker.java:lambda$new$0(132)) - f3f62326-8b92-46e7-9f36-b9cac99ba129-SegmentedRaftLogWorker:Storage Directory /workdir/hadoop-ozone/integration-test/target/test-dir/MiniOzoneClusterImpl-35d8354e-3007-428c-81c8-adfd2a58d98b/datanode-0/data/ratis/34d552d2-4f61-40b6-b3a4-fb7de9b29a7d: flushIndex: setUnconditionally 0 -> -1
2019-08-28 06:53:52,309 [pool-461-thread-1] INFO  segmented.SegmentedRaftLogWorker (SegmentedRaftLogWorker.java:lambda$new$0(132)) - 87fd7076-0834-4f8c-a36e-102ac7fe9c40-SegmentedRaftLogWorker:Storage Directory /workdir/hadoop-ozone/integration-test/target/test-dir/MiniOzoneClusterImpl-35d8354e-3007-428c-81c8-adfd2a58d98b/datanode-2/data/ratis/34d552d2-4f61-40b6-b3a4-fb7de9b29a7d: flushIndex: setUnconditionally 0 -> -1
2019-08-28 06:53:52,309 [pool-439-thread-1] INFO  server.RaftServerConfigKeys (ConfUtils.java:logGet(43)) - raft.server.snapshot.auto.trigger.enabled = true (custom)
2019-08-28 06:53:52,309 [pool-461-thread-1] INFO  server.RaftServerConfigKeys (ConfUtils.java:logGet(43)) - raft.server.snapshot.auto.trigger.enabled = true (custom)
2019-08-28 06:53:52,309 [pool-439-thread-1] INFO  server.RaftServerConfigKeys (ConfUtils.java:logGet(43)) - raft.server.snapshot.auto.trigger.threshold = 10000 (custom)
2019-08-28 06:53:52,309 [pool-461-thread-1] INFO  server.RaftServerConfigKeys (ConfUtils.java:logGet(43)) - raft.server.snapshot.auto.trigger.threshold = 10000 (custom)
2019-08-28 06:53:52,309 [pool-439-thread-1] INFO  server.RaftServerConfigKeys (ConfUtils.java:logGet(43)) - raft.server.retrycache.expirytime = 600000ms (custom)
2019-08-28 06:53:52,309 [pool-461-thread-1] INFO  server.RaftServerConfigKeys (ConfUtils.java:logGet(43)) - raft.server.retrycache.expirytime = 600000ms (custom)
2019-08-28 06:53:52,310 [pool-439-thread-1] INFO  impl.RaftServerImpl (RaftServerImpl.java:start(180)) - f3f62326-8b92-46e7-9f36-b9cac99ba129: start group-FB7DE9B29A7D
2019-08-28 06:53:52,310 [pool-461-thread-1] INFO  impl.RaftServerImpl (RaftServerImpl.java:start(180)) - 87fd7076-0834-4f8c-a36e-102ac7fe9c40: start group-FB7DE9B29A7D
2019-08-28 06:53:52,310 [pool-461-thread-1] INFO  impl.RaftServerImpl (RaftServerImpl.java:setRole(171)) - 87fd7076-0834-4f8c-a36e-102ac7fe9c40:group-FB7DE9B29A7D changes role from null to FOLLOWER at term 0 for startAsFollower
2019-08-28 06:53:52,310 [pool-439-thread-1] INFO  impl.RaftServerImpl (RaftServerImpl.java:setRole(171)) - f3f62326-8b92-46e7-9f36-b9cac99ba129:group-FB7DE9B29A7D changes role from null to FOLLOWER at term 0 for startAsFollower
2019-08-28 06:53:52,310 [pool-461-thread-1] INFO  impl.RoleInfo (RoleInfo.java:updateAndGet(143)) - 87fd7076-0834-4f8c-a36e-102ac7fe9c40: start FollowerState
2019-08-28 06:53:52,310 [pool-439-thread-1] INFO  impl.RoleInfo (RoleInfo.java:updateAndGet(143)) - f3f62326-8b92-46e7-9f36-b9cac99ba129: start FollowerState
2019-08-28 06:53:52,310 [pool-461-thread-1] INFO  util.JmxRegister (JmxRegister.java:tryRegister(44)) - Successfully registered JMX Bean with object name Ratis:service=RaftServer,group=group-FB7DE9B29A7D,id=87fd7076-0834-4f8c-a36e-102ac7fe9c40
2019-08-28 06:53:52,310 [pool-439-thread-1] INFO  util.JmxRegister (JmxRegister.java:tryRegister(44)) - Successfully registered JMX Bean with object name Ratis:service=RaftServer,group=group-FB7DE9B29A7D,id=f3f62326-8b92-46e7-9f36-b9cac99ba129
2019-08-28 06:53:52,313 [RatisPipelineUtilsThread] INFO  pipeline.PipelineStateManager (PipelineStateManager.java:addPipeline(56)) - Created pipeline Pipeline[ Id: 34d552d2-4f61-40b6-b3a4-fb7de9b29a7d, Nodes: 950a0533-9469-43b5-b9c4-edf7c4baab0a{ip: 192.168.36.66, host: pr-hdds-1553-ns4jj-3895572740, networkLocation: /default-rack, certSerialId: null}87fd7076-0834-4f8c-a36e-102ac7fe9c40{ip: 192.168.36.66, host: pr-hdds-1553-ns4jj-3895572740, networkLocation: /default-rack, certSerialId: null}f3f62326-8b92-46e7-9f36-b9cac99ba129{ip: 192.168.36.66, host: pr-hdds-1553-ns4jj-3895572740, networkLocation: /default-rack, certSerialId: null}, Type:RATIS, Factor:THREE, State:OPEN]
2019-08-28 06:53:52,408 [IPC Server handler 17 on 43122] INFO  net.NetworkTopology (NetworkTopologyImpl.java:add(110)) - Added a new node: /default-rack/e7706eca-30e7-4076-96c5-867c4236a33c
2019-08-28 06:53:52,409 [IPC Server handler 17 on 43122] INFO  node.SCMNodeManager (SCMNodeManager.java:register(273)) - Registered Data node : e7706eca-30e7-4076-96c5-867c4236a33c{ip: 192.168.36.66, host: pr-hdds-1553-ns4jj-3895572740, networkLocation: /default-rack, certSerialId: null}
2019-08-28 06:53:52,411 | INFO  | SCMAudit | user=jenkins1000 | ip=192.168.36.66 | op=REGISTER {datanodeDetails=e7706eca-30e7-4076-96c5-867c4236a33c{ip: 192.168.36.66, host: pr-hdds-1553-ns4jj-3895572740, networkLocation: /default-rack, certSerialId: null}} | ret=SUCCESS |  
2019-08-28 06:53:52,418 [grpc-default-executor-9] INFO  impl.RaftServerProxy (RaftServerProxy.java:addNew(89)) - e7706eca-30e7-4076-96c5-867c4236a33c: addNew group-4EE0041EF38B:[e7706eca-30e7-4076-96c5-867c4236a33c:192.168.36.66:35048] returns group-4EE0041EF38B:java.util.concurrent.CompletableFuture@66d48522[Not completed]
2019-08-28 06:53:52,419 [pool-472-thread-1] INFO  impl.RaftServerImpl (RaftServerImpl.java:<init>(93)) - e7706eca-30e7-4076-96c5-867c4236a33c: new RaftServerImpl for group-4EE0041EF38B:[e7706eca-30e7-4076-96c5-867c4236a33c:192.168.36.66:35048] with ContainerStateMachine:uninitialized
2019-08-28 06:53:52,419 [pool-472-thread-1] INFO  server.RaftServerConfigKeys (ConfUtils.java:logGet(43)) - raft.server.rpc.timeout.min = 5s (custom)
2019-08-28 06:53:52,419 [pool-472-thread-1] INFO  server.RaftServerConfigKeys (ConfUtils.java:logGet(43)) - raft.server.rpc.timeout.max = 5200ms (custom)
2019-08-28 06:53:52,420 [pool-472-thread-1] INFO  server.RaftServerConfigKeys (ConfUtils.java:logGet(43)) - raft.server.rpcslowness.timeout = 120s (custom)
2019-08-28 06:53:52,420 [pool-472-thread-1] INFO  server.RaftServerConfigKeys (ConfUtils.java:logGet(43)) - raft.server.sleep.deviation.threshold = 300 (default)
2019-08-28 06:53:52,420 [pool-472-thread-1] INFO  server.RaftServerConfigKeys (ConfUtils.java:logGet(43)) - raft.server.log.appender.install.snapshot.enabled = false (custom)
2019-08-28 06:53:52,420 [pool-472-thread-1] INFO  impl.RaftServerImpl (ServerState.java:<init>(105)) - e7706eca-30e7-4076-96c5-867c4236a33c:group-4EE0041EF38B ConfigurationManager, init=-1: [e7706eca-30e7-4076-96c5-867c4236a33c:192.168.36.66:35048], old=null, confs=<EMPTY_MAP>
2019-08-28 06:53:52,420 [pool-472-thread-1] INFO  server.RaftServerConfigKeys (ConfUtils.java:logGet(43)) - raft.server.storage.dir = [/workdir/hadoop-ozone/integration-test/target/test-dir/MiniOzoneClusterImpl-35d8354e-3007-428c-81c8-adfd2a58d98b/datanode-3/data/ratis] (custom)
2019-08-28 06:53:52,421 [pool-472-thread-1] INFO  storage.RaftStorageDirectory (RaftStorageDirectory.java:analyzeStorage(246)) - The storage directory /workdir/hadoop-ozone/integration-test/target/test-dir/MiniOzoneClusterImpl-35d8354e-3007-428c-81c8-adfd2a58d98b/datanode-3/data/ratis/47b32ff2-6316-41ca-9d47-4ee0041ef38b does not exist. Creating ...
2019-08-28 06:53:52,434 [pool-472-thread-1] INFO  storage.RaftStorageDirectory (RaftStorageDirectory.java:tryLock(328)) - Lock on /workdir/hadoop-ozone/integration-test/target/test-dir/MiniOzoneClusterImpl-35d8354e-3007-428c-81c8-adfd2a58d98b/datanode-3/data/ratis/47b32ff2-6316-41ca-9d47-4ee0041ef38b/in_use.lock acquired by nodename 23281@pr-hdds-1553-ns4jj-3895572740
2019-08-28 06:53:52,447 [pool-472-thread-1] INFO  storage.RaftStorage (RaftStorage.java:format(72)) - Storage directory /workdir/hadoop-ozone/integration-test/target/test-dir/MiniOzoneClusterImpl-35d8354e-3007-428c-81c8-adfd2a58d98b/datanode-3/data/ratis/47b32ff2-6316-41ca-9d47-4ee0041ef38b has been successfully formatted.
2019-08-28 06:53:52,447 [pool-472-thread-1] INFO  ratis.ContainerStateMachine (ContainerStateMachine.java:loadSnapshot(226)) - group-4EE0041EF38B: The snapshot info is null. Setting the last applied indexto:(t:0, i:~)
2019-08-28 06:53:52,447 [pool-472-thread-1] INFO  server.RaftServerConfigKeys (ConfUtils.java:logGet(43)) - raft.server.leader.election.timeout = 120s (custom)
2019-08-28 06:53:52,448 [pool-472-thread-1] INFO  server.RaftServerConfigKeys (ConfUtils.java:logGet(43)) - raft.server.log.use.memory = false (default)
2019-08-28 06:53:52,448 [pool-472-thread-1] INFO  server.RaftServerConfigKeys (ConfUtils.java:logGet(43)) - raft.server.log.purge.gap = 1000000 (custom)
2019-08-28 06:53:52,448 [pool-472-thread-1] INFO  server.RaftServerConfigKeys (ConfUtils.java:logGet(43)) - raft.server.log.appender.buffer.byte-limit = 33554432 (custom)
2019-08-28 06:53:52,448 [pool-472-thread-1] INFO  server.RaftServerConfigKeys (ConfUtils.java:logGet(43)) - raft.server.log.segment.size.max = 1048576 (custom)
2019-08-28 06:53:52,448 [pool-472-thread-1] INFO  server.RaftServerConfigKeys (ConfUtils.java:logGet(43)) - raft.server.log.segment.cache.num.max = 2 (custom)
2019-08-28 06:53:52,448 [pool-472-thread-1] INFO  segmented.SegmentedRaftLogWorker (SegmentedRaftLogWorker.java:<init>(172)) - new e7706eca-30e7-4076-96c5-867c4236a33c-SegmentedRaftLogWorker:Storage Directory /workdir/hadoop-ozone/integration-test/target/test-dir/MiniOzoneClusterImpl-35d8354e-3007-428c-81c8-adfd2a58d98b/datanode-3/data/ratis/47b32ff2-6316-41ca-9d47-4ee0041ef38b for RaftStorage:Storage Directory /workdir/hadoop-ozone/integration-test/target/test-dir/MiniOzoneClusterImpl-35d8354e-3007-428c-81c8-adfd2a58d98b/datanode-3/data/ratis/47b32ff2-6316-41ca-9d47-4ee0041ef38b
2019-08-28 06:53:52,449 [pool-472-thread-1] INFO  server.RaftServerConfigKeys (ConfUtils.java:logGet(43)) - raft.server.log.queue.byte-limit = 2147483647 (custom)
2019-08-28 06:53:52,449 [pool-472-thread-1] INFO  server.RaftServerConfigKeys (ConfUtils.java:logGet(43)) - raft.server.log.queue.element-limit = 1024 (custom)
2019-08-28 06:53:52,449 [pool-472-thread-1] INFO  server.RaftServerConfigKeys (ConfUtils.java:logGet(43)) - raft.server.log.segment.size.max = 1048576 (custom)
2019-08-28 06:53:52,449 [pool-472-thread-1] INFO  server.RaftServerConfigKeys (ConfUtils.java:logGet(43)) - raft.server.log.preallocated.size = 16384 (custom)
2019-08-28 06:53:52,449 [pool-472-thread-1] INFO  server.RaftServerConfigKeys (ConfUtils.java:logGet(43)) - raft.server.log.write.buffer.size = 33554432 (custom)
2019-08-28 06:53:52,449 [pool-472-thread-1] INFO  server.RaftServerConfigKeys (ConfUtils.java:logGet(43)) - raft.server.log.force.sync.num = 128 (default)
2019-08-28 06:53:52,450 [pool-472-thread-1] INFO  server.RaftServerConfigKeys (ConfUtils.java:logGet(43)) - raft.server.log.statemachine.data.sync = true (default)
2019-08-28 06:53:52,450 [pool-472-thread-1] INFO  server.RaftServerConfigKeys (ConfUtils.java:logGet(43)) - raft.server.log.statemachine.data.sync.timeout = 10s (default)
2019-08-28 06:53:52,450 [pool-472-thread-1] INFO  server.RaftServerConfigKeys (ConfUtils.java:logGet(43)) - raft.server.log.statemachine.data.sync.timeout.retry = -1 (default)
2019-08-28 06:53:52,450 [pool-472-thread-1] INFO  server.RaftServerConfigKeys (ConfUtils.java:logGet(43)) - raft.server.log.statemachine.data.caching.enabled = true (custom)
2019-08-28 06:53:52,451 [pool-472-thread-1] INFO  segmented.SegmentedRaftLogWorker (SegmentedRaftLogWorker.java:lambda$new$0(132)) - e7706eca-30e7-4076-96c5-867c4236a33c-SegmentedRaftLogWorker:Storage Directory /workdir/hadoop-ozone/integration-test/target/test-dir/MiniOzoneClusterImpl-35d8354e-3007-428c-81c8-adfd2a58d98b/datanode-3/data/ratis/47b32ff2-6316-41ca-9d47-4ee0041ef38b: flushIndex: setUnconditionally 0 -> -1
2019-08-28 06:53:52,451 [pool-472-thread-1] INFO  server.RaftServerConfigKeys (ConfUtils.java:logGet(43)) - raft.server.snapshot.auto.trigger.enabled = true (custom)
2019-08-28 06:53:52,451 [pool-472-thread-1] INFO  server.RaftServerConfigKeys (ConfUtils.java:logGet(43)) - raft.server.snapshot.auto.trigger.threshold = 10000 (custom)
2019-08-28 06:53:52,451 [pool-472-thread-1] INFO  server.RaftServerConfigKeys (ConfUtils.java:logGet(43)) - raft.server.retrycache.expirytime = 600000ms (custom)
2019-08-28 06:53:52,451 [pool-472-thread-1] INFO  impl.RaftServerImpl (RaftServerImpl.java:start(180)) - e7706eca-30e7-4076-96c5-867c4236a33c: start group-4EE0041EF38B
2019-08-28 06:53:52,452 [pool-472-thread-1] INFO  impl.RaftServerImpl (RaftServerImpl.java:setRole(171)) - e7706eca-30e7-4076-96c5-867c4236a33c:group-4EE0041EF38B changes role from null to FOLLOWER at term 0 for startAsFollower
2019-08-28 06:53:52,452 [pool-472-thread-1] INFO  impl.RoleInfo (RoleInfo.java:updateAndGet(143)) - e7706eca-30e7-4076-96c5-867c4236a33c: start FollowerState
2019-08-28 06:53:52,452 [pool-472-thread-1] INFO  util.JmxRegister (JmxRegister.java:tryRegister(44)) - Successfully registered JMX Bean with object name Ratis:service=RaftServer,group=group-4EE0041EF38B,id=e7706eca-30e7-4076-96c5-867c4236a33c
2019-08-28 06:53:52,454 [RatisPipelineUtilsThread] INFO  pipeline.PipelineStateManager (PipelineStateManager.java:addPipeline(56)) - Created pipeline Pipeline[ Id: 47b32ff2-6316-41ca-9d47-4ee0041ef38b, Nodes: e7706eca-30e7-4076-96c5-867c4236a33c{ip: 192.168.36.66, host: pr-hdds-1553-ns4jj-3895572740, networkLocation: /default-rack, certSerialId: null}, Type:RATIS, Factor:ONE, State:OPEN]
2019-08-28 06:53:52,572 [IPC Server handler 15 on 43122] INFO  net.NetworkTopology (NetworkTopologyImpl.java:add(110)) - Added a new node: /default-rack/cb63d383-7845-45fd-aceb-d6b4bea4aee4
2019-08-28 06:53:52,572 [IPC Server handler 15 on 43122] INFO  node.SCMNodeManager (SCMNodeManager.java:register(273)) - Registered Data node : cb63d383-7845-45fd-aceb-d6b4bea4aee4{ip: 192.168.36.66, host: pr-hdds-1553-ns4jj-3895572740, networkLocation: /default-rack, certSerialId: null}
2019-08-28 06:53:52,573 | INFO  | SCMAudit | user=jenkins1000 | ip=192.168.36.66 | op=REGISTER {datanodeDetails=cb63d383-7845-45fd-aceb-d6b4bea4aee4{ip: 192.168.36.66, host: pr-hdds-1553-ns4jj-3895572740, networkLocation: /default-rack, certSerialId: null}} | ret=SUCCESS |  
2019-08-28 06:53:52,579 [grpc-default-executor-9] INFO  impl.RaftServerProxy (RaftServerProxy.java:addNew(89)) - cb63d383-7845-45fd-aceb-d6b4bea4aee4: addNew group-BBF3DB9F685A:[cb63d383-7845-45fd-aceb-d6b4bea4aee4:192.168.36.66:39975] returns group-BBF3DB9F685A:java.util.concurrent.CompletableFuture@4a3c798c[Not completed]
2019-08-28 06:53:52,581 [pool-483-thread-1] INFO  impl.RaftServerImpl (RaftServerImpl.java:<init>(93)) - cb63d383-7845-45fd-aceb-d6b4bea4aee4: new RaftServerImpl for group-BBF3DB9F685A:[cb63d383-7845-45fd-aceb-d6b4bea4aee4:192.168.36.66:39975] with ContainerStateMachine:uninitialized
2019-08-28 06:53:52,581 [pool-483-thread-1] INFO  server.RaftServerConfigKeys (ConfUtils.java:logGet(43)) - raft.server.rpc.timeout.min = 5s (custom)
2019-08-28 06:53:52,581 [pool-483-thread-1] INFO  server.RaftServerConfigKeys (ConfUtils.java:logGet(43)) - raft.server.rpc.timeout.max = 5200ms (custom)
2019-08-28 06:53:52,581 [pool-483-thread-1] INFO  server.RaftServerConfigKeys (ConfUtils.java:logGet(43)) - raft.server.rpcslowness.timeout = 120s (custom)
2019-08-28 06:53:52,582 [pool-483-thread-1] INFO  server.RaftServerConfigKeys (ConfUtils.java:logGet(43)) - raft.server.sleep.deviation.threshold = 300 (default)
2019-08-28 06:53:52,582 [pool-483-thread-1] INFO  server.RaftServerConfigKeys (ConfUtils.java:logGet(43)) - raft.server.log.appender.install.snapshot.enabled = false (custom)
2019-08-28 06:53:52,582 [pool-483-thread-1] INFO  impl.RaftServerImpl (ServerState.java:<init>(105)) - cb63d383-7845-45fd-aceb-d6b4bea4aee4:group-BBF3DB9F685A ConfigurationManager, init=-1: [cb63d383-7845-45fd-aceb-d6b4bea4aee4:192.168.36.66:39975], old=null, confs=<EMPTY_MAP>
2019-08-28 06:53:52,582 [pool-483-thread-1] INFO  server.RaftServerConfigKeys (ConfUtils.java:logGet(43)) - raft.server.storage.dir = [/workdir/hadoop-ozone/integration-test/target/test-dir/MiniOzoneClusterImpl-35d8354e-3007-428c-81c8-adfd2a58d98b/datanode-4/data/ratis] (custom)
2019-08-28 06:53:52,583 [pool-483-thread-1] INFO  storage.RaftStorageDirectory (RaftStorageDirectory.java:analyzeStorage(246)) - The storage directory /workdir/hadoop-ozone/integration-test/target/test-dir/MiniOzoneClusterImpl-35d8354e-3007-428c-81c8-adfd2a58d98b/datanode-4/data/ratis/53e6fdda-8581-43f4-820c-bbf3db9f685a does not exist. Creating ...
2019-08-28 06:53:52,595 [pool-483-thread-1] INFO  storage.RaftStorageDirectory (RaftStorageDirectory.java:tryLock(328)) - Lock on /workdir/hadoop-ozone/integration-test/target/test-dir/MiniOzoneClusterImpl-35d8354e-3007-428c-81c8-adfd2a58d98b/datanode-4/data/ratis/53e6fdda-8581-43f4-820c-bbf3db9f685a/in_use.lock acquired by nodename 23281@pr-hdds-1553-ns4jj-3895572740
2019-08-28 06:53:52,609 [pool-483-thread-1] INFO  storage.RaftStorage (RaftStorage.java:format(72)) - Storage directory /workdir/hadoop-ozone/integration-test/target/test-dir/MiniOzoneClusterImpl-35d8354e-3007-428c-81c8-adfd2a58d98b/datanode-4/data/ratis/53e6fdda-8581-43f4-820c-bbf3db9f685a has been successfully formatted.
2019-08-28 06:53:52,609 [pool-483-thread-1] INFO  ratis.ContainerStateMachine (ContainerStateMachine.java:loadSnapshot(226)) - group-BBF3DB9F685A: The snapshot info is null. Setting the last applied indexto:(t:0, i:~)
2019-08-28 06:53:52,609 [pool-483-thread-1] INFO  server.RaftServerConfigKeys (ConfUtils.java:logGet(43)) - raft.server.leader.election.timeout = 120s (custom)
2019-08-28 06:53:52,609 [pool-483-thread-1] INFO  server.RaftServerConfigKeys (ConfUtils.java:logGet(43)) - raft.server.log.use.memory = false (default)
2019-08-28 06:53:52,609 [pool-483-thread-1] INFO  server.RaftServerConfigKeys (ConfUtils.java:logGet(43)) - raft.server.log.purge.gap = 1000000 (custom)
2019-08-28 06:53:52,609 [pool-483-thread-1] INFO  server.RaftServerConfigKeys (ConfUtils.java:logGet(43)) - raft.server.log.appender.buffer.byte-limit = 33554432 (custom)
2019-08-28 06:53:52,610 [pool-483-thread-1] INFO  server.RaftServerConfigKeys (ConfUtils.java:logGet(43)) - raft.server.log.segment.size.max = 1048576 (custom)
2019-08-28 06:53:52,610 [pool-483-thread-1] INFO  server.RaftServerConfigKeys (ConfUtils.java:logGet(43)) - raft.server.log.segment.cache.num.max = 2 (custom)
2019-08-28 06:53:52,610 [pool-483-thread-1] INFO  segmented.SegmentedRaftLogWorker (SegmentedRaftLogWorker.java:<init>(172)) - new cb63d383-7845-45fd-aceb-d6b4bea4aee4-SegmentedRaftLogWorker:Storage Directory /workdir/hadoop-ozone/integration-test/target/test-dir/MiniOzoneClusterImpl-35d8354e-3007-428c-81c8-adfd2a58d98b/datanode-4/data/ratis/53e6fdda-8581-43f4-820c-bbf3db9f685a for RaftStorage:Storage Directory /workdir/hadoop-ozone/integration-test/target/test-dir/MiniOzoneClusterImpl-35d8354e-3007-428c-81c8-adfd2a58d98b/datanode-4/data/ratis/53e6fdda-8581-43f4-820c-bbf3db9f685a
2019-08-28 06:53:52,610 [pool-483-thread-1] INFO  server.RaftServerConfigKeys (ConfUtils.java:logGet(43)) - raft.server.log.queue.byte-limit = 2147483647 (custom)
2019-08-28 06:53:52,610 [pool-483-thread-1] INFO  server.RaftServerConfigKeys (ConfUtils.java:logGet(43)) - raft.server.log.queue.element-limit = 1024 (custom)
2019-08-28 06:53:52,610 [pool-483-thread-1] INFO  server.RaftServerConfigKeys (ConfUtils.java:logGet(43)) - raft.server.log.segment.size.max = 1048576 (custom)
2019-08-28 06:53:52,610 [pool-483-thread-1] INFO  server.RaftServerConfigKeys (ConfUtils.java:logGet(43)) - raft.server.log.preallocated.size = 16384 (custom)
2019-08-28 06:53:52,611 [pool-483-thread-1] INFO  server.RaftServerConfigKeys (ConfUtils.java:logGet(43)) - raft.server.log.write.buffer.size = 33554432 (custom)
2019-08-28 06:53:52,611 [pool-483-thread-1] INFO  server.RaftServerConfigKeys (ConfUtils.java:logGet(43)) - raft.server.log.force.sync.num = 128 (default)
2019-08-28 06:53:52,611 [pool-483-thread-1] INFO  server.RaftServerConfigKeys (ConfUtils.java:logGet(43)) - raft.server.log.statemachine.data.sync = true (default)
2019-08-28 06:53:52,611 [pool-483-thread-1] INFO  server.RaftServerConfigKeys (ConfUtils.java:logGet(43)) - raft.server.log.statemachine.data.sync.timeout = 10s (default)
2019-08-28 06:53:52,611 [pool-483-thread-1] INFO  server.RaftServerConfigKeys (ConfUtils.java:logGet(43)) - raft.server.log.statemachine.data.sync.timeout.retry = -1 (default)
2019-08-28 06:53:52,611 [pool-483-thread-1] INFO  server.RaftServerConfigKeys (ConfUtils.java:logGet(43)) - raft.server.log.statemachine.data.caching.enabled = true (custom)
2019-08-28 06:53:52,611 [pool-483-thread-1] INFO  segmented.SegmentedRaftLogWorker (SegmentedRaftLogWorker.java:lambda$new$0(132)) - cb63d383-7845-45fd-aceb-d6b4bea4aee4-SegmentedRaftLogWorker:Storage Directory /workdir/hadoop-ozone/integration-test/target/test-dir/MiniOzoneClusterImpl-35d8354e-3007-428c-81c8-adfd2a58d98b/datanode-4/data/ratis/53e6fdda-8581-43f4-820c-bbf3db9f685a: flushIndex: setUnconditionally 0 -> -1
2019-08-28 06:53:52,612 [pool-483-thread-1] INFO  server.RaftServerConfigKeys (ConfUtils.java:logGet(43)) - raft.server.snapshot.auto.trigger.enabled = true (custom)
2019-08-28 06:53:52,612 [pool-483-thread-1] INFO  server.RaftServerConfigKeys (ConfUtils.java:logGet(43)) - raft.server.snapshot.auto.trigger.threshold = 10000 (custom)
2019-08-28 06:53:52,612 [pool-483-thread-1] INFO  server.RaftServerConfigKeys (ConfUtils.java:logGet(43)) - raft.server.retrycache.expirytime = 600000ms (custom)
2019-08-28 06:53:52,612 [pool-483-thread-1] INFO  impl.RaftServerImpl (RaftServerImpl.java:start(180)) - cb63d383-7845-45fd-aceb-d6b4bea4aee4: start group-BBF3DB9F685A
2019-08-28 06:53:52,612 [pool-483-thread-1] INFO  impl.RaftServerImpl (RaftServerImpl.java:setRole(171)) - cb63d383-7845-45fd-aceb-d6b4bea4aee4:group-BBF3DB9F685A changes role from null to FOLLOWER at term 0 for startAsFollower
2019-08-28 06:53:52,612 [pool-483-thread-1] INFO  impl.RoleInfo (RoleInfo.java:updateAndGet(143)) - cb63d383-7845-45fd-aceb-d6b4bea4aee4: start FollowerState
2019-08-28 06:53:52,613 [pool-483-thread-1] INFO  util.JmxRegister (JmxRegister.java:tryRegister(44)) - Successfully registered JMX Bean with object name Ratis:service=RaftServer,group=group-BBF3DB9F685A,id=cb63d383-7845-45fd-aceb-d6b4bea4aee4
2019-08-28 06:53:52,614 [RatisPipelineUtilsThread] INFO  pipeline.PipelineStateManager (PipelineStateManager.java:addPipeline(56)) - Created pipeline Pipeline[ Id: 53e6fdda-8581-43f4-820c-bbf3db9f685a, Nodes: cb63d383-7845-45fd-aceb-d6b4bea4aee4{ip: 192.168.36.66, host: pr-hdds-1553-ns4jj-3895572740, networkLocation: /default-rack, certSerialId: null}, Type:RATIS, Factor:ONE, State:OPEN]
2019-08-28 06:53:52,759 [IPC Server handler 14 on 43122] INFO  net.NetworkTopology (NetworkTopologyImpl.java:add(110)) - Added a new node: /default-rack/e65f4345-a750-4eee-8a6b-22129dee7a8f
2019-08-28 06:53:52,759 [IPC Server handler 14 on 43122] INFO  node.SCMNodeManager (SCMNodeManager.java:register(273)) - Registered Data node : e65f4345-a750-4eee-8a6b-22129dee7a8f{ip: 192.168.36.66, host: pr-hdds-1553-ns4jj-3895572740, networkLocation: /default-rack, certSerialId: null}
2019-08-28 06:53:52,759 | INFO  | SCMAudit | user=jenkins1000 | ip=192.168.36.66 | op=REGISTER {datanodeDetails=e65f4345-a750-4eee-8a6b-22129dee7a8f{ip: 192.168.36.66, host: pr-hdds-1553-ns4jj-3895572740, networkLocation: /default-rack, certSerialId: null}} | ret=SUCCESS |  
2019-08-28 06:53:52,766 [grpc-default-executor-9] INFO  impl.RaftServerProxy (RaftServerProxy.java:addNew(89)) - e65f4345-a750-4eee-8a6b-22129dee7a8f: addNew group-1A04F1368FCF:[e65f4345-a750-4eee-8a6b-22129dee7a8f:192.168.36.66:39120] returns group-1A04F1368FCF:java.util.concurrent.CompletableFuture@3617641d[Not completed]
2019-08-28 06:53:52,767 [pool-494-thread-1] INFO  impl.RaftServerImpl (RaftServerImpl.java:<init>(93)) - e65f4345-a750-4eee-8a6b-22129dee7a8f: new RaftServerImpl for group-1A04F1368FCF:[e65f4345-a750-4eee-8a6b-22129dee7a8f:192.168.36.66:39120] with ContainerStateMachine:uninitialized
2019-08-28 06:53:52,767 [pool-494-thread-1] INFO  server.RaftServerConfigKeys (ConfUtils.java:logGet(43)) - raft.server.rpc.timeout.min = 5s (custom)
2019-08-28 06:53:52,767 [pool-494-thread-1] INFO  server.RaftServerConfigKeys (ConfUtils.java:logGet(43)) - raft.server.rpc.timeout.max = 5200ms (custom)
2019-08-28 06:53:52,768 [pool-494-thread-1] INFO  server.RaftServerConfigKeys (ConfUtils.java:logGet(43)) - raft.server.rpcslowness.timeout = 120s (custom)
2019-08-28 06:53:52,768 [pool-494-thread-1] INFO  server.RaftServerConfigKeys (ConfUtils.java:logGet(43)) - raft.server.sleep.deviation.threshold = 300 (default)
2019-08-28 06:53:52,768 [pool-494-thread-1] INFO  server.RaftServerConfigKeys (ConfUtils.java:logGet(43)) - raft.server.log.appender.install.snapshot.enabled = false (custom)
2019-08-28 06:53:52,768 [pool-494-thread-1] INFO  impl.RaftServerImpl (ServerState.java:<init>(105)) - e65f4345-a750-4eee-8a6b-22129dee7a8f:group-1A04F1368FCF ConfigurationManager, init=-1: [e65f4345-a750-4eee-8a6b-22129dee7a8f:192.168.36.66:39120], old=null, confs=<EMPTY_MAP>
2019-08-28 06:53:52,768 [pool-494-thread-1] INFO  server.RaftServerConfigKeys (ConfUtils.java:logGet(43)) - raft.server.storage.dir = [/workdir/hadoop-ozone/integration-test/target/test-dir/MiniOzoneClusterImpl-35d8354e-3007-428c-81c8-adfd2a58d98b/datanode-5/data/ratis] (custom)
2019-08-28 06:53:52,768 [pool-494-thread-1] INFO  storage.RaftStorageDirectory (RaftStorageDirectory.java:analyzeStorage(246)) - The storage directory /workdir/hadoop-ozone/integration-test/target/test-dir/MiniOzoneClusterImpl-35d8354e-3007-428c-81c8-adfd2a58d98b/datanode-5/data/ratis/0cc69243-96fb-4621-9a9a-1a04f1368fcf does not exist. Creating ...
2019-08-28 06:53:52,781 [pool-494-thread-1] INFO  storage.RaftStorageDirectory (RaftStorageDirectory.java:tryLock(328)) - Lock on /workdir/hadoop-ozone/integration-test/target/test-dir/MiniOzoneClusterImpl-35d8354e-3007-428c-81c8-adfd2a58d98b/datanode-5/data/ratis/0cc69243-96fb-4621-9a9a-1a04f1368fcf/in_use.lock acquired by nodename 23281@pr-hdds-1553-ns4jj-3895572740
2019-08-28 06:53:52,795 [pool-494-thread-1] INFO  storage.RaftStorage (RaftStorage.java:format(72)) - Storage directory /workdir/hadoop-ozone/integration-test/target/test-dir/MiniOzoneClusterImpl-35d8354e-3007-428c-81c8-adfd2a58d98b/datanode-5/data/ratis/0cc69243-96fb-4621-9a9a-1a04f1368fcf has been successfully formatted.
2019-08-28 06:53:52,795 [pool-494-thread-1] INFO  ratis.ContainerStateMachine (ContainerStateMachine.java:loadSnapshot(226)) - group-1A04F1368FCF: The snapshot info is null. Setting the last applied indexto:(t:0, i:~)
2019-08-28 06:53:52,795 [pool-494-thread-1] INFO  server.RaftServerConfigKeys (ConfUtils.java:logGet(43)) - raft.server.leader.election.timeout = 120s (custom)
2019-08-28 06:53:52,796 [pool-494-thread-1] INFO  server.RaftServerConfigKeys (ConfUtils.java:logGet(43)) - raft.server.log.use.memory = false (default)
2019-08-28 06:53:52,796 [pool-494-thread-1] INFO  server.RaftServerConfigKeys (ConfUtils.java:logGet(43)) - raft.server.log.purge.gap = 1000000 (custom)
2019-08-28 06:53:52,796 [pool-494-thread-1] INFO  server.RaftServerConfigKeys (ConfUtils.java:logGet(43)) - raft.server.log.appender.buffer.byte-limit = 33554432 (custom)
2019-08-28 06:53:52,796 [pool-494-thread-1] INFO  server.RaftServerConfigKeys (ConfUtils.java:logGet(43)) - raft.server.log.segment.size.max = 1048576 (custom)
2019-08-28 06:53:52,796 [pool-494-thread-1] INFO  server.RaftServerConfigKeys (ConfUtils.java:logGet(43)) - raft.server.log.segment.cache.num.max = 2 (custom)
2019-08-28 06:53:52,796 [pool-494-thread-1] INFO  segmented.SegmentedRaftLogWorker (SegmentedRaftLogWorker.java:<init>(172)) - new e65f4345-a750-4eee-8a6b-22129dee7a8f-SegmentedRaftLogWorker:Storage Directory /workdir/hadoop-ozone/integration-test/target/test-dir/MiniOzoneClusterImpl-35d8354e-3007-428c-81c8-adfd2a58d98b/datanode-5/data/ratis/0cc69243-96fb-4621-9a9a-1a04f1368fcf for RaftStorage:Storage Directory /workdir/hadoop-ozone/integration-test/target/test-dir/MiniOzoneClusterImpl-35d8354e-3007-428c-81c8-adfd2a58d98b/datanode-5/data/ratis/0cc69243-96fb-4621-9a9a-1a04f1368fcf
2019-08-28 06:53:52,797 [pool-494-thread-1] INFO  server.RaftServerConfigKeys (ConfUtils.java:logGet(43)) - raft.server.log.queue.byte-limit = 2147483647 (custom)
2019-08-28 06:53:52,797 [pool-494-thread-1] INFO  server.RaftServerConfigKeys (ConfUtils.java:logGet(43)) - raft.server.log.queue.element-limit = 1024 (custom)
2019-08-28 06:53:52,797 [pool-494-thread-1] INFO  server.RaftServerConfigKeys (ConfUtils.java:logGet(43)) - raft.server.log.segment.size.max = 1048576 (custom)
2019-08-28 06:53:52,797 [pool-494-thread-1] INFO  server.RaftServerConfigKeys (ConfUtils.java:logGet(43)) - raft.server.log.preallocated.size = 16384 (custom)
2019-08-28 06:53:52,797 [pool-494-thread-1] INFO  server.RaftServerConfigKeys (ConfUtils.java:logGet(43)) - raft.server.log.write.buffer.size = 33554432 (custom)
2019-08-28 06:53:52,797 [pool-494-thread-1] INFO  server.RaftServerConfigKeys (ConfUtils.java:logGet(43)) - raft.server.log.force.sync.num = 128 (default)
2019-08-28 06:53:52,798 [pool-494-thread-1] INFO  server.RaftServerConfigKeys (ConfUtils.java:logGet(43)) - raft.server.log.statemachine.data.sync = true (default)
2019-08-28 06:53:52,798 [pool-494-thread-1] INFO  server.RaftServerConfigKeys (ConfUtils.java:logGet(43)) - raft.server.log.statemachine.data.sync.timeout = 10s (default)
2019-08-28 06:53:52,798 [pool-494-thread-1] INFO  server.RaftServerConfigKeys (ConfUtils.java:logGet(43)) - raft.server.log.statemachine.data.sync.timeout.retry = -1 (default)
2019-08-28 06:53:52,798 [pool-494-thread-1] INFO  server.RaftServerConfigKeys (ConfUtils.java:logGet(43)) - raft.server.log.statemachine.data.caching.enabled = true (custom)
2019-08-28 06:53:52,799 [pool-494-thread-1] INFO  segmented.SegmentedRaftLogWorker (SegmentedRaftLogWorker.java:lambda$new$0(132)) - e65f4345-a750-4eee-8a6b-22129dee7a8f-SegmentedRaftLogWorker:Storage Directory /workdir/hadoop-ozone/integration-test/target/test-dir/MiniOzoneClusterImpl-35d8354e-3007-428c-81c8-adfd2a58d98b/datanode-5/data/ratis/0cc69243-96fb-4621-9a9a-1a04f1368fcf: flushIndex: setUnconditionally 0 -> -1
2019-08-28 06:53:52,799 [pool-494-thread-1] INFO  server.RaftServerConfigKeys (ConfUtils.java:logGet(43)) - raft.server.snapshot.auto.trigger.enabled = true (custom)
2019-08-28 06:53:52,799 [pool-494-thread-1] INFO  server.RaftServerConfigKeys (ConfUtils.java:logGet(43)) - raft.server.snapshot.auto.trigger.threshold = 10000 (custom)
2019-08-28 06:53:52,799 [pool-494-thread-1] INFO  server.RaftServerConfigKeys (ConfUtils.java:logGet(43)) - raft.server.retrycache.expirytime = 600000ms (custom)
2019-08-28 06:53:52,799 [pool-494-thread-1] INFO  impl.RaftServerImpl (RaftServerImpl.java:start(180)) - e65f4345-a750-4eee-8a6b-22129dee7a8f: start group-1A04F1368FCF
2019-08-28 06:53:52,799 [pool-494-thread-1] INFO  impl.RaftServerImpl (RaftServerImpl.java:setRole(171)) - e65f4345-a750-4eee-8a6b-22129dee7a8f:group-1A04F1368FCF changes role from null to FOLLOWER at term 0 for startAsFollower
2019-08-28 06:53:52,800 [pool-494-thread-1] INFO  impl.RoleInfo (RoleInfo.java:updateAndGet(143)) - e65f4345-a750-4eee-8a6b-22129dee7a8f: start FollowerState
2019-08-28 06:53:52,800 [pool-494-thread-1] INFO  util.JmxRegister (JmxRegister.java:tryRegister(44)) - Successfully registered JMX Bean with object name Ratis:service=RaftServer,group=group-1A04F1368FCF,id=e65f4345-a750-4eee-8a6b-22129dee7a8f
2019-08-28 06:53:52,802 [RatisPipelineUtilsThread] INFO  pipeline.PipelineStateManager (PipelineStateManager.java:addPipeline(56)) - Created pipeline Pipeline[ Id: 0cc69243-96fb-4621-9a9a-1a04f1368fcf, Nodes: e65f4345-a750-4eee-8a6b-22129dee7a8f{ip: 192.168.36.66, host: pr-hdds-1553-ns4jj-3895572740, networkLocation: /default-rack, certSerialId: null}, Type:RATIS, Factor:ONE, State:OPEN]
2019-08-28 06:53:52,812 [grpc-default-executor-9] INFO  impl.RaftServerProxy (RaftServerProxy.java:addNew(89)) - cb63d383-7845-45fd-aceb-d6b4bea4aee4: addNew group-E134278AF776:[e65f4345-a750-4eee-8a6b-22129dee7a8f:192.168.36.66:39120, cb63d383-7845-45fd-aceb-d6b4bea4aee4:192.168.36.66:39975, e7706eca-30e7-4076-96c5-867c4236a33c:192.168.36.66:35048] returns group-E134278AF776:java.util.concurrent.CompletableFuture@f1e2027[Not completed]
2019-08-28 06:53:52,812 [grpc-default-executor-7] INFO  impl.RaftServerProxy (RaftServerProxy.java:addNew(89)) - e65f4345-a750-4eee-8a6b-22129dee7a8f: addNew group-E134278AF776:[e65f4345-a750-4eee-8a6b-22129dee7a8f:192.168.36.66:39120, cb63d383-7845-45fd-aceb-d6b4bea4aee4:192.168.36.66:39975, e7706eca-30e7-4076-96c5-867c4236a33c:192.168.36.66:35048] returns group-E134278AF776:java.util.concurrent.CompletableFuture@1dbf1096[Not completed]
2019-08-28 06:53:52,812 [grpc-default-executor-8] INFO  impl.RaftServerProxy (RaftServerProxy.java:addNew(89)) - e7706eca-30e7-4076-96c5-867c4236a33c: addNew group-E134278AF776:[e65f4345-a750-4eee-8a6b-22129dee7a8f:192.168.36.66:39120, cb63d383-7845-45fd-aceb-d6b4bea4aee4:192.168.36.66:39975, e7706eca-30e7-4076-96c5-867c4236a33c:192.168.36.66:35048] returns group-E134278AF776:java.util.concurrent.CompletableFuture@1e0c7475[Not completed]
2019-08-28 06:53:52,813 [pool-472-thread-1] INFO  impl.RaftServerImpl (RaftServerImpl.java:<init>(93)) - e7706eca-30e7-4076-96c5-867c4236a33c: new RaftServerImpl for group-E134278AF776:[e65f4345-a750-4eee-8a6b-22129dee7a8f:192.168.36.66:39120, cb63d383-7845-45fd-aceb-d6b4bea4aee4:192.168.36.66:39975, e7706eca-30e7-4076-96c5-867c4236a33c:192.168.36.66:35048] with ContainerStateMachine:uninitialized
2019-08-28 06:53:52,814 [pool-472-thread-1] INFO  server.RaftServerConfigKeys (ConfUtils.java:logGet(43)) - raft.server.rpc.timeout.min = 5s (custom)
2019-08-28 06:53:52,814 [pool-472-thread-1] INFO  server.RaftServerConfigKeys (ConfUtils.java:logGet(43)) - raft.server.rpc.timeout.max = 5200ms (custom)
2019-08-28 06:53:52,814 [pool-472-thread-1] INFO  server.RaftServerConfigKeys (ConfUtils.java:logGet(43)) - raft.server.rpcslowness.timeout = 120s (custom)
2019-08-28 06:53:52,814 [pool-472-thread-1] INFO  server.RaftServerConfigKeys (ConfUtils.java:logGet(43)) - raft.server.sleep.deviation.threshold = 300 (default)
2019-08-28 06:53:52,814 [pool-472-thread-1] INFO  server.RaftServerConfigKeys (ConfUtils.java:logGet(43)) - raft.server.log.appender.install.snapshot.enabled = false (custom)
2019-08-28 06:53:52,814 [pool-483-thread-1] INFO  impl.RaftServerImpl (RaftServerImpl.java:<init>(93)) - cb63d383-7845-45fd-aceb-d6b4bea4aee4: new RaftServerImpl for group-E134278AF776:[e65f4345-a750-4eee-8a6b-22129dee7a8f:192.168.36.66:39120, cb63d383-7845-45fd-aceb-d6b4bea4aee4:192.168.36.66:39975, e7706eca-30e7-4076-96c5-867c4236a33c:192.168.36.66:35048] with ContainerStateMachine:uninitialized
2019-08-28 06:53:52,814 [pool-472-thread-1] INFO  impl.RaftServerImpl (ServerState.java:<init>(105)) - e7706eca-30e7-4076-96c5-867c4236a33c:group-E134278AF776 ConfigurationManager, init=-1: [e65f4345-a750-4eee-8a6b-22129dee7a8f:192.168.36.66:39120, cb63d383-7845-45fd-aceb-d6b4bea4aee4:192.168.36.66:39975, e7706eca-30e7-4076-96c5-867c4236a33c:192.168.36.66:35048], old=null, confs=<EMPTY_MAP>
2019-08-28 06:53:52,814 [pool-483-thread-1] INFO  server.RaftServerConfigKeys (ConfUtils.java:logGet(43)) - raft.server.rpc.timeout.min = 5s (custom)
2019-08-28 06:53:52,814 [pool-472-thread-1] INFO  server.RaftServerConfigKeys (ConfUtils.java:logGet(43)) - raft.server.storage.dir = [/workdir/hadoop-ozone/integration-test/target/test-dir/MiniOzoneClusterImpl-35d8354e-3007-428c-81c8-adfd2a58d98b/datanode-3/data/ratis] (custom)
2019-08-28 06:53:52,814 [pool-483-thread-1] INFO  server.RaftServerConfigKeys (ConfUtils.java:logGet(43)) - raft.server.rpc.timeout.max = 5200ms (custom)
2019-08-28 06:53:52,815 [pool-483-thread-1] INFO  server.RaftServerConfigKeys (ConfUtils.java:logGet(43)) - raft.server.rpcslowness.timeout = 120s (custom)
2019-08-28 06:53:52,815 [pool-472-thread-1] INFO  storage.RaftStorageDirectory (RaftStorageDirectory.java:analyzeStorage(246)) - The storage directory /workdir/hadoop-ozone/integration-test/target/test-dir/MiniOzoneClusterImpl-35d8354e-3007-428c-81c8-adfd2a58d98b/datanode-3/data/ratis/e8f78c85-2610-4123-9590-e134278af776 does not exist. Creating ...
2019-08-28 06:53:52,815 [pool-494-thread-1] INFO  impl.RaftServerImpl (RaftServerImpl.java:<init>(93)) - e65f4345-a750-4eee-8a6b-22129dee7a8f: new RaftServerImpl for group-E134278AF776:[e65f4345-a750-4eee-8a6b-22129dee7a8f:192.168.36.66:39120, cb63d383-7845-45fd-aceb-d6b4bea4aee4:192.168.36.66:39975, e7706eca-30e7-4076-96c5-867c4236a33c:192.168.36.66:35048] with ContainerStateMachine:uninitialized
2019-08-28 06:53:52,815 [pool-494-thread-1] INFO  server.RaftServerConfigKeys (ConfUtils.java:logGet(43)) - raft.server.rpc.timeout.min = 5s (custom)
2019-08-28 06:53:52,815 [pool-494-thread-1] INFO  server.RaftServerConfigKeys (ConfUtils.java:logGet(43)) - raft.server.rpc.timeout.max = 5200ms (custom)
2019-08-28 06:53:52,815 [pool-483-thread-1] INFO  server.RaftServerConfigKeys (ConfUtils.java:logGet(43)) - raft.server.sleep.deviation.threshold = 300 (default)
2019-08-28 06:53:52,815 [pool-494-thread-1] INFO  server.RaftServerConfigKeys (ConfUtils.java:logGet(43)) - raft.server.rpcslowness.timeout = 120s (custom)
2019-08-28 06:53:52,815 [pool-483-thread-1] INFO  server.RaftServerConfigKeys (ConfUtils.java:logGet(43)) - raft.server.log.appender.install.snapshot.enabled = false (custom)
2019-08-28 06:53:52,816 [pool-494-thread-1] INFO  server.RaftServerConfigKeys (ConfUtils.java:logGet(43)) - raft.server.sleep.deviation.threshold = 300 (default)
2019-08-28 06:53:52,816 [pool-483-thread-1] INFO  impl.RaftServerImpl (ServerState.java:<init>(105)) - cb63d383-7845-45fd-aceb-d6b4bea4aee4:group-E134278AF776 ConfigurationManager, init=-1: [e65f4345-a750-4eee-8a6b-22129dee7a8f:192.168.36.66:39120, cb63d383-7845-45fd-aceb-d6b4bea4aee4:192.168.36.66:39975, e7706eca-30e7-4076-96c5-867c4236a33c:192.168.36.66:35048], old=null, confs=<EMPTY_MAP>
2019-08-28 06:53:52,816 [pool-494-thread-1] INFO  server.RaftServerConfigKeys (ConfUtils.java:logGet(43)) - raft.server.log.appender.install.snapshot.enabled = false (custom)
2019-08-28 06:53:52,816 [pool-483-thread-1] INFO  server.RaftServerConfigKeys (ConfUtils.java:logGet(43)) - raft.server.storage.dir = [/workdir/hadoop-ozone/integration-test/target/test-dir/MiniOzoneClusterImpl-35d8354e-3007-428c-81c8-adfd2a58d98b/datanode-4/data/ratis] (custom)
2019-08-28 06:53:52,816 [pool-494-thread-1] INFO  impl.RaftServerImpl (ServerState.java:<init>(105)) - e65f4345-a750-4eee-8a6b-22129dee7a8f:group-E134278AF776 ConfigurationManager, init=-1: [e65f4345-a750-4eee-8a6b-22129dee7a8f:192.168.36.66:39120, cb63d383-7845-45fd-aceb-d6b4bea4aee4:192.168.36.66:39975, e7706eca-30e7-4076-96c5-867c4236a33c:192.168.36.66:35048], old=null, confs=<EMPTY_MAP>
2019-08-28 06:53:52,816 [pool-494-thread-1] INFO  server.RaftServerConfigKeys (ConfUtils.java:logGet(43)) - raft.server.storage.dir = [/workdir/hadoop-ozone/integration-test/target/test-dir/MiniOzoneClusterImpl-35d8354e-3007-428c-81c8-adfd2a58d98b/datanode-5/data/ratis] (custom)
2019-08-28 06:53:52,816 [pool-483-thread-1] INFO  storage.RaftStorageDirectory (RaftStorageDirectory.java:analyzeStorage(246)) - The storage directory /workdir/hadoop-ozone/integration-test/target/test-dir/MiniOzoneClusterImpl-35d8354e-3007-428c-81c8-adfd2a58d98b/datanode-4/data/ratis/e8f78c85-2610-4123-9590-e134278af776 does not exist. Creating ...
2019-08-28 06:53:52,816 [pool-494-thread-1] INFO  storage.RaftStorageDirectory (RaftStorageDirectory.java:analyzeStorage(246)) - The storage directory /workdir/hadoop-ozone/integration-test/target/test-dir/MiniOzoneClusterImpl-35d8354e-3007-428c-81c8-adfd2a58d98b/datanode-5/data/ratis/e8f78c85-2610-4123-9590-e134278af776 does not exist. Creating ...
2019-08-28 06:53:52,828 [pool-483-thread-1] INFO  storage.RaftStorageDirectory (RaftStorageDirectory.java:tryLock(328)) - Lock on /workdir/hadoop-ozone/integration-test/target/test-dir/MiniOzoneClusterImpl-35d8354e-3007-428c-81c8-adfd2a58d98b/datanode-4/data/ratis/e8f78c85-2610-4123-9590-e134278af776/in_use.lock acquired by nodename 23281@pr-hdds-1553-ns4jj-3895572740
2019-08-28 06:53:52,828 [pool-494-thread-1] INFO  storage.RaftStorageDirectory (RaftStorageDirectory.java:tryLock(328)) - Lock on /workdir/hadoop-ozone/integration-test/target/test-dir/MiniOzoneClusterImpl-35d8354e-3007-428c-81c8-adfd2a58d98b/datanode-5/data/ratis/e8f78c85-2610-4123-9590-e134278af776/in_use.lock acquired by nodename 23281@pr-hdds-1553-ns4jj-3895572740
2019-08-28 06:53:52,828 [pool-472-thread-1] INFO  storage.RaftStorageDirectory (RaftStorageDirectory.java:tryLock(328)) - Lock on /workdir/hadoop-ozone/integration-test/target/test-dir/MiniOzoneClusterImpl-35d8354e-3007-428c-81c8-adfd2a58d98b/datanode-3/data/ratis/e8f78c85-2610-4123-9590-e134278af776/in_use.lock acquired by nodename 23281@pr-hdds-1553-ns4jj-3895572740
2019-08-28 06:53:52,842 [pool-472-thread-1] INFO  storage.RaftStorage (RaftStorage.java:format(72)) - Storage directory /workdir/hadoop-ozone/integration-test/target/test-dir/MiniOzoneClusterImpl-35d8354e-3007-428c-81c8-adfd2a58d98b/datanode-3/data/ratis/e8f78c85-2610-4123-9590-e134278af776 has been successfully formatted.
2019-08-28 06:53:52,842 [pool-483-thread-1] INFO  storage.RaftStorage (RaftStorage.java:format(72)) - Storage directory /workdir/hadoop-ozone/integration-test/target/test-dir/MiniOzoneClusterImpl-35d8354e-3007-428c-81c8-adfd2a58d98b/datanode-4/data/ratis/e8f78c85-2610-4123-9590-e134278af776 has been successfully formatted.
2019-08-28 06:53:52,842 [pool-483-thread-1] INFO  ratis.ContainerStateMachine (ContainerStateMachine.java:loadSnapshot(226)) - group-E134278AF776: The snapshot info is null. Setting the last applied indexto:(t:0, i:~)
2019-08-28 06:53:52,842 [pool-472-thread-1] INFO  ratis.ContainerStateMachine (ContainerStateMachine.java:loadSnapshot(226)) - group-E134278AF776: The snapshot info is null. Setting the last applied indexto:(t:0, i:~)
2019-08-28 06:53:52,842 [pool-483-thread-1] INFO  server.RaftServerConfigKeys (ConfUtils.java:logGet(43)) - raft.server.leader.election.timeout = 120s (custom)
2019-08-28 06:53:52,842 [pool-472-thread-1] INFO  server.RaftServerConfigKeys (ConfUtils.java:logGet(43)) - raft.server.leader.election.timeout = 120s (custom)
2019-08-28 06:53:52,843 [pool-483-thread-1] INFO  server.RaftServerConfigKeys (ConfUtils.java:logGet(43)) - raft.server.log.use.memory = false (default)
2019-08-28 06:53:52,843 [pool-472-thread-1] INFO  server.RaftServerConfigKeys (ConfUtils.java:logGet(43)) - raft.server.log.use.memory = false (default)
2019-08-28 06:53:52,843 [pool-483-thread-1] INFO  server.RaftServerConfigKeys (ConfUtils.java:logGet(43)) - raft.server.log.purge.gap = 1000000 (custom)
2019-08-28 06:53:52,843 [pool-472-thread-1] INFO  server.RaftServerConfigKeys (ConfUtils.java:logGet(43)) - raft.server.log.purge.gap = 1000000 (custom)
2019-08-28 06:53:52,843 [pool-483-thread-1] INFO  server.RaftServerConfigKeys (ConfUtils.java:logGet(43)) - raft.server.log.appender.buffer.byte-limit = 33554432 (custom)
2019-08-28 06:53:52,843 [pool-472-thread-1] INFO  server.RaftServerConfigKeys (ConfUtils.java:logGet(43)) - raft.server.log.appender.buffer.byte-limit = 33554432 (custom)
2019-08-28 06:53:52,843 [pool-483-thread-1] INFO  server.RaftServerConfigKeys (ConfUtils.java:logGet(43)) - raft.server.log.segment.size.max = 1048576 (custom)
2019-08-28 06:53:52,843 [pool-472-thread-1] INFO  server.RaftServerConfigKeys (ConfUtils.java:logGet(43)) - raft.server.log.segment.size.max = 1048576 (custom)
2019-08-28 06:53:52,843 [pool-483-thread-1] INFO  server.RaftServerConfigKeys (ConfUtils.java:logGet(43)) - raft.server.log.segment.cache.num.max = 2 (custom)
2019-08-28 06:53:52,843 [pool-494-thread-1] INFO  storage.RaftStorage (RaftStorage.java:format(72)) - Storage directory /workdir/hadoop-ozone/integration-test/target/test-dir/MiniOzoneClusterImpl-35d8354e-3007-428c-81c8-adfd2a58d98b/datanode-5/data/ratis/e8f78c85-2610-4123-9590-e134278af776 has been successfully formatted.
2019-08-28 06:53:52,844 [pool-494-thread-1] INFO  ratis.ContainerStateMachine (ContainerStateMachine.java:loadSnapshot(226)) - group-E134278AF776: The snapshot info is null. Setting the last applied indexto:(t:0, i:~)
2019-08-28 06:53:52,844 [pool-494-thread-1] INFO  server.RaftServerConfigKeys (ConfUtils.java:logGet(43)) - raft.server.leader.election.timeout = 120s (custom)
2019-08-28 06:53:52,844 [pool-494-thread-1] INFO  server.RaftServerConfigKeys (ConfUtils.java:logGet(43)) - raft.server.log.use.memory = false (default)
2019-08-28 06:53:52,844 [pool-494-thread-1] INFO  server.RaftServerConfigKeys (ConfUtils.java:logGet(43)) - raft.server.log.purge.gap = 1000000 (custom)
2019-08-28 06:53:52,844 [pool-494-thread-1] INFO  server.RaftServerConfigKeys (ConfUtils.java:logGet(43)) - raft.server.log.appender.buffer.byte-limit = 33554432 (custom)
2019-08-28 06:53:52,844 [pool-494-thread-1] INFO  server.RaftServerConfigKeys (ConfUtils.java:logGet(43)) - raft.server.log.segment.size.max = 1048576 (custom)
2019-08-28 06:53:52,843 [pool-472-thread-1] INFO  server.RaftServerConfigKeys (ConfUtils.java:logGet(43)) - raft.server.log.segment.cache.num.max = 2 (custom)
2019-08-28 06:53:52,844 [pool-494-thread-1] INFO  server.RaftServerConfigKeys (ConfUtils.java:logGet(43)) - raft.server.log.segment.cache.num.max = 2 (custom)
2019-08-28 06:53:52,844 [pool-483-thread-1] INFO  segmented.SegmentedRaftLogWorker (SegmentedRaftLogWorker.java:<init>(172)) - new cb63d383-7845-45fd-aceb-d6b4bea4aee4-SegmentedRaftLogWorker:Storage Directory /workdir/hadoop-ozone/integration-test/target/test-dir/MiniOzoneClusterImpl-35d8354e-3007-428c-81c8-adfd2a58d98b/datanode-4/data/ratis/e8f78c85-2610-4123-9590-e134278af776 for RaftStorage:Storage Directory /workdir/hadoop-ozone/integration-test/target/test-dir/MiniOzoneClusterImpl-35d8354e-3007-428c-81c8-adfd2a58d98b/datanode-4/data/ratis/e8f78c85-2610-4123-9590-e134278af776
2019-08-28 06:53:52,845 [pool-494-thread-1] INFO  segmented.SegmentedRaftLogWorker (SegmentedRaftLogWorker.java:<init>(172)) - new e65f4345-a750-4eee-8a6b-22129dee7a8f-SegmentedRaftLogWorker:Storage Directory /workdir/hadoop-ozone/integration-test/target/test-dir/MiniOzoneClusterImpl-35d8354e-3007-428c-81c8-adfd2a58d98b/datanode-5/data/ratis/e8f78c85-2610-4123-9590-e134278af776 for RaftStorage:Storage Directory /workdir/hadoop-ozone/integration-test/target/test-dir/MiniOzoneClusterImpl-35d8354e-3007-428c-81c8-adfd2a58d98b/datanode-5/data/ratis/e8f78c85-2610-4123-9590-e134278af776
2019-08-28 06:53:52,844 [pool-472-thread-1] INFO  segmented.SegmentedRaftLogWorker (SegmentedRaftLogWorker.java:<init>(172)) - new e7706eca-30e7-4076-96c5-867c4236a33c-SegmentedRaftLogWorker:Storage Directory /workdir/hadoop-ozone/integration-test/target/test-dir/MiniOzoneClusterImpl-35d8354e-3007-428c-81c8-adfd2a58d98b/datanode-3/data/ratis/e8f78c85-2610-4123-9590-e134278af776 for RaftStorage:Storage Directory /workdir/hadoop-ozone/integration-test/target/test-dir/MiniOzoneClusterImpl-35d8354e-3007-428c-81c8-adfd2a58d98b/datanode-3/data/ratis/e8f78c85-2610-4123-9590-e134278af776
2019-08-28 06:53:52,845 [pool-494-thread-1] INFO  server.RaftServerConfigKeys (ConfUtils.java:logGet(43)) - raft.server.log.queue.byte-limit = 2147483647 (custom)
2019-08-28 06:53:52,845 [pool-483-thread-1] INFO  server.RaftServerConfigKeys (ConfUtils.java:logGet(43)) - raft.server.log.queue.byte-limit = 2147483647 (custom)
2019-08-28 06:53:52,845 [pool-494-thread-1] INFO  server.RaftServerConfigKeys (ConfUtils.java:logGet(43)) - raft.server.log.queue.element-limit = 1024 (custom)
2019-08-28 06:53:52,845 [pool-472-thread-1] INFO  server.RaftServerConfigKeys (ConfUtils.java:logGet(43)) - raft.server.log.queue.byte-limit = 2147483647 (custom)
2019-08-28 06:53:52,845 [pool-494-thread-1] INFO  server.RaftServerConfigKeys (ConfUtils.java:logGet(43)) - raft.server.log.segment.size.max = 1048576 (custom)
2019-08-28 06:53:52,845 [pool-483-thread-1] INFO  server.RaftServerConfigKeys (ConfUtils.java:logGet(43)) - raft.server.log.queue.element-limit = 1024 (custom)
2019-08-28 06:53:52,845 [pool-494-thread-1] INFO  server.RaftServerConfigKeys (ConfUtils.java:logGet(43)) - raft.server.log.preallocated.size = 16384 (custom)
2019-08-28 06:53:52,845 [pool-472-thread-1] INFO  server.RaftServerConfigKeys (ConfUtils.java:logGet(43)) - raft.server.log.queue.element-limit = 1024 (custom)
2019-08-28 06:53:52,845 [pool-494-thread-1] INFO  server.RaftServerConfigKeys (ConfUtils.java:logGet(43)) - raft.server.log.write.buffer.size = 33554432 (custom)
2019-08-28 06:53:52,845 [pool-483-thread-1] INFO  server.RaftServerConfigKeys (ConfUtils.java:logGet(43)) - raft.server.log.segment.size.max = 1048576 (custom)
2019-08-28 06:53:52,846 [pool-494-thread-1] INFO  server.RaftServerConfigKeys (ConfUtils.java:logGet(43)) - raft.server.log.force.sync.num = 128 (default)
2019-08-28 06:53:52,846 [pool-472-thread-1] INFO  server.RaftServerConfigKeys (ConfUtils.java:logGet(43)) - raft.server.log.segment.size.max = 1048576 (custom)
2019-08-28 06:53:52,846 [pool-494-thread-1] INFO  server.RaftServerConfigKeys (ConfUtils.java:logGet(43)) - raft.server.log.statemachine.data.sync = true (default)
2019-08-28 06:53:52,846 [pool-483-thread-1] INFO  server.RaftServerConfigKeys (ConfUtils.java:logGet(43)) - raft.server.log.preallocated.size = 16384 (custom)
2019-08-28 06:53:52,846 [pool-494-thread-1] INFO  server.RaftServerConfigKeys (ConfUtils.java:logGet(43)) - raft.server.log.statemachine.data.sync.timeout = 10s (default)
2019-08-28 06:53:52,846 [pool-472-thread-1] INFO  server.RaftServerConfigKeys (ConfUtils.java:logGet(43)) - raft.server.log.preallocated.size = 16384 (custom)
2019-08-28 06:53:52,846 [pool-494-thread-1] INFO  server.RaftServerConfigKeys (ConfUtils.java:logGet(43)) - raft.server.log.statemachine.data.sync.timeout.retry = -1 (default)
2019-08-28 06:53:52,846 [pool-483-thread-1] INFO  server.RaftServerConfigKeys (ConfUtils.java:logGet(43)) - raft.server.log.write.buffer.size = 33554432 (custom)
2019-08-28 06:53:52,846 [pool-494-thread-1] INFO  server.RaftServerConfigKeys (ConfUtils.java:logGet(43)) - raft.server.log.statemachine.data.caching.enabled = true (custom)
2019-08-28 06:53:52,846 [pool-472-thread-1] INFO  server.RaftServerConfigKeys (ConfUtils.java:logGet(43)) - raft.server.log.write.buffer.size = 33554432 (custom)
2019-08-28 06:53:52,846 [pool-483-thread-1] INFO  server.RaftServerConfigKeys (ConfUtils.java:logGet(43)) - raft.server.log.force.sync.num = 128 (default)
2019-08-28 06:53:52,847 [pool-494-thread-1] INFO  segmented.SegmentedRaftLogWorker (SegmentedRaftLogWorker.java:lambda$new$0(132)) - e65f4345-a750-4eee-8a6b-22129dee7a8f-SegmentedRaftLogWorker:Storage Directory /workdir/hadoop-ozone/integration-test/target/test-dir/MiniOzoneClusterImpl-35d8354e-3007-428c-81c8-adfd2a58d98b/datanode-5/data/ratis/e8f78c85-2610-4123-9590-e134278af776: flushIndex: setUnconditionally 0 -> -1
2019-08-28 06:53:52,846 [pool-472-thread-1] INFO  server.RaftServerConfigKeys (ConfUtils.java:logGet(43)) - raft.server.log.force.sync.num = 128 (default)
2019-08-28 06:53:52,847 [pool-483-thread-1] INFO  server.RaftServerConfigKeys (ConfUtils.java:logGet(43)) - raft.server.log.statemachine.data.sync = true (default)
2019-08-28 06:53:52,847 [pool-494-thread-1] INFO  server.RaftServerConfigKeys (ConfUtils.java:logGet(43)) - raft.server.snapshot.auto.trigger.enabled = true (custom)
2019-08-28 06:53:52,847 [pool-472-thread-1] INFO  server.RaftServerConfigKeys (ConfUtils.java:logGet(43)) - raft.server.log.statemachine.data.sync = true (default)
2019-08-28 06:53:52,847 [pool-494-thread-1] INFO  server.RaftServerConfigKeys (ConfUtils.java:logGet(43)) - raft.server.snapshot.auto.trigger.threshold = 10000 (custom)
2019-08-28 06:53:52,847 [pool-483-thread-1] INFO  server.RaftServerConfigKeys (ConfUtils.java:logGet(43)) - raft.server.log.statemachine.data.sync.timeout = 10s (default)
2019-08-28 06:53:52,847 [pool-494-thread-1] INFO  server.RaftServerConfigKeys (ConfUtils.java:logGet(43)) - raft.server.retrycache.expirytime = 600000ms (custom)
2019-08-28 06:53:52,847 [pool-472-thread-1] INFO  server.RaftServerConfigKeys (ConfUtils.java:logGet(43)) - raft.server.log.statemachine.data.sync.timeout = 10s (default)
2019-08-28 06:53:52,847 [pool-494-thread-1] INFO  impl.RaftServerImpl (RaftServerImpl.java:start(180)) - e65f4345-a750-4eee-8a6b-22129dee7a8f: start group-E134278AF776
2019-08-28 06:53:52,847 [pool-483-thread-1] INFO  server.RaftServerConfigKeys (ConfUtils.java:logGet(43)) - raft.server.log.statemachine.data.sync.timeout.retry = -1 (default)
2019-08-28 06:53:52,847 [pool-494-thread-1] INFO  impl.RaftServerImpl (RaftServerImpl.java:setRole(171)) - e65f4345-a750-4eee-8a6b-22129dee7a8f:group-E134278AF776 changes role from null to FOLLOWER at term 0 for startAsFollower
2019-08-28 06:53:52,847 [pool-472-thread-1] INFO  server.RaftServerConfigKeys (ConfUtils.java:logGet(43)) - raft.server.log.statemachine.data.sync.timeout.retry = -1 (default)
2019-08-28 06:53:52,848 [pool-494-thread-1] INFO  impl.RoleInfo (RoleInfo.java:updateAndGet(143)) - e65f4345-a750-4eee-8a6b-22129dee7a8f: start FollowerState
2019-08-28 06:53:52,848 [pool-483-thread-1] INFO  server.RaftServerConfigKeys (ConfUtils.java:logGet(43)) - raft.server.log.statemachine.data.caching.enabled = true (custom)
2019-08-28 06:53:52,848 [pool-472-thread-1] INFO  server.RaftServerConfigKeys (ConfUtils.java:logGet(43)) - raft.server.log.statemachine.data.caching.enabled = true (custom)
2019-08-28 06:53:52,848 [pool-483-thread-1] INFO  segmented.SegmentedRaftLogWorker (SegmentedRaftLogWorker.java:lambda$new$0(132)) - cb63d383-7845-45fd-aceb-d6b4bea4aee4-SegmentedRaftLogWorker:Storage Directory /workdir/hadoop-ozone/integration-test/target/test-dir/MiniOzoneClusterImpl-35d8354e-3007-428c-81c8-adfd2a58d98b/datanode-4/data/ratis/e8f78c85-2610-4123-9590-e134278af776: flushIndex: setUnconditionally 0 -> -1
2019-08-28 06:53:52,848 [pool-483-thread-1] INFO  server.RaftServerConfigKeys (ConfUtils.java:logGet(43)) - raft.server.snapshot.auto.trigger.enabled = true (custom)
2019-08-28 06:53:52,848 [pool-472-thread-1] INFO  segmented.SegmentedRaftLogWorker (SegmentedRaftLogWorker.java:lambda$new$0(132)) - e7706eca-30e7-4076-96c5-867c4236a33c-SegmentedRaftLogWorker:Storage Directory /workdir/hadoop-ozone/integration-test/target/test-dir/MiniOzoneClusterImpl-35d8354e-3007-428c-81c8-adfd2a58d98b/datanode-3/data/ratis/e8f78c85-2610-4123-9590-e134278af776: flushIndex: setUnconditionally 0 -> -1
2019-08-28 06:53:52,848 [pool-494-thread-1] INFO  util.JmxRegister (JmxRegister.java:tryRegister(44)) - Successfully registered JMX Bean with object name Ratis:service=RaftServer,group=group-E134278AF776,id=e65f4345-a750-4eee-8a6b-22129dee7a8f
2019-08-28 06:53:52,849 [pool-472-thread-1] INFO  server.RaftServerConfigKeys (ConfUtils.java:logGet(43)) - raft.server.snapshot.auto.trigger.enabled = true (custom)
2019-08-28 06:53:52,848 [pool-483-thread-1] INFO  server.RaftServerConfigKeys (ConfUtils.java:logGet(43)) - raft.server.snapshot.auto.trigger.threshold = 10000 (custom)
2019-08-28 06:53:52,849 [pool-472-thread-1] INFO  server.RaftServerConfigKeys (ConfUtils.java:logGet(43)) - raft.server.snapshot.auto.trigger.threshold = 10000 (custom)
2019-08-28 06:53:52,849 [pool-483-thread-1] INFO  server.RaftServerConfigKeys (ConfUtils.java:logGet(43)) - raft.server.retrycache.expirytime = 600000ms (custom)
2019-08-28 06:53:52,849 [pool-472-thread-1] INFO  server.RaftServerConfigKeys (ConfUtils.java:logGet(43)) - raft.server.retrycache.expirytime = 600000ms (custom)
2019-08-28 06:53:52,849 [pool-483-thread-1] INFO  impl.RaftServerImpl (RaftServerImpl.java:start(180)) - cb63d383-7845-45fd-aceb-d6b4bea4aee4: start group-E134278AF776
2019-08-28 06:53:52,849 [pool-472-thread-1] INFO  impl.RaftServerImpl (RaftServerImpl.java:start(180)) - e7706eca-30e7-4076-96c5-867c4236a33c: start group-E134278AF776
2019-08-28 06:53:52,849 [pool-483-thread-1] INFO  impl.RaftServerImpl (RaftServerImpl.java:setRole(171)) - cb63d383-7845-45fd-aceb-d6b4bea4aee4:group-E134278AF776 changes role from null to FOLLOWER at term 0 for startAsFollower
2019-08-28 06:53:52,849 [pool-472-thread-1] INFO  impl.RaftServerImpl (RaftServerImpl.java:setRole(171)) - e7706eca-30e7-4076-96c5-867c4236a33c:group-E134278AF776 changes role from null to FOLLOWER at term 0 for startAsFollower
2019-08-28 06:53:52,850 [pool-483-thread-1] INFO  impl.RoleInfo (RoleInfo.java:updateAndGet(143)) - cb63d383-7845-45fd-aceb-d6b4bea4aee4: start FollowerState
2019-08-28 06:53:52,850 [pool-472-thread-1] INFO  impl.RoleInfo (RoleInfo.java:updateAndGet(143)) - e7706eca-30e7-4076-96c5-867c4236a33c: start FollowerState
2019-08-28 06:53:52,850 [pool-483-thread-1] INFO  util.JmxRegister (JmxRegister.java:tryRegister(44)) - Successfully registered JMX Bean with object name Ratis:service=RaftServer,group=group-E134278AF776,id=cb63d383-7845-45fd-aceb-d6b4bea4aee4
2019-08-28 06:53:52,850 [pool-472-thread-1] INFO  util.JmxRegister (JmxRegister.java:tryRegister(44)) - Successfully registered JMX Bean with object name Ratis:service=RaftServer,group=group-E134278AF776,id=e7706eca-30e7-4076-96c5-867c4236a33c
2019-08-28 06:53:52,860 [RatisPipelineUtilsThread] INFO  pipeline.PipelineStateManager (PipelineStateManager.java:addPipeline(56)) - Created pipeline Pipeline[ Id: e8f78c85-2610-4123-9590-e134278af776, Nodes: cb63d383-7845-45fd-aceb-d6b4bea4aee4{ip: 192.168.36.66, host: pr-hdds-1553-ns4jj-3895572740, networkLocation: /default-rack, certSerialId: null}e7706eca-30e7-4076-96c5-867c4236a33c{ip: 192.168.36.66, host: pr-hdds-1553-ns4jj-3895572740, networkLocation: /default-rack, certSerialId: null}e65f4345-a750-4eee-8a6b-22129dee7a8f{ip: 192.168.36.66, host: pr-hdds-1553-ns4jj-3895572740, networkLocation: /default-rack, certSerialId: null}, Type:RATIS, Factor:THREE, State:OPEN]
2019-08-28 06:53:52,942 [main] INFO  ozone.MiniOzoneClusterImpl (MiniOzoneClusterImpl.java:lambda$waitForClusterToBeReady$0(142)) - Waiting for cluster to be ready. Got 6 of 7 DN Heartbeats.
2019-08-28 06:53:52,942 [IPC Server handler 13 on 43122] INFO  net.NetworkTopology (NetworkTopologyImpl.java:add(110)) - Added a new node: /default-rack/763fef36-99f7-4ef0-acc1-5c6529809efb
2019-08-28 06:53:52,942 [IPC Server handler 13 on 43122] INFO  node.SCMNodeManager (SCMNodeManager.java:register(273)) - Registered Data node : 763fef36-99f7-4ef0-acc1-5c6529809efb{ip: 192.168.36.66, host: pr-hdds-1553-ns4jj-3895572740, networkLocation: /default-rack, certSerialId: null}
2019-08-28 06:53:52,942 | INFO  | SCMAudit | user=jenkins1000 | ip=192.168.36.66 | op=REGISTER {datanodeDetails=763fef36-99f7-4ef0-acc1-5c6529809efb{ip: 192.168.36.66, host: pr-hdds-1553-ns4jj-3895572740, networkLocation: /default-rack, certSerialId: null}} | ret=SUCCESS |  
2019-08-28 06:53:52,952 [grpc-default-executor-8] INFO  impl.RaftServerProxy (RaftServerProxy.java:addNew(89)) - 763fef36-99f7-4ef0-acc1-5c6529809efb: addNew group-2C6F121E06C5:[763fef36-99f7-4ef0-acc1-5c6529809efb:192.168.36.66:32791] returns group-2C6F121E06C5:java.util.concurrent.CompletableFuture@34fae715[Not completed]
2019-08-28 06:53:52,953 [pool-505-thread-1] INFO  impl.RaftServerImpl (RaftServerImpl.java:<init>(93)) - 763fef36-99f7-4ef0-acc1-5c6529809efb: new RaftServerImpl for group-2C6F121E06C5:[763fef36-99f7-4ef0-acc1-5c6529809efb:192.168.36.66:32791] with ContainerStateMachine:uninitialized
2019-08-28 06:53:52,953 [pool-505-thread-1] INFO  server.RaftServerConfigKeys (ConfUtils.java:logGet(43)) - raft.server.rpc.timeout.min = 5s (custom)
2019-08-28 06:53:52,953 [pool-505-thread-1] INFO  server.RaftServerConfigKeys (ConfUtils.java:logGet(43)) - raft.server.rpc.timeout.max = 5200ms (custom)
2019-08-28 06:53:52,953 [pool-505-thread-1] INFO  server.RaftServerConfigKeys (ConfUtils.java:logGet(43)) - raft.server.rpcslowness.timeout = 120s (custom)
2019-08-28 06:53:52,953 [pool-505-thread-1] INFO  server.RaftServerConfigKeys (ConfUtils.java:logGet(43)) - raft.server.sleep.deviation.threshold = 300 (default)
2019-08-28 06:53:52,953 [pool-505-thread-1] INFO  server.RaftServerConfigKeys (ConfUtils.java:logGet(43)) - raft.server.log.appender.install.snapshot.enabled = false (custom)
2019-08-28 06:53:52,953 [pool-505-thread-1] INFO  impl.RaftServerImpl (ServerState.java:<init>(105)) - 763fef36-99f7-4ef0-acc1-5c6529809efb:group-2C6F121E06C5 ConfigurationManager, init=-1: [763fef36-99f7-4ef0-acc1-5c6529809efb:192.168.36.66:32791], old=null, confs=<EMPTY_MAP>
2019-08-28 06:53:52,953 [pool-505-thread-1] INFO  server.RaftServerConfigKeys (ConfUtils.java:logGet(43)) - raft.server.storage.dir = [/workdir/hadoop-ozone/integration-test/target/test-dir/MiniOzoneClusterImpl-35d8354e-3007-428c-81c8-adfd2a58d98b/datanode-6/data/ratis] (custom)
2019-08-28 06:53:52,953 [pool-505-thread-1] INFO  storage.RaftStorageDirectory (RaftStorageDirectory.java:analyzeStorage(246)) - The storage directory /workdir/hadoop-ozone/integration-test/target/test-dir/MiniOzoneClusterImpl-35d8354e-3007-428c-81c8-adfd2a58d98b/datanode-6/data/ratis/cb5f9a64-c675-420b-9e26-2c6f121e06c5 does not exist. Creating ...
2019-08-28 06:53:52,968 [pool-505-thread-1] INFO  storage.RaftStorageDirectory (RaftStorageDirectory.java:tryLock(328)) - Lock on /workdir/hadoop-ozone/integration-test/target/test-dir/MiniOzoneClusterImpl-35d8354e-3007-428c-81c8-adfd2a58d98b/datanode-6/data/ratis/cb5f9a64-c675-420b-9e26-2c6f121e06c5/in_use.lock acquired by nodename 23281@pr-hdds-1553-ns4jj-3895572740
2019-08-28 06:53:52,986 [pool-505-thread-1] INFO  storage.RaftStorage (RaftStorage.java:format(72)) - Storage directory /workdir/hadoop-ozone/integration-test/target/test-dir/MiniOzoneClusterImpl-35d8354e-3007-428c-81c8-adfd2a58d98b/datanode-6/data/ratis/cb5f9a64-c675-420b-9e26-2c6f121e06c5 has been successfully formatted.
2019-08-28 06:53:52,987 [pool-505-thread-1] INFO  ratis.ContainerStateMachine (ContainerStateMachine.java:loadSnapshot(226)) - group-2C6F121E06C5: The snapshot info is null. Setting the last applied indexto:(t:0, i:~)
2019-08-28 06:53:52,987 [pool-505-thread-1] INFO  server.RaftServerConfigKeys (ConfUtils.java:logGet(43)) - raft.server.leader.election.timeout = 120s (custom)
2019-08-28 06:53:52,987 [pool-505-thread-1] INFO  server.RaftServerConfigKeys (ConfUtils.java:logGet(43)) - raft.server.log.use.memory = false (default)
2019-08-28 06:53:52,987 [pool-505-thread-1] INFO  server.RaftServerConfigKeys (ConfUtils.java:logGet(43)) - raft.server.log.purge.gap = 1000000 (custom)
2019-08-28 06:53:52,987 [pool-505-thread-1] INFO  server.RaftServerConfigKeys (ConfUtils.java:logGet(43)) - raft.server.log.appender.buffer.byte-limit = 33554432 (custom)
2019-08-28 06:53:52,987 [pool-505-thread-1] INFO  server.RaftServerConfigKeys (ConfUtils.java:logGet(43)) - raft.server.log.segment.size.max = 1048576 (custom)
2019-08-28 06:53:52,988 [pool-505-thread-1] INFO  server.RaftServerConfigKeys (ConfUtils.java:logGet(43)) - raft.server.log.segment.cache.num.max = 2 (custom)
2019-08-28 06:53:52,988 [pool-505-thread-1] INFO  segmented.SegmentedRaftLogWorker (SegmentedRaftLogWorker.java:<init>(172)) - new 763fef36-99f7-4ef0-acc1-5c6529809efb-SegmentedRaftLogWorker:Storage Directory /workdir/hadoop-ozone/integration-test/target/test-dir/MiniOzoneClusterImpl-35d8354e-3007-428c-81c8-adfd2a58d98b/datanode-6/data/ratis/cb5f9a64-c675-420b-9e26-2c6f121e06c5 for RaftStorage:Storage Directory /workdir/hadoop-ozone/integration-test/target/test-dir/MiniOzoneClusterImpl-35d8354e-3007-428c-81c8-adfd2a58d98b/datanode-6/data/ratis/cb5f9a64-c675-420b-9e26-2c6f121e06c5
2019-08-28 06:53:52,988 [pool-505-thread-1] INFO  server.RaftServerConfigKeys (ConfUtils.java:logGet(43)) - raft.server.log.queue.byte-limit = 2147483647 (custom)
2019-08-28 06:53:52,988 [pool-505-thread-1] INFO  server.RaftServerConfigKeys (ConfUtils.java:logGet(43)) - raft.server.log.queue.element-limit = 1024 (custom)
2019-08-28 06:53:52,988 [pool-505-thread-1] INFO  server.RaftServerConfigKeys (ConfUtils.java:logGet(43)) - raft.server.log.segment.size.max = 1048576 (custom)
2019-08-28 06:53:52,988 [pool-505-thread-1] INFO  server.RaftServerConfigKeys (ConfUtils.java:logGet(43)) - raft.server.log.preallocated.size = 16384 (custom)
2019-08-28 06:53:52,989 [pool-505-thread-1] INFO  server.RaftServerConfigKeys (ConfUtils.java:logGet(43)) - raft.server.log.write.buffer.size = 33554432 (custom)
2019-08-28 06:53:52,989 [pool-505-thread-1] INFO  server.RaftServerConfigKeys (ConfUtils.java:logGet(43)) - raft.server.log.force.sync.num = 128 (default)
2019-08-28 06:53:52,989 [pool-505-thread-1] INFO  server.RaftServerConfigKeys (ConfUtils.java:logGet(43)) - raft.server.log.statemachine.data.sync = true (default)
2019-08-28 06:53:52,989 [pool-505-thread-1] INFO  server.RaftServerConfigKeys (ConfUtils.java:logGet(43)) - raft.server.log.statemachine.data.sync.timeout = 10s (default)
2019-08-28 06:53:52,989 [pool-505-thread-1] INFO  server.RaftServerConfigKeys (ConfUtils.java:logGet(43)) - raft.server.log.statemachine.data.sync.timeout.retry = -1 (default)
2019-08-28 06:53:52,989 [pool-505-thread-1] INFO  server.RaftServerConfigKeys (ConfUtils.java:logGet(43)) - raft.server.log.statemachine.data.caching.enabled = true (custom)
2019-08-28 06:53:52,990 [pool-505-thread-1] INFO  segmented.SegmentedRaftLogWorker (SegmentedRaftLogWorker.java:lambda$new$0(132)) - 763fef36-99f7-4ef0-acc1-5c6529809efb-SegmentedRaftLogWorker:Storage Directory /workdir/hadoop-ozone/integration-test/target/test-dir/MiniOzoneClusterImpl-35d8354e-3007-428c-81c8-adfd2a58d98b/datanode-6/data/ratis/cb5f9a64-c675-420b-9e26-2c6f121e06c5: flushIndex: setUnconditionally 0 -> -1
2019-08-28 06:53:52,990 [pool-505-thread-1] INFO  server.RaftServerConfigKeys (ConfUtils.java:logGet(43)) - raft.server.snapshot.auto.trigger.enabled = true (custom)
2019-08-28 06:53:52,990 [pool-505-thread-1] INFO  server.RaftServerConfigKeys (ConfUtils.java:logGet(43)) - raft.server.snapshot.auto.trigger.threshold = 10000 (custom)
2019-08-28 06:53:52,990 [pool-505-thread-1] INFO  server.RaftServerConfigKeys (ConfUtils.java:logGet(43)) - raft.server.retrycache.expirytime = 600000ms (custom)
2019-08-28 06:53:52,990 [pool-505-thread-1] INFO  impl.RaftServerImpl (RaftServerImpl.java:start(180)) - 763fef36-99f7-4ef0-acc1-5c6529809efb: start group-2C6F121E06C5
2019-08-28 06:53:52,991 [pool-505-thread-1] INFO  impl.RaftServerImpl (RaftServerImpl.java:setRole(171)) - 763fef36-99f7-4ef0-acc1-5c6529809efb:group-2C6F121E06C5 changes role from null to FOLLOWER at term 0 for startAsFollower
2019-08-28 06:53:52,991 [pool-505-thread-1] INFO  impl.RoleInfo (RoleInfo.java:updateAndGet(143)) - 763fef36-99f7-4ef0-acc1-5c6529809efb: start FollowerState
2019-08-28 06:53:52,991 [pool-505-thread-1] INFO  util.JmxRegister (JmxRegister.java:tryRegister(44)) - Successfully registered JMX Bean with object name Ratis:service=RaftServer,group=group-2C6F121E06C5,id=763fef36-99f7-4ef0-acc1-5c6529809efb
2019-08-28 06:53:52,993 [RatisPipelineUtilsThread] INFO  pipeline.PipelineStateManager (PipelineStateManager.java:addPipeline(56)) - Created pipeline Pipeline[ Id: cb5f9a64-c675-420b-9e26-2c6f121e06c5, Nodes: 763fef36-99f7-4ef0-acc1-5c6529809efb{ip: 192.168.36.66, host: pr-hdds-1553-ns4jj-3895572740, networkLocation: /default-rack, certSerialId: null}, Type:RATIS, Factor:ONE, State:OPEN]
2019-08-28 06:53:53,675 | INFO  | SCMAudit | user=jenkins1000 | ip=192.168.36.66 | op=SEND_HEARTBEAT {datanodeUUID=f3f62326-8b92-46e7-9f36-b9cac99ba129, command=[]} | ret=SUCCESS |  
2019-08-28 06:53:53,942 [main] INFO  ozone.MiniOzoneClusterImpl (MiniOzoneClusterImpl.java:lambda$waitForClusterToBeReady$0(142)) - Cluster is ready. Got 7 of 7 DN Heartbeats.
2019-08-28 06:53:53,972 [main] INFO  rpc.RpcClient (RpcClient.java:createVolume(293)) - Creating Volume: testblockoutputstream, with jenkins1000 as owner.
2019-08-28 06:53:53,996 | INFO  | OMAudit | user=jenkins1000 | ip=127.0.0.1 | op=CREATE_VOLUME {admin=jenkins1000, owner=jenkins1000, volume=testblockoutputstream, creationTime=1566975233974, quotaInBytes=1152921504606846976} | ret=SUCCESS |  
2019-08-28 06:53:54,006 | INFO  | OMAudit | user=jenkins1000 | ip=127.0.0.1 | op=READ_VOLUME {volume=testblockoutputstream} | ret=SUCCESS |  
2019-08-28 06:53:54,007 [main] INFO  rpc.RpcClient (RpcClient.java:createBucket(432)) - Creating Bucket: testblockoutputstream/testblockoutputstream, with Versioning false and Storage Type set to DISK and Encryption set to false 
2019-08-28 06:53:54,009 | INFO  | OMAudit | user=jenkins1000 | ip=127.0.0.1 | op=CREATE_BUCKET {volume=testblockoutputstream, bucket=testblockoutputstream, acls=[user:jenkins1000:a[ACCESS], group:default:a[ACCESS]], isVersionEnabled=false, storageType=DISK, creationTime=0} | ret=SUCCESS |  
2019-08-28 06:53:54,011 | INFO  | OMAudit | user=jenkins1000 | ip=127.0.0.1 | op=READ_VOLUME {volume=testblockoutputstream} | ret=SUCCESS |  
2019-08-28 06:53:54,012 | INFO  | OMAudit | user=jenkins1000 | ip=127.0.0.1 | op=READ_BUCKET {volume=testblockoutputstream, bucket=testblockoutputstream} | ret=SUCCESS |  
2019-08-28 06:53:54,014 | INFO  | SCMAudit | user=jenkins1000 | ip=192.168.36.66 | op=ALLOCATE_BLOCK {owner=520f2804-b482-414a-b628-592fe2090df3, size=800, type=RATIS, factor=THREE} | ret=SUCCESS |  
2019-08-28 06:53:54,017 | INFO  | OMAudit | user=jenkins1000 | ip=127.0.0.1 | op=ALLOCATE_KEY {volume=testblockoutputstream, bucket=testblockoutputstream, key=281e547d-ff15-41a5-9eeb-b720557d06df, dataSize=0, replicationType=RATIS, replicationFactor=THREE, keyLocationInfo=null} | ret=SUCCESS |  
2019-08-28 06:53:54,021 | INFO  | SCMAudit | user=jenkins1000 | ip=192.168.36.66 | op=SEND_HEARTBEAT {datanodeUUID=950a0533-9469-43b5-b9c4-edf7c4baab0a, command=[]} | ret=SUCCESS |  
2019-08-28 06:53:54,028 [grpc-default-executor-8] INFO  client.GrpcClientProtocolClient (GrpcClientProtocolClient.java:onNext(255)) - client-64A74FDBF49F->950a0533-9469-43b5-b9c4-edf7c4baab0a: receive RaftClientReply:client-64A74FDBF49F->950a0533-9469-43b5-b9c4-edf7c4baab0a@group-FB7DE9B29A7D, cid=183, FAILED org.apache.ratis.protocol.NotLeaderException: Server 950a0533-9469-43b5-b9c4-edf7c4baab0a is not the leader (null). Request must be sent to leader., logIndex=0, commits[950a0533-9469-43b5-b9c4-edf7c4baab0a:c-1]
2019-08-28 06:53:54,195 | INFO  | SCMAudit | user=jenkins1000 | ip=192.168.36.66 | op=SEND_HEARTBEAT {datanodeUUID=87fd7076-0834-4f8c-a36e-102ac7fe9c40, command=[]} | ret=SUCCESS |  
2019-08-28 06:53:54,408 | INFO  | SCMAudit | user=jenkins1000 | ip=192.168.36.66 | op=SEND_HEARTBEAT {datanodeUUID=e7706eca-30e7-4076-96c5-867c4236a33c, command=[]} | ret=SUCCESS |  
2019-08-28 06:53:54,572 | INFO  | SCMAudit | user=jenkins1000 | ip=192.168.36.66 | op=SEND_HEARTBEAT {datanodeUUID=cb63d383-7845-45fd-aceb-d6b4bea4aee4, command=[]} | ret=SUCCESS |  
2019-08-28 06:53:54,676 | INFO  | SCMAudit | user=jenkins1000 | ip=192.168.36.66 | op=SEND_HEARTBEAT {datanodeUUID=f3f62326-8b92-46e7-9f36-b9cac99ba129, command=[]} | ret=SUCCESS |  
2019-08-28 06:53:54,685 [Thread-3495] INFO  container.ReplicationManager (ReplicationManager.java:start(152)) - Starting Replication Monitor Thread.
2019-08-28 06:53:54,688 [ReplicationMonitor] INFO  container.ReplicationManager (ReplicationManager.java:run(215)) - Replication Monitor Thread took 0 milliseconds for processing 1 containers.
2019-08-28 06:53:54,759 | INFO  | SCMAudit | user=jenkins1000 | ip=192.168.36.66 | op=SEND_HEARTBEAT {datanodeUUID=e65f4345-a750-4eee-8a6b-22129dee7a8f, command=[]} | ret=SUCCESS |  
2019-08-28 06:53:54,942 | INFO  | SCMAudit | user=jenkins1000 | ip=192.168.36.66 | op=SEND_HEARTBEAT {datanodeUUID=763fef36-99f7-4ef0-acc1-5c6529809efb, command=[]} | ret=SUCCESS |  
2019-08-28 06:53:55,020 | INFO  | SCMAudit | user=jenkins1000 | ip=192.168.36.66 | op=SEND_HEARTBEAT {datanodeUUID=950a0533-9469-43b5-b9c4-edf7c4baab0a, command=[]} | ret=SUCCESS |  
2019-08-28 06:53:55,042 [grpc-default-executor-8] INFO  client.GrpcClientProtocolClient (GrpcClientProtocolClient.java:onNext(255)) - client-64A74FDBF49F->f3f62326-8b92-46e7-9f36-b9cac99ba129: receive RaftClientReply:client-64A74FDBF49F->f3f62326-8b92-46e7-9f36-b9cac99ba129@group-FB7DE9B29A7D, cid=183, FAILED org.apache.ratis.protocol.NotLeaderException: Server f3f62326-8b92-46e7-9f36-b9cac99ba129 is not the leader (null). Request must be sent to leader., logIndex=0, commits[f3f62326-8b92-46e7-9f36-b9cac99ba129:c-1]
2019-08-28 06:53:55,195 | INFO  | SCMAudit | user=jenkins1000 | ip=192.168.36.66 | op=SEND_HEARTBEAT {datanodeUUID=87fd7076-0834-4f8c-a36e-102ac7fe9c40, command=[]} | ret=SUCCESS |  
2019-08-28 06:53:55,408 | INFO  | SCMAudit | user=jenkins1000 | ip=192.168.36.66 | op=SEND_HEARTBEAT {datanodeUUID=e7706eca-30e7-4076-96c5-867c4236a33c, command=[]} | ret=SUCCESS |  
2019-08-28 06:53:55,572 | INFO  | SCMAudit | user=jenkins1000 | ip=192.168.36.66 | op=SEND_HEARTBEAT {datanodeUUID=cb63d383-7845-45fd-aceb-d6b4bea4aee4, command=[]} | ret=SUCCESS |  
2019-08-28 06:53:55,676 | INFO  | SCMAudit | user=jenkins1000 | ip=192.168.36.66 | op=SEND_HEARTBEAT {datanodeUUID=f3f62326-8b92-46e7-9f36-b9cac99ba129, command=[]} | ret=SUCCESS |  
2019-08-28 06:53:55,759 | INFO  | SCMAudit | user=jenkins1000 | ip=192.168.36.66 | op=SEND_HEARTBEAT {datanodeUUID=e65f4345-a750-4eee-8a6b-22129dee7a8f, command=[]} | ret=SUCCESS |  
2019-08-28 06:53:55,942 | INFO  | SCMAudit | user=jenkins1000 | ip=192.168.36.66 | op=SEND_HEARTBEAT {datanodeUUID=763fef36-99f7-4ef0-acc1-5c6529809efb, command=[]} | ret=SUCCESS |  
2019-08-28 06:53:56,020 | INFO  | SCMAudit | user=jenkins1000 | ip=192.168.36.66 | op=SEND_HEARTBEAT {datanodeUUID=950a0533-9469-43b5-b9c4-edf7c4baab0a, command=[]} | ret=SUCCESS |  
2019-08-28 06:53:56,051 [grpc-default-executor-8] INFO  client.GrpcClientProtocolClient (GrpcClientProtocolClient.java:onNext(255)) - client-64A74FDBF49F->87fd7076-0834-4f8c-a36e-102ac7fe9c40: receive RaftClientReply:client-64A74FDBF49F->87fd7076-0834-4f8c-a36e-102ac7fe9c40@group-FB7DE9B29A7D, cid=183, FAILED org.apache.ratis.protocol.NotLeaderException: Server 87fd7076-0834-4f8c-a36e-102ac7fe9c40 is not the leader (null). Request must be sent to leader., logIndex=0, commits[87fd7076-0834-4f8c-a36e-102ac7fe9c40:c-1]
2019-08-28 06:53:56,196 | INFO  | SCMAudit | user=jenkins1000 | ip=192.168.36.66 | op=SEND_HEARTBEAT {datanodeUUID=87fd7076-0834-4f8c-a36e-102ac7fe9c40, command=[]} | ret=SUCCESS |  
2019-08-28 06:53:56,407 | INFO  | SCMAudit | user=jenkins1000 | ip=192.168.36.66 | op=SEND_HEARTBEAT {datanodeUUID=e7706eca-30e7-4076-96c5-867c4236a33c, command=[]} | ret=SUCCESS |  
2019-08-28 06:53:56,572 | INFO  | SCMAudit | user=jenkins1000 | ip=192.168.36.66 | op=SEND_HEARTBEAT {datanodeUUID=cb63d383-7845-45fd-aceb-d6b4bea4aee4, command=[]} | ret=SUCCESS |  
2019-08-28 06:53:56,675 | INFO  | SCMAudit | user=jenkins1000 | ip=192.168.36.66 | op=SEND_HEARTBEAT {datanodeUUID=f3f62326-8b92-46e7-9f36-b9cac99ba129, command=[]} | ret=SUCCESS |  
2019-08-28 06:53:56,759 | INFO  | SCMAudit | user=jenkins1000 | ip=192.168.36.66 | op=SEND_HEARTBEAT {datanodeUUID=e65f4345-a750-4eee-8a6b-22129dee7a8f, command=[]} | ret=SUCCESS |  
2019-08-28 06:53:56,876 [Thread-3497] INFO  impl.FollowerState (FollowerState.java:run(106)) - f3f62326-8b92-46e7-9f36-b9cac99ba129:group-4909E24EA900 changes to CANDIDATE, lastRpcTime:5139, electionTimeout:5139ms
2019-08-28 06:53:56,876 [Thread-3497] INFO  impl.RoleInfo (RoleInfo.java:shutdownFollowerState(121)) - f3f62326-8b92-46e7-9f36-b9cac99ba129: shutdown FollowerState
2019-08-28 06:53:56,876 [Thread-3497] INFO  impl.RaftServerImpl (RaftServerImpl.java:setRole(171)) - f3f62326-8b92-46e7-9f36-b9cac99ba129:group-4909E24EA900 changes role from FOLLOWER to CANDIDATE at term 0 for changeToCandidate
2019-08-28 06:53:56,877 [Thread-3497] INFO  impl.RoleInfo (RoleInfo.java:updateAndGet(143)) - f3f62326-8b92-46e7-9f36-b9cac99ba129: start LeaderElection
2019-08-28 06:53:56,904 [f3f62326-8b92-46e7-9f36-b9cac99ba129:group-4909E24EA900:LeaderElection62] INFO  impl.LeaderElection (LeaderElection.java:askForVotes(181)) - f3f62326-8b92-46e7-9f36-b9cac99ba129:group-4909E24EA900:LeaderElection62: begin an election at term 1 for -1: [f3f62326-8b92-46e7-9f36-b9cac99ba129:192.168.36.66:37859], old=null
2019-08-28 06:53:56,904 [f3f62326-8b92-46e7-9f36-b9cac99ba129:group-4909E24EA900:LeaderElection62] INFO  impl.RoleInfo (RoleInfo.java:shutdownLeaderElection(134)) - f3f62326-8b92-46e7-9f36-b9cac99ba129: shutdown LeaderElection
2019-08-28 06:53:56,904 [f3f62326-8b92-46e7-9f36-b9cac99ba129:group-4909E24EA900:LeaderElection62] INFO  impl.RaftServerImpl (RaftServerImpl.java:setRole(171)) - f3f62326-8b92-46e7-9f36-b9cac99ba129:group-4909E24EA900 changes role from CANDIDATE to LEADER at term 1 for changeToLeader
2019-08-28 06:53:56,904 [f3f62326-8b92-46e7-9f36-b9cac99ba129:group-4909E24EA900:LeaderElection62] INFO  impl.RaftServerImpl (ServerState.java:setLeader(263)) - f3f62326-8b92-46e7-9f36-b9cac99ba129:group-4909E24EA900 change Leader from null to f3f62326-8b92-46e7-9f36-b9cac99ba129 at term 1 for becomeLeader, leader elected after 5170ms
2019-08-28 06:53:56,905 [f3f62326-8b92-46e7-9f36-b9cac99ba129:group-4909E24EA900:LeaderElection62] INFO  server.RaftServerConfigKeys (ConfUtils.java:logGet(43)) - raft.server.staging.catchup.gap = 1000 (default)
2019-08-28 06:53:56,905 [f3f62326-8b92-46e7-9f36-b9cac99ba129:group-4909E24EA900:LeaderElection62] INFO  server.RaftServerConfigKeys (ConfUtils.java:logGet(43)) - raft.server.rpc.sleep.time = 25ms (default)
2019-08-28 06:53:56,905 [f3f62326-8b92-46e7-9f36-b9cac99ba129:group-4909E24EA900:LeaderElection62] INFO  server.RaftServerConfigKeys (ConfUtils.java:logGet(43)) - raft.server.write.element-limit = 4096 (default)
2019-08-28 06:53:56,905 [f3f62326-8b92-46e7-9f36-b9cac99ba129:group-4909E24EA900:LeaderElection62] INFO  server.RaftServerConfigKeys (ConfUtils.java:logGet(43)) - raft.server.watch.timeout = 10s (default)
2019-08-28 06:53:56,905 [f3f62326-8b92-46e7-9f36-b9cac99ba129:group-4909E24EA900:LeaderElection62] INFO  server.RaftServerConfigKeys (ConfUtils.java:logGet(43)) - raft.server.watch.timeout.denomination = 1s (default)
2019-08-28 06:53:56,905 [f3f62326-8b92-46e7-9f36-b9cac99ba129:group-4909E24EA900:LeaderElection62] INFO  server.RaftServerConfigKeys (ConfUtils.java:logGet(43)) - raft.server.watch.element-limit = 65536 (default)
2019-08-28 06:53:56,905 [f3f62326-8b92-46e7-9f36-b9cac99ba129:group-4909E24EA900:LeaderElection62] INFO  impl.RoleInfo (RoleInfo.java:updateAndGet(143)) - f3f62326-8b92-46e7-9f36-b9cac99ba129: start LeaderState
2019-08-28 06:53:56,905 [f3f62326-8b92-46e7-9f36-b9cac99ba129:group-4909E24EA900:LeaderElection62] INFO  segmented.SegmentedRaftLogWorker (SegmentedRaftLogWorker.java:startLogSegment(380)) - f3f62326-8b92-46e7-9f36-b9cac99ba129-SegmentedRaftLogWorker:Storage Directory /workdir/hadoop-ozone/integration-test/target/test-dir/MiniOzoneClusterImpl-35d8354e-3007-428c-81c8-adfd2a58d98b/datanode-0/data/ratis/e985043a-af0e-4c8c-ba9a-4909e24ea900: Starting segment from index:0
2019-08-28 06:53:56,906 [f3f62326-8b92-46e7-9f36-b9cac99ba129:group-4909E24EA900:LeaderElection62] INFO  impl.RaftServerImpl (ServerState.java:setRaftConf(361)) - f3f62326-8b92-46e7-9f36-b9cac99ba129:group-4909E24EA900 set configuration 0: [f3f62326-8b92-46e7-9f36-b9cac99ba129:192.168.36.66:37859], old=null at 0
2019-08-28 06:53:56,943 | INFO  | SCMAudit | user=jenkins1000 | ip=192.168.36.66 | op=SEND_HEARTBEAT {datanodeUUID=763fef36-99f7-4ef0-acc1-5c6529809efb, command=[]} | ret=SUCCESS |  
2019-08-28 06:53:56,943 [f3f62326-8b92-46e7-9f36-b9cac99ba129-SegmentedRaftLogWorker:Storage Directory /workdir/hadoop-ozone/integration-test/target/test-dir/MiniOzoneClusterImpl-35d8354e-3007-428c-81c8-adfd2a58d98b/datanode-0/data/ratis/e985043a-af0e-4c8c-ba9a-4909e24ea900] INFO  segmented.SegmentedRaftLogWorker (SegmentedRaftLogWorker.java:execute(569)) - f3f62326-8b92-46e7-9f36-b9cac99ba129-SegmentedRaftLogWorker:Storage Directory /workdir/hadoop-ozone/integration-test/target/test-dir/MiniOzoneClusterImpl-35d8354e-3007-428c-81c8-adfd2a58d98b/datanode-0/data/ratis/e985043a-af0e-4c8c-ba9a-4909e24ea900: created new log segment /workdir/hadoop-ozone/integration-test/target/test-dir/MiniOzoneClusterImpl-35d8354e-3007-428c-81c8-adfd2a58d98b/datanode-0/data/ratis/e985043a-af0e-4c8c-ba9a-4909e24ea900/current/log_inprogress_0
2019-08-28 06:53:57,020 | INFO  | SCMAudit | user=jenkins1000 | ip=192.168.36.66 | op=SEND_HEARTBEAT {datanodeUUID=950a0533-9469-43b5-b9c4-edf7c4baab0a, command=[]} | ret=SUCCESS |  
2019-08-28 06:53:57,059 [grpc-default-executor-7] INFO  client.GrpcClientProtocolClient (GrpcClientProtocolClient.java:onNext(255)) - client-64A74FDBF49F->950a0533-9469-43b5-b9c4-edf7c4baab0a: receive RaftClientReply:client-64A74FDBF49F->950a0533-9469-43b5-b9c4-edf7c4baab0a@group-FB7DE9B29A7D, cid=183, FAILED org.apache.ratis.protocol.NotLeaderException: Server 950a0533-9469-43b5-b9c4-edf7c4baab0a is not the leader (null). Request must be sent to leader., logIndex=0, commits[950a0533-9469-43b5-b9c4-edf7c4baab0a:c-1]
2019-08-28 06:53:57,182 [Thread-3500] INFO  impl.FollowerState (FollowerState.java:run(106)) - 950a0533-9469-43b5-b9c4-edf7c4baab0a:group-41EB8AA5550A changes to CANDIDATE, lastRpcTime:5118, electionTimeout:5118ms
2019-08-28 06:53:57,182 [Thread-3500] INFO  impl.RoleInfo (RoleInfo.java:shutdownFollowerState(121)) - 950a0533-9469-43b5-b9c4-edf7c4baab0a: shutdown FollowerState
2019-08-28 06:53:57,182 [Thread-3500] INFO  impl.RaftServerImpl (RaftServerImpl.java:setRole(171)) - 950a0533-9469-43b5-b9c4-edf7c4baab0a:group-41EB8AA5550A changes role from FOLLOWER to CANDIDATE at term 0 for changeToCandidate
2019-08-28 06:53:57,182 [Thread-3500] INFO  impl.RoleInfo (RoleInfo.java:updateAndGet(143)) - 950a0533-9469-43b5-b9c4-edf7c4baab0a: start LeaderElection
2019-08-28 06:53:57,196 | INFO  | SCMAudit | user=jenkins1000 | ip=192.168.36.66 | op=SEND_HEARTBEAT {datanodeUUID=87fd7076-0834-4f8c-a36e-102ac7fe9c40, command=[]} | ret=SUCCESS |  
2019-08-28 06:53:57,199 [950a0533-9469-43b5-b9c4-edf7c4baab0a:group-41EB8AA5550A:LeaderElection63] INFO  impl.LeaderElection (LeaderElection.java:askForVotes(181)) - 950a0533-9469-43b5-b9c4-edf7c4baab0a:group-41EB8AA5550A:LeaderElection63: begin an election at term 1 for -1: [950a0533-9469-43b5-b9c4-edf7c4baab0a:192.168.36.66:44256], old=null
2019-08-28 06:53:57,200 [950a0533-9469-43b5-b9c4-edf7c4baab0a:group-41EB8AA5550A:LeaderElection63] INFO  impl.RoleInfo (RoleInfo.java:shutdownLeaderElection(134)) - 950a0533-9469-43b5-b9c4-edf7c4baab0a: shutdown LeaderElection
2019-08-28 06:53:57,200 [950a0533-9469-43b5-b9c4-edf7c4baab0a:group-41EB8AA5550A:LeaderElection63] INFO  impl.RaftServerImpl (RaftServerImpl.java:setRole(171)) - 950a0533-9469-43b5-b9c4-edf7c4baab0a:group-41EB8AA5550A changes role from CANDIDATE to LEADER at term 1 for changeToLeader
2019-08-28 06:53:57,200 [950a0533-9469-43b5-b9c4-edf7c4baab0a:group-41EB8AA5550A:LeaderElection63] INFO  impl.RaftServerImpl (ServerState.java:setLeader(263)) - 950a0533-9469-43b5-b9c4-edf7c4baab0a:group-41EB8AA5550A change Leader from null to 950a0533-9469-43b5-b9c4-edf7c4baab0a at term 1 for becomeLeader, leader elected after 5140ms
2019-08-28 06:53:57,200 [950a0533-9469-43b5-b9c4-edf7c4baab0a:group-41EB8AA5550A:LeaderElection63] INFO  server.RaftServerConfigKeys (ConfUtils.java:logGet(43)) - raft.server.staging.catchup.gap = 1000 (default)
2019-08-28 06:53:57,200 [950a0533-9469-43b5-b9c4-edf7c4baab0a:group-41EB8AA5550A:LeaderElection63] INFO  server.RaftServerConfigKeys (ConfUtils.java:logGet(43)) - raft.server.rpc.sleep.time = 25ms (default)
2019-08-28 06:53:57,200 [950a0533-9469-43b5-b9c4-edf7c4baab0a:group-41EB8AA5550A:LeaderElection63] INFO  server.RaftServerConfigKeys (ConfUtils.java:logGet(43)) - raft.server.write.element-limit = 4096 (default)
2019-08-28 06:53:57,200 [950a0533-9469-43b5-b9c4-edf7c4baab0a:group-41EB8AA5550A:LeaderElection63] INFO  server.RaftServerConfigKeys (ConfUtils.java:logGet(43)) - raft.server.watch.timeout = 10s (default)
2019-08-28 06:53:57,200 [950a0533-9469-43b5-b9c4-edf7c4baab0a:group-41EB8AA5550A:LeaderElection63] INFO  server.RaftServerConfigKeys (ConfUtils.java:logGet(43)) - raft.server.watch.timeout.denomination = 1s (default)
2019-08-28 06:53:57,200 [950a0533-9469-43b5-b9c4-edf7c4baab0a:group-41EB8AA5550A:LeaderElection63] INFO  server.RaftServerConfigKeys (ConfUtils.java:logGet(43)) - raft.server.watch.element-limit = 65536 (default)
2019-08-28 06:53:57,201 [950a0533-9469-43b5-b9c4-edf7c4baab0a:group-41EB8AA5550A:LeaderElection63] INFO  impl.RoleInfo (RoleInfo.java:updateAndGet(143)) - 950a0533-9469-43b5-b9c4-edf7c4baab0a: start LeaderState
2019-08-28 06:53:57,201 [950a0533-9469-43b5-b9c4-edf7c4baab0a:group-41EB8AA5550A:LeaderElection63] INFO  segmented.SegmentedRaftLogWorker (SegmentedRaftLogWorker.java:startLogSegment(380)) - 950a0533-9469-43b5-b9c4-edf7c4baab0a-SegmentedRaftLogWorker:Storage Directory /workdir/hadoop-ozone/integration-test/target/test-dir/MiniOzoneClusterImpl-35d8354e-3007-428c-81c8-adfd2a58d98b/datanode-1/data/ratis/ab6bbaa9-500d-480e-bb51-41eb8aa5550a: Starting segment from index:0
2019-08-28 06:53:57,201 [950a0533-9469-43b5-b9c4-edf7c4baab0a:group-41EB8AA5550A:LeaderElection63] INFO  impl.RaftServerImpl (ServerState.java:setRaftConf(361)) - 950a0533-9469-43b5-b9c4-edf7c4baab0a:group-41EB8AA5550A set configuration 0: [950a0533-9469-43b5-b9c4-edf7c4baab0a:192.168.36.66:44256], old=null at 0
2019-08-28 06:53:57,241 [950a0533-9469-43b5-b9c4-edf7c4baab0a-SegmentedRaftLogWorker:Storage Directory /workdir/hadoop-ozone/integration-test/target/test-dir/MiniOzoneClusterImpl-35d8354e-3007-428c-81c8-adfd2a58d98b/datanode-1/data/ratis/ab6bbaa9-500d-480e-bb51-41eb8aa5550a] INFO  segmented.SegmentedRaftLogWorker (SegmentedRaftLogWorker.java:execute(569)) - 950a0533-9469-43b5-b9c4-edf7c4baab0a-SegmentedRaftLogWorker:Storage Directory /workdir/hadoop-ozone/integration-test/target/test-dir/MiniOzoneClusterImpl-35d8354e-3007-428c-81c8-adfd2a58d98b/datanode-1/data/ratis/ab6bbaa9-500d-480e-bb51-41eb8aa5550a: created new log segment /workdir/hadoop-ozone/integration-test/target/test-dir/MiniOzoneClusterImpl-35d8354e-3007-428c-81c8-adfd2a58d98b/datanode-1/data/ratis/ab6bbaa9-500d-480e-bb51-41eb8aa5550a/current/log_inprogress_0
2019-08-28 06:53:57,302 [Thread-3503] INFO  impl.FollowerState (FollowerState.java:run(106)) - 87fd7076-0834-4f8c-a36e-102ac7fe9c40:group-CC47AC649BDF changes to CANDIDATE, lastRpcTime:5062, electionTimeout:5062ms
2019-08-28 06:53:57,302 [Thread-3503] INFO  impl.RoleInfo (RoleInfo.java:shutdownFollowerState(121)) - 87fd7076-0834-4f8c-a36e-102ac7fe9c40: shutdown FollowerState
2019-08-28 06:53:57,302 [Thread-3503] INFO  impl.RaftServerImpl (RaftServerImpl.java:setRole(171)) - 87fd7076-0834-4f8c-a36e-102ac7fe9c40:group-CC47AC649BDF changes role from FOLLOWER to CANDIDATE at term 0 for changeToCandidate
2019-08-28 06:53:57,302 [Thread-3503] INFO  impl.RoleInfo (RoleInfo.java:updateAndGet(143)) - 87fd7076-0834-4f8c-a36e-102ac7fe9c40: start LeaderElection
2019-08-28 06:53:57,321 [87fd7076-0834-4f8c-a36e-102ac7fe9c40:group-CC47AC649BDF:LeaderElection64] INFO  impl.LeaderElection (LeaderElection.java:askForVotes(181)) - 87fd7076-0834-4f8c-a36e-102ac7fe9c40:group-CC47AC649BDF:LeaderElection64: begin an election at term 1 for -1: [87fd7076-0834-4f8c-a36e-102ac7fe9c40:192.168.36.66:36836], old=null
2019-08-28 06:53:57,321 [87fd7076-0834-4f8c-a36e-102ac7fe9c40:group-CC47AC649BDF:LeaderElection64] INFO  impl.RoleInfo (RoleInfo.java:shutdownLeaderElection(134)) - 87fd7076-0834-4f8c-a36e-102ac7fe9c40: shutdown LeaderElection
2019-08-28 06:53:57,321 [87fd7076-0834-4f8c-a36e-102ac7fe9c40:group-CC47AC649BDF:LeaderElection64] INFO  impl.RaftServerImpl (RaftServerImpl.java:setRole(171)) - 87fd7076-0834-4f8c-a36e-102ac7fe9c40:group-CC47AC649BDF changes role from CANDIDATE to LEADER at term 1 for changeToLeader
2019-08-28 06:53:57,321 [87fd7076-0834-4f8c-a36e-102ac7fe9c40:group-CC47AC649BDF:LeaderElection64] INFO  impl.RaftServerImpl (ServerState.java:setLeader(263)) - 87fd7076-0834-4f8c-a36e-102ac7fe9c40:group-CC47AC649BDF change Leader from null to 87fd7076-0834-4f8c-a36e-102ac7fe9c40 at term 1 for becomeLeader, leader elected after 5084ms
2019-08-28 06:53:57,321 [87fd7076-0834-4f8c-a36e-102ac7fe9c40:group-CC47AC649BDF:LeaderElection64] INFO  server.RaftServerConfigKeys (ConfUtils.java:logGet(43)) - raft.server.staging.catchup.gap = 1000 (default)
2019-08-28 06:53:57,321 [87fd7076-0834-4f8c-a36e-102ac7fe9c40:group-CC47AC649BDF:LeaderElection64] INFO  server.RaftServerConfigKeys (ConfUtils.java:logGet(43)) - raft.server.rpc.sleep.time = 25ms (default)
2019-08-28 06:53:57,322 [87fd7076-0834-4f8c-a36e-102ac7fe9c40:group-CC47AC649BDF:LeaderElection64] INFO  server.RaftServerConfigKeys (ConfUtils.java:logGet(43)) - raft.server.write.element-limit = 4096 (default)
2019-08-28 06:53:57,322 [87fd7076-0834-4f8c-a36e-102ac7fe9c40:group-CC47AC649BDF:LeaderElection64] INFO  server.RaftServerConfigKeys (ConfUtils.java:logGet(43)) - raft.server.watch.timeout = 10s (default)
2019-08-28 06:53:57,322 [87fd7076-0834-4f8c-a36e-102ac7fe9c40:group-CC47AC649BDF:LeaderElection64] INFO  server.RaftServerConfigKeys (ConfUtils.java:logGet(43)) - raft.server.watch.timeout.denomination = 1s (default)
2019-08-28 06:53:57,322 [87fd7076-0834-4f8c-a36e-102ac7fe9c40:group-CC47AC649BDF:LeaderElection64] INFO  server.RaftServerConfigKeys (ConfUtils.java:logGet(43)) - raft.server.watch.element-limit = 65536 (default)
2019-08-28 06:53:57,322 [87fd7076-0834-4f8c-a36e-102ac7fe9c40:group-CC47AC649BDF:LeaderElection64] INFO  impl.RoleInfo (RoleInfo.java:updateAndGet(143)) - 87fd7076-0834-4f8c-a36e-102ac7fe9c40: start LeaderState
2019-08-28 06:53:57,323 [87fd7076-0834-4f8c-a36e-102ac7fe9c40:group-CC47AC649BDF:LeaderElection64] INFO  segmented.SegmentedRaftLogWorker (SegmentedRaftLogWorker.java:startLogSegment(380)) - 87fd7076-0834-4f8c-a36e-102ac7fe9c40-SegmentedRaftLogWorker:Storage Directory /workdir/hadoop-ozone/integration-test/target/test-dir/MiniOzoneClusterImpl-35d8354e-3007-428c-81c8-adfd2a58d98b/datanode-2/data/ratis/1096fa4a-8136-4dd6-b4d9-cc47ac649bdf: Starting segment from index:0
2019-08-28 06:53:57,323 [87fd7076-0834-4f8c-a36e-102ac7fe9c40:group-CC47AC649BDF:LeaderElection64] INFO  impl.RaftServerImpl (ServerState.java:setRaftConf(361)) - 87fd7076-0834-4f8c-a36e-102ac7fe9c40:group-CC47AC649BDF set configuration 0: [87fd7076-0834-4f8c-a36e-102ac7fe9c40:192.168.36.66:36836], old=null at 0
2019-08-28 06:53:57,364 [87fd7076-0834-4f8c-a36e-102ac7fe9c40-SegmentedRaftLogWorker:Storage Directory /workdir/hadoop-ozone/integration-test/target/test-dir/MiniOzoneClusterImpl-35d8354e-3007-428c-81c8-adfd2a58d98b/datanode-2/data/ratis/1096fa4a-8136-4dd6-b4d9-cc47ac649bdf] INFO  segmented.SegmentedRaftLogWorker (SegmentedRaftLogWorker.java:execute(569)) - 87fd7076-0834-4f8c-a36e-102ac7fe9c40-SegmentedRaftLogWorker:Storage Directory /workdir/hadoop-ozone/integration-test/target/test-dir/MiniOzoneClusterImpl-35d8354e-3007-428c-81c8-adfd2a58d98b/datanode-2/data/ratis/1096fa4a-8136-4dd6-b4d9-cc47ac649bdf: created new log segment /workdir/hadoop-ozone/integration-test/target/test-dir/MiniOzoneClusterImpl-35d8354e-3007-428c-81c8-adfd2a58d98b/datanode-2/data/ratis/1096fa4a-8136-4dd6-b4d9-cc47ac649bdf/current/log_inprogress_0
2019-08-28 06:53:57,401 [Thread-3506] INFO  impl.FollowerState (FollowerState.java:run(106)) - 950a0533-9469-43b5-b9c4-edf7c4baab0a:group-FB7DE9B29A7D changes to CANDIDATE, lastRpcTime:5108, electionTimeout:5108ms
2019-08-28 06:53:57,402 [Thread-3506] INFO  impl.RoleInfo (RoleInfo.java:shutdownFollowerState(121)) - 950a0533-9469-43b5-b9c4-edf7c4baab0a: shutdown FollowerState
2019-08-28 06:53:57,402 [Thread-3506] INFO  impl.RaftServerImpl (RaftServerImpl.java:setRole(171)) - 950a0533-9469-43b5-b9c4-edf7c4baab0a:group-FB7DE9B29A7D changes role from FOLLOWER to CANDIDATE at term 0 for changeToCandidate
2019-08-28 06:53:57,402 [Thread-3506] INFO  impl.RoleInfo (RoleInfo.java:updateAndGet(143)) - 950a0533-9469-43b5-b9c4-edf7c4baab0a: start LeaderElection
2019-08-28 06:53:57,408 | INFO  | SCMAudit | user=jenkins1000 | ip=192.168.36.66 | op=SEND_HEARTBEAT {datanodeUUID=e7706eca-30e7-4076-96c5-867c4236a33c, command=[]} | ret=SUCCESS |  
2019-08-28 06:53:57,421 [950a0533-9469-43b5-b9c4-edf7c4baab0a:group-FB7DE9B29A7D:LeaderElection65] INFO  impl.LeaderElection (LeaderElection.java:askForVotes(181)) - 950a0533-9469-43b5-b9c4-edf7c4baab0a:group-FB7DE9B29A7D:LeaderElection65: begin an election at term 1 for -1: [950a0533-9469-43b5-b9c4-edf7c4baab0a:192.168.36.66:44256, f3f62326-8b92-46e7-9f36-b9cac99ba129:192.168.36.66:37859, 87fd7076-0834-4f8c-a36e-102ac7fe9c40:192.168.36.66:36836], old=null
2019-08-28 06:53:57,424 [grpc-default-executor-8] INFO  impl.RaftServerImpl (RaftServerImpl.java:setRole(171)) - f3f62326-8b92-46e7-9f36-b9cac99ba129:group-FB7DE9B29A7D changes role from FOLLOWER to FOLLOWER at term 1 for recognizeCandidate:950a0533-9469-43b5-b9c4-edf7c4baab0a
2019-08-28 06:53:57,424 [grpc-default-executor-7] INFO  impl.RaftServerImpl (RaftServerImpl.java:setRole(171)) - 87fd7076-0834-4f8c-a36e-102ac7fe9c40:group-FB7DE9B29A7D changes role from FOLLOWER to FOLLOWER at term 1 for recognizeCandidate:950a0533-9469-43b5-b9c4-edf7c4baab0a
2019-08-28 06:53:57,424 [grpc-default-executor-8] INFO  impl.RoleInfo (RoleInfo.java:shutdownFollowerState(121)) - f3f62326-8b92-46e7-9f36-b9cac99ba129: shutdown FollowerState
2019-08-28 06:53:57,425 [grpc-default-executor-7] INFO  impl.RoleInfo (RoleInfo.java:shutdownFollowerState(121)) - 87fd7076-0834-4f8c-a36e-102ac7fe9c40: shutdown FollowerState
2019-08-28 06:53:57,425 [grpc-default-executor-8] INFO  impl.RoleInfo (RoleInfo.java:updateAndGet(143)) - f3f62326-8b92-46e7-9f36-b9cac99ba129: start FollowerState
2019-08-28 06:53:57,425 [Thread-3510] INFO  impl.FollowerState (FollowerState.java:run(114)) - 87fd7076-0834-4f8c-a36e-102ac7fe9c40: FollowerState was interrupted: java.lang.InterruptedException: sleep interrupted
2019-08-28 06:53:57,425 [grpc-default-executor-7] INFO  impl.RoleInfo (RoleInfo.java:updateAndGet(143)) - 87fd7076-0834-4f8c-a36e-102ac7fe9c40: start FollowerState
2019-08-28 06:53:57,425 [Thread-3511] INFO  impl.FollowerState (FollowerState.java:run(114)) - f3f62326-8b92-46e7-9f36-b9cac99ba129: FollowerState was interrupted: java.lang.InterruptedException: sleep interrupted
2019-08-28 06:53:57,444 [950a0533-9469-43b5-b9c4-edf7c4baab0a:group-FB7DE9B29A7D:LeaderElection65] INFO  impl.LeaderElection (LeaderElection.java:logAndReturn(56)) - 950a0533-9469-43b5-b9c4-edf7c4baab0a:group-FB7DE9B29A7D:LeaderElection65: Election PASSED; received 1 response(s) [950a0533-9469-43b5-b9c4-edf7c4baab0a<-f3f62326-8b92-46e7-9f36-b9cac99ba129#0:OK-t1] and 0 exception(s); 950a0533-9469-43b5-b9c4-edf7c4baab0a:t1, leader=null, voted=950a0533-9469-43b5-b9c4-edf7c4baab0a, raftlog=950a0533-9469-43b5-b9c4-edf7c4baab0a-SegmentedRaftLog:OPENED:c-1,f-1,i0, conf=-1: [950a0533-9469-43b5-b9c4-edf7c4baab0a:192.168.36.66:44256, f3f62326-8b92-46e7-9f36-b9cac99ba129:192.168.36.66:37859, 87fd7076-0834-4f8c-a36e-102ac7fe9c40:192.168.36.66:36836], old=null
2019-08-28 06:53:57,444 [950a0533-9469-43b5-b9c4-edf7c4baab0a:group-FB7DE9B29A7D:LeaderElection65] INFO  impl.RoleInfo (RoleInfo.java:shutdownLeaderElection(134)) - 950a0533-9469-43b5-b9c4-edf7c4baab0a: shutdown LeaderElection
2019-08-28 06:53:57,446 [950a0533-9469-43b5-b9c4-edf7c4baab0a:group-FB7DE9B29A7D:LeaderElection65] INFO  impl.RaftServerImpl (RaftServerImpl.java:setRole(171)) - 950a0533-9469-43b5-b9c4-edf7c4baab0a:group-FB7DE9B29A7D changes role from CANDIDATE to LEADER at term 1 for changeToLeader
2019-08-28 06:53:57,446 [950a0533-9469-43b5-b9c4-edf7c4baab0a:group-FB7DE9B29A7D:LeaderElection65] INFO  impl.RaftServerImpl (ServerState.java:setLeader(263)) - 950a0533-9469-43b5-b9c4-edf7c4baab0a:group-FB7DE9B29A7D change Leader from null to 950a0533-9469-43b5-b9c4-edf7c4baab0a at term 1 for becomeLeader, leader elected after 5158ms
2019-08-28 06:53:57,446 [950a0533-9469-43b5-b9c4-edf7c4baab0a:group-FB7DE9B29A7D:LeaderElection65] INFO  server.RaftServerConfigKeys (ConfUtils.java:logGet(43)) - raft.server.staging.catchup.gap = 1000 (default)
2019-08-28 06:53:57,447 [950a0533-9469-43b5-b9c4-edf7c4baab0a:group-FB7DE9B29A7D:LeaderElection65] INFO  server.RaftServerConfigKeys (ConfUtils.java:logGet(43)) - raft.server.rpc.sleep.time = 25ms (default)
2019-08-28 06:53:57,447 [950a0533-9469-43b5-b9c4-edf7c4baab0a:group-FB7DE9B29A7D:LeaderElection65] INFO  server.RaftServerConfigKeys (ConfUtils.java:logGet(43)) - raft.server.write.element-limit = 4096 (default)
2019-08-28 06:53:57,447 [950a0533-9469-43b5-b9c4-edf7c4baab0a:group-FB7DE9B29A7D:LeaderElection65] INFO  server.RaftServerConfigKeys (ConfUtils.java:logGet(43)) - raft.server.watch.timeout = 10s (default)
2019-08-28 06:53:57,447 [950a0533-9469-43b5-b9c4-edf7c4baab0a:group-FB7DE9B29A7D:LeaderElection65] INFO  server.RaftServerConfigKeys (ConfUtils.java:logGet(43)) - raft.server.watch.timeout.denomination = 1s (default)
2019-08-28 06:53:57,447 [950a0533-9469-43b5-b9c4-edf7c4baab0a:group-FB7DE9B29A7D:LeaderElection65] INFO  server.RaftServerConfigKeys (ConfUtils.java:logGet(43)) - raft.server.watch.element-limit = 65536 (default)
2019-08-28 06:53:57,447 [950a0533-9469-43b5-b9c4-edf7c4baab0a:group-FB7DE9B29A7D:LeaderElection65] INFO  server.RaftServerConfigKeys (ConfUtils.java:logGet(43)) - raft.server.log.appender.snapshot.chunk.size.max = 16MB (=16777216) (default)
2019-08-28 06:53:57,448 [950a0533-9469-43b5-b9c4-edf7c4baab0a:group-FB7DE9B29A7D:LeaderElection65] INFO  server.RaftServerConfigKeys (ConfUtils.java:logGet(43)) - raft.server.log.appender.buffer.byte-limit = 33554432 (custom)
2019-08-28 06:53:57,448 [950a0533-9469-43b5-b9c4-edf7c4baab0a:group-FB7DE9B29A7D:LeaderElection65] INFO  server.RaftServerConfigKeys (ConfUtils.java:logGet(43)) - raft.server.log.appender.buffer.element-limit = 1 (custom)
2019-08-28 06:53:57,448 [950a0533-9469-43b5-b9c4-edf7c4baab0a:group-FB7DE9B29A7D:LeaderElection65] INFO  grpc.GrpcConfigKeys$Server (ConfUtils.java:logGet(43)) - raft.grpc.server.leader.outstanding.appends.max = 128 (default)
2019-08-28 06:53:57,448 [950a0533-9469-43b5-b9c4-edf7c4baab0a:group-FB7DE9B29A7D:LeaderElection65] INFO  server.RaftServerConfigKeys (ConfUtils.java:logGet(43)) - raft.server.rpc.request.timeout = 3000ms (default)
2019-08-28 06:53:57,448 [950a0533-9469-43b5-b9c4-edf7c4baab0a:group-FB7DE9B29A7D:LeaderElection65] INFO  server.RaftServerConfigKeys (ConfUtils.java:logGet(43)) - raft.server.log.appender.install.snapshot.enabled = false (custom)
2019-08-28 06:53:57,449 [950a0533-9469-43b5-b9c4-edf7c4baab0a:group-FB7DE9B29A7D:LeaderElection65] INFO  server.RaftServerConfigKeys (ConfUtils.java:logGet(43)) - raft.server.log.appender.snapshot.chunk.size.max = 16MB (=16777216) (default)
2019-08-28 06:53:57,449 [950a0533-9469-43b5-b9c4-edf7c4baab0a:group-FB7DE9B29A7D:LeaderElection65] INFO  server.RaftServerConfigKeys (ConfUtils.java:logGet(43)) - raft.server.log.appender.buffer.byte-limit = 33554432 (custom)
2019-08-28 06:53:57,449 [950a0533-9469-43b5-b9c4-edf7c4baab0a:group-FB7DE9B29A7D:LeaderElection65] INFO  server.RaftServerConfigKeys (ConfUtils.java:logGet(43)) - raft.server.log.appender.buffer.element-limit = 1 (custom)
2019-08-28 06:53:57,449 [950a0533-9469-43b5-b9c4-edf7c4baab0a:group-FB7DE9B29A7D:LeaderElection65] INFO  grpc.GrpcConfigKeys$Server (ConfUtils.java:logGet(43)) - raft.grpc.server.leader.outstanding.appends.max = 128 (default)
2019-08-28 06:53:57,449 [950a0533-9469-43b5-b9c4-edf7c4baab0a:group-FB7DE9B29A7D:LeaderElection65] INFO  server.RaftServerConfigKeys (ConfUtils.java:logGet(43)) - raft.server.rpc.request.timeout = 3000ms (default)
2019-08-28 06:53:57,449 [950a0533-9469-43b5-b9c4-edf7c4baab0a:group-FB7DE9B29A7D:LeaderElection65] INFO  server.RaftServerConfigKeys (ConfUtils.java:logGet(43)) - raft.server.log.appender.install.snapshot.enabled = false (custom)
2019-08-28 06:53:57,450 [950a0533-9469-43b5-b9c4-edf7c4baab0a:group-FB7DE9B29A7D:LeaderElection65] INFO  impl.RoleInfo (RoleInfo.java:updateAndGet(143)) - 950a0533-9469-43b5-b9c4-edf7c4baab0a: start LeaderState
2019-08-28 06:53:57,450 [950a0533-9469-43b5-b9c4-edf7c4baab0a:group-FB7DE9B29A7D:LeaderElection65] INFO  segmented.SegmentedRaftLogWorker (SegmentedRaftLogWorker.java:startLogSegment(380)) - 950a0533-9469-43b5-b9c4-edf7c4baab0a-SegmentedRaftLogWorker:Storage Directory /workdir/hadoop-ozone/integration-test/target/test-dir/MiniOzoneClusterImpl-35d8354e-3007-428c-81c8-adfd2a58d98b/datanode-1/data/ratis/34d552d2-4f61-40b6-b3a4-fb7de9b29a7d: Starting segment from index:0
2019-08-28 06:53:57,451 [950a0533-9469-43b5-b9c4-edf7c4baab0a:group-FB7DE9B29A7D:LeaderElection65] INFO  impl.RaftServerImpl (ServerState.java:setRaftConf(361)) - 950a0533-9469-43b5-b9c4-edf7c4baab0a:group-FB7DE9B29A7D set configuration 0: [950a0533-9469-43b5-b9c4-edf7c4baab0a:192.168.36.66:44256, f3f62326-8b92-46e7-9f36-b9cac99ba129:192.168.36.66:37859, 87fd7076-0834-4f8c-a36e-102ac7fe9c40:192.168.36.66:36836], old=null at 0
2019-08-28 06:53:57,480 [grpc-default-executor-8] INFO  impl.RaftServerImpl (ServerState.java:setLeader(263)) - 87fd7076-0834-4f8c-a36e-102ac7fe9c40:group-FB7DE9B29A7D change Leader from null to 950a0533-9469-43b5-b9c4-edf7c4baab0a at term 1 for appendEntries, leader elected after 5192ms
2019-08-28 06:53:57,487 [grpc-default-executor-7] INFO  impl.RaftServerImpl (ServerState.java:setLeader(263)) - f3f62326-8b92-46e7-9f36-b9cac99ba129:group-FB7DE9B29A7D change Leader from null to 950a0533-9469-43b5-b9c4-edf7c4baab0a at term 1 for appendEntries, leader elected after 5199ms
2019-08-28 06:53:57,490 [grpc-default-executor-7] INFO  impl.RaftServerImpl (ServerState.java:setRaftConf(361)) - 87fd7076-0834-4f8c-a36e-102ac7fe9c40:group-FB7DE9B29A7D set configuration 0: [950a0533-9469-43b5-b9c4-edf7c4baab0a:192.168.36.66:44256, f3f62326-8b92-46e7-9f36-b9cac99ba129:192.168.36.66:37859, 87fd7076-0834-4f8c-a36e-102ac7fe9c40:192.168.36.66:36836], old=null at 0
2019-08-28 06:53:57,491 [grpc-default-executor-8] INFO  impl.RaftServerImpl (ServerState.java:setRaftConf(361)) - f3f62326-8b92-46e7-9f36-b9cac99ba129:group-FB7DE9B29A7D set configuration 0: [950a0533-9469-43b5-b9c4-edf7c4baab0a:192.168.36.66:44256, f3f62326-8b92-46e7-9f36-b9cac99ba129:192.168.36.66:37859, 87fd7076-0834-4f8c-a36e-102ac7fe9c40:192.168.36.66:36836], old=null at 0
2019-08-28 06:53:57,491 [grpc-default-executor-7] INFO  segmented.SegmentedRaftLogWorker (SegmentedRaftLogWorker.java:startLogSegment(380)) - 87fd7076-0834-4f8c-a36e-102ac7fe9c40-SegmentedRaftLogWorker:Storage Directory /workdir/hadoop-ozone/integration-test/target/test-dir/MiniOzoneClusterImpl-35d8354e-3007-428c-81c8-adfd2a58d98b/datanode-2/data/ratis/34d552d2-4f61-40b6-b3a4-fb7de9b29a7d: Starting segment from index:0
2019-08-28 06:53:57,491 [grpc-default-executor-8] INFO  segmented.SegmentedRaftLogWorker (SegmentedRaftLogWorker.java:startLogSegment(380)) - f3f62326-8b92-46e7-9f36-b9cac99ba129-SegmentedRaftLogWorker:Storage Directory /workdir/hadoop-ozone/integration-test/target/test-dir/MiniOzoneClusterImpl-35d8354e-3007-428c-81c8-adfd2a58d98b/datanode-0/data/ratis/34d552d2-4f61-40b6-b3a4-fb7de9b29a7d: Starting segment from index:0
2019-08-28 06:53:57,491 [950a0533-9469-43b5-b9c4-edf7c4baab0a-SegmentedRaftLogWorker:Storage Directory /workdir/hadoop-ozone/integration-test/target/test-dir/MiniOzoneClusterImpl-35d8354e-3007-428c-81c8-adfd2a58d98b/datanode-1/data/ratis/34d552d2-4f61-40b6-b3a4-fb7de9b29a7d] INFO  segmented.SegmentedRaftLogWorker (SegmentedRaftLogWorker.java:execute(569)) - 950a0533-9469-43b5-b9c4-edf7c4baab0a-SegmentedRaftLogWorker:Storage Directory /workdir/hadoop-ozone/integration-test/target/test-dir/MiniOzoneClusterImpl-35d8354e-3007-428c-81c8-adfd2a58d98b/datanode-1/data/ratis/34d552d2-4f61-40b6-b3a4-fb7de9b29a7d: created new log segment /workdir/hadoop-ozone/integration-test/target/test-dir/MiniOzoneClusterImpl-35d8354e-3007-428c-81c8-adfd2a58d98b/datanode-1/data/ratis/34d552d2-4f61-40b6-b3a4-fb7de9b29a7d/current/log_inprogress_0
2019-08-28 06:53:57,527 [87fd7076-0834-4f8c-a36e-102ac7fe9c40-SegmentedRaftLogWorker:Storage Directory /workdir/hadoop-ozone/integration-test/target/test-dir/MiniOzoneClusterImpl-35d8354e-3007-428c-81c8-adfd2a58d98b/datanode-2/data/ratis/34d552d2-4f61-40b6-b3a4-fb7de9b29a7d] INFO  segmented.SegmentedRaftLogWorker (SegmentedRaftLogWorker.java:execute(569)) - 87fd7076-0834-4f8c-a36e-102ac7fe9c40-SegmentedRaftLogWorker:Storage Directory /workdir/hadoop-ozone/integration-test/target/test-dir/MiniOzoneClusterImpl-35d8354e-3007-428c-81c8-adfd2a58d98b/datanode-2/data/ratis/34d552d2-4f61-40b6-b3a4-fb7de9b29a7d: created new log segment /workdir/hadoop-ozone/integration-test/target/test-dir/MiniOzoneClusterImpl-35d8354e-3007-428c-81c8-adfd2a58d98b/datanode-2/data/ratis/34d552d2-4f61-40b6-b3a4-fb7de9b29a7d/current/log_inprogress_0
2019-08-28 06:53:57,527 [f3f62326-8b92-46e7-9f36-b9cac99ba129-SegmentedRaftLogWorker:Storage Directory /workdir/hadoop-ozone/integration-test/target/test-dir/MiniOzoneClusterImpl-35d8354e-3007-428c-81c8-adfd2a58d98b/datanode-0/data/ratis/34d552d2-4f61-40b6-b3a4-fb7de9b29a7d] INFO  segmented.SegmentedRaftLogWorker (SegmentedRaftLogWorker.java:execute(569)) - f3f62326-8b92-46e7-9f36-b9cac99ba129-SegmentedRaftLogWorker:Storage Directory /workdir/hadoop-ozone/integration-test/target/test-dir/MiniOzoneClusterImpl-35d8354e-3007-428c-81c8-adfd2a58d98b/datanode-0/data/ratis/34d552d2-4f61-40b6-b3a4-fb7de9b29a7d: created new log segment /workdir/hadoop-ozone/integration-test/target/test-dir/MiniOzoneClusterImpl-35d8354e-3007-428c-81c8-adfd2a58d98b/datanode-0/data/ratis/34d552d2-4f61-40b6-b3a4-fb7de9b29a7d/current/log_inprogress_0
2019-08-28 06:53:57,535 [Thread-3515] INFO  impl.FollowerState (FollowerState.java:run(106)) - e7706eca-30e7-4076-96c5-867c4236a33c:group-4EE0041EF38B changes to CANDIDATE, lastRpcTime:5083, electionTimeout:5083ms
2019-08-28 06:53:57,535 [Thread-3515] INFO  impl.RoleInfo (RoleInfo.java:shutdownFollowerState(121)) - e7706eca-30e7-4076-96c5-867c4236a33c: shutdown FollowerState
2019-08-28 06:53:57,535 [Thread-3515] INFO  impl.RaftServerImpl (RaftServerImpl.java:setRole(171)) - e7706eca-30e7-4076-96c5-867c4236a33c:group-4EE0041EF38B changes role from FOLLOWER to CANDIDATE at term 0 for changeToCandidate
2019-08-28 06:53:57,535 [Thread-3515] INFO  impl.RoleInfo (RoleInfo.java:updateAndGet(143)) - e7706eca-30e7-4076-96c5-867c4236a33c: start LeaderElection
2019-08-28 06:53:57,544 [e7706eca-30e7-4076-96c5-867c4236a33c:group-4EE0041EF38B:LeaderElection66] INFO  impl.LeaderElection (LeaderElection.java:askForVotes(181)) - e7706eca-30e7-4076-96c5-867c4236a33c:group-4EE0041EF38B:LeaderElection66: begin an election at term 1 for -1: [e7706eca-30e7-4076-96c5-867c4236a33c:192.168.36.66:35048], old=null
2019-08-28 06:53:57,544 [e7706eca-30e7-4076-96c5-867c4236a33c:group-4EE0041EF38B:LeaderElection66] INFO  impl.RoleInfo (RoleInfo.java:shutdownLeaderElection(134)) - e7706eca-30e7-4076-96c5-867c4236a33c: shutdown LeaderElection
2019-08-28 06:53:57,544 [e7706eca-30e7-4076-96c5-867c4236a33c:group-4EE0041EF38B:LeaderElection66] INFO  impl.RaftServerImpl (RaftServerImpl.java:setRole(171)) - e7706eca-30e7-4076-96c5-867c4236a33c:group-4EE0041EF38B changes role from CANDIDATE to LEADER at term 1 for changeToLeader
2019-08-28 06:53:57,544 [e7706eca-30e7-4076-96c5-867c4236a33c:group-4EE0041EF38B:LeaderElection66] INFO  impl.RaftServerImpl (ServerState.java:setLeader(263)) - e7706eca-30e7-4076-96c5-867c4236a33c:group-4EE0041EF38B change Leader from null to e7706eca-30e7-4076-96c5-867c4236a33c at term 1 for becomeLeader, leader elected after 5096ms
2019-08-28 06:53:57,544 [e7706eca-30e7-4076-96c5-867c4236a33c:group-4EE0041EF38B:LeaderElection66] INFO  server.RaftServerConfigKeys (ConfUtils.java:logGet(43)) - raft.server.staging.catchup.gap = 1000 (default)
2019-08-28 06:53:57,544 [e7706eca-30e7-4076-96c5-867c4236a33c:group-4EE0041EF38B:LeaderElection66] INFO  server.RaftServerConfigKeys (ConfUtils.java:logGet(43)) - raft.server.rpc.sleep.time = 25ms (default)
2019-08-28 06:53:57,544 [e7706eca-30e7-4076-96c5-867c4236a33c:group-4EE0041EF38B:LeaderElection66] INFO  server.RaftServerConfigKeys (ConfUtils.java:logGet(43)) - raft.server.write.element-limit = 4096 (default)
2019-08-28 06:53:57,545 [e7706eca-30e7-4076-96c5-867c4236a33c:group-4EE0041EF38B:LeaderElection66] INFO  server.RaftServerConfigKeys (ConfUtils.java:logGet(43)) - raft.server.watch.timeout = 10s (default)
2019-08-28 06:53:57,545 [e7706eca-30e7-4076-96c5-867c4236a33c:group-4EE0041EF38B:LeaderElection66] INFO  server.RaftServerConfigKeys (ConfUtils.java:logGet(43)) - raft.server.watch.timeout.denomination = 1s (default)
2019-08-28 06:53:57,545 [e7706eca-30e7-4076-96c5-867c4236a33c:group-4EE0041EF38B:LeaderElection66] INFO  server.RaftServerConfigKeys (ConfUtils.java:logGet(43)) - raft.server.watch.element-limit = 65536 (default)
2019-08-28 06:53:57,545 [e7706eca-30e7-4076-96c5-867c4236a33c:group-4EE0041EF38B:LeaderElection66] INFO  impl.RoleInfo (RoleInfo.java:updateAndGet(143)) - e7706eca-30e7-4076-96c5-867c4236a33c: start LeaderState
2019-08-28 06:53:57,545 [e7706eca-30e7-4076-96c5-867c4236a33c:group-4EE0041EF38B:LeaderElection66] INFO  segmented.SegmentedRaftLogWorker (SegmentedRaftLogWorker.java:startLogSegment(380)) - e7706eca-30e7-4076-96c5-867c4236a33c-SegmentedRaftLogWorker:Storage Directory /workdir/hadoop-ozone/integration-test/target/test-dir/MiniOzoneClusterImpl-35d8354e-3007-428c-81c8-adfd2a58d98b/datanode-3/data/ratis/47b32ff2-6316-41ca-9d47-4ee0041ef38b: Starting segment from index:0
2019-08-28 06:53:57,545 [e7706eca-30e7-4076-96c5-867c4236a33c:group-4EE0041EF38B:LeaderElection66] INFO  impl.RaftServerImpl (ServerState.java:setRaftConf(361)) - e7706eca-30e7-4076-96c5-867c4236a33c:group-4EE0041EF38B set configuration 0: [e7706eca-30e7-4076-96c5-867c4236a33c:192.168.36.66:35048], old=null at 0
2019-08-28 06:53:57,574 | INFO  | SCMAudit | user=jenkins1000 | ip=192.168.36.66 | op=SEND_HEARTBEAT {datanodeUUID=cb63d383-7845-45fd-aceb-d6b4bea4aee4, command=[]} | ret=SUCCESS |  
2019-08-28 06:53:57,585 [e7706eca-30e7-4076-96c5-867c4236a33c-SegmentedRaftLogWorker:Storage Directory /workdir/hadoop-ozone/integration-test/target/test-dir/MiniOzoneClusterImpl-35d8354e-3007-428c-81c8-adfd2a58d98b/datanode-3/data/ratis/47b32ff2-6316-41ca-9d47-4ee0041ef38b] INFO  segmented.SegmentedRaftLogWorker (SegmentedRaftLogWorker.java:execute(569)) - e7706eca-30e7-4076-96c5-867c4236a33c-SegmentedRaftLogWorker:Storage Directory /workdir/hadoop-ozone/integration-test/target/test-dir/MiniOzoneClusterImpl-35d8354e-3007-428c-81c8-adfd2a58d98b/datanode-3/data/ratis/47b32ff2-6316-41ca-9d47-4ee0041ef38b: created new log segment /workdir/hadoop-ozone/integration-test/target/test-dir/MiniOzoneClusterImpl-35d8354e-3007-428c-81c8-adfd2a58d98b/datanode-3/data/ratis/47b32ff2-6316-41ca-9d47-4ee0041ef38b/current/log_inprogress_0
2019-08-28 06:53:57,655 [Thread-3518] INFO  impl.FollowerState (FollowerState.java:run(106)) - cb63d383-7845-45fd-aceb-d6b4bea4aee4:group-BBF3DB9F685A changes to CANDIDATE, lastRpcTime:5042, electionTimeout:5042ms
2019-08-28 06:53:57,655 [Thread-3518] INFO  impl.RoleInfo (RoleInfo.java:shutdownFollowerState(121)) - cb63d383-7845-45fd-aceb-d6b4bea4aee4: shutdown FollowerState
2019-08-28 06:53:57,655 [Thread-3518] INFO  impl.RaftServerImpl (RaftServerImpl.java:setRole(171)) - cb63d383-7845-45fd-aceb-d6b4bea4aee4:group-BBF3DB9F685A changes role from FOLLOWER to CANDIDATE at term 0 for changeToCandidate
2019-08-28 06:53:57,655 [Thread-3518] INFO  impl.RoleInfo (RoleInfo.java:updateAndGet(143)) - cb63d383-7845-45fd-aceb-d6b4bea4aee4: start LeaderElection
2019-08-28 06:53:57,670 [cb63d383-7845-45fd-aceb-d6b4bea4aee4:group-BBF3DB9F685A:LeaderElection67] INFO  impl.LeaderElection (LeaderElection.java:askForVotes(181)) - cb63d383-7845-45fd-aceb-d6b4bea4aee4:group-BBF3DB9F685A:LeaderElection67: begin an election at term 1 for -1: [cb63d383-7845-45fd-aceb-d6b4bea4aee4:192.168.36.66:39975], old=null
2019-08-28 06:53:57,671 [cb63d383-7845-45fd-aceb-d6b4bea4aee4:group-BBF3DB9F685A:LeaderElection67] INFO  impl.RoleInfo (RoleInfo.java:shutdownLeaderElection(134)) - cb63d383-7845-45fd-aceb-d6b4bea4aee4: shutdown LeaderElection
2019-08-28 06:53:57,671 [cb63d383-7845-45fd-aceb-d6b4bea4aee4:group-BBF3DB9F685A:LeaderElection67] INFO  impl.RaftServerImpl (RaftServerImpl.java:setRole(171)) - cb63d383-7845-45fd-aceb-d6b4bea4aee4:group-BBF3DB9F685A changes role from CANDIDATE to LEADER at term 1 for changeToLeader
2019-08-28 06:53:57,671 [cb63d383-7845-45fd-aceb-d6b4bea4aee4:group-BBF3DB9F685A:LeaderElection67] INFO  impl.RaftServerImpl (ServerState.java:setLeader(263)) - cb63d383-7845-45fd-aceb-d6b4bea4aee4:group-BBF3DB9F685A change Leader from null to cb63d383-7845-45fd-aceb-d6b4bea4aee4 at term 1 for becomeLeader, leader elected after 5061ms
2019-08-28 06:53:57,671 [cb63d383-7845-45fd-aceb-d6b4bea4aee4:group-BBF3DB9F685A:LeaderElection67] INFO  server.RaftServerConfigKeys (ConfUtils.java:logGet(43)) - raft.server.staging.catchup.gap = 1000 (default)
2019-08-28 06:53:57,671 [cb63d383-7845-45fd-aceb-d6b4bea4aee4:group-BBF3DB9F685A:LeaderElection67] INFO  server.RaftServerConfigKeys (ConfUtils.java:logGet(43)) - raft.server.rpc.sleep.time = 25ms (default)
2019-08-28 06:53:57,671 [cb63d383-7845-45fd-aceb-d6b4bea4aee4:group-BBF3DB9F685A:LeaderElection67] INFO  server.RaftServerConfigKeys (ConfUtils.java:logGet(43)) - raft.server.write.element-limit = 4096 (default)
2019-08-28 06:53:57,671 [cb63d383-7845-45fd-aceb-d6b4bea4aee4:group-BBF3DB9F685A:LeaderElection67] INFO  server.RaftServerConfigKeys (ConfUtils.java:logGet(43)) - raft.server.watch.timeout = 10s (default)
2019-08-28 06:53:57,672 [cb63d383-7845-45fd-aceb-d6b4bea4aee4:group-BBF3DB9F685A:LeaderElection67] INFO  server.RaftServerConfigKeys (ConfUtils.java:logGet(43)) - raft.server.watch.timeout.denomination = 1s (default)
2019-08-28 06:53:57,672 [cb63d383-7845-45fd-aceb-d6b4bea4aee4:group-BBF3DB9F685A:LeaderElection67] INFO  server.RaftServerConfigKeys (ConfUtils.java:logGet(43)) - raft.server.watch.element-limit = 65536 (default)
2019-08-28 06:53:57,672 [cb63d383-7845-45fd-aceb-d6b4bea4aee4:group-BBF3DB9F685A:LeaderElection67] INFO  impl.RoleInfo (RoleInfo.java:updateAndGet(143)) - cb63d383-7845-45fd-aceb-d6b4bea4aee4: start LeaderState
2019-08-28 06:53:57,672 [cb63d383-7845-45fd-aceb-d6b4bea4aee4:group-BBF3DB9F685A:LeaderElection67] INFO  segmented.SegmentedRaftLogWorker (SegmentedRaftLogWorker.java:startLogSegment(380)) - cb63d383-7845-45fd-aceb-d6b4bea4aee4-SegmentedRaftLogWorker:Storage Directory /workdir/hadoop-ozone/integration-test/target/test-dir/MiniOzoneClusterImpl-35d8354e-3007-428c-81c8-adfd2a58d98b/datanode-4/data/ratis/53e6fdda-8581-43f4-820c-bbf3db9f685a: Starting segment from index:0
2019-08-28 06:53:57,672 [cb63d383-7845-45fd-aceb-d6b4bea4aee4:group-BBF3DB9F685A:LeaderElection67] INFO  impl.RaftServerImpl (ServerState.java:setRaftConf(361)) - cb63d383-7845-45fd-aceb-d6b4bea4aee4:group-BBF3DB9F685A set configuration 0: [cb63d383-7845-45fd-aceb-d6b4bea4aee4:192.168.36.66:39975], old=null at 0
2019-08-28 06:53:57,675 | INFO  | SCMAudit | user=jenkins1000 | ip=192.168.36.66 | op=SEND_HEARTBEAT {datanodeUUID=f3f62326-8b92-46e7-9f36-b9cac99ba129, command=[]} | ret=SUCCESS |  
2019-08-28 06:53:57,710 [cb63d383-7845-45fd-aceb-d6b4bea4aee4-SegmentedRaftLogWorker:Storage Directory /workdir/hadoop-ozone/integration-test/target/test-dir/MiniOzoneClusterImpl-35d8354e-3007-428c-81c8-adfd2a58d98b/datanode-4/data/ratis/53e6fdda-8581-43f4-820c-bbf3db9f685a] INFO  segmented.SegmentedRaftLogWorker (SegmentedRaftLogWorker.java:execute(569)) - cb63d383-7845-45fd-aceb-d6b4bea4aee4-SegmentedRaftLogWorker:Storage Directory /workdir/hadoop-ozone/integration-test/target/test-dir/MiniOzoneClusterImpl-35d8354e-3007-428c-81c8-adfd2a58d98b/datanode-4/data/ratis/53e6fdda-8581-43f4-820c-bbf3db9f685a: created new log segment /workdir/hadoop-ozone/integration-test/target/test-dir/MiniOzoneClusterImpl-35d8354e-3007-428c-81c8-adfd2a58d98b/datanode-4/data/ratis/53e6fdda-8581-43f4-820c-bbf3db9f685a/current/log_inprogress_0
2019-08-28 06:53:57,759 | INFO  | SCMAudit | user=jenkins1000 | ip=192.168.36.66 | op=SEND_HEARTBEAT {datanodeUUID=e65f4345-a750-4eee-8a6b-22129dee7a8f, command=[]} | ret=SUCCESS |  
2019-08-28 06:53:57,884 [Thread-3528] INFO  impl.FollowerState (FollowerState.java:run(106)) - cb63d383-7845-45fd-aceb-d6b4bea4aee4:group-E134278AF776 changes to CANDIDATE, lastRpcTime:5034, electionTimeout:5034ms
2019-08-28 06:53:57,884 [Thread-3528] INFO  impl.RoleInfo (RoleInfo.java:shutdownFollowerState(121)) - cb63d383-7845-45fd-aceb-d6b4bea4aee4: shutdown FollowerState
2019-08-28 06:53:57,884 [Thread-3528] INFO  impl.RaftServerImpl (RaftServerImpl.java:setRole(171)) - cb63d383-7845-45fd-aceb-d6b4bea4aee4:group-E134278AF776 changes role from FOLLOWER to CANDIDATE at term 0 for changeToCandidate
2019-08-28 06:53:57,885 [Thread-3528] INFO  impl.RoleInfo (RoleInfo.java:updateAndGet(143)) - cb63d383-7845-45fd-aceb-d6b4bea4aee4: start LeaderElection
2019-08-28 06:53:57,904 [cb63d383-7845-45fd-aceb-d6b4bea4aee4:group-E134278AF776:LeaderElection68] INFO  impl.LeaderElection (LeaderElection.java:askForVotes(181)) - cb63d383-7845-45fd-aceb-d6b4bea4aee4:group-E134278AF776:LeaderElection68: begin an election at term 1 for -1: [e65f4345-a750-4eee-8a6b-22129dee7a8f:192.168.36.66:39120, cb63d383-7845-45fd-aceb-d6b4bea4aee4:192.168.36.66:39975, e7706eca-30e7-4076-96c5-867c4236a33c:192.168.36.66:35048], old=null
2019-08-28 06:53:57,918 [Thread-3521] INFO  impl.FollowerState (FollowerState.java:run(106)) - e65f4345-a750-4eee-8a6b-22129dee7a8f:group-1A04F1368FCF changes to CANDIDATE, lastRpcTime:5118, electionTimeout:5109ms
2019-08-28 06:53:57,918 [Thread-3521] INFO  impl.RoleInfo (RoleInfo.java:shutdownFollowerState(121)) - e65f4345-a750-4eee-8a6b-22129dee7a8f: shutdown FollowerState
2019-08-28 06:53:57,918 [Thread-3521] INFO  impl.RaftServerImpl (RaftServerImpl.java:setRole(171)) - e65f4345-a750-4eee-8a6b-22129dee7a8f:group-1A04F1368FCF changes role from FOLLOWER to CANDIDATE at term 0 for changeToCandidate
2019-08-28 06:53:57,918 [Thread-3521] INFO  impl.RoleInfo (RoleInfo.java:updateAndGet(143)) - e65f4345-a750-4eee-8a6b-22129dee7a8f: start LeaderElection
2019-08-28 06:53:57,925 [grpc-default-executor-8] INFO  impl.RaftServerImpl (RaftServerImpl.java:setRole(171)) - e7706eca-30e7-4076-96c5-867c4236a33c:group-E134278AF776 changes role from FOLLOWER to FOLLOWER at term 1 for recognizeCandidate:cb63d383-7845-45fd-aceb-d6b4bea4aee4
2019-08-28 06:53:57,926 [grpc-default-executor-8] INFO  impl.RoleInfo (RoleInfo.java:shutdownFollowerState(121)) - e7706eca-30e7-4076-96c5-867c4236a33c: shutdown FollowerState
2019-08-28 06:53:57,926 [grpc-default-executor-8] INFO  impl.RoleInfo (RoleInfo.java:updateAndGet(143)) - e7706eca-30e7-4076-96c5-867c4236a33c: start FollowerState
2019-08-28 06:53:57,926 [Thread-3529] INFO  impl.FollowerState (FollowerState.java:run(114)) - e7706eca-30e7-4076-96c5-867c4236a33c: FollowerState was interrupted: java.lang.InterruptedException: sleep interrupted
2019-08-28 06:53:57,929 [grpc-default-executor-7] INFO  impl.RaftServerImpl (RaftServerImpl.java:setRole(171)) - e65f4345-a750-4eee-8a6b-22129dee7a8f:group-E134278AF776 changes role from FOLLOWER to FOLLOWER at term 1 for recognizeCandidate:cb63d383-7845-45fd-aceb-d6b4bea4aee4
2019-08-28 06:53:57,930 [grpc-default-executor-7] INFO  impl.RoleInfo (RoleInfo.java:shutdownFollowerState(121)) - e65f4345-a750-4eee-8a6b-22129dee7a8f: shutdown FollowerState
2019-08-28 06:53:57,930 [grpc-default-executor-7] INFO  impl.RoleInfo (RoleInfo.java:updateAndGet(143)) - e65f4345-a750-4eee-8a6b-22129dee7a8f: start FollowerState
2019-08-28 06:53:57,930 [Thread-3524] INFO  impl.FollowerState (FollowerState.java:run(114)) - e65f4345-a750-4eee-8a6b-22129dee7a8f: FollowerState was interrupted: java.lang.InterruptedException: sleep interrupted
2019-08-28 06:53:57,939 [e65f4345-a750-4eee-8a6b-22129dee7a8f:group-1A04F1368FCF:LeaderElection69] INFO  impl.LeaderElection (LeaderElection.java:askForVotes(181)) - e65f4345-a750-4eee-8a6b-22129dee7a8f:group-1A04F1368FCF:LeaderElection69: begin an election at term 1 for -1: [e65f4345-a750-4eee-8a6b-22129dee7a8f:192.168.36.66:39120], old=null
2019-08-28 06:53:57,939 [e65f4345-a750-4eee-8a6b-22129dee7a8f:group-1A04F1368FCF:LeaderElection69] INFO  impl.RoleInfo (RoleInfo.java:shutdownLeaderElection(134)) - e65f4345-a750-4eee-8a6b-22129dee7a8f: shutdown LeaderElection
2019-08-28 06:53:57,939 [e65f4345-a750-4eee-8a6b-22129dee7a8f:group-1A04F1368FCF:LeaderElection69] INFO  impl.RaftServerImpl (RaftServerImpl.java:setRole(171)) - e65f4345-a750-4eee-8a6b-22129dee7a8f:group-1A04F1368FCF changes role from CANDIDATE to LEADER at term 1 for changeToLeader
2019-08-28 06:53:57,940 [e65f4345-a750-4eee-8a6b-22129dee7a8f:group-1A04F1368FCF:LeaderElection69] INFO  impl.RaftServerImpl (ServerState.java:setLeader(263)) - e65f4345-a750-4eee-8a6b-22129dee7a8f:group-1A04F1368FCF change Leader from null to e65f4345-a750-4eee-8a6b-22129dee7a8f at term 1 for becomeLeader, leader elected after 5144ms
2019-08-28 06:53:57,940 [e65f4345-a750-4eee-8a6b-22129dee7a8f:group-1A04F1368FCF:LeaderElection69] INFO  server.RaftServerConfigKeys (ConfUtils.java:logGet(43)) - raft.server.staging.catchup.gap = 1000 (default)
2019-08-28 06:53:57,940 [e65f4345-a750-4eee-8a6b-22129dee7a8f:group-1A04F1368FCF:LeaderElection69] INFO  server.RaftServerConfigKeys (ConfUtils.java:logGet(43)) - raft.server.rpc.sleep.time = 25ms (default)
2019-08-28 06:53:57,940 [e65f4345-a750-4eee-8a6b-22129dee7a8f:group-1A04F1368FCF:LeaderElection69] INFO  server.RaftServerConfigKeys (ConfUtils.java:logGet(43)) - raft.server.write.element-limit = 4096 (default)
2019-08-28 06:53:57,940 [e65f4345-a750-4eee-8a6b-22129dee7a8f:group-1A04F1368FCF:LeaderElection69] INFO  server.RaftServerConfigKeys (ConfUtils.java:logGet(43)) - raft.server.watch.timeout = 10s (default)
2019-08-28 06:53:57,940 [cb63d383-7845-45fd-aceb-d6b4bea4aee4:group-E134278AF776:LeaderElection68] INFO  impl.LeaderElection (LeaderElection.java:logAndReturn(56)) - cb63d383-7845-45fd-aceb-d6b4bea4aee4:group-E134278AF776:LeaderElection68: Election PASSED; received 1 response(s) [cb63d383-7845-45fd-aceb-d6b4bea4aee4<-e7706eca-30e7-4076-96c5-867c4236a33c#0:OK-t1] and 0 exception(s); cb63d383-7845-45fd-aceb-d6b4bea4aee4:t1, leader=null, voted=cb63d383-7845-45fd-aceb-d6b4bea4aee4, raftlog=cb63d383-7845-45fd-aceb-d6b4bea4aee4-SegmentedRaftLog:OPENED:c-1,f-1,i0, conf=-1: [e65f4345-a750-4eee-8a6b-22129dee7a8f:192.168.36.66:39120, cb63d383-7845-45fd-aceb-d6b4bea4aee4:192.168.36.66:39975, e7706eca-30e7-4076-96c5-867c4236a33c:192.168.36.66:35048], old=null
2019-08-28 06:53:57,940 [e65f4345-a750-4eee-8a6b-22129dee7a8f:group-1A04F1368FCF:LeaderElection69] INFO  server.RaftServerConfigKeys (ConfUtils.java:logGet(43)) - raft.server.watch.timeout.denomination = 1s (default)
2019-08-28 06:53:57,941 [cb63d383-7845-45fd-aceb-d6b4bea4aee4:group-E134278AF776:LeaderElection68] INFO  impl.RoleInfo (RoleInfo.java:shutdownLeaderElection(134)) - cb63d383-7845-45fd-aceb-d6b4bea4aee4: shutdown LeaderElection
2019-08-28 06:53:57,947 [e65f4345-a750-4eee-8a6b-22129dee7a8f:group-1A04F1368FCF:LeaderElection69] INFO  server.RaftServerConfigKeys (ConfUtils.java:logGet(43)) - raft.server.watch.element-limit = 65536 (default)
2019-08-28 06:53:57,947 [cb63d383-7845-45fd-aceb-d6b4bea4aee4:group-E134278AF776:LeaderElection68] INFO  impl.RaftServerImpl (RaftServerImpl.java:setRole(171)) - cb63d383-7845-45fd-aceb-d6b4bea4aee4:group-E134278AF776 changes role from CANDIDATE to LEADER at term 1 for changeToLeader
2019-08-28 06:53:57,947 | INFO  | SCMAudit | user=jenkins1000 | ip=192.168.36.66 | op=SEND_HEARTBEAT {datanodeUUID=763fef36-99f7-4ef0-acc1-5c6529809efb, command=[]} | ret=SUCCESS |  
2019-08-28 06:53:57,947 [cb63d383-7845-45fd-aceb-d6b4bea4aee4:group-E134278AF776:LeaderElection68] INFO  impl.RaftServerImpl (ServerState.java:setLeader(263)) - cb63d383-7845-45fd-aceb-d6b4bea4aee4:group-E134278AF776 change Leader from null to cb63d383-7845-45fd-aceb-d6b4bea4aee4 at term 1 for becomeLeader, leader elected after 5104ms
2019-08-28 06:53:57,947 [e65f4345-a750-4eee-8a6b-22129dee7a8f:group-1A04F1368FCF:LeaderElection69] INFO  impl.RoleInfo (RoleInfo.java:updateAndGet(143)) - e65f4345-a750-4eee-8a6b-22129dee7a8f: start LeaderState
2019-08-28 06:53:57,947 [cb63d383-7845-45fd-aceb-d6b4bea4aee4:group-E134278AF776:LeaderElection68] INFO  server.RaftServerConfigKeys (ConfUtils.java:logGet(43)) - raft.server.staging.catchup.gap = 1000 (default)
2019-08-28 06:53:57,948 [cb63d383-7845-45fd-aceb-d6b4bea4aee4:group-E134278AF776:LeaderElection68] INFO  server.RaftServerConfigKeys (ConfUtils.java:logGet(43)) - raft.server.rpc.sleep.time = 25ms (default)
2019-08-28 06:53:57,948 [e65f4345-a750-4eee-8a6b-22129dee7a8f:group-1A04F1368FCF:LeaderElection69] INFO  segmented.SegmentedRaftLogWorker (SegmentedRaftLogWorker.java:startLogSegment(380)) - e65f4345-a750-4eee-8a6b-22129dee7a8f-SegmentedRaftLogWorker:Storage Directory /workdir/hadoop-ozone/integration-test/target/test-dir/MiniOzoneClusterImpl-35d8354e-3007-428c-81c8-adfd2a58d98b/datanode-5/data/ratis/0cc69243-96fb-4621-9a9a-1a04f1368fcf: Starting segment from index:0
2019-08-28 06:53:57,948 [cb63d383-7845-45fd-aceb-d6b4bea4aee4:group-E134278AF776:LeaderElection68] INFO  server.RaftServerConfigKeys (ConfUtils.java:logGet(43)) - raft.server.write.element-limit = 4096 (default)
2019-08-28 06:53:57,948 [cb63d383-7845-45fd-aceb-d6b4bea4aee4:group-E134278AF776:LeaderElection68] INFO  server.RaftServerConfigKeys (ConfUtils.java:logGet(43)) - raft.server.watch.timeout = 10s (default)
2019-08-28 06:53:57,948 [cb63d383-7845-45fd-aceb-d6b4bea4aee4:group-E134278AF776:LeaderElection68] INFO  server.RaftServerConfigKeys (ConfUtils.java:logGet(43)) - raft.server.watch.timeout.denomination = 1s (default)
2019-08-28 06:53:57,948 [cb63d383-7845-45fd-aceb-d6b4bea4aee4:group-E134278AF776:LeaderElection68] INFO  server.RaftServerConfigKeys (ConfUtils.java:logGet(43)) - raft.server.watch.element-limit = 65536 (default)
2019-08-28 06:53:57,948 [e65f4345-a750-4eee-8a6b-22129dee7a8f:group-1A04F1368FCF:LeaderElection69] INFO  impl.RaftServerImpl (ServerState.java:setRaftConf(361)) - e65f4345-a750-4eee-8a6b-22129dee7a8f:group-1A04F1368FCF set configuration 0: [e65f4345-a750-4eee-8a6b-22129dee7a8f:192.168.36.66:39120], old=null at 0
2019-08-28 06:53:57,948 [cb63d383-7845-45fd-aceb-d6b4bea4aee4:group-E134278AF776:LeaderElection68] INFO  server.RaftServerConfigKeys (ConfUtils.java:logGet(43)) - raft.server.log.appender.snapshot.chunk.size.max = 16MB (=16777216) (default)
2019-08-28 06:53:57,977 [cb63d383-7845-45fd-aceb-d6b4bea4aee4:group-E134278AF776:LeaderElection68] INFO  server.RaftServerConfigKeys (ConfUtils.java:logGet(43)) - raft.server.log.appender.buffer.byte-limit = 33554432 (custom)
2019-08-28 06:53:57,977 [cb63d383-7845-45fd-aceb-d6b4bea4aee4:group-E134278AF776:LeaderElection68] INFO  server.RaftServerConfigKeys (ConfUtils.java:logGet(43)) - raft.server.log.appender.buffer.element-limit = 1 (custom)
2019-08-28 06:53:57,978 [cb63d383-7845-45fd-aceb-d6b4bea4aee4:group-E134278AF776:LeaderElection68] INFO  grpc.GrpcConfigKeys$Server (ConfUtils.java:logGet(43)) - raft.grpc.server.leader.outstanding.appends.max = 128 (default)
2019-08-28 06:53:57,978 [cb63d383-7845-45fd-aceb-d6b4bea4aee4:group-E134278AF776:LeaderElection68] INFO  server.RaftServerConfigKeys (ConfUtils.java:logGet(43)) - raft.server.rpc.request.timeout = 3000ms (default)
2019-08-28 06:53:57,978 [cb63d383-7845-45fd-aceb-d6b4bea4aee4:group-E134278AF776:LeaderElection68] INFO  server.RaftServerConfigKeys (ConfUtils.java:logGet(43)) - raft.server.log.appender.install.snapshot.enabled = false (custom)
2019-08-28 06:53:57,978 [cb63d383-7845-45fd-aceb-d6b4bea4aee4:group-E134278AF776:LeaderElection68] INFO  server.RaftServerConfigKeys (ConfUtils.java:logGet(43)) - raft.server.log.appender.snapshot.chunk.size.max = 16MB (=16777216) (default)
2019-08-28 06:53:57,978 [cb63d383-7845-45fd-aceb-d6b4bea4aee4:group-E134278AF776:LeaderElection68] INFO  server.RaftServerConfigKeys (ConfUtils.java:logGet(43)) - raft.server.log.appender.buffer.byte-limit = 33554432 (custom)
2019-08-28 06:53:57,978 [cb63d383-7845-45fd-aceb-d6b4bea4aee4:group-E134278AF776:LeaderElection68] INFO  server.RaftServerConfigKeys (ConfUtils.java:logGet(43)) - raft.server.log.appender.buffer.element-limit = 1 (custom)
2019-08-28 06:53:57,979 [cb63d383-7845-45fd-aceb-d6b4bea4aee4:group-E134278AF776:LeaderElection68] INFO  grpc.GrpcConfigKeys$Server (ConfUtils.java:logGet(43)) - raft.grpc.server.leader.outstanding.appends.max = 128 (default)
2019-08-28 06:53:57,979 [cb63d383-7845-45fd-aceb-d6b4bea4aee4:group-E134278AF776:LeaderElection68] INFO  server.RaftServerConfigKeys (ConfUtils.java:logGet(43)) - raft.server.rpc.request.timeout = 3000ms (default)
2019-08-28 06:53:57,979 [cb63d383-7845-45fd-aceb-d6b4bea4aee4:group-E134278AF776:LeaderElection68] INFO  server.RaftServerConfigKeys (ConfUtils.java:logGet(43)) - raft.server.log.appender.install.snapshot.enabled = false (custom)
2019-08-28 06:53:57,979 [cb63d383-7845-45fd-aceb-d6b4bea4aee4:group-E134278AF776:LeaderElection68] INFO  impl.RoleInfo (RoleInfo.java:updateAndGet(143)) - cb63d383-7845-45fd-aceb-d6b4bea4aee4: start LeaderState
2019-08-28 06:53:57,979 [cb63d383-7845-45fd-aceb-d6b4bea4aee4:group-E134278AF776:LeaderElection68] INFO  segmented.SegmentedRaftLogWorker (SegmentedRaftLogWorker.java:startLogSegment(380)) - cb63d383-7845-45fd-aceb-d6b4bea4aee4-SegmentedRaftLogWorker:Storage Directory /workdir/hadoop-ozone/integration-test/target/test-dir/MiniOzoneClusterImpl-35d8354e-3007-428c-81c8-adfd2a58d98b/datanode-4/data/ratis/e8f78c85-2610-4123-9590-e134278af776: Starting segment from index:0
2019-08-28 06:53:57,980 [cb63d383-7845-45fd-aceb-d6b4bea4aee4:group-E134278AF776:LeaderElection68] INFO  impl.RaftServerImpl (ServerState.java:setRaftConf(361)) - cb63d383-7845-45fd-aceb-d6b4bea4aee4:group-E134278AF776 set configuration 0: [e65f4345-a750-4eee-8a6b-22129dee7a8f:192.168.36.66:39120, cb63d383-7845-45fd-aceb-d6b4bea4aee4:192.168.36.66:39975, e7706eca-30e7-4076-96c5-867c4236a33c:192.168.36.66:35048], old=null at 0
2019-08-28 06:53:58,012 [e65f4345-a750-4eee-8a6b-22129dee7a8f-SegmentedRaftLogWorker:Storage Directory /workdir/hadoop-ozone/integration-test/target/test-dir/MiniOzoneClusterImpl-35d8354e-3007-428c-81c8-adfd2a58d98b/datanode-5/data/ratis/0cc69243-96fb-4621-9a9a-1a04f1368fcf] INFO  segmented.SegmentedRaftLogWorker (SegmentedRaftLogWorker.java:execute(569)) - e65f4345-a750-4eee-8a6b-22129dee7a8f-SegmentedRaftLogWorker:Storage Directory /workdir/hadoop-ozone/integration-test/target/test-dir/MiniOzoneClusterImpl-35d8354e-3007-428c-81c8-adfd2a58d98b/datanode-5/data/ratis/0cc69243-96fb-4621-9a9a-1a04f1368fcf: created new log segment /workdir/hadoop-ozone/integration-test/target/test-dir/MiniOzoneClusterImpl-35d8354e-3007-428c-81c8-adfd2a58d98b/datanode-5/data/ratis/0cc69243-96fb-4621-9a9a-1a04f1368fcf/current/log_inprogress_0
2019-08-28 06:53:58,013 [grpc-default-executor-8] INFO  impl.RaftServerImpl (ServerState.java:setLeader(263)) - e7706eca-30e7-4076-96c5-867c4236a33c:group-E134278AF776 change Leader from null to cb63d383-7845-45fd-aceb-d6b4bea4aee4 at term 1 for appendEntries, leader elected after 5170ms
2019-08-28 06:53:58,013 [grpc-default-executor-7] INFO  impl.RaftServerImpl (ServerState.java:setLeader(263)) - e65f4345-a750-4eee-8a6b-22129dee7a8f:group-E134278AF776 change Leader from null to cb63d383-7845-45fd-aceb-d6b4bea4aee4 at term 1 for appendEntries, leader elected after 5169ms
2019-08-28 06:53:58,021 [grpc-default-executor-7] INFO  impl.RaftServerImpl (ServerState.java:setRaftConf(361)) - e7706eca-30e7-4076-96c5-867c4236a33c:group-E134278AF776 set configuration 0: [e65f4345-a750-4eee-8a6b-22129dee7a8f:192.168.36.66:39120, cb63d383-7845-45fd-aceb-d6b4bea4aee4:192.168.36.66:39975, e7706eca-30e7-4076-96c5-867c4236a33c:192.168.36.66:35048], old=null at 0
2019-08-28 06:53:58,021 [grpc-default-executor-8] INFO  impl.RaftServerImpl (ServerState.java:setRaftConf(361)) - e65f4345-a750-4eee-8a6b-22129dee7a8f:group-E134278AF776 set configuration 0: [e65f4345-a750-4eee-8a6b-22129dee7a8f:192.168.36.66:39120, cb63d383-7845-45fd-aceb-d6b4bea4aee4:192.168.36.66:39975, e7706eca-30e7-4076-96c5-867c4236a33c:192.168.36.66:35048], old=null at 0
2019-08-28 06:53:58,021 | INFO  | SCMAudit | user=jenkins1000 | ip=192.168.36.66 | op=SEND_HEARTBEAT {datanodeUUID=950a0533-9469-43b5-b9c4-edf7c4baab0a, command=[]} | ret=SUCCESS |  
2019-08-28 06:53:58,021 [grpc-default-executor-7] INFO  segmented.SegmentedRaftLogWorker (SegmentedRaftLogWorker.java:startLogSegment(380)) - e7706eca-30e7-4076-96c5-867c4236a33c-SegmentedRaftLogWorker:Storage Directory /workdir/hadoop-ozone/integration-test/target/test-dir/MiniOzoneClusterImpl-35d8354e-3007-428c-81c8-adfd2a58d98b/datanode-3/data/ratis/e8f78c85-2610-4123-9590-e134278af776: Starting segment from index:0
2019-08-28 06:53:58,021 [grpc-default-executor-8] INFO  segmented.SegmentedRaftLogWorker (SegmentedRaftLogWorker.java:startLogSegment(380)) - e65f4345-a750-4eee-8a6b-22129dee7a8f-SegmentedRaftLogWorker:Storage Directory /workdir/hadoop-ozone/integration-test/target/test-dir/MiniOzoneClusterImpl-35d8354e-3007-428c-81c8-adfd2a58d98b/datanode-5/data/ratis/e8f78c85-2610-4123-9590-e134278af776: Starting segment from index:0
2019-08-28 06:53:58,026 [cb63d383-7845-45fd-aceb-d6b4bea4aee4-SegmentedRaftLogWorker:Storage Directory /workdir/hadoop-ozone/integration-test/target/test-dir/MiniOzoneClusterImpl-35d8354e-3007-428c-81c8-adfd2a58d98b/datanode-4/data/ratis/e8f78c85-2610-4123-9590-e134278af776] INFO  segmented.SegmentedRaftLogWorker (SegmentedRaftLogWorker.java:execute(569)) - cb63d383-7845-45fd-aceb-d6b4bea4aee4-SegmentedRaftLogWorker:Storage Directory /workdir/hadoop-ozone/integration-test/target/test-dir/MiniOzoneClusterImpl-35d8354e-3007-428c-81c8-adfd2a58d98b/datanode-4/data/ratis/e8f78c85-2610-4123-9590-e134278af776: created new log segment /workdir/hadoop-ozone/integration-test/target/test-dir/MiniOzoneClusterImpl-35d8354e-3007-428c-81c8-adfd2a58d98b/datanode-4/data/ratis/e8f78c85-2610-4123-9590-e134278af776/current/log_inprogress_0
2019-08-28 06:53:58,056 [e65f4345-a750-4eee-8a6b-22129dee7a8f-SegmentedRaftLogWorker:Storage Directory /workdir/hadoop-ozone/integration-test/target/test-dir/MiniOzoneClusterImpl-35d8354e-3007-428c-81c8-adfd2a58d98b/datanode-5/data/ratis/e8f78c85-2610-4123-9590-e134278af776] INFO  segmented.SegmentedRaftLogWorker (SegmentedRaftLogWorker.java:execute(569)) - e65f4345-a750-4eee-8a6b-22129dee7a8f-SegmentedRaftLogWorker:Storage Directory /workdir/hadoop-ozone/integration-test/target/test-dir/MiniOzoneClusterImpl-35d8354e-3007-428c-81c8-adfd2a58d98b/datanode-5/data/ratis/e8f78c85-2610-4123-9590-e134278af776: created new log segment /workdir/hadoop-ozone/integration-test/target/test-dir/MiniOzoneClusterImpl-35d8354e-3007-428c-81c8-adfd2a58d98b/datanode-5/data/ratis/e8f78c85-2610-4123-9590-e134278af776/current/log_inprogress_0
2019-08-28 06:53:58,056 [e7706eca-30e7-4076-96c5-867c4236a33c-SegmentedRaftLogWorker:Storage Directory /workdir/hadoop-ozone/integration-test/target/test-dir/MiniOzoneClusterImpl-35d8354e-3007-428c-81c8-adfd2a58d98b/datanode-3/data/ratis/e8f78c85-2610-4123-9590-e134278af776] INFO  segmented.SegmentedRaftLogWorker (SegmentedRaftLogWorker.java:execute(569)) - e7706eca-30e7-4076-96c5-867c4236a33c-SegmentedRaftLogWorker:Storage Directory /workdir/hadoop-ozone/integration-test/target/test-dir/MiniOzoneClusterImpl-35d8354e-3007-428c-81c8-adfd2a58d98b/datanode-3/data/ratis/e8f78c85-2610-4123-9590-e134278af776: created new log segment /workdir/hadoop-ozone/integration-test/target/test-dir/MiniOzoneClusterImpl-35d8354e-3007-428c-81c8-adfd2a58d98b/datanode-3/data/ratis/e8f78c85-2610-4123-9590-e134278af776/current/log_inprogress_0
2019-08-28 06:53:58,065 [grpc-default-executor-7] INFO  client.GrpcClientProtocolClient (GrpcClientProtocolClient.java:onNext(255)) - client-64A74FDBF49F->f3f62326-8b92-46e7-9f36-b9cac99ba129: receive RaftClientReply:client-64A74FDBF49F->f3f62326-8b92-46e7-9f36-b9cac99ba129@group-FB7DE9B29A7D, cid=183, FAILED org.apache.ratis.protocol.NotLeaderException: Server f3f62326-8b92-46e7-9f36-b9cac99ba129 is not the leader (950a0533-9469-43b5-b9c4-edf7c4baab0a:192.168.36.66:44256). Request must be sent to leader., logIndex=0, commits[f3f62326-8b92-46e7-9f36-b9cac99ba129:c-1, 950a0533-9469-43b5-b9c4-edf7c4baab0a:c-1, 87fd7076-0834-4f8c-a36e-102ac7fe9c40:c-1]
2019-08-28 06:53:58,121 [Thread-3533] INFO  impl.FollowerState (FollowerState.java:run(106)) - 763fef36-99f7-4ef0-acc1-5c6529809efb:group-2C6F121E06C5 changes to CANDIDATE, lastRpcTime:5130, electionTimeout:5130ms
2019-08-28 06:53:58,121 [Thread-3533] INFO  impl.RoleInfo (RoleInfo.java:shutdownFollowerState(121)) - 763fef36-99f7-4ef0-acc1-5c6529809efb: shutdown FollowerState
2019-08-28 06:53:58,121 [Thread-3533] INFO  impl.RaftServerImpl (RaftServerImpl.java:setRole(171)) - 763fef36-99f7-4ef0-acc1-5c6529809efb:group-2C6F121E06C5 changes role from FOLLOWER to CANDIDATE at term 0 for changeToCandidate
2019-08-28 06:53:58,122 [Thread-3533] INFO  impl.RoleInfo (RoleInfo.java:updateAndGet(143)) - 763fef36-99f7-4ef0-acc1-5c6529809efb: start LeaderElection
2019-08-28 06:53:58,138 [763fef36-99f7-4ef0-acc1-5c6529809efb:group-2C6F121E06C5:LeaderElection70] INFO  impl.LeaderElection (LeaderElection.java:askForVotes(181)) - 763fef36-99f7-4ef0-acc1-5c6529809efb:group-2C6F121E06C5:LeaderElection70: begin an election at term 1 for -1: [763fef36-99f7-4ef0-acc1-5c6529809efb:192.168.36.66:32791], old=null
2019-08-28 06:53:58,138 [763fef36-99f7-4ef0-acc1-5c6529809efb:group-2C6F121E06C5:LeaderElection70] INFO  impl.RoleInfo (RoleInfo.java:shutdownLeaderElection(134)) - 763fef36-99f7-4ef0-acc1-5c6529809efb: shutdown LeaderElection
2019-08-28 06:53:58,138 [763fef36-99f7-4ef0-acc1-5c6529809efb:group-2C6F121E06C5:LeaderElection70] INFO  impl.RaftServerImpl (RaftServerImpl.java:setRole(171)) - 763fef36-99f7-4ef0-acc1-5c6529809efb:group-2C6F121E06C5 changes role from CANDIDATE to LEADER at term 1 for changeToLeader
2019-08-28 06:53:58,138 [763fef36-99f7-4ef0-acc1-5c6529809efb:group-2C6F121E06C5:LeaderElection70] INFO  impl.RaftServerImpl (ServerState.java:setLeader(263)) - 763fef36-99f7-4ef0-acc1-5c6529809efb:group-2C6F121E06C5 change Leader from null to 763fef36-99f7-4ef0-acc1-5c6529809efb at term 1 for becomeLeader, leader elected after 5151ms
2019-08-28 06:53:58,138 [763fef36-99f7-4ef0-acc1-5c6529809efb:group-2C6F121E06C5:LeaderElection70] INFO  server.RaftServerConfigKeys (ConfUtils.java:logGet(43)) - raft.server.staging.catchup.gap = 1000 (default)
2019-08-28 06:53:58,138 [763fef36-99f7-4ef0-acc1-5c6529809efb:group-2C6F121E06C5:LeaderElection70] INFO  server.RaftServerConfigKeys (ConfUtils.java:logGet(43)) - raft.server.rpc.sleep.time = 25ms (default)
2019-08-28 06:53:58,139 [763fef36-99f7-4ef0-acc1-5c6529809efb:group-2C6F121E06C5:LeaderElection70] INFO  server.RaftServerConfigKeys (ConfUtils.java:logGet(43)) - raft.server.write.element-limit = 4096 (default)
2019-08-28 06:53:58,139 [763fef36-99f7-4ef0-acc1-5c6529809efb:group-2C6F121E06C5:LeaderElection70] INFO  server.RaftServerConfigKeys (ConfUtils.java:logGet(43)) - raft.server.watch.timeout = 10s (default)
2019-08-28 06:53:58,139 [763fef36-99f7-4ef0-acc1-5c6529809efb:group-2C6F121E06C5:LeaderElection70] INFO  server.RaftServerConfigKeys (ConfUtils.java:logGet(43)) - raft.server.watch.timeout.denomination = 1s (default)
2019-08-28 06:53:58,139 [763fef36-99f7-4ef0-acc1-5c6529809efb:group-2C6F121E06C5:LeaderElection70] INFO  server.RaftServerConfigKeys (ConfUtils.java:logGet(43)) - raft.server.watch.element-limit = 65536 (default)
2019-08-28 06:53:58,139 [763fef36-99f7-4ef0-acc1-5c6529809efb:group-2C6F121E06C5:LeaderElection70] INFO  impl.RoleInfo (RoleInfo.java:updateAndGet(143)) - 763fef36-99f7-4ef0-acc1-5c6529809efb: start LeaderState
2019-08-28 06:53:58,139 [763fef36-99f7-4ef0-acc1-5c6529809efb:group-2C6F121E06C5:LeaderElection70] INFO  segmented.SegmentedRaftLogWorker (SegmentedRaftLogWorker.java:startLogSegment(380)) - 763fef36-99f7-4ef0-acc1-5c6529809efb-SegmentedRaftLogWorker:Storage Directory /workdir/hadoop-ozone/integration-test/target/test-dir/MiniOzoneClusterImpl-35d8354e-3007-428c-81c8-adfd2a58d98b/datanode-6/data/ratis/cb5f9a64-c675-420b-9e26-2c6f121e06c5: Starting segment from index:0
2019-08-28 06:53:58,140 [763fef36-99f7-4ef0-acc1-5c6529809efb:group-2C6F121E06C5:LeaderElection70] INFO  impl.RaftServerImpl (ServerState.java:setRaftConf(361)) - 763fef36-99f7-4ef0-acc1-5c6529809efb:group-2C6F121E06C5 set configuration 0: [763fef36-99f7-4ef0-acc1-5c6529809efb:192.168.36.66:32791], old=null at 0
2019-08-28 06:53:58,182 [763fef36-99f7-4ef0-acc1-5c6529809efb-SegmentedRaftLogWorker:Storage Directory /workdir/hadoop-ozone/integration-test/target/test-dir/MiniOzoneClusterImpl-35d8354e-3007-428c-81c8-adfd2a58d98b/datanode-6/data/ratis/cb5f9a64-c675-420b-9e26-2c6f121e06c5] INFO  segmented.SegmentedRaftLogWorker (SegmentedRaftLogWorker.java:execute(569)) - 763fef36-99f7-4ef0-acc1-5c6529809efb-SegmentedRaftLogWorker:Storage Directory /workdir/hadoop-ozone/integration-test/target/test-dir/MiniOzoneClusterImpl-35d8354e-3007-428c-81c8-adfd2a58d98b/datanode-6/data/ratis/cb5f9a64-c675-420b-9e26-2c6f121e06c5: created new log segment /workdir/hadoop-ozone/integration-test/target/test-dir/MiniOzoneClusterImpl-35d8354e-3007-428c-81c8-adfd2a58d98b/datanode-6/data/ratis/cb5f9a64-c675-420b-9e26-2c6f121e06c5/current/log_inprogress_0
2019-08-28 06:53:58,185 | INFO  | DNAudit | user=null | ip=null | op=WRITE_CHUNK {blockData=conID: 1 locID: 102693288936341518 bcsId: 0} | ret=SUCCESS |  
2019-08-28 06:53:58,185 | INFO  | DNAudit | user=null | ip=null | op=WRITE_CHUNK {blockData=conID: 1 locID: 102693288936341518 bcsId: 0} | ret=SUCCESS |  
2019-08-28 06:53:58,186 | INFO  | DNAudit | user=null | ip=null | op=WRITE_CHUNK {blockData=conID: 1 locID: 102693288936341518 bcsId: 0} | ret=SUCCESS |  
2019-08-28 06:53:58,186 | INFO  | SCMAudit | user=jenkins1000 | ip=192.168.36.66 | op=SEND_HEARTBEAT {datanodeUUID=f3f62326-8b92-46e7-9f36-b9cac99ba129, command=[]} | ret=SUCCESS |  
2019-08-28 06:53:58,186 | INFO  | SCMAudit | user=jenkins1000 | ip=192.168.36.66 | op=SEND_HEARTBEAT {datanodeUUID=950a0533-9469-43b5-b9c4-edf7c4baab0a, command=[]} | ret=SUCCESS |  
2019-08-28 06:53:58,186 | INFO  | SCMAudit | user=jenkins1000 | ip=192.168.36.66 | op=SEND_HEARTBEAT {datanodeUUID=87fd7076-0834-4f8c-a36e-102ac7fe9c40, command=[]} | ret=SUCCESS |  
2019-08-28 06:53:58,201 | INFO  | DNAudit | user=null | ip=null | op=WRITE_CHUNK {blockData=conID: 1 locID: 102693288936341518 bcsId: 0} | ret=SUCCESS |  
2019-08-28 06:53:58,204 [grpc-default-executor-8] INFO  client.GrpcClientProtocolClient (GrpcClientProtocolClient.java:onNext(255)) - client-64A74FDBF49F->950a0533-9469-43b5-b9c4-edf7c4baab0a: receive RaftClientReply:client-64A74FDBF49F->950a0533-9469-43b5-b9c4-edf7c4baab0a@group-FB7DE9B29A7D, cid=183, SUCCESS, logIndex=1, commits[950a0533-9469-43b5-b9c4-edf7c4baab0a:c1, f3f62326-8b92-46e7-9f36-b9cac99ba129:c0, 87fd7076-0834-4f8c-a36e-102ac7fe9c40:c0]
2019-08-28 06:53:58,206 | INFO  | DNAudit | user=null | ip=null | op=WRITE_CHUNK {blockData=conID: 1 locID: 102693288936341518 bcsId: 0} | ret=SUCCESS |  
2019-08-28 06:53:58,209 | INFO  | DNAudit | user=null | ip=null | op=WRITE_CHUNK {blockData=conID: 1 locID: 102693288936341518 bcsId: 0} | ret=SUCCESS |  
2019-08-28 06:53:58,209 | INFO  | DNAudit | user=null | ip=null | op=WRITE_CHUNK {blockData=conID: 1 locID: 102693288936341518 bcsId: 0} | ret=SUCCESS |  
2019-08-28 06:53:58,210 | INFO  | DNAudit | user=null | ip=null | op=WRITE_CHUNK {blockData=conID: 1 locID: 102693288936341518 bcsId: 0} | ret=SUCCESS |  
2019-08-28 06:53:58,210 | INFO  | DNAudit | user=null | ip=null | op=WRITE_CHUNK {blockData=conID: 1 locID: 102693288936341518 bcsId: 0} | ret=SUCCESS |  
2019-08-28 06:53:58,210 | INFO  | DNAudit | user=null | ip=null | op=WRITE_CHUNK {blockData=conID: 1 locID: 102693288936341518 bcsId: 0} | ret=SUCCESS |  
2019-08-28 06:53:58,210 | INFO  | DNAudit | user=null | ip=null | op=WRITE_CHUNK {blockData=conID: 1 locID: 102693288936341518 bcsId: 0} | ret=SUCCESS |  
2019-08-28 06:53:58,211 | INFO  | DNAudit | user=null | ip=null | op=WRITE_CHUNK {blockData=conID: 1 locID: 102693288936341518 bcsId: 0} | ret=SUCCESS |  
2019-08-28 06:53:58,211 | INFO  | DNAudit | user=null | ip=null | op=WRITE_CHUNK {blockData=conID: 1 locID: 102693288936341518 bcsId: 0} | ret=SUCCESS |  
2019-08-28 06:53:58,211 | INFO  | DNAudit | user=null | ip=null | op=WRITE_CHUNK {blockData=conID: 1 locID: 102693288936341518 bcsId: 0} | ret=SUCCESS |  
2019-08-28 06:53:58,211 | INFO  | DNAudit | user=null | ip=null | op=WRITE_CHUNK {blockData=conID: 1 locID: 102693288936341518 bcsId: 0} | ret=SUCCESS |  
2019-08-28 06:53:58,212 | INFO  | DNAudit | user=null | ip=null | op=WRITE_CHUNK {blockData=conID: 1 locID: 102693288936341518 bcsId: 0} | ret=SUCCESS |  
2019-08-28 06:53:58,216 [grpc-default-executor-9] INFO  client.GrpcClientProtocolClient (GrpcClientProtocolClient.java:onNext(255)) - client-64A74FDBF49F->950a0533-9469-43b5-b9c4-edf7c4baab0a: receive RaftClientReply:client-64A74FDBF49F->950a0533-9469-43b5-b9c4-edf7c4baab0a@group-FB7DE9B29A7D, cid=184, SUCCESS, logIndex=3, commits[950a0533-9469-43b5-b9c4-edf7c4baab0a:c4, f3f62326-8b92-46e7-9f36-b9cac99ba129:c1, 87fd7076-0834-4f8c-a36e-102ac7fe9c40:c1]
2019-08-28 06:53:58,230 | INFO  | DNAudit | user=null | ip=null | op=WRITE_CHUNK {blockData=conID: 1 locID: 102693288936341518 bcsId: 0} | ret=SUCCESS |  
2019-08-28 06:53:58,230 | INFO  | DNAudit | user=null | ip=null | op=WRITE_CHUNK {blockData=conID: 1 locID: 102693288936341518 bcsId: 0} | ret=SUCCESS |  
2019-08-28 06:53:58,260 | INFO  | DNAudit | user=null | ip=null | op=PUT_BLOCK {blockData=[blockId=conID: 1 locID: 102693288936341518 bcsId: 0,size=200]} | ret=SUCCESS |  
2019-08-28 06:53:58,261 | INFO  | DNAudit | user=null | ip=null | op=WRITE_CHUNK {blockData=conID: 1 locID: 102693288936341518 bcsId: 0} | ret=SUCCESS |  
2019-08-28 06:53:58,261 | INFO  | DNAudit | user=null | ip=null | op=WRITE_CHUNK {blockData=conID: 1 locID: 102693288936341518 bcsId: 0} | ret=SUCCESS |  
2019-08-28 06:53:58,261 [grpc-default-executor-10] INFO  client.GrpcClientProtocolClient (GrpcClientProtocolClient.java:onNext(255)) - client-64A74FDBF49F->950a0533-9469-43b5-b9c4-edf7c4baab0a: receive RaftClientReply:client-64A74FDBF49F->950a0533-9469-43b5-b9c4-edf7c4baab0a@group-FB7DE9B29A7D, cid=185, SUCCESS, logIndex=4, commits[950a0533-9469-43b5-b9c4-edf7c4baab0a:c12, f3f62326-8b92-46e7-9f36-b9cac99ba129:c7, 87fd7076-0834-4f8c-a36e-102ac7fe9c40:c7]
2019-08-28 06:53:58,265 [grpc-default-executor-10] INFO  client.GrpcClientProtocolClient (GrpcClientProtocolClient.java:onNext(255)) - client-64A74FDBF49F->950a0533-9469-43b5-b9c4-edf7c4baab0a: receive RaftClientReply:client-64A74FDBF49F->950a0533-9469-43b5-b9c4-edf7c4baab0a@group-FB7DE9B29A7D, cid=186, SUCCESS, logIndex=5, commits[950a0533-9469-43b5-b9c4-edf7c4baab0a:c12, f3f62326-8b92-46e7-9f36-b9cac99ba129:c7, 87fd7076-0834-4f8c-a36e-102ac7fe9c40:c7]
2019-08-28 06:53:58,265 [grpc-default-executor-10] INFO  client.GrpcClientProtocolClient (GrpcClientProtocolClient.java:onNext(255)) - client-64A74FDBF49F->950a0533-9469-43b5-b9c4-edf7c4baab0a: receive RaftClientReply:client-64A74FDBF49F->950a0533-9469-43b5-b9c4-edf7c4baab0a@group-FB7DE9B29A7D, cid=187, SUCCESS, logIndex=6, commits[950a0533-9469-43b5-b9c4-edf7c4baab0a:c12, f3f62326-8b92-46e7-9f36-b9cac99ba129:c7, 87fd7076-0834-4f8c-a36e-102ac7fe9c40:c7]
2019-08-28 06:53:58,295 | INFO  | DNAudit | user=null | ip=null | op=PUT_BLOCK {blockData=[blockId=conID: 1 locID: 102693288936341518 bcsId: 0,size=200]} | ret=SUCCESS |  
2019-08-28 06:53:58,296 | INFO  | DNAudit | user=null | ip=null | op=WRITE_CHUNK {blockData=conID: 1 locID: 102693288936341518 bcsId: 0} | ret=SUCCESS |  
2019-08-28 06:53:58,297 | INFO  | DNAudit | user=null | ip=null | op=WRITE_CHUNK {blockData=conID: 1 locID: 102693288936341518 bcsId: 0} | ret=SUCCESS |  
2019-08-28 06:53:58,332 | INFO  | DNAudit | user=null | ip=null | op=PUT_BLOCK {blockData=[blockId=conID: 1 locID: 102693288936341518 bcsId: 0,size=400]} | ret=SUCCESS |  
2019-08-28 06:53:58,332 | INFO  | DNAudit | user=null | ip=null | op=PUT_BLOCK {blockData=[blockId=conID: 1 locID: 102693288936341518 bcsId: 0,size=400]} | ret=SUCCESS |  
2019-08-28 06:53:58,332 | INFO  | DNAudit | user=null | ip=null | op=PUT_BLOCK {blockData=[blockId=conID: 1 locID: 102693288936341518 bcsId: 0,size=200]} | ret=SUCCESS |  
2019-08-28 06:53:58,333 | INFO  | DNAudit | user=null | ip=null | op=WRITE_CHUNK {blockData=conID: 1 locID: 102693288936341518 bcsId: 0} | ret=SUCCESS |  
2019-08-28 06:53:58,333 | INFO  | DNAudit | user=null | ip=null | op=WRITE_CHUNK {blockData=conID: 1 locID: 102693288936341518 bcsId: 0} | ret=SUCCESS |  
2019-08-28 06:53:58,336 | INFO  | DNAudit | user=null | ip=null | op=PUT_BLOCK {blockData=[blockId=conID: 1 locID: 102693288936341518 bcsId: 0,size=400]} | ret=SUCCESS |  
2019-08-28 06:53:58,336 [grpc-default-executor-10] INFO  client.GrpcClientProtocolClient (GrpcClientProtocolClient.java:onNext(255)) - client-64A74FDBF49F->950a0533-9469-43b5-b9c4-edf7c4baab0a: receive RaftClientReply:client-64A74FDBF49F->950a0533-9469-43b5-b9c4-edf7c4baab0a@group-FB7DE9B29A7D, cid=188, SUCCESS, logIndex=7, commits[950a0533-9469-43b5-b9c4-edf7c4baab0a:c12, f3f62326-8b92-46e7-9f36-b9cac99ba129:c7, 87fd7076-0834-4f8c-a36e-102ac7fe9c40:c7]
2019-08-28 06:53:58,340 | INFO  | DNAudit | user=null | ip=null | op=WRITE_CHUNK {blockData=conID: 1 locID: 102693288936341518 bcsId: 7} | ret=SUCCESS |  
2019-08-28 06:53:58,350 | INFO  | DNAudit | user=null | ip=null | op=WRITE_CHUNK {blockData=conID: 1 locID: 102693288936341518 bcsId: 7} | ret=SUCCESS |  
2019-08-28 06:53:58,350 | INFO  | DNAudit | user=null | ip=null | op=WRITE_CHUNK {blockData=conID: 1 locID: 102693288936341518 bcsId: 7} | ret=SUCCESS |  
2019-08-28 06:53:58,353 | INFO  | DNAudit | user=null | ip=null | op=WRITE_CHUNK {blockData=conID: 1 locID: 102693288936341518 bcsId: 7} | ret=SUCCESS |  
2019-08-28 06:53:58,358 [grpc-default-executor-9] INFO  client.GrpcClientProtocolClient (GrpcClientProtocolClient.java:onNext(255)) - client-64A74FDBF49F->950a0533-9469-43b5-b9c4-edf7c4baab0a: receive RaftClientReply:client-64A74FDBF49F->950a0533-9469-43b5-b9c4-edf7c4baab0a@group-FB7DE9B29A7D, cid=189, SUCCESS, logIndex=13, commits[950a0533-9469-43b5-b9c4-edf7c4baab0a:c14, f3f62326-8b92-46e7-9f36-b9cac99ba129:c12, 87fd7076-0834-4f8c-a36e-102ac7fe9c40:c12]
2019-08-28 06:53:58,358 | INFO  | DNAudit | user=null | ip=null | op=PUT_BLOCK {blockData=[blockId=conID: 1 locID: 102693288936341518 bcsId: 0,size=450]} | ret=SUCCESS |  
2019-08-28 06:53:58,359 [grpc-default-executor-9] INFO  client.GrpcClientProtocolClient (GrpcClientProtocolClient.java:onNext(255)) - client-64A74FDBF49F->950a0533-9469-43b5-b9c4-edf7c4baab0a: receive RaftClientReply:client-64A74FDBF49F->950a0533-9469-43b5-b9c4-edf7c4baab0a@group-FB7DE9B29A7D, cid=190, SUCCESS, logIndex=14, commits[950a0533-9469-43b5-b9c4-edf7c4baab0a:c14, f3f62326-8b92-46e7-9f36-b9cac99ba129:c12, 87fd7076-0834-4f8c-a36e-102ac7fe9c40:c12]
2019-08-28 06:53:58,365 | INFO  | DNAudit | user=null | ip=null | op=WRITE_CHUNK {blockData=conID: 1 locID: 102693288936341518 bcsId: 7} | ret=SUCCESS |  
2019-08-28 06:53:58,365 | INFO  | DNAudit | user=null | ip=null | op=WRITE_CHUNK {blockData=conID: 1 locID: 102693288936341518 bcsId: 7} | ret=SUCCESS |  
2019-08-28 06:53:58,368 | INFO  | DNAudit | user=null | ip=null | op=PUT_BLOCK {blockData=[blockId=conID: 1 locID: 102693288936341518 bcsId: 0,size=450]} | ret=SUCCESS |  
2019-08-28 06:53:58,368 | INFO  | DNAudit | user=null | ip=null | op=PUT_BLOCK {blockData=[blockId=conID: 1 locID: 102693288936341518 bcsId: 0,size=450]} | ret=SUCCESS |  
2019-08-28 06:53:58,370 [grpc-default-executor-9] INFO  client.GrpcClientProtocolClient (GrpcClientProtocolClient.java:onNext(255)) - client-64A74FDBF49F->950a0533-9469-43b5-b9c4-edf7c4baab0a: receive RaftClientReply:client-64A74FDBF49F->950a0533-9469-43b5-b9c4-edf7c4baab0a@group-FB7DE9B29A7D, cid=191, SUCCESS, logIndex=0, commits[950a0533-9469-43b5-b9c4-edf7c4baab0a:c15, f3f62326-8b92-46e7-9f36-b9cac99ba129:c14, 87fd7076-0834-4f8c-a36e-102ac7fe9c40:c14]
2019-08-28 06:53:58,371 [main] INFO  datanode.ObjectStoreHandler (ObjectStoreHandler.java:close(155)) - Closing ObjectStoreHandler.
2019-08-28 06:53:58,371 [main] INFO  ozone.HddsDatanodeService (HddsDatanodeService.java:stop(451)) - Stopped plug-in org.apache.hadoop.ozone.web.OzoneHddsDatanodeService@46c5747f
2019-08-28 06:53:58,407 | INFO  | SCMAudit | user=jenkins1000 | ip=192.168.36.66 | op=SEND_HEARTBEAT {datanodeUUID=e7706eca-30e7-4076-96c5-867c4236a33c, command=[]} | ret=SUCCESS |  
2019-08-28 06:53:58,573 | INFO  | SCMAudit | user=jenkins1000 | ip=192.168.36.66 | op=SEND_HEARTBEAT {datanodeUUID=cb63d383-7845-45fd-aceb-d6b4bea4aee4, command=[]} | ret=SUCCESS |  
2019-08-28 06:53:58,759 | INFO  | SCMAudit | user=jenkins1000 | ip=192.168.36.66 | op=SEND_HEARTBEAT {datanodeUUID=e65f4345-a750-4eee-8a6b-22129dee7a8f, command=[]} | ret=SUCCESS |  
2019-08-28 06:53:58,944 | INFO  | SCMAudit | user=jenkins1000 | ip=192.168.36.66 | op=SEND_HEARTBEAT {datanodeUUID=763fef36-99f7-4ef0-acc1-5c6529809efb, command=[]} | ret=SUCCESS |  
2019-08-28 06:53:59,185 [Datanode State Machine Thread - 0] INFO  statemachine.DatanodeStateMachine (DatanodeStateMachine.java:lambda$startDaemon$0(350)) - Ozone container server started.
2019-08-28 06:53:59,186 | INFO  | SCMAudit | user=jenkins1000 | ip=192.168.36.66 | op=SEND_HEARTBEAT {datanodeUUID=f3f62326-8b92-46e7-9f36-b9cac99ba129, command=[]} | ret=SUCCESS |  
2019-08-28 06:53:59,186 | INFO  | SCMAudit | user=jenkins1000 | ip=192.168.36.66 | op=SEND_HEARTBEAT {datanodeUUID=87fd7076-0834-4f8c-a36e-102ac7fe9c40, command=[]} | ret=SUCCESS |  
2019-08-28 06:53:59,407 | INFO  | SCMAudit | user=jenkins1000 | ip=192.168.36.66 | op=SEND_HEARTBEAT {datanodeUUID=e7706eca-30e7-4076-96c5-867c4236a33c, command=[]} | ret=SUCCESS |  
2019-08-28 06:53:59,573 | INFO  | SCMAudit | user=jenkins1000 | ip=192.168.36.66 | op=SEND_HEARTBEAT {datanodeUUID=cb63d383-7845-45fd-aceb-d6b4bea4aee4, command=[]} | ret=SUCCESS |  
2019-08-28 06:53:59,760 | INFO  | SCMAudit | user=jenkins1000 | ip=192.168.36.66 | op=SEND_HEARTBEAT {datanodeUUID=e65f4345-a750-4eee-8a6b-22129dee7a8f, command=[]} | ret=SUCCESS |  
2019-08-28 06:53:59,944 | INFO  | SCMAudit | user=jenkins1000 | ip=192.168.36.66 | op=SEND_HEARTBEAT {datanodeUUID=763fef36-99f7-4ef0-acc1-5c6529809efb, command=[]} | ret=SUCCESS |  
2019-08-28 06:54:00,185 | INFO  | SCMAudit | user=jenkins1000 | ip=192.168.36.66 | op=SEND_HEARTBEAT {datanodeUUID=f3f62326-8b92-46e7-9f36-b9cac99ba129, command=[]} | ret=SUCCESS |  
2019-08-28 06:54:00,185 | INFO  | SCMAudit | user=jenkins1000 | ip=192.168.36.66 | op=SEND_HEARTBEAT {datanodeUUID=87fd7076-0834-4f8c-a36e-102ac7fe9c40, command=[]} | ret=SUCCESS |  
2019-08-28 06:54:00,407 | INFO  | SCMAudit | user=jenkins1000 | ip=192.168.36.66 | op=SEND_HEARTBEAT {datanodeUUID=e7706eca-30e7-4076-96c5-867c4236a33c, command=[]} | ret=SUCCESS |  
2019-08-28 06:54:00,573 | INFO  | SCMAudit | user=jenkins1000 | ip=192.168.36.66 | op=SEND_HEARTBEAT {datanodeUUID=cb63d383-7845-45fd-aceb-d6b4bea4aee4, command=[]} | ret=SUCCESS |  
2019-08-28 06:54:00,761 | INFO  | SCMAudit | user=jenkins1000 | ip=192.168.36.66 | op=SEND_HEARTBEAT {datanodeUUID=e65f4345-a750-4eee-8a6b-22129dee7a8f, command=[]} | ret=SUCCESS |  
2019-08-28 06:54:00,944 | INFO  | SCMAudit | user=jenkins1000 | ip=192.168.36.66 | op=SEND_HEARTBEAT {datanodeUUID=763fef36-99f7-4ef0-acc1-5c6529809efb, command=[]} | ret=SUCCESS |  
2019-08-28 06:54:01,185 | INFO  | SCMAudit | user=jenkins1000 | ip=192.168.36.66 | op=SEND_HEARTBEAT {datanodeUUID=f3f62326-8b92-46e7-9f36-b9cac99ba129, command=[]} | ret=SUCCESS |  
2019-08-28 06:54:01,185 | INFO  | SCMAudit | user=jenkins1000 | ip=192.168.36.66 | op=SEND_HEARTBEAT {datanodeUUID=87fd7076-0834-4f8c-a36e-102ac7fe9c40, command=[]} | ret=SUCCESS |  
2019-08-28 06:54:01,408 | INFO  | SCMAudit | user=jenkins1000 | ip=192.168.36.66 | op=SEND_HEARTBEAT {datanodeUUID=e7706eca-30e7-4076-96c5-867c4236a33c, command=[]} | ret=SUCCESS |  
2019-08-28 06:54:01,573 | INFO  | SCMAudit | user=jenkins1000 | ip=192.168.36.66 | op=SEND_HEARTBEAT {datanodeUUID=cb63d383-7845-45fd-aceb-d6b4bea4aee4, command=[]} | ret=SUCCESS |  
2019-08-28 06:54:01,762 | INFO  | SCMAudit | user=jenkins1000 | ip=192.168.36.66 | op=SEND_HEARTBEAT {datanodeUUID=e65f4345-a750-4eee-8a6b-22129dee7a8f, command=[]} | ret=SUCCESS |  
2019-08-28 06:54:01,944 | INFO  | SCMAudit | user=jenkins1000 | ip=192.168.36.66 | op=SEND_HEARTBEAT {datanodeUUID=763fef36-99f7-4ef0-acc1-5c6529809efb, command=[]} | ret=SUCCESS |  
2019-08-28 06:54:02,185 | INFO  | SCMAudit | user=jenkins1000 | ip=192.168.36.66 | op=SEND_HEARTBEAT {datanodeUUID=87fd7076-0834-4f8c-a36e-102ac7fe9c40, command=[]} | ret=SUCCESS |  
2019-08-28 06:54:02,185 | INFO  | SCMAudit | user=jenkins1000 | ip=192.168.36.66 | op=SEND_HEARTBEAT {datanodeUUID=f3f62326-8b92-46e7-9f36-b9cac99ba129, command=[]} | ret=SUCCESS |  
2019-08-28 06:54:02,408 | INFO  | SCMAudit | user=jenkins1000 | ip=192.168.36.66 | op=SEND_HEARTBEAT {datanodeUUID=e7706eca-30e7-4076-96c5-867c4236a33c, command=[]} | ret=SUCCESS |  
2019-08-28 06:54:02,574 | INFO  | SCMAudit | user=jenkins1000 | ip=192.168.36.66 | op=SEND_HEARTBEAT {datanodeUUID=cb63d383-7845-45fd-aceb-d6b4bea4aee4, command=[]} | ret=SUCCESS |  
2019-08-28 06:54:02,762 | INFO  | SCMAudit | user=jenkins1000 | ip=192.168.36.66 | op=SEND_HEARTBEAT {datanodeUUID=e65f4345-a750-4eee-8a6b-22129dee7a8f, command=[]} | ret=SUCCESS |  
2019-08-28 06:54:02,945 | INFO  | SCMAudit | user=jenkins1000 | ip=192.168.36.66 | op=SEND_HEARTBEAT {datanodeUUID=763fef36-99f7-4ef0-acc1-5c6529809efb, command=[]} | ret=SUCCESS |  
2019-08-28 06:54:03,186 | INFO  | SCMAudit | user=jenkins1000 | ip=192.168.36.66 | op=SEND_HEARTBEAT {datanodeUUID=87fd7076-0834-4f8c-a36e-102ac7fe9c40, command=[]} | ret=SUCCESS |  
2019-08-28 06:54:03,186 | INFO  | SCMAudit | user=jenkins1000 | ip=192.168.36.66 | op=SEND_HEARTBEAT {datanodeUUID=f3f62326-8b92-46e7-9f36-b9cac99ba129, command=[]} | ret=SUCCESS |  
2019-08-28 06:54:03,225 [EventQueue-StaleNodeForStaleNodeHandler] INFO  node.StaleNodeHandler (StaleNodeHandler.java:onMessage(58)) - Datanode 950a0533-9469-43b5-b9c4-edf7c4baab0a{ip: 192.168.36.66, host: pr-hdds-1553-ns4jj-3895572740, networkLocation: /default-rack, certSerialId: null} moved to stale state. Finalizing its pipelines [PipelineID=ab6bbaa9-500d-480e-bb51-41eb8aa5550a, PipelineID=34d552d2-4f61-40b6-b3a4-fb7de9b29a7d]
2019-08-28 06:54:03,225 [EventQueue-StaleNodeForStaleNodeHandler] INFO  pipeline.SCMPipelineManager (SCMPipelineManager.java:finalizeAndDestroyPipeline(309)) - destroying pipeline:Pipeline[ Id: ab6bbaa9-500d-480e-bb51-41eb8aa5550a, Nodes: 950a0533-9469-43b5-b9c4-edf7c4baab0a{ip: 192.168.36.66, host: pr-hdds-1553-ns4jj-3895572740, networkLocation: /default-rack, certSerialId: null}, Type:RATIS, Factor:ONE, State:OPEN]
2019-08-28 06:54:03,225 [EventQueue-StaleNodeForStaleNodeHandler] INFO  pipeline.PipelineStateManager (PipelineStateManager.java:finalizePipeline(123)) - Pipeline Pipeline[ Id: ab6bbaa9-500d-480e-bb51-41eb8aa5550a, Nodes: 950a0533-9469-43b5-b9c4-edf7c4baab0a{ip: 192.168.36.66, host: pr-hdds-1553-ns4jj-3895572740, networkLocation: /default-rack, certSerialId: null}, Type:RATIS, Factor:ONE, State:CLOSED] moved to CLOSED state
2019-08-28 06:54:03,226 [EventQueue-StaleNodeForStaleNodeHandler] INFO  pipeline.SCMPipelineManager (SCMPipelineManager.java:finalizeAndDestroyPipeline(309)) - destroying pipeline:Pipeline[ Id: 34d552d2-4f61-40b6-b3a4-fb7de9b29a7d, Nodes: 950a0533-9469-43b5-b9c4-edf7c4baab0a{ip: 192.168.36.66, host: pr-hdds-1553-ns4jj-3895572740, networkLocation: /default-rack, certSerialId: null}87fd7076-0834-4f8c-a36e-102ac7fe9c40{ip: 192.168.36.66, host: pr-hdds-1553-ns4jj-3895572740, networkLocation: /default-rack, certSerialId: null}f3f62326-8b92-46e7-9f36-b9cac99ba129{ip: 192.168.36.66, host: pr-hdds-1553-ns4jj-3895572740, networkLocation: /default-rack, certSerialId: null}, Type:RATIS, Factor:THREE, State:OPEN]
2019-08-28 06:54:03,226 [EventQueue-StaleNodeForStaleNodeHandler] INFO  pipeline.PipelineStateManager (PipelineStateManager.java:finalizePipeline(123)) - Pipeline Pipeline[ Id: 34d552d2-4f61-40b6-b3a4-fb7de9b29a7d, Nodes: 950a0533-9469-43b5-b9c4-edf7c4baab0a{ip: 192.168.36.66, host: pr-hdds-1553-ns4jj-3895572740, networkLocation: /default-rack, certSerialId: null}87fd7076-0834-4f8c-a36e-102ac7fe9c40{ip: 192.168.36.66, host: pr-hdds-1553-ns4jj-3895572740, networkLocation: /default-rack, certSerialId: null}f3f62326-8b92-46e7-9f36-b9cac99ba129{ip: 192.168.36.66, host: pr-hdds-1553-ns4jj-3895572740, networkLocation: /default-rack, certSerialId: null}, Type:RATIS, Factor:THREE, State:CLOSED] moved to CLOSED state
2019-08-28 06:54:03,227 [EventQueue-CloseContainerForCloseContainerEventHandler] INFO  container.CloseContainerEventHandler (CloseContainerEventHandler.java:onMessage(61)) - Close container Event triggered for container : #1
2019-08-28 06:54:03,374 [main] INFO  ozoneimpl.OzoneContainer (OzoneContainer.java:stop(199)) - Attempting to stop container services.
2019-08-28 06:54:03,375 [main] INFO  impl.RaftServerProxy (RaftServerProxy.java:lambda$close$4(314)) - 950a0533-9469-43b5-b9c4-edf7c4baab0a: close
2019-08-28 06:54:03,376 [main] INFO  impl.RaftServerImpl (RaftServerImpl.java:lambda$shutdown$3(245)) - 950a0533-9469-43b5-b9c4-edf7c4baab0a: shutdown group-41EB8AA5550A
2019-08-28 06:54:03,377 [main] INFO  util.JmxRegister (JmxRegister.java:unregister(73)) - Successfully un-registered JMX Bean with object name Ratis:service=RaftServer,group=group-41EB8AA5550A,id=950a0533-9469-43b5-b9c4-edf7c4baab0a
2019-08-28 06:54:03,377 [main] INFO  impl.RoleInfo (RoleInfo.java:shutdownLeaderState(104)) - 950a0533-9469-43b5-b9c4-edf7c4baab0a: shutdown LeaderState
2019-08-28 06:54:03,378 [main] INFO  impl.PendingRequests (PendingRequests.java:sendNotLeaderResponses(202)) - 950a0533-9469-43b5-b9c4-edf7c4baab0a-PendingRequests: sendNotLeaderResponses
2019-08-28 06:54:03,378 [main] INFO  impl.StateMachineUpdater (StateMachineUpdater.java:stopAndJoin(115)) - StateMachineUpdater:950a0533-9469-43b5-b9c4-edf7c4baab0a:group-41EB8AA5550A: set stopIndex = 0
2019-08-28 06:54:03,379 [main] INFO  impl.RaftServerImpl (ServerState.java:close(394)) - 950a0533-9469-43b5-b9c4-edf7c4baab0a:group-41EB8AA5550A closes. The last applied log index is 0
2019-08-28 06:54:03,379 [950a0533-9469-43b5-b9c4-edf7c4baab0a-SegmentedRaftLogWorker:Storage Directory /workdir/hadoop-ozone/integration-test/target/test-dir/MiniOzoneClusterImpl-35d8354e-3007-428c-81c8-adfd2a58d98b/datanode-1/data/ratis/ab6bbaa9-500d-480e-bb51-41eb8aa5550a] INFO  segmented.SegmentedRaftLogWorker (SegmentedRaftLogWorker.java:run(313)) - 950a0533-9469-43b5-b9c4-edf7c4baab0a-SegmentedRaftLogWorker:Storage Directory /workdir/hadoop-ozone/integration-test/target/test-dir/MiniOzoneClusterImpl-35d8354e-3007-428c-81c8-adfd2a58d98b/datanode-1/data/ratis/ab6bbaa9-500d-480e-bb51-41eb8aa5550a was interrupted, exiting. There are 0 tasks remaining in the queue.
2019-08-28 06:54:03,382 [main] INFO  segmented.SegmentedRaftLogWorker (SegmentedRaftLogWorker.java:close(228)) - 950a0533-9469-43b5-b9c4-edf7c4baab0a-SegmentedRaftLogWorker:Storage Directory /workdir/hadoop-ozone/integration-test/target/test-dir/MiniOzoneClusterImpl-35d8354e-3007-428c-81c8-adfd2a58d98b/datanode-1/data/ratis/ab6bbaa9-500d-480e-bb51-41eb8aa5550a close()
2019-08-28 06:54:03,387 [main] INFO  impl.RaftServerImpl (RaftServerImpl.java:lambda$shutdown$3(245)) - 950a0533-9469-43b5-b9c4-edf7c4baab0a: shutdown group-FB7DE9B29A7D
2019-08-28 06:54:03,387 [main] INFO  util.JmxRegister (JmxRegister.java:unregister(73)) - Successfully un-registered JMX Bean with object name Ratis:service=RaftServer,group=group-FB7DE9B29A7D,id=950a0533-9469-43b5-b9c4-edf7c4baab0a
2019-08-28 06:54:03,388 [main] INFO  impl.RoleInfo (RoleInfo.java:shutdownLeaderState(104)) - 950a0533-9469-43b5-b9c4-edf7c4baab0a: shutdown LeaderState
2019-08-28 06:54:03,392 [main] INFO  impl.PendingRequests (PendingRequests.java:sendNotLeaderResponses(202)) - 950a0533-9469-43b5-b9c4-edf7c4baab0a-PendingRequests: sendNotLeaderResponses
2019-08-28 06:54:03,392 [org.apache.ratis.server.impl.LogAppender$AppenderDaemon$$Lambda$479/1864163761@3f454cb5] WARN  server.GrpcLogAppender (GrpcLogAppender.java:mayWait(143)) - GrpcLogAppender(950a0533-9469-43b5-b9c4-edf7c4baab0a->87fd7076-0834-4f8c-a36e-102ac7fe9c40): Wait interrupted by java.lang.InterruptedException
2019-08-28 06:54:03,392 [org.apache.ratis.server.impl.LogAppender$AppenderDaemon$$Lambda$479/1864163761@7a47cd99] WARN  server.GrpcLogAppender (GrpcLogAppender.java:mayWait(143)) - GrpcLogAppender(950a0533-9469-43b5-b9c4-edf7c4baab0a->f3f62326-8b92-46e7-9f36-b9cac99ba129): Wait interrupted by java.lang.InterruptedException
2019-08-28 06:54:03,397 [StateMachineUpdater:950a0533-9469-43b5-b9c4-edf7c4baab0a:group-FB7DE9B29A7D] INFO  ratis.ContainerStateMachine (ContainerStateMachine.java:takeSnapshot(283)) - group-FB7DE9B29A7D: Taking a snapshot at:(t:1, i:14) file /workdir/hadoop-ozone/integration-test/target/test-dir/MiniOzoneClusterImpl-35d8354e-3007-428c-81c8-adfd2a58d98b/datanode-1/data/ratis/34d552d2-4f61-40b6-b3a4-fb7de9b29a7d/sm/snapshot.1_14
2019-08-28 06:54:03,397 [main] INFO  impl.StateMachineUpdater (StateMachineUpdater.java:stopAndJoin(115)) - StateMachineUpdater:950a0533-9469-43b5-b9c4-edf7c4baab0a:group-FB7DE9B29A7D: set stopIndex = 16
2019-08-28 06:54:03,398 [grpc-default-executor-9] INFO  server.GrpcServerProtocolService (GrpcServerProtocolService.java:onCompleted(104)) - f3f62326-8b92-46e7-9f36-b9cac99ba129: appendEntries completed
2019-08-28 06:54:03,397 [grpc-default-executor-8] INFO  server.GrpcServerProtocolService (GrpcServerProtocolService.java:onCompleted(104)) - 87fd7076-0834-4f8c-a36e-102ac7fe9c40: appendEntries completed
2019-08-28 06:54:03,398 [grpc-default-executor-9] INFO  server.GrpcLogAppender (GrpcLogAppender.java:onCompleted(292)) - 950a0533-9469-43b5-b9c4-edf7c4baab0a->f3f62326-8b92-46e7-9f36-b9cac99ba129: follower responses appendEntries COMPLETED
2019-08-28 06:54:03,399 [grpc-default-executor-8] INFO  server.GrpcLogAppender (GrpcLogAppender.java:onCompleted(292)) - 950a0533-9469-43b5-b9c4-edf7c4baab0a->87fd7076-0834-4f8c-a36e-102ac7fe9c40: follower responses appendEntries COMPLETED
2019-08-28 06:54:03,399 [grpc-default-executor-9] INFO  impl.FollowerInfo (FollowerInfo.java:lambda$new$0(50)) - 950a0533-9469-43b5-b9c4-edf7c4baab0a->f3f62326-8b92-46e7-9f36-b9cac99ba129: nextIndex: updateUnconditionally 17 -> 16
2019-08-28 06:54:03,399 [grpc-default-executor-8] INFO  impl.FollowerInfo (FollowerInfo.java:lambda$new$0(50)) - 950a0533-9469-43b5-b9c4-edf7c4baab0a->87fd7076-0834-4f8c-a36e-102ac7fe9c40: nextIndex: updateUnconditionally 17 -> 16
2019-08-28 06:54:03,408 | INFO  | SCMAudit | user=jenkins1000 | ip=192.168.36.66 | op=SEND_HEARTBEAT {datanodeUUID=e7706eca-30e7-4076-96c5-867c4236a33c, command=[]} | ret=SUCCESS |  
2019-08-28 06:54:03,411 [StateMachineUpdater:950a0533-9469-43b5-b9c4-edf7c4baab0a:group-FB7DE9B29A7D] INFO  ratis.ContainerStateMachine (ContainerStateMachine.java:takeSnapshot(294)) - group-FB7DE9B29A7D: Finished taking a snapshot at:(t:1, i:14) file:/workdir/hadoop-ozone/integration-test/target/test-dir/MiniOzoneClusterImpl-35d8354e-3007-428c-81c8-adfd2a58d98b/datanode-1/data/ratis/34d552d2-4f61-40b6-b3a4-fb7de9b29a7d/sm/snapshot.1_14 time:14
2019-08-28 06:54:03,411 [StateMachineUpdater:950a0533-9469-43b5-b9c4-edf7c4baab0a:group-FB7DE9B29A7D] INFO  impl.StateMachineUpdater (StateMachineUpdater.java:takeSnapshot(242)) - StateMachineUpdater:950a0533-9469-43b5-b9c4-edf7c4baab0a:group-FB7DE9B29A7D: Took a snapshot at index 14
2019-08-28 06:54:03,411 [StateMachineUpdater:950a0533-9469-43b5-b9c4-edf7c4baab0a:group-FB7DE9B29A7D] INFO  impl.StateMachineUpdater (StateMachineUpdater.java:lambda$new$0(80)) - StateMachineUpdater:950a0533-9469-43b5-b9c4-edf7c4baab0a:group-FB7DE9B29A7D: snapshotIndex: updateIncreasingly -1 -> 14
2019-08-28 06:54:03,411 [main] INFO  impl.RaftServerImpl (ServerState.java:close(394)) - 950a0533-9469-43b5-b9c4-edf7c4baab0a:group-FB7DE9B29A7D closes. The last applied log index is 16
2019-08-28 06:54:03,412 [950a0533-9469-43b5-b9c4-edf7c4baab0a-SegmentedRaftLogWorker:Storage Directory /workdir/hadoop-ozone/integration-test/target/test-dir/MiniOzoneClusterImpl-35d8354e-3007-428c-81c8-adfd2a58d98b/datanode-1/data/ratis/34d552d2-4f61-40b6-b3a4-fb7de9b29a7d] INFO  segmented.SegmentedRaftLogWorker (SegmentedRaftLogWorker.java:run(313)) - 950a0533-9469-43b5-b9c4-edf7c4baab0a-SegmentedRaftLogWorker:Storage Directory /workdir/hadoop-ozone/integration-test/target/test-dir/MiniOzoneClusterImpl-35d8354e-3007-428c-81c8-adfd2a58d98b/datanode-1/data/ratis/34d552d2-4f61-40b6-b3a4-fb7de9b29a7d was interrupted, exiting. There are 0 tasks remaining in the queue.
2019-08-28 06:54:03,414 [main] INFO  segmented.SegmentedRaftLogWorker (SegmentedRaftLogWorker.java:close(228)) - 950a0533-9469-43b5-b9c4-edf7c4baab0a-SegmentedRaftLogWorker:Storage Directory /workdir/hadoop-ozone/integration-test/target/test-dir/MiniOzoneClusterImpl-35d8354e-3007-428c-81c8-adfd2a58d98b/datanode-1/data/ratis/34d552d2-4f61-40b6-b3a4-fb7de9b29a7d close()
2019-08-28 06:54:03,418 [main] INFO  server.GrpcService (GrpcService.java:closeImpl(155)) - 950a0533-9469-43b5-b9c4-edf7c4baab0a: shutdown server with port 44256 now
2019-08-28 06:54:03,419 [grpc-default-executor-9] WARN  client.GrpcClientProtocolService (LogUtils.java:warn(134)) - 3-UnorderedRequestStreamObserver3: onError: org.apache.ratis.thirdparty.io.grpc.StatusRuntimeException: CANCELLED: cancelled before receiving half close
2019-08-28 06:54:03,419 [main] INFO  server.GrpcService (GrpcService.java:closeImpl(163)) - 950a0533-9469-43b5-b9c4-edf7c4baab0a: shutdown server with port 44256 successfully
2019-08-28 06:54:03,420 [main] INFO  utils.BackgroundService (BackgroundService.java:shutdown(148)) - Shutting down service BlockDeletingService
2019-08-28 06:54:03,422 [refreshUsed-/workdir/hadoop-ozone/integration-test/target/test-dir/MiniOzoneClusterImpl-35d8354e-3007-428c-81c8-adfd2a58d98b/datanode-1/data/containers] WARN  fs.CachingGetSpaceUsed (CachingGetSpaceUsed.java:run(183)) - Thread Interrupted waiting to refresh disk information: sleep interrupted
2019-08-28 06:54:03,445 [main] INFO  statemachine.DatanodeStateMachine (DatanodeStateMachine.java:stopDaemon(395)) - Ozone container server stopped.
2019-08-28 06:54:03,446 [main] INFO  handler.ContextHandler (ContextHandler.java:doStop(910)) - Stopped o.e.j.w.WebAppContext@509bf2d5{/,null,UNAVAILABLE}{/hddsDatanode}
2019-08-28 06:54:03,447 [main] INFO  server.AbstractConnector (AbstractConnector.java:doStop(318)) - Stopped ServerConnector@68823b6b{HTTP/1.1,[http/1.1]}{0.0.0.0:0}
2019-08-28 06:54:03,447 [main] INFO  handler.ContextHandler (ContextHandler.java:doStop(910)) - Stopped o.e.j.s.ServletContextHandler@4d2bcca8{/static,jar:file:/home/user/.m2/repository/org/apache/hadoop/hadoop-hdds-container-service/0.5.0-SNAPSHOT/hadoop-hdds-container-service-0.5.0-SNAPSHOT.jar!/webapps/static,UNAVAILABLE}
2019-08-28 06:54:03,448 [main] INFO  handler.ContextHandler (ContextHandler.java:doStop(910)) - Stopped o.e.j.s.ServletContextHandler@1ced1fb9{/logs,file:///workdir/hadoop-ozone/integration-test/target/log,UNAVAILABLE}
2019-08-28 06:54:03,578 | INFO  | SCMAudit | user=jenkins1000 | ip=192.168.36.66 | op=SEND_HEARTBEAT {datanodeUUID=cb63d383-7845-45fd-aceb-d6b4bea4aee4, command=[]} | ret=SUCCESS |  
2019-08-28 06:54:03,762 | INFO  | SCMAudit | user=jenkins1000 | ip=192.168.36.66 | op=SEND_HEARTBEAT {datanodeUUID=e65f4345-a750-4eee-8a6b-22129dee7a8f, command=[]} | ret=SUCCESS |  
2019-08-28 06:54:03,945 | INFO  | SCMAudit | user=jenkins1000 | ip=192.168.36.66 | op=SEND_HEARTBEAT {datanodeUUID=763fef36-99f7-4ef0-acc1-5c6529809efb, command=[]} | ret=SUCCESS |  
2019-08-28 06:54:04,187 | INFO  | SCMAudit | user=jenkins1000 | ip=192.168.36.66 | op=SEND_HEARTBEAT {datanodeUUID=87fd7076-0834-4f8c-a36e-102ac7fe9c40, command=[commandType: closeContainerCommand closeContainerCommandProto { containerID: 1 pipelineID { id: "34d552d2-4f61-40b6-b3a4-fb7de9b29a7d" } cmdId: 1 force: false } ]} | ret=SUCCESS |  
2019-08-28 06:54:04,188 | INFO  | SCMAudit | user=jenkins1000 | ip=192.168.36.66 | op=SEND_HEARTBEAT {datanodeUUID=f3f62326-8b92-46e7-9f36-b9cac99ba129, command=[commandType: closeContainerCommand closeContainerCommandProto { containerID: 1 pipelineID { id: "34d552d2-4f61-40b6-b3a4-fb7de9b29a7d" } cmdId: 1 force: false } ]} | ret=SUCCESS |  
2019-08-28 06:54:04,408 | INFO  | SCMAudit | user=jenkins1000 | ip=192.168.36.66 | op=SEND_HEARTBEAT {datanodeUUID=e7706eca-30e7-4076-96c5-867c4236a33c, command=[]} | ret=SUCCESS |  
2019-08-28 06:54:04,578 | INFO  | SCMAudit | user=jenkins1000 | ip=192.168.36.66 | op=SEND_HEARTBEAT {datanodeUUID=cb63d383-7845-45fd-aceb-d6b4bea4aee4, command=[]} | ret=SUCCESS |  
2019-08-28 06:54:04,762 | INFO  | SCMAudit | user=jenkins1000 | ip=192.168.36.66 | op=SEND_HEARTBEAT {datanodeUUID=e65f4345-a750-4eee-8a6b-22129dee7a8f, command=[]} | ret=SUCCESS |  
2019-08-28 06:54:04,945 | INFO  | SCMAudit | user=jenkins1000 | ip=192.168.36.66 | op=SEND_HEARTBEAT {datanodeUUID=763fef36-99f7-4ef0-acc1-5c6529809efb, command=[]} | ret=SUCCESS |  
2019-08-28 06:54:05,186 | INFO  | SCMAudit | user=jenkins1000 | ip=192.168.36.66 | op=SEND_HEARTBEAT {datanodeUUID=f3f62326-8b92-46e7-9f36-b9cac99ba129, command=[]} | ret=SUCCESS |  
2019-08-28 06:54:05,186 | INFO  | SCMAudit | user=jenkins1000 | ip=192.168.36.66 | op=SEND_HEARTBEAT {datanodeUUID=87fd7076-0834-4f8c-a36e-102ac7fe9c40, command=[]} | ret=SUCCESS |  
2019-08-28 06:54:05,200 | INFO  | SCMAudit | user=jenkins1000 | ip=192.168.36.66 | op=SEND_HEARTBEAT {datanodeUUID=87fd7076-0834-4f8c-a36e-102ac7fe9c40, command=[]} | ret=SUCCESS |  
2019-08-28 06:54:05,408 | INFO  | SCMAudit | user=jenkins1000 | ip=192.168.36.66 | op=SEND_HEARTBEAT {datanodeUUID=e7706eca-30e7-4076-96c5-867c4236a33c, command=[]} | ret=SUCCESS |  
2019-08-28 06:54:05,460 [grpc-default-executor-8] INFO  client.GrpcClientProtocolClient (GrpcClientProtocolClient.java:onNext(255)) - client-64A74FDBF49F->f3f62326-8b92-46e7-9f36-b9cac99ba129: receive RaftClientReply:client-64A74FDBF49F->f3f62326-8b92-46e7-9f36-b9cac99ba129@group-FB7DE9B29A7D, cid=192, FAILED org.apache.ratis.protocol.NotLeaderException: Server f3f62326-8b92-46e7-9f36-b9cac99ba129 is not the leader (950a0533-9469-43b5-b9c4-edf7c4baab0a:192.168.36.66:44256). Request must be sent to leader., logIndex=0, commits[f3f62326-8b92-46e7-9f36-b9cac99ba129:c16, 950a0533-9469-43b5-b9c4-edf7c4baab0a:c16, 87fd7076-0834-4f8c-a36e-102ac7fe9c40:c16]
2019-08-28 06:54:05,578 | INFO  | SCMAudit | user=jenkins1000 | ip=192.168.36.66 | op=SEND_HEARTBEAT {datanodeUUID=cb63d383-7845-45fd-aceb-d6b4bea4aee4, command=[]} | ret=SUCCESS |  
2019-08-28 06:54:05,762 | INFO  | SCMAudit | user=jenkins1000 | ip=192.168.36.66 | op=SEND_HEARTBEAT {datanodeUUID=e65f4345-a750-4eee-8a6b-22129dee7a8f, command=[]} | ret=SUCCESS |  
2019-08-28 06:54:05,945 | INFO  | SCMAudit | user=jenkins1000 | ip=192.168.36.66 | op=SEND_HEARTBEAT {datanodeUUID=763fef36-99f7-4ef0-acc1-5c6529809efb, command=[]} | ret=SUCCESS |  
2019-08-28 06:54:06,186 | INFO  | SCMAudit | user=jenkins1000 | ip=192.168.36.66 | op=SEND_HEARTBEAT {datanodeUUID=f3f62326-8b92-46e7-9f36-b9cac99ba129, command=[]} | ret=SUCCESS |  
2019-08-28 06:54:06,201 | INFO  | SCMAudit | user=jenkins1000 | ip=192.168.36.66 | op=SEND_HEARTBEAT {datanodeUUID=87fd7076-0834-4f8c-a36e-102ac7fe9c40, command=[]} | ret=SUCCESS |  
2019-08-28 06:54:06,201 | INFO  | SCMAudit | user=jenkins1000 | ip=192.168.36.66 | op=SEND_HEARTBEAT {datanodeUUID=f3f62326-8b92-46e7-9f36-b9cac99ba129, command=[]} | ret=SUCCESS |  
2019-08-28 06:54:06,408 | INFO  | SCMAudit | user=jenkins1000 | ip=192.168.36.66 | op=SEND_HEARTBEAT {datanodeUUID=e7706eca-30e7-4076-96c5-867c4236a33c, command=[]} | ret=SUCCESS |  
2019-08-28 06:54:06,481 [grpc-default-executor-8] INFO  client.GrpcClientProtocolClient (GrpcClientProtocolClient.java:onNext(255)) - client-64A74FDBF49F->87fd7076-0834-4f8c-a36e-102ac7fe9c40: receive RaftClientReply:client-64A74FDBF49F->87fd7076-0834-4f8c-a36e-102ac7fe9c40@group-FB7DE9B29A7D, cid=192, FAILED org.apache.ratis.protocol.NotLeaderException: Server 87fd7076-0834-4f8c-a36e-102ac7fe9c40 is not the leader (950a0533-9469-43b5-b9c4-edf7c4baab0a:192.168.36.66:44256). Request must be sent to leader., logIndex=0, commits[87fd7076-0834-4f8c-a36e-102ac7fe9c40:c16, 950a0533-9469-43b5-b9c4-edf7c4baab0a:c16, f3f62326-8b92-46e7-9f36-b9cac99ba129:c16]
2019-08-28 06:54:06,578 | INFO  | SCMAudit | user=jenkins1000 | ip=192.168.36.66 | op=SEND_HEARTBEAT {datanodeUUID=cb63d383-7845-45fd-aceb-d6b4bea4aee4, command=[]} | ret=SUCCESS |  
2019-08-28 06:54:06,763 | INFO  | SCMAudit | user=jenkins1000 | ip=192.168.36.66 | op=SEND_HEARTBEAT {datanodeUUID=e65f4345-a750-4eee-8a6b-22129dee7a8f, command=[]} | ret=SUCCESS |  
2019-08-28 06:54:06,946 | INFO  | SCMAudit | user=jenkins1000 | ip=192.168.36.66 | op=SEND_HEARTBEAT {datanodeUUID=763fef36-99f7-4ef0-acc1-5c6529809efb, command=[]} | ret=SUCCESS |  
2019-08-28 06:54:07,201 | INFO  | SCMAudit | user=jenkins1000 | ip=192.168.36.66 | op=SEND_HEARTBEAT {datanodeUUID=87fd7076-0834-4f8c-a36e-102ac7fe9c40, command=[]} | ret=SUCCESS |  
2019-08-28 06:54:07,202 | INFO  | SCMAudit | user=jenkins1000 | ip=192.168.36.66 | op=SEND_HEARTBEAT {datanodeUUID=f3f62326-8b92-46e7-9f36-b9cac99ba129, command=[]} | ret=SUCCESS |  
2019-08-28 06:54:07,408 | INFO  | SCMAudit | user=jenkins1000 | ip=192.168.36.66 | op=SEND_HEARTBEAT {datanodeUUID=e7706eca-30e7-4076-96c5-867c4236a33c, command=[]} | ret=SUCCESS |  
2019-08-28 06:54:07,502 [grpc-default-executor-8] INFO  client.GrpcClientProtocolClient (GrpcClientProtocolClient.java:onNext(255)) - client-64A74FDBF49F->f3f62326-8b92-46e7-9f36-b9cac99ba129: receive RaftClientReply:client-64A74FDBF49F->f3f62326-8b92-46e7-9f36-b9cac99ba129@group-FB7DE9B29A7D, cid=192, FAILED org.apache.ratis.protocol.NotLeaderException: Server f3f62326-8b92-46e7-9f36-b9cac99ba129 is not the leader (950a0533-9469-43b5-b9c4-edf7c4baab0a:192.168.36.66:44256). Request must be sent to leader., logIndex=0, commits[f3f62326-8b92-46e7-9f36-b9cac99ba129:c16, 950a0533-9469-43b5-b9c4-edf7c4baab0a:c16, 87fd7076-0834-4f8c-a36e-102ac7fe9c40:c16]
2019-08-28 06:54:07,577 | INFO  | SCMAudit | user=jenkins1000 | ip=192.168.36.66 | op=SEND_HEARTBEAT {datanodeUUID=cb63d383-7845-45fd-aceb-d6b4bea4aee4, command=[]} | ret=SUCCESS |  
2019-08-28 06:54:07,763 | INFO  | SCMAudit | user=jenkins1000 | ip=192.168.36.66 | op=SEND_HEARTBEAT {datanodeUUID=e65f4345-a750-4eee-8a6b-22129dee7a8f, command=[]} | ret=SUCCESS |  
2019-08-28 06:54:07,946 | INFO  | SCMAudit | user=jenkins1000 | ip=192.168.36.66 | op=SEND_HEARTBEAT {datanodeUUID=763fef36-99f7-4ef0-acc1-5c6529809efb, command=[]} | ret=SUCCESS |  
2019-08-28 06:54:08,200 | INFO  | SCMAudit | user=jenkins1000 | ip=192.168.36.66 | op=SEND_HEARTBEAT {datanodeUUID=87fd7076-0834-4f8c-a36e-102ac7fe9c40, command=[]} | ret=SUCCESS |  
2019-08-28 06:54:08,202 | INFO  | SCMAudit | user=jenkins1000 | ip=192.168.36.66 | op=SEND_HEARTBEAT {datanodeUUID=f3f62326-8b92-46e7-9f36-b9cac99ba129, command=[]} | ret=SUCCESS |  
2019-08-28 06:54:08,409 | INFO  | SCMAudit | user=jenkins1000 | ip=192.168.36.66 | op=SEND_HEARTBEAT {datanodeUUID=e7706eca-30e7-4076-96c5-867c4236a33c, command=[]} | ret=SUCCESS |  
2019-08-28 06:54:08,514 [grpc-default-executor-8] INFO  client.GrpcClientProtocolClient (GrpcClientProtocolClient.java:onNext(255)) - client-64A74FDBF49F->87fd7076-0834-4f8c-a36e-102ac7fe9c40: receive RaftClientReply:client-64A74FDBF49F->87fd7076-0834-4f8c-a36e-102ac7fe9c40@group-FB7DE9B29A7D, cid=192, FAILED org.apache.ratis.protocol.NotLeaderException: Server 87fd7076-0834-4f8c-a36e-102ac7fe9c40 is not the leader (950a0533-9469-43b5-b9c4-edf7c4baab0a:192.168.36.66:44256). Request must be sent to leader., logIndex=0, commits[87fd7076-0834-4f8c-a36e-102ac7fe9c40:c16, 950a0533-9469-43b5-b9c4-edf7c4baab0a:c16, f3f62326-8b92-46e7-9f36-b9cac99ba129:c16]
2019-08-28 06:54:08,577 | INFO  | SCMAudit | user=jenkins1000 | ip=192.168.36.66 | op=SEND_HEARTBEAT {datanodeUUID=cb63d383-7845-45fd-aceb-d6b4bea4aee4, command=[]} | ret=SUCCESS |  
2019-08-28 06:54:08,763 | INFO  | SCMAudit | user=jenkins1000 | ip=192.168.36.66 | op=SEND_HEARTBEAT {datanodeUUID=e65f4345-a750-4eee-8a6b-22129dee7a8f, command=[]} | ret=SUCCESS |  
2019-08-28 06:54:08,945 | INFO  | SCMAudit | user=jenkins1000 | ip=192.168.36.66 | op=SEND_HEARTBEAT {datanodeUUID=763fef36-99f7-4ef0-acc1-5c6529809efb, command=[]} | ret=SUCCESS |  
2019-08-28 06:54:09,200 | INFO  | SCMAudit | user=jenkins1000 | ip=192.168.36.66 | op=SEND_HEARTBEAT {datanodeUUID=87fd7076-0834-4f8c-a36e-102ac7fe9c40, command=[]} | ret=SUCCESS |  
2019-08-28 06:54:09,202 | INFO  | SCMAudit | user=jenkins1000 | ip=192.168.36.66 | op=SEND_HEARTBEAT {datanodeUUID=f3f62326-8b92-46e7-9f36-b9cac99ba129, command=[]} | ret=SUCCESS |  
2019-08-28 06:54:09,409 | INFO  | SCMAudit | user=jenkins1000 | ip=192.168.36.66 | op=SEND_HEARTBEAT {datanodeUUID=e7706eca-30e7-4076-96c5-867c4236a33c, command=[]} | ret=SUCCESS |  
2019-08-28 06:54:09,527 [grpc-default-executor-10] INFO  client.GrpcClientProtocolClient (GrpcClientProtocolClient.java:onNext(255)) - client-64A74FDBF49F->f3f62326-8b92-46e7-9f36-b9cac99ba129: receive RaftClientReply:client-64A74FDBF49F->f3f62326-8b92-46e7-9f36-b9cac99ba129@group-FB7DE9B29A7D, cid=192, FAILED org.apache.ratis.protocol.NotLeaderException: Server f3f62326-8b92-46e7-9f36-b9cac99ba129 is not the leader (950a0533-9469-43b5-b9c4-edf7c4baab0a:192.168.36.66:44256). Request must be sent to leader., logIndex=0, commits[f3f62326-8b92-46e7-9f36-b9cac99ba129:c16, 950a0533-9469-43b5-b9c4-edf7c4baab0a:c16, 87fd7076-0834-4f8c-a36e-102ac7fe9c40:c16]
2019-08-28 06:54:09,577 | INFO  | SCMAudit | user=jenkins1000 | ip=192.168.36.66 | op=SEND_HEARTBEAT {datanodeUUID=cb63d383-7845-45fd-aceb-d6b4bea4aee4, command=[]} | ret=SUCCESS |  
2019-08-28 06:54:09,762 | INFO  | SCMAudit | user=jenkins1000 | ip=192.168.36.66 | op=SEND_HEARTBEAT {datanodeUUID=e65f4345-a750-4eee-8a6b-22129dee7a8f, command=[]} | ret=SUCCESS |  
2019-08-28 06:54:09,946 | INFO  | SCMAudit | user=jenkins1000 | ip=192.168.36.66 | op=SEND_HEARTBEAT {datanodeUUID=763fef36-99f7-4ef0-acc1-5c6529809efb, command=[]} | ret=SUCCESS |  
2019-08-28 06:54:10,200 | INFO  | SCMAudit | user=jenkins1000 | ip=192.168.36.66 | op=SEND_HEARTBEAT {datanodeUUID=87fd7076-0834-4f8c-a36e-102ac7fe9c40, command=[]} | ret=SUCCESS |  
2019-08-28 06:54:10,202 | INFO  | SCMAudit | user=jenkins1000 | ip=192.168.36.66 | op=SEND_HEARTBEAT {datanodeUUID=f3f62326-8b92-46e7-9f36-b9cac99ba129, command=[]} | ret=SUCCESS |  
2019-08-28 06:54:10,409 | INFO  | SCMAudit | user=jenkins1000 | ip=192.168.36.66 | op=SEND_HEARTBEAT {datanodeUUID=e7706eca-30e7-4076-96c5-867c4236a33c, command=[]} | ret=SUCCESS |  
2019-08-28 06:54:10,539 [grpc-default-executor-9] INFO  client.GrpcClientProtocolClient (GrpcClientProtocolClient.java:onNext(255)) - client-64A74FDBF49F->87fd7076-0834-4f8c-a36e-102ac7fe9c40: receive RaftClientReply:client-64A74FDBF49F->87fd7076-0834-4f8c-a36e-102ac7fe9c40@group-FB7DE9B29A7D, cid=192, FAILED org.apache.ratis.protocol.NotLeaderException: Server 87fd7076-0834-4f8c-a36e-102ac7fe9c40 is not the leader (950a0533-9469-43b5-b9c4-edf7c4baab0a:192.168.36.66:44256). Request must be sent to leader., logIndex=0, commits[87fd7076-0834-4f8c-a36e-102ac7fe9c40:c16, 950a0533-9469-43b5-b9c4-edf7c4baab0a:c16, f3f62326-8b92-46e7-9f36-b9cac99ba129:c16]
2019-08-28 06:54:10,577 | INFO  | SCMAudit | user=jenkins1000 | ip=192.168.36.66 | op=SEND_HEARTBEAT {datanodeUUID=cb63d383-7845-45fd-aceb-d6b4bea4aee4, command=[]} | ret=SUCCESS |  
2019-08-28 06:54:10,763 | INFO  | SCMAudit | user=jenkins1000 | ip=192.168.36.66 | op=SEND_HEARTBEAT {datanodeUUID=e65f4345-a750-4eee-8a6b-22129dee7a8f, command=[]} | ret=SUCCESS |  
2019-08-28 06:54:10,946 | INFO  | SCMAudit | user=jenkins1000 | ip=192.168.36.66 | op=SEND_HEARTBEAT {datanodeUUID=763fef36-99f7-4ef0-acc1-5c6529809efb, command=[]} | ret=SUCCESS |  
2019-08-28 06:54:11,200 | INFO  | SCMAudit | user=jenkins1000 | ip=192.168.36.66 | op=SEND_HEARTBEAT {datanodeUUID=87fd7076-0834-4f8c-a36e-102ac7fe9c40, command=[]} | ret=SUCCESS |  
2019-08-28 06:54:11,202 | INFO  | SCMAudit | user=jenkins1000 | ip=192.168.36.66 | op=SEND_HEARTBEAT {datanodeUUID=f3f62326-8b92-46e7-9f36-b9cac99ba129, command=[]} | ret=SUCCESS |  
2019-08-28 06:54:11,408 | INFO  | SCMAudit | user=jenkins1000 | ip=192.168.36.66 | op=SEND_HEARTBEAT {datanodeUUID=e7706eca-30e7-4076-96c5-867c4236a33c, command=[]} | ret=SUCCESS |  
2019-08-28 06:54:11,550 [grpc-default-executor-8] INFO  client.GrpcClientProtocolClient (GrpcClientProtocolClient.java:onNext(255)) - client-64A74FDBF49F->87fd7076-0834-4f8c-a36e-102ac7fe9c40: receive RaftClientReply:client-64A74FDBF49F->87fd7076-0834-4f8c-a36e-102ac7fe9c40@group-FB7DE9B29A7D, cid=192, FAILED org.apache.ratis.protocol.NotLeaderException: Server 87fd7076-0834-4f8c-a36e-102ac7fe9c40 is not the leader (950a0533-9469-43b5-b9c4-edf7c4baab0a:192.168.36.66:44256). Request must be sent to leader., logIndex=0, commits[87fd7076-0834-4f8c-a36e-102ac7fe9c40:c16, 950a0533-9469-43b5-b9c4-edf7c4baab0a:c16, f3f62326-8b92-46e7-9f36-b9cac99ba129:c16]
2019-08-28 06:54:11,577 | INFO  | SCMAudit | user=jenkins1000 | ip=192.168.36.66 | op=SEND_HEARTBEAT {datanodeUUID=cb63d383-7845-45fd-aceb-d6b4bea4aee4, command=[]} | ret=SUCCESS |  
2019-08-28 06:54:11,763 | INFO  | SCMAudit | user=jenkins1000 | ip=192.168.36.66 | op=SEND_HEARTBEAT {datanodeUUID=e65f4345-a750-4eee-8a6b-22129dee7a8f, command=[]} | ret=SUCCESS |  
2019-08-28 06:54:11,946 | INFO  | SCMAudit | user=jenkins1000 | ip=192.168.36.66 | op=SEND_HEARTBEAT {datanodeUUID=763fef36-99f7-4ef0-acc1-5c6529809efb, command=[]} | ret=SUCCESS |  
2019-08-28 06:54:12,201 | INFO  | SCMAudit | user=jenkins1000 | ip=192.168.36.66 | op=SEND_HEARTBEAT {datanodeUUID=87fd7076-0834-4f8c-a36e-102ac7fe9c40, command=[]} | ret=SUCCESS |  
2019-08-28 06:54:12,202 | INFO  | SCMAudit | user=jenkins1000 | ip=192.168.36.66 | op=SEND_HEARTBEAT {datanodeUUID=f3f62326-8b92-46e7-9f36-b9cac99ba129, command=[]} | ret=SUCCESS |  
2019-08-28 06:54:12,408 | INFO  | SCMAudit | user=jenkins1000 | ip=192.168.36.66 | op=SEND_HEARTBEAT {datanodeUUID=e7706eca-30e7-4076-96c5-867c4236a33c, command=[]} | ret=SUCCESS |  
2019-08-28 06:54:12,561 [grpc-default-executor-10] INFO  client.GrpcClientProtocolClient (GrpcClientProtocolClient.java:onNext(255)) - client-64A74FDBF49F->87fd7076-0834-4f8c-a36e-102ac7fe9c40: receive RaftClientReply:client-64A74FDBF49F->87fd7076-0834-4f8c-a36e-102ac7fe9c40@group-FB7DE9B29A7D, cid=192, FAILED org.apache.ratis.protocol.NotLeaderException: Server 87fd7076-0834-4f8c-a36e-102ac7fe9c40 is not the leader (950a0533-9469-43b5-b9c4-edf7c4baab0a:192.168.36.66:44256). Request must be sent to leader., logIndex=0, commits[87fd7076-0834-4f8c-a36e-102ac7fe9c40:c16, 950a0533-9469-43b5-b9c4-edf7c4baab0a:c16, f3f62326-8b92-46e7-9f36-b9cac99ba129:c16]
2019-08-28 06:54:12,577 | INFO  | SCMAudit | user=jenkins1000 | ip=192.168.36.66 | op=SEND_HEARTBEAT {datanodeUUID=cb63d383-7845-45fd-aceb-d6b4bea4aee4, command=[]} | ret=SUCCESS |  
2019-08-28 06:54:12,601 [Thread-3559] INFO  impl.FollowerState (FollowerState.java:run(106)) - f3f62326-8b92-46e7-9f36-b9cac99ba129:group-FB7DE9B29A7D changes to CANDIDATE, lastRpcTime:9225, electionTimeout:5147ms
2019-08-28 06:54:12,601 [Thread-3559] INFO  impl.RoleInfo (RoleInfo.java:shutdownFollowerState(121)) - f3f62326-8b92-46e7-9f36-b9cac99ba129: shutdown FollowerState
2019-08-28 06:54:12,601 [Thread-3559] INFO  impl.RaftServerImpl (RaftServerImpl.java:setRole(171)) - f3f62326-8b92-46e7-9f36-b9cac99ba129:group-FB7DE9B29A7D changes role from FOLLOWER to CANDIDATE at term 1 for changeToCandidate
2019-08-28 06:54:12,601 [Thread-3559] INFO  impl.RoleInfo (RoleInfo.java:updateAndGet(143)) - f3f62326-8b92-46e7-9f36-b9cac99ba129: start LeaderElection
2019-08-28 06:54:12,604 [f3f62326-8b92-46e7-9f36-b9cac99ba129:group-FB7DE9B29A7D:LeaderElection71] INFO  impl.RaftServerImpl (ServerState.java:setLeader(263)) - f3f62326-8b92-46e7-9f36-b9cac99ba129:group-FB7DE9B29A7D change Leader from 950a0533-9469-43b5-b9c4-edf7c4baab0a to null at term 1 for initElection
2019-08-28 06:54:12,618 [f3f62326-8b92-46e7-9f36-b9cac99ba129:group-FB7DE9B29A7D:LeaderElection71] INFO  impl.LeaderElection (LeaderElection.java:askForVotes(181)) - f3f62326-8b92-46e7-9f36-b9cac99ba129:group-FB7DE9B29A7D:LeaderElection71: begin an election at term 2 for 0: [950a0533-9469-43b5-b9c4-edf7c4baab0a:192.168.36.66:44256, f3f62326-8b92-46e7-9f36-b9cac99ba129:192.168.36.66:37859, 87fd7076-0834-4f8c-a36e-102ac7fe9c40:192.168.36.66:36836], old=null
2019-08-28 06:54:12,620 [f3f62326-8b92-46e7-9f36-b9cac99ba129:group-FB7DE9B29A7D:LeaderElection71] INFO  impl.LeaderElection (LogUtils.java:infoOrTrace(149)) - f3f62326-8b92-46e7-9f36-b9cac99ba129:group-FB7DE9B29A7D:LeaderElection71 got exception when requesting votes: {}
java.util.concurrent.ExecutionException: org.apache.ratis.thirdparty.io.grpc.StatusRuntimeException: UNAVAILABLE: io exception
	at java.util.concurrent.FutureTask.report(FutureTask.java:122)
	at java.util.concurrent.FutureTask.get(FutureTask.java:192)
	at org.apache.ratis.server.impl.LeaderElection.waitForResults(LeaderElection.java:262)
	at org.apache.ratis.server.impl.LeaderElection.askForVotes(LeaderElection.java:200)
	at org.apache.ratis.server.impl.LeaderElection.run(LeaderElection.java:130)
	at java.lang.Thread.run(Thread.java:748)
Caused by: org.apache.ratis.thirdparty.io.grpc.StatusRuntimeException: UNAVAILABLE: io exception
	at org.apache.ratis.thirdparty.io.grpc.stub.ClientCalls.toStatusRuntimeException(ClientCalls.java:233)
	at org.apache.ratis.thirdparty.io.grpc.stub.ClientCalls.getUnchecked(ClientCalls.java:214)
	at org.apache.ratis.thirdparty.io.grpc.stub.ClientCalls.blockingUnaryCall(ClientCalls.java:139)
	at org.apache.ratis.proto.grpc.RaftServerProtocolServiceGrpc$RaftServerProtocolServiceBlockingStub.requestVote(RaftServerProtocolServiceGrpc.java:265)
	at org.apache.ratis.grpc.server.GrpcServerProtocolClient.requestVote(GrpcServerProtocolClient.java:83)
	at org.apache.ratis.grpc.server.GrpcService.requestVote(GrpcService.java:195)
	at org.apache.ratis.server.impl.LeaderElection.lambda$submitRequests$1(LeaderElection.java:237)
	at java.util.concurrent.FutureTask.run(FutureTask.java:266)
	at java.util.concurrent.Executors$RunnableAdapter.call(Executors.java:511)
	at java.util.concurrent.FutureTask.run(FutureTask.java:266)
	at java.util.concurrent.ThreadPoolExecutor.runWorker(ThreadPoolExecutor.java:1149)
	at java.util.concurrent.ThreadPoolExecutor$Worker.run(ThreadPoolExecutor.java:624)
	... 1 more
Caused by: org.apache.ratis.thirdparty.io.netty.channel.AbstractChannel$AnnotatedConnectException: Connection refused: /192.168.36.66:44256
	at sun.nio.ch.SocketChannelImpl.checkConnect(Native Method)
	at sun.nio.ch.SocketChannelImpl.finishConnect(SocketChannelImpl.java:717)
	at org.apache.ratis.thirdparty.io.netty.channel.socket.nio.NioSocketChannel.doFinishConnect(NioSocketChannel.java:327)
	at org.apache.ratis.thirdparty.io.netty.channel.nio.AbstractNioChannel$AbstractNioUnsafe.finishConnect(AbstractNioChannel.java:340)
	at org.apache.ratis.thirdparty.io.netty.channel.nio.NioEventLoop.processSelectedKey(NioEventLoop.java:632)
	at org.apache.ratis.thirdparty.io.netty.channel.nio.NioEventLoop.processSelectedKeysOptimized(NioEventLoop.java:579)
	at org.apache.ratis.thirdparty.io.netty.channel.nio.NioEventLoop.processSelectedKeys(NioEventLoop.java:496)
	at org.apache.ratis.thirdparty.io.netty.channel.nio.NioEventLoop.run(NioEventLoop.java:458)
	at org.apache.ratis.thirdparty.io.netty.util.concurrent.SingleThreadEventExecutor$5.run(SingleThreadEventExecutor.java:897)
	at org.apache.ratis.thirdparty.io.netty.util.concurrent.FastThreadLocalRunnable.run(FastThreadLocalRunnable.java:30)
	... 1 more
Caused by: java.net.ConnectException: Connection refused
	... 11 more
2019-08-28 06:54:12,624 [grpc-default-executor-8] INFO  impl.RaftServerImpl (ServerState.java:setLeader(263)) - 87fd7076-0834-4f8c-a36e-102ac7fe9c40:group-FB7DE9B29A7D change Leader from 950a0533-9469-43b5-b9c4-edf7c4baab0a to null at term 2 for updateCurrentTerm
2019-08-28 06:54:12,625 [grpc-default-executor-8] INFO  impl.RaftServerImpl (RaftServerImpl.java:setRole(171)) - 87fd7076-0834-4f8c-a36e-102ac7fe9c40:group-FB7DE9B29A7D changes role from FOLLOWER to FOLLOWER at term 2 for recognizeCandidate:f3f62326-8b92-46e7-9f36-b9cac99ba129
2019-08-28 06:54:12,625 [grpc-default-executor-8] INFO  impl.RoleInfo (RoleInfo.java:shutdownFollowerState(121)) - 87fd7076-0834-4f8c-a36e-102ac7fe9c40: shutdown FollowerState
2019-08-28 06:54:12,625 [grpc-default-executor-8] INFO  impl.RoleInfo (RoleInfo.java:updateAndGet(143)) - 87fd7076-0834-4f8c-a36e-102ac7fe9c40: start FollowerState
2019-08-28 06:54:12,625 [Thread-3560] INFO  impl.FollowerState (FollowerState.java:run(114)) - 87fd7076-0834-4f8c-a36e-102ac7fe9c40: FollowerState was interrupted: java.lang.InterruptedException: sleep interrupted
2019-08-28 06:54:12,642 [f3f62326-8b92-46e7-9f36-b9cac99ba129:group-FB7DE9B29A7D:LeaderElection71] INFO  impl.LeaderElection (LeaderElection.java:logAndReturn(56)) - f3f62326-8b92-46e7-9f36-b9cac99ba129:group-FB7DE9B29A7D:LeaderElection71: Election PASSED; received 1 response(s) [f3f62326-8b92-46e7-9f36-b9cac99ba129<-87fd7076-0834-4f8c-a36e-102ac7fe9c40#0:OK-t2] and 1 exception(s); f3f62326-8b92-46e7-9f36-b9cac99ba129:t2, leader=null, voted=f3f62326-8b92-46e7-9f36-b9cac99ba129, raftlog=f3f62326-8b92-46e7-9f36-b9cac99ba129-SegmentedRaftLog:OPENED:c16,f16,i16, conf=0: [950a0533-9469-43b5-b9c4-edf7c4baab0a:192.168.36.66:44256, f3f62326-8b92-46e7-9f36-b9cac99ba129:192.168.36.66:37859, 87fd7076-0834-4f8c-a36e-102ac7fe9c40:192.168.36.66:36836], old=null
2019-08-28 06:54:12,643 [f3f62326-8b92-46e7-9f36-b9cac99ba129:group-FB7DE9B29A7D:LeaderElection71] INFO  impl.LeaderElection (LogUtils.java:infoOrTrace(149)) -   Exception 0: {}
java.util.concurrent.ExecutionException: org.apache.ratis.thirdparty.io.grpc.StatusRuntimeException: UNAVAILABLE: io exception
	at java.util.concurrent.FutureTask.report(FutureTask.java:122)
	at java.util.concurrent.FutureTask.get(FutureTask.java:192)
	at org.apache.ratis.server.impl.LeaderElection.waitForResults(LeaderElection.java:262)
	at org.apache.ratis.server.impl.LeaderElection.askForVotes(LeaderElection.java:200)
	at org.apache.ratis.server.impl.LeaderElection.run(LeaderElection.java:130)
	at java.lang.Thread.run(Thread.java:748)
Caused by: org.apache.ratis.thirdparty.io.grpc.StatusRuntimeException: UNAVAILABLE: io exception
	at org.apache.ratis.thirdparty.io.grpc.stub.ClientCalls.toStatusRuntimeException(ClientCalls.java:233)
	at org.apache.ratis.thirdparty.io.grpc.stub.ClientCalls.getUnchecked(ClientCalls.java:214)
	at org.apache.ratis.thirdparty.io.grpc.stub.ClientCalls.blockingUnaryCall(ClientCalls.java:139)
	at org.apache.ratis.proto.grpc.RaftServerProtocolServiceGrpc$RaftServerProtocolServiceBlockingStub.requestVote(RaftServerProtocolServiceGrpc.java:265)
	at org.apache.ratis.grpc.server.GrpcServerProtocolClient.requestVote(GrpcServerProtocolClient.java:83)
	at org.apache.ratis.grpc.server.GrpcService.requestVote(GrpcService.java:195)
	at org.apache.ratis.server.impl.LeaderElection.lambda$submitRequests$1(LeaderElection.java:237)
	at java.util.concurrent.FutureTask.run(FutureTask.java:266)
	at java.util.concurrent.Executors$RunnableAdapter.call(Executors.java:511)
	at java.util.concurrent.FutureTask.run(FutureTask.java:266)
	at java.util.concurrent.ThreadPoolExecutor.runWorker(ThreadPoolExecutor.java:1149)
	at java.util.concurrent.ThreadPoolExecutor$Worker.run(ThreadPoolExecutor.java:624)
	... 1 more
Caused by: org.apache.ratis.thirdparty.io.netty.channel.AbstractChannel$AnnotatedConnectException: Connection refused: /192.168.36.66:44256
	at sun.nio.ch.SocketChannelImpl.checkConnect(Native Method)
	at sun.nio.ch.SocketChannelImpl.finishConnect(SocketChannelImpl.java:717)
	at org.apache.ratis.thirdparty.io.netty.channel.socket.nio.NioSocketChannel.doFinishConnect(NioSocketChannel.java:327)
	at org.apache.ratis.thirdparty.io.netty.channel.nio.AbstractNioChannel$AbstractNioUnsafe.finishConnect(AbstractNioChannel.java:340)
	at org.apache.ratis.thirdparty.io.netty.channel.nio.NioEventLoop.processSelectedKey(NioEventLoop.java:632)
	at org.apache.ratis.thirdparty.io.netty.channel.nio.NioEventLoop.processSelectedKeysOptimized(NioEventLoop.java:579)
	at org.apache.ratis.thirdparty.io.netty.channel.nio.NioEventLoop.processSelectedKeys(NioEventLoop.java:496)
	at org.apache.ratis.thirdparty.io.netty.channel.nio.NioEventLoop.run(NioEventLoop.java:458)
	at org.apache.ratis.thirdparty.io.netty.util.concurrent.SingleThreadEventExecutor$5.run(SingleThreadEventExecutor.java:897)
	at org.apache.ratis.thirdparty.io.netty.util.concurrent.FastThreadLocalRunnable.run(FastThreadLocalRunnable.java:30)
	... 1 more
Caused by: java.net.ConnectException: Connection refused
	... 11 more
2019-08-28 06:54:12,643 [f3f62326-8b92-46e7-9f36-b9cac99ba129:group-FB7DE9B29A7D:LeaderElection71] INFO  impl.RoleInfo (RoleInfo.java:shutdownLeaderElection(134)) - f3f62326-8b92-46e7-9f36-b9cac99ba129: shutdown LeaderElection
2019-08-28 06:54:12,643 [f3f62326-8b92-46e7-9f36-b9cac99ba129:group-FB7DE9B29A7D:LeaderElection71] INFO  impl.RaftServerImpl (RaftServerImpl.java:setRole(171)) - f3f62326-8b92-46e7-9f36-b9cac99ba129:group-FB7DE9B29A7D changes role from CANDIDATE to LEADER at term 2 for changeToLeader
2019-08-28 06:54:12,643 [f3f62326-8b92-46e7-9f36-b9cac99ba129:group-FB7DE9B29A7D:LeaderElection71] INFO  impl.RaftServerImpl (ServerState.java:setLeader(263)) - f3f62326-8b92-46e7-9f36-b9cac99ba129:group-FB7DE9B29A7D change Leader from null to f3f62326-8b92-46e7-9f36-b9cac99ba129 at term 2 for becomeLeader, leader elected after 39ms
2019-08-28 06:54:12,644 [f3f62326-8b92-46e7-9f36-b9cac99ba129:group-FB7DE9B29A7D:LeaderElection71] INFO  server.RaftServerConfigKeys (ConfUtils.java:logGet(43)) - raft.server.staging.catchup.gap = 1000 (default)
2019-08-28 06:54:12,644 [f3f62326-8b92-46e7-9f36-b9cac99ba129:group-FB7DE9B29A7D:LeaderElection71] INFO  server.RaftServerConfigKeys (ConfUtils.java:logGet(43)) - raft.server.rpc.sleep.time = 25ms (default)
2019-08-28 06:54:12,644 [f3f62326-8b92-46e7-9f36-b9cac99ba129:group-FB7DE9B29A7D:LeaderElection71] INFO  server.RaftServerConfigKeys (ConfUtils.java:logGet(43)) - raft.server.write.element-limit = 4096 (default)
2019-08-28 06:54:12,644 [f3f62326-8b92-46e7-9f36-b9cac99ba129:group-FB7DE9B29A7D:LeaderElection71] INFO  server.RaftServerConfigKeys (ConfUtils.java:logGet(43)) - raft.server.watch.timeout = 10s (default)
2019-08-28 06:54:12,644 [f3f62326-8b92-46e7-9f36-b9cac99ba129:group-FB7DE9B29A7D:LeaderElection71] INFO  server.RaftServerConfigKeys (ConfUtils.java:logGet(43)) - raft.server.watch.timeout.denomination = 1s (default)
2019-08-28 06:54:12,644 [f3f62326-8b92-46e7-9f36-b9cac99ba129:group-FB7DE9B29A7D:LeaderElection71] INFO  server.RaftServerConfigKeys (ConfUtils.java:logGet(43)) - raft.server.watch.element-limit = 65536 (default)
2019-08-28 06:54:12,645 [f3f62326-8b92-46e7-9f36-b9cac99ba129:group-FB7DE9B29A7D:LeaderElection71] INFO  server.RaftServerConfigKeys (ConfUtils.java:logGet(43)) - raft.server.log.appender.snapshot.chunk.size.max = 16MB (=16777216) (default)
2019-08-28 06:54:12,645 [f3f62326-8b92-46e7-9f36-b9cac99ba129:group-FB7DE9B29A7D:LeaderElection71] INFO  server.RaftServerConfigKeys (ConfUtils.java:logGet(43)) - raft.server.log.appender.buffer.byte-limit = 33554432 (custom)
2019-08-28 06:54:12,645 [f3f62326-8b92-46e7-9f36-b9cac99ba129:group-FB7DE9B29A7D:LeaderElection71] INFO  server.RaftServerConfigKeys (ConfUtils.java:logGet(43)) - raft.server.log.appender.buffer.element-limit = 1 (custom)
2019-08-28 06:54:12,645 [f3f62326-8b92-46e7-9f36-b9cac99ba129:group-FB7DE9B29A7D:LeaderElection71] INFO  grpc.GrpcConfigKeys$Server (ConfUtils.java:logGet(43)) - raft.grpc.server.leader.outstanding.appends.max = 128 (default)
2019-08-28 06:54:12,645 [f3f62326-8b92-46e7-9f36-b9cac99ba129:group-FB7DE9B29A7D:LeaderElection71] INFO  server.RaftServerConfigKeys (ConfUtils.java:logGet(43)) - raft.server.rpc.request.timeout = 3000ms (default)
2019-08-28 06:54:12,646 [f3f62326-8b92-46e7-9f36-b9cac99ba129:group-FB7DE9B29A7D:LeaderElection71] INFO  server.RaftServerConfigKeys (ConfUtils.java:logGet(43)) - raft.server.log.appender.install.snapshot.enabled = false (custom)
2019-08-28 06:54:12,646 [f3f62326-8b92-46e7-9f36-b9cac99ba129:group-FB7DE9B29A7D:LeaderElection71] INFO  server.RaftServerConfigKeys (ConfUtils.java:logGet(43)) - raft.server.log.appender.snapshot.chunk.size.max = 16MB (=16777216) (default)
2019-08-28 06:54:12,646 [f3f62326-8b92-46e7-9f36-b9cac99ba129:group-FB7DE9B29A7D:LeaderElection71] INFO  server.RaftServerConfigKeys (ConfUtils.java:logGet(43)) - raft.server.log.appender.buffer.byte-limit = 33554432 (custom)
2019-08-28 06:54:12,646 [f3f62326-8b92-46e7-9f36-b9cac99ba129:group-FB7DE9B29A7D:LeaderElection71] INFO  server.RaftServerConfigKeys (ConfUtils.java:logGet(43)) - raft.server.log.appender.buffer.element-limit = 1 (custom)
2019-08-28 06:54:12,646 [f3f62326-8b92-46e7-9f36-b9cac99ba129:group-FB7DE9B29A7D:LeaderElection71] INFO  grpc.GrpcConfigKeys$Server (ConfUtils.java:logGet(43)) - raft.grpc.server.leader.outstanding.appends.max = 128 (default)
2019-08-28 06:54:12,646 [f3f62326-8b92-46e7-9f36-b9cac99ba129:group-FB7DE9B29A7D:LeaderElection71] INFO  server.RaftServerConfigKeys (ConfUtils.java:logGet(43)) - raft.server.rpc.request.timeout = 3000ms (default)
2019-08-28 06:54:12,647 [f3f62326-8b92-46e7-9f36-b9cac99ba129:group-FB7DE9B29A7D:LeaderElection71] INFO  server.RaftServerConfigKeys (ConfUtils.java:logGet(43)) - raft.server.log.appender.install.snapshot.enabled = false (custom)
2019-08-28 06:54:12,647 [f3f62326-8b92-46e7-9f36-b9cac99ba129:group-FB7DE9B29A7D:LeaderElection71] INFO  impl.RoleInfo (RoleInfo.java:updateAndGet(143)) - f3f62326-8b92-46e7-9f36-b9cac99ba129: start LeaderState
2019-08-28 06:54:12,647 [f3f62326-8b92-46e7-9f36-b9cac99ba129:group-FB7DE9B29A7D:LeaderElection71] INFO  segmented.SegmentedRaftLogWorker (SegmentedRaftLogWorker.java:rollLogSegment(385)) - f3f62326-8b92-46e7-9f36-b9cac99ba129-SegmentedRaftLogWorker:Storage Directory /workdir/hadoop-ozone/integration-test/target/test-dir/MiniOzoneClusterImpl-35d8354e-3007-428c-81c8-adfd2a58d98b/datanode-0/data/ratis/34d552d2-4f61-40b6-b3a4-fb7de9b29a7d: Rolling segment log-0_16 to index:16
2019-08-28 06:54:12,650 [f3f62326-8b92-46e7-9f36-b9cac99ba129:group-FB7DE9B29A7D:LeaderElection71] INFO  impl.RaftServerImpl (ServerState.java:setRaftConf(361)) - f3f62326-8b92-46e7-9f36-b9cac99ba129:group-FB7DE9B29A7D set configuration 17: [950a0533-9469-43b5-b9c4-edf7c4baab0a:192.168.36.66:44256, f3f62326-8b92-46e7-9f36-b9cac99ba129:192.168.36.66:37859, 87fd7076-0834-4f8c-a36e-102ac7fe9c40:192.168.36.66:36836], old=null at 17
2019-08-28 06:54:12,650 [f3f62326-8b92-46e7-9f36-b9cac99ba129-SegmentedRaftLogWorker:Storage Directory /workdir/hadoop-ozone/integration-test/target/test-dir/MiniOzoneClusterImpl-35d8354e-3007-428c-81c8-adfd2a58d98b/datanode-0/data/ratis/34d552d2-4f61-40b6-b3a4-fb7de9b29a7d] INFO  segmented.SegmentedRaftLogWorker (SegmentedRaftLogWorker.java:execute(526)) - f3f62326-8b92-46e7-9f36-b9cac99ba129-SegmentedRaftLogWorker:Storage Directory /workdir/hadoop-ozone/integration-test/target/test-dir/MiniOzoneClusterImpl-35d8354e-3007-428c-81c8-adfd2a58d98b/datanode-0/data/ratis/34d552d2-4f61-40b6-b3a4-fb7de9b29a7d: Rolled log segment from /workdir/hadoop-ozone/integration-test/target/test-dir/MiniOzoneClusterImpl-35d8354e-3007-428c-81c8-adfd2a58d98b/datanode-0/data/ratis/34d552d2-4f61-40b6-b3a4-fb7de9b29a7d/current/log_inprogress_0 to /workdir/hadoop-ozone/integration-test/target/test-dir/MiniOzoneClusterImpl-35d8354e-3007-428c-81c8-adfd2a58d98b/datanode-0/data/ratis/34d552d2-4f61-40b6-b3a4-fb7de9b29a7d/current/log_0-16
2019-08-28 06:54:12,650 [grpc-default-executor-8] WARN  server.GrpcLogAppender (LogUtils.java:warn(134)) - f3f62326-8b92-46e7-9f36-b9cac99ba129->950a0533-9469-43b5-b9c4-edf7c4baab0a: Failed appendEntries: org.apache.ratis.thirdparty.io.grpc.StatusRuntimeException: UNAVAILABLE: io exception
2019-08-28 06:54:12,651 [grpc-default-executor-8] INFO  impl.FollowerInfo (FollowerInfo.java:lambda$new$0(50)) - f3f62326-8b92-46e7-9f36-b9cac99ba129->950a0533-9469-43b5-b9c4-edf7c4baab0a: nextIndex: updateUnconditionally 17 -> 1
2019-08-28 06:54:12,651 [grpc-default-executor-9] INFO  impl.RaftServerImpl (ServerState.java:setLeader(263)) - 87fd7076-0834-4f8c-a36e-102ac7fe9c40:group-FB7DE9B29A7D change Leader from null to f3f62326-8b92-46e7-9f36-b9cac99ba129 at term 2 for appendEntries, leader elected after 26ms
2019-08-28 06:54:12,654 [grpc-default-executor-9] INFO  impl.RaftServerImpl (ServerState.java:setRaftConf(361)) - 87fd7076-0834-4f8c-a36e-102ac7fe9c40:group-FB7DE9B29A7D set configuration 17: [950a0533-9469-43b5-b9c4-edf7c4baab0a:192.168.36.66:44256, f3f62326-8b92-46e7-9f36-b9cac99ba129:192.168.36.66:37859, 87fd7076-0834-4f8c-a36e-102ac7fe9c40:192.168.36.66:36836], old=null at 17
2019-08-28 06:54:12,654 [grpc-default-executor-9] INFO  segmented.SegmentedRaftLogWorker (SegmentedRaftLogWorker.java:rollLogSegment(385)) - 87fd7076-0834-4f8c-a36e-102ac7fe9c40-SegmentedRaftLogWorker:Storage Directory /workdir/hadoop-ozone/integration-test/target/test-dir/MiniOzoneClusterImpl-35d8354e-3007-428c-81c8-adfd2a58d98b/datanode-2/data/ratis/34d552d2-4f61-40b6-b3a4-fb7de9b29a7d: Rolling segment log-0_16 to index:16
2019-08-28 06:54:12,655 [87fd7076-0834-4f8c-a36e-102ac7fe9c40-SegmentedRaftLogWorker:Storage Directory /workdir/hadoop-ozone/integration-test/target/test-dir/MiniOzoneClusterImpl-35d8354e-3007-428c-81c8-adfd2a58d98b/datanode-2/data/ratis/34d552d2-4f61-40b6-b3a4-fb7de9b29a7d] INFO  segmented.SegmentedRaftLogWorker (SegmentedRaftLogWorker.java:execute(526)) - 87fd7076-0834-4f8c-a36e-102ac7fe9c40-SegmentedRaftLogWorker:Storage Directory /workdir/hadoop-ozone/integration-test/target/test-dir/MiniOzoneClusterImpl-35d8354e-3007-428c-81c8-adfd2a58d98b/datanode-2/data/ratis/34d552d2-4f61-40b6-b3a4-fb7de9b29a7d: Rolled log segment from /workdir/hadoop-ozone/integration-test/target/test-dir/MiniOzoneClusterImpl-35d8354e-3007-428c-81c8-adfd2a58d98b/datanode-2/data/ratis/34d552d2-4f61-40b6-b3a4-fb7de9b29a7d/current/log_inprogress_0 to /workdir/hadoop-ozone/integration-test/target/test-dir/MiniOzoneClusterImpl-35d8354e-3007-428c-81c8-adfd2a58d98b/datanode-2/data/ratis/34d552d2-4f61-40b6-b3a4-fb7de9b29a7d/current/log_0-16
2019-08-28 06:54:12,693 [87fd7076-0834-4f8c-a36e-102ac7fe9c40-SegmentedRaftLogWorker:Storage Directory /workdir/hadoop-ozone/integration-test/target/test-dir/MiniOzoneClusterImpl-35d8354e-3007-428c-81c8-adfd2a58d98b/datanode-2/data/ratis/34d552d2-4f61-40b6-b3a4-fb7de9b29a7d] INFO  segmented.SegmentedRaftLogWorker (SegmentedRaftLogWorker.java:execute(569)) - 87fd7076-0834-4f8c-a36e-102ac7fe9c40-SegmentedRaftLogWorker:Storage Directory /workdir/hadoop-ozone/integration-test/target/test-dir/MiniOzoneClusterImpl-35d8354e-3007-428c-81c8-adfd2a58d98b/datanode-2/data/ratis/34d552d2-4f61-40b6-b3a4-fb7de9b29a7d: created new log segment /workdir/hadoop-ozone/integration-test/target/test-dir/MiniOzoneClusterImpl-35d8354e-3007-428c-81c8-adfd2a58d98b/datanode-2/data/ratis/34d552d2-4f61-40b6-b3a4-fb7de9b29a7d/current/log_inprogress_17
2019-08-28 06:54:12,693 [f3f62326-8b92-46e7-9f36-b9cac99ba129-SegmentedRaftLogWorker:Storage Directory /workdir/hadoop-ozone/integration-test/target/test-dir/MiniOzoneClusterImpl-35d8354e-3007-428c-81c8-adfd2a58d98b/datanode-0/data/ratis/34d552d2-4f61-40b6-b3a4-fb7de9b29a7d] INFO  segmented.SegmentedRaftLogWorker (SegmentedRaftLogWorker.java:execute(569)) - f3f62326-8b92-46e7-9f36-b9cac99ba129-SegmentedRaftLogWorker:Storage Directory /workdir/hadoop-ozone/integration-test/target/test-dir/MiniOzoneClusterImpl-35d8354e-3007-428c-81c8-adfd2a58d98b/datanode-0/data/ratis/34d552d2-4f61-40b6-b3a4-fb7de9b29a7d: created new log segment /workdir/hadoop-ozone/integration-test/target/test-dir/MiniOzoneClusterImpl-35d8354e-3007-428c-81c8-adfd2a58d98b/datanode-0/data/ratis/34d552d2-4f61-40b6-b3a4-fb7de9b29a7d/current/log_inprogress_17
2019-08-28 06:54:12,714 | INFO  | DNAudit | user=null | ip=null | op=READ_CHUNK {blockData=conID: 1 locID: 102693288936341518 bcsId: 0} | ret=SUCCESS |  
2019-08-28 06:54:12,717 [grpc-default-executor-10] WARN  server.GrpcLogAppender (LogUtils.java:warn(134)) - f3f62326-8b92-46e7-9f36-b9cac99ba129->950a0533-9469-43b5-b9c4-edf7c4baab0a: Failed appendEntries: org.apache.ratis.thirdparty.io.grpc.StatusRuntimeException: UNAVAILABLE: io exception
2019-08-28 06:54:12,717 [grpc-default-executor-10] INFO  impl.FollowerInfo (FollowerInfo.java:lambda$new$0(50)) - f3f62326-8b92-46e7-9f36-b9cac99ba129->950a0533-9469-43b5-b9c4-edf7c4baab0a: nextIndex: updateUnconditionally 2 -> 1
2019-08-28 06:54:12,730 [grpc-default-executor-8] WARN  server.GrpcLogAppender (LogUtils.java:warn(134)) - f3f62326-8b92-46e7-9f36-b9cac99ba129->950a0533-9469-43b5-b9c4-edf7c4baab0a: Failed appendEntries: org.apache.ratis.thirdparty.io.grpc.StatusRuntimeException: UNAVAILABLE: io exception
2019-08-28 06:54:12,730 [grpc-default-executor-8] INFO  impl.FollowerInfo (FollowerInfo.java:lambda$new$0(50)) - f3f62326-8b92-46e7-9f36-b9cac99ba129->950a0533-9469-43b5-b9c4-edf7c4baab0a: nextIndex: updateUnconditionally 2 -> 1
2019-08-28 06:54:12,763 | INFO  | SCMAudit | user=jenkins1000 | ip=192.168.36.66 | op=SEND_HEARTBEAT {datanodeUUID=e65f4345-a750-4eee-8a6b-22129dee7a8f, command=[]} | ret=SUCCESS |  
2019-08-28 06:54:12,947 | INFO  | SCMAudit | user=jenkins1000 | ip=192.168.36.66 | op=SEND_HEARTBEAT {datanodeUUID=763fef36-99f7-4ef0-acc1-5c6529809efb, command=[]} | ret=SUCCESS |  
2019-08-28 06:54:13,201 | INFO  | SCMAudit | user=jenkins1000 | ip=192.168.36.66 | op=SEND_HEARTBEAT {datanodeUUID=87fd7076-0834-4f8c-a36e-102ac7fe9c40, command=[]} | ret=SUCCESS |  
2019-08-28 06:54:13,202 | INFO  | SCMAudit | user=jenkins1000 | ip=192.168.36.66 | op=SEND_HEARTBEAT {datanodeUUID=f3f62326-8b92-46e7-9f36-b9cac99ba129, command=[]} | ret=SUCCESS |  
2019-08-28 06:54:13,408 | INFO  | SCMAudit | user=jenkins1000 | ip=192.168.36.66 | op=SEND_HEARTBEAT {datanodeUUID=e7706eca-30e7-4076-96c5-867c4236a33c, command=[]} | ret=SUCCESS |  
2019-08-28 06:54:13,569 | ERROR | DNAudit | user=null | ip=null | op=WRITE_CHUNK {blockData=conID: 1 locID: 102693288936341518 bcsId: 14} | ret=FAILURE | org.apache.hadoop.hdds.scm.container.common.helpers.ContainerNotOpenException: Container 1 in CLOSING state
	at org.apache.hadoop.ozone.container.common.impl.HddsDispatcher.validateContainerCommand(HddsDispatcher.java:408)
	at org.apache.hadoop.ozone.container.common.transport.server.ratis.ContainerStateMachine.startTransaction(ContainerStateMachine.java:309) 
2019-08-28 06:54:13,578 | INFO  | SCMAudit | user=jenkins1000 | ip=192.168.36.66 | op=SEND_HEARTBEAT {datanodeUUID=cb63d383-7845-45fd-aceb-d6b4bea4aee4, command=[]} | ret=SUCCESS |  
2019-08-28 06:54:13,581 [grpc-default-executor-10] INFO  client.GrpcClientProtocolClient (GrpcClientProtocolClient.java:onNext(255)) - client-64A74FDBF49F->f3f62326-8b92-46e7-9f36-b9cac99ba129: receive RaftClientReply:client-64A74FDBF49F->f3f62326-8b92-46e7-9f36-b9cac99ba129@group-FB7DE9B29A7D, cid=192, FAILED org.apache.ratis.protocol.StateMachineException: org.apache.hadoop.hdds.scm.container.common.helpers.ContainerNotOpenException from Server f3f62326-8b92-46e7-9f36-b9cac99ba129: Container 1 in CLOSING state, logIndex=0, commits[f3f62326-8b92-46e7-9f36-b9cac99ba129:c18, 950a0533-9469-43b5-b9c4-edf7c4baab0a:c16, 87fd7076-0834-4f8c-a36e-102ac7fe9c40:c17]
2019-08-28 06:54:13,582 | ERROR | DNAudit | user=null | ip=null | op=WRITE_CHUNK {blockData=conID: 1 locID: 102693288936341518 bcsId: 14} | ret=FAILURE | org.apache.hadoop.hdds.scm.container.common.helpers.ContainerNotOpenException: Container 1 in CLOSING state
	at org.apache.hadoop.ozone.container.common.impl.HddsDispatcher.validateContainerCommand(HddsDispatcher.java:408)
	at org.apache.hadoop.ozone.container.common.transport.server.ratis.ContainerStateMachine.startTransaction(ContainerStateMachine.java:309) 
2019-08-28 06:54:13,590 | ERROR | DNAudit | user=null | ip=null | op=PUT_BLOCK {blockData=[blockId=conID: 1 locID: 102693288936341518 bcsId: 0,size=650]} | ret=FAILURE | org.apache.hadoop.hdds.scm.container.common.helpers.ContainerNotOpenException: Container 1 in CLOSING state
	at org.apache.hadoop.ozone.container.common.impl.HddsDispatcher.validateContainerCommand(HddsDispatcher.java:408)
	at org.apache.hadoop.ozone.container.common.transport.server.ratis.ContainerStateMachine.startTransaction(ContainerStateMachine.java:309) 
2019-08-28 06:54:13,591 [grpc-default-executor-10] INFO  client.GrpcClientProtocolClient (GrpcClientProtocolClient.java:onNext(255)) - client-64A74FDBF49F->f3f62326-8b92-46e7-9f36-b9cac99ba129: receive RaftClientReply:client-64A74FDBF49F->f3f62326-8b92-46e7-9f36-b9cac99ba129@group-FB7DE9B29A7D, cid=193, FAILED org.apache.ratis.protocol.StateMachineException: org.apache.hadoop.hdds.scm.container.common.helpers.ContainerNotOpenException from Server f3f62326-8b92-46e7-9f36-b9cac99ba129: Container 1 in CLOSING state, logIndex=0, commits[f3f62326-8b92-46e7-9f36-b9cac99ba129:c18, 950a0533-9469-43b5-b9c4-edf7c4baab0a:c16, 87fd7076-0834-4f8c-a36e-102ac7fe9c40:c17]
2019-08-28 06:54:13,591 | ERROR | DNAudit | user=null | ip=null | op=WRITE_CHUNK {blockData=conID: 1 locID: 102693288936341518 bcsId: 14} | ret=FAILURE | org.apache.hadoop.hdds.scm.container.common.helpers.ContainerNotOpenException: Container 1 in CLOSING state
	at org.apache.hadoop.ozone.container.common.impl.HddsDispatcher.validateContainerCommand(HddsDispatcher.java:408)
	at org.apache.hadoop.ozone.container.common.transport.server.ratis.ContainerStateMachine.startTransaction(ContainerStateMachine.java:309) 
2019-08-28 06:54:13,596 | ERROR | DNAudit | user=null | ip=null | op=WRITE_CHUNK {blockData=conID: 1 locID: 102693288936341518 bcsId: 14} | ret=FAILURE | org.apache.hadoop.hdds.scm.container.common.helpers.ContainerNotOpenException: Container 1 in CLOSING state
	at org.apache.hadoop.ozone.container.common.impl.HddsDispatcher.validateContainerCommand(HddsDispatcher.java:408)
	at org.apache.hadoop.ozone.container.common.transport.server.ratis.ContainerStateMachine.startTransaction(ContainerStateMachine.java:309) 
2019-08-28 06:54:13,599 [grpc-default-executor-10] INFO  client.GrpcClientProtocolClient (GrpcClientProtocolClient.java:onNext(255)) - client-64A74FDBF49F->f3f62326-8b92-46e7-9f36-b9cac99ba129: receive RaftClientReply:client-64A74FDBF49F->f3f62326-8b92-46e7-9f36-b9cac99ba129@group-FB7DE9B29A7D, cid=194, FAILED org.apache.ratis.protocol.StateMachineException: org.apache.hadoop.hdds.scm.container.common.helpers.ContainerNotOpenException from Server f3f62326-8b92-46e7-9f36-b9cac99ba129: Container 1 in CLOSING state, logIndex=0, commits[f3f62326-8b92-46e7-9f36-b9cac99ba129:c18, 950a0533-9469-43b5-b9c4-edf7c4baab0a:c16, 87fd7076-0834-4f8c-a36e-102ac7fe9c40:c17]
2019-08-28 06:54:13,601 | ERROR | DNAudit | user=null | ip=null | op=PUT_BLOCK {blockData=[blockId=conID: 1 locID: 102693288936341518 bcsId: 0,size=800]} | ret=FAILURE | org.apache.hadoop.hdds.scm.container.common.helpers.ContainerNotOpenException: Container 1 in CLOSING state
	at org.apache.hadoop.ozone.container.common.impl.HddsDispatcher.validateContainerCommand(HddsDispatcher.java:408)
	at org.apache.hadoop.ozone.container.common.transport.server.ratis.ContainerStateMachine.startTransaction(ContainerStateMachine.java:309) 
2019-08-28 06:54:13,604 [grpc-default-executor-10] INFO  client.GrpcClientProtocolClient (GrpcClientProtocolClient.java:onNext(255)) - client-64A74FDBF49F->f3f62326-8b92-46e7-9f36-b9cac99ba129: receive RaftClientReply:client-64A74FDBF49F->f3f62326-8b92-46e7-9f36-b9cac99ba129@group-FB7DE9B29A7D, cid=195, FAILED org.apache.ratis.protocol.StateMachineException: org.apache.hadoop.hdds.scm.container.common.helpers.ContainerNotOpenException from Server f3f62326-8b92-46e7-9f36-b9cac99ba129: Container 1 in CLOSING state, logIndex=0, commits[f3f62326-8b92-46e7-9f36-b9cac99ba129:c18, 950a0533-9469-43b5-b9c4-edf7c4baab0a:c16, 87fd7076-0834-4f8c-a36e-102ac7fe9c40:c17]
2019-08-28 06:54:13,609 [grpc-default-executor-10] INFO  client.GrpcClientProtocolClient (GrpcClientProtocolClient.java:onNext(255)) - client-64A74FDBF49F->f3f62326-8b92-46e7-9f36-b9cac99ba129: receive RaftClientReply:client-64A74FDBF49F->f3f62326-8b92-46e7-9f36-b9cac99ba129@group-FB7DE9B29A7D, cid=196, FAILED org.apache.ratis.protocol.StateMachineException: org.apache.hadoop.hdds.scm.container.common.helpers.ContainerNotOpenException from Server f3f62326-8b92-46e7-9f36-b9cac99ba129: Container 1 in CLOSING state, logIndex=0, commits[f3f62326-8b92-46e7-9f36-b9cac99ba129:c18, 950a0533-9469-43b5-b9c4-edf7c4baab0a:c16, 87fd7076-0834-4f8c-a36e-102ac7fe9c40:c17]
2019-08-28 06:54:13,610 [grpc-default-executor-10] INFO  client.GrpcClientProtocolClient (GrpcClientProtocolClient.java:onNext(255)) - client-64A74FDBF49F->f3f62326-8b92-46e7-9f36-b9cac99ba129: receive RaftClientReply:client-64A74FDBF49F->f3f62326-8b92-46e7-9f36-b9cac99ba129@group-FB7DE9B29A7D, cid=197, FAILED org.apache.ratis.protocol.StateMachineException: org.apache.hadoop.hdds.scm.container.common.helpers.ContainerNotOpenException from Server f3f62326-8b92-46e7-9f36-b9cac99ba129: Container 1 in CLOSING state, logIndex=0, commits[f3f62326-8b92-46e7-9f36-b9cac99ba129:c18, 950a0533-9469-43b5-b9c4-edf7c4baab0a:c16, 87fd7076-0834-4f8c-a36e-102ac7fe9c40:c17]
2019-08-28 06:54:13,650 | INFO  | SCMAudit | user=jenkins1000 | ip=192.168.36.66 | op=ALLOCATE_BLOCK {owner=520f2804-b482-414a-b628-592fe2090df3, size=800, type=RATIS, factor=THREE} | ret=SUCCESS |  
2019-08-28 06:54:13,651 | INFO  | OMAudit | user=jenkins1000 | ip=127.0.0.1 | op=ALLOCATE_BLOCK {volume=testblockoutputstream, bucket=testblockoutputstream, key=281e547d-ff15-41a5-9eeb-b720557d06df, dataSize=0, replicationType=null, replicationFactor=null, keyLocationInfo=null, clientID=102693288936275981} | ret=SUCCESS |  
2019-08-28 06:54:13,764 | INFO  | SCMAudit | user=jenkins1000 | ip=192.168.36.66 | op=SEND_HEARTBEAT {datanodeUUID=e65f4345-a750-4eee-8a6b-22129dee7a8f, command=[]} | ret=SUCCESS |  
2019-08-28 06:54:13,797 | INFO  | DNAudit | user=null | ip=null | op=WRITE_CHUNK {blockData=conID: 2 locID: 102693290223140879 bcsId: 0} | ret=SUCCESS |  
2019-08-28 06:54:13,797 | INFO  | DNAudit | user=null | ip=null | op=WRITE_CHUNK {blockData=conID: 2 locID: 102693290223140879 bcsId: 0} | ret=SUCCESS |  
2019-08-28 06:54:13,797 | INFO  | DNAudit | user=null | ip=null | op=WRITE_CHUNK {blockData=conID: 2 locID: 102693290223140879 bcsId: 0} | ret=SUCCESS |  
2019-08-28 06:54:13,797 | INFO  | SCMAudit | user=jenkins1000 | ip=192.168.36.66 | op=SEND_HEARTBEAT {datanodeUUID=e7706eca-30e7-4076-96c5-867c4236a33c, command=[]} | ret=SUCCESS |  
2019-08-28 06:54:13,797 | INFO  | SCMAudit | user=jenkins1000 | ip=192.168.36.66 | op=SEND_HEARTBEAT {datanodeUUID=e65f4345-a750-4eee-8a6b-22129dee7a8f, command=[]} | ret=SUCCESS |  
2019-08-28 06:54:13,797 | INFO  | SCMAudit | user=jenkins1000 | ip=192.168.36.66 | op=SEND_HEARTBEAT {datanodeUUID=cb63d383-7845-45fd-aceb-d6b4bea4aee4, command=[]} | ret=SUCCESS |  
2019-08-28 06:54:13,804 | INFO  | DNAudit | user=null | ip=null | op=WRITE_CHUNK {blockData=conID: 2 locID: 102693290223140879 bcsId: 0} | ret=SUCCESS |  
2019-08-28 06:54:13,808 [grpc-default-executor-10] INFO  client.GrpcClientProtocolClient (GrpcClientProtocolClient.java:onNext(255)) - client-7D66AF30135D->cb63d383-7845-45fd-aceb-d6b4bea4aee4: receive RaftClientReply:client-7D66AF30135D->cb63d383-7845-45fd-aceb-d6b4bea4aee4@group-E134278AF776, cid=198, SUCCESS, logIndex=1, commits[cb63d383-7845-45fd-aceb-d6b4bea4aee4:c1, e65f4345-a750-4eee-8a6b-22129dee7a8f:c0, e7706eca-30e7-4076-96c5-867c4236a33c:c0]
2019-08-28 06:54:13,815 | INFO  | DNAudit | user=null | ip=null | op=WRITE_CHUNK {blockData=conID: 2 locID: 102693290223140879 bcsId: 0} | ret=SUCCESS |  
2019-08-28 06:54:13,818 | INFO  | DNAudit | user=null | ip=null | op=WRITE_CHUNK {blockData=conID: 2 locID: 102693290223140879 bcsId: 0} | ret=SUCCESS |  
2019-08-28 06:54:13,818 | INFO  | DNAudit | user=null | ip=null | op=WRITE_CHUNK {blockData=conID: 2 locID: 102693290223140879 bcsId: 0} | ret=SUCCESS |  
2019-08-28 06:54:13,819 | INFO  | DNAudit | user=null | ip=null | op=WRITE_CHUNK {blockData=conID: 2 locID: 102693290223140879 bcsId: 0} | ret=SUCCESS |  
2019-08-28 06:54:13,819 | INFO  | DNAudit | user=null | ip=null | op=WRITE_CHUNK {blockData=conID: 2 locID: 102693290223140879 bcsId: 0} | ret=SUCCESS |  
2019-08-28 06:54:13,819 | INFO  | DNAudit | user=null | ip=null | op=WRITE_CHUNK {blockData=conID: 2 locID: 102693290223140879 bcsId: 0} | ret=SUCCESS |  
2019-08-28 06:54:13,820 | INFO  | DNAudit | user=null | ip=null | op=WRITE_CHUNK {blockData=conID: 2 locID: 102693290223140879 bcsId: 0} | ret=SUCCESS |  
2019-08-28 06:54:13,823 | INFO  | DNAudit | user=null | ip=null | op=WRITE_CHUNK {blockData=conID: 2 locID: 102693290223140879 bcsId: 0} | ret=SUCCESS |  
2019-08-28 06:54:13,823 | INFO  | DNAudit | user=null | ip=null | op=WRITE_CHUNK {blockData=conID: 2 locID: 102693290223140879 bcsId: 0} | ret=SUCCESS |  
2019-08-28 06:54:13,823 | INFO  | DNAudit | user=null | ip=null | op=WRITE_CHUNK {blockData=conID: 2 locID: 102693290223140879 bcsId: 0} | ret=SUCCESS |  
2019-08-28 06:54:13,823 | INFO  | DNAudit | user=null | ip=null | op=WRITE_CHUNK {blockData=conID: 2 locID: 102693290223140879 bcsId: 0} | ret=SUCCESS |  
2019-08-28 06:54:13,834 | INFO  | DNAudit | user=null | ip=null | op=WRITE_CHUNK {blockData=conID: 2 locID: 102693290223140879 bcsId: 0} | ret=SUCCESS |  
2019-08-28 06:54:13,838 [grpc-default-executor-9] INFO  client.GrpcClientProtocolClient (GrpcClientProtocolClient.java:onNext(255)) - client-7D66AF30135D->cb63d383-7845-45fd-aceb-d6b4bea4aee4: receive RaftClientReply:client-7D66AF30135D->cb63d383-7845-45fd-aceb-d6b4bea4aee4@group-E134278AF776, cid=199, SUCCESS, logIndex=3, commits[cb63d383-7845-45fd-aceb-d6b4bea4aee4:c5, e65f4345-a750-4eee-8a6b-22129dee7a8f:c2, e7706eca-30e7-4076-96c5-867c4236a33c:c2]
2019-08-28 06:54:13,846 | INFO  | DNAudit | user=null | ip=null | op=WRITE_CHUNK {blockData=conID: 2 locID: 102693290223140879 bcsId: 0} | ret=SUCCESS |  
2019-08-28 06:54:13,846 | INFO  | DNAudit | user=null | ip=null | op=WRITE_CHUNK {blockData=conID: 2 locID: 102693290223140879 bcsId: 0} | ret=SUCCESS |  
2019-08-28 06:54:13,878 | INFO  | DNAudit | user=null | ip=null | op=PUT_BLOCK {blockData=[blockId=conID: 2 locID: 102693290223140879 bcsId: 0,size=200]} | ret=SUCCESS |  
2019-08-28 06:54:13,878 | INFO  | DNAudit | user=null | ip=null | op=WRITE_CHUNK {blockData=conID: 2 locID: 102693290223140879 bcsId: 0} | ret=SUCCESS |  
2019-08-28 06:54:13,879 | INFO  | DNAudit | user=null | ip=null | op=WRITE_CHUNK {blockData=conID: 2 locID: 102693290223140879 bcsId: 0} | ret=SUCCESS |  
2019-08-28 06:54:13,880 [grpc-default-executor-8] INFO  client.GrpcClientProtocolClient (GrpcClientProtocolClient.java:onNext(255)) - client-7D66AF30135D->cb63d383-7845-45fd-aceb-d6b4bea4aee4: receive RaftClientReply:client-7D66AF30135D->cb63d383-7845-45fd-aceb-d6b4bea4aee4@group-E134278AF776, cid=200, SUCCESS, logIndex=4, commits[cb63d383-7845-45fd-aceb-d6b4bea4aee4:c12, e65f4345-a750-4eee-8a6b-22129dee7a8f:c7, e7706eca-30e7-4076-96c5-867c4236a33c:c7]
2019-08-28 06:54:13,882 [grpc-default-executor-8] INFO  client.GrpcClientProtocolClient (GrpcClientProtocolClient.java:onNext(255)) - client-7D66AF30135D->cb63d383-7845-45fd-aceb-d6b4bea4aee4: receive RaftClientReply:client-7D66AF30135D->cb63d383-7845-45fd-aceb-d6b4bea4aee4@group-E134278AF776, cid=201, SUCCESS, logIndex=5, commits[cb63d383-7845-45fd-aceb-d6b4bea4aee4:c12, e65f4345-a750-4eee-8a6b-22129dee7a8f:c7, e7706eca-30e7-4076-96c5-867c4236a33c:c7]
2019-08-28 06:54:13,883 [grpc-default-executor-8] INFO  client.GrpcClientProtocolClient (GrpcClientProtocolClient.java:onNext(255)) - client-7D66AF30135D->cb63d383-7845-45fd-aceb-d6b4bea4aee4: receive RaftClientReply:client-7D66AF30135D->cb63d383-7845-45fd-aceb-d6b4bea4aee4@group-E134278AF776, cid=202, SUCCESS, logIndex=6, commits[cb63d383-7845-45fd-aceb-d6b4bea4aee4:c12, e65f4345-a750-4eee-8a6b-22129dee7a8f:c7, e7706eca-30e7-4076-96c5-867c4236a33c:c7]
2019-08-28 06:54:13,925 | INFO  | DNAudit | user=null | ip=null | op=PUT_BLOCK {blockData=[blockId=conID: 2 locID: 102693290223140879 bcsId: 0,size=200]} | ret=SUCCESS |  
2019-08-28 06:54:13,925 | INFO  | DNAudit | user=null | ip=null | op=WRITE_CHUNK {blockData=conID: 2 locID: 102693290223140879 bcsId: 0} | ret=SUCCESS |  
2019-08-28 06:54:13,926 | INFO  | DNAudit | user=null | ip=null | op=WRITE_CHUNK {blockData=conID: 2 locID: 102693290223140879 bcsId: 0} | ret=SUCCESS |  
2019-08-28 06:54:13,947 | INFO  | SCMAudit | user=jenkins1000 | ip=192.168.36.66 | op=SEND_HEARTBEAT {datanodeUUID=763fef36-99f7-4ef0-acc1-5c6529809efb, command=[]} | ret=SUCCESS |  
2019-08-28 06:54:13,972 | INFO  | DNAudit | user=null | ip=null | op=PUT_BLOCK {blockData=[blockId=conID: 2 locID: 102693290223140879 bcsId: 0,size=400]} | ret=SUCCESS |  
2019-08-28 06:54:13,972 | INFO  | DNAudit | user=null | ip=null | op=PUT_BLOCK {blockData=[blockId=conID: 2 locID: 102693290223140879 bcsId: 0,size=400]} | ret=SUCCESS |  
2019-08-28 06:54:13,973 | INFO  | DNAudit | user=null | ip=null | op=PUT_BLOCK {blockData=[blockId=conID: 2 locID: 102693290223140879 bcsId: 0,size=200]} | ret=SUCCESS |  
2019-08-28 06:54:13,973 | INFO  | DNAudit | user=null | ip=null | op=WRITE_CHUNK {blockData=conID: 2 locID: 102693290223140879 bcsId: 0} | ret=SUCCESS |  
2019-08-28 06:54:13,974 | INFO  | DNAudit | user=null | ip=null | op=WRITE_CHUNK {blockData=conID: 2 locID: 102693290223140879 bcsId: 0} | ret=SUCCESS |  
2019-08-28 06:54:13,974 [grpc-default-executor-8] INFO  client.GrpcClientProtocolClient (GrpcClientProtocolClient.java:onNext(255)) - client-7D66AF30135D->cb63d383-7845-45fd-aceb-d6b4bea4aee4: receive RaftClientReply:client-7D66AF30135D->cb63d383-7845-45fd-aceb-d6b4bea4aee4@group-E134278AF776, cid=203, SUCCESS, logIndex=7, commits[cb63d383-7845-45fd-aceb-d6b4bea4aee4:c12, e65f4345-a750-4eee-8a6b-22129dee7a8f:c7, e7706eca-30e7-4076-96c5-867c4236a33c:c7]
2019-08-28 06:54:13,974 | INFO  | DNAudit | user=null | ip=null | op=PUT_BLOCK {blockData=[blockId=conID: 2 locID: 102693290223140879 bcsId: 0,size=400]} | ret=SUCCESS |  
2019-08-28 06:54:13,977 | INFO  | DNAudit | user=null | ip=null | op=WRITE_CHUNK {blockData=conID: 2 locID: 102693290223140879 bcsId: 7} | ret=SUCCESS |  
2019-08-28 06:54:13,979 | INFO  | DNAudit | user=null | ip=null | op=WRITE_CHUNK {blockData=conID: 2 locID: 102693290223140879 bcsId: 7} | ret=SUCCESS |  
2019-08-28 06:54:13,979 | INFO  | DNAudit | user=null | ip=null | op=WRITE_CHUNK {blockData=conID: 2 locID: 102693290223140879 bcsId: 7} | ret=SUCCESS |  
2019-08-28 06:54:13,989 | INFO  | DNAudit | user=null | ip=null | op=WRITE_CHUNK {blockData=conID: 2 locID: 102693290223140879 bcsId: 7} | ret=SUCCESS |  
2019-08-28 06:54:14,004 | INFO  | DNAudit | user=null | ip=null | op=WRITE_CHUNK {blockData=conID: 2 locID: 102693290223140879 bcsId: 7} | ret=SUCCESS |  
2019-08-28 06:54:14,004 | INFO  | DNAudit | user=null | ip=null | op=PUT_BLOCK {blockData=[blockId=conID: 2 locID: 102693290223140879 bcsId: 0,size=450]} | ret=SUCCESS |  
2019-08-28 06:54:14,005 | INFO  | DNAudit | user=null | ip=null | op=WRITE_CHUNK {blockData=conID: 2 locID: 102693290223140879 bcsId: 7} | ret=SUCCESS |  
2019-08-28 06:54:14,005 [grpc-default-executor-8] INFO  client.GrpcClientProtocolClient (GrpcClientProtocolClient.java:onNext(255)) - client-7D66AF30135D->cb63d383-7845-45fd-aceb-d6b4bea4aee4: receive RaftClientReply:client-7D66AF30135D->cb63d383-7845-45fd-aceb-d6b4bea4aee4@group-E134278AF776, cid=204, SUCCESS, logIndex=13, commits[cb63d383-7845-45fd-aceb-d6b4bea4aee4:c14, e65f4345-a750-4eee-8a6b-22129dee7a8f:c12, e7706eca-30e7-4076-96c5-867c4236a33c:c12]
2019-08-28 06:54:14,005 | INFO  | DNAudit | user=null | ip=null | op=PUT_BLOCK {blockData=[blockId=conID: 2 locID: 102693290223140879 bcsId: 0,size=450]} | ret=SUCCESS |  
2019-08-28 06:54:14,006 [grpc-default-executor-8] INFO  client.GrpcClientProtocolClient (GrpcClientProtocolClient.java:onNext(255)) - client-7D66AF30135D->cb63d383-7845-45fd-aceb-d6b4bea4aee4: receive RaftClientReply:client-7D66AF30135D->cb63d383-7845-45fd-aceb-d6b4bea4aee4@group-E134278AF776, cid=205, SUCCESS, logIndex=14, commits[cb63d383-7845-45fd-aceb-d6b4bea4aee4:c14, e65f4345-a750-4eee-8a6b-22129dee7a8f:c12, e7706eca-30e7-4076-96c5-867c4236a33c:c12]
2019-08-28 06:54:14,006 | INFO  | DNAudit | user=null | ip=null | op=PUT_BLOCK {blockData=[blockId=conID: 2 locID: 102693290223140879 bcsId: 0,size=450]} | ret=SUCCESS |  
2019-08-28 06:54:14,010 [grpc-default-executor-8] INFO  client.GrpcClientProtocolClient (GrpcClientProtocolClient.java:onNext(255)) - client-7D66AF30135D->cb63d383-7845-45fd-aceb-d6b4bea4aee4: receive RaftClientReply:client-7D66AF30135D->cb63d383-7845-45fd-aceb-d6b4bea4aee4@group-E134278AF776, cid=206, SUCCESS, logIndex=0, commits[cb63d383-7845-45fd-aceb-d6b4bea4aee4:c15, e65f4345-a750-4eee-8a6b-22129dee7a8f:c14, e7706eca-30e7-4076-96c5-867c4236a33c:c14]
2019-08-28 06:54:14,011 [main] INFO  ozone.MiniOzoneClusterImpl (MiniOzoneClusterImpl.java:shutdown(321)) - Shutting down the Mini Ozone Cluster
2019-08-28 06:54:14,011 | INFO  | SCMAudit | user=null | ip=null | op=GET_SCM_INFO null | ret=SUCCESS |  
2019-08-28 06:54:14,011 [main] INFO  ozone.MiniOzoneClusterImpl (MiniOzoneClusterImpl.java:stop(336)) - Stopping the Mini Ozone Cluster
2019-08-28 06:54:14,011 [main] INFO  ozone.MiniOzoneClusterImpl (MiniOzoneClusterImpl.java:stop(338)) - Stopping the OzoneManager
2019-08-28 06:54:14,012 [main] INFO  ipc.Server (Server.java:stop(3082)) - Stopping server on 36458
2019-08-28 06:54:14,029 [IPC Server listener on 36458] INFO  ipc.Server (Server.java:run(1185)) - Stopping IPC Server listener on 36458
2019-08-28 06:54:14,029 [main] INFO  ratis.OzoneManagerDoubleBuffer (OzoneManagerDoubleBuffer.java:stop(248)) - Stopping OMDoubleBuffer flush thread
2019-08-28 06:54:14,029 [IPC Server Responder] INFO  ipc.Server (Server.java:run(1319)) - Stopping IPC Server Responder
2019-08-28 06:54:14,031 [OMDoubleBufferFlushThread] INFO  ratis.OzoneManagerDoubleBuffer (OzoneManagerDoubleBuffer.java:flushTransactions(191)) - OMDoubleBuffer flush thread OMDoubleBufferFlushThread is interrupted and will exit. OMDoubleBufferFlushThread
2019-08-28 06:54:14,031 [main] INFO  utils.BackgroundService (BackgroundService.java:shutdown(148)) - Shutting down service KeyDeletingService
2019-08-28 06:54:14,032 [main] INFO  handler.ContextHandler (ContextHandler.java:doStop(910)) - Stopped o.e.j.w.WebAppContext@38f7a20{/,null,UNAVAILABLE}{/ozoneManager}
2019-08-28 06:54:14,033 [main] INFO  server.AbstractConnector (AbstractConnector.java:doStop(318)) - Stopped ServerConnector@2c39c520{HTTP/1.1,[http/1.1]}{0.0.0.0:0}
2019-08-28 06:54:14,033 [main] INFO  handler.ContextHandler (ContextHandler.java:doStop(910)) - Stopped o.e.j.s.ServletContextHandler@470fc16c{/static,file:///workdir/hadoop-ozone/integration-test/target/test-classes/webapps/static,UNAVAILABLE}
2019-08-28 06:54:14,034 [main] INFO  handler.ContextHandler (ContextHandler.java:doStop(910)) - Stopped o.e.j.s.ServletContextHandler@5397d41e{/logs,file:///workdir/hadoop-ozone/integration-test/target/log,UNAVAILABLE}
2019-08-28 06:54:14,036 [main] INFO  ozone.MiniOzoneClusterImpl (MiniOzoneClusterImpl.java:stop(344)) - Shutting the HddsDatanodes
2019-08-28 06:54:14,036 [main] INFO  datanode.ObjectStoreHandler (ObjectStoreHandler.java:close(155)) - Closing ObjectStoreHandler.
2019-08-28 06:54:14,036 [ForkJoinPool.commonPool-worker-0] INFO  datanode.ObjectStoreHandler (ObjectStoreHandler.java:close(155)) - Closing ObjectStoreHandler.
2019-08-28 06:54:14,037 [main] INFO  ozone.HddsDatanodeService (HddsDatanodeService.java:stop(451)) - Stopped plug-in org.apache.hadoop.ozone.web.OzoneHddsDatanodeService@3d2bcf0a
2019-08-28 06:54:14,037 [ForkJoinPool.commonPool-worker-0] INFO  ozone.HddsDatanodeService (HddsDatanodeService.java:stop(451)) - Stopped plug-in org.apache.hadoop.ozone.web.OzoneHddsDatanodeService@4ca50bb9
2019-08-28 06:54:14,200 [Datanode State Machine Thread - 0] INFO  statemachine.DatanodeStateMachine (DatanodeStateMachine.java:lambda$startDaemon$0(350)) - Ozone container server started.
2019-08-28 06:54:14,203 | INFO  | SCMAudit | user=jenkins1000 | ip=192.168.36.66 | op=SEND_HEARTBEAT {datanodeUUID=f3f62326-8b92-46e7-9f36-b9cac99ba129, command=[]} | ret=SUCCESS |  
2019-08-28 06:54:14,796 [Datanode State Machine Thread - 0] INFO  statemachine.DatanodeStateMachine (DatanodeStateMachine.java:lambda$startDaemon$0(350)) - Ozone container server started.
2019-08-28 06:54:14,796 | INFO  | SCMAudit | user=jenkins1000 | ip=192.168.36.66 | op=SEND_HEARTBEAT {datanodeUUID=e7706eca-30e7-4076-96c5-867c4236a33c, command=[]} | ret=SUCCESS |  
2019-08-28 06:54:14,796 | INFO  | SCMAudit | user=jenkins1000 | ip=192.168.36.66 | op=SEND_HEARTBEAT {datanodeUUID=e65f4345-a750-4eee-8a6b-22129dee7a8f, command=[]} | ret=SUCCESS |  
2019-08-28 06:54:14,948 | INFO  | SCMAudit | user=jenkins1000 | ip=192.168.36.66 | op=SEND_HEARTBEAT {datanodeUUID=763fef36-99f7-4ef0-acc1-5c6529809efb, command=[]} | ret=SUCCESS |  
2019-08-28 06:54:15,202 | INFO  | SCMAudit | user=jenkins1000 | ip=192.168.36.66 | op=SEND_HEARTBEAT {datanodeUUID=f3f62326-8b92-46e7-9f36-b9cac99ba129, command=[]} | ret=SUCCESS |  
2019-08-28 06:54:15,230 [grpc-default-executor-10] WARN  server.GrpcLogAppender (LogUtils.java:warn(134)) - f3f62326-8b92-46e7-9f36-b9cac99ba129->950a0533-9469-43b5-b9c4-edf7c4baab0a: Failed appendEntries: org.apache.ratis.thirdparty.io.grpc.StatusRuntimeException: UNAVAILABLE: io exception
2019-08-28 06:54:15,231 [grpc-default-executor-10] INFO  impl.FollowerInfo (FollowerInfo.java:lambda$new$0(50)) - f3f62326-8b92-46e7-9f36-b9cac99ba129->950a0533-9469-43b5-b9c4-edf7c4baab0a: nextIndex: updateUnconditionally 1 -> 0
2019-08-28 06:54:15,797 | INFO  | SCMAudit | user=jenkins1000 | ip=192.168.36.66 | op=SEND_HEARTBEAT {datanodeUUID=e65f4345-a750-4eee-8a6b-22129dee7a8f, command=[]} | ret=SUCCESS |  
2019-08-28 06:54:15,797 | INFO  | SCMAudit | user=jenkins1000 | ip=192.168.36.66 | op=SEND_HEARTBEAT {datanodeUUID=e7706eca-30e7-4076-96c5-867c4236a33c, command=[]} | ret=SUCCESS |  
2019-08-28 06:54:15,948 | INFO  | SCMAudit | user=jenkins1000 | ip=192.168.36.66 | op=SEND_HEARTBEAT {datanodeUUID=763fef36-99f7-4ef0-acc1-5c6529809efb, command=[]} | ret=SUCCESS |  
2019-08-28 06:54:16,202 | INFO  | SCMAudit | user=jenkins1000 | ip=192.168.36.66 | op=SEND_HEARTBEAT {datanodeUUID=f3f62326-8b92-46e7-9f36-b9cac99ba129, command=[]} | ret=SUCCESS |  
2019-08-28 06:54:16,796 | INFO  | SCMAudit | user=jenkins1000 | ip=192.168.36.66 | op=SEND_HEARTBEAT {datanodeUUID=e65f4345-a750-4eee-8a6b-22129dee7a8f, command=[]} | ret=SUCCESS |  
2019-08-28 06:54:16,796 | INFO  | SCMAudit | user=jenkins1000 | ip=192.168.36.66 | op=SEND_HEARTBEAT {datanodeUUID=e7706eca-30e7-4076-96c5-867c4236a33c, command=[]} | ret=SUCCESS |  
2019-08-28 06:54:16,948 | INFO  | SCMAudit | user=jenkins1000 | ip=192.168.36.66 | op=SEND_HEARTBEAT {datanodeUUID=763fef36-99f7-4ef0-acc1-5c6529809efb, command=[]} | ret=SUCCESS |  
2019-08-28 06:54:17,203 | INFO  | SCMAudit | user=jenkins1000 | ip=192.168.36.66 | op=SEND_HEARTBEAT {datanodeUUID=f3f62326-8b92-46e7-9f36-b9cac99ba129, command=[]} | ret=SUCCESS |  
2019-08-28 06:54:17,731 [grpc-default-executor-10] WARN  server.GrpcLogAppender (LogUtils.java:warn(134)) - f3f62326-8b92-46e7-9f36-b9cac99ba129->950a0533-9469-43b5-b9c4-edf7c4baab0a: Failed appendEntries: org.apache.ratis.thirdparty.io.grpc.StatusRuntimeException: UNAVAILABLE: io exception
2019-08-28 06:54:17,732 [grpc-default-executor-10] INFO  impl.FollowerInfo (FollowerInfo.java:lambda$new$0(50)) - f3f62326-8b92-46e7-9f36-b9cac99ba129->950a0533-9469-43b5-b9c4-edf7c4baab0a: nextIndex: updateUnconditionally 0 -> 0
2019-08-28 06:54:17,796 | INFO  | SCMAudit | user=jenkins1000 | ip=192.168.36.66 | op=SEND_HEARTBEAT {datanodeUUID=e7706eca-30e7-4076-96c5-867c4236a33c, command=[]} | ret=SUCCESS |  
2019-08-28 06:54:17,796 | INFO  | SCMAudit | user=jenkins1000 | ip=192.168.36.66 | op=SEND_HEARTBEAT {datanodeUUID=e65f4345-a750-4eee-8a6b-22129dee7a8f, command=[]} | ret=SUCCESS |  
2019-08-28 06:54:17,947 | INFO  | SCMAudit | user=jenkins1000 | ip=192.168.36.66 | op=SEND_HEARTBEAT {datanodeUUID=763fef36-99f7-4ef0-acc1-5c6529809efb, command=[]} | ret=SUCCESS |  
2019-08-28 06:54:18,203 | INFO  | SCMAudit | user=jenkins1000 | ip=192.168.36.66 | op=SEND_HEARTBEAT {datanodeUUID=f3f62326-8b92-46e7-9f36-b9cac99ba129, command=[]} | ret=SUCCESS |  
2019-08-28 06:54:18,254 [EventQueue-StaleNodeForStaleNodeHandler] INFO  node.StaleNodeHandler (StaleNodeHandler.java:onMessage(58)) - Datanode 87fd7076-0834-4f8c-a36e-102ac7fe9c40{ip: 192.168.36.66, host: pr-hdds-1553-ns4jj-3895572740, networkLocation: /default-rack, certSerialId: null} moved to stale state. Finalizing its pipelines [PipelineID=34d552d2-4f61-40b6-b3a4-fb7de9b29a7d, PipelineID=1096fa4a-8136-4dd6-b4d9-cc47ac649bdf]
2019-08-28 06:54:18,254 [EventQueue-StaleNodeForStaleNodeHandler] INFO  pipeline.SCMPipelineManager (SCMPipelineManager.java:finalizeAndDestroyPipeline(309)) - destroying pipeline:Pipeline[ Id: 34d552d2-4f61-40b6-b3a4-fb7de9b29a7d, Nodes: 950a0533-9469-43b5-b9c4-edf7c4baab0a{ip: 192.168.36.66, host: pr-hdds-1553-ns4jj-3895572740, networkLocation: /default-rack, certSerialId: null}87fd7076-0834-4f8c-a36e-102ac7fe9c40{ip: 192.168.36.66, host: pr-hdds-1553-ns4jj-3895572740, networkLocation: /default-rack, certSerialId: null}f3f62326-8b92-46e7-9f36-b9cac99ba129{ip: 192.168.36.66, host: pr-hdds-1553-ns4jj-3895572740, networkLocation: /default-rack, certSerialId: null}, Type:RATIS, Factor:THREE, State:CLOSED]
2019-08-28 06:54:18,254 [EventQueue-StaleNodeForStaleNodeHandler] INFO  pipeline.SCMPipelineManager (SCMPipelineManager.java:finalizeAndDestroyPipeline(309)) - destroying pipeline:Pipeline[ Id: 1096fa4a-8136-4dd6-b4d9-cc47ac649bdf, Nodes: 87fd7076-0834-4f8c-a36e-102ac7fe9c40{ip: 192.168.36.66, host: pr-hdds-1553-ns4jj-3895572740, networkLocation: /default-rack, certSerialId: null}, Type:RATIS, Factor:ONE, State:OPEN]
2019-08-28 06:54:18,255 [EventQueue-StaleNodeForStaleNodeHandler] INFO  pipeline.PipelineStateManager (PipelineStateManager.java:finalizePipeline(123)) - Pipeline Pipeline[ Id: 1096fa4a-8136-4dd6-b4d9-cc47ac649bdf, Nodes: 87fd7076-0834-4f8c-a36e-102ac7fe9c40{ip: 192.168.36.66, host: pr-hdds-1553-ns4jj-3895572740, networkLocation: /default-rack, certSerialId: null}, Type:RATIS, Factor:ONE, State:CLOSED] moved to CLOSED state
2019-08-28 06:54:18,796 | INFO  | SCMAudit | user=jenkins1000 | ip=192.168.36.66 | op=SEND_HEARTBEAT {datanodeUUID=e7706eca-30e7-4076-96c5-867c4236a33c, command=[]} | ret=SUCCESS |  
2019-08-28 06:54:18,796 | INFO  | SCMAudit | user=jenkins1000 | ip=192.168.36.66 | op=SEND_HEARTBEAT {datanodeUUID=e65f4345-a750-4eee-8a6b-22129dee7a8f, command=[]} | ret=SUCCESS |  
2019-08-28 06:54:18,855 [EventQueue-StaleNodeForStaleNodeHandler] INFO  node.StaleNodeHandler (StaleNodeHandler.java:onMessage(58)) - Datanode cb63d383-7845-45fd-aceb-d6b4bea4aee4{ip: 192.168.36.66, host: pr-hdds-1553-ns4jj-3895572740, networkLocation: /default-rack, certSerialId: null} moved to stale state. Finalizing its pipelines [PipelineID=53e6fdda-8581-43f4-820c-bbf3db9f685a, PipelineID=e8f78c85-2610-4123-9590-e134278af776]
2019-08-28 06:54:18,855 [EventQueue-StaleNodeForStaleNodeHandler] INFO  pipeline.SCMPipelineManager (SCMPipelineManager.java:finalizeAndDestroyPipeline(309)) - destroying pipeline:Pipeline[ Id: 53e6fdda-8581-43f4-820c-bbf3db9f685a, Nodes: cb63d383-7845-45fd-aceb-d6b4bea4aee4{ip: 192.168.36.66, host: pr-hdds-1553-ns4jj-3895572740, networkLocation: /default-rack, certSerialId: null}, Type:RATIS, Factor:ONE, State:OPEN]
2019-08-28 06:54:18,855 [EventQueue-StaleNodeForStaleNodeHandler] INFO  pipeline.PipelineStateManager (PipelineStateManager.java:finalizePipeline(123)) - Pipeline Pipeline[ Id: 53e6fdda-8581-43f4-820c-bbf3db9f685a, Nodes: cb63d383-7845-45fd-aceb-d6b4bea4aee4{ip: 192.168.36.66, host: pr-hdds-1553-ns4jj-3895572740, networkLocation: /default-rack, certSerialId: null}, Type:RATIS, Factor:ONE, State:CLOSED] moved to CLOSED state
2019-08-28 06:54:18,855 [EventQueue-StaleNodeForStaleNodeHandler] INFO  pipeline.SCMPipelineManager (SCMPipelineManager.java:finalizeAndDestroyPipeline(309)) - destroying pipeline:Pipeline[ Id: e8f78c85-2610-4123-9590-e134278af776, Nodes: cb63d383-7845-45fd-aceb-d6b4bea4aee4{ip: 192.168.36.66, host: pr-hdds-1553-ns4jj-3895572740, networkLocation: /default-rack, certSerialId: null}e7706eca-30e7-4076-96c5-867c4236a33c{ip: 192.168.36.66, host: pr-hdds-1553-ns4jj-3895572740, networkLocation: /default-rack, certSerialId: null}e65f4345-a750-4eee-8a6b-22129dee7a8f{ip: 192.168.36.66, host: pr-hdds-1553-ns4jj-3895572740, networkLocation: /default-rack, certSerialId: null}, Type:RATIS, Factor:THREE, State:OPEN]
2019-08-28 06:54:18,856 [EventQueue-StaleNodeForStaleNodeHandler] INFO  pipeline.PipelineStateManager (PipelineStateManager.java:finalizePipeline(123)) - Pipeline Pipeline[ Id: e8f78c85-2610-4123-9590-e134278af776, Nodes: cb63d383-7845-45fd-aceb-d6b4bea4aee4{ip: 192.168.36.66, host: pr-hdds-1553-ns4jj-3895572740, networkLocation: /default-rack, certSerialId: null}e7706eca-30e7-4076-96c5-867c4236a33c{ip: 192.168.36.66, host: pr-hdds-1553-ns4jj-3895572740, networkLocation: /default-rack, certSerialId: null}e65f4345-a750-4eee-8a6b-22129dee7a8f{ip: 192.168.36.66, host: pr-hdds-1553-ns4jj-3895572740, networkLocation: /default-rack, certSerialId: null}, Type:RATIS, Factor:THREE, State:CLOSED] moved to CLOSED state
2019-08-28 06:54:18,856 [EventQueue-CloseContainerForCloseContainerEventHandler] INFO  container.CloseContainerEventHandler (CloseContainerEventHandler.java:onMessage(61)) - Close container Event triggered for container : #2
2019-08-28 06:54:18,948 | INFO  | SCMAudit | user=jenkins1000 | ip=192.168.36.66 | op=SEND_HEARTBEAT {datanodeUUID=763fef36-99f7-4ef0-acc1-5c6529809efb, command=[]} | ret=SUCCESS |  
2019-08-28 06:54:19,037 [main] INFO  ozoneimpl.OzoneContainer (OzoneContainer.java:stop(199)) - Attempting to stop container services.
2019-08-28 06:54:19,037 [ForkJoinPool.commonPool-worker-0] INFO  ozoneimpl.OzoneContainer (OzoneContainer.java:stop(199)) - Attempting to stop container services.
2019-08-28 06:54:19,038 [main] INFO  impl.RaftServerProxy (RaftServerProxy.java:lambda$close$4(314)) - cb63d383-7845-45fd-aceb-d6b4bea4aee4: close
2019-08-28 06:54:19,038 [ForkJoinPool.commonPool-worker-0] INFO  impl.RaftServerProxy (RaftServerProxy.java:lambda$close$4(314)) - 87fd7076-0834-4f8c-a36e-102ac7fe9c40: close
2019-08-28 06:54:19,038 [main] INFO  impl.RaftServerImpl (RaftServerImpl.java:lambda$shutdown$3(245)) - cb63d383-7845-45fd-aceb-d6b4bea4aee4: shutdown group-BBF3DB9F685A
2019-08-28 06:54:19,038 [ForkJoinPool.commonPool-worker-0] INFO  impl.RaftServerImpl (RaftServerImpl.java:lambda$shutdown$3(245)) - 87fd7076-0834-4f8c-a36e-102ac7fe9c40: shutdown group-FB7DE9B29A7D
2019-08-28 06:54:19,039 [main] INFO  util.JmxRegister (JmxRegister.java:unregister(73)) - Successfully un-registered JMX Bean with object name Ratis:service=RaftServer,group=group-BBF3DB9F685A,id=cb63d383-7845-45fd-aceb-d6b4bea4aee4
2019-08-28 06:54:19,039 [ForkJoinPool.commonPool-worker-0] INFO  util.JmxRegister (JmxRegister.java:unregister(73)) - Successfully un-registered JMX Bean with object name Ratis:service=RaftServer,group=group-FB7DE9B29A7D,id=87fd7076-0834-4f8c-a36e-102ac7fe9c40
2019-08-28 06:54:19,039 [main] INFO  impl.RoleInfo (RoleInfo.java:shutdownLeaderState(104)) - cb63d383-7845-45fd-aceb-d6b4bea4aee4: shutdown LeaderState
2019-08-28 06:54:19,039 [ForkJoinPool.commonPool-worker-0] INFO  impl.RoleInfo (RoleInfo.java:shutdownFollowerState(121)) - 87fd7076-0834-4f8c-a36e-102ac7fe9c40: shutdown FollowerState
2019-08-28 06:54:19,040 [main] INFO  impl.PendingRequests (PendingRequests.java:sendNotLeaderResponses(202)) - cb63d383-7845-45fd-aceb-d6b4bea4aee4-PendingRequests: sendNotLeaderResponses
2019-08-28 06:54:19,040 [StateMachineUpdater:87fd7076-0834-4f8c-a36e-102ac7fe9c40:group-FB7DE9B29A7D] INFO  ratis.ContainerStateMachine (ContainerStateMachine.java:takeSnapshot(283)) - group-FB7DE9B29A7D: Taking a snapshot at:(t:1, i:14) file /workdir/hadoop-ozone/integration-test/target/test-dir/MiniOzoneClusterImpl-35d8354e-3007-428c-81c8-adfd2a58d98b/datanode-2/data/ratis/34d552d2-4f61-40b6-b3a4-fb7de9b29a7d/sm/snapshot.1_14
2019-08-28 06:54:19,040 [Thread-3705] INFO  impl.FollowerState (FollowerState.java:run(114)) - 87fd7076-0834-4f8c-a36e-102ac7fe9c40: FollowerState was interrupted: java.lang.InterruptedException: sleep interrupted
2019-08-28 06:54:19,040 [ForkJoinPool.commonPool-worker-0] INFO  impl.StateMachineUpdater (StateMachineUpdater.java:stopAndJoin(115)) - StateMachineUpdater:87fd7076-0834-4f8c-a36e-102ac7fe9c40:group-FB7DE9B29A7D: set stopIndex = 18
2019-08-28 06:54:19,040 [main] INFO  impl.StateMachineUpdater (StateMachineUpdater.java:stopAndJoin(115)) - StateMachineUpdater:cb63d383-7845-45fd-aceb-d6b4bea4aee4:group-BBF3DB9F685A: set stopIndex = 0
2019-08-28 06:54:19,044 [main] INFO  impl.RaftServerImpl (ServerState.java:close(394)) - cb63d383-7845-45fd-aceb-d6b4bea4aee4:group-BBF3DB9F685A closes. The last applied log index is 0
2019-08-28 06:54:19,044 [cb63d383-7845-45fd-aceb-d6b4bea4aee4-SegmentedRaftLogWorker:Storage Directory /workdir/hadoop-ozone/integration-test/target/test-dir/MiniOzoneClusterImpl-35d8354e-3007-428c-81c8-adfd2a58d98b/datanode-4/data/ratis/53e6fdda-8581-43f4-820c-bbf3db9f685a] INFO  segmented.SegmentedRaftLogWorker (SegmentedRaftLogWorker.java:run(313)) - cb63d383-7845-45fd-aceb-d6b4bea4aee4-SegmentedRaftLogWorker:Storage Directory /workdir/hadoop-ozone/integration-test/target/test-dir/MiniOzoneClusterImpl-35d8354e-3007-428c-81c8-adfd2a58d98b/datanode-4/data/ratis/53e6fdda-8581-43f4-820c-bbf3db9f685a was interrupted, exiting. There are 0 tasks remaining in the queue.
2019-08-28 06:54:19,052 [main] INFO  segmented.SegmentedRaftLogWorker (SegmentedRaftLogWorker.java:close(228)) - cb63d383-7845-45fd-aceb-d6b4bea4aee4-SegmentedRaftLogWorker:Storage Directory /workdir/hadoop-ozone/integration-test/target/test-dir/MiniOzoneClusterImpl-35d8354e-3007-428c-81c8-adfd2a58d98b/datanode-4/data/ratis/53e6fdda-8581-43f4-820c-bbf3db9f685a close()
2019-08-28 06:54:19,055 [main] INFO  impl.RaftServerImpl (RaftServerImpl.java:lambda$shutdown$3(245)) - cb63d383-7845-45fd-aceb-d6b4bea4aee4: shutdown group-E134278AF776
2019-08-28 06:54:19,055 [StateMachineUpdater:87fd7076-0834-4f8c-a36e-102ac7fe9c40:group-FB7DE9B29A7D] INFO  ratis.ContainerStateMachine (ContainerStateMachine.java:takeSnapshot(294)) - group-FB7DE9B29A7D: Finished taking a snapshot at:(t:1, i:14) file:/workdir/hadoop-ozone/integration-test/target/test-dir/MiniOzoneClusterImpl-35d8354e-3007-428c-81c8-adfd2a58d98b/datanode-2/data/ratis/34d552d2-4f61-40b6-b3a4-fb7de9b29a7d/sm/snapshot.1_14 time:15
2019-08-28 06:54:19,055 [main] INFO  util.JmxRegister (JmxRegister.java:unregister(73)) - Successfully un-registered JMX Bean with object name Ratis:service=RaftServer,group=group-E134278AF776,id=cb63d383-7845-45fd-aceb-d6b4bea4aee4
2019-08-28 06:54:19,055 [StateMachineUpdater:87fd7076-0834-4f8c-a36e-102ac7fe9c40:group-FB7DE9B29A7D] INFO  impl.StateMachineUpdater (StateMachineUpdater.java:takeSnapshot(242)) - StateMachineUpdater:87fd7076-0834-4f8c-a36e-102ac7fe9c40:group-FB7DE9B29A7D: Took a snapshot at index 14
2019-08-28 06:54:19,056 [main] INFO  impl.RoleInfo (RoleInfo.java:shutdownLeaderState(104)) - cb63d383-7845-45fd-aceb-d6b4bea4aee4: shutdown LeaderState
2019-08-28 06:54:19,056 [StateMachineUpdater:87fd7076-0834-4f8c-a36e-102ac7fe9c40:group-FB7DE9B29A7D] INFO  impl.StateMachineUpdater (StateMachineUpdater.java:lambda$new$0(80)) - StateMachineUpdater:87fd7076-0834-4f8c-a36e-102ac7fe9c40:group-FB7DE9B29A7D: snapshotIndex: updateIncreasingly -1 -> 14
2019-08-28 06:54:19,058 [org.apache.ratis.server.impl.LogAppender$AppenderDaemon$$Lambda$479/1864163761@761bf393] WARN  server.GrpcLogAppender (GrpcLogAppender.java:mayWait(143)) - GrpcLogAppender(cb63d383-7845-45fd-aceb-d6b4bea4aee4->e65f4345-a750-4eee-8a6b-22129dee7a8f): Wait interrupted by java.lang.InterruptedException
2019-08-28 06:54:19,058 [main] INFO  impl.PendingRequests (PendingRequests.java:sendNotLeaderResponses(202)) - cb63d383-7845-45fd-aceb-d6b4bea4aee4-PendingRequests: sendNotLeaderResponses
2019-08-28 06:54:19,058 [org.apache.ratis.server.impl.LogAppender$AppenderDaemon$$Lambda$479/1864163761@33197334] WARN  server.GrpcLogAppender (GrpcLogAppender.java:mayWait(143)) - GrpcLogAppender(cb63d383-7845-45fd-aceb-d6b4bea4aee4->e7706eca-30e7-4076-96c5-867c4236a33c): Wait interrupted by java.lang.InterruptedException
2019-08-28 06:54:19,059 [grpc-default-executor-10] INFO  server.GrpcServerProtocolService (GrpcServerProtocolService.java:onCompleted(104)) - e65f4345-a750-4eee-8a6b-22129dee7a8f: appendEntries completed
2019-08-28 06:54:19,062 [grpc-default-executor-8] INFO  server.GrpcServerProtocolService (GrpcServerProtocolService.java:onCompleted(104)) - e7706eca-30e7-4076-96c5-867c4236a33c: appendEntries completed
2019-08-28 06:54:19,062 [StateMachineUpdater:cb63d383-7845-45fd-aceb-d6b4bea4aee4:group-E134278AF776] INFO  ratis.ContainerStateMachine (ContainerStateMachine.java:takeSnapshot(283)) - group-E134278AF776: Taking a snapshot at:(t:1, i:14) file /workdir/hadoop-ozone/integration-test/target/test-dir/MiniOzoneClusterImpl-35d8354e-3007-428c-81c8-adfd2a58d98b/datanode-4/data/ratis/e8f78c85-2610-4123-9590-e134278af776/sm/snapshot.1_14
2019-08-28 06:54:19,059 [ForkJoinPool.commonPool-worker-0] INFO  impl.RaftServerImpl (ServerState.java:close(394)) - 87fd7076-0834-4f8c-a36e-102ac7fe9c40:group-FB7DE9B29A7D closes. The last applied log index is 18
2019-08-28 06:54:19,062 [grpc-default-executor-8] INFO  server.GrpcLogAppender (GrpcLogAppender.java:onCompleted(292)) - cb63d383-7845-45fd-aceb-d6b4bea4aee4->e7706eca-30e7-4076-96c5-867c4236a33c: follower responses appendEntries COMPLETED
2019-08-28 06:54:19,062 [grpc-default-executor-10] INFO  server.GrpcLogAppender (GrpcLogAppender.java:onCompleted(292)) - cb63d383-7845-45fd-aceb-d6b4bea4aee4->e65f4345-a750-4eee-8a6b-22129dee7a8f: follower responses appendEntries COMPLETED
2019-08-28 06:54:19,062 [main] INFO  impl.StateMachineUpdater (StateMachineUpdater.java:stopAndJoin(115)) - StateMachineUpdater:cb63d383-7845-45fd-aceb-d6b4bea4aee4:group-E134278AF776: set stopIndex = 16
2019-08-28 06:54:19,063 [grpc-default-executor-10] INFO  impl.FollowerInfo (FollowerInfo.java:lambda$new$0(50)) - cb63d383-7845-45fd-aceb-d6b4bea4aee4->e65f4345-a750-4eee-8a6b-22129dee7a8f: nextIndex: updateUnconditionally 17 -> 16
2019-08-28 06:54:19,062 [grpc-default-executor-8] INFO  impl.FollowerInfo (FollowerInfo.java:lambda$new$0(50)) - cb63d383-7845-45fd-aceb-d6b4bea4aee4->e7706eca-30e7-4076-96c5-867c4236a33c: nextIndex: updateUnconditionally 17 -> 16
2019-08-28 06:54:19,062 [87fd7076-0834-4f8c-a36e-102ac7fe9c40-SegmentedRaftLogWorker:Storage Directory /workdir/hadoop-ozone/integration-test/target/test-dir/MiniOzoneClusterImpl-35d8354e-3007-428c-81c8-adfd2a58d98b/datanode-2/data/ratis/34d552d2-4f61-40b6-b3a4-fb7de9b29a7d] INFO  segmented.SegmentedRaftLogWorker (SegmentedRaftLogWorker.java:run(313)) - 87fd7076-0834-4f8c-a36e-102ac7fe9c40-SegmentedRaftLogWorker:Storage Directory /workdir/hadoop-ozone/integration-test/target/test-dir/MiniOzoneClusterImpl-35d8354e-3007-428c-81c8-adfd2a58d98b/datanode-2/data/ratis/34d552d2-4f61-40b6-b3a4-fb7de9b29a7d was interrupted, exiting. There are 0 tasks remaining in the queue.
2019-08-28 06:54:19,065 [ForkJoinPool.commonPool-worker-0] INFO  segmented.SegmentedRaftLogWorker (SegmentedRaftLogWorker.java:close(228)) - 87fd7076-0834-4f8c-a36e-102ac7fe9c40-SegmentedRaftLogWorker:Storage Directory /workdir/hadoop-ozone/integration-test/target/test-dir/MiniOzoneClusterImpl-35d8354e-3007-428c-81c8-adfd2a58d98b/datanode-2/data/ratis/34d552d2-4f61-40b6-b3a4-fb7de9b29a7d close()
2019-08-28 06:54:19,068 [ForkJoinPool.commonPool-worker-0] INFO  impl.RaftServerImpl (RaftServerImpl.java:lambda$shutdown$3(245)) - 87fd7076-0834-4f8c-a36e-102ac7fe9c40: shutdown group-CC47AC649BDF
2019-08-28 06:54:19,068 [ForkJoinPool.commonPool-worker-0] INFO  util.JmxRegister (JmxRegister.java:unregister(73)) - Successfully un-registered JMX Bean with object name Ratis:service=RaftServer,group=group-CC47AC649BDF,id=87fd7076-0834-4f8c-a36e-102ac7fe9c40
2019-08-28 06:54:19,068 [ForkJoinPool.commonPool-worker-0] INFO  impl.RoleInfo (RoleInfo.java:shutdownLeaderState(104)) - 87fd7076-0834-4f8c-a36e-102ac7fe9c40: shutdown LeaderState
2019-08-28 06:54:19,068 [ForkJoinPool.commonPool-worker-0] INFO  impl.PendingRequests (PendingRequests.java:sendNotLeaderResponses(202)) - 87fd7076-0834-4f8c-a36e-102ac7fe9c40-PendingRequests: sendNotLeaderResponses
2019-08-28 06:54:19,069 [ForkJoinPool.commonPool-worker-0] INFO  impl.StateMachineUpdater (StateMachineUpdater.java:stopAndJoin(115)) - StateMachineUpdater:87fd7076-0834-4f8c-a36e-102ac7fe9c40:group-CC47AC649BDF: set stopIndex = 0
2019-08-28 06:54:19,069 [ForkJoinPool.commonPool-worker-0] INFO  impl.RaftServerImpl (ServerState.java:close(394)) - 87fd7076-0834-4f8c-a36e-102ac7fe9c40:group-CC47AC649BDF closes. The last applied log index is 0
2019-08-28 06:54:19,069 [87fd7076-0834-4f8c-a36e-102ac7fe9c40-SegmentedRaftLogWorker:Storage Directory /workdir/hadoop-ozone/integration-test/target/test-dir/MiniOzoneClusterImpl-35d8354e-3007-428c-81c8-adfd2a58d98b/datanode-2/data/ratis/1096fa4a-8136-4dd6-b4d9-cc47ac649bdf] INFO  segmented.SegmentedRaftLogWorker (SegmentedRaftLogWorker.java:run(313)) - 87fd7076-0834-4f8c-a36e-102ac7fe9c40-SegmentedRaftLogWorker:Storage Directory /workdir/hadoop-ozone/integration-test/target/test-dir/MiniOzoneClusterImpl-35d8354e-3007-428c-81c8-adfd2a58d98b/datanode-2/data/ratis/1096fa4a-8136-4dd6-b4d9-cc47ac649bdf was interrupted, exiting. There are 0 tasks remaining in the queue.
2019-08-28 06:54:19,071 [ForkJoinPool.commonPool-worker-0] INFO  segmented.SegmentedRaftLogWorker (SegmentedRaftLogWorker.java:close(228)) - 87fd7076-0834-4f8c-a36e-102ac7fe9c40-SegmentedRaftLogWorker:Storage Directory /workdir/hadoop-ozone/integration-test/target/test-dir/MiniOzoneClusterImpl-35d8354e-3007-428c-81c8-adfd2a58d98b/datanode-2/data/ratis/1096fa4a-8136-4dd6-b4d9-cc47ac649bdf close()
2019-08-28 06:54:19,073 [ForkJoinPool.commonPool-worker-0] INFO  server.GrpcService (GrpcService.java:closeImpl(155)) - 87fd7076-0834-4f8c-a36e-102ac7fe9c40: shutdown server with port 36836 now
2019-08-28 06:54:19,074 [grpc-default-executor-9] WARN  server.GrpcServerProtocolService (LogUtils.java:warn(134)) - 87fd7076-0834-4f8c-a36e-102ac7fe9c40: appendEntries onError: org.apache.ratis.thirdparty.io.grpc.StatusRuntimeException: CANCELLED: cancelled before receiving half close
2019-08-28 06:54:19,074 [ForkJoinPool.commonPool-worker-0] INFO  server.GrpcService (GrpcService.java:closeImpl(163)) - 87fd7076-0834-4f8c-a36e-102ac7fe9c40: shutdown server with port 36836 successfully
2019-08-28 06:54:19,074 [StateMachineUpdater:cb63d383-7845-45fd-aceb-d6b4bea4aee4:group-E134278AF776] INFO  ratis.ContainerStateMachine (ContainerStateMachine.java:takeSnapshot(294)) - group-E134278AF776: Finished taking a snapshot at:(t:1, i:14) file:/workdir/hadoop-ozone/integration-test/target/test-dir/MiniOzoneClusterImpl-35d8354e-3007-428c-81c8-adfd2a58d98b/datanode-4/data/ratis/e8f78c85-2610-4123-9590-e134278af776/sm/snapshot.1_14 time:13
2019-08-28 06:54:19,074 [grpc-default-executor-8] WARN  server.GrpcLogAppender (LogUtils.java:warn(134)) - f3f62326-8b92-46e7-9f36-b9cac99ba129->87fd7076-0834-4f8c-a36e-102ac7fe9c40: Failed appendEntries: org.apache.ratis.thirdparty.io.grpc.StatusRuntimeException: CANCELLED: HTTP/2 error code: CANCEL
Received Rst Stream
2019-08-28 06:54:19,074 [StateMachineUpdater:cb63d383-7845-45fd-aceb-d6b4bea4aee4:group-E134278AF776] INFO  impl.StateMachineUpdater (StateMachineUpdater.java:takeSnapshot(242)) - StateMachineUpdater:cb63d383-7845-45fd-aceb-d6b4bea4aee4:group-E134278AF776: Took a snapshot at index 14
2019-08-28 06:54:19,075 [StateMachineUpdater:cb63d383-7845-45fd-aceb-d6b4bea4aee4:group-E134278AF776] INFO  impl.StateMachineUpdater (StateMachineUpdater.java:lambda$new$0(80)) - StateMachineUpdater:cb63d383-7845-45fd-aceb-d6b4bea4aee4:group-E134278AF776: snapshotIndex: updateIncreasingly -1 -> 14
2019-08-28 06:54:19,075 [grpc-default-executor-8] INFO  impl.FollowerInfo (FollowerInfo.java:lambda$new$0(50)) - f3f62326-8b92-46e7-9f36-b9cac99ba129->87fd7076-0834-4f8c-a36e-102ac7fe9c40: nextIndex: updateUnconditionally 19 -> 18
2019-08-28 06:54:19,075 [main] INFO  impl.RaftServerImpl (ServerState.java:close(394)) - cb63d383-7845-45fd-aceb-d6b4bea4aee4:group-E134278AF776 closes. The last applied log index is 16
2019-08-28 06:54:19,076 [cb63d383-7845-45fd-aceb-d6b4bea4aee4-SegmentedRaftLogWorker:Storage Directory /workdir/hadoop-ozone/integration-test/target/test-dir/MiniOzoneClusterImpl-35d8354e-3007-428c-81c8-adfd2a58d98b/datanode-4/data/ratis/e8f78c85-2610-4123-9590-e134278af776] INFO  segmented.SegmentedRaftLogWorker (SegmentedRaftLogWorker.java:run(313)) - cb63d383-7845-45fd-aceb-d6b4bea4aee4-SegmentedRaftLogWorker:Storage Directory /workdir/hadoop-ozone/integration-test/target/test-dir/MiniOzoneClusterImpl-35d8354e-3007-428c-81c8-adfd2a58d98b/datanode-4/data/ratis/e8f78c85-2610-4123-9590-e134278af776 was interrupted, exiting. There are 0 tasks remaining in the queue.
2019-08-28 06:54:19,078 [main] INFO  segmented.SegmentedRaftLogWorker (SegmentedRaftLogWorker.java:close(228)) - cb63d383-7845-45fd-aceb-d6b4bea4aee4-SegmentedRaftLogWorker:Storage Directory /workdir/hadoop-ozone/integration-test/target/test-dir/MiniOzoneClusterImpl-35d8354e-3007-428c-81c8-adfd2a58d98b/datanode-4/data/ratis/e8f78c85-2610-4123-9590-e134278af776 close()
2019-08-28 06:54:19,078 [ForkJoinPool.commonPool-worker-0] INFO  utils.BackgroundService (BackgroundService.java:shutdown(148)) - Shutting down service BlockDeletingService
2019-08-28 06:54:19,080 [main] INFO  server.GrpcService (GrpcService.java:closeImpl(155)) - cb63d383-7845-45fd-aceb-d6b4bea4aee4: shutdown server with port 39975 now
2019-08-28 06:54:19,081 [grpc-default-executor-9] WARN  client.GrpcClientProtocolService (LogUtils.java:warn(134)) - 1-UnorderedRequestStreamObserver1: onError: org.apache.ratis.thirdparty.io.grpc.StatusRuntimeException: CANCELLED: cancelled before receiving half close
2019-08-28 06:54:19,081 [main] INFO  server.GrpcService (GrpcService.java:closeImpl(163)) - cb63d383-7845-45fd-aceb-d6b4bea4aee4: shutdown server with port 39975 successfully
2019-08-28 06:54:19,082 [refreshUsed-/workdir/hadoop-ozone/integration-test/target/test-dir/MiniOzoneClusterImpl-35d8354e-3007-428c-81c8-adfd2a58d98b/datanode-2/data/containers] WARN  fs.CachingGetSpaceUsed (CachingGetSpaceUsed.java:run(183)) - Thread Interrupted waiting to refresh disk information: sleep interrupted
2019-08-28 06:54:19,084 [main] INFO  utils.BackgroundService (BackgroundService.java:shutdown(148)) - Shutting down service BlockDeletingService
2019-08-28 06:54:19,090 [refreshUsed-/workdir/hadoop-ozone/integration-test/target/test-dir/MiniOzoneClusterImpl-35d8354e-3007-428c-81c8-adfd2a58d98b/datanode-4/data/containers] WARN  fs.CachingGetSpaceUsed (CachingGetSpaceUsed.java:run(183)) - Thread Interrupted waiting to refresh disk information: sleep interrupted
2019-08-28 06:54:19,103 [main] INFO  statemachine.DatanodeStateMachine (DatanodeStateMachine.java:stopDaemon(395)) - Ozone container server stopped.
2019-08-28 06:54:19,104 [main] INFO  handler.ContextHandler (ContextHandler.java:doStop(910)) - Stopped o.e.j.w.WebAppContext@18d76c14{/,null,UNAVAILABLE}{/hddsDatanode}
2019-08-28 06:54:19,104 [main] INFO  server.AbstractConnector (AbstractConnector.java:doStop(318)) - Stopped ServerConnector@517f9ba3{HTTP/1.1,[http/1.1]}{0.0.0.0:0}
2019-08-28 06:54:19,105 [main] INFO  handler.ContextHandler (ContextHandler.java:doStop(910)) - Stopped o.e.j.s.ServletContextHandler@678db8be{/static,jar:file:/home/user/.m2/repository/org/apache/hadoop/hadoop-hdds-container-service/0.5.0-SNAPSHOT/hadoop-hdds-container-service-0.5.0-SNAPSHOT.jar!/webapps/static,UNAVAILABLE}
2019-08-28 06:54:19,105 [main] INFO  handler.ContextHandler (ContextHandler.java:doStop(910)) - Stopped o.e.j.s.ServletContextHandler@54eea16c{/logs,file:///workdir/hadoop-ozone/integration-test/target/log,UNAVAILABLE}
2019-08-28 06:54:19,106 [main] INFO  datanode.ObjectStoreHandler (ObjectStoreHandler.java:close(155)) - Closing ObjectStoreHandler.
2019-08-28 06:54:19,106 [main] INFO  ozone.HddsDatanodeService (HddsDatanodeService.java:stop(451)) - Stopped plug-in org.apache.hadoop.ozone.web.OzoneHddsDatanodeService@1b6982e4
2019-08-28 06:54:19,110 [ForkJoinPool.commonPool-worker-0] INFO  statemachine.DatanodeStateMachine (DatanodeStateMachine.java:stopDaemon(395)) - Ozone container server stopped.
2019-08-28 06:54:19,115 [ForkJoinPool.commonPool-worker-0] INFO  handler.ContextHandler (ContextHandler.java:doStop(910)) - Stopped o.e.j.w.WebAppContext@56d4481f{/,null,UNAVAILABLE}{/hddsDatanode}
2019-08-28 06:54:19,116 [ForkJoinPool.commonPool-worker-0] INFO  server.AbstractConnector (AbstractConnector.java:doStop(318)) - Stopped ServerConnector@625430f8{HTTP/1.1,[http/1.1]}{0.0.0.0:0}
2019-08-28 06:54:19,117 [ForkJoinPool.commonPool-worker-0] INFO  handler.ContextHandler (ContextHandler.java:doStop(910)) - Stopped o.e.j.s.ServletContextHandler@14e8304b{/static,jar:file:/home/user/.m2/repository/org/apache/hadoop/hadoop-hdds-container-service/0.5.0-SNAPSHOT/hadoop-hdds-container-service-0.5.0-SNAPSHOT.jar!/webapps/static,UNAVAILABLE}
2019-08-28 06:54:19,118 [ForkJoinPool.commonPool-worker-0] INFO  handler.ContextHandler (ContextHandler.java:doStop(910)) - Stopped o.e.j.s.ServletContextHandler@13a35d3b{/logs,file:///workdir/hadoop-ozone/integration-test/target/log,UNAVAILABLE}
2019-08-28 06:54:19,119 [ForkJoinPool.commonPool-worker-0] INFO  datanode.ObjectStoreHandler (ObjectStoreHandler.java:close(155)) - Closing ObjectStoreHandler.
2019-08-28 06:54:19,119 [ForkJoinPool.commonPool-worker-0] INFO  ozone.HddsDatanodeService (HddsDatanodeService.java:stop(451)) - Stopped plug-in org.apache.hadoop.ozone.web.OzoneHddsDatanodeService@7df1fc5a
2019-08-28 06:54:19,202 [Datanode State Machine Thread - 0] INFO  statemachine.DatanodeStateMachine (DatanodeStateMachine.java:lambda$startDaemon$0(350)) - Ozone container server started.
2019-08-28 06:54:19,796 [Datanode State Machine Thread - 0] INFO  statemachine.DatanodeStateMachine (DatanodeStateMachine.java:lambda$startDaemon$0(350)) - Ozone container server started.
2019-08-28 06:54:19,797 | INFO  | SCMAudit | user=jenkins1000 | ip=192.168.36.66 | op=SEND_HEARTBEAT {datanodeUUID=e65f4345-a750-4eee-8a6b-22129dee7a8f, command=[commandType: closeContainerCommand closeContainerCommandProto { containerID: 2 pipelineID { id: "e8f78c85-2610-4123-9590-e134278af776" } cmdId: 2 force: false } ]} | ret=SUCCESS |  
2019-08-28 06:54:19,948 | INFO  | SCMAudit | user=jenkins1000 | ip=192.168.36.66 | op=SEND_HEARTBEAT {datanodeUUID=763fef36-99f7-4ef0-acc1-5c6529809efb, command=[]} | ret=SUCCESS |  
2019-08-28 06:54:20,227 [grpc-default-executor-10] WARN  server.GrpcLogAppender (LogUtils.java:warn(134)) - f3f62326-8b92-46e7-9f36-b9cac99ba129->87fd7076-0834-4f8c-a36e-102ac7fe9c40: Failed appendEntries: org.apache.ratis.thirdparty.io.grpc.StatusRuntimeException: UNAVAILABLE: io exception
2019-08-28 06:54:20,228 [grpc-default-executor-10] INFO  impl.FollowerInfo (FollowerInfo.java:lambda$new$0(50)) - f3f62326-8b92-46e7-9f36-b9cac99ba129->87fd7076-0834-4f8c-a36e-102ac7fe9c40: nextIndex: updateUnconditionally 18 -> 17
2019-08-28 06:54:20,231 [grpc-default-executor-10] WARN  server.GrpcLogAppender (LogUtils.java:warn(134)) - f3f62326-8b92-46e7-9f36-b9cac99ba129->950a0533-9469-43b5-b9c4-edf7c4baab0a: Failed appendEntries: org.apache.ratis.thirdparty.io.grpc.StatusRuntimeException: UNAVAILABLE: io exception
2019-08-28 06:54:20,231 [grpc-default-executor-10] INFO  impl.FollowerInfo (FollowerInfo.java:lambda$new$0(50)) - f3f62326-8b92-46e7-9f36-b9cac99ba129->950a0533-9469-43b5-b9c4-edf7c4baab0a: nextIndex: updateUnconditionally 0 -> 0
2019-08-28 06:54:20,797 | INFO  | SCMAudit | user=jenkins1000 | ip=192.168.36.66 | op=SEND_HEARTBEAT {datanodeUUID=e65f4345-a750-4eee-8a6b-22129dee7a8f, command=[]} | ret=SUCCESS |  
2019-08-28 06:54:20,948 | INFO  | SCMAudit | user=jenkins1000 | ip=192.168.36.66 | op=SEND_HEARTBEAT {datanodeUUID=763fef36-99f7-4ef0-acc1-5c6529809efb, command=[]} | ret=SUCCESS |  
2019-08-28 06:54:21,798 | INFO  | SCMAudit | user=jenkins1000 | ip=192.168.36.66 | op=SEND_HEARTBEAT {datanodeUUID=e65f4345-a750-4eee-8a6b-22129dee7a8f, command=[]} | ret=SUCCESS |  
2019-08-28 06:54:21,814 | INFO  | SCMAudit | user=jenkins1000 | ip=192.168.36.66 | op=SEND_HEARTBEAT {datanodeUUID=e65f4345-a750-4eee-8a6b-22129dee7a8f, command=[]} | ret=SUCCESS |  
2019-08-28 06:54:21,948 | INFO  | SCMAudit | user=jenkins1000 | ip=192.168.36.66 | op=SEND_HEARTBEAT {datanodeUUID=763fef36-99f7-4ef0-acc1-5c6529809efb, command=[]} | ret=SUCCESS |  
2019-08-28 06:54:22,729 [grpc-default-executor-10] WARN  server.GrpcLogAppender (LogUtils.java:warn(134)) - f3f62326-8b92-46e7-9f36-b9cac99ba129->87fd7076-0834-4f8c-a36e-102ac7fe9c40: Failed appendEntries: org.apache.ratis.thirdparty.io.grpc.StatusRuntimeException: UNAVAILABLE: io exception
2019-08-28 06:54:22,729 [grpc-default-executor-10] INFO  impl.FollowerInfo (FollowerInfo.java:lambda$new$0(50)) - f3f62326-8b92-46e7-9f36-b9cac99ba129->87fd7076-0834-4f8c-a36e-102ac7fe9c40: nextIndex: updateUnconditionally 17 -> 16
2019-08-28 06:54:22,731 [grpc-default-executor-8] WARN  server.GrpcLogAppender (LogUtils.java:warn(134)) - f3f62326-8b92-46e7-9f36-b9cac99ba129->950a0533-9469-43b5-b9c4-edf7c4baab0a: Failed appendEntries: org.apache.ratis.thirdparty.io.grpc.StatusRuntimeException: UNAVAILABLE: io exception
2019-08-28 06:54:22,732 [grpc-default-executor-8] INFO  impl.FollowerInfo (FollowerInfo.java:lambda$new$0(50)) - f3f62326-8b92-46e7-9f36-b9cac99ba129->950a0533-9469-43b5-b9c4-edf7c4baab0a: nextIndex: updateUnconditionally 0 -> 0
2019-08-28 06:54:22,815 | INFO  | SCMAudit | user=jenkins1000 | ip=192.168.36.66 | op=SEND_HEARTBEAT {datanodeUUID=e65f4345-a750-4eee-8a6b-22129dee7a8f, command=[]} | ret=SUCCESS |  
2019-08-28 06:54:22,947 | INFO  | SCMAudit | user=jenkins1000 | ip=192.168.36.66 | op=SEND_HEARTBEAT {datanodeUUID=763fef36-99f7-4ef0-acc1-5c6529809efb, command=[]} | ret=SUCCESS |  
2019-08-28 06:54:23,260 [EventQueue-StaleNodeForStaleNodeHandler] INFO  node.StaleNodeHandler (StaleNodeHandler.java:onMessage(58)) - Datanode f3f62326-8b92-46e7-9f36-b9cac99ba129{ip: 192.168.36.66, host: pr-hdds-1553-ns4jj-3895572740, networkLocation: /default-rack, certSerialId: null} moved to stale state. Finalizing its pipelines [PipelineID=e985043a-af0e-4c8c-ba9a-4909e24ea900, PipelineID=34d552d2-4f61-40b6-b3a4-fb7de9b29a7d]
2019-08-28 06:54:23,261 [EventQueue-StaleNodeForStaleNodeHandler] INFO  pipeline.SCMPipelineManager (SCMPipelineManager.java:finalizeAndDestroyPipeline(309)) - destroying pipeline:Pipeline[ Id: e985043a-af0e-4c8c-ba9a-4909e24ea900, Nodes: f3f62326-8b92-46e7-9f36-b9cac99ba129{ip: 192.168.36.66, host: pr-hdds-1553-ns4jj-3895572740, networkLocation: /default-rack, certSerialId: null}, Type:RATIS, Factor:ONE, State:OPEN]
2019-08-28 06:54:23,261 [EventQueue-StaleNodeForStaleNodeHandler] INFO  pipeline.PipelineStateManager (PipelineStateManager.java:finalizePipeline(123)) - Pipeline Pipeline[ Id: e985043a-af0e-4c8c-ba9a-4909e24ea900, Nodes: f3f62326-8b92-46e7-9f36-b9cac99ba129{ip: 192.168.36.66, host: pr-hdds-1553-ns4jj-3895572740, networkLocation: /default-rack, certSerialId: null}, Type:RATIS, Factor:ONE, State:CLOSED] moved to CLOSED state
2019-08-28 06:54:23,261 [EventQueue-StaleNodeForStaleNodeHandler] INFO  pipeline.SCMPipelineManager (SCMPipelineManager.java:finalizeAndDestroyPipeline(309)) - destroying pipeline:Pipeline[ Id: 34d552d2-4f61-40b6-b3a4-fb7de9b29a7d, Nodes: 950a0533-9469-43b5-b9c4-edf7c4baab0a{ip: 192.168.36.66, host: pr-hdds-1553-ns4jj-3895572740, networkLocation: /default-rack, certSerialId: null}87fd7076-0834-4f8c-a36e-102ac7fe9c40{ip: 192.168.36.66, host: pr-hdds-1553-ns4jj-3895572740, networkLocation: /default-rack, certSerialId: null}f3f62326-8b92-46e7-9f36-b9cac99ba129{ip: 192.168.36.66, host: pr-hdds-1553-ns4jj-3895572740, networkLocation: /default-rack, certSerialId: null}, Type:RATIS, Factor:THREE, State:CLOSED]
2019-08-28 06:54:23,815 | INFO  | SCMAudit | user=jenkins1000 | ip=192.168.36.66 | op=SEND_HEARTBEAT {datanodeUUID=e65f4345-a750-4eee-8a6b-22129dee7a8f, command=[]} | ret=SUCCESS |  
2019-08-28 06:54:23,861 [EventQueue-StaleNodeForStaleNodeHandler] INFO  node.StaleNodeHandler (StaleNodeHandler.java:onMessage(58)) - Datanode e7706eca-30e7-4076-96c5-867c4236a33c{ip: 192.168.36.66, host: pr-hdds-1553-ns4jj-3895572740, networkLocation: /default-rack, certSerialId: null} moved to stale state. Finalizing its pipelines [PipelineID=e8f78c85-2610-4123-9590-e134278af776, PipelineID=47b32ff2-6316-41ca-9d47-4ee0041ef38b]
2019-08-28 06:54:23,862 [EventQueue-StaleNodeForStaleNodeHandler] INFO  pipeline.SCMPipelineManager (SCMPipelineManager.java:finalizeAndDestroyPipeline(309)) - destroying pipeline:Pipeline[ Id: e8f78c85-2610-4123-9590-e134278af776, Nodes: cb63d383-7845-45fd-aceb-d6b4bea4aee4{ip: 192.168.36.66, host: pr-hdds-1553-ns4jj-3895572740, networkLocation: /default-rack, certSerialId: null}e7706eca-30e7-4076-96c5-867c4236a33c{ip: 192.168.36.66, host: pr-hdds-1553-ns4jj-3895572740, networkLocation: /default-rack, certSerialId: null}e65f4345-a750-4eee-8a6b-22129dee7a8f{ip: 192.168.36.66, host: pr-hdds-1553-ns4jj-3895572740, networkLocation: /default-rack, certSerialId: null}, Type:RATIS, Factor:THREE, State:CLOSED]
2019-08-28 06:54:23,862 [EventQueue-StaleNodeForStaleNodeHandler] INFO  pipeline.SCMPipelineManager (SCMPipelineManager.java:finalizeAndDestroyPipeline(309)) - destroying pipeline:Pipeline[ Id: 47b32ff2-6316-41ca-9d47-4ee0041ef38b, Nodes: e7706eca-30e7-4076-96c5-867c4236a33c{ip: 192.168.36.66, host: pr-hdds-1553-ns4jj-3895572740, networkLocation: /default-rack, certSerialId: null}, Type:RATIS, Factor:ONE, State:OPEN]
2019-08-28 06:54:23,862 [EventQueue-StaleNodeForStaleNodeHandler] INFO  pipeline.PipelineStateManager (PipelineStateManager.java:finalizePipeline(123)) - Pipeline Pipeline[ Id: 47b32ff2-6316-41ca-9d47-4ee0041ef38b, Nodes: e7706eca-30e7-4076-96c5-867c4236a33c{ip: 192.168.36.66, host: pr-hdds-1553-ns4jj-3895572740, networkLocation: /default-rack, certSerialId: null}, Type:RATIS, Factor:ONE, State:CLOSED] moved to CLOSED state
2019-08-28 06:54:23,947 | INFO  | SCMAudit | user=jenkins1000 | ip=192.168.36.66 | op=SEND_HEARTBEAT {datanodeUUID=763fef36-99f7-4ef0-acc1-5c6529809efb, command=[]} | ret=SUCCESS |  
2019-08-28 06:54:24,107 [main] INFO  ozoneimpl.OzoneContainer (OzoneContainer.java:stop(199)) - Attempting to stop container services.
2019-08-28 06:54:24,108 [main] INFO  impl.RaftServerProxy (RaftServerProxy.java:lambda$close$4(314)) - e7706eca-30e7-4076-96c5-867c4236a33c: close
2019-08-28 06:54:24,108 [main] INFO  impl.RaftServerImpl (RaftServerImpl.java:lambda$shutdown$3(245)) - e7706eca-30e7-4076-96c5-867c4236a33c: shutdown group-E134278AF776
2019-08-28 06:54:24,109 [main] INFO  util.JmxRegister (JmxRegister.java:unregister(73)) - Successfully un-registered JMX Bean with object name Ratis:service=RaftServer,group=group-E134278AF776,id=e7706eca-30e7-4076-96c5-867c4236a33c
2019-08-28 06:54:24,109 [main] INFO  impl.RoleInfo (RoleInfo.java:shutdownFollowerState(121)) - e7706eca-30e7-4076-96c5-867c4236a33c: shutdown FollowerState
2019-08-28 06:54:24,110 [main] INFO  impl.StateMachineUpdater (StateMachineUpdater.java:stopAndJoin(115)) - StateMachineUpdater:e7706eca-30e7-4076-96c5-867c4236a33c:group-E134278AF776: set stopIndex = 16
2019-08-28 06:54:24,110 [Thread-3578] INFO  impl.FollowerState (FollowerState.java:run(114)) - e7706eca-30e7-4076-96c5-867c4236a33c: FollowerState was interrupted: java.lang.InterruptedException: sleep interrupted
2019-08-28 06:54:24,110 [StateMachineUpdater:e7706eca-30e7-4076-96c5-867c4236a33c:group-E134278AF776] INFO  ratis.ContainerStateMachine (ContainerStateMachine.java:takeSnapshot(283)) - group-E134278AF776: Taking a snapshot at:(t:1, i:14) file /workdir/hadoop-ozone/integration-test/target/test-dir/MiniOzoneClusterImpl-35d8354e-3007-428c-81c8-adfd2a58d98b/datanode-3/data/ratis/e8f78c85-2610-4123-9590-e134278af776/sm/snapshot.1_14
2019-08-28 06:54:24,120 [ForkJoinPool.commonPool-worker-0] INFO  ozoneimpl.OzoneContainer (OzoneContainer.java:stop(199)) - Attempting to stop container services.
2019-08-28 06:54:24,120 [ForkJoinPool.commonPool-worker-0] INFO  impl.RaftServerProxy (RaftServerProxy.java:lambda$close$4(314)) - f3f62326-8b92-46e7-9f36-b9cac99ba129: close
2019-08-28 06:54:24,121 [ForkJoinPool.commonPool-worker-0] INFO  impl.RaftServerImpl (RaftServerImpl.java:lambda$shutdown$3(245)) - f3f62326-8b92-46e7-9f36-b9cac99ba129: shutdown group-4909E24EA900
2019-08-28 06:54:24,121 [ForkJoinPool.commonPool-worker-0] INFO  util.JmxRegister (JmxRegister.java:unregister(73)) - Successfully un-registered JMX Bean with object name Ratis:service=RaftServer,group=group-4909E24EA900,id=f3f62326-8b92-46e7-9f36-b9cac99ba129
2019-08-28 06:54:24,121 [ForkJoinPool.commonPool-worker-0] INFO  impl.RoleInfo (RoleInfo.java:shutdownLeaderState(104)) - f3f62326-8b92-46e7-9f36-b9cac99ba129: shutdown LeaderState
2019-08-28 06:54:24,121 [ForkJoinPool.commonPool-worker-0] INFO  impl.PendingRequests (PendingRequests.java:sendNotLeaderResponses(202)) - f3f62326-8b92-46e7-9f36-b9cac99ba129-PendingRequests: sendNotLeaderResponses
2019-08-28 06:54:24,121 [ForkJoinPool.commonPool-worker-0] INFO  impl.StateMachineUpdater (StateMachineUpdater.java:stopAndJoin(115)) - StateMachineUpdater:f3f62326-8b92-46e7-9f36-b9cac99ba129:group-4909E24EA900: set stopIndex = 0
2019-08-28 06:54:24,122 [ForkJoinPool.commonPool-worker-0] INFO  impl.RaftServerImpl (ServerState.java:close(394)) - f3f62326-8b92-46e7-9f36-b9cac99ba129:group-4909E24EA900 closes. The last applied log index is 0
2019-08-28 06:54:24,122 [f3f62326-8b92-46e7-9f36-b9cac99ba129-SegmentedRaftLogWorker:Storage Directory /workdir/hadoop-ozone/integration-test/target/test-dir/MiniOzoneClusterImpl-35d8354e-3007-428c-81c8-adfd2a58d98b/datanode-0/data/ratis/e985043a-af0e-4c8c-ba9a-4909e24ea900] INFO  segmented.SegmentedRaftLogWorker (SegmentedRaftLogWorker.java:run(313)) - f3f62326-8b92-46e7-9f36-b9cac99ba129-SegmentedRaftLogWorker:Storage Directory /workdir/hadoop-ozone/integration-test/target/test-dir/MiniOzoneClusterImpl-35d8354e-3007-428c-81c8-adfd2a58d98b/datanode-0/data/ratis/e985043a-af0e-4c8c-ba9a-4909e24ea900 was interrupted, exiting. There are 0 tasks remaining in the queue.
2019-08-28 06:54:24,124 [ForkJoinPool.commonPool-worker-0] INFO  segmented.SegmentedRaftLogWorker (SegmentedRaftLogWorker.java:close(228)) - f3f62326-8b92-46e7-9f36-b9cac99ba129-SegmentedRaftLogWorker:Storage Directory /workdir/hadoop-ozone/integration-test/target/test-dir/MiniOzoneClusterImpl-35d8354e-3007-428c-81c8-adfd2a58d98b/datanode-0/data/ratis/e985043a-af0e-4c8c-ba9a-4909e24ea900 close()
2019-08-28 06:54:24,127 [StateMachineUpdater:e7706eca-30e7-4076-96c5-867c4236a33c:group-E134278AF776] INFO  ratis.ContainerStateMachine (ContainerStateMachine.java:takeSnapshot(294)) - group-E134278AF776: Finished taking a snapshot at:(t:1, i:14) file:/workdir/hadoop-ozone/integration-test/target/test-dir/MiniOzoneClusterImpl-35d8354e-3007-428c-81c8-adfd2a58d98b/datanode-3/data/ratis/e8f78c85-2610-4123-9590-e134278af776/sm/snapshot.1_14 time:17
2019-08-28 06:54:24,127 [ForkJoinPool.commonPool-worker-0] INFO  impl.RaftServerImpl (RaftServerImpl.java:lambda$shutdown$3(245)) - f3f62326-8b92-46e7-9f36-b9cac99ba129: shutdown group-FB7DE9B29A7D
2019-08-28 06:54:24,127 [StateMachineUpdater:e7706eca-30e7-4076-96c5-867c4236a33c:group-E134278AF776] INFO  impl.StateMachineUpdater (StateMachineUpdater.java:takeSnapshot(242)) - StateMachineUpdater:e7706eca-30e7-4076-96c5-867c4236a33c:group-E134278AF776: Took a snapshot at index 14
2019-08-28 06:54:24,127 [ForkJoinPool.commonPool-worker-0] INFO  util.JmxRegister (JmxRegister.java:unregister(73)) - Successfully un-registered JMX Bean with object name Ratis:service=RaftServer,group=group-FB7DE9B29A7D,id=f3f62326-8b92-46e7-9f36-b9cac99ba129
2019-08-28 06:54:24,128 [StateMachineUpdater:e7706eca-30e7-4076-96c5-867c4236a33c:group-E134278AF776] INFO  impl.StateMachineUpdater (StateMachineUpdater.java:lambda$new$0(80)) - StateMachineUpdater:e7706eca-30e7-4076-96c5-867c4236a33c:group-E134278AF776: snapshotIndex: updateIncreasingly -1 -> 14
2019-08-28 06:54:24,128 [ForkJoinPool.commonPool-worker-0] INFO  impl.RoleInfo (RoleInfo.java:shutdownLeaderState(104)) - f3f62326-8b92-46e7-9f36-b9cac99ba129: shutdown LeaderState
2019-08-28 06:54:24,131 [main] INFO  impl.RaftServerImpl (ServerState.java:close(394)) - e7706eca-30e7-4076-96c5-867c4236a33c:group-E134278AF776 closes. The last applied log index is 16
2019-08-28 06:54:24,131 [org.apache.ratis.server.impl.LogAppender$AppenderDaemon$$Lambda$479/1864163761@7dda6a] WARN  server.GrpcLogAppender (GrpcLogAppender.java:mayWait(143)) - GrpcLogAppender(f3f62326-8b92-46e7-9f36-b9cac99ba129->87fd7076-0834-4f8c-a36e-102ac7fe9c40): Wait interrupted by java.lang.InterruptedException
2019-08-28 06:54:24,131 [org.apache.ratis.server.impl.LogAppender$AppenderDaemon$$Lambda$479/1864163761@2ce8b66d] WARN  server.GrpcLogAppender (GrpcLogAppender.java:mayWait(143)) - GrpcLogAppender(f3f62326-8b92-46e7-9f36-b9cac99ba129->950a0533-9469-43b5-b9c4-edf7c4baab0a): Wait interrupted by java.lang.InterruptedException
2019-08-28 06:54:24,131 [ForkJoinPool.commonPool-worker-0] INFO  impl.PendingRequests (PendingRequests.java:sendNotLeaderResponses(202)) - f3f62326-8b92-46e7-9f36-b9cac99ba129-PendingRequests: sendNotLeaderResponses
2019-08-28 06:54:24,131 [e7706eca-30e7-4076-96c5-867c4236a33c-SegmentedRaftLogWorker:Storage Directory /workdir/hadoop-ozone/integration-test/target/test-dir/MiniOzoneClusterImpl-35d8354e-3007-428c-81c8-adfd2a58d98b/datanode-3/data/ratis/e8f78c85-2610-4123-9590-e134278af776] INFO  segmented.SegmentedRaftLogWorker (SegmentedRaftLogWorker.java:run(313)) - e7706eca-30e7-4076-96c5-867c4236a33c-SegmentedRaftLogWorker:Storage Directory /workdir/hadoop-ozone/integration-test/target/test-dir/MiniOzoneClusterImpl-35d8354e-3007-428c-81c8-adfd2a58d98b/datanode-3/data/ratis/e8f78c85-2610-4123-9590-e134278af776 was interrupted, exiting. There are 0 tasks remaining in the queue.
2019-08-28 06:54:24,132 [ForkJoinPool.commonPool-worker-0] INFO  impl.StateMachineUpdater (StateMachineUpdater.java:stopAndJoin(115)) - StateMachineUpdater:f3f62326-8b92-46e7-9f36-b9cac99ba129:group-FB7DE9B29A7D: set stopIndex = 18
2019-08-28 06:54:24,133 [StateMachineUpdater:f3f62326-8b92-46e7-9f36-b9cac99ba129:group-FB7DE9B29A7D] INFO  ratis.ContainerStateMachine (ContainerStateMachine.java:takeSnapshot(283)) - group-FB7DE9B29A7D: Taking a snapshot at:(t:1, i:14) file /workdir/hadoop-ozone/integration-test/target/test-dir/MiniOzoneClusterImpl-35d8354e-3007-428c-81c8-adfd2a58d98b/datanode-0/data/ratis/34d552d2-4f61-40b6-b3a4-fb7de9b29a7d/sm/snapshot.1_14
2019-08-28 06:54:24,133 [main] INFO  segmented.SegmentedRaftLogWorker (SegmentedRaftLogWorker.java:close(228)) - e7706eca-30e7-4076-96c5-867c4236a33c-SegmentedRaftLogWorker:Storage Directory /workdir/hadoop-ozone/integration-test/target/test-dir/MiniOzoneClusterImpl-35d8354e-3007-428c-81c8-adfd2a58d98b/datanode-3/data/ratis/e8f78c85-2610-4123-9590-e134278af776 close()
2019-08-28 06:54:24,137 [main] INFO  impl.RaftServerImpl (RaftServerImpl.java:lambda$shutdown$3(245)) - e7706eca-30e7-4076-96c5-867c4236a33c: shutdown group-4EE0041EF38B
2019-08-28 06:54:24,137 [main] INFO  util.JmxRegister (JmxRegister.java:unregister(73)) - Successfully un-registered JMX Bean with object name Ratis:service=RaftServer,group=group-4EE0041EF38B,id=e7706eca-30e7-4076-96c5-867c4236a33c
2019-08-28 06:54:24,137 [main] INFO  impl.RoleInfo (RoleInfo.java:shutdownLeaderState(104)) - e7706eca-30e7-4076-96c5-867c4236a33c: shutdown LeaderState
2019-08-28 06:54:24,138 [main] INFO  impl.PendingRequests (PendingRequests.java:sendNotLeaderResponses(202)) - e7706eca-30e7-4076-96c5-867c4236a33c-PendingRequests: sendNotLeaderResponses
2019-08-28 06:54:24,138 [main] INFO  impl.StateMachineUpdater (StateMachineUpdater.java:stopAndJoin(115)) - StateMachineUpdater:e7706eca-30e7-4076-96c5-867c4236a33c:group-4EE0041EF38B: set stopIndex = 0
2019-08-28 06:54:24,138 [main] INFO  impl.RaftServerImpl (ServerState.java:close(394)) - e7706eca-30e7-4076-96c5-867c4236a33c:group-4EE0041EF38B closes. The last applied log index is 0
2019-08-28 06:54:24,139 [e7706eca-30e7-4076-96c5-867c4236a33c-SegmentedRaftLogWorker:Storage Directory /workdir/hadoop-ozone/integration-test/target/test-dir/MiniOzoneClusterImpl-35d8354e-3007-428c-81c8-adfd2a58d98b/datanode-3/data/ratis/47b32ff2-6316-41ca-9d47-4ee0041ef38b] INFO  segmented.SegmentedRaftLogWorker (SegmentedRaftLogWorker.java:run(313)) - e7706eca-30e7-4076-96c5-867c4236a33c-SegmentedRaftLogWorker:Storage Directory /workdir/hadoop-ozone/integration-test/target/test-dir/MiniOzoneClusterImpl-35d8354e-3007-428c-81c8-adfd2a58d98b/datanode-3/data/ratis/47b32ff2-6316-41ca-9d47-4ee0041ef38b was interrupted, exiting. There are 0 tasks remaining in the queue.
2019-08-28 06:54:24,140 [main] INFO  segmented.SegmentedRaftLogWorker (SegmentedRaftLogWorker.java:close(228)) - e7706eca-30e7-4076-96c5-867c4236a33c-SegmentedRaftLogWorker:Storage Directory /workdir/hadoop-ozone/integration-test/target/test-dir/MiniOzoneClusterImpl-35d8354e-3007-428c-81c8-adfd2a58d98b/datanode-3/data/ratis/47b32ff2-6316-41ca-9d47-4ee0041ef38b close()
2019-08-28 06:54:24,140 [StateMachineUpdater:f3f62326-8b92-46e7-9f36-b9cac99ba129:group-FB7DE9B29A7D] INFO  ratis.ContainerStateMachine (ContainerStateMachine.java:takeSnapshot(294)) - group-FB7DE9B29A7D: Finished taking a snapshot at:(t:1, i:14) file:/workdir/hadoop-ozone/integration-test/target/test-dir/MiniOzoneClusterImpl-35d8354e-3007-428c-81c8-adfd2a58d98b/datanode-0/data/ratis/34d552d2-4f61-40b6-b3a4-fb7de9b29a7d/sm/snapshot.1_14 time:8
2019-08-28 06:54:24,143 [StateMachineUpdater:f3f62326-8b92-46e7-9f36-b9cac99ba129:group-FB7DE9B29A7D] INFO  impl.StateMachineUpdater (StateMachineUpdater.java:takeSnapshot(242)) - StateMachineUpdater:f3f62326-8b92-46e7-9f36-b9cac99ba129:group-FB7DE9B29A7D: Took a snapshot at index 14
2019-08-28 06:54:24,144 [main] INFO  server.GrpcService (GrpcService.java:closeImpl(155)) - e7706eca-30e7-4076-96c5-867c4236a33c: shutdown server with port 35048 now
2019-08-28 06:54:24,144 [StateMachineUpdater:f3f62326-8b92-46e7-9f36-b9cac99ba129:group-FB7DE9B29A7D] INFO  impl.StateMachineUpdater (StateMachineUpdater.java:lambda$new$0(80)) - StateMachineUpdater:f3f62326-8b92-46e7-9f36-b9cac99ba129:group-FB7DE9B29A7D: snapshotIndex: updateIncreasingly -1 -> 14
2019-08-28 06:54:24,144 [main] INFO  server.GrpcService (GrpcService.java:closeImpl(163)) - e7706eca-30e7-4076-96c5-867c4236a33c: shutdown server with port 35048 successfully
2019-08-28 06:54:24,144 [ForkJoinPool.commonPool-worker-0] INFO  impl.RaftServerImpl (ServerState.java:close(394)) - f3f62326-8b92-46e7-9f36-b9cac99ba129:group-FB7DE9B29A7D closes. The last applied log index is 18
2019-08-28 06:54:24,145 [f3f62326-8b92-46e7-9f36-b9cac99ba129-SegmentedRaftLogWorker:Storage Directory /workdir/hadoop-ozone/integration-test/target/test-dir/MiniOzoneClusterImpl-35d8354e-3007-428c-81c8-adfd2a58d98b/datanode-0/data/ratis/34d552d2-4f61-40b6-b3a4-fb7de9b29a7d] INFO  segmented.SegmentedRaftLogWorker (SegmentedRaftLogWorker.java:run(313)) - f3f62326-8b92-46e7-9f36-b9cac99ba129-SegmentedRaftLogWorker:Storage Directory /workdir/hadoop-ozone/integration-test/target/test-dir/MiniOzoneClusterImpl-35d8354e-3007-428c-81c8-adfd2a58d98b/datanode-0/data/ratis/34d552d2-4f61-40b6-b3a4-fb7de9b29a7d was interrupted, exiting. There are 0 tasks remaining in the queue.
2019-08-28 06:54:24,146 [main] INFO  utils.BackgroundService (BackgroundService.java:shutdown(148)) - Shutting down service BlockDeletingService
2019-08-28 06:54:24,154 [ForkJoinPool.commonPool-worker-0] INFO  segmented.SegmentedRaftLogWorker (SegmentedRaftLogWorker.java:close(228)) - f3f62326-8b92-46e7-9f36-b9cac99ba129-SegmentedRaftLogWorker:Storage Directory /workdir/hadoop-ozone/integration-test/target/test-dir/MiniOzoneClusterImpl-35d8354e-3007-428c-81c8-adfd2a58d98b/datanode-0/data/ratis/34d552d2-4f61-40b6-b3a4-fb7de9b29a7d close()
2019-08-28 06:54:24,156 [ForkJoinPool.commonPool-worker-0] INFO  server.GrpcService (GrpcService.java:closeImpl(155)) - f3f62326-8b92-46e7-9f36-b9cac99ba129: shutdown server with port 37859 now
2019-08-28 06:54:24,157 [refreshUsed-/workdir/hadoop-ozone/integration-test/target/test-dir/MiniOzoneClusterImpl-35d8354e-3007-428c-81c8-adfd2a58d98b/datanode-3/data/containers] WARN  fs.CachingGetSpaceUsed (CachingGetSpaceUsed.java:run(183)) - Thread Interrupted waiting to refresh disk information: sleep interrupted
2019-08-28 06:54:24,157 [ForkJoinPool.commonPool-worker-0] INFO  server.GrpcService (GrpcService.java:closeImpl(163)) - f3f62326-8b92-46e7-9f36-b9cac99ba129: shutdown server with port 37859 successfully
2019-08-28 06:54:24,161 [ForkJoinPool.commonPool-worker-0] INFO  utils.BackgroundService (BackgroundService.java:shutdown(148)) - Shutting down service BlockDeletingService
2019-08-28 06:54:24,162 [refreshUsed-/workdir/hadoop-ozone/integration-test/target/test-dir/MiniOzoneClusterImpl-35d8354e-3007-428c-81c8-adfd2a58d98b/datanode-0/data/containers] WARN  fs.CachingGetSpaceUsed (CachingGetSpaceUsed.java:run(183)) - Thread Interrupted waiting to refresh disk information: sleep interrupted
2019-08-28 06:54:24,176 [main] INFO  statemachine.DatanodeStateMachine (DatanodeStateMachine.java:stopDaemon(395)) - Ozone container server stopped.
2019-08-28 06:54:24,177 [main] INFO  handler.ContextHandler (ContextHandler.java:doStop(910)) - Stopped o.e.j.w.WebAppContext@1b914e36{/,null,UNAVAILABLE}{/hddsDatanode}
2019-08-28 06:54:24,178 [main] INFO  server.AbstractConnector (AbstractConnector.java:doStop(318)) - Stopped ServerConnector@29f3ea39{HTTP/1.1,[http/1.1]}{0.0.0.0:0}
2019-08-28 06:54:24,179 [main] INFO  handler.ContextHandler (ContextHandler.java:doStop(910)) - Stopped o.e.j.s.ServletContextHandler@63f08f9f{/static,jar:file:/home/user/.m2/repository/org/apache/hadoop/hadoop-hdds-container-service/0.5.0-SNAPSHOT/hadoop-hdds-container-service-0.5.0-SNAPSHOT.jar!/webapps/static,UNAVAILABLE}
2019-08-28 06:54:24,179 [main] INFO  handler.ContextHandler (ContextHandler.java:doStop(910)) - Stopped o.e.j.s.ServletContextHandler@6d0d5147{/logs,file:///workdir/hadoop-ozone/integration-test/target/log,UNAVAILABLE}
2019-08-28 06:54:24,180 [main] INFO  datanode.ObjectStoreHandler (ObjectStoreHandler.java:close(155)) - Closing ObjectStoreHandler.
2019-08-28 06:54:24,181 [main] INFO  ozone.HddsDatanodeService (HddsDatanodeService.java:stop(451)) - Stopped plug-in org.apache.hadoop.ozone.web.OzoneHddsDatanodeService@673ce246
2019-08-28 06:54:24,185 [ForkJoinPool.commonPool-worker-0] INFO  statemachine.DatanodeStateMachine (DatanodeStateMachine.java:stopDaemon(395)) - Ozone container server stopped.
2019-08-28 06:54:24,189 [ForkJoinPool.commonPool-worker-0] INFO  handler.ContextHandler (ContextHandler.java:doStop(910)) - Stopped o.e.j.w.WebAppContext@2bd67cf9{/,null,UNAVAILABLE}{/hddsDatanode}
2019-08-28 06:54:24,190 [ForkJoinPool.commonPool-worker-0] INFO  server.AbstractConnector (AbstractConnector.java:doStop(318)) - Stopped ServerConnector@4ba32242{HTTP/1.1,[http/1.1]}{0.0.0.0:0}
2019-08-28 06:54:24,191 [ForkJoinPool.commonPool-worker-0] INFO  handler.ContextHandler (ContextHandler.java:doStop(910)) - Stopped o.e.j.s.ServletContextHandler@74997ca6{/static,jar:file:/home/user/.m2/repository/org/apache/hadoop/hadoop-hdds-container-service/0.5.0-SNAPSHOT/hadoop-hdds-container-service-0.5.0-SNAPSHOT.jar!/webapps/static,UNAVAILABLE}
2019-08-28 06:54:24,192 [ForkJoinPool.commonPool-worker-0] INFO  handler.ContextHandler (ContextHandler.java:doStop(910)) - Stopped o.e.j.s.ServletContextHandler@504a9352{/logs,file:///workdir/hadoop-ozone/integration-test/target/log,UNAVAILABLE}
2019-08-28 06:54:24,193 [ForkJoinPool.commonPool-worker-0] INFO  datanode.ObjectStoreHandler (ObjectStoreHandler.java:close(155)) - Closing ObjectStoreHandler.
2019-08-28 06:54:24,193 [ForkJoinPool.commonPool-worker-0] INFO  ozone.HddsDatanodeService (HddsDatanodeService.java:stop(451)) - Stopped plug-in org.apache.hadoop.ozone.web.OzoneHddsDatanodeService@234421ca
2019-08-28 06:54:24,814 [Datanode State Machine Thread - 0] INFO  statemachine.DatanodeStateMachine (DatanodeStateMachine.java:lambda$startDaemon$0(350)) - Ozone container server started.
2019-08-28 06:54:24,947 [Datanode State Machine Thread - 0] INFO  statemachine.DatanodeStateMachine (DatanodeStateMachine.java:lambda$startDaemon$0(350)) - Ozone container server started.
2019-08-28 06:54:28,670 [Thread-3579] INFO  impl.FollowerState (FollowerState.java:run(106)) - e65f4345-a750-4eee-8a6b-22129dee7a8f:group-E134278AF776 changes to CANDIDATE, lastRpcTime:9638, electionTimeout:5006ms
2019-08-28 06:54:28,670 [Thread-3579] INFO  impl.RoleInfo (RoleInfo.java:shutdownFollowerState(121)) - e65f4345-a750-4eee-8a6b-22129dee7a8f: shutdown FollowerState
2019-08-28 06:54:28,671 [Thread-3579] INFO  impl.RaftServerImpl (RaftServerImpl.java:setRole(171)) - e65f4345-a750-4eee-8a6b-22129dee7a8f:group-E134278AF776 changes role from FOLLOWER to CANDIDATE at term 1 for changeToCandidate
2019-08-28 06:54:28,671 [Thread-3579] INFO  impl.RoleInfo (RoleInfo.java:updateAndGet(143)) - e65f4345-a750-4eee-8a6b-22129dee7a8f: start LeaderElection
2019-08-28 06:54:28,673 [e65f4345-a750-4eee-8a6b-22129dee7a8f:group-E134278AF776:LeaderElection72] INFO  impl.RaftServerImpl (ServerState.java:setLeader(263)) - e65f4345-a750-4eee-8a6b-22129dee7a8f:group-E134278AF776 change Leader from cb63d383-7845-45fd-aceb-d6b4bea4aee4 to null at term 1 for initElection
2019-08-28 06:54:28,708 [e65f4345-a750-4eee-8a6b-22129dee7a8f:group-E134278AF776:LeaderElection72] INFO  impl.LeaderElection (LeaderElection.java:askForVotes(181)) - e65f4345-a750-4eee-8a6b-22129dee7a8f:group-E134278AF776:LeaderElection72: begin an election at term 2 for 0: [e65f4345-a750-4eee-8a6b-22129dee7a8f:192.168.36.66:39120, cb63d383-7845-45fd-aceb-d6b4bea4aee4:192.168.36.66:39975, e7706eca-30e7-4076-96c5-867c4236a33c:192.168.36.66:35048], old=null
2019-08-28 06:54:28,710 [e65f4345-a750-4eee-8a6b-22129dee7a8f:group-E134278AF776:LeaderElection72] INFO  impl.LeaderElection (LogUtils.java:infoOrTrace(149)) - e65f4345-a750-4eee-8a6b-22129dee7a8f:group-E134278AF776:LeaderElection72 got exception when requesting votes: {}
java.util.concurrent.ExecutionException: org.apache.ratis.thirdparty.io.grpc.StatusRuntimeException: UNAVAILABLE: io exception
	at java.util.concurrent.FutureTask.report(FutureTask.java:122)
	at java.util.concurrent.FutureTask.get(FutureTask.java:192)
	at org.apache.ratis.server.impl.LeaderElection.waitForResults(LeaderElection.java:262)
	at org.apache.ratis.server.impl.LeaderElection.askForVotes(LeaderElection.java:200)
	at org.apache.ratis.server.impl.LeaderElection.run(LeaderElection.java:130)
	at java.lang.Thread.run(Thread.java:748)
Caused by: org.apache.ratis.thirdparty.io.grpc.StatusRuntimeException: UNAVAILABLE: io exception
	at org.apache.ratis.thirdparty.io.grpc.stub.ClientCalls.toStatusRuntimeException(ClientCalls.java:233)
	at org.apache.ratis.thirdparty.io.grpc.stub.ClientCalls.getUnchecked(ClientCalls.java:214)
	at org.apache.ratis.thirdparty.io.grpc.stub.ClientCalls.blockingUnaryCall(ClientCalls.java:139)
	at org.apache.ratis.proto.grpc.RaftServerProtocolServiceGrpc$RaftServerProtocolServiceBlockingStub.requestVote(RaftServerProtocolServiceGrpc.java:265)
	at org.apache.ratis.grpc.server.GrpcServerProtocolClient.requestVote(GrpcServerProtocolClient.java:83)
	at org.apache.ratis.grpc.server.GrpcService.requestVote(GrpcService.java:195)
	at org.apache.ratis.server.impl.LeaderElection.lambda$submitRequests$1(LeaderElection.java:237)
	at java.util.concurrent.FutureTask.run(FutureTask.java:266)
	at java.util.concurrent.Executors$RunnableAdapter.call(Executors.java:511)
	at java.util.concurrent.FutureTask.run(FutureTask.java:266)
	at java.util.concurrent.ThreadPoolExecutor.runWorker(ThreadPoolExecutor.java:1149)
	at java.util.concurrent.ThreadPoolExecutor$Worker.run(ThreadPoolExecutor.java:624)
	... 1 more
Caused by: org.apache.ratis.thirdparty.io.netty.channel.AbstractChannel$AnnotatedConnectException: Connection refused: /192.168.36.66:35048
	at sun.nio.ch.SocketChannelImpl.checkConnect(Native Method)
	at sun.nio.ch.SocketChannelImpl.finishConnect(SocketChannelImpl.java:717)
	at org.apache.ratis.thirdparty.io.netty.channel.socket.nio.NioSocketChannel.doFinishConnect(NioSocketChannel.java:327)
	at org.apache.ratis.thirdparty.io.netty.channel.nio.AbstractNioChannel$AbstractNioUnsafe.finishConnect(AbstractNioChannel.java:340)
	at org.apache.ratis.thirdparty.io.netty.channel.nio.NioEventLoop.processSelectedKey(NioEventLoop.java:632)
	at org.apache.ratis.thirdparty.io.netty.channel.nio.NioEventLoop.processSelectedKeysOptimized(NioEventLoop.java:579)
	at org.apache.ratis.thirdparty.io.netty.channel.nio.NioEventLoop.processSelectedKeys(NioEventLoop.java:496)
	at org.apache.ratis.thirdparty.io.netty.channel.nio.NioEventLoop.run(NioEventLoop.java:458)
	at org.apache.ratis.thirdparty.io.netty.util.concurrent.SingleThreadEventExecutor$5.run(SingleThreadEventExecutor.java:897)
	at org.apache.ratis.thirdparty.io.netty.util.concurrent.FastThreadLocalRunnable.run(FastThreadLocalRunnable.java:30)
	... 1 more
Caused by: java.net.ConnectException: Connection refused
	... 11 more
2019-08-28 06:54:28,712 [e65f4345-a750-4eee-8a6b-22129dee7a8f:group-E134278AF776:LeaderElection72] INFO  impl.LeaderElection (LogUtils.java:infoOrTrace(149)) - e65f4345-a750-4eee-8a6b-22129dee7a8f:group-E134278AF776:LeaderElection72 got exception when requesting votes: {}
java.util.concurrent.ExecutionException: org.apache.ratis.thirdparty.io.grpc.StatusRuntimeException: UNAVAILABLE: io exception
	at java.util.concurrent.FutureTask.report(FutureTask.java:122)
	at java.util.concurrent.FutureTask.get(FutureTask.java:192)
	at org.apache.ratis.server.impl.LeaderElection.waitForResults(LeaderElection.java:262)
	at org.apache.ratis.server.impl.LeaderElection.askForVotes(LeaderElection.java:200)
	at org.apache.ratis.server.impl.LeaderElection.run(LeaderElection.java:130)
	at java.lang.Thread.run(Thread.java:748)
Caused by: org.apache.ratis.thirdparty.io.grpc.StatusRuntimeException: UNAVAILABLE: io exception
	at org.apache.ratis.thirdparty.io.grpc.stub.ClientCalls.toStatusRuntimeException(ClientCalls.java:233)
	at org.apache.ratis.thirdparty.io.grpc.stub.ClientCalls.getUnchecked(ClientCalls.java:214)
	at org.apache.ratis.thirdparty.io.grpc.stub.ClientCalls.blockingUnaryCall(ClientCalls.java:139)
	at org.apache.ratis.proto.grpc.RaftServerProtocolServiceGrpc$RaftServerProtocolServiceBlockingStub.requestVote(RaftServerProtocolServiceGrpc.java:265)
	at org.apache.ratis.grpc.server.GrpcServerProtocolClient.requestVote(GrpcServerProtocolClient.java:83)
	at org.apache.ratis.grpc.server.GrpcService.requestVote(GrpcService.java:195)
	at org.apache.ratis.server.impl.LeaderElection.lambda$submitRequests$1(LeaderElection.java:237)
	at java.util.concurrent.FutureTask.run(FutureTask.java:266)
	at java.util.concurrent.Executors$RunnableAdapter.call(Executors.java:511)
	at java.util.concurrent.FutureTask.run(FutureTask.java:266)
	at java.util.concurrent.ThreadPoolExecutor.runWorker(ThreadPoolExecutor.java:1149)
	at java.util.concurrent.ThreadPoolExecutor$Worker.run(ThreadPoolExecutor.java:624)
	... 1 more
Caused by: org.apache.ratis.thirdparty.io.netty.channel.AbstractChannel$AnnotatedConnectException: Connection refused: /192.168.36.66:39975
	at sun.nio.ch.SocketChannelImpl.checkConnect(Native Method)
	at sun.nio.ch.SocketChannelImpl.finishConnect(SocketChannelImpl.java:717)
	at org.apache.ratis.thirdparty.io.netty.channel.socket.nio.NioSocketChannel.doFinishConnect(NioSocketChannel.java:327)
	at org.apache.ratis.thirdparty.io.netty.channel.nio.AbstractNioChannel$AbstractNioUnsafe.finishConnect(AbstractNioChannel.java:340)
	at org.apache.ratis.thirdparty.io.netty.channel.nio.NioEventLoop.processSelectedKey(NioEventLoop.java:632)
	at org.apache.ratis.thirdparty.io.netty.channel.nio.NioEventLoop.processSelectedKeysOptimized(NioEventLoop.java:579)
	at org.apache.ratis.thirdparty.io.netty.channel.nio.NioEventLoop.processSelectedKeys(NioEventLoop.java:496)
	at org.apache.ratis.thirdparty.io.netty.channel.nio.NioEventLoop.run(NioEventLoop.java:458)
	at org.apache.ratis.thirdparty.io.netty.util.concurrent.SingleThreadEventExecutor$5.run(SingleThreadEventExecutor.java:897)
	at org.apache.ratis.thirdparty.io.netty.util.concurrent.FastThreadLocalRunnable.run(FastThreadLocalRunnable.java:30)
	... 1 more
Caused by: java.net.ConnectException: Connection refused
	... 11 more
2019-08-28 06:54:28,713 [e65f4345-a750-4eee-8a6b-22129dee7a8f:group-E134278AF776:LeaderElection72] INFO  impl.LeaderElection (LeaderElection.java:logAndReturn(56)) - e65f4345-a750-4eee-8a6b-22129dee7a8f:group-E134278AF776:LeaderElection72: Election REJECTED; received 0 response(s) [] and 2 exception(s); e65f4345-a750-4eee-8a6b-22129dee7a8f:t2, leader=null, voted=e65f4345-a750-4eee-8a6b-22129dee7a8f, raftlog=e65f4345-a750-4eee-8a6b-22129dee7a8f-SegmentedRaftLog:OPENED:c16,f16,i16, conf=0: [e65f4345-a750-4eee-8a6b-22129dee7a8f:192.168.36.66:39120, cb63d383-7845-45fd-aceb-d6b4bea4aee4:192.168.36.66:39975, e7706eca-30e7-4076-96c5-867c4236a33c:192.168.36.66:35048], old=null
2019-08-28 06:54:28,713 [e65f4345-a750-4eee-8a6b-22129dee7a8f:group-E134278AF776:LeaderElection72] INFO  impl.LeaderElection (LogUtils.java:infoOrTrace(149)) -   Exception 0: {}
java.util.concurrent.ExecutionException: org.apache.ratis.thirdparty.io.grpc.StatusRuntimeException: UNAVAILABLE: io exception
	at java.util.concurrent.FutureTask.report(FutureTask.java:122)
	at java.util.concurrent.FutureTask.get(FutureTask.java:192)
	at org.apache.ratis.server.impl.LeaderElection.waitForResults(LeaderElection.java:262)
	at org.apache.ratis.server.impl.LeaderElection.askForVotes(LeaderElection.java:200)
	at org.apache.ratis.server.impl.LeaderElection.run(LeaderElection.java:130)
	at java.lang.Thread.run(Thread.java:748)
Caused by: org.apache.ratis.thirdparty.io.grpc.StatusRuntimeException: UNAVAILABLE: io exception
	at org.apache.ratis.thirdparty.io.grpc.stub.ClientCalls.toStatusRuntimeException(ClientCalls.java:233)
	at org.apache.ratis.thirdparty.io.grpc.stub.ClientCalls.getUnchecked(ClientCalls.java:214)
	at org.apache.ratis.thirdparty.io.grpc.stub.ClientCalls.blockingUnaryCall(ClientCalls.java:139)
	at org.apache.ratis.proto.grpc.RaftServerProtocolServiceGrpc$RaftServerProtocolServiceBlockingStub.requestVote(RaftServerProtocolServiceGrpc.java:265)
	at org.apache.ratis.grpc.server.GrpcServerProtocolClient.requestVote(GrpcServerProtocolClient.java:83)
	at org.apache.ratis.grpc.server.GrpcService.requestVote(GrpcService.java:195)
	at org.apache.ratis.server.impl.LeaderElection.lambda$submitRequests$1(LeaderElection.java:237)
	at java.util.concurrent.FutureTask.run(FutureTask.java:266)
	at java.util.concurrent.Executors$RunnableAdapter.call(Executors.java:511)
	at java.util.concurrent.FutureTask.run(FutureTask.java:266)
	at java.util.concurrent.ThreadPoolExecutor.runWorker(ThreadPoolExecutor.java:1149)
	at java.util.concurrent.ThreadPoolExecutor$Worker.run(ThreadPoolExecutor.java:624)
	... 1 more
Caused by: org.apache.ratis.thirdparty.io.netty.channel.AbstractChannel$AnnotatedConnectException: Connection refused: /192.168.36.66:35048
	at sun.nio.ch.SocketChannelImpl.checkConnect(Native Method)
	at sun.nio.ch.SocketChannelImpl.finishConnect(SocketChannelImpl.java:717)
	at org.apache.ratis.thirdparty.io.netty.channel.socket.nio.NioSocketChannel.doFinishConnect(NioSocketChannel.java:327)
	at org.apache.ratis.thirdparty.io.netty.channel.nio.AbstractNioChannel$AbstractNioUnsafe.finishConnect(AbstractNioChannel.java:340)
	at org.apache.ratis.thirdparty.io.netty.channel.nio.NioEventLoop.processSelectedKey(NioEventLoop.java:632)
	at org.apache.ratis.thirdparty.io.netty.channel.nio.NioEventLoop.processSelectedKeysOptimized(NioEventLoop.java:579)
	at org.apache.ratis.thirdparty.io.netty.channel.nio.NioEventLoop.processSelectedKeys(NioEventLoop.java:496)
	at org.apache.ratis.thirdparty.io.netty.channel.nio.NioEventLoop.run(NioEventLoop.java:458)
	at org.apache.ratis.thirdparty.io.netty.util.concurrent.SingleThreadEventExecutor$5.run(SingleThreadEventExecutor.java:897)
	at org.apache.ratis.thirdparty.io.netty.util.concurrent.FastThreadLocalRunnable.run(FastThreadLocalRunnable.java:30)
	... 1 more
Caused by: java.net.ConnectException: Connection refused
	... 11 more
2019-08-28 06:54:28,713 [e65f4345-a750-4eee-8a6b-22129dee7a8f:group-E134278AF776:LeaderElection72] INFO  impl.LeaderElection (LogUtils.java:infoOrTrace(149)) -   Exception 1: {}
java.util.concurrent.ExecutionException: org.apache.ratis.thirdparty.io.grpc.StatusRuntimeException: UNAVAILABLE: io exception
	at java.util.concurrent.FutureTask.report(FutureTask.java:122)
	at java.util.concurrent.FutureTask.get(FutureTask.java:192)
	at org.apache.ratis.server.impl.LeaderElection.waitForResults(LeaderElection.java:262)
	at org.apache.ratis.server.impl.LeaderElection.askForVotes(LeaderElection.java:200)
	at org.apache.ratis.server.impl.LeaderElection.run(LeaderElection.java:130)
	at java.lang.Thread.run(Thread.java:748)
Caused by: org.apache.ratis.thirdparty.io.grpc.StatusRuntimeException: UNAVAILABLE: io exception
	at org.apache.ratis.thirdparty.io.grpc.stub.ClientCalls.toStatusRuntimeException(ClientCalls.java:233)
	at org.apache.ratis.thirdparty.io.grpc.stub.ClientCalls.getUnchecked(ClientCalls.java:214)
	at org.apache.ratis.thirdparty.io.grpc.stub.ClientCalls.blockingUnaryCall(ClientCalls.java:139)
	at org.apache.ratis.proto.grpc.RaftServerProtocolServiceGrpc$RaftServerProtocolServiceBlockingStub.requestVote(RaftServerProtocolServiceGrpc.java:265)
	at org.apache.ratis.grpc.server.GrpcServerProtocolClient.requestVote(GrpcServerProtocolClient.java:83)
	at org.apache.ratis.grpc.server.GrpcService.requestVote(GrpcService.java:195)
	at org.apache.ratis.server.impl.LeaderElection.lambda$submitRequests$1(LeaderElection.java:237)
	at java.util.concurrent.FutureTask.run(FutureTask.java:266)
	at java.util.concurrent.Executors$RunnableAdapter.call(Executors.java:511)
	at java.util.concurrent.FutureTask.run(FutureTask.java:266)
	at java.util.concurrent.ThreadPoolExecutor.runWorker(ThreadPoolExecutor.java:1149)
	at java.util.concurrent.ThreadPoolExecutor$Worker.run(ThreadPoolExecutor.java:624)
	... 1 more
Caused by: org.apache.ratis.thirdparty.io.netty.channel.AbstractChannel$AnnotatedConnectException: Connection refused: /192.168.36.66:39975
	at sun.nio.ch.SocketChannelImpl.checkConnect(Native Method)
	at sun.nio.ch.SocketChannelImpl.finishConnect(SocketChannelImpl.java:717)
	at org.apache.ratis.thirdparty.io.netty.channel.socket.nio.NioSocketChannel.doFinishConnect(NioSocketChannel.java:327)
	at org.apache.ratis.thirdparty.io.netty.channel.nio.AbstractNioChannel$AbstractNioUnsafe.finishConnect(AbstractNioChannel.java:340)
	at org.apache.ratis.thirdparty.io.netty.channel.nio.NioEventLoop.processSelectedKey(NioEventLoop.java:632)
	at org.apache.ratis.thirdparty.io.netty.channel.nio.NioEventLoop.processSelectedKeysOptimized(NioEventLoop.java:579)
	at org.apache.ratis.thirdparty.io.netty.channel.nio.NioEventLoop.processSelectedKeys(NioEventLoop.java:496)
	at org.apache.ratis.thirdparty.io.netty.channel.nio.NioEventLoop.run(NioEventLoop.java:458)
	at org.apache.ratis.thirdparty.io.netty.util.concurrent.SingleThreadEventExecutor$5.run(SingleThreadEventExecutor.java:897)
	at org.apache.ratis.thirdparty.io.netty.util.concurrent.FastThreadLocalRunnable.run(FastThreadLocalRunnable.java:30)
	... 1 more
Caused by: java.net.ConnectException: Connection refused
	... 11 more
2019-08-28 06:54:28,714 [e65f4345-a750-4eee-8a6b-22129dee7a8f:group-E134278AF776:LeaderElection72] INFO  impl.RaftServerImpl (RaftServerImpl.java:setRole(171)) - e65f4345-a750-4eee-8a6b-22129dee7a8f:group-E134278AF776 changes role from CANDIDATE to FOLLOWER at term 2 for DISCOVERED_A_NEW_TERM
2019-08-28 06:54:28,714 [e65f4345-a750-4eee-8a6b-22129dee7a8f:group-E134278AF776:LeaderElection72] INFO  impl.RoleInfo (RoleInfo.java:shutdownLeaderElection(134)) - e65f4345-a750-4eee-8a6b-22129dee7a8f: shutdown LeaderElection
2019-08-28 06:54:28,714 [e65f4345-a750-4eee-8a6b-22129dee7a8f:group-E134278AF776:LeaderElection72] INFO  impl.RoleInfo (RoleInfo.java:updateAndGet(143)) - e65f4345-a750-4eee-8a6b-22129dee7a8f: start FollowerState
2019-08-28 06:54:28,868 [EventQueue-StaleNodeForStaleNodeHandler] INFO  node.StaleNodeHandler (StaleNodeHandler.java:onMessage(58)) - Datanode e65f4345-a750-4eee-8a6b-22129dee7a8f{ip: 192.168.36.66, host: pr-hdds-1553-ns4jj-3895572740, networkLocation: /default-rack, certSerialId: null} moved to stale state. Finalizing its pipelines [PipelineID=0cc69243-96fb-4621-9a9a-1a04f1368fcf, PipelineID=e8f78c85-2610-4123-9590-e134278af776]
2019-08-28 06:54:28,868 [EventQueue-StaleNodeForStaleNodeHandler] INFO  pipeline.SCMPipelineManager (SCMPipelineManager.java:finalizeAndDestroyPipeline(309)) - destroying pipeline:Pipeline[ Id: 0cc69243-96fb-4621-9a9a-1a04f1368fcf, Nodes: e65f4345-a750-4eee-8a6b-22129dee7a8f{ip: 192.168.36.66, host: pr-hdds-1553-ns4jj-3895572740, networkLocation: /default-rack, certSerialId: null}, Type:RATIS, Factor:ONE, State:OPEN]
2019-08-28 06:54:28,868 [EventQueue-StaleNodeForStaleNodeHandler] INFO  pipeline.PipelineStateManager (PipelineStateManager.java:finalizePipeline(123)) - Pipeline Pipeline[ Id: 0cc69243-96fb-4621-9a9a-1a04f1368fcf, Nodes: e65f4345-a750-4eee-8a6b-22129dee7a8f{ip: 192.168.36.66, host: pr-hdds-1553-ns4jj-3895572740, networkLocation: /default-rack, certSerialId: null}, Type:RATIS, Factor:ONE, State:CLOSED] moved to CLOSED state
2019-08-28 06:54:28,868 [EventQueue-StaleNodeForStaleNodeHandler] INFO  pipeline.SCMPipelineManager (SCMPipelineManager.java:finalizeAndDestroyPipeline(309)) - destroying pipeline:Pipeline[ Id: e8f78c85-2610-4123-9590-e134278af776, Nodes: cb63d383-7845-45fd-aceb-d6b4bea4aee4{ip: 192.168.36.66, host: pr-hdds-1553-ns4jj-3895572740, networkLocation: /default-rack, certSerialId: null}e7706eca-30e7-4076-96c5-867c4236a33c{ip: 192.168.36.66, host: pr-hdds-1553-ns4jj-3895572740, networkLocation: /default-rack, certSerialId: null}e65f4345-a750-4eee-8a6b-22129dee7a8f{ip: 192.168.36.66, host: pr-hdds-1553-ns4jj-3895572740, networkLocation: /default-rack, certSerialId: null}, Type:RATIS, Factor:THREE, State:CLOSED]
2019-08-28 06:54:28,968 [EventQueue-StaleNodeForStaleNodeHandler] INFO  node.StaleNodeHandler (StaleNodeHandler.java:onMessage(58)) - Datanode 763fef36-99f7-4ef0-acc1-5c6529809efb{ip: 192.168.36.66, host: pr-hdds-1553-ns4jj-3895572740, networkLocation: /default-rack, certSerialId: null} moved to stale state. Finalizing its pipelines [PipelineID=cb5f9a64-c675-420b-9e26-2c6f121e06c5]
2019-08-28 06:54:28,968 [EventQueue-StaleNodeForStaleNodeHandler] INFO  pipeline.SCMPipelineManager (SCMPipelineManager.java:finalizeAndDestroyPipeline(309)) - destroying pipeline:Pipeline[ Id: cb5f9a64-c675-420b-9e26-2c6f121e06c5, Nodes: 763fef36-99f7-4ef0-acc1-5c6529809efb{ip: 192.168.36.66, host: pr-hdds-1553-ns4jj-3895572740, networkLocation: /default-rack, certSerialId: null}, Type:RATIS, Factor:ONE, State:OPEN]
2019-08-28 06:54:28,968 [EventQueue-StaleNodeForStaleNodeHandler] INFO  pipeline.PipelineStateManager (PipelineStateManager.java:finalizePipeline(123)) - Pipeline Pipeline[ Id: cb5f9a64-c675-420b-9e26-2c6f121e06c5, Nodes: 763fef36-99f7-4ef0-acc1-5c6529809efb{ip: 192.168.36.66, host: pr-hdds-1553-ns4jj-3895572740, networkLocation: /default-rack, certSerialId: null}, Type:RATIS, Factor:ONE, State:CLOSED] moved to CLOSED state
2019-08-28 06:54:29,181 [main] INFO  ozoneimpl.OzoneContainer (OzoneContainer.java:stop(199)) - Attempting to stop container services.
2019-08-28 06:54:29,182 [main] INFO  impl.RaftServerProxy (RaftServerProxy.java:lambda$close$4(314)) - 763fef36-99f7-4ef0-acc1-5c6529809efb: close
2019-08-28 06:54:29,182 [main] INFO  impl.RaftServerImpl (RaftServerImpl.java:lambda$shutdown$3(245)) - 763fef36-99f7-4ef0-acc1-5c6529809efb: shutdown group-2C6F121E06C5
2019-08-28 06:54:29,183 [main] INFO  util.JmxRegister (JmxRegister.java:unregister(73)) - Successfully un-registered JMX Bean with object name Ratis:service=RaftServer,group=group-2C6F121E06C5,id=763fef36-99f7-4ef0-acc1-5c6529809efb
2019-08-28 06:54:29,183 [main] INFO  impl.RoleInfo (RoleInfo.java:shutdownLeaderState(104)) - 763fef36-99f7-4ef0-acc1-5c6529809efb: shutdown LeaderState
2019-08-28 06:54:29,183 [main] INFO  impl.PendingRequests (PendingRequests.java:sendNotLeaderResponses(202)) - 763fef36-99f7-4ef0-acc1-5c6529809efb-PendingRequests: sendNotLeaderResponses
2019-08-28 06:54:29,183 [main] INFO  impl.StateMachineUpdater (StateMachineUpdater.java:stopAndJoin(115)) - StateMachineUpdater:763fef36-99f7-4ef0-acc1-5c6529809efb:group-2C6F121E06C5: set stopIndex = 0
2019-08-28 06:54:29,184 [main] INFO  impl.RaftServerImpl (ServerState.java:close(394)) - 763fef36-99f7-4ef0-acc1-5c6529809efb:group-2C6F121E06C5 closes. The last applied log index is 0
2019-08-28 06:54:29,184 [763fef36-99f7-4ef0-acc1-5c6529809efb-SegmentedRaftLogWorker:Storage Directory /workdir/hadoop-ozone/integration-test/target/test-dir/MiniOzoneClusterImpl-35d8354e-3007-428c-81c8-adfd2a58d98b/datanode-6/data/ratis/cb5f9a64-c675-420b-9e26-2c6f121e06c5] INFO  segmented.SegmentedRaftLogWorker (SegmentedRaftLogWorker.java:run(313)) - 763fef36-99f7-4ef0-acc1-5c6529809efb-SegmentedRaftLogWorker:Storage Directory /workdir/hadoop-ozone/integration-test/target/test-dir/MiniOzoneClusterImpl-35d8354e-3007-428c-81c8-adfd2a58d98b/datanode-6/data/ratis/cb5f9a64-c675-420b-9e26-2c6f121e06c5 was interrupted, exiting. There are 0 tasks remaining in the queue.
2019-08-28 06:54:29,184 [main] INFO  segmented.SegmentedRaftLogWorker (SegmentedRaftLogWorker.java:close(228)) - 763fef36-99f7-4ef0-acc1-5c6529809efb-SegmentedRaftLogWorker:Storage Directory /workdir/hadoop-ozone/integration-test/target/test-dir/MiniOzoneClusterImpl-35d8354e-3007-428c-81c8-adfd2a58d98b/datanode-6/data/ratis/cb5f9a64-c675-420b-9e26-2c6f121e06c5 close()
2019-08-28 06:54:29,186 [main] INFO  server.GrpcService (GrpcService.java:closeImpl(155)) - 763fef36-99f7-4ef0-acc1-5c6529809efb: shutdown server with port 32791 now
2019-08-28 06:54:29,187 [main] INFO  server.GrpcService (GrpcService.java:closeImpl(163)) - 763fef36-99f7-4ef0-acc1-5c6529809efb: shutdown server with port 32791 successfully
2019-08-28 06:54:29,188 [main] INFO  utils.BackgroundService (BackgroundService.java:shutdown(148)) - Shutting down service BlockDeletingService
2019-08-28 06:54:29,190 [refreshUsed-/workdir/hadoop-ozone/integration-test/target/test-dir/MiniOzoneClusterImpl-35d8354e-3007-428c-81c8-adfd2a58d98b/datanode-6/data/containers] WARN  fs.CachingGetSpaceUsed (CachingGetSpaceUsed.java:run(183)) - Thread Interrupted waiting to refresh disk information: sleep interrupted
2019-08-28 06:54:29,194 [ForkJoinPool.commonPool-worker-0] INFO  ozoneimpl.OzoneContainer (OzoneContainer.java:stop(199)) - Attempting to stop container services.
2019-08-28 06:54:29,194 [ForkJoinPool.commonPool-worker-0] INFO  impl.RaftServerProxy (RaftServerProxy.java:lambda$close$4(314)) - e65f4345-a750-4eee-8a6b-22129dee7a8f: close
2019-08-28 06:54:29,194 [ForkJoinPool.commonPool-worker-0] INFO  impl.RaftServerImpl (RaftServerImpl.java:lambda$shutdown$3(245)) - e65f4345-a750-4eee-8a6b-22129dee7a8f: shutdown group-1A04F1368FCF
2019-08-28 06:54:29,194 [ForkJoinPool.commonPool-worker-0] INFO  util.JmxRegister (JmxRegister.java:unregister(73)) - Successfully un-registered JMX Bean with object name Ratis:service=RaftServer,group=group-1A04F1368FCF,id=e65f4345-a750-4eee-8a6b-22129dee7a8f
2019-08-28 06:54:29,195 [ForkJoinPool.commonPool-worker-0] INFO  impl.RoleInfo (RoleInfo.java:shutdownLeaderState(104)) - e65f4345-a750-4eee-8a6b-22129dee7a8f: shutdown LeaderState
2019-08-28 06:54:29,195 [ForkJoinPool.commonPool-worker-0] INFO  impl.PendingRequests (PendingRequests.java:sendNotLeaderResponses(202)) - e65f4345-a750-4eee-8a6b-22129dee7a8f-PendingRequests: sendNotLeaderResponses
2019-08-28 06:54:29,195 [ForkJoinPool.commonPool-worker-0] INFO  impl.StateMachineUpdater (StateMachineUpdater.java:stopAndJoin(115)) - StateMachineUpdater:e65f4345-a750-4eee-8a6b-22129dee7a8f:group-1A04F1368FCF: set stopIndex = 0
2019-08-28 06:54:29,196 [ForkJoinPool.commonPool-worker-0] INFO  impl.RaftServerImpl (ServerState.java:close(394)) - e65f4345-a750-4eee-8a6b-22129dee7a8f:group-1A04F1368FCF closes. The last applied log index is 0
2019-08-28 06:54:29,196 [e65f4345-a750-4eee-8a6b-22129dee7a8f-SegmentedRaftLogWorker:Storage Directory /workdir/hadoop-ozone/integration-test/target/test-dir/MiniOzoneClusterImpl-35d8354e-3007-428c-81c8-adfd2a58d98b/datanode-5/data/ratis/0cc69243-96fb-4621-9a9a-1a04f1368fcf] INFO  segmented.SegmentedRaftLogWorker (SegmentedRaftLogWorker.java:run(313)) - e65f4345-a750-4eee-8a6b-22129dee7a8f-SegmentedRaftLogWorker:Storage Directory /workdir/hadoop-ozone/integration-test/target/test-dir/MiniOzoneClusterImpl-35d8354e-3007-428c-81c8-adfd2a58d98b/datanode-5/data/ratis/0cc69243-96fb-4621-9a9a-1a04f1368fcf was interrupted, exiting. There are 0 tasks remaining in the queue.
2019-08-28 06:54:29,196 [ForkJoinPool.commonPool-worker-0] INFO  segmented.SegmentedRaftLogWorker (SegmentedRaftLogWorker.java:close(228)) - e65f4345-a750-4eee-8a6b-22129dee7a8f-SegmentedRaftLogWorker:Storage Directory /workdir/hadoop-ozone/integration-test/target/test-dir/MiniOzoneClusterImpl-35d8354e-3007-428c-81c8-adfd2a58d98b/datanode-5/data/ratis/0cc69243-96fb-4621-9a9a-1a04f1368fcf close()
2019-08-28 06:54:29,198 [ForkJoinPool.commonPool-worker-0] INFO  impl.RaftServerImpl (RaftServerImpl.java:lambda$shutdown$3(245)) - e65f4345-a750-4eee-8a6b-22129dee7a8f: shutdown group-E134278AF776
2019-08-28 06:54:29,198 [ForkJoinPool.commonPool-worker-0] INFO  util.JmxRegister (JmxRegister.java:unregister(73)) - Successfully un-registered JMX Bean with object name Ratis:service=RaftServer,group=group-E134278AF776,id=e65f4345-a750-4eee-8a6b-22129dee7a8f
2019-08-28 06:54:29,199 [ForkJoinPool.commonPool-worker-0] INFO  impl.RoleInfo (RoleInfo.java:shutdownFollowerState(121)) - e65f4345-a750-4eee-8a6b-22129dee7a8f: shutdown FollowerState
2019-08-28 06:54:29,199 [ForkJoinPool.commonPool-worker-0] INFO  impl.StateMachineUpdater (StateMachineUpdater.java:stopAndJoin(115)) - StateMachineUpdater:e65f4345-a750-4eee-8a6b-22129dee7a8f:group-E134278AF776: set stopIndex = 16
2019-08-28 06:54:29,199 [Thread-3790] INFO  impl.FollowerState (FollowerState.java:run(114)) - e65f4345-a750-4eee-8a6b-22129dee7a8f: FollowerState was interrupted: java.lang.InterruptedException: sleep interrupted
2019-08-28 06:54:29,199 [StateMachineUpdater:e65f4345-a750-4eee-8a6b-22129dee7a8f:group-E134278AF776] INFO  ratis.ContainerStateMachine (ContainerStateMachine.java:takeSnapshot(283)) - group-E134278AF776: Taking a snapshot at:(t:1, i:14) file /workdir/hadoop-ozone/integration-test/target/test-dir/MiniOzoneClusterImpl-35d8354e-3007-428c-81c8-adfd2a58d98b/datanode-5/data/ratis/e8f78c85-2610-4123-9590-e134278af776/sm/snapshot.1_14
2019-08-28 06:54:29,209 [main] INFO  statemachine.DatanodeStateMachine (DatanodeStateMachine.java:stopDaemon(395)) - Ozone container server stopped.
2019-08-28 06:54:29,210 [main] INFO  handler.ContextHandler (ContextHandler.java:doStop(910)) - Stopped o.e.j.w.WebAppContext@410c1f44{/,null,UNAVAILABLE}{/hddsDatanode}
2019-08-28 06:54:29,213 [main] INFO  server.AbstractConnector (AbstractConnector.java:doStop(318)) - Stopped ServerConnector@16ef07fa{HTTP/1.1,[http/1.1]}{0.0.0.0:0}
2019-08-28 06:54:29,213 [main] INFO  handler.ContextHandler (ContextHandler.java:doStop(910)) - Stopped o.e.j.s.ServletContextHandler@7da70124{/static,jar:file:/home/user/.m2/repository/org/apache/hadoop/hadoop-hdds-container-service/0.5.0-SNAPSHOT/hadoop-hdds-container-service-0.5.0-SNAPSHOT.jar!/webapps/static,UNAVAILABLE}
2019-08-28 06:54:29,214 [main] INFO  handler.ContextHandler (ContextHandler.java:doStop(910)) - Stopped o.e.j.s.ServletContextHandler@7bd4f212{/logs,file:///workdir/hadoop-ozone/integration-test/target/log,UNAVAILABLE}
2019-08-28 06:54:29,214 [StateMachineUpdater:e65f4345-a750-4eee-8a6b-22129dee7a8f:group-E134278AF776] INFO  ratis.ContainerStateMachine (ContainerStateMachine.java:takeSnapshot(294)) - group-E134278AF776: Finished taking a snapshot at:(t:1, i:14) file:/workdir/hadoop-ozone/integration-test/target/test-dir/MiniOzoneClusterImpl-35d8354e-3007-428c-81c8-adfd2a58d98b/datanode-5/data/ratis/e8f78c85-2610-4123-9590-e134278af776/sm/snapshot.1_14 time:16
2019-08-28 06:54:29,215 [StateMachineUpdater:e65f4345-a750-4eee-8a6b-22129dee7a8f:group-E134278AF776] INFO  impl.StateMachineUpdater (StateMachineUpdater.java:takeSnapshot(242)) - StateMachineUpdater:e65f4345-a750-4eee-8a6b-22129dee7a8f:group-E134278AF776: Took a snapshot at index 14
2019-08-28 06:54:29,215 [StateMachineUpdater:e65f4345-a750-4eee-8a6b-22129dee7a8f:group-E134278AF776] INFO  impl.StateMachineUpdater (StateMachineUpdater.java:lambda$new$0(80)) - StateMachineUpdater:e65f4345-a750-4eee-8a6b-22129dee7a8f:group-E134278AF776: snapshotIndex: updateIncreasingly -1 -> 14
2019-08-28 06:54:29,215 [ForkJoinPool.commonPool-worker-0] INFO  impl.RaftServerImpl (ServerState.java:close(394)) - e65f4345-a750-4eee-8a6b-22129dee7a8f:group-E134278AF776 closes. The last applied log index is 16
2019-08-28 06:54:29,216 [e65f4345-a750-4eee-8a6b-22129dee7a8f-SegmentedRaftLogWorker:Storage Directory /workdir/hadoop-ozone/integration-test/target/test-dir/MiniOzoneClusterImpl-35d8354e-3007-428c-81c8-adfd2a58d98b/datanode-5/data/ratis/e8f78c85-2610-4123-9590-e134278af776] INFO  segmented.SegmentedRaftLogWorker (SegmentedRaftLogWorker.java:run(313)) - e65f4345-a750-4eee-8a6b-22129dee7a8f-SegmentedRaftLogWorker:Storage Directory /workdir/hadoop-ozone/integration-test/target/test-dir/MiniOzoneClusterImpl-35d8354e-3007-428c-81c8-adfd2a58d98b/datanode-5/data/ratis/e8f78c85-2610-4123-9590-e134278af776 was interrupted, exiting. There are 0 tasks remaining in the queue.
2019-08-28 06:54:29,216 [ForkJoinPool.commonPool-worker-0] INFO  segmented.SegmentedRaftLogWorker (SegmentedRaftLogWorker.java:close(228)) - e65f4345-a750-4eee-8a6b-22129dee7a8f-SegmentedRaftLogWorker:Storage Directory /workdir/hadoop-ozone/integration-test/target/test-dir/MiniOzoneClusterImpl-35d8354e-3007-428c-81c8-adfd2a58d98b/datanode-5/data/ratis/e8f78c85-2610-4123-9590-e134278af776 close()
2019-08-28 06:54:29,217 [ForkJoinPool.commonPool-worker-0] INFO  server.GrpcService (GrpcService.java:closeImpl(155)) - e65f4345-a750-4eee-8a6b-22129dee7a8f: shutdown server with port 39120 now
2019-08-28 06:54:29,219 [ForkJoinPool.commonPool-worker-0] INFO  server.GrpcService (GrpcService.java:closeImpl(163)) - e65f4345-a750-4eee-8a6b-22129dee7a8f: shutdown server with port 39120 successfully
2019-08-28 06:54:29,220 [ForkJoinPool.commonPool-worker-0] INFO  utils.BackgroundService (BackgroundService.java:shutdown(148)) - Shutting down service BlockDeletingService
2019-08-28 06:54:29,222 [refreshUsed-/workdir/hadoop-ozone/integration-test/target/test-dir/MiniOzoneClusterImpl-35d8354e-3007-428c-81c8-adfd2a58d98b/datanode-5/data/containers] WARN  fs.CachingGetSpaceUsed (CachingGetSpaceUsed.java:run(183)) - Thread Interrupted waiting to refresh disk information: sleep interrupted
2019-08-28 06:54:29,240 [ForkJoinPool.commonPool-worker-0] INFO  statemachine.DatanodeStateMachine (DatanodeStateMachine.java:stopDaemon(395)) - Ozone container server stopped.
2019-08-28 06:54:29,243 [ForkJoinPool.commonPool-worker-0] INFO  handler.ContextHandler (ContextHandler.java:doStop(910)) - Stopped o.e.j.w.WebAppContext@5de15ce1{/,null,UNAVAILABLE}{/hddsDatanode}
2019-08-28 06:54:29,244 [ForkJoinPool.commonPool-worker-0] INFO  server.AbstractConnector (AbstractConnector.java:doStop(318)) - Stopped ServerConnector@33544cc5{HTTP/1.1,[http/1.1]}{0.0.0.0:0}
2019-08-28 06:54:29,245 [ForkJoinPool.commonPool-worker-0] INFO  handler.ContextHandler (ContextHandler.java:doStop(910)) - Stopped o.e.j.s.ServletContextHandler@25a2a71d{/static,jar:file:/home/user/.m2/repository/org/apache/hadoop/hadoop-hdds-container-service/0.5.0-SNAPSHOT/hadoop-hdds-container-service-0.5.0-SNAPSHOT.jar!/webapps/static,UNAVAILABLE}
2019-08-28 06:54:29,246 [ForkJoinPool.commonPool-worker-0] INFO  handler.ContextHandler (ContextHandler.java:doStop(910)) - Stopped o.e.j.s.ServletContextHandler@56929ce{/logs,file:///workdir/hadoop-ozone/integration-test/target/log,UNAVAILABLE}
2019-08-28 06:54:29,247 [main] INFO  ozone.MiniOzoneClusterImpl (MiniOzoneClusterImpl.java:stop(353)) - Stopping the StorageContainerManager
2019-08-28 06:54:29,247 [main] INFO  server.StorageContainerManager (StorageContainerManager.java:stop(799)) - Stopping Replication Manager Service.
2019-08-28 06:54:29,247 [main] INFO  container.ReplicationManager (ReplicationManager.java:stop(193)) - Stopping Replication Monitor Thread.
2019-08-28 06:54:29,247 [main] INFO  server.StorageContainerManager (StorageContainerManager.java:stop(806)) - Stopping Lease Manager of the command watchers
2019-08-28 06:54:29,248 [main] INFO  server.StorageContainerManager (StorageContainerManager.java:stop(813)) - Stopping datanode service RPC server
2019-08-28 06:54:29,248 [main] INFO  server.SCMDatanodeProtocolServer (SCMDatanodeProtocolServer.java:stop(367)) - Stopping the RPC server for DataNodes
2019-08-28 06:54:29,248 [main] INFO  ipc.Server (Server.java:stop(3082)) - Stopping server on 43122
2019-08-28 06:54:29,250 [IPC Server listener on 43122] INFO  ipc.Server (Server.java:run(1185)) - Stopping IPC Server listener on 43122
2019-08-28 06:54:29,250 [IPC Server Responder] INFO  ipc.Server (Server.java:run(1319)) - Stopping IPC Server Responder
2019-08-28 06:54:29,269 [SCM Heartbeat Processing Thread - 0] WARN  node.NodeStateManager (NodeStateManager.java:scheduleNextHealthCheck(646)) - Current Thread is interrupted, shutting down HB processing thread for Node Manager.
2019-08-28 06:54:29,269 [main] INFO  server.StorageContainerManager (StorageContainerManager.java:stop(821)) - Stopping block service RPC server
2019-08-28 06:54:29,269 [main] INFO  server.SCMBlockProtocolServer (SCMBlockProtocolServer.java:stop(148)) - Stopping the RPC server for Block Protocol
2019-08-28 06:54:29,270 [main] INFO  ipc.Server (Server.java:stop(3082)) - Stopping server on 33789
2019-08-28 06:54:29,271 [main] INFO  server.StorageContainerManager (StorageContainerManager.java:stop(828)) - Stopping the StorageContainerLocationProtocol RPC server
2019-08-28 06:54:29,272 [main] INFO  server.SCMClientProtocolServer (SCMClientProtocolServer.java:stop(159)) - Stopping the RPC server for Client Protocol
2019-08-28 06:54:29,272 [IPC Server Responder] INFO  ipc.Server (Server.java:run(1319)) - Stopping IPC Server Responder
2019-08-28 06:54:29,272 [IPC Server listener on 33789] INFO  ipc.Server (Server.java:run(1185)) - Stopping IPC Server listener on 33789
2019-08-28 06:54:29,272 [main] INFO  ipc.Server (Server.java:stop(3082)) - Stopping server on 46465
2019-08-28 06:54:29,275 [IPC Server listener on 46465] INFO  ipc.Server (Server.java:run(1185)) - Stopping IPC Server listener on 46465
2019-08-28 06:54:29,275 [main] INFO  server.StorageContainerManager (StorageContainerManager.java:stop(835)) - Stopping Storage Container Manager HTTP server.
2019-08-28 06:54:29,275 [IPC Server Responder] INFO  ipc.Server (Server.java:run(1319)) - Stopping IPC Server Responder
2019-08-28 06:54:29,276 [main] INFO  handler.ContextHandler (ContextHandler.java:doStop(910)) - Stopped o.e.j.w.WebAppContext@28d74041{/,null,UNAVAILABLE}{/scm}
2019-08-28 06:54:29,277 [main] INFO  server.AbstractConnector (AbstractConnector.java:doStop(318)) - Stopped ServerConnector@5702232d{HTTP/1.1,[http/1.1]}{0.0.0.0:0}
2019-08-28 06:54:29,277 [main] INFO  handler.ContextHandler (ContextHandler.java:doStop(910)) - Stopped o.e.j.s.ServletContextHandler@440e2406{/static,file:///workdir/hadoop-ozone/integration-test/target/test-classes/webapps/static,UNAVAILABLE}
2019-08-28 06:54:29,277 [main] INFO  handler.ContextHandler (ContextHandler.java:doStop(910)) - Stopped o.e.j.s.ServletContextHandler@3509f32d{/logs,file:///workdir/hadoop-ozone/integration-test/target/log,UNAVAILABLE}
2019-08-28 06:54:29,278 [main] INFO  server.StorageContainerManager (StorageContainerManager.java:stop(846)) - Stopping Block Manager Service.
2019-08-28 06:54:29,278 [main] INFO  utils.BackgroundService (BackgroundService.java:shutdown(148)) - Shutting down service SCMBlockDeletingService
2019-08-28 06:54:29,278 [main] INFO  utils.BackgroundService (BackgroundService.java:shutdown(148)) - Shutting down service SCMBlockDeletingService
2019-08-28 06:54:29,279 [main] INFO  server.StorageContainerManager (StorageContainerManager.java:stop(868)) - Stopping SCM Event Queue.
2019-08-28 06:54:29,282 [main] INFO  impl.MetricsSystemImpl (MetricsSystemImpl.java:stop(210)) - Stopping HddsDatanode metrics system...
2019-08-28 06:54:29,291 [main] INFO  impl.MetricsSystemImpl (MetricsSystemImpl.java:stop(216)) - HddsDatanode metrics system stopped.
]]></system-out>
    <system-err><![CDATA[Aug 28, 2019 6:53:47 AM com.sun.jersey.server.impl.application.WebApplicationImpl _initiate
INFO: Initiating Jersey application, version 'Jersey: 1.19 02/11/2015 03:25 AM'
Aug 28, 2019 6:53:47 AM com.sun.jersey.server.impl.application.WebApplicationImpl _initiate
INFO: Initiating Jersey application, version 'Jersey: 1.19 02/11/2015 03:25 AM'
Aug 28, 2019 6:53:48 AM com.sun.jersey.server.impl.application.WebApplicationImpl _initiate
INFO: Initiating Jersey application, version 'Jersey: 1.19 02/11/2015 03:25 AM'
Aug 28, 2019 6:53:48 AM com.sun.jersey.server.impl.application.WebApplicationImpl _initiate
INFO: Initiating Jersey application, version 'Jersey: 1.19 02/11/2015 03:25 AM'
Aug 28, 2019 6:53:48 AM com.sun.jersey.server.impl.application.WebApplicationImpl _initiate
INFO: Initiating Jersey application, version 'Jersey: 1.19 02/11/2015 03:25 AM'
Aug 28, 2019 6:53:48 AM com.sun.jersey.server.impl.application.WebApplicationImpl _initiate
INFO: Initiating Jersey application, version 'Jersey: 1.19 02/11/2015 03:25 AM'
Aug 28, 2019 6:53:48 AM com.sun.jersey.server.impl.application.WebApplicationImpl _initiate
INFO: Initiating Jersey application, version 'Jersey: 1.19 02/11/2015 03:25 AM'
Aug 28, 2019 6:53:51 AM org.apache.ratis.thirdparty.io.grpc.internal.ManagedChannelOrphanWrapper$ManagedChannelReference cleanQueue
SEVERE: *~*~*~ Channel ManagedChannelImpl{logId=2664, target=192.168.36.66:42271} was not shutdown properly!!! ~*~*~*
    Make sure to call shutdown()/shutdownNow() and wait until awaitTermination() returns true.
java.lang.RuntimeException: ManagedChannel allocation site
	at org.apache.ratis.thirdparty.io.grpc.internal.ManagedChannelOrphanWrapper$ManagedChannelReference.<init>(ManagedChannelOrphanWrapper.java:103)
	at org.apache.ratis.thirdparty.io.grpc.internal.ManagedChannelOrphanWrapper.<init>(ManagedChannelOrphanWrapper.java:53)
	at org.apache.ratis.thirdparty.io.grpc.internal.ManagedChannelOrphanWrapper.<init>(ManagedChannelOrphanWrapper.java:44)
	at org.apache.ratis.thirdparty.io.grpc.internal.AbstractManagedChannelImplBuilder.build(AbstractManagedChannelImplBuilder.java:411)
	at org.apache.hadoop.hdds.scm.XceiverClientGrpc.connectToDatanode(XceiverClientGrpc.java:174)
	at org.apache.hadoop.hdds.scm.XceiverClientGrpc.reconnect(XceiverClientGrpc.java:422)
	at org.apache.hadoop.hdds.scm.XceiverClientGrpc.sendCommandAsync(XceiverClientGrpc.java:371)
	at org.apache.hadoop.hdds.scm.XceiverClientGrpc.sendCommandWithRetry(XceiverClientGrpc.java:284)
	at org.apache.hadoop.hdds.scm.XceiverClientGrpc.sendCommandWithTraceIDAndRetry(XceiverClientGrpc.java:250)
	at org.apache.hadoop.hdds.scm.XceiverClientGrpc.sendCommand(XceiverClientGrpc.java:233)
	at org.apache.hadoop.hdds.scm.storage.ContainerProtocolCalls.getBlock(ContainerProtocolCalls.java:118)
	at org.apache.hadoop.hdds.scm.storage.BlockInputStream.getChunkInfos(BlockInputStream.java:167)
	at org.apache.hadoop.hdds.scm.storage.BlockInputStream.initialize(BlockInputStream.java:118)
	at org.apache.hadoop.hdds.scm.storage.BlockInputStream.read(BlockInputStream.java:222)
	at org.apache.hadoop.ozone.client.io.KeyInputStream.read(KeyInputStream.java:171)
	at org.apache.hadoop.ozone.client.io.OzoneInputStream.read(OzoneInputStream.java:47)
	at java.io.InputStream.read(InputStream.java:101)
	at org.apache.hadoop.ozone.container.ContainerTestHelper.validateData(ContainerTestHelper.java:713)
	at org.apache.hadoop.ozone.client.rpc.TestBlockOutputStreamWithFailures.validateData(TestBlockOutputStreamWithFailures.java:1216)
	at org.apache.hadoop.ozone.client.rpc.TestBlockOutputStreamWithFailures.testDatanodeFailureWithSingleNodeRatis(TestBlockOutputStreamWithFailures.java:1058)
	at sun.reflect.NativeMethodAccessorImpl.invoke0(Native Method)
	at sun.reflect.NativeMethodAccessorImpl.invoke(NativeMethodAccessorImpl.java:62)
	at sun.reflect.DelegatingMethodAccessorImpl.invoke(DelegatingMethodAccessorImpl.java:43)
	at java.lang.reflect.Method.invoke(Method.java:498)
	at org.junit.runners.model.FrameworkMethod$1.runReflectiveCall(FrameworkMethod.java:47)
	at org.junit.internal.runners.model.ReflectiveCallable.run(ReflectiveCallable.java:12)
	at org.junit.runners.model.FrameworkMethod.invokeExplosively(FrameworkMethod.java:44)
	at org.junit.internal.runners.statements.InvokeMethod.evaluate(InvokeMethod.java:17)
	at org.junit.internal.runners.statements.RunBefores.evaluate(RunBefores.java:26)
	at org.junit.internal.runners.statements.RunAfters.evaluate(RunAfters.java:27)
	at org.junit.runners.ParentRunner.runLeaf(ParentRunner.java:271)
	at org.junit.runners.BlockJUnit4ClassRunner.runChild(BlockJUnit4ClassRunner.java:70)
	at org.junit.runners.BlockJUnit4ClassRunner.runChild(BlockJUnit4ClassRunner.java:50)
	at org.junit.runners.ParentRunner$3.run(ParentRunner.java:238)
	at org.junit.runners.ParentRunner$1.schedule(ParentRunner.java:63)
	at org.junit.runners.ParentRunner.runChildren(ParentRunner.java:236)
	at org.junit.runners.ParentRunner.access$000(ParentRunner.java:53)
	at org.junit.runners.ParentRunner$2.evaluate(ParentRunner.java:229)
	at org.junit.runners.ParentRunner.run(ParentRunner.java:309)
	at org.apache.maven.surefire.junit4.JUnit4Provider.execute(JUnit4Provider.java:365)
	at org.apache.maven.surefire.junit4.JUnit4Provider.executeWithRerun(JUnit4Provider.java:273)
	at org.apache.maven.surefire.junit4.JUnit4Provider.executeTestSet(JUnit4Provider.java:238)
	at org.apache.maven.surefire.junit4.JUnit4Provider.invoke(JUnit4Provider.java:159)
	at org.apache.maven.surefire.booter.ForkedBooter.invokeProviderInSameClassLoader(ForkedBooter.java:384)
	at org.apache.maven.surefire.booter.ForkedBooter.runSuitesInProcess(ForkedBooter.java:345)
	at org.apache.maven.surefire.booter.ForkedBooter.execute(ForkedBooter.java:126)
	at org.apache.maven.surefire.booter.ForkedBooter.main(ForkedBooter.java:418)

Aug 28, 2019 6:53:51 AM org.apache.ratis.thirdparty.io.grpc.internal.ManagedChannelOrphanWrapper$ManagedChannelReference cleanQueue
SEVERE: *~*~*~ Channel ManagedChannelImpl{logId=2834, target=192.168.36.66:39458} was not shutdown properly!!! ~*~*~*
    Make sure to call shutdown()/shutdownNow() and wait until awaitTermination() returns true.
java.lang.RuntimeException: ManagedChannel allocation site
	at org.apache.ratis.thirdparty.io.grpc.internal.ManagedChannelOrphanWrapper$ManagedChannelReference.<init>(ManagedChannelOrphanWrapper.java:103)
	at org.apache.ratis.thirdparty.io.grpc.internal.ManagedChannelOrphanWrapper.<init>(ManagedChannelOrphanWrapper.java:53)
	at org.apache.ratis.thirdparty.io.grpc.internal.ManagedChannelOrphanWrapper.<init>(ManagedChannelOrphanWrapper.java:44)
	at org.apache.ratis.thirdparty.io.grpc.internal.AbstractManagedChannelImplBuilder.build(AbstractManagedChannelImplBuilder.java:411)
	at org.apache.ratis.grpc.client.GrpcClientProtocolClient.<init>(GrpcClientProtocolClient.java:119)
	at org.apache.ratis.grpc.client.GrpcClientRpc.lambda$new$0(GrpcClientRpc.java:55)
	at org.apache.ratis.util.PeerProxyMap$PeerAndProxy.lambda$getProxy$0(PeerProxyMap.java:61)
	at org.apache.ratis.util.LifeCycle.startAndTransition(LifeCycle.java:202)
	at org.apache.ratis.util.PeerProxyMap$PeerAndProxy.getProxy(PeerProxyMap.java:60)
	at org.apache.ratis.util.PeerProxyMap.getProxy(PeerProxyMap.java:107)
	at org.apache.ratis.grpc.client.GrpcClientRpc.sendRequestAsync(GrpcClientRpc.java:66)
	at org.apache.ratis.client.impl.OrderedAsync.sendRequest(OrderedAsync.java:208)
	at org.apache.ratis.client.impl.OrderedAsync.sendRequestWithRetry(OrderedAsync.java:169)
	at org.apache.ratis.util.SlidingWindow$Client.sendOrDelayRequest(SlidingWindow.java:278)
	at org.apache.ratis.util.SlidingWindow$Client.retry(SlidingWindow.java:294)
	at org.apache.ratis.client.impl.OrderedAsync.lambda$scheduleWithTimeout$7(OrderedAsync.java:195)
	at org.apache.ratis.util.TimeoutScheduler.lambda$onTimeout$0(TimeoutScheduler.java:85)
	at org.apache.ratis.util.TimeoutScheduler.lambda$onTimeout$1(TimeoutScheduler.java:104)
	at org.apache.ratis.util.LogUtils.runAndLog(LogUtils.java:50)
	at org.apache.ratis.util.LogUtils$1.run(LogUtils.java:91)
	at java.util.concurrent.Executors$RunnableAdapter.call(Executors.java:511)
	at java.util.concurrent.FutureTask.run(FutureTask.java:266)
	at java.util.concurrent.ScheduledThreadPoolExecutor$ScheduledFutureTask.access$201(ScheduledThreadPoolExecutor.java:180)
	at java.util.concurrent.ScheduledThreadPoolExecutor$ScheduledFutureTask.run(ScheduledThreadPoolExecutor.java:293)
	at java.util.concurrent.ThreadPoolExecutor.runWorker(ThreadPoolExecutor.java:1149)
	at java.util.concurrent.ThreadPoolExecutor$Worker.run(ThreadPoolExecutor.java:624)
	at java.lang.Thread.run(Thread.java:748)

Aug 28, 2019 6:53:51 AM org.apache.ratis.thirdparty.io.grpc.internal.ManagedChannelOrphanWrapper$ManagedChannelReference cleanQueue
SEVERE: *~*~*~ Channel ManagedChannelImpl{logId=2659, target=192.168.36.66:36264} was not shutdown properly!!! ~*~*~*
    Make sure to call shutdown()/shutdownNow() and wait until awaitTermination() returns true.
java.lang.RuntimeException: ManagedChannel allocation site
	at org.apache.ratis.thirdparty.io.grpc.internal.ManagedChannelOrphanWrapper$ManagedChannelReference.<init>(ManagedChannelOrphanWrapper.java:103)
	at org.apache.ratis.thirdparty.io.grpc.internal.ManagedChannelOrphanWrapper.<init>(ManagedChannelOrphanWrapper.java:53)
	at org.apache.ratis.thirdparty.io.grpc.internal.ManagedChannelOrphanWrapper.<init>(ManagedChannelOrphanWrapper.java:44)
	at org.apache.ratis.thirdparty.io.grpc.internal.AbstractManagedChannelImplBuilder.build(AbstractManagedChannelImplBuilder.java:411)
	at org.apache.hadoop.hdds.scm.XceiverClientGrpc.connectToDatanode(XceiverClientGrpc.java:174)
	at org.apache.hadoop.hdds.scm.XceiverClientGrpc.reconnect(XceiverClientGrpc.java:422)
	at org.apache.hadoop.hdds.scm.XceiverClientGrpc.sendCommandAsync(XceiverClientGrpc.java:371)
	at org.apache.hadoop.hdds.scm.XceiverClientGrpc.sendCommandWithRetry(XceiverClientGrpc.java:284)
	at org.apache.hadoop.hdds.scm.XceiverClientGrpc.sendCommandWithTraceIDAndRetry(XceiverClientGrpc.java:250)
	at org.apache.hadoop.hdds.scm.XceiverClientGrpc.sendCommand(XceiverClientGrpc.java:233)
	at org.apache.hadoop.hdds.scm.storage.ContainerProtocolCalls.getBlock(ContainerProtocolCalls.java:118)
	at org.apache.hadoop.hdds.scm.storage.BlockInputStream.getChunkInfos(BlockInputStream.java:167)
	at org.apache.hadoop.hdds.scm.storage.BlockInputStream.initialize(BlockInputStream.java:118)
	at org.apache.hadoop.hdds.scm.storage.BlockInputStream.read(BlockInputStream.java:222)
	at org.apache.hadoop.ozone.client.io.KeyInputStream.read(KeyInputStream.java:171)
	at org.apache.hadoop.ozone.client.io.OzoneInputStream.read(OzoneInputStream.java:47)
	at java.io.InputStream.read(InputStream.java:101)
	at org.apache.hadoop.ozone.container.ContainerTestHelper.validateData(ContainerTestHelper.java:713)
	at org.apache.hadoop.ozone.client.rpc.TestBlockOutputStreamWithFailures.validateData(TestBlockOutputStreamWithFailures.java:1216)
	at org.apache.hadoop.ozone.client.rpc.TestBlockOutputStreamWithFailures.testDatanodeFailureWithSingleNodeRatis(TestBlockOutputStreamWithFailures.java:1058)
	at sun.reflect.NativeMethodAccessorImpl.invoke0(Native Method)
	at sun.reflect.NativeMethodAccessorImpl.invoke(NativeMethodAccessorImpl.java:62)
	at sun.reflect.DelegatingMethodAccessorImpl.invoke(DelegatingMethodAccessorImpl.java:43)
	at java.lang.reflect.Method.invoke(Method.java:498)
	at org.junit.runners.model.FrameworkMethod$1.runReflectiveCall(FrameworkMethod.java:47)
	at org.junit.internal.runners.model.ReflectiveCallable.run(ReflectiveCallable.java:12)
	at org.junit.runners.model.FrameworkMethod.invokeExplosively(FrameworkMethod.java:44)
	at org.junit.internal.runners.statements.InvokeMethod.evaluate(InvokeMethod.java:17)
	at org.junit.internal.runners.statements.RunBefores.evaluate(RunBefores.java:26)
	at org.junit.internal.runners.statements.RunAfters.evaluate(RunAfters.java:27)
	at org.junit.runners.ParentRunner.runLeaf(ParentRunner.java:271)
	at org.junit.runners.BlockJUnit4ClassRunner.runChild(BlockJUnit4ClassRunner.java:70)
	at org.junit.runners.BlockJUnit4ClassRunner.runChild(BlockJUnit4ClassRunner.java:50)
	at org.junit.runners.ParentRunner$3.run(ParentRunner.java:238)
	at org.junit.runners.ParentRunner$1.schedule(ParentRunner.java:63)
	at org.junit.runners.ParentRunner.runChildren(ParentRunner.java:236)
	at org.junit.runners.ParentRunner.access$000(ParentRunner.java:53)
	at org.junit.runners.ParentRunner$2.evaluate(ParentRunner.java:229)
	at org.junit.runners.ParentRunner.run(ParentRunner.java:309)
	at org.apache.maven.surefire.junit4.JUnit4Provider.execute(JUnit4Provider.java:365)
	at org.apache.maven.surefire.junit4.JUnit4Provider.executeWithRerun(JUnit4Provider.java:273)
	at org.apache.maven.surefire.junit4.JUnit4Provider.executeTestSet(JUnit4Provider.java:238)
	at org.apache.maven.surefire.junit4.JUnit4Provider.invoke(JUnit4Provider.java:159)
	at org.apache.maven.surefire.booter.ForkedBooter.invokeProviderInSameClassLoader(ForkedBooter.java:384)
	at org.apache.maven.surefire.booter.ForkedBooter.runSuitesInProcess(ForkedBooter.java:345)
	at org.apache.maven.surefire.booter.ForkedBooter.execute(ForkedBooter.java:126)
	at org.apache.maven.surefire.booter.ForkedBooter.main(ForkedBooter.java:418)

Aug 28, 2019 6:53:51 AM org.apache.ratis.thirdparty.io.grpc.internal.ManagedChannelOrphanWrapper$ManagedChannelReference cleanQueue
SEVERE: *~*~*~ Channel ManagedChannelImpl{logId=2839, target=192.168.36.66:36424} was not shutdown properly!!! ~*~*~*
    Make sure to call shutdown()/shutdownNow() and wait until awaitTermination() returns true.
java.lang.RuntimeException: ManagedChannel allocation site
	at org.apache.ratis.thirdparty.io.grpc.internal.ManagedChannelOrphanWrapper$ManagedChannelReference.<init>(ManagedChannelOrphanWrapper.java:103)
	at org.apache.ratis.thirdparty.io.grpc.internal.ManagedChannelOrphanWrapper.<init>(ManagedChannelOrphanWrapper.java:53)
	at org.apache.ratis.thirdparty.io.grpc.internal.ManagedChannelOrphanWrapper.<init>(ManagedChannelOrphanWrapper.java:44)
	at org.apache.ratis.thirdparty.io.grpc.internal.AbstractManagedChannelImplBuilder.build(AbstractManagedChannelImplBuilder.java:411)
	at org.apache.ratis.grpc.client.GrpcClientProtocolClient.<init>(GrpcClientProtocolClient.java:119)
	at org.apache.ratis.grpc.client.GrpcClientRpc.lambda$new$0(GrpcClientRpc.java:55)
	at org.apache.ratis.util.PeerProxyMap$PeerAndProxy.lambda$getProxy$0(PeerProxyMap.java:61)
	at org.apache.ratis.util.LifeCycle.startAndTransition(LifeCycle.java:202)
	at org.apache.ratis.util.PeerProxyMap$PeerAndProxy.getProxy(PeerProxyMap.java:60)
	at org.apache.ratis.util.PeerProxyMap.getProxy(PeerProxyMap.java:107)
	at org.apache.ratis.grpc.client.GrpcClientRpc.sendRequestAsync(GrpcClientRpc.java:66)
	at org.apache.ratis.client.impl.OrderedAsync.sendRequest(OrderedAsync.java:208)
	at org.apache.ratis.client.impl.OrderedAsync.sendRequestWithRetry(OrderedAsync.java:169)
	at org.apache.ratis.util.SlidingWindow$Client.sendOrDelayRequest(SlidingWindow.java:278)
	at org.apache.ratis.util.SlidingWindow$Client.submitNewRequest(SlidingWindow.java:257)
	at org.apache.ratis.client.impl.OrderedAsync.send(OrderedAsync.java:155)
	at org.apache.ratis.client.impl.RaftClientImpl.sendAsync(RaftClientImpl.java:145)
	at org.apache.ratis.client.impl.RaftClientImpl.sendAsync(RaftClientImpl.java:125)
	at org.apache.hadoop.hdds.scm.XceiverClientRatis.sendRequestAsync(XceiverClientRatis.java:224)
	at org.apache.hadoop.hdds.scm.XceiverClientRatis.sendCommandAsync(XceiverClientRatis.java:302)
	at org.apache.hadoop.hdds.scm.storage.ContainerProtocolCalls.writeChunkAsync(ContainerProtocolCalls.java:310)
	at org.apache.hadoop.hdds.scm.storage.BlockOutputStream.writeChunkToContainer(BlockOutputStream.java:601)
	at org.apache.hadoop.hdds.scm.storage.BlockOutputStream.writeChunk(BlockOutputStream.java:459)
	at org.apache.hadoop.hdds.scm.storage.BlockOutputStream.writeOnRetry(BlockOutputStream.java:285)
	at org.apache.hadoop.ozone.client.io.BlockOutputStreamEntry.writeOnRetry(BlockOutputStreamEntry.java:200)
	at org.apache.hadoop.ozone.client.io.KeyOutputStream.handleWrite(KeyOutputStream.java:209)
	at org.apache.hadoop.ozone.client.io.KeyOutputStream.handleRetry(KeyOutputStream.java:376)
	at org.apache.hadoop.ozone.client.io.KeyOutputStream.handleException(KeyOutputStream.java:325)
	at org.apache.hadoop.ozone.client.io.KeyOutputStream.handleFlushOrClose(KeyOutputStream.java:448)
	at org.apache.hadoop.ozone.client.io.KeyOutputStream.handleWrite(KeyOutputStream.java:235)
	at org.apache.hadoop.ozone.client.io.KeyOutputStream.write(KeyOutputStream.java:193)
	at org.apache.hadoop.ozone.client.io.OzoneOutputStream.write(OzoneOutputStream.java:49)
	at java.io.OutputStream.write(OutputStream.java:75)
	at org.apache.hadoop.ozone.client.rpc.TestBlockOutputStreamWithFailures.testWatchForCommitWithSingleNodeRatis(TestBlockOutputStreamWithFailures.java:885)
	at sun.reflect.NativeMethodAccessorImpl.invoke0(Native Method)
	at sun.reflect.NativeMethodAccessorImpl.invoke(NativeMethodAccessorImpl.java:62)
	at sun.reflect.DelegatingMethodAccessorImpl.invoke(DelegatingMethodAccessorImpl.java:43)
	at java.lang.reflect.Method.invoke(Method.java:498)
	at org.junit.runners.model.FrameworkMethod$1.runReflectiveCall(FrameworkMethod.java:47)
	at org.junit.internal.runners.model.ReflectiveCallable.run(ReflectiveCallable.java:12)
	at org.junit.runners.model.FrameworkMethod.invokeExplosively(FrameworkMethod.java:44)
	at org.junit.internal.runners.statements.InvokeMethod.evaluate(InvokeMethod.java:17)
	at org.junit.internal.runners.statements.RunBefores.evaluate(RunBefores.java:26)
	at org.junit.internal.runners.statements.RunAfters.evaluate(RunAfters.java:27)
	at org.junit.runners.ParentRunner.runLeaf(ParentRunner.java:271)
	at org.junit.runners.BlockJUnit4ClassRunner.runChild(BlockJUnit4ClassRunner.java:70)
	at org.junit.runners.BlockJUnit4ClassRunner.runChild(BlockJUnit4ClassRunner.java:50)
	at org.junit.runners.ParentRunner$3.run(ParentRunner.java:238)
	at org.junit.runners.ParentRunner$1.schedule(ParentRunner.java:63)
	at org.junit.runners.ParentRunner.runChildren(ParentRunner.java:236)
	at org.junit.runners.ParentRunner.access$000(ParentRunner.java:53)
	at org.junit.runners.ParentRunner$2.evaluate(ParentRunner.java:229)
	at org.junit.runners.ParentRunner.run(ParentRunner.java:309)
	at org.apache.maven.surefire.junit4.JUnit4Provider.execute(JUnit4Provider.java:365)
	at org.apache.maven.surefire.junit4.JUnit4Provider.executeWithRerun(JUnit4Provider.java:273)
	at org.apache.maven.surefire.junit4.JUnit4Provider.executeTestSet(JUnit4Provider.java:238)
	at org.apache.maven.surefire.junit4.JUnit4Provider.invoke(JUnit4Provider.java:159)
	at org.apache.maven.surefire.booter.ForkedBooter.invokeProviderInSameClassLoader(ForkedBooter.java:384)
	at org.apache.maven.surefire.booter.ForkedBooter.runSuitesInProcess(ForkedBooter.java:345)
	at org.apache.maven.surefire.booter.ForkedBooter.execute(ForkedBooter.java:126)
	at org.apache.maven.surefire.booter.ForkedBooter.main(ForkedBooter.java:418)

Aug 28, 2019 6:53:51 AM org.apache.ratis.thirdparty.io.grpc.internal.ManagedChannelOrphanWrapper$ManagedChannelReference cleanQueue
SEVERE: *~*~*~ Channel ManagedChannelImpl{logId=2844, target=192.168.36.66:34531} was not shutdown properly!!! ~*~*~*
    Make sure to call shutdown()/shutdownNow() and wait until awaitTermination() returns true.
java.lang.RuntimeException: ManagedChannel allocation site
	at org.apache.ratis.thirdparty.io.grpc.internal.ManagedChannelOrphanWrapper$ManagedChannelReference.<init>(ManagedChannelOrphanWrapper.java:103)
	at org.apache.ratis.thirdparty.io.grpc.internal.ManagedChannelOrphanWrapper.<init>(ManagedChannelOrphanWrapper.java:53)
	at org.apache.ratis.thirdparty.io.grpc.internal.ManagedChannelOrphanWrapper.<init>(ManagedChannelOrphanWrapper.java:44)
	at org.apache.ratis.thirdparty.io.grpc.internal.AbstractManagedChannelImplBuilder.build(AbstractManagedChannelImplBuilder.java:411)
	at org.apache.hadoop.hdds.scm.XceiverClientGrpc.connectToDatanode(XceiverClientGrpc.java:174)
	at org.apache.hadoop.hdds.scm.XceiverClientGrpc.reconnect(XceiverClientGrpc.java:422)
	at org.apache.hadoop.hdds.scm.XceiverClientGrpc.sendCommandAsync(XceiverClientGrpc.java:371)
	at org.apache.hadoop.hdds.scm.XceiverClientGrpc.sendCommandWithRetry(XceiverClientGrpc.java:284)
	at org.apache.hadoop.hdds.scm.XceiverClientGrpc.sendCommandWithTraceIDAndRetry(XceiverClientGrpc.java:250)
	at org.apache.hadoop.hdds.scm.XceiverClientGrpc.sendCommand(XceiverClientGrpc.java:233)
	at org.apache.hadoop.hdds.scm.storage.ContainerProtocolCalls.getBlock(ContainerProtocolCalls.java:118)
	at org.apache.hadoop.hdds.scm.storage.BlockInputStream.getChunkInfos(BlockInputStream.java:167)
	at org.apache.hadoop.hdds.scm.storage.BlockInputStream.initialize(BlockInputStream.java:118)
	at org.apache.hadoop.hdds.scm.storage.BlockInputStream.read(BlockInputStream.java:222)
	at org.apache.hadoop.ozone.client.io.KeyInputStream.read(KeyInputStream.java:171)
	at org.apache.hadoop.ozone.client.io.OzoneInputStream.read(OzoneInputStream.java:47)
	at java.io.InputStream.read(InputStream.java:101)
	at org.apache.hadoop.ozone.container.ContainerTestHelper.validateData(ContainerTestHelper.java:713)
	at org.apache.hadoop.ozone.client.rpc.TestBlockOutputStreamWithFailures.validateData(TestBlockOutputStreamWithFailures.java:1216)
	at org.apache.hadoop.ozone.client.rpc.TestBlockOutputStreamWithFailures.testWatchForCommitWithSingleNodeRatis(TestBlockOutputStreamWithFailures.java:918)
	at sun.reflect.NativeMethodAccessorImpl.invoke0(Native Method)
	at sun.reflect.NativeMethodAccessorImpl.invoke(NativeMethodAccessorImpl.java:62)
	at sun.reflect.DelegatingMethodAccessorImpl.invoke(DelegatingMethodAccessorImpl.java:43)
	at java.lang.reflect.Method.invoke(Method.java:498)
	at org.junit.runners.model.FrameworkMethod$1.runReflectiveCall(FrameworkMethod.java:47)
	at org.junit.internal.runners.model.ReflectiveCallable.run(ReflectiveCallable.java:12)
	at org.junit.runners.model.FrameworkMethod.invokeExplosively(FrameworkMethod.java:44)
	at org.junit.internal.runners.statements.InvokeMethod.evaluate(InvokeMethod.java:17)
	at org.junit.internal.runners.statements.RunBefores.evaluate(RunBefores.java:26)
	at org.junit.internal.runners.statements.RunAfters.evaluate(RunAfters.java:27)
	at org.junit.runners.ParentRunner.runLeaf(ParentRunner.java:271)
	at org.junit.runners.BlockJUnit4ClassRunner.runChild(BlockJUnit4ClassRunner.java:70)
	at org.junit.runners.BlockJUnit4ClassRunner.runChild(BlockJUnit4ClassRunner.java:50)
	at org.junit.runners.ParentRunner$3.run(ParentRunner.java:238)
	at org.junit.runners.ParentRunner$1.schedule(ParentRunner.java:63)
	at org.junit.runners.ParentRunner.runChildren(ParentRunner.java:236)
	at org.junit.runners.ParentRunner.access$000(ParentRunner.java:53)
	at org.junit.runners.ParentRunner$2.evaluate(ParentRunner.java:229)
	at org.junit.runners.ParentRunner.run(ParentRunner.java:309)
	at org.apache.maven.surefire.junit4.JUnit4Provider.execute(JUnit4Provider.java:365)
	at org.apache.maven.surefire.junit4.JUnit4Provider.executeWithRerun(JUnit4Provider.java:273)
	at org.apache.maven.surefire.junit4.JUnit4Provider.executeTestSet(JUnit4Provider.java:238)
	at org.apache.maven.surefire.junit4.JUnit4Provider.invoke(JUnit4Provider.java:159)
	at org.apache.maven.surefire.booter.ForkedBooter.invokeProviderInSameClassLoader(ForkedBooter.java:384)
	at org.apache.maven.surefire.booter.ForkedBooter.runSuitesInProcess(ForkedBooter.java:345)
	at org.apache.maven.surefire.booter.ForkedBooter.execute(ForkedBooter.java:126)
	at org.apache.maven.surefire.booter.ForkedBooter.main(ForkedBooter.java:418)

Aug 28, 2019 6:53:51 AM org.apache.ratis.thirdparty.io.grpc.internal.ManagedChannelOrphanWrapper$ManagedChannelReference cleanQueue
SEVERE: *~*~*~ Channel ManagedChannelImpl{logId=2849, target=192.168.36.66:42401} was not shutdown properly!!! ~*~*~*
    Make sure to call shutdown()/shutdownNow() and wait until awaitTermination() returns true.
java.lang.RuntimeException: ManagedChannel allocation site
	at org.apache.ratis.thirdparty.io.grpc.internal.ManagedChannelOrphanWrapper$ManagedChannelReference.<init>(ManagedChannelOrphanWrapper.java:103)
	at org.apache.ratis.thirdparty.io.grpc.internal.ManagedChannelOrphanWrapper.<init>(ManagedChannelOrphanWrapper.java:53)
	at org.apache.ratis.thirdparty.io.grpc.internal.ManagedChannelOrphanWrapper.<init>(ManagedChannelOrphanWrapper.java:44)
	at org.apache.ratis.thirdparty.io.grpc.internal.AbstractManagedChannelImplBuilder.build(AbstractManagedChannelImplBuilder.java:411)
	at org.apache.hadoop.hdds.scm.XceiverClientGrpc.connectToDatanode(XceiverClientGrpc.java:174)
	at org.apache.hadoop.hdds.scm.XceiverClientGrpc.reconnect(XceiverClientGrpc.java:422)
	at org.apache.hadoop.hdds.scm.XceiverClientGrpc.sendCommandAsync(XceiverClientGrpc.java:371)
	at org.apache.hadoop.hdds.scm.XceiverClientGrpc.sendCommandWithRetry(XceiverClientGrpc.java:284)
	at org.apache.hadoop.hdds.scm.XceiverClientGrpc.sendCommandWithTraceIDAndRetry(XceiverClientGrpc.java:250)
	at org.apache.hadoop.hdds.scm.XceiverClientGrpc.sendCommand(XceiverClientGrpc.java:233)
	at org.apache.hadoop.hdds.scm.storage.ContainerProtocolCalls.getBlock(ContainerProtocolCalls.java:118)
	at org.apache.hadoop.hdds.scm.storage.BlockInputStream.getChunkInfos(BlockInputStream.java:167)
	at org.apache.hadoop.hdds.scm.storage.BlockInputStream.initialize(BlockInputStream.java:118)
	at org.apache.hadoop.hdds.scm.storage.BlockInputStream.read(BlockInputStream.java:222)
	at org.apache.hadoop.ozone.client.io.KeyInputStream.read(KeyInputStream.java:171)
	at org.apache.hadoop.ozone.client.io.OzoneInputStream.read(OzoneInputStream.java:47)
	at java.io.InputStream.read(InputStream.java:101)
	at org.apache.hadoop.ozone.container.ContainerTestHelper.validateData(ContainerTestHelper.java:713)
	at org.apache.hadoop.ozone.client.rpc.TestBlockOutputStreamWithFailures.validateData(TestBlockOutputStreamWithFailures.java:1216)
	at org.apache.hadoop.ozone.client.rpc.TestBlockOutputStreamWithFailures.testWatchForCommitWithSingleNodeRatis(TestBlockOutputStreamWithFailures.java:918)
	at sun.reflect.NativeMethodAccessorImpl.invoke0(Native Method)
	at sun.reflect.NativeMethodAccessorImpl.invoke(NativeMethodAccessorImpl.java:62)
	at sun.reflect.DelegatingMethodAccessorImpl.invoke(DelegatingMethodAccessorImpl.java:43)
	at java.lang.reflect.Method.invoke(Method.java:498)
	at org.junit.runners.model.FrameworkMethod$1.runReflectiveCall(FrameworkMethod.java:47)
	at org.junit.internal.runners.model.ReflectiveCallable.run(ReflectiveCallable.java:12)
	at org.junit.runners.model.FrameworkMethod.invokeExplosively(FrameworkMethod.java:44)
	at org.junit.internal.runners.statements.InvokeMethod.evaluate(InvokeMethod.java:17)
	at org.junit.internal.runners.statements.RunBefores.evaluate(RunBefores.java:26)
	at org.junit.internal.runners.statements.RunAfters.evaluate(RunAfters.java:27)
	at org.junit.runners.ParentRunner.runLeaf(ParentRunner.java:271)
	at org.junit.runners.BlockJUnit4ClassRunner.runChild(BlockJUnit4ClassRunner.java:70)
	at org.junit.runners.BlockJUnit4ClassRunner.runChild(BlockJUnit4ClassRunner.java:50)
	at org.junit.runners.ParentRunner$3.run(ParentRunner.java:238)
	at org.junit.runners.ParentRunner$1.schedule(ParentRunner.java:63)
	at org.junit.runners.ParentRunner.runChildren(ParentRunner.java:236)
	at org.junit.runners.ParentRunner.access$000(ParentRunner.java:53)
	at org.junit.runners.ParentRunner$2.evaluate(ParentRunner.java:229)
	at org.junit.runners.ParentRunner.run(ParentRunner.java:309)
	at org.apache.maven.surefire.junit4.JUnit4Provider.execute(JUnit4Provider.java:365)
	at org.apache.maven.surefire.junit4.JUnit4Provider.executeWithRerun(JUnit4Provider.java:273)
	at org.apache.maven.surefire.junit4.JUnit4Provider.executeTestSet(JUnit4Provider.java:238)
	at org.apache.maven.surefire.junit4.JUnit4Provider.invoke(JUnit4Provider.java:159)
	at org.apache.maven.surefire.booter.ForkedBooter.invokeProviderInSameClassLoader(ForkedBooter.java:384)
	at org.apache.maven.surefire.booter.ForkedBooter.runSuitesInProcess(ForkedBooter.java:345)
	at org.apache.maven.surefire.booter.ForkedBooter.execute(ForkedBooter.java:126)
	at org.apache.maven.surefire.booter.ForkedBooter.main(ForkedBooter.java:418)

Aug 28, 2019 6:53:51 AM org.apache.ratis.thirdparty.io.grpc.internal.ManagedChannelOrphanWrapper$ManagedChannelReference cleanQueue
SEVERE: *~*~*~ Channel ManagedChannelImpl{logId=2629, target=192.168.36.66:35606} was not shutdown properly!!! ~*~*~*
    Make sure to call shutdown()/shutdownNow() and wait until awaitTermination() returns true.
java.lang.RuntimeException: ManagedChannel allocation site
	at org.apache.ratis.thirdparty.io.grpc.internal.ManagedChannelOrphanWrapper$ManagedChannelReference.<init>(ManagedChannelOrphanWrapper.java:103)
	at org.apache.ratis.thirdparty.io.grpc.internal.ManagedChannelOrphanWrapper.<init>(ManagedChannelOrphanWrapper.java:53)
	at org.apache.ratis.thirdparty.io.grpc.internal.ManagedChannelOrphanWrapper.<init>(ManagedChannelOrphanWrapper.java:44)
	at org.apache.ratis.thirdparty.io.grpc.internal.AbstractManagedChannelImplBuilder.build(AbstractManagedChannelImplBuilder.java:411)
	at org.apache.ratis.grpc.client.GrpcClientProtocolClient.<init>(GrpcClientProtocolClient.java:119)
	at org.apache.ratis.grpc.client.GrpcClientRpc.lambda$new$0(GrpcClientRpc.java:55)
	at org.apache.ratis.util.PeerProxyMap$PeerAndProxy.lambda$getProxy$0(PeerProxyMap.java:61)
	at org.apache.ratis.util.LifeCycle.startAndTransition(LifeCycle.java:202)
	at org.apache.ratis.util.PeerProxyMap$PeerAndProxy.getProxy(PeerProxyMap.java:60)
	at org.apache.ratis.util.PeerProxyMap.getProxy(PeerProxyMap.java:107)
	at org.apache.ratis.grpc.client.GrpcClientRpc.sendRequestAsync(GrpcClientRpc.java:66)
	at org.apache.ratis.client.impl.OrderedAsync.sendRequest(OrderedAsync.java:208)
	at org.apache.ratis.client.impl.OrderedAsync.sendRequestWithRetry(OrderedAsync.java:169)
	at org.apache.ratis.util.SlidingWindow$Client.sendOrDelayRequest(SlidingWindow.java:278)
	at org.apache.ratis.util.SlidingWindow$Client.submitNewRequest(SlidingWindow.java:257)
	at org.apache.ratis.client.impl.OrderedAsync.send(OrderedAsync.java:155)
	at org.apache.ratis.client.impl.RaftClientImpl.sendAsync(RaftClientImpl.java:145)
	at org.apache.ratis.client.impl.RaftClientImpl.sendAsync(RaftClientImpl.java:125)
	at org.apache.hadoop.hdds.scm.XceiverClientRatis.sendRequestAsync(XceiverClientRatis.java:224)
	at org.apache.hadoop.hdds.scm.XceiverClientRatis.sendCommandAsync(XceiverClientRatis.java:302)
	at org.apache.hadoop.hdds.scm.storage.ContainerProtocolCalls.writeChunkAsync(ContainerProtocolCalls.java:310)
	at org.apache.hadoop.hdds.scm.storage.BlockOutputStream.writeChunkToContainer(BlockOutputStream.java:601)
	at org.apache.hadoop.hdds.scm.storage.BlockOutputStream.writeChunk(BlockOutputStream.java:459)
	at org.apache.hadoop.hdds.scm.storage.BlockOutputStream.writeOnRetry(BlockOutputStream.java:285)
	at org.apache.hadoop.ozone.client.io.BlockOutputStreamEntry.writeOnRetry(BlockOutputStreamEntry.java:200)
	at org.apache.hadoop.ozone.client.io.KeyOutputStream.handleWrite(KeyOutputStream.java:209)
	at org.apache.hadoop.ozone.client.io.KeyOutputStream.handleRetry(KeyOutputStream.java:376)
	at org.apache.hadoop.ozone.client.io.KeyOutputStream.handleException(KeyOutputStream.java:325)
	at org.apache.hadoop.ozone.client.io.KeyOutputStream.handleFlushOrClose(KeyOutputStream.java:448)
	at org.apache.hadoop.ozone.client.io.KeyOutputStream.handleWrite(KeyOutputStream.java:235)
	at org.apache.hadoop.ozone.client.io.KeyOutputStream.write(KeyOutputStream.java:193)
	at org.apache.hadoop.ozone.client.io.OzoneOutputStream.write(OzoneOutputStream.java:49)
	at java.io.OutputStream.write(OutputStream.java:75)
	at org.apache.hadoop.ozone.client.rpc.TestBlockOutputStreamWithFailures.testDatanodeFailureWithSingleNodeRatis(TestBlockOutputStreamWithFailures.java:1021)
	at sun.reflect.NativeMethodAccessorImpl.invoke0(Native Method)
	at sun.reflect.NativeMethodAccessorImpl.invoke(NativeMethodAccessorImpl.java:62)
	at sun.reflect.DelegatingMethodAccessorImpl.invoke(DelegatingMethodAccessorImpl.java:43)
	at java.lang.reflect.Method.invoke(Method.java:498)
	at org.junit.runners.model.FrameworkMethod$1.runReflectiveCall(FrameworkMethod.java:47)
	at org.junit.internal.runners.model.ReflectiveCallable.run(ReflectiveCallable.java:12)
	at org.junit.runners.model.FrameworkMethod.invokeExplosively(FrameworkMethod.java:44)
	at org.junit.internal.runners.statements.InvokeMethod.evaluate(InvokeMethod.java:17)
	at org.junit.internal.runners.statements.RunBefores.evaluate(RunBefores.java:26)
	at org.junit.internal.runners.statements.RunAfters.evaluate(RunAfters.java:27)
	at org.junit.runners.ParentRunner.runLeaf(ParentRunner.java:271)
	at org.junit.runners.BlockJUnit4ClassRunner.runChild(BlockJUnit4ClassRunner.java:70)
	at org.junit.runners.BlockJUnit4ClassRunner.runChild(BlockJUnit4ClassRunner.java:50)
	at org.junit.runners.ParentRunner$3.run(ParentRunner.java:238)
	at org.junit.runners.ParentRunner$1.schedule(ParentRunner.java:63)
	at org.junit.runners.ParentRunner.runChildren(ParentRunner.java:236)
	at org.junit.runners.ParentRunner.access$000(ParentRunner.java:53)
	at org.junit.runners.ParentRunner$2.evaluate(ParentRunner.java:229)
	at org.junit.runners.ParentRunner.run(ParentRunner.java:309)
	at org.apache.maven.surefire.junit4.JUnit4Provider.execute(JUnit4Provider.java:365)
	at org.apache.maven.surefire.junit4.JUnit4Provider.executeWithRerun(JUnit4Provider.java:273)
	at org.apache.maven.surefire.junit4.JUnit4Provider.executeTestSet(JUnit4Provider.java:238)
	at org.apache.maven.surefire.junit4.JUnit4Provider.invoke(JUnit4Provider.java:159)
	at org.apache.maven.surefire.booter.ForkedBooter.invokeProviderInSameClassLoader(ForkedBooter.java:384)
	at org.apache.maven.surefire.booter.ForkedBooter.runSuitesInProcess(ForkedBooter.java:345)
	at org.apache.maven.surefire.booter.ForkedBooter.execute(ForkedBooter.java:126)
	at org.apache.maven.surefire.booter.ForkedBooter.main(ForkedBooter.java:418)

Aug 28, 2019 6:53:51 AM org.apache.ratis.thirdparty.io.grpc.internal.ManagedChannelOrphanWrapper$ManagedChannelReference cleanQueue
SEVERE: *~*~*~ Channel ManagedChannelImpl{logId=2625, target=192.168.36.66:45947} was not shutdown properly!!! ~*~*~*
    Make sure to call shutdown()/shutdownNow() and wait until awaitTermination() returns true.
java.lang.RuntimeException: ManagedChannel allocation site
	at org.apache.ratis.thirdparty.io.grpc.internal.ManagedChannelOrphanWrapper$ManagedChannelReference.<init>(ManagedChannelOrphanWrapper.java:103)
	at org.apache.ratis.thirdparty.io.grpc.internal.ManagedChannelOrphanWrapper.<init>(ManagedChannelOrphanWrapper.java:53)
	at org.apache.ratis.thirdparty.io.grpc.internal.ManagedChannelOrphanWrapper.<init>(ManagedChannelOrphanWrapper.java:44)
	at org.apache.ratis.thirdparty.io.grpc.internal.AbstractManagedChannelImplBuilder.build(AbstractManagedChannelImplBuilder.java:411)
	at org.apache.ratis.grpc.client.GrpcClientProtocolClient.<init>(GrpcClientProtocolClient.java:119)
	at org.apache.ratis.grpc.client.GrpcClientRpc.lambda$new$0(GrpcClientRpc.java:55)
	at org.apache.ratis.util.PeerProxyMap$PeerAndProxy.lambda$getProxy$0(PeerProxyMap.java:61)
	at org.apache.ratis.util.LifeCycle.startAndTransition(LifeCycle.java:202)
	at org.apache.ratis.util.PeerProxyMap$PeerAndProxy.getProxy(PeerProxyMap.java:60)
	at org.apache.ratis.util.PeerProxyMap.getProxy(PeerProxyMap.java:107)
	at org.apache.ratis.grpc.client.GrpcClientRpc.sendRequestAsync(GrpcClientRpc.java:66)
	at org.apache.ratis.client.impl.OrderedAsync.sendRequest(OrderedAsync.java:208)
	at org.apache.ratis.client.impl.OrderedAsync.sendRequestWithRetry(OrderedAsync.java:169)
	at org.apache.ratis.util.SlidingWindow$Client.sendOrDelayRequest(SlidingWindow.java:278)
	at org.apache.ratis.util.SlidingWindow$Client.retry(SlidingWindow.java:294)
	at org.apache.ratis.client.impl.OrderedAsync.lambda$scheduleWithTimeout$7(OrderedAsync.java:195)
	at org.apache.ratis.util.TimeoutScheduler.lambda$onTimeout$0(TimeoutScheduler.java:85)
	at org.apache.ratis.util.TimeoutScheduler.lambda$onTimeout$1(TimeoutScheduler.java:104)
	at org.apache.ratis.util.LogUtils.runAndLog(LogUtils.java:50)
	at org.apache.ratis.util.LogUtils$1.run(LogUtils.java:91)
	at java.util.concurrent.Executors$RunnableAdapter.call(Executors.java:511)
	at java.util.concurrent.FutureTask.run(FutureTask.java:266)
	at java.util.concurrent.ScheduledThreadPoolExecutor$ScheduledFutureTask.access$201(ScheduledThreadPoolExecutor.java:180)
	at java.util.concurrent.ScheduledThreadPoolExecutor$ScheduledFutureTask.run(ScheduledThreadPoolExecutor.java:293)
	at java.util.concurrent.ThreadPoolExecutor.runWorker(ThreadPoolExecutor.java:1149)
	at java.util.concurrent.ThreadPoolExecutor$Worker.run(ThreadPoolExecutor.java:624)
	at java.lang.Thread.run(Thread.java:748)

]]></system-err>
  </testcase>
  <testcase name="testFailureWithPrimeSizedData" classname="org.apache.hadoop.ozone.client.rpc.TestBlockOutputStreamWithFailures" time="33.879"/>
  <testcase name="testWatchForCommitWithCloseContainerException" classname="org.apache.hadoop.ozone.client.rpc.TestBlockOutputStreamWithFailures" time="33.545"/>
  <testcase name="testExceptionDuringClose" classname="org.apache.hadoop.ozone.client.rpc.TestBlockOutputStreamWithFailures" time="34.59"/>
</testsuite>